<?xml version="1.0" encoding="UTF-8"?>
<testsuite xmlns:xsi="http://www.w3.org/2001/XMLSchema-instance" xsi:noNamespaceSchemaLocation="https://maven.apache.org/surefire/maven-surefire-plugin/xsd/surefire-test-report.xsd" name="org.apache.hadoop.ozone.scm.TestSCMInstallSnapshotWithHA" time="193.23" tests="3" errors="0" skipped="0" failures="1">
  <properties>
    <property name="awt.toolkit" value="sun.awt.X11.XToolkit"/>
    <property name="file.encoding.pkg" value="sun.io"/>
    <property name="java.specification.version" value="1.8"/>
    <property name="sun.cpu.isalist" value=""/>
    <property name="sun.jnu.encoding" value="UTF-8"/>
    <property name="java.class.path" value="/home/runner/work/ozone/ozone/hadoop-ozone/integration-test/target/test-classes:/home/runner/work/ozone/ozone/hadoop-ozone/integration-test/target/classes:/home/runner/.m2/repository/org/apache/ozone/ozone-common/1.3.0-SNAPSHOT/ozone-common-1.3.0-SNAPSHOT.jar:/home/runner/.m2/repository/org/apache/commons/commons-compress/1.21/commons-compress-1.21.jar:/home/runner/.m2/repository/org/apache/ozone/hdds-common/1.3.0-SNAPSHOT/hdds-common-1.3.0-SNAPSHOT.jar:/home/runner/.m2/repository/org/apache/ozone/hdds-client/1.3.0-SNAPSHOT/hdds-client-1.3.0-SNAPSHOT.jar:/home/runner/.m2/repository/org/apache/ozone/ozone-interface-client/1.3.0-SNAPSHOT/ozone-interface-client-1.3.0-SNAPSHOT.jar:/home/runner/.m2/repository/org/apache/ozone/hdds-test-utils/1.3.0-SNAPSHOT/hdds-test-utils-1.3.0-SNAPSHOT.jar:/home/runner/.m2/repository/com/google/guava/guava/30.1.1-jre/guava-30.1.1-jre.jar:/home/runner/.m2/repository/com/google/guava/failureaccess/1.0.1/failureaccess-1.0.1.jar:/home/runner/.m2/repository/com/google/guava/listenablefuture/9999.0-empty-to-avoid-conflict-with-guava/listenablefuture-9999.0-empty-to-avoid-conflict-with-guava.jar:/home/runner/.m2/repository/com/google/code/findbugs/jsr305/3.0.0/jsr305-3.0.0.jar:/home/runner/.m2/repository/org/checkerframework/checker-qual/3.8.0/checker-qual-3.8.0.jar:/home/runner/.m2/repository/com/google/errorprone/error_prone_annotations/2.2.0/error_prone_annotations-2.2.0.jar:/home/runner/.m2/repository/com/google/j2objc/j2objc-annotations/1.3/j2objc-annotations-1.3.jar:/home/runner/.m2/repository/commons-io/commons-io/2.11.0/commons-io-2.11.0.jar:/home/runner/.m2/repository/commons-logging/commons-logging/1.2/commons-logging-1.2.jar:/home/runner/.m2/repository/log4j/log4j/1.2.17/log4j-1.2.17.jar:/home/runner/.m2/repository/org/slf4j/slf4j-api/1.7.30/slf4j-api-1.7.30.jar:/home/runner/.m2/repository/org/apache/ozone/hdds-server-scm/1.3.0-SNAPSHOT/hdds-server-scm-1.3.0-SNAPSHOT.jar:/home/runner/.m2/repository/org/apache/ozone/hdds-container-service/1.3.0-SNAPSHOT/hdds-container-service-1.3.0-SNAPSHOT.jar:/home/runner/.m2/repository/org/apache/ozone/hdds-hadoop-dependency-server/1.3.0-SNAPSHOT/hdds-hadoop-dependency-server-1.3.0-SNAPSHOT.jar:/home/runner/.m2/repository/org/apache/hadoop/hadoop-hdfs/3.3.1/hadoop-hdfs-3.3.1.jar:/home/runner/.m2/repository/org/apache/ozone/hdds-server-framework/1.3.0-SNAPSHOT/hdds-server-framework-1.3.0-SNAPSHOT.jar:/home/runner/.m2/repository/org/apache/ozone/hdds-interface-server/1.3.0-SNAPSHOT/hdds-interface-server-1.3.0-SNAPSHOT.jar:/home/runner/.m2/repository/org/eclipse/jetty/jetty-servlet/9.4.43.v20210629/jetty-servlet-9.4.43.v20210629.jar:/home/runner/.m2/repository/org/eclipse/jetty/jetty-security/9.4.43.v20210629/jetty-security-9.4.43.v20210629.jar:/home/runner/.m2/repository/org/rocksdb/rocksdbjni/6.25.3/rocksdbjni-6.25.3.jar:/home/runner/.m2/repository/io/prometheus/simpleclient_dropwizard/0.7.0/simpleclient_dropwizard-0.7.0.jar:/home/runner/.m2/repository/io/prometheus/simpleclient/0.7.0/simpleclient-0.7.0.jar:/home/runner/.m2/repository/io/prometheus/simpleclient_common/0.7.0/simpleclient_common-0.7.0.jar:/home/runner/.m2/repository/com/fasterxml/jackson/datatype/jackson-datatype-jsr310/2.12.1/jackson-datatype-jsr310-2.12.1.jar:/home/runner/.m2/repository/io/dropwizard/metrics/metrics-core/3.2.4/metrics-core-3.2.4.jar:/home/runner/.m2/repository/org/apache/hadoop/hadoop-hdfs-client/3.3.1/hadoop-hdfs-client-3.3.1.jar:/home/runner/.m2/repository/org/bouncycastle/bcprov-jdk15on/1.67/bcprov-jdk15on-1.67.jar:/home/runner/.m2/repository/com/google/protobuf/protobuf-java/2.5.0/protobuf-java-2.5.0.jar:/home/runner/.m2/repository/org/apache/ozone/ozone-manager/1.3.0-SNAPSHOT/ozone-manager-1.3.0-SNAPSHOT.jar:/home/runner/.m2/repository/org/aspectj/aspectjrt/1.9.7/aspectjrt-1.9.7.jar:/home/runner/.m2/repository/org/aspectj/aspectjweaver/1.9.7/aspectjweaver-1.9.7.jar:/home/runner/.m2/repository/org/apache/ozone/hdds-interface-client/1.3.0-SNAPSHOT/hdds-interface-client-1.3.0-SNAPSHOT.jar:/home/runner/.m2/repository/org/apache/hadoop/thirdparty/hadoop-shaded-protobuf_3_7/1.1.1/hadoop-shaded-protobuf_3_7-1.1.1.jar:/home/runner/.m2/repository/org/apache/ozone/ozone-interface-storage/1.3.0-SNAPSHOT/ozone-interface-storage-1.3.0-SNAPSHOT.jar:/home/runner/.m2/repository/org/reflections/reflections/0.9.11/reflections-0.9.11.jar:/home/runner/.m2/repository/org/apache/hadoop/hadoop-minikdc/3.3.1/hadoop-minikdc-3.3.1.jar:/home/runner/.m2/repository/org/apache/kerby/kerb-simplekdc/1.0.1/kerb-simplekdc-1.0.1.jar:/home/runner/.m2/repository/org/apache/kerby/kerb-client/1.0.1/kerb-client-1.0.1.jar:/home/runner/.m2/repository/org/apache/kerby/kerby-config/1.0.1/kerby-config-1.0.1.jar:/home/runner/.m2/repository/org/apache/kerby/kerb-common/1.0.1/kerb-common-1.0.1.jar:/home/runner/.m2/repository/org/apache/kerby/kerb-crypto/1.0.1/kerb-crypto-1.0.1.jar:/home/runner/.m2/repository/org/apache/kerby/kerb-util/1.0.1/kerb-util-1.0.1.jar:/home/runner/.m2/repository/org/apache/kerby/token-provider/1.0.1/token-provider-1.0.1.jar:/home/runner/.m2/repository/org/apache/kerby/kerb-admin/1.0.1/kerb-admin-1.0.1.jar:/home/runner/.m2/repository/org/apache/kerby/kerb-server/1.0.1/kerb-server-1.0.1.jar:/home/runner/.m2/repository/org/apache/kerby/kerb-identity/1.0.1/kerb-identity-1.0.1.jar:/home/runner/.m2/repository/org/apache/kerby/kerby-xdr/1.0.1/kerby-xdr-1.0.1.jar:/home/runner/.m2/repository/org/slf4j/slf4j-log4j12/1.7.30/slf4j-log4j12-1.7.30.jar:/home/runner/.m2/repository/org/apache/ozone/ozone-s3gateway/1.3.0-SNAPSHOT/ozone-s3gateway-1.3.0-SNAPSHOT.jar:/home/runner/.m2/repository/org/javassist/javassist/3.21.0-GA/javassist-3.21.0-GA.jar:/home/runner/.m2/repository/org/jboss/weld/servlet/weld-servlet/2.4.7.Final/weld-servlet-2.4.7.Final.jar:/home/runner/.m2/repository/org/glassfish/jersey/containers/jersey-container-servlet-core/2.33/jersey-container-servlet-core-2.33.jar:/home/runner/.m2/repository/org/glassfish/hk2/external/jakarta.inject/2.6.1/jakarta.inject-2.6.1.jar:/home/runner/.m2/repository/org/glassfish/jersey/core/jersey-common/2.33/jersey-common-2.33.jar:/home/runner/.m2/repository/jakarta/ws/rs/jakarta.ws.rs-api/2.1.6/jakarta.ws.rs-api-2.1.6.jar:/home/runner/.m2/repository/org/glassfish/jersey/ext/cdi/jersey-cdi1x/2.33/jersey-cdi1x-2.33.jar:/home/runner/.m2/repository/org/glassfish/jersey/inject/jersey-hk2/2.33/jersey-hk2-2.33.jar:/home/runner/.m2/repository/org/glassfish/hk2/hk2-locator/2.6.1/hk2-locator-2.6.1.jar:/home/runner/.m2/repository/org/glassfish/jersey/media/jersey-media-jaxb/2.33/jersey-media-jaxb-2.33.jar:/home/runner/.m2/repository/org/glassfish/hk2/osgi-resource-locator/1.0.3/osgi-resource-locator-1.0.3.jar:/home/runner/.m2/repository/org/glassfish/hk2/hk2-api/2.5.0/hk2-api-2.5.0.jar:/home/runner/.m2/repository/org/glassfish/hk2/hk2-utils/2.5.0/hk2-utils-2.5.0.jar:/home/runner/.m2/repository/org/glassfish/hk2/external/aopalliance-repackaged/2.5.0/aopalliance-repackaged-2.5.0.jar:/home/runner/.m2/repository/com/fasterxml/jackson/dataformat/jackson-dataformat-xml/2.12.1/jackson-dataformat-xml-2.12.1.jar:/home/runner/.m2/repository/com/fasterxml/jackson/core/jackson-core/2.12.1/jackson-core-2.12.1.jar:/home/runner/.m2/repository/com/fasterxml/jackson/module/jackson-module-jaxb-annotations/2.12.1/jackson-module-jaxb-annotations-2.12.1.jar:/home/runner/.m2/repository/jakarta/xml/bind/jakarta.xml.bind-api/2.3.2/jakarta.xml.bind-api-2.3.2.jar:/home/runner/.m2/repository/org/codehaus/woodstox/stax2-api/3.1.4/stax2-api-3.1.4.jar:/home/runner/.m2/repository/com/fasterxml/woodstox/woodstox-core/5.0.3/woodstox-core-5.0.3.jar:/home/runner/.m2/repository/javax/enterprise/cdi-api/1.2/cdi-api-1.2.jar:/home/runner/.m2/repository/javax/el/javax.el-api/3.0.0/javax.el-api-3.0.0.jar:/home/runner/.m2/repository/javax/interceptor/javax.interceptor-api/1.2/javax.interceptor-api-1.2.jar:/home/runner/.m2/repository/javax/inject/javax.inject/1/javax.inject-1.jar:/home/runner/.m2/repository/javax/xml/bind/jaxb-api/2.3.0/jaxb-api-2.3.0.jar:/home/runner/.m2/repository/org/glassfish/jaxb/jaxb-runtime/2.3.0.1/jaxb-runtime-2.3.0.1.jar:/home/runner/.m2/repository/org/glassfish/jaxb/jaxb-core/2.3.0.1/jaxb-core-2.3.0.1.jar:/home/runner/.m2/repository/org/glassfish/jaxb/txw2/2.3.0.1/txw2-2.3.0.1.jar:/home/runner/.m2/repository/com/sun/istack/istack-commons-runtime/3.0.5/istack-commons-runtime-3.0.5.jar:/home/runner/.m2/repository/org/jvnet/staxex/stax-ex/1.7.8/stax-ex-1.7.8.jar:/home/runner/.m2/repository/com/sun/xml/fastinfoset/FastInfoset/1.2.13/FastInfoset-1.2.13.jar:/home/runner/.m2/repository/javax/activation/activation/1.1.1/activation-1.1.1.jar:/home/runner/.m2/repository/org/apache/ozone/ozone-csi/1.3.0-SNAPSHOT/ozone-csi-1.3.0-SNAPSHOT.jar:/home/runner/.m2/repository/com/google/protobuf/protobuf-java-util/3.12.0/protobuf-java-util-3.12.0.jar:/home/runner/.m2/repository/com/google/code/gson/gson/2.2.4/gson-2.2.4.jar:/home/runner/.m2/repository/org/apache/ozone/hdds-config/1.3.0-SNAPSHOT/hdds-config-1.3.0-SNAPSHOT.jar:/home/runner/.m2/repository/io/grpc/grpc-netty/1.33.0/grpc-netty-1.33.0.jar:/home/runner/.m2/repository/io/grpc/grpc-core/1.33.0/grpc-core-1.33.0.jar:/home/runner/.m2/repository/com/google/android/annotations/4.1.1.4/annotations-4.1.1.4.jar:/home/runner/.m2/repository/io/netty/netty-codec-http2/4.1.63.Final/netty-codec-http2-4.1.63.Final.jar:/home/runner/.m2/repository/io/netty/netty-codec-http/4.1.63.Final/netty-codec-http-4.1.63.Final.jar:/home/runner/.m2/repository/io/netty/netty-handler-proxy/4.1.63.Final/netty-handler-proxy-4.1.63.Final.jar:/home/runner/.m2/repository/io/netty/netty-codec-socks/4.1.63.Final/netty-codec-socks-4.1.63.Final.jar:/home/runner/.m2/repository/io/perfmark/perfmark-api/0.19.0/perfmark-api-0.19.0.jar:/home/runner/.m2/repository/org/codehaus/mojo/animal-sniffer-annotations/1.18/animal-sniffer-annotations-1.18.jar:/home/runner/.m2/repository/io/netty/netty-transport-native-epoll/4.1.63.Final/netty-transport-native-epoll-4.1.63.Final.jar:/home/runner/.m2/repository/io/netty/netty-common/4.1.63.Final/netty-common-4.1.63.Final.jar:/home/runner/.m2/repository/io/netty/netty-buffer/4.1.63.Final/netty-buffer-4.1.63.Final.jar:/home/runner/.m2/repository/io/netty/netty-transport-native-unix-common/4.1.63.Final/netty-transport-native-unix-common-4.1.63.Final.jar:/home/runner/.m2/repository/io/grpc/grpc-protobuf/1.33.0/grpc-protobuf-1.33.0.jar:/home/runner/.m2/repository/io/grpc/grpc-api/1.33.0/grpc-api-1.33.0.jar:/home/runner/.m2/repository/io/grpc/grpc-context/1.33.0/grpc-context-1.33.0.jar:/home/runner/.m2/repository/com/google/api/grpc/proto-google-common-protos/1.17.0/proto-google-common-protos-1.17.0.jar:/home/runner/.m2/repository/io/grpc/grpc-protobuf-lite/1.33.0/grpc-protobuf-lite-1.33.0.jar:/home/runner/.m2/repository/io/grpc/grpc-stub/1.33.0/grpc-stub-1.33.0.jar:/home/runner/.m2/repository/org/apache/ozone/ozone-recon/1.3.0-SNAPSHOT/ozone-recon-1.3.0-SNAPSHOT.jar:/home/runner/.m2/repository/org/apache/ozone/ozone-reconcodegen/1.3.0-SNAPSHOT/ozone-reconcodegen-1.3.0-SNAPSHOT.jar:/home/runner/.m2/repository/com/google/inject/extensions/guice-multibindings/4.0/guice-multibindings-4.0.jar:/home/runner/.m2/repository/com/google/inject/guice/4.0/guice-4.0.jar:/home/runner/.m2/repository/aopalliance/aopalliance/1.0/aopalliance-1.0.jar:/home/runner/.m2/repository/com/google/inject/extensions/guice-assistedinject/4.0/guice-assistedinject-4.0.jar:/home/runner/.m2/repository/com/google/inject/extensions/guice-servlet/4.0/guice-servlet-4.0.jar:/home/runner/.m2/repository/org/glassfish/jersey/containers/jersey-container-servlet/2.33/jersey-container-servlet-2.33.jar:/home/runner/.m2/repository/org/glassfish/hk2/guice-bridge/2.5.0/guice-bridge-2.5.0.jar:/home/runner/.m2/repository/org/glassfish/jersey/core/jersey-server/2.33/jersey-server-2.33.jar:/home/runner/.m2/repository/org/glassfish/jersey/core/jersey-client/2.33/jersey-client-2.33.jar:/home/runner/.m2/repository/jakarta/annotation/jakarta.annotation-api/1.3.5/jakarta.annotation-api-1.3.5.jar:/home/runner/.m2/repository/jakarta/validation/jakarta.validation-api/2.0.2/jakarta.validation-api-2.0.2.jar:/home/runner/.m2/repository/org/glassfish/jersey/media/jersey-media-json-jackson/2.33/jersey-media-json-jackson-2.33.jar:/home/runner/.m2/repository/org/glassfish/jersey/ext/jersey-entity-filtering/2.33/jersey-entity-filtering-2.33.jar:/home/runner/.m2/repository/org/jooq/jooq/3.11.10/jooq-3.11.10.jar:/home/runner/.m2/repository/org/jooq/jooq-meta/3.11.10/jooq-meta-3.11.10.jar:/home/runner/.m2/repository/org/jooq/jooq-codegen/3.11.10/jooq-codegen-3.11.10.jar:/home/runner/.m2/repository/com/jolbox/bonecp/0.8.0.RELEASE/bonecp-0.8.0.RELEASE.jar:/home/runner/.m2/repository/org/apache/derby/derby/10.14.2.0/derby-10.14.2.0.jar:/home/runner/.m2/repository/org/xerial/sqlite-jdbc/3.25.2/sqlite-jdbc-3.25.2.jar:/home/runner/.m2/repository/org/springframework/spring-jdbc/5.2.18.RELEASE/spring-jdbc-5.2.18.RELEASE.jar:/home/runner/.m2/repository/org/springframework/spring-beans/5.2.18.RELEASE/spring-beans-5.2.18.RELEASE.jar:/home/runner/.m2/repository/org/springframework/spring-core/5.2.18.RELEASE/spring-core-5.2.18.RELEASE.jar:/home/runner/.m2/repository/org/springframework/spring-jcl/5.2.18.RELEASE/spring-jcl-5.2.18.RELEASE.jar:/home/runner/.m2/repository/org/springframework/spring-tx/5.2.18.RELEASE/spring-tx-5.2.18.RELEASE.jar:/home/runner/.m2/repository/org/apache/ozone/ozone-client/1.3.0-SNAPSHOT/ozone-client-1.3.0-SNAPSHOT.jar:/home/runner/.m2/repository/org/apache/ozone/ozone-filesystem/1.3.0-SNAPSHOT/ozone-filesystem-1.3.0-SNAPSHOT.jar:/home/runner/.m2/repository/org/apache/ozone/ozone-filesystem-common/1.3.0-SNAPSHOT/ozone-filesystem-common-1.3.0-SNAPSHOT.jar:/home/runner/.m2/repository/org/apache/ozone/ozone-tools/1.3.0-SNAPSHOT/ozone-tools-1.3.0-SNAPSHOT.jar:/home/runner/.m2/repository/org/apache/ratis/ratis-tools/2.2.0/ratis-tools-2.2.0.jar:/home/runner/.m2/repository/com/amazonaws/aws-java-sdk-core/1.12.124/aws-java-sdk-core-1.12.124.jar:/home/runner/.m2/repository/org/apache/httpcomponents/httpclient/4.5.13/httpclient-4.5.13.jar:/home/runner/.m2/repository/org/apache/httpcomponents/httpcore/4.4.13/httpcore-4.4.13.jar:/home/runner/.m2/repository/software/amazon/ion/ion-java/1.0.2/ion-java-1.0.2.jar:/home/runner/.m2/repository/com/fasterxml/jackson/dataformat/jackson-dataformat-cbor/2.12.1/jackson-dataformat-cbor-2.12.1.jar:/home/runner/.m2/repository/joda-time/joda-time/2.8.1/joda-time-2.8.1.jar:/home/runner/.m2/repository/com/amazonaws/aws-java-sdk-s3/1.12.124/aws-java-sdk-s3-1.12.124.jar:/home/runner/.m2/repository/com/amazonaws/aws-java-sdk-kms/1.12.124/aws-java-sdk-kms-1.12.124.jar:/home/runner/.m2/repository/com/amazonaws/jmespath-java/1.12.124/jmespath-java-1.12.124.jar:/home/runner/.m2/repository/org/kohsuke/metainf-services/metainf-services/1.8/metainf-services-1.8.jar:/home/runner/.m2/repository/org/apache/ozone/hdds-tools/1.3.0-SNAPSHOT/hdds-tools-1.3.0-SNAPSHOT.jar:/home/runner/.m2/repository/commons-cli/commons-cli/1.2/commons-cli-1.2.jar:/home/runner/.m2/repository/org/apache/commons/commons-lang3/3.7/commons-lang3-3.7.jar:/home/runner/.m2/repository/org/apache/ozone/ozone-manager/1.3.0-SNAPSHOT/ozone-manager-1.3.0-SNAPSHOT-tests.jar:/home/runner/.m2/repository/org/apache/ozone/hdds-common/1.3.0-SNAPSHOT/hdds-common-1.3.0-SNAPSHOT-tests.jar:/home/runner/.m2/repository/org/apache/ozone/hdds-hadoop-dependency-client/1.3.0-SNAPSHOT/hdds-hadoop-dependency-client-1.3.0-SNAPSHOT.jar:/home/runner/.m2/repository/info/picocli/picocli/4.6.1/picocli-4.6.1.jar:/home/runner/.m2/repository/com/fasterxml/jackson/core/jackson-annotations/2.12.1/jackson-annotations-2.12.1.jar:/home/runner/.m2/repository/javax/annotation/javax.annotation-api/1.2/javax.annotation-api-1.2.jar:/home/runner/.m2/repository/org/apache/ratis/ratis-server/2.2.0/ratis-server-2.2.0.jar:/home/runner/.m2/repository/org/apache/ratis/ratis-client/2.2.0/ratis-client-2.2.0.jar:/home/runner/.m2/repository/org/apache/ratis/ratis-server-api/2.2.0/ratis-server-api-2.2.0.jar:/home/runner/.m2/repository/org/apache/ratis/ratis-metrics/2.2.0/ratis-metrics-2.2.0.jar:/home/runner/.m2/repository/org/apache/ratis/ratis-netty/2.2.0/ratis-netty-2.2.0.jar:/home/runner/.m2/repository/org/apache/ratis/ratis-grpc/2.2.0/ratis-grpc-2.2.0.jar:/home/runner/.m2/repository/org/apache/logging/log4j/log4j-api/2.17.1/log4j-api-2.17.1.jar:/home/runner/.m2/repository/org/apache/logging/log4j/log4j-core/2.17.1/log4j-core-2.17.1.jar:/home/runner/.m2/repository/com/lmax/disruptor/3.4.2/disruptor-3.4.2.jar:/home/runner/.m2/repository/org/apache/commons/commons-pool2/2.6.0/commons-pool2-2.6.0.jar:/home/runner/.m2/repository/org/bouncycastle/bcpkix-jdk15on/1.67/bcpkix-jdk15on-1.67.jar:/home/runner/.m2/repository/commons-validator/commons-validator/1.6/commons-validator-1.6.jar:/home/runner/.m2/repository/commons-beanutils/commons-beanutils/1.9.4/commons-beanutils-1.9.4.jar:/home/runner/.m2/repository/commons-digester/commons-digester/1.8.1/commons-digester-1.8.1.jar:/home/runner/.m2/repository/commons-collections/commons-collections/3.2.2/commons-collections-3.2.2.jar:/home/runner/.m2/repository/io/jaegertracing/jaeger-client/1.6.0/jaeger-client-1.6.0.jar:/home/runner/.m2/repository/io/jaegertracing/jaeger-thrift/1.6.0/jaeger-thrift-1.6.0.jar:/home/runner/.m2/repository/org/apache/thrift/libthrift/0.14.1/libthrift-0.14.1.jar:/home/runner/.m2/repository/com/squareup/okhttp3/okhttp/4.9.0/okhttp-4.9.0.jar:/home/runner/.m2/repository/com/squareup/okio/okio/2.8.0/okio-2.8.0.jar:/home/runner/.m2/repository/io/jaegertracing/jaeger-core/1.6.0/jaeger-core-1.6.0.jar:/home/runner/.m2/repository/io/jaegertracing/jaeger-tracerresolver/1.6.0/jaeger-tracerresolver-1.6.0.jar:/home/runner/.m2/repository/io/opentracing/contrib/opentracing-tracerresolver/0.1.8/opentracing-tracerresolver-0.1.8.jar:/home/runner/.m2/repository/org/jetbrains/kotlin/kotlin-stdlib/1.4.31/kotlin-stdlib-1.4.31.jar:/home/runner/.m2/repository/org/jetbrains/kotlin/kotlin-stdlib-common/1.4.31/kotlin-stdlib-common-1.4.31.jar:/home/runner/.m2/repository/org/jetbrains/annotations/13.0/annotations-13.0.jar:/home/runner/.m2/repository/io/opentracing/opentracing-util/0.33.0/opentracing-util-0.33.0.jar:/home/runner/.m2/repository/io/opentracing/opentracing-api/0.33.0/opentracing-api-0.33.0.jar:/home/runner/.m2/repository/io/opentracing/opentracing-noop/0.33.0/opentracing-noop-0.33.0.jar:/home/runner/.m2/repository/org/yaml/snakeyaml/1.26/snakeyaml-1.26.jar:/home/runner/.m2/repository/org/apache/ozone/hdds-interface-admin/1.3.0-SNAPSHOT/hdds-interface-admin-1.3.0-SNAPSHOT.jar:/home/runner/.m2/repository/junit/junit/4.13.1/junit-4.13.1.jar:/home/runner/.m2/repository/org/hamcrest/hamcrest-core/1.3/hamcrest-core-1.3.jar:/home/runner/.m2/repository/org/junit/jupiter/junit-jupiter-api/5.7.0/junit-jupiter-api-5.7.0.jar:/home/runner/.m2/repository/org/apiguardian/apiguardian-api/1.1.0/apiguardian-api-1.1.0.jar:/home/runner/.m2/repository/org/opentest4j/opentest4j/1.2.0/opentest4j-1.2.0.jar:/home/runner/.m2/repository/org/junit/platform/junit-platform-commons/1.7.0/junit-platform-commons-1.7.0.jar:/home/runner/.m2/repository/org/junit/jupiter/junit-jupiter-engine/5.7.0/junit-jupiter-engine-5.7.0.jar:/home/runner/.m2/repository/org/junit/platform/junit-platform-engine/1.7.0/junit-platform-engine-1.7.0.jar:/home/runner/.m2/repository/org/junit/vintage/junit-vintage-engine/5.7.0/junit-vintage-engine-5.7.0.jar:/home/runner/.m2/repository/org/junit/platform/junit-platform-launcher/1.7.0/junit-platform-launcher-1.7.0.jar:/home/runner/.m2/repository/org/mockito/mockito-core/2.28.2/mockito-core-2.28.2.jar:/home/runner/.m2/repository/net/bytebuddy/byte-buddy/1.9.10/byte-buddy-1.9.10.jar:/home/runner/.m2/repository/net/bytebuddy/byte-buddy-agent/1.9.10/byte-buddy-agent-1.9.10.jar:/home/runner/.m2/repository/org/objenesis/objenesis/1.0/objenesis-1.0.jar:/home/runner/.m2/repository/org/apache/hadoop/hadoop-kms/3.3.1/hadoop-kms-3.3.1.jar:/home/runner/.m2/repository/org/apache/hadoop/hadoop-auth/3.3.1/hadoop-auth-3.3.1.jar:/home/runner/.m2/repository/com/nimbusds/nimbus-jose-jwt/7.9/nimbus-jose-jwt-7.9.jar:/home/runner/.m2/repository/com/github/stephenc/jcip/jcip-annotations/1.0-1/jcip-annotations-1.0-1.jar:/home/runner/.m2/repository/net/minidev/json-smart/2.3.1/json-smart-2.3.1.jar:/home/runner/.m2/repository/net/minidev/accessors-smart/2.3.1/accessors-smart-2.3.1.jar:/home/runner/.m2/repository/org/ow2/asm/asm/5.0.4/asm-5.0.4.jar:/home/runner/.m2/repository/org/apache/zookeeper/zookeeper/3.5.6/zookeeper-3.5.6.jar:/home/runner/.m2/repository/org/apache/zookeeper/zookeeper-jute/3.5.6/zookeeper-jute-3.5.6.jar:/home/runner/.m2/repository/org/apache/yetus/audience-annotations/0.5.0/audience-annotations-0.5.0.jar:/home/runner/.m2/repository/org/apache/curator/curator-framework/4.2.0/curator-framework-4.2.0.jar:/home/runner/.m2/repository/org/apache/hadoop/thirdparty/hadoop-shaded-guava/1.1.1/hadoop-shaded-guava-1.1.1.jar:/home/runner/.m2/repository/com/sun/jersey/jersey-core/1.19/jersey-core-1.19.jar:/home/runner/.m2/repository/javax/ws/rs/jsr311-api/1.1.1/jsr311-api-1.1.1.jar:/home/runner/.m2/repository/com/sun/jersey/jersey-server/1.19/jersey-server-1.19.jar:/home/runner/.m2/repository/javax/servlet/javax.servlet-api/3.1.0/javax.servlet-api-3.1.0.jar:/home/runner/.m2/repository/org/eclipse/jetty/jetty-server/9.4.43.v20210629/jetty-server-9.4.43.v20210629.jar:/home/runner/.m2/repository/org/eclipse/jetty/jetty-http/9.4.43.v20210629/jetty-http-9.4.43.v20210629.jar:/home/runner/.m2/repository/org/eclipse/jetty/jetty-io/9.4.43.v20210629/jetty-io-9.4.43.v20210629.jar:/home/runner/.m2/repository/org/eclipse/jetty/jetty-webapp/9.4.43.v20210629/jetty-webapp-9.4.43.v20210629.jar:/home/runner/.m2/repository/org/eclipse/jetty/jetty-xml/9.4.43.v20210629/jetty-xml-9.4.43.v20210629.jar:/home/runner/.m2/repository/org/apache/hadoop/hadoop-common/3.3.1/hadoop-common-3.3.1.jar:/home/runner/.m2/repository/org/apache/commons/commons-math3/3.1.1/commons-math3-3.1.1.jar:/home/runner/.m2/repository/commons-net/commons-net/3.6/commons-net-3.6.jar:/home/runner/.m2/repository/jakarta/activation/jakarta.activation-api/1.2.1/jakarta.activation-api-1.2.1.jar:/home/runner/.m2/repository/com/sun/jersey/jersey-servlet/1.19/jersey-servlet-1.19.jar:/home/runner/.m2/repository/com/sun/jersey/jersey-json/1.19/jersey-json-1.19.jar:/home/runner/.m2/repository/org/codehaus/jettison/jettison/1.1/jettison-1.1.jar:/home/runner/.m2/repository/com/sun/xml/bind/jaxb-impl/2.2.3-1/jaxb-impl-2.2.3-1.jar:/home/runner/.m2/repository/org/codehaus/jackson/jackson-jaxrs/1.9.2/jackson-jaxrs-1.9.2.jar:/home/runner/.m2/repository/org/codehaus/jackson/jackson-xc/1.9.2/jackson-xc-1.9.2.jar:/home/runner/.m2/repository/org/apache/commons/commons-configuration2/2.1.1/commons-configuration2-2.1.1.jar:/home/runner/.m2/repository/org/apache/commons/commons-text/1.4/commons-text-1.4.jar:/home/runner/.m2/repository/com/google/re2j/re2j/1.1/re2j-1.1.jar:/home/runner/.m2/repository/com/jcraft/jsch/0.1.54/jsch-0.1.54.jar:/home/runner/.m2/repository/org/apache/curator/curator-client/4.2.0/curator-client-4.2.0.jar:/home/runner/.m2/repository/org/apache/curator/curator-recipes/4.2.0/curator-recipes-4.2.0.jar:/home/runner/.m2/repository/org/apache/kerby/kerb-core/1.0.1/kerb-core-1.0.1.jar:/home/runner/.m2/repository/org/apache/kerby/kerby-pkix/1.0.1/kerby-pkix-1.0.1.jar:/home/runner/.m2/repository/org/apache/kerby/kerby-asn1/1.0.1/kerby-asn1-1.0.1.jar:/home/runner/.m2/repository/org/apache/kerby/kerby-util/1.0.1/kerby-util-1.0.1.jar:/home/runner/.m2/repository/dnsjava/dnsjava/2.1.7/dnsjava-2.1.7.jar:/home/runner/.m2/repository/org/xerial/snappy/snappy-java/1.1.8.2/snappy-java-1.1.8.2.jar:/home/runner/.m2/repository/org/slf4j/jul-to-slf4j/1.7.30/jul-to-slf4j-1.7.30.jar:/home/runner/.m2/repository/org/eclipse/jetty/jetty-util/9.4.43.v20210629/jetty-util-9.4.43.v20210629.jar:/home/runner/.m2/repository/com/fasterxml/jackson/core/jackson-databind/2.12.1/jackson-databind-2.12.1.jar:/home/runner/.m2/repository/org/apache/hadoop/hadoop-kms/3.3.1/hadoop-kms-3.3.1-tests.jar:/home/runner/.m2/repository/org/apache/ozone/hdds-server-scm/1.3.0-SNAPSHOT/hdds-server-scm-1.3.0-SNAPSHOT-tests.jar:/home/runner/.m2/repository/org/apache/ozone/hdds-container-service/1.3.0-SNAPSHOT/hdds-container-service-1.3.0-SNAPSHOT-tests.jar:/home/runner/.m2/repository/commons-codec/commons-codec/1.11/commons-codec-1.11.jar:/home/runner/.m2/repository/io/netty/netty-transport/4.1.63.Final/netty-transport-4.1.63.Final.jar:/home/runner/.m2/repository/io/netty/netty-resolver/4.1.63.Final/netty-resolver-4.1.63.Final.jar:/home/runner/.m2/repository/io/netty/netty-codec/4.1.63.Final/netty-codec-4.1.63.Final.jar:/home/runner/.m2/repository/io/netty/netty-handler/4.1.63.Final/netty-handler-4.1.63.Final.jar:/home/runner/.m2/repository/org/apache/ozone/hdds-hadoop-dependency-test/1.3.0-SNAPSHOT/hdds-hadoop-dependency-test-1.3.0-SNAPSHOT.jar:/home/runner/.m2/repository/org/apache/hadoop/hadoop-common/3.3.1/hadoop-common-3.3.1-tests.jar:/home/runner/.m2/repository/org/assertj/assertj-core/3.12.2/assertj-core-3.12.2.jar:/home/runner/.m2/repository/org/apache/hadoop/hadoop-hdfs/3.3.1/hadoop-hdfs-3.3.1-tests.jar:/home/runner/.m2/repository/org/eclipse/jetty/jetty-util-ajax/9.4.43.v20210629/jetty-util-ajax-9.4.43.v20210629.jar:/home/runner/.m2/repository/commons-daemon/commons-daemon/1.0.13/commons-daemon-1.0.13.jar:/home/runner/.m2/repository/io/netty/netty/3.10.6.Final/netty-3.10.6.Final.jar:/home/runner/.m2/repository/io/netty/netty-all/4.1.63.Final/netty-all-4.1.63.Final.jar:/home/runner/.m2/repository/org/apache/htrace/htrace-core4/4.1.0-incubating/htrace-core4-4.1.0-incubating.jar:/home/runner/.m2/repository/org/fusesource/leveldbjni/leveldbjni-all/1.8/leveldbjni-all-1.8.jar:/home/runner/.m2/repository/org/apache/hadoop/hadoop-distcp/3.3.1/hadoop-distcp-3.3.1.jar:/home/runner/.m2/repository/org/apache/hadoop/hadoop-mapreduce-client-jobclient/3.3.1/hadoop-mapreduce-client-jobclient-3.3.1.jar:/home/runner/.m2/repository/org/apache/hadoop/hadoop-mapreduce-client-common/3.3.1/hadoop-mapreduce-client-common-3.3.1.jar:/home/runner/.m2/repository/org/apache/hadoop/hadoop-yarn-common/3.3.1/hadoop-yarn-common-3.3.1.jar:/home/runner/.m2/repository/org/apache/hadoop/hadoop-yarn-api/3.3.1/hadoop-yarn-api-3.3.1.jar:/home/runner/.m2/repository/com/sun/jersey/jersey-client/1.19/jersey-client-1.19.jar:/home/runner/.m2/repository/com/sun/jersey/contribs/jersey-guice/1.19/jersey-guice-1.19.jar:/home/runner/.m2/repository/com/fasterxml/jackson/jaxrs/jackson-jaxrs-json-provider/2.12.1/jackson-jaxrs-json-provider-2.12.1.jar:/home/runner/.m2/repository/com/fasterxml/jackson/jaxrs/jackson-jaxrs-base/2.12.1/jackson-jaxrs-base-2.12.1.jar:/home/runner/.m2/repository/org/apache/hadoop/hadoop-yarn-client/3.3.1/hadoop-yarn-client-3.3.1.jar:/home/runner/.m2/repository/org/eclipse/jetty/websocket/websocket-client/9.4.40.v20210413/websocket-client-9.4.40.v20210413.jar:/home/runner/.m2/repository/org/eclipse/jetty/jetty-client/9.4.40.v20210413/jetty-client-9.4.40.v20210413.jar:/home/runner/.m2/repository/org/eclipse/jetty/websocket/websocket-common/9.4.40.v20210413/websocket-common-9.4.40.v20210413.jar:/home/runner/.m2/repository/org/eclipse/jetty/websocket/websocket-api/9.4.40.v20210413/websocket-api-9.4.40.v20210413.jar:/home/runner/.m2/repository/org/jline/jline/3.9.0/jline-3.9.0.jar:/home/runner/.m2/repository/org/apache/hadoop/hadoop-mapreduce-client-core/3.3.1/hadoop-mapreduce-client-core-3.3.1.jar:/home/runner/.m2/repository/org/apache/avro/avro/1.7.7/avro-1.7.7.jar:/home/runner/.m2/repository/org/codehaus/jackson/jackson-core-asl/1.9.13/jackson-core-asl-1.9.13.jar:/home/runner/.m2/repository/org/codehaus/jackson/jackson-mapper-asl/1.9.13/jackson-mapper-asl-1.9.13.jar:/home/runner/.m2/repository/com/thoughtworks/paranamer/paranamer/2.3/paranamer-2.3.jar:/home/runner/.m2/repository/org/apache/hadoop/hadoop-annotations/3.3.1/hadoop-annotations-3.3.1.jar:/usr/lib/jvm/temurin-8-jdk-amd64/jre/../lib/tools.jar:/home/runner/.m2/repository/org/apache/hadoop/hadoop-distcp/3.3.1/hadoop-distcp-3.3.1-tests.jar:/home/runner/.m2/repository/org/apache/ratis/ratis-common/2.2.0/ratis-common-2.2.0.jar:/home/runner/.m2/repository/org/apache/ratis/ratis-thirdparty-misc/0.7.0/ratis-thirdparty-misc-0.7.0.jar:/home/runner/.m2/repository/org/apache/ratis/ratis-proto/2.2.0/ratis-proto-2.2.0.jar:"/>
    <property name="java.vm.vendor" value="Temurin"/>
    <property name="sun.arch.data.model" value="64"/>
    <property name="test.build.dir" value="/home/runner/work/ozone/ozone/hadoop-ozone/integration-test/target/test-dir"/>
    <property name="test.cache.data" value=""/>
    <property name="java.vendor.url" value="https://adoptium.net/"/>
    <property name="user.timezone" value=""/>
    <property name="java.vm.specification.version" value="1.8"/>
    <property name="os.name" value="Linux"/>
    <property name="test.build.data" value="/home/runner/work/ozone/ozone/hadoop-ozone/integration-test/target/test-dir"/>
    <property name="sun.java.launcher" value="SUN_STANDARD"/>
    <property name="sun.boot.library.path" value="/usr/lib/jvm/temurin-8-jdk-amd64/jre/lib/amd64"/>
    <property name="sun.java.command" value="/home/runner/work/ozone/ozone/hadoop-ozone/integration-test/target/surefire/surefirebooter5140406498873053998.jar /home/runner/work/ozone/ozone/hadoop-ozone/integration-test/target/surefire 2022-02-08T13-03-51_104-jvmRun1 surefire7775868432093632599tmp surefire_643473353271158864353tmp"/>
    <property name="surefire.test.class.path" value="/home/runner/work/ozone/ozone/hadoop-ozone/integration-test/target/test-classes:/home/runner/work/ozone/ozone/hadoop-ozone/integration-test/target/classes:/home/runner/.m2/repository/org/apache/ozone/ozone-common/1.3.0-SNAPSHOT/ozone-common-1.3.0-SNAPSHOT.jar:/home/runner/.m2/repository/org/apache/commons/commons-compress/1.21/commons-compress-1.21.jar:/home/runner/.m2/repository/org/apache/ozone/hdds-common/1.3.0-SNAPSHOT/hdds-common-1.3.0-SNAPSHOT.jar:/home/runner/.m2/repository/org/apache/ozone/hdds-client/1.3.0-SNAPSHOT/hdds-client-1.3.0-SNAPSHOT.jar:/home/runner/.m2/repository/org/apache/ozone/ozone-interface-client/1.3.0-SNAPSHOT/ozone-interface-client-1.3.0-SNAPSHOT.jar:/home/runner/.m2/repository/org/apache/ozone/hdds-test-utils/1.3.0-SNAPSHOT/hdds-test-utils-1.3.0-SNAPSHOT.jar:/home/runner/.m2/repository/com/google/guava/guava/30.1.1-jre/guava-30.1.1-jre.jar:/home/runner/.m2/repository/com/google/guava/failureaccess/1.0.1/failureaccess-1.0.1.jar:/home/runner/.m2/repository/com/google/guava/listenablefuture/9999.0-empty-to-avoid-conflict-with-guava/listenablefuture-9999.0-empty-to-avoid-conflict-with-guava.jar:/home/runner/.m2/repository/com/google/code/findbugs/jsr305/3.0.0/jsr305-3.0.0.jar:/home/runner/.m2/repository/org/checkerframework/checker-qual/3.8.0/checker-qual-3.8.0.jar:/home/runner/.m2/repository/com/google/errorprone/error_prone_annotations/2.2.0/error_prone_annotations-2.2.0.jar:/home/runner/.m2/repository/com/google/j2objc/j2objc-annotations/1.3/j2objc-annotations-1.3.jar:/home/runner/.m2/repository/commons-io/commons-io/2.11.0/commons-io-2.11.0.jar:/home/runner/.m2/repository/commons-logging/commons-logging/1.2/commons-logging-1.2.jar:/home/runner/.m2/repository/log4j/log4j/1.2.17/log4j-1.2.17.jar:/home/runner/.m2/repository/org/slf4j/slf4j-api/1.7.30/slf4j-api-1.7.30.jar:/home/runner/.m2/repository/org/apache/ozone/hdds-server-scm/1.3.0-SNAPSHOT/hdds-server-scm-1.3.0-SNAPSHOT.jar:/home/runner/.m2/repository/org/apache/ozone/hdds-container-service/1.3.0-SNAPSHOT/hdds-container-service-1.3.0-SNAPSHOT.jar:/home/runner/.m2/repository/org/apache/ozone/hdds-hadoop-dependency-server/1.3.0-SNAPSHOT/hdds-hadoop-dependency-server-1.3.0-SNAPSHOT.jar:/home/runner/.m2/repository/org/apache/hadoop/hadoop-hdfs/3.3.1/hadoop-hdfs-3.3.1.jar:/home/runner/.m2/repository/org/apache/ozone/hdds-server-framework/1.3.0-SNAPSHOT/hdds-server-framework-1.3.0-SNAPSHOT.jar:/home/runner/.m2/repository/org/apache/ozone/hdds-interface-server/1.3.0-SNAPSHOT/hdds-interface-server-1.3.0-SNAPSHOT.jar:/home/runner/.m2/repository/org/eclipse/jetty/jetty-servlet/9.4.43.v20210629/jetty-servlet-9.4.43.v20210629.jar:/home/runner/.m2/repository/org/eclipse/jetty/jetty-security/9.4.43.v20210629/jetty-security-9.4.43.v20210629.jar:/home/runner/.m2/repository/org/rocksdb/rocksdbjni/6.25.3/rocksdbjni-6.25.3.jar:/home/runner/.m2/repository/io/prometheus/simpleclient_dropwizard/0.7.0/simpleclient_dropwizard-0.7.0.jar:/home/runner/.m2/repository/io/prometheus/simpleclient/0.7.0/simpleclient-0.7.0.jar:/home/runner/.m2/repository/io/prometheus/simpleclient_common/0.7.0/simpleclient_common-0.7.0.jar:/home/runner/.m2/repository/com/fasterxml/jackson/datatype/jackson-datatype-jsr310/2.12.1/jackson-datatype-jsr310-2.12.1.jar:/home/runner/.m2/repository/io/dropwizard/metrics/metrics-core/3.2.4/metrics-core-3.2.4.jar:/home/runner/.m2/repository/org/apache/hadoop/hadoop-hdfs-client/3.3.1/hadoop-hdfs-client-3.3.1.jar:/home/runner/.m2/repository/org/bouncycastle/bcprov-jdk15on/1.67/bcprov-jdk15on-1.67.jar:/home/runner/.m2/repository/com/google/protobuf/protobuf-java/2.5.0/protobuf-java-2.5.0.jar:/home/runner/.m2/repository/org/apache/ozone/ozone-manager/1.3.0-SNAPSHOT/ozone-manager-1.3.0-SNAPSHOT.jar:/home/runner/.m2/repository/org/aspectj/aspectjrt/1.9.7/aspectjrt-1.9.7.jar:/home/runner/.m2/repository/org/aspectj/aspectjweaver/1.9.7/aspectjweaver-1.9.7.jar:/home/runner/.m2/repository/org/apache/ozone/hdds-interface-client/1.3.0-SNAPSHOT/hdds-interface-client-1.3.0-SNAPSHOT.jar:/home/runner/.m2/repository/org/apache/hadoop/thirdparty/hadoop-shaded-protobuf_3_7/1.1.1/hadoop-shaded-protobuf_3_7-1.1.1.jar:/home/runner/.m2/repository/org/apache/ozone/ozone-interface-storage/1.3.0-SNAPSHOT/ozone-interface-storage-1.3.0-SNAPSHOT.jar:/home/runner/.m2/repository/org/reflections/reflections/0.9.11/reflections-0.9.11.jar:/home/runner/.m2/repository/org/apache/hadoop/hadoop-minikdc/3.3.1/hadoop-minikdc-3.3.1.jar:/home/runner/.m2/repository/org/apache/kerby/kerb-simplekdc/1.0.1/kerb-simplekdc-1.0.1.jar:/home/runner/.m2/repository/org/apache/kerby/kerb-client/1.0.1/kerb-client-1.0.1.jar:/home/runner/.m2/repository/org/apache/kerby/kerby-config/1.0.1/kerby-config-1.0.1.jar:/home/runner/.m2/repository/org/apache/kerby/kerb-common/1.0.1/kerb-common-1.0.1.jar:/home/runner/.m2/repository/org/apache/kerby/kerb-crypto/1.0.1/kerb-crypto-1.0.1.jar:/home/runner/.m2/repository/org/apache/kerby/kerb-util/1.0.1/kerb-util-1.0.1.jar:/home/runner/.m2/repository/org/apache/kerby/token-provider/1.0.1/token-provider-1.0.1.jar:/home/runner/.m2/repository/org/apache/kerby/kerb-admin/1.0.1/kerb-admin-1.0.1.jar:/home/runner/.m2/repository/org/apache/kerby/kerb-server/1.0.1/kerb-server-1.0.1.jar:/home/runner/.m2/repository/org/apache/kerby/kerb-identity/1.0.1/kerb-identity-1.0.1.jar:/home/runner/.m2/repository/org/apache/kerby/kerby-xdr/1.0.1/kerby-xdr-1.0.1.jar:/home/runner/.m2/repository/org/slf4j/slf4j-log4j12/1.7.30/slf4j-log4j12-1.7.30.jar:/home/runner/.m2/repository/org/apache/ozone/ozone-s3gateway/1.3.0-SNAPSHOT/ozone-s3gateway-1.3.0-SNAPSHOT.jar:/home/runner/.m2/repository/org/javassist/javassist/3.21.0-GA/javassist-3.21.0-GA.jar:/home/runner/.m2/repository/org/jboss/weld/servlet/weld-servlet/2.4.7.Final/weld-servlet-2.4.7.Final.jar:/home/runner/.m2/repository/org/glassfish/jersey/containers/jersey-container-servlet-core/2.33/jersey-container-servlet-core-2.33.jar:/home/runner/.m2/repository/org/glassfish/hk2/external/jakarta.inject/2.6.1/jakarta.inject-2.6.1.jar:/home/runner/.m2/repository/org/glassfish/jersey/core/jersey-common/2.33/jersey-common-2.33.jar:/home/runner/.m2/repository/jakarta/ws/rs/jakarta.ws.rs-api/2.1.6/jakarta.ws.rs-api-2.1.6.jar:/home/runner/.m2/repository/org/glassfish/jersey/ext/cdi/jersey-cdi1x/2.33/jersey-cdi1x-2.33.jar:/home/runner/.m2/repository/org/glassfish/jersey/inject/jersey-hk2/2.33/jersey-hk2-2.33.jar:/home/runner/.m2/repository/org/glassfish/hk2/hk2-locator/2.6.1/hk2-locator-2.6.1.jar:/home/runner/.m2/repository/org/glassfish/jersey/media/jersey-media-jaxb/2.33/jersey-media-jaxb-2.33.jar:/home/runner/.m2/repository/org/glassfish/hk2/osgi-resource-locator/1.0.3/osgi-resource-locator-1.0.3.jar:/home/runner/.m2/repository/org/glassfish/hk2/hk2-api/2.5.0/hk2-api-2.5.0.jar:/home/runner/.m2/repository/org/glassfish/hk2/hk2-utils/2.5.0/hk2-utils-2.5.0.jar:/home/runner/.m2/repository/org/glassfish/hk2/external/aopalliance-repackaged/2.5.0/aopalliance-repackaged-2.5.0.jar:/home/runner/.m2/repository/com/fasterxml/jackson/dataformat/jackson-dataformat-xml/2.12.1/jackson-dataformat-xml-2.12.1.jar:/home/runner/.m2/repository/com/fasterxml/jackson/core/jackson-core/2.12.1/jackson-core-2.12.1.jar:/home/runner/.m2/repository/com/fasterxml/jackson/module/jackson-module-jaxb-annotations/2.12.1/jackson-module-jaxb-annotations-2.12.1.jar:/home/runner/.m2/repository/jakarta/xml/bind/jakarta.xml.bind-api/2.3.2/jakarta.xml.bind-api-2.3.2.jar:/home/runner/.m2/repository/org/codehaus/woodstox/stax2-api/3.1.4/stax2-api-3.1.4.jar:/home/runner/.m2/repository/com/fasterxml/woodstox/woodstox-core/5.0.3/woodstox-core-5.0.3.jar:/home/runner/.m2/repository/javax/enterprise/cdi-api/1.2/cdi-api-1.2.jar:/home/runner/.m2/repository/javax/el/javax.el-api/3.0.0/javax.el-api-3.0.0.jar:/home/runner/.m2/repository/javax/interceptor/javax.interceptor-api/1.2/javax.interceptor-api-1.2.jar:/home/runner/.m2/repository/javax/inject/javax.inject/1/javax.inject-1.jar:/home/runner/.m2/repository/javax/xml/bind/jaxb-api/2.3.0/jaxb-api-2.3.0.jar:/home/runner/.m2/repository/org/glassfish/jaxb/jaxb-runtime/2.3.0.1/jaxb-runtime-2.3.0.1.jar:/home/runner/.m2/repository/org/glassfish/jaxb/jaxb-core/2.3.0.1/jaxb-core-2.3.0.1.jar:/home/runner/.m2/repository/org/glassfish/jaxb/txw2/2.3.0.1/txw2-2.3.0.1.jar:/home/runner/.m2/repository/com/sun/istack/istack-commons-runtime/3.0.5/istack-commons-runtime-3.0.5.jar:/home/runner/.m2/repository/org/jvnet/staxex/stax-ex/1.7.8/stax-ex-1.7.8.jar:/home/runner/.m2/repository/com/sun/xml/fastinfoset/FastInfoset/1.2.13/FastInfoset-1.2.13.jar:/home/runner/.m2/repository/javax/activation/activation/1.1.1/activation-1.1.1.jar:/home/runner/.m2/repository/org/apache/ozone/ozone-csi/1.3.0-SNAPSHOT/ozone-csi-1.3.0-SNAPSHOT.jar:/home/runner/.m2/repository/com/google/protobuf/protobuf-java-util/3.12.0/protobuf-java-util-3.12.0.jar:/home/runner/.m2/repository/com/google/code/gson/gson/2.2.4/gson-2.2.4.jar:/home/runner/.m2/repository/org/apache/ozone/hdds-config/1.3.0-SNAPSHOT/hdds-config-1.3.0-SNAPSHOT.jar:/home/runner/.m2/repository/io/grpc/grpc-netty/1.33.0/grpc-netty-1.33.0.jar:/home/runner/.m2/repository/io/grpc/grpc-core/1.33.0/grpc-core-1.33.0.jar:/home/runner/.m2/repository/com/google/android/annotations/4.1.1.4/annotations-4.1.1.4.jar:/home/runner/.m2/repository/io/netty/netty-codec-http2/4.1.63.Final/netty-codec-http2-4.1.63.Final.jar:/home/runner/.m2/repository/io/netty/netty-codec-http/4.1.63.Final/netty-codec-http-4.1.63.Final.jar:/home/runner/.m2/repository/io/netty/netty-handler-proxy/4.1.63.Final/netty-handler-proxy-4.1.63.Final.jar:/home/runner/.m2/repository/io/netty/netty-codec-socks/4.1.63.Final/netty-codec-socks-4.1.63.Final.jar:/home/runner/.m2/repository/io/perfmark/perfmark-api/0.19.0/perfmark-api-0.19.0.jar:/home/runner/.m2/repository/org/codehaus/mojo/animal-sniffer-annotations/1.18/animal-sniffer-annotations-1.18.jar:/home/runner/.m2/repository/io/netty/netty-transport-native-epoll/4.1.63.Final/netty-transport-native-epoll-4.1.63.Final.jar:/home/runner/.m2/repository/io/netty/netty-common/4.1.63.Final/netty-common-4.1.63.Final.jar:/home/runner/.m2/repository/io/netty/netty-buffer/4.1.63.Final/netty-buffer-4.1.63.Final.jar:/home/runner/.m2/repository/io/netty/netty-transport-native-unix-common/4.1.63.Final/netty-transport-native-unix-common-4.1.63.Final.jar:/home/runner/.m2/repository/io/grpc/grpc-protobuf/1.33.0/grpc-protobuf-1.33.0.jar:/home/runner/.m2/repository/io/grpc/grpc-api/1.33.0/grpc-api-1.33.0.jar:/home/runner/.m2/repository/io/grpc/grpc-context/1.33.0/grpc-context-1.33.0.jar:/home/runner/.m2/repository/com/google/api/grpc/proto-google-common-protos/1.17.0/proto-google-common-protos-1.17.0.jar:/home/runner/.m2/repository/io/grpc/grpc-protobuf-lite/1.33.0/grpc-protobuf-lite-1.33.0.jar:/home/runner/.m2/repository/io/grpc/grpc-stub/1.33.0/grpc-stub-1.33.0.jar:/home/runner/.m2/repository/org/apache/ozone/ozone-recon/1.3.0-SNAPSHOT/ozone-recon-1.3.0-SNAPSHOT.jar:/home/runner/.m2/repository/org/apache/ozone/ozone-reconcodegen/1.3.0-SNAPSHOT/ozone-reconcodegen-1.3.0-SNAPSHOT.jar:/home/runner/.m2/repository/com/google/inject/extensions/guice-multibindings/4.0/guice-multibindings-4.0.jar:/home/runner/.m2/repository/com/google/inject/guice/4.0/guice-4.0.jar:/home/runner/.m2/repository/aopalliance/aopalliance/1.0/aopalliance-1.0.jar:/home/runner/.m2/repository/com/google/inject/extensions/guice-assistedinject/4.0/guice-assistedinject-4.0.jar:/home/runner/.m2/repository/com/google/inject/extensions/guice-servlet/4.0/guice-servlet-4.0.jar:/home/runner/.m2/repository/org/glassfish/jersey/containers/jersey-container-servlet/2.33/jersey-container-servlet-2.33.jar:/home/runner/.m2/repository/org/glassfish/hk2/guice-bridge/2.5.0/guice-bridge-2.5.0.jar:/home/runner/.m2/repository/org/glassfish/jersey/core/jersey-server/2.33/jersey-server-2.33.jar:/home/runner/.m2/repository/org/glassfish/jersey/core/jersey-client/2.33/jersey-client-2.33.jar:/home/runner/.m2/repository/jakarta/annotation/jakarta.annotation-api/1.3.5/jakarta.annotation-api-1.3.5.jar:/home/runner/.m2/repository/jakarta/validation/jakarta.validation-api/2.0.2/jakarta.validation-api-2.0.2.jar:/home/runner/.m2/repository/org/glassfish/jersey/media/jersey-media-json-jackson/2.33/jersey-media-json-jackson-2.33.jar:/home/runner/.m2/repository/org/glassfish/jersey/ext/jersey-entity-filtering/2.33/jersey-entity-filtering-2.33.jar:/home/runner/.m2/repository/org/jooq/jooq/3.11.10/jooq-3.11.10.jar:/home/runner/.m2/repository/org/jooq/jooq-meta/3.11.10/jooq-meta-3.11.10.jar:/home/runner/.m2/repository/org/jooq/jooq-codegen/3.11.10/jooq-codegen-3.11.10.jar:/home/runner/.m2/repository/com/jolbox/bonecp/0.8.0.RELEASE/bonecp-0.8.0.RELEASE.jar:/home/runner/.m2/repository/org/apache/derby/derby/10.14.2.0/derby-10.14.2.0.jar:/home/runner/.m2/repository/org/xerial/sqlite-jdbc/3.25.2/sqlite-jdbc-3.25.2.jar:/home/runner/.m2/repository/org/springframework/spring-jdbc/5.2.18.RELEASE/spring-jdbc-5.2.18.RELEASE.jar:/home/runner/.m2/repository/org/springframework/spring-beans/5.2.18.RELEASE/spring-beans-5.2.18.RELEASE.jar:/home/runner/.m2/repository/org/springframework/spring-core/5.2.18.RELEASE/spring-core-5.2.18.RELEASE.jar:/home/runner/.m2/repository/org/springframework/spring-jcl/5.2.18.RELEASE/spring-jcl-5.2.18.RELEASE.jar:/home/runner/.m2/repository/org/springframework/spring-tx/5.2.18.RELEASE/spring-tx-5.2.18.RELEASE.jar:/home/runner/.m2/repository/org/apache/ozone/ozone-client/1.3.0-SNAPSHOT/ozone-client-1.3.0-SNAPSHOT.jar:/home/runner/.m2/repository/org/apache/ozone/ozone-filesystem/1.3.0-SNAPSHOT/ozone-filesystem-1.3.0-SNAPSHOT.jar:/home/runner/.m2/repository/org/apache/ozone/ozone-filesystem-common/1.3.0-SNAPSHOT/ozone-filesystem-common-1.3.0-SNAPSHOT.jar:/home/runner/.m2/repository/org/apache/ozone/ozone-tools/1.3.0-SNAPSHOT/ozone-tools-1.3.0-SNAPSHOT.jar:/home/runner/.m2/repository/org/apache/ratis/ratis-tools/2.2.0/ratis-tools-2.2.0.jar:/home/runner/.m2/repository/com/amazonaws/aws-java-sdk-core/1.12.124/aws-java-sdk-core-1.12.124.jar:/home/runner/.m2/repository/org/apache/httpcomponents/httpclient/4.5.13/httpclient-4.5.13.jar:/home/runner/.m2/repository/org/apache/httpcomponents/httpcore/4.4.13/httpcore-4.4.13.jar:/home/runner/.m2/repository/software/amazon/ion/ion-java/1.0.2/ion-java-1.0.2.jar:/home/runner/.m2/repository/com/fasterxml/jackson/dataformat/jackson-dataformat-cbor/2.12.1/jackson-dataformat-cbor-2.12.1.jar:/home/runner/.m2/repository/joda-time/joda-time/2.8.1/joda-time-2.8.1.jar:/home/runner/.m2/repository/com/amazonaws/aws-java-sdk-s3/1.12.124/aws-java-sdk-s3-1.12.124.jar:/home/runner/.m2/repository/com/amazonaws/aws-java-sdk-kms/1.12.124/aws-java-sdk-kms-1.12.124.jar:/home/runner/.m2/repository/com/amazonaws/jmespath-java/1.12.124/jmespath-java-1.12.124.jar:/home/runner/.m2/repository/org/kohsuke/metainf-services/metainf-services/1.8/metainf-services-1.8.jar:/home/runner/.m2/repository/org/apache/ozone/hdds-tools/1.3.0-SNAPSHOT/hdds-tools-1.3.0-SNAPSHOT.jar:/home/runner/.m2/repository/commons-cli/commons-cli/1.2/commons-cli-1.2.jar:/home/runner/.m2/repository/org/apache/commons/commons-lang3/3.7/commons-lang3-3.7.jar:/home/runner/.m2/repository/org/apache/ozone/ozone-manager/1.3.0-SNAPSHOT/ozone-manager-1.3.0-SNAPSHOT-tests.jar:/home/runner/.m2/repository/org/apache/ozone/hdds-common/1.3.0-SNAPSHOT/hdds-common-1.3.0-SNAPSHOT-tests.jar:/home/runner/.m2/repository/org/apache/ozone/hdds-hadoop-dependency-client/1.3.0-SNAPSHOT/hdds-hadoop-dependency-client-1.3.0-SNAPSHOT.jar:/home/runner/.m2/repository/info/picocli/picocli/4.6.1/picocli-4.6.1.jar:/home/runner/.m2/repository/com/fasterxml/jackson/core/jackson-annotations/2.12.1/jackson-annotations-2.12.1.jar:/home/runner/.m2/repository/javax/annotation/javax.annotation-api/1.2/javax.annotation-api-1.2.jar:/home/runner/.m2/repository/org/apache/ratis/ratis-server/2.2.0/ratis-server-2.2.0.jar:/home/runner/.m2/repository/org/apache/ratis/ratis-client/2.2.0/ratis-client-2.2.0.jar:/home/runner/.m2/repository/org/apache/ratis/ratis-server-api/2.2.0/ratis-server-api-2.2.0.jar:/home/runner/.m2/repository/org/apache/ratis/ratis-metrics/2.2.0/ratis-metrics-2.2.0.jar:/home/runner/.m2/repository/org/apache/ratis/ratis-netty/2.2.0/ratis-netty-2.2.0.jar:/home/runner/.m2/repository/org/apache/ratis/ratis-grpc/2.2.0/ratis-grpc-2.2.0.jar:/home/runner/.m2/repository/org/apache/logging/log4j/log4j-api/2.17.1/log4j-api-2.17.1.jar:/home/runner/.m2/repository/org/apache/logging/log4j/log4j-core/2.17.1/log4j-core-2.17.1.jar:/home/runner/.m2/repository/com/lmax/disruptor/3.4.2/disruptor-3.4.2.jar:/home/runner/.m2/repository/org/apache/commons/commons-pool2/2.6.0/commons-pool2-2.6.0.jar:/home/runner/.m2/repository/org/bouncycastle/bcpkix-jdk15on/1.67/bcpkix-jdk15on-1.67.jar:/home/runner/.m2/repository/commons-validator/commons-validator/1.6/commons-validator-1.6.jar:/home/runner/.m2/repository/commons-beanutils/commons-beanutils/1.9.4/commons-beanutils-1.9.4.jar:/home/runner/.m2/repository/commons-digester/commons-digester/1.8.1/commons-digester-1.8.1.jar:/home/runner/.m2/repository/commons-collections/commons-collections/3.2.2/commons-collections-3.2.2.jar:/home/runner/.m2/repository/io/jaegertracing/jaeger-client/1.6.0/jaeger-client-1.6.0.jar:/home/runner/.m2/repository/io/jaegertracing/jaeger-thrift/1.6.0/jaeger-thrift-1.6.0.jar:/home/runner/.m2/repository/org/apache/thrift/libthrift/0.14.1/libthrift-0.14.1.jar:/home/runner/.m2/repository/com/squareup/okhttp3/okhttp/4.9.0/okhttp-4.9.0.jar:/home/runner/.m2/repository/com/squareup/okio/okio/2.8.0/okio-2.8.0.jar:/home/runner/.m2/repository/io/jaegertracing/jaeger-core/1.6.0/jaeger-core-1.6.0.jar:/home/runner/.m2/repository/io/jaegertracing/jaeger-tracerresolver/1.6.0/jaeger-tracerresolver-1.6.0.jar:/home/runner/.m2/repository/io/opentracing/contrib/opentracing-tracerresolver/0.1.8/opentracing-tracerresolver-0.1.8.jar:/home/runner/.m2/repository/org/jetbrains/kotlin/kotlin-stdlib/1.4.31/kotlin-stdlib-1.4.31.jar:/home/runner/.m2/repository/org/jetbrains/kotlin/kotlin-stdlib-common/1.4.31/kotlin-stdlib-common-1.4.31.jar:/home/runner/.m2/repository/org/jetbrains/annotations/13.0/annotations-13.0.jar:/home/runner/.m2/repository/io/opentracing/opentracing-util/0.33.0/opentracing-util-0.33.0.jar:/home/runner/.m2/repository/io/opentracing/opentracing-api/0.33.0/opentracing-api-0.33.0.jar:/home/runner/.m2/repository/io/opentracing/opentracing-noop/0.33.0/opentracing-noop-0.33.0.jar:/home/runner/.m2/repository/org/yaml/snakeyaml/1.26/snakeyaml-1.26.jar:/home/runner/.m2/repository/org/apache/ozone/hdds-interface-admin/1.3.0-SNAPSHOT/hdds-interface-admin-1.3.0-SNAPSHOT.jar:/home/runner/.m2/repository/junit/junit/4.13.1/junit-4.13.1.jar:/home/runner/.m2/repository/org/hamcrest/hamcrest-core/1.3/hamcrest-core-1.3.jar:/home/runner/.m2/repository/org/junit/jupiter/junit-jupiter-api/5.7.0/junit-jupiter-api-5.7.0.jar:/home/runner/.m2/repository/org/apiguardian/apiguardian-api/1.1.0/apiguardian-api-1.1.0.jar:/home/runner/.m2/repository/org/opentest4j/opentest4j/1.2.0/opentest4j-1.2.0.jar:/home/runner/.m2/repository/org/junit/platform/junit-platform-commons/1.7.0/junit-platform-commons-1.7.0.jar:/home/runner/.m2/repository/org/junit/jupiter/junit-jupiter-engine/5.7.0/junit-jupiter-engine-5.7.0.jar:/home/runner/.m2/repository/org/junit/platform/junit-platform-engine/1.7.0/junit-platform-engine-1.7.0.jar:/home/runner/.m2/repository/org/junit/vintage/junit-vintage-engine/5.7.0/junit-vintage-engine-5.7.0.jar:/home/runner/.m2/repository/org/junit/platform/junit-platform-launcher/1.7.0/junit-platform-launcher-1.7.0.jar:/home/runner/.m2/repository/org/mockito/mockito-core/2.28.2/mockito-core-2.28.2.jar:/home/runner/.m2/repository/net/bytebuddy/byte-buddy/1.9.10/byte-buddy-1.9.10.jar:/home/runner/.m2/repository/net/bytebuddy/byte-buddy-agent/1.9.10/byte-buddy-agent-1.9.10.jar:/home/runner/.m2/repository/org/objenesis/objenesis/1.0/objenesis-1.0.jar:/home/runner/.m2/repository/org/apache/hadoop/hadoop-kms/3.3.1/hadoop-kms-3.3.1.jar:/home/runner/.m2/repository/org/apache/hadoop/hadoop-auth/3.3.1/hadoop-auth-3.3.1.jar:/home/runner/.m2/repository/com/nimbusds/nimbus-jose-jwt/7.9/nimbus-jose-jwt-7.9.jar:/home/runner/.m2/repository/com/github/stephenc/jcip/jcip-annotations/1.0-1/jcip-annotations-1.0-1.jar:/home/runner/.m2/repository/net/minidev/json-smart/2.3.1/json-smart-2.3.1.jar:/home/runner/.m2/repository/net/minidev/accessors-smart/2.3.1/accessors-smart-2.3.1.jar:/home/runner/.m2/repository/org/ow2/asm/asm/5.0.4/asm-5.0.4.jar:/home/runner/.m2/repository/org/apache/zookeeper/zookeeper/3.5.6/zookeeper-3.5.6.jar:/home/runner/.m2/repository/org/apache/zookeeper/zookeeper-jute/3.5.6/zookeeper-jute-3.5.6.jar:/home/runner/.m2/repository/org/apache/yetus/audience-annotations/0.5.0/audience-annotations-0.5.0.jar:/home/runner/.m2/repository/org/apache/curator/curator-framework/4.2.0/curator-framework-4.2.0.jar:/home/runner/.m2/repository/org/apache/hadoop/thirdparty/hadoop-shaded-guava/1.1.1/hadoop-shaded-guava-1.1.1.jar:/home/runner/.m2/repository/com/sun/jersey/jersey-core/1.19/jersey-core-1.19.jar:/home/runner/.m2/repository/javax/ws/rs/jsr311-api/1.1.1/jsr311-api-1.1.1.jar:/home/runner/.m2/repository/com/sun/jersey/jersey-server/1.19/jersey-server-1.19.jar:/home/runner/.m2/repository/javax/servlet/javax.servlet-api/3.1.0/javax.servlet-api-3.1.0.jar:/home/runner/.m2/repository/org/eclipse/jetty/jetty-server/9.4.43.v20210629/jetty-server-9.4.43.v20210629.jar:/home/runner/.m2/repository/org/eclipse/jetty/jetty-http/9.4.43.v20210629/jetty-http-9.4.43.v20210629.jar:/home/runner/.m2/repository/org/eclipse/jetty/jetty-io/9.4.43.v20210629/jetty-io-9.4.43.v20210629.jar:/home/runner/.m2/repository/org/eclipse/jetty/jetty-webapp/9.4.43.v20210629/jetty-webapp-9.4.43.v20210629.jar:/home/runner/.m2/repository/org/eclipse/jetty/jetty-xml/9.4.43.v20210629/jetty-xml-9.4.43.v20210629.jar:/home/runner/.m2/repository/org/apache/hadoop/hadoop-common/3.3.1/hadoop-common-3.3.1.jar:/home/runner/.m2/repository/org/apache/commons/commons-math3/3.1.1/commons-math3-3.1.1.jar:/home/runner/.m2/repository/commons-net/commons-net/3.6/commons-net-3.6.jar:/home/runner/.m2/repository/jakarta/activation/jakarta.activation-api/1.2.1/jakarta.activation-api-1.2.1.jar:/home/runner/.m2/repository/com/sun/jersey/jersey-servlet/1.19/jersey-servlet-1.19.jar:/home/runner/.m2/repository/com/sun/jersey/jersey-json/1.19/jersey-json-1.19.jar:/home/runner/.m2/repository/org/codehaus/jettison/jettison/1.1/jettison-1.1.jar:/home/runner/.m2/repository/com/sun/xml/bind/jaxb-impl/2.2.3-1/jaxb-impl-2.2.3-1.jar:/home/runner/.m2/repository/org/codehaus/jackson/jackson-jaxrs/1.9.2/jackson-jaxrs-1.9.2.jar:/home/runner/.m2/repository/org/codehaus/jackson/jackson-xc/1.9.2/jackson-xc-1.9.2.jar:/home/runner/.m2/repository/org/apache/commons/commons-configuration2/2.1.1/commons-configuration2-2.1.1.jar:/home/runner/.m2/repository/org/apache/commons/commons-text/1.4/commons-text-1.4.jar:/home/runner/.m2/repository/com/google/re2j/re2j/1.1/re2j-1.1.jar:/home/runner/.m2/repository/com/jcraft/jsch/0.1.54/jsch-0.1.54.jar:/home/runner/.m2/repository/org/apache/curator/curator-client/4.2.0/curator-client-4.2.0.jar:/home/runner/.m2/repository/org/apache/curator/curator-recipes/4.2.0/curator-recipes-4.2.0.jar:/home/runner/.m2/repository/org/apache/kerby/kerb-core/1.0.1/kerb-core-1.0.1.jar:/home/runner/.m2/repository/org/apache/kerby/kerby-pkix/1.0.1/kerby-pkix-1.0.1.jar:/home/runner/.m2/repository/org/apache/kerby/kerby-asn1/1.0.1/kerby-asn1-1.0.1.jar:/home/runner/.m2/repository/org/apache/kerby/kerby-util/1.0.1/kerby-util-1.0.1.jar:/home/runner/.m2/repository/dnsjava/dnsjava/2.1.7/dnsjava-2.1.7.jar:/home/runner/.m2/repository/org/xerial/snappy/snappy-java/1.1.8.2/snappy-java-1.1.8.2.jar:/home/runner/.m2/repository/org/slf4j/jul-to-slf4j/1.7.30/jul-to-slf4j-1.7.30.jar:/home/runner/.m2/repository/org/eclipse/jetty/jetty-util/9.4.43.v20210629/jetty-util-9.4.43.v20210629.jar:/home/runner/.m2/repository/com/fasterxml/jackson/core/jackson-databind/2.12.1/jackson-databind-2.12.1.jar:/home/runner/.m2/repository/org/apache/hadoop/hadoop-kms/3.3.1/hadoop-kms-3.3.1-tests.jar:/home/runner/.m2/repository/org/apache/ozone/hdds-server-scm/1.3.0-SNAPSHOT/hdds-server-scm-1.3.0-SNAPSHOT-tests.jar:/home/runner/.m2/repository/org/apache/ozone/hdds-container-service/1.3.0-SNAPSHOT/hdds-container-service-1.3.0-SNAPSHOT-tests.jar:/home/runner/.m2/repository/commons-codec/commons-codec/1.11/commons-codec-1.11.jar:/home/runner/.m2/repository/io/netty/netty-transport/4.1.63.Final/netty-transport-4.1.63.Final.jar:/home/runner/.m2/repository/io/netty/netty-resolver/4.1.63.Final/netty-resolver-4.1.63.Final.jar:/home/runner/.m2/repository/io/netty/netty-codec/4.1.63.Final/netty-codec-4.1.63.Final.jar:/home/runner/.m2/repository/io/netty/netty-handler/4.1.63.Final/netty-handler-4.1.63.Final.jar:/home/runner/.m2/repository/org/apache/ozone/hdds-hadoop-dependency-test/1.3.0-SNAPSHOT/hdds-hadoop-dependency-test-1.3.0-SNAPSHOT.jar:/home/runner/.m2/repository/org/apache/hadoop/hadoop-common/3.3.1/hadoop-common-3.3.1-tests.jar:/home/runner/.m2/repository/org/assertj/assertj-core/3.12.2/assertj-core-3.12.2.jar:/home/runner/.m2/repository/org/apache/hadoop/hadoop-hdfs/3.3.1/hadoop-hdfs-3.3.1-tests.jar:/home/runner/.m2/repository/org/eclipse/jetty/jetty-util-ajax/9.4.43.v20210629/jetty-util-ajax-9.4.43.v20210629.jar:/home/runner/.m2/repository/commons-daemon/commons-daemon/1.0.13/commons-daemon-1.0.13.jar:/home/runner/.m2/repository/io/netty/netty/3.10.6.Final/netty-3.10.6.Final.jar:/home/runner/.m2/repository/io/netty/netty-all/4.1.63.Final/netty-all-4.1.63.Final.jar:/home/runner/.m2/repository/org/apache/htrace/htrace-core4/4.1.0-incubating/htrace-core4-4.1.0-incubating.jar:/home/runner/.m2/repository/org/fusesource/leveldbjni/leveldbjni-all/1.8/leveldbjni-all-1.8.jar:/home/runner/.m2/repository/org/apache/hadoop/hadoop-distcp/3.3.1/hadoop-distcp-3.3.1.jar:/home/runner/.m2/repository/org/apache/hadoop/hadoop-mapreduce-client-jobclient/3.3.1/hadoop-mapreduce-client-jobclient-3.3.1.jar:/home/runner/.m2/repository/org/apache/hadoop/hadoop-mapreduce-client-common/3.3.1/hadoop-mapreduce-client-common-3.3.1.jar:/home/runner/.m2/repository/org/apache/hadoop/hadoop-yarn-common/3.3.1/hadoop-yarn-common-3.3.1.jar:/home/runner/.m2/repository/org/apache/hadoop/hadoop-yarn-api/3.3.1/hadoop-yarn-api-3.3.1.jar:/home/runner/.m2/repository/com/sun/jersey/jersey-client/1.19/jersey-client-1.19.jar:/home/runner/.m2/repository/com/sun/jersey/contribs/jersey-guice/1.19/jersey-guice-1.19.jar:/home/runner/.m2/repository/com/fasterxml/jackson/jaxrs/jackson-jaxrs-json-provider/2.12.1/jackson-jaxrs-json-provider-2.12.1.jar:/home/runner/.m2/repository/com/fasterxml/jackson/jaxrs/jackson-jaxrs-base/2.12.1/jackson-jaxrs-base-2.12.1.jar:/home/runner/.m2/repository/org/apache/hadoop/hadoop-yarn-client/3.3.1/hadoop-yarn-client-3.3.1.jar:/home/runner/.m2/repository/org/eclipse/jetty/websocket/websocket-client/9.4.40.v20210413/websocket-client-9.4.40.v20210413.jar:/home/runner/.m2/repository/org/eclipse/jetty/jetty-client/9.4.40.v20210413/jetty-client-9.4.40.v20210413.jar:/home/runner/.m2/repository/org/eclipse/jetty/websocket/websocket-common/9.4.40.v20210413/websocket-common-9.4.40.v20210413.jar:/home/runner/.m2/repository/org/eclipse/jetty/websocket/websocket-api/9.4.40.v20210413/websocket-api-9.4.40.v20210413.jar:/home/runner/.m2/repository/org/jline/jline/3.9.0/jline-3.9.0.jar:/home/runner/.m2/repository/org/apache/hadoop/hadoop-mapreduce-client-core/3.3.1/hadoop-mapreduce-client-core-3.3.1.jar:/home/runner/.m2/repository/org/apache/avro/avro/1.7.7/avro-1.7.7.jar:/home/runner/.m2/repository/org/codehaus/jackson/jackson-core-asl/1.9.13/jackson-core-asl-1.9.13.jar:/home/runner/.m2/repository/org/codehaus/jackson/jackson-mapper-asl/1.9.13/jackson-mapper-asl-1.9.13.jar:/home/runner/.m2/repository/com/thoughtworks/paranamer/paranamer/2.3/paranamer-2.3.jar:/home/runner/.m2/repository/org/apache/hadoop/hadoop-annotations/3.3.1/hadoop-annotations-3.3.1.jar:/usr/lib/jvm/temurin-8-jdk-amd64/jre/../lib/tools.jar:/home/runner/.m2/repository/org/apache/hadoop/hadoop-distcp/3.3.1/hadoop-distcp-3.3.1-tests.jar:/home/runner/.m2/repository/org/apache/ratis/ratis-common/2.2.0/ratis-common-2.2.0.jar:/home/runner/.m2/repository/org/apache/ratis/ratis-thirdparty-misc/0.7.0/ratis-thirdparty-misc-0.7.0.jar:/home/runner/.m2/repository/org/apache/ratis/ratis-proto/2.2.0/ratis-proto-2.2.0.jar:"/>
    <property name="sun.cpu.endian" value="little"/>
    <property name="user.home" value="/home/runner"/>
    <property name="user.language" value="en"/>
    <property name="java.specification.vendor" value="Oracle Corporation"/>
    <property name="java.home" value="/usr/lib/jvm/temurin-8-jdk-amd64/jre"/>
    <property name="java.security.krb5.conf" value="/home/runner/work/ozone/ozone/hadoop-ozone/integration-test/target/test-classes/krb5.conf"/>
    <property name="basedir" value="/home/runner/work/ozone/ozone/hadoop-ozone/integration-test"/>
    <property name="file.separator" value="/"/>
    <property name="line.separator" value="&#10;"/>
    <property name="java.vm.specification.vendor" value="Oracle Corporation"/>
    <property name="java.specification.name" value="Java Platform API Specification"/>
    <property name="java.awt.graphicsenv" value="sun.awt.X11GraphicsEnvironment"/>
    <property name="skip.installnpx" value="true"/>
    <property name="surefire.real.class.path" value="/home/runner/work/ozone/ozone/hadoop-ozone/integration-test/target/surefire/surefirebooter5140406498873053998.jar:/home/runner/.m2/repository/org/jacoco/org.jacoco.agent/0.8.5/org.jacoco.agent-0.8.5-runtime.jar"/>
    <property name="hadoop.log.dir" value="/home/runner/work/ozone/ozone/hadoop-ozone/integration-test/target/log"/>
    <property name="sun.boot.class.path" value="/usr/lib/jvm/temurin-8-jdk-amd64/jre/lib/resources.jar:/usr/lib/jvm/temurin-8-jdk-amd64/jre/lib/rt.jar:/usr/lib/jvm/temurin-8-jdk-amd64/jre/lib/sunrsasign.jar:/usr/lib/jvm/temurin-8-jdk-amd64/jre/lib/jsse.jar:/usr/lib/jvm/temurin-8-jdk-amd64/jre/lib/jce.jar:/usr/lib/jvm/temurin-8-jdk-amd64/jre/lib/charsets.jar:/usr/lib/jvm/temurin-8-jdk-amd64/jre/lib/jfr.jar:/usr/lib/jvm/temurin-8-jdk-amd64/jre/classes"/>
    <property name="sun.management.compiler" value="HotSpot 64-Bit Tiered Compilers"/>
    <property name="skip.npx" value="true"/>
    <property name="java.runtime.version" value="1.8.0_312-b07"/>
    <property name="java.net.preferIPv4Stack" value="true"/>
    <property name="user.name" value="runner"/>
    <property name="path.separator" value=":"/>
    <property name="java.security.egd" value="file:///dev/urandom"/>
    <property name="os.version" value="5.4.0-1068-azure"/>
    <property name="java.endorsed.dirs" value="/usr/lib/jvm/temurin-8-jdk-amd64/jre/lib/endorsed"/>
    <property name="java.runtime.name" value="OpenJDK Runtime Environment"/>
    <property name="file.encoding" value="UTF-8"/>
    <property name="java.vm.name" value="OpenJDK 64-Bit Server VM"/>
    <property name="test.build.webapps" value=""/>
    <property name="localRepository" value="/home/runner/.m2/repository"/>
    <property name="java.vendor.url.bug" value="https://github.com/adoptium/adoptium-support/issues"/>
    <property name="java.io.tmpdir" value="/tmp"/>
    <property name="require.test.libhadoop" value=""/>
    <property name="java.version" value="1.8.0_312"/>
    <property name="user.dir" value="/home/runner/work/ozone/ozone/hadoop-ozone/integration-test"/>
    <property name="os.arch" value="amd64"/>
    <property name="java.vm.specification.name" value="Java Virtual Machine Specification"/>
    <property name="test.build.classes" value="/home/runner/work/ozone/ozone/hadoop-ozone/integration-test/target/test-classes"/>
    <property name="java.awt.printerjob" value="sun.print.PSPrinterJob"/>
    <property name="sun.os.patch.level" value="unknown"/>
    <property name="hadoop.tmp.dir" value="/home/runner/work/ozone/ozone/hadoop-ozone/integration-test/target/tmp"/>
    <property name="java.library.path" value="/usr/java/packages/lib/amd64:/usr/lib64:/lib64:/lib:/usr/lib"/>
    <property name="java.vm.info" value="mixed mode"/>
    <property name="java.vendor" value="Temurin"/>
    <property name="java.vm.version" value="25.312-b07"/>
    <property name="java.ext.dirs" value="/usr/lib/jvm/temurin-8-jdk-amd64/jre/lib/ext:/usr/java/packages/lib/ext"/>
    <property name="sun.io.unicode.encoding" value="UnicodeLittle"/>
    <property name="java.class.version" value="52.0"/>
  </properties>
  <testcase name="testInstallSnapshot" classname="org.apache.hadoop.ozone.scm.TestSCMInstallSnapshotWithHA" time="70.4"/>
  <testcase name="testInstallOldCheckpointFailure" classname="org.apache.hadoop.ozone.scm.TestSCMInstallSnapshotWithHA" time="62.676">
    <failure message="expected:&lt;(t:2, i:128)&gt; but was:&lt;(t:2, i:28)&gt;" type="java.lang.AssertionError"><![CDATA[java.lang.AssertionError: expected:<(t:2, i:128)> but was:<(t:2, i:28)>
	at org.junit.Assert.fail(Assert.java:89)
	at org.junit.Assert.failNotEquals(Assert.java:835)
	at org.junit.Assert.assertEquals(Assert.java:120)
	at org.junit.Assert.assertEquals(Assert.java:146)
	at org.apache.hadoop.ozone.scm.TestSCMInstallSnapshotWithHA.testInstallOldCheckpointFailure(TestSCMInstallSnapshotWithHA.java:208)
	at sun.reflect.NativeMethodAccessorImpl.invoke0(Native Method)
	at sun.reflect.NativeMethodAccessorImpl.invoke(NativeMethodAccessorImpl.java:62)
	at sun.reflect.DelegatingMethodAccessorImpl.invoke(DelegatingMethodAccessorImpl.java:43)
	at java.lang.reflect.Method.invoke(Method.java:498)
	at org.junit.platform.commons.util.ReflectionUtils.invokeMethod(ReflectionUtils.java:688)
	at org.junit.jupiter.engine.execution.MethodInvocation.proceed(MethodInvocation.java:60)
	at org.junit.jupiter.engine.execution.InvocationInterceptorChain$ValidatingInvocation.proceed(InvocationInterceptorChain.java:131)
	at org.junit.jupiter.engine.extension.TimeoutInvocation.proceed(TimeoutInvocation.java:46)
	at org.junit.jupiter.engine.extension.TimeoutExtension.intercept(TimeoutExtension.java:149)
	at org.junit.jupiter.engine.extension.TimeoutExtension.interceptTestableMethod(TimeoutExtension.java:140)
	at org.junit.jupiter.engine.extension.TimeoutExtension.interceptTestMethod(TimeoutExtension.java:84)
	at org.junit.jupiter.engine.execution.ExecutableInvoker$ReflectiveInterceptorCall.lambda$ofVoidMethod$0(ExecutableInvoker.java:115)
	at org.junit.jupiter.engine.execution.ExecutableInvoker.lambda$invoke$0(ExecutableInvoker.java:105)
	at org.junit.jupiter.engine.execution.InvocationInterceptorChain$InterceptedInvocation.proceed(InvocationInterceptorChain.java:106)
	at org.junit.jupiter.engine.execution.InvocationInterceptorChain.proceed(InvocationInterceptorChain.java:64)
	at org.junit.jupiter.engine.execution.InvocationInterceptorChain.chainAndInvoke(InvocationInterceptorChain.java:45)
	at org.junit.jupiter.engine.execution.InvocationInterceptorChain.invoke(InvocationInterceptorChain.java:37)
	at org.junit.jupiter.engine.execution.ExecutableInvoker.invoke(ExecutableInvoker.java:104)
	at org.junit.jupiter.engine.execution.ExecutableInvoker.invoke(ExecutableInvoker.java:98)
	at org.junit.jupiter.engine.descriptor.TestMethodTestDescriptor.lambda$invokeTestMethod$6(TestMethodTestDescriptor.java:210)
	at org.junit.platform.engine.support.hierarchical.ThrowableCollector.execute(ThrowableCollector.java:73)
	at org.junit.jupiter.engine.descriptor.TestMethodTestDescriptor.invokeTestMethod(TestMethodTestDescriptor.java:206)
	at org.junit.jupiter.engine.descriptor.TestMethodTestDescriptor.execute(TestMethodTestDescriptor.java:131)
	at org.junit.jupiter.engine.descriptor.TestMethodTestDescriptor.execute(TestMethodTestDescriptor.java:65)
	at org.junit.platform.engine.support.hierarchical.NodeTestTask.lambda$executeRecursively$5(NodeTestTask.java:139)
	at org.junit.platform.engine.support.hierarchical.ThrowableCollector.execute(ThrowableCollector.java:73)
	at org.junit.platform.engine.support.hierarchical.NodeTestTask.lambda$executeRecursively$7(NodeTestTask.java:129)
	at org.junit.platform.engine.support.hierarchical.Node.around(Node.java:137)
	at org.junit.platform.engine.support.hierarchical.NodeTestTask.lambda$executeRecursively$8(NodeTestTask.java:127)
	at org.junit.platform.engine.support.hierarchical.ThrowableCollector.execute(ThrowableCollector.java:73)
	at org.junit.platform.engine.support.hierarchical.NodeTestTask.executeRecursively(NodeTestTask.java:126)
	at org.junit.platform.engine.support.hierarchical.NodeTestTask.execute(NodeTestTask.java:84)
	at java.util.ArrayList.forEach(ArrayList.java:1259)
	at org.junit.platform.engine.support.hierarchical.SameThreadHierarchicalTestExecutorService.invokeAll(SameThreadHierarchicalTestExecutorService.java:38)
	at org.junit.platform.engine.support.hierarchical.NodeTestTask.lambda$executeRecursively$5(NodeTestTask.java:143)
	at org.junit.platform.engine.support.hierarchical.ThrowableCollector.execute(ThrowableCollector.java:73)
	at org.junit.platform.engine.support.hierarchical.NodeTestTask.lambda$executeRecursively$7(NodeTestTask.java:129)
	at org.junit.platform.engine.support.hierarchical.Node.around(Node.java:137)
	at org.junit.platform.engine.support.hierarchical.NodeTestTask.lambda$executeRecursively$8(NodeTestTask.java:127)
	at org.junit.platform.engine.support.hierarchical.ThrowableCollector.execute(ThrowableCollector.java:73)
	at org.junit.platform.engine.support.hierarchical.NodeTestTask.executeRecursively(NodeTestTask.java:126)
	at org.junit.platform.engine.support.hierarchical.NodeTestTask.execute(NodeTestTask.java:84)
	at java.util.ArrayList.forEach(ArrayList.java:1259)
	at org.junit.platform.engine.support.hierarchical.SameThreadHierarchicalTestExecutorService.invokeAll(SameThreadHierarchicalTestExecutorService.java:38)
	at org.junit.platform.engine.support.hierarchical.NodeTestTask.lambda$executeRecursively$5(NodeTestTask.java:143)
	at org.junit.platform.engine.support.hierarchical.ThrowableCollector.execute(ThrowableCollector.java:73)
	at org.junit.platform.engine.support.hierarchical.NodeTestTask.lambda$executeRecursively$7(NodeTestTask.java:129)
	at org.junit.platform.engine.support.hierarchical.Node.around(Node.java:137)
	at org.junit.platform.engine.support.hierarchical.NodeTestTask.lambda$executeRecursively$8(NodeTestTask.java:127)
	at org.junit.platform.engine.support.hierarchical.ThrowableCollector.execute(ThrowableCollector.java:73)
	at org.junit.platform.engine.support.hierarchical.NodeTestTask.executeRecursively(NodeTestTask.java:126)
	at org.junit.platform.engine.support.hierarchical.NodeTestTask.execute(NodeTestTask.java:84)
	at org.junit.platform.engine.support.hierarchical.SameThreadHierarchicalTestExecutorService.submit(SameThreadHierarchicalTestExecutorService.java:32)
	at org.junit.platform.engine.support.hierarchical.HierarchicalTestExecutor.execute(HierarchicalTestExecutor.java:57)
	at org.junit.platform.engine.support.hierarchical.HierarchicalTestEngine.execute(HierarchicalTestEngine.java:51)
	at org.junit.platform.launcher.core.EngineExecutionOrchestrator.execute(EngineExecutionOrchestrator.java:108)
	at org.junit.platform.launcher.core.EngineExecutionOrchestrator.execute(EngineExecutionOrchestrator.java:88)
	at org.junit.platform.launcher.core.EngineExecutionOrchestrator.lambda$execute$0(EngineExecutionOrchestrator.java:54)
	at org.junit.platform.launcher.core.EngineExecutionOrchestrator.withInterceptedStreams(EngineExecutionOrchestrator.java:67)
	at org.junit.platform.launcher.core.EngineExecutionOrchestrator.execute(EngineExecutionOrchestrator.java:52)
	at org.junit.platform.launcher.core.DefaultLauncher.execute(DefaultLauncher.java:96)
	at org.junit.platform.launcher.core.DefaultLauncher.execute(DefaultLauncher.java:75)
	at org.apache.maven.surefire.junitplatform.JUnitPlatformProvider.invokeAllTests(JUnitPlatformProvider.java:142)
	at org.apache.maven.surefire.junitplatform.JUnitPlatformProvider.invoke(JUnitPlatformProvider.java:113)
	at org.apache.maven.surefire.booter.ForkedBooter.invokeProviderInSameClassLoader(ForkedBooter.java:384)
	at org.apache.maven.surefire.booter.ForkedBooter.runSuitesInProcess(ForkedBooter.java:345)
	at org.apache.maven.surefire.booter.ForkedBooter.execute(ForkedBooter.java:126)
	at org.apache.maven.surefire.booter.ForkedBooter.main(ForkedBooter.java:418)
]]></failure>
    <system-out><![CDATA[2022-02-08 14:29:59,639 [Listener at 127.0.0.1/44931] WARN  server.ServerUtils (ServerUtils.java:getScmDbDir(148)) - ozone.scm.db.dirs is not configured. We recommend adding this setting. Falling back to ozone.metadata.dirs instead.
2022-02-08 14:29:59,639 [Listener at 127.0.0.1/44931] INFO  ha.SCMHANodeDetails (SCMHANodeDetails.java:loadSCMHAConfig(157)) - ServiceID for StorageContainerManager is scm-service-test1
2022-02-08 14:29:59,639 [Listener at 127.0.0.1/44931] INFO  ha.SCMHANodeDetails (SCMHANodeDetails.java:loadSCMHAConfig(168)) - ServiceID for StorageContainerManager is scm-service-test1
2022-02-08 14:29:59,639 [Listener at 127.0.0.1/44931] WARN  scm.ScmUtils (ScmUtils.java:logWarn(179)) - ConfigKey ozone.scm.block.client.address is deprecated, For configuring different ports for each SCM use PortConfigKey ozone.scm.block.client.port appended with serviceId and nodeId. If want to configure same port configure ozone.scm.block.client.port
2022-02-08 14:29:59,640 [Listener at 127.0.0.1/44931] WARN  scm.ScmUtils (ScmUtils.java:logWarn(179)) - ConfigKey ozone.scm.client.address is deprecated, For configuring different ports for each SCM use PortConfigKey ozone.scm.client.port appended with serviceId and nodeId. If want to configure same port configure ozone.scm.client.port
2022-02-08 14:29:59,640 [Listener at 127.0.0.1/44931] WARN  scm.ScmUtils (ScmUtils.java:logWarn(179)) - ConfigKey ozone.scm.datanode.address is deprecated, For configuring different ports for each SCM use PortConfigKey ozone.scm.datanode.port appended with serviceId and nodeId. If want to configure same port configure ozone.scm.datanode.port
2022-02-08 14:29:59,640 [Listener at 127.0.0.1/44931] WARN  scm.ScmUtils (ScmUtils.java:logWarn(179)) - ConfigKey ozone.scm.block.client.address is deprecated, For configuring different ports for each SCM use PortConfigKey ozone.scm.block.client.port appended with serviceId and nodeId. If want to configure same port configure ozone.scm.block.client.port
2022-02-08 14:29:59,640 [Listener at 127.0.0.1/44931] WARN  scm.ScmUtils (ScmUtils.java:logWarn(179)) - ConfigKey ozone.scm.client.address is deprecated, For configuring different ports for each SCM use PortConfigKey ozone.scm.client.port appended with serviceId and nodeId. If want to configure same port configure ozone.scm.client.port
2022-02-08 14:29:59,641 [Listener at 127.0.0.1/44931] WARN  scm.ScmUtils (ScmUtils.java:logWarn(179)) - ConfigKey ozone.scm.datanode.address is deprecated, For configuring different ports for each SCM use PortConfigKey ozone.scm.datanode.port appended with serviceId and nodeId. If want to configure same port configure ozone.scm.datanode.port
2022-02-08 14:29:59,641 [Listener at 127.0.0.1/44931] INFO  ha.SCMHANodeDetails (SCMHANodeDetails.java:loadSCMHAConfig(250)) - Found matching SCM address with SCMServiceId: scm-service-test1, SCMNodeId: scmNode-1, RPC Address: localhost:40095 and Ratis port: 40095
2022-02-08 14:29:59,641 [Listener at 127.0.0.1/44931] INFO  ha.SCMHANodeDetails (ConfUtils.java:setNodeSpecificConfigs(108)) - Setting configuration key ozone.scm.datanode.address with value of key ozone.scm.datanode.address.scm-service-test1.scmNode-1: 127.0.0.1:40885
2022-02-08 14:29:59,641 [Listener at 127.0.0.1/44931] INFO  ha.SCMHANodeDetails (ConfUtils.java:setNodeSpecificConfigs(108)) - Setting configuration key ozone.scm.block.client.address with value of key ozone.scm.block.client.address.scm-service-test1.scmNode-1: 127.0.0.1:37787
2022-02-08 14:29:59,641 [Listener at 127.0.0.1/44931] INFO  ha.SCMHANodeDetails (ConfUtils.java:setNodeSpecificConfigs(108)) - Setting configuration key ozone.scm.client.address with value of key ozone.scm.client.address.scm-service-test1.scmNode-1: 127.0.0.1:38025
2022-02-08 14:29:59,641 [Listener at 127.0.0.1/44931] INFO  ha.SCMHANodeDetails (ConfUtils.java:setNodeSpecificConfigs(108)) - Setting configuration key ozone.scm.ratis.port with value of key ozone.scm.ratis.port.scm-service-test1.scmNode-1: 40095
2022-02-08 14:29:59,641 [Listener at 127.0.0.1/44931] INFO  ha.SCMHANodeDetails (ConfUtils.java:setNodeSpecificConfigs(108)) - Setting configuration key ozone.scm.grpc.port with value of key ozone.scm.grpc.port.scm-service-test1.scmNode-1: 34777
2022-02-08 14:29:59,641 [Listener at 127.0.0.1/44931] INFO  ha.SCMHANodeDetails (ConfUtils.java:setNodeSpecificConfigs(108)) - Setting configuration key ozone.scm.http-address with value of key ozone.scm.http-address.scm-service-test1.scmNode-1: 127.0.0.1:45297
2022-02-08 14:29:59,642 [Listener at 127.0.0.1/44931] INFO  ha.SCMHANodeDetails (ConfUtils.java:setNodeSpecificConfigs(108)) - Setting configuration key ozone.scm.https-address with value of key ozone.scm.https-address.scm-service-test1.scmNode-1: 127.0.0.1:36825
2022-02-08 14:29:59,642 [Listener at 127.0.0.1/44931] INFO  ha.SCMHANodeDetails (ConfUtils.java:setNodeSpecificConfigs(108)) - Setting configuration key ozone.scm.address with value of key ozone.scm.address.scm-service-test1.scmNode-1: 127.0.0.1
2022-02-08 14:29:59,642 [Listener at 127.0.0.1/44931] WARN  scm.ScmUtils (ScmUtils.java:logWarn(179)) - ConfigKey ozone.scm.block.client.address is deprecated, For configuring different ports for each SCM use PortConfigKey ozone.scm.block.client.port appended with serviceId and nodeId. If want to configure same port configure ozone.scm.block.client.port
2022-02-08 14:29:59,642 [Listener at 127.0.0.1/44931] WARN  scm.ScmUtils (ScmUtils.java:logWarn(179)) - ConfigKey ozone.scm.client.address is deprecated, For configuring different ports for each SCM use PortConfigKey ozone.scm.client.port appended with serviceId and nodeId. If want to configure same port configure ozone.scm.client.port
2022-02-08 14:29:59,642 [Listener at 127.0.0.1/44931] WARN  scm.ScmUtils (ScmUtils.java:logWarn(179)) - ConfigKey ozone.scm.datanode.address is deprecated, For configuring different ports for each SCM use PortConfigKey ozone.scm.datanode.port appended with serviceId and nodeId. If want to configure same port configure ozone.scm.datanode.port
2022-02-08 14:29:59,657 [Listener at 127.0.0.1/44931] INFO  server.RaftServer (ConfUtils.java:logGet(44)) - raft.rpc.type = GRPC (default)
2022-02-08 14:29:59,657 [Listener at 127.0.0.1/44931] INFO  grpc.GrpcFactory (GrpcFactory.java:checkPooledByteBufAllocatorUseCacheForAllThreads(48)) - PERFORMANCE WARNING: useCacheForAllThreads is true that may cause Netty to create a lot garbage objects and, as a result, trigger GC.
	It is recommended to disable useCacheForAllThreads by setting -Dorg.apache.ratis.thirdparty.io.netty.allocator.useCacheForAllThreads=false in command line.
2022-02-08 14:29:59,657 [Listener at 127.0.0.1/44931] INFO  grpc.GrpcConfigKeys (ConfUtils.java:logGet(44)) - raft.grpc.admin.port = -1 (default)
2022-02-08 14:29:59,657 [Listener at 127.0.0.1/44931] INFO  grpc.GrpcConfigKeys (ConfUtils.java:logGet(44)) - raft.grpc.server.port = 40095 (custom)
2022-02-08 14:29:59,657 [Listener at 127.0.0.1/44931] INFO  grpc.GrpcConfigKeys (ConfUtils.java:logGet(44)) - raft.grpc.client.port = -1 (default)
2022-02-08 14:29:59,657 [Listener at 127.0.0.1/44931] INFO  grpc.GrpcConfigKeys (ConfUtils.java:logGet(44)) - raft.grpc.server.port = 40095 (custom)
2022-02-08 14:29:59,657 [Listener at 127.0.0.1/44931] INFO  grpc.GrpcConfigKeys (ConfUtils.java:logGet(44)) - raft.grpc.server.port = 40095 (custom)
2022-02-08 14:29:59,658 [Listener at 127.0.0.1/44931] INFO  server.GrpcService (ConfUtils.java:logGet(44)) - raft.grpc.message.size.max = 32m (=33554432) (custom)
2022-02-08 14:29:59,658 [Listener at 127.0.0.1/44931] INFO  server.RaftServerConfigKeys (ConfUtils.java:logGet(44)) - raft.server.log.appender.buffer.byte-limit = 33554432 (custom)
2022-02-08 14:29:59,658 [Listener at 127.0.0.1/44931] INFO  server.GrpcService (ConfUtils.java:logGet(44)) - raft.grpc.flow.control.window = 1MB (=1048576) (default)
2022-02-08 14:29:59,658 [Listener at 127.0.0.1/44931] INFO  server.RaftServerConfigKeys (ConfUtils.java:logGet(44)) - raft.server.rpc.request.timeout = 30000ms (custom)
2022-02-08 14:29:59,659 [Listener at 127.0.0.1/44931] INFO  impl.DataStreamServerImpl (ConfUtils.java:logGet(44)) - raft.datastream.type = DISABLED (default)
2022-02-08 14:29:59,659 [Listener at 127.0.0.1/44931] INFO  server.RaftServerConfigKeys (ConfUtils.java:logGet(44)) - raft.server.rpc.slowness.timeout = 120000ms (custom)
2022-02-08 14:29:59,659 [Listener at 127.0.0.1/44931] INFO  server.RaftServerConfigKeys (ConfUtils.java:logGet(44)) - raft.server.leaderelection.leader.step-down.wait-time = 10s (default)
2022-02-08 14:29:59,659 [Listener at 127.0.0.1/44931] INFO  server.RaftServerConfigKeys (ConfUtils.java:logGet(44)) - raft.server.storage.dir = [/home/runner/work/ozone/ozone/hadoop-ozone/integration-test/target/test-dir/MiniOzoneClusterImpl-be5678e2-4507-4d84-8cb9-fc99c0f819fc/scmNode-1/scm-ha] (custom)
2022-02-08 14:29:59,669 [Listener at 127.0.0.1/44931] INFO  server.RaftServer (RaftServerProxy.java:addNew(95)) - 7a675d49-8bf4-44ad-b841-6def84288824: addNew group-FC99C0F819FC:[7a675d49-8bf4-44ad-b841-6def84288824|rpc:localhost:40095|priority:0] returns group-FC99C0F819FC:java.util.concurrent.CompletableFuture@6157dccc[Not completed]
2022-02-08 14:29:59,669 [pool-195-thread-1] INFO  server.RaftServer$Division (RaftServerImpl.java:<init>(184)) - 7a675d49-8bf4-44ad-b841-6def84288824: new RaftServerImpl for group-FC99C0F819FC:[7a675d49-8bf4-44ad-b841-6def84288824|rpc:localhost:40095|priority:0] with SCMStateMachine:uninitialized
2022-02-08 14:29:59,669 [pool-195-thread-1] INFO  server.RaftServerConfigKeys (ConfUtils.java:logGet(44)) - raft.server.rpc.timeout.min = 5000ms (custom)
2022-02-08 14:29:59,669 [pool-195-thread-1] INFO  server.RaftServerConfigKeys (ConfUtils.java:logGet(44)) - raft.server.rpc.timeout.max = 5200ms (custom)
2022-02-08 14:29:59,669 [pool-195-thread-1] INFO  server.RaftServerConfigKeys (ConfUtils.java:logGet(44)) - raft.server.rpc.sleep.time = 25ms (default)
2022-02-08 14:29:59,669 [pool-195-thread-1] INFO  server.RaftServerConfigKeys (ConfUtils.java:logGet(44)) - raft.server.rpc.slowness.timeout = 120000ms (custom)
2022-02-08 14:29:59,669 [pool-195-thread-1] INFO  server.RaftServerConfigKeys (ConfUtils.java:logGet(44)) - raft.server.leaderelection.leader.step-down.wait-time = 10s (default)
2022-02-08 14:29:59,669 [pool-195-thread-1] INFO  server.RaftServerConfigKeys (ConfUtils.java:logGet(44)) - raft.server.sleep.deviation.threshold = 300ms (default)
2022-02-08 14:29:59,669 [pool-195-thread-1] INFO  server.RaftServerConfigKeys (ConfUtils.java:logGet(44)) - raft.server.log.appender.install.snapshot.enabled = false (custom)
2022-02-08 14:29:59,669 [pool-195-thread-1] INFO  server.RaftServer$Division (ServerState.java:<init>(105)) - 7a675d49-8bf4-44ad-b841-6def84288824@group-FC99C0F819FC: ConfigurationManager, init=-1: [7a675d49-8bf4-44ad-b841-6def84288824|rpc:localhost:40095|priority:0], old=null, confs=<EMPTY_MAP>
2022-02-08 14:29:59,669 [pool-195-thread-1] INFO  server.RaftServerConfigKeys (ConfUtils.java:logGet(44)) - raft.server.storage.dir = [/home/runner/work/ozone/ozone/hadoop-ozone/integration-test/target/test-dir/MiniOzoneClusterImpl-be5678e2-4507-4d84-8cb9-fc99c0f819fc/scmNode-1/scm-ha] (custom)
2022-02-08 14:29:59,670 [pool-195-thread-1] INFO  server.RaftServerConfigKeys (ConfUtils.java:logGet(44)) - raft.server.log.corruption.policy = EXCEPTION (default)
2022-02-08 14:29:59,670 [pool-195-thread-1] INFO  server.RaftServerConfigKeys (ConfUtils.java:logGet(44)) - raft.server.storage.free-space.min = 0MB (=0) (default)
2022-02-08 14:29:59,670 [pool-195-thread-1] INFO  storage.RaftStorageDirectory (RaftStorageDirectoryImpl.java:analyzeStorage(135)) - The storage directory /home/runner/work/ozone/ozone/hadoop-ozone/integration-test/target/test-dir/MiniOzoneClusterImpl-be5678e2-4507-4d84-8cb9-fc99c0f819fc/scmNode-1/scm-ha/be5678e2-4507-4d84-8cb9-fc99c0f819fc does not exist. Creating ...
2022-02-08 14:29:59,671 [pool-195-thread-1] INFO  storage.RaftStorageDirectory (RaftStorageDirectoryImpl.java:tryLock(230)) - Lock on /home/runner/work/ozone/ozone/hadoop-ozone/integration-test/target/test-dir/MiniOzoneClusterImpl-be5678e2-4507-4d84-8cb9-fc99c0f819fc/scmNode-1/scm-ha/be5678e2-4507-4d84-8cb9-fc99c0f819fc/in_use.lock acquired by nodename 16565@fv-az151-746
2022-02-08 14:29:59,672 [pool-195-thread-1] INFO  storage.RaftStorage (RaftStorageImpl.java:format(89)) - Storage directory /home/runner/work/ozone/ozone/hadoop-ozone/integration-test/target/test-dir/MiniOzoneClusterImpl-be5678e2-4507-4d84-8cb9-fc99c0f819fc/scmNode-1/scm-ha/be5678e2-4507-4d84-8cb9-fc99c0f819fc has been successfully formatted.
2022-02-08 14:29:59,672 [pool-195-thread-1] INFO  server.RaftServerConfigKeys (ConfUtils.java:logGet(44)) - raft.server.notification.no-leader.timeout = 60s (default)
2022-02-08 14:29:59,672 [pool-195-thread-1] INFO  server.RaftServerConfigKeys (ConfUtils.java:logGet(44)) - raft.server.log.use.memory = false (default)
2022-02-08 14:29:59,672 [pool-195-thread-1] INFO  server.RaftServerConfigKeys (ConfUtils.java:logGet(44)) - raft.server.log.purge.gap = 5 (custom)
2022-02-08 14:29:59,672 [pool-195-thread-1] INFO  server.RaftServerConfigKeys (ConfUtils.java:logGet(44)) - raft.server.log.appender.buffer.byte-limit = 33554432 (custom)
2022-02-08 14:29:59,673 [pool-195-thread-1] INFO  server.RaftServerConfigKeys (ConfUtils.java:logGet(44)) - raft.server.log.segment.size.max = 4194304 (custom)
2022-02-08 14:29:59,673 [pool-195-thread-1] INFO  server.RaftServerConfigKeys (ConfUtils.java:logGet(44)) - raft.server.log.segment.cache.num.max = 2 (custom)
2022-02-08 14:29:59,673 [pool-195-thread-1] INFO  server.RaftServerConfigKeys (ConfUtils.java:logGet(44)) - raft.server.log.segment.cache.size.max = 200MB (=209715200) (default)
2022-02-08 14:29:59,673 [pool-195-thread-1] INFO  segmented.SegmentedRaftLogWorker (SegmentedRaftLogWorker.java:<init>(182)) - new 7a675d49-8bf4-44ad-b841-6def84288824@group-FC99C0F819FC-SegmentedRaftLogWorker for RaftStorageImpl:Storage Directory /home/runner/work/ozone/ozone/hadoop-ozone/integration-test/target/test-dir/MiniOzoneClusterImpl-be5678e2-4507-4d84-8cb9-fc99c0f819fc/scmNode-1/scm-ha/be5678e2-4507-4d84-8cb9-fc99c0f819fc
2022-02-08 14:29:59,673 [pool-195-thread-1] INFO  server.RaftServerConfigKeys (ConfUtils.java:logGet(44)) - raft.server.log.queue.byte-limit = 64MB (=67108864) (default)
2022-02-08 14:29:59,673 [pool-195-thread-1] INFO  server.RaftServerConfigKeys (ConfUtils.java:logGet(44)) - raft.server.log.queue.element-limit = 4096 (default)
2022-02-08 14:29:59,673 [pool-195-thread-1] INFO  server.RaftServerConfigKeys (ConfUtils.java:logGet(44)) - raft.server.log.segment.size.max = 4194304 (custom)
2022-02-08 14:29:59,673 [pool-195-thread-1] INFO  server.RaftServerConfigKeys (ConfUtils.java:logGet(44)) - raft.server.log.preallocated.size = 4194304 (custom)
2022-02-08 14:29:59,673 [pool-195-thread-1] INFO  server.RaftServerConfigKeys (ConfUtils.java:logGet(44)) - raft.server.log.force.sync.num = 128 (default)
2022-02-08 14:29:59,673 [pool-195-thread-1] INFO  server.RaftServerConfigKeys (ConfUtils.java:logGet(44)) - raft.server.log.statemachine.data.sync = true (default)
2022-02-08 14:29:59,673 [pool-195-thread-1] INFO  server.RaftServerConfigKeys (ConfUtils.java:logGet(44)) - raft.server.log.statemachine.data.sync.timeout = 10s (default)
2022-02-08 14:29:59,673 [pool-195-thread-1] INFO  server.RaftServerConfigKeys (ConfUtils.java:logGet(44)) - raft.server.log.statemachine.data.sync.timeout.retry = -1 (default)
2022-02-08 14:29:59,674 [pool-195-thread-1] INFO  server.RaftServerConfigKeys (ConfUtils.java:logGet(44)) - raft.server.log.write.buffer.size = 64KB (=65536) (default)
2022-02-08 14:29:59,674 [pool-195-thread-1] INFO  server.RaftServerConfigKeys (ConfUtils.java:logGet(44)) - raft.server.log.statemachine.data.caching.enabled = false (default)
2022-02-08 14:29:59,674 [pool-195-thread-1] INFO  segmented.SegmentedRaftLogWorker (SegmentedRaftLogWorker.java:lambda$new$0(133)) - 7a675d49-8bf4-44ad-b841-6def84288824@group-FC99C0F819FC-SegmentedRaftLogWorker: flushIndex: setUnconditionally 0 -> -1
2022-02-08 14:29:59,674 [pool-195-thread-1] INFO  segmented.SegmentedRaftLogWorker (SegmentedRaftLogWorker.java:lambda$new$0(133)) - 7a675d49-8bf4-44ad-b841-6def84288824@group-FC99C0F819FC-SegmentedRaftLogWorker: safeCacheEvictIndex: setUnconditionally 0 -> -1
2022-02-08 14:29:59,686 [pool-195-thread-1] INFO  server.RaftServerConfigKeys (ConfUtils.java:logGet(44)) - raft.server.snapshot.auto.trigger.enabled = true (custom)
2022-02-08 14:29:59,686 [pool-195-thread-1] INFO  server.RaftServerConfigKeys (ConfUtils.java:logGet(44)) - raft.server.snapshot.auto.trigger.threshold = 5 (custom)
2022-02-08 14:29:59,686 [pool-195-thread-1] INFO  server.RaftServerConfigKeys (ConfUtils.java:logGet(44)) - raft.server.snapshot.retention.file.num = -1 (default)
2022-02-08 14:29:59,686 [pool-195-thread-1] INFO  server.RaftServerConfigKeys (ConfUtils.java:logGet(44)) - raft.server.log.purge.upto.snapshot.index = true (custom)
2022-02-08 14:29:59,686 [pool-195-thread-1] INFO  server.RaftServerConfigKeys (ConfUtils.java:logGet(44)) - raft.server.retrycache.expirytime = 60000ms (default)
2022-02-08 14:29:59,686 [pool-195-thread-1] INFO  server.RaftServerConfigKeys (ConfUtils.java:logGet(44)) - raft.server.retrycache.statistics.expirytime = 100μs (default)
2022-02-08 14:29:59,687 [Listener at 127.0.0.1/44931] INFO  server.RaftServer$Division (RaftServerImpl.java:start(301)) - 7a675d49-8bf4-44ad-b841-6def84288824@group-FC99C0F819FC: start as a follower, conf=-1: [7a675d49-8bf4-44ad-b841-6def84288824|rpc:localhost:40095|priority:0], old=null
2022-02-08 14:29:59,688 [Listener at 127.0.0.1/44931] INFO  server.RaftServer$Division (RaftServerImpl.java:setRole(290)) - 7a675d49-8bf4-44ad-b841-6def84288824@group-FC99C0F819FC: changes role from      null to FOLLOWER at term 0 for startAsFollower
2022-02-08 14:29:59,688 [Listener at 127.0.0.1/44931] INFO  impl.RoleInfo (RoleInfo.java:updateAndGet(130)) - 7a675d49-8bf4-44ad-b841-6def84288824: start 7a675d49-8bf4-44ad-b841-6def84288824@group-FC99C0F819FC-FollowerState
2022-02-08 14:29:59,688 [Listener at 127.0.0.1/44931] INFO  util.JmxRegister (JmxRegister.java:tryRegister(44)) - Successfully registered JMX Bean with object name Ratis:service=RaftServer,group=group-FC99C0F819FC,id=7a675d49-8bf4-44ad-b841-6def84288824
2022-02-08 14:29:59,696 [Listener at 127.0.0.1/44931] INFO  server.RaftServer (RaftServerProxy.java:lambda$start$5(374)) - 7a675d49-8bf4-44ad-b841-6def84288824: start RPC server
2022-02-08 14:29:59,697 [Listener at 127.0.0.1/44931] INFO  server.GrpcService (GrpcService.java:startImpl(253)) - 7a675d49-8bf4-44ad-b841-6def84288824: GrpcService started, listening on 40095
2022-02-08 14:29:59,698 [org.apache.ratis.util.JvmPauseMonitor$$Lambda$503/424226973@555cc0ba] INFO  util.JvmPauseMonitor (JvmPauseMonitor.java:run(103)) - JvmPauseMonitor-7a675d49-8bf4-44ad-b841-6def84288824: Started
2022-02-08 14:30:00,551 [EndpointStateMachine task thread for /127.0.0.1:40085 - 0 ] INFO  ipc.Client (Client.java:handleConnectionFailure(977)) - Retrying connect to server: localhost/127.0.0.1:40085. Already tried 7 time(s); retry policy is RetryUpToMaximumCountWithFixedSleep(maxRetries=15, sleepTime=1000 MILLISECONDS)
2022-02-08 14:30:00,551 [EndpointStateMachine task thread for /127.0.0.1:32969 - 0 ] INFO  ipc.Client (Client.java:handleConnectionFailure(977)) - Retrying connect to server: localhost/127.0.0.1:32969. Already tried 7 time(s); retry policy is RetryUpToMaximumCountWithFixedSleep(maxRetries=15, sleepTime=1000 MILLISECONDS)
2022-02-08 14:30:00,553 [EndpointStateMachine task thread for /127.0.0.1:41397 - 0 ] INFO  ipc.Client (Client.java:handleConnectionFailure(977)) - Retrying connect to server: localhost/127.0.0.1:41397. Already tried 7 time(s); retry policy is RetryUpToMaximumCountWithFixedSleep(maxRetries=15, sleepTime=1000 MILLISECONDS)
2022-02-08 14:30:01,551 [EndpointStateMachine task thread for /127.0.0.1:40085 - 0 ] INFO  ipc.Client (Client.java:handleConnectionFailure(977)) - Retrying connect to server: localhost/127.0.0.1:40085. Already tried 8 time(s); retry policy is RetryUpToMaximumCountWithFixedSleep(maxRetries=15, sleepTime=1000 MILLISECONDS)
2022-02-08 14:30:01,552 [EndpointStateMachine task thread for /127.0.0.1:32969 - 0 ] INFO  ipc.Client (Client.java:handleConnectionFailure(977)) - Retrying connect to server: localhost/127.0.0.1:32969. Already tried 8 time(s); retry policy is RetryUpToMaximumCountWithFixedSleep(maxRetries=15, sleepTime=1000 MILLISECONDS)
2022-02-08 14:30:01,554 [EndpointStateMachine task thread for /127.0.0.1:41397 - 0 ] INFO  ipc.Client (Client.java:handleConnectionFailure(977)) - Retrying connect to server: localhost/127.0.0.1:41397. Already tried 8 time(s); retry policy is RetryUpToMaximumCountWithFixedSleep(maxRetries=15, sleepTime=1000 MILLISECONDS)
2022-02-08 14:30:02,552 [EndpointStateMachine task thread for /127.0.0.1:40085 - 0 ] INFO  ipc.Client (Client.java:handleConnectionFailure(977)) - Retrying connect to server: localhost/127.0.0.1:40085. Already tried 9 time(s); retry policy is RetryUpToMaximumCountWithFixedSleep(maxRetries=15, sleepTime=1000 MILLISECONDS)
2022-02-08 14:30:02,552 [EndpointStateMachine task thread for /127.0.0.1:32969 - 0 ] INFO  ipc.Client (Client.java:handleConnectionFailure(977)) - Retrying connect to server: localhost/127.0.0.1:32969. Already tried 9 time(s); retry policy is RetryUpToMaximumCountWithFixedSleep(maxRetries=15, sleepTime=1000 MILLISECONDS)
2022-02-08 14:30:02,554 [EndpointStateMachine task thread for /127.0.0.1:41397 - 0 ] INFO  ipc.Client (Client.java:handleConnectionFailure(977)) - Retrying connect to server: localhost/127.0.0.1:41397. Already tried 9 time(s); retry policy is RetryUpToMaximumCountWithFixedSleep(maxRetries=15, sleepTime=1000 MILLISECONDS)
2022-02-08 14:30:03,552 [EndpointStateMachine task thread for /127.0.0.1:40085 - 0 ] INFO  ipc.Client (Client.java:handleConnectionFailure(977)) - Retrying connect to server: localhost/127.0.0.1:40085. Already tried 10 time(s); retry policy is RetryUpToMaximumCountWithFixedSleep(maxRetries=15, sleepTime=1000 MILLISECONDS)
2022-02-08 14:30:03,552 [EndpointStateMachine task thread for /127.0.0.1:32969 - 0 ] INFO  ipc.Client (Client.java:handleConnectionFailure(977)) - Retrying connect to server: localhost/127.0.0.1:32969. Already tried 10 time(s); retry policy is RetryUpToMaximumCountWithFixedSleep(maxRetries=15, sleepTime=1000 MILLISECONDS)
2022-02-08 14:30:03,555 [EndpointStateMachine task thread for /127.0.0.1:41397 - 0 ] INFO  ipc.Client (Client.java:handleConnectionFailure(977)) - Retrying connect to server: localhost/127.0.0.1:41397. Already tried 10 time(s); retry policy is RetryUpToMaximumCountWithFixedSleep(maxRetries=15, sleepTime=1000 MILLISECONDS)
2022-02-08 14:30:04,553 [EndpointStateMachine task thread for /127.0.0.1:40085 - 0 ] INFO  ipc.Client (Client.java:handleConnectionFailure(977)) - Retrying connect to server: localhost/127.0.0.1:40085. Already tried 11 time(s); retry policy is RetryUpToMaximumCountWithFixedSleep(maxRetries=15, sleepTime=1000 MILLISECONDS)
2022-02-08 14:30:04,553 [EndpointStateMachine task thread for /127.0.0.1:32969 - 0 ] INFO  ipc.Client (Client.java:handleConnectionFailure(977)) - Retrying connect to server: localhost/127.0.0.1:32969. Already tried 11 time(s); retry policy is RetryUpToMaximumCountWithFixedSleep(maxRetries=15, sleepTime=1000 MILLISECONDS)
2022-02-08 14:30:04,556 [EndpointStateMachine task thread for /127.0.0.1:41397 - 0 ] INFO  ipc.Client (Client.java:handleConnectionFailure(977)) - Retrying connect to server: localhost/127.0.0.1:41397. Already tried 11 time(s); retry policy is RetryUpToMaximumCountWithFixedSleep(maxRetries=15, sleepTime=1000 MILLISECONDS)
2022-02-08 14:30:04,862 [7a675d49-8bf4-44ad-b841-6def84288824@group-FC99C0F819FC-FollowerState] INFO  impl.FollowerState (FollowerState.java:run(134)) - 7a675d49-8bf4-44ad-b841-6def84288824@group-FC99C0F819FC-FollowerState: change to CANDIDATE, lastRpcElapsedTime:5173765985ns, electionTimeout:5161ms
2022-02-08 14:30:04,862 [7a675d49-8bf4-44ad-b841-6def84288824@group-FC99C0F819FC-FollowerState] INFO  impl.RoleInfo (RoleInfo.java:shutdownFollowerState(108)) - 7a675d49-8bf4-44ad-b841-6def84288824: shutdown 7a675d49-8bf4-44ad-b841-6def84288824@group-FC99C0F819FC-FollowerState
2022-02-08 14:30:04,862 [7a675d49-8bf4-44ad-b841-6def84288824@group-FC99C0F819FC-FollowerState] INFO  server.RaftServer$Division (RaftServerImpl.java:setRole(290)) - 7a675d49-8bf4-44ad-b841-6def84288824@group-FC99C0F819FC: changes role from  FOLLOWER to CANDIDATE at term 0 for changeToCandidate
2022-02-08 14:30:04,862 [7a675d49-8bf4-44ad-b841-6def84288824@group-FC99C0F819FC-FollowerState] INFO  server.RaftServerConfigKeys (ConfUtils.java:logGet(44)) - raft.server.leaderelection.pre-vote = false (custom)
2022-02-08 14:30:04,862 [7a675d49-8bf4-44ad-b841-6def84288824@group-FC99C0F819FC-FollowerState] INFO  impl.RoleInfo (RoleInfo.java:updateAndGet(130)) - 7a675d49-8bf4-44ad-b841-6def84288824: start 7a675d49-8bf4-44ad-b841-6def84288824@group-FC99C0F819FC-LeaderElection18
2022-02-08 14:30:04,890 [7a675d49-8bf4-44ad-b841-6def84288824@group-FC99C0F819FC-LeaderElection18] INFO  impl.LeaderElection (LeaderElection.java:askForVotes(306)) - 7a675d49-8bf4-44ad-b841-6def84288824@group-FC99C0F819FC-LeaderElection18 ELECTION round 0: submit vote requests at term 1 for -1: [7a675d49-8bf4-44ad-b841-6def84288824|rpc:localhost:40095|priority:0], old=null
2022-02-08 14:30:04,891 [7a675d49-8bf4-44ad-b841-6def84288824@group-FC99C0F819FC-LeaderElection18] INFO  impl.LeaderElection (LeaderElection.java:askForVotes(308)) - 7a675d49-8bf4-44ad-b841-6def84288824@group-FC99C0F819FC-LeaderElection18 ELECTION round 0: result PASSED (term=1)
2022-02-08 14:30:04,891 [7a675d49-8bf4-44ad-b841-6def84288824@group-FC99C0F819FC-LeaderElection18] INFO  impl.RoleInfo (RoleInfo.java:shutdownLeaderElection(121)) - 7a675d49-8bf4-44ad-b841-6def84288824: shutdown 7a675d49-8bf4-44ad-b841-6def84288824@group-FC99C0F819FC-LeaderElection18
2022-02-08 14:30:04,891 [7a675d49-8bf4-44ad-b841-6def84288824@group-FC99C0F819FC-LeaderElection18] INFO  server.RaftServer$Division (RaftServerImpl.java:setRole(290)) - 7a675d49-8bf4-44ad-b841-6def84288824@group-FC99C0F819FC: changes role from CANDIDATE to LEADER at term 1 for changeToLeader
2022-02-08 14:30:04,891 [7a675d49-8bf4-44ad-b841-6def84288824@group-FC99C0F819FC-LeaderElection18] INFO  server.RaftServer$Division (ServerState.java:setLeader(285)) - 7a675d49-8bf4-44ad-b841-6def84288824@group-FC99C0F819FC: change Leader from null to 7a675d49-8bf4-44ad-b841-6def84288824 at term 1 for becomeLeader, leader elected after 5218ms
2022-02-08 14:30:04,891 [7a675d49-8bf4-44ad-b841-6def84288824@group-FC99C0F819FC-LeaderElection18] INFO  server.RaftServerConfigKeys (ConfUtils.java:logGet(44)) - raft.server.staging.catchup.gap = 1000 (default)
2022-02-08 14:30:04,891 [7a675d49-8bf4-44ad-b841-6def84288824@group-FC99C0F819FC-LeaderElection18] INFO  server.RaftServerConfigKeys (ConfUtils.java:logGet(44)) - raft.server.write.element-limit = 4096 (default)
2022-02-08 14:30:04,891 [7a675d49-8bf4-44ad-b841-6def84288824@group-FC99C0F819FC-LeaderElection18] INFO  server.RaftServerConfigKeys (ConfUtils.java:logGet(44)) - raft.server.write.byte-limit = 64MB (=67108864) (default)
2022-02-08 14:30:04,891 [7a675d49-8bf4-44ad-b841-6def84288824@group-FC99C0F819FC-LeaderElection18] INFO  server.RaftServerConfigKeys (ConfUtils.java:logGet(44)) - raft.server.watch.timeout = 10s (default)
2022-02-08 14:30:04,891 [7a675d49-8bf4-44ad-b841-6def84288824@group-FC99C0F819FC-LeaderElection18] INFO  server.RaftServerConfigKeys (ConfUtils.java:logGet(44)) - raft.server.watch.timeout.denomination = 1s (default)
2022-02-08 14:30:04,891 [7a675d49-8bf4-44ad-b841-6def84288824@group-FC99C0F819FC-LeaderElection18] INFO  server.RaftServerConfigKeys (ConfUtils.java:logGet(44)) - raft.server.watch.element-limit = 65536 (default)
2022-02-08 14:30:04,891 [7a675d49-8bf4-44ad-b841-6def84288824@group-FC99C0F819FC-LeaderElection18] INFO  server.RaftServerConfigKeys (ConfUtils.java:logGet(44)) - raft.server.write.element-limit = 4096 (default)
2022-02-08 14:30:04,891 [7a675d49-8bf4-44ad-b841-6def84288824@group-FC99C0F819FC-LeaderElection18] INFO  server.RaftServerConfigKeys (ConfUtils.java:logGet(44)) - raft.server.write.follower.gap.ratio.max = -1.0 (default)
2022-02-08 14:30:04,891 [7a675d49-8bf4-44ad-b841-6def84288824@group-FC99C0F819FC-LeaderElection18] INFO  impl.RoleInfo (RoleInfo.java:updateAndGet(130)) - 7a675d49-8bf4-44ad-b841-6def84288824: start 7a675d49-8bf4-44ad-b841-6def84288824@group-FC99C0F819FC-LeaderStateImpl
2022-02-08 14:30:04,892 [7a675d49-8bf4-44ad-b841-6def84288824@group-FC99C0F819FC-LeaderElection18] INFO  segmented.SegmentedRaftLogWorker (SegmentedRaftLogWorker.java:startLogSegment(394)) - 7a675d49-8bf4-44ad-b841-6def84288824@group-FC99C0F819FC-SegmentedRaftLogWorker: Starting segment from index:0
2022-02-08 14:30:04,901 [7a675d49-8bf4-44ad-b841-6def84288824@group-FC99C0F819FC-LeaderElection18] INFO  server.RaftServer$Division (ServerState.java:setRaftConf(387)) - 7a675d49-8bf4-44ad-b841-6def84288824@group-FC99C0F819FC: set configuration 0: [7a675d49-8bf4-44ad-b841-6def84288824|rpc:localhost:40095|admin:|client:|dataStream:|priority:0], old=null
2022-02-08 14:30:04,904 [7a675d49-8bf4-44ad-b841-6def84288824@group-FC99C0F819FC-SegmentedRaftLogWorker] INFO  segmented.SegmentedRaftLogWorker (SegmentedRaftLogWorker.java:execute(601)) - 7a675d49-8bf4-44ad-b841-6def84288824@group-FC99C0F819FC-SegmentedRaftLogWorker: created new log segment /home/runner/work/ozone/ozone/hadoop-ozone/integration-test/target/test-dir/MiniOzoneClusterImpl-be5678e2-4507-4d84-8cb9-fc99c0f819fc/scmNode-1/scm-ha/be5678e2-4507-4d84-8cb9-fc99c0f819fc/current/log_inprogress_0
2022-02-08 14:30:05,554 [EndpointStateMachine task thread for /127.0.0.1:40085 - 0 ] INFO  ipc.Client (Client.java:handleConnectionFailure(977)) - Retrying connect to server: localhost/127.0.0.1:40085. Already tried 12 time(s); retry policy is RetryUpToMaximumCountWithFixedSleep(maxRetries=15, sleepTime=1000 MILLISECONDS)
2022-02-08 14:30:05,554 [EndpointStateMachine task thread for /127.0.0.1:32969 - 0 ] INFO  ipc.Client (Client.java:handleConnectionFailure(977)) - Retrying connect to server: localhost/127.0.0.1:32969. Already tried 12 time(s); retry policy is RetryUpToMaximumCountWithFixedSleep(maxRetries=15, sleepTime=1000 MILLISECONDS)
2022-02-08 14:30:05,556 [EndpointStateMachine task thread for /127.0.0.1:41397 - 0 ] INFO  ipc.Client (Client.java:handleConnectionFailure(977)) - Retrying connect to server: localhost/127.0.0.1:41397. Already tried 12 time(s); retry policy is RetryUpToMaximumCountWithFixedSleep(maxRetries=15, sleepTime=1000 MILLISECONDS)
2022-02-08 14:30:05,698 [Listener at 127.0.0.1/44931] INFO  server.RaftServer (RaftServerProxy.java:lambda$close$6(391)) - 7a675d49-8bf4-44ad-b841-6def84288824: close
2022-02-08 14:30:05,698 [Listener at 127.0.0.1/44931] INFO  server.RaftServer$Division (RaftServerImpl.java:lambda$close$4(412)) - 7a675d49-8bf4-44ad-b841-6def84288824@group-FC99C0F819FC: shutdown
2022-02-08 14:30:05,698 [Listener at 127.0.0.1/44931] INFO  util.JmxRegister (JmxRegister.java:unregister(73)) - Successfully un-registered JMX Bean with object name Ratis:service=RaftServer,group=group-FC99C0F819FC,id=7a675d49-8bf4-44ad-b841-6def84288824
2022-02-08 14:30:05,699 [Listener at 127.0.0.1/44931] INFO  impl.RoleInfo (RoleInfo.java:shutdownLeaderState(91)) - 7a675d49-8bf4-44ad-b841-6def84288824: shutdown 7a675d49-8bf4-44ad-b841-6def84288824@group-FC99C0F819FC-LeaderStateImpl
2022-02-08 14:30:05,699 [Listener at 127.0.0.1/44931] INFO  impl.PendingRequests (PendingRequests.java:sendNotLeaderResponses(282)) - 7a675d49-8bf4-44ad-b841-6def84288824@group-FC99C0F819FC-PendingRequests: sendNotLeaderResponses
2022-02-08 14:30:05,699 [Listener at 127.0.0.1/44931] INFO  impl.StateMachineUpdater (StateMachineUpdater.java:stopAndJoin(149)) - 7a675d49-8bf4-44ad-b841-6def84288824@group-FC99C0F819FC-StateMachineUpdater: set stopIndex = 0
2022-02-08 14:30:05,699 [7a675d49-8bf4-44ad-b841-6def84288824@group-FC99C0F819FC-StateMachineUpdater] INFO  impl.StateMachineUpdater (StateMachineUpdater.java:takeSnapshot(281)) - 7a675d49-8bf4-44ad-b841-6def84288824@group-FC99C0F819FC-StateMachineUpdater: Took a snapshot at index 0
2022-02-08 14:30:05,700 [7a675d49-8bf4-44ad-b841-6def84288824@group-FC99C0F819FC-StateMachineUpdater] INFO  impl.StateMachineUpdater (StateMachineUpdater.java:lambda$new$0(89)) - 7a675d49-8bf4-44ad-b841-6def84288824@group-FC99C0F819FC-StateMachineUpdater: snapshotIndex: updateIncreasingly -1 -> 0
2022-02-08 14:30:05,700 [Listener at 127.0.0.1/44931] INFO  server.RaftServer$Division (ServerState.java:close(419)) - 7a675d49-8bf4-44ad-b841-6def84288824@group-FC99C0F819FC: closes. applyIndex: 0
2022-02-08 14:30:05,701 [7a675d49-8bf4-44ad-b841-6def84288824@group-FC99C0F819FC-SegmentedRaftLogWorker] INFO  segmented.SegmentedRaftLogWorker (SegmentedRaftLogWorker.java:run(327)) - 7a675d49-8bf4-44ad-b841-6def84288824@group-FC99C0F819FC-SegmentedRaftLogWorker was interrupted, exiting. There are 0 tasks remaining in the queue.
2022-02-08 14:30:05,706 [Listener at 127.0.0.1/44931] INFO  segmented.SegmentedRaftLogWorker (SegmentedRaftLogWorker.java:close(237)) - 7a675d49-8bf4-44ad-b841-6def84288824@group-FC99C0F819FC-SegmentedRaftLogWorker close()
2022-02-08 14:30:05,706 [Listener at 127.0.0.1/44931] INFO  server.GrpcService (GrpcService.java:closeImpl(262)) - 7a675d49-8bf4-44ad-b841-6def84288824: shutdown server with port 40095 now
2022-02-08 14:30:05,707 [Listener at 127.0.0.1/44931] INFO  server.GrpcService (GrpcService.java:closeImpl(271)) - 7a675d49-8bf4-44ad-b841-6def84288824: shutdown server with port 40095 successfully
2022-02-08 14:30:05,707 [org.apache.ratis.util.JvmPauseMonitor$$Lambda$503/424226973@555cc0ba] INFO  util.JvmPauseMonitor (JvmPauseMonitor.java:run(109)) - JvmPauseMonitor-7a675d49-8bf4-44ad-b841-6def84288824: Stopped
2022-02-08 14:30:05,707 [Listener at 127.0.0.1/44931] WARN  server.ServerUtils (ServerUtils.java:getScmDbDir(148)) - ozone.scm.db.dirs is not configured. We recommend adding this setting. Falling back to ozone.metadata.dirs instead.
2022-02-08 14:30:05,710 [Listener at 127.0.0.1/44931] INFO  server.StorageContainerManager (StorageContainerManager.java:scmInit(1083)) - SCM initialization succeeded. Current cluster id for sd=/home/runner/work/ozone/ozone/hadoop-ozone/integration-test/target/test-dir/MiniOzoneClusterImpl-be5678e2-4507-4d84-8cb9-fc99c0f819fc/scmNode-1/scm; cid=be5678e2-4507-4d84-8cb9-fc99c0f819fc; layoutVersion=2; scmId=7a675d49-8bf4-44ad-b841-6def84288824
2022-02-08 14:30:05,710 [Listener at 127.0.0.1/44931] INFO  ha.SCMHANodeDetails (SCMHANodeDetails.java:loadSCMHAConfig(157)) - ServiceID for StorageContainerManager is scm-service-test1
2022-02-08 14:30:05,710 [Listener at 127.0.0.1/44931] INFO  ha.SCMHANodeDetails (SCMHANodeDetails.java:loadSCMHAConfig(168)) - ServiceID for StorageContainerManager is scm-service-test1
2022-02-08 14:30:05,710 [Listener at 127.0.0.1/44931] WARN  scm.ScmUtils (ScmUtils.java:logWarn(179)) - ConfigKey ozone.scm.block.client.address is deprecated, For configuring different ports for each SCM use PortConfigKey ozone.scm.block.client.port appended with serviceId and nodeId. If want to configure same port configure ozone.scm.block.client.port
2022-02-08 14:30:05,710 [Listener at 127.0.0.1/44931] WARN  scm.ScmUtils (ScmUtils.java:logWarn(179)) - ConfigKey ozone.scm.client.address is deprecated, For configuring different ports for each SCM use PortConfigKey ozone.scm.client.port appended with serviceId and nodeId. If want to configure same port configure ozone.scm.client.port
2022-02-08 14:30:05,710 [Listener at 127.0.0.1/44931] WARN  scm.ScmUtils (ScmUtils.java:logWarn(179)) - ConfigKey ozone.scm.datanode.address is deprecated, For configuring different ports for each SCM use PortConfigKey ozone.scm.datanode.port appended with serviceId and nodeId. If want to configure same port configure ozone.scm.datanode.port
2022-02-08 14:30:05,711 [Listener at 127.0.0.1/44931] WARN  scm.ScmUtils (ScmUtils.java:logWarn(179)) - ConfigKey ozone.scm.block.client.address is deprecated, For configuring different ports for each SCM use PortConfigKey ozone.scm.block.client.port appended with serviceId and nodeId. If want to configure same port configure ozone.scm.block.client.port
2022-02-08 14:30:05,711 [Listener at 127.0.0.1/44931] WARN  scm.ScmUtils (ScmUtils.java:logWarn(179)) - ConfigKey ozone.scm.client.address is deprecated, For configuring different ports for each SCM use PortConfigKey ozone.scm.client.port appended with serviceId and nodeId. If want to configure same port configure ozone.scm.client.port
2022-02-08 14:30:05,711 [Listener at 127.0.0.1/44931] WARN  scm.ScmUtils (ScmUtils.java:logWarn(179)) - ConfigKey ozone.scm.datanode.address is deprecated, For configuring different ports for each SCM use PortConfigKey ozone.scm.datanode.port appended with serviceId and nodeId. If want to configure same port configure ozone.scm.datanode.port
2022-02-08 14:30:05,711 [Listener at 127.0.0.1/44931] INFO  ha.SCMHANodeDetails (SCMHANodeDetails.java:loadSCMHAConfig(250)) - Found matching SCM address with SCMServiceId: scm-service-test1, SCMNodeId: scmNode-1, RPC Address: localhost:40095 and Ratis port: 40095
2022-02-08 14:30:05,711 [Listener at 127.0.0.1/44931] INFO  ha.SCMHANodeDetails (ConfUtils.java:setNodeSpecificConfigs(108)) - Setting configuration key ozone.scm.datanode.address with value of key ozone.scm.datanode.address.scm-service-test1.scmNode-1: 127.0.0.1:40885
2022-02-08 14:30:05,711 [Listener at 127.0.0.1/44931] INFO  ha.SCMHANodeDetails (ConfUtils.java:setNodeSpecificConfigs(108)) - Setting configuration key ozone.scm.block.client.address with value of key ozone.scm.block.client.address.scm-service-test1.scmNode-1: 127.0.0.1:37787
2022-02-08 14:30:05,711 [Listener at 127.0.0.1/44931] INFO  ha.SCMHANodeDetails (ConfUtils.java:setNodeSpecificConfigs(108)) - Setting configuration key ozone.scm.client.address with value of key ozone.scm.client.address.scm-service-test1.scmNode-1: 127.0.0.1:38025
2022-02-08 14:30:05,711 [Listener at 127.0.0.1/44931] INFO  ha.SCMHANodeDetails (ConfUtils.java:setNodeSpecificConfigs(108)) - Setting configuration key ozone.scm.ratis.port with value of key ozone.scm.ratis.port.scm-service-test1.scmNode-1: 40095
2022-02-08 14:30:05,711 [Listener at 127.0.0.1/44931] INFO  ha.SCMHANodeDetails (ConfUtils.java:setNodeSpecificConfigs(108)) - Setting configuration key ozone.scm.grpc.port with value of key ozone.scm.grpc.port.scm-service-test1.scmNode-1: 34777
2022-02-08 14:30:05,711 [Listener at 127.0.0.1/44931] INFO  ha.SCMHANodeDetails (ConfUtils.java:setNodeSpecificConfigs(108)) - Setting configuration key ozone.scm.http-address with value of key ozone.scm.http-address.scm-service-test1.scmNode-1: 127.0.0.1:45297
2022-02-08 14:30:05,711 [Listener at 127.0.0.1/44931] INFO  ha.SCMHANodeDetails (ConfUtils.java:setNodeSpecificConfigs(108)) - Setting configuration key ozone.scm.https-address with value of key ozone.scm.https-address.scm-service-test1.scmNode-1: 127.0.0.1:36825
2022-02-08 14:30:05,712 [Listener at 127.0.0.1/44931] INFO  ha.SCMHANodeDetails (ConfUtils.java:setNodeSpecificConfigs(108)) - Setting configuration key ozone.scm.address with value of key ozone.scm.address.scm-service-test1.scmNode-1: 127.0.0.1
2022-02-08 14:30:05,712 [Listener at 127.0.0.1/44931] WARN  scm.ScmUtils (ScmUtils.java:logWarn(179)) - ConfigKey ozone.scm.block.client.address is deprecated, For configuring different ports for each SCM use PortConfigKey ozone.scm.block.client.port appended with serviceId and nodeId. If want to configure same port configure ozone.scm.block.client.port
2022-02-08 14:30:05,712 [Listener at 127.0.0.1/44931] WARN  scm.ScmUtils (ScmUtils.java:logWarn(179)) - ConfigKey ozone.scm.client.address is deprecated, For configuring different ports for each SCM use PortConfigKey ozone.scm.client.port appended with serviceId and nodeId. If want to configure same port configure ozone.scm.client.port
2022-02-08 14:30:05,712 [Listener at 127.0.0.1/44931] WARN  scm.ScmUtils (ScmUtils.java:logWarn(179)) - ConfigKey ozone.scm.datanode.address is deprecated, For configuring different ports for each SCM use PortConfigKey ozone.scm.datanode.port appended with serviceId and nodeId. If want to configure same port configure ozone.scm.datanode.port
2022-02-08 14:30:05,712 [Listener at 127.0.0.1/44931] WARN  server.ServerUtils (ServerUtils.java:getScmDbDir(148)) - ozone.scm.db.dirs is not configured. We recommend adding this setting. Falling back to ozone.metadata.dirs instead.
2022-02-08 14:30:05,712 [Listener at 127.0.0.1/44931] INFO  upgrade.AbstractLayoutVersionManager (AbstractLayoutVersionManager.java:init(79)) - Initializing Layout version manager with metadata layout = SCM_HA (version = 2), software layout = SCM_HA (version = 2)
2022-02-08 14:30:05,815 [Listener at 127.0.0.1/44931] INFO  reflections.Reflections (Reflections.java:scan(232)) - Reflections took 102 ms to scan 7 urls, producing 119 keys and 279 values 
2022-02-08 14:30:05,818 [Listener at 127.0.0.1/44931] WARN  utils.HAUtils (HAUtils.java:getMetaDir(342)) - ozone.scm.db.dirs is not configured. We recommend adding this setting. Falling back to ozone.metadata.dirs instead.
2022-02-08 14:30:05,819 [Listener at 127.0.0.1/44931] WARN  db.DBStoreBuilder (DBStoreBuilder.java:applyDBDefinition(145)) - ozone.scm.db.dirs is not configured. We recommend adding this setting. Falling back to ozone.metadata.dirs instead.
2022-02-08 14:30:05,962 [Listener at 127.0.0.1/44931] INFO  net.NodeSchemaLoader (NodeSchemaLoader.java:loadSchemaFromFile(129)) - Loading schema from [jar:file:/home/runner/.m2/repository/org/apache/ozone/hdds-common/1.3.0-SNAPSHOT/hdds-common-1.3.0-SNAPSHOT.jar!/network-topology-default.xml]
2022-02-08 14:30:05,964 [Listener at 127.0.0.1/44931] INFO  net.NodeSchemaLoader (NodeSchemaLoader.java:loadSchema(176)) - Loading network topology layer schema file
2022-02-08 14:30:05,968 [Listener at 127.0.0.1/44931] INFO  ha.SCMRatisServerImpl (SCMRatisServerImpl.java:<init>(87)) - starting Raft server for scm:7a675d49-8bf4-44ad-b841-6def84288824
2022-02-08 14:30:05,969 [Listener at 127.0.0.1/44931] INFO  server.RaftServer (ConfUtils.java:logGet(44)) - raft.rpc.type = GRPC (default)
2022-02-08 14:30:05,973 [Listener at 127.0.0.1/44931] INFO  grpc.GrpcFactory (GrpcFactory.java:checkPooledByteBufAllocatorUseCacheForAllThreads(48)) - PERFORMANCE WARNING: useCacheForAllThreads is true that may cause Netty to create a lot garbage objects and, as a result, trigger GC.
	It is recommended to disable useCacheForAllThreads by setting -Dorg.apache.ratis.thirdparty.io.netty.allocator.useCacheForAllThreads=false in command line.
2022-02-08 14:30:05,973 [Listener at 127.0.0.1/44931] INFO  grpc.GrpcConfigKeys (ConfUtils.java:logGet(44)) - raft.grpc.admin.port = -1 (default)
2022-02-08 14:30:05,973 [Listener at 127.0.0.1/44931] INFO  grpc.GrpcConfigKeys (ConfUtils.java:logGet(44)) - raft.grpc.server.port = 40095 (custom)
2022-02-08 14:30:05,973 [Listener at 127.0.0.1/44931] INFO  grpc.GrpcConfigKeys (ConfUtils.java:logGet(44)) - raft.grpc.client.port = -1 (default)
2022-02-08 14:30:05,973 [Listener at 127.0.0.1/44931] INFO  grpc.GrpcConfigKeys (ConfUtils.java:logGet(44)) - raft.grpc.server.port = 40095 (custom)
2022-02-08 14:30:05,974 [Listener at 127.0.0.1/44931] INFO  grpc.GrpcConfigKeys (ConfUtils.java:logGet(44)) - raft.grpc.server.port = 40095 (custom)
2022-02-08 14:30:05,974 [Listener at 127.0.0.1/44931] INFO  server.GrpcService (ConfUtils.java:logGet(44)) - raft.grpc.message.size.max = 32m (=33554432) (custom)
2022-02-08 14:30:05,974 [Listener at 127.0.0.1/44931] INFO  server.RaftServerConfigKeys (ConfUtils.java:logGet(44)) - raft.server.log.appender.buffer.byte-limit = 33554432 (custom)
2022-02-08 14:30:05,974 [Listener at 127.0.0.1/44931] INFO  server.GrpcService (ConfUtils.java:logGet(44)) - raft.grpc.flow.control.window = 1MB (=1048576) (default)
2022-02-08 14:30:05,974 [Listener at 127.0.0.1/44931] INFO  server.RaftServerConfigKeys (ConfUtils.java:logGet(44)) - raft.server.rpc.request.timeout = 30000ms (custom)
2022-02-08 14:30:05,975 [Listener at 127.0.0.1/44931] INFO  impl.DataStreamServerImpl (ConfUtils.java:logGet(44)) - raft.datastream.type = DISABLED (default)
2022-02-08 14:30:05,975 [Listener at 127.0.0.1/44931] INFO  server.RaftServerConfigKeys (ConfUtils.java:logGet(44)) - raft.server.rpc.slowness.timeout = 120000ms (custom)
2022-02-08 14:30:05,975 [Listener at 127.0.0.1/44931] INFO  server.RaftServerConfigKeys (ConfUtils.java:logGet(44)) - raft.server.leaderelection.leader.step-down.wait-time = 10s (default)
2022-02-08 14:30:05,975 [Listener at 127.0.0.1/44931] INFO  server.RaftServerConfigKeys (ConfUtils.java:logGet(44)) - raft.server.storage.dir = [/home/runner/work/ozone/ozone/hadoop-ozone/integration-test/target/test-dir/MiniOzoneClusterImpl-be5678e2-4507-4d84-8cb9-fc99c0f819fc/scmNode-1/scm-ha] (custom)
2022-02-08 14:30:05,977 [Listener at 127.0.0.1/44931] INFO  server.RaftServer (RaftServerProxy.java:lambda$null$1(235)) - 7a675d49-8bf4-44ad-b841-6def84288824: found a subdirectory /home/runner/work/ozone/ozone/hadoop-ozone/integration-test/target/test-dir/MiniOzoneClusterImpl-be5678e2-4507-4d84-8cb9-fc99c0f819fc/scmNode-1/scm-ha/be5678e2-4507-4d84-8cb9-fc99c0f819fc
2022-02-08 14:30:05,984 [Listener at 127.0.0.1/44931] INFO  server.RaftServer (RaftServerProxy.java:addNew(95)) - 7a675d49-8bf4-44ad-b841-6def84288824: addNew group-FC99C0F819FC:[] returns group-FC99C0F819FC:java.util.concurrent.CompletableFuture@18e26ed4[Not completed]
2022-02-08 14:30:05,985 [pool-210-thread-1] INFO  server.RaftServer$Division (RaftServerImpl.java:<init>(184)) - 7a675d49-8bf4-44ad-b841-6def84288824: new RaftServerImpl for group-FC99C0F819FC:[] with SCMStateMachine:uninitialized
2022-02-08 14:30:05,985 [pool-210-thread-1] INFO  server.RaftServerConfigKeys (ConfUtils.java:logGet(44)) - raft.server.rpc.timeout.min = 5000ms (custom)
2022-02-08 14:30:05,985 [pool-210-thread-1] INFO  server.RaftServerConfigKeys (ConfUtils.java:logGet(44)) - raft.server.rpc.timeout.max = 5200ms (custom)
2022-02-08 14:30:05,985 [pool-210-thread-1] INFO  server.RaftServerConfigKeys (ConfUtils.java:logGet(44)) - raft.server.rpc.sleep.time = 25ms (default)
2022-02-08 14:30:05,985 [pool-210-thread-1] INFO  server.RaftServerConfigKeys (ConfUtils.java:logGet(44)) - raft.server.rpc.slowness.timeout = 120000ms (custom)
2022-02-08 14:30:05,985 [pool-210-thread-1] INFO  server.RaftServerConfigKeys (ConfUtils.java:logGet(44)) - raft.server.leaderelection.leader.step-down.wait-time = 10s (default)
2022-02-08 14:30:05,985 [pool-210-thread-1] INFO  server.RaftServerConfigKeys (ConfUtils.java:logGet(44)) - raft.server.sleep.deviation.threshold = 300ms (default)
2022-02-08 14:30:05,985 [pool-210-thread-1] INFO  server.RaftServerConfigKeys (ConfUtils.java:logGet(44)) - raft.server.log.appender.install.snapshot.enabled = false (custom)
2022-02-08 14:30:05,985 [pool-210-thread-1] INFO  server.RaftServer$Division (ServerState.java:<init>(105)) - 7a675d49-8bf4-44ad-b841-6def84288824@group-FC99C0F819FC: ConfigurationManager, init=-1: [], old=null, confs=<EMPTY_MAP>
2022-02-08 14:30:05,985 [pool-210-thread-1] INFO  server.RaftServerConfigKeys (ConfUtils.java:logGet(44)) - raft.server.storage.dir = [/home/runner/work/ozone/ozone/hadoop-ozone/integration-test/target/test-dir/MiniOzoneClusterImpl-be5678e2-4507-4d84-8cb9-fc99c0f819fc/scmNode-1/scm-ha] (custom)
2022-02-08 14:30:05,985 [pool-210-thread-1] INFO  server.RaftServerConfigKeys (ConfUtils.java:logGet(44)) - raft.server.log.corruption.policy = EXCEPTION (default)
2022-02-08 14:30:05,986 [pool-210-thread-1] INFO  server.RaftServerConfigKeys (ConfUtils.java:logGet(44)) - raft.server.storage.free-space.min = 0MB (=0) (default)
2022-02-08 14:30:05,987 [pool-210-thread-1] INFO  storage.RaftStorageDirectory (RaftStorageDirectoryImpl.java:tryLock(230)) - Lock on /home/runner/work/ozone/ozone/hadoop-ozone/integration-test/target/test-dir/MiniOzoneClusterImpl-be5678e2-4507-4d84-8cb9-fc99c0f819fc/scmNode-1/scm-ha/be5678e2-4507-4d84-8cb9-fc99c0f819fc/in_use.lock acquired by nodename 16565@fv-az151-746
2022-02-08 14:30:05,987 [pool-210-thread-1] INFO  storage.RaftStorage (RaftStorageImpl.java:analyzeAndRecoverStorage(110)) - Read RaftStorageMetadata{term=1, votedFor=7a675d49-8bf4-44ad-b841-6def84288824} from /home/runner/work/ozone/ozone/hadoop-ozone/integration-test/target/test-dir/MiniOzoneClusterImpl-be5678e2-4507-4d84-8cb9-fc99c0f819fc/scmNode-1/scm-ha/be5678e2-4507-4d84-8cb9-fc99c0f819fc/current/raft-meta
2022-02-08 14:30:05,987 [pool-210-thread-1] INFO  server.RaftServer$Division (ServerState.java:setRaftConf(387)) - 7a675d49-8bf4-44ad-b841-6def84288824@group-FC99C0F819FC: set configuration 0: [7a675d49-8bf4-44ad-b841-6def84288824|rpc:localhost:40095|admin:|client:|dataStream:|priority:0], old=null
2022-02-08 14:30:05,988 [pool-210-thread-1] INFO  server.RaftServerConfigKeys (ConfUtils.java:logGet(44)) - raft.server.notification.no-leader.timeout = 60s (default)
2022-02-08 14:30:05,988 [pool-210-thread-1] INFO  server.RaftServerConfigKeys (ConfUtils.java:logGet(44)) - raft.server.log.use.memory = false (default)
2022-02-08 14:30:05,988 [pool-210-thread-1] INFO  server.RaftServerConfigKeys (ConfUtils.java:logGet(44)) - raft.server.log.purge.gap = 5 (custom)
2022-02-08 14:30:05,988 [pool-210-thread-1] INFO  server.RaftServerConfigKeys (ConfUtils.java:logGet(44)) - raft.server.log.appender.buffer.byte-limit = 33554432 (custom)
2022-02-08 14:30:05,988 [pool-210-thread-1] INFO  server.RaftServerConfigKeys (ConfUtils.java:logGet(44)) - raft.server.log.segment.size.max = 4194304 (custom)
2022-02-08 14:30:05,988 [pool-210-thread-1] INFO  server.RaftServerConfigKeys (ConfUtils.java:logGet(44)) - raft.server.log.segment.cache.num.max = 2 (custom)
2022-02-08 14:30:05,988 [pool-210-thread-1] INFO  server.RaftServerConfigKeys (ConfUtils.java:logGet(44)) - raft.server.log.segment.cache.size.max = 200MB (=209715200) (default)
2022-02-08 14:30:05,988 [pool-210-thread-1] INFO  segmented.SegmentedRaftLogWorker (SegmentedRaftLogWorker.java:<init>(182)) - new 7a675d49-8bf4-44ad-b841-6def84288824@group-FC99C0F819FC-SegmentedRaftLogWorker for RaftStorageImpl:Storage Directory /home/runner/work/ozone/ozone/hadoop-ozone/integration-test/target/test-dir/MiniOzoneClusterImpl-be5678e2-4507-4d84-8cb9-fc99c0f819fc/scmNode-1/scm-ha/be5678e2-4507-4d84-8cb9-fc99c0f819fc
2022-02-08 14:30:05,988 [pool-210-thread-1] INFO  server.RaftServerConfigKeys (ConfUtils.java:logGet(44)) - raft.server.log.queue.byte-limit = 64MB (=67108864) (default)
2022-02-08 14:30:05,988 [pool-210-thread-1] INFO  server.RaftServerConfigKeys (ConfUtils.java:logGet(44)) - raft.server.log.queue.element-limit = 4096 (default)
2022-02-08 14:30:05,988 [pool-210-thread-1] INFO  server.RaftServerConfigKeys (ConfUtils.java:logGet(44)) - raft.server.log.segment.size.max = 4194304 (custom)
2022-02-08 14:30:05,988 [pool-210-thread-1] INFO  server.RaftServerConfigKeys (ConfUtils.java:logGet(44)) - raft.server.log.preallocated.size = 4194304 (custom)
2022-02-08 14:30:05,988 [pool-210-thread-1] INFO  server.RaftServerConfigKeys (ConfUtils.java:logGet(44)) - raft.server.log.force.sync.num = 128 (default)
2022-02-08 14:30:05,988 [pool-210-thread-1] INFO  server.RaftServerConfigKeys (ConfUtils.java:logGet(44)) - raft.server.log.statemachine.data.sync = true (default)
2022-02-08 14:30:05,988 [pool-210-thread-1] INFO  server.RaftServerConfigKeys (ConfUtils.java:logGet(44)) - raft.server.log.statemachine.data.sync.timeout = 10s (default)
2022-02-08 14:30:05,988 [pool-210-thread-1] INFO  server.RaftServerConfigKeys (ConfUtils.java:logGet(44)) - raft.server.log.statemachine.data.sync.timeout.retry = -1 (default)
2022-02-08 14:30:05,990 [pool-210-thread-1] INFO  server.RaftServerConfigKeys (ConfUtils.java:logGet(44)) - raft.server.log.write.buffer.size = 64KB (=65536) (default)
2022-02-08 14:30:05,990 [pool-210-thread-1] INFO  server.RaftServerConfigKeys (ConfUtils.java:logGet(44)) - raft.server.log.statemachine.data.caching.enabled = false (default)
2022-02-08 14:30:05,991 [pool-210-thread-1] INFO  server.RaftServer$Division (ServerState.java:setRaftConf(387)) - 7a675d49-8bf4-44ad-b841-6def84288824@group-FC99C0F819FC: set configuration 0: [7a675d49-8bf4-44ad-b841-6def84288824|rpc:localhost:40095|admin:|client:|dataStream:|priority:0], old=null
2022-02-08 14:30:05,991 [pool-210-thread-1] INFO  segmented.LogSegment (LogSegment.java:loadSegment(173)) - Successfully read 1 entries from segment file /home/runner/work/ozone/ozone/hadoop-ozone/integration-test/target/test-dir/MiniOzoneClusterImpl-be5678e2-4507-4d84-8cb9-fc99c0f819fc/scmNode-1/scm-ha/be5678e2-4507-4d84-8cb9-fc99c0f819fc/current/log_inprogress_0
2022-02-08 14:30:05,991 [pool-210-thread-1] INFO  segmented.SegmentedRaftLogWorker (SegmentedRaftLogWorker.java:lambda$new$0(133)) - 7a675d49-8bf4-44ad-b841-6def84288824@group-FC99C0F819FC-SegmentedRaftLogWorker: flushIndex: setUnconditionally 0 -> 0
2022-02-08 14:30:05,991 [pool-210-thread-1] INFO  segmented.SegmentedRaftLogWorker (SegmentedRaftLogWorker.java:lambda$new$0(133)) - 7a675d49-8bf4-44ad-b841-6def84288824@group-FC99C0F819FC-SegmentedRaftLogWorker: safeCacheEvictIndex: setUnconditionally 0 -> -1
2022-02-08 14:30:05,992 [pool-210-thread-1] INFO  server.RaftServerConfigKeys (ConfUtils.java:logGet(44)) - raft.server.snapshot.auto.trigger.enabled = true (custom)
2022-02-08 14:30:05,992 [pool-210-thread-1] INFO  server.RaftServerConfigKeys (ConfUtils.java:logGet(44)) - raft.server.snapshot.auto.trigger.threshold = 5 (custom)
2022-02-08 14:30:05,992 [pool-210-thread-1] INFO  server.RaftServerConfigKeys (ConfUtils.java:logGet(44)) - raft.server.snapshot.retention.file.num = -1 (default)
2022-02-08 14:30:05,992 [pool-210-thread-1] INFO  server.RaftServerConfigKeys (ConfUtils.java:logGet(44)) - raft.server.log.purge.upto.snapshot.index = true (custom)
2022-02-08 14:30:05,992 [pool-210-thread-1] INFO  server.RaftServerConfigKeys (ConfUtils.java:logGet(44)) - raft.server.retrycache.expirytime = 60000ms (default)
2022-02-08 14:30:05,992 [pool-210-thread-1] INFO  server.RaftServerConfigKeys (ConfUtils.java:logGet(44)) - raft.server.retrycache.statistics.expirytime = 100μs (default)
2022-02-08 14:30:05,993 [Listener at 127.0.0.1/44931] INFO  ha.SCMSnapshotProvider (SCMSnapshotProvider.java:<init>(66)) - Initializing SCM Snapshot Provider
2022-02-08 14:30:05,993 [Listener at 127.0.0.1/44931] WARN  server.ServerUtils (ServerUtils.java:getDefaultRatisDirectory(237)) - Storage directory for Ratis is not configured. It is a good idea to map this to an SSD disk. Falling back to ozone.metadata.dirs
2022-02-08 14:30:05,993 [Listener at 127.0.0.1/44931] WARN  ha.SCMHAUtils (SCMHAUtils.java:getSCMRatisSnapshotDirectory(146)) - SCM snapshot dir is not configured. Falling back to ozone.metadata.dirs config
2022-02-08 14:30:05,994 [Listener at 127.0.0.1/44931] INFO  ha.SequenceIdGenerator (SequenceIdGenerator.java:upgradeToSequenceId(347)) - upgrade localId to 109611004723200000
2022-02-08 14:30:05,994 [Listener at 127.0.0.1/44931] INFO  ha.SequenceIdGenerator (SequenceIdGenerator.java:upgradeToSequenceId(357)) - upgrade delTxnId to 0
2022-02-08 14:30:05,994 [Listener at 127.0.0.1/44931] INFO  ha.SequenceIdGenerator (SequenceIdGenerator.java:upgradeToSequenceId(371)) - upgrade containerId to 0
2022-02-08 14:30:05,994 [Listener at 127.0.0.1/44931] INFO  ha.SequenceIdGenerator (SequenceIdGenerator.java:<init>(218)) - Init the HA SequenceIdGenerator.
2022-02-08 14:30:06,001 [Listener at 127.0.0.1/44931] INFO  node.SCMNodeManager (SCMNodeManager.java:<init>(144)) - Entering startup safe mode.
2022-02-08 14:30:06,001 [Listener at 127.0.0.1/44931] INFO  algorithms.ContainerPlacementPolicyFactory (ContainerPlacementPolicyFactory.java:getPolicy(60)) - Create container placement policy of type org.apache.hadoop.hdds.scm.container.placement.algorithms.SCMContainerPlacementRandom
2022-02-08 14:30:06,001 [Listener at 127.0.0.1/44931] INFO  pipeline.PipelineStateManagerImpl (PipelineStateManagerImpl.java:initialize(78)) - No pipeline exists in current db
2022-02-08 14:30:06,001 [Listener at 127.0.0.1/44931] INFO  algorithms.LeaderChoosePolicyFactory (LeaderChoosePolicyFactory.java:getPolicy(57)) - Create leader choose policy of type org.apache.hadoop.hdds.scm.pipeline.leader.choose.algorithms.MinLeaderCountChoosePolicy
2022-02-08 14:30:06,002 [Listener at 127.0.0.1/44931] INFO  ha.SCMServiceManager (SCMServiceManager.java:register(43)) - Registering service BackgroundPipelineCreator.
2022-02-08 14:30:06,002 [Listener at 127.0.0.1/44931] INFO  pipeline.BackgroundPipelineCreator (BackgroundPipelineCreator.java:start(130)) - Starting RatisPipelineUtilsThread.
2022-02-08 14:30:06,013 [Listener at 127.0.0.1/44931] INFO  algorithms.PipelineChoosePolicyFactory (PipelineChoosePolicyFactory.java:createPipelineChoosePolicyFromClass(73)) - Create pipeline choose policy of type org.apache.hadoop.hdds.scm.pipeline.choose.algorithms.RandomPipelineChoosePolicy
2022-02-08 14:30:06,013 [Listener at 127.0.0.1/44931] INFO  ha.SCMServiceManager (SCMServiceManager.java:register(43)) - Registering service SCMBlockDeletingService.
2022-02-08 14:30:06,014 [Listener at 127.0.0.1/44931] INFO  ha.SCMServiceManager (SCMServiceManager.java:register(43)) - Registering service ReplicationManager.
2022-02-08 14:30:06,014 [Listener at 127.0.0.1/44931] INFO  container.ReplicationManager (ReplicationManager.java:start(326)) - Starting Replication Monitor Thread.
2022-02-08 14:30:06,021 [ReplicationMonitor] INFO  container.ReplicationManager (ReplicationManager.java:processAll(374)) - Replication Manager is not ready to run until 300000ms after safemode exit
2022-02-08 14:30:06,021 [Listener at 127.0.0.1/44931] INFO  safemode.ContainerSafeModeRule (ContainerSafeModeRule.java:<init>(89)) - containers with one replica threshold count 0
2022-02-08 14:30:06,021 [Listener at 127.0.0.1/44931] INFO  safemode.HealthyPipelineSafeModeRule (HealthyPipelineSafeModeRule.java:initializeRule(156)) - Total pipeline count is 0, healthy pipeline threshold count is 1
2022-02-08 14:30:06,021 [Listener at 127.0.0.1/44931] INFO  safemode.OneReplicaPipelineSafeModeRule (OneReplicaPipelineSafeModeRule.java:initializeRule(180)) - Total pipeline count is 0, pipeline's with at least one datanode reported threshold count is 0
2022-02-08 14:30:06,022 [Listener at 127.0.0.1/44931] INFO  ipc.CallQueueManager (CallQueueManager.java:<init>(90)) - Using callQueue: class java.util.concurrent.LinkedBlockingQueue, queueCapacity: 10000, scheduler: class org.apache.hadoop.ipc.DefaultRpcScheduler, ipcBackoff: false.
2022-02-08 14:30:06,022 [Socket Reader #1 for port 40885] INFO  ipc.Server (Server.java:run(1265)) - Starting Socket Reader #1 for port 40885
2022-02-08 14:30:06,023 [Listener at 0.0.0.0/40885] INFO  ipc.CallQueueManager (CallQueueManager.java:<init>(90)) - Using callQueue: class java.util.concurrent.LinkedBlockingQueue, queueCapacity: 10000, scheduler: class org.apache.hadoop.ipc.DefaultRpcScheduler, ipcBackoff: false.
2022-02-08 14:30:06,023 [Socket Reader #1 for port 37787] INFO  ipc.Server (Server.java:run(1265)) - Starting Socket Reader #1 for port 37787
2022-02-08 14:30:06,024 [Listener at 0.0.0.0/37787] INFO  ipc.CallQueueManager (CallQueueManager.java:<init>(90)) - Using callQueue: class java.util.concurrent.LinkedBlockingQueue, queueCapacity: 10000, scheduler: class org.apache.hadoop.ipc.DefaultRpcScheduler, ipcBackoff: false.
2022-02-08 14:30:06,024 [Socket Reader #1 for port 38025] INFO  ipc.Server (Server.java:run(1265)) - Starting Socket Reader #1 for port 38025
2022-02-08 14:30:06,064 [Listener at 0.0.0.0/38025] INFO  algorithms.ContainerPlacementPolicyFactory (ContainerPlacementPolicyFactory.java:getPolicy(60)) - Create container placement policy of type org.apache.hadoop.hdds.scm.container.placement.algorithms.SCMContainerPlacementRandom
2022-02-08 14:30:06,073 [Listener at 0.0.0.0/38025] INFO  server.StorageContainerManager (StorageContainerManager.java:<init>(388)) - 
Container Balancer status:
Key                            Value
Running                        false
Container Balancer Configuration values:
Key                                                Value
Threshold                                          10
Max Datanodes to Involve per Iteration(percent)    20
Max Size to Move per Iteration                     500GB
Max Size Entering Target per Iteration             26GB
Max Size Leaving Source per Iteration              26GB

2022-02-08 14:30:06,080 [Listener at 0.0.0.0/38025] WARN  events.EventQueue (EventQueue.java:fireEvent(194)) - No event handler registered for event TypedEvent{payloadType=SafeModeStatus, name='Safe mode status'}
2022-02-08 14:30:06,081 [Listener at 0.0.0.0/38025] INFO  ha.SCMContext (SCMContext.java:updateSafeModeStatus(211)) - Update SafeModeStatus from SafeModeStatus{safeModeStatus=true, preCheckPassed=false} to SafeModeStatus{safeModeStatus=true, preCheckPassed=false}.
2022-02-08 14:30:06,081 [Listener at 0.0.0.0/38025] INFO  server.StorageContainerManager (StorageContainerManager.java:start(1303)) - StorageContainerLocationProtocol RPC server is listening at /0.0.0.0:38025
2022-02-08 14:30:06,081 [Listener at 0.0.0.0/38025] INFO  ha.SCMRatisServerImpl (SCMRatisServerImpl.java:start(177)) - starting ratis server 0.0.0.0:40095
2022-02-08 14:30:06,081 [Listener at 0.0.0.0/38025] INFO  server.RaftServer$Division (RaftServerImpl.java:start(301)) - 7a675d49-8bf4-44ad-b841-6def84288824@group-FC99C0F819FC: start as a follower, conf=0: [7a675d49-8bf4-44ad-b841-6def84288824|rpc:localhost:40095|admin:|client:|dataStream:|priority:0], old=null
2022-02-08 14:30:06,081 [Listener at 0.0.0.0/38025] INFO  server.RaftServer$Division (RaftServerImpl.java:setRole(290)) - 7a675d49-8bf4-44ad-b841-6def84288824@group-FC99C0F819FC: changes role from      null to FOLLOWER at term 1 for startAsFollower
2022-02-08 14:30:06,081 [Listener at 0.0.0.0/38025] INFO  impl.RoleInfo (RoleInfo.java:updateAndGet(130)) - 7a675d49-8bf4-44ad-b841-6def84288824: start 7a675d49-8bf4-44ad-b841-6def84288824@group-FC99C0F819FC-FollowerState
2022-02-08 14:30:06,109 [Listener at 0.0.0.0/38025] INFO  util.JmxRegister (JmxRegister.java:tryRegister(44)) - Successfully registered JMX Bean with object name Ratis:service=RaftServer,group=group-FC99C0F819FC,id=7a675d49-8bf4-44ad-b841-6def84288824
2022-02-08 14:30:06,112 [Listener at 0.0.0.0/38025] INFO  server.RaftServer (RaftServerProxy.java:lambda$start$5(374)) - 7a675d49-8bf4-44ad-b841-6def84288824: start RPC server
2022-02-08 14:30:06,113 [Listener at 0.0.0.0/38025] INFO  server.GrpcService (GrpcService.java:startImpl(253)) - 7a675d49-8bf4-44ad-b841-6def84288824: GrpcService started, listening on 40095
2022-02-08 14:30:06,124 [Listener at 0.0.0.0/38025] INFO  ha.SCMHAManagerImpl (SCMHAManagerImpl.java:start(121)) -  scm role is FOLLOWER peers [7a675d49-8bf4-44ad-b841-6def84288824|rpc:localhost:40095|admin:|client:|dataStream:|priority:0]
2022-02-08 14:30:06,125 [Listener at 0.0.0.0/38025] INFO  ha.InterSCMGrpcService (InterSCMGrpcProtocolService.java:start(94)) - Starting SCM Grpc Service at port 34777
2022-02-08 14:30:06,126 [Listener at 0.0.0.0/38025] WARN  impl.MetricsConfig (MetricsConfig.java:loadFirst(136)) - Cannot locate configuration: tried hadoop-metrics2-storagecontainermanager.properties,hadoop-metrics2.properties
2022-02-08 14:30:06,127 [org.apache.ratis.util.JvmPauseMonitor$$Lambda$503/424226973@6a4b956f] INFO  util.JvmPauseMonitor (JvmPauseMonitor.java:run(103)) - JvmPauseMonitor-7a675d49-8bf4-44ad-b841-6def84288824: Started
2022-02-08 14:30:06,137 [Listener at 0.0.0.0/38025] INFO  impl.MetricsSystemImpl (MetricsSystemImpl.java:startTimer(378)) - Scheduled Metric snapshot period at 10 second(s).
2022-02-08 14:30:06,137 [Listener at 0.0.0.0/38025] INFO  impl.MetricsSystemImpl (MetricsSystemImpl.java:start(191)) - StorageContainerManager metrics system started
2022-02-08 14:30:06,156 [Listener at 0.0.0.0/38025] INFO  impl.MetricsSinkAdapter (MetricsSinkAdapter.java:start(204)) - Sink prometheus started
2022-02-08 14:30:06,161 [Listener at 0.0.0.0/38025] INFO  impl.MetricsSystemImpl (MetricsSystemImpl.java:registerSink(305)) - Registered sink prometheus
2022-02-08 14:30:06,197 [Listener at 0.0.0.0/38025] INFO  server.SCMClientProtocolServer (SCMClientProtocolServer.java:start(165)) - RPC server for Client  is listening at /0.0.0.0:38025
2022-02-08 14:30:06,206 [IPC Server Responder] INFO  ipc.Server (Server.java:run(1507)) - IPC Server Responder: starting
2022-02-08 14:30:06,212 [IPC Server listener on 38025] INFO  ipc.Server (Server.java:run(1344)) - IPC Server listener on 38025: starting
2022-02-08 14:30:06,293 [Listener at 0.0.0.0/38025] INFO  server.StorageContainerManager (StorageContainerManager.java:start(1318)) - ScmBlockLocationProtocol RPC server is listening at /0.0.0.0:37787
2022-02-08 14:30:06,293 [Listener at 0.0.0.0/38025] INFO  server.SCMBlockProtocolServer (SCMBlockProtocolServer.java:start(151)) - RPC server for Block Protocol is listening at /0.0.0.0:37787
2022-02-08 14:30:06,302 [IPC Server listener on 37787] INFO  ipc.Server (Server.java:run(1344)) - IPC Server listener on 37787: starting
2022-02-08 14:30:06,302 [IPC Server Responder] INFO  ipc.Server (Server.java:run(1507)) - IPC Server Responder: starting
2022-02-08 14:30:06,481 [Listener at 0.0.0.0/38025] INFO  http.BaseHttpServer (BaseHttpServer.java:newHttpServer2BuilderForOzone(209)) - Starting Web-server for scm at: http://0.0.0.0:45297
2022-02-08 14:30:06,481 [Listener at 0.0.0.0/38025] INFO  http.BaseHttpServer (BaseHttpServer.java:<init>(107)) - Hadoop Security Enabled: false Ozone Security Enabled: false Ozone HTTP Security Enabled: false 
2022-02-08 14:30:06,482 [Listener at 0.0.0.0/38025] INFO  server.AuthenticationFilter (AuthenticationFilter.java:constructSecretProvider(240)) - Unable to initialize FileSignerSecretProvider, falling back to use random secrets.
2022-02-08 14:30:06,483 [org.apache.hadoop.util.JvmPauseMonitor$Monitor@636e9a4e] INFO  util.JvmPauseMonitor (JvmPauseMonitor.java:run(188)) - Starting JVM pause monitor
2022-02-08 14:30:06,493 [Listener at 0.0.0.0/38025] WARN  http.HttpRequestLog (HttpRequestLog.java:getRequestLog(103)) - Jetty request log can only be enabled using Log4j
2022-02-08 14:30:06,493 [Listener at 0.0.0.0/38025] INFO  http.HttpServer2 (HttpServer2.java:addGlobalFilter(1030)) - Added global filter 'safety' (class=org.apache.hadoop.hdds.server.http.HttpServer2$QuotingInputFilter)
2022-02-08 14:30:06,494 [Listener at 0.0.0.0/38025] INFO  http.HttpServer2 (HttpServer2.java:addFilter(1006)) - Added filter static_user_filter (class=org.apache.hadoop.http.lib.StaticUserWebFilter$StaticUserFilter) to context scm
2022-02-08 14:30:06,494 [Listener at 0.0.0.0/38025] INFO  http.HttpServer2 (HttpServer2.java:addFilter(1014)) - Added filter static_user_filter (class=org.apache.hadoop.http.lib.StaticUserWebFilter$StaticUserFilter) to context static
2022-02-08 14:30:06,494 [Listener at 0.0.0.0/38025] INFO  http.HttpServer2 (HttpServer2.java:addFilter(1014)) - Added filter static_user_filter (class=org.apache.hadoop.http.lib.StaticUserWebFilter$StaticUserFilter) to context logs
2022-02-08 14:30:06,495 [Listener at 0.0.0.0/38025] INFO  http.HttpServer2 (HttpServer2.java:bindListener(1249)) - Jetty bound to port 45297
2022-02-08 14:30:06,495 [Listener at 0.0.0.0/38025] INFO  server.Server (Server.java:doStart(375)) - jetty-9.4.43.v20210629; built: 2021-06-30T11:07:22.254Z; git: 526006ecfa3af7f1a27ef3a288e2bef7ea9dd7e8; jvm 1.8.0_312-b07
2022-02-08 14:30:06,529 [Listener at 0.0.0.0/38025] INFO  server.session (DefaultSessionIdManager.java:doStart(334)) - DefaultSessionIdManager workerName=node0
2022-02-08 14:30:06,529 [Listener at 0.0.0.0/38025] INFO  server.session (DefaultSessionIdManager.java:doStart(339)) - No SessionScavenger set, using defaults
2022-02-08 14:30:06,529 [Listener at 0.0.0.0/38025] INFO  server.session (HouseKeeper.java:startScavenging(132)) - node0 Scavenging every 600000ms
2022-02-08 14:30:06,537 [Listener at 0.0.0.0/38025] INFO  handler.ContextHandler (ContextHandler.java:doStart(915)) - Started o.e.j.s.ServletContextHandler@269abd62{logs,/logs,file:///home/runner/work/ozone/ozone/hadoop-ozone/integration-test/target/log,AVAILABLE}
2022-02-08 14:30:06,537 [Listener at 0.0.0.0/38025] INFO  handler.ContextHandler (ContextHandler.java:doStart(915)) - Started o.e.j.s.ServletContextHandler@56352274{static,/static,file:///home/runner/work/ozone/ozone/hadoop-ozone/integration-test/target/test-classes/webapps/static,AVAILABLE}
2022-02-08 14:30:06,540 [Listener at 0.0.0.0/38025] INFO  handler.ContextHandler (ContextHandler.java:doStart(915)) - Started o.e.j.w.WebAppContext@6cf5cb11{scm,/,file:///home/runner/work/ozone/ozone/hadoop-ozone/integration-test/target/test-classes/webapps/scm/,AVAILABLE}{file:/home/runner/work/ozone/ozone/hadoop-ozone/integration-test/target/test-classes/webapps/scm}
2022-02-08 14:30:06,543 [Listener at 0.0.0.0/38025] INFO  server.AbstractConnector (AbstractConnector.java:doStart(331)) - Started ServerConnector@2c04e8e7{HTTP/1.1, (http/1.1)}{0.0.0.0:45297}
2022-02-08 14:30:06,543 [Listener at 0.0.0.0/38025] INFO  server.Server (Server.java:doStart(415)) - Started @78283ms
2022-02-08 14:30:06,544 [Listener at 0.0.0.0/38025] WARN  impl.MetricsSystemImpl (MetricsSystemImpl.java:register(279)) - Sink prometheus already exists!
2022-02-08 14:30:06,544 [Listener at 0.0.0.0/38025] INFO  http.BaseHttpServer (BaseHttpServer.java:updateConnectorAddress(329)) - HTTP server of scm listening at http://0.0.0.0:45297
2022-02-08 14:30:06,544 [Listener at 0.0.0.0/38025] INFO  ozone.MiniOzoneHAClusterImpl (MiniOzoneHAClusterImpl.java:createSCMService(600)) - Started SCM RPC server at /0.0.0.0:38025
2022-02-08 14:30:06,545 [Listener at 0.0.0.0/38025] INFO  ha.SCMHANodeDetails (SCMHANodeDetails.java:loadSCMHAConfig(157)) - ServiceID for StorageContainerManager is scm-service-test1
2022-02-08 14:30:06,545 [Listener at 0.0.0.0/38025] INFO  ha.SCMHANodeDetails (SCMHANodeDetails.java:loadSCMHAConfig(168)) - ServiceID for StorageContainerManager is scm-service-test1
2022-02-08 14:30:06,545 [Listener at 0.0.0.0/38025] WARN  scm.ScmUtils (ScmUtils.java:logWarn(179)) - ConfigKey ozone.scm.block.client.address is deprecated, For configuring different ports for each SCM use PortConfigKey ozone.scm.block.client.port appended with serviceId and nodeId. If want to configure same port configure ozone.scm.block.client.port
2022-02-08 14:30:06,545 [Listener at 0.0.0.0/38025] WARN  scm.ScmUtils (ScmUtils.java:logWarn(179)) - ConfigKey ozone.scm.client.address is deprecated, For configuring different ports for each SCM use PortConfigKey ozone.scm.client.port appended with serviceId and nodeId. If want to configure same port configure ozone.scm.client.port
2022-02-08 14:30:06,545 [Listener at 0.0.0.0/38025] WARN  scm.ScmUtils (ScmUtils.java:logWarn(179)) - ConfigKey ozone.scm.datanode.address is deprecated, For configuring different ports for each SCM use PortConfigKey ozone.scm.datanode.port appended with serviceId and nodeId. If want to configure same port configure ozone.scm.datanode.port
2022-02-08 14:30:06,545 [Listener at 0.0.0.0/38025] WARN  scm.ScmUtils (ScmUtils.java:logWarn(179)) - ConfigKey ozone.scm.block.client.address is deprecated, For configuring different ports for each SCM use PortConfigKey ozone.scm.block.client.port appended with serviceId and nodeId. If want to configure same port configure ozone.scm.block.client.port
2022-02-08 14:30:06,546 [Listener at 0.0.0.0/38025] WARN  scm.ScmUtils (ScmUtils.java:logWarn(179)) - ConfigKey ozone.scm.client.address is deprecated, For configuring different ports for each SCM use PortConfigKey ozone.scm.client.port appended with serviceId and nodeId. If want to configure same port configure ozone.scm.client.port
2022-02-08 14:30:06,546 [Listener at 0.0.0.0/38025] WARN  scm.ScmUtils (ScmUtils.java:logWarn(179)) - ConfigKey ozone.scm.datanode.address is deprecated, For configuring different ports for each SCM use PortConfigKey ozone.scm.datanode.port appended with serviceId and nodeId. If want to configure same port configure ozone.scm.datanode.port
2022-02-08 14:30:06,546 [Listener at 0.0.0.0/38025] INFO  ha.SCMHANodeDetails (SCMHANodeDetails.java:loadSCMHAConfig(250)) - Found matching SCM address with SCMServiceId: scm-service-test1, SCMNodeId: scmNode-2, RPC Address: localhost:32921 and Ratis port: 32921
2022-02-08 14:30:06,546 [Listener at 0.0.0.0/38025] INFO  ha.SCMHANodeDetails (ConfUtils.java:setNodeSpecificConfigs(108)) - Setting configuration key ozone.scm.datanode.address with value of key ozone.scm.datanode.address.scm-service-test1.scmNode-2: 127.0.0.1:45997
2022-02-08 14:30:06,546 [Listener at 0.0.0.0/38025] INFO  ha.SCMHANodeDetails (ConfUtils.java:setNodeSpecificConfigs(108)) - Setting configuration key ozone.scm.block.client.address with value of key ozone.scm.block.client.address.scm-service-test1.scmNode-2: 127.0.0.1:37139
2022-02-08 14:30:06,546 [Listener at 0.0.0.0/38025] INFO  ha.SCMHANodeDetails (ConfUtils.java:setNodeSpecificConfigs(108)) - Setting configuration key ozone.scm.client.address with value of key ozone.scm.client.address.scm-service-test1.scmNode-2: 127.0.0.1:32839
2022-02-08 14:30:06,546 [Listener at 0.0.0.0/38025] INFO  ha.SCMHANodeDetails (ConfUtils.java:setNodeSpecificConfigs(108)) - Setting configuration key ozone.scm.ratis.port with value of key ozone.scm.ratis.port.scm-service-test1.scmNode-2: 32921
2022-02-08 14:30:06,546 [Listener at 0.0.0.0/38025] INFO  ha.SCMHANodeDetails (ConfUtils.java:setNodeSpecificConfigs(108)) - Setting configuration key ozone.scm.grpc.port with value of key ozone.scm.grpc.port.scm-service-test1.scmNode-2: 36127
2022-02-08 14:30:06,546 [Listener at 0.0.0.0/38025] INFO  ha.SCMHANodeDetails (ConfUtils.java:setNodeSpecificConfigs(108)) - Setting configuration key ozone.scm.http-address with value of key ozone.scm.http-address.scm-service-test1.scmNode-2: 127.0.0.1:37913
2022-02-08 14:30:06,546 [Listener at 0.0.0.0/38025] INFO  ha.SCMHANodeDetails (ConfUtils.java:setNodeSpecificConfigs(108)) - Setting configuration key ozone.scm.https-address with value of key ozone.scm.https-address.scm-service-test1.scmNode-2: 127.0.0.1:40825
2022-02-08 14:30:06,546 [Listener at 0.0.0.0/38025] INFO  ha.SCMHANodeDetails (ConfUtils.java:setNodeSpecificConfigs(108)) - Setting configuration key ozone.scm.address with value of key ozone.scm.address.scm-service-test1.scmNode-2: 127.0.0.1
2022-02-08 14:30:06,547 [Listener at 0.0.0.0/38025] WARN  scm.ScmUtils (ScmUtils.java:logWarn(179)) - ConfigKey ozone.scm.block.client.address is deprecated, For configuring different ports for each SCM use PortConfigKey ozone.scm.block.client.port appended with serviceId and nodeId. If want to configure same port configure ozone.scm.block.client.port
2022-02-08 14:30:06,547 [Listener at 0.0.0.0/38025] WARN  scm.ScmUtils (ScmUtils.java:logWarn(179)) - ConfigKey ozone.scm.client.address is deprecated, For configuring different ports for each SCM use PortConfigKey ozone.scm.client.port appended with serviceId and nodeId. If want to configure same port configure ozone.scm.client.port
2022-02-08 14:30:06,547 [Listener at 0.0.0.0/38025] WARN  scm.ScmUtils (ScmUtils.java:logWarn(179)) - ConfigKey ozone.scm.datanode.address is deprecated, For configuring different ports for each SCM use PortConfigKey ozone.scm.datanode.port appended with serviceId and nodeId. If want to configure same port configure ozone.scm.datanode.port
2022-02-08 14:30:06,547 [Listener at 0.0.0.0/38025] WARN  server.ServerUtils (ServerUtils.java:getScmDbDir(148)) - ozone.scm.db.dirs is not configured. We recommend adding this setting. Falling back to ozone.metadata.dirs instead.
2022-02-08 14:30:06,548 [Listener at 0.0.0.0/38025] INFO  ha.SCMNodeInfo (SCMNodeInfo.java:getPort(197)) - ConfigKey ozone.scm.client.address is deprecated, For configuring different ports for each SCM use PortConfigKey ozone.scm.client.port appended with serviceId and nodeId
2022-02-08 14:30:06,548 [Listener at 0.0.0.0/38025] INFO  ha.SCMNodeInfo (SCMNodeInfo.java:getPort(197)) - ConfigKey ozone.scm.block.client.address is deprecated, For configuring different ports for each SCM use PortConfigKey ozone.scm.block.client.port appended with serviceId and nodeId
2022-02-08 14:30:06,548 [Listener at 0.0.0.0/38025] INFO  ha.SCMNodeInfo (SCMNodeInfo.java:getPort(197)) - ConfigKey ozone.scm.datanode.address is deprecated, For configuring different ports for each SCM use PortConfigKey ozone.scm.datanode.port appended with serviceId and nodeId
2022-02-08 14:30:06,548 [Listener at 0.0.0.0/38025] INFO  ha.SCMNodeInfo (SCMNodeInfo.java:getPort(197)) - ConfigKey ozone.scm.client.address is deprecated, For configuring different ports for each SCM use PortConfigKey ozone.scm.client.port appended with serviceId and nodeId
2022-02-08 14:30:06,556 [EndpointStateMachine task thread for /127.0.0.1:41397 - 0 ] INFO  ipc.Client (Client.java:handleConnectionFailure(977)) - Retrying connect to server: localhost/127.0.0.1:41397. Already tried 13 time(s); retry policy is RetryUpToMaximumCountWithFixedSleep(maxRetries=15, sleepTime=1000 MILLISECONDS)
2022-02-08 14:30:06,554 [EndpointStateMachine task thread for /127.0.0.1:32969 - 0 ] INFO  ipc.Client (Client.java:handleConnectionFailure(977)) - Retrying connect to server: localhost/127.0.0.1:32969. Already tried 13 time(s); retry policy is RetryUpToMaximumCountWithFixedSleep(maxRetries=15, sleepTime=1000 MILLISECONDS)
2022-02-08 14:30:06,554 [EndpointStateMachine task thread for /127.0.0.1:40085 - 0 ] INFO  ipc.Client (Client.java:handleConnectionFailure(977)) - Retrying connect to server: localhost/127.0.0.1:40085. Already tried 13 time(s); retry policy is RetryUpToMaximumCountWithFixedSleep(maxRetries=15, sleepTime=1000 MILLISECONDS)
2022-02-08 14:30:06,559 [Listener at 0.0.0.0/38025] INFO  ha.SCMNodeInfo (SCMNodeInfo.java:getPort(197)) - ConfigKey ozone.scm.block.client.address is deprecated, For configuring different ports for each SCM use PortConfigKey ozone.scm.block.client.port appended with serviceId and nodeId
2022-02-08 14:30:06,559 [Listener at 0.0.0.0/38025] INFO  ha.SCMNodeInfo (SCMNodeInfo.java:getPort(197)) - ConfigKey ozone.scm.datanode.address is deprecated, For configuring different ports for each SCM use PortConfigKey ozone.scm.datanode.port appended with serviceId and nodeId
2022-02-08 14:30:06,560 [Listener at 0.0.0.0/38025] INFO  ha.SCMNodeInfo (SCMNodeInfo.java:getPort(197)) - ConfigKey ozone.scm.client.address is deprecated, For configuring different ports for each SCM use PortConfigKey ozone.scm.client.port appended with serviceId and nodeId
2022-02-08 14:30:06,560 [Listener at 0.0.0.0/38025] INFO  ha.SCMNodeInfo (SCMNodeInfo.java:getPort(197)) - ConfigKey ozone.scm.block.client.address is deprecated, For configuring different ports for each SCM use PortConfigKey ozone.scm.block.client.port appended with serviceId and nodeId
2022-02-08 14:30:06,560 [Listener at 0.0.0.0/38025] INFO  ha.SCMNodeInfo (SCMNodeInfo.java:getPort(197)) - ConfigKey ozone.scm.datanode.address is deprecated, For configuring different ports for each SCM use PortConfigKey ozone.scm.datanode.port appended with serviceId and nodeId
2022-02-08 14:30:07,559 [EndpointStateMachine task thread for /127.0.0.1:41397 - 0 ] INFO  ipc.Client (Client.java:handleConnectionFailure(977)) - Retrying connect to server: localhost/127.0.0.1:41397. Already tried 14 time(s); retry policy is RetryUpToMaximumCountWithFixedSleep(maxRetries=15, sleepTime=1000 MILLISECONDS)
2022-02-08 14:30:07,560 [EndpointStateMachine task thread for /127.0.0.1:32969 - 0 ] INFO  ipc.Client (Client.java:handleConnectionFailure(977)) - Retrying connect to server: localhost/127.0.0.1:32969. Already tried 14 time(s); retry policy is RetryUpToMaximumCountWithFixedSleep(maxRetries=15, sleepTime=1000 MILLISECONDS)
2022-02-08 14:30:07,560 [EndpointStateMachine task thread for /127.0.0.1:40085 - 0 ] INFO  ipc.Client (Client.java:handleConnectionFailure(977)) - Retrying connect to server: localhost/127.0.0.1:40085. Already tried 14 time(s); retry policy is RetryUpToMaximumCountWithFixedSleep(maxRetries=15, sleepTime=1000 MILLISECONDS)
2022-02-08 14:30:08,560 [EndpointStateMachine task thread for /127.0.0.1:41397 - 0 ] INFO  ipc.Client (Client.java:handleConnectionFailure(977)) - Retrying connect to server: localhost/127.0.0.1:41397. Already tried 0 time(s); retry policy is RetryUpToMaximumCountWithFixedSleep(maxRetries=15, sleepTime=1000 MILLISECONDS)
2022-02-08 14:30:08,561 [EndpointStateMachine task thread for /127.0.0.1:32969 - 0 ] INFO  ipc.Client (Client.java:handleConnectionFailure(977)) - Retrying connect to server: localhost/127.0.0.1:32969. Already tried 0 time(s); retry policy is RetryUpToMaximumCountWithFixedSleep(maxRetries=15, sleepTime=1000 MILLISECONDS)
2022-02-08 14:30:08,564 [EndpointStateMachine task thread for /127.0.0.1:40085 - 0 ] INFO  ipc.Client (Client.java:handleConnectionFailure(977)) - Retrying connect to server: localhost/127.0.0.1:40085. Already tried 0 time(s); retry policy is RetryUpToMaximumCountWithFixedSleep(maxRetries=15, sleepTime=1000 MILLISECONDS)
2022-02-08 14:30:08,593 [Listener at 0.0.0.0/38025] INFO  retry.RetryInvocationHandler (RetryInvocationHandler.java:log(411)) - com.google.protobuf.ServiceException: java.net.ConnectException: Call From fv-az151-746/10.1.0.25 to localhost:37139 failed on connection exception: java.net.ConnectException: Connection refused; For more details see:  http://wiki.apache.org/hadoop/ConnectionRefused, while invoking $Proxy39.send over nodeId=scmNode-2,nodeAddress=/127.0.0.1:37139 after 1 failover attempts. Trying to failover after sleeping for 2000ms.
2022-02-08 14:30:09,560 [EndpointStateMachine task thread for /127.0.0.1:41397 - 0 ] INFO  ipc.Client (Client.java:handleConnectionFailure(977)) - Retrying connect to server: localhost/127.0.0.1:41397. Already tried 1 time(s); retry policy is RetryUpToMaximumCountWithFixedSleep(maxRetries=15, sleepTime=1000 MILLISECONDS)
2022-02-08 14:30:09,561 [EndpointStateMachine task thread for /127.0.0.1:32969 - 0 ] INFO  ipc.Client (Client.java:handleConnectionFailure(977)) - Retrying connect to server: localhost/127.0.0.1:32969. Already tried 1 time(s); retry policy is RetryUpToMaximumCountWithFixedSleep(maxRetries=15, sleepTime=1000 MILLISECONDS)
2022-02-08 14:30:09,564 [EndpointStateMachine task thread for /127.0.0.1:40085 - 0 ] INFO  ipc.Client (Client.java:handleConnectionFailure(977)) - Retrying connect to server: localhost/127.0.0.1:40085. Already tried 1 time(s); retry policy is RetryUpToMaximumCountWithFixedSleep(maxRetries=15, sleepTime=1000 MILLISECONDS)
2022-02-08 14:30:10,561 [EndpointStateMachine task thread for /127.0.0.1:41397 - 0 ] INFO  ipc.Client (Client.java:handleConnectionFailure(977)) - Retrying connect to server: localhost/127.0.0.1:41397. Already tried 2 time(s); retry policy is RetryUpToMaximumCountWithFixedSleep(maxRetries=15, sleepTime=1000 MILLISECONDS)
2022-02-08 14:30:10,562 [EndpointStateMachine task thread for /127.0.0.1:32969 - 0 ] INFO  ipc.Client (Client.java:handleConnectionFailure(977)) - Retrying connect to server: localhost/127.0.0.1:32969. Already tried 2 time(s); retry policy is RetryUpToMaximumCountWithFixedSleep(maxRetries=15, sleepTime=1000 MILLISECONDS)
2022-02-08 14:30:10,564 [EndpointStateMachine task thread for /127.0.0.1:40085 - 0 ] INFO  ipc.Client (Client.java:handleConnectionFailure(977)) - Retrying connect to server: localhost/127.0.0.1:40085. Already tried 2 time(s); retry policy is RetryUpToMaximumCountWithFixedSleep(maxRetries=15, sleepTime=1000 MILLISECONDS)
2022-02-08 14:30:10,594 [Listener at 0.0.0.0/38025] INFO  retry.RetryInvocationHandler (RetryInvocationHandler.java:log(411)) - com.google.protobuf.ServiceException: java.net.ConnectException: Call From fv-az151-746/10.1.0.25 to localhost:33091 failed on connection exception: java.net.ConnectException: Connection refused; For more details see:  http://wiki.apache.org/hadoop/ConnectionRefused, while invoking $Proxy39.send over nodeId=scmNode-3,nodeAddress=/127.0.0.1:33091 after 2 failover attempts. Trying to failover after sleeping for 2000ms.
2022-02-08 14:30:11,302 [7a675d49-8bf4-44ad-b841-6def84288824@group-FC99C0F819FC-FollowerState] INFO  impl.FollowerState (FollowerState.java:run(134)) - 7a675d49-8bf4-44ad-b841-6def84288824@group-FC99C0F819FC-FollowerState: change to CANDIDATE, lastRpcElapsedTime:5220173390ns, electionTimeout:5193ms
2022-02-08 14:30:11,302 [7a675d49-8bf4-44ad-b841-6def84288824@group-FC99C0F819FC-FollowerState] INFO  impl.RoleInfo (RoleInfo.java:shutdownFollowerState(108)) - 7a675d49-8bf4-44ad-b841-6def84288824: shutdown 7a675d49-8bf4-44ad-b841-6def84288824@group-FC99C0F819FC-FollowerState
2022-02-08 14:30:11,302 [7a675d49-8bf4-44ad-b841-6def84288824@group-FC99C0F819FC-FollowerState] INFO  server.RaftServer$Division (RaftServerImpl.java:setRole(290)) - 7a675d49-8bf4-44ad-b841-6def84288824@group-FC99C0F819FC: changes role from  FOLLOWER to CANDIDATE at term 1 for changeToCandidate
2022-02-08 14:30:11,302 [7a675d49-8bf4-44ad-b841-6def84288824@group-FC99C0F819FC-FollowerState] INFO  server.RaftServerConfigKeys (ConfUtils.java:logGet(44)) - raft.server.leaderelection.pre-vote = false (custom)
2022-02-08 14:30:11,302 [7a675d49-8bf4-44ad-b841-6def84288824@group-FC99C0F819FC-FollowerState] INFO  impl.RoleInfo (RoleInfo.java:updateAndGet(130)) - 7a675d49-8bf4-44ad-b841-6def84288824: start 7a675d49-8bf4-44ad-b841-6def84288824@group-FC99C0F819FC-LeaderElection19
2022-02-08 14:30:11,318 [7a675d49-8bf4-44ad-b841-6def84288824@group-FC99C0F819FC-LeaderElection19] INFO  impl.LeaderElection (LeaderElection.java:askForVotes(306)) - 7a675d49-8bf4-44ad-b841-6def84288824@group-FC99C0F819FC-LeaderElection19 ELECTION round 0: submit vote requests at term 2 for 0: [7a675d49-8bf4-44ad-b841-6def84288824|rpc:localhost:40095|admin:|client:|dataStream:|priority:0], old=null
2022-02-08 14:30:11,318 [7a675d49-8bf4-44ad-b841-6def84288824@group-FC99C0F819FC-LeaderElection19] INFO  impl.LeaderElection (LeaderElection.java:askForVotes(308)) - 7a675d49-8bf4-44ad-b841-6def84288824@group-FC99C0F819FC-LeaderElection19 ELECTION round 0: result PASSED (term=2)
2022-02-08 14:30:11,318 [7a675d49-8bf4-44ad-b841-6def84288824@group-FC99C0F819FC-LeaderElection19] INFO  impl.RoleInfo (RoleInfo.java:shutdownLeaderElection(121)) - 7a675d49-8bf4-44ad-b841-6def84288824: shutdown 7a675d49-8bf4-44ad-b841-6def84288824@group-FC99C0F819FC-LeaderElection19
2022-02-08 14:30:11,318 [7a675d49-8bf4-44ad-b841-6def84288824@group-FC99C0F819FC-LeaderElection19] INFO  server.RaftServer$Division (RaftServerImpl.java:setRole(290)) - 7a675d49-8bf4-44ad-b841-6def84288824@group-FC99C0F819FC: changes role from CANDIDATE to LEADER at term 2 for changeToLeader
2022-02-08 14:30:11,318 [7a675d49-8bf4-44ad-b841-6def84288824@group-FC99C0F819FC-LeaderElection19] INFO  ha.SCMStateMachine (SCMStateMachine.java:notifyLeaderChanged(259)) - current SCM becomes leader of term 2.
2022-02-08 14:30:11,318 [7a675d49-8bf4-44ad-b841-6def84288824@group-FC99C0F819FC-LeaderElection19] INFO  ha.SCMContext (SCMContext.java:updateLeaderAndTerm(90)) - update <isLeader,term> from <false,0> to <true,2>
2022-02-08 14:30:11,318 [7a675d49-8bf4-44ad-b841-6def84288824@group-FC99C0F819FC-LeaderElection19] INFO  server.RaftServer$Division (ServerState.java:setLeader(285)) - 7a675d49-8bf4-44ad-b841-6def84288824@group-FC99C0F819FC: change Leader from null to 7a675d49-8bf4-44ad-b841-6def84288824 at term 2 for becomeLeader, leader elected after 5330ms
2022-02-08 14:30:11,319 [7a675d49-8bf4-44ad-b841-6def84288824@group-FC99C0F819FC-LeaderElection19] INFO  server.RaftServerConfigKeys (ConfUtils.java:logGet(44)) - raft.server.staging.catchup.gap = 1000 (default)
2022-02-08 14:30:11,319 [7a675d49-8bf4-44ad-b841-6def84288824@group-FC99C0F819FC-LeaderElection19] INFO  server.RaftServerConfigKeys (ConfUtils.java:logGet(44)) - raft.server.write.element-limit = 4096 (default)
2022-02-08 14:30:11,319 [7a675d49-8bf4-44ad-b841-6def84288824@group-FC99C0F819FC-LeaderElection19] INFO  server.RaftServerConfigKeys (ConfUtils.java:logGet(44)) - raft.server.write.byte-limit = 64MB (=67108864) (default)
2022-02-08 14:30:11,319 [7a675d49-8bf4-44ad-b841-6def84288824@group-FC99C0F819FC-LeaderElection19] INFO  server.RaftServerConfigKeys (ConfUtils.java:logGet(44)) - raft.server.watch.timeout = 10s (default)
2022-02-08 14:30:11,319 [7a675d49-8bf4-44ad-b841-6def84288824@group-FC99C0F819FC-LeaderElection19] INFO  server.RaftServerConfigKeys (ConfUtils.java:logGet(44)) - raft.server.watch.timeout.denomination = 1s (default)
2022-02-08 14:30:11,319 [7a675d49-8bf4-44ad-b841-6def84288824@group-FC99C0F819FC-LeaderElection19] INFO  server.RaftServerConfigKeys (ConfUtils.java:logGet(44)) - raft.server.watch.element-limit = 65536 (default)
2022-02-08 14:30:11,319 [7a675d49-8bf4-44ad-b841-6def84288824@group-FC99C0F819FC-LeaderElection19] INFO  server.RaftServerConfigKeys (ConfUtils.java:logGet(44)) - raft.server.write.element-limit = 4096 (default)
2022-02-08 14:30:11,319 [7a675d49-8bf4-44ad-b841-6def84288824@group-FC99C0F819FC-LeaderElection19] INFO  server.RaftServerConfigKeys (ConfUtils.java:logGet(44)) - raft.server.write.follower.gap.ratio.max = -1.0 (default)
2022-02-08 14:30:11,319 [7a675d49-8bf4-44ad-b841-6def84288824@group-FC99C0F819FC-LeaderElection19] INFO  impl.RoleInfo (RoleInfo.java:updateAndGet(130)) - 7a675d49-8bf4-44ad-b841-6def84288824: start 7a675d49-8bf4-44ad-b841-6def84288824@group-FC99C0F819FC-LeaderStateImpl
2022-02-08 14:30:11,319 [7a675d49-8bf4-44ad-b841-6def84288824@group-FC99C0F819FC-LeaderElection19] INFO  segmented.SegmentedRaftLogWorker (SegmentedRaftLogWorker.java:rollLogSegment(399)) - 7a675d49-8bf4-44ad-b841-6def84288824@group-FC99C0F819FC-SegmentedRaftLogWorker: Rolling segment log-0_0 to index:0
2022-02-08 14:30:11,334 [7a675d49-8bf4-44ad-b841-6def84288824@group-FC99C0F819FC-LeaderElection19] INFO  server.RaftServer$Division (ServerState.java:setRaftConf(387)) - 7a675d49-8bf4-44ad-b841-6def84288824@group-FC99C0F819FC: set configuration 1: [7a675d49-8bf4-44ad-b841-6def84288824|rpc:localhost:40095|admin:|client:|dataStream:|priority:0], old=null
2022-02-08 14:30:11,334 [7a675d49-8bf4-44ad-b841-6def84288824@group-FC99C0F819FC-SegmentedRaftLogWorker] INFO  segmented.SegmentedRaftLogWorker (SegmentedRaftLogWorker.java:execute(558)) - 7a675d49-8bf4-44ad-b841-6def84288824@group-FC99C0F819FC-SegmentedRaftLogWorker: Rolled log segment from /home/runner/work/ozone/ozone/hadoop-ozone/integration-test/target/test-dir/MiniOzoneClusterImpl-be5678e2-4507-4d84-8cb9-fc99c0f819fc/scmNode-1/scm-ha/be5678e2-4507-4d84-8cb9-fc99c0f819fc/current/log_inprogress_0 to /home/runner/work/ozone/ozone/hadoop-ozone/integration-test/target/test-dir/MiniOzoneClusterImpl-be5678e2-4507-4d84-8cb9-fc99c0f819fc/scmNode-1/scm-ha/be5678e2-4507-4d84-8cb9-fc99c0f819fc/current/log_0-0
2022-02-08 14:30:11,345 [7a675d49-8bf4-44ad-b841-6def84288824@group-FC99C0F819FC-SegmentedRaftLogWorker] INFO  segmented.SegmentedRaftLogWorker (SegmentedRaftLogWorker.java:execute(601)) - 7a675d49-8bf4-44ad-b841-6def84288824@group-FC99C0F819FC-SegmentedRaftLogWorker: created new log segment /home/runner/work/ozone/ozone/hadoop-ozone/integration-test/target/test-dir/MiniOzoneClusterImpl-be5678e2-4507-4d84-8cb9-fc99c0f819fc/scmNode-1/scm-ha/be5678e2-4507-4d84-8cb9-fc99c0f819fc/current/log_inprogress_1
2022-02-08 14:30:11,346 [7a675d49-8bf4-44ad-b841-6def84288824@group-FC99C0F819FC-StateMachineUpdater] INFO  ha.SCMContext (SCMContext.java:setLeaderReady(117)) - update <isLeaderReady> from <false> to <true>
2022-02-08 14:30:11,347 [7a675d49-8bf4-44ad-b841-6def84288824@group-FC99C0F819FC-StateMachineUpdater] INFO  pipeline.BackgroundPipelineCreator (BackgroundPipelineCreator.java:notifyStatusChanged(264)) - Service BackgroundPipelineCreator transitions to RUNNING.
2022-02-08 14:30:11,347 [7a675d49-8bf4-44ad-b841-6def84288824@group-FC99C0F819FC-StateMachineUpdater] INFO  safemode.HealthyPipelineSafeModeRule (HealthyPipelineSafeModeRule.java:initializeRule(152)) - Refreshed total pipeline count is 0, healthy pipeline threshold count is 1
2022-02-08 14:30:11,347 [7a675d49-8bf4-44ad-b841-6def84288824@group-FC99C0F819FC-StateMachineUpdater] INFO  safemode.ContainerSafeModeRule (ContainerSafeModeRule.java:reInitializeRule(177)) - Refreshed one replica container threshold 0, currentThreshold 0
2022-02-08 14:30:11,347 [7a675d49-8bf4-44ad-b841-6def84288824@group-FC99C0F819FC-StateMachineUpdater] INFO  safemode.OneReplicaPipelineSafeModeRule (OneReplicaPipelineSafeModeRule.java:initializeRule(176)) - Refreshed Total pipeline count is 0, pipeline's with at least one datanode reported threshold count is 0
2022-02-08 14:30:11,347 [7a675d49-8bf4-44ad-b841-6def84288824@group-FC99C0F819FC-StateMachineUpdater] INFO  server.SCMDatanodeProtocolServer (SCMDatanodeProtocolServer.java:start(181)) - ScmDatanodeProtocol RPC server for DataNodes is listening at /0.0.0.0:40885
2022-02-08 14:30:11,365 [IPC Server listener on 40885] INFO  ipc.Server (Server.java:run(1344)) - IPC Server listener on 40885: starting
2022-02-08 14:30:11,365 [IPC Server Responder] INFO  ipc.Server (Server.java:run(1507)) - IPC Server Responder: starting
2022-02-08 14:30:11,561 [EndpointStateMachine task thread for /127.0.0.1:41397 - 0 ] INFO  ipc.Client (Client.java:handleConnectionFailure(977)) - Retrying connect to server: localhost/127.0.0.1:41397. Already tried 3 time(s); retry policy is RetryUpToMaximumCountWithFixedSleep(maxRetries=15, sleepTime=1000 MILLISECONDS)
2022-02-08 14:30:11,562 [EndpointStateMachine task thread for /127.0.0.1:32969 - 0 ] INFO  ipc.Client (Client.java:handleConnectionFailure(977)) - Retrying connect to server: localhost/127.0.0.1:32969. Already tried 3 time(s); retry policy is RetryUpToMaximumCountWithFixedSleep(maxRetries=15, sleepTime=1000 MILLISECONDS)
2022-02-08 14:30:11,564 [EndpointStateMachine task thread for /127.0.0.1:40085 - 0 ] INFO  ipc.Client (Client.java:handleConnectionFailure(977)) - Retrying connect to server: localhost/127.0.0.1:40085. Already tried 3 time(s); retry policy is RetryUpToMaximumCountWithFixedSleep(maxRetries=15, sleepTime=1000 MILLISECONDS)
2022-02-08 14:30:12,562 [EndpointStateMachine task thread for /127.0.0.1:41397 - 0 ] INFO  ipc.Client (Client.java:handleConnectionFailure(977)) - Retrying connect to server: localhost/127.0.0.1:41397. Already tried 4 time(s); retry policy is RetryUpToMaximumCountWithFixedSleep(maxRetries=15, sleepTime=1000 MILLISECONDS)
2022-02-08 14:30:12,563 [EndpointStateMachine task thread for /127.0.0.1:32969 - 0 ] INFO  ipc.Client (Client.java:handleConnectionFailure(977)) - Retrying connect to server: localhost/127.0.0.1:32969. Already tried 4 time(s); retry policy is RetryUpToMaximumCountWithFixedSleep(maxRetries=15, sleepTime=1000 MILLISECONDS)
2022-02-08 14:30:12,565 [EndpointStateMachine task thread for /127.0.0.1:40085 - 0 ] INFO  ipc.Client (Client.java:handleConnectionFailure(977)) - Retrying connect to server: localhost/127.0.0.1:40085. Already tried 4 time(s); retry policy is RetryUpToMaximumCountWithFixedSleep(maxRetries=15, sleepTime=1000 MILLISECONDS)
2022-02-08 14:30:12,599 [Listener at 0.0.0.0/38025] INFO  server.StorageContainerManager (StorageContainerManager.java:scmBootstrap(987)) - SCM BootStrap  is successful for ClusterID be5678e2-4507-4d84-8cb9-fc99c0f819fc, SCMID 19a54928-8125-4c35-a03e-a210dfc90c30
2022-02-08 14:30:12,599 [Listener at 0.0.0.0/38025] INFO  server.StorageContainerManager (StorageContainerManager.java:scmBootstrap(989)) - Primary SCM Node ID 7a675d49-8bf4-44ad-b841-6def84288824
2022-02-08 14:30:12,599 [Listener at 0.0.0.0/38025] INFO  ha.SCMHANodeDetails (SCMHANodeDetails.java:loadSCMHAConfig(157)) - ServiceID for StorageContainerManager is scm-service-test1
2022-02-08 14:30:12,600 [Listener at 0.0.0.0/38025] INFO  ha.SCMHANodeDetails (SCMHANodeDetails.java:loadSCMHAConfig(168)) - ServiceID for StorageContainerManager is scm-service-test1
2022-02-08 14:30:12,600 [Listener at 0.0.0.0/38025] WARN  scm.ScmUtils (ScmUtils.java:logWarn(179)) - ConfigKey ozone.scm.block.client.address is deprecated, For configuring different ports for each SCM use PortConfigKey ozone.scm.block.client.port appended with serviceId and nodeId. If want to configure same port configure ozone.scm.block.client.port
2022-02-08 14:30:12,600 [Listener at 0.0.0.0/38025] WARN  scm.ScmUtils (ScmUtils.java:logWarn(179)) - ConfigKey ozone.scm.client.address is deprecated, For configuring different ports for each SCM use PortConfigKey ozone.scm.client.port appended with serviceId and nodeId. If want to configure same port configure ozone.scm.client.port
2022-02-08 14:30:12,600 [Listener at 0.0.0.0/38025] WARN  scm.ScmUtils (ScmUtils.java:logWarn(179)) - ConfigKey ozone.scm.datanode.address is deprecated, For configuring different ports for each SCM use PortConfigKey ozone.scm.datanode.port appended with serviceId and nodeId. If want to configure same port configure ozone.scm.datanode.port
2022-02-08 14:30:12,600 [Listener at 0.0.0.0/38025] WARN  scm.ScmUtils (ScmUtils.java:logWarn(179)) - ConfigKey ozone.scm.block.client.address is deprecated, For configuring different ports for each SCM use PortConfigKey ozone.scm.block.client.port appended with serviceId and nodeId. If want to configure same port configure ozone.scm.block.client.port
2022-02-08 14:30:12,600 [Listener at 0.0.0.0/38025] WARN  scm.ScmUtils (ScmUtils.java:logWarn(179)) - ConfigKey ozone.scm.client.address is deprecated, For configuring different ports for each SCM use PortConfigKey ozone.scm.client.port appended with serviceId and nodeId. If want to configure same port configure ozone.scm.client.port
2022-02-08 14:30:12,600 [Listener at 0.0.0.0/38025] WARN  scm.ScmUtils (ScmUtils.java:logWarn(179)) - ConfigKey ozone.scm.datanode.address is deprecated, For configuring different ports for each SCM use PortConfigKey ozone.scm.datanode.port appended with serviceId and nodeId. If want to configure same port configure ozone.scm.datanode.port
2022-02-08 14:30:12,601 [Listener at 0.0.0.0/38025] INFO  ha.SCMHANodeDetails (SCMHANodeDetails.java:loadSCMHAConfig(250)) - Found matching SCM address with SCMServiceId: scm-service-test1, SCMNodeId: scmNode-2, RPC Address: localhost:32921 and Ratis port: 32921
2022-02-08 14:30:12,601 [Listener at 0.0.0.0/38025] INFO  ha.SCMHANodeDetails (ConfUtils.java:setNodeSpecificConfigs(108)) - Setting configuration key ozone.scm.datanode.address with value of key ozone.scm.datanode.address.scm-service-test1.scmNode-2: 127.0.0.1:45997
2022-02-08 14:30:12,601 [Listener at 0.0.0.0/38025] INFO  ha.SCMHANodeDetails (ConfUtils.java:setNodeSpecificConfigs(108)) - Setting configuration key ozone.scm.block.client.address with value of key ozone.scm.block.client.address.scm-service-test1.scmNode-2: 127.0.0.1:37139
2022-02-08 14:30:12,601 [Listener at 0.0.0.0/38025] INFO  ha.SCMHANodeDetails (ConfUtils.java:setNodeSpecificConfigs(108)) - Setting configuration key ozone.scm.client.address with value of key ozone.scm.client.address.scm-service-test1.scmNode-2: 127.0.0.1:32839
2022-02-08 14:30:12,602 [Listener at 0.0.0.0/38025] INFO  ha.SCMHANodeDetails (ConfUtils.java:setNodeSpecificConfigs(108)) - Setting configuration key ozone.scm.ratis.port with value of key ozone.scm.ratis.port.scm-service-test1.scmNode-2: 32921
2022-02-08 14:30:12,602 [Listener at 0.0.0.0/38025] INFO  ha.SCMHANodeDetails (ConfUtils.java:setNodeSpecificConfigs(108)) - Setting configuration key ozone.scm.grpc.port with value of key ozone.scm.grpc.port.scm-service-test1.scmNode-2: 36127
2022-02-08 14:30:12,602 [Listener at 0.0.0.0/38025] INFO  ha.SCMHANodeDetails (ConfUtils.java:setNodeSpecificConfigs(108)) - Setting configuration key ozone.scm.http-address with value of key ozone.scm.http-address.scm-service-test1.scmNode-2: 127.0.0.1:37913
2022-02-08 14:30:12,602 [Listener at 0.0.0.0/38025] INFO  ha.SCMHANodeDetails (ConfUtils.java:setNodeSpecificConfigs(108)) - Setting configuration key ozone.scm.https-address with value of key ozone.scm.https-address.scm-service-test1.scmNode-2: 127.0.0.1:40825
2022-02-08 14:30:12,602 [Listener at 0.0.0.0/38025] INFO  ha.SCMHANodeDetails (ConfUtils.java:setNodeSpecificConfigs(108)) - Setting configuration key ozone.scm.address with value of key ozone.scm.address.scm-service-test1.scmNode-2: 127.0.0.1
2022-02-08 14:30:12,602 [Listener at 0.0.0.0/38025] WARN  scm.ScmUtils (ScmUtils.java:logWarn(179)) - ConfigKey ozone.scm.block.client.address is deprecated, For configuring different ports for each SCM use PortConfigKey ozone.scm.block.client.port appended with serviceId and nodeId. If want to configure same port configure ozone.scm.block.client.port
2022-02-08 14:30:12,602 [Listener at 0.0.0.0/38025] WARN  scm.ScmUtils (ScmUtils.java:logWarn(179)) - ConfigKey ozone.scm.client.address is deprecated, For configuring different ports for each SCM use PortConfigKey ozone.scm.client.port appended with serviceId and nodeId. If want to configure same port configure ozone.scm.client.port
2022-02-08 14:30:12,602 [Listener at 0.0.0.0/38025] WARN  scm.ScmUtils (ScmUtils.java:logWarn(179)) - ConfigKey ozone.scm.datanode.address is deprecated, For configuring different ports for each SCM use PortConfigKey ozone.scm.datanode.port appended with serviceId and nodeId. If want to configure same port configure ozone.scm.datanode.port
2022-02-08 14:30:12,603 [Listener at 0.0.0.0/38025] WARN  server.ServerUtils (ServerUtils.java:getScmDbDir(148)) - ozone.scm.db.dirs is not configured. We recommend adding this setting. Falling back to ozone.metadata.dirs instead.
2022-02-08 14:30:12,603 [Listener at 0.0.0.0/38025] INFO  upgrade.AbstractLayoutVersionManager (AbstractLayoutVersionManager.java:init(79)) - Initializing Layout version manager with metadata layout = SCM_HA (version = 2), software layout = SCM_HA (version = 2)
2022-02-08 14:30:12,679 [Listener at 0.0.0.0/38025] INFO  reflections.Reflections (Reflections.java:scan(232)) - Reflections took 75 ms to scan 7 urls, producing 119 keys and 279 values 
2022-02-08 14:30:12,690 [Listener at 0.0.0.0/38025] WARN  utils.HAUtils (HAUtils.java:getMetaDir(342)) - ozone.scm.db.dirs is not configured. We recommend adding this setting. Falling back to ozone.metadata.dirs instead.
2022-02-08 14:30:12,697 [Listener at 0.0.0.0/38025] WARN  db.DBStoreBuilder (DBStoreBuilder.java:applyDBDefinition(145)) - ozone.scm.db.dirs is not configured. We recommend adding this setting. Falling back to ozone.metadata.dirs instead.
2022-02-08 14:30:12,809 [Listener at 0.0.0.0/38025] INFO  net.NodeSchemaLoader (NodeSchemaLoader.java:loadSchemaFromFile(129)) - Loading schema from [jar:file:/home/runner/.m2/repository/org/apache/ozone/hdds-common/1.3.0-SNAPSHOT/hdds-common-1.3.0-SNAPSHOT.jar!/network-topology-default.xml]
2022-02-08 14:30:12,816 [Listener at 0.0.0.0/38025] INFO  net.NodeSchemaLoader (NodeSchemaLoader.java:loadSchema(176)) - Loading network topology layer schema file
2022-02-08 14:30:12,819 [Listener at 0.0.0.0/38025] WARN  impl.MetricRegistriesImpl (MetricRegistriesImpl.java:addReporterRegistration(111)) - New reporters are added after registries were created. Some metrics will be missing from the reporter. Please add reporter before adding any new registry.
2022-02-08 14:30:12,819 [Listener at 0.0.0.0/38025] WARN  impl.MetricRegistriesImpl (MetricRegistriesImpl.java:addReporterRegistration(111)) - New reporters are added after registries were created. Some metrics will be missing from the reporter. Please add reporter before adding any new registry.
2022-02-08 14:30:12,819 [Listener at 0.0.0.0/38025] INFO  ha.SCMRatisServerImpl (SCMRatisServerImpl.java:<init>(87)) - starting Raft server for scm:19a54928-8125-4c35-a03e-a210dfc90c30
2022-02-08 14:30:12,820 [Listener at 0.0.0.0/38025] INFO  server.RaftServer (ConfUtils.java:logGet(44)) - raft.rpc.type = GRPC (default)
2022-02-08 14:30:12,820 [Listener at 0.0.0.0/38025] INFO  grpc.GrpcFactory (GrpcFactory.java:checkPooledByteBufAllocatorUseCacheForAllThreads(48)) - PERFORMANCE WARNING: useCacheForAllThreads is true that may cause Netty to create a lot garbage objects and, as a result, trigger GC.
	It is recommended to disable useCacheForAllThreads by setting -Dorg.apache.ratis.thirdparty.io.netty.allocator.useCacheForAllThreads=false in command line.
2022-02-08 14:30:12,820 [Listener at 0.0.0.0/38025] INFO  grpc.GrpcConfigKeys (ConfUtils.java:logGet(44)) - raft.grpc.admin.port = -1 (default)
2022-02-08 14:30:12,820 [Listener at 0.0.0.0/38025] INFO  grpc.GrpcConfigKeys (ConfUtils.java:logGet(44)) - raft.grpc.server.port = 32921 (custom)
2022-02-08 14:30:12,821 [Listener at 0.0.0.0/38025] INFO  grpc.GrpcConfigKeys (ConfUtils.java:logGet(44)) - raft.grpc.client.port = -1 (default)
2022-02-08 14:30:12,821 [Listener at 0.0.0.0/38025] INFO  grpc.GrpcConfigKeys (ConfUtils.java:logGet(44)) - raft.grpc.server.port = 32921 (custom)
2022-02-08 14:30:12,821 [Listener at 0.0.0.0/38025] INFO  grpc.GrpcConfigKeys (ConfUtils.java:logGet(44)) - raft.grpc.server.port = 32921 (custom)
2022-02-08 14:30:12,821 [Listener at 0.0.0.0/38025] INFO  server.GrpcService (ConfUtils.java:logGet(44)) - raft.grpc.message.size.max = 32m (=33554432) (custom)
2022-02-08 14:30:12,821 [Listener at 0.0.0.0/38025] INFO  server.RaftServerConfigKeys (ConfUtils.java:logGet(44)) - raft.server.log.appender.buffer.byte-limit = 33554432 (custom)
2022-02-08 14:30:12,821 [Listener at 0.0.0.0/38025] INFO  server.GrpcService (ConfUtils.java:logGet(44)) - raft.grpc.flow.control.window = 1MB (=1048576) (default)
2022-02-08 14:30:12,821 [Listener at 0.0.0.0/38025] INFO  server.RaftServerConfigKeys (ConfUtils.java:logGet(44)) - raft.server.rpc.request.timeout = 30000ms (custom)
2022-02-08 14:30:12,822 [Listener at 0.0.0.0/38025] INFO  impl.DataStreamServerImpl (ConfUtils.java:logGet(44)) - raft.datastream.type = DISABLED (default)
2022-02-08 14:30:12,822 [Listener at 0.0.0.0/38025] INFO  server.RaftServerConfigKeys (ConfUtils.java:logGet(44)) - raft.server.rpc.slowness.timeout = 120000ms (custom)
2022-02-08 14:30:12,823 [Listener at 0.0.0.0/38025] INFO  server.RaftServerConfigKeys (ConfUtils.java:logGet(44)) - raft.server.leaderelection.leader.step-down.wait-time = 10s (default)
2022-02-08 14:30:12,823 [Listener at 0.0.0.0/38025] INFO  server.RaftServerConfigKeys (ConfUtils.java:logGet(44)) - raft.server.storage.dir = [/home/runner/work/ozone/ozone/hadoop-ozone/integration-test/target/test-dir/MiniOzoneClusterImpl-be5678e2-4507-4d84-8cb9-fc99c0f819fc/scmNode-2/scm-ha] (custom)
2022-02-08 14:30:12,832 [Listener at 0.0.0.0/38025] INFO  server.RaftServer (RaftServerProxy.java:addNew(95)) - 19a54928-8125-4c35-a03e-a210dfc90c30: addNew group-FC99C0F819FC:[] returns group-FC99C0F819FC:java.util.concurrent.CompletableFuture@61e2a860[Not completed]
2022-02-08 14:30:12,833 [pool-229-thread-1] INFO  server.RaftServer$Division (RaftServerImpl.java:<init>(184)) - 19a54928-8125-4c35-a03e-a210dfc90c30: new RaftServerImpl for group-FC99C0F819FC:[] with SCMStateMachine:uninitialized
2022-02-08 14:30:12,834 [pool-229-thread-1] INFO  server.RaftServerConfigKeys (ConfUtils.java:logGet(44)) - raft.server.rpc.timeout.min = 5000ms (custom)
2022-02-08 14:30:12,834 [pool-229-thread-1] INFO  server.RaftServerConfigKeys (ConfUtils.java:logGet(44)) - raft.server.rpc.timeout.max = 5200ms (custom)
2022-02-08 14:30:12,834 [pool-229-thread-1] INFO  server.RaftServerConfigKeys (ConfUtils.java:logGet(44)) - raft.server.rpc.sleep.time = 25ms (default)
2022-02-08 14:30:12,834 [pool-229-thread-1] INFO  server.RaftServerConfigKeys (ConfUtils.java:logGet(44)) - raft.server.rpc.slowness.timeout = 120000ms (custom)
2022-02-08 14:30:12,834 [pool-229-thread-1] INFO  server.RaftServerConfigKeys (ConfUtils.java:logGet(44)) - raft.server.leaderelection.leader.step-down.wait-time = 10s (default)
2022-02-08 14:30:12,834 [pool-229-thread-1] INFO  server.RaftServerConfigKeys (ConfUtils.java:logGet(44)) - raft.server.sleep.deviation.threshold = 300ms (default)
2022-02-08 14:30:12,834 [pool-229-thread-1] INFO  server.RaftServerConfigKeys (ConfUtils.java:logGet(44)) - raft.server.log.appender.install.snapshot.enabled = false (custom)
2022-02-08 14:30:12,834 [pool-229-thread-1] INFO  server.RaftServer$Division (ServerState.java:<init>(105)) - 19a54928-8125-4c35-a03e-a210dfc90c30@group-FC99C0F819FC: ConfigurationManager, init=-1: [], old=null, confs=<EMPTY_MAP>
2022-02-08 14:30:12,834 [pool-229-thread-1] INFO  server.RaftServerConfigKeys (ConfUtils.java:logGet(44)) - raft.server.storage.dir = [/home/runner/work/ozone/ozone/hadoop-ozone/integration-test/target/test-dir/MiniOzoneClusterImpl-be5678e2-4507-4d84-8cb9-fc99c0f819fc/scmNode-2/scm-ha] (custom)
2022-02-08 14:30:12,834 [pool-229-thread-1] INFO  server.RaftServerConfigKeys (ConfUtils.java:logGet(44)) - raft.server.log.corruption.policy = EXCEPTION (default)
2022-02-08 14:30:12,834 [pool-229-thread-1] INFO  server.RaftServerConfigKeys (ConfUtils.java:logGet(44)) - raft.server.storage.free-space.min = 0MB (=0) (default)
2022-02-08 14:30:12,834 [pool-229-thread-1] INFO  storage.RaftStorageDirectory (RaftStorageDirectoryImpl.java:analyzeStorage(135)) - The storage directory /home/runner/work/ozone/ozone/hadoop-ozone/integration-test/target/test-dir/MiniOzoneClusterImpl-be5678e2-4507-4d84-8cb9-fc99c0f819fc/scmNode-2/scm-ha/be5678e2-4507-4d84-8cb9-fc99c0f819fc does not exist. Creating ...
2022-02-08 14:30:12,836 [pool-229-thread-1] INFO  storage.RaftStorageDirectory (RaftStorageDirectoryImpl.java:tryLock(230)) - Lock on /home/runner/work/ozone/ozone/hadoop-ozone/integration-test/target/test-dir/MiniOzoneClusterImpl-be5678e2-4507-4d84-8cb9-fc99c0f819fc/scmNode-2/scm-ha/be5678e2-4507-4d84-8cb9-fc99c0f819fc/in_use.lock acquired by nodename 16565@fv-az151-746
2022-02-08 14:30:12,838 [pool-229-thread-1] INFO  storage.RaftStorage (RaftStorageImpl.java:format(89)) - Storage directory /home/runner/work/ozone/ozone/hadoop-ozone/integration-test/target/test-dir/MiniOzoneClusterImpl-be5678e2-4507-4d84-8cb9-fc99c0f819fc/scmNode-2/scm-ha/be5678e2-4507-4d84-8cb9-fc99c0f819fc has been successfully formatted.
2022-02-08 14:30:12,838 [pool-229-thread-1] INFO  server.RaftServerConfigKeys (ConfUtils.java:logGet(44)) - raft.server.notification.no-leader.timeout = 60s (default)
2022-02-08 14:30:12,838 [pool-229-thread-1] INFO  server.RaftServerConfigKeys (ConfUtils.java:logGet(44)) - raft.server.log.use.memory = false (default)
2022-02-08 14:30:12,838 [pool-229-thread-1] INFO  server.RaftServerConfigKeys (ConfUtils.java:logGet(44)) - raft.server.log.purge.gap = 5 (custom)
2022-02-08 14:30:12,838 [pool-229-thread-1] INFO  server.RaftServerConfigKeys (ConfUtils.java:logGet(44)) - raft.server.log.appender.buffer.byte-limit = 33554432 (custom)
2022-02-08 14:30:12,838 [pool-229-thread-1] INFO  server.RaftServerConfigKeys (ConfUtils.java:logGet(44)) - raft.server.log.segment.size.max = 4194304 (custom)
2022-02-08 14:30:12,838 [pool-229-thread-1] INFO  server.RaftServerConfigKeys (ConfUtils.java:logGet(44)) - raft.server.log.segment.cache.num.max = 2 (custom)
2022-02-08 14:30:12,838 [pool-229-thread-1] INFO  server.RaftServerConfigKeys (ConfUtils.java:logGet(44)) - raft.server.log.segment.cache.size.max = 200MB (=209715200) (default)
2022-02-08 14:30:12,838 [pool-229-thread-1] INFO  segmented.SegmentedRaftLogWorker (SegmentedRaftLogWorker.java:<init>(182)) - new 19a54928-8125-4c35-a03e-a210dfc90c30@group-FC99C0F819FC-SegmentedRaftLogWorker for RaftStorageImpl:Storage Directory /home/runner/work/ozone/ozone/hadoop-ozone/integration-test/target/test-dir/MiniOzoneClusterImpl-be5678e2-4507-4d84-8cb9-fc99c0f819fc/scmNode-2/scm-ha/be5678e2-4507-4d84-8cb9-fc99c0f819fc
2022-02-08 14:30:12,838 [pool-229-thread-1] INFO  server.RaftServerConfigKeys (ConfUtils.java:logGet(44)) - raft.server.log.queue.byte-limit = 64MB (=67108864) (default)
2022-02-08 14:30:12,839 [pool-229-thread-1] INFO  server.RaftServerConfigKeys (ConfUtils.java:logGet(44)) - raft.server.log.queue.element-limit = 4096 (default)
2022-02-08 14:30:12,839 [pool-229-thread-1] INFO  server.RaftServerConfigKeys (ConfUtils.java:logGet(44)) - raft.server.log.segment.size.max = 4194304 (custom)
2022-02-08 14:30:12,839 [pool-229-thread-1] INFO  server.RaftServerConfigKeys (ConfUtils.java:logGet(44)) - raft.server.log.preallocated.size = 4194304 (custom)
2022-02-08 14:30:12,839 [pool-229-thread-1] INFO  server.RaftServerConfigKeys (ConfUtils.java:logGet(44)) - raft.server.log.force.sync.num = 128 (default)
2022-02-08 14:30:12,839 [pool-229-thread-1] INFO  server.RaftServerConfigKeys (ConfUtils.java:logGet(44)) - raft.server.log.statemachine.data.sync = true (default)
2022-02-08 14:30:12,839 [pool-229-thread-1] INFO  server.RaftServerConfigKeys (ConfUtils.java:logGet(44)) - raft.server.log.statemachine.data.sync.timeout = 10s (default)
2022-02-08 14:30:12,839 [pool-229-thread-1] INFO  server.RaftServerConfigKeys (ConfUtils.java:logGet(44)) - raft.server.log.statemachine.data.sync.timeout.retry = -1 (default)
2022-02-08 14:30:12,839 [pool-229-thread-1] INFO  server.RaftServerConfigKeys (ConfUtils.java:logGet(44)) - raft.server.log.write.buffer.size = 64KB (=65536) (default)
2022-02-08 14:30:12,839 [pool-229-thread-1] INFO  server.RaftServerConfigKeys (ConfUtils.java:logGet(44)) - raft.server.log.statemachine.data.caching.enabled = false (default)
2022-02-08 14:30:12,840 [pool-229-thread-1] INFO  segmented.SegmentedRaftLogWorker (SegmentedRaftLogWorker.java:lambda$new$0(133)) - 19a54928-8125-4c35-a03e-a210dfc90c30@group-FC99C0F819FC-SegmentedRaftLogWorker: flushIndex: setUnconditionally 0 -> -1
2022-02-08 14:30:12,840 [pool-229-thread-1] INFO  segmented.SegmentedRaftLogWorker (SegmentedRaftLogWorker.java:lambda$new$0(133)) - 19a54928-8125-4c35-a03e-a210dfc90c30@group-FC99C0F819FC-SegmentedRaftLogWorker: safeCacheEvictIndex: setUnconditionally 0 -> -1
2022-02-08 14:30:12,852 [pool-229-thread-1] INFO  server.RaftServerConfigKeys (ConfUtils.java:logGet(44)) - raft.server.snapshot.auto.trigger.enabled = true (custom)
2022-02-08 14:30:12,852 [pool-229-thread-1] INFO  server.RaftServerConfigKeys (ConfUtils.java:logGet(44)) - raft.server.snapshot.auto.trigger.threshold = 5 (custom)
2022-02-08 14:30:12,852 [pool-229-thread-1] INFO  server.RaftServerConfigKeys (ConfUtils.java:logGet(44)) - raft.server.snapshot.retention.file.num = -1 (default)
2022-02-08 14:30:12,852 [pool-229-thread-1] INFO  server.RaftServerConfigKeys (ConfUtils.java:logGet(44)) - raft.server.log.purge.upto.snapshot.index = true (custom)
2022-02-08 14:30:12,852 [pool-229-thread-1] INFO  server.RaftServerConfigKeys (ConfUtils.java:logGet(44)) - raft.server.retrycache.expirytime = 60000ms (default)
2022-02-08 14:30:12,852 [pool-229-thread-1] INFO  server.RaftServerConfigKeys (ConfUtils.java:logGet(44)) - raft.server.retrycache.statistics.expirytime = 100μs (default)
2022-02-08 14:30:12,853 [Listener at 0.0.0.0/38025] INFO  ha.SCMSnapshotProvider (SCMSnapshotProvider.java:<init>(66)) - Initializing SCM Snapshot Provider
2022-02-08 14:30:12,853 [Listener at 0.0.0.0/38025] WARN  server.ServerUtils (ServerUtils.java:getDefaultRatisDirectory(237)) - Storage directory for Ratis is not configured. It is a good idea to map this to an SSD disk. Falling back to ozone.metadata.dirs
2022-02-08 14:30:12,853 [Listener at 0.0.0.0/38025] WARN  ha.SCMHAUtils (SCMHAUtils.java:getSCMRatisSnapshotDirectory(146)) - SCM snapshot dir is not configured. Falling back to ozone.metadata.dirs config
2022-02-08 14:30:12,854 [Listener at 0.0.0.0/38025] INFO  ha.SequenceIdGenerator (SequenceIdGenerator.java:upgradeToSequenceId(347)) - upgrade localId to 109611004723200000
2022-02-08 14:30:12,854 [Listener at 0.0.0.0/38025] INFO  ha.SequenceIdGenerator (SequenceIdGenerator.java:upgradeToSequenceId(357)) - upgrade delTxnId to 0
2022-02-08 14:30:12,854 [Listener at 0.0.0.0/38025] INFO  ha.SequenceIdGenerator (SequenceIdGenerator.java:upgradeToSequenceId(371)) - upgrade containerId to 0
2022-02-08 14:30:12,854 [Listener at 0.0.0.0/38025] INFO  ha.SequenceIdGenerator (SequenceIdGenerator.java:<init>(218)) - Init the HA SequenceIdGenerator.
2022-02-08 14:30:12,855 [Listener at 0.0.0.0/38025] WARN  server.ServerUtils (ServerUtils.java:sanitizeUserArgs(73)) - ozone.scm.stale.node.interval value = 300000 is larger than max = 100000 based on the key value of ozone.scm.heartbeat.thread.interval, reset to the max value 100000.
2022-02-08 14:30:12,855 [Listener at 0.0.0.0/38025] WARN  server.ServerUtils (ServerUtils.java:sanitizeUserArgs(73)) - ozone.scm.stale.node.interval value = 300000 is larger than max = 100000 based on the key value of ozone.scm.heartbeat.thread.interval, reset to the max value 100000.
2022-02-08 14:30:12,864 [Listener at 0.0.0.0/38025] INFO  node.SCMNodeManager (SCMNodeManager.java:<init>(144)) - Entering startup safe mode.
2022-02-08 14:30:12,865 [Listener at 0.0.0.0/38025] INFO  algorithms.ContainerPlacementPolicyFactory (ContainerPlacementPolicyFactory.java:getPolicy(60)) - Create container placement policy of type org.apache.hadoop.hdds.scm.container.placement.algorithms.SCMContainerPlacementRandom
2022-02-08 14:30:12,865 [Listener at 0.0.0.0/38025] INFO  pipeline.PipelineStateManagerImpl (PipelineStateManagerImpl.java:initialize(78)) - No pipeline exists in current db
2022-02-08 14:30:12,866 [Listener at 0.0.0.0/38025] INFO  algorithms.LeaderChoosePolicyFactory (LeaderChoosePolicyFactory.java:getPolicy(57)) - Create leader choose policy of type org.apache.hadoop.hdds.scm.pipeline.leader.choose.algorithms.MinLeaderCountChoosePolicy
2022-02-08 14:30:12,866 [Listener at 0.0.0.0/38025] INFO  ha.SCMServiceManager (SCMServiceManager.java:register(43)) - Registering service BackgroundPipelineCreator.
2022-02-08 14:30:12,866 [Listener at 0.0.0.0/38025] INFO  pipeline.BackgroundPipelineCreator (BackgroundPipelineCreator.java:start(130)) - Starting RatisPipelineUtilsThread.
2022-02-08 14:30:12,870 [Listener at 0.0.0.0/38025] INFO  algorithms.PipelineChoosePolicyFactory (PipelineChoosePolicyFactory.java:createPipelineChoosePolicyFromClass(73)) - Create pipeline choose policy of type org.apache.hadoop.hdds.scm.pipeline.choose.algorithms.RandomPipelineChoosePolicy
2022-02-08 14:30:12,870 [Listener at 0.0.0.0/38025] INFO  ha.SCMServiceManager (SCMServiceManager.java:register(43)) - Registering service SCMBlockDeletingService.
2022-02-08 14:30:12,871 [Listener at 0.0.0.0/38025] INFO  ha.SCMServiceManager (SCMServiceManager.java:register(43)) - Registering service ReplicationManager.
2022-02-08 14:30:12,871 [Listener at 0.0.0.0/38025] INFO  container.ReplicationManager (ReplicationManager.java:start(326)) - Starting Replication Monitor Thread.
2022-02-08 14:30:12,882 [Listener at 0.0.0.0/38025] INFO  safemode.ContainerSafeModeRule (ContainerSafeModeRule.java:<init>(89)) - containers with one replica threshold count 0
2022-02-08 14:30:12,882 [Listener at 0.0.0.0/38025] INFO  safemode.HealthyPipelineSafeModeRule (HealthyPipelineSafeModeRule.java:initializeRule(156)) - Total pipeline count is 0, healthy pipeline threshold count is 1
2022-02-08 14:30:12,882 [Listener at 0.0.0.0/38025] INFO  safemode.OneReplicaPipelineSafeModeRule (OneReplicaPipelineSafeModeRule.java:initializeRule(180)) - Total pipeline count is 0, pipeline's with at least one datanode reported threshold count is 0
2022-02-08 14:30:12,905 [ReplicationMonitor] INFO  container.ReplicationManager (ReplicationManager.java:processAll(374)) - Replication Manager is not ready to run until 3000ms after safemode exit
2022-02-08 14:30:12,916 [Listener at 0.0.0.0/38025] INFO  ipc.CallQueueManager (CallQueueManager.java:<init>(90)) - Using callQueue: class java.util.concurrent.LinkedBlockingQueue, queueCapacity: 2000, scheduler: class org.apache.hadoop.ipc.DefaultRpcScheduler, ipcBackoff: false.
2022-02-08 14:30:12,924 [Socket Reader #1 for port 45997] INFO  ipc.Server (Server.java:run(1265)) - Starting Socket Reader #1 for port 45997
2022-02-08 14:30:12,933 [Listener at 0.0.0.0/45997] INFO  ipc.CallQueueManager (CallQueueManager.java:<init>(90)) - Using callQueue: class java.util.concurrent.LinkedBlockingQueue, queueCapacity: 2000, scheduler: class org.apache.hadoop.ipc.DefaultRpcScheduler, ipcBackoff: false.
2022-02-08 14:30:12,935 [Socket Reader #1 for port 37139] INFO  ipc.Server (Server.java:run(1265)) - Starting Socket Reader #1 for port 37139
2022-02-08 14:30:12,936 [Listener at 0.0.0.0/37139] INFO  ipc.CallQueueManager (CallQueueManager.java:<init>(90)) - Using callQueue: class java.util.concurrent.LinkedBlockingQueue, queueCapacity: 2000, scheduler: class org.apache.hadoop.ipc.DefaultRpcScheduler, ipcBackoff: false.
2022-02-08 14:30:12,953 [Socket Reader #1 for port 32839] INFO  ipc.Server (Server.java:run(1265)) - Starting Socket Reader #1 for port 32839
2022-02-08 14:30:12,982 [Listener at 0.0.0.0/32839] INFO  algorithms.ContainerPlacementPolicyFactory (ContainerPlacementPolicyFactory.java:getPolicy(60)) - Create container placement policy of type org.apache.hadoop.hdds.scm.container.placement.algorithms.SCMContainerPlacementRandom
2022-02-08 14:30:12,983 [Listener at 0.0.0.0/32839] INFO  server.StorageContainerManager (StorageContainerManager.java:<init>(388)) - 
Container Balancer status:
Key                            Value
Running                        false
Container Balancer Configuration values:
Key                                                Value
Threshold                                          10
Max Datanodes to Involve per Iteration(percent)    20
Max Size to Move per Iteration                     500GB
Max Size Entering Target per Iteration             26GB
Max Size Leaving Source per Iteration              26GB

2022-02-08 14:30:12,983 [Listener at 0.0.0.0/32839] WARN  events.EventQueue (EventQueue.java:fireEvent(194)) - No event handler registered for event TypedEvent{payloadType=SafeModeStatus, name='Safe mode status'}
2022-02-08 14:30:12,983 [Listener at 0.0.0.0/32839] INFO  ha.SCMContext (SCMContext.java:updateSafeModeStatus(211)) - Update SafeModeStatus from SafeModeStatus{safeModeStatus=true, preCheckPassed=false} to SafeModeStatus{safeModeStatus=true, preCheckPassed=false}.
2022-02-08 14:30:12,983 [Listener at 0.0.0.0/32839] INFO  server.StorageContainerManager (StorageContainerManager.java:start(1303)) - StorageContainerLocationProtocol RPC server is listening at /0.0.0.0:32839
2022-02-08 14:30:12,984 [Listener at 0.0.0.0/32839] INFO  ha.SCMRatisServerImpl (SCMRatisServerImpl.java:start(177)) - starting ratis server 0.0.0.0:32921
2022-02-08 14:30:12,984 [Listener at 0.0.0.0/32839] INFO  server.RaftServer$Division (RaftServerImpl.java:start(304)) - 19a54928-8125-4c35-a03e-a210dfc90c30@group-FC99C0F819FC: start with initializing state, conf=-1: [], old=null
2022-02-08 14:30:12,984 [Listener at 0.0.0.0/32839] INFO  server.RaftServer$Division (RaftServerImpl.java:setRole(290)) - 19a54928-8125-4c35-a03e-a210dfc90c30@group-FC99C0F819FC: changes role from      null to FOLLOWER at term 0 for startInitializing
2022-02-08 14:30:12,984 [Listener at 0.0.0.0/32839] INFO  util.JmxRegister (JmxRegister.java:tryRegister(44)) - Successfully registered JMX Bean with object name Ratis:service=RaftServer,group=group-FC99C0F819FC,id=19a54928-8125-4c35-a03e-a210dfc90c30
2022-02-08 14:30:12,985 [Listener at 0.0.0.0/32839] INFO  server.RaftServer (RaftServerProxy.java:lambda$start$5(374)) - 19a54928-8125-4c35-a03e-a210dfc90c30: start RPC server
2022-02-08 14:30:12,993 [Listener at 0.0.0.0/32839] INFO  server.GrpcService (GrpcService.java:startImpl(253)) - 19a54928-8125-4c35-a03e-a210dfc90c30: GrpcService started, listening on 32921
2022-02-08 14:30:13,001 [Listener at 0.0.0.0/32839] INFO  ha.SCMNodeInfo (SCMNodeInfo.java:getPort(197)) - ConfigKey ozone.scm.client.address is deprecated, For configuring different ports for each SCM use PortConfigKey ozone.scm.client.port appended with serviceId and nodeId
2022-02-08 14:30:13,001 [Listener at 0.0.0.0/32839] INFO  ha.SCMNodeInfo (SCMNodeInfo.java:getPort(197)) - ConfigKey ozone.scm.block.client.address is deprecated, For configuring different ports for each SCM use PortConfigKey ozone.scm.block.client.port appended with serviceId and nodeId
2022-02-08 14:30:13,001 [Listener at 0.0.0.0/32839] INFO  ha.SCMNodeInfo (SCMNodeInfo.java:getPort(197)) - ConfigKey ozone.scm.datanode.address is deprecated, For configuring different ports for each SCM use PortConfigKey ozone.scm.datanode.port appended with serviceId and nodeId
2022-02-08 14:30:13,001 [Listener at 0.0.0.0/32839] INFO  ha.SCMNodeInfo (SCMNodeInfo.java:getPort(197)) - ConfigKey ozone.scm.client.address is deprecated, For configuring different ports for each SCM use PortConfigKey ozone.scm.client.port appended with serviceId and nodeId
2022-02-08 14:30:13,001 [Listener at 0.0.0.0/32839] INFO  ha.SCMNodeInfo (SCMNodeInfo.java:getPort(197)) - ConfigKey ozone.scm.block.client.address is deprecated, For configuring different ports for each SCM use PortConfigKey ozone.scm.block.client.port appended with serviceId and nodeId
2022-02-08 14:30:13,002 [Listener at 0.0.0.0/32839] INFO  ha.SCMNodeInfo (SCMNodeInfo.java:getPort(197)) - ConfigKey ozone.scm.datanode.address is deprecated, For configuring different ports for each SCM use PortConfigKey ozone.scm.datanode.port appended with serviceId and nodeId
2022-02-08 14:30:13,002 [Listener at 0.0.0.0/32839] INFO  ha.SCMNodeInfo (SCMNodeInfo.java:getPort(197)) - ConfigKey ozone.scm.client.address is deprecated, For configuring different ports for each SCM use PortConfigKey ozone.scm.client.port appended with serviceId and nodeId
2022-02-08 14:30:13,002 [Listener at 0.0.0.0/32839] INFO  ha.SCMNodeInfo (SCMNodeInfo.java:getPort(197)) - ConfigKey ozone.scm.block.client.address is deprecated, For configuring different ports for each SCM use PortConfigKey ozone.scm.block.client.port appended with serviceId and nodeId
2022-02-08 14:30:13,002 [Listener at 0.0.0.0/32839] INFO  ha.SCMNodeInfo (SCMNodeInfo.java:getPort(197)) - ConfigKey ozone.scm.datanode.address is deprecated, For configuring different ports for each SCM use PortConfigKey ozone.scm.datanode.port appended with serviceId and nodeId
2022-02-08 14:30:13,003 [org.apache.ratis.util.JvmPauseMonitor$$Lambda$503/424226973@694ddb8b] INFO  util.JvmPauseMonitor (JvmPauseMonitor.java:run(103)) - JvmPauseMonitor-19a54928-8125-4c35-a03e-a210dfc90c30: Started
2022-02-08 14:30:13,004 [IPC Server handler 23 on default port 37787] INFO  ha.SCMRatisServerImpl (SCMRatisServerImpl.java:addSCM(292)) - 7a675d49-8bf4-44ad-b841-6def84288824: Submitting SetConfiguration request to Ratis server with new SCM peers list: [7a675d49-8bf4-44ad-b841-6def84288824|rpc:localhost:40095|admin:|client:|dataStream:|priority:0, 19a54928-8125-4c35-a03e-a210dfc90c30|rpc:localhost:32921|priority:0]
2022-02-08 14:30:13,004 [IPC Server handler 23 on default port 37787] INFO  server.RaftServer$Division (RaftServerImpl.java:setConfigurationAsync(974)) - 7a675d49-8bf4-44ad-b841-6def84288824@group-FC99C0F819FC: receive setConfiguration SetConfigurationRequest:client-C9CD9A98C438->7a675d49-8bf4-44ad-b841-6def84288824@group-FC99C0F819FC, cid=0, seq=0, RW, null, peers:[7a675d49-8bf4-44ad-b841-6def84288824|rpc:localhost:40095|admin:|client:|dataStream:|priority:0, 19a54928-8125-4c35-a03e-a210dfc90c30|rpc:localhost:32921|priority:0]
2022-02-08 14:30:13,004 [IPC Server handler 23 on default port 37787] INFO  server.RaftServer$Division (LeaderStateImpl.java:startSetConfiguration(358)) - 7a675d49-8bf4-44ad-b841-6def84288824@group-FC99C0F819FC-LeaderStateImpl: startSetConfiguration SetConfigurationRequest:client-C9CD9A98C438->7a675d49-8bf4-44ad-b841-6def84288824@group-FC99C0F819FC, cid=0, seq=0, RW, null, peers:[7a675d49-8bf4-44ad-b841-6def84288824|rpc:localhost:40095|admin:|client:|dataStream:|priority:0, 19a54928-8125-4c35-a03e-a210dfc90c30|rpc:localhost:32921|priority:0]
2022-02-08 14:30:13,005 [IPC Server handler 23 on default port 37787] INFO  server.RaftServerConfigKeys (ConfUtils.java:logGet(44)) - raft.server.log.appender.snapshot.chunk.size.max = 16MB (=16777216) (default)
2022-02-08 14:30:13,005 [IPC Server handler 23 on default port 37787] INFO  server.RaftServerConfigKeys (ConfUtils.java:logGet(44)) - raft.server.log.appender.buffer.byte-limit = 33554432 (custom)
2022-02-08 14:30:13,005 [IPC Server handler 23 on default port 37787] INFO  server.RaftServerConfigKeys (ConfUtils.java:logGet(44)) - raft.server.log.appender.buffer.element-limit = 1024 (custom)
2022-02-08 14:30:13,005 [IPC Server handler 23 on default port 37787] INFO  grpc.GrpcConfigKeys (ConfUtils.java:logGet(44)) - raft.grpc.server.leader.outstanding.appends.max = 128 (default)
2022-02-08 14:30:13,005 [IPC Server handler 23 on default port 37787] INFO  server.RaftServerConfigKeys (ConfUtils.java:logGet(44)) - raft.server.rpc.request.timeout = 30000ms (custom)
2022-02-08 14:30:13,006 [IPC Server handler 23 on default port 37787] INFO  server.RaftServerConfigKeys (ConfUtils.java:logGet(44)) - raft.server.log.appender.install.snapshot.enabled = false (custom)
2022-02-08 14:30:13,009 [7a675d49-8bf4-44ad-b841-6def84288824@group-FC99C0F819FC->19a54928-8125-4c35-a03e-a210dfc90c30-GrpcLogAppender-LogAppenderDaemon] INFO  server.GrpcLogAppender (GrpcLogAppender.java:installSnapshot(550)) - 7a675d49-8bf4-44ad-b841-6def84288824@group-FC99C0F819FC->19a54928-8125-4c35-a03e-a210dfc90c30-GrpcLogAppender: followerNextIndex = 0 but logStartIndex = 0, notify follower to install snapshot-(t:2, i:2)
2022-02-08 14:30:13,009 [7a675d49-8bf4-44ad-b841-6def84288824@group-FC99C0F819FC->19a54928-8125-4c35-a03e-a210dfc90c30-GrpcLogAppender-LogAppenderDaemon] INFO  server.GrpcLogAppender (GrpcLogAppender.java:installSnapshot(558)) - 7a675d49-8bf4-44ad-b841-6def84288824@group-FC99C0F819FC->19a54928-8125-4c35-a03e-a210dfc90c30-GrpcLogAppender: send 7a675d49-8bf4-44ad-b841-6def84288824->19a54928-8125-4c35-a03e-a210dfc90c30#0-t2,notify:(t:2, i:2)
2022-02-08 14:30:13,067 [grpc-default-executor-2] INFO  server.RaftServer$Division (RaftServerImpl.java:installSnapshot(1332)) - 19a54928-8125-4c35-a03e-a210dfc90c30@group-FC99C0F819FC: receive installSnapshot: 7a675d49-8bf4-44ad-b841-6def84288824->19a54928-8125-4c35-a03e-a210dfc90c30#0-t2,notify:(t:2, i:2)
2022-02-08 14:30:13,069 [grpc-default-executor-2] INFO  ha.SCMStateMachine (SCMStateMachine.java:notifyLeaderChanged(255)) - leader changed, yet current SCM is still follower.
2022-02-08 14:30:13,069 [grpc-default-executor-2] INFO  server.RaftServer$Division (ServerState.java:setLeader(285)) - 19a54928-8125-4c35-a03e-a210dfc90c30@group-FC99C0F819FC: change Leader from null to 7a675d49-8bf4-44ad-b841-6def84288824 at term 2 for installSnapshot, leader elected after 231ms
2022-02-08 14:30:13,069 [grpc-default-executor-2] INFO  server.RaftServer$Division (RaftServerImpl.java:notifyStateMachineToInstallSnapshot(1551)) - 19a54928-8125-4c35-a03e-a210dfc90c30@group-FC99C0F819FC: Received notification to install snapshot at index 2
2022-02-08 14:30:13,069 [grpc-default-executor-2] INFO  server.RaftServer$Division (RaftServerImpl.java:notifyStateMachineToInstallSnapshot(1582)) - 19a54928-8125-4c35-a03e-a210dfc90c30@group-FC99C0F819FC: notifyInstallSnapshot: nextIndex is 0 but the leader's first available index is 2.
2022-02-08 14:30:13,069 [grpc-default-executor-2] INFO  ha.SCMStateMachine (SCMStateMachine.java:notifyInstallSnapshotFromLeader(219)) - Received install snapshot notification from SCM leader: localhost:40095 with term index: (t:2, i:2)
2022-02-08 14:30:13,073 [pool-230-thread-1] INFO  ha.SCMHAManagerImpl (SCMHAManagerImpl.java:getDBCheckpointFromLeader(207)) - Downloading checkpoint from leader SCM scmNode-1 and reloading state from the checkpoint.
2022-02-08 14:30:13,079 [grpc-default-executor-0] INFO  ha.SCMDBCheckpointProvider (SCMDBCheckpointProvider.java:writeDBCheckPointToSream(48)) - Received request to obtain SCM DB checkpoint snapshot
2022-02-08 14:30:13,089 [grpc-default-executor-0] INFO  db.RDBCheckpointManager (RDBCheckpointManager.java:createCheckpoint(86)) - Created checkpoint at /home/runner/work/ozone/ozone/hadoop-ozone/integration-test/target/test-dir/MiniOzoneClusterImpl-be5678e2-4507-4d84-8cb9-fc99c0f819fc/scmNode-1/db.checkpoints/scm.db_checkpoint_1644330613079 in 10 milliseconds
2022-02-08 14:30:13,092 [grpc-default-executor-0] INFO  ha.SCMGrpcOutputStream (SCMGrpcOutputStream.java:close(111)) - Sent 4432 bytes for cluster be5678e2-4507-4d84-8cb9-fc99c0f819fc
2022-02-08 14:30:13,093 [grpc-default-executor-0] INFO  ha.SCMDBCheckpointProvider (SCMDBCheckpointProvider.java:writeDBCheckPointToSream(73)) - Time taken to write the checkpoint to response output stream: 4 milliseconds
2022-02-08 14:30:13,093 [grpc-default-executor-0] INFO  db.RocksDBCheckpoint (RocksDBCheckpoint.java:cleanupCheckpoint(78)) - Cleaning up RocksDB checkpoint at /home/runner/work/ozone/ozone/hadoop-ozone/integration-test/target/test-dir/MiniOzoneClusterImpl-be5678e2-4507-4d84-8cb9-fc99c0f819fc/scmNode-1/db.checkpoints/scm.db_checkpoint_1644330613079
2022-02-08 14:30:13,097 [grpc-default-executor-3] INFO  ha.InterSCMGrpcClient (InterSCMGrpcClient.java:onCompleted(173)) - Checkpoint is downloaded to /home/runner/work/ozone/ozone/hadoop-ozone/integration-test/target/test-dir/MiniOzoneClusterImpl-be5678e2-4507-4d84-8cb9-fc99c0f819fc/scmNode-2/snapshot/scm.db-scmNode-1-1644330613073.tar.gz
2022-02-08 14:30:13,109 [pool-230-thread-1] INFO  ha.SCMSnapshotProvider (SCMSnapshotProvider.java:getSCMDBSnapshot(131)) - Successfully downloaded latest checkpoint from leader SCM: scmNode-1 path /home/runner/work/ozone/ozone/hadoop-ozone/integration-test/target/test-dir/MiniOzoneClusterImpl-be5678e2-4507-4d84-8cb9-fc99c0f819fc/scmNode-2/snapshot/scm.db-scmNode-1-1644330613073
2022-02-08 14:30:13,109 [pool-230-thread-1] INFO  ha.SCMHAManagerImpl (SCMHAManagerImpl.java:downloadCheckpointFromLeader(159)) - Downloaded checkpoint from Leader scmNode-1 to the location /home/runner/work/ozone/ozone/hadoop-ozone/integration-test/target/test-dir/MiniOzoneClusterImpl-be5678e2-4507-4d84-8cb9-fc99c0f819fc/scmNode-2/snapshot/scm.db-scmNode-1-1644330613073
2022-02-08 14:30:13,224 [pool-230-thread-1] INFO  ha.SCMHAManagerImpl (SCMHAManagerImpl.java:verifyCheckpointFromLeader(173)) - Installing checkpoint with SCMTransactionInfo 2#2
2022-02-08 14:30:13,224 [pool-230-thread-1] INFO  server.RaftServer$Division (RaftServerImpl.java:lambda$notifyStateMachineToInstallSnapshot$30(1595)) - 19a54928-8125-4c35-a03e-a210dfc90c30@group-FC99C0F819FC: StateMachine successfully installed snapshot index 2. Reloading the StateMachine.
2022-02-08 14:30:13,225 [pool-230-thread-1] INFO  segmented.SegmentedRaftLogWorker (SegmentedRaftLogWorker.java:lambda$new$0(133)) - 19a54928-8125-4c35-a03e-a210dfc90c30@group-FC99C0F819FC-SegmentedRaftLogWorker: flushIndex: setUnconditionally -1 -> 2
2022-02-08 14:30:13,225 [pool-230-thread-1] INFO  segmented.SegmentedRaftLogWorker (SegmentedRaftLogWorker.java:lambda$new$0(133)) - 19a54928-8125-4c35-a03e-a210dfc90c30@group-FC99C0F819FC-SegmentedRaftLogWorker: safeCacheEvictIndex: setUnconditionally -1 -> 2
2022-02-08 14:30:13,225 [pool-230-thread-1] INFO  raftlog.RaftLog (RaftLogBase.java:lambda$new$0(53)) - 19a54928-8125-4c35-a03e-a210dfc90c30@group-FC99C0F819FC-SegmentedRaftLog: snapshotIndex: updateIncreasingly -1 -> 2
2022-02-08 14:30:13,225 [grpc-default-executor-2] INFO  server.RaftServer$Division (RaftServerImpl.java:notifyStateMachineToInstallSnapshot(1638)) - 19a54928-8125-4c35-a03e-a210dfc90c30@group-FC99C0F819FC: InstallSnapshot notification result: SNAPSHOT_INSTALLED, at index: 2
2022-02-08 14:30:13,225 [grpc-default-executor-2] INFO  server.RaftServer$Division (RaftServerImpl.java:installSnapshotImpl(1462)) - 19a54928-8125-4c35-a03e-a210dfc90c30@group-FC99C0F819FC: set new configuration index: 1
configurationEntry {
  peers {
    id: "7a675d49-8bf4-44ad-b841-6def84288824"
    address: "localhost:40095"
  }
}
 from snapshot
2022-02-08 14:30:13,227 [grpc-default-executor-2] INFO  server.RaftServer$Division (ServerState.java:setRaftConf(387)) - 19a54928-8125-4c35-a03e-a210dfc90c30@group-FC99C0F819FC: set configuration 1: [7a675d49-8bf4-44ad-b841-6def84288824|rpc:localhost:40095|admin:|client:|dataStream:|priority:0], old=null
2022-02-08 14:30:13,235 [grpc-default-executor-2] INFO  server.RaftServer$Division (RaftServerImpl.java:installSnapshot(1343)) - 19a54928-8125-4c35-a03e-a210dfc90c30@group-FC99C0F819FC: reply installSnapshot: 7a675d49-8bf4-44ad-b841-6def84288824<-19a54928-8125-4c35-a03e-a210dfc90c30#0:FAIL-t0,SNAPSHOT_INSTALLED,snapshotIndex=2
2022-02-08 14:30:13,235 [grpc-default-executor-2] INFO  server.GrpcServerProtocolService (GrpcServerProtocolService.java:onCompleted(140)) - 19a54928-8125-4c35-a03e-a210dfc90c30: Completed INSTALL_SNAPSHOT, lastRequest: 7a675d49-8bf4-44ad-b841-6def84288824->19a54928-8125-4c35-a03e-a210dfc90c30#0-t2,notify:(t:2, i:2)
2022-02-08 14:30:13,237 [grpc-default-executor-2] INFO  server.GrpcLogAppender (GrpcLogAppender.java:onNext(410)) - 7a675d49-8bf4-44ad-b841-6def84288824@group-FC99C0F819FC->19a54928-8125-4c35-a03e-a210dfc90c30-InstallSnapshotResponseHandler: received the first reply 7a675d49-8bf4-44ad-b841-6def84288824<-19a54928-8125-4c35-a03e-a210dfc90c30#0:FAIL-t0,SNAPSHOT_INSTALLED,snapshotIndex=2
2022-02-08 14:30:13,237 [grpc-default-executor-2] INFO  server.GrpcLogAppender (GrpcLogAppender.java:onNext(450)) - 7a675d49-8bf4-44ad-b841-6def84288824@group-FC99C0F819FC->19a54928-8125-4c35-a03e-a210dfc90c30-InstallSnapshotResponseHandler: Follower installed snapshot at index 2
2022-02-08 14:30:13,237 [grpc-default-executor-2] INFO  leader.FollowerInfo (FollowerInfoImpl.java:lambda$new$0(47)) - 7a675d49-8bf4-44ad-b841-6def84288824@group-FC99C0F819FC->19a54928-8125-4c35-a03e-a210dfc90c30: snapshotIndex: setUnconditionally 0 -> 2
2022-02-08 14:30:13,237 [grpc-default-executor-2] INFO  leader.FollowerInfo (FollowerInfoImpl.java:lambda$new$0(47)) - 7a675d49-8bf4-44ad-b841-6def84288824@group-FC99C0F819FC->19a54928-8125-4c35-a03e-a210dfc90c30: matchIndex: setUnconditionally 0 -> 2
2022-02-08 14:30:13,237 [grpc-default-executor-2] INFO  leader.FollowerInfo (FollowerInfoImpl.java:lambda$new$0(47)) - 7a675d49-8bf4-44ad-b841-6def84288824@group-FC99C0F819FC->19a54928-8125-4c35-a03e-a210dfc90c30: nextIndex: setUnconditionally 0 -> 3
2022-02-08 14:30:13,237 [grpc-default-executor-2] INFO  leader.FollowerInfo (FollowerInfoImpl.java:setAttemptedToInstallSnapshot(116)) - Follower 7a675d49-8bf4-44ad-b841-6def84288824@group-FC99C0F819FC->19a54928-8125-4c35-a03e-a210dfc90c30 acknowledged installing snapshot
2022-02-08 14:30:13,237 [grpc-default-executor-2] INFO  leader.FollowerInfo (FollowerInfoImpl.java:lambda$new$0(47)) - 7a675d49-8bf4-44ad-b841-6def84288824@group-FC99C0F819FC->19a54928-8125-4c35-a03e-a210dfc90c30: nextIndex: updateToMax old=3, new=3, updated? false
2022-02-08 14:30:13,240 [grpc-default-executor-0] INFO  impl.RoleInfo (RoleInfo.java:updateAndGet(130)) - 19a54928-8125-4c35-a03e-a210dfc90c30: start 19a54928-8125-4c35-a03e-a210dfc90c30@group-FC99C0F819FC-FollowerState
2022-02-08 14:30:13,258 [19a54928-8125-4c35-a03e-a210dfc90c30@group-FC99C0F819FC-StateMachineUpdater] INFO  ha.SCMHAManagerImpl (SCMHAManagerImpl.java:installCheckpoint(228)) - Installing checkpoint with SCMTransactionInfo 2#2
2022-02-08 14:30:13,260 [19a54928-8125-4c35-a03e-a210dfc90c30@group-FC99C0F819FC-StateMachineUpdater] INFO  ha.SCMHAManagerImpl (SCMHAManagerImpl.java:installCheckpoint(267)) - Replaced DB with checkpoint, term: 2, index: 2
2022-02-08 14:30:13,260 [19a54928-8125-4c35-a03e-a210dfc90c30@group-FC99C0F819FC-StateMachineUpdater] WARN  utils.HAUtils (HAUtils.java:getMetaDir(342)) - ozone.scm.db.dirs is not configured. We recommend adding this setting. Falling back to ozone.metadata.dirs instead.
2022-02-08 14:30:13,261 [19a54928-8125-4c35-a03e-a210dfc90c30@group-FC99C0F819FC-StateMachineUpdater] WARN  db.DBStoreBuilder (DBStoreBuilder.java:applyDBDefinition(145)) - ozone.scm.db.dirs is not configured. We recommend adding this setting. Falling back to ozone.metadata.dirs instead.
2022-02-08 14:30:13,386 [19a54928-8125-4c35-a03e-a210dfc90c30@group-FC99C0F819FC-StateMachineUpdater] INFO  ha.SequenceIdGenerator (SequenceIdGenerator.java:reinitialize(166)) - reinitialize SequenceIdGenerator.
2022-02-08 14:30:13,386 [19a54928-8125-4c35-a03e-a210dfc90c30@group-FC99C0F819FC-StateMachineUpdater] INFO  pipeline.PipelineStateManagerImpl (PipelineStateManagerImpl.java:initialize(78)) - No pipeline exists in current db
2022-02-08 14:30:13,386 [19a54928-8125-4c35-a03e-a210dfc90c30@group-FC99C0F819FC-StateMachineUpdater] INFO  ha.SCMHAManagerImpl (SCMHAManagerImpl.java:installCheckpoint(282)) - Reloaded SCM state with Term: 2 and Index: 2
2022-02-08 14:30:13,388 [19a54928-8125-4c35-a03e-a210dfc90c30@group-FC99C0F819FC-StateMachineUpdater] INFO  impl.StateMachineUpdater (StateMachineUpdater.java:lambda$new$0(89)) - 19a54928-8125-4c35-a03e-a210dfc90c30@group-FC99C0F819FC-StateMachineUpdater: snapshotIndex: setUnconditionally -1 -> 2
2022-02-08 14:30:13,388 [19a54928-8125-4c35-a03e-a210dfc90c30@group-FC99C0F819FC-StateMachineUpdater] INFO  impl.StateMachineUpdater (StateMachineUpdater.java:lambda$new$0(89)) - 19a54928-8125-4c35-a03e-a210dfc90c30@group-FC99C0F819FC-StateMachineUpdater: appliedIndex: setUnconditionally -1 -> 2
2022-02-08 14:30:13,562 [EndpointStateMachine task thread for /127.0.0.1:41397 - 0 ] INFO  ipc.Client (Client.java:handleConnectionFailure(977)) - Retrying connect to server: localhost/127.0.0.1:41397. Already tried 5 time(s); retry policy is RetryUpToMaximumCountWithFixedSleep(maxRetries=15, sleepTime=1000 MILLISECONDS)
2022-02-08 14:30:13,563 [EndpointStateMachine task thread for /127.0.0.1:32969 - 0 ] INFO  ipc.Client (Client.java:handleConnectionFailure(977)) - Retrying connect to server: localhost/127.0.0.1:32969. Already tried 5 time(s); retry policy is RetryUpToMaximumCountWithFixedSleep(maxRetries=15, sleepTime=1000 MILLISECONDS)
2022-02-08 14:30:13,565 [EndpointStateMachine task thread for /127.0.0.1:40085 - 0 ] INFO  ipc.Client (Client.java:handleConnectionFailure(977)) - Retrying connect to server: localhost/127.0.0.1:40085. Already tried 5 time(s); retry policy is RetryUpToMaximumCountWithFixedSleep(maxRetries=15, sleepTime=1000 MILLISECONDS)
2022-02-08 14:30:14,563 [EndpointStateMachine task thread for /127.0.0.1:41397 - 0 ] INFO  ipc.Client (Client.java:handleConnectionFailure(977)) - Retrying connect to server: localhost/127.0.0.1:41397. Already tried 6 time(s); retry policy is RetryUpToMaximumCountWithFixedSleep(maxRetries=15, sleepTime=1000 MILLISECONDS)
2022-02-08 14:30:14,565 [EndpointStateMachine task thread for /127.0.0.1:32969 - 0 ] INFO  ipc.Client (Client.java:handleConnectionFailure(977)) - Retrying connect to server: localhost/127.0.0.1:32969. Already tried 6 time(s); retry policy is RetryUpToMaximumCountWithFixedSleep(maxRetries=15, sleepTime=1000 MILLISECONDS)
2022-02-08 14:30:14,566 [EndpointStateMachine task thread for /127.0.0.1:40085 - 0 ] INFO  ipc.Client (Client.java:handleConnectionFailure(977)) - Retrying connect to server: localhost/127.0.0.1:40085. Already tried 6 time(s); retry policy is RetryUpToMaximumCountWithFixedSleep(maxRetries=15, sleepTime=1000 MILLISECONDS)
2022-02-08 14:30:15,564 [EndpointStateMachine task thread for /127.0.0.1:41397 - 0 ] INFO  ipc.Client (Client.java:handleConnectionFailure(977)) - Retrying connect to server: localhost/127.0.0.1:41397. Already tried 7 time(s); retry policy is RetryUpToMaximumCountWithFixedSleep(maxRetries=15, sleepTime=1000 MILLISECONDS)
2022-02-08 14:30:15,566 [EndpointStateMachine task thread for /127.0.0.1:32969 - 0 ] INFO  ipc.Client (Client.java:handleConnectionFailure(977)) - Retrying connect to server: localhost/127.0.0.1:32969. Already tried 7 time(s); retry policy is RetryUpToMaximumCountWithFixedSleep(maxRetries=15, sleepTime=1000 MILLISECONDS)
2022-02-08 14:30:15,566 [EndpointStateMachine task thread for /127.0.0.1:40085 - 0 ] INFO  ipc.Client (Client.java:handleConnectionFailure(977)) - Retrying connect to server: localhost/127.0.0.1:40085. Already tried 7 time(s); retry policy is RetryUpToMaximumCountWithFixedSleep(maxRetries=15, sleepTime=1000 MILLISECONDS)
2022-02-08 14:30:16,548 [7a675d49-8bf4-44ad-b841-6def84288824@group-FC99C0F819FC-LeaderStateImpl] INFO  server.RaftServer$Division (ServerState.java:setRaftConf(387)) - 7a675d49-8bf4-44ad-b841-6def84288824@group-FC99C0F819FC: set configuration 3: [7a675d49-8bf4-44ad-b841-6def84288824|rpc:localhost:40095|admin:|client:|dataStream:|priority:0, 19a54928-8125-4c35-a03e-a210dfc90c30|rpc:localhost:32921|priority:0], old=[7a675d49-8bf4-44ad-b841-6def84288824|rpc:localhost:40095|admin:|client:|dataStream:|priority:0]
2022-02-08 14:30:16,550 [grpc-default-executor-2] INFO  server.RaftServer$Division (ServerState.java:setRaftConf(387)) - 19a54928-8125-4c35-a03e-a210dfc90c30@group-FC99C0F819FC: set configuration 3: [7a675d49-8bf4-44ad-b841-6def84288824|rpc:localhost:40095|admin:|client:|dataStream:|priority:0, 19a54928-8125-4c35-a03e-a210dfc90c30|rpc:localhost:32921|admin:|client:|dataStream:|priority:0], old=[7a675d49-8bf4-44ad-b841-6def84288824|rpc:localhost:40095|admin:|client:|dataStream:|priority:0]
2022-02-08 14:30:16,550 [grpc-default-executor-2] INFO  segmented.SegmentedRaftLogWorker (SegmentedRaftLogWorker.java:startLogSegment(394)) - 19a54928-8125-4c35-a03e-a210dfc90c30@group-FC99C0F819FC-SegmentedRaftLogWorker: Starting segment from index:3
2022-02-08 14:30:16,559 [19a54928-8125-4c35-a03e-a210dfc90c30@group-FC99C0F819FC-SegmentedRaftLogWorker] INFO  segmented.SegmentedRaftLogWorker (SegmentedRaftLogWorker.java:execute(601)) - 19a54928-8125-4c35-a03e-a210dfc90c30@group-FC99C0F819FC-SegmentedRaftLogWorker: created new log segment /home/runner/work/ozone/ozone/hadoop-ozone/integration-test/target/test-dir/MiniOzoneClusterImpl-be5678e2-4507-4d84-8cb9-fc99c0f819fc/scmNode-2/scm-ha/be5678e2-4507-4d84-8cb9-fc99c0f819fc/current/log_inprogress_3
2022-02-08 14:30:16,564 [EndpointStateMachine task thread for /127.0.0.1:41397 - 0 ] INFO  ipc.Client (Client.java:handleConnectionFailure(977)) - Retrying connect to server: localhost/127.0.0.1:41397. Already tried 8 time(s); retry policy is RetryUpToMaximumCountWithFixedSleep(maxRetries=15, sleepTime=1000 MILLISECONDS)
2022-02-08 14:30:16,566 [EndpointStateMachine task thread for /127.0.0.1:32969 - 0 ] INFO  ipc.Client (Client.java:handleConnectionFailure(977)) - Retrying connect to server: localhost/127.0.0.1:32969. Already tried 8 time(s); retry policy is RetryUpToMaximumCountWithFixedSleep(maxRetries=15, sleepTime=1000 MILLISECONDS)
2022-02-08 14:30:16,566 [EndpointStateMachine task thread for /127.0.0.1:40085 - 0 ] INFO  ipc.Client (Client.java:handleConnectionFailure(977)) - Retrying connect to server: localhost/127.0.0.1:40085. Already tried 8 time(s); retry policy is RetryUpToMaximumCountWithFixedSleep(maxRetries=15, sleepTime=1000 MILLISECONDS)
2022-02-08 14:30:16,581 [7a675d49-8bf4-44ad-b841-6def84288824@group-FC99C0F819FC-LeaderStateImpl] INFO  server.RaftServer$Division (ServerState.java:setRaftConf(387)) - 7a675d49-8bf4-44ad-b841-6def84288824@group-FC99C0F819FC: set configuration 5: [7a675d49-8bf4-44ad-b841-6def84288824|rpc:localhost:40095|admin:|client:|dataStream:|priority:0, 19a54928-8125-4c35-a03e-a210dfc90c30|rpc:localhost:32921|priority:0], old=null
2022-02-08 14:30:16,582 [grpc-default-executor-2] INFO  server.RaftServer$Division (ServerState.java:setRaftConf(387)) - 19a54928-8125-4c35-a03e-a210dfc90c30@group-FC99C0F819FC: set configuration 5: [7a675d49-8bf4-44ad-b841-6def84288824|rpc:localhost:40095|admin:|client:|dataStream:|priority:0, 19a54928-8125-4c35-a03e-a210dfc90c30|rpc:localhost:32921|admin:|client:|dataStream:|priority:0], old=null
2022-02-08 14:30:16,589 [19a54928-8125-4c35-a03e-a210dfc90c30@group-FC99C0F819FC-StateMachineUpdater] INFO  safemode.HealthyPipelineSafeModeRule (HealthyPipelineSafeModeRule.java:initializeRule(152)) - Refreshed total pipeline count is 0, healthy pipeline threshold count is 1
2022-02-08 14:30:16,590 [19a54928-8125-4c35-a03e-a210dfc90c30@group-FC99C0F819FC-StateMachineUpdater] INFO  safemode.ContainerSafeModeRule (ContainerSafeModeRule.java:reInitializeRule(177)) - Refreshed one replica container threshold 0, currentThreshold 0
2022-02-08 14:30:16,590 [19a54928-8125-4c35-a03e-a210dfc90c30@group-FC99C0F819FC-StateMachineUpdater] INFO  safemode.OneReplicaPipelineSafeModeRule (OneReplicaPipelineSafeModeRule.java:initializeRule(176)) - Refreshed Total pipeline count is 0, pipeline's with at least one datanode reported threshold count is 0
2022-02-08 14:30:16,590 [19a54928-8125-4c35-a03e-a210dfc90c30@group-FC99C0F819FC-StateMachineUpdater] INFO  server.SCMDatanodeProtocolServer (SCMDatanodeProtocolServer.java:start(181)) - ScmDatanodeProtocol RPC server for DataNodes is listening at /0.0.0.0:45997
2022-02-08 14:30:16,598 [7a675d49-8bf4-44ad-b841-6def84288824@group-FC99C0F819FC-StateMachineUpdater] INFO  ha.SCMStateMachine (SCMStateMachine.java:takeSnapshot(297)) - Current Snapshot Index 4, takeSnapshot took 0 ms
2022-02-08 14:30:16,598 [7a675d49-8bf4-44ad-b841-6def84288824@group-FC99C0F819FC-StateMachineUpdater] INFO  impl.StateMachineUpdater (StateMachineUpdater.java:takeSnapshot(281)) - 7a675d49-8bf4-44ad-b841-6def84288824@group-FC99C0F819FC-StateMachineUpdater: Took a snapshot at index 4
2022-02-08 14:30:16,598 [7a675d49-8bf4-44ad-b841-6def84288824@group-FC99C0F819FC-StateMachineUpdater] INFO  impl.StateMachineUpdater (StateMachineUpdater.java:lambda$new$0(89)) - 7a675d49-8bf4-44ad-b841-6def84288824@group-FC99C0F819FC-StateMachineUpdater: snapshotIndex: updateIncreasingly -1 -> 4
2022-02-08 14:30:16,598 [7a675d49-8bf4-44ad-b841-6def84288824@group-FC99C0F819FC-StateMachineUpdater] INFO  raftlog.RaftLog (RaftLogBase.java:purge(306)) - 7a675d49-8bf4-44ad-b841-6def84288824@group-FC99C0F819FC-SegmentedRaftLog: purge 4
2022-02-08 14:30:16,598 [7a675d49-8bf4-44ad-b841-6def84288824@group-FC99C0F819FC-StateMachineUpdater] INFO  raftlog.RaftLog (RaftLogBase.java:lambda$new$0(53)) - 7a675d49-8bf4-44ad-b841-6def84288824@group-FC99C0F819FC-SegmentedRaftLog: snapshotIndex: updateIncreasingly -1 -> 4
2022-02-08 14:30:16,598 [7a675d49-8bf4-44ad-b841-6def84288824@group-FC99C0F819FC-SegmentedRaftLogWorker] INFO  raftlog.RaftLog (RaftLogBase.java:lambda$new$0(53)) - 7a675d49-8bf4-44ad-b841-6def84288824@group-FC99C0F819FC-SegmentedRaftLog: purgeIndex: updateToMax old=-1, new=0, updated? true
2022-02-08 14:30:16,605 [IPC Server handler 23 on default port 37787] INFO  ha.SCMRatisServerImpl (SCMRatisServerImpl.java:addSCM(303)) - Successfully added new SCM: 19a54928-8125-4c35-a03e-a210dfc90c30.
2022-02-08 14:30:16,605 [Listener at 0.0.0.0/32839] INFO  ha.SCMHAManagerImpl (SCMHAManagerImpl.java:start(117)) - Successfully added SCM scmNode-2 to group group-FC99C0F819FC:[7a675d49-8bf4-44ad-b841-6def84288824|rpc:localhost:40095|admin:|client:|dataStream:|priority:0, 19a54928-8125-4c35-a03e-a210dfc90c30|rpc:localhost:32921|admin:|client:|dataStream:|priority:0]
2022-02-08 14:30:16,606 [Listener at 0.0.0.0/32839] INFO  ha.InterSCMGrpcService (InterSCMGrpcProtocolService.java:start(94)) - Starting SCM Grpc Service at port 36127
2022-02-08 14:30:16,607 [Listener at 0.0.0.0/32839] INFO  impl.MetricsSystemImpl (MetricsSystemImpl.java:init(158)) - StorageContainerManager metrics system started (again)
2022-02-08 14:30:16,613 [IPC Server Responder] INFO  ipc.Server (Server.java:run(1507)) - IPC Server Responder: starting
2022-02-08 14:30:16,632 [IPC Server listener on 45997] INFO  ipc.Server (Server.java:run(1344)) - IPC Server listener on 45997: starting
2022-02-08 14:30:16,641 [Listener at 0.0.0.0/32839] INFO  server.SCMClientProtocolServer (SCMClientProtocolServer.java:start(165)) - RPC server for Client  is listening at /0.0.0.0:32839
2022-02-08 14:30:16,643 [IPC Server Responder] INFO  ipc.Server (Server.java:run(1507)) - IPC Server Responder: starting
2022-02-08 14:30:16,643 [IPC Server listener on 32839] INFO  ipc.Server (Server.java:run(1344)) - IPC Server listener on 32839: starting
2022-02-08 14:30:16,657 [Listener at 0.0.0.0/32839] INFO  server.StorageContainerManager (StorageContainerManager.java:start(1318)) - ScmBlockLocationProtocol RPC server is listening at /0.0.0.0:37139
2022-02-08 14:30:16,657 [Listener at 0.0.0.0/32839] INFO  server.SCMBlockProtocolServer (SCMBlockProtocolServer.java:start(151)) - RPC server for Block Protocol is listening at /0.0.0.0:37139
2022-02-08 14:30:16,658 [IPC Server Responder] INFO  ipc.Server (Server.java:run(1507)) - IPC Server Responder: starting
2022-02-08 14:30:16,658 [IPC Server listener on 37139] INFO  ipc.Server (Server.java:run(1344)) - IPC Server listener on 37139: starting
2022-02-08 14:30:16,662 [Listener at 0.0.0.0/32839] INFO  http.BaseHttpServer (BaseHttpServer.java:newHttpServer2BuilderForOzone(209)) - Starting Web-server for scm at: http://0.0.0.0:37913
2022-02-08 14:30:16,663 [Listener at 0.0.0.0/32839] INFO  http.BaseHttpServer (BaseHttpServer.java:<init>(107)) - Hadoop Security Enabled: false Ozone Security Enabled: false Ozone HTTP Security Enabled: false 
2022-02-08 14:30:16,664 [Listener at 0.0.0.0/32839] INFO  server.AuthenticationFilter (AuthenticationFilter.java:constructSecretProvider(240)) - Unable to initialize FileSignerSecretProvider, falling back to use random secrets.
2022-02-08 14:30:16,669 [org.apache.hadoop.util.JvmPauseMonitor$Monitor@1749ed56] INFO  util.JvmPauseMonitor (JvmPauseMonitor.java:run(188)) - Starting JVM pause monitor
2022-02-08 14:30:16,669 [Listener at 0.0.0.0/32839] WARN  http.HttpRequestLog (HttpRequestLog.java:getRequestLog(103)) - Jetty request log can only be enabled using Log4j
2022-02-08 14:30:16,671 [Listener at 0.0.0.0/32839] INFO  http.HttpServer2 (HttpServer2.java:addGlobalFilter(1030)) - Added global filter 'safety' (class=org.apache.hadoop.hdds.server.http.HttpServer2$QuotingInputFilter)
2022-02-08 14:30:16,672 [Listener at 0.0.0.0/32839] INFO  http.HttpServer2 (HttpServer2.java:addFilter(1006)) - Added filter static_user_filter (class=org.apache.hadoop.http.lib.StaticUserWebFilter$StaticUserFilter) to context scm
2022-02-08 14:30:16,672 [Listener at 0.0.0.0/32839] INFO  http.HttpServer2 (HttpServer2.java:addFilter(1014)) - Added filter static_user_filter (class=org.apache.hadoop.http.lib.StaticUserWebFilter$StaticUserFilter) to context logs
2022-02-08 14:30:16,673 [Listener at 0.0.0.0/32839] INFO  http.HttpServer2 (HttpServer2.java:addFilter(1014)) - Added filter static_user_filter (class=org.apache.hadoop.http.lib.StaticUserWebFilter$StaticUserFilter) to context static
2022-02-08 14:30:16,673 [Listener at 0.0.0.0/32839] INFO  http.HttpServer2 (HttpServer2.java:bindListener(1249)) - Jetty bound to port 37913
2022-02-08 14:30:16,673 [Listener at 0.0.0.0/32839] INFO  server.Server (Server.java:doStart(375)) - jetty-9.4.43.v20210629; built: 2021-06-30T11:07:22.254Z; git: 526006ecfa3af7f1a27ef3a288e2bef7ea9dd7e8; jvm 1.8.0_312-b07
2022-02-08 14:30:16,677 [Listener at 0.0.0.0/32839] INFO  server.session (DefaultSessionIdManager.java:doStart(334)) - DefaultSessionIdManager workerName=node0
2022-02-08 14:30:16,677 [Listener at 0.0.0.0/32839] INFO  server.session (DefaultSessionIdManager.java:doStart(339)) - No SessionScavenger set, using defaults
2022-02-08 14:30:16,677 [Listener at 0.0.0.0/32839] INFO  server.session (HouseKeeper.java:startScavenging(132)) - node0 Scavenging every 600000ms
2022-02-08 14:30:16,678 [Listener at 0.0.0.0/32839] INFO  handler.ContextHandler (ContextHandler.java:doStart(915)) - Started o.e.j.s.ServletContextHandler@321f3b88{logs,/logs,file:///home/runner/work/ozone/ozone/hadoop-ozone/integration-test/target/log,AVAILABLE}
2022-02-08 14:30:16,678 [Listener at 0.0.0.0/32839] INFO  handler.ContextHandler (ContextHandler.java:doStart(915)) - Started o.e.j.s.ServletContextHandler@2c0c1730{static,/static,file:///home/runner/work/ozone/ozone/hadoop-ozone/integration-test/target/test-classes/webapps/static,AVAILABLE}
2022-02-08 14:30:16,681 [Listener at 0.0.0.0/32839] INFO  handler.ContextHandler (ContextHandler.java:doStart(915)) - Started o.e.j.w.WebAppContext@50233f7d{scm,/,file:///home/runner/work/ozone/ozone/hadoop-ozone/integration-test/target/test-classes/webapps/scm/,AVAILABLE}{file:/home/runner/work/ozone/ozone/hadoop-ozone/integration-test/target/test-classes/webapps/scm}
2022-02-08 14:30:16,689 [Listener at 0.0.0.0/32839] INFO  server.AbstractConnector (AbstractConnector.java:doStart(331)) - Started ServerConnector@30f13b3a{HTTP/1.1, (http/1.1)}{0.0.0.0:37913}
2022-02-08 14:30:16,689 [Listener at 0.0.0.0/32839] INFO  server.Server (Server.java:doStart(415)) - Started @88429ms
2022-02-08 14:30:16,689 [Listener at 0.0.0.0/32839] WARN  impl.MetricsSystemImpl (MetricsSystemImpl.java:register(279)) - Sink prometheus already exists!
2022-02-08 14:30:16,689 [Listener at 0.0.0.0/32839] INFO  http.BaseHttpServer (BaseHttpServer.java:updateConnectorAddress(329)) - HTTP server of scm listening at http://0.0.0.0:37913
2022-02-08 14:30:16,690 [Listener at 0.0.0.0/32839] INFO  ozone.MiniOzoneHAClusterImpl (MiniOzoneHAClusterImpl.java:createSCMService(600)) - Started SCM RPC server at /0.0.0.0:32839
2022-02-08 14:30:16,690 [Listener at 0.0.0.0/32839] INFO  ha.SCMHANodeDetails (SCMHANodeDetails.java:loadSCMHAConfig(157)) - ServiceID for StorageContainerManager is scm-service-test1
2022-02-08 14:30:16,691 [Listener at 0.0.0.0/32839] INFO  ha.SCMHANodeDetails (SCMHANodeDetails.java:loadSCMHAConfig(168)) - ServiceID for StorageContainerManager is scm-service-test1
2022-02-08 14:30:16,691 [Listener at 0.0.0.0/32839] WARN  scm.ScmUtils (ScmUtils.java:logWarn(179)) - ConfigKey ozone.scm.block.client.address is deprecated, For configuring different ports for each SCM use PortConfigKey ozone.scm.block.client.port appended with serviceId and nodeId. If want to configure same port configure ozone.scm.block.client.port
2022-02-08 14:30:16,691 [Listener at 0.0.0.0/32839] WARN  scm.ScmUtils (ScmUtils.java:logWarn(179)) - ConfigKey ozone.scm.client.address is deprecated, For configuring different ports for each SCM use PortConfigKey ozone.scm.client.port appended with serviceId and nodeId. If want to configure same port configure ozone.scm.client.port
2022-02-08 14:30:16,691 [Listener at 0.0.0.0/32839] WARN  scm.ScmUtils (ScmUtils.java:logWarn(179)) - ConfigKey ozone.scm.datanode.address is deprecated, For configuring different ports for each SCM use PortConfigKey ozone.scm.datanode.port appended with serviceId and nodeId. If want to configure same port configure ozone.scm.datanode.port
2022-02-08 14:30:16,691 [Listener at 0.0.0.0/32839] WARN  scm.ScmUtils (ScmUtils.java:logWarn(179)) - ConfigKey ozone.scm.block.client.address is deprecated, For configuring different ports for each SCM use PortConfigKey ozone.scm.block.client.port appended with serviceId and nodeId. If want to configure same port configure ozone.scm.block.client.port
2022-02-08 14:30:16,691 [Listener at 0.0.0.0/32839] WARN  scm.ScmUtils (ScmUtils.java:logWarn(179)) - ConfigKey ozone.scm.client.address is deprecated, For configuring different ports for each SCM use PortConfigKey ozone.scm.client.port appended with serviceId and nodeId. If want to configure same port configure ozone.scm.client.port
2022-02-08 14:30:16,691 [Listener at 0.0.0.0/32839] WARN  scm.ScmUtils (ScmUtils.java:logWarn(179)) - ConfigKey ozone.scm.datanode.address is deprecated, For configuring different ports for each SCM use PortConfigKey ozone.scm.datanode.port appended with serviceId and nodeId. If want to configure same port configure ozone.scm.datanode.port
2022-02-08 14:30:16,691 [Listener at 0.0.0.0/32839] INFO  ha.SCMHANodeDetails (SCMHANodeDetails.java:loadSCMHAConfig(250)) - Found matching SCM address with SCMServiceId: scm-service-test1, SCMNodeId: scmNode-3, RPC Address: localhost:35659 and Ratis port: 35659
2022-02-08 14:30:16,692 [Listener at 0.0.0.0/32839] INFO  ha.SCMHANodeDetails (ConfUtils.java:setNodeSpecificConfigs(108)) - Setting configuration key ozone.scm.datanode.address with value of key ozone.scm.datanode.address.scm-service-test1.scmNode-3: 127.0.0.1:41469
2022-02-08 14:30:16,692 [Listener at 0.0.0.0/32839] INFO  ha.SCMHANodeDetails (ConfUtils.java:setNodeSpecificConfigs(108)) - Setting configuration key ozone.scm.block.client.address with value of key ozone.scm.block.client.address.scm-service-test1.scmNode-3: 127.0.0.1:33091
2022-02-08 14:30:16,692 [Listener at 0.0.0.0/32839] INFO  ha.SCMHANodeDetails (ConfUtils.java:setNodeSpecificConfigs(108)) - Setting configuration key ozone.scm.client.address with value of key ozone.scm.client.address.scm-service-test1.scmNode-3: 127.0.0.1:38603
2022-02-08 14:30:16,692 [Listener at 0.0.0.0/32839] INFO  ha.SCMHANodeDetails (ConfUtils.java:setNodeSpecificConfigs(108)) - Setting configuration key ozone.scm.ratis.port with value of key ozone.scm.ratis.port.scm-service-test1.scmNode-3: 35659
2022-02-08 14:30:16,692 [Listener at 0.0.0.0/32839] INFO  ha.SCMHANodeDetails (ConfUtils.java:setNodeSpecificConfigs(108)) - Setting configuration key ozone.scm.grpc.port with value of key ozone.scm.grpc.port.scm-service-test1.scmNode-3: 45117
2022-02-08 14:30:16,692 [Listener at 0.0.0.0/32839] INFO  ha.SCMHANodeDetails (ConfUtils.java:setNodeSpecificConfigs(108)) - Setting configuration key ozone.scm.http-address with value of key ozone.scm.http-address.scm-service-test1.scmNode-3: 127.0.0.1:33197
2022-02-08 14:30:16,692 [Listener at 0.0.0.0/32839] INFO  ha.SCMHANodeDetails (ConfUtils.java:setNodeSpecificConfigs(108)) - Setting configuration key ozone.scm.https-address with value of key ozone.scm.https-address.scm-service-test1.scmNode-3: 127.0.0.1:41057
2022-02-08 14:30:16,692 [Listener at 0.0.0.0/32839] INFO  ha.SCMHANodeDetails (ConfUtils.java:setNodeSpecificConfigs(108)) - Setting configuration key ozone.scm.address with value of key ozone.scm.address.scm-service-test1.scmNode-3: 127.0.0.1
2022-02-08 14:30:16,692 [Listener at 0.0.0.0/32839] WARN  scm.ScmUtils (ScmUtils.java:logWarn(179)) - ConfigKey ozone.scm.block.client.address is deprecated, For configuring different ports for each SCM use PortConfigKey ozone.scm.block.client.port appended with serviceId and nodeId. If want to configure same port configure ozone.scm.block.client.port
2022-02-08 14:30:16,692 [Listener at 0.0.0.0/32839] WARN  scm.ScmUtils (ScmUtils.java:logWarn(179)) - ConfigKey ozone.scm.client.address is deprecated, For configuring different ports for each SCM use PortConfigKey ozone.scm.client.port appended with serviceId and nodeId. If want to configure same port configure ozone.scm.client.port
2022-02-08 14:30:16,692 [Listener at 0.0.0.0/32839] WARN  scm.ScmUtils (ScmUtils.java:logWarn(179)) - ConfigKey ozone.scm.datanode.address is deprecated, For configuring different ports for each SCM use PortConfigKey ozone.scm.datanode.port appended with serviceId and nodeId. If want to configure same port configure ozone.scm.datanode.port
2022-02-08 14:30:16,693 [Listener at 0.0.0.0/32839] WARN  server.ServerUtils (ServerUtils.java:getScmDbDir(148)) - ozone.scm.db.dirs is not configured. We recommend adding this setting. Falling back to ozone.metadata.dirs instead.
2022-02-08 14:30:16,705 [Listener at 0.0.0.0/32839] INFO  ha.SCMNodeInfo (SCMNodeInfo.java:getPort(197)) - ConfigKey ozone.scm.client.address is deprecated, For configuring different ports for each SCM use PortConfigKey ozone.scm.client.port appended with serviceId and nodeId
2022-02-08 14:30:16,705 [Listener at 0.0.0.0/32839] INFO  ha.SCMNodeInfo (SCMNodeInfo.java:getPort(197)) - ConfigKey ozone.scm.block.client.address is deprecated, For configuring different ports for each SCM use PortConfigKey ozone.scm.block.client.port appended with serviceId and nodeId
2022-02-08 14:30:16,705 [Listener at 0.0.0.0/32839] INFO  ha.SCMNodeInfo (SCMNodeInfo.java:getPort(197)) - ConfigKey ozone.scm.datanode.address is deprecated, For configuring different ports for each SCM use PortConfigKey ozone.scm.datanode.port appended with serviceId and nodeId
2022-02-08 14:30:16,706 [Listener at 0.0.0.0/32839] INFO  ha.SCMNodeInfo (SCMNodeInfo.java:getPort(197)) - ConfigKey ozone.scm.client.address is deprecated, For configuring different ports for each SCM use PortConfigKey ozone.scm.client.port appended with serviceId and nodeId
2022-02-08 14:30:16,706 [Listener at 0.0.0.0/32839] INFO  ha.SCMNodeInfo (SCMNodeInfo.java:getPort(197)) - ConfigKey ozone.scm.block.client.address is deprecated, For configuring different ports for each SCM use PortConfigKey ozone.scm.block.client.port appended with serviceId and nodeId
2022-02-08 14:30:16,706 [Listener at 0.0.0.0/32839] INFO  ha.SCMNodeInfo (SCMNodeInfo.java:getPort(197)) - ConfigKey ozone.scm.datanode.address is deprecated, For configuring different ports for each SCM use PortConfigKey ozone.scm.datanode.port appended with serviceId and nodeId
2022-02-08 14:30:16,706 [Listener at 0.0.0.0/32839] INFO  ha.SCMNodeInfo (SCMNodeInfo.java:getPort(197)) - ConfigKey ozone.scm.client.address is deprecated, For configuring different ports for each SCM use PortConfigKey ozone.scm.client.port appended with serviceId and nodeId
2022-02-08 14:30:16,706 [Listener at 0.0.0.0/32839] INFO  ha.SCMNodeInfo (SCMNodeInfo.java:getPort(197)) - ConfigKey ozone.scm.block.client.address is deprecated, For configuring different ports for each SCM use PortConfigKey ozone.scm.block.client.port appended with serviceId and nodeId
2022-02-08 14:30:16,706 [Listener at 0.0.0.0/32839] INFO  ha.SCMNodeInfo (SCMNodeInfo.java:getPort(197)) - ConfigKey ozone.scm.datanode.address is deprecated, For configuring different ports for each SCM use PortConfigKey ozone.scm.datanode.port appended with serviceId and nodeId
2022-02-08 14:30:16,723 [Listener at 0.0.0.0/32839] INFO  server.StorageContainerManager (StorageContainerManager.java:scmBootstrap(987)) - SCM BootStrap  is successful for ClusterID be5678e2-4507-4d84-8cb9-fc99c0f819fc, SCMID 31c7f53c-68d3-4e4f-bab9-a4f3f7bb41e9
2022-02-08 14:30:16,723 [Listener at 0.0.0.0/32839] INFO  server.StorageContainerManager (StorageContainerManager.java:scmBootstrap(989)) - Primary SCM Node ID 7a675d49-8bf4-44ad-b841-6def84288824
2022-02-08 14:30:16,723 [Listener at 0.0.0.0/32839] INFO  ha.SCMHANodeDetails (SCMHANodeDetails.java:loadSCMHAConfig(157)) - ServiceID for StorageContainerManager is scm-service-test1
2022-02-08 14:30:16,723 [Listener at 0.0.0.0/32839] INFO  ha.SCMHANodeDetails (SCMHANodeDetails.java:loadSCMHAConfig(168)) - ServiceID for StorageContainerManager is scm-service-test1
2022-02-08 14:30:16,723 [Listener at 0.0.0.0/32839] WARN  scm.ScmUtils (ScmUtils.java:logWarn(179)) - ConfigKey ozone.scm.block.client.address is deprecated, For configuring different ports for each SCM use PortConfigKey ozone.scm.block.client.port appended with serviceId and nodeId. If want to configure same port configure ozone.scm.block.client.port
2022-02-08 14:30:16,723 [Listener at 0.0.0.0/32839] WARN  scm.ScmUtils (ScmUtils.java:logWarn(179)) - ConfigKey ozone.scm.client.address is deprecated, For configuring different ports for each SCM use PortConfigKey ozone.scm.client.port appended with serviceId and nodeId. If want to configure same port configure ozone.scm.client.port
2022-02-08 14:30:16,723 [Listener at 0.0.0.0/32839] WARN  scm.ScmUtils (ScmUtils.java:logWarn(179)) - ConfigKey ozone.scm.datanode.address is deprecated, For configuring different ports for each SCM use PortConfigKey ozone.scm.datanode.port appended with serviceId and nodeId. If want to configure same port configure ozone.scm.datanode.port
2022-02-08 14:30:16,723 [Listener at 0.0.0.0/32839] WARN  scm.ScmUtils (ScmUtils.java:logWarn(179)) - ConfigKey ozone.scm.block.client.address is deprecated, For configuring different ports for each SCM use PortConfigKey ozone.scm.block.client.port appended with serviceId and nodeId. If want to configure same port configure ozone.scm.block.client.port
2022-02-08 14:30:16,723 [Listener at 0.0.0.0/32839] WARN  scm.ScmUtils (ScmUtils.java:logWarn(179)) - ConfigKey ozone.scm.client.address is deprecated, For configuring different ports for each SCM use PortConfigKey ozone.scm.client.port appended with serviceId and nodeId. If want to configure same port configure ozone.scm.client.port
2022-02-08 14:30:16,724 [Listener at 0.0.0.0/32839] WARN  scm.ScmUtils (ScmUtils.java:logWarn(179)) - ConfigKey ozone.scm.datanode.address is deprecated, For configuring different ports for each SCM use PortConfigKey ozone.scm.datanode.port appended with serviceId and nodeId. If want to configure same port configure ozone.scm.datanode.port
2022-02-08 14:30:16,724 [Listener at 0.0.0.0/32839] INFO  ha.SCMHANodeDetails (SCMHANodeDetails.java:loadSCMHAConfig(250)) - Found matching SCM address with SCMServiceId: scm-service-test1, SCMNodeId: scmNode-3, RPC Address: localhost:35659 and Ratis port: 35659
2022-02-08 14:30:16,724 [Listener at 0.0.0.0/32839] INFO  ha.SCMHANodeDetails (ConfUtils.java:setNodeSpecificConfigs(108)) - Setting configuration key ozone.scm.datanode.address with value of key ozone.scm.datanode.address.scm-service-test1.scmNode-3: 127.0.0.1:41469
2022-02-08 14:30:16,724 [Listener at 0.0.0.0/32839] INFO  ha.SCMHANodeDetails (ConfUtils.java:setNodeSpecificConfigs(108)) - Setting configuration key ozone.scm.block.client.address with value of key ozone.scm.block.client.address.scm-service-test1.scmNode-3: 127.0.0.1:33091
2022-02-08 14:30:16,724 [Listener at 0.0.0.0/32839] INFO  ha.SCMHANodeDetails (ConfUtils.java:setNodeSpecificConfigs(108)) - Setting configuration key ozone.scm.client.address with value of key ozone.scm.client.address.scm-service-test1.scmNode-3: 127.0.0.1:38603
2022-02-08 14:30:16,724 [Listener at 0.0.0.0/32839] INFO  ha.SCMHANodeDetails (ConfUtils.java:setNodeSpecificConfigs(108)) - Setting configuration key ozone.scm.ratis.port with value of key ozone.scm.ratis.port.scm-service-test1.scmNode-3: 35659
2022-02-08 14:30:16,724 [Listener at 0.0.0.0/32839] INFO  ha.SCMHANodeDetails (ConfUtils.java:setNodeSpecificConfigs(108)) - Setting configuration key ozone.scm.grpc.port with value of key ozone.scm.grpc.port.scm-service-test1.scmNode-3: 45117
2022-02-08 14:30:16,724 [Listener at 0.0.0.0/32839] INFO  ha.SCMHANodeDetails (ConfUtils.java:setNodeSpecificConfigs(108)) - Setting configuration key ozone.scm.http-address with value of key ozone.scm.http-address.scm-service-test1.scmNode-3: 127.0.0.1:33197
2022-02-08 14:30:16,724 [Listener at 0.0.0.0/32839] INFO  ha.SCMHANodeDetails (ConfUtils.java:setNodeSpecificConfigs(108)) - Setting configuration key ozone.scm.https-address with value of key ozone.scm.https-address.scm-service-test1.scmNode-3: 127.0.0.1:41057
2022-02-08 14:30:16,724 [Listener at 0.0.0.0/32839] INFO  ha.SCMHANodeDetails (ConfUtils.java:setNodeSpecificConfigs(108)) - Setting configuration key ozone.scm.address with value of key ozone.scm.address.scm-service-test1.scmNode-3: 127.0.0.1
2022-02-08 14:30:16,725 [Listener at 0.0.0.0/32839] WARN  scm.ScmUtils (ScmUtils.java:logWarn(179)) - ConfigKey ozone.scm.block.client.address is deprecated, For configuring different ports for each SCM use PortConfigKey ozone.scm.block.client.port appended with serviceId and nodeId. If want to configure same port configure ozone.scm.block.client.port
2022-02-08 14:30:16,725 [Listener at 0.0.0.0/32839] WARN  scm.ScmUtils (ScmUtils.java:logWarn(179)) - ConfigKey ozone.scm.client.address is deprecated, For configuring different ports for each SCM use PortConfigKey ozone.scm.client.port appended with serviceId and nodeId. If want to configure same port configure ozone.scm.client.port
2022-02-08 14:30:16,725 [Listener at 0.0.0.0/32839] WARN  scm.ScmUtils (ScmUtils.java:logWarn(179)) - ConfigKey ozone.scm.datanode.address is deprecated, For configuring different ports for each SCM use PortConfigKey ozone.scm.datanode.port appended with serviceId and nodeId. If want to configure same port configure ozone.scm.datanode.port
2022-02-08 14:30:16,725 [Listener at 0.0.0.0/32839] WARN  server.ServerUtils (ServerUtils.java:getScmDbDir(148)) - ozone.scm.db.dirs is not configured. We recommend adding this setting. Falling back to ozone.metadata.dirs instead.
2022-02-08 14:30:16,726 [Listener at 0.0.0.0/32839] INFO  upgrade.AbstractLayoutVersionManager (AbstractLayoutVersionManager.java:init(79)) - Initializing Layout version manager with metadata layout = SCM_HA (version = 2), software layout = SCM_HA (version = 2)
2022-02-08 14:30:16,761 [Listener at 0.0.0.0/32839] INFO  reflections.Reflections (Reflections.java:scan(232)) - Reflections took 35 ms to scan 7 urls, producing 119 keys and 279 values 
2022-02-08 14:30:16,762 [Listener at 0.0.0.0/32839] WARN  utils.HAUtils (HAUtils.java:getMetaDir(342)) - ozone.scm.db.dirs is not configured. We recommend adding this setting. Falling back to ozone.metadata.dirs instead.
2022-02-08 14:30:16,762 [Listener at 0.0.0.0/32839] WARN  db.DBStoreBuilder (DBStoreBuilder.java:applyDBDefinition(145)) - ozone.scm.db.dirs is not configured. We recommend adding this setting. Falling back to ozone.metadata.dirs instead.
2022-02-08 14:30:16,896 [Listener at 0.0.0.0/32839] INFO  net.NodeSchemaLoader (NodeSchemaLoader.java:loadSchemaFromFile(129)) - Loading schema from [jar:file:/home/runner/.m2/repository/org/apache/ozone/hdds-common/1.3.0-SNAPSHOT/hdds-common-1.3.0-SNAPSHOT.jar!/network-topology-default.xml]
2022-02-08 14:30:16,896 [Listener at 0.0.0.0/32839] INFO  net.NodeSchemaLoader (NodeSchemaLoader.java:loadSchema(176)) - Loading network topology layer schema file
2022-02-08 14:30:16,900 [Listener at 0.0.0.0/32839] WARN  impl.MetricRegistriesImpl (MetricRegistriesImpl.java:addReporterRegistration(111)) - New reporters are added after registries were created. Some metrics will be missing from the reporter. Please add reporter before adding any new registry.
2022-02-08 14:30:16,901 [Listener at 0.0.0.0/32839] WARN  impl.MetricRegistriesImpl (MetricRegistriesImpl.java:addReporterRegistration(111)) - New reporters are added after registries were created. Some metrics will be missing from the reporter. Please add reporter before adding any new registry.
2022-02-08 14:30:16,901 [Listener at 0.0.0.0/32839] INFO  ha.SCMRatisServerImpl (SCMRatisServerImpl.java:<init>(87)) - starting Raft server for scm:31c7f53c-68d3-4e4f-bab9-a4f3f7bb41e9
2022-02-08 14:30:16,902 [Listener at 0.0.0.0/32839] INFO  server.RaftServer (ConfUtils.java:logGet(44)) - raft.rpc.type = GRPC (default)
2022-02-08 14:30:16,903 [Listener at 0.0.0.0/32839] INFO  grpc.GrpcFactory (GrpcFactory.java:checkPooledByteBufAllocatorUseCacheForAllThreads(48)) - PERFORMANCE WARNING: useCacheForAllThreads is true that may cause Netty to create a lot garbage objects and, as a result, trigger GC.
	It is recommended to disable useCacheForAllThreads by setting -Dorg.apache.ratis.thirdparty.io.netty.allocator.useCacheForAllThreads=false in command line.
2022-02-08 14:30:16,903 [Listener at 0.0.0.0/32839] INFO  grpc.GrpcConfigKeys (ConfUtils.java:logGet(44)) - raft.grpc.admin.port = -1 (default)
2022-02-08 14:30:16,903 [Listener at 0.0.0.0/32839] INFO  grpc.GrpcConfigKeys (ConfUtils.java:logGet(44)) - raft.grpc.server.port = 35659 (custom)
2022-02-08 14:30:16,903 [Listener at 0.0.0.0/32839] INFO  grpc.GrpcConfigKeys (ConfUtils.java:logGet(44)) - raft.grpc.client.port = -1 (default)
2022-02-08 14:30:16,903 [Listener at 0.0.0.0/32839] INFO  grpc.GrpcConfigKeys (ConfUtils.java:logGet(44)) - raft.grpc.server.port = 35659 (custom)
2022-02-08 14:30:16,903 [Listener at 0.0.0.0/32839] INFO  grpc.GrpcConfigKeys (ConfUtils.java:logGet(44)) - raft.grpc.server.port = 35659 (custom)
2022-02-08 14:30:16,903 [Listener at 0.0.0.0/32839] INFO  server.GrpcService (ConfUtils.java:logGet(44)) - raft.grpc.message.size.max = 32m (=33554432) (custom)
2022-02-08 14:30:16,904 [Listener at 0.0.0.0/32839] INFO  server.RaftServerConfigKeys (ConfUtils.java:logGet(44)) - raft.server.log.appender.buffer.byte-limit = 33554432 (custom)
2022-02-08 14:30:16,904 [Listener at 0.0.0.0/32839] INFO  server.GrpcService (ConfUtils.java:logGet(44)) - raft.grpc.flow.control.window = 1MB (=1048576) (default)
2022-02-08 14:30:16,904 [Listener at 0.0.0.0/32839] INFO  server.RaftServerConfigKeys (ConfUtils.java:logGet(44)) - raft.server.rpc.request.timeout = 30000ms (custom)
2022-02-08 14:30:16,905 [Listener at 0.0.0.0/32839] INFO  impl.DataStreamServerImpl (ConfUtils.java:logGet(44)) - raft.datastream.type = DISABLED (default)
2022-02-08 14:30:16,905 [Listener at 0.0.0.0/32839] INFO  server.RaftServerConfigKeys (ConfUtils.java:logGet(44)) - raft.server.rpc.slowness.timeout = 120000ms (custom)
2022-02-08 14:30:16,905 [Listener at 0.0.0.0/32839] INFO  server.RaftServerConfigKeys (ConfUtils.java:logGet(44)) - raft.server.leaderelection.leader.step-down.wait-time = 10s (default)
2022-02-08 14:30:16,905 [Listener at 0.0.0.0/32839] INFO  server.RaftServerConfigKeys (ConfUtils.java:logGet(44)) - raft.server.storage.dir = [/home/runner/work/ozone/ozone/hadoop-ozone/integration-test/target/test-dir/MiniOzoneClusterImpl-be5678e2-4507-4d84-8cb9-fc99c0f819fc/scmNode-3/scm-ha] (custom)
2022-02-08 14:30:16,906 [Listener at 0.0.0.0/32839] INFO  server.RaftServer (RaftServerProxy.java:addNew(95)) - 31c7f53c-68d3-4e4f-bab9-a4f3f7bb41e9: addNew group-FC99C0F819FC:[] returns group-FC99C0F819FC:java.util.concurrent.CompletableFuture@3145b833[Not completed]
2022-02-08 14:30:16,906 [pool-263-thread-1] INFO  server.RaftServer$Division (RaftServerImpl.java:<init>(184)) - 31c7f53c-68d3-4e4f-bab9-a4f3f7bb41e9: new RaftServerImpl for group-FC99C0F819FC:[] with SCMStateMachine:uninitialized
2022-02-08 14:30:16,909 [pool-263-thread-1] INFO  server.RaftServerConfigKeys (ConfUtils.java:logGet(44)) - raft.server.rpc.timeout.min = 5000ms (custom)
2022-02-08 14:30:16,909 [pool-263-thread-1] INFO  server.RaftServerConfigKeys (ConfUtils.java:logGet(44)) - raft.server.rpc.timeout.max = 5200ms (custom)
2022-02-08 14:30:16,909 [pool-263-thread-1] INFO  server.RaftServerConfigKeys (ConfUtils.java:logGet(44)) - raft.server.rpc.sleep.time = 25ms (default)
2022-02-08 14:30:16,909 [pool-263-thread-1] INFO  server.RaftServerConfigKeys (ConfUtils.java:logGet(44)) - raft.server.rpc.slowness.timeout = 120000ms (custom)
2022-02-08 14:30:16,909 [pool-263-thread-1] INFO  server.RaftServerConfigKeys (ConfUtils.java:logGet(44)) - raft.server.leaderelection.leader.step-down.wait-time = 10s (default)
2022-02-08 14:30:16,909 [pool-263-thread-1] INFO  server.RaftServerConfigKeys (ConfUtils.java:logGet(44)) - raft.server.sleep.deviation.threshold = 300ms (default)
2022-02-08 14:30:16,909 [pool-263-thread-1] INFO  server.RaftServerConfigKeys (ConfUtils.java:logGet(44)) - raft.server.log.appender.install.snapshot.enabled = false (custom)
2022-02-08 14:30:16,909 [pool-263-thread-1] INFO  server.RaftServer$Division (ServerState.java:<init>(105)) - 31c7f53c-68d3-4e4f-bab9-a4f3f7bb41e9@group-FC99C0F819FC: ConfigurationManager, init=-1: [], old=null, confs=<EMPTY_MAP>
2022-02-08 14:30:16,909 [pool-263-thread-1] INFO  server.RaftServerConfigKeys (ConfUtils.java:logGet(44)) - raft.server.storage.dir = [/home/runner/work/ozone/ozone/hadoop-ozone/integration-test/target/test-dir/MiniOzoneClusterImpl-be5678e2-4507-4d84-8cb9-fc99c0f819fc/scmNode-3/scm-ha] (custom)
2022-02-08 14:30:16,909 [pool-263-thread-1] INFO  server.RaftServerConfigKeys (ConfUtils.java:logGet(44)) - raft.server.log.corruption.policy = EXCEPTION (default)
2022-02-08 14:30:16,909 [pool-263-thread-1] INFO  server.RaftServerConfigKeys (ConfUtils.java:logGet(44)) - raft.server.storage.free-space.min = 0MB (=0) (default)
2022-02-08 14:30:16,909 [pool-263-thread-1] INFO  storage.RaftStorageDirectory (RaftStorageDirectoryImpl.java:analyzeStorage(135)) - The storage directory /home/runner/work/ozone/ozone/hadoop-ozone/integration-test/target/test-dir/MiniOzoneClusterImpl-be5678e2-4507-4d84-8cb9-fc99c0f819fc/scmNode-3/scm-ha/be5678e2-4507-4d84-8cb9-fc99c0f819fc does not exist. Creating ...
2022-02-08 14:30:16,910 [pool-263-thread-1] INFO  storage.RaftStorageDirectory (RaftStorageDirectoryImpl.java:tryLock(230)) - Lock on /home/runner/work/ozone/ozone/hadoop-ozone/integration-test/target/test-dir/MiniOzoneClusterImpl-be5678e2-4507-4d84-8cb9-fc99c0f819fc/scmNode-3/scm-ha/be5678e2-4507-4d84-8cb9-fc99c0f819fc/in_use.lock acquired by nodename 16565@fv-az151-746
2022-02-08 14:30:16,912 [pool-263-thread-1] INFO  storage.RaftStorage (RaftStorageImpl.java:format(89)) - Storage directory /home/runner/work/ozone/ozone/hadoop-ozone/integration-test/target/test-dir/MiniOzoneClusterImpl-be5678e2-4507-4d84-8cb9-fc99c0f819fc/scmNode-3/scm-ha/be5678e2-4507-4d84-8cb9-fc99c0f819fc has been successfully formatted.
2022-02-08 14:30:16,912 [pool-263-thread-1] INFO  server.RaftServerConfigKeys (ConfUtils.java:logGet(44)) - raft.server.notification.no-leader.timeout = 60s (default)
2022-02-08 14:30:16,913 [pool-263-thread-1] INFO  server.RaftServerConfigKeys (ConfUtils.java:logGet(44)) - raft.server.log.use.memory = false (default)
2022-02-08 14:30:16,913 [pool-263-thread-1] INFO  server.RaftServerConfigKeys (ConfUtils.java:logGet(44)) - raft.server.log.purge.gap = 5 (custom)
2022-02-08 14:30:16,913 [pool-263-thread-1] INFO  server.RaftServerConfigKeys (ConfUtils.java:logGet(44)) - raft.server.log.appender.buffer.byte-limit = 33554432 (custom)
2022-02-08 14:30:16,913 [pool-263-thread-1] INFO  server.RaftServerConfigKeys (ConfUtils.java:logGet(44)) - raft.server.log.segment.size.max = 4194304 (custom)
2022-02-08 14:30:16,913 [pool-263-thread-1] INFO  server.RaftServerConfigKeys (ConfUtils.java:logGet(44)) - raft.server.log.segment.cache.num.max = 2 (custom)
2022-02-08 14:30:16,913 [pool-263-thread-1] INFO  server.RaftServerConfigKeys (ConfUtils.java:logGet(44)) - raft.server.log.segment.cache.size.max = 200MB (=209715200) (default)
2022-02-08 14:30:16,913 [pool-263-thread-1] INFO  segmented.SegmentedRaftLogWorker (SegmentedRaftLogWorker.java:<init>(182)) - new 31c7f53c-68d3-4e4f-bab9-a4f3f7bb41e9@group-FC99C0F819FC-SegmentedRaftLogWorker for RaftStorageImpl:Storage Directory /home/runner/work/ozone/ozone/hadoop-ozone/integration-test/target/test-dir/MiniOzoneClusterImpl-be5678e2-4507-4d84-8cb9-fc99c0f819fc/scmNode-3/scm-ha/be5678e2-4507-4d84-8cb9-fc99c0f819fc
2022-02-08 14:30:16,913 [pool-263-thread-1] INFO  server.RaftServerConfigKeys (ConfUtils.java:logGet(44)) - raft.server.log.queue.byte-limit = 64MB (=67108864) (default)
2022-02-08 14:30:16,913 [pool-263-thread-1] INFO  server.RaftServerConfigKeys (ConfUtils.java:logGet(44)) - raft.server.log.queue.element-limit = 4096 (default)
2022-02-08 14:30:16,913 [pool-263-thread-1] INFO  server.RaftServerConfigKeys (ConfUtils.java:logGet(44)) - raft.server.log.segment.size.max = 4194304 (custom)
2022-02-08 14:30:16,913 [pool-263-thread-1] INFO  server.RaftServerConfigKeys (ConfUtils.java:logGet(44)) - raft.server.log.preallocated.size = 4194304 (custom)
2022-02-08 14:30:16,914 [pool-263-thread-1] INFO  server.RaftServerConfigKeys (ConfUtils.java:logGet(44)) - raft.server.log.force.sync.num = 128 (default)
2022-02-08 14:30:16,914 [pool-263-thread-1] INFO  server.RaftServerConfigKeys (ConfUtils.java:logGet(44)) - raft.server.log.statemachine.data.sync = true (default)
2022-02-08 14:30:16,914 [pool-263-thread-1] INFO  server.RaftServerConfigKeys (ConfUtils.java:logGet(44)) - raft.server.log.statemachine.data.sync.timeout = 10s (default)
2022-02-08 14:30:16,914 [pool-263-thread-1] INFO  server.RaftServerConfigKeys (ConfUtils.java:logGet(44)) - raft.server.log.statemachine.data.sync.timeout.retry = -1 (default)
2022-02-08 14:30:16,915 [pool-263-thread-1] INFO  server.RaftServerConfigKeys (ConfUtils.java:logGet(44)) - raft.server.log.write.buffer.size = 64KB (=65536) (default)
2022-02-08 14:30:16,915 [pool-263-thread-1] INFO  server.RaftServerConfigKeys (ConfUtils.java:logGet(44)) - raft.server.log.statemachine.data.caching.enabled = false (default)
2022-02-08 14:30:16,915 [pool-263-thread-1] INFO  segmented.SegmentedRaftLogWorker (SegmentedRaftLogWorker.java:lambda$new$0(133)) - 31c7f53c-68d3-4e4f-bab9-a4f3f7bb41e9@group-FC99C0F819FC-SegmentedRaftLogWorker: flushIndex: setUnconditionally 0 -> -1
2022-02-08 14:30:16,915 [pool-263-thread-1] INFO  segmented.SegmentedRaftLogWorker (SegmentedRaftLogWorker.java:lambda$new$0(133)) - 31c7f53c-68d3-4e4f-bab9-a4f3f7bb41e9@group-FC99C0F819FC-SegmentedRaftLogWorker: safeCacheEvictIndex: setUnconditionally 0 -> -1
2022-02-08 14:30:16,915 [pool-263-thread-1] INFO  server.RaftServerConfigKeys (ConfUtils.java:logGet(44)) - raft.server.snapshot.auto.trigger.enabled = true (custom)
2022-02-08 14:30:16,915 [pool-263-thread-1] INFO  server.RaftServerConfigKeys (ConfUtils.java:logGet(44)) - raft.server.snapshot.auto.trigger.threshold = 5 (custom)
2022-02-08 14:30:16,915 [pool-263-thread-1] INFO  server.RaftServerConfigKeys (ConfUtils.java:logGet(44)) - raft.server.snapshot.retention.file.num = -1 (default)
2022-02-08 14:30:16,915 [pool-263-thread-1] INFO  server.RaftServerConfigKeys (ConfUtils.java:logGet(44)) - raft.server.log.purge.upto.snapshot.index = true (custom)
2022-02-08 14:30:16,915 [pool-263-thread-1] INFO  server.RaftServerConfigKeys (ConfUtils.java:logGet(44)) - raft.server.retrycache.expirytime = 60000ms (default)
2022-02-08 14:30:16,915 [pool-263-thread-1] INFO  server.RaftServerConfigKeys (ConfUtils.java:logGet(44)) - raft.server.retrycache.statistics.expirytime = 100μs (default)
2022-02-08 14:30:16,916 [Listener at 0.0.0.0/32839] INFO  ha.SCMSnapshotProvider (SCMSnapshotProvider.java:<init>(66)) - Initializing SCM Snapshot Provider
2022-02-08 14:30:16,916 [Listener at 0.0.0.0/32839] WARN  server.ServerUtils (ServerUtils.java:getDefaultRatisDirectory(237)) - Storage directory for Ratis is not configured. It is a good idea to map this to an SSD disk. Falling back to ozone.metadata.dirs
2022-02-08 14:30:16,917 [Listener at 0.0.0.0/32839] WARN  ha.SCMHAUtils (SCMHAUtils.java:getSCMRatisSnapshotDirectory(146)) - SCM snapshot dir is not configured. Falling back to ozone.metadata.dirs config
2022-02-08 14:30:16,917 [Listener at 0.0.0.0/32839] INFO  ha.SequenceIdGenerator (SequenceIdGenerator.java:upgradeToSequenceId(347)) - upgrade localId to 109611004723200000
2022-02-08 14:30:16,918 [Listener at 0.0.0.0/32839] INFO  ha.SequenceIdGenerator (SequenceIdGenerator.java:upgradeToSequenceId(357)) - upgrade delTxnId to 0
2022-02-08 14:30:16,918 [Listener at 0.0.0.0/32839] INFO  ha.SequenceIdGenerator (SequenceIdGenerator.java:upgradeToSequenceId(371)) - upgrade containerId to 0
2022-02-08 14:30:16,918 [Listener at 0.0.0.0/32839] INFO  ha.SequenceIdGenerator (SequenceIdGenerator.java:<init>(218)) - Init the HA SequenceIdGenerator.
2022-02-08 14:30:16,918 [Listener at 0.0.0.0/32839] WARN  server.ServerUtils (ServerUtils.java:sanitizeUserArgs(73)) - ozone.scm.stale.node.interval value = 300000 is larger than max = 100000 based on the key value of ozone.scm.heartbeat.thread.interval, reset to the max value 100000.
2022-02-08 14:30:16,918 [Listener at 0.0.0.0/32839] WARN  server.ServerUtils (ServerUtils.java:sanitizeUserArgs(73)) - ozone.scm.stale.node.interval value = 300000 is larger than max = 100000 based on the key value of ozone.scm.heartbeat.thread.interval, reset to the max value 100000.
2022-02-08 14:30:16,920 [Listener at 0.0.0.0/32839] INFO  node.SCMNodeManager (SCMNodeManager.java:<init>(144)) - Entering startup safe mode.
2022-02-08 14:30:16,921 [Listener at 0.0.0.0/32839] INFO  algorithms.ContainerPlacementPolicyFactory (ContainerPlacementPolicyFactory.java:getPolicy(60)) - Create container placement policy of type org.apache.hadoop.hdds.scm.container.placement.algorithms.SCMContainerPlacementRandom
2022-02-08 14:30:16,921 [Listener at 0.0.0.0/32839] INFO  pipeline.PipelineStateManagerImpl (PipelineStateManagerImpl.java:initialize(78)) - No pipeline exists in current db
2022-02-08 14:30:16,922 [Listener at 0.0.0.0/32839] INFO  algorithms.LeaderChoosePolicyFactory (LeaderChoosePolicyFactory.java:getPolicy(57)) - Create leader choose policy of type org.apache.hadoop.hdds.scm.pipeline.leader.choose.algorithms.MinLeaderCountChoosePolicy
2022-02-08 14:30:16,922 [Listener at 0.0.0.0/32839] INFO  ha.SCMServiceManager (SCMServiceManager.java:register(43)) - Registering service BackgroundPipelineCreator.
2022-02-08 14:30:16,922 [Listener at 0.0.0.0/32839] INFO  pipeline.BackgroundPipelineCreator (BackgroundPipelineCreator.java:start(130)) - Starting RatisPipelineUtilsThread.
2022-02-08 14:30:16,925 [Listener at 0.0.0.0/32839] INFO  algorithms.PipelineChoosePolicyFactory (PipelineChoosePolicyFactory.java:createPipelineChoosePolicyFromClass(73)) - Create pipeline choose policy of type org.apache.hadoop.hdds.scm.pipeline.choose.algorithms.RandomPipelineChoosePolicy
2022-02-08 14:30:16,926 [Listener at 0.0.0.0/32839] INFO  ha.SCMServiceManager (SCMServiceManager.java:register(43)) - Registering service SCMBlockDeletingService.
2022-02-08 14:30:16,926 [Listener at 0.0.0.0/32839] INFO  ha.SCMServiceManager (SCMServiceManager.java:register(43)) - Registering service ReplicationManager.
2022-02-08 14:30:16,926 [Listener at 0.0.0.0/32839] INFO  container.ReplicationManager (ReplicationManager.java:start(326)) - Starting Replication Monitor Thread.
2022-02-08 14:30:16,934 [Listener at 0.0.0.0/32839] INFO  safemode.ContainerSafeModeRule (ContainerSafeModeRule.java:<init>(89)) - containers with one replica threshold count 0
2022-02-08 14:30:16,934 [Listener at 0.0.0.0/32839] INFO  safemode.HealthyPipelineSafeModeRule (HealthyPipelineSafeModeRule.java:initializeRule(156)) - Total pipeline count is 0, healthy pipeline threshold count is 1
2022-02-08 14:30:16,935 [Listener at 0.0.0.0/32839] INFO  safemode.OneReplicaPipelineSafeModeRule (OneReplicaPipelineSafeModeRule.java:initializeRule(180)) - Total pipeline count is 0, pipeline's with at least one datanode reported threshold count is 0
2022-02-08 14:30:16,939 [Listener at 0.0.0.0/32839] INFO  ipc.CallQueueManager (CallQueueManager.java:<init>(90)) - Using callQueue: class java.util.concurrent.LinkedBlockingQueue, queueCapacity: 2000, scheduler: class org.apache.hadoop.ipc.DefaultRpcScheduler, ipcBackoff: false.
2022-02-08 14:30:16,945 [Socket Reader #1 for port 41469] INFO  ipc.Server (Server.java:run(1265)) - Starting Socket Reader #1 for port 41469
2022-02-08 14:30:16,946 [Listener at 0.0.0.0/41469] INFO  ipc.CallQueueManager (CallQueueManager.java:<init>(90)) - Using callQueue: class java.util.concurrent.LinkedBlockingQueue, queueCapacity: 2000, scheduler: class org.apache.hadoop.ipc.DefaultRpcScheduler, ipcBackoff: false.
2022-02-08 14:30:16,969 [Socket Reader #1 for port 33091] INFO  ipc.Server (Server.java:run(1265)) - Starting Socket Reader #1 for port 33091
2022-02-08 14:30:16,977 [Listener at 0.0.0.0/33091] INFO  ipc.CallQueueManager (CallQueueManager.java:<init>(90)) - Using callQueue: class java.util.concurrent.LinkedBlockingQueue, queueCapacity: 2000, scheduler: class org.apache.hadoop.ipc.DefaultRpcScheduler, ipcBackoff: false.
2022-02-08 14:30:16,978 [Socket Reader #1 for port 38603] INFO  ipc.Server (Server.java:run(1265)) - Starting Socket Reader #1 for port 38603
2022-02-08 14:30:16,983 [ReplicationMonitor] INFO  container.ReplicationManager (ReplicationManager.java:processAll(374)) - Replication Manager is not ready to run until 3000ms after safemode exit
2022-02-08 14:30:16,997 [Listener at 0.0.0.0/38603] INFO  algorithms.ContainerPlacementPolicyFactory (ContainerPlacementPolicyFactory.java:getPolicy(60)) - Create container placement policy of type org.apache.hadoop.hdds.scm.container.placement.algorithms.SCMContainerPlacementRandom
2022-02-08 14:30:17,013 [Listener at 0.0.0.0/38603] INFO  server.StorageContainerManager (StorageContainerManager.java:<init>(388)) - 
Container Balancer status:
Key                            Value
Running                        false
Container Balancer Configuration values:
Key                                                Value
Threshold                                          10
Max Datanodes to Involve per Iteration(percent)    20
Max Size to Move per Iteration                     500GB
Max Size Entering Target per Iteration             26GB
Max Size Leaving Source per Iteration              26GB

2022-02-08 14:30:17,013 [Listener at 0.0.0.0/38603] WARN  events.EventQueue (EventQueue.java:fireEvent(194)) - No event handler registered for event TypedEvent{payloadType=SafeModeStatus, name='Safe mode status'}
2022-02-08 14:30:17,013 [Listener at 0.0.0.0/38603] INFO  ha.SCMContext (SCMContext.java:updateSafeModeStatus(211)) - Update SafeModeStatus from SafeModeStatus{safeModeStatus=true, preCheckPassed=false} to SafeModeStatus{safeModeStatus=true, preCheckPassed=false}.
2022-02-08 14:30:17,014 [Listener at 0.0.0.0/38603] INFO  ozone.MiniOzoneHAClusterImpl (MiniOzoneHAClusterImpl.java:createSCMService(604)) - Intialized SCM at /0.0.0.0:38603. This SCM is currently inactive (not running).
2022-02-08 14:30:17,014 [Listener at 0.0.0.0/38603] INFO  ha.OMHANodeDetails (OMHANodeDetails.java:loadOMHAConfig(118)) - ServiceID for OzoneManager is om-service-test1
2022-02-08 14:30:17,015 [Listener at 0.0.0.0/38603] INFO  ha.OMHANodeDetails (OMHANodeDetails.java:loadOMHAConfig(193)) - Found matching OM address with OMServiceId: om-service-test1, OMNodeId: omNode-1, RPC Address: localhost:38815 and Ratis port: 34717
2022-02-08 14:30:17,015 [Listener at 0.0.0.0/38603] INFO  ha.OMHANodeDetails (ConfUtils.java:setNodeSpecificConfigs(108)) - Setting configuration key ozone.om.http-address with value of key ozone.om.http-address.om-service-test1.omNode-1: 127.0.0.1:36839
2022-02-08 14:30:17,015 [Listener at 0.0.0.0/38603] INFO  ha.OMHANodeDetails (ConfUtils.java:setNodeSpecificConfigs(108)) - Setting configuration key ozone.om.https-address with value of key ozone.om.https-address.om-service-test1.omNode-1: 127.0.0.1:45701
2022-02-08 14:30:17,015 [Listener at 0.0.0.0/38603] INFO  ha.OMHANodeDetails (ConfUtils.java:setNodeSpecificConfigs(108)) - Setting configuration key ozone.om.address with value of key ozone.om.address.om-service-test1.omNode-1: 127.0.0.1:38815
2022-02-08 14:30:17,015 [Listener at 0.0.0.0/38603] WARN  server.ServerUtils (ServerUtils.java:getDBPath(225)) - ozone.om.db.dirs is not configured. We recommend adding this setting. Falling back to ozone.metadata.dirs instead.
2022-02-08 14:30:17,016 [Listener at 0.0.0.0/38603] INFO  ha.SCMNodeInfo (SCMNodeInfo.java:getPort(197)) - ConfigKey ozone.scm.client.address is deprecated, For configuring different ports for each SCM use PortConfigKey ozone.scm.client.port appended with serviceId and nodeId
2022-02-08 14:30:17,016 [Listener at 0.0.0.0/38603] INFO  ha.SCMNodeInfo (SCMNodeInfo.java:getPort(197)) - ConfigKey ozone.scm.block.client.address is deprecated, For configuring different ports for each SCM use PortConfigKey ozone.scm.block.client.port appended with serviceId and nodeId
2022-02-08 14:30:17,016 [Listener at 0.0.0.0/38603] INFO  ha.SCMNodeInfo (SCMNodeInfo.java:getPort(197)) - ConfigKey ozone.scm.datanode.address is deprecated, For configuring different ports for each SCM use PortConfigKey ozone.scm.datanode.port appended with serviceId and nodeId
2022-02-08 14:30:17,016 [Listener at 0.0.0.0/38603] INFO  ha.SCMNodeInfo (SCMNodeInfo.java:getPort(197)) - ConfigKey ozone.scm.client.address is deprecated, For configuring different ports for each SCM use PortConfigKey ozone.scm.client.port appended with serviceId and nodeId
2022-02-08 14:30:17,017 [Listener at 0.0.0.0/38603] INFO  ha.SCMNodeInfo (SCMNodeInfo.java:getPort(197)) - ConfigKey ozone.scm.block.client.address is deprecated, For configuring different ports for each SCM use PortConfigKey ozone.scm.block.client.port appended with serviceId and nodeId
2022-02-08 14:30:17,017 [Listener at 0.0.0.0/38603] INFO  ha.SCMNodeInfo (SCMNodeInfo.java:getPort(197)) - ConfigKey ozone.scm.datanode.address is deprecated, For configuring different ports for each SCM use PortConfigKey ozone.scm.datanode.port appended with serviceId and nodeId
2022-02-08 14:30:17,019 [Listener at 0.0.0.0/38603] INFO  ha.SCMNodeInfo (SCMNodeInfo.java:getPort(197)) - ConfigKey ozone.scm.client.address is deprecated, For configuring different ports for each SCM use PortConfigKey ozone.scm.client.port appended with serviceId and nodeId
2022-02-08 14:30:17,019 [Listener at 0.0.0.0/38603] INFO  ha.SCMNodeInfo (SCMNodeInfo.java:getPort(197)) - ConfigKey ozone.scm.block.client.address is deprecated, For configuring different ports for each SCM use PortConfigKey ozone.scm.block.client.port appended with serviceId and nodeId
2022-02-08 14:30:17,019 [Listener at 0.0.0.0/38603] INFO  ha.SCMNodeInfo (SCMNodeInfo.java:getPort(197)) - ConfigKey ozone.scm.datanode.address is deprecated, For configuring different ports for each SCM use PortConfigKey ozone.scm.datanode.port appended with serviceId and nodeId
OM initialization succeeded.Current cluster id for sd=/home/runner/work/ozone/ozone/hadoop-ozone/integration-test/target/test-dir/MiniOzoneClusterImpl-be5678e2-4507-4d84-8cb9-fc99c0f819fc/omNode-1/om;cid=be5678e2-4507-4d84-8cb9-fc99c0f819fc;layoutVersion=0
2022-02-08 14:30:17,051 [Listener at 0.0.0.0/38603] INFO  ha.OMHANodeDetails (OMHANodeDetails.java:loadOMHAConfig(118)) - ServiceID for OzoneManager is om-service-test1
2022-02-08 14:30:17,052 [Listener at 0.0.0.0/38603] INFO  ha.OMHANodeDetails (OMHANodeDetails.java:loadOMHAConfig(193)) - Found matching OM address with OMServiceId: om-service-test1, OMNodeId: omNode-1, RPC Address: localhost:38815 and Ratis port: 34717
2022-02-08 14:30:17,052 [Listener at 0.0.0.0/38603] INFO  ha.OMHANodeDetails (ConfUtils.java:setNodeSpecificConfigs(108)) - Setting configuration key ozone.om.http-address with value of key ozone.om.http-address.om-service-test1.omNode-1: 127.0.0.1:36839
2022-02-08 14:30:17,052 [Listener at 0.0.0.0/38603] INFO  ha.OMHANodeDetails (ConfUtils.java:setNodeSpecificConfigs(108)) - Setting configuration key ozone.om.https-address with value of key ozone.om.https-address.om-service-test1.omNode-1: 127.0.0.1:45701
2022-02-08 14:30:17,052 [Listener at 0.0.0.0/38603] INFO  ha.OMHANodeDetails (ConfUtils.java:setNodeSpecificConfigs(108)) - Setting configuration key ozone.om.address with value of key ozone.om.address.om-service-test1.omNode-1: 127.0.0.1:38815
2022-02-08 14:30:17,052 [Listener at 0.0.0.0/38603] WARN  server.ServerUtils (ServerUtils.java:getDBPath(225)) - ozone.om.db.dirs is not configured. We recommend adding this setting. Falling back to ozone.metadata.dirs instead.
2022-02-08 14:30:17,052 [Listener at 0.0.0.0/38603] INFO  upgrade.AbstractLayoutVersionManager (AbstractLayoutVersionManager.java:init(79)) - Initializing Layout version manager with metadata layout = INITIAL_VERSION (version = 0), software layout = INITIAL_VERSION (version = 0)
2022-02-08 14:30:17,174 [Listener at 0.0.0.0/38603] INFO  reflections.Reflections (Reflections.java:scan(232)) - Reflections took 121 ms to scan 2 urls, producing 133 keys and 348 values [using 2 cores]
2022-02-08 14:30:17,175 [Listener at 0.0.0.0/38603] INFO  upgrade.OMLayoutVersionManager (OMLayoutVersionManager.java:lambda$0(115)) - Skipping Upgrade Action MockOmUpgradeAction since it has been finalized.
2022-02-08 14:30:17,175 [Listener at 0.0.0.0/38603] WARN  server.ServerUtils (ServerUtils.java:getDBPath(225)) - ozone.om.db.dirs is not configured. We recommend adding this setting. Falling back to ozone.metadata.dirs instead.
2022-02-08 14:30:17,175 [Listener at 0.0.0.0/38603] INFO  ha.SCMNodeInfo (SCMNodeInfo.java:getPort(197)) - ConfigKey ozone.scm.client.address is deprecated, For configuring different ports for each SCM use PortConfigKey ozone.scm.client.port appended with serviceId and nodeId
2022-02-08 14:30:17,175 [Listener at 0.0.0.0/38603] INFO  ha.SCMNodeInfo (SCMNodeInfo.java:getPort(197)) - ConfigKey ozone.scm.block.client.address is deprecated, For configuring different ports for each SCM use PortConfigKey ozone.scm.block.client.port appended with serviceId and nodeId
2022-02-08 14:30:17,175 [Listener at 0.0.0.0/38603] INFO  ha.SCMNodeInfo (SCMNodeInfo.java:getPort(197)) - ConfigKey ozone.scm.datanode.address is deprecated, For configuring different ports for each SCM use PortConfigKey ozone.scm.datanode.port appended with serviceId and nodeId
2022-02-08 14:30:17,175 [Listener at 0.0.0.0/38603] INFO  ha.SCMNodeInfo (SCMNodeInfo.java:getPort(197)) - ConfigKey ozone.scm.client.address is deprecated, For configuring different ports for each SCM use PortConfigKey ozone.scm.client.port appended with serviceId and nodeId
2022-02-08 14:30:17,175 [Listener at 0.0.0.0/38603] INFO  ha.SCMNodeInfo (SCMNodeInfo.java:getPort(197)) - ConfigKey ozone.scm.block.client.address is deprecated, For configuring different ports for each SCM use PortConfigKey ozone.scm.block.client.port appended with serviceId and nodeId
2022-02-08 14:30:17,176 [Listener at 0.0.0.0/38603] INFO  ha.SCMNodeInfo (SCMNodeInfo.java:getPort(197)) - ConfigKey ozone.scm.datanode.address is deprecated, For configuring different ports for each SCM use PortConfigKey ozone.scm.datanode.port appended with serviceId and nodeId
2022-02-08 14:30:17,176 [Listener at 0.0.0.0/38603] INFO  ha.SCMNodeInfo (SCMNodeInfo.java:getPort(197)) - ConfigKey ozone.scm.client.address is deprecated, For configuring different ports for each SCM use PortConfigKey ozone.scm.client.port appended with serviceId and nodeId
2022-02-08 14:30:17,176 [Listener at 0.0.0.0/38603] INFO  ha.SCMNodeInfo (SCMNodeInfo.java:getPort(197)) - ConfigKey ozone.scm.block.client.address is deprecated, For configuring different ports for each SCM use PortConfigKey ozone.scm.block.client.port appended with serviceId and nodeId
2022-02-08 14:30:17,176 [Listener at 0.0.0.0/38603] INFO  ha.SCMNodeInfo (SCMNodeInfo.java:getPort(197)) - ConfigKey ozone.scm.datanode.address is deprecated, For configuring different ports for each SCM use PortConfigKey ozone.scm.datanode.port appended with serviceId and nodeId
2022-02-08 14:30:17,177 [Listener at 0.0.0.0/38603] INFO  ha.SCMNodeInfo (SCMNodeInfo.java:getPort(197)) - ConfigKey ozone.scm.client.address is deprecated, For configuring different ports for each SCM use PortConfigKey ozone.scm.client.port appended with serviceId and nodeId
2022-02-08 14:30:17,177 [Listener at 0.0.0.0/38603] INFO  ha.SCMNodeInfo (SCMNodeInfo.java:getPort(197)) - ConfigKey ozone.scm.block.client.address is deprecated, For configuring different ports for each SCM use PortConfigKey ozone.scm.block.client.port appended with serviceId and nodeId
2022-02-08 14:30:17,177 [Listener at 0.0.0.0/38603] INFO  ha.SCMNodeInfo (SCMNodeInfo.java:getPort(197)) - ConfigKey ozone.scm.datanode.address is deprecated, For configuring different ports for each SCM use PortConfigKey ozone.scm.datanode.port appended with serviceId and nodeId
2022-02-08 14:30:17,177 [Listener at 0.0.0.0/38603] INFO  ha.SCMNodeInfo (SCMNodeInfo.java:getPort(197)) - ConfigKey ozone.scm.client.address is deprecated, For configuring different ports for each SCM use PortConfigKey ozone.scm.client.port appended with serviceId and nodeId
2022-02-08 14:30:17,177 [Listener at 0.0.0.0/38603] INFO  ha.SCMNodeInfo (SCMNodeInfo.java:getPort(197)) - ConfigKey ozone.scm.block.client.address is deprecated, For configuring different ports for each SCM use PortConfigKey ozone.scm.block.client.port appended with serviceId and nodeId
2022-02-08 14:30:17,177 [Listener at 0.0.0.0/38603] INFO  ha.SCMNodeInfo (SCMNodeInfo.java:getPort(197)) - ConfigKey ozone.scm.datanode.address is deprecated, For configuring different ports for each SCM use PortConfigKey ozone.scm.datanode.port appended with serviceId and nodeId
2022-02-08 14:30:17,177 [Listener at 0.0.0.0/38603] INFO  ha.SCMNodeInfo (SCMNodeInfo.java:getPort(197)) - ConfigKey ozone.scm.client.address is deprecated, For configuring different ports for each SCM use PortConfigKey ozone.scm.client.port appended with serviceId and nodeId
2022-02-08 14:30:17,177 [Listener at 0.0.0.0/38603] INFO  ha.SCMNodeInfo (SCMNodeInfo.java:getPort(197)) - ConfigKey ozone.scm.block.client.address is deprecated, For configuring different ports for each SCM use PortConfigKey ozone.scm.block.client.port appended with serviceId and nodeId
2022-02-08 14:30:17,177 [Listener at 0.0.0.0/38603] INFO  ha.SCMNodeInfo (SCMNodeInfo.java:getPort(197)) - ConfigKey ozone.scm.datanode.address is deprecated, For configuring different ports for each SCM use PortConfigKey ozone.scm.datanode.port appended with serviceId and nodeId
2022-02-08 14:30:17,178 [Listener at 0.0.0.0/38603] INFO  ha.SCMNodeInfo (SCMNodeInfo.java:getPort(197)) - ConfigKey ozone.scm.client.address is deprecated, For configuring different ports for each SCM use PortConfigKey ozone.scm.client.port appended with serviceId and nodeId
2022-02-08 14:30:17,178 [Listener at 0.0.0.0/38603] INFO  ha.SCMNodeInfo (SCMNodeInfo.java:getPort(197)) - ConfigKey ozone.scm.block.client.address is deprecated, For configuring different ports for each SCM use PortConfigKey ozone.scm.block.client.port appended with serviceId and nodeId
2022-02-08 14:30:17,178 [Listener at 0.0.0.0/38603] INFO  ha.SCMNodeInfo (SCMNodeInfo.java:getPort(197)) - ConfigKey ozone.scm.datanode.address is deprecated, For configuring different ports for each SCM use PortConfigKey ozone.scm.datanode.port appended with serviceId and nodeId
2022-02-08 14:30:17,178 [Listener at 0.0.0.0/38603] INFO  ha.SCMNodeInfo (SCMNodeInfo.java:getPort(197)) - ConfigKey ozone.scm.client.address is deprecated, For configuring different ports for each SCM use PortConfigKey ozone.scm.client.port appended with serviceId and nodeId
2022-02-08 14:30:17,179 [Listener at 0.0.0.0/38603] INFO  ha.SCMNodeInfo (SCMNodeInfo.java:getPort(197)) - ConfigKey ozone.scm.block.client.address is deprecated, For configuring different ports for each SCM use PortConfigKey ozone.scm.block.client.port appended with serviceId and nodeId
2022-02-08 14:30:17,179 [Listener at 0.0.0.0/38603] INFO  ha.SCMNodeInfo (SCMNodeInfo.java:getPort(197)) - ConfigKey ozone.scm.datanode.address is deprecated, For configuring different ports for each SCM use PortConfigKey ozone.scm.datanode.port appended with serviceId and nodeId
2022-02-08 14:30:17,179 [Listener at 0.0.0.0/38603] INFO  ha.SCMNodeInfo (SCMNodeInfo.java:getPort(197)) - ConfigKey ozone.scm.client.address is deprecated, For configuring different ports for each SCM use PortConfigKey ozone.scm.client.port appended with serviceId and nodeId
2022-02-08 14:30:17,179 [Listener at 0.0.0.0/38603] INFO  ha.SCMNodeInfo (SCMNodeInfo.java:getPort(197)) - ConfigKey ozone.scm.block.client.address is deprecated, For configuring different ports for each SCM use PortConfigKey ozone.scm.block.client.port appended with serviceId and nodeId
2022-02-08 14:30:17,179 [Listener at 0.0.0.0/38603] INFO  ha.SCMNodeInfo (SCMNodeInfo.java:getPort(197)) - ConfigKey ozone.scm.datanode.address is deprecated, For configuring different ports for each SCM use PortConfigKey ozone.scm.datanode.port appended with serviceId and nodeId
2022-02-08 14:30:17,198 [Listener at 0.0.0.0/38603] WARN  server.ServerUtils (ServerUtils.java:getDBPath(225)) - ozone.om.db.dirs is not configured. We recommend adding this setting. Falling back to ozone.metadata.dirs instead.
2022-02-08 14:30:17,199 [Listener at 0.0.0.0/38603] INFO  codec.OmKeyInfoCodec (OmKeyInfoCodec.java:<init>(50)) - OmKeyInfoCodec ignorePipeline = true
2022-02-08 14:30:17,199 [Listener at 0.0.0.0/38603] INFO  codec.RepeatedOmKeyInfoCodec (RepeatedOmKeyInfoCodec.java:<init>(42)) - RepeatedOmKeyInfoCodec ignorePipeline = true
2022-02-08 14:30:17,383 [Listener at 0.0.0.0/38603] INFO  om.OzoneManager (OzoneManager.java:addS3GVolumeToDB(3732)) - Created Volume s3v With Owner runner required for S3Gateway operations.
2022-02-08 14:30:17,383 [Listener at 0.0.0.0/38603] WARN  server.ServerUtils (ServerUtils.java:getDefaultRatisDirectory(237)) - Storage directory for Ratis is not configured. It is a good idea to map this to an SSD disk. Falling back to ozone.metadata.dirs
2022-02-08 14:30:17,383 [Listener at 0.0.0.0/38603] WARN  utils.OzoneManagerRatisUtils (OzoneManagerRatisUtils.java:getOMRatisSnapshotDirectory(330)) - ozone.om.ratis.snapshot.dir is not configured. Falling back to ozone.metadata.dirs config
2022-02-08 14:30:17,383 [Listener at 0.0.0.0/38603] WARN  impl.MetricRegistriesImpl (MetricRegistriesImpl.java:addReporterRegistration(111)) - New reporters are added after registries were created. Some metrics will be missing from the reporter. Please add reporter before adding any new registry.
2022-02-08 14:30:17,383 [Listener at 0.0.0.0/38603] WARN  impl.MetricRegistriesImpl (MetricRegistriesImpl.java:addReporterRegistration(111)) - New reporters are added after registries were created. Some metrics will be missing from the reporter. Please add reporter before adding any new registry.
2022-02-08 14:30:17,384 [Listener at 0.0.0.0/38603] WARN  server.ServerUtils (ServerUtils.java:getDefaultRatisDirectory(237)) - Storage directory for Ratis is not configured. It is a good idea to map this to an SSD disk. Falling back to ozone.metadata.dirs
2022-02-08 14:30:17,385 [Listener at 0.0.0.0/38603] INFO  ratis.OzoneManagerRatisServer (OzoneManagerRatisServer.java:<init>(159)) - Instantiating OM Ratis server with groupID: om-service-test1 and peers: localhost:34717
2022-02-08 14:30:17,385 [Listener at 0.0.0.0/38603] INFO  ratis.OzoneManagerStateMachine (OzoneManagerStateMachine.java:loadSnapshotInfoFromDB(605)) - LastAppliedIndex is set from TransactionInfo from OM DB as (t:0, i:~)
2022-02-08 14:30:17,386 [Listener at 0.0.0.0/38603] INFO  server.RaftServer (ConfUtils.java:logGet(44)) - raft.rpc.type = GRPC (default)
2022-02-08 14:30:17,386 [Listener at 0.0.0.0/38603] INFO  grpc.GrpcFactory (GrpcFactory.java:checkPooledByteBufAllocatorUseCacheForAllThreads(48)) - PERFORMANCE WARNING: useCacheForAllThreads is true that may cause Netty to create a lot garbage objects and, as a result, trigger GC.
	It is recommended to disable useCacheForAllThreads by setting -Dorg.apache.ratis.thirdparty.io.netty.allocator.useCacheForAllThreads=false in command line.
2022-02-08 14:30:17,386 [Listener at 0.0.0.0/38603] INFO  grpc.GrpcConfigKeys (ConfUtils.java:logGet(44)) - raft.grpc.admin.port = -1 (default)
2022-02-08 14:30:17,386 [Listener at 0.0.0.0/38603] INFO  grpc.GrpcConfigKeys (ConfUtils.java:logGet(44)) - raft.grpc.server.port = 34717 (custom)
2022-02-08 14:30:17,386 [Listener at 0.0.0.0/38603] INFO  grpc.GrpcConfigKeys (ConfUtils.java:logGet(44)) - raft.grpc.client.port = -1 (default)
2022-02-08 14:30:17,387 [Listener at 0.0.0.0/38603] INFO  grpc.GrpcConfigKeys (ConfUtils.java:logGet(44)) - raft.grpc.server.port = 34717 (custom)
2022-02-08 14:30:17,387 [Listener at 0.0.0.0/38603] INFO  grpc.GrpcConfigKeys (ConfUtils.java:logGet(44)) - raft.grpc.server.port = 34717 (custom)
2022-02-08 14:30:17,387 [Listener at 0.0.0.0/38603] INFO  server.GrpcService (ConfUtils.java:logGet(44)) - raft.grpc.message.size.max = 33554432 (custom)
2022-02-08 14:30:17,387 [Listener at 0.0.0.0/38603] INFO  server.RaftServerConfigKeys (ConfUtils.java:logGet(44)) - raft.server.log.appender.buffer.byte-limit = 33554432 (custom)
2022-02-08 14:30:17,387 [Listener at 0.0.0.0/38603] INFO  server.GrpcService (ConfUtils.java:logGet(44)) - raft.grpc.flow.control.window = 1MB (=1048576) (default)
2022-02-08 14:30:17,387 [Listener at 0.0.0.0/38603] INFO  server.RaftServerConfigKeys (ConfUtils.java:logGet(44)) - raft.server.rpc.request.timeout = 3000ms (default)
2022-02-08 14:30:17,388 [Listener at 0.0.0.0/38603] INFO  impl.DataStreamServerImpl (ConfUtils.java:logGet(44)) - raft.datastream.type = DISABLED (default)
2022-02-08 14:30:17,388 [Listener at 0.0.0.0/38603] INFO  server.RaftServerConfigKeys (ConfUtils.java:logGet(44)) - raft.server.rpc.slowness.timeout = 2s (custom)
2022-02-08 14:30:17,388 [Listener at 0.0.0.0/38603] INFO  server.RaftServerConfigKeys (ConfUtils.java:logGet(44)) - raft.server.leaderelection.leader.step-down.wait-time = 10s (default)
2022-02-08 14:30:17,388 [Listener at 0.0.0.0/38603] INFO  server.RaftServerConfigKeys (ConfUtils.java:logGet(44)) - raft.server.storage.dir = [/home/runner/work/ozone/ozone/hadoop-ozone/integration-test/target/test-dir/MiniOzoneClusterImpl-be5678e2-4507-4d84-8cb9-fc99c0f819fc/omNode-1/ratis] (custom)
2022-02-08 14:30:17,389 [Listener at 0.0.0.0/38603] INFO  server.RaftServer (RaftServerProxy.java:addNew(95)) - omNode-1: addNew group-523986131536:[omNode-1|rpc:localhost:34717|priority:0] returns group-523986131536:java.util.concurrent.CompletableFuture@5b91c33f[Not completed]
2022-02-08 14:30:17,389 [Listener at 0.0.0.0/38603] INFO  om.OzoneManager (OzoneManager.java:initializeRatisServer(1834)) - OzoneManager Ratis server initialized at port 34717
2022-02-08 14:30:17,390 [Listener at 0.0.0.0/38603] INFO  ipc.CallQueueManager (CallQueueManager.java:<init>(90)) - Using callQueue: class java.util.concurrent.LinkedBlockingQueue, queueCapacity: 2000, scheduler: class org.apache.hadoop.ipc.DefaultRpcScheduler, ipcBackoff: false.
2022-02-08 14:30:17,405 [Socket Reader #1 for port 38815] INFO  ipc.Server (Server.java:run(1265)) - Starting Socket Reader #1 for port 38815
2022-02-08 14:30:17,409 [pool-287-thread-1] INFO  server.RaftServer$Division (RaftServerImpl.java:<init>(184)) - omNode-1: new RaftServerImpl for group-523986131536:[omNode-1|rpc:localhost:34717|priority:0] with OzoneManagerStateMachine:uninitialized
2022-02-08 14:30:17,410 [pool-287-thread-1] INFO  server.RaftServerConfigKeys (ConfUtils.java:logGet(44)) - raft.server.rpc.timeout.min = 1s (custom)
2022-02-08 14:30:17,410 [pool-287-thread-1] INFO  server.RaftServerConfigKeys (ConfUtils.java:logGet(44)) - raft.server.rpc.timeout.max = 1200ms (custom)
2022-02-08 14:30:17,410 [pool-287-thread-1] INFO  server.RaftServerConfigKeys (ConfUtils.java:logGet(44)) - raft.server.rpc.sleep.time = 25ms (default)
2022-02-08 14:30:17,410 [pool-287-thread-1] INFO  server.RaftServerConfigKeys (ConfUtils.java:logGet(44)) - raft.server.rpc.slowness.timeout = 2s (custom)
2022-02-08 14:30:17,410 [pool-287-thread-1] INFO  server.RaftServerConfigKeys (ConfUtils.java:logGet(44)) - raft.server.leaderelection.leader.step-down.wait-time = 10s (default)
2022-02-08 14:30:17,410 [pool-287-thread-1] INFO  server.RaftServerConfigKeys (ConfUtils.java:logGet(44)) - raft.server.sleep.deviation.threshold = 300ms (default)
2022-02-08 14:30:17,410 [pool-287-thread-1] INFO  server.RaftServerConfigKeys (ConfUtils.java:logGet(44)) - raft.server.log.appender.install.snapshot.enabled = false (custom)
2022-02-08 14:30:17,410 [pool-287-thread-1] INFO  server.RaftServer$Division (ServerState.java:<init>(105)) - omNode-1@group-523986131536: ConfigurationManager, init=-1: [omNode-1|rpc:localhost:34717|priority:0], old=null, confs=<EMPTY_MAP>
2022-02-08 14:30:17,410 [pool-287-thread-1] INFO  server.RaftServerConfigKeys (ConfUtils.java:logGet(44)) - raft.server.storage.dir = [/home/runner/work/ozone/ozone/hadoop-ozone/integration-test/target/test-dir/MiniOzoneClusterImpl-be5678e2-4507-4d84-8cb9-fc99c0f819fc/omNode-1/ratis] (custom)
2022-02-08 14:30:17,411 [pool-287-thread-1] INFO  server.RaftServerConfigKeys (ConfUtils.java:logGet(44)) - raft.server.log.corruption.policy = EXCEPTION (default)
2022-02-08 14:30:17,411 [pool-287-thread-1] INFO  server.RaftServerConfigKeys (ConfUtils.java:logGet(44)) - raft.server.storage.free-space.min = 0MB (=0) (default)
2022-02-08 14:30:17,411 [pool-287-thread-1] INFO  storage.RaftStorageDirectory (RaftStorageDirectoryImpl.java:analyzeStorage(135)) - The storage directory /home/runner/work/ozone/ozone/hadoop-ozone/integration-test/target/test-dir/MiniOzoneClusterImpl-be5678e2-4507-4d84-8cb9-fc99c0f819fc/omNode-1/ratis/c9bc4cf4-3bc3-3c60-a66b-523986131536 does not exist. Creating ...
2022-02-08 14:30:17,422 [pool-287-thread-1] INFO  storage.RaftStorageDirectory (RaftStorageDirectoryImpl.java:tryLock(230)) - Lock on /home/runner/work/ozone/ozone/hadoop-ozone/integration-test/target/test-dir/MiniOzoneClusterImpl-be5678e2-4507-4d84-8cb9-fc99c0f819fc/omNode-1/ratis/c9bc4cf4-3bc3-3c60-a66b-523986131536/in_use.lock acquired by nodename 16565@fv-az151-746
2022-02-08 14:30:17,423 [pool-287-thread-1] INFO  storage.RaftStorage (RaftStorageImpl.java:format(89)) - Storage directory /home/runner/work/ozone/ozone/hadoop-ozone/integration-test/target/test-dir/MiniOzoneClusterImpl-be5678e2-4507-4d84-8cb9-fc99c0f819fc/omNode-1/ratis/c9bc4cf4-3bc3-3c60-a66b-523986131536 has been successfully formatted.
2022-02-08 14:30:17,423 [pool-287-thread-1] INFO  server.RaftServerConfigKeys (ConfUtils.java:logGet(44)) - raft.server.notification.no-leader.timeout = 2s (custom)
2022-02-08 14:30:17,423 [pool-287-thread-1] INFO  server.RaftServerConfigKeys (ConfUtils.java:logGet(44)) - raft.server.log.use.memory = false (default)
2022-02-08 14:30:17,423 [pool-287-thread-1] INFO  server.RaftServerConfigKeys (ConfUtils.java:logGet(44)) - raft.server.log.purge.gap = 1000000 (custom)
2022-02-08 14:30:17,423 [pool-287-thread-1] INFO  server.RaftServerConfigKeys (ConfUtils.java:logGet(44)) - raft.server.log.appender.buffer.byte-limit = 33554432 (custom)
2022-02-08 14:30:17,423 [pool-287-thread-1] INFO  server.RaftServerConfigKeys (ConfUtils.java:logGet(44)) - raft.server.log.segment.size.max = 4194304 (custom)
2022-02-08 14:30:17,424 [pool-287-thread-1] INFO  server.RaftServerConfigKeys (ConfUtils.java:logGet(44)) - raft.server.log.segment.cache.num.max = 2 (custom)
2022-02-08 14:30:17,424 [pool-287-thread-1] INFO  server.RaftServerConfigKeys (ConfUtils.java:logGet(44)) - raft.server.log.segment.cache.size.max = 200MB (=209715200) (default)
2022-02-08 14:30:17,424 [pool-287-thread-1] INFO  segmented.SegmentedRaftLogWorker (SegmentedRaftLogWorker.java:<init>(182)) - new omNode-1@group-523986131536-SegmentedRaftLogWorker for RaftStorageImpl:Storage Directory /home/runner/work/ozone/ozone/hadoop-ozone/integration-test/target/test-dir/MiniOzoneClusterImpl-be5678e2-4507-4d84-8cb9-fc99c0f819fc/omNode-1/ratis/c9bc4cf4-3bc3-3c60-a66b-523986131536
2022-02-08 14:30:17,424 [pool-287-thread-1] INFO  server.RaftServerConfigKeys (ConfUtils.java:logGet(44)) - raft.server.log.queue.byte-limit = 64MB (=67108864) (default)
2022-02-08 14:30:17,424 [pool-287-thread-1] INFO  server.RaftServerConfigKeys (ConfUtils.java:logGet(44)) - raft.server.log.queue.element-limit = 4096 (default)
2022-02-08 14:30:17,424 [pool-287-thread-1] INFO  server.RaftServerConfigKeys (ConfUtils.java:logGet(44)) - raft.server.log.segment.size.max = 4194304 (custom)
2022-02-08 14:30:17,424 [pool-287-thread-1] INFO  server.RaftServerConfigKeys (ConfUtils.java:logGet(44)) - raft.server.log.preallocated.size = 4194304 (custom)
2022-02-08 14:30:17,424 [pool-287-thread-1] INFO  server.RaftServerConfigKeys (ConfUtils.java:logGet(44)) - raft.server.log.force.sync.num = 128 (default)
2022-02-08 14:30:17,424 [pool-287-thread-1] INFO  server.RaftServerConfigKeys (ConfUtils.java:logGet(44)) - raft.server.log.statemachine.data.sync = true (default)
2022-02-08 14:30:17,424 [pool-287-thread-1] INFO  server.RaftServerConfigKeys (ConfUtils.java:logGet(44)) - raft.server.log.statemachine.data.sync.timeout = 10s (default)
2022-02-08 14:30:17,424 [pool-287-thread-1] INFO  server.RaftServerConfigKeys (ConfUtils.java:logGet(44)) - raft.server.log.statemachine.data.sync.timeout.retry = -1 (default)
2022-02-08 14:30:17,425 [pool-287-thread-1] INFO  server.RaftServerConfigKeys (ConfUtils.java:logGet(44)) - raft.server.log.write.buffer.size = 64KB (=65536) (default)
2022-02-08 14:30:17,425 [pool-287-thread-1] INFO  server.RaftServerConfigKeys (ConfUtils.java:logGet(44)) - raft.server.log.statemachine.data.caching.enabled = false (default)
2022-02-08 14:30:17,425 [pool-287-thread-1] INFO  segmented.SegmentedRaftLogWorker (SegmentedRaftLogWorker.java:lambda$new$0(133)) - omNode-1@group-523986131536-SegmentedRaftLogWorker: flushIndex: setUnconditionally 0 -> -1
2022-02-08 14:30:17,425 [pool-287-thread-1] INFO  segmented.SegmentedRaftLogWorker (SegmentedRaftLogWorker.java:lambda$new$0(133)) - omNode-1@group-523986131536-SegmentedRaftLogWorker: safeCacheEvictIndex: setUnconditionally 0 -> -1
2022-02-08 14:30:17,429 [pool-287-thread-1] INFO  server.RaftServerConfigKeys (ConfUtils.java:logGet(44)) - raft.server.snapshot.auto.trigger.enabled = true (custom)
2022-02-08 14:30:17,429 [pool-287-thread-1] INFO  server.RaftServerConfigKeys (ConfUtils.java:logGet(44)) - raft.server.snapshot.auto.trigger.threshold = 400000 (default)
2022-02-08 14:30:17,429 [pool-287-thread-1] INFO  server.RaftServerConfigKeys (ConfUtils.java:logGet(44)) - raft.server.snapshot.retention.file.num = -1 (default)
2022-02-08 14:30:17,429 [pool-287-thread-1] INFO  server.RaftServerConfigKeys (ConfUtils.java:logGet(44)) - raft.server.log.purge.upto.snapshot.index = true (custom)
2022-02-08 14:30:17,429 [pool-287-thread-1] INFO  server.RaftServerConfigKeys (ConfUtils.java:logGet(44)) - raft.server.retrycache.expirytime = 300s (custom)
2022-02-08 14:30:17,429 [pool-287-thread-1] INFO  server.RaftServerConfigKeys (ConfUtils.java:logGet(44)) - raft.server.retrycache.statistics.expirytime = 100μs (default)
2022-02-08 14:30:17,439 [Listener at 127.0.0.1/38815] INFO  impl.MetricsSystemImpl (MetricsSystemImpl.java:init(158)) - OzoneManager metrics system started (again)
2022-02-08 14:30:17,465 [Listener at 127.0.0.1/38815] INFO  om.OzoneManager (OzoneManager.java:start(1365)) - OzoneManager RPC server is listening at localhost/127.0.0.1:38815
2022-02-08 14:30:17,465 [Listener at 127.0.0.1/38815] INFO  ratis.OzoneManagerRatisServer (OzoneManagerRatisServer.java:start(554)) - Starting OzoneManagerRatisServer omNode-1 at port 34717
2022-02-08 14:30:17,465 [Listener at 127.0.0.1/38815] INFO  server.RaftServer$Division (RaftServerImpl.java:start(301)) - omNode-1@group-523986131536: start as a follower, conf=-1: [omNode-1|rpc:localhost:34717|priority:0], old=null
2022-02-08 14:30:17,465 [Listener at 127.0.0.1/38815] INFO  server.RaftServer$Division (RaftServerImpl.java:setRole(290)) - omNode-1@group-523986131536: changes role from      null to FOLLOWER at term 0 for startAsFollower
2022-02-08 14:30:17,465 [Listener at 127.0.0.1/38815] INFO  impl.RoleInfo (RoleInfo.java:updateAndGet(130)) - omNode-1: start omNode-1@group-523986131536-FollowerState
2022-02-08 14:30:17,469 [Listener at 127.0.0.1/38815] INFO  util.JmxRegister (JmxRegister.java:tryRegister(44)) - Successfully registered JMX Bean with object name Ratis:service=RaftServer,group=group-523986131536,id=omNode-1
2022-02-08 14:30:17,481 [Listener at 127.0.0.1/38815] INFO  server.RaftServer (RaftServerProxy.java:lambda$start$5(374)) - omNode-1: start RPC server
2022-02-08 14:30:17,482 [Listener at 127.0.0.1/38815] INFO  server.GrpcService (GrpcService.java:startImpl(253)) - omNode-1: GrpcService started, listening on 34717
2022-02-08 14:30:17,485 [Listener at 127.0.0.1/38815] INFO  om.OzoneManager (OzoneManager.java:start(1381)) - Version File has different layout version (0) than OM DB (null). That is expected if this OM has never been finalized to a newer layout version.
2022-02-08 14:30:17,489 [org.apache.ratis.util.JvmPauseMonitor$$Lambda$503/424226973@7c096764] INFO  util.JvmPauseMonitor (JvmPauseMonitor.java:run(103)) - JvmPauseMonitor-omNode-1: Started
2022-02-08 14:30:17,513 [Listener at 127.0.0.1/38815] INFO  http.BaseHttpServer (BaseHttpServer.java:newHttpServer2BuilderForOzone(209)) - Starting Web-server for ozoneManager at: http://0.0.0.0:36839
2022-02-08 14:30:17,513 [Listener at 127.0.0.1/38815] INFO  http.BaseHttpServer (BaseHttpServer.java:<init>(107)) - Hadoop Security Enabled: false Ozone Security Enabled: false Ozone HTTP Security Enabled: false 
2022-02-08 14:30:17,514 [Listener at 127.0.0.1/38815] INFO  server.AuthenticationFilter (AuthenticationFilter.java:constructSecretProvider(240)) - Unable to initialize FileSignerSecretProvider, falling back to use random secrets.
2022-02-08 14:30:17,523 [Listener at 127.0.0.1/38815] WARN  http.HttpRequestLog (HttpRequestLog.java:getRequestLog(103)) - Jetty request log can only be enabled using Log4j
2022-02-08 14:30:17,537 [Listener at 127.0.0.1/38815] INFO  http.HttpServer2 (HttpServer2.java:addGlobalFilter(1030)) - Added global filter 'safety' (class=org.apache.hadoop.hdds.server.http.HttpServer2$QuotingInputFilter)
2022-02-08 14:30:17,538 [Listener at 127.0.0.1/38815] INFO  http.HttpServer2 (HttpServer2.java:addFilter(1006)) - Added filter static_user_filter (class=org.apache.hadoop.http.lib.StaticUserWebFilter$StaticUserFilter) to context ozoneManager
2022-02-08 14:30:17,538 [Listener at 127.0.0.1/38815] INFO  http.HttpServer2 (HttpServer2.java:addFilter(1014)) - Added filter static_user_filter (class=org.apache.hadoop.http.lib.StaticUserWebFilter$StaticUserFilter) to context logs
2022-02-08 14:30:17,538 [Listener at 127.0.0.1/38815] INFO  http.HttpServer2 (HttpServer2.java:addFilter(1014)) - Added filter static_user_filter (class=org.apache.hadoop.http.lib.StaticUserWebFilter$StaticUserFilter) to context static
2022-02-08 14:30:17,538 [Listener at 127.0.0.1/38815] INFO  http.HttpServer2 (HttpServer2.java:bindListener(1249)) - Jetty bound to port 36839
2022-02-08 14:30:17,539 [Listener at 127.0.0.1/38815] INFO  server.Server (Server.java:doStart(375)) - jetty-9.4.43.v20210629; built: 2021-06-30T11:07:22.254Z; git: 526006ecfa3af7f1a27ef3a288e2bef7ea9dd7e8; jvm 1.8.0_312-b07
2022-02-08 14:30:17,565 [EndpointStateMachine task thread for /127.0.0.1:41397 - 0 ] INFO  ipc.Client (Client.java:handleConnectionFailure(977)) - Retrying connect to server: localhost/127.0.0.1:41397. Already tried 9 time(s); retry policy is RetryUpToMaximumCountWithFixedSleep(maxRetries=15, sleepTime=1000 MILLISECONDS)
2022-02-08 14:30:17,566 [EndpointStateMachine task thread for /127.0.0.1:32969 - 0 ] INFO  ipc.Client (Client.java:handleConnectionFailure(977)) - Retrying connect to server: localhost/127.0.0.1:32969. Already tried 9 time(s); retry policy is RetryUpToMaximumCountWithFixedSleep(maxRetries=15, sleepTime=1000 MILLISECONDS)
2022-02-08 14:30:17,567 [EndpointStateMachine task thread for /127.0.0.1:40085 - 0 ] INFO  ipc.Client (Client.java:handleConnectionFailure(977)) - Retrying connect to server: localhost/127.0.0.1:40085. Already tried 9 time(s); retry policy is RetryUpToMaximumCountWithFixedSleep(maxRetries=15, sleepTime=1000 MILLISECONDS)
2022-02-08 14:30:17,573 [Listener at 127.0.0.1/38815] INFO  server.session (DefaultSessionIdManager.java:doStart(334)) - DefaultSessionIdManager workerName=node0
2022-02-08 14:30:17,573 [Listener at 127.0.0.1/38815] INFO  server.session (DefaultSessionIdManager.java:doStart(339)) - No SessionScavenger set, using defaults
2022-02-08 14:30:17,573 [Listener at 127.0.0.1/38815] INFO  server.session (HouseKeeper.java:startScavenging(132)) - node0 Scavenging every 600000ms
2022-02-08 14:30:17,577 [Listener at 127.0.0.1/38815] INFO  handler.ContextHandler (ContextHandler.java:doStart(915)) - Started o.e.j.s.ServletContextHandler@12734eb5{logs,/logs,file:///home/runner/work/ozone/ozone/hadoop-ozone/integration-test/target/log,AVAILABLE}
2022-02-08 14:30:17,578 [Listener at 127.0.0.1/38815] INFO  handler.ContextHandler (ContextHandler.java:doStart(915)) - Started o.e.j.s.ServletContextHandler@3ff5b628{static,/static,file:///home/runner/work/ozone/ozone/hadoop-ozone/integration-test/target/test-classes/webapps/static,AVAILABLE}
2022-02-08 14:30:17,581 [Listener at 127.0.0.1/38815] INFO  handler.ContextHandler (ContextHandler.java:doStart(915)) - Started o.e.j.w.WebAppContext@3ad15e83{ozoneManager,/,file:///home/runner/work/ozone/ozone/hadoop-ozone/integration-test/target/test-classes/webapps/ozoneManager/,AVAILABLE}{file:/home/runner/work/ozone/ozone/hadoop-ozone/integration-test/target/test-classes/webapps/ozoneManager}
2022-02-08 14:30:17,601 [Listener at 127.0.0.1/38815] INFO  server.AbstractConnector (AbstractConnector.java:doStart(331)) - Started ServerConnector@79b0128d{HTTP/1.1, (http/1.1)}{0.0.0.0:36839}
2022-02-08 14:30:17,601 [Listener at 127.0.0.1/38815] INFO  server.Server (Server.java:doStart(415)) - Started @89341ms
2022-02-08 14:30:17,601 [Listener at 127.0.0.1/38815] WARN  impl.MetricsSystemImpl (MetricsSystemImpl.java:register(279)) - Sink prometheus already exists!
2022-02-08 14:30:17,602 [Listener at 127.0.0.1/38815] INFO  http.BaseHttpServer (BaseHttpServer.java:updateConnectorAddress(329)) - HTTP server of ozoneManager listening at http://0.0.0.0:36839
2022-02-08 14:30:17,609 [IPC Server Responder] INFO  ipc.Server (Server.java:run(1507)) - IPC Server Responder: starting
2022-02-08 14:30:17,625 [IPC Server listener on 38815] INFO  ipc.Server (Server.java:run(1344)) - IPC Server listener on 38815: starting
2022-02-08 14:30:17,729 [Listener at 127.0.0.1/38815] INFO  om.OzoneManager (OzoneManager.java:startTrashEmptier(1792)) - Trash Interval set to 0. Files deleted will not move to trash
2022-02-08 14:30:17,740 [Listener at 127.0.0.1/38815] INFO  ozone.MiniOzoneHAClusterImpl (MiniOzoneHAClusterImpl.java:createOMService(522)) - Started OzoneManager omNode-1 RPC server at localhost/127.0.0.1:38815
2022-02-08 14:30:17,749 [org.apache.hadoop.util.JvmPauseMonitor$Monitor@50696c7c] INFO  util.JvmPauseMonitor (JvmPauseMonitor.java:run(188)) - Starting JVM pause monitor
2022-02-08 14:30:17,755 [Listener at 127.0.0.1/38815] WARN  impl.MetricRegistriesImpl (MetricRegistriesImpl.java:addReporterRegistration(111)) - New reporters are added after registries were created. Some metrics will be missing from the reporter. Please add reporter before adding any new registry.
2022-02-08 14:30:17,768 [Listener at 127.0.0.1/38815] WARN  impl.MetricRegistriesImpl (MetricRegistriesImpl.java:addReporterRegistration(111)) - New reporters are added after registries were created. Some metrics will be missing from the reporter. Please add reporter before adding any new registry.
2022-02-08 14:30:17,769 [Listener at 127.0.0.1/38815] INFO  impl.MetricsSystemImpl (MetricsSystemImpl.java:init(158)) - HddsDatanode metrics system started (again)
2022-02-08 14:30:17,782 [Listener at 127.0.0.1/38815] INFO  ozone.HddsDatanodeService (HddsDatanodeService.java:start(234)) - HddsDatanodeService host:fv-az151-746.yf2hydr00wburbhx3j5hxtcipe.bx.internal.cloudapp.net ip:10.1.0.25
2022-02-08 14:30:17,831 [Listener at 127.0.0.1/38815] INFO  upgrade.AbstractLayoutVersionManager (AbstractLayoutVersionManager.java:init(79)) - Initializing Layout version manager with metadata layout = SCM_HA (version = 2), software layout = SCM_HA (version = 2)
2022-02-08 14:30:17,904 [Listener at 127.0.0.1/38815] INFO  reflections.Reflections (Reflections.java:scan(232)) - Reflections took 64 ms to scan 7 urls, producing 119 keys and 279 values 
2022-02-08 14:30:17,905 [Listener at 127.0.0.1/38815] INFO  ha.SCMNodeInfo (SCMNodeInfo.java:getPort(197)) - ConfigKey ozone.scm.client.address is deprecated, For configuring different ports for each SCM use PortConfigKey ozone.scm.client.port appended with serviceId and nodeId
2022-02-08 14:30:17,906 [Listener at 127.0.0.1/38815] INFO  ha.SCMNodeInfo (SCMNodeInfo.java:getPort(197)) - ConfigKey ozone.scm.block.client.address is deprecated, For configuring different ports for each SCM use PortConfigKey ozone.scm.block.client.port appended with serviceId and nodeId
2022-02-08 14:30:17,906 [Listener at 127.0.0.1/38815] INFO  ha.SCMNodeInfo (SCMNodeInfo.java:getPort(197)) - ConfigKey ozone.scm.datanode.address is deprecated, For configuring different ports for each SCM use PortConfigKey ozone.scm.datanode.port appended with serviceId and nodeId
2022-02-08 14:30:17,906 [Listener at 127.0.0.1/38815] INFO  ha.SCMNodeInfo (SCMNodeInfo.java:getPort(197)) - ConfigKey ozone.scm.client.address is deprecated, For configuring different ports for each SCM use PortConfigKey ozone.scm.client.port appended with serviceId and nodeId
2022-02-08 14:30:17,906 [Listener at 127.0.0.1/38815] INFO  ha.SCMNodeInfo (SCMNodeInfo.java:getPort(197)) - ConfigKey ozone.scm.block.client.address is deprecated, For configuring different ports for each SCM use PortConfigKey ozone.scm.block.client.port appended with serviceId and nodeId
2022-02-08 14:30:17,906 [Listener at 127.0.0.1/38815] INFO  ha.SCMNodeInfo (SCMNodeInfo.java:getPort(197)) - ConfigKey ozone.scm.datanode.address is deprecated, For configuring different ports for each SCM use PortConfigKey ozone.scm.datanode.port appended with serviceId and nodeId
2022-02-08 14:30:17,906 [Listener at 127.0.0.1/38815] INFO  ha.SCMNodeInfo (SCMNodeInfo.java:getPort(197)) - ConfigKey ozone.scm.client.address is deprecated, For configuring different ports for each SCM use PortConfigKey ozone.scm.client.port appended with serviceId and nodeId
2022-02-08 14:30:17,906 [Listener at 127.0.0.1/38815] INFO  ha.SCMNodeInfo (SCMNodeInfo.java:getPort(197)) - ConfigKey ozone.scm.block.client.address is deprecated, For configuring different ports for each SCM use PortConfigKey ozone.scm.block.client.port appended with serviceId and nodeId
2022-02-08 14:30:17,906 [Listener at 127.0.0.1/38815] INFO  ha.SCMNodeInfo (SCMNodeInfo.java:getPort(197)) - ConfigKey ozone.scm.datanode.address is deprecated, For configuring different ports for each SCM use PortConfigKey ozone.scm.datanode.port appended with serviceId and nodeId
2022-02-08 14:30:17,906 [Listener at 127.0.0.1/38815] INFO  statemachine.DatanodeStateMachine (DatanodeStateMachine.java:getEndPointTaskThreadPoolSize(222)) - Datanode State Machine Task Thread Pool size 4
2022-02-08 14:30:17,912 [Listener at 127.0.0.1/38815] INFO  volume.HddsVolume (HddsVolume.java:<init>(120)) - Creating HddsVolume: /home/runner/work/ozone/ozone/hadoop-ozone/integration-test/target/test-dir/MiniOzoneClusterImpl-be5678e2-4507-4d84-8cb9-fc99c0f819fc/datanode-0/data-0/containers/hdds of storage type : DISK capacity : 9223372036854775807
2022-02-08 14:30:17,912 [Listener at 127.0.0.1/38815] INFO  volume.MutableVolumeSet (MutableVolumeSet.java:initializeVolumeSet(168)) - Added Volume : /home/runner/work/ozone/ozone/hadoop-ozone/integration-test/target/test-dir/MiniOzoneClusterImpl-be5678e2-4507-4d84-8cb9-fc99c0f819fc/datanode-0/data-0/containers/hdds to VolumeSet
2022-02-08 14:30:17,912 [Listener at 127.0.0.1/38815] INFO  volume.ThrottledAsyncChecker (ThrottledAsyncChecker.java:schedule(141)) - Scheduling a check for /home/runner/work/ozone/ozone/hadoop-ozone/integration-test/target/test-dir/MiniOzoneClusterImpl-be5678e2-4507-4d84-8cb9-fc99c0f819fc/datanode-0/data-0/containers/hdds
2022-02-08 14:30:17,917 [Listener at 127.0.0.1/38815] INFO  volume.StorageVolumeChecker (StorageVolumeChecker.java:checkAllVolumes(202)) - Scheduled health check for volume /home/runner/work/ozone/ozone/hadoop-ozone/integration-test/target/test-dir/MiniOzoneClusterImpl-be5678e2-4507-4d84-8cb9-fc99c0f819fc/datanode-0/data-0/containers/hdds
2022-02-08 14:30:17,957 [Listener at 127.0.0.1/38815] INFO  volume.MutableVolumeSet (MutableVolumeSet.java:initializeVolumeSet(168)) - Added Volume : /home/runner/work/ozone/ozone/hadoop-ozone/integration-test/target/test-dir/MiniOzoneClusterImpl-be5678e2-4507-4d84-8cb9-fc99c0f819fc/datanode-0/data/ratis to VolumeSet
2022-02-08 14:30:17,958 [Listener at 127.0.0.1/38815] INFO  volume.ThrottledAsyncChecker (ThrottledAsyncChecker.java:schedule(141)) - Scheduling a check for /home/runner/work/ozone/ozone/hadoop-ozone/integration-test/target/test-dir/MiniOzoneClusterImpl-be5678e2-4507-4d84-8cb9-fc99c0f819fc/datanode-0/data/ratis
2022-02-08 14:30:17,976 [Listener at 127.0.0.1/38815] INFO  volume.StorageVolumeChecker (StorageVolumeChecker.java:checkAllVolumes(202)) - Scheduled health check for volume /home/runner/work/ozone/ozone/hadoop-ozone/integration-test/target/test-dir/MiniOzoneClusterImpl-be5678e2-4507-4d84-8cb9-fc99c0f819fc/datanode-0/data/ratis
2022-02-08 14:30:18,021 [Thread-1456] INFO  ozoneimpl.ContainerReader (ContainerReader.java:readVolume(172)) - Finish verifying containers on volume /home/runner/work/ozone/ozone/hadoop-ozone/integration-test/target/test-dir/MiniOzoneClusterImpl-be5678e2-4507-4d84-8cb9-fc99c0f819fc/datanode-0/data-0/containers/hdds
2022-02-08 14:30:18,021 [Listener at 127.0.0.1/38815] INFO  ozoneimpl.OzoneContainer (OzoneContainer.java:buildContainerSet(237)) - Build ContainerSet costs 0s
2022-02-08 14:30:18,023 [Listener at 127.0.0.1/38815] INFO  server.RaftServer (ConfUtils.java:logGet(44)) - raft.rpc.type = GRPC (default)
2022-02-08 14:30:18,023 [Listener at 127.0.0.1/38815] INFO  grpc.GrpcFactory (GrpcFactory.java:checkPooledByteBufAllocatorUseCacheForAllThreads(48)) - PERFORMANCE WARNING: useCacheForAllThreads is true that may cause Netty to create a lot garbage objects and, as a result, trigger GC.
	It is recommended to disable useCacheForAllThreads by setting -Dorg.apache.ratis.thirdparty.io.netty.allocator.useCacheForAllThreads=false in command line.
2022-02-08 14:30:18,023 [Listener at 127.0.0.1/38815] INFO  grpc.GrpcConfigKeys (ConfUtils.java:logGet(44)) - raft.grpc.admin.port = 0 (custom)
2022-02-08 14:30:18,023 [Listener at 127.0.0.1/38815] INFO  grpc.GrpcConfigKeys (ConfUtils.java:logGet(44)) - raft.grpc.client.port = 0 (custom)
2022-02-08 14:30:18,023 [Listener at 127.0.0.1/38815] INFO  grpc.GrpcConfigKeys (ConfUtils.java:logGet(44)) - raft.grpc.server.port = 0 (default)
2022-02-08 14:30:18,023 [Listener at 127.0.0.1/38815] INFO  server.GrpcService (ConfUtils.java:logGet(44)) - raft.grpc.message.size.max = 32MB (=33554432) (custom)
2022-02-08 14:30:18,025 [Listener at 127.0.0.1/38815] INFO  server.RaftServerConfigKeys (ConfUtils.java:logGet(44)) - raft.server.log.appender.buffer.byte-limit = 33554432 (custom)
2022-02-08 14:30:18,032 [Listener at 127.0.0.1/38815] INFO  server.GrpcService (ConfUtils.java:logGet(44)) - raft.grpc.flow.control.window = 5MB (=5242880) (custom)
2022-02-08 14:30:18,032 [Listener at 127.0.0.1/38815] INFO  server.RaftServerConfigKeys (ConfUtils.java:logGet(44)) - raft.server.rpc.request.timeout = 60s (custom)
2022-02-08 14:30:18,033 [Listener at 127.0.0.1/38815] INFO  impl.DataStreamServerImpl (ConfUtils.java:logGet(44)) - raft.datastream.type = DISABLED (default)
2022-02-08 14:30:18,033 [Listener at 127.0.0.1/38815] INFO  server.RaftServerConfigKeys (ConfUtils.java:logGet(44)) - raft.server.rpc.slowness.timeout = 300s (custom)
2022-02-08 14:30:18,033 [Listener at 127.0.0.1/38815] INFO  server.RaftServerConfigKeys (ConfUtils.java:logGet(44)) - raft.server.leaderelection.leader.step-down.wait-time = 10s (default)
2022-02-08 14:30:18,033 [Listener at 127.0.0.1/38815] INFO  server.RaftServerConfigKeys (ConfUtils.java:logGet(44)) - raft.server.storage.dir = [/home/runner/work/ozone/ozone/hadoop-ozone/integration-test/target/test-dir/MiniOzoneClusterImpl-be5678e2-4507-4d84-8cb9-fc99c0f819fc/datanode-0/data/ratis] (custom)
2022-02-08 14:30:18,034 [Listener at 127.0.0.1/38815] INFO  server.XceiverServerGrpc (XceiverServerGrpc.java:<init>(132)) - GrpcServer channel type EpollServerSocketChannel
2022-02-08 14:30:18,043 [Listener at 127.0.0.1/38815] INFO  http.BaseHttpServer (BaseHttpServer.java:newHttpServer2BuilderForOzone(209)) - Starting Web-server for hddsDatanode at: http://0.0.0.0:0
2022-02-08 14:30:18,043 [Listener at 127.0.0.1/38815] INFO  http.BaseHttpServer (BaseHttpServer.java:<init>(107)) - Hadoop Security Enabled: false Ozone Security Enabled: false Ozone HTTP Security Enabled: false 
2022-02-08 14:30:18,045 [Listener at 127.0.0.1/38815] INFO  server.AuthenticationFilter (AuthenticationFilter.java:constructSecretProvider(240)) - Unable to initialize FileSignerSecretProvider, falling back to use random secrets.
2022-02-08 14:30:18,051 [Listener at 127.0.0.1/38815] WARN  http.HttpRequestLog (HttpRequestLog.java:getRequestLog(103)) - Jetty request log can only be enabled using Log4j
2022-02-08 14:30:18,052 [Listener at 127.0.0.1/38815] INFO  http.HttpServer2 (HttpServer2.java:addGlobalFilter(1030)) - Added global filter 'safety' (class=org.apache.hadoop.hdds.server.http.HttpServer2$QuotingInputFilter)
2022-02-08 14:30:18,053 [Listener at 127.0.0.1/38815] INFO  http.HttpServer2 (HttpServer2.java:addFilter(1006)) - Added filter static_user_filter (class=org.apache.hadoop.http.lib.StaticUserWebFilter$StaticUserFilter) to context hddsDatanode
2022-02-08 14:30:18,054 [Listener at 127.0.0.1/38815] INFO  http.HttpServer2 (HttpServer2.java:addFilter(1014)) - Added filter static_user_filter (class=org.apache.hadoop.http.lib.StaticUserWebFilter$StaticUserFilter) to context logs
2022-02-08 14:30:18,054 [Listener at 127.0.0.1/38815] INFO  http.HttpServer2 (HttpServer2.java:addFilter(1014)) - Added filter static_user_filter (class=org.apache.hadoop.http.lib.StaticUserWebFilter$StaticUserFilter) to context static
2022-02-08 14:30:18,054 [Listener at 127.0.0.1/38815] INFO  http.HttpServer2 (HttpServer2.java:bindListener(1249)) - Jetty bound to port 40935
2022-02-08 14:30:18,054 [Listener at 127.0.0.1/38815] INFO  server.Server (Server.java:doStart(375)) - jetty-9.4.43.v20210629; built: 2021-06-30T11:07:22.254Z; git: 526006ecfa3af7f1a27ef3a288e2bef7ea9dd7e8; jvm 1.8.0_312-b07
2022-02-08 14:30:18,055 [Listener at 127.0.0.1/38815] INFO  server.session (DefaultSessionIdManager.java:doStart(334)) - DefaultSessionIdManager workerName=node0
2022-02-08 14:30:18,055 [Listener at 127.0.0.1/38815] INFO  server.session (DefaultSessionIdManager.java:doStart(339)) - No SessionScavenger set, using defaults
2022-02-08 14:30:18,056 [Listener at 127.0.0.1/38815] INFO  server.session (HouseKeeper.java:startScavenging(132)) - node0 Scavenging every 600000ms
2022-02-08 14:30:18,056 [Listener at 127.0.0.1/38815] INFO  handler.ContextHandler (ContextHandler.java:doStart(915)) - Started o.e.j.s.ServletContextHandler@52d710e2{logs,/logs,file:///home/runner/work/ozone/ozone/hadoop-ozone/integration-test/target/log,AVAILABLE}
2022-02-08 14:30:18,056 [Listener at 127.0.0.1/38815] INFO  handler.ContextHandler (ContextHandler.java:doStart(915)) - Started o.e.j.s.ServletContextHandler@5c3c0e5{static,/static,jar:file:/home/runner/.m2/repository/org/apache/ozone/hdds-container-service/1.3.0-SNAPSHOT/hdds-container-service-1.3.0-SNAPSHOT.jar!/webapps/static,AVAILABLE}
2022-02-08 14:30:18,136 [Listener at 127.0.0.1/38815] INFO  handler.ContextHandler (ContextHandler.java:doStart(915)) - Started o.e.j.w.WebAppContext@43c9c0b5{hddsDatanode,/,file:///tmp/jetty-0_0_0_0-40935-hdds-container-service-1_3_0-SNAPSHOT_jar-_-any-3045657973713607510/webapp/,AVAILABLE}{jar:file:/home/runner/.m2/repository/org/apache/ozone/hdds-container-service/1.3.0-SNAPSHOT/hdds-container-service-1.3.0-SNAPSHOT.jar!/webapps/hddsDatanode}
2022-02-08 14:30:18,144 [Listener at 127.0.0.1/38815] INFO  server.AbstractConnector (AbstractConnector.java:doStart(331)) - Started ServerConnector@263f26b3{HTTP/1.1, (http/1.1)}{0.0.0.0:40935}
2022-02-08 14:30:18,144 [Listener at 127.0.0.1/38815] INFO  server.Server (Server.java:doStart(415)) - Started @89884ms
2022-02-08 14:30:18,144 [Listener at 127.0.0.1/38815] WARN  impl.MetricsSystemImpl (MetricsSystemImpl.java:register(279)) - Sink prometheus already exists!
2022-02-08 14:30:18,145 [Listener at 127.0.0.1/38815] INFO  http.BaseHttpServer (BaseHttpServer.java:updateConnectorAddress(329)) - HTTP server of hddsDatanode listening at http://0.0.0.0:40935
2022-02-08 14:30:18,148 [Listener at 127.0.0.1/38815] WARN  impl.MetricRegistriesImpl (MetricRegistriesImpl.java:addReporterRegistration(111)) - New reporters are added after registries were created. Some metrics will be missing from the reporter. Please add reporter before adding any new registry.
2022-02-08 14:30:18,149 [Listener at 127.0.0.1/38815] WARN  impl.MetricRegistriesImpl (MetricRegistriesImpl.java:addReporterRegistration(111)) - New reporters are added after registries were created. Some metrics will be missing from the reporter. Please add reporter before adding any new registry.
2022-02-08 14:30:18,149 [Listener at 127.0.0.1/38815] INFO  impl.MetricsSystemImpl (MetricsSystemImpl.java:init(158)) - HddsDatanode metrics system started (again)
2022-02-08 14:30:18,153 [Datanode State Machine Daemon Thread] INFO  statemachine.DatanodeStateMachine (DatanodeStateMachine.java:lambda$startDaemon$0(470)) - Ozone container server started.
2022-02-08 14:30:18,176 [Listener at 127.0.0.1/38815] INFO  ozone.HddsDatanodeService (HddsDatanodeService.java:start(234)) - HddsDatanodeService host:fv-az151-746.yf2hydr00wburbhx3j5hxtcipe.bx.internal.cloudapp.net ip:10.1.0.25
2022-02-08 14:30:18,177 [Datanode State Machine Task Thread - 0] INFO  ha.SCMNodeInfo (SCMNodeInfo.java:getPort(197)) - ConfigKey ozone.scm.client.address is deprecated, For configuring different ports for each SCM use PortConfigKey ozone.scm.client.port appended with serviceId and nodeId
2022-02-08 14:30:18,181 [Datanode State Machine Task Thread - 0] INFO  ha.SCMNodeInfo (SCMNodeInfo.java:getPort(197)) - ConfigKey ozone.scm.block.client.address is deprecated, For configuring different ports for each SCM use PortConfigKey ozone.scm.block.client.port appended with serviceId and nodeId
2022-02-08 14:30:18,177 [org.apache.hadoop.util.JvmPauseMonitor$Monitor@4001d9cc] INFO  util.JvmPauseMonitor (JvmPauseMonitor.java:run(188)) - Starting JVM pause monitor
2022-02-08 14:30:18,181 [Datanode State Machine Task Thread - 0] INFO  ha.SCMNodeInfo (SCMNodeInfo.java:getPort(197)) - ConfigKey ozone.scm.datanode.address is deprecated, For configuring different ports for each SCM use PortConfigKey ozone.scm.datanode.port appended with serviceId and nodeId
2022-02-08 14:30:18,181 [Datanode State Machine Task Thread - 0] INFO  ha.SCMNodeInfo (SCMNodeInfo.java:getPort(197)) - ConfigKey ozone.scm.client.address is deprecated, For configuring different ports for each SCM use PortConfigKey ozone.scm.client.port appended with serviceId and nodeId
2022-02-08 14:30:18,181 [Datanode State Machine Task Thread - 0] INFO  ha.SCMNodeInfo (SCMNodeInfo.java:getPort(197)) - ConfigKey ozone.scm.block.client.address is deprecated, For configuring different ports for each SCM use PortConfigKey ozone.scm.block.client.port appended with serviceId and nodeId
2022-02-08 14:30:18,181 [Datanode State Machine Task Thread - 0] INFO  ha.SCMNodeInfo (SCMNodeInfo.java:getPort(197)) - ConfigKey ozone.scm.datanode.address is deprecated, For configuring different ports for each SCM use PortConfigKey ozone.scm.datanode.port appended with serviceId and nodeId
2022-02-08 14:30:18,181 [Datanode State Machine Task Thread - 0] INFO  ha.SCMNodeInfo (SCMNodeInfo.java:getPort(197)) - ConfigKey ozone.scm.client.address is deprecated, For configuring different ports for each SCM use PortConfigKey ozone.scm.client.port appended with serviceId and nodeId
2022-02-08 14:30:18,181 [Datanode State Machine Task Thread - 0] INFO  ha.SCMNodeInfo (SCMNodeInfo.java:getPort(197)) - ConfigKey ozone.scm.block.client.address is deprecated, For configuring different ports for each SCM use PortConfigKey ozone.scm.block.client.port appended with serviceId and nodeId
2022-02-08 14:30:18,181 [Datanode State Machine Task Thread - 0] INFO  ha.SCMNodeInfo (SCMNodeInfo.java:getPort(197)) - ConfigKey ozone.scm.datanode.address is deprecated, For configuring different ports for each SCM use PortConfigKey ozone.scm.datanode.port appended with serviceId and nodeId
2022-02-08 14:30:18,189 [Datanode State Machine Task Thread - 0] INFO  datanode.InitDatanodeState (InitDatanodeState.java:persistContainerDatanodeDetails(145)) - DatanodeDetails is persisted to /home/runner/work/ozone/ozone/hadoop-ozone/integration-test/target/test-dir/MiniOzoneClusterImpl-be5678e2-4507-4d84-8cb9-fc99c0f819fc/datanode-0/meta/datanode.id
2022-02-08 14:30:18,215 [Listener at 127.0.0.1/38815] INFO  upgrade.AbstractLayoutVersionManager (AbstractLayoutVersionManager.java:init(79)) - Initializing Layout version manager with metadata layout = SCM_HA (version = 2), software layout = SCM_HA (version = 2)
2022-02-08 14:30:18,286 [Listener at 127.0.0.1/38815] INFO  reflections.Reflections (Reflections.java:scan(232)) - Reflections took 70 ms to scan 7 urls, producing 119 keys and 279 values 
2022-02-08 14:30:18,287 [Listener at 127.0.0.1/38815] INFO  ha.SCMNodeInfo (SCMNodeInfo.java:getPort(197)) - ConfigKey ozone.scm.client.address is deprecated, For configuring different ports for each SCM use PortConfigKey ozone.scm.client.port appended with serviceId and nodeId
2022-02-08 14:30:18,287 [Listener at 127.0.0.1/38815] INFO  ha.SCMNodeInfo (SCMNodeInfo.java:getPort(197)) - ConfigKey ozone.scm.block.client.address is deprecated, For configuring different ports for each SCM use PortConfigKey ozone.scm.block.client.port appended with serviceId and nodeId
2022-02-08 14:30:18,287 [Listener at 127.0.0.1/38815] INFO  ha.SCMNodeInfo (SCMNodeInfo.java:getPort(197)) - ConfigKey ozone.scm.datanode.address is deprecated, For configuring different ports for each SCM use PortConfigKey ozone.scm.datanode.port appended with serviceId and nodeId
2022-02-08 14:30:18,287 [Listener at 127.0.0.1/38815] INFO  ha.SCMNodeInfo (SCMNodeInfo.java:getPort(197)) - ConfigKey ozone.scm.client.address is deprecated, For configuring different ports for each SCM use PortConfigKey ozone.scm.client.port appended with serviceId and nodeId
2022-02-08 14:30:18,288 [Listener at 127.0.0.1/38815] INFO  ha.SCMNodeInfo (SCMNodeInfo.java:getPort(197)) - ConfigKey ozone.scm.block.client.address is deprecated, For configuring different ports for each SCM use PortConfigKey ozone.scm.block.client.port appended with serviceId and nodeId
2022-02-08 14:30:18,288 [Listener at 127.0.0.1/38815] INFO  ha.SCMNodeInfo (SCMNodeInfo.java:getPort(197)) - ConfigKey ozone.scm.datanode.address is deprecated, For configuring different ports for each SCM use PortConfigKey ozone.scm.datanode.port appended with serviceId and nodeId
2022-02-08 14:30:18,288 [Listener at 127.0.0.1/38815] INFO  ha.SCMNodeInfo (SCMNodeInfo.java:getPort(197)) - ConfigKey ozone.scm.client.address is deprecated, For configuring different ports for each SCM use PortConfigKey ozone.scm.client.port appended with serviceId and nodeId
2022-02-08 14:30:18,288 [Listener at 127.0.0.1/38815] INFO  ha.SCMNodeInfo (SCMNodeInfo.java:getPort(197)) - ConfigKey ozone.scm.block.client.address is deprecated, For configuring different ports for each SCM use PortConfigKey ozone.scm.block.client.port appended with serviceId and nodeId
2022-02-08 14:30:18,288 [Listener at 127.0.0.1/38815] INFO  ha.SCMNodeInfo (SCMNodeInfo.java:getPort(197)) - ConfigKey ozone.scm.datanode.address is deprecated, For configuring different ports for each SCM use PortConfigKey ozone.scm.datanode.port appended with serviceId and nodeId
2022-02-08 14:30:18,288 [Listener at 127.0.0.1/38815] INFO  statemachine.DatanodeStateMachine (DatanodeStateMachine.java:getEndPointTaskThreadPoolSize(222)) - Datanode State Machine Task Thread Pool size 4
2022-02-08 14:30:18,303 [Listener at 127.0.0.1/38815] INFO  volume.HddsVolume (HddsVolume.java:<init>(120)) - Creating HddsVolume: /home/runner/work/ozone/ozone/hadoop-ozone/integration-test/target/test-dir/MiniOzoneClusterImpl-be5678e2-4507-4d84-8cb9-fc99c0f819fc/datanode-1/data-0/containers/hdds of storage type : DISK capacity : 9223372036854775807
2022-02-08 14:30:18,303 [Listener at 127.0.0.1/38815] INFO  volume.MutableVolumeSet (MutableVolumeSet.java:initializeVolumeSet(168)) - Added Volume : /home/runner/work/ozone/ozone/hadoop-ozone/integration-test/target/test-dir/MiniOzoneClusterImpl-be5678e2-4507-4d84-8cb9-fc99c0f819fc/datanode-1/data-0/containers/hdds to VolumeSet
2022-02-08 14:30:18,303 [Listener at 127.0.0.1/38815] INFO  volume.ThrottledAsyncChecker (ThrottledAsyncChecker.java:schedule(141)) - Scheduling a check for /home/runner/work/ozone/ozone/hadoop-ozone/integration-test/target/test-dir/MiniOzoneClusterImpl-be5678e2-4507-4d84-8cb9-fc99c0f819fc/datanode-1/data-0/containers/hdds
2022-02-08 14:30:18,325 [Listener at 127.0.0.1/38815] INFO  volume.StorageVolumeChecker (StorageVolumeChecker.java:checkAllVolumes(202)) - Scheduled health check for volume /home/runner/work/ozone/ozone/hadoop-ozone/integration-test/target/test-dir/MiniOzoneClusterImpl-be5678e2-4507-4d84-8cb9-fc99c0f819fc/datanode-1/data-0/containers/hdds
2022-02-08 14:30:18,335 [Listener at 127.0.0.1/38815] INFO  volume.MutableVolumeSet (MutableVolumeSet.java:initializeVolumeSet(168)) - Added Volume : /home/runner/work/ozone/ozone/hadoop-ozone/integration-test/target/test-dir/MiniOzoneClusterImpl-be5678e2-4507-4d84-8cb9-fc99c0f819fc/datanode-1/data/ratis to VolumeSet
2022-02-08 14:30:18,336 [Listener at 127.0.0.1/38815] INFO  volume.ThrottledAsyncChecker (ThrottledAsyncChecker.java:schedule(141)) - Scheduling a check for /home/runner/work/ozone/ozone/hadoop-ozone/integration-test/target/test-dir/MiniOzoneClusterImpl-be5678e2-4507-4d84-8cb9-fc99c0f819fc/datanode-1/data/ratis
2022-02-08 14:30:18,336 [Listener at 127.0.0.1/38815] INFO  volume.StorageVolumeChecker (StorageVolumeChecker.java:checkAllVolumes(202)) - Scheduled health check for volume /home/runner/work/ozone/ozone/hadoop-ozone/integration-test/target/test-dir/MiniOzoneClusterImpl-be5678e2-4507-4d84-8cb9-fc99c0f819fc/datanode-1/data/ratis
2022-02-08 14:30:18,382 [Thread-1468] INFO  ozoneimpl.ContainerReader (ContainerReader.java:readVolume(172)) - Finish verifying containers on volume /home/runner/work/ozone/ozone/hadoop-ozone/integration-test/target/test-dir/MiniOzoneClusterImpl-be5678e2-4507-4d84-8cb9-fc99c0f819fc/datanode-1/data-0/containers/hdds
2022-02-08 14:30:18,382 [Listener at 127.0.0.1/38815] INFO  ozoneimpl.OzoneContainer (OzoneContainer.java:buildContainerSet(237)) - Build ContainerSet costs 0s
2022-02-08 14:30:18,384 [Listener at 127.0.0.1/38815] INFO  server.RaftServer (ConfUtils.java:logGet(44)) - raft.rpc.type = GRPC (default)
2022-02-08 14:30:18,384 [Listener at 127.0.0.1/38815] INFO  grpc.GrpcFactory (GrpcFactory.java:checkPooledByteBufAllocatorUseCacheForAllThreads(48)) - PERFORMANCE WARNING: useCacheForAllThreads is true that may cause Netty to create a lot garbage objects and, as a result, trigger GC.
	It is recommended to disable useCacheForAllThreads by setting -Dorg.apache.ratis.thirdparty.io.netty.allocator.useCacheForAllThreads=false in command line.
2022-02-08 14:30:18,385 [Listener at 127.0.0.1/38815] INFO  grpc.GrpcConfigKeys (ConfUtils.java:logGet(44)) - raft.grpc.admin.port = 0 (custom)
2022-02-08 14:30:18,385 [Listener at 127.0.0.1/38815] INFO  grpc.GrpcConfigKeys (ConfUtils.java:logGet(44)) - raft.grpc.client.port = 0 (custom)
2022-02-08 14:30:18,385 [Listener at 127.0.0.1/38815] INFO  grpc.GrpcConfigKeys (ConfUtils.java:logGet(44)) - raft.grpc.server.port = 0 (default)
2022-02-08 14:30:18,385 [Listener at 127.0.0.1/38815] INFO  server.GrpcService (ConfUtils.java:logGet(44)) - raft.grpc.message.size.max = 32MB (=33554432) (custom)
2022-02-08 14:30:18,385 [Listener at 127.0.0.1/38815] INFO  server.RaftServerConfigKeys (ConfUtils.java:logGet(44)) - raft.server.log.appender.buffer.byte-limit = 33554432 (custom)
2022-02-08 14:30:18,385 [Listener at 127.0.0.1/38815] INFO  server.GrpcService (ConfUtils.java:logGet(44)) - raft.grpc.flow.control.window = 5MB (=5242880) (custom)
2022-02-08 14:30:18,385 [Listener at 127.0.0.1/38815] INFO  server.RaftServerConfigKeys (ConfUtils.java:logGet(44)) - raft.server.rpc.request.timeout = 60s (custom)
2022-02-08 14:30:18,386 [Listener at 127.0.0.1/38815] INFO  impl.DataStreamServerImpl (ConfUtils.java:logGet(44)) - raft.datastream.type = DISABLED (default)
2022-02-08 14:30:18,386 [Listener at 127.0.0.1/38815] INFO  server.RaftServerConfigKeys (ConfUtils.java:logGet(44)) - raft.server.rpc.slowness.timeout = 300s (custom)
2022-02-08 14:30:18,386 [Listener at 127.0.0.1/38815] INFO  server.RaftServerConfigKeys (ConfUtils.java:logGet(44)) - raft.server.leaderelection.leader.step-down.wait-time = 10s (default)
2022-02-08 14:30:18,387 [Listener at 127.0.0.1/38815] INFO  server.RaftServerConfigKeys (ConfUtils.java:logGet(44)) - raft.server.storage.dir = [/home/runner/work/ozone/ozone/hadoop-ozone/integration-test/target/test-dir/MiniOzoneClusterImpl-be5678e2-4507-4d84-8cb9-fc99c0f819fc/datanode-1/data/ratis] (custom)
2022-02-08 14:30:18,388 [Listener at 127.0.0.1/38815] INFO  server.XceiverServerGrpc (XceiverServerGrpc.java:<init>(132)) - GrpcServer channel type EpollServerSocketChannel
2022-02-08 14:30:18,401 [Listener at 127.0.0.1/38815] INFO  http.BaseHttpServer (BaseHttpServer.java:newHttpServer2BuilderForOzone(209)) - Starting Web-server for hddsDatanode at: http://0.0.0.0:0
2022-02-08 14:30:18,401 [Listener at 127.0.0.1/38815] INFO  http.BaseHttpServer (BaseHttpServer.java:<init>(107)) - Hadoop Security Enabled: false Ozone Security Enabled: false Ozone HTTP Security Enabled: false 
2022-02-08 14:30:18,402 [Listener at 127.0.0.1/38815] INFO  server.AuthenticationFilter (AuthenticationFilter.java:constructSecretProvider(240)) - Unable to initialize FileSignerSecretProvider, falling back to use random secrets.
2022-02-08 14:30:18,406 [Listener at 127.0.0.1/38815] WARN  http.HttpRequestLog (HttpRequestLog.java:getRequestLog(103)) - Jetty request log can only be enabled using Log4j
2022-02-08 14:30:18,406 [Listener at 127.0.0.1/38815] INFO  http.HttpServer2 (HttpServer2.java:addGlobalFilter(1030)) - Added global filter 'safety' (class=org.apache.hadoop.hdds.server.http.HttpServer2$QuotingInputFilter)
2022-02-08 14:30:18,407 [Listener at 127.0.0.1/38815] INFO  http.HttpServer2 (HttpServer2.java:addFilter(1006)) - Added filter static_user_filter (class=org.apache.hadoop.http.lib.StaticUserWebFilter$StaticUserFilter) to context hddsDatanode
2022-02-08 14:30:18,407 [Listener at 127.0.0.1/38815] INFO  http.HttpServer2 (HttpServer2.java:addFilter(1014)) - Added filter static_user_filter (class=org.apache.hadoop.http.lib.StaticUserWebFilter$StaticUserFilter) to context logs
2022-02-08 14:30:18,407 [Listener at 127.0.0.1/38815] INFO  http.HttpServer2 (HttpServer2.java:addFilter(1014)) - Added filter static_user_filter (class=org.apache.hadoop.http.lib.StaticUserWebFilter$StaticUserFilter) to context static
2022-02-08 14:30:18,407 [Listener at 127.0.0.1/38815] INFO  http.HttpServer2 (HttpServer2.java:bindListener(1249)) - Jetty bound to port 43975
2022-02-08 14:30:18,408 [Listener at 127.0.0.1/38815] INFO  server.Server (Server.java:doStart(375)) - jetty-9.4.43.v20210629; built: 2021-06-30T11:07:22.254Z; git: 526006ecfa3af7f1a27ef3a288e2bef7ea9dd7e8; jvm 1.8.0_312-b07
2022-02-08 14:30:18,449 [Listener at 127.0.0.1/38815] INFO  server.session (DefaultSessionIdManager.java:doStart(334)) - DefaultSessionIdManager workerName=node0
2022-02-08 14:30:18,449 [Listener at 127.0.0.1/38815] INFO  server.session (DefaultSessionIdManager.java:doStart(339)) - No SessionScavenger set, using defaults
2022-02-08 14:30:18,449 [Listener at 127.0.0.1/38815] INFO  server.session (HouseKeeper.java:startScavenging(132)) - node0 Scavenging every 600000ms
2022-02-08 14:30:18,450 [Listener at 127.0.0.1/38815] INFO  handler.ContextHandler (ContextHandler.java:doStart(915)) - Started o.e.j.s.ServletContextHandler@50b9399a{logs,/logs,file:///home/runner/work/ozone/ozone/hadoop-ozone/integration-test/target/log,AVAILABLE}
2022-02-08 14:30:18,450 [Listener at 127.0.0.1/38815] INFO  handler.ContextHandler (ContextHandler.java:doStart(915)) - Started o.e.j.s.ServletContextHandler@16acdd2f{static,/static,jar:file:/home/runner/.m2/repository/org/apache/ozone/hdds-container-service/1.3.0-SNAPSHOT/hdds-container-service-1.3.0-SNAPSHOT.jar!/webapps/static,AVAILABLE}
2022-02-08 14:30:18,510 [Listener at 127.0.0.1/38815] INFO  handler.ContextHandler (ContextHandler.java:doStart(915)) - Started o.e.j.w.WebAppContext@53cde2dc{hddsDatanode,/,file:///tmp/jetty-0_0_0_0-43975-hdds-container-service-1_3_0-SNAPSHOT_jar-_-any-283663930937417580/webapp/,AVAILABLE}{jar:file:/home/runner/.m2/repository/org/apache/ozone/hdds-container-service/1.3.0-SNAPSHOT/hdds-container-service-1.3.0-SNAPSHOT.jar!/webapps/hddsDatanode}
2022-02-08 14:30:18,521 [Listener at 127.0.0.1/38815] INFO  server.AbstractConnector (AbstractConnector.java:doStart(331)) - Started ServerConnector@2486d0ae{HTTP/1.1, (http/1.1)}{0.0.0.0:43975}
2022-02-08 14:30:18,521 [Listener at 127.0.0.1/38815] INFO  server.Server (Server.java:doStart(415)) - Started @90261ms
2022-02-08 14:30:18,521 [Listener at 127.0.0.1/38815] WARN  impl.MetricsSystemImpl (MetricsSystemImpl.java:register(279)) - Sink prometheus already exists!
2022-02-08 14:30:18,522 [Listener at 127.0.0.1/38815] INFO  http.BaseHttpServer (BaseHttpServer.java:updateConnectorAddress(329)) - HTTP server of hddsDatanode listening at http://0.0.0.0:43975
2022-02-08 14:30:18,524 [Listener at 127.0.0.1/38815] WARN  impl.MetricRegistriesImpl (MetricRegistriesImpl.java:addReporterRegistration(111)) - New reporters are added after registries were created. Some metrics will be missing from the reporter. Please add reporter before adding any new registry.
2022-02-08 14:30:18,524 [Listener at 127.0.0.1/38815] WARN  impl.MetricRegistriesImpl (MetricRegistriesImpl.java:addReporterRegistration(111)) - New reporters are added after registries were created. Some metrics will be missing from the reporter. Please add reporter before adding any new registry.
2022-02-08 14:30:18,524 [Listener at 127.0.0.1/38815] INFO  impl.MetricsSystemImpl (MetricsSystemImpl.java:init(158)) - HddsDatanode metrics system started (again)
2022-02-08 14:30:18,532 [Datanode State Machine Daemon Thread] INFO  statemachine.DatanodeStateMachine (DatanodeStateMachine.java:lambda$startDaemon$0(470)) - Ozone container server started.
2022-02-08 14:30:18,555 [org.apache.hadoop.util.JvmPauseMonitor$Monitor@23169e9c] INFO  util.JvmPauseMonitor (JvmPauseMonitor.java:run(188)) - Starting JVM pause monitor
2022-02-08 14:30:18,563 [Datanode State Machine Task Thread - 0] INFO  ha.SCMNodeInfo (SCMNodeInfo.java:getPort(197)) - ConfigKey ozone.scm.client.address is deprecated, For configuring different ports for each SCM use PortConfigKey ozone.scm.client.port appended with serviceId and nodeId
2022-02-08 14:30:18,563 [Datanode State Machine Task Thread - 0] INFO  ha.SCMNodeInfo (SCMNodeInfo.java:getPort(197)) - ConfigKey ozone.scm.block.client.address is deprecated, For configuring different ports for each SCM use PortConfigKey ozone.scm.block.client.port appended with serviceId and nodeId
2022-02-08 14:30:18,563 [Datanode State Machine Task Thread - 0] INFO  ha.SCMNodeInfo (SCMNodeInfo.java:getPort(197)) - ConfigKey ozone.scm.datanode.address is deprecated, For configuring different ports for each SCM use PortConfigKey ozone.scm.datanode.port appended with serviceId and nodeId
2022-02-08 14:30:18,563 [Datanode State Machine Task Thread - 0] INFO  ha.SCMNodeInfo (SCMNodeInfo.java:getPort(197)) - ConfigKey ozone.scm.client.address is deprecated, For configuring different ports for each SCM use PortConfigKey ozone.scm.client.port appended with serviceId and nodeId
2022-02-08 14:30:18,563 [Datanode State Machine Task Thread - 0] INFO  ha.SCMNodeInfo (SCMNodeInfo.java:getPort(197)) - ConfigKey ozone.scm.block.client.address is deprecated, For configuring different ports for each SCM use PortConfigKey ozone.scm.block.client.port appended with serviceId and nodeId
2022-02-08 14:30:18,563 [Datanode State Machine Task Thread - 0] INFO  ha.SCMNodeInfo (SCMNodeInfo.java:getPort(197)) - ConfigKey ozone.scm.datanode.address is deprecated, For configuring different ports for each SCM use PortConfigKey ozone.scm.datanode.port appended with serviceId and nodeId
2022-02-08 14:30:18,563 [Datanode State Machine Task Thread - 0] INFO  ha.SCMNodeInfo (SCMNodeInfo.java:getPort(197)) - ConfigKey ozone.scm.client.address is deprecated, For configuring different ports for each SCM use PortConfigKey ozone.scm.client.port appended with serviceId and nodeId
2022-02-08 14:30:18,563 [Datanode State Machine Task Thread - 0] INFO  ha.SCMNodeInfo (SCMNodeInfo.java:getPort(197)) - ConfigKey ozone.scm.block.client.address is deprecated, For configuring different ports for each SCM use PortConfigKey ozone.scm.block.client.port appended with serviceId and nodeId
2022-02-08 14:30:18,563 [Datanode State Machine Task Thread - 0] INFO  ha.SCMNodeInfo (SCMNodeInfo.java:getPort(197)) - ConfigKey ozone.scm.datanode.address is deprecated, For configuring different ports for each SCM use PortConfigKey ozone.scm.datanode.port appended with serviceId and nodeId
2022-02-08 14:30:18,565 [Datanode State Machine Task Thread - 0] INFO  datanode.InitDatanodeState (InitDatanodeState.java:persistContainerDatanodeDetails(145)) - DatanodeDetails is persisted to /home/runner/work/ozone/ozone/hadoop-ozone/integration-test/target/test-dir/MiniOzoneClusterImpl-be5678e2-4507-4d84-8cb9-fc99c0f819fc/datanode-1/meta/datanode.id
2022-02-08 14:30:18,567 [EndpointStateMachine task thread for /127.0.0.1:40085 - 0 ] INFO  ipc.Client (Client.java:handleConnectionFailure(977)) - Retrying connect to server: localhost/127.0.0.1:40085. Already tried 10 time(s); retry policy is RetryUpToMaximumCountWithFixedSleep(maxRetries=15, sleepTime=1000 MILLISECONDS)
2022-02-08 14:30:18,568 [EndpointStateMachine task thread for /127.0.0.1:32969 - 0 ] INFO  ipc.Client (Client.java:handleConnectionFailure(977)) - Retrying connect to server: localhost/127.0.0.1:32969. Already tried 10 time(s); retry policy is RetryUpToMaximumCountWithFixedSleep(maxRetries=15, sleepTime=1000 MILLISECONDS)
2022-02-08 14:30:18,568 [EndpointStateMachine task thread for /127.0.0.1:41397 - 0 ] INFO  ipc.Client (Client.java:handleConnectionFailure(977)) - Retrying connect to server: localhost/127.0.0.1:41397. Already tried 10 time(s); retry policy is RetryUpToMaximumCountWithFixedSleep(maxRetries=15, sleepTime=1000 MILLISECONDS)
2022-02-08 14:30:18,570 [Listener at 127.0.0.1/38815] INFO  ozone.HddsDatanodeService (HddsDatanodeService.java:start(234)) - HddsDatanodeService host:fv-az151-746.yf2hydr00wburbhx3j5hxtcipe.bx.internal.cloudapp.net ip:10.1.0.25
2022-02-08 14:30:18,586 [omNode-1@group-523986131536-FollowerState] INFO  impl.FollowerState (FollowerState.java:run(134)) - omNode-1@group-523986131536-FollowerState: change to CANDIDATE, lastRpcElapsedTime:1120892857ns, electionTimeout:1101ms
2022-02-08 14:30:18,587 [omNode-1@group-523986131536-FollowerState] INFO  impl.RoleInfo (RoleInfo.java:shutdownFollowerState(108)) - omNode-1: shutdown omNode-1@group-523986131536-FollowerState
2022-02-08 14:30:18,587 [omNode-1@group-523986131536-FollowerState] INFO  server.RaftServer$Division (RaftServerImpl.java:setRole(290)) - omNode-1@group-523986131536: changes role from  FOLLOWER to CANDIDATE at term 0 for changeToCandidate
2022-02-08 14:30:18,587 [omNode-1@group-523986131536-FollowerState] INFO  server.RaftServerConfigKeys (ConfUtils.java:logGet(44)) - raft.server.leaderelection.pre-vote = false (custom)
2022-02-08 14:30:18,587 [omNode-1@group-523986131536-FollowerState] INFO  impl.RoleInfo (RoleInfo.java:updateAndGet(130)) - omNode-1: start omNode-1@group-523986131536-LeaderElection20
2022-02-08 14:30:18,607 [Listener at 127.0.0.1/38815] INFO  upgrade.AbstractLayoutVersionManager (AbstractLayoutVersionManager.java:init(79)) - Initializing Layout version manager with metadata layout = SCM_HA (version = 2), software layout = SCM_HA (version = 2)
2022-02-08 14:30:18,631 [omNode-1@group-523986131536-LeaderElection20] INFO  impl.LeaderElection (LeaderElection.java:askForVotes(306)) - omNode-1@group-523986131536-LeaderElection20 ELECTION round 0: submit vote requests at term 1 for -1: [omNode-1|rpc:localhost:34717|priority:0], old=null
2022-02-08 14:30:18,632 [omNode-1@group-523986131536-LeaderElection20] INFO  impl.LeaderElection (LeaderElection.java:askForVotes(308)) - omNode-1@group-523986131536-LeaderElection20 ELECTION round 0: result PASSED (term=1)
2022-02-08 14:30:18,632 [omNode-1@group-523986131536-LeaderElection20] INFO  impl.RoleInfo (RoleInfo.java:shutdownLeaderElection(121)) - omNode-1: shutdown omNode-1@group-523986131536-LeaderElection20
2022-02-08 14:30:18,632 [omNode-1@group-523986131536-LeaderElection20] INFO  server.RaftServer$Division (RaftServerImpl.java:setRole(290)) - omNode-1@group-523986131536: changes role from CANDIDATE to LEADER at term 1 for changeToLeader
2022-02-08 14:30:18,632 [omNode-1@group-523986131536-LeaderElection20] INFO  server.RaftServer$Division (ServerState.java:setLeader(285)) - omNode-1@group-523986131536: change Leader from null to omNode-1 at term 1 for becomeLeader, leader elected after 1208ms
2022-02-08 14:30:18,632 [omNode-1@group-523986131536-LeaderElection20] INFO  server.RaftServerConfigKeys (ConfUtils.java:logGet(44)) - raft.server.staging.catchup.gap = 1000 (default)
2022-02-08 14:30:18,632 [omNode-1@group-523986131536-LeaderElection20] INFO  server.RaftServerConfigKeys (ConfUtils.java:logGet(44)) - raft.server.write.element-limit = 4096 (default)
2022-02-08 14:30:18,632 [omNode-1@group-523986131536-LeaderElection20] INFO  server.RaftServerConfigKeys (ConfUtils.java:logGet(44)) - raft.server.write.byte-limit = 64MB (=67108864) (default)
2022-02-08 14:30:18,632 [omNode-1@group-523986131536-LeaderElection20] INFO  server.RaftServerConfigKeys (ConfUtils.java:logGet(44)) - raft.server.watch.timeout = 10s (default)
2022-02-08 14:30:18,632 [omNode-1@group-523986131536-LeaderElection20] INFO  server.RaftServerConfigKeys (ConfUtils.java:logGet(44)) - raft.server.watch.timeout.denomination = 1s (default)
2022-02-08 14:30:18,632 [omNode-1@group-523986131536-LeaderElection20] INFO  server.RaftServerConfigKeys (ConfUtils.java:logGet(44)) - raft.server.watch.element-limit = 65536 (default)
2022-02-08 14:30:18,632 [omNode-1@group-523986131536-LeaderElection20] INFO  server.RaftServerConfigKeys (ConfUtils.java:logGet(44)) - raft.server.write.element-limit = 4096 (default)
2022-02-08 14:30:18,632 [omNode-1@group-523986131536-LeaderElection20] INFO  server.RaftServerConfigKeys (ConfUtils.java:logGet(44)) - raft.server.write.follower.gap.ratio.max = -1.0 (default)
2022-02-08 14:30:18,632 [omNode-1@group-523986131536-LeaderElection20] INFO  impl.RoleInfo (RoleInfo.java:updateAndGet(130)) - omNode-1: start omNode-1@group-523986131536-LeaderStateImpl
2022-02-08 14:30:18,633 [omNode-1@group-523986131536-LeaderElection20] INFO  segmented.SegmentedRaftLogWorker (SegmentedRaftLogWorker.java:startLogSegment(394)) - omNode-1@group-523986131536-SegmentedRaftLogWorker: Starting segment from index:0
2022-02-08 14:30:18,643 [omNode-1@group-523986131536-SegmentedRaftLogWorker] INFO  segmented.SegmentedRaftLogWorker (SegmentedRaftLogWorker.java:execute(601)) - omNode-1@group-523986131536-SegmentedRaftLogWorker: created new log segment /home/runner/work/ozone/ozone/hadoop-ozone/integration-test/target/test-dir/MiniOzoneClusterImpl-be5678e2-4507-4d84-8cb9-fc99c0f819fc/omNode-1/ratis/c9bc4cf4-3bc3-3c60-a66b-523986131536/current/log_inprogress_0
2022-02-08 14:30:18,653 [omNode-1@group-523986131536-LeaderElection20] INFO  server.RaftServer$Division (ServerState.java:setRaftConf(387)) - omNode-1@group-523986131536: set configuration 0: [omNode-1|rpc:localhost:34717|admin:|client:|dataStream:|priority:0], old=null
2022-02-08 14:30:18,654 [omNode-1@group-523986131536-StateMachineUpdater] INFO  ratis.OzoneManagerStateMachine (OzoneManagerStateMachine.java:notifyConfigurationChanged(188)) - Received Configuration change notification from Ratis. New Peer list:
[id: "omNode-1"
address: "localhost:34717"
]
2022-02-08 14:30:18,684 [Listener at 127.0.0.1/38815] INFO  reflections.Reflections (Reflections.java:scan(232)) - Reflections took 76 ms to scan 7 urls, producing 119 keys and 279 values 
2022-02-08 14:30:18,693 [Listener at 127.0.0.1/38815] INFO  ha.SCMNodeInfo (SCMNodeInfo.java:getPort(197)) - ConfigKey ozone.scm.client.address is deprecated, For configuring different ports for each SCM use PortConfigKey ozone.scm.client.port appended with serviceId and nodeId
2022-02-08 14:30:18,693 [Listener at 127.0.0.1/38815] INFO  ha.SCMNodeInfo (SCMNodeInfo.java:getPort(197)) - ConfigKey ozone.scm.block.client.address is deprecated, For configuring different ports for each SCM use PortConfigKey ozone.scm.block.client.port appended with serviceId and nodeId
2022-02-08 14:30:18,693 [Listener at 127.0.0.1/38815] INFO  ha.SCMNodeInfo (SCMNodeInfo.java:getPort(197)) - ConfigKey ozone.scm.datanode.address is deprecated, For configuring different ports for each SCM use PortConfigKey ozone.scm.datanode.port appended with serviceId and nodeId
2022-02-08 14:30:18,694 [Listener at 127.0.0.1/38815] INFO  ha.SCMNodeInfo (SCMNodeInfo.java:getPort(197)) - ConfigKey ozone.scm.client.address is deprecated, For configuring different ports for each SCM use PortConfigKey ozone.scm.client.port appended with serviceId and nodeId
2022-02-08 14:30:18,694 [Listener at 127.0.0.1/38815] INFO  ha.SCMNodeInfo (SCMNodeInfo.java:getPort(197)) - ConfigKey ozone.scm.block.client.address is deprecated, For configuring different ports for each SCM use PortConfigKey ozone.scm.block.client.port appended with serviceId and nodeId
2022-02-08 14:30:18,694 [Listener at 127.0.0.1/38815] INFO  ha.SCMNodeInfo (SCMNodeInfo.java:getPort(197)) - ConfigKey ozone.scm.datanode.address is deprecated, For configuring different ports for each SCM use PortConfigKey ozone.scm.datanode.port appended with serviceId and nodeId
2022-02-08 14:30:18,694 [Listener at 127.0.0.1/38815] INFO  ha.SCMNodeInfo (SCMNodeInfo.java:getPort(197)) - ConfigKey ozone.scm.client.address is deprecated, For configuring different ports for each SCM use PortConfigKey ozone.scm.client.port appended with serviceId and nodeId
2022-02-08 14:30:18,694 [Listener at 127.0.0.1/38815] INFO  ha.SCMNodeInfo (SCMNodeInfo.java:getPort(197)) - ConfigKey ozone.scm.block.client.address is deprecated, For configuring different ports for each SCM use PortConfigKey ozone.scm.block.client.port appended with serviceId and nodeId
2022-02-08 14:30:18,694 [Listener at 127.0.0.1/38815] INFO  ha.SCMNodeInfo (SCMNodeInfo.java:getPort(197)) - ConfigKey ozone.scm.datanode.address is deprecated, For configuring different ports for each SCM use PortConfigKey ozone.scm.datanode.port appended with serviceId and nodeId
2022-02-08 14:30:18,694 [Listener at 127.0.0.1/38815] INFO  statemachine.DatanodeStateMachine (DatanodeStateMachine.java:getEndPointTaskThreadPoolSize(222)) - Datanode State Machine Task Thread Pool size 4
2022-02-08 14:30:18,695 [Listener at 127.0.0.1/38815] INFO  volume.HddsVolume (HddsVolume.java:<init>(120)) - Creating HddsVolume: /home/runner/work/ozone/ozone/hadoop-ozone/integration-test/target/test-dir/MiniOzoneClusterImpl-be5678e2-4507-4d84-8cb9-fc99c0f819fc/datanode-2/data-0/containers/hdds of storage type : DISK capacity : 9223372036854775807
2022-02-08 14:30:18,696 [Listener at 127.0.0.1/38815] INFO  volume.MutableVolumeSet (MutableVolumeSet.java:initializeVolumeSet(168)) - Added Volume : /home/runner/work/ozone/ozone/hadoop-ozone/integration-test/target/test-dir/MiniOzoneClusterImpl-be5678e2-4507-4d84-8cb9-fc99c0f819fc/datanode-2/data-0/containers/hdds to VolumeSet
2022-02-08 14:30:18,696 [Listener at 127.0.0.1/38815] INFO  volume.ThrottledAsyncChecker (ThrottledAsyncChecker.java:schedule(141)) - Scheduling a check for /home/runner/work/ozone/ozone/hadoop-ozone/integration-test/target/test-dir/MiniOzoneClusterImpl-be5678e2-4507-4d84-8cb9-fc99c0f819fc/datanode-2/data-0/containers/hdds
2022-02-08 14:30:18,717 [Listener at 127.0.0.1/38815] INFO  volume.StorageVolumeChecker (StorageVolumeChecker.java:checkAllVolumes(202)) - Scheduled health check for volume /home/runner/work/ozone/ozone/hadoop-ozone/integration-test/target/test-dir/MiniOzoneClusterImpl-be5678e2-4507-4d84-8cb9-fc99c0f819fc/datanode-2/data-0/containers/hdds
2022-02-08 14:30:18,727 [Listener at 127.0.0.1/38815] INFO  volume.MutableVolumeSet (MutableVolumeSet.java:initializeVolumeSet(168)) - Added Volume : /home/runner/work/ozone/ozone/hadoop-ozone/integration-test/target/test-dir/MiniOzoneClusterImpl-be5678e2-4507-4d84-8cb9-fc99c0f819fc/datanode-2/data/ratis to VolumeSet
2022-02-08 14:30:18,729 [Listener at 127.0.0.1/38815] INFO  volume.ThrottledAsyncChecker (ThrottledAsyncChecker.java:schedule(141)) - Scheduling a check for /home/runner/work/ozone/ozone/hadoop-ozone/integration-test/target/test-dir/MiniOzoneClusterImpl-be5678e2-4507-4d84-8cb9-fc99c0f819fc/datanode-2/data/ratis
2022-02-08 14:30:18,730 [Listener at 127.0.0.1/38815] INFO  volume.StorageVolumeChecker (StorageVolumeChecker.java:checkAllVolumes(202)) - Scheduled health check for volume /home/runner/work/ozone/ozone/hadoop-ozone/integration-test/target/test-dir/MiniOzoneClusterImpl-be5678e2-4507-4d84-8cb9-fc99c0f819fc/datanode-2/data/ratis
2022-02-08 14:30:18,753 [Thread-1482] INFO  ozoneimpl.ContainerReader (ContainerReader.java:readVolume(172)) - Finish verifying containers on volume /home/runner/work/ozone/ozone/hadoop-ozone/integration-test/target/test-dir/MiniOzoneClusterImpl-be5678e2-4507-4d84-8cb9-fc99c0f819fc/datanode-2/data-0/containers/hdds
2022-02-08 14:30:18,753 [Listener at 127.0.0.1/38815] INFO  ozoneimpl.OzoneContainer (OzoneContainer.java:buildContainerSet(237)) - Build ContainerSet costs 0s
2022-02-08 14:30:18,762 [Listener at 127.0.0.1/38815] INFO  server.RaftServer (ConfUtils.java:logGet(44)) - raft.rpc.type = GRPC (default)
2022-02-08 14:30:18,762 [Listener at 127.0.0.1/38815] INFO  grpc.GrpcFactory (GrpcFactory.java:checkPooledByteBufAllocatorUseCacheForAllThreads(48)) - PERFORMANCE WARNING: useCacheForAllThreads is true that may cause Netty to create a lot garbage objects and, as a result, trigger GC.
	It is recommended to disable useCacheForAllThreads by setting -Dorg.apache.ratis.thirdparty.io.netty.allocator.useCacheForAllThreads=false in command line.
2022-02-08 14:30:18,762 [Listener at 127.0.0.1/38815] INFO  grpc.GrpcConfigKeys (ConfUtils.java:logGet(44)) - raft.grpc.admin.port = 0 (custom)
2022-02-08 14:30:18,762 [Listener at 127.0.0.1/38815] INFO  grpc.GrpcConfigKeys (ConfUtils.java:logGet(44)) - raft.grpc.client.port = 0 (custom)
2022-02-08 14:30:18,762 [Listener at 127.0.0.1/38815] INFO  grpc.GrpcConfigKeys (ConfUtils.java:logGet(44)) - raft.grpc.server.port = 0 (default)
2022-02-08 14:30:18,762 [Listener at 127.0.0.1/38815] INFO  server.GrpcService (ConfUtils.java:logGet(44)) - raft.grpc.message.size.max = 32MB (=33554432) (custom)
2022-02-08 14:30:18,762 [Listener at 127.0.0.1/38815] INFO  server.RaftServerConfigKeys (ConfUtils.java:logGet(44)) - raft.server.log.appender.buffer.byte-limit = 33554432 (custom)
2022-02-08 14:30:18,762 [Listener at 127.0.0.1/38815] INFO  server.GrpcService (ConfUtils.java:logGet(44)) - raft.grpc.flow.control.window = 5MB (=5242880) (custom)
2022-02-08 14:30:18,763 [Listener at 127.0.0.1/38815] INFO  server.RaftServerConfigKeys (ConfUtils.java:logGet(44)) - raft.server.rpc.request.timeout = 60s (custom)
2022-02-08 14:30:18,763 [Listener at 127.0.0.1/38815] INFO  impl.DataStreamServerImpl (ConfUtils.java:logGet(44)) - raft.datastream.type = DISABLED (default)
2022-02-08 14:30:18,764 [Listener at 127.0.0.1/38815] INFO  server.RaftServerConfigKeys (ConfUtils.java:logGet(44)) - raft.server.rpc.slowness.timeout = 300s (custom)
2022-02-08 14:30:18,764 [Listener at 127.0.0.1/38815] INFO  server.RaftServerConfigKeys (ConfUtils.java:logGet(44)) - raft.server.leaderelection.leader.step-down.wait-time = 10s (default)
2022-02-08 14:30:18,764 [Listener at 127.0.0.1/38815] INFO  server.RaftServerConfigKeys (ConfUtils.java:logGet(44)) - raft.server.storage.dir = [/home/runner/work/ozone/ozone/hadoop-ozone/integration-test/target/test-dir/MiniOzoneClusterImpl-be5678e2-4507-4d84-8cb9-fc99c0f819fc/datanode-2/data/ratis] (custom)
2022-02-08 14:30:18,772 [Listener at 127.0.0.1/38815] INFO  server.XceiverServerGrpc (XceiverServerGrpc.java:<init>(132)) - GrpcServer channel type EpollServerSocketChannel
2022-02-08 14:30:18,773 [Listener at 127.0.0.1/38815] INFO  http.BaseHttpServer (BaseHttpServer.java:newHttpServer2BuilderForOzone(209)) - Starting Web-server for hddsDatanode at: http://0.0.0.0:0
2022-02-08 14:30:18,774 [Listener at 127.0.0.1/38815] INFO  http.BaseHttpServer (BaseHttpServer.java:<init>(107)) - Hadoop Security Enabled: false Ozone Security Enabled: false Ozone HTTP Security Enabled: false 
2022-02-08 14:30:18,774 [Listener at 127.0.0.1/38815] INFO  server.AuthenticationFilter (AuthenticationFilter.java:constructSecretProvider(240)) - Unable to initialize FileSignerSecretProvider, falling back to use random secrets.
2022-02-08 14:30:18,781 [Listener at 127.0.0.1/38815] WARN  http.HttpRequestLog (HttpRequestLog.java:getRequestLog(103)) - Jetty request log can only be enabled using Log4j
2022-02-08 14:30:18,781 [Listener at 127.0.0.1/38815] INFO  http.HttpServer2 (HttpServer2.java:addGlobalFilter(1030)) - Added global filter 'safety' (class=org.apache.hadoop.hdds.server.http.HttpServer2$QuotingInputFilter)
2022-02-08 14:30:18,782 [Listener at 127.0.0.1/38815] INFO  http.HttpServer2 (HttpServer2.java:addFilter(1006)) - Added filter static_user_filter (class=org.apache.hadoop.http.lib.StaticUserWebFilter$StaticUserFilter) to context hddsDatanode
2022-02-08 14:30:18,782 [Listener at 127.0.0.1/38815] INFO  http.HttpServer2 (HttpServer2.java:addFilter(1014)) - Added filter static_user_filter (class=org.apache.hadoop.http.lib.StaticUserWebFilter$StaticUserFilter) to context static
2022-02-08 14:30:18,782 [Listener at 127.0.0.1/38815] INFO  http.HttpServer2 (HttpServer2.java:addFilter(1014)) - Added filter static_user_filter (class=org.apache.hadoop.http.lib.StaticUserWebFilter$StaticUserFilter) to context logs
2022-02-08 14:30:18,782 [Listener at 127.0.0.1/38815] INFO  http.HttpServer2 (HttpServer2.java:bindListener(1249)) - Jetty bound to port 41089
2022-02-08 14:30:18,782 [Listener at 127.0.0.1/38815] INFO  server.Server (Server.java:doStart(375)) - jetty-9.4.43.v20210629; built: 2021-06-30T11:07:22.254Z; git: 526006ecfa3af7f1a27ef3a288e2bef7ea9dd7e8; jvm 1.8.0_312-b07
2022-02-08 14:30:18,865 [Listener at 127.0.0.1/38815] INFO  server.session (DefaultSessionIdManager.java:doStart(334)) - DefaultSessionIdManager workerName=node0
2022-02-08 14:30:18,865 [Listener at 127.0.0.1/38815] INFO  server.session (DefaultSessionIdManager.java:doStart(339)) - No SessionScavenger set, using defaults
2022-02-08 14:30:18,865 [Listener at 127.0.0.1/38815] INFO  server.session (HouseKeeper.java:startScavenging(132)) - node0 Scavenging every 600000ms
2022-02-08 14:30:18,881 [Listener at 127.0.0.1/38815] INFO  handler.ContextHandler (ContextHandler.java:doStart(915)) - Started o.e.j.s.ServletContextHandler@1ff84804{logs,/logs,file:///home/runner/work/ozone/ozone/hadoop-ozone/integration-test/target/log,AVAILABLE}
2022-02-08 14:30:18,881 [Listener at 127.0.0.1/38815] INFO  handler.ContextHandler (ContextHandler.java:doStart(915)) - Started o.e.j.s.ServletContextHandler@4837635d{static,/static,jar:file:/home/runner/.m2/repository/org/apache/ozone/hdds-container-service/1.3.0-SNAPSHOT/hdds-container-service-1.3.0-SNAPSHOT.jar!/webapps/static,AVAILABLE}
2022-02-08 14:30:18,923 [Listener at 127.0.0.1/38815] INFO  handler.ContextHandler (ContextHandler.java:doStart(915)) - Started o.e.j.w.WebAppContext@1a0108a5{hddsDatanode,/,file:///tmp/jetty-0_0_0_0-41089-hdds-container-service-1_3_0-SNAPSHOT_jar-_-any-6323892770639620204/webapp/,AVAILABLE}{jar:file:/home/runner/.m2/repository/org/apache/ozone/hdds-container-service/1.3.0-SNAPSHOT/hdds-container-service-1.3.0-SNAPSHOT.jar!/webapps/hddsDatanode}
2022-02-08 14:30:18,930 [Listener at 127.0.0.1/38815] INFO  server.AbstractConnector (AbstractConnector.java:doStart(331)) - Started ServerConnector@57653943{HTTP/1.1, (http/1.1)}{0.0.0.0:41089}
2022-02-08 14:30:18,930 [Listener at 127.0.0.1/38815] INFO  server.Server (Server.java:doStart(415)) - Started @90670ms
2022-02-08 14:30:18,930 [Listener at 127.0.0.1/38815] WARN  impl.MetricsSystemImpl (MetricsSystemImpl.java:register(279)) - Sink prometheus already exists!
2022-02-08 14:30:18,931 [Listener at 127.0.0.1/38815] INFO  http.BaseHttpServer (BaseHttpServer.java:updateConnectorAddress(329)) - HTTP server of hddsDatanode listening at http://0.0.0.0:41089
2022-02-08 14:30:18,936 [Listener at 127.0.0.1/38815] INFO  ozone.MiniOzoneClusterImpl (MiniOzoneClusterImpl.java:lambda$waitForClusterToBeReady$0(219)) - Waiting for nodes to be ready. Got 0 of 3 DN Heartbeats.
2022-02-08 14:30:18,936 [Listener at 127.0.0.1/38815] INFO  ozone.MiniOzoneClusterImpl (MiniOzoneClusterImpl.java:lambda$waitForClusterToBeReady$0(222)) - Waiting for cluster to exit safe mode
2022-02-08 14:30:18,936 [Listener at 127.0.0.1/38815] INFO  ozone.MiniOzoneClusterImpl (MiniOzoneClusterImpl.java:lambda$waitForClusterToBeReady$0(224)) - SCM became leader
2022-02-08 14:30:18,936 [Datanode State Machine Daemon Thread] INFO  statemachine.DatanodeStateMachine (DatanodeStateMachine.java:lambda$startDaemon$0(470)) - Ozone container server started.
2022-02-08 14:30:18,957 [org.apache.hadoop.util.JvmPauseMonitor$Monitor@6e167c9f] INFO  util.JvmPauseMonitor (JvmPauseMonitor.java:run(188)) - Starting JVM pause monitor
2022-02-08 14:30:18,957 [Datanode State Machine Task Thread - 0] INFO  ha.SCMNodeInfo (SCMNodeInfo.java:getPort(197)) - ConfigKey ozone.scm.client.address is deprecated, For configuring different ports for each SCM use PortConfigKey ozone.scm.client.port appended with serviceId and nodeId
2022-02-08 14:30:18,957 [Datanode State Machine Task Thread - 0] INFO  ha.SCMNodeInfo (SCMNodeInfo.java:getPort(197)) - ConfigKey ozone.scm.block.client.address is deprecated, For configuring different ports for each SCM use PortConfigKey ozone.scm.block.client.port appended with serviceId and nodeId
2022-02-08 14:30:18,957 [Datanode State Machine Task Thread - 0] INFO  ha.SCMNodeInfo (SCMNodeInfo.java:getPort(197)) - ConfigKey ozone.scm.datanode.address is deprecated, For configuring different ports for each SCM use PortConfigKey ozone.scm.datanode.port appended with serviceId and nodeId
2022-02-08 14:30:18,957 [Datanode State Machine Task Thread - 0] INFO  ha.SCMNodeInfo (SCMNodeInfo.java:getPort(197)) - ConfigKey ozone.scm.client.address is deprecated, For configuring different ports for each SCM use PortConfigKey ozone.scm.client.port appended with serviceId and nodeId
2022-02-08 14:30:18,957 [Datanode State Machine Task Thread - 0] INFO  ha.SCMNodeInfo (SCMNodeInfo.java:getPort(197)) - ConfigKey ozone.scm.block.client.address is deprecated, For configuring different ports for each SCM use PortConfigKey ozone.scm.block.client.port appended with serviceId and nodeId
2022-02-08 14:30:18,957 [Datanode State Machine Task Thread - 0] INFO  ha.SCMNodeInfo (SCMNodeInfo.java:getPort(197)) - ConfigKey ozone.scm.datanode.address is deprecated, For configuring different ports for each SCM use PortConfigKey ozone.scm.datanode.port appended with serviceId and nodeId
2022-02-08 14:30:18,957 [Datanode State Machine Task Thread - 0] INFO  ha.SCMNodeInfo (SCMNodeInfo.java:getPort(197)) - ConfigKey ozone.scm.client.address is deprecated, For configuring different ports for each SCM use PortConfigKey ozone.scm.client.port appended with serviceId and nodeId
2022-02-08 14:30:18,957 [Datanode State Machine Task Thread - 0] INFO  ha.SCMNodeInfo (SCMNodeInfo.java:getPort(197)) - ConfigKey ozone.scm.block.client.address is deprecated, For configuring different ports for each SCM use PortConfigKey ozone.scm.block.client.port appended with serviceId and nodeId
2022-02-08 14:30:18,957 [Datanode State Machine Task Thread - 0] INFO  ha.SCMNodeInfo (SCMNodeInfo.java:getPort(197)) - ConfigKey ozone.scm.datanode.address is deprecated, For configuring different ports for each SCM use PortConfigKey ozone.scm.datanode.port appended with serviceId and nodeId
2022-02-08 14:30:18,959 [Datanode State Machine Task Thread - 0] INFO  datanode.InitDatanodeState (InitDatanodeState.java:persistContainerDatanodeDetails(145)) - DatanodeDetails is persisted to /home/runner/work/ozone/ozone/hadoop-ozone/integration-test/target/test-dir/MiniOzoneClusterImpl-be5678e2-4507-4d84-8cb9-fc99c0f819fc/datanode-2/meta/datanode.id
2022-02-08 14:30:19,567 [EndpointStateMachine task thread for /127.0.0.1:40085 - 0 ] INFO  ipc.Client (Client.java:handleConnectionFailure(977)) - Retrying connect to server: localhost/127.0.0.1:40085. Already tried 11 time(s); retry policy is RetryUpToMaximumCountWithFixedSleep(maxRetries=15, sleepTime=1000 MILLISECONDS)
2022-02-08 14:30:19,568 [EndpointStateMachine task thread for /127.0.0.1:32969 - 0 ] INFO  ipc.Client (Client.java:handleConnectionFailure(977)) - Retrying connect to server: localhost/127.0.0.1:32969. Already tried 11 time(s); retry policy is RetryUpToMaximumCountWithFixedSleep(maxRetries=15, sleepTime=1000 MILLISECONDS)
2022-02-08 14:30:19,569 [EndpointStateMachine task thread for /127.0.0.1:41397 - 0 ] INFO  ipc.Client (Client.java:handleConnectionFailure(977)) - Retrying connect to server: localhost/127.0.0.1:41397. Already tried 11 time(s); retry policy is RetryUpToMaximumCountWithFixedSleep(maxRetries=15, sleepTime=1000 MILLISECONDS)
2022-02-08 14:30:19,936 [Listener at 127.0.0.1/38815] INFO  ozone.MiniOzoneClusterImpl (MiniOzoneClusterImpl.java:lambda$waitForClusterToBeReady$0(219)) - Waiting for nodes to be ready. Got 0 of 3 DN Heartbeats.
2022-02-08 14:30:19,936 [Listener at 127.0.0.1/38815] INFO  ozone.MiniOzoneClusterImpl (MiniOzoneClusterImpl.java:lambda$waitForClusterToBeReady$0(222)) - Waiting for cluster to exit safe mode
2022-02-08 14:30:19,936 [Listener at 127.0.0.1/38815] INFO  ozone.MiniOzoneClusterImpl (MiniOzoneClusterImpl.java:lambda$waitForClusterToBeReady$0(224)) - SCM became leader
2022-02-08 14:30:20,218 [EndpointStateMachine task thread for /127.0.0.1:40885 - 0 ] INFO  ozoneimpl.OzoneContainer (OzoneContainer.java:start(315)) - Attempting to start container services.
2022-02-08 14:30:20,218 [EndpointStateMachine task thread for /127.0.0.1:40885 - 0 ] INFO  ozoneimpl.OzoneContainer (OzoneContainer.java:startContainerScrub(250)) - Background container scanner has been disabled.
2022-02-08 14:30:20,219 [EndpointStateMachine task thread for /127.0.0.1:40885 - 0 ] INFO  replication.ReplicationServer (ReplicationServer.java:start(111)) - ReplicationServer is started using port 43635
2022-02-08 14:30:20,228 [EndpointStateMachine task thread for /127.0.0.1:40885 - 0 ] INFO  ratis.XceiverServerRatis (XceiverServerRatis.java:start(484)) - Starting XceiverServerRatis 44736ceb-ad1e-44d8-8a85-1de4ce4d0fde
2022-02-08 14:30:20,273 [EndpointStateMachine task thread for /127.0.0.1:40885 - 0 ] INFO  server.RaftServer (RaftServerProxy.java:lambda$start$5(374)) - 44736ceb-ad1e-44d8-8a85-1de4ce4d0fde: start RPC server
2022-02-08 14:30:20,273 [EndpointStateMachine task thread for /127.0.0.1:40885 - 0 ] INFO  server.GrpcService (GrpcService.java:startImpl(253)) - 44736ceb-ad1e-44d8-8a85-1de4ce4d0fde: GrpcService started, listening on 34931
2022-02-08 14:30:20,278 [EndpointStateMachine task thread for /127.0.0.1:40885 - 0 ] INFO  ratis.XceiverServerRatis (XceiverServerRatis.java:getRealPort(505)) - XceiverServerRatis 44736ceb-ad1e-44d8-8a85-1de4ce4d0fde is started using port 34931 for RATIS
2022-02-08 14:30:20,278 [EndpointStateMachine task thread for /127.0.0.1:40885 - 0 ] INFO  ratis.XceiverServerRatis (XceiverServerRatis.java:getRealPort(505)) - XceiverServerRatis 44736ceb-ad1e-44d8-8a85-1de4ce4d0fde is started using port 34931 for RATIS_ADMIN
2022-02-08 14:30:20,278 [EndpointStateMachine task thread for /127.0.0.1:40885 - 0 ] INFO  ratis.XceiverServerRatis (XceiverServerRatis.java:getRealPort(505)) - XceiverServerRatis 44736ceb-ad1e-44d8-8a85-1de4ce4d0fde is started using port 34931 for RATIS_SERVER
2022-02-08 14:30:20,278 [org.apache.ratis.util.JvmPauseMonitor$$Lambda$503/424226973@2932ab07] INFO  util.JvmPauseMonitor (JvmPauseMonitor.java:run(103)) - JvmPauseMonitor-44736ceb-ad1e-44d8-8a85-1de4ce4d0fde: Started
2022-02-08 14:30:20,297 [EndpointStateMachine task thread for /127.0.0.1:40885 - 0 ] INFO  server.XceiverServerGrpc (XceiverServerGrpc.java:start(180)) - XceiverServerGrpc 44736ceb-ad1e-44d8-8a85-1de4ce4d0fde is started using port 32863
2022-02-08 14:30:20,303 [EndpointStateMachine task thread for /127.0.0.1:45997 - 0 ] INFO  ozoneimpl.OzoneContainer (OzoneContainer.java:start(311)) - Ignore. OzoneContainer already started.
2022-02-08 14:30:20,568 [EndpointStateMachine task thread for /127.0.0.1:40085 - 0 ] INFO  ipc.Client (Client.java:handleConnectionFailure(977)) - Retrying connect to server: localhost/127.0.0.1:40085. Already tried 12 time(s); retry policy is RetryUpToMaximumCountWithFixedSleep(maxRetries=15, sleepTime=1000 MILLISECONDS)
2022-02-08 14:30:20,569 [EndpointStateMachine task thread for /127.0.0.1:32969 - 0 ] INFO  ipc.Client (Client.java:handleConnectionFailure(977)) - Retrying connect to server: localhost/127.0.0.1:32969. Already tried 12 time(s); retry policy is RetryUpToMaximumCountWithFixedSleep(maxRetries=15, sleepTime=1000 MILLISECONDS)
2022-02-08 14:30:20,569 [EndpointStateMachine task thread for /127.0.0.1:41397 - 0 ] INFO  ipc.Client (Client.java:handleConnectionFailure(977)) - Retrying connect to server: localhost/127.0.0.1:41397. Already tried 12 time(s); retry policy is RetryUpToMaximumCountWithFixedSleep(maxRetries=15, sleepTime=1000 MILLISECONDS)
2022-02-08 14:30:20,573 [EndpointStateMachine task thread for /127.0.0.1:40885 - 0 ] INFO  ozoneimpl.OzoneContainer (OzoneContainer.java:start(315)) - Attempting to start container services.
2022-02-08 14:30:20,573 [EndpointStateMachine task thread for /127.0.0.1:40885 - 0 ] INFO  ozoneimpl.OzoneContainer (OzoneContainer.java:startContainerScrub(250)) - Background container scanner has been disabled.
2022-02-08 14:30:20,574 [EndpointStateMachine task thread for /127.0.0.1:40885 - 0 ] INFO  replication.ReplicationServer (ReplicationServer.java:start(111)) - ReplicationServer is started using port 40395
2022-02-08 14:30:20,593 [EndpointStateMachine task thread for /127.0.0.1:40885 - 0 ] INFO  ratis.XceiverServerRatis (XceiverServerRatis.java:start(484)) - Starting XceiverServerRatis 4a6a0aaf-aa28-4f33-a09c-5a4e665a2556
2022-02-08 14:30:20,597 [EndpointStateMachine task thread for /127.0.0.1:40885 - 0 ] INFO  server.RaftServer (RaftServerProxy.java:lambda$start$5(374)) - 4a6a0aaf-aa28-4f33-a09c-5a4e665a2556: start RPC server
2022-02-08 14:30:20,601 [EndpointStateMachine task thread for /127.0.0.1:40885 - 0 ] INFO  server.GrpcService (GrpcService.java:startImpl(253)) - 4a6a0aaf-aa28-4f33-a09c-5a4e665a2556: GrpcService started, listening on 39435
2022-02-08 14:30:20,612 [EndpointStateMachine task thread for /127.0.0.1:40885 - 0 ] INFO  ratis.XceiverServerRatis (XceiverServerRatis.java:getRealPort(505)) - XceiverServerRatis 4a6a0aaf-aa28-4f33-a09c-5a4e665a2556 is started using port 39435 for RATIS
2022-02-08 14:30:20,613 [EndpointStateMachine task thread for /127.0.0.1:40885 - 0 ] INFO  ratis.XceiverServerRatis (XceiverServerRatis.java:getRealPort(505)) - XceiverServerRatis 4a6a0aaf-aa28-4f33-a09c-5a4e665a2556 is started using port 39435 for RATIS_ADMIN
2022-02-08 14:30:20,613 [EndpointStateMachine task thread for /127.0.0.1:40885 - 0 ] INFO  ratis.XceiverServerRatis (XceiverServerRatis.java:getRealPort(505)) - XceiverServerRatis 4a6a0aaf-aa28-4f33-a09c-5a4e665a2556 is started using port 39435 for RATIS_SERVER
2022-02-08 14:30:20,613 [org.apache.ratis.util.JvmPauseMonitor$$Lambda$503/424226973@7631051d] INFO  util.JvmPauseMonitor (JvmPauseMonitor.java:run(103)) - JvmPauseMonitor-4a6a0aaf-aa28-4f33-a09c-5a4e665a2556: Started
2022-02-08 14:30:20,619 [EndpointStateMachine task thread for /127.0.0.1:40885 - 0 ] INFO  server.XceiverServerGrpc (XceiverServerGrpc.java:start(180)) - XceiverServerGrpc 4a6a0aaf-aa28-4f33-a09c-5a4e665a2556 is started using port 35809
2022-02-08 14:30:20,621 [EndpointStateMachine task thread for /127.0.0.1:45997 - 0 ] INFO  ozoneimpl.OzoneContainer (OzoneContainer.java:start(311)) - Ignore. OzoneContainer already started.
2022-02-08 14:30:20,936 [Listener at 127.0.0.1/38815] INFO  ozone.MiniOzoneClusterImpl (MiniOzoneClusterImpl.java:lambda$waitForClusterToBeReady$0(219)) - Waiting for nodes to be ready. Got 0 of 3 DN Heartbeats.
2022-02-08 14:30:20,937 [Listener at 127.0.0.1/38815] INFO  ozone.MiniOzoneClusterImpl (MiniOzoneClusterImpl.java:lambda$waitForClusterToBeReady$0(222)) - Waiting for cluster to exit safe mode
2022-02-08 14:30:20,937 [Listener at 127.0.0.1/38815] INFO  ozone.MiniOzoneClusterImpl (MiniOzoneClusterImpl.java:lambda$waitForClusterToBeReady$0(224)) - SCM became leader
2022-02-08 14:30:21,015 [EndpointStateMachine task thread for /127.0.0.1:45997 - 0 ] INFO  ozoneimpl.OzoneContainer (OzoneContainer.java:start(315)) - Attempting to start container services.
2022-02-08 14:30:21,015 [EndpointStateMachine task thread for /127.0.0.1:45997 - 0 ] INFO  ozoneimpl.OzoneContainer (OzoneContainer.java:startContainerScrub(250)) - Background container scanner has been disabled.
2022-02-08 14:30:21,017 [EndpointStateMachine task thread for /127.0.0.1:45997 - 0 ] INFO  replication.ReplicationServer (ReplicationServer.java:start(111)) - ReplicationServer is started using port 41719
2022-02-08 14:30:21,018 [EndpointStateMachine task thread for /127.0.0.1:45997 - 0 ] INFO  ratis.XceiverServerRatis (XceiverServerRatis.java:start(484)) - Starting XceiverServerRatis 9c433d8a-234d-492f-a374-35df91077eee
2022-02-08 14:30:21,021 [EndpointStateMachine task thread for /127.0.0.1:45997 - 0 ] INFO  server.RaftServer (RaftServerProxy.java:lambda$start$5(374)) - 9c433d8a-234d-492f-a374-35df91077eee: start RPC server
2022-02-08 14:30:21,024 [EndpointStateMachine task thread for /127.0.0.1:45997 - 0 ] INFO  server.GrpcService (GrpcService.java:startImpl(253)) - 9c433d8a-234d-492f-a374-35df91077eee: GrpcService started, listening on 41109
2022-02-08 14:30:21,030 [EndpointStateMachine task thread for /127.0.0.1:45997 - 0 ] INFO  ratis.XceiverServerRatis (XceiverServerRatis.java:getRealPort(505)) - XceiverServerRatis 9c433d8a-234d-492f-a374-35df91077eee is started using port 41109 for RATIS
2022-02-08 14:30:21,030 [EndpointStateMachine task thread for /127.0.0.1:45997 - 0 ] INFO  ratis.XceiverServerRatis (XceiverServerRatis.java:getRealPort(505)) - XceiverServerRatis 9c433d8a-234d-492f-a374-35df91077eee is started using port 41109 for RATIS_ADMIN
2022-02-08 14:30:21,030 [EndpointStateMachine task thread for /127.0.0.1:45997 - 0 ] INFO  ratis.XceiverServerRatis (XceiverServerRatis.java:getRealPort(505)) - XceiverServerRatis 9c433d8a-234d-492f-a374-35df91077eee is started using port 41109 for RATIS_SERVER
2022-02-08 14:30:21,030 [org.apache.ratis.util.JvmPauseMonitor$$Lambda$503/424226973@5f708fd7] INFO  util.JvmPauseMonitor (JvmPauseMonitor.java:run(103)) - JvmPauseMonitor-9c433d8a-234d-492f-a374-35df91077eee: Started
2022-02-08 14:30:21,037 [EndpointStateMachine task thread for /127.0.0.1:45997 - 0 ] INFO  server.XceiverServerGrpc (XceiverServerGrpc.java:start(180)) - XceiverServerGrpc 9c433d8a-234d-492f-a374-35df91077eee is started using port 38329
2022-02-08 14:30:21,048 [EndpointStateMachine task thread for /127.0.0.1:40885 - 0 ] INFO  ozoneimpl.OzoneContainer (OzoneContainer.java:start(311)) - Ignore. OzoneContainer already started.
2022-02-08 14:30:21,568 [EndpointStateMachine task thread for /127.0.0.1:40085 - 0 ] INFO  ipc.Client (Client.java:handleConnectionFailure(977)) - Retrying connect to server: localhost/127.0.0.1:40085. Already tried 13 time(s); retry policy is RetryUpToMaximumCountWithFixedSleep(maxRetries=15, sleepTime=1000 MILLISECONDS)
2022-02-08 14:30:21,569 [EndpointStateMachine task thread for /127.0.0.1:32969 - 0 ] INFO  ipc.Client (Client.java:handleConnectionFailure(977)) - Retrying connect to server: localhost/127.0.0.1:32969. Already tried 13 time(s); retry policy is RetryUpToMaximumCountWithFixedSleep(maxRetries=15, sleepTime=1000 MILLISECONDS)
2022-02-08 14:30:21,570 [EndpointStateMachine task thread for /127.0.0.1:41397 - 0 ] INFO  ipc.Client (Client.java:handleConnectionFailure(977)) - Retrying connect to server: localhost/127.0.0.1:41397. Already tried 13 time(s); retry policy is RetryUpToMaximumCountWithFixedSleep(maxRetries=15, sleepTime=1000 MILLISECONDS)
2022-02-08 14:30:21,937 [Listener at 127.0.0.1/38815] INFO  ozone.MiniOzoneClusterImpl (MiniOzoneClusterImpl.java:lambda$waitForClusterToBeReady$0(219)) - Waiting for nodes to be ready. Got 0 of 3 DN Heartbeats.
2022-02-08 14:30:21,937 [Listener at 127.0.0.1/38815] INFO  ozone.MiniOzoneClusterImpl (MiniOzoneClusterImpl.java:lambda$waitForClusterToBeReady$0(222)) - Waiting for cluster to exit safe mode
2022-02-08 14:30:21,937 [Listener at 127.0.0.1/38815] INFO  ozone.MiniOzoneClusterImpl (MiniOzoneClusterImpl.java:lambda$waitForClusterToBeReady$0(224)) - SCM became leader
2022-02-08 14:30:22,180 [IPC Server handler 3 on default port 40885] INFO  net.NetworkTopologyImpl (NetworkTopologyImpl.java:add(112)) - Added a new node: /default-rack/44736ceb-ad1e-44d8-8a85-1de4ce4d0fde
2022-02-08 14:30:22,180 [IPC Server handler 3 on default port 40885] INFO  node.SCMNodeManager (SCMNodeManager.java:register(389)) - Registered Data node : 44736ceb-ad1e-44d8-8a85-1de4ce4d0fde{ip: 127.0.0.1, host: localhost, ports: [REPLICATION=43635, RATIS=34931, RATIS_ADMIN=34931, RATIS_SERVER=34931, STANDALONE=32863], networkLocation: /default-rack, certSerialId: null, persistedOpState: null, persistedOpStateExpiryEpochSec: 0}
2022-02-08 14:30:22,180 [IPC Server handler 1 on default port 45997] INFO  net.NetworkTopologyImpl (NetworkTopologyImpl.java:add(112)) - Added a new node: /default-rack/44736ceb-ad1e-44d8-8a85-1de4ce4d0fde
2022-02-08 14:30:22,180 [IPC Server handler 1 on default port 45997] INFO  node.SCMNodeManager (SCMNodeManager.java:register(389)) - Registered Data node : 44736ceb-ad1e-44d8-8a85-1de4ce4d0fde{ip: 127.0.0.1, host: localhost, ports: [REPLICATION=43635, RATIS=34931, RATIS_ADMIN=34931, RATIS_SERVER=34931, STANDALONE=32863], networkLocation: /default-rack, certSerialId: null, persistedOpState: null, persistedOpStateExpiryEpochSec: 0}
2022-02-08 14:30:22,183 [EventQueue-NewNodeForNewNodeHandler] INFO  pipeline.BackgroundPipelineCreator (BackgroundPipelineCreator.java:notifyEventTriggered(285)) - trigger a one-shot run on RatisPipelineUtilsThread.
2022-02-08 14:30:22,184 [EventQueue-NodeRegistrationContainerReportForDataNodeSafeModeRule] INFO  safemode.SCMSafeModeManager (DataNodeSafeModeRule.java:process(71)) - SCM in safe mode. 1 DataNodes registered, 3 required.
2022-02-08 14:30:22,183 [RatisPipelineUtilsThread - 0] INFO  pipeline.RatisPipelineProvider (RatisPipelineProvider.java:lambda$create$0(183)) - Sending CreatePipelineCommand for pipeline:PipelineID=d4f756ab-b867-4583-96fe-ea7c0eb40836 to datanode:44736ceb-ad1e-44d8-8a85-1de4ce4d0fde
2022-02-08 14:30:22,197 [EventQueue-NodeRegistrationContainerReportForContainerSafeModeRule] INFO  safemode.SCMSafeModeManager (SCMSafeModeManager.java:validateSafeModeExitRules(204)) - ContainerSafeModeRule rule is successfully validated
2022-02-08 14:30:22,209 [EventQueue-NewNodeForNewNodeHandler] INFO  pipeline.BackgroundPipelineCreator (BackgroundPipelineCreator.java:notifyEventTriggered(279)) - ignore, not leader SCM.
2022-02-08 14:30:22,209 [EventQueue-PipelineReportForOneReplicaPipelineSafeModeRule] INFO  safemode.SCMSafeModeManager (SCMSafeModeManager.java:validateSafeModeExitRules(204)) - AtleastOneDatanodeReportedRule rule is successfully validated
2022-02-08 14:30:22,217 [EventQueue-NodeRegistrationContainerReportForDataNodeSafeModeRule] INFO  safemode.SCMSafeModeManager (DataNodeSafeModeRule.java:process(71)) - SCM in safe mode. 1 DataNodes registered, 3 required.
2022-02-08 14:30:22,226 [EventQueue-NodeRegistrationContainerReportForContainerSafeModeRule] INFO  safemode.SCMSafeModeManager (SCMSafeModeManager.java:validateSafeModeExitRules(204)) - ContainerSafeModeRule rule is successfully validated
2022-02-08 14:30:22,226 [EventQueue-PipelineReportForOneReplicaPipelineSafeModeRule] INFO  safemode.SCMSafeModeManager (SCMSafeModeManager.java:validateSafeModeExitRules(204)) - AtleastOneDatanodeReportedRule rule is successfully validated
2022-02-08 14:30:22,256 [7a675d49-8bf4-44ad-b841-6def84288824@group-FC99C0F819FC-StateMachineUpdater] INFO  pipeline.PipelineStateManagerImpl (PipelineStateManagerImpl.java:addPipeline(101)) - Created pipeline Pipeline[ Id: d4f756ab-b867-4583-96fe-ea7c0eb40836, Nodes: 44736ceb-ad1e-44d8-8a85-1de4ce4d0fde{ip: 127.0.0.1, host: localhost, ports: [REPLICATION=43635, RATIS=34931, RATIS_ADMIN=34931, RATIS_SERVER=34931, STANDALONE=32863], networkLocation: /default-rack, certSerialId: null, persistedOpState: IN_SERVICE, persistedOpStateExpiryEpochSec: 0}, ReplicationConfig: RATIS/ONE, State:ALLOCATED, leaderId:, CreationTimestamp2022-02-08T14:30:22.183Z[Etc/UTC]].
2022-02-08 14:30:22,256 [7a675d49-8bf4-44ad-b841-6def84288824@group-FC99C0F819FC-StateMachineUpdater] INFO  safemode.HealthyPipelineSafeModeRule (HealthyPipelineSafeModeRule.java:initializeRule(152)) - Refreshed total pipeline count is 0, healthy pipeline threshold count is 1
2022-02-08 14:30:22,272 [19a54928-8125-4c35-a03e-a210dfc90c30@group-FC99C0F819FC-StateMachineUpdater] INFO  pipeline.PipelineStateManagerImpl (PipelineStateManagerImpl.java:addPipeline(101)) - Created pipeline Pipeline[ Id: d4f756ab-b867-4583-96fe-ea7c0eb40836, Nodes: 44736ceb-ad1e-44d8-8a85-1de4ce4d0fde{ip: 127.0.0.1, host: localhost, ports: [REPLICATION=43635, RATIS=34931, RATIS_ADMIN=34931, RATIS_SERVER=34931, STANDALONE=32863], networkLocation: /default-rack, certSerialId: null, persistedOpState: IN_SERVICE, persistedOpStateExpiryEpochSec: 0}, ReplicationConfig: RATIS/ONE, State:ALLOCATED, leaderId:, CreationTimestamp2022-02-08T14:30:22.183Z[Etc/UTC]].
2022-02-08 14:30:22,272 [19a54928-8125-4c35-a03e-a210dfc90c30@group-FC99C0F819FC-StateMachineUpdater] INFO  safemode.HealthyPipelineSafeModeRule (HealthyPipelineSafeModeRule.java:initializeRule(152)) - Refreshed total pipeline count is 0, healthy pipeline threshold count is 1
2022-02-08 14:30:22,273 [19a54928-8125-4c35-a03e-a210dfc90c30@group-FC99C0F819FC-StateMachineUpdater] INFO  ha.SCMStateMachine (SCMStateMachine.java:takeSnapshot(297)) - Current Snapshot Index 7, takeSnapshot took 0 ms
2022-02-08 14:30:22,273 [19a54928-8125-4c35-a03e-a210dfc90c30@group-FC99C0F819FC-StateMachineUpdater] INFO  impl.StateMachineUpdater (StateMachineUpdater.java:takeSnapshot(281)) - 19a54928-8125-4c35-a03e-a210dfc90c30@group-FC99C0F819FC-StateMachineUpdater: Took a snapshot at index 7
2022-02-08 14:30:22,273 [19a54928-8125-4c35-a03e-a210dfc90c30@group-FC99C0F819FC-StateMachineUpdater] INFO  impl.StateMachineUpdater (StateMachineUpdater.java:lambda$new$0(89)) - 19a54928-8125-4c35-a03e-a210dfc90c30@group-FC99C0F819FC-StateMachineUpdater: snapshotIndex: updateIncreasingly 2 -> 7
2022-02-08 14:30:22,273 [19a54928-8125-4c35-a03e-a210dfc90c30@group-FC99C0F819FC-StateMachineUpdater] INFO  raftlog.RaftLog (RaftLogBase.java:purge(306)) - 19a54928-8125-4c35-a03e-a210dfc90c30@group-FC99C0F819FC-SegmentedRaftLog: purge 7
2022-02-08 14:30:22,273 [19a54928-8125-4c35-a03e-a210dfc90c30@group-FC99C0F819FC-StateMachineUpdater] INFO  raftlog.RaftLog (RaftLogBase.java:lambda$new$0(53)) - 19a54928-8125-4c35-a03e-a210dfc90c30@group-FC99C0F819FC-SegmentedRaftLog: snapshotIndex: updateIncreasingly 2 -> 7
2022-02-08 14:30:22,273 [19a54928-8125-4c35-a03e-a210dfc90c30@group-FC99C0F819FC-StateMachineUpdater] INFO  raftlog.RaftLog (RaftLogBase.java:lambda$new$0(53)) - 19a54928-8125-4c35-a03e-a210dfc90c30@group-FC99C0F819FC-SegmentedRaftLog: purgeIndex: updateToMax old=-1, new=7, updated? true
2022-02-08 14:30:22,570 [EndpointStateMachine task thread for /127.0.0.1:32969 - 0 ] INFO  ipc.Client (Client.java:handleConnectionFailure(977)) - Retrying connect to server: localhost/127.0.0.1:32969. Already tried 14 time(s); retry policy is RetryUpToMaximumCountWithFixedSleep(maxRetries=15, sleepTime=1000 MILLISECONDS)
2022-02-08 14:30:22,570 [EndpointStateMachine task thread for /127.0.0.1:41397 - 0 ] INFO  ipc.Client (Client.java:handleConnectionFailure(977)) - Retrying connect to server: localhost/127.0.0.1:41397. Already tried 14 time(s); retry policy is RetryUpToMaximumCountWithFixedSleep(maxRetries=15, sleepTime=1000 MILLISECONDS)
2022-02-08 14:30:22,571 [EndpointStateMachine task thread for /127.0.0.1:40085 - 0 ] INFO  ipc.Client (Client.java:handleConnectionFailure(977)) - Retrying connect to server: localhost/127.0.0.1:40085. Already tried 14 time(s); retry policy is RetryUpToMaximumCountWithFixedSleep(maxRetries=15, sleepTime=1000 MILLISECONDS)
2022-02-08 14:30:22,571 [IPC Server handler 2 on default port 45997] INFO  net.NetworkTopologyImpl (NetworkTopologyImpl.java:add(112)) - Added a new node: /default-rack/4a6a0aaf-aa28-4f33-a09c-5a4e665a2556
2022-02-08 14:30:22,571 [IPC Server handler 2 on default port 45997] INFO  node.SCMNodeManager (SCMNodeManager.java:register(389)) - Registered Data node : 4a6a0aaf-aa28-4f33-a09c-5a4e665a2556{ip: 127.0.0.1, host: localhost, ports: [REPLICATION=40395, RATIS=39435, RATIS_ADMIN=39435, RATIS_SERVER=39435, STANDALONE=35809], networkLocation: /default-rack, certSerialId: null, persistedOpState: null, persistedOpStateExpiryEpochSec: 0}
2022-02-08 14:30:22,571 [EventQueue-NewNodeForNewNodeHandler] INFO  pipeline.BackgroundPipelineCreator (BackgroundPipelineCreator.java:notifyEventTriggered(279)) - ignore, not leader SCM.
2022-02-08 14:30:22,572 [IPC Server handler 2 on default port 40885] INFO  net.NetworkTopologyImpl (NetworkTopologyImpl.java:add(112)) - Added a new node: /default-rack/4a6a0aaf-aa28-4f33-a09c-5a4e665a2556
2022-02-08 14:30:22,572 [IPC Server handler 2 on default port 40885] INFO  node.SCMNodeManager (SCMNodeManager.java:register(389)) - Registered Data node : 4a6a0aaf-aa28-4f33-a09c-5a4e665a2556{ip: 127.0.0.1, host: localhost, ports: [REPLICATION=40395, RATIS=39435, RATIS_ADMIN=39435, RATIS_SERVER=39435, STANDALONE=35809], networkLocation: /default-rack, certSerialId: null, persistedOpState: null, persistedOpStateExpiryEpochSec: 0}
2022-02-08 14:30:22,577 [EventQueue-NodeRegistrationContainerReportForDataNodeSafeModeRule] INFO  safemode.SCMSafeModeManager (DataNodeSafeModeRule.java:process(71)) - SCM in safe mode. 2 DataNodes registered, 3 required.
2022-02-08 14:30:22,584 [EventQueue-NewNodeForNewNodeHandler] INFO  pipeline.BackgroundPipelineCreator (BackgroundPipelineCreator.java:notifyEventTriggered(285)) - trigger a one-shot run on RatisPipelineUtilsThread.
2022-02-08 14:30:22,602 [RatisPipelineUtilsThread - 0] INFO  pipeline.RatisPipelineProvider (RatisPipelineProvider.java:lambda$create$0(183)) - Sending CreatePipelineCommand for pipeline:PipelineID=30a150e0-a866-4a23-8623-1a28616d5bab to datanode:4a6a0aaf-aa28-4f33-a09c-5a4e665a2556
2022-02-08 14:30:22,603 [EventQueue-NodeRegistrationContainerReportForDataNodeSafeModeRule] INFO  safemode.SCMSafeModeManager (DataNodeSafeModeRule.java:process(71)) - SCM in safe mode. 2 DataNodes registered, 3 required.
2022-02-08 14:30:22,616 [7a675d49-8bf4-44ad-b841-6def84288824@group-FC99C0F819FC-StateMachineUpdater] INFO  pipeline.PipelineStateManagerImpl (PipelineStateManagerImpl.java:addPipeline(101)) - Created pipeline Pipeline[ Id: 30a150e0-a866-4a23-8623-1a28616d5bab, Nodes: 4a6a0aaf-aa28-4f33-a09c-5a4e665a2556{ip: 127.0.0.1, host: localhost, ports: [REPLICATION=40395, RATIS=39435, RATIS_ADMIN=39435, RATIS_SERVER=39435, STANDALONE=35809], networkLocation: /default-rack, certSerialId: null, persistedOpState: IN_SERVICE, persistedOpStateExpiryEpochSec: 0}, ReplicationConfig: RATIS/ONE, State:ALLOCATED, leaderId:, CreationTimestamp2022-02-08T14:30:22.602Z[Etc/UTC]].
2022-02-08 14:30:22,616 [7a675d49-8bf4-44ad-b841-6def84288824@group-FC99C0F819FC-StateMachineUpdater] INFO  safemode.HealthyPipelineSafeModeRule (HealthyPipelineSafeModeRule.java:initializeRule(152)) - Refreshed total pipeline count is 0, healthy pipeline threshold count is 1
2022-02-08 14:30:22,618 [7a675d49-8bf4-44ad-b841-6def84288824@group-FC99C0F819FC-StateMachineUpdater] INFO  ha.SCMStateMachine (SCMStateMachine.java:takeSnapshot(297)) - Current Snapshot Index 9, takeSnapshot took 1 ms
2022-02-08 14:30:22,618 [7a675d49-8bf4-44ad-b841-6def84288824@group-FC99C0F819FC-StateMachineUpdater] INFO  impl.StateMachineUpdater (StateMachineUpdater.java:takeSnapshot(281)) - 7a675d49-8bf4-44ad-b841-6def84288824@group-FC99C0F819FC-StateMachineUpdater: Took a snapshot at index 9
2022-02-08 14:30:22,618 [7a675d49-8bf4-44ad-b841-6def84288824@group-FC99C0F819FC-StateMachineUpdater] INFO  impl.StateMachineUpdater (StateMachineUpdater.java:lambda$new$0(89)) - 7a675d49-8bf4-44ad-b841-6def84288824@group-FC99C0F819FC-StateMachineUpdater: snapshotIndex: updateIncreasingly 4 -> 9
2022-02-08 14:30:22,618 [7a675d49-8bf4-44ad-b841-6def84288824@group-FC99C0F819FC-StateMachineUpdater] INFO  raftlog.RaftLog (RaftLogBase.java:purge(306)) - 7a675d49-8bf4-44ad-b841-6def84288824@group-FC99C0F819FC-SegmentedRaftLog: purge 9
2022-02-08 14:30:22,618 [7a675d49-8bf4-44ad-b841-6def84288824@group-FC99C0F819FC-StateMachineUpdater] INFO  raftlog.RaftLog (RaftLogBase.java:lambda$new$0(53)) - 7a675d49-8bf4-44ad-b841-6def84288824@group-FC99C0F819FC-SegmentedRaftLog: snapshotIndex: updateIncreasingly 4 -> 9
2022-02-08 14:30:22,618 [7a675d49-8bf4-44ad-b841-6def84288824@group-FC99C0F819FC-StateMachineUpdater] INFO  raftlog.RaftLog (RaftLogBase.java:lambda$new$0(53)) - 7a675d49-8bf4-44ad-b841-6def84288824@group-FC99C0F819FC-SegmentedRaftLog: purgeIndex: updateToMax old=0, new=9, updated? true
2022-02-08 14:30:22,629 [19a54928-8125-4c35-a03e-a210dfc90c30@group-FC99C0F819FC-StateMachineUpdater] INFO  pipeline.PipelineStateManagerImpl (PipelineStateManagerImpl.java:addPipeline(101)) - Created pipeline Pipeline[ Id: 30a150e0-a866-4a23-8623-1a28616d5bab, Nodes: 4a6a0aaf-aa28-4f33-a09c-5a4e665a2556{ip: 127.0.0.1, host: localhost, ports: [REPLICATION=40395, RATIS=39435, RATIS_ADMIN=39435, RATIS_SERVER=39435, STANDALONE=35809], networkLocation: /default-rack, certSerialId: null, persistedOpState: IN_SERVICE, persistedOpStateExpiryEpochSec: 0}, ReplicationConfig: RATIS/ONE, State:ALLOCATED, leaderId:, CreationTimestamp2022-02-08T14:30:22.602Z[Etc/UTC]].
2022-02-08 14:30:22,629 [19a54928-8125-4c35-a03e-a210dfc90c30@group-FC99C0F819FC-StateMachineUpdater] INFO  safemode.HealthyPipelineSafeModeRule (HealthyPipelineSafeModeRule.java:initializeRule(152)) - Refreshed total pipeline count is 0, healthy pipeline threshold count is 1
2022-02-08 14:30:22,938 [Listener at 127.0.0.1/38815] INFO  ozone.MiniOzoneClusterImpl (MiniOzoneClusterImpl.java:lambda$waitForClusterToBeReady$0(219)) - Waiting for nodes to be ready. Got 2 of 3 DN Heartbeats.
2022-02-08 14:30:22,938 [Listener at 127.0.0.1/38815] INFO  ozone.MiniOzoneClusterImpl (MiniOzoneClusterImpl.java:lambda$waitForClusterToBeReady$0(222)) - Waiting for cluster to exit safe mode
2022-02-08 14:30:22,938 [Listener at 127.0.0.1/38815] INFO  ozone.MiniOzoneClusterImpl (MiniOzoneClusterImpl.java:lambda$waitForClusterToBeReady$0(224)) - SCM became leader
2022-02-08 14:30:22,994 [IPC Server handler 3 on default port 40885] INFO  net.NetworkTopologyImpl (NetworkTopologyImpl.java:add(112)) - Added a new node: /default-rack/9c433d8a-234d-492f-a374-35df91077eee
2022-02-08 14:30:22,994 [IPC Server handler 3 on default port 40885] INFO  node.SCMNodeManager (SCMNodeManager.java:register(389)) - Registered Data node : 9c433d8a-234d-492f-a374-35df91077eee{ip: 127.0.0.1, host: localhost, ports: [REPLICATION=41719, RATIS=41109, RATIS_ADMIN=41109, RATIS_SERVER=41109, STANDALONE=38329], networkLocation: /default-rack, certSerialId: null, persistedOpState: null, persistedOpStateExpiryEpochSec: 0}
2022-02-08 14:30:22,994 [EventQueue-NewNodeForNewNodeHandler] INFO  pipeline.BackgroundPipelineCreator (BackgroundPipelineCreator.java:notifyEventTriggered(285)) - trigger a one-shot run on RatisPipelineUtilsThread.
2022-02-08 14:30:22,995 [IPC Server handler 0 on default port 45997] INFO  net.NetworkTopologyImpl (NetworkTopologyImpl.java:add(112)) - Added a new node: /default-rack/9c433d8a-234d-492f-a374-35df91077eee
2022-02-08 14:30:22,995 [IPC Server handler 0 on default port 45997] INFO  node.SCMNodeManager (SCMNodeManager.java:register(389)) - Registered Data node : 9c433d8a-234d-492f-a374-35df91077eee{ip: 127.0.0.1, host: localhost, ports: [REPLICATION=41719, RATIS=41109, RATIS_ADMIN=41109, RATIS_SERVER=41109, STANDALONE=38329], networkLocation: /default-rack, certSerialId: null, persistedOpState: null, persistedOpStateExpiryEpochSec: 0}
2022-02-08 14:30:22,995 [EventQueue-NewNodeForNewNodeHandler] INFO  pipeline.BackgroundPipelineCreator (BackgroundPipelineCreator.java:notifyEventTriggered(279)) - ignore, not leader SCM.
2022-02-08 14:30:22,995 [RatisPipelineUtilsThread - 0] INFO  pipeline.RatisPipelineProvider (RatisPipelineProvider.java:lambda$create$0(183)) - Sending CreatePipelineCommand for pipeline:PipelineID=e5c7d492-f82f-4aea-a02b-e84b4efc87a5 to datanode:9c433d8a-234d-492f-a374-35df91077eee
2022-02-08 14:30:23,005 [EventQueue-NodeRegistrationContainerReportForDataNodeSafeModeRule] INFO  safemode.SCMSafeModeManager (DataNodeSafeModeRule.java:process(71)) - SCM in safe mode. 3 DataNodes registered, 3 required.
2022-02-08 14:30:23,005 [EventQueue-NodeRegistrationContainerReportForDataNodeSafeModeRule] INFO  safemode.SCMSafeModeManager (SCMSafeModeManager.java:validateSafeModeExitRules(204)) - DataNodeSafeModeRule rule is successfully validated
2022-02-08 14:30:23,005 [EventQueue-NodeRegistrationContainerReportForDataNodeSafeModeRule] INFO  safemode.SCMSafeModeManager (SCMSafeModeManager.java:completePreCheck(233)) - All SCM safe mode pre check rules have passed
2022-02-08 14:30:23,005 [EventQueue-NodeRegistrationContainerReportForDataNodeSafeModeRule] WARN  events.EventQueue (EventQueue.java:fireEvent(194)) - No event handler registered for event TypedEvent{payloadType=SafeModeStatus, name='Safe mode status'}
2022-02-08 14:30:23,005 [EventQueue-NodeRegistrationContainerReportForDataNodeSafeModeRule] INFO  ha.SCMContext (SCMContext.java:updateSafeModeStatus(211)) - Update SafeModeStatus from SafeModeStatus{safeModeStatus=true, preCheckPassed=false} to SafeModeStatus{safeModeStatus=true, preCheckPassed=true}.
2022-02-08 14:30:23,005 [EventQueue-NodeRegistrationContainerReportForDataNodeSafeModeRule] INFO  pipeline.BackgroundPipelineCreator (BackgroundPipelineCreator.java:notifyEventTriggered(285)) - trigger a one-shot run on RatisPipelineUtilsThread.
2022-02-08 14:30:23,010 [7a675d49-8bf4-44ad-b841-6def84288824@group-FC99C0F819FC-StateMachineUpdater] INFO  pipeline.PipelineStateManagerImpl (PipelineStateManagerImpl.java:addPipeline(101)) - Created pipeline Pipeline[ Id: e5c7d492-f82f-4aea-a02b-e84b4efc87a5, Nodes: 9c433d8a-234d-492f-a374-35df91077eee{ip: 127.0.0.1, host: localhost, ports: [REPLICATION=41719, RATIS=41109, RATIS_ADMIN=41109, RATIS_SERVER=41109, STANDALONE=38329], networkLocation: /default-rack, certSerialId: null, persistedOpState: IN_SERVICE, persistedOpStateExpiryEpochSec: 0}, ReplicationConfig: RATIS/ONE, State:ALLOCATED, leaderId:, CreationTimestamp2022-02-08T14:30:22.995Z[Etc/UTC]].
2022-02-08 14:30:23,010 [7a675d49-8bf4-44ad-b841-6def84288824@group-FC99C0F819FC-StateMachineUpdater] INFO  safemode.HealthyPipelineSafeModeRule (HealthyPipelineSafeModeRule.java:initializeRule(152)) - Refreshed total pipeline count is 0, healthy pipeline threshold count is 1
2022-02-08 14:30:23,011 [RatisPipelineUtilsThread - 0] INFO  pipeline.RatisPipelineProvider (RatisPipelineProvider.java:lambda$create$0(183)) - Sending CreatePipelineCommand for pipeline:PipelineID=ae829453-1884-4fd5-8322-19d67eeb3372 to datanode:4a6a0aaf-aa28-4f33-a09c-5a4e665a2556
2022-02-08 14:30:23,013 [RatisPipelineUtilsThread - 0] INFO  pipeline.RatisPipelineProvider (RatisPipelineProvider.java:lambda$create$0(183)) - Sending CreatePipelineCommand for pipeline:PipelineID=ae829453-1884-4fd5-8322-19d67eeb3372 to datanode:44736ceb-ad1e-44d8-8a85-1de4ce4d0fde
2022-02-08 14:30:23,013 [RatisPipelineUtilsThread - 0] INFO  pipeline.RatisPipelineProvider (RatisPipelineProvider.java:lambda$create$0(183)) - Sending CreatePipelineCommand for pipeline:PipelineID=ae829453-1884-4fd5-8322-19d67eeb3372 to datanode:9c433d8a-234d-492f-a374-35df91077eee
2022-02-08 14:30:23,021 [EventQueue-NodeRegistrationContainerReportForDataNodeSafeModeRule] INFO  safemode.SCMSafeModeManager (DataNodeSafeModeRule.java:process(71)) - SCM in safe mode. 3 DataNodes registered, 3 required.
2022-02-08 14:30:23,021 [EventQueue-NodeRegistrationContainerReportForDataNodeSafeModeRule] INFO  safemode.SCMSafeModeManager (SCMSafeModeManager.java:validateSafeModeExitRules(204)) - DataNodeSafeModeRule rule is successfully validated
2022-02-08 14:30:23,021 [EventQueue-NodeRegistrationContainerReportForDataNodeSafeModeRule] INFO  safemode.SCMSafeModeManager (SCMSafeModeManager.java:completePreCheck(233)) - All SCM safe mode pre check rules have passed
2022-02-08 14:30:23,021 [EventQueue-NodeRegistrationContainerReportForDataNodeSafeModeRule] WARN  events.EventQueue (EventQueue.java:fireEvent(194)) - No event handler registered for event TypedEvent{payloadType=SafeModeStatus, name='Safe mode status'}
2022-02-08 14:30:23,021 [EventQueue-NodeRegistrationContainerReportForDataNodeSafeModeRule] INFO  ha.SCMContext (SCMContext.java:updateSafeModeStatus(211)) - Update SafeModeStatus from SafeModeStatus{safeModeStatus=true, preCheckPassed=false} to SafeModeStatus{safeModeStatus=true, preCheckPassed=true}.
2022-02-08 14:30:23,021 [EventQueue-NodeRegistrationContainerReportForDataNodeSafeModeRule] INFO  pipeline.BackgroundPipelineCreator (BackgroundPipelineCreator.java:notifyEventTriggered(279)) - ignore, not leader SCM.
2022-02-08 14:30:23,035 [19a54928-8125-4c35-a03e-a210dfc90c30@group-FC99C0F819FC-StateMachineUpdater] INFO  pipeline.PipelineStateManagerImpl (PipelineStateManagerImpl.java:addPipeline(101)) - Created pipeline Pipeline[ Id: e5c7d492-f82f-4aea-a02b-e84b4efc87a5, Nodes: 9c433d8a-234d-492f-a374-35df91077eee{ip: 127.0.0.1, host: localhost, ports: [REPLICATION=41719, RATIS=41109, RATIS_ADMIN=41109, RATIS_SERVER=41109, STANDALONE=38329], networkLocation: /default-rack, certSerialId: null, persistedOpState: IN_SERVICE, persistedOpStateExpiryEpochSec: 0}, ReplicationConfig: RATIS/ONE, State:ALLOCATED, leaderId:, CreationTimestamp2022-02-08T14:30:22.995Z[Etc/UTC]].
2022-02-08 14:30:23,035 [19a54928-8125-4c35-a03e-a210dfc90c30@group-FC99C0F819FC-StateMachineUpdater] INFO  safemode.HealthyPipelineSafeModeRule (HealthyPipelineSafeModeRule.java:initializeRule(152)) - Refreshed total pipeline count is 0, healthy pipeline threshold count is 1
2022-02-08 14:30:23,041 [7a675d49-8bf4-44ad-b841-6def84288824@group-FC99C0F819FC-StateMachineUpdater] INFO  pipeline.PipelineStateManagerImpl (PipelineStateManagerImpl.java:addPipeline(101)) - Created pipeline Pipeline[ Id: ae829453-1884-4fd5-8322-19d67eeb3372, Nodes: 4a6a0aaf-aa28-4f33-a09c-5a4e665a2556{ip: 127.0.0.1, host: localhost, ports: [REPLICATION=40395, RATIS=39435, RATIS_ADMIN=39435, RATIS_SERVER=39435, STANDALONE=35809], networkLocation: /default-rack, certSerialId: null, persistedOpState: IN_SERVICE, persistedOpStateExpiryEpochSec: 0}44736ceb-ad1e-44d8-8a85-1de4ce4d0fde{ip: 127.0.0.1, host: localhost, ports: [REPLICATION=43635, RATIS=34931, RATIS_ADMIN=34931, RATIS_SERVER=34931, STANDALONE=32863], networkLocation: /default-rack, certSerialId: null, persistedOpState: IN_SERVICE, persistedOpStateExpiryEpochSec: 0}9c433d8a-234d-492f-a374-35df91077eee{ip: 127.0.0.1, host: localhost, ports: [REPLICATION=41719, RATIS=41109, RATIS_ADMIN=41109, RATIS_SERVER=41109, STANDALONE=38329], networkLocation: /default-rack, certSerialId: null, persistedOpState: IN_SERVICE, persistedOpStateExpiryEpochSec: 0}, ReplicationConfig: RATIS/THREE, State:ALLOCATED, leaderId:, CreationTimestamp2022-02-08T14:30:23.011Z[Etc/UTC]].
2022-02-08 14:30:23,041 [7a675d49-8bf4-44ad-b841-6def84288824@group-FC99C0F819FC-StateMachineUpdater] INFO  safemode.HealthyPipelineSafeModeRule (HealthyPipelineSafeModeRule.java:initializeRule(152)) - Refreshed total pipeline count is 0, healthy pipeline threshold count is 1
2022-02-08 14:30:23,041 [RatisPipelineUtilsThread - 0] INFO  pipeline.RatisPipelineProvider (RatisPipelineProvider.java:lambda$create$0(183)) - Sending CreatePipelineCommand for pipeline:PipelineID=504b4b76-6570-4a93-bdf0-bfb3f072e4ad to datanode:4a6a0aaf-aa28-4f33-a09c-5a4e665a2556
2022-02-08 14:30:23,041 [RatisPipelineUtilsThread - 0] INFO  pipeline.RatisPipelineProvider (RatisPipelineProvider.java:lambda$create$0(183)) - Sending CreatePipelineCommand for pipeline:PipelineID=504b4b76-6570-4a93-bdf0-bfb3f072e4ad to datanode:9c433d8a-234d-492f-a374-35df91077eee
2022-02-08 14:30:23,042 [RatisPipelineUtilsThread - 0] INFO  pipeline.RatisPipelineProvider (RatisPipelineProvider.java:lambda$create$0(183)) - Sending CreatePipelineCommand for pipeline:PipelineID=504b4b76-6570-4a93-bdf0-bfb3f072e4ad to datanode:44736ceb-ad1e-44d8-8a85-1de4ce4d0fde
2022-02-08 14:30:23,056 [19a54928-8125-4c35-a03e-a210dfc90c30@group-FC99C0F819FC-StateMachineUpdater] INFO  pipeline.PipelineStateManagerImpl (PipelineStateManagerImpl.java:addPipeline(101)) - Created pipeline Pipeline[ Id: ae829453-1884-4fd5-8322-19d67eeb3372, Nodes: 4a6a0aaf-aa28-4f33-a09c-5a4e665a2556{ip: 127.0.0.1, host: localhost, ports: [REPLICATION=40395, RATIS=39435, RATIS_ADMIN=39435, RATIS_SERVER=39435, STANDALONE=35809], networkLocation: /default-rack, certSerialId: null, persistedOpState: IN_SERVICE, persistedOpStateExpiryEpochSec: 0}44736ceb-ad1e-44d8-8a85-1de4ce4d0fde{ip: 127.0.0.1, host: localhost, ports: [REPLICATION=43635, RATIS=34931, RATIS_ADMIN=34931, RATIS_SERVER=34931, STANDALONE=32863], networkLocation: /default-rack, certSerialId: null, persistedOpState: IN_SERVICE, persistedOpStateExpiryEpochSec: 0}9c433d8a-234d-492f-a374-35df91077eee{ip: 127.0.0.1, host: localhost, ports: [REPLICATION=41719, RATIS=41109, RATIS_ADMIN=41109, RATIS_SERVER=41109, STANDALONE=38329], networkLocation: /default-rack, certSerialId: null, persistedOpState: IN_SERVICE, persistedOpStateExpiryEpochSec: 0}, ReplicationConfig: RATIS/THREE, State:ALLOCATED, leaderId:, CreationTimestamp2022-02-08T14:30:23.011Z[Etc/UTC]].
2022-02-08 14:30:23,056 [19a54928-8125-4c35-a03e-a210dfc90c30@group-FC99C0F819FC-StateMachineUpdater] INFO  safemode.HealthyPipelineSafeModeRule (HealthyPipelineSafeModeRule.java:initializeRule(152)) - Refreshed total pipeline count is 0, healthy pipeline threshold count is 1
2022-02-08 14:30:23,057 [19a54928-8125-4c35-a03e-a210dfc90c30@group-FC99C0F819FC-StateMachineUpdater] INFO  ha.SCMStateMachine (SCMStateMachine.java:takeSnapshot(297)) - Current Snapshot Index 13, takeSnapshot took 1 ms
2022-02-08 14:30:23,057 [19a54928-8125-4c35-a03e-a210dfc90c30@group-FC99C0F819FC-StateMachineUpdater] INFO  impl.StateMachineUpdater (StateMachineUpdater.java:takeSnapshot(281)) - 19a54928-8125-4c35-a03e-a210dfc90c30@group-FC99C0F819FC-StateMachineUpdater: Took a snapshot at index 13
2022-02-08 14:30:23,057 [19a54928-8125-4c35-a03e-a210dfc90c30@group-FC99C0F819FC-StateMachineUpdater] INFO  impl.StateMachineUpdater (StateMachineUpdater.java:lambda$new$0(89)) - 19a54928-8125-4c35-a03e-a210dfc90c30@group-FC99C0F819FC-StateMachineUpdater: snapshotIndex: updateIncreasingly 7 -> 13
2022-02-08 14:30:23,057 [19a54928-8125-4c35-a03e-a210dfc90c30@group-FC99C0F819FC-StateMachineUpdater] INFO  raftlog.RaftLog (RaftLogBase.java:purge(306)) - 19a54928-8125-4c35-a03e-a210dfc90c30@group-FC99C0F819FC-SegmentedRaftLog: purge 13
2022-02-08 14:30:23,057 [19a54928-8125-4c35-a03e-a210dfc90c30@group-FC99C0F819FC-StateMachineUpdater] INFO  raftlog.RaftLog (RaftLogBase.java:lambda$new$0(53)) - 19a54928-8125-4c35-a03e-a210dfc90c30@group-FC99C0F819FC-SegmentedRaftLog: snapshotIndex: updateIncreasingly 7 -> 13
2022-02-08 14:30:23,057 [19a54928-8125-4c35-a03e-a210dfc90c30@group-FC99C0F819FC-StateMachineUpdater] INFO  raftlog.RaftLog (RaftLogBase.java:lambda$new$0(53)) - 19a54928-8125-4c35-a03e-a210dfc90c30@group-FC99C0F819FC-SegmentedRaftLog: purgeIndex: updateToMax old=7, new=13, updated? true
2022-02-08 14:30:23,057 [7a675d49-8bf4-44ad-b841-6def84288824@group-FC99C0F819FC-StateMachineUpdater] INFO  ha.SCMStateMachine (SCMStateMachine.java:takeSnapshot(297)) - Current Snapshot Index 14, takeSnapshot took 0 ms
2022-02-08 14:30:23,057 [7a675d49-8bf4-44ad-b841-6def84288824@group-FC99C0F819FC-StateMachineUpdater] INFO  impl.StateMachineUpdater (StateMachineUpdater.java:takeSnapshot(281)) - 7a675d49-8bf4-44ad-b841-6def84288824@group-FC99C0F819FC-StateMachineUpdater: Took a snapshot at index 14
2022-02-08 14:30:23,057 [7a675d49-8bf4-44ad-b841-6def84288824@group-FC99C0F819FC-StateMachineUpdater] INFO  impl.StateMachineUpdater (StateMachineUpdater.java:lambda$new$0(89)) - 7a675d49-8bf4-44ad-b841-6def84288824@group-FC99C0F819FC-StateMachineUpdater: snapshotIndex: updateIncreasingly 9 -> 14
2022-02-08 14:30:23,057 [7a675d49-8bf4-44ad-b841-6def84288824@group-FC99C0F819FC-StateMachineUpdater] INFO  raftlog.RaftLog (RaftLogBase.java:purge(306)) - 7a675d49-8bf4-44ad-b841-6def84288824@group-FC99C0F819FC-SegmentedRaftLog: purge 14
2022-02-08 14:30:23,057 [7a675d49-8bf4-44ad-b841-6def84288824@group-FC99C0F819FC-StateMachineUpdater] INFO  raftlog.RaftLog (RaftLogBase.java:lambda$new$0(53)) - 7a675d49-8bf4-44ad-b841-6def84288824@group-FC99C0F819FC-SegmentedRaftLog: snapshotIndex: updateIncreasingly 9 -> 14
2022-02-08 14:30:23,057 [7a675d49-8bf4-44ad-b841-6def84288824@group-FC99C0F819FC-StateMachineUpdater] INFO  raftlog.RaftLog (RaftLogBase.java:lambda$new$0(53)) - 7a675d49-8bf4-44ad-b841-6def84288824@group-FC99C0F819FC-SegmentedRaftLog: purgeIndex: updateToMax old=9, new=14, updated? true
2022-02-08 14:30:23,065 [7a675d49-8bf4-44ad-b841-6def84288824@group-FC99C0F819FC-StateMachineUpdater] INFO  pipeline.PipelineStateManagerImpl (PipelineStateManagerImpl.java:addPipeline(101)) - Created pipeline Pipeline[ Id: 504b4b76-6570-4a93-bdf0-bfb3f072e4ad, Nodes: 4a6a0aaf-aa28-4f33-a09c-5a4e665a2556{ip: 127.0.0.1, host: localhost, ports: [REPLICATION=40395, RATIS=39435, RATIS_ADMIN=39435, RATIS_SERVER=39435, STANDALONE=35809], networkLocation: /default-rack, certSerialId: null, persistedOpState: IN_SERVICE, persistedOpStateExpiryEpochSec: 0}9c433d8a-234d-492f-a374-35df91077eee{ip: 127.0.0.1, host: localhost, ports: [REPLICATION=41719, RATIS=41109, RATIS_ADMIN=41109, RATIS_SERVER=41109, STANDALONE=38329], networkLocation: /default-rack, certSerialId: null, persistedOpState: IN_SERVICE, persistedOpStateExpiryEpochSec: 0}44736ceb-ad1e-44d8-8a85-1de4ce4d0fde{ip: 127.0.0.1, host: localhost, ports: [REPLICATION=43635, RATIS=34931, RATIS_ADMIN=34931, RATIS_SERVER=34931, STANDALONE=32863], networkLocation: /default-rack, certSerialId: null, persistedOpState: IN_SERVICE, persistedOpStateExpiryEpochSec: 0}, ReplicationConfig: RATIS/THREE, State:ALLOCATED, leaderId:, CreationTimestamp2022-02-08T14:30:23.041Z[Etc/UTC]].
2022-02-08 14:30:23,066 [7a675d49-8bf4-44ad-b841-6def84288824@group-FC99C0F819FC-StateMachineUpdater] INFO  safemode.HealthyPipelineSafeModeRule (HealthyPipelineSafeModeRule.java:initializeRule(152)) - Refreshed total pipeline count is 0, healthy pipeline threshold count is 1
2022-02-08 14:30:23,066 [RatisPipelineUtilsThread - 0] INFO  pipeline.PipelineManagerImpl (PipelineManagerImpl.java:recordMetricsForPipeline(639)) - Pipeline: PipelineID=504b4b76-6570-4a93-bdf0-bfb3f072e4ad contains same datanodes as previous pipelines: PipelineID=ae829453-1884-4fd5-8322-19d67eeb3372 nodeIds: 4a6a0aaf-aa28-4f33-a09c-5a4e665a2556, 9c433d8a-234d-492f-a374-35df91077eee, 44736ceb-ad1e-44d8-8a85-1de4ce4d0fde
2022-02-08 14:30:23,072 [19a54928-8125-4c35-a03e-a210dfc90c30@group-FC99C0F819FC-StateMachineUpdater] INFO  pipeline.PipelineStateManagerImpl (PipelineStateManagerImpl.java:addPipeline(101)) - Created pipeline Pipeline[ Id: 504b4b76-6570-4a93-bdf0-bfb3f072e4ad, Nodes: 4a6a0aaf-aa28-4f33-a09c-5a4e665a2556{ip: 127.0.0.1, host: localhost, ports: [REPLICATION=40395, RATIS=39435, RATIS_ADMIN=39435, RATIS_SERVER=39435, STANDALONE=35809], networkLocation: /default-rack, certSerialId: null, persistedOpState: IN_SERVICE, persistedOpStateExpiryEpochSec: 0}9c433d8a-234d-492f-a374-35df91077eee{ip: 127.0.0.1, host: localhost, ports: [REPLICATION=41719, RATIS=41109, RATIS_ADMIN=41109, RATIS_SERVER=41109, STANDALONE=38329], networkLocation: /default-rack, certSerialId: null, persistedOpState: IN_SERVICE, persistedOpStateExpiryEpochSec: 0}44736ceb-ad1e-44d8-8a85-1de4ce4d0fde{ip: 127.0.0.1, host: localhost, ports: [REPLICATION=43635, RATIS=34931, RATIS_ADMIN=34931, RATIS_SERVER=34931, STANDALONE=32863], networkLocation: /default-rack, certSerialId: null, persistedOpState: IN_SERVICE, persistedOpStateExpiryEpochSec: 0}, ReplicationConfig: RATIS/THREE, State:ALLOCATED, leaderId:, CreationTimestamp2022-02-08T14:30:23.041Z[Etc/UTC]].
2022-02-08 14:30:23,072 [19a54928-8125-4c35-a03e-a210dfc90c30@group-FC99C0F819FC-StateMachineUpdater] INFO  safemode.HealthyPipelineSafeModeRule (HealthyPipelineSafeModeRule.java:initializeRule(152)) - Refreshed total pipeline count is 0, healthy pipeline threshold count is 1
2022-02-08 14:30:23,571 [EndpointStateMachine task thread for /127.0.0.1:32969 - 0 ] INFO  ipc.Client (Client.java:handleConnectionFailure(977)) - Retrying connect to server: localhost/127.0.0.1:32969. Already tried 0 time(s); retry policy is RetryUpToMaximumCountWithFixedSleep(maxRetries=15, sleepTime=1000 MILLISECONDS)
2022-02-08 14:30:23,571 [EndpointStateMachine task thread for /127.0.0.1:41397 - 0 ] INFO  ipc.Client (Client.java:handleConnectionFailure(977)) - Retrying connect to server: localhost/127.0.0.1:41397. Already tried 0 time(s); retry policy is RetryUpToMaximumCountWithFixedSleep(maxRetries=15, sleepTime=1000 MILLISECONDS)
2022-02-08 14:30:23,578 [EndpointStateMachine task thread for /127.0.0.1:40085 - 0 ] INFO  ipc.Client (Client.java:handleConnectionFailure(977)) - Retrying connect to server: localhost/127.0.0.1:40085. Already tried 0 time(s); retry policy is RetryUpToMaximumCountWithFixedSleep(maxRetries=15, sleepTime=1000 MILLISECONDS)
2022-02-08 14:30:23,938 [Listener at 127.0.0.1/38815] INFO  ozone.MiniOzoneClusterImpl (MiniOzoneClusterImpl.java:lambda$waitForClusterToBeReady$0(219)) - Nodes are ready. Got 3 of 3 DN Heartbeats.
2022-02-08 14:30:23,938 [Listener at 127.0.0.1/38815] INFO  ozone.MiniOzoneClusterImpl (MiniOzoneClusterImpl.java:lambda$waitForClusterToBeReady$0(222)) - Waiting for cluster to exit safe mode
2022-02-08 14:30:23,938 [Listener at 127.0.0.1/38815] INFO  ozone.MiniOzoneClusterImpl (MiniOzoneClusterImpl.java:lambda$waitForClusterToBeReady$0(224)) - SCM became leader
2022-02-08 14:30:24,175 [Datanode State Machine Daemon Thread] ERROR datanode.RunningDatanodeState (RunningDatanodeState.java:computeNextContainerState(199)) - Error in executing end point task.
java.util.concurrent.ExecutionException: java.util.concurrent.TimeoutException
	at java.util.concurrent.FutureTask.report(FutureTask.java:122)
	at java.util.concurrent.FutureTask.get(FutureTask.java:192)
	at org.apache.hadoop.ozone.container.common.states.datanode.RunningDatanodeState.computeNextContainerState(RunningDatanodeState.java:191)
	at org.apache.hadoop.ozone.container.common.states.datanode.RunningDatanodeState.await(RunningDatanodeState.java:231)
	at org.apache.hadoop.ozone.container.common.states.datanode.RunningDatanodeState.await(RunningDatanodeState.java:50)
	at org.apache.hadoop.ozone.container.common.statemachine.StateContext.execute(StateContext.java:633)
	at org.apache.hadoop.ozone.container.common.statemachine.DatanodeStateMachine.start(DatanodeStateMachine.java:283)
	at org.apache.hadoop.ozone.container.common.statemachine.DatanodeStateMachine.lambda$startDaemon$0(DatanodeStateMachine.java:471)
	at java.lang.Thread.run(Thread.java:748)
Caused by: java.util.concurrent.TimeoutException
	at java.util.concurrent.FutureTask.get(FutureTask.java:205)
	at org.apache.hadoop.ozone.container.common.states.datanode.RunningDatanodeState.lambda$execute$0(RunningDatanodeState.java:149)
	at java.util.concurrent.FutureTask.run(FutureTask.java:266)
	at java.util.concurrent.Executors$RunnableAdapter.call(Executors.java:511)
	at java.util.concurrent.FutureTask.run(FutureTask.java:266)
	at java.util.concurrent.ThreadPoolExecutor.runWorker(ThreadPoolExecutor.java:1149)
	at java.util.concurrent.ThreadPoolExecutor$Worker.run(ThreadPoolExecutor.java:624)
	... 1 more
2022-02-08 14:30:24,571 [EndpointStateMachine task thread for /127.0.0.1:32969 - 0 ] INFO  ipc.Client (Client.java:handleConnectionFailure(977)) - Retrying connect to server: localhost/127.0.0.1:32969. Already tried 1 time(s); retry policy is RetryUpToMaximumCountWithFixedSleep(maxRetries=15, sleepTime=1000 MILLISECONDS)
2022-02-08 14:30:24,572 [EndpointStateMachine task thread for /127.0.0.1:41397 - 0 ] INFO  ipc.Client (Client.java:handleConnectionFailure(977)) - Retrying connect to server: localhost/127.0.0.1:41397. Already tried 1 time(s); retry policy is RetryUpToMaximumCountWithFixedSleep(maxRetries=15, sleepTime=1000 MILLISECONDS)
2022-02-08 14:30:24,582 [EndpointStateMachine task thread for /127.0.0.1:40085 - 0 ] INFO  ipc.Client (Client.java:handleConnectionFailure(977)) - Retrying connect to server: localhost/127.0.0.1:40085. Already tried 1 time(s); retry policy is RetryUpToMaximumCountWithFixedSleep(maxRetries=15, sleepTime=1000 MILLISECONDS)
2022-02-08 14:30:24,939 [Listener at 127.0.0.1/38815] INFO  ozone.MiniOzoneClusterImpl (MiniOzoneClusterImpl.java:lambda$waitForClusterToBeReady$0(219)) - Nodes are ready. Got 3 of 3 DN Heartbeats.
2022-02-08 14:30:24,939 [Listener at 127.0.0.1/38815] INFO  ozone.MiniOzoneClusterImpl (MiniOzoneClusterImpl.java:lambda$waitForClusterToBeReady$0(222)) - Waiting for cluster to exit safe mode
2022-02-08 14:30:24,939 [Listener at 127.0.0.1/38815] INFO  ozone.MiniOzoneClusterImpl (MiniOzoneClusterImpl.java:lambda$waitForClusterToBeReady$0(224)) - SCM became leader
2022-02-08 14:30:25,175 [Command processor thread] INFO  server.RaftServer (RaftServerProxy.java:addNew(95)) - 44736ceb-ad1e-44d8-8a85-1de4ce4d0fde: addNew group-EA7C0EB40836:[44736ceb-ad1e-44d8-8a85-1de4ce4d0fde|rpc:127.0.0.1:34931|priority:1] returns group-EA7C0EB40836:java.util.concurrent.CompletableFuture@61181f0c[Not completed]
2022-02-08 14:30:25,197 [pool-300-thread-1] INFO  server.RaftServer$Division (RaftServerImpl.java:<init>(184)) - 44736ceb-ad1e-44d8-8a85-1de4ce4d0fde: new RaftServerImpl for group-EA7C0EB40836:[44736ceb-ad1e-44d8-8a85-1de4ce4d0fde|rpc:127.0.0.1:34931|priority:1] with ContainerStateMachine:uninitialized
2022-02-08 14:30:25,200 [pool-300-thread-1] INFO  server.RaftServerConfigKeys (ConfUtils.java:logGet(44)) - raft.server.rpc.timeout.min = 5s (custom)
2022-02-08 14:30:25,200 [pool-300-thread-1] INFO  server.RaftServerConfigKeys (ConfUtils.java:logGet(44)) - raft.server.rpc.timeout.max = 5200ms (custom)
2022-02-08 14:30:25,200 [pool-300-thread-1] INFO  server.RaftServerConfigKeys (ConfUtils.java:logGet(44)) - raft.server.rpc.sleep.time = 25ms (default)
2022-02-08 14:30:25,200 [pool-300-thread-1] INFO  server.RaftServerConfigKeys (ConfUtils.java:logGet(44)) - raft.server.rpc.slowness.timeout = 300s (custom)
2022-02-08 14:30:25,200 [pool-300-thread-1] INFO  server.RaftServerConfigKeys (ConfUtils.java:logGet(44)) - raft.server.leaderelection.leader.step-down.wait-time = 10s (default)
2022-02-08 14:30:25,200 [pool-300-thread-1] INFO  server.RaftServerConfigKeys (ConfUtils.java:logGet(44)) - raft.server.sleep.deviation.threshold = 300ms (default)
2022-02-08 14:30:25,200 [pool-300-thread-1] INFO  server.RaftServerConfigKeys (ConfUtils.java:logGet(44)) - raft.server.log.appender.install.snapshot.enabled = false (custom)
2022-02-08 14:30:25,200 [pool-300-thread-1] INFO  server.RaftServer$Division (ServerState.java:<init>(105)) - 44736ceb-ad1e-44d8-8a85-1de4ce4d0fde@group-EA7C0EB40836: ConfigurationManager, init=-1: [44736ceb-ad1e-44d8-8a85-1de4ce4d0fde|rpc:127.0.0.1:34931|priority:1], old=null, confs=<EMPTY_MAP>
2022-02-08 14:30:25,200 [pool-300-thread-1] INFO  server.RaftServerConfigKeys (ConfUtils.java:logGet(44)) - raft.server.storage.dir = [/home/runner/work/ozone/ozone/hadoop-ozone/integration-test/target/test-dir/MiniOzoneClusterImpl-be5678e2-4507-4d84-8cb9-fc99c0f819fc/datanode-0/data/ratis] (custom)
2022-02-08 14:30:25,200 [pool-300-thread-1] INFO  server.RaftServerConfigKeys (ConfUtils.java:logGet(44)) - raft.server.log.corruption.policy = EXCEPTION (default)
2022-02-08 14:30:25,201 [pool-300-thread-1] INFO  server.RaftServerConfigKeys (ConfUtils.java:logGet(44)) - raft.server.storage.free-space.min = 0MB (=0) (default)
2022-02-08 14:30:25,205 [pool-300-thread-1] INFO  storage.RaftStorageDirectory (RaftStorageDirectoryImpl.java:analyzeStorage(135)) - The storage directory /home/runner/work/ozone/ozone/hadoop-ozone/integration-test/target/test-dir/MiniOzoneClusterImpl-be5678e2-4507-4d84-8cb9-fc99c0f819fc/datanode-0/data/ratis/d4f756ab-b867-4583-96fe-ea7c0eb40836 does not exist. Creating ...
2022-02-08 14:30:25,206 [pool-300-thread-1] INFO  storage.RaftStorageDirectory (RaftStorageDirectoryImpl.java:tryLock(230)) - Lock on /home/runner/work/ozone/ozone/hadoop-ozone/integration-test/target/test-dir/MiniOzoneClusterImpl-be5678e2-4507-4d84-8cb9-fc99c0f819fc/datanode-0/data/ratis/d4f756ab-b867-4583-96fe-ea7c0eb40836/in_use.lock acquired by nodename 16565@fv-az151-746
2022-02-08 14:30:25,207 [pool-300-thread-1] INFO  storage.RaftStorage (RaftStorageImpl.java:format(89)) - Storage directory /home/runner/work/ozone/ozone/hadoop-ozone/integration-test/target/test-dir/MiniOzoneClusterImpl-be5678e2-4507-4d84-8cb9-fc99c0f819fc/datanode-0/data/ratis/d4f756ab-b867-4583-96fe-ea7c0eb40836 has been successfully formatted.
2022-02-08 14:30:25,208 [EventQueue-PipelineReportForPipelineReportHandler] INFO  pipeline.PipelineManagerImpl (PipelineManagerImpl.java:openPipeline(291)) - Pipeline Pipeline[ Id: d4f756ab-b867-4583-96fe-ea7c0eb40836, Nodes: 44736ceb-ad1e-44d8-8a85-1de4ce4d0fde{ip: 127.0.0.1, host: localhost, ports: [REPLICATION=43635, RATIS=34931, RATIS_ADMIN=34931, RATIS_SERVER=34931, STANDALONE=32863], networkLocation: /default-rack, certSerialId: null, persistedOpState: IN_SERVICE, persistedOpStateExpiryEpochSec: 0}, ReplicationConfig: RATIS/ONE, State:ALLOCATED, leaderId:44736ceb-ad1e-44d8-8a85-1de4ce4d0fde, CreationTimestamp2022-02-08T14:30:22.183Z[Etc/UTC]] moved to OPEN state
2022-02-08 14:30:25,212 [EventQueue-PipelineReportForPipelineReportHandler] INFO  pipeline.PipelineManagerImpl (PipelineManagerImpl.java:openPipeline(291)) - Pipeline Pipeline[ Id: d4f756ab-b867-4583-96fe-ea7c0eb40836, Nodes: 44736ceb-ad1e-44d8-8a85-1de4ce4d0fde{ip: 127.0.0.1, host: localhost, ports: [REPLICATION=43635, RATIS=34931, RATIS_ADMIN=34931, RATIS_SERVER=34931, STANDALONE=32863], networkLocation: /default-rack, certSerialId: null, persistedOpState: IN_SERVICE, persistedOpStateExpiryEpochSec: 0}, ReplicationConfig: RATIS/ONE, State:ALLOCATED, leaderId:44736ceb-ad1e-44d8-8a85-1de4ce4d0fde, CreationTimestamp2022-02-08T14:30:22.183Z[Etc/UTC]] moved to OPEN state
2022-02-08 14:30:25,219 [7a675d49-8bf4-44ad-b841-6def84288824@group-FC99C0F819FC-StateMachineUpdater] INFO  safemode.HealthyPipelineSafeModeRule (HealthyPipelineSafeModeRule.java:initializeRule(152)) - Refreshed total pipeline count is 0, healthy pipeline threshold count is 1
2022-02-08 14:30:25,223 [pool-300-thread-1] INFO  ratis.ContainerStateMachine (ContainerStateMachine.java:loadSnapshot(231)) - group-EA7C0EB40836: The snapshot info is null. Setting the last applied indexto:(t:0, i:~)
2022-02-08 14:30:25,223 [pool-300-thread-1] INFO  server.RaftServerConfigKeys (ConfUtils.java:logGet(44)) - raft.server.notification.no-leader.timeout = 300s (custom)
2022-02-08 14:30:25,223 [pool-300-thread-1] INFO  server.RaftServerConfigKeys (ConfUtils.java:logGet(44)) - raft.server.log.use.memory = false (default)
2022-02-08 14:30:25,223 [pool-300-thread-1] INFO  server.RaftServerConfigKeys (ConfUtils.java:logGet(44)) - raft.server.log.purge.gap = 1000000 (custom)
2022-02-08 14:30:25,223 [pool-300-thread-1] INFO  server.RaftServerConfigKeys (ConfUtils.java:logGet(44)) - raft.server.log.appender.buffer.byte-limit = 33554432 (custom)
2022-02-08 14:30:25,225 [pool-300-thread-1] INFO  server.RaftServerConfigKeys (ConfUtils.java:logGet(44)) - raft.server.log.segment.size.max = 1048576 (custom)
2022-02-08 14:30:25,225 [pool-300-thread-1] INFO  server.RaftServerConfigKeys (ConfUtils.java:logGet(44)) - raft.server.log.segment.cache.num.max = 2 (custom)
2022-02-08 14:30:25,225 [pool-300-thread-1] INFO  server.RaftServerConfigKeys (ConfUtils.java:logGet(44)) - raft.server.log.segment.cache.size.max = 200MB (=209715200) (default)
2022-02-08 14:30:25,225 [pool-300-thread-1] INFO  segmented.SegmentedRaftLogWorker (SegmentedRaftLogWorker.java:<init>(182)) - new 44736ceb-ad1e-44d8-8a85-1de4ce4d0fde@group-EA7C0EB40836-SegmentedRaftLogWorker for RaftStorageImpl:Storage Directory /home/runner/work/ozone/ozone/hadoop-ozone/integration-test/target/test-dir/MiniOzoneClusterImpl-be5678e2-4507-4d84-8cb9-fc99c0f819fc/datanode-0/data/ratis/d4f756ab-b867-4583-96fe-ea7c0eb40836
2022-02-08 14:30:25,225 [pool-300-thread-1] INFO  server.RaftServerConfigKeys (ConfUtils.java:logGet(44)) - raft.server.log.queue.byte-limit = 2147483647 (custom)
2022-02-08 14:30:25,225 [pool-300-thread-1] INFO  server.RaftServerConfigKeys (ConfUtils.java:logGet(44)) - raft.server.log.queue.element-limit = 1024 (custom)
2022-02-08 14:30:25,225 [pool-300-thread-1] INFO  server.RaftServerConfigKeys (ConfUtils.java:logGet(44)) - raft.server.log.segment.size.max = 1048576 (custom)
2022-02-08 14:30:25,225 [pool-300-thread-1] INFO  server.RaftServerConfigKeys (ConfUtils.java:logGet(44)) - raft.server.log.preallocated.size = 16384 (custom)
2022-02-08 14:30:25,225 [pool-300-thread-1] INFO  server.RaftServerConfigKeys (ConfUtils.java:logGet(44)) - raft.server.log.force.sync.num = 128 (default)
2022-02-08 14:30:25,225 [pool-300-thread-1] INFO  server.RaftServerConfigKeys (ConfUtils.java:logGet(44)) - raft.server.log.statemachine.data.sync = true (default)
2022-02-08 14:30:25,226 [pool-300-thread-1] INFO  server.RaftServerConfigKeys (ConfUtils.java:logGet(44)) - raft.server.log.statemachine.data.sync.timeout = 10s (default)
2022-02-08 14:30:25,226 [pool-300-thread-1] INFO  server.RaftServerConfigKeys (ConfUtils.java:logGet(44)) - raft.server.log.statemachine.data.sync.timeout.retry = -1 (default)
2022-02-08 14:30:25,226 [pool-300-thread-1] INFO  server.RaftServerConfigKeys (ConfUtils.java:logGet(44)) - raft.server.log.write.buffer.size = 1048576 (custom)
2022-02-08 14:30:25,227 [pool-300-thread-1] INFO  server.RaftServerConfigKeys (ConfUtils.java:logGet(44)) - raft.server.log.statemachine.data.caching.enabled = true (custom)
2022-02-08 14:30:25,227 [pool-300-thread-1] INFO  segmented.SegmentedRaftLogWorker (SegmentedRaftLogWorker.java:lambda$new$0(133)) - 44736ceb-ad1e-44d8-8a85-1de4ce4d0fde@group-EA7C0EB40836-SegmentedRaftLogWorker: flushIndex: setUnconditionally 0 -> -1
2022-02-08 14:30:25,227 [pool-300-thread-1] INFO  segmented.SegmentedRaftLogWorker (SegmentedRaftLogWorker.java:lambda$new$0(133)) - 44736ceb-ad1e-44d8-8a85-1de4ce4d0fde@group-EA7C0EB40836-SegmentedRaftLogWorker: safeCacheEvictIndex: setUnconditionally 0 -> -1
2022-02-08 14:30:25,232 [EventQueue-OpenPipelineForHealthyPipelineSafeModeRule] INFO  safemode.SCMSafeModeManager (HealthyPipelineSafeModeRule.java:process(124)) - SCM in safe mode. Healthy pipelines reported count is 0, required healthy pipeline reported count is 1
2022-02-08 14:30:25,232 [pool-300-thread-1] INFO  server.RaftServerConfigKeys (ConfUtils.java:logGet(44)) - raft.server.snapshot.auto.trigger.enabled = true (custom)
2022-02-08 14:30:25,232 [pool-300-thread-1] INFO  server.RaftServerConfigKeys (ConfUtils.java:logGet(44)) - raft.server.snapshot.auto.trigger.threshold = 10000 (custom)
2022-02-08 14:30:25,232 [pool-300-thread-1] INFO  server.RaftServerConfigKeys (ConfUtils.java:logGet(44)) - raft.server.snapshot.retention.file.num = 5 (custom)
2022-02-08 14:30:25,232 [pool-300-thread-1] INFO  server.RaftServerConfigKeys (ConfUtils.java:logGet(44)) - raft.server.log.purge.upto.snapshot.index = false (default)
2022-02-08 14:30:25,232 [pool-300-thread-1] INFO  server.RaftServerConfigKeys (ConfUtils.java:logGet(44)) - raft.server.retrycache.expirytime = 600000ms (custom)
2022-02-08 14:30:25,232 [pool-300-thread-1] INFO  server.RaftServerConfigKeys (ConfUtils.java:logGet(44)) - raft.server.retrycache.statistics.expirytime = 100μs (default)
2022-02-08 14:30:25,233 [pool-300-thread-1] INFO  server.RaftServer$Division (RaftServerImpl.java:start(301)) - 44736ceb-ad1e-44d8-8a85-1de4ce4d0fde@group-EA7C0EB40836: start as a follower, conf=-1: [44736ceb-ad1e-44d8-8a85-1de4ce4d0fde|rpc:127.0.0.1:34931|priority:1], old=null
2022-02-08 14:30:25,233 [pool-300-thread-1] INFO  server.RaftServer$Division (RaftServerImpl.java:setRole(290)) - 44736ceb-ad1e-44d8-8a85-1de4ce4d0fde@group-EA7C0EB40836: changes role from      null to FOLLOWER at term 0 for startAsFollower
2022-02-08 14:30:25,233 [pool-300-thread-1] INFO  impl.RoleInfo (RoleInfo.java:updateAndGet(130)) - 44736ceb-ad1e-44d8-8a85-1de4ce4d0fde: start 44736ceb-ad1e-44d8-8a85-1de4ce4d0fde@group-EA7C0EB40836-FollowerState
2022-02-08 14:30:25,237 [pool-300-thread-1] INFO  util.JmxRegister (JmxRegister.java:tryRegister(44)) - Successfully registered JMX Bean with object name Ratis:service=RaftServer,group=group-EA7C0EB40836,id=44736ceb-ad1e-44d8-8a85-1de4ce4d0fde
2022-02-08 14:30:25,241 [EndpointStateMachine task thread for /127.0.0.1:41469 - 0 ] WARN  statemachine.EndpointStateMachine (EndpointStateMachine.java:logIfNeeded(236)) - Unable to communicate to SCM server at 127.0.0.1:41469 for past 0 seconds.
java.net.SocketTimeoutException: Call From fv-az151-746/10.1.0.25 to localhost:41469 failed on socket timeout exception: java.net.SocketTimeoutException: 5000 millis timeout while waiting for channel to be ready for read. ch : java.nio.channels.SocketChannel[connected local=/127.0.0.1:42868 remote=/127.0.0.1:41469]; For more details see:  http://wiki.apache.org/hadoop/SocketTimeout
	at sun.reflect.NativeConstructorAccessorImpl.newInstance0(Native Method)
	at sun.reflect.NativeConstructorAccessorImpl.newInstance(NativeConstructorAccessorImpl.java:62)
	at sun.reflect.DelegatingConstructorAccessorImpl.newInstance(DelegatingConstructorAccessorImpl.java:45)
	at java.lang.reflect.Constructor.newInstance(Constructor.java:423)
	at org.apache.hadoop.net.NetUtils.wrapWithMessage(NetUtils.java:913)
	at org.apache.hadoop.net.NetUtils.wrapException(NetUtils.java:848)
	at org.apache.hadoop.ipc.Client.getRpcResponse(Client.java:1577)
	at org.apache.hadoop.ipc.Client.call(Client.java:1519)
	at org.apache.hadoop.ipc.Client.call(Client.java:1416)
	at org.apache.hadoop.ipc.ProtobufRpcEngine$Invoker.invoke(ProtobufRpcEngine.java:236)
	at org.apache.hadoop.ipc.ProtobufRpcEngine$Invoker.invoke(ProtobufRpcEngine.java:123)
	at com.sun.proxy.$Proxy48.submitRequest(Unknown Source)
	at org.apache.hadoop.ozone.protocolPB.StorageContainerDatanodeProtocolClientSideTranslatorPB.submitRequest(StorageContainerDatanodeProtocolClientSideTranslatorPB.java:117)
	at org.apache.hadoop.ozone.protocolPB.StorageContainerDatanodeProtocolClientSideTranslatorPB.getVersion(StorageContainerDatanodeProtocolClientSideTranslatorPB.java:133)
	at org.apache.hadoop.ozone.container.common.states.endpoint.VersionEndpointTask.call(VersionEndpointTask.java:71)
	at org.apache.hadoop.ozone.container.common.states.endpoint.VersionEndpointTask.call(VersionEndpointTask.java:42)
	at java.util.concurrent.FutureTask.run(FutureTask.java:266)
	at java.util.concurrent.ThreadPoolExecutor.runWorker(ThreadPoolExecutor.java:1149)
	at java.util.concurrent.ThreadPoolExecutor$Worker.run(ThreadPoolExecutor.java:624)
	at java.lang.Thread.run(Thread.java:748)
Caused by: java.net.SocketTimeoutException: 5000 millis timeout while waiting for channel to be ready for read. ch : java.nio.channels.SocketChannel[connected local=/127.0.0.1:42868 remote=/127.0.0.1:41469]
	at org.apache.hadoop.net.SocketIOWithTimeout.doIO(SocketIOWithTimeout.java:164)
	at org.apache.hadoop.net.SocketInputStream.read(SocketInputStream.java:161)
	at org.apache.hadoop.net.SocketInputStream.read(SocketInputStream.java:131)
	at java.io.FilterInputStream.read(FilterInputStream.java:133)
	at java.io.BufferedInputStream.fill(BufferedInputStream.java:246)
	at java.io.BufferedInputStream.read(BufferedInputStream.java:265)
	at java.io.FilterInputStream.read(FilterInputStream.java:83)
	at java.io.FilterInputStream.read(FilterInputStream.java:83)
	at org.apache.hadoop.ipc.Client$Connection$PingInputStream.read(Client.java:563)
	at java.io.DataInputStream.readInt(DataInputStream.java:387)
	at org.apache.hadoop.ipc.Client$IpcStreams.readResponse(Client.java:1892)
	at org.apache.hadoop.ipc.Client$Connection.receiveRpcResponse(Client.java:1202)
	at org.apache.hadoop.ipc.Client$Connection.run(Client.java:1098)
2022-02-08 14:30:25,269 [Command processor thread] INFO  ratis.XceiverServerRatis (XceiverServerRatis.java:addGroup(768)) - Created group PipelineID=d4f756ab-b867-4583-96fe-ea7c0eb40836
2022-02-08 14:30:25,269 [Command processor thread] INFO  commandhandler.CreatePipelineCommandHandler (CreatePipelineCommandHandler.java:handle(106)) - Created Pipeline RATIS ONE PipelineID=d4f756ab-b867-4583-96fe-ea7c0eb40836.
2022-02-08 14:30:25,270 [Command processor thread] INFO  server.RaftServer (RaftServerProxy.java:addNew(95)) - 44736ceb-ad1e-44d8-8a85-1de4ce4d0fde: addNew group-19D67EEB3372:[9c433d8a-234d-492f-a374-35df91077eee|rpc:127.0.0.1:41109|priority:0, 4a6a0aaf-aa28-4f33-a09c-5a4e665a2556|rpc:127.0.0.1:39435|priority:1, 44736ceb-ad1e-44d8-8a85-1de4ce4d0fde|rpc:127.0.0.1:34931|priority:0] returns group-19D67EEB3372:java.util.concurrent.CompletableFuture@652787f7[Not completed]
2022-02-08 14:30:25,257 [19a54928-8125-4c35-a03e-a210dfc90c30@group-FC99C0F819FC-StateMachineUpdater] INFO  safemode.HealthyPipelineSafeModeRule (HealthyPipelineSafeModeRule.java:initializeRule(152)) - Refreshed total pipeline count is 0, healthy pipeline threshold count is 1
2022-02-08 14:30:25,241 [EndpointStateMachine task thread for /127.0.0.1:41469 - 0 ] WARN  statemachine.EndpointStateMachine (EndpointStateMachine.java:logIfNeeded(236)) - Unable to communicate to SCM server at 127.0.0.1:41469 for past 0 seconds.
java.net.SocketTimeoutException: Call From fv-az151-746/10.1.0.25 to localhost:41469 failed on socket timeout exception: java.net.SocketTimeoutException: 5000 millis timeout while waiting for channel to be ready for read. ch : java.nio.channels.SocketChannel[connected local=/127.0.0.1:42868 remote=/127.0.0.1:41469]; For more details see:  http://wiki.apache.org/hadoop/SocketTimeout
	at sun.reflect.NativeConstructorAccessorImpl.newInstance0(Native Method)
	at sun.reflect.NativeConstructorAccessorImpl.newInstance(NativeConstructorAccessorImpl.java:62)
	at sun.reflect.DelegatingConstructorAccessorImpl.newInstance(DelegatingConstructorAccessorImpl.java:45)
	at java.lang.reflect.Constructor.newInstance(Constructor.java:423)
	at org.apache.hadoop.net.NetUtils.wrapWithMessage(NetUtils.java:913)
	at org.apache.hadoop.net.NetUtils.wrapException(NetUtils.java:848)
	at org.apache.hadoop.ipc.Client.getRpcResponse(Client.java:1577)
	at org.apache.hadoop.ipc.Client.call(Client.java:1519)
	at org.apache.hadoop.ipc.Client.call(Client.java:1416)
	at org.apache.hadoop.ipc.ProtobufRpcEngine$Invoker.invoke(ProtobufRpcEngine.java:236)
	at org.apache.hadoop.ipc.ProtobufRpcEngine$Invoker.invoke(ProtobufRpcEngine.java:123)
	at com.sun.proxy.$Proxy48.submitRequest(Unknown Source)
	at org.apache.hadoop.ozone.protocolPB.StorageContainerDatanodeProtocolClientSideTranslatorPB.submitRequest(StorageContainerDatanodeProtocolClientSideTranslatorPB.java:117)
	at org.apache.hadoop.ozone.protocolPB.StorageContainerDatanodeProtocolClientSideTranslatorPB.getVersion(StorageContainerDatanodeProtocolClientSideTranslatorPB.java:133)
	at org.apache.hadoop.ozone.container.common.states.endpoint.VersionEndpointTask.call(VersionEndpointTask.java:71)
	at org.apache.hadoop.ozone.container.common.states.endpoint.VersionEndpointTask.call(VersionEndpointTask.java:42)
	at java.util.concurrent.FutureTask.run(FutureTask.java:266)
	at java.util.concurrent.ThreadPoolExecutor.runWorker(ThreadPoolExecutor.java:1149)
	at java.util.concurrent.ThreadPoolExecutor$Worker.run(ThreadPoolExecutor.java:624)
	at java.lang.Thread.run(Thread.java:748)
Caused by: java.net.SocketTimeoutException: 5000 millis timeout while waiting for channel to be ready for read. ch : java.nio.channels.SocketChannel[connected local=/127.0.0.1:42868 remote=/127.0.0.1:41469]
	at org.apache.hadoop.net.SocketIOWithTimeout.doIO(SocketIOWithTimeout.java:164)
	at org.apache.hadoop.net.SocketInputStream.read(SocketInputStream.java:161)
	at org.apache.hadoop.net.SocketInputStream.read(SocketInputStream.java:131)
	at java.io.FilterInputStream.read(FilterInputStream.java:133)
	at java.io.BufferedInputStream.fill(BufferedInputStream.java:246)
	at java.io.BufferedInputStream.read(BufferedInputStream.java:265)
	at java.io.FilterInputStream.read(FilterInputStream.java:83)
	at java.io.FilterInputStream.read(FilterInputStream.java:83)
	at org.apache.hadoop.ipc.Client$Connection$PingInputStream.read(Client.java:563)
	at java.io.DataInputStream.readInt(DataInputStream.java:387)
	at org.apache.hadoop.ipc.Client$IpcStreams.readResponse(Client.java:1892)
	at org.apache.hadoop.ipc.Client$Connection.receiveRpcResponse(Client.java:1202)
	at org.apache.hadoop.ipc.Client$Connection.run(Client.java:1098)
2022-02-08 14:30:25,241 [EndpointStateMachine task thread for /127.0.0.1:41469 - 0 ] WARN  statemachine.EndpointStateMachine (EndpointStateMachine.java:logIfNeeded(236)) - Unable to communicate to SCM server at localhost:41469 for past 0 seconds.
java.net.SocketTimeoutException: Call From fv-az151-746/10.1.0.25 to localhost:41469 failed on socket timeout exception: java.net.SocketTimeoutException: 5000 millis timeout while waiting for channel to be ready for read. ch : java.nio.channels.SocketChannel[connected local=/127.0.0.1:42868 remote=/127.0.0.1:41469]; For more details see:  http://wiki.apache.org/hadoop/SocketTimeout
	at sun.reflect.NativeConstructorAccessorImpl.newInstance0(Native Method)
	at sun.reflect.NativeConstructorAccessorImpl.newInstance(NativeConstructorAccessorImpl.java:62)
	at sun.reflect.DelegatingConstructorAccessorImpl.newInstance(DelegatingConstructorAccessorImpl.java:45)
	at java.lang.reflect.Constructor.newInstance(Constructor.java:423)
	at org.apache.hadoop.net.NetUtils.wrapWithMessage(NetUtils.java:913)
	at org.apache.hadoop.net.NetUtils.wrapException(NetUtils.java:848)
	at org.apache.hadoop.ipc.Client.getRpcResponse(Client.java:1577)
	at org.apache.hadoop.ipc.Client.call(Client.java:1519)
	at org.apache.hadoop.ipc.Client.call(Client.java:1416)
	at org.apache.hadoop.ipc.ProtobufRpcEngine$Invoker.invoke(ProtobufRpcEngine.java:236)
	at org.apache.hadoop.ipc.ProtobufRpcEngine$Invoker.invoke(ProtobufRpcEngine.java:123)
	at com.sun.proxy.$Proxy48.submitRequest(Unknown Source)
	at org.apache.hadoop.ozone.protocolPB.StorageContainerDatanodeProtocolClientSideTranslatorPB.submitRequest(StorageContainerDatanodeProtocolClientSideTranslatorPB.java:117)
	at org.apache.hadoop.ozone.protocolPB.StorageContainerDatanodeProtocolClientSideTranslatorPB.getVersion(StorageContainerDatanodeProtocolClientSideTranslatorPB.java:133)
	at org.apache.hadoop.ozone.container.common.states.endpoint.VersionEndpointTask.call(VersionEndpointTask.java:71)
	at org.apache.hadoop.ozone.container.common.states.endpoint.VersionEndpointTask.call(VersionEndpointTask.java:42)
	at java.util.concurrent.FutureTask.run(FutureTask.java:266)
	at java.util.concurrent.ThreadPoolExecutor.runWorker(ThreadPoolExecutor.java:1149)
	at java.util.concurrent.ThreadPoolExecutor$Worker.run(ThreadPoolExecutor.java:624)
	at java.lang.Thread.run(Thread.java:748)
Caused by: java.net.SocketTimeoutException: 5000 millis timeout while waiting for channel to be ready for read. ch : java.nio.channels.SocketChannel[connected local=/127.0.0.1:42868 remote=/127.0.0.1:41469]
	at org.apache.hadoop.net.SocketIOWithTimeout.doIO(SocketIOWithTimeout.java:164)
	at org.apache.hadoop.net.SocketInputStream.read(SocketInputStream.java:161)
	at org.apache.hadoop.net.SocketInputStream.read(SocketInputStream.java:131)
	at java.io.FilterInputStream.read(FilterInputStream.java:133)
	at java.io.BufferedInputStream.fill(BufferedInputStream.java:246)
	at java.io.BufferedInputStream.read(BufferedInputStream.java:265)
	at java.io.FilterInputStream.read(FilterInputStream.java:83)
	at java.io.FilterInputStream.read(FilterInputStream.java:83)
	at org.apache.hadoop.ipc.Client$Connection$PingInputStream.read(Client.java:563)
	at java.io.DataInputStream.readInt(DataInputStream.java:387)
	at org.apache.hadoop.ipc.Client$IpcStreams.readResponse(Client.java:1892)
	at org.apache.hadoop.ipc.Client$Connection.receiveRpcResponse(Client.java:1202)
	at org.apache.hadoop.ipc.Client$Connection.run(Client.java:1098)
2022-02-08 14:30:25,271 [pool-300-thread-1] INFO  server.RaftServer$Division (RaftServerImpl.java:<init>(184)) - 44736ceb-ad1e-44d8-8a85-1de4ce4d0fde: new RaftServerImpl for group-19D67EEB3372:[9c433d8a-234d-492f-a374-35df91077eee|rpc:127.0.0.1:41109|priority:0, 4a6a0aaf-aa28-4f33-a09c-5a4e665a2556|rpc:127.0.0.1:39435|priority:1, 44736ceb-ad1e-44d8-8a85-1de4ce4d0fde|rpc:127.0.0.1:34931|priority:0] with ContainerStateMachine:uninitialized
2022-02-08 14:30:25,271 [pool-300-thread-1] INFO  server.RaftServerConfigKeys (ConfUtils.java:logGet(44)) - raft.server.rpc.timeout.min = 5s (custom)
2022-02-08 14:30:25,271 [pool-300-thread-1] INFO  server.RaftServerConfigKeys (ConfUtils.java:logGet(44)) - raft.server.rpc.timeout.max = 5200ms (custom)
2022-02-08 14:30:25,271 [pool-300-thread-1] INFO  server.RaftServerConfigKeys (ConfUtils.java:logGet(44)) - raft.server.rpc.sleep.time = 25ms (default)
2022-02-08 14:30:25,271 [pool-300-thread-1] INFO  server.RaftServerConfigKeys (ConfUtils.java:logGet(44)) - raft.server.rpc.slowness.timeout = 300s (custom)
2022-02-08 14:30:25,271 [pool-300-thread-1] INFO  server.RaftServerConfigKeys (ConfUtils.java:logGet(44)) - raft.server.leaderelection.leader.step-down.wait-time = 10s (default)
2022-02-08 14:30:25,271 [pool-300-thread-1] INFO  server.RaftServerConfigKeys (ConfUtils.java:logGet(44)) - raft.server.sleep.deviation.threshold = 300ms (default)
2022-02-08 14:30:25,271 [pool-300-thread-1] INFO  server.RaftServerConfigKeys (ConfUtils.java:logGet(44)) - raft.server.log.appender.install.snapshot.enabled = false (custom)
2022-02-08 14:30:25,271 [pool-300-thread-1] INFO  server.RaftServer$Division (ServerState.java:<init>(105)) - 44736ceb-ad1e-44d8-8a85-1de4ce4d0fde@group-19D67EEB3372: ConfigurationManager, init=-1: [9c433d8a-234d-492f-a374-35df91077eee|rpc:127.0.0.1:41109|priority:0, 4a6a0aaf-aa28-4f33-a09c-5a4e665a2556|rpc:127.0.0.1:39435|priority:1, 44736ceb-ad1e-44d8-8a85-1de4ce4d0fde|rpc:127.0.0.1:34931|priority:0], old=null, confs=<EMPTY_MAP>
2022-02-08 14:30:25,271 [pool-300-thread-1] INFO  server.RaftServerConfigKeys (ConfUtils.java:logGet(44)) - raft.server.storage.dir = [/home/runner/work/ozone/ozone/hadoop-ozone/integration-test/target/test-dir/MiniOzoneClusterImpl-be5678e2-4507-4d84-8cb9-fc99c0f819fc/datanode-0/data/ratis] (custom)
2022-02-08 14:30:25,271 [pool-300-thread-1] INFO  server.RaftServerConfigKeys (ConfUtils.java:logGet(44)) - raft.server.log.corruption.policy = EXCEPTION (default)
2022-02-08 14:30:25,271 [pool-300-thread-1] INFO  server.RaftServerConfigKeys (ConfUtils.java:logGet(44)) - raft.server.storage.free-space.min = 0MB (=0) (default)
2022-02-08 14:30:25,271 [pool-300-thread-1] INFO  storage.RaftStorageDirectory (RaftStorageDirectoryImpl.java:analyzeStorage(135)) - The storage directory /home/runner/work/ozone/ozone/hadoop-ozone/integration-test/target/test-dir/MiniOzoneClusterImpl-be5678e2-4507-4d84-8cb9-fc99c0f819fc/datanode-0/data/ratis/ae829453-1884-4fd5-8322-19d67eeb3372 does not exist. Creating ...
2022-02-08 14:30:25,278 [pool-300-thread-1] INFO  storage.RaftStorageDirectory (RaftStorageDirectoryImpl.java:tryLock(230)) - Lock on /home/runner/work/ozone/ozone/hadoop-ozone/integration-test/target/test-dir/MiniOzoneClusterImpl-be5678e2-4507-4d84-8cb9-fc99c0f819fc/datanode-0/data/ratis/ae829453-1884-4fd5-8322-19d67eeb3372/in_use.lock acquired by nodename 16565@fv-az151-746
2022-02-08 14:30:25,279 [pool-300-thread-1] INFO  storage.RaftStorage (RaftStorageImpl.java:format(89)) - Storage directory /home/runner/work/ozone/ozone/hadoop-ozone/integration-test/target/test-dir/MiniOzoneClusterImpl-be5678e2-4507-4d84-8cb9-fc99c0f819fc/datanode-0/data/ratis/ae829453-1884-4fd5-8322-19d67eeb3372 has been successfully formatted.
2022-02-08 14:30:25,280 [pool-300-thread-1] INFO  ratis.ContainerStateMachine (ContainerStateMachine.java:loadSnapshot(231)) - group-19D67EEB3372: The snapshot info is null. Setting the last applied indexto:(t:0, i:~)
2022-02-08 14:30:25,280 [pool-300-thread-1] INFO  server.RaftServerConfigKeys (ConfUtils.java:logGet(44)) - raft.server.notification.no-leader.timeout = 300s (custom)
2022-02-08 14:30:25,280 [pool-300-thread-1] INFO  server.RaftServerConfigKeys (ConfUtils.java:logGet(44)) - raft.server.log.use.memory = false (default)
2022-02-08 14:30:25,280 [pool-300-thread-1] INFO  server.RaftServerConfigKeys (ConfUtils.java:logGet(44)) - raft.server.log.purge.gap = 1000000 (custom)
2022-02-08 14:30:25,280 [pool-300-thread-1] INFO  server.RaftServerConfigKeys (ConfUtils.java:logGet(44)) - raft.server.log.appender.buffer.byte-limit = 33554432 (custom)
2022-02-08 14:30:25,280 [pool-300-thread-1] INFO  server.RaftServerConfigKeys (ConfUtils.java:logGet(44)) - raft.server.log.segment.size.max = 1048576 (custom)
2022-02-08 14:30:25,280 [pool-300-thread-1] INFO  server.RaftServerConfigKeys (ConfUtils.java:logGet(44)) - raft.server.log.segment.cache.num.max = 2 (custom)
2022-02-08 14:30:25,280 [pool-300-thread-1] INFO  server.RaftServerConfigKeys (ConfUtils.java:logGet(44)) - raft.server.log.segment.cache.size.max = 200MB (=209715200) (default)
2022-02-08 14:30:25,280 [pool-300-thread-1] INFO  segmented.SegmentedRaftLogWorker (SegmentedRaftLogWorker.java:<init>(182)) - new 44736ceb-ad1e-44d8-8a85-1de4ce4d0fde@group-19D67EEB3372-SegmentedRaftLogWorker for RaftStorageImpl:Storage Directory /home/runner/work/ozone/ozone/hadoop-ozone/integration-test/target/test-dir/MiniOzoneClusterImpl-be5678e2-4507-4d84-8cb9-fc99c0f819fc/datanode-0/data/ratis/ae829453-1884-4fd5-8322-19d67eeb3372
2022-02-08 14:30:25,280 [pool-300-thread-1] INFO  server.RaftServerConfigKeys (ConfUtils.java:logGet(44)) - raft.server.log.queue.byte-limit = 2147483647 (custom)
2022-02-08 14:30:25,280 [pool-300-thread-1] INFO  server.RaftServerConfigKeys (ConfUtils.java:logGet(44)) - raft.server.log.queue.element-limit = 1024 (custom)
2022-02-08 14:30:25,280 [pool-300-thread-1] INFO  server.RaftServerConfigKeys (ConfUtils.java:logGet(44)) - raft.server.log.segment.size.max = 1048576 (custom)
2022-02-08 14:30:25,281 [pool-300-thread-1] INFO  server.RaftServerConfigKeys (ConfUtils.java:logGet(44)) - raft.server.log.preallocated.size = 16384 (custom)
2022-02-08 14:30:25,281 [pool-300-thread-1] INFO  server.RaftServerConfigKeys (ConfUtils.java:logGet(44)) - raft.server.log.force.sync.num = 128 (default)
2022-02-08 14:30:25,281 [pool-300-thread-1] INFO  server.RaftServerConfigKeys (ConfUtils.java:logGet(44)) - raft.server.log.statemachine.data.sync = true (default)
2022-02-08 14:30:25,281 [pool-300-thread-1] INFO  server.RaftServerConfigKeys (ConfUtils.java:logGet(44)) - raft.server.log.statemachine.data.sync.timeout = 10s (default)
2022-02-08 14:30:25,281 [pool-300-thread-1] INFO  server.RaftServerConfigKeys (ConfUtils.java:logGet(44)) - raft.server.log.statemachine.data.sync.timeout.retry = -1 (default)
2022-02-08 14:30:25,282 [EventQueue-OpenPipelineForHealthyPipelineSafeModeRule] INFO  safemode.SCMSafeModeManager (HealthyPipelineSafeModeRule.java:process(124)) - SCM in safe mode. Healthy pipelines reported count is 0, required healthy pipeline reported count is 1
2022-02-08 14:30:25,282 [pool-300-thread-1] INFO  server.RaftServerConfigKeys (ConfUtils.java:logGet(44)) - raft.server.log.write.buffer.size = 1048576 (custom)
2022-02-08 14:30:25,283 [pool-300-thread-1] INFO  server.RaftServerConfigKeys (ConfUtils.java:logGet(44)) - raft.server.log.statemachine.data.caching.enabled = true (custom)
2022-02-08 14:30:25,283 [pool-300-thread-1] INFO  segmented.SegmentedRaftLogWorker (SegmentedRaftLogWorker.java:lambda$new$0(133)) - 44736ceb-ad1e-44d8-8a85-1de4ce4d0fde@group-19D67EEB3372-SegmentedRaftLogWorker: flushIndex: setUnconditionally 0 -> -1
2022-02-08 14:30:25,283 [pool-300-thread-1] INFO  segmented.SegmentedRaftLogWorker (SegmentedRaftLogWorker.java:lambda$new$0(133)) - 44736ceb-ad1e-44d8-8a85-1de4ce4d0fde@group-19D67EEB3372-SegmentedRaftLogWorker: safeCacheEvictIndex: setUnconditionally 0 -> -1
2022-02-08 14:30:25,294 [pool-300-thread-1] INFO  server.RaftServerConfigKeys (ConfUtils.java:logGet(44)) - raft.server.snapshot.auto.trigger.enabled = true (custom)
2022-02-08 14:30:25,294 [pool-300-thread-1] INFO  server.RaftServerConfigKeys (ConfUtils.java:logGet(44)) - raft.server.snapshot.auto.trigger.threshold = 10000 (custom)
2022-02-08 14:30:25,294 [pool-300-thread-1] INFO  server.RaftServerConfigKeys (ConfUtils.java:logGet(44)) - raft.server.snapshot.retention.file.num = 5 (custom)
2022-02-08 14:30:25,294 [pool-300-thread-1] INFO  server.RaftServerConfigKeys (ConfUtils.java:logGet(44)) - raft.server.log.purge.upto.snapshot.index = false (default)
2022-02-08 14:30:25,294 [pool-300-thread-1] INFO  server.RaftServerConfigKeys (ConfUtils.java:logGet(44)) - raft.server.retrycache.expirytime = 600000ms (custom)
2022-02-08 14:30:25,294 [pool-300-thread-1] INFO  server.RaftServerConfigKeys (ConfUtils.java:logGet(44)) - raft.server.retrycache.statistics.expirytime = 100μs (default)
2022-02-08 14:30:25,295 [pool-300-thread-1] INFO  server.RaftServer$Division (RaftServerImpl.java:start(301)) - 44736ceb-ad1e-44d8-8a85-1de4ce4d0fde@group-19D67EEB3372: start as a follower, conf=-1: [9c433d8a-234d-492f-a374-35df91077eee|rpc:127.0.0.1:41109|priority:0, 4a6a0aaf-aa28-4f33-a09c-5a4e665a2556|rpc:127.0.0.1:39435|priority:1, 44736ceb-ad1e-44d8-8a85-1de4ce4d0fde|rpc:127.0.0.1:34931|priority:0], old=null
2022-02-08 14:30:25,295 [pool-300-thread-1] INFO  server.RaftServer$Division (RaftServerImpl.java:setRole(290)) - 44736ceb-ad1e-44d8-8a85-1de4ce4d0fde@group-19D67EEB3372: changes role from      null to FOLLOWER at term 0 for startAsFollower
2022-02-08 14:30:25,295 [pool-300-thread-1] INFO  impl.RoleInfo (RoleInfo.java:updateAndGet(130)) - 44736ceb-ad1e-44d8-8a85-1de4ce4d0fde: start 44736ceb-ad1e-44d8-8a85-1de4ce4d0fde@group-19D67EEB3372-FollowerState
2022-02-08 14:30:25,298 [pool-300-thread-1] INFO  util.JmxRegister (JmxRegister.java:tryRegister(44)) - Successfully registered JMX Bean with object name Ratis:service=RaftServer,group=group-19D67EEB3372,id=44736ceb-ad1e-44d8-8a85-1de4ce4d0fde
2022-02-08 14:30:25,305 [Command processor thread] INFO  ratis.XceiverServerRatis (XceiverServerRatis.java:addGroup(768)) - Created group PipelineID=ae829453-1884-4fd5-8322-19d67eeb3372
2022-02-08 14:30:25,331 [EventQueue-OpenPipelineForHealthyPipelineSafeModeRule] INFO  safemode.SCMSafeModeManager (HealthyPipelineSafeModeRule.java:process(124)) - SCM in safe mode. Healthy pipelines reported count is 0, required healthy pipeline reported count is 1
2022-02-08 14:30:25,341 [grpc-default-executor-2] INFO  server.RaftServer (RaftServerProxy.java:addNew(95)) - 4a6a0aaf-aa28-4f33-a09c-5a4e665a2556: addNew group-19D67EEB3372:[9c433d8a-234d-492f-a374-35df91077eee|rpc:127.0.0.1:41109|dataStream:|priority:0, 4a6a0aaf-aa28-4f33-a09c-5a4e665a2556|rpc:127.0.0.1:39435|dataStream:|priority:1, 44736ceb-ad1e-44d8-8a85-1de4ce4d0fde|rpc:127.0.0.1:34931|dataStream:|priority:0] returns group-19D67EEB3372:java.util.concurrent.CompletableFuture@4e62d9c3[Not completed]
2022-02-08 14:30:25,342 [pool-323-thread-1] INFO  server.RaftServer$Division (RaftServerImpl.java:<init>(184)) - 4a6a0aaf-aa28-4f33-a09c-5a4e665a2556: new RaftServerImpl for group-19D67EEB3372:[9c433d8a-234d-492f-a374-35df91077eee|rpc:127.0.0.1:41109|dataStream:|priority:0, 4a6a0aaf-aa28-4f33-a09c-5a4e665a2556|rpc:127.0.0.1:39435|dataStream:|priority:1, 44736ceb-ad1e-44d8-8a85-1de4ce4d0fde|rpc:127.0.0.1:34931|dataStream:|priority:0] with ContainerStateMachine:uninitialized
2022-02-08 14:30:25,342 [pool-323-thread-1] INFO  server.RaftServerConfigKeys (ConfUtils.java:logGet(44)) - raft.server.rpc.timeout.min = 5s (custom)
2022-02-08 14:30:25,342 [pool-323-thread-1] INFO  server.RaftServerConfigKeys (ConfUtils.java:logGet(44)) - raft.server.rpc.timeout.max = 5200ms (custom)
2022-02-08 14:30:25,342 [pool-323-thread-1] INFO  server.RaftServerConfigKeys (ConfUtils.java:logGet(44)) - raft.server.rpc.sleep.time = 25ms (default)
2022-02-08 14:30:25,342 [pool-323-thread-1] INFO  server.RaftServerConfigKeys (ConfUtils.java:logGet(44)) - raft.server.rpc.slowness.timeout = 300s (custom)
2022-02-08 14:30:25,342 [pool-323-thread-1] INFO  server.RaftServerConfigKeys (ConfUtils.java:logGet(44)) - raft.server.leaderelection.leader.step-down.wait-time = 10s (default)
2022-02-08 14:30:25,342 [pool-323-thread-1] INFO  server.RaftServerConfigKeys (ConfUtils.java:logGet(44)) - raft.server.sleep.deviation.threshold = 300ms (default)
2022-02-08 14:30:25,342 [pool-323-thread-1] INFO  server.RaftServerConfigKeys (ConfUtils.java:logGet(44)) - raft.server.log.appender.install.snapshot.enabled = false (custom)
2022-02-08 14:30:25,342 [pool-323-thread-1] INFO  server.RaftServer$Division (ServerState.java:<init>(105)) - 4a6a0aaf-aa28-4f33-a09c-5a4e665a2556@group-19D67EEB3372: ConfigurationManager, init=-1: [9c433d8a-234d-492f-a374-35df91077eee|rpc:127.0.0.1:41109|dataStream:|priority:0, 4a6a0aaf-aa28-4f33-a09c-5a4e665a2556|rpc:127.0.0.1:39435|dataStream:|priority:1, 44736ceb-ad1e-44d8-8a85-1de4ce4d0fde|rpc:127.0.0.1:34931|dataStream:|priority:0], old=null, confs=<EMPTY_MAP>
2022-02-08 14:30:25,342 [pool-323-thread-1] INFO  server.RaftServerConfigKeys (ConfUtils.java:logGet(44)) - raft.server.storage.dir = [/home/runner/work/ozone/ozone/hadoop-ozone/integration-test/target/test-dir/MiniOzoneClusterImpl-be5678e2-4507-4d84-8cb9-fc99c0f819fc/datanode-1/data/ratis] (custom)
2022-02-08 14:30:25,342 [pool-323-thread-1] INFO  server.RaftServerConfigKeys (ConfUtils.java:logGet(44)) - raft.server.log.corruption.policy = EXCEPTION (default)
2022-02-08 14:30:25,342 [pool-323-thread-1] INFO  server.RaftServerConfigKeys (ConfUtils.java:logGet(44)) - raft.server.storage.free-space.min = 0MB (=0) (default)
2022-02-08 14:30:25,342 [pool-323-thread-1] INFO  storage.RaftStorageDirectory (RaftStorageDirectoryImpl.java:analyzeStorage(135)) - The storage directory /home/runner/work/ozone/ozone/hadoop-ozone/integration-test/target/test-dir/MiniOzoneClusterImpl-be5678e2-4507-4d84-8cb9-fc99c0f819fc/datanode-1/data/ratis/ae829453-1884-4fd5-8322-19d67eeb3372 does not exist. Creating ...
2022-02-08 14:30:25,348 [pool-323-thread-1] INFO  storage.RaftStorageDirectory (RaftStorageDirectoryImpl.java:tryLock(230)) - Lock on /home/runner/work/ozone/ozone/hadoop-ozone/integration-test/target/test-dir/MiniOzoneClusterImpl-be5678e2-4507-4d84-8cb9-fc99c0f819fc/datanode-1/data/ratis/ae829453-1884-4fd5-8322-19d67eeb3372/in_use.lock acquired by nodename 16565@fv-az151-746
2022-02-08 14:30:25,351 [pool-323-thread-1] INFO  storage.RaftStorage (RaftStorageImpl.java:format(89)) - Storage directory /home/runner/work/ozone/ozone/hadoop-ozone/integration-test/target/test-dir/MiniOzoneClusterImpl-be5678e2-4507-4d84-8cb9-fc99c0f819fc/datanode-1/data/ratis/ae829453-1884-4fd5-8322-19d67eeb3372 has been successfully formatted.
2022-02-08 14:30:25,352 [pool-323-thread-1] INFO  ratis.ContainerStateMachine (ContainerStateMachine.java:loadSnapshot(231)) - group-19D67EEB3372: The snapshot info is null. Setting the last applied indexto:(t:0, i:~)
2022-02-08 14:30:25,352 [pool-323-thread-1] INFO  server.RaftServerConfigKeys (ConfUtils.java:logGet(44)) - raft.server.notification.no-leader.timeout = 300s (custom)
2022-02-08 14:30:25,352 [pool-323-thread-1] INFO  server.RaftServerConfigKeys (ConfUtils.java:logGet(44)) - raft.server.log.use.memory = false (default)
2022-02-08 14:30:25,352 [pool-323-thread-1] INFO  server.RaftServerConfigKeys (ConfUtils.java:logGet(44)) - raft.server.log.purge.gap = 1000000 (custom)
2022-02-08 14:30:25,352 [pool-323-thread-1] INFO  server.RaftServerConfigKeys (ConfUtils.java:logGet(44)) - raft.server.log.appender.buffer.byte-limit = 33554432 (custom)
2022-02-08 14:30:25,352 [pool-323-thread-1] INFO  server.RaftServerConfigKeys (ConfUtils.java:logGet(44)) - raft.server.log.segment.size.max = 1048576 (custom)
2022-02-08 14:30:25,353 [pool-323-thread-1] INFO  server.RaftServerConfigKeys (ConfUtils.java:logGet(44)) - raft.server.log.segment.cache.num.max = 2 (custom)
2022-02-08 14:30:25,353 [pool-323-thread-1] INFO  server.RaftServerConfigKeys (ConfUtils.java:logGet(44)) - raft.server.log.segment.cache.size.max = 200MB (=209715200) (default)
2022-02-08 14:30:25,353 [pool-323-thread-1] INFO  segmented.SegmentedRaftLogWorker (SegmentedRaftLogWorker.java:<init>(182)) - new 4a6a0aaf-aa28-4f33-a09c-5a4e665a2556@group-19D67EEB3372-SegmentedRaftLogWorker for RaftStorageImpl:Storage Directory /home/runner/work/ozone/ozone/hadoop-ozone/integration-test/target/test-dir/MiniOzoneClusterImpl-be5678e2-4507-4d84-8cb9-fc99c0f819fc/datanode-1/data/ratis/ae829453-1884-4fd5-8322-19d67eeb3372
2022-02-08 14:30:25,353 [pool-323-thread-1] INFO  server.RaftServerConfigKeys (ConfUtils.java:logGet(44)) - raft.server.log.queue.byte-limit = 2147483647 (custom)
2022-02-08 14:30:25,353 [pool-323-thread-1] INFO  server.RaftServerConfigKeys (ConfUtils.java:logGet(44)) - raft.server.log.queue.element-limit = 1024 (custom)
2022-02-08 14:30:25,354 [pool-323-thread-1] INFO  server.RaftServerConfigKeys (ConfUtils.java:logGet(44)) - raft.server.log.segment.size.max = 1048576 (custom)
2022-02-08 14:30:25,354 [pool-323-thread-1] INFO  server.RaftServerConfigKeys (ConfUtils.java:logGet(44)) - raft.server.log.preallocated.size = 16384 (custom)
2022-02-08 14:30:25,354 [pool-323-thread-1] INFO  server.RaftServerConfigKeys (ConfUtils.java:logGet(44)) - raft.server.log.force.sync.num = 128 (default)
2022-02-08 14:30:25,354 [pool-323-thread-1] INFO  server.RaftServerConfigKeys (ConfUtils.java:logGet(44)) - raft.server.log.statemachine.data.sync = true (default)
2022-02-08 14:30:25,354 [pool-323-thread-1] INFO  server.RaftServerConfigKeys (ConfUtils.java:logGet(44)) - raft.server.log.statemachine.data.sync.timeout = 10s (default)
2022-02-08 14:30:25,354 [pool-323-thread-1] INFO  server.RaftServerConfigKeys (ConfUtils.java:logGet(44)) - raft.server.log.statemachine.data.sync.timeout.retry = -1 (default)
2022-02-08 14:30:25,354 [pool-323-thread-1] INFO  server.RaftServerConfigKeys (ConfUtils.java:logGet(44)) - raft.server.log.write.buffer.size = 1048576 (custom)
2022-02-08 14:30:25,355 [pool-323-thread-1] INFO  server.RaftServerConfigKeys (ConfUtils.java:logGet(44)) - raft.server.log.statemachine.data.caching.enabled = true (custom)
2022-02-08 14:30:25,355 [pool-323-thread-1] INFO  segmented.SegmentedRaftLogWorker (SegmentedRaftLogWorker.java:lambda$new$0(133)) - 4a6a0aaf-aa28-4f33-a09c-5a4e665a2556@group-19D67EEB3372-SegmentedRaftLogWorker: flushIndex: setUnconditionally 0 -> -1
2022-02-08 14:30:25,355 [pool-323-thread-1] INFO  segmented.SegmentedRaftLogWorker (SegmentedRaftLogWorker.java:lambda$new$0(133)) - 4a6a0aaf-aa28-4f33-a09c-5a4e665a2556@group-19D67EEB3372-SegmentedRaftLogWorker: safeCacheEvictIndex: setUnconditionally 0 -> -1
2022-02-08 14:30:25,369 [pool-323-thread-1] INFO  server.RaftServerConfigKeys (ConfUtils.java:logGet(44)) - raft.server.snapshot.auto.trigger.enabled = true (custom)
2022-02-08 14:30:25,369 [pool-323-thread-1] INFO  server.RaftServerConfigKeys (ConfUtils.java:logGet(44)) - raft.server.snapshot.auto.trigger.threshold = 10000 (custom)
2022-02-08 14:30:25,369 [pool-323-thread-1] INFO  server.RaftServerConfigKeys (ConfUtils.java:logGet(44)) - raft.server.snapshot.retention.file.num = 5 (custom)
2022-02-08 14:30:25,369 [pool-323-thread-1] INFO  server.RaftServerConfigKeys (ConfUtils.java:logGet(44)) - raft.server.log.purge.upto.snapshot.index = false (default)
2022-02-08 14:30:25,369 [pool-323-thread-1] INFO  server.RaftServerConfigKeys (ConfUtils.java:logGet(44)) - raft.server.retrycache.expirytime = 600000ms (custom)
2022-02-08 14:30:25,369 [pool-323-thread-1] INFO  server.RaftServerConfigKeys (ConfUtils.java:logGet(44)) - raft.server.retrycache.statistics.expirytime = 100μs (default)
2022-02-08 14:30:25,370 [pool-323-thread-1] INFO  server.RaftServer$Division (RaftServerImpl.java:start(301)) - 4a6a0aaf-aa28-4f33-a09c-5a4e665a2556@group-19D67EEB3372: start as a follower, conf=-1: [9c433d8a-234d-492f-a374-35df91077eee|rpc:127.0.0.1:41109|dataStream:|priority:0, 4a6a0aaf-aa28-4f33-a09c-5a4e665a2556|rpc:127.0.0.1:39435|dataStream:|priority:1, 44736ceb-ad1e-44d8-8a85-1de4ce4d0fde|rpc:127.0.0.1:34931|dataStream:|priority:0], old=null
2022-02-08 14:30:25,370 [pool-323-thread-1] INFO  server.RaftServer$Division (RaftServerImpl.java:setRole(290)) - 4a6a0aaf-aa28-4f33-a09c-5a4e665a2556@group-19D67EEB3372: changes role from      null to FOLLOWER at term 0 for startAsFollower
2022-02-08 14:30:25,370 [pool-323-thread-1] INFO  impl.RoleInfo (RoleInfo.java:updateAndGet(130)) - 4a6a0aaf-aa28-4f33-a09c-5a4e665a2556: start 4a6a0aaf-aa28-4f33-a09c-5a4e665a2556@group-19D67EEB3372-FollowerState
2022-02-08 14:30:25,383 [pool-323-thread-1] INFO  util.JmxRegister (JmxRegister.java:tryRegister(44)) - Successfully registered JMX Bean with object name Ratis:service=RaftServer,group=group-19D67EEB3372,id=4a6a0aaf-aa28-4f33-a09c-5a4e665a2556
2022-02-08 14:30:25,460 [grpc-default-executor-2] INFO  server.RaftServer (RaftServerProxy.java:addNew(95)) - 9c433d8a-234d-492f-a374-35df91077eee: addNew group-19D67EEB3372:[9c433d8a-234d-492f-a374-35df91077eee|rpc:127.0.0.1:41109|dataStream:|priority:0, 4a6a0aaf-aa28-4f33-a09c-5a4e665a2556|rpc:127.0.0.1:39435|dataStream:|priority:1, 44736ceb-ad1e-44d8-8a85-1de4ce4d0fde|rpc:127.0.0.1:34931|dataStream:|priority:0] returns group-19D67EEB3372:java.util.concurrent.CompletableFuture@4ae0c01[Not completed]
2022-02-08 14:30:25,470 [pool-346-thread-1] INFO  server.RaftServer$Division (RaftServerImpl.java:<init>(184)) - 9c433d8a-234d-492f-a374-35df91077eee: new RaftServerImpl for group-19D67EEB3372:[9c433d8a-234d-492f-a374-35df91077eee|rpc:127.0.0.1:41109|dataStream:|priority:0, 4a6a0aaf-aa28-4f33-a09c-5a4e665a2556|rpc:127.0.0.1:39435|dataStream:|priority:1, 44736ceb-ad1e-44d8-8a85-1de4ce4d0fde|rpc:127.0.0.1:34931|dataStream:|priority:0] with ContainerStateMachine:uninitialized
2022-02-08 14:30:25,471 [pool-346-thread-1] INFO  server.RaftServerConfigKeys (ConfUtils.java:logGet(44)) - raft.server.rpc.timeout.min = 5s (custom)
2022-02-08 14:30:25,472 [pool-346-thread-1] INFO  server.RaftServerConfigKeys (ConfUtils.java:logGet(44)) - raft.server.rpc.timeout.max = 5200ms (custom)
2022-02-08 14:30:25,472 [pool-346-thread-1] INFO  server.RaftServerConfigKeys (ConfUtils.java:logGet(44)) - raft.server.rpc.sleep.time = 25ms (default)
2022-02-08 14:30:25,472 [pool-346-thread-1] INFO  server.RaftServerConfigKeys (ConfUtils.java:logGet(44)) - raft.server.rpc.slowness.timeout = 300s (custom)
2022-02-08 14:30:25,472 [pool-346-thread-1] INFO  server.RaftServerConfigKeys (ConfUtils.java:logGet(44)) - raft.server.leaderelection.leader.step-down.wait-time = 10s (default)
2022-02-08 14:30:25,472 [pool-346-thread-1] INFO  server.RaftServerConfigKeys (ConfUtils.java:logGet(44)) - raft.server.sleep.deviation.threshold = 300ms (default)
2022-02-08 14:30:25,472 [pool-346-thread-1] INFO  server.RaftServerConfigKeys (ConfUtils.java:logGet(44)) - raft.server.log.appender.install.snapshot.enabled = false (custom)
2022-02-08 14:30:25,472 [pool-346-thread-1] INFO  server.RaftServer$Division (ServerState.java:<init>(105)) - 9c433d8a-234d-492f-a374-35df91077eee@group-19D67EEB3372: ConfigurationManager, init=-1: [9c433d8a-234d-492f-a374-35df91077eee|rpc:127.0.0.1:41109|dataStream:|priority:0, 4a6a0aaf-aa28-4f33-a09c-5a4e665a2556|rpc:127.0.0.1:39435|dataStream:|priority:1, 44736ceb-ad1e-44d8-8a85-1de4ce4d0fde|rpc:127.0.0.1:34931|dataStream:|priority:0], old=null, confs=<EMPTY_MAP>
2022-02-08 14:30:25,472 [pool-346-thread-1] INFO  server.RaftServerConfigKeys (ConfUtils.java:logGet(44)) - raft.server.storage.dir = [/home/runner/work/ozone/ozone/hadoop-ozone/integration-test/target/test-dir/MiniOzoneClusterImpl-be5678e2-4507-4d84-8cb9-fc99c0f819fc/datanode-2/data/ratis] (custom)
2022-02-08 14:30:25,472 [pool-346-thread-1] INFO  server.RaftServerConfigKeys (ConfUtils.java:logGet(44)) - raft.server.log.corruption.policy = EXCEPTION (default)
2022-02-08 14:30:25,472 [pool-346-thread-1] INFO  server.RaftServerConfigKeys (ConfUtils.java:logGet(44)) - raft.server.storage.free-space.min = 0MB (=0) (default)
2022-02-08 14:30:25,472 [pool-346-thread-1] INFO  storage.RaftStorageDirectory (RaftStorageDirectoryImpl.java:analyzeStorage(135)) - The storage directory /home/runner/work/ozone/ozone/hadoop-ozone/integration-test/target/test-dir/MiniOzoneClusterImpl-be5678e2-4507-4d84-8cb9-fc99c0f819fc/datanode-2/data/ratis/ae829453-1884-4fd5-8322-19d67eeb3372 does not exist. Creating ...
2022-02-08 14:30:25,473 [pool-346-thread-1] INFO  storage.RaftStorageDirectory (RaftStorageDirectoryImpl.java:tryLock(230)) - Lock on /home/runner/work/ozone/ozone/hadoop-ozone/integration-test/target/test-dir/MiniOzoneClusterImpl-be5678e2-4507-4d84-8cb9-fc99c0f819fc/datanode-2/data/ratis/ae829453-1884-4fd5-8322-19d67eeb3372/in_use.lock acquired by nodename 16565@fv-az151-746
2022-02-08 14:30:25,474 [pool-346-thread-1] INFO  storage.RaftStorage (RaftStorageImpl.java:format(89)) - Storage directory /home/runner/work/ozone/ozone/hadoop-ozone/integration-test/target/test-dir/MiniOzoneClusterImpl-be5678e2-4507-4d84-8cb9-fc99c0f819fc/datanode-2/data/ratis/ae829453-1884-4fd5-8322-19d67eeb3372 has been successfully formatted.
2022-02-08 14:30:25,475 [pool-346-thread-1] INFO  ratis.ContainerStateMachine (ContainerStateMachine.java:loadSnapshot(231)) - group-19D67EEB3372: The snapshot info is null. Setting the last applied indexto:(t:0, i:~)
2022-02-08 14:30:25,475 [pool-346-thread-1] INFO  server.RaftServerConfigKeys (ConfUtils.java:logGet(44)) - raft.server.notification.no-leader.timeout = 300s (custom)
2022-02-08 14:30:25,475 [pool-346-thread-1] INFO  server.RaftServerConfigKeys (ConfUtils.java:logGet(44)) - raft.server.log.use.memory = false (default)
2022-02-08 14:30:25,475 [pool-346-thread-1] INFO  server.RaftServerConfigKeys (ConfUtils.java:logGet(44)) - raft.server.log.purge.gap = 1000000 (custom)
2022-02-08 14:30:25,476 [pool-346-thread-1] INFO  server.RaftServerConfigKeys (ConfUtils.java:logGet(44)) - raft.server.log.appender.buffer.byte-limit = 33554432 (custom)
2022-02-08 14:30:25,476 [pool-346-thread-1] INFO  server.RaftServerConfigKeys (ConfUtils.java:logGet(44)) - raft.server.log.segment.size.max = 1048576 (custom)
2022-02-08 14:30:25,477 [pool-346-thread-1] INFO  server.RaftServerConfigKeys (ConfUtils.java:logGet(44)) - raft.server.log.segment.cache.num.max = 2 (custom)
2022-02-08 14:30:25,477 [pool-346-thread-1] INFO  server.RaftServerConfigKeys (ConfUtils.java:logGet(44)) - raft.server.log.segment.cache.size.max = 200MB (=209715200) (default)
2022-02-08 14:30:25,477 [pool-346-thread-1] INFO  segmented.SegmentedRaftLogWorker (SegmentedRaftLogWorker.java:<init>(182)) - new 9c433d8a-234d-492f-a374-35df91077eee@group-19D67EEB3372-SegmentedRaftLogWorker for RaftStorageImpl:Storage Directory /home/runner/work/ozone/ozone/hadoop-ozone/integration-test/target/test-dir/MiniOzoneClusterImpl-be5678e2-4507-4d84-8cb9-fc99c0f819fc/datanode-2/data/ratis/ae829453-1884-4fd5-8322-19d67eeb3372
2022-02-08 14:30:25,477 [pool-346-thread-1] INFO  server.RaftServerConfigKeys (ConfUtils.java:logGet(44)) - raft.server.log.queue.byte-limit = 2147483647 (custom)
2022-02-08 14:30:25,477 [pool-346-thread-1] INFO  server.RaftServerConfigKeys (ConfUtils.java:logGet(44)) - raft.server.log.queue.element-limit = 1024 (custom)
2022-02-08 14:30:25,477 [pool-346-thread-1] INFO  server.RaftServerConfigKeys (ConfUtils.java:logGet(44)) - raft.server.log.segment.size.max = 1048576 (custom)
2022-02-08 14:30:25,477 [pool-346-thread-1] INFO  server.RaftServerConfigKeys (ConfUtils.java:logGet(44)) - raft.server.log.preallocated.size = 16384 (custom)
2022-02-08 14:30:25,477 [pool-346-thread-1] INFO  server.RaftServerConfigKeys (ConfUtils.java:logGet(44)) - raft.server.log.force.sync.num = 128 (default)
2022-02-08 14:30:25,477 [pool-346-thread-1] INFO  server.RaftServerConfigKeys (ConfUtils.java:logGet(44)) - raft.server.log.statemachine.data.sync = true (default)
2022-02-08 14:30:25,477 [pool-346-thread-1] INFO  server.RaftServerConfigKeys (ConfUtils.java:logGet(44)) - raft.server.log.statemachine.data.sync.timeout = 10s (default)
2022-02-08 14:30:25,477 [pool-346-thread-1] INFO  server.RaftServerConfigKeys (ConfUtils.java:logGet(44)) - raft.server.log.statemachine.data.sync.timeout.retry = -1 (default)
2022-02-08 14:30:25,478 [pool-346-thread-1] INFO  server.RaftServerConfigKeys (ConfUtils.java:logGet(44)) - raft.server.log.write.buffer.size = 1048576 (custom)
2022-02-08 14:30:25,478 [pool-346-thread-1] INFO  server.RaftServerConfigKeys (ConfUtils.java:logGet(44)) - raft.server.log.statemachine.data.caching.enabled = true (custom)
2022-02-08 14:30:25,479 [pool-346-thread-1] INFO  segmented.SegmentedRaftLogWorker (SegmentedRaftLogWorker.java:lambda$new$0(133)) - 9c433d8a-234d-492f-a374-35df91077eee@group-19D67EEB3372-SegmentedRaftLogWorker: flushIndex: setUnconditionally 0 -> -1
2022-02-08 14:30:25,480 [pool-346-thread-1] INFO  segmented.SegmentedRaftLogWorker (SegmentedRaftLogWorker.java:lambda$new$0(133)) - 9c433d8a-234d-492f-a374-35df91077eee@group-19D67EEB3372-SegmentedRaftLogWorker: safeCacheEvictIndex: setUnconditionally 0 -> -1
2022-02-08 14:30:25,480 [pool-346-thread-1] INFO  server.RaftServerConfigKeys (ConfUtils.java:logGet(44)) - raft.server.snapshot.auto.trigger.enabled = true (custom)
2022-02-08 14:30:25,482 [pool-346-thread-1] INFO  server.RaftServerConfigKeys (ConfUtils.java:logGet(44)) - raft.server.snapshot.auto.trigger.threshold = 10000 (custom)
2022-02-08 14:30:25,482 [pool-346-thread-1] INFO  server.RaftServerConfigKeys (ConfUtils.java:logGet(44)) - raft.server.snapshot.retention.file.num = 5 (custom)
2022-02-08 14:30:25,482 [pool-346-thread-1] INFO  server.RaftServerConfigKeys (ConfUtils.java:logGet(44)) - raft.server.log.purge.upto.snapshot.index = false (default)
2022-02-08 14:30:25,483 [pool-346-thread-1] INFO  server.RaftServerConfigKeys (ConfUtils.java:logGet(44)) - raft.server.retrycache.expirytime = 600000ms (custom)
2022-02-08 14:30:25,483 [pool-346-thread-1] INFO  server.RaftServerConfigKeys (ConfUtils.java:logGet(44)) - raft.server.retrycache.statistics.expirytime = 100μs (default)
2022-02-08 14:30:25,484 [pool-346-thread-1] INFO  server.RaftServer$Division (RaftServerImpl.java:start(301)) - 9c433d8a-234d-492f-a374-35df91077eee@group-19D67EEB3372: start as a follower, conf=-1: [9c433d8a-234d-492f-a374-35df91077eee|rpc:127.0.0.1:41109|dataStream:|priority:0, 4a6a0aaf-aa28-4f33-a09c-5a4e665a2556|rpc:127.0.0.1:39435|dataStream:|priority:1, 44736ceb-ad1e-44d8-8a85-1de4ce4d0fde|rpc:127.0.0.1:34931|dataStream:|priority:0], old=null
2022-02-08 14:30:25,488 [pool-346-thread-1] INFO  server.RaftServer$Division (RaftServerImpl.java:setRole(290)) - 9c433d8a-234d-492f-a374-35df91077eee@group-19D67EEB3372: changes role from      null to FOLLOWER at term 0 for startAsFollower
2022-02-08 14:30:25,489 [pool-346-thread-1] INFO  impl.RoleInfo (RoleInfo.java:updateAndGet(130)) - 9c433d8a-234d-492f-a374-35df91077eee: start 9c433d8a-234d-492f-a374-35df91077eee@group-19D67EEB3372-FollowerState
2022-02-08 14:30:25,492 [pool-346-thread-1] INFO  util.JmxRegister (JmxRegister.java:tryRegister(44)) - Successfully registered JMX Bean with object name Ratis:service=RaftServer,group=group-19D67EEB3372,id=9c433d8a-234d-492f-a374-35df91077eee
2022-02-08 14:30:25,505 [Command processor thread] INFO  commandhandler.CreatePipelineCommandHandler (CreatePipelineCommandHandler.java:handle(106)) - Created Pipeline RATIS THREE PipelineID=ae829453-1884-4fd5-8322-19d67eeb3372.
2022-02-08 14:30:25,505 [Command processor thread] INFO  server.RaftServer (RaftServerProxy.java:addNew(95)) - 44736ceb-ad1e-44d8-8a85-1de4ce4d0fde: addNew group-BFB3F072E4AD:[9c433d8a-234d-492f-a374-35df91077eee|rpc:127.0.0.1:41109|priority:1, 4a6a0aaf-aa28-4f33-a09c-5a4e665a2556|rpc:127.0.0.1:39435|priority:0, 44736ceb-ad1e-44d8-8a85-1de4ce4d0fde|rpc:127.0.0.1:34931|priority:0] returns group-BFB3F072E4AD:java.util.concurrent.CompletableFuture@597df94f[Not completed]
2022-02-08 14:30:25,506 [pool-300-thread-1] INFO  server.RaftServer$Division (RaftServerImpl.java:<init>(184)) - 44736ceb-ad1e-44d8-8a85-1de4ce4d0fde: new RaftServerImpl for group-BFB3F072E4AD:[9c433d8a-234d-492f-a374-35df91077eee|rpc:127.0.0.1:41109|priority:1, 4a6a0aaf-aa28-4f33-a09c-5a4e665a2556|rpc:127.0.0.1:39435|priority:0, 44736ceb-ad1e-44d8-8a85-1de4ce4d0fde|rpc:127.0.0.1:34931|priority:0] with ContainerStateMachine:uninitialized
2022-02-08 14:30:25,506 [pool-300-thread-1] INFO  server.RaftServerConfigKeys (ConfUtils.java:logGet(44)) - raft.server.rpc.timeout.min = 5s (custom)
2022-02-08 14:30:25,506 [pool-300-thread-1] INFO  server.RaftServerConfigKeys (ConfUtils.java:logGet(44)) - raft.server.rpc.timeout.max = 5200ms (custom)
2022-02-08 14:30:25,506 [pool-300-thread-1] INFO  server.RaftServerConfigKeys (ConfUtils.java:logGet(44)) - raft.server.rpc.sleep.time = 25ms (default)
2022-02-08 14:30:25,506 [pool-300-thread-1] INFO  server.RaftServerConfigKeys (ConfUtils.java:logGet(44)) - raft.server.rpc.slowness.timeout = 300s (custom)
2022-02-08 14:30:25,506 [pool-300-thread-1] INFO  server.RaftServerConfigKeys (ConfUtils.java:logGet(44)) - raft.server.leaderelection.leader.step-down.wait-time = 10s (default)
2022-02-08 14:30:25,506 [pool-300-thread-1] INFO  server.RaftServerConfigKeys (ConfUtils.java:logGet(44)) - raft.server.sleep.deviation.threshold = 300ms (default)
2022-02-08 14:30:25,506 [pool-300-thread-1] INFO  server.RaftServerConfigKeys (ConfUtils.java:logGet(44)) - raft.server.log.appender.install.snapshot.enabled = false (custom)
2022-02-08 14:30:25,507 [pool-300-thread-1] INFO  server.RaftServer$Division (ServerState.java:<init>(105)) - 44736ceb-ad1e-44d8-8a85-1de4ce4d0fde@group-BFB3F072E4AD: ConfigurationManager, init=-1: [9c433d8a-234d-492f-a374-35df91077eee|rpc:127.0.0.1:41109|priority:1, 4a6a0aaf-aa28-4f33-a09c-5a4e665a2556|rpc:127.0.0.1:39435|priority:0, 44736ceb-ad1e-44d8-8a85-1de4ce4d0fde|rpc:127.0.0.1:34931|priority:0], old=null, confs=<EMPTY_MAP>
2022-02-08 14:30:25,507 [pool-300-thread-1] INFO  server.RaftServerConfigKeys (ConfUtils.java:logGet(44)) - raft.server.storage.dir = [/home/runner/work/ozone/ozone/hadoop-ozone/integration-test/target/test-dir/MiniOzoneClusterImpl-be5678e2-4507-4d84-8cb9-fc99c0f819fc/datanode-0/data/ratis] (custom)
2022-02-08 14:30:25,507 [pool-300-thread-1] INFO  server.RaftServerConfigKeys (ConfUtils.java:logGet(44)) - raft.server.log.corruption.policy = EXCEPTION (default)
2022-02-08 14:30:25,507 [pool-300-thread-1] INFO  server.RaftServerConfigKeys (ConfUtils.java:logGet(44)) - raft.server.storage.free-space.min = 0MB (=0) (default)
2022-02-08 14:30:25,507 [pool-300-thread-1] INFO  storage.RaftStorageDirectory (RaftStorageDirectoryImpl.java:analyzeStorage(135)) - The storage directory /home/runner/work/ozone/ozone/hadoop-ozone/integration-test/target/test-dir/MiniOzoneClusterImpl-be5678e2-4507-4d84-8cb9-fc99c0f819fc/datanode-0/data/ratis/504b4b76-6570-4a93-bdf0-bfb3f072e4ad does not exist. Creating ...
2022-02-08 14:30:25,508 [pool-300-thread-1] INFO  storage.RaftStorageDirectory (RaftStorageDirectoryImpl.java:tryLock(230)) - Lock on /home/runner/work/ozone/ozone/hadoop-ozone/integration-test/target/test-dir/MiniOzoneClusterImpl-be5678e2-4507-4d84-8cb9-fc99c0f819fc/datanode-0/data/ratis/504b4b76-6570-4a93-bdf0-bfb3f072e4ad/in_use.lock acquired by nodename 16565@fv-az151-746
2022-02-08 14:30:25,509 [pool-300-thread-1] INFO  storage.RaftStorage (RaftStorageImpl.java:format(89)) - Storage directory /home/runner/work/ozone/ozone/hadoop-ozone/integration-test/target/test-dir/MiniOzoneClusterImpl-be5678e2-4507-4d84-8cb9-fc99c0f819fc/datanode-0/data/ratis/504b4b76-6570-4a93-bdf0-bfb3f072e4ad has been successfully formatted.
2022-02-08 14:30:25,510 [pool-300-thread-1] INFO  ratis.ContainerStateMachine (ContainerStateMachine.java:loadSnapshot(231)) - group-BFB3F072E4AD: The snapshot info is null. Setting the last applied indexto:(t:0, i:~)
2022-02-08 14:30:25,510 [EventQueue-OpenPipelineForHealthyPipelineSafeModeRule] INFO  safemode.SCMSafeModeManager (HealthyPipelineSafeModeRule.java:process(124)) - SCM in safe mode. Healthy pipelines reported count is 0, required healthy pipeline reported count is 1
2022-02-08 14:30:25,511 [EventQueue-OpenPipelineForHealthyPipelineSafeModeRule] INFO  safemode.SCMSafeModeManager (HealthyPipelineSafeModeRule.java:process(124)) - SCM in safe mode. Healthy pipelines reported count is 0, required healthy pipeline reported count is 1
2022-02-08 14:30:25,513 [pool-300-thread-1] INFO  server.RaftServerConfigKeys (ConfUtils.java:logGet(44)) - raft.server.notification.no-leader.timeout = 300s (custom)
2022-02-08 14:30:25,513 [pool-300-thread-1] INFO  server.RaftServerConfigKeys (ConfUtils.java:logGet(44)) - raft.server.log.use.memory = false (default)
2022-02-08 14:30:25,513 [pool-300-thread-1] INFO  server.RaftServerConfigKeys (ConfUtils.java:logGet(44)) - raft.server.log.purge.gap = 1000000 (custom)
2022-02-08 14:30:25,513 [pool-300-thread-1] INFO  server.RaftServerConfigKeys (ConfUtils.java:logGet(44)) - raft.server.log.appender.buffer.byte-limit = 33554432 (custom)
2022-02-08 14:30:25,513 [pool-300-thread-1] INFO  server.RaftServerConfigKeys (ConfUtils.java:logGet(44)) - raft.server.log.segment.size.max = 1048576 (custom)
2022-02-08 14:30:25,513 [pool-300-thread-1] INFO  server.RaftServerConfigKeys (ConfUtils.java:logGet(44)) - raft.server.log.segment.cache.num.max = 2 (custom)
2022-02-08 14:30:25,513 [pool-300-thread-1] INFO  server.RaftServerConfigKeys (ConfUtils.java:logGet(44)) - raft.server.log.segment.cache.size.max = 200MB (=209715200) (default)
2022-02-08 14:30:25,513 [pool-300-thread-1] INFO  segmented.SegmentedRaftLogWorker (SegmentedRaftLogWorker.java:<init>(182)) - new 44736ceb-ad1e-44d8-8a85-1de4ce4d0fde@group-BFB3F072E4AD-SegmentedRaftLogWorker for RaftStorageImpl:Storage Directory /home/runner/work/ozone/ozone/hadoop-ozone/integration-test/target/test-dir/MiniOzoneClusterImpl-be5678e2-4507-4d84-8cb9-fc99c0f819fc/datanode-0/data/ratis/504b4b76-6570-4a93-bdf0-bfb3f072e4ad
2022-02-08 14:30:25,514 [pool-300-thread-1] INFO  server.RaftServerConfigKeys (ConfUtils.java:logGet(44)) - raft.server.log.queue.byte-limit = 2147483647 (custom)
2022-02-08 14:30:25,514 [pool-300-thread-1] INFO  server.RaftServerConfigKeys (ConfUtils.java:logGet(44)) - raft.server.log.queue.element-limit = 1024 (custom)
2022-02-08 14:30:25,514 [pool-300-thread-1] INFO  server.RaftServerConfigKeys (ConfUtils.java:logGet(44)) - raft.server.log.segment.size.max = 1048576 (custom)
2022-02-08 14:30:25,514 [pool-300-thread-1] INFO  server.RaftServerConfigKeys (ConfUtils.java:logGet(44)) - raft.server.log.preallocated.size = 16384 (custom)
2022-02-08 14:30:25,514 [pool-300-thread-1] INFO  server.RaftServerConfigKeys (ConfUtils.java:logGet(44)) - raft.server.log.force.sync.num = 128 (default)
2022-02-08 14:30:25,514 [pool-300-thread-1] INFO  server.RaftServerConfigKeys (ConfUtils.java:logGet(44)) - raft.server.log.statemachine.data.sync = true (default)
2022-02-08 14:30:25,514 [pool-300-thread-1] INFO  server.RaftServerConfigKeys (ConfUtils.java:logGet(44)) - raft.server.log.statemachine.data.sync.timeout = 10s (default)
2022-02-08 14:30:25,514 [pool-300-thread-1] INFO  server.RaftServerConfigKeys (ConfUtils.java:logGet(44)) - raft.server.log.statemachine.data.sync.timeout.retry = -1 (default)
2022-02-08 14:30:25,515 [pool-300-thread-1] INFO  server.RaftServerConfigKeys (ConfUtils.java:logGet(44)) - raft.server.log.write.buffer.size = 1048576 (custom)
2022-02-08 14:30:25,515 [pool-300-thread-1] INFO  server.RaftServerConfigKeys (ConfUtils.java:logGet(44)) - raft.server.log.statemachine.data.caching.enabled = true (custom)
2022-02-08 14:30:25,522 [pool-300-thread-1] INFO  segmented.SegmentedRaftLogWorker (SegmentedRaftLogWorker.java:lambda$new$0(133)) - 44736ceb-ad1e-44d8-8a85-1de4ce4d0fde@group-BFB3F072E4AD-SegmentedRaftLogWorker: flushIndex: setUnconditionally 0 -> -1
2022-02-08 14:30:25,522 [pool-300-thread-1] INFO  segmented.SegmentedRaftLogWorker (SegmentedRaftLogWorker.java:lambda$new$0(133)) - 44736ceb-ad1e-44d8-8a85-1de4ce4d0fde@group-BFB3F072E4AD-SegmentedRaftLogWorker: safeCacheEvictIndex: setUnconditionally 0 -> -1
2022-02-08 14:30:25,523 [pool-300-thread-1] INFO  server.RaftServerConfigKeys (ConfUtils.java:logGet(44)) - raft.server.snapshot.auto.trigger.enabled = true (custom)
2022-02-08 14:30:25,523 [pool-300-thread-1] INFO  server.RaftServerConfigKeys (ConfUtils.java:logGet(44)) - raft.server.snapshot.auto.trigger.threshold = 10000 (custom)
2022-02-08 14:30:25,523 [pool-300-thread-1] INFO  server.RaftServerConfigKeys (ConfUtils.java:logGet(44)) - raft.server.snapshot.retention.file.num = 5 (custom)
2022-02-08 14:30:25,523 [pool-300-thread-1] INFO  server.RaftServerConfigKeys (ConfUtils.java:logGet(44)) - raft.server.log.purge.upto.snapshot.index = false (default)
2022-02-08 14:30:25,523 [pool-300-thread-1] INFO  server.RaftServerConfigKeys (ConfUtils.java:logGet(44)) - raft.server.retrycache.expirytime = 600000ms (custom)
2022-02-08 14:30:25,523 [pool-300-thread-1] INFO  server.RaftServerConfigKeys (ConfUtils.java:logGet(44)) - raft.server.retrycache.statistics.expirytime = 100μs (default)
2022-02-08 14:30:25,524 [pool-300-thread-1] INFO  server.RaftServer$Division (RaftServerImpl.java:start(301)) - 44736ceb-ad1e-44d8-8a85-1de4ce4d0fde@group-BFB3F072E4AD: start as a follower, conf=-1: [9c433d8a-234d-492f-a374-35df91077eee|rpc:127.0.0.1:41109|priority:1, 4a6a0aaf-aa28-4f33-a09c-5a4e665a2556|rpc:127.0.0.1:39435|priority:0, 44736ceb-ad1e-44d8-8a85-1de4ce4d0fde|rpc:127.0.0.1:34931|priority:0], old=null
2022-02-08 14:30:25,524 [pool-300-thread-1] INFO  server.RaftServer$Division (RaftServerImpl.java:setRole(290)) - 44736ceb-ad1e-44d8-8a85-1de4ce4d0fde@group-BFB3F072E4AD: changes role from      null to FOLLOWER at term 0 for startAsFollower
2022-02-08 14:30:25,524 [pool-300-thread-1] INFO  impl.RoleInfo (RoleInfo.java:updateAndGet(130)) - 44736ceb-ad1e-44d8-8a85-1de4ce4d0fde: start 44736ceb-ad1e-44d8-8a85-1de4ce4d0fde@group-BFB3F072E4AD-FollowerState
2022-02-08 14:30:25,525 [pool-300-thread-1] INFO  util.JmxRegister (JmxRegister.java:tryRegister(44)) - Successfully registered JMX Bean with object name Ratis:service=RaftServer,group=group-BFB3F072E4AD,id=44736ceb-ad1e-44d8-8a85-1de4ce4d0fde
2022-02-08 14:30:25,531 [Command processor thread] INFO  ratis.XceiverServerRatis (XceiverServerRatis.java:addGroup(768)) - Created group PipelineID=504b4b76-6570-4a93-bdf0-bfb3f072e4ad
2022-02-08 14:30:25,543 [grpc-default-executor-2] INFO  server.RaftServer (RaftServerProxy.java:addNew(95)) - 4a6a0aaf-aa28-4f33-a09c-5a4e665a2556: addNew group-BFB3F072E4AD:[9c433d8a-234d-492f-a374-35df91077eee|rpc:127.0.0.1:41109|dataStream:|priority:1, 4a6a0aaf-aa28-4f33-a09c-5a4e665a2556|rpc:127.0.0.1:39435|dataStream:|priority:0, 44736ceb-ad1e-44d8-8a85-1de4ce4d0fde|rpc:127.0.0.1:34931|dataStream:|priority:0] returns group-BFB3F072E4AD:java.util.concurrent.CompletableFuture@488f4f97[Not completed]
2022-02-08 14:30:25,543 [pool-323-thread-1] INFO  server.RaftServer$Division (RaftServerImpl.java:<init>(184)) - 4a6a0aaf-aa28-4f33-a09c-5a4e665a2556: new RaftServerImpl for group-BFB3F072E4AD:[9c433d8a-234d-492f-a374-35df91077eee|rpc:127.0.0.1:41109|dataStream:|priority:1, 4a6a0aaf-aa28-4f33-a09c-5a4e665a2556|rpc:127.0.0.1:39435|dataStream:|priority:0, 44736ceb-ad1e-44d8-8a85-1de4ce4d0fde|rpc:127.0.0.1:34931|dataStream:|priority:0] with ContainerStateMachine:uninitialized
2022-02-08 14:30:25,543 [pool-323-thread-1] INFO  server.RaftServerConfigKeys (ConfUtils.java:logGet(44)) - raft.server.rpc.timeout.min = 5s (custom)
2022-02-08 14:30:25,543 [pool-323-thread-1] INFO  server.RaftServerConfigKeys (ConfUtils.java:logGet(44)) - raft.server.rpc.timeout.max = 5200ms (custom)
2022-02-08 14:30:25,543 [pool-323-thread-1] INFO  server.RaftServerConfigKeys (ConfUtils.java:logGet(44)) - raft.server.rpc.sleep.time = 25ms (default)
2022-02-08 14:30:25,543 [pool-323-thread-1] INFO  server.RaftServerConfigKeys (ConfUtils.java:logGet(44)) - raft.server.rpc.slowness.timeout = 300s (custom)
2022-02-08 14:30:25,543 [pool-323-thread-1] INFO  server.RaftServerConfigKeys (ConfUtils.java:logGet(44)) - raft.server.leaderelection.leader.step-down.wait-time = 10s (default)
2022-02-08 14:30:25,544 [pool-323-thread-1] INFO  server.RaftServerConfigKeys (ConfUtils.java:logGet(44)) - raft.server.sleep.deviation.threshold = 300ms (default)
2022-02-08 14:30:25,544 [pool-323-thread-1] INFO  server.RaftServerConfigKeys (ConfUtils.java:logGet(44)) - raft.server.log.appender.install.snapshot.enabled = false (custom)
2022-02-08 14:30:25,544 [pool-323-thread-1] INFO  server.RaftServer$Division (ServerState.java:<init>(105)) - 4a6a0aaf-aa28-4f33-a09c-5a4e665a2556@group-BFB3F072E4AD: ConfigurationManager, init=-1: [9c433d8a-234d-492f-a374-35df91077eee|rpc:127.0.0.1:41109|dataStream:|priority:1, 4a6a0aaf-aa28-4f33-a09c-5a4e665a2556|rpc:127.0.0.1:39435|dataStream:|priority:0, 44736ceb-ad1e-44d8-8a85-1de4ce4d0fde|rpc:127.0.0.1:34931|dataStream:|priority:0], old=null, confs=<EMPTY_MAP>
2022-02-08 14:30:25,544 [pool-323-thread-1] INFO  server.RaftServerConfigKeys (ConfUtils.java:logGet(44)) - raft.server.storage.dir = [/home/runner/work/ozone/ozone/hadoop-ozone/integration-test/target/test-dir/MiniOzoneClusterImpl-be5678e2-4507-4d84-8cb9-fc99c0f819fc/datanode-1/data/ratis] (custom)
2022-02-08 14:30:25,544 [pool-323-thread-1] INFO  server.RaftServerConfigKeys (ConfUtils.java:logGet(44)) - raft.server.log.corruption.policy = EXCEPTION (default)
2022-02-08 14:30:25,544 [pool-323-thread-1] INFO  server.RaftServerConfigKeys (ConfUtils.java:logGet(44)) - raft.server.storage.free-space.min = 0MB (=0) (default)
2022-02-08 14:30:25,544 [pool-323-thread-1] INFO  storage.RaftStorageDirectory (RaftStorageDirectoryImpl.java:analyzeStorage(135)) - The storage directory /home/runner/work/ozone/ozone/hadoop-ozone/integration-test/target/test-dir/MiniOzoneClusterImpl-be5678e2-4507-4d84-8cb9-fc99c0f819fc/datanode-1/data/ratis/504b4b76-6570-4a93-bdf0-bfb3f072e4ad does not exist. Creating ...
2022-02-08 14:30:25,548 [pool-323-thread-1] INFO  storage.RaftStorageDirectory (RaftStorageDirectoryImpl.java:tryLock(230)) - Lock on /home/runner/work/ozone/ozone/hadoop-ozone/integration-test/target/test-dir/MiniOzoneClusterImpl-be5678e2-4507-4d84-8cb9-fc99c0f819fc/datanode-1/data/ratis/504b4b76-6570-4a93-bdf0-bfb3f072e4ad/in_use.lock acquired by nodename 16565@fv-az151-746
2022-02-08 14:30:25,549 [pool-323-thread-1] INFO  storage.RaftStorage (RaftStorageImpl.java:format(89)) - Storage directory /home/runner/work/ozone/ozone/hadoop-ozone/integration-test/target/test-dir/MiniOzoneClusterImpl-be5678e2-4507-4d84-8cb9-fc99c0f819fc/datanode-1/data/ratis/504b4b76-6570-4a93-bdf0-bfb3f072e4ad has been successfully formatted.
2022-02-08 14:30:25,549 [pool-323-thread-1] INFO  ratis.ContainerStateMachine (ContainerStateMachine.java:loadSnapshot(231)) - group-BFB3F072E4AD: The snapshot info is null. Setting the last applied indexto:(t:0, i:~)
2022-02-08 14:30:25,549 [pool-323-thread-1] INFO  server.RaftServerConfigKeys (ConfUtils.java:logGet(44)) - raft.server.notification.no-leader.timeout = 300s (custom)
2022-02-08 14:30:25,549 [pool-323-thread-1] INFO  server.RaftServerConfigKeys (ConfUtils.java:logGet(44)) - raft.server.log.use.memory = false (default)
2022-02-08 14:30:25,549 [pool-323-thread-1] INFO  server.RaftServerConfigKeys (ConfUtils.java:logGet(44)) - raft.server.log.purge.gap = 1000000 (custom)
2022-02-08 14:30:25,549 [pool-323-thread-1] INFO  server.RaftServerConfigKeys (ConfUtils.java:logGet(44)) - raft.server.log.appender.buffer.byte-limit = 33554432 (custom)
2022-02-08 14:30:25,550 [pool-323-thread-1] INFO  server.RaftServerConfigKeys (ConfUtils.java:logGet(44)) - raft.server.log.segment.size.max = 1048576 (custom)
2022-02-08 14:30:25,550 [pool-323-thread-1] INFO  server.RaftServerConfigKeys (ConfUtils.java:logGet(44)) - raft.server.log.segment.cache.num.max = 2 (custom)
2022-02-08 14:30:25,550 [pool-323-thread-1] INFO  server.RaftServerConfigKeys (ConfUtils.java:logGet(44)) - raft.server.log.segment.cache.size.max = 200MB (=209715200) (default)
2022-02-08 14:30:25,550 [pool-323-thread-1] INFO  segmented.SegmentedRaftLogWorker (SegmentedRaftLogWorker.java:<init>(182)) - new 4a6a0aaf-aa28-4f33-a09c-5a4e665a2556@group-BFB3F072E4AD-SegmentedRaftLogWorker for RaftStorageImpl:Storage Directory /home/runner/work/ozone/ozone/hadoop-ozone/integration-test/target/test-dir/MiniOzoneClusterImpl-be5678e2-4507-4d84-8cb9-fc99c0f819fc/datanode-1/data/ratis/504b4b76-6570-4a93-bdf0-bfb3f072e4ad
2022-02-08 14:30:25,550 [pool-323-thread-1] INFO  server.RaftServerConfigKeys (ConfUtils.java:logGet(44)) - raft.server.log.queue.byte-limit = 2147483647 (custom)
2022-02-08 14:30:25,550 [pool-323-thread-1] INFO  server.RaftServerConfigKeys (ConfUtils.java:logGet(44)) - raft.server.log.queue.element-limit = 1024 (custom)
2022-02-08 14:30:25,550 [pool-323-thread-1] INFO  server.RaftServerConfigKeys (ConfUtils.java:logGet(44)) - raft.server.log.segment.size.max = 1048576 (custom)
2022-02-08 14:30:25,550 [pool-323-thread-1] INFO  server.RaftServerConfigKeys (ConfUtils.java:logGet(44)) - raft.server.log.preallocated.size = 16384 (custom)
2022-02-08 14:30:25,550 [pool-323-thread-1] INFO  server.RaftServerConfigKeys (ConfUtils.java:logGet(44)) - raft.server.log.force.sync.num = 128 (default)
2022-02-08 14:30:25,550 [pool-323-thread-1] INFO  server.RaftServerConfigKeys (ConfUtils.java:logGet(44)) - raft.server.log.statemachine.data.sync = true (default)
2022-02-08 14:30:25,550 [pool-323-thread-1] INFO  server.RaftServerConfigKeys (ConfUtils.java:logGet(44)) - raft.server.log.statemachine.data.sync.timeout = 10s (default)
2022-02-08 14:30:25,550 [pool-323-thread-1] INFO  server.RaftServerConfigKeys (ConfUtils.java:logGet(44)) - raft.server.log.statemachine.data.sync.timeout.retry = -1 (default)
2022-02-08 14:30:25,551 [pool-323-thread-1] INFO  server.RaftServerConfigKeys (ConfUtils.java:logGet(44)) - raft.server.log.write.buffer.size = 1048576 (custom)
2022-02-08 14:30:25,551 [pool-323-thread-1] INFO  server.RaftServerConfigKeys (ConfUtils.java:logGet(44)) - raft.server.log.statemachine.data.caching.enabled = true (custom)
2022-02-08 14:30:25,551 [pool-323-thread-1] INFO  segmented.SegmentedRaftLogWorker (SegmentedRaftLogWorker.java:lambda$new$0(133)) - 4a6a0aaf-aa28-4f33-a09c-5a4e665a2556@group-BFB3F072E4AD-SegmentedRaftLogWorker: flushIndex: setUnconditionally 0 -> -1
2022-02-08 14:30:25,552 [pool-323-thread-1] INFO  segmented.SegmentedRaftLogWorker (SegmentedRaftLogWorker.java:lambda$new$0(133)) - 4a6a0aaf-aa28-4f33-a09c-5a4e665a2556@group-BFB3F072E4AD-SegmentedRaftLogWorker: safeCacheEvictIndex: setUnconditionally 0 -> -1
2022-02-08 14:30:25,561 [pool-323-thread-1] INFO  server.RaftServerConfigKeys (ConfUtils.java:logGet(44)) - raft.server.snapshot.auto.trigger.enabled = true (custom)
2022-02-08 14:30:25,561 [pool-323-thread-1] INFO  server.RaftServerConfigKeys (ConfUtils.java:logGet(44)) - raft.server.snapshot.auto.trigger.threshold = 10000 (custom)
2022-02-08 14:30:25,561 [pool-323-thread-1] INFO  server.RaftServerConfigKeys (ConfUtils.java:logGet(44)) - raft.server.snapshot.retention.file.num = 5 (custom)
2022-02-08 14:30:25,561 [pool-323-thread-1] INFO  server.RaftServerConfigKeys (ConfUtils.java:logGet(44)) - raft.server.log.purge.upto.snapshot.index = false (default)
2022-02-08 14:30:25,561 [pool-323-thread-1] INFO  server.RaftServerConfigKeys (ConfUtils.java:logGet(44)) - raft.server.retrycache.expirytime = 600000ms (custom)
2022-02-08 14:30:25,561 [pool-323-thread-1] INFO  server.RaftServerConfigKeys (ConfUtils.java:logGet(44)) - raft.server.retrycache.statistics.expirytime = 100μs (default)
2022-02-08 14:30:25,562 [pool-323-thread-1] INFO  server.RaftServer$Division (RaftServerImpl.java:start(301)) - 4a6a0aaf-aa28-4f33-a09c-5a4e665a2556@group-BFB3F072E4AD: start as a follower, conf=-1: [9c433d8a-234d-492f-a374-35df91077eee|rpc:127.0.0.1:41109|dataStream:|priority:1, 4a6a0aaf-aa28-4f33-a09c-5a4e665a2556|rpc:127.0.0.1:39435|dataStream:|priority:0, 44736ceb-ad1e-44d8-8a85-1de4ce4d0fde|rpc:127.0.0.1:34931|dataStream:|priority:0], old=null
2022-02-08 14:30:25,562 [pool-323-thread-1] INFO  server.RaftServer$Division (RaftServerImpl.java:setRole(290)) - 4a6a0aaf-aa28-4f33-a09c-5a4e665a2556@group-BFB3F072E4AD: changes role from      null to FOLLOWER at term 0 for startAsFollower
2022-02-08 14:30:25,562 [pool-323-thread-1] INFO  impl.RoleInfo (RoleInfo.java:updateAndGet(130)) - 4a6a0aaf-aa28-4f33-a09c-5a4e665a2556: start 4a6a0aaf-aa28-4f33-a09c-5a4e665a2556@group-BFB3F072E4AD-FollowerState
2022-02-08 14:30:25,562 [pool-323-thread-1] INFO  util.JmxRegister (JmxRegister.java:tryRegister(44)) - Successfully registered JMX Bean with object name Ratis:service=RaftServer,group=group-BFB3F072E4AD,id=4a6a0aaf-aa28-4f33-a09c-5a4e665a2556
2022-02-08 14:30:25,568 [Command processor thread] INFO  server.RaftServer (RaftServerProxy.java:addNew(95)) - 4a6a0aaf-aa28-4f33-a09c-5a4e665a2556: addNew group-1A28616D5BAB:[4a6a0aaf-aa28-4f33-a09c-5a4e665a2556|rpc:127.0.0.1:39435|priority:1] returns group-1A28616D5BAB:java.util.concurrent.CompletableFuture@3c1c8fd0[Not completed]
2022-02-08 14:30:25,569 [pool-323-thread-1] INFO  server.RaftServer$Division (RaftServerImpl.java:<init>(184)) - 4a6a0aaf-aa28-4f33-a09c-5a4e665a2556: new RaftServerImpl for group-1A28616D5BAB:[4a6a0aaf-aa28-4f33-a09c-5a4e665a2556|rpc:127.0.0.1:39435|priority:1] with ContainerStateMachine:uninitialized
2022-02-08 14:30:25,569 [pool-323-thread-1] INFO  server.RaftServerConfigKeys (ConfUtils.java:logGet(44)) - raft.server.rpc.timeout.min = 5s (custom)
2022-02-08 14:30:25,569 [pool-323-thread-1] INFO  server.RaftServerConfigKeys (ConfUtils.java:logGet(44)) - raft.server.rpc.timeout.max = 5200ms (custom)
2022-02-08 14:30:25,569 [pool-323-thread-1] INFO  server.RaftServerConfigKeys (ConfUtils.java:logGet(44)) - raft.server.rpc.sleep.time = 25ms (default)
2022-02-08 14:30:25,569 [pool-323-thread-1] INFO  server.RaftServerConfigKeys (ConfUtils.java:logGet(44)) - raft.server.rpc.slowness.timeout = 300s (custom)
2022-02-08 14:30:25,569 [pool-323-thread-1] INFO  server.RaftServerConfigKeys (ConfUtils.java:logGet(44)) - raft.server.leaderelection.leader.step-down.wait-time = 10s (default)
2022-02-08 14:30:25,569 [pool-323-thread-1] INFO  server.RaftServerConfigKeys (ConfUtils.java:logGet(44)) - raft.server.sleep.deviation.threshold = 300ms (default)
2022-02-08 14:30:25,569 [pool-323-thread-1] INFO  server.RaftServerConfigKeys (ConfUtils.java:logGet(44)) - raft.server.log.appender.install.snapshot.enabled = false (custom)
2022-02-08 14:30:25,569 [pool-323-thread-1] INFO  server.RaftServer$Division (ServerState.java:<init>(105)) - 4a6a0aaf-aa28-4f33-a09c-5a4e665a2556@group-1A28616D5BAB: ConfigurationManager, init=-1: [4a6a0aaf-aa28-4f33-a09c-5a4e665a2556|rpc:127.0.0.1:39435|priority:1], old=null, confs=<EMPTY_MAP>
2022-02-08 14:30:25,569 [pool-323-thread-1] INFO  server.RaftServerConfigKeys (ConfUtils.java:logGet(44)) - raft.server.storage.dir = [/home/runner/work/ozone/ozone/hadoop-ozone/integration-test/target/test-dir/MiniOzoneClusterImpl-be5678e2-4507-4d84-8cb9-fc99c0f819fc/datanode-1/data/ratis] (custom)
2022-02-08 14:30:25,569 [pool-323-thread-1] INFO  server.RaftServerConfigKeys (ConfUtils.java:logGet(44)) - raft.server.log.corruption.policy = EXCEPTION (default)
2022-02-08 14:30:25,569 [pool-323-thread-1] INFO  server.RaftServerConfigKeys (ConfUtils.java:logGet(44)) - raft.server.storage.free-space.min = 0MB (=0) (default)
2022-02-08 14:30:25,569 [pool-323-thread-1] INFO  storage.RaftStorageDirectory (RaftStorageDirectoryImpl.java:analyzeStorage(135)) - The storage directory /home/runner/work/ozone/ozone/hadoop-ozone/integration-test/target/test-dir/MiniOzoneClusterImpl-be5678e2-4507-4d84-8cb9-fc99c0f819fc/datanode-1/data/ratis/30a150e0-a866-4a23-8623-1a28616d5bab does not exist. Creating ...
2022-02-08 14:30:25,572 [EndpointStateMachine task thread for /127.0.0.1:32969 - 0 ] INFO  ipc.Client (Client.java:handleConnectionFailure(977)) - Retrying connect to server: localhost/127.0.0.1:32969. Already tried 2 time(s); retry policy is RetryUpToMaximumCountWithFixedSleep(maxRetries=15, sleepTime=1000 MILLISECONDS)
2022-02-08 14:30:25,580 [EndpointStateMachine task thread for /127.0.0.1:41397 - 0 ] INFO  ipc.Client (Client.java:handleConnectionFailure(977)) - Retrying connect to server: localhost/127.0.0.1:41397. Already tried 2 time(s); retry policy is RetryUpToMaximumCountWithFixedSleep(maxRetries=15, sleepTime=1000 MILLISECONDS)
2022-02-08 14:30:25,584 [EndpointStateMachine task thread for /127.0.0.1:40085 - 0 ] INFO  ipc.Client (Client.java:handleConnectionFailure(977)) - Retrying connect to server: localhost/127.0.0.1:40085. Already tried 2 time(s); retry policy is RetryUpToMaximumCountWithFixedSleep(maxRetries=15, sleepTime=1000 MILLISECONDS)
2022-02-08 14:30:25,588 [pool-323-thread-1] INFO  storage.RaftStorageDirectory (RaftStorageDirectoryImpl.java:tryLock(230)) - Lock on /home/runner/work/ozone/ozone/hadoop-ozone/integration-test/target/test-dir/MiniOzoneClusterImpl-be5678e2-4507-4d84-8cb9-fc99c0f819fc/datanode-1/data/ratis/30a150e0-a866-4a23-8623-1a28616d5bab/in_use.lock acquired by nodename 16565@fv-az151-746
2022-02-08 14:30:25,597 [grpc-default-executor-2] INFO  server.RaftServer (RaftServerProxy.java:addNew(95)) - 9c433d8a-234d-492f-a374-35df91077eee: addNew group-BFB3F072E4AD:[9c433d8a-234d-492f-a374-35df91077eee|rpc:127.0.0.1:41109|dataStream:|priority:1, 4a6a0aaf-aa28-4f33-a09c-5a4e665a2556|rpc:127.0.0.1:39435|dataStream:|priority:0, 44736ceb-ad1e-44d8-8a85-1de4ce4d0fde|rpc:127.0.0.1:34931|dataStream:|priority:0] returns group-BFB3F072E4AD:java.util.concurrent.CompletableFuture@7365a87f[Not completed]
2022-02-08 14:30:25,599 [pool-346-thread-1] INFO  server.RaftServer$Division (RaftServerImpl.java:<init>(184)) - 9c433d8a-234d-492f-a374-35df91077eee: new RaftServerImpl for group-BFB3F072E4AD:[9c433d8a-234d-492f-a374-35df91077eee|rpc:127.0.0.1:41109|dataStream:|priority:1, 4a6a0aaf-aa28-4f33-a09c-5a4e665a2556|rpc:127.0.0.1:39435|dataStream:|priority:0, 44736ceb-ad1e-44d8-8a85-1de4ce4d0fde|rpc:127.0.0.1:34931|dataStream:|priority:0] with ContainerStateMachine:uninitialized
2022-02-08 14:30:25,599 [pool-346-thread-1] INFO  server.RaftServerConfigKeys (ConfUtils.java:logGet(44)) - raft.server.rpc.timeout.min = 5s (custom)
2022-02-08 14:30:25,599 [pool-346-thread-1] INFO  server.RaftServerConfigKeys (ConfUtils.java:logGet(44)) - raft.server.rpc.timeout.max = 5200ms (custom)
2022-02-08 14:30:25,599 [pool-346-thread-1] INFO  server.RaftServerConfigKeys (ConfUtils.java:logGet(44)) - raft.server.rpc.sleep.time = 25ms (default)
2022-02-08 14:30:25,599 [pool-346-thread-1] INFO  server.RaftServerConfigKeys (ConfUtils.java:logGet(44)) - raft.server.rpc.slowness.timeout = 300s (custom)
2022-02-08 14:30:25,599 [pool-346-thread-1] INFO  server.RaftServerConfigKeys (ConfUtils.java:logGet(44)) - raft.server.leaderelection.leader.step-down.wait-time = 10s (default)
2022-02-08 14:30:25,599 [pool-346-thread-1] INFO  server.RaftServerConfigKeys (ConfUtils.java:logGet(44)) - raft.server.sleep.deviation.threshold = 300ms (default)
2022-02-08 14:30:25,599 [pool-346-thread-1] INFO  server.RaftServerConfigKeys (ConfUtils.java:logGet(44)) - raft.server.log.appender.install.snapshot.enabled = false (custom)
2022-02-08 14:30:25,599 [pool-346-thread-1] INFO  server.RaftServer$Division (ServerState.java:<init>(105)) - 9c433d8a-234d-492f-a374-35df91077eee@group-BFB3F072E4AD: ConfigurationManager, init=-1: [9c433d8a-234d-492f-a374-35df91077eee|rpc:127.0.0.1:41109|dataStream:|priority:1, 4a6a0aaf-aa28-4f33-a09c-5a4e665a2556|rpc:127.0.0.1:39435|dataStream:|priority:0, 44736ceb-ad1e-44d8-8a85-1de4ce4d0fde|rpc:127.0.0.1:34931|dataStream:|priority:0], old=null, confs=<EMPTY_MAP>
2022-02-08 14:30:25,599 [pool-346-thread-1] INFO  server.RaftServerConfigKeys (ConfUtils.java:logGet(44)) - raft.server.storage.dir = [/home/runner/work/ozone/ozone/hadoop-ozone/integration-test/target/test-dir/MiniOzoneClusterImpl-be5678e2-4507-4d84-8cb9-fc99c0f819fc/datanode-2/data/ratis] (custom)
2022-02-08 14:30:25,599 [pool-346-thread-1] INFO  server.RaftServerConfigKeys (ConfUtils.java:logGet(44)) - raft.server.log.corruption.policy = EXCEPTION (default)
2022-02-08 14:30:25,599 [pool-346-thread-1] INFO  server.RaftServerConfigKeys (ConfUtils.java:logGet(44)) - raft.server.storage.free-space.min = 0MB (=0) (default)
2022-02-08 14:30:25,600 [pool-346-thread-1] INFO  storage.RaftStorageDirectory (RaftStorageDirectoryImpl.java:analyzeStorage(135)) - The storage directory /home/runner/work/ozone/ozone/hadoop-ozone/integration-test/target/test-dir/MiniOzoneClusterImpl-be5678e2-4507-4d84-8cb9-fc99c0f819fc/datanode-2/data/ratis/504b4b76-6570-4a93-bdf0-bfb3f072e4ad does not exist. Creating ...
2022-02-08 14:30:25,601 [pool-346-thread-1] INFO  storage.RaftStorageDirectory (RaftStorageDirectoryImpl.java:tryLock(230)) - Lock on /home/runner/work/ozone/ozone/hadoop-ozone/integration-test/target/test-dir/MiniOzoneClusterImpl-be5678e2-4507-4d84-8cb9-fc99c0f819fc/datanode-2/data/ratis/504b4b76-6570-4a93-bdf0-bfb3f072e4ad/in_use.lock acquired by nodename 16565@fv-az151-746
2022-02-08 14:30:25,601 [pool-323-thread-1] INFO  storage.RaftStorage (RaftStorageImpl.java:format(89)) - Storage directory /home/runner/work/ozone/ozone/hadoop-ozone/integration-test/target/test-dir/MiniOzoneClusterImpl-be5678e2-4507-4d84-8cb9-fc99c0f819fc/datanode-1/data/ratis/30a150e0-a866-4a23-8623-1a28616d5bab has been successfully formatted.
2022-02-08 14:30:25,602 [pool-323-thread-1] INFO  ratis.ContainerStateMachine (ContainerStateMachine.java:loadSnapshot(231)) - group-1A28616D5BAB: The snapshot info is null. Setting the last applied indexto:(t:0, i:~)
2022-02-08 14:30:25,602 [pool-323-thread-1] INFO  server.RaftServerConfigKeys (ConfUtils.java:logGet(44)) - raft.server.notification.no-leader.timeout = 300s (custom)
2022-02-08 14:30:25,602 [pool-323-thread-1] INFO  server.RaftServerConfigKeys (ConfUtils.java:logGet(44)) - raft.server.log.use.memory = false (default)
2022-02-08 14:30:25,602 [pool-323-thread-1] INFO  server.RaftServerConfigKeys (ConfUtils.java:logGet(44)) - raft.server.log.purge.gap = 1000000 (custom)
2022-02-08 14:30:25,602 [pool-323-thread-1] INFO  server.RaftServerConfigKeys (ConfUtils.java:logGet(44)) - raft.server.log.appender.buffer.byte-limit = 33554432 (custom)
2022-02-08 14:30:25,602 [pool-323-thread-1] INFO  server.RaftServerConfigKeys (ConfUtils.java:logGet(44)) - raft.server.log.segment.size.max = 1048576 (custom)
2022-02-08 14:30:25,602 [pool-323-thread-1] INFO  server.RaftServerConfigKeys (ConfUtils.java:logGet(44)) - raft.server.log.segment.cache.num.max = 2 (custom)
2022-02-08 14:30:25,602 [pool-323-thread-1] INFO  server.RaftServerConfigKeys (ConfUtils.java:logGet(44)) - raft.server.log.segment.cache.size.max = 200MB (=209715200) (default)
2022-02-08 14:30:25,602 [pool-323-thread-1] INFO  segmented.SegmentedRaftLogWorker (SegmentedRaftLogWorker.java:<init>(182)) - new 4a6a0aaf-aa28-4f33-a09c-5a4e665a2556@group-1A28616D5BAB-SegmentedRaftLogWorker for RaftStorageImpl:Storage Directory /home/runner/work/ozone/ozone/hadoop-ozone/integration-test/target/test-dir/MiniOzoneClusterImpl-be5678e2-4507-4d84-8cb9-fc99c0f819fc/datanode-1/data/ratis/30a150e0-a866-4a23-8623-1a28616d5bab
2022-02-08 14:30:25,602 [pool-323-thread-1] INFO  server.RaftServerConfigKeys (ConfUtils.java:logGet(44)) - raft.server.log.queue.byte-limit = 2147483647 (custom)
2022-02-08 14:30:25,602 [pool-323-thread-1] INFO  server.RaftServerConfigKeys (ConfUtils.java:logGet(44)) - raft.server.log.queue.element-limit = 1024 (custom)
2022-02-08 14:30:25,602 [pool-323-thread-1] INFO  server.RaftServerConfigKeys (ConfUtils.java:logGet(44)) - raft.server.log.segment.size.max = 1048576 (custom)
2022-02-08 14:30:25,602 [pool-323-thread-1] INFO  server.RaftServerConfigKeys (ConfUtils.java:logGet(44)) - raft.server.log.preallocated.size = 16384 (custom)
2022-02-08 14:30:25,603 [pool-323-thread-1] INFO  server.RaftServerConfigKeys (ConfUtils.java:logGet(44)) - raft.server.log.force.sync.num = 128 (default)
2022-02-08 14:30:25,603 [pool-323-thread-1] INFO  server.RaftServerConfigKeys (ConfUtils.java:logGet(44)) - raft.server.log.statemachine.data.sync = true (default)
2022-02-08 14:30:25,603 [pool-323-thread-1] INFO  server.RaftServerConfigKeys (ConfUtils.java:logGet(44)) - raft.server.log.statemachine.data.sync.timeout = 10s (default)
2022-02-08 14:30:25,603 [pool-323-thread-1] INFO  server.RaftServerConfigKeys (ConfUtils.java:logGet(44)) - raft.server.log.statemachine.data.sync.timeout.retry = -1 (default)
2022-02-08 14:30:25,603 [pool-323-thread-1] INFO  server.RaftServerConfigKeys (ConfUtils.java:logGet(44)) - raft.server.log.write.buffer.size = 1048576 (custom)
2022-02-08 14:30:25,604 [pool-323-thread-1] INFO  server.RaftServerConfigKeys (ConfUtils.java:logGet(44)) - raft.server.log.statemachine.data.caching.enabled = true (custom)
2022-02-08 14:30:25,604 [pool-323-thread-1] INFO  segmented.SegmentedRaftLogWorker (SegmentedRaftLogWorker.java:lambda$new$0(133)) - 4a6a0aaf-aa28-4f33-a09c-5a4e665a2556@group-1A28616D5BAB-SegmentedRaftLogWorker: flushIndex: setUnconditionally 0 -> -1
2022-02-08 14:30:25,604 [pool-323-thread-1] INFO  segmented.SegmentedRaftLogWorker (SegmentedRaftLogWorker.java:lambda$new$0(133)) - 4a6a0aaf-aa28-4f33-a09c-5a4e665a2556@group-1A28616D5BAB-SegmentedRaftLogWorker: safeCacheEvictIndex: setUnconditionally 0 -> -1
2022-02-08 14:30:25,606 [EventQueue-PipelineReportForPipelineReportHandler] INFO  pipeline.PipelineManagerImpl (PipelineManagerImpl.java:openPipeline(291)) - Pipeline Pipeline[ Id: 30a150e0-a866-4a23-8623-1a28616d5bab, Nodes: 4a6a0aaf-aa28-4f33-a09c-5a4e665a2556{ip: 127.0.0.1, host: localhost, ports: [REPLICATION=40395, RATIS=39435, RATIS_ADMIN=39435, RATIS_SERVER=39435, STANDALONE=35809], networkLocation: /default-rack, certSerialId: null, persistedOpState: IN_SERVICE, persistedOpStateExpiryEpochSec: 0}, ReplicationConfig: RATIS/ONE, State:ALLOCATED, leaderId:4a6a0aaf-aa28-4f33-a09c-5a4e665a2556, CreationTimestamp2022-02-08T14:30:22.602Z[Etc/UTC]] moved to OPEN state
2022-02-08 14:30:25,608 [pool-346-thread-1] INFO  storage.RaftStorage (RaftStorageImpl.java:format(89)) - Storage directory /home/runner/work/ozone/ozone/hadoop-ozone/integration-test/target/test-dir/MiniOzoneClusterImpl-be5678e2-4507-4d84-8cb9-fc99c0f819fc/datanode-2/data/ratis/504b4b76-6570-4a93-bdf0-bfb3f072e4ad has been successfully formatted.
2022-02-08 14:30:25,617 [pool-323-thread-1] INFO  server.RaftServerConfigKeys (ConfUtils.java:logGet(44)) - raft.server.snapshot.auto.trigger.enabled = true (custom)
2022-02-08 14:30:25,617 [pool-323-thread-1] INFO  server.RaftServerConfigKeys (ConfUtils.java:logGet(44)) - raft.server.snapshot.auto.trigger.threshold = 10000 (custom)
2022-02-08 14:30:25,617 [pool-323-thread-1] INFO  server.RaftServerConfigKeys (ConfUtils.java:logGet(44)) - raft.server.snapshot.retention.file.num = 5 (custom)
2022-02-08 14:30:25,617 [pool-323-thread-1] INFO  server.RaftServerConfigKeys (ConfUtils.java:logGet(44)) - raft.server.log.purge.upto.snapshot.index = false (default)
2022-02-08 14:30:25,617 [pool-346-thread-1] INFO  ratis.ContainerStateMachine (ContainerStateMachine.java:loadSnapshot(231)) - group-BFB3F072E4AD: The snapshot info is null. Setting the last applied indexto:(t:0, i:~)
2022-02-08 14:30:25,617 [pool-346-thread-1] INFO  server.RaftServerConfigKeys (ConfUtils.java:logGet(44)) - raft.server.notification.no-leader.timeout = 300s (custom)
2022-02-08 14:30:25,617 [pool-346-thread-1] INFO  server.RaftServerConfigKeys (ConfUtils.java:logGet(44)) - raft.server.log.use.memory = false (default)
2022-02-08 14:30:25,617 [pool-346-thread-1] INFO  server.RaftServerConfigKeys (ConfUtils.java:logGet(44)) - raft.server.log.purge.gap = 1000000 (custom)
2022-02-08 14:30:25,617 [pool-346-thread-1] INFO  server.RaftServerConfigKeys (ConfUtils.java:logGet(44)) - raft.server.log.appender.buffer.byte-limit = 33554432 (custom)
2022-02-08 14:30:25,618 [pool-346-thread-1] INFO  server.RaftServerConfigKeys (ConfUtils.java:logGet(44)) - raft.server.log.segment.size.max = 1048576 (custom)
2022-02-08 14:30:25,618 [pool-346-thread-1] INFO  server.RaftServerConfigKeys (ConfUtils.java:logGet(44)) - raft.server.log.segment.cache.num.max = 2 (custom)
2022-02-08 14:30:25,618 [pool-346-thread-1] INFO  server.RaftServerConfigKeys (ConfUtils.java:logGet(44)) - raft.server.log.segment.cache.size.max = 200MB (=209715200) (default)
2022-02-08 14:30:25,618 [pool-346-thread-1] INFO  segmented.SegmentedRaftLogWorker (SegmentedRaftLogWorker.java:<init>(182)) - new 9c433d8a-234d-492f-a374-35df91077eee@group-BFB3F072E4AD-SegmentedRaftLogWorker for RaftStorageImpl:Storage Directory /home/runner/work/ozone/ozone/hadoop-ozone/integration-test/target/test-dir/MiniOzoneClusterImpl-be5678e2-4507-4d84-8cb9-fc99c0f819fc/datanode-2/data/ratis/504b4b76-6570-4a93-bdf0-bfb3f072e4ad
2022-02-08 14:30:25,618 [pool-346-thread-1] INFO  server.RaftServerConfigKeys (ConfUtils.java:logGet(44)) - raft.server.log.queue.byte-limit = 2147483647 (custom)
2022-02-08 14:30:25,618 [pool-346-thread-1] INFO  server.RaftServerConfigKeys (ConfUtils.java:logGet(44)) - raft.server.log.queue.element-limit = 1024 (custom)
2022-02-08 14:30:25,618 [pool-346-thread-1] INFO  server.RaftServerConfigKeys (ConfUtils.java:logGet(44)) - raft.server.log.segment.size.max = 1048576 (custom)
2022-02-08 14:30:25,618 [pool-346-thread-1] INFO  server.RaftServerConfigKeys (ConfUtils.java:logGet(44)) - raft.server.log.preallocated.size = 16384 (custom)
2022-02-08 14:30:25,618 [pool-346-thread-1] INFO  server.RaftServerConfigKeys (ConfUtils.java:logGet(44)) - raft.server.log.force.sync.num = 128 (default)
2022-02-08 14:30:25,618 [pool-346-thread-1] INFO  server.RaftServerConfigKeys (ConfUtils.java:logGet(44)) - raft.server.log.statemachine.data.sync = true (default)
2022-02-08 14:30:25,618 [pool-346-thread-1] INFO  server.RaftServerConfigKeys (ConfUtils.java:logGet(44)) - raft.server.log.statemachine.data.sync.timeout = 10s (default)
2022-02-08 14:30:25,618 [pool-346-thread-1] INFO  server.RaftServerConfigKeys (ConfUtils.java:logGet(44)) - raft.server.log.statemachine.data.sync.timeout.retry = -1 (default)
2022-02-08 14:30:25,620 [19a54928-8125-4c35-a03e-a210dfc90c30@group-FC99C0F819FC-StateMachineUpdater] INFO  ha.SCMStateMachine (SCMStateMachine.java:takeSnapshot(297)) - Current Snapshot Index 18, takeSnapshot took 0 ms
2022-02-08 14:30:25,620 [19a54928-8125-4c35-a03e-a210dfc90c30@group-FC99C0F819FC-StateMachineUpdater] INFO  impl.StateMachineUpdater (StateMachineUpdater.java:takeSnapshot(281)) - 19a54928-8125-4c35-a03e-a210dfc90c30@group-FC99C0F819FC-StateMachineUpdater: Took a snapshot at index 18
2022-02-08 14:30:25,620 [19a54928-8125-4c35-a03e-a210dfc90c30@group-FC99C0F819FC-StateMachineUpdater] INFO  impl.StateMachineUpdater (StateMachineUpdater.java:lambda$new$0(89)) - 19a54928-8125-4c35-a03e-a210dfc90c30@group-FC99C0F819FC-StateMachineUpdater: snapshotIndex: updateIncreasingly 13 -> 18
2022-02-08 14:30:25,620 [19a54928-8125-4c35-a03e-a210dfc90c30@group-FC99C0F819FC-StateMachineUpdater] INFO  raftlog.RaftLog (RaftLogBase.java:purge(306)) - 19a54928-8125-4c35-a03e-a210dfc90c30@group-FC99C0F819FC-SegmentedRaftLog: purge 18
2022-02-08 14:30:25,620 [19a54928-8125-4c35-a03e-a210dfc90c30@group-FC99C0F819FC-StateMachineUpdater] INFO  raftlog.RaftLog (RaftLogBase.java:lambda$new$0(53)) - 19a54928-8125-4c35-a03e-a210dfc90c30@group-FC99C0F819FC-SegmentedRaftLog: snapshotIndex: updateIncreasingly 13 -> 18
2022-02-08 14:30:25,620 [19a54928-8125-4c35-a03e-a210dfc90c30@group-FC99C0F819FC-StateMachineUpdater] INFO  raftlog.RaftLog (RaftLogBase.java:lambda$new$0(53)) - 19a54928-8125-4c35-a03e-a210dfc90c30@group-FC99C0F819FC-SegmentedRaftLog: purgeIndex: updateToMax old=13, new=18, updated? true
2022-02-08 14:30:25,621 [pool-346-thread-1] INFO  server.RaftServerConfigKeys (ConfUtils.java:logGet(44)) - raft.server.log.write.buffer.size = 1048576 (custom)
2022-02-08 14:30:25,622 [EventQueue-PipelineReportForPipelineReportHandler] INFO  pipeline.PipelineManagerImpl (PipelineManagerImpl.java:openPipeline(291)) - Pipeline Pipeline[ Id: 30a150e0-a866-4a23-8623-1a28616d5bab, Nodes: 4a6a0aaf-aa28-4f33-a09c-5a4e665a2556{ip: 127.0.0.1, host: localhost, ports: [REPLICATION=40395, RATIS=39435, RATIS_ADMIN=39435, RATIS_SERVER=39435, STANDALONE=35809], networkLocation: /default-rack, certSerialId: null, persistedOpState: IN_SERVICE, persistedOpStateExpiryEpochSec: 0}, ReplicationConfig: RATIS/ONE, State:ALLOCATED, leaderId:4a6a0aaf-aa28-4f33-a09c-5a4e665a2556, CreationTimestamp2022-02-08T14:30:22.602Z[Etc/UTC]] moved to OPEN state
2022-02-08 14:30:25,622 [pool-346-thread-1] INFO  server.RaftServerConfigKeys (ConfUtils.java:logGet(44)) - raft.server.log.statemachine.data.caching.enabled = true (custom)
2022-02-08 14:30:25,622 [pool-346-thread-1] INFO  segmented.SegmentedRaftLogWorker (SegmentedRaftLogWorker.java:lambda$new$0(133)) - 9c433d8a-234d-492f-a374-35df91077eee@group-BFB3F072E4AD-SegmentedRaftLogWorker: flushIndex: setUnconditionally 0 -> -1
2022-02-08 14:30:25,622 [pool-346-thread-1] INFO  segmented.SegmentedRaftLogWorker (SegmentedRaftLogWorker.java:lambda$new$0(133)) - 9c433d8a-234d-492f-a374-35df91077eee@group-BFB3F072E4AD-SegmentedRaftLogWorker: safeCacheEvictIndex: setUnconditionally 0 -> -1
2022-02-08 14:30:25,622 [7a675d49-8bf4-44ad-b841-6def84288824@group-FC99C0F819FC-StateMachineUpdater] INFO  safemode.HealthyPipelineSafeModeRule (HealthyPipelineSafeModeRule.java:initializeRule(152)) - Refreshed total pipeline count is 0, healthy pipeline threshold count is 1
2022-02-08 14:30:25,623 [7a675d49-8bf4-44ad-b841-6def84288824@group-FC99C0F819FC-StateMachineUpdater] INFO  ha.SCMStateMachine (SCMStateMachine.java:takeSnapshot(297)) - Current Snapshot Index 19, takeSnapshot took 0 ms
2022-02-08 14:30:25,623 [7a675d49-8bf4-44ad-b841-6def84288824@group-FC99C0F819FC-StateMachineUpdater] INFO  impl.StateMachineUpdater (StateMachineUpdater.java:takeSnapshot(281)) - 7a675d49-8bf4-44ad-b841-6def84288824@group-FC99C0F819FC-StateMachineUpdater: Took a snapshot at index 19
2022-02-08 14:30:25,623 [7a675d49-8bf4-44ad-b841-6def84288824@group-FC99C0F819FC-StateMachineUpdater] INFO  impl.StateMachineUpdater (StateMachineUpdater.java:lambda$new$0(89)) - 7a675d49-8bf4-44ad-b841-6def84288824@group-FC99C0F819FC-StateMachineUpdater: snapshotIndex: updateIncreasingly 14 -> 19
2022-02-08 14:30:25,623 [7a675d49-8bf4-44ad-b841-6def84288824@group-FC99C0F819FC-StateMachineUpdater] INFO  raftlog.RaftLog (RaftLogBase.java:purge(306)) - 7a675d49-8bf4-44ad-b841-6def84288824@group-FC99C0F819FC-SegmentedRaftLog: purge 19
2022-02-08 14:30:25,623 [7a675d49-8bf4-44ad-b841-6def84288824@group-FC99C0F819FC-StateMachineUpdater] INFO  raftlog.RaftLog (RaftLogBase.java:lambda$new$0(53)) - 7a675d49-8bf4-44ad-b841-6def84288824@group-FC99C0F819FC-SegmentedRaftLog: snapshotIndex: updateIncreasingly 14 -> 19
2022-02-08 14:30:25,623 [7a675d49-8bf4-44ad-b841-6def84288824@group-FC99C0F819FC-StateMachineUpdater] INFO  raftlog.RaftLog (RaftLogBase.java:lambda$new$0(53)) - 7a675d49-8bf4-44ad-b841-6def84288824@group-FC99C0F819FC-SegmentedRaftLog: purgeIndex: updateToMax old=14, new=19, updated? true
2022-02-08 14:30:25,623 [EventQueue-OpenPipelineForHealthyPipelineSafeModeRule] INFO  safemode.SCMSafeModeManager (HealthyPipelineSafeModeRule.java:process(124)) - SCM in safe mode. Healthy pipelines reported count is 0, required healthy pipeline reported count is 1
2022-02-08 14:30:25,631 [pool-346-thread-1] INFO  server.RaftServerConfigKeys (ConfUtils.java:logGet(44)) - raft.server.snapshot.auto.trigger.enabled = true (custom)
2022-02-08 14:30:25,631 [pool-346-thread-1] INFO  server.RaftServerConfigKeys (ConfUtils.java:logGet(44)) - raft.server.snapshot.auto.trigger.threshold = 10000 (custom)
2022-02-08 14:30:25,631 [pool-346-thread-1] INFO  server.RaftServerConfigKeys (ConfUtils.java:logGet(44)) - raft.server.snapshot.retention.file.num = 5 (custom)
2022-02-08 14:30:25,631 [pool-346-thread-1] INFO  server.RaftServerConfigKeys (ConfUtils.java:logGet(44)) - raft.server.log.purge.upto.snapshot.index = false (default)
2022-02-08 14:30:25,632 [pool-346-thread-1] INFO  server.RaftServerConfigKeys (ConfUtils.java:logGet(44)) - raft.server.retrycache.expirytime = 600000ms (custom)
2022-02-08 14:30:25,632 [pool-346-thread-1] INFO  server.RaftServerConfigKeys (ConfUtils.java:logGet(44)) - raft.server.retrycache.statistics.expirytime = 100μs (default)
2022-02-08 14:30:25,632 [pool-346-thread-1] INFO  server.RaftServer$Division (RaftServerImpl.java:start(301)) - 9c433d8a-234d-492f-a374-35df91077eee@group-BFB3F072E4AD: start as a follower, conf=-1: [9c433d8a-234d-492f-a374-35df91077eee|rpc:127.0.0.1:41109|dataStream:|priority:1, 4a6a0aaf-aa28-4f33-a09c-5a4e665a2556|rpc:127.0.0.1:39435|dataStream:|priority:0, 44736ceb-ad1e-44d8-8a85-1de4ce4d0fde|rpc:127.0.0.1:34931|dataStream:|priority:0], old=null
2022-02-08 14:30:25,633 [pool-346-thread-1] INFO  server.RaftServer$Division (RaftServerImpl.java:setRole(290)) - 9c433d8a-234d-492f-a374-35df91077eee@group-BFB3F072E4AD: changes role from      null to FOLLOWER at term 0 for startAsFollower
2022-02-08 14:30:25,633 [pool-346-thread-1] INFO  impl.RoleInfo (RoleInfo.java:updateAndGet(130)) - 9c433d8a-234d-492f-a374-35df91077eee: start 9c433d8a-234d-492f-a374-35df91077eee@group-BFB3F072E4AD-FollowerState
2022-02-08 14:30:25,637 [pool-346-thread-1] INFO  util.JmxRegister (JmxRegister.java:tryRegister(44)) - Successfully registered JMX Bean with object name Ratis:service=RaftServer,group=group-BFB3F072E4AD,id=9c433d8a-234d-492f-a374-35df91077eee
2022-02-08 14:30:25,657 [pool-323-thread-1] INFO  server.RaftServerConfigKeys (ConfUtils.java:logGet(44)) - raft.server.retrycache.expirytime = 600000ms (custom)
2022-02-08 14:30:25,657 [pool-323-thread-1] INFO  server.RaftServerConfigKeys (ConfUtils.java:logGet(44)) - raft.server.retrycache.statistics.expirytime = 100μs (default)
2022-02-08 14:30:25,658 [pool-323-thread-1] INFO  server.RaftServer$Division (RaftServerImpl.java:start(301)) - 4a6a0aaf-aa28-4f33-a09c-5a4e665a2556@group-1A28616D5BAB: start as a follower, conf=-1: [4a6a0aaf-aa28-4f33-a09c-5a4e665a2556|rpc:127.0.0.1:39435|priority:1], old=null
2022-02-08 14:30:25,658 [pool-323-thread-1] INFO  server.RaftServer$Division (RaftServerImpl.java:setRole(290)) - 4a6a0aaf-aa28-4f33-a09c-5a4e665a2556@group-1A28616D5BAB: changes role from      null to FOLLOWER at term 0 for startAsFollower
2022-02-08 14:30:25,677 [pool-323-thread-1] INFO  impl.RoleInfo (RoleInfo.java:updateAndGet(130)) - 4a6a0aaf-aa28-4f33-a09c-5a4e665a2556: start 4a6a0aaf-aa28-4f33-a09c-5a4e665a2556@group-1A28616D5BAB-FollowerState
2022-02-08 14:30:25,681 [19a54928-8125-4c35-a03e-a210dfc90c30@group-FC99C0F819FC-StateMachineUpdater] INFO  safemode.HealthyPipelineSafeModeRule (HealthyPipelineSafeModeRule.java:initializeRule(152)) - Refreshed total pipeline count is 0, healthy pipeline threshold count is 1
2022-02-08 14:30:25,682 [pool-323-thread-1] INFO  util.JmxRegister (JmxRegister.java:tryRegister(44)) - Successfully registered JMX Bean with object name Ratis:service=RaftServer,group=group-1A28616D5BAB,id=4a6a0aaf-aa28-4f33-a09c-5a4e665a2556
2022-02-08 14:30:25,712 [Command processor thread] INFO  ratis.XceiverServerRatis (XceiverServerRatis.java:addGroup(768)) - Created group PipelineID=30a150e0-a866-4a23-8623-1a28616d5bab
2022-02-08 14:30:25,713 [Command processor thread] INFO  commandhandler.CreatePipelineCommandHandler (CreatePipelineCommandHandler.java:handle(106)) - Created Pipeline RATIS ONE PipelineID=30a150e0-a866-4a23-8623-1a28616d5bab.
2022-02-08 14:30:25,725 [Command processor thread] INFO  commandhandler.CreatePipelineCommandHandler (CreatePipelineCommandHandler.java:handle(106)) - Created Pipeline RATIS THREE PipelineID=504b4b76-6570-4a93-bdf0-bfb3f072e4ad.
2022-02-08 14:30:25,939 [Listener at 127.0.0.1/38815] INFO  ozone.MiniOzoneClusterImpl (MiniOzoneClusterImpl.java:lambda$waitForClusterToBeReady$0(219)) - Nodes are ready. Got 3 of 3 DN Heartbeats.
2022-02-08 14:30:25,939 [Listener at 127.0.0.1/38815] INFO  ozone.MiniOzoneClusterImpl (MiniOzoneClusterImpl.java:lambda$waitForClusterToBeReady$0(222)) - Waiting for cluster to exit safe mode
2022-02-08 14:30:25,939 [Listener at 127.0.0.1/38815] INFO  ozone.MiniOzoneClusterImpl (MiniOzoneClusterImpl.java:lambda$waitForClusterToBeReady$0(224)) - SCM became leader
2022-02-08 14:30:25,988 [Command processor thread] INFO  server.RaftServer (RaftServerProxy.java:addNew(95)) - 9c433d8a-234d-492f-a374-35df91077eee: addNew group-E84B4EFC87A5:[9c433d8a-234d-492f-a374-35df91077eee|rpc:127.0.0.1:41109|priority:1] returns group-E84B4EFC87A5:java.util.concurrent.CompletableFuture@2494c0de[Not completed]
2022-02-08 14:30:25,989 [pool-346-thread-1] INFO  server.RaftServer$Division (RaftServerImpl.java:<init>(184)) - 9c433d8a-234d-492f-a374-35df91077eee: new RaftServerImpl for group-E84B4EFC87A5:[9c433d8a-234d-492f-a374-35df91077eee|rpc:127.0.0.1:41109|priority:1] with ContainerStateMachine:uninitialized
2022-02-08 14:30:25,989 [pool-346-thread-1] INFO  server.RaftServerConfigKeys (ConfUtils.java:logGet(44)) - raft.server.rpc.timeout.min = 5s (custom)
2022-02-08 14:30:25,989 [pool-346-thread-1] INFO  server.RaftServerConfigKeys (ConfUtils.java:logGet(44)) - raft.server.rpc.timeout.max = 5200ms (custom)
2022-02-08 14:30:25,989 [pool-346-thread-1] INFO  server.RaftServerConfigKeys (ConfUtils.java:logGet(44)) - raft.server.rpc.sleep.time = 25ms (default)
2022-02-08 14:30:25,989 [pool-346-thread-1] INFO  server.RaftServerConfigKeys (ConfUtils.java:logGet(44)) - raft.server.rpc.slowness.timeout = 300s (custom)
2022-02-08 14:30:25,989 [pool-346-thread-1] INFO  server.RaftServerConfigKeys (ConfUtils.java:logGet(44)) - raft.server.leaderelection.leader.step-down.wait-time = 10s (default)
2022-02-08 14:30:25,989 [pool-346-thread-1] INFO  server.RaftServerConfigKeys (ConfUtils.java:logGet(44)) - raft.server.sleep.deviation.threshold = 300ms (default)
2022-02-08 14:30:25,989 [pool-346-thread-1] INFO  server.RaftServerConfigKeys (ConfUtils.java:logGet(44)) - raft.server.log.appender.install.snapshot.enabled = false (custom)
2022-02-08 14:30:25,989 [pool-346-thread-1] INFO  server.RaftServer$Division (ServerState.java:<init>(105)) - 9c433d8a-234d-492f-a374-35df91077eee@group-E84B4EFC87A5: ConfigurationManager, init=-1: [9c433d8a-234d-492f-a374-35df91077eee|rpc:127.0.0.1:41109|priority:1], old=null, confs=<EMPTY_MAP>
2022-02-08 14:30:25,989 [pool-346-thread-1] INFO  server.RaftServerConfigKeys (ConfUtils.java:logGet(44)) - raft.server.storage.dir = [/home/runner/work/ozone/ozone/hadoop-ozone/integration-test/target/test-dir/MiniOzoneClusterImpl-be5678e2-4507-4d84-8cb9-fc99c0f819fc/datanode-2/data/ratis] (custom)
2022-02-08 14:30:25,989 [pool-346-thread-1] INFO  server.RaftServerConfigKeys (ConfUtils.java:logGet(44)) - raft.server.log.corruption.policy = EXCEPTION (default)
2022-02-08 14:30:25,989 [pool-346-thread-1] INFO  server.RaftServerConfigKeys (ConfUtils.java:logGet(44)) - raft.server.storage.free-space.min = 0MB (=0) (default)
2022-02-08 14:30:25,990 [pool-346-thread-1] INFO  storage.RaftStorageDirectory (RaftStorageDirectoryImpl.java:analyzeStorage(135)) - The storage directory /home/runner/work/ozone/ozone/hadoop-ozone/integration-test/target/test-dir/MiniOzoneClusterImpl-be5678e2-4507-4d84-8cb9-fc99c0f819fc/datanode-2/data/ratis/e5c7d492-f82f-4aea-a02b-e84b4efc87a5 does not exist. Creating ...
2022-02-08 14:30:25,991 [pool-346-thread-1] INFO  storage.RaftStorageDirectory (RaftStorageDirectoryImpl.java:tryLock(230)) - Lock on /home/runner/work/ozone/ozone/hadoop-ozone/integration-test/target/test-dir/MiniOzoneClusterImpl-be5678e2-4507-4d84-8cb9-fc99c0f819fc/datanode-2/data/ratis/e5c7d492-f82f-4aea-a02b-e84b4efc87a5/in_use.lock acquired by nodename 16565@fv-az151-746
2022-02-08 14:30:25,992 [pool-346-thread-1] INFO  storage.RaftStorage (RaftStorageImpl.java:format(89)) - Storage directory /home/runner/work/ozone/ozone/hadoop-ozone/integration-test/target/test-dir/MiniOzoneClusterImpl-be5678e2-4507-4d84-8cb9-fc99c0f819fc/datanode-2/data/ratis/e5c7d492-f82f-4aea-a02b-e84b4efc87a5 has been successfully formatted.
2022-02-08 14:30:25,992 [pool-346-thread-1] INFO  ratis.ContainerStateMachine (ContainerStateMachine.java:loadSnapshot(231)) - group-E84B4EFC87A5: The snapshot info is null. Setting the last applied indexto:(t:0, i:~)
2022-02-08 14:30:25,994 [EventQueue-PipelineReportForPipelineReportHandler] INFO  pipeline.PipelineManagerImpl (PipelineManagerImpl.java:openPipeline(291)) - Pipeline Pipeline[ Id: e5c7d492-f82f-4aea-a02b-e84b4efc87a5, Nodes: 9c433d8a-234d-492f-a374-35df91077eee{ip: 127.0.0.1, host: localhost, ports: [REPLICATION=41719, RATIS=41109, RATIS_ADMIN=41109, RATIS_SERVER=41109, STANDALONE=38329], networkLocation: /default-rack, certSerialId: null, persistedOpState: IN_SERVICE, persistedOpStateExpiryEpochSec: 0}, ReplicationConfig: RATIS/ONE, State:ALLOCATED, leaderId:9c433d8a-234d-492f-a374-35df91077eee, CreationTimestamp2022-02-08T14:30:22.995Z[Etc/UTC]] moved to OPEN state
2022-02-08 14:30:25,995 [EventQueue-PipelineReportForPipelineReportHandler] INFO  pipeline.PipelineManagerImpl (PipelineManagerImpl.java:openPipeline(291)) - Pipeline Pipeline[ Id: e5c7d492-f82f-4aea-a02b-e84b4efc87a5, Nodes: 9c433d8a-234d-492f-a374-35df91077eee{ip: 127.0.0.1, host: localhost, ports: [REPLICATION=41719, RATIS=41109, RATIS_ADMIN=41109, RATIS_SERVER=41109, STANDALONE=38329], networkLocation: /default-rack, certSerialId: null, persistedOpState: IN_SERVICE, persistedOpStateExpiryEpochSec: 0}, ReplicationConfig: RATIS/ONE, State:ALLOCATED, leaderId:9c433d8a-234d-492f-a374-35df91077eee, CreationTimestamp2022-02-08T14:30:22.995Z[Etc/UTC]] moved to OPEN state
2022-02-08 14:30:25,996 [pool-346-thread-1] INFO  server.RaftServerConfigKeys (ConfUtils.java:logGet(44)) - raft.server.notification.no-leader.timeout = 300s (custom)
2022-02-08 14:30:25,996 [pool-346-thread-1] INFO  server.RaftServerConfigKeys (ConfUtils.java:logGet(44)) - raft.server.log.use.memory = false (default)
2022-02-08 14:30:25,996 [pool-346-thread-1] INFO  server.RaftServerConfigKeys (ConfUtils.java:logGet(44)) - raft.server.log.purge.gap = 1000000 (custom)
2022-02-08 14:30:25,996 [pool-346-thread-1] INFO  server.RaftServerConfigKeys (ConfUtils.java:logGet(44)) - raft.server.log.appender.buffer.byte-limit = 33554432 (custom)
2022-02-08 14:30:25,996 [pool-346-thread-1] INFO  server.RaftServerConfigKeys (ConfUtils.java:logGet(44)) - raft.server.log.segment.size.max = 1048576 (custom)
2022-02-08 14:30:25,997 [pool-346-thread-1] INFO  server.RaftServerConfigKeys (ConfUtils.java:logGet(44)) - raft.server.log.segment.cache.num.max = 2 (custom)
2022-02-08 14:30:25,997 [pool-346-thread-1] INFO  server.RaftServerConfigKeys (ConfUtils.java:logGet(44)) - raft.server.log.segment.cache.size.max = 200MB (=209715200) (default)
2022-02-08 14:30:25,997 [pool-346-thread-1] INFO  segmented.SegmentedRaftLogWorker (SegmentedRaftLogWorker.java:<init>(182)) - new 9c433d8a-234d-492f-a374-35df91077eee@group-E84B4EFC87A5-SegmentedRaftLogWorker for RaftStorageImpl:Storage Directory /home/runner/work/ozone/ozone/hadoop-ozone/integration-test/target/test-dir/MiniOzoneClusterImpl-be5678e2-4507-4d84-8cb9-fc99c0f819fc/datanode-2/data/ratis/e5c7d492-f82f-4aea-a02b-e84b4efc87a5
2022-02-08 14:30:25,997 [pool-346-thread-1] INFO  server.RaftServerConfigKeys (ConfUtils.java:logGet(44)) - raft.server.log.queue.byte-limit = 2147483647 (custom)
2022-02-08 14:30:25,997 [pool-346-thread-1] INFO  server.RaftServerConfigKeys (ConfUtils.java:logGet(44)) - raft.server.log.queue.element-limit = 1024 (custom)
2022-02-08 14:30:25,997 [pool-346-thread-1] INFO  server.RaftServerConfigKeys (ConfUtils.java:logGet(44)) - raft.server.log.segment.size.max = 1048576 (custom)
2022-02-08 14:30:25,997 [pool-346-thread-1] INFO  server.RaftServerConfigKeys (ConfUtils.java:logGet(44)) - raft.server.log.preallocated.size = 16384 (custom)
2022-02-08 14:30:25,997 [pool-346-thread-1] INFO  server.RaftServerConfigKeys (ConfUtils.java:logGet(44)) - raft.server.log.force.sync.num = 128 (default)
2022-02-08 14:30:25,997 [pool-346-thread-1] INFO  server.RaftServerConfigKeys (ConfUtils.java:logGet(44)) - raft.server.log.statemachine.data.sync = true (default)
2022-02-08 14:30:25,997 [pool-346-thread-1] INFO  server.RaftServerConfigKeys (ConfUtils.java:logGet(44)) - raft.server.log.statemachine.data.sync.timeout = 10s (default)
2022-02-08 14:30:25,997 [pool-346-thread-1] INFO  server.RaftServerConfigKeys (ConfUtils.java:logGet(44)) - raft.server.log.statemachine.data.sync.timeout.retry = -1 (default)
2022-02-08 14:30:26,002 [pool-346-thread-1] INFO  server.RaftServerConfigKeys (ConfUtils.java:logGet(44)) - raft.server.log.write.buffer.size = 1048576 (custom)
2022-02-08 14:30:26,003 [7a675d49-8bf4-44ad-b841-6def84288824@group-FC99C0F819FC-StateMachineUpdater] INFO  safemode.HealthyPipelineSafeModeRule (HealthyPipelineSafeModeRule.java:initializeRule(152)) - Refreshed total pipeline count is 0, healthy pipeline threshold count is 1
2022-02-08 14:30:26,003 [EventQueue-OpenPipelineForHealthyPipelineSafeModeRule] INFO  safemode.SCMSafeModeManager (HealthyPipelineSafeModeRule.java:process(124)) - SCM in safe mode. Healthy pipelines reported count is 0, required healthy pipeline reported count is 1
2022-02-08 14:30:26,004 [pool-346-thread-1] INFO  server.RaftServerConfigKeys (ConfUtils.java:logGet(44)) - raft.server.log.statemachine.data.caching.enabled = true (custom)
2022-02-08 14:30:26,004 [pool-346-thread-1] INFO  segmented.SegmentedRaftLogWorker (SegmentedRaftLogWorker.java:lambda$new$0(133)) - 9c433d8a-234d-492f-a374-35df91077eee@group-E84B4EFC87A5-SegmentedRaftLogWorker: flushIndex: setUnconditionally 0 -> -1
2022-02-08 14:30:26,004 [pool-346-thread-1] INFO  segmented.SegmentedRaftLogWorker (SegmentedRaftLogWorker.java:lambda$new$0(133)) - 9c433d8a-234d-492f-a374-35df91077eee@group-E84B4EFC87A5-SegmentedRaftLogWorker: safeCacheEvictIndex: setUnconditionally 0 -> -1
2022-02-08 14:30:26,013 [19a54928-8125-4c35-a03e-a210dfc90c30@group-FC99C0F819FC-StateMachineUpdater] INFO  safemode.HealthyPipelineSafeModeRule (HealthyPipelineSafeModeRule.java:initializeRule(152)) - Refreshed total pipeline count is 0, healthy pipeline threshold count is 1
2022-02-08 14:30:26,013 [pool-346-thread-1] INFO  server.RaftServerConfigKeys (ConfUtils.java:logGet(44)) - raft.server.snapshot.auto.trigger.enabled = true (custom)
2022-02-08 14:30:26,013 [pool-346-thread-1] INFO  server.RaftServerConfigKeys (ConfUtils.java:logGet(44)) - raft.server.snapshot.auto.trigger.threshold = 10000 (custom)
2022-02-08 14:30:26,013 [pool-346-thread-1] INFO  server.RaftServerConfigKeys (ConfUtils.java:logGet(44)) - raft.server.snapshot.retention.file.num = 5 (custom)
2022-02-08 14:30:26,013 [pool-346-thread-1] INFO  server.RaftServerConfigKeys (ConfUtils.java:logGet(44)) - raft.server.log.purge.upto.snapshot.index = false (default)
2022-02-08 14:30:26,013 [pool-346-thread-1] INFO  server.RaftServerConfigKeys (ConfUtils.java:logGet(44)) - raft.server.retrycache.expirytime = 600000ms (custom)
2022-02-08 14:30:26,013 [pool-346-thread-1] INFO  server.RaftServerConfigKeys (ConfUtils.java:logGet(44)) - raft.server.retrycache.statistics.expirytime = 100μs (default)
2022-02-08 14:30:26,014 [pool-346-thread-1] INFO  server.RaftServer$Division (RaftServerImpl.java:start(301)) - 9c433d8a-234d-492f-a374-35df91077eee@group-E84B4EFC87A5: start as a follower, conf=-1: [9c433d8a-234d-492f-a374-35df91077eee|rpc:127.0.0.1:41109|priority:1], old=null
2022-02-08 14:30:26,014 [pool-346-thread-1] INFO  server.RaftServer$Division (RaftServerImpl.java:setRole(290)) - 9c433d8a-234d-492f-a374-35df91077eee@group-E84B4EFC87A5: changes role from      null to FOLLOWER at term 0 for startAsFollower
2022-02-08 14:30:26,014 [pool-346-thread-1] INFO  impl.RoleInfo (RoleInfo.java:updateAndGet(130)) - 9c433d8a-234d-492f-a374-35df91077eee: start 9c433d8a-234d-492f-a374-35df91077eee@group-E84B4EFC87A5-FollowerState
2022-02-08 14:30:26,023 [pool-346-thread-1] INFO  util.JmxRegister (JmxRegister.java:tryRegister(44)) - Successfully registered JMX Bean with object name Ratis:service=RaftServer,group=group-E84B4EFC87A5,id=9c433d8a-234d-492f-a374-35df91077eee
2022-02-08 14:30:26,033 [Command processor thread] INFO  ratis.XceiverServerRatis (XceiverServerRatis.java:addGroup(768)) - Created group PipelineID=e5c7d492-f82f-4aea-a02b-e84b4efc87a5
2022-02-08 14:30:26,033 [Command processor thread] INFO  commandhandler.CreatePipelineCommandHandler (CreatePipelineCommandHandler.java:handle(106)) - Created Pipeline RATIS ONE PipelineID=e5c7d492-f82f-4aea-a02b-e84b4efc87a5.
2022-02-08 14:30:26,572 [EndpointStateMachine task thread for /127.0.0.1:32969 - 0 ] INFO  ipc.Client (Client.java:handleConnectionFailure(977)) - Retrying connect to server: localhost/127.0.0.1:32969. Already tried 3 time(s); retry policy is RetryUpToMaximumCountWithFixedSleep(maxRetries=15, sleepTime=1000 MILLISECONDS)
2022-02-08 14:30:26,580 [EndpointStateMachine task thread for /127.0.0.1:41397 - 0 ] INFO  ipc.Client (Client.java:handleConnectionFailure(977)) - Retrying connect to server: localhost/127.0.0.1:41397. Already tried 3 time(s); retry policy is RetryUpToMaximumCountWithFixedSleep(maxRetries=15, sleepTime=1000 MILLISECONDS)
2022-02-08 14:30:26,584 [EndpointStateMachine task thread for /127.0.0.1:40085 - 0 ] INFO  ipc.Client (Client.java:handleConnectionFailure(977)) - Retrying connect to server: localhost/127.0.0.1:40085. Already tried 3 time(s); retry policy is RetryUpToMaximumCountWithFixedSleep(maxRetries=15, sleepTime=1000 MILLISECONDS)
2022-02-08 14:30:26,940 [Listener at 127.0.0.1/38815] INFO  ozone.MiniOzoneClusterImpl (MiniOzoneClusterImpl.java:lambda$waitForClusterToBeReady$0(219)) - Nodes are ready. Got 3 of 3 DN Heartbeats.
2022-02-08 14:30:26,940 [Listener at 127.0.0.1/38815] INFO  ozone.MiniOzoneClusterImpl (MiniOzoneClusterImpl.java:lambda$waitForClusterToBeReady$0(222)) - Waiting for cluster to exit safe mode
2022-02-08 14:30:26,940 [Listener at 127.0.0.1/38815] INFO  ozone.MiniOzoneClusterImpl (MiniOzoneClusterImpl.java:lambda$waitForClusterToBeReady$0(224)) - SCM became leader
2022-02-08 14:30:27,510 [Datanode State Machine Daemon Thread] ERROR datanode.RunningDatanodeState (RunningDatanodeState.java:computeNextContainerState(199)) - Error in executing end point task.
java.util.concurrent.ExecutionException: java.util.concurrent.TimeoutException
	at java.util.concurrent.FutureTask.report(FutureTask.java:122)
	at java.util.concurrent.FutureTask.get(FutureTask.java:192)
	at org.apache.hadoop.ozone.container.common.states.datanode.RunningDatanodeState.computeNextContainerState(RunningDatanodeState.java:191)
	at org.apache.hadoop.ozone.container.common.states.datanode.RunningDatanodeState.await(RunningDatanodeState.java:231)
	at org.apache.hadoop.ozone.container.common.states.datanode.RunningDatanodeState.await(RunningDatanodeState.java:50)
	at org.apache.hadoop.ozone.container.common.statemachine.StateContext.execute(StateContext.java:633)
	at org.apache.hadoop.ozone.container.common.statemachine.DatanodeStateMachine.start(DatanodeStateMachine.java:283)
	at org.apache.hadoop.ozone.container.common.statemachine.DatanodeStateMachine.lambda$startDaemon$0(DatanodeStateMachine.java:471)
	at java.lang.Thread.run(Thread.java:748)
Caused by: java.util.concurrent.TimeoutException
	at java.util.concurrent.FutureTask.get(FutureTask.java:205)
	at org.apache.hadoop.ozone.container.common.states.datanode.RunningDatanodeState.lambda$execute$0(RunningDatanodeState.java:149)
	at java.util.concurrent.FutureTask.run(FutureTask.java:266)
	at java.util.concurrent.Executors$RunnableAdapter.call(Executors.java:511)
	at java.util.concurrent.FutureTask.run(FutureTask.java:266)
	at java.util.concurrent.ThreadPoolExecutor.runWorker(ThreadPoolExecutor.java:1149)
	at java.util.concurrent.ThreadPoolExecutor$Worker.run(ThreadPoolExecutor.java:624)
	... 1 more
2022-02-08 14:30:27,572 [EndpointStateMachine task thread for /127.0.0.1:32969 - 0 ] INFO  ipc.Client (Client.java:handleConnectionFailure(977)) - Retrying connect to server: localhost/127.0.0.1:32969. Already tried 4 time(s); retry policy is RetryUpToMaximumCountWithFixedSleep(maxRetries=15, sleepTime=1000 MILLISECONDS)
2022-02-08 14:30:27,580 [EndpointStateMachine task thread for /127.0.0.1:41397 - 0 ] INFO  ipc.Client (Client.java:handleConnectionFailure(977)) - Retrying connect to server: localhost/127.0.0.1:41397. Already tried 4 time(s); retry policy is RetryUpToMaximumCountWithFixedSleep(maxRetries=15, sleepTime=1000 MILLISECONDS)
2022-02-08 14:30:27,585 [EndpointStateMachine task thread for /127.0.0.1:40085 - 0 ] INFO  ipc.Client (Client.java:handleConnectionFailure(977)) - Retrying connect to server: localhost/127.0.0.1:40085. Already tried 4 time(s); retry policy is RetryUpToMaximumCountWithFixedSleep(maxRetries=15, sleepTime=1000 MILLISECONDS)
2022-02-08 14:30:27,608 [Datanode State Machine Daemon Thread] ERROR datanode.RunningDatanodeState (RunningDatanodeState.java:computeNextContainerState(199)) - Error in executing end point task.
java.util.concurrent.ExecutionException: java.util.concurrent.TimeoutException
	at java.util.concurrent.FutureTask.report(FutureTask.java:122)
	at java.util.concurrent.FutureTask.get(FutureTask.java:192)
	at org.apache.hadoop.ozone.container.common.states.datanode.RunningDatanodeState.computeNextContainerState(RunningDatanodeState.java:191)
	at org.apache.hadoop.ozone.container.common.states.datanode.RunningDatanodeState.await(RunningDatanodeState.java:231)
	at org.apache.hadoop.ozone.container.common.states.datanode.RunningDatanodeState.await(RunningDatanodeState.java:50)
	at org.apache.hadoop.ozone.container.common.statemachine.StateContext.execute(StateContext.java:633)
	at org.apache.hadoop.ozone.container.common.statemachine.DatanodeStateMachine.start(DatanodeStateMachine.java:283)
	at org.apache.hadoop.ozone.container.common.statemachine.DatanodeStateMachine.lambda$startDaemon$0(DatanodeStateMachine.java:471)
	at java.lang.Thread.run(Thread.java:748)
Caused by: java.util.concurrent.TimeoutException
	at java.util.concurrent.FutureTask.get(FutureTask.java:205)
	at org.apache.hadoop.ozone.container.common.states.datanode.RunningDatanodeState.lambda$execute$0(RunningDatanodeState.java:149)
	at java.util.concurrent.FutureTask.run(FutureTask.java:266)
	at java.util.concurrent.Executors$RunnableAdapter.call(Executors.java:511)
	at java.util.concurrent.FutureTask.run(FutureTask.java:266)
	at java.util.concurrent.ThreadPoolExecutor.runWorker(ThreadPoolExecutor.java:1149)
	at java.util.concurrent.ThreadPoolExecutor$Worker.run(ThreadPoolExecutor.java:624)
	... 1 more
2022-02-08 14:30:27,940 [Listener at 127.0.0.1/38815] INFO  ozone.MiniOzoneClusterImpl (MiniOzoneClusterImpl.java:lambda$waitForClusterToBeReady$0(219)) - Nodes are ready. Got 3 of 3 DN Heartbeats.
2022-02-08 14:30:27,940 [Listener at 127.0.0.1/38815] INFO  ozone.MiniOzoneClusterImpl (MiniOzoneClusterImpl.java:lambda$waitForClusterToBeReady$0(222)) - Waiting for cluster to exit safe mode
2022-02-08 14:30:27,940 [Listener at 127.0.0.1/38815] INFO  ozone.MiniOzoneClusterImpl (MiniOzoneClusterImpl.java:lambda$waitForClusterToBeReady$0(224)) - SCM became leader
2022-02-08 14:30:27,996 [Datanode State Machine Daemon Thread] ERROR datanode.RunningDatanodeState (RunningDatanodeState.java:computeNextContainerState(199)) - Error in executing end point task.
java.util.concurrent.ExecutionException: java.util.concurrent.TimeoutException
	at java.util.concurrent.FutureTask.report(FutureTask.java:122)
	at java.util.concurrent.FutureTask.get(FutureTask.java:192)
	at org.apache.hadoop.ozone.container.common.states.datanode.RunningDatanodeState.computeNextContainerState(RunningDatanodeState.java:191)
	at org.apache.hadoop.ozone.container.common.states.datanode.RunningDatanodeState.await(RunningDatanodeState.java:231)
	at org.apache.hadoop.ozone.container.common.states.datanode.RunningDatanodeState.await(RunningDatanodeState.java:50)
	at org.apache.hadoop.ozone.container.common.statemachine.StateContext.execute(StateContext.java:633)
	at org.apache.hadoop.ozone.container.common.statemachine.DatanodeStateMachine.start(DatanodeStateMachine.java:283)
	at org.apache.hadoop.ozone.container.common.statemachine.DatanodeStateMachine.lambda$startDaemon$0(DatanodeStateMachine.java:471)
	at java.lang.Thread.run(Thread.java:748)
Caused by: java.util.concurrent.TimeoutException
	at java.util.concurrent.FutureTask.get(FutureTask.java:205)
	at org.apache.hadoop.ozone.container.common.states.datanode.RunningDatanodeState.lambda$execute$0(RunningDatanodeState.java:149)
	at java.util.concurrent.FutureTask.run(FutureTask.java:266)
	at java.util.concurrent.Executors$RunnableAdapter.call(Executors.java:511)
	at java.util.concurrent.FutureTask.run(FutureTask.java:266)
	at java.util.concurrent.ThreadPoolExecutor.runWorker(ThreadPoolExecutor.java:1149)
	at java.util.concurrent.ThreadPoolExecutor$Worker.run(ThreadPoolExecutor.java:624)
	... 1 more
2022-02-08 14:30:28,513 [Datanode State Machine Daemon Thread] ERROR datanode.RunningDatanodeState (RunningDatanodeState.java:computeNextContainerState(199)) - Error in executing end point task.
java.util.concurrent.ExecutionException: java.util.concurrent.TimeoutException
	at java.util.concurrent.FutureTask.report(FutureTask.java:122)
	at java.util.concurrent.FutureTask.get(FutureTask.java:192)
	at org.apache.hadoop.ozone.container.common.states.datanode.RunningDatanodeState.computeNextContainerState(RunningDatanodeState.java:191)
	at org.apache.hadoop.ozone.container.common.states.datanode.RunningDatanodeState.await(RunningDatanodeState.java:231)
	at org.apache.hadoop.ozone.container.common.states.datanode.RunningDatanodeState.await(RunningDatanodeState.java:50)
	at org.apache.hadoop.ozone.container.common.statemachine.StateContext.execute(StateContext.java:633)
	at org.apache.hadoop.ozone.container.common.statemachine.DatanodeStateMachine.start(DatanodeStateMachine.java:283)
	at org.apache.hadoop.ozone.container.common.statemachine.DatanodeStateMachine.lambda$startDaemon$0(DatanodeStateMachine.java:471)
	at java.lang.Thread.run(Thread.java:748)
Caused by: java.util.concurrent.TimeoutException
	at java.util.concurrent.FutureTask.get(FutureTask.java:205)
	at org.apache.hadoop.ozone.container.common.states.datanode.RunningDatanodeState.lambda$execute$0(RunningDatanodeState.java:149)
	at java.util.concurrent.FutureTask.run(FutureTask.java:266)
	at java.util.concurrent.Executors$RunnableAdapter.call(Executors.java:511)
	at java.util.concurrent.FutureTask.run(FutureTask.java:266)
	at java.util.concurrent.ThreadPoolExecutor.runWorker(ThreadPoolExecutor.java:1149)
	at java.util.concurrent.ThreadPoolExecutor$Worker.run(ThreadPoolExecutor.java:624)
	... 1 more
2022-02-08 14:30:28,573 [EndpointStateMachine task thread for /127.0.0.1:32969 - 0 ] INFO  ipc.Client (Client.java:handleConnectionFailure(977)) - Retrying connect to server: localhost/127.0.0.1:32969. Already tried 5 time(s); retry policy is RetryUpToMaximumCountWithFixedSleep(maxRetries=15, sleepTime=1000 MILLISECONDS)
2022-02-08 14:30:28,581 [EndpointStateMachine task thread for /127.0.0.1:41397 - 0 ] INFO  ipc.Client (Client.java:handleConnectionFailure(977)) - Retrying connect to server: localhost/127.0.0.1:41397. Already tried 5 time(s); retry policy is RetryUpToMaximumCountWithFixedSleep(maxRetries=15, sleepTime=1000 MILLISECONDS)
2022-02-08 14:30:28,585 [EndpointStateMachine task thread for /127.0.0.1:40085 - 0 ] INFO  ipc.Client (Client.java:handleConnectionFailure(977)) - Retrying connect to server: localhost/127.0.0.1:40085. Already tried 5 time(s); retry policy is RetryUpToMaximumCountWithFixedSleep(maxRetries=15, sleepTime=1000 MILLISECONDS)
2022-02-08 14:30:28,941 [Listener at 127.0.0.1/38815] INFO  ozone.MiniOzoneClusterImpl (MiniOzoneClusterImpl.java:lambda$waitForClusterToBeReady$0(219)) - Nodes are ready. Got 3 of 3 DN Heartbeats.
2022-02-08 14:30:28,941 [Listener at 127.0.0.1/38815] INFO  ozone.MiniOzoneClusterImpl (MiniOzoneClusterImpl.java:lambda$waitForClusterToBeReady$0(222)) - Waiting for cluster to exit safe mode
2022-02-08 14:30:28,941 [Listener at 127.0.0.1/38815] INFO  ozone.MiniOzoneClusterImpl (MiniOzoneClusterImpl.java:lambda$waitForClusterToBeReady$0(224)) - SCM became leader
2022-02-08 14:30:29,002 [Datanode State Machine Daemon Thread] ERROR datanode.RunningDatanodeState (RunningDatanodeState.java:computeNextContainerState(199)) - Error in executing end point task.
java.util.concurrent.ExecutionException: java.util.concurrent.TimeoutException
	at java.util.concurrent.FutureTask.report(FutureTask.java:122)
	at java.util.concurrent.FutureTask.get(FutureTask.java:192)
	at org.apache.hadoop.ozone.container.common.states.datanode.RunningDatanodeState.computeNextContainerState(RunningDatanodeState.java:191)
	at org.apache.hadoop.ozone.container.common.states.datanode.RunningDatanodeState.await(RunningDatanodeState.java:231)
	at org.apache.hadoop.ozone.container.common.states.datanode.RunningDatanodeState.await(RunningDatanodeState.java:50)
	at org.apache.hadoop.ozone.container.common.statemachine.StateContext.execute(StateContext.java:633)
	at org.apache.hadoop.ozone.container.common.statemachine.DatanodeStateMachine.start(DatanodeStateMachine.java:283)
	at org.apache.hadoop.ozone.container.common.statemachine.DatanodeStateMachine.lambda$startDaemon$0(DatanodeStateMachine.java:471)
	at java.lang.Thread.run(Thread.java:748)
Caused by: java.util.concurrent.TimeoutException
	at java.util.concurrent.FutureTask.get(FutureTask.java:205)
	at org.apache.hadoop.ozone.container.common.states.datanode.RunningDatanodeState.lambda$execute$0(RunningDatanodeState.java:149)
	at java.util.concurrent.FutureTask.run(FutureTask.java:266)
	at java.util.concurrent.Executors$RunnableAdapter.call(Executors.java:511)
	at java.util.concurrent.FutureTask.run(FutureTask.java:266)
	at java.util.concurrent.ThreadPoolExecutor.runWorker(ThreadPoolExecutor.java:1149)
	at java.util.concurrent.ThreadPoolExecutor$Worker.run(ThreadPoolExecutor.java:624)
	... 1 more
2022-02-08 14:30:29,573 [EndpointStateMachine task thread for /127.0.0.1:32969 - 0 ] INFO  ipc.Client (Client.java:handleConnectionFailure(977)) - Retrying connect to server: localhost/127.0.0.1:32969. Already tried 6 time(s); retry policy is RetryUpToMaximumCountWithFixedSleep(maxRetries=15, sleepTime=1000 MILLISECONDS)
2022-02-08 14:30:29,581 [EndpointStateMachine task thread for /127.0.0.1:41397 - 0 ] INFO  ipc.Client (Client.java:handleConnectionFailure(977)) - Retrying connect to server: localhost/127.0.0.1:41397. Already tried 6 time(s); retry policy is RetryUpToMaximumCountWithFixedSleep(maxRetries=15, sleepTime=1000 MILLISECONDS)
2022-02-08 14:30:29,585 [EndpointStateMachine task thread for /127.0.0.1:40085 - 0 ] INFO  ipc.Client (Client.java:handleConnectionFailure(977)) - Retrying connect to server: localhost/127.0.0.1:40085. Already tried 6 time(s); retry policy is RetryUpToMaximumCountWithFixedSleep(maxRetries=15, sleepTime=1000 MILLISECONDS)
2022-02-08 14:30:29,941 [Listener at 127.0.0.1/38815] INFO  ozone.MiniOzoneClusterImpl (MiniOzoneClusterImpl.java:lambda$waitForClusterToBeReady$0(219)) - Nodes are ready. Got 3 of 3 DN Heartbeats.
2022-02-08 14:30:29,941 [Listener at 127.0.0.1/38815] INFO  ozone.MiniOzoneClusterImpl (MiniOzoneClusterImpl.java:lambda$waitForClusterToBeReady$0(222)) - Waiting for cluster to exit safe mode
2022-02-08 14:30:29,942 [Listener at 127.0.0.1/38815] INFO  ozone.MiniOzoneClusterImpl (MiniOzoneClusterImpl.java:lambda$waitForClusterToBeReady$0(224)) - SCM became leader
2022-02-08 14:30:30,347 [44736ceb-ad1e-44d8-8a85-1de4ce4d0fde@group-19D67EEB3372-FollowerState] INFO  impl.FollowerState (FollowerState.java:run(134)) - 44736ceb-ad1e-44d8-8a85-1de4ce4d0fde@group-19D67EEB3372-FollowerState: change to CANDIDATE, lastRpcElapsedTime:5051913846ns, electionTimeout:5049ms
2022-02-08 14:30:30,347 [44736ceb-ad1e-44d8-8a85-1de4ce4d0fde@group-19D67EEB3372-FollowerState] INFO  impl.RoleInfo (RoleInfo.java:shutdownFollowerState(108)) - 44736ceb-ad1e-44d8-8a85-1de4ce4d0fde: shutdown 44736ceb-ad1e-44d8-8a85-1de4ce4d0fde@group-19D67EEB3372-FollowerState
2022-02-08 14:30:30,347 [44736ceb-ad1e-44d8-8a85-1de4ce4d0fde@group-19D67EEB3372-FollowerState] INFO  server.RaftServer$Division (RaftServerImpl.java:setRole(290)) - 44736ceb-ad1e-44d8-8a85-1de4ce4d0fde@group-19D67EEB3372: changes role from  FOLLOWER to CANDIDATE at term 0 for changeToCandidate
2022-02-08 14:30:30,348 [44736ceb-ad1e-44d8-8a85-1de4ce4d0fde@group-19D67EEB3372-FollowerState] INFO  server.RaftServerConfigKeys (ConfUtils.java:logGet(44)) - raft.server.leaderelection.pre-vote = false (custom)
2022-02-08 14:30:30,348 [44736ceb-ad1e-44d8-8a85-1de4ce4d0fde@group-19D67EEB3372-FollowerState] INFO  impl.RoleInfo (RoleInfo.java:updateAndGet(130)) - 44736ceb-ad1e-44d8-8a85-1de4ce4d0fde: start 44736ceb-ad1e-44d8-8a85-1de4ce4d0fde@group-19D67EEB3372-LeaderElection21
2022-02-08 14:30:30,364 [44736ceb-ad1e-44d8-8a85-1de4ce4d0fde@group-19D67EEB3372-LeaderElection21] INFO  impl.LeaderElection (LeaderElection.java:askForVotes(306)) - 44736ceb-ad1e-44d8-8a85-1de4ce4d0fde@group-19D67EEB3372-LeaderElection21 ELECTION round 0: submit vote requests at term 1 for -1: [9c433d8a-234d-492f-a374-35df91077eee|rpc:127.0.0.1:41109|priority:0, 4a6a0aaf-aa28-4f33-a09c-5a4e665a2556|rpc:127.0.0.1:39435|priority:1, 44736ceb-ad1e-44d8-8a85-1de4ce4d0fde|rpc:127.0.0.1:34931|priority:0], old=null
2022-02-08 14:30:30,386 [grpc-default-executor-2] INFO  server.RaftServer$Division (RaftServerImpl.java:requestVote(1046)) - 9c433d8a-234d-492f-a374-35df91077eee@group-19D67EEB3372: receive requestVote(ELECTION, 44736ceb-ad1e-44d8-8a85-1de4ce4d0fde, group-19D67EEB3372, 1, (t:0, i:0))
2022-02-08 14:30:30,386 [grpc-default-executor-2] INFO  impl.VoteContext (VoteContext.java:log(48)) - 9c433d8a-234d-492f-a374-35df91077eee@group-19D67EEB3372-FOLLOWER: accept ELECTION from 44736ceb-ad1e-44d8-8a85-1de4ce4d0fde: our priority 0 <= candidate's priority 0
2022-02-08 14:30:30,386 [grpc-default-executor-2] INFO  server.RaftServer$Division (RaftServerImpl.java:setRole(290)) - 9c433d8a-234d-492f-a374-35df91077eee@group-19D67EEB3372: changes role from  FOLLOWER to FOLLOWER at term 1 for candidate:44736ceb-ad1e-44d8-8a85-1de4ce4d0fde
2022-02-08 14:30:30,387 [grpc-default-executor-2] INFO  impl.RoleInfo (RoleInfo.java:shutdownFollowerState(108)) - 9c433d8a-234d-492f-a374-35df91077eee: shutdown 9c433d8a-234d-492f-a374-35df91077eee@group-19D67EEB3372-FollowerState
2022-02-08 14:30:30,387 [grpc-default-executor-2] INFO  impl.RoleInfo (RoleInfo.java:updateAndGet(130)) - 9c433d8a-234d-492f-a374-35df91077eee: start 9c433d8a-234d-492f-a374-35df91077eee@group-19D67EEB3372-FollowerState
2022-02-08 14:30:30,387 [9c433d8a-234d-492f-a374-35df91077eee@group-19D67EEB3372-FollowerState] INFO  impl.FollowerState (FollowerState.java:run(143)) - 9c433d8a-234d-492f-a374-35df91077eee@group-19D67EEB3372-FollowerState was interrupted: {}
java.lang.InterruptedException: sleep interrupted
	at java.lang.Thread.sleep(Native Method)
	at java.lang.Thread.sleep(Thread.java:340)
	at java.util.concurrent.TimeUnit.sleep(TimeUnit.java:386)
	at org.apache.ratis.util.TimeDuration.sleep(TimeDuration.java:324)
	at org.apache.ratis.util.TimeDuration.sleep(TimeDuration.java:309)
	at org.apache.ratis.server.impl.FollowerState.run(FollowerState.java:118)
2022-02-08 14:30:30,391 [grpc-default-executor-2] INFO  server.RaftServer$Division (RaftServerImpl.java:requestVote(1078)) - 9c433d8a-234d-492f-a374-35df91077eee@group-19D67EEB3372 replies to ELECTION vote request: 44736ceb-ad1e-44d8-8a85-1de4ce4d0fde<-9c433d8a-234d-492f-a374-35df91077eee#0:OK-t1. Peer's state: 9c433d8a-234d-492f-a374-35df91077eee@group-19D67EEB3372:t1, leader=null, voted=44736ceb-ad1e-44d8-8a85-1de4ce4d0fde, raftlog=9c433d8a-234d-492f-a374-35df91077eee@group-19D67EEB3372-SegmentedRaftLog:OPENED:c-1, conf=-1: [9c433d8a-234d-492f-a374-35df91077eee|rpc:127.0.0.1:41109|dataStream:|priority:0, 4a6a0aaf-aa28-4f33-a09c-5a4e665a2556|rpc:127.0.0.1:39435|dataStream:|priority:1, 44736ceb-ad1e-44d8-8a85-1de4ce4d0fde|rpc:127.0.0.1:34931|dataStream:|priority:0], old=null
2022-02-08 14:30:30,398 [grpc-default-executor-0] INFO  server.RaftServer$Division (RaftServerImpl.java:requestVote(1046)) - 4a6a0aaf-aa28-4f33-a09c-5a4e665a2556@group-19D67EEB3372: receive requestVote(ELECTION, 44736ceb-ad1e-44d8-8a85-1de4ce4d0fde, group-19D67EEB3372, 1, (t:0, i:0))
2022-02-08 14:30:30,398 [grpc-default-executor-0] INFO  impl.VoteContext (VoteContext.java:log(48)) - 4a6a0aaf-aa28-4f33-a09c-5a4e665a2556@group-19D67EEB3372-FOLLOWER: reject ELECTION from 44736ceb-ad1e-44d8-8a85-1de4ce4d0fde: our priority 1 > candidate's priority 0
2022-02-08 14:30:30,398 [grpc-default-executor-0] INFO  server.RaftServer$Division (RaftServerImpl.java:setRole(290)) - 4a6a0aaf-aa28-4f33-a09c-5a4e665a2556@group-19D67EEB3372: changes role from  FOLLOWER to FOLLOWER at term 1 for candidate:44736ceb-ad1e-44d8-8a85-1de4ce4d0fde
2022-02-08 14:30:30,398 [grpc-default-executor-0] INFO  impl.RoleInfo (RoleInfo.java:shutdownFollowerState(108)) - 4a6a0aaf-aa28-4f33-a09c-5a4e665a2556: shutdown 4a6a0aaf-aa28-4f33-a09c-5a4e665a2556@group-19D67EEB3372-FollowerState
2022-02-08 14:30:30,398 [grpc-default-executor-0] INFO  impl.RoleInfo (RoleInfo.java:updateAndGet(130)) - 4a6a0aaf-aa28-4f33-a09c-5a4e665a2556: start 4a6a0aaf-aa28-4f33-a09c-5a4e665a2556@group-19D67EEB3372-FollowerState
2022-02-08 14:30:30,398 [44736ceb-ad1e-44d8-8a85-1de4ce4d0fde@group-EA7C0EB40836-FollowerState] INFO  impl.FollowerState (FollowerState.java:run(134)) - 44736ceb-ad1e-44d8-8a85-1de4ce4d0fde@group-EA7C0EB40836-FollowerState: change to CANDIDATE, lastRpcElapsedTime:5164646811ns, electionTimeout:5161ms
2022-02-08 14:30:30,398 [44736ceb-ad1e-44d8-8a85-1de4ce4d0fde@group-EA7C0EB40836-FollowerState] INFO  impl.RoleInfo (RoleInfo.java:shutdownFollowerState(108)) - 44736ceb-ad1e-44d8-8a85-1de4ce4d0fde: shutdown 44736ceb-ad1e-44d8-8a85-1de4ce4d0fde@group-EA7C0EB40836-FollowerState
2022-02-08 14:30:30,398 [44736ceb-ad1e-44d8-8a85-1de4ce4d0fde@group-EA7C0EB40836-FollowerState] INFO  server.RaftServer$Division (RaftServerImpl.java:setRole(290)) - 44736ceb-ad1e-44d8-8a85-1de4ce4d0fde@group-EA7C0EB40836: changes role from  FOLLOWER to CANDIDATE at term 0 for changeToCandidate
2022-02-08 14:30:30,398 [44736ceb-ad1e-44d8-8a85-1de4ce4d0fde@group-EA7C0EB40836-FollowerState] INFO  server.RaftServerConfigKeys (ConfUtils.java:logGet(44)) - raft.server.leaderelection.pre-vote = false (custom)
2022-02-08 14:30:30,398 [44736ceb-ad1e-44d8-8a85-1de4ce4d0fde@group-EA7C0EB40836-FollowerState] INFO  impl.RoleInfo (RoleInfo.java:updateAndGet(130)) - 44736ceb-ad1e-44d8-8a85-1de4ce4d0fde: start 44736ceb-ad1e-44d8-8a85-1de4ce4d0fde@group-EA7C0EB40836-LeaderElection22
2022-02-08 14:30:30,398 [4a6a0aaf-aa28-4f33-a09c-5a4e665a2556@group-19D67EEB3372-FollowerState] INFO  impl.FollowerState (FollowerState.java:run(143)) - 4a6a0aaf-aa28-4f33-a09c-5a4e665a2556@group-19D67EEB3372-FollowerState was interrupted: {}
java.lang.InterruptedException: sleep interrupted
	at java.lang.Thread.sleep(Native Method)
	at java.lang.Thread.sleep(Thread.java:340)
	at java.util.concurrent.TimeUnit.sleep(TimeUnit.java:386)
	at org.apache.ratis.util.TimeDuration.sleep(TimeDuration.java:324)
	at org.apache.ratis.util.TimeDuration.sleep(TimeDuration.java:309)
	at org.apache.ratis.server.impl.FollowerState.run(FollowerState.java:118)
2022-02-08 14:30:30,405 [grpc-default-executor-0] INFO  server.RaftServer$Division (RaftServerImpl.java:requestVote(1078)) - 4a6a0aaf-aa28-4f33-a09c-5a4e665a2556@group-19D67EEB3372 replies to ELECTION vote request: 44736ceb-ad1e-44d8-8a85-1de4ce4d0fde<-4a6a0aaf-aa28-4f33-a09c-5a4e665a2556#0:FAIL-t1. Peer's state: 4a6a0aaf-aa28-4f33-a09c-5a4e665a2556@group-19D67EEB3372:t1, leader=null, voted=null, raftlog=4a6a0aaf-aa28-4f33-a09c-5a4e665a2556@group-19D67EEB3372-SegmentedRaftLog:OPENED:c-1, conf=-1: [9c433d8a-234d-492f-a374-35df91077eee|rpc:127.0.0.1:41109|dataStream:|priority:0, 4a6a0aaf-aa28-4f33-a09c-5a4e665a2556|rpc:127.0.0.1:39435|dataStream:|priority:1, 44736ceb-ad1e-44d8-8a85-1de4ce4d0fde|rpc:127.0.0.1:34931|dataStream:|priority:0], old=null
2022-02-08 14:30:30,413 [44736ceb-ad1e-44d8-8a85-1de4ce4d0fde@group-19D67EEB3372-LeaderElection21] INFO  impl.LeaderElection (LeaderElection.java:logAndReturn(89)) - 44736ceb-ad1e-44d8-8a85-1de4ce4d0fde@group-19D67EEB3372-LeaderElection21: ELECTION REJECTED received 2 response(s) and 0 exception(s):
2022-02-08 14:30:30,413 [44736ceb-ad1e-44d8-8a85-1de4ce4d0fde@group-19D67EEB3372-LeaderElection21] INFO  impl.LeaderElection (LeaderElection.java:logAndReturn(93)) -   Response 0: 44736ceb-ad1e-44d8-8a85-1de4ce4d0fde<-9c433d8a-234d-492f-a374-35df91077eee#0:OK-t1
2022-02-08 14:30:30,413 [44736ceb-ad1e-44d8-8a85-1de4ce4d0fde@group-19D67EEB3372-LeaderElection21] INFO  impl.LeaderElection (LeaderElection.java:logAndReturn(93)) -   Response 1: 44736ceb-ad1e-44d8-8a85-1de4ce4d0fde<-4a6a0aaf-aa28-4f33-a09c-5a4e665a2556#0:FAIL-t1
2022-02-08 14:30:30,413 [44736ceb-ad1e-44d8-8a85-1de4ce4d0fde@group-19D67EEB3372-LeaderElection21] INFO  impl.LeaderElection (LeaderElection.java:askForVotes(308)) - 44736ceb-ad1e-44d8-8a85-1de4ce4d0fde@group-19D67EEB3372-LeaderElection21 ELECTION round 0: result REJECTED
2022-02-08 14:30:30,413 [44736ceb-ad1e-44d8-8a85-1de4ce4d0fde@group-19D67EEB3372-LeaderElection21] INFO  server.RaftServer$Division (RaftServerImpl.java:setRole(290)) - 44736ceb-ad1e-44d8-8a85-1de4ce4d0fde@group-19D67EEB3372: changes role from CANDIDATE to FOLLOWER at term 1 for REJECTED
2022-02-08 14:30:30,413 [44736ceb-ad1e-44d8-8a85-1de4ce4d0fde@group-19D67EEB3372-LeaderElection21] INFO  impl.RoleInfo (RoleInfo.java:shutdownLeaderElection(121)) - 44736ceb-ad1e-44d8-8a85-1de4ce4d0fde: shutdown 44736ceb-ad1e-44d8-8a85-1de4ce4d0fde@group-19D67EEB3372-LeaderElection21
2022-02-08 14:30:30,413 [44736ceb-ad1e-44d8-8a85-1de4ce4d0fde@group-19D67EEB3372-LeaderElection21] INFO  impl.RoleInfo (RoleInfo.java:updateAndGet(130)) - 44736ceb-ad1e-44d8-8a85-1de4ce4d0fde: start 44736ceb-ad1e-44d8-8a85-1de4ce4d0fde@group-19D67EEB3372-FollowerState
2022-02-08 14:30:30,415 [44736ceb-ad1e-44d8-8a85-1de4ce4d0fde@group-EA7C0EB40836-LeaderElection22] INFO  impl.LeaderElection (LeaderElection.java:askForVotes(306)) - 44736ceb-ad1e-44d8-8a85-1de4ce4d0fde@group-EA7C0EB40836-LeaderElection22 ELECTION round 0: submit vote requests at term 1 for -1: [44736ceb-ad1e-44d8-8a85-1de4ce4d0fde|rpc:127.0.0.1:34931|priority:1], old=null
2022-02-08 14:30:30,415 [44736ceb-ad1e-44d8-8a85-1de4ce4d0fde@group-EA7C0EB40836-LeaderElection22] INFO  impl.LeaderElection (LeaderElection.java:askForVotes(308)) - 44736ceb-ad1e-44d8-8a85-1de4ce4d0fde@group-EA7C0EB40836-LeaderElection22 ELECTION round 0: result PASSED (term=1)
2022-02-08 14:30:30,415 [44736ceb-ad1e-44d8-8a85-1de4ce4d0fde@group-EA7C0EB40836-LeaderElection22] INFO  impl.RoleInfo (RoleInfo.java:shutdownLeaderElection(121)) - 44736ceb-ad1e-44d8-8a85-1de4ce4d0fde: shutdown 44736ceb-ad1e-44d8-8a85-1de4ce4d0fde@group-EA7C0EB40836-LeaderElection22
2022-02-08 14:30:30,415 [44736ceb-ad1e-44d8-8a85-1de4ce4d0fde@group-EA7C0EB40836-LeaderElection22] INFO  server.RaftServer$Division (RaftServerImpl.java:setRole(290)) - 44736ceb-ad1e-44d8-8a85-1de4ce4d0fde@group-EA7C0EB40836: changes role from CANDIDATE to LEADER at term 1 for changeToLeader
2022-02-08 14:30:30,415 [44736ceb-ad1e-44d8-8a85-1de4ce4d0fde@group-EA7C0EB40836-LeaderElection22] INFO  ratis.XceiverServerRatis (XceiverServerRatis.java:handleLeaderChangedNotification(866)) - Leader change notification received for group: group-EA7C0EB40836 with new leaderId: 44736ceb-ad1e-44d8-8a85-1de4ce4d0fde
2022-02-08 14:30:30,416 [44736ceb-ad1e-44d8-8a85-1de4ce4d0fde@group-EA7C0EB40836-LeaderElection22] INFO  server.RaftServer$Division (ServerState.java:setLeader(285)) - 44736ceb-ad1e-44d8-8a85-1de4ce4d0fde@group-EA7C0EB40836: change Leader from null to 44736ceb-ad1e-44d8-8a85-1de4ce4d0fde at term 1 for becomeLeader, leader elected after 5192ms
2022-02-08 14:30:30,421 [44736ceb-ad1e-44d8-8a85-1de4ce4d0fde@group-EA7C0EB40836-LeaderElection22] INFO  server.RaftServerConfigKeys (ConfUtils.java:logGet(44)) - raft.server.staging.catchup.gap = 1000 (default)
2022-02-08 14:30:30,427 [EventQueue-OpenPipelineForHealthyPipelineSafeModeRule] INFO  safemode.SCMSafeModeManager (HealthyPipelineSafeModeRule.java:process(124)) - SCM in safe mode. Healthy pipelines reported count is 0, required healthy pipeline reported count is 1
2022-02-08 14:30:30,427 [EventQueue-OpenPipelineForHealthyPipelineSafeModeRule] INFO  safemode.SCMSafeModeManager (HealthyPipelineSafeModeRule.java:process(124)) - SCM in safe mode. Healthy pipelines reported count is 0, required healthy pipeline reported count is 1
2022-02-08 14:30:30,427 [44736ceb-ad1e-44d8-8a85-1de4ce4d0fde@group-EA7C0EB40836-LeaderElection22] INFO  server.RaftServerConfigKeys (ConfUtils.java:logGet(44)) - raft.server.write.element-limit = 1024 (custom)
2022-02-08 14:30:30,428 [44736ceb-ad1e-44d8-8a85-1de4ce4d0fde@group-EA7C0EB40836-LeaderElection22] INFO  server.RaftServerConfigKeys (ConfUtils.java:logGet(44)) - raft.server.write.byte-limit = 1024 M (=1073741824) (custom)
2022-02-08 14:30:30,428 [44736ceb-ad1e-44d8-8a85-1de4ce4d0fde@group-EA7C0EB40836-LeaderElection22] INFO  server.RaftServerConfigKeys (ConfUtils.java:logGet(44)) - raft.server.watch.timeout = 180s (custom)
2022-02-08 14:30:30,428 [44736ceb-ad1e-44d8-8a85-1de4ce4d0fde@group-EA7C0EB40836-LeaderElection22] INFO  server.RaftServerConfigKeys (ConfUtils.java:logGet(44)) - raft.server.watch.timeout.denomination = 1s (default)
2022-02-08 14:30:30,428 [44736ceb-ad1e-44d8-8a85-1de4ce4d0fde@group-EA7C0EB40836-LeaderElection22] INFO  server.RaftServerConfigKeys (ConfUtils.java:logGet(44)) - raft.server.watch.element-limit = 65536 (default)
2022-02-08 14:30:30,428 [44736ceb-ad1e-44d8-8a85-1de4ce4d0fde@group-EA7C0EB40836-LeaderElection22] INFO  server.RaftServerConfigKeys (ConfUtils.java:logGet(44)) - raft.server.write.element-limit = 1024 (custom)
2022-02-08 14:30:30,428 [44736ceb-ad1e-44d8-8a85-1de4ce4d0fde@group-EA7C0EB40836-LeaderElection22] INFO  server.RaftServerConfigKeys (ConfUtils.java:logGet(44)) - raft.server.write.follower.gap.ratio.max = -1.0 (default)
2022-02-08 14:30:30,428 [44736ceb-ad1e-44d8-8a85-1de4ce4d0fde@group-EA7C0EB40836-LeaderElection22] INFO  impl.RoleInfo (RoleInfo.java:updateAndGet(130)) - 44736ceb-ad1e-44d8-8a85-1de4ce4d0fde: start 44736ceb-ad1e-44d8-8a85-1de4ce4d0fde@group-EA7C0EB40836-LeaderStateImpl
2022-02-08 14:30:30,428 [44736ceb-ad1e-44d8-8a85-1de4ce4d0fde@group-EA7C0EB40836-LeaderElection22] INFO  segmented.SegmentedRaftLogWorker (SegmentedRaftLogWorker.java:startLogSegment(394)) - 44736ceb-ad1e-44d8-8a85-1de4ce4d0fde@group-EA7C0EB40836-SegmentedRaftLogWorker: Starting segment from index:0
2022-02-08 14:30:30,433 [44736ceb-ad1e-44d8-8a85-1de4ce4d0fde@group-EA7C0EB40836-LeaderElection22] INFO  server.RaftServer$Division (ServerState.java:setRaftConf(387)) - 44736ceb-ad1e-44d8-8a85-1de4ce4d0fde@group-EA7C0EB40836: set configuration 0: [44736ceb-ad1e-44d8-8a85-1de4ce4d0fde|rpc:127.0.0.1:34931|dataStream:|priority:1], old=null
2022-02-08 14:30:30,437 [44736ceb-ad1e-44d8-8a85-1de4ce4d0fde@group-EA7C0EB40836-SegmentedRaftLogWorker] INFO  segmented.SegmentedRaftLogWorker (SegmentedRaftLogWorker.java:execute(601)) - 44736ceb-ad1e-44d8-8a85-1de4ce4d0fde@group-EA7C0EB40836-SegmentedRaftLogWorker: created new log segment /home/runner/work/ozone/ozone/hadoop-ozone/integration-test/target/test-dir/MiniOzoneClusterImpl-be5678e2-4507-4d84-8cb9-fc99c0f819fc/datanode-0/data/ratis/d4f756ab-b867-4583-96fe-ea7c0eb40836/current/log_inprogress_0
2022-02-08 14:30:30,574 [EndpointStateMachine task thread for /127.0.0.1:32969 - 0 ] INFO  ipc.Client (Client.java:handleConnectionFailure(977)) - Retrying connect to server: localhost/127.0.0.1:32969. Already tried 7 time(s); retry policy is RetryUpToMaximumCountWithFixedSleep(maxRetries=15, sleepTime=1000 MILLISECONDS)
2022-02-08 14:30:30,581 [EndpointStateMachine task thread for /127.0.0.1:41397 - 0 ] INFO  ipc.Client (Client.java:handleConnectionFailure(977)) - Retrying connect to server: localhost/127.0.0.1:41397. Already tried 7 time(s); retry policy is RetryUpToMaximumCountWithFixedSleep(maxRetries=15, sleepTime=1000 MILLISECONDS)
2022-02-08 14:30:30,586 [EndpointStateMachine task thread for /127.0.0.1:40085 - 0 ] INFO  ipc.Client (Client.java:handleConnectionFailure(977)) - Retrying connect to server: localhost/127.0.0.1:40085. Already tried 7 time(s); retry policy is RetryUpToMaximumCountWithFixedSleep(maxRetries=15, sleepTime=1000 MILLISECONDS)
2022-02-08 14:30:30,670 [4a6a0aaf-aa28-4f33-a09c-5a4e665a2556@group-BFB3F072E4AD-FollowerState] INFO  impl.FollowerState (FollowerState.java:run(134)) - 4a6a0aaf-aa28-4f33-a09c-5a4e665a2556@group-BFB3F072E4AD-FollowerState: change to CANDIDATE, lastRpcElapsedTime:5107873929ns, electionTimeout:5107ms
2022-02-08 14:30:30,670 [4a6a0aaf-aa28-4f33-a09c-5a4e665a2556@group-BFB3F072E4AD-FollowerState] INFO  impl.RoleInfo (RoleInfo.java:shutdownFollowerState(108)) - 4a6a0aaf-aa28-4f33-a09c-5a4e665a2556: shutdown 4a6a0aaf-aa28-4f33-a09c-5a4e665a2556@group-BFB3F072E4AD-FollowerState
2022-02-08 14:30:30,670 [4a6a0aaf-aa28-4f33-a09c-5a4e665a2556@group-BFB3F072E4AD-FollowerState] INFO  server.RaftServer$Division (RaftServerImpl.java:setRole(290)) - 4a6a0aaf-aa28-4f33-a09c-5a4e665a2556@group-BFB3F072E4AD: changes role from  FOLLOWER to CANDIDATE at term 0 for changeToCandidate
2022-02-08 14:30:30,671 [4a6a0aaf-aa28-4f33-a09c-5a4e665a2556@group-BFB3F072E4AD-FollowerState] INFO  server.RaftServerConfigKeys (ConfUtils.java:logGet(44)) - raft.server.leaderelection.pre-vote = false (custom)
2022-02-08 14:30:30,671 [4a6a0aaf-aa28-4f33-a09c-5a4e665a2556@group-BFB3F072E4AD-FollowerState] INFO  impl.RoleInfo (RoleInfo.java:updateAndGet(130)) - 4a6a0aaf-aa28-4f33-a09c-5a4e665a2556: start 4a6a0aaf-aa28-4f33-a09c-5a4e665a2556@group-BFB3F072E4AD-LeaderElection23
2022-02-08 14:30:30,688 [4a6a0aaf-aa28-4f33-a09c-5a4e665a2556@group-BFB3F072E4AD-LeaderElection23] INFO  impl.LeaderElection (LeaderElection.java:askForVotes(306)) - 4a6a0aaf-aa28-4f33-a09c-5a4e665a2556@group-BFB3F072E4AD-LeaderElection23 ELECTION round 0: submit vote requests at term 1 for -1: [9c433d8a-234d-492f-a374-35df91077eee|rpc:127.0.0.1:41109|dataStream:|priority:1, 4a6a0aaf-aa28-4f33-a09c-5a4e665a2556|rpc:127.0.0.1:39435|dataStream:|priority:0, 44736ceb-ad1e-44d8-8a85-1de4ce4d0fde|rpc:127.0.0.1:34931|dataStream:|priority:0], old=null
2022-02-08 14:30:30,702 [grpc-default-executor-0] INFO  server.RaftServer$Division (RaftServerImpl.java:requestVote(1046)) - 9c433d8a-234d-492f-a374-35df91077eee@group-BFB3F072E4AD: receive requestVote(ELECTION, 4a6a0aaf-aa28-4f33-a09c-5a4e665a2556, group-BFB3F072E4AD, 1, (t:0, i:0))
2022-02-08 14:30:30,702 [grpc-default-executor-0] INFO  impl.VoteContext (VoteContext.java:log(48)) - 9c433d8a-234d-492f-a374-35df91077eee@group-BFB3F072E4AD-FOLLOWER: reject ELECTION from 4a6a0aaf-aa28-4f33-a09c-5a4e665a2556: our priority 1 > candidate's priority 0
2022-02-08 14:30:30,702 [grpc-default-executor-0] INFO  server.RaftServer$Division (RaftServerImpl.java:setRole(290)) - 9c433d8a-234d-492f-a374-35df91077eee@group-BFB3F072E4AD: changes role from  FOLLOWER to FOLLOWER at term 1 for candidate:4a6a0aaf-aa28-4f33-a09c-5a4e665a2556
2022-02-08 14:30:30,702 [grpc-default-executor-0] INFO  impl.RoleInfo (RoleInfo.java:shutdownFollowerState(108)) - 9c433d8a-234d-492f-a374-35df91077eee: shutdown 9c433d8a-234d-492f-a374-35df91077eee@group-BFB3F072E4AD-FollowerState
2022-02-08 14:30:30,702 [grpc-default-executor-0] INFO  impl.RoleInfo (RoleInfo.java:updateAndGet(130)) - 9c433d8a-234d-492f-a374-35df91077eee: start 9c433d8a-234d-492f-a374-35df91077eee@group-BFB3F072E4AD-FollowerState
2022-02-08 14:30:30,702 [9c433d8a-234d-492f-a374-35df91077eee@group-BFB3F072E4AD-FollowerState] INFO  impl.FollowerState (FollowerState.java:run(143)) - 9c433d8a-234d-492f-a374-35df91077eee@group-BFB3F072E4AD-FollowerState was interrupted: {}
java.lang.InterruptedException: sleep interrupted
	at java.lang.Thread.sleep(Native Method)
	at java.lang.Thread.sleep(Thread.java:340)
	at java.util.concurrent.TimeUnit.sleep(TimeUnit.java:386)
	at org.apache.ratis.util.TimeDuration.sleep(TimeDuration.java:324)
	at org.apache.ratis.util.TimeDuration.sleep(TimeDuration.java:309)
	at org.apache.ratis.server.impl.FollowerState.run(FollowerState.java:118)
2022-02-08 14:30:30,707 [44736ceb-ad1e-44d8-8a85-1de4ce4d0fde@group-BFB3F072E4AD-FollowerState] INFO  impl.FollowerState (FollowerState.java:run(134)) - 44736ceb-ad1e-44d8-8a85-1de4ce4d0fde@group-BFB3F072E4AD-FollowerState: change to CANDIDATE, lastRpcElapsedTime:5183300972ns, electionTimeout:5182ms
2022-02-08 14:30:30,707 [44736ceb-ad1e-44d8-8a85-1de4ce4d0fde@group-BFB3F072E4AD-FollowerState] INFO  impl.RoleInfo (RoleInfo.java:shutdownFollowerState(108)) - 44736ceb-ad1e-44d8-8a85-1de4ce4d0fde: shutdown 44736ceb-ad1e-44d8-8a85-1de4ce4d0fde@group-BFB3F072E4AD-FollowerState
2022-02-08 14:30:30,707 [44736ceb-ad1e-44d8-8a85-1de4ce4d0fde@group-BFB3F072E4AD-FollowerState] INFO  server.RaftServer$Division (RaftServerImpl.java:setRole(290)) - 44736ceb-ad1e-44d8-8a85-1de4ce4d0fde@group-BFB3F072E4AD: changes role from  FOLLOWER to CANDIDATE at term 0 for changeToCandidate
2022-02-08 14:30:30,708 [44736ceb-ad1e-44d8-8a85-1de4ce4d0fde@group-BFB3F072E4AD-FollowerState] INFO  server.RaftServerConfigKeys (ConfUtils.java:logGet(44)) - raft.server.leaderelection.pre-vote = false (custom)
2022-02-08 14:30:30,708 [44736ceb-ad1e-44d8-8a85-1de4ce4d0fde@group-BFB3F072E4AD-FollowerState] INFO  impl.RoleInfo (RoleInfo.java:updateAndGet(130)) - 44736ceb-ad1e-44d8-8a85-1de4ce4d0fde: start 44736ceb-ad1e-44d8-8a85-1de4ce4d0fde@group-BFB3F072E4AD-LeaderElection24
2022-02-08 14:30:30,720 [4a6a0aaf-aa28-4f33-a09c-5a4e665a2556@group-1A28616D5BAB-FollowerState] INFO  impl.FollowerState (FollowerState.java:run(134)) - 4a6a0aaf-aa28-4f33-a09c-5a4e665a2556@group-1A28616D5BAB-FollowerState: change to CANDIDATE, lastRpcElapsedTime:5043972563ns, electionTimeout:5030ms
2022-02-08 14:30:30,721 [4a6a0aaf-aa28-4f33-a09c-5a4e665a2556@group-1A28616D5BAB-FollowerState] INFO  impl.RoleInfo (RoleInfo.java:shutdownFollowerState(108)) - 4a6a0aaf-aa28-4f33-a09c-5a4e665a2556: shutdown 4a6a0aaf-aa28-4f33-a09c-5a4e665a2556@group-1A28616D5BAB-FollowerState
2022-02-08 14:30:30,721 [4a6a0aaf-aa28-4f33-a09c-5a4e665a2556@group-1A28616D5BAB-FollowerState] INFO  server.RaftServer$Division (RaftServerImpl.java:setRole(290)) - 4a6a0aaf-aa28-4f33-a09c-5a4e665a2556@group-1A28616D5BAB: changes role from  FOLLOWER to CANDIDATE at term 0 for changeToCandidate
2022-02-08 14:30:30,721 [4a6a0aaf-aa28-4f33-a09c-5a4e665a2556@group-1A28616D5BAB-FollowerState] INFO  server.RaftServerConfigKeys (ConfUtils.java:logGet(44)) - raft.server.leaderelection.pre-vote = false (custom)
2022-02-08 14:30:30,721 [4a6a0aaf-aa28-4f33-a09c-5a4e665a2556@group-1A28616D5BAB-FollowerState] INFO  impl.RoleInfo (RoleInfo.java:updateAndGet(130)) - 4a6a0aaf-aa28-4f33-a09c-5a4e665a2556: start 4a6a0aaf-aa28-4f33-a09c-5a4e665a2556@group-1A28616D5BAB-LeaderElection25
2022-02-08 14:30:30,729 [grpc-default-executor-0] INFO  server.RaftServer$Division (RaftServerImpl.java:requestVote(1078)) - 9c433d8a-234d-492f-a374-35df91077eee@group-BFB3F072E4AD replies to ELECTION vote request: 4a6a0aaf-aa28-4f33-a09c-5a4e665a2556<-9c433d8a-234d-492f-a374-35df91077eee#0:FAIL-t1. Peer's state: 9c433d8a-234d-492f-a374-35df91077eee@group-BFB3F072E4AD:t1, leader=null, voted=null, raftlog=9c433d8a-234d-492f-a374-35df91077eee@group-BFB3F072E4AD-SegmentedRaftLog:OPENED:c-1, conf=-1: [9c433d8a-234d-492f-a374-35df91077eee|rpc:127.0.0.1:41109|dataStream:|priority:1, 4a6a0aaf-aa28-4f33-a09c-5a4e665a2556|rpc:127.0.0.1:39435|dataStream:|priority:0, 44736ceb-ad1e-44d8-8a85-1de4ce4d0fde|rpc:127.0.0.1:34931|dataStream:|priority:0], old=null
2022-02-08 14:30:30,730 [4a6a0aaf-aa28-4f33-a09c-5a4e665a2556@group-BFB3F072E4AD-LeaderElection23] INFO  impl.LeaderElection (LeaderElection.java:logAndReturn(89)) - 4a6a0aaf-aa28-4f33-a09c-5a4e665a2556@group-BFB3F072E4AD-LeaderElection23: ELECTION REJECTED received 1 response(s) and 0 exception(s):
2022-02-08 14:30:30,730 [4a6a0aaf-aa28-4f33-a09c-5a4e665a2556@group-BFB3F072E4AD-LeaderElection23] INFO  impl.LeaderElection (LeaderElection.java:logAndReturn(93)) -   Response 0: 4a6a0aaf-aa28-4f33-a09c-5a4e665a2556<-9c433d8a-234d-492f-a374-35df91077eee#0:FAIL-t1
2022-02-08 14:30:30,730 [4a6a0aaf-aa28-4f33-a09c-5a4e665a2556@group-BFB3F072E4AD-LeaderElection23] INFO  impl.LeaderElection (LeaderElection.java:askForVotes(308)) - 4a6a0aaf-aa28-4f33-a09c-5a4e665a2556@group-BFB3F072E4AD-LeaderElection23 ELECTION round 0: result REJECTED
2022-02-08 14:30:30,730 [4a6a0aaf-aa28-4f33-a09c-5a4e665a2556@group-BFB3F072E4AD-LeaderElection23] INFO  server.RaftServer$Division (RaftServerImpl.java:setRole(290)) - 4a6a0aaf-aa28-4f33-a09c-5a4e665a2556@group-BFB3F072E4AD: changes role from CANDIDATE to FOLLOWER at term 1 for REJECTED
2022-02-08 14:30:30,730 [4a6a0aaf-aa28-4f33-a09c-5a4e665a2556@group-BFB3F072E4AD-LeaderElection23] INFO  impl.RoleInfo (RoleInfo.java:shutdownLeaderElection(121)) - 4a6a0aaf-aa28-4f33-a09c-5a4e665a2556: shutdown 4a6a0aaf-aa28-4f33-a09c-5a4e665a2556@group-BFB3F072E4AD-LeaderElection23
2022-02-08 14:30:30,730 [4a6a0aaf-aa28-4f33-a09c-5a4e665a2556@group-BFB3F072E4AD-LeaderElection23] INFO  impl.RoleInfo (RoleInfo.java:updateAndGet(130)) - 4a6a0aaf-aa28-4f33-a09c-5a4e665a2556: start 4a6a0aaf-aa28-4f33-a09c-5a4e665a2556@group-BFB3F072E4AD-FollowerState
2022-02-08 14:30:30,735 [44736ceb-ad1e-44d8-8a85-1de4ce4d0fde@group-BFB3F072E4AD-LeaderElection24] INFO  impl.LeaderElection (LeaderElection.java:askForVotes(306)) - 44736ceb-ad1e-44d8-8a85-1de4ce4d0fde@group-BFB3F072E4AD-LeaderElection24 ELECTION round 0: submit vote requests at term 1 for -1: [9c433d8a-234d-492f-a374-35df91077eee|rpc:127.0.0.1:41109|priority:1, 4a6a0aaf-aa28-4f33-a09c-5a4e665a2556|rpc:127.0.0.1:39435|priority:0, 44736ceb-ad1e-44d8-8a85-1de4ce4d0fde|rpc:127.0.0.1:34931|priority:0], old=null
2022-02-08 14:30:30,751 [grpc-default-executor-2] INFO  server.RaftServer$Division (RaftServerImpl.java:requestVote(1046)) - 44736ceb-ad1e-44d8-8a85-1de4ce4d0fde@group-BFB3F072E4AD: receive requestVote(ELECTION, 4a6a0aaf-aa28-4f33-a09c-5a4e665a2556, group-BFB3F072E4AD, 1, (t:0, i:0))
2022-02-08 14:30:30,751 [grpc-default-executor-2] INFO  impl.VoteContext (VoteContext.java:log(48)) - 44736ceb-ad1e-44d8-8a85-1de4ce4d0fde@group-BFB3F072E4AD-CANDIDATE: reject ELECTION from 4a6a0aaf-aa28-4f33-a09c-5a4e665a2556: already has voted for 44736ceb-ad1e-44d8-8a85-1de4ce4d0fde at current term 1
2022-02-08 14:30:30,752 [grpc-default-executor-2] INFO  server.RaftServer$Division (RaftServerImpl.java:requestVote(1078)) - 44736ceb-ad1e-44d8-8a85-1de4ce4d0fde@group-BFB3F072E4AD replies to ELECTION vote request: 4a6a0aaf-aa28-4f33-a09c-5a4e665a2556<-44736ceb-ad1e-44d8-8a85-1de4ce4d0fde#0:FAIL-t1. Peer's state: 44736ceb-ad1e-44d8-8a85-1de4ce4d0fde@group-BFB3F072E4AD:t1, leader=null, voted=44736ceb-ad1e-44d8-8a85-1de4ce4d0fde, raftlog=44736ceb-ad1e-44d8-8a85-1de4ce4d0fde@group-BFB3F072E4AD-SegmentedRaftLog:OPENED:c-1, conf=-1: [9c433d8a-234d-492f-a374-35df91077eee|rpc:127.0.0.1:41109|priority:1, 4a6a0aaf-aa28-4f33-a09c-5a4e665a2556|rpc:127.0.0.1:39435|priority:0, 44736ceb-ad1e-44d8-8a85-1de4ce4d0fde|rpc:127.0.0.1:34931|priority:0], old=null
2022-02-08 14:30:30,752 [grpc-default-executor-0] INFO  server.RaftServer$Division (RaftServerImpl.java:requestVote(1046)) - 9c433d8a-234d-492f-a374-35df91077eee@group-BFB3F072E4AD: receive requestVote(ELECTION, 44736ceb-ad1e-44d8-8a85-1de4ce4d0fde, group-BFB3F072E4AD, 1, (t:0, i:0))
2022-02-08 14:30:30,752 [grpc-default-executor-0] INFO  impl.VoteContext (VoteContext.java:log(48)) - 9c433d8a-234d-492f-a374-35df91077eee@group-BFB3F072E4AD-FOLLOWER: reject ELECTION from 44736ceb-ad1e-44d8-8a85-1de4ce4d0fde: our priority 1 > candidate's priority 0
2022-02-08 14:30:30,752 [grpc-default-executor-0] INFO  server.RaftServer$Division (RaftServerImpl.java:setRole(290)) - 9c433d8a-234d-492f-a374-35df91077eee@group-BFB3F072E4AD: changes role from  FOLLOWER to FOLLOWER at term 1 for candidate:44736ceb-ad1e-44d8-8a85-1de4ce4d0fde
2022-02-08 14:30:30,752 [grpc-default-executor-0] INFO  impl.RoleInfo (RoleInfo.java:shutdownFollowerState(108)) - 9c433d8a-234d-492f-a374-35df91077eee: shutdown 9c433d8a-234d-492f-a374-35df91077eee@group-BFB3F072E4AD-FollowerState
2022-02-08 14:30:30,752 [grpc-default-executor-0] INFO  impl.RoleInfo (RoleInfo.java:updateAndGet(130)) - 9c433d8a-234d-492f-a374-35df91077eee: start 9c433d8a-234d-492f-a374-35df91077eee@group-BFB3F072E4AD-FollowerState
2022-02-08 14:30:30,752 [9c433d8a-234d-492f-a374-35df91077eee@group-BFB3F072E4AD-FollowerState] INFO  impl.FollowerState (FollowerState.java:run(143)) - 9c433d8a-234d-492f-a374-35df91077eee@group-BFB3F072E4AD-FollowerState was interrupted: {}
java.lang.InterruptedException: sleep interrupted
	at java.lang.Thread.sleep(Native Method)
	at java.lang.Thread.sleep(Thread.java:340)
	at java.util.concurrent.TimeUnit.sleep(TimeUnit.java:386)
	at org.apache.ratis.util.TimeDuration.sleep(TimeDuration.java:324)
	at org.apache.ratis.util.TimeDuration.sleep(TimeDuration.java:309)
	at org.apache.ratis.server.impl.FollowerState.run(FollowerState.java:118)
2022-02-08 14:30:30,753 [4a6a0aaf-aa28-4f33-a09c-5a4e665a2556@group-1A28616D5BAB-LeaderElection25] INFO  impl.LeaderElection (LeaderElection.java:askForVotes(306)) - 4a6a0aaf-aa28-4f33-a09c-5a4e665a2556@group-1A28616D5BAB-LeaderElection25 ELECTION round 0: submit vote requests at term 1 for -1: [4a6a0aaf-aa28-4f33-a09c-5a4e665a2556|rpc:127.0.0.1:39435|priority:1], old=null
2022-02-08 14:30:30,764 [4a6a0aaf-aa28-4f33-a09c-5a4e665a2556@group-1A28616D5BAB-LeaderElection25] INFO  impl.LeaderElection (LeaderElection.java:askForVotes(308)) - 4a6a0aaf-aa28-4f33-a09c-5a4e665a2556@group-1A28616D5BAB-LeaderElection25 ELECTION round 0: result PASSED (term=1)
2022-02-08 14:30:30,764 [4a6a0aaf-aa28-4f33-a09c-5a4e665a2556@group-1A28616D5BAB-LeaderElection25] INFO  impl.RoleInfo (RoleInfo.java:shutdownLeaderElection(121)) - 4a6a0aaf-aa28-4f33-a09c-5a4e665a2556: shutdown 4a6a0aaf-aa28-4f33-a09c-5a4e665a2556@group-1A28616D5BAB-LeaderElection25
2022-02-08 14:30:30,764 [4a6a0aaf-aa28-4f33-a09c-5a4e665a2556@group-1A28616D5BAB-LeaderElection25] INFO  server.RaftServer$Division (RaftServerImpl.java:setRole(290)) - 4a6a0aaf-aa28-4f33-a09c-5a4e665a2556@group-1A28616D5BAB: changes role from CANDIDATE to LEADER at term 1 for changeToLeader
2022-02-08 14:30:30,764 [4a6a0aaf-aa28-4f33-a09c-5a4e665a2556@group-1A28616D5BAB-LeaderElection25] INFO  ratis.XceiverServerRatis (XceiverServerRatis.java:handleLeaderChangedNotification(866)) - Leader change notification received for group: group-1A28616D5BAB with new leaderId: 4a6a0aaf-aa28-4f33-a09c-5a4e665a2556
2022-02-08 14:30:30,753 [grpc-default-executor-0] INFO  server.RaftServer$Division (RaftServerImpl.java:requestVote(1078)) - 9c433d8a-234d-492f-a374-35df91077eee@group-BFB3F072E4AD replies to ELECTION vote request: 44736ceb-ad1e-44d8-8a85-1de4ce4d0fde<-9c433d8a-234d-492f-a374-35df91077eee#0:FAIL-t1. Peer's state: 9c433d8a-234d-492f-a374-35df91077eee@group-BFB3F072E4AD:t1, leader=null, voted=null, raftlog=9c433d8a-234d-492f-a374-35df91077eee@group-BFB3F072E4AD-SegmentedRaftLog:OPENED:c-1, conf=-1: [9c433d8a-234d-492f-a374-35df91077eee|rpc:127.0.0.1:41109|dataStream:|priority:1, 4a6a0aaf-aa28-4f33-a09c-5a4e665a2556|rpc:127.0.0.1:39435|dataStream:|priority:0, 44736ceb-ad1e-44d8-8a85-1de4ce4d0fde|rpc:127.0.0.1:34931|dataStream:|priority:0], old=null
2022-02-08 14:30:30,765 [4a6a0aaf-aa28-4f33-a09c-5a4e665a2556@group-1A28616D5BAB-LeaderElection25] INFO  server.RaftServer$Division (ServerState.java:setLeader(285)) - 4a6a0aaf-aa28-4f33-a09c-5a4e665a2556@group-1A28616D5BAB: change Leader from null to 4a6a0aaf-aa28-4f33-a09c-5a4e665a2556 at term 1 for becomeLeader, leader elected after 5162ms
2022-02-08 14:30:30,765 [4a6a0aaf-aa28-4f33-a09c-5a4e665a2556@group-1A28616D5BAB-LeaderElection25] INFO  server.RaftServerConfigKeys (ConfUtils.java:logGet(44)) - raft.server.staging.catchup.gap = 1000 (default)
2022-02-08 14:30:30,765 [4a6a0aaf-aa28-4f33-a09c-5a4e665a2556@group-1A28616D5BAB-LeaderElection25] INFO  server.RaftServerConfigKeys (ConfUtils.java:logGet(44)) - raft.server.write.element-limit = 1024 (custom)
2022-02-08 14:30:30,765 [4a6a0aaf-aa28-4f33-a09c-5a4e665a2556@group-1A28616D5BAB-LeaderElection25] INFO  server.RaftServerConfigKeys (ConfUtils.java:logGet(44)) - raft.server.write.byte-limit = 1024 M (=1073741824) (custom)
2022-02-08 14:30:30,765 [4a6a0aaf-aa28-4f33-a09c-5a4e665a2556@group-1A28616D5BAB-LeaderElection25] INFO  server.RaftServerConfigKeys (ConfUtils.java:logGet(44)) - raft.server.watch.timeout = 180s (custom)
2022-02-08 14:30:30,765 [4a6a0aaf-aa28-4f33-a09c-5a4e665a2556@group-1A28616D5BAB-LeaderElection25] INFO  server.RaftServerConfigKeys (ConfUtils.java:logGet(44)) - raft.server.watch.timeout.denomination = 1s (default)
2022-02-08 14:30:30,765 [4a6a0aaf-aa28-4f33-a09c-5a4e665a2556@group-1A28616D5BAB-LeaderElection25] INFO  server.RaftServerConfigKeys (ConfUtils.java:logGet(44)) - raft.server.watch.element-limit = 65536 (default)
2022-02-08 14:30:30,765 [4a6a0aaf-aa28-4f33-a09c-5a4e665a2556@group-1A28616D5BAB-LeaderElection25] INFO  server.RaftServerConfigKeys (ConfUtils.java:logGet(44)) - raft.server.write.element-limit = 1024 (custom)
2022-02-08 14:30:30,765 [4a6a0aaf-aa28-4f33-a09c-5a4e665a2556@group-1A28616D5BAB-LeaderElection25] INFO  server.RaftServerConfigKeys (ConfUtils.java:logGet(44)) - raft.server.write.follower.gap.ratio.max = -1.0 (default)
2022-02-08 14:30:30,765 [4a6a0aaf-aa28-4f33-a09c-5a4e665a2556@group-1A28616D5BAB-LeaderElection25] INFO  impl.RoleInfo (RoleInfo.java:updateAndGet(130)) - 4a6a0aaf-aa28-4f33-a09c-5a4e665a2556: start 4a6a0aaf-aa28-4f33-a09c-5a4e665a2556@group-1A28616D5BAB-LeaderStateImpl
2022-02-08 14:30:30,766 [4a6a0aaf-aa28-4f33-a09c-5a4e665a2556@group-1A28616D5BAB-LeaderElection25] INFO  segmented.SegmentedRaftLogWorker (SegmentedRaftLogWorker.java:startLogSegment(394)) - 4a6a0aaf-aa28-4f33-a09c-5a4e665a2556@group-1A28616D5BAB-SegmentedRaftLogWorker: Starting segment from index:0
2022-02-08 14:30:30,767 [4a6a0aaf-aa28-4f33-a09c-5a4e665a2556@group-1A28616D5BAB-SegmentedRaftLogWorker] INFO  segmented.SegmentedRaftLogWorker (SegmentedRaftLogWorker.java:execute(601)) - 4a6a0aaf-aa28-4f33-a09c-5a4e665a2556@group-1A28616D5BAB-SegmentedRaftLogWorker: created new log segment /home/runner/work/ozone/ozone/hadoop-ozone/integration-test/target/test-dir/MiniOzoneClusterImpl-be5678e2-4507-4d84-8cb9-fc99c0f819fc/datanode-1/data/ratis/30a150e0-a866-4a23-8623-1a28616d5bab/current/log_inprogress_0
2022-02-08 14:30:30,767 [EventQueue-OpenPipelineForHealthyPipelineSafeModeRule] INFO  safemode.SCMSafeModeManager (HealthyPipelineSafeModeRule.java:process(124)) - SCM in safe mode. Healthy pipelines reported count is 0, required healthy pipeline reported count is 1
2022-02-08 14:30:30,768 [EventQueue-OpenPipelineForHealthyPipelineSafeModeRule] INFO  safemode.SCMSafeModeManager (HealthyPipelineSafeModeRule.java:process(124)) - SCM in safe mode. Healthy pipelines reported count is 0, required healthy pipeline reported count is 1
2022-02-08 14:30:30,776 [4a6a0aaf-aa28-4f33-a09c-5a4e665a2556@group-1A28616D5BAB-LeaderElection25] INFO  server.RaftServer$Division (ServerState.java:setRaftConf(387)) - 4a6a0aaf-aa28-4f33-a09c-5a4e665a2556@group-1A28616D5BAB: set configuration 0: [4a6a0aaf-aa28-4f33-a09c-5a4e665a2556|rpc:127.0.0.1:39435|dataStream:|priority:1], old=null
2022-02-08 14:30:30,776 [grpc-default-executor-0] INFO  server.RaftServer$Division (RaftServerImpl.java:requestVote(1046)) - 4a6a0aaf-aa28-4f33-a09c-5a4e665a2556@group-BFB3F072E4AD: receive requestVote(ELECTION, 44736ceb-ad1e-44d8-8a85-1de4ce4d0fde, group-BFB3F072E4AD, 1, (t:0, i:0))
2022-02-08 14:30:30,777 [grpc-default-executor-0] INFO  impl.VoteContext (VoteContext.java:log(48)) - 4a6a0aaf-aa28-4f33-a09c-5a4e665a2556@group-BFB3F072E4AD-FOLLOWER: reject ELECTION from 44736ceb-ad1e-44d8-8a85-1de4ce4d0fde: already has voted for 4a6a0aaf-aa28-4f33-a09c-5a4e665a2556 at current term 1
2022-02-08 14:30:30,777 [grpc-default-executor-0] INFO  server.RaftServer$Division (RaftServerImpl.java:requestVote(1078)) - 4a6a0aaf-aa28-4f33-a09c-5a4e665a2556@group-BFB3F072E4AD replies to ELECTION vote request: 44736ceb-ad1e-44d8-8a85-1de4ce4d0fde<-4a6a0aaf-aa28-4f33-a09c-5a4e665a2556#0:FAIL-t1. Peer's state: 4a6a0aaf-aa28-4f33-a09c-5a4e665a2556@group-BFB3F072E4AD:t1, leader=null, voted=4a6a0aaf-aa28-4f33-a09c-5a4e665a2556, raftlog=4a6a0aaf-aa28-4f33-a09c-5a4e665a2556@group-BFB3F072E4AD-SegmentedRaftLog:OPENED:c-1, conf=-1: [9c433d8a-234d-492f-a374-35df91077eee|rpc:127.0.0.1:41109|dataStream:|priority:1, 4a6a0aaf-aa28-4f33-a09c-5a4e665a2556|rpc:127.0.0.1:39435|dataStream:|priority:0, 44736ceb-ad1e-44d8-8a85-1de4ce4d0fde|rpc:127.0.0.1:34931|dataStream:|priority:0], old=null
2022-02-08 14:30:30,777 [44736ceb-ad1e-44d8-8a85-1de4ce4d0fde@group-BFB3F072E4AD-LeaderElection24] INFO  impl.LeaderElection (LeaderElection.java:logAndReturn(89)) - 44736ceb-ad1e-44d8-8a85-1de4ce4d0fde@group-BFB3F072E4AD-LeaderElection24: ELECTION REJECTED received 1 response(s) and 0 exception(s):
2022-02-08 14:30:30,777 [44736ceb-ad1e-44d8-8a85-1de4ce4d0fde@group-BFB3F072E4AD-LeaderElection24] INFO  impl.LeaderElection (LeaderElection.java:logAndReturn(93)) -   Response 0: 44736ceb-ad1e-44d8-8a85-1de4ce4d0fde<-9c433d8a-234d-492f-a374-35df91077eee#0:FAIL-t1
2022-02-08 14:30:30,778 [44736ceb-ad1e-44d8-8a85-1de4ce4d0fde@group-BFB3F072E4AD-LeaderElection24] INFO  impl.LeaderElection (LeaderElection.java:askForVotes(308)) - 44736ceb-ad1e-44d8-8a85-1de4ce4d0fde@group-BFB3F072E4AD-LeaderElection24 ELECTION round 0: result REJECTED
2022-02-08 14:30:30,778 [44736ceb-ad1e-44d8-8a85-1de4ce4d0fde@group-BFB3F072E4AD-LeaderElection24] INFO  server.RaftServer$Division (RaftServerImpl.java:setRole(290)) - 44736ceb-ad1e-44d8-8a85-1de4ce4d0fde@group-BFB3F072E4AD: changes role from CANDIDATE to FOLLOWER at term 1 for REJECTED
2022-02-08 14:30:30,778 [44736ceb-ad1e-44d8-8a85-1de4ce4d0fde@group-BFB3F072E4AD-LeaderElection24] INFO  impl.RoleInfo (RoleInfo.java:shutdownLeaderElection(121)) - 44736ceb-ad1e-44d8-8a85-1de4ce4d0fde: shutdown 44736ceb-ad1e-44d8-8a85-1de4ce4d0fde@group-BFB3F072E4AD-LeaderElection24
2022-02-08 14:30:30,778 [44736ceb-ad1e-44d8-8a85-1de4ce4d0fde@group-BFB3F072E4AD-LeaderElection24] INFO  impl.RoleInfo (RoleInfo.java:updateAndGet(130)) - 44736ceb-ad1e-44d8-8a85-1de4ce4d0fde: start 44736ceb-ad1e-44d8-8a85-1de4ce4d0fde@group-BFB3F072E4AD-FollowerState
2022-02-08 14:30:30,942 [Listener at 127.0.0.1/38815] INFO  ozone.MiniOzoneClusterImpl (MiniOzoneClusterImpl.java:lambda$waitForClusterToBeReady$0(219)) - Nodes are ready. Got 3 of 3 DN Heartbeats.
2022-02-08 14:30:30,942 [Listener at 127.0.0.1/38815] INFO  ozone.MiniOzoneClusterImpl (MiniOzoneClusterImpl.java:lambda$waitForClusterToBeReady$0(222)) - Waiting for cluster to exit safe mode
2022-02-08 14:30:30,942 [Listener at 127.0.0.1/38815] INFO  ozone.MiniOzoneClusterImpl (MiniOzoneClusterImpl.java:lambda$waitForClusterToBeReady$0(224)) - SCM became leader
2022-02-08 14:30:31,003 [Datanode State Machine Daemon Thread] ERROR datanode.RunningDatanodeState (RunningDatanodeState.java:computeNextContainerState(199)) - Error in executing end point task.
java.util.concurrent.ExecutionException: java.util.concurrent.TimeoutException
	at java.util.concurrent.FutureTask.report(FutureTask.java:122)
	at java.util.concurrent.FutureTask.get(FutureTask.java:192)
	at org.apache.hadoop.ozone.container.common.states.datanode.RunningDatanodeState.computeNextContainerState(RunningDatanodeState.java:191)
	at org.apache.hadoop.ozone.container.common.states.datanode.RunningDatanodeState.await(RunningDatanodeState.java:231)
	at org.apache.hadoop.ozone.container.common.states.datanode.RunningDatanodeState.await(RunningDatanodeState.java:50)
	at org.apache.hadoop.ozone.container.common.statemachine.StateContext.execute(StateContext.java:633)
	at org.apache.hadoop.ozone.container.common.statemachine.DatanodeStateMachine.start(DatanodeStateMachine.java:283)
	at org.apache.hadoop.ozone.container.common.statemachine.DatanodeStateMachine.lambda$startDaemon$0(DatanodeStateMachine.java:471)
	at java.lang.Thread.run(Thread.java:748)
Caused by: java.util.concurrent.TimeoutException
	at java.util.concurrent.FutureTask.get(FutureTask.java:205)
	at org.apache.hadoop.ozone.container.common.states.datanode.RunningDatanodeState.lambda$execute$0(RunningDatanodeState.java:149)
	at java.util.concurrent.FutureTask.run(FutureTask.java:266)
	at java.util.concurrent.Executors$RunnableAdapter.call(Executors.java:511)
	at java.util.concurrent.FutureTask.run(FutureTask.java:266)
	at java.util.concurrent.ThreadPoolExecutor.runWorker(ThreadPoolExecutor.java:1149)
	at java.util.concurrent.ThreadPoolExecutor$Worker.run(ThreadPoolExecutor.java:624)
	... 1 more
2022-02-08 14:30:31,145 [9c433d8a-234d-492f-a374-35df91077eee@group-E84B4EFC87A5-FollowerState] INFO  impl.FollowerState (FollowerState.java:run(134)) - 9c433d8a-234d-492f-a374-35df91077eee@group-E84B4EFC87A5-FollowerState: change to CANDIDATE, lastRpcElapsedTime:5130502782ns, electionTimeout:5112ms
2022-02-08 14:30:31,145 [9c433d8a-234d-492f-a374-35df91077eee@group-E84B4EFC87A5-FollowerState] INFO  impl.RoleInfo (RoleInfo.java:shutdownFollowerState(108)) - 9c433d8a-234d-492f-a374-35df91077eee: shutdown 9c433d8a-234d-492f-a374-35df91077eee@group-E84B4EFC87A5-FollowerState
2022-02-08 14:30:31,145 [9c433d8a-234d-492f-a374-35df91077eee@group-E84B4EFC87A5-FollowerState] INFO  server.RaftServer$Division (RaftServerImpl.java:setRole(290)) - 9c433d8a-234d-492f-a374-35df91077eee@group-E84B4EFC87A5: changes role from  FOLLOWER to CANDIDATE at term 0 for changeToCandidate
2022-02-08 14:30:31,146 [9c433d8a-234d-492f-a374-35df91077eee@group-E84B4EFC87A5-FollowerState] INFO  server.RaftServerConfigKeys (ConfUtils.java:logGet(44)) - raft.server.leaderelection.pre-vote = false (custom)
2022-02-08 14:30:31,146 [9c433d8a-234d-492f-a374-35df91077eee@group-E84B4EFC87A5-FollowerState] INFO  impl.RoleInfo (RoleInfo.java:updateAndGet(130)) - 9c433d8a-234d-492f-a374-35df91077eee: start 9c433d8a-234d-492f-a374-35df91077eee@group-E84B4EFC87A5-LeaderElection26
2022-02-08 14:30:31,160 [9c433d8a-234d-492f-a374-35df91077eee@group-E84B4EFC87A5-LeaderElection26] INFO  impl.LeaderElection (LeaderElection.java:askForVotes(306)) - 9c433d8a-234d-492f-a374-35df91077eee@group-E84B4EFC87A5-LeaderElection26 ELECTION round 0: submit vote requests at term 1 for -1: [9c433d8a-234d-492f-a374-35df91077eee|rpc:127.0.0.1:41109|priority:1], old=null
2022-02-08 14:30:31,160 [9c433d8a-234d-492f-a374-35df91077eee@group-E84B4EFC87A5-LeaderElection26] INFO  impl.LeaderElection (LeaderElection.java:askForVotes(308)) - 9c433d8a-234d-492f-a374-35df91077eee@group-E84B4EFC87A5-LeaderElection26 ELECTION round 0: result PASSED (term=1)
2022-02-08 14:30:31,160 [9c433d8a-234d-492f-a374-35df91077eee@group-E84B4EFC87A5-LeaderElection26] INFO  impl.RoleInfo (RoleInfo.java:shutdownLeaderElection(121)) - 9c433d8a-234d-492f-a374-35df91077eee: shutdown 9c433d8a-234d-492f-a374-35df91077eee@group-E84B4EFC87A5-LeaderElection26
2022-02-08 14:30:31,160 [9c433d8a-234d-492f-a374-35df91077eee@group-E84B4EFC87A5-LeaderElection26] INFO  server.RaftServer$Division (RaftServerImpl.java:setRole(290)) - 9c433d8a-234d-492f-a374-35df91077eee@group-E84B4EFC87A5: changes role from CANDIDATE to LEADER at term 1 for changeToLeader
2022-02-08 14:30:31,160 [9c433d8a-234d-492f-a374-35df91077eee@group-E84B4EFC87A5-LeaderElection26] INFO  ratis.XceiverServerRatis (XceiverServerRatis.java:handleLeaderChangedNotification(866)) - Leader change notification received for group: group-E84B4EFC87A5 with new leaderId: 9c433d8a-234d-492f-a374-35df91077eee
2022-02-08 14:30:31,160 [9c433d8a-234d-492f-a374-35df91077eee@group-E84B4EFC87A5-LeaderElection26] INFO  server.RaftServer$Division (ServerState.java:setLeader(285)) - 9c433d8a-234d-492f-a374-35df91077eee@group-E84B4EFC87A5: change Leader from null to 9c433d8a-234d-492f-a374-35df91077eee at term 1 for becomeLeader, leader elected after 5163ms
2022-02-08 14:30:31,160 [9c433d8a-234d-492f-a374-35df91077eee@group-E84B4EFC87A5-LeaderElection26] INFO  server.RaftServerConfigKeys (ConfUtils.java:logGet(44)) - raft.server.staging.catchup.gap = 1000 (default)
2022-02-08 14:30:31,160 [9c433d8a-234d-492f-a374-35df91077eee@group-E84B4EFC87A5-LeaderElection26] INFO  server.RaftServerConfigKeys (ConfUtils.java:logGet(44)) - raft.server.write.element-limit = 1024 (custom)
2022-02-08 14:30:31,160 [9c433d8a-234d-492f-a374-35df91077eee@group-E84B4EFC87A5-LeaderElection26] INFO  server.RaftServerConfigKeys (ConfUtils.java:logGet(44)) - raft.server.write.byte-limit = 1024 M (=1073741824) (custom)
2022-02-08 14:30:31,161 [9c433d8a-234d-492f-a374-35df91077eee@group-E84B4EFC87A5-LeaderElection26] INFO  server.RaftServerConfigKeys (ConfUtils.java:logGet(44)) - raft.server.watch.timeout = 180s (custom)
2022-02-08 14:30:31,161 [9c433d8a-234d-492f-a374-35df91077eee@group-E84B4EFC87A5-LeaderElection26] INFO  server.RaftServerConfigKeys (ConfUtils.java:logGet(44)) - raft.server.watch.timeout.denomination = 1s (default)
2022-02-08 14:30:31,161 [9c433d8a-234d-492f-a374-35df91077eee@group-E84B4EFC87A5-LeaderElection26] INFO  server.RaftServerConfigKeys (ConfUtils.java:logGet(44)) - raft.server.watch.element-limit = 65536 (default)
2022-02-08 14:30:31,161 [9c433d8a-234d-492f-a374-35df91077eee@group-E84B4EFC87A5-LeaderElection26] INFO  server.RaftServerConfigKeys (ConfUtils.java:logGet(44)) - raft.server.write.element-limit = 1024 (custom)
2022-02-08 14:30:31,161 [9c433d8a-234d-492f-a374-35df91077eee@group-E84B4EFC87A5-LeaderElection26] INFO  server.RaftServerConfigKeys (ConfUtils.java:logGet(44)) - raft.server.write.follower.gap.ratio.max = -1.0 (default)
2022-02-08 14:30:31,161 [9c433d8a-234d-492f-a374-35df91077eee@group-E84B4EFC87A5-LeaderElection26] INFO  impl.RoleInfo (RoleInfo.java:updateAndGet(130)) - 9c433d8a-234d-492f-a374-35df91077eee: start 9c433d8a-234d-492f-a374-35df91077eee@group-E84B4EFC87A5-LeaderStateImpl
2022-02-08 14:30:31,162 [9c433d8a-234d-492f-a374-35df91077eee@group-E84B4EFC87A5-LeaderElection26] INFO  segmented.SegmentedRaftLogWorker (SegmentedRaftLogWorker.java:startLogSegment(394)) - 9c433d8a-234d-492f-a374-35df91077eee@group-E84B4EFC87A5-SegmentedRaftLogWorker: Starting segment from index:0
2022-02-08 14:30:31,162 [EventQueue-OpenPipelineForHealthyPipelineSafeModeRule] INFO  safemode.SCMSafeModeManager (HealthyPipelineSafeModeRule.java:process(124)) - SCM in safe mode. Healthy pipelines reported count is 0, required healthy pipeline reported count is 1
2022-02-08 14:30:31,162 [EventQueue-OpenPipelineForHealthyPipelineSafeModeRule] INFO  safemode.SCMSafeModeManager (HealthyPipelineSafeModeRule.java:process(124)) - SCM in safe mode. Healthy pipelines reported count is 0, required healthy pipeline reported count is 1
2022-02-08 14:30:31,166 [9c433d8a-234d-492f-a374-35df91077eee@group-E84B4EFC87A5-SegmentedRaftLogWorker] INFO  segmented.SegmentedRaftLogWorker (SegmentedRaftLogWorker.java:execute(601)) - 9c433d8a-234d-492f-a374-35df91077eee@group-E84B4EFC87A5-SegmentedRaftLogWorker: created new log segment /home/runner/work/ozone/ozone/hadoop-ozone/integration-test/target/test-dir/MiniOzoneClusterImpl-be5678e2-4507-4d84-8cb9-fc99c0f819fc/datanode-2/data/ratis/e5c7d492-f82f-4aea-a02b-e84b4efc87a5/current/log_inprogress_0
2022-02-08 14:30:31,179 [9c433d8a-234d-492f-a374-35df91077eee@group-E84B4EFC87A5-LeaderElection26] INFO  server.RaftServer$Division (ServerState.java:setRaftConf(387)) - 9c433d8a-234d-492f-a374-35df91077eee@group-E84B4EFC87A5: set configuration 0: [9c433d8a-234d-492f-a374-35df91077eee|rpc:127.0.0.1:41109|dataStream:|priority:1], old=null
2022-02-08 14:30:31,574 [EndpointStateMachine task thread for /127.0.0.1:32969 - 0 ] INFO  ipc.Client (Client.java:handleConnectionFailure(977)) - Retrying connect to server: localhost/127.0.0.1:32969. Already tried 8 time(s); retry policy is RetryUpToMaximumCountWithFixedSleep(maxRetries=15, sleepTime=1000 MILLISECONDS)
2022-02-08 14:30:31,582 [EndpointStateMachine task thread for /127.0.0.1:41397 - 0 ] INFO  ipc.Client (Client.java:handleConnectionFailure(977)) - Retrying connect to server: localhost/127.0.0.1:41397. Already tried 8 time(s); retry policy is RetryUpToMaximumCountWithFixedSleep(maxRetries=15, sleepTime=1000 MILLISECONDS)
2022-02-08 14:30:31,586 [EndpointStateMachine task thread for /127.0.0.1:40085 - 0 ] INFO  ipc.Client (Client.java:handleConnectionFailure(977)) - Retrying connect to server: localhost/127.0.0.1:40085. Already tried 8 time(s); retry policy is RetryUpToMaximumCountWithFixedSleep(maxRetries=15, sleepTime=1000 MILLISECONDS)
2022-02-08 14:30:31,942 [Listener at 127.0.0.1/38815] INFO  ozone.MiniOzoneClusterImpl (MiniOzoneClusterImpl.java:lambda$waitForClusterToBeReady$0(219)) - Nodes are ready. Got 3 of 3 DN Heartbeats.
2022-02-08 14:30:31,943 [Listener at 127.0.0.1/38815] INFO  ozone.MiniOzoneClusterImpl (MiniOzoneClusterImpl.java:lambda$waitForClusterToBeReady$0(222)) - Waiting for cluster to exit safe mode
2022-02-08 14:30:31,943 [Listener at 127.0.0.1/38815] INFO  ozone.MiniOzoneClusterImpl (MiniOzoneClusterImpl.java:lambda$waitForClusterToBeReady$0(224)) - SCM became leader
2022-02-08 14:30:32,575 [EndpointStateMachine task thread for /127.0.0.1:32969 - 0 ] INFO  ipc.Client (Client.java:handleConnectionFailure(977)) - Retrying connect to server: localhost/127.0.0.1:32969. Already tried 9 time(s); retry policy is RetryUpToMaximumCountWithFixedSleep(maxRetries=15, sleepTime=1000 MILLISECONDS)
2022-02-08 14:30:32,582 [EndpointStateMachine task thread for /127.0.0.1:41397 - 0 ] INFO  ipc.Client (Client.java:handleConnectionFailure(977)) - Retrying connect to server: localhost/127.0.0.1:41397. Already tried 9 time(s); retry policy is RetryUpToMaximumCountWithFixedSleep(maxRetries=15, sleepTime=1000 MILLISECONDS)
2022-02-08 14:30:32,586 [EndpointStateMachine task thread for /127.0.0.1:40085 - 0 ] INFO  ipc.Client (Client.java:handleConnectionFailure(977)) - Retrying connect to server: localhost/127.0.0.1:40085. Already tried 9 time(s); retry policy is RetryUpToMaximumCountWithFixedSleep(maxRetries=15, sleepTime=1000 MILLISECONDS)
2022-02-08 14:30:32,943 [Listener at 127.0.0.1/38815] INFO  ozone.MiniOzoneClusterImpl (MiniOzoneClusterImpl.java:lambda$waitForClusterToBeReady$0(219)) - Nodes are ready. Got 3 of 3 DN Heartbeats.
2022-02-08 14:30:32,943 [Listener at 127.0.0.1/38815] INFO  ozone.MiniOzoneClusterImpl (MiniOzoneClusterImpl.java:lambda$waitForClusterToBeReady$0(222)) - Waiting for cluster to exit safe mode
2022-02-08 14:30:32,943 [Listener at 127.0.0.1/38815] INFO  ozone.MiniOzoneClusterImpl (MiniOzoneClusterImpl.java:lambda$waitForClusterToBeReady$0(224)) - SCM became leader
2022-02-08 14:30:33,160 [Datanode State Machine Daemon Thread] ERROR datanode.RunningDatanodeState (RunningDatanodeState.java:computeNextContainerState(199)) - Error in executing end point task.
java.util.concurrent.ExecutionException: java.util.concurrent.TimeoutException
	at java.util.concurrent.FutureTask.report(FutureTask.java:122)
	at java.util.concurrent.FutureTask.get(FutureTask.java:192)
	at org.apache.hadoop.ozone.container.common.states.datanode.RunningDatanodeState.computeNextContainerState(RunningDatanodeState.java:191)
	at org.apache.hadoop.ozone.container.common.states.datanode.RunningDatanodeState.await(RunningDatanodeState.java:231)
	at org.apache.hadoop.ozone.container.common.states.datanode.RunningDatanodeState.await(RunningDatanodeState.java:50)
	at org.apache.hadoop.ozone.container.common.statemachine.StateContext.execute(StateContext.java:633)
	at org.apache.hadoop.ozone.container.common.statemachine.DatanodeStateMachine.start(DatanodeStateMachine.java:283)
	at org.apache.hadoop.ozone.container.common.statemachine.DatanodeStateMachine.lambda$startDaemon$0(DatanodeStateMachine.java:471)
	at java.lang.Thread.run(Thread.java:748)
Caused by: java.util.concurrent.TimeoutException
	at java.util.concurrent.FutureTask.get(FutureTask.java:205)
	at org.apache.hadoop.ozone.container.common.states.datanode.RunningDatanodeState.lambda$execute$0(RunningDatanodeState.java:149)
	at java.util.concurrent.FutureTask.run(FutureTask.java:266)
	at java.util.concurrent.Executors$RunnableAdapter.call(Executors.java:511)
	at java.util.concurrent.FutureTask.run(FutureTask.java:266)
	at java.util.concurrent.ThreadPoolExecutor.runWorker(ThreadPoolExecutor.java:1149)
	at java.util.concurrent.ThreadPoolExecutor$Worker.run(ThreadPoolExecutor.java:624)
	... 1 more
2022-02-08 14:30:33,575 [EndpointStateMachine task thread for /127.0.0.1:32969 - 0 ] INFO  ipc.Client (Client.java:handleConnectionFailure(977)) - Retrying connect to server: localhost/127.0.0.1:32969. Already tried 10 time(s); retry policy is RetryUpToMaximumCountWithFixedSleep(maxRetries=15, sleepTime=1000 MILLISECONDS)
2022-02-08 14:30:33,583 [EndpointStateMachine task thread for /127.0.0.1:41397 - 0 ] INFO  ipc.Client (Client.java:handleConnectionFailure(977)) - Retrying connect to server: localhost/127.0.0.1:41397. Already tried 10 time(s); retry policy is RetryUpToMaximumCountWithFixedSleep(maxRetries=15, sleepTime=1000 MILLISECONDS)
2022-02-08 14:30:33,586 [EndpointStateMachine task thread for /127.0.0.1:40085 - 0 ] INFO  ipc.Client (Client.java:handleConnectionFailure(977)) - Retrying connect to server: localhost/127.0.0.1:40085. Already tried 10 time(s); retry policy is RetryUpToMaximumCountWithFixedSleep(maxRetries=15, sleepTime=1000 MILLISECONDS)
2022-02-08 14:30:33,943 [Listener at 127.0.0.1/38815] INFO  ozone.MiniOzoneClusterImpl (MiniOzoneClusterImpl.java:lambda$waitForClusterToBeReady$0(219)) - Nodes are ready. Got 3 of 3 DN Heartbeats.
2022-02-08 14:30:33,944 [Listener at 127.0.0.1/38815] INFO  ozone.MiniOzoneClusterImpl (MiniOzoneClusterImpl.java:lambda$waitForClusterToBeReady$0(222)) - Waiting for cluster to exit safe mode
2022-02-08 14:30:33,944 [Listener at 127.0.0.1/38815] INFO  ozone.MiniOzoneClusterImpl (MiniOzoneClusterImpl.java:lambda$waitForClusterToBeReady$0(224)) - SCM became leader
2022-02-08 14:30:34,164 [Datanode State Machine Daemon Thread] ERROR datanode.RunningDatanodeState (RunningDatanodeState.java:computeNextContainerState(199)) - Error in executing end point task.
java.util.concurrent.ExecutionException: java.util.concurrent.TimeoutException
	at java.util.concurrent.FutureTask.report(FutureTask.java:122)
	at java.util.concurrent.FutureTask.get(FutureTask.java:192)
	at org.apache.hadoop.ozone.container.common.states.datanode.RunningDatanodeState.computeNextContainerState(RunningDatanodeState.java:191)
	at org.apache.hadoop.ozone.container.common.states.datanode.RunningDatanodeState.await(RunningDatanodeState.java:231)
	at org.apache.hadoop.ozone.container.common.states.datanode.RunningDatanodeState.await(RunningDatanodeState.java:50)
	at org.apache.hadoop.ozone.container.common.statemachine.StateContext.execute(StateContext.java:633)
	at org.apache.hadoop.ozone.container.common.statemachine.DatanodeStateMachine.start(DatanodeStateMachine.java:283)
	at org.apache.hadoop.ozone.container.common.statemachine.DatanodeStateMachine.lambda$startDaemon$0(DatanodeStateMachine.java:471)
	at java.lang.Thread.run(Thread.java:748)
Caused by: java.util.concurrent.TimeoutException
	at java.util.concurrent.FutureTask.get(FutureTask.java:205)
	at org.apache.hadoop.ozone.container.common.states.datanode.RunningDatanodeState.lambda$execute$0(RunningDatanodeState.java:149)
	at java.util.concurrent.FutureTask.run(FutureTask.java:266)
	at java.util.concurrent.Executors$RunnableAdapter.call(Executors.java:511)
	at java.util.concurrent.FutureTask.run(FutureTask.java:266)
	at java.util.concurrent.ThreadPoolExecutor.runWorker(ThreadPoolExecutor.java:1149)
	at java.util.concurrent.ThreadPoolExecutor$Worker.run(ThreadPoolExecutor.java:624)
	... 1 more
2022-02-08 14:30:34,576 [EndpointStateMachine task thread for /127.0.0.1:32969 - 0 ] INFO  ipc.Client (Client.java:handleConnectionFailure(977)) - Retrying connect to server: localhost/127.0.0.1:32969. Already tried 11 time(s); retry policy is RetryUpToMaximumCountWithFixedSleep(maxRetries=15, sleepTime=1000 MILLISECONDS)
2022-02-08 14:30:34,583 [EndpointStateMachine task thread for /127.0.0.1:41397 - 0 ] INFO  ipc.Client (Client.java:handleConnectionFailure(977)) - Retrying connect to server: localhost/127.0.0.1:41397. Already tried 11 time(s); retry policy is RetryUpToMaximumCountWithFixedSleep(maxRetries=15, sleepTime=1000 MILLISECONDS)
2022-02-08 14:30:34,587 [EndpointStateMachine task thread for /127.0.0.1:40085 - 0 ] INFO  ipc.Client (Client.java:handleConnectionFailure(977)) - Retrying connect to server: localhost/127.0.0.1:40085. Already tried 11 time(s); retry policy is RetryUpToMaximumCountWithFixedSleep(maxRetries=15, sleepTime=1000 MILLISECONDS)
2022-02-08 14:30:34,944 [Listener at 127.0.0.1/38815] INFO  ozone.MiniOzoneClusterImpl (MiniOzoneClusterImpl.java:lambda$waitForClusterToBeReady$0(219)) - Nodes are ready. Got 3 of 3 DN Heartbeats.
2022-02-08 14:30:34,944 [Listener at 127.0.0.1/38815] INFO  ozone.MiniOzoneClusterImpl (MiniOzoneClusterImpl.java:lambda$waitForClusterToBeReady$0(222)) - Waiting for cluster to exit safe mode
2022-02-08 14:30:34,944 [Listener at 127.0.0.1/38815] INFO  ozone.MiniOzoneClusterImpl (MiniOzoneClusterImpl.java:lambda$waitForClusterToBeReady$0(224)) - SCM became leader
2022-02-08 14:30:35,433 [4a6a0aaf-aa28-4f33-a09c-5a4e665a2556@group-19D67EEB3372-FollowerState] INFO  impl.FollowerState (FollowerState.java:run(134)) - 4a6a0aaf-aa28-4f33-a09c-5a4e665a2556@group-19D67EEB3372-FollowerState: change to CANDIDATE, lastRpcElapsedTime:5035495081ns, electionTimeout:5035ms
2022-02-08 14:30:35,434 [4a6a0aaf-aa28-4f33-a09c-5a4e665a2556@group-19D67EEB3372-FollowerState] INFO  impl.RoleInfo (RoleInfo.java:shutdownFollowerState(108)) - 4a6a0aaf-aa28-4f33-a09c-5a4e665a2556: shutdown 4a6a0aaf-aa28-4f33-a09c-5a4e665a2556@group-19D67EEB3372-FollowerState
2022-02-08 14:30:35,434 [4a6a0aaf-aa28-4f33-a09c-5a4e665a2556@group-19D67EEB3372-FollowerState] INFO  server.RaftServer$Division (RaftServerImpl.java:setRole(290)) - 4a6a0aaf-aa28-4f33-a09c-5a4e665a2556@group-19D67EEB3372: changes role from  FOLLOWER to CANDIDATE at term 1 for changeToCandidate
2022-02-08 14:30:35,434 [4a6a0aaf-aa28-4f33-a09c-5a4e665a2556@group-19D67EEB3372-FollowerState] INFO  server.RaftServerConfigKeys (ConfUtils.java:logGet(44)) - raft.server.leaderelection.pre-vote = false (custom)
2022-02-08 14:30:35,434 [4a6a0aaf-aa28-4f33-a09c-5a4e665a2556@group-19D67EEB3372-FollowerState] INFO  impl.RoleInfo (RoleInfo.java:updateAndGet(130)) - 4a6a0aaf-aa28-4f33-a09c-5a4e665a2556: start 4a6a0aaf-aa28-4f33-a09c-5a4e665a2556@group-19D67EEB3372-LeaderElection27
2022-02-08 14:30:35,434 [44736ceb-ad1e-44d8-8a85-1de4ce4d0fde@group-19D67EEB3372-FollowerState] INFO  impl.FollowerState (FollowerState.java:run(134)) - 44736ceb-ad1e-44d8-8a85-1de4ce4d0fde@group-19D67EEB3372-FollowerState: change to CANDIDATE, lastRpcElapsedTime:5020938111ns, electionTimeout:5018ms
2022-02-08 14:30:35,434 [44736ceb-ad1e-44d8-8a85-1de4ce4d0fde@group-19D67EEB3372-FollowerState] INFO  impl.RoleInfo (RoleInfo.java:shutdownFollowerState(108)) - 44736ceb-ad1e-44d8-8a85-1de4ce4d0fde: shutdown 44736ceb-ad1e-44d8-8a85-1de4ce4d0fde@group-19D67EEB3372-FollowerState
2022-02-08 14:30:35,434 [44736ceb-ad1e-44d8-8a85-1de4ce4d0fde@group-19D67EEB3372-FollowerState] INFO  server.RaftServer$Division (RaftServerImpl.java:setRole(290)) - 44736ceb-ad1e-44d8-8a85-1de4ce4d0fde@group-19D67EEB3372: changes role from  FOLLOWER to CANDIDATE at term 1 for changeToCandidate
2022-02-08 14:30:35,437 [44736ceb-ad1e-44d8-8a85-1de4ce4d0fde@group-19D67EEB3372-FollowerState] INFO  server.RaftServerConfigKeys (ConfUtils.java:logGet(44)) - raft.server.leaderelection.pre-vote = false (custom)
2022-02-08 14:30:35,437 [44736ceb-ad1e-44d8-8a85-1de4ce4d0fde@group-19D67EEB3372-FollowerState] INFO  impl.RoleInfo (RoleInfo.java:updateAndGet(130)) - 44736ceb-ad1e-44d8-8a85-1de4ce4d0fde: start 44736ceb-ad1e-44d8-8a85-1de4ce4d0fde@group-19D67EEB3372-LeaderElection28
2022-02-08 14:30:35,453 [4a6a0aaf-aa28-4f33-a09c-5a4e665a2556@group-19D67EEB3372-LeaderElection27] INFO  impl.LeaderElection (LeaderElection.java:askForVotes(306)) - 4a6a0aaf-aa28-4f33-a09c-5a4e665a2556@group-19D67EEB3372-LeaderElection27 ELECTION round 0: submit vote requests at term 2 for -1: [9c433d8a-234d-492f-a374-35df91077eee|rpc:127.0.0.1:41109|dataStream:|priority:0, 4a6a0aaf-aa28-4f33-a09c-5a4e665a2556|rpc:127.0.0.1:39435|dataStream:|priority:1, 44736ceb-ad1e-44d8-8a85-1de4ce4d0fde|rpc:127.0.0.1:34931|dataStream:|priority:0], old=null
2022-02-08 14:30:35,456 [44736ceb-ad1e-44d8-8a85-1de4ce4d0fde@group-19D67EEB3372-LeaderElection28] INFO  impl.LeaderElection (LeaderElection.java:askForVotes(306)) - 44736ceb-ad1e-44d8-8a85-1de4ce4d0fde@group-19D67EEB3372-LeaderElection28 ELECTION round 0: submit vote requests at term 2 for -1: [9c433d8a-234d-492f-a374-35df91077eee|rpc:127.0.0.1:41109|priority:0, 4a6a0aaf-aa28-4f33-a09c-5a4e665a2556|rpc:127.0.0.1:39435|priority:1, 44736ceb-ad1e-44d8-8a85-1de4ce4d0fde|rpc:127.0.0.1:34931|priority:0], old=null
2022-02-08 14:30:35,469 [grpc-default-executor-0] INFO  server.RaftServer$Division (RaftServerImpl.java:requestVote(1046)) - 9c433d8a-234d-492f-a374-35df91077eee@group-19D67EEB3372: receive requestVote(ELECTION, 4a6a0aaf-aa28-4f33-a09c-5a4e665a2556, group-19D67EEB3372, 2, (t:0, i:0))
2022-02-08 14:30:35,469 [grpc-default-executor-2] INFO  server.RaftServer$Division (RaftServerImpl.java:requestVote(1046)) - 9c433d8a-234d-492f-a374-35df91077eee@group-19D67EEB3372: receive requestVote(ELECTION, 44736ceb-ad1e-44d8-8a85-1de4ce4d0fde, group-19D67EEB3372, 2, (t:0, i:0))
2022-02-08 14:30:35,470 [grpc-default-executor-0] INFO  impl.VoteContext (VoteContext.java:log(48)) - 9c433d8a-234d-492f-a374-35df91077eee@group-19D67EEB3372-FOLLOWER: accept ELECTION from 4a6a0aaf-aa28-4f33-a09c-5a4e665a2556: our priority 0 <= candidate's priority 1
2022-02-08 14:30:35,470 [grpc-default-executor-0] INFO  server.RaftServer$Division (RaftServerImpl.java:setRole(290)) - 9c433d8a-234d-492f-a374-35df91077eee@group-19D67EEB3372: changes role from  FOLLOWER to FOLLOWER at term 2 for candidate:4a6a0aaf-aa28-4f33-a09c-5a4e665a2556
2022-02-08 14:30:35,470 [grpc-default-executor-0] INFO  impl.RoleInfo (RoleInfo.java:shutdownFollowerState(108)) - 9c433d8a-234d-492f-a374-35df91077eee: shutdown 9c433d8a-234d-492f-a374-35df91077eee@group-19D67EEB3372-FollowerState
2022-02-08 14:30:35,470 [grpc-default-executor-0] INFO  impl.RoleInfo (RoleInfo.java:updateAndGet(130)) - 9c433d8a-234d-492f-a374-35df91077eee: start 9c433d8a-234d-492f-a374-35df91077eee@group-19D67EEB3372-FollowerState
2022-02-08 14:30:35,470 [9c433d8a-234d-492f-a374-35df91077eee@group-19D67EEB3372-FollowerState] INFO  impl.FollowerState (FollowerState.java:run(143)) - 9c433d8a-234d-492f-a374-35df91077eee@group-19D67EEB3372-FollowerState was interrupted: {}
java.lang.InterruptedException: sleep interrupted
	at java.lang.Thread.sleep(Native Method)
	at java.lang.Thread.sleep(Thread.java:340)
	at java.util.concurrent.TimeUnit.sleep(TimeUnit.java:386)
	at org.apache.ratis.util.TimeDuration.sleep(TimeDuration.java:324)
	at org.apache.ratis.util.TimeDuration.sleep(TimeDuration.java:309)
	at org.apache.ratis.server.impl.FollowerState.run(FollowerState.java:118)
2022-02-08 14:30:35,472 [grpc-default-executor-0] INFO  server.RaftServer$Division (RaftServerImpl.java:requestVote(1078)) - 9c433d8a-234d-492f-a374-35df91077eee@group-19D67EEB3372 replies to ELECTION vote request: 4a6a0aaf-aa28-4f33-a09c-5a4e665a2556<-9c433d8a-234d-492f-a374-35df91077eee#0:OK-t2. Peer's state: 9c433d8a-234d-492f-a374-35df91077eee@group-19D67EEB3372:t2, leader=null, voted=4a6a0aaf-aa28-4f33-a09c-5a4e665a2556, raftlog=9c433d8a-234d-492f-a374-35df91077eee@group-19D67EEB3372-SegmentedRaftLog:OPENED:c-1, conf=-1: [9c433d8a-234d-492f-a374-35df91077eee|rpc:127.0.0.1:41109|dataStream:|priority:0, 4a6a0aaf-aa28-4f33-a09c-5a4e665a2556|rpc:127.0.0.1:39435|dataStream:|priority:1, 44736ceb-ad1e-44d8-8a85-1de4ce4d0fde|rpc:127.0.0.1:34931|dataStream:|priority:0], old=null
2022-02-08 14:30:35,473 [grpc-default-executor-2] INFO  impl.VoteContext (VoteContext.java:log(48)) - 9c433d8a-234d-492f-a374-35df91077eee@group-19D67EEB3372-FOLLOWER: reject ELECTION from 44736ceb-ad1e-44d8-8a85-1de4ce4d0fde: already has voted for 4a6a0aaf-aa28-4f33-a09c-5a4e665a2556 at current term 2
2022-02-08 14:30:35,473 [grpc-default-executor-2] INFO  server.RaftServer$Division (RaftServerImpl.java:requestVote(1078)) - 9c433d8a-234d-492f-a374-35df91077eee@group-19D67EEB3372 replies to ELECTION vote request: 44736ceb-ad1e-44d8-8a85-1de4ce4d0fde<-9c433d8a-234d-492f-a374-35df91077eee#0:FAIL-t2. Peer's state: 9c433d8a-234d-492f-a374-35df91077eee@group-19D67EEB3372:t2, leader=null, voted=4a6a0aaf-aa28-4f33-a09c-5a4e665a2556, raftlog=9c433d8a-234d-492f-a374-35df91077eee@group-19D67EEB3372-SegmentedRaftLog:OPENED:c-1, conf=-1: [9c433d8a-234d-492f-a374-35df91077eee|rpc:127.0.0.1:41109|dataStream:|priority:0, 4a6a0aaf-aa28-4f33-a09c-5a4e665a2556|rpc:127.0.0.1:39435|dataStream:|priority:1, 44736ceb-ad1e-44d8-8a85-1de4ce4d0fde|rpc:127.0.0.1:34931|dataStream:|priority:0], old=null
2022-02-08 14:30:35,478 [grpc-default-executor-2] INFO  server.RaftServer$Division (RaftServerImpl.java:requestVote(1046)) - 4a6a0aaf-aa28-4f33-a09c-5a4e665a2556@group-19D67EEB3372: receive requestVote(ELECTION, 44736ceb-ad1e-44d8-8a85-1de4ce4d0fde, group-19D67EEB3372, 2, (t:0, i:0))
2022-02-08 14:30:35,478 [grpc-default-executor-2] INFO  impl.VoteContext (VoteContext.java:log(48)) - 4a6a0aaf-aa28-4f33-a09c-5a4e665a2556@group-19D67EEB3372-CANDIDATE: reject ELECTION from 44736ceb-ad1e-44d8-8a85-1de4ce4d0fde: already has voted for 4a6a0aaf-aa28-4f33-a09c-5a4e665a2556 at current term 2
2022-02-08 14:30:35,478 [grpc-default-executor-2] INFO  server.RaftServer$Division (RaftServerImpl.java:requestVote(1078)) - 4a6a0aaf-aa28-4f33-a09c-5a4e665a2556@group-19D67EEB3372 replies to ELECTION vote request: 44736ceb-ad1e-44d8-8a85-1de4ce4d0fde<-4a6a0aaf-aa28-4f33-a09c-5a4e665a2556#0:FAIL-t2. Peer's state: 4a6a0aaf-aa28-4f33-a09c-5a4e665a2556@group-19D67EEB3372:t2, leader=null, voted=4a6a0aaf-aa28-4f33-a09c-5a4e665a2556, raftlog=4a6a0aaf-aa28-4f33-a09c-5a4e665a2556@group-19D67EEB3372-SegmentedRaftLog:OPENED:c-1, conf=-1: [9c433d8a-234d-492f-a374-35df91077eee|rpc:127.0.0.1:41109|dataStream:|priority:0, 4a6a0aaf-aa28-4f33-a09c-5a4e665a2556|rpc:127.0.0.1:39435|dataStream:|priority:1, 44736ceb-ad1e-44d8-8a85-1de4ce4d0fde|rpc:127.0.0.1:34931|dataStream:|priority:0], old=null
2022-02-08 14:30:35,479 [4a6a0aaf-aa28-4f33-a09c-5a4e665a2556@group-19D67EEB3372-LeaderElection27] INFO  impl.LeaderElection (LeaderElection.java:logAndReturn(89)) - 4a6a0aaf-aa28-4f33-a09c-5a4e665a2556@group-19D67EEB3372-LeaderElection27: ELECTION PASSED received 1 response(s) and 0 exception(s):
2022-02-08 14:30:35,479 [4a6a0aaf-aa28-4f33-a09c-5a4e665a2556@group-19D67EEB3372-LeaderElection27] INFO  impl.LeaderElection (LeaderElection.java:logAndReturn(93)) -   Response 0: 4a6a0aaf-aa28-4f33-a09c-5a4e665a2556<-9c433d8a-234d-492f-a374-35df91077eee#0:OK-t2
2022-02-08 14:30:35,479 [4a6a0aaf-aa28-4f33-a09c-5a4e665a2556@group-19D67EEB3372-LeaderElection27] INFO  impl.LeaderElection (LeaderElection.java:askForVotes(308)) - 4a6a0aaf-aa28-4f33-a09c-5a4e665a2556@group-19D67EEB3372-LeaderElection27 ELECTION round 0: result PASSED
2022-02-08 14:30:35,479 [4a6a0aaf-aa28-4f33-a09c-5a4e665a2556@group-19D67EEB3372-LeaderElection27] INFO  impl.RoleInfo (RoleInfo.java:shutdownLeaderElection(121)) - 4a6a0aaf-aa28-4f33-a09c-5a4e665a2556: shutdown 4a6a0aaf-aa28-4f33-a09c-5a4e665a2556@group-19D67EEB3372-LeaderElection27
2022-02-08 14:30:35,479 [4a6a0aaf-aa28-4f33-a09c-5a4e665a2556@group-19D67EEB3372-LeaderElection27] INFO  server.RaftServer$Division (RaftServerImpl.java:setRole(290)) - 4a6a0aaf-aa28-4f33-a09c-5a4e665a2556@group-19D67EEB3372: changes role from CANDIDATE to LEADER at term 2 for changeToLeader
2022-02-08 14:30:35,479 [4a6a0aaf-aa28-4f33-a09c-5a4e665a2556@group-19D67EEB3372-LeaderElection27] INFO  ratis.XceiverServerRatis (XceiverServerRatis.java:handleLeaderChangedNotification(866)) - Leader change notification received for group: group-19D67EEB3372 with new leaderId: 4a6a0aaf-aa28-4f33-a09c-5a4e665a2556
2022-02-08 14:30:35,479 [4a6a0aaf-aa28-4f33-a09c-5a4e665a2556@group-19D67EEB3372-LeaderElection27] INFO  server.RaftServer$Division (ServerState.java:setLeader(285)) - 4a6a0aaf-aa28-4f33-a09c-5a4e665a2556@group-19D67EEB3372: change Leader from null to 4a6a0aaf-aa28-4f33-a09c-5a4e665a2556 at term 2 for becomeLeader, leader elected after 10127ms
2022-02-08 14:30:35,479 [4a6a0aaf-aa28-4f33-a09c-5a4e665a2556@group-19D67EEB3372-LeaderElection27] INFO  server.RaftServerConfigKeys (ConfUtils.java:logGet(44)) - raft.server.staging.catchup.gap = 1000 (default)
2022-02-08 14:30:35,479 [4a6a0aaf-aa28-4f33-a09c-5a4e665a2556@group-19D67EEB3372-LeaderElection27] INFO  server.RaftServerConfigKeys (ConfUtils.java:logGet(44)) - raft.server.write.element-limit = 1024 (custom)
2022-02-08 14:30:35,479 [4a6a0aaf-aa28-4f33-a09c-5a4e665a2556@group-19D67EEB3372-LeaderElection27] INFO  server.RaftServerConfigKeys (ConfUtils.java:logGet(44)) - raft.server.write.byte-limit = 1024 M (=1073741824) (custom)
2022-02-08 14:30:35,480 [EventQueue-PipelineReportForPipelineReportHandler] INFO  pipeline.PipelineManagerImpl (PipelineManagerImpl.java:openPipeline(291)) - Pipeline Pipeline[ Id: ae829453-1884-4fd5-8322-19d67eeb3372, Nodes: 4a6a0aaf-aa28-4f33-a09c-5a4e665a2556{ip: 127.0.0.1, host: localhost, ports: [REPLICATION=40395, RATIS=39435, RATIS_ADMIN=39435, RATIS_SERVER=39435, STANDALONE=35809], networkLocation: /default-rack, certSerialId: null, persistedOpState: IN_SERVICE, persistedOpStateExpiryEpochSec: 0}44736ceb-ad1e-44d8-8a85-1de4ce4d0fde{ip: 127.0.0.1, host: localhost, ports: [REPLICATION=43635, RATIS=34931, RATIS_ADMIN=34931, RATIS_SERVER=34931, STANDALONE=32863], networkLocation: /default-rack, certSerialId: null, persistedOpState: IN_SERVICE, persistedOpStateExpiryEpochSec: 0}9c433d8a-234d-492f-a374-35df91077eee{ip: 127.0.0.1, host: localhost, ports: [REPLICATION=41719, RATIS=41109, RATIS_ADMIN=41109, RATIS_SERVER=41109, STANDALONE=38329], networkLocation: /default-rack, certSerialId: null, persistedOpState: IN_SERVICE, persistedOpStateExpiryEpochSec: 0}, ReplicationConfig: RATIS/THREE, State:ALLOCATED, leaderId:4a6a0aaf-aa28-4f33-a09c-5a4e665a2556, CreationTimestamp2022-02-08T14:30:23.011Z[Etc/UTC]] moved to OPEN state
2022-02-08 14:30:35,481 [EventQueue-OpenPipelineForHealthyPipelineSafeModeRule] INFO  safemode.SCMSafeModeManager (HealthyPipelineSafeModeRule.java:process(124)) - SCM in safe mode. Healthy pipelines reported count is 0, required healthy pipeline reported count is 1
2022-02-08 14:30:35,482 [4a6a0aaf-aa28-4f33-a09c-5a4e665a2556@group-19D67EEB3372-LeaderElection27] INFO  server.RaftServerConfigKeys (ConfUtils.java:logGet(44)) - raft.server.watch.timeout = 180s (custom)
2022-02-08 14:30:35,482 [4a6a0aaf-aa28-4f33-a09c-5a4e665a2556@group-19D67EEB3372-LeaderElection27] INFO  server.RaftServerConfigKeys (ConfUtils.java:logGet(44)) - raft.server.watch.timeout.denomination = 1s (default)
2022-02-08 14:30:35,482 [4a6a0aaf-aa28-4f33-a09c-5a4e665a2556@group-19D67EEB3372-LeaderElection27] INFO  server.RaftServerConfigKeys (ConfUtils.java:logGet(44)) - raft.server.watch.element-limit = 65536 (default)
2022-02-08 14:30:35,482 [4a6a0aaf-aa28-4f33-a09c-5a4e665a2556@group-19D67EEB3372-LeaderElection27] INFO  server.RaftServerConfigKeys (ConfUtils.java:logGet(44)) - raft.server.write.element-limit = 1024 (custom)
2022-02-08 14:30:35,482 [4a6a0aaf-aa28-4f33-a09c-5a4e665a2556@group-19D67EEB3372-LeaderElection27] INFO  server.RaftServerConfigKeys (ConfUtils.java:logGet(44)) - raft.server.write.follower.gap.ratio.max = -1.0 (default)
2022-02-08 14:30:35,482 [EventQueue-PipelineReportForPipelineReportHandler] INFO  pipeline.PipelineManagerImpl (PipelineManagerImpl.java:openPipeline(291)) - Pipeline Pipeline[ Id: ae829453-1884-4fd5-8322-19d67eeb3372, Nodes: 4a6a0aaf-aa28-4f33-a09c-5a4e665a2556{ip: 127.0.0.1, host: localhost, ports: [REPLICATION=40395, RATIS=39435, RATIS_ADMIN=39435, RATIS_SERVER=39435, STANDALONE=35809], networkLocation: /default-rack, certSerialId: null, persistedOpState: IN_SERVICE, persistedOpStateExpiryEpochSec: 0}44736ceb-ad1e-44d8-8a85-1de4ce4d0fde{ip: 127.0.0.1, host: localhost, ports: [REPLICATION=43635, RATIS=34931, RATIS_ADMIN=34931, RATIS_SERVER=34931, STANDALONE=32863], networkLocation: /default-rack, certSerialId: null, persistedOpState: IN_SERVICE, persistedOpStateExpiryEpochSec: 0}9c433d8a-234d-492f-a374-35df91077eee{ip: 127.0.0.1, host: localhost, ports: [REPLICATION=41719, RATIS=41109, RATIS_ADMIN=41109, RATIS_SERVER=41109, STANDALONE=38329], networkLocation: /default-rack, certSerialId: null, persistedOpState: IN_SERVICE, persistedOpStateExpiryEpochSec: 0}, ReplicationConfig: RATIS/THREE, State:ALLOCATED, leaderId:4a6a0aaf-aa28-4f33-a09c-5a4e665a2556, CreationTimestamp2022-02-08T14:30:23.011Z[Etc/UTC]] moved to OPEN state
2022-02-08 14:30:35,483 [4a6a0aaf-aa28-4f33-a09c-5a4e665a2556@group-19D67EEB3372-LeaderElection27] INFO  server.RaftServerConfigKeys (ConfUtils.java:logGet(44)) - raft.server.log.appender.snapshot.chunk.size.max = 16MB (=16777216) (default)
2022-02-08 14:30:35,483 [4a6a0aaf-aa28-4f33-a09c-5a4e665a2556@group-19D67EEB3372-LeaderElection27] INFO  server.RaftServerConfigKeys (ConfUtils.java:logGet(44)) - raft.server.log.appender.buffer.byte-limit = 33554432 (custom)
2022-02-08 14:30:35,483 [4a6a0aaf-aa28-4f33-a09c-5a4e665a2556@group-19D67EEB3372-LeaderElection27] INFO  server.RaftServerConfigKeys (ConfUtils.java:logGet(44)) - raft.server.log.appender.buffer.element-limit = 1 (custom)
2022-02-08 14:30:35,483 [EventQueue-OpenPipelineForHealthyPipelineSafeModeRule] INFO  safemode.SCMSafeModeManager (HealthyPipelineSafeModeRule.java:process(124)) - SCM in safe mode. Healthy pipelines reported count is 0, required healthy pipeline reported count is 1
2022-02-08 14:30:35,483 [4a6a0aaf-aa28-4f33-a09c-5a4e665a2556@group-19D67EEB3372-LeaderElection27] INFO  grpc.GrpcConfigKeys (ConfUtils.java:logGet(44)) - raft.grpc.server.leader.outstanding.appends.max = 128 (default)
2022-02-08 14:30:35,483 [4a6a0aaf-aa28-4f33-a09c-5a4e665a2556@group-19D67EEB3372-LeaderElection27] INFO  server.RaftServerConfigKeys (ConfUtils.java:logGet(44)) - raft.server.rpc.request.timeout = 60s (custom)
2022-02-08 14:30:35,483 [4a6a0aaf-aa28-4f33-a09c-5a4e665a2556@group-19D67EEB3372-LeaderElection27] INFO  server.RaftServerConfigKeys (ConfUtils.java:logGet(44)) - raft.server.log.appender.install.snapshot.enabled = false (custom)
2022-02-08 14:30:35,484 [4a6a0aaf-aa28-4f33-a09c-5a4e665a2556@group-19D67EEB3372-LeaderElection27] INFO  server.RaftServerConfigKeys (ConfUtils.java:logGet(44)) - raft.server.log.appender.snapshot.chunk.size.max = 16MB (=16777216) (default)
2022-02-08 14:30:35,484 [4a6a0aaf-aa28-4f33-a09c-5a4e665a2556@group-19D67EEB3372-LeaderElection27] INFO  server.RaftServerConfigKeys (ConfUtils.java:logGet(44)) - raft.server.log.appender.buffer.byte-limit = 33554432 (custom)
2022-02-08 14:30:35,484 [4a6a0aaf-aa28-4f33-a09c-5a4e665a2556@group-19D67EEB3372-LeaderElection27] INFO  server.RaftServerConfigKeys (ConfUtils.java:logGet(44)) - raft.server.log.appender.buffer.element-limit = 1 (custom)
2022-02-08 14:30:35,484 [4a6a0aaf-aa28-4f33-a09c-5a4e665a2556@group-19D67EEB3372-LeaderElection27] INFO  grpc.GrpcConfigKeys (ConfUtils.java:logGet(44)) - raft.grpc.server.leader.outstanding.appends.max = 128 (default)
2022-02-08 14:30:35,484 [4a6a0aaf-aa28-4f33-a09c-5a4e665a2556@group-19D67EEB3372-LeaderElection27] INFO  server.RaftServerConfigKeys (ConfUtils.java:logGet(44)) - raft.server.rpc.request.timeout = 60s (custom)
2022-02-08 14:30:35,484 [4a6a0aaf-aa28-4f33-a09c-5a4e665a2556@group-19D67EEB3372-LeaderElection27] INFO  server.RaftServerConfigKeys (ConfUtils.java:logGet(44)) - raft.server.log.appender.install.snapshot.enabled = false (custom)
2022-02-08 14:30:35,485 [44736ceb-ad1e-44d8-8a85-1de4ce4d0fde@group-19D67EEB3372-LeaderElection28] INFO  impl.LeaderElection (LeaderElection.java:logAndReturn(89)) - 44736ceb-ad1e-44d8-8a85-1de4ce4d0fde@group-19D67EEB3372-LeaderElection28: ELECTION REJECTED received 2 response(s) and 0 exception(s):
2022-02-08 14:30:35,485 [44736ceb-ad1e-44d8-8a85-1de4ce4d0fde@group-19D67EEB3372-LeaderElection28] INFO  impl.LeaderElection (LeaderElection.java:logAndReturn(93)) -   Response 0: 44736ceb-ad1e-44d8-8a85-1de4ce4d0fde<-9c433d8a-234d-492f-a374-35df91077eee#0:FAIL-t2
2022-02-08 14:30:35,485 [44736ceb-ad1e-44d8-8a85-1de4ce4d0fde@group-19D67EEB3372-LeaderElection28] INFO  impl.LeaderElection (LeaderElection.java:logAndReturn(93)) -   Response 1: 44736ceb-ad1e-44d8-8a85-1de4ce4d0fde<-4a6a0aaf-aa28-4f33-a09c-5a4e665a2556#0:FAIL-t2
2022-02-08 14:30:35,485 [44736ceb-ad1e-44d8-8a85-1de4ce4d0fde@group-19D67EEB3372-LeaderElection28] INFO  impl.LeaderElection (LeaderElection.java:askForVotes(308)) - 44736ceb-ad1e-44d8-8a85-1de4ce4d0fde@group-19D67EEB3372-LeaderElection28 ELECTION round 0: result REJECTED
2022-02-08 14:30:35,485 [44736ceb-ad1e-44d8-8a85-1de4ce4d0fde@group-19D67EEB3372-LeaderElection28] INFO  server.RaftServer$Division (RaftServerImpl.java:setRole(290)) - 44736ceb-ad1e-44d8-8a85-1de4ce4d0fde@group-19D67EEB3372: changes role from CANDIDATE to FOLLOWER at term 2 for REJECTED
2022-02-08 14:30:35,485 [44736ceb-ad1e-44d8-8a85-1de4ce4d0fde@group-19D67EEB3372-LeaderElection28] INFO  impl.RoleInfo (RoleInfo.java:shutdownLeaderElection(121)) - 44736ceb-ad1e-44d8-8a85-1de4ce4d0fde: shutdown 44736ceb-ad1e-44d8-8a85-1de4ce4d0fde@group-19D67EEB3372-LeaderElection28
2022-02-08 14:30:35,485 [44736ceb-ad1e-44d8-8a85-1de4ce4d0fde@group-19D67EEB3372-LeaderElection28] INFO  impl.RoleInfo (RoleInfo.java:updateAndGet(130)) - 44736ceb-ad1e-44d8-8a85-1de4ce4d0fde: start 44736ceb-ad1e-44d8-8a85-1de4ce4d0fde@group-19D67EEB3372-FollowerState
2022-02-08 14:30:35,485 [4a6a0aaf-aa28-4f33-a09c-5a4e665a2556@group-19D67EEB3372-LeaderElection27] INFO  impl.RoleInfo (RoleInfo.java:updateAndGet(130)) - 4a6a0aaf-aa28-4f33-a09c-5a4e665a2556: start 4a6a0aaf-aa28-4f33-a09c-5a4e665a2556@group-19D67EEB3372-LeaderStateImpl
2022-02-08 14:30:35,489 [4a6a0aaf-aa28-4f33-a09c-5a4e665a2556@group-19D67EEB3372-LeaderElection27] INFO  segmented.SegmentedRaftLogWorker (SegmentedRaftLogWorker.java:startLogSegment(394)) - 4a6a0aaf-aa28-4f33-a09c-5a4e665a2556@group-19D67EEB3372-SegmentedRaftLogWorker: Starting segment from index:0
2022-02-08 14:30:35,497 [grpc-default-executor-3] INFO  server.RaftServer$Division (RaftServerImpl.java:requestVote(1046)) - 44736ceb-ad1e-44d8-8a85-1de4ce4d0fde@group-19D67EEB3372: receive requestVote(ELECTION, 4a6a0aaf-aa28-4f33-a09c-5a4e665a2556, group-19D67EEB3372, 2, (t:0, i:0))
2022-02-08 14:30:35,497 [grpc-default-executor-3] INFO  impl.VoteContext (VoteContext.java:log(48)) - 44736ceb-ad1e-44d8-8a85-1de4ce4d0fde@group-19D67EEB3372-FOLLOWER: reject ELECTION from 4a6a0aaf-aa28-4f33-a09c-5a4e665a2556: already has voted for 44736ceb-ad1e-44d8-8a85-1de4ce4d0fde at current term 2
2022-02-08 14:30:35,497 [grpc-default-executor-3] INFO  server.RaftServer$Division (RaftServerImpl.java:requestVote(1078)) - 44736ceb-ad1e-44d8-8a85-1de4ce4d0fde@group-19D67EEB3372 replies to ELECTION vote request: 4a6a0aaf-aa28-4f33-a09c-5a4e665a2556<-44736ceb-ad1e-44d8-8a85-1de4ce4d0fde#0:FAIL-t2. Peer's state: 44736ceb-ad1e-44d8-8a85-1de4ce4d0fde@group-19D67EEB3372:t2, leader=null, voted=44736ceb-ad1e-44d8-8a85-1de4ce4d0fde, raftlog=44736ceb-ad1e-44d8-8a85-1de4ce4d0fde@group-19D67EEB3372-SegmentedRaftLog:OPENED:c-1, conf=-1: [9c433d8a-234d-492f-a374-35df91077eee|rpc:127.0.0.1:41109|priority:0, 4a6a0aaf-aa28-4f33-a09c-5a4e665a2556|rpc:127.0.0.1:39435|priority:1, 44736ceb-ad1e-44d8-8a85-1de4ce4d0fde|rpc:127.0.0.1:34931|priority:0], old=null
2022-02-08 14:30:35,504 [4a6a0aaf-aa28-4f33-a09c-5a4e665a2556@group-19D67EEB3372-SegmentedRaftLogWorker] INFO  segmented.SegmentedRaftLogWorker (SegmentedRaftLogWorker.java:execute(601)) - 4a6a0aaf-aa28-4f33-a09c-5a4e665a2556@group-19D67EEB3372-SegmentedRaftLogWorker: created new log segment /home/runner/work/ozone/ozone/hadoop-ozone/integration-test/target/test-dir/MiniOzoneClusterImpl-be5678e2-4507-4d84-8cb9-fc99c0f819fc/datanode-1/data/ratis/ae829453-1884-4fd5-8322-19d67eeb3372/current/log_inprogress_0
2022-02-08 14:30:35,508 [4a6a0aaf-aa28-4f33-a09c-5a4e665a2556@group-19D67EEB3372-LeaderElection27] INFO  server.RaftServer$Division (ServerState.java:setRaftConf(387)) - 4a6a0aaf-aa28-4f33-a09c-5a4e665a2556@group-19D67EEB3372: set configuration 0: [9c433d8a-234d-492f-a374-35df91077eee|rpc:127.0.0.1:41109|dataStream:|priority:0, 4a6a0aaf-aa28-4f33-a09c-5a4e665a2556|rpc:127.0.0.1:39435|dataStream:|priority:1, 44736ceb-ad1e-44d8-8a85-1de4ce4d0fde|rpc:127.0.0.1:34931|dataStream:|priority:0], old=null
2022-02-08 14:30:35,508 [7a675d49-8bf4-44ad-b841-6def84288824@group-FC99C0F819FC-StateMachineUpdater] INFO  safemode.HealthyPipelineSafeModeRule (HealthyPipelineSafeModeRule.java:initializeRule(152)) - Refreshed total pipeline count is 1, healthy pipeline threshold count is 1
2022-02-08 14:30:35,509 [EventQueue-OpenPipelineForHealthyPipelineSafeModeRule] INFO  safemode.SCMSafeModeManager (HealthyPipelineSafeModeRule.java:process(124)) - SCM in safe mode. Healthy pipelines reported count is 1, required healthy pipeline reported count is 1
2022-02-08 14:30:35,509 [EventQueue-OpenPipelineForHealthyPipelineSafeModeRule] INFO  safemode.SCMSafeModeManager (SCMSafeModeManager.java:validateSafeModeExitRules(204)) - HealthyPipelineSafeModeRule rule is successfully validated
2022-02-08 14:30:35,509 [EventQueue-OpenPipelineForHealthyPipelineSafeModeRule] INFO  safemode.SCMSafeModeManager (SCMSafeModeManager.java:validateSafeModeExitRules(219)) - ScmSafeModeManager, all rules are successfully validated
2022-02-08 14:30:35,509 [EventQueue-OpenPipelineForHealthyPipelineSafeModeRule] INFO  safemode.SCMSafeModeManager (SCMSafeModeManager.java:exitSafeMode(248)) - SCM exiting safe mode.
2022-02-08 14:30:35,509 [EventQueue-OpenPipelineForHealthyPipelineSafeModeRule] WARN  events.EventQueue (EventQueue.java:fireEvent(194)) - No event handler registered for event TypedEvent{payloadType=SafeModeStatus, name='Safe mode status'}
2022-02-08 14:30:35,509 [EventQueue-OpenPipelineForHealthyPipelineSafeModeRule] INFO  ha.SCMContext (SCMContext.java:updateSafeModeStatus(211)) - Update SafeModeStatus from SafeModeStatus{safeModeStatus=true, preCheckPassed=true} to SafeModeStatus{safeModeStatus=false, preCheckPassed=true}.
2022-02-08 14:30:35,509 [EventQueue-OpenPipelineForHealthyPipelineSafeModeRule] INFO  container.ReplicationManager (ReplicationManager.java:notifyStatusChanged(1807)) - Service ReplicationManager transitions to RUNNING.
2022-02-08 14:30:35,522 [grpc-default-executor-0] INFO  ratis.XceiverServerRatis (XceiverServerRatis.java:handleLeaderChangedNotification(866)) - Leader change notification received for group: group-19D67EEB3372 with new leaderId: 4a6a0aaf-aa28-4f33-a09c-5a4e665a2556
2022-02-08 14:30:35,522 [grpc-default-executor-0] INFO  server.RaftServer$Division (ServerState.java:setLeader(285)) - 44736ceb-ad1e-44d8-8a85-1de4ce4d0fde@group-19D67EEB3372: change Leader from null to 4a6a0aaf-aa28-4f33-a09c-5a4e665a2556 at term 2 for appendEntries, leader elected after 10241ms
2022-02-08 14:30:35,524 [grpc-default-executor-3] INFO  ratis.XceiverServerRatis (XceiverServerRatis.java:handleLeaderChangedNotification(866)) - Leader change notification received for group: group-19D67EEB3372 with new leaderId: 4a6a0aaf-aa28-4f33-a09c-5a4e665a2556
2022-02-08 14:30:35,524 [grpc-default-executor-3] INFO  server.RaftServer$Division (ServerState.java:setLeader(285)) - 9c433d8a-234d-492f-a374-35df91077eee@group-19D67EEB3372: change Leader from null to 4a6a0aaf-aa28-4f33-a09c-5a4e665a2556 at term 2 for appendEntries, leader elected after 10048ms
2022-02-08 14:30:35,529 [19a54928-8125-4c35-a03e-a210dfc90c30@group-FC99C0F819FC-StateMachineUpdater] INFO  safemode.HealthyPipelineSafeModeRule (HealthyPipelineSafeModeRule.java:initializeRule(152)) - Refreshed total pipeline count is 1, healthy pipeline threshold count is 1
2022-02-08 14:30:35,530 [19a54928-8125-4c35-a03e-a210dfc90c30@group-FC99C0F819FC-StateMachineUpdater] INFO  ha.SCMStateMachine (SCMStateMachine.java:takeSnapshot(297)) - Current Snapshot Index 23, takeSnapshot took 1 ms
2022-02-08 14:30:35,530 [19a54928-8125-4c35-a03e-a210dfc90c30@group-FC99C0F819FC-StateMachineUpdater] INFO  impl.StateMachineUpdater (StateMachineUpdater.java:takeSnapshot(281)) - 19a54928-8125-4c35-a03e-a210dfc90c30@group-FC99C0F819FC-StateMachineUpdater: Took a snapshot at index 23
2022-02-08 14:30:35,530 [19a54928-8125-4c35-a03e-a210dfc90c30@group-FC99C0F819FC-StateMachineUpdater] INFO  impl.StateMachineUpdater (StateMachineUpdater.java:lambda$new$0(89)) - 19a54928-8125-4c35-a03e-a210dfc90c30@group-FC99C0F819FC-StateMachineUpdater: snapshotIndex: updateIncreasingly 18 -> 23
2022-02-08 14:30:35,530 [19a54928-8125-4c35-a03e-a210dfc90c30@group-FC99C0F819FC-StateMachineUpdater] INFO  raftlog.RaftLog (RaftLogBase.java:purge(306)) - 19a54928-8125-4c35-a03e-a210dfc90c30@group-FC99C0F819FC-SegmentedRaftLog: purge 23
2022-02-08 14:30:35,530 [19a54928-8125-4c35-a03e-a210dfc90c30@group-FC99C0F819FC-StateMachineUpdater] INFO  raftlog.RaftLog (RaftLogBase.java:lambda$new$0(53)) - 19a54928-8125-4c35-a03e-a210dfc90c30@group-FC99C0F819FC-SegmentedRaftLog: snapshotIndex: updateIncreasingly 18 -> 23
2022-02-08 14:30:35,530 [19a54928-8125-4c35-a03e-a210dfc90c30@group-FC99C0F819FC-StateMachineUpdater] INFO  raftlog.RaftLog (RaftLogBase.java:lambda$new$0(53)) - 19a54928-8125-4c35-a03e-a210dfc90c30@group-FC99C0F819FC-SegmentedRaftLog: purgeIndex: updateToMax old=18, new=23, updated? true
2022-02-08 14:30:35,537 [7a675d49-8bf4-44ad-b841-6def84288824@group-FC99C0F819FC-StateMachineUpdater] INFO  ha.SCMStateMachine (SCMStateMachine.java:takeSnapshot(297)) - Current Snapshot Index 24, takeSnapshot took 0 ms
2022-02-08 14:30:35,537 [7a675d49-8bf4-44ad-b841-6def84288824@group-FC99C0F819FC-StateMachineUpdater] INFO  impl.StateMachineUpdater (StateMachineUpdater.java:takeSnapshot(281)) - 7a675d49-8bf4-44ad-b841-6def84288824@group-FC99C0F819FC-StateMachineUpdater: Took a snapshot at index 24
2022-02-08 14:30:35,537 [7a675d49-8bf4-44ad-b841-6def84288824@group-FC99C0F819FC-StateMachineUpdater] INFO  impl.StateMachineUpdater (StateMachineUpdater.java:lambda$new$0(89)) - 7a675d49-8bf4-44ad-b841-6def84288824@group-FC99C0F819FC-StateMachineUpdater: snapshotIndex: updateIncreasingly 19 -> 24
2022-02-08 14:30:35,537 [7a675d49-8bf4-44ad-b841-6def84288824@group-FC99C0F819FC-StateMachineUpdater] INFO  raftlog.RaftLog (RaftLogBase.java:purge(306)) - 7a675d49-8bf4-44ad-b841-6def84288824@group-FC99C0F819FC-SegmentedRaftLog: purge 24
2022-02-08 14:30:35,537 [7a675d49-8bf4-44ad-b841-6def84288824@group-FC99C0F819FC-StateMachineUpdater] INFO  raftlog.RaftLog (RaftLogBase.java:lambda$new$0(53)) - 7a675d49-8bf4-44ad-b841-6def84288824@group-FC99C0F819FC-SegmentedRaftLog: snapshotIndex: updateIncreasingly 19 -> 24
2022-02-08 14:30:35,537 [7a675d49-8bf4-44ad-b841-6def84288824@group-FC99C0F819FC-StateMachineUpdater] INFO  raftlog.RaftLog (RaftLogBase.java:lambda$new$0(53)) - 7a675d49-8bf4-44ad-b841-6def84288824@group-FC99C0F819FC-SegmentedRaftLog: purgeIndex: updateToMax old=19, new=24, updated? true
2022-02-08 14:30:35,538 [grpc-default-executor-3] INFO  server.RaftServer$Division (ServerState.java:setRaftConf(387)) - 9c433d8a-234d-492f-a374-35df91077eee@group-19D67EEB3372: set configuration 0: [9c433d8a-234d-492f-a374-35df91077eee|rpc:127.0.0.1:41109|dataStream:|priority:0, 4a6a0aaf-aa28-4f33-a09c-5a4e665a2556|rpc:127.0.0.1:39435|dataStream:|priority:1, 44736ceb-ad1e-44d8-8a85-1de4ce4d0fde|rpc:127.0.0.1:34931|dataStream:|priority:0], old=null
2022-02-08 14:30:35,538 [grpc-default-executor-3] INFO  segmented.SegmentedRaftLogWorker (SegmentedRaftLogWorker.java:startLogSegment(394)) - 9c433d8a-234d-492f-a374-35df91077eee@group-19D67EEB3372-SegmentedRaftLogWorker: Starting segment from index:0
2022-02-08 14:30:35,540 [grpc-default-executor-0] INFO  server.RaftServer$Division (ServerState.java:setRaftConf(387)) - 44736ceb-ad1e-44d8-8a85-1de4ce4d0fde@group-19D67EEB3372: set configuration 0: [9c433d8a-234d-492f-a374-35df91077eee|rpc:127.0.0.1:41109|dataStream:|priority:0, 4a6a0aaf-aa28-4f33-a09c-5a4e665a2556|rpc:127.0.0.1:39435|dataStream:|priority:1, 44736ceb-ad1e-44d8-8a85-1de4ce4d0fde|rpc:127.0.0.1:34931|dataStream:|priority:0], old=null
2022-02-08 14:30:35,540 [grpc-default-executor-0] INFO  segmented.SegmentedRaftLogWorker (SegmentedRaftLogWorker.java:startLogSegment(394)) - 44736ceb-ad1e-44d8-8a85-1de4ce4d0fde@group-19D67EEB3372-SegmentedRaftLogWorker: Starting segment from index:0
2022-02-08 14:30:35,541 [44736ceb-ad1e-44d8-8a85-1de4ce4d0fde@group-19D67EEB3372-SegmentedRaftLogWorker] INFO  segmented.SegmentedRaftLogWorker (SegmentedRaftLogWorker.java:execute(601)) - 44736ceb-ad1e-44d8-8a85-1de4ce4d0fde@group-19D67EEB3372-SegmentedRaftLogWorker: created new log segment /home/runner/work/ozone/ozone/hadoop-ozone/integration-test/target/test-dir/MiniOzoneClusterImpl-be5678e2-4507-4d84-8cb9-fc99c0f819fc/datanode-0/data/ratis/ae829453-1884-4fd5-8322-19d67eeb3372/current/log_inprogress_0
2022-02-08 14:30:35,541 [9c433d8a-234d-492f-a374-35df91077eee@group-19D67EEB3372-SegmentedRaftLogWorker] INFO  segmented.SegmentedRaftLogWorker (SegmentedRaftLogWorker.java:execute(601)) - 9c433d8a-234d-492f-a374-35df91077eee@group-19D67EEB3372-SegmentedRaftLogWorker: created new log segment /home/runner/work/ozone/ozone/hadoop-ozone/integration-test/target/test-dir/MiniOzoneClusterImpl-be5678e2-4507-4d84-8cb9-fc99c0f819fc/datanode-2/data/ratis/ae829453-1884-4fd5-8322-19d67eeb3372/current/log_inprogress_0
2022-02-08 14:30:35,576 [EndpointStateMachine task thread for /127.0.0.1:32969 - 0 ] INFO  ipc.Client (Client.java:handleConnectionFailure(977)) - Retrying connect to server: localhost/127.0.0.1:32969. Already tried 12 time(s); retry policy is RetryUpToMaximumCountWithFixedSleep(maxRetries=15, sleepTime=1000 MILLISECONDS)
2022-02-08 14:30:35,583 [EndpointStateMachine task thread for /127.0.0.1:41397 - 0 ] INFO  ipc.Client (Client.java:handleConnectionFailure(977)) - Retrying connect to server: localhost/127.0.0.1:41397. Already tried 12 time(s); retry policy is RetryUpToMaximumCountWithFixedSleep(maxRetries=15, sleepTime=1000 MILLISECONDS)
2022-02-08 14:30:35,587 [EndpointStateMachine task thread for /127.0.0.1:40085 - 0 ] INFO  ipc.Client (Client.java:handleConnectionFailure(977)) - Retrying connect to server: localhost/127.0.0.1:40085. Already tried 12 time(s); retry policy is RetryUpToMaximumCountWithFixedSleep(maxRetries=15, sleepTime=1000 MILLISECONDS)
2022-02-08 14:30:35,768 [4a6a0aaf-aa28-4f33-a09c-5a4e665a2556@group-BFB3F072E4AD-FollowerState] INFO  impl.FollowerState (FollowerState.java:run(134)) - 4a6a0aaf-aa28-4f33-a09c-5a4e665a2556@group-BFB3F072E4AD-FollowerState: change to CANDIDATE, lastRpcElapsedTime:5037663377ns, electionTimeout:5037ms
2022-02-08 14:30:35,768 [4a6a0aaf-aa28-4f33-a09c-5a4e665a2556@group-BFB3F072E4AD-FollowerState] INFO  impl.RoleInfo (RoleInfo.java:shutdownFollowerState(108)) - 4a6a0aaf-aa28-4f33-a09c-5a4e665a2556: shutdown 4a6a0aaf-aa28-4f33-a09c-5a4e665a2556@group-BFB3F072E4AD-FollowerState
2022-02-08 14:30:35,768 [4a6a0aaf-aa28-4f33-a09c-5a4e665a2556@group-BFB3F072E4AD-FollowerState] INFO  server.RaftServer$Division (RaftServerImpl.java:setRole(290)) - 4a6a0aaf-aa28-4f33-a09c-5a4e665a2556@group-BFB3F072E4AD: changes role from  FOLLOWER to CANDIDATE at term 1 for changeToCandidate
2022-02-08 14:30:35,768 [4a6a0aaf-aa28-4f33-a09c-5a4e665a2556@group-BFB3F072E4AD-FollowerState] INFO  server.RaftServerConfigKeys (ConfUtils.java:logGet(44)) - raft.server.leaderelection.pre-vote = false (custom)
2022-02-08 14:30:35,768 [4a6a0aaf-aa28-4f33-a09c-5a4e665a2556@group-BFB3F072E4AD-FollowerState] INFO  impl.RoleInfo (RoleInfo.java:updateAndGet(130)) - 4a6a0aaf-aa28-4f33-a09c-5a4e665a2556: start 4a6a0aaf-aa28-4f33-a09c-5a4e665a2556@group-BFB3F072E4AD-LeaderElection29
2022-02-08 14:30:35,784 [4a6a0aaf-aa28-4f33-a09c-5a4e665a2556@group-BFB3F072E4AD-LeaderElection29] INFO  impl.LeaderElection (LeaderElection.java:askForVotes(306)) - 4a6a0aaf-aa28-4f33-a09c-5a4e665a2556@group-BFB3F072E4AD-LeaderElection29 ELECTION round 0: submit vote requests at term 2 for -1: [9c433d8a-234d-492f-a374-35df91077eee|rpc:127.0.0.1:41109|dataStream:|priority:1, 4a6a0aaf-aa28-4f33-a09c-5a4e665a2556|rpc:127.0.0.1:39435|dataStream:|priority:0, 44736ceb-ad1e-44d8-8a85-1de4ce4d0fde|rpc:127.0.0.1:34931|dataStream:|priority:0], old=null
2022-02-08 14:30:35,802 [grpc-default-executor-0] INFO  server.RaftServer$Division (RaftServerImpl.java:requestVote(1046)) - 9c433d8a-234d-492f-a374-35df91077eee@group-BFB3F072E4AD: receive requestVote(ELECTION, 4a6a0aaf-aa28-4f33-a09c-5a4e665a2556, group-BFB3F072E4AD, 2, (t:0, i:0))
2022-02-08 14:30:35,802 [grpc-default-executor-0] INFO  impl.VoteContext (VoteContext.java:log(48)) - 9c433d8a-234d-492f-a374-35df91077eee@group-BFB3F072E4AD-FOLLOWER: reject ELECTION from 4a6a0aaf-aa28-4f33-a09c-5a4e665a2556: our priority 1 > candidate's priority 0
2022-02-08 14:30:35,802 [grpc-default-executor-0] INFO  server.RaftServer$Division (RaftServerImpl.java:setRole(290)) - 9c433d8a-234d-492f-a374-35df91077eee@group-BFB3F072E4AD: changes role from  FOLLOWER to FOLLOWER at term 2 for candidate:4a6a0aaf-aa28-4f33-a09c-5a4e665a2556
2022-02-08 14:30:35,802 [grpc-default-executor-0] INFO  impl.RoleInfo (RoleInfo.java:shutdownFollowerState(108)) - 9c433d8a-234d-492f-a374-35df91077eee: shutdown 9c433d8a-234d-492f-a374-35df91077eee@group-BFB3F072E4AD-FollowerState
2022-02-08 14:30:35,802 [9c433d8a-234d-492f-a374-35df91077eee@group-BFB3F072E4AD-FollowerState] INFO  impl.FollowerState (FollowerState.java:run(143)) - 9c433d8a-234d-492f-a374-35df91077eee@group-BFB3F072E4AD-FollowerState was interrupted: {}
java.lang.InterruptedException: sleep interrupted
	at java.lang.Thread.sleep(Native Method)
	at java.lang.Thread.sleep(Thread.java:340)
	at java.util.concurrent.TimeUnit.sleep(TimeUnit.java:386)
	at org.apache.ratis.util.TimeDuration.sleep(TimeDuration.java:324)
	at org.apache.ratis.util.TimeDuration.sleep(TimeDuration.java:309)
	at org.apache.ratis.server.impl.FollowerState.run(FollowerState.java:118)
2022-02-08 14:30:35,802 [grpc-default-executor-0] INFO  impl.RoleInfo (RoleInfo.java:updateAndGet(130)) - 9c433d8a-234d-492f-a374-35df91077eee: start 9c433d8a-234d-492f-a374-35df91077eee@group-BFB3F072E4AD-FollowerState
2022-02-08 14:30:35,803 [grpc-default-executor-0] INFO  server.RaftServer$Division (RaftServerImpl.java:requestVote(1078)) - 9c433d8a-234d-492f-a374-35df91077eee@group-BFB3F072E4AD replies to ELECTION vote request: 4a6a0aaf-aa28-4f33-a09c-5a4e665a2556<-9c433d8a-234d-492f-a374-35df91077eee#0:FAIL-t2. Peer's state: 9c433d8a-234d-492f-a374-35df91077eee@group-BFB3F072E4AD:t2, leader=null, voted=null, raftlog=9c433d8a-234d-492f-a374-35df91077eee@group-BFB3F072E4AD-SegmentedRaftLog:OPENED:c-1, conf=-1: [9c433d8a-234d-492f-a374-35df91077eee|rpc:127.0.0.1:41109|dataStream:|priority:1, 4a6a0aaf-aa28-4f33-a09c-5a4e665a2556|rpc:127.0.0.1:39435|dataStream:|priority:0, 44736ceb-ad1e-44d8-8a85-1de4ce4d0fde|rpc:127.0.0.1:34931|dataStream:|priority:0], old=null
2022-02-08 14:30:35,808 [4a6a0aaf-aa28-4f33-a09c-5a4e665a2556@group-BFB3F072E4AD-LeaderElection29] INFO  impl.LeaderElection (LeaderElection.java:logAndReturn(89)) - 4a6a0aaf-aa28-4f33-a09c-5a4e665a2556@group-BFB3F072E4AD-LeaderElection29: ELECTION REJECTED received 1 response(s) and 0 exception(s):
2022-02-08 14:30:35,809 [4a6a0aaf-aa28-4f33-a09c-5a4e665a2556@group-BFB3F072E4AD-LeaderElection29] INFO  impl.LeaderElection (LeaderElection.java:logAndReturn(93)) -   Response 0: 4a6a0aaf-aa28-4f33-a09c-5a4e665a2556<-9c433d8a-234d-492f-a374-35df91077eee#0:FAIL-t2
2022-02-08 14:30:35,809 [4a6a0aaf-aa28-4f33-a09c-5a4e665a2556@group-BFB3F072E4AD-LeaderElection29] INFO  impl.LeaderElection (LeaderElection.java:askForVotes(308)) - 4a6a0aaf-aa28-4f33-a09c-5a4e665a2556@group-BFB3F072E4AD-LeaderElection29 ELECTION round 0: result REJECTED
2022-02-08 14:30:35,809 [4a6a0aaf-aa28-4f33-a09c-5a4e665a2556@group-BFB3F072E4AD-LeaderElection29] INFO  server.RaftServer$Division (RaftServerImpl.java:setRole(290)) - 4a6a0aaf-aa28-4f33-a09c-5a4e665a2556@group-BFB3F072E4AD: changes role from CANDIDATE to FOLLOWER at term 2 for REJECTED
2022-02-08 14:30:35,809 [4a6a0aaf-aa28-4f33-a09c-5a4e665a2556@group-BFB3F072E4AD-LeaderElection29] INFO  impl.RoleInfo (RoleInfo.java:shutdownLeaderElection(121)) - 4a6a0aaf-aa28-4f33-a09c-5a4e665a2556: shutdown 4a6a0aaf-aa28-4f33-a09c-5a4e665a2556@group-BFB3F072E4AD-LeaderElection29
2022-02-08 14:30:35,809 [4a6a0aaf-aa28-4f33-a09c-5a4e665a2556@group-BFB3F072E4AD-LeaderElection29] INFO  impl.RoleInfo (RoleInfo.java:updateAndGet(130)) - 4a6a0aaf-aa28-4f33-a09c-5a4e665a2556: start 4a6a0aaf-aa28-4f33-a09c-5a4e665a2556@group-BFB3F072E4AD-FollowerState
2022-02-08 14:30:35,823 [grpc-default-executor-0] INFO  server.RaftServer$Division (RaftServerImpl.java:requestVote(1046)) - 44736ceb-ad1e-44d8-8a85-1de4ce4d0fde@group-BFB3F072E4AD: receive requestVote(ELECTION, 4a6a0aaf-aa28-4f33-a09c-5a4e665a2556, group-BFB3F072E4AD, 2, (t:0, i:0))
2022-02-08 14:30:35,823 [grpc-default-executor-0] INFO  impl.VoteContext (VoteContext.java:log(48)) - 44736ceb-ad1e-44d8-8a85-1de4ce4d0fde@group-BFB3F072E4AD-FOLLOWER: accept ELECTION from 4a6a0aaf-aa28-4f33-a09c-5a4e665a2556: our priority 0 <= candidate's priority 0
2022-02-08 14:30:35,823 [grpc-default-executor-0] INFO  server.RaftServer$Division (RaftServerImpl.java:setRole(290)) - 44736ceb-ad1e-44d8-8a85-1de4ce4d0fde@group-BFB3F072E4AD: changes role from  FOLLOWER to FOLLOWER at term 2 for candidate:4a6a0aaf-aa28-4f33-a09c-5a4e665a2556
2022-02-08 14:30:35,823 [grpc-default-executor-0] INFO  impl.RoleInfo (RoleInfo.java:shutdownFollowerState(108)) - 44736ceb-ad1e-44d8-8a85-1de4ce4d0fde: shutdown 44736ceb-ad1e-44d8-8a85-1de4ce4d0fde@group-BFB3F072E4AD-FollowerState
2022-02-08 14:30:35,823 [44736ceb-ad1e-44d8-8a85-1de4ce4d0fde@group-BFB3F072E4AD-FollowerState] INFO  impl.FollowerState (FollowerState.java:run(143)) - 44736ceb-ad1e-44d8-8a85-1de4ce4d0fde@group-BFB3F072E4AD-FollowerState was interrupted: {}
java.lang.InterruptedException: sleep interrupted
	at java.lang.Thread.sleep(Native Method)
	at java.lang.Thread.sleep(Thread.java:340)
	at java.util.concurrent.TimeUnit.sleep(TimeUnit.java:386)
	at org.apache.ratis.util.TimeDuration.sleep(TimeDuration.java:324)
	at org.apache.ratis.util.TimeDuration.sleep(TimeDuration.java:309)
	at org.apache.ratis.server.impl.FollowerState.run(FollowerState.java:118)
2022-02-08 14:30:35,823 [grpc-default-executor-0] INFO  impl.RoleInfo (RoleInfo.java:updateAndGet(130)) - 44736ceb-ad1e-44d8-8a85-1de4ce4d0fde: start 44736ceb-ad1e-44d8-8a85-1de4ce4d0fde@group-BFB3F072E4AD-FollowerState
2022-02-08 14:30:35,833 [grpc-default-executor-0] INFO  server.RaftServer$Division (RaftServerImpl.java:requestVote(1078)) - 44736ceb-ad1e-44d8-8a85-1de4ce4d0fde@group-BFB3F072E4AD replies to ELECTION vote request: 4a6a0aaf-aa28-4f33-a09c-5a4e665a2556<-44736ceb-ad1e-44d8-8a85-1de4ce4d0fde#0:OK-t2. Peer's state: 44736ceb-ad1e-44d8-8a85-1de4ce4d0fde@group-BFB3F072E4AD:t2, leader=null, voted=4a6a0aaf-aa28-4f33-a09c-5a4e665a2556, raftlog=44736ceb-ad1e-44d8-8a85-1de4ce4d0fde@group-BFB3F072E4AD-SegmentedRaftLog:OPENED:c-1, conf=-1: [9c433d8a-234d-492f-a374-35df91077eee|rpc:127.0.0.1:41109|priority:1, 4a6a0aaf-aa28-4f33-a09c-5a4e665a2556|rpc:127.0.0.1:39435|priority:0, 44736ceb-ad1e-44d8-8a85-1de4ce4d0fde|rpc:127.0.0.1:34931|priority:0], old=null
2022-02-08 14:30:35,944 [Listener at 127.0.0.1/38815] INFO  ozone.MiniOzoneClusterImpl (MiniOzoneClusterImpl.java:lambda$waitForClusterToBeReady$0(219)) - Nodes are ready. Got 3 of 3 DN Heartbeats.
2022-02-08 14:30:35,945 [Listener at 127.0.0.1/38815] INFO  ozone.MiniOzoneClusterImpl (MiniOzoneClusterImpl.java:lambda$waitForClusterToBeReady$0(222)) - Cluster exits safe mode
2022-02-08 14:30:35,945 [Listener at 127.0.0.1/38815] INFO  ozone.MiniOzoneClusterImpl (MiniOzoneClusterImpl.java:lambda$waitForClusterToBeReady$0(224)) - SCM became leader
2022-02-08 14:30:35,945 [Listener at 127.0.0.1/38815] INFO  server.StorageContainerManager (StorageContainerManager.java:start(1303)) - StorageContainerLocationProtocol RPC server is listening at /0.0.0.0:38603
2022-02-08 14:30:35,945 [Listener at 127.0.0.1/38815] INFO  ha.SCMRatisServerImpl (SCMRatisServerImpl.java:start(177)) - starting ratis server 0.0.0.0:35659
2022-02-08 14:30:35,945 [Listener at 127.0.0.1/38815] INFO  server.RaftServer$Division (RaftServerImpl.java:start(304)) - 31c7f53c-68d3-4e4f-bab9-a4f3f7bb41e9@group-FC99C0F819FC: start with initializing state, conf=-1: [], old=null
2022-02-08 14:30:35,945 [Listener at 127.0.0.1/38815] INFO  server.RaftServer$Division (RaftServerImpl.java:setRole(290)) - 31c7f53c-68d3-4e4f-bab9-a4f3f7bb41e9@group-FC99C0F819FC: changes role from      null to FOLLOWER at term 0 for startInitializing
2022-02-08 14:30:35,946 [Listener at 127.0.0.1/38815] INFO  util.JmxRegister (JmxRegister.java:tryRegister(44)) - Successfully registered JMX Bean with object name Ratis:service=RaftServer,group=group-FC99C0F819FC,id=31c7f53c-68d3-4e4f-bab9-a4f3f7bb41e9
2022-02-08 14:30:35,950 [Listener at 127.0.0.1/38815] INFO  server.RaftServer (RaftServerProxy.java:lambda$start$5(374)) - 31c7f53c-68d3-4e4f-bab9-a4f3f7bb41e9: start RPC server
2022-02-08 14:30:35,950 [Listener at 127.0.0.1/38815] INFO  server.GrpcService (GrpcService.java:startImpl(253)) - 31c7f53c-68d3-4e4f-bab9-a4f3f7bb41e9: GrpcService started, listening on 35659
2022-02-08 14:30:35,957 [Listener at 127.0.0.1/38815] INFO  ha.SCMNodeInfo (SCMNodeInfo.java:getPort(197)) - ConfigKey ozone.scm.client.address is deprecated, For configuring different ports for each SCM use PortConfigKey ozone.scm.client.port appended with serviceId and nodeId
2022-02-08 14:30:35,957 [Listener at 127.0.0.1/38815] INFO  ha.SCMNodeInfo (SCMNodeInfo.java:getPort(197)) - ConfigKey ozone.scm.block.client.address is deprecated, For configuring different ports for each SCM use PortConfigKey ozone.scm.block.client.port appended with serviceId and nodeId
2022-02-08 14:30:35,957 [Listener at 127.0.0.1/38815] INFO  ha.SCMNodeInfo (SCMNodeInfo.java:getPort(197)) - ConfigKey ozone.scm.datanode.address is deprecated, For configuring different ports for each SCM use PortConfigKey ozone.scm.datanode.port appended with serviceId and nodeId
2022-02-08 14:30:35,957 [Listener at 127.0.0.1/38815] INFO  ha.SCMNodeInfo (SCMNodeInfo.java:getPort(197)) - ConfigKey ozone.scm.client.address is deprecated, For configuring different ports for each SCM use PortConfigKey ozone.scm.client.port appended with serviceId and nodeId
2022-02-08 14:30:35,957 [Listener at 127.0.0.1/38815] INFO  ha.SCMNodeInfo (SCMNodeInfo.java:getPort(197)) - ConfigKey ozone.scm.block.client.address is deprecated, For configuring different ports for each SCM use PortConfigKey ozone.scm.block.client.port appended with serviceId and nodeId
2022-02-08 14:30:35,958 [Listener at 127.0.0.1/38815] INFO  ha.SCMNodeInfo (SCMNodeInfo.java:getPort(197)) - ConfigKey ozone.scm.datanode.address is deprecated, For configuring different ports for each SCM use PortConfigKey ozone.scm.datanode.port appended with serviceId and nodeId
2022-02-08 14:30:35,958 [Listener at 127.0.0.1/38815] INFO  ha.SCMNodeInfo (SCMNodeInfo.java:getPort(197)) - ConfigKey ozone.scm.client.address is deprecated, For configuring different ports for each SCM use PortConfigKey ozone.scm.client.port appended with serviceId and nodeId
2022-02-08 14:30:35,958 [Listener at 127.0.0.1/38815] INFO  ha.SCMNodeInfo (SCMNodeInfo.java:getPort(197)) - ConfigKey ozone.scm.block.client.address is deprecated, For configuring different ports for each SCM use PortConfigKey ozone.scm.block.client.port appended with serviceId and nodeId
2022-02-08 14:30:35,958 [Listener at 127.0.0.1/38815] INFO  ha.SCMNodeInfo (SCMNodeInfo.java:getPort(197)) - ConfigKey ozone.scm.datanode.address is deprecated, For configuring different ports for each SCM use PortConfigKey ozone.scm.datanode.port appended with serviceId and nodeId
2022-02-08 14:30:35,959 [org.apache.ratis.util.JvmPauseMonitor$$Lambda$503/424226973@805eb16] INFO  util.JvmPauseMonitor (JvmPauseMonitor.java:run(103)) - JvmPauseMonitor-31c7f53c-68d3-4e4f-bab9-a4f3f7bb41e9: Started
2022-02-08 14:30:35,967 [IPC Server handler 21 on default port 37787] INFO  ha.SCMRatisServerImpl (SCMRatisServerImpl.java:addSCM(292)) - 7a675d49-8bf4-44ad-b841-6def84288824: Submitting SetConfiguration request to Ratis server with new SCM peers list: [7a675d49-8bf4-44ad-b841-6def84288824|rpc:localhost:40095|admin:|client:|dataStream:|priority:0, 19a54928-8125-4c35-a03e-a210dfc90c30|rpc:localhost:32921|priority:0, 31c7f53c-68d3-4e4f-bab9-a4f3f7bb41e9|rpc:localhost:35659|priority:0]
2022-02-08 14:30:35,967 [IPC Server handler 21 on default port 37787] INFO  server.RaftServer$Division (RaftServerImpl.java:setConfigurationAsync(974)) - 7a675d49-8bf4-44ad-b841-6def84288824@group-FC99C0F819FC: receive setConfiguration SetConfigurationRequest:client-C9CD9A98C438->7a675d49-8bf4-44ad-b841-6def84288824@group-FC99C0F819FC, cid=10, seq=0, RW, null, peers:[7a675d49-8bf4-44ad-b841-6def84288824|rpc:localhost:40095|admin:|client:|dataStream:|priority:0, 19a54928-8125-4c35-a03e-a210dfc90c30|rpc:localhost:32921|priority:0, 31c7f53c-68d3-4e4f-bab9-a4f3f7bb41e9|rpc:localhost:35659|priority:0]
2022-02-08 14:30:35,967 [IPC Server handler 21 on default port 37787] INFO  server.RaftServer$Division (LeaderStateImpl.java:startSetConfiguration(358)) - 7a675d49-8bf4-44ad-b841-6def84288824@group-FC99C0F819FC-LeaderStateImpl: startSetConfiguration SetConfigurationRequest:client-C9CD9A98C438->7a675d49-8bf4-44ad-b841-6def84288824@group-FC99C0F819FC, cid=10, seq=0, RW, null, peers:[7a675d49-8bf4-44ad-b841-6def84288824|rpc:localhost:40095|admin:|client:|dataStream:|priority:0, 19a54928-8125-4c35-a03e-a210dfc90c30|rpc:localhost:32921|priority:0, 31c7f53c-68d3-4e4f-bab9-a4f3f7bb41e9|rpc:localhost:35659|priority:0]
2022-02-08 14:30:35,967 [IPC Server handler 21 on default port 37787] INFO  server.RaftServerConfigKeys (ConfUtils.java:logGet(44)) - raft.server.log.appender.snapshot.chunk.size.max = 16MB (=16777216) (default)
2022-02-08 14:30:35,967 [IPC Server handler 21 on default port 37787] INFO  server.RaftServerConfigKeys (ConfUtils.java:logGet(44)) - raft.server.log.appender.buffer.byte-limit = 33554432 (custom)
2022-02-08 14:30:35,967 [IPC Server handler 21 on default port 37787] INFO  server.RaftServerConfigKeys (ConfUtils.java:logGet(44)) - raft.server.log.appender.buffer.element-limit = 1024 (custom)
2022-02-08 14:30:35,968 [IPC Server handler 21 on default port 37787] INFO  grpc.GrpcConfigKeys (ConfUtils.java:logGet(44)) - raft.grpc.server.leader.outstanding.appends.max = 128 (default)
2022-02-08 14:30:35,968 [IPC Server handler 21 on default port 37787] INFO  server.RaftServerConfigKeys (ConfUtils.java:logGet(44)) - raft.server.rpc.request.timeout = 30000ms (custom)
2022-02-08 14:30:35,968 [IPC Server handler 21 on default port 37787] INFO  server.RaftServerConfigKeys (ConfUtils.java:logGet(44)) - raft.server.log.appender.install.snapshot.enabled = false (custom)
2022-02-08 14:30:35,989 [7a675d49-8bf4-44ad-b841-6def84288824@group-FC99C0F819FC->31c7f53c-68d3-4e4f-bab9-a4f3f7bb41e9-GrpcLogAppender-LogAppenderDaemon] INFO  server.GrpcLogAppender (GrpcLogAppender.java:installSnapshot(550)) - 7a675d49-8bf4-44ad-b841-6def84288824@group-FC99C0F819FC->31c7f53c-68d3-4e4f-bab9-a4f3f7bb41e9-GrpcLogAppender: followerNextIndex = 0 but logStartIndex = 1, notify follower to install snapshot-(t:2, i:24)
2022-02-08 14:30:35,989 [7a675d49-8bf4-44ad-b841-6def84288824@group-FC99C0F819FC->31c7f53c-68d3-4e4f-bab9-a4f3f7bb41e9-GrpcLogAppender-LogAppenderDaemon] INFO  server.GrpcLogAppender (GrpcLogAppender.java:installSnapshot(558)) - 7a675d49-8bf4-44ad-b841-6def84288824@group-FC99C0F819FC->31c7f53c-68d3-4e4f-bab9-a4f3f7bb41e9-GrpcLogAppender: send 7a675d49-8bf4-44ad-b841-6def84288824->31c7f53c-68d3-4e4f-bab9-a4f3f7bb41e9#0-t2,notify:(t:2, i:24)
2022-02-08 14:30:36,001 [grpc-default-executor-0] INFO  server.RaftServer$Division (RaftServerImpl.java:installSnapshot(1332)) - 31c7f53c-68d3-4e4f-bab9-a4f3f7bb41e9@group-FC99C0F819FC: receive installSnapshot: 7a675d49-8bf4-44ad-b841-6def84288824->31c7f53c-68d3-4e4f-bab9-a4f3f7bb41e9#0-t2,notify:(t:2, i:24)
2022-02-08 14:30:36,002 [grpc-default-executor-0] INFO  ha.SCMStateMachine (SCMStateMachine.java:notifyLeaderChanged(255)) - leader changed, yet current SCM is still follower.
2022-02-08 14:30:36,002 [grpc-default-executor-0] INFO  server.RaftServer$Division (ServerState.java:setLeader(285)) - 31c7f53c-68d3-4e4f-bab9-a4f3f7bb41e9@group-FC99C0F819FC: change Leader from null to 7a675d49-8bf4-44ad-b841-6def84288824 at term 2 for installSnapshot, leader elected after 19089ms
2022-02-08 14:30:36,002 [grpc-default-executor-0] INFO  server.RaftServer$Division (RaftServerImpl.java:notifyStateMachineToInstallSnapshot(1551)) - 31c7f53c-68d3-4e4f-bab9-a4f3f7bb41e9@group-FC99C0F819FC: Received notification to install snapshot at index 24
2022-02-08 14:30:36,002 [grpc-default-executor-0] INFO  server.RaftServer$Division (RaftServerImpl.java:notifyStateMachineToInstallSnapshot(1582)) - 31c7f53c-68d3-4e4f-bab9-a4f3f7bb41e9@group-FC99C0F819FC: notifyInstallSnapshot: nextIndex is 0 but the leader's first available index is 24.
2022-02-08 14:30:36,002 [grpc-default-executor-0] INFO  ha.SCMStateMachine (SCMStateMachine.java:notifyInstallSnapshotFromLeader(219)) - Received install snapshot notification from SCM leader: localhost:40095 with term index: (t:2, i:24)
2022-02-08 14:30:36,013 [pool-264-thread-1] INFO  ha.SCMHAManagerImpl (SCMHAManagerImpl.java:getDBCheckpointFromLeader(207)) - Downloading checkpoint from leader SCM scmNode-1 and reloading state from the checkpoint.
2022-02-08 14:30:36,029 [grpc-default-executor-2] INFO  ha.SCMDBCheckpointProvider (SCMDBCheckpointProvider.java:writeDBCheckPointToSream(48)) - Received request to obtain SCM DB checkpoint snapshot
2022-02-08 14:30:36,044 [grpc-default-executor-2] INFO  db.RDBCheckpointManager (RDBCheckpointManager.java:createCheckpoint(86)) - Created checkpoint at /home/runner/work/ozone/ozone/hadoop-ozone/integration-test/target/test-dir/MiniOzoneClusterImpl-be5678e2-4507-4d84-8cb9-fc99c0f819fc/scmNode-1/db.checkpoints/scm.db_checkpoint_1644330636029 in 15 milliseconds
2022-02-08 14:30:36,054 [grpc-default-executor-2] INFO  ha.SCMGrpcOutputStream (SCMGrpcOutputStream.java:close(111)) - Sent 5812 bytes for cluster be5678e2-4507-4d84-8cb9-fc99c0f819fc
2022-02-08 14:30:36,055 [grpc-default-executor-3] INFO  ha.InterSCMGrpcClient (InterSCMGrpcClient.java:onCompleted(173)) - Checkpoint is downloaded to /home/runner/work/ozone/ozone/hadoop-ozone/integration-test/target/test-dir/MiniOzoneClusterImpl-be5678e2-4507-4d84-8cb9-fc99c0f819fc/scmNode-3/snapshot/scm.db-scmNode-1-1644330636013.tar.gz
2022-02-08 14:30:36,065 [grpc-default-executor-2] INFO  ha.SCMDBCheckpointProvider (SCMDBCheckpointProvider.java:writeDBCheckPointToSream(73)) - Time taken to write the checkpoint to response output stream: 12 milliseconds
2022-02-08 14:30:36,065 [grpc-default-executor-2] INFO  db.RocksDBCheckpoint (RocksDBCheckpoint.java:cleanupCheckpoint(78)) - Cleaning up RocksDB checkpoint at /home/runner/work/ozone/ozone/hadoop-ozone/integration-test/target/test-dir/MiniOzoneClusterImpl-be5678e2-4507-4d84-8cb9-fc99c0f819fc/scmNode-1/db.checkpoints/scm.db_checkpoint_1644330636029
2022-02-08 14:30:36,069 [pool-264-thread-1] INFO  ha.SCMSnapshotProvider (SCMSnapshotProvider.java:getSCMDBSnapshot(131)) - Successfully downloaded latest checkpoint from leader SCM: scmNode-1 path /home/runner/work/ozone/ozone/hadoop-ozone/integration-test/target/test-dir/MiniOzoneClusterImpl-be5678e2-4507-4d84-8cb9-fc99c0f819fc/scmNode-3/snapshot/scm.db-scmNode-1-1644330636013
2022-02-08 14:30:36,069 [pool-264-thread-1] INFO  ha.SCMHAManagerImpl (SCMHAManagerImpl.java:downloadCheckpointFromLeader(159)) - Downloaded checkpoint from Leader scmNode-1 to the location /home/runner/work/ozone/ozone/hadoop-ozone/integration-test/target/test-dir/MiniOzoneClusterImpl-be5678e2-4507-4d84-8cb9-fc99c0f819fc/scmNode-3/snapshot/scm.db-scmNode-1-1644330636013
2022-02-08 14:30:36,201 [pool-264-thread-1] INFO  ha.SCMHAManagerImpl (SCMHAManagerImpl.java:verifyCheckpointFromLeader(173)) - Installing checkpoint with SCMTransactionInfo 2#24
2022-02-08 14:30:36,201 [pool-264-thread-1] INFO  server.RaftServer$Division (RaftServerImpl.java:lambda$notifyStateMachineToInstallSnapshot$30(1595)) - 31c7f53c-68d3-4e4f-bab9-a4f3f7bb41e9@group-FC99C0F819FC: StateMachine successfully installed snapshot index 24. Reloading the StateMachine.
2022-02-08 14:30:36,201 [pool-264-thread-1] INFO  segmented.SegmentedRaftLogWorker (SegmentedRaftLogWorker.java:lambda$new$0(133)) - 31c7f53c-68d3-4e4f-bab9-a4f3f7bb41e9@group-FC99C0F819FC-SegmentedRaftLogWorker: flushIndex: setUnconditionally -1 -> 24
2022-02-08 14:30:36,201 [pool-264-thread-1] INFO  segmented.SegmentedRaftLogWorker (SegmentedRaftLogWorker.java:lambda$new$0(133)) - 31c7f53c-68d3-4e4f-bab9-a4f3f7bb41e9@group-FC99C0F819FC-SegmentedRaftLogWorker: safeCacheEvictIndex: setUnconditionally -1 -> 24
2022-02-08 14:30:36,201 [pool-264-thread-1] INFO  raftlog.RaftLog (RaftLogBase.java:lambda$new$0(53)) - 31c7f53c-68d3-4e4f-bab9-a4f3f7bb41e9@group-FC99C0F819FC-SegmentedRaftLog: snapshotIndex: updateIncreasingly -1 -> 24
2022-02-08 14:30:36,201 [grpc-default-executor-0] INFO  server.RaftServer$Division (RaftServerImpl.java:notifyStateMachineToInstallSnapshot(1638)) - 31c7f53c-68d3-4e4f-bab9-a4f3f7bb41e9@group-FC99C0F819FC: InstallSnapshot notification result: SNAPSHOT_INSTALLED, at index: 24
2022-02-08 14:30:36,202 [grpc-default-executor-0] INFO  server.RaftServer$Division (RaftServerImpl.java:installSnapshotImpl(1462)) - 31c7f53c-68d3-4e4f-bab9-a4f3f7bb41e9@group-FC99C0F819FC: set new configuration index: 5
configurationEntry {
  peers {
    id: "7a675d49-8bf4-44ad-b841-6def84288824"
    address: "localhost:40095"
  }
  peers {
    id: "19a54928-8125-4c35-a03e-a210dfc90c30"
    address: "localhost:32921"
  }
}
 from snapshot
2022-02-08 14:30:36,202 [grpc-default-executor-0] INFO  server.RaftServer$Division (ServerState.java:setRaftConf(387)) - 31c7f53c-68d3-4e4f-bab9-a4f3f7bb41e9@group-FC99C0F819FC: set configuration 5: [7a675d49-8bf4-44ad-b841-6def84288824|rpc:localhost:40095|admin:|client:|dataStream:|priority:0, 19a54928-8125-4c35-a03e-a210dfc90c30|rpc:localhost:32921|admin:|client:|dataStream:|priority:0], old=null
2022-02-08 14:30:36,202 [grpc-default-executor-0] INFO  server.RaftServer$Division (RaftServerImpl.java:installSnapshot(1343)) - 31c7f53c-68d3-4e4f-bab9-a4f3f7bb41e9@group-FC99C0F819FC: reply installSnapshot: 7a675d49-8bf4-44ad-b841-6def84288824<-31c7f53c-68d3-4e4f-bab9-a4f3f7bb41e9#0:FAIL-t0,SNAPSHOT_INSTALLED,snapshotIndex=24
2022-02-08 14:30:36,202 [grpc-default-executor-0] INFO  server.GrpcServerProtocolService (GrpcServerProtocolService.java:onCompleted(140)) - 31c7f53c-68d3-4e4f-bab9-a4f3f7bb41e9: Completed INSTALL_SNAPSHOT, lastRequest: 7a675d49-8bf4-44ad-b841-6def84288824->31c7f53c-68d3-4e4f-bab9-a4f3f7bb41e9#0-t2,notify:(t:2, i:24)
2022-02-08 14:30:36,205 [grpc-default-executor-0] INFO  server.GrpcLogAppender (GrpcLogAppender.java:onNext(410)) - 7a675d49-8bf4-44ad-b841-6def84288824@group-FC99C0F819FC->31c7f53c-68d3-4e4f-bab9-a4f3f7bb41e9-InstallSnapshotResponseHandler: received the first reply 7a675d49-8bf4-44ad-b841-6def84288824<-31c7f53c-68d3-4e4f-bab9-a4f3f7bb41e9#0:FAIL-t0,SNAPSHOT_INSTALLED,snapshotIndex=24
2022-02-08 14:30:36,205 [grpc-default-executor-0] INFO  server.GrpcLogAppender (GrpcLogAppender.java:onNext(450)) - 7a675d49-8bf4-44ad-b841-6def84288824@group-FC99C0F819FC->31c7f53c-68d3-4e4f-bab9-a4f3f7bb41e9-InstallSnapshotResponseHandler: Follower installed snapshot at index 24
2022-02-08 14:30:36,205 [grpc-default-executor-0] INFO  leader.FollowerInfo (FollowerInfoImpl.java:lambda$new$0(47)) - 7a675d49-8bf4-44ad-b841-6def84288824@group-FC99C0F819FC->31c7f53c-68d3-4e4f-bab9-a4f3f7bb41e9: snapshotIndex: setUnconditionally 0 -> 24
2022-02-08 14:30:36,205 [grpc-default-executor-0] INFO  leader.FollowerInfo (FollowerInfoImpl.java:lambda$new$0(47)) - 7a675d49-8bf4-44ad-b841-6def84288824@group-FC99C0F819FC->31c7f53c-68d3-4e4f-bab9-a4f3f7bb41e9: matchIndex: setUnconditionally 0 -> 24
2022-02-08 14:30:36,205 [grpc-default-executor-0] INFO  leader.FollowerInfo (FollowerInfoImpl.java:lambda$new$0(47)) - 7a675d49-8bf4-44ad-b841-6def84288824@group-FC99C0F819FC->31c7f53c-68d3-4e4f-bab9-a4f3f7bb41e9: nextIndex: setUnconditionally 0 -> 25
2022-02-08 14:30:36,205 [grpc-default-executor-0] INFO  leader.FollowerInfo (FollowerInfoImpl.java:setAttemptedToInstallSnapshot(116)) - Follower 7a675d49-8bf4-44ad-b841-6def84288824@group-FC99C0F819FC->31c7f53c-68d3-4e4f-bab9-a4f3f7bb41e9 acknowledged installing snapshot
2022-02-08 14:30:36,205 [grpc-default-executor-0] INFO  leader.FollowerInfo (FollowerInfoImpl.java:lambda$new$0(47)) - 7a675d49-8bf4-44ad-b841-6def84288824@group-FC99C0F819FC->31c7f53c-68d3-4e4f-bab9-a4f3f7bb41e9: nextIndex: updateToMax old=25, new=25, updated? false
2022-02-08 14:30:36,208 [grpc-default-executor-2] INFO  impl.RoleInfo (RoleInfo.java:updateAndGet(130)) - 31c7f53c-68d3-4e4f-bab9-a4f3f7bb41e9: start 31c7f53c-68d3-4e4f-bab9-a4f3f7bb41e9@group-FC99C0F819FC-FollowerState
2022-02-08 14:30:36,309 [31c7f53c-68d3-4e4f-bab9-a4f3f7bb41e9@group-FC99C0F819FC-StateMachineUpdater] INFO  ha.SCMHAManagerImpl (SCMHAManagerImpl.java:installCheckpoint(228)) - Installing checkpoint with SCMTransactionInfo 2#24
2022-02-08 14:30:36,317 [31c7f53c-68d3-4e4f-bab9-a4f3f7bb41e9@group-FC99C0F819FC-StateMachineUpdater] INFO  ha.SCMHAManagerImpl (SCMHAManagerImpl.java:installCheckpoint(267)) - Replaced DB with checkpoint, term: 2, index: 24
2022-02-08 14:30:36,317 [31c7f53c-68d3-4e4f-bab9-a4f3f7bb41e9@group-FC99C0F819FC-StateMachineUpdater] WARN  utils.HAUtils (HAUtils.java:getMetaDir(342)) - ozone.scm.db.dirs is not configured. We recommend adding this setting. Falling back to ozone.metadata.dirs instead.
2022-02-08 14:30:36,318 [31c7f53c-68d3-4e4f-bab9-a4f3f7bb41e9@group-FC99C0F819FC-StateMachineUpdater] WARN  db.DBStoreBuilder (DBStoreBuilder.java:applyDBDefinition(145)) - ozone.scm.db.dirs is not configured. We recommend adding this setting. Falling back to ozone.metadata.dirs instead.
2022-02-08 14:30:36,444 [31c7f53c-68d3-4e4f-bab9-a4f3f7bb41e9@group-FC99C0F819FC-StateMachineUpdater] INFO  ha.SequenceIdGenerator (SequenceIdGenerator.java:reinitialize(166)) - reinitialize SequenceIdGenerator.
2022-02-08 14:30:36,447 [31c7f53c-68d3-4e4f-bab9-a4f3f7bb41e9@group-FC99C0F819FC-StateMachineUpdater] INFO  ha.SCMHAManagerImpl (SCMHAManagerImpl.java:installCheckpoint(282)) - Reloaded SCM state with Term: 2 and Index: 24
2022-02-08 14:30:36,448 [31c7f53c-68d3-4e4f-bab9-a4f3f7bb41e9@group-FC99C0F819FC-StateMachineUpdater] INFO  impl.StateMachineUpdater (StateMachineUpdater.java:lambda$new$0(89)) - 31c7f53c-68d3-4e4f-bab9-a4f3f7bb41e9@group-FC99C0F819FC-StateMachineUpdater: snapshotIndex: setUnconditionally -1 -> 24
2022-02-08 14:30:36,448 [31c7f53c-68d3-4e4f-bab9-a4f3f7bb41e9@group-FC99C0F819FC-StateMachineUpdater] INFO  impl.StateMachineUpdater (StateMachineUpdater.java:lambda$new$0(89)) - 31c7f53c-68d3-4e4f-bab9-a4f3f7bb41e9@group-FC99C0F819FC-StateMachineUpdater: appliedIndex: setUnconditionally -1 -> 24
2022-02-08 14:30:36,577 [EndpointStateMachine task thread for /127.0.0.1:32969 - 0 ] INFO  ipc.Client (Client.java:handleConnectionFailure(977)) - Retrying connect to server: localhost/127.0.0.1:32969. Already tried 13 time(s); retry policy is RetryUpToMaximumCountWithFixedSleep(maxRetries=15, sleepTime=1000 MILLISECONDS)
2022-02-08 14:30:36,584 [EndpointStateMachine task thread for /127.0.0.1:41397 - 0 ] INFO  ipc.Client (Client.java:handleConnectionFailure(977)) - Retrying connect to server: localhost/127.0.0.1:41397. Already tried 13 time(s); retry policy is RetryUpToMaximumCountWithFixedSleep(maxRetries=15, sleepTime=1000 MILLISECONDS)
2022-02-08 14:30:36,587 [EndpointStateMachine task thread for /127.0.0.1:40085 - 0 ] INFO  ipc.Client (Client.java:handleConnectionFailure(977)) - Retrying connect to server: localhost/127.0.0.1:40085. Already tried 13 time(s); retry policy is RetryUpToMaximumCountWithFixedSleep(maxRetries=15, sleepTime=1000 MILLISECONDS)
2022-02-08 14:30:37,186 [Datanode State Machine Daemon Thread] ERROR datanode.RunningDatanodeState (RunningDatanodeState.java:computeNextContainerState(199)) - Error in executing end point task.
java.util.concurrent.ExecutionException: java.util.concurrent.TimeoutException
	at java.util.concurrent.FutureTask.report(FutureTask.java:122)
	at java.util.concurrent.FutureTask.get(FutureTask.java:192)
	at org.apache.hadoop.ozone.container.common.states.datanode.RunningDatanodeState.computeNextContainerState(RunningDatanodeState.java:191)
	at org.apache.hadoop.ozone.container.common.states.datanode.RunningDatanodeState.await(RunningDatanodeState.java:231)
	at org.apache.hadoop.ozone.container.common.states.datanode.RunningDatanodeState.await(RunningDatanodeState.java:50)
	at org.apache.hadoop.ozone.container.common.statemachine.StateContext.execute(StateContext.java:633)
	at org.apache.hadoop.ozone.container.common.statemachine.DatanodeStateMachine.start(DatanodeStateMachine.java:283)
	at org.apache.hadoop.ozone.container.common.statemachine.DatanodeStateMachine.lambda$startDaemon$0(DatanodeStateMachine.java:471)
	at java.lang.Thread.run(Thread.java:748)
Caused by: java.util.concurrent.TimeoutException
	at java.util.concurrent.FutureTask.get(FutureTask.java:205)
	at org.apache.hadoop.ozone.container.common.states.datanode.RunningDatanodeState.lambda$execute$0(RunningDatanodeState.java:149)
	at java.util.concurrent.FutureTask.run(FutureTask.java:266)
	at java.util.concurrent.Executors$RunnableAdapter.call(Executors.java:511)
	at java.util.concurrent.FutureTask.run(FutureTask.java:266)
	at java.util.concurrent.ThreadPoolExecutor.runWorker(ThreadPoolExecutor.java:1149)
	at java.util.concurrent.ThreadPoolExecutor$Worker.run(ThreadPoolExecutor.java:624)
	... 1 more
2022-02-08 14:30:37,577 [EndpointStateMachine task thread for /127.0.0.1:32969 - 0 ] INFO  ipc.Client (Client.java:handleConnectionFailure(977)) - Retrying connect to server: localhost/127.0.0.1:32969. Already tried 14 time(s); retry policy is RetryUpToMaximumCountWithFixedSleep(maxRetries=15, sleepTime=1000 MILLISECONDS)
2022-02-08 14:30:37,584 [EndpointStateMachine task thread for /127.0.0.1:41397 - 0 ] INFO  ipc.Client (Client.java:handleConnectionFailure(977)) - Retrying connect to server: localhost/127.0.0.1:41397. Already tried 14 time(s); retry policy is RetryUpToMaximumCountWithFixedSleep(maxRetries=15, sleepTime=1000 MILLISECONDS)
2022-02-08 14:30:37,584 [EndpointStateMachine task thread for /127.0.0.1:41397 - 0 ] WARN  statemachine.EndpointStateMachine (EndpointStateMachine.java:logIfNeeded(236)) - Unable to communicate to SCM server at localhost:41397 for past 0 seconds.
java.net.ConnectException: Call From fv-az151-746/10.1.0.25 to localhost:41397 failed on connection exception: java.net.ConnectException: Connection refused; For more details see:  http://wiki.apache.org/hadoop/ConnectionRefused
	at sun.reflect.NativeConstructorAccessorImpl.newInstance0(Native Method)
	at sun.reflect.NativeConstructorAccessorImpl.newInstance(NativeConstructorAccessorImpl.java:62)
	at sun.reflect.DelegatingConstructorAccessorImpl.newInstance(DelegatingConstructorAccessorImpl.java:45)
	at java.lang.reflect.Constructor.newInstance(Constructor.java:423)
	at org.apache.hadoop.net.NetUtils.wrapWithMessage(NetUtils.java:913)
	at org.apache.hadoop.net.NetUtils.wrapException(NetUtils.java:828)
	at org.apache.hadoop.ipc.Client.getRpcResponse(Client.java:1577)
	at org.apache.hadoop.ipc.Client.call(Client.java:1519)
	at org.apache.hadoop.ipc.Client.call(Client.java:1416)
	at org.apache.hadoop.ipc.ProtobufRpcEngine$Invoker.invoke(ProtobufRpcEngine.java:236)
	at org.apache.hadoop.ipc.ProtobufRpcEngine$Invoker.invoke(ProtobufRpcEngine.java:123)
	at com.sun.proxy.$Proxy48.submitRequest(Unknown Source)
	at org.apache.hadoop.ozone.protocolPB.StorageContainerDatanodeProtocolClientSideTranslatorPB.submitRequest(StorageContainerDatanodeProtocolClientSideTranslatorPB.java:117)
	at org.apache.hadoop.ozone.protocolPB.StorageContainerDatanodeProtocolClientSideTranslatorPB.sendHeartbeat(StorageContainerDatanodeProtocolClientSideTranslatorPB.java:149)
	at org.apache.hadoop.ozone.container.common.states.endpoint.HeartbeatEndpointTask.call(HeartbeatEndpointTask.java:179)
	at org.apache.hadoop.ozone.container.common.states.endpoint.HeartbeatEndpointTask.call(HeartbeatEndpointTask.java:82)
	at java.util.concurrent.FutureTask.run(FutureTask.java:266)
	at java.util.concurrent.ThreadPoolExecutor.runWorker(ThreadPoolExecutor.java:1149)
	at java.util.concurrent.ThreadPoolExecutor$Worker.run(ThreadPoolExecutor.java:624)
	at java.lang.Thread.run(Thread.java:748)
Caused by: java.net.ConnectException: Connection refused
	at sun.nio.ch.SocketChannelImpl.checkConnect(Native Method)
	at sun.nio.ch.SocketChannelImpl.finishConnect(SocketChannelImpl.java:716)
	at org.apache.hadoop.net.SocketIOWithTimeout.connect(SocketIOWithTimeout.java:206)
	at org.apache.hadoop.net.NetUtils.connect(NetUtils.java:586)
	at org.apache.hadoop.ipc.Client$Connection.setupConnection(Client.java:701)
	at org.apache.hadoop.ipc.Client$Connection.setupIOstreams(Client.java:822)
	at org.apache.hadoop.ipc.Client$Connection.access$3800(Client.java:414)
	at org.apache.hadoop.ipc.Client.getConnection(Client.java:1647)
	at org.apache.hadoop.ipc.Client.call(Client.java:1463)
	... 12 more
2022-02-08 14:30:37,588 [EndpointStateMachine task thread for /127.0.0.1:40085 - 0 ] INFO  ipc.Client (Client.java:handleConnectionFailure(977)) - Retrying connect to server: localhost/127.0.0.1:40085. Already tried 14 time(s); retry policy is RetryUpToMaximumCountWithFixedSleep(maxRetries=15, sleepTime=1000 MILLISECONDS)
2022-02-08 14:30:37,589 [EndpointStateMachine task thread for /127.0.0.1:40085 - 0 ] WARN  statemachine.EndpointStateMachine (EndpointStateMachine.java:logIfNeeded(236)) - Unable to communicate to SCM server at localhost:40085 for past 0 seconds.
java.net.ConnectException: Call From fv-az151-746/10.1.0.25 to localhost:40085 failed on connection exception: java.net.ConnectException: Connection refused; For more details see:  http://wiki.apache.org/hadoop/ConnectionRefused
	at sun.reflect.NativeConstructorAccessorImpl.newInstance0(Native Method)
	at sun.reflect.NativeConstructorAccessorImpl.newInstance(NativeConstructorAccessorImpl.java:62)
	at sun.reflect.DelegatingConstructorAccessorImpl.newInstance(DelegatingConstructorAccessorImpl.java:45)
	at java.lang.reflect.Constructor.newInstance(Constructor.java:423)
	at org.apache.hadoop.net.NetUtils.wrapWithMessage(NetUtils.java:913)
	at org.apache.hadoop.net.NetUtils.wrapException(NetUtils.java:828)
	at org.apache.hadoop.ipc.Client.getRpcResponse(Client.java:1577)
	at org.apache.hadoop.ipc.Client.call(Client.java:1519)
	at org.apache.hadoop.ipc.Client.call(Client.java:1416)
	at org.apache.hadoop.ipc.ProtobufRpcEngine$Invoker.invoke(ProtobufRpcEngine.java:236)
	at org.apache.hadoop.ipc.ProtobufRpcEngine$Invoker.invoke(ProtobufRpcEngine.java:123)
	at com.sun.proxy.$Proxy48.submitRequest(Unknown Source)
	at org.apache.hadoop.ozone.protocolPB.StorageContainerDatanodeProtocolClientSideTranslatorPB.submitRequest(StorageContainerDatanodeProtocolClientSideTranslatorPB.java:117)
	at org.apache.hadoop.ozone.protocolPB.StorageContainerDatanodeProtocolClientSideTranslatorPB.sendHeartbeat(StorageContainerDatanodeProtocolClientSideTranslatorPB.java:149)
	at org.apache.hadoop.ozone.container.common.states.endpoint.HeartbeatEndpointTask.call(HeartbeatEndpointTask.java:179)
	at org.apache.hadoop.ozone.container.common.states.endpoint.HeartbeatEndpointTask.call(HeartbeatEndpointTask.java:82)
	at java.util.concurrent.FutureTask.run(FutureTask.java:266)
	at java.util.concurrent.ThreadPoolExecutor.runWorker(ThreadPoolExecutor.java:1149)
	at java.util.concurrent.ThreadPoolExecutor$Worker.run(ThreadPoolExecutor.java:624)
	at java.lang.Thread.run(Thread.java:748)
Caused by: java.net.ConnectException: Connection refused
	at sun.nio.ch.SocketChannelImpl.checkConnect(Native Method)
	at sun.nio.ch.SocketChannelImpl.finishConnect(SocketChannelImpl.java:716)
	at org.apache.hadoop.net.SocketIOWithTimeout.connect(SocketIOWithTimeout.java:206)
	at org.apache.hadoop.net.NetUtils.connect(NetUtils.java:586)
	at org.apache.hadoop.ipc.Client$Connection.setupConnection(Client.java:701)
	at org.apache.hadoop.ipc.Client$Connection.setupIOstreams(Client.java:822)
	at org.apache.hadoop.ipc.Client$Connection.access$3800(Client.java:414)
	at org.apache.hadoop.ipc.Client.getConnection(Client.java:1647)
	at org.apache.hadoop.ipc.Client.call(Client.java:1463)
	... 12 more
2022-02-08 14:30:38,417 [Datanode State Machine Daemon Thread] ERROR datanode.RunningDatanodeState (RunningDatanodeState.java:computeNextContainerState(199)) - Error in executing end point task.
java.util.concurrent.ExecutionException: java.util.concurrent.TimeoutException
	at java.util.concurrent.FutureTask.report(FutureTask.java:122)
	at java.util.concurrent.FutureTask.get(FutureTask.java:192)
	at org.apache.hadoop.ozone.container.common.states.datanode.RunningDatanodeState.computeNextContainerState(RunningDatanodeState.java:191)
	at org.apache.hadoop.ozone.container.common.states.datanode.RunningDatanodeState.await(RunningDatanodeState.java:231)
	at org.apache.hadoop.ozone.container.common.states.datanode.RunningDatanodeState.await(RunningDatanodeState.java:50)
	at org.apache.hadoop.ozone.container.common.statemachine.StateContext.execute(StateContext.java:633)
	at org.apache.hadoop.ozone.container.common.statemachine.DatanodeStateMachine.start(DatanodeStateMachine.java:283)
	at org.apache.hadoop.ozone.container.common.statemachine.DatanodeStateMachine.lambda$startDaemon$0(DatanodeStateMachine.java:471)
	at java.lang.Thread.run(Thread.java:748)
Caused by: java.util.concurrent.TimeoutException
	at java.util.concurrent.FutureTask.get(FutureTask.java:205)
	at org.apache.hadoop.ozone.container.common.states.datanode.RunningDatanodeState.lambda$execute$0(RunningDatanodeState.java:149)
	at java.util.concurrent.FutureTask.run(FutureTask.java:266)
	at java.util.concurrent.Executors$RunnableAdapter.call(Executors.java:511)
	at java.util.concurrent.FutureTask.run(FutureTask.java:266)
	at java.util.concurrent.ThreadPoolExecutor.runWorker(ThreadPoolExecutor.java:1149)
	at java.util.concurrent.ThreadPoolExecutor$Worker.run(ThreadPoolExecutor.java:624)
	... 1 more
2022-02-08 14:30:38,578 [EndpointStateMachine task thread for /127.0.0.1:32969 - 0 ] INFO  ipc.Client (Client.java:handleConnectionFailure(977)) - Retrying connect to server: localhost/127.0.0.1:32969. Already tried 0 time(s); retry policy is RetryUpToMaximumCountWithFixedSleep(maxRetries=15, sleepTime=1000 MILLISECONDS)
2022-02-08 14:30:38,585 [EndpointStateMachine task thread for /127.0.0.1:41397 - 0 ] INFO  ipc.Client (Client.java:handleConnectionFailure(977)) - Retrying connect to server: localhost/127.0.0.1:41397. Already tried 0 time(s); retry policy is RetryUpToMaximumCountWithFixedSleep(maxRetries=15, sleepTime=1000 MILLISECONDS)
2022-02-08 14:30:38,589 [EndpointStateMachine task thread for /127.0.0.1:40085 - 0 ] INFO  ipc.Client (Client.java:handleConnectionFailure(977)) - Retrying connect to server: localhost/127.0.0.1:40085. Already tried 0 time(s); retry policy is RetryUpToMaximumCountWithFixedSleep(maxRetries=15, sleepTime=1000 MILLISECONDS)
2022-02-08 14:30:39,198 [Datanode State Machine Daemon Thread] ERROR datanode.RunningDatanodeState (RunningDatanodeState.java:computeNextContainerState(199)) - Error in executing end point task.
java.util.concurrent.ExecutionException: java.util.concurrent.TimeoutException
	at java.util.concurrent.FutureTask.report(FutureTask.java:122)
	at java.util.concurrent.FutureTask.get(FutureTask.java:192)
	at org.apache.hadoop.ozone.container.common.states.datanode.RunningDatanodeState.computeNextContainerState(RunningDatanodeState.java:191)
	at org.apache.hadoop.ozone.container.common.states.datanode.RunningDatanodeState.await(RunningDatanodeState.java:231)
	at org.apache.hadoop.ozone.container.common.states.datanode.RunningDatanodeState.await(RunningDatanodeState.java:50)
	at org.apache.hadoop.ozone.container.common.statemachine.StateContext.execute(StateContext.java:633)
	at org.apache.hadoop.ozone.container.common.statemachine.DatanodeStateMachine.start(DatanodeStateMachine.java:283)
	at org.apache.hadoop.ozone.container.common.statemachine.DatanodeStateMachine.lambda$startDaemon$0(DatanodeStateMachine.java:471)
	at java.lang.Thread.run(Thread.java:748)
Caused by: java.util.concurrent.TimeoutException
	at java.util.concurrent.FutureTask.get(FutureTask.java:205)
	at org.apache.hadoop.ozone.container.common.states.datanode.RunningDatanodeState.lambda$execute$0(RunningDatanodeState.java:149)
	at java.util.concurrent.FutureTask.run(FutureTask.java:266)
	at java.util.concurrent.Executors$RunnableAdapter.call(Executors.java:511)
	at java.util.concurrent.FutureTask.run(FutureTask.java:266)
	at java.util.concurrent.ThreadPoolExecutor.runWorker(ThreadPoolExecutor.java:1149)
	at java.util.concurrent.ThreadPoolExecutor$Worker.run(ThreadPoolExecutor.java:624)
	... 1 more
2022-02-08 14:30:39,579 [EndpointStateMachine task thread for /127.0.0.1:32969 - 0 ] INFO  ipc.Client (Client.java:handleConnectionFailure(977)) - Retrying connect to server: localhost/127.0.0.1:32969. Already tried 1 time(s); retry policy is RetryUpToMaximumCountWithFixedSleep(maxRetries=15, sleepTime=1000 MILLISECONDS)
2022-02-08 14:30:39,585 [EndpointStateMachine task thread for /127.0.0.1:41397 - 0 ] INFO  ipc.Client (Client.java:handleConnectionFailure(977)) - Retrying connect to server: localhost/127.0.0.1:41397. Already tried 1 time(s); retry policy is RetryUpToMaximumCountWithFixedSleep(maxRetries=15, sleepTime=1000 MILLISECONDS)
2022-02-08 14:30:39,589 [EndpointStateMachine task thread for /127.0.0.1:40085 - 0 ] INFO  ipc.Client (Client.java:handleConnectionFailure(977)) - Retrying connect to server: localhost/127.0.0.1:40085. Already tried 1 time(s); retry policy is RetryUpToMaximumCountWithFixedSleep(maxRetries=15, sleepTime=1000 MILLISECONDS)
2022-02-08 14:30:40,482 [Datanode State Machine Daemon Thread] ERROR datanode.RunningDatanodeState (RunningDatanodeState.java:computeNextContainerState(199)) - Error in executing end point task.
java.util.concurrent.ExecutionException: java.util.concurrent.TimeoutException
	at java.util.concurrent.FutureTask.report(FutureTask.java:122)
	at java.util.concurrent.FutureTask.get(FutureTask.java:192)
	at org.apache.hadoop.ozone.container.common.states.datanode.RunningDatanodeState.computeNextContainerState(RunningDatanodeState.java:191)
	at org.apache.hadoop.ozone.container.common.states.datanode.RunningDatanodeState.await(RunningDatanodeState.java:231)
	at org.apache.hadoop.ozone.container.common.states.datanode.RunningDatanodeState.await(RunningDatanodeState.java:50)
	at org.apache.hadoop.ozone.container.common.statemachine.StateContext.execute(StateContext.java:633)
	at org.apache.hadoop.ozone.container.common.statemachine.DatanodeStateMachine.start(DatanodeStateMachine.java:283)
	at org.apache.hadoop.ozone.container.common.statemachine.DatanodeStateMachine.lambda$startDaemon$0(DatanodeStateMachine.java:471)
	at java.lang.Thread.run(Thread.java:748)
Caused by: java.util.concurrent.TimeoutException
	at java.util.concurrent.FutureTask.get(FutureTask.java:205)
	at org.apache.hadoop.ozone.container.common.states.datanode.RunningDatanodeState.lambda$execute$0(RunningDatanodeState.java:149)
	at java.util.concurrent.FutureTask.run(FutureTask.java:266)
	at java.util.concurrent.Executors$RunnableAdapter.call(Executors.java:511)
	at java.util.concurrent.FutureTask.run(FutureTask.java:266)
	at java.util.concurrent.ThreadPoolExecutor.runWorker(ThreadPoolExecutor.java:1149)
	at java.util.concurrent.ThreadPoolExecutor$Worker.run(ThreadPoolExecutor.java:624)
	... 1 more
2022-02-08 14:30:40,579 [EndpointStateMachine task thread for /127.0.0.1:32969 - 0 ] INFO  ipc.Client (Client.java:handleConnectionFailure(977)) - Retrying connect to server: localhost/127.0.0.1:32969. Already tried 2 time(s); retry policy is RetryUpToMaximumCountWithFixedSleep(maxRetries=15, sleepTime=1000 MILLISECONDS)
2022-02-08 14:30:40,586 [EndpointStateMachine task thread for /127.0.0.1:41397 - 0 ] INFO  ipc.Client (Client.java:handleConnectionFailure(977)) - Retrying connect to server: localhost/127.0.0.1:41397. Already tried 2 time(s); retry policy is RetryUpToMaximumCountWithFixedSleep(maxRetries=15, sleepTime=1000 MILLISECONDS)
2022-02-08 14:30:40,589 [EndpointStateMachine task thread for /127.0.0.1:40085 - 0 ] INFO  ipc.Client (Client.java:handleConnectionFailure(977)) - Retrying connect to server: localhost/127.0.0.1:40085. Already tried 2 time(s); retry policy is RetryUpToMaximumCountWithFixedSleep(maxRetries=15, sleepTime=1000 MILLISECONDS)
2022-02-08 14:30:40,737 [7a675d49-8bf4-44ad-b841-6def84288824@group-FC99C0F819FC-LeaderStateImpl] INFO  server.RaftServer$Division (ServerState.java:setRaftConf(387)) - 7a675d49-8bf4-44ad-b841-6def84288824@group-FC99C0F819FC: set configuration 25: [7a675d49-8bf4-44ad-b841-6def84288824|rpc:localhost:40095|admin:|client:|dataStream:|priority:0, 19a54928-8125-4c35-a03e-a210dfc90c30|rpc:localhost:32921|priority:0, 31c7f53c-68d3-4e4f-bab9-a4f3f7bb41e9|rpc:localhost:35659|priority:0], old=[7a675d49-8bf4-44ad-b841-6def84288824|rpc:localhost:40095|admin:|client:|dataStream:|priority:0, 19a54928-8125-4c35-a03e-a210dfc90c30|rpc:localhost:32921|priority:0]
2022-02-08 14:30:40,739 [grpc-default-executor-2] INFO  server.RaftServer$Division (ServerState.java:setRaftConf(387)) - 19a54928-8125-4c35-a03e-a210dfc90c30@group-FC99C0F819FC: set configuration 25: [7a675d49-8bf4-44ad-b841-6def84288824|rpc:localhost:40095|admin:|client:|dataStream:|priority:0, 19a54928-8125-4c35-a03e-a210dfc90c30|rpc:localhost:32921|admin:|client:|dataStream:|priority:0, 31c7f53c-68d3-4e4f-bab9-a4f3f7bb41e9|rpc:localhost:35659|admin:|client:|dataStream:|priority:0], old=[7a675d49-8bf4-44ad-b841-6def84288824|rpc:localhost:40095|admin:|client:|dataStream:|priority:0, 19a54928-8125-4c35-a03e-a210dfc90c30|rpc:localhost:32921|admin:|client:|dataStream:|priority:0]
2022-02-08 14:30:40,753 [grpc-default-executor-2] INFO  server.RaftServer$Division (ServerState.java:setRaftConf(387)) - 31c7f53c-68d3-4e4f-bab9-a4f3f7bb41e9@group-FC99C0F819FC: set configuration 25: [7a675d49-8bf4-44ad-b841-6def84288824|rpc:localhost:40095|admin:|client:|dataStream:|priority:0, 19a54928-8125-4c35-a03e-a210dfc90c30|rpc:localhost:32921|admin:|client:|dataStream:|priority:0, 31c7f53c-68d3-4e4f-bab9-a4f3f7bb41e9|rpc:localhost:35659|admin:|client:|dataStream:|priority:0], old=[7a675d49-8bf4-44ad-b841-6def84288824|rpc:localhost:40095|admin:|client:|dataStream:|priority:0, 19a54928-8125-4c35-a03e-a210dfc90c30|rpc:localhost:32921|admin:|client:|dataStream:|priority:0]
2022-02-08 14:30:40,753 [grpc-default-executor-2] INFO  segmented.SegmentedRaftLogWorker (SegmentedRaftLogWorker.java:startLogSegment(394)) - 31c7f53c-68d3-4e4f-bab9-a4f3f7bb41e9@group-FC99C0F819FC-SegmentedRaftLogWorker: Starting segment from index:25
2022-02-08 14:30:40,762 [31c7f53c-68d3-4e4f-bab9-a4f3f7bb41e9@group-FC99C0F819FC-SegmentedRaftLogWorker] INFO  segmented.SegmentedRaftLogWorker (SegmentedRaftLogWorker.java:execute(601)) - 31c7f53c-68d3-4e4f-bab9-a4f3f7bb41e9@group-FC99C0F819FC-SegmentedRaftLogWorker: created new log segment /home/runner/work/ozone/ozone/hadoop-ozone/integration-test/target/test-dir/MiniOzoneClusterImpl-be5678e2-4507-4d84-8cb9-fc99c0f819fc/scmNode-3/scm-ha/be5678e2-4507-4d84-8cb9-fc99c0f819fc/current/log_inprogress_25
2022-02-08 14:30:40,768 [7a675d49-8bf4-44ad-b841-6def84288824@group-FC99C0F819FC-LeaderStateImpl] INFO  server.RaftServer$Division (ServerState.java:setRaftConf(387)) - 7a675d49-8bf4-44ad-b841-6def84288824@group-FC99C0F819FC: set configuration 27: [7a675d49-8bf4-44ad-b841-6def84288824|rpc:localhost:40095|admin:|client:|dataStream:|priority:0, 19a54928-8125-4c35-a03e-a210dfc90c30|rpc:localhost:32921|priority:0, 31c7f53c-68d3-4e4f-bab9-a4f3f7bb41e9|rpc:localhost:35659|priority:0], old=null
2022-02-08 14:30:40,769 [grpc-default-executor-2] INFO  server.RaftServer$Division (ServerState.java:setRaftConf(387)) - 31c7f53c-68d3-4e4f-bab9-a4f3f7bb41e9@group-FC99C0F819FC: set configuration 27: [7a675d49-8bf4-44ad-b841-6def84288824|rpc:localhost:40095|admin:|client:|dataStream:|priority:0, 19a54928-8125-4c35-a03e-a210dfc90c30|rpc:localhost:32921|admin:|client:|dataStream:|priority:0, 31c7f53c-68d3-4e4f-bab9-a4f3f7bb41e9|rpc:localhost:35659|admin:|client:|dataStream:|priority:0], old=null
2022-02-08 14:30:40,770 [grpc-default-executor-0] INFO  server.RaftServer$Division (ServerState.java:setRaftConf(387)) - 19a54928-8125-4c35-a03e-a210dfc90c30@group-FC99C0F819FC: set configuration 27: [7a675d49-8bf4-44ad-b841-6def84288824|rpc:localhost:40095|admin:|client:|dataStream:|priority:0, 19a54928-8125-4c35-a03e-a210dfc90c30|rpc:localhost:32921|admin:|client:|dataStream:|priority:0, 31c7f53c-68d3-4e4f-bab9-a4f3f7bb41e9|rpc:localhost:35659|admin:|client:|dataStream:|priority:0], old=null
2022-02-08 14:30:40,786 [31c7f53c-68d3-4e4f-bab9-a4f3f7bb41e9@group-FC99C0F819FC-StateMachineUpdater] INFO  safemode.HealthyPipelineSafeModeRule (HealthyPipelineSafeModeRule.java:initializeRule(152)) - Refreshed total pipeline count is 1, healthy pipeline threshold count is 1
2022-02-08 14:30:40,787 [31c7f53c-68d3-4e4f-bab9-a4f3f7bb41e9@group-FC99C0F819FC-StateMachineUpdater] INFO  safemode.ContainerSafeModeRule (ContainerSafeModeRule.java:reInitializeRule(177)) - Refreshed one replica container threshold 0, currentThreshold 0
2022-02-08 14:30:40,787 [31c7f53c-68d3-4e4f-bab9-a4f3f7bb41e9@group-FC99C0F819FC-StateMachineUpdater] INFO  safemode.OneReplicaPipelineSafeModeRule (OneReplicaPipelineSafeModeRule.java:initializeRule(176)) - Refreshed Total pipeline count is 1, pipeline's with at least one datanode reported threshold count is 1
2022-02-08 14:30:40,787 [31c7f53c-68d3-4e4f-bab9-a4f3f7bb41e9@group-FC99C0F819FC-StateMachineUpdater] INFO  server.SCMDatanodeProtocolServer (SCMDatanodeProtocolServer.java:start(181)) - ScmDatanodeProtocol RPC server for DataNodes is listening at /0.0.0.0:41469
2022-02-08 14:30:40,793 [IPC Server listener on 41469] INFO  ipc.Server (Server.java:run(1344)) - IPC Server listener on 41469: starting
2022-02-08 14:30:40,795 [IPC Server handler 21 on default port 37787] INFO  ha.SCMRatisServerImpl (SCMRatisServerImpl.java:addSCM(303)) - Successfully added new SCM: 31c7f53c-68d3-4e4f-bab9-a4f3f7bb41e9.
2022-02-08 14:30:40,796 [IPC Server Responder] INFO  ipc.Server (Server.java:run(1507)) - IPC Server Responder: starting
2022-02-08 14:30:40,807 [EndpointStateMachine task thread for /127.0.0.1:41469 - 0 ] INFO  ozoneimpl.OzoneContainer (OzoneContainer.java:start(311)) - Ignore. OzoneContainer already started.
2022-02-08 14:30:40,799 [IPC Server handler 2 on default port 41469] INFO  ipc.Server (Server.java:run(1026)) - IPC Server handler 2 on default port 41469: skipped Call#270 Retry#0 org.apache.hadoop.ozone.protocol.StorageContainerDatanodeProtocol.submitRequest from 127.0.0.1:42964
2022-02-08 14:30:40,807 [EndpointStateMachine task thread for /127.0.0.1:41469 - 0 ] INFO  ozoneimpl.OzoneContainer (OzoneContainer.java:start(311)) - Ignore. OzoneContainer already started.
2022-02-08 14:30:40,807 [EndpointStateMachine task thread for /127.0.0.1:41469 - 0 ] INFO  ozoneimpl.OzoneContainer (OzoneContainer.java:start(311)) - Ignore. OzoneContainer already started.
2022-02-08 14:30:40,806 [IPC Server handler 1 on default port 41469] WARN  ipc.Server (Server.java:processResponse(1717)) - IPC Server handler 1 on default port 41469, call Call#307 Retry#0 org.apache.hadoop.ozone.protocol.StorageContainerDatanodeProtocol.submitRequest from 127.0.0.1:43004: output error
2022-02-08 14:30:40,805 [Listener at 127.0.0.1/38815] INFO  ha.SCMHAManagerImpl (SCMHAManagerImpl.java:start(117)) - Successfully added SCM scmNode-3 to group group-FC99C0F819FC:[7a675d49-8bf4-44ad-b841-6def84288824|rpc:localhost:40095|admin:|client:|dataStream:|priority:0, 19a54928-8125-4c35-a03e-a210dfc90c30|rpc:localhost:32921|admin:|client:|dataStream:|priority:0, 31c7f53c-68d3-4e4f-bab9-a4f3f7bb41e9|rpc:localhost:35659|admin:|client:|dataStream:|priority:0]
2022-02-08 14:30:40,811 [Listener at 127.0.0.1/38815] INFO  ha.InterSCMGrpcService (InterSCMGrpcProtocolService.java:start(94)) - Starting SCM Grpc Service at port 45117
2022-02-08 14:30:40,800 [IPC Server handler 14 on default port 41469] INFO  ipc.Server (Server.java:run(1026)) - IPC Server handler 14 on default port 41469: skipped Call#209 Retry#0 org.apache.hadoop.ozone.protocol.StorageContainerDatanodeProtocol.submitRequest from 127.0.0.1:42868
2022-02-08 14:30:40,800 [IPC Server handler 13 on default port 41469] INFO  ipc.Server (Server.java:run(1026)) - IPC Server handler 13 on default port 41469: skipped Call#229 Retry#0 org.apache.hadoop.ozone.protocol.StorageContainerDatanodeProtocol.submitRequest from 127.0.0.1:42916
2022-02-08 14:30:40,800 [IPC Server handler 12 on default port 41469] INFO  ipc.Server (Server.java:run(1026)) - IPC Server handler 12 on default port 41469: skipped Call#272 Retry#0 org.apache.hadoop.ozone.protocol.StorageContainerDatanodeProtocol.submitRequest from 127.0.0.1:42964
2022-02-08 14:30:40,800 [IPC Server handler 11 on default port 41469] INFO  ipc.Server (Server.java:run(1026)) - IPC Server handler 11 on default port 41469: skipped Call#309 Retry#0 org.apache.hadoop.ozone.protocol.StorageContainerDatanodeProtocol.submitRequest from 127.0.0.1:43004
2022-02-08 14:30:40,799 [IPC Server handler 9 on default port 41469] INFO  ipc.Server (Server.java:run(1026)) - IPC Server handler 9 on default port 41469: skipped Call#206 Retry#0 org.apache.hadoop.ozone.protocol.StorageContainerDatanodeProtocol.submitRequest from 127.0.0.1:42868
2022-02-08 14:30:40,799 [IPC Server handler 8 on default port 41469] INFO  ipc.Server (Server.java:run(1026)) - IPC Server handler 8 on default port 41469: skipped Call#228 Retry#0 org.apache.hadoop.ozone.protocol.StorageContainerDatanodeProtocol.submitRequest from 127.0.0.1:42916
2022-02-08 14:30:40,799 [IPC Server handler 7 on default port 41469] INFO  ipc.Server (Server.java:run(1026)) - IPC Server handler 7 on default port 41469: skipped Call#271 Retry#0 org.apache.hadoop.ozone.protocol.StorageContainerDatanodeProtocol.submitRequest from 127.0.0.1:42964
2022-02-08 14:30:40,799 [IPC Server handler 6 on default port 41469] INFO  ipc.Server (Server.java:run(1026)) - IPC Server handler 6 on default port 41469: skipped Call#308 Retry#0 org.apache.hadoop.ozone.protocol.StorageContainerDatanodeProtocol.submitRequest from 127.0.0.1:43004
2022-02-08 14:30:40,799 [IPC Server handler 4 on default port 41469] INFO  ipc.Server (Server.java:run(1026)) - IPC Server handler 4 on default port 41469: skipped Call#203 Retry#0 org.apache.hadoop.ozone.protocol.StorageContainerDatanodeProtocol.submitRequest from 127.0.0.1:42868
2022-02-08 14:30:40,799 [IPC Server handler 3 on default port 41469] INFO  ipc.Server (Server.java:run(1026)) - IPC Server handler 3 on default port 41469: skipped Call#227 Retry#0 org.apache.hadoop.ozone.protocol.StorageContainerDatanodeProtocol.submitRequest from 127.0.0.1:42916
2022-02-08 14:30:40,811 [IPC Server handler 1 on default port 41469] INFO  ipc.Server (Server.java:run(2979)) - IPC Server handler 1 on default port 41469 caught an exception
java.nio.channels.ClosedChannelException
	at sun.nio.ch.SocketChannelImpl.ensureWriteOpen(SocketChannelImpl.java:269)
	at sun.nio.ch.SocketChannelImpl.write(SocketChannelImpl.java:460)
	at org.apache.hadoop.ipc.Server.channelWrite(Server.java:3605)
	at org.apache.hadoop.ipc.Server.access$1700(Server.java:141)
	at org.apache.hadoop.ipc.Server$Responder.processResponse(Server.java:1667)
	at org.apache.hadoop.ipc.Server$Responder.doRespond(Server.java:1737)
	at org.apache.hadoop.ipc.Server$Connection.sendResponse(Server.java:2837)
	at org.apache.hadoop.ipc.Server$Connection.access$300(Server.java:1809)
	at org.apache.hadoop.ipc.Server$RpcCall.doResponse(Server.java:1117)
	at org.apache.hadoop.ipc.Server$Call.doResponse(Server.java:909)
	at org.apache.hadoop.ipc.Server$Call.sendResponse(Server.java:895)
	at org.apache.hadoop.ipc.Server$RpcCall.run(Server.java:1052)
	at org.apache.hadoop.ipc.Server$RpcCall.run(Server.java:963)
	at java.security.AccessController.doPrivileged(Native Method)
	at javax.security.auth.Subject.doAs(Subject.java:422)
	at org.apache.hadoop.security.UserGroupInformation.doAs(UserGroupInformation.java:1878)
	at org.apache.hadoop.ipc.Server$Handler.run(Server.java:2966)
2022-02-08 14:30:40,812 [Listener at 127.0.0.1/38815] INFO  impl.MetricsSystemImpl (MetricsSystemImpl.java:init(158)) - StorageContainerManager metrics system started (again)
2022-02-08 14:30:40,838 [Listener at 127.0.0.1/38815] INFO  server.SCMClientProtocolServer (SCMClientProtocolServer.java:start(165)) - RPC server for Client  is listening at /0.0.0.0:38603
2022-02-08 14:30:40,849 [IPC Server Responder] INFO  ipc.Server (Server.java:run(1507)) - IPC Server Responder: starting
2022-02-08 14:30:40,857 [IPC Server listener on 38603] INFO  ipc.Server (Server.java:run(1344)) - IPC Server listener on 38603: starting
2022-02-08 14:30:40,873 [Listener at 127.0.0.1/38815] INFO  server.StorageContainerManager (StorageContainerManager.java:start(1318)) - ScmBlockLocationProtocol RPC server is listening at /0.0.0.0:33091
2022-02-08 14:30:40,874 [Listener at 127.0.0.1/38815] INFO  server.SCMBlockProtocolServer (SCMBlockProtocolServer.java:start(151)) - RPC server for Block Protocol is listening at /0.0.0.0:33091
2022-02-08 14:30:40,874 [IPC Server Responder] INFO  ipc.Server (Server.java:run(1507)) - IPC Server Responder: starting
2022-02-08 14:30:40,874 [IPC Server listener on 33091] INFO  ipc.Server (Server.java:run(1344)) - IPC Server listener on 33091: starting
2022-02-08 14:30:40,897 [Listener at 127.0.0.1/38815] INFO  http.BaseHttpServer (BaseHttpServer.java:newHttpServer2BuilderForOzone(209)) - Starting Web-server for scm at: http://0.0.0.0:33197
2022-02-08 14:30:40,897 [Listener at 127.0.0.1/38815] INFO  http.BaseHttpServer (BaseHttpServer.java:<init>(107)) - Hadoop Security Enabled: false Ozone Security Enabled: false Ozone HTTP Security Enabled: false 
2022-02-08 14:30:40,898 [Listener at 127.0.0.1/38815] INFO  server.AuthenticationFilter (AuthenticationFilter.java:constructSecretProvider(240)) - Unable to initialize FileSignerSecretProvider, falling back to use random secrets.
2022-02-08 14:30:40,913 [Listener at 127.0.0.1/38815] WARN  http.HttpRequestLog (HttpRequestLog.java:getRequestLog(103)) - Jetty request log can only be enabled using Log4j
2022-02-08 14:30:40,914 [Listener at 127.0.0.1/38815] INFO  http.HttpServer2 (HttpServer2.java:addGlobalFilter(1030)) - Added global filter 'safety' (class=org.apache.hadoop.hdds.server.http.HttpServer2$QuotingInputFilter)
2022-02-08 14:30:40,915 [Listener at 127.0.0.1/38815] INFO  http.HttpServer2 (HttpServer2.java:addFilter(1006)) - Added filter static_user_filter (class=org.apache.hadoop.http.lib.StaticUserWebFilter$StaticUserFilter) to context scm
2022-02-08 14:30:40,915 [Listener at 127.0.0.1/38815] INFO  http.HttpServer2 (HttpServer2.java:addFilter(1014)) - Added filter static_user_filter (class=org.apache.hadoop.http.lib.StaticUserWebFilter$StaticUserFilter) to context logs
2022-02-08 14:30:40,915 [Listener at 127.0.0.1/38815] INFO  http.HttpServer2 (HttpServer2.java:addFilter(1014)) - Added filter static_user_filter (class=org.apache.hadoop.http.lib.StaticUserWebFilter$StaticUserFilter) to context static
2022-02-08 14:30:40,915 [Listener at 127.0.0.1/38815] INFO  http.HttpServer2 (HttpServer2.java:bindListener(1249)) - Jetty bound to port 33197
2022-02-08 14:30:40,915 [Listener at 127.0.0.1/38815] INFO  server.Server (Server.java:doStart(375)) - jetty-9.4.43.v20210629; built: 2021-06-30T11:07:22.254Z; git: 526006ecfa3af7f1a27ef3a288e2bef7ea9dd7e8; jvm 1.8.0_312-b07
2022-02-08 14:30:40,953 [Listener at 127.0.0.1/38815] INFO  server.session (DefaultSessionIdManager.java:doStart(334)) - DefaultSessionIdManager workerName=node0
2022-02-08 14:30:40,953 [Listener at 127.0.0.1/38815] INFO  server.session (DefaultSessionIdManager.java:doStart(339)) - No SessionScavenger set, using defaults
2022-02-08 14:30:40,953 [Listener at 127.0.0.1/38815] INFO  server.session (HouseKeeper.java:startScavenging(132)) - node0 Scavenging every 600000ms
2022-02-08 14:30:40,955 [Listener at 127.0.0.1/38815] INFO  handler.ContextHandler (ContextHandler.java:doStart(915)) - Started o.e.j.s.ServletContextHandler@41bbdb8d{logs,/logs,file:///home/runner/work/ozone/ozone/hadoop-ozone/integration-test/target/log,AVAILABLE}
2022-02-08 14:30:40,955 [Listener at 127.0.0.1/38815] INFO  handler.ContextHandler (ContextHandler.java:doStart(915)) - Started o.e.j.s.ServletContextHandler@761c9f11{static,/static,file:///home/runner/work/ozone/ozone/hadoop-ozone/integration-test/target/test-classes/webapps/static,AVAILABLE}
2022-02-08 14:30:40,958 [Listener at 127.0.0.1/38815] INFO  handler.ContextHandler (ContextHandler.java:doStart(915)) - Started o.e.j.w.WebAppContext@25364645{scm,/,file:///home/runner/work/ozone/ozone/hadoop-ozone/integration-test/target/test-classes/webapps/scm/,AVAILABLE}{file:/home/runner/work/ozone/ozone/hadoop-ozone/integration-test/target/test-classes/webapps/scm}
2022-02-08 14:30:40,958 [org.apache.hadoop.util.JvmPauseMonitor$Monitor@6020c1ec] INFO  util.JvmPauseMonitor (JvmPauseMonitor.java:run(188)) - Starting JVM pause monitor
2022-02-08 14:30:40,961 [9c433d8a-234d-492f-a374-35df91077eee@group-BFB3F072E4AD-FollowerState] INFO  impl.FollowerState (FollowerState.java:run(134)) - 9c433d8a-234d-492f-a374-35df91077eee@group-BFB3F072E4AD-FollowerState: change to CANDIDATE, lastRpcElapsedTime:5159118323ns, electionTimeout:5121ms
2022-02-08 14:30:40,961 [9c433d8a-234d-492f-a374-35df91077eee@group-BFB3F072E4AD-FollowerState] INFO  impl.RoleInfo (RoleInfo.java:shutdownFollowerState(108)) - 9c433d8a-234d-492f-a374-35df91077eee: shutdown 9c433d8a-234d-492f-a374-35df91077eee@group-BFB3F072E4AD-FollowerState
2022-02-08 14:30:40,961 [9c433d8a-234d-492f-a374-35df91077eee@group-BFB3F072E4AD-FollowerState] INFO  server.RaftServer$Division (RaftServerImpl.java:setRole(290)) - 9c433d8a-234d-492f-a374-35df91077eee@group-BFB3F072E4AD: changes role from  FOLLOWER to CANDIDATE at term 2 for changeToCandidate
2022-02-08 14:30:40,961 [9c433d8a-234d-492f-a374-35df91077eee@group-BFB3F072E4AD-FollowerState] INFO  server.RaftServerConfigKeys (ConfUtils.java:logGet(44)) - raft.server.leaderelection.pre-vote = false (custom)
2022-02-08 14:30:40,961 [9c433d8a-234d-492f-a374-35df91077eee@group-BFB3F072E4AD-FollowerState] INFO  impl.RoleInfo (RoleInfo.java:updateAndGet(130)) - 9c433d8a-234d-492f-a374-35df91077eee: start 9c433d8a-234d-492f-a374-35df91077eee@group-BFB3F072E4AD-LeaderElection30
2022-02-08 14:30:40,969 [Listener at 127.0.0.1/38815] INFO  server.AbstractConnector (AbstractConnector.java:doStart(331)) - Started ServerConnector@412b5adc{HTTP/1.1, (http/1.1)}{0.0.0.0:33197}
2022-02-08 14:30:40,969 [Listener at 127.0.0.1/38815] INFO  server.Server (Server.java:doStart(415)) - Started @112709ms
2022-02-08 14:30:40,969 [Listener at 127.0.0.1/38815] WARN  impl.MetricsSystemImpl (MetricsSystemImpl.java:register(279)) - Sink prometheus already exists!
2022-02-08 14:30:40,970 [Listener at 127.0.0.1/38815] INFO  http.BaseHttpServer (BaseHttpServer.java:updateConnectorAddress(329)) - HTTP server of scm listening at http://0.0.0.0:33197
2022-02-08 14:30:40,970 [Listener at 127.0.0.1/38815] INFO  safemode.SCMSafeModeManager (SCMSafeModeManager.java:exitSafeMode(248)) - SCM exiting safe mode.
2022-02-08 14:30:40,970 [Listener at 127.0.0.1/38815] WARN  events.EventQueue (EventQueue.java:fireEvent(194)) - No event handler registered for event TypedEvent{payloadType=SafeModeStatus, name='Safe mode status'}
2022-02-08 14:30:40,970 [Listener at 127.0.0.1/38815] INFO  ha.SCMContext (SCMContext.java:updateSafeModeStatus(211)) - Update SafeModeStatus from SafeModeStatus{safeModeStatus=true, preCheckPassed=false} to SafeModeStatus{safeModeStatus=false, preCheckPassed=true}.
2022-02-08 14:30:40,973 [9c433d8a-234d-492f-a374-35df91077eee@group-BFB3F072E4AD-LeaderElection30] INFO  impl.LeaderElection (LeaderElection.java:askForVotes(306)) - 9c433d8a-234d-492f-a374-35df91077eee@group-BFB3F072E4AD-LeaderElection30 ELECTION round 0: submit vote requests at term 3 for -1: [9c433d8a-234d-492f-a374-35df91077eee|rpc:127.0.0.1:41109|dataStream:|priority:1, 4a6a0aaf-aa28-4f33-a09c-5a4e665a2556|rpc:127.0.0.1:39435|dataStream:|priority:0, 44736ceb-ad1e-44d8-8a85-1de4ce4d0fde|rpc:127.0.0.1:34931|dataStream:|priority:0], old=null
2022-02-08 14:30:40,974 [Listener at 127.0.0.1/38815] INFO  db.RDBCheckpointManager (RDBCheckpointManager.java:createCheckpoint(86)) - Created checkpoint at /home/runner/work/ozone/ozone/hadoop-ozone/integration-test/target/test-dir/MiniOzoneClusterImpl-be5678e2-4507-4d84-8cb9-fc99c0f819fc/scmNode-1/db.checkpoints/scm.db_checkpoint_1644330640970 in 4 milliseconds
2022-02-08 14:30:40,987 [grpc-default-executor-3] INFO  server.RaftServer$Division (RaftServerImpl.java:requestVote(1046)) - 4a6a0aaf-aa28-4f33-a09c-5a4e665a2556@group-BFB3F072E4AD: receive requestVote(ELECTION, 9c433d8a-234d-492f-a374-35df91077eee, group-BFB3F072E4AD, 3, (t:0, i:0))
2022-02-08 14:30:40,987 [grpc-default-executor-3] INFO  impl.VoteContext (VoteContext.java:log(48)) - 4a6a0aaf-aa28-4f33-a09c-5a4e665a2556@group-BFB3F072E4AD-FOLLOWER: accept ELECTION from 9c433d8a-234d-492f-a374-35df91077eee: our priority 0 <= candidate's priority 1
2022-02-08 14:30:40,987 [grpc-default-executor-3] INFO  server.RaftServer$Division (RaftServerImpl.java:setRole(290)) - 4a6a0aaf-aa28-4f33-a09c-5a4e665a2556@group-BFB3F072E4AD: changes role from  FOLLOWER to FOLLOWER at term 3 for candidate:9c433d8a-234d-492f-a374-35df91077eee
2022-02-08 14:30:40,988 [grpc-default-executor-3] INFO  impl.RoleInfo (RoleInfo.java:shutdownFollowerState(108)) - 4a6a0aaf-aa28-4f33-a09c-5a4e665a2556: shutdown 4a6a0aaf-aa28-4f33-a09c-5a4e665a2556@group-BFB3F072E4AD-FollowerState
2022-02-08 14:30:40,988 [4a6a0aaf-aa28-4f33-a09c-5a4e665a2556@group-BFB3F072E4AD-FollowerState] INFO  impl.FollowerState (FollowerState.java:run(143)) - 4a6a0aaf-aa28-4f33-a09c-5a4e665a2556@group-BFB3F072E4AD-FollowerState was interrupted: {}
java.lang.InterruptedException: sleep interrupted
	at java.lang.Thread.sleep(Native Method)
	at java.lang.Thread.sleep(Thread.java:340)
	at java.util.concurrent.TimeUnit.sleep(TimeUnit.java:386)
	at org.apache.ratis.util.TimeDuration.sleep(TimeDuration.java:324)
	at org.apache.ratis.util.TimeDuration.sleep(TimeDuration.java:309)
	at org.apache.ratis.server.impl.FollowerState.run(FollowerState.java:118)
2022-02-08 14:30:40,988 [grpc-default-executor-3] INFO  impl.RoleInfo (RoleInfo.java:updateAndGet(130)) - 4a6a0aaf-aa28-4f33-a09c-5a4e665a2556: start 4a6a0aaf-aa28-4f33-a09c-5a4e665a2556@group-BFB3F072E4AD-FollowerState
2022-02-08 14:30:40,989 [grpc-default-executor-3] INFO  server.RaftServer$Division (RaftServerImpl.java:requestVote(1078)) - 4a6a0aaf-aa28-4f33-a09c-5a4e665a2556@group-BFB3F072E4AD replies to ELECTION vote request: 9c433d8a-234d-492f-a374-35df91077eee<-4a6a0aaf-aa28-4f33-a09c-5a4e665a2556#0:OK-t3. Peer's state: 4a6a0aaf-aa28-4f33-a09c-5a4e665a2556@group-BFB3F072E4AD:t3, leader=null, voted=9c433d8a-234d-492f-a374-35df91077eee, raftlog=4a6a0aaf-aa28-4f33-a09c-5a4e665a2556@group-BFB3F072E4AD-SegmentedRaftLog:OPENED:c-1, conf=-1: [9c433d8a-234d-492f-a374-35df91077eee|rpc:127.0.0.1:41109|dataStream:|priority:1, 4a6a0aaf-aa28-4f33-a09c-5a4e665a2556|rpc:127.0.0.1:39435|dataStream:|priority:0, 44736ceb-ad1e-44d8-8a85-1de4ce4d0fde|rpc:127.0.0.1:34931|dataStream:|priority:0], old=null
2022-02-08 14:30:40,997 [9c433d8a-234d-492f-a374-35df91077eee@group-BFB3F072E4AD-LeaderElection30] INFO  impl.LeaderElection (LeaderElection.java:logAndReturn(89)) - 9c433d8a-234d-492f-a374-35df91077eee@group-BFB3F072E4AD-LeaderElection30: ELECTION PASSED received 1 response(s) and 0 exception(s):
2022-02-08 14:30:40,997 [9c433d8a-234d-492f-a374-35df91077eee@group-BFB3F072E4AD-LeaderElection30] INFO  impl.LeaderElection (LeaderElection.java:logAndReturn(93)) -   Response 0: 9c433d8a-234d-492f-a374-35df91077eee<-4a6a0aaf-aa28-4f33-a09c-5a4e665a2556#0:OK-t3
2022-02-08 14:30:40,997 [9c433d8a-234d-492f-a374-35df91077eee@group-BFB3F072E4AD-LeaderElection30] INFO  impl.LeaderElection (LeaderElection.java:askForVotes(308)) - 9c433d8a-234d-492f-a374-35df91077eee@group-BFB3F072E4AD-LeaderElection30 ELECTION round 0: result PASSED
2022-02-08 14:30:40,997 [9c433d8a-234d-492f-a374-35df91077eee@group-BFB3F072E4AD-LeaderElection30] INFO  impl.RoleInfo (RoleInfo.java:shutdownLeaderElection(121)) - 9c433d8a-234d-492f-a374-35df91077eee: shutdown 9c433d8a-234d-492f-a374-35df91077eee@group-BFB3F072E4AD-LeaderElection30
2022-02-08 14:30:40,997 [9c433d8a-234d-492f-a374-35df91077eee@group-BFB3F072E4AD-LeaderElection30] INFO  server.RaftServer$Division (RaftServerImpl.java:setRole(290)) - 9c433d8a-234d-492f-a374-35df91077eee@group-BFB3F072E4AD: changes role from CANDIDATE to LEADER at term 3 for changeToLeader
2022-02-08 14:30:40,997 [9c433d8a-234d-492f-a374-35df91077eee@group-BFB3F072E4AD-LeaderElection30] INFO  ratis.XceiverServerRatis (XceiverServerRatis.java:handleLeaderChangedNotification(866)) - Leader change notification received for group: group-BFB3F072E4AD with new leaderId: 9c433d8a-234d-492f-a374-35df91077eee
2022-02-08 14:30:40,997 [9c433d8a-234d-492f-a374-35df91077eee@group-BFB3F072E4AD-LeaderElection30] INFO  server.RaftServer$Division (ServerState.java:setLeader(285)) - 9c433d8a-234d-492f-a374-35df91077eee@group-BFB3F072E4AD: change Leader from null to 9c433d8a-234d-492f-a374-35df91077eee at term 3 for becomeLeader, leader elected after 15379ms
2022-02-08 14:30:40,997 [9c433d8a-234d-492f-a374-35df91077eee@group-BFB3F072E4AD-LeaderElection30] INFO  server.RaftServerConfigKeys (ConfUtils.java:logGet(44)) - raft.server.staging.catchup.gap = 1000 (default)
2022-02-08 14:30:40,998 [EventQueue-PipelineReportForPipelineReportHandler] INFO  pipeline.PipelineManagerImpl (PipelineManagerImpl.java:openPipeline(291)) - Pipeline Pipeline[ Id: 504b4b76-6570-4a93-bdf0-bfb3f072e4ad, Nodes: 4a6a0aaf-aa28-4f33-a09c-5a4e665a2556{ip: 127.0.0.1, host: localhost, ports: [REPLICATION=40395, RATIS=39435, RATIS_ADMIN=39435, RATIS_SERVER=39435, STANDALONE=35809], networkLocation: /default-rack, certSerialId: null, persistedOpState: IN_SERVICE, persistedOpStateExpiryEpochSec: 0}9c433d8a-234d-492f-a374-35df91077eee{ip: 127.0.0.1, host: localhost, ports: [REPLICATION=41719, RATIS=41109, RATIS_ADMIN=41109, RATIS_SERVER=41109, STANDALONE=38329], networkLocation: /default-rack, certSerialId: null, persistedOpState: IN_SERVICE, persistedOpStateExpiryEpochSec: 0}44736ceb-ad1e-44d8-8a85-1de4ce4d0fde{ip: 127.0.0.1, host: localhost, ports: [REPLICATION=43635, RATIS=34931, RATIS_ADMIN=34931, RATIS_SERVER=34931, STANDALONE=32863], networkLocation: /default-rack, certSerialId: null, persistedOpState: IN_SERVICE, persistedOpStateExpiryEpochSec: 0}, ReplicationConfig: RATIS/THREE, State:ALLOCATED, leaderId:9c433d8a-234d-492f-a374-35df91077eee, CreationTimestamp2022-02-08T14:30:23.041Z[Etc/UTC]] moved to OPEN state
2022-02-08 14:30:40,999 [44736ceb-ad1e-44d8-8a85-1de4ce4d0fde@group-BFB3F072E4AD-FollowerState] INFO  impl.FollowerState (FollowerState.java:run(134)) - 44736ceb-ad1e-44d8-8a85-1de4ce4d0fde@group-BFB3F072E4AD-FollowerState: change to CANDIDATE, lastRpcElapsedTime:5166296108ns, electionTimeout:5159ms
2022-02-08 14:30:40,999 [44736ceb-ad1e-44d8-8a85-1de4ce4d0fde@group-BFB3F072E4AD-FollowerState] INFO  impl.RoleInfo (RoleInfo.java:shutdownFollowerState(108)) - 44736ceb-ad1e-44d8-8a85-1de4ce4d0fde: shutdown 44736ceb-ad1e-44d8-8a85-1de4ce4d0fde@group-BFB3F072E4AD-FollowerState
2022-02-08 14:30:40,999 [44736ceb-ad1e-44d8-8a85-1de4ce4d0fde@group-BFB3F072E4AD-FollowerState] INFO  server.RaftServer$Division (RaftServerImpl.java:setRole(290)) - 44736ceb-ad1e-44d8-8a85-1de4ce4d0fde@group-BFB3F072E4AD: changes role from  FOLLOWER to CANDIDATE at term 2 for changeToCandidate
2022-02-08 14:30:40,999 [EventQueue-OpenPipelineForHealthyPipelineSafeModeRule] INFO  safemode.SCMSafeModeManager (HealthyPipelineSafeModeRule.java:process(124)) - SCM in safe mode. Healthy pipelines reported count is 0, required healthy pipeline reported count is 1
2022-02-08 14:30:40,999 [EventQueue-OpenPipelineForHealthyPipelineSafeModeRule] INFO  safemode.SCMSafeModeManager (HealthyPipelineSafeModeRule.java:process(124)) - SCM in safe mode. Healthy pipelines reported count is 1, required healthy pipeline reported count is 1
2022-02-08 14:30:40,999 [EventQueue-OpenPipelineForHealthyPipelineSafeModeRule] INFO  safemode.SCMSafeModeManager (SCMSafeModeManager.java:validateSafeModeExitRules(204)) - HealthyPipelineSafeModeRule rule is successfully validated
2022-02-08 14:30:40,999 [EventQueue-OpenPipelineForHealthyPipelineSafeModeRule] INFO  safemode.SCMSafeModeManager (SCMSafeModeManager.java:validateSafeModeExitRules(219)) - ScmSafeModeManager, all rules are successfully validated
2022-02-08 14:30:40,999 [EventQueue-OpenPipelineForHealthyPipelineSafeModeRule] INFO  safemode.SCMSafeModeManager (SCMSafeModeManager.java:exitSafeMode(248)) - SCM exiting safe mode.
2022-02-08 14:30:40,999 [EventQueue-OpenPipelineForHealthyPipelineSafeModeRule] WARN  events.EventQueue (EventQueue.java:fireEvent(194)) - No event handler registered for event TypedEvent{payloadType=SafeModeStatus, name='Safe mode status'}
2022-02-08 14:30:40,999 [EventQueue-OpenPipelineForHealthyPipelineSafeModeRule] INFO  ha.SCMContext (SCMContext.java:updateSafeModeStatus(211)) - Update SafeModeStatus from SafeModeStatus{safeModeStatus=true, preCheckPassed=true} to SafeModeStatus{safeModeStatus=false, preCheckPassed=true}.
2022-02-08 14:30:41,000 [9c433d8a-234d-492f-a374-35df91077eee@group-BFB3F072E4AD-LeaderElection30] INFO  server.RaftServerConfigKeys (ConfUtils.java:logGet(44)) - raft.server.write.element-limit = 1024 (custom)
2022-02-08 14:30:41,000 [9c433d8a-234d-492f-a374-35df91077eee@group-BFB3F072E4AD-LeaderElection30] INFO  server.RaftServerConfigKeys (ConfUtils.java:logGet(44)) - raft.server.write.byte-limit = 1024 M (=1073741824) (custom)
2022-02-08 14:30:41,000 [9c433d8a-234d-492f-a374-35df91077eee@group-BFB3F072E4AD-LeaderElection30] INFO  server.RaftServerConfigKeys (ConfUtils.java:logGet(44)) - raft.server.watch.timeout = 180s (custom)
2022-02-08 14:30:41,000 [9c433d8a-234d-492f-a374-35df91077eee@group-BFB3F072E4AD-LeaderElection30] INFO  server.RaftServerConfigKeys (ConfUtils.java:logGet(44)) - raft.server.watch.timeout.denomination = 1s (default)
2022-02-08 14:30:41,000 [9c433d8a-234d-492f-a374-35df91077eee@group-BFB3F072E4AD-LeaderElection30] INFO  server.RaftServerConfigKeys (ConfUtils.java:logGet(44)) - raft.server.watch.element-limit = 65536 (default)
2022-02-08 14:30:41,000 [9c433d8a-234d-492f-a374-35df91077eee@group-BFB3F072E4AD-LeaderElection30] INFO  server.RaftServerConfigKeys (ConfUtils.java:logGet(44)) - raft.server.write.element-limit = 1024 (custom)
2022-02-08 14:30:41,000 [9c433d8a-234d-492f-a374-35df91077eee@group-BFB3F072E4AD-LeaderElection30] INFO  server.RaftServerConfigKeys (ConfUtils.java:logGet(44)) - raft.server.write.follower.gap.ratio.max = -1.0 (default)
2022-02-08 14:30:41,000 [9c433d8a-234d-492f-a374-35df91077eee@group-BFB3F072E4AD-LeaderElection30] INFO  server.RaftServerConfigKeys (ConfUtils.java:logGet(44)) - raft.server.log.appender.snapshot.chunk.size.max = 16MB (=16777216) (default)
2022-02-08 14:30:41,000 [9c433d8a-234d-492f-a374-35df91077eee@group-BFB3F072E4AD-LeaderElection30] INFO  server.RaftServerConfigKeys (ConfUtils.java:logGet(44)) - raft.server.log.appender.buffer.byte-limit = 33554432 (custom)
2022-02-08 14:30:41,000 [9c433d8a-234d-492f-a374-35df91077eee@group-BFB3F072E4AD-LeaderElection30] INFO  server.RaftServerConfigKeys (ConfUtils.java:logGet(44)) - raft.server.log.appender.buffer.element-limit = 1 (custom)
2022-02-08 14:30:41,000 [EventQueue-PipelineReportForPipelineReportHandler] INFO  pipeline.PipelineManagerImpl (PipelineManagerImpl.java:openPipeline(291)) - Pipeline Pipeline[ Id: 504b4b76-6570-4a93-bdf0-bfb3f072e4ad, Nodes: 4a6a0aaf-aa28-4f33-a09c-5a4e665a2556{ip: 127.0.0.1, host: localhost, ports: [REPLICATION=40395, RATIS=39435, RATIS_ADMIN=39435, RATIS_SERVER=39435, STANDALONE=35809], networkLocation: /default-rack, certSerialId: null, persistedOpState: IN_SERVICE, persistedOpStateExpiryEpochSec: 0}9c433d8a-234d-492f-a374-35df91077eee{ip: 127.0.0.1, host: localhost, ports: [REPLICATION=41719, RATIS=41109, RATIS_ADMIN=41109, RATIS_SERVER=41109, STANDALONE=38329], networkLocation: /default-rack, certSerialId: null, persistedOpState: IN_SERVICE, persistedOpStateExpiryEpochSec: 0}44736ceb-ad1e-44d8-8a85-1de4ce4d0fde{ip: 127.0.0.1, host: localhost, ports: [REPLICATION=43635, RATIS=34931, RATIS_ADMIN=34931, RATIS_SERVER=34931, STANDALONE=32863], networkLocation: /default-rack, certSerialId: null, persistedOpState: IN_SERVICE, persistedOpStateExpiryEpochSec: 0}, ReplicationConfig: RATIS/THREE, State:ALLOCATED, leaderId:9c433d8a-234d-492f-a374-35df91077eee, CreationTimestamp2022-02-08T14:30:23.041Z[Etc/UTC]] moved to OPEN state
2022-02-08 14:30:41,002 [IPC Server handler 15 on default port 41469] INFO  net.NetworkTopologyImpl (NetworkTopologyImpl.java:add(112)) - Added a new node: /default-rack/9c433d8a-234d-492f-a374-35df91077eee
2022-02-08 14:30:41,002 [IPC Server handler 15 on default port 41469] INFO  node.SCMNodeManager (SCMNodeManager.java:register(389)) - Registered Data node : 9c433d8a-234d-492f-a374-35df91077eee{ip: 127.0.0.1, host: localhost, ports: [REPLICATION=41719, RATIS=41109, RATIS_ADMIN=41109, RATIS_SERVER=41109, STANDALONE=38329], networkLocation: /default-rack, certSerialId: null, persistedOpState: null, persistedOpStateExpiryEpochSec: 0}
2022-02-08 14:30:41,000 [9c433d8a-234d-492f-a374-35df91077eee@group-BFB3F072E4AD-LeaderElection30] INFO  grpc.GrpcConfigKeys (ConfUtils.java:logGet(44)) - raft.grpc.server.leader.outstanding.appends.max = 128 (default)
2022-02-08 14:30:41,003 [9c433d8a-234d-492f-a374-35df91077eee@group-BFB3F072E4AD-LeaderElection30] INFO  server.RaftServerConfigKeys (ConfUtils.java:logGet(44)) - raft.server.rpc.request.timeout = 60s (custom)
2022-02-08 14:30:41,003 [9c433d8a-234d-492f-a374-35df91077eee@group-BFB3F072E4AD-LeaderElection30] INFO  server.RaftServerConfigKeys (ConfUtils.java:logGet(44)) - raft.server.log.appender.install.snapshot.enabled = false (custom)
2022-02-08 14:30:41,004 [9c433d8a-234d-492f-a374-35df91077eee@group-BFB3F072E4AD-LeaderElection30] INFO  server.RaftServerConfigKeys (ConfUtils.java:logGet(44)) - raft.server.log.appender.snapshot.chunk.size.max = 16MB (=16777216) (default)
2022-02-08 14:30:41,004 [9c433d8a-234d-492f-a374-35df91077eee@group-BFB3F072E4AD-LeaderElection30] INFO  server.RaftServerConfigKeys (ConfUtils.java:logGet(44)) - raft.server.log.appender.buffer.byte-limit = 33554432 (custom)
2022-02-08 14:30:41,004 [9c433d8a-234d-492f-a374-35df91077eee@group-BFB3F072E4AD-LeaderElection30] INFO  server.RaftServerConfigKeys (ConfUtils.java:logGet(44)) - raft.server.log.appender.buffer.element-limit = 1 (custom)
2022-02-08 14:30:41,014 [44736ceb-ad1e-44d8-8a85-1de4ce4d0fde@group-BFB3F072E4AD-FollowerState] INFO  server.RaftServerConfigKeys (ConfUtils.java:logGet(44)) - raft.server.leaderelection.pre-vote = false (custom)
2022-02-08 14:30:41,014 [44736ceb-ad1e-44d8-8a85-1de4ce4d0fde@group-BFB3F072E4AD-FollowerState] INFO  impl.RoleInfo (RoleInfo.java:updateAndGet(130)) - 44736ceb-ad1e-44d8-8a85-1de4ce4d0fde: start 44736ceb-ad1e-44d8-8a85-1de4ce4d0fde@group-BFB3F072E4AD-LeaderElection31
2022-02-08 14:30:41,018 [44736ceb-ad1e-44d8-8a85-1de4ce4d0fde@group-BFB3F072E4AD-LeaderElection31] INFO  impl.LeaderElection (LeaderElection.java:askForVotes(306)) - 44736ceb-ad1e-44d8-8a85-1de4ce4d0fde@group-BFB3F072E4AD-LeaderElection31 ELECTION round 0: submit vote requests at term 3 for -1: [9c433d8a-234d-492f-a374-35df91077eee|rpc:127.0.0.1:41109|priority:1, 4a6a0aaf-aa28-4f33-a09c-5a4e665a2556|rpc:127.0.0.1:39435|priority:0, 44736ceb-ad1e-44d8-8a85-1de4ce4d0fde|rpc:127.0.0.1:34931|priority:0], old=null
2022-02-08 14:30:41,020 [31c7f53c-68d3-4e4f-bab9-a4f3f7bb41e9@group-FC99C0F819FC-StateMachineUpdater] ERROR impl.StateMachineUpdater (StateMachineUpdater.java:run(191)) - 31c7f53c-68d3-4e4f-bab9-a4f3f7bb41e9@group-FC99C0F819FC-StateMachineUpdater caught a Throwable.
java.lang.IllegalStateException: 31c7f53c-68d3-4e4f-bab9-a4f3f7bb41e9: Failed updateLastAppliedTermIndex: newTI = (t:2, i:28) < oldTI = (t:2, i:128)
	at org.apache.ratis.util.Preconditions.assertTrue(Preconditions.java:72)
	at org.apache.ratis.statemachine.impl.BaseStateMachine.updateLastAppliedTermIndex(BaseStateMachine.java:142)
	at org.apache.hadoop.hdds.scm.ha.SCMStateMachine.notifyTermIndexUpdated(SCMStateMachine.java:310)
	at org.apache.ratis.server.impl.RaftServerImpl.applyLogToStateMachine(RaftServerImpl.java:1701)
	at org.apache.ratis.server.impl.StateMachineUpdater.applyLog(StateMachineUpdater.java:234)
	at org.apache.ratis.server.impl.StateMachineUpdater.run(StateMachineUpdater.java:179)
	at java.lang.Thread.run(Thread.java:748)
2022-02-08 14:30:41,021 [31c7f53c-68d3-4e4f-bab9-a4f3f7bb41e9@group-FC99C0F819FC-StateMachineUpdater] INFO  server.RaftServer$Division (RaftServerImpl.java:lambda$close$4(412)) - 31c7f53c-68d3-4e4f-bab9-a4f3f7bb41e9@group-FC99C0F819FC: shutdown
2022-02-08 14:30:41,021 [31c7f53c-68d3-4e4f-bab9-a4f3f7bb41e9@group-FC99C0F819FC-StateMachineUpdater] INFO  util.JmxRegister (JmxRegister.java:unregister(73)) - Successfully un-registered JMX Bean with object name Ratis:service=RaftServer,group=group-FC99C0F819FC,id=31c7f53c-68d3-4e4f-bab9-a4f3f7bb41e9
2022-02-08 14:30:41,021 [31c7f53c-68d3-4e4f-bab9-a4f3f7bb41e9@group-FC99C0F819FC-StateMachineUpdater] INFO  impl.RoleInfo (RoleInfo.java:shutdownFollowerState(108)) - 31c7f53c-68d3-4e4f-bab9-a4f3f7bb41e9: shutdown 31c7f53c-68d3-4e4f-bab9-a4f3f7bb41e9@group-FC99C0F819FC-FollowerState
2022-02-08 14:30:41,022 [9c433d8a-234d-492f-a374-35df91077eee@group-BFB3F072E4AD-LeaderElection30] INFO  grpc.GrpcConfigKeys (ConfUtils.java:logGet(44)) - raft.grpc.server.leader.outstanding.appends.max = 128 (default)
2022-02-08 14:30:41,041 [9c433d8a-234d-492f-a374-35df91077eee@group-BFB3F072E4AD-LeaderElection30] INFO  server.RaftServerConfigKeys (ConfUtils.java:logGet(44)) - raft.server.rpc.request.timeout = 60s (custom)
2022-02-08 14:30:41,041 [9c433d8a-234d-492f-a374-35df91077eee@group-BFB3F072E4AD-LeaderElection30] INFO  server.RaftServerConfigKeys (ConfUtils.java:logGet(44)) - raft.server.log.appender.install.snapshot.enabled = false (custom)
2022-02-08 14:30:41,041 [9c433d8a-234d-492f-a374-35df91077eee@group-BFB3F072E4AD-LeaderElection30] INFO  impl.RoleInfo (RoleInfo.java:updateAndGet(130)) - 9c433d8a-234d-492f-a374-35df91077eee: start 9c433d8a-234d-492f-a374-35df91077eee@group-BFB3F072E4AD-LeaderStateImpl
2022-02-08 14:30:41,032 [EventQueue-NewNodeForNewNodeHandler] INFO  pipeline.BackgroundPipelineCreator (BackgroundPipelineCreator.java:notifyEventTriggered(279)) - ignore, not leader SCM.
2022-02-08 14:30:41,041 [9c433d8a-234d-492f-a374-35df91077eee@group-BFB3F072E4AD-LeaderElection30] INFO  segmented.SegmentedRaftLogWorker (SegmentedRaftLogWorker.java:startLogSegment(394)) - 9c433d8a-234d-492f-a374-35df91077eee@group-BFB3F072E4AD-SegmentedRaftLogWorker: Starting segment from index:0
2022-02-08 14:30:41,032 [grpc-default-executor-0] INFO  server.RaftServer$Division (RaftServerImpl.java:requestVote(1046)) - 9c433d8a-234d-492f-a374-35df91077eee@group-BFB3F072E4AD: receive requestVote(ELECTION, 44736ceb-ad1e-44d8-8a85-1de4ce4d0fde, group-BFB3F072E4AD, 3, (t:0, i:0))
2022-02-08 14:30:41,032 [grpc-default-executor-2] INFO  server.RaftServer$Division (RaftServerImpl.java:requestVote(1046)) - 44736ceb-ad1e-44d8-8a85-1de4ce4d0fde@group-BFB3F072E4AD: receive requestVote(ELECTION, 9c433d8a-234d-492f-a374-35df91077eee, group-BFB3F072E4AD, 3, (t:0, i:0))
2022-02-08 14:30:41,042 [grpc-default-executor-2] INFO  impl.VoteContext (VoteContext.java:log(48)) - 44736ceb-ad1e-44d8-8a85-1de4ce4d0fde@group-BFB3F072E4AD-CANDIDATE: reject ELECTION from 9c433d8a-234d-492f-a374-35df91077eee: already has voted for 44736ceb-ad1e-44d8-8a85-1de4ce4d0fde at current term 3
2022-02-08 14:30:41,043 [grpc-default-executor-2] INFO  server.RaftServer$Division (RaftServerImpl.java:requestVote(1078)) - 44736ceb-ad1e-44d8-8a85-1de4ce4d0fde@group-BFB3F072E4AD replies to ELECTION vote request: 9c433d8a-234d-492f-a374-35df91077eee<-44736ceb-ad1e-44d8-8a85-1de4ce4d0fde#0:FAIL-t3. Peer's state: 44736ceb-ad1e-44d8-8a85-1de4ce4d0fde@group-BFB3F072E4AD:t3, leader=null, voted=44736ceb-ad1e-44d8-8a85-1de4ce4d0fde, raftlog=44736ceb-ad1e-44d8-8a85-1de4ce4d0fde@group-BFB3F072E4AD-SegmentedRaftLog:OPENED:c-1, conf=-1: [9c433d8a-234d-492f-a374-35df91077eee|rpc:127.0.0.1:41109|priority:1, 4a6a0aaf-aa28-4f33-a09c-5a4e665a2556|rpc:127.0.0.1:39435|priority:0, 44736ceb-ad1e-44d8-8a85-1de4ce4d0fde|rpc:127.0.0.1:34931|priority:0], old=null
2022-02-08 14:30:41,043 [9c433d8a-234d-492f-a374-35df91077eee@group-BFB3F072E4AD-SegmentedRaftLogWorker] INFO  segmented.SegmentedRaftLogWorker (SegmentedRaftLogWorker.java:execute(601)) - 9c433d8a-234d-492f-a374-35df91077eee@group-BFB3F072E4AD-SegmentedRaftLogWorker: created new log segment /home/runner/work/ozone/ozone/hadoop-ozone/integration-test/target/test-dir/MiniOzoneClusterImpl-be5678e2-4507-4d84-8cb9-fc99c0f819fc/datanode-2/data/ratis/504b4b76-6570-4a93-bdf0-bfb3f072e4ad/current/log_inprogress_0
2022-02-08 14:30:41,044 [7a675d49-8bf4-44ad-b841-6def84288824@group-FC99C0F819FC-StateMachineUpdater] INFO  ha.SCMStateMachine (SCMStateMachine.java:takeSnapshot(297)) - Current Snapshot Index 29, takeSnapshot took 22 ms
2022-02-08 14:30:41,044 [7a675d49-8bf4-44ad-b841-6def84288824@group-FC99C0F819FC-StateMachineUpdater] INFO  impl.StateMachineUpdater (StateMachineUpdater.java:takeSnapshot(281)) - 7a675d49-8bf4-44ad-b841-6def84288824@group-FC99C0F819FC-StateMachineUpdater: Took a snapshot at index 29
2022-02-08 14:30:41,044 [7a675d49-8bf4-44ad-b841-6def84288824@group-FC99C0F819FC-StateMachineUpdater] INFO  impl.StateMachineUpdater (StateMachineUpdater.java:lambda$new$0(89)) - 7a675d49-8bf4-44ad-b841-6def84288824@group-FC99C0F819FC-StateMachineUpdater: snapshotIndex: updateIncreasingly 24 -> 29
2022-02-08 14:30:41,044 [7a675d49-8bf4-44ad-b841-6def84288824@group-FC99C0F819FC-StateMachineUpdater] INFO  raftlog.RaftLog (RaftLogBase.java:purge(306)) - 7a675d49-8bf4-44ad-b841-6def84288824@group-FC99C0F819FC-SegmentedRaftLog: purge 29
2022-02-08 14:30:41,045 [7a675d49-8bf4-44ad-b841-6def84288824@group-FC99C0F819FC-StateMachineUpdater] INFO  raftlog.RaftLog (RaftLogBase.java:lambda$new$0(53)) - 7a675d49-8bf4-44ad-b841-6def84288824@group-FC99C0F819FC-SegmentedRaftLog: snapshotIndex: updateIncreasingly 24 -> 29
2022-02-08 14:30:41,045 [7a675d49-8bf4-44ad-b841-6def84288824@group-FC99C0F819FC-StateMachineUpdater] INFO  raftlog.RaftLog (RaftLogBase.java:lambda$new$0(53)) - 7a675d49-8bf4-44ad-b841-6def84288824@group-FC99C0F819FC-SegmentedRaftLog: purgeIndex: updateToMax old=24, new=29, updated? true
2022-02-08 14:30:41,046 [Listener at 127.0.0.1/38815] INFO  ha.SCMHAManagerImpl (SCMHAManagerImpl.java:installCheckpoint(228)) - Installing checkpoint with SCMTransactionInfo 2#24
2022-02-08 14:30:41,046 [Listener at 127.0.0.1/38815] WARN  ha.SCMHAManagerImpl (SCMHAManagerImpl.java:installCheckpoint(241)) - Cannot proceed with InstallSnapshot as SCM is at TermIndex (t:2, i:28) and checkpoint has lower TermIndex (t:2, i:24). Reloading old state of SCM.
2022-02-08 14:30:41,047 [31c7f53c-68d3-4e4f-bab9-a4f3f7bb41e9@group-FC99C0F819FC-FollowerState] INFO  impl.FollowerState (FollowerState.java:run(143)) - 31c7f53c-68d3-4e4f-bab9-a4f3f7bb41e9@group-FC99C0F819FC-FollowerState was interrupted: {}
java.lang.InterruptedException: sleep interrupted
	at java.lang.Thread.sleep(Native Method)
	at java.lang.Thread.sleep(Thread.java:340)
	at java.util.concurrent.TimeUnit.sleep(TimeUnit.java:386)
	at org.apache.ratis.util.TimeDuration.sleep(TimeDuration.java:324)
	at org.apache.ratis.util.TimeDuration.sleep(TimeDuration.java:309)
	at org.apache.ratis.server.impl.FollowerState.run(FollowerState.java:118)
2022-02-08 14:30:41,047 [19a54928-8125-4c35-a03e-a210dfc90c30@group-FC99C0F819FC-StateMachineUpdater] INFO  ha.SCMStateMachine (SCMStateMachine.java:takeSnapshot(297)) - Current Snapshot Index 28, takeSnapshot took 0 ms
2022-02-08 14:30:41,047 [19a54928-8125-4c35-a03e-a210dfc90c30@group-FC99C0F819FC-StateMachineUpdater] INFO  impl.StateMachineUpdater (StateMachineUpdater.java:takeSnapshot(281)) - 19a54928-8125-4c35-a03e-a210dfc90c30@group-FC99C0F819FC-StateMachineUpdater: Took a snapshot at index 28
2022-02-08 14:30:41,047 [19a54928-8125-4c35-a03e-a210dfc90c30@group-FC99C0F819FC-StateMachineUpdater] INFO  impl.StateMachineUpdater (StateMachineUpdater.java:lambda$new$0(89)) - 19a54928-8125-4c35-a03e-a210dfc90c30@group-FC99C0F819FC-StateMachineUpdater: snapshotIndex: updateIncreasingly 23 -> 28
2022-02-08 14:30:41,047 [31c7f53c-68d3-4e4f-bab9-a4f3f7bb41e9@group-FC99C0F819FC-StateMachineUpdater] INFO  server.RaftServer$Division (ServerState.java:close(419)) - 31c7f53c-68d3-4e4f-bab9-a4f3f7bb41e9@group-FC99C0F819FC: closes. applyIndex: 28
2022-02-08 14:30:41,048 [19a54928-8125-4c35-a03e-a210dfc90c30@group-FC99C0F819FC-StateMachineUpdater] INFO  raftlog.RaftLog (RaftLogBase.java:purge(306)) - 19a54928-8125-4c35-a03e-a210dfc90c30@group-FC99C0F819FC-SegmentedRaftLog: purge 28
2022-02-08 14:30:41,055 [19a54928-8125-4c35-a03e-a210dfc90c30@group-FC99C0F819FC-StateMachineUpdater] INFO  raftlog.RaftLog (RaftLogBase.java:lambda$new$0(53)) - 19a54928-8125-4c35-a03e-a210dfc90c30@group-FC99C0F819FC-SegmentedRaftLog: snapshotIndex: updateIncreasingly 23 -> 28
2022-02-08 14:30:41,055 [19a54928-8125-4c35-a03e-a210dfc90c30@group-FC99C0F819FC-StateMachineUpdater] INFO  raftlog.RaftLog (RaftLogBase.java:lambda$new$0(53)) - 19a54928-8125-4c35-a03e-a210dfc90c30@group-FC99C0F819FC-SegmentedRaftLog: purgeIndex: updateToMax old=23, new=28, updated? true
2022-02-08 14:30:41,053 [9c433d8a-234d-492f-a374-35df91077eee@group-BFB3F072E4AD-LeaderElection30] INFO  server.RaftServer$Division (ServerState.java:setRaftConf(387)) - 9c433d8a-234d-492f-a374-35df91077eee@group-BFB3F072E4AD: set configuration 0: [9c433d8a-234d-492f-a374-35df91077eee|rpc:127.0.0.1:41109|dataStream:|priority:1, 4a6a0aaf-aa28-4f33-a09c-5a4e665a2556|rpc:127.0.0.1:39435|dataStream:|priority:0, 44736ceb-ad1e-44d8-8a85-1de4ce4d0fde|rpc:127.0.0.1:34931|dataStream:|priority:0], old=null
2022-02-08 14:30:41,049 [grpc-default-executor-1] INFO  server.RaftServer$Division (RaftServerImpl.java:requestVote(1046)) - 4a6a0aaf-aa28-4f33-a09c-5a4e665a2556@group-BFB3F072E4AD: receive requestVote(ELECTION, 44736ceb-ad1e-44d8-8a85-1de4ce4d0fde, group-BFB3F072E4AD, 3, (t:0, i:0))
2022-02-08 14:30:41,055 [grpc-default-executor-1] INFO  impl.VoteContext (VoteContext.java:log(48)) - 4a6a0aaf-aa28-4f33-a09c-5a4e665a2556@group-BFB3F072E4AD-FOLLOWER: reject ELECTION from 44736ceb-ad1e-44d8-8a85-1de4ce4d0fde: already has voted for 9c433d8a-234d-492f-a374-35df91077eee at current term 3
2022-02-08 14:30:41,055 [grpc-default-executor-1] INFO  server.RaftServer$Division (RaftServerImpl.java:requestVote(1078)) - 4a6a0aaf-aa28-4f33-a09c-5a4e665a2556@group-BFB3F072E4AD replies to ELECTION vote request: 44736ceb-ad1e-44d8-8a85-1de4ce4d0fde<-4a6a0aaf-aa28-4f33-a09c-5a4e665a2556#0:FAIL-t3. Peer's state: 4a6a0aaf-aa28-4f33-a09c-5a4e665a2556@group-BFB3F072E4AD:t3, leader=null, voted=9c433d8a-234d-492f-a374-35df91077eee, raftlog=4a6a0aaf-aa28-4f33-a09c-5a4e665a2556@group-BFB3F072E4AD-SegmentedRaftLog:OPENED:c-1, conf=-1: [9c433d8a-234d-492f-a374-35df91077eee|rpc:127.0.0.1:41109|dataStream:|priority:1, 4a6a0aaf-aa28-4f33-a09c-5a4e665a2556|rpc:127.0.0.1:39435|dataStream:|priority:0, 44736ceb-ad1e-44d8-8a85-1de4ce4d0fde|rpc:127.0.0.1:34931|dataStream:|priority:0], old=null
2022-02-08 14:30:41,058 [Listener at 127.0.0.1/38815] INFO  ozone.MiniOzoneClusterImpl (MiniOzoneClusterImpl.java:shutdown(437)) - Shutting down the Mini Ozone Cluster
2022-02-08 14:30:41,059 [Listener at 127.0.0.1/38815] INFO  ozone.MiniOzoneHAClusterImpl (MiniOzoneHAClusterImpl.java:stop(308)) - Stopping the OzoneManager omNode-1
2022-02-08 14:30:41,059 [Listener at 127.0.0.1/38815] INFO  om.OzoneManager (OzoneManager.java:stop(1893)) - omNode-1[localhost:38815]: Stopping Ozone Manager
2022-02-08 14:30:41,059 [Listener at 127.0.0.1/38815] INFO  ipc.Server (Server.java:stop(3414)) - Stopping server on 38815
2022-02-08 14:30:41,073 [31c7f53c-68d3-4e4f-bab9-a4f3f7bb41e9@group-FC99C0F819FC-SegmentedRaftLogWorker] INFO  segmented.SegmentedRaftLogWorker (SegmentedRaftLogWorker.java:run(327)) - 31c7f53c-68d3-4e4f-bab9-a4f3f7bb41e9@group-FC99C0F819FC-SegmentedRaftLogWorker was interrupted, exiting. There are 0 tasks remaining in the queue.
2022-02-08 14:30:41,082 [grpc-default-executor-0] INFO  impl.VoteContext (VoteContext.java:log(48)) - 9c433d8a-234d-492f-a374-35df91077eee@group-BFB3F072E4AD-LEADER: reject ELECTION from 44736ceb-ad1e-44d8-8a85-1de4ce4d0fde: already has voted for 9c433d8a-234d-492f-a374-35df91077eee at current term 3
2022-02-08 14:30:41,082 [grpc-default-executor-0] INFO  server.RaftServer$Division (RaftServerImpl.java:requestVote(1078)) - 9c433d8a-234d-492f-a374-35df91077eee@group-BFB3F072E4AD replies to ELECTION vote request: 44736ceb-ad1e-44d8-8a85-1de4ce4d0fde<-9c433d8a-234d-492f-a374-35df91077eee#0:FAIL-t3. Peer's state: 9c433d8a-234d-492f-a374-35df91077eee@group-BFB3F072E4AD:t3, leader=9c433d8a-234d-492f-a374-35df91077eee, voted=9c433d8a-234d-492f-a374-35df91077eee, raftlog=9c433d8a-234d-492f-a374-35df91077eee@group-BFB3F072E4AD-SegmentedRaftLog:OPENED:c0, conf=0: [9c433d8a-234d-492f-a374-35df91077eee|rpc:127.0.0.1:41109|dataStream:|priority:1, 4a6a0aaf-aa28-4f33-a09c-5a4e665a2556|rpc:127.0.0.1:39435|dataStream:|priority:0, 44736ceb-ad1e-44d8-8a85-1de4ce4d0fde|rpc:127.0.0.1:34931|dataStream:|priority:0], old=null
2022-02-08 14:30:41,089 [31c7f53c-68d3-4e4f-bab9-a4f3f7bb41e9@group-FC99C0F819FC-StateMachineUpdater] INFO  segmented.SegmentedRaftLogWorker (SegmentedRaftLogWorker.java:close(237)) - 31c7f53c-68d3-4e4f-bab9-a4f3f7bb41e9@group-FC99C0F819FC-SegmentedRaftLogWorker close()
2022-02-08 14:30:41,091 [44736ceb-ad1e-44d8-8a85-1de4ce4d0fde@group-BFB3F072E4AD-LeaderElection31] INFO  impl.LeaderElection (LeaderElection.java:logAndReturn(89)) - 44736ceb-ad1e-44d8-8a85-1de4ce4d0fde@group-BFB3F072E4AD-LeaderElection31: ELECTION REJECTED received 2 response(s) and 0 exception(s):
2022-02-08 14:30:41,091 [44736ceb-ad1e-44d8-8a85-1de4ce4d0fde@group-BFB3F072E4AD-LeaderElection31] INFO  impl.LeaderElection (LeaderElection.java:logAndReturn(93)) -   Response 0: 44736ceb-ad1e-44d8-8a85-1de4ce4d0fde<-9c433d8a-234d-492f-a374-35df91077eee#0:FAIL-t3
2022-02-08 14:30:41,091 [44736ceb-ad1e-44d8-8a85-1de4ce4d0fde@group-BFB3F072E4AD-LeaderElection31] INFO  impl.LeaderElection (LeaderElection.java:logAndReturn(93)) -   Response 1: 44736ceb-ad1e-44d8-8a85-1de4ce4d0fde<-4a6a0aaf-aa28-4f33-a09c-5a4e665a2556#0:FAIL-t3
2022-02-08 14:30:41,091 [44736ceb-ad1e-44d8-8a85-1de4ce4d0fde@group-BFB3F072E4AD-LeaderElection31] INFO  impl.LeaderElection (LeaderElection.java:askForVotes(308)) - 44736ceb-ad1e-44d8-8a85-1de4ce4d0fde@group-BFB3F072E4AD-LeaderElection31 ELECTION round 0: result REJECTED
2022-02-08 14:30:41,091 [grpc-default-executor-1] INFO  server.RaftServer$Division (RaftServerImpl.java:setRole(290)) - 44736ceb-ad1e-44d8-8a85-1de4ce4d0fde@group-BFB3F072E4AD: changes role from CANDIDATE to FOLLOWER at term 3 for appendEntries
2022-02-08 14:30:41,091 [grpc-default-executor-1] INFO  impl.RoleInfo (RoleInfo.java:shutdownLeaderElection(121)) - 44736ceb-ad1e-44d8-8a85-1de4ce4d0fde: shutdown 44736ceb-ad1e-44d8-8a85-1de4ce4d0fde@group-BFB3F072E4AD-LeaderElection31
2022-02-08 14:30:41,091 [grpc-default-executor-1] INFO  impl.RoleInfo (RoleInfo.java:updateAndGet(130)) - 44736ceb-ad1e-44d8-8a85-1de4ce4d0fde: start 44736ceb-ad1e-44d8-8a85-1de4ce4d0fde@group-BFB3F072E4AD-FollowerState
2022-02-08 14:30:41,091 [grpc-default-executor-0] INFO  ratis.XceiverServerRatis (XceiverServerRatis.java:handleLeaderChangedNotification(866)) - Leader change notification received for group: group-BFB3F072E4AD with new leaderId: 9c433d8a-234d-492f-a374-35df91077eee
2022-02-08 14:30:41,091 [grpc-default-executor-0] INFO  server.RaftServer$Division (ServerState.java:setLeader(285)) - 4a6a0aaf-aa28-4f33-a09c-5a4e665a2556@group-BFB3F072E4AD: change Leader from null to 9c433d8a-234d-492f-a374-35df91077eee at term 3 for appendEntries, leader elected after 15542ms
2022-02-08 14:30:41,093 [grpc-default-executor-1] INFO  ratis.XceiverServerRatis (XceiverServerRatis.java:handleLeaderChangedNotification(866)) - Leader change notification received for group: group-BFB3F072E4AD with new leaderId: 9c433d8a-234d-492f-a374-35df91077eee
2022-02-08 14:30:41,093 [grpc-default-executor-1] INFO  server.RaftServer$Division (ServerState.java:setLeader(285)) - 44736ceb-ad1e-44d8-8a85-1de4ce4d0fde@group-BFB3F072E4AD: change Leader from null to 9c433d8a-234d-492f-a374-35df91077eee at term 3 for appendEntries, leader elected after 15580ms
2022-02-08 14:30:41,097 [IPC Server listener on 38815] INFO  ipc.Server (Server.java:run(1376)) - Stopping IPC Server listener on 38815
2022-02-08 14:30:41,097 [IPC Server Responder] INFO  ipc.Server (Server.java:run(1512)) - Stopping IPC Server Responder
2022-02-08 14:30:41,098 [grpc-default-executor-0] INFO  server.RaftServer$Division (ServerState.java:setRaftConf(387)) - 4a6a0aaf-aa28-4f33-a09c-5a4e665a2556@group-BFB3F072E4AD: set configuration 0: [9c433d8a-234d-492f-a374-35df91077eee|rpc:127.0.0.1:41109|dataStream:|priority:1, 4a6a0aaf-aa28-4f33-a09c-5a4e665a2556|rpc:127.0.0.1:39435|dataStream:|priority:0, 44736ceb-ad1e-44d8-8a85-1de4ce4d0fde|rpc:127.0.0.1:34931|dataStream:|priority:0], old=null
2022-02-08 14:30:41,098 [grpc-default-executor-0] INFO  segmented.SegmentedRaftLogWorker (SegmentedRaftLogWorker.java:startLogSegment(394)) - 4a6a0aaf-aa28-4f33-a09c-5a4e665a2556@group-BFB3F072E4AD-SegmentedRaftLogWorker: Starting segment from index:0
2022-02-08 14:30:41,099 [Listener at 127.0.0.1/38815] INFO  server.RaftServer (RaftServerProxy.java:lambda$close$6(391)) - omNode-1: close
2022-02-08 14:30:41,099 [Listener at 127.0.0.1/38815] INFO  server.RaftServer$Division (RaftServerImpl.java:lambda$close$4(412)) - omNode-1@group-523986131536: shutdown
2022-02-08 14:30:41,099 [Listener at 127.0.0.1/38815] INFO  util.JmxRegister (JmxRegister.java:unregister(73)) - Successfully un-registered JMX Bean with object name Ratis:service=RaftServer,group=group-523986131536,id=omNode-1
2022-02-08 14:30:41,099 [Listener at 127.0.0.1/38815] INFO  impl.RoleInfo (RoleInfo.java:shutdownLeaderState(91)) - omNode-1: shutdown omNode-1@group-523986131536-LeaderStateImpl
2022-02-08 14:30:41,099 [Listener at 127.0.0.1/38815] INFO  impl.PendingRequests (PendingRequests.java:sendNotLeaderResponses(282)) - omNode-1@group-523986131536-PendingRequests: sendNotLeaderResponses
2022-02-08 14:30:41,100 [Listener at 127.0.0.1/38815] INFO  impl.StateMachineUpdater (StateMachineUpdater.java:stopAndJoin(149)) - omNode-1@group-523986131536-StateMachineUpdater: set stopIndex = 0
2022-02-08 14:30:41,100 [omNode-1@group-523986131536-StateMachineUpdater] INFO  ratis.OzoneManagerStateMachine (OzoneManagerStateMachine.java:takeSnapshot(417)) - Current Snapshot Index (t:1, i:0)
2022-02-08 14:30:41,101 [omNode-1@group-523986131536-StateMachineUpdater] INFO  impl.StateMachineUpdater (StateMachineUpdater.java:takeSnapshot(281)) - omNode-1@group-523986131536-StateMachineUpdater: Took a snapshot at index 0
2022-02-08 14:30:41,101 [omNode-1@group-523986131536-StateMachineUpdater] INFO  impl.StateMachineUpdater (StateMachineUpdater.java:lambda$new$0(89)) - omNode-1@group-523986131536-StateMachineUpdater: snapshotIndex: updateIncreasingly -1 -> 0
2022-02-08 14:30:41,101 [omNode-1@group-523986131536-StateMachineUpdater] INFO  ratis.OzoneManagerStateMachine (OzoneManagerStateMachine.java:close(471)) - StateMachine has shutdown. Shutdown OzoneManager if not already shutdown.
2022-02-08 14:30:41,101 [Listener at 127.0.0.1/38815] INFO  server.RaftServer$Division (ServerState.java:close(419)) - omNode-1@group-523986131536: closes. applyIndex: 0
2022-02-08 14:30:41,101 [omNode-1@group-523986131536-SegmentedRaftLogWorker] INFO  segmented.SegmentedRaftLogWorker (SegmentedRaftLogWorker.java:run(327)) - omNode-1@group-523986131536-SegmentedRaftLogWorker was interrupted, exiting. There are 0 tasks remaining in the queue.
2022-02-08 14:30:41,101 [grpc-default-executor-1] INFO  server.RaftServer$Division (ServerState.java:setRaftConf(387)) - 44736ceb-ad1e-44d8-8a85-1de4ce4d0fde@group-BFB3F072E4AD: set configuration 0: [9c433d8a-234d-492f-a374-35df91077eee|rpc:127.0.0.1:41109|dataStream:|priority:1, 4a6a0aaf-aa28-4f33-a09c-5a4e665a2556|rpc:127.0.0.1:39435|dataStream:|priority:0, 44736ceb-ad1e-44d8-8a85-1de4ce4d0fde|rpc:127.0.0.1:34931|dataStream:|priority:0], old=null
2022-02-08 14:30:41,102 [grpc-default-executor-1] INFO  segmented.SegmentedRaftLogWorker (SegmentedRaftLogWorker.java:startLogSegment(394)) - 44736ceb-ad1e-44d8-8a85-1de4ce4d0fde@group-BFB3F072E4AD-SegmentedRaftLogWorker: Starting segment from index:0
2022-02-08 14:30:41,113 [Listener at 127.0.0.1/38815] INFO  segmented.SegmentedRaftLogWorker (SegmentedRaftLogWorker.java:close(237)) - omNode-1@group-523986131536-SegmentedRaftLogWorker close()
2022-02-08 14:30:41,113 [44736ceb-ad1e-44d8-8a85-1de4ce4d0fde@group-BFB3F072E4AD-SegmentedRaftLogWorker] INFO  segmented.SegmentedRaftLogWorker (SegmentedRaftLogWorker.java:execute(601)) - 44736ceb-ad1e-44d8-8a85-1de4ce4d0fde@group-BFB3F072E4AD-SegmentedRaftLogWorker: created new log segment /home/runner/work/ozone/ozone/hadoop-ozone/integration-test/target/test-dir/MiniOzoneClusterImpl-be5678e2-4507-4d84-8cb9-fc99c0f819fc/datanode-0/data/ratis/504b4b76-6570-4a93-bdf0-bfb3f072e4ad/current/log_inprogress_0
2022-02-08 14:30:41,124 [4a6a0aaf-aa28-4f33-a09c-5a4e665a2556@group-BFB3F072E4AD-SegmentedRaftLogWorker] INFO  segmented.SegmentedRaftLogWorker (SegmentedRaftLogWorker.java:execute(601)) - 4a6a0aaf-aa28-4f33-a09c-5a4e665a2556@group-BFB3F072E4AD-SegmentedRaftLogWorker: created new log segment /home/runner/work/ozone/ozone/hadoop-ozone/integration-test/target/test-dir/MiniOzoneClusterImpl-be5678e2-4507-4d84-8cb9-fc99c0f819fc/datanode-1/data/ratis/504b4b76-6570-4a93-bdf0-bfb3f072e4ad/current/log_inprogress_0
2022-02-08 14:30:41,135 [Listener at 127.0.0.1/38815] INFO  server.GrpcService (GrpcService.java:closeImpl(262)) - omNode-1: shutdown server with port 34717 now
2022-02-08 14:30:41,136 [Listener at 127.0.0.1/38815] INFO  server.GrpcService (GrpcService.java:closeImpl(271)) - omNode-1: shutdown server with port 34717 successfully
2022-02-08 14:30:41,138 [org.apache.ratis.util.JvmPauseMonitor$$Lambda$503/424226973@7c096764] INFO  util.JvmPauseMonitor (JvmPauseMonitor.java:run(109)) - JvmPauseMonitor-omNode-1: Stopped
2022-02-08 14:30:41,138 [Listener at 127.0.0.1/38815] INFO  ratis.OzoneManagerDoubleBuffer (OzoneManagerDoubleBuffer.java:stop(437)) - Stopping OMDoubleBuffer flush thread
2022-02-08 14:30:41,138 [OMDoubleBufferFlushThread] INFO  ratis.OzoneManagerDoubleBuffer (OzoneManagerDoubleBuffer.java:flushTransactions(356)) - OMDoubleBuffer flush thread OMDoubleBufferFlushThread is interrupted and will exit. OMDoubleBufferFlushThread
2022-02-08 14:30:41,138 [Listener at 127.0.0.1/38815] INFO  utils.BackgroundService (BackgroundService.java:shutdown(132)) - Shutting down service KeyDeletingService
2022-02-08 14:30:41,138 [Listener at 127.0.0.1/38815] INFO  utils.BackgroundService (BackgroundService.java:shutdown(132)) - Shutting down service DirectoryDeletingService
2022-02-08 14:30:41,139 [Listener at 127.0.0.1/38815] INFO  handler.ContextHandler (ContextHandler.java:doStop(1153)) - Stopped o.e.j.w.WebAppContext@3ad15e83{ozoneManager,/,null,STOPPED}{file:/home/runner/work/ozone/ozone/hadoop-ozone/integration-test/target/test-classes/webapps/ozoneManager}
2022-02-08 14:30:41,139 [Listener at 127.0.0.1/38815] INFO  server.AbstractConnector (AbstractConnector.java:doStop(381)) - Stopped ServerConnector@79b0128d{HTTP/1.1, (http/1.1)}{0.0.0.0:36839}
2022-02-08 14:30:41,140 [Listener at 127.0.0.1/38815] INFO  server.session (HouseKeeper.java:stopScavenging(149)) - node0 Stopped scavenging
2022-02-08 14:30:41,140 [Listener at 127.0.0.1/38815] INFO  handler.ContextHandler (ContextHandler.java:doStop(1153)) - Stopped o.e.j.s.ServletContextHandler@3ff5b628{static,/static,file:///home/runner/work/ozone/ozone/hadoop-ozone/integration-test/target/test-classes/webapps/static,STOPPED}
2022-02-08 14:30:41,140 [Listener at 127.0.0.1/38815] INFO  handler.ContextHandler (ContextHandler.java:doStop(1153)) - Stopped o.e.j.s.ServletContextHandler@12734eb5{logs,/logs,file:///home/runner/work/ozone/ozone/hadoop-ozone/integration-test/target/log,STOPPED}
2022-02-08 14:30:41,145 [Listener at 127.0.0.1/38815] INFO  ozone.MiniOzoneHAClusterImpl (MiniOzoneHAClusterImpl.java:stop(316)) - Stopping the StorageContainerManager 19a54928-8125-4c35-a03e-a210dfc90c30
2022-02-08 14:30:41,145 [Listener at 127.0.0.1/38815] INFO  server.StorageContainerManager (StorageContainerManager.java:stop(1390)) - Stopping Container Balancer service.
2022-02-08 14:30:41,145 [Listener at 127.0.0.1/38815] INFO  balancer.ContainerBalancer (ContainerBalancer.java:stop(751)) - Container Balancer is not running.
2022-02-08 14:30:41,145 [Listener at 127.0.0.1/38815] INFO  server.StorageContainerManager (StorageContainerManager.java:stop(1397)) - Stopping Replication Manager Service.
2022-02-08 14:30:41,145 [Listener at 127.0.0.1/38815] INFO  container.ReplicationManager (ReplicationManager.java:stop(357)) - Stopping Replication Monitor Thread.
2022-02-08 14:30:41,146 [Listener at 127.0.0.1/38815] INFO  server.StorageContainerManager (StorageContainerManager.java:stop(1404)) - Stopping the Datanode Admin Monitor.
2022-02-08 14:30:41,146 [Listener at 127.0.0.1/38815] INFO  server.StorageContainerManager (StorageContainerManager.java:stop(1411)) - Stopping Lease Manager of the command watchers
2022-02-08 14:30:41,147 [Listener at 127.0.0.1/38815] INFO  server.StorageContainerManager (StorageContainerManager.java:stop(1418)) - Stopping datanode service RPC server
2022-02-08 14:30:41,147 [Listener at 127.0.0.1/38815] INFO  server.SCMDatanodeProtocolServer (SCMDatanodeProtocolServer.java:stop(390)) - Stopping the RPC server for DataNodes
2022-02-08 14:30:41,148 [Listener at 127.0.0.1/38815] INFO  ipc.Server (Server.java:stop(3414)) - Stopping server on 45997
2022-02-08 14:30:41,149 [IPC Server listener on 45997] INFO  ipc.Server (Server.java:run(1376)) - Stopping IPC Server listener on 45997
2022-02-08 14:30:41,151 [IPC Server Responder] INFO  ipc.Server (Server.java:run(1512)) - Stopping IPC Server Responder
2022-02-08 14:30:41,182 [SCM Heartbeat Processing Thread - 0] WARN  node.NodeStateManager (NodeStateManager.java:scheduleNextHealthCheck(799)) - Current Thread is interrupted, shutting down HB processing thread for Node Manager.
2022-02-08 14:30:41,183 [Listener at 127.0.0.1/38815] INFO  server.StorageContainerManager (StorageContainerManager.java:stop(1426)) - Stopping block service RPC server
2022-02-08 14:30:41,183 [Listener at 127.0.0.1/38815] INFO  server.SCMBlockProtocolServer (SCMBlockProtocolServer.java:stop(160)) - Stopping the RPC server for Block Protocol
2022-02-08 14:30:41,183 [Listener at 127.0.0.1/38815] INFO  ipc.Server (Server.java:stop(3414)) - Stopping server on 37139
2022-02-08 14:30:41,186 [IPC Server listener on 37139] INFO  ipc.Server (Server.java:run(1376)) - Stopping IPC Server listener on 37139
2022-02-08 14:30:41,187 [IPC Server Responder] INFO  ipc.Server (Server.java:run(1512)) - Stopping IPC Server Responder
2022-02-08 14:30:41,187 [Listener at 127.0.0.1/38815] INFO  server.StorageContainerManager (StorageContainerManager.java:stop(1433)) - Stopping the StorageContainerLocationProtocol RPC server
2022-02-08 14:30:41,187 [Listener at 127.0.0.1/38815] INFO  server.SCMClientProtocolServer (SCMClientProtocolServer.java:stop(174)) - Stopping the RPC server for Client Protocol
2022-02-08 14:30:41,188 [Listener at 127.0.0.1/38815] INFO  ipc.Server (Server.java:stop(3414)) - Stopping server on 32839
2022-02-08 14:30:41,193 [IPC Server Responder] INFO  ipc.Server (Server.java:run(1512)) - Stopping IPC Server Responder
2022-02-08 14:30:41,193 [Listener at 127.0.0.1/38815] INFO  server.StorageContainerManager (StorageContainerManager.java:stop(1440)) - Stopping Storage Container Manager HTTP server.
2022-02-08 14:30:41,194 [Listener at 127.0.0.1/38815] INFO  handler.ContextHandler (ContextHandler.java:doStop(1153)) - Stopped o.e.j.w.WebAppContext@50233f7d{scm,/,null,STOPPED}{file:/home/runner/work/ozone/ozone/hadoop-ozone/integration-test/target/test-classes/webapps/scm}
2022-02-08 14:30:41,194 [IPC Server listener on 32839] INFO  ipc.Server (Server.java:run(1376)) - Stopping IPC Server listener on 32839
2022-02-08 14:30:41,194 [Listener at 127.0.0.1/38815] INFO  server.AbstractConnector (AbstractConnector.java:doStop(381)) - Stopped ServerConnector@30f13b3a{HTTP/1.1, (http/1.1)}{0.0.0.0:37913}
2022-02-08 14:30:41,195 [Listener at 127.0.0.1/38815] INFO  server.session (HouseKeeper.java:stopScavenging(149)) - node0 Stopped scavenging
2022-02-08 14:30:41,195 [Listener at 127.0.0.1/38815] INFO  handler.ContextHandler (ContextHandler.java:doStop(1153)) - Stopped o.e.j.s.ServletContextHandler@2c0c1730{static,/static,file:///home/runner/work/ozone/ozone/hadoop-ozone/integration-test/target/test-classes/webapps/static,STOPPED}
2022-02-08 14:30:41,195 [Listener at 127.0.0.1/38815] INFO  handler.ContextHandler (ContextHandler.java:doStop(1153)) - Stopped o.e.j.s.ServletContextHandler@321f3b88{logs,/logs,file:///home/runner/work/ozone/ozone/hadoop-ozone/integration-test/target/log,STOPPED}
2022-02-08 14:30:41,196 [Listener at 127.0.0.1/38815] INFO  server.StorageContainerManager (StorageContainerManager.java:stop(1451)) - Stopping Block Manager Service.
2022-02-08 14:30:41,196 [Listener at 127.0.0.1/38815] INFO  utils.BackgroundService (BackgroundService.java:shutdown(132)) - Shutting down service SCMBlockDeletingService
2022-02-08 14:30:41,197 [Listener at 127.0.0.1/38815] INFO  utils.BackgroundService (BackgroundService.java:shutdown(132)) - Shutting down service SCMBlockDeletingService
2022-02-08 14:30:41,197 [Listener at 127.0.0.1/38815] INFO  server.StorageContainerManager (StorageContainerManager.java:stop(1478)) - Stopping SCM Event Queue.
2022-02-08 14:30:41,198 [Listener at 127.0.0.1/38815] INFO  server.StorageContainerManager (StorageContainerManager.java:stop(1489)) - Stopping SCM HA services.
2022-02-08 14:30:41,198 [Listener at 127.0.0.1/38815] INFO  ha.SCMRatisServerImpl (SCMRatisServerImpl.java:stop(236)) - stopping ratis server 0.0.0.0:32921
2022-02-08 14:30:41,198 [Listener at 127.0.0.1/38815] INFO  server.RaftServer (RaftServerProxy.java:lambda$close$6(391)) - 19a54928-8125-4c35-a03e-a210dfc90c30: close
2022-02-08 14:30:41,198 [Listener at 127.0.0.1/38815] INFO  server.RaftServer$Division (RaftServerImpl.java:lambda$close$4(412)) - 19a54928-8125-4c35-a03e-a210dfc90c30@group-FC99C0F819FC: shutdown
2022-02-08 14:30:41,199 [Listener at 127.0.0.1/38815] INFO  util.JmxRegister (JmxRegister.java:unregister(73)) - Successfully un-registered JMX Bean with object name Ratis:service=RaftServer,group=group-FC99C0F819FC,id=19a54928-8125-4c35-a03e-a210dfc90c30
2022-02-08 14:30:41,199 [Listener at 127.0.0.1/38815] INFO  impl.RoleInfo (RoleInfo.java:shutdownFollowerState(108)) - 19a54928-8125-4c35-a03e-a210dfc90c30: shutdown 19a54928-8125-4c35-a03e-a210dfc90c30@group-FC99C0F819FC-FollowerState
2022-02-08 14:30:41,199 [Listener at 127.0.0.1/38815] INFO  impl.StateMachineUpdater (StateMachineUpdater.java:stopAndJoin(149)) - 19a54928-8125-4c35-a03e-a210dfc90c30@group-FC99C0F819FC-StateMachineUpdater: set stopIndex = 29
2022-02-08 14:30:41,199 [19a54928-8125-4c35-a03e-a210dfc90c30@group-FC99C0F819FC-StateMachineUpdater] INFO  ha.SCMStateMachine (SCMStateMachine.java:takeSnapshot(297)) - Current Snapshot Index 29, takeSnapshot took 0 ms
2022-02-08 14:30:41,199 [19a54928-8125-4c35-a03e-a210dfc90c30@group-FC99C0F819FC-StateMachineUpdater] INFO  impl.StateMachineUpdater (StateMachineUpdater.java:takeSnapshot(281)) - 19a54928-8125-4c35-a03e-a210dfc90c30@group-FC99C0F819FC-StateMachineUpdater: Took a snapshot at index 29
2022-02-08 14:30:41,199 [19a54928-8125-4c35-a03e-a210dfc90c30@group-FC99C0F819FC-StateMachineUpdater] INFO  impl.StateMachineUpdater (StateMachineUpdater.java:lambda$new$0(89)) - 19a54928-8125-4c35-a03e-a210dfc90c30@group-FC99C0F819FC-StateMachineUpdater: snapshotIndex: updateIncreasingly 28 -> 29
2022-02-08 14:30:41,199 [Listener at 127.0.0.1/38815] INFO  server.RaftServer$Division (ServerState.java:close(419)) - 19a54928-8125-4c35-a03e-a210dfc90c30@group-FC99C0F819FC: closes. applyIndex: 28
2022-02-08 14:30:41,199 [19a54928-8125-4c35-a03e-a210dfc90c30@group-FC99C0F819FC-SegmentedRaftLogWorker] INFO  segmented.SegmentedRaftLogWorker (SegmentedRaftLogWorker.java:run(327)) - 19a54928-8125-4c35-a03e-a210dfc90c30@group-FC99C0F819FC-SegmentedRaftLogWorker was interrupted, exiting. There are 0 tasks remaining in the queue.
2022-02-08 14:30:41,199 [19a54928-8125-4c35-a03e-a210dfc90c30@group-FC99C0F819FC-FollowerState] INFO  impl.FollowerState (FollowerState.java:run(143)) - 19a54928-8125-4c35-a03e-a210dfc90c30@group-FC99C0F819FC-FollowerState was interrupted: {}
java.lang.InterruptedException: sleep interrupted
	at java.lang.Thread.sleep(Native Method)
	at java.lang.Thread.sleep(Thread.java:340)
	at java.util.concurrent.TimeUnit.sleep(TimeUnit.java:386)
	at org.apache.ratis.util.TimeDuration.sleep(TimeDuration.java:324)
	at org.apache.ratis.util.TimeDuration.sleep(TimeDuration.java:309)
	at org.apache.ratis.server.impl.FollowerState.run(FollowerState.java:118)
2022-02-08 14:30:41,205 [Listener at 127.0.0.1/38815] INFO  segmented.SegmentedRaftLogWorker (SegmentedRaftLogWorker.java:close(237)) - 19a54928-8125-4c35-a03e-a210dfc90c30@group-FC99C0F819FC-SegmentedRaftLogWorker close()
2022-02-08 14:30:41,206 [Listener at 127.0.0.1/38815] INFO  server.GrpcService (GrpcService.java:closeImpl(262)) - 19a54928-8125-4c35-a03e-a210dfc90c30: shutdown server with port 32921 now
2022-02-08 14:30:41,207 [Listener at 127.0.0.1/38815] INFO  server.GrpcService (GrpcService.java:closeImpl(271)) - 19a54928-8125-4c35-a03e-a210dfc90c30: shutdown server with port 32921 successfully
2022-02-08 14:30:41,207 [grpc-default-executor-2] WARN  server.GrpcLogAppender (LogUtils.java:warn(122)) - 7a675d49-8bf4-44ad-b841-6def84288824@group-FC99C0F819FC->19a54928-8125-4c35-a03e-a210dfc90c30-AppendLogResponseHandler: Failed appendEntries: org.apache.ratis.thirdparty.io.grpc.StatusRuntimeException: CANCELLED: HTTP/2 error code: CANCEL
Received Rst Stream
2022-02-08 14:30:41,208 [grpc-default-executor-0] WARN  server.GrpcServerProtocolService (LogUtils.java:warn(122)) - 19a54928-8125-4c35-a03e-a210dfc90c30: installSnapshot onError, lastRequest: 7a675d49-8bf4-44ad-b841-6def84288824->19a54928-8125-4c35-a03e-a210dfc90c30#1158-t2,previous=(t:2, i:29),leaderCommit=29,initializing? true,entries: size=1, first=(t:2, i:30), METADATAENTRY(c:29): org.apache.ratis.thirdparty.io.grpc.StatusRuntimeException: CANCELLED: client cancelled
2022-02-08 14:30:41,208 [org.apache.ratis.util.JvmPauseMonitor$$Lambda$503/424226973@694ddb8b] INFO  util.JvmPauseMonitor (JvmPauseMonitor.java:run(109)) - JvmPauseMonitor-19a54928-8125-4c35-a03e-a210dfc90c30: Stopped
2022-02-08 14:30:41,208 [grpc-default-executor-2] INFO  leader.FollowerInfo (FollowerInfoImpl.java:lambda$new$0(47)) - 7a675d49-8bf4-44ad-b841-6def84288824@group-FC99C0F819FC->19a54928-8125-4c35-a03e-a210dfc90c30: nextIndex: updateUnconditionally 31 -> 30
2022-02-08 14:30:41,208 [Listener at 127.0.0.1/38815] INFO  pipeline.BackgroundPipelineCreator (BackgroundPipelineCreator.java:stop(158)) - Stopping RatisPipelineUtilsThread.
2022-02-08 14:30:41,209 [Listener at 127.0.0.1/38815] INFO  server.StorageContainerManager (StorageContainerManager.java:stop(1499)) - Stopping SCM MetadataStore.
2022-02-08 14:30:41,210 [Listener at 127.0.0.1/38815] INFO  impl.MetricsSystemImpl (MetricsSystemImpl.java:stop(210)) - Stopping StorageContainerManager metrics system...
2022-02-08 14:30:41,210 [grpc-default-executor-1] WARN  server.GrpcLogAppender (LogUtils.java:warn(122)) - 7a675d49-8bf4-44ad-b841-6def84288824@group-FC99C0F819FC->19a54928-8125-4c35-a03e-a210dfc90c30-AppendLogResponseHandler: Failed appendEntries: org.apache.ratis.thirdparty.io.grpc.StatusRuntimeException: UNAVAILABLE: io exception
2022-02-08 14:30:41,210 [grpc-default-executor-1] INFO  leader.FollowerInfo (FollowerInfoImpl.java:lambda$new$0(47)) - 7a675d49-8bf4-44ad-b841-6def84288824@group-FC99C0F819FC->19a54928-8125-4c35-a03e-a210dfc90c30: nextIndex: updateUnconditionally 31 -> 30
2022-02-08 14:30:41,224 [prometheus] INFO  impl.MetricsSinkAdapter (MetricsSinkAdapter.java:publishMetricsFromQueue(141)) - prometheus thread interrupted.
2022-02-08 14:30:41,225 [Listener at 127.0.0.1/38815] INFO  impl.MetricsSystemImpl (MetricsSystemImpl.java:stop(216)) - StorageContainerManager metrics system stopped.
2022-02-08 14:30:41,225 [Listener at 127.0.0.1/38815] INFO  ozone.MiniOzoneHAClusterImpl (MiniOzoneHAClusterImpl.java:stop(316)) - Stopping the StorageContainerManager 31c7f53c-68d3-4e4f-bab9-a4f3f7bb41e9
2022-02-08 14:30:41,225 [Listener at 127.0.0.1/38815] INFO  server.StorageContainerManager (StorageContainerManager.java:stop(1390)) - Stopping Container Balancer service.
2022-02-08 14:30:41,225 [Listener at 127.0.0.1/38815] INFO  balancer.ContainerBalancer (ContainerBalancer.java:stop(751)) - Container Balancer is not running.
2022-02-08 14:30:41,225 [Listener at 127.0.0.1/38815] INFO  server.StorageContainerManager (StorageContainerManager.java:stop(1397)) - Stopping Replication Manager Service.
2022-02-08 14:30:41,225 [Listener at 127.0.0.1/38815] INFO  container.ReplicationManager (ReplicationManager.java:stop(357)) - Stopping Replication Monitor Thread.
2022-02-08 14:30:41,225 [Listener at 127.0.0.1/38815] INFO  server.StorageContainerManager (StorageContainerManager.java:stop(1404)) - Stopping the Datanode Admin Monitor.
2022-02-08 14:30:41,225 [Listener at 127.0.0.1/38815] INFO  server.StorageContainerManager (StorageContainerManager.java:stop(1411)) - Stopping Lease Manager of the command watchers
2022-02-08 14:30:41,225 [Listener at 127.0.0.1/38815] INFO  server.StorageContainerManager (StorageContainerManager.java:stop(1418)) - Stopping datanode service RPC server
2022-02-08 14:30:41,225 [Listener at 127.0.0.1/38815] INFO  server.SCMDatanodeProtocolServer (SCMDatanodeProtocolServer.java:stop(390)) - Stopping the RPC server for DataNodes
2022-02-08 14:30:41,226 [Listener at 127.0.0.1/38815] INFO  ipc.Server (Server.java:stop(3414)) - Stopping server on 41469
2022-02-08 14:30:41,229 [IPC Server listener on 41469] INFO  ipc.Server (Server.java:run(1376)) - Stopping IPC Server listener on 41469
2022-02-08 14:30:41,234 [IPC Server Responder] INFO  ipc.Server (Server.java:run(1512)) - Stopping IPC Server Responder
2022-02-08 14:30:41,259 [SCM Heartbeat Processing Thread - 0] WARN  node.NodeStateManager (NodeStateManager.java:scheduleNextHealthCheck(799)) - Current Thread is interrupted, shutting down HB processing thread for Node Manager.
2022-02-08 14:30:41,259 [Listener at 127.0.0.1/38815] INFO  server.StorageContainerManager (StorageContainerManager.java:stop(1426)) - Stopping block service RPC server
2022-02-08 14:30:41,259 [Listener at 127.0.0.1/38815] INFO  server.SCMBlockProtocolServer (SCMBlockProtocolServer.java:stop(160)) - Stopping the RPC server for Block Protocol
2022-02-08 14:30:41,259 [Listener at 127.0.0.1/38815] INFO  ipc.Server (Server.java:stop(3414)) - Stopping server on 33091
2022-02-08 14:30:41,260 [IPC Server Responder] INFO  ipc.Server (Server.java:run(1512)) - Stopping IPC Server Responder
2022-02-08 14:30:41,260 [Listener at 127.0.0.1/38815] INFO  server.StorageContainerManager (StorageContainerManager.java:stop(1433)) - Stopping the StorageContainerLocationProtocol RPC server
2022-02-08 14:30:41,260 [Listener at 127.0.0.1/38815] INFO  server.SCMClientProtocolServer (SCMClientProtocolServer.java:stop(174)) - Stopping the RPC server for Client Protocol
2022-02-08 14:30:41,260 [Listener at 127.0.0.1/38815] INFO  ipc.Server (Server.java:stop(3414)) - Stopping server on 38603
2022-02-08 14:30:41,261 [IPC Server listener on 33091] INFO  ipc.Server (Server.java:run(1376)) - Stopping IPC Server listener on 33091
2022-02-08 14:30:41,268 [IPC Server listener on 38603] INFO  ipc.Server (Server.java:run(1376)) - Stopping IPC Server listener on 38603
2022-02-08 14:30:41,275 [Listener at 127.0.0.1/38815] INFO  server.StorageContainerManager (StorageContainerManager.java:stop(1440)) - Stopping Storage Container Manager HTTP server.
2022-02-08 14:30:41,275 [Listener at 127.0.0.1/38815] INFO  handler.ContextHandler (ContextHandler.java:doStop(1153)) - Stopped o.e.j.w.WebAppContext@25364645{scm,/,null,STOPPED}{file:/home/runner/work/ozone/ozone/hadoop-ozone/integration-test/target/test-classes/webapps/scm}
2022-02-08 14:30:41,275 [IPC Server Responder] INFO  ipc.Server (Server.java:run(1512)) - Stopping IPC Server Responder
2022-02-08 14:30:41,276 [Listener at 127.0.0.1/38815] INFO  server.AbstractConnector (AbstractConnector.java:doStop(381)) - Stopped ServerConnector@412b5adc{HTTP/1.1, (http/1.1)}{0.0.0.0:33197}
2022-02-08 14:30:41,276 [Listener at 127.0.0.1/38815] INFO  server.session (HouseKeeper.java:stopScavenging(149)) - node0 Stopped scavenging
2022-02-08 14:30:41,276 [Listener at 127.0.0.1/38815] INFO  handler.ContextHandler (ContextHandler.java:doStop(1153)) - Stopped o.e.j.s.ServletContextHandler@761c9f11{static,/static,file:///home/runner/work/ozone/ozone/hadoop-ozone/integration-test/target/test-classes/webapps/static,STOPPED}
2022-02-08 14:30:41,277 [Listener at 127.0.0.1/38815] INFO  handler.ContextHandler (ContextHandler.java:doStop(1153)) - Stopped o.e.j.s.ServletContextHandler@41bbdb8d{logs,/logs,file:///home/runner/work/ozone/ozone/hadoop-ozone/integration-test/target/log,STOPPED}
2022-02-08 14:30:41,277 [Listener at 127.0.0.1/38815] INFO  server.StorageContainerManager (StorageContainerManager.java:stop(1451)) - Stopping Block Manager Service.
2022-02-08 14:30:41,277 [Listener at 127.0.0.1/38815] INFO  utils.BackgroundService (BackgroundService.java:shutdown(132)) - Shutting down service SCMBlockDeletingService
2022-02-08 14:30:41,278 [Listener at 127.0.0.1/38815] INFO  utils.BackgroundService (BackgroundService.java:shutdown(132)) - Shutting down service SCMBlockDeletingService
2022-02-08 14:30:41,278 [Listener at 127.0.0.1/38815] INFO  server.StorageContainerManager (StorageContainerManager.java:stop(1478)) - Stopping SCM Event Queue.
2022-02-08 14:30:41,279 [Listener at 127.0.0.1/38815] INFO  server.StorageContainerManager (StorageContainerManager.java:stop(1489)) - Stopping SCM HA services.
2022-02-08 14:30:41,279 [Listener at 127.0.0.1/38815] INFO  ha.SCMRatisServerImpl (SCMRatisServerImpl.java:stop(236)) - stopping ratis server 0.0.0.0:35659
2022-02-08 14:30:41,279 [Listener at 127.0.0.1/38815] INFO  server.RaftServer (RaftServerProxy.java:lambda$close$6(391)) - 31c7f53c-68d3-4e4f-bab9-a4f3f7bb41e9: close
2022-02-08 14:30:41,280 [Listener at 127.0.0.1/38815] INFO  server.GrpcService (GrpcService.java:closeImpl(262)) - 31c7f53c-68d3-4e4f-bab9-a4f3f7bb41e9: shutdown server with port 35659 now
2022-02-08 14:30:41,299 [Listener at 127.0.0.1/38815] INFO  server.GrpcService (GrpcService.java:closeImpl(271)) - 31c7f53c-68d3-4e4f-bab9-a4f3f7bb41e9: shutdown server with port 35659 successfully
2022-02-08 14:30:41,299 [org.apache.ratis.util.JvmPauseMonitor$$Lambda$503/424226973@805eb16] INFO  util.JvmPauseMonitor (JvmPauseMonitor.java:run(109)) - JvmPauseMonitor-31c7f53c-68d3-4e4f-bab9-a4f3f7bb41e9: Stopped
2022-02-08 14:30:41,300 [Listener at 127.0.0.1/38815] INFO  pipeline.BackgroundPipelineCreator (BackgroundPipelineCreator.java:stop(158)) - Stopping RatisPipelineUtilsThread.
2022-02-08 14:30:41,300 [Listener at 127.0.0.1/38815] INFO  server.StorageContainerManager (StorageContainerManager.java:stop(1499)) - Stopping SCM MetadataStore.
2022-02-08 14:30:41,301 [Listener at 127.0.0.1/38815] INFO  impl.MetricsSystemImpl (MetricsSystemImpl.java:stop(205)) - StorageContainerManager metrics system stopped (again)
2022-02-08 14:30:41,301 [Listener at 127.0.0.1/38815] INFO  ozone.MiniOzoneHAClusterImpl (MiniOzoneHAClusterImpl.java:stop(316)) - Stopping the StorageContainerManager 7a675d49-8bf4-44ad-b841-6def84288824
2022-02-08 14:30:41,301 [Listener at 127.0.0.1/38815] INFO  server.StorageContainerManager (StorageContainerManager.java:stop(1390)) - Stopping Container Balancer service.
2022-02-08 14:30:41,301 [Listener at 127.0.0.1/38815] INFO  balancer.ContainerBalancer (ContainerBalancer.java:stop(751)) - Container Balancer is not running.
2022-02-08 14:30:41,301 [Listener at 127.0.0.1/38815] INFO  server.StorageContainerManager (StorageContainerManager.java:stop(1397)) - Stopping Replication Manager Service.
2022-02-08 14:30:41,301 [Listener at 127.0.0.1/38815] INFO  container.ReplicationManager (ReplicationManager.java:stop(357)) - Stopping Replication Monitor Thread.
2022-02-08 14:30:41,301 [Listener at 127.0.0.1/38815] INFO  server.StorageContainerManager (StorageContainerManager.java:stop(1404)) - Stopping the Datanode Admin Monitor.
2022-02-08 14:30:41,301 [Listener at 127.0.0.1/38815] INFO  server.StorageContainerManager (StorageContainerManager.java:stop(1411)) - Stopping Lease Manager of the command watchers
2022-02-08 14:30:41,301 [Listener at 127.0.0.1/38815] INFO  server.StorageContainerManager (StorageContainerManager.java:stop(1418)) - Stopping datanode service RPC server
2022-02-08 14:30:41,302 [Listener at 127.0.0.1/38815] INFO  server.SCMDatanodeProtocolServer (SCMDatanodeProtocolServer.java:stop(390)) - Stopping the RPC server for DataNodes
2022-02-08 14:30:41,302 [Listener at 127.0.0.1/38815] INFO  ipc.Server (Server.java:stop(3414)) - Stopping server on 40885
2022-02-08 14:30:41,303 [IPC Server listener on 40885] INFO  ipc.Server (Server.java:run(1376)) - Stopping IPC Server listener on 40885
2022-02-08 14:30:41,305 [grpc-default-executor-1] WARN  server.GrpcServerProtocolService (LogUtils.java:warn(122)) - 31c7f53c-68d3-4e4f-bab9-a4f3f7bb41e9: installSnapshot onError, lastRequest: 7a675d49-8bf4-44ad-b841-6def84288824->31c7f53c-68d3-4e4f-bab9-a4f3f7bb41e9#33-t2,previous=(t:2, i:29),leaderCommit=29,initializing? true,entries: size=1, first=(t:2, i:30), METADATAENTRY(c:29): org.apache.ratis.thirdparty.io.grpc.StatusRuntimeException: CANCELLED: client cancelled
2022-02-08 14:30:41,309 [grpc-default-executor-1] WARN  server.GrpcLogAppender (LogUtils.java:warn(122)) - 7a675d49-8bf4-44ad-b841-6def84288824@group-FC99C0F819FC->31c7f53c-68d3-4e4f-bab9-a4f3f7bb41e9-AppendLogResponseHandler: Failed appendEntries: org.apache.ratis.thirdparty.io.grpc.StatusRuntimeException: CANCELLED: HTTP/2 error code: CANCEL
Received Rst Stream
2022-02-08 14:30:41,309 [grpc-default-executor-1] INFO  leader.FollowerInfo (FollowerInfoImpl.java:lambda$new$0(47)) - 7a675d49-8bf4-44ad-b841-6def84288824@group-FC99C0F819FC->31c7f53c-68d3-4e4f-bab9-a4f3f7bb41e9: nextIndex: updateUnconditionally 31 -> 30
2022-02-08 14:30:41,310 [IPC Server Responder] INFO  ipc.Server (Server.java:run(1512)) - Stopping IPC Server Responder
2022-02-08 14:30:41,317 [grpc-default-executor-0] WARN  server.GrpcLogAppender (LogUtils.java:warn(122)) - 7a675d49-8bf4-44ad-b841-6def84288824@group-FC99C0F819FC->31c7f53c-68d3-4e4f-bab9-a4f3f7bb41e9-AppendLogResponseHandler: Failed appendEntries: org.apache.ratis.thirdparty.io.grpc.StatusRuntimeException: UNAVAILABLE: io exception
2022-02-08 14:30:41,318 [grpc-default-executor-0] INFO  leader.FollowerInfo (FollowerInfoImpl.java:lambda$new$0(47)) - 7a675d49-8bf4-44ad-b841-6def84288824@group-FC99C0F819FC->31c7f53c-68d3-4e4f-bab9-a4f3f7bb41e9: nextIndex: updateUnconditionally 31 -> 30
2022-02-08 14:30:41,419 [EndpointStateMachine task thread for /127.0.0.1:40885 - 0 ] WARN  statemachine.EndpointStateMachine (EndpointStateMachine.java:logIfNeeded(236)) - Unable to communicate to SCM server at localhost:40885 for past 0 seconds.
java.io.EOFException: End of File Exception between local host is: "fv-az151-746/10.1.0.25"; destination host is: "localhost":40885; : java.io.EOFException; For more details see:  http://wiki.apache.org/hadoop/EOFException
	at sun.reflect.NativeConstructorAccessorImpl.newInstance0(Native Method)
	at sun.reflect.NativeConstructorAccessorImpl.newInstance(NativeConstructorAccessorImpl.java:62)
	at sun.reflect.DelegatingConstructorAccessorImpl.newInstance(DelegatingConstructorAccessorImpl.java:45)
	at java.lang.reflect.Constructor.newInstance(Constructor.java:423)
	at org.apache.hadoop.net.NetUtils.wrapWithMessage(NetUtils.java:913)
	at org.apache.hadoop.net.NetUtils.wrapException(NetUtils.java:862)
	at org.apache.hadoop.ipc.Client.getRpcResponse(Client.java:1577)
	at org.apache.hadoop.ipc.Client.call(Client.java:1519)
	at org.apache.hadoop.ipc.Client.call(Client.java:1416)
	at org.apache.hadoop.ipc.ProtobufRpcEngine$Invoker.invoke(ProtobufRpcEngine.java:236)
	at org.apache.hadoop.ipc.ProtobufRpcEngine$Invoker.invoke(ProtobufRpcEngine.java:123)
	at com.sun.proxy.$Proxy48.submitRequest(Unknown Source)
	at org.apache.hadoop.ozone.protocolPB.StorageContainerDatanodeProtocolClientSideTranslatorPB.submitRequest(StorageContainerDatanodeProtocolClientSideTranslatorPB.java:117)
	at org.apache.hadoop.ozone.protocolPB.StorageContainerDatanodeProtocolClientSideTranslatorPB.sendHeartbeat(StorageContainerDatanodeProtocolClientSideTranslatorPB.java:149)
	at org.apache.hadoop.ozone.container.common.states.endpoint.HeartbeatEndpointTask.call(HeartbeatEndpointTask.java:179)
	at org.apache.hadoop.ozone.container.common.states.endpoint.HeartbeatEndpointTask.call(HeartbeatEndpointTask.java:82)
	at java.util.concurrent.FutureTask.run(FutureTask.java:266)
	at java.util.concurrent.ThreadPoolExecutor.runWorker(ThreadPoolExecutor.java:1149)
	at java.util.concurrent.ThreadPoolExecutor$Worker.run(ThreadPoolExecutor.java:624)
	at java.lang.Thread.run(Thread.java:748)
Caused by: java.io.EOFException
	at java.io.DataInputStream.readInt(DataInputStream.java:392)
	at org.apache.hadoop.ipc.Client$IpcStreams.readResponse(Client.java:1892)
	at org.apache.hadoop.ipc.Client$Connection.receiveRpcResponse(Client.java:1202)
	at org.apache.hadoop.ipc.Client$Connection.run(Client.java:1098)
2022-02-08 14:30:41,421 [EndpointStateMachine task thread for /127.0.0.1:45997 - 0 ] WARN  statemachine.EndpointStateMachine (EndpointStateMachine.java:logIfNeeded(236)) - Unable to communicate to SCM server at localhost:45997 for past 0 seconds.
java.io.EOFException: End of File Exception between local host is: "fv-az151-746/10.1.0.25"; destination host is: "localhost":45997; : java.io.EOFException; For more details see:  http://wiki.apache.org/hadoop/EOFException
	at sun.reflect.NativeConstructorAccessorImpl.newInstance0(Native Method)
	at sun.reflect.NativeConstructorAccessorImpl.newInstance(NativeConstructorAccessorImpl.java:62)
	at sun.reflect.DelegatingConstructorAccessorImpl.newInstance(DelegatingConstructorAccessorImpl.java:45)
	at java.lang.reflect.Constructor.newInstance(Constructor.java:423)
	at org.apache.hadoop.net.NetUtils.wrapWithMessage(NetUtils.java:913)
	at org.apache.hadoop.net.NetUtils.wrapException(NetUtils.java:862)
	at org.apache.hadoop.ipc.Client.getRpcResponse(Client.java:1577)
	at org.apache.hadoop.ipc.Client.call(Client.java:1519)
	at org.apache.hadoop.ipc.Client.call(Client.java:1416)
	at org.apache.hadoop.ipc.ProtobufRpcEngine$Invoker.invoke(ProtobufRpcEngine.java:236)
	at org.apache.hadoop.ipc.ProtobufRpcEngine$Invoker.invoke(ProtobufRpcEngine.java:123)
	at com.sun.proxy.$Proxy48.submitRequest(Unknown Source)
	at org.apache.hadoop.ozone.protocolPB.StorageContainerDatanodeProtocolClientSideTranslatorPB.submitRequest(StorageContainerDatanodeProtocolClientSideTranslatorPB.java:117)
	at org.apache.hadoop.ozone.protocolPB.StorageContainerDatanodeProtocolClientSideTranslatorPB.sendHeartbeat(StorageContainerDatanodeProtocolClientSideTranslatorPB.java:149)
	at org.apache.hadoop.ozone.container.common.states.endpoint.HeartbeatEndpointTask.call(HeartbeatEndpointTask.java:179)
	at org.apache.hadoop.ozone.container.common.states.endpoint.HeartbeatEndpointTask.call(HeartbeatEndpointTask.java:82)
	at java.util.concurrent.FutureTask.run(FutureTask.java:266)
	at java.util.concurrent.ThreadPoolExecutor.runWorker(ThreadPoolExecutor.java:1149)
	at java.util.concurrent.ThreadPoolExecutor$Worker.run(ThreadPoolExecutor.java:624)
	at java.lang.Thread.run(Thread.java:748)
Caused by: java.io.EOFException
	at java.io.DataInputStream.readInt(DataInputStream.java:392)
	at org.apache.hadoop.ipc.Client$IpcStreams.readResponse(Client.java:1892)
	at org.apache.hadoop.ipc.Client$Connection.receiveRpcResponse(Client.java:1202)
	at org.apache.hadoop.ipc.Client$Connection.run(Client.java:1098)
2022-02-08 14:30:41,427 [EndpointStateMachine task thread for /127.0.0.1:41469 - 0 ] WARN  statemachine.EndpointStateMachine (EndpointStateMachine.java:logIfNeeded(236)) - Unable to communicate to SCM server at localhost:41469 for past 0 seconds.
java.io.EOFException: End of File Exception between local host is: "fv-az151-746/10.1.0.25"; destination host is: "localhost":41469; : java.io.EOFException; For more details see:  http://wiki.apache.org/hadoop/EOFException
	at sun.reflect.NativeConstructorAccessorImpl.newInstance0(Native Method)
	at sun.reflect.NativeConstructorAccessorImpl.newInstance(NativeConstructorAccessorImpl.java:62)
	at sun.reflect.DelegatingConstructorAccessorImpl.newInstance(DelegatingConstructorAccessorImpl.java:45)
	at java.lang.reflect.Constructor.newInstance(Constructor.java:423)
	at org.apache.hadoop.net.NetUtils.wrapWithMessage(NetUtils.java:913)
	at org.apache.hadoop.net.NetUtils.wrapException(NetUtils.java:862)
	at org.apache.hadoop.ipc.Client.getRpcResponse(Client.java:1577)
	at org.apache.hadoop.ipc.Client.call(Client.java:1519)
	at org.apache.hadoop.ipc.Client.call(Client.java:1416)
	at org.apache.hadoop.ipc.ProtobufRpcEngine$Invoker.invoke(ProtobufRpcEngine.java:236)
	at org.apache.hadoop.ipc.ProtobufRpcEngine$Invoker.invoke(ProtobufRpcEngine.java:123)
	at com.sun.proxy.$Proxy48.submitRequest(Unknown Source)
	at org.apache.hadoop.ozone.protocolPB.StorageContainerDatanodeProtocolClientSideTranslatorPB.submitRequest(StorageContainerDatanodeProtocolClientSideTranslatorPB.java:117)
	at org.apache.hadoop.ozone.protocolPB.StorageContainerDatanodeProtocolClientSideTranslatorPB.register(StorageContainerDatanodeProtocolClientSideTranslatorPB.java:180)
	at org.apache.hadoop.ozone.container.common.states.endpoint.RegisterEndpointTask.call(RegisterEndpointTask.java:158)
	at org.apache.hadoop.ozone.container.common.states.endpoint.RegisterEndpointTask.call(RegisterEndpointTask.java:52)
	at java.util.concurrent.FutureTask.run(FutureTask.java:266)
	at java.util.concurrent.ThreadPoolExecutor.runWorker(ThreadPoolExecutor.java:1149)
	at java.util.concurrent.ThreadPoolExecutor$Worker.run(ThreadPoolExecutor.java:624)
	at java.lang.Thread.run(Thread.java:748)
Caused by: java.io.EOFException
	at java.io.DataInputStream.readInt(DataInputStream.java:392)
	at org.apache.hadoop.ipc.Client$IpcStreams.readResponse(Client.java:1892)
	at org.apache.hadoop.ipc.Client$Connection.receiveRpcResponse(Client.java:1202)
	at org.apache.hadoop.ipc.Client$Connection.run(Client.java:1098)
2022-02-08 14:30:41,579 [EndpointStateMachine task thread for /127.0.0.1:32969 - 0 ] INFO  ipc.Client (Client.java:handleConnectionFailure(977)) - Retrying connect to server: localhost/127.0.0.1:32969. Already tried 3 time(s); retry policy is RetryUpToMaximumCountWithFixedSleep(maxRetries=15, sleepTime=1000 MILLISECONDS)
2022-02-08 14:30:41,586 [EndpointStateMachine task thread for /127.0.0.1:41397 - 0 ] INFO  ipc.Client (Client.java:handleConnectionFailure(977)) - Retrying connect to server: localhost/127.0.0.1:41397. Already tried 3 time(s); retry policy is RetryUpToMaximumCountWithFixedSleep(maxRetries=15, sleepTime=1000 MILLISECONDS)
2022-02-08 14:30:41,590 [EndpointStateMachine task thread for /127.0.0.1:40085 - 0 ] INFO  ipc.Client (Client.java:handleConnectionFailure(977)) - Retrying connect to server: localhost/127.0.0.1:40085. Already tried 3 time(s); retry policy is RetryUpToMaximumCountWithFixedSleep(maxRetries=15, sleepTime=1000 MILLISECONDS)
2022-02-08 14:30:41,999 [SCM Heartbeat Processing Thread - 0] WARN  node.NodeStateManager (NodeStateManager.java:scheduleNextHealthCheck(799)) - Current Thread is interrupted, shutting down HB processing thread for Node Manager.
2022-02-08 14:30:41,999 [Listener at 127.0.0.1/38815] INFO  server.StorageContainerManager (StorageContainerManager.java:stop(1426)) - Stopping block service RPC server
2022-02-08 14:30:41,999 [Listener at 127.0.0.1/38815] INFO  server.SCMBlockProtocolServer (SCMBlockProtocolServer.java:stop(160)) - Stopping the RPC server for Block Protocol
2022-02-08 14:30:41,999 [Listener at 127.0.0.1/38815] INFO  ipc.Server (Server.java:stop(3414)) - Stopping server on 37787
2022-02-08 14:30:42,002 [IPC Server listener on 37787] INFO  ipc.Server (Server.java:run(1376)) - Stopping IPC Server listener on 37787
2022-02-08 14:30:42,002 [Listener at 127.0.0.1/38815] INFO  server.StorageContainerManager (StorageContainerManager.java:stop(1433)) - Stopping the StorageContainerLocationProtocol RPC server
2022-02-08 14:30:42,003 [Listener at 127.0.0.1/38815] INFO  server.SCMClientProtocolServer (SCMClientProtocolServer.java:stop(174)) - Stopping the RPC server for Client Protocol
2022-02-08 14:30:42,003 [Listener at 127.0.0.1/38815] INFO  ipc.Server (Server.java:stop(3414)) - Stopping server on 38025
2022-02-08 14:30:42,003 [IPC Server Responder] INFO  ipc.Server (Server.java:run(1512)) - Stopping IPC Server Responder
2022-02-08 14:30:42,004 [IPC Server listener on 38025] INFO  ipc.Server (Server.java:run(1376)) - Stopping IPC Server listener on 38025
2022-02-08 14:30:42,006 [Listener at 127.0.0.1/38815] INFO  server.StorageContainerManager (StorageContainerManager.java:stop(1440)) - Stopping Storage Container Manager HTTP server.
2022-02-08 14:30:42,007 [Listener at 127.0.0.1/38815] INFO  handler.ContextHandler (ContextHandler.java:doStop(1153)) - Stopped o.e.j.w.WebAppContext@6cf5cb11{scm,/,null,STOPPED}{file:/home/runner/work/ozone/ozone/hadoop-ozone/integration-test/target/test-classes/webapps/scm}
2022-02-08 14:30:42,009 [Listener at 127.0.0.1/38815] INFO  server.AbstractConnector (AbstractConnector.java:doStop(381)) - Stopped ServerConnector@2c04e8e7{HTTP/1.1, (http/1.1)}{0.0.0.0:45297}
2022-02-08 14:30:42,010 [Listener at 127.0.0.1/38815] INFO  server.session (HouseKeeper.java:stopScavenging(149)) - node0 Stopped scavenging
2022-02-08 14:30:42,010 [Listener at 127.0.0.1/38815] INFO  handler.ContextHandler (ContextHandler.java:doStop(1153)) - Stopped o.e.j.s.ServletContextHandler@56352274{static,/static,file:///home/runner/work/ozone/ozone/hadoop-ozone/integration-test/target/test-classes/webapps/static,STOPPED}
2022-02-08 14:30:42,010 [Listener at 127.0.0.1/38815] INFO  handler.ContextHandler (ContextHandler.java:doStop(1153)) - Stopped o.e.j.s.ServletContextHandler@269abd62{logs,/logs,file:///home/runner/work/ozone/ozone/hadoop-ozone/integration-test/target/log,STOPPED}
2022-02-08 14:30:42,011 [Listener at 127.0.0.1/38815] INFO  server.StorageContainerManager (StorageContainerManager.java:stop(1451)) - Stopping Block Manager Service.
2022-02-08 14:30:42,011 [Listener at 127.0.0.1/38815] INFO  utils.BackgroundService (BackgroundService.java:shutdown(132)) - Shutting down service SCMBlockDeletingService
2022-02-08 14:30:42,012 [Listener at 127.0.0.1/38815] INFO  utils.BackgroundService (BackgroundService.java:shutdown(132)) - Shutting down service SCMBlockDeletingService
2022-02-08 14:30:42,012 [Listener at 127.0.0.1/38815] INFO  server.StorageContainerManager (StorageContainerManager.java:stop(1478)) - Stopping SCM Event Queue.
2022-02-08 14:30:42,011 [IPC Server Responder] INFO  ipc.Server (Server.java:run(1512)) - Stopping IPC Server Responder
2022-02-08 14:30:42,016 [Listener at 127.0.0.1/38815] INFO  server.StorageContainerManager (StorageContainerManager.java:stop(1489)) - Stopping SCM HA services.
2022-02-08 14:30:42,018 [Listener at 127.0.0.1/38815] INFO  ha.SCMRatisServerImpl (SCMRatisServerImpl.java:stop(236)) - stopping ratis server 0.0.0.0:40095
2022-02-08 14:30:42,018 [Listener at 127.0.0.1/38815] INFO  server.RaftServer (RaftServerProxy.java:lambda$close$6(391)) - 7a675d49-8bf4-44ad-b841-6def84288824: close
2022-02-08 14:30:42,018 [Listener at 127.0.0.1/38815] INFO  server.RaftServer$Division (RaftServerImpl.java:lambda$close$4(412)) - 7a675d49-8bf4-44ad-b841-6def84288824@group-FC99C0F819FC: shutdown
2022-02-08 14:30:42,019 [Listener at 127.0.0.1/38815] INFO  util.JmxRegister (JmxRegister.java:unregister(73)) - Successfully un-registered JMX Bean with object name Ratis:service=RaftServer,group=group-FC99C0F819FC,id=7a675d49-8bf4-44ad-b841-6def84288824
2022-02-08 14:30:42,019 [Listener at 127.0.0.1/38815] INFO  impl.RoleInfo (RoleInfo.java:shutdownLeaderState(91)) - 7a675d49-8bf4-44ad-b841-6def84288824: shutdown 7a675d49-8bf4-44ad-b841-6def84288824@group-FC99C0F819FC-LeaderStateImpl
2022-02-08 14:30:42,019 [7a675d49-8bf4-44ad-b841-6def84288824@group-FC99C0F819FC->19a54928-8125-4c35-a03e-a210dfc90c30-GrpcLogAppender-LogAppenderDaemon] WARN  server.GrpcLogAppender (GrpcLogAppender.java:mayWait(177)) - 7a675d49-8bf4-44ad-b841-6def84288824@group-FC99C0F819FC->19a54928-8125-4c35-a03e-a210dfc90c30-GrpcLogAppender: Wait interrupted by java.lang.InterruptedException
2022-02-08 14:30:42,019 [7a675d49-8bf4-44ad-b841-6def84288824@group-FC99C0F819FC->31c7f53c-68d3-4e4f-bab9-a4f3f7bb41e9-GrpcLogAppender-LogAppenderDaemon] WARN  server.GrpcLogAppender (GrpcLogAppender.java:mayWait(177)) - 7a675d49-8bf4-44ad-b841-6def84288824@group-FC99C0F819FC->31c7f53c-68d3-4e4f-bab9-a4f3f7bb41e9-GrpcLogAppender: Wait interrupted by java.lang.InterruptedException
2022-02-08 14:30:42,019 [Listener at 127.0.0.1/38815] INFO  impl.PendingRequests (PendingRequests.java:sendNotLeaderResponses(282)) - 7a675d49-8bf4-44ad-b841-6def84288824@group-FC99C0F819FC-PendingRequests: sendNotLeaderResponses
2022-02-08 14:30:42,019 [Listener at 127.0.0.1/38815] INFO  ha.SCMStateMachine (SCMStateMachine.java:notifyNotLeader(190)) - current leader SCM steps down.
2022-02-08 14:30:42,020 [Listener at 127.0.0.1/38815] INFO  ha.SCMContext (SCMContext.java:updateLeaderAndTerm(90)) - update <isLeader,term> from <true,2> to <false,0>
2022-02-08 14:30:42,020 [Listener at 127.0.0.1/38815] INFO  ha.SCMContext (SCMContext.java:updateLeaderAndTerm(97)) - update <isLeaderReady> from <false> to <false>
2022-02-08 14:30:42,021 [Listener at 127.0.0.1/38815] INFO  impl.StateMachineUpdater (StateMachineUpdater.java:stopAndJoin(149)) - 7a675d49-8bf4-44ad-b841-6def84288824@group-FC99C0F819FC-StateMachineUpdater: set stopIndex = 30
2022-02-08 14:30:42,025 [7a675d49-8bf4-44ad-b841-6def84288824@group-FC99C0F819FC-StateMachineUpdater] INFO  ha.SCMStateMachine (SCMStateMachine.java:takeSnapshot(297)) - Current Snapshot Index 30, takeSnapshot took 0 ms
2022-02-08 14:30:42,025 [7a675d49-8bf4-44ad-b841-6def84288824@group-FC99C0F819FC-StateMachineUpdater] INFO  impl.StateMachineUpdater (StateMachineUpdater.java:takeSnapshot(281)) - 7a675d49-8bf4-44ad-b841-6def84288824@group-FC99C0F819FC-StateMachineUpdater: Took a snapshot at index 30
2022-02-08 14:30:42,025 [7a675d49-8bf4-44ad-b841-6def84288824@group-FC99C0F819FC-StateMachineUpdater] INFO  impl.StateMachineUpdater (StateMachineUpdater.java:lambda$new$0(89)) - 7a675d49-8bf4-44ad-b841-6def84288824@group-FC99C0F819FC-StateMachineUpdater: snapshotIndex: updateIncreasingly 29 -> 30
2022-02-08 14:30:42,025 [Listener at 127.0.0.1/38815] INFO  server.RaftServer$Division (ServerState.java:close(419)) - 7a675d49-8bf4-44ad-b841-6def84288824@group-FC99C0F819FC: closes. applyIndex: 30
2022-02-08 14:30:42,025 [7a675d49-8bf4-44ad-b841-6def84288824@group-FC99C0F819FC-SegmentedRaftLogWorker] INFO  segmented.SegmentedRaftLogWorker (SegmentedRaftLogWorker.java:run(327)) - 7a675d49-8bf4-44ad-b841-6def84288824@group-FC99C0F819FC-SegmentedRaftLogWorker was interrupted, exiting. There are 0 tasks remaining in the queue.
2022-02-08 14:30:42,026 [Listener at 127.0.0.1/38815] INFO  segmented.SegmentedRaftLogWorker (SegmentedRaftLogWorker.java:close(237)) - 7a675d49-8bf4-44ad-b841-6def84288824@group-FC99C0F819FC-SegmentedRaftLogWorker close()
2022-02-08 14:30:42,036 [Listener at 127.0.0.1/38815] INFO  server.GrpcService (GrpcService.java:closeImpl(262)) - 7a675d49-8bf4-44ad-b841-6def84288824: shutdown server with port 40095 now
2022-02-08 14:30:42,047 [Listener at 127.0.0.1/38815] INFO  server.GrpcService (GrpcService.java:closeImpl(271)) - 7a675d49-8bf4-44ad-b841-6def84288824: shutdown server with port 40095 successfully
2022-02-08 14:30:42,047 [org.apache.ratis.util.JvmPauseMonitor$$Lambda$503/424226973@6a4b956f] INFO  util.JvmPauseMonitor (JvmPauseMonitor.java:run(109)) - JvmPauseMonitor-7a675d49-8bf4-44ad-b841-6def84288824: Stopped
2022-02-08 14:30:42,048 [Listener at 127.0.0.1/38815] INFO  pipeline.BackgroundPipelineCreator (BackgroundPipelineCreator.java:stop(158)) - Stopping RatisPipelineUtilsThread.
2022-02-08 14:30:42,049 [Listener at 127.0.0.1/38815] INFO  server.StorageContainerManager (StorageContainerManager.java:stop(1499)) - Stopping SCM MetadataStore.
2022-02-08 14:30:42,049 [Listener at 127.0.0.1/38815] INFO  impl.MetricsSystemImpl (MetricsSystemImpl.java:stop(205)) - StorageContainerManager metrics system stopped (again)
2022-02-08 14:30:42,050 [Listener at 127.0.0.1/38815] INFO  ozone.MiniOzoneClusterImpl (MiniOzoneClusterImpl.java:stop(452)) - Stopping the Mini Ozone Cluster
2022-02-08 14:30:42,050 [Listener at 127.0.0.1/38815] INFO  ozone.MiniOzoneClusterImpl (MiniOzoneClusterImpl.java:stopDatanodes(511)) - Stopping the HddsDatanodes
2022-02-08 14:30:42,489 [Datanode State Machine Daemon Thread] WARN  statemachine.StateContext (StateContext.java:setState(249)) - Ignore disallowed transition from SHUTDOWN to RUNNING
2022-02-08 14:30:42,490 [EndpointStateMachine task thread for /127.0.0.1:40885 - 0 ] INFO  ipc.Client (Client.java:handleConnectionFailure(977)) - Retrying connect to server: localhost/127.0.0.1:40885. Already tried 0 time(s); retry policy is RetryUpToMaximumCountWithFixedSleep(maxRetries=15, sleepTime=1000 MILLISECONDS)
2022-02-08 14:30:42,490 [EndpointStateMachine task thread for /127.0.0.1:41469 - 0 ] INFO  ipc.Client (Client.java:handleConnectionFailure(977)) - Retrying connect to server: localhost/127.0.0.1:41469. Already tried 0 time(s); retry policy is RetryUpToMaximumCountWithFixedSleep(maxRetries=15, sleepTime=1000 MILLISECONDS)
2022-02-08 14:30:42,491 [EndpointStateMachine task thread for /127.0.0.1:45997 - 0 ] INFO  ipc.Client (Client.java:handleConnectionFailure(977)) - Retrying connect to server: localhost/127.0.0.1:45997. Already tried 0 time(s); retry policy is RetryUpToMaximumCountWithFixedSleep(maxRetries=15, sleepTime=1000 MILLISECONDS)
2022-02-08 14:30:42,580 [EndpointStateMachine task thread for /127.0.0.1:32969 - 0 ] INFO  ipc.Client (Client.java:handleConnectionFailure(977)) - Retrying connect to server: localhost/127.0.0.1:32969. Already tried 4 time(s); retry policy is RetryUpToMaximumCountWithFixedSleep(maxRetries=15, sleepTime=1000 MILLISECONDS)
2022-02-08 14:30:42,586 [EndpointStateMachine task thread for /127.0.0.1:41397 - 0 ] INFO  ipc.Client (Client.java:handleConnectionFailure(977)) - Retrying connect to server: localhost/127.0.0.1:41397. Already tried 4 time(s); retry policy is RetryUpToMaximumCountWithFixedSleep(maxRetries=15, sleepTime=1000 MILLISECONDS)
2022-02-08 14:30:42,590 [EndpointStateMachine task thread for /127.0.0.1:40085 - 0 ] INFO  ipc.Client (Client.java:handleConnectionFailure(977)) - Retrying connect to server: localhost/127.0.0.1:40085. Already tried 4 time(s); retry policy is RetryUpToMaximumCountWithFixedSleep(maxRetries=15, sleepTime=1000 MILLISECONDS)
2022-02-08 14:30:43,490 [EndpointStateMachine task thread for /127.0.0.1:40885 - 0 ] INFO  ipc.Client (Client.java:handleConnectionFailure(977)) - Retrying connect to server: localhost/127.0.0.1:40885. Already tried 1 time(s); retry policy is RetryUpToMaximumCountWithFixedSleep(maxRetries=15, sleepTime=1000 MILLISECONDS)
2022-02-08 14:30:43,490 [EndpointStateMachine task thread for /127.0.0.1:41469 - 0 ] INFO  ipc.Client (Client.java:handleConnectionFailure(977)) - Retrying connect to server: localhost/127.0.0.1:41469. Already tried 1 time(s); retry policy is RetryUpToMaximumCountWithFixedSleep(maxRetries=15, sleepTime=1000 MILLISECONDS)
2022-02-08 14:30:43,492 [EndpointStateMachine task thread for /127.0.0.1:45997 - 0 ] INFO  ipc.Client (Client.java:handleConnectionFailure(977)) - Retrying connect to server: localhost/127.0.0.1:45997. Already tried 1 time(s); retry policy is RetryUpToMaximumCountWithFixedSleep(maxRetries=15, sleepTime=1000 MILLISECONDS)
2022-02-08 14:30:43,580 [EndpointStateMachine task thread for /127.0.0.1:32969 - 0 ] INFO  ipc.Client (Client.java:handleConnectionFailure(977)) - Retrying connect to server: localhost/127.0.0.1:32969. Already tried 5 time(s); retry policy is RetryUpToMaximumCountWithFixedSleep(maxRetries=15, sleepTime=1000 MILLISECONDS)
2022-02-08 14:30:43,587 [EndpointStateMachine task thread for /127.0.0.1:41397 - 0 ] INFO  ipc.Client (Client.java:handleConnectionFailure(977)) - Retrying connect to server: localhost/127.0.0.1:41397. Already tried 5 time(s); retry policy is RetryUpToMaximumCountWithFixedSleep(maxRetries=15, sleepTime=1000 MILLISECONDS)
2022-02-08 14:30:43,590 [EndpointStateMachine task thread for /127.0.0.1:40085 - 0 ] INFO  ipc.Client (Client.java:handleConnectionFailure(977)) - Retrying connect to server: localhost/127.0.0.1:40085. Already tried 5 time(s); retry policy is RetryUpToMaximumCountWithFixedSleep(maxRetries=15, sleepTime=1000 MILLISECONDS)
2022-02-08 14:30:44,491 [EndpointStateMachine task thread for /127.0.0.1:40885 - 0 ] INFO  ipc.Client (Client.java:handleConnectionFailure(977)) - Retrying connect to server: localhost/127.0.0.1:40885. Already tried 2 time(s); retry policy is RetryUpToMaximumCountWithFixedSleep(maxRetries=15, sleepTime=1000 MILLISECONDS)
2022-02-08 14:30:44,491 [EndpointStateMachine task thread for /127.0.0.1:41469 - 0 ] INFO  ipc.Client (Client.java:handleConnectionFailure(977)) - Retrying connect to server: localhost/127.0.0.1:41469. Already tried 2 time(s); retry policy is RetryUpToMaximumCountWithFixedSleep(maxRetries=15, sleepTime=1000 MILLISECONDS)
2022-02-08 14:30:44,492 [EndpointStateMachine task thread for /127.0.0.1:45997 - 0 ] INFO  ipc.Client (Client.java:handleConnectionFailure(977)) - Retrying connect to server: localhost/127.0.0.1:45997. Already tried 2 time(s); retry policy is RetryUpToMaximumCountWithFixedSleep(maxRetries=15, sleepTime=1000 MILLISECONDS)
2022-02-08 14:30:44,580 [EndpointStateMachine task thread for /127.0.0.1:32969 - 0 ] INFO  ipc.Client (Client.java:handleConnectionFailure(977)) - Retrying connect to server: localhost/127.0.0.1:32969. Already tried 6 time(s); retry policy is RetryUpToMaximumCountWithFixedSleep(maxRetries=15, sleepTime=1000 MILLISECONDS)
2022-02-08 14:30:44,587 [EndpointStateMachine task thread for /127.0.0.1:41397 - 0 ] INFO  ipc.Client (Client.java:handleConnectionFailure(977)) - Retrying connect to server: localhost/127.0.0.1:41397. Already tried 6 time(s); retry policy is RetryUpToMaximumCountWithFixedSleep(maxRetries=15, sleepTime=1000 MILLISECONDS)
2022-02-08 14:30:44,590 [EndpointStateMachine task thread for /127.0.0.1:40085 - 0 ] INFO  ipc.Client (Client.java:handleConnectionFailure(977)) - Retrying connect to server: localhost/127.0.0.1:40085. Already tried 6 time(s); retry policy is RetryUpToMaximumCountWithFixedSleep(maxRetries=15, sleepTime=1000 MILLISECONDS)
2022-02-08 14:30:45,492 [EndpointStateMachine task thread for /127.0.0.1:40885 - 0 ] INFO  ipc.Client (Client.java:handleConnectionFailure(977)) - Retrying connect to server: localhost/127.0.0.1:40885. Already tried 3 time(s); retry policy is RetryUpToMaximumCountWithFixedSleep(maxRetries=15, sleepTime=1000 MILLISECONDS)
2022-02-08 14:30:45,492 [EndpointStateMachine task thread for /127.0.0.1:45997 - 0 ] INFO  ipc.Client (Client.java:handleConnectionFailure(977)) - Retrying connect to server: localhost/127.0.0.1:45997. Already tried 3 time(s); retry policy is RetryUpToMaximumCountWithFixedSleep(maxRetries=15, sleepTime=1000 MILLISECONDS)
2022-02-08 14:30:45,492 [EndpointStateMachine task thread for /127.0.0.1:41469 - 0 ] INFO  ipc.Client (Client.java:handleConnectionFailure(977)) - Retrying connect to server: localhost/127.0.0.1:41469. Already tried 3 time(s); retry policy is RetryUpToMaximumCountWithFixedSleep(maxRetries=15, sleepTime=1000 MILLISECONDS)
2022-02-08 14:30:45,581 [EndpointStateMachine task thread for /127.0.0.1:32969 - 0 ] INFO  ipc.Client (Client.java:handleConnectionFailure(977)) - Retrying connect to server: localhost/127.0.0.1:32969. Already tried 7 time(s); retry policy is RetryUpToMaximumCountWithFixedSleep(maxRetries=15, sleepTime=1000 MILLISECONDS)
2022-02-08 14:30:45,587 [EndpointStateMachine task thread for /127.0.0.1:41397 - 0 ] INFO  ipc.Client (Client.java:handleConnectionFailure(977)) - Retrying connect to server: localhost/127.0.0.1:41397. Already tried 7 time(s); retry policy is RetryUpToMaximumCountWithFixedSleep(maxRetries=15, sleepTime=1000 MILLISECONDS)
2022-02-08 14:30:45,591 [EndpointStateMachine task thread for /127.0.0.1:40085 - 0 ] INFO  ipc.Client (Client.java:handleConnectionFailure(977)) - Retrying connect to server: localhost/127.0.0.1:40085. Already tried 7 time(s); retry policy is RetryUpToMaximumCountWithFixedSleep(maxRetries=15, sleepTime=1000 MILLISECONDS)
2022-02-08 14:30:46,492 [EndpointStateMachine task thread for /127.0.0.1:40885 - 0 ] INFO  ipc.Client (Client.java:handleConnectionFailure(977)) - Retrying connect to server: localhost/127.0.0.1:40885. Already tried 4 time(s); retry policy is RetryUpToMaximumCountWithFixedSleep(maxRetries=15, sleepTime=1000 MILLISECONDS)
2022-02-08 14:30:46,493 [EndpointStateMachine task thread for /127.0.0.1:45997 - 0 ] INFO  ipc.Client (Client.java:handleConnectionFailure(977)) - Retrying connect to server: localhost/127.0.0.1:45997. Already tried 4 time(s); retry policy is RetryUpToMaximumCountWithFixedSleep(maxRetries=15, sleepTime=1000 MILLISECONDS)
2022-02-08 14:30:46,493 [EndpointStateMachine task thread for /127.0.0.1:41469 - 0 ] INFO  ipc.Client (Client.java:handleConnectionFailure(977)) - Retrying connect to server: localhost/127.0.0.1:41469. Already tried 4 time(s); retry policy is RetryUpToMaximumCountWithFixedSleep(maxRetries=15, sleepTime=1000 MILLISECONDS)
2022-02-08 14:30:46,581 [EndpointStateMachine task thread for /127.0.0.1:32969 - 0 ] INFO  ipc.Client (Client.java:handleConnectionFailure(977)) - Retrying connect to server: localhost/127.0.0.1:32969. Already tried 8 time(s); retry policy is RetryUpToMaximumCountWithFixedSleep(maxRetries=15, sleepTime=1000 MILLISECONDS)
2022-02-08 14:30:46,587 [EndpointStateMachine task thread for /127.0.0.1:41397 - 0 ] INFO  ipc.Client (Client.java:handleConnectionFailure(977)) - Retrying connect to server: localhost/127.0.0.1:41397. Already tried 8 time(s); retry policy is RetryUpToMaximumCountWithFixedSleep(maxRetries=15, sleepTime=1000 MILLISECONDS)
2022-02-08 14:30:46,591 [EndpointStateMachine task thread for /127.0.0.1:40085 - 0 ] INFO  ipc.Client (Client.java:handleConnectionFailure(977)) - Retrying connect to server: localhost/127.0.0.1:40085. Already tried 8 time(s); retry policy is RetryUpToMaximumCountWithFixedSleep(maxRetries=15, sleepTime=1000 MILLISECONDS)
2022-02-08 14:30:47,050 [ForkJoinPool.commonPool-worker-1] INFO  ozoneimpl.OzoneContainer (OzoneContainer.java:stop(336)) - Attempting to stop container services.
2022-02-08 14:30:47,051 [Listener at 127.0.0.1/38815] INFO  ozoneimpl.OzoneContainer (OzoneContainer.java:stop(336)) - Attempting to stop container services.
2022-02-08 14:30:47,051 [ForkJoinPool.commonPool-worker-1] INFO  server.RaftServer (RaftServerProxy.java:lambda$close$6(391)) - 44736ceb-ad1e-44d8-8a85-1de4ce4d0fde: close
2022-02-08 14:30:47,051 [ForkJoinPool.commonPool-worker-1] INFO  server.RaftServer$Division (RaftServerImpl.java:lambda$close$4(412)) - 44736ceb-ad1e-44d8-8a85-1de4ce4d0fde@group-BFB3F072E4AD: shutdown
2022-02-08 14:30:47,051 [ForkJoinPool.commonPool-worker-1] INFO  util.JmxRegister (JmxRegister.java:unregister(73)) - Successfully un-registered JMX Bean with object name Ratis:service=RaftServer,group=group-BFB3F072E4AD,id=44736ceb-ad1e-44d8-8a85-1de4ce4d0fde
2022-02-08 14:30:47,051 [ForkJoinPool.commonPool-worker-1] INFO  impl.RoleInfo (RoleInfo.java:shutdownFollowerState(108)) - 44736ceb-ad1e-44d8-8a85-1de4ce4d0fde: shutdown 44736ceb-ad1e-44d8-8a85-1de4ce4d0fde@group-BFB3F072E4AD-FollowerState
2022-02-08 14:30:47,051 [ForkJoinPool.commonPool-worker-1] INFO  impl.StateMachineUpdater (StateMachineUpdater.java:stopAndJoin(149)) - 44736ceb-ad1e-44d8-8a85-1de4ce4d0fde@group-BFB3F072E4AD-StateMachineUpdater: set stopIndex = 0
2022-02-08 14:30:47,051 [44736ceb-ad1e-44d8-8a85-1de4ce4d0fde@group-BFB3F072E4AD-FollowerState] INFO  impl.FollowerState (FollowerState.java:run(143)) - 44736ceb-ad1e-44d8-8a85-1de4ce4d0fde@group-BFB3F072E4AD-FollowerState was interrupted: {}
java.lang.InterruptedException: sleep interrupted
	at java.lang.Thread.sleep(Native Method)
	at java.lang.Thread.sleep(Thread.java:340)
	at java.util.concurrent.TimeUnit.sleep(TimeUnit.java:386)
	at org.apache.ratis.util.TimeDuration.sleep(TimeDuration.java:324)
	at org.apache.ratis.util.TimeDuration.sleep(TimeDuration.java:309)
	at org.apache.ratis.server.impl.FollowerState.run(FollowerState.java:118)
2022-02-08 14:30:47,052 [44736ceb-ad1e-44d8-8a85-1de4ce4d0fde@group-BFB3F072E4AD-StateMachineUpdater] INFO  ratis.ContainerStateMachine (ContainerStateMachine.java:takeSnapshot(299)) - group-BFB3F072E4AD: Taking a snapshot at:(t:3, i:0) file /home/runner/work/ozone/ozone/hadoop-ozone/integration-test/target/test-dir/MiniOzoneClusterImpl-be5678e2-4507-4d84-8cb9-fc99c0f819fc/datanode-0/data/ratis/504b4b76-6570-4a93-bdf0-bfb3f072e4ad/sm/snapshot.3_0
2022-02-08 14:30:47,052 [Listener at 127.0.0.1/38815] INFO  server.RaftServer (RaftServerProxy.java:lambda$close$6(391)) - 4a6a0aaf-aa28-4f33-a09c-5a4e665a2556: close
2022-02-08 14:30:47,053 [Listener at 127.0.0.1/38815] INFO  server.RaftServer$Division (RaftServerImpl.java:lambda$close$4(412)) - 4a6a0aaf-aa28-4f33-a09c-5a4e665a2556@group-BFB3F072E4AD: shutdown
2022-02-08 14:30:47,053 [Listener at 127.0.0.1/38815] INFO  util.JmxRegister (JmxRegister.java:unregister(73)) - Successfully un-registered JMX Bean with object name Ratis:service=RaftServer,group=group-BFB3F072E4AD,id=4a6a0aaf-aa28-4f33-a09c-5a4e665a2556
2022-02-08 14:30:47,053 [Listener at 127.0.0.1/38815] INFO  impl.RoleInfo (RoleInfo.java:shutdownFollowerState(108)) - 4a6a0aaf-aa28-4f33-a09c-5a4e665a2556: shutdown 4a6a0aaf-aa28-4f33-a09c-5a4e665a2556@group-BFB3F072E4AD-FollowerState
2022-02-08 14:30:47,053 [Listener at 127.0.0.1/38815] INFO  impl.StateMachineUpdater (StateMachineUpdater.java:stopAndJoin(149)) - 4a6a0aaf-aa28-4f33-a09c-5a4e665a2556@group-BFB3F072E4AD-StateMachineUpdater: set stopIndex = 0
2022-02-08 14:30:47,054 [44736ceb-ad1e-44d8-8a85-1de4ce4d0fde@group-BFB3F072E4AD-StateMachineUpdater] INFO  ratis.ContainerStateMachine (ContainerStateMachine.java:takeSnapshot(310)) - group-BFB3F072E4AD: Finished taking a snapshot at:(t:3, i:0) file:/home/runner/work/ozone/ozone/hadoop-ozone/integration-test/target/test-dir/MiniOzoneClusterImpl-be5678e2-4507-4d84-8cb9-fc99c0f819fc/datanode-0/data/ratis/504b4b76-6570-4a93-bdf0-bfb3f072e4ad/sm/snapshot.3_0 took: 3 ms
2022-02-08 14:30:47,054 [4a6a0aaf-aa28-4f33-a09c-5a4e665a2556@group-BFB3F072E4AD-StateMachineUpdater] INFO  ratis.ContainerStateMachine (ContainerStateMachine.java:takeSnapshot(299)) - group-BFB3F072E4AD: Taking a snapshot at:(t:3, i:0) file /home/runner/work/ozone/ozone/hadoop-ozone/integration-test/target/test-dir/MiniOzoneClusterImpl-be5678e2-4507-4d84-8cb9-fc99c0f819fc/datanode-1/data/ratis/504b4b76-6570-4a93-bdf0-bfb3f072e4ad/sm/snapshot.3_0
2022-02-08 14:30:47,054 [44736ceb-ad1e-44d8-8a85-1de4ce4d0fde@group-BFB3F072E4AD-StateMachineUpdater] INFO  impl.StateMachineUpdater (StateMachineUpdater.java:takeSnapshot(281)) - 44736ceb-ad1e-44d8-8a85-1de4ce4d0fde@group-BFB3F072E4AD-StateMachineUpdater: Took a snapshot at index 0
2022-02-08 14:30:47,053 [4a6a0aaf-aa28-4f33-a09c-5a4e665a2556@group-BFB3F072E4AD-FollowerState] INFO  impl.FollowerState (FollowerState.java:run(143)) - 4a6a0aaf-aa28-4f33-a09c-5a4e665a2556@group-BFB3F072E4AD-FollowerState was interrupted: {}
java.lang.InterruptedException: sleep interrupted
	at java.lang.Thread.sleep(Native Method)
	at java.lang.Thread.sleep(Thread.java:340)
	at java.util.concurrent.TimeUnit.sleep(TimeUnit.java:386)
	at org.apache.ratis.util.TimeDuration.sleep(TimeDuration.java:324)
	at org.apache.ratis.util.TimeDuration.sleep(TimeDuration.java:309)
	at org.apache.ratis.server.impl.FollowerState.run(FollowerState.java:118)
2022-02-08 14:30:47,054 [44736ceb-ad1e-44d8-8a85-1de4ce4d0fde@group-BFB3F072E4AD-StateMachineUpdater] INFO  impl.StateMachineUpdater (StateMachineUpdater.java:lambda$new$0(89)) - 44736ceb-ad1e-44d8-8a85-1de4ce4d0fde@group-BFB3F072E4AD-StateMachineUpdater: snapshotIndex: updateIncreasingly -1 -> 0
2022-02-08 14:30:47,061 [ForkJoinPool.commonPool-worker-1] INFO  server.RaftServer$Division (ServerState.java:close(419)) - 44736ceb-ad1e-44d8-8a85-1de4ce4d0fde@group-BFB3F072E4AD: closes. applyIndex: 0
2022-02-08 14:30:47,061 [44736ceb-ad1e-44d8-8a85-1de4ce4d0fde@group-BFB3F072E4AD-SegmentedRaftLogWorker] INFO  segmented.SegmentedRaftLogWorker (SegmentedRaftLogWorker.java:run(327)) - 44736ceb-ad1e-44d8-8a85-1de4ce4d0fde@group-BFB3F072E4AD-SegmentedRaftLogWorker was interrupted, exiting. There are 0 tasks remaining in the queue.
2022-02-08 14:30:47,061 [4a6a0aaf-aa28-4f33-a09c-5a4e665a2556@group-BFB3F072E4AD-StateMachineUpdater] INFO  ratis.ContainerStateMachine (ContainerStateMachine.java:takeSnapshot(310)) - group-BFB3F072E4AD: Finished taking a snapshot at:(t:3, i:0) file:/home/runner/work/ozone/ozone/hadoop-ozone/integration-test/target/test-dir/MiniOzoneClusterImpl-be5678e2-4507-4d84-8cb9-fc99c0f819fc/datanode-1/data/ratis/504b4b76-6570-4a93-bdf0-bfb3f072e4ad/sm/snapshot.3_0 took: 8 ms
2022-02-08 14:30:47,065 [ForkJoinPool.commonPool-worker-1] INFO  segmented.SegmentedRaftLogWorker (SegmentedRaftLogWorker.java:close(237)) - 44736ceb-ad1e-44d8-8a85-1de4ce4d0fde@group-BFB3F072E4AD-SegmentedRaftLogWorker close()
2022-02-08 14:30:47,066 [ForkJoinPool.commonPool-worker-1] INFO  server.RaftServer$Division (RaftServerImpl.java:lambda$close$4(412)) - 44736ceb-ad1e-44d8-8a85-1de4ce4d0fde@group-EA7C0EB40836: shutdown
2022-02-08 14:30:47,066 [ForkJoinPool.commonPool-worker-1] INFO  util.JmxRegister (JmxRegister.java:unregister(73)) - Successfully un-registered JMX Bean with object name Ratis:service=RaftServer,group=group-EA7C0EB40836,id=44736ceb-ad1e-44d8-8a85-1de4ce4d0fde
2022-02-08 14:30:47,066 [ForkJoinPool.commonPool-worker-1] INFO  impl.RoleInfo (RoleInfo.java:shutdownLeaderState(91)) - 44736ceb-ad1e-44d8-8a85-1de4ce4d0fde: shutdown 44736ceb-ad1e-44d8-8a85-1de4ce4d0fde@group-EA7C0EB40836-LeaderStateImpl
2022-02-08 14:30:47,066 [ForkJoinPool.commonPool-worker-1] INFO  impl.PendingRequests (PendingRequests.java:sendNotLeaderResponses(282)) - 44736ceb-ad1e-44d8-8a85-1de4ce4d0fde@group-EA7C0EB40836-PendingRequests: sendNotLeaderResponses
2022-02-08 14:30:47,066 [ForkJoinPool.commonPool-worker-1] INFO  impl.StateMachineUpdater (StateMachineUpdater.java:stopAndJoin(149)) - 44736ceb-ad1e-44d8-8a85-1de4ce4d0fde@group-EA7C0EB40836-StateMachineUpdater: set stopIndex = 0
2022-02-08 14:30:47,067 [44736ceb-ad1e-44d8-8a85-1de4ce4d0fde@group-EA7C0EB40836-StateMachineUpdater] INFO  ratis.ContainerStateMachine (ContainerStateMachine.java:takeSnapshot(299)) - group-EA7C0EB40836: Taking a snapshot at:(t:1, i:0) file /home/runner/work/ozone/ozone/hadoop-ozone/integration-test/target/test-dir/MiniOzoneClusterImpl-be5678e2-4507-4d84-8cb9-fc99c0f819fc/datanode-0/data/ratis/d4f756ab-b867-4583-96fe-ea7c0eb40836/sm/snapshot.1_0
2022-02-08 14:30:47,067 [4a6a0aaf-aa28-4f33-a09c-5a4e665a2556@group-BFB3F072E4AD-StateMachineUpdater] INFO  impl.StateMachineUpdater (StateMachineUpdater.java:takeSnapshot(281)) - 4a6a0aaf-aa28-4f33-a09c-5a4e665a2556@group-BFB3F072E4AD-StateMachineUpdater: Took a snapshot at index 0
2022-02-08 14:30:47,067 [4a6a0aaf-aa28-4f33-a09c-5a4e665a2556@group-BFB3F072E4AD-StateMachineUpdater] INFO  impl.StateMachineUpdater (StateMachineUpdater.java:lambda$new$0(89)) - 4a6a0aaf-aa28-4f33-a09c-5a4e665a2556@group-BFB3F072E4AD-StateMachineUpdater: snapshotIndex: updateIncreasingly -1 -> 0
2022-02-08 14:30:47,068 [Listener at 127.0.0.1/38815] INFO  server.RaftServer$Division (ServerState.java:close(419)) - 4a6a0aaf-aa28-4f33-a09c-5a4e665a2556@group-BFB3F072E4AD: closes. applyIndex: 0
2022-02-08 14:30:47,068 [4a6a0aaf-aa28-4f33-a09c-5a4e665a2556@group-BFB3F072E4AD-SegmentedRaftLogWorker] INFO  segmented.SegmentedRaftLogWorker (SegmentedRaftLogWorker.java:run(327)) - 4a6a0aaf-aa28-4f33-a09c-5a4e665a2556@group-BFB3F072E4AD-SegmentedRaftLogWorker was interrupted, exiting. There are 0 tasks remaining in the queue.
2022-02-08 14:30:47,068 [44736ceb-ad1e-44d8-8a85-1de4ce4d0fde@group-EA7C0EB40836-StateMachineUpdater] INFO  ratis.ContainerStateMachine (ContainerStateMachine.java:takeSnapshot(310)) - group-EA7C0EB40836: Finished taking a snapshot at:(t:1, i:0) file:/home/runner/work/ozone/ozone/hadoop-ozone/integration-test/target/test-dir/MiniOzoneClusterImpl-be5678e2-4507-4d84-8cb9-fc99c0f819fc/datanode-0/data/ratis/d4f756ab-b867-4583-96fe-ea7c0eb40836/sm/snapshot.1_0 took: 2 ms
2022-02-08 14:30:47,068 [44736ceb-ad1e-44d8-8a85-1de4ce4d0fde@group-EA7C0EB40836-StateMachineUpdater] INFO  impl.StateMachineUpdater (StateMachineUpdater.java:takeSnapshot(281)) - 44736ceb-ad1e-44d8-8a85-1de4ce4d0fde@group-EA7C0EB40836-StateMachineUpdater: Took a snapshot at index 0
2022-02-08 14:30:47,068 [44736ceb-ad1e-44d8-8a85-1de4ce4d0fde@group-EA7C0EB40836-StateMachineUpdater] INFO  impl.StateMachineUpdater (StateMachineUpdater.java:lambda$new$0(89)) - 44736ceb-ad1e-44d8-8a85-1de4ce4d0fde@group-EA7C0EB40836-StateMachineUpdater: snapshotIndex: updateIncreasingly -1 -> 0
2022-02-08 14:30:47,068 [ForkJoinPool.commonPool-worker-1] INFO  server.RaftServer$Division (ServerState.java:close(419)) - 44736ceb-ad1e-44d8-8a85-1de4ce4d0fde@group-EA7C0EB40836: closes. applyIndex: 0
2022-02-08 14:30:47,068 [44736ceb-ad1e-44d8-8a85-1de4ce4d0fde@group-EA7C0EB40836-SegmentedRaftLogWorker] INFO  segmented.SegmentedRaftLogWorker (SegmentedRaftLogWorker.java:run(327)) - 44736ceb-ad1e-44d8-8a85-1de4ce4d0fde@group-EA7C0EB40836-SegmentedRaftLogWorker was interrupted, exiting. There are 0 tasks remaining in the queue.
2022-02-08 14:30:47,069 [Listener at 127.0.0.1/38815] INFO  segmented.SegmentedRaftLogWorker (SegmentedRaftLogWorker.java:close(237)) - 4a6a0aaf-aa28-4f33-a09c-5a4e665a2556@group-BFB3F072E4AD-SegmentedRaftLogWorker close()
2022-02-08 14:30:47,069 [ForkJoinPool.commonPool-worker-1] INFO  segmented.SegmentedRaftLogWorker (SegmentedRaftLogWorker.java:close(237)) - 44736ceb-ad1e-44d8-8a85-1de4ce4d0fde@group-EA7C0EB40836-SegmentedRaftLogWorker close()
2022-02-08 14:30:47,070 [ForkJoinPool.commonPool-worker-1] INFO  server.RaftServer$Division (RaftServerImpl.java:lambda$close$4(412)) - 44736ceb-ad1e-44d8-8a85-1de4ce4d0fde@group-19D67EEB3372: shutdown
2022-02-08 14:30:47,070 [Listener at 127.0.0.1/38815] INFO  server.RaftServer$Division (RaftServerImpl.java:lambda$close$4(412)) - 4a6a0aaf-aa28-4f33-a09c-5a4e665a2556@group-1A28616D5BAB: shutdown
2022-02-08 14:30:47,070 [ForkJoinPool.commonPool-worker-1] INFO  util.JmxRegister (JmxRegister.java:unregister(73)) - Successfully un-registered JMX Bean with object name Ratis:service=RaftServer,group=group-19D67EEB3372,id=44736ceb-ad1e-44d8-8a85-1de4ce4d0fde
2022-02-08 14:30:47,070 [Listener at 127.0.0.1/38815] INFO  util.JmxRegister (JmxRegister.java:unregister(73)) - Successfully un-registered JMX Bean with object name Ratis:service=RaftServer,group=group-1A28616D5BAB,id=4a6a0aaf-aa28-4f33-a09c-5a4e665a2556
2022-02-08 14:30:47,071 [Listener at 127.0.0.1/38815] INFO  impl.RoleInfo (RoleInfo.java:shutdownLeaderState(91)) - 4a6a0aaf-aa28-4f33-a09c-5a4e665a2556: shutdown 4a6a0aaf-aa28-4f33-a09c-5a4e665a2556@group-1A28616D5BAB-LeaderStateImpl
2022-02-08 14:30:47,071 [ForkJoinPool.commonPool-worker-1] INFO  impl.RoleInfo (RoleInfo.java:shutdownFollowerState(108)) - 44736ceb-ad1e-44d8-8a85-1de4ce4d0fde: shutdown 44736ceb-ad1e-44d8-8a85-1de4ce4d0fde@group-19D67EEB3372-FollowerState
2022-02-08 14:30:47,071 [Listener at 127.0.0.1/38815] INFO  impl.PendingRequests (PendingRequests.java:sendNotLeaderResponses(282)) - 4a6a0aaf-aa28-4f33-a09c-5a4e665a2556@group-1A28616D5BAB-PendingRequests: sendNotLeaderResponses
2022-02-08 14:30:47,071 [44736ceb-ad1e-44d8-8a85-1de4ce4d0fde@group-19D67EEB3372-StateMachineUpdater] INFO  ratis.ContainerStateMachine (ContainerStateMachine.java:takeSnapshot(299)) - group-19D67EEB3372: Taking a snapshot at:(t:2, i:0) file /home/runner/work/ozone/ozone/hadoop-ozone/integration-test/target/test-dir/MiniOzoneClusterImpl-be5678e2-4507-4d84-8cb9-fc99c0f819fc/datanode-0/data/ratis/ae829453-1884-4fd5-8322-19d67eeb3372/sm/snapshot.2_0
2022-02-08 14:30:47,071 [44736ceb-ad1e-44d8-8a85-1de4ce4d0fde@group-19D67EEB3372-FollowerState] INFO  impl.FollowerState (FollowerState.java:run(143)) - 44736ceb-ad1e-44d8-8a85-1de4ce4d0fde@group-19D67EEB3372-FollowerState was interrupted: {}
java.lang.InterruptedException: sleep interrupted
	at java.lang.Thread.sleep(Native Method)
	at java.lang.Thread.sleep(Thread.java:340)
	at java.util.concurrent.TimeUnit.sleep(TimeUnit.java:386)
	at org.apache.ratis.util.TimeDuration.sleep(TimeDuration.java:324)
	at org.apache.ratis.util.TimeDuration.sleep(TimeDuration.java:309)
	at org.apache.ratis.server.impl.FollowerState.run(FollowerState.java:118)
2022-02-08 14:30:47,071 [ForkJoinPool.commonPool-worker-1] INFO  impl.StateMachineUpdater (StateMachineUpdater.java:stopAndJoin(149)) - 44736ceb-ad1e-44d8-8a85-1de4ce4d0fde@group-19D67EEB3372-StateMachineUpdater: set stopIndex = 0
2022-02-08 14:30:47,072 [4a6a0aaf-aa28-4f33-a09c-5a4e665a2556@group-1A28616D5BAB-StateMachineUpdater] INFO  ratis.ContainerStateMachine (ContainerStateMachine.java:takeSnapshot(299)) - group-1A28616D5BAB: Taking a snapshot at:(t:1, i:0) file /home/runner/work/ozone/ozone/hadoop-ozone/integration-test/target/test-dir/MiniOzoneClusterImpl-be5678e2-4507-4d84-8cb9-fc99c0f819fc/datanode-1/data/ratis/30a150e0-a866-4a23-8623-1a28616d5bab/sm/snapshot.1_0
2022-02-08 14:30:47,071 [Listener at 127.0.0.1/38815] INFO  impl.StateMachineUpdater (StateMachineUpdater.java:stopAndJoin(149)) - 4a6a0aaf-aa28-4f33-a09c-5a4e665a2556@group-1A28616D5BAB-StateMachineUpdater: set stopIndex = 0
2022-02-08 14:30:47,072 [44736ceb-ad1e-44d8-8a85-1de4ce4d0fde@group-19D67EEB3372-StateMachineUpdater] INFO  ratis.ContainerStateMachine (ContainerStateMachine.java:takeSnapshot(310)) - group-19D67EEB3372: Finished taking a snapshot at:(t:2, i:0) file:/home/runner/work/ozone/ozone/hadoop-ozone/integration-test/target/test-dir/MiniOzoneClusterImpl-be5678e2-4507-4d84-8cb9-fc99c0f819fc/datanode-0/data/ratis/ae829453-1884-4fd5-8322-19d67eeb3372/sm/snapshot.2_0 took: 1 ms
2022-02-08 14:30:47,072 [44736ceb-ad1e-44d8-8a85-1de4ce4d0fde@group-19D67EEB3372-StateMachineUpdater] INFO  impl.StateMachineUpdater (StateMachineUpdater.java:takeSnapshot(281)) - 44736ceb-ad1e-44d8-8a85-1de4ce4d0fde@group-19D67EEB3372-StateMachineUpdater: Took a snapshot at index 0
2022-02-08 14:30:47,072 [44736ceb-ad1e-44d8-8a85-1de4ce4d0fde@group-19D67EEB3372-StateMachineUpdater] INFO  impl.StateMachineUpdater (StateMachineUpdater.java:lambda$new$0(89)) - 44736ceb-ad1e-44d8-8a85-1de4ce4d0fde@group-19D67EEB3372-StateMachineUpdater: snapshotIndex: updateIncreasingly -1 -> 0
2022-02-08 14:30:47,072 [ForkJoinPool.commonPool-worker-1] INFO  server.RaftServer$Division (ServerState.java:close(419)) - 44736ceb-ad1e-44d8-8a85-1de4ce4d0fde@group-19D67EEB3372: closes. applyIndex: 0
2022-02-08 14:30:47,073 [44736ceb-ad1e-44d8-8a85-1de4ce4d0fde@group-19D67EEB3372-SegmentedRaftLogWorker] INFO  segmented.SegmentedRaftLogWorker (SegmentedRaftLogWorker.java:run(327)) - 44736ceb-ad1e-44d8-8a85-1de4ce4d0fde@group-19D67EEB3372-SegmentedRaftLogWorker was interrupted, exiting. There are 0 tasks remaining in the queue.
2022-02-08 14:30:47,073 [ForkJoinPool.commonPool-worker-1] INFO  segmented.SegmentedRaftLogWorker (SegmentedRaftLogWorker.java:close(237)) - 44736ceb-ad1e-44d8-8a85-1de4ce4d0fde@group-19D67EEB3372-SegmentedRaftLogWorker close()
2022-02-08 14:30:47,073 [4a6a0aaf-aa28-4f33-a09c-5a4e665a2556@group-1A28616D5BAB-StateMachineUpdater] INFO  ratis.ContainerStateMachine (ContainerStateMachine.java:takeSnapshot(310)) - group-1A28616D5BAB: Finished taking a snapshot at:(t:1, i:0) file:/home/runner/work/ozone/ozone/hadoop-ozone/integration-test/target/test-dir/MiniOzoneClusterImpl-be5678e2-4507-4d84-8cb9-fc99c0f819fc/datanode-1/data/ratis/30a150e0-a866-4a23-8623-1a28616d5bab/sm/snapshot.1_0 took: 1 ms
2022-02-08 14:30:47,073 [4a6a0aaf-aa28-4f33-a09c-5a4e665a2556@group-1A28616D5BAB-StateMachineUpdater] INFO  impl.StateMachineUpdater (StateMachineUpdater.java:takeSnapshot(281)) - 4a6a0aaf-aa28-4f33-a09c-5a4e665a2556@group-1A28616D5BAB-StateMachineUpdater: Took a snapshot at index 0
2022-02-08 14:30:47,073 [4a6a0aaf-aa28-4f33-a09c-5a4e665a2556@group-1A28616D5BAB-StateMachineUpdater] INFO  impl.StateMachineUpdater (StateMachineUpdater.java:lambda$new$0(89)) - 4a6a0aaf-aa28-4f33-a09c-5a4e665a2556@group-1A28616D5BAB-StateMachineUpdater: snapshotIndex: updateIncreasingly -1 -> 0
2022-02-08 14:30:47,073 [Listener at 127.0.0.1/38815] INFO  server.RaftServer$Division (ServerState.java:close(419)) - 4a6a0aaf-aa28-4f33-a09c-5a4e665a2556@group-1A28616D5BAB: closes. applyIndex: 0
2022-02-08 14:30:47,074 [4a6a0aaf-aa28-4f33-a09c-5a4e665a2556@group-1A28616D5BAB-SegmentedRaftLogWorker] INFO  segmented.SegmentedRaftLogWorker (SegmentedRaftLogWorker.java:run(327)) - 4a6a0aaf-aa28-4f33-a09c-5a4e665a2556@group-1A28616D5BAB-SegmentedRaftLogWorker was interrupted, exiting. There are 0 tasks remaining in the queue.
2022-02-08 14:30:47,074 [ForkJoinPool.commonPool-worker-1] INFO  server.GrpcService (GrpcService.java:closeImpl(262)) - 44736ceb-ad1e-44d8-8a85-1de4ce4d0fde: shutdown server with port 34931 now
2022-02-08 14:30:47,074 [Listener at 127.0.0.1/38815] INFO  segmented.SegmentedRaftLogWorker (SegmentedRaftLogWorker.java:close(237)) - 4a6a0aaf-aa28-4f33-a09c-5a4e665a2556@group-1A28616D5BAB-SegmentedRaftLogWorker close()
2022-02-08 14:30:47,077 [grpc-default-executor-0] WARN  server.GrpcServerProtocolService (LogUtils.java:warn(122)) - 44736ceb-ad1e-44d8-8a85-1de4ce4d0fde: installSnapshot onError, lastRequest: 9c433d8a-234d-492f-a374-35df91077eee->44736ceb-ad1e-44d8-8a85-1de4ce4d0fde#1-t3,previous=(t:0, i:0),leaderCommit=0,initializing? true,entries: size=1, first=(t:3, i:0), CONFIGURATIONENTRY: org.apache.ratis.thirdparty.io.grpc.StatusRuntimeException: CANCELLED: client cancelled
2022-02-08 14:30:47,077 [grpc-default-executor-1] WARN  server.GrpcLogAppender (LogUtils.java:warn(122)) - 9c433d8a-234d-492f-a374-35df91077eee@group-BFB3F072E4AD->44736ceb-ad1e-44d8-8a85-1de4ce4d0fde-AppendLogResponseHandler: Failed appendEntries: org.apache.ratis.thirdparty.io.grpc.StatusRuntimeException: CANCELLED: HTTP/2 error code: CANCEL
Received Rst Stream
2022-02-08 14:30:47,077 [grpc-default-executor-1] WARN  server.GrpcLogAppender (GrpcLogAppender.java:resetClient(110)) - 9c433d8a-234d-492f-a374-35df91077eee@group-BFB3F072E4AD->44736ceb-ad1e-44d8-8a85-1de4ce4d0fde-GrpcLogAppender: Leader has not got in touch with Follower 9c433d8a-234d-492f-a374-35df91077eee@group-BFB3F072E4AD->44736ceb-ad1e-44d8-8a85-1de4ce4d0fde(c0,m0,n1, attendVote=true, lastRpcSendTime=936, lastRpcResponseTime=932) yet, just keep nextIndex unchanged and retry.
2022-02-08 14:30:47,078 [grpc-default-executor-2] WARN  server.GrpcServerProtocolService (LogUtils.java:warn(122)) - 44736ceb-ad1e-44d8-8a85-1de4ce4d0fde: installSnapshot onError, lastRequest: 4a6a0aaf-aa28-4f33-a09c-5a4e665a2556->44736ceb-ad1e-44d8-8a85-1de4ce4d0fde#1-t2,previous=(t:0, i:0),leaderCommit=0,initializing? true,entries: size=1, first=(t:2, i:0), CONFIGURATIONENTRY: org.apache.ratis.thirdparty.io.grpc.StatusRuntimeException: CANCELLED: client cancelled
2022-02-08 14:30:47,079 [grpc-default-executor-1] WARN  server.GrpcLogAppender (LogUtils.java:warn(122)) - 4a6a0aaf-aa28-4f33-a09c-5a4e665a2556@group-19D67EEB3372->44736ceb-ad1e-44d8-8a85-1de4ce4d0fde-AppendLogResponseHandler: Failed appendEntries: org.apache.ratis.thirdparty.io.grpc.StatusRuntimeException: CANCELLED: HTTP/2 error code: CANCEL
Received Rst Stream
2022-02-08 14:30:47,079 [grpc-default-executor-1] WARN  server.GrpcLogAppender (GrpcLogAppender.java:resetClient(110)) - 4a6a0aaf-aa28-4f33-a09c-5a4e665a2556@group-19D67EEB3372->44736ceb-ad1e-44d8-8a85-1de4ce4d0fde-GrpcLogAppender: Leader has not got in touch with Follower 4a6a0aaf-aa28-4f33-a09c-5a4e665a2556@group-19D67EEB3372->44736ceb-ad1e-44d8-8a85-1de4ce4d0fde(c0,m0,n1, attendVote=true, lastRpcSendTime=1498, lastRpcResponseTime=1490) yet, just keep nextIndex unchanged and retry.
2022-02-08 14:30:47,079 [Listener at 127.0.0.1/38815] INFO  server.RaftServer$Division (RaftServerImpl.java:lambda$close$4(412)) - 4a6a0aaf-aa28-4f33-a09c-5a4e665a2556@group-19D67EEB3372: shutdown
2022-02-08 14:30:47,079 [Listener at 127.0.0.1/38815] INFO  util.JmxRegister (JmxRegister.java:unregister(73)) - Successfully un-registered JMX Bean with object name Ratis:service=RaftServer,group=group-19D67EEB3372,id=4a6a0aaf-aa28-4f33-a09c-5a4e665a2556
2022-02-08 14:30:47,079 [Listener at 127.0.0.1/38815] INFO  impl.RoleInfo (RoleInfo.java:shutdownLeaderState(91)) - 4a6a0aaf-aa28-4f33-a09c-5a4e665a2556: shutdown 4a6a0aaf-aa28-4f33-a09c-5a4e665a2556@group-19D67EEB3372-LeaderStateImpl
2022-02-08 14:30:47,080 [4a6a0aaf-aa28-4f33-a09c-5a4e665a2556@group-19D67EEB3372->44736ceb-ad1e-44d8-8a85-1de4ce4d0fde-GrpcLogAppender-LogAppenderDaemon] WARN  server.GrpcLogAppender (GrpcLogAppender.java:mayWait(177)) - 4a6a0aaf-aa28-4f33-a09c-5a4e665a2556@group-19D67EEB3372->44736ceb-ad1e-44d8-8a85-1de4ce4d0fde-GrpcLogAppender: Wait interrupted by java.lang.InterruptedException
2022-02-08 14:30:47,080 [4a6a0aaf-aa28-4f33-a09c-5a4e665a2556@group-19D67EEB3372->9c433d8a-234d-492f-a374-35df91077eee-GrpcLogAppender-LogAppenderDaemon] WARN  server.GrpcLogAppender (GrpcLogAppender.java:mayWait(177)) - 4a6a0aaf-aa28-4f33-a09c-5a4e665a2556@group-19D67EEB3372->9c433d8a-234d-492f-a374-35df91077eee-GrpcLogAppender: Wait interrupted by java.lang.InterruptedException
2022-02-08 14:30:47,080 [Listener at 127.0.0.1/38815] INFO  impl.PendingRequests (PendingRequests.java:sendNotLeaderResponses(282)) - 4a6a0aaf-aa28-4f33-a09c-5a4e665a2556@group-19D67EEB3372-PendingRequests: sendNotLeaderResponses
2022-02-08 14:30:47,080 [grpc-default-executor-1] INFO  server.GrpcServerProtocolService (GrpcServerProtocolService.java:onCompleted(140)) - 9c433d8a-234d-492f-a374-35df91077eee: Completed APPEND_ENTRIES, lastRequest: 4a6a0aaf-aa28-4f33-a09c-5a4e665a2556->9c433d8a-234d-492f-a374-35df91077eee#1-t2,previous=(t:0, i:0),leaderCommit=0,initializing? true,entries: size=1, first=(t:2, i:0), CONFIGURATIONENTRY
2022-02-08 14:30:47,082 [grpc-default-executor-1] INFO  server.GrpcLogAppender (GrpcLogAppender.java:onCompleted(346)) - 4a6a0aaf-aa28-4f33-a09c-5a4e665a2556@group-19D67EEB3372->9c433d8a-234d-492f-a374-35df91077eee-AppendLogResponseHandler: follower responses appendEntries COMPLETED
2022-02-08 14:30:47,082 [grpc-default-executor-1] INFO  leader.FollowerInfo (FollowerInfoImpl.java:lambda$new$0(47)) - 4a6a0aaf-aa28-4f33-a09c-5a4e665a2556@group-19D67EEB3372->9c433d8a-234d-492f-a374-35df91077eee: nextIndex: updateUnconditionally 1 -> 0
2022-02-08 14:30:47,082 [Listener at 127.0.0.1/38815] INFO  impl.StateMachineUpdater (StateMachineUpdater.java:stopAndJoin(149)) - 4a6a0aaf-aa28-4f33-a09c-5a4e665a2556@group-19D67EEB3372-StateMachineUpdater: set stopIndex = 0
2022-02-08 14:30:47,085 [ForkJoinPool.commonPool-worker-1] INFO  server.GrpcService (GrpcService.java:closeImpl(271)) - 44736ceb-ad1e-44d8-8a85-1de4ce4d0fde: shutdown server with port 34931 successfully
2022-02-08 14:30:47,085 [org.apache.ratis.util.JvmPauseMonitor$$Lambda$503/424226973@2932ab07] INFO  util.JvmPauseMonitor (JvmPauseMonitor.java:run(109)) - JvmPauseMonitor-44736ceb-ad1e-44d8-8a85-1de4ce4d0fde: Stopped
2022-02-08 14:30:47,089 [4a6a0aaf-aa28-4f33-a09c-5a4e665a2556@group-19D67EEB3372-StateMachineUpdater] INFO  ratis.ContainerStateMachine (ContainerStateMachine.java:takeSnapshot(299)) - group-19D67EEB3372: Taking a snapshot at:(t:2, i:0) file /home/runner/work/ozone/ozone/hadoop-ozone/integration-test/target/test-dir/MiniOzoneClusterImpl-be5678e2-4507-4d84-8cb9-fc99c0f819fc/datanode-1/data/ratis/ae829453-1884-4fd5-8322-19d67eeb3372/sm/snapshot.2_0
2022-02-08 14:30:47,090 [4a6a0aaf-aa28-4f33-a09c-5a4e665a2556@group-19D67EEB3372-StateMachineUpdater] INFO  ratis.ContainerStateMachine (ContainerStateMachine.java:takeSnapshot(310)) - group-19D67EEB3372: Finished taking a snapshot at:(t:2, i:0) file:/home/runner/work/ozone/ozone/hadoop-ozone/integration-test/target/test-dir/MiniOzoneClusterImpl-be5678e2-4507-4d84-8cb9-fc99c0f819fc/datanode-1/data/ratis/ae829453-1884-4fd5-8322-19d67eeb3372/sm/snapshot.2_0 took: 1 ms
2022-02-08 14:30:47,090 [4a6a0aaf-aa28-4f33-a09c-5a4e665a2556@group-19D67EEB3372-StateMachineUpdater] INFO  impl.StateMachineUpdater (StateMachineUpdater.java:takeSnapshot(281)) - 4a6a0aaf-aa28-4f33-a09c-5a4e665a2556@group-19D67EEB3372-StateMachineUpdater: Took a snapshot at index 0
2022-02-08 14:30:47,090 [4a6a0aaf-aa28-4f33-a09c-5a4e665a2556@group-19D67EEB3372-StateMachineUpdater] INFO  impl.StateMachineUpdater (StateMachineUpdater.java:lambda$new$0(89)) - 4a6a0aaf-aa28-4f33-a09c-5a4e665a2556@group-19D67EEB3372-StateMachineUpdater: snapshotIndex: updateIncreasingly -1 -> 0
2022-02-08 14:30:47,090 [Listener at 127.0.0.1/38815] INFO  server.RaftServer$Division (ServerState.java:close(419)) - 4a6a0aaf-aa28-4f33-a09c-5a4e665a2556@group-19D67EEB3372: closes. applyIndex: 0
2022-02-08 14:30:47,091 [4a6a0aaf-aa28-4f33-a09c-5a4e665a2556@group-19D67EEB3372-SegmentedRaftLogWorker] INFO  segmented.SegmentedRaftLogWorker (SegmentedRaftLogWorker.java:run(327)) - 4a6a0aaf-aa28-4f33-a09c-5a4e665a2556@group-19D67EEB3372-SegmentedRaftLogWorker was interrupted, exiting. There are 0 tasks remaining in the queue.
2022-02-08 14:30:47,097 [Listener at 127.0.0.1/38815] INFO  segmented.SegmentedRaftLogWorker (SegmentedRaftLogWorker.java:close(237)) - 4a6a0aaf-aa28-4f33-a09c-5a4e665a2556@group-19D67EEB3372-SegmentedRaftLogWorker close()
2022-02-08 14:30:47,097 [Listener at 127.0.0.1/38815] INFO  server.GrpcService (GrpcService.java:closeImpl(262)) - 4a6a0aaf-aa28-4f33-a09c-5a4e665a2556: shutdown server with port 39435 now
2022-02-08 14:30:47,108 [grpc-default-executor-0] WARN  server.GrpcServerProtocolService (LogUtils.java:warn(122)) - 4a6a0aaf-aa28-4f33-a09c-5a4e665a2556: installSnapshot onError, lastRequest: 9c433d8a-234d-492f-a374-35df91077eee->4a6a0aaf-aa28-4f33-a09c-5a4e665a2556#1-t3,previous=(t:0, i:0),leaderCommit=0,initializing? true,entries: size=1, first=(t:3, i:0), CONFIGURATIONENTRY: org.apache.ratis.thirdparty.io.grpc.StatusRuntimeException: CANCELLED: client cancelled
2022-02-08 14:30:47,108 [grpc-default-executor-2] WARN  server.GrpcLogAppender (LogUtils.java:warn(122)) - 9c433d8a-234d-492f-a374-35df91077eee@group-BFB3F072E4AD->4a6a0aaf-aa28-4f33-a09c-5a4e665a2556-AppendLogResponseHandler: Failed appendEntries: org.apache.ratis.thirdparty.io.grpc.StatusRuntimeException: CANCELLED: HTTP/2 error code: CANCEL
Received Rst Stream
2022-02-08 14:30:47,108 [grpc-default-executor-2] WARN  server.GrpcLogAppender (GrpcLogAppender.java:resetClient(110)) - 9c433d8a-234d-492f-a374-35df91077eee@group-BFB3F072E4AD->4a6a0aaf-aa28-4f33-a09c-5a4e665a2556-GrpcLogAppender: Leader has not got in touch with Follower 9c433d8a-234d-492f-a374-35df91077eee@group-BFB3F072E4AD->4a6a0aaf-aa28-4f33-a09c-5a4e665a2556(c0,m0,n1, attendVote=true, lastRpcSendTime=963, lastRpcResponseTime=955) yet, just keep nextIndex unchanged and retry.
2022-02-08 14:30:47,131 [Listener at 127.0.0.1/38815] INFO  server.GrpcService (GrpcService.java:closeImpl(271)) - 4a6a0aaf-aa28-4f33-a09c-5a4e665a2556: shutdown server with port 39435 successfully
2022-02-08 14:30:47,132 [org.apache.ratis.util.JvmPauseMonitor$$Lambda$503/424226973@7631051d] INFO  util.JvmPauseMonitor (JvmPauseMonitor.java:run(109)) - JvmPauseMonitor-4a6a0aaf-aa28-4f33-a09c-5a4e665a2556: Stopped
2022-02-08 14:30:47,493 [EndpointStateMachine task thread for /127.0.0.1:40885 - 0 ] INFO  ipc.Client (Client.java:handleConnectionFailure(977)) - Retrying connect to server: localhost/127.0.0.1:40885. Already tried 5 time(s); retry policy is RetryUpToMaximumCountWithFixedSleep(maxRetries=15, sleepTime=1000 MILLISECONDS)
2022-02-08 14:30:47,493 [EndpointStateMachine task thread for /127.0.0.1:45997 - 0 ] INFO  ipc.Client (Client.java:handleConnectionFailure(977)) - Retrying connect to server: localhost/127.0.0.1:45997. Already tried 5 time(s); retry policy is RetryUpToMaximumCountWithFixedSleep(maxRetries=15, sleepTime=1000 MILLISECONDS)
2022-02-08 14:30:47,493 [EndpointStateMachine task thread for /127.0.0.1:41469 - 0 ] INFO  ipc.Client (Client.java:handleConnectionFailure(977)) - Retrying connect to server: localhost/127.0.0.1:41469. Already tried 5 time(s); retry policy is RetryUpToMaximumCountWithFixedSleep(maxRetries=15, sleepTime=1000 MILLISECONDS)
2022-02-08 14:30:47,582 [EndpointStateMachine task thread for /127.0.0.1:32969 - 0 ] INFO  ipc.Client (Client.java:handleConnectionFailure(977)) - Retrying connect to server: localhost/127.0.0.1:32969. Already tried 9 time(s); retry policy is RetryUpToMaximumCountWithFixedSleep(maxRetries=15, sleepTime=1000 MILLISECONDS)
2022-02-08 14:30:47,588 [EndpointStateMachine task thread for /127.0.0.1:41397 - 0 ] INFO  ipc.Client (Client.java:handleConnectionFailure(977)) - Retrying connect to server: localhost/127.0.0.1:41397. Already tried 9 time(s); retry policy is RetryUpToMaximumCountWithFixedSleep(maxRetries=15, sleepTime=1000 MILLISECONDS)
2022-02-08 14:30:47,591 [EndpointStateMachine task thread for /127.0.0.1:40085 - 0 ] INFO  ipc.Client (Client.java:handleConnectionFailure(977)) - Retrying connect to server: localhost/127.0.0.1:40085. Already tried 9 time(s); retry policy is RetryUpToMaximumCountWithFixedSleep(maxRetries=15, sleepTime=1000 MILLISECONDS)
2022-02-08 14:30:48,493 [EndpointStateMachine task thread for /127.0.0.1:40885 - 0 ] INFO  ipc.Client (Client.java:handleConnectionFailure(977)) - Retrying connect to server: localhost/127.0.0.1:40885. Already tried 6 time(s); retry policy is RetryUpToMaximumCountWithFixedSleep(maxRetries=15, sleepTime=1000 MILLISECONDS)
2022-02-08 14:30:48,494 [EndpointStateMachine task thread for /127.0.0.1:41469 - 0 ] INFO  ipc.Client (Client.java:handleConnectionFailure(977)) - Retrying connect to server: localhost/127.0.0.1:41469. Already tried 6 time(s); retry policy is RetryUpToMaximumCountWithFixedSleep(maxRetries=15, sleepTime=1000 MILLISECONDS)
2022-02-08 14:30:48,493 [EndpointStateMachine task thread for /127.0.0.1:45997 - 0 ] INFO  ipc.Client (Client.java:handleConnectionFailure(977)) - Retrying connect to server: localhost/127.0.0.1:45997. Already tried 6 time(s); retry policy is RetryUpToMaximumCountWithFixedSleep(maxRetries=15, sleepTime=1000 MILLISECONDS)
2022-02-08 14:30:48,582 [EndpointStateMachine task thread for /127.0.0.1:32969 - 0 ] INFO  ipc.Client (Client.java:handleConnectionFailure(977)) - Retrying connect to server: localhost/127.0.0.1:32969. Already tried 10 time(s); retry policy is RetryUpToMaximumCountWithFixedSleep(maxRetries=15, sleepTime=1000 MILLISECONDS)
2022-02-08 14:30:48,588 [EndpointStateMachine task thread for /127.0.0.1:41397 - 0 ] INFO  ipc.Client (Client.java:handleConnectionFailure(977)) - Retrying connect to server: localhost/127.0.0.1:41397. Already tried 10 time(s); retry policy is RetryUpToMaximumCountWithFixedSleep(maxRetries=15, sleepTime=1000 MILLISECONDS)
2022-02-08 14:30:48,601 [EndpointStateMachine task thread for /127.0.0.1:40085 - 0 ] INFO  ipc.Client (Client.java:handleConnectionFailure(977)) - Retrying connect to server: localhost/127.0.0.1:40085. Already tried 10 time(s); retry policy is RetryUpToMaximumCountWithFixedSleep(maxRetries=15, sleepTime=1000 MILLISECONDS)
2022-02-08 14:30:48,653 [grpc-default-executor-1] WARN  server.GrpcLogAppender (LogUtils.java:warn(122)) - 9c433d8a-234d-492f-a374-35df91077eee@group-BFB3F072E4AD->44736ceb-ad1e-44d8-8a85-1de4ce4d0fde-AppendLogResponseHandler: Failed appendEntries: org.apache.ratis.thirdparty.io.grpc.StatusRuntimeException: UNAVAILABLE: io exception
2022-02-08 14:30:48,654 [grpc-default-executor-1] WARN  server.GrpcLogAppender (GrpcLogAppender.java:resetClient(110)) - 9c433d8a-234d-492f-a374-35df91077eee@group-BFB3F072E4AD->44736ceb-ad1e-44d8-8a85-1de4ce4d0fde-GrpcLogAppender: Leader has not got in touch with Follower 9c433d8a-234d-492f-a374-35df91077eee@group-BFB3F072E4AD->44736ceb-ad1e-44d8-8a85-1de4ce4d0fde(c0,m0,n1, attendVote=true, lastRpcSendTime=0, lastRpcResponseTime=2508) yet, just keep nextIndex unchanged and retry.
2022-02-08 14:30:48,659 [grpc-default-executor-2] WARN  server.GrpcLogAppender (LogUtils.java:warn(122)) - 9c433d8a-234d-492f-a374-35df91077eee@group-BFB3F072E4AD->4a6a0aaf-aa28-4f33-a09c-5a4e665a2556-AppendLogResponseHandler: Failed appendEntries: org.apache.ratis.thirdparty.io.grpc.StatusRuntimeException: UNAVAILABLE: io exception
2022-02-08 14:30:48,659 [grpc-default-executor-2] WARN  server.GrpcLogAppender (GrpcLogAppender.java:resetClient(110)) - 9c433d8a-234d-492f-a374-35df91077eee@group-BFB3F072E4AD->4a6a0aaf-aa28-4f33-a09c-5a4e665a2556-GrpcLogAppender: Leader has not got in touch with Follower 9c433d8a-234d-492f-a374-35df91077eee@group-BFB3F072E4AD->4a6a0aaf-aa28-4f33-a09c-5a4e665a2556(c0,m0,n1, attendVote=true, lastRpcSendTime=0, lastRpcResponseTime=2506) yet, just keep nextIndex unchanged and retry.
2022-02-08 14:30:49,101 [ForkJoinPool.commonPool-worker-1] INFO  utils.BackgroundService (BackgroundService.java:shutdown(132)) - Shutting down service BlockDeletingService
2022-02-08 14:30:49,157 [Listener at 127.0.0.1/38815] INFO  utils.BackgroundService (BackgroundService.java:shutdown(132)) - Shutting down service BlockDeletingService
2022-02-08 14:30:49,494 [EndpointStateMachine task thread for /127.0.0.1:40885 - 0 ] INFO  ipc.Client (Client.java:handleConnectionFailure(977)) - Retrying connect to server: localhost/127.0.0.1:40885. Already tried 7 time(s); retry policy is RetryUpToMaximumCountWithFixedSleep(maxRetries=15, sleepTime=1000 MILLISECONDS)
2022-02-08 14:30:49,495 [EndpointStateMachine task thread for /127.0.0.1:41469 - 0 ] INFO  ipc.Client (Client.java:handleConnectionFailure(977)) - Retrying connect to server: localhost/127.0.0.1:41469. Already tried 7 time(s); retry policy is RetryUpToMaximumCountWithFixedSleep(maxRetries=15, sleepTime=1000 MILLISECONDS)
2022-02-08 14:30:49,495 [EndpointStateMachine task thread for /127.0.0.1:45997 - 0 ] INFO  ipc.Client (Client.java:handleConnectionFailure(977)) - Retrying connect to server: localhost/127.0.0.1:45997. Already tried 7 time(s); retry policy is RetryUpToMaximumCountWithFixedSleep(maxRetries=15, sleepTime=1000 MILLISECONDS)
2022-02-08 14:30:49,583 [EndpointStateMachine task thread for /127.0.0.1:32969 - 0 ] INFO  ipc.Client (Client.java:handleConnectionFailure(977)) - Retrying connect to server: localhost/127.0.0.1:32969. Already tried 11 time(s); retry policy is RetryUpToMaximumCountWithFixedSleep(maxRetries=15, sleepTime=1000 MILLISECONDS)
2022-02-08 14:30:49,588 [EndpointStateMachine task thread for /127.0.0.1:41397 - 0 ] INFO  ipc.Client (Client.java:handleConnectionFailure(977)) - Retrying connect to server: localhost/127.0.0.1:41397. Already tried 11 time(s); retry policy is RetryUpToMaximumCountWithFixedSleep(maxRetries=15, sleepTime=1000 MILLISECONDS)
2022-02-08 14:30:49,601 [EndpointStateMachine task thread for /127.0.0.1:40085 - 0 ] INFO  ipc.Client (Client.java:handleConnectionFailure(977)) - Retrying connect to server: localhost/127.0.0.1:40085. Already tried 11 time(s); retry policy is RetryUpToMaximumCountWithFixedSleep(maxRetries=15, sleepTime=1000 MILLISECONDS)
2022-02-08 14:30:50,494 [EndpointStateMachine task thread for /127.0.0.1:40885 - 0 ] INFO  ipc.Client (Client.java:handleConnectionFailure(977)) - Retrying connect to server: localhost/127.0.0.1:40885. Already tried 8 time(s); retry policy is RetryUpToMaximumCountWithFixedSleep(maxRetries=15, sleepTime=1000 MILLISECONDS)
2022-02-08 14:30:50,495 [EndpointStateMachine task thread for /127.0.0.1:41469 - 0 ] INFO  ipc.Client (Client.java:handleConnectionFailure(977)) - Retrying connect to server: localhost/127.0.0.1:41469. Already tried 8 time(s); retry policy is RetryUpToMaximumCountWithFixedSleep(maxRetries=15, sleepTime=1000 MILLISECONDS)
2022-02-08 14:30:50,495 [EndpointStateMachine task thread for /127.0.0.1:45997 - 0 ] INFO  ipc.Client (Client.java:handleConnectionFailure(977)) - Retrying connect to server: localhost/127.0.0.1:45997. Already tried 8 time(s); retry policy is RetryUpToMaximumCountWithFixedSleep(maxRetries=15, sleepTime=1000 MILLISECONDS)
2022-02-08 14:30:50,583 [EndpointStateMachine task thread for /127.0.0.1:32969 - 0 ] INFO  ipc.Client (Client.java:handleConnectionFailure(977)) - Retrying connect to server: localhost/127.0.0.1:32969. Already tried 12 time(s); retry policy is RetryUpToMaximumCountWithFixedSleep(maxRetries=15, sleepTime=1000 MILLISECONDS)
2022-02-08 14:30:50,589 [EndpointStateMachine task thread for /127.0.0.1:41397 - 0 ] INFO  ipc.Client (Client.java:handleConnectionFailure(977)) - Retrying connect to server: localhost/127.0.0.1:41397. Already tried 12 time(s); retry policy is RetryUpToMaximumCountWithFixedSleep(maxRetries=15, sleepTime=1000 MILLISECONDS)
2022-02-08 14:30:50,601 [EndpointStateMachine task thread for /127.0.0.1:40085 - 0 ] INFO  ipc.Client (Client.java:handleConnectionFailure(977)) - Retrying connect to server: localhost/127.0.0.1:40085. Already tried 12 time(s); retry policy is RetryUpToMaximumCountWithFixedSleep(maxRetries=15, sleepTime=1000 MILLISECONDS)
2022-02-08 14:30:50,760 [9c433d8a-234d-492f-a374-35df91077eee@group-19D67EEB3372-FollowerState] INFO  impl.FollowerState (FollowerState.java:run(134)) - 9c433d8a-234d-492f-a374-35df91077eee@group-19D67EEB3372-FollowerState: change to CANDIDATE, lastRpcElapsedTime:5161666421ns, electionTimeout:5153ms
2022-02-08 14:30:50,761 [9c433d8a-234d-492f-a374-35df91077eee@group-19D67EEB3372-FollowerState] INFO  impl.RoleInfo (RoleInfo.java:shutdownFollowerState(108)) - 9c433d8a-234d-492f-a374-35df91077eee: shutdown 9c433d8a-234d-492f-a374-35df91077eee@group-19D67EEB3372-FollowerState
2022-02-08 14:30:50,761 [9c433d8a-234d-492f-a374-35df91077eee@group-19D67EEB3372-FollowerState] INFO  server.RaftServer$Division (RaftServerImpl.java:setRole(290)) - 9c433d8a-234d-492f-a374-35df91077eee@group-19D67EEB3372: changes role from  FOLLOWER to CANDIDATE at term 2 for changeToCandidate
2022-02-08 14:30:50,761 [9c433d8a-234d-492f-a374-35df91077eee@group-19D67EEB3372-FollowerState] INFO  server.RaftServerConfigKeys (ConfUtils.java:logGet(44)) - raft.server.leaderelection.pre-vote = false (custom)
2022-02-08 14:30:50,761 [9c433d8a-234d-492f-a374-35df91077eee@group-19D67EEB3372-FollowerState] INFO  impl.RoleInfo (RoleInfo.java:updateAndGet(130)) - 9c433d8a-234d-492f-a374-35df91077eee: start 9c433d8a-234d-492f-a374-35df91077eee@group-19D67EEB3372-LeaderElection32
2022-02-08 14:30:50,769 [9c433d8a-234d-492f-a374-35df91077eee@group-19D67EEB3372-LeaderElection32] INFO  server.RaftServer$Division (ServerState.java:setLeader(285)) - 9c433d8a-234d-492f-a374-35df91077eee@group-19D67EEB3372: change Leader from 4a6a0aaf-aa28-4f33-a09c-5a4e665a2556 to null at term 2 for ELECTION
2022-02-08 14:30:50,772 [9c433d8a-234d-492f-a374-35df91077eee@group-19D67EEB3372-LeaderElection32] INFO  impl.LeaderElection (LeaderElection.java:askForVotes(306)) - 9c433d8a-234d-492f-a374-35df91077eee@group-19D67EEB3372-LeaderElection32 ELECTION round 0: submit vote requests at term 3 for 0: [9c433d8a-234d-492f-a374-35df91077eee|rpc:127.0.0.1:41109|dataStream:|priority:0, 4a6a0aaf-aa28-4f33-a09c-5a4e665a2556|rpc:127.0.0.1:39435|dataStream:|priority:1, 44736ceb-ad1e-44d8-8a85-1de4ce4d0fde|rpc:127.0.0.1:34931|dataStream:|priority:0], old=null
2022-02-08 14:30:50,781 [9c433d8a-234d-492f-a374-35df91077eee@group-19D67EEB3372-LeaderElection32] INFO  impl.LeaderElection (LogUtils.java:infoOrTrace(137)) - 9c433d8a-234d-492f-a374-35df91077eee@group-19D67EEB3372-LeaderElection32 got exception when requesting votes: java.util.concurrent.ExecutionException: org.apache.ratis.thirdparty.io.grpc.StatusRuntimeException: UNAVAILABLE: io exception
2022-02-08 14:30:50,782 [9c433d8a-234d-492f-a374-35df91077eee@group-19D67EEB3372-LeaderElection32] INFO  impl.LeaderElection (LogUtils.java:infoOrTrace(137)) - 9c433d8a-234d-492f-a374-35df91077eee@group-19D67EEB3372-LeaderElection32 got exception when requesting votes: java.util.concurrent.ExecutionException: org.apache.ratis.thirdparty.io.grpc.StatusRuntimeException: UNAVAILABLE: io exception
2022-02-08 14:30:50,782 [9c433d8a-234d-492f-a374-35df91077eee@group-19D67EEB3372-LeaderElection32] INFO  impl.LeaderElection (LeaderElection.java:logAndReturn(89)) - 9c433d8a-234d-492f-a374-35df91077eee@group-19D67EEB3372-LeaderElection32: ELECTION REJECTED received 0 response(s) and 2 exception(s):
2022-02-08 14:30:50,782 [9c433d8a-234d-492f-a374-35df91077eee@group-19D67EEB3372-LeaderElection32] INFO  impl.LeaderElection (LogUtils.java:infoOrTrace(137)) -   Exception 0: java.util.concurrent.ExecutionException: org.apache.ratis.thirdparty.io.grpc.StatusRuntimeException: UNAVAILABLE: io exception
2022-02-08 14:30:50,782 [9c433d8a-234d-492f-a374-35df91077eee@group-19D67EEB3372-LeaderElection32] INFO  impl.LeaderElection (LogUtils.java:infoOrTrace(137)) -   Exception 1: java.util.concurrent.ExecutionException: org.apache.ratis.thirdparty.io.grpc.StatusRuntimeException: UNAVAILABLE: io exception
2022-02-08 14:30:50,782 [9c433d8a-234d-492f-a374-35df91077eee@group-19D67EEB3372-LeaderElection32] INFO  impl.LeaderElection (LeaderElection.java:askForVotes(308)) - 9c433d8a-234d-492f-a374-35df91077eee@group-19D67EEB3372-LeaderElection32 ELECTION round 0: result REJECTED
2022-02-08 14:30:50,782 [9c433d8a-234d-492f-a374-35df91077eee@group-19D67EEB3372-LeaderElection32] INFO  server.RaftServer$Division (RaftServerImpl.java:setRole(290)) - 9c433d8a-234d-492f-a374-35df91077eee@group-19D67EEB3372: changes role from CANDIDATE to FOLLOWER at term 3 for REJECTED
2022-02-08 14:30:50,782 [9c433d8a-234d-492f-a374-35df91077eee@group-19D67EEB3372-LeaderElection32] INFO  impl.RoleInfo (RoleInfo.java:shutdownLeaderElection(121)) - 9c433d8a-234d-492f-a374-35df91077eee: shutdown 9c433d8a-234d-492f-a374-35df91077eee@group-19D67EEB3372-LeaderElection32
2022-02-08 14:30:50,782 [9c433d8a-234d-492f-a374-35df91077eee@group-19D67EEB3372-LeaderElection32] INFO  impl.RoleInfo (RoleInfo.java:updateAndGet(130)) - 9c433d8a-234d-492f-a374-35df91077eee: start 9c433d8a-234d-492f-a374-35df91077eee@group-19D67EEB3372-FollowerState
2022-02-08 14:30:51,160 [grpc-default-executor-2] WARN  server.GrpcLogAppender (LogUtils.java:warn(122)) - 9c433d8a-234d-492f-a374-35df91077eee@group-BFB3F072E4AD->4a6a0aaf-aa28-4f33-a09c-5a4e665a2556-AppendLogResponseHandler: Failed appendEntries: org.apache.ratis.thirdparty.io.grpc.StatusRuntimeException: UNAVAILABLE: io exception
2022-02-08 14:30:51,161 [grpc-default-executor-1] WARN  server.GrpcLogAppender (LogUtils.java:warn(122)) - 9c433d8a-234d-492f-a374-35df91077eee@group-BFB3F072E4AD->44736ceb-ad1e-44d8-8a85-1de4ce4d0fde-AppendLogResponseHandler: Failed appendEntries: org.apache.ratis.thirdparty.io.grpc.StatusRuntimeException: UNAVAILABLE: io exception
2022-02-08 14:30:51,161 [grpc-default-executor-1] WARN  server.GrpcLogAppender (GrpcLogAppender.java:resetClient(110)) - 9c433d8a-234d-492f-a374-35df91077eee@group-BFB3F072E4AD->44736ceb-ad1e-44d8-8a85-1de4ce4d0fde-GrpcLogAppender: Leader has not got in touch with Follower 9c433d8a-234d-492f-a374-35df91077eee@group-BFB3F072E4AD->44736ceb-ad1e-44d8-8a85-1de4ce4d0fde(c0,m0,n1, attendVote=true, lastRpcSendTime=0, lastRpcResponseTime=5016) yet, just keep nextIndex unchanged and retry.
2022-02-08 14:30:51,163 [grpc-default-executor-2] WARN  server.GrpcLogAppender (GrpcLogAppender.java:resetClient(110)) - 9c433d8a-234d-492f-a374-35df91077eee@group-BFB3F072E4AD->4a6a0aaf-aa28-4f33-a09c-5a4e665a2556-GrpcLogAppender: Leader has not got in touch with Follower 9c433d8a-234d-492f-a374-35df91077eee@group-BFB3F072E4AD->4a6a0aaf-aa28-4f33-a09c-5a4e665a2556(c0,m0,n1, attendVote=true, lastRpcSendTime=2504, lastRpcResponseTime=5009) yet, just keep nextIndex unchanged and retry.
2022-02-08 14:30:51,482 [9c433d8a-234d-492f-a374-35df91077eee@group-BFB3F072E4AD-LeaderStateImpl] WARN  server.RaftServer$Division (LeaderStateImpl.java:checkLeadership(974)) - 9c433d8a-234d-492f-a374-35df91077eee@group-BFB3F072E4AD-LeaderStateImpl: Lost leadership on term: 3. Election timeout: 5200ms. In charge for: 10485ms. Conf: 0: [9c433d8a-234d-492f-a374-35df91077eee|rpc:127.0.0.1:41109|dataStream:|priority:1, 4a6a0aaf-aa28-4f33-a09c-5a4e665a2556|rpc:127.0.0.1:39435|dataStream:|priority:0, 44736ceb-ad1e-44d8-8a85-1de4ce4d0fde|rpc:127.0.0.1:34931|dataStream:|priority:0], old=null
2022-02-08 14:30:51,483 [9c433d8a-234d-492f-a374-35df91077eee@group-BFB3F072E4AD-LeaderStateImpl] WARN  server.RaftServer$Division (LeaderStateImpl.java:lambda$checkLeadership$15(978)) - Follower 9c433d8a-234d-492f-a374-35df91077eee@group-BFB3F072E4AD->4a6a0aaf-aa28-4f33-a09c-5a4e665a2556(c0,m0,n1, attendVote=true, lastRpcSendTime=319, lastRpcResponseTime=5330)
2022-02-08 14:30:51,483 [9c433d8a-234d-492f-a374-35df91077eee@group-BFB3F072E4AD-LeaderStateImpl] WARN  server.RaftServer$Division (LeaderStateImpl.java:lambda$checkLeadership$15(978)) - Follower 9c433d8a-234d-492f-a374-35df91077eee@group-BFB3F072E4AD->44736ceb-ad1e-44d8-8a85-1de4ce4d0fde(c0,m0,n1, attendVote=true, lastRpcSendTime=322, lastRpcResponseTime=5338)
2022-02-08 14:30:51,483 [9c433d8a-234d-492f-a374-35df91077eee@group-BFB3F072E4AD-LeaderStateImpl] INFO  server.RaftServer$Division (RaftServerImpl.java:setRole(290)) - 9c433d8a-234d-492f-a374-35df91077eee@group-BFB3F072E4AD: changes role from    LEADER to FOLLOWER at term 3 for StepDownReason:LOST_MAJORITY_HEARTBEATS
2022-02-08 14:30:51,483 [9c433d8a-234d-492f-a374-35df91077eee@group-BFB3F072E4AD-LeaderStateImpl] INFO  impl.RoleInfo (RoleInfo.java:shutdownLeaderState(91)) - 9c433d8a-234d-492f-a374-35df91077eee: shutdown 9c433d8a-234d-492f-a374-35df91077eee@group-BFB3F072E4AD-LeaderStateImpl
2022-02-08 14:30:51,483 [9c433d8a-234d-492f-a374-35df91077eee@group-BFB3F072E4AD-LeaderStateImpl] INFO  impl.PendingRequests (PendingRequests.java:sendNotLeaderResponses(282)) - 9c433d8a-234d-492f-a374-35df91077eee@group-BFB3F072E4AD-PendingRequests: sendNotLeaderResponses
2022-02-08 14:30:51,484 [9c433d8a-234d-492f-a374-35df91077eee@group-BFB3F072E4AD-LeaderStateImpl] INFO  impl.RoleInfo (RoleInfo.java:updateAndGet(130)) - 9c433d8a-234d-492f-a374-35df91077eee: start 9c433d8a-234d-492f-a374-35df91077eee@group-BFB3F072E4AD-FollowerState
2022-02-08 14:30:51,517 [EndpointStateMachine task thread for /127.0.0.1:45997 - 0 ] INFO  ipc.Client (Client.java:handleConnectionFailure(977)) - Retrying connect to server: localhost/127.0.0.1:45997. Already tried 9 time(s); retry policy is RetryUpToMaximumCountWithFixedSleep(maxRetries=15, sleepTime=1000 MILLISECONDS)
2022-02-08 14:30:51,517 [EndpointStateMachine task thread for /127.0.0.1:41469 - 0 ] INFO  ipc.Client (Client.java:handleConnectionFailure(977)) - Retrying connect to server: localhost/127.0.0.1:41469. Already tried 9 time(s); retry policy is RetryUpToMaximumCountWithFixedSleep(maxRetries=15, sleepTime=1000 MILLISECONDS)
2022-02-08 14:30:51,518 [EndpointStateMachine task thread for /127.0.0.1:40885 - 0 ] INFO  ipc.Client (Client.java:handleConnectionFailure(977)) - Retrying connect to server: localhost/127.0.0.1:40885. Already tried 9 time(s); retry policy is RetryUpToMaximumCountWithFixedSleep(maxRetries=15, sleepTime=1000 MILLISECONDS)
2022-02-08 14:30:51,583 [EndpointStateMachine task thread for /127.0.0.1:32969 - 0 ] INFO  ipc.Client (Client.java:handleConnectionFailure(977)) - Retrying connect to server: localhost/127.0.0.1:32969. Already tried 13 time(s); retry policy is RetryUpToMaximumCountWithFixedSleep(maxRetries=15, sleepTime=1000 MILLISECONDS)
2022-02-08 14:30:51,589 [EndpointStateMachine task thread for /127.0.0.1:41397 - 0 ] INFO  ipc.Client (Client.java:handleConnectionFailure(977)) - Retrying connect to server: localhost/127.0.0.1:41397. Already tried 13 time(s); retry policy is RetryUpToMaximumCountWithFixedSleep(maxRetries=15, sleepTime=1000 MILLISECONDS)
2022-02-08 14:30:51,604 [EndpointStateMachine task thread for /127.0.0.1:40085 - 0 ] INFO  ipc.Client (Client.java:handleConnectionFailure(977)) - Retrying connect to server: localhost/127.0.0.1:40085. Already tried 13 time(s); retry policy is RetryUpToMaximumCountWithFixedSleep(maxRetries=15, sleepTime=1000 MILLISECONDS)
2022-02-08 14:30:52,103 [ForkJoinPool.commonPool-worker-1] INFO  statemachine.DatanodeStateMachine (DatanodeStateMachine.java:stopDaemon(529)) - Ozone container server stopped.
2022-02-08 14:30:52,105 [ForkJoinPool.commonPool-worker-1] INFO  handler.ContextHandler (ContextHandler.java:doStop(1153)) - Stopped o.e.j.w.WebAppContext@43c9c0b5{hddsDatanode,/,null,STOPPED}{jar:file:/home/runner/.m2/repository/org/apache/ozone/hdds-container-service/1.3.0-SNAPSHOT/hdds-container-service-1.3.0-SNAPSHOT.jar!/webapps/hddsDatanode}
2022-02-08 14:30:52,125 [ForkJoinPool.commonPool-worker-1] INFO  server.AbstractConnector (AbstractConnector.java:doStop(381)) - Stopped ServerConnector@263f26b3{HTTP/1.1, (http/1.1)}{0.0.0.0:0}
2022-02-08 14:30:52,125 [ForkJoinPool.commonPool-worker-1] INFO  server.session (HouseKeeper.java:stopScavenging(149)) - node0 Stopped scavenging
2022-02-08 14:30:52,126 [ForkJoinPool.commonPool-worker-1] INFO  handler.ContextHandler (ContextHandler.java:doStop(1153)) - Stopped o.e.j.s.ServletContextHandler@5c3c0e5{static,/static,jar:file:/home/runner/.m2/repository/org/apache/ozone/hdds-container-service/1.3.0-SNAPSHOT/hdds-container-service-1.3.0-SNAPSHOT.jar!/webapps/static,STOPPED}
2022-02-08 14:30:52,126 [ForkJoinPool.commonPool-worker-1] INFO  handler.ContextHandler (ContextHandler.java:doStop(1153)) - Stopped o.e.j.s.ServletContextHandler@52d710e2{logs,/logs,file:///home/runner/work/ozone/ozone/hadoop-ozone/integration-test/target/log,STOPPED}
2022-02-08 14:30:52,171 [Listener at 127.0.0.1/38815] INFO  statemachine.DatanodeStateMachine (DatanodeStateMachine.java:stopDaemon(529)) - Ozone container server stopped.
2022-02-08 14:30:52,172 [Listener at 127.0.0.1/38815] INFO  handler.ContextHandler (ContextHandler.java:doStop(1153)) - Stopped o.e.j.w.WebAppContext@53cde2dc{hddsDatanode,/,null,STOPPED}{jar:file:/home/runner/.m2/repository/org/apache/ozone/hdds-container-service/1.3.0-SNAPSHOT/hdds-container-service-1.3.0-SNAPSHOT.jar!/webapps/hddsDatanode}
2022-02-08 14:30:52,173 [Listener at 127.0.0.1/38815] INFO  server.AbstractConnector (AbstractConnector.java:doStop(381)) - Stopped ServerConnector@2486d0ae{HTTP/1.1, (http/1.1)}{0.0.0.0:0}
2022-02-08 14:30:52,173 [Listener at 127.0.0.1/38815] INFO  server.session (HouseKeeper.java:stopScavenging(149)) - node0 Stopped scavenging
2022-02-08 14:30:52,173 [Listener at 127.0.0.1/38815] INFO  handler.ContextHandler (ContextHandler.java:doStop(1153)) - Stopped o.e.j.s.ServletContextHandler@16acdd2f{static,/static,jar:file:/home/runner/.m2/repository/org/apache/ozone/hdds-container-service/1.3.0-SNAPSHOT/hdds-container-service-1.3.0-SNAPSHOT.jar!/webapps/static,STOPPED}
2022-02-08 14:30:52,174 [Listener at 127.0.0.1/38815] INFO  handler.ContextHandler (ContextHandler.java:doStop(1153)) - Stopped o.e.j.s.ServletContextHandler@50b9399a{logs,/logs,file:///home/runner/work/ozone/ozone/hadoop-ozone/integration-test/target/log,STOPPED}
2022-02-08 14:30:52,520 [EndpointStateMachine task thread for /127.0.0.1:40885 - 0 ] INFO  ipc.Client (Client.java:handleConnectionFailure(977)) - Retrying connect to server: localhost/127.0.0.1:40885. Already tried 10 time(s); retry policy is RetryUpToMaximumCountWithFixedSleep(maxRetries=15, sleepTime=1000 MILLISECONDS)
2022-02-08 14:30:52,520 [EndpointStateMachine task thread for /127.0.0.1:45997 - 0 ] INFO  ipc.Client (Client.java:handleConnectionFailure(977)) - Retrying connect to server: localhost/127.0.0.1:45997. Already tried 10 time(s); retry policy is RetryUpToMaximumCountWithFixedSleep(maxRetries=15, sleepTime=1000 MILLISECONDS)
2022-02-08 14:30:52,521 [EndpointStateMachine task thread for /127.0.0.1:41469 - 0 ] INFO  ipc.Client (Client.java:handleConnectionFailure(977)) - Retrying connect to server: localhost/127.0.0.1:41469. Already tried 10 time(s); retry policy is RetryUpToMaximumCountWithFixedSleep(maxRetries=15, sleepTime=1000 MILLISECONDS)
2022-02-08 14:30:52,584 [EndpointStateMachine task thread for /127.0.0.1:32969 - 0 ] INFO  ipc.Client (Client.java:handleConnectionFailure(977)) - Retrying connect to server: localhost/127.0.0.1:32969. Already tried 14 time(s); retry policy is RetryUpToMaximumCountWithFixedSleep(maxRetries=15, sleepTime=1000 MILLISECONDS)
2022-02-08 14:30:52,584 [EndpointStateMachine task thread for /127.0.0.1:32969 - 0 ] WARN  statemachine.EndpointStateMachine (EndpointStateMachine.java:logIfNeeded(236)) - Unable to communicate to SCM server at localhost:32969 for past 0 seconds.
java.net.ConnectException: Call From fv-az151-746/10.1.0.25 to localhost:32969 failed on connection exception: java.net.ConnectException: Connection refused; For more details see:  http://wiki.apache.org/hadoop/ConnectionRefused
	at sun.reflect.GeneratedConstructorAccessor42.newInstance(Unknown Source)
	at sun.reflect.DelegatingConstructorAccessorImpl.newInstance(DelegatingConstructorAccessorImpl.java:45)
	at java.lang.reflect.Constructor.newInstance(Constructor.java:423)
	at org.apache.hadoop.net.NetUtils.wrapWithMessage(NetUtils.java:913)
	at org.apache.hadoop.net.NetUtils.wrapException(NetUtils.java:828)
	at org.apache.hadoop.ipc.Client.getRpcResponse(Client.java:1577)
	at org.apache.hadoop.ipc.Client.call(Client.java:1519)
	at org.apache.hadoop.ipc.Client.call(Client.java:1416)
	at org.apache.hadoop.ipc.ProtobufRpcEngine$Invoker.invoke(ProtobufRpcEngine.java:236)
	at org.apache.hadoop.ipc.ProtobufRpcEngine$Invoker.invoke(ProtobufRpcEngine.java:123)
	at com.sun.proxy.$Proxy48.submitRequest(Unknown Source)
	at org.apache.hadoop.ozone.protocolPB.StorageContainerDatanodeProtocolClientSideTranslatorPB.submitRequest(StorageContainerDatanodeProtocolClientSideTranslatorPB.java:117)
	at org.apache.hadoop.ozone.protocolPB.StorageContainerDatanodeProtocolClientSideTranslatorPB.register(StorageContainerDatanodeProtocolClientSideTranslatorPB.java:180)
	at org.apache.hadoop.ozone.container.common.states.endpoint.RegisterEndpointTask.call(RegisterEndpointTask.java:158)
	at org.apache.hadoop.ozone.container.common.states.endpoint.RegisterEndpointTask.call(RegisterEndpointTask.java:52)
	at java.util.concurrent.FutureTask.run(FutureTask.java:266)
	at java.util.concurrent.ThreadPoolExecutor.runWorker(ThreadPoolExecutor.java:1149)
	at java.util.concurrent.ThreadPoolExecutor$Worker.run(ThreadPoolExecutor.java:624)
	at java.lang.Thread.run(Thread.java:748)
Caused by: java.net.ConnectException: Connection refused
	at sun.nio.ch.SocketChannelImpl.checkConnect(Native Method)
	at sun.nio.ch.SocketChannelImpl.finishConnect(SocketChannelImpl.java:716)
	at org.apache.hadoop.net.SocketIOWithTimeout.connect(SocketIOWithTimeout.java:206)
	at org.apache.hadoop.net.NetUtils.connect(NetUtils.java:586)
	at org.apache.hadoop.ipc.Client$Connection.setupConnection(Client.java:701)
	at org.apache.hadoop.ipc.Client$Connection.setupIOstreams(Client.java:822)
	at org.apache.hadoop.ipc.Client$Connection.access$3800(Client.java:414)
	at org.apache.hadoop.ipc.Client.getConnection(Client.java:1647)
	at org.apache.hadoop.ipc.Client.call(Client.java:1463)
	... 12 more
2022-02-08 14:30:52,590 [EndpointStateMachine task thread for /127.0.0.1:41397 - 0 ] INFO  ipc.Client (Client.java:handleConnectionFailure(977)) - Retrying connect to server: localhost/127.0.0.1:41397. Already tried 14 time(s); retry policy is RetryUpToMaximumCountWithFixedSleep(maxRetries=15, sleepTime=1000 MILLISECONDS)
2022-02-08 14:30:52,604 [EndpointStateMachine task thread for /127.0.0.1:40085 - 0 ] INFO  ipc.Client (Client.java:handleConnectionFailure(977)) - Retrying connect to server: localhost/127.0.0.1:40085. Already tried 14 time(s); retry policy is RetryUpToMaximumCountWithFixedSleep(maxRetries=15, sleepTime=1000 MILLISECONDS)
2022-02-08 14:30:53,013 [Datanode State Machine Daemon Thread] WARN  statemachine.StateContext (StateContext.java:setState(249)) - Ignore disallowed transition from SHUTDOWN to RUNNING
2022-02-08 14:30:53,521 [EndpointStateMachine task thread for /127.0.0.1:45997 - 0 ] INFO  ipc.Client (Client.java:handleConnectionFailure(977)) - Retrying connect to server: localhost/127.0.0.1:45997. Already tried 11 time(s); retry policy is RetryUpToMaximumCountWithFixedSleep(maxRetries=15, sleepTime=1000 MILLISECONDS)
2022-02-08 14:30:53,521 [EndpointStateMachine task thread for /127.0.0.1:41469 - 0 ] INFO  ipc.Client (Client.java:handleConnectionFailure(977)) - Retrying connect to server: localhost/127.0.0.1:41469. Already tried 11 time(s); retry policy is RetryUpToMaximumCountWithFixedSleep(maxRetries=15, sleepTime=1000 MILLISECONDS)
2022-02-08 14:30:53,521 [EndpointStateMachine task thread for /127.0.0.1:40885 - 0 ] INFO  ipc.Client (Client.java:handleConnectionFailure(977)) - Retrying connect to server: localhost/127.0.0.1:40885. Already tried 11 time(s); retry policy is RetryUpToMaximumCountWithFixedSleep(maxRetries=15, sleepTime=1000 MILLISECONDS)
2022-02-08 14:30:53,590 [EndpointStateMachine task thread for /127.0.0.1:32969 - 0 ] INFO  ipc.Client (Client.java:handleConnectionFailure(977)) - Retrying connect to server: localhost/127.0.0.1:32969. Already tried 0 time(s); retry policy is RetryUpToMaximumCountWithFixedSleep(maxRetries=15, sleepTime=1000 MILLISECONDS)
2022-02-08 14:30:53,591 [EndpointStateMachine task thread for /127.0.0.1:41397 - 0 ] INFO  ipc.Client (Client.java:handleConnectionFailure(977)) - Retrying connect to server: localhost/127.0.0.1:41397. Already tried 0 time(s); retry policy is RetryUpToMaximumCountWithFixedSleep(maxRetries=15, sleepTime=1000 MILLISECONDS)
2022-02-08 14:30:53,607 [EndpointStateMachine task thread for /127.0.0.1:40085 - 0 ] INFO  ipc.Client (Client.java:handleConnectionFailure(977)) - Retrying connect to server: localhost/127.0.0.1:40085. Already tried 0 time(s); retry policy is RetryUpToMaximumCountWithFixedSleep(maxRetries=15, sleepTime=1000 MILLISECONDS)
2022-02-08 14:30:54,521 [EndpointStateMachine task thread for /127.0.0.1:45997 - 0 ] INFO  ipc.Client (Client.java:handleConnectionFailure(977)) - Retrying connect to server: localhost/127.0.0.1:45997. Already tried 12 time(s); retry policy is RetryUpToMaximumCountWithFixedSleep(maxRetries=15, sleepTime=1000 MILLISECONDS)
2022-02-08 14:30:54,521 [EndpointStateMachine task thread for /127.0.0.1:41469 - 0 ] INFO  ipc.Client (Client.java:handleConnectionFailure(977)) - Retrying connect to server: localhost/127.0.0.1:41469. Already tried 12 time(s); retry policy is RetryUpToMaximumCountWithFixedSleep(maxRetries=15, sleepTime=1000 MILLISECONDS)
2022-02-08 14:30:54,522 [EndpointStateMachine task thread for /127.0.0.1:40885 - 0 ] INFO  ipc.Client (Client.java:handleConnectionFailure(977)) - Retrying connect to server: localhost/127.0.0.1:40885. Already tried 12 time(s); retry policy is RetryUpToMaximumCountWithFixedSleep(maxRetries=15, sleepTime=1000 MILLISECONDS)
2022-02-08 14:30:54,590 [EndpointStateMachine task thread for /127.0.0.1:32969 - 0 ] INFO  ipc.Client (Client.java:handleConnectionFailure(977)) - Retrying connect to server: localhost/127.0.0.1:32969. Already tried 1 time(s); retry policy is RetryUpToMaximumCountWithFixedSleep(maxRetries=15, sleepTime=1000 MILLISECONDS)
2022-02-08 14:30:54,591 [EndpointStateMachine task thread for /127.0.0.1:41397 - 0 ] INFO  ipc.Client (Client.java:handleConnectionFailure(977)) - Retrying connect to server: localhost/127.0.0.1:41397. Already tried 1 time(s); retry policy is RetryUpToMaximumCountWithFixedSleep(maxRetries=15, sleepTime=1000 MILLISECONDS)
2022-02-08 14:30:54,608 [EndpointStateMachine task thread for /127.0.0.1:40085 - 0 ] INFO  ipc.Client (Client.java:handleConnectionFailure(977)) - Retrying connect to server: localhost/127.0.0.1:40085. Already tried 1 time(s); retry policy is RetryUpToMaximumCountWithFixedSleep(maxRetries=15, sleepTime=1000 MILLISECONDS)
2022-02-08 14:30:55,522 [EndpointStateMachine task thread for /127.0.0.1:45997 - 0 ] INFO  ipc.Client (Client.java:handleConnectionFailure(977)) - Retrying connect to server: localhost/127.0.0.1:45997. Already tried 13 time(s); retry policy is RetryUpToMaximumCountWithFixedSleep(maxRetries=15, sleepTime=1000 MILLISECONDS)
2022-02-08 14:30:55,522 [EndpointStateMachine task thread for /127.0.0.1:41469 - 0 ] INFO  ipc.Client (Client.java:handleConnectionFailure(977)) - Retrying connect to server: localhost/127.0.0.1:41469. Already tried 13 time(s); retry policy is RetryUpToMaximumCountWithFixedSleep(maxRetries=15, sleepTime=1000 MILLISECONDS)
2022-02-08 14:30:55,522 [EndpointStateMachine task thread for /127.0.0.1:40885 - 0 ] INFO  ipc.Client (Client.java:handleConnectionFailure(977)) - Retrying connect to server: localhost/127.0.0.1:40885. Already tried 13 time(s); retry policy is RetryUpToMaximumCountWithFixedSleep(maxRetries=15, sleepTime=1000 MILLISECONDS)
2022-02-08 14:30:55,591 [EndpointStateMachine task thread for /127.0.0.1:32969 - 0 ] INFO  ipc.Client (Client.java:handleConnectionFailure(977)) - Retrying connect to server: localhost/127.0.0.1:32969. Already tried 2 time(s); retry policy is RetryUpToMaximumCountWithFixedSleep(maxRetries=15, sleepTime=1000 MILLISECONDS)
2022-02-08 14:30:55,591 [EndpointStateMachine task thread for /127.0.0.1:41397 - 0 ] INFO  ipc.Client (Client.java:handleConnectionFailure(977)) - Retrying connect to server: localhost/127.0.0.1:41397. Already tried 2 time(s); retry policy is RetryUpToMaximumCountWithFixedSleep(maxRetries=15, sleepTime=1000 MILLISECONDS)
2022-02-08 14:30:55,608 [EndpointStateMachine task thread for /127.0.0.1:40085 - 0 ] INFO  ipc.Client (Client.java:handleConnectionFailure(977)) - Retrying connect to server: localhost/127.0.0.1:40085. Already tried 2 time(s); retry policy is RetryUpToMaximumCountWithFixedSleep(maxRetries=15, sleepTime=1000 MILLISECONDS)
2022-02-08 14:30:55,962 [9c433d8a-234d-492f-a374-35df91077eee@group-19D67EEB3372-FollowerState] INFO  impl.FollowerState (FollowerState.java:run(134)) - 9c433d8a-234d-492f-a374-35df91077eee@group-19D67EEB3372-FollowerState: change to CANDIDATE, lastRpcElapsedTime:5179507884ns, electionTimeout:5179ms
2022-02-08 14:30:55,962 [9c433d8a-234d-492f-a374-35df91077eee@group-19D67EEB3372-FollowerState] INFO  impl.RoleInfo (RoleInfo.java:shutdownFollowerState(108)) - 9c433d8a-234d-492f-a374-35df91077eee: shutdown 9c433d8a-234d-492f-a374-35df91077eee@group-19D67EEB3372-FollowerState
2022-02-08 14:30:55,962 [9c433d8a-234d-492f-a374-35df91077eee@group-19D67EEB3372-FollowerState] INFO  server.RaftServer$Division (RaftServerImpl.java:setRole(290)) - 9c433d8a-234d-492f-a374-35df91077eee@group-19D67EEB3372: changes role from  FOLLOWER to CANDIDATE at term 3 for changeToCandidate
2022-02-08 14:30:55,962 [9c433d8a-234d-492f-a374-35df91077eee@group-19D67EEB3372-FollowerState] INFO  server.RaftServerConfigKeys (ConfUtils.java:logGet(44)) - raft.server.leaderelection.pre-vote = false (custom)
2022-02-08 14:30:55,962 [9c433d8a-234d-492f-a374-35df91077eee@group-19D67EEB3372-FollowerState] INFO  impl.RoleInfo (RoleInfo.java:updateAndGet(130)) - 9c433d8a-234d-492f-a374-35df91077eee: start 9c433d8a-234d-492f-a374-35df91077eee@group-19D67EEB3372-LeaderElection33
2022-02-08 14:30:55,995 [9c433d8a-234d-492f-a374-35df91077eee@group-19D67EEB3372-LeaderElection33] INFO  impl.LeaderElection (LeaderElection.java:askForVotes(306)) - 9c433d8a-234d-492f-a374-35df91077eee@group-19D67EEB3372-LeaderElection33 ELECTION round 0: submit vote requests at term 4 for 0: [9c433d8a-234d-492f-a374-35df91077eee|rpc:127.0.0.1:41109|dataStream:|priority:0, 4a6a0aaf-aa28-4f33-a09c-5a4e665a2556|rpc:127.0.0.1:39435|dataStream:|priority:1, 44736ceb-ad1e-44d8-8a85-1de4ce4d0fde|rpc:127.0.0.1:34931|dataStream:|priority:0], old=null
2022-02-08 14:30:56,024 [9c433d8a-234d-492f-a374-35df91077eee@group-19D67EEB3372-LeaderElection33] INFO  impl.LeaderElection (LogUtils.java:infoOrTrace(137)) - 9c433d8a-234d-492f-a374-35df91077eee@group-19D67EEB3372-LeaderElection33 got exception when requesting votes: java.util.concurrent.ExecutionException: org.apache.ratis.thirdparty.io.grpc.StatusRuntimeException: UNAVAILABLE: io exception
2022-02-08 14:30:56,024 [9c433d8a-234d-492f-a374-35df91077eee@group-19D67EEB3372-LeaderElection33] INFO  impl.LeaderElection (LogUtils.java:infoOrTrace(137)) - 9c433d8a-234d-492f-a374-35df91077eee@group-19D67EEB3372-LeaderElection33 got exception when requesting votes: java.util.concurrent.ExecutionException: org.apache.ratis.thirdparty.io.grpc.StatusRuntimeException: UNAVAILABLE: io exception
2022-02-08 14:30:56,024 [9c433d8a-234d-492f-a374-35df91077eee@group-19D67EEB3372-LeaderElection33] INFO  impl.LeaderElection (LeaderElection.java:logAndReturn(89)) - 9c433d8a-234d-492f-a374-35df91077eee@group-19D67EEB3372-LeaderElection33: ELECTION REJECTED received 0 response(s) and 2 exception(s):
2022-02-08 14:30:56,024 [9c433d8a-234d-492f-a374-35df91077eee@group-19D67EEB3372-LeaderElection33] INFO  impl.LeaderElection (LogUtils.java:infoOrTrace(137)) -   Exception 0: java.util.concurrent.ExecutionException: org.apache.ratis.thirdparty.io.grpc.StatusRuntimeException: UNAVAILABLE: io exception
2022-02-08 14:30:56,024 [9c433d8a-234d-492f-a374-35df91077eee@group-19D67EEB3372-LeaderElection33] INFO  impl.LeaderElection (LogUtils.java:infoOrTrace(137)) -   Exception 1: java.util.concurrent.ExecutionException: org.apache.ratis.thirdparty.io.grpc.StatusRuntimeException: UNAVAILABLE: io exception
2022-02-08 14:30:56,024 [9c433d8a-234d-492f-a374-35df91077eee@group-19D67EEB3372-LeaderElection33] INFO  impl.LeaderElection (LeaderElection.java:askForVotes(308)) - 9c433d8a-234d-492f-a374-35df91077eee@group-19D67EEB3372-LeaderElection33 ELECTION round 0: result REJECTED
2022-02-08 14:30:56,024 [9c433d8a-234d-492f-a374-35df91077eee@group-19D67EEB3372-LeaderElection33] INFO  server.RaftServer$Division (RaftServerImpl.java:setRole(290)) - 9c433d8a-234d-492f-a374-35df91077eee@group-19D67EEB3372: changes role from CANDIDATE to FOLLOWER at term 4 for REJECTED
2022-02-08 14:30:56,024 [9c433d8a-234d-492f-a374-35df91077eee@group-19D67EEB3372-LeaderElection33] INFO  impl.RoleInfo (RoleInfo.java:shutdownLeaderElection(121)) - 9c433d8a-234d-492f-a374-35df91077eee: shutdown 9c433d8a-234d-492f-a374-35df91077eee@group-19D67EEB3372-LeaderElection33
2022-02-08 14:30:56,024 [9c433d8a-234d-492f-a374-35df91077eee@group-19D67EEB3372-LeaderElection33] INFO  impl.RoleInfo (RoleInfo.java:updateAndGet(130)) - 9c433d8a-234d-492f-a374-35df91077eee: start 9c433d8a-234d-492f-a374-35df91077eee@group-19D67EEB3372-FollowerState
2022-02-08 14:30:56,522 [EndpointStateMachine task thread for /127.0.0.1:41469 - 0 ] INFO  ipc.Client (Client.java:handleConnectionFailure(977)) - Retrying connect to server: localhost/127.0.0.1:41469. Already tried 14 time(s); retry policy is RetryUpToMaximumCountWithFixedSleep(maxRetries=15, sleepTime=1000 MILLISECONDS)
2022-02-08 14:30:56,523 [EndpointStateMachine task thread for /127.0.0.1:41469 - 0 ] WARN  statemachine.EndpointStateMachine (EndpointStateMachine.java:logIfNeeded(236)) - Unable to communicate to SCM server at localhost:41469 for past 0 seconds.
java.net.ConnectException: Call From fv-az151-746/10.1.0.25 to localhost:41469 failed on connection exception: java.net.ConnectException: Connection refused; For more details see:  http://wiki.apache.org/hadoop/ConnectionRefused
	at sun.reflect.GeneratedConstructorAccessor42.newInstance(Unknown Source)
	at sun.reflect.DelegatingConstructorAccessorImpl.newInstance(DelegatingConstructorAccessorImpl.java:45)
	at java.lang.reflect.Constructor.newInstance(Constructor.java:423)
	at org.apache.hadoop.net.NetUtils.wrapWithMessage(NetUtils.java:913)
	at org.apache.hadoop.net.NetUtils.wrapException(NetUtils.java:828)
	at org.apache.hadoop.ipc.Client.getRpcResponse(Client.java:1577)
	at org.apache.hadoop.ipc.Client.call(Client.java:1519)
	at org.apache.hadoop.ipc.Client.call(Client.java:1416)
	at org.apache.hadoop.ipc.ProtobufRpcEngine$Invoker.invoke(ProtobufRpcEngine.java:236)
	at org.apache.hadoop.ipc.ProtobufRpcEngine$Invoker.invoke(ProtobufRpcEngine.java:123)
	at com.sun.proxy.$Proxy48.submitRequest(Unknown Source)
	at org.apache.hadoop.ozone.protocolPB.StorageContainerDatanodeProtocolClientSideTranslatorPB.submitRequest(StorageContainerDatanodeProtocolClientSideTranslatorPB.java:117)
	at org.apache.hadoop.ozone.protocolPB.StorageContainerDatanodeProtocolClientSideTranslatorPB.register(StorageContainerDatanodeProtocolClientSideTranslatorPB.java:180)
	at org.apache.hadoop.ozone.container.common.states.endpoint.RegisterEndpointTask.call(RegisterEndpointTask.java:158)
	at org.apache.hadoop.ozone.container.common.states.endpoint.RegisterEndpointTask.call(RegisterEndpointTask.java:52)
	at java.util.concurrent.FutureTask.run(FutureTask.java:266)
	at java.util.concurrent.ThreadPoolExecutor.runWorker(ThreadPoolExecutor.java:1149)
	at java.util.concurrent.ThreadPoolExecutor$Worker.run(ThreadPoolExecutor.java:624)
	at java.lang.Thread.run(Thread.java:748)
Caused by: java.net.ConnectException: Connection refused
	at sun.nio.ch.SocketChannelImpl.checkConnect(Native Method)
	at sun.nio.ch.SocketChannelImpl.finishConnect(SocketChannelImpl.java:716)
	at org.apache.hadoop.net.SocketIOWithTimeout.connect(SocketIOWithTimeout.java:206)
	at org.apache.hadoop.net.NetUtils.connect(NetUtils.java:586)
	at org.apache.hadoop.ipc.Client$Connection.setupConnection(Client.java:701)
	at org.apache.hadoop.ipc.Client$Connection.setupIOstreams(Client.java:822)
	at org.apache.hadoop.ipc.Client$Connection.access$3800(Client.java:414)
	at org.apache.hadoop.ipc.Client.getConnection(Client.java:1647)
	at org.apache.hadoop.ipc.Client.call(Client.java:1463)
	... 12 more
2022-02-08 14:30:56,523 [EndpointStateMachine task thread for /127.0.0.1:40885 - 0 ] INFO  ipc.Client (Client.java:handleConnectionFailure(977)) - Retrying connect to server: localhost/127.0.0.1:40885. Already tried 14 time(s); retry policy is RetryUpToMaximumCountWithFixedSleep(maxRetries=15, sleepTime=1000 MILLISECONDS)
2022-02-08 14:30:56,523 [EndpointStateMachine task thread for /127.0.0.1:40885 - 0 ] WARN  statemachine.EndpointStateMachine (EndpointStateMachine.java:logIfNeeded(236)) - Unable to communicate to SCM server at localhost:40885 for past 0 seconds.
java.net.ConnectException: Call From fv-az151-746/10.1.0.25 to localhost:40885 failed on connection exception: java.net.ConnectException: Connection refused; For more details see:  http://wiki.apache.org/hadoop/ConnectionRefused
	at sun.reflect.GeneratedConstructorAccessor42.newInstance(Unknown Source)
	at sun.reflect.DelegatingConstructorAccessorImpl.newInstance(DelegatingConstructorAccessorImpl.java:45)
	at java.lang.reflect.Constructor.newInstance(Constructor.java:423)
	at org.apache.hadoop.net.NetUtils.wrapWithMessage(NetUtils.java:913)
	at org.apache.hadoop.net.NetUtils.wrapException(NetUtils.java:828)
	at org.apache.hadoop.ipc.Client.getRpcResponse(Client.java:1577)
	at org.apache.hadoop.ipc.Client.call(Client.java:1519)
	at org.apache.hadoop.ipc.Client.call(Client.java:1416)
	at org.apache.hadoop.ipc.ProtobufRpcEngine$Invoker.invoke(ProtobufRpcEngine.java:236)
	at org.apache.hadoop.ipc.ProtobufRpcEngine$Invoker.invoke(ProtobufRpcEngine.java:123)
	at com.sun.proxy.$Proxy48.submitRequest(Unknown Source)
	at org.apache.hadoop.ozone.protocolPB.StorageContainerDatanodeProtocolClientSideTranslatorPB.submitRequest(StorageContainerDatanodeProtocolClientSideTranslatorPB.java:117)
	at org.apache.hadoop.ozone.protocolPB.StorageContainerDatanodeProtocolClientSideTranslatorPB.sendHeartbeat(StorageContainerDatanodeProtocolClientSideTranslatorPB.java:149)
	at org.apache.hadoop.ozone.container.common.states.endpoint.HeartbeatEndpointTask.call(HeartbeatEndpointTask.java:179)
	at org.apache.hadoop.ozone.container.common.states.endpoint.HeartbeatEndpointTask.call(HeartbeatEndpointTask.java:82)
	at java.util.concurrent.FutureTask.run(FutureTask.java:266)
	at java.util.concurrent.ThreadPoolExecutor.runWorker(ThreadPoolExecutor.java:1149)
	at java.util.concurrent.ThreadPoolExecutor$Worker.run(ThreadPoolExecutor.java:624)
	at java.lang.Thread.run(Thread.java:748)
Caused by: java.net.ConnectException: Connection refused
	at sun.nio.ch.SocketChannelImpl.checkConnect(Native Method)
	at sun.nio.ch.SocketChannelImpl.finishConnect(SocketChannelImpl.java:716)
	at org.apache.hadoop.net.SocketIOWithTimeout.connect(SocketIOWithTimeout.java:206)
	at org.apache.hadoop.net.NetUtils.connect(NetUtils.java:586)
	at org.apache.hadoop.ipc.Client$Connection.setupConnection(Client.java:701)
	at org.apache.hadoop.ipc.Client$Connection.setupIOstreams(Client.java:822)
	at org.apache.hadoop.ipc.Client$Connection.access$3800(Client.java:414)
	at org.apache.hadoop.ipc.Client.getConnection(Client.java:1647)
	at org.apache.hadoop.ipc.Client.call(Client.java:1463)
	... 12 more
2022-02-08 14:30:56,525 [EndpointStateMachine task thread for /127.0.0.1:45997 - 0 ] INFO  ipc.Client (Client.java:handleConnectionFailure(977)) - Retrying connect to server: localhost/127.0.0.1:45997. Already tried 14 time(s); retry policy is RetryUpToMaximumCountWithFixedSleep(maxRetries=15, sleepTime=1000 MILLISECONDS)
2022-02-08 14:30:56,525 [EndpointStateMachine task thread for /127.0.0.1:45997 - 0 ] WARN  statemachine.EndpointStateMachine (EndpointStateMachine.java:logIfNeeded(236)) - Unable to communicate to SCM server at localhost:45997 for past 0 seconds.
java.net.ConnectException: Call From fv-az151-746/10.1.0.25 to localhost:45997 failed on connection exception: java.net.ConnectException: Connection refused; For more details see:  http://wiki.apache.org/hadoop/ConnectionRefused
	at sun.reflect.GeneratedConstructorAccessor42.newInstance(Unknown Source)
	at sun.reflect.DelegatingConstructorAccessorImpl.newInstance(DelegatingConstructorAccessorImpl.java:45)
	at java.lang.reflect.Constructor.newInstance(Constructor.java:423)
	at org.apache.hadoop.net.NetUtils.wrapWithMessage(NetUtils.java:913)
	at org.apache.hadoop.net.NetUtils.wrapException(NetUtils.java:828)
	at org.apache.hadoop.ipc.Client.getRpcResponse(Client.java:1577)
	at org.apache.hadoop.ipc.Client.call(Client.java:1519)
	at org.apache.hadoop.ipc.Client.call(Client.java:1416)
	at org.apache.hadoop.ipc.ProtobufRpcEngine$Invoker.invoke(ProtobufRpcEngine.java:236)
	at org.apache.hadoop.ipc.ProtobufRpcEngine$Invoker.invoke(ProtobufRpcEngine.java:123)
	at com.sun.proxy.$Proxy48.submitRequest(Unknown Source)
	at org.apache.hadoop.ozone.protocolPB.StorageContainerDatanodeProtocolClientSideTranslatorPB.submitRequest(StorageContainerDatanodeProtocolClientSideTranslatorPB.java:117)
	at org.apache.hadoop.ozone.protocolPB.StorageContainerDatanodeProtocolClientSideTranslatorPB.sendHeartbeat(StorageContainerDatanodeProtocolClientSideTranslatorPB.java:149)
	at org.apache.hadoop.ozone.container.common.states.endpoint.HeartbeatEndpointTask.call(HeartbeatEndpointTask.java:179)
	at org.apache.hadoop.ozone.container.common.states.endpoint.HeartbeatEndpointTask.call(HeartbeatEndpointTask.java:82)
	at java.util.concurrent.FutureTask.run(FutureTask.java:266)
	at java.util.concurrent.ThreadPoolExecutor.runWorker(ThreadPoolExecutor.java:1149)
	at java.util.concurrent.ThreadPoolExecutor$Worker.run(ThreadPoolExecutor.java:624)
	at java.lang.Thread.run(Thread.java:748)
Caused by: java.net.ConnectException: Connection refused
	at sun.nio.ch.SocketChannelImpl.checkConnect(Native Method)
	at sun.nio.ch.SocketChannelImpl.finishConnect(SocketChannelImpl.java:716)
	at org.apache.hadoop.net.SocketIOWithTimeout.connect(SocketIOWithTimeout.java:206)
	at org.apache.hadoop.net.NetUtils.connect(NetUtils.java:586)
	at org.apache.hadoop.ipc.Client$Connection.setupConnection(Client.java:701)
	at org.apache.hadoop.ipc.Client$Connection.setupIOstreams(Client.java:822)
	at org.apache.hadoop.ipc.Client$Connection.access$3800(Client.java:414)
	at org.apache.hadoop.ipc.Client.getConnection(Client.java:1647)
	at org.apache.hadoop.ipc.Client.call(Client.java:1463)
	... 12 more
2022-02-08 14:30:56,591 [EndpointStateMachine task thread for /127.0.0.1:32969 - 0 ] INFO  ipc.Client (Client.java:handleConnectionFailure(977)) - Retrying connect to server: localhost/127.0.0.1:32969. Already tried 3 time(s); retry policy is RetryUpToMaximumCountWithFixedSleep(maxRetries=15, sleepTime=1000 MILLISECONDS)
2022-02-08 14:30:56,592 [EndpointStateMachine task thread for /127.0.0.1:41397 - 0 ] INFO  ipc.Client (Client.java:handleConnectionFailure(977)) - Retrying connect to server: localhost/127.0.0.1:41397. Already tried 3 time(s); retry policy is RetryUpToMaximumCountWithFixedSleep(maxRetries=15, sleepTime=1000 MILLISECONDS)
2022-02-08 14:30:56,608 [EndpointStateMachine task thread for /127.0.0.1:40085 - 0 ] INFO  ipc.Client (Client.java:handleConnectionFailure(977)) - Retrying connect to server: localhost/127.0.0.1:40085. Already tried 3 time(s); retry policy is RetryUpToMaximumCountWithFixedSleep(maxRetries=15, sleepTime=1000 MILLISECONDS)
2022-02-08 14:30:56,609 [9c433d8a-234d-492f-a374-35df91077eee@group-BFB3F072E4AD-FollowerState] INFO  impl.FollowerState (FollowerState.java:lostMajorityHeartbeatsRecently(107)) - 9c433d8a-234d-492f-a374-35df91077eee@group-BFB3F072E4AD-FollowerState: Skipping leader election since it stepped down recently (elapsed = 5125ms < waitTime = 10s)
2022-02-08 14:30:57,130 [ForkJoinPool.commonPool-worker-1] INFO  ozoneimpl.OzoneContainer (OzoneContainer.java:stop(336)) - Attempting to stop container services.
2022-02-08 14:30:57,131 [ForkJoinPool.commonPool-worker-1] INFO  server.RaftServer (RaftServerProxy.java:lambda$close$6(391)) - 9c433d8a-234d-492f-a374-35df91077eee: close
2022-02-08 14:30:57,131 [ForkJoinPool.commonPool-worker-1] INFO  server.RaftServer$Division (RaftServerImpl.java:lambda$close$4(412)) - 9c433d8a-234d-492f-a374-35df91077eee@group-BFB3F072E4AD: shutdown
2022-02-08 14:30:57,131 [ForkJoinPool.commonPool-worker-1] INFO  util.JmxRegister (JmxRegister.java:unregister(73)) - Successfully un-registered JMX Bean with object name Ratis:service=RaftServer,group=group-BFB3F072E4AD,id=9c433d8a-234d-492f-a374-35df91077eee
2022-02-08 14:30:57,131 [ForkJoinPool.commonPool-worker-1] INFO  impl.RoleInfo (RoleInfo.java:shutdownFollowerState(108)) - 9c433d8a-234d-492f-a374-35df91077eee: shutdown 9c433d8a-234d-492f-a374-35df91077eee@group-BFB3F072E4AD-FollowerState
2022-02-08 14:30:57,131 [ForkJoinPool.commonPool-worker-1] INFO  impl.StateMachineUpdater (StateMachineUpdater.java:stopAndJoin(149)) - 9c433d8a-234d-492f-a374-35df91077eee@group-BFB3F072E4AD-StateMachineUpdater: set stopIndex = 0
2022-02-08 14:30:57,131 [9c433d8a-234d-492f-a374-35df91077eee@group-BFB3F072E4AD-FollowerState] INFO  impl.FollowerState (FollowerState.java:run(143)) - 9c433d8a-234d-492f-a374-35df91077eee@group-BFB3F072E4AD-FollowerState was interrupted: {}
java.lang.InterruptedException: sleep interrupted
	at java.lang.Thread.sleep(Native Method)
	at java.lang.Thread.sleep(Thread.java:340)
	at java.util.concurrent.TimeUnit.sleep(TimeUnit.java:386)
	at org.apache.ratis.util.TimeDuration.sleep(TimeDuration.java:324)
	at org.apache.ratis.util.TimeDuration.sleep(TimeDuration.java:309)
	at org.apache.ratis.server.impl.FollowerState.run(FollowerState.java:118)
2022-02-08 14:30:57,132 [9c433d8a-234d-492f-a374-35df91077eee@group-BFB3F072E4AD-StateMachineUpdater] INFO  ratis.ContainerStateMachine (ContainerStateMachine.java:takeSnapshot(299)) - group-BFB3F072E4AD: Taking a snapshot at:(t:3, i:0) file /home/runner/work/ozone/ozone/hadoop-ozone/integration-test/target/test-dir/MiniOzoneClusterImpl-be5678e2-4507-4d84-8cb9-fc99c0f819fc/datanode-2/data/ratis/504b4b76-6570-4a93-bdf0-bfb3f072e4ad/sm/snapshot.3_0
2022-02-08 14:30:57,141 [9c433d8a-234d-492f-a374-35df91077eee@group-BFB3F072E4AD-StateMachineUpdater] INFO  ratis.ContainerStateMachine (ContainerStateMachine.java:takeSnapshot(310)) - group-BFB3F072E4AD: Finished taking a snapshot at:(t:3, i:0) file:/home/runner/work/ozone/ozone/hadoop-ozone/integration-test/target/test-dir/MiniOzoneClusterImpl-be5678e2-4507-4d84-8cb9-fc99c0f819fc/datanode-2/data/ratis/504b4b76-6570-4a93-bdf0-bfb3f072e4ad/sm/snapshot.3_0 took: 8 ms
2022-02-08 14:30:57,141 [9c433d8a-234d-492f-a374-35df91077eee@group-BFB3F072E4AD-StateMachineUpdater] INFO  impl.StateMachineUpdater (StateMachineUpdater.java:takeSnapshot(281)) - 9c433d8a-234d-492f-a374-35df91077eee@group-BFB3F072E4AD-StateMachineUpdater: Took a snapshot at index 0
2022-02-08 14:30:57,141 [9c433d8a-234d-492f-a374-35df91077eee@group-BFB3F072E4AD-StateMachineUpdater] INFO  impl.StateMachineUpdater (StateMachineUpdater.java:lambda$new$0(89)) - 9c433d8a-234d-492f-a374-35df91077eee@group-BFB3F072E4AD-StateMachineUpdater: snapshotIndex: updateIncreasingly -1 -> 0
2022-02-08 14:30:57,141 [ForkJoinPool.commonPool-worker-1] INFO  server.RaftServer$Division (ServerState.java:close(419)) - 9c433d8a-234d-492f-a374-35df91077eee@group-BFB3F072E4AD: closes. applyIndex: 0
2022-02-08 14:30:57,141 [9c433d8a-234d-492f-a374-35df91077eee@group-BFB3F072E4AD-SegmentedRaftLogWorker] INFO  segmented.SegmentedRaftLogWorker (SegmentedRaftLogWorker.java:run(327)) - 9c433d8a-234d-492f-a374-35df91077eee@group-BFB3F072E4AD-SegmentedRaftLogWorker was interrupted, exiting. There are 0 tasks remaining in the queue.
2022-02-08 14:30:57,141 [ForkJoinPool.commonPool-worker-1] INFO  segmented.SegmentedRaftLogWorker (SegmentedRaftLogWorker.java:close(237)) - 9c433d8a-234d-492f-a374-35df91077eee@group-BFB3F072E4AD-SegmentedRaftLogWorker close()
2022-02-08 14:30:57,141 [ForkJoinPool.commonPool-worker-1] INFO  server.RaftServer$Division (RaftServerImpl.java:lambda$close$4(412)) - 9c433d8a-234d-492f-a374-35df91077eee@group-E84B4EFC87A5: shutdown
2022-02-08 14:30:57,142 [ForkJoinPool.commonPool-worker-1] INFO  util.JmxRegister (JmxRegister.java:unregister(73)) - Successfully un-registered JMX Bean with object name Ratis:service=RaftServer,group=group-E84B4EFC87A5,id=9c433d8a-234d-492f-a374-35df91077eee
2022-02-08 14:30:57,142 [ForkJoinPool.commonPool-worker-1] INFO  impl.RoleInfo (RoleInfo.java:shutdownLeaderState(91)) - 9c433d8a-234d-492f-a374-35df91077eee: shutdown 9c433d8a-234d-492f-a374-35df91077eee@group-E84B4EFC87A5-LeaderStateImpl
2022-02-08 14:30:57,142 [ForkJoinPool.commonPool-worker-1] INFO  impl.PendingRequests (PendingRequests.java:sendNotLeaderResponses(282)) - 9c433d8a-234d-492f-a374-35df91077eee@group-E84B4EFC87A5-PendingRequests: sendNotLeaderResponses
2022-02-08 14:30:57,142 [ForkJoinPool.commonPool-worker-1] INFO  impl.StateMachineUpdater (StateMachineUpdater.java:stopAndJoin(149)) - 9c433d8a-234d-492f-a374-35df91077eee@group-E84B4EFC87A5-StateMachineUpdater: set stopIndex = 0
2022-02-08 14:30:57,143 [9c433d8a-234d-492f-a374-35df91077eee@group-E84B4EFC87A5-StateMachineUpdater] INFO  ratis.ContainerStateMachine (ContainerStateMachine.java:takeSnapshot(299)) - group-E84B4EFC87A5: Taking a snapshot at:(t:1, i:0) file /home/runner/work/ozone/ozone/hadoop-ozone/integration-test/target/test-dir/MiniOzoneClusterImpl-be5678e2-4507-4d84-8cb9-fc99c0f819fc/datanode-2/data/ratis/e5c7d492-f82f-4aea-a02b-e84b4efc87a5/sm/snapshot.1_0
2022-02-08 14:30:57,144 [9c433d8a-234d-492f-a374-35df91077eee@group-E84B4EFC87A5-StateMachineUpdater] INFO  ratis.ContainerStateMachine (ContainerStateMachine.java:takeSnapshot(310)) - group-E84B4EFC87A5: Finished taking a snapshot at:(t:1, i:0) file:/home/runner/work/ozone/ozone/hadoop-ozone/integration-test/target/test-dir/MiniOzoneClusterImpl-be5678e2-4507-4d84-8cb9-fc99c0f819fc/datanode-2/data/ratis/e5c7d492-f82f-4aea-a02b-e84b4efc87a5/sm/snapshot.1_0 took: 1 ms
2022-02-08 14:30:57,144 [9c433d8a-234d-492f-a374-35df91077eee@group-E84B4EFC87A5-StateMachineUpdater] INFO  impl.StateMachineUpdater (StateMachineUpdater.java:takeSnapshot(281)) - 9c433d8a-234d-492f-a374-35df91077eee@group-E84B4EFC87A5-StateMachineUpdater: Took a snapshot at index 0
2022-02-08 14:30:57,144 [9c433d8a-234d-492f-a374-35df91077eee@group-E84B4EFC87A5-StateMachineUpdater] INFO  impl.StateMachineUpdater (StateMachineUpdater.java:lambda$new$0(89)) - 9c433d8a-234d-492f-a374-35df91077eee@group-E84B4EFC87A5-StateMachineUpdater: snapshotIndex: updateIncreasingly -1 -> 0
2022-02-08 14:30:57,145 [ForkJoinPool.commonPool-worker-1] INFO  server.RaftServer$Division (ServerState.java:close(419)) - 9c433d8a-234d-492f-a374-35df91077eee@group-E84B4EFC87A5: closes. applyIndex: 0
2022-02-08 14:30:57,145 [9c433d8a-234d-492f-a374-35df91077eee@group-E84B4EFC87A5-SegmentedRaftLogWorker] INFO  segmented.SegmentedRaftLogWorker (SegmentedRaftLogWorker.java:run(327)) - 9c433d8a-234d-492f-a374-35df91077eee@group-E84B4EFC87A5-SegmentedRaftLogWorker was interrupted, exiting. There are 0 tasks remaining in the queue.
2022-02-08 14:30:57,145 [ForkJoinPool.commonPool-worker-1] INFO  segmented.SegmentedRaftLogWorker (SegmentedRaftLogWorker.java:close(237)) - 9c433d8a-234d-492f-a374-35df91077eee@group-E84B4EFC87A5-SegmentedRaftLogWorker close()
2022-02-08 14:30:57,145 [ForkJoinPool.commonPool-worker-1] INFO  server.RaftServer$Division (RaftServerImpl.java:lambda$close$4(412)) - 9c433d8a-234d-492f-a374-35df91077eee@group-19D67EEB3372: shutdown
2022-02-08 14:30:57,145 [ForkJoinPool.commonPool-worker-1] INFO  util.JmxRegister (JmxRegister.java:unregister(73)) - Successfully un-registered JMX Bean with object name Ratis:service=RaftServer,group=group-19D67EEB3372,id=9c433d8a-234d-492f-a374-35df91077eee
2022-02-08 14:30:57,145 [ForkJoinPool.commonPool-worker-1] INFO  impl.RoleInfo (RoleInfo.java:shutdownFollowerState(108)) - 9c433d8a-234d-492f-a374-35df91077eee: shutdown 9c433d8a-234d-492f-a374-35df91077eee@group-19D67EEB3372-FollowerState
2022-02-08 14:30:57,145 [ForkJoinPool.commonPool-worker-1] INFO  impl.StateMachineUpdater (StateMachineUpdater.java:stopAndJoin(149)) - 9c433d8a-234d-492f-a374-35df91077eee@group-19D67EEB3372-StateMachineUpdater: set stopIndex = 0
2022-02-08 14:30:57,145 [9c433d8a-234d-492f-a374-35df91077eee@group-19D67EEB3372-FollowerState] INFO  impl.FollowerState (FollowerState.java:run(143)) - 9c433d8a-234d-492f-a374-35df91077eee@group-19D67EEB3372-FollowerState was interrupted: {}
java.lang.InterruptedException: sleep interrupted
	at java.lang.Thread.sleep(Native Method)
	at java.lang.Thread.sleep(Thread.java:340)
	at java.util.concurrent.TimeUnit.sleep(TimeUnit.java:386)
	at org.apache.ratis.util.TimeDuration.sleep(TimeDuration.java:324)
	at org.apache.ratis.util.TimeDuration.sleep(TimeDuration.java:309)
	at org.apache.ratis.server.impl.FollowerState.run(FollowerState.java:118)
2022-02-08 14:30:57,145 [9c433d8a-234d-492f-a374-35df91077eee@group-19D67EEB3372-StateMachineUpdater] INFO  ratis.ContainerStateMachine (ContainerStateMachine.java:takeSnapshot(299)) - group-19D67EEB3372: Taking a snapshot at:(t:2, i:0) file /home/runner/work/ozone/ozone/hadoop-ozone/integration-test/target/test-dir/MiniOzoneClusterImpl-be5678e2-4507-4d84-8cb9-fc99c0f819fc/datanode-2/data/ratis/ae829453-1884-4fd5-8322-19d67eeb3372/sm/snapshot.2_0
2022-02-08 14:30:57,146 [9c433d8a-234d-492f-a374-35df91077eee@group-19D67EEB3372-StateMachineUpdater] INFO  ratis.ContainerStateMachine (ContainerStateMachine.java:takeSnapshot(310)) - group-19D67EEB3372: Finished taking a snapshot at:(t:2, i:0) file:/home/runner/work/ozone/ozone/hadoop-ozone/integration-test/target/test-dir/MiniOzoneClusterImpl-be5678e2-4507-4d84-8cb9-fc99c0f819fc/datanode-2/data/ratis/ae829453-1884-4fd5-8322-19d67eeb3372/sm/snapshot.2_0 took: 1 ms
2022-02-08 14:30:57,146 [9c433d8a-234d-492f-a374-35df91077eee@group-19D67EEB3372-StateMachineUpdater] INFO  impl.StateMachineUpdater (StateMachineUpdater.java:takeSnapshot(281)) - 9c433d8a-234d-492f-a374-35df91077eee@group-19D67EEB3372-StateMachineUpdater: Took a snapshot at index 0
2022-02-08 14:30:57,146 [9c433d8a-234d-492f-a374-35df91077eee@group-19D67EEB3372-StateMachineUpdater] INFO  impl.StateMachineUpdater (StateMachineUpdater.java:lambda$new$0(89)) - 9c433d8a-234d-492f-a374-35df91077eee@group-19D67EEB3372-StateMachineUpdater: snapshotIndex: updateIncreasingly -1 -> 0
2022-02-08 14:30:57,146 [ForkJoinPool.commonPool-worker-1] INFO  server.RaftServer$Division (ServerState.java:close(419)) - 9c433d8a-234d-492f-a374-35df91077eee@group-19D67EEB3372: closes. applyIndex: 0
2022-02-08 14:30:57,147 [9c433d8a-234d-492f-a374-35df91077eee@group-19D67EEB3372-SegmentedRaftLogWorker] INFO  segmented.SegmentedRaftLogWorker (SegmentedRaftLogWorker.java:run(327)) - 9c433d8a-234d-492f-a374-35df91077eee@group-19D67EEB3372-SegmentedRaftLogWorker was interrupted, exiting. There are 0 tasks remaining in the queue.
2022-02-08 14:30:57,147 [ForkJoinPool.commonPool-worker-1] INFO  segmented.SegmentedRaftLogWorker (SegmentedRaftLogWorker.java:close(237)) - 9c433d8a-234d-492f-a374-35df91077eee@group-19D67EEB3372-SegmentedRaftLogWorker close()
2022-02-08 14:30:57,147 [ForkJoinPool.commonPool-worker-1] INFO  server.GrpcService (GrpcService.java:closeImpl(262)) - 9c433d8a-234d-492f-a374-35df91077eee: shutdown server with port 41109 now
2022-02-08 14:30:57,148 [ForkJoinPool.commonPool-worker-1] INFO  server.GrpcService (GrpcService.java:closeImpl(271)) - 9c433d8a-234d-492f-a374-35df91077eee: shutdown server with port 41109 successfully
2022-02-08 14:30:57,160 [org.apache.ratis.util.JvmPauseMonitor$$Lambda$503/424226973@5f708fd7] INFO  util.JvmPauseMonitor (JvmPauseMonitor.java:run(109)) - JvmPauseMonitor-9c433d8a-234d-492f-a374-35df91077eee: Stopped
2022-02-08 14:30:57,524 [EndpointStateMachine task thread for /127.0.0.1:40885 - 0 ] INFO  ipc.Client (Client.java:handleConnectionFailure(977)) - Retrying connect to server: localhost/127.0.0.1:40885. Already tried 0 time(s); retry policy is RetryUpToMaximumCountWithFixedSleep(maxRetries=15, sleepTime=1000 MILLISECONDS)
2022-02-08 14:30:57,524 [EndpointStateMachine task thread for /127.0.0.1:41469 - 0 ] INFO  ipc.Client (Client.java:handleConnectionFailure(977)) - Retrying connect to server: localhost/127.0.0.1:41469. Already tried 0 time(s); retry policy is RetryUpToMaximumCountWithFixedSleep(maxRetries=15, sleepTime=1000 MILLISECONDS)
2022-02-08 14:30:57,525 [EndpointStateMachine task thread for /127.0.0.1:45997 - 0 ] INFO  ipc.Client (Client.java:handleConnectionFailure(977)) - Retrying connect to server: localhost/127.0.0.1:45997. Already tried 0 time(s); retry policy is RetryUpToMaximumCountWithFixedSleep(maxRetries=15, sleepTime=1000 MILLISECONDS)
2022-02-08 14:30:57,592 [EndpointStateMachine task thread for /127.0.0.1:32969 - 0 ] INFO  ipc.Client (Client.java:handleConnectionFailure(977)) - Retrying connect to server: localhost/127.0.0.1:32969. Already tried 4 time(s); retry policy is RetryUpToMaximumCountWithFixedSleep(maxRetries=15, sleepTime=1000 MILLISECONDS)
2022-02-08 14:30:57,592 [EndpointStateMachine task thread for /127.0.0.1:41397 - 0 ] INFO  ipc.Client (Client.java:handleConnectionFailure(977)) - Retrying connect to server: localhost/127.0.0.1:41397. Already tried 4 time(s); retry policy is RetryUpToMaximumCountWithFixedSleep(maxRetries=15, sleepTime=1000 MILLISECONDS)
2022-02-08 14:30:57,609 [EndpointStateMachine task thread for /127.0.0.1:40085 - 0 ] INFO  ipc.Client (Client.java:handleConnectionFailure(977)) - Retrying connect to server: localhost/127.0.0.1:40085. Already tried 4 time(s); retry policy is RetryUpToMaximumCountWithFixedSleep(maxRetries=15, sleepTime=1000 MILLISECONDS)
2022-02-08 14:30:58,524 [EndpointStateMachine task thread for /127.0.0.1:40885 - 0 ] INFO  ipc.Client (Client.java:handleConnectionFailure(977)) - Retrying connect to server: localhost/127.0.0.1:40885. Already tried 1 time(s); retry policy is RetryUpToMaximumCountWithFixedSleep(maxRetries=15, sleepTime=1000 MILLISECONDS)
2022-02-08 14:30:58,524 [EndpointStateMachine task thread for /127.0.0.1:41469 - 0 ] INFO  ipc.Client (Client.java:handleConnectionFailure(977)) - Retrying connect to server: localhost/127.0.0.1:41469. Already tried 1 time(s); retry policy is RetryUpToMaximumCountWithFixedSleep(maxRetries=15, sleepTime=1000 MILLISECONDS)
2022-02-08 14:30:58,526 [EndpointStateMachine task thread for /127.0.0.1:45997 - 0 ] INFO  ipc.Client (Client.java:handleConnectionFailure(977)) - Retrying connect to server: localhost/127.0.0.1:45997. Already tried 1 time(s); retry policy is RetryUpToMaximumCountWithFixedSleep(maxRetries=15, sleepTime=1000 MILLISECONDS)
2022-02-08 14:30:58,592 [EndpointStateMachine task thread for /127.0.0.1:32969 - 0 ] INFO  ipc.Client (Client.java:handleConnectionFailure(977)) - Retrying connect to server: localhost/127.0.0.1:32969. Already tried 5 time(s); retry policy is RetryUpToMaximumCountWithFixedSleep(maxRetries=15, sleepTime=1000 MILLISECONDS)
2022-02-08 14:30:58,592 [EndpointStateMachine task thread for /127.0.0.1:41397 - 0 ] INFO  ipc.Client (Client.java:handleConnectionFailure(977)) - Retrying connect to server: localhost/127.0.0.1:41397. Already tried 5 time(s); retry policy is RetryUpToMaximumCountWithFixedSleep(maxRetries=15, sleepTime=1000 MILLISECONDS)
2022-02-08 14:30:58,609 [EndpointStateMachine task thread for /127.0.0.1:40085 - 0 ] INFO  ipc.Client (Client.java:handleConnectionFailure(977)) - Retrying connect to server: localhost/127.0.0.1:40085. Already tried 5 time(s); retry policy is RetryUpToMaximumCountWithFixedSleep(maxRetries=15, sleepTime=1000 MILLISECONDS)
2022-02-08 14:30:59,175 [ForkJoinPool.commonPool-worker-1] INFO  utils.BackgroundService (BackgroundService.java:shutdown(132)) - Shutting down service BlockDeletingService
2022-02-08 14:30:59,525 [EndpointStateMachine task thread for /127.0.0.1:40885 - 0 ] INFO  ipc.Client (Client.java:handleConnectionFailure(977)) - Retrying connect to server: localhost/127.0.0.1:40885. Already tried 2 time(s); retry policy is RetryUpToMaximumCountWithFixedSleep(maxRetries=15, sleepTime=1000 MILLISECONDS)
2022-02-08 14:30:59,525 [EndpointStateMachine task thread for /127.0.0.1:41469 - 0 ] INFO  ipc.Client (Client.java:handleConnectionFailure(977)) - Retrying connect to server: localhost/127.0.0.1:41469. Already tried 2 time(s); retry policy is RetryUpToMaximumCountWithFixedSleep(maxRetries=15, sleepTime=1000 MILLISECONDS)
2022-02-08 14:30:59,526 [EndpointStateMachine task thread for /127.0.0.1:45997 - 0 ] INFO  ipc.Client (Client.java:handleConnectionFailure(977)) - Retrying connect to server: localhost/127.0.0.1:45997. Already tried 2 time(s); retry policy is RetryUpToMaximumCountWithFixedSleep(maxRetries=15, sleepTime=1000 MILLISECONDS)
2022-02-08 14:30:59,593 [EndpointStateMachine task thread for /127.0.0.1:32969 - 0 ] INFO  ipc.Client (Client.java:handleConnectionFailure(977)) - Retrying connect to server: localhost/127.0.0.1:32969. Already tried 6 time(s); retry policy is RetryUpToMaximumCountWithFixedSleep(maxRetries=15, sleepTime=1000 MILLISECONDS)
2022-02-08 14:30:59,593 [EndpointStateMachine task thread for /127.0.0.1:41397 - 0 ] INFO  ipc.Client (Client.java:handleConnectionFailure(977)) - Retrying connect to server: localhost/127.0.0.1:41397. Already tried 6 time(s); retry policy is RetryUpToMaximumCountWithFixedSleep(maxRetries=15, sleepTime=1000 MILLISECONDS)
2022-02-08 14:30:59,609 [EndpointStateMachine task thread for /127.0.0.1:40085 - 0 ] INFO  ipc.Client (Client.java:handleConnectionFailure(977)) - Retrying connect to server: localhost/127.0.0.1:40085. Already tried 6 time(s); retry policy is RetryUpToMaximumCountWithFixedSleep(maxRetries=15, sleepTime=1000 MILLISECONDS)
2022-02-08 14:31:00,525 [EndpointStateMachine task thread for /127.0.0.1:40885 - 0 ] INFO  ipc.Client (Client.java:handleConnectionFailure(977)) - Retrying connect to server: localhost/127.0.0.1:40885. Already tried 3 time(s); retry policy is RetryUpToMaximumCountWithFixedSleep(maxRetries=15, sleepTime=1000 MILLISECONDS)
2022-02-08 14:31:00,525 [EndpointStateMachine task thread for /127.0.0.1:41469 - 0 ] INFO  ipc.Client (Client.java:handleConnectionFailure(977)) - Retrying connect to server: localhost/127.0.0.1:41469. Already tried 3 time(s); retry policy is RetryUpToMaximumCountWithFixedSleep(maxRetries=15, sleepTime=1000 MILLISECONDS)
2022-02-08 14:31:00,526 [EndpointStateMachine task thread for /127.0.0.1:45997 - 0 ] INFO  ipc.Client (Client.java:handleConnectionFailure(977)) - Retrying connect to server: localhost/127.0.0.1:45997. Already tried 3 time(s); retry policy is RetryUpToMaximumCountWithFixedSleep(maxRetries=15, sleepTime=1000 MILLISECONDS)
2022-02-08 14:31:00,593 [EndpointStateMachine task thread for /127.0.0.1:32969 - 0 ] INFO  ipc.Client (Client.java:handleConnectionFailure(977)) - Retrying connect to server: localhost/127.0.0.1:32969. Already tried 7 time(s); retry policy is RetryUpToMaximumCountWithFixedSleep(maxRetries=15, sleepTime=1000 MILLISECONDS)
2022-02-08 14:31:00,593 [EndpointStateMachine task thread for /127.0.0.1:41397 - 0 ] INFO  ipc.Client (Client.java:handleConnectionFailure(977)) - Retrying connect to server: localhost/127.0.0.1:41397. Already tried 7 time(s); retry policy is RetryUpToMaximumCountWithFixedSleep(maxRetries=15, sleepTime=1000 MILLISECONDS)
2022-02-08 14:31:00,609 [EndpointStateMachine task thread for /127.0.0.1:40085 - 0 ] INFO  ipc.Client (Client.java:handleConnectionFailure(977)) - Retrying connect to server: localhost/127.0.0.1:40085. Already tried 7 time(s); retry policy is RetryUpToMaximumCountWithFixedSleep(maxRetries=15, sleepTime=1000 MILLISECONDS)
2022-02-08 14:31:01,526 [EndpointStateMachine task thread for /127.0.0.1:40885 - 0 ] INFO  ipc.Client (Client.java:handleConnectionFailure(977)) - Retrying connect to server: localhost/127.0.0.1:40885. Already tried 4 time(s); retry policy is RetryUpToMaximumCountWithFixedSleep(maxRetries=15, sleepTime=1000 MILLISECONDS)
2022-02-08 14:31:01,526 [EndpointStateMachine task thread for /127.0.0.1:41469 - 0 ] INFO  ipc.Client (Client.java:handleConnectionFailure(977)) - Retrying connect to server: localhost/127.0.0.1:41469. Already tried 4 time(s); retry policy is RetryUpToMaximumCountWithFixedSleep(maxRetries=15, sleepTime=1000 MILLISECONDS)
2022-02-08 14:31:01,526 [EndpointStateMachine task thread for /127.0.0.1:45997 - 0 ] INFO  ipc.Client (Client.java:handleConnectionFailure(977)) - Retrying connect to server: localhost/127.0.0.1:45997. Already tried 4 time(s); retry policy is RetryUpToMaximumCountWithFixedSleep(maxRetries=15, sleepTime=1000 MILLISECONDS)
2022-02-08 14:31:01,605 [EndpointStateMachine task thread for /127.0.0.1:41397 - 0 ] INFO  ipc.Client (Client.java:handleConnectionFailure(977)) - Retrying connect to server: localhost/127.0.0.1:41397. Already tried 8 time(s); retry policy is RetryUpToMaximumCountWithFixedSleep(maxRetries=15, sleepTime=1000 MILLISECONDS)
2022-02-08 14:31:01,605 [EndpointStateMachine task thread for /127.0.0.1:32969 - 0 ] INFO  ipc.Client (Client.java:handleConnectionFailure(977)) - Retrying connect to server: localhost/127.0.0.1:32969. Already tried 8 time(s); retry policy is RetryUpToMaximumCountWithFixedSleep(maxRetries=15, sleepTime=1000 MILLISECONDS)
2022-02-08 14:31:01,610 [EndpointStateMachine task thread for /127.0.0.1:40085 - 0 ] INFO  ipc.Client (Client.java:handleConnectionFailure(977)) - Retrying connect to server: localhost/127.0.0.1:40085. Already tried 8 time(s); retry policy is RetryUpToMaximumCountWithFixedSleep(maxRetries=15, sleepTime=1000 MILLISECONDS)
2022-02-08 14:31:02,176 [ForkJoinPool.commonPool-worker-1] INFO  statemachine.DatanodeStateMachine (DatanodeStateMachine.java:stopDaemon(529)) - Ozone container server stopped.
2022-02-08 14:31:02,177 [ForkJoinPool.commonPool-worker-1] INFO  handler.ContextHandler (ContextHandler.java:doStop(1153)) - Stopped o.e.j.w.WebAppContext@1a0108a5{hddsDatanode,/,null,STOPPED}{jar:file:/home/runner/.m2/repository/org/apache/ozone/hdds-container-service/1.3.0-SNAPSHOT/hdds-container-service-1.3.0-SNAPSHOT.jar!/webapps/hddsDatanode}
2022-02-08 14:31:02,178 [ForkJoinPool.commonPool-worker-1] INFO  server.AbstractConnector (AbstractConnector.java:doStop(381)) - Stopped ServerConnector@57653943{HTTP/1.1, (http/1.1)}{0.0.0.0:0}
2022-02-08 14:31:02,178 [ForkJoinPool.commonPool-worker-1] INFO  server.session (HouseKeeper.java:stopScavenging(149)) - node0 Stopped scavenging
2022-02-08 14:31:02,179 [ForkJoinPool.commonPool-worker-1] INFO  handler.ContextHandler (ContextHandler.java:doStop(1153)) - Stopped o.e.j.s.ServletContextHandler@4837635d{static,/static,jar:file:/home/runner/.m2/repository/org/apache/ozone/hdds-container-service/1.3.0-SNAPSHOT/hdds-container-service-1.3.0-SNAPSHOT.jar!/webapps/static,STOPPED}
2022-02-08 14:31:02,179 [ForkJoinPool.commonPool-worker-1] INFO  handler.ContextHandler (ContextHandler.java:doStop(1153)) - Stopped o.e.j.s.ServletContextHandler@1ff84804{logs,/logs,file:///home/runner/work/ozone/ozone/hadoop-ozone/integration-test/target/log,STOPPED}
]]></system-out>
  </testcase>
  <testcase name="testInstallCorruptedCheckpointFailure" classname="org.apache.hadoop.ozone.scm.TestSCMInstallSnapshotWithHA" time="60.133"/>
</testsuite>