<?xml version="1.0" encoding="UTF-8"?>
<testsuite xmlns:xsi="http://www.w3.org/2001/XMLSchema-instance" xsi:noNamespaceSchemaLocation="https://maven.apache.org/surefire/maven-surefire-plugin/xsd/surefire-test-report.xsd" name="org.apache.hadoop.ozone.om.TestOzoneManagerHAWithData" time="490.873" tests="12" errors="1" skipped="1" failures="0">
  <properties>
    <property name="awt.toolkit" value="sun.awt.X11.XToolkit"/>
    <property name="file.encoding.pkg" value="sun.io"/>
    <property name="java.specification.version" value="1.8"/>
    <property name="sun.cpu.isalist" value=""/>
    <property name="sun.jnu.encoding" value="ANSI_X3.4-1968"/>
    <property name="java.class.path" value="/github/workspace/mnt/ozone/hadoop-ozone/integration-test/target/test-classes:/github/workspace/mnt/ozone/hadoop-ozone/integration-test/target/classes:/home/user/.m2/repository/org/apache/hadoop/hadoop-ozone-common/0.6.0-SNAPSHOT/hadoop-ozone-common-0.6.0-SNAPSHOT.jar:/home/user/.m2/repository/org/apache/commons/commons-compress/1.4.1/commons-compress-1.4.1.jar:/home/user/.m2/repository/org/tukaani/xz/1.0/xz-1.0.jar:/home/user/.m2/repository/org/apache/hadoop/hadoop-hdds-common/0.6.0-SNAPSHOT/hadoop-hdds-common-0.6.0-SNAPSHOT.jar:/home/user/.m2/repository/org/apache/hadoop/hadoop-hdds-hadoop-dependency-client/0.6.0-SNAPSHOT/hadoop-hdds-hadoop-dependency-client-0.6.0-SNAPSHOT.jar:/home/user/.m2/repository/info/picocli/picocli/3.9.6/picocli-3.9.6.jar:/home/user/.m2/repository/com/fasterxml/jackson/core/jackson-annotations/2.10.3/jackson-annotations-2.10.3.jar:/home/user/.m2/repository/javax/annotation/javax.annotation-api/1.2/javax.annotation-api-1.2.jar:/home/user/.m2/repository/org/apache/ratis/ratis-server/0.6.0-6ab75ae-SNAPSHOT/ratis-server-0.6.0-6ab75ae-SNAPSHOT.jar:/home/user/.m2/repository/org/apache/ratis/ratis-client/0.6.0-6ab75ae-SNAPSHOT/ratis-client-0.6.0-6ab75ae-SNAPSHOT.jar:/home/user/.m2/repository/org/apache/ratis/ratis-metrics/0.6.0-6ab75ae-SNAPSHOT/ratis-metrics-0.6.0-6ab75ae-SNAPSHOT.jar:/home/user/.m2/repository/org/apache/ratis/ratis-netty/0.6.0-6ab75ae-SNAPSHOT/ratis-netty-0.6.0-6ab75ae-SNAPSHOT.jar:/home/user/.m2/repository/org/apache/ratis/ratis-grpc/0.6.0-6ab75ae-SNAPSHOT/ratis-grpc-0.6.0-6ab75ae-SNAPSHOT.jar:/home/user/.m2/repository/org/apache/logging/log4j/log4j-api/2.11.0/log4j-api-2.11.0.jar:/home/user/.m2/repository/org/apache/logging/log4j/log4j-core/2.11.0/log4j-core-2.11.0.jar:/home/user/.m2/repository/com/lmax/disruptor/3.4.2/disruptor-3.4.2.jar:/home/user/.m2/repository/org/apache/commons/commons-pool2/2.6.0/commons-pool2-2.6.0.jar:/home/user/.m2/repository/org/bouncycastle/bcpkix-jdk15on/1.60/bcpkix-jdk15on-1.60.jar:/home/user/.m2/repository/commons-validator/commons-validator/1.6/commons-validator-1.6.jar:/home/user/.m2/repository/commons-digester/commons-digester/1.8.1/commons-digester-1.8.1.jar:/home/user/.m2/repository/io/jaegertracing/jaeger-client/1.2.0/jaeger-client-1.2.0.jar:/home/user/.m2/repository/io/jaegertracing/jaeger-thrift/1.2.0/jaeger-thrift-1.2.0.jar:/home/user/.m2/repository/org/apache/thrift/libthrift/0.13.0/libthrift-0.13.0.jar:/home/user/.m2/repository/com/squareup/okhttp3/okhttp/4.2.2/okhttp-4.2.2.jar:/home/user/.m2/repository/com/squareup/okio/okio/2.2.2/okio-2.2.2.jar:/home/user/.m2/repository/org/jetbrains/kotlin/kotlin-stdlib/1.3.50/kotlin-stdlib-1.3.50.jar:/home/user/.m2/repository/org/jetbrains/kotlin/kotlin-stdlib-common/1.3.50/kotlin-stdlib-common-1.3.50.jar:/home/user/.m2/repository/org/jetbrains/annotations/13.0/annotations-13.0.jar:/home/user/.m2/repository/io/jaegertracing/jaeger-core/1.2.0/jaeger-core-1.2.0.jar:/home/user/.m2/repository/io/jaegertracing/jaeger-tracerresolver/1.2.0/jaeger-tracerresolver-1.2.0.jar:/home/user/.m2/repository/io/opentracing/contrib/opentracing-tracerresolver/0.1.8/opentracing-tracerresolver-0.1.8.jar:/home/user/.m2/repository/io/opentracing/opentracing-util/0.33.0/opentracing-util-0.33.0.jar:/home/user/.m2/repository/io/opentracing/opentracing-api/0.33.0/opentracing-api-0.33.0.jar:/home/user/.m2/repository/io/opentracing/opentracing-noop/0.33.0/opentracing-noop-0.33.0.jar:/home/user/.m2/repository/org/apache/hadoop/hadoop-hdds-client/0.6.0-SNAPSHOT/hadoop-hdds-client-0.6.0-SNAPSHOT.jar:/home/user/.m2/repository/org/apache/hadoop/hadoop-ozone-interface-client/0.6.0-SNAPSHOT/hadoop-ozone-interface-client-0.6.0-SNAPSHOT.jar:/home/user/.m2/repository/org/apache/hadoop/hadoop-hdds-test-utils/0.6.0-SNAPSHOT/hadoop-hdds-test-utils-0.6.0-SNAPSHOT.jar:/home/user/.m2/repository/com/google/guava/guava/28.2-jre/guava-28.2-jre.jar:/home/user/.m2/repository/com/google/guava/failureaccess/1.0.1/failureaccess-1.0.1.jar:/home/user/.m2/repository/com/google/guava/listenablefuture/9999.0-empty-to-avoid-conflict-with-guava/listenablefuture-9999.0-empty-to-avoid-conflict-with-guava.jar:/home/user/.m2/repository/com/google/code/findbugs/jsr305/3.0.0/jsr305-3.0.0.jar:/home/user/.m2/repository/org/checkerframework/checker-qual/2.10.0/checker-qual-2.10.0.jar:/home/user/.m2/repository/com/google/errorprone/error_prone_annotations/2.2.0/error_prone_annotations-2.2.0.jar:/home/user/.m2/repository/com/google/j2objc/j2objc-annotations/1.3/j2objc-annotations-1.3.jar:/home/user/.m2/repository/commons-io/commons-io/2.5/commons-io-2.5.jar:/home/user/.m2/repository/commons-logging/commons-logging/1.2/commons-logging-1.2.jar:/home/user/.m2/repository/log4j/log4j/1.2.17/log4j-1.2.17.jar:/home/user/.m2/repository/org/slf4j/slf4j-api/1.7.25/slf4j-api-1.7.25.jar:/home/user/.m2/repository/org/apache/hadoop/hadoop-hdds-server-scm/0.6.0-SNAPSHOT/hadoop-hdds-server-scm-0.6.0-SNAPSHOT.jar:/home/user/.m2/repository/org/apache/hadoop/hadoop-hdds-container-service/0.6.0-SNAPSHOT/hadoop-hdds-container-service-0.6.0-SNAPSHOT.jar:/home/user/.m2/repository/org/apache/hadoop/hadoop-hdds-hadoop-dependency-server/0.6.0-SNAPSHOT/hadoop-hdds-hadoop-dependency-server-0.6.0-SNAPSHOT.jar:/home/user/.m2/repository/org/apache/hadoop/hadoop-hdds-server-framework/0.6.0-SNAPSHOT/hadoop-hdds-server-framework-0.6.0-SNAPSHOT.jar:/home/user/.m2/repository/org/apache/hadoop/hadoop-hdds-interface-server/0.6.0-SNAPSHOT/hadoop-hdds-interface-server-0.6.0-SNAPSHOT.jar:/home/user/.m2/repository/org/apache/hadoop/hadoop-hdds-interface-admin/0.6.0-SNAPSHOT/hadoop-hdds-interface-admin-0.6.0-SNAPSHOT.jar:/home/user/.m2/repository/org/rocksdb/rocksdbjni/6.8.1/rocksdbjni-6.8.1.jar:/home/user/.m2/repository/io/prometheus/simpleclient_dropwizard/0.7.0/simpleclient_dropwizard-0.7.0.jar:/home/user/.m2/repository/io/prometheus/simpleclient/0.7.0/simpleclient-0.7.0.jar:/home/user/.m2/repository/io/prometheus/simpleclient_common/0.7.0/simpleclient_common-0.7.0.jar:/home/user/.m2/repository/com/fasterxml/jackson/datatype/jackson-datatype-jsr310/2.10.3/jackson-datatype-jsr310-2.10.3.jar:/home/user/.m2/repository/org/apache/hadoop/hadoop-hdds-docs/0.6.0-SNAPSHOT/hadoop-hdds-docs-0.6.0-SNAPSHOT.jar:/home/user/.m2/repository/io/dropwizard/metrics/metrics-core/3.2.4/metrics-core-3.2.4.jar:/home/user/.m2/repository/org/apache/hadoop/hadoop-hdfs-client/3.2.1/hadoop-hdfs-client-3.2.1.jar:/home/user/.m2/repository/org/bouncycastle/bcprov-jdk15on/1.60/bcprov-jdk15on-1.60.jar:/home/user/.m2/repository/org/apache/hadoop/hadoop-ozone-ozone-manager/0.6.0-SNAPSHOT/hadoop-ozone-ozone-manager-0.6.0-SNAPSHOT.jar:/home/user/.m2/repository/org/apache/hadoop/hadoop-hdds-interface-client/0.6.0-SNAPSHOT/hadoop-hdds-interface-client-0.6.0-SNAPSHOT.jar:/home/user/.m2/repository/org/apache/ratis/ratis-thirdparty-misc/0.4.0/ratis-thirdparty-misc-0.4.0.jar:/home/user/.m2/repository/org/apache/hadoop/hadoop-minikdc/3.2.1/hadoop-minikdc-3.2.1.jar:/home/user/.m2/repository/org/apache/kerby/kerb-simplekdc/1.0.1/kerb-simplekdc-1.0.1.jar:/home/user/.m2/repository/org/apache/kerby/kerb-client/1.0.1/kerb-client-1.0.1.jar:/home/user/.m2/repository/org/apache/kerby/kerby-config/1.0.1/kerby-config-1.0.1.jar:/home/user/.m2/repository/org/apache/kerby/kerb-core/1.0.1/kerb-core-1.0.1.jar:/home/user/.m2/repository/org/apache/kerby/kerby-pkix/1.0.1/kerby-pkix-1.0.1.jar:/home/user/.m2/repository/org/apache/kerby/kerby-asn1/1.0.1/kerby-asn1-1.0.1.jar:/home/user/.m2/repository/org/apache/kerby/kerby-util/1.0.1/kerby-util-1.0.1.jar:/home/user/.m2/repository/org/apache/kerby/kerb-common/1.0.1/kerb-common-1.0.1.jar:/home/user/.m2/repository/org/apache/kerby/kerb-crypto/1.0.1/kerb-crypto-1.0.1.jar:/home/user/.m2/repository/org/apache/kerby/kerb-util/1.0.1/kerb-util-1.0.1.jar:/home/user/.m2/repository/org/apache/kerby/token-provider/1.0.1/token-provider-1.0.1.jar:/home/user/.m2/repository/org/apache/kerby/kerb-admin/1.0.1/kerb-admin-1.0.1.jar:/home/user/.m2/repository/org/apache/kerby/kerb-server/1.0.1/kerb-server-1.0.1.jar:/home/user/.m2/repository/org/apache/kerby/kerb-identity/1.0.1/kerb-identity-1.0.1.jar:/home/user/.m2/repository/org/apache/kerby/kerby-xdr/1.0.1/kerby-xdr-1.0.1.jar:/home/user/.m2/repository/org/slf4j/slf4j-log4j12/1.7.25/slf4j-log4j12-1.7.25.jar:/home/user/.m2/repository/org/apache/hadoop/hadoop-ozone-s3gateway/0.6.0-SNAPSHOT/hadoop-ozone-s3gateway-0.6.0-SNAPSHOT.jar:/home/user/.m2/repository/org/jboss/weld/servlet/weld-servlet/2.4.7.Final/weld-servlet-2.4.7.Final.jar:/home/user/.m2/repository/org/glassfish/jersey/containers/jersey-container-servlet-core/2.27/jersey-container-servlet-core-2.27.jar:/home/user/.m2/repository/org/glassfish/hk2/external/javax.inject/2.5.0-b42/javax.inject-2.5.0-b42.jar:/home/user/.m2/repository/org/glassfish/jersey/core/jersey-common/2.27/jersey-common-2.27.jar:/home/user/.m2/repository/org/glassfish/hk2/osgi-resource-locator/1.0.1/osgi-resource-locator-1.0.1.jar:/home/user/.m2/repository/javax/ws/rs/javax.ws.rs-api/2.1/javax.ws.rs-api-2.1.jar:/home/user/.m2/repository/org/glassfish/jersey/ext/cdi/jersey-cdi1x/2.27/jersey-cdi1x-2.27.jar:/home/user/.m2/repository/org/glassfish/jersey/inject/jersey-hk2/2.27/jersey-hk2-2.27.jar:/home/user/.m2/repository/org/glassfish/hk2/hk2-locator/2.5.0-b42/hk2-locator-2.5.0-b42.jar:/home/user/.m2/repository/org/javassist/javassist/3.22.0-CR2/javassist-3.22.0-CR2.jar:/home/user/.m2/repository/org/glassfish/hk2/hk2-api/2.5.0/hk2-api-2.5.0.jar:/home/user/.m2/repository/org/glassfish/hk2/external/jakarta.inject/2.5.0/jakarta.inject-2.5.0.jar:/home/user/.m2/repository/org/glassfish/hk2/hk2-utils/2.5.0/hk2-utils-2.5.0.jar:/home/user/.m2/repository/jakarta/annotation/jakarta.annotation-api/1.3.4/jakarta.annotation-api-1.3.4.jar:/home/user/.m2/repository/org/glassfish/hk2/external/aopalliance-repackaged/2.5.0/aopalliance-repackaged-2.5.0.jar:/home/user/.m2/repository/com/fasterxml/jackson/dataformat/jackson-dataformat-xml/2.10.3/jackson-dataformat-xml-2.10.3.jar:/home/user/.m2/repository/com/fasterxml/jackson/core/jackson-core/2.10.3/jackson-core-2.10.3.jar:/home/user/.m2/repository/com/fasterxml/jackson/module/jackson-module-jaxb-annotations/2.10.3/jackson-module-jaxb-annotations-2.10.3.jar:/home/user/.m2/repository/jakarta/xml/bind/jakarta.xml.bind-api/2.3.2/jakarta.xml.bind-api-2.3.2.jar:/home/user/.m2/repository/jakarta/activation/jakarta.activation-api/1.2.1/jakarta.activation-api-1.2.1.jar:/home/user/.m2/repository/org/codehaus/woodstox/stax2-api/3.1.4/stax2-api-3.1.4.jar:/home/user/.m2/repository/com/fasterxml/woodstox/woodstox-core/5.0.3/woodstox-core-5.0.3.jar:/home/user/.m2/repository/javax/enterprise/cdi-api/1.2/cdi-api-1.2.jar:/home/user/.m2/repository/javax/el/javax.el-api/3.0.0/javax.el-api-3.0.0.jar:/home/user/.m2/repository/javax/interceptor/javax.interceptor-api/1.2/javax.interceptor-api-1.2.jar:/home/user/.m2/repository/javax/inject/javax.inject/1/javax.inject-1.jar:/home/user/.m2/repository/com/sun/xml/bind/jaxb-impl/2.3.0.1/jaxb-impl-2.3.0.1.jar:/home/user/.m2/repository/com/sun/xml/bind/jaxb-core/2.3.0.1/jaxb-core-2.3.0.1.jar:/home/user/.m2/repository/javax/xml/bind/jaxb-api/2.3.0/jaxb-api-2.3.0.jar:/home/user/.m2/repository/javax/activation/activation/1.1.1/activation-1.1.1.jar:/home/user/.m2/repository/org/apache/hadoop/hadoop-ozone-csi/0.6.0-SNAPSHOT/hadoop-ozone-csi-0.6.0-SNAPSHOT.jar:/home/user/.m2/repository/com/google/protobuf/protobuf-java-util/3.11.0/protobuf-java-util-3.11.0.jar:/home/user/.m2/repository/com/google/code/gson/gson/2.2.4/gson-2.2.4.jar:/home/user/.m2/repository/org/apache/hadoop/hadoop-hdds-config/0.6.0-SNAPSHOT/hadoop-hdds-config-0.6.0-SNAPSHOT.jar:/home/user/.m2/repository/com/google/protobuf/protobuf-java/2.5.0/protobuf-java-2.5.0.jar:/home/user/.m2/repository/io/grpc/grpc-netty/1.29.0/grpc-netty-1.29.0.jar:/home/user/.m2/repository/io/grpc/grpc-core/1.29.0/grpc-core-1.29.0.jar:/home/user/.m2/repository/com/google/android/annotations/4.1.1.4/annotations-4.1.1.4.jar:/home/user/.m2/repository/io/perfmark/perfmark-api/0.19.0/perfmark-api-0.19.0.jar:/home/user/.m2/repository/io/netty/netty-codec-http2/4.1.48.Final/netty-codec-http2-4.1.48.Final.jar:/home/user/.m2/repository/io/netty/netty-codec/4.1.48.Final/netty-codec-4.1.48.Final.jar:/home/user/.m2/repository/io/netty/netty-handler/4.1.48.Final/netty-handler-4.1.48.Final.jar:/home/user/.m2/repository/io/netty/netty-codec-http/4.1.48.Final/netty-codec-http-4.1.48.Final.jar:/home/user/.m2/repository/io/netty/netty-handler-proxy/4.1.48.Final/netty-handler-proxy-4.1.48.Final.jar:/home/user/.m2/repository/io/netty/netty-codec-socks/4.1.48.Final/netty-codec-socks-4.1.48.Final.jar:/home/user/.m2/repository/io/netty/netty-transport-native-epoll/4.1.48.Final/netty-transport-native-epoll-4.1.48.Final.jar:/home/user/.m2/repository/io/netty/netty-common/4.1.48.Final/netty-common-4.1.48.Final.jar:/home/user/.m2/repository/io/netty/netty-buffer/4.1.48.Final/netty-buffer-4.1.48.Final.jar:/home/user/.m2/repository/io/netty/netty-transport/4.1.48.Final/netty-transport-4.1.48.Final.jar:/home/user/.m2/repository/io/netty/netty-resolver/4.1.48.Final/netty-resolver-4.1.48.Final.jar:/home/user/.m2/repository/io/netty/netty-transport-native-unix-common/4.1.48.Final/netty-transport-native-unix-common-4.1.48.Final.jar:/home/user/.m2/repository/io/grpc/grpc-protobuf/1.29.0/grpc-protobuf-1.29.0.jar:/home/user/.m2/repository/io/grpc/grpc-api/1.29.0/grpc-api-1.29.0.jar:/home/user/.m2/repository/io/grpc/grpc-context/1.29.0/grpc-context-1.29.0.jar:/home/user/.m2/repository/org/codehaus/mojo/animal-sniffer-annotations/1.18/animal-sniffer-annotations-1.18.jar:/home/user/.m2/repository/com/google/api/grpc/proto-google-common-protos/1.17.0/proto-google-common-protos-1.17.0.jar:/home/user/.m2/repository/io/grpc/grpc-protobuf-lite/1.29.0/grpc-protobuf-lite-1.29.0.jar:/home/user/.m2/repository/io/grpc/grpc-stub/1.29.0/grpc-stub-1.29.0.jar:/home/user/.m2/repository/org/apache/hadoop/hadoop-ozone-recon/0.6.0-SNAPSHOT/hadoop-ozone-recon-0.6.0-SNAPSHOT.jar:/home/user/.m2/repository/org/apache/hadoop/hadoop-ozone-reconcodegen/0.6.0-SNAPSHOT/hadoop-ozone-reconcodegen-0.6.0-SNAPSHOT.jar:/home/user/.m2/repository/com/google/inject/extensions/guice-multibindings/4.0/guice-multibindings-4.0.jar:/home/user/.m2/repository/com/google/inject/guice/4.0/guice-4.0.jar:/home/user/.m2/repository/aopalliance/aopalliance/1.0/aopalliance-1.0.jar:/home/user/.m2/repository/com/google/inject/extensions/guice-assistedinject/4.0/guice-assistedinject-4.0.jar:/home/user/.m2/repository/com/google/inject/extensions/guice-servlet/4.0/guice-servlet-4.0.jar:/home/user/.m2/repository/org/glassfish/jersey/containers/jersey-container-servlet/2.27/jersey-container-servlet-2.27.jar:/home/user/.m2/repository/org/glassfish/hk2/guice-bridge/2.5.0/guice-bridge-2.5.0.jar:/home/user/.m2/repository/org/glassfish/jersey/core/jersey-server/2.27/jersey-server-2.27.jar:/home/user/.m2/repository/org/glassfish/jersey/core/jersey-client/2.27/jersey-client-2.27.jar:/home/user/.m2/repository/org/glassfish/jersey/media/jersey-media-jaxb/2.27/jersey-media-jaxb-2.27.jar:/home/user/.m2/repository/javax/validation/validation-api/1.1.0.Final/validation-api-1.1.0.Final.jar:/home/user/.m2/repository/org/glassfish/jersey/media/jersey-media-json-jackson/2.27/jersey-media-json-jackson-2.27.jar:/home/user/.m2/repository/org/glassfish/jersey/ext/jersey-entity-filtering/2.27/jersey-entity-filtering-2.27.jar:/home/user/.m2/repository/org/jooq/jooq/3.11.10/jooq-3.11.10.jar:/home/user/.m2/repository/org/jooq/jooq-meta/3.11.10/jooq-meta-3.11.10.jar:/home/user/.m2/repository/org/jooq/jooq-codegen/3.11.10/jooq-codegen-3.11.10.jar:/home/user/.m2/repository/com/jolbox/bonecp/0.8.0.RELEASE/bonecp-0.8.0.RELEASE.jar:/home/user/.m2/repository/org/apache/derby/derby/10.14.2.0/derby-10.14.2.0.jar:/home/user/.m2/repository/org/xerial/sqlite-jdbc/3.25.2/sqlite-jdbc-3.25.2.jar:/home/user/.m2/repository/org/springframework/spring-jdbc/5.2.5.RELEASE/spring-jdbc-5.2.5.RELEASE.jar:/home/user/.m2/repository/org/springframework/spring-beans/5.2.5.RELEASE/spring-beans-5.2.5.RELEASE.jar:/home/user/.m2/repository/org/springframework/spring-core/5.2.5.RELEASE/spring-core-5.2.5.RELEASE.jar:/home/user/.m2/repository/org/springframework/spring-jcl/5.2.5.RELEASE/spring-jcl-5.2.5.RELEASE.jar:/home/user/.m2/repository/org/springframework/spring-tx/5.2.5.RELEASE/spring-tx-5.2.5.RELEASE.jar:/home/user/.m2/repository/org/apache/hadoop/hadoop-ozone-client/0.6.0-SNAPSHOT/hadoop-ozone-client-0.6.0-SNAPSHOT.jar:/home/user/.m2/repository/org/apache/hadoop/hadoop-ozone-filesystem/0.6.0-SNAPSHOT/hadoop-ozone-filesystem-0.6.0-SNAPSHOT.jar:/home/user/.m2/repository/org/apache/hadoop/hadoop-ozone-filesystem-common/0.6.0-SNAPSHOT/hadoop-ozone-filesystem-common-0.6.0-SNAPSHOT.jar:/home/user/.m2/repository/org/apache/hadoop/hadoop-ozone-tools/0.6.0-SNAPSHOT/hadoop-ozone-tools-0.6.0-SNAPSHOT.jar:/home/user/.m2/repository/org/apache/hadoop/hadoop-hdfs/3.2.1/hadoop-hdfs-3.2.1.jar:/home/user/.m2/repository/org/apache/ratis/ratis-tools/0.6.0-6ab75ae-SNAPSHOT/ratis-tools-0.6.0-6ab75ae-SNAPSHOT.jar:/home/user/.m2/repository/org/apache/ratis/ratis-proto/0.6.0-6ab75ae-SNAPSHOT/ratis-proto-0.6.0-6ab75ae-SNAPSHOT.jar:/home/user/.m2/repository/org/apache/ratis/ratis-common/0.6.0-6ab75ae-SNAPSHOT/ratis-common-0.6.0-6ab75ae-SNAPSHOT.jar:/home/user/.m2/repository/com/amazonaws/aws-java-sdk-core/1.11.615/aws-java-sdk-core-1.11.615.jar:/home/user/.m2/repository/org/apache/httpcomponents/httpclient/4.5.2/httpclient-4.5.2.jar:/home/user/.m2/repository/org/apache/httpcomponents/httpcore/4.4.4/httpcore-4.4.4.jar:/home/user/.m2/repository/software/amazon/ion/ion-java/1.0.2/ion-java-1.0.2.jar:/home/user/.m2/repository/com/fasterxml/jackson/dataformat/jackson-dataformat-cbor/2.10.3/jackson-dataformat-cbor-2.10.3.jar:/home/user/.m2/repository/joda-time/joda-time/2.8.1/joda-time-2.8.1.jar:/home/user/.m2/repository/com/amazonaws/aws-java-sdk-s3/1.11.615/aws-java-sdk-s3-1.11.615.jar:/home/user/.m2/repository/com/amazonaws/aws-java-sdk-kms/1.11.615/aws-java-sdk-kms-1.11.615.jar:/home/user/.m2/repository/com/amazonaws/jmespath-java/1.11.615/jmespath-java-1.11.615.jar:/home/user/.m2/repository/org/apache/hadoop/hadoop-hdds-tools/0.6.0-SNAPSHOT/hadoop-hdds-tools-0.6.0-SNAPSHOT.jar:/home/user/.m2/repository/commons-cli/commons-cli/1.2/commons-cli-1.2.jar:/home/user/.m2/repository/org/apache/commons/commons-lang3/3.7/commons-lang3-3.7.jar:/home/user/.m2/repository/org/apache/hadoop/hadoop-ozone-ozone-manager/0.6.0-SNAPSHOT/hadoop-ozone-ozone-manager-0.6.0-SNAPSHOT-tests.jar:/home/user/.m2/repository/junit/junit/4.11/junit-4.11.jar:/home/user/.m2/repository/org/hamcrest/hamcrest-core/1.3/hamcrest-core-1.3.jar:/home/user/.m2/repository/org/openjdk/jmh/jmh-core/1.19/jmh-core-1.19.jar:/home/user/.m2/repository/net/sf/jopt-simple/jopt-simple/4.6/jopt-simple-4.6.jar:/home/user/.m2/repository/org/apache/commons/commons-math3/3.1.1/commons-math3-3.1.1.jar:/home/user/.m2/repository/org/openjdk/jmh/jmh-generator-annprocess/1.19/jmh-generator-annprocess-1.19.jar:/home/user/.m2/repository/org/mockito/mockito-all/1.8.5/mockito-all-1.8.5.jar:/home/user/.m2/repository/org/apache/hadoop/hadoop-kms/3.2.1/hadoop-kms-3.2.1.jar:/home/user/.m2/repository/org/apache/hadoop/hadoop-auth/3.2.1/hadoop-auth-3.2.1.jar:/home/user/.m2/repository/com/nimbusds/nimbus-jose-jwt/7.9/nimbus-jose-jwt-7.9.jar:/home/user/.m2/repository/com/github/stephenc/jcip/jcip-annotations/1.0-1/jcip-annotations-1.0-1.jar:/home/user/.m2/repository/net/minidev/json-smart/2.3/json-smart-2.3.jar:/home/user/.m2/repository/net/minidev/accessors-smart/1.2/accessors-smart-1.2.jar:/home/user/.m2/repository/org/ow2/asm/asm/5.0.4/asm-5.0.4.jar:/home/user/.m2/repository/org/apache/zookeeper/zookeeper/3.4.13/zookeeper-3.4.13.jar:/home/user/.m2/repository/org/apache/yetus/audience-annotations/0.5.0/audience-annotations-0.5.0.jar:/home/user/.m2/repository/org/apache/curator/curator-framework/2.13.0/curator-framework-2.13.0.jar:/home/user/.m2/repository/com/sun/jersey/jersey-core/1.19/jersey-core-1.19.jar:/home/user/.m2/repository/javax/ws/rs/jsr311-api/1.1.1/jsr311-api-1.1.1.jar:/home/user/.m2/repository/com/sun/jersey/jersey-server/1.19/jersey-server-1.19.jar:/home/user/.m2/repository/javax/servlet/javax.servlet-api/3.1.0/javax.servlet-api-3.1.0.jar:/home/user/.m2/repository/org/eclipse/jetty/jetty-server/9.4.26.v20200117/jetty-server-9.4.26.v20200117.jar:/home/user/.m2/repository/org/eclipse/jetty/jetty-http/9.4.26.v20200117/jetty-http-9.4.26.v20200117.jar:/home/user/.m2/repository/org/eclipse/jetty/jetty-io/9.4.26.v20200117/jetty-io-9.4.26.v20200117.jar:/home/user/.m2/repository/org/eclipse/jetty/jetty-webapp/9.4.26.v20200117/jetty-webapp-9.4.26.v20200117.jar:/home/user/.m2/repository/org/eclipse/jetty/jetty-xml/9.4.26.v20200117/jetty-xml-9.4.26.v20200117.jar:/home/user/.m2/repository/org/eclipse/jetty/jetty-servlet/9.4.26.v20200117/jetty-servlet-9.4.26.v20200117.jar:/home/user/.m2/repository/org/eclipse/jetty/jetty-security/9.4.26.v20200117/jetty-security-9.4.26.v20200117.jar:/home/user/.m2/repository/org/apache/hadoop/hadoop-common/3.2.1/hadoop-common-3.2.1.jar:/home/user/.m2/repository/commons-net/commons-net/3.6/commons-net-3.6.jar:/home/user/.m2/repository/commons-collections/commons-collections/3.2.2/commons-collections-3.2.2.jar:/home/user/.m2/repository/com/sun/jersey/jersey-servlet/1.19/jersey-servlet-1.19.jar:/home/user/.m2/repository/com/sun/jersey/jersey-json/1.19/jersey-json-1.19.jar:/home/user/.m2/repository/org/codehaus/jettison/jettison/1.1/jettison-1.1.jar:/home/user/.m2/repository/org/codehaus/jackson/jackson-jaxrs/1.9.2/jackson-jaxrs-1.9.2.jar:/home/user/.m2/repository/org/codehaus/jackson/jackson-xc/1.9.2/jackson-xc-1.9.2.jar:/home/user/.m2/repository/commons-beanutils/commons-beanutils/1.9.4/commons-beanutils-1.9.4.jar:/home/user/.m2/repository/org/apache/commons/commons-configuration2/2.1.1/commons-configuration2-2.1.1.jar:/home/user/.m2/repository/org/apache/commons/commons-text/1.4/commons-text-1.4.jar:/home/user/.m2/repository/com/google/re2j/re2j/1.1/re2j-1.1.jar:/home/user/.m2/repository/com/jcraft/jsch/0.1.54/jsch-0.1.54.jar:/home/user/.m2/repository/org/apache/curator/curator-client/2.13.0/curator-client-2.13.0.jar:/home/user/.m2/repository/org/apache/curator/curator-recipes/2.13.0/curator-recipes-2.13.0.jar:/home/user/.m2/repository/dnsjava/dnsjava/2.1.7/dnsjava-2.1.7.jar:/home/user/.m2/repository/org/slf4j/jul-to-slf4j/1.7.25/jul-to-slf4j-1.7.25.jar:/home/user/.m2/repository/org/eclipse/jetty/jetty-util/9.4.26.v20200117/jetty-util-9.4.26.v20200117.jar:/home/user/.m2/repository/com/fasterxml/jackson/core/jackson-databind/2.10.3/jackson-databind-2.10.3.jar:/home/user/.m2/repository/org/apache/hadoop/hadoop-kms/3.2.1/hadoop-kms-3.2.1-tests.jar:/home/user/.m2/repository/org/apache/hadoop/hadoop-hdds-server-scm/0.6.0-SNAPSHOT/hadoop-hdds-server-scm-0.6.0-SNAPSHOT-tests.jar:/home/user/.m2/repository/org/apache/hadoop/hadoop-hdds-container-service/0.6.0-SNAPSHOT/hadoop-hdds-container-service-0.6.0-SNAPSHOT-tests.jar:/home/user/.m2/repository/org/apache/hadoop/hadoop-hdds-common/0.6.0-SNAPSHOT/hadoop-hdds-common-0.6.0-SNAPSHOT-tests.jar:/home/user/.m2/repository/org/yaml/snakeyaml/1.16/snakeyaml-1.16.jar:/home/user/.m2/repository/org/apache/hadoop/hadoop-hdds-hadoop-dependency-test/0.6.0-SNAPSHOT/hadoop-hdds-hadoop-dependency-test-0.6.0-SNAPSHOT.jar:/home/user/.m2/repository/org/apache/hadoop/hadoop-common/3.2.1/hadoop-common-3.2.1-tests.jar:/home/user/.m2/repository/javax/servlet/jsp/jsp-api/2.1/jsp-api-2.1.jar:/home/user/.m2/repository/org/apache/hadoop/hadoop-hdfs/3.2.1/hadoop-hdfs-3.2.1-tests.jar:/home/user/.m2/repository/org/eclipse/jetty/jetty-util-ajax/9.4.26.v20200117/jetty-util-ajax-9.4.26.v20200117.jar:/home/user/.m2/repository/commons-codec/commons-codec/1.11/commons-codec-1.11.jar:/home/user/.m2/repository/commons-daemon/commons-daemon/1.0.13/commons-daemon-1.0.13.jar:/home/user/.m2/repository/io/netty/netty/3.10.5.Final/netty-3.10.5.Final.jar:/home/user/.m2/repository/io/netty/netty-all/4.1.48.Final/netty-all-4.1.48.Final.jar:/home/user/.m2/repository/org/apache/htrace/htrace-core4/4.1.0-incubating/htrace-core4-4.1.0-incubating.jar:/home/user/.m2/repository/org/fusesource/leveldbjni/leveldbjni-all/1.8/leveldbjni-all-1.8.jar:/home/user/.m2/repository/org/apache/hadoop/hadoop-distcp/3.2.1/hadoop-distcp-3.2.1.jar:/home/user/.m2/repository/org/apache/hadoop/hadoop-mapreduce-client-jobclient/3.2.1/hadoop-mapreduce-client-jobclient-3.2.1.jar:/home/user/.m2/repository/org/apache/hadoop/hadoop-mapreduce-client-common/3.2.1/hadoop-mapreduce-client-common-3.2.1.jar:/home/user/.m2/repository/org/apache/hadoop/hadoop-yarn-common/3.2.1/hadoop-yarn-common-3.2.1.jar:/home/user/.m2/repository/org/apache/hadoop/hadoop-yarn-api/3.2.1/hadoop-yarn-api-3.2.1.jar:/home/user/.m2/repository/com/sun/jersey/jersey-client/1.19/jersey-client-1.19.jar:/home/user/.m2/repository/com/sun/jersey/contribs/jersey-guice/1.19/jersey-guice-1.19.jar:/home/user/.m2/repository/com/fasterxml/jackson/jaxrs/jackson-jaxrs-json-provider/2.10.3/jackson-jaxrs-json-provider-2.10.3.jar:/home/user/.m2/repository/com/fasterxml/jackson/jaxrs/jackson-jaxrs-base/2.10.3/jackson-jaxrs-base-2.10.3.jar:/home/user/.m2/repository/org/apache/hadoop/hadoop-yarn-client/3.2.1/hadoop-yarn-client-3.2.1.jar:/home/user/.m2/repository/org/apache/hadoop/hadoop-mapreduce-client-core/3.2.1/hadoop-mapreduce-client-core-3.2.1.jar:/home/user/.m2/repository/org/apache/avro/avro/1.7.7/avro-1.7.7.jar:/home/user/.m2/repository/org/codehaus/jackson/jackson-core-asl/1.9.13/jackson-core-asl-1.9.13.jar:/home/user/.m2/repository/org/codehaus/jackson/jackson-mapper-asl/1.9.13/jackson-mapper-asl-1.9.13.jar:/home/user/.m2/repository/com/thoughtworks/paranamer/paranamer/2.3/paranamer-2.3.jar:/home/user/.m2/repository/org/xerial/snappy/snappy-java/1.0.5/snappy-java-1.0.5.jar:/home/user/.m2/repository/org/apache/hadoop/hadoop-annotations/3.2.1/hadoop-annotations-3.2.1.jar:/usr/lib/jvm/java-1.8.0-openjdk-1.8.0.232.b09-0.el7_7.x86_64/jre/../lib/tools.jar:/home/user/.m2/repository/org/apache/hadoop/hadoop-distcp/3.2.1/hadoop-distcp-3.2.1-tests.jar:"/>
    <property name="java.vm.vendor" value="Oracle Corporation"/>
    <property name="sun.arch.data.model" value="64"/>
    <property name="test.build.dir" value="/github/workspace/mnt/ozone/hadoop-ozone/integration-test/target/test-dir"/>
    <property name="test.cache.data" value=""/>
    <property name="java.vendor.url" value="http://java.oracle.com/"/>
    <property name="user.timezone" value=""/>
    <property name="java.vm.specification.version" value="1.8"/>
    <property name="os.name" value="Linux"/>
    <property name="test.build.data" value="/github/workspace/mnt/ozone/hadoop-ozone/integration-test/target/test-dir"/>
    <property name="user.country" value="US"/>
    <property name="sun.java.launcher" value="SUN_STANDARD"/>
    <property name="sun.boot.library.path" value="/usr/lib/jvm/java-1.8.0-openjdk-1.8.0.232.b09-0.el7_7.x86_64/jre/lib/amd64"/>
    <property name="sun.java.command" value="/github/workspace/mnt/ozone/hadoop-ozone/integration-test/target/surefire/surefirebooter5147671958118089699.jar /github/workspace/mnt/ozone/hadoop-ozone/integration-test/target/surefire 2020-07-01T00-58-24_504-jvmRun1 surefire7945189185749770863tmp surefire_29010369080474837284tmp"/>
    <property name="surefire.test.class.path" value="/github/workspace/mnt/ozone/hadoop-ozone/integration-test/target/test-classes:/github/workspace/mnt/ozone/hadoop-ozone/integration-test/target/classes:/home/user/.m2/repository/org/apache/hadoop/hadoop-ozone-common/0.6.0-SNAPSHOT/hadoop-ozone-common-0.6.0-SNAPSHOT.jar:/home/user/.m2/repository/org/apache/commons/commons-compress/1.4.1/commons-compress-1.4.1.jar:/home/user/.m2/repository/org/tukaani/xz/1.0/xz-1.0.jar:/home/user/.m2/repository/org/apache/hadoop/hadoop-hdds-common/0.6.0-SNAPSHOT/hadoop-hdds-common-0.6.0-SNAPSHOT.jar:/home/user/.m2/repository/org/apache/hadoop/hadoop-hdds-hadoop-dependency-client/0.6.0-SNAPSHOT/hadoop-hdds-hadoop-dependency-client-0.6.0-SNAPSHOT.jar:/home/user/.m2/repository/info/picocli/picocli/3.9.6/picocli-3.9.6.jar:/home/user/.m2/repository/com/fasterxml/jackson/core/jackson-annotations/2.10.3/jackson-annotations-2.10.3.jar:/home/user/.m2/repository/javax/annotation/javax.annotation-api/1.2/javax.annotation-api-1.2.jar:/home/user/.m2/repository/org/apache/ratis/ratis-server/0.6.0-6ab75ae-SNAPSHOT/ratis-server-0.6.0-6ab75ae-SNAPSHOT.jar:/home/user/.m2/repository/org/apache/ratis/ratis-client/0.6.0-6ab75ae-SNAPSHOT/ratis-client-0.6.0-6ab75ae-SNAPSHOT.jar:/home/user/.m2/repository/org/apache/ratis/ratis-metrics/0.6.0-6ab75ae-SNAPSHOT/ratis-metrics-0.6.0-6ab75ae-SNAPSHOT.jar:/home/user/.m2/repository/org/apache/ratis/ratis-netty/0.6.0-6ab75ae-SNAPSHOT/ratis-netty-0.6.0-6ab75ae-SNAPSHOT.jar:/home/user/.m2/repository/org/apache/ratis/ratis-grpc/0.6.0-6ab75ae-SNAPSHOT/ratis-grpc-0.6.0-6ab75ae-SNAPSHOT.jar:/home/user/.m2/repository/org/apache/logging/log4j/log4j-api/2.11.0/log4j-api-2.11.0.jar:/home/user/.m2/repository/org/apache/logging/log4j/log4j-core/2.11.0/log4j-core-2.11.0.jar:/home/user/.m2/repository/com/lmax/disruptor/3.4.2/disruptor-3.4.2.jar:/home/user/.m2/repository/org/apache/commons/commons-pool2/2.6.0/commons-pool2-2.6.0.jar:/home/user/.m2/repository/org/bouncycastle/bcpkix-jdk15on/1.60/bcpkix-jdk15on-1.60.jar:/home/user/.m2/repository/commons-validator/commons-validator/1.6/commons-validator-1.6.jar:/home/user/.m2/repository/commons-digester/commons-digester/1.8.1/commons-digester-1.8.1.jar:/home/user/.m2/repository/io/jaegertracing/jaeger-client/1.2.0/jaeger-client-1.2.0.jar:/home/user/.m2/repository/io/jaegertracing/jaeger-thrift/1.2.0/jaeger-thrift-1.2.0.jar:/home/user/.m2/repository/org/apache/thrift/libthrift/0.13.0/libthrift-0.13.0.jar:/home/user/.m2/repository/com/squareup/okhttp3/okhttp/4.2.2/okhttp-4.2.2.jar:/home/user/.m2/repository/com/squareup/okio/okio/2.2.2/okio-2.2.2.jar:/home/user/.m2/repository/org/jetbrains/kotlin/kotlin-stdlib/1.3.50/kotlin-stdlib-1.3.50.jar:/home/user/.m2/repository/org/jetbrains/kotlin/kotlin-stdlib-common/1.3.50/kotlin-stdlib-common-1.3.50.jar:/home/user/.m2/repository/org/jetbrains/annotations/13.0/annotations-13.0.jar:/home/user/.m2/repository/io/jaegertracing/jaeger-core/1.2.0/jaeger-core-1.2.0.jar:/home/user/.m2/repository/io/jaegertracing/jaeger-tracerresolver/1.2.0/jaeger-tracerresolver-1.2.0.jar:/home/user/.m2/repository/io/opentracing/contrib/opentracing-tracerresolver/0.1.8/opentracing-tracerresolver-0.1.8.jar:/home/user/.m2/repository/io/opentracing/opentracing-util/0.33.0/opentracing-util-0.33.0.jar:/home/user/.m2/repository/io/opentracing/opentracing-api/0.33.0/opentracing-api-0.33.0.jar:/home/user/.m2/repository/io/opentracing/opentracing-noop/0.33.0/opentracing-noop-0.33.0.jar:/home/user/.m2/repository/org/apache/hadoop/hadoop-hdds-client/0.6.0-SNAPSHOT/hadoop-hdds-client-0.6.0-SNAPSHOT.jar:/home/user/.m2/repository/org/apache/hadoop/hadoop-ozone-interface-client/0.6.0-SNAPSHOT/hadoop-ozone-interface-client-0.6.0-SNAPSHOT.jar:/home/user/.m2/repository/org/apache/hadoop/hadoop-hdds-test-utils/0.6.0-SNAPSHOT/hadoop-hdds-test-utils-0.6.0-SNAPSHOT.jar:/home/user/.m2/repository/com/google/guava/guava/28.2-jre/guava-28.2-jre.jar:/home/user/.m2/repository/com/google/guava/failureaccess/1.0.1/failureaccess-1.0.1.jar:/home/user/.m2/repository/com/google/guava/listenablefuture/9999.0-empty-to-avoid-conflict-with-guava/listenablefuture-9999.0-empty-to-avoid-conflict-with-guava.jar:/home/user/.m2/repository/com/google/code/findbugs/jsr305/3.0.0/jsr305-3.0.0.jar:/home/user/.m2/repository/org/checkerframework/checker-qual/2.10.0/checker-qual-2.10.0.jar:/home/user/.m2/repository/com/google/errorprone/error_prone_annotations/2.2.0/error_prone_annotations-2.2.0.jar:/home/user/.m2/repository/com/google/j2objc/j2objc-annotations/1.3/j2objc-annotations-1.3.jar:/home/user/.m2/repository/commons-io/commons-io/2.5/commons-io-2.5.jar:/home/user/.m2/repository/commons-logging/commons-logging/1.2/commons-logging-1.2.jar:/home/user/.m2/repository/log4j/log4j/1.2.17/log4j-1.2.17.jar:/home/user/.m2/repository/org/slf4j/slf4j-api/1.7.25/slf4j-api-1.7.25.jar:/home/user/.m2/repository/org/apache/hadoop/hadoop-hdds-server-scm/0.6.0-SNAPSHOT/hadoop-hdds-server-scm-0.6.0-SNAPSHOT.jar:/home/user/.m2/repository/org/apache/hadoop/hadoop-hdds-container-service/0.6.0-SNAPSHOT/hadoop-hdds-container-service-0.6.0-SNAPSHOT.jar:/home/user/.m2/repository/org/apache/hadoop/hadoop-hdds-hadoop-dependency-server/0.6.0-SNAPSHOT/hadoop-hdds-hadoop-dependency-server-0.6.0-SNAPSHOT.jar:/home/user/.m2/repository/org/apache/hadoop/hadoop-hdds-server-framework/0.6.0-SNAPSHOT/hadoop-hdds-server-framework-0.6.0-SNAPSHOT.jar:/home/user/.m2/repository/org/apache/hadoop/hadoop-hdds-interface-server/0.6.0-SNAPSHOT/hadoop-hdds-interface-server-0.6.0-SNAPSHOT.jar:/home/user/.m2/repository/org/apache/hadoop/hadoop-hdds-interface-admin/0.6.0-SNAPSHOT/hadoop-hdds-interface-admin-0.6.0-SNAPSHOT.jar:/home/user/.m2/repository/org/rocksdb/rocksdbjni/6.8.1/rocksdbjni-6.8.1.jar:/home/user/.m2/repository/io/prometheus/simpleclient_dropwizard/0.7.0/simpleclient_dropwizard-0.7.0.jar:/home/user/.m2/repository/io/prometheus/simpleclient/0.7.0/simpleclient-0.7.0.jar:/home/user/.m2/repository/io/prometheus/simpleclient_common/0.7.0/simpleclient_common-0.7.0.jar:/home/user/.m2/repository/com/fasterxml/jackson/datatype/jackson-datatype-jsr310/2.10.3/jackson-datatype-jsr310-2.10.3.jar:/home/user/.m2/repository/org/apache/hadoop/hadoop-hdds-docs/0.6.0-SNAPSHOT/hadoop-hdds-docs-0.6.0-SNAPSHOT.jar:/home/user/.m2/repository/io/dropwizard/metrics/metrics-core/3.2.4/metrics-core-3.2.4.jar:/home/user/.m2/repository/org/apache/hadoop/hadoop-hdfs-client/3.2.1/hadoop-hdfs-client-3.2.1.jar:/home/user/.m2/repository/org/bouncycastle/bcprov-jdk15on/1.60/bcprov-jdk15on-1.60.jar:/home/user/.m2/repository/org/apache/hadoop/hadoop-ozone-ozone-manager/0.6.0-SNAPSHOT/hadoop-ozone-ozone-manager-0.6.0-SNAPSHOT.jar:/home/user/.m2/repository/org/apache/hadoop/hadoop-hdds-interface-client/0.6.0-SNAPSHOT/hadoop-hdds-interface-client-0.6.0-SNAPSHOT.jar:/home/user/.m2/repository/org/apache/ratis/ratis-thirdparty-misc/0.4.0/ratis-thirdparty-misc-0.4.0.jar:/home/user/.m2/repository/org/apache/hadoop/hadoop-minikdc/3.2.1/hadoop-minikdc-3.2.1.jar:/home/user/.m2/repository/org/apache/kerby/kerb-simplekdc/1.0.1/kerb-simplekdc-1.0.1.jar:/home/user/.m2/repository/org/apache/kerby/kerb-client/1.0.1/kerb-client-1.0.1.jar:/home/user/.m2/repository/org/apache/kerby/kerby-config/1.0.1/kerby-config-1.0.1.jar:/home/user/.m2/repository/org/apache/kerby/kerb-core/1.0.1/kerb-core-1.0.1.jar:/home/user/.m2/repository/org/apache/kerby/kerby-pkix/1.0.1/kerby-pkix-1.0.1.jar:/home/user/.m2/repository/org/apache/kerby/kerby-asn1/1.0.1/kerby-asn1-1.0.1.jar:/home/user/.m2/repository/org/apache/kerby/kerby-util/1.0.1/kerby-util-1.0.1.jar:/home/user/.m2/repository/org/apache/kerby/kerb-common/1.0.1/kerb-common-1.0.1.jar:/home/user/.m2/repository/org/apache/kerby/kerb-crypto/1.0.1/kerb-crypto-1.0.1.jar:/home/user/.m2/repository/org/apache/kerby/kerb-util/1.0.1/kerb-util-1.0.1.jar:/home/user/.m2/repository/org/apache/kerby/token-provider/1.0.1/token-provider-1.0.1.jar:/home/user/.m2/repository/org/apache/kerby/kerb-admin/1.0.1/kerb-admin-1.0.1.jar:/home/user/.m2/repository/org/apache/kerby/kerb-server/1.0.1/kerb-server-1.0.1.jar:/home/user/.m2/repository/org/apache/kerby/kerb-identity/1.0.1/kerb-identity-1.0.1.jar:/home/user/.m2/repository/org/apache/kerby/kerby-xdr/1.0.1/kerby-xdr-1.0.1.jar:/home/user/.m2/repository/org/slf4j/slf4j-log4j12/1.7.25/slf4j-log4j12-1.7.25.jar:/home/user/.m2/repository/org/apache/hadoop/hadoop-ozone-s3gateway/0.6.0-SNAPSHOT/hadoop-ozone-s3gateway-0.6.0-SNAPSHOT.jar:/home/user/.m2/repository/org/jboss/weld/servlet/weld-servlet/2.4.7.Final/weld-servlet-2.4.7.Final.jar:/home/user/.m2/repository/org/glassfish/jersey/containers/jersey-container-servlet-core/2.27/jersey-container-servlet-core-2.27.jar:/home/user/.m2/repository/org/glassfish/hk2/external/javax.inject/2.5.0-b42/javax.inject-2.5.0-b42.jar:/home/user/.m2/repository/org/glassfish/jersey/core/jersey-common/2.27/jersey-common-2.27.jar:/home/user/.m2/repository/org/glassfish/hk2/osgi-resource-locator/1.0.1/osgi-resource-locator-1.0.1.jar:/home/user/.m2/repository/javax/ws/rs/javax.ws.rs-api/2.1/javax.ws.rs-api-2.1.jar:/home/user/.m2/repository/org/glassfish/jersey/ext/cdi/jersey-cdi1x/2.27/jersey-cdi1x-2.27.jar:/home/user/.m2/repository/org/glassfish/jersey/inject/jersey-hk2/2.27/jersey-hk2-2.27.jar:/home/user/.m2/repository/org/glassfish/hk2/hk2-locator/2.5.0-b42/hk2-locator-2.5.0-b42.jar:/home/user/.m2/repository/org/javassist/javassist/3.22.0-CR2/javassist-3.22.0-CR2.jar:/home/user/.m2/repository/org/glassfish/hk2/hk2-api/2.5.0/hk2-api-2.5.0.jar:/home/user/.m2/repository/org/glassfish/hk2/external/jakarta.inject/2.5.0/jakarta.inject-2.5.0.jar:/home/user/.m2/repository/org/glassfish/hk2/hk2-utils/2.5.0/hk2-utils-2.5.0.jar:/home/user/.m2/repository/jakarta/annotation/jakarta.annotation-api/1.3.4/jakarta.annotation-api-1.3.4.jar:/home/user/.m2/repository/org/glassfish/hk2/external/aopalliance-repackaged/2.5.0/aopalliance-repackaged-2.5.0.jar:/home/user/.m2/repository/com/fasterxml/jackson/dataformat/jackson-dataformat-xml/2.10.3/jackson-dataformat-xml-2.10.3.jar:/home/user/.m2/repository/com/fasterxml/jackson/core/jackson-core/2.10.3/jackson-core-2.10.3.jar:/home/user/.m2/repository/com/fasterxml/jackson/module/jackson-module-jaxb-annotations/2.10.3/jackson-module-jaxb-annotations-2.10.3.jar:/home/user/.m2/repository/jakarta/xml/bind/jakarta.xml.bind-api/2.3.2/jakarta.xml.bind-api-2.3.2.jar:/home/user/.m2/repository/jakarta/activation/jakarta.activation-api/1.2.1/jakarta.activation-api-1.2.1.jar:/home/user/.m2/repository/org/codehaus/woodstox/stax2-api/3.1.4/stax2-api-3.1.4.jar:/home/user/.m2/repository/com/fasterxml/woodstox/woodstox-core/5.0.3/woodstox-core-5.0.3.jar:/home/user/.m2/repository/javax/enterprise/cdi-api/1.2/cdi-api-1.2.jar:/home/user/.m2/repository/javax/el/javax.el-api/3.0.0/javax.el-api-3.0.0.jar:/home/user/.m2/repository/javax/interceptor/javax.interceptor-api/1.2/javax.interceptor-api-1.2.jar:/home/user/.m2/repository/javax/inject/javax.inject/1/javax.inject-1.jar:/home/user/.m2/repository/com/sun/xml/bind/jaxb-impl/2.3.0.1/jaxb-impl-2.3.0.1.jar:/home/user/.m2/repository/com/sun/xml/bind/jaxb-core/2.3.0.1/jaxb-core-2.3.0.1.jar:/home/user/.m2/repository/javax/xml/bind/jaxb-api/2.3.0/jaxb-api-2.3.0.jar:/home/user/.m2/repository/javax/activation/activation/1.1.1/activation-1.1.1.jar:/home/user/.m2/repository/org/apache/hadoop/hadoop-ozone-csi/0.6.0-SNAPSHOT/hadoop-ozone-csi-0.6.0-SNAPSHOT.jar:/home/user/.m2/repository/com/google/protobuf/protobuf-java-util/3.11.0/protobuf-java-util-3.11.0.jar:/home/user/.m2/repository/com/google/code/gson/gson/2.2.4/gson-2.2.4.jar:/home/user/.m2/repository/org/apache/hadoop/hadoop-hdds-config/0.6.0-SNAPSHOT/hadoop-hdds-config-0.6.0-SNAPSHOT.jar:/home/user/.m2/repository/com/google/protobuf/protobuf-java/2.5.0/protobuf-java-2.5.0.jar:/home/user/.m2/repository/io/grpc/grpc-netty/1.29.0/grpc-netty-1.29.0.jar:/home/user/.m2/repository/io/grpc/grpc-core/1.29.0/grpc-core-1.29.0.jar:/home/user/.m2/repository/com/google/android/annotations/4.1.1.4/annotations-4.1.1.4.jar:/home/user/.m2/repository/io/perfmark/perfmark-api/0.19.0/perfmark-api-0.19.0.jar:/home/user/.m2/repository/io/netty/netty-codec-http2/4.1.48.Final/netty-codec-http2-4.1.48.Final.jar:/home/user/.m2/repository/io/netty/netty-codec/4.1.48.Final/netty-codec-4.1.48.Final.jar:/home/user/.m2/repository/io/netty/netty-handler/4.1.48.Final/netty-handler-4.1.48.Final.jar:/home/user/.m2/repository/io/netty/netty-codec-http/4.1.48.Final/netty-codec-http-4.1.48.Final.jar:/home/user/.m2/repository/io/netty/netty-handler-proxy/4.1.48.Final/netty-handler-proxy-4.1.48.Final.jar:/home/user/.m2/repository/io/netty/netty-codec-socks/4.1.48.Final/netty-codec-socks-4.1.48.Final.jar:/home/user/.m2/repository/io/netty/netty-transport-native-epoll/4.1.48.Final/netty-transport-native-epoll-4.1.48.Final.jar:/home/user/.m2/repository/io/netty/netty-common/4.1.48.Final/netty-common-4.1.48.Final.jar:/home/user/.m2/repository/io/netty/netty-buffer/4.1.48.Final/netty-buffer-4.1.48.Final.jar:/home/user/.m2/repository/io/netty/netty-transport/4.1.48.Final/netty-transport-4.1.48.Final.jar:/home/user/.m2/repository/io/netty/netty-resolver/4.1.48.Final/netty-resolver-4.1.48.Final.jar:/home/user/.m2/repository/io/netty/netty-transport-native-unix-common/4.1.48.Final/netty-transport-native-unix-common-4.1.48.Final.jar:/home/user/.m2/repository/io/grpc/grpc-protobuf/1.29.0/grpc-protobuf-1.29.0.jar:/home/user/.m2/repository/io/grpc/grpc-api/1.29.0/grpc-api-1.29.0.jar:/home/user/.m2/repository/io/grpc/grpc-context/1.29.0/grpc-context-1.29.0.jar:/home/user/.m2/repository/org/codehaus/mojo/animal-sniffer-annotations/1.18/animal-sniffer-annotations-1.18.jar:/home/user/.m2/repository/com/google/api/grpc/proto-google-common-protos/1.17.0/proto-google-common-protos-1.17.0.jar:/home/user/.m2/repository/io/grpc/grpc-protobuf-lite/1.29.0/grpc-protobuf-lite-1.29.0.jar:/home/user/.m2/repository/io/grpc/grpc-stub/1.29.0/grpc-stub-1.29.0.jar:/home/user/.m2/repository/org/apache/hadoop/hadoop-ozone-recon/0.6.0-SNAPSHOT/hadoop-ozone-recon-0.6.0-SNAPSHOT.jar:/home/user/.m2/repository/org/apache/hadoop/hadoop-ozone-reconcodegen/0.6.0-SNAPSHOT/hadoop-ozone-reconcodegen-0.6.0-SNAPSHOT.jar:/home/user/.m2/repository/com/google/inject/extensions/guice-multibindings/4.0/guice-multibindings-4.0.jar:/home/user/.m2/repository/com/google/inject/guice/4.0/guice-4.0.jar:/home/user/.m2/repository/aopalliance/aopalliance/1.0/aopalliance-1.0.jar:/home/user/.m2/repository/com/google/inject/extensions/guice-assistedinject/4.0/guice-assistedinject-4.0.jar:/home/user/.m2/repository/com/google/inject/extensions/guice-servlet/4.0/guice-servlet-4.0.jar:/home/user/.m2/repository/org/glassfish/jersey/containers/jersey-container-servlet/2.27/jersey-container-servlet-2.27.jar:/home/user/.m2/repository/org/glassfish/hk2/guice-bridge/2.5.0/guice-bridge-2.5.0.jar:/home/user/.m2/repository/org/glassfish/jersey/core/jersey-server/2.27/jersey-server-2.27.jar:/home/user/.m2/repository/org/glassfish/jersey/core/jersey-client/2.27/jersey-client-2.27.jar:/home/user/.m2/repository/org/glassfish/jersey/media/jersey-media-jaxb/2.27/jersey-media-jaxb-2.27.jar:/home/user/.m2/repository/javax/validation/validation-api/1.1.0.Final/validation-api-1.1.0.Final.jar:/home/user/.m2/repository/org/glassfish/jersey/media/jersey-media-json-jackson/2.27/jersey-media-json-jackson-2.27.jar:/home/user/.m2/repository/org/glassfish/jersey/ext/jersey-entity-filtering/2.27/jersey-entity-filtering-2.27.jar:/home/user/.m2/repository/org/jooq/jooq/3.11.10/jooq-3.11.10.jar:/home/user/.m2/repository/org/jooq/jooq-meta/3.11.10/jooq-meta-3.11.10.jar:/home/user/.m2/repository/org/jooq/jooq-codegen/3.11.10/jooq-codegen-3.11.10.jar:/home/user/.m2/repository/com/jolbox/bonecp/0.8.0.RELEASE/bonecp-0.8.0.RELEASE.jar:/home/user/.m2/repository/org/apache/derby/derby/10.14.2.0/derby-10.14.2.0.jar:/home/user/.m2/repository/org/xerial/sqlite-jdbc/3.25.2/sqlite-jdbc-3.25.2.jar:/home/user/.m2/repository/org/springframework/spring-jdbc/5.2.5.RELEASE/spring-jdbc-5.2.5.RELEASE.jar:/home/user/.m2/repository/org/springframework/spring-beans/5.2.5.RELEASE/spring-beans-5.2.5.RELEASE.jar:/home/user/.m2/repository/org/springframework/spring-core/5.2.5.RELEASE/spring-core-5.2.5.RELEASE.jar:/home/user/.m2/repository/org/springframework/spring-jcl/5.2.5.RELEASE/spring-jcl-5.2.5.RELEASE.jar:/home/user/.m2/repository/org/springframework/spring-tx/5.2.5.RELEASE/spring-tx-5.2.5.RELEASE.jar:/home/user/.m2/repository/org/apache/hadoop/hadoop-ozone-client/0.6.0-SNAPSHOT/hadoop-ozone-client-0.6.0-SNAPSHOT.jar:/home/user/.m2/repository/org/apache/hadoop/hadoop-ozone-filesystem/0.6.0-SNAPSHOT/hadoop-ozone-filesystem-0.6.0-SNAPSHOT.jar:/home/user/.m2/repository/org/apache/hadoop/hadoop-ozone-filesystem-common/0.6.0-SNAPSHOT/hadoop-ozone-filesystem-common-0.6.0-SNAPSHOT.jar:/home/user/.m2/repository/org/apache/hadoop/hadoop-ozone-tools/0.6.0-SNAPSHOT/hadoop-ozone-tools-0.6.0-SNAPSHOT.jar:/home/user/.m2/repository/org/apache/hadoop/hadoop-hdfs/3.2.1/hadoop-hdfs-3.2.1.jar:/home/user/.m2/repository/org/apache/ratis/ratis-tools/0.6.0-6ab75ae-SNAPSHOT/ratis-tools-0.6.0-6ab75ae-SNAPSHOT.jar:/home/user/.m2/repository/org/apache/ratis/ratis-proto/0.6.0-6ab75ae-SNAPSHOT/ratis-proto-0.6.0-6ab75ae-SNAPSHOT.jar:/home/user/.m2/repository/org/apache/ratis/ratis-common/0.6.0-6ab75ae-SNAPSHOT/ratis-common-0.6.0-6ab75ae-SNAPSHOT.jar:/home/user/.m2/repository/com/amazonaws/aws-java-sdk-core/1.11.615/aws-java-sdk-core-1.11.615.jar:/home/user/.m2/repository/org/apache/httpcomponents/httpclient/4.5.2/httpclient-4.5.2.jar:/home/user/.m2/repository/org/apache/httpcomponents/httpcore/4.4.4/httpcore-4.4.4.jar:/home/user/.m2/repository/software/amazon/ion/ion-java/1.0.2/ion-java-1.0.2.jar:/home/user/.m2/repository/com/fasterxml/jackson/dataformat/jackson-dataformat-cbor/2.10.3/jackson-dataformat-cbor-2.10.3.jar:/home/user/.m2/repository/joda-time/joda-time/2.8.1/joda-time-2.8.1.jar:/home/user/.m2/repository/com/amazonaws/aws-java-sdk-s3/1.11.615/aws-java-sdk-s3-1.11.615.jar:/home/user/.m2/repository/com/amazonaws/aws-java-sdk-kms/1.11.615/aws-java-sdk-kms-1.11.615.jar:/home/user/.m2/repository/com/amazonaws/jmespath-java/1.11.615/jmespath-java-1.11.615.jar:/home/user/.m2/repository/org/apache/hadoop/hadoop-hdds-tools/0.6.0-SNAPSHOT/hadoop-hdds-tools-0.6.0-SNAPSHOT.jar:/home/user/.m2/repository/commons-cli/commons-cli/1.2/commons-cli-1.2.jar:/home/user/.m2/repository/org/apache/commons/commons-lang3/3.7/commons-lang3-3.7.jar:/home/user/.m2/repository/org/apache/hadoop/hadoop-ozone-ozone-manager/0.6.0-SNAPSHOT/hadoop-ozone-ozone-manager-0.6.0-SNAPSHOT-tests.jar:/home/user/.m2/repository/junit/junit/4.11/junit-4.11.jar:/home/user/.m2/repository/org/hamcrest/hamcrest-core/1.3/hamcrest-core-1.3.jar:/home/user/.m2/repository/org/openjdk/jmh/jmh-core/1.19/jmh-core-1.19.jar:/home/user/.m2/repository/net/sf/jopt-simple/jopt-simple/4.6/jopt-simple-4.6.jar:/home/user/.m2/repository/org/apache/commons/commons-math3/3.1.1/commons-math3-3.1.1.jar:/home/user/.m2/repository/org/openjdk/jmh/jmh-generator-annprocess/1.19/jmh-generator-annprocess-1.19.jar:/home/user/.m2/repository/org/mockito/mockito-all/1.8.5/mockito-all-1.8.5.jar:/home/user/.m2/repository/org/apache/hadoop/hadoop-kms/3.2.1/hadoop-kms-3.2.1.jar:/home/user/.m2/repository/org/apache/hadoop/hadoop-auth/3.2.1/hadoop-auth-3.2.1.jar:/home/user/.m2/repository/com/nimbusds/nimbus-jose-jwt/7.9/nimbus-jose-jwt-7.9.jar:/home/user/.m2/repository/com/github/stephenc/jcip/jcip-annotations/1.0-1/jcip-annotations-1.0-1.jar:/home/user/.m2/repository/net/minidev/json-smart/2.3/json-smart-2.3.jar:/home/user/.m2/repository/net/minidev/accessors-smart/1.2/accessors-smart-1.2.jar:/home/user/.m2/repository/org/ow2/asm/asm/5.0.4/asm-5.0.4.jar:/home/user/.m2/repository/org/apache/zookeeper/zookeeper/3.4.13/zookeeper-3.4.13.jar:/home/user/.m2/repository/org/apache/yetus/audience-annotations/0.5.0/audience-annotations-0.5.0.jar:/home/user/.m2/repository/org/apache/curator/curator-framework/2.13.0/curator-framework-2.13.0.jar:/home/user/.m2/repository/com/sun/jersey/jersey-core/1.19/jersey-core-1.19.jar:/home/user/.m2/repository/javax/ws/rs/jsr311-api/1.1.1/jsr311-api-1.1.1.jar:/home/user/.m2/repository/com/sun/jersey/jersey-server/1.19/jersey-server-1.19.jar:/home/user/.m2/repository/javax/servlet/javax.servlet-api/3.1.0/javax.servlet-api-3.1.0.jar:/home/user/.m2/repository/org/eclipse/jetty/jetty-server/9.4.26.v20200117/jetty-server-9.4.26.v20200117.jar:/home/user/.m2/repository/org/eclipse/jetty/jetty-http/9.4.26.v20200117/jetty-http-9.4.26.v20200117.jar:/home/user/.m2/repository/org/eclipse/jetty/jetty-io/9.4.26.v20200117/jetty-io-9.4.26.v20200117.jar:/home/user/.m2/repository/org/eclipse/jetty/jetty-webapp/9.4.26.v20200117/jetty-webapp-9.4.26.v20200117.jar:/home/user/.m2/repository/org/eclipse/jetty/jetty-xml/9.4.26.v20200117/jetty-xml-9.4.26.v20200117.jar:/home/user/.m2/repository/org/eclipse/jetty/jetty-servlet/9.4.26.v20200117/jetty-servlet-9.4.26.v20200117.jar:/home/user/.m2/repository/org/eclipse/jetty/jetty-security/9.4.26.v20200117/jetty-security-9.4.26.v20200117.jar:/home/user/.m2/repository/org/apache/hadoop/hadoop-common/3.2.1/hadoop-common-3.2.1.jar:/home/user/.m2/repository/commons-net/commons-net/3.6/commons-net-3.6.jar:/home/user/.m2/repository/commons-collections/commons-collections/3.2.2/commons-collections-3.2.2.jar:/home/user/.m2/repository/com/sun/jersey/jersey-servlet/1.19/jersey-servlet-1.19.jar:/home/user/.m2/repository/com/sun/jersey/jersey-json/1.19/jersey-json-1.19.jar:/home/user/.m2/repository/org/codehaus/jettison/jettison/1.1/jettison-1.1.jar:/home/user/.m2/repository/org/codehaus/jackson/jackson-jaxrs/1.9.2/jackson-jaxrs-1.9.2.jar:/home/user/.m2/repository/org/codehaus/jackson/jackson-xc/1.9.2/jackson-xc-1.9.2.jar:/home/user/.m2/repository/commons-beanutils/commons-beanutils/1.9.4/commons-beanutils-1.9.4.jar:/home/user/.m2/repository/org/apache/commons/commons-configuration2/2.1.1/commons-configuration2-2.1.1.jar:/home/user/.m2/repository/org/apache/commons/commons-text/1.4/commons-text-1.4.jar:/home/user/.m2/repository/com/google/re2j/re2j/1.1/re2j-1.1.jar:/home/user/.m2/repository/com/jcraft/jsch/0.1.54/jsch-0.1.54.jar:/home/user/.m2/repository/org/apache/curator/curator-client/2.13.0/curator-client-2.13.0.jar:/home/user/.m2/repository/org/apache/curator/curator-recipes/2.13.0/curator-recipes-2.13.0.jar:/home/user/.m2/repository/dnsjava/dnsjava/2.1.7/dnsjava-2.1.7.jar:/home/user/.m2/repository/org/slf4j/jul-to-slf4j/1.7.25/jul-to-slf4j-1.7.25.jar:/home/user/.m2/repository/org/eclipse/jetty/jetty-util/9.4.26.v20200117/jetty-util-9.4.26.v20200117.jar:/home/user/.m2/repository/com/fasterxml/jackson/core/jackson-databind/2.10.3/jackson-databind-2.10.3.jar:/home/user/.m2/repository/org/apache/hadoop/hadoop-kms/3.2.1/hadoop-kms-3.2.1-tests.jar:/home/user/.m2/repository/org/apache/hadoop/hadoop-hdds-server-scm/0.6.0-SNAPSHOT/hadoop-hdds-server-scm-0.6.0-SNAPSHOT-tests.jar:/home/user/.m2/repository/org/apache/hadoop/hadoop-hdds-container-service/0.6.0-SNAPSHOT/hadoop-hdds-container-service-0.6.0-SNAPSHOT-tests.jar:/home/user/.m2/repository/org/apache/hadoop/hadoop-hdds-common/0.6.0-SNAPSHOT/hadoop-hdds-common-0.6.0-SNAPSHOT-tests.jar:/home/user/.m2/repository/org/yaml/snakeyaml/1.16/snakeyaml-1.16.jar:/home/user/.m2/repository/org/apache/hadoop/hadoop-hdds-hadoop-dependency-test/0.6.0-SNAPSHOT/hadoop-hdds-hadoop-dependency-test-0.6.0-SNAPSHOT.jar:/home/user/.m2/repository/org/apache/hadoop/hadoop-common/3.2.1/hadoop-common-3.2.1-tests.jar:/home/user/.m2/repository/javax/servlet/jsp/jsp-api/2.1/jsp-api-2.1.jar:/home/user/.m2/repository/org/apache/hadoop/hadoop-hdfs/3.2.1/hadoop-hdfs-3.2.1-tests.jar:/home/user/.m2/repository/org/eclipse/jetty/jetty-util-ajax/9.4.26.v20200117/jetty-util-ajax-9.4.26.v20200117.jar:/home/user/.m2/repository/commons-codec/commons-codec/1.11/commons-codec-1.11.jar:/home/user/.m2/repository/commons-daemon/commons-daemon/1.0.13/commons-daemon-1.0.13.jar:/home/user/.m2/repository/io/netty/netty/3.10.5.Final/netty-3.10.5.Final.jar:/home/user/.m2/repository/io/netty/netty-all/4.1.48.Final/netty-all-4.1.48.Final.jar:/home/user/.m2/repository/org/apache/htrace/htrace-core4/4.1.0-incubating/htrace-core4-4.1.0-incubating.jar:/home/user/.m2/repository/org/fusesource/leveldbjni/leveldbjni-all/1.8/leveldbjni-all-1.8.jar:/home/user/.m2/repository/org/apache/hadoop/hadoop-distcp/3.2.1/hadoop-distcp-3.2.1.jar:/home/user/.m2/repository/org/apache/hadoop/hadoop-mapreduce-client-jobclient/3.2.1/hadoop-mapreduce-client-jobclient-3.2.1.jar:/home/user/.m2/repository/org/apache/hadoop/hadoop-mapreduce-client-common/3.2.1/hadoop-mapreduce-client-common-3.2.1.jar:/home/user/.m2/repository/org/apache/hadoop/hadoop-yarn-common/3.2.1/hadoop-yarn-common-3.2.1.jar:/home/user/.m2/repository/org/apache/hadoop/hadoop-yarn-api/3.2.1/hadoop-yarn-api-3.2.1.jar:/home/user/.m2/repository/com/sun/jersey/jersey-client/1.19/jersey-client-1.19.jar:/home/user/.m2/repository/com/sun/jersey/contribs/jersey-guice/1.19/jersey-guice-1.19.jar:/home/user/.m2/repository/com/fasterxml/jackson/jaxrs/jackson-jaxrs-json-provider/2.10.3/jackson-jaxrs-json-provider-2.10.3.jar:/home/user/.m2/repository/com/fasterxml/jackson/jaxrs/jackson-jaxrs-base/2.10.3/jackson-jaxrs-base-2.10.3.jar:/home/user/.m2/repository/org/apache/hadoop/hadoop-yarn-client/3.2.1/hadoop-yarn-client-3.2.1.jar:/home/user/.m2/repository/org/apache/hadoop/hadoop-mapreduce-client-core/3.2.1/hadoop-mapreduce-client-core-3.2.1.jar:/home/user/.m2/repository/org/apache/avro/avro/1.7.7/avro-1.7.7.jar:/home/user/.m2/repository/org/codehaus/jackson/jackson-core-asl/1.9.13/jackson-core-asl-1.9.13.jar:/home/user/.m2/repository/org/codehaus/jackson/jackson-mapper-asl/1.9.13/jackson-mapper-asl-1.9.13.jar:/home/user/.m2/repository/com/thoughtworks/paranamer/paranamer/2.3/paranamer-2.3.jar:/home/user/.m2/repository/org/xerial/snappy/snappy-java/1.0.5/snappy-java-1.0.5.jar:/home/user/.m2/repository/org/apache/hadoop/hadoop-annotations/3.2.1/hadoop-annotations-3.2.1.jar:/usr/lib/jvm/java-1.8.0-openjdk-1.8.0.232.b09-0.el7_7.x86_64/jre/../lib/tools.jar:/home/user/.m2/repository/org/apache/hadoop/hadoop-distcp/3.2.1/hadoop-distcp-3.2.1-tests.jar:"/>
    <property name="sun.cpu.endian" value="little"/>
    <property name="user.home" value="/home/user"/>
    <property name="user.language" value="en"/>
    <property name="java.specification.vendor" value="Oracle Corporation"/>
    <property name="java.home" value="/usr/lib/jvm/java-1.8.0-openjdk-1.8.0.232.b09-0.el7_7.x86_64/jre"/>
    <property name="java.security.krb5.conf" value="/github/workspace/mnt/ozone/hadoop-ozone/integration-test/target/test-classes/krb5.conf"/>
    <property name="basedir" value="/github/workspace/mnt/ozone/hadoop-ozone/integration-test"/>
    <property name="file.separator" value="/"/>
    <property name="line.separator" value="&#10;"/>
    <property name="java.vm.specification.vendor" value="Oracle Corporation"/>
    <property name="java.specification.name" value="Java Platform API Specification"/>
    <property name="java.awt.graphicsenv" value="sun.awt.X11GraphicsEnvironment"/>
    <property name="skip.installnpx" value="true"/>
    <property name="surefire.real.class.path" value="/github/workspace/mnt/ozone/hadoop-ozone/integration-test/target/surefire/surefirebooter5147671958118089699.jar:/home/user/.m2/repository/org/jacoco/org.jacoco.agent/0.8.5/org.jacoco.agent-0.8.5-runtime.jar"/>
    <property name="hadoop.log.dir" value="/github/workspace/mnt/ozone/hadoop-ozone/integration-test/target/log"/>
    <property name="sun.boot.class.path" value="/usr/lib/jvm/java-1.8.0-openjdk-1.8.0.232.b09-0.el7_7.x86_64/jre/lib/resources.jar:/usr/lib/jvm/java-1.8.0-openjdk-1.8.0.232.b09-0.el7_7.x86_64/jre/lib/rt.jar:/usr/lib/jvm/java-1.8.0-openjdk-1.8.0.232.b09-0.el7_7.x86_64/jre/lib/sunrsasign.jar:/usr/lib/jvm/java-1.8.0-openjdk-1.8.0.232.b09-0.el7_7.x86_64/jre/lib/jsse.jar:/usr/lib/jvm/java-1.8.0-openjdk-1.8.0.232.b09-0.el7_7.x86_64/jre/lib/jce.jar:/usr/lib/jvm/java-1.8.0-openjdk-1.8.0.232.b09-0.el7_7.x86_64/jre/lib/charsets.jar:/usr/lib/jvm/java-1.8.0-openjdk-1.8.0.232.b09-0.el7_7.x86_64/jre/lib/jfr.jar:/usr/lib/jvm/java-1.8.0-openjdk-1.8.0.232.b09-0.el7_7.x86_64/jre/classes"/>
    <property name="sun.management.compiler" value="HotSpot 64-Bit Tiered Compilers"/>
    <property name="skip.npx" value="true"/>
    <property name="java.runtime.version" value="1.8.0_232-b09"/>
    <property name="java.net.preferIPv4Stack" value="true"/>
    <property name="user.name" value="jenkins1001"/>
    <property name="path.separator" value=":"/>
    <property name="java.security.egd" value="file:///dev/urandom"/>
    <property name="os.version" value="5.3.0-1028-azure"/>
    <property name="java.endorsed.dirs" value="/usr/lib/jvm/java-1.8.0-openjdk-1.8.0.232.b09-0.el7_7.x86_64/jre/lib/endorsed"/>
    <property name="java.runtime.name" value="OpenJDK Runtime Environment"/>
    <property name="file.encoding" value="ANSI_X3.4-1968"/>
    <property name="java.vm.name" value="OpenJDK 64-Bit Server VM"/>
    <property name="test.build.webapps" value=""/>
    <property name="localRepository" value="/home/user/.m2/repository"/>
    <property name="java.vendor.url.bug" value="http://bugreport.sun.com/bugreport/"/>
    <property name="java.io.tmpdir" value="/tmp"/>
    <property name="require.test.libhadoop" value=""/>
    <property name="java.version" value="1.8.0_232"/>
    <property name="user.dir" value="/github/workspace/mnt/ozone/hadoop-ozone/integration-test"/>
    <property name="os.arch" value="amd64"/>
    <property name="java.vm.specification.name" value="Java Virtual Machine Specification"/>
    <property name="test.build.classes" value="/github/workspace/mnt/ozone/hadoop-ozone/integration-test/target/test-classes"/>
    <property name="java.awt.printerjob" value="sun.print.PSPrinterJob"/>
    <property name="sun.os.patch.level" value="unknown"/>
    <property name="hadoop.tmp.dir" value="/github/workspace/mnt/ozone/hadoop-ozone/integration-test/target/tmp"/>
    <property name="java.library.path" value="/usr/lib:/usr/java/packages/lib/amd64:/usr/lib64:/lib64:/lib:/usr/lib"/>
    <property name="java.vm.info" value="mixed mode"/>
    <property name="java.vendor" value="Oracle Corporation"/>
    <property name="java.vm.version" value="25.232-b09"/>
    <property name="java.ext.dirs" value="/usr/lib/jvm/java-1.8.0-openjdk-1.8.0.232.b09-0.el7_7.x86_64/jre/lib/ext:/usr/java/packages/lib/ext"/>
    <property name="sun.io.unicode.encoding" value="UnicodeLittle"/>
    <property name="java.class.version" value="52.0"/>
  </properties>
  <testcase name="testMultipartUpload" classname="org.apache.hadoop.ozone.om.TestOzoneManagerHAWithData" time="29.449"/>
  <testcase name="testOMRatisSnapshot" classname="org.apache.hadoop.ozone.om.TestOzoneManagerHAWithData" time="25.248"/>
  <testcase name="testFileOperationsWithRecursive" classname="org.apache.hadoop.ozone.om.TestOzoneManagerHAWithData" time="23.53"/>
  <testcase name="testMultipartUploadWithOneOmNodeDown" classname="org.apache.hadoop.ozone.om.TestOzoneManagerHAWithData" time="28.282"/>
  <testcase name="testKeysDelete" classname="org.apache.hadoop.ozone.om.TestOzoneManagerHAWithData" time="24.412"/>
  <testcase name="testAllOMNodesRunning" classname="org.apache.hadoop.ozone.om.TestOzoneManagerHAWithData" time="23.231"/>
  <testcase name="testIncrementalWaitTimeWithSameNodeFailover" classname="org.apache.hadoop.ozone.om.TestOzoneManagerHAWithData" time="28.046"/>
  <testcase name="testListParts" classname="org.apache.hadoop.ozone.om.TestOzoneManagerHAWithData" time="27.225"/>
  <testcase name="testFileOperationsWithNonRecursive" classname="org.apache.hadoop.ozone.om.TestOzoneManagerHAWithData" time="24.325"/>
  <testcase name="testOneOMNodeDown" classname="org.apache.hadoop.ozone.om.TestOzoneManagerHAWithData" time="28.141"/>
  <testcase name="testTwoOMNodesDown" classname="org.apache.hadoop.ozone.om.TestOzoneManagerHAWithData" time="0">
    <skipped message="This test is failing randomly. It will be enabled after fixing it."/>
  </testcase>
  <testcase name="testOMRestart" classname="org.apache.hadoop.ozone.om.TestOzoneManagerHAWithData" time="228.83">
    <error message="Timed out waiting for condition. Thread diagnostics:&#10;Timestamp: 2020-07-01 01:09:25,154&#10;&#10;&quot;Datanode ReportManager Thread - 2&quot; daemon prio=5 tid=5678 timed_waiting&#10;java.lang.Thread.State: TIMED_WAITING&#10;        at sun.misc.Unsafe.park(Native Method)&#10;        at java.util.concurrent.locks.LockSupport.parkNanos(LockSupport.java:215)&#10;        at java.util.concurrent.locks.AbstractQueuedSynchronizer$ConditionObject.awaitNanos(AbstractQueuedSynchronizer.java:2078)&#10;        at java.util.concurrent.ScheduledThreadPoolExecutor$DelayedWorkQueue.take(ScheduledThreadPoolExecutor.java:1093)&#10;        at java.util.concurrent.ScheduledThreadPoolExecutor$DelayedWorkQueue.take(ScheduledThreadPoolExecutor.java:809)&#10;        at java.util.concurrent.ThreadPoolExecutor.getTask(ThreadPoolExecutor.java:1074)&#10;        at java.util.concurrent.ThreadPoolExecutor.runWorker(ThreadPoolExecutor.java:1134)&#10;        at java.util.concurrent.ThreadPoolExecutor$Worker.run(ThreadPoolExecutor.java:624)&#10;        at java.lang.Thread.run(Thread.java:748)&#10;&quot;IPC Server handler 7 on default port 45819&quot; daemon prio=5 tid=5475 timed_waiting&#10;java.lang.Thread.State: TIMED_WAITING&#10;        at sun.misc.Unsafe.park(Native Method)&#10;        at java.util.concurrent.locks.LockSupport.parkNanos(LockSupport.java:215)&#10;        at java.util.concurrent.locks.AbstractQueuedSynchronizer$ConditionObject.awaitNanos(AbstractQueuedSynchronizer.java:2078)&#10;        at java.util.concurrent.LinkedBlockingQueue.poll(LinkedBlockingQueue.java:467)&#10;        at org.apache.hadoop.ipc.CallQueueManager.take(CallQueueManager.java:295)&#10;        at org.apache.hadoop.ipc.Server$Handler.run(Server.java:2881)&#10;&quot;pool-146-thread-1&quot;  prio=5 tid=678 timed_waiting&#10;java.lang.Thread.State: TIMED_WAITING&#10;        at sun.misc.Unsafe.park(Native Method)&#10;        at java.util.concurrent.locks.LockSupport.parkNanos(LockSupport.java:215)&#10;        at java.util.concurrent.locks.AbstractQueuedSynchronizer$ConditionObject.awaitNanos(AbstractQueuedSynchronizer.java:2078)&#10;        at java.util.concurrent.ScheduledThreadPoolExecutor$DelayedWorkQueue.take(ScheduledThreadPoolExecutor.java:1093)&#10;        at java.util.concurrent.ScheduledThreadPoolExecutor$DelayedWorkQueue.take(ScheduledThreadPoolExecutor.java:809)&#10;        at java.util.concurrent.ThreadPoolExecutor.getTask(ThreadPoolExecutor.java:1074)&#10;        at java.util.concurrent.ThreadPoolExecutor.runWorker(ThreadPoolExecutor.java:1134)&#10;        at java.util.concurrent.ThreadPoolExecutor$Worker.run(ThreadPoolExecutor.java:624)&#10;        at java.lang.Thread.run(Thread.java:748)&#10;&quot;IPC Server idle connection scanner for port 41453&quot; daemon prio=5 tid=5431 timed_waiting&#10;java.lang.Thread.State: TIMED_WAITING&#10;        at java.lang.Object.wait(Native Method)&#10;        at java.util.TimerThread.mainLoop(Timer.java:552)&#10;        at java.util.TimerThread.run(Timer.java:505)&#10;&quot;IPC Server handler 4 on default port 41453&quot; daemon prio=5 tid=5492 timed_waiting&#10;java.lang.Thread.State: TIMED_WAITING&#10;        at sun.misc.Unsafe.park(Native Method)&#10;        at java.util.concurrent.locks.LockSupport.parkNanos(LockSupport.java:215)&#10;        at java.util.concurrent.locks.AbstractQueuedSynchronizer$ConditionObject.awaitNanos(AbstractQueuedSynchronizer.java:2078)&#10;        at java.util.concurrent.LinkedBlockingQueue.poll(LinkedBlockingQueue.java:467)&#10;        at org.apache.hadoop.ipc.CallQueueManager.take(CallQueueManager.java:295)&#10;        at org.apache.hadoop.ipc.Server$Handler.run(Server.java:2881)&#10;&quot;grpc-nio-worker-ELG-3-1&quot; daemon prio=5 tid=321 runnable&#10;java.lang.Thread.State: RUNNABLE&#10;        at sun.nio.ch.EPollArrayWrapper.epollWait(Native Method)&#10;        at sun.nio.ch.EPollArrayWrapper.poll(EPollArrayWrapper.java:269)&#10;        at sun.nio.ch.EPollSelectorImpl.doSelect(EPollSelectorImpl.java:93)&#10;        at sun.nio.ch.SelectorImpl.lockAndDoSelect(SelectorImpl.java:86)&#10;        at sun.nio.ch.SelectorImpl.select(SelectorImpl.java:97)&#10;        at org.apache.ratis.thirdparty.io.netty.channel.nio.SelectedSelectionKeySetSelector.select(SelectedSelectionKeySetSelector.java:62)&#10;        at org.apache.ratis.thirdparty.io.netty.channel.nio.NioEventLoop.select(NioEventLoop.java:807)&#10;        at org.apache.ratis.thirdparty.io.netty.channel.nio.NioEventLoop.run(NioEventLoop.java:457)&#10;        at org.apache.ratis.thirdparty.io.netty.util.concurrent.SingleThreadEventExecutor$4.run(SingleThreadEventExecutor.java:989)&#10;        at org.apache.ratis.thirdparty.io.netty.util.internal.ThreadExecutorMap$2.run(ThreadExecutorMap.java:74)&#10;        at org.apache.ratis.thirdparty.io.netty.util.concurrent.FastThreadLocalRunnable.run(FastThreadLocalRunnable.java:30)&#10;        at java.lang.Thread.run(Thread.java:748)&#10;&quot;IPC Server handler 14 on default port 11860&quot; daemon prio=5 tid=5549 timed_waiting&#10;java.lang.Thread.State: TIMED_WAITING&#10;        at sun.misc.Unsafe.park(Native Method)&#10;        at java.util.concurrent.locks.LockSupport.parkNanos(LockSupport.java:215)&#10;        at java.util.concurrent.locks.AbstractQueuedSynchronizer$ConditionObject.awaitNanos(AbstractQueuedSynchronizer.java:2078)&#10;        at java.util.concurrent.LinkedBlockingQueue.poll(LinkedBlockingQueue.java:467)&#10;        at org.apache.hadoop.ipc.CallQueueManager.take(CallQueueManager.java:295)&#10;        at org.apache.hadoop.ipc.Server$Handler.run(Server.java:2881)&#10;&quot;PartialTableCache Cleanup Thread - 0&quot; daemon prio=5 tid=5407 in Object.wait()&#10;java.lang.Thread.State: WAITING (on object monitor)&#10;        at sun.misc.Unsafe.park(Native Method)&#10;        at java.util.concurrent.locks.LockSupport.park(LockSupport.java:175)&#10;        at java.util.concurrent.locks.AbstractQueuedSynchronizer$ConditionObject.await(AbstractQueuedSynchronizer.java:2039)&#10;        at java.util.concurrent.LinkedBlockingQueue.take(LinkedBlockingQueue.java:442)&#10;        at java.util.concurrent.ThreadPoolExecutor.getTask(ThreadPoolExecutor.java:1074)&#10;        at java.util.concurrent.ThreadPoolExecutor.runWorker(ThreadPoolExecutor.java:1134)&#10;        at java.util.concurrent.ThreadPoolExecutor$Worker.run(ThreadPoolExecutor.java:624)&#10;        at java.lang.Thread.run(Thread.java:748)&#10;&quot;qtp880433415-5710&quot; daemon prio=5 tid=5710 timed_waiting&#10;java.lang.Thread.State: TIMED_WAITING&#10;        at sun.misc.Unsafe.park(Native Method)&#10;        at java.util.concurrent.locks.LockSupport.parkNanos(LockSupport.java:215)&#10;        at java.util.concurrent.locks.AbstractQueuedSynchronizer$ConditionObject.awaitNanos(AbstractQueuedSynchronizer.java:2078)&#10;        at org.eclipse.jetty.util.BlockingArrayQueue.poll(BlockingArrayQueue.java:382)&#10;        at org.eclipse.jetty.util.thread.QueuedThreadPool$Runner.idleJobPoll(QueuedThreadPool.java:875)&#10;        at org.eclipse.jetty.util.thread.QueuedThreadPool$Runner.run(QueuedThreadPool.java:925)&#10;        at java.lang.Thread.run(Thread.java:748)&#10;&quot;Datanode ReportManager Thread - 1&quot; daemon prio=5 tid=5700 in Object.wait()&#10;java.lang.Thread.State: WAITING (on object monitor)&#10;        at sun.misc.Unsafe.park(Native Method)&#10;        at java.util.concurrent.locks.LockSupport.park(LockSupport.java:175)&#10;        at java.util.concurrent.locks.AbstractQueuedSynchronizer$ConditionObject.await(AbstractQueuedSynchronizer.java:2039)&#10;        at java.util.concurrent.ScheduledThreadPoolExecutor$DelayedWorkQueue.take(ScheduledThreadPoolExecutor.java:1088)&#10;        at java.util.concurrent.ScheduledThreadPoolExecutor$DelayedWorkQueue.take(ScheduledThreadPoolExecutor.java:809)&#10;        at java.util.concurrent.ThreadPoolExecutor.getTask(ThreadPoolExecutor.java:1074)&#10;        at java.util.concurrent.ThreadPoolExecutor.runWorker(ThreadPoolExecutor.java:1134)&#10;        at java.util.concurrent.ThreadPoolExecutor$Worker.run(ThreadPoolExecutor.java:624)&#10;        at java.lang.Thread.run(Thread.java:748)&#10;&quot;PartialTableCache Cleanup Thread - 0&quot; daemon prio=5 tid=2781 in Object.wait()&#10;java.lang.Thread.State: WAITING (on object monitor)&#10;        at sun.misc.Unsafe.park(Native Method)&#10;        at java.util.concurrent.locks.LockSupport.park(LockSupport.java:175)&#10;        at java.util.concurrent.locks.AbstractQueuedSynchronizer$ConditionObject.await(AbstractQueuedSynchronizer.java:2039)&#10;        at java.util.concurrent.LinkedBlockingQueue.take(LinkedBlockingQueue.java:442)&#10;        at java.util.concurrent.ThreadPoolExecutor.getTask(ThreadPoolExecutor.java:1074)&#10;        at java.util.concurrent.ThreadPoolExecutor.runWorker(ThreadPoolExecutor.java:1134)&#10;        at java.util.concurrent.ThreadPoolExecutor$Worker.run(ThreadPoolExecutor.java:624)&#10;        at java.lang.Thread.run(Thread.java:748)&#10;&quot;PartialTableCache Cleanup Thread - 0&quot; daemon prio=5 tid=494 in Object.wait()&#10;java.lang.Thread.State: WAITING (on object monitor)&#10;        at sun.misc.Unsafe.park(Native Method)&#10;        at java.util.concurrent.locks.LockSupport.park(LockSupport.java:175)&#10;        at java.util.concurrent.locks.AbstractQueuedSynchronizer$ConditionObject.await(AbstractQueuedSynchronizer.java:2039)&#10;        at java.util.concurrent.LinkedBlockingQueue.take(LinkedBlockingQueue.java:442)&#10;        at java.util.concurrent.ThreadPoolExecutor.getTask(ThreadPoolExecutor.java:1074)&#10;        at java.util.concurrent.ThreadPoolExecutor.runWorker(ThreadPoolExecutor.java:1134)&#10;        at java.util.concurrent.ThreadPoolExecutor$Worker.run(ThreadPoolExecutor.java:624)&#10;        at java.lang.Thread.run(Thread.java:748)&#10;&quot;Datanode ReportManager Thread - 1&quot; daemon prio=5 tid=5677 in Object.wait()&#10;java.lang.Thread.State: WAITING (on object monitor)&#10;        at sun.misc.Unsafe.park(Native Method)&#10;        at java.util.concurrent.locks.LockSupport.park(LockSupport.java:175)&#10;        at java.util.concurrent.locks.AbstractQueuedSynchronizer$ConditionObject.await(AbstractQueuedSynchronizer.java:2039)&#10;        at java.util.concurrent.ScheduledThreadPoolExecutor$DelayedWorkQueue.take(ScheduledThreadPoolExecutor.java:1088)&#10;        at java.util.concurrent.ScheduledThreadPoolExecutor$DelayedWorkQueue.take(ScheduledThreadPoolExecutor.java:809)&#10;        at java.util.concurrent.ThreadPoolExecutor.getTask(ThreadPoolExecutor.java:1074)&#10;        at java.util.concurrent.ThreadPoolExecutor.runWorker(ThreadPoolExecutor.java:1134)&#10;        at java.util.concurrent.ThreadPoolExecutor$Worker.run(ThreadPoolExecutor.java:624)&#10;        at java.lang.Thread.run(Thread.java:748)&#10;&quot;5f570ae4-9456-445c-93e3-9355377d8e07@group-95C53215FDEF-SegmentedRaftLogWorker&quot;  prio=5 tid=5793 timed_waiting&#10;java.lang.Thread.State: TIMED_WAITING&#10;        at sun.misc.Unsafe.park(Native Method)&#10;        at java.util.concurrent.locks.LockSupport.parkNanos(LockSupport.java:215)&#10;        at java.util.concurrent.locks.AbstractQueuedSynchronizer$ConditionObject.awaitNanos(AbstractQueuedSynchronizer.java:2078)&#10;        at org.apache.ratis.util.DataBlockingQueue.poll(DataBlockingQueue.java:137)&#10;        at org.apache.ratis.server.raftlog.segmented.SegmentedRaftLogWorker.run(SegmentedRaftLogWorker.java:293)&#10;        at java.lang.Thread.run(Thread.java:748)&#10;&quot;qtp1903785634-5653&quot; daemon prio=5 tid=5653 timed_waiting&#10;java.lang.Thread.State: TIMED_WAITING&#10;        at sun.misc.Unsafe.park(Native Method)&#10;        at java.util.concurrent.locks.LockSupport.parkNanos(LockSupport.java:215)&#10;        at java.util.concurrent.locks.AbstractQueuedSynchronizer$ConditionObject.awaitNanos(AbstractQueuedSynchronizer.java:2078)&#10;        at org.eclipse.jetty.util.BlockingArrayQueue.poll(BlockingArrayQueue.java:382)&#10;        at org.eclipse.jetty.util.thread.QueuedThreadPool$Runner.idleJobPoll(QueuedThreadPool.java:875)&#10;        at org.eclipse.jetty.util.thread.QueuedThreadPool$Runner.run(QueuedThreadPool.java:925)&#10;        at java.lang.Thread.run(Thread.java:748)&#10;&quot;PartialTableCache Cleanup Thread - 0&quot; daemon prio=5 tid=5890 in Object.wait()&#10;java.lang.Thread.State: WAITING (on object monitor)&#10;        at sun.misc.Unsafe.park(Native Method)&#10;        at java.util.concurrent.locks.LockSupport.park(LockSupport.java:175)&#10;        at java.util.concurrent.locks.AbstractQueuedSynchronizer$ConditionObject.await(AbstractQueuedSynchronizer.java:2039)&#10;        at java.util.concurrent.LinkedBlockingQueue.take(LinkedBlockingQueue.java:442)&#10;        at java.util.concurrent.ThreadPoolExecutor.getTask(ThreadPoolExecutor.java:1074)&#10;        at java.util.concurrent.ThreadPoolExecutor.runWorker(ThreadPoolExecutor.java:1134)&#10;        at java.util.concurrent.ThreadPoolExecutor$Worker.run(ThreadPoolExecutor.java:624)&#10;        at java.lang.Thread.run(Thread.java:748)&#10;&quot;PartialTableCache Cleanup Thread - 0&quot; daemon prio=5 tid=1678 in Object.wait()&#10;java.lang.Thread.State: WAITING (on object monitor)&#10;        at sun.misc.Unsafe.park(Native Method)&#10;        at java.util.concurrent.locks.LockSupport.park(LockSupport.java:175)&#10;        at java.util.concurrent.locks.AbstractQueuedSynchronizer$ConditionObject.await(AbstractQueuedSynchronizer.java:2039)&#10;        at java.util.concurrent.LinkedBlockingQueue.take(LinkedBlockingQueue.java:442)&#10;        at java.util.concurrent.ThreadPoolExecutor.getTask(ThreadPoolExecutor.java:1074)&#10;        at java.util.concurrent.ThreadPoolExecutor.runWorker(ThreadPoolExecutor.java:1134)&#10;        at java.util.concurrent.ThreadPoolExecutor$Worker.run(ThreadPoolExecutor.java:624)&#10;        at java.lang.Thread.run(Thread.java:748)&#10;&quot;PartialTableCache Cleanup Thread - 0&quot; daemon prio=5 tid=2244 in Object.wait()&#10;java.lang.Thread.State: WAITING (on object monitor)&#10;        at sun.misc.Unsafe.park(Native Method)&#10;        at java.util.concurrent.locks.LockSupport.park(LockSupport.java:175)&#10;        at java.util.concurrent.locks.AbstractQueuedSynchronizer$ConditionObject.await(AbstractQueuedSynchronizer.java:2039)&#10;        at java.util.concurrent.LinkedBlockingQueue.take(LinkedBlockingQueue.java:442)&#10;        at java.util.concurrent.ThreadPoolExecutor.getTask(ThreadPoolExecutor.java:1074)&#10;        at java.util.concurrent.ThreadPoolExecutor.runWorker(ThreadPoolExecutor.java:1134)&#10;        at java.util.concurrent.ThreadPoolExecutor$Worker.run(ThreadPoolExecutor.java:624)&#10;        at java.lang.Thread.run(Thread.java:748)&#10;&quot;pool-1083-thread-1&quot;  prio=5 tid=5523 timed_waiting&#10;java.lang.Thread.State: TIMED_WAITING&#10;        at sun.misc.Unsafe.park(Native Method)&#10;        at java.util.concurrent.locks.LockSupport.parkNanos(LockSupport.java:215)&#10;        at java.util.concurrent.locks.AbstractQueuedSynchronizer$ConditionObject.awaitNanos(AbstractQueuedSynchronizer.java:2078)&#10;        at java.util.concurrent.ScheduledThreadPoolExecutor$DelayedWorkQueue.take(ScheduledThreadPoolExecutor.java:1093)&#10;        at java.util.concurrent.ScheduledThreadPoolExecutor$DelayedWorkQueue.take(ScheduledThreadPoolExecutor.java:809)&#10;        at java.util.concurrent.ThreadPoolExecutor.getTask(ThreadPoolExecutor.java:1074)&#10;        at java.util.concurrent.ThreadPoolExecutor.runWorker(ThreadPoolExecutor.java:1134)&#10;        at java.util.concurrent.ThreadPoolExecutor$Worker.run(ThreadPoolExecutor.java:624)&#10;        at java.lang.Thread.run(Thread.java:748)&#10;&quot;IPC Server handler 14 on default port 11872&quot; daemon prio=5 tid=5638 timed_waiting&#10;java.lang.Thread.State: TIMED_WAITING&#10;        at sun.misc.Unsafe.park(Native Method)&#10;        at java.util.concurrent.locks.LockSupport.parkNanos(LockSupport.java:215)&#10;        at java.util.concurrent.locks.AbstractQueuedSynchronizer$ConditionObject.awaitNanos(AbstractQueuedSynchronizer.java:2078)&#10;        at java.util.concurrent.LinkedBlockingQueue.poll(LinkedBlockingQueue.java:467)&#10;        at org.apache.hadoop.ipc.CallQueueManager.take(CallQueueManager.java:295)&#10;        at org.apache.hadoop.ipc.Server$Handler.run(Server.java:2881)&#10;&quot;PartialTableCache Cleanup Thread - 0&quot; daemon prio=5 tid=4272 in Object.wait()&#10;java.lang.Thread.State: WAITING (on object monitor)&#10;        at sun.misc.Unsafe.park(Native Method)&#10;        at java.util.concurrent.locks.LockSupport.park(LockSupport.java:175)&#10;        at java.util.concurrent.locks.AbstractQueuedSynchronizer$ConditionObject.await(AbstractQueuedSynchronizer.java:2039)&#10;        at java.util.concurrent.LinkedBlockingQueue.take(LinkedBlockingQueue.java:442)&#10;        at java.util.concurrent.ThreadPoolExecutor.getTask(ThreadPoolExecutor.java:1074)&#10;        at java.util.concurrent.ThreadPoolExecutor.runWorker(ThreadPoolExecutor.java:1134)&#10;        at java.util.concurrent.ThreadPoolExecutor$Worker.run(ThreadPoolExecutor.java:624)&#10;        at java.lang.Thread.run(Thread.java:748)&#10;&quot;org.apache.hadoop.util.JvmPauseMonitor$Monitor@77e86c2b&quot; daemon prio=5 tid=5723 timed_waiting&#10;java.lang.Thread.State: TIMED_WAITING&#10;        at java.lang.Thread.sleep(Native Method)&#10;        at org.apache.hadoop.util.JvmPauseMonitor$Monitor.run(JvmPauseMonitor.java:192)&#10;        at java.lang.Thread.run(Thread.java:748)&#10;&quot;Datanode State Machine Thread - 0&quot; daemon prio=5 tid=5724 timed_waiting&#10;java.lang.Thread.State: TIMED_WAITING&#10;        at sun.misc.Unsafe.park(Native Method)&#10;        at java.util.concurrent.locks.LockSupport.parkNanos(LockSupport.java:215)&#10;        at java.util.concurrent.SynchronousQueue$TransferStack.awaitFulfill(SynchronousQueue.java:460)&#10;        at java.util.concurrent.SynchronousQueue$TransferStack.transfer(SynchronousQueue.java:362)&#10;        at java.util.concurrent.SynchronousQueue.poll(SynchronousQueue.java:941)&#10;        at java.util.concurrent.ThreadPoolExecutor.getTask(ThreadPoolExecutor.java:1073)&#10;        at java.util.concurrent.ThreadPoolExecutor.runWorker(ThreadPoolExecutor.java:1134)&#10;        at java.util.concurrent.ThreadPoolExecutor$Worker.run(ThreadPoolExecutor.java:624)&#10;        at java.lang.Thread.run(Thread.java:748)&#10;&quot;IPC Server handler 1 on default port 11866&quot; daemon prio=5 tid=6629 timed_waiting&#10;java.lang.Thread.State: TIMED_WAITING&#10;        at sun.misc.Unsafe.park(Native Method)&#10;        at java.util.concurrent.locks.LockSupport.parkNanos(LockSupport.java:215)&#10;        at java.util.concurrent.locks.AbstractQueuedSynchronizer$ConditionObject.awaitNanos(AbstractQueuedSynchronizer.java:2078)&#10;        at java.util.concurrent.LinkedBlockingQueue.poll(LinkedBlockingQueue.java:467)&#10;        at org.apache.hadoop.ipc.CallQueueManager.take(CallQueueManager.java:295)&#10;        at org.apache.hadoop.ipc.Server$Handler.run(Server.java:2881)&#10;&quot;pool-43-thread-1&quot;  prio=5 tid=160 timed_waiting&#10;java.lang.Thread.State: TIMED_WAITING&#10;        at sun.misc.Unsafe.park(Native Method)&#10;        at java.util.concurrent.locks.LockSupport.parkNanos(LockSupport.java:215)&#10;        at java.util.concurrent.locks.AbstractQueuedSynchronizer$ConditionObject.awaitNanos(AbstractQueuedSynchronizer.java:2078)&#10;        at java.util.concurrent.ScheduledThreadPoolExecutor$DelayedWorkQueue.take(ScheduledThreadPoolExecutor.java:1093)&#10;        at java.util.concurrent.ScheduledThreadPoolExecutor$DelayedWorkQueue.take(ScheduledThreadPoolExecutor.java:809)&#10;        at java.util.concurrent.ThreadPoolExecutor.getTask(ThreadPoolExecutor.java:1074)&#10;        at java.util.concurrent.ThreadPoolExecutor.runWorker(ThreadPoolExecutor.java:1134)&#10;        at java.util.concurrent.ThreadPoolExecutor$Worker.run(ThreadPoolExecutor.java:624)&#10;        at java.lang.Thread.run(Thread.java:748)&#10;&quot;EventQueue-Delayed safe mode statusForSCMPipelineManager&quot;  prio=5 tid=5445 in Object.wait()&#10;java.lang.Thread.State: WAITING (on object monitor)&#10;        at sun.misc.Unsafe.park(Native Method)&#10;        at java.util.concurrent.locks.LockSupport.park(LockSupport.java:175)&#10;        at java.util.concurrent.locks.AbstractQueuedSynchronizer$ConditionObject.await(AbstractQueuedSynchronizer.java:2039)&#10;        at java.util.concurrent.LinkedBlockingQueue.take(LinkedBlockingQueue.java:442)&#10;        at java.util.concurrent.ThreadPoolExecutor.getTask(ThreadPoolExecutor.java:1074)&#10;        at java.util.concurrent.ThreadPoolExecutor.runWorker(ThreadPoolExecutor.java:1134)&#10;        at java.util.concurrent.ThreadPoolExecutor$Worker.run(ThreadPoolExecutor.java:624)&#10;        at java.lang.Thread.run(Thread.java:748)&#10;&quot;PartialTableCache Cleanup Thread - 0&quot; daemon prio=5 tid=4806 in Object.wait()&#10;java.lang.Thread.State: WAITING (on object monitor)&#10;        at sun.misc.Unsafe.park(Native Method)&#10;        at java.util.concurrent.locks.LockSupport.park(LockSupport.java:175)&#10;        at java.util.concurrent.locks.AbstractQueuedSynchronizer$ConditionObject.await(AbstractQueuedSynchronizer.java:2039)&#10;        at java.util.concurrent.LinkedBlockingQueue.take(LinkedBlockingQueue.java:442)&#10;        at java.util.concurrent.ThreadPoolExecutor.getTask(ThreadPoolExecutor.java:1074)&#10;        at java.util.concurrent.ThreadPoolExecutor.runWorker(ThreadPoolExecutor.java:1134)&#10;        at java.util.concurrent.ThreadPoolExecutor$Worker.run(ThreadPoolExecutor.java:624)&#10;        at java.lang.Thread.run(Thread.java:748)&#10;&quot;pool-685-thread-1&quot;  prio=5 tid=3433 timed_waiting&#10;java.lang.Thread.State: TIMED_WAITING&#10;        at sun.misc.Unsafe.park(Native Method)&#10;        at java.util.concurrent.locks.LockSupport.parkNanos(LockSupport.java:215)&#10;        at java.util.concurrent.locks.AbstractQueuedSynchronizer$ConditionObject.awaitNanos(AbstractQueuedSynchronizer.java:2078)&#10;        at java.util.concurrent.ScheduledThreadPoolExecutor$DelayedWorkQueue.take(ScheduledThreadPoolExecutor.java:1093)&#10;        at java.util.concurrent.ScheduledThreadPoolExecutor$DelayedWorkQueue.take(ScheduledThreadPoolExecutor.java:809)&#10;        at java.util.concurrent.ThreadPoolExecutor.getTask(ThreadPoolExecutor.java:1074)&#10;        at java.util.concurrent.ThreadPoolExecutor.runWorker(ThreadPoolExecutor.java:1134)&#10;        at java.util.concurrent.ThreadPoolExecutor$Worker.run(ThreadPoolExecutor.java:624)&#10;        at java.lang.Thread.run(Thread.java:748)&#10;&quot;40524df2-78a3-4e4e-9ceb-ad6c0599eecc@group-304D1CDEA4AC-StateMachineUpdater&quot; daemon prio=5 tid=5812 in Object.wait()&#10;java.lang.Thread.State: WAITING (on object monitor)&#10;        at java.lang.Object.wait(Native Method)&#10;        at java.lang.Object.wait(Object.java:502)&#10;        at org.apache.ratis.server.impl.StateMachineUpdater.waitForCommit(StateMachineUpdater.java:200)&#10;        at org.apache.ratis.server.impl.StateMachineUpdater.run(StateMachineUpdater.java:165)&#10;        at java.lang.Thread.run(Thread.java:748)&#10;&quot;PartialTableCache Cleanup Thread - 0&quot; daemon prio=5 tid=3266 in Object.wait()&#10;java.lang.Thread.State: WAITING (on object monitor)&#10;        at sun.misc.Unsafe.park(Native Method)&#10;        at java.util.concurrent.locks.LockSupport.park(LockSupport.java:175)&#10;        at java.util.concurrent.locks.AbstractQueuedSynchronizer$ConditionObject.await(AbstractQueuedSynchronizer.java:2039)&#10;        at java.util.concurrent.LinkedBlockingQueue.take(LinkedBlockingQueue.java:442)&#10;        at java.util.concurrent.ThreadPoolExecutor.getTask(ThreadPoolExecutor.java:1074)&#10;        at java.util.concurrent.ThreadPoolExecutor.runWorker(ThreadPoolExecutor.java:1134)&#10;        at java.util.concurrent.ThreadPoolExecutor$Worker.run(ThreadPoolExecutor.java:624)&#10;        at java.lang.Thread.run(Thread.java:748)&#10;&quot;ChunkWriter-0-0&quot; daemon prio=5 tid=5742 in Object.wait()&#10;java.lang.Thread.State: WAITING (on object monitor)&#10;        at sun.misc.Unsafe.park(Native Method)&#10;        at java.util.concurrent.locks.LockSupport.park(LockSupport.java:175)&#10;        at java.util.concurrent.locks.AbstractQueuedSynchronizer$ConditionObject.await(AbstractQueuedSynchronizer.java:2039)&#10;        at java.util.concurrent.LinkedBlockingDeque.takeFirst(LinkedBlockingDeque.java:492)&#10;        at java.util.concurrent.LinkedBlockingDeque.take(LinkedBlockingDeque.java:680)&#10;        at java.util.concurrent.ThreadPoolExecutor.getTask(ThreadPoolExecutor.java:1074)&#10;        at java.util.concurrent.ThreadPoolExecutor.runWorker(ThreadPoolExecutor.java:1134)&#10;        at java.util.concurrent.ThreadPoolExecutor$Worker.run(ThreadPoolExecutor.java:624)&#10;        at java.lang.Thread.run(Thread.java:748)&#10;&quot;qtp1336084858-5559&quot; daemon prio=5 tid=5559 timed_waiting&#10;java.lang.Thread.State: TIMED_WAITING&#10;        at sun.misc.Unsafe.park(Native Method)&#10;        at java.util.concurrent.locks.LockSupport.parkNanos(LockSupport.java:215)&#10;        at java.util.concurrent.locks.AbstractQueuedSynchronizer$ConditionObject.awaitNanos(AbstractQueuedSynchronizer.java:2078)&#10;        at org.eclipse.jetty.util.BlockingArrayQueue.poll(BlockingArrayQueue.java:382)&#10;        at org.eclipse.jetty.util.thread.QueuedThreadPool$Runner.idleJobPoll(QueuedThreadPool.java:875)&#10;        at org.eclipse.jetty.util.thread.QueuedThreadPool$Runner.run(QueuedThreadPool.java:925)&#10;        at java.lang.Thread.run(Thread.java:748)&#10;&quot;IPC Server handler 6 on default port 36843&quot; daemon prio=5 tid=5454 timed_waiting&#10;java.lang.Thread.State: TIMED_WAITING&#10;        at sun.misc.Unsafe.park(Native Method)&#10;        at java.util.concurrent.locks.LockSupport.parkNanos(LockSupport.java:215)&#10;        at java.util.concurrent.locks.AbstractQueuedSynchronizer$ConditionObject.awaitNanos(AbstractQueuedSynchronizer.java:2078)&#10;        at java.util.concurrent.LinkedBlockingQueue.poll(LinkedBlockingQueue.java:467)&#10;        at org.apache.hadoop.ipc.CallQueueManager.take(CallQueueManager.java:295)&#10;        at org.apache.hadoop.ipc.Server$Handler.run(Server.java:2881)&#10;&quot;OMDoubleBufferFlushThread&quot; daemon prio=5 tid=5611 timed_waiting&#10;java.lang.Thread.State: TIMED_WAITING&#10;        at java.lang.Object.wait(Native Method)&#10;        at org.apache.hadoop.ozone.om.ratis.OzoneManagerDoubleBuffer.canFlush(OzoneManagerDoubleBuffer.java:530)&#10;        at org.apache.hadoop.ozone.om.ratis.OzoneManagerDoubleBuffer.flushTransactions(OzoneManagerDoubleBuffer.java:241)&#10;        at org.apache.hadoop.ozone.om.ratis.OzoneManagerDoubleBuffer$$Lambda$118/1530007166.run(Unknown Source)&#10;        at java.lang.Thread.run(Thread.java:748)&#10;&quot;qtp1336084858-5560&quot; daemon prio=5 tid=5560 timed_waiting&#10;java.lang.Thread.State: TIMED_WAITING&#10;        at sun.misc.Unsafe.park(Native Method)&#10;        at java.util.concurrent.locks.LockSupport.parkNanos(LockSupport.java:215)&#10;        at java.util.concurrent.locks.AbstractQueuedSynchronizer$ConditionObject.awaitNanos(AbstractQueuedSynchronizer.java:2078)&#10;        at org.eclipse.jetty.util.BlockingArrayQueue.poll(BlockingArrayQueue.java:382)&#10;        at org.eclipse.jetty.util.thread.QueuedThreadPool$Runner.idleJobPoll(QueuedThreadPool.java:875)&#10;        at org.eclipse.jetty.util.thread.QueuedThreadPool$Runner.run(QueuedThreadPool.java:925)&#10;        at java.lang.Thread.run(Thread.java:748)&#10;&quot;Session-HouseKeeper-13e2b6e5-1&quot;  prio=5 tid=5670 timed_waiting&#10;java.lang.Thread.State: TIMED_WAITING&#10;        at sun.misc.Unsafe.park(Native Method)&#10;        at java.util.concurrent.locks.LockSupport.parkNanos(LockSupport.java:215)&#10;        at java.util.concurrent.locks.AbstractQueuedSynchronizer$ConditionObject.awaitNanos(AbstractQueuedSynchronizer.java:2078)&#10;        at java.util.concurrent.ScheduledThreadPoolExecutor$DelayedWorkQueue.take(ScheduledThreadPoolExecutor.java:1093)&#10;        at java.util.concurrent.ScheduledThreadPoolExecutor$DelayedWorkQueue.take(ScheduledThreadPoolExecutor.java:809)&#10;        at java.util.concurrent.ThreadPoolExecutor.getTask(ThreadPoolExecutor.java:1074)&#10;        at java.util.concurrent.ThreadPoolExecutor.runWorker(ThreadPoolExecutor.java:1134)&#10;        at java.util.concurrent.ThreadPoolExecutor$Worker.run(ThreadPoolExecutor.java:624)&#10;        at java.lang.Thread.run(Thread.java:748)&#10;&quot;PartialTableCache Cleanup Thread - 0&quot; daemon prio=5 tid=493 in Object.wait()&#10;java.lang.Thread.State: WAITING (on object monitor)&#10;        at sun.misc.Unsafe.park(Native Method)&#10;        at java.util.concurrent.locks.LockSupport.park(LockSupport.java:175)&#10;        at java.util.concurrent.locks.AbstractQueuedSynchronizer$ConditionObject.await(AbstractQueuedSynchronizer.java:2039)&#10;        at java.util.concurrent.LinkedBlockingQueue.take(LinkedBlockingQueue.java:442)&#10;        at java.util.concurrent.ThreadPoolExecutor.getTask(ThreadPoolExecutor.java:1074)&#10;        at java.util.concurrent.ThreadPoolExecutor.runWorker(ThreadPoolExecutor.java:1134)&#10;        at java.util.concurrent.ThreadPoolExecutor$Worker.run(ThreadPoolExecutor.java:624)&#10;        at java.lang.Thread.run(Thread.java:748)&#10;&quot;IPC Server handler 11 on default port 11872&quot; daemon prio=5 tid=5635 timed_waiting&#10;java.lang.Thread.State: TIMED_WAITING&#10;        at sun.misc.Unsafe.park(Native Method)&#10;        at java.util.concurrent.locks.LockSupport.parkNanos(LockSupport.java:215)&#10;        at java.util.concurrent.locks.AbstractQueuedSynchronizer$ConditionObject.awaitNanos(AbstractQueuedSynchronizer.java:2078)&#10;        at java.util.concurrent.LinkedBlockingQueue.poll(LinkedBlockingQueue.java:467)&#10;        at org.apache.hadoop.ipc.CallQueueManager.take(CallQueueManager.java:295)&#10;        at org.apache.hadoop.ipc.Server$Handler.run(Server.java:2881)&#10;&quot;PartialTableCache Cleanup Thread - 0&quot; daemon prio=5 tid=2721 in Object.wait()&#10;java.lang.Thread.State: WAITING (on object monitor)&#10;        at sun.misc.Unsafe.park(Native Method)&#10;        at java.util.concurrent.locks.LockSupport.park(LockSupport.java:175)&#10;        at java.util.concurrent.locks.AbstractQueuedSynchronizer$ConditionObject.await(AbstractQueuedSynchronizer.java:2039)&#10;        at java.util.concurrent.LinkedBlockingQueue.take(LinkedBlockingQueue.java:442)&#10;        at java.util.concurrent.ThreadPoolExecutor.getTask(ThreadPoolExecutor.java:1074)&#10;        at java.util.concurrent.ThreadPoolExecutor.runWorker(ThreadPoolExecutor.java:1134)&#10;        at java.util.concurrent.ThreadPoolExecutor$Worker.run(ThreadPoolExecutor.java:624)&#10;        at java.lang.Thread.run(Thread.java:748)&#10;&quot;IPC Server handler 3 on default port 36843&quot; daemon prio=5 tid=5451 timed_waiting&#10;java.lang.Thread.State: TIMED_WAITING&#10;        at sun.misc.Unsafe.park(Native Method)&#10;        at java.util.concurrent.locks.LockSupport.parkNanos(LockSupport.java:215)&#10;        at java.util.concurrent.locks.AbstractQueuedSynchronizer$ConditionObject.awaitNanos(AbstractQueuedSynchronizer.java:2078)&#10;        at java.util.concurrent.LinkedBlockingQueue.poll(LinkedBlockingQueue.java:467)&#10;        at org.apache.hadoop.ipc.CallQueueManager.take(CallQueueManager.java:295)&#10;        at org.apache.hadoop.ipc.Server$Handler.run(Server.java:2881)&#10;&quot;pool-669-thread-1&quot;  prio=5 tid=3387 timed_waiting&#10;java.lang.Thread.State: TIMED_WAITING&#10;        at sun.misc.Unsafe.park(Native Method)&#10;        at java.util.concurrent.locks.LockSupport.parkNanos(LockSupport.java:215)&#10;        at java.util.concurrent.locks.AbstractQueuedSynchronizer$ConditionObject.awaitNanos(AbstractQueuedSynchronizer.java:2078)&#10;        at java.util.concurrent.ScheduledThreadPoolExecutor$DelayedWorkQueue.take(ScheduledThreadPoolExecutor.java:1093)&#10;        at java.util.concurrent.ScheduledThreadPoolExecutor$DelayedWorkQueue.take(ScheduledThreadPoolExecutor.java:809)&#10;        at java.util.concurrent.ThreadPoolExecutor.getTask(ThreadPoolExecutor.java:1074)&#10;        at java.util.concurrent.ThreadPoolExecutor.runWorker(ThreadPoolExecutor.java:1134)&#10;        at java.util.concurrent.ThreadPoolExecutor$Worker.run(ThreadPoolExecutor.java:624)&#10;        at java.lang.Thread.run(Thread.java:748)&#10;&quot;qtp675242275-6654&quot; daemon prio=5 tid=6654 timed_waiting&#10;java.lang.Thread.State: TIMED_WAITING&#10;        at sun.misc.Unsafe.park(Native Method)&#10;        at java.util.concurrent.locks.LockSupport.parkNanos(LockSupport.java:215)&#10;        at java.util.concurrent.locks.AbstractQueuedSynchronizer$ConditionObject.awaitNanos(AbstractQueuedSynchronizer.java:2078)&#10;        at org.eclipse.jetty.util.BlockingArrayQueue.poll(BlockingArrayQueue.java:382)&#10;        at org.eclipse.jetty.util.thread.QueuedThreadPool$Runner.idleJobPoll(QueuedThreadPool.java:875)&#10;        at org.eclipse.jetty.util.thread.QueuedThreadPool$Runner.run(QueuedThreadPool.java:925)&#10;        at java.lang.Thread.run(Thread.java:748)&#10;&quot;grpc-default-executor-7&quot; daemon prio=5 tid=3240 timed_waiting&#10;java.lang.Thread.State: TIMED_WAITING&#10;        at sun.misc.Unsafe.park(Native Method)&#10;        at java.util.concurrent.locks.LockSupport.parkNanos(LockSupport.java:215)&#10;        at java.util.concurrent.SynchronousQueue$TransferStack.awaitFulfill(SynchronousQueue.java:460)&#10;        at java.util.concurrent.SynchronousQueue$TransferStack.transfer(SynchronousQueue.java:362)&#10;        at java.util.concurrent.SynchronousQueue.poll(SynchronousQueue.java:941)&#10;        at java.util.concurrent.ThreadPoolExecutor.getTask(ThreadPoolExecutor.java:1073)&#10;        at java.util.concurrent.ThreadPoolExecutor.runWorker(ThreadPoolExecutor.java:1134)&#10;        at java.util.concurrent.ThreadPoolExecutor$Worker.run(ThreadPoolExecutor.java:624)&#10;        at java.lang.Thread.run(Thread.java:748)&#10;&quot;omNode-2@group-523986131536-StateMachineUpdater&quot; daemon prio=5 tid=6622 in Object.wait()&#10;java.lang.Thread.State: WAITING (on object monitor)&#10;        at java.lang.Object.wait(Native Method)&#10;        at java.lang.Object.wait(Object.java:502)&#10;        at org.apache.ratis.server.impl.StateMachineUpdater.waitForCommit(StateMachineUpdater.java:200)&#10;        at org.apache.ratis.server.impl.StateMachineUpdater.run(StateMachineUpdater.java:165)&#10;        at java.lang.Thread.run(Thread.java:748)&#10;&quot;qtp187225922-5509-acceptor-0@6555d52f-ServerConnector@2a6d0dcb{HTTP/1.1,[http/1.1]}{0.0.0.0:42895}&quot; daemon prio=3 tid=5509 runnable&#10;java.lang.Thread.State: RUNNABLE&#10;        at sun.nio.ch.ServerSocketChannelImpl.accept0(Native Method)&#10;        at sun.nio.ch.ServerSocketChannelImpl.accept(ServerSocketChannelImpl.java:422)&#10;        at sun.nio.ch.ServerSocketChannelImpl.accept(ServerSocketChannelImpl.java:250)&#10;        at org.eclipse.jetty.server.ServerConnector.accept(ServerConnector.java:385)&#10;        at org.eclipse.jetty.server.AbstractConnector$Acceptor.run(AbstractConnector.java:701)&#10;        at org.eclipse.jetty.util.thread.QueuedThreadPool.runJob(QueuedThreadPool.java:806)&#10;        at org.eclipse.jetty.util.thread.QueuedThreadPool$Runner.run(QueuedThreadPool.java:938)&#10;        at java.lang.Thread.run(Thread.java:748)&#10;&quot;pool-1134-thread-1&quot; daemon prio=5 tid=5675 timed_waiting&#10;java.lang.Thread.State: TIMED_WAITING&#10;        at sun.misc.Unsafe.park(Native Method)&#10;        at java.util.concurrent.locks.LockSupport.parkNanos(LockSupport.java:215)&#10;        at java.util.concurrent.locks.AbstractQueuedSynchronizer$ConditionObject.awaitNanos(AbstractQueuedSynchronizer.java:2078)&#10;        at java.util.concurrent.ScheduledThreadPoolExecutor$DelayedWorkQueue.take(ScheduledThreadPoolExecutor.java:1093)&#10;        at java.util.concurrent.ScheduledThreadPoolExecutor$DelayedWorkQueue.take(ScheduledThreadPoolExecutor.java:809)&#10;        at java.util.concurrent.ThreadPoolExecutor.getTask(ThreadPoolExecutor.java:1074)&#10;        at java.util.concurrent.ThreadPoolExecutor.runWorker(ThreadPoolExecutor.java:1134)&#10;        at java.util.concurrent.ThreadPoolExecutor$Worker.run(ThreadPoolExecutor.java:624)&#10;        at java.lang.Thread.run(Thread.java:748)&#10;&quot;IPC Server handler 13 on default port 41453&quot; daemon prio=5 tid=5501 timed_waiting&#10;java.lang.Thread.State: TIMED_WAITING&#10;        at sun.misc.Unsafe.park(Native Method)&#10;        at java.util.concurrent.locks.LockSupport.parkNanos(LockSupport.java:215)&#10;        at java.util.concurrent.locks.AbstractQueuedSynchronizer$ConditionObject.awaitNanos(AbstractQueuedSynchronizer.java:2078)&#10;        at java.util.concurrent.LinkedBlockingQueue.poll(LinkedBlockingQueue.java:467)&#10;        at org.apache.hadoop.ipc.CallQueueManager.take(CallQueueManager.java:295)&#10;        at org.apache.hadoop.ipc.Server$Handler.run(Server.java:2881)&#10;&quot;IPC Server handler 11 on default port 36843&quot; daemon prio=5 tid=5459 timed_waiting&#10;java.lang.Thread.State: TIMED_WAITING&#10;        at sun.misc.Unsafe.park(Native Method)&#10;        at java.util.concurrent.locks.LockSupport.parkNanos(LockSupport.java:215)&#10;        at java.util.concurrent.locks.AbstractQueuedSynchronizer$ConditionObject.awaitNanos(AbstractQueuedSynchronizer.java:2078)&#10;        at java.util.concurrent.LinkedBlockingQueue.poll(LinkedBlockingQueue.java:467)&#10;        at org.apache.hadoop.ipc.CallQueueManager.take(CallQueueManager.java:295)&#10;        at org.apache.hadoop.ipc.Server$Handler.run(Server.java:2881)&#10;&quot;PartialTableCache Cleanup Thread - 0&quot; daemon prio=5 tid=4246 in Object.wait()&#10;java.lang.Thread.State: WAITING (on object monitor)&#10;        at sun.misc.Unsafe.park(Native Method)&#10;        at java.util.concurrent.locks.LockSupport.park(LockSupport.java:175)&#10;        at java.util.concurrent.locks.AbstractQueuedSynchronizer$ConditionObject.await(AbstractQueuedSynchronizer.java:2039)&#10;        at java.util.concurrent.LinkedBlockingQueue.take(LinkedBlockingQueue.java:442)&#10;        at java.util.concurrent.ThreadPoolExecutor.getTask(ThreadPoolExecutor.java:1074)&#10;        at java.util.concurrent.ThreadPoolExecutor.runWorker(ThreadPoolExecutor.java:1134)&#10;        at java.util.concurrent.ThreadPoolExecutor$Worker.run(ThreadPoolExecutor.java:624)&#10;        at java.lang.Thread.run(Thread.java:748)&#10;&quot;SCMBlockDeletingService#0&quot; daemon prio=5 tid=5517 timed_waiting&#10;java.lang.Thread.State: TIMED_WAITING&#10;        at sun.misc.Unsafe.park(Native Method)&#10;        at java.util.concurrent.locks.LockSupport.parkNanos(LockSupport.java:215)&#10;        at java.util.concurrent.locks.AbstractQueuedSynchronizer$ConditionObject.awaitNanos(AbstractQueuedSynchronizer.java:2078)&#10;        at java.util.concurrent.ScheduledThreadPoolExecutor$DelayedWorkQueue.take(ScheduledThreadPoolExecutor.java:1093)&#10;        at java.util.concurrent.ScheduledThreadPoolExecutor$DelayedWorkQueue.take(ScheduledThreadPoolExecutor.java:809)&#10;        at java.util.concurrent.ThreadPoolExecutor.getTask(ThreadPoolExecutor.java:1074)&#10;        at java.util.concurrent.ThreadPoolExecutor.runWorker(ThreadPoolExecutor.java:1134)&#10;        at java.util.concurrent.ThreadPoolExecutor$Worker.run(ThreadPoolExecutor.java:624)&#10;        at java.lang.Thread.run(Thread.java:748)&#10;&quot;BlockDeletingService#1&quot; daemon prio=5 tid=5759 in Object.wait()&#10;java.lang.Thread.State: WAITING (on object monitor)&#10;        at sun.misc.Unsafe.park(Native Method)&#10;        at java.util.concurrent.locks.LockSupport.park(LockSupport.java:175)&#10;        at java.util.concurrent.locks.AbstractQueuedSynchronizer$ConditionObject.await(AbstractQueuedSynchronizer.java:2039)&#10;        at java.util.concurrent.ScheduledThreadPoolExecutor$DelayedWorkQueue.take(ScheduledThreadPoolExecutor.java:1088)&#10;        at java.util.concurrent.ScheduledThreadPoolExecutor$DelayedWorkQueue.take(ScheduledThreadPoolExecutor.java:809)&#10;        at java.util.concurrent.ThreadPoolExecutor.getTask(ThreadPoolExecutor.java:1074)&#10;        at java.util.concurrent.ThreadPoolExecutor.runWorker(ThreadPoolExecutor.java:1134)&#10;        at java.util.concurrent.ThreadPoolExecutor$Worker.run(ThreadPoolExecutor.java:624)&#10;        at java.lang.Thread.run(Thread.java:748)&#10;&quot;Datanode ReportManager Thread - 3&quot; daemon prio=5 tid=5721 timed_waiting&#10;java.lang.Thread.State: TIMED_WAITING&#10;        at sun.misc.Unsafe.park(Native Method)&#10;        at java.util.concurrent.locks.LockSupport.parkNanos(LockSupport.java:215)&#10;        at java.util.concurrent.locks.AbstractQueuedSynchronizer$ConditionObject.awaitNanos(AbstractQueuedSynchronizer.java:2078)&#10;        at java.util.concurrent.ScheduledThreadPoolExecutor$DelayedWorkQueue.take(ScheduledThreadPoolExecutor.java:1093)&#10;        at java.util.concurrent.ScheduledThreadPoolExecutor$DelayedWorkQueue.take(ScheduledThreadPoolExecutor.java:809)&#10;        at java.util.concurrent.ThreadPoolExecutor.getTask(ThreadPoolExecutor.java:1074)&#10;        at java.util.concurrent.ThreadPoolExecutor.runWorker(ThreadPoolExecutor.java:1134)&#10;        at java.util.concurrent.ThreadPoolExecutor$Worker.run(ThreadPoolExecutor.java:624)&#10;        at java.lang.Thread.run(Thread.java:748)&#10;&quot;qtp1650455680-5685&quot; daemon prio=5 tid=5685 runnable&#10;java.lang.Thread.State: RUNNABLE&#10;        at sun.nio.ch.EPollArrayWrapper.epollWait(Native Method)&#10;        at sun.nio.ch.EPollArrayWrapper.poll(EPollArrayWrapper.java:269)&#10;        at sun.nio.ch.EPollSelectorImpl.doSelect(EPollSelectorImpl.java:93)&#10;        at sun.nio.ch.SelectorImpl.lockAndDoSelect(SelectorImpl.java:86)&#10;        at sun.nio.ch.SelectorImpl.select(SelectorImpl.java:97)&#10;        at sun.nio.ch.SelectorImpl.select(SelectorImpl.java:101)&#10;        at org.eclipse.jetty.io.ManagedSelector$SelectorProducer.select(ManagedSelector.java:472)&#10;        at org.eclipse.jetty.io.ManagedSelector$SelectorProducer.produce(ManagedSelector.java:409)&#10;        at org.eclipse.jetty.util.thread.strategy.EatWhatYouKill.produceTask(EatWhatYouKill.java:360)&#10;        at org.eclipse.jetty.util.thread.strategy.EatWhatYouKill.doProduce(EatWhatYouKill.java:184)&#10;        at org.eclipse.jetty.util.thread.strategy.EatWhatYouKill.tryProduce(EatWhatYouKill.java:171)&#10;        at org.eclipse.jetty.util.thread.strategy.EatWhatYouKill.produce(EatWhatYouKill.java:135)&#10;        at org.eclipse.jetty.io.ManagedSelector$$Lambda$72/1129097646.run(Unknown Source)&#10;        at org.eclipse.jetty.util.thread.QueuedThreadPool.runJob(QueuedThreadPool.java:806)&#10;        at org.eclipse.jetty.util.thread.QueuedThreadPool$Runner.run(QueuedThreadPool.java:938)&#10;        at java.lang.Thread.run(Thread.java:748)&#10;&quot;Socket Reader #1 for port 11860&quot;  prio=5 tid=5525 runnable&#10;java.lang.Thread.State: RUNNABLE&#10;        at sun.nio.ch.EPollArrayWrapper.epollWait(Native Method)&#10;        at sun.nio.ch.EPollArrayWrapper.poll(EPollArrayWrapper.java:269)&#10;        at sun.nio.ch.EPollSelectorImpl.doSelect(EPollSelectorImpl.java:93)&#10;        at sun.nio.ch.SelectorImpl.lockAndDoSelect(SelectorImpl.java:86)&#10;        at sun.nio.ch.SelectorImpl.select(SelectorImpl.java:97)&#10;        at sun.nio.ch.SelectorImpl.select(SelectorImpl.java:101)&#10;        at org.apache.hadoop.ipc.Server$Listener$Reader.doRunLoop(Server.java:1242)&#10;        at org.apache.hadoop.ipc.Server$Listener$Reader.run(Server.java:1221)&#10;&quot;BlockDeletingService#2&quot; daemon prio=5 tid=6914 timed_waiting&#10;java.lang.Thread.State: TIMED_WAITING&#10;        at sun.misc.Unsafe.park(Native Method)&#10;        at java.util.concurrent.locks.LockSupport.parkNanos(LockSupport.java:215)&#10;        at java.util.concurrent.locks.AbstractQueuedSynchronizer$ConditionObject.awaitNanos(AbstractQueuedSynchronizer.java:2078)&#10;        at java.util.concurrent.ScheduledThreadPoolExecutor$DelayedWorkQueue.take(ScheduledThreadPoolExecutor.java:1093)&#10;        at java.util.concurrent.ScheduledThreadPoolExecutor$DelayedWorkQueue.take(ScheduledThreadPoolExecutor.java:809)&#10;        at java.util.concurrent.ThreadPoolExecutor.getTask(ThreadPoolExecutor.java:1074)&#10;        at java.util.concurrent.ThreadPoolExecutor.runWorker(ThreadPoolExecutor.java:1134)&#10;        at java.util.concurrent.ThreadPoolExecutor$Worker.run(ThreadPoolExecutor.java:624)&#10;        at java.lang.Thread.run(Thread.java:748)&#10;&quot;qtp1622107655-5663-acceptor-0@2bde6f0c-ServerConnector@308cb2b3{HTTP/1.1,[http/1.1]}{0.0.0.0:44911}&quot; daemon prio=3 tid=5663 runnable&#10;java.lang.Thread.State: RUNNABLE&#10;        at sun.nio.ch.ServerSocketChannelImpl.accept0(Native Method)&#10;        at sun.nio.ch.ServerSocketChannelImpl.accept(ServerSocketChannelImpl.java:422)&#10;        at sun.nio.ch.ServerSocketChannelImpl.accept(ServerSocketChannelImpl.java:250)&#10;        at org.eclipse.jetty.server.ServerConnector.accept(ServerConnector.java:385)&#10;        at org.eclipse.jetty.server.AbstractConnector$Acceptor.run(AbstractConnector.java:701)&#10;        at org.eclipse.jetty.util.thread.QueuedThreadPool.runJob(QueuedThreadPool.java:806)&#10;        at org.eclipse.jetty.util.thread.QueuedThreadPool$Runner.run(QueuedThreadPool.java:938)&#10;        at java.lang.Thread.run(Thread.java:748)&#10;&quot;OM StateMachine ApplyTransaction Thread - 0&quot; daemon prio=5 tid=5874 in Object.wait()&#10;java.lang.Thread.State: WAITING (on object monitor)&#10;        at sun.misc.Unsafe.park(Native Method)&#10;        at java.util.concurrent.locks.LockSupport.park(LockSupport.java:175)&#10;        at java.util.concurrent.locks.AbstractQueuedSynchronizer$ConditionObject.await(AbstractQueuedSynchronizer.java:2039)&#10;        at java.util.concurrent.LinkedBlockingQueue.take(LinkedBlockingQueue.java:442)&#10;        at java.util.concurrent.ThreadPoolExecutor.getTask(ThreadPoolExecutor.java:1074)&#10;        at java.util.concurrent.ThreadPoolExecutor.runWorker(ThreadPoolExecutor.java:1134)&#10;        at java.util.concurrent.ThreadPoolExecutor$Worker.run(ThreadPoolExecutor.java:624)&#10;        at java.lang.Thread.run(Thread.java:748)&#10;&quot;IPC Server handler 15 on default port 11872&quot; daemon prio=5 tid=5639 timed_waiting&#10;java.lang.Thread.State: TIMED_WAITING&#10;        at sun.misc.Unsafe.park(Native Method)&#10;        at java.util.concurrent.locks.LockSupport.parkNanos(LockSupport.java:215)&#10;        at java.util.concurrent.locks.AbstractQueuedSynchronizer$ConditionObject.awaitNanos(AbstractQueuedSynchronizer.java:2078)&#10;        at java.util.concurrent.LinkedBlockingQueue.poll(LinkedBlockingQueue.java:467)&#10;        at org.apache.hadoop.ipc.CallQueueManager.take(CallQueueManager.java:295)&#10;        at org.apache.hadoop.ipc.Server$Handler.run(Server.java:2881)&#10;&quot;omNode-1@group-523986131536-StateMachineUpdater&quot; daemon prio=5 tid=5529 in Object.wait()&#10;java.lang.Thread.State: WAITING (on object monitor)&#10;        at java.lang.Object.wait(Native Method)&#10;        at java.lang.Object.wait(Object.java:502)&#10;        at org.apache.ratis.server.impl.StateMachineUpdater.waitForCommit(StateMachineUpdater.java:200)&#10;        at org.apache.ratis.server.impl.StateMachineUpdater.run(StateMachineUpdater.java:165)&#10;        at java.lang.Thread.run(Thread.java:748)&#10;&quot;ChunkWriter-3-0&quot; daemon prio=5 tid=5751 in Object.wait()&#10;java.lang.Thread.State: WAITING (on object monitor)&#10;        at sun.misc.Unsafe.park(Native Method)&#10;        at java.util.concurrent.locks.LockSupport.park(LockSupport.java:175)&#10;        at java.util.concurrent.locks.AbstractQueuedSynchronizer$ConditionObject.await(AbstractQueuedSynchronizer.java:2039)&#10;        at java.util.concurrent.LinkedBlockingDeque.takeFirst(LinkedBlockingDeque.java:492)&#10;        at java.util.concurrent.LinkedBlockingDeque.take(LinkedBlockingDeque.java:680)&#10;        at java.util.concurrent.ThreadPoolExecutor.getTask(ThreadPoolExecutor.java:1074)&#10;        at java.util.concurrent.ThreadPoolExecutor.runWorker(ThreadPoolExecutor.java:1134)&#10;        at java.util.concurrent.ThreadPoolExecutor$Worker.run(ThreadPoolExecutor.java:624)&#10;        at java.lang.Thread.run(Thread.java:748)&#10;&quot;5f570ae4-9456-445c-93e3-9355377d8e07@group-95C53215FDEF-StateMachineUpdater&quot; daemon prio=5 tid=5794 in Object.wait()&#10;java.lang.Thread.State: WAITING (on object monitor)&#10;        at java.lang.Object.wait(Native Method)&#10;        at java.lang.Object.wait(Object.java:502)&#10;        at org.apache.ratis.server.impl.StateMachineUpdater.waitForCommit(StateMachineUpdater.java:200)&#10;        at org.apache.ratis.server.impl.StateMachineUpdater.run(StateMachineUpdater.java:165)&#10;        at java.lang.Thread.run(Thread.java:748)&#10;&quot;Thread-4747&quot; daemon prio=5 tid=5851 timed_waiting&#10;java.lang.Thread.State: TIMED_WAITING&#10;        at sun.misc.Unsafe.park(Native Method)&#10;        at java.util.concurrent.locks.LockSupport.parkNanos(LockSupport.java:215)&#10;        at java.util.concurrent.locks.AbstractQueuedSynchronizer$ConditionObject.awaitNanos(AbstractQueuedSynchronizer.java:2078)&#10;        at java.util.concurrent.ArrayBlockingQueue.poll(ArrayBlockingQueue.java:418)&#10;        at org.apache.ratis.server.impl.LeaderState$EventQueue.poll(LeaderState.java:122)&#10;        at org.apache.ratis.server.impl.LeaderState$EventProcessor.run(LeaderState.java:506)&#10;&quot;PartialTableCache Cleanup Thread - 0&quot; daemon prio=5 tid=2200 in Object.wait()&#10;java.lang.Thread.State: WAITING (on object monitor)&#10;        at sun.misc.Unsafe.park(Native Method)&#10;        at java.util.concurrent.locks.LockSupport.park(LockSupport.java:175)&#10;        at java.util.concurrent.locks.AbstractQueuedSynchronizer$ConditionObject.await(AbstractQueuedSynchronizer.java:2039)&#10;        at java.util.concurrent.LinkedBlockingQueue.take(LinkedBlockingQueue.java:442)&#10;        at java.util.concurrent.ThreadPoolExecutor.getTask(ThreadPoolExecutor.java:1074)&#10;        at java.util.concurrent.ThreadPoolExecutor.runWorker(ThreadPoolExecutor.java:1134)&#10;        at java.util.concurrent.ThreadPoolExecutor$Worker.run(ThreadPoolExecutor.java:624)&#10;        at java.lang.Thread.run(Thread.java:748)&#10;&quot;pool-494-thread-1&quot;  prio=5 tid=2451 timed_waiting&#10;java.lang.Thread.State: TIMED_WAITING&#10;        at sun.misc.Unsafe.park(Native Method)&#10;        at java.util.concurrent.locks.LockSupport.parkNanos(LockSupport.java:215)&#10;        at java.util.concurrent.locks.AbstractQueuedSynchronizer$ConditionObject.awaitNanos(AbstractQueuedSynchronizer.java:2078)&#10;        at java.util.concurrent.ScheduledThreadPoolExecutor$DelayedWorkQueue.take(ScheduledThreadPoolExecutor.java:1093)&#10;        at java.util.concurrent.ScheduledThreadPoolExecutor$DelayedWorkQueue.take(ScheduledThreadPoolExecutor.java:809)&#10;        at java.util.concurrent.ThreadPoolExecutor.getTask(ThreadPoolExecutor.java:1074)&#10;        at java.util.concurrent.ThreadPoolExecutor.runWorker(ThreadPoolExecutor.java:1134)&#10;        at java.util.concurrent.ThreadPoolExecutor$Worker.run(ThreadPoolExecutor.java:624)&#10;        at java.lang.Thread.run(Thread.java:748)&#10;&quot;IPC Server handler 14 on default port 45819&quot; daemon prio=5 tid=5482 timed_waiting&#10;java.lang.Thread.State: TIMED_WAITING&#10;        at sun.misc.Unsafe.park(Native Method)&#10;        at java.util.concurrent.locks.LockSupport.parkNanos(LockSupport.java:215)&#10;        at java.util.concurrent.locks.AbstractQueuedSynchronizer$ConditionObject.awaitNanos(AbstractQueuedSynchronizer.java:2078)&#10;        at java.util.concurrent.LinkedBlockingQueue.poll(LinkedBlockingQueue.java:467)&#10;        at org.apache.hadoop.ipc.CallQueueManager.take(CallQueueManager.java:295)&#10;        at org.apache.hadoop.ipc.Server$Handler.run(Server.java:2881)&#10;&quot;org.apache.ratis.server.impl.LogAppender$AppenderDaemon$$Lambda$336/202934955@5fd8f33f&quot; daemon prio=5 tid=5730 timed_waiting&#10;java.lang.Thread.State: TIMED_WAITING&#10;        at java.lang.Object.wait(Native Method)&#10;        at org.apache.ratis.grpc.server.GrpcLogAppender.mayWait(GrpcLogAppender.java:151)&#10;        at org.apache.ratis.grpc.server.GrpcLogAppender.runAppenderImpl(GrpcLogAppender.java:105)&#10;        at org.apache.ratis.server.impl.LogAppender$AppenderDaemon.run(LogAppender.java:77)&#10;        at org.apache.ratis.server.impl.LogAppender$AppenderDaemon$$Lambda$336/202934955.run(Unknown Source)&#10;        at java.lang.Thread.run(Thread.java:748)&#10;&quot;IPC Server idle connection scanner for port 36843&quot; daemon prio=5 tid=5439 timed_waiting&#10;java.lang.Thread.State: TIMED_WAITING&#10;        at java.lang.Object.wait(Native Method)&#10;        at java.util.TimerThread.mainLoop(Timer.java:552)&#10;        at java.util.TimerThread.run(Timer.java:505)&#10;&quot;qtp880433415-5709-acceptor-0@4e24e003-ServerConnector@545a2254{HTTP/1.1,[http/1.1]}{0.0.0.0:44275}&quot; daemon prio=3 tid=5709 runnable&#10;java.lang.Thread.State: RUNNABLE&#10;        at sun.nio.ch.ServerSocketChannelImpl.accept0(Native Method)&#10;        at sun.nio.ch.ServerSocketChannelImpl.accept(ServerSocketChannelImpl.java:422)&#10;        at sun.nio.ch.ServerSocketChannelImpl.accept(ServerSocketChannelImpl.java:250)&#10;        at org.eclipse.jetty.server.ServerConnector.accept(ServerConnector.java:385)&#10;        at org.eclipse.jetty.server.AbstractConnector$Acceptor.run(AbstractConnector.java:701)&#10;        at org.eclipse.jetty.util.thread.QueuedThreadPool.runJob(QueuedThreadPool.java:806)&#10;        at org.eclipse.jetty.util.thread.QueuedThreadPool$Runner.run(QueuedThreadPool.java:938)&#10;        at java.lang.Thread.run(Thread.java:748)&#10;&quot;pool-1145-thread-1&quot;  prio=5 tid=5684 timed_waiting&#10;java.lang.Thread.State: TIMED_WAITING&#10;        at sun.misc.Unsafe.park(Native Method)&#10;        at java.util.concurrent.locks.LockSupport.parkNanos(LockSupport.java:215)&#10;        at java.util.concurrent.locks.AbstractQueuedSynchronizer$ConditionObject.awaitNanos(AbstractQueuedSynchronizer.java:2078)&#10;        at java.util.concurrent.ScheduledThreadPoolExecutor$DelayedWorkQueue.take(ScheduledThreadPoolExecutor.java:1093)&#10;        at java.util.concurrent.ScheduledThreadPoolExecutor$DelayedWorkQueue.take(ScheduledThreadPoolExecutor.java:809)&#10;        at java.util.concurrent.ThreadPoolExecutor.getTask(ThreadPoolExecutor.java:1074)&#10;        at java.util.concurrent.ThreadPoolExecutor.runWorker(ThreadPoolExecutor.java:1134)&#10;        at java.util.concurrent.ThreadPoolExecutor$Worker.run(ThreadPoolExecutor.java:624)&#10;        at java.lang.Thread.run(Thread.java:748)&#10;&quot;IPC Server handler 9 on default port 41453&quot; daemon prio=5 tid=5497 timed_waiting&#10;java.lang.Thread.State: TIMED_WAITING&#10;        at sun.misc.Unsafe.park(Native Method)&#10;        at java.util.concurrent.locks.LockSupport.parkNanos(LockSupport.java:215)&#10;        at java.util.concurrent.locks.AbstractQueuedSynchronizer$ConditionObject.awaitNanos(AbstractQueuedSynchronizer.java:2078)&#10;        at java.util.concurrent.LinkedBlockingQueue.poll(LinkedBlockingQueue.java:467)&#10;        at org.apache.hadoop.ipc.CallQueueManager.take(CallQueueManager.java:295)&#10;        at org.apache.hadoop.ipc.Server$Handler.run(Server.java:2881)&#10;&quot;qtp1622107655-5662&quot; daemon prio=5 tid=5662 runnable&#10;java.lang.Thread.State: RUNNABLE&#10;        at sun.nio.ch.EPollArrayWrapper.epollWait(Native Method)&#10;        at sun.nio.ch.EPollArrayWrapper.poll(EPollArrayWrapper.java:269)&#10;        at sun.nio.ch.EPollSelectorImpl.doSelect(EPollSelectorImpl.java:93)&#10;        at sun.nio.ch.SelectorImpl.lockAndDoSelect(SelectorImpl.java:86)&#10;        at sun.nio.ch.SelectorImpl.select(SelectorImpl.java:97)&#10;        at sun.nio.ch.SelectorImpl.select(SelectorImpl.java:101)&#10;        at org.eclipse.jetty.io.ManagedSelector$SelectorProducer.select(ManagedSelector.java:472)&#10;        at org.eclipse.jetty.io.ManagedSelector$SelectorProducer.produce(ManagedSelector.java:409)&#10;        at org.eclipse.jetty.util.thread.strategy.EatWhatYouKill.produceTask(EatWhatYouKill.java:360)&#10;        at org.eclipse.jetty.util.thread.strategy.EatWhatYouKill.doProduce(EatWhatYouKill.java:184)&#10;        at org.eclipse.jetty.util.thread.strategy.EatWhatYouKill.tryProduce(EatWhatYouKill.java:171)&#10;        at org.eclipse.jetty.util.thread.strategy.EatWhatYouKill.produce(EatWhatYouKill.java:135)&#10;        at org.eclipse.jetty.io.ManagedSelector$$Lambda$72/1129097646.run(Unknown Source)&#10;        at org.eclipse.jetty.util.thread.QueuedThreadPool.runJob(QueuedThreadPool.java:806)&#10;        at org.eclipse.jetty.util.thread.QueuedThreadPool$Runner.run(QueuedThreadPool.java:938)&#10;        at java.lang.Thread.run(Thread.java:748)&#10;&quot;PartialTableCache Cleanup Thread - 0&quot; daemon prio=5 tid=518 in Object.wait()&#10;java.lang.Thread.State: WAITING (on object monitor)&#10;        at sun.misc.Unsafe.park(Native Method)&#10;        at java.util.concurrent.locks.LockSupport.park(LockSupport.java:175)&#10;        at java.util.concurrent.locks.AbstractQueuedSynchronizer$ConditionObject.await(AbstractQueuedSynchronizer.java:2039)&#10;        at java.util.concurrent.LinkedBlockingQueue.take(LinkedBlockingQueue.java:442)&#10;        at java.util.concurrent.ThreadPoolExecutor.getTask(ThreadPoolExecutor.java:1074)&#10;        at java.util.concurrent.ThreadPoolExecutor.runWorker(ThreadPoolExecutor.java:1134)&#10;        at java.util.concurrent.ThreadPoolExecutor$Worker.run(ThreadPoolExecutor.java:624)&#10;        at java.lang.Thread.run(Thread.java:748)&#10;&quot;Command processor thread&quot; daemon prio=5 tid=5680 timed_waiting&#10;java.lang.Thread.State: TIMED_WAITING&#10;        at java.lang.Thread.sleep(Native Method)&#10;        at org.apache.hadoop.ozone.container.common.statemachine.DatanodeStateMachine.lambda$initCommandHandlerThread$1(DatanodeStateMachine.java:472)&#10;        at org.apache.hadoop.ozone.container.common.statemachine.DatanodeStateMachine$$Lambda$286/1232266563.run(Unknown Source)&#10;        at java.lang.Thread.run(Thread.java:748)&#10;&quot;IPC Server handler 7 on default port 11860&quot; daemon prio=5 tid=5542 timed_waiting&#10;java.lang.Thread.State: TIMED_WAITING&#10;        at sun.misc.Unsafe.park(Native Method)&#10;        at java.util.concurrent.locks.LockSupport.parkNanos(LockSupport.java:215)&#10;        at java.util.concurrent.locks.AbstractQueuedSynchronizer$ConditionObject.awaitNanos(AbstractQueuedSynchronizer.java:2078)&#10;        at java.util.concurrent.LinkedBlockingQueue.poll(LinkedBlockingQueue.java:467)&#10;        at org.apache.hadoop.ipc.CallQueueManager.take(CallQueueManager.java:295)&#10;        at org.apache.hadoop.ipc.Server$Handler.run(Server.java:2881)&#10;&quot;pool-288-thread-1&quot;  prio=5 tid=1418 timed_waiting&#10;java.lang.Thread.State: TIMED_WAITING&#10;        at sun.misc.Unsafe.park(Native Method)&#10;        at java.util.concurrent.locks.LockSupport.parkNanos(LockSupport.java:215)&#10;        at java.util.concurrent.locks.AbstractQueuedSynchronizer$ConditionObject.awaitNanos(AbstractQueuedSynchronizer.java:2078)&#10;        at java.util.concurrent.ScheduledThreadPoolExecutor$DelayedWorkQueue.take(ScheduledThreadPoolExecutor.java:1093)&#10;        at java.util.concurrent.ScheduledThreadPoolExecutor$DelayedWorkQueue.take(ScheduledThreadPoolExecutor.java:809)&#10;        at java.util.concurrent.ThreadPoolExecutor.getTask(ThreadPoolExecutor.java:1074)&#10;        at java.util.concurrent.ThreadPoolExecutor.runWorker(ThreadPoolExecutor.java:1134)&#10;        at java.util.concurrent.ThreadPoolExecutor$Worker.run(ThreadPoolExecutor.java:624)&#10;        at java.lang.Thread.run(Thread.java:748)&#10;&quot;EventQueue-Delayed safe mode statusForReplicationManager&quot;  prio=5 tid=5444 in Object.wait()&#10;java.lang.Thread.State: WAITING (on object monitor)&#10;        at sun.misc.Unsafe.park(Native Method)&#10;        at java.util.concurrent.locks.LockSupport.park(LockSupport.java:175)&#10;        at java.util.concurrent.locks.AbstractQueuedSynchronizer$ConditionObject.await(AbstractQueuedSynchronizer.java:2039)&#10;        at java.util.concurrent.LinkedBlockingQueue.take(LinkedBlockingQueue.java:442)&#10;        at java.util.concurrent.ThreadPoolExecutor.getTask(ThreadPoolExecutor.java:1074)&#10;        at java.util.concurrent.ThreadPoolExecutor.runWorker(ThreadPoolExecutor.java:1134)&#10;        at java.util.concurrent.ThreadPoolExecutor$Worker.run(ThreadPoolExecutor.java:624)&#10;        at java.lang.Thread.run(Thread.java:748)&#10;&quot;KeyDeletingService#1&quot; daemon prio=5 tid=5625 in Object.wait()&#10;java.lang.Thread.State: WAITING (on object monitor)&#10;        at sun.misc.Unsafe.park(Native Method)&#10;        at java.util.concurrent.locks.LockSupport.park(LockSupport.java:175)&#10;        at java.util.concurrent.locks.AbstractQueuedSynchronizer$ConditionObject.await(AbstractQueuedSynchronizer.java:2039)&#10;        at java.util.concurrent.ScheduledThreadPoolExecutor$DelayedWorkQueue.take(ScheduledThreadPoolExecutor.java:1088)&#10;        at java.util.concurrent.ScheduledThreadPoolExecutor$DelayedWorkQueue.take(ScheduledThreadPoolExecutor.java:809)&#10;        at java.util.concurrent.ThreadPoolExecutor.getTask(ThreadPoolExecutor.java:1074)&#10;        at java.util.concurrent.ThreadPoolExecutor.runWorker(ThreadPoolExecutor.java:1134)&#10;        at java.util.concurrent.ThreadPoolExecutor$Worker.run(ThreadPoolExecutor.java:624)&#10;        at java.lang.Thread.run(Thread.java:748)&#10;&quot;IPC Server handler 16 on default port 45819&quot; daemon prio=5 tid=5484 timed_waiting&#10;java.lang.Thread.State: TIMED_WAITING&#10;        at sun.misc.Unsafe.park(Native Method)&#10;        at java.util.concurrent.locks.LockSupport.parkNanos(LockSupport.java:215)&#10;        at java.util.concurrent.locks.AbstractQueuedSynchronizer$ConditionObject.awaitNanos(AbstractQueuedSynchronizer.java:2078)&#10;        at java.util.concurrent.LinkedBlockingQueue.poll(LinkedBlockingQueue.java:467)&#10;        at org.apache.hadoop.ipc.CallQueueManager.take(CallQueueManager.java:295)&#10;        at org.apache.hadoop.ipc.Server$Handler.run(Server.java:2881)&#10;&quot;qtp675242275-6650-acceptor-0@adedc1d-ServerConnector@35d85dd2{HTTP/1.1,[http/1.1]}{0.0.0.0:11868}&quot; daemon prio=3 tid=6650 runnable&#10;java.lang.Thread.State: RUNNABLE&#10;        at sun.nio.ch.ServerSocketChannelImpl.accept0(Native Method)&#10;        at sun.nio.ch.ServerSocketChannelImpl.accept(ServerSocketChannelImpl.java:422)&#10;        at sun.nio.ch.ServerSocketChannelImpl.accept(ServerSocketChannelImpl.java:250)&#10;        at org.eclipse.jetty.server.ServerConnector.accept(ServerConnector.java:385)&#10;        at org.eclipse.jetty.server.AbstractConnector$Acceptor.run(AbstractConnector.java:701)&#10;        at org.eclipse.jetty.util.thread.QueuedThreadPool.runJob(QueuedThreadPool.java:806)&#10;        at org.eclipse.jetty.util.thread.QueuedThreadPool$Runner.run(QueuedThreadPool.java:938)&#10;        at java.lang.Thread.run(Thread.java:748)&#10;&quot;PartialTableCache Cleanup Thread - 0&quot; daemon prio=5 tid=2199 in Object.wait()&#10;java.lang.Thread.State: WAITING (on object monitor)&#10;        at sun.misc.Unsafe.park(Native Method)&#10;        at java.util.concurrent.locks.LockSupport.park(LockSupport.java:175)&#10;        at java.util.concurrent.locks.AbstractQueuedSynchronizer$ConditionObject.await(AbstractQueuedSynchronizer.java:2039)&#10;        at java.util.concurrent.LinkedBlockingQueue.take(LinkedBlockingQueue.java:442)&#10;        at java.util.concurrent.ThreadPoolExecutor.getTask(ThreadPoolExecutor.java:1074)&#10;        at java.util.concurrent.ThreadPoolExecutor.runWorker(ThreadPoolExecutor.java:1134)&#10;        at java.util.concurrent.ThreadPoolExecutor$Worker.run(ThreadPoolExecutor.java:624)&#10;        at java.lang.Thread.run(Thread.java:748)&#10;&quot;IPC Server handler 9 on default port 11872&quot; daemon prio=5 tid=5633 timed_waiting&#10;java.lang.Thread.State: TIMED_WAITING&#10;        at sun.misc.Unsafe.park(Native Method)&#10;        at java.util.concurrent.locks.LockSupport.parkNanos(LockSupport.java:215)&#10;        at java.util.concurrent.locks.AbstractQueuedSynchronizer$ConditionObject.awaitNanos(AbstractQueuedSynchronizer.java:2078)&#10;        at java.util.concurrent.LinkedBlockingQueue.poll(LinkedBlockingQueue.java:467)&#10;        at org.apache.hadoop.ipc.CallQueueManager.take(CallQueueManager.java:295)&#10;        at org.apache.hadoop.ipc.Server$Handler.run(Server.java:2881)&#10;&quot;IPC Server handler 10 on default port 11866&quot; daemon prio=5 tid=6638 timed_waiting&#10;java.lang.Thread.State: TIMED_WAITING&#10;        at sun.misc.Unsafe.park(Native Method)&#10;        at java.util.concurrent.locks.LockSupport.parkNanos(LockSupport.java:215)&#10;        at java.util.concurrent.locks.AbstractQueuedSynchronizer$ConditionObject.awaitNanos(AbstractQueuedSynchronizer.java:2078)&#10;        at java.util.concurrent.LinkedBlockingQueue.poll(LinkedBlockingQueue.java:467)&#10;        at org.apache.hadoop.ipc.CallQueueManager.take(CallQueueManager.java:295)&#10;        at org.apache.hadoop.ipc.Server$Handler.run(Server.java:2881)&#10;&quot;pool-1141-thread-1&quot;  prio=5 tid=5799 in Object.wait()&#10;java.lang.Thread.State: WAITING (on object monitor)&#10;        at sun.misc.Unsafe.park(Native Method)&#10;        at java.util.concurrent.locks.LockSupport.park(LockSupport.java:175)&#10;        at java.util.concurrent.locks.AbstractQueuedSynchronizer$ConditionObject.await(AbstractQueuedSynchronizer.java:2039)&#10;        at java.util.concurrent.LinkedBlockingQueue.take(LinkedBlockingQueue.java:442)&#10;        at java.util.concurrent.ThreadPoolExecutor.getTask(ThreadPoolExecutor.java:1074)&#10;        at java.util.concurrent.ThreadPoolExecutor.runWorker(ThreadPoolExecutor.java:1134)&#10;        at java.util.concurrent.ThreadPoolExecutor$Worker.run(ThreadPoolExecutor.java:624)&#10;        at java.lang.Thread.run(Thread.java:748)&#10;&quot;qtp1650455680-5686-acceptor-0@693450c9-ServerConnector@486fb8a{HTTP/1.1,[http/1.1]}{0.0.0.0:41259}&quot; daemon prio=3 tid=5686 runnable&#10;java.lang.Thread.State: RUNNABLE&#10;        at sun.nio.ch.ServerSocketChannelImpl.accept0(Native Method)&#10;        at sun.nio.ch.ServerSocketChannelImpl.accept(ServerSocketChannelImpl.java:422)&#10;        at sun.nio.ch.ServerSocketChannelImpl.accept(ServerSocketChannelImpl.java:250)&#10;        at org.eclipse.jetty.server.ServerConnector.accept(ServerConnector.java:385)&#10;        at org.eclipse.jetty.server.AbstractConnector$Acceptor.run(AbstractConnector.java:701)&#10;        at org.eclipse.jetty.util.thread.QueuedThreadPool.runJob(QueuedThreadPool.java:806)&#10;        at org.eclipse.jetty.util.thread.QueuedThreadPool$Runner.run(QueuedThreadPool.java:938)&#10;        at java.lang.Thread.run(Thread.java:748)&#10;&quot;IPC Server handler 2 on default port 11866&quot; daemon prio=5 tid=6630 timed_waiting&#10;java.lang.Thread.State: TIMED_WAITING&#10;        at sun.misc.Unsafe.park(Native Method)&#10;        at java.util.concurrent.locks.LockSupport.parkNanos(LockSupport.java:215)&#10;        at java.util.concurrent.locks.AbstractQueuedSynchronizer$ConditionObject.awaitNanos(AbstractQueuedSynchronizer.java:2078)&#10;        at java.util.concurrent.LinkedBlockingQueue.poll(LinkedBlockingQueue.java:467)&#10;        at org.apache.hadoop.ipc.CallQueueManager.take(CallQueueManager.java:295)&#10;        at org.apache.hadoop.ipc.Server$Handler.run(Server.java:2881)&#10;&quot;pool-1013-thread-1&quot;  prio=5 tid=5105 timed_waiting&#10;java.lang.Thread.State: TIMED_WAITING&#10;        at sun.misc.Unsafe.park(Native Method)&#10;        at java.util.concurrent.locks.LockSupport.parkNanos(LockSupport.java:215)&#10;        at java.util.concurrent.locks.AbstractQueuedSynchronizer$ConditionObject.awaitNanos(AbstractQueuedSynchronizer.java:2078)&#10;        at java.util.concurrent.ScheduledThreadPoolExecutor$DelayedWorkQueue.take(ScheduledThreadPoolExecutor.java:1093)&#10;        at java.util.concurrent.ScheduledThreadPoolExecutor$DelayedWorkQueue.take(ScheduledThreadPoolExecutor.java:809)&#10;        at java.util.concurrent.ThreadPoolExecutor.getTask(ThreadPoolExecutor.java:1074)&#10;        at java.util.concurrent.ThreadPoolExecutor.runWorker(ThreadPoolExecutor.java:1134)&#10;        at java.util.concurrent.ThreadPoolExecutor$Worker.run(ThreadPoolExecutor.java:624)&#10;        at java.lang.Thread.run(Thread.java:748)&#10;&quot;IPC Server handler 8 on default port 11860&quot; daemon prio=5 tid=5543 timed_waiting&#10;java.lang.Thread.State: TIMED_WAITING&#10;        at sun.misc.Unsafe.park(Native Method)&#10;        at java.util.concurrent.locks.LockSupport.parkNanos(LockSupport.java:215)&#10;        at java.util.concurrent.locks.AbstractQueuedSynchronizer$ConditionObject.awaitNanos(AbstractQueuedSynchronizer.java:2078)&#10;        at java.util.concurrent.LinkedBlockingQueue.poll(LinkedBlockingQueue.java:467)&#10;        at org.apache.hadoop.ipc.CallQueueManager.take(CallQueueManager.java:295)&#10;        at org.apache.hadoop.ipc.Server$Handler.run(Server.java:2881)&#10;&quot;IPC Server handler 19 on default port 11866&quot; daemon prio=5 tid=6647 timed_waiting&#10;java.lang.Thread.State: TIMED_WAITING&#10;        at sun.misc.Unsafe.park(Native Method)&#10;        at java.util.concurrent.locks.LockSupport.parkNanos(LockSupport.java:215)&#10;        at java.util.concurrent.locks.AbstractQueuedSynchronizer$ConditionObject.awaitNanos(AbstractQueuedSynchronizer.java:2078)&#10;        at java.util.concurrent.LinkedBlockingQueue.poll(LinkedBlockingQueue.java:467)&#10;        at org.apache.hadoop.ipc.CallQueueManager.take(CallQueueManager.java:295)&#10;        at org.apache.hadoop.ipc.Server$Handler.run(Server.java:2881)&#10;&quot;qtp1650455680-5689&quot; daemon prio=5 tid=5689 timed_waiting&#10;java.lang.Thread.State: TIMED_WAITING&#10;        at sun.misc.Unsafe.park(Native Method)&#10;        at java.util.concurrent.locks.LockSupport.parkNanos(LockSupport.java:215)&#10;        at java.util.concurrent.locks.AbstractQueuedSynchronizer$ConditionObject.awaitNanos(AbstractQueuedSynchronizer.java:2078)&#10;        at org.eclipse.jetty.util.BlockingArrayQueue.poll(BlockingArrayQueue.java:382)&#10;        at org.eclipse.jetty.util.thread.QueuedThreadPool$Runner.idleJobPoll(QueuedThreadPool.java:875)&#10;        at org.eclipse.jetty.util.thread.QueuedThreadPool$Runner.run(QueuedThreadPool.java:925)&#10;        at java.lang.Thread.run(Thread.java:748)&#10;&quot;main&quot;  prio=5 tid=1 timed_waiting&#10;java.lang.Thread.State: TIMED_WAITING&#10;        at java.lang.Object.wait(Native Method)&#10;        at java.lang.Thread.join(Thread.java:1260)&#10;        at org.junit.internal.runners.statements.FailOnTimeout.evaluateStatement(FailOnTimeout.java:26)&#10;        at org.junit.internal.runners.statements.FailOnTimeout.evaluate(FailOnTimeout.java:17)&#10;        at org.junit.rules.RunRules.evaluate(RunRules.java:20)&#10;        at org.junit.runners.ParentRunner.runLeaf(ParentRunner.java:271)&#10;        at org.junit.runners.BlockJUnit4ClassRunner.runChild(BlockJUnit4ClassRunner.java:70)&#10;        at org.junit.runners.BlockJUnit4ClassRunner.runChild(BlockJUnit4ClassRunner.java:50)&#10;        at org.junit.runners.ParentRunner$3.run(ParentRunner.java:238)&#10;        at org.junit.runners.ParentRunner$1.schedule(ParentRunner.java:63)&#10;        at org.junit.runners.ParentRunner.runChildren(ParentRunner.java:236)&#10;        at org.junit.runners.ParentRunner.access$000(ParentRunner.java:53)&#10;        at org.junit.runners.ParentRunner$2.evaluate(ParentRunner.java:229)&#10;        at org.junit.runners.ParentRunner.run(ParentRunner.java:309)&#10;        at org.apache.maven.surefire.junit4.JUnit4Provider.execute(JUnit4Provider.java:365)&#10;        at org.apache.maven.surefire.junit4.JUnit4Provider.executeWithRerun(JUnit4Provider.java:273)&#10;        at org.apache.maven.surefire.junit4.JUnit4Provider.executeTestSet(JUnit4Provider.java:238)&#10;        at org.apache.maven.surefire.junit4.JUnit4Provider.invoke(JUnit4Provider.java:159)&#10;        at org.apache.maven.surefire.booter.ForkedBooter.invokeProviderInSameClassLoader(ForkedBooter.java:384)&#10;        at org.apache.maven.surefire.booter.ForkedBooter.runSuitesInProcess(ForkedBooter.java:345)&#10;        at org.apache.maven.surefire.booter.ForkedBooter.execute(ForkedBooter.java:126)&#10;        at org.apache.maven.surefire.booter.ForkedBooter.main(ForkedBooter.java:418)&#10;&quot;IPC Server handler 0 on default port 11872&quot; daemon prio=5 tid=5623 timed_waiting&#10;java.lang.Thread.State: TIMED_WAITING&#10;        at sun.misc.Unsafe.park(Native Method)&#10;        at java.util.concurrent.locks.LockSupport.parkNanos(LockSupport.java:215)&#10;        at java.util.concurrent.locks.AbstractQueuedSynchronizer$ConditionObject.awaitNanos(AbstractQueuedSynchronizer.java:2078)&#10;        at java.util.concurrent.LinkedBlockingQueue.poll(LinkedBlockingQueue.java:467)&#10;        at org.apache.hadoop.ipc.CallQueueManager.take(CallQueueManager.java:295)&#10;        at org.apache.hadoop.ipc.Server$Handler.run(Server.java:2881)&#10;&quot;Session-HouseKeeper-30269570-1&quot;  prio=5 tid=5693 timed_waiting&#10;java.lang.Thread.State: TIMED_WAITING&#10;        at sun.misc.Unsafe.park(Native Method)&#10;        at java.util.concurrent.locks.LockSupport.parkNanos(LockSupport.java:215)&#10;        at java.util.concurrent.locks.AbstractQueuedSynchronizer$ConditionObject.awaitNanos(AbstractQueuedSynchronizer.java:2078)&#10;        at java.util.concurrent.ScheduledThreadPoolExecutor$DelayedWorkQueue.take(ScheduledThreadPoolExecutor.java:1093)&#10;        at java.util.concurrent.ScheduledThreadPoolExecutor$DelayedWorkQueue.take(ScheduledThreadPoolExecutor.java:809)&#10;        at java.util.concurrent.ThreadPoolExecutor.getTask(ThreadPoolExecutor.java:1074)&#10;        at java.util.concurrent.ThreadPoolExecutor.runWorker(ThreadPoolExecutor.java:1134)&#10;        at java.util.concurrent.ThreadPoolExecutor$Worker.run(ThreadPoolExecutor.java:624)&#10;        at java.lang.Thread.run(Thread.java:748)&#10;&quot;IPC Server handler 4 on default port 11872&quot; daemon prio=5 tid=5628 timed_waiting&#10;java.lang.Thread.State: TIMED_WAITING&#10;        at sun.misc.Unsafe.park(Native Method)&#10;        at java.util.concurrent.locks.LockSupport.parkNanos(LockSupport.java:215)&#10;        at java.util.concurrent.locks.AbstractQueuedSynchronizer$ConditionObject.awaitNanos(AbstractQueuedSynchronizer.java:2078)&#10;        at java.util.concurrent.LinkedBlockingQueue.poll(LinkedBlockingQueue.java:467)&#10;        at org.apache.hadoop.ipc.CallQueueManager.take(CallQueueManager.java:295)&#10;        at org.apache.hadoop.ipc.Server$Handler.run(Server.java:2881)&#10;&quot;PartialTableCache Cleanup Thread - 0&quot; daemon prio=5 tid=526 in Object.wait()&#10;java.lang.Thread.State: WAITING (on object monitor)&#10;        at sun.misc.Unsafe.park(Native Method)&#10;        at java.util.concurrent.locks.LockSupport.park(LockSupport.java:175)&#10;        at java.util.concurrent.locks.AbstractQueuedSynchronizer$ConditionObject.await(AbstractQueuedSynchronizer.java:2039)&#10;        at java.util.concurrent.LinkedBlockingQueue.take(LinkedBlockingQueue.java:442)&#10;        at java.util.concurrent.ThreadPoolExecutor.getTask(ThreadPoolExecutor.java:1074)&#10;        at java.util.concurrent.ThreadPoolExecutor.runWorker(ThreadPoolExecutor.java:1134)&#10;        at java.util.concurrent.ThreadPoolExecutor$Worker.run(ThreadPoolExecutor.java:624)&#10;        at java.lang.Thread.run(Thread.java:748)&#10;&quot;Session-HouseKeeper-64ecbaed-1&quot;  prio=5 tid=5564 timed_waiting&#10;java.lang.Thread.State: TIMED_WAITING&#10;        at sun.misc.Unsafe.park(Native Method)&#10;        at java.util.concurrent.locks.LockSupport.parkNanos(LockSupport.java:215)&#10;        at java.util.concurrent.locks.AbstractQueuedSynchronizer$ConditionObject.awaitNanos(AbstractQueuedSynchronizer.java:2078)&#10;        at java.util.concurrent.ScheduledThreadPoolExecutor$DelayedWorkQueue.take(ScheduledThreadPoolExecutor.java:1093)&#10;        at java.util.concurrent.ScheduledThreadPoolExecutor$DelayedWorkQueue.take(ScheduledThreadPoolExecutor.java:809)&#10;        at java.util.concurrent.ThreadPoolExecutor.getTask(ThreadPoolExecutor.java:1074)&#10;        at java.util.concurrent.ThreadPoolExecutor.runWorker(ThreadPoolExecutor.java:1134)&#10;        at java.util.concurrent.ThreadPoolExecutor$Worker.run(ThreadPoolExecutor.java:624)&#10;        at java.lang.Thread.run(Thread.java:748)&#10;&quot;IPC Server Responder&quot; daemon prio=5 tid=5440 runnable&#10;java.lang.Thread.State: RUNNABLE&#10;        at sun.nio.ch.EPollArrayWrapper.epollWait(Native Method)&#10;        at sun.nio.ch.EPollArrayWrapper.poll(EPollArrayWrapper.java:269)&#10;        at sun.nio.ch.EPollSelectorImpl.doSelect(EPollSelectorImpl.java:93)&#10;        at sun.nio.ch.SelectorImpl.lockAndDoSelect(SelectorImpl.java:86)&#10;        at sun.nio.ch.SelectorImpl.select(SelectorImpl.java:97)&#10;        at org.apache.hadoop.ipc.Server$Responder.doRunLoop(Server.java:1480)&#10;        at org.apache.hadoop.ipc.Server$Responder.run(Server.java:1463)&#10;&quot;org.apache.ratis.server.impl.LogAppender$AppenderDaemon$$Lambda$336/202934955@35e3efe4&quot; daemon prio=5 tid=5731 timed_waiting&#10;java.lang.Thread.State: TIMED_WAITING&#10;        at java.lang.Object.wait(Native Method)&#10;        at org.apache.ratis.grpc.server.GrpcLogAppender.mayWait(GrpcLogAppender.java:151)&#10;        at org.apache.ratis.grpc.server.GrpcLogAppender.runAppenderImpl(GrpcLogAppender.java:105)&#10;        at org.apache.ratis.server.impl.LogAppender$AppenderDaemon.run(LogAppender.java:77)&#10;        at org.apache.ratis.server.impl.LogAppender$AppenderDaemon$$Lambda$336/202934955.run(Unknown Source)&#10;        at java.lang.Thread.run(Thread.java:748)&#10;&quot;Periodic HDDS volume checker&quot; daemon prio=5 tid=5696 timed_waiting&#10;java.lang.Thread.State: TIMED_WAITING&#10;        at sun.misc.Unsafe.park(Native Method)&#10;        at java.util.concurrent.locks.LockSupport.parkNanos(LockSupport.java:215)&#10;        at java.util.concurrent.locks.AbstractQueuedSynchronizer$ConditionObject.awaitNanos(AbstractQueuedSynchronizer.java:2078)&#10;        at java.util.concurrent.ScheduledThreadPoolExecutor$DelayedWorkQueue.take(ScheduledThreadPoolExecutor.java:1093)&#10;        at java.util.concurrent.ScheduledThreadPoolExecutor$DelayedWorkQueue.take(ScheduledThreadPoolExecutor.java:809)&#10;        at java.util.concurrent.ThreadPoolExecutor.getTask(ThreadPoolExecutor.java:1074)&#10;        at java.util.concurrent.ThreadPoolExecutor.runWorker(ThreadPoolExecutor.java:1134)&#10;        at java.util.concurrent.ThreadPoolExecutor$Worker.run(ThreadPoolExecutor.java:624)&#10;        at java.lang.Thread.run(Thread.java:748)&#10;&quot;IPC Server handler 18 on default port 11860&quot; daemon prio=5 tid=5553 timed_waiting&#10;java.lang.Thread.State: TIMED_WAITING&#10;        at sun.misc.Unsafe.park(Native Method)&#10;        at java.util.concurrent.locks.LockSupport.parkNanos(LockSupport.java:215)&#10;        at java.util.concurrent.locks.AbstractQueuedSynchronizer$ConditionObject.awaitNanos(AbstractQueuedSynchronizer.java:2078)&#10;        at java.util.concurrent.LinkedBlockingQueue.poll(LinkedBlockingQueue.java:467)&#10;        at org.apache.hadoop.ipc.CallQueueManager.take(CallQueueManager.java:295)&#10;        at org.apache.hadoop.ipc.Server$Handler.run(Server.java:2881)&#10;&quot;EventQueue-Safe mode statusForBlockManagerImpl&quot;  prio=5 tid=5443 in Object.wait()&#10;java.lang.Thread.State: WAITING (on object monitor)&#10;        at sun.misc.Unsafe.park(Native Method)&#10;        at java.util.concurrent.locks.LockSupport.park(LockSupport.java:175)&#10;        at java.util.concurrent.locks.AbstractQueuedSynchronizer$ConditionObject.await(AbstractQueuedSynchronizer.java:2039)&#10;        at java.util.concurrent.LinkedBlockingQueue.take(LinkedBlockingQueue.java:442)&#10;        at java.util.concurrent.ThreadPoolExecutor.getTask(ThreadPoolExecutor.java:1074)&#10;        at java.util.concurrent.ThreadPoolExecutor.runWorker(ThreadPoolExecutor.java:1134)&#10;        at java.util.concurrent.ThreadPoolExecutor$Worker.run(ThreadPoolExecutor.java:624)&#10;        at java.lang.Thread.run(Thread.java:748)&#10;&quot;PartialTableCache Cleanup Thread - 0&quot; daemon prio=5 tid=4268 in Object.wait()&#10;java.lang.Thread.State: WAITING (on object monitor)&#10;        at sun.misc.Unsafe.park(Native Method)&#10;        at java.util.concurrent.locks.LockSupport.park(LockSupport.java:175)&#10;        at java.util.concurrent.locks.AbstractQueuedSynchronizer$ConditionObject.await(AbstractQueuedSynchronizer.java:2039)&#10;        at java.util.concurrent.LinkedBlockingQueue.take(LinkedBlockingQueue.java:442)&#10;        at java.util.concurrent.ThreadPoolExecutor.getTask(ThreadPoolExecutor.java:1074)&#10;        at java.util.concurrent.ThreadPoolExecutor.runWorker(ThreadPoolExecutor.java:1134)&#10;        at java.util.concurrent.ThreadPoolExecutor$Worker.run(ThreadPoolExecutor.java:624)&#10;        at java.lang.Thread.run(Thread.java:748)&#10;&quot;qtp187225922-5510&quot; daemon prio=5 tid=5510 timed_waiting&#10;java.lang.Thread.State: TIMED_WAITING&#10;        at sun.misc.Unsafe.park(Native Method)&#10;        at java.util.concurrent.locks.LockSupport.parkNanos(LockSupport.java:215)&#10;        at java.util.concurrent.locks.AbstractQueuedSynchronizer$ConditionObject.awaitNanos(AbstractQueuedSynchronizer.java:2078)&#10;        at org.eclipse.jetty.util.BlockingArrayQueue.poll(BlockingArrayQueue.java:382)&#10;        at org.eclipse.jetty.util.thread.QueuedThreadPool$Runner.idleJobPoll(QueuedThreadPool.java:875)&#10;        at org.eclipse.jetty.util.thread.QueuedThreadPool$Runner.run(QueuedThreadPool.java:925)&#10;        at java.lang.Thread.run(Thread.java:748)&#10;&quot;IPC Server handler 11 on default port 45819&quot; daemon prio=5 tid=5479 timed_waiting&#10;java.lang.Thread.State: TIMED_WAITING&#10;        at sun.misc.Unsafe.park(Native Method)&#10;        at java.util.concurrent.locks.LockSupport.parkNanos(LockSupport.java:215)&#10;        at java.util.concurrent.locks.AbstractQueuedSynchronizer$ConditionObject.awaitNanos(AbstractQueuedSynchronizer.java:2078)&#10;        at java.util.concurrent.LinkedBlockingQueue.poll(LinkedBlockingQueue.java:467)&#10;        at org.apache.hadoop.ipc.CallQueueManager.take(CallQueueManager.java:295)&#10;        at org.apache.hadoop.ipc.Server$Handler.run(Server.java:2881)&#10;&quot;IPC Server listener on 11872&quot; daemon prio=5 tid=5614 runnable&#10;java.lang.Thread.State: RUNNABLE&#10;        at sun.nio.ch.EPollArrayWrapper.epollWait(Native Method)&#10;        at sun.nio.ch.EPollArrayWrapper.poll(EPollArrayWrapper.java:269)&#10;        at sun.nio.ch.EPollSelectorImpl.doSelect(EPollSelectorImpl.java:93)&#10;        at sun.nio.ch.SelectorImpl.lockAndDoSelect(SelectorImpl.java:86)&#10;        at sun.nio.ch.SelectorImpl.select(SelectorImpl.java:97)&#10;        at sun.nio.ch.SelectorImpl.select(SelectorImpl.java:101)&#10;        at org.apache.hadoop.ipc.Server$Listener.run(Server.java:1304)&#10;&quot;IPC Server handler 2 on default port 41453&quot; daemon prio=5 tid=5490 timed_waiting&#10;java.lang.Thread.State: TIMED_WAITING&#10;        at sun.misc.Unsafe.park(Native Method)&#10;        at java.util.concurrent.locks.LockSupport.parkNanos(LockSupport.java:215)&#10;        at java.util.concurrent.locks.AbstractQueuedSynchronizer$ConditionObject.awaitNanos(AbstractQueuedSynchronizer.java:2078)&#10;        at java.util.concurrent.LinkedBlockingQueue.poll(LinkedBlockingQueue.java:467)&#10;        at org.apache.hadoop.ipc.CallQueueManager.take(CallQueueManager.java:295)&#10;        at org.apache.hadoop.ipc.Server$Handler.run(Server.java:2881)&#10;&quot;BlockDeletingService#0&quot; daemon prio=5 tid=5752 in Object.wait()&#10;java.lang.Thread.State: WAITING (on object monitor)&#10;        at sun.misc.Unsafe.park(Native Method)&#10;        at java.util.concurrent.locks.LockSupport.park(LockSupport.java:175)&#10;        at java.util.concurrent.locks.AbstractQueuedSynchronizer$ConditionObject.await(AbstractQueuedSynchronizer.java:2039)&#10;        at java.util.concurrent.ScheduledThreadPoolExecutor$DelayedWorkQueue.take(ScheduledThreadPoolExecutor.java:1088)&#10;        at java.util.concurrent.ScheduledThreadPoolExecutor$DelayedWorkQueue.take(ScheduledThreadPoolExecutor.java:809)&#10;        at java.util.concurrent.ThreadPoolExecutor.getTask(ThreadPoolExecutor.java:1074)&#10;        at java.util.concurrent.ThreadPoolExecutor.runWorker(ThreadPoolExecutor.java:1134)&#10;        at java.util.concurrent.ThreadPoolExecutor$Worker.run(ThreadPoolExecutor.java:624)&#10;        at java.lang.Thread.run(Thread.java:748)&#10;&quot;CommandWatcher-LeaseManager#LeaseMonitor&quot; daemon prio=5 tid=5447 timed_waiting&#10;java.lang.Thread.State: TIMED_WAITING&#10;        at java.lang.Thread.sleep(Native Method)&#10;        at org.apache.hadoop.ozone.lease.LeaseManager$LeaseMonitor.run(LeaseManager.java:234)&#10;        at java.lang.Thread.run(Thread.java:748)&#10;&quot;BlockDeletingService#4&quot; daemon prio=5 tid=7615 in Object.wait()&#10;java.lang.Thread.State: WAITING (on object monitor)&#10;        at sun.misc.Unsafe.park(Native Method)&#10;        at java.util.concurrent.locks.LockSupport.park(LockSupport.java:175)&#10;        at java.util.concurrent.locks.AbstractQueuedSynchronizer$ConditionObject.await(AbstractQueuedSynchronizer.java:2039)&#10;        at java.util.concurrent.ScheduledThreadPoolExecutor$DelayedWorkQueue.take(ScheduledThreadPoolExecutor.java:1088)&#10;        at java.util.concurrent.ScheduledThreadPoolExecutor$DelayedWorkQueue.take(ScheduledThreadPoolExecutor.java:809)&#10;        at java.util.concurrent.ThreadPoolExecutor.getTask(ThreadPoolExecutor.java:1074)&#10;        at java.util.concurrent.ThreadPoolExecutor.runWorker(ThreadPoolExecutor.java:1134)&#10;        at java.util.concurrent.ThreadPoolExecutor$Worker.run(ThreadPoolExecutor.java:624)&#10;        at java.lang.Thread.run(Thread.java:748)&#10;&quot;Session-HouseKeeper-4fdbd027-1&quot;  prio=5 tid=5716 timed_waiting&#10;java.lang.Thread.State: TIMED_WAITING&#10;        at sun.misc.Unsafe.park(Native Method)&#10;        at java.util.concurrent.locks.LockSupport.parkNanos(LockSupport.java:215)&#10;        at java.util.concurrent.locks.AbstractQueuedSynchronizer$ConditionObject.awaitNanos(AbstractQueuedSynchronizer.java:2078)&#10;        at java.util.concurrent.ScheduledThreadPoolExecutor$DelayedWorkQueue.take(ScheduledThreadPoolExecutor.java:1093)&#10;        at java.util.concurrent.ScheduledThreadPoolExecutor$DelayedWorkQueue.take(ScheduledThreadPoolExecutor.java:809)&#10;        at java.util.concurrent.ThreadPoolExecutor.getTask(ThreadPoolExecutor.java:1074)&#10;        at java.util.concurrent.ThreadPoolExecutor.runWorker(ThreadPoolExecutor.java:1134)&#10;        at java.util.concurrent.ThreadPoolExecutor$Worker.run(ThreadPoolExecutor.java:624)&#10;        at java.lang.Thread.run(Thread.java:748)&#10;&quot;PartialTableCache Cleanup Thread - 0&quot; daemon prio=5 tid=5402 in Object.wait()&#10;java.lang.Thread.State: WAITING (on object monitor)&#10;        at sun.misc.Unsafe.park(Native Method)&#10;        at java.util.concurrent.locks.LockSupport.park(LockSupport.java:175)&#10;        at java.util.concurrent.locks.AbstractQueuedSynchronizer$ConditionObject.await(AbstractQueuedSynchronizer.java:2039)&#10;        at java.util.concurrent.LinkedBlockingQueue.take(LinkedBlockingQueue.java:442)&#10;        at java.util.concurrent.ThreadPoolExecutor.getTask(ThreadPoolExecutor.java:1074)&#10;        at java.util.concurrent.ThreadPoolExecutor.runWorker(ThreadPoolExecutor.java:1134)&#10;        at java.util.concurrent.ThreadPoolExecutor$Worker.run(ThreadPoolExecutor.java:624)&#10;        at java.lang.Thread.run(Thread.java:748)&#10;&quot;PartialTableCache Cleanup Thread - 0&quot; daemon prio=5 tid=3269 in Object.wait()&#10;java.lang.Thread.State: WAITING (on object monitor)&#10;        at sun.misc.Unsafe.park(Native Method)&#10;        at java.util.concurrent.locks.LockSupport.park(LockSupport.java:175)&#10;        at java.util.concurrent.locks.AbstractQueuedSynchronizer$ConditionObject.await(AbstractQueuedSynchronizer.java:2039)&#10;        at java.util.concurrent.LinkedBlockingQueue.take(LinkedBlockingQueue.java:442)&#10;        at java.util.concurrent.ThreadPoolExecutor.getTask(ThreadPoolExecutor.java:1074)&#10;        at java.util.concurrent.ThreadPoolExecutor.runWorker(ThreadPoolExecutor.java:1134)&#10;        at java.util.concurrent.ThreadPoolExecutor$Worker.run(ThreadPoolExecutor.java:624)&#10;        at java.lang.Thread.run(Thread.java:748)&#10;&quot;IPC Server handler 7 on default port 11866&quot; daemon prio=5 tid=6635 timed_waiting&#10;java.lang.Thread.State: TIMED_WAITING&#10;        at sun.misc.Unsafe.park(Native Method)&#10;        at java.util.concurrent.locks.LockSupport.parkNanos(LockSupport.java:215)&#10;        at java.util.concurrent.locks.AbstractQueuedSynchronizer$ConditionObject.awaitNanos(AbstractQueuedSynchronizer.java:2078)&#10;        at java.util.concurrent.LinkedBlockingQueue.poll(LinkedBlockingQueue.java:467)&#10;        at org.apache.hadoop.ipc.CallQueueManager.take(CallQueueManager.java:295)&#10;        at org.apache.hadoop.ipc.Server$Handler.run(Server.java:2881)&#10;&quot;IPC Server handler 10 on default port 11860&quot; daemon prio=5 tid=5545 timed_waiting&#10;java.lang.Thread.State: TIMED_WAITING&#10;        at sun.misc.Unsafe.park(Native Method)&#10;        at java.util.concurrent.locks.LockSupport.parkNanos(LockSupport.java:215)&#10;        at java.util.concurrent.locks.AbstractQueuedSynchronizer$ConditionObject.awaitNanos(AbstractQueuedSynchronizer.java:2078)&#10;        at java.util.concurrent.LinkedBlockingQueue.poll(LinkedBlockingQueue.java:467)&#10;        at org.apache.hadoop.ipc.CallQueueManager.take(CallQueueManager.java:295)&#10;        at org.apache.hadoop.ipc.Server$Handler.run(Server.java:2881)&#10;&quot;qtp1336084858-5562&quot; daemon prio=5 tid=5562 timed_waiting&#10;java.lang.Thread.State: TIMED_WAITING&#10;        at sun.misc.Unsafe.park(Native Method)&#10;        at java.util.concurrent.locks.LockSupport.parkNanos(LockSupport.java:215)&#10;        at java.util.concurrent.locks.AbstractQueuedSynchronizer$ConditionObject.awaitNanos(AbstractQueuedSynchronizer.java:2078)&#10;        at org.eclipse.jetty.util.BlockingArrayQueue.poll(BlockingArrayQueue.java:382)&#10;        at org.eclipse.jetty.util.thread.QueuedThreadPool$Runner.idleJobPoll(QueuedThreadPool.java:875)&#10;        at org.eclipse.jetty.util.thread.QueuedThreadPool$Runner.run(QueuedThreadPool.java:925)&#10;        at java.lang.Thread.run(Thread.java:748)&#10;&quot;EventQueue-Safe mode statusForSCMClientProtocolServer&quot;  prio=5 tid=5442 in Object.wait()&#10;java.lang.Thread.State: WAITING (on object monitor)&#10;        at sun.misc.Unsafe.park(Native Method)&#10;        at java.util.concurrent.locks.LockSupport.park(LockSupport.java:175)&#10;        at java.util.concurrent.locks.AbstractQueuedSynchronizer$ConditionObject.await(AbstractQueuedSynchronizer.java:2039)&#10;        at java.util.concurrent.LinkedBlockingQueue.take(LinkedBlockingQueue.java:442)&#10;        at java.util.concurrent.ThreadPoolExecutor.getTask(ThreadPoolExecutor.java:1074)&#10;        at java.util.concurrent.ThreadPoolExecutor.runWorker(ThreadPoolExecutor.java:1134)&#10;        at java.util.concurrent.ThreadPoolExecutor$Worker.run(ThreadPoolExecutor.java:624)&#10;        at java.lang.Thread.run(Thread.java:748)&#10;&quot;40524df2-78a3-4e4e-9ceb-ad6c0599eecc@group-72BF283FA841-SegmentedRaftLogWorker&quot;  prio=5 tid=5809 timed_waiting&#10;java.lang.Thread.State: TIMED_WAITING&#10;        at sun.misc.Unsafe.park(Native Method)&#10;        at java.util.concurrent.locks.LockSupport.parkNanos(LockSupport.java:215)&#10;        at java.util.concurrent.locks.AbstractQueuedSynchronizer$ConditionObject.awaitNanos(AbstractQueuedSynchronizer.java:2078)&#10;        at org.apache.ratis.util.DataBlockingQueue.poll(DataBlockingQueue.java:137)&#10;        at org.apache.ratis.server.raftlog.segmented.SegmentedRaftLogWorker.run(SegmentedRaftLogWorker.java:293)&#10;        at java.lang.Thread.run(Thread.java:748)&#10;&quot;OM StateMachine ApplyTransaction Thread - 0&quot; daemon prio=5 tid=5877 in Object.wait()&#10;java.lang.Thread.State: WAITING (on object monitor)&#10;        at sun.misc.Unsafe.park(Native Method)&#10;        at java.util.concurrent.locks.LockSupport.park(LockSupport.java:175)&#10;        at java.util.concurrent.locks.AbstractQueuedSynchronizer$ConditionObject.await(AbstractQueuedSynchronizer.java:2039)&#10;        at java.util.concurrent.LinkedBlockingQueue.take(LinkedBlockingQueue.java:442)&#10;        at java.util.concurrent.ThreadPoolExecutor.getTask(ThreadPoolExecutor.java:1074)&#10;        at java.util.concurrent.ThreadPoolExecutor.runWorker(ThreadPoolExecutor.java:1134)&#10;        at java.util.concurrent.ThreadPoolExecutor$Worker.run(ThreadPoolExecutor.java:624)&#10;        at java.lang.Thread.run(Thread.java:748)&#10;&quot;pool-1126-thread-1&quot;  prio=5 tid=5790 in Object.wait()&#10;java.lang.Thread.State: WAITING (on object monitor)&#10;        at sun.misc.Unsafe.park(Native Method)&#10;        at java.util.concurrent.locks.LockSupport.park(LockSupport.java:175)&#10;        at java.util.concurrent.locks.AbstractQueuedSynchronizer$ConditionObject.await(AbstractQueuedSynchronizer.java:2039)&#10;        at java.util.concurrent.LinkedBlockingQueue.take(LinkedBlockingQueue.java:442)&#10;        at java.util.concurrent.ThreadPoolExecutor.getTask(ThreadPoolExecutor.java:1074)&#10;        at java.util.concurrent.ThreadPoolExecutor.runWorker(ThreadPoolExecutor.java:1134)&#10;        at java.util.concurrent.ThreadPoolExecutor$Worker.run(ThreadPoolExecutor.java:624)&#10;        at java.lang.Thread.run(Thread.java:748)&#10;&quot;PartialTableCache Cleanup Thread - 0&quot; daemon prio=5 tid=4269 in Object.wait()&#10;java.lang.Thread.State: WAITING (on object monitor)&#10;        at sun.misc.Unsafe.park(Native Method)&#10;        at java.util.concurrent.locks.LockSupport.park(LockSupport.java:175)&#10;        at java.util.concurrent.locks.AbstractQueuedSynchronizer$ConditionObject.await(AbstractQueuedSynchronizer.java:2039)&#10;        at java.util.concurrent.LinkedBlockingQueue.take(LinkedBlockingQueue.java:442)&#10;        at java.util.concurrent.ThreadPoolExecutor.getTask(ThreadPoolExecutor.java:1074)&#10;        at java.util.concurrent.ThreadPoolExecutor.runWorker(ThreadPoolExecutor.java:1134)&#10;        at java.util.concurrent.ThreadPoolExecutor$Worker.run(ThreadPoolExecutor.java:624)&#10;        at java.lang.Thread.run(Thread.java:748)&#10;&quot;PartialTableCache Cleanup Thread - 0&quot; daemon prio=5 tid=524 in Object.wait()&#10;java.lang.Thread.State: WAITING (on object monitor)&#10;        at sun.misc.Unsafe.park(Native Method)&#10;        at java.util.concurrent.locks.LockSupport.park(LockSupport.java:175)&#10;        at java.util.concurrent.locks.AbstractQueuedSynchronizer$ConditionObject.await(AbstractQueuedSynchronizer.java:2039)&#10;        at java.util.concurrent.LinkedBlockingQueue.take(LinkedBlockingQueue.java:442)&#10;        at java.util.concurrent.ThreadPoolExecutor.getTask(ThreadPoolExecutor.java:1074)&#10;        at java.util.concurrent.ThreadPoolExecutor.runWorker(ThreadPoolExecutor.java:1134)&#10;        at java.util.concurrent.ThreadPoolExecutor$Worker.run(ThreadPoolExecutor.java:624)&#10;        at java.lang.Thread.run(Thread.java:748)&#10;&quot;pool-376-thread-1&quot;  prio=5 tid=1891 timed_waiting&#10;java.lang.Thread.State: TIMED_WAITING&#10;        at sun.misc.Unsafe.park(Native Method)&#10;        at java.util.concurrent.locks.LockSupport.parkNanos(LockSupport.java:215)&#10;        at java.util.concurrent.locks.AbstractQueuedSynchronizer$ConditionObject.awaitNanos(AbstractQueuedSynchronizer.java:2078)&#10;        at java.util.concurrent.ScheduledThreadPoolExecutor$DelayedWorkQueue.take(ScheduledThreadPoolExecutor.java:1093)&#10;        at java.util.concurrent.ScheduledThreadPoolExecutor$DelayedWorkQueue.take(ScheduledThreadPoolExecutor.java:809)&#10;        at java.util.concurrent.ThreadPoolExecutor.getTask(ThreadPoolExecutor.java:1074)&#10;        at java.util.concurrent.ThreadPoolExecutor.runWorker(ThreadPoolExecutor.java:1134)&#10;        at java.util.concurrent.ThreadPoolExecutor$Worker.run(ThreadPoolExecutor.java:624)&#10;        at java.lang.Thread.run(Thread.java:748)&#10;&quot;Datanode State Machine Thread - 0&quot; daemon prio=5 tid=5671 timed_waiting&#10;java.lang.Thread.State: TIMED_WAITING&#10;        at java.lang.Thread.sleep(Native Method)&#10;        at org.apache.hadoop.ozone.container.common.statemachine.DatanodeStateMachine.start(DatanodeStateMachine.java:213)&#10;        at org.apache.hadoop.ozone.container.common.statemachine.DatanodeStateMachine.lambda$startDaemon$0(DatanodeStateMachine.java:379)&#10;        at org.apache.hadoop.ozone.container.common.statemachine.DatanodeStateMachine$$Lambda$285/436723628.run(Unknown Source)&#10;        at java.lang.Thread.run(Thread.java:748)&#10;&quot;qtp1622107655-5665&quot; daemon prio=5 tid=5665 timed_waiting&#10;java.lang.Thread.State: TIMED_WAITING&#10;        at sun.misc.Unsafe.park(Native Method)&#10;        at java.util.concurrent.locks.LockSupport.parkNanos(LockSupport.java:215)&#10;        at java.util.concurrent.locks.AbstractQueuedSynchronizer$ConditionObject.awaitNanos(AbstractQueuedSynchronizer.java:2078)&#10;        at org.eclipse.jetty.util.BlockingArrayQueue.poll(BlockingArrayQueue.java:382)&#10;        at org.eclipse.jetty.util.thread.QueuedThreadPool$Runner.idleJobPoll(QueuedThreadPool.java:875)&#10;        at org.eclipse.jetty.util.thread.QueuedThreadPool$Runner.run(QueuedThreadPool.java:925)&#10;        at java.lang.Thread.run(Thread.java:748)&#10;&quot;qtp1903785634-5647-acceptor-0@775016f4-ServerConnector@27c934ae{HTTP/1.1,[http/1.1]}{0.0.0.0:11874}&quot; daemon prio=3 tid=5647 runnable&#10;java.lang.Thread.State: RUNNABLE&#10;        at sun.nio.ch.ServerSocketChannelImpl.accept0(Native Method)&#10;        at sun.nio.ch.ServerSocketChannelImpl.accept(ServerSocketChannelImpl.java:422)&#10;        at sun.nio.ch.ServerSocketChannelImpl.accept(ServerSocketChannelImpl.java:250)&#10;        at org.eclipse.jetty.server.ServerConnector.accept(ServerConnector.java:385)&#10;        at org.eclipse.jetty.server.AbstractConnector$Acceptor.run(AbstractConnector.java:701)&#10;        at org.eclipse.jetty.util.thread.QueuedThreadPool.runJob(QueuedThreadPool.java:806)&#10;        at org.eclipse.jetty.util.thread.QueuedThreadPool$Runner.run(QueuedThreadPool.java:938)&#10;        at java.lang.Thread.run(Thread.java:748)&#10;&quot;pool-130-thread-1&quot;  prio=5 tid=633 timed_waiting&#10;java.lang.Thread.State: TIMED_WAITING&#10;        at sun.misc.Unsafe.park(Native Method)&#10;        at java.util.concurrent.locks.LockSupport.parkNanos(LockSupport.java:215)&#10;        at java.util.concurrent.locks.AbstractQueuedSynchronizer$ConditionObject.awaitNanos(AbstractQueuedSynchronizer.java:2078)&#10;        at java.util.concurrent.ScheduledThreadPoolExecutor$DelayedWorkQueue.take(ScheduledThreadPoolExecutor.java:1093)&#10;        at java.util.concurrent.ScheduledThreadPoolExecutor$DelayedWorkQueue.take(ScheduledThreadPoolExecutor.java:809)&#10;        at java.util.concurrent.ThreadPoolExecutor.getTask(ThreadPoolExecutor.java:1074)&#10;        at java.util.concurrent.ThreadPoolExecutor.runWorker(ThreadPoolExecutor.java:1134)&#10;        at java.util.concurrent.ThreadPoolExecutor$Worker.run(ThreadPoolExecutor.java:624)&#10;        at java.lang.Thread.run(Thread.java:748)&#10;&quot;IPC Server handler 7 on default port 41453&quot; daemon prio=5 tid=5495 timed_waiting&#10;java.lang.Thread.State: TIMED_WAITING&#10;        at sun.misc.Unsafe.park(Native Method)&#10;        at java.util.concurrent.locks.LockSupport.parkNanos(LockSupport.java:215)&#10;        at java.util.concurrent.locks.AbstractQueuedSynchronizer$ConditionObject.awaitNanos(AbstractQueuedSynchronizer.java:2078)&#10;        at java.util.concurrent.LinkedBlockingQueue.poll(LinkedBlockingQueue.java:467)&#10;        at org.apache.hadoop.ipc.CallQueueManager.take(CallQueueManager.java:295)&#10;        at org.apache.hadoop.ipc.Server$Handler.run(Server.java:2881)&#10;&quot;qtp1903785634-5650&quot; daemon prio=5 tid=5650 timed_waiting&#10;java.lang.Thread.State: TIMED_WAITING&#10;        at sun.misc.Unsafe.park(Native Method)&#10;        at java.util.concurrent.locks.LockSupport.parkNanos(LockSupport.java:215)&#10;        at java.util.concurrent.locks.AbstractQueuedSynchronizer$ConditionObject.awaitNanos(AbstractQueuedSynchronizer.java:2078)&#10;        at org.eclipse.jetty.util.BlockingArrayQueue.poll(BlockingArrayQueue.java:382)&#10;        at org.eclipse.jetty.util.thread.QueuedThreadPool$Runner.idleJobPoll(QueuedThreadPool.java:875)&#10;        at org.eclipse.jetty.util.thread.QueuedThreadPool$Runner.run(QueuedThreadPool.java:925)&#10;        at java.lang.Thread.run(Thread.java:748)&#10;&quot;PartialTableCache Cleanup Thread - 0&quot; daemon prio=5 tid=1001 in Object.wait()&#10;java.lang.Thread.State: WAITING (on object monitor)&#10;        at sun.misc.Unsafe.park(Native Method)&#10;        at java.util.concurrent.locks.LockSupport.park(LockSupport.java:175)&#10;        at java.util.concurrent.locks.AbstractQueuedSynchronizer$ConditionObject.await(AbstractQueuedSynchronizer.java:2039)&#10;        at java.util.concurrent.LinkedBlockingQueue.take(LinkedBlockingQueue.java:442)&#10;        at java.util.concurrent.ThreadPoolExecutor.getTask(ThreadPoolExecutor.java:1074)&#10;        at java.util.concurrent.ThreadPoolExecutor.runWorker(ThreadPoolExecutor.java:1134)&#10;        at java.util.concurrent.ThreadPoolExecutor$Worker.run(ThreadPoolExecutor.java:624)&#10;        at java.lang.Thread.run(Thread.java:748)&#10;&quot;EventQueue-OpenPipelineForOneReplicaPipelineSafeModeRule&quot; daemon prio=5 tid=5792 in Object.wait()&#10;java.lang.Thread.State: WAITING (on object monitor)&#10;        at sun.misc.Unsafe.park(Native Method)&#10;        at java.util.concurrent.locks.LockSupport.park(LockSupport.java:175)&#10;        at java.util.concurrent.locks.AbstractQueuedSynchronizer$ConditionObject.await(AbstractQueuedSynchronizer.java:2039)&#10;        at java.util.concurrent.LinkedBlockingQueue.take(LinkedBlockingQueue.java:442)&#10;        at java.util.concurrent.ThreadPoolExecutor.getTask(ThreadPoolExecutor.java:1074)&#10;        at java.util.concurrent.ThreadPoolExecutor.runWorker(ThreadPoolExecutor.java:1134)&#10;        at java.util.concurrent.ThreadPoolExecutor$Worker.run(ThreadPoolExecutor.java:624)&#10;        at java.lang.Thread.run(Thread.java:748)&#10;&quot;EventQueue-NodeRegistrationContainerReportForDataNodeSafeModeRule&quot; daemon prio=5 tid=5774 in Object.wait()&#10;java.lang.Thread.State: WAITING (on object monitor)&#10;        at sun.misc.Unsafe.park(Native Method)&#10;        at java.util.concurrent.locks.LockSupport.park(LockSupport.java:175)&#10;        at java.util.concurrent.locks.AbstractQueuedSynchronizer$ConditionObject.await(AbstractQueuedSynchronizer.java:2039)&#10;        at java.util.concurrent.LinkedBlockingQueue.take(LinkedBlockingQueue.java:442)&#10;        at java.util.concurrent.ThreadPoolExecutor.getTask(ThreadPoolExecutor.java:1074)&#10;        at java.util.concurrent.ThreadPoolExecutor.runWorker(ThreadPoolExecutor.java:1134)&#10;        at java.util.concurrent.ThreadPoolExecutor$Worker.run(ThreadPoolExecutor.java:624)&#10;        at java.lang.Thread.run(Thread.java:748)&#10;&quot;Timer-30&quot;  prio=5 tid=5531 timed_waiting&#10;java.lang.Thread.State: TIMED_WAITING&#10;        at java.lang.Object.wait(Native Method)&#10;        at java.util.TimerThread.mainLoop(Timer.java:552)&#10;        at java.util.TimerThread.run(Timer.java:505)&#10;&quot;IPC Server handler 12 on default port 11866&quot; daemon prio=5 tid=6640 timed_waiting&#10;java.lang.Thread.State: TIMED_WAITING&#10;        at sun.misc.Unsafe.park(Native Method)&#10;        at java.util.concurrent.locks.LockSupport.parkNanos(LockSupport.java:215)&#10;        at java.util.concurrent.locks.AbstractQueuedSynchronizer$ConditionObject.awaitNanos(AbstractQueuedSynchronizer.java:2078)&#10;        at java.util.concurrent.LinkedBlockingQueue.poll(LinkedBlockingQueue.java:467)&#10;        at org.apache.hadoop.ipc.CallQueueManager.take(CallQueueManager.java:295)&#10;        at org.apache.hadoop.ipc.Server$Handler.run(Server.java:2881)&#10;&quot;IPC Server handler 2 on default port 11860&quot; daemon prio=5 tid=5535 timed_waiting&#10;java.lang.Thread.State: TIMED_WAITING&#10;        at sun.misc.Unsafe.park(Native Method)&#10;        at java.util.concurrent.locks.LockSupport.parkNanos(LockSupport.java:215)&#10;        at java.util.concurrent.locks.AbstractQueuedSynchronizer$ConditionObject.awaitNanos(AbstractQueuedSynchronizer.java:2078)&#10;        at java.util.concurrent.LinkedBlockingQueue.poll(LinkedBlockingQueue.java:467)&#10;        at org.apache.hadoop.ipc.CallQueueManager.take(CallQueueManager.java:295)&#10;        at org.apache.hadoop.ipc.Server$Handler.run(Server.java:2881)&#10;&quot;IPC Server handler 18 on default port 45819&quot; daemon prio=5 tid=5486 timed_waiting&#10;java.lang.Thread.State: TIMED_WAITING&#10;        at sun.misc.Unsafe.park(Native Method)&#10;        at java.util.concurrent.locks.LockSupport.parkNanos(LockSupport.java:215)&#10;        at java.util.concurrent.locks.AbstractQueuedSynchronizer$ConditionObject.awaitNanos(AbstractQueuedSynchronizer.java:2078)&#10;        at java.util.concurrent.LinkedBlockingQueue.poll(LinkedBlockingQueue.java:467)&#10;        at org.apache.hadoop.ipc.CallQueueManager.take(CallQueueManager.java:295)&#10;        at org.apache.hadoop.ipc.Server$Handler.run(Server.java:2881)&#10;&quot;OM StateMachine ApplyTransaction Thread - 0&quot; daemon prio=5 tid=6661 in Object.wait()&#10;java.lang.Thread.State: WAITING (on object monitor)&#10;        at sun.misc.Unsafe.park(Native Method)&#10;        at java.util.concurrent.locks.LockSupport.park(LockSupport.java:175)&#10;        at java.util.concurrent.locks.AbstractQueuedSynchronizer$ConditionObject.await(AbstractQueuedSynchronizer.java:2039)&#10;        at java.util.concurrent.LinkedBlockingQueue.take(LinkedBlockingQueue.java:442)&#10;        at java.util.concurrent.ThreadPoolExecutor.getTask(ThreadPoolExecutor.java:1074)&#10;        at java.util.concurrent.ThreadPoolExecutor.runWorker(ThreadPoolExecutor.java:1134)&#10;        at java.util.concurrent.ThreadPoolExecutor$Worker.run(ThreadPoolExecutor.java:624)&#10;        at java.lang.Thread.run(Thread.java:748)&#10;&quot;IPC Server handler 19 on default port 11872&quot; daemon prio=5 tid=5643 timed_waiting&#10;java.lang.Thread.State: TIMED_WAITING&#10;        at sun.misc.Unsafe.park(Native Method)&#10;        at java.util.concurrent.locks.LockSupport.parkNanos(LockSupport.java:215)&#10;        at java.util.concurrent.locks.AbstractQueuedSynchronizer$ConditionObject.awaitNanos(AbstractQueuedSynchronizer.java:2078)&#10;        at java.util.concurrent.LinkedBlockingQueue.poll(LinkedBlockingQueue.java:467)&#10;        at org.apache.hadoop.ipc.CallQueueManager.take(CallQueueManager.java:295)&#10;        at org.apache.hadoop.ipc.Server$Handler.run(Server.java:2881)&#10;&quot;qtp880433415-5715&quot; daemon prio=5 tid=5715 timed_waiting&#10;java.lang.Thread.State: TIMED_WAITING&#10;        at sun.misc.Unsafe.park(Native Method)&#10;        at java.util.concurrent.locks.LockSupport.parkNanos(LockSupport.java:215)&#10;        at java.util.concurrent.locks.AbstractQueuedSynchronizer$ConditionObject.awaitNanos(AbstractQueuedSynchronizer.java:2078)&#10;        at org.eclipse.jetty.util.BlockingArrayQueue.poll(BlockingArrayQueue.java:382)&#10;        at org.eclipse.jetty.util.thread.QueuedThreadPool$Runner.idleJobPoll(QueuedThreadPool.java:875)&#10;        at org.eclipse.jetty.util.thread.QueuedThreadPool$Runner.run(QueuedThreadPool.java:925)&#10;        at java.lang.Thread.run(Thread.java:748)&#10;&quot;qtp187225922-5508&quot; daemon prio=5 tid=5508 runnable&#10;java.lang.Thread.State: RUNNABLE&#10;        at sun.nio.ch.EPollArrayWrapper.epollWait(Native Method)&#10;        at sun.nio.ch.EPollArrayWrapper.poll(EPollArrayWrapper.java:269)&#10;        at sun.nio.ch.EPollSelectorImpl.doSelect(EPollSelectorImpl.java:93)&#10;        at sun.nio.ch.SelectorImpl.lockAndDoSelect(SelectorImpl.java:86)&#10;        at sun.nio.ch.SelectorImpl.select(SelectorImpl.java:97)&#10;        at sun.nio.ch.SelectorImpl.select(SelectorImpl.java:101)&#10;        at org.eclipse.jetty.io.ManagedSelector$SelectorProducer.select(ManagedSelector.java:472)&#10;        at org.eclipse.jetty.io.ManagedSelector$SelectorProducer.produce(ManagedSelector.java:409)&#10;        at org.eclipse.jetty.util.thread.strategy.EatWhatYouKill.produceTask(EatWhatYouKill.java:360)&#10;        at org.eclipse.jetty.util.thread.strategy.EatWhatYouKill.doProduce(EatWhatYouKill.java:184)&#10;        at org.eclipse.jetty.util.thread.strategy.EatWhatYouKill.tryProduce(EatWhatYouKill.java:171)&#10;        at org.eclipse.jetty.util.thread.strategy.EatWhatYouKill.produce(EatWhatYouKill.java:135)&#10;        at org.eclipse.jetty.io.ManagedSelector$$Lambda$72/1129097646.run(Unknown Source)&#10;        at org.eclipse.jetty.util.thread.QueuedThreadPool.runJob(QueuedThreadPool.java:806)&#10;        at org.eclipse.jetty.util.thread.QueuedThreadPool$Runner.run(QueuedThreadPool.java:938)&#10;        at java.lang.Thread.run(Thread.java:748)&#10;&quot;IPC Server handler 14 on default port 36843&quot; daemon prio=5 tid=5462 timed_waiting&#10;java.lang.Thread.State: TIMED_WAITING&#10;        at sun.misc.Unsafe.park(Native Method)&#10;        at java.util.concurrent.locks.LockSupport.parkNanos(LockSupport.java:215)&#10;        at java.util.concurrent.locks.AbstractQueuedSynchronizer$ConditionObject.awaitNanos(AbstractQueuedSynchronizer.java:2078)&#10;        at java.util.concurrent.LinkedBlockingQueue.poll(LinkedBlockingQueue.java:467)&#10;        at org.apache.hadoop.ipc.CallQueueManager.take(CallQueueManager.java:295)&#10;        at org.apache.hadoop.ipc.Server$Handler.run(Server.java:2881)&#10;&quot;pool-1312-thread-1&quot;  prio=5 tid=6648 timed_waiting&#10;java.lang.Thread.State: TIMED_WAITING&#10;        at sun.misc.Unsafe.park(Native Method)&#10;        at java.util.concurrent.locks.LockSupport.parkNanos(LockSupport.java:215)&#10;        at java.util.concurrent.locks.AbstractQueuedSynchronizer$ConditionObject.awaitNanos(AbstractQueuedSynchronizer.java:2078)&#10;        at java.util.concurrent.ScheduledThreadPoolExecutor$DelayedWorkQueue.take(ScheduledThreadPoolExecutor.java:1093)&#10;        at java.util.concurrent.ScheduledThreadPoolExecutor$DelayedWorkQueue.take(ScheduledThreadPoolExecutor.java:809)&#10;        at java.util.concurrent.ThreadPoolExecutor.getTask(ThreadPoolExecutor.java:1074)&#10;        at java.util.concurrent.ThreadPoolExecutor.runWorker(ThreadPoolExecutor.java:1134)&#10;        at java.util.concurrent.ThreadPoolExecutor$Worker.run(ThreadPoolExecutor.java:624)&#10;        at java.lang.Thread.run(Thread.java:748)&#10;&quot;IPC Server handler 17 on default port 11860&quot; daemon prio=5 tid=5552 timed_waiting&#10;java.lang.Thread.State: TIMED_WAITING&#10;        at sun.misc.Unsafe.park(Native Method)&#10;        at java.util.concurrent.locks.LockSupport.parkNanos(LockSupport.java:215)&#10;        at java.util.concurrent.locks.AbstractQueuedSynchronizer$ConditionObject.awaitNanos(AbstractQueuedSynchronizer.java:2078)&#10;        at java.util.concurrent.LinkedBlockingQueue.poll(LinkedBlockingQueue.java:467)&#10;        at org.apache.hadoop.ipc.CallQueueManager.take(CallQueueManager.java:295)&#10;        at org.apache.hadoop.ipc.Server$Handler.run(Server.java:2881)&#10;&quot;BlockDeletingService#2&quot; daemon prio=5 tid=6917 timed_waiting&#10;java.lang.Thread.State: TIMED_WAITING&#10;        at sun.misc.Unsafe.park(Native Method)&#10;        at java.util.concurrent.locks.LockSupport.parkNanos(LockSupport.java:215)&#10;        at java.util.concurrent.locks.AbstractQueuedSynchronizer$ConditionObject.awaitNanos(AbstractQueuedSynchronizer.java:2078)&#10;        at java.util.concurrent.ScheduledThreadPoolExecutor$DelayedWorkQueue.take(ScheduledThreadPoolExecutor.java:1093)&#10;        at java.util.concurrent.ScheduledThreadPoolExecutor$DelayedWorkQueue.take(ScheduledThreadPoolExecutor.java:809)&#10;        at java.util.concurrent.ThreadPoolExecutor.getTask(ThreadPoolExecutor.java:1074)&#10;        at java.util.concurrent.ThreadPoolExecutor.runWorker(ThreadPoolExecutor.java:1134)&#10;        at java.util.concurrent.ThreadPoolExecutor$Worker.run(ThreadPoolExecutor.java:624)&#10;        at java.lang.Thread.run(Thread.java:748)&#10;&quot;Timer-32&quot;  prio=5 tid=5621 timed_waiting&#10;java.lang.Thread.State: TIMED_WAITING&#10;        at java.lang.Object.wait(Native Method)&#10;        at java.util.TimerThread.mainLoop(Timer.java:552)&#10;        at java.util.TimerThread.run(Timer.java:505)&#10;&quot;PartialTableCache Cleanup Thread - 0&quot; daemon prio=5 tid=1693 in Object.wait()&#10;java.lang.Thread.State: WAITING (on object monitor)&#10;        at sun.misc.Unsafe.park(Native Method)&#10;        at java.util.concurrent.locks.LockSupport.park(LockSupport.java:175)&#10;        at java.util.concurrent.locks.AbstractQueuedSynchronizer$ConditionObject.await(AbstractQueuedSynchronizer.java:2039)&#10;        at java.util.concurrent.LinkedBlockingQueue.take(LinkedBlockingQueue.java:442)&#10;        at java.util.concurrent.ThreadPoolExecutor.getTask(ThreadPoolExecutor.java:1074)&#10;        at java.util.concurrent.ThreadPoolExecutor.runWorker(ThreadPoolExecutor.java:1134)&#10;        at java.util.concurrent.ThreadPoolExecutor$Worker.run(ThreadPoolExecutor.java:624)&#10;        at java.lang.Thread.run(Thread.java:748)&#10;&quot;BlockDeletingService#0&quot; daemon prio=5 tid=5746 in Object.wait()&#10;java.lang.Thread.State: WAITING (on object monitor)&#10;        at sun.misc.Unsafe.park(Native Method)&#10;        at java.util.concurrent.locks.LockSupport.park(LockSupport.java:175)&#10;        at java.util.concurrent.locks.AbstractQueuedSynchronizer$ConditionObject.await(AbstractQueuedSynchronizer.java:2039)&#10;        at java.util.concurrent.ScheduledThreadPoolExecutor$DelayedWorkQueue.take(ScheduledThreadPoolExecutor.java:1088)&#10;        at java.util.concurrent.ScheduledThreadPoolExecutor$DelayedWorkQueue.take(ScheduledThreadPoolExecutor.java:809)&#10;        at java.util.concurrent.ThreadPoolExecutor.getTask(ThreadPoolExecutor.java:1074)&#10;        at java.util.concurrent.ThreadPoolExecutor.runWorker(ThreadPoolExecutor.java:1134)&#10;        at java.util.concurrent.ThreadPoolExecutor$Worker.run(ThreadPoolExecutor.java:624)&#10;        at java.lang.Thread.run(Thread.java:748)&#10;&quot;IPC Server handler 1 on default port 41453&quot; daemon prio=5 tid=5489 timed_waiting&#10;java.lang.Thread.State: TIMED_WAITING&#10;        at sun.misc.Unsafe.park(Native Method)&#10;        at java.util.concurrent.locks.LockSupport.parkNanos(LockSupport.java:215)&#10;        at java.util.concurrent.locks.AbstractQueuedSynchronizer$ConditionObject.awaitNanos(AbstractQueuedSynchronizer.java:2078)&#10;        at java.util.concurrent.LinkedBlockingQueue.poll(LinkedBlockingQueue.java:467)&#10;        at org.apache.hadoop.ipc.CallQueueManager.take(CallQueueManager.java:295)&#10;        at org.apache.hadoop.ipc.Server$Handler.run(Server.java:2881)&#10;&quot;Signal Dispatcher&quot; daemon prio=9 tid=4 runnable&#10;java.lang.Thread.State: RUNNABLE&#10;&quot;EventQueue-NodeReportForNodeReportHandler&quot; daemon prio=5 tid=6905 in Object.wait()&#10;java.lang.Thread.State: WAITING (on object monitor)&#10;        at sun.misc.Unsafe.park(Native Method)&#10;        at java.util.concurrent.locks.LockSupport.park(LockSupport.java:175)&#10;        at java.util.concurrent.locks.AbstractQueuedSynchronizer$ConditionObject.await(AbstractQueuedSynchronizer.java:2039)&#10;        at java.util.concurrent.LinkedBlockingQueue.take(LinkedBlockingQueue.java:442)&#10;        at java.util.concurrent.ThreadPoolExecutor.getTask(ThreadPoolExecutor.java:1074)&#10;        at java.util.concurrent.ThreadPoolExecutor.runWorker(ThreadPoolExecutor.java:1134)&#10;        at java.util.concurrent.ThreadPoolExecutor$Worker.run(ThreadPoolExecutor.java:624)&#10;        at java.lang.Thread.run(Thread.java:748)&#10;&quot;pool-1099-thread-1&quot;  prio=5 tid=5568 timed_waiting&#10;java.lang.Thread.State: TIMED_WAITING&#10;        at sun.misc.Unsafe.park(Native Method)&#10;        at java.util.concurrent.locks.LockSupport.parkNanos(LockSupport.java:215)&#10;        at java.util.concurrent.locks.AbstractQueuedSynchronizer$ConditionObject.awaitNanos(AbstractQueuedSynchronizer.java:2078)&#10;        at java.util.concurrent.ScheduledThreadPoolExecutor$DelayedWorkQueue.take(ScheduledThreadPoolExecutor.java:1093)&#10;        at java.util.concurrent.ScheduledThreadPoolExecutor$DelayedWorkQueue.take(ScheduledThreadPoolExecutor.java:809)&#10;        at java.util.concurrent.ThreadPoolExecutor.getTask(ThreadPoolExecutor.java:1074)&#10;        at java.util.concurrent.ThreadPoolExecutor.runWorker(ThreadPoolExecutor.java:1134)&#10;        at java.util.concurrent.ThreadPoolExecutor$Worker.run(ThreadPoolExecutor.java:624)&#10;        at java.lang.Thread.run(Thread.java:748)&#10;&quot;IPC Server listener on 0&quot; daemon prio=5 tid=5437 runnable&#10;java.lang.Thread.State: RUNNABLE&#10;        at sun.nio.ch.EPollArrayWrapper.epollWait(Native Method)&#10;        at sun.nio.ch.EPollArrayWrapper.poll(EPollArrayWrapper.java:269)&#10;        at sun.nio.ch.EPollSelectorImpl.doSelect(EPollSelectorImpl.java:93)&#10;        at sun.nio.ch.SelectorImpl.lockAndDoSelect(SelectorImpl.java:86)&#10;        at sun.nio.ch.SelectorImpl.select(SelectorImpl.java:97)&#10;        at sun.nio.ch.SelectorImpl.select(SelectorImpl.java:101)&#10;        at org.apache.hadoop.ipc.Server$Listener.run(Server.java:1304)&#10;&quot;Command processor thread&quot; daemon prio=5 tid=5722 timed_waiting&#10;java.lang.Thread.State: TIMED_WAITING&#10;        at java.lang.Thread.sleep(Native Method)&#10;        at org.apache.hadoop.ozone.container.common.statemachine.DatanodeStateMachine.lambda$initCommandHandlerThread$1(DatanodeStateMachine.java:472)&#10;        at org.apache.hadoop.ozone.container.common.statemachine.DatanodeStateMachine$$Lambda$286/1232266563.run(Unknown Source)&#10;        at java.lang.Thread.run(Thread.java:748)&#10;&quot;IPC Server handler 8 on default port 36843&quot; daemon prio=5 tid=5456 timed_waiting&#10;java.lang.Thread.State: TIMED_WAITING&#10;        at sun.misc.Unsafe.park(Native Method)&#10;        at java.util.concurrent.locks.LockSupport.parkNanos(LockSupport.java:215)&#10;        at java.util.concurrent.locks.AbstractQueuedSynchronizer$ConditionObject.awaitNanos(AbstractQueuedSynchronizer.java:2078)&#10;        at java.util.concurrent.LinkedBlockingQueue.poll(LinkedBlockingQueue.java:467)&#10;        at org.apache.hadoop.ipc.CallQueueManager.take(CallQueueManager.java:295)&#10;        at org.apache.hadoop.ipc.Server$Handler.run(Server.java:2881)&#10;&quot;IPC Server handler 11 on default port 11866&quot; daemon prio=5 tid=6639 timed_waiting&#10;java.lang.Thread.State: TIMED_WAITING&#10;        at sun.misc.Unsafe.park(Native Method)&#10;        at java.util.concurrent.locks.LockSupport.parkNanos(LockSupport.java:215)&#10;        at java.util.concurrent.locks.AbstractQueuedSynchronizer$ConditionObject.awaitNanos(AbstractQueuedSynchronizer.java:2078)&#10;        at java.util.concurrent.LinkedBlockingQueue.poll(LinkedBlockingQueue.java:467)&#10;        at org.apache.hadoop.ipc.CallQueueManager.take(CallQueueManager.java:295)&#10;        at org.apache.hadoop.ipc.Server$Handler.run(Server.java:2881)&#10;&quot;grpc-shared-destroyer-0&quot; daemon prio=5 tid=535 in Object.wait()&#10;java.lang.Thread.State: WAITING (on object monitor)&#10;        at sun.misc.Unsafe.park(Native Method)&#10;        at java.util.concurrent.locks.LockSupport.park(LockSupport.java:175)&#10;        at java.util.concurrent.locks.AbstractQueuedSynchronizer$ConditionObject.await(AbstractQueuedSynchronizer.java:2039)&#10;        at java.util.concurrent.ScheduledThreadPoolExecutor$DelayedWorkQueue.take(ScheduledThreadPoolExecutor.java:1081)&#10;        at java.util.concurrent.ScheduledThreadPoolExecutor$DelayedWorkQueue.take(ScheduledThreadPoolExecutor.java:809)&#10;        at java.util.concurrent.ThreadPoolExecutor.getTask(ThreadPoolExecutor.java:1074)&#10;        at java.util.concurrent.ThreadPoolExecutor.runWorker(ThreadPoolExecutor.java:1134)&#10;        at java.util.concurrent.ThreadPoolExecutor$Worker.run(ThreadPoolExecutor.java:624)&#10;        at java.lang.Thread.run(Thread.java:748)&#10;&quot;PartialTableCache Cleanup Thread - 0&quot; daemon prio=5 tid=2723 in Object.wait()&#10;java.lang.Thread.State: WAITING (on object monitor)&#10;        at sun.misc.Unsafe.park(Native Method)&#10;        at java.util.concurrent.locks.LockSupport.park(LockSupport.java:175)&#10;        at java.util.concurrent.locks.AbstractQueuedSynchronizer$ConditionObject.await(AbstractQueuedSynchronizer.java:2039)&#10;        at java.util.concurrent.LinkedBlockingQueue.take(LinkedBlockingQueue.java:442)&#10;        at java.util.concurrent.ThreadPoolExecutor.getTask(ThreadPoolExecutor.java:1074)&#10;        at java.util.concurrent.ThreadPoolExecutor.runWorker(ThreadPoolExecutor.java:1134)&#10;        at java.util.concurrent.ThreadPoolExecutor$Worker.run(ThreadPoolExecutor.java:624)&#10;        at java.lang.Thread.run(Thread.java:748)&#10;&quot;KeyDeletingService#1&quot; daemon prio=5 tid=5536 in Object.wait()&#10;java.lang.Thread.State: WAITING (on object monitor)&#10;        at sun.misc.Unsafe.park(Native Method)&#10;        at java.util.concurrent.locks.LockSupport.park(LockSupport.java:175)&#10;        at java.util.concurrent.locks.AbstractQueuedSynchronizer$ConditionObject.await(AbstractQueuedSynchronizer.java:2039)&#10;        at java.util.concurrent.ScheduledThreadPoolExecutor$DelayedWorkQueue.take(ScheduledThreadPoolExecutor.java:1088)&#10;        at java.util.concurrent.ScheduledThreadPoolExecutor$DelayedWorkQueue.take(ScheduledThreadPoolExecutor.java:809)&#10;        at java.util.concurrent.ThreadPoolExecutor.getTask(ThreadPoolExecutor.java:1074)&#10;        at java.util.concurrent.ThreadPoolExecutor.runWorker(ThreadPoolExecutor.java:1134)&#10;        at java.util.concurrent.ThreadPoolExecutor$Worker.run(ThreadPoolExecutor.java:624)&#10;        at java.lang.Thread.run(Thread.java:748)&#10;&quot;40524df2-78a3-4e4e-9ceb-ad6c0599eecc@group-304D1CDEA4AC-SegmentedRaftLogWorker&quot;  prio=5 tid=5811 timed_waiting&#10;java.lang.Thread.State: TIMED_WAITING&#10;        at sun.misc.Unsafe.park(Native Method)&#10;        at java.util.concurrent.locks.LockSupport.parkNanos(LockSupport.java:215)&#10;        at java.util.concurrent.locks.AbstractQueuedSynchronizer$ConditionObject.awaitNanos(AbstractQueuedSynchronizer.java:2078)&#10;        at org.apache.ratis.util.DataBlockingQueue.poll(DataBlockingQueue.java:137)&#10;        at org.apache.ratis.server.raftlog.segmented.SegmentedRaftLogWorker.run(SegmentedRaftLogWorker.java:293)&#10;        at java.lang.Thread.run(Thread.java:748)&#10;&quot;IPC Server handler 6 on default port 11872&quot; daemon prio=5 tid=5630 timed_waiting&#10;java.lang.Thread.State: TIMED_WAITING&#10;        at sun.misc.Unsafe.park(Native Method)&#10;        at java.util.concurrent.locks.LockSupport.parkNanos(LockSupport.java:215)&#10;        at java.util.concurrent.locks.AbstractQueuedSynchronizer$ConditionObject.awaitNanos(AbstractQueuedSynchronizer.java:2078)&#10;        at java.util.concurrent.LinkedBlockingQueue.poll(LinkedBlockingQueue.java:467)&#10;        at org.apache.hadoop.ipc.CallQueueManager.take(CallQueueManager.java:295)&#10;        at org.apache.hadoop.ipc.Server$Handler.run(Server.java:2881)&#10;&quot;IPC Server handler 9 on default port 11860&quot; daemon prio=5 tid=5544 timed_waiting&#10;java.lang.Thread.State: TIMED_WAITING&#10;        at sun.misc.Unsafe.park(Native Method)&#10;        at java.util.concurrent.locks.LockSupport.parkNanos(LockSupport.java:215)&#10;        at java.util.concurrent.locks.AbstractQueuedSynchronizer$ConditionObject.awaitNanos(AbstractQueuedSynchronizer.java:2078)&#10;        at java.util.concurrent.LinkedBlockingQueue.poll(LinkedBlockingQueue.java:467)&#10;        at org.apache.hadoop.ipc.CallQueueManager.take(CallQueueManager.java:295)&#10;        at org.apache.hadoop.ipc.Server$Handler.run(Server.java:2881)&#10;&quot;Socket Reader #1 for port 0&quot;  prio=5 tid=5434 runnable&#10;java.lang.Thread.State: RUNNABLE&#10;        at sun.nio.ch.EPollArrayWrapper.epollWait(Native Method)&#10;        at sun.nio.ch.EPollArrayWrapper.poll(EPollArrayWrapper.java:269)&#10;        at sun.nio.ch.EPollSelectorImpl.doSelect(EPollSelectorImpl.java:93)&#10;        at sun.nio.ch.SelectorImpl.lockAndDoSelect(SelectorImpl.java:86)&#10;        at sun.nio.ch.SelectorImpl.select(SelectorImpl.java:97)&#10;        at sun.nio.ch.SelectorImpl.select(SelectorImpl.java:101)&#10;        at org.apache.hadoop.ipc.Server$Listener$Reader.doRunLoop(Server.java:1242)&#10;        at org.apache.hadoop.ipc.Server$Listener$Reader.run(Server.java:1221)&#10;&quot;IPC Server handler 15 on default port 45819&quot; daemon prio=5 tid=5483 timed_waiting&#10;java.lang.Thread.State: TIMED_WAITING&#10;        at sun.misc.Unsafe.park(Native Method)&#10;        at java.util.concurrent.locks.LockSupport.parkNanos(LockSupport.java:215)&#10;        at java.util.concurrent.locks.AbstractQueuedSynchronizer$ConditionObject.awaitNanos(AbstractQueuedSynchronizer.java:2078)&#10;        at java.util.concurrent.LinkedBlockingQueue.poll(LinkedBlockingQueue.java:467)&#10;        at org.apache.hadoop.ipc.CallQueueManager.take(CallQueueManager.java:295)&#10;        at org.apache.hadoop.ipc.Server$Handler.run(Server.java:2881)&#10;&quot;Command processor thread&quot; daemon prio=5 tid=5703 timed_waiting&#10;java.lang.Thread.State: TIMED_WAITING&#10;        at java.lang.Thread.sleep(Native Method)&#10;        at org.apache.hadoop.ozone.container.common.statemachine.DatanodeStateMachine.lambda$initCommandHandlerThread$1(DatanodeStateMachine.java:472)&#10;        at org.apache.hadoop.ozone.container.common.statemachine.DatanodeStateMachine$$Lambda$286/1232266563.run(Unknown Source)&#10;        at java.lang.Thread.run(Thread.java:748)&#10;&quot;IPC Server handler 3 on default port 11860&quot; daemon prio=5 tid=5537 timed_waiting&#10;java.lang.Thread.State: TIMED_WAITING&#10;        at sun.misc.Unsafe.park(Native Method)&#10;        at java.util.concurrent.locks.LockSupport.parkNanos(LockSupport.java:215)&#10;        at java.util.concurrent.locks.AbstractQueuedSynchronizer$ConditionObject.awaitNanos(AbstractQueuedSynchronizer.java:2078)&#10;        at java.util.concurrent.LinkedBlockingQueue.poll(LinkedBlockingQueue.java:467)&#10;        at org.apache.hadoop.ipc.CallQueueManager.take(CallQueueManager.java:295)&#10;        at org.apache.hadoop.ipc.Server$Handler.run(Server.java:2881)&#10;&quot;PartialTableCache Cleanup Thread - 0&quot; daemon prio=5 tid=2203 in Object.wait()&#10;java.lang.Thread.State: WAITING (on object monitor)&#10;        at sun.misc.Unsafe.park(Native Method)&#10;        at java.util.concurrent.locks.LockSupport.park(LockSupport.java:175)&#10;        at java.util.concurrent.locks.AbstractQueuedSynchronizer$ConditionObject.await(AbstractQueuedSynchronizer.java:2039)&#10;        at java.util.concurrent.LinkedBlockingQueue.take(LinkedBlockingQueue.java:442)&#10;        at java.util.concurrent.ThreadPoolExecutor.getTask(ThreadPoolExecutor.java:1074)&#10;        at java.util.concurrent.ThreadPoolExecutor.runWorker(ThreadPoolExecutor.java:1134)&#10;        at java.util.concurrent.ThreadPoolExecutor$Worker.run(ThreadPoolExecutor.java:624)&#10;        at java.lang.Thread.run(Thread.java:748)&#10;&quot;IPC Server handler 17 on default port 36843&quot; daemon prio=5 tid=5465 timed_waiting&#10;java.lang.Thread.State: TIMED_WAITING&#10;        at sun.misc.Unsafe.park(Native Method)&#10;        at java.util.concurrent.locks.LockSupport.parkNanos(LockSupport.java:215)&#10;        at java.util.concurrent.locks.AbstractQueuedSynchronizer$ConditionObject.awaitNanos(AbstractQueuedSynchronizer.java:2078)&#10;        at java.util.concurrent.LinkedBlockingQueue.poll(LinkedBlockingQueue.java:467)&#10;        at org.apache.hadoop.ipc.CallQueueManager.take(CallQueueManager.java:295)&#10;        at org.apache.hadoop.ipc.Server$Handler.run(Server.java:2881)&#10;&quot;IPC Server idle connection scanner for port 45819&quot; daemon prio=5 tid=5435 timed_waiting&#10;java.lang.Thread.State: TIMED_WAITING&#10;        at java.lang.Object.wait(Native Method)&#10;        at java.util.TimerThread.mainLoop(Timer.java:552)&#10;        at java.util.TimerThread.run(Timer.java:505)&#10;&quot;Datanode ReportManager Thread - 1&quot; daemon prio=5 tid=5719 in Object.wait()&#10;java.lang.Thread.State: WAITING (on object monitor)&#10;        at sun.misc.Unsafe.park(Native Method)&#10;        at java.util.concurrent.locks.LockSupport.park(LockSupport.java:175)&#10;        at java.util.concurrent.locks.AbstractQueuedSynchronizer$ConditionObject.await(AbstractQueuedSynchronizer.java:2039)&#10;        at java.util.concurrent.ScheduledThreadPoolExecutor$DelayedWorkQueue.take(ScheduledThreadPoolExecutor.java:1088)&#10;        at java.util.concurrent.ScheduledThreadPoolExecutor$DelayedWorkQueue.take(ScheduledThreadPoolExecutor.java:809)&#10;        at java.util.concurrent.ThreadPoolExecutor.getTask(ThreadPoolExecutor.java:1074)&#10;        at java.util.concurrent.ThreadPoolExecutor.runWorker(ThreadPoolExecutor.java:1134)&#10;        at java.util.concurrent.ThreadPoolExecutor$Worker.run(ThreadPoolExecutor.java:624)&#10;        at java.lang.Thread.run(Thread.java:748)&#10;&quot;PartialTableCache Cleanup Thread - 0&quot; daemon prio=5 tid=5897 in Object.wait()&#10;java.lang.Thread.State: WAITING (on object monitor)&#10;        at sun.misc.Unsafe.park(Native Method)&#10;        at java.util.concurrent.locks.LockSupport.park(LockSupport.java:175)&#10;        at java.util.concurrent.locks.AbstractQueuedSynchronizer$ConditionObject.await(AbstractQueuedSynchronizer.java:2039)&#10;        at java.util.concurrent.LinkedBlockingQueue.take(LinkedBlockingQueue.java:442)&#10;        at java.util.concurrent.ThreadPoolExecutor.getTask(ThreadPoolExecutor.java:1074)&#10;        at java.util.concurrent.ThreadPoolExecutor.runWorker(ThreadPoolExecutor.java:1134)&#10;        at java.util.concurrent.ThreadPoolExecutor$Worker.run(ThreadPoolExecutor.java:624)&#10;        at java.lang.Thread.run(Thread.java:748)&#10;&quot;ChunkWriter-0-0&quot; daemon prio=5 tid=5748 in Object.wait()&#10;java.lang.Thread.State: WAITING (on object monitor)&#10;        at sun.misc.Unsafe.park(Native Method)&#10;        at java.util.concurrent.locks.LockSupport.park(LockSupport.java:175)&#10;        at java.util.concurrent.locks.AbstractQueuedSynchronizer$ConditionObject.await(AbstractQueuedSynchronizer.java:2039)&#10;        at java.util.concurrent.LinkedBlockingDeque.takeFirst(LinkedBlockingDeque.java:492)&#10;        at java.util.concurrent.LinkedBlockingDeque.take(LinkedBlockingDeque.java:680)&#10;        at java.util.concurrent.ThreadPoolExecutor.getTask(ThreadPoolExecutor.java:1074)&#10;        at java.util.concurrent.ThreadPoolExecutor.runWorker(ThreadPoolExecutor.java:1134)&#10;        at java.util.concurrent.ThreadPoolExecutor$Worker.run(ThreadPoolExecutor.java:624)&#10;        at java.lang.Thread.run(Thread.java:748)&#10;&quot;IPC Server handler 19 on default port 36843&quot; daemon prio=5 tid=5467 timed_waiting&#10;java.lang.Thread.State: TIMED_WAITING&#10;        at sun.misc.Unsafe.park(Native Method)&#10;        at java.util.concurrent.locks.LockSupport.parkNanos(LockSupport.java:215)&#10;        at java.util.concurrent.locks.AbstractQueuedSynchronizer$ConditionObject.awaitNanos(AbstractQueuedSynchronizer.java:2078)&#10;        at java.util.concurrent.LinkedBlockingQueue.poll(LinkedBlockingQueue.java:467)&#10;        at org.apache.hadoop.ipc.CallQueueManager.take(CallQueueManager.java:295)&#10;        at org.apache.hadoop.ipc.Server$Handler.run(Server.java:2881)&#10;&quot;PartialTableCache Cleanup Thread - 0&quot; daemon prio=5 tid=3265 in Object.wait()&#10;java.lang.Thread.State: WAITING (on object monitor)&#10;        at sun.misc.Unsafe.park(Native Method)&#10;        at java.util.concurrent.locks.LockSupport.park(LockSupport.java:175)&#10;        at java.util.concurrent.locks.AbstractQueuedSynchronizer$ConditionObject.await(AbstractQueuedSynchronizer.java:2039)&#10;        at java.util.concurrent.LinkedBlockingQueue.take(LinkedBlockingQueue.java:442)&#10;        at java.util.concurrent.ThreadPoolExecutor.getTask(ThreadPoolExecutor.java:1074)&#10;        at java.util.concurrent.ThreadPoolExecutor.runWorker(ThreadPoolExecutor.java:1134)&#10;        at java.util.concurrent.ThreadPoolExecutor$Worker.run(ThreadPoolExecutor.java:624)&#10;        at java.lang.Thread.run(Thread.java:748)&#10;&quot;ChunkWriter-0-0&quot; daemon prio=5 tid=5754 in Object.wait()&#10;java.lang.Thread.State: WAITING (on object monitor)&#10;        at sun.misc.Unsafe.park(Native Method)&#10;        at java.util.concurrent.locks.LockSupport.park(LockSupport.java:175)&#10;        at java.util.concurrent.locks.AbstractQueuedSynchronizer$ConditionObject.await(AbstractQueuedSynchronizer.java:2039)&#10;        at java.util.concurrent.LinkedBlockingDeque.takeFirst(LinkedBlockingDeque.java:492)&#10;        at java.util.concurrent.LinkedBlockingDeque.take(LinkedBlockingDeque.java:680)&#10;        at java.util.concurrent.ThreadPoolExecutor.getTask(ThreadPoolExecutor.java:1074)&#10;        at java.util.concurrent.ThreadPoolExecutor.runWorker(ThreadPoolExecutor.java:1134)&#10;        at java.util.concurrent.ThreadPoolExecutor$Worker.run(ThreadPoolExecutor.java:624)&#10;        at java.lang.Thread.run(Thread.java:748)&#10;&quot;PartialTableCache Cleanup Thread - 0&quot; daemon prio=5 tid=5892 in Object.wait()&#10;java.lang.Thread.State: WAITING (on object monitor)&#10;        at sun.misc.Unsafe.park(Native Method)&#10;        at java.util.concurrent.locks.LockSupport.park(LockSupport.java:175)&#10;        at java.util.concurrent.locks.AbstractQueuedSynchronizer$ConditionObject.await(AbstractQueuedSynchronizer.java:2039)&#10;        at java.util.concurrent.LinkedBlockingQueue.take(LinkedBlockingQueue.java:442)&#10;        at java.util.concurrent.ThreadPoolExecutor.getTask(ThreadPoolExecutor.java:1074)&#10;        at java.util.concurrent.ThreadPoolExecutor.runWorker(ThreadPoolExecutor.java:1134)&#10;        at java.util.concurrent.ThreadPoolExecutor$Worker.run(ThreadPoolExecutor.java:624)&#10;        at java.lang.Thread.run(Thread.java:748)&#10;&quot;Periodic HDDS volume checker&quot; daemon prio=5 tid=5673 timed_waiting&#10;java.lang.Thread.State: TIMED_WAITING&#10;        at sun.misc.Unsafe.park(Native Method)&#10;        at java.util.concurrent.locks.LockSupport.parkNanos(LockSupport.java:215)&#10;        at java.util.concurrent.locks.AbstractQueuedSynchronizer$ConditionObject.awaitNanos(AbstractQueuedSynchronizer.java:2078)&#10;        at java.util.concurrent.ScheduledThreadPoolExecutor$DelayedWorkQueue.take(ScheduledThreadPoolExecutor.java:1093)&#10;        at java.util.concurrent.ScheduledThreadPoolExecutor$DelayedWorkQueue.take(ScheduledThreadPoolExecutor.java:809)&#10;        at java.util.concurrent.ThreadPoolExecutor.getTask(ThreadPoolExecutor.java:1074)&#10;        at java.util.concurrent.ThreadPoolExecutor.runWorker(ThreadPoolExecutor.java:1134)&#10;        at java.util.concurrent.ThreadPoolExecutor$Worker.run(ThreadPoolExecutor.java:624)&#10;        at java.lang.Thread.run(Thread.java:748)&#10;&quot;pool-392-thread-1&quot;  prio=5 tid=1936 timed_waiting&#10;java.lang.Thread.State: TIMED_WAITING&#10;        at sun.misc.Unsafe.park(Native Method)&#10;        at java.util.concurrent.locks.LockSupport.parkNanos(LockSupport.java:215)&#10;        at java.util.concurrent.locks.AbstractQueuedSynchronizer$ConditionObject.awaitNanos(AbstractQueuedSynchronizer.java:2078)&#10;        at java.util.concurrent.ScheduledThreadPoolExecutor$DelayedWorkQueue.take(ScheduledThreadPoolExecutor.java:1093)&#10;        at java.util.concurrent.ScheduledThreadPoolExecutor$DelayedWorkQueue.take(ScheduledThreadPoolExecutor.java:809)&#10;        at java.util.concurrent.ThreadPoolExecutor.getTask(ThreadPoolExecutor.java:1074)&#10;        at java.util.concurrent.ThreadPoolExecutor.runWorker(ThreadPoolExecutor.java:1134)&#10;        at java.util.concurrent.ThreadPoolExecutor$Worker.run(ThreadPoolExecutor.java:624)&#10;        at java.lang.Thread.run(Thread.java:748)&#10;&quot;PartialTableCache Cleanup Thread - 0&quot; daemon prio=5 tid=3275 in Object.wait()&#10;java.lang.Thread.State: WAITING (on object monitor)&#10;        at sun.misc.Unsafe.park(Native Method)&#10;        at java.util.concurrent.locks.LockSupport.park(LockSupport.java:175)&#10;        at java.util.concurrent.locks.AbstractQueuedSynchronizer$ConditionObject.await(AbstractQueuedSynchronizer.java:2039)&#10;        at java.util.concurrent.LinkedBlockingQueue.take(LinkedBlockingQueue.java:442)&#10;        at java.util.concurrent.ThreadPoolExecutor.getTask(ThreadPoolExecutor.java:1074)&#10;        at java.util.concurrent.ThreadPoolExecutor.runWorker(ThreadPoolExecutor.java:1134)&#10;        at java.util.concurrent.ThreadPoolExecutor$Worker.run(ThreadPoolExecutor.java:624)&#10;        at java.lang.Thread.run(Thread.java:748)&#10;&quot;PartialTableCache Cleanup Thread - 0&quot; daemon prio=5 tid=2722 in Object.wait()&#10;java.lang.Thread.State: WAITING (on object monitor)&#10;        at sun.misc.Unsafe.park(Native Method)&#10;        at java.util.concurrent.locks.LockSupport.park(LockSupport.java:175)&#10;        at java.util.concurrent.locks.AbstractQueuedSynchronizer$ConditionObject.await(AbstractQueuedSynchronizer.java:2039)&#10;        at java.util.concurrent.LinkedBlockingQueue.take(LinkedBlockingQueue.java:442)&#10;        at java.util.concurrent.ThreadPoolExecutor.getTask(ThreadPoolExecutor.java:1074)&#10;        at java.util.concurrent.ThreadPoolExecutor.runWorker(ThreadPoolExecutor.java:1134)&#10;        at java.util.concurrent.ThreadPoolExecutor$Worker.run(ThreadPoolExecutor.java:624)&#10;        at java.lang.Thread.run(Thread.java:748)&#10;&quot;5f570ae4-9456-445c-93e3-9355377d8e07@group-304D1CDEA4AC-StateMachineUpdater&quot; daemon prio=5 tid=5797 in Object.wait()&#10;java.lang.Thread.State: WAITING (on object monitor)&#10;        at java.lang.Object.wait(Native Method)&#10;        at java.lang.Object.wait(Object.java:502)&#10;        at org.apache.ratis.server.impl.StateMachineUpdater.waitForCommit(StateMachineUpdater.java:200)&#10;        at org.apache.ratis.server.impl.StateMachineUpdater.run(StateMachineUpdater.java:165)&#10;        at java.lang.Thread.run(Thread.java:748)&#10;&quot;PartialTableCache Cleanup Thread - 0&quot; daemon prio=5 tid=1696 in Object.wait()&#10;java.lang.Thread.State: WAITING (on object monitor)&#10;        at sun.misc.Unsafe.park(Native Method)&#10;        at java.util.concurrent.locks.LockSupport.park(LockSupport.java:175)&#10;        at java.util.concurrent.locks.AbstractQueuedSynchronizer$ConditionObject.await(AbstractQueuedSynchronizer.java:2039)&#10;        at java.util.concurrent.LinkedBlockingQueue.take(LinkedBlockingQueue.java:442)&#10;        at java.util.concurrent.ThreadPoolExecutor.getTask(ThreadPoolExecutor.java:1074)&#10;        at java.util.concurrent.ThreadPoolExecutor.runWorker(ThreadPoolExecutor.java:1134)&#10;        at java.util.concurrent.ThreadPoolExecutor$Worker.run(ThreadPoolExecutor.java:624)&#10;        at java.lang.Thread.run(Thread.java:748)&#10;&quot;pool-1082-thread-1&quot;  prio=5 tid=5522 in Object.wait()&#10;java.lang.Thread.State: WAITING (on object monitor)&#10;        at sun.misc.Unsafe.park(Native Method)&#10;        at java.util.concurrent.locks.LockSupport.park(LockSupport.java:175)&#10;        at java.util.concurrent.locks.AbstractQueuedSynchronizer$ConditionObject.await(AbstractQueuedSynchronizer.java:2039)&#10;        at java.util.concurrent.LinkedBlockingQueue.take(LinkedBlockingQueue.java:442)&#10;        at java.util.concurrent.ThreadPoolExecutor.getTask(ThreadPoolExecutor.java:1074)&#10;        at java.util.concurrent.ThreadPoolExecutor.runWorker(ThreadPoolExecutor.java:1134)&#10;        at java.util.concurrent.ThreadPoolExecutor$Worker.run(ThreadPoolExecutor.java:624)&#10;        at java.lang.Thread.run(Thread.java:748)&#10;&quot;IPC Server listener on 11866&quot; daemon prio=5 tid=6624 runnable&#10;java.lang.Thread.State: RUNNABLE&#10;        at sun.nio.ch.EPollArrayWrapper.epollWait(Native Method)&#10;        at sun.nio.ch.EPollArrayWrapper.poll(EPollArrayWrapper.java:269)&#10;        at sun.nio.ch.EPollSelectorImpl.doSelect(EPollSelectorImpl.java:93)&#10;        at sun.nio.ch.SelectorImpl.lockAndDoSelect(SelectorImpl.java:86)&#10;        at sun.nio.ch.SelectorImpl.select(SelectorImpl.java:97)&#10;        at sun.nio.ch.SelectorImpl.select(SelectorImpl.java:101)&#10;        at org.apache.hadoop.ipc.Server$Listener.run(Server.java:1304)&#10;&quot;PartialTableCache Cleanup Thread - 0&quot; daemon prio=5 tid=4237 in Object.wait()&#10;java.lang.Thread.State: WAITING (on object monitor)&#10;        at sun.misc.Unsafe.park(Native Method)&#10;        at java.util.concurrent.locks.LockSupport.park(LockSupport.java:175)&#10;        at java.util.concurrent.locks.AbstractQueuedSynchronizer$ConditionObject.await(AbstractQueuedSynchronizer.java:2039)&#10;        at java.util.concurrent.LinkedBlockingQueue.take(LinkedBlockingQueue.java:442)&#10;        at java.util.concurrent.ThreadPoolExecutor.getTask(ThreadPoolExecutor.java:1074)&#10;        at java.util.concurrent.ThreadPoolExecutor.runWorker(ThreadPoolExecutor.java:1134)&#10;        at java.util.concurrent.ThreadPoolExecutor$Worker.run(ThreadPoolExecutor.java:624)&#10;        at java.lang.Thread.run(Thread.java:748)&#10;&quot;qtp880433415-5712&quot; daemon prio=5 tid=5712 timed_waiting&#10;java.lang.Thread.State: TIMED_WAITING&#10;        at sun.misc.Unsafe.park(Native Method)&#10;        at java.util.concurrent.locks.LockSupport.parkNanos(LockSupport.java:215)&#10;        at java.util.concurrent.locks.AbstractQueuedSynchronizer$ConditionObject.awaitNanos(AbstractQueuedSynchronizer.java:2078)&#10;        at org.eclipse.jetty.util.BlockingArrayQueue.poll(BlockingArrayQueue.java:382)&#10;        at org.eclipse.jetty.util.thread.QueuedThreadPool$Runner.idleJobPoll(QueuedThreadPool.java:875)&#10;        at org.eclipse.jetty.util.thread.QueuedThreadPool$Runner.run(QueuedThreadPool.java:925)&#10;        at java.lang.Thread.run(Thread.java:748)&#10;&quot;IPC Server handler 15 on default port 11860&quot; daemon prio=5 tid=5550 timed_waiting&#10;java.lang.Thread.State: TIMED_WAITING&#10;        at sun.misc.Unsafe.park(Native Method)&#10;        at java.util.concurrent.locks.LockSupport.parkNanos(LockSupport.java:215)&#10;        at java.util.concurrent.locks.AbstractQueuedSynchronizer$ConditionObject.awaitNanos(AbstractQueuedSynchronizer.java:2078)&#10;        at java.util.concurrent.LinkedBlockingQueue.poll(LinkedBlockingQueue.java:467)&#10;        at org.apache.hadoop.ipc.CallQueueManager.take(CallQueueManager.java:295)&#10;        at org.apache.hadoop.ipc.Server$Handler.run(Server.java:2881)&#10;&quot;qtp187225922-5511&quot; daemon prio=5 tid=5511 timed_waiting&#10;java.lang.Thread.State: TIMED_WAITING&#10;        at sun.misc.Unsafe.park(Native Method)&#10;        at java.util.concurrent.locks.LockSupport.parkNanos(LockSupport.java:215)&#10;        at java.util.concurrent.locks.AbstractQueuedSynchronizer$ConditionObject.awaitNanos(AbstractQueuedSynchronizer.java:2078)&#10;        at org.eclipse.jetty.util.BlockingArrayQueue.poll(BlockingArrayQueue.java:382)&#10;        at org.eclipse.jetty.util.thread.QueuedThreadPool$Runner.idleJobPoll(QueuedThreadPool.java:875)&#10;        at org.eclipse.jetty.util.thread.QueuedThreadPool$Runner.run(QueuedThreadPool.java:925)&#10;        at java.lang.Thread.run(Thread.java:748)&#10;&quot;qtp1336084858-5558&quot; daemon prio=5 tid=5558 timed_waiting&#10;java.lang.Thread.State: TIMED_WAITING&#10;        at sun.misc.Unsafe.park(Native Method)&#10;        at java.util.concurrent.locks.LockSupport.parkNanos(LockSupport.java:215)&#10;        at java.util.concurrent.locks.AbstractQueuedSynchronizer$ConditionObject.awaitNanos(AbstractQueuedSynchronizer.java:2078)&#10;        at org.eclipse.jetty.util.BlockingArrayQueue.poll(BlockingArrayQueue.java:382)&#10;        at org.eclipse.jetty.util.thread.QueuedThreadPool$Runner.idleJobPoll(QueuedThreadPool.java:875)&#10;        at org.eclipse.jetty.util.thread.QueuedThreadPool$Runner.run(QueuedThreadPool.java:925)&#10;        at java.lang.Thread.run(Thread.java:748)&#10;&quot;IPC Server idle connection scanner for port 11866&quot; daemon prio=5 tid=6626 timed_waiting&#10;java.lang.Thread.State: TIMED_WAITING&#10;        at java.lang.Object.wait(Native Method)&#10;        at java.util.TimerThread.mainLoop(Timer.java:552)&#10;        at java.util.TimerThread.run(Timer.java:505)&#10;&quot;PartialTableCache Cleanup Thread - 0&quot; daemon prio=5 tid=992 in Object.wait()&#10;java.lang.Thread.State: WAITING (on object monitor)&#10;        at sun.misc.Unsafe.park(Native Method)&#10;        at java.util.concurrent.locks.LockSupport.park(LockSupport.java:175)&#10;        at java.util.concurrent.locks.AbstractQueuedSynchronizer$ConditionObject.await(AbstractQueuedSynchronizer.java:2039)&#10;        at java.util.concurrent.LinkedBlockingQueue.take(LinkedBlockingQueue.java:442)&#10;        at java.util.concurrent.ThreadPoolExecutor.getTask(ThreadPoolExecutor.java:1074)&#10;        at java.util.concurrent.ThreadPoolExecutor.runWorker(ThreadPoolExecutor.java:1134)&#10;        at java.util.concurrent.ThreadPoolExecutor$Worker.run(ThreadPoolExecutor.java:624)&#10;        at java.lang.Thread.run(Thread.java:748)&#10;&quot;IPC Server handler 12 on default port 41453&quot; daemon prio=5 tid=5500 timed_waiting&#10;java.lang.Thread.State: TIMED_WAITING&#10;        at sun.misc.Unsafe.park(Native Method)&#10;        at java.util.concurrent.locks.LockSupport.parkNanos(LockSupport.java:215)&#10;        at java.util.concurrent.locks.AbstractQueuedSynchronizer$ConditionObject.awaitNanos(AbstractQueuedSynchronizer.java:2078)&#10;        at java.util.concurrent.LinkedBlockingQueue.poll(LinkedBlockingQueue.java:467)&#10;        at org.apache.hadoop.ipc.CallQueueManager.take(CallQueueManager.java:295)&#10;        at org.apache.hadoop.ipc.Server$Handler.run(Server.java:2881)&#10;&quot;IPC Server handler 3 on default port 11866&quot; daemon prio=5 tid=6631 timed_waiting&#10;java.lang.Thread.State: TIMED_WAITING&#10;        at sun.misc.Unsafe.park(Native Method)&#10;        at java.util.concurrent.locks.LockSupport.parkNanos(LockSupport.java:215)&#10;        at java.util.concurrent.locks.AbstractQueuedSynchronizer$ConditionObject.awaitNanos(AbstractQueuedSynchronizer.java:2078)&#10;        at java.util.concurrent.LinkedBlockingQueue.poll(LinkedBlockingQueue.java:467)&#10;        at org.apache.hadoop.ipc.CallQueueManager.take(CallQueueManager.java:295)&#10;        at org.apache.hadoop.ipc.Server$Handler.run(Server.java:2881)&#10;&quot;ChunkWriter-1-0&quot; daemon prio=5 tid=5749 in Object.wait()&#10;java.lang.Thread.State: WAITING (on object monitor)&#10;        at sun.misc.Unsafe.park(Native Method)&#10;        at java.util.concurrent.locks.LockSupport.park(LockSupport.java:175)&#10;        at java.util.concurrent.locks.AbstractQueuedSynchronizer$ConditionObject.await(AbstractQueuedSynchronizer.java:2039)&#10;        at java.util.concurrent.LinkedBlockingDeque.takeFirst(LinkedBlockingDeque.java:492)&#10;        at java.util.concurrent.LinkedBlockingDeque.take(LinkedBlockingDeque.java:680)&#10;        at java.util.concurrent.ThreadPoolExecutor.getTask(ThreadPoolExecutor.java:1074)&#10;        at java.util.concurrent.ThreadPoolExecutor.runWorker(ThreadPoolExecutor.java:1134)&#10;        at java.util.concurrent.ThreadPoolExecutor$Worker.run(ThreadPoolExecutor.java:624)&#10;        at java.lang.Thread.run(Thread.java:748)&#10;&quot;qtp1336084858-5563&quot; daemon prio=5 tid=5563 timed_waiting&#10;java.lang.Thread.State: TIMED_WAITING&#10;        at sun.misc.Unsafe.park(Native Method)&#10;        at java.util.concurrent.locks.LockSupport.parkNanos(LockSupport.java:215)&#10;        at java.util.concurrent.locks.AbstractQueuedSynchronizer$ConditionObject.awaitNanos(AbstractQueuedSynchronizer.java:2078)&#10;        at org.eclipse.jetty.util.BlockingArrayQueue.poll(BlockingArrayQueue.java:382)&#10;        at org.eclipse.jetty.util.thread.QueuedThreadPool$Runner.idleJobPoll(QueuedThreadPool.java:875)&#10;        at org.eclipse.jetty.util.thread.QueuedThreadPool$Runner.run(QueuedThreadPool.java:925)&#10;        at java.lang.Thread.run(Thread.java:748)&#10;&quot;qtp1650455680-5687&quot; daemon prio=5 tid=5687 timed_waiting&#10;java.lang.Thread.State: TIMED_WAITING&#10;        at sun.misc.Unsafe.park(Native Method)&#10;        at java.util.concurrent.locks.LockSupport.parkNanos(LockSupport.java:215)&#10;        at java.util.concurrent.locks.AbstractQueuedSynchronizer$ConditionObject.awaitNanos(AbstractQueuedSynchronizer.java:2078)&#10;        at org.eclipse.jetty.util.BlockingArrayQueue.poll(BlockingArrayQueue.java:382)&#10;        at org.eclipse.jetty.util.thread.QueuedThreadPool$Runner.idleJobPoll(QueuedThreadPool.java:875)&#10;        at org.eclipse.jetty.util.thread.QueuedThreadPool$Runner.run(QueuedThreadPool.java:925)&#10;        at java.lang.Thread.run(Thread.java:748)&#10;&quot;IPC Server handler 14 on default port 11866&quot; daemon prio=5 tid=6642 timed_waiting&#10;java.lang.Thread.State: TIMED_WAITING&#10;        at sun.misc.Unsafe.park(Native Method)&#10;        at java.util.concurrent.locks.LockSupport.parkNanos(LockSupport.java:215)&#10;        at java.util.concurrent.locks.AbstractQueuedSynchronizer$ConditionObject.awaitNanos(AbstractQueuedSynchronizer.java:2078)&#10;        at java.util.concurrent.LinkedBlockingQueue.poll(LinkedBlockingQueue.java:467)&#10;        at org.apache.hadoop.ipc.CallQueueManager.take(CallQueueManager.java:295)&#10;        at org.apache.hadoop.ipc.Server$Handler.run(Server.java:2881)&#10;&quot;qtp1622107655-5666&quot; daemon prio=5 tid=5666 timed_waiting&#10;java.lang.Thread.State: TIMED_WAITING&#10;        at sun.misc.Unsafe.park(Native Method)&#10;        at java.util.concurrent.locks.LockSupport.parkNanos(LockSupport.java:215)&#10;        at java.util.concurrent.locks.AbstractQueuedSynchronizer$ConditionObject.awaitNanos(AbstractQueuedSynchronizer.java:2078)&#10;        at org.eclipse.jetty.util.BlockingArrayQueue.poll(BlockingArrayQueue.java:382)&#10;        at org.eclipse.jetty.util.thread.QueuedThreadPool$Runner.idleJobPoll(QueuedThreadPool.java:875)&#10;        at org.eclipse.jetty.util.thread.QueuedThreadPool$Runner.run(QueuedThreadPool.java:925)&#10;        at java.lang.Thread.run(Thread.java:748)&#10;&quot;IPC Server handler 15 on default port 11866&quot; daemon prio=5 tid=6643 timed_waiting&#10;java.lang.Thread.State: TIMED_WAITING&#10;        at sun.misc.Unsafe.park(Native Method)&#10;        at java.util.concurrent.locks.LockSupport.parkNanos(LockSupport.java:215)&#10;        at java.util.concurrent.locks.AbstractQueuedSynchronizer$ConditionObject.awaitNanos(AbstractQueuedSynchronizer.java:2078)&#10;        at java.util.concurrent.LinkedBlockingQueue.poll(LinkedBlockingQueue.java:467)&#10;        at org.apache.hadoop.ipc.CallQueueManager.take(CallQueueManager.java:295)&#10;        at org.apache.hadoop.ipc.Server$Handler.run(Server.java:2881)&#10;&quot;qtp1903785634-5649&quot; daemon prio=5 tid=5649 timed_waiting&#10;java.lang.Thread.State: TIMED_WAITING&#10;        at sun.misc.Unsafe.park(Native Method)&#10;        at java.util.concurrent.locks.LockSupport.parkNanos(LockSupport.java:215)&#10;        at java.util.concurrent.locks.AbstractQueuedSynchronizer$ConditionObject.awaitNanos(AbstractQueuedSynchronizer.java:2078)&#10;        at org.eclipse.jetty.util.BlockingArrayQueue.poll(BlockingArrayQueue.java:382)&#10;        at org.eclipse.jetty.util.thread.QueuedThreadPool$Runner.idleJobPoll(QueuedThreadPool.java:875)&#10;        at org.eclipse.jetty.util.thread.QueuedThreadPool$Runner.run(QueuedThreadPool.java:925)&#10;        at java.lang.Thread.run(Thread.java:748)&#10;&quot;pool-997-thread-1&quot;  prio=5 tid=5060 timed_waiting&#10;java.lang.Thread.State: TIMED_WAITING&#10;        at sun.misc.Unsafe.park(Native Method)&#10;        at java.util.concurrent.locks.LockSupport.parkNanos(LockSupport.java:215)&#10;        at java.util.concurrent.locks.AbstractQueuedSynchronizer$ConditionObject.awaitNanos(AbstractQueuedSynchronizer.java:2078)&#10;        at java.util.concurrent.ScheduledThreadPoolExecutor$DelayedWorkQueue.take(ScheduledThreadPoolExecutor.java:1093)&#10;        at java.util.concurrent.ScheduledThreadPoolExecutor$DelayedWorkQueue.take(ScheduledThreadPoolExecutor.java:809)&#10;        at java.util.concurrent.ThreadPoolExecutor.getTask(ThreadPoolExecutor.java:1074)&#10;        at java.util.concurrent.ThreadPoolExecutor.runWorker(ThreadPoolExecutor.java:1134)&#10;        at java.util.concurrent.ThreadPoolExecutor$Worker.run(ThreadPoolExecutor.java:624)&#10;        at java.lang.Thread.run(Thread.java:748)&#10;&quot;IPC Server handler 11 on default port 11860&quot; daemon prio=5 tid=5546 timed_waiting&#10;java.lang.Thread.State: TIMED_WAITING&#10;        at sun.misc.Unsafe.park(Native Method)&#10;        at java.util.concurrent.locks.LockSupport.parkNanos(LockSupport.java:215)&#10;        at java.util.concurrent.locks.AbstractQueuedSynchronizer$ConditionObject.awaitNanos(AbstractQueuedSynchronizer.java:2078)&#10;        at java.util.concurrent.LinkedBlockingQueue.poll(LinkedBlockingQueue.java:467)&#10;        at org.apache.hadoop.ipc.CallQueueManager.take(CallQueueManager.java:295)&#10;        at org.apache.hadoop.ipc.Server$Handler.run(Server.java:2881)&#10;&quot;PartialTableCache Cleanup Thread - 0&quot; daemon prio=5 tid=3771 in Object.wait()&#10;java.lang.Thread.State: WAITING (on object monitor)&#10;        at sun.misc.Unsafe.park(Native Method)&#10;        at java.util.concurrent.locks.LockSupport.park(LockSupport.java:175)&#10;        at java.util.concurrent.locks.AbstractQueuedSynchronizer$ConditionObject.await(AbstractQueuedSynchronizer.java:2039)&#10;        at java.util.concurrent.LinkedBlockingQueue.take(LinkedBlockingQueue.java:442)&#10;        at java.util.concurrent.ThreadPoolExecutor.getTask(ThreadPoolExecutor.java:1074)&#10;        at java.util.concurrent.ThreadPoolExecutor.runWorker(ThreadPoolExecutor.java:1134)&#10;        at java.util.concurrent.ThreadPoolExecutor$Worker.run(ThreadPoolExecutor.java:624)&#10;        at java.lang.Thread.run(Thread.java:748)&#10;&quot;ChunkWriter-1-0&quot; daemon prio=5 tid=5755 in Object.wait()&#10;java.lang.Thread.State: WAITING (on object monitor)&#10;        at sun.misc.Unsafe.park(Native Method)&#10;        at java.util.concurrent.locks.LockSupport.park(LockSupport.java:175)&#10;        at java.util.concurrent.locks.AbstractQueuedSynchronizer$ConditionObject.await(AbstractQueuedSynchronizer.java:2039)&#10;        at java.util.concurrent.LinkedBlockingDeque.takeFirst(LinkedBlockingDeque.java:492)&#10;        at java.util.concurrent.LinkedBlockingDeque.take(LinkedBlockingDeque.java:680)&#10;        at java.util.concurrent.ThreadPoolExecutor.getTask(ThreadPoolExecutor.java:1074)&#10;        at java.util.concurrent.ThreadPoolExecutor.runWorker(ThreadPoolExecutor.java:1134)&#10;        at java.util.concurrent.ThreadPoolExecutor$Worker.run(ThreadPoolExecutor.java:624)&#10;        at java.lang.Thread.run(Thread.java:748)&#10;&quot;PartialTableCache Cleanup Thread - 0&quot; daemon prio=5 tid=2247 in Object.wait()&#10;java.lang.Thread.State: WAITING (on object monitor)&#10;        at sun.misc.Unsafe.park(Native Method)&#10;        at java.util.concurrent.locks.LockSupport.park(LockSupport.java:175)&#10;        at java.util.concurrent.locks.AbstractQueuedSynchronizer$ConditionObject.await(AbstractQueuedSynchronizer.java:2039)&#10;        at java.util.concurrent.LinkedBlockingQueue.take(LinkedBlockingQueue.java:442)&#10;        at java.util.concurrent.ThreadPoolExecutor.getTask(ThreadPoolExecutor.java:1074)&#10;        at java.util.concurrent.ThreadPoolExecutor.runWorker(ThreadPoolExecutor.java:1134)&#10;        at java.util.concurrent.ThreadPoolExecutor$Worker.run(ThreadPoolExecutor.java:624)&#10;        at java.lang.Thread.run(Thread.java:748)&#10;&quot;pool-1119-thread-1&quot; daemon prio=5 tid=5659 timed_waiting&#10;java.lang.Thread.State: TIMED_WAITING&#10;        at sun.misc.Unsafe.park(Native Method)&#10;        at java.util.concurrent.locks.LockSupport.parkNanos(LockSupport.java:215)&#10;        at java.util.concurrent.locks.AbstractQueuedSynchronizer$ConditionObject.awaitNanos(AbstractQueuedSynchronizer.java:2078)&#10;        at java.util.concurrent.ScheduledThreadPoolExecutor$DelayedWorkQueue.take(ScheduledThreadPoolExecutor.java:1093)&#10;        at java.util.concurrent.ScheduledThreadPoolExecutor$DelayedWorkQueue.take(ScheduledThreadPoolExecutor.java:809)&#10;        at java.util.concurrent.ThreadPoolExecutor.getTask(ThreadPoolExecutor.java:1074)&#10;        at java.util.concurrent.ThreadPoolExecutor.runWorker(ThreadPoolExecutor.java:1134)&#10;        at java.util.concurrent.ThreadPoolExecutor$Worker.run(ThreadPoolExecutor.java:624)&#10;        at java.lang.Thread.run(Thread.java:748)&#10;&quot;qtp675242275-6656&quot; daemon prio=5 tid=6656 timed_waiting&#10;java.lang.Thread.State: TIMED_WAITING&#10;        at sun.misc.Unsafe.park(Native Method)&#10;        at java.util.concurrent.locks.LockSupport.parkNanos(LockSupport.java:215)&#10;        at java.util.concurrent.locks.AbstractQueuedSynchronizer$ConditionObject.awaitNanos(AbstractQueuedSynchronizer.java:2078)&#10;        at org.eclipse.jetty.util.BlockingArrayQueue.poll(BlockingArrayQueue.java:382)&#10;        at org.eclipse.jetty.util.thread.QueuedThreadPool$Runner.idleJobPoll(QueuedThreadPool.java:875)&#10;        at org.eclipse.jetty.util.thread.QueuedThreadPool$Runner.run(QueuedThreadPool.java:925)&#10;        at java.lang.Thread.run(Thread.java:748)&#10;&quot;IPC Server handler 6 on default port 11860&quot; daemon prio=5 tid=5541 timed_waiting&#10;java.lang.Thread.State: TIMED_WAITING&#10;        at sun.misc.Unsafe.park(Native Method)&#10;        at java.util.concurrent.locks.LockSupport.parkNanos(LockSupport.java:215)&#10;        at java.util.concurrent.locks.AbstractQueuedSynchronizer$ConditionObject.awaitNanos(AbstractQueuedSynchronizer.java:2078)&#10;        at java.util.concurrent.LinkedBlockingQueue.poll(LinkedBlockingQueue.java:467)&#10;        at org.apache.hadoop.ipc.CallQueueManager.take(CallQueueManager.java:295)&#10;        at org.apache.hadoop.ipc.Server$Handler.run(Server.java:2881)&#10;&quot;PartialTableCache Cleanup Thread - 0&quot; daemon prio=5 tid=4805 in Object.wait()&#10;java.lang.Thread.State: WAITING (on object monitor)&#10;        at sun.misc.Unsafe.park(Native Method)&#10;        at java.util.concurrent.locks.LockSupport.park(LockSupport.java:175)&#10;        at java.util.concurrent.locks.AbstractQueuedSynchronizer$ConditionObject.await(AbstractQueuedSynchronizer.java:2039)&#10;        at java.util.concurrent.LinkedBlockingQueue.take(LinkedBlockingQueue.java:442)&#10;        at java.util.concurrent.ThreadPoolExecutor.getTask(ThreadPoolExecutor.java:1074)&#10;        at java.util.concurrent.ThreadPoolExecutor.runWorker(ThreadPoolExecutor.java:1134)&#10;        at java.util.concurrent.ThreadPoolExecutor$Worker.run(ThreadPoolExecutor.java:624)&#10;        at java.lang.Thread.run(Thread.java:748)&#10;&quot;IPC Server handler 18 on default port 41453&quot; daemon prio=5 tid=5506 timed_waiting&#10;java.lang.Thread.State: TIMED_WAITING&#10;        at sun.misc.Unsafe.park(Native Method)&#10;        at java.util.concurrent.locks.LockSupport.parkNanos(LockSupport.java:215)&#10;        at java.util.concurrent.locks.AbstractQueuedSynchronizer$ConditionObject.awaitNanos(AbstractQueuedSynchronizer.java:2078)&#10;        at java.util.concurrent.LinkedBlockingQueue.poll(LinkedBlockingQueue.java:467)&#10;        at org.apache.hadoop.ipc.CallQueueManager.take(CallQueueManager.java:295)&#10;        at org.apache.hadoop.ipc.Server$Handler.run(Server.java:2881)&#10;&quot;PartialTableCache Cleanup Thread - 0&quot; daemon prio=5 tid=1679 in Object.wait()&#10;java.lang.Thread.State: WAITING (on object monitor)&#10;        at sun.misc.Unsafe.park(Native Method)&#10;        at java.util.concurrent.locks.LockSupport.park(LockSupport.java:175)&#10;        at java.util.concurrent.locks.AbstractQueuedSynchronizer$ConditionObject.await(AbstractQueuedSynchronizer.java:2039)&#10;        at java.util.concurrent.LinkedBlockingQueue.take(LinkedBlockingQueue.java:442)&#10;        at java.util.concurrent.ThreadPoolExecutor.getTask(ThreadPoolExecutor.java:1074)&#10;        at java.util.concurrent.ThreadPoolExecutor.runWorker(ThreadPoolExecutor.java:1134)&#10;        at java.util.concurrent.ThreadPoolExecutor$Worker.run(ThreadPoolExecutor.java:624)&#10;        at java.lang.Thread.run(Thread.java:748)&#10;&quot;KeyDeletingService#0&quot; daemon prio=5 tid=5622 timed_waiting&#10;java.lang.Thread.State: TIMED_WAITING&#10;        at sun.misc.Unsafe.park(Native Method)&#10;        at java.util.concurrent.locks.LockSupport.parkNanos(LockSupport.java:215)&#10;        at java.util.concurrent.locks.AbstractQueuedSynchronizer$ConditionObject.awaitNanos(AbstractQueuedSynchronizer.java:2078)&#10;        at java.util.concurrent.ScheduledThreadPoolExecutor$DelayedWorkQueue.take(ScheduledThreadPoolExecutor.java:1093)&#10;        at java.util.concurrent.ScheduledThreadPoolExecutor$DelayedWorkQueue.take(ScheduledThreadPoolExecutor.java:809)&#10;        at java.util.concurrent.ThreadPoolExecutor.getTask(ThreadPoolExecutor.java:1074)&#10;        at java.util.concurrent.ThreadPoolExecutor.runWorker(ThreadPoolExecutor.java:1134)&#10;        at java.util.concurrent.ThreadPoolExecutor$Worker.run(ThreadPoolExecutor.java:624)&#10;        at java.lang.Thread.run(Thread.java:748)&#10;&quot;pool-162-thread-1&quot;  prio=5 tid=723 timed_waiting&#10;java.lang.Thread.State: TIMED_WAITING&#10;        at sun.misc.Unsafe.park(Native Method)&#10;        at java.util.concurrent.locks.LockSupport.parkNanos(LockSupport.java:215)&#10;        at java.util.concurrent.locks.AbstractQueuedSynchronizer$ConditionObject.awaitNanos(AbstractQueuedSynchronizer.java:2078)&#10;        at java.util.concurrent.ScheduledThreadPoolExecutor$DelayedWorkQueue.take(ScheduledThreadPoolExecutor.java:1093)&#10;        at java.util.concurrent.ScheduledThreadPoolExecutor$DelayedWorkQueue.take(ScheduledThreadPoolExecutor.java:809)&#10;        at java.util.concurrent.ThreadPoolExecutor.getTask(ThreadPoolExecutor.java:1074)&#10;        at java.util.concurrent.ThreadPoolExecutor.runWorker(ThreadPoolExecutor.java:1134)&#10;        at java.util.concurrent.ThreadPoolExecutor$Worker.run(ThreadPoolExecutor.java:624)&#10;        at java.lang.Thread.run(Thread.java:748)&#10;&quot;org.apache.hadoop.util.JvmPauseMonitor$Monitor@5af250f9&quot; daemon prio=5 tid=5655 timed_waiting&#10;java.lang.Thread.State: TIMED_WAITING&#10;        at java.lang.Thread.sleep(Native Method)&#10;        at org.apache.hadoop.util.JvmPauseMonitor$Monitor.run(JvmPauseMonitor.java:192)&#10;        at java.lang.Thread.run(Thread.java:748)&#10;&quot;IPC Server handler 4 on default port 45819&quot; daemon prio=5 tid=5472 timed_waiting&#10;java.lang.Thread.State: TIMED_WAITING&#10;        at sun.misc.Unsafe.park(Native Method)&#10;        at java.util.concurrent.locks.LockSupport.parkNanos(LockSupport.java:215)&#10;        at java.util.concurrent.locks.AbstractQueuedSynchronizer$ConditionObject.awaitNanos(AbstractQueuedSynchronizer.java:2078)&#10;        at java.util.concurrent.LinkedBlockingQueue.poll(LinkedBlockingQueue.java:467)&#10;        at org.apache.hadoop.ipc.CallQueueManager.take(CallQueueManager.java:295)&#10;        at org.apache.hadoop.ipc.Server$Handler.run(Server.java:2881)&#10;&quot;BlockDeletingService#3&quot; daemon prio=5 tid=7265 in Object.wait()&#10;java.lang.Thread.State: WAITING (on object monitor)&#10;        at sun.misc.Unsafe.park(Native Method)&#10;        at java.util.concurrent.locks.LockSupport.park(LockSupport.java:175)&#10;        at java.util.concurrent.locks.AbstractQueuedSynchronizer$ConditionObject.await(AbstractQueuedSynchronizer.java:2039)&#10;        at java.util.concurrent.ScheduledThreadPoolExecutor$DelayedWorkQueue.take(ScheduledThreadPoolExecutor.java:1088)&#10;        at java.util.concurrent.ScheduledThreadPoolExecutor$DelayedWorkQueue.take(ScheduledThreadPoolExecutor.java:809)&#10;        at java.util.concurrent.ThreadPoolExecutor.getTask(ThreadPoolExecutor.java:1074)&#10;        at java.util.concurrent.ThreadPoolExecutor.runWorker(ThreadPoolExecutor.java:1134)&#10;        at java.util.concurrent.ThreadPoolExecutor$Worker.run(ThreadPoolExecutor.java:624)&#10;        at java.lang.Thread.run(Thread.java:748)&#10;&quot;pool-803-thread-1&quot;  prio=5 tid=3979 timed_waiting&#10;java.lang.Thread.State: TIMED_WAITING&#10;        at sun.misc.Unsafe.park(Native Method)&#10;        at java.util.concurrent.locks.LockSupport.parkNanos(LockSupport.java:215)&#10;        at java.util.concurrent.locks.AbstractQueuedSynchronizer$ConditionObject.awaitNanos(AbstractQueuedSynchronizer.java:2078)&#10;        at java.util.concurrent.ScheduledThreadPoolExecutor$DelayedWorkQueue.take(ScheduledThreadPoolExecutor.java:1093)&#10;        at java.util.concurrent.ScheduledThreadPoolExecutor$DelayedWorkQueue.take(ScheduledThreadPoolExecutor.java:809)&#10;        at java.util.concurrent.ThreadPoolExecutor.getTask(ThreadPoolExecutor.java:1074)&#10;        at java.util.concurrent.ThreadPoolExecutor.runWorker(ThreadPoolExecutor.java:1134)&#10;        at java.util.concurrent.ThreadPoolExecutor$Worker.run(ThreadPoolExecutor.java:624)&#10;        at java.lang.Thread.run(Thread.java:748)&#10;&quot;IPC Server handler 13 on default port 11860&quot; daemon prio=5 tid=5548 timed_waiting&#10;java.lang.Thread.State: TIMED_WAITING&#10;        at sun.misc.Unsafe.park(Native Method)&#10;        at java.util.concurrent.locks.LockSupport.parkNanos(LockSupport.java:215)&#10;        at java.util.concurrent.locks.AbstractQueuedSynchronizer$ConditionObject.awaitNanos(AbstractQueuedSynchronizer.java:2078)&#10;        at java.util.concurrent.LinkedBlockingQueue.poll(LinkedBlockingQueue.java:467)&#10;        at org.apache.hadoop.ipc.CallQueueManager.take(CallQueueManager.java:295)&#10;        at org.apache.hadoop.ipc.Server$Handler.run(Server.java:2881)&#10;&quot;qtp675242275-6653&quot; daemon prio=5 tid=6653 timed_waiting&#10;java.lang.Thread.State: TIMED_WAITING&#10;        at sun.misc.Unsafe.park(Native Method)&#10;        at java.util.concurrent.locks.LockSupport.parkNanos(LockSupport.java:215)&#10;        at java.util.concurrent.locks.AbstractQueuedSynchronizer$ConditionObject.awaitNanos(AbstractQueuedSynchronizer.java:2078)&#10;        at org.eclipse.jetty.util.BlockingArrayQueue.poll(BlockingArrayQueue.java:382)&#10;        at org.eclipse.jetty.util.thread.QueuedThreadPool$Runner.idleJobPoll(QueuedThreadPool.java:875)&#10;        at org.eclipse.jetty.util.thread.QueuedThreadPool$Runner.run(QueuedThreadPool.java:925)&#10;        at java.lang.Thread.run(Thread.java:748)&#10;&quot;IPC Server handler 13 on default port 45819&quot; daemon prio=5 tid=5481 timed_waiting&#10;java.lang.Thread.State: TIMED_WAITING&#10;        at sun.misc.Unsafe.park(Native Method)&#10;        at java.util.concurrent.locks.LockSupport.parkNanos(LockSupport.java:215)&#10;        at java.util.concurrent.locks.AbstractQueuedSynchronizer$ConditionObject.awaitNanos(AbstractQueuedSynchronizer.java:2078)&#10;        at java.util.concurrent.LinkedBlockingQueue.poll(LinkedBlockingQueue.java:467)&#10;        at org.apache.hadoop.ipc.CallQueueManager.take(CallQueueManager.java:295)&#10;        at org.apache.hadoop.ipc.Server$Handler.run(Server.java:2881)&#10;&quot;pool-771-thread-1&quot;  prio=5 tid=3889 timed_waiting&#10;java.lang.Thread.State: TIMED_WAITING&#10;        at sun.misc.Unsafe.park(Native Method)&#10;        at java.util.concurrent.locks.LockSupport.parkNanos(LockSupport.java:215)&#10;        at java.util.concurrent.locks.AbstractQueuedSynchronizer$ConditionObject.awaitNanos(AbstractQueuedSynchronizer.java:2078)&#10;        at java.util.concurrent.ScheduledThreadPoolExecutor$DelayedWorkQueue.take(ScheduledThreadPoolExecutor.java:1093)&#10;        at java.util.concurrent.ScheduledThreadPoolExecutor$DelayedWorkQueue.take(ScheduledThreadPoolExecutor.java:809)&#10;        at java.util.concurrent.ThreadPoolExecutor.getTask(ThreadPoolExecutor.java:1074)&#10;        at java.util.concurrent.ThreadPoolExecutor.runWorker(ThreadPoolExecutor.java:1134)&#10;        at java.util.concurrent.ThreadPoolExecutor$Worker.run(ThreadPoolExecutor.java:624)&#10;        at java.lang.Thread.run(Thread.java:748)&#10;&quot;RatisPipelineUtilsThread&quot;  prio=5 tid=5428 timed_waiting&#10;java.lang.Thread.State: TIMED_WAITING&#10;        at sun.misc.Unsafe.park(Native Method)&#10;        at java.util.concurrent.locks.LockSupport.parkNanos(LockSupport.java:215)&#10;        at java.util.concurrent.locks.AbstractQueuedSynchronizer$ConditionObject.awaitNanos(AbstractQueuedSynchronizer.java:2078)&#10;        at java.util.concurrent.ScheduledThreadPoolExecutor$DelayedWorkQueue.take(ScheduledThreadPoolExecutor.java:1093)&#10;        at java.util.concurrent.ScheduledThreadPoolExecutor$DelayedWorkQueue.take(ScheduledThreadPoolExecutor.java:809)&#10;        at java.util.concurrent.ThreadPoolExecutor.getTask(ThreadPoolExecutor.java:1074)&#10;        at java.util.concurrent.ThreadPoolExecutor.runWorker(ThreadPoolExecutor.java:1134)&#10;        at java.util.concurrent.ThreadPoolExecutor$Worker.run(ThreadPoolExecutor.java:624)&#10;        at java.lang.Thread.run(Thread.java:748)&#10;&quot;pool-478-thread-1&quot;  prio=5 tid=2406 timed_waiting&#10;java.lang.Thread.State: TIMED_WAITING&#10;        at sun.misc.Unsafe.park(Native Method)&#10;        at java.util.concurrent.locks.LockSupport.parkNanos(LockSupport.java:215)&#10;        at java.util.concurrent.locks.AbstractQueuedSynchronizer$ConditionObject.awaitNanos(AbstractQueuedSynchronizer.java:2078)&#10;        at java.util.concurrent.ScheduledThreadPoolExecutor$DelayedWorkQueue.take(ScheduledThreadPoolExecutor.java:1093)&#10;        at java.util.concurrent.ScheduledThreadPoolExecutor$DelayedWorkQueue.take(ScheduledThreadPoolExecutor.java:809)&#10;        at java.util.concurrent.ThreadPoolExecutor.getTask(ThreadPoolExecutor.java:1074)&#10;        at java.util.concurrent.ThreadPoolExecutor.runWorker(ThreadPoolExecutor.java:1134)&#10;        at java.util.concurrent.ThreadPoolExecutor$Worker.run(ThreadPoolExecutor.java:624)&#10;        at java.lang.Thread.run(Thread.java:748)&#10;&quot;pool-1310-thread-1&quot;  prio=5 tid=6619 in Object.wait()&#10;java.lang.Thread.State: WAITING (on object monitor)&#10;        at sun.misc.Unsafe.park(Native Method)&#10;        at java.util.concurrent.locks.LockSupport.park(LockSupport.java:175)&#10;        at java.util.concurrent.locks.AbstractQueuedSynchronizer$ConditionObject.await(AbstractQueuedSynchronizer.java:2039)&#10;        at java.util.concurrent.LinkedBlockingQueue.take(LinkedBlockingQueue.java:442)&#10;        at java.util.concurrent.ThreadPoolExecutor.getTask(ThreadPoolExecutor.java:1074)&#10;        at java.util.concurrent.ThreadPoolExecutor.runWorker(ThreadPoolExecutor.java:1134)&#10;        at java.util.concurrent.ThreadPoolExecutor$Worker.run(ThreadPoolExecutor.java:624)&#10;        at java.lang.Thread.run(Thread.java:748)&#10;&quot;40524df2-78a3-4e4e-9ceb-ad6c0599eecc@group-72BF283FA841-StateMachineUpdater&quot; daemon prio=5 tid=5810 in Object.wait()&#10;java.lang.Thread.State: WAITING (on object monitor)&#10;        at java.lang.Object.wait(Native Method)&#10;        at java.lang.Object.wait(Object.java:502)&#10;        at org.apache.ratis.server.impl.StateMachineUpdater.waitForCommit(StateMachineUpdater.java:200)&#10;        at org.apache.ratis.server.impl.StateMachineUpdater.run(StateMachineUpdater.java:165)&#10;        at java.lang.Thread.run(Thread.java:748)&#10;&quot;IPC Server handler 15 on default port 41453&quot; daemon prio=5 tid=5503 timed_waiting&#10;java.lang.Thread.State: TIMED_WAITING&#10;        at sun.misc.Unsafe.park(Native Method)&#10;        at java.util.concurrent.locks.LockSupport.parkNanos(LockSupport.java:215)&#10;        at java.util.concurrent.locks.AbstractQueuedSynchronizer$ConditionObject.awaitNanos(AbstractQueuedSynchronizer.java:2078)&#10;        at java.util.concurrent.LinkedBlockingQueue.poll(LinkedBlockingQueue.java:467)&#10;        at org.apache.hadoop.ipc.CallQueueManager.take(CallQueueManager.java:295)&#10;        at org.apache.hadoop.ipc.Server$Handler.run(Server.java:2881)&#10;&quot;grpc-nio-worker-ELG-3-2&quot; daemon prio=5 tid=320 runnable&#10;java.lang.Thread.State: RUNNABLE&#10;        at sun.nio.ch.EPollArrayWrapper.epollWait(Native Method)&#10;        at sun.nio.ch.EPollArrayWrapper.poll(EPollArrayWrapper.java:269)&#10;        at sun.nio.ch.EPollSelectorImpl.doSelect(EPollSelectorImpl.java:93)&#10;        at sun.nio.ch.SelectorImpl.lockAndDoSelect(SelectorImpl.java:86)&#10;        at sun.nio.ch.SelectorImpl.select(SelectorImpl.java:97)&#10;        at org.apache.ratis.thirdparty.io.netty.channel.nio.SelectedSelectionKeySetSelector.select(SelectedSelectionKeySetSelector.java:62)&#10;        at org.apache.ratis.thirdparty.io.netty.channel.nio.NioEventLoop.select(NioEventLoop.java:807)&#10;        at org.apache.ratis.thirdparty.io.netty.channel.nio.NioEventLoop.run(NioEventLoop.java:457)&#10;        at org.apache.ratis.thirdparty.io.netty.util.concurrent.SingleThreadEventExecutor$4.run(SingleThreadEventExecutor.java:989)&#10;        at org.apache.ratis.thirdparty.io.netty.util.internal.ThreadExecutorMap$2.run(ThreadExecutorMap.java:74)&#10;        at org.apache.ratis.thirdparty.io.netty.util.concurrent.FastThreadLocalRunnable.run(FastThreadLocalRunnable.java:30)&#10;        at java.lang.Thread.run(Thread.java:748)&#10;&quot;omNode-3@group-523986131536-StateMachineUpdater&quot; daemon prio=5 tid=5619 in Object.wait()&#10;java.lang.Thread.State: WAITING (on object monitor)&#10;        at java.lang.Object.wait(Native Method)&#10;        at java.lang.Object.wait(Object.java:502)&#10;        at org.apache.ratis.server.impl.StateMachineUpdater.waitForCommit(StateMachineUpdater.java:200)&#10;        at org.apache.ratis.server.impl.StateMachineUpdater.run(StateMachineUpdater.java:165)&#10;        at java.lang.Thread.run(Thread.java:748)&#10;&quot;IPC Server handler 16 on default port 11866&quot; daemon prio=5 tid=6644 timed_waiting&#10;java.lang.Thread.State: TIMED_WAITING&#10;        at sun.misc.Unsafe.park(Native Method)&#10;        at java.util.concurrent.locks.LockSupport.parkNanos(LockSupport.java:215)&#10;        at java.util.concurrent.locks.AbstractQueuedSynchronizer$ConditionObject.awaitNanos(AbstractQueuedSynchronizer.java:2078)&#10;        at java.util.concurrent.LinkedBlockingQueue.poll(LinkedBlockingQueue.java:467)&#10;        at org.apache.hadoop.ipc.CallQueueManager.take(CallQueueManager.java:295)&#10;        at org.apache.hadoop.ipc.Server$Handler.run(Server.java:2881)&#10;&quot;IPC Server handler 1 on default port 36843&quot; daemon prio=5 tid=5449 timed_waiting&#10;java.lang.Thread.State: TIMED_WAITING&#10;        at sun.misc.Unsafe.park(Native Method)&#10;        at java.util.concurrent.locks.LockSupport.parkNanos(LockSupport.java:215)&#10;        at java.util.concurrent.locks.AbstractQueuedSynchronizer$ConditionObject.awaitNanos(AbstractQueuedSynchronizer.java:2078)&#10;        at java.util.concurrent.LinkedBlockingQueue.poll(LinkedBlockingQueue.java:467)&#10;        at org.apache.hadoop.ipc.CallQueueManager.take(CallQueueManager.java:295)&#10;        at org.apache.hadoop.ipc.Server$Handler.run(Server.java:2881)&#10;&quot;IPC Server handler 14 on default port 41453&quot; daemon prio=5 tid=5502 timed_waiting&#10;java.lang.Thread.State: TIMED_WAITING&#10;        at sun.misc.Unsafe.park(Native Method)&#10;        at java.util.concurrent.locks.LockSupport.parkNanos(LockSupport.java:215)&#10;        at java.util.concurrent.locks.AbstractQueuedSynchronizer$ConditionObject.awaitNanos(AbstractQueuedSynchronizer.java:2078)&#10;        at java.util.concurrent.LinkedBlockingQueue.poll(LinkedBlockingQueue.java:467)&#10;        at org.apache.hadoop.ipc.CallQueueManager.take(CallQueueManager.java:295)&#10;        at org.apache.hadoop.ipc.Server$Handler.run(Server.java:2881)&#10;&quot;PartialTableCache Cleanup Thread - 0&quot; daemon prio=5 tid=4238 in Object.wait()&#10;java.lang.Thread.State: WAITING (on object monitor)&#10;        at sun.misc.Unsafe.park(Native Method)&#10;        at java.util.concurrent.locks.LockSupport.park(LockSupport.java:175)&#10;        at java.util.concurrent.locks.AbstractQueuedSynchronizer$ConditionObject.await(AbstractQueuedSynchronizer.java:2039)&#10;        at java.util.concurrent.LinkedBlockingQueue.take(LinkedBlockingQueue.java:442)&#10;        at java.util.concurrent.ThreadPoolExecutor.getTask(ThreadPoolExecutor.java:1074)&#10;        at java.util.concurrent.ThreadPoolExecutor.runWorker(ThreadPoolExecutor.java:1134)&#10;        at java.util.concurrent.ThreadPoolExecutor$Worker.run(ThreadPoolExecutor.java:624)&#10;        at java.lang.Thread.run(Thread.java:748)&#10;&quot;IPC Server Responder&quot; daemon prio=5 tid=5432 runnable&#10;java.lang.Thread.State: RUNNABLE&#10;        at sun.nio.ch.EPollArrayWrapper.epollWait(Native Method)&#10;        at sun.nio.ch.EPollArrayWrapper.poll(EPollArrayWrapper.java:269)&#10;        at sun.nio.ch.EPollSelectorImpl.doSelect(EPollSelectorImpl.java:93)&#10;        at sun.nio.ch.SelectorImpl.lockAndDoSelect(SelectorImpl.java:86)&#10;        at sun.nio.ch.SelectorImpl.select(SelectorImpl.java:97)&#10;        at org.apache.hadoop.ipc.Server$Responder.doRunLoop(Server.java:1480)&#10;        at org.apache.hadoop.ipc.Server$Responder.run(Server.java:1463)&#10;&quot;PartialTableCache Cleanup Thread - 0&quot; daemon prio=5 tid=2204 in Object.wait()&#10;java.lang.Thread.State: WAITING (on object monitor)&#10;        at sun.misc.Unsafe.park(Native Method)&#10;        at java.util.concurrent.locks.LockSupport.park(LockSupport.java:175)&#10;        at java.util.concurrent.locks.AbstractQueuedSynchronizer$ConditionObject.await(AbstractQueuedSynchronizer.java:2039)&#10;        at java.util.concurrent.LinkedBlockingQueue.take(LinkedBlockingQueue.java:442)&#10;        at java.util.concurrent.ThreadPoolExecutor.getTask(ThreadPoolExecutor.java:1074)&#10;        at java.util.concurrent.ThreadPoolExecutor.runWorker(ThreadPoolExecutor.java:1134)&#10;        at java.util.concurrent.ThreadPoolExecutor$Worker.run(ThreadPoolExecutor.java:624)&#10;        at java.lang.Thread.run(Thread.java:748)&#10;&quot;pool-1156-thread-1&quot;  prio=5 tid=5808 in Object.wait()&#10;java.lang.Thread.State: WAITING (on object monitor)&#10;        at sun.misc.Unsafe.park(Native Method)&#10;        at java.util.concurrent.locks.LockSupport.park(LockSupport.java:175)&#10;        at java.util.concurrent.locks.AbstractQueuedSynchronizer$ConditionObject.await(AbstractQueuedSynchronizer.java:2039)&#10;        at java.util.concurrent.LinkedBlockingQueue.take(LinkedBlockingQueue.java:442)&#10;        at java.util.concurrent.ThreadPoolExecutor.getTask(ThreadPoolExecutor.java:1074)&#10;        at java.util.concurrent.ThreadPoolExecutor.runWorker(ThreadPoolExecutor.java:1134)&#10;        at java.util.concurrent.ThreadPoolExecutor$Worker.run(ThreadPoolExecutor.java:624)&#10;        at java.lang.Thread.run(Thread.java:748)&#10;&quot;IPC Server handler 17 on default port 41453&quot; daemon prio=5 tid=5505 timed_waiting&#10;java.lang.Thread.State: TIMED_WAITING&#10;        at sun.misc.Unsafe.park(Native Method)&#10;        at java.util.concurrent.locks.LockSupport.parkNanos(LockSupport.java:215)&#10;        at java.util.concurrent.locks.AbstractQueuedSynchronizer$ConditionObject.awaitNanos(AbstractQueuedSynchronizer.java:2078)&#10;        at java.util.concurrent.LinkedBlockingQueue.poll(LinkedBlockingQueue.java:467)&#10;        at org.apache.hadoop.ipc.CallQueueManager.take(CallQueueManager.java:295)&#10;        at org.apache.hadoop.ipc.Server$Handler.run(Server.java:2881)&#10;&quot;EventQueue-ContainerReportForContainerReportHandler&quot; daemon prio=5 tid=5771 in Object.wait()&#10;java.lang.Thread.State: WAITING (on object monitor)&#10;        at sun.misc.Unsafe.park(Native Method)&#10;        at java.util.concurrent.locks.LockSupport.park(LockSupport.java:175)&#10;        at java.util.concurrent.locks.AbstractQueuedSynchronizer$ConditionObject.await(AbstractQueuedSynchronizer.java:2039)&#10;        at java.util.concurrent.LinkedBlockingQueue.take(LinkedBlockingQueue.java:442)&#10;        at java.util.concurrent.ThreadPoolExecutor.getTask(ThreadPoolExecutor.java:1074)&#10;        at java.util.concurrent.ThreadPoolExecutor.runWorker(ThreadPoolExecutor.java:1134)&#10;        at java.util.concurrent.ThreadPoolExecutor$Worker.run(ThreadPoolExecutor.java:624)&#10;        at java.lang.Thread.run(Thread.java:748)&#10;&quot;IPC Server handler 8 on default port 11872&quot; daemon prio=5 tid=5632 timed_waiting&#10;java.lang.Thread.State: TIMED_WAITING&#10;        at sun.misc.Unsafe.park(Native Method)&#10;        at java.util.concurrent.locks.LockSupport.parkNanos(LockSupport.java:215)&#10;        at java.util.concurrent.locks.AbstractQueuedSynchronizer$ConditionObject.awaitNanos(AbstractQueuedSynchronizer.java:2078)&#10;        at java.util.concurrent.LinkedBlockingQueue.poll(LinkedBlockingQueue.java:467)&#10;        at org.apache.hadoop.ipc.CallQueueManager.take(CallQueueManager.java:295)&#10;        at org.apache.hadoop.ipc.Server$Handler.run(Server.java:2881)&#10;&quot;IPC Server handler 7 on default port 36843&quot; daemon prio=5 tid=5455 timed_waiting&#10;java.lang.Thread.State: TIMED_WAITING&#10;        at sun.misc.Unsafe.park(Native Method)&#10;        at java.util.concurrent.locks.LockSupport.parkNanos(LockSupport.java:215)&#10;        at java.util.concurrent.locks.AbstractQueuedSynchronizer$ConditionObject.awaitNanos(AbstractQueuedSynchronizer.java:2078)&#10;        at java.util.concurrent.LinkedBlockingQueue.poll(LinkedBlockingQueue.java:467)&#10;        at org.apache.hadoop.ipc.CallQueueManager.take(CallQueueManager.java:295)&#10;        at org.apache.hadoop.ipc.Server$Handler.run(Server.java:2881)&#10;&quot;PartialTableCache Cleanup Thread - 0&quot; daemon prio=5 tid=2737 in Object.wait()&#10;java.lang.Thread.State: WAITING (on object monitor)&#10;        at sun.misc.Unsafe.park(Native Method)&#10;        at java.util.concurrent.locks.LockSupport.park(LockSupport.java:175)&#10;        at java.util.concurrent.locks.AbstractQueuedSynchronizer$ConditionObject.await(AbstractQueuedSynchronizer.java:2039)&#10;        at java.util.concurrent.LinkedBlockingQueue.take(LinkedBlockingQueue.java:442)&#10;        at java.util.concurrent.ThreadPoolExecutor.getTask(ThreadPoolExecutor.java:1074)&#10;        at java.util.concurrent.ThreadPoolExecutor.runWorker(ThreadPoolExecutor.java:1134)&#10;        at java.util.concurrent.ThreadPoolExecutor$Worker.run(ThreadPoolExecutor.java:624)&#10;        at java.lang.Thread.run(Thread.java:748)&#10;&quot;grpc-nio-boss-ELG-1-1&quot; daemon prio=5 tid=122 runnable&#10;java.lang.Thread.State: RUNNABLE&#10;        at sun.nio.ch.EPollArrayWrapper.epollWait(Native Method)&#10;        at sun.nio.ch.EPollArrayWrapper.poll(EPollArrayWrapper.java:269)&#10;        at sun.nio.ch.EPollSelectorImpl.doSelect(EPollSelectorImpl.java:93)&#10;        at sun.nio.ch.SelectorImpl.lockAndDoSelect(SelectorImpl.java:86)&#10;        at sun.nio.ch.SelectorImpl.select(SelectorImpl.java:97)&#10;        at sun.nio.ch.SelectorImpl.select(SelectorImpl.java:101)&#10;        at org.apache.ratis.thirdparty.io.netty.channel.nio.SelectedSelectionKeySetSelector.select(SelectedSelectionKeySetSelector.java:68)&#10;        at org.apache.ratis.thirdparty.io.netty.channel.nio.NioEventLoop.select(NioEventLoop.java:803)&#10;        at org.apache.ratis.thirdparty.io.netty.channel.nio.NioEventLoop.run(NioEventLoop.java:457)&#10;        at org.apache.ratis.thirdparty.io.netty.util.concurrent.SingleThreadEventExecutor$4.run(SingleThreadEventExecutor.java:989)&#10;        at org.apache.ratis.thirdparty.io.netty.util.internal.ThreadExecutorMap$2.run(ThreadExecutorMap.java:74)&#10;        at org.apache.ratis.thirdparty.io.netty.util.concurrent.FastThreadLocalRunnable.run(FastThreadLocalRunnable.java:30)&#10;        at java.lang.Thread.run(Thread.java:748)&#10;&quot;IPC Server Responder&quot; daemon prio=5 tid=5436 runnable&#10;java.lang.Thread.State: RUNNABLE&#10;        at sun.nio.ch.EPollArrayWrapper.epollWait(Native Method)&#10;        at sun.nio.ch.EPollArrayWrapper.poll(EPollArrayWrapper.java:269)&#10;        at sun.nio.ch.EPollSelectorImpl.doSelect(EPollSelectorImpl.java:93)&#10;        at sun.nio.ch.SelectorImpl.lockAndDoSelect(SelectorImpl.java:86)&#10;        at sun.nio.ch.SelectorImpl.select(SelectorImpl.java:97)&#10;        at org.apache.hadoop.ipc.Server$Responder.doRunLoop(Server.java:1480)&#10;        at org.apache.hadoop.ipc.Server$Responder.run(Server.java:1463)&#10;&quot;PartialTableCache Cleanup Thread - 0&quot; daemon prio=5 tid=522 in Object.wait()&#10;java.lang.Thread.State: WAITING (on object monitor)&#10;        at sun.misc.Unsafe.park(Native Method)&#10;        at java.util.concurrent.locks.LockSupport.park(LockSupport.java:175)&#10;        at java.util.concurrent.locks.AbstractQueuedSynchronizer$ConditionObject.await(AbstractQueuedSynchronizer.java:2039)&#10;        at java.util.concurrent.LinkedBlockingQueue.take(LinkedBlockingQueue.java:442)&#10;        at java.util.concurrent.ThreadPoolExecutor.getTask(ThreadPoolExecutor.java:1074)&#10;        at java.util.concurrent.ThreadPoolExecutor.runWorker(ThreadPoolExecutor.java:1134)&#10;        at java.util.concurrent.ThreadPoolExecutor$Worker.run(ThreadPoolExecutor.java:624)&#10;        at java.lang.Thread.run(Thread.java:748)&#10;&quot;BlockDeletingService#1&quot; daemon prio=5 tid=5753 in Object.wait()&#10;java.lang.Thread.State: WAITING (on object monitor)&#10;        at sun.misc.Unsafe.park(Native Method)&#10;        at java.util.concurrent.locks.LockSupport.park(LockSupport.java:175)&#10;        at java.util.concurrent.locks.AbstractQueuedSynchronizer$ConditionObject.await(AbstractQueuedSynchronizer.java:2039)&#10;        at java.util.concurrent.ScheduledThreadPoolExecutor$DelayedWorkQueue.take(ScheduledThreadPoolExecutor.java:1088)&#10;        at java.util.concurrent.ScheduledThreadPoolExecutor$DelayedWorkQueue.take(ScheduledThreadPoolExecutor.java:809)&#10;        at java.util.concurrent.ThreadPoolExecutor.getTask(ThreadPoolExecutor.java:1074)&#10;        at java.util.concurrent.ThreadPoolExecutor.runWorker(ThreadPoolExecutor.java:1134)&#10;        at java.util.concurrent.ThreadPoolExecutor$Worker.run(ThreadPoolExecutor.java:624)&#10;        at java.lang.Thread.run(Thread.java:748)&#10;&quot;IPC Server handler 17 on default port 11872&quot; daemon prio=5 tid=5641 timed_waiting&#10;java.lang.Thread.State: TIMED_WAITING&#10;        at sun.misc.Unsafe.park(Native Method)&#10;        at java.util.concurrent.locks.LockSupport.parkNanos(LockSupport.java:215)&#10;        at java.util.concurrent.locks.AbstractQueuedSynchronizer$ConditionObject.awaitNanos(AbstractQueuedSynchronizer.java:2078)&#10;        at java.util.concurrent.LinkedBlockingQueue.poll(LinkedBlockingQueue.java:467)&#10;        at org.apache.hadoop.ipc.CallQueueManager.take(CallQueueManager.java:295)&#10;        at org.apache.hadoop.ipc.Server$Handler.run(Server.java:2881)&#10;&quot;qtp1336084858-5557-acceptor-0@236e3e3c-ServerConnector@34c1cf18{HTTP/1.1,[http/1.1]}{0.0.0.0:11862}&quot; daemon prio=3 tid=5557 runnable&#10;java.lang.Thread.State: RUNNABLE&#10;        at sun.nio.ch.ServerSocketChannelImpl.accept0(Native Method)&#10;        at sun.nio.ch.ServerSocketChannelImpl.accept(ServerSocketChannelImpl.java:422)&#10;        at sun.nio.ch.ServerSocketChannelImpl.accept(ServerSocketChannelImpl.java:250)&#10;        at org.eclipse.jetty.server.ServerConnector.accept(ServerConnector.java:385)&#10;        at org.eclipse.jetty.server.AbstractConnector$Acceptor.run(AbstractConnector.java:701)&#10;        at org.eclipse.jetty.util.thread.QueuedThreadPool.runJob(QueuedThreadPool.java:806)&#10;        at org.eclipse.jetty.util.thread.QueuedThreadPool$Runner.run(QueuedThreadPool.java:938)&#10;        at java.lang.Thread.run(Thread.java:748)&#10;&quot;PartialTableCache Cleanup Thread - 0&quot; daemon prio=5 tid=6662 in Object.wait()&#10;java.lang.Thread.State: WAITING (on object monitor)&#10;        at sun.misc.Unsafe.park(Native Method)&#10;        at java.util.concurrent.locks.LockSupport.park(LockSupport.java:175)&#10;        at java.util.concurrent.locks.AbstractQueuedSynchronizer$ConditionObject.await(AbstractQueuedSynchronizer.java:2039)&#10;        at java.util.concurrent.LinkedBlockingQueue.take(LinkedBlockingQueue.java:442)&#10;        at java.util.concurrent.ThreadPoolExecutor.getTask(ThreadPoolExecutor.java:1074)&#10;        at java.util.concurrent.ThreadPoolExecutor.runWorker(ThreadPoolExecutor.java:1134)&#10;        at java.util.concurrent.ThreadPoolExecutor$Worker.run(ThreadPoolExecutor.java:624)&#10;        at java.lang.Thread.run(Thread.java:748)&#10;&quot;IPC Server handler 9 on default port 11866&quot; daemon prio=5 tid=6637 timed_waiting&#10;java.lang.Thread.State: TIMED_WAITING&#10;        at sun.misc.Unsafe.park(Native Method)&#10;        at java.util.concurrent.locks.LockSupport.parkNanos(LockSupport.java:215)&#10;        at java.util.concurrent.locks.AbstractQueuedSynchronizer$ConditionObject.awaitNanos(AbstractQueuedSynchronizer.java:2078)&#10;        at java.util.concurrent.LinkedBlockingQueue.poll(LinkedBlockingQueue.java:467)&#10;        at org.apache.hadoop.ipc.CallQueueManager.take(CallQueueManager.java:295)&#10;        at org.apache.hadoop.ipc.Server$Handler.run(Server.java:2881)&#10;&quot;PartialTableCache Cleanup Thread - 0&quot; daemon prio=5 tid=5889 in Object.wait()&#10;java.lang.Thread.State: WAITING (on object monitor)&#10;        at sun.misc.Unsafe.park(Native Method)&#10;        at java.util.concurrent.locks.LockSupport.park(LockSupport.java:175)&#10;        at java.util.concurrent.locks.AbstractQueuedSynchronizer$ConditionObject.await(AbstractQueuedSynchronizer.java:2039)&#10;        at java.util.concurrent.LinkedBlockingQueue.take(LinkedBlockingQueue.java:442)&#10;        at java.util.concurrent.ThreadPoolExecutor.getTask(ThreadPoolExecutor.java:1074)&#10;        at java.util.concurrent.ThreadPoolExecutor.runWorker(ThreadPoolExecutor.java:1134)&#10;        at java.util.concurrent.ThreadPoolExecutor$Worker.run(ThreadPoolExecutor.java:624)&#10;        at java.lang.Thread.run(Thread.java:748)&#10;&quot;EventQueue-OpenPipelineForHealthyPipelineSafeModeRule&quot; daemon prio=5 tid=5791 in Object.wait()&#10;java.lang.Thread.State: WAITING (on object monitor)&#10;        at sun.misc.Unsafe.park(Native Method)&#10;        at java.util.concurrent.locks.LockSupport.park(LockSupport.java:175)&#10;        at java.util.concurrent.locks.AbstractQueuedSynchronizer$ConditionObject.await(AbstractQueuedSynchronizer.java:2039)&#10;        at java.util.concurrent.LinkedBlockingQueue.take(LinkedBlockingQueue.java:442)&#10;        at java.util.concurrent.ThreadPoolExecutor.getTask(ThreadPoolExecutor.java:1074)&#10;        at java.util.concurrent.ThreadPoolExecutor.runWorker(ThreadPoolExecutor.java:1134)&#10;        at java.util.concurrent.ThreadPoolExecutor$Worker.run(ThreadPoolExecutor.java:624)&#10;        at java.lang.Thread.run(Thread.java:748)&#10;&quot;IPC Server handler 8 on default port 11866&quot; daemon prio=5 tid=6636 timed_waiting&#10;java.lang.Thread.State: TIMED_WAITING&#10;        at sun.misc.Unsafe.park(Native Method)&#10;        at java.util.concurrent.locks.LockSupport.parkNanos(LockSupport.java:215)&#10;        at java.util.concurrent.locks.AbstractQueuedSynchronizer$ConditionObject.awaitNanos(AbstractQueuedSynchronizer.java:2078)&#10;        at java.util.concurrent.LinkedBlockingQueue.poll(LinkedBlockingQueue.java:467)&#10;        at org.apache.hadoop.ipc.CallQueueManager.take(CallQueueManager.java:295)&#10;        at org.apache.hadoop.ipc.Server$Handler.run(Server.java:2881)&#10;&quot;IPC Server handler 0 on default port 41453&quot; daemon prio=5 tid=5488 timed_waiting&#10;java.lang.Thread.State: TIMED_WAITING&#10;        at sun.misc.Unsafe.park(Native Method)&#10;        at java.util.concurrent.locks.LockSupport.parkNanos(LockSupport.java:215)&#10;        at java.util.concurrent.locks.AbstractQueuedSynchronizer$ConditionObject.awaitNanos(AbstractQueuedSynchronizer.java:2078)&#10;        at java.util.concurrent.LinkedBlockingQueue.poll(LinkedBlockingQueue.java:467)&#10;        at org.apache.hadoop.ipc.CallQueueManager.take(CallQueueManager.java:295)&#10;        at org.apache.hadoop.ipc.Server$Handler.run(Server.java:2881)&#10;&quot;Datanode ReportManager Thread - 2&quot; daemon prio=5 tid=5701 in Object.wait()&#10;java.lang.Thread.State: WAITING (on object monitor)&#10;        at sun.misc.Unsafe.park(Native Method)&#10;        at java.util.concurrent.locks.LockSupport.park(LockSupport.java:175)&#10;        at java.util.concurrent.locks.AbstractQueuedSynchronizer$ConditionObject.await(AbstractQueuedSynchronizer.java:2039)&#10;        at java.util.concurrent.ScheduledThreadPoolExecutor$DelayedWorkQueue.take(ScheduledThreadPoolExecutor.java:1088)&#10;        at java.util.concurrent.ScheduledThreadPoolExecutor$DelayedWorkQueue.take(ScheduledThreadPoolExecutor.java:809)&#10;        at java.util.concurrent.ThreadPoolExecutor.getTask(ThreadPoolExecutor.java:1074)&#10;        at java.util.concurrent.ThreadPoolExecutor.runWorker(ThreadPoolExecutor.java:1134)&#10;        at java.util.concurrent.ThreadPoolExecutor$Worker.run(ThreadPoolExecutor.java:624)&#10;        at java.lang.Thread.run(Thread.java:748)&#10;&quot;org.apache.hadoop.util.JvmPauseMonitor$Monitor@15e9d3f7&quot; daemon prio=5 tid=5518 timed_waiting&#10;java.lang.Thread.State: TIMED_WAITING&#10;        at java.lang.Thread.sleep(Native Method)&#10;        at org.apache.hadoop.util.JvmPauseMonitor$Monitor.run(JvmPauseMonitor.java:192)&#10;        at java.lang.Thread.run(Thread.java:748)&#10;&quot;PartialTableCache Cleanup Thread - 0&quot; daemon prio=5 tid=6663 in Object.wait()&#10;java.lang.Thread.State: WAITING (on object monitor)&#10;        at sun.misc.Unsafe.park(Native Method)&#10;        at java.util.concurrent.locks.LockSupport.park(LockSupport.java:175)&#10;        at java.util.concurrent.locks.AbstractQueuedSynchronizer$ConditionObject.await(AbstractQueuedSynchronizer.java:2039)&#10;        at java.util.concurrent.LinkedBlockingQueue.take(LinkedBlockingQueue.java:442)&#10;        at java.util.concurrent.ThreadPoolExecutor.getTask(ThreadPoolExecutor.java:1074)&#10;        at java.util.concurrent.ThreadPoolExecutor.runWorker(ThreadPoolExecutor.java:1134)&#10;        at java.util.concurrent.ThreadPoolExecutor$Worker.run(ThreadPoolExecutor.java:624)&#10;        at java.lang.Thread.run(Thread.java:748)&#10;&quot;pool-981-thread-1&quot;  prio=5 tid=5015 timed_waiting&#10;java.lang.Thread.State: TIMED_WAITING&#10;        at sun.misc.Unsafe.park(Native Method)&#10;        at java.util.concurrent.locks.LockSupport.parkNanos(LockSupport.java:215)&#10;        at java.util.concurrent.locks.AbstractQueuedSynchronizer$ConditionObject.awaitNanos(AbstractQueuedSynchronizer.java:2078)&#10;        at java.util.concurrent.ScheduledThreadPoolExecutor$DelayedWorkQueue.take(ScheduledThreadPoolExecutor.java:1093)&#10;        at java.util.concurrent.ScheduledThreadPoolExecutor$DelayedWorkQueue.take(ScheduledThreadPoolExecutor.java:809)&#10;        at java.util.concurrent.ThreadPoolExecutor.getTask(ThreadPoolExecutor.java:1074)&#10;        at java.util.concurrent.ThreadPoolExecutor.runWorker(ThreadPoolExecutor.java:1134)&#10;        at java.util.concurrent.ThreadPoolExecutor$Worker.run(ThreadPoolExecutor.java:624)&#10;        at java.lang.Thread.run(Thread.java:748)&#10;&quot;IPC Server handler 5 on default port 11860&quot; daemon prio=5 tid=5539 timed_waiting&#10;java.lang.Thread.State: TIMED_WAITING&#10;        at sun.misc.Unsafe.park(Native Method)&#10;        at java.util.concurrent.locks.LockSupport.parkNanos(LockSupport.java:215)&#10;        at java.util.concurrent.locks.AbstractQueuedSynchronizer$ConditionObject.awaitNanos(AbstractQueuedSynchronizer.java:2078)&#10;        at java.util.concurrent.LinkedBlockingQueue.poll(LinkedBlockingQueue.java:467)&#10;        at org.apache.hadoop.ipc.CallQueueManager.take(CallQueueManager.java:295)&#10;        at org.apache.hadoop.ipc.Server$Handler.run(Server.java:2881)&#10;&quot;IPC Server handler 16 on default port 41453&quot; daemon prio=5 tid=5504 timed_waiting&#10;java.lang.Thread.State: TIMED_WAITING&#10;        at sun.misc.Unsafe.park(Native Method)&#10;        at java.util.concurrent.locks.LockSupport.parkNanos(LockSupport.java:215)&#10;        at java.util.concurrent.locks.AbstractQueuedSynchronizer$ConditionObject.awaitNanos(AbstractQueuedSynchronizer.java:2078)&#10;        at java.util.concurrent.LinkedBlockingQueue.poll(LinkedBlockingQueue.java:467)&#10;        at org.apache.hadoop.ipc.CallQueueManager.take(CallQueueManager.java:295)&#10;        at org.apache.hadoop.ipc.Server$Handler.run(Server.java:2881)&#10;&quot;IPC Server handler 3 on default port 11872&quot; daemon prio=5 tid=5627 timed_waiting&#10;java.lang.Thread.State: TIMED_WAITING&#10;        at sun.misc.Unsafe.park(Native Method)&#10;        at java.util.concurrent.locks.LockSupport.parkNanos(LockSupport.java:215)&#10;        at java.util.concurrent.locks.AbstractQueuedSynchronizer$ConditionObject.awaitNanos(AbstractQueuedSynchronizer.java:2078)&#10;        at java.util.concurrent.LinkedBlockingQueue.poll(LinkedBlockingQueue.java:467)&#10;        at org.apache.hadoop.ipc.CallQueueManager.take(CallQueueManager.java:295)&#10;        at org.apache.hadoop.ipc.Server$Handler.run(Server.java:2881)&#10;&quot;EventQueue-NodeRegistrationContainerReportForContainerSafeModeRule&quot; daemon prio=5 tid=5772 in Object.wait()&#10;java.lang.Thread.State: WAITING (on object monitor)&#10;        at sun.misc.Unsafe.park(Native Method)&#10;        at java.util.concurrent.locks.LockSupport.park(LockSupport.java:175)&#10;        at java.util.concurrent.locks.AbstractQueuedSynchronizer$ConditionObject.await(AbstractQueuedSynchronizer.java:2039)&#10;        at java.util.concurrent.LinkedBlockingQueue.take(LinkedBlockingQueue.java:442)&#10;        at java.util.concurrent.ThreadPoolExecutor.getTask(ThreadPoolExecutor.java:1074)&#10;        at java.util.concurrent.ThreadPoolExecutor.runWorker(ThreadPoolExecutor.java:1134)&#10;        at java.util.concurrent.ThreadPoolExecutor$Worker.run(ThreadPoolExecutor.java:624)&#10;        at java.lang.Thread.run(Thread.java:748)&#10;&quot;IPC Server listener on 11860&quot; daemon prio=5 tid=5524 runnable&#10;java.lang.Thread.State: RUNNABLE&#10;        at sun.nio.ch.EPollArrayWrapper.epollWait(Native Method)&#10;        at sun.nio.ch.EPollArrayWrapper.poll(EPollArrayWrapper.java:269)&#10;        at sun.nio.ch.EPollSelectorImpl.doSelect(EPollSelectorImpl.java:93)&#10;        at sun.nio.ch.SelectorImpl.lockAndDoSelect(SelectorImpl.java:86)&#10;        at sun.nio.ch.SelectorImpl.select(SelectorImpl.java:97)&#10;        at sun.nio.ch.SelectorImpl.select(SelectorImpl.java:101)&#10;        at org.apache.hadoop.ipc.Server$Listener.run(Server.java:1304)&#10;&quot;Thread-5369&quot; daemon prio=5 tid=6623 timed_waiting&#10;java.lang.Thread.State: TIMED_WAITING&#10;        at java.lang.Thread.sleep(Native Method)&#10;        at org.apache.ratis.util.JavaUtils.sleep(JavaUtils.java:243)&#10;        at org.apache.ratis.server.impl.FollowerState.run(FollowerState.java:97)&#10;&quot;Thread-4746&quot; daemon prio=5 tid=5850 timed_waiting&#10;java.lang.Thread.State: TIMED_WAITING&#10;        at java.lang.Thread.sleep(Native Method)&#10;        at org.apache.ratis.util.JavaUtils.sleep(JavaUtils.java:243)&#10;        at org.apache.ratis.server.impl.FollowerState.run(FollowerState.java:97)&#10;&quot;qtp1336084858-5556&quot; daemon prio=5 tid=5556 runnable&#10;java.lang.Thread.State: RUNNABLE&#10;        at sun.nio.ch.EPollArrayWrapper.epollWait(Native Method)&#10;        at sun.nio.ch.EPollArrayWrapper.poll(EPollArrayWrapper.java:269)&#10;        at sun.nio.ch.EPollSelectorImpl.doSelect(EPollSelectorImpl.java:93)&#10;        at sun.nio.ch.SelectorImpl.lockAndDoSelect(SelectorImpl.java:86)&#10;        at sun.nio.ch.SelectorImpl.select(SelectorImpl.java:97)&#10;        at sun.nio.ch.SelectorImpl.select(SelectorImpl.java:101)&#10;        at org.eclipse.jetty.io.ManagedSelector$SelectorProducer.select(ManagedSelector.java:472)&#10;        at org.eclipse.jetty.io.ManagedSelector$SelectorProducer.produce(ManagedSelector.java:409)&#10;        at org.eclipse.jetty.util.thread.strategy.EatWhatYouKill.produceTask(EatWhatYouKill.java:360)&#10;        at org.eclipse.jetty.util.thread.strategy.EatWhatYouKill.doProduce(EatWhatYouKill.java:184)&#10;        at org.eclipse.jetty.util.thread.strategy.EatWhatYouKill.tryProduce(EatWhatYouKill.java:171)&#10;        at org.eclipse.jetty.util.thread.strategy.EatWhatYouKill.produce(EatWhatYouKill.java:135)&#10;        at org.eclipse.jetty.io.ManagedSelector$$Lambda$72/1129097646.run(Unknown Source)&#10;        at org.eclipse.jetty.util.thread.QueuedThreadPool.runJob(QueuedThreadPool.java:806)&#10;        at org.eclipse.jetty.util.thread.QueuedThreadPool$Runner.run(QueuedThreadPool.java:938)&#10;        at java.lang.Thread.run(Thread.java:748)&#10;&quot;BlockDeletingService#0&quot; daemon prio=5 tid=5758 in Object.wait()&#10;java.lang.Thread.State: WAITING (on object monitor)&#10;        at sun.misc.Unsafe.park(Native Method)&#10;        at java.util.concurrent.locks.LockSupport.park(LockSupport.java:175)&#10;        at java.util.concurrent.locks.AbstractQueuedSynchronizer$ConditionObject.await(AbstractQueuedSynchronizer.java:2039)&#10;        at java.util.concurrent.ScheduledThreadPoolExecutor$DelayedWorkQueue.take(ScheduledThreadPoolExecutor.java:1088)&#10;        at java.util.concurrent.ScheduledThreadPoolExecutor$DelayedWorkQueue.take(ScheduledThreadPoolExecutor.java:809)&#10;        at java.util.concurrent.ThreadPoolExecutor.getTask(ThreadPoolExecutor.java:1074)&#10;        at java.util.concurrent.ThreadPoolExecutor.runWorker(ThreadPoolExecutor.java:1134)&#10;        at java.util.concurrent.ThreadPoolExecutor$Worker.run(ThreadPoolExecutor.java:624)&#10;        at java.lang.Thread.run(Thread.java:748)&#10;&quot;process reaper&quot; daemon prio=10 tid=11 timed_waiting&#10;java.lang.Thread.State: TIMED_WAITING&#10;        at sun.misc.Unsafe.park(Native Method)&#10;        at java.util.concurrent.locks.LockSupport.parkNanos(LockSupport.java:215)&#10;        at java.util.concurrent.SynchronousQueue$TransferStack.awaitFulfill(SynchronousQueue.java:460)&#10;        at java.util.concurrent.SynchronousQueue$TransferStack.transfer(SynchronousQueue.java:362)&#10;        at java.util.concurrent.SynchronousQueue.poll(SynchronousQueue.java:941)&#10;        at java.util.concurrent.ThreadPoolExecutor.getTask(ThreadPoolExecutor.java:1073)&#10;        at java.util.concurrent.ThreadPoolExecutor.runWorker(ThreadPoolExecutor.java:1134)&#10;        at java.util.concurrent.ThreadPoolExecutor$Worker.run(ThreadPoolExecutor.java:624)&#10;        at java.lang.Thread.run(Thread.java:748)&#10;&quot;ReplicationMonitor&quot; daemon prio=5 tid=6250 timed_waiting&#10;java.lang.Thread.State: TIMED_WAITING&#10;        at java.lang.Object.wait(Native Method)&#10;        at org.apache.hadoop.hdds.scm.container.ReplicationManager.run(ReplicationManager.java:244)&#10;        at org.apache.hadoop.hdds.scm.container.ReplicationManager$$Lambda$769/1876186273.run(Unknown Source)&#10;        at java.lang.Thread.run(Thread.java:748)&#10;&quot;IPC Server handler 4 on default port 36843&quot; daemon prio=5 tid=5452 timed_waiting&#10;java.lang.Thread.State: TIMED_WAITING&#10;        at sun.misc.Unsafe.park(Native Method)&#10;        at java.util.concurrent.locks.LockSupport.parkNanos(LockSupport.java:215)&#10;        at java.util.concurrent.locks.AbstractQueuedSynchronizer$ConditionObject.awaitNanos(AbstractQueuedSynchronizer.java:2078)&#10;        at java.util.concurrent.LinkedBlockingQueue.poll(LinkedBlockingQueue.java:467)&#10;        at org.apache.hadoop.ipc.CallQueueManager.take(CallQueueManager.java:295)&#10;        at org.apache.hadoop.ipc.Server$Handler.run(Server.java:2881)&#10;&quot;qtp1622107655-5667&quot; daemon prio=5 tid=5667 timed_waiting&#10;java.lang.Thread.State: TIMED_WAITING&#10;        at sun.misc.Unsafe.park(Native Method)&#10;        at java.util.concurrent.locks.LockSupport.parkNanos(LockSupport.java:215)&#10;        at java.util.concurrent.locks.AbstractQueuedSynchronizer$ConditionObject.awaitNanos(AbstractQueuedSynchronizer.java:2078)&#10;        at org.eclipse.jetty.util.BlockingArrayQueue.poll(BlockingArrayQueue.java:382)&#10;        at org.eclipse.jetty.util.thread.QueuedThreadPool$Runner.idleJobPoll(QueuedThreadPool.java:875)&#10;        at org.eclipse.jetty.util.thread.QueuedThreadPool$Runner.run(QueuedThreadPool.java:925)&#10;        at java.lang.Thread.run(Thread.java:748)&#10;&quot;PartialTableCache Cleanup Thread - 0&quot; daemon prio=5 tid=495 in Object.wait()&#10;java.lang.Thread.State: WAITING (on object monitor)&#10;        at sun.misc.Unsafe.park(Native Method)&#10;        at java.util.concurrent.locks.LockSupport.park(LockSupport.java:175)&#10;        at java.util.concurrent.locks.AbstractQueuedSynchronizer$ConditionObject.await(AbstractQueuedSynchronizer.java:2039)&#10;        at java.util.concurrent.LinkedBlockingQueue.take(LinkedBlockingQueue.java:442)&#10;        at java.util.concurrent.ThreadPoolExecutor.getTask(ThreadPoolExecutor.java:1074)&#10;        at java.util.concurrent.ThreadPoolExecutor.runWorker(ThreadPoolExecutor.java:1134)&#10;        at java.util.concurrent.ThreadPoolExecutor$Worker.run(ThreadPoolExecutor.java:624)&#10;        at java.lang.Thread.run(Thread.java:748)&#10;&quot;IPC Server handler 12 on default port 45819&quot; daemon prio=5 tid=5480 timed_waiting&#10;java.lang.Thread.State: TIMED_WAITING&#10;        at sun.misc.Unsafe.park(Native Method)&#10;        at java.util.concurrent.locks.LockSupport.parkNanos(LockSupport.java:215)&#10;        at java.util.concurrent.locks.AbstractQueuedSynchronizer$ConditionObject.awaitNanos(AbstractQueuedSynchronizer.java:2078)&#10;        at java.util.concurrent.LinkedBlockingQueue.poll(LinkedBlockingQueue.java:467)&#10;        at org.apache.hadoop.ipc.CallQueueManager.take(CallQueueManager.java:295)&#10;        at org.apache.hadoop.ipc.Server$Handler.run(Server.java:2881)&#10;&quot;pool-567-thread-1&quot;  prio=5 tid=2905 timed_waiting&#10;java.lang.Thread.State: TIMED_WAITING&#10;        at sun.misc.Unsafe.park(Native Method)&#10;        at java.util.concurrent.locks.LockSupport.parkNanos(LockSupport.java:215)&#10;        at java.util.concurrent.locks.AbstractQueuedSynchronizer$ConditionObject.awaitNanos(AbstractQueuedSynchronizer.java:2078)&#10;        at java.util.concurrent.ScheduledThreadPoolExecutor$DelayedWorkQueue.take(ScheduledThreadPoolExecutor.java:1093)&#10;        at java.util.concurrent.ScheduledThreadPoolExecutor$DelayedWorkQueue.take(ScheduledThreadPoolExecutor.java:809)&#10;        at java.util.concurrent.ThreadPoolExecutor.getTask(ThreadPoolExecutor.java:1074)&#10;        at java.util.concurrent.ThreadPoolExecutor.runWorker(ThreadPoolExecutor.java:1134)&#10;        at java.util.concurrent.ThreadPoolExecutor$Worker.run(ThreadPoolExecutor.java:624)&#10;        at java.lang.Thread.run(Thread.java:748)&#10;&quot;qtp1336084858-5561&quot; daemon prio=5 tid=5561 timed_waiting&#10;java.lang.Thread.State: TIMED_WAITING&#10;        at sun.misc.Unsafe.park(Native Method)&#10;        at java.util.concurrent.locks.LockSupport.parkNanos(LockSupport.java:215)&#10;        at java.util.concurrent.locks.AbstractQueuedSynchronizer$ConditionObject.awaitNanos(AbstractQueuedSynchronizer.java:2078)&#10;        at org.eclipse.jetty.util.BlockingArrayQueue.poll(BlockingArrayQueue.java:382)&#10;        at org.eclipse.jetty.util.thread.QueuedThreadPool$Runner.idleJobPoll(QueuedThreadPool.java:875)&#10;        at org.eclipse.jetty.util.thread.QueuedThreadPool$Runner.run(QueuedThreadPool.java:925)&#10;        at java.lang.Thread.run(Thread.java:748)&#10;&quot;PartialTableCache Cleanup Thread - 0&quot; daemon prio=5 tid=2734 in Object.wait()&#10;java.lang.Thread.State: WAITING (on object monitor)&#10;        at sun.misc.Unsafe.park(Native Method)&#10;        at java.util.concurrent.locks.LockSupport.park(LockSupport.java:175)&#10;        at java.util.concurrent.locks.AbstractQueuedSynchronizer$ConditionObject.await(AbstractQueuedSynchronizer.java:2039)&#10;        at java.util.concurrent.LinkedBlockingQueue.take(LinkedBlockingQueue.java:442)&#10;        at java.util.concurrent.ThreadPoolExecutor.getTask(ThreadPoolExecutor.java:1074)&#10;        at java.util.concurrent.ThreadPoolExecutor.runWorker(ThreadPoolExecutor.java:1134)&#10;        at java.util.concurrent.ThreadPoolExecutor$Worker.run(ThreadPoolExecutor.java:624)&#10;        at java.lang.Thread.run(Thread.java:748)&#10;&quot;omNode-2@group-523986131536-SegmentedRaftLogWorker&quot;  prio=5 tid=6621 timed_waiting&#10;java.lang.Thread.State: TIMED_WAITING&#10;        at sun.misc.Unsafe.park(Native Method)&#10;        at java.util.concurrent.locks.LockSupport.parkNanos(LockSupport.java:215)&#10;        at java.util.concurrent.locks.AbstractQueuedSynchronizer$ConditionObject.awaitNanos(AbstractQueuedSynchronizer.java:2078)&#10;        at org.apache.ratis.util.DataBlockingQueue.poll(DataBlockingQueue.java:137)&#10;        at org.apache.ratis.server.raftlog.segmented.SegmentedRaftLogWorker.run(SegmentedRaftLogWorker.java:293)&#10;        at java.lang.Thread.run(Thread.java:748)&#10;&quot;pool-875-thread-1&quot;  prio=5 tid=4441 timed_waiting&#10;java.lang.Thread.State: TIMED_WAITING&#10;        at sun.misc.Unsafe.park(Native Method)&#10;        at java.util.concurrent.locks.LockSupport.parkNanos(LockSupport.java:215)&#10;        at java.util.concurrent.locks.AbstractQueuedSynchronizer$ConditionObject.awaitNanos(AbstractQueuedSynchronizer.java:2078)&#10;        at java.util.concurrent.ScheduledThreadPoolExecutor$DelayedWorkQueue.take(ScheduledThreadPoolExecutor.java:1093)&#10;        at java.util.concurrent.ScheduledThreadPoolExecutor$DelayedWorkQueue.take(ScheduledThreadPoolExecutor.java:809)&#10;        at java.util.concurrent.ThreadPoolExecutor.getTask(ThreadPoolExecutor.java:1074)&#10;        at java.util.concurrent.ThreadPoolExecutor.runWorker(ThreadPoolExecutor.java:1134)&#10;        at java.util.concurrent.ThreadPoolExecutor$Worker.run(ThreadPoolExecutor.java:624)&#10;        at java.lang.Thread.run(Thread.java:748)&#10;&quot;IPC Parameter Sending Thread #3&quot; daemon prio=5 tid=6256 timed_waiting&#10;java.lang.Thread.State: TIMED_WAITING&#10;        at sun.misc.Unsafe.park(Native Method)&#10;        at java.util.concurrent.locks.LockSupport.parkNanos(LockSupport.java:215)&#10;        at java.util.concurrent.SynchronousQueue$TransferStack.awaitFulfill(SynchronousQueue.java:460)&#10;        at java.util.concurrent.SynchronousQueue$TransferStack.transfer(SynchronousQueue.java:362)&#10;        at java.util.concurrent.SynchronousQueue.poll(SynchronousQueue.java:941)&#10;        at java.util.concurrent.ThreadPoolExecutor.getTask(ThreadPoolExecutor.java:1073)&#10;        at java.util.concurrent.ThreadPoolExecutor.runWorker(ThreadPoolExecutor.java:1134)&#10;        at java.util.concurrent.ThreadPoolExecutor$Worker.run(ThreadPoolExecutor.java:624)&#10;        at java.lang.Thread.run(Thread.java:748)&#10;&quot;pool-701-thread-1&quot;  prio=5 tid=3479 timed_waiting&#10;java.lang.Thread.State: TIMED_WAITING&#10;        at sun.misc.Unsafe.park(Native Method)&#10;        at java.util.concurrent.locks.LockSupport.parkNanos(LockSupport.java:215)&#10;        at java.util.concurrent.locks.AbstractQueuedSynchronizer$ConditionObject.awaitNanos(AbstractQueuedSynchronizer.java:2078)&#10;        at java.util.concurrent.ScheduledThreadPoolExecutor$DelayedWorkQueue.take(ScheduledThreadPoolExecutor.java:1093)&#10;        at java.util.concurrent.ScheduledThreadPoolExecutor$DelayedWorkQueue.take(ScheduledThreadPoolExecutor.java:809)&#10;        at java.util.concurrent.ThreadPoolExecutor.getTask(ThreadPoolExecutor.java:1074)&#10;        at java.util.concurrent.ThreadPoolExecutor.runWorker(ThreadPoolExecutor.java:1134)&#10;        at java.util.concurrent.ThreadPoolExecutor$Worker.run(ThreadPoolExecutor.java:624)&#10;        at java.lang.Thread.run(Thread.java:748)&#10;&quot;IPC Server handler 2 on default port 36843&quot; daemon prio=5 tid=5450 timed_waiting&#10;java.lang.Thread.State: TIMED_WAITING&#10;        at sun.misc.Unsafe.park(Native Method)&#10;        at java.util.concurrent.locks.LockSupport.parkNanos(LockSupport.java:215)&#10;        at java.util.concurrent.locks.AbstractQueuedSynchronizer$ConditionObject.awaitNanos(AbstractQueuedSynchronizer.java:2078)&#10;        at java.util.concurrent.LinkedBlockingQueue.poll(LinkedBlockingQueue.java:467)&#10;        at org.apache.hadoop.ipc.CallQueueManager.take(CallQueueManager.java:295)&#10;        at org.apache.hadoop.ipc.Server$Handler.run(Server.java:2881)&#10;&quot;PartialTableCache Cleanup Thread - 0&quot; daemon prio=5 tid=5901 in Object.wait()&#10;java.lang.Thread.State: WAITING (on object monitor)&#10;        at sun.misc.Unsafe.park(Native Method)&#10;        at java.util.concurrent.locks.LockSupport.park(LockSupport.java:175)&#10;        at java.util.concurrent.locks.AbstractQueuedSynchronizer$ConditionObject.await(AbstractQueuedSynchronizer.java:2039)&#10;        at java.util.concurrent.LinkedBlockingQueue.take(LinkedBlockingQueue.java:442)&#10;        at java.util.concurrent.ThreadPoolExecutor.getTask(ThreadPoolExecutor.java:1074)&#10;        at java.util.concurrent.ThreadPoolExecutor.runWorker(ThreadPoolExecutor.java:1134)&#10;        at java.util.concurrent.ThreadPoolExecutor$Worker.run(ThreadPoolExecutor.java:624)&#10;        at java.lang.Thread.run(Thread.java:748)&#10;&quot;org.apache.ratis.server.impl.LogAppender$AppenderDaemon$$Lambda$336/202934955@31b701b4&quot; daemon prio=5 tid=5854 timed_waiting&#10;java.lang.Thread.State: TIMED_WAITING&#10;        at java.lang.Object.wait(Native Method)&#10;        at org.apache.ratis.grpc.server.GrpcLogAppender.mayWait(GrpcLogAppender.java:151)&#10;        at org.apache.ratis.grpc.server.GrpcLogAppender.runAppenderImpl(GrpcLogAppender.java:105)&#10;        at org.apache.ratis.server.impl.LogAppender$AppenderDaemon.run(LogAppender.java:77)&#10;        at org.apache.ratis.server.impl.LogAppender$AppenderDaemon$$Lambda$336/202934955.run(Unknown Source)&#10;        at java.lang.Thread.run(Thread.java:748)&#10;&quot;Datanode ReportManager Thread - 0&quot; daemon prio=5 tid=5698 timed_waiting&#10;java.lang.Thread.State: TIMED_WAITING&#10;        at sun.misc.Unsafe.park(Native Method)&#10;        at java.util.concurrent.locks.LockSupport.parkNanos(LockSupport.java:215)&#10;        at java.util.concurrent.locks.AbstractQueuedSynchronizer$ConditionObject.awaitNanos(AbstractQueuedSynchronizer.java:2078)&#10;        at java.util.concurrent.ScheduledThreadPoolExecutor$DelayedWorkQueue.take(ScheduledThreadPoolExecutor.java:1093)&#10;        at java.util.concurrent.ScheduledThreadPoolExecutor$DelayedWorkQueue.take(ScheduledThreadPoolExecutor.java:809)&#10;        at java.util.concurrent.ThreadPoolExecutor.getTask(ThreadPoolExecutor.java:1074)&#10;        at java.util.concurrent.ThreadPoolExecutor.runWorker(ThreadPoolExecutor.java:1134)&#10;        at java.util.concurrent.ThreadPoolExecutor$Worker.run(ThreadPoolExecutor.java:624)&#10;        at java.lang.Thread.run(Thread.java:748)&#10;&quot;IPC Server handler 1 on default port 11860&quot; daemon prio=5 tid=5534 timed_waiting&#10;java.lang.Thread.State: TIMED_WAITING&#10;        at sun.misc.Unsafe.park(Native Method)&#10;        at java.util.concurrent.locks.LockSupport.parkNanos(LockSupport.java:215)&#10;        at java.util.concurrent.locks.AbstractQueuedSynchronizer$ConditionObject.awaitNanos(AbstractQueuedSynchronizer.java:2078)&#10;        at java.util.concurrent.LinkedBlockingQueue.poll(LinkedBlockingQueue.java:467)&#10;        at org.apache.hadoop.ipc.CallQueueManager.take(CallQueueManager.java:295)&#10;        at org.apache.hadoop.ipc.Server$Handler.run(Server.java:2881)&#10;&quot;pool-599-thread-1&quot;  prio=5 tid=2995 timed_waiting&#10;java.lang.Thread.State: TIMED_WAITING&#10;        at sun.misc.Unsafe.park(Native Method)&#10;        at java.util.concurrent.locks.LockSupport.parkNanos(LockSupport.java:215)&#10;        at java.util.concurrent.locks.AbstractQueuedSynchronizer$ConditionObject.awaitNanos(AbstractQueuedSynchronizer.java:2078)&#10;        at java.util.concurrent.ScheduledThreadPoolExecutor$DelayedWorkQueue.take(ScheduledThreadPoolExecutor.java:1093)&#10;        at java.util.concurrent.ScheduledThreadPoolExecutor$DelayedWorkQueue.take(ScheduledThreadPoolExecutor.java:809)&#10;        at java.util.concurrent.ThreadPoolExecutor.getTask(ThreadPoolExecutor.java:1074)&#10;        at java.util.concurrent.ThreadPoolExecutor.runWorker(ThreadPoolExecutor.java:1134)&#10;        at java.util.concurrent.ThreadPoolExecutor$Worker.run(ThreadPoolExecutor.java:624)&#10;        at java.lang.Thread.run(Thread.java:748)&#10;&quot;PartialTableCache Cleanup Thread - 0&quot; daemon prio=5 tid=3279 in Object.wait()&#10;java.lang.Thread.State: WAITING (on object monitor)&#10;        at sun.misc.Unsafe.park(Native Method)&#10;        at java.util.concurrent.locks.LockSupport.park(LockSupport.java:175)&#10;        at java.util.concurrent.locks.AbstractQueuedSynchronizer$ConditionObject.await(AbstractQueuedSynchronizer.java:2039)&#10;        at java.util.concurrent.LinkedBlockingQueue.take(LinkedBlockingQueue.java:442)&#10;        at java.util.concurrent.ThreadPoolExecutor.getTask(ThreadPoolExecutor.java:1074)&#10;        at java.util.concurrent.ThreadPoolExecutor.runWorker(ThreadPoolExecutor.java:1134)&#10;        at java.util.concurrent.ThreadPoolExecutor$Worker.run(ThreadPoolExecutor.java:624)&#10;        at java.lang.Thread.run(Thread.java:748)&#10;&quot;IPC Server idle connection scanner for port 11860&quot; daemon prio=5 tid=5527 timed_waiting&#10;java.lang.Thread.State: TIMED_WAITING&#10;        at java.lang.Object.wait(Native Method)&#10;        at java.util.TimerThread.mainLoop(Timer.java:552)&#10;        at java.util.TimerThread.run(Timer.java:505)&#10;&quot;PartialTableCache Cleanup Thread - 0&quot; daemon prio=5 tid=3775 in Object.wait()&#10;java.lang.Thread.State: WAITING (on object monitor)&#10;        at sun.misc.Unsafe.park(Native Method)&#10;        at java.util.concurrent.locks.LockSupport.park(LockSupport.java:175)&#10;        at java.util.concurrent.locks.AbstractQueuedSynchronizer$ConditionObject.await(AbstractQueuedSynchronizer.java:2039)&#10;        at java.util.concurrent.LinkedBlockingQueue.take(LinkedBlockingQueue.java:442)&#10;        at java.util.concurrent.ThreadPoolExecutor.getTask(ThreadPoolExecutor.java:1074)&#10;        at java.util.concurrent.ThreadPoolExecutor.runWorker(ThreadPoolExecutor.java:1134)&#10;        at java.util.concurrent.ThreadPoolExecutor$Worker.run(ThreadPoolExecutor.java:624)&#10;        at java.lang.Thread.run(Thread.java:748)&#10;&quot;PartialTableCache Cleanup Thread - 0&quot; daemon prio=5 tid=999 in Object.wait()&#10;java.lang.Thread.State: WAITING (on object monitor)&#10;        at sun.misc.Unsafe.park(Native Method)&#10;        at java.util.concurrent.locks.LockSupport.park(LockSupport.java:175)&#10;        at java.util.concurrent.locks.AbstractQueuedSynchronizer$ConditionObject.await(AbstractQueuedSynchronizer.java:2039)&#10;        at java.util.concurrent.LinkedBlockingQueue.take(LinkedBlockingQueue.java:442)&#10;        at java.util.concurrent.ThreadPoolExecutor.getTask(ThreadPoolExecutor.java:1074)&#10;        at java.util.concurrent.ThreadPoolExecutor.runWorker(ThreadPoolExecutor.java:1134)&#10;        at java.util.concurrent.ThreadPoolExecutor$Worker.run(ThreadPoolExecutor.java:624)&#10;        at java.lang.Thread.run(Thread.java:748)&#10;&quot;IPC Server handler 16 on default port 11872&quot; daemon prio=5 tid=5640 timed_waiting&#10;java.lang.Thread.State: TIMED_WAITING&#10;        at sun.misc.Unsafe.park(Native Method)&#10;        at java.util.concurrent.locks.LockSupport.parkNanos(LockSupport.java:215)&#10;        at java.util.concurrent.locks.AbstractQueuedSynchronizer$ConditionObject.awaitNanos(AbstractQueuedSynchronizer.java:2078)&#10;        at java.util.concurrent.LinkedBlockingQueue.poll(LinkedBlockingQueue.java:467)&#10;        at org.apache.hadoop.ipc.CallQueueManager.take(CallQueueManager.java:295)&#10;        at org.apache.hadoop.ipc.Server$Handler.run(Server.java:2881)&#10;&quot;IPC Server handler 10 on default port 36843&quot; daemon prio=5 tid=5458 timed_waiting&#10;java.lang.Thread.State: TIMED_WAITING&#10;        at sun.misc.Unsafe.park(Native Method)&#10;        at java.util.concurrent.locks.LockSupport.parkNanos(LockSupport.java:215)&#10;        at java.util.concurrent.locks.AbstractQueuedSynchronizer$ConditionObject.awaitNanos(AbstractQueuedSynchronizer.java:2078)&#10;        at java.util.concurrent.LinkedBlockingQueue.poll(LinkedBlockingQueue.java:467)&#10;        at org.apache.hadoop.ipc.CallQueueManager.take(CallQueueManager.java:295)&#10;        at org.apache.hadoop.ipc.Server$Handler.run(Server.java:2881)&#10;&quot;OMDoubleBufferFlushThread&quot; daemon prio=5 tid=5521 timed_waiting&#10;java.lang.Thread.State: TIMED_WAITING&#10;        at java.lang.Object.wait(Native Method)&#10;        at org.apache.hadoop.ozone.om.ratis.OzoneManagerDoubleBuffer.canFlush(OzoneManagerDoubleBuffer.java:530)&#10;        at org.apache.hadoop.ozone.om.ratis.OzoneManagerDoubleBuffer.flushTransactions(OzoneManagerDoubleBuffer.java:241)&#10;        at org.apache.hadoop.ozone.om.ratis.OzoneManagerDoubleBuffer$$Lambda$118/1530007166.run(Unknown Source)&#10;        at java.lang.Thread.run(Thread.java:748)&#10;&quot;qtp880433415-5711&quot; daemon prio=5 tid=5711 timed_waiting&#10;java.lang.Thread.State: TIMED_WAITING&#10;        at sun.misc.Unsafe.park(Native Method)&#10;        at java.util.concurrent.locks.LockSupport.parkNanos(LockSupport.java:215)&#10;        at java.util.concurrent.locks.AbstractQueuedSynchronizer$ConditionObject.awaitNanos(AbstractQueuedSynchronizer.java:2078)&#10;        at org.eclipse.jetty.util.BlockingArrayQueue.poll(BlockingArrayQueue.java:382)&#10;        at org.eclipse.jetty.util.thread.QueuedThreadPool$Runner.idleJobPoll(QueuedThreadPool.java:875)&#10;        at org.eclipse.jetty.util.thread.QueuedThreadPool$Runner.run(QueuedThreadPool.java:925)&#10;        at java.lang.Thread.run(Thread.java:748)&#10;&quot;PartialTableCache Cleanup Thread - 0&quot; daemon prio=5 tid=3781 in Object.wait()&#10;java.lang.Thread.State: WAITING (on object monitor)&#10;        at sun.misc.Unsafe.park(Native Method)&#10;        at java.util.concurrent.locks.LockSupport.park(LockSupport.java:175)&#10;        at java.util.concurrent.locks.AbstractQueuedSynchronizer$ConditionObject.await(AbstractQueuedSynchronizer.java:2039)&#10;        at java.util.concurrent.LinkedBlockingQueue.take(LinkedBlockingQueue.java:442)&#10;        at java.util.concurrent.ThreadPoolExecutor.getTask(ThreadPoolExecutor.java:1074)&#10;        at java.util.concurrent.ThreadPoolExecutor.runWorker(ThreadPoolExecutor.java:1134)&#10;        at java.util.concurrent.ThreadPoolExecutor$Worker.run(ThreadPoolExecutor.java:624)&#10;        at java.lang.Thread.run(Thread.java:748)&#10;&quot;PartialTableCache Cleanup Thread - 0&quot; daemon prio=5 tid=5900 in Object.wait()&#10;java.lang.Thread.State: WAITING (on object monitor)&#10;        at sun.misc.Unsafe.park(Native Method)&#10;        at java.util.concurrent.locks.LockSupport.park(LockSupport.java:175)&#10;        at java.util.concurrent.locks.AbstractQueuedSynchronizer$ConditionObject.await(AbstractQueuedSynchronizer.java:2039)&#10;        at java.util.concurrent.LinkedBlockingQueue.take(LinkedBlockingQueue.java:442)&#10;        at java.util.concurrent.ThreadPoolExecutor.getTask(ThreadPoolExecutor.java:1074)&#10;        at java.util.concurrent.ThreadPoolExecutor.runWorker(ThreadPoolExecutor.java:1134)&#10;        at java.util.concurrent.ThreadPoolExecutor$Worker.run(ThreadPoolExecutor.java:624)&#10;        at java.lang.Thread.run(Thread.java:748)&#10;&quot;org.apache.hadoop.util.JvmPauseMonitor$Monitor@2d393d66&quot; daemon prio=5 tid=5704 timed_waiting&#10;java.lang.Thread.State: TIMED_WAITING&#10;        at java.lang.Thread.sleep(Native Method)&#10;        at org.apache.hadoop.util.JvmPauseMonitor$Monitor.run(JvmPauseMonitor.java:192)&#10;        at java.lang.Thread.run(Thread.java:748)&#10;&quot;IPC Server listener on 0&quot; daemon prio=5 tid=5429 runnable&#10;java.lang.Thread.State: RUNNABLE&#10;        at sun.nio.ch.EPollArrayWrapper.epollWait(Native Method)&#10;        at sun.nio.ch.EPollArrayWrapper.poll(EPollArrayWrapper.java:269)&#10;        at sun.nio.ch.EPollSelectorImpl.doSelect(EPollSelectorImpl.java:93)&#10;        at sun.nio.ch.SelectorImpl.lockAndDoSelect(SelectorImpl.java:86)&#10;        at sun.nio.ch.SelectorImpl.select(SelectorImpl.java:97)&#10;        at sun.nio.ch.SelectorImpl.select(SelectorImpl.java:101)&#10;        at org.apache.hadoop.ipc.Server$Listener.run(Server.java:1304)&#10;&quot;IPC Server Responder&quot; daemon prio=5 tid=6627 runnable&#10;java.lang.Thread.State: RUNNABLE&#10;        at sun.nio.ch.EPollArrayWrapper.epollWait(Native Method)&#10;        at sun.nio.ch.EPollArrayWrapper.poll(EPollArrayWrapper.java:269)&#10;        at sun.nio.ch.EPollSelectorImpl.doSelect(EPollSelectorImpl.java:93)&#10;        at sun.nio.ch.SelectorImpl.lockAndDoSelect(SelectorImpl.java:86)&#10;        at sun.nio.ch.SelectorImpl.select(SelectorImpl.java:97)&#10;        at org.apache.hadoop.ipc.Server$Responder.doRunLoop(Server.java:1480)&#10;        at org.apache.hadoop.ipc.Server$Responder.run(Server.java:1463)&#10;&quot;IPC Server handler 17 on default port 11866&quot; daemon prio=5 tid=6645 timed_waiting&#10;java.lang.Thread.State: TIMED_WAITING&#10;        at sun.misc.Unsafe.park(Native Method)&#10;        at java.util.concurrent.locks.LockSupport.parkNanos(LockSupport.java:215)&#10;        at java.util.concurrent.locks.AbstractQueuedSynchronizer$ConditionObject.awaitNanos(AbstractQueuedSynchronizer.java:2078)&#10;        at java.util.concurrent.LinkedBlockingQueue.poll(LinkedBlockingQueue.java:467)&#10;        at org.apache.hadoop.ipc.CallQueueManager.take(CallQueueManager.java:295)&#10;        at org.apache.hadoop.ipc.Server$Handler.run(Server.java:2881)&#10;&quot;Datanode ReportManager Thread - 0&quot; daemon prio=5 tid=5718 in Object.wait()&#10;java.lang.Thread.State: WAITING (on object monitor)&#10;        at sun.misc.Unsafe.park(Native Method)&#10;        at java.util.concurrent.locks.LockSupport.park(LockSupport.java:175)&#10;        at java.util.concurrent.locks.AbstractQueuedSynchronizer$ConditionObject.await(AbstractQueuedSynchronizer.java:2039)&#10;        at java.util.concurrent.ScheduledThreadPoolExecutor$DelayedWorkQueue.take(ScheduledThreadPoolExecutor.java:1088)&#10;        at java.util.concurrent.ScheduledThreadPoolExecutor$DelayedWorkQueue.take(ScheduledThreadPoolExecutor.java:809)&#10;        at java.util.concurrent.ThreadPoolExecutor.getTask(ThreadPoolExecutor.java:1074)&#10;        at java.util.concurrent.ThreadPoolExecutor.runWorker(ThreadPoolExecutor.java:1134)&#10;        at java.util.concurrent.ThreadPoolExecutor$Worker.run(ThreadPoolExecutor.java:624)&#10;        at java.lang.Thread.run(Thread.java:748)&#10;&quot;PartialTableCache Cleanup Thread - 0&quot; daemon prio=5 tid=4819 in Object.wait()&#10;java.lang.Thread.State: WAITING (on object monitor)&#10;        at sun.misc.Unsafe.park(Native Method)&#10;        at java.util.concurrent.locks.LockSupport.park(LockSupport.java:175)&#10;        at java.util.concurrent.locks.AbstractQueuedSynchronizer$ConditionObject.await(AbstractQueuedSynchronizer.java:2039)&#10;        at java.util.concurrent.LinkedBlockingQueue.take(LinkedBlockingQueue.java:442)&#10;        at java.util.concurrent.ThreadPoolExecutor.getTask(ThreadPoolExecutor.java:1074)&#10;        at java.util.concurrent.ThreadPoolExecutor.runWorker(ThreadPoolExecutor.java:1134)&#10;        at java.util.concurrent.ThreadPoolExecutor$Worker.run(ThreadPoolExecutor.java:624)&#10;        at java.lang.Thread.run(Thread.java:748)&#10;&quot;IPC Server handler 0 on default port 11866&quot; daemon prio=5 tid=6628 timed_waiting&#10;java.lang.Thread.State: TIMED_WAITING&#10;        at sun.misc.Unsafe.park(Native Method)&#10;        at java.util.concurrent.locks.LockSupport.parkNanos(LockSupport.java:215)&#10;        at java.util.concurrent.locks.AbstractQueuedSynchronizer$ConditionObject.awaitNanos(AbstractQueuedSynchronizer.java:2078)&#10;        at java.util.concurrent.LinkedBlockingQueue.poll(LinkedBlockingQueue.java:467)&#10;        at org.apache.hadoop.ipc.CallQueueManager.take(CallQueueManager.java:295)&#10;        at org.apache.hadoop.ipc.Server$Handler.run(Server.java:2881)&#10;&quot;IPC Server handler 19 on default port 41453&quot; daemon prio=5 tid=5507 timed_waiting&#10;java.lang.Thread.State: TIMED_WAITING&#10;        at sun.misc.Unsafe.park(Native Method)&#10;        at java.util.concurrent.locks.LockSupport.parkNanos(LockSupport.java:215)&#10;        at java.util.concurrent.locks.AbstractQueuedSynchronizer$ConditionObject.awaitNanos(AbstractQueuedSynchronizer.java:2078)&#10;        at java.util.concurrent.LinkedBlockingQueue.poll(LinkedBlockingQueue.java:467)&#10;        at org.apache.hadoop.ipc.CallQueueManager.take(CallQueueManager.java:295)&#10;        at org.apache.hadoop.ipc.Server$Handler.run(Server.java:2881)&#10;&quot;ChunkWriter-2-0&quot; daemon prio=5 tid=5744 in Object.wait()&#10;java.lang.Thread.State: WAITING (on object monitor)&#10;        at sun.misc.Unsafe.park(Native Method)&#10;        at java.util.concurrent.locks.LockSupport.park(LockSupport.java:175)&#10;        at java.util.concurrent.locks.AbstractQueuedSynchronizer$ConditionObject.await(AbstractQueuedSynchronizer.java:2039)&#10;        at java.util.concurrent.LinkedBlockingDeque.takeFirst(LinkedBlockingDeque.java:492)&#10;        at java.util.concurrent.LinkedBlockingDeque.take(LinkedBlockingDeque.java:680)&#10;        at java.util.concurrent.ThreadPoolExecutor.getTask(ThreadPoolExecutor.java:1074)&#10;        at java.util.concurrent.ThreadPoolExecutor.runWorker(ThreadPoolExecutor.java:1134)&#10;        at java.util.concurrent.ThreadPoolExecutor$Worker.run(ThreadPoolExecutor.java:624)&#10;        at java.lang.Thread.run(Thread.java:748)&#10;&quot;pool-1311-thread-1&quot;  prio=5 tid=6620 timed_waiting&#10;java.lang.Thread.State: TIMED_WAITING&#10;        at sun.misc.Unsafe.park(Native Method)&#10;        at java.util.concurrent.locks.LockSupport.parkNanos(LockSupport.java:215)&#10;        at java.util.concurrent.locks.AbstractQueuedSynchronizer$ConditionObject.awaitNanos(AbstractQueuedSynchronizer.java:2078)&#10;        at java.util.concurrent.ScheduledThreadPoolExecutor$DelayedWorkQueue.take(ScheduledThreadPoolExecutor.java:1093)&#10;        at java.util.concurrent.ScheduledThreadPoolExecutor$DelayedWorkQueue.take(ScheduledThreadPoolExecutor.java:809)&#10;        at java.util.concurrent.ThreadPoolExecutor.getTask(ThreadPoolExecutor.java:1074)&#10;        at java.util.concurrent.ThreadPoolExecutor.runWorker(ThreadPoolExecutor.java:1134)&#10;        at java.util.concurrent.ThreadPoolExecutor$Worker.run(ThreadPoolExecutor.java:624)&#10;        at java.lang.Thread.run(Thread.java:748)&#10;&quot;IPC Server handler 0 on default port 45819&quot; daemon prio=5 tid=5468 timed_waiting&#10;java.lang.Thread.State: TIMED_WAITING&#10;        at sun.misc.Unsafe.park(Native Method)&#10;        at java.util.concurrent.locks.LockSupport.parkNanos(LockSupport.java:215)&#10;        at java.util.concurrent.locks.AbstractQueuedSynchronizer$ConditionObject.awaitNanos(AbstractQueuedSynchronizer.java:2078)&#10;        at java.util.concurrent.LinkedBlockingQueue.poll(LinkedBlockingQueue.java:467)&#10;        at org.apache.hadoop.ipc.CallQueueManager.take(CallQueueManager.java:295)&#10;        at org.apache.hadoop.ipc.Server$Handler.run(Server.java:2881)&#10;&quot;IPC Server handler 16 on default port 11860&quot; daemon prio=5 tid=5551 timed_waiting&#10;java.lang.Thread.State: TIMED_WAITING&#10;        at sun.misc.Unsafe.park(Native Method)&#10;        at java.util.concurrent.locks.LockSupport.parkNanos(LockSupport.java:215)&#10;        at java.util.concurrent.locks.AbstractQueuedSynchronizer$ConditionObject.awaitNanos(AbstractQueuedSynchronizer.java:2078)&#10;        at java.util.concurrent.LinkedBlockingQueue.poll(LinkedBlockingQueue.java:467)&#10;        at org.apache.hadoop.ipc.CallQueueManager.take(CallQueueManager.java:295)&#10;        at org.apache.hadoop.ipc.Server$Handler.run(Server.java:2881)&#10;&quot;69db720a-335e-417f-9e4d-9b6daaea3d10@group-304D1CDEA4AC-StateMachineUpdater&quot; daemon prio=5 tid=5801 in Object.wait()&#10;java.lang.Thread.State: WAITING (on object monitor)&#10;        at java.lang.Object.wait(Native Method)&#10;        at java.lang.Object.wait(Object.java:502)&#10;        at org.apache.ratis.server.impl.StateMachineUpdater.waitForCommit(StateMachineUpdater.java:200)&#10;        at org.apache.ratis.server.impl.StateMachineUpdater.run(StateMachineUpdater.java:165)&#10;        at java.lang.Thread.run(Thread.java:748)&#10;&quot;org.apache.hadoop.util.JvmPauseMonitor$Monitor@9d7db0a&quot; daemon prio=5 tid=5681 timed_waiting&#10;java.lang.Thread.State: TIMED_WAITING&#10;        at java.lang.Thread.sleep(Native Method)&#10;        at org.apache.hadoop.util.JvmPauseMonitor$Monitor.run(JvmPauseMonitor.java:192)&#10;        at java.lang.Thread.run(Thread.java:748)&#10;&quot;Thread-4648&quot; daemon prio=5 tid=5729 timed_waiting&#10;java.lang.Thread.State: TIMED_WAITING&#10;        at sun.misc.Unsafe.park(Native Method)&#10;        at java.util.concurrent.locks.LockSupport.parkNanos(LockSupport.java:215)&#10;        at java.util.concurrent.locks.AbstractQueuedSynchronizer$ConditionObject.awaitNanos(AbstractQueuedSynchronizer.java:2078)&#10;        at java.util.concurrent.ArrayBlockingQueue.poll(ArrayBlockingQueue.java:418)&#10;        at org.apache.ratis.server.impl.LeaderState$EventQueue.poll(LeaderState.java:122)&#10;        at org.apache.ratis.server.impl.LeaderState$EventProcessor.run(LeaderState.java:506)&#10;&quot;KeyDeletingService#0&quot; daemon prio=5 tid=5532 timed_waiting&#10;java.lang.Thread.State: TIMED_WAITING&#10;        at sun.misc.Unsafe.park(Native Method)&#10;        at java.util.concurrent.locks.LockSupport.parkNanos(LockSupport.java:215)&#10;        at java.util.concurrent.locks.AbstractQueuedSynchronizer$ConditionObject.awaitNanos(AbstractQueuedSynchronizer.java:2078)&#10;        at java.util.concurrent.ScheduledThreadPoolExecutor$DelayedWorkQueue.take(ScheduledThreadPoolExecutor.java:1093)&#10;        at java.util.concurrent.ScheduledThreadPoolExecutor$DelayedWorkQueue.take(ScheduledThreadPoolExecutor.java:809)&#10;        at java.util.concurrent.ThreadPoolExecutor.getTask(ThreadPoolExecutor.java:1074)&#10;        at java.util.concurrent.ThreadPoolExecutor.runWorker(ThreadPoolExecutor.java:1134)&#10;        at java.util.concurrent.ThreadPoolExecutor$Worker.run(ThreadPoolExecutor.java:624)&#10;        at java.lang.Thread.run(Thread.java:748)&#10;&quot;IPC Server Responder&quot; daemon prio=5 tid=5617 runnable&#10;java.lang.Thread.State: RUNNABLE&#10;        at sun.nio.ch.EPollArrayWrapper.epollWait(Native Method)&#10;        at sun.nio.ch.EPollArrayWrapper.poll(EPollArrayWrapper.java:269)&#10;        at sun.nio.ch.EPollSelectorImpl.doSelect(EPollSelectorImpl.java:93)&#10;        at sun.nio.ch.SelectorImpl.lockAndDoSelect(SelectorImpl.java:86)&#10;        at sun.nio.ch.SelectorImpl.select(SelectorImpl.java:97)&#10;        at org.apache.hadoop.ipc.Server$Responder.doRunLoop(Server.java:1480)&#10;        at org.apache.hadoop.ipc.Server$Responder.run(Server.java:1463)&#10;&quot;IPC Server handler 0 on default port 11860&quot; daemon prio=5 tid=5533 timed_waiting&#10;java.lang.Thread.State: TIMED_WAITING&#10;        at sun.misc.Unsafe.park(Native Method)&#10;        at java.util.concurrent.locks.LockSupport.parkNanos(LockSupport.java:215)&#10;        at java.util.concurrent.locks.AbstractQueuedSynchronizer$ConditionObject.awaitNanos(AbstractQueuedSynchronizer.java:2078)&#10;        at java.util.concurrent.LinkedBlockingQueue.poll(LinkedBlockingQueue.java:467)&#10;        at org.apache.hadoop.ipc.CallQueueManager.take(CallQueueManager.java:295)&#10;        at org.apache.hadoop.ipc.Server$Handler.run(Server.java:2881)&#10;&quot;IPC Server handler 9 on default port 45819&quot; daemon prio=5 tid=5477 timed_waiting&#10;java.lang.Thread.State: TIMED_WAITING&#10;        at sun.misc.Unsafe.park(Native Method)&#10;        at java.util.concurrent.locks.LockSupport.parkNanos(LockSupport.java:215)&#10;        at java.util.concurrent.locks.AbstractQueuedSynchronizer$ConditionObject.awaitNanos(AbstractQueuedSynchronizer.java:2078)&#10;        at java.util.concurrent.LinkedBlockingQueue.poll(LinkedBlockingQueue.java:467)&#10;        at org.apache.hadoop.ipc.CallQueueManager.take(CallQueueManager.java:295)&#10;        at org.apache.hadoop.ipc.Server$Handler.run(Server.java:2881)&#10;&quot;pool-1067-thread-1&quot;  prio=5 tid=5441 timed_waiting&#10;java.lang.Thread.State: TIMED_WAITING&#10;        at sun.misc.Unsafe.park(Native Method)&#10;        at java.util.concurrent.locks.LockSupport.parkNanos(LockSupport.java:215)&#10;        at java.util.concurrent.locks.AbstractQueuedSynchronizer$ConditionObject.awaitNanos(AbstractQueuedSynchronizer.java:2078)&#10;        at java.util.concurrent.ScheduledThreadPoolExecutor$DelayedWorkQueue.take(ScheduledThreadPoolExecutor.java:1093)&#10;        at java.util.concurrent.ScheduledThreadPoolExecutor$DelayedWorkQueue.take(ScheduledThreadPoolExecutor.java:809)&#10;        at java.util.concurrent.ThreadPoolExecutor.getTask(ThreadPoolExecutor.java:1074)&#10;        at java.util.concurrent.ThreadPoolExecutor.runWorker(ThreadPoolExecutor.java:1134)&#10;        at java.util.concurrent.ThreadPoolExecutor$Worker.run(ThreadPoolExecutor.java:624)&#10;        at java.lang.Thread.run(Thread.java:748)&#10;&quot;BlockDeletingService#4&quot; daemon prio=5 tid=7613 in Object.wait()&#10;java.lang.Thread.State: WAITING (on object monitor)&#10;        at sun.misc.Unsafe.park(Native Method)&#10;        at java.util.concurrent.locks.LockSupport.park(LockSupport.java:175)&#10;        at java.util.concurrent.locks.AbstractQueuedSynchronizer$ConditionObject.await(AbstractQueuedSynchronizer.java:2039)&#10;        at java.util.concurrent.ScheduledThreadPoolExecutor$DelayedWorkQueue.take(ScheduledThreadPoolExecutor.java:1088)&#10;        at java.util.concurrent.ScheduledThreadPoolExecutor$DelayedWorkQueue.take(ScheduledThreadPoolExecutor.java:809)&#10;        at java.util.concurrent.ThreadPoolExecutor.getTask(ThreadPoolExecutor.java:1074)&#10;        at java.util.concurrent.ThreadPoolExecutor.runWorker(ThreadPoolExecutor.java:1134)&#10;        at java.util.concurrent.ThreadPoolExecutor$Worker.run(ThreadPoolExecutor.java:624)&#10;        at java.lang.Thread.run(Thread.java:748)&#10;&quot;Datanode State Machine Thread - 0&quot; daemon prio=5 tid=5717 timed_waiting&#10;java.lang.Thread.State: TIMED_WAITING&#10;        at java.lang.Thread.sleep(Native Method)&#10;        at org.apache.hadoop.ozone.container.common.statemachine.DatanodeStateMachine.start(DatanodeStateMachine.java:213)&#10;        at org.apache.hadoop.ozone.container.common.statemachine.DatanodeStateMachine.lambda$startDaemon$0(DatanodeStateMachine.java:379)&#10;        at org.apache.hadoop.ozone.container.common.statemachine.DatanodeStateMachine$$Lambda$285/436723628.run(Unknown Source)&#10;        at java.lang.Thread.run(Thread.java:748)&#10;&quot;Finalizer&quot; daemon prio=8 tid=3 in Object.wait()&#10;java.lang.Thread.State: WAITING (on object monitor)&#10;        at java.lang.Object.wait(Native Method)&#10;        at java.lang.ref.ReferenceQueue.remove(ReferenceQueue.java:144)&#10;        at java.lang.ref.ReferenceQueue.remove(ReferenceQueue.java:165)&#10;        at java.lang.ref.Finalizer$FinalizerThread.run(Finalizer.java:216)&#10;&quot;pool-1116-thread-1&quot;  prio=5 tid=5645 timed_waiting&#10;java.lang.Thread.State: TIMED_WAITING&#10;        at sun.misc.Unsafe.park(Native Method)&#10;        at java.util.concurrent.locks.LockSupport.parkNanos(LockSupport.java:215)&#10;        at java.util.concurrent.locks.AbstractQueuedSynchronizer$ConditionObject.awaitNanos(AbstractQueuedSynchronizer.java:2078)&#10;        at java.util.concurrent.ScheduledThreadPoolExecutor$DelayedWorkQueue.take(ScheduledThreadPoolExecutor.java:1093)&#10;        at java.util.concurrent.ScheduledThreadPoolExecutor$DelayedWorkQueue.take(ScheduledThreadPoolExecutor.java:809)&#10;        at java.util.concurrent.ThreadPoolExecutor.getTask(ThreadPoolExecutor.java:1074)&#10;        at java.util.concurrent.ThreadPoolExecutor.runWorker(ThreadPoolExecutor.java:1134)&#10;        at java.util.concurrent.ThreadPoolExecutor$Worker.run(ThreadPoolExecutor.java:624)&#10;        at java.lang.Thread.run(Thread.java:748)&#10;&quot;qtp1622107655-5669&quot; daemon prio=5 tid=5669 timed_waiting&#10;java.lang.Thread.State: TIMED_WAITING&#10;        at sun.misc.Unsafe.park(Native Method)&#10;        at java.util.concurrent.locks.LockSupport.parkNanos(LockSupport.java:215)&#10;        at java.util.concurrent.locks.AbstractQueuedSynchronizer$ConditionObject.awaitNanos(AbstractQueuedSynchronizer.java:2078)&#10;        at org.eclipse.jetty.util.BlockingArrayQueue.poll(BlockingArrayQueue.java:382)&#10;        at org.eclipse.jetty.util.thread.QueuedThreadPool$Runner.idleJobPoll(QueuedThreadPool.java:875)&#10;        at org.eclipse.jetty.util.thread.QueuedThreadPool$Runner.run(QueuedThreadPool.java:925)&#10;        at java.lang.Thread.run(Thread.java:748)&#10;&quot;IPC Server handler 10 on default port 45819&quot; daemon prio=5 tid=5478 timed_waiting&#10;java.lang.Thread.State: TIMED_WAITING&#10;        at sun.misc.Unsafe.park(Native Method)&#10;        at java.util.concurrent.locks.LockSupport.parkNanos(LockSupport.java:215)&#10;        at java.util.concurrent.locks.AbstractQueuedSynchronizer$ConditionObject.awaitNanos(AbstractQueuedSynchronizer.java:2078)&#10;        at java.util.concurrent.LinkedBlockingQueue.poll(LinkedBlockingQueue.java:467)&#10;        at org.apache.hadoop.ipc.CallQueueManager.take(CallQueueManager.java:295)&#10;        at org.apache.hadoop.ipc.Server$Handler.run(Server.java:2881)&#10;&quot;PartialTableCache Cleanup Thread - 0&quot; daemon prio=5 tid=4242 in Object.wait()&#10;java.lang.Thread.State: WAITING (on object monitor)&#10;        at sun.misc.Unsafe.park(Native Method)&#10;        at java.util.concurrent.locks.LockSupport.park(LockSupport.java:175)&#10;        at java.util.concurrent.locks.AbstractQueuedSynchronizer$ConditionObject.await(AbstractQueuedSynchronizer.java:2039)&#10;        at java.util.concurrent.LinkedBlockingQueue.take(LinkedBlockingQueue.java:442)&#10;        at java.util.concurrent.ThreadPoolExecutor.getTask(ThreadPoolExecutor.java:1074)&#10;        at java.util.concurrent.ThreadPoolExecutor.runWorker(ThreadPoolExecutor.java:1134)&#10;        at java.util.concurrent.ThreadPoolExecutor$Worker.run(ThreadPoolExecutor.java:624)&#10;        at java.lang.Thread.run(Thread.java:748)&#10;&quot;qtp1903785634-5648&quot; daemon prio=5 tid=5648 timed_waiting&#10;java.lang.Thread.State: TIMED_WAITING&#10;        at sun.misc.Unsafe.park(Native Method)&#10;        at java.util.concurrent.locks.LockSupport.parkNanos(LockSupport.java:215)&#10;        at java.util.concurrent.locks.AbstractQueuedSynchronizer$ConditionObject.awaitNanos(AbstractQueuedSynchronizer.java:2078)&#10;        at org.eclipse.jetty.util.BlockingArrayQueue.poll(BlockingArrayQueue.java:382)&#10;        at org.eclipse.jetty.util.thread.QueuedThreadPool$Runner.idleJobPoll(QueuedThreadPool.java:875)&#10;        at org.eclipse.jetty.util.thread.QueuedThreadPool$Runner.run(QueuedThreadPool.java:925)&#10;        at java.lang.Thread.run(Thread.java:748)&#10;&quot;IPC Server handler 6 on default port 11866&quot; daemon prio=5 tid=6634 timed_waiting&#10;java.lang.Thread.State: TIMED_WAITING&#10;        at sun.misc.Unsafe.park(Native Method)&#10;        at java.util.concurrent.locks.LockSupport.parkNanos(LockSupport.java:215)&#10;        at java.util.concurrent.locks.AbstractQueuedSynchronizer$ConditionObject.awaitNanos(AbstractQueuedSynchronizer.java:2078)&#10;        at java.util.concurrent.LinkedBlockingQueue.poll(LinkedBlockingQueue.java:467)&#10;        at org.apache.hadoop.ipc.CallQueueManager.take(CallQueueManager.java:295)&#10;        at org.apache.hadoop.ipc.Server$Handler.run(Server.java:2881)&#10;&quot;IPC Server handler 9 on default port 36843&quot; daemon prio=5 tid=5457 timed_waiting&#10;java.lang.Thread.State: TIMED_WAITING&#10;        at sun.misc.Unsafe.park(Native Method)&#10;        at java.util.concurrent.locks.LockSupport.parkNanos(LockSupport.java:215)&#10;        at java.util.concurrent.locks.AbstractQueuedSynchronizer$ConditionObject.awaitNanos(AbstractQueuedSynchronizer.java:2078)&#10;        at java.util.concurrent.LinkedBlockingQueue.poll(LinkedBlockingQueue.java:467)&#10;        at org.apache.hadoop.ipc.CallQueueManager.take(CallQueueManager.java:295)&#10;        at org.apache.hadoop.ipc.Server$Handler.run(Server.java:2881)&#10;&quot;IPC Server handler 6 on default port 41453&quot; daemon prio=5 tid=5494 timed_waiting&#10;java.lang.Thread.State: TIMED_WAITING&#10;        at sun.misc.Unsafe.park(Native Method)&#10;        at java.util.concurrent.locks.LockSupport.parkNanos(LockSupport.java:215)&#10;        at java.util.concurrent.locks.AbstractQueuedSynchronizer$ConditionObject.awaitNanos(AbstractQueuedSynchronizer.java:2078)&#10;        at java.util.concurrent.LinkedBlockingQueue.poll(LinkedBlockingQueue.java:467)&#10;        at org.apache.hadoop.ipc.CallQueueManager.take(CallQueueManager.java:295)&#10;        at org.apache.hadoop.ipc.Server$Handler.run(Server.java:2881)&#10;&quot;Socket Reader #1 for port 0&quot;  prio=5 tid=5430 runnable&#10;java.lang.Thread.State: RUNNABLE&#10;        at sun.nio.ch.EPollArrayWrapper.epollWait(Native Method)&#10;        at sun.nio.ch.EPollArrayWrapper.poll(EPollArrayWrapper.java:269)&#10;        at sun.nio.ch.EPollSelectorImpl.doSelect(EPollSelectorImpl.java:93)&#10;        at sun.nio.ch.SelectorImpl.lockAndDoSelect(SelectorImpl.java:86)&#10;        at sun.nio.ch.SelectorImpl.select(SelectorImpl.java:97)&#10;        at sun.nio.ch.SelectorImpl.select(SelectorImpl.java:101)&#10;        at org.apache.hadoop.ipc.Server$Listener$Reader.doRunLoop(Server.java:1242)&#10;        at org.apache.hadoop.ipc.Server$Listener$Reader.run(Server.java:1221)&#10;&quot;IPC Server handler 10 on default port 41453&quot; daemon prio=5 tid=5498 timed_waiting&#10;java.lang.Thread.State: TIMED_WAITING&#10;        at sun.misc.Unsafe.park(Native Method)&#10;        at java.util.concurrent.locks.LockSupport.parkNanos(LockSupport.java:215)&#10;        at java.util.concurrent.locks.AbstractQueuedSynchronizer$ConditionObject.awaitNanos(AbstractQueuedSynchronizer.java:2078)&#10;        at java.util.concurrent.LinkedBlockingQueue.poll(LinkedBlockingQueue.java:467)&#10;        at org.apache.hadoop.ipc.CallQueueManager.take(CallQueueManager.java:295)&#10;        at org.apache.hadoop.ipc.Server$Handler.run(Server.java:2881)&#10;&quot;PartialTableCache Cleanup Thread - 0&quot; daemon prio=5 tid=4244 in Object.wait()&#10;java.lang.Thread.State: WAITING (on object monitor)&#10;        at sun.misc.Unsafe.park(Native Method)&#10;        at java.util.concurrent.locks.LockSupport.park(LockSupport.java:175)&#10;        at java.util.concurrent.locks.AbstractQueuedSynchronizer$ConditionObject.await(AbstractQueuedSynchronizer.java:2039)&#10;        at java.util.concurrent.LinkedBlockingQueue.take(LinkedBlockingQueue.java:442)&#10;        at java.util.concurrent.ThreadPoolExecutor.getTask(ThreadPoolExecutor.java:1074)&#10;        at java.util.concurrent.ThreadPoolExecutor.runWorker(ThreadPoolExecutor.java:1134)&#10;        at java.util.concurrent.ThreadPoolExecutor$Worker.run(ThreadPoolExecutor.java:624)&#10;        at java.lang.Thread.run(Thread.java:748)&#10;&quot;Socket Reader #1 for port 0&quot;  prio=5 tid=5438 runnable&#10;java.lang.Thread.State: RUNNABLE&#10;        at sun.nio.ch.EPollArrayWrapper.epollWait(Native Method)&#10;        at sun.nio.ch.EPollArrayWrapper.poll(EPollArrayWrapper.java:269)&#10;        at sun.nio.ch.EPollSelectorImpl.doSelect(EPollSelectorImpl.java:93)&#10;        at sun.nio.ch.SelectorImpl.lockAndDoSelect(SelectorImpl.java:86)&#10;        at sun.nio.ch.SelectorImpl.select(SelectorImpl.java:97)&#10;        at sun.nio.ch.SelectorImpl.select(SelectorImpl.java:101)&#10;        at org.apache.hadoop.ipc.Server$Listener$Reader.doRunLoop(Server.java:1242)&#10;        at org.apache.hadoop.ipc.Server$Listener$Reader.run(Server.java:1221)&#10;&quot;pool-360-thread-1&quot;  prio=5 tid=1846 timed_waiting&#10;java.lang.Thread.State: TIMED_WAITING&#10;        at sun.misc.Unsafe.park(Native Method)&#10;        at java.util.concurrent.locks.LockSupport.parkNanos(LockSupport.java:215)&#10;        at java.util.concurrent.locks.AbstractQueuedSynchronizer$ConditionObject.awaitNanos(AbstractQueuedSynchronizer.java:2078)&#10;        at java.util.concurrent.ScheduledThreadPoolExecutor$DelayedWorkQueue.take(ScheduledThreadPoolExecutor.java:1093)&#10;        at java.util.concurrent.ScheduledThreadPoolExecutor$DelayedWorkQueue.take(ScheduledThreadPoolExecutor.java:809)&#10;        at java.util.concurrent.ThreadPoolExecutor.getTask(ThreadPoolExecutor.java:1074)&#10;        at java.util.concurrent.ThreadPoolExecutor.runWorker(ThreadPoolExecutor.java:1134)&#10;        at java.util.concurrent.ThreadPoolExecutor$Worker.run(ThreadPoolExecutor.java:624)&#10;        at java.lang.Thread.run(Thread.java:748)&#10;&quot;qtp675242275-6655&quot; daemon prio=5 tid=6655 timed_waiting&#10;java.lang.Thread.State: TIMED_WAITING&#10;        at sun.misc.Unsafe.park(Native Method)&#10;        at java.util.concurrent.locks.LockSupport.parkNanos(LockSupport.java:215)&#10;        at java.util.concurrent.locks.AbstractQueuedSynchronizer$ConditionObject.awaitNanos(AbstractQueuedSynchronizer.java:2078)&#10;        at org.eclipse.jetty.util.BlockingArrayQueue.poll(BlockingArrayQueue.java:382)&#10;        at org.eclipse.jetty.util.thread.QueuedThreadPool$Runner.idleJobPoll(QueuedThreadPool.java:875)&#10;        at org.eclipse.jetty.util.thread.QueuedThreadPool$Runner.run(QueuedThreadPool.java:925)&#10;        at java.lang.Thread.run(Thread.java:748)&#10;&quot;IPC Server handler 18 on default port 11866&quot; daemon prio=5 tid=6646 timed_waiting&#10;java.lang.Thread.State: TIMED_WAITING&#10;        at sun.misc.Unsafe.park(Native Method)&#10;        at java.util.concurrent.locks.LockSupport.parkNanos(LockSupport.java:215)&#10;        at java.util.concurrent.locks.AbstractQueuedSynchronizer$ConditionObject.awaitNanos(AbstractQueuedSynchronizer.java:2078)&#10;        at java.util.concurrent.LinkedBlockingQueue.poll(LinkedBlockingQueue.java:467)&#10;        at org.apache.hadoop.ipc.CallQueueManager.take(CallQueueManager.java:295)&#10;        at org.apache.hadoop.ipc.Server$Handler.run(Server.java:2881)&#10;&quot;SCMBlockDeletingService#1&quot; daemon prio=5 tid=5519 in Object.wait()&#10;java.lang.Thread.State: WAITING (on object monitor)&#10;        at sun.misc.Unsafe.park(Native Method)&#10;        at java.util.concurrent.locks.LockSupport.park(LockSupport.java:175)&#10;        at java.util.concurrent.locks.AbstractQueuedSynchronizer$ConditionObject.await(AbstractQueuedSynchronizer.java:2039)&#10;        at java.util.concurrent.ScheduledThreadPoolExecutor$DelayedWorkQueue.take(ScheduledThreadPoolExecutor.java:1088)&#10;        at java.util.concurrent.ScheduledThreadPoolExecutor$DelayedWorkQueue.take(ScheduledThreadPoolExecutor.java:809)&#10;        at java.util.concurrent.ThreadPoolExecutor.getTask(ThreadPoolExecutor.java:1074)&#10;        at java.util.concurrent.ThreadPoolExecutor.runWorker(ThreadPoolExecutor.java:1134)&#10;        at java.util.concurrent.ThreadPoolExecutor$Worker.run(ThreadPoolExecutor.java:624)&#10;        at java.lang.Thread.run(Thread.java:748)&#10;&quot;EventQueue-IncrementalContainerReportForIncrementalContainerReportHandler&quot; daemon prio=5 tid=5893 in Object.wait()&#10;java.lang.Thread.State: WAITING (on object monitor)&#10;        at sun.misc.Unsafe.park(Native Method)&#10;        at java.util.concurrent.locks.LockSupport.park(LockSupport.java:175)&#10;        at java.util.concurrent.locks.AbstractQueuedSynchronizer$ConditionObject.await(AbstractQueuedSynchronizer.java:2039)&#10;        at java.util.concurrent.LinkedBlockingQueue.take(LinkedBlockingQueue.java:442)&#10;        at java.util.concurrent.ThreadPoolExecutor.getTask(ThreadPoolExecutor.java:1074)&#10;        at java.util.concurrent.ThreadPoolExecutor.runWorker(ThreadPoolExecutor.java:1134)&#10;        at java.util.concurrent.ThreadPoolExecutor$Worker.run(ThreadPoolExecutor.java:624)&#10;        at java.lang.Thread.run(Thread.java:748)&#10;&quot;Timer for &apos;StorageContainerManager&apos; metrics system&quot; daemon prio=5 tid=5446 timed_waiting&#10;java.lang.Thread.State: TIMED_WAITING&#10;        at java.lang.Object.wait(Native Method)&#10;        at java.util.TimerThread.mainLoop(Timer.java:552)&#10;        at java.util.TimerThread.run(Timer.java:505)&#10;&quot;69db720a-335e-417f-9e4d-9b6daaea3d10@group-3E57BA319AF7-SegmentedRaftLogWorker&quot;  prio=5 tid=5802 timed_waiting&#10;java.lang.Thread.State: TIMED_WAITING&#10;        at sun.misc.Unsafe.park(Native Method)&#10;        at java.util.concurrent.locks.LockSupport.parkNanos(LockSupport.java:215)&#10;        at java.util.concurrent.locks.AbstractQueuedSynchronizer$ConditionObject.awaitNanos(AbstractQueuedSynchronizer.java:2078)&#10;        at org.apache.ratis.util.DataBlockingQueue.poll(DataBlockingQueue.java:137)&#10;        at org.apache.ratis.server.raftlog.segmented.SegmentedRaftLogWorker.run(SegmentedRaftLogWorker.java:293)&#10;        at java.lang.Thread.run(Thread.java:748)&#10;&quot;BlockDeletingService#2&quot; daemon prio=5 tid=6916 timed_waiting&#10;java.lang.Thread.State: TIMED_WAITING&#10;        at sun.misc.Unsafe.park(Native Method)&#10;        at java.util.concurrent.locks.LockSupport.parkNanos(LockSupport.java:215)&#10;        at java.util.concurrent.locks.AbstractQueuedSynchronizer$ConditionObject.awaitNanos(AbstractQueuedSynchronizer.java:2078)&#10;        at java.util.concurrent.ScheduledThreadPoolExecutor$DelayedWorkQueue.take(ScheduledThreadPoolExecutor.java:1093)&#10;        at java.util.concurrent.ScheduledThreadPoolExecutor$DelayedWorkQueue.take(ScheduledThreadPoolExecutor.java:809)&#10;        at java.util.concurrent.ThreadPoolExecutor.getTask(ThreadPoolExecutor.java:1074)&#10;        at java.util.concurrent.ThreadPoolExecutor.runWorker(ThreadPoolExecutor.java:1134)&#10;        at java.util.concurrent.ThreadPoolExecutor$Worker.run(ThreadPoolExecutor.java:624)&#10;        at java.lang.Thread.run(Thread.java:748)&#10;&quot;pool-907-thread-1&quot;  prio=5 tid=4531 timed_waiting&#10;java.lang.Thread.State: TIMED_WAITING&#10;        at sun.misc.Unsafe.park(Native Method)&#10;        at java.util.concurrent.locks.LockSupport.parkNanos(LockSupport.java:215)&#10;        at java.util.concurrent.locks.AbstractQueuedSynchronizer$ConditionObject.awaitNanos(AbstractQueuedSynchronizer.java:2078)&#10;        at java.util.concurrent.ScheduledThreadPoolExecutor$DelayedWorkQueue.take(ScheduledThreadPoolExecutor.java:1093)&#10;        at java.util.concurrent.ScheduledThreadPoolExecutor$DelayedWorkQueue.take(ScheduledThreadPoolExecutor.java:809)&#10;        at java.util.concurrent.ThreadPoolExecutor.getTask(ThreadPoolExecutor.java:1074)&#10;        at java.util.concurrent.ThreadPoolExecutor.runWorker(ThreadPoolExecutor.java:1134)&#10;        at java.util.concurrent.ThreadPoolExecutor$Worker.run(ThreadPoolExecutor.java:624)&#10;        at java.lang.Thread.run(Thread.java:748)&#10;&quot;IPC Server handler 12 on default port 11872&quot; daemon prio=5 tid=5636 timed_waiting&#10;java.lang.Thread.State: TIMED_WAITING&#10;        at sun.misc.Unsafe.park(Native Method)&#10;        at java.util.concurrent.locks.LockSupport.parkNanos(LockSupport.java:215)&#10;        at java.util.concurrent.locks.AbstractQueuedSynchronizer$ConditionObject.awaitNanos(AbstractQueuedSynchronizer.java:2078)&#10;        at java.util.concurrent.LinkedBlockingQueue.poll(LinkedBlockingQueue.java:467)&#10;        at org.apache.hadoop.ipc.CallQueueManager.take(CallQueueManager.java:295)&#10;        at org.apache.hadoop.ipc.Server$Handler.run(Server.java:2881)&#10;&quot;SCM Heartbeat Processing Thread - 0&quot; daemon prio=5 tid=5427 timed_waiting&#10;java.lang.Thread.State: TIMED_WAITING&#10;        at sun.misc.Unsafe.park(Native Method)&#10;        at java.util.concurrent.locks.LockSupport.parkNanos(LockSupport.java:215)&#10;        at java.util.concurrent.locks.AbstractQueuedSynchronizer$ConditionObject.awaitNanos(AbstractQueuedSynchronizer.java:2078)&#10;        at java.util.concurrent.ScheduledThreadPoolExecutor$DelayedWorkQueue.take(ScheduledThreadPoolExecutor.java:1093)&#10;        at java.util.concurrent.ScheduledThreadPoolExecutor$DelayedWorkQueue.take(ScheduledThreadPoolExecutor.java:809)&#10;        at java.util.concurrent.ThreadPoolExecutor.getTask(ThreadPoolExecutor.java:1074)&#10;        at java.util.concurrent.ThreadPoolExecutor.runWorker(ThreadPoolExecutor.java:1134)&#10;        at java.util.concurrent.ThreadPoolExecutor$Worker.run(ThreadPoolExecutor.java:624)&#10;        at java.lang.Thread.run(Thread.java:748)&#10;&quot;IPC Server handler 4 on default port 11866&quot; daemon prio=5 tid=6632 timed_waiting&#10;java.lang.Thread.State: TIMED_WAITING&#10;        at sun.misc.Unsafe.park(Native Method)&#10;        at java.util.concurrent.locks.LockSupport.parkNanos(LockSupport.java:215)&#10;        at java.util.concurrent.locks.AbstractQueuedSynchronizer$ConditionObject.awaitNanos(AbstractQueuedSynchronizer.java:2078)&#10;        at java.util.concurrent.LinkedBlockingQueue.poll(LinkedBlockingQueue.java:467)&#10;        at org.apache.hadoop.ipc.CallQueueManager.take(CallQueueManager.java:295)&#10;        at org.apache.hadoop.ipc.Server$Handler.run(Server.java:2881)&#10;&quot;pool-1084-thread-1&quot;  prio=5 tid=5555 timed_waiting&#10;java.lang.Thread.State: TIMED_WAITING&#10;        at sun.misc.Unsafe.park(Native Method)&#10;        at java.util.concurrent.locks.LockSupport.parkNanos(LockSupport.java:215)&#10;        at java.util.concurrent.locks.AbstractQueuedSynchronizer$ConditionObject.awaitNanos(AbstractQueuedSynchronizer.java:2078)&#10;        at java.util.concurrent.ScheduledThreadPoolExecutor$DelayedWorkQueue.take(ScheduledThreadPoolExecutor.java:1093)&#10;        at java.util.concurrent.ScheduledThreadPoolExecutor$DelayedWorkQueue.take(ScheduledThreadPoolExecutor.java:809)&#10;        at java.util.concurrent.ThreadPoolExecutor.getTask(ThreadPoolExecutor.java:1074)&#10;        at java.util.concurrent.ThreadPoolExecutor.runWorker(ThreadPoolExecutor.java:1134)&#10;        at java.util.concurrent.ThreadPoolExecutor$Worker.run(ThreadPoolExecutor.java:624)&#10;        at java.lang.Thread.run(Thread.java:748)&#10;&quot;IPC Server handler 17 on default port 45819&quot; daemon prio=5 tid=5485 timed_waiting&#10;java.lang.Thread.State: TIMED_WAITING&#10;        at sun.misc.Unsafe.park(Native Method)&#10;        at java.util.concurrent.locks.LockSupport.parkNanos(LockSupport.java:215)&#10;        at java.util.concurrent.locks.AbstractQueuedSynchronizer$ConditionObject.awaitNanos(AbstractQueuedSynchronizer.java:2078)&#10;        at java.util.concurrent.LinkedBlockingQueue.poll(LinkedBlockingQueue.java:467)&#10;        at org.apache.hadoop.ipc.CallQueueManager.take(CallQueueManager.java:295)&#10;        at org.apache.hadoop.ipc.Server$Handler.run(Server.java:2881)&#10;&quot;PartialTableCache Cleanup Thread - 0&quot; daemon prio=5 tid=4245 in Object.wait()&#10;java.lang.Thread.State: WAITING (on object monitor)&#10;        at sun.misc.Unsafe.park(Native Method)&#10;        at java.util.concurrent.locks.LockSupport.park(LockSupport.java:175)&#10;        at java.util.concurrent.locks.AbstractQueuedSynchronizer$ConditionObject.await(AbstractQueuedSynchronizer.java:2039)&#10;        at java.util.concurrent.LinkedBlockingQueue.take(LinkedBlockingQueue.java:442)&#10;        at java.util.concurrent.ThreadPoolExecutor.getTask(ThreadPoolExecutor.java:1074)&#10;        at java.util.concurrent.ThreadPoolExecutor.runWorker(ThreadPoolExecutor.java:1134)&#10;        at java.util.concurrent.ThreadPoolExecutor$Worker.run(ThreadPoolExecutor.java:624)&#10;        at java.lang.Thread.run(Thread.java:748)&#10;&quot;PartialTableCache Cleanup Thread - 0&quot; daemon prio=5 tid=993 in Object.wait()&#10;java.lang.Thread.State: WAITING (on object monitor)&#10;        at sun.misc.Unsafe.park(Native Method)&#10;        at java.util.concurrent.locks.LockSupport.park(LockSupport.java:175)&#10;        at java.util.concurrent.locks.AbstractQueuedSynchronizer$ConditionObject.await(AbstractQueuedSynchronizer.java:2039)&#10;        at java.util.concurrent.LinkedBlockingQueue.take(LinkedBlockingQueue.java:442)&#10;        at java.util.concurrent.ThreadPoolExecutor.getTask(ThreadPoolExecutor.java:1074)&#10;        at java.util.concurrent.ThreadPoolExecutor.runWorker(ThreadPoolExecutor.java:1134)&#10;        at java.util.concurrent.ThreadPoolExecutor$Worker.run(ThreadPoolExecutor.java:624)&#10;        at java.lang.Thread.run(Thread.java:748)&#10;&quot;IPC Server handler 3 on default port 45819&quot; daemon prio=5 tid=5471 timed_waiting&#10;java.lang.Thread.State: TIMED_WAITING&#10;        at sun.misc.Unsafe.park(Native Method)&#10;        at java.util.concurrent.locks.LockSupport.parkNanos(LockSupport.java:215)&#10;        at java.util.concurrent.locks.AbstractQueuedSynchronizer$ConditionObject.awaitNanos(AbstractQueuedSynchronizer.java:2078)&#10;        at java.util.concurrent.LinkedBlockingQueue.poll(LinkedBlockingQueue.java:467)&#10;        at org.apache.hadoop.ipc.CallQueueManager.take(CallQueueManager.java:295)&#10;        at org.apache.hadoop.ipc.Server$Handler.run(Server.java:2881)&#10;&quot;IPC Server handler 5 on default port 36843&quot; daemon prio=5 tid=5453 timed_waiting&#10;java.lang.Thread.State: TIMED_WAITING&#10;        at sun.misc.Unsafe.park(Native Method)&#10;        at java.util.concurrent.locks.LockSupport.parkNanos(LockSupport.java:215)&#10;        at java.util.concurrent.locks.AbstractQueuedSynchronizer$ConditionObject.awaitNanos(AbstractQueuedSynchronizer.java:2078)&#10;        at java.util.concurrent.LinkedBlockingQueue.poll(LinkedBlockingQueue.java:467)&#10;        at org.apache.hadoop.ipc.CallQueueManager.take(CallQueueManager.java:295)&#10;        at org.apache.hadoop.ipc.Server$Handler.run(Server.java:2881)&#10;&quot;PartialTableCache Cleanup Thread - 0&quot; daemon prio=5 tid=1695 in Object.wait()&#10;java.lang.Thread.State: WAITING (on object monitor)&#10;        at sun.misc.Unsafe.park(Native Method)&#10;        at java.util.concurrent.locks.LockSupport.park(LockSupport.java:175)&#10;        at java.util.concurrent.locks.AbstractQueuedSynchronizer$ConditionObject.await(AbstractQueuedSynchronizer.java:2039)&#10;        at java.util.concurrent.LinkedBlockingQueue.take(LinkedBlockingQueue.java:442)&#10;        at java.util.concurrent.ThreadPoolExecutor.getTask(ThreadPoolExecutor.java:1074)&#10;        at java.util.concurrent.ThreadPoolExecutor.runWorker(ThreadPoolExecutor.java:1134)&#10;        at java.util.concurrent.ThreadPoolExecutor$Worker.run(ThreadPoolExecutor.java:624)&#10;        at java.lang.Thread.run(Thread.java:748)&#10;&quot;PartialTableCache Cleanup Thread - 0&quot; daemon prio=5 tid=2251 in Object.wait()&#10;java.lang.Thread.State: WAITING (on object monitor)&#10;        at sun.misc.Unsafe.park(Native Method)&#10;        at java.util.concurrent.locks.LockSupport.park(LockSupport.java:175)&#10;        at java.util.concurrent.locks.AbstractQueuedSynchronizer$ConditionObject.await(AbstractQueuedSynchronizer.java:2039)&#10;        at java.util.concurrent.LinkedBlockingQueue.take(LinkedBlockingQueue.java:442)&#10;        at java.util.concurrent.ThreadPoolExecutor.getTask(ThreadPoolExecutor.java:1074)&#10;        at java.util.concurrent.ThreadPoolExecutor.runWorker(ThreadPoolExecutor.java:1134)&#10;        at java.util.concurrent.ThreadPoolExecutor$Worker.run(ThreadPoolExecutor.java:624)&#10;        at java.lang.Thread.run(Thread.java:748)&#10;&quot;pool-891-thread-1&quot;  prio=5 tid=4486 timed_waiting&#10;java.lang.Thread.State: TIMED_WAITING&#10;        at sun.misc.Unsafe.park(Native Method)&#10;        at java.util.concurrent.locks.LockSupport.parkNanos(LockSupport.java:215)&#10;        at java.util.concurrent.locks.AbstractQueuedSynchronizer$ConditionObject.awaitNanos(AbstractQueuedSynchronizer.java:2078)&#10;        at java.util.concurrent.ScheduledThreadPoolExecutor$DelayedWorkQueue.take(ScheduledThreadPoolExecutor.java:1093)&#10;        at java.util.concurrent.ScheduledThreadPoolExecutor$DelayedWorkQueue.take(ScheduledThreadPoolExecutor.java:809)&#10;        at java.util.concurrent.ThreadPoolExecutor.getTask(ThreadPoolExecutor.java:1074)&#10;        at java.util.concurrent.ThreadPoolExecutor.runWorker(ThreadPoolExecutor.java:1134)&#10;        at java.util.concurrent.ThreadPoolExecutor$Worker.run(ThreadPoolExecutor.java:624)&#10;        at java.lang.Thread.run(Thread.java:748)&#10;&quot;PartialTableCache Cleanup Thread - 0&quot; daemon prio=5 tid=3769 in Object.wait()&#10;java.lang.Thread.State: WAITING (on object monitor)&#10;        at sun.misc.Unsafe.park(Native Method)&#10;        at java.util.concurrent.locks.LockSupport.park(LockSupport.java:175)&#10;        at java.util.concurrent.locks.AbstractQueuedSynchronizer$ConditionObject.await(AbstractQueuedSynchronizer.java:2039)&#10;        at java.util.concurrent.LinkedBlockingQueue.take(LinkedBlockingQueue.java:442)&#10;        at java.util.concurrent.ThreadPoolExecutor.getTask(ThreadPoolExecutor.java:1074)&#10;        at java.util.concurrent.ThreadPoolExecutor.runWorker(ThreadPoolExecutor.java:1134)&#10;        at java.util.concurrent.ThreadPoolExecutor$Worker.run(ThreadPoolExecutor.java:624)&#10;        at java.lang.Thread.run(Thread.java:748)&#10;&quot;qtp1650455680-5688&quot; daemon prio=5 tid=5688 timed_waiting&#10;java.lang.Thread.State: TIMED_WAITING&#10;        at sun.misc.Unsafe.park(Native Method)&#10;        at java.util.concurrent.locks.LockSupport.parkNanos(LockSupport.java:215)&#10;        at java.util.concurrent.locks.AbstractQueuedSynchronizer$ConditionObject.awaitNanos(AbstractQueuedSynchronizer.java:2078)&#10;        at org.eclipse.jetty.util.BlockingArrayQueue.poll(BlockingArrayQueue.java:382)&#10;        at org.eclipse.jetty.util.thread.QueuedThreadPool$Runner.idleJobPoll(QueuedThreadPool.java:875)&#10;        at org.eclipse.jetty.util.thread.QueuedThreadPool$Runner.run(QueuedThreadPool.java:925)&#10;        at java.lang.Thread.run(Thread.java:748)&#10;&quot;IPC Server handler 18 on default port 11872&quot; daemon prio=5 tid=5642 timed_waiting&#10;java.lang.Thread.State: TIMED_WAITING&#10;        at sun.misc.Unsafe.park(Native Method)&#10;        at java.util.concurrent.locks.LockSupport.parkNanos(LockSupport.java:215)&#10;        at java.util.concurrent.locks.AbstractQueuedSynchronizer$ConditionObject.awaitNanos(AbstractQueuedSynchronizer.java:2078)&#10;        at java.util.concurrent.LinkedBlockingQueue.poll(LinkedBlockingQueue.java:467)&#10;        at org.apache.hadoop.ipc.CallQueueManager.take(CallQueueManager.java:295)&#10;        at org.apache.hadoop.ipc.Server$Handler.run(Server.java:2881)&#10;&quot;IPC Server handler 3 on default port 41453&quot; daemon prio=5 tid=5491 timed_waiting&#10;java.lang.Thread.State: TIMED_WAITING&#10;        at sun.misc.Unsafe.park(Native Method)&#10;        at java.util.concurrent.locks.LockSupport.parkNanos(LockSupport.java:215)&#10;        at java.util.concurrent.locks.AbstractQueuedSynchronizer$ConditionObject.awaitNanos(AbstractQueuedSynchronizer.java:2078)&#10;        at java.util.concurrent.LinkedBlockingQueue.poll(LinkedBlockingQueue.java:467)&#10;        at org.apache.hadoop.ipc.CallQueueManager.take(CallQueueManager.java:295)&#10;        at org.apache.hadoop.ipc.Server$Handler.run(Server.java:2881)&#10;&quot;Thread-4756&quot; daemon prio=5 tid=5860 timed_waiting&#10;java.lang.Thread.State: TIMED_WAITING&#10;        at sun.misc.Unsafe.park(Native Method)&#10;        at java.util.concurrent.locks.LockSupport.parkNanos(LockSupport.java:215)&#10;        at java.util.concurrent.locks.AbstractQueuedSynchronizer$ConditionObject.awaitNanos(AbstractQueuedSynchronizer.java:2078)&#10;        at java.util.concurrent.ArrayBlockingQueue.poll(ArrayBlockingQueue.java:418)&#10;        at org.apache.ratis.server.impl.LeaderState$EventQueue.poll(LeaderState.java:122)&#10;        at org.apache.ratis.server.impl.LeaderState$EventProcessor.run(LeaderState.java:506)&#10;&quot;ChunkWriter-1-0&quot; daemon prio=5 tid=5743 in Object.wait()&#10;java.lang.Thread.State: WAITING (on object monitor)&#10;        at sun.misc.Unsafe.park(Native Method)&#10;        at java.util.concurrent.locks.LockSupport.park(LockSupport.java:175)&#10;        at java.util.concurrent.locks.AbstractQueuedSynchronizer$ConditionObject.await(AbstractQueuedSynchronizer.java:2039)&#10;        at java.util.concurrent.LinkedBlockingDeque.takeFirst(LinkedBlockingDeque.java:492)&#10;        at java.util.concurrent.LinkedBlockingDeque.take(LinkedBlockingDeque.java:680)&#10;        at java.util.concurrent.ThreadPoolExecutor.getTask(ThreadPoolExecutor.java:1074)&#10;        at java.util.concurrent.ThreadPoolExecutor.runWorker(ThreadPoolExecutor.java:1134)&#10;        at java.util.concurrent.ThreadPoolExecutor$Worker.run(ThreadPoolExecutor.java:624)&#10;        at java.lang.Thread.run(Thread.java:748)&#10;&quot;grpc-default-executor-10&quot; daemon prio=5 tid=7499 timed_waiting&#10;java.lang.Thread.State: TIMED_WAITING&#10;        at sun.misc.Unsafe.park(Native Method)&#10;        at java.util.concurrent.locks.LockSupport.parkNanos(LockSupport.java:215)&#10;        at java.util.concurrent.SynchronousQueue$TransferStack.awaitFulfill(SynchronousQueue.java:460)&#10;        at java.util.concurrent.SynchronousQueue$TransferStack.transfer(SynchronousQueue.java:362)&#10;        at java.util.concurrent.SynchronousQueue.poll(SynchronousQueue.java:941)&#10;        at java.util.concurrent.ThreadPoolExecutor.getTask(ThreadPoolExecutor.java:1073)&#10;        at java.util.concurrent.ThreadPoolExecutor.runWorker(ThreadPoolExecutor.java:1134)&#10;        at java.util.concurrent.ThreadPoolExecutor$Worker.run(ThreadPoolExecutor.java:624)&#10;        at java.lang.Thread.run(Thread.java:748)&#10;&quot;Session-HouseKeeper-763b4b94-1&quot;  prio=5 tid=5516 timed_waiting&#10;java.lang.Thread.State: TIMED_WAITING&#10;        at sun.misc.Unsafe.park(Native Method)&#10;        at java.util.concurrent.locks.LockSupport.parkNanos(LockSupport.java:215)&#10;        at java.util.concurrent.locks.AbstractQueuedSynchronizer$ConditionObject.awaitNanos(AbstractQueuedSynchronizer.java:2078)&#10;        at java.util.concurrent.ScheduledThreadPoolExecutor$DelayedWorkQueue.take(ScheduledThreadPoolExecutor.java:1093)&#10;        at java.util.concurrent.ScheduledThreadPoolExecutor$DelayedWorkQueue.take(ScheduledThreadPoolExecutor.java:809)&#10;        at java.util.concurrent.ThreadPoolExecutor.getTask(ThreadPoolExecutor.java:1074)&#10;        at java.util.concurrent.ThreadPoolExecutor.runWorker(ThreadPoolExecutor.java:1134)&#10;        at java.util.concurrent.ThreadPoolExecutor$Worker.run(ThreadPoolExecutor.java:624)&#10;        at java.lang.Thread.run(Thread.java:748)&#10;&quot;Thread-4647&quot; daemon prio=5 tid=5728 timed_waiting&#10;java.lang.Thread.State: TIMED_WAITING&#10;        at java.lang.Thread.sleep(Native Method)&#10;        at org.apache.ratis.util.JavaUtils.sleep(JavaUtils.java:243)&#10;        at org.apache.ratis.server.impl.FollowerState.run(FollowerState.java:97)&#10;&quot;Socket Reader #1 for port 11872&quot;  prio=5 tid=5615 runnable&#10;java.lang.Thread.State: RUNNABLE&#10;        at sun.nio.ch.EPollArrayWrapper.epollWait(Native Method)&#10;        at sun.nio.ch.EPollArrayWrapper.poll(EPollArrayWrapper.java:269)&#10;        at sun.nio.ch.EPollSelectorImpl.doSelect(EPollSelectorImpl.java:93)&#10;        at sun.nio.ch.SelectorImpl.lockAndDoSelect(SelectorImpl.java:86)&#10;        at sun.nio.ch.SelectorImpl.select(SelectorImpl.java:97)&#10;        at sun.nio.ch.SelectorImpl.select(SelectorImpl.java:101)&#10;        at org.apache.hadoop.ipc.Server$Listener$Reader.doRunLoop(Server.java:1242)&#10;        at org.apache.hadoop.ipc.Server$Listener$Reader.run(Server.java:1221)&#10;&quot;pool-59-thread-1&quot;  prio=5 tid=205 timed_waiting&#10;java.lang.Thread.State: TIMED_WAITING&#10;        at sun.misc.Unsafe.park(Native Method)&#10;        at java.util.concurrent.locks.LockSupport.parkNanos(LockSupport.java:215)&#10;        at java.util.concurrent.locks.AbstractQueuedSynchronizer$ConditionObject.awaitNanos(AbstractQueuedSynchronizer.java:2078)&#10;        at java.util.concurrent.ScheduledThreadPoolExecutor$DelayedWorkQueue.take(ScheduledThreadPoolExecutor.java:1093)&#10;        at java.util.concurrent.ScheduledThreadPoolExecutor$DelayedWorkQueue.take(ScheduledThreadPoolExecutor.java:809)&#10;        at java.util.concurrent.ThreadPoolExecutor.getTask(ThreadPoolExecutor.java:1074)&#10;        at java.util.concurrent.ThreadPoolExecutor.runWorker(ThreadPoolExecutor.java:1134)&#10;        at java.util.concurrent.ThreadPoolExecutor$Worker.run(ThreadPoolExecutor.java:624)&#10;        at java.lang.Thread.run(Thread.java:748)&#10;&quot;PartialTableCache Cleanup Thread - 0&quot; daemon prio=5 tid=497 in Object.wait()&#10;java.lang.Thread.State: WAITING (on object monitor)&#10;        at sun.misc.Unsafe.park(Native Method)&#10;        at java.util.concurrent.locks.LockSupport.park(LockSupport.java:175)&#10;        at java.util.concurrent.locks.AbstractQueuedSynchronizer$ConditionObject.await(AbstractQueuedSynchronizer.java:2039)&#10;        at java.util.concurrent.LinkedBlockingQueue.take(LinkedBlockingQueue.java:442)&#10;        at java.util.concurrent.ThreadPoolExecutor.getTask(ThreadPoolExecutor.java:1074)&#10;        at java.util.concurrent.ThreadPoolExecutor.runWorker(ThreadPoolExecutor.java:1134)&#10;        at java.util.concurrent.ThreadPoolExecutor$Worker.run(ThreadPoolExecutor.java:624)&#10;        at java.lang.Thread.run(Thread.java:748)&#10;&quot;qtp187225922-5514&quot; daemon prio=5 tid=5514 timed_waiting&#10;java.lang.Thread.State: TIMED_WAITING&#10;        at sun.misc.Unsafe.park(Native Method)&#10;        at java.util.concurrent.locks.LockSupport.parkNanos(LockSupport.java:215)&#10;        at java.util.concurrent.locks.AbstractQueuedSynchronizer$ConditionObject.awaitNanos(AbstractQueuedSynchronizer.java:2078)&#10;        at org.eclipse.jetty.util.BlockingArrayQueue.poll(BlockingArrayQueue.java:382)&#10;        at org.eclipse.jetty.util.thread.QueuedThreadPool$Runner.idleJobPoll(QueuedThreadPool.java:875)&#10;        at org.eclipse.jetty.util.thread.QueuedThreadPool$Runner.run(QueuedThreadPool.java:925)&#10;        at java.lang.Thread.run(Thread.java:748)&#10;&quot;IPC Server idle connection scanner for port 11872&quot; daemon prio=5 tid=5616 timed_waiting&#10;java.lang.Thread.State: TIMED_WAITING&#10;        at java.lang.Object.wait(Native Method)&#10;        at java.util.TimerThread.mainLoop(Timer.java:552)&#10;        at java.util.TimerThread.run(Timer.java:505)&#10;&quot;69db720a-335e-417f-9e4d-9b6daaea3d10@group-3E57BA319AF7-StateMachineUpdater&quot; daemon prio=5 tid=5803 in Object.wait()&#10;java.lang.Thread.State: WAITING (on object monitor)&#10;        at java.lang.Object.wait(Native Method)&#10;        at java.lang.Object.wait(Object.java:502)&#10;        at org.apache.ratis.server.impl.StateMachineUpdater.waitForCommit(StateMachineUpdater.java:200)&#10;        at org.apache.ratis.server.impl.StateMachineUpdater.run(StateMachineUpdater.java:165)&#10;        at java.lang.Thread.run(Thread.java:748)&#10;&quot;Datanode ReportManager Thread - 3&quot; daemon prio=5 tid=5679 in Object.wait()&#10;java.lang.Thread.State: WAITING (on object monitor)&#10;        at sun.misc.Unsafe.park(Native Method)&#10;        at java.util.concurrent.locks.LockSupport.park(LockSupport.java:175)&#10;        at java.util.concurrent.locks.AbstractQueuedSynchronizer$ConditionObject.await(AbstractQueuedSynchronizer.java:2039)&#10;        at java.util.concurrent.ScheduledThreadPoolExecutor$DelayedWorkQueue.take(ScheduledThreadPoolExecutor.java:1088)&#10;        at java.util.concurrent.ScheduledThreadPoolExecutor$DelayedWorkQueue.take(ScheduledThreadPoolExecutor.java:809)&#10;        at java.util.concurrent.ThreadPoolExecutor.getTask(ThreadPoolExecutor.java:1074)&#10;        at java.util.concurrent.ThreadPoolExecutor.runWorker(ThreadPoolExecutor.java:1134)&#10;        at java.util.concurrent.ThreadPoolExecutor$Worker.run(ThreadPoolExecutor.java:624)&#10;        at java.lang.Thread.run(Thread.java:748)&#10;&quot;Thread-4745&quot; daemon prio=5 tid=5849 timed_waiting&#10;java.lang.Thread.State: TIMED_WAITING&#10;        at java.lang.Thread.sleep(Native Method)&#10;        at org.apache.ratis.util.JavaUtils.sleep(JavaUtils.java:243)&#10;        at org.apache.ratis.server.impl.FollowerState.run(FollowerState.java:97)&#10;&quot;qtp880433415-5708&quot; daemon prio=5 tid=5708 runnable&#10;java.lang.Thread.State: RUNNABLE&#10;        at sun.nio.ch.EPollArrayWrapper.epollWait(Native Method)&#10;        at sun.nio.ch.EPollArrayWrapper.poll(EPollArrayWrapper.java:269)&#10;        at sun.nio.ch.EPollSelectorImpl.doSelect(EPollSelectorImpl.java:93)&#10;        at sun.nio.ch.SelectorImpl.lockAndDoSelect(SelectorImpl.java:86)&#10;        at sun.nio.ch.SelectorImpl.select(SelectorImpl.java:97)&#10;        at sun.nio.ch.SelectorImpl.select(SelectorImpl.java:101)&#10;        at org.eclipse.jetty.io.ManagedSelector$SelectorProducer.select(ManagedSelector.java:472)&#10;        at org.eclipse.jetty.io.ManagedSelector$SelectorProducer.produce(ManagedSelector.java:409)&#10;        at org.eclipse.jetty.util.thread.strategy.EatWhatYouKill.produceTask(EatWhatYouKill.java:360)&#10;        at org.eclipse.jetty.util.thread.strategy.EatWhatYouKill.doProduce(EatWhatYouKill.java:184)&#10;        at org.eclipse.jetty.util.thread.strategy.EatWhatYouKill.tryProduce(EatWhatYouKill.java:171)&#10;        at org.eclipse.jetty.util.thread.strategy.EatWhatYouKill.produce(EatWhatYouKill.java:135)&#10;        at org.eclipse.jetty.io.ManagedSelector$$Lambda$72/1129097646.run(Unknown Source)&#10;        at org.eclipse.jetty.util.thread.QueuedThreadPool.runJob(QueuedThreadPool.java:806)&#10;        at org.eclipse.jetty.util.thread.QueuedThreadPool$Runner.run(QueuedThreadPool.java:938)&#10;        at java.lang.Thread.run(Thread.java:748)&#10;&quot;IPC Server Responder&quot; daemon prio=5 tid=5528 runnable&#10;java.lang.Thread.State: RUNNABLE&#10;        at sun.nio.ch.EPollArrayWrapper.epollWait(Native Method)&#10;        at sun.nio.ch.EPollArrayWrapper.poll(EPollArrayWrapper.java:269)&#10;        at sun.nio.ch.EPollSelectorImpl.doSelect(EPollSelectorImpl.java:93)&#10;        at sun.nio.ch.SelectorImpl.lockAndDoSelect(SelectorImpl.java:86)&#10;        at sun.nio.ch.SelectorImpl.select(SelectorImpl.java:97)&#10;        at org.apache.hadoop.ipc.Server$Responder.doRunLoop(Server.java:1480)&#10;        at org.apache.hadoop.ipc.Server$Responder.run(Server.java:1463)&#10;&quot;BlockDeletingService#3&quot; daemon prio=5 tid=7263 in Object.wait()&#10;java.lang.Thread.State: WAITING (on object monitor)&#10;        at sun.misc.Unsafe.park(Native Method)&#10;        at java.util.concurrent.locks.LockSupport.park(LockSupport.java:175)&#10;        at java.util.concurrent.locks.AbstractQueuedSynchronizer$ConditionObject.await(AbstractQueuedSynchronizer.java:2039)&#10;        at java.util.concurrent.ScheduledThreadPoolExecutor$DelayedWorkQueue.take(ScheduledThreadPoolExecutor.java:1088)&#10;        at java.util.concurrent.ScheduledThreadPoolExecutor$DelayedWorkQueue.take(ScheduledThreadPoolExecutor.java:809)&#10;        at java.util.concurrent.ThreadPoolExecutor.getTask(ThreadPoolExecutor.java:1074)&#10;        at java.util.concurrent.ThreadPoolExecutor.runWorker(ThreadPoolExecutor.java:1134)&#10;        at java.util.concurrent.ThreadPoolExecutor$Worker.run(ThreadPoolExecutor.java:624)&#10;        at java.lang.Thread.run(Thread.java:748)&#10;&quot;Timer-33&quot;  prio=5 tid=6617 timed_waiting&#10;java.lang.Thread.State: TIMED_WAITING&#10;        at java.lang.Object.wait(Native Method)&#10;        at java.util.TimerThread.mainLoop(Timer.java:552)&#10;        at java.util.TimerThread.run(Timer.java:505)&#10;&quot;IPC Server handler 5 on default port 45819&quot; daemon prio=5 tid=5473 timed_waiting&#10;java.lang.Thread.State: TIMED_WAITING&#10;        at sun.misc.Unsafe.park(Native Method)&#10;        at java.util.concurrent.locks.LockSupport.parkNanos(LockSupport.java:215)&#10;        at java.util.concurrent.locks.AbstractQueuedSynchronizer$ConditionObject.awaitNanos(AbstractQueuedSynchronizer.java:2078)&#10;        at java.util.concurrent.LinkedBlockingQueue.poll(LinkedBlockingQueue.java:467)&#10;        at org.apache.hadoop.ipc.CallQueueManager.take(CallQueueManager.java:295)&#10;        at org.apache.hadoop.ipc.Server$Handler.run(Server.java:2881)&#10;&quot;PartialTableCache Cleanup Thread - 0&quot; daemon prio=5 tid=4821 in Object.wait()&#10;java.lang.Thread.State: WAITING (on object monitor)&#10;        at sun.misc.Unsafe.park(Native Method)&#10;        at java.util.concurrent.locks.LockSupport.park(LockSupport.java:175)&#10;        at java.util.concurrent.locks.AbstractQueuedSynchronizer$ConditionObject.await(AbstractQueuedSynchronizer.java:2039)&#10;        at java.util.concurrent.LinkedBlockingQueue.take(LinkedBlockingQueue.java:442)&#10;        at java.util.concurrent.ThreadPoolExecutor.getTask(ThreadPoolExecutor.java:1074)&#10;        at java.util.concurrent.ThreadPoolExecutor.runWorker(ThreadPoolExecutor.java:1134)&#10;        at java.util.concurrent.ThreadPoolExecutor$Worker.run(ThreadPoolExecutor.java:624)&#10;        at java.lang.Thread.run(Thread.java:748)&#10;&quot;Reference Handler&quot; daemon prio=10 tid=2 in Object.wait()&#10;java.lang.Thread.State: WAITING (on object monitor)&#10;        at java.lang.Object.wait(Native Method)&#10;        at java.lang.Object.wait(Object.java:502)&#10;        at java.lang.ref.Reference.tryHandlePending(Reference.java:191)&#10;        at java.lang.ref.Reference$ReferenceHandler.run(Reference.java:153)&#10;&quot;omNode-3@group-523986131536-SegmentedRaftLogWorker&quot;  prio=5 tid=5618 timed_waiting&#10;java.lang.Thread.State: TIMED_WAITING&#10;        at sun.misc.Unsafe.park(Native Method)&#10;        at java.util.concurrent.locks.LockSupport.parkNanos(LockSupport.java:215)&#10;        at java.util.concurrent.locks.AbstractQueuedSynchronizer$ConditionObject.awaitNanos(AbstractQueuedSynchronizer.java:2078)&#10;        at org.apache.ratis.util.DataBlockingQueue.poll(DataBlockingQueue.java:137)&#10;        at org.apache.ratis.server.raftlog.segmented.SegmentedRaftLogWorker.run(SegmentedRaftLogWorker.java:293)&#10;        at java.lang.Thread.run(Thread.java:748)&#10;&quot;PartialTableCache Cleanup Thread - 0&quot; daemon prio=5 tid=2736 in Object.wait()&#10;java.lang.Thread.State: WAITING (on object monitor)&#10;        at sun.misc.Unsafe.park(Native Method)&#10;        at java.util.concurrent.locks.LockSupport.park(LockSupport.java:175)&#10;        at java.util.concurrent.locks.AbstractQueuedSynchronizer$ConditionObject.await(AbstractQueuedSynchronizer.java:2039)&#10;        at java.util.concurrent.LinkedBlockingQueue.take(LinkedBlockingQueue.java:442)&#10;        at java.util.concurrent.ThreadPoolExecutor.getTask(ThreadPoolExecutor.java:1074)&#10;        at java.util.concurrent.ThreadPoolExecutor.runWorker(ThreadPoolExecutor.java:1134)&#10;        at java.util.concurrent.ThreadPoolExecutor$Worker.run(ThreadPoolExecutor.java:624)&#10;        at java.lang.Thread.run(Thread.java:748)&#10;&quot;org.apache.ratis.server.impl.LogAppender$AppenderDaemon$$Lambda$336/202934955@2d5d1f50&quot; daemon prio=5 tid=5852 timed_waiting&#10;java.lang.Thread.State: TIMED_WAITING&#10;        at java.lang.Object.wait(Native Method)&#10;        at org.apache.ratis.grpc.server.GrpcLogAppender.mayWait(GrpcLogAppender.java:151)&#10;        at org.apache.ratis.grpc.server.GrpcLogAppender.runAppenderImpl(GrpcLogAppender.java:105)&#10;        at org.apache.ratis.server.impl.LogAppender$AppenderDaemon.run(LogAppender.java:77)&#10;        at org.apache.ratis.server.impl.LogAppender$AppenderDaemon$$Lambda$336/202934955.run(Unknown Source)&#10;        at java.lang.Thread.run(Thread.java:748)&#10;&quot;EventQueue-DatanodeCommandForSCMNodeManager&quot;  prio=5 tid=5773 in Object.wait()&#10;java.lang.Thread.State: WAITING (on object monitor)&#10;        at sun.misc.Unsafe.park(Native Method)&#10;        at java.util.concurrent.locks.LockSupport.park(LockSupport.java:175)&#10;        at java.util.concurrent.locks.AbstractQueuedSynchronizer$ConditionObject.await(AbstractQueuedSynchronizer.java:2039)&#10;        at java.util.concurrent.LinkedBlockingQueue.take(LinkedBlockingQueue.java:442)&#10;        at java.util.concurrent.ThreadPoolExecutor.getTask(ThreadPoolExecutor.java:1074)&#10;        at java.util.concurrent.ThreadPoolExecutor.runWorker(ThreadPoolExecutor.java:1134)&#10;        at java.util.concurrent.ThreadPoolExecutor$Worker.run(ThreadPoolExecutor.java:624)&#10;        at java.lang.Thread.run(Thread.java:748)&#10;&quot;IPC Server handler 7 on default port 11872&quot; daemon prio=5 tid=5631 timed_waiting&#10;java.lang.Thread.State: TIMED_WAITING&#10;        at sun.misc.Unsafe.park(Native Method)&#10;        at java.util.concurrent.locks.LockSupport.parkNanos(LockSupport.java:215)&#10;        at java.util.concurrent.locks.AbstractQueuedSynchronizer$ConditionObject.awaitNanos(AbstractQueuedSynchronizer.java:2078)&#10;        at java.util.concurrent.LinkedBlockingQueue.poll(LinkedBlockingQueue.java:467)&#10;        at org.apache.hadoop.ipc.CallQueueManager.take(CallQueueManager.java:295)&#10;        at org.apache.hadoop.ipc.Server$Handler.run(Server.java:2881)&#10;&quot;java.util.concurrent.ThreadPoolExecutor$Worker@468f0b5c[State = -1, empty queue]&quot; daemon prio=5 tid=5816 timed_waiting&#10;java.lang.Thread.State: TIMED_WAITING&#10;        at sun.misc.Unsafe.park(Native Method)&#10;        at java.util.concurrent.locks.LockSupport.parkNanos(LockSupport.java:215)&#10;        at java.util.concurrent.locks.AbstractQueuedSynchronizer$ConditionObject.awaitNanos(AbstractQueuedSynchronizer.java:2078)&#10;        at java.util.concurrent.ScheduledThreadPoolExecutor$DelayedWorkQueue.take(ScheduledThreadPoolExecutor.java:1093)&#10;        at java.util.concurrent.ScheduledThreadPoolExecutor$DelayedWorkQueue.take(ScheduledThreadPoolExecutor.java:809)&#10;        at java.util.concurrent.ThreadPoolExecutor.getTask(ThreadPoolExecutor.java:1074)&#10;        at java.util.concurrent.ThreadPoolExecutor.runWorker(ThreadPoolExecutor.java:1134)&#10;        at java.util.concurrent.ThreadPoolExecutor$Worker.run(ThreadPoolExecutor.java:624)&#10;        at java.lang.Thread.run(Thread.java:748)&#10;&quot;Datanode State Machine Thread - 0&quot; daemon prio=5 tid=5682 timed_waiting&#10;java.lang.Thread.State: TIMED_WAITING&#10;        at sun.misc.Unsafe.park(Native Method)&#10;        at java.util.concurrent.locks.LockSupport.parkNanos(LockSupport.java:215)&#10;        at java.util.concurrent.SynchronousQueue$TransferStack.awaitFulfill(SynchronousQueue.java:460)&#10;        at java.util.concurrent.SynchronousQueue$TransferStack.transfer(SynchronousQueue.java:362)&#10;        at java.util.concurrent.SynchronousQueue.poll(SynchronousQueue.java:941)&#10;        at java.util.concurrent.ThreadPoolExecutor.getTask(ThreadPoolExecutor.java:1073)&#10;        at java.util.concurrent.ThreadPoolExecutor.runWorker(ThreadPoolExecutor.java:1134)&#10;        at java.util.concurrent.ThreadPoolExecutor$Worker.run(ThreadPoolExecutor.java:624)&#10;        at java.lang.Thread.run(Thread.java:748)&#10;&quot;PartialTableCache Cleanup Thread - 0&quot; daemon prio=5 tid=4816 in Object.wait()&#10;java.lang.Thread.State: WAITING (on object monitor)&#10;        at sun.misc.Unsafe.park(Native Method)&#10;        at java.util.concurrent.locks.LockSupport.park(LockSupport.java:175)&#10;        at java.util.concurrent.locks.AbstractQueuedSynchronizer$ConditionObject.await(AbstractQueuedSynchronizer.java:2039)&#10;        at java.util.concurrent.LinkedBlockingQueue.take(LinkedBlockingQueue.java:442)&#10;        at java.util.concurrent.ThreadPoolExecutor.getTask(ThreadPoolExecutor.java:1074)&#10;        at java.util.concurrent.ThreadPoolExecutor.runWorker(ThreadPoolExecutor.java:1134)&#10;        at java.util.concurrent.ThreadPoolExecutor$Worker.run(ThreadPoolExecutor.java:624)&#10;        at java.lang.Thread.run(Thread.java:748)&#10;&quot;Session-HouseKeeper-4219b5ee-1&quot;  prio=5 tid=5654 timed_waiting&#10;java.lang.Thread.State: TIMED_WAITING&#10;        at sun.misc.Unsafe.park(Native Method)&#10;        at java.util.concurrent.locks.LockSupport.parkNanos(LockSupport.java:215)&#10;        at java.util.concurrent.locks.AbstractQueuedSynchronizer$ConditionObject.awaitNanos(AbstractQueuedSynchronizer.java:2078)&#10;        at java.util.concurrent.ScheduledThreadPoolExecutor$DelayedWorkQueue.take(ScheduledThreadPoolExecutor.java:1093)&#10;        at java.util.concurrent.ScheduledThreadPoolExecutor$DelayedWorkQueue.take(ScheduledThreadPoolExecutor.java:809)&#10;        at java.util.concurrent.ThreadPoolExecutor.getTask(ThreadPoolExecutor.java:1074)&#10;        at java.util.concurrent.ThreadPoolExecutor.runWorker(ThreadPoolExecutor.java:1134)&#10;        at java.util.concurrent.ThreadPoolExecutor$Worker.run(ThreadPoolExecutor.java:624)&#10;        at java.lang.Thread.run(Thread.java:748)&#10;&quot;grpc-default-executor-9&quot; daemon prio=5 tid=7455 timed_waiting&#10;java.lang.Thread.State: TIMED_WAITING&#10;        at sun.misc.Unsafe.park(Native Method)&#10;        at java.util.concurrent.locks.LockSupport.parkNanos(LockSupport.java:215)&#10;        at java.util.concurrent.SynchronousQueue$TransferStack.awaitFulfill(SynchronousQueue.java:460)&#10;        at java.util.concurrent.SynchronousQueue$TransferStack.transfer(SynchronousQueue.java:362)&#10;        at java.util.concurrent.SynchronousQueue.poll(SynchronousQueue.java:941)&#10;        at java.util.concurrent.ThreadPoolExecutor.getTask(ThreadPoolExecutor.java:1073)&#10;        at java.util.concurrent.ThreadPoolExecutor.runWorker(ThreadPoolExecutor.java:1134)&#10;        at java.util.concurrent.ThreadPoolExecutor$Worker.run(ThreadPoolExecutor.java:624)&#10;        at java.lang.Thread.run(Thread.java:748)&#10;&quot;Session-HouseKeeper-36b9e452-1&quot;  prio=5 tid=6657 timed_waiting&#10;java.lang.Thread.State: TIMED_WAITING&#10;        at sun.misc.Unsafe.park(Native Method)&#10;        at java.util.concurrent.locks.LockSupport.parkNanos(LockSupport.java:215)&#10;        at java.util.concurrent.locks.AbstractQueuedSynchronizer$ConditionObject.awaitNanos(AbstractQueuedSynchronizer.java:2078)&#10;        at java.util.concurrent.ScheduledThreadPoolExecutor$DelayedWorkQueue.take(ScheduledThreadPoolExecutor.java:1093)&#10;        at java.util.concurrent.ScheduledThreadPoolExecutor$DelayedWorkQueue.take(ScheduledThreadPoolExecutor.java:809)&#10;        at java.util.concurrent.ThreadPoolExecutor.getTask(ThreadPoolExecutor.java:1074)&#10;        at java.util.concurrent.ThreadPoolExecutor.runWorker(ThreadPoolExecutor.java:1134)&#10;        at java.util.concurrent.ThreadPoolExecutor$Worker.run(ThreadPoolExecutor.java:624)&#10;        at java.lang.Thread.run(Thread.java:748)&#10;&quot;IPC Server handler 15 on default port 36843&quot; daemon prio=5 tid=5463 timed_waiting&#10;java.lang.Thread.State: TIMED_WAITING&#10;        at sun.misc.Unsafe.park(Native Method)&#10;        at java.util.concurrent.locks.LockSupport.parkNanos(LockSupport.java:215)&#10;        at java.util.concurrent.locks.AbstractQueuedSynchronizer$ConditionObject.awaitNanos(AbstractQueuedSynchronizer.java:2078)&#10;        at java.util.concurrent.LinkedBlockingQueue.poll(LinkedBlockingQueue.java:467)&#10;        at org.apache.hadoop.ipc.CallQueueManager.take(CallQueueManager.java:295)&#10;        at org.apache.hadoop.ipc.Server$Handler.run(Server.java:2881)&#10;&quot;pool-272-thread-1&quot;  prio=5 tid=1373 timed_waiting&#10;java.lang.Thread.State: TIMED_WAITING&#10;        at sun.misc.Unsafe.park(Native Method)&#10;        at java.util.concurrent.locks.LockSupport.parkNanos(LockSupport.java:215)&#10;        at java.util.concurrent.locks.AbstractQueuedSynchronizer$ConditionObject.awaitNanos(AbstractQueuedSynchronizer.java:2078)&#10;        at java.util.concurrent.ScheduledThreadPoolExecutor$DelayedWorkQueue.take(ScheduledThreadPoolExecutor.java:1093)&#10;        at java.util.concurrent.ScheduledThreadPoolExecutor$DelayedWorkQueue.take(ScheduledThreadPoolExecutor.java:809)&#10;        at java.util.concurrent.ThreadPoolExecutor.getTask(ThreadPoolExecutor.java:1074)&#10;        at java.util.concurrent.ThreadPoolExecutor.runWorker(ThreadPoolExecutor.java:1134)&#10;        at java.util.concurrent.ThreadPoolExecutor$Worker.run(ThreadPoolExecutor.java:624)&#10;        at java.lang.Thread.run(Thread.java:748)&#10;&quot;qtp880433415-5714&quot; daemon prio=5 tid=5714 timed_waiting&#10;java.lang.Thread.State: TIMED_WAITING&#10;        at sun.misc.Unsafe.park(Native Method)&#10;        at java.util.concurrent.locks.LockSupport.parkNanos(LockSupport.java:215)&#10;        at java.util.concurrent.locks.AbstractQueuedSynchronizer$ConditionObject.awaitNanos(AbstractQueuedSynchronizer.java:2078)&#10;        at org.eclipse.jetty.util.BlockingArrayQueue.poll(BlockingArrayQueue.java:382)&#10;        at org.eclipse.jetty.util.thread.QueuedThreadPool$Runner.idleJobPoll(QueuedThreadPool.java:875)&#10;        at org.eclipse.jetty.util.thread.QueuedThreadPool$Runner.run(QueuedThreadPool.java:925)&#10;        at java.lang.Thread.run(Thread.java:748)&#10;&quot;pool-1149-thread-1&quot; daemon prio=5 tid=5699 timed_waiting&#10;java.lang.Thread.State: TIMED_WAITING&#10;        at sun.misc.Unsafe.park(Native Method)&#10;        at java.util.concurrent.locks.LockSupport.parkNanos(LockSupport.java:215)&#10;        at java.util.concurrent.locks.AbstractQueuedSynchronizer$ConditionObject.awaitNanos(AbstractQueuedSynchronizer.java:2078)&#10;        at java.util.concurrent.ScheduledThreadPoolExecutor$DelayedWorkQueue.take(ScheduledThreadPoolExecutor.java:1093)&#10;        at java.util.concurrent.ScheduledThreadPoolExecutor$DelayedWorkQueue.take(ScheduledThreadPoolExecutor.java:809)&#10;        at java.util.concurrent.ThreadPoolExecutor.getTask(ThreadPoolExecutor.java:1074)&#10;        at java.util.concurrent.ThreadPoolExecutor.runWorker(ThreadPoolExecutor.java:1134)&#10;        at java.util.concurrent.ThreadPoolExecutor$Worker.run(ThreadPoolExecutor.java:624)&#10;        at java.lang.Thread.run(Thread.java:748)&#10;&quot;69db720a-335e-417f-9e4d-9b6daaea3d10@group-304D1CDEA4AC-SegmentedRaftLogWorker&quot;  prio=5 tid=5800 timed_waiting&#10;java.lang.Thread.State: TIMED_WAITING&#10;        at sun.misc.Unsafe.park(Native Method)&#10;        at java.util.concurrent.locks.LockSupport.parkNanos(LockSupport.java:215)&#10;        at java.util.concurrent.locks.AbstractQueuedSynchronizer$ConditionObject.awaitNanos(AbstractQueuedSynchronizer.java:2078)&#10;        at org.apache.ratis.util.DataBlockingQueue.poll(DataBlockingQueue.java:137)&#10;        at org.apache.ratis.server.raftlog.segmented.SegmentedRaftLogWorker.run(SegmentedRaftLogWorker.java:293)&#10;        at java.lang.Thread.run(Thread.java:748)&#10;&quot;qtp880433415-5713&quot; daemon prio=5 tid=5713 timed_waiting&#10;java.lang.Thread.State: TIMED_WAITING&#10;        at sun.misc.Unsafe.park(Native Method)&#10;        at java.util.concurrent.locks.LockSupport.parkNanos(LockSupport.java:215)&#10;        at java.util.concurrent.locks.AbstractQueuedSynchronizer$ConditionObject.awaitNanos(AbstractQueuedSynchronizer.java:2078)&#10;        at org.eclipse.jetty.util.BlockingArrayQueue.poll(BlockingArrayQueue.java:382)&#10;        at org.eclipse.jetty.util.thread.QueuedThreadPool$Runner.idleJobPoll(QueuedThreadPool.java:875)&#10;        at org.eclipse.jetty.util.thread.QueuedThreadPool$Runner.run(QueuedThreadPool.java:925)&#10;        at java.lang.Thread.run(Thread.java:748)&#10;&quot;omNode-1@group-523986131536-SegmentedRaftLogWorker&quot;  prio=5 tid=5526 timed_waiting&#10;java.lang.Thread.State: TIMED_WAITING&#10;        at sun.misc.Unsafe.park(Native Method)&#10;        at java.util.concurrent.locks.LockSupport.parkNanos(LockSupport.java:215)&#10;        at java.util.concurrent.locks.AbstractQueuedSynchronizer$ConditionObject.awaitNanos(AbstractQueuedSynchronizer.java:2078)&#10;        at org.apache.ratis.util.DataBlockingQueue.poll(DataBlockingQueue.java:137)&#10;        at org.apache.ratis.server.raftlog.segmented.SegmentedRaftLogWorker.run(SegmentedRaftLogWorker.java:293)&#10;        at java.lang.Thread.run(Thread.java:748)&#10;&quot;qtp1650455680-5691&quot; daemon prio=5 tid=5691 timed_waiting&#10;java.lang.Thread.State: TIMED_WAITING&#10;        at sun.misc.Unsafe.park(Native Method)&#10;        at java.util.concurrent.locks.LockSupport.parkNanos(LockSupport.java:215)&#10;        at java.util.concurrent.locks.AbstractQueuedSynchronizer$ConditionObject.awaitNanos(AbstractQueuedSynchronizer.java:2078)&#10;        at org.eclipse.jetty.util.BlockingArrayQueue.poll(BlockingArrayQueue.java:382)&#10;        at org.eclipse.jetty.util.thread.QueuedThreadPool$Runner.idleJobPoll(QueuedThreadPool.java:875)&#10;        at org.eclipse.jetty.util.thread.QueuedThreadPool$Runner.run(QueuedThreadPool.java:925)&#10;        at java.lang.Thread.run(Thread.java:748)&#10;&quot;surefire-forkedjvm-command-thread&quot; daemon prio=5 tid=9 runnable&#10;java.lang.Thread.State: RUNNABLE&#10;        at java.io.FileInputStream.readBytes(Native Method)&#10;        at java.io.FileInputStream.read(FileInputStream.java:255)&#10;        at java.io.BufferedInputStream.fill(BufferedInputStream.java:246)&#10;        at java.io.BufferedInputStream.read(BufferedInputStream.java:265)&#10;        at java.io.DataInputStream.readInt(DataInputStream.java:387)&#10;        at org.apache.maven.surefire.booter.MasterProcessCommand.decode(MasterProcessCommand.java:115)&#10;        at org.apache.maven.surefire.booter.CommandReader$CommandRunnable.run(CommandReader.java:390)&#10;        at java.lang.Thread.run(Thread.java:748)&#10;&quot;IPC Server handler 12 on default port 11860&quot; daemon prio=5 tid=5547 timed_waiting&#10;java.lang.Thread.State: TIMED_WAITING&#10;        at sun.misc.Unsafe.park(Native Method)&#10;        at java.util.concurrent.locks.LockSupport.parkNanos(LockSupport.java:215)&#10;        at java.util.concurrent.locks.AbstractQueuedSynchronizer$ConditionObject.awaitNanos(AbstractQueuedSynchronizer.java:2078)&#10;        at java.util.concurrent.LinkedBlockingQueue.poll(LinkedBlockingQueue.java:467)&#10;        at org.apache.hadoop.ipc.CallQueueManager.take(CallQueueManager.java:295)&#10;        at org.apache.hadoop.ipc.Server$Handler.run(Server.java:2881)&#10;&quot;PartialTableCache Cleanup Thread - 0&quot; daemon prio=5 tid=517 in Object.wait()&#10;java.lang.Thread.State: WAITING (on object monitor)&#10;        at sun.misc.Unsafe.park(Native Method)&#10;        at java.util.concurrent.locks.LockSupport.park(LockSupport.java:175)&#10;        at java.util.concurrent.locks.AbstractQueuedSynchronizer$ConditionObject.await(AbstractQueuedSynchronizer.java:2039)&#10;        at java.util.concurrent.LinkedBlockingQueue.take(LinkedBlockingQueue.java:442)&#10;        at java.util.concurrent.ThreadPoolExecutor.getTask(ThreadPoolExecutor.java:1074)&#10;        at java.util.concurrent.ThreadPoolExecutor.runWorker(ThreadPoolExecutor.java:1134)&#10;        at java.util.concurrent.ThreadPoolExecutor$Worker.run(ThreadPoolExecutor.java:624)&#10;        at java.lang.Thread.run(Thread.java:748)&#10;&quot;Datanode ReportManager Thread - 2&quot; daemon prio=5 tid=5720 in Object.wait()&#10;java.lang.Thread.State: WAITING (on object monitor)&#10;        at sun.misc.Unsafe.park(Native Method)&#10;        at java.util.concurrent.locks.LockSupport.park(LockSupport.java:175)&#10;        at java.util.concurrent.locks.AbstractQueuedSynchronizer$ConditionObject.await(AbstractQueuedSynchronizer.java:2039)&#10;        at java.util.concurrent.ScheduledThreadPoolExecutor$DelayedWorkQueue.take(ScheduledThreadPoolExecutor.java:1088)&#10;        at java.util.concurrent.ScheduledThreadPoolExecutor$DelayedWorkQueue.take(ScheduledThreadPoolExecutor.java:809)&#10;        at java.util.concurrent.ThreadPoolExecutor.getTask(ThreadPoolExecutor.java:1074)&#10;        at java.util.concurrent.ThreadPoolExecutor.runWorker(ThreadPoolExecutor.java:1134)&#10;        at java.util.concurrent.ThreadPoolExecutor$Worker.run(ThreadPoolExecutor.java:624)&#10;        at java.lang.Thread.run(Thread.java:748)&#10;&quot;PartialTableCache Cleanup Thread - 0&quot; daemon prio=5 tid=5400 in Object.wait()&#10;java.lang.Thread.State: WAITING (on object monitor)&#10;        at sun.misc.Unsafe.park(Native Method)&#10;        at java.util.concurrent.locks.LockSupport.park(LockSupport.java:175)&#10;        at java.util.concurrent.locks.AbstractQueuedSynchronizer$ConditionObject.await(AbstractQueuedSynchronizer.java:2039)&#10;        at java.util.concurrent.LinkedBlockingQueue.take(LinkedBlockingQueue.java:442)&#10;        at java.util.concurrent.ThreadPoolExecutor.getTask(ThreadPoolExecutor.java:1074)&#10;        at java.util.concurrent.ThreadPoolExecutor.runWorker(ThreadPoolExecutor.java:1134)&#10;        at java.util.concurrent.ThreadPoolExecutor$Worker.run(ThreadPoolExecutor.java:624)&#10;        at java.lang.Thread.run(Thread.java:748)&#10;&quot;Socket Reader #1 for port 11866&quot;  prio=5 tid=6625 runnable&#10;java.lang.Thread.State: RUNNABLE&#10;        at sun.nio.ch.EPollArrayWrapper.epollWait(Native Method)&#10;        at sun.nio.ch.EPollArrayWrapper.poll(EPollArrayWrapper.java:269)&#10;        at sun.nio.ch.EPollSelectorImpl.doSelect(EPollSelectorImpl.java:93)&#10;        at sun.nio.ch.SelectorImpl.lockAndDoSelect(SelectorImpl.java:86)&#10;        at sun.nio.ch.SelectorImpl.select(SelectorImpl.java:97)&#10;        at sun.nio.ch.SelectorImpl.select(SelectorImpl.java:101)&#10;        at org.apache.hadoop.ipc.Server$Listener$Reader.doRunLoop(Server.java:1242)&#10;        at org.apache.hadoop.ipc.Server$Listener$Reader.run(Server.java:1221)&#10;&quot;PartialTableCache Cleanup Thread - 0&quot; daemon prio=5 tid=496 in Object.wait()&#10;java.lang.Thread.State: WAITING (on object monitor)&#10;        at sun.misc.Unsafe.park(Native Method)&#10;        at java.util.concurrent.locks.LockSupport.park(LockSupport.java:175)&#10;        at java.util.concurrent.locks.AbstractQueuedSynchronizer$ConditionObject.await(AbstractQueuedSynchronizer.java:2039)&#10;        at java.util.concurrent.LinkedBlockingQueue.take(LinkedBlockingQueue.java:442)&#10;        at java.util.concurrent.ThreadPoolExecutor.getTask(ThreadPoolExecutor.java:1074)&#10;        at java.util.concurrent.ThreadPoolExecutor.runWorker(ThreadPoolExecutor.java:1134)&#10;        at java.util.concurrent.ThreadPoolExecutor$Worker.run(ThreadPoolExecutor.java:624)&#10;        at java.lang.Thread.run(Thread.java:748)&#10;&quot;Datanode State Machine Thread - 0&quot; daemon prio=5 tid=5694 timed_waiting&#10;java.lang.Thread.State: TIMED_WAITING&#10;        at java.lang.Thread.sleep(Native Method)&#10;        at org.apache.hadoop.ozone.container.common.statemachine.DatanodeStateMachine.start(DatanodeStateMachine.java:213)&#10;        at org.apache.hadoop.ozone.container.common.statemachine.DatanodeStateMachine.lambda$startDaemon$0(DatanodeStateMachine.java:379)&#10;        at org.apache.hadoop.ozone.container.common.statemachine.DatanodeStateMachine$$Lambda$285/436723628.run(Unknown Source)&#10;        at java.lang.Thread.run(Thread.java:748)&#10;&quot;qtp675242275-6649&quot; daemon prio=5 tid=6649 runnable&#10;java.lang.Thread.State: RUNNABLE&#10;        at sun.nio.ch.EPollArrayWrapper.epollWait(Native Method)&#10;        at sun.nio.ch.EPollArrayWrapper.poll(EPollArrayWrapper.java:269)&#10;        at sun.nio.ch.EPollSelectorImpl.doSelect(EPollSelectorImpl.java:93)&#10;        at sun.nio.ch.SelectorImpl.lockAndDoSelect(SelectorImpl.java:86)&#10;        at sun.nio.ch.SelectorImpl.select(SelectorImpl.java:97)&#10;        at sun.nio.ch.SelectorImpl.select(SelectorImpl.java:101)&#10;        at org.eclipse.jetty.io.ManagedSelector$SelectorProducer.select(ManagedSelector.java:472)&#10;        at org.eclipse.jetty.io.ManagedSelector$SelectorProducer.produce(ManagedSelector.java:409)&#10;        at org.eclipse.jetty.util.thread.strategy.EatWhatYouKill.produceTask(EatWhatYouKill.java:360)&#10;        at org.eclipse.jetty.util.thread.strategy.EatWhatYouKill.doProduce(EatWhatYouKill.java:184)&#10;        at org.eclipse.jetty.util.thread.strategy.EatWhatYouKill.tryProduce(EatWhatYouKill.java:171)&#10;        at org.eclipse.jetty.util.thread.strategy.EatWhatYouKill.produce(EatWhatYouKill.java:135)&#10;        at org.eclipse.jetty.io.ManagedSelector$$Lambda$72/1129097646.run(Unknown Source)&#10;        at org.eclipse.jetty.util.thread.QueuedThreadPool.runJob(QueuedThreadPool.java:806)&#10;        at org.eclipse.jetty.util.thread.QueuedThreadPool$Runner.run(QueuedThreadPool.java:938)&#10;        at java.lang.Thread.run(Thread.java:748)&#10;&quot;pool-1115-thread-1&quot;  prio=5 tid=5613 timed_waiting&#10;java.lang.Thread.State: TIMED_WAITING&#10;        at sun.misc.Unsafe.park(Native Method)&#10;        at java.util.concurrent.locks.LockSupport.parkNanos(LockSupport.java:215)&#10;        at java.util.concurrent.locks.AbstractQueuedSynchronizer$ConditionObject.awaitNanos(AbstractQueuedSynchronizer.java:2078)&#10;        at java.util.concurrent.ScheduledThreadPoolExecutor$DelayedWorkQueue.take(ScheduledThreadPoolExecutor.java:1093)&#10;        at java.util.concurrent.ScheduledThreadPoolExecutor$DelayedWorkQueue.take(ScheduledThreadPoolExecutor.java:809)&#10;        at java.util.concurrent.ThreadPoolExecutor.getTask(ThreadPoolExecutor.java:1074)&#10;        at java.util.concurrent.ThreadPoolExecutor.runWorker(ThreadPoolExecutor.java:1134)&#10;        at java.util.concurrent.ThreadPoolExecutor$Worker.run(ThreadPoolExecutor.java:624)&#10;        at java.lang.Thread.run(Thread.java:748)&#10;&quot;PartialTableCache Cleanup Thread - 0&quot; daemon prio=5 tid=500 in Object.wait()&#10;java.lang.Thread.State: WAITING (on object monitor)&#10;        at sun.misc.Unsafe.park(Native Method)&#10;        at java.util.concurrent.locks.LockSupport.park(LockSupport.java:175)&#10;        at java.util.concurrent.locks.AbstractQueuedSynchronizer$ConditionObject.await(AbstractQueuedSynchronizer.java:2039)&#10;        at java.util.concurrent.LinkedBlockingQueue.take(LinkedBlockingQueue.java:442)&#10;        at java.util.concurrent.ThreadPoolExecutor.getTask(ThreadPoolExecutor.java:1074)&#10;        at java.util.concurrent.ThreadPoolExecutor.runWorker(ThreadPoolExecutor.java:1134)&#10;        at java.util.concurrent.ThreadPoolExecutor$Worker.run(ThreadPoolExecutor.java:624)&#10;        at java.lang.Thread.run(Thread.java:748)&#10;&quot;pool-1130-thread-1&quot;  prio=5 tid=5661 timed_waiting&#10;java.lang.Thread.State: TIMED_WAITING&#10;        at sun.misc.Unsafe.park(Native Method)&#10;        at java.util.concurrent.locks.LockSupport.parkNanos(LockSupport.java:215)&#10;        at java.util.concurrent.locks.AbstractQueuedSynchronizer$ConditionObject.awaitNanos(AbstractQueuedSynchronizer.java:2078)&#10;        at java.util.concurrent.ScheduledThreadPoolExecutor$DelayedWorkQueue.take(ScheduledThreadPoolExecutor.java:1093)&#10;        at java.util.concurrent.ScheduledThreadPoolExecutor$DelayedWorkQueue.take(ScheduledThreadPoolExecutor.java:809)&#10;        at java.util.concurrent.ThreadPoolExecutor.getTask(ThreadPoolExecutor.java:1074)&#10;        at java.util.concurrent.ThreadPoolExecutor.runWorker(ThreadPoolExecutor.java:1134)&#10;        at java.util.concurrent.ThreadPoolExecutor$Worker.run(ThreadPoolExecutor.java:624)&#10;        at java.lang.Thread.run(Thread.java:748)&#10;&quot;qtp1650455680-5692&quot; daemon prio=5 tid=5692 timed_waiting&#10;java.lang.Thread.State: TIMED_WAITING&#10;        at sun.misc.Unsafe.park(Native Method)&#10;        at java.util.concurrent.locks.LockSupport.parkNanos(LockSupport.java:215)&#10;        at java.util.concurrent.locks.AbstractQueuedSynchronizer$ConditionObject.awaitNanos(AbstractQueuedSynchronizer.java:2078)&#10;        at org.eclipse.jetty.util.BlockingArrayQueue.poll(BlockingArrayQueue.java:382)&#10;        at org.eclipse.jetty.util.thread.QueuedThreadPool$Runner.idleJobPoll(QueuedThreadPool.java:875)&#10;        at org.eclipse.jetty.util.thread.QueuedThreadPool$Runner.run(QueuedThreadPool.java:925)&#10;        at java.lang.Thread.run(Thread.java:748)&#10;&quot;IPC Server handler 1 on default port 45819&quot; daemon prio=5 tid=5469 timed_waiting&#10;java.lang.Thread.State: TIMED_WAITING&#10;        at sun.misc.Unsafe.park(Native Method)&#10;        at java.util.concurrent.locks.LockSupport.parkNanos(LockSupport.java:215)&#10;        at java.util.concurrent.locks.AbstractQueuedSynchronizer$ConditionObject.awaitNanos(AbstractQueuedSynchronizer.java:2078)&#10;        at java.util.concurrent.LinkedBlockingQueue.poll(LinkedBlockingQueue.java:467)&#10;        at org.apache.hadoop.ipc.CallQueueManager.take(CallQueueManager.java:295)&#10;        at org.apache.hadoop.ipc.Server$Handler.run(Server.java:2881)&#10;&quot;org.apache.hadoop.util.JvmPauseMonitor$Monitor@7d272545&quot; daemon prio=5 tid=5565 timed_waiting&#10;java.lang.Thread.State: TIMED_WAITING&#10;        at java.lang.Thread.sleep(Native Method)&#10;        at org.apache.hadoop.util.JvmPauseMonitor$Monitor.run(JvmPauseMonitor.java:192)&#10;        at java.lang.Thread.run(Thread.java:748)&#10;&quot;Listener at localhost/11866&quot;  prio=5 tid=5426 runnable&#10;java.lang.Thread.State: RUNNABLE&#10;        at java.lang.Thread.dumpThreads(Native Method)&#10;        at java.lang.Thread.getAllStackTraces(Thread.java:1610)&#10;        at org.apache.hadoop.test.TimedOutTestsListener.buildThreadDump(TimedOutTestsListener.java:93)&#10;        at org.apache.hadoop.test.TimedOutTestsListener.buildThreadDiagnosticString(TimedOutTestsListener.java:79)&#10;        at org.apache.hadoop.test.GenericTestUtils.waitFor(GenericTestUtils.java:225)&#10;        at org.apache.hadoop.ozone.om.TestOzoneManagerHAWithData.testOMRestart(TestOzoneManagerHAWithData.java:603)&#10;        at sun.reflect.NativeMethodAccessorImpl.invoke0(Native Method)&#10;        at sun.reflect.NativeMethodAccessorImpl.invoke(NativeMethodAccessorImpl.java:62)&#10;        at sun.reflect.DelegatingMethodAccessorImpl.invoke(DelegatingMethodAccessorImpl.java:43)&#10;        at java.lang.reflect.Method.invoke(Method.java:498)&#10;        at org.junit.runners.model.FrameworkMethod$1.runReflectiveCall(FrameworkMethod.java:47)&#10;        at org.junit.internal.runners.model.ReflectiveCallable.run(ReflectiveCallable.java:12)&#10;        at org.junit.runners.model.FrameworkMethod.invokeExplosively(FrameworkMethod.java:44)&#10;        at org.junit.internal.runners.statements.InvokeMethod.evaluate(InvokeMethod.java:17)&#10;        at org.junit.internal.runners.statements.RunBefores.evaluate(RunBefores.java:26)&#10;        at org.junit.internal.runners.statements.RunAfters.evaluate(RunAfters.java:27)&#10;        at org.junit.rules.ExpectedException$ExpectedExceptionStatement.evaluate(ExpectedException.java:168)&#10;        at org.junit.internal.runners.statements.FailOnTimeout$StatementThread.run(FailOnTimeout.java:74)&#10;&quot;IPC Server handler 5 on default port 11872&quot; daemon prio=5 tid=5629 timed_waiting&#10;java.lang.Thread.State: TIMED_WAITING&#10;        at sun.misc.Unsafe.park(Native Method)&#10;        at java.util.concurrent.locks.LockSupport.parkNanos(LockSupport.java:215)&#10;        at java.util.concurrent.locks.AbstractQueuedSynchronizer$ConditionObject.awaitNanos(AbstractQueuedSynchronizer.java:2078)&#10;        at java.util.concurrent.LinkedBlockingQueue.poll(LinkedBlockingQueue.java:467)&#10;        at org.apache.hadoop.ipc.CallQueueManager.take(CallQueueManager.java:295)&#10;        at org.apache.hadoop.ipc.Server$Handler.run(Server.java:2881)&#10;&quot;qtp1903785634-5652&quot; daemon prio=5 tid=5652 timed_waiting&#10;java.lang.Thread.State: TIMED_WAITING&#10;        at sun.misc.Unsafe.park(Native Method)&#10;        at java.util.concurrent.locks.LockSupport.parkNanos(LockSupport.java:215)&#10;        at java.util.concurrent.locks.AbstractQueuedSynchronizer$ConditionObject.awaitNanos(AbstractQueuedSynchronizer.java:2078)&#10;        at org.eclipse.jetty.util.BlockingArrayQueue.poll(BlockingArrayQueue.java:382)&#10;        at org.eclipse.jetty.util.thread.QueuedThreadPool$Runner.idleJobPoll(QueuedThreadPool.java:875)&#10;        at org.eclipse.jetty.util.thread.QueuedThreadPool$Runner.run(QueuedThreadPool.java:925)&#10;        at java.lang.Thread.run(Thread.java:748)&#10;&quot;IPC Server handler 0 on default port 36843&quot; daemon prio=5 tid=5448 timed_waiting&#10;java.lang.Thread.State: TIMED_WAITING&#10;        at sun.misc.Unsafe.park(Native Method)&#10;        at java.util.concurrent.locks.LockSupport.parkNanos(LockSupport.java:215)&#10;        at java.util.concurrent.locks.AbstractQueuedSynchronizer$ConditionObject.awaitNanos(AbstractQueuedSynchronizer.java:2078)&#10;        at java.util.concurrent.LinkedBlockingQueue.poll(LinkedBlockingQueue.java:467)&#10;        at org.apache.hadoop.ipc.CallQueueManager.take(CallQueueManager.java:295)&#10;        at org.apache.hadoop.ipc.Server$Handler.run(Server.java:2881)&#10;&quot;PartialTableCache Cleanup Thread - 0&quot; daemon prio=5 tid=2206 in Object.wait()&#10;java.lang.Thread.State: WAITING (on object monitor)&#10;        at sun.misc.Unsafe.park(Native Method)&#10;        at java.util.concurrent.locks.LockSupport.park(LockSupport.java:175)&#10;        at java.util.concurrent.locks.AbstractQueuedSynchronizer$ConditionObject.await(AbstractQueuedSynchronizer.java:2039)&#10;        at java.util.concurrent.LinkedBlockingQueue.take(LinkedBlockingQueue.java:442)&#10;        at java.util.concurrent.ThreadPoolExecutor.getTask(ThreadPoolExecutor.java:1074)&#10;        at java.util.concurrent.ThreadPoolExecutor.runWorker(ThreadPoolExecutor.java:1134)&#10;        at java.util.concurrent.ThreadPoolExecutor$Worker.run(ThreadPoolExecutor.java:624)&#10;        at java.lang.Thread.run(Thread.java:748)&#10;&quot;qtp187225922-5512&quot; daemon prio=5 tid=5512 timed_waiting&#10;java.lang.Thread.State: TIMED_WAITING&#10;        at sun.misc.Unsafe.park(Native Method)&#10;        at java.util.concurrent.locks.LockSupport.parkNanos(LockSupport.java:215)&#10;        at java.util.concurrent.locks.AbstractQueuedSynchronizer$ConditionObject.awaitNanos(AbstractQueuedSynchronizer.java:2078)&#10;        at org.eclipse.jetty.util.BlockingArrayQueue.poll(BlockingArrayQueue.java:382)&#10;        at org.eclipse.jetty.util.thread.QueuedThreadPool$Runner.idleJobPoll(QueuedThreadPool.java:875)&#10;        at org.eclipse.jetty.util.thread.QueuedThreadPool$Runner.run(QueuedThreadPool.java:925)&#10;        at java.lang.Thread.run(Thread.java:748)&#10;&quot;pool-256-thread-1&quot;  prio=5 tid=1328 timed_waiting&#10;java.lang.Thread.State: TIMED_WAITING&#10;        at sun.misc.Unsafe.park(Native Method)&#10;        at java.util.concurrent.locks.LockSupport.parkNanos(LockSupport.java:215)&#10;        at java.util.concurrent.locks.AbstractQueuedSynchronizer$ConditionObject.awaitNanos(AbstractQueuedSynchronizer.java:2078)&#10;        at java.util.concurrent.ScheduledThreadPoolExecutor$DelayedWorkQueue.take(ScheduledThreadPoolExecutor.java:1093)&#10;        at java.util.concurrent.ScheduledThreadPoolExecutor$DelayedWorkQueue.take(ScheduledThreadPoolExecutor.java:809)&#10;        at java.util.concurrent.ThreadPoolExecutor.getTask(ThreadPoolExecutor.java:1074)&#10;        at java.util.concurrent.ThreadPoolExecutor.runWorker(ThreadPoolExecutor.java:1134)&#10;        at java.util.concurrent.ThreadPoolExecutor$Worker.run(ThreadPoolExecutor.java:624)&#10;        at java.lang.Thread.run(Thread.java:748)&#10;&quot;PartialTableCache Cleanup Thread - 0&quot; daemon prio=5 tid=4807 in Object.wait()&#10;java.lang.Thread.State: WAITING (on object monitor)&#10;        at sun.misc.Unsafe.park(Native Method)&#10;        at java.util.concurrent.locks.LockSupport.park(LockSupport.java:175)&#10;        at java.util.concurrent.locks.AbstractQueuedSynchronizer$ConditionObject.await(AbstractQueuedSynchronizer.java:2039)&#10;        at java.util.concurrent.LinkedBlockingQueue.take(LinkedBlockingQueue.java:442)&#10;        at java.util.concurrent.ThreadPoolExecutor.getTask(ThreadPoolExecutor.java:1074)&#10;        at java.util.concurrent.ThreadPoolExecutor.runWorker(ThreadPoolExecutor.java:1134)&#10;        at java.util.concurrent.ThreadPoolExecutor$Worker.run(ThreadPoolExecutor.java:624)&#10;        at java.lang.Thread.run(Thread.java:748)&#10;&quot;IPC Server handler 19 on default port 45819&quot; daemon prio=5 tid=5487 timed_waiting&#10;java.lang.Thread.State: TIMED_WAITING&#10;        at sun.misc.Unsafe.park(Native Method)&#10;        at java.util.concurrent.locks.LockSupport.parkNanos(LockSupport.java:215)&#10;        at java.util.concurrent.locks.AbstractQueuedSynchronizer$ConditionObject.awaitNanos(AbstractQueuedSynchronizer.java:2078)&#10;        at java.util.concurrent.LinkedBlockingQueue.poll(LinkedBlockingQueue.java:467)&#10;        at org.apache.hadoop.ipc.CallQueueManager.take(CallQueueManager.java:295)&#10;        at org.apache.hadoop.ipc.Server$Handler.run(Server.java:2881)&#10;&quot;PartialTableCache Cleanup Thread - 0&quot; daemon prio=5 tid=5409 in Object.wait()&#10;java.lang.Thread.State: WAITING (on object monitor)&#10;        at sun.misc.Unsafe.park(Native Method)&#10;        at java.util.concurrent.locks.LockSupport.park(LockSupport.java:175)&#10;        at java.util.concurrent.locks.AbstractQueuedSynchronizer$ConditionObject.await(AbstractQueuedSynchronizer.java:2039)&#10;        at java.util.concurrent.LinkedBlockingQueue.take(LinkedBlockingQueue.java:442)&#10;        at java.util.concurrent.ThreadPoolExecutor.getTask(ThreadPoolExecutor.java:1074)&#10;        at java.util.concurrent.ThreadPoolExecutor.runWorker(ThreadPoolExecutor.java:1134)&#10;        at java.util.concurrent.ThreadPoolExecutor$Worker.run(ThreadPoolExecutor.java:624)&#10;        at java.lang.Thread.run(Thread.java:748)&#10;&quot;qtp187225922-5515&quot; daemon prio=5 tid=5515 timed_waiting&#10;java.lang.Thread.State: TIMED_WAITING&#10;        at sun.misc.Unsafe.park(Native Method)&#10;        at java.util.concurrent.locks.LockSupport.parkNanos(LockSupport.java:215)&#10;        at java.util.concurrent.locks.AbstractQueuedSynchronizer$ConditionObject.awaitNanos(AbstractQueuedSynchronizer.java:2078)&#10;        at org.eclipse.jetty.util.BlockingArrayQueue.poll(BlockingArrayQueue.java:382)&#10;        at org.eclipse.jetty.util.thread.QueuedThreadPool$Runner.idleJobPoll(QueuedThreadPool.java:875)&#10;        at org.eclipse.jetty.util.thread.QueuedThreadPool$Runner.run(QueuedThreadPool.java:925)&#10;        at java.lang.Thread.run(Thread.java:748)&#10;&quot;pool-1160-thread-1&quot;  prio=5 tid=5707 timed_waiting&#10;java.lang.Thread.State: TIMED_WAITING&#10;        at sun.misc.Unsafe.park(Native Method)&#10;        at java.util.concurrent.locks.LockSupport.parkNanos(LockSupport.java:215)&#10;        at java.util.concurrent.locks.AbstractQueuedSynchronizer$ConditionObject.awaitNanos(AbstractQueuedSynchronizer.java:2078)&#10;        at java.util.concurrent.ScheduledThreadPoolExecutor$DelayedWorkQueue.take(ScheduledThreadPoolExecutor.java:1093)&#10;        at java.util.concurrent.ScheduledThreadPoolExecutor$DelayedWorkQueue.take(ScheduledThreadPoolExecutor.java:809)&#10;        at java.util.concurrent.ThreadPoolExecutor.getTask(ThreadPoolExecutor.java:1074)&#10;        at java.util.concurrent.ThreadPoolExecutor.runWorker(ThreadPoolExecutor.java:1134)&#10;        at java.util.concurrent.ThreadPoolExecutor$Worker.run(ThreadPoolExecutor.java:624)&#10;        at java.lang.Thread.run(Thread.java:748)&#10;&quot;PartialTableCache Cleanup Thread - 0&quot; daemon prio=5 tid=2778 in Object.wait()&#10;java.lang.Thread.State: WAITING (on object monitor)&#10;        at sun.misc.Unsafe.park(Native Method)&#10;        at java.util.concurrent.locks.LockSupport.park(LockSupport.java:175)&#10;        at java.util.concurrent.locks.AbstractQueuedSynchronizer$ConditionObject.await(AbstractQueuedSynchronizer.java:2039)&#10;        at java.util.concurrent.LinkedBlockingQueue.take(LinkedBlockingQueue.java:442)&#10;        at java.util.concurrent.ThreadPoolExecutor.getTask(ThreadPoolExecutor.java:1074)&#10;        at java.util.concurrent.ThreadPoolExecutor.runWorker(ThreadPoolExecutor.java:1134)&#10;        at java.util.concurrent.ThreadPoolExecutor$Worker.run(ThreadPoolExecutor.java:624)&#10;        at java.lang.Thread.run(Thread.java:748)&#10;&quot;IPC Server handler 6 on default port 45819&quot; daemon prio=5 tid=5474 timed_waiting&#10;java.lang.Thread.State: TIMED_WAITING&#10;        at sun.misc.Unsafe.park(Native Method)&#10;        at java.util.concurrent.locks.LockSupport.parkNanos(LockSupport.java:215)&#10;        at java.util.concurrent.locks.AbstractQueuedSynchronizer$ConditionObject.awaitNanos(AbstractQueuedSynchronizer.java:2078)&#10;        at java.util.concurrent.LinkedBlockingQueue.poll(LinkedBlockingQueue.java:467)&#10;        at org.apache.hadoop.ipc.CallQueueManager.take(CallQueueManager.java:295)&#10;        at org.apache.hadoop.ipc.Server$Handler.run(Server.java:2881)&#10;&quot;EventQueue-NewNodeForNewNodeHandler&quot; daemon prio=5 tid=5770 in Object.wait()&#10;java.lang.Thread.State: WAITING (on object monitor)&#10;        at sun.misc.Unsafe.park(Native Method)&#10;        at java.util.concurrent.locks.LockSupport.park(LockSupport.java:175)&#10;        at java.util.concurrent.locks.AbstractQueuedSynchronizer$ConditionObject.await(AbstractQueuedSynchronizer.java:2039)&#10;        at java.util.concurrent.LinkedBlockingQueue.take(LinkedBlockingQueue.java:442)&#10;        at java.util.concurrent.ThreadPoolExecutor.getTask(ThreadPoolExecutor.java:1074)&#10;        at java.util.concurrent.ThreadPoolExecutor.runWorker(ThreadPoolExecutor.java:1134)&#10;        at java.util.concurrent.ThreadPoolExecutor$Worker.run(ThreadPoolExecutor.java:624)&#10;        at java.lang.Thread.run(Thread.java:748)&#10;&quot;pool-25-thread-1&quot;  prio=5 tid=113 timed_waiting&#10;java.lang.Thread.State: TIMED_WAITING&#10;        at sun.misc.Unsafe.park(Native Method)&#10;        at java.util.concurrent.locks.LockSupport.parkNanos(LockSupport.java:215)&#10;        at java.util.concurrent.locks.AbstractQueuedSynchronizer$ConditionObject.awaitNanos(AbstractQueuedSynchronizer.java:2078)&#10;        at java.util.concurrent.ScheduledThreadPoolExecutor$DelayedWorkQueue.take(ScheduledThreadPoolExecutor.java:1093)&#10;        at java.util.concurrent.ScheduledThreadPoolExecutor$DelayedWorkQueue.take(ScheduledThreadPoolExecutor.java:809)&#10;        at java.util.concurrent.ThreadPoolExecutor.getTask(ThreadPoolExecutor.java:1074)&#10;        at java.util.concurrent.ThreadPoolExecutor.runWorker(ThreadPoolExecutor.java:1134)&#10;        at java.util.concurrent.ThreadPoolExecutor$Worker.run(ThreadPoolExecutor.java:624)&#10;        at java.lang.Thread.run(Thread.java:748)&#10;&quot;5f570ae4-9456-445c-93e3-9355377d8e07@group-304D1CDEA4AC-SegmentedRaftLogWorker&quot;  prio=5 tid=5796 timed_waiting&#10;java.lang.Thread.State: TIMED_WAITING&#10;        at sun.misc.Unsafe.park(Native Method)&#10;        at java.util.concurrent.locks.LockSupport.parkNanos(LockSupport.java:215)&#10;        at java.util.concurrent.locks.AbstractQueuedSynchronizer$ConditionObject.awaitNanos(AbstractQueuedSynchronizer.java:2078)&#10;        at org.apache.ratis.util.DataBlockingQueue.poll(DataBlockingQueue.java:137)&#10;        at org.apache.ratis.server.raftlog.segmented.SegmentedRaftLogWorker.run(SegmentedRaftLogWorker.java:293)&#10;        at java.lang.Thread.run(Thread.java:748)&#10;&quot;EventQueue-PipelineReportForPipelineReportHandler&quot; daemon prio=5 tid=5775 in Object.wait()&#10;java.lang.Thread.State: WAITING (on object monitor)&#10;        at sun.misc.Unsafe.park(Native Method)&#10;        at java.util.concurrent.locks.LockSupport.park(LockSupport.java:175)&#10;        at java.util.concurrent.locks.AbstractQueuedSynchronizer$ConditionObject.await(AbstractQueuedSynchronizer.java:2039)&#10;        at java.util.concurrent.LinkedBlockingQueue.take(LinkedBlockingQueue.java:442)&#10;        at java.util.concurrent.ThreadPoolExecutor.getTask(ThreadPoolExecutor.java:1074)&#10;        at java.util.concurrent.ThreadPoolExecutor.runWorker(ThreadPoolExecutor.java:1134)&#10;        at java.util.concurrent.ThreadPoolExecutor$Worker.run(ThreadPoolExecutor.java:624)&#10;        at java.lang.Thread.run(Thread.java:748)&#10;&quot;IPC Server handler 13 on default port 36843&quot; daemon prio=5 tid=5461 timed_waiting&#10;java.lang.Thread.State: TIMED_WAITING&#10;        at sun.misc.Unsafe.park(Native Method)&#10;        at java.util.concurrent.locks.LockSupport.parkNanos(LockSupport.java:215)&#10;        at java.util.concurrent.locks.AbstractQueuedSynchronizer$ConditionObject.awaitNanos(AbstractQueuedSynchronizer.java:2078)&#10;        at java.util.concurrent.LinkedBlockingQueue.poll(LinkedBlockingQueue.java:467)&#10;        at org.apache.hadoop.ipc.CallQueueManager.take(CallQueueManager.java:295)&#10;        at org.apache.hadoop.ipc.Server$Handler.run(Server.java:2881)&#10;&quot;IPC Server handler 12 on default port 36843&quot; daemon prio=5 tid=5460 timed_waiting&#10;java.lang.Thread.State: TIMED_WAITING&#10;        at sun.misc.Unsafe.park(Native Method)&#10;        at java.util.concurrent.locks.LockSupport.parkNanos(LockSupport.java:215)&#10;        at java.util.concurrent.locks.AbstractQueuedSynchronizer$ConditionObject.awaitNanos(AbstractQueuedSynchronizer.java:2078)&#10;        at java.util.concurrent.LinkedBlockingQueue.poll(LinkedBlockingQueue.java:467)&#10;        at org.apache.hadoop.ipc.CallQueueManager.take(CallQueueManager.java:295)&#10;        at org.apache.hadoop.ipc.Server$Handler.run(Server.java:2881)&#10;&quot;IPC Client (1768663383) connection to /0.0.0.0:41453 from jenkins1001&quot; daemon prio=5 tid=5741 timed_waiting&#10;java.lang.Thread.State: TIMED_WAITING&#10;        at java.lang.Object.wait(Native Method)&#10;        at org.apache.hadoop.ipc.Client$Connection.waitForWork(Client.java:1034)&#10;        at org.apache.hadoop.ipc.Client$Connection.run(Client.java:1078)&#10;&quot;qtp1622107655-5668&quot; daemon prio=5 tid=5668 timed_waiting&#10;java.lang.Thread.State: TIMED_WAITING&#10;        at sun.misc.Unsafe.park(Native Method)&#10;        at java.util.concurrent.locks.LockSupport.parkNanos(LockSupport.java:215)&#10;        at java.util.concurrent.locks.AbstractQueuedSynchronizer$ConditionObject.awaitNanos(AbstractQueuedSynchronizer.java:2078)&#10;        at org.eclipse.jetty.util.BlockingArrayQueue.poll(BlockingArrayQueue.java:382)&#10;        at org.eclipse.jetty.util.thread.QueuedThreadPool$Runner.idleJobPoll(QueuedThreadPool.java:875)&#10;        at org.eclipse.jetty.util.thread.QueuedThreadPool$Runner.run(QueuedThreadPool.java:925)&#10;        at java.lang.Thread.run(Thread.java:748)&#10;&quot;ChunkWriter-3-0&quot; daemon prio=5 tid=5757 in Object.wait()&#10;java.lang.Thread.State: WAITING (on object monitor)&#10;        at sun.misc.Unsafe.park(Native Method)&#10;        at java.util.concurrent.locks.LockSupport.park(LockSupport.java:175)&#10;        at java.util.concurrent.locks.AbstractQueuedSynchronizer$ConditionObject.await(AbstractQueuedSynchronizer.java:2039)&#10;        at java.util.concurrent.LinkedBlockingDeque.takeFirst(LinkedBlockingDeque.java:492)&#10;        at java.util.concurrent.LinkedBlockingDeque.take(LinkedBlockingDeque.java:680)&#10;        at java.util.concurrent.ThreadPoolExecutor.getTask(ThreadPoolExecutor.java:1074)&#10;        at java.util.concurrent.ThreadPoolExecutor.runWorker(ThreadPoolExecutor.java:1134)&#10;        at java.util.concurrent.ThreadPoolExecutor$Worker.run(ThreadPoolExecutor.java:624)&#10;        at java.lang.Thread.run(Thread.java:748)&#10;&quot;IPC Server handler 1 on default port 11872&quot; daemon prio=5 tid=5624 timed_waiting&#10;java.lang.Thread.State: TIMED_WAITING&#10;        at sun.misc.Unsafe.park(Native Method)&#10;        at java.util.concurrent.locks.LockSupport.parkNanos(LockSupport.java:215)&#10;        at java.util.concurrent.locks.AbstractQueuedSynchronizer$ConditionObject.awaitNanos(AbstractQueuedSynchronizer.java:2078)&#10;        at java.util.concurrent.LinkedBlockingQueue.poll(LinkedBlockingQueue.java:467)&#10;        at org.apache.hadoop.ipc.CallQueueManager.take(CallQueueManager.java:295)&#10;        at org.apache.hadoop.ipc.Server$Handler.run(Server.java:2881)&#10;&quot;PartialTableCache Cleanup Thread - 0&quot; daemon prio=5 tid=3278 in Object.wait()&#10;java.lang.Thread.State: WAITING (on object monitor)&#10;        at sun.misc.Unsafe.park(Native Method)&#10;        at java.util.concurrent.locks.LockSupport.park(LockSupport.java:175)&#10;        at java.util.concurrent.locks.AbstractQueuedSynchronizer$ConditionObject.await(AbstractQueuedSynchronizer.java:2039)&#10;        at java.util.concurrent.LinkedBlockingQueue.take(LinkedBlockingQueue.java:442)&#10;        at java.util.concurrent.ThreadPoolExecutor.getTask(ThreadPoolExecutor.java:1074)&#10;        at java.util.concurrent.ThreadPoolExecutor.runWorker(ThreadPoolExecutor.java:1134)&#10;        at java.util.concurrent.ThreadPoolExecutor$Worker.run(ThreadPoolExecutor.java:624)&#10;        at java.lang.Thread.run(Thread.java:748)&#10;&quot;pool-583-thread-1&quot;  prio=5 tid=2950 timed_waiting&#10;java.lang.Thread.State: TIMED_WAITING&#10;        at sun.misc.Unsafe.park(Native Method)&#10;        at java.util.concurrent.locks.LockSupport.parkNanos(LockSupport.java:215)&#10;        at java.util.concurrent.locks.AbstractQueuedSynchronizer$ConditionObject.awaitNanos(AbstractQueuedSynchronizer.java:2078)&#10;        at java.util.concurrent.ScheduledThreadPoolExecutor$DelayedWorkQueue.take(ScheduledThreadPoolExecutor.java:1093)&#10;        at java.util.concurrent.ScheduledThreadPoolExecutor$DelayedWorkQueue.take(ScheduledThreadPoolExecutor.java:809)&#10;        at java.util.concurrent.ThreadPoolExecutor.getTask(ThreadPoolExecutor.java:1074)&#10;        at java.util.concurrent.ThreadPoolExecutor.runWorker(ThreadPoolExecutor.java:1134)&#10;        at java.util.concurrent.ThreadPoolExecutor$Worker.run(ThreadPoolExecutor.java:624)&#10;        at java.lang.Thread.run(Thread.java:748)&#10;&quot;BlockDeletingService#4&quot; daemon prio=5 tid=7616 in Object.wait()&#10;java.lang.Thread.State: WAITING (on object monitor)&#10;        at sun.misc.Unsafe.park(Native Method)&#10;        at java.util.concurrent.locks.LockSupport.park(LockSupport.java:175)&#10;        at java.util.concurrent.locks.AbstractQueuedSynchronizer$ConditionObject.await(AbstractQueuedSynchronizer.java:2039)&#10;        at java.util.concurrent.ScheduledThreadPoolExecutor$DelayedWorkQueue.take(ScheduledThreadPoolExecutor.java:1088)&#10;        at java.util.concurrent.ScheduledThreadPoolExecutor$DelayedWorkQueue.take(ScheduledThreadPoolExecutor.java:809)&#10;        at java.util.concurrent.ThreadPoolExecutor.getTask(ThreadPoolExecutor.java:1074)&#10;        at java.util.concurrent.ThreadPoolExecutor.runWorker(ThreadPoolExecutor.java:1134)&#10;        at java.util.concurrent.ThreadPoolExecutor$Worker.run(ThreadPoolExecutor.java:624)&#10;        at java.lang.Thread.run(Thread.java:748)&#10;&quot;OMDoubleBufferFlushThread&quot; daemon prio=5 tid=6618 timed_waiting&#10;java.lang.Thread.State: TIMED_WAITING&#10;        at java.lang.Object.wait(Native Method)&#10;        at org.apache.hadoop.ozone.om.ratis.OzoneManagerDoubleBuffer.canFlush(OzoneManagerDoubleBuffer.java:530)&#10;        at org.apache.hadoop.ozone.om.ratis.OzoneManagerDoubleBuffer.flushTransactions(OzoneManagerDoubleBuffer.java:241)&#10;        at org.apache.hadoop.ozone.om.ratis.OzoneManagerDoubleBuffer$$Lambda$118/1530007166.run(Unknown Source)&#10;        at java.lang.Thread.run(Thread.java:748)&#10;&quot;IPC Server handler 5 on default port 41453&quot; daemon prio=5 tid=5493 timed_waiting&#10;java.lang.Thread.State: TIMED_WAITING&#10;        at sun.misc.Unsafe.park(Native Method)&#10;        at java.util.concurrent.locks.LockSupport.parkNanos(LockSupport.java:215)&#10;        at java.util.concurrent.locks.AbstractQueuedSynchronizer$ConditionObject.awaitNanos(AbstractQueuedSynchronizer.java:2078)&#10;        at java.util.concurrent.LinkedBlockingQueue.poll(LinkedBlockingQueue.java:467)&#10;        at org.apache.hadoop.ipc.CallQueueManager.take(CallQueueManager.java:295)&#10;        at org.apache.hadoop.ipc.Server$Handler.run(Server.java:2881)&#10;&quot;qtp1650455680-5690&quot; daemon prio=5 tid=5690 timed_waiting&#10;java.lang.Thread.State: TIMED_WAITING&#10;        at sun.misc.Unsafe.park(Native Method)&#10;        at java.util.concurrent.locks.LockSupport.parkNanos(LockSupport.java:215)&#10;        at java.util.concurrent.locks.AbstractQueuedSynchronizer$ConditionObject.awaitNanos(AbstractQueuedSynchronizer.java:2078)&#10;        at org.eclipse.jetty.util.BlockingArrayQueue.poll(BlockingArrayQueue.java:382)&#10;        at org.eclipse.jetty.util.thread.QueuedThreadPool$Runner.idleJobPoll(QueuedThreadPool.java:875)&#10;        at org.eclipse.jetty.util.thread.QueuedThreadPool$Runner.run(QueuedThreadPool.java:925)&#10;        at java.lang.Thread.run(Thread.java:748)&#10;&quot;IPC Server handler 16 on default port 36843&quot; daemon prio=5 tid=5464 timed_waiting&#10;java.lang.Thread.State: TIMED_WAITING&#10;        at sun.misc.Unsafe.park(Native Method)&#10;        at java.util.concurrent.locks.LockSupport.parkNanos(LockSupport.java:215)&#10;        at java.util.concurrent.locks.AbstractQueuedSynchronizer$ConditionObject.awaitNanos(AbstractQueuedSynchronizer.java:2078)&#10;        at java.util.concurrent.LinkedBlockingQueue.poll(LinkedBlockingQueue.java:467)&#10;        at org.apache.hadoop.ipc.CallQueueManager.take(CallQueueManager.java:295)&#10;        at org.apache.hadoop.ipc.Server$Handler.run(Server.java:2881)&#10;&quot;PartialTableCache Cleanup Thread - 0&quot; daemon prio=5 tid=2782 in Object.wait()&#10;java.lang.Thread.State: WAITING (on object monitor)&#10;        at sun.misc.Unsafe.park(Native Method)&#10;        at java.util.concurrent.locks.LockSupport.park(LockSupport.java:175)&#10;        at java.util.concurrent.locks.AbstractQueuedSynchronizer$ConditionObject.await(AbstractQueuedSynchronizer.java:2039)&#10;        at java.util.concurrent.LinkedBlockingQueue.take(LinkedBlockingQueue.java:442)&#10;        at java.util.concurrent.ThreadPoolExecutor.getTask(ThreadPoolExecutor.java:1074)&#10;        at java.util.concurrent.ThreadPoolExecutor.runWorker(ThreadPoolExecutor.java:1134)&#10;        at java.util.concurrent.ThreadPoolExecutor$Worker.run(ThreadPoolExecutor.java:624)&#10;        at java.lang.Thread.run(Thread.java:748)&#10;&quot;surefire-forkedjvm-ping-30s&quot; daemon prio=5 tid=10 timed_waiting&#10;java.lang.Thread.State: TIMED_WAITING&#10;        at sun.misc.Unsafe.park(Native Method)&#10;        at java.util.concurrent.locks.LockSupport.parkNanos(LockSupport.java:215)&#10;        at java.util.concurrent.locks.AbstractQueuedSynchronizer$ConditionObject.awaitNanos(AbstractQueuedSynchronizer.java:2078)&#10;        at java.util.concurrent.ScheduledThreadPoolExecutor$DelayedWorkQueue.take(ScheduledThreadPoolExecutor.java:1093)&#10;        at java.util.concurrent.ScheduledThreadPoolExecutor$DelayedWorkQueue.take(ScheduledThreadPoolExecutor.java:809)&#10;        at java.util.concurrent.ThreadPoolExecutor.getTask(ThreadPoolExecutor.java:1074)&#10;        at java.util.concurrent.ThreadPoolExecutor.runWorker(ThreadPoolExecutor.java:1134)&#10;        at java.util.concurrent.ThreadPoolExecutor$Worker.run(ThreadPoolExecutor.java:624)&#10;        at java.lang.Thread.run(Thread.java:748)&#10;&quot;PartialTableCache Cleanup Thread - 0&quot; daemon prio=5 tid=1680 in Object.wait()&#10;java.lang.Thread.State: WAITING (on object monitor)&#10;        at sun.misc.Unsafe.park(Native Method)&#10;        at java.util.concurrent.locks.LockSupport.park(LockSupport.java:175)&#10;        at java.util.concurrent.locks.AbstractQueuedSynchronizer$ConditionObject.await(AbstractQueuedSynchronizer.java:2039)&#10;        at java.util.concurrent.LinkedBlockingQueue.take(LinkedBlockingQueue.java:442)&#10;        at java.util.concurrent.ThreadPoolExecutor.getTask(ThreadPoolExecutor.java:1074)&#10;        at java.util.concurrent.ThreadPoolExecutor.runWorker(ThreadPoolExecutor.java:1134)&#10;        at java.util.concurrent.ThreadPoolExecutor$Worker.run(ThreadPoolExecutor.java:624)&#10;        at java.lang.Thread.run(Thread.java:748)&#10;&quot;PartialTableCache Cleanup Thread - 0&quot; daemon prio=5 tid=2248 in Object.wait()&#10;java.lang.Thread.State: WAITING (on object monitor)&#10;        at sun.misc.Unsafe.park(Native Method)&#10;        at java.util.concurrent.locks.LockSupport.park(LockSupport.java:175)&#10;        at java.util.concurrent.locks.AbstractQueuedSynchronizer$ConditionObject.await(AbstractQueuedSynchronizer.java:2039)&#10;        at java.util.concurrent.LinkedBlockingQueue.take(LinkedBlockingQueue.java:442)&#10;        at java.util.concurrent.ThreadPoolExecutor.getTask(ThreadPoolExecutor.java:1074)&#10;        at java.util.concurrent.ThreadPoolExecutor.runWorker(ThreadPoolExecutor.java:1134)&#10;        at java.util.concurrent.ThreadPoolExecutor$Worker.run(ThreadPoolExecutor.java:624)&#10;        at java.lang.Thread.run(Thread.java:748)&#10;&quot;qtp675242275-6652&quot; daemon prio=5 tid=6652 timed_waiting&#10;java.lang.Thread.State: TIMED_WAITING&#10;        at sun.misc.Unsafe.park(Native Method)&#10;        at java.util.concurrent.locks.LockSupport.parkNanos(LockSupport.java:215)&#10;        at java.util.concurrent.locks.AbstractQueuedSynchronizer$ConditionObject.awaitNanos(AbstractQueuedSynchronizer.java:2078)&#10;        at org.eclipse.jetty.util.BlockingArrayQueue.poll(BlockingArrayQueue.java:382)&#10;        at org.eclipse.jetty.util.thread.QueuedThreadPool$Runner.idleJobPoll(QueuedThreadPool.java:875)&#10;        at org.eclipse.jetty.util.thread.QueuedThreadPool$Runner.run(QueuedThreadPool.java:925)&#10;        at java.lang.Thread.run(Thread.java:748)&#10;&quot;BlockDeletingService#1&quot; daemon prio=5 tid=5747 in Object.wait()&#10;java.lang.Thread.State: WAITING (on object monitor)&#10;        at sun.misc.Unsafe.park(Native Method)&#10;        at java.util.concurrent.locks.LockSupport.park(LockSupport.java:175)&#10;        at java.util.concurrent.locks.AbstractQueuedSynchronizer$ConditionObject.await(AbstractQueuedSynchronizer.java:2039)&#10;        at java.util.concurrent.ScheduledThreadPoolExecutor$DelayedWorkQueue.take(ScheduledThreadPoolExecutor.java:1088)&#10;        at java.util.concurrent.ScheduledThreadPoolExecutor$DelayedWorkQueue.take(ScheduledThreadPoolExecutor.java:809)&#10;        at java.util.concurrent.ThreadPoolExecutor.getTask(ThreadPoolExecutor.java:1074)&#10;        at java.util.concurrent.ThreadPoolExecutor.runWorker(ThreadPoolExecutor.java:1134)&#10;        at java.util.concurrent.ThreadPoolExecutor$Worker.run(ThreadPoolExecutor.java:624)&#10;        at java.lang.Thread.run(Thread.java:748)&#10;&quot;ChunkWriter-2-0&quot; daemon prio=5 tid=5750 in Object.wait()&#10;java.lang.Thread.State: WAITING (on object monitor)&#10;        at sun.misc.Unsafe.park(Native Method)&#10;        at java.util.concurrent.locks.LockSupport.park(LockSupport.java:175)&#10;        at java.util.concurrent.locks.AbstractQueuedSynchronizer$ConditionObject.await(AbstractQueuedSynchronizer.java:2039)&#10;        at java.util.concurrent.LinkedBlockingDeque.takeFirst(LinkedBlockingDeque.java:492)&#10;        at java.util.concurrent.LinkedBlockingDeque.take(LinkedBlockingDeque.java:680)&#10;        at java.util.concurrent.ThreadPoolExecutor.getTask(ThreadPoolExecutor.java:1074)&#10;        at java.util.concurrent.ThreadPoolExecutor.runWorker(ThreadPoolExecutor.java:1134)&#10;        at java.util.concurrent.ThreadPoolExecutor$Worker.run(ThreadPoolExecutor.java:624)&#10;        at java.lang.Thread.run(Thread.java:748)&#10;&quot;Datanode ReportManager Thread - 3&quot; daemon prio=5 tid=5702 in Object.wait()&#10;java.lang.Thread.State: WAITING (on object monitor)&#10;        at sun.misc.Unsafe.park(Native Method)&#10;        at java.util.concurrent.locks.LockSupport.park(LockSupport.java:175)&#10;        at java.util.concurrent.locks.AbstractQueuedSynchronizer$ConditionObject.await(AbstractQueuedSynchronizer.java:2039)&#10;        at java.util.concurrent.ScheduledThreadPoolExecutor$DelayedWorkQueue.take(ScheduledThreadPoolExecutor.java:1088)&#10;        at java.util.concurrent.ScheduledThreadPoolExecutor$DelayedWorkQueue.take(ScheduledThreadPoolExecutor.java:809)&#10;        at java.util.concurrent.ThreadPoolExecutor.getTask(ThreadPoolExecutor.java:1074)&#10;        at java.util.concurrent.ThreadPoolExecutor.runWorker(ThreadPoolExecutor.java:1134)&#10;        at java.util.concurrent.ThreadPoolExecutor$Worker.run(ThreadPoolExecutor.java:624)&#10;        at java.lang.Thread.run(Thread.java:748)&#10;&quot;Thread-4740&quot; daemon prio=5 tid=5844 timed_waiting&#10;java.lang.Thread.State: TIMED_WAITING&#10;        at sun.misc.Unsafe.park(Native Method)&#10;        at java.util.concurrent.locks.LockSupport.parkNanos(LockSupport.java:215)&#10;        at java.util.concurrent.locks.AbstractQueuedSynchronizer$ConditionObject.awaitNanos(AbstractQueuedSynchronizer.java:2078)&#10;        at java.util.concurrent.ArrayBlockingQueue.poll(ArrayBlockingQueue.java:418)&#10;        at org.apache.ratis.server.impl.LeaderState$EventQueue.poll(LeaderState.java:122)&#10;        at org.apache.ratis.server.impl.LeaderState$EventProcessor.run(LeaderState.java:506)&#10;&quot;Thread-4754&quot; daemon prio=5 tid=5858 timed_waiting&#10;java.lang.Thread.State: TIMED_WAITING&#10;        at sun.misc.Unsafe.park(Native Method)&#10;        at java.util.concurrent.locks.LockSupport.parkNanos(LockSupport.java:215)&#10;        at java.util.concurrent.locks.AbstractQueuedSynchronizer$ConditionObject.awaitNanos(AbstractQueuedSynchronizer.java:2078)&#10;        at java.util.concurrent.ArrayBlockingQueue.poll(ArrayBlockingQueue.java:418)&#10;        at org.apache.ratis.server.impl.LeaderState$EventQueue.poll(LeaderState.java:122)&#10;        at org.apache.ratis.server.impl.LeaderState$EventProcessor.run(LeaderState.java:506)&#10;&quot;PartialTableCache Cleanup Thread - 0&quot; daemon prio=5 tid=516 in Object.wait()&#10;java.lang.Thread.State: WAITING (on object monitor)&#10;        at sun.misc.Unsafe.park(Native Method)&#10;        at java.util.concurrent.locks.LockSupport.park(LockSupport.java:175)&#10;        at java.util.concurrent.locks.AbstractQueuedSynchronizer$ConditionObject.await(AbstractQueuedSynchronizer.java:2039)&#10;        at java.util.concurrent.LinkedBlockingQueue.take(LinkedBlockingQueue.java:442)&#10;        at java.util.concurrent.ThreadPoolExecutor.getTask(ThreadPoolExecutor.java:1074)&#10;        at java.util.concurrent.ThreadPoolExecutor.runWorker(ThreadPoolExecutor.java:1134)&#10;        at java.util.concurrent.ThreadPoolExecutor$Worker.run(ThreadPoolExecutor.java:624)&#10;        at java.lang.Thread.run(Thread.java:748)&#10;&quot;PartialTableCache Cleanup Thread - 0&quot; daemon prio=5 tid=2205 in Object.wait()&#10;java.lang.Thread.State: WAITING (on object monitor)&#10;        at sun.misc.Unsafe.park(Native Method)&#10;        at java.util.concurrent.locks.LockSupport.park(LockSupport.java:175)&#10;        at java.util.concurrent.locks.AbstractQueuedSynchronizer$ConditionObject.await(AbstractQueuedSynchronizer.java:2039)&#10;        at java.util.concurrent.LinkedBlockingQueue.take(LinkedBlockingQueue.java:442)&#10;        at java.util.concurrent.ThreadPoolExecutor.getTask(ThreadPoolExecutor.java:1074)&#10;        at java.util.concurrent.ThreadPoolExecutor.runWorker(ThreadPoolExecutor.java:1134)&#10;        at java.util.concurrent.ThreadPoolExecutor$Worker.run(ThreadPoolExecutor.java:624)&#10;        at java.lang.Thread.run(Thread.java:748)&#10;&quot;Datanode State Machine Thread - 0&quot; daemon prio=5 tid=5705 timed_waiting&#10;java.lang.Thread.State: TIMED_WAITING&#10;        at sun.misc.Unsafe.park(Native Method)&#10;        at java.util.concurrent.locks.LockSupport.parkNanos(LockSupport.java:215)&#10;        at java.util.concurrent.SynchronousQueue$TransferStack.awaitFulfill(SynchronousQueue.java:460)&#10;        at java.util.concurrent.SynchronousQueue$TransferStack.transfer(SynchronousQueue.java:362)&#10;        at java.util.concurrent.SynchronousQueue.poll(SynchronousQueue.java:941)&#10;        at java.util.concurrent.ThreadPoolExecutor.getTask(ThreadPoolExecutor.java:1073)&#10;        at java.util.concurrent.ThreadPoolExecutor.runWorker(ThreadPoolExecutor.java:1134)&#10;        at java.util.concurrent.ThreadPoolExecutor$Worker.run(ThreadPoolExecutor.java:624)&#10;        at java.lang.Thread.run(Thread.java:748)&#10;&quot;Datanode ReportManager Thread - 0&quot; daemon prio=5 tid=5676 in Object.wait()&#10;java.lang.Thread.State: WAITING (on object monitor)&#10;        at sun.misc.Unsafe.park(Native Method)&#10;        at java.util.concurrent.locks.LockSupport.park(LockSupport.java:175)&#10;        at java.util.concurrent.locks.AbstractQueuedSynchronizer$ConditionObject.await(AbstractQueuedSynchronizer.java:2039)&#10;        at java.util.concurrent.ScheduledThreadPoolExecutor$DelayedWorkQueue.take(ScheduledThreadPoolExecutor.java:1088)&#10;        at java.util.concurrent.ScheduledThreadPoolExecutor$DelayedWorkQueue.take(ScheduledThreadPoolExecutor.java:809)&#10;        at java.util.concurrent.ThreadPoolExecutor.getTask(ThreadPoolExecutor.java:1074)&#10;        at java.util.concurrent.ThreadPoolExecutor.runWorker(ThreadPoolExecutor.java:1134)&#10;        at java.util.concurrent.ThreadPoolExecutor$Worker.run(ThreadPoolExecutor.java:624)&#10;        at java.lang.Thread.run(Thread.java:748)&#10;&quot;pool-787-thread-1&quot;  prio=5 tid=3934 timed_waiting&#10;java.lang.Thread.State: TIMED_WAITING&#10;        at sun.misc.Unsafe.park(Native Method)&#10;        at java.util.concurrent.locks.LockSupport.parkNanos(LockSupport.java:215)&#10;        at java.util.concurrent.locks.AbstractQueuedSynchronizer$ConditionObject.awaitNanos(AbstractQueuedSynchronizer.java:2078)&#10;        at java.util.concurrent.ScheduledThreadPoolExecutor$DelayedWorkQueue.take(ScheduledThreadPoolExecutor.java:1093)&#10;        at java.util.concurrent.ScheduledThreadPoolExecutor$DelayedWorkQueue.take(ScheduledThreadPoolExecutor.java:809)&#10;        at java.util.concurrent.ThreadPoolExecutor.getTask(ThreadPoolExecutor.java:1074)&#10;        at java.util.concurrent.ThreadPoolExecutor.runWorker(ThreadPoolExecutor.java:1134)&#10;        at java.util.concurrent.ThreadPoolExecutor$Worker.run(ThreadPoolExecutor.java:624)&#10;        at java.lang.Thread.run(Thread.java:748)&#10;&quot;qtp1903785634-5646&quot; daemon prio=5 tid=5646 runnable&#10;java.lang.Thread.State: RUNNABLE&#10;        at sun.nio.ch.EPollArrayWrapper.epollWait(Native Method)&#10;        at sun.nio.ch.EPollArrayWrapper.poll(EPollArrayWrapper.java:269)&#10;        at sun.nio.ch.EPollSelectorImpl.doSelect(EPollSelectorImpl.java:93)&#10;        at sun.nio.ch.SelectorImpl.lockAndDoSelect(SelectorImpl.java:86)&#10;        at sun.nio.ch.SelectorImpl.select(SelectorImpl.java:97)&#10;        at sun.nio.ch.SelectorImpl.select(SelectorImpl.java:101)&#10;        at org.eclipse.jetty.io.ManagedSelector$SelectorProducer.select(ManagedSelector.java:472)&#10;        at org.eclipse.jetty.io.ManagedSelector$SelectorProducer.produce(ManagedSelector.java:409)&#10;        at org.eclipse.jetty.util.thread.strategy.EatWhatYouKill.produceTask(EatWhatYouKill.java:360)&#10;        at org.eclipse.jetty.util.thread.strategy.EatWhatYouKill.doProduce(EatWhatYouKill.java:184)&#10;        at org.eclipse.jetty.util.thread.strategy.EatWhatYouKill.tryProduce(EatWhatYouKill.java:171)&#10;        at org.eclipse.jetty.util.thread.strategy.EatWhatYouKill.produce(EatWhatYouKill.java:135)&#10;        at org.eclipse.jetty.io.ManagedSelector$$Lambda$72/1129097646.run(Unknown Source)&#10;        at org.eclipse.jetty.util.thread.QueuedThreadPool.runJob(QueuedThreadPool.java:806)&#10;        at org.eclipse.jetty.util.thread.QueuedThreadPool$Runner.run(QueuedThreadPool.java:938)&#10;        at java.lang.Thread.run(Thread.java:748)&#10;&quot;IPC Server handler 8 on default port 45819&quot; daemon prio=5 tid=5476 timed_waiting&#10;java.lang.Thread.State: TIMED_WAITING&#10;        at sun.misc.Unsafe.park(Native Method)&#10;        at java.util.concurrent.locks.LockSupport.parkNanos(LockSupport.java:215)&#10;        at java.util.concurrent.locks.AbstractQueuedSynchronizer$ConditionObject.awaitNanos(AbstractQueuedSynchronizer.java:2078)&#10;        at java.util.concurrent.LinkedBlockingQueue.poll(LinkedBlockingQueue.java:467)&#10;        at org.apache.hadoop.ipc.CallQueueManager.take(CallQueueManager.java:295)&#10;        at org.apache.hadoop.ipc.Server$Handler.run(Server.java:2881)&#10;&quot;pool-462-thread-1&quot;  prio=5 tid=2361 timed_waiting&#10;java.lang.Thread.State: TIMED_WAITING&#10;        at sun.misc.Unsafe.park(Native Method)&#10;        at java.util.concurrent.locks.LockSupport.parkNanos(LockSupport.java:215)&#10;        at java.util.concurrent.locks.AbstractQueuedSynchronizer$ConditionObject.awaitNanos(AbstractQueuedSynchronizer.java:2078)&#10;        at java.util.concurrent.ScheduledThreadPoolExecutor$DelayedWorkQueue.take(ScheduledThreadPoolExecutor.java:1093)&#10;        at java.util.concurrent.ScheduledThreadPoolExecutor$DelayedWorkQueue.take(ScheduledThreadPoolExecutor.java:809)&#10;        at java.util.concurrent.ThreadPoolExecutor.getTask(ThreadPoolExecutor.java:1074)&#10;        at java.util.concurrent.ThreadPoolExecutor.runWorker(ThreadPoolExecutor.java:1134)&#10;        at java.util.concurrent.ThreadPoolExecutor$Worker.run(ThreadPoolExecutor.java:624)&#10;        at java.lang.Thread.run(Thread.java:748)&#10;&quot;IPC Server handler 8 on default port 41453&quot; daemon prio=5 tid=5496 timed_waiting&#10;java.lang.Thread.State: TIMED_WAITING&#10;        at sun.misc.Unsafe.park(Native Method)&#10;        at java.util.concurrent.locks.LockSupport.parkNanos(LockSupport.java:215)&#10;        at java.util.concurrent.locks.AbstractQueuedSynchronizer$ConditionObject.awaitNanos(AbstractQueuedSynchronizer.java:2078)&#10;        at java.util.concurrent.LinkedBlockingQueue.poll(LinkedBlockingQueue.java:467)&#10;        at org.apache.hadoop.ipc.CallQueueManager.take(CallQueueManager.java:295)&#10;        at org.apache.hadoop.ipc.Server$Handler.run(Server.java:2881)&#10;&quot;IPC Server handler 19 on default port 11860&quot; daemon prio=5 tid=5554 timed_waiting&#10;java.lang.Thread.State: TIMED_WAITING&#10;        at sun.misc.Unsafe.park(Native Method)&#10;        at java.util.concurrent.locks.LockSupport.parkNanos(LockSupport.java:215)&#10;        at java.util.concurrent.locks.AbstractQueuedSynchronizer$ConditionObject.awaitNanos(AbstractQueuedSynchronizer.java:2078)&#10;        at java.util.concurrent.LinkedBlockingQueue.poll(LinkedBlockingQueue.java:467)&#10;        at org.apache.hadoop.ipc.CallQueueManager.take(CallQueueManager.java:295)&#10;        at org.apache.hadoop.ipc.Server$Handler.run(Server.java:2881)&#10;&quot;qtp1622107655-5664&quot; daemon prio=5 tid=5664 timed_waiting&#10;java.lang.Thread.State: TIMED_WAITING&#10;        at sun.misc.Unsafe.park(Native Method)&#10;        at java.util.concurrent.locks.LockSupport.parkNanos(LockSupport.java:215)&#10;        at java.util.concurrent.locks.AbstractQueuedSynchronizer$ConditionObject.awaitNanos(AbstractQueuedSynchronizer.java:2078)&#10;        at org.eclipse.jetty.util.BlockingArrayQueue.poll(BlockingArrayQueue.java:382)&#10;        at org.eclipse.jetty.util.thread.QueuedThreadPool$Runner.idleJobPoll(QueuedThreadPool.java:875)&#10;        at org.eclipse.jetty.util.thread.QueuedThreadPool$Runner.run(QueuedThreadPool.java:925)&#10;        at java.lang.Thread.run(Thread.java:748)&#10;&quot;org.apache.hadoop.util.JvmPauseMonitor$Monitor@425e7a02&quot; daemon prio=5 tid=6658 timed_waiting&#10;java.lang.Thread.State: TIMED_WAITING&#10;        at java.lang.Thread.sleep(Native Method)&#10;        at org.apache.hadoop.util.JvmPauseMonitor$Monitor.run(JvmPauseMonitor.java:192)&#10;        at java.lang.Thread.run(Thread.java:748)&#10;&quot;IPC Server handler 4 on default port 11860&quot; daemon prio=5 tid=5538 timed_waiting&#10;java.lang.Thread.State: TIMED_WAITING&#10;        at sun.misc.Unsafe.park(Native Method)&#10;        at java.util.concurrent.locks.LockSupport.parkNanos(LockSupport.java:215)&#10;        at java.util.concurrent.locks.AbstractQueuedSynchronizer$ConditionObject.awaitNanos(AbstractQueuedSynchronizer.java:2078)&#10;        at java.util.concurrent.LinkedBlockingQueue.poll(LinkedBlockingQueue.java:467)&#10;        at org.apache.hadoop.ipc.CallQueueManager.take(CallQueueManager.java:295)&#10;        at org.apache.hadoop.ipc.Server$Handler.run(Server.java:2881)&#10;&quot;qtp187225922-5513&quot; daemon prio=5 tid=5513 timed_waiting&#10;java.lang.Thread.State: TIMED_WAITING&#10;        at sun.misc.Unsafe.park(Native Method)&#10;        at java.util.concurrent.locks.LockSupport.parkNanos(LockSupport.java:215)&#10;        at java.util.concurrent.locks.AbstractQueuedSynchronizer$ConditionObject.awaitNanos(AbstractQueuedSynchronizer.java:2078)&#10;        at org.eclipse.jetty.util.BlockingArrayQueue.poll(BlockingArrayQueue.java:382)&#10;        at org.eclipse.jetty.util.thread.QueuedThreadPool$Runner.idleJobPoll(QueuedThreadPool.java:875)&#10;        at org.eclipse.jetty.util.thread.QueuedThreadPool$Runner.run(QueuedThreadPool.java:925)&#10;        at java.lang.Thread.run(Thread.java:748)&#10;&quot;IPC Server handler 2 on default port 11872&quot; daemon prio=5 tid=5626 timed_waiting&#10;java.lang.Thread.State: TIMED_WAITING&#10;        at sun.misc.Unsafe.park(Native Method)&#10;        at java.util.concurrent.locks.LockSupport.parkNanos(LockSupport.java:215)&#10;        at java.util.concurrent.locks.AbstractQueuedSynchronizer$ConditionObject.awaitNanos(AbstractQueuedSynchronizer.java:2078)&#10;        at java.util.concurrent.LinkedBlockingQueue.poll(LinkedBlockingQueue.java:467)&#10;        at org.apache.hadoop.ipc.CallQueueManager.take(CallQueueManager.java:295)&#10;        at org.apache.hadoop.ipc.Server$Handler.run(Server.java:2881)&#10;&quot;pool-1114-thread-1&quot;  prio=5 tid=5612 in Object.wait()&#10;java.lang.Thread.State: WAITING (on object monitor)&#10;        at sun.misc.Unsafe.park(Native Method)&#10;        at java.util.concurrent.locks.LockSupport.park(LockSupport.java:175)&#10;        at java.util.concurrent.locks.AbstractQueuedSynchronizer$ConditionObject.await(AbstractQueuedSynchronizer.java:2039)&#10;        at java.util.concurrent.LinkedBlockingQueue.take(LinkedBlockingQueue.java:442)&#10;        at java.util.concurrent.ThreadPoolExecutor.getTask(ThreadPoolExecutor.java:1074)&#10;        at java.util.concurrent.ThreadPoolExecutor.runWorker(ThreadPoolExecutor.java:1134)&#10;        at java.util.concurrent.ThreadPoolExecutor$Worker.run(ThreadPoolExecutor.java:624)&#10;        at java.lang.Thread.run(Thread.java:748)&#10;&quot;IPC Server handler 13 on default port 11866&quot; daemon prio=5 tid=6641 timed_waiting&#10;java.lang.Thread.State: TIMED_WAITING&#10;        at sun.misc.Unsafe.park(Native Method)&#10;        at java.util.concurrent.locks.LockSupport.parkNanos(LockSupport.java:215)&#10;        at java.util.concurrent.locks.AbstractQueuedSynchronizer$ConditionObject.awaitNanos(AbstractQueuedSynchronizer.java:2078)&#10;        at java.util.concurrent.LinkedBlockingQueue.poll(LinkedBlockingQueue.java:467)&#10;        at org.apache.hadoop.ipc.CallQueueManager.take(CallQueueManager.java:295)&#10;        at org.apache.hadoop.ipc.Server$Handler.run(Server.java:2881)&#10;&quot;PartialTableCache Cleanup Thread - 0&quot; daemon prio=5 tid=990 in Object.wait()&#10;java.lang.Thread.State: WAITING (on object monitor)&#10;        at sun.misc.Unsafe.park(Native Method)&#10;        at java.util.concurrent.locks.LockSupport.park(LockSupport.java:175)&#10;        at java.util.concurrent.locks.AbstractQueuedSynchronizer$ConditionObject.await(AbstractQueuedSynchronizer.java:2039)&#10;        at java.util.concurrent.LinkedBlockingQueue.take(LinkedBlockingQueue.java:442)&#10;        at java.util.concurrent.ThreadPoolExecutor.getTask(ThreadPoolExecutor.java:1074)&#10;        at java.util.concurrent.ThreadPoolExecutor.runWorker(ThreadPoolExecutor.java:1134)&#10;        at java.util.concurrent.ThreadPoolExecutor$Worker.run(ThreadPoolExecutor.java:624)&#10;        at java.lang.Thread.run(Thread.java:748)&#10;&quot;PartialTableCache Cleanup Thread - 0&quot; daemon prio=5 tid=1002 in Object.wait()&#10;java.lang.Thread.State: WAITING (on object monitor)&#10;        at sun.misc.Unsafe.park(Native Method)&#10;        at java.util.concurrent.locks.LockSupport.park(LockSupport.java:175)&#10;        at java.util.concurrent.locks.AbstractQueuedSynchronizer$ConditionObject.await(AbstractQueuedSynchronizer.java:2039)&#10;        at java.util.concurrent.LinkedBlockingQueue.take(LinkedBlockingQueue.java:442)&#10;        at java.util.concurrent.ThreadPoolExecutor.getTask(ThreadPoolExecutor.java:1074)&#10;        at java.util.concurrent.ThreadPoolExecutor.runWorker(ThreadPoolExecutor.java:1134)&#10;        at java.util.concurrent.ThreadPoolExecutor$Worker.run(ThreadPoolExecutor.java:624)&#10;        at java.lang.Thread.run(Thread.java:748)&#10;&quot;IPC Server handler 2 on default port 45819&quot; daemon prio=5 tid=5470 timed_waiting&#10;java.lang.Thread.State: TIMED_WAITING&#10;        at sun.misc.Unsafe.park(Native Method)&#10;        at java.util.concurrent.locks.LockSupport.parkNanos(LockSupport.java:215)&#10;        at java.util.concurrent.locks.AbstractQueuedSynchronizer$ConditionObject.awaitNanos(AbstractQueuedSynchronizer.java:2078)&#10;        at java.util.concurrent.LinkedBlockingQueue.poll(LinkedBlockingQueue.java:467)&#10;        at org.apache.hadoop.ipc.CallQueueManager.take(CallQueueManager.java:295)&#10;        at org.apache.hadoop.ipc.Server$Handler.run(Server.java:2881)&#10;&quot;BlockDeletingService#3&quot; daemon prio=5 tid=7264 in Object.wait()&#10;java.lang.Thread.State: WAITING (on object monitor)&#10;        at sun.misc.Unsafe.park(Native Method)&#10;        at java.util.concurrent.locks.LockSupport.park(LockSupport.java:175)&#10;        at java.util.concurrent.locks.AbstractQueuedSynchronizer$ConditionObject.await(AbstractQueuedSynchronizer.java:2039)&#10;        at java.util.concurrent.ScheduledThreadPoolExecutor$DelayedWorkQueue.take(ScheduledThreadPoolExecutor.java:1088)&#10;        at java.util.concurrent.ScheduledThreadPoolExecutor$DelayedWorkQueue.take(ScheduledThreadPoolExecutor.java:809)&#10;        at java.util.concurrent.ThreadPoolExecutor.getTask(ThreadPoolExecutor.java:1074)&#10;        at java.util.concurrent.ThreadPoolExecutor.runWorker(ThreadPoolExecutor.java:1134)&#10;        at java.util.concurrent.ThreadPoolExecutor$Worker.run(ThreadPoolExecutor.java:624)&#10;        at java.lang.Thread.run(Thread.java:748)&#10;&quot;ChunkWriter-2-0&quot; daemon prio=5 tid=5756 in Object.wait()&#10;java.lang.Thread.State: WAITING (on object monitor)&#10;        at sun.misc.Unsafe.park(Native Method)&#10;        at java.util.concurrent.locks.LockSupport.park(LockSupport.java:175)&#10;        at java.util.concurrent.locks.AbstractQueuedSynchronizer$ConditionObject.await(AbstractQueuedSynchronizer.java:2039)&#10;        at java.util.concurrent.LinkedBlockingDeque.takeFirst(LinkedBlockingDeque.java:492)&#10;        at java.util.concurrent.LinkedBlockingDeque.take(LinkedBlockingDeque.java:680)&#10;        at java.util.concurrent.ThreadPoolExecutor.getTask(ThreadPoolExecutor.java:1074)&#10;        at java.util.concurrent.ThreadPoolExecutor.runWorker(ThreadPoolExecutor.java:1134)&#10;        at java.util.concurrent.ThreadPoolExecutor$Worker.run(ThreadPoolExecutor.java:624)&#10;        at java.lang.Thread.run(Thread.java:748)&#10;&quot;ChunkWriter-3-0&quot; daemon prio=5 tid=5745 in Object.wait()&#10;java.lang.Thread.State: WAITING (on object monitor)&#10;        at sun.misc.Unsafe.park(Native Method)&#10;        at java.util.concurrent.locks.LockSupport.park(LockSupport.java:175)&#10;        at java.util.concurrent.locks.AbstractQueuedSynchronizer$ConditionObject.await(AbstractQueuedSynchronizer.java:2039)&#10;        at java.util.concurrent.LinkedBlockingDeque.takeFirst(LinkedBlockingDeque.java:492)&#10;        at java.util.concurrent.LinkedBlockingDeque.take(LinkedBlockingDeque.java:680)&#10;        at java.util.concurrent.ThreadPoolExecutor.getTask(ThreadPoolExecutor.java:1074)&#10;        at java.util.concurrent.ThreadPoolExecutor.runWorker(ThreadPoolExecutor.java:1134)&#10;        at java.util.concurrent.ThreadPoolExecutor$Worker.run(ThreadPoolExecutor.java:624)&#10;        at java.lang.Thread.run(Thread.java:748)&#10;&quot;IPC Server handler 11 on default port 41453&quot; daemon prio=5 tid=5499 timed_waiting&#10;java.lang.Thread.State: TIMED_WAITING&#10;        at sun.misc.Unsafe.park(Native Method)&#10;        at java.util.concurrent.locks.LockSupport.parkNanos(LockSupport.java:215)&#10;        at java.util.concurrent.locks.AbstractQueuedSynchronizer$ConditionObject.awaitNanos(AbstractQueuedSynchronizer.java:2078)&#10;        at java.util.concurrent.LinkedBlockingQueue.poll(LinkedBlockingQueue.java:467)&#10;        at org.apache.hadoop.ipc.CallQueueManager.take(CallQueueManager.java:295)&#10;        at org.apache.hadoop.ipc.Server$Handler.run(Server.java:2881)&#10;&quot;qtp675242275-6651&quot; daemon prio=5 tid=6651 timed_waiting&#10;java.lang.Thread.State: TIMED_WAITING&#10;        at sun.misc.Unsafe.park(Native Method)&#10;        at java.util.concurrent.locks.LockSupport.parkNanos(LockSupport.java:215)&#10;        at java.util.concurrent.locks.AbstractQueuedSynchronizer$ConditionObject.awaitNanos(AbstractQueuedSynchronizer.java:2078)&#10;        at org.eclipse.jetty.util.BlockingArrayQueue.poll(BlockingArrayQueue.java:382)&#10;        at org.eclipse.jetty.util.thread.QueuedThreadPool$Runner.idleJobPoll(QueuedThreadPool.java:875)&#10;        at org.eclipse.jetty.util.thread.QueuedThreadPool$Runner.run(QueuedThreadPool.java:925)&#10;        at java.lang.Thread.run(Thread.java:748)&#10;&quot;Periodic HDDS volume checker&quot; daemon prio=5 tid=5657 timed_waiting&#10;java.lang.Thread.State: TIMED_WAITING&#10;        at sun.misc.Unsafe.park(Native Method)&#10;        at java.util.concurrent.locks.LockSupport.parkNanos(LockSupport.java:215)&#10;        at java.util.concurrent.locks.AbstractQueuedSynchronizer$ConditionObject.awaitNanos(AbstractQueuedSynchronizer.java:2078)&#10;        at java.util.concurrent.ScheduledThreadPoolExecutor$DelayedWorkQueue.take(ScheduledThreadPoolExecutor.java:1093)&#10;        at java.util.concurrent.ScheduledThreadPoolExecutor$DelayedWorkQueue.take(ScheduledThreadPoolExecutor.java:809)&#10;        at java.util.concurrent.ThreadPoolExecutor.getTask(ThreadPoolExecutor.java:1074)&#10;        at java.util.concurrent.ThreadPoolExecutor.runWorker(ThreadPoolExecutor.java:1134)&#10;        at java.util.concurrent.ThreadPoolExecutor$Worker.run(ThreadPoolExecutor.java:624)&#10;        at java.lang.Thread.run(Thread.java:748)&#10;&quot;IPC Server handler 13 on default port 11872&quot; daemon prio=5 tid=5637 timed_waiting&#10;java.lang.Thread.State: TIMED_WAITING&#10;        at sun.misc.Unsafe.park(Native Method)&#10;        at java.util.concurrent.locks.LockSupport.parkNanos(LockSupport.java:215)&#10;        at java.util.concurrent.locks.AbstractQueuedSynchronizer$ConditionObject.awaitNanos(AbstractQueuedSynchronizer.java:2078)&#10;        at java.util.concurrent.LinkedBlockingQueue.poll(LinkedBlockingQueue.java:467)&#10;        at org.apache.hadoop.ipc.CallQueueManager.take(CallQueueManager.java:295)&#10;        at org.apache.hadoop.ipc.Server$Handler.run(Server.java:2881)&#10;&quot;IPC Server handler 5 on default port 11866&quot; daemon prio=5 tid=6633 timed_waiting&#10;java.lang.Thread.State: TIMED_WAITING&#10;        at sun.misc.Unsafe.park(Native Method)&#10;        at java.util.concurrent.locks.LockSupport.parkNanos(LockSupport.java:215)&#10;        at java.util.concurrent.locks.AbstractQueuedSynchronizer$ConditionObject.awaitNanos(AbstractQueuedSynchronizer.java:2078)&#10;        at java.util.concurrent.LinkedBlockingQueue.poll(LinkedBlockingQueue.java:467)&#10;        at org.apache.hadoop.ipc.CallQueueManager.take(CallQueueManager.java:295)&#10;        at org.apache.hadoop.ipc.Server$Handler.run(Server.java:2881)&#10;&quot;IPC Server listener on 0&quot; daemon prio=5 tid=5433 runnable&#10;java.lang.Thread.State: RUNNABLE&#10;        at sun.nio.ch.EPollArrayWrapper.epollWait(Native Method)&#10;        at sun.nio.ch.EPollArrayWrapper.poll(EPollArrayWrapper.java:269)&#10;        at sun.nio.ch.EPollSelectorImpl.doSelect(EPollSelectorImpl.java:93)&#10;        at sun.nio.ch.SelectorImpl.lockAndDoSelect(SelectorImpl.java:86)&#10;        at sun.nio.ch.SelectorImpl.select(SelectorImpl.java:97)&#10;        at sun.nio.ch.SelectorImpl.select(SelectorImpl.java:101)&#10;        at org.apache.hadoop.ipc.Server$Listener.run(Server.java:1304)&#10;&quot;qtp1903785634-5651&quot; daemon prio=5 tid=5651 timed_waiting&#10;java.lang.Thread.State: TIMED_WAITING&#10;        at sun.misc.Unsafe.park(Native Method)&#10;        at java.util.concurrent.locks.LockSupport.parkNanos(LockSupport.java:215)&#10;        at java.util.concurrent.locks.AbstractQueuedSynchronizer$ConditionObject.awaitNanos(AbstractQueuedSynchronizer.java:2078)&#10;        at org.eclipse.jetty.util.BlockingArrayQueue.poll(BlockingArrayQueue.java:382)&#10;        at org.eclipse.jetty.util.thread.QueuedThreadPool$Runner.idleJobPoll(QueuedThreadPool.java:875)&#10;        at org.eclipse.jetty.util.thread.QueuedThreadPool$Runner.run(QueuedThreadPool.java:925)&#10;        at java.lang.Thread.run(Thread.java:748)&#10;&quot;IPC Server handler 18 on default port 36843&quot; daemon prio=5 tid=5466 timed_waiting&#10;java.lang.Thread.State: TIMED_WAITING&#10;        at sun.misc.Unsafe.park(Native Method)&#10;        at java.util.concurrent.locks.LockSupport.parkNanos(LockSupport.java:215)&#10;        at java.util.concurrent.locks.AbstractQueuedSynchronizer$ConditionObject.awaitNanos(AbstractQueuedSynchronizer.java:2078)&#10;        at java.util.concurrent.LinkedBlockingQueue.poll(LinkedBlockingQueue.java:467)&#10;        at org.apache.hadoop.ipc.CallQueueManager.take(CallQueueManager.java:295)&#10;        at org.apache.hadoop.ipc.Server$Handler.run(Server.java:2881)&#10;&quot;IPC Server handler 10 on default port 11872&quot; daemon prio=5 tid=5634 timed_waiting&#10;java.lang.Thread.State: TIMED_WAITING&#10;        at sun.misc.Unsafe.park(Native Method)&#10;        at java.util.concurrent.locks.LockSupport.parkNanos(LockSupport.java:215)&#10;        at java.util.concurrent.locks.AbstractQueuedSynchronizer$ConditionObject.awaitNanos(AbstractQueuedSynchronizer.java:2078)&#10;        at java.util.concurrent.LinkedBlockingQueue.poll(LinkedBlockingQueue.java:467)&#10;        at org.apache.hadoop.ipc.CallQueueManager.take(CallQueueManager.java:295)&#10;        at org.apache.hadoop.ipc.Server$Handler.run(Server.java:2881)&#10;&#10;" type="java.util.concurrent.TimeoutException">java.util.concurrent.TimeoutException: 
Timed out waiting for condition. Thread diagnostics:
Timestamp: 2020-07-01 01:09:25,154

"Datanode ReportManager Thread - 2" daemon prio=5 tid=5678 timed_waiting
java.lang.Thread.State: TIMED_WAITING
        at sun.misc.Unsafe.park(Native Method)
        at java.util.concurrent.locks.LockSupport.parkNanos(LockSupport.java:215)
        at java.util.concurrent.locks.AbstractQueuedSynchronizer$ConditionObject.awaitNanos(AbstractQueuedSynchronizer.java:2078)
        at java.util.concurrent.ScheduledThreadPoolExecutor$DelayedWorkQueue.take(ScheduledThreadPoolExecutor.java:1093)
        at java.util.concurrent.ScheduledThreadPoolExecutor$DelayedWorkQueue.take(ScheduledThreadPoolExecutor.java:809)
        at java.util.concurrent.ThreadPoolExecutor.getTask(ThreadPoolExecutor.java:1074)
        at java.util.concurrent.ThreadPoolExecutor.runWorker(ThreadPoolExecutor.java:1134)
        at java.util.concurrent.ThreadPoolExecutor$Worker.run(ThreadPoolExecutor.java:624)
        at java.lang.Thread.run(Thread.java:748)
"IPC Server handler 7 on default port 45819" daemon prio=5 tid=5475 timed_waiting
java.lang.Thread.State: TIMED_WAITING
        at sun.misc.Unsafe.park(Native Method)
        at java.util.concurrent.locks.LockSupport.parkNanos(LockSupport.java:215)
        at java.util.concurrent.locks.AbstractQueuedSynchronizer$ConditionObject.awaitNanos(AbstractQueuedSynchronizer.java:2078)
        at java.util.concurrent.LinkedBlockingQueue.poll(LinkedBlockingQueue.java:467)
        at org.apache.hadoop.ipc.CallQueueManager.take(CallQueueManager.java:295)
        at org.apache.hadoop.ipc.Server$Handler.run(Server.java:2881)
"pool-146-thread-1"  prio=5 tid=678 timed_waiting
java.lang.Thread.State: TIMED_WAITING
        at sun.misc.Unsafe.park(Native Method)
        at java.util.concurrent.locks.LockSupport.parkNanos(LockSupport.java:215)
        at java.util.concurrent.locks.AbstractQueuedSynchronizer$ConditionObject.awaitNanos(AbstractQueuedSynchronizer.java:2078)
        at java.util.concurrent.ScheduledThreadPoolExecutor$DelayedWorkQueue.take(ScheduledThreadPoolExecutor.java:1093)
        at java.util.concurrent.ScheduledThreadPoolExecutor$DelayedWorkQueue.take(ScheduledThreadPoolExecutor.java:809)
        at java.util.concurrent.ThreadPoolExecutor.getTask(ThreadPoolExecutor.java:1074)
        at java.util.concurrent.ThreadPoolExecutor.runWorker(ThreadPoolExecutor.java:1134)
        at java.util.concurrent.ThreadPoolExecutor$Worker.run(ThreadPoolExecutor.java:624)
        at java.lang.Thread.run(Thread.java:748)
"IPC Server idle connection scanner for port 41453" daemon prio=5 tid=5431 timed_waiting
java.lang.Thread.State: TIMED_WAITING
        at java.lang.Object.wait(Native Method)
        at java.util.TimerThread.mainLoop(Timer.java:552)
        at java.util.TimerThread.run(Timer.java:505)
"IPC Server handler 4 on default port 41453" daemon prio=5 tid=5492 timed_waiting
java.lang.Thread.State: TIMED_WAITING
        at sun.misc.Unsafe.park(Native Method)
        at java.util.concurrent.locks.LockSupport.parkNanos(LockSupport.java:215)
        at java.util.concurrent.locks.AbstractQueuedSynchronizer$ConditionObject.awaitNanos(AbstractQueuedSynchronizer.java:2078)
        at java.util.concurrent.LinkedBlockingQueue.poll(LinkedBlockingQueue.java:467)
        at org.apache.hadoop.ipc.CallQueueManager.take(CallQueueManager.java:295)
        at org.apache.hadoop.ipc.Server$Handler.run(Server.java:2881)
"grpc-nio-worker-ELG-3-1" daemon prio=5 tid=321 runnable
java.lang.Thread.State: RUNNABLE
        at sun.nio.ch.EPollArrayWrapper.epollWait(Native Method)
        at sun.nio.ch.EPollArrayWrapper.poll(EPollArrayWrapper.java:269)
        at sun.nio.ch.EPollSelectorImpl.doSelect(EPollSelectorImpl.java:93)
        at sun.nio.ch.SelectorImpl.lockAndDoSelect(SelectorImpl.java:86)
        at sun.nio.ch.SelectorImpl.select(SelectorImpl.java:97)
        at org.apache.ratis.thirdparty.io.netty.channel.nio.SelectedSelectionKeySetSelector.select(SelectedSelectionKeySetSelector.java:62)
        at org.apache.ratis.thirdparty.io.netty.channel.nio.NioEventLoop.select(NioEventLoop.java:807)
        at org.apache.ratis.thirdparty.io.netty.channel.nio.NioEventLoop.run(NioEventLoop.java:457)
        at org.apache.ratis.thirdparty.io.netty.util.concurrent.SingleThreadEventExecutor$4.run(SingleThreadEventExecutor.java:989)
        at org.apache.ratis.thirdparty.io.netty.util.internal.ThreadExecutorMap$2.run(ThreadExecutorMap.java:74)
        at org.apache.ratis.thirdparty.io.netty.util.concurrent.FastThreadLocalRunnable.run(FastThreadLocalRunnable.java:30)
        at java.lang.Thread.run(Thread.java:748)
"IPC Server handler 14 on default port 11860" daemon prio=5 tid=5549 timed_waiting
java.lang.Thread.State: TIMED_WAITING
        at sun.misc.Unsafe.park(Native Method)
        at java.util.concurrent.locks.LockSupport.parkNanos(LockSupport.java:215)
        at java.util.concurrent.locks.AbstractQueuedSynchronizer$ConditionObject.awaitNanos(AbstractQueuedSynchronizer.java:2078)
        at java.util.concurrent.LinkedBlockingQueue.poll(LinkedBlockingQueue.java:467)
        at org.apache.hadoop.ipc.CallQueueManager.take(CallQueueManager.java:295)
        at org.apache.hadoop.ipc.Server$Handler.run(Server.java:2881)
"PartialTableCache Cleanup Thread - 0" daemon prio=5 tid=5407 in Object.wait()
java.lang.Thread.State: WAITING (on object monitor)
        at sun.misc.Unsafe.park(Native Method)
        at java.util.concurrent.locks.LockSupport.park(LockSupport.java:175)
        at java.util.concurrent.locks.AbstractQueuedSynchronizer$ConditionObject.await(AbstractQueuedSynchronizer.java:2039)
        at java.util.concurrent.LinkedBlockingQueue.take(LinkedBlockingQueue.java:442)
        at java.util.concurrent.ThreadPoolExecutor.getTask(ThreadPoolExecutor.java:1074)
        at java.util.concurrent.ThreadPoolExecutor.runWorker(ThreadPoolExecutor.java:1134)
        at java.util.concurrent.ThreadPoolExecutor$Worker.run(ThreadPoolExecutor.java:624)
        at java.lang.Thread.run(Thread.java:748)
"qtp880433415-5710" daemon prio=5 tid=5710 timed_waiting
java.lang.Thread.State: TIMED_WAITING
        at sun.misc.Unsafe.park(Native Method)
        at java.util.concurrent.locks.LockSupport.parkNanos(LockSupport.java:215)
        at java.util.concurrent.locks.AbstractQueuedSynchronizer$ConditionObject.awaitNanos(AbstractQueuedSynchronizer.java:2078)
        at org.eclipse.jetty.util.BlockingArrayQueue.poll(BlockingArrayQueue.java:382)
        at org.eclipse.jetty.util.thread.QueuedThreadPool$Runner.idleJobPoll(QueuedThreadPool.java:875)
        at org.eclipse.jetty.util.thread.QueuedThreadPool$Runner.run(QueuedThreadPool.java:925)
        at java.lang.Thread.run(Thread.java:748)
"Datanode ReportManager Thread - 1" daemon prio=5 tid=5700 in Object.wait()
java.lang.Thread.State: WAITING (on object monitor)
        at sun.misc.Unsafe.park(Native Method)
        at java.util.concurrent.locks.LockSupport.park(LockSupport.java:175)
        at java.util.concurrent.locks.AbstractQueuedSynchronizer$ConditionObject.await(AbstractQueuedSynchronizer.java:2039)
        at java.util.concurrent.ScheduledThreadPoolExecutor$DelayedWorkQueue.take(ScheduledThreadPoolExecutor.java:1088)
        at java.util.concurrent.ScheduledThreadPoolExecutor$DelayedWorkQueue.take(ScheduledThreadPoolExecutor.java:809)
        at java.util.concurrent.ThreadPoolExecutor.getTask(ThreadPoolExecutor.java:1074)
        at java.util.concurrent.ThreadPoolExecutor.runWorker(ThreadPoolExecutor.java:1134)
        at java.util.concurrent.ThreadPoolExecutor$Worker.run(ThreadPoolExecutor.java:624)
        at java.lang.Thread.run(Thread.java:748)
"PartialTableCache Cleanup Thread - 0" daemon prio=5 tid=2781 in Object.wait()
java.lang.Thread.State: WAITING (on object monitor)
        at sun.misc.Unsafe.park(Native Method)
        at java.util.concurrent.locks.LockSupport.park(LockSupport.java:175)
        at java.util.concurrent.locks.AbstractQueuedSynchronizer$ConditionObject.await(AbstractQueuedSynchronizer.java:2039)
        at java.util.concurrent.LinkedBlockingQueue.take(LinkedBlockingQueue.java:442)
        at java.util.concurrent.ThreadPoolExecutor.getTask(ThreadPoolExecutor.java:1074)
        at java.util.concurrent.ThreadPoolExecutor.runWorker(ThreadPoolExecutor.java:1134)
        at java.util.concurrent.ThreadPoolExecutor$Worker.run(ThreadPoolExecutor.java:624)
        at java.lang.Thread.run(Thread.java:748)
"PartialTableCache Cleanup Thread - 0" daemon prio=5 tid=494 in Object.wait()
java.lang.Thread.State: WAITING (on object monitor)
        at sun.misc.Unsafe.park(Native Method)
        at java.util.concurrent.locks.LockSupport.park(LockSupport.java:175)
        at java.util.concurrent.locks.AbstractQueuedSynchronizer$ConditionObject.await(AbstractQueuedSynchronizer.java:2039)
        at java.util.concurrent.LinkedBlockingQueue.take(LinkedBlockingQueue.java:442)
        at java.util.concurrent.ThreadPoolExecutor.getTask(ThreadPoolExecutor.java:1074)
        at java.util.concurrent.ThreadPoolExecutor.runWorker(ThreadPoolExecutor.java:1134)
        at java.util.concurrent.ThreadPoolExecutor$Worker.run(ThreadPoolExecutor.java:624)
        at java.lang.Thread.run(Thread.java:748)
"Datanode ReportManager Thread - 1" daemon prio=5 tid=5677 in Object.wait()
java.lang.Thread.State: WAITING (on object monitor)
        at sun.misc.Unsafe.park(Native Method)
        at java.util.concurrent.locks.LockSupport.park(LockSupport.java:175)
        at java.util.concurrent.locks.AbstractQueuedSynchronizer$ConditionObject.await(AbstractQueuedSynchronizer.java:2039)
        at java.util.concurrent.ScheduledThreadPoolExecutor$DelayedWorkQueue.take(ScheduledThreadPoolExecutor.java:1088)
        at java.util.concurrent.ScheduledThreadPoolExecutor$DelayedWorkQueue.take(ScheduledThreadPoolExecutor.java:809)
        at java.util.concurrent.ThreadPoolExecutor.getTask(ThreadPoolExecutor.java:1074)
        at java.util.concurrent.ThreadPoolExecutor.runWorker(ThreadPoolExecutor.java:1134)
        at java.util.concurrent.ThreadPoolExecutor$Worker.run(ThreadPoolExecutor.java:624)
        at java.lang.Thread.run(Thread.java:748)
"5f570ae4-9456-445c-93e3-9355377d8e07@group-95C53215FDEF-SegmentedRaftLogWorker"  prio=5 tid=5793 timed_waiting
java.lang.Thread.State: TIMED_WAITING
        at sun.misc.Unsafe.park(Native Method)
        at java.util.concurrent.locks.LockSupport.parkNanos(LockSupport.java:215)
        at java.util.concurrent.locks.AbstractQueuedSynchronizer$ConditionObject.awaitNanos(AbstractQueuedSynchronizer.java:2078)
        at org.apache.ratis.util.DataBlockingQueue.poll(DataBlockingQueue.java:137)
        at org.apache.ratis.server.raftlog.segmented.SegmentedRaftLogWorker.run(SegmentedRaftLogWorker.java:293)
        at java.lang.Thread.run(Thread.java:748)
"qtp1903785634-5653" daemon prio=5 tid=5653 timed_waiting
java.lang.Thread.State: TIMED_WAITING
        at sun.misc.Unsafe.park(Native Method)
        at java.util.concurrent.locks.LockSupport.parkNanos(LockSupport.java:215)
        at java.util.concurrent.locks.AbstractQueuedSynchronizer$ConditionObject.awaitNanos(AbstractQueuedSynchronizer.java:2078)
        at org.eclipse.jetty.util.BlockingArrayQueue.poll(BlockingArrayQueue.java:382)
        at org.eclipse.jetty.util.thread.QueuedThreadPool$Runner.idleJobPoll(QueuedThreadPool.java:875)
        at org.eclipse.jetty.util.thread.QueuedThreadPool$Runner.run(QueuedThreadPool.java:925)
        at java.lang.Thread.run(Thread.java:748)
"PartialTableCache Cleanup Thread - 0" daemon prio=5 tid=5890 in Object.wait()
java.lang.Thread.State: WAITING (on object monitor)
        at sun.misc.Unsafe.park(Native Method)
        at java.util.concurrent.locks.LockSupport.park(LockSupport.java:175)
        at java.util.concurrent.locks.AbstractQueuedSynchronizer$ConditionObject.await(AbstractQueuedSynchronizer.java:2039)
        at java.util.concurrent.LinkedBlockingQueue.take(LinkedBlockingQueue.java:442)
        at java.util.concurrent.ThreadPoolExecutor.getTask(ThreadPoolExecutor.java:1074)
        at java.util.concurrent.ThreadPoolExecutor.runWorker(ThreadPoolExecutor.java:1134)
        at java.util.concurrent.ThreadPoolExecutor$Worker.run(ThreadPoolExecutor.java:624)
        at java.lang.Thread.run(Thread.java:748)
"PartialTableCache Cleanup Thread - 0" daemon prio=5 tid=1678 in Object.wait()
java.lang.Thread.State: WAITING (on object monitor)
        at sun.misc.Unsafe.park(Native Method)
        at java.util.concurrent.locks.LockSupport.park(LockSupport.java:175)
        at java.util.concurrent.locks.AbstractQueuedSynchronizer$ConditionObject.await(AbstractQueuedSynchronizer.java:2039)
        at java.util.concurrent.LinkedBlockingQueue.take(LinkedBlockingQueue.java:442)
        at java.util.concurrent.ThreadPoolExecutor.getTask(ThreadPoolExecutor.java:1074)
        at java.util.concurrent.ThreadPoolExecutor.runWorker(ThreadPoolExecutor.java:1134)
        at java.util.concurrent.ThreadPoolExecutor$Worker.run(ThreadPoolExecutor.java:624)
        at java.lang.Thread.run(Thread.java:748)
"PartialTableCache Cleanup Thread - 0" daemon prio=5 tid=2244 in Object.wait()
java.lang.Thread.State: WAITING (on object monitor)
        at sun.misc.Unsafe.park(Native Method)
        at java.util.concurrent.locks.LockSupport.park(LockSupport.java:175)
        at java.util.concurrent.locks.AbstractQueuedSynchronizer$ConditionObject.await(AbstractQueuedSynchronizer.java:2039)
        at java.util.concurrent.LinkedBlockingQueue.take(LinkedBlockingQueue.java:442)
        at java.util.concurrent.ThreadPoolExecutor.getTask(ThreadPoolExecutor.java:1074)
        at java.util.concurrent.ThreadPoolExecutor.runWorker(ThreadPoolExecutor.java:1134)
        at java.util.concurrent.ThreadPoolExecutor$Worker.run(ThreadPoolExecutor.java:624)
        at java.lang.Thread.run(Thread.java:748)
"pool-1083-thread-1"  prio=5 tid=5523 timed_waiting
java.lang.Thread.State: TIMED_WAITING
        at sun.misc.Unsafe.park(Native Method)
        at java.util.concurrent.locks.LockSupport.parkNanos(LockSupport.java:215)
        at java.util.concurrent.locks.AbstractQueuedSynchronizer$ConditionObject.awaitNanos(AbstractQueuedSynchronizer.java:2078)
        at java.util.concurrent.ScheduledThreadPoolExecutor$DelayedWorkQueue.take(ScheduledThreadPoolExecutor.java:1093)
        at java.util.concurrent.ScheduledThreadPoolExecutor$DelayedWorkQueue.take(ScheduledThreadPoolExecutor.java:809)
        at java.util.concurrent.ThreadPoolExecutor.getTask(ThreadPoolExecutor.java:1074)
        at java.util.concurrent.ThreadPoolExecutor.runWorker(ThreadPoolExecutor.java:1134)
        at java.util.concurrent.ThreadPoolExecutor$Worker.run(ThreadPoolExecutor.java:624)
        at java.lang.Thread.run(Thread.java:748)
"IPC Server handler 14 on default port 11872" daemon prio=5 tid=5638 timed_waiting
java.lang.Thread.State: TIMED_WAITING
        at sun.misc.Unsafe.park(Native Method)
        at java.util.concurrent.locks.LockSupport.parkNanos(LockSupport.java:215)
        at java.util.concurrent.locks.AbstractQueuedSynchronizer$ConditionObject.awaitNanos(AbstractQueuedSynchronizer.java:2078)
        at java.util.concurrent.LinkedBlockingQueue.poll(LinkedBlockingQueue.java:467)
        at org.apache.hadoop.ipc.CallQueueManager.take(CallQueueManager.java:295)
        at org.apache.hadoop.ipc.Server$Handler.run(Server.java:2881)
"PartialTableCache Cleanup Thread - 0" daemon prio=5 tid=4272 in Object.wait()
java.lang.Thread.State: WAITING (on object monitor)
        at sun.misc.Unsafe.park(Native Method)
        at java.util.concurrent.locks.LockSupport.park(LockSupport.java:175)
        at java.util.concurrent.locks.AbstractQueuedSynchronizer$ConditionObject.await(AbstractQueuedSynchronizer.java:2039)
        at java.util.concurrent.LinkedBlockingQueue.take(LinkedBlockingQueue.java:442)
        at java.util.concurrent.ThreadPoolExecutor.getTask(ThreadPoolExecutor.java:1074)
        at java.util.concurrent.ThreadPoolExecutor.runWorker(ThreadPoolExecutor.java:1134)
        at java.util.concurrent.ThreadPoolExecutor$Worker.run(ThreadPoolExecutor.java:624)
        at java.lang.Thread.run(Thread.java:748)
"org.apache.hadoop.util.JvmPauseMonitor$Monitor@77e86c2b" daemon prio=5 tid=5723 timed_waiting
java.lang.Thread.State: TIMED_WAITING
        at java.lang.Thread.sleep(Native Method)
        at org.apache.hadoop.util.JvmPauseMonitor$Monitor.run(JvmPauseMonitor.java:192)
        at java.lang.Thread.run(Thread.java:748)
"Datanode State Machine Thread - 0" daemon prio=5 tid=5724 timed_waiting
java.lang.Thread.State: TIMED_WAITING
        at sun.misc.Unsafe.park(Native Method)
        at java.util.concurrent.locks.LockSupport.parkNanos(LockSupport.java:215)
        at java.util.concurrent.SynchronousQueue$TransferStack.awaitFulfill(SynchronousQueue.java:460)
        at java.util.concurrent.SynchronousQueue$TransferStack.transfer(SynchronousQueue.java:362)
        at java.util.concurrent.SynchronousQueue.poll(SynchronousQueue.java:941)
        at java.util.concurrent.ThreadPoolExecutor.getTask(ThreadPoolExecutor.java:1073)
        at java.util.concurrent.ThreadPoolExecutor.runWorker(ThreadPoolExecutor.java:1134)
        at java.util.concurrent.ThreadPoolExecutor$Worker.run(ThreadPoolExecutor.java:624)
        at java.lang.Thread.run(Thread.java:748)
"IPC Server handler 1 on default port 11866" daemon prio=5 tid=6629 timed_waiting
java.lang.Thread.State: TIMED_WAITING
        at sun.misc.Unsafe.park(Native Method)
        at java.util.concurrent.locks.LockSupport.parkNanos(LockSupport.java:215)
        at java.util.concurrent.locks.AbstractQueuedSynchronizer$ConditionObject.awaitNanos(AbstractQueuedSynchronizer.java:2078)
        at java.util.concurrent.LinkedBlockingQueue.poll(LinkedBlockingQueue.java:467)
        at org.apache.hadoop.ipc.CallQueueManager.take(CallQueueManager.java:295)
        at org.apache.hadoop.ipc.Server$Handler.run(Server.java:2881)
"pool-43-thread-1"  prio=5 tid=160 timed_waiting
java.lang.Thread.State: TIMED_WAITING
        at sun.misc.Unsafe.park(Native Method)
        at java.util.concurrent.locks.LockSupport.parkNanos(LockSupport.java:215)
        at java.util.concurrent.locks.AbstractQueuedSynchronizer$ConditionObject.awaitNanos(AbstractQueuedSynchronizer.java:2078)
        at java.util.concurrent.ScheduledThreadPoolExecutor$DelayedWorkQueue.take(ScheduledThreadPoolExecutor.java:1093)
        at java.util.concurrent.ScheduledThreadPoolExecutor$DelayedWorkQueue.take(ScheduledThreadPoolExecutor.java:809)
        at java.util.concurrent.ThreadPoolExecutor.getTask(ThreadPoolExecutor.java:1074)
        at java.util.concurrent.ThreadPoolExecutor.runWorker(ThreadPoolExecutor.java:1134)
        at java.util.concurrent.ThreadPoolExecutor$Worker.run(ThreadPoolExecutor.java:624)
        at java.lang.Thread.run(Thread.java:748)
"EventQueue-Delayed safe mode statusForSCMPipelineManager"  prio=5 tid=5445 in Object.wait()
java.lang.Thread.State: WAITING (on object monitor)
        at sun.misc.Unsafe.park(Native Method)
        at java.util.concurrent.locks.LockSupport.park(LockSupport.java:175)
        at java.util.concurrent.locks.AbstractQueuedSynchronizer$ConditionObject.await(AbstractQueuedSynchronizer.java:2039)
        at java.util.concurrent.LinkedBlockingQueue.take(LinkedBlockingQueue.java:442)
        at java.util.concurrent.ThreadPoolExecutor.getTask(ThreadPoolExecutor.java:1074)
        at java.util.concurrent.ThreadPoolExecutor.runWorker(ThreadPoolExecutor.java:1134)
        at java.util.concurrent.ThreadPoolExecutor$Worker.run(ThreadPoolExecutor.java:624)
        at java.lang.Thread.run(Thread.java:748)
"PartialTableCache Cleanup Thread - 0" daemon prio=5 tid=4806 in Object.wait()
java.lang.Thread.State: WAITING (on object monitor)
        at sun.misc.Unsafe.park(Native Method)
        at java.util.concurrent.locks.LockSupport.park(LockSupport.java:175)
        at java.util.concurrent.locks.AbstractQueuedSynchronizer$ConditionObject.await(AbstractQueuedSynchronizer.java:2039)
        at java.util.concurrent.LinkedBlockingQueue.take(LinkedBlockingQueue.java:442)
        at java.util.concurrent.ThreadPoolExecutor.getTask(ThreadPoolExecutor.java:1074)
        at java.util.concurrent.ThreadPoolExecutor.runWorker(ThreadPoolExecutor.java:1134)
        at java.util.concurrent.ThreadPoolExecutor$Worker.run(ThreadPoolExecutor.java:624)
        at java.lang.Thread.run(Thread.java:748)
"pool-685-thread-1"  prio=5 tid=3433 timed_waiting
java.lang.Thread.State: TIMED_WAITING
        at sun.misc.Unsafe.park(Native Method)
        at java.util.concurrent.locks.LockSupport.parkNanos(LockSupport.java:215)
        at java.util.concurrent.locks.AbstractQueuedSynchronizer$ConditionObject.awaitNanos(AbstractQueuedSynchronizer.java:2078)
        at java.util.concurrent.ScheduledThreadPoolExecutor$DelayedWorkQueue.take(ScheduledThreadPoolExecutor.java:1093)
        at java.util.concurrent.ScheduledThreadPoolExecutor$DelayedWorkQueue.take(ScheduledThreadPoolExecutor.java:809)
        at java.util.concurrent.ThreadPoolExecutor.getTask(ThreadPoolExecutor.java:1074)
        at java.util.concurrent.ThreadPoolExecutor.runWorker(ThreadPoolExecutor.java:1134)
        at java.util.concurrent.ThreadPoolExecutor$Worker.run(ThreadPoolExecutor.java:624)
        at java.lang.Thread.run(Thread.java:748)
"40524df2-78a3-4e4e-9ceb-ad6c0599eecc@group-304D1CDEA4AC-StateMachineUpdater" daemon prio=5 tid=5812 in Object.wait()
java.lang.Thread.State: WAITING (on object monitor)
        at java.lang.Object.wait(Native Method)
        at java.lang.Object.wait(Object.java:502)
        at org.apache.ratis.server.impl.StateMachineUpdater.waitForCommit(StateMachineUpdater.java:200)
        at org.apache.ratis.server.impl.StateMachineUpdater.run(StateMachineUpdater.java:165)
        at java.lang.Thread.run(Thread.java:748)
"PartialTableCache Cleanup Thread - 0" daemon prio=5 tid=3266 in Object.wait()
java.lang.Thread.State: WAITING (on object monitor)
        at sun.misc.Unsafe.park(Native Method)
        at java.util.concurrent.locks.LockSupport.park(LockSupport.java:175)
        at java.util.concurrent.locks.AbstractQueuedSynchronizer$ConditionObject.await(AbstractQueuedSynchronizer.java:2039)
        at java.util.concurrent.LinkedBlockingQueue.take(LinkedBlockingQueue.java:442)
        at java.util.concurrent.ThreadPoolExecutor.getTask(ThreadPoolExecutor.java:1074)
        at java.util.concurrent.ThreadPoolExecutor.runWorker(ThreadPoolExecutor.java:1134)
        at java.util.concurrent.ThreadPoolExecutor$Worker.run(ThreadPoolExecutor.java:624)
        at java.lang.Thread.run(Thread.java:748)
"ChunkWriter-0-0" daemon prio=5 tid=5742 in Object.wait()
java.lang.Thread.State: WAITING (on object monitor)
        at sun.misc.Unsafe.park(Native Method)
        at java.util.concurrent.locks.LockSupport.park(LockSupport.java:175)
        at java.util.concurrent.locks.AbstractQueuedSynchronizer$ConditionObject.await(AbstractQueuedSynchronizer.java:2039)
        at java.util.concurrent.LinkedBlockingDeque.takeFirst(LinkedBlockingDeque.java:492)
        at java.util.concurrent.LinkedBlockingDeque.take(LinkedBlockingDeque.java:680)
        at java.util.concurrent.ThreadPoolExecutor.getTask(ThreadPoolExecutor.java:1074)
        at java.util.concurrent.ThreadPoolExecutor.runWorker(ThreadPoolExecutor.java:1134)
        at java.util.concurrent.ThreadPoolExecutor$Worker.run(ThreadPoolExecutor.java:624)
        at java.lang.Thread.run(Thread.java:748)
"qtp1336084858-5559" daemon prio=5 tid=5559 timed_waiting
java.lang.Thread.State: TIMED_WAITING
        at sun.misc.Unsafe.park(Native Method)
        at java.util.concurrent.locks.LockSupport.parkNanos(LockSupport.java:215)
        at java.util.concurrent.locks.AbstractQueuedSynchronizer$ConditionObject.awaitNanos(AbstractQueuedSynchronizer.java:2078)
        at org.eclipse.jetty.util.BlockingArrayQueue.poll(BlockingArrayQueue.java:382)
        at org.eclipse.jetty.util.thread.QueuedThreadPool$Runner.idleJobPoll(QueuedThreadPool.java:875)
        at org.eclipse.jetty.util.thread.QueuedThreadPool$Runner.run(QueuedThreadPool.java:925)
        at java.lang.Thread.run(Thread.java:748)
"IPC Server handler 6 on default port 36843" daemon prio=5 tid=5454 timed_waiting
java.lang.Thread.State: TIMED_WAITING
        at sun.misc.Unsafe.park(Native Method)
        at java.util.concurrent.locks.LockSupport.parkNanos(LockSupport.java:215)
        at java.util.concurrent.locks.AbstractQueuedSynchronizer$ConditionObject.awaitNanos(AbstractQueuedSynchronizer.java:2078)
        at java.util.concurrent.LinkedBlockingQueue.poll(LinkedBlockingQueue.java:467)
        at org.apache.hadoop.ipc.CallQueueManager.take(CallQueueManager.java:295)
        at org.apache.hadoop.ipc.Server$Handler.run(Server.java:2881)
"OMDoubleBufferFlushThread" daemon prio=5 tid=5611 timed_waiting
java.lang.Thread.State: TIMED_WAITING
        at java.lang.Object.wait(Native Method)
        at org.apache.hadoop.ozone.om.ratis.OzoneManagerDoubleBuffer.canFlush(OzoneManagerDoubleBuffer.java:530)
        at org.apache.hadoop.ozone.om.ratis.OzoneManagerDoubleBuffer.flushTransactions(OzoneManagerDoubleBuffer.java:241)
        at org.apache.hadoop.ozone.om.ratis.OzoneManagerDoubleBuffer$$Lambda$118/1530007166.run(Unknown Source)
        at java.lang.Thread.run(Thread.java:748)
"qtp1336084858-5560" daemon prio=5 tid=5560 timed_waiting
java.lang.Thread.State: TIMED_WAITING
        at sun.misc.Unsafe.park(Native Method)
        at java.util.concurrent.locks.LockSupport.parkNanos(LockSupport.java:215)
        at java.util.concurrent.locks.AbstractQueuedSynchronizer$ConditionObject.awaitNanos(AbstractQueuedSynchronizer.java:2078)
        at org.eclipse.jetty.util.BlockingArrayQueue.poll(BlockingArrayQueue.java:382)
        at org.eclipse.jetty.util.thread.QueuedThreadPool$Runner.idleJobPoll(QueuedThreadPool.java:875)
        at org.eclipse.jetty.util.thread.QueuedThreadPool$Runner.run(QueuedThreadPool.java:925)
        at java.lang.Thread.run(Thread.java:748)
"Session-HouseKeeper-13e2b6e5-1"  prio=5 tid=5670 timed_waiting
java.lang.Thread.State: TIMED_WAITING
        at sun.misc.Unsafe.park(Native Method)
        at java.util.concurrent.locks.LockSupport.parkNanos(LockSupport.java:215)
        at java.util.concurrent.locks.AbstractQueuedSynchronizer$ConditionObject.awaitNanos(AbstractQueuedSynchronizer.java:2078)
        at java.util.concurrent.ScheduledThreadPoolExecutor$DelayedWorkQueue.take(ScheduledThreadPoolExecutor.java:1093)
        at java.util.concurrent.ScheduledThreadPoolExecutor$DelayedWorkQueue.take(ScheduledThreadPoolExecutor.java:809)
        at java.util.concurrent.ThreadPoolExecutor.getTask(ThreadPoolExecutor.java:1074)
        at java.util.concurrent.ThreadPoolExecutor.runWorker(ThreadPoolExecutor.java:1134)
        at java.util.concurrent.ThreadPoolExecutor$Worker.run(ThreadPoolExecutor.java:624)
        at java.lang.Thread.run(Thread.java:748)
"PartialTableCache Cleanup Thread - 0" daemon prio=5 tid=493 in Object.wait()
java.lang.Thread.State: WAITING (on object monitor)
        at sun.misc.Unsafe.park(Native Method)
        at java.util.concurrent.locks.LockSupport.park(LockSupport.java:175)
        at java.util.concurrent.locks.AbstractQueuedSynchronizer$ConditionObject.await(AbstractQueuedSynchronizer.java:2039)
        at java.util.concurrent.LinkedBlockingQueue.take(LinkedBlockingQueue.java:442)
        at java.util.concurrent.ThreadPoolExecutor.getTask(ThreadPoolExecutor.java:1074)
        at java.util.concurrent.ThreadPoolExecutor.runWorker(ThreadPoolExecutor.java:1134)
        at java.util.concurrent.ThreadPoolExecutor$Worker.run(ThreadPoolExecutor.java:624)
        at java.lang.Thread.run(Thread.java:748)
"IPC Server handler 11 on default port 11872" daemon prio=5 tid=5635 timed_waiting
java.lang.Thread.State: TIMED_WAITING
        at sun.misc.Unsafe.park(Native Method)
        at java.util.concurrent.locks.LockSupport.parkNanos(LockSupport.java:215)
        at java.util.concurrent.locks.AbstractQueuedSynchronizer$ConditionObject.awaitNanos(AbstractQueuedSynchronizer.java:2078)
        at java.util.concurrent.LinkedBlockingQueue.poll(LinkedBlockingQueue.java:467)
        at org.apache.hadoop.ipc.CallQueueManager.take(CallQueueManager.java:295)
        at org.apache.hadoop.ipc.Server$Handler.run(Server.java:2881)
"PartialTableCache Cleanup Thread - 0" daemon prio=5 tid=2721 in Object.wait()
java.lang.Thread.State: WAITING (on object monitor)
        at sun.misc.Unsafe.park(Native Method)
        at java.util.concurrent.locks.LockSupport.park(LockSupport.java:175)
        at java.util.concurrent.locks.AbstractQueuedSynchronizer$ConditionObject.await(AbstractQueuedSynchronizer.java:2039)
        at java.util.concurrent.LinkedBlockingQueue.take(LinkedBlockingQueue.java:442)
        at java.util.concurrent.ThreadPoolExecutor.getTask(ThreadPoolExecutor.java:1074)
        at java.util.concurrent.ThreadPoolExecutor.runWorker(ThreadPoolExecutor.java:1134)
        at java.util.concurrent.ThreadPoolExecutor$Worker.run(ThreadPoolExecutor.java:624)
        at java.lang.Thread.run(Thread.java:748)
"IPC Server handler 3 on default port 36843" daemon prio=5 tid=5451 timed_waiting
java.lang.Thread.State: TIMED_WAITING
        at sun.misc.Unsafe.park(Native Method)
        at java.util.concurrent.locks.LockSupport.parkNanos(LockSupport.java:215)
        at java.util.concurrent.locks.AbstractQueuedSynchronizer$ConditionObject.awaitNanos(AbstractQueuedSynchronizer.java:2078)
        at java.util.concurrent.LinkedBlockingQueue.poll(LinkedBlockingQueue.java:467)
        at org.apache.hadoop.ipc.CallQueueManager.take(CallQueueManager.java:295)
        at org.apache.hadoop.ipc.Server$Handler.run(Server.java:2881)
"pool-669-thread-1"  prio=5 tid=3387 timed_waiting
java.lang.Thread.State: TIMED_WAITING
        at sun.misc.Unsafe.park(Native Method)
        at java.util.concurrent.locks.LockSupport.parkNanos(LockSupport.java:215)
        at java.util.concurrent.locks.AbstractQueuedSynchronizer$ConditionObject.awaitNanos(AbstractQueuedSynchronizer.java:2078)
        at java.util.concurrent.ScheduledThreadPoolExecutor$DelayedWorkQueue.take(ScheduledThreadPoolExecutor.java:1093)
        at java.util.concurrent.ScheduledThreadPoolExecutor$DelayedWorkQueue.take(ScheduledThreadPoolExecutor.java:809)
        at java.util.concurrent.ThreadPoolExecutor.getTask(ThreadPoolExecutor.java:1074)
        at java.util.concurrent.ThreadPoolExecutor.runWorker(ThreadPoolExecutor.java:1134)
        at java.util.concurrent.ThreadPoolExecutor$Worker.run(ThreadPoolExecutor.java:624)
        at java.lang.Thread.run(Thread.java:748)
"qtp675242275-6654" daemon prio=5 tid=6654 timed_waiting
java.lang.Thread.State: TIMED_WAITING
        at sun.misc.Unsafe.park(Native Method)
        at java.util.concurrent.locks.LockSupport.parkNanos(LockSupport.java:215)
        at java.util.concurrent.locks.AbstractQueuedSynchronizer$ConditionObject.awaitNanos(AbstractQueuedSynchronizer.java:2078)
        at org.eclipse.jetty.util.BlockingArrayQueue.poll(BlockingArrayQueue.java:382)
        at org.eclipse.jetty.util.thread.QueuedThreadPool$Runner.idleJobPoll(QueuedThreadPool.java:875)
        at org.eclipse.jetty.util.thread.QueuedThreadPool$Runner.run(QueuedThreadPool.java:925)
        at java.lang.Thread.run(Thread.java:748)
"grpc-default-executor-7" daemon prio=5 tid=3240 timed_waiting
java.lang.Thread.State: TIMED_WAITING
        at sun.misc.Unsafe.park(Native Method)
        at java.util.concurrent.locks.LockSupport.parkNanos(LockSupport.java:215)
        at java.util.concurrent.SynchronousQueue$TransferStack.awaitFulfill(SynchronousQueue.java:460)
        at java.util.concurrent.SynchronousQueue$TransferStack.transfer(SynchronousQueue.java:362)
        at java.util.concurrent.SynchronousQueue.poll(SynchronousQueue.java:941)
        at java.util.concurrent.ThreadPoolExecutor.getTask(ThreadPoolExecutor.java:1073)
        at java.util.concurrent.ThreadPoolExecutor.runWorker(ThreadPoolExecutor.java:1134)
        at java.util.concurrent.ThreadPoolExecutor$Worker.run(ThreadPoolExecutor.java:624)
        at java.lang.Thread.run(Thread.java:748)
"omNode-2@group-523986131536-StateMachineUpdater" daemon prio=5 tid=6622 in Object.wait()
java.lang.Thread.State: WAITING (on object monitor)
        at java.lang.Object.wait(Native Method)
        at java.lang.Object.wait(Object.java:502)
        at org.apache.ratis.server.impl.StateMachineUpdater.waitForCommit(StateMachineUpdater.java:200)
        at org.apache.ratis.server.impl.StateMachineUpdater.run(StateMachineUpdater.java:165)
        at java.lang.Thread.run(Thread.java:748)
"qtp187225922-5509-acceptor-0@6555d52f-ServerConnector@2a6d0dcb{HTTP/1.1,[http/1.1]}{0.0.0.0:42895}" daemon prio=3 tid=5509 runnable
java.lang.Thread.State: RUNNABLE
        at sun.nio.ch.ServerSocketChannelImpl.accept0(Native Method)
        at sun.nio.ch.ServerSocketChannelImpl.accept(ServerSocketChannelImpl.java:422)
        at sun.nio.ch.ServerSocketChannelImpl.accept(ServerSocketChannelImpl.java:250)
        at org.eclipse.jetty.server.ServerConnector.accept(ServerConnector.java:385)
        at org.eclipse.jetty.server.AbstractConnector$Acceptor.run(AbstractConnector.java:701)
        at org.eclipse.jetty.util.thread.QueuedThreadPool.runJob(QueuedThreadPool.java:806)
        at org.eclipse.jetty.util.thread.QueuedThreadPool$Runner.run(QueuedThreadPool.java:938)
        at java.lang.Thread.run(Thread.java:748)
"pool-1134-thread-1" daemon prio=5 tid=5675 timed_waiting
java.lang.Thread.State: TIMED_WAITING
        at sun.misc.Unsafe.park(Native Method)
        at java.util.concurrent.locks.LockSupport.parkNanos(LockSupport.java:215)
        at java.util.concurrent.locks.AbstractQueuedSynchronizer$ConditionObject.awaitNanos(AbstractQueuedSynchronizer.java:2078)
        at java.util.concurrent.ScheduledThreadPoolExecutor$DelayedWorkQueue.take(ScheduledThreadPoolExecutor.java:1093)
        at java.util.concurrent.ScheduledThreadPoolExecutor$DelayedWorkQueue.take(ScheduledThreadPoolExecutor.java:809)
        at java.util.concurrent.ThreadPoolExecutor.getTask(ThreadPoolExecutor.java:1074)
        at java.util.concurrent.ThreadPoolExecutor.runWorker(ThreadPoolExecutor.java:1134)
        at java.util.concurrent.ThreadPoolExecutor$Worker.run(ThreadPoolExecutor.java:624)
        at java.lang.Thread.run(Thread.java:748)
"IPC Server handler 13 on default port 41453" daemon prio=5 tid=5501 timed_waiting
java.lang.Thread.State: TIMED_WAITING
        at sun.misc.Unsafe.park(Native Method)
        at java.util.concurrent.locks.LockSupport.parkNanos(LockSupport.java:215)
        at java.util.concurrent.locks.AbstractQueuedSynchronizer$ConditionObject.awaitNanos(AbstractQueuedSynchronizer.java:2078)
        at java.util.concurrent.LinkedBlockingQueue.poll(LinkedBlockingQueue.java:467)
        at org.apache.hadoop.ipc.CallQueueManager.take(CallQueueManager.java:295)
        at org.apache.hadoop.ipc.Server$Handler.run(Server.java:2881)
"IPC Server handler 11 on default port 36843" daemon prio=5 tid=5459 timed_waiting
java.lang.Thread.State: TIMED_WAITING
        at sun.misc.Unsafe.park(Native Method)
        at java.util.concurrent.locks.LockSupport.parkNanos(LockSupport.java:215)
        at java.util.concurrent.locks.AbstractQueuedSynchronizer$ConditionObject.awaitNanos(AbstractQueuedSynchronizer.java:2078)
        at java.util.concurrent.LinkedBlockingQueue.poll(LinkedBlockingQueue.java:467)
        at org.apache.hadoop.ipc.CallQueueManager.take(CallQueueManager.java:295)
        at org.apache.hadoop.ipc.Server$Handler.run(Server.java:2881)
"PartialTableCache Cleanup Thread - 0" daemon prio=5 tid=4246 in Object.wait()
java.lang.Thread.State: WAITING (on object monitor)
        at sun.misc.Unsafe.park(Native Method)
        at java.util.concurrent.locks.LockSupport.park(LockSupport.java:175)
        at java.util.concurrent.locks.AbstractQueuedSynchronizer$ConditionObject.await(AbstractQueuedSynchronizer.java:2039)
        at java.util.concurrent.LinkedBlockingQueue.take(LinkedBlockingQueue.java:442)
        at java.util.concurrent.ThreadPoolExecutor.getTask(ThreadPoolExecutor.java:1074)
        at java.util.concurrent.ThreadPoolExecutor.runWorker(ThreadPoolExecutor.java:1134)
        at java.util.concurrent.ThreadPoolExecutor$Worker.run(ThreadPoolExecutor.java:624)
        at java.lang.Thread.run(Thread.java:748)
"SCMBlockDeletingService#0" daemon prio=5 tid=5517 timed_waiting
java.lang.Thread.State: TIMED_WAITING
        at sun.misc.Unsafe.park(Native Method)
        at java.util.concurrent.locks.LockSupport.parkNanos(LockSupport.java:215)
        at java.util.concurrent.locks.AbstractQueuedSynchronizer$ConditionObject.awaitNanos(AbstractQueuedSynchronizer.java:2078)
        at java.util.concurrent.ScheduledThreadPoolExecutor$DelayedWorkQueue.take(ScheduledThreadPoolExecutor.java:1093)
        at java.util.concurrent.ScheduledThreadPoolExecutor$DelayedWorkQueue.take(ScheduledThreadPoolExecutor.java:809)
        at java.util.concurrent.ThreadPoolExecutor.getTask(ThreadPoolExecutor.java:1074)
        at java.util.concurrent.ThreadPoolExecutor.runWorker(ThreadPoolExecutor.java:1134)
        at java.util.concurrent.ThreadPoolExecutor$Worker.run(ThreadPoolExecutor.java:624)
        at java.lang.Thread.run(Thread.java:748)
"BlockDeletingService#1" daemon prio=5 tid=5759 in Object.wait()
java.lang.Thread.State: WAITING (on object monitor)
        at sun.misc.Unsafe.park(Native Method)
        at java.util.concurrent.locks.LockSupport.park(LockSupport.java:175)
        at java.util.concurrent.locks.AbstractQueuedSynchronizer$ConditionObject.await(AbstractQueuedSynchronizer.java:2039)
        at java.util.concurrent.ScheduledThreadPoolExecutor$DelayedWorkQueue.take(ScheduledThreadPoolExecutor.java:1088)
        at java.util.concurrent.ScheduledThreadPoolExecutor$DelayedWorkQueue.take(ScheduledThreadPoolExecutor.java:809)
        at java.util.concurrent.ThreadPoolExecutor.getTask(ThreadPoolExecutor.java:1074)
        at java.util.concurrent.ThreadPoolExecutor.runWorker(ThreadPoolExecutor.java:1134)
        at java.util.concurrent.ThreadPoolExecutor$Worker.run(ThreadPoolExecutor.java:624)
        at java.lang.Thread.run(Thread.java:748)
"Datanode ReportManager Thread - 3" daemon prio=5 tid=5721 timed_waiting
java.lang.Thread.State: TIMED_WAITING
        at sun.misc.Unsafe.park(Native Method)
        at java.util.concurrent.locks.LockSupport.parkNanos(LockSupport.java:215)
        at java.util.concurrent.locks.AbstractQueuedSynchronizer$ConditionObject.awaitNanos(AbstractQueuedSynchronizer.java:2078)
        at java.util.concurrent.ScheduledThreadPoolExecutor$DelayedWorkQueue.take(ScheduledThreadPoolExecutor.java:1093)
        at java.util.concurrent.ScheduledThreadPoolExecutor$DelayedWorkQueue.take(ScheduledThreadPoolExecutor.java:809)
        at java.util.concurrent.ThreadPoolExecutor.getTask(ThreadPoolExecutor.java:1074)
        at java.util.concurrent.ThreadPoolExecutor.runWorker(ThreadPoolExecutor.java:1134)
        at java.util.concurrent.ThreadPoolExecutor$Worker.run(ThreadPoolExecutor.java:624)
        at java.lang.Thread.run(Thread.java:748)
"qtp1650455680-5685" daemon prio=5 tid=5685 runnable
java.lang.Thread.State: RUNNABLE
        at sun.nio.ch.EPollArrayWrapper.epollWait(Native Method)
        at sun.nio.ch.EPollArrayWrapper.poll(EPollArrayWrapper.java:269)
        at sun.nio.ch.EPollSelectorImpl.doSelect(EPollSelectorImpl.java:93)
        at sun.nio.ch.SelectorImpl.lockAndDoSelect(SelectorImpl.java:86)
        at sun.nio.ch.SelectorImpl.select(SelectorImpl.java:97)
        at sun.nio.ch.SelectorImpl.select(SelectorImpl.java:101)
        at org.eclipse.jetty.io.ManagedSelector$SelectorProducer.select(ManagedSelector.java:472)
        at org.eclipse.jetty.io.ManagedSelector$SelectorProducer.produce(ManagedSelector.java:409)
        at org.eclipse.jetty.util.thread.strategy.EatWhatYouKill.produceTask(EatWhatYouKill.java:360)
        at org.eclipse.jetty.util.thread.strategy.EatWhatYouKill.doProduce(EatWhatYouKill.java:184)
        at org.eclipse.jetty.util.thread.strategy.EatWhatYouKill.tryProduce(EatWhatYouKill.java:171)
        at org.eclipse.jetty.util.thread.strategy.EatWhatYouKill.produce(EatWhatYouKill.java:135)
        at org.eclipse.jetty.io.ManagedSelector$$Lambda$72/1129097646.run(Unknown Source)
        at org.eclipse.jetty.util.thread.QueuedThreadPool.runJob(QueuedThreadPool.java:806)
        at org.eclipse.jetty.util.thread.QueuedThreadPool$Runner.run(QueuedThreadPool.java:938)
        at java.lang.Thread.run(Thread.java:748)
"Socket Reader #1 for port 11860"  prio=5 tid=5525 runnable
java.lang.Thread.State: RUNNABLE
        at sun.nio.ch.EPollArrayWrapper.epollWait(Native Method)
        at sun.nio.ch.EPollArrayWrapper.poll(EPollArrayWrapper.java:269)
        at sun.nio.ch.EPollSelectorImpl.doSelect(EPollSelectorImpl.java:93)
        at sun.nio.ch.SelectorImpl.lockAndDoSelect(SelectorImpl.java:86)
        at sun.nio.ch.SelectorImpl.select(SelectorImpl.java:97)
        at sun.nio.ch.SelectorImpl.select(SelectorImpl.java:101)
        at org.apache.hadoop.ipc.Server$Listener$Reader.doRunLoop(Server.java:1242)
        at org.apache.hadoop.ipc.Server$Listener$Reader.run(Server.java:1221)
"BlockDeletingService#2" daemon prio=5 tid=6914 timed_waiting
java.lang.Thread.State: TIMED_WAITING
        at sun.misc.Unsafe.park(Native Method)
        at java.util.concurrent.locks.LockSupport.parkNanos(LockSupport.java:215)
        at java.util.concurrent.locks.AbstractQueuedSynchronizer$ConditionObject.awaitNanos(AbstractQueuedSynchronizer.java:2078)
        at java.util.concurrent.ScheduledThreadPoolExecutor$DelayedWorkQueue.take(ScheduledThreadPoolExecutor.java:1093)
        at java.util.concurrent.ScheduledThreadPoolExecutor$DelayedWorkQueue.take(ScheduledThreadPoolExecutor.java:809)
        at java.util.concurrent.ThreadPoolExecutor.getTask(ThreadPoolExecutor.java:1074)
        at java.util.concurrent.ThreadPoolExecutor.runWorker(ThreadPoolExecutor.java:1134)
        at java.util.concurrent.ThreadPoolExecutor$Worker.run(ThreadPoolExecutor.java:624)
        at java.lang.Thread.run(Thread.java:748)
"qtp1622107655-5663-acceptor-0@2bde6f0c-ServerConnector@308cb2b3{HTTP/1.1,[http/1.1]}{0.0.0.0:44911}" daemon prio=3 tid=5663 runnable
java.lang.Thread.State: RUNNABLE
        at sun.nio.ch.ServerSocketChannelImpl.accept0(Native Method)
        at sun.nio.ch.ServerSocketChannelImpl.accept(ServerSocketChannelImpl.java:422)
        at sun.nio.ch.ServerSocketChannelImpl.accept(ServerSocketChannelImpl.java:250)
        at org.eclipse.jetty.server.ServerConnector.accept(ServerConnector.java:385)
        at org.eclipse.jetty.server.AbstractConnector$Acceptor.run(AbstractConnector.java:701)
        at org.eclipse.jetty.util.thread.QueuedThreadPool.runJob(QueuedThreadPool.java:806)
        at org.eclipse.jetty.util.thread.QueuedThreadPool$Runner.run(QueuedThreadPool.java:938)
        at java.lang.Thread.run(Thread.java:748)
"OM StateMachine ApplyTransaction Thread - 0" daemon prio=5 tid=5874 in Object.wait()
java.lang.Thread.State: WAITING (on object monitor)
        at sun.misc.Unsafe.park(Native Method)
        at java.util.concurrent.locks.LockSupport.park(LockSupport.java:175)
        at java.util.concurrent.locks.AbstractQueuedSynchronizer$ConditionObject.await(AbstractQueuedSynchronizer.java:2039)
        at java.util.concurrent.LinkedBlockingQueue.take(LinkedBlockingQueue.java:442)
        at java.util.concurrent.ThreadPoolExecutor.getTask(ThreadPoolExecutor.java:1074)
        at java.util.concurrent.ThreadPoolExecutor.runWorker(ThreadPoolExecutor.java:1134)
        at java.util.concurrent.ThreadPoolExecutor$Worker.run(ThreadPoolExecutor.java:624)
        at java.lang.Thread.run(Thread.java:748)
"IPC Server handler 15 on default port 11872" daemon prio=5 tid=5639 timed_waiting
java.lang.Thread.State: TIMED_WAITING
        at sun.misc.Unsafe.park(Native Method)
        at java.util.concurrent.locks.LockSupport.parkNanos(LockSupport.java:215)
        at java.util.concurrent.locks.AbstractQueuedSynchronizer$ConditionObject.awaitNanos(AbstractQueuedSynchronizer.java:2078)
        at java.util.concurrent.LinkedBlockingQueue.poll(LinkedBlockingQueue.java:467)
        at org.apache.hadoop.ipc.CallQueueManager.take(CallQueueManager.java:295)
        at org.apache.hadoop.ipc.Server$Handler.run(Server.java:2881)
"omNode-1@group-523986131536-StateMachineUpdater" daemon prio=5 tid=5529 in Object.wait()
java.lang.Thread.State: WAITING (on object monitor)
        at java.lang.Object.wait(Native Method)
        at java.lang.Object.wait(Object.java:502)
        at org.apache.ratis.server.impl.StateMachineUpdater.waitForCommit(StateMachineUpdater.java:200)
        at org.apache.ratis.server.impl.StateMachineUpdater.run(StateMachineUpdater.java:165)
        at java.lang.Thread.run(Thread.java:748)
"ChunkWriter-3-0" daemon prio=5 tid=5751 in Object.wait()
java.lang.Thread.State: WAITING (on object monitor)
        at sun.misc.Unsafe.park(Native Method)
        at java.util.concurrent.locks.LockSupport.park(LockSupport.java:175)
        at java.util.concurrent.locks.AbstractQueuedSynchronizer$ConditionObject.await(AbstractQueuedSynchronizer.java:2039)
        at java.util.concurrent.LinkedBlockingDeque.takeFirst(LinkedBlockingDeque.java:492)
        at java.util.concurrent.LinkedBlockingDeque.take(LinkedBlockingDeque.java:680)
        at java.util.concurrent.ThreadPoolExecutor.getTask(ThreadPoolExecutor.java:1074)
        at java.util.concurrent.ThreadPoolExecutor.runWorker(ThreadPoolExecutor.java:1134)
        at java.util.concurrent.ThreadPoolExecutor$Worker.run(ThreadPoolExecutor.java:624)
        at java.lang.Thread.run(Thread.java:748)
"5f570ae4-9456-445c-93e3-9355377d8e07@group-95C53215FDEF-StateMachineUpdater" daemon prio=5 tid=5794 in Object.wait()
java.lang.Thread.State: WAITING (on object monitor)
        at java.lang.Object.wait(Native Method)
        at java.lang.Object.wait(Object.java:502)
        at org.apache.ratis.server.impl.StateMachineUpdater.waitForCommit(StateMachineUpdater.java:200)
        at org.apache.ratis.server.impl.StateMachineUpdater.run(StateMachineUpdater.java:165)
        at java.lang.Thread.run(Thread.java:748)
"Thread-4747" daemon prio=5 tid=5851 timed_waiting
java.lang.Thread.State: TIMED_WAITING
        at sun.misc.Unsafe.park(Native Method)
        at java.util.concurrent.locks.LockSupport.parkNanos(LockSupport.java:215)
        at java.util.concurrent.locks.AbstractQueuedSynchronizer$ConditionObject.awaitNanos(AbstractQueuedSynchronizer.java:2078)
        at java.util.concurrent.ArrayBlockingQueue.poll(ArrayBlockingQueue.java:418)
        at org.apache.ratis.server.impl.LeaderState$EventQueue.poll(LeaderState.java:122)
        at org.apache.ratis.server.impl.LeaderState$EventProcessor.run(LeaderState.java:506)
"PartialTableCache Cleanup Thread - 0" daemon prio=5 tid=2200 in Object.wait()
java.lang.Thread.State: WAITING (on object monitor)
        at sun.misc.Unsafe.park(Native Method)
        at java.util.concurrent.locks.LockSupport.park(LockSupport.java:175)
        at java.util.concurrent.locks.AbstractQueuedSynchronizer$ConditionObject.await(AbstractQueuedSynchronizer.java:2039)
        at java.util.concurrent.LinkedBlockingQueue.take(LinkedBlockingQueue.java:442)
        at java.util.concurrent.ThreadPoolExecutor.getTask(ThreadPoolExecutor.java:1074)
        at java.util.concurrent.ThreadPoolExecutor.runWorker(ThreadPoolExecutor.java:1134)
        at java.util.concurrent.ThreadPoolExecutor$Worker.run(ThreadPoolExecutor.java:624)
        at java.lang.Thread.run(Thread.java:748)
"pool-494-thread-1"  prio=5 tid=2451 timed_waiting
java.lang.Thread.State: TIMED_WAITING
        at sun.misc.Unsafe.park(Native Method)
        at java.util.concurrent.locks.LockSupport.parkNanos(LockSupport.java:215)
        at java.util.concurrent.locks.AbstractQueuedSynchronizer$ConditionObject.awaitNanos(AbstractQueuedSynchronizer.java:2078)
        at java.util.concurrent.ScheduledThreadPoolExecutor$DelayedWorkQueue.take(ScheduledThreadPoolExecutor.java:1093)
        at java.util.concurrent.ScheduledThreadPoolExecutor$DelayedWorkQueue.take(ScheduledThreadPoolExecutor.java:809)
        at java.util.concurrent.ThreadPoolExecutor.getTask(ThreadPoolExecutor.java:1074)
        at java.util.concurrent.ThreadPoolExecutor.runWorker(ThreadPoolExecutor.java:1134)
        at java.util.concurrent.ThreadPoolExecutor$Worker.run(ThreadPoolExecutor.java:624)
        at java.lang.Thread.run(Thread.java:748)
"IPC Server handler 14 on default port 45819" daemon prio=5 tid=5482 timed_waiting
java.lang.Thread.State: TIMED_WAITING
        at sun.misc.Unsafe.park(Native Method)
        at java.util.concurrent.locks.LockSupport.parkNanos(LockSupport.java:215)
        at java.util.concurrent.locks.AbstractQueuedSynchronizer$ConditionObject.awaitNanos(AbstractQueuedSynchronizer.java:2078)
        at java.util.concurrent.LinkedBlockingQueue.poll(LinkedBlockingQueue.java:467)
        at org.apache.hadoop.ipc.CallQueueManager.take(CallQueueManager.java:295)
        at org.apache.hadoop.ipc.Server$Handler.run(Server.java:2881)
"org.apache.ratis.server.impl.LogAppender$AppenderDaemon$$Lambda$336/202934955@5fd8f33f" daemon prio=5 tid=5730 timed_waiting
java.lang.Thread.State: TIMED_WAITING
        at java.lang.Object.wait(Native Method)
        at org.apache.ratis.grpc.server.GrpcLogAppender.mayWait(GrpcLogAppender.java:151)
        at org.apache.ratis.grpc.server.GrpcLogAppender.runAppenderImpl(GrpcLogAppender.java:105)
        at org.apache.ratis.server.impl.LogAppender$AppenderDaemon.run(LogAppender.java:77)
        at org.apache.ratis.server.impl.LogAppender$AppenderDaemon$$Lambda$336/202934955.run(Unknown Source)
        at java.lang.Thread.run(Thread.java:748)
"IPC Server idle connection scanner for port 36843" daemon prio=5 tid=5439 timed_waiting
java.lang.Thread.State: TIMED_WAITING
        at java.lang.Object.wait(Native Method)
        at java.util.TimerThread.mainLoop(Timer.java:552)
        at java.util.TimerThread.run(Timer.java:505)
"qtp880433415-5709-acceptor-0@4e24e003-ServerConnector@545a2254{HTTP/1.1,[http/1.1]}{0.0.0.0:44275}" daemon prio=3 tid=5709 runnable
java.lang.Thread.State: RUNNABLE
        at sun.nio.ch.ServerSocketChannelImpl.accept0(Native Method)
        at sun.nio.ch.ServerSocketChannelImpl.accept(ServerSocketChannelImpl.java:422)
        at sun.nio.ch.ServerSocketChannelImpl.accept(ServerSocketChannelImpl.java:250)
        at org.eclipse.jetty.server.ServerConnector.accept(ServerConnector.java:385)
        at org.eclipse.jetty.server.AbstractConnector$Acceptor.run(AbstractConnector.java:701)
        at org.eclipse.jetty.util.thread.QueuedThreadPool.runJob(QueuedThreadPool.java:806)
        at org.eclipse.jetty.util.thread.QueuedThreadPool$Runner.run(QueuedThreadPool.java:938)
        at java.lang.Thread.run(Thread.java:748)
"pool-1145-thread-1"  prio=5 tid=5684 timed_waiting
java.lang.Thread.State: TIMED_WAITING
        at sun.misc.Unsafe.park(Native Method)
        at java.util.concurrent.locks.LockSupport.parkNanos(LockSupport.java:215)
        at java.util.concurrent.locks.AbstractQueuedSynchronizer$ConditionObject.awaitNanos(AbstractQueuedSynchronizer.java:2078)
        at java.util.concurrent.ScheduledThreadPoolExecutor$DelayedWorkQueue.take(ScheduledThreadPoolExecutor.java:1093)
        at java.util.concurrent.ScheduledThreadPoolExecutor$DelayedWorkQueue.take(ScheduledThreadPoolExecutor.java:809)
        at java.util.concurrent.ThreadPoolExecutor.getTask(ThreadPoolExecutor.java:1074)
        at java.util.concurrent.ThreadPoolExecutor.runWorker(ThreadPoolExecutor.java:1134)
        at java.util.concurrent.ThreadPoolExecutor$Worker.run(ThreadPoolExecutor.java:624)
        at java.lang.Thread.run(Thread.java:748)
"IPC Server handler 9 on default port 41453" daemon prio=5 tid=5497 timed_waiting
java.lang.Thread.State: TIMED_WAITING
        at sun.misc.Unsafe.park(Native Method)
        at java.util.concurrent.locks.LockSupport.parkNanos(LockSupport.java:215)
        at java.util.concurrent.locks.AbstractQueuedSynchronizer$ConditionObject.awaitNanos(AbstractQueuedSynchronizer.java:2078)
        at java.util.concurrent.LinkedBlockingQueue.poll(LinkedBlockingQueue.java:467)
        at org.apache.hadoop.ipc.CallQueueManager.take(CallQueueManager.java:295)
        at org.apache.hadoop.ipc.Server$Handler.run(Server.java:2881)
"qtp1622107655-5662" daemon prio=5 tid=5662 runnable
java.lang.Thread.State: RUNNABLE
        at sun.nio.ch.EPollArrayWrapper.epollWait(Native Method)
        at sun.nio.ch.EPollArrayWrapper.poll(EPollArrayWrapper.java:269)
        at sun.nio.ch.EPollSelectorImpl.doSelect(EPollSelectorImpl.java:93)
        at sun.nio.ch.SelectorImpl.lockAndDoSelect(SelectorImpl.java:86)
        at sun.nio.ch.SelectorImpl.select(SelectorImpl.java:97)
        at sun.nio.ch.SelectorImpl.select(SelectorImpl.java:101)
        at org.eclipse.jetty.io.ManagedSelector$SelectorProducer.select(ManagedSelector.java:472)
        at org.eclipse.jetty.io.ManagedSelector$SelectorProducer.produce(ManagedSelector.java:409)
        at org.eclipse.jetty.util.thread.strategy.EatWhatYouKill.produceTask(EatWhatYouKill.java:360)
        at org.eclipse.jetty.util.thread.strategy.EatWhatYouKill.doProduce(EatWhatYouKill.java:184)
        at org.eclipse.jetty.util.thread.strategy.EatWhatYouKill.tryProduce(EatWhatYouKill.java:171)
        at org.eclipse.jetty.util.thread.strategy.EatWhatYouKill.produce(EatWhatYouKill.java:135)
        at org.eclipse.jetty.io.ManagedSelector$$Lambda$72/1129097646.run(Unknown Source)
        at org.eclipse.jetty.util.thread.QueuedThreadPool.runJob(QueuedThreadPool.java:806)
        at org.eclipse.jetty.util.thread.QueuedThreadPool$Runner.run(QueuedThreadPool.java:938)
        at java.lang.Thread.run(Thread.java:748)
"PartialTableCache Cleanup Thread - 0" daemon prio=5 tid=518 in Object.wait()
java.lang.Thread.State: WAITING (on object monitor)
        at sun.misc.Unsafe.park(Native Method)
        at java.util.concurrent.locks.LockSupport.park(LockSupport.java:175)
        at java.util.concurrent.locks.AbstractQueuedSynchronizer$ConditionObject.await(AbstractQueuedSynchronizer.java:2039)
        at java.util.concurrent.LinkedBlockingQueue.take(LinkedBlockingQueue.java:442)
        at java.util.concurrent.ThreadPoolExecutor.getTask(ThreadPoolExecutor.java:1074)
        at java.util.concurrent.ThreadPoolExecutor.runWorker(ThreadPoolExecutor.java:1134)
        at java.util.concurrent.ThreadPoolExecutor$Worker.run(ThreadPoolExecutor.java:624)
        at java.lang.Thread.run(Thread.java:748)
"Command processor thread" daemon prio=5 tid=5680 timed_waiting
java.lang.Thread.State: TIMED_WAITING
        at java.lang.Thread.sleep(Native Method)
        at org.apache.hadoop.ozone.container.common.statemachine.DatanodeStateMachine.lambda$initCommandHandlerThread$1(DatanodeStateMachine.java:472)
        at org.apache.hadoop.ozone.container.common.statemachine.DatanodeStateMachine$$Lambda$286/1232266563.run(Unknown Source)
        at java.lang.Thread.run(Thread.java:748)
"IPC Server handler 7 on default port 11860" daemon prio=5 tid=5542 timed_waiting
java.lang.Thread.State: TIMED_WAITING
        at sun.misc.Unsafe.park(Native Method)
        at java.util.concurrent.locks.LockSupport.parkNanos(LockSupport.java:215)
        at java.util.concurrent.locks.AbstractQueuedSynchronizer$ConditionObject.awaitNanos(AbstractQueuedSynchronizer.java:2078)
        at java.util.concurrent.LinkedBlockingQueue.poll(LinkedBlockingQueue.java:467)
        at org.apache.hadoop.ipc.CallQueueManager.take(CallQueueManager.java:295)
        at org.apache.hadoop.ipc.Server$Handler.run(Server.java:2881)
"pool-288-thread-1"  prio=5 tid=1418 timed_waiting
java.lang.Thread.State: TIMED_WAITING
        at sun.misc.Unsafe.park(Native Method)
        at java.util.concurrent.locks.LockSupport.parkNanos(LockSupport.java:215)
        at java.util.concurrent.locks.AbstractQueuedSynchronizer$ConditionObject.awaitNanos(AbstractQueuedSynchronizer.java:2078)
        at java.util.concurrent.ScheduledThreadPoolExecutor$DelayedWorkQueue.take(ScheduledThreadPoolExecutor.java:1093)
        at java.util.concurrent.ScheduledThreadPoolExecutor$DelayedWorkQueue.take(ScheduledThreadPoolExecutor.java:809)
        at java.util.concurrent.ThreadPoolExecutor.getTask(ThreadPoolExecutor.java:1074)
        at java.util.concurrent.ThreadPoolExecutor.runWorker(ThreadPoolExecutor.java:1134)
        at java.util.concurrent.ThreadPoolExecutor$Worker.run(ThreadPoolExecutor.java:624)
        at java.lang.Thread.run(Thread.java:748)
"EventQueue-Delayed safe mode statusForReplicationManager"  prio=5 tid=5444 in Object.wait()
java.lang.Thread.State: WAITING (on object monitor)
        at sun.misc.Unsafe.park(Native Method)
        at java.util.concurrent.locks.LockSupport.park(LockSupport.java:175)
        at java.util.concurrent.locks.AbstractQueuedSynchronizer$ConditionObject.await(AbstractQueuedSynchronizer.java:2039)
        at java.util.concurrent.LinkedBlockingQueue.take(LinkedBlockingQueue.java:442)
        at java.util.concurrent.ThreadPoolExecutor.getTask(ThreadPoolExecutor.java:1074)
        at java.util.concurrent.ThreadPoolExecutor.runWorker(ThreadPoolExecutor.java:1134)
        at java.util.concurrent.ThreadPoolExecutor$Worker.run(ThreadPoolExecutor.java:624)
        at java.lang.Thread.run(Thread.java:748)
"KeyDeletingService#1" daemon prio=5 tid=5625 in Object.wait()
java.lang.Thread.State: WAITING (on object monitor)
        at sun.misc.Unsafe.park(Native Method)
        at java.util.concurrent.locks.LockSupport.park(LockSupport.java:175)
        at java.util.concurrent.locks.AbstractQueuedSynchronizer$ConditionObject.await(AbstractQueuedSynchronizer.java:2039)
        at java.util.concurrent.ScheduledThreadPoolExecutor$DelayedWorkQueue.take(ScheduledThreadPoolExecutor.java:1088)
        at java.util.concurrent.ScheduledThreadPoolExecutor$DelayedWorkQueue.take(ScheduledThreadPoolExecutor.java:809)
        at java.util.concurrent.ThreadPoolExecutor.getTask(ThreadPoolExecutor.java:1074)
        at java.util.concurrent.ThreadPoolExecutor.runWorker(ThreadPoolExecutor.java:1134)
        at java.util.concurrent.ThreadPoolExecutor$Worker.run(ThreadPoolExecutor.java:624)
        at java.lang.Thread.run(Thread.java:748)
"IPC Server handler 16 on default port 45819" daemon prio=5 tid=5484 timed_waiting
java.lang.Thread.State: TIMED_WAITING
        at sun.misc.Unsafe.park(Native Method)
        at java.util.concurrent.locks.LockSupport.parkNanos(LockSupport.java:215)
        at java.util.concurrent.locks.AbstractQueuedSynchronizer$ConditionObject.awaitNanos(AbstractQueuedSynchronizer.java:2078)
        at java.util.concurrent.LinkedBlockingQueue.poll(LinkedBlockingQueue.java:467)
        at org.apache.hadoop.ipc.CallQueueManager.take(CallQueueManager.java:295)
        at org.apache.hadoop.ipc.Server$Handler.run(Server.java:2881)
"qtp675242275-6650-acceptor-0@adedc1d-ServerConnector@35d85dd2{HTTP/1.1,[http/1.1]}{0.0.0.0:11868}" daemon prio=3 tid=6650 runnable
java.lang.Thread.State: RUNNABLE
        at sun.nio.ch.ServerSocketChannelImpl.accept0(Native Method)
        at sun.nio.ch.ServerSocketChannelImpl.accept(ServerSocketChannelImpl.java:422)
        at sun.nio.ch.ServerSocketChannelImpl.accept(ServerSocketChannelImpl.java:250)
        at org.eclipse.jetty.server.ServerConnector.accept(ServerConnector.java:385)
        at org.eclipse.jetty.server.AbstractConnector$Acceptor.run(AbstractConnector.java:701)
        at org.eclipse.jetty.util.thread.QueuedThreadPool.runJob(QueuedThreadPool.java:806)
        at org.eclipse.jetty.util.thread.QueuedThreadPool$Runner.run(QueuedThreadPool.java:938)
        at java.lang.Thread.run(Thread.java:748)
"PartialTableCache Cleanup Thread - 0" daemon prio=5 tid=2199 in Object.wait()
java.lang.Thread.State: WAITING (on object monitor)
        at sun.misc.Unsafe.park(Native Method)
        at java.util.concurrent.locks.LockSupport.park(LockSupport.java:175)
        at java.util.concurrent.locks.AbstractQueuedSynchronizer$ConditionObject.await(AbstractQueuedSynchronizer.java:2039)
        at java.util.concurrent.LinkedBlockingQueue.take(LinkedBlockingQueue.java:442)
        at java.util.concurrent.ThreadPoolExecutor.getTask(ThreadPoolExecutor.java:1074)
        at java.util.concurrent.ThreadPoolExecutor.runWorker(ThreadPoolExecutor.java:1134)
        at java.util.concurrent.ThreadPoolExecutor$Worker.run(ThreadPoolExecutor.java:624)
        at java.lang.Thread.run(Thread.java:748)
"IPC Server handler 9 on default port 11872" daemon prio=5 tid=5633 timed_waiting
java.lang.Thread.State: TIMED_WAITING
        at sun.misc.Unsafe.park(Native Method)
        at java.util.concurrent.locks.LockSupport.parkNanos(LockSupport.java:215)
        at java.util.concurrent.locks.AbstractQueuedSynchronizer$ConditionObject.awaitNanos(AbstractQueuedSynchronizer.java:2078)
        at java.util.concurrent.LinkedBlockingQueue.poll(LinkedBlockingQueue.java:467)
        at org.apache.hadoop.ipc.CallQueueManager.take(CallQueueManager.java:295)
        at org.apache.hadoop.ipc.Server$Handler.run(Server.java:2881)
"IPC Server handler 10 on default port 11866" daemon prio=5 tid=6638 timed_waiting
java.lang.Thread.State: TIMED_WAITING
        at sun.misc.Unsafe.park(Native Method)
        at java.util.concurrent.locks.LockSupport.parkNanos(LockSupport.java:215)
        at java.util.concurrent.locks.AbstractQueuedSynchronizer$ConditionObject.awaitNanos(AbstractQueuedSynchronizer.java:2078)
        at java.util.concurrent.LinkedBlockingQueue.poll(LinkedBlockingQueue.java:467)
        at org.apache.hadoop.ipc.CallQueueManager.take(CallQueueManager.java:295)
        at org.apache.hadoop.ipc.Server$Handler.run(Server.java:2881)
"pool-1141-thread-1"  prio=5 tid=5799 in Object.wait()
java.lang.Thread.State: WAITING (on object monitor)
        at sun.misc.Unsafe.park(Native Method)
        at java.util.concurrent.locks.LockSupport.park(LockSupport.java:175)
        at java.util.concurrent.locks.AbstractQueuedSynchronizer$ConditionObject.await(AbstractQueuedSynchronizer.java:2039)
        at java.util.concurrent.LinkedBlockingQueue.take(LinkedBlockingQueue.java:442)
        at java.util.concurrent.ThreadPoolExecutor.getTask(ThreadPoolExecutor.java:1074)
        at java.util.concurrent.ThreadPoolExecutor.runWorker(ThreadPoolExecutor.java:1134)
        at java.util.concurrent.ThreadPoolExecutor$Worker.run(ThreadPoolExecutor.java:624)
        at java.lang.Thread.run(Thread.java:748)
"qtp1650455680-5686-acceptor-0@693450c9-ServerConnector@486fb8a{HTTP/1.1,[http/1.1]}{0.0.0.0:41259}" daemon prio=3 tid=5686 runnable
java.lang.Thread.State: RUNNABLE
        at sun.nio.ch.ServerSocketChannelImpl.accept0(Native Method)
        at sun.nio.ch.ServerSocketChannelImpl.accept(ServerSocketChannelImpl.java:422)
        at sun.nio.ch.ServerSocketChannelImpl.accept(ServerSocketChannelImpl.java:250)
        at org.eclipse.jetty.server.ServerConnector.accept(ServerConnector.java:385)
        at org.eclipse.jetty.server.AbstractConnector$Acceptor.run(AbstractConnector.java:701)
        at org.eclipse.jetty.util.thread.QueuedThreadPool.runJob(QueuedThreadPool.java:806)
        at org.eclipse.jetty.util.thread.QueuedThreadPool$Runner.run(QueuedThreadPool.java:938)
        at java.lang.Thread.run(Thread.java:748)
"IPC Server handler 2 on default port 11866" daemon prio=5 tid=6630 timed_waiting
java.lang.Thread.State: TIMED_WAITING
        at sun.misc.Unsafe.park(Native Method)
        at java.util.concurrent.locks.LockSupport.parkNanos(LockSupport.java:215)
        at java.util.concurrent.locks.AbstractQueuedSynchronizer$ConditionObject.awaitNanos(AbstractQueuedSynchronizer.java:2078)
        at java.util.concurrent.LinkedBlockingQueue.poll(LinkedBlockingQueue.java:467)
        at org.apache.hadoop.ipc.CallQueueManager.take(CallQueueManager.java:295)
        at org.apache.hadoop.ipc.Server$Handler.run(Server.java:2881)
"pool-1013-thread-1"  prio=5 tid=5105 timed_waiting
java.lang.Thread.State: TIMED_WAITING
        at sun.misc.Unsafe.park(Native Method)
        at java.util.concurrent.locks.LockSupport.parkNanos(LockSupport.java:215)
        at java.util.concurrent.locks.AbstractQueuedSynchronizer$ConditionObject.awaitNanos(AbstractQueuedSynchronizer.java:2078)
        at java.util.concurrent.ScheduledThreadPoolExecutor$DelayedWorkQueue.take(ScheduledThreadPoolExecutor.java:1093)
        at java.util.concurrent.ScheduledThreadPoolExecutor$DelayedWorkQueue.take(ScheduledThreadPoolExecutor.java:809)
        at java.util.concurrent.ThreadPoolExecutor.getTask(ThreadPoolExecutor.java:1074)
        at java.util.concurrent.ThreadPoolExecutor.runWorker(ThreadPoolExecutor.java:1134)
        at java.util.concurrent.ThreadPoolExecutor$Worker.run(ThreadPoolExecutor.java:624)
        at java.lang.Thread.run(Thread.java:748)
"IPC Server handler 8 on default port 11860" daemon prio=5 tid=5543 timed_waiting
java.lang.Thread.State: TIMED_WAITING
        at sun.misc.Unsafe.park(Native Method)
        at java.util.concurrent.locks.LockSupport.parkNanos(LockSupport.java:215)
        at java.util.concurrent.locks.AbstractQueuedSynchronizer$ConditionObject.awaitNanos(AbstractQueuedSynchronizer.java:2078)
        at java.util.concurrent.LinkedBlockingQueue.poll(LinkedBlockingQueue.java:467)
        at org.apache.hadoop.ipc.CallQueueManager.take(CallQueueManager.java:295)
        at org.apache.hadoop.ipc.Server$Handler.run(Server.java:2881)
"IPC Server handler 19 on default port 11866" daemon prio=5 tid=6647 timed_waiting
java.lang.Thread.State: TIMED_WAITING
        at sun.misc.Unsafe.park(Native Method)
        at java.util.concurrent.locks.LockSupport.parkNanos(LockSupport.java:215)
        at java.util.concurrent.locks.AbstractQueuedSynchronizer$ConditionObject.awaitNanos(AbstractQueuedSynchronizer.java:2078)
        at java.util.concurrent.LinkedBlockingQueue.poll(LinkedBlockingQueue.java:467)
        at org.apache.hadoop.ipc.CallQueueManager.take(CallQueueManager.java:295)
        at org.apache.hadoop.ipc.Server$Handler.run(Server.java:2881)
"qtp1650455680-5689" daemon prio=5 tid=5689 timed_waiting
java.lang.Thread.State: TIMED_WAITING
        at sun.misc.Unsafe.park(Native Method)
        at java.util.concurrent.locks.LockSupport.parkNanos(LockSupport.java:215)
        at java.util.concurrent.locks.AbstractQueuedSynchronizer$ConditionObject.awaitNanos(AbstractQueuedSynchronizer.java:2078)
        at org.eclipse.jetty.util.BlockingArrayQueue.poll(BlockingArrayQueue.java:382)
        at org.eclipse.jetty.util.thread.QueuedThreadPool$Runner.idleJobPoll(QueuedThreadPool.java:875)
        at org.eclipse.jetty.util.thread.QueuedThreadPool$Runner.run(QueuedThreadPool.java:925)
        at java.lang.Thread.run(Thread.java:748)
"main"  prio=5 tid=1 timed_waiting
java.lang.Thread.State: TIMED_WAITING
        at java.lang.Object.wait(Native Method)
        at java.lang.Thread.join(Thread.java:1260)
        at org.junit.internal.runners.statements.FailOnTimeout.evaluateStatement(FailOnTimeout.java:26)
        at org.junit.internal.runners.statements.FailOnTimeout.evaluate(FailOnTimeout.java:17)
        at org.junit.rules.RunRules.evaluate(RunRules.java:20)
        at org.junit.runners.ParentRunner.runLeaf(ParentRunner.java:271)
        at org.junit.runners.BlockJUnit4ClassRunner.runChild(BlockJUnit4ClassRunner.java:70)
        at org.junit.runners.BlockJUnit4ClassRunner.runChild(BlockJUnit4ClassRunner.java:50)
        at org.junit.runners.ParentRunner$3.run(ParentRunner.java:238)
        at org.junit.runners.ParentRunner$1.schedule(ParentRunner.java:63)
        at org.junit.runners.ParentRunner.runChildren(ParentRunner.java:236)
        at org.junit.runners.ParentRunner.access$000(ParentRunner.java:53)
        at org.junit.runners.ParentRunner$2.evaluate(ParentRunner.java:229)
        at org.junit.runners.ParentRunner.run(ParentRunner.java:309)
        at org.apache.maven.surefire.junit4.JUnit4Provider.execute(JUnit4Provider.java:365)
        at org.apache.maven.surefire.junit4.JUnit4Provider.executeWithRerun(JUnit4Provider.java:273)
        at org.apache.maven.surefire.junit4.JUnit4Provider.executeTestSet(JUnit4Provider.java:238)
        at org.apache.maven.surefire.junit4.JUnit4Provider.invoke(JUnit4Provider.java:159)
        at org.apache.maven.surefire.booter.ForkedBooter.invokeProviderInSameClassLoader(ForkedBooter.java:384)
        at org.apache.maven.surefire.booter.ForkedBooter.runSuitesInProcess(ForkedBooter.java:345)
        at org.apache.maven.surefire.booter.ForkedBooter.execute(ForkedBooter.java:126)
        at org.apache.maven.surefire.booter.ForkedBooter.main(ForkedBooter.java:418)
"IPC Server handler 0 on default port 11872" daemon prio=5 tid=5623 timed_waiting
java.lang.Thread.State: TIMED_WAITING
        at sun.misc.Unsafe.park(Native Method)
        at java.util.concurrent.locks.LockSupport.parkNanos(LockSupport.java:215)
        at java.util.concurrent.locks.AbstractQueuedSynchronizer$ConditionObject.awaitNanos(AbstractQueuedSynchronizer.java:2078)
        at java.util.concurrent.LinkedBlockingQueue.poll(LinkedBlockingQueue.java:467)
        at org.apache.hadoop.ipc.CallQueueManager.take(CallQueueManager.java:295)
        at org.apache.hadoop.ipc.Server$Handler.run(Server.java:2881)
"Session-HouseKeeper-30269570-1"  prio=5 tid=5693 timed_waiting
java.lang.Thread.State: TIMED_WAITING
        at sun.misc.Unsafe.park(Native Method)
        at java.util.concurrent.locks.LockSupport.parkNanos(LockSupport.java:215)
        at java.util.concurrent.locks.AbstractQueuedSynchronizer$ConditionObject.awaitNanos(AbstractQueuedSynchronizer.java:2078)
        at java.util.concurrent.ScheduledThreadPoolExecutor$DelayedWorkQueue.take(ScheduledThreadPoolExecutor.java:1093)
        at java.util.concurrent.ScheduledThreadPoolExecutor$DelayedWorkQueue.take(ScheduledThreadPoolExecutor.java:809)
        at java.util.concurrent.ThreadPoolExecutor.getTask(ThreadPoolExecutor.java:1074)
        at java.util.concurrent.ThreadPoolExecutor.runWorker(ThreadPoolExecutor.java:1134)
        at java.util.concurrent.ThreadPoolExecutor$Worker.run(ThreadPoolExecutor.java:624)
        at java.lang.Thread.run(Thread.java:748)
"IPC Server handler 4 on default port 11872" daemon prio=5 tid=5628 timed_waiting
java.lang.Thread.State: TIMED_WAITING
        at sun.misc.Unsafe.park(Native Method)
        at java.util.concurrent.locks.LockSupport.parkNanos(LockSupport.java:215)
        at java.util.concurrent.locks.AbstractQueuedSynchronizer$ConditionObject.awaitNanos(AbstractQueuedSynchronizer.java:2078)
        at java.util.concurrent.LinkedBlockingQueue.poll(LinkedBlockingQueue.java:467)
        at org.apache.hadoop.ipc.CallQueueManager.take(CallQueueManager.java:295)
        at org.apache.hadoop.ipc.Server$Handler.run(Server.java:2881)
"PartialTableCache Cleanup Thread - 0" daemon prio=5 tid=526 in Object.wait()
java.lang.Thread.State: WAITING (on object monitor)
        at sun.misc.Unsafe.park(Native Method)
        at java.util.concurrent.locks.LockSupport.park(LockSupport.java:175)
        at java.util.concurrent.locks.AbstractQueuedSynchronizer$ConditionObject.await(AbstractQueuedSynchronizer.java:2039)
        at java.util.concurrent.LinkedBlockingQueue.take(LinkedBlockingQueue.java:442)
        at java.util.concurrent.ThreadPoolExecutor.getTask(ThreadPoolExecutor.java:1074)
        at java.util.concurrent.ThreadPoolExecutor.runWorker(ThreadPoolExecutor.java:1134)
        at java.util.concurrent.ThreadPoolExecutor$Worker.run(ThreadPoolExecutor.java:624)
        at java.lang.Thread.run(Thread.java:748)
"Session-HouseKeeper-64ecbaed-1"  prio=5 tid=5564 timed_waiting
java.lang.Thread.State: TIMED_WAITING
        at sun.misc.Unsafe.park(Native Method)
        at java.util.concurrent.locks.LockSupport.parkNanos(LockSupport.java:215)
        at java.util.concurrent.locks.AbstractQueuedSynchronizer$ConditionObject.awaitNanos(AbstractQueuedSynchronizer.java:2078)
        at java.util.concurrent.ScheduledThreadPoolExecutor$DelayedWorkQueue.take(ScheduledThreadPoolExecutor.java:1093)
        at java.util.concurrent.ScheduledThreadPoolExecutor$DelayedWorkQueue.take(ScheduledThreadPoolExecutor.java:809)
        at java.util.concurrent.ThreadPoolExecutor.getTask(ThreadPoolExecutor.java:1074)
        at java.util.concurrent.ThreadPoolExecutor.runWorker(ThreadPoolExecutor.java:1134)
        at java.util.concurrent.ThreadPoolExecutor$Worker.run(ThreadPoolExecutor.java:624)
        at java.lang.Thread.run(Thread.java:748)
"IPC Server Responder" daemon prio=5 tid=5440 runnable
java.lang.Thread.State: RUNNABLE
        at sun.nio.ch.EPollArrayWrapper.epollWait(Native Method)
        at sun.nio.ch.EPollArrayWrapper.poll(EPollArrayWrapper.java:269)
        at sun.nio.ch.EPollSelectorImpl.doSelect(EPollSelectorImpl.java:93)
        at sun.nio.ch.SelectorImpl.lockAndDoSelect(SelectorImpl.java:86)
        at sun.nio.ch.SelectorImpl.select(SelectorImpl.java:97)
        at org.apache.hadoop.ipc.Server$Responder.doRunLoop(Server.java:1480)
        at org.apache.hadoop.ipc.Server$Responder.run(Server.java:1463)
"org.apache.ratis.server.impl.LogAppender$AppenderDaemon$$Lambda$336/202934955@35e3efe4" daemon prio=5 tid=5731 timed_waiting
java.lang.Thread.State: TIMED_WAITING
        at java.lang.Object.wait(Native Method)
        at org.apache.ratis.grpc.server.GrpcLogAppender.mayWait(GrpcLogAppender.java:151)
        at org.apache.ratis.grpc.server.GrpcLogAppender.runAppenderImpl(GrpcLogAppender.java:105)
        at org.apache.ratis.server.impl.LogAppender$AppenderDaemon.run(LogAppender.java:77)
        at org.apache.ratis.server.impl.LogAppender$AppenderDaemon$$Lambda$336/202934955.run(Unknown Source)
        at java.lang.Thread.run(Thread.java:748)
"Periodic HDDS volume checker" daemon prio=5 tid=5696 timed_waiting
java.lang.Thread.State: TIMED_WAITING
        at sun.misc.Unsafe.park(Native Method)
        at java.util.concurrent.locks.LockSupport.parkNanos(LockSupport.java:215)
        at java.util.concurrent.locks.AbstractQueuedSynchronizer$ConditionObject.awaitNanos(AbstractQueuedSynchronizer.java:2078)
        at java.util.concurrent.ScheduledThreadPoolExecutor$DelayedWorkQueue.take(ScheduledThreadPoolExecutor.java:1093)
        at java.util.concurrent.ScheduledThreadPoolExecutor$DelayedWorkQueue.take(ScheduledThreadPoolExecutor.java:809)
        at java.util.concurrent.ThreadPoolExecutor.getTask(ThreadPoolExecutor.java:1074)
        at java.util.concurrent.ThreadPoolExecutor.runWorker(ThreadPoolExecutor.java:1134)
        at java.util.concurrent.ThreadPoolExecutor$Worker.run(ThreadPoolExecutor.java:624)
        at java.lang.Thread.run(Thread.java:748)
"IPC Server handler 18 on default port 11860" daemon prio=5 tid=5553 timed_waiting
java.lang.Thread.State: TIMED_WAITING
        at sun.misc.Unsafe.park(Native Method)
        at java.util.concurrent.locks.LockSupport.parkNanos(LockSupport.java:215)
        at java.util.concurrent.locks.AbstractQueuedSynchronizer$ConditionObject.awaitNanos(AbstractQueuedSynchronizer.java:2078)
        at java.util.concurrent.LinkedBlockingQueue.poll(LinkedBlockingQueue.java:467)
        at org.apache.hadoop.ipc.CallQueueManager.take(CallQueueManager.java:295)
        at org.apache.hadoop.ipc.Server$Handler.run(Server.java:2881)
"EventQueue-Safe mode statusForBlockManagerImpl"  prio=5 tid=5443 in Object.wait()
java.lang.Thread.State: WAITING (on object monitor)
        at sun.misc.Unsafe.park(Native Method)
        at java.util.concurrent.locks.LockSupport.park(LockSupport.java:175)
        at java.util.concurrent.locks.AbstractQueuedSynchronizer$ConditionObject.await(AbstractQueuedSynchronizer.java:2039)
        at java.util.concurrent.LinkedBlockingQueue.take(LinkedBlockingQueue.java:442)
        at java.util.concurrent.ThreadPoolExecutor.getTask(ThreadPoolExecutor.java:1074)
        at java.util.concurrent.ThreadPoolExecutor.runWorker(ThreadPoolExecutor.java:1134)
        at java.util.concurrent.ThreadPoolExecutor$Worker.run(ThreadPoolExecutor.java:624)
        at java.lang.Thread.run(Thread.java:748)
"PartialTableCache Cleanup Thread - 0" daemon prio=5 tid=4268 in Object.wait()
java.lang.Thread.State: WAITING (on object monitor)
        at sun.misc.Unsafe.park(Native Method)
        at java.util.concurrent.locks.LockSupport.park(LockSupport.java:175)
        at java.util.concurrent.locks.AbstractQueuedSynchronizer$ConditionObject.await(AbstractQueuedSynchronizer.java:2039)
        at java.util.concurrent.LinkedBlockingQueue.take(LinkedBlockingQueue.java:442)
        at java.util.concurrent.ThreadPoolExecutor.getTask(ThreadPoolExecutor.java:1074)
        at java.util.concurrent.ThreadPoolExecutor.runWorker(ThreadPoolExecutor.java:1134)
        at java.util.concurrent.ThreadPoolExecutor$Worker.run(ThreadPoolExecutor.java:624)
        at java.lang.Thread.run(Thread.java:748)
"qtp187225922-5510" daemon prio=5 tid=5510 timed_waiting
java.lang.Thread.State: TIMED_WAITING
        at sun.misc.Unsafe.park(Native Method)
        at java.util.concurrent.locks.LockSupport.parkNanos(LockSupport.java:215)
        at java.util.concurrent.locks.AbstractQueuedSynchronizer$ConditionObject.awaitNanos(AbstractQueuedSynchronizer.java:2078)
        at org.eclipse.jetty.util.BlockingArrayQueue.poll(BlockingArrayQueue.java:382)
        at org.eclipse.jetty.util.thread.QueuedThreadPool$Runner.idleJobPoll(QueuedThreadPool.java:875)
        at org.eclipse.jetty.util.thread.QueuedThreadPool$Runner.run(QueuedThreadPool.java:925)
        at java.lang.Thread.run(Thread.java:748)
"IPC Server handler 11 on default port 45819" daemon prio=5 tid=5479 timed_waiting
java.lang.Thread.State: TIMED_WAITING
        at sun.misc.Unsafe.park(Native Method)
        at java.util.concurrent.locks.LockSupport.parkNanos(LockSupport.java:215)
        at java.util.concurrent.locks.AbstractQueuedSynchronizer$ConditionObject.awaitNanos(AbstractQueuedSynchronizer.java:2078)
        at java.util.concurrent.LinkedBlockingQueue.poll(LinkedBlockingQueue.java:467)
        at org.apache.hadoop.ipc.CallQueueManager.take(CallQueueManager.java:295)
        at org.apache.hadoop.ipc.Server$Handler.run(Server.java:2881)
"IPC Server listener on 11872" daemon prio=5 tid=5614 runnable
java.lang.Thread.State: RUNNABLE
        at sun.nio.ch.EPollArrayWrapper.epollWait(Native Method)
        at sun.nio.ch.EPollArrayWrapper.poll(EPollArrayWrapper.java:269)
        at sun.nio.ch.EPollSelectorImpl.doSelect(EPollSelectorImpl.java:93)
        at sun.nio.ch.SelectorImpl.lockAndDoSelect(SelectorImpl.java:86)
        at sun.nio.ch.SelectorImpl.select(SelectorImpl.java:97)
        at sun.nio.ch.SelectorImpl.select(SelectorImpl.java:101)
        at org.apache.hadoop.ipc.Server$Listener.run(Server.java:1304)
"IPC Server handler 2 on default port 41453" daemon prio=5 tid=5490 timed_waiting
java.lang.Thread.State: TIMED_WAITING
        at sun.misc.Unsafe.park(Native Method)
        at java.util.concurrent.locks.LockSupport.parkNanos(LockSupport.java:215)
        at java.util.concurrent.locks.AbstractQueuedSynchronizer$ConditionObject.awaitNanos(AbstractQueuedSynchronizer.java:2078)
        at java.util.concurrent.LinkedBlockingQueue.poll(LinkedBlockingQueue.java:467)
        at org.apache.hadoop.ipc.CallQueueManager.take(CallQueueManager.java:295)
        at org.apache.hadoop.ipc.Server$Handler.run(Server.java:2881)
"BlockDeletingService#0" daemon prio=5 tid=5752 in Object.wait()
java.lang.Thread.State: WAITING (on object monitor)
        at sun.misc.Unsafe.park(Native Method)
        at java.util.concurrent.locks.LockSupport.park(LockSupport.java:175)
        at java.util.concurrent.locks.AbstractQueuedSynchronizer$ConditionObject.await(AbstractQueuedSynchronizer.java:2039)
        at java.util.concurrent.ScheduledThreadPoolExecutor$DelayedWorkQueue.take(ScheduledThreadPoolExecutor.java:1088)
        at java.util.concurrent.ScheduledThreadPoolExecutor$DelayedWorkQueue.take(ScheduledThreadPoolExecutor.java:809)
        at java.util.concurrent.ThreadPoolExecutor.getTask(ThreadPoolExecutor.java:1074)
        at java.util.concurrent.ThreadPoolExecutor.runWorker(ThreadPoolExecutor.java:1134)
        at java.util.concurrent.ThreadPoolExecutor$Worker.run(ThreadPoolExecutor.java:624)
        at java.lang.Thread.run(Thread.java:748)
"CommandWatcher-LeaseManager#LeaseMonitor" daemon prio=5 tid=5447 timed_waiting
java.lang.Thread.State: TIMED_WAITING
        at java.lang.Thread.sleep(Native Method)
        at org.apache.hadoop.ozone.lease.LeaseManager$LeaseMonitor.run(LeaseManager.java:234)
        at java.lang.Thread.run(Thread.java:748)
"BlockDeletingService#4" daemon prio=5 tid=7615 in Object.wait()
java.lang.Thread.State: WAITING (on object monitor)
        at sun.misc.Unsafe.park(Native Method)
        at java.util.concurrent.locks.LockSupport.park(LockSupport.java:175)
        at java.util.concurrent.locks.AbstractQueuedSynchronizer$ConditionObject.await(AbstractQueuedSynchronizer.java:2039)
        at java.util.concurrent.ScheduledThreadPoolExecutor$DelayedWorkQueue.take(ScheduledThreadPoolExecutor.java:1088)
        at java.util.concurrent.ScheduledThreadPoolExecutor$DelayedWorkQueue.take(ScheduledThreadPoolExecutor.java:809)
        at java.util.concurrent.ThreadPoolExecutor.getTask(ThreadPoolExecutor.java:1074)
        at java.util.concurrent.ThreadPoolExecutor.runWorker(ThreadPoolExecutor.java:1134)
        at java.util.concurrent.ThreadPoolExecutor$Worker.run(ThreadPoolExecutor.java:624)
        at java.lang.Thread.run(Thread.java:748)
"Session-HouseKeeper-4fdbd027-1"  prio=5 tid=5716 timed_waiting
java.lang.Thread.State: TIMED_WAITING
        at sun.misc.Unsafe.park(Native Method)
        at java.util.concurrent.locks.LockSupport.parkNanos(LockSupport.java:215)
        at java.util.concurrent.locks.AbstractQueuedSynchronizer$ConditionObject.awaitNanos(AbstractQueuedSynchronizer.java:2078)
        at java.util.concurrent.ScheduledThreadPoolExecutor$DelayedWorkQueue.take(ScheduledThreadPoolExecutor.java:1093)
        at java.util.concurrent.ScheduledThreadPoolExecutor$DelayedWorkQueue.take(ScheduledThreadPoolExecutor.java:809)
        at java.util.concurrent.ThreadPoolExecutor.getTask(ThreadPoolExecutor.java:1074)
        at java.util.concurrent.ThreadPoolExecutor.runWorker(ThreadPoolExecutor.java:1134)
        at java.util.concurrent.ThreadPoolExecutor$Worker.run(ThreadPoolExecutor.java:624)
        at java.lang.Thread.run(Thread.java:748)
"PartialTableCache Cleanup Thread - 0" daemon prio=5 tid=5402 in Object.wait()
java.lang.Thread.State: WAITING (on object monitor)
        at sun.misc.Unsafe.park(Native Method)
        at java.util.concurrent.locks.LockSupport.park(LockSupport.java:175)
        at java.util.concurrent.locks.AbstractQueuedSynchronizer$ConditionObject.await(AbstractQueuedSynchronizer.java:2039)
        at java.util.concurrent.LinkedBlockingQueue.take(LinkedBlockingQueue.java:442)
        at java.util.concurrent.ThreadPoolExecutor.getTask(ThreadPoolExecutor.java:1074)
        at java.util.concurrent.ThreadPoolExecutor.runWorker(ThreadPoolExecutor.java:1134)
        at java.util.concurrent.ThreadPoolExecutor$Worker.run(ThreadPoolExecutor.java:624)
        at java.lang.Thread.run(Thread.java:748)
"PartialTableCache Cleanup Thread - 0" daemon prio=5 tid=3269 in Object.wait()
java.lang.Thread.State: WAITING (on object monitor)
        at sun.misc.Unsafe.park(Native Method)
        at java.util.concurrent.locks.LockSupport.park(LockSupport.java:175)
        at java.util.concurrent.locks.AbstractQueuedSynchronizer$ConditionObject.await(AbstractQueuedSynchronizer.java:2039)
        at java.util.concurrent.LinkedBlockingQueue.take(LinkedBlockingQueue.java:442)
        at java.util.concurrent.ThreadPoolExecutor.getTask(ThreadPoolExecutor.java:1074)
        at java.util.concurrent.ThreadPoolExecutor.runWorker(ThreadPoolExecutor.java:1134)
        at java.util.concurrent.ThreadPoolExecutor$Worker.run(ThreadPoolExecutor.java:624)
        at java.lang.Thread.run(Thread.java:748)
"IPC Server handler 7 on default port 11866" daemon prio=5 tid=6635 timed_waiting
java.lang.Thread.State: TIMED_WAITING
        at sun.misc.Unsafe.park(Native Method)
        at java.util.concurrent.locks.LockSupport.parkNanos(LockSupport.java:215)
        at java.util.concurrent.locks.AbstractQueuedSynchronizer$ConditionObject.awaitNanos(AbstractQueuedSynchronizer.java:2078)
        at java.util.concurrent.LinkedBlockingQueue.poll(LinkedBlockingQueue.java:467)
        at org.apache.hadoop.ipc.CallQueueManager.take(CallQueueManager.java:295)
        at org.apache.hadoop.ipc.Server$Handler.run(Server.java:2881)
"IPC Server handler 10 on default port 11860" daemon prio=5 tid=5545 timed_waiting
java.lang.Thread.State: TIMED_WAITING
        at sun.misc.Unsafe.park(Native Method)
        at java.util.concurrent.locks.LockSupport.parkNanos(LockSupport.java:215)
        at java.util.concurrent.locks.AbstractQueuedSynchronizer$ConditionObject.awaitNanos(AbstractQueuedSynchronizer.java:2078)
        at java.util.concurrent.LinkedBlockingQueue.poll(LinkedBlockingQueue.java:467)
        at org.apache.hadoop.ipc.CallQueueManager.take(CallQueueManager.java:295)
        at org.apache.hadoop.ipc.Server$Handler.run(Server.java:2881)
"qtp1336084858-5562" daemon prio=5 tid=5562 timed_waiting
java.lang.Thread.State: TIMED_WAITING
        at sun.misc.Unsafe.park(Native Method)
        at java.util.concurrent.locks.LockSupport.parkNanos(LockSupport.java:215)
        at java.util.concurrent.locks.AbstractQueuedSynchronizer$ConditionObject.awaitNanos(AbstractQueuedSynchronizer.java:2078)
        at org.eclipse.jetty.util.BlockingArrayQueue.poll(BlockingArrayQueue.java:382)
        at org.eclipse.jetty.util.thread.QueuedThreadPool$Runner.idleJobPoll(QueuedThreadPool.java:875)
        at org.eclipse.jetty.util.thread.QueuedThreadPool$Runner.run(QueuedThreadPool.java:925)
        at java.lang.Thread.run(Thread.java:748)
"EventQueue-Safe mode statusForSCMClientProtocolServer"  prio=5 tid=5442 in Object.wait()
java.lang.Thread.State: WAITING (on object monitor)
        at sun.misc.Unsafe.park(Native Method)
        at java.util.concurrent.locks.LockSupport.park(LockSupport.java:175)
        at java.util.concurrent.locks.AbstractQueuedSynchronizer$ConditionObject.await(AbstractQueuedSynchronizer.java:2039)
        at java.util.concurrent.LinkedBlockingQueue.take(LinkedBlockingQueue.java:442)
        at java.util.concurrent.ThreadPoolExecutor.getTask(ThreadPoolExecutor.java:1074)
        at java.util.concurrent.ThreadPoolExecutor.runWorker(ThreadPoolExecutor.java:1134)
        at java.util.concurrent.ThreadPoolExecutor$Worker.run(ThreadPoolExecutor.java:624)
        at java.lang.Thread.run(Thread.java:748)
"40524df2-78a3-4e4e-9ceb-ad6c0599eecc@group-72BF283FA841-SegmentedRaftLogWorker"  prio=5 tid=5809 timed_waiting
java.lang.Thread.State: TIMED_WAITING
        at sun.misc.Unsafe.park(Native Method)
        at java.util.concurrent.locks.LockSupport.parkNanos(LockSupport.java:215)
        at java.util.concurrent.locks.AbstractQueuedSynchronizer$ConditionObject.awaitNanos(AbstractQueuedSynchronizer.java:2078)
        at org.apache.ratis.util.DataBlockingQueue.poll(DataBlockingQueue.java:137)
        at org.apache.ratis.server.raftlog.segmented.SegmentedRaftLogWorker.run(SegmentedRaftLogWorker.java:293)
        at java.lang.Thread.run(Thread.java:748)
"OM StateMachine ApplyTransaction Thread - 0" daemon prio=5 tid=5877 in Object.wait()
java.lang.Thread.State: WAITING (on object monitor)
        at sun.misc.Unsafe.park(Native Method)
        at java.util.concurrent.locks.LockSupport.park(LockSupport.java:175)
        at java.util.concurrent.locks.AbstractQueuedSynchronizer$ConditionObject.await(AbstractQueuedSynchronizer.java:2039)
        at java.util.concurrent.LinkedBlockingQueue.take(LinkedBlockingQueue.java:442)
        at java.util.concurrent.ThreadPoolExecutor.getTask(ThreadPoolExecutor.java:1074)
        at java.util.concurrent.ThreadPoolExecutor.runWorker(ThreadPoolExecutor.java:1134)
        at java.util.concurrent.ThreadPoolExecutor$Worker.run(ThreadPoolExecutor.java:624)
        at java.lang.Thread.run(Thread.java:748)
"pool-1126-thread-1"  prio=5 tid=5790 in Object.wait()
java.lang.Thread.State: WAITING (on object monitor)
        at sun.misc.Unsafe.park(Native Method)
        at java.util.concurrent.locks.LockSupport.park(LockSupport.java:175)
        at java.util.concurrent.locks.AbstractQueuedSynchronizer$ConditionObject.await(AbstractQueuedSynchronizer.java:2039)
        at java.util.concurrent.LinkedBlockingQueue.take(LinkedBlockingQueue.java:442)
        at java.util.concurrent.ThreadPoolExecutor.getTask(ThreadPoolExecutor.java:1074)
        at java.util.concurrent.ThreadPoolExecutor.runWorker(ThreadPoolExecutor.java:1134)
        at java.util.concurrent.ThreadPoolExecutor$Worker.run(ThreadPoolExecutor.java:624)
        at java.lang.Thread.run(Thread.java:748)
"PartialTableCache Cleanup Thread - 0" daemon prio=5 tid=4269 in Object.wait()
java.lang.Thread.State: WAITING (on object monitor)
        at sun.misc.Unsafe.park(Native Method)
        at java.util.concurrent.locks.LockSupport.park(LockSupport.java:175)
        at java.util.concurrent.locks.AbstractQueuedSynchronizer$ConditionObject.await(AbstractQueuedSynchronizer.java:2039)
        at java.util.concurrent.LinkedBlockingQueue.take(LinkedBlockingQueue.java:442)
        at java.util.concurrent.ThreadPoolExecutor.getTask(ThreadPoolExecutor.java:1074)
        at java.util.concurrent.ThreadPoolExecutor.runWorker(ThreadPoolExecutor.java:1134)
        at java.util.concurrent.ThreadPoolExecutor$Worker.run(ThreadPoolExecutor.java:624)
        at java.lang.Thread.run(Thread.java:748)
"PartialTableCache Cleanup Thread - 0" daemon prio=5 tid=524 in Object.wait()
java.lang.Thread.State: WAITING (on object monitor)
        at sun.misc.Unsafe.park(Native Method)
        at java.util.concurrent.locks.LockSupport.park(LockSupport.java:175)
        at java.util.concurrent.locks.AbstractQueuedSynchronizer$ConditionObject.await(AbstractQueuedSynchronizer.java:2039)
        at java.util.concurrent.LinkedBlockingQueue.take(LinkedBlockingQueue.java:442)
        at java.util.concurrent.ThreadPoolExecutor.getTask(ThreadPoolExecutor.java:1074)
        at java.util.concurrent.ThreadPoolExecutor.runWorker(ThreadPoolExecutor.java:1134)
        at java.util.concurrent.ThreadPoolExecutor$Worker.run(ThreadPoolExecutor.java:624)
        at java.lang.Thread.run(Thread.java:748)
"pool-376-thread-1"  prio=5 tid=1891 timed_waiting
java.lang.Thread.State: TIMED_WAITING
        at sun.misc.Unsafe.park(Native Method)
        at java.util.concurrent.locks.LockSupport.parkNanos(LockSupport.java:215)
        at java.util.concurrent.locks.AbstractQueuedSynchronizer$ConditionObject.awaitNanos(AbstractQueuedSynchronizer.java:2078)
        at java.util.concurrent.ScheduledThreadPoolExecutor$DelayedWorkQueue.take(ScheduledThreadPoolExecutor.java:1093)
        at java.util.concurrent.ScheduledThreadPoolExecutor$DelayedWorkQueue.take(ScheduledThreadPoolExecutor.java:809)
        at java.util.concurrent.ThreadPoolExecutor.getTask(ThreadPoolExecutor.java:1074)
        at java.util.concurrent.ThreadPoolExecutor.runWorker(ThreadPoolExecutor.java:1134)
        at java.util.concurrent.ThreadPoolExecutor$Worker.run(ThreadPoolExecutor.java:624)
        at java.lang.Thread.run(Thread.java:748)
"Datanode State Machine Thread - 0" daemon prio=5 tid=5671 timed_waiting
java.lang.Thread.State: TIMED_WAITING
        at java.lang.Thread.sleep(Native Method)
        at org.apache.hadoop.ozone.container.common.statemachine.DatanodeStateMachine.start(DatanodeStateMachine.java:213)
        at org.apache.hadoop.ozone.container.common.statemachine.DatanodeStateMachine.lambda$startDaemon$0(DatanodeStateMachine.java:379)
        at org.apache.hadoop.ozone.container.common.statemachine.DatanodeStateMachine$$Lambda$285/436723628.run(Unknown Source)
        at java.lang.Thread.run(Thread.java:748)
"qtp1622107655-5665" daemon prio=5 tid=5665 timed_waiting
java.lang.Thread.State: TIMED_WAITING
        at sun.misc.Unsafe.park(Native Method)
        at java.util.concurrent.locks.LockSupport.parkNanos(LockSupport.java:215)
        at java.util.concurrent.locks.AbstractQueuedSynchronizer$ConditionObject.awaitNanos(AbstractQueuedSynchronizer.java:2078)
        at org.eclipse.jetty.util.BlockingArrayQueue.poll(BlockingArrayQueue.java:382)
        at org.eclipse.jetty.util.thread.QueuedThreadPool$Runner.idleJobPoll(QueuedThreadPool.java:875)
        at org.eclipse.jetty.util.thread.QueuedThreadPool$Runner.run(QueuedThreadPool.java:925)
        at java.lang.Thread.run(Thread.java:748)
"qtp1903785634-5647-acceptor-0@775016f4-ServerConnector@27c934ae{HTTP/1.1,[http/1.1]}{0.0.0.0:11874}" daemon prio=3 tid=5647 runnable
java.lang.Thread.State: RUNNABLE
        at sun.nio.ch.ServerSocketChannelImpl.accept0(Native Method)
        at sun.nio.ch.ServerSocketChannelImpl.accept(ServerSocketChannelImpl.java:422)
        at sun.nio.ch.ServerSocketChannelImpl.accept(ServerSocketChannelImpl.java:250)
        at org.eclipse.jetty.server.ServerConnector.accept(ServerConnector.java:385)
        at org.eclipse.jetty.server.AbstractConnector$Acceptor.run(AbstractConnector.java:701)
        at org.eclipse.jetty.util.thread.QueuedThreadPool.runJob(QueuedThreadPool.java:806)
        at org.eclipse.jetty.util.thread.QueuedThreadPool$Runner.run(QueuedThreadPool.java:938)
        at java.lang.Thread.run(Thread.java:748)
"pool-130-thread-1"  prio=5 tid=633 timed_waiting
java.lang.Thread.State: TIMED_WAITING
        at sun.misc.Unsafe.park(Native Method)
        at java.util.concurrent.locks.LockSupport.parkNanos(LockSupport.java:215)
        at java.util.concurrent.locks.AbstractQueuedSynchronizer$ConditionObject.awaitNanos(AbstractQueuedSynchronizer.java:2078)
        at java.util.concurrent.ScheduledThreadPoolExecutor$DelayedWorkQueue.take(ScheduledThreadPoolExecutor.java:1093)
        at java.util.concurrent.ScheduledThreadPoolExecutor$DelayedWorkQueue.take(ScheduledThreadPoolExecutor.java:809)
        at java.util.concurrent.ThreadPoolExecutor.getTask(ThreadPoolExecutor.java:1074)
        at java.util.concurrent.ThreadPoolExecutor.runWorker(ThreadPoolExecutor.java:1134)
        at java.util.concurrent.ThreadPoolExecutor$Worker.run(ThreadPoolExecutor.java:624)
        at java.lang.Thread.run(Thread.java:748)
"IPC Server handler 7 on default port 41453" daemon prio=5 tid=5495 timed_waiting
java.lang.Thread.State: TIMED_WAITING
        at sun.misc.Unsafe.park(Native Method)
        at java.util.concurrent.locks.LockSupport.parkNanos(LockSupport.java:215)
        at java.util.concurrent.locks.AbstractQueuedSynchronizer$ConditionObject.awaitNanos(AbstractQueuedSynchronizer.java:2078)
        at java.util.concurrent.LinkedBlockingQueue.poll(LinkedBlockingQueue.java:467)
        at org.apache.hadoop.ipc.CallQueueManager.take(CallQueueManager.java:295)
        at org.apache.hadoop.ipc.Server$Handler.run(Server.java:2881)
"qtp1903785634-5650" daemon prio=5 tid=5650 timed_waiting
java.lang.Thread.State: TIMED_WAITING
        at sun.misc.Unsafe.park(Native Method)
        at java.util.concurrent.locks.LockSupport.parkNanos(LockSupport.java:215)
        at java.util.concurrent.locks.AbstractQueuedSynchronizer$ConditionObject.awaitNanos(AbstractQueuedSynchronizer.java:2078)
        at org.eclipse.jetty.util.BlockingArrayQueue.poll(BlockingArrayQueue.java:382)
        at org.eclipse.jetty.util.thread.QueuedThreadPool$Runner.idleJobPoll(QueuedThreadPool.java:875)
        at org.eclipse.jetty.util.thread.QueuedThreadPool$Runner.run(QueuedThreadPool.java:925)
        at java.lang.Thread.run(Thread.java:748)
"PartialTableCache Cleanup Thread - 0" daemon prio=5 tid=1001 in Object.wait()
java.lang.Thread.State: WAITING (on object monitor)
        at sun.misc.Unsafe.park(Native Method)
        at java.util.concurrent.locks.LockSupport.park(LockSupport.java:175)
        at java.util.concurrent.locks.AbstractQueuedSynchronizer$ConditionObject.await(AbstractQueuedSynchronizer.java:2039)
        at java.util.concurrent.LinkedBlockingQueue.take(LinkedBlockingQueue.java:442)
        at java.util.concurrent.ThreadPoolExecutor.getTask(ThreadPoolExecutor.java:1074)
        at java.util.concurrent.ThreadPoolExecutor.runWorker(ThreadPoolExecutor.java:1134)
        at java.util.concurrent.ThreadPoolExecutor$Worker.run(ThreadPoolExecutor.java:624)
        at java.lang.Thread.run(Thread.java:748)
"EventQueue-OpenPipelineForOneReplicaPipelineSafeModeRule" daemon prio=5 tid=5792 in Object.wait()
java.lang.Thread.State: WAITING (on object monitor)
        at sun.misc.Unsafe.park(Native Method)
        at java.util.concurrent.locks.LockSupport.park(LockSupport.java:175)
        at java.util.concurrent.locks.AbstractQueuedSynchronizer$ConditionObject.await(AbstractQueuedSynchronizer.java:2039)
        at java.util.concurrent.LinkedBlockingQueue.take(LinkedBlockingQueue.java:442)
        at java.util.concurrent.ThreadPoolExecutor.getTask(ThreadPoolExecutor.java:1074)
        at java.util.concurrent.ThreadPoolExecutor.runWorker(ThreadPoolExecutor.java:1134)
        at java.util.concurrent.ThreadPoolExecutor$Worker.run(ThreadPoolExecutor.java:624)
        at java.lang.Thread.run(Thread.java:748)
"EventQueue-NodeRegistrationContainerReportForDataNodeSafeModeRule" daemon prio=5 tid=5774 in Object.wait()
java.lang.Thread.State: WAITING (on object monitor)
        at sun.misc.Unsafe.park(Native Method)
        at java.util.concurrent.locks.LockSupport.park(LockSupport.java:175)
        at java.util.concurrent.locks.AbstractQueuedSynchronizer$ConditionObject.await(AbstractQueuedSynchronizer.java:2039)
        at java.util.concurrent.LinkedBlockingQueue.take(LinkedBlockingQueue.java:442)
        at java.util.concurrent.ThreadPoolExecutor.getTask(ThreadPoolExecutor.java:1074)
        at java.util.concurrent.ThreadPoolExecutor.runWorker(ThreadPoolExecutor.java:1134)
        at java.util.concurrent.ThreadPoolExecutor$Worker.run(ThreadPoolExecutor.java:624)
        at java.lang.Thread.run(Thread.java:748)
"Timer-30"  prio=5 tid=5531 timed_waiting
java.lang.Thread.State: TIMED_WAITING
        at java.lang.Object.wait(Native Method)
        at java.util.TimerThread.mainLoop(Timer.java:552)
        at java.util.TimerThread.run(Timer.java:505)
"IPC Server handler 12 on default port 11866" daemon prio=5 tid=6640 timed_waiting
java.lang.Thread.State: TIMED_WAITING
        at sun.misc.Unsafe.park(Native Method)
        at java.util.concurrent.locks.LockSupport.parkNanos(LockSupport.java:215)
        at java.util.concurrent.locks.AbstractQueuedSynchronizer$ConditionObject.awaitNanos(AbstractQueuedSynchronizer.java:2078)
        at java.util.concurrent.LinkedBlockingQueue.poll(LinkedBlockingQueue.java:467)
        at org.apache.hadoop.ipc.CallQueueManager.take(CallQueueManager.java:295)
        at org.apache.hadoop.ipc.Server$Handler.run(Server.java:2881)
"IPC Server handler 2 on default port 11860" daemon prio=5 tid=5535 timed_waiting
java.lang.Thread.State: TIMED_WAITING
        at sun.misc.Unsafe.park(Native Method)
        at java.util.concurrent.locks.LockSupport.parkNanos(LockSupport.java:215)
        at java.util.concurrent.locks.AbstractQueuedSynchronizer$ConditionObject.awaitNanos(AbstractQueuedSynchronizer.java:2078)
        at java.util.concurrent.LinkedBlockingQueue.poll(LinkedBlockingQueue.java:467)
        at org.apache.hadoop.ipc.CallQueueManager.take(CallQueueManager.java:295)
        at org.apache.hadoop.ipc.Server$Handler.run(Server.java:2881)
"IPC Server handler 18 on default port 45819" daemon prio=5 tid=5486 timed_waiting
java.lang.Thread.State: TIMED_WAITING
        at sun.misc.Unsafe.park(Native Method)
        at java.util.concurrent.locks.LockSupport.parkNanos(LockSupport.java:215)
        at java.util.concurrent.locks.AbstractQueuedSynchronizer$ConditionObject.awaitNanos(AbstractQueuedSynchronizer.java:2078)
        at java.util.concurrent.LinkedBlockingQueue.poll(LinkedBlockingQueue.java:467)
        at org.apache.hadoop.ipc.CallQueueManager.take(CallQueueManager.java:295)
        at org.apache.hadoop.ipc.Server$Handler.run(Server.java:2881)
"OM StateMachine ApplyTransaction Thread - 0" daemon prio=5 tid=6661 in Object.wait()
java.lang.Thread.State: WAITING (on object monitor)
        at sun.misc.Unsafe.park(Native Method)
        at java.util.concurrent.locks.LockSupport.park(LockSupport.java:175)
        at java.util.concurrent.locks.AbstractQueuedSynchronizer$ConditionObject.await(AbstractQueuedSynchronizer.java:2039)
        at java.util.concurrent.LinkedBlockingQueue.take(LinkedBlockingQueue.java:442)
        at java.util.concurrent.ThreadPoolExecutor.getTask(ThreadPoolExecutor.java:1074)
        at java.util.concurrent.ThreadPoolExecutor.runWorker(ThreadPoolExecutor.java:1134)
        at java.util.concurrent.ThreadPoolExecutor$Worker.run(ThreadPoolExecutor.java:624)
        at java.lang.Thread.run(Thread.java:748)
"IPC Server handler 19 on default port 11872" daemon prio=5 tid=5643 timed_waiting
java.lang.Thread.State: TIMED_WAITING
        at sun.misc.Unsafe.park(Native Method)
        at java.util.concurrent.locks.LockSupport.parkNanos(LockSupport.java:215)
        at java.util.concurrent.locks.AbstractQueuedSynchronizer$ConditionObject.awaitNanos(AbstractQueuedSynchronizer.java:2078)
        at java.util.concurrent.LinkedBlockingQueue.poll(LinkedBlockingQueue.java:467)
        at org.apache.hadoop.ipc.CallQueueManager.take(CallQueueManager.java:295)
        at org.apache.hadoop.ipc.Server$Handler.run(Server.java:2881)
"qtp880433415-5715" daemon prio=5 tid=5715 timed_waiting
java.lang.Thread.State: TIMED_WAITING
        at sun.misc.Unsafe.park(Native Method)
        at java.util.concurrent.locks.LockSupport.parkNanos(LockSupport.java:215)
        at java.util.concurrent.locks.AbstractQueuedSynchronizer$ConditionObject.awaitNanos(AbstractQueuedSynchronizer.java:2078)
        at org.eclipse.jetty.util.BlockingArrayQueue.poll(BlockingArrayQueue.java:382)
        at org.eclipse.jetty.util.thread.QueuedThreadPool$Runner.idleJobPoll(QueuedThreadPool.java:875)
        at org.eclipse.jetty.util.thread.QueuedThreadPool$Runner.run(QueuedThreadPool.java:925)
        at java.lang.Thread.run(Thread.java:748)
"qtp187225922-5508" daemon prio=5 tid=5508 runnable
java.lang.Thread.State: RUNNABLE
        at sun.nio.ch.EPollArrayWrapper.epollWait(Native Method)
        at sun.nio.ch.EPollArrayWrapper.poll(EPollArrayWrapper.java:269)
        at sun.nio.ch.EPollSelectorImpl.doSelect(EPollSelectorImpl.java:93)
        at sun.nio.ch.SelectorImpl.lockAndDoSelect(SelectorImpl.java:86)
        at sun.nio.ch.SelectorImpl.select(SelectorImpl.java:97)
        at sun.nio.ch.SelectorImpl.select(SelectorImpl.java:101)
        at org.eclipse.jetty.io.ManagedSelector$SelectorProducer.select(ManagedSelector.java:472)
        at org.eclipse.jetty.io.ManagedSelector$SelectorProducer.produce(ManagedSelector.java:409)
        at org.eclipse.jetty.util.thread.strategy.EatWhatYouKill.produceTask(EatWhatYouKill.java:360)
        at org.eclipse.jetty.util.thread.strategy.EatWhatYouKill.doProduce(EatWhatYouKill.java:184)
        at org.eclipse.jetty.util.thread.strategy.EatWhatYouKill.tryProduce(EatWhatYouKill.java:171)
        at org.eclipse.jetty.util.thread.strategy.EatWhatYouKill.produce(EatWhatYouKill.java:135)
        at org.eclipse.jetty.io.ManagedSelector$$Lambda$72/1129097646.run(Unknown Source)
        at org.eclipse.jetty.util.thread.QueuedThreadPool.runJob(QueuedThreadPool.java:806)
        at org.eclipse.jetty.util.thread.QueuedThreadPool$Runner.run(QueuedThreadPool.java:938)
        at java.lang.Thread.run(Thread.java:748)
"IPC Server handler 14 on default port 36843" daemon prio=5 tid=5462 timed_waiting
java.lang.Thread.State: TIMED_WAITING
        at sun.misc.Unsafe.park(Native Method)
        at java.util.concurrent.locks.LockSupport.parkNanos(LockSupport.java:215)
        at java.util.concurrent.locks.AbstractQueuedSynchronizer$ConditionObject.awaitNanos(AbstractQueuedSynchronizer.java:2078)
        at java.util.concurrent.LinkedBlockingQueue.poll(LinkedBlockingQueue.java:467)
        at org.apache.hadoop.ipc.CallQueueManager.take(CallQueueManager.java:295)
        at org.apache.hadoop.ipc.Server$Handler.run(Server.java:2881)
"pool-1312-thread-1"  prio=5 tid=6648 timed_waiting
java.lang.Thread.State: TIMED_WAITING
        at sun.misc.Unsafe.park(Native Method)
        at java.util.concurrent.locks.LockSupport.parkNanos(LockSupport.java:215)
        at java.util.concurrent.locks.AbstractQueuedSynchronizer$ConditionObject.awaitNanos(AbstractQueuedSynchronizer.java:2078)
        at java.util.concurrent.ScheduledThreadPoolExecutor$DelayedWorkQueue.take(ScheduledThreadPoolExecutor.java:1093)
        at java.util.concurrent.ScheduledThreadPoolExecutor$DelayedWorkQueue.take(ScheduledThreadPoolExecutor.java:809)
        at java.util.concurrent.ThreadPoolExecutor.getTask(ThreadPoolExecutor.java:1074)
        at java.util.concurrent.ThreadPoolExecutor.runWorker(ThreadPoolExecutor.java:1134)
        at java.util.concurrent.ThreadPoolExecutor$Worker.run(ThreadPoolExecutor.java:624)
        at java.lang.Thread.run(Thread.java:748)
"IPC Server handler 17 on default port 11860" daemon prio=5 tid=5552 timed_waiting
java.lang.Thread.State: TIMED_WAITING
        at sun.misc.Unsafe.park(Native Method)
        at java.util.concurrent.locks.LockSupport.parkNanos(LockSupport.java:215)
        at java.util.concurrent.locks.AbstractQueuedSynchronizer$ConditionObject.awaitNanos(AbstractQueuedSynchronizer.java:2078)
        at java.util.concurrent.LinkedBlockingQueue.poll(LinkedBlockingQueue.java:467)
        at org.apache.hadoop.ipc.CallQueueManager.take(CallQueueManager.java:295)
        at org.apache.hadoop.ipc.Server$Handler.run(Server.java:2881)
"BlockDeletingService#2" daemon prio=5 tid=6917 timed_waiting
java.lang.Thread.State: TIMED_WAITING
        at sun.misc.Unsafe.park(Native Method)
        at java.util.concurrent.locks.LockSupport.parkNanos(LockSupport.java:215)
        at java.util.concurrent.locks.AbstractQueuedSynchronizer$ConditionObject.awaitNanos(AbstractQueuedSynchronizer.java:2078)
        at java.util.concurrent.ScheduledThreadPoolExecutor$DelayedWorkQueue.take(ScheduledThreadPoolExecutor.java:1093)
        at java.util.concurrent.ScheduledThreadPoolExecutor$DelayedWorkQueue.take(ScheduledThreadPoolExecutor.java:809)
        at java.util.concurrent.ThreadPoolExecutor.getTask(ThreadPoolExecutor.java:1074)
        at java.util.concurrent.ThreadPoolExecutor.runWorker(ThreadPoolExecutor.java:1134)
        at java.util.concurrent.ThreadPoolExecutor$Worker.run(ThreadPoolExecutor.java:624)
        at java.lang.Thread.run(Thread.java:748)
"Timer-32"  prio=5 tid=5621 timed_waiting
java.lang.Thread.State: TIMED_WAITING
        at java.lang.Object.wait(Native Method)
        at java.util.TimerThread.mainLoop(Timer.java:552)
        at java.util.TimerThread.run(Timer.java:505)
"PartialTableCache Cleanup Thread - 0" daemon prio=5 tid=1693 in Object.wait()
java.lang.Thread.State: WAITING (on object monitor)
        at sun.misc.Unsafe.park(Native Method)
        at java.util.concurrent.locks.LockSupport.park(LockSupport.java:175)
        at java.util.concurrent.locks.AbstractQueuedSynchronizer$ConditionObject.await(AbstractQueuedSynchronizer.java:2039)
        at java.util.concurrent.LinkedBlockingQueue.take(LinkedBlockingQueue.java:442)
        at java.util.concurrent.ThreadPoolExecutor.getTask(ThreadPoolExecutor.java:1074)
        at java.util.concurrent.ThreadPoolExecutor.runWorker(ThreadPoolExecutor.java:1134)
        at java.util.concurrent.ThreadPoolExecutor$Worker.run(ThreadPoolExecutor.java:624)
        at java.lang.Thread.run(Thread.java:748)
"BlockDeletingService#0" daemon prio=5 tid=5746 in Object.wait()
java.lang.Thread.State: WAITING (on object monitor)
        at sun.misc.Unsafe.park(Native Method)
        at java.util.concurrent.locks.LockSupport.park(LockSupport.java:175)
        at java.util.concurrent.locks.AbstractQueuedSynchronizer$ConditionObject.await(AbstractQueuedSynchronizer.java:2039)
        at java.util.concurrent.ScheduledThreadPoolExecutor$DelayedWorkQueue.take(ScheduledThreadPoolExecutor.java:1088)
        at java.util.concurrent.ScheduledThreadPoolExecutor$DelayedWorkQueue.take(ScheduledThreadPoolExecutor.java:809)
        at java.util.concurrent.ThreadPoolExecutor.getTask(ThreadPoolExecutor.java:1074)
        at java.util.concurrent.ThreadPoolExecutor.runWorker(ThreadPoolExecutor.java:1134)
        at java.util.concurrent.ThreadPoolExecutor$Worker.run(ThreadPoolExecutor.java:624)
        at java.lang.Thread.run(Thread.java:748)
"IPC Server handler 1 on default port 41453" daemon prio=5 tid=5489 timed_waiting
java.lang.Thread.State: TIMED_WAITING
        at sun.misc.Unsafe.park(Native Method)
        at java.util.concurrent.locks.LockSupport.parkNanos(LockSupport.java:215)
        at java.util.concurrent.locks.AbstractQueuedSynchronizer$ConditionObject.awaitNanos(AbstractQueuedSynchronizer.java:2078)
        at java.util.concurrent.LinkedBlockingQueue.poll(LinkedBlockingQueue.java:467)
        at org.apache.hadoop.ipc.CallQueueManager.take(CallQueueManager.java:295)
        at org.apache.hadoop.ipc.Server$Handler.run(Server.java:2881)
"Signal Dispatcher" daemon prio=9 tid=4 runnable
java.lang.Thread.State: RUNNABLE
"EventQueue-NodeReportForNodeReportHandler" daemon prio=5 tid=6905 in Object.wait()
java.lang.Thread.State: WAITING (on object monitor)
        at sun.misc.Unsafe.park(Native Method)
        at java.util.concurrent.locks.LockSupport.park(LockSupport.java:175)
        at java.util.concurrent.locks.AbstractQueuedSynchronizer$ConditionObject.await(AbstractQueuedSynchronizer.java:2039)
        at java.util.concurrent.LinkedBlockingQueue.take(LinkedBlockingQueue.java:442)
        at java.util.concurrent.ThreadPoolExecutor.getTask(ThreadPoolExecutor.java:1074)
        at java.util.concurrent.ThreadPoolExecutor.runWorker(ThreadPoolExecutor.java:1134)
        at java.util.concurrent.ThreadPoolExecutor$Worker.run(ThreadPoolExecutor.java:624)
        at java.lang.Thread.run(Thread.java:748)
"pool-1099-thread-1"  prio=5 tid=5568 timed_waiting
java.lang.Thread.State: TIMED_WAITING
        at sun.misc.Unsafe.park(Native Method)
        at java.util.concurrent.locks.LockSupport.parkNanos(LockSupport.java:215)
        at java.util.concurrent.locks.AbstractQueuedSynchronizer$ConditionObject.awaitNanos(AbstractQueuedSynchronizer.java:2078)
        at java.util.concurrent.ScheduledThreadPoolExecutor$DelayedWorkQueue.take(ScheduledThreadPoolExecutor.java:1093)
        at java.util.concurrent.ScheduledThreadPoolExecutor$DelayedWorkQueue.take(ScheduledThreadPoolExecutor.java:809)
        at java.util.concurrent.ThreadPoolExecutor.getTask(ThreadPoolExecutor.java:1074)
        at java.util.concurrent.ThreadPoolExecutor.runWorker(ThreadPoolExecutor.java:1134)
        at java.util.concurrent.ThreadPoolExecutor$Worker.run(ThreadPoolExecutor.java:624)
        at java.lang.Thread.run(Thread.java:748)
"IPC Server listener on 0" daemon prio=5 tid=5437 runnable
java.lang.Thread.State: RUNNABLE
        at sun.nio.ch.EPollArrayWrapper.epollWait(Native Method)
        at sun.nio.ch.EPollArrayWrapper.poll(EPollArrayWrapper.java:269)
        at sun.nio.ch.EPollSelectorImpl.doSelect(EPollSelectorImpl.java:93)
        at sun.nio.ch.SelectorImpl.lockAndDoSelect(SelectorImpl.java:86)
        at sun.nio.ch.SelectorImpl.select(SelectorImpl.java:97)
        at sun.nio.ch.SelectorImpl.select(SelectorImpl.java:101)
        at org.apache.hadoop.ipc.Server$Listener.run(Server.java:1304)
"Command processor thread" daemon prio=5 tid=5722 timed_waiting
java.lang.Thread.State: TIMED_WAITING
        at java.lang.Thread.sleep(Native Method)
        at org.apache.hadoop.ozone.container.common.statemachine.DatanodeStateMachine.lambda$initCommandHandlerThread$1(DatanodeStateMachine.java:472)
        at org.apache.hadoop.ozone.container.common.statemachine.DatanodeStateMachine$$Lambda$286/1232266563.run(Unknown Source)
        at java.lang.Thread.run(Thread.java:748)
"IPC Server handler 8 on default port 36843" daemon prio=5 tid=5456 timed_waiting
java.lang.Thread.State: TIMED_WAITING
        at sun.misc.Unsafe.park(Native Method)
        at java.util.concurrent.locks.LockSupport.parkNanos(LockSupport.java:215)
        at java.util.concurrent.locks.AbstractQueuedSynchronizer$ConditionObject.awaitNanos(AbstractQueuedSynchronizer.java:2078)
        at java.util.concurrent.LinkedBlockingQueue.poll(LinkedBlockingQueue.java:467)
        at org.apache.hadoop.ipc.CallQueueManager.take(CallQueueManager.java:295)
        at org.apache.hadoop.ipc.Server$Handler.run(Server.java:2881)
"IPC Server handler 11 on default port 11866" daemon prio=5 tid=6639 timed_waiting
java.lang.Thread.State: TIMED_WAITING
        at sun.misc.Unsafe.park(Native Method)
        at java.util.concurrent.locks.LockSupport.parkNanos(LockSupport.java:215)
        at java.util.concurrent.locks.AbstractQueuedSynchronizer$ConditionObject.awaitNanos(AbstractQueuedSynchronizer.java:2078)
        at java.util.concurrent.LinkedBlockingQueue.poll(LinkedBlockingQueue.java:467)
        at org.apache.hadoop.ipc.CallQueueManager.take(CallQueueManager.java:295)
        at org.apache.hadoop.ipc.Server$Handler.run(Server.java:2881)
"grpc-shared-destroyer-0" daemon prio=5 tid=535 in Object.wait()
java.lang.Thread.State: WAITING (on object monitor)
        at sun.misc.Unsafe.park(Native Method)
        at java.util.concurrent.locks.LockSupport.park(LockSupport.java:175)
        at java.util.concurrent.locks.AbstractQueuedSynchronizer$ConditionObject.await(AbstractQueuedSynchronizer.java:2039)
        at java.util.concurrent.ScheduledThreadPoolExecutor$DelayedWorkQueue.take(ScheduledThreadPoolExecutor.java:1081)
        at java.util.concurrent.ScheduledThreadPoolExecutor$DelayedWorkQueue.take(ScheduledThreadPoolExecutor.java:809)
        at java.util.concurrent.ThreadPoolExecutor.getTask(ThreadPoolExecutor.java:1074)
        at java.util.concurrent.ThreadPoolExecutor.runWorker(ThreadPoolExecutor.java:1134)
        at java.util.concurrent.ThreadPoolExecutor$Worker.run(ThreadPoolExecutor.java:624)
        at java.lang.Thread.run(Thread.java:748)
"PartialTableCache Cleanup Thread - 0" daemon prio=5 tid=2723 in Object.wait()
java.lang.Thread.State: WAITING (on object monitor)
        at sun.misc.Unsafe.park(Native Method)
        at java.util.concurrent.locks.LockSupport.park(LockSupport.java:175)
        at java.util.concurrent.locks.AbstractQueuedSynchronizer$ConditionObject.await(AbstractQueuedSynchronizer.java:2039)
        at java.util.concurrent.LinkedBlockingQueue.take(LinkedBlockingQueue.java:442)
        at java.util.concurrent.ThreadPoolExecutor.getTask(ThreadPoolExecutor.java:1074)
        at java.util.concurrent.ThreadPoolExecutor.runWorker(ThreadPoolExecutor.java:1134)
        at java.util.concurrent.ThreadPoolExecutor$Worker.run(ThreadPoolExecutor.java:624)
        at java.lang.Thread.run(Thread.java:748)
"KeyDeletingService#1" daemon prio=5 tid=5536 in Object.wait()
java.lang.Thread.State: WAITING (on object monitor)
        at sun.misc.Unsafe.park(Native Method)
        at java.util.concurrent.locks.LockSupport.park(LockSupport.java:175)
        at java.util.concurrent.locks.AbstractQueuedSynchronizer$ConditionObject.await(AbstractQueuedSynchronizer.java:2039)
        at java.util.concurrent.ScheduledThreadPoolExecutor$DelayedWorkQueue.take(ScheduledThreadPoolExecutor.java:1088)
        at java.util.concurrent.ScheduledThreadPoolExecutor$DelayedWorkQueue.take(ScheduledThreadPoolExecutor.java:809)
        at java.util.concurrent.ThreadPoolExecutor.getTask(ThreadPoolExecutor.java:1074)
        at java.util.concurrent.ThreadPoolExecutor.runWorker(ThreadPoolExecutor.java:1134)
        at java.util.concurrent.ThreadPoolExecutor$Worker.run(ThreadPoolExecutor.java:624)
        at java.lang.Thread.run(Thread.java:748)
"40524df2-78a3-4e4e-9ceb-ad6c0599eecc@group-304D1CDEA4AC-SegmentedRaftLogWorker"  prio=5 tid=5811 timed_waiting
java.lang.Thread.State: TIMED_WAITING
        at sun.misc.Unsafe.park(Native Method)
        at java.util.concurrent.locks.LockSupport.parkNanos(LockSupport.java:215)
        at java.util.concurrent.locks.AbstractQueuedSynchronizer$ConditionObject.awaitNanos(AbstractQueuedSynchronizer.java:2078)
        at org.apache.ratis.util.DataBlockingQueue.poll(DataBlockingQueue.java:137)
        at org.apache.ratis.server.raftlog.segmented.SegmentedRaftLogWorker.run(SegmentedRaftLogWorker.java:293)
        at java.lang.Thread.run(Thread.java:748)
"IPC Server handler 6 on default port 11872" daemon prio=5 tid=5630 timed_waiting
java.lang.Thread.State: TIMED_WAITING
        at sun.misc.Unsafe.park(Native Method)
        at java.util.concurrent.locks.LockSupport.parkNanos(LockSupport.java:215)
        at java.util.concurrent.locks.AbstractQueuedSynchronizer$ConditionObject.awaitNanos(AbstractQueuedSynchronizer.java:2078)
        at java.util.concurrent.LinkedBlockingQueue.poll(LinkedBlockingQueue.java:467)
        at org.apache.hadoop.ipc.CallQueueManager.take(CallQueueManager.java:295)
        at org.apache.hadoop.ipc.Server$Handler.run(Server.java:2881)
"IPC Server handler 9 on default port 11860" daemon prio=5 tid=5544 timed_waiting
java.lang.Thread.State: TIMED_WAITING
        at sun.misc.Unsafe.park(Native Method)
        at java.util.concurrent.locks.LockSupport.parkNanos(LockSupport.java:215)
        at java.util.concurrent.locks.AbstractQueuedSynchronizer$ConditionObject.awaitNanos(AbstractQueuedSynchronizer.java:2078)
        at java.util.concurrent.LinkedBlockingQueue.poll(LinkedBlockingQueue.java:467)
        at org.apache.hadoop.ipc.CallQueueManager.take(CallQueueManager.java:295)
        at org.apache.hadoop.ipc.Server$Handler.run(Server.java:2881)
"Socket Reader #1 for port 0"  prio=5 tid=5434 runnable
java.lang.Thread.State: RUNNABLE
        at sun.nio.ch.EPollArrayWrapper.epollWait(Native Method)
        at sun.nio.ch.EPollArrayWrapper.poll(EPollArrayWrapper.java:269)
        at sun.nio.ch.EPollSelectorImpl.doSelect(EPollSelectorImpl.java:93)
        at sun.nio.ch.SelectorImpl.lockAndDoSelect(SelectorImpl.java:86)
        at sun.nio.ch.SelectorImpl.select(SelectorImpl.java:97)
        at sun.nio.ch.SelectorImpl.select(SelectorImpl.java:101)
        at org.apache.hadoop.ipc.Server$Listener$Reader.doRunLoop(Server.java:1242)
        at org.apache.hadoop.ipc.Server$Listener$Reader.run(Server.java:1221)
"IPC Server handler 15 on default port 45819" daemon prio=5 tid=5483 timed_waiting
java.lang.Thread.State: TIMED_WAITING
        at sun.misc.Unsafe.park(Native Method)
        at java.util.concurrent.locks.LockSupport.parkNanos(LockSupport.java:215)
        at java.util.concurrent.locks.AbstractQueuedSynchronizer$ConditionObject.awaitNanos(AbstractQueuedSynchronizer.java:2078)
        at java.util.concurrent.LinkedBlockingQueue.poll(LinkedBlockingQueue.java:467)
        at org.apache.hadoop.ipc.CallQueueManager.take(CallQueueManager.java:295)
        at org.apache.hadoop.ipc.Server$Handler.run(Server.java:2881)
"Command processor thread" daemon prio=5 tid=5703 timed_waiting
java.lang.Thread.State: TIMED_WAITING
        at java.lang.Thread.sleep(Native Method)
        at org.apache.hadoop.ozone.container.common.statemachine.DatanodeStateMachine.lambda$initCommandHandlerThread$1(DatanodeStateMachine.java:472)
        at org.apache.hadoop.ozone.container.common.statemachine.DatanodeStateMachine$$Lambda$286/1232266563.run(Unknown Source)
        at java.lang.Thread.run(Thread.java:748)
"IPC Server handler 3 on default port 11860" daemon prio=5 tid=5537 timed_waiting
java.lang.Thread.State: TIMED_WAITING
        at sun.misc.Unsafe.park(Native Method)
        at java.util.concurrent.locks.LockSupport.parkNanos(LockSupport.java:215)
        at java.util.concurrent.locks.AbstractQueuedSynchronizer$ConditionObject.awaitNanos(AbstractQueuedSynchronizer.java:2078)
        at java.util.concurrent.LinkedBlockingQueue.poll(LinkedBlockingQueue.java:467)
        at org.apache.hadoop.ipc.CallQueueManager.take(CallQueueManager.java:295)
        at org.apache.hadoop.ipc.Server$Handler.run(Server.java:2881)
"PartialTableCache Cleanup Thread - 0" daemon prio=5 tid=2203 in Object.wait()
java.lang.Thread.State: WAITING (on object monitor)
        at sun.misc.Unsafe.park(Native Method)
        at java.util.concurrent.locks.LockSupport.park(LockSupport.java:175)
        at java.util.concurrent.locks.AbstractQueuedSynchronizer$ConditionObject.await(AbstractQueuedSynchronizer.java:2039)
        at java.util.concurrent.LinkedBlockingQueue.take(LinkedBlockingQueue.java:442)
        at java.util.concurrent.ThreadPoolExecutor.getTask(ThreadPoolExecutor.java:1074)
        at java.util.concurrent.ThreadPoolExecutor.runWorker(ThreadPoolExecutor.java:1134)
        at java.util.concurrent.ThreadPoolExecutor$Worker.run(ThreadPoolExecutor.java:624)
        at java.lang.Thread.run(Thread.java:748)
"IPC Server handler 17 on default port 36843" daemon prio=5 tid=5465 timed_waiting
java.lang.Thread.State: TIMED_WAITING
        at sun.misc.Unsafe.park(Native Method)
        at java.util.concurrent.locks.LockSupport.parkNanos(LockSupport.java:215)
        at java.util.concurrent.locks.AbstractQueuedSynchronizer$ConditionObject.awaitNanos(AbstractQueuedSynchronizer.java:2078)
        at java.util.concurrent.LinkedBlockingQueue.poll(LinkedBlockingQueue.java:467)
        at org.apache.hadoop.ipc.CallQueueManager.take(CallQueueManager.java:295)
        at org.apache.hadoop.ipc.Server$Handler.run(Server.java:2881)
"IPC Server idle connection scanner for port 45819" daemon prio=5 tid=5435 timed_waiting
java.lang.Thread.State: TIMED_WAITING
        at java.lang.Object.wait(Native Method)
        at java.util.TimerThread.mainLoop(Timer.java:552)
        at java.util.TimerThread.run(Timer.java:505)
"Datanode ReportManager Thread - 1" daemon prio=5 tid=5719 in Object.wait()
java.lang.Thread.State: WAITING (on object monitor)
        at sun.misc.Unsafe.park(Native Method)
        at java.util.concurrent.locks.LockSupport.park(LockSupport.java:175)
        at java.util.concurrent.locks.AbstractQueuedSynchronizer$ConditionObject.await(AbstractQueuedSynchronizer.java:2039)
        at java.util.concurrent.ScheduledThreadPoolExecutor$DelayedWorkQueue.take(ScheduledThreadPoolExecutor.java:1088)
        at java.util.concurrent.ScheduledThreadPoolExecutor$DelayedWorkQueue.take(ScheduledThreadPoolExecutor.java:809)
        at java.util.concurrent.ThreadPoolExecutor.getTask(ThreadPoolExecutor.java:1074)
        at java.util.concurrent.ThreadPoolExecutor.runWorker(ThreadPoolExecutor.java:1134)
        at java.util.concurrent.ThreadPoolExecutor$Worker.run(ThreadPoolExecutor.java:624)
        at java.lang.Thread.run(Thread.java:748)
"PartialTableCache Cleanup Thread - 0" daemon prio=5 tid=5897 in Object.wait()
java.lang.Thread.State: WAITING (on object monitor)
        at sun.misc.Unsafe.park(Native Method)
        at java.util.concurrent.locks.LockSupport.park(LockSupport.java:175)
        at java.util.concurrent.locks.AbstractQueuedSynchronizer$ConditionObject.await(AbstractQueuedSynchronizer.java:2039)
        at java.util.concurrent.LinkedBlockingQueue.take(LinkedBlockingQueue.java:442)
        at java.util.concurrent.ThreadPoolExecutor.getTask(ThreadPoolExecutor.java:1074)
        at java.util.concurrent.ThreadPoolExecutor.runWorker(ThreadPoolExecutor.java:1134)
        at java.util.concurrent.ThreadPoolExecutor$Worker.run(ThreadPoolExecutor.java:624)
        at java.lang.Thread.run(Thread.java:748)
"ChunkWriter-0-0" daemon prio=5 tid=5748 in Object.wait()
java.lang.Thread.State: WAITING (on object monitor)
        at sun.misc.Unsafe.park(Native Method)
        at java.util.concurrent.locks.LockSupport.park(LockSupport.java:175)
        at java.util.concurrent.locks.AbstractQueuedSynchronizer$ConditionObject.await(AbstractQueuedSynchronizer.java:2039)
        at java.util.concurrent.LinkedBlockingDeque.takeFirst(LinkedBlockingDeque.java:492)
        at java.util.concurrent.LinkedBlockingDeque.take(LinkedBlockingDeque.java:680)
        at java.util.concurrent.ThreadPoolExecutor.getTask(ThreadPoolExecutor.java:1074)
        at java.util.concurrent.ThreadPoolExecutor.runWorker(ThreadPoolExecutor.java:1134)
        at java.util.concurrent.ThreadPoolExecutor$Worker.run(ThreadPoolExecutor.java:624)
        at java.lang.Thread.run(Thread.java:748)
"IPC Server handler 19 on default port 36843" daemon prio=5 tid=5467 timed_waiting
java.lang.Thread.State: TIMED_WAITING
        at sun.misc.Unsafe.park(Native Method)
        at java.util.concurrent.locks.LockSupport.parkNanos(LockSupport.java:215)
        at java.util.concurrent.locks.AbstractQueuedSynchronizer$ConditionObject.awaitNanos(AbstractQueuedSynchronizer.java:2078)
        at java.util.concurrent.LinkedBlockingQueue.poll(LinkedBlockingQueue.java:467)
        at org.apache.hadoop.ipc.CallQueueManager.take(CallQueueManager.java:295)
        at org.apache.hadoop.ipc.Server$Handler.run(Server.java:2881)
"PartialTableCache Cleanup Thread - 0" daemon prio=5 tid=3265 in Object.wait()
java.lang.Thread.State: WAITING (on object monitor)
        at sun.misc.Unsafe.park(Native Method)
        at java.util.concurrent.locks.LockSupport.park(LockSupport.java:175)
        at java.util.concurrent.locks.AbstractQueuedSynchronizer$ConditionObject.await(AbstractQueuedSynchronizer.java:2039)
        at java.util.concurrent.LinkedBlockingQueue.take(LinkedBlockingQueue.java:442)
        at java.util.concurrent.ThreadPoolExecutor.getTask(ThreadPoolExecutor.java:1074)
        at java.util.concurrent.ThreadPoolExecutor.runWorker(ThreadPoolExecutor.java:1134)
        at java.util.concurrent.ThreadPoolExecutor$Worker.run(ThreadPoolExecutor.java:624)
        at java.lang.Thread.run(Thread.java:748)
"ChunkWriter-0-0" daemon prio=5 tid=5754 in Object.wait()
java.lang.Thread.State: WAITING (on object monitor)
        at sun.misc.Unsafe.park(Native Method)
        at java.util.concurrent.locks.LockSupport.park(LockSupport.java:175)
        at java.util.concurrent.locks.AbstractQueuedSynchronizer$ConditionObject.await(AbstractQueuedSynchronizer.java:2039)
        at java.util.concurrent.LinkedBlockingDeque.takeFirst(LinkedBlockingDeque.java:492)
        at java.util.concurrent.LinkedBlockingDeque.take(LinkedBlockingDeque.java:680)
        at java.util.concurrent.ThreadPoolExecutor.getTask(ThreadPoolExecutor.java:1074)
        at java.util.concurrent.ThreadPoolExecutor.runWorker(ThreadPoolExecutor.java:1134)
        at java.util.concurrent.ThreadPoolExecutor$Worker.run(ThreadPoolExecutor.java:624)
        at java.lang.Thread.run(Thread.java:748)
"PartialTableCache Cleanup Thread - 0" daemon prio=5 tid=5892 in Object.wait()
java.lang.Thread.State: WAITING (on object monitor)
        at sun.misc.Unsafe.park(Native Method)
        at java.util.concurrent.locks.LockSupport.park(LockSupport.java:175)
        at java.util.concurrent.locks.AbstractQueuedSynchronizer$ConditionObject.await(AbstractQueuedSynchronizer.java:2039)
        at java.util.concurrent.LinkedBlockingQueue.take(LinkedBlockingQueue.java:442)
        at java.util.concurrent.ThreadPoolExecutor.getTask(ThreadPoolExecutor.java:1074)
        at java.util.concurrent.ThreadPoolExecutor.runWorker(ThreadPoolExecutor.java:1134)
        at java.util.concurrent.ThreadPoolExecutor$Worker.run(ThreadPoolExecutor.java:624)
        at java.lang.Thread.run(Thread.java:748)
"Periodic HDDS volume checker" daemon prio=5 tid=5673 timed_waiting
java.lang.Thread.State: TIMED_WAITING
        at sun.misc.Unsafe.park(Native Method)
        at java.util.concurrent.locks.LockSupport.parkNanos(LockSupport.java:215)
        at java.util.concurrent.locks.AbstractQueuedSynchronizer$ConditionObject.awaitNanos(AbstractQueuedSynchronizer.java:2078)
        at java.util.concurrent.ScheduledThreadPoolExecutor$DelayedWorkQueue.take(ScheduledThreadPoolExecutor.java:1093)
        at java.util.concurrent.ScheduledThreadPoolExecutor$DelayedWorkQueue.take(ScheduledThreadPoolExecutor.java:809)
        at java.util.concurrent.ThreadPoolExecutor.getTask(ThreadPoolExecutor.java:1074)
        at java.util.concurrent.ThreadPoolExecutor.runWorker(ThreadPoolExecutor.java:1134)
        at java.util.concurrent.ThreadPoolExecutor$Worker.run(ThreadPoolExecutor.java:624)
        at java.lang.Thread.run(Thread.java:748)
"pool-392-thread-1"  prio=5 tid=1936 timed_waiting
java.lang.Thread.State: TIMED_WAITING
        at sun.misc.Unsafe.park(Native Method)
        at java.util.concurrent.locks.LockSupport.parkNanos(LockSupport.java:215)
        at java.util.concurrent.locks.AbstractQueuedSynchronizer$ConditionObject.awaitNanos(AbstractQueuedSynchronizer.java:2078)
        at java.util.concurrent.ScheduledThreadPoolExecutor$DelayedWorkQueue.take(ScheduledThreadPoolExecutor.java:1093)
        at java.util.concurrent.ScheduledThreadPoolExecutor$DelayedWorkQueue.take(ScheduledThreadPoolExecutor.java:809)
        at java.util.concurrent.ThreadPoolExecutor.getTask(ThreadPoolExecutor.java:1074)
        at java.util.concurrent.ThreadPoolExecutor.runWorker(ThreadPoolExecutor.java:1134)
        at java.util.concurrent.ThreadPoolExecutor$Worker.run(ThreadPoolExecutor.java:624)
        at java.lang.Thread.run(Thread.java:748)
"PartialTableCache Cleanup Thread - 0" daemon prio=5 tid=3275 in Object.wait()
java.lang.Thread.State: WAITING (on object monitor)
        at sun.misc.Unsafe.park(Native Method)
        at java.util.concurrent.locks.LockSupport.park(LockSupport.java:175)
        at java.util.concurrent.locks.AbstractQueuedSynchronizer$ConditionObject.await(AbstractQueuedSynchronizer.java:2039)
        at java.util.concurrent.LinkedBlockingQueue.take(LinkedBlockingQueue.java:442)
        at java.util.concurrent.ThreadPoolExecutor.getTask(ThreadPoolExecutor.java:1074)
        at java.util.concurrent.ThreadPoolExecutor.runWorker(ThreadPoolExecutor.java:1134)
        at java.util.concurrent.ThreadPoolExecutor$Worker.run(ThreadPoolExecutor.java:624)
        at java.lang.Thread.run(Thread.java:748)
"PartialTableCache Cleanup Thread - 0" daemon prio=5 tid=2722 in Object.wait()
java.lang.Thread.State: WAITING (on object monitor)
        at sun.misc.Unsafe.park(Native Method)
        at java.util.concurrent.locks.LockSupport.park(LockSupport.java:175)
        at java.util.concurrent.locks.AbstractQueuedSynchronizer$ConditionObject.await(AbstractQueuedSynchronizer.java:2039)
        at java.util.concurrent.LinkedBlockingQueue.take(LinkedBlockingQueue.java:442)
        at java.util.concurrent.ThreadPoolExecutor.getTask(ThreadPoolExecutor.java:1074)
        at java.util.concurrent.ThreadPoolExecutor.runWorker(ThreadPoolExecutor.java:1134)
        at java.util.concurrent.ThreadPoolExecutor$Worker.run(ThreadPoolExecutor.java:624)
        at java.lang.Thread.run(Thread.java:748)
"5f570ae4-9456-445c-93e3-9355377d8e07@group-304D1CDEA4AC-StateMachineUpdater" daemon prio=5 tid=5797 in Object.wait()
java.lang.Thread.State: WAITING (on object monitor)
        at java.lang.Object.wait(Native Method)
        at java.lang.Object.wait(Object.java:502)
        at org.apache.ratis.server.impl.StateMachineUpdater.waitForCommit(StateMachineUpdater.java:200)
        at org.apache.ratis.server.impl.StateMachineUpdater.run(StateMachineUpdater.java:165)
        at java.lang.Thread.run(Thread.java:748)
"PartialTableCache Cleanup Thread - 0" daemon prio=5 tid=1696 in Object.wait()
java.lang.Thread.State: WAITING (on object monitor)
        at sun.misc.Unsafe.park(Native Method)
        at java.util.concurrent.locks.LockSupport.park(LockSupport.java:175)
        at java.util.concurrent.locks.AbstractQueuedSynchronizer$ConditionObject.await(AbstractQueuedSynchronizer.java:2039)
        at java.util.concurrent.LinkedBlockingQueue.take(LinkedBlockingQueue.java:442)
        at java.util.concurrent.ThreadPoolExecutor.getTask(ThreadPoolExecutor.java:1074)
        at java.util.concurrent.ThreadPoolExecutor.runWorker(ThreadPoolExecutor.java:1134)
        at java.util.concurrent.ThreadPoolExecutor$Worker.run(ThreadPoolExecutor.java:624)
        at java.lang.Thread.run(Thread.java:748)
"pool-1082-thread-1"  prio=5 tid=5522 in Object.wait()
java.lang.Thread.State: WAITING (on object monitor)
        at sun.misc.Unsafe.park(Native Method)
        at java.util.concurrent.locks.LockSupport.park(LockSupport.java:175)
        at java.util.concurrent.locks.AbstractQueuedSynchronizer$ConditionObject.await(AbstractQueuedSynchronizer.java:2039)
        at java.util.concurrent.LinkedBlockingQueue.take(LinkedBlockingQueue.java:442)
        at java.util.concurrent.ThreadPoolExecutor.getTask(ThreadPoolExecutor.java:1074)
        at java.util.concurrent.ThreadPoolExecutor.runWorker(ThreadPoolExecutor.java:1134)
        at java.util.concurrent.ThreadPoolExecutor$Worker.run(ThreadPoolExecutor.java:624)
        at java.lang.Thread.run(Thread.java:748)
"IPC Server listener on 11866" daemon prio=5 tid=6624 runnable
java.lang.Thread.State: RUNNABLE
        at sun.nio.ch.EPollArrayWrapper.epollWait(Native Method)
        at sun.nio.ch.EPollArrayWrapper.poll(EPollArrayWrapper.java:269)
        at sun.nio.ch.EPollSelectorImpl.doSelect(EPollSelectorImpl.java:93)
        at sun.nio.ch.SelectorImpl.lockAndDoSelect(SelectorImpl.java:86)
        at sun.nio.ch.SelectorImpl.select(SelectorImpl.java:97)
        at sun.nio.ch.SelectorImpl.select(SelectorImpl.java:101)
        at org.apache.hadoop.ipc.Server$Listener.run(Server.java:1304)
"PartialTableCache Cleanup Thread - 0" daemon prio=5 tid=4237 in Object.wait()
java.lang.Thread.State: WAITING (on object monitor)
        at sun.misc.Unsafe.park(Native Method)
        at java.util.concurrent.locks.LockSupport.park(LockSupport.java:175)
        at java.util.concurrent.locks.AbstractQueuedSynchronizer$ConditionObject.await(AbstractQueuedSynchronizer.java:2039)
        at java.util.concurrent.LinkedBlockingQueue.take(LinkedBlockingQueue.java:442)
        at java.util.concurrent.ThreadPoolExecutor.getTask(ThreadPoolExecutor.java:1074)
        at java.util.concurrent.ThreadPoolExecutor.runWorker(ThreadPoolExecutor.java:1134)
        at java.util.concurrent.ThreadPoolExecutor$Worker.run(ThreadPoolExecutor.java:624)
        at java.lang.Thread.run(Thread.java:748)
"qtp880433415-5712" daemon prio=5 tid=5712 timed_waiting
java.lang.Thread.State: TIMED_WAITING
        at sun.misc.Unsafe.park(Native Method)
        at java.util.concurrent.locks.LockSupport.parkNanos(LockSupport.java:215)
        at java.util.concurrent.locks.AbstractQueuedSynchronizer$ConditionObject.awaitNanos(AbstractQueuedSynchronizer.java:2078)
        at org.eclipse.jetty.util.BlockingArrayQueue.poll(BlockingArrayQueue.java:382)
        at org.eclipse.jetty.util.thread.QueuedThreadPool$Runner.idleJobPoll(QueuedThreadPool.java:875)
        at org.eclipse.jetty.util.thread.QueuedThreadPool$Runner.run(QueuedThreadPool.java:925)
        at java.lang.Thread.run(Thread.java:748)
"IPC Server handler 15 on default port 11860" daemon prio=5 tid=5550 timed_waiting
java.lang.Thread.State: TIMED_WAITING
        at sun.misc.Unsafe.park(Native Method)
        at java.util.concurrent.locks.LockSupport.parkNanos(LockSupport.java:215)
        at java.util.concurrent.locks.AbstractQueuedSynchronizer$ConditionObject.awaitNanos(AbstractQueuedSynchronizer.java:2078)
        at java.util.concurrent.LinkedBlockingQueue.poll(LinkedBlockingQueue.java:467)
        at org.apache.hadoop.ipc.CallQueueManager.take(CallQueueManager.java:295)
        at org.apache.hadoop.ipc.Server$Handler.run(Server.java:2881)
"qtp187225922-5511" daemon prio=5 tid=5511 timed_waiting
java.lang.Thread.State: TIMED_WAITING
        at sun.misc.Unsafe.park(Native Method)
        at java.util.concurrent.locks.LockSupport.parkNanos(LockSupport.java:215)
        at java.util.concurrent.locks.AbstractQueuedSynchronizer$ConditionObject.awaitNanos(AbstractQueuedSynchronizer.java:2078)
        at org.eclipse.jetty.util.BlockingArrayQueue.poll(BlockingArrayQueue.java:382)
        at org.eclipse.jetty.util.thread.QueuedThreadPool$Runner.idleJobPoll(QueuedThreadPool.java:875)
        at org.eclipse.jetty.util.thread.QueuedThreadPool$Runner.run(QueuedThreadPool.java:925)
        at java.lang.Thread.run(Thread.java:748)
"qtp1336084858-5558" daemon prio=5 tid=5558 timed_waiting
java.lang.Thread.State: TIMED_WAITING
        at sun.misc.Unsafe.park(Native Method)
        at java.util.concurrent.locks.LockSupport.parkNanos(LockSupport.java:215)
        at java.util.concurrent.locks.AbstractQueuedSynchronizer$ConditionObject.awaitNanos(AbstractQueuedSynchronizer.java:2078)
        at org.eclipse.jetty.util.BlockingArrayQueue.poll(BlockingArrayQueue.java:382)
        at org.eclipse.jetty.util.thread.QueuedThreadPool$Runner.idleJobPoll(QueuedThreadPool.java:875)
        at org.eclipse.jetty.util.thread.QueuedThreadPool$Runner.run(QueuedThreadPool.java:925)
        at java.lang.Thread.run(Thread.java:748)
"IPC Server idle connection scanner for port 11866" daemon prio=5 tid=6626 timed_waiting
java.lang.Thread.State: TIMED_WAITING
        at java.lang.Object.wait(Native Method)
        at java.util.TimerThread.mainLoop(Timer.java:552)
        at java.util.TimerThread.run(Timer.java:505)
"PartialTableCache Cleanup Thread - 0" daemon prio=5 tid=992 in Object.wait()
java.lang.Thread.State: WAITING (on object monitor)
        at sun.misc.Unsafe.park(Native Method)
        at java.util.concurrent.locks.LockSupport.park(LockSupport.java:175)
        at java.util.concurrent.locks.AbstractQueuedSynchronizer$ConditionObject.await(AbstractQueuedSynchronizer.java:2039)
        at java.util.concurrent.LinkedBlockingQueue.take(LinkedBlockingQueue.java:442)
        at java.util.concurrent.ThreadPoolExecutor.getTask(ThreadPoolExecutor.java:1074)
        at java.util.concurrent.ThreadPoolExecutor.runWorker(ThreadPoolExecutor.java:1134)
        at java.util.concurrent.ThreadPoolExecutor$Worker.run(ThreadPoolExecutor.java:624)
        at java.lang.Thread.run(Thread.java:748)
"IPC Server handler 12 on default port 41453" daemon prio=5 tid=5500 timed_waiting
java.lang.Thread.State: TIMED_WAITING
        at sun.misc.Unsafe.park(Native Method)
        at java.util.concurrent.locks.LockSupport.parkNanos(LockSupport.java:215)
        at java.util.concurrent.locks.AbstractQueuedSynchronizer$ConditionObject.awaitNanos(AbstractQueuedSynchronizer.java:2078)
        at java.util.concurrent.LinkedBlockingQueue.poll(LinkedBlockingQueue.java:467)
        at org.apache.hadoop.ipc.CallQueueManager.take(CallQueueManager.java:295)
        at org.apache.hadoop.ipc.Server$Handler.run(Server.java:2881)
"IPC Server handler 3 on default port 11866" daemon prio=5 tid=6631 timed_waiting
java.lang.Thread.State: TIMED_WAITING
        at sun.misc.Unsafe.park(Native Method)
        at java.util.concurrent.locks.LockSupport.parkNanos(LockSupport.java:215)
        at java.util.concurrent.locks.AbstractQueuedSynchronizer$ConditionObject.awaitNanos(AbstractQueuedSynchronizer.java:2078)
        at java.util.concurrent.LinkedBlockingQueue.poll(LinkedBlockingQueue.java:467)
        at org.apache.hadoop.ipc.CallQueueManager.take(CallQueueManager.java:295)
        at org.apache.hadoop.ipc.Server$Handler.run(Server.java:2881)
"ChunkWriter-1-0" daemon prio=5 tid=5749 in Object.wait()
java.lang.Thread.State: WAITING (on object monitor)
        at sun.misc.Unsafe.park(Native Method)
        at java.util.concurrent.locks.LockSupport.park(LockSupport.java:175)
        at java.util.concurrent.locks.AbstractQueuedSynchronizer$ConditionObject.await(AbstractQueuedSynchronizer.java:2039)
        at java.util.concurrent.LinkedBlockingDeque.takeFirst(LinkedBlockingDeque.java:492)
        at java.util.concurrent.LinkedBlockingDeque.take(LinkedBlockingDeque.java:680)
        at java.util.concurrent.ThreadPoolExecutor.getTask(ThreadPoolExecutor.java:1074)
        at java.util.concurrent.ThreadPoolExecutor.runWorker(ThreadPoolExecutor.java:1134)
        at java.util.concurrent.ThreadPoolExecutor$Worker.run(ThreadPoolExecutor.java:624)
        at java.lang.Thread.run(Thread.java:748)
"qtp1336084858-5563" daemon prio=5 tid=5563 timed_waiting
java.lang.Thread.State: TIMED_WAITING
        at sun.misc.Unsafe.park(Native Method)
        at java.util.concurrent.locks.LockSupport.parkNanos(LockSupport.java:215)
        at java.util.concurrent.locks.AbstractQueuedSynchronizer$ConditionObject.awaitNanos(AbstractQueuedSynchronizer.java:2078)
        at org.eclipse.jetty.util.BlockingArrayQueue.poll(BlockingArrayQueue.java:382)
        at org.eclipse.jetty.util.thread.QueuedThreadPool$Runner.idleJobPoll(QueuedThreadPool.java:875)
        at org.eclipse.jetty.util.thread.QueuedThreadPool$Runner.run(QueuedThreadPool.java:925)
        at java.lang.Thread.run(Thread.java:748)
"qtp1650455680-5687" daemon prio=5 tid=5687 timed_waiting
java.lang.Thread.State: TIMED_WAITING
        at sun.misc.Unsafe.park(Native Method)
        at java.util.concurrent.locks.LockSupport.parkNanos(LockSupport.java:215)
        at java.util.concurrent.locks.AbstractQueuedSynchronizer$ConditionObject.awaitNanos(AbstractQueuedSynchronizer.java:2078)
        at org.eclipse.jetty.util.BlockingArrayQueue.poll(BlockingArrayQueue.java:382)
        at org.eclipse.jetty.util.thread.QueuedThreadPool$Runner.idleJobPoll(QueuedThreadPool.java:875)
        at org.eclipse.jetty.util.thread.QueuedThreadPool$Runner.run(QueuedThreadPool.java:925)
        at java.lang.Thread.run(Thread.java:748)
"IPC Server handler 14 on default port 11866" daemon prio=5 tid=6642 timed_waiting
java.lang.Thread.State: TIMED_WAITING
        at sun.misc.Unsafe.park(Native Method)
        at java.util.concurrent.locks.LockSupport.parkNanos(LockSupport.java:215)
        at java.util.concurrent.locks.AbstractQueuedSynchronizer$ConditionObject.awaitNanos(AbstractQueuedSynchronizer.java:2078)
        at java.util.concurrent.LinkedBlockingQueue.poll(LinkedBlockingQueue.java:467)
        at org.apache.hadoop.ipc.CallQueueManager.take(CallQueueManager.java:295)
        at org.apache.hadoop.ipc.Server$Handler.run(Server.java:2881)
"qtp1622107655-5666" daemon prio=5 tid=5666 timed_waiting
java.lang.Thread.State: TIMED_WAITING
        at sun.misc.Unsafe.park(Native Method)
        at java.util.concurrent.locks.LockSupport.parkNanos(LockSupport.java:215)
        at java.util.concurrent.locks.AbstractQueuedSynchronizer$ConditionObject.awaitNanos(AbstractQueuedSynchronizer.java:2078)
        at org.eclipse.jetty.util.BlockingArrayQueue.poll(BlockingArrayQueue.java:382)
        at org.eclipse.jetty.util.thread.QueuedThreadPool$Runner.idleJobPoll(QueuedThreadPool.java:875)
        at org.eclipse.jetty.util.thread.QueuedThreadPool$Runner.run(QueuedThreadPool.java:925)
        at java.lang.Thread.run(Thread.java:748)
"IPC Server handler 15 on default port 11866" daemon prio=5 tid=6643 timed_waiting
java.lang.Thread.State: TIMED_WAITING
        at sun.misc.Unsafe.park(Native Method)
        at java.util.concurrent.locks.LockSupport.parkNanos(LockSupport.java:215)
        at java.util.concurrent.locks.AbstractQueuedSynchronizer$ConditionObject.awaitNanos(AbstractQueuedSynchronizer.java:2078)
        at java.util.concurrent.LinkedBlockingQueue.poll(LinkedBlockingQueue.java:467)
        at org.apache.hadoop.ipc.CallQueueManager.take(CallQueueManager.java:295)
        at org.apache.hadoop.ipc.Server$Handler.run(Server.java:2881)
"qtp1903785634-5649" daemon prio=5 tid=5649 timed_waiting
java.lang.Thread.State: TIMED_WAITING
        at sun.misc.Unsafe.park(Native Method)
        at java.util.concurrent.locks.LockSupport.parkNanos(LockSupport.java:215)
        at java.util.concurrent.locks.AbstractQueuedSynchronizer$ConditionObject.awaitNanos(AbstractQueuedSynchronizer.java:2078)
        at org.eclipse.jetty.util.BlockingArrayQueue.poll(BlockingArrayQueue.java:382)
        at org.eclipse.jetty.util.thread.QueuedThreadPool$Runner.idleJobPoll(QueuedThreadPool.java:875)
        at org.eclipse.jetty.util.thread.QueuedThreadPool$Runner.run(QueuedThreadPool.java:925)
        at java.lang.Thread.run(Thread.java:748)
"pool-997-thread-1"  prio=5 tid=5060 timed_waiting
java.lang.Thread.State: TIMED_WAITING
        at sun.misc.Unsafe.park(Native Method)
        at java.util.concurrent.locks.LockSupport.parkNanos(LockSupport.java:215)
        at java.util.concurrent.locks.AbstractQueuedSynchronizer$ConditionObject.awaitNanos(AbstractQueuedSynchronizer.java:2078)
        at java.util.concurrent.ScheduledThreadPoolExecutor$DelayedWorkQueue.take(ScheduledThreadPoolExecutor.java:1093)
        at java.util.concurrent.ScheduledThreadPoolExecutor$DelayedWorkQueue.take(ScheduledThreadPoolExecutor.java:809)
        at java.util.concurrent.ThreadPoolExecutor.getTask(ThreadPoolExecutor.java:1074)
        at java.util.concurrent.ThreadPoolExecutor.runWorker(ThreadPoolExecutor.java:1134)
        at java.util.concurrent.ThreadPoolExecutor$Worker.run(ThreadPoolExecutor.java:624)
        at java.lang.Thread.run(Thread.java:748)
"IPC Server handler 11 on default port 11860" daemon prio=5 tid=5546 timed_waiting
java.lang.Thread.State: TIMED_WAITING
        at sun.misc.Unsafe.park(Native Method)
        at java.util.concurrent.locks.LockSupport.parkNanos(LockSupport.java:215)
        at java.util.concurrent.locks.AbstractQueuedSynchronizer$ConditionObject.awaitNanos(AbstractQueuedSynchronizer.java:2078)
        at java.util.concurrent.LinkedBlockingQueue.poll(LinkedBlockingQueue.java:467)
        at org.apache.hadoop.ipc.CallQueueManager.take(CallQueueManager.java:295)
        at org.apache.hadoop.ipc.Server$Handler.run(Server.java:2881)
"PartialTableCache Cleanup Thread - 0" daemon prio=5 tid=3771 in Object.wait()
java.lang.Thread.State: WAITING (on object monitor)
        at sun.misc.Unsafe.park(Native Method)
        at java.util.concurrent.locks.LockSupport.park(LockSupport.java:175)
        at java.util.concurrent.locks.AbstractQueuedSynchronizer$ConditionObject.await(AbstractQueuedSynchronizer.java:2039)
        at java.util.concurrent.LinkedBlockingQueue.take(LinkedBlockingQueue.java:442)
        at java.util.concurrent.ThreadPoolExecutor.getTask(ThreadPoolExecutor.java:1074)
        at java.util.concurrent.ThreadPoolExecutor.runWorker(ThreadPoolExecutor.java:1134)
        at java.util.concurrent.ThreadPoolExecutor$Worker.run(ThreadPoolExecutor.java:624)
        at java.lang.Thread.run(Thread.java:748)
"ChunkWriter-1-0" daemon prio=5 tid=5755 in Object.wait()
java.lang.Thread.State: WAITING (on object monitor)
        at sun.misc.Unsafe.park(Native Method)
        at java.util.concurrent.locks.LockSupport.park(LockSupport.java:175)
        at java.util.concurrent.locks.AbstractQueuedSynchronizer$ConditionObject.await(AbstractQueuedSynchronizer.java:2039)
        at java.util.concurrent.LinkedBlockingDeque.takeFirst(LinkedBlockingDeque.java:492)
        at java.util.concurrent.LinkedBlockingDeque.take(LinkedBlockingDeque.java:680)
        at java.util.concurrent.ThreadPoolExecutor.getTask(ThreadPoolExecutor.java:1074)
        at java.util.concurrent.ThreadPoolExecutor.runWorker(ThreadPoolExecutor.java:1134)
        at java.util.concurrent.ThreadPoolExecutor$Worker.run(ThreadPoolExecutor.java:624)
        at java.lang.Thread.run(Thread.java:748)
"PartialTableCache Cleanup Thread - 0" daemon prio=5 tid=2247 in Object.wait()
java.lang.Thread.State: WAITING (on object monitor)
        at sun.misc.Unsafe.park(Native Method)
        at java.util.concurrent.locks.LockSupport.park(LockSupport.java:175)
        at java.util.concurrent.locks.AbstractQueuedSynchronizer$ConditionObject.await(AbstractQueuedSynchronizer.java:2039)
        at java.util.concurrent.LinkedBlockingQueue.take(LinkedBlockingQueue.java:442)
        at java.util.concurrent.ThreadPoolExecutor.getTask(ThreadPoolExecutor.java:1074)
        at java.util.concurrent.ThreadPoolExecutor.runWorker(ThreadPoolExecutor.java:1134)
        at java.util.concurrent.ThreadPoolExecutor$Worker.run(ThreadPoolExecutor.java:624)
        at java.lang.Thread.run(Thread.java:748)
"pool-1119-thread-1" daemon prio=5 tid=5659 timed_waiting
java.lang.Thread.State: TIMED_WAITING
        at sun.misc.Unsafe.park(Native Method)
        at java.util.concurrent.locks.LockSupport.parkNanos(LockSupport.java:215)
        at java.util.concurrent.locks.AbstractQueuedSynchronizer$ConditionObject.awaitNanos(AbstractQueuedSynchronizer.java:2078)
        at java.util.concurrent.ScheduledThreadPoolExecutor$DelayedWorkQueue.take(ScheduledThreadPoolExecutor.java:1093)
        at java.util.concurrent.ScheduledThreadPoolExecutor$DelayedWorkQueue.take(ScheduledThreadPoolExecutor.java:809)
        at java.util.concurrent.ThreadPoolExecutor.getTask(ThreadPoolExecutor.java:1074)
        at java.util.concurrent.ThreadPoolExecutor.runWorker(ThreadPoolExecutor.java:1134)
        at java.util.concurrent.ThreadPoolExecutor$Worker.run(ThreadPoolExecutor.java:624)
        at java.lang.Thread.run(Thread.java:748)
"qtp675242275-6656" daemon prio=5 tid=6656 timed_waiting
java.lang.Thread.State: TIMED_WAITING
        at sun.misc.Unsafe.park(Native Method)
        at java.util.concurrent.locks.LockSupport.parkNanos(LockSupport.java:215)
        at java.util.concurrent.locks.AbstractQueuedSynchronizer$ConditionObject.awaitNanos(AbstractQueuedSynchronizer.java:2078)
        at org.eclipse.jetty.util.BlockingArrayQueue.poll(BlockingArrayQueue.java:382)
        at org.eclipse.jetty.util.thread.QueuedThreadPool$Runner.idleJobPoll(QueuedThreadPool.java:875)
        at org.eclipse.jetty.util.thread.QueuedThreadPool$Runner.run(QueuedThreadPool.java:925)
        at java.lang.Thread.run(Thread.java:748)
"IPC Server handler 6 on default port 11860" daemon prio=5 tid=5541 timed_waiting
java.lang.Thread.State: TIMED_WAITING
        at sun.misc.Unsafe.park(Native Method)
        at java.util.concurrent.locks.LockSupport.parkNanos(LockSupport.java:215)
        at java.util.concurrent.locks.AbstractQueuedSynchronizer$ConditionObject.awaitNanos(AbstractQueuedSynchronizer.java:2078)
        at java.util.concurrent.LinkedBlockingQueue.poll(LinkedBlockingQueue.java:467)
        at org.apache.hadoop.ipc.CallQueueManager.take(CallQueueManager.java:295)
        at org.apache.hadoop.ipc.Server$Handler.run(Server.java:2881)
"PartialTableCache Cleanup Thread - 0" daemon prio=5 tid=4805 in Object.wait()
java.lang.Thread.State: WAITING (on object monitor)
        at sun.misc.Unsafe.park(Native Method)
        at java.util.concurrent.locks.LockSupport.park(LockSupport.java:175)
        at java.util.concurrent.locks.AbstractQueuedSynchronizer$ConditionObject.await(AbstractQueuedSynchronizer.java:2039)
        at java.util.concurrent.LinkedBlockingQueue.take(LinkedBlockingQueue.java:442)
        at java.util.concurrent.ThreadPoolExecutor.getTask(ThreadPoolExecutor.java:1074)
        at java.util.concurrent.ThreadPoolExecutor.runWorker(ThreadPoolExecutor.java:1134)
        at java.util.concurrent.ThreadPoolExecutor$Worker.run(ThreadPoolExecutor.java:624)
        at java.lang.Thread.run(Thread.java:748)
"IPC Server handler 18 on default port 41453" daemon prio=5 tid=5506 timed_waiting
java.lang.Thread.State: TIMED_WAITING
        at sun.misc.Unsafe.park(Native Method)
        at java.util.concurrent.locks.LockSupport.parkNanos(LockSupport.java:215)
        at java.util.concurrent.locks.AbstractQueuedSynchronizer$ConditionObject.awaitNanos(AbstractQueuedSynchronizer.java:2078)
        at java.util.concurrent.LinkedBlockingQueue.poll(LinkedBlockingQueue.java:467)
        at org.apache.hadoop.ipc.CallQueueManager.take(CallQueueManager.java:295)
        at org.apache.hadoop.ipc.Server$Handler.run(Server.java:2881)
"PartialTableCache Cleanup Thread - 0" daemon prio=5 tid=1679 in Object.wait()
java.lang.Thread.State: WAITING (on object monitor)
        at sun.misc.Unsafe.park(Native Method)
        at java.util.concurrent.locks.LockSupport.park(LockSupport.java:175)
        at java.util.concurrent.locks.AbstractQueuedSynchronizer$ConditionObject.await(AbstractQueuedSynchronizer.java:2039)
        at java.util.concurrent.LinkedBlockingQueue.take(LinkedBlockingQueue.java:442)
        at java.util.concurrent.ThreadPoolExecutor.getTask(ThreadPoolExecutor.java:1074)
        at java.util.concurrent.ThreadPoolExecutor.runWorker(ThreadPoolExecutor.java:1134)
        at java.util.concurrent.ThreadPoolExecutor$Worker.run(ThreadPoolExecutor.java:624)
        at java.lang.Thread.run(Thread.java:748)
"KeyDeletingService#0" daemon prio=5 tid=5622 timed_waiting
java.lang.Thread.State: TIMED_WAITING
        at sun.misc.Unsafe.park(Native Method)
        at java.util.concurrent.locks.LockSupport.parkNanos(LockSupport.java:215)
        at java.util.concurrent.locks.AbstractQueuedSynchronizer$ConditionObject.awaitNanos(AbstractQueuedSynchronizer.java:2078)
        at java.util.concurrent.ScheduledThreadPoolExecutor$DelayedWorkQueue.take(ScheduledThreadPoolExecutor.java:1093)
        at java.util.concurrent.ScheduledThreadPoolExecutor$DelayedWorkQueue.take(ScheduledThreadPoolExecutor.java:809)
        at java.util.concurrent.ThreadPoolExecutor.getTask(ThreadPoolExecutor.java:1074)
        at java.util.concurrent.ThreadPoolExecutor.runWorker(ThreadPoolExecutor.java:1134)
        at java.util.concurrent.ThreadPoolExecutor$Worker.run(ThreadPoolExecutor.java:624)
        at java.lang.Thread.run(Thread.java:748)
"pool-162-thread-1"  prio=5 tid=723 timed_waiting
java.lang.Thread.State: TIMED_WAITING
        at sun.misc.Unsafe.park(Native Method)
        at java.util.concurrent.locks.LockSupport.parkNanos(LockSupport.java:215)
        at java.util.concurrent.locks.AbstractQueuedSynchronizer$ConditionObject.awaitNanos(AbstractQueuedSynchronizer.java:2078)
        at java.util.concurrent.ScheduledThreadPoolExecutor$DelayedWorkQueue.take(ScheduledThreadPoolExecutor.java:1093)
        at java.util.concurrent.ScheduledThreadPoolExecutor$DelayedWorkQueue.take(ScheduledThreadPoolExecutor.java:809)
        at java.util.concurrent.ThreadPoolExecutor.getTask(ThreadPoolExecutor.java:1074)
        at java.util.concurrent.ThreadPoolExecutor.runWorker(ThreadPoolExecutor.java:1134)
        at java.util.concurrent.ThreadPoolExecutor$Worker.run(ThreadPoolExecutor.java:624)
        at java.lang.Thread.run(Thread.java:748)
"org.apache.hadoop.util.JvmPauseMonitor$Monitor@5af250f9" daemon prio=5 tid=5655 timed_waiting
java.lang.Thread.State: TIMED_WAITING
        at java.lang.Thread.sleep(Native Method)
        at org.apache.hadoop.util.JvmPauseMonitor$Monitor.run(JvmPauseMonitor.java:192)
        at java.lang.Thread.run(Thread.java:748)
"IPC Server handler 4 on default port 45819" daemon prio=5 tid=5472 timed_waiting
java.lang.Thread.State: TIMED_WAITING
        at sun.misc.Unsafe.park(Native Method)
        at java.util.concurrent.locks.LockSupport.parkNanos(LockSupport.java:215)
        at java.util.concurrent.locks.AbstractQueuedSynchronizer$ConditionObject.awaitNanos(AbstractQueuedSynchronizer.java:2078)
        at java.util.concurrent.LinkedBlockingQueue.poll(LinkedBlockingQueue.java:467)
        at org.apache.hadoop.ipc.CallQueueManager.take(CallQueueManager.java:295)
        at org.apache.hadoop.ipc.Server$Handler.run(Server.java:2881)
"BlockDeletingService#3" daemon prio=5 tid=7265 in Object.wait()
java.lang.Thread.State: WAITING (on object monitor)
        at sun.misc.Unsafe.park(Native Method)
        at java.util.concurrent.locks.LockSupport.park(LockSupport.java:175)
        at java.util.concurrent.locks.AbstractQueuedSynchronizer$ConditionObject.await(AbstractQueuedSynchronizer.java:2039)
        at java.util.concurrent.ScheduledThreadPoolExecutor$DelayedWorkQueue.take(ScheduledThreadPoolExecutor.java:1088)
        at java.util.concurrent.ScheduledThreadPoolExecutor$DelayedWorkQueue.take(ScheduledThreadPoolExecutor.java:809)
        at java.util.concurrent.ThreadPoolExecutor.getTask(ThreadPoolExecutor.java:1074)
        at java.util.concurrent.ThreadPoolExecutor.runWorker(ThreadPoolExecutor.java:1134)
        at java.util.concurrent.ThreadPoolExecutor$Worker.run(ThreadPoolExecutor.java:624)
        at java.lang.Thread.run(Thread.java:748)
"pool-803-thread-1"  prio=5 tid=3979 timed_waiting
java.lang.Thread.State: TIMED_WAITING
        at sun.misc.Unsafe.park(Native Method)
        at java.util.concurrent.locks.LockSupport.parkNanos(LockSupport.java:215)
        at java.util.concurrent.locks.AbstractQueuedSynchronizer$ConditionObject.awaitNanos(AbstractQueuedSynchronizer.java:2078)
        at java.util.concurrent.ScheduledThreadPoolExecutor$DelayedWorkQueue.take(ScheduledThreadPoolExecutor.java:1093)
        at java.util.concurrent.ScheduledThreadPoolExecutor$DelayedWorkQueue.take(ScheduledThreadPoolExecutor.java:809)
        at java.util.concurrent.ThreadPoolExecutor.getTask(ThreadPoolExecutor.java:1074)
        at java.util.concurrent.ThreadPoolExecutor.runWorker(ThreadPoolExecutor.java:1134)
        at java.util.concurrent.ThreadPoolExecutor$Worker.run(ThreadPoolExecutor.java:624)
        at java.lang.Thread.run(Thread.java:748)
"IPC Server handler 13 on default port 11860" daemon prio=5 tid=5548 timed_waiting
java.lang.Thread.State: TIMED_WAITING
        at sun.misc.Unsafe.park(Native Method)
        at java.util.concurrent.locks.LockSupport.parkNanos(LockSupport.java:215)
        at java.util.concurrent.locks.AbstractQueuedSynchronizer$ConditionObject.awaitNanos(AbstractQueuedSynchronizer.java:2078)
        at java.util.concurrent.LinkedBlockingQueue.poll(LinkedBlockingQueue.java:467)
        at org.apache.hadoop.ipc.CallQueueManager.take(CallQueueManager.java:295)
        at org.apache.hadoop.ipc.Server$Handler.run(Server.java:2881)
"qtp675242275-6653" daemon prio=5 tid=6653 timed_waiting
java.lang.Thread.State: TIMED_WAITING
        at sun.misc.Unsafe.park(Native Method)
        at java.util.concurrent.locks.LockSupport.parkNanos(LockSupport.java:215)
        at java.util.concurrent.locks.AbstractQueuedSynchronizer$ConditionObject.awaitNanos(AbstractQueuedSynchronizer.java:2078)
        at org.eclipse.jetty.util.BlockingArrayQueue.poll(BlockingArrayQueue.java:382)
        at org.eclipse.jetty.util.thread.QueuedThreadPool$Runner.idleJobPoll(QueuedThreadPool.java:875)
        at org.eclipse.jetty.util.thread.QueuedThreadPool$Runner.run(QueuedThreadPool.java:925)
        at java.lang.Thread.run(Thread.java:748)
"IPC Server handler 13 on default port 45819" daemon prio=5 tid=5481 timed_waiting
java.lang.Thread.State: TIMED_WAITING
        at sun.misc.Unsafe.park(Native Method)
        at java.util.concurrent.locks.LockSupport.parkNanos(LockSupport.java:215)
        at java.util.concurrent.locks.AbstractQueuedSynchronizer$ConditionObject.awaitNanos(AbstractQueuedSynchronizer.java:2078)
        at java.util.concurrent.LinkedBlockingQueue.poll(LinkedBlockingQueue.java:467)
        at org.apache.hadoop.ipc.CallQueueManager.take(CallQueueManager.java:295)
        at org.apache.hadoop.ipc.Server$Handler.run(Server.java:2881)
"pool-771-thread-1"  prio=5 tid=3889 timed_waiting
java.lang.Thread.State: TIMED_WAITING
        at sun.misc.Unsafe.park(Native Method)
        at java.util.concurrent.locks.LockSupport.parkNanos(LockSupport.java:215)
        at java.util.concurrent.locks.AbstractQueuedSynchronizer$ConditionObject.awaitNanos(AbstractQueuedSynchronizer.java:2078)
        at java.util.concurrent.ScheduledThreadPoolExecutor$DelayedWorkQueue.take(ScheduledThreadPoolExecutor.java:1093)
        at java.util.concurrent.ScheduledThreadPoolExecutor$DelayedWorkQueue.take(ScheduledThreadPoolExecutor.java:809)
        at java.util.concurrent.ThreadPoolExecutor.getTask(ThreadPoolExecutor.java:1074)
        at java.util.concurrent.ThreadPoolExecutor.runWorker(ThreadPoolExecutor.java:1134)
        at java.util.concurrent.ThreadPoolExecutor$Worker.run(ThreadPoolExecutor.java:624)
        at java.lang.Thread.run(Thread.java:748)
"RatisPipelineUtilsThread"  prio=5 tid=5428 timed_waiting
java.lang.Thread.State: TIMED_WAITING
        at sun.misc.Unsafe.park(Native Method)
        at java.util.concurrent.locks.LockSupport.parkNanos(LockSupport.java:215)
        at java.util.concurrent.locks.AbstractQueuedSynchronizer$ConditionObject.awaitNanos(AbstractQueuedSynchronizer.java:2078)
        at java.util.concurrent.ScheduledThreadPoolExecutor$DelayedWorkQueue.take(ScheduledThreadPoolExecutor.java:1093)
        at java.util.concurrent.ScheduledThreadPoolExecutor$DelayedWorkQueue.take(ScheduledThreadPoolExecutor.java:809)
        at java.util.concurrent.ThreadPoolExecutor.getTask(ThreadPoolExecutor.java:1074)
        at java.util.concurrent.ThreadPoolExecutor.runWorker(ThreadPoolExecutor.java:1134)
        at java.util.concurrent.ThreadPoolExecutor$Worker.run(ThreadPoolExecutor.java:624)
        at java.lang.Thread.run(Thread.java:748)
"pool-478-thread-1"  prio=5 tid=2406 timed_waiting
java.lang.Thread.State: TIMED_WAITING
        at sun.misc.Unsafe.park(Native Method)
        at java.util.concurrent.locks.LockSupport.parkNanos(LockSupport.java:215)
        at java.util.concurrent.locks.AbstractQueuedSynchronizer$ConditionObject.awaitNanos(AbstractQueuedSynchronizer.java:2078)
        at java.util.concurrent.ScheduledThreadPoolExecutor$DelayedWorkQueue.take(ScheduledThreadPoolExecutor.java:1093)
        at java.util.concurrent.ScheduledThreadPoolExecutor$DelayedWorkQueue.take(ScheduledThreadPoolExecutor.java:809)
        at java.util.concurrent.ThreadPoolExecutor.getTask(ThreadPoolExecutor.java:1074)
        at java.util.concurrent.ThreadPoolExecutor.runWorker(ThreadPoolExecutor.java:1134)
        at java.util.concurrent.ThreadPoolExecutor$Worker.run(ThreadPoolExecutor.java:624)
        at java.lang.Thread.run(Thread.java:748)
"pool-1310-thread-1"  prio=5 tid=6619 in Object.wait()
java.lang.Thread.State: WAITING (on object monitor)
        at sun.misc.Unsafe.park(Native Method)
        at java.util.concurrent.locks.LockSupport.park(LockSupport.java:175)
        at java.util.concurrent.locks.AbstractQueuedSynchronizer$ConditionObject.await(AbstractQueuedSynchronizer.java:2039)
        at java.util.concurrent.LinkedBlockingQueue.take(LinkedBlockingQueue.java:442)
        at java.util.concurrent.ThreadPoolExecutor.getTask(ThreadPoolExecutor.java:1074)
        at java.util.concurrent.ThreadPoolExecutor.runWorker(ThreadPoolExecutor.java:1134)
        at java.util.concurrent.ThreadPoolExecutor$Worker.run(ThreadPoolExecutor.java:624)
        at java.lang.Thread.run(Thread.java:748)
"40524df2-78a3-4e4e-9ceb-ad6c0599eecc@group-72BF283FA841-StateMachineUpdater" daemon prio=5 tid=5810 in Object.wait()
java.lang.Thread.State: WAITING (on object monitor)
        at java.lang.Object.wait(Native Method)
        at java.lang.Object.wait(Object.java:502)
        at org.apache.ratis.server.impl.StateMachineUpdater.waitForCommit(StateMachineUpdater.java:200)
        at org.apache.ratis.server.impl.StateMachineUpdater.run(StateMachineUpdater.java:165)
        at java.lang.Thread.run(Thread.java:748)
"IPC Server handler 15 on default port 41453" daemon prio=5 tid=5503 timed_waiting
java.lang.Thread.State: TIMED_WAITING
        at sun.misc.Unsafe.park(Native Method)
        at java.util.concurrent.locks.LockSupport.parkNanos(LockSupport.java:215)
        at java.util.concurrent.locks.AbstractQueuedSynchronizer$ConditionObject.awaitNanos(AbstractQueuedSynchronizer.java:2078)
        at java.util.concurrent.LinkedBlockingQueue.poll(LinkedBlockingQueue.java:467)
        at org.apache.hadoop.ipc.CallQueueManager.take(CallQueueManager.java:295)
        at org.apache.hadoop.ipc.Server$Handler.run(Server.java:2881)
"grpc-nio-worker-ELG-3-2" daemon prio=5 tid=320 runnable
java.lang.Thread.State: RUNNABLE
        at sun.nio.ch.EPollArrayWrapper.epollWait(Native Method)
        at sun.nio.ch.EPollArrayWrapper.poll(EPollArrayWrapper.java:269)
        at sun.nio.ch.EPollSelectorImpl.doSelect(EPollSelectorImpl.java:93)
        at sun.nio.ch.SelectorImpl.lockAndDoSelect(SelectorImpl.java:86)
        at sun.nio.ch.SelectorImpl.select(SelectorImpl.java:97)
        at org.apache.ratis.thirdparty.io.netty.channel.nio.SelectedSelectionKeySetSelector.select(SelectedSelectionKeySetSelector.java:62)
        at org.apache.ratis.thirdparty.io.netty.channel.nio.NioEventLoop.select(NioEventLoop.java:807)
        at org.apache.ratis.thirdparty.io.netty.channel.nio.NioEventLoop.run(NioEventLoop.java:457)
        at org.apache.ratis.thirdparty.io.netty.util.concurrent.SingleThreadEventExecutor$4.run(SingleThreadEventExecutor.java:989)
        at org.apache.ratis.thirdparty.io.netty.util.internal.ThreadExecutorMap$2.run(ThreadExecutorMap.java:74)
        at org.apache.ratis.thirdparty.io.netty.util.concurrent.FastThreadLocalRunnable.run(FastThreadLocalRunnable.java:30)
        at java.lang.Thread.run(Thread.java:748)
"omNode-3@group-523986131536-StateMachineUpdater" daemon prio=5 tid=5619 in Object.wait()
java.lang.Thread.State: WAITING (on object monitor)
        at java.lang.Object.wait(Native Method)
        at java.lang.Object.wait(Object.java:502)
        at org.apache.ratis.server.impl.StateMachineUpdater.waitForCommit(StateMachineUpdater.java:200)
        at org.apache.ratis.server.impl.StateMachineUpdater.run(StateMachineUpdater.java:165)
        at java.lang.Thread.run(Thread.java:748)
"IPC Server handler 16 on default port 11866" daemon prio=5 tid=6644 timed_waiting
java.lang.Thread.State: TIMED_WAITING
        at sun.misc.Unsafe.park(Native Method)
        at java.util.concurrent.locks.LockSupport.parkNanos(LockSupport.java:215)
        at java.util.concurrent.locks.AbstractQueuedSynchronizer$ConditionObject.awaitNanos(AbstractQueuedSynchronizer.java:2078)
        at java.util.concurrent.LinkedBlockingQueue.poll(LinkedBlockingQueue.java:467)
        at org.apache.hadoop.ipc.CallQueueManager.take(CallQueueManager.java:295)
        at org.apache.hadoop.ipc.Server$Handler.run(Server.java:2881)
"IPC Server handler 1 on default port 36843" daemon prio=5 tid=5449 timed_waiting
java.lang.Thread.State: TIMED_WAITING
        at sun.misc.Unsafe.park(Native Method)
        at java.util.concurrent.locks.LockSupport.parkNanos(LockSupport.java:215)
        at java.util.concurrent.locks.AbstractQueuedSynchronizer$ConditionObject.awaitNanos(AbstractQueuedSynchronizer.java:2078)
        at java.util.concurrent.LinkedBlockingQueue.poll(LinkedBlockingQueue.java:467)
        at org.apache.hadoop.ipc.CallQueueManager.take(CallQueueManager.java:295)
        at org.apache.hadoop.ipc.Server$Handler.run(Server.java:2881)
"IPC Server handler 14 on default port 41453" daemon prio=5 tid=5502 timed_waiting
java.lang.Thread.State: TIMED_WAITING
        at sun.misc.Unsafe.park(Native Method)
        at java.util.concurrent.locks.LockSupport.parkNanos(LockSupport.java:215)
        at java.util.concurrent.locks.AbstractQueuedSynchronizer$ConditionObject.awaitNanos(AbstractQueuedSynchronizer.java:2078)
        at java.util.concurrent.LinkedBlockingQueue.poll(LinkedBlockingQueue.java:467)
        at org.apache.hadoop.ipc.CallQueueManager.take(CallQueueManager.java:295)
        at org.apache.hadoop.ipc.Server$Handler.run(Server.java:2881)
"PartialTableCache Cleanup Thread - 0" daemon prio=5 tid=4238 in Object.wait()
java.lang.Thread.State: WAITING (on object monitor)
        at sun.misc.Unsafe.park(Native Method)
        at java.util.concurrent.locks.LockSupport.park(LockSupport.java:175)
        at java.util.concurrent.locks.AbstractQueuedSynchronizer$ConditionObject.await(AbstractQueuedSynchronizer.java:2039)
        at java.util.concurrent.LinkedBlockingQueue.take(LinkedBlockingQueue.java:442)
        at java.util.concurrent.ThreadPoolExecutor.getTask(ThreadPoolExecutor.java:1074)
        at java.util.concurrent.ThreadPoolExecutor.runWorker(ThreadPoolExecutor.java:1134)
        at java.util.concurrent.ThreadPoolExecutor$Worker.run(ThreadPoolExecutor.java:624)
        at java.lang.Thread.run(Thread.java:748)
"IPC Server Responder" daemon prio=5 tid=5432 runnable
java.lang.Thread.State: RUNNABLE
        at sun.nio.ch.EPollArrayWrapper.epollWait(Native Method)
        at sun.nio.ch.EPollArrayWrapper.poll(EPollArrayWrapper.java:269)
        at sun.nio.ch.EPollSelectorImpl.doSelect(EPollSelectorImpl.java:93)
        at sun.nio.ch.SelectorImpl.lockAndDoSelect(SelectorImpl.java:86)
        at sun.nio.ch.SelectorImpl.select(SelectorImpl.java:97)
        at org.apache.hadoop.ipc.Server$Responder.doRunLoop(Server.java:1480)
        at org.apache.hadoop.ipc.Server$Responder.run(Server.java:1463)
"PartialTableCache Cleanup Thread - 0" daemon prio=5 tid=2204 in Object.wait()
java.lang.Thread.State: WAITING (on object monitor)
        at sun.misc.Unsafe.park(Native Method)
        at java.util.concurrent.locks.LockSupport.park(LockSupport.java:175)
        at java.util.concurrent.locks.AbstractQueuedSynchronizer$ConditionObject.await(AbstractQueuedSynchronizer.java:2039)
        at java.util.concurrent.LinkedBlockingQueue.take(LinkedBlockingQueue.java:442)
        at java.util.concurrent.ThreadPoolExecutor.getTask(ThreadPoolExecutor.java:1074)
        at java.util.concurrent.ThreadPoolExecutor.runWorker(ThreadPoolExecutor.java:1134)
        at java.util.concurrent.ThreadPoolExecutor$Worker.run(ThreadPoolExecutor.java:624)
        at java.lang.Thread.run(Thread.java:748)
"pool-1156-thread-1"  prio=5 tid=5808 in Object.wait()
java.lang.Thread.State: WAITING (on object monitor)
        at sun.misc.Unsafe.park(Native Method)
        at java.util.concurrent.locks.LockSupport.park(LockSupport.java:175)
        at java.util.concurrent.locks.AbstractQueuedSynchronizer$ConditionObject.await(AbstractQueuedSynchronizer.java:2039)
        at java.util.concurrent.LinkedBlockingQueue.take(LinkedBlockingQueue.java:442)
        at java.util.concurrent.ThreadPoolExecutor.getTask(ThreadPoolExecutor.java:1074)
        at java.util.concurrent.ThreadPoolExecutor.runWorker(ThreadPoolExecutor.java:1134)
        at java.util.concurrent.ThreadPoolExecutor$Worker.run(ThreadPoolExecutor.java:624)
        at java.lang.Thread.run(Thread.java:748)
"IPC Server handler 17 on default port 41453" daemon prio=5 tid=5505 timed_waiting
java.lang.Thread.State: TIMED_WAITING
        at sun.misc.Unsafe.park(Native Method)
        at java.util.concurrent.locks.LockSupport.parkNanos(LockSupport.java:215)
        at java.util.concurrent.locks.AbstractQueuedSynchronizer$ConditionObject.awaitNanos(AbstractQueuedSynchronizer.java:2078)
        at java.util.concurrent.LinkedBlockingQueue.poll(LinkedBlockingQueue.java:467)
        at org.apache.hadoop.ipc.CallQueueManager.take(CallQueueManager.java:295)
        at org.apache.hadoop.ipc.Server$Handler.run(Server.java:2881)
"EventQueue-ContainerReportForContainerReportHandler" daemon prio=5 tid=5771 in Object.wait()
java.lang.Thread.State: WAITING (on object monitor)
        at sun.misc.Unsafe.park(Native Method)
        at java.util.concurrent.locks.LockSupport.park(LockSupport.java:175)
        at java.util.concurrent.locks.AbstractQueuedSynchronizer$ConditionObject.await(AbstractQueuedSynchronizer.java:2039)
        at java.util.concurrent.LinkedBlockingQueue.take(LinkedBlockingQueue.java:442)
        at java.util.concurrent.ThreadPoolExecutor.getTask(ThreadPoolExecutor.java:1074)
        at java.util.concurrent.ThreadPoolExecutor.runWorker(ThreadPoolExecutor.java:1134)
        at java.util.concurrent.ThreadPoolExecutor$Worker.run(ThreadPoolExecutor.java:624)
        at java.lang.Thread.run(Thread.java:748)
"IPC Server handler 8 on default port 11872" daemon prio=5 tid=5632 timed_waiting
java.lang.Thread.State: TIMED_WAITING
        at sun.misc.Unsafe.park(Native Method)
        at java.util.concurrent.locks.LockSupport.parkNanos(LockSupport.java:215)
        at java.util.concurrent.locks.AbstractQueuedSynchronizer$ConditionObject.awaitNanos(AbstractQueuedSynchronizer.java:2078)
        at java.util.concurrent.LinkedBlockingQueue.poll(LinkedBlockingQueue.java:467)
        at org.apache.hadoop.ipc.CallQueueManager.take(CallQueueManager.java:295)
        at org.apache.hadoop.ipc.Server$Handler.run(Server.java:2881)
"IPC Server handler 7 on default port 36843" daemon prio=5 tid=5455 timed_waiting
java.lang.Thread.State: TIMED_WAITING
        at sun.misc.Unsafe.park(Native Method)
        at java.util.concurrent.locks.LockSupport.parkNanos(LockSupport.java:215)
        at java.util.concurrent.locks.AbstractQueuedSynchronizer$ConditionObject.awaitNanos(AbstractQueuedSynchronizer.java:2078)
        at java.util.concurrent.LinkedBlockingQueue.poll(LinkedBlockingQueue.java:467)
        at org.apache.hadoop.ipc.CallQueueManager.take(CallQueueManager.java:295)
        at org.apache.hadoop.ipc.Server$Handler.run(Server.java:2881)
"PartialTableCache Cleanup Thread - 0" daemon prio=5 tid=2737 in Object.wait()
java.lang.Thread.State: WAITING (on object monitor)
        at sun.misc.Unsafe.park(Native Method)
        at java.util.concurrent.locks.LockSupport.park(LockSupport.java:175)
        at java.util.concurrent.locks.AbstractQueuedSynchronizer$ConditionObject.await(AbstractQueuedSynchronizer.java:2039)
        at java.util.concurrent.LinkedBlockingQueue.take(LinkedBlockingQueue.java:442)
        at java.util.concurrent.ThreadPoolExecutor.getTask(ThreadPoolExecutor.java:1074)
        at java.util.concurrent.ThreadPoolExecutor.runWorker(ThreadPoolExecutor.java:1134)
        at java.util.concurrent.ThreadPoolExecutor$Worker.run(ThreadPoolExecutor.java:624)
        at java.lang.Thread.run(Thread.java:748)
"grpc-nio-boss-ELG-1-1" daemon prio=5 tid=122 runnable
java.lang.Thread.State: RUNNABLE
        at sun.nio.ch.EPollArrayWrapper.epollWait(Native Method)
        at sun.nio.ch.EPollArrayWrapper.poll(EPollArrayWrapper.java:269)
        at sun.nio.ch.EPollSelectorImpl.doSelect(EPollSelectorImpl.java:93)
        at sun.nio.ch.SelectorImpl.lockAndDoSelect(SelectorImpl.java:86)
        at sun.nio.ch.SelectorImpl.select(SelectorImpl.java:97)
        at sun.nio.ch.SelectorImpl.select(SelectorImpl.java:101)
        at org.apache.ratis.thirdparty.io.netty.channel.nio.SelectedSelectionKeySetSelector.select(SelectedSelectionKeySetSelector.java:68)
        at org.apache.ratis.thirdparty.io.netty.channel.nio.NioEventLoop.select(NioEventLoop.java:803)
        at org.apache.ratis.thirdparty.io.netty.channel.nio.NioEventLoop.run(NioEventLoop.java:457)
        at org.apache.ratis.thirdparty.io.netty.util.concurrent.SingleThreadEventExecutor$4.run(SingleThreadEventExecutor.java:989)
        at org.apache.ratis.thirdparty.io.netty.util.internal.ThreadExecutorMap$2.run(ThreadExecutorMap.java:74)
        at org.apache.ratis.thirdparty.io.netty.util.concurrent.FastThreadLocalRunnable.run(FastThreadLocalRunnable.java:30)
        at java.lang.Thread.run(Thread.java:748)
"IPC Server Responder" daemon prio=5 tid=5436 runnable
java.lang.Thread.State: RUNNABLE
        at sun.nio.ch.EPollArrayWrapper.epollWait(Native Method)
        at sun.nio.ch.EPollArrayWrapper.poll(EPollArrayWrapper.java:269)
        at sun.nio.ch.EPollSelectorImpl.doSelect(EPollSelectorImpl.java:93)
        at sun.nio.ch.SelectorImpl.lockAndDoSelect(SelectorImpl.java:86)
        at sun.nio.ch.SelectorImpl.select(SelectorImpl.java:97)
        at org.apache.hadoop.ipc.Server$Responder.doRunLoop(Server.java:1480)
        at org.apache.hadoop.ipc.Server$Responder.run(Server.java:1463)
"PartialTableCache Cleanup Thread - 0" daemon prio=5 tid=522 in Object.wait()
java.lang.Thread.State: WAITING (on object monitor)
        at sun.misc.Unsafe.park(Native Method)
        at java.util.concurrent.locks.LockSupport.park(LockSupport.java:175)
        at java.util.concurrent.locks.AbstractQueuedSynchronizer$ConditionObject.await(AbstractQueuedSynchronizer.java:2039)
        at java.util.concurrent.LinkedBlockingQueue.take(LinkedBlockingQueue.java:442)
        at java.util.concurrent.ThreadPoolExecutor.getTask(ThreadPoolExecutor.java:1074)
        at java.util.concurrent.ThreadPoolExecutor.runWorker(ThreadPoolExecutor.java:1134)
        at java.util.concurrent.ThreadPoolExecutor$Worker.run(ThreadPoolExecutor.java:624)
        at java.lang.Thread.run(Thread.java:748)
"BlockDeletingService#1" daemon prio=5 tid=5753 in Object.wait()
java.lang.Thread.State: WAITING (on object monitor)
        at sun.misc.Unsafe.park(Native Method)
        at java.util.concurrent.locks.LockSupport.park(LockSupport.java:175)
        at java.util.concurrent.locks.AbstractQueuedSynchronizer$ConditionObject.await(AbstractQueuedSynchronizer.java:2039)
        at java.util.concurrent.ScheduledThreadPoolExecutor$DelayedWorkQueue.take(ScheduledThreadPoolExecutor.java:1088)
        at java.util.concurrent.ScheduledThreadPoolExecutor$DelayedWorkQueue.take(ScheduledThreadPoolExecutor.java:809)
        at java.util.concurrent.ThreadPoolExecutor.getTask(ThreadPoolExecutor.java:1074)
        at java.util.concurrent.ThreadPoolExecutor.runWorker(ThreadPoolExecutor.java:1134)
        at java.util.concurrent.ThreadPoolExecutor$Worker.run(ThreadPoolExecutor.java:624)
        at java.lang.Thread.run(Thread.java:748)
"IPC Server handler 17 on default port 11872" daemon prio=5 tid=5641 timed_waiting
java.lang.Thread.State: TIMED_WAITING
        at sun.misc.Unsafe.park(Native Method)
        at java.util.concurrent.locks.LockSupport.parkNanos(LockSupport.java:215)
        at java.util.concurrent.locks.AbstractQueuedSynchronizer$ConditionObject.awaitNanos(AbstractQueuedSynchronizer.java:2078)
        at java.util.concurrent.LinkedBlockingQueue.poll(LinkedBlockingQueue.java:467)
        at org.apache.hadoop.ipc.CallQueueManager.take(CallQueueManager.java:295)
        at org.apache.hadoop.ipc.Server$Handler.run(Server.java:2881)
"qtp1336084858-5557-acceptor-0@236e3e3c-ServerConnector@34c1cf18{HTTP/1.1,[http/1.1]}{0.0.0.0:11862}" daemon prio=3 tid=5557 runnable
java.lang.Thread.State: RUNNABLE
        at sun.nio.ch.ServerSocketChannelImpl.accept0(Native Method)
        at sun.nio.ch.ServerSocketChannelImpl.accept(ServerSocketChannelImpl.java:422)
        at sun.nio.ch.ServerSocketChannelImpl.accept(ServerSocketChannelImpl.java:250)
        at org.eclipse.jetty.server.ServerConnector.accept(ServerConnector.java:385)
        at org.eclipse.jetty.server.AbstractConnector$Acceptor.run(AbstractConnector.java:701)
        at org.eclipse.jetty.util.thread.QueuedThreadPool.runJob(QueuedThreadPool.java:806)
        at org.eclipse.jetty.util.thread.QueuedThreadPool$Runner.run(QueuedThreadPool.java:938)
        at java.lang.Thread.run(Thread.java:748)
"PartialTableCache Cleanup Thread - 0" daemon prio=5 tid=6662 in Object.wait()
java.lang.Thread.State: WAITING (on object monitor)
        at sun.misc.Unsafe.park(Native Method)
        at java.util.concurrent.locks.LockSupport.park(LockSupport.java:175)
        at java.util.concurrent.locks.AbstractQueuedSynchronizer$ConditionObject.await(AbstractQueuedSynchronizer.java:2039)
        at java.util.concurrent.LinkedBlockingQueue.take(LinkedBlockingQueue.java:442)
        at java.util.concurrent.ThreadPoolExecutor.getTask(ThreadPoolExecutor.java:1074)
        at java.util.concurrent.ThreadPoolExecutor.runWorker(ThreadPoolExecutor.java:1134)
        at java.util.concurrent.ThreadPoolExecutor$Worker.run(ThreadPoolExecutor.java:624)
        at java.lang.Thread.run(Thread.java:748)
"IPC Server handler 9 on default port 11866" daemon prio=5 tid=6637 timed_waiting
java.lang.Thread.State: TIMED_WAITING
        at sun.misc.Unsafe.park(Native Method)
        at java.util.concurrent.locks.LockSupport.parkNanos(LockSupport.java:215)
        at java.util.concurrent.locks.AbstractQueuedSynchronizer$ConditionObject.awaitNanos(AbstractQueuedSynchronizer.java:2078)
        at java.util.concurrent.LinkedBlockingQueue.poll(LinkedBlockingQueue.java:467)
        at org.apache.hadoop.ipc.CallQueueManager.take(CallQueueManager.java:295)
        at org.apache.hadoop.ipc.Server$Handler.run(Server.java:2881)
"PartialTableCache Cleanup Thread - 0" daemon prio=5 tid=5889 in Object.wait()
java.lang.Thread.State: WAITING (on object monitor)
        at sun.misc.Unsafe.park(Native Method)
        at java.util.concurrent.locks.LockSupport.park(LockSupport.java:175)
        at java.util.concurrent.locks.AbstractQueuedSynchronizer$ConditionObject.await(AbstractQueuedSynchronizer.java:2039)
        at java.util.concurrent.LinkedBlockingQueue.take(LinkedBlockingQueue.java:442)
        at java.util.concurrent.ThreadPoolExecutor.getTask(ThreadPoolExecutor.java:1074)
        at java.util.concurrent.ThreadPoolExecutor.runWorker(ThreadPoolExecutor.java:1134)
        at java.util.concurrent.ThreadPoolExecutor$Worker.run(ThreadPoolExecutor.java:624)
        at java.lang.Thread.run(Thread.java:748)
"EventQueue-OpenPipelineForHealthyPipelineSafeModeRule" daemon prio=5 tid=5791 in Object.wait()
java.lang.Thread.State: WAITING (on object monitor)
        at sun.misc.Unsafe.park(Native Method)
        at java.util.concurrent.locks.LockSupport.park(LockSupport.java:175)
        at java.util.concurrent.locks.AbstractQueuedSynchronizer$ConditionObject.await(AbstractQueuedSynchronizer.java:2039)
        at java.util.concurrent.LinkedBlockingQueue.take(LinkedBlockingQueue.java:442)
        at java.util.concurrent.ThreadPoolExecutor.getTask(ThreadPoolExecutor.java:1074)
        at java.util.concurrent.ThreadPoolExecutor.runWorker(ThreadPoolExecutor.java:1134)
        at java.util.concurrent.ThreadPoolExecutor$Worker.run(ThreadPoolExecutor.java:624)
        at java.lang.Thread.run(Thread.java:748)
"IPC Server handler 8 on default port 11866" daemon prio=5 tid=6636 timed_waiting
java.lang.Thread.State: TIMED_WAITING
        at sun.misc.Unsafe.park(Native Method)
        at java.util.concurrent.locks.LockSupport.parkNanos(LockSupport.java:215)
        at java.util.concurrent.locks.AbstractQueuedSynchronizer$ConditionObject.awaitNanos(AbstractQueuedSynchronizer.java:2078)
        at java.util.concurrent.LinkedBlockingQueue.poll(LinkedBlockingQueue.java:467)
        at org.apache.hadoop.ipc.CallQueueManager.take(CallQueueManager.java:295)
        at org.apache.hadoop.ipc.Server$Handler.run(Server.java:2881)
"IPC Server handler 0 on default port 41453" daemon prio=5 tid=5488 timed_waiting
java.lang.Thread.State: TIMED_WAITING
        at sun.misc.Unsafe.park(Native Method)
        at java.util.concurrent.locks.LockSupport.parkNanos(LockSupport.java:215)
        at java.util.concurrent.locks.AbstractQueuedSynchronizer$ConditionObject.awaitNanos(AbstractQueuedSynchronizer.java:2078)
        at java.util.concurrent.LinkedBlockingQueue.poll(LinkedBlockingQueue.java:467)
        at org.apache.hadoop.ipc.CallQueueManager.take(CallQueueManager.java:295)
        at org.apache.hadoop.ipc.Server$Handler.run(Server.java:2881)
"Datanode ReportManager Thread - 2" daemon prio=5 tid=5701 in Object.wait()
java.lang.Thread.State: WAITING (on object monitor)
        at sun.misc.Unsafe.park(Native Method)
        at java.util.concurrent.locks.LockSupport.park(LockSupport.java:175)
        at java.util.concurrent.locks.AbstractQueuedSynchronizer$ConditionObject.await(AbstractQueuedSynchronizer.java:2039)
        at java.util.concurrent.ScheduledThreadPoolExecutor$DelayedWorkQueue.take(ScheduledThreadPoolExecutor.java:1088)
        at java.util.concurrent.ScheduledThreadPoolExecutor$DelayedWorkQueue.take(ScheduledThreadPoolExecutor.java:809)
        at java.util.concurrent.ThreadPoolExecutor.getTask(ThreadPoolExecutor.java:1074)
        at java.util.concurrent.ThreadPoolExecutor.runWorker(ThreadPoolExecutor.java:1134)
        at java.util.concurrent.ThreadPoolExecutor$Worker.run(ThreadPoolExecutor.java:624)
        at java.lang.Thread.run(Thread.java:748)
"org.apache.hadoop.util.JvmPauseMonitor$Monitor@15e9d3f7" daemon prio=5 tid=5518 timed_waiting
java.lang.Thread.State: TIMED_WAITING
        at java.lang.Thread.sleep(Native Method)
        at org.apache.hadoop.util.JvmPauseMonitor$Monitor.run(JvmPauseMonitor.java:192)
        at java.lang.Thread.run(Thread.java:748)
"PartialTableCache Cleanup Thread - 0" daemon prio=5 tid=6663 in Object.wait()
java.lang.Thread.State: WAITING (on object monitor)
        at sun.misc.Unsafe.park(Native Method)
        at java.util.concurrent.locks.LockSupport.park(LockSupport.java:175)
        at java.util.concurrent.locks.AbstractQueuedSynchronizer$ConditionObject.await(AbstractQueuedSynchronizer.java:2039)
        at java.util.concurrent.LinkedBlockingQueue.take(LinkedBlockingQueue.java:442)
        at java.util.concurrent.ThreadPoolExecutor.getTask(ThreadPoolExecutor.java:1074)
        at java.util.concurrent.ThreadPoolExecutor.runWorker(ThreadPoolExecutor.java:1134)
        at java.util.concurrent.ThreadPoolExecutor$Worker.run(ThreadPoolExecutor.java:624)
        at java.lang.Thread.run(Thread.java:748)
"pool-981-thread-1"  prio=5 tid=5015 timed_waiting
java.lang.Thread.State: TIMED_WAITING
        at sun.misc.Unsafe.park(Native Method)
        at java.util.concurrent.locks.LockSupport.parkNanos(LockSupport.java:215)
        at java.util.concurrent.locks.AbstractQueuedSynchronizer$ConditionObject.awaitNanos(AbstractQueuedSynchronizer.java:2078)
        at java.util.concurrent.ScheduledThreadPoolExecutor$DelayedWorkQueue.take(ScheduledThreadPoolExecutor.java:1093)
        at java.util.concurrent.ScheduledThreadPoolExecutor$DelayedWorkQueue.take(ScheduledThreadPoolExecutor.java:809)
        at java.util.concurrent.ThreadPoolExecutor.getTask(ThreadPoolExecutor.java:1074)
        at java.util.concurrent.ThreadPoolExecutor.runWorker(ThreadPoolExecutor.java:1134)
        at java.util.concurrent.ThreadPoolExecutor$Worker.run(ThreadPoolExecutor.java:624)
        at java.lang.Thread.run(Thread.java:748)
"IPC Server handler 5 on default port 11860" daemon prio=5 tid=5539 timed_waiting
java.lang.Thread.State: TIMED_WAITING
        at sun.misc.Unsafe.park(Native Method)
        at java.util.concurrent.locks.LockSupport.parkNanos(LockSupport.java:215)
        at java.util.concurrent.locks.AbstractQueuedSynchronizer$ConditionObject.awaitNanos(AbstractQueuedSynchronizer.java:2078)
        at java.util.concurrent.LinkedBlockingQueue.poll(LinkedBlockingQueue.java:467)
        at org.apache.hadoop.ipc.CallQueueManager.take(CallQueueManager.java:295)
        at org.apache.hadoop.ipc.Server$Handler.run(Server.java:2881)
"IPC Server handler 16 on default port 41453" daemon prio=5 tid=5504 timed_waiting
java.lang.Thread.State: TIMED_WAITING
        at sun.misc.Unsafe.park(Native Method)
        at java.util.concurrent.locks.LockSupport.parkNanos(LockSupport.java:215)
        at java.util.concurrent.locks.AbstractQueuedSynchronizer$ConditionObject.awaitNanos(AbstractQueuedSynchronizer.java:2078)
        at java.util.concurrent.LinkedBlockingQueue.poll(LinkedBlockingQueue.java:467)
        at org.apache.hadoop.ipc.CallQueueManager.take(CallQueueManager.java:295)
        at org.apache.hadoop.ipc.Server$Handler.run(Server.java:2881)
"IPC Server handler 3 on default port 11872" daemon prio=5 tid=5627 timed_waiting
java.lang.Thread.State: TIMED_WAITING
        at sun.misc.Unsafe.park(Native Method)
        at java.util.concurrent.locks.LockSupport.parkNanos(LockSupport.java:215)
        at java.util.concurrent.locks.AbstractQueuedSynchronizer$ConditionObject.awaitNanos(AbstractQueuedSynchronizer.java:2078)
        at java.util.concurrent.LinkedBlockingQueue.poll(LinkedBlockingQueue.java:467)
        at org.apache.hadoop.ipc.CallQueueManager.take(CallQueueManager.java:295)
        at org.apache.hadoop.ipc.Server$Handler.run(Server.java:2881)
"EventQueue-NodeRegistrationContainerReportForContainerSafeModeRule" daemon prio=5 tid=5772 in Object.wait()
java.lang.Thread.State: WAITING (on object monitor)
        at sun.misc.Unsafe.park(Native Method)
        at java.util.concurrent.locks.LockSupport.park(LockSupport.java:175)
        at java.util.concurrent.locks.AbstractQueuedSynchronizer$ConditionObject.await(AbstractQueuedSynchronizer.java:2039)
        at java.util.concurrent.LinkedBlockingQueue.take(LinkedBlockingQueue.java:442)
        at java.util.concurrent.ThreadPoolExecutor.getTask(ThreadPoolExecutor.java:1074)
        at java.util.concurrent.ThreadPoolExecutor.runWorker(ThreadPoolExecutor.java:1134)
        at java.util.concurrent.ThreadPoolExecutor$Worker.run(ThreadPoolExecutor.java:624)
        at java.lang.Thread.run(Thread.java:748)
"IPC Server listener on 11860" daemon prio=5 tid=5524 runnable
java.lang.Thread.State: RUNNABLE
        at sun.nio.ch.EPollArrayWrapper.epollWait(Native Method)
        at sun.nio.ch.EPollArrayWrapper.poll(EPollArrayWrapper.java:269)
        at sun.nio.ch.EPollSelectorImpl.doSelect(EPollSelectorImpl.java:93)
        at sun.nio.ch.SelectorImpl.lockAndDoSelect(SelectorImpl.java:86)
        at sun.nio.ch.SelectorImpl.select(SelectorImpl.java:97)
        at sun.nio.ch.SelectorImpl.select(SelectorImpl.java:101)
        at org.apache.hadoop.ipc.Server$Listener.run(Server.java:1304)
"Thread-5369" daemon prio=5 tid=6623 timed_waiting
java.lang.Thread.State: TIMED_WAITING
        at java.lang.Thread.sleep(Native Method)
        at org.apache.ratis.util.JavaUtils.sleep(JavaUtils.java:243)
        at org.apache.ratis.server.impl.FollowerState.run(FollowerState.java:97)
"Thread-4746" daemon prio=5 tid=5850 timed_waiting
java.lang.Thread.State: TIMED_WAITING
        at java.lang.Thread.sleep(Native Method)
        at org.apache.ratis.util.JavaUtils.sleep(JavaUtils.java:243)
        at org.apache.ratis.server.impl.FollowerState.run(FollowerState.java:97)
"qtp1336084858-5556" daemon prio=5 tid=5556 runnable
java.lang.Thread.State: RUNNABLE
        at sun.nio.ch.EPollArrayWrapper.epollWait(Native Method)
        at sun.nio.ch.EPollArrayWrapper.poll(EPollArrayWrapper.java:269)
        at sun.nio.ch.EPollSelectorImpl.doSelect(EPollSelectorImpl.java:93)
        at sun.nio.ch.SelectorImpl.lockAndDoSelect(SelectorImpl.java:86)
        at sun.nio.ch.SelectorImpl.select(SelectorImpl.java:97)
        at sun.nio.ch.SelectorImpl.select(SelectorImpl.java:101)
        at org.eclipse.jetty.io.ManagedSelector$SelectorProducer.select(ManagedSelector.java:472)
        at org.eclipse.jetty.io.ManagedSelector$SelectorProducer.produce(ManagedSelector.java:409)
        at org.eclipse.jetty.util.thread.strategy.EatWhatYouKill.produceTask(EatWhatYouKill.java:360)
        at org.eclipse.jetty.util.thread.strategy.EatWhatYouKill.doProduce(EatWhatYouKill.java:184)
        at org.eclipse.jetty.util.thread.strategy.EatWhatYouKill.tryProduce(EatWhatYouKill.java:171)
        at org.eclipse.jetty.util.thread.strategy.EatWhatYouKill.produce(EatWhatYouKill.java:135)
        at org.eclipse.jetty.io.ManagedSelector$$Lambda$72/1129097646.run(Unknown Source)
        at org.eclipse.jetty.util.thread.QueuedThreadPool.runJob(QueuedThreadPool.java:806)
        at org.eclipse.jetty.util.thread.QueuedThreadPool$Runner.run(QueuedThreadPool.java:938)
        at java.lang.Thread.run(Thread.java:748)
"BlockDeletingService#0" daemon prio=5 tid=5758 in Object.wait()
java.lang.Thread.State: WAITING (on object monitor)
        at sun.misc.Unsafe.park(Native Method)
        at java.util.concurrent.locks.LockSupport.park(LockSupport.java:175)
        at java.util.concurrent.locks.AbstractQueuedSynchronizer$ConditionObject.await(AbstractQueuedSynchronizer.java:2039)
        at java.util.concurrent.ScheduledThreadPoolExecutor$DelayedWorkQueue.take(ScheduledThreadPoolExecutor.java:1088)
        at java.util.concurrent.ScheduledThreadPoolExecutor$DelayedWorkQueue.take(ScheduledThreadPoolExecutor.java:809)
        at java.util.concurrent.ThreadPoolExecutor.getTask(ThreadPoolExecutor.java:1074)
        at java.util.concurrent.ThreadPoolExecutor.runWorker(ThreadPoolExecutor.java:1134)
        at java.util.concurrent.ThreadPoolExecutor$Worker.run(ThreadPoolExecutor.java:624)
        at java.lang.Thread.run(Thread.java:748)
"process reaper" daemon prio=10 tid=11 timed_waiting
java.lang.Thread.State: TIMED_WAITING
        at sun.misc.Unsafe.park(Native Method)
        at java.util.concurrent.locks.LockSupport.parkNanos(LockSupport.java:215)
        at java.util.concurrent.SynchronousQueue$TransferStack.awaitFulfill(SynchronousQueue.java:460)
        at java.util.concurrent.SynchronousQueue$TransferStack.transfer(SynchronousQueue.java:362)
        at java.util.concurrent.SynchronousQueue.poll(SynchronousQueue.java:941)
        at java.util.concurrent.ThreadPoolExecutor.getTask(ThreadPoolExecutor.java:1073)
        at java.util.concurrent.ThreadPoolExecutor.runWorker(ThreadPoolExecutor.java:1134)
        at java.util.concurrent.ThreadPoolExecutor$Worker.run(ThreadPoolExecutor.java:624)
        at java.lang.Thread.run(Thread.java:748)
"ReplicationMonitor" daemon prio=5 tid=6250 timed_waiting
java.lang.Thread.State: TIMED_WAITING
        at java.lang.Object.wait(Native Method)
        at org.apache.hadoop.hdds.scm.container.ReplicationManager.run(ReplicationManager.java:244)
        at org.apache.hadoop.hdds.scm.container.ReplicationManager$$Lambda$769/1876186273.run(Unknown Source)
        at java.lang.Thread.run(Thread.java:748)
"IPC Server handler 4 on default port 36843" daemon prio=5 tid=5452 timed_waiting
java.lang.Thread.State: TIMED_WAITING
        at sun.misc.Unsafe.park(Native Method)
        at java.util.concurrent.locks.LockSupport.parkNanos(LockSupport.java:215)
        at java.util.concurrent.locks.AbstractQueuedSynchronizer$ConditionObject.awaitNanos(AbstractQueuedSynchronizer.java:2078)
        at java.util.concurrent.LinkedBlockingQueue.poll(LinkedBlockingQueue.java:467)
        at org.apache.hadoop.ipc.CallQueueManager.take(CallQueueManager.java:295)
        at org.apache.hadoop.ipc.Server$Handler.run(Server.java:2881)
"qtp1622107655-5667" daemon prio=5 tid=5667 timed_waiting
java.lang.Thread.State: TIMED_WAITING
        at sun.misc.Unsafe.park(Native Method)
        at java.util.concurrent.locks.LockSupport.parkNanos(LockSupport.java:215)
        at java.util.concurrent.locks.AbstractQueuedSynchronizer$ConditionObject.awaitNanos(AbstractQueuedSynchronizer.java:2078)
        at org.eclipse.jetty.util.BlockingArrayQueue.poll(BlockingArrayQueue.java:382)
        at org.eclipse.jetty.util.thread.QueuedThreadPool$Runner.idleJobPoll(QueuedThreadPool.java:875)
        at org.eclipse.jetty.util.thread.QueuedThreadPool$Runner.run(QueuedThreadPool.java:925)
        at java.lang.Thread.run(Thread.java:748)
"PartialTableCache Cleanup Thread - 0" daemon prio=5 tid=495 in Object.wait()
java.lang.Thread.State: WAITING (on object monitor)
        at sun.misc.Unsafe.park(Native Method)
        at java.util.concurrent.locks.LockSupport.park(LockSupport.java:175)
        at java.util.concurrent.locks.AbstractQueuedSynchronizer$ConditionObject.await(AbstractQueuedSynchronizer.java:2039)
        at java.util.concurrent.LinkedBlockingQueue.take(LinkedBlockingQueue.java:442)
        at java.util.concurrent.ThreadPoolExecutor.getTask(ThreadPoolExecutor.java:1074)
        at java.util.concurrent.ThreadPoolExecutor.runWorker(ThreadPoolExecutor.java:1134)
        at java.util.concurrent.ThreadPoolExecutor$Worker.run(ThreadPoolExecutor.java:624)
        at java.lang.Thread.run(Thread.java:748)
"IPC Server handler 12 on default port 45819" daemon prio=5 tid=5480 timed_waiting
java.lang.Thread.State: TIMED_WAITING
        at sun.misc.Unsafe.park(Native Method)
        at java.util.concurrent.locks.LockSupport.parkNanos(LockSupport.java:215)
        at java.util.concurrent.locks.AbstractQueuedSynchronizer$ConditionObject.awaitNanos(AbstractQueuedSynchronizer.java:2078)
        at java.util.concurrent.LinkedBlockingQueue.poll(LinkedBlockingQueue.java:467)
        at org.apache.hadoop.ipc.CallQueueManager.take(CallQueueManager.java:295)
        at org.apache.hadoop.ipc.Server$Handler.run(Server.java:2881)
"pool-567-thread-1"  prio=5 tid=2905 timed_waiting
java.lang.Thread.State: TIMED_WAITING
        at sun.misc.Unsafe.park(Native Method)
        at java.util.concurrent.locks.LockSupport.parkNanos(LockSupport.java:215)
        at java.util.concurrent.locks.AbstractQueuedSynchronizer$ConditionObject.awaitNanos(AbstractQueuedSynchronizer.java:2078)
        at java.util.concurrent.ScheduledThreadPoolExecutor$DelayedWorkQueue.take(ScheduledThreadPoolExecutor.java:1093)
        at java.util.concurrent.ScheduledThreadPoolExecutor$DelayedWorkQueue.take(ScheduledThreadPoolExecutor.java:809)
        at java.util.concurrent.ThreadPoolExecutor.getTask(ThreadPoolExecutor.java:1074)
        at java.util.concurrent.ThreadPoolExecutor.runWorker(ThreadPoolExecutor.java:1134)
        at java.util.concurrent.ThreadPoolExecutor$Worker.run(ThreadPoolExecutor.java:624)
        at java.lang.Thread.run(Thread.java:748)
"qtp1336084858-5561" daemon prio=5 tid=5561 timed_waiting
java.lang.Thread.State: TIMED_WAITING
        at sun.misc.Unsafe.park(Native Method)
        at java.util.concurrent.locks.LockSupport.parkNanos(LockSupport.java:215)
        at java.util.concurrent.locks.AbstractQueuedSynchronizer$ConditionObject.awaitNanos(AbstractQueuedSynchronizer.java:2078)
        at org.eclipse.jetty.util.BlockingArrayQueue.poll(BlockingArrayQueue.java:382)
        at org.eclipse.jetty.util.thread.QueuedThreadPool$Runner.idleJobPoll(QueuedThreadPool.java:875)
        at org.eclipse.jetty.util.thread.QueuedThreadPool$Runner.run(QueuedThreadPool.java:925)
        at java.lang.Thread.run(Thread.java:748)
"PartialTableCache Cleanup Thread - 0" daemon prio=5 tid=2734 in Object.wait()
java.lang.Thread.State: WAITING (on object monitor)
        at sun.misc.Unsafe.park(Native Method)
        at java.util.concurrent.locks.LockSupport.park(LockSupport.java:175)
        at java.util.concurrent.locks.AbstractQueuedSynchronizer$ConditionObject.await(AbstractQueuedSynchronizer.java:2039)
        at java.util.concurrent.LinkedBlockingQueue.take(LinkedBlockingQueue.java:442)
        at java.util.concurrent.ThreadPoolExecutor.getTask(ThreadPoolExecutor.java:1074)
        at java.util.concurrent.ThreadPoolExecutor.runWorker(ThreadPoolExecutor.java:1134)
        at java.util.concurrent.ThreadPoolExecutor$Worker.run(ThreadPoolExecutor.java:624)
        at java.lang.Thread.run(Thread.java:748)
"omNode-2@group-523986131536-SegmentedRaftLogWorker"  prio=5 tid=6621 timed_waiting
java.lang.Thread.State: TIMED_WAITING
        at sun.misc.Unsafe.park(Native Method)
        at java.util.concurrent.locks.LockSupport.parkNanos(LockSupport.java:215)
        at java.util.concurrent.locks.AbstractQueuedSynchronizer$ConditionObject.awaitNanos(AbstractQueuedSynchronizer.java:2078)
        at org.apache.ratis.util.DataBlockingQueue.poll(DataBlockingQueue.java:137)
        at org.apache.ratis.server.raftlog.segmented.SegmentedRaftLogWorker.run(SegmentedRaftLogWorker.java:293)
        at java.lang.Thread.run(Thread.java:748)
"pool-875-thread-1"  prio=5 tid=4441 timed_waiting
java.lang.Thread.State: TIMED_WAITING
        at sun.misc.Unsafe.park(Native Method)
        at java.util.concurrent.locks.LockSupport.parkNanos(LockSupport.java:215)
        at java.util.concurrent.locks.AbstractQueuedSynchronizer$ConditionObject.awaitNanos(AbstractQueuedSynchronizer.java:2078)
        at java.util.concurrent.ScheduledThreadPoolExecutor$DelayedWorkQueue.take(ScheduledThreadPoolExecutor.java:1093)
        at java.util.concurrent.ScheduledThreadPoolExecutor$DelayedWorkQueue.take(ScheduledThreadPoolExecutor.java:809)
        at java.util.concurrent.ThreadPoolExecutor.getTask(ThreadPoolExecutor.java:1074)
        at java.util.concurrent.ThreadPoolExecutor.runWorker(ThreadPoolExecutor.java:1134)
        at java.util.concurrent.ThreadPoolExecutor$Worker.run(ThreadPoolExecutor.java:624)
        at java.lang.Thread.run(Thread.java:748)
"IPC Parameter Sending Thread #3" daemon prio=5 tid=6256 timed_waiting
java.lang.Thread.State: TIMED_WAITING
        at sun.misc.Unsafe.park(Native Method)
        at java.util.concurrent.locks.LockSupport.parkNanos(LockSupport.java:215)
        at java.util.concurrent.SynchronousQueue$TransferStack.awaitFulfill(SynchronousQueue.java:460)
        at java.util.concurrent.SynchronousQueue$TransferStack.transfer(SynchronousQueue.java:362)
        at java.util.concurrent.SynchronousQueue.poll(SynchronousQueue.java:941)
        at java.util.concurrent.ThreadPoolExecutor.getTask(ThreadPoolExecutor.java:1073)
        at java.util.concurrent.ThreadPoolExecutor.runWorker(ThreadPoolExecutor.java:1134)
        at java.util.concurrent.ThreadPoolExecutor$Worker.run(ThreadPoolExecutor.java:624)
        at java.lang.Thread.run(Thread.java:748)
"pool-701-thread-1"  prio=5 tid=3479 timed_waiting
java.lang.Thread.State: TIMED_WAITING
        at sun.misc.Unsafe.park(Native Method)
        at java.util.concurrent.locks.LockSupport.parkNanos(LockSupport.java:215)
        at java.util.concurrent.locks.AbstractQueuedSynchronizer$ConditionObject.awaitNanos(AbstractQueuedSynchronizer.java:2078)
        at java.util.concurrent.ScheduledThreadPoolExecutor$DelayedWorkQueue.take(ScheduledThreadPoolExecutor.java:1093)
        at java.util.concurrent.ScheduledThreadPoolExecutor$DelayedWorkQueue.take(ScheduledThreadPoolExecutor.java:809)
        at java.util.concurrent.ThreadPoolExecutor.getTask(ThreadPoolExecutor.java:1074)
        at java.util.concurrent.ThreadPoolExecutor.runWorker(ThreadPoolExecutor.java:1134)
        at java.util.concurrent.ThreadPoolExecutor$Worker.run(ThreadPoolExecutor.java:624)
        at java.lang.Thread.run(Thread.java:748)
"IPC Server handler 2 on default port 36843" daemon prio=5 tid=5450 timed_waiting
java.lang.Thread.State: TIMED_WAITING
        at sun.misc.Unsafe.park(Native Method)
        at java.util.concurrent.locks.LockSupport.parkNanos(LockSupport.java:215)
        at java.util.concurrent.locks.AbstractQueuedSynchronizer$ConditionObject.awaitNanos(AbstractQueuedSynchronizer.java:2078)
        at java.util.concurrent.LinkedBlockingQueue.poll(LinkedBlockingQueue.java:467)
        at org.apache.hadoop.ipc.CallQueueManager.take(CallQueueManager.java:295)
        at org.apache.hadoop.ipc.Server$Handler.run(Server.java:2881)
"PartialTableCache Cleanup Thread - 0" daemon prio=5 tid=5901 in Object.wait()
java.lang.Thread.State: WAITING (on object monitor)
        at sun.misc.Unsafe.park(Native Method)
        at java.util.concurrent.locks.LockSupport.park(LockSupport.java:175)
        at java.util.concurrent.locks.AbstractQueuedSynchronizer$ConditionObject.await(AbstractQueuedSynchronizer.java:2039)
        at java.util.concurrent.LinkedBlockingQueue.take(LinkedBlockingQueue.java:442)
        at java.util.concurrent.ThreadPoolExecutor.getTask(ThreadPoolExecutor.java:1074)
        at java.util.concurrent.ThreadPoolExecutor.runWorker(ThreadPoolExecutor.java:1134)
        at java.util.concurrent.ThreadPoolExecutor$Worker.run(ThreadPoolExecutor.java:624)
        at java.lang.Thread.run(Thread.java:748)
"org.apache.ratis.server.impl.LogAppender$AppenderDaemon$$Lambda$336/202934955@31b701b4" daemon prio=5 tid=5854 timed_waiting
java.lang.Thread.State: TIMED_WAITING
        at java.lang.Object.wait(Native Method)
        at org.apache.ratis.grpc.server.GrpcLogAppender.mayWait(GrpcLogAppender.java:151)
        at org.apache.ratis.grpc.server.GrpcLogAppender.runAppenderImpl(GrpcLogAppender.java:105)
        at org.apache.ratis.server.impl.LogAppender$AppenderDaemon.run(LogAppender.java:77)
        at org.apache.ratis.server.impl.LogAppender$AppenderDaemon$$Lambda$336/202934955.run(Unknown Source)
        at java.lang.Thread.run(Thread.java:748)
"Datanode ReportManager Thread - 0" daemon prio=5 tid=5698 timed_waiting
java.lang.Thread.State: TIMED_WAITING
        at sun.misc.Unsafe.park(Native Method)
        at java.util.concurrent.locks.LockSupport.parkNanos(LockSupport.java:215)
        at java.util.concurrent.locks.AbstractQueuedSynchronizer$ConditionObject.awaitNanos(AbstractQueuedSynchronizer.java:2078)
        at java.util.concurrent.ScheduledThreadPoolExecutor$DelayedWorkQueue.take(ScheduledThreadPoolExecutor.java:1093)
        at java.util.concurrent.ScheduledThreadPoolExecutor$DelayedWorkQueue.take(ScheduledThreadPoolExecutor.java:809)
        at java.util.concurrent.ThreadPoolExecutor.getTask(ThreadPoolExecutor.java:1074)
        at java.util.concurrent.ThreadPoolExecutor.runWorker(ThreadPoolExecutor.java:1134)
        at java.util.concurrent.ThreadPoolExecutor$Worker.run(ThreadPoolExecutor.java:624)
        at java.lang.Thread.run(Thread.java:748)
"IPC Server handler 1 on default port 11860" daemon prio=5 tid=5534 timed_waiting
java.lang.Thread.State: TIMED_WAITING
        at sun.misc.Unsafe.park(Native Method)
        at java.util.concurrent.locks.LockSupport.parkNanos(LockSupport.java:215)
        at java.util.concurrent.locks.AbstractQueuedSynchronizer$ConditionObject.awaitNanos(AbstractQueuedSynchronizer.java:2078)
        at java.util.concurrent.LinkedBlockingQueue.poll(LinkedBlockingQueue.java:467)
        at org.apache.hadoop.ipc.CallQueueManager.take(CallQueueManager.java:295)
        at org.apache.hadoop.ipc.Server$Handler.run(Server.java:2881)
"pool-599-thread-1"  prio=5 tid=2995 timed_waiting
java.lang.Thread.State: TIMED_WAITING
        at sun.misc.Unsafe.park(Native Method)
        at java.util.concurrent.locks.LockSupport.parkNanos(LockSupport.java:215)
        at java.util.concurrent.locks.AbstractQueuedSynchronizer$ConditionObject.awaitNanos(AbstractQueuedSynchronizer.java:2078)
        at java.util.concurrent.ScheduledThreadPoolExecutor$DelayedWorkQueue.take(ScheduledThreadPoolExecutor.java:1093)
        at java.util.concurrent.ScheduledThreadPoolExecutor$DelayedWorkQueue.take(ScheduledThreadPoolExecutor.java:809)
        at java.util.concurrent.ThreadPoolExecutor.getTask(ThreadPoolExecutor.java:1074)
        at java.util.concurrent.ThreadPoolExecutor.runWorker(ThreadPoolExecutor.java:1134)
        at java.util.concurrent.ThreadPoolExecutor$Worker.run(ThreadPoolExecutor.java:624)
        at java.lang.Thread.run(Thread.java:748)
"PartialTableCache Cleanup Thread - 0" daemon prio=5 tid=3279 in Object.wait()
java.lang.Thread.State: WAITING (on object monitor)
        at sun.misc.Unsafe.park(Native Method)
        at java.util.concurrent.locks.LockSupport.park(LockSupport.java:175)
        at java.util.concurrent.locks.AbstractQueuedSynchronizer$ConditionObject.await(AbstractQueuedSynchronizer.java:2039)
        at java.util.concurrent.LinkedBlockingQueue.take(LinkedBlockingQueue.java:442)
        at java.util.concurrent.ThreadPoolExecutor.getTask(ThreadPoolExecutor.java:1074)
        at java.util.concurrent.ThreadPoolExecutor.runWorker(ThreadPoolExecutor.java:1134)
        at java.util.concurrent.ThreadPoolExecutor$Worker.run(ThreadPoolExecutor.java:624)
        at java.lang.Thread.run(Thread.java:748)
"IPC Server idle connection scanner for port 11860" daemon prio=5 tid=5527 timed_waiting
java.lang.Thread.State: TIMED_WAITING
        at java.lang.Object.wait(Native Method)
        at java.util.TimerThread.mainLoop(Timer.java:552)
        at java.util.TimerThread.run(Timer.java:505)
"PartialTableCache Cleanup Thread - 0" daemon prio=5 tid=3775 in Object.wait()
java.lang.Thread.State: WAITING (on object monitor)
        at sun.misc.Unsafe.park(Native Method)
        at java.util.concurrent.locks.LockSupport.park(LockSupport.java:175)
        at java.util.concurrent.locks.AbstractQueuedSynchronizer$ConditionObject.await(AbstractQueuedSynchronizer.java:2039)
        at java.util.concurrent.LinkedBlockingQueue.take(LinkedBlockingQueue.java:442)
        at java.util.concurrent.ThreadPoolExecutor.getTask(ThreadPoolExecutor.java:1074)
        at java.util.concurrent.ThreadPoolExecutor.runWorker(ThreadPoolExecutor.java:1134)
        at java.util.concurrent.ThreadPoolExecutor$Worker.run(ThreadPoolExecutor.java:624)
        at java.lang.Thread.run(Thread.java:748)
"PartialTableCache Cleanup Thread - 0" daemon prio=5 tid=999 in Object.wait()
java.lang.Thread.State: WAITING (on object monitor)
        at sun.misc.Unsafe.park(Native Method)
        at java.util.concurrent.locks.LockSupport.park(LockSupport.java:175)
        at java.util.concurrent.locks.AbstractQueuedSynchronizer$ConditionObject.await(AbstractQueuedSynchronizer.java:2039)
        at java.util.concurrent.LinkedBlockingQueue.take(LinkedBlockingQueue.java:442)
        at java.util.concurrent.ThreadPoolExecutor.getTask(ThreadPoolExecutor.java:1074)
        at java.util.concurrent.ThreadPoolExecutor.runWorker(ThreadPoolExecutor.java:1134)
        at java.util.concurrent.ThreadPoolExecutor$Worker.run(ThreadPoolExecutor.java:624)
        at java.lang.Thread.run(Thread.java:748)
"IPC Server handler 16 on default port 11872" daemon prio=5 tid=5640 timed_waiting
java.lang.Thread.State: TIMED_WAITING
        at sun.misc.Unsafe.park(Native Method)
        at java.util.concurrent.locks.LockSupport.parkNanos(LockSupport.java:215)
        at java.util.concurrent.locks.AbstractQueuedSynchronizer$ConditionObject.awaitNanos(AbstractQueuedSynchronizer.java:2078)
        at java.util.concurrent.LinkedBlockingQueue.poll(LinkedBlockingQueue.java:467)
        at org.apache.hadoop.ipc.CallQueueManager.take(CallQueueManager.java:295)
        at org.apache.hadoop.ipc.Server$Handler.run(Server.java:2881)
"IPC Server handler 10 on default port 36843" daemon prio=5 tid=5458 timed_waiting
java.lang.Thread.State: TIMED_WAITING
        at sun.misc.Unsafe.park(Native Method)
        at java.util.concurrent.locks.LockSupport.parkNanos(LockSupport.java:215)
        at java.util.concurrent.locks.AbstractQueuedSynchronizer$ConditionObject.awaitNanos(AbstractQueuedSynchronizer.java:2078)
        at java.util.concurrent.LinkedBlockingQueue.poll(LinkedBlockingQueue.java:467)
        at org.apache.hadoop.ipc.CallQueueManager.take(CallQueueManager.java:295)
        at org.apache.hadoop.ipc.Server$Handler.run(Server.java:2881)
"OMDoubleBufferFlushThread" daemon prio=5 tid=5521 timed_waiting
java.lang.Thread.State: TIMED_WAITING
        at java.lang.Object.wait(Native Method)
        at org.apache.hadoop.ozone.om.ratis.OzoneManagerDoubleBuffer.canFlush(OzoneManagerDoubleBuffer.java:530)
        at org.apache.hadoop.ozone.om.ratis.OzoneManagerDoubleBuffer.flushTransactions(OzoneManagerDoubleBuffer.java:241)
        at org.apache.hadoop.ozone.om.ratis.OzoneManagerDoubleBuffer$$Lambda$118/1530007166.run(Unknown Source)
        at java.lang.Thread.run(Thread.java:748)
"qtp880433415-5711" daemon prio=5 tid=5711 timed_waiting
java.lang.Thread.State: TIMED_WAITING
        at sun.misc.Unsafe.park(Native Method)
        at java.util.concurrent.locks.LockSupport.parkNanos(LockSupport.java:215)
        at java.util.concurrent.locks.AbstractQueuedSynchronizer$ConditionObject.awaitNanos(AbstractQueuedSynchronizer.java:2078)
        at org.eclipse.jetty.util.BlockingArrayQueue.poll(BlockingArrayQueue.java:382)
        at org.eclipse.jetty.util.thread.QueuedThreadPool$Runner.idleJobPoll(QueuedThreadPool.java:875)
        at org.eclipse.jetty.util.thread.QueuedThreadPool$Runner.run(QueuedThreadPool.java:925)
        at java.lang.Thread.run(Thread.java:748)
"PartialTableCache Cleanup Thread - 0" daemon prio=5 tid=3781 in Object.wait()
java.lang.Thread.State: WAITING (on object monitor)
        at sun.misc.Unsafe.park(Native Method)
        at java.util.concurrent.locks.LockSupport.park(LockSupport.java:175)
        at java.util.concurrent.locks.AbstractQueuedSynchronizer$ConditionObject.await(AbstractQueuedSynchronizer.java:2039)
        at java.util.concurrent.LinkedBlockingQueue.take(LinkedBlockingQueue.java:442)
        at java.util.concurrent.ThreadPoolExecutor.getTask(ThreadPoolExecutor.java:1074)
        at java.util.concurrent.ThreadPoolExecutor.runWorker(ThreadPoolExecutor.java:1134)
        at java.util.concurrent.ThreadPoolExecutor$Worker.run(ThreadPoolExecutor.java:624)
        at java.lang.Thread.run(Thread.java:748)
"PartialTableCache Cleanup Thread - 0" daemon prio=5 tid=5900 in Object.wait()
java.lang.Thread.State: WAITING (on object monitor)
        at sun.misc.Unsafe.park(Native Method)
        at java.util.concurrent.locks.LockSupport.park(LockSupport.java:175)
        at java.util.concurrent.locks.AbstractQueuedSynchronizer$ConditionObject.await(AbstractQueuedSynchronizer.java:2039)
        at java.util.concurrent.LinkedBlockingQueue.take(LinkedBlockingQueue.java:442)
        at java.util.concurrent.ThreadPoolExecutor.getTask(ThreadPoolExecutor.java:1074)
        at java.util.concurrent.ThreadPoolExecutor.runWorker(ThreadPoolExecutor.java:1134)
        at java.util.concurrent.ThreadPoolExecutor$Worker.run(ThreadPoolExecutor.java:624)
        at java.lang.Thread.run(Thread.java:748)
"org.apache.hadoop.util.JvmPauseMonitor$Monitor@2d393d66" daemon prio=5 tid=5704 timed_waiting
java.lang.Thread.State: TIMED_WAITING
        at java.lang.Thread.sleep(Native Method)
        at org.apache.hadoop.util.JvmPauseMonitor$Monitor.run(JvmPauseMonitor.java:192)
        at java.lang.Thread.run(Thread.java:748)
"IPC Server listener on 0" daemon prio=5 tid=5429 runnable
java.lang.Thread.State: RUNNABLE
        at sun.nio.ch.EPollArrayWrapper.epollWait(Native Method)
        at sun.nio.ch.EPollArrayWrapper.poll(EPollArrayWrapper.java:269)
        at sun.nio.ch.EPollSelectorImpl.doSelect(EPollSelectorImpl.java:93)
        at sun.nio.ch.SelectorImpl.lockAndDoSelect(SelectorImpl.java:86)
        at sun.nio.ch.SelectorImpl.select(SelectorImpl.java:97)
        at sun.nio.ch.SelectorImpl.select(SelectorImpl.java:101)
        at org.apache.hadoop.ipc.Server$Listener.run(Server.java:1304)
"IPC Server Responder" daemon prio=5 tid=6627 runnable
java.lang.Thread.State: RUNNABLE
        at sun.nio.ch.EPollArrayWrapper.epollWait(Native Method)
        at sun.nio.ch.EPollArrayWrapper.poll(EPollArrayWrapper.java:269)
        at sun.nio.ch.EPollSelectorImpl.doSelect(EPollSelectorImpl.java:93)
        at sun.nio.ch.SelectorImpl.lockAndDoSelect(SelectorImpl.java:86)
        at sun.nio.ch.SelectorImpl.select(SelectorImpl.java:97)
        at org.apache.hadoop.ipc.Server$Responder.doRunLoop(Server.java:1480)
        at org.apache.hadoop.ipc.Server$Responder.run(Server.java:1463)
"IPC Server handler 17 on default port 11866" daemon prio=5 tid=6645 timed_waiting
java.lang.Thread.State: TIMED_WAITING
        at sun.misc.Unsafe.park(Native Method)
        at java.util.concurrent.locks.LockSupport.parkNanos(LockSupport.java:215)
        at java.util.concurrent.locks.AbstractQueuedSynchronizer$ConditionObject.awaitNanos(AbstractQueuedSynchronizer.java:2078)
        at java.util.concurrent.LinkedBlockingQueue.poll(LinkedBlockingQueue.java:467)
        at org.apache.hadoop.ipc.CallQueueManager.take(CallQueueManager.java:295)
        at org.apache.hadoop.ipc.Server$Handler.run(Server.java:2881)
"Datanode ReportManager Thread - 0" daemon prio=5 tid=5718 in Object.wait()
java.lang.Thread.State: WAITING (on object monitor)
        at sun.misc.Unsafe.park(Native Method)
        at java.util.concurrent.locks.LockSupport.park(LockSupport.java:175)
        at java.util.concurrent.locks.AbstractQueuedSynchronizer$ConditionObject.await(AbstractQueuedSynchronizer.java:2039)
        at java.util.concurrent.ScheduledThreadPoolExecutor$DelayedWorkQueue.take(ScheduledThreadPoolExecutor.java:1088)
        at java.util.concurrent.ScheduledThreadPoolExecutor$DelayedWorkQueue.take(ScheduledThreadPoolExecutor.java:809)
        at java.util.concurrent.ThreadPoolExecutor.getTask(ThreadPoolExecutor.java:1074)
        at java.util.concurrent.ThreadPoolExecutor.runWorker(ThreadPoolExecutor.java:1134)
        at java.util.concurrent.ThreadPoolExecutor$Worker.run(ThreadPoolExecutor.java:624)
        at java.lang.Thread.run(Thread.java:748)
"PartialTableCache Cleanup Thread - 0" daemon prio=5 tid=4819 in Object.wait()
java.lang.Thread.State: WAITING (on object monitor)
        at sun.misc.Unsafe.park(Native Method)
        at java.util.concurrent.locks.LockSupport.park(LockSupport.java:175)
        at java.util.concurrent.locks.AbstractQueuedSynchronizer$ConditionObject.await(AbstractQueuedSynchronizer.java:2039)
        at java.util.concurrent.LinkedBlockingQueue.take(LinkedBlockingQueue.java:442)
        at java.util.concurrent.ThreadPoolExecutor.getTask(ThreadPoolExecutor.java:1074)
        at java.util.concurrent.ThreadPoolExecutor.runWorker(ThreadPoolExecutor.java:1134)
        at java.util.concurrent.ThreadPoolExecutor$Worker.run(ThreadPoolExecutor.java:624)
        at java.lang.Thread.run(Thread.java:748)
"IPC Server handler 0 on default port 11866" daemon prio=5 tid=6628 timed_waiting
java.lang.Thread.State: TIMED_WAITING
        at sun.misc.Unsafe.park(Native Method)
        at java.util.concurrent.locks.LockSupport.parkNanos(LockSupport.java:215)
        at java.util.concurrent.locks.AbstractQueuedSynchronizer$ConditionObject.awaitNanos(AbstractQueuedSynchronizer.java:2078)
        at java.util.concurrent.LinkedBlockingQueue.poll(LinkedBlockingQueue.java:467)
        at org.apache.hadoop.ipc.CallQueueManager.take(CallQueueManager.java:295)
        at org.apache.hadoop.ipc.Server$Handler.run(Server.java:2881)
"IPC Server handler 19 on default port 41453" daemon prio=5 tid=5507 timed_waiting
java.lang.Thread.State: TIMED_WAITING
        at sun.misc.Unsafe.park(Native Method)
        at java.util.concurrent.locks.LockSupport.parkNanos(LockSupport.java:215)
        at java.util.concurrent.locks.AbstractQueuedSynchronizer$ConditionObject.awaitNanos(AbstractQueuedSynchronizer.java:2078)
        at java.util.concurrent.LinkedBlockingQueue.poll(LinkedBlockingQueue.java:467)
        at org.apache.hadoop.ipc.CallQueueManager.take(CallQueueManager.java:295)
        at org.apache.hadoop.ipc.Server$Handler.run(Server.java:2881)
"ChunkWriter-2-0" daemon prio=5 tid=5744 in Object.wait()
java.lang.Thread.State: WAITING (on object monitor)
        at sun.misc.Unsafe.park(Native Method)
        at java.util.concurrent.locks.LockSupport.park(LockSupport.java:175)
        at java.util.concurrent.locks.AbstractQueuedSynchronizer$ConditionObject.await(AbstractQueuedSynchronizer.java:2039)
        at java.util.concurrent.LinkedBlockingDeque.takeFirst(LinkedBlockingDeque.java:492)
        at java.util.concurrent.LinkedBlockingDeque.take(LinkedBlockingDeque.java:680)
        at java.util.concurrent.ThreadPoolExecutor.getTask(ThreadPoolExecutor.java:1074)
        at java.util.concurrent.ThreadPoolExecutor.runWorker(ThreadPoolExecutor.java:1134)
        at java.util.concurrent.ThreadPoolExecutor$Worker.run(ThreadPoolExecutor.java:624)
        at java.lang.Thread.run(Thread.java:748)
"pool-1311-thread-1"  prio=5 tid=6620 timed_waiting
java.lang.Thread.State: TIMED_WAITING
        at sun.misc.Unsafe.park(Native Method)
        at java.util.concurrent.locks.LockSupport.parkNanos(LockSupport.java:215)
        at java.util.concurrent.locks.AbstractQueuedSynchronizer$ConditionObject.awaitNanos(AbstractQueuedSynchronizer.java:2078)
        at java.util.concurrent.ScheduledThreadPoolExecutor$DelayedWorkQueue.take(ScheduledThreadPoolExecutor.java:1093)
        at java.util.concurrent.ScheduledThreadPoolExecutor$DelayedWorkQueue.take(ScheduledThreadPoolExecutor.java:809)
        at java.util.concurrent.ThreadPoolExecutor.getTask(ThreadPoolExecutor.java:1074)
        at java.util.concurrent.ThreadPoolExecutor.runWorker(ThreadPoolExecutor.java:1134)
        at java.util.concurrent.ThreadPoolExecutor$Worker.run(ThreadPoolExecutor.java:624)
        at java.lang.Thread.run(Thread.java:748)
"IPC Server handler 0 on default port 45819" daemon prio=5 tid=5468 timed_waiting
java.lang.Thread.State: TIMED_WAITING
        at sun.misc.Unsafe.park(Native Method)
        at java.util.concurrent.locks.LockSupport.parkNanos(LockSupport.java:215)
        at java.util.concurrent.locks.AbstractQueuedSynchronizer$ConditionObject.awaitNanos(AbstractQueuedSynchronizer.java:2078)
        at java.util.concurrent.LinkedBlockingQueue.poll(LinkedBlockingQueue.java:467)
        at org.apache.hadoop.ipc.CallQueueManager.take(CallQueueManager.java:295)
        at org.apache.hadoop.ipc.Server$Handler.run(Server.java:2881)
"IPC Server handler 16 on default port 11860" daemon prio=5 tid=5551 timed_waiting
java.lang.Thread.State: TIMED_WAITING
        at sun.misc.Unsafe.park(Native Method)
        at java.util.concurrent.locks.LockSupport.parkNanos(LockSupport.java:215)
        at java.util.concurrent.locks.AbstractQueuedSynchronizer$ConditionObject.awaitNanos(AbstractQueuedSynchronizer.java:2078)
        at java.util.concurrent.LinkedBlockingQueue.poll(LinkedBlockingQueue.java:467)
        at org.apache.hadoop.ipc.CallQueueManager.take(CallQueueManager.java:295)
        at org.apache.hadoop.ipc.Server$Handler.run(Server.java:2881)
"69db720a-335e-417f-9e4d-9b6daaea3d10@group-304D1CDEA4AC-StateMachineUpdater" daemon prio=5 tid=5801 in Object.wait()
java.lang.Thread.State: WAITING (on object monitor)
        at java.lang.Object.wait(Native Method)
        at java.lang.Object.wait(Object.java:502)
        at org.apache.ratis.server.impl.StateMachineUpdater.waitForCommit(StateMachineUpdater.java:200)
        at org.apache.ratis.server.impl.StateMachineUpdater.run(StateMachineUpdater.java:165)
        at java.lang.Thread.run(Thread.java:748)
"org.apache.hadoop.util.JvmPauseMonitor$Monitor@9d7db0a" daemon prio=5 tid=5681 timed_waiting
java.lang.Thread.State: TIMED_WAITING
        at java.lang.Thread.sleep(Native Method)
        at org.apache.hadoop.util.JvmPauseMonitor$Monitor.run(JvmPauseMonitor.java:192)
        at java.lang.Thread.run(Thread.java:748)
"Thread-4648" daemon prio=5 tid=5729 timed_waiting
java.lang.Thread.State: TIMED_WAITING
        at sun.misc.Unsafe.park(Native Method)
        at java.util.concurrent.locks.LockSupport.parkNanos(LockSupport.java:215)
        at java.util.concurrent.locks.AbstractQueuedSynchronizer$ConditionObject.awaitNanos(AbstractQueuedSynchronizer.java:2078)
        at java.util.concurrent.ArrayBlockingQueue.poll(ArrayBlockingQueue.java:418)
        at org.apache.ratis.server.impl.LeaderState$EventQueue.poll(LeaderState.java:122)
        at org.apache.ratis.server.impl.LeaderState$EventProcessor.run(LeaderState.java:506)
"KeyDeletingService#0" daemon prio=5 tid=5532 timed_waiting
java.lang.Thread.State: TIMED_WAITING
        at sun.misc.Unsafe.park(Native Method)
        at java.util.concurrent.locks.LockSupport.parkNanos(LockSupport.java:215)
        at java.util.concurrent.locks.AbstractQueuedSynchronizer$ConditionObject.awaitNanos(AbstractQueuedSynchronizer.java:2078)
        at java.util.concurrent.ScheduledThreadPoolExecutor$DelayedWorkQueue.take(ScheduledThreadPoolExecutor.java:1093)
        at java.util.concurrent.ScheduledThreadPoolExecutor$DelayedWorkQueue.take(ScheduledThreadPoolExecutor.java:809)
        at java.util.concurrent.ThreadPoolExecutor.getTask(ThreadPoolExecutor.java:1074)
        at java.util.concurrent.ThreadPoolExecutor.runWorker(ThreadPoolExecutor.java:1134)
        at java.util.concurrent.ThreadPoolExecutor$Worker.run(ThreadPoolExecutor.java:624)
        at java.lang.Thread.run(Thread.java:748)
"IPC Server Responder" daemon prio=5 tid=5617 runnable
java.lang.Thread.State: RUNNABLE
        at sun.nio.ch.EPollArrayWrapper.epollWait(Native Method)
        at sun.nio.ch.EPollArrayWrapper.poll(EPollArrayWrapper.java:269)
        at sun.nio.ch.EPollSelectorImpl.doSelect(EPollSelectorImpl.java:93)
        at sun.nio.ch.SelectorImpl.lockAndDoSelect(SelectorImpl.java:86)
        at sun.nio.ch.SelectorImpl.select(SelectorImpl.java:97)
        at org.apache.hadoop.ipc.Server$Responder.doRunLoop(Server.java:1480)
        at org.apache.hadoop.ipc.Server$Responder.run(Server.java:1463)
"IPC Server handler 0 on default port 11860" daemon prio=5 tid=5533 timed_waiting
java.lang.Thread.State: TIMED_WAITING
        at sun.misc.Unsafe.park(Native Method)
        at java.util.concurrent.locks.LockSupport.parkNanos(LockSupport.java:215)
        at java.util.concurrent.locks.AbstractQueuedSynchronizer$ConditionObject.awaitNanos(AbstractQueuedSynchronizer.java:2078)
        at java.util.concurrent.LinkedBlockingQueue.poll(LinkedBlockingQueue.java:467)
        at org.apache.hadoop.ipc.CallQueueManager.take(CallQueueManager.java:295)
        at org.apache.hadoop.ipc.Server$Handler.run(Server.java:2881)
"IPC Server handler 9 on default port 45819" daemon prio=5 tid=5477 timed_waiting
java.lang.Thread.State: TIMED_WAITING
        at sun.misc.Unsafe.park(Native Method)
        at java.util.concurrent.locks.LockSupport.parkNanos(LockSupport.java:215)
        at java.util.concurrent.locks.AbstractQueuedSynchronizer$ConditionObject.awaitNanos(AbstractQueuedSynchronizer.java:2078)
        at java.util.concurrent.LinkedBlockingQueue.poll(LinkedBlockingQueue.java:467)
        at org.apache.hadoop.ipc.CallQueueManager.take(CallQueueManager.java:295)
        at org.apache.hadoop.ipc.Server$Handler.run(Server.java:2881)
"pool-1067-thread-1"  prio=5 tid=5441 timed_waiting
java.lang.Thread.State: TIMED_WAITING
        at sun.misc.Unsafe.park(Native Method)
        at java.util.concurrent.locks.LockSupport.parkNanos(LockSupport.java:215)
        at java.util.concurrent.locks.AbstractQueuedSynchronizer$ConditionObject.awaitNanos(AbstractQueuedSynchronizer.java:2078)
        at java.util.concurrent.ScheduledThreadPoolExecutor$DelayedWorkQueue.take(ScheduledThreadPoolExecutor.java:1093)
        at java.util.concurrent.ScheduledThreadPoolExecutor$DelayedWorkQueue.take(ScheduledThreadPoolExecutor.java:809)
        at java.util.concurrent.ThreadPoolExecutor.getTask(ThreadPoolExecutor.java:1074)
        at java.util.concurrent.ThreadPoolExecutor.runWorker(ThreadPoolExecutor.java:1134)
        at java.util.concurrent.ThreadPoolExecutor$Worker.run(ThreadPoolExecutor.java:624)
        at java.lang.Thread.run(Thread.java:748)
"BlockDeletingService#4" daemon prio=5 tid=7613 in Object.wait()
java.lang.Thread.State: WAITING (on object monitor)
        at sun.misc.Unsafe.park(Native Method)
        at java.util.concurrent.locks.LockSupport.park(LockSupport.java:175)
        at java.util.concurrent.locks.AbstractQueuedSynchronizer$ConditionObject.await(AbstractQueuedSynchronizer.java:2039)
        at java.util.concurrent.ScheduledThreadPoolExecutor$DelayedWorkQueue.take(ScheduledThreadPoolExecutor.java:1088)
        at java.util.concurrent.ScheduledThreadPoolExecutor$DelayedWorkQueue.take(ScheduledThreadPoolExecutor.java:809)
        at java.util.concurrent.ThreadPoolExecutor.getTask(ThreadPoolExecutor.java:1074)
        at java.util.concurrent.ThreadPoolExecutor.runWorker(ThreadPoolExecutor.java:1134)
        at java.util.concurrent.ThreadPoolExecutor$Worker.run(ThreadPoolExecutor.java:624)
        at java.lang.Thread.run(Thread.java:748)
"Datanode State Machine Thread - 0" daemon prio=5 tid=5717 timed_waiting
java.lang.Thread.State: TIMED_WAITING
        at java.lang.Thread.sleep(Native Method)
        at org.apache.hadoop.ozone.container.common.statemachine.DatanodeStateMachine.start(DatanodeStateMachine.java:213)
        at org.apache.hadoop.ozone.container.common.statemachine.DatanodeStateMachine.lambda$startDaemon$0(DatanodeStateMachine.java:379)
        at org.apache.hadoop.ozone.container.common.statemachine.DatanodeStateMachine$$Lambda$285/436723628.run(Unknown Source)
        at java.lang.Thread.run(Thread.java:748)
"Finalizer" daemon prio=8 tid=3 in Object.wait()
java.lang.Thread.State: WAITING (on object monitor)
        at java.lang.Object.wait(Native Method)
        at java.lang.ref.ReferenceQueue.remove(ReferenceQueue.java:144)
        at java.lang.ref.ReferenceQueue.remove(ReferenceQueue.java:165)
        at java.lang.ref.Finalizer$FinalizerThread.run(Finalizer.java:216)
"pool-1116-thread-1"  prio=5 tid=5645 timed_waiting
java.lang.Thread.State: TIMED_WAITING
        at sun.misc.Unsafe.park(Native Method)
        at java.util.concurrent.locks.LockSupport.parkNanos(LockSupport.java:215)
        at java.util.concurrent.locks.AbstractQueuedSynchronizer$ConditionObject.awaitNanos(AbstractQueuedSynchronizer.java:2078)
        at java.util.concurrent.ScheduledThreadPoolExecutor$DelayedWorkQueue.take(ScheduledThreadPoolExecutor.java:1093)
        at java.util.concurrent.ScheduledThreadPoolExecutor$DelayedWorkQueue.take(ScheduledThreadPoolExecutor.java:809)
        at java.util.concurrent.ThreadPoolExecutor.getTask(ThreadPoolExecutor.java:1074)
        at java.util.concurrent.ThreadPoolExecutor.runWorker(ThreadPoolExecutor.java:1134)
        at java.util.concurrent.ThreadPoolExecutor$Worker.run(ThreadPoolExecutor.java:624)
        at java.lang.Thread.run(Thread.java:748)
"qtp1622107655-5669" daemon prio=5 tid=5669 timed_waiting
java.lang.Thread.State: TIMED_WAITING
        at sun.misc.Unsafe.park(Native Method)
        at java.util.concurrent.locks.LockSupport.parkNanos(LockSupport.java:215)
        at java.util.concurrent.locks.AbstractQueuedSynchronizer$ConditionObject.awaitNanos(AbstractQueuedSynchronizer.java:2078)
        at org.eclipse.jetty.util.BlockingArrayQueue.poll(BlockingArrayQueue.java:382)
        at org.eclipse.jetty.util.thread.QueuedThreadPool$Runner.idleJobPoll(QueuedThreadPool.java:875)
        at org.eclipse.jetty.util.thread.QueuedThreadPool$Runner.run(QueuedThreadPool.java:925)
        at java.lang.Thread.run(Thread.java:748)
"IPC Server handler 10 on default port 45819" daemon prio=5 tid=5478 timed_waiting
java.lang.Thread.State: TIMED_WAITING
        at sun.misc.Unsafe.park(Native Method)
        at java.util.concurrent.locks.LockSupport.parkNanos(LockSupport.java:215)
        at java.util.concurrent.locks.AbstractQueuedSynchronizer$ConditionObject.awaitNanos(AbstractQueuedSynchronizer.java:2078)
        at java.util.concurrent.LinkedBlockingQueue.poll(LinkedBlockingQueue.java:467)
        at org.apache.hadoop.ipc.CallQueueManager.take(CallQueueManager.java:295)
        at org.apache.hadoop.ipc.Server$Handler.run(Server.java:2881)
"PartialTableCache Cleanup Thread - 0" daemon prio=5 tid=4242 in Object.wait()
java.lang.Thread.State: WAITING (on object monitor)
        at sun.misc.Unsafe.park(Native Method)
        at java.util.concurrent.locks.LockSupport.park(LockSupport.java:175)
        at java.util.concurrent.locks.AbstractQueuedSynchronizer$ConditionObject.await(AbstractQueuedSynchronizer.java:2039)
        at java.util.concurrent.LinkedBlockingQueue.take(LinkedBlockingQueue.java:442)
        at java.util.concurrent.ThreadPoolExecutor.getTask(ThreadPoolExecutor.java:1074)
        at java.util.concurrent.ThreadPoolExecutor.runWorker(ThreadPoolExecutor.java:1134)
        at java.util.concurrent.ThreadPoolExecutor$Worker.run(ThreadPoolExecutor.java:624)
        at java.lang.Thread.run(Thread.java:748)
"qtp1903785634-5648" daemon prio=5 tid=5648 timed_waiting
java.lang.Thread.State: TIMED_WAITING
        at sun.misc.Unsafe.park(Native Method)
        at java.util.concurrent.locks.LockSupport.parkNanos(LockSupport.java:215)
        at java.util.concurrent.locks.AbstractQueuedSynchronizer$ConditionObject.awaitNanos(AbstractQueuedSynchronizer.java:2078)
        at org.eclipse.jetty.util.BlockingArrayQueue.poll(BlockingArrayQueue.java:382)
        at org.eclipse.jetty.util.thread.QueuedThreadPool$Runner.idleJobPoll(QueuedThreadPool.java:875)
        at org.eclipse.jetty.util.thread.QueuedThreadPool$Runner.run(QueuedThreadPool.java:925)
        at java.lang.Thread.run(Thread.java:748)
"IPC Server handler 6 on default port 11866" daemon prio=5 tid=6634 timed_waiting
java.lang.Thread.State: TIMED_WAITING
        at sun.misc.Unsafe.park(Native Method)
        at java.util.concurrent.locks.LockSupport.parkNanos(LockSupport.java:215)
        at java.util.concurrent.locks.AbstractQueuedSynchronizer$ConditionObject.awaitNanos(AbstractQueuedSynchronizer.java:2078)
        at java.util.concurrent.LinkedBlockingQueue.poll(LinkedBlockingQueue.java:467)
        at org.apache.hadoop.ipc.CallQueueManager.take(CallQueueManager.java:295)
        at org.apache.hadoop.ipc.Server$Handler.run(Server.java:2881)
"IPC Server handler 9 on default port 36843" daemon prio=5 tid=5457 timed_waiting
java.lang.Thread.State: TIMED_WAITING
        at sun.misc.Unsafe.park(Native Method)
        at java.util.concurrent.locks.LockSupport.parkNanos(LockSupport.java:215)
        at java.util.concurrent.locks.AbstractQueuedSynchronizer$ConditionObject.awaitNanos(AbstractQueuedSynchronizer.java:2078)
        at java.util.concurrent.LinkedBlockingQueue.poll(LinkedBlockingQueue.java:467)
        at org.apache.hadoop.ipc.CallQueueManager.take(CallQueueManager.java:295)
        at org.apache.hadoop.ipc.Server$Handler.run(Server.java:2881)
"IPC Server handler 6 on default port 41453" daemon prio=5 tid=5494 timed_waiting
java.lang.Thread.State: TIMED_WAITING
        at sun.misc.Unsafe.park(Native Method)
        at java.util.concurrent.locks.LockSupport.parkNanos(LockSupport.java:215)
        at java.util.concurrent.locks.AbstractQueuedSynchronizer$ConditionObject.awaitNanos(AbstractQueuedSynchronizer.java:2078)
        at java.util.concurrent.LinkedBlockingQueue.poll(LinkedBlockingQueue.java:467)
        at org.apache.hadoop.ipc.CallQueueManager.take(CallQueueManager.java:295)
        at org.apache.hadoop.ipc.Server$Handler.run(Server.java:2881)
"Socket Reader #1 for port 0"  prio=5 tid=5430 runnable
java.lang.Thread.State: RUNNABLE
        at sun.nio.ch.EPollArrayWrapper.epollWait(Native Method)
        at sun.nio.ch.EPollArrayWrapper.poll(EPollArrayWrapper.java:269)
        at sun.nio.ch.EPollSelectorImpl.doSelect(EPollSelectorImpl.java:93)
        at sun.nio.ch.SelectorImpl.lockAndDoSelect(SelectorImpl.java:86)
        at sun.nio.ch.SelectorImpl.select(SelectorImpl.java:97)
        at sun.nio.ch.SelectorImpl.select(SelectorImpl.java:101)
        at org.apache.hadoop.ipc.Server$Listener$Reader.doRunLoop(Server.java:1242)
        at org.apache.hadoop.ipc.Server$Listener$Reader.run(Server.java:1221)
"IPC Server handler 10 on default port 41453" daemon prio=5 tid=5498 timed_waiting
java.lang.Thread.State: TIMED_WAITING
        at sun.misc.Unsafe.park(Native Method)
        at java.util.concurrent.locks.LockSupport.parkNanos(LockSupport.java:215)
        at java.util.concurrent.locks.AbstractQueuedSynchronizer$ConditionObject.awaitNanos(AbstractQueuedSynchronizer.java:2078)
        at java.util.concurrent.LinkedBlockingQueue.poll(LinkedBlockingQueue.java:467)
        at org.apache.hadoop.ipc.CallQueueManager.take(CallQueueManager.java:295)
        at org.apache.hadoop.ipc.Server$Handler.run(Server.java:2881)
"PartialTableCache Cleanup Thread - 0" daemon prio=5 tid=4244 in Object.wait()
java.lang.Thread.State: WAITING (on object monitor)
        at sun.misc.Unsafe.park(Native Method)
        at java.util.concurrent.locks.LockSupport.park(LockSupport.java:175)
        at java.util.concurrent.locks.AbstractQueuedSynchronizer$ConditionObject.await(AbstractQueuedSynchronizer.java:2039)
        at java.util.concurrent.LinkedBlockingQueue.take(LinkedBlockingQueue.java:442)
        at java.util.concurrent.ThreadPoolExecutor.getTask(ThreadPoolExecutor.java:1074)
        at java.util.concurrent.ThreadPoolExecutor.runWorker(ThreadPoolExecutor.java:1134)
        at java.util.concurrent.ThreadPoolExecutor$Worker.run(ThreadPoolExecutor.java:624)
        at java.lang.Thread.run(Thread.java:748)
"Socket Reader #1 for port 0"  prio=5 tid=5438 runnable
java.lang.Thread.State: RUNNABLE
        at sun.nio.ch.EPollArrayWrapper.epollWait(Native Method)
        at sun.nio.ch.EPollArrayWrapper.poll(EPollArrayWrapper.java:269)
        at sun.nio.ch.EPollSelectorImpl.doSelect(EPollSelectorImpl.java:93)
        at sun.nio.ch.SelectorImpl.lockAndDoSelect(SelectorImpl.java:86)
        at sun.nio.ch.SelectorImpl.select(SelectorImpl.java:97)
        at sun.nio.ch.SelectorImpl.select(SelectorImpl.java:101)
        at org.apache.hadoop.ipc.Server$Listener$Reader.doRunLoop(Server.java:1242)
        at org.apache.hadoop.ipc.Server$Listener$Reader.run(Server.java:1221)
"pool-360-thread-1"  prio=5 tid=1846 timed_waiting
java.lang.Thread.State: TIMED_WAITING
        at sun.misc.Unsafe.park(Native Method)
        at java.util.concurrent.locks.LockSupport.parkNanos(LockSupport.java:215)
        at java.util.concurrent.locks.AbstractQueuedSynchronizer$ConditionObject.awaitNanos(AbstractQueuedSynchronizer.java:2078)
        at java.util.concurrent.ScheduledThreadPoolExecutor$DelayedWorkQueue.take(ScheduledThreadPoolExecutor.java:1093)
        at java.util.concurrent.ScheduledThreadPoolExecutor$DelayedWorkQueue.take(ScheduledThreadPoolExecutor.java:809)
        at java.util.concurrent.ThreadPoolExecutor.getTask(ThreadPoolExecutor.java:1074)
        at java.util.concurrent.ThreadPoolExecutor.runWorker(ThreadPoolExecutor.java:1134)
        at java.util.concurrent.ThreadPoolExecutor$Worker.run(ThreadPoolExecutor.java:624)
        at java.lang.Thread.run(Thread.java:748)
"qtp675242275-6655" daemon prio=5 tid=6655 timed_waiting
java.lang.Thread.State: TIMED_WAITING
        at sun.misc.Unsafe.park(Native Method)
        at java.util.concurrent.locks.LockSupport.parkNanos(LockSupport.java:215)
        at java.util.concurrent.locks.AbstractQueuedSynchronizer$ConditionObject.awaitNanos(AbstractQueuedSynchronizer.java:2078)
        at org.eclipse.jetty.util.BlockingArrayQueue.poll(BlockingArrayQueue.java:382)
        at org.eclipse.jetty.util.thread.QueuedThreadPool$Runner.idleJobPoll(QueuedThreadPool.java:875)
        at org.eclipse.jetty.util.thread.QueuedThreadPool$Runner.run(QueuedThreadPool.java:925)
        at java.lang.Thread.run(Thread.java:748)
"IPC Server handler 18 on default port 11866" daemon prio=5 tid=6646 timed_waiting
java.lang.Thread.State: TIMED_WAITING
        at sun.misc.Unsafe.park(Native Method)
        at java.util.concurrent.locks.LockSupport.parkNanos(LockSupport.java:215)
        at java.util.concurrent.locks.AbstractQueuedSynchronizer$ConditionObject.awaitNanos(AbstractQueuedSynchronizer.java:2078)
        at java.util.concurrent.LinkedBlockingQueue.poll(LinkedBlockingQueue.java:467)
        at org.apache.hadoop.ipc.CallQueueManager.take(CallQueueManager.java:295)
        at org.apache.hadoop.ipc.Server$Handler.run(Server.java:2881)
"SCMBlockDeletingService#1" daemon prio=5 tid=5519 in Object.wait()
java.lang.Thread.State: WAITING (on object monitor)
        at sun.misc.Unsafe.park(Native Method)
        at java.util.concurrent.locks.LockSupport.park(LockSupport.java:175)
        at java.util.concurrent.locks.AbstractQueuedSynchronizer$ConditionObject.await(AbstractQueuedSynchronizer.java:2039)
        at java.util.concurrent.ScheduledThreadPoolExecutor$DelayedWorkQueue.take(ScheduledThreadPoolExecutor.java:1088)
        at java.util.concurrent.ScheduledThreadPoolExecutor$DelayedWorkQueue.take(ScheduledThreadPoolExecutor.java:809)
        at java.util.concurrent.ThreadPoolExecutor.getTask(ThreadPoolExecutor.java:1074)
        at java.util.concurrent.ThreadPoolExecutor.runWorker(ThreadPoolExecutor.java:1134)
        at java.util.concurrent.ThreadPoolExecutor$Worker.run(ThreadPoolExecutor.java:624)
        at java.lang.Thread.run(Thread.java:748)
"EventQueue-IncrementalContainerReportForIncrementalContainerReportHandler" daemon prio=5 tid=5893 in Object.wait()
java.lang.Thread.State: WAITING (on object monitor)
        at sun.misc.Unsafe.park(Native Method)
        at java.util.concurrent.locks.LockSupport.park(LockSupport.java:175)
        at java.util.concurrent.locks.AbstractQueuedSynchronizer$ConditionObject.await(AbstractQueuedSynchronizer.java:2039)
        at java.util.concurrent.LinkedBlockingQueue.take(LinkedBlockingQueue.java:442)
        at java.util.concurrent.ThreadPoolExecutor.getTask(ThreadPoolExecutor.java:1074)
        at java.util.concurrent.ThreadPoolExecutor.runWorker(ThreadPoolExecutor.java:1134)
        at java.util.concurrent.ThreadPoolExecutor$Worker.run(ThreadPoolExecutor.java:624)
        at java.lang.Thread.run(Thread.java:748)
"Timer for 'StorageContainerManager' metrics system" daemon prio=5 tid=5446 timed_waiting
java.lang.Thread.State: TIMED_WAITING
        at java.lang.Object.wait(Native Method)
        at java.util.TimerThread.mainLoop(Timer.java:552)
        at java.util.TimerThread.run(Timer.java:505)
"69db720a-335e-417f-9e4d-9b6daaea3d10@group-3E57BA319AF7-SegmentedRaftLogWorker"  prio=5 tid=5802 timed_waiting
java.lang.Thread.State: TIMED_WAITING
        at sun.misc.Unsafe.park(Native Method)
        at java.util.concurrent.locks.LockSupport.parkNanos(LockSupport.java:215)
        at java.util.concurrent.locks.AbstractQueuedSynchronizer$ConditionObject.awaitNanos(AbstractQueuedSynchronizer.java:2078)
        at org.apache.ratis.util.DataBlockingQueue.poll(DataBlockingQueue.java:137)
        at org.apache.ratis.server.raftlog.segmented.SegmentedRaftLogWorker.run(SegmentedRaftLogWorker.java:293)
        at java.lang.Thread.run(Thread.java:748)
"BlockDeletingService#2" daemon prio=5 tid=6916 timed_waiting
java.lang.Thread.State: TIMED_WAITING
        at sun.misc.Unsafe.park(Native Method)
        at java.util.concurrent.locks.LockSupport.parkNanos(LockSupport.java:215)
        at java.util.concurrent.locks.AbstractQueuedSynchronizer$ConditionObject.awaitNanos(AbstractQueuedSynchronizer.java:2078)
        at java.util.concurrent.ScheduledThreadPoolExecutor$DelayedWorkQueue.take(ScheduledThreadPoolExecutor.java:1093)
        at java.util.concurrent.ScheduledThreadPoolExecutor$DelayedWorkQueue.take(ScheduledThreadPoolExecutor.java:809)
        at java.util.concurrent.ThreadPoolExecutor.getTask(ThreadPoolExecutor.java:1074)
        at java.util.concurrent.ThreadPoolExecutor.runWorker(ThreadPoolExecutor.java:1134)
        at java.util.concurrent.ThreadPoolExecutor$Worker.run(ThreadPoolExecutor.java:624)
        at java.lang.Thread.run(Thread.java:748)
"pool-907-thread-1"  prio=5 tid=4531 timed_waiting
java.lang.Thread.State: TIMED_WAITING
        at sun.misc.Unsafe.park(Native Method)
        at java.util.concurrent.locks.LockSupport.parkNanos(LockSupport.java:215)
        at java.util.concurrent.locks.AbstractQueuedSynchronizer$ConditionObject.awaitNanos(AbstractQueuedSynchronizer.java:2078)
        at java.util.concurrent.ScheduledThreadPoolExecutor$DelayedWorkQueue.take(ScheduledThreadPoolExecutor.java:1093)
        at java.util.concurrent.ScheduledThreadPoolExecutor$DelayedWorkQueue.take(ScheduledThreadPoolExecutor.java:809)
        at java.util.concurrent.ThreadPoolExecutor.getTask(ThreadPoolExecutor.java:1074)
        at java.util.concurrent.ThreadPoolExecutor.runWorker(ThreadPoolExecutor.java:1134)
        at java.util.concurrent.ThreadPoolExecutor$Worker.run(ThreadPoolExecutor.java:624)
        at java.lang.Thread.run(Thread.java:748)
"IPC Server handler 12 on default port 11872" daemon prio=5 tid=5636 timed_waiting
java.lang.Thread.State: TIMED_WAITING
        at sun.misc.Unsafe.park(Native Method)
        at java.util.concurrent.locks.LockSupport.parkNanos(LockSupport.java:215)
        at java.util.concurrent.locks.AbstractQueuedSynchronizer$ConditionObject.awaitNanos(AbstractQueuedSynchronizer.java:2078)
        at java.util.concurrent.LinkedBlockingQueue.poll(LinkedBlockingQueue.java:467)
        at org.apache.hadoop.ipc.CallQueueManager.take(CallQueueManager.java:295)
        at org.apache.hadoop.ipc.Server$Handler.run(Server.java:2881)
"SCM Heartbeat Processing Thread - 0" daemon prio=5 tid=5427 timed_waiting
java.lang.Thread.State: TIMED_WAITING
        at sun.misc.Unsafe.park(Native Method)
        at java.util.concurrent.locks.LockSupport.parkNanos(LockSupport.java:215)
        at java.util.concurrent.locks.AbstractQueuedSynchronizer$ConditionObject.awaitNanos(AbstractQueuedSynchronizer.java:2078)
        at java.util.concurrent.ScheduledThreadPoolExecutor$DelayedWorkQueue.take(ScheduledThreadPoolExecutor.java:1093)
        at java.util.concurrent.ScheduledThreadPoolExecutor$DelayedWorkQueue.take(ScheduledThreadPoolExecutor.java:809)
        at java.util.concurrent.ThreadPoolExecutor.getTask(ThreadPoolExecutor.java:1074)
        at java.util.concurrent.ThreadPoolExecutor.runWorker(ThreadPoolExecutor.java:1134)
        at java.util.concurrent.ThreadPoolExecutor$Worker.run(ThreadPoolExecutor.java:624)
        at java.lang.Thread.run(Thread.java:748)
"IPC Server handler 4 on default port 11866" daemon prio=5 tid=6632 timed_waiting
java.lang.Thread.State: TIMED_WAITING
        at sun.misc.Unsafe.park(Native Method)
        at java.util.concurrent.locks.LockSupport.parkNanos(LockSupport.java:215)
        at java.util.concurrent.locks.AbstractQueuedSynchronizer$ConditionObject.awaitNanos(AbstractQueuedSynchronizer.java:2078)
        at java.util.concurrent.LinkedBlockingQueue.poll(LinkedBlockingQueue.java:467)
        at org.apache.hadoop.ipc.CallQueueManager.take(CallQueueManager.java:295)
        at org.apache.hadoop.ipc.Server$Handler.run(Server.java:2881)
"pool-1084-thread-1"  prio=5 tid=5555 timed_waiting
java.lang.Thread.State: TIMED_WAITING
        at sun.misc.Unsafe.park(Native Method)
        at java.util.concurrent.locks.LockSupport.parkNanos(LockSupport.java:215)
        at java.util.concurrent.locks.AbstractQueuedSynchronizer$ConditionObject.awaitNanos(AbstractQueuedSynchronizer.java:2078)
        at java.util.concurrent.ScheduledThreadPoolExecutor$DelayedWorkQueue.take(ScheduledThreadPoolExecutor.java:1093)
        at java.util.concurrent.ScheduledThreadPoolExecutor$DelayedWorkQueue.take(ScheduledThreadPoolExecutor.java:809)
        at java.util.concurrent.ThreadPoolExecutor.getTask(ThreadPoolExecutor.java:1074)
        at java.util.concurrent.ThreadPoolExecutor.runWorker(ThreadPoolExecutor.java:1134)
        at java.util.concurrent.ThreadPoolExecutor$Worker.run(ThreadPoolExecutor.java:624)
        at java.lang.Thread.run(Thread.java:748)
"IPC Server handler 17 on default port 45819" daemon prio=5 tid=5485 timed_waiting
java.lang.Thread.State: TIMED_WAITING
        at sun.misc.Unsafe.park(Native Method)
        at java.util.concurrent.locks.LockSupport.parkNanos(LockSupport.java:215)
        at java.util.concurrent.locks.AbstractQueuedSynchronizer$ConditionObject.awaitNanos(AbstractQueuedSynchronizer.java:2078)
        at java.util.concurrent.LinkedBlockingQueue.poll(LinkedBlockingQueue.java:467)
        at org.apache.hadoop.ipc.CallQueueManager.take(CallQueueManager.java:295)
        at org.apache.hadoop.ipc.Server$Handler.run(Server.java:2881)
"PartialTableCache Cleanup Thread - 0" daemon prio=5 tid=4245 in Object.wait()
java.lang.Thread.State: WAITING (on object monitor)
        at sun.misc.Unsafe.park(Native Method)
        at java.util.concurrent.locks.LockSupport.park(LockSupport.java:175)
        at java.util.concurrent.locks.AbstractQueuedSynchronizer$ConditionObject.await(AbstractQueuedSynchronizer.java:2039)
        at java.util.concurrent.LinkedBlockingQueue.take(LinkedBlockingQueue.java:442)
        at java.util.concurrent.ThreadPoolExecutor.getTask(ThreadPoolExecutor.java:1074)
        at java.util.concurrent.ThreadPoolExecutor.runWorker(ThreadPoolExecutor.java:1134)
        at java.util.concurrent.ThreadPoolExecutor$Worker.run(ThreadPoolExecutor.java:624)
        at java.lang.Thread.run(Thread.java:748)
"PartialTableCache Cleanup Thread - 0" daemon prio=5 tid=993 in Object.wait()
java.lang.Thread.State: WAITING (on object monitor)
        at sun.misc.Unsafe.park(Native Method)
        at java.util.concurrent.locks.LockSupport.park(LockSupport.java:175)
        at java.util.concurrent.locks.AbstractQueuedSynchronizer$ConditionObject.await(AbstractQueuedSynchronizer.java:2039)
        at java.util.concurrent.LinkedBlockingQueue.take(LinkedBlockingQueue.java:442)
        at java.util.concurrent.ThreadPoolExecutor.getTask(ThreadPoolExecutor.java:1074)
        at java.util.concurrent.ThreadPoolExecutor.runWorker(ThreadPoolExecutor.java:1134)
        at java.util.concurrent.ThreadPoolExecutor$Worker.run(ThreadPoolExecutor.java:624)
        at java.lang.Thread.run(Thread.java:748)
"IPC Server handler 3 on default port 45819" daemon prio=5 tid=5471 timed_waiting
java.lang.Thread.State: TIMED_WAITING
        at sun.misc.Unsafe.park(Native Method)
        at java.util.concurrent.locks.LockSupport.parkNanos(LockSupport.java:215)
        at java.util.concurrent.locks.AbstractQueuedSynchronizer$ConditionObject.awaitNanos(AbstractQueuedSynchronizer.java:2078)
        at java.util.concurrent.LinkedBlockingQueue.poll(LinkedBlockingQueue.java:467)
        at org.apache.hadoop.ipc.CallQueueManager.take(CallQueueManager.java:295)
        at org.apache.hadoop.ipc.Server$Handler.run(Server.java:2881)
"IPC Server handler 5 on default port 36843" daemon prio=5 tid=5453 timed_waiting
java.lang.Thread.State: TIMED_WAITING
        at sun.misc.Unsafe.park(Native Method)
        at java.util.concurrent.locks.LockSupport.parkNanos(LockSupport.java:215)
        at java.util.concurrent.locks.AbstractQueuedSynchronizer$ConditionObject.awaitNanos(AbstractQueuedSynchronizer.java:2078)
        at java.util.concurrent.LinkedBlockingQueue.poll(LinkedBlockingQueue.java:467)
        at org.apache.hadoop.ipc.CallQueueManager.take(CallQueueManager.java:295)
        at org.apache.hadoop.ipc.Server$Handler.run(Server.java:2881)
"PartialTableCache Cleanup Thread - 0" daemon prio=5 tid=1695 in Object.wait()
java.lang.Thread.State: WAITING (on object monitor)
        at sun.misc.Unsafe.park(Native Method)
        at java.util.concurrent.locks.LockSupport.park(LockSupport.java:175)
        at java.util.concurrent.locks.AbstractQueuedSynchronizer$ConditionObject.await(AbstractQueuedSynchronizer.java:2039)
        at java.util.concurrent.LinkedBlockingQueue.take(LinkedBlockingQueue.java:442)
        at java.util.concurrent.ThreadPoolExecutor.getTask(ThreadPoolExecutor.java:1074)
        at java.util.concurrent.ThreadPoolExecutor.runWorker(ThreadPoolExecutor.java:1134)
        at java.util.concurrent.ThreadPoolExecutor$Worker.run(ThreadPoolExecutor.java:624)
        at java.lang.Thread.run(Thread.java:748)
"PartialTableCache Cleanup Thread - 0" daemon prio=5 tid=2251 in Object.wait()
java.lang.Thread.State: WAITING (on object monitor)
        at sun.misc.Unsafe.park(Native Method)
        at java.util.concurrent.locks.LockSupport.park(LockSupport.java:175)
        at java.util.concurrent.locks.AbstractQueuedSynchronizer$ConditionObject.await(AbstractQueuedSynchronizer.java:2039)
        at java.util.concurrent.LinkedBlockingQueue.take(LinkedBlockingQueue.java:442)
        at java.util.concurrent.ThreadPoolExecutor.getTask(ThreadPoolExecutor.java:1074)
        at java.util.concurrent.ThreadPoolExecutor.runWorker(ThreadPoolExecutor.java:1134)
        at java.util.concurrent.ThreadPoolExecutor$Worker.run(ThreadPoolExecutor.java:624)
        at java.lang.Thread.run(Thread.java:748)
"pool-891-thread-1"  prio=5 tid=4486 timed_waiting
java.lang.Thread.State: TIMED_WAITING
        at sun.misc.Unsafe.park(Native Method)
        at java.util.concurrent.locks.LockSupport.parkNanos(LockSupport.java:215)
        at java.util.concurrent.locks.AbstractQueuedSynchronizer$ConditionObject.awaitNanos(AbstractQueuedSynchronizer.java:2078)
        at java.util.concurrent.ScheduledThreadPoolExecutor$DelayedWorkQueue.take(ScheduledThreadPoolExecutor.java:1093)
        at java.util.concurrent.ScheduledThreadPoolExecutor$DelayedWorkQueue.take(ScheduledThreadPoolExecutor.java:809)
        at java.util.concurrent.ThreadPoolExecutor.getTask(ThreadPoolExecutor.java:1074)
        at java.util.concurrent.ThreadPoolExecutor.runWorker(ThreadPoolExecutor.java:1134)
        at java.util.concurrent.ThreadPoolExecutor$Worker.run(ThreadPoolExecutor.java:624)
        at java.lang.Thread.run(Thread.java:748)
"PartialTableCache Cleanup Thread - 0" daemon prio=5 tid=3769 in Object.wait()
java.lang.Thread.State: WAITING (on object monitor)
        at sun.misc.Unsafe.park(Native Method)
        at java.util.concurrent.locks.LockSupport.park(LockSupport.java:175)
        at java.util.concurrent.locks.AbstractQueuedSynchronizer$ConditionObject.await(AbstractQueuedSynchronizer.java:2039)
        at java.util.concurrent.LinkedBlockingQueue.take(LinkedBlockingQueue.java:442)
        at java.util.concurrent.ThreadPoolExecutor.getTask(ThreadPoolExecutor.java:1074)
        at java.util.concurrent.ThreadPoolExecutor.runWorker(ThreadPoolExecutor.java:1134)
        at java.util.concurrent.ThreadPoolExecutor$Worker.run(ThreadPoolExecutor.java:624)
        at java.lang.Thread.run(Thread.java:748)
"qtp1650455680-5688" daemon prio=5 tid=5688 timed_waiting
java.lang.Thread.State: TIMED_WAITING
        at sun.misc.Unsafe.park(Native Method)
        at java.util.concurrent.locks.LockSupport.parkNanos(LockSupport.java:215)
        at java.util.concurrent.locks.AbstractQueuedSynchronizer$ConditionObject.awaitNanos(AbstractQueuedSynchronizer.java:2078)
        at org.eclipse.jetty.util.BlockingArrayQueue.poll(BlockingArrayQueue.java:382)
        at org.eclipse.jetty.util.thread.QueuedThreadPool$Runner.idleJobPoll(QueuedThreadPool.java:875)
        at org.eclipse.jetty.util.thread.QueuedThreadPool$Runner.run(QueuedThreadPool.java:925)
        at java.lang.Thread.run(Thread.java:748)
"IPC Server handler 18 on default port 11872" daemon prio=5 tid=5642 timed_waiting
java.lang.Thread.State: TIMED_WAITING
        at sun.misc.Unsafe.park(Native Method)
        at java.util.concurrent.locks.LockSupport.parkNanos(LockSupport.java:215)
        at java.util.concurrent.locks.AbstractQueuedSynchronizer$ConditionObject.awaitNanos(AbstractQueuedSynchronizer.java:2078)
        at java.util.concurrent.LinkedBlockingQueue.poll(LinkedBlockingQueue.java:467)
        at org.apache.hadoop.ipc.CallQueueManager.take(CallQueueManager.java:295)
        at org.apache.hadoop.ipc.Server$Handler.run(Server.java:2881)
"IPC Server handler 3 on default port 41453" daemon prio=5 tid=5491 timed_waiting
java.lang.Thread.State: TIMED_WAITING
        at sun.misc.Unsafe.park(Native Method)
        at java.util.concurrent.locks.LockSupport.parkNanos(LockSupport.java:215)
        at java.util.concurrent.locks.AbstractQueuedSynchronizer$ConditionObject.awaitNanos(AbstractQueuedSynchronizer.java:2078)
        at java.util.concurrent.LinkedBlockingQueue.poll(LinkedBlockingQueue.java:467)
        at org.apache.hadoop.ipc.CallQueueManager.take(CallQueueManager.java:295)
        at org.apache.hadoop.ipc.Server$Handler.run(Server.java:2881)
"Thread-4756" daemon prio=5 tid=5860 timed_waiting
java.lang.Thread.State: TIMED_WAITING
        at sun.misc.Unsafe.park(Native Method)
        at java.util.concurrent.locks.LockSupport.parkNanos(LockSupport.java:215)
        at java.util.concurrent.locks.AbstractQueuedSynchronizer$ConditionObject.awaitNanos(AbstractQueuedSynchronizer.java:2078)
        at java.util.concurrent.ArrayBlockingQueue.poll(ArrayBlockingQueue.java:418)
        at org.apache.ratis.server.impl.LeaderState$EventQueue.poll(LeaderState.java:122)
        at org.apache.ratis.server.impl.LeaderState$EventProcessor.run(LeaderState.java:506)
"ChunkWriter-1-0" daemon prio=5 tid=5743 in Object.wait()
java.lang.Thread.State: WAITING (on object monitor)
        at sun.misc.Unsafe.park(Native Method)
        at java.util.concurrent.locks.LockSupport.park(LockSupport.java:175)
        at java.util.concurrent.locks.AbstractQueuedSynchronizer$ConditionObject.await(AbstractQueuedSynchronizer.java:2039)
        at java.util.concurrent.LinkedBlockingDeque.takeFirst(LinkedBlockingDeque.java:492)
        at java.util.concurrent.LinkedBlockingDeque.take(LinkedBlockingDeque.java:680)
        at java.util.concurrent.ThreadPoolExecutor.getTask(ThreadPoolExecutor.java:1074)
        at java.util.concurrent.ThreadPoolExecutor.runWorker(ThreadPoolExecutor.java:1134)
        at java.util.concurrent.ThreadPoolExecutor$Worker.run(ThreadPoolExecutor.java:624)
        at java.lang.Thread.run(Thread.java:748)
"grpc-default-executor-10" daemon prio=5 tid=7499 timed_waiting
java.lang.Thread.State: TIMED_WAITING
        at sun.misc.Unsafe.park(Native Method)
        at java.util.concurrent.locks.LockSupport.parkNanos(LockSupport.java:215)
        at java.util.concurrent.SynchronousQueue$TransferStack.awaitFulfill(SynchronousQueue.java:460)
        at java.util.concurrent.SynchronousQueue$TransferStack.transfer(SynchronousQueue.java:362)
        at java.util.concurrent.SynchronousQueue.poll(SynchronousQueue.java:941)
        at java.util.concurrent.ThreadPoolExecutor.getTask(ThreadPoolExecutor.java:1073)
        at java.util.concurrent.ThreadPoolExecutor.runWorker(ThreadPoolExecutor.java:1134)
        at java.util.concurrent.ThreadPoolExecutor$Worker.run(ThreadPoolExecutor.java:624)
        at java.lang.Thread.run(Thread.java:748)
"Session-HouseKeeper-763b4b94-1"  prio=5 tid=5516 timed_waiting
java.lang.Thread.State: TIMED_WAITING
        at sun.misc.Unsafe.park(Native Method)
        at java.util.concurrent.locks.LockSupport.parkNanos(LockSupport.java:215)
        at java.util.concurrent.locks.AbstractQueuedSynchronizer$ConditionObject.awaitNanos(AbstractQueuedSynchronizer.java:2078)
        at java.util.concurrent.ScheduledThreadPoolExecutor$DelayedWorkQueue.take(ScheduledThreadPoolExecutor.java:1093)
        at java.util.concurrent.ScheduledThreadPoolExecutor$DelayedWorkQueue.take(ScheduledThreadPoolExecutor.java:809)
        at java.util.concurrent.ThreadPoolExecutor.getTask(ThreadPoolExecutor.java:1074)
        at java.util.concurrent.ThreadPoolExecutor.runWorker(ThreadPoolExecutor.java:1134)
        at java.util.concurrent.ThreadPoolExecutor$Worker.run(ThreadPoolExecutor.java:624)
        at java.lang.Thread.run(Thread.java:748)
"Thread-4647" daemon prio=5 tid=5728 timed_waiting
java.lang.Thread.State: TIMED_WAITING
        at java.lang.Thread.sleep(Native Method)
        at org.apache.ratis.util.JavaUtils.sleep(JavaUtils.java:243)
        at org.apache.ratis.server.impl.FollowerState.run(FollowerState.java:97)
"Socket Reader #1 for port 11872"  prio=5 tid=5615 runnable
java.lang.Thread.State: RUNNABLE
        at sun.nio.ch.EPollArrayWrapper.epollWait(Native Method)
        at sun.nio.ch.EPollArrayWrapper.poll(EPollArrayWrapper.java:269)
        at sun.nio.ch.EPollSelectorImpl.doSelect(EPollSelectorImpl.java:93)
        at sun.nio.ch.SelectorImpl.lockAndDoSelect(SelectorImpl.java:86)
        at sun.nio.ch.SelectorImpl.select(SelectorImpl.java:97)
        at sun.nio.ch.SelectorImpl.select(SelectorImpl.java:101)
        at org.apache.hadoop.ipc.Server$Listener$Reader.doRunLoop(Server.java:1242)
        at org.apache.hadoop.ipc.Server$Listener$Reader.run(Server.java:1221)
"pool-59-thread-1"  prio=5 tid=205 timed_waiting
java.lang.Thread.State: TIMED_WAITING
        at sun.misc.Unsafe.park(Native Method)
        at java.util.concurrent.locks.LockSupport.parkNanos(LockSupport.java:215)
        at java.util.concurrent.locks.AbstractQueuedSynchronizer$ConditionObject.awaitNanos(AbstractQueuedSynchronizer.java:2078)
        at java.util.concurrent.ScheduledThreadPoolExecutor$DelayedWorkQueue.take(ScheduledThreadPoolExecutor.java:1093)
        at java.util.concurrent.ScheduledThreadPoolExecutor$DelayedWorkQueue.take(ScheduledThreadPoolExecutor.java:809)
        at java.util.concurrent.ThreadPoolExecutor.getTask(ThreadPoolExecutor.java:1074)
        at java.util.concurrent.ThreadPoolExecutor.runWorker(ThreadPoolExecutor.java:1134)
        at java.util.concurrent.ThreadPoolExecutor$Worker.run(ThreadPoolExecutor.java:624)
        at java.lang.Thread.run(Thread.java:748)
"PartialTableCache Cleanup Thread - 0" daemon prio=5 tid=497 in Object.wait()
java.lang.Thread.State: WAITING (on object monitor)
        at sun.misc.Unsafe.park(Native Method)
        at java.util.concurrent.locks.LockSupport.park(LockSupport.java:175)
        at java.util.concurrent.locks.AbstractQueuedSynchronizer$ConditionObject.await(AbstractQueuedSynchronizer.java:2039)
        at java.util.concurrent.LinkedBlockingQueue.take(LinkedBlockingQueue.java:442)
        at java.util.concurrent.ThreadPoolExecutor.getTask(ThreadPoolExecutor.java:1074)
        at java.util.concurrent.ThreadPoolExecutor.runWorker(ThreadPoolExecutor.java:1134)
        at java.util.concurrent.ThreadPoolExecutor$Worker.run(ThreadPoolExecutor.java:624)
        at java.lang.Thread.run(Thread.java:748)
"qtp187225922-5514" daemon prio=5 tid=5514 timed_waiting
java.lang.Thread.State: TIMED_WAITING
        at sun.misc.Unsafe.park(Native Method)
        at java.util.concurrent.locks.LockSupport.parkNanos(LockSupport.java:215)
        at java.util.concurrent.locks.AbstractQueuedSynchronizer$ConditionObject.awaitNanos(AbstractQueuedSynchronizer.java:2078)
        at org.eclipse.jetty.util.BlockingArrayQueue.poll(BlockingArrayQueue.java:382)
        at org.eclipse.jetty.util.thread.QueuedThreadPool$Runner.idleJobPoll(QueuedThreadPool.java:875)
        at org.eclipse.jetty.util.thread.QueuedThreadPool$Runner.run(QueuedThreadPool.java:925)
        at java.lang.Thread.run(Thread.java:748)
"IPC Server idle connection scanner for port 11872" daemon prio=5 tid=5616 timed_waiting
java.lang.Thread.State: TIMED_WAITING
        at java.lang.Object.wait(Native Method)
        at java.util.TimerThread.mainLoop(Timer.java:552)
        at java.util.TimerThread.run(Timer.java:505)
"69db720a-335e-417f-9e4d-9b6daaea3d10@group-3E57BA319AF7-StateMachineUpdater" daemon prio=5 tid=5803 in Object.wait()
java.lang.Thread.State: WAITING (on object monitor)
        at java.lang.Object.wait(Native Method)
        at java.lang.Object.wait(Object.java:502)
        at org.apache.ratis.server.impl.StateMachineUpdater.waitForCommit(StateMachineUpdater.java:200)
        at org.apache.ratis.server.impl.StateMachineUpdater.run(StateMachineUpdater.java:165)
        at java.lang.Thread.run(Thread.java:748)
"Datanode ReportManager Thread - 3" daemon prio=5 tid=5679 in Object.wait()
java.lang.Thread.State: WAITING (on object monitor)
        at sun.misc.Unsafe.park(Native Method)
        at java.util.concurrent.locks.LockSupport.park(LockSupport.java:175)
        at java.util.concurrent.locks.AbstractQueuedSynchronizer$ConditionObject.await(AbstractQueuedSynchronizer.java:2039)
        at java.util.concurrent.ScheduledThreadPoolExecutor$DelayedWorkQueue.take(ScheduledThreadPoolExecutor.java:1088)
        at java.util.concurrent.ScheduledThreadPoolExecutor$DelayedWorkQueue.take(ScheduledThreadPoolExecutor.java:809)
        at java.util.concurrent.ThreadPoolExecutor.getTask(ThreadPoolExecutor.java:1074)
        at java.util.concurrent.ThreadPoolExecutor.runWorker(ThreadPoolExecutor.java:1134)
        at java.util.concurrent.ThreadPoolExecutor$Worker.run(ThreadPoolExecutor.java:624)
        at java.lang.Thread.run(Thread.java:748)
"Thread-4745" daemon prio=5 tid=5849 timed_waiting
java.lang.Thread.State: TIMED_WAITING
        at java.lang.Thread.sleep(Native Method)
        at org.apache.ratis.util.JavaUtils.sleep(JavaUtils.java:243)
        at org.apache.ratis.server.impl.FollowerState.run(FollowerState.java:97)
"qtp880433415-5708" daemon prio=5 tid=5708 runnable
java.lang.Thread.State: RUNNABLE
        at sun.nio.ch.EPollArrayWrapper.epollWait(Native Method)
        at sun.nio.ch.EPollArrayWrapper.poll(EPollArrayWrapper.java:269)
        at sun.nio.ch.EPollSelectorImpl.doSelect(EPollSelectorImpl.java:93)
        at sun.nio.ch.SelectorImpl.lockAndDoSelect(SelectorImpl.java:86)
        at sun.nio.ch.SelectorImpl.select(SelectorImpl.java:97)
        at sun.nio.ch.SelectorImpl.select(SelectorImpl.java:101)
        at org.eclipse.jetty.io.ManagedSelector$SelectorProducer.select(ManagedSelector.java:472)
        at org.eclipse.jetty.io.ManagedSelector$SelectorProducer.produce(ManagedSelector.java:409)
        at org.eclipse.jetty.util.thread.strategy.EatWhatYouKill.produceTask(EatWhatYouKill.java:360)
        at org.eclipse.jetty.util.thread.strategy.EatWhatYouKill.doProduce(EatWhatYouKill.java:184)
        at org.eclipse.jetty.util.thread.strategy.EatWhatYouKill.tryProduce(EatWhatYouKill.java:171)
        at org.eclipse.jetty.util.thread.strategy.EatWhatYouKill.produce(EatWhatYouKill.java:135)
        at org.eclipse.jetty.io.ManagedSelector$$Lambda$72/1129097646.run(Unknown Source)
        at org.eclipse.jetty.util.thread.QueuedThreadPool.runJob(QueuedThreadPool.java:806)
        at org.eclipse.jetty.util.thread.QueuedThreadPool$Runner.run(QueuedThreadPool.java:938)
        at java.lang.Thread.run(Thread.java:748)
"IPC Server Responder" daemon prio=5 tid=5528 runnable
java.lang.Thread.State: RUNNABLE
        at sun.nio.ch.EPollArrayWrapper.epollWait(Native Method)
        at sun.nio.ch.EPollArrayWrapper.poll(EPollArrayWrapper.java:269)
        at sun.nio.ch.EPollSelectorImpl.doSelect(EPollSelectorImpl.java:93)
        at sun.nio.ch.SelectorImpl.lockAndDoSelect(SelectorImpl.java:86)
        at sun.nio.ch.SelectorImpl.select(SelectorImpl.java:97)
        at org.apache.hadoop.ipc.Server$Responder.doRunLoop(Server.java:1480)
        at org.apache.hadoop.ipc.Server$Responder.run(Server.java:1463)
"BlockDeletingService#3" daemon prio=5 tid=7263 in Object.wait()
java.lang.Thread.State: WAITING (on object monitor)
        at sun.misc.Unsafe.park(Native Method)
        at java.util.concurrent.locks.LockSupport.park(LockSupport.java:175)
        at java.util.concurrent.locks.AbstractQueuedSynchronizer$ConditionObject.await(AbstractQueuedSynchronizer.java:2039)
        at java.util.concurrent.ScheduledThreadPoolExecutor$DelayedWorkQueue.take(ScheduledThreadPoolExecutor.java:1088)
        at java.util.concurrent.ScheduledThreadPoolExecutor$DelayedWorkQueue.take(ScheduledThreadPoolExecutor.java:809)
        at java.util.concurrent.ThreadPoolExecutor.getTask(ThreadPoolExecutor.java:1074)
        at java.util.concurrent.ThreadPoolExecutor.runWorker(ThreadPoolExecutor.java:1134)
        at java.util.concurrent.ThreadPoolExecutor$Worker.run(ThreadPoolExecutor.java:624)
        at java.lang.Thread.run(Thread.java:748)
"Timer-33"  prio=5 tid=6617 timed_waiting
java.lang.Thread.State: TIMED_WAITING
        at java.lang.Object.wait(Native Method)
        at java.util.TimerThread.mainLoop(Timer.java:552)
        at java.util.TimerThread.run(Timer.java:505)
"IPC Server handler 5 on default port 45819" daemon prio=5 tid=5473 timed_waiting
java.lang.Thread.State: TIMED_WAITING
        at sun.misc.Unsafe.park(Native Method)
        at java.util.concurrent.locks.LockSupport.parkNanos(LockSupport.java:215)
        at java.util.concurrent.locks.AbstractQueuedSynchronizer$ConditionObject.awaitNanos(AbstractQueuedSynchronizer.java:2078)
        at java.util.concurrent.LinkedBlockingQueue.poll(LinkedBlockingQueue.java:467)
        at org.apache.hadoop.ipc.CallQueueManager.take(CallQueueManager.java:295)
        at org.apache.hadoop.ipc.Server$Handler.run(Server.java:2881)
"PartialTableCache Cleanup Thread - 0" daemon prio=5 tid=4821 in Object.wait()
java.lang.Thread.State: WAITING (on object monitor)
        at sun.misc.Unsafe.park(Native Method)
        at java.util.concurrent.locks.LockSupport.park(LockSupport.java:175)
        at java.util.concurrent.locks.AbstractQueuedSynchronizer$ConditionObject.await(AbstractQueuedSynchronizer.java:2039)
        at java.util.concurrent.LinkedBlockingQueue.take(LinkedBlockingQueue.java:442)
        at java.util.concurrent.ThreadPoolExecutor.getTask(ThreadPoolExecutor.java:1074)
        at java.util.concurrent.ThreadPoolExecutor.runWorker(ThreadPoolExecutor.java:1134)
        at java.util.concurrent.ThreadPoolExecutor$Worker.run(ThreadPoolExecutor.java:624)
        at java.lang.Thread.run(Thread.java:748)
"Reference Handler" daemon prio=10 tid=2 in Object.wait()
java.lang.Thread.State: WAITING (on object monitor)
        at java.lang.Object.wait(Native Method)
        at java.lang.Object.wait(Object.java:502)
        at java.lang.ref.Reference.tryHandlePending(Reference.java:191)
        at java.lang.ref.Reference$ReferenceHandler.run(Reference.java:153)
"omNode-3@group-523986131536-SegmentedRaftLogWorker"  prio=5 tid=5618 timed_waiting
java.lang.Thread.State: TIMED_WAITING
        at sun.misc.Unsafe.park(Native Method)
        at java.util.concurrent.locks.LockSupport.parkNanos(LockSupport.java:215)
        at java.util.concurrent.locks.AbstractQueuedSynchronizer$ConditionObject.awaitNanos(AbstractQueuedSynchronizer.java:2078)
        at org.apache.ratis.util.DataBlockingQueue.poll(DataBlockingQueue.java:137)
        at org.apache.ratis.server.raftlog.segmented.SegmentedRaftLogWorker.run(SegmentedRaftLogWorker.java:293)
        at java.lang.Thread.run(Thread.java:748)
"PartialTableCache Cleanup Thread - 0" daemon prio=5 tid=2736 in Object.wait()
java.lang.Thread.State: WAITING (on object monitor)
        at sun.misc.Unsafe.park(Native Method)
        at java.util.concurrent.locks.LockSupport.park(LockSupport.java:175)
        at java.util.concurrent.locks.AbstractQueuedSynchronizer$ConditionObject.await(AbstractQueuedSynchronizer.java:2039)
        at java.util.concurrent.LinkedBlockingQueue.take(LinkedBlockingQueue.java:442)
        at java.util.concurrent.ThreadPoolExecutor.getTask(ThreadPoolExecutor.java:1074)
        at java.util.concurrent.ThreadPoolExecutor.runWorker(ThreadPoolExecutor.java:1134)
        at java.util.concurrent.ThreadPoolExecutor$Worker.run(ThreadPoolExecutor.java:624)
        at java.lang.Thread.run(Thread.java:748)
"org.apache.ratis.server.impl.LogAppender$AppenderDaemon$$Lambda$336/202934955@2d5d1f50" daemon prio=5 tid=5852 timed_waiting
java.lang.Thread.State: TIMED_WAITING
        at java.lang.Object.wait(Native Method)
        at org.apache.ratis.grpc.server.GrpcLogAppender.mayWait(GrpcLogAppender.java:151)
        at org.apache.ratis.grpc.server.GrpcLogAppender.runAppenderImpl(GrpcLogAppender.java:105)
        at org.apache.ratis.server.impl.LogAppender$AppenderDaemon.run(LogAppender.java:77)
        at org.apache.ratis.server.impl.LogAppender$AppenderDaemon$$Lambda$336/202934955.run(Unknown Source)
        at java.lang.Thread.run(Thread.java:748)
"EventQueue-DatanodeCommandForSCMNodeManager"  prio=5 tid=5773 in Object.wait()
java.lang.Thread.State: WAITING (on object monitor)
        at sun.misc.Unsafe.park(Native Method)
        at java.util.concurrent.locks.LockSupport.park(LockSupport.java:175)
        at java.util.concurrent.locks.AbstractQueuedSynchronizer$ConditionObject.await(AbstractQueuedSynchronizer.java:2039)
        at java.util.concurrent.LinkedBlockingQueue.take(LinkedBlockingQueue.java:442)
        at java.util.concurrent.ThreadPoolExecutor.getTask(ThreadPoolExecutor.java:1074)
        at java.util.concurrent.ThreadPoolExecutor.runWorker(ThreadPoolExecutor.java:1134)
        at java.util.concurrent.ThreadPoolExecutor$Worker.run(ThreadPoolExecutor.java:624)
        at java.lang.Thread.run(Thread.java:748)
"IPC Server handler 7 on default port 11872" daemon prio=5 tid=5631 timed_waiting
java.lang.Thread.State: TIMED_WAITING
        at sun.misc.Unsafe.park(Native Method)
        at java.util.concurrent.locks.LockSupport.parkNanos(LockSupport.java:215)
        at java.util.concurrent.locks.AbstractQueuedSynchronizer$ConditionObject.awaitNanos(AbstractQueuedSynchronizer.java:2078)
        at java.util.concurrent.LinkedBlockingQueue.poll(LinkedBlockingQueue.java:467)
        at org.apache.hadoop.ipc.CallQueueManager.take(CallQueueManager.java:295)
        at org.apache.hadoop.ipc.Server$Handler.run(Server.java:2881)
"java.util.concurrent.ThreadPoolExecutor$Worker@468f0b5c[State = -1, empty queue]" daemon prio=5 tid=5816 timed_waiting
java.lang.Thread.State: TIMED_WAITING
        at sun.misc.Unsafe.park(Native Method)
        at java.util.concurrent.locks.LockSupport.parkNanos(LockSupport.java:215)
        at java.util.concurrent.locks.AbstractQueuedSynchronizer$ConditionObject.awaitNanos(AbstractQueuedSynchronizer.java:2078)
        at java.util.concurrent.ScheduledThreadPoolExecutor$DelayedWorkQueue.take(ScheduledThreadPoolExecutor.java:1093)
        at java.util.concurrent.ScheduledThreadPoolExecutor$DelayedWorkQueue.take(ScheduledThreadPoolExecutor.java:809)
        at java.util.concurrent.ThreadPoolExecutor.getTask(ThreadPoolExecutor.java:1074)
        at java.util.concurrent.ThreadPoolExecutor.runWorker(ThreadPoolExecutor.java:1134)
        at java.util.concurrent.ThreadPoolExecutor$Worker.run(ThreadPoolExecutor.java:624)
        at java.lang.Thread.run(Thread.java:748)
"Datanode State Machine Thread - 0" daemon prio=5 tid=5682 timed_waiting
java.lang.Thread.State: TIMED_WAITING
        at sun.misc.Unsafe.park(Native Method)
        at java.util.concurrent.locks.LockSupport.parkNanos(LockSupport.java:215)
        at java.util.concurrent.SynchronousQueue$TransferStack.awaitFulfill(SynchronousQueue.java:460)
        at java.util.concurrent.SynchronousQueue$TransferStack.transfer(SynchronousQueue.java:362)
        at java.util.concurrent.SynchronousQueue.poll(SynchronousQueue.java:941)
        at java.util.concurrent.ThreadPoolExecutor.getTask(ThreadPoolExecutor.java:1073)
        at java.util.concurrent.ThreadPoolExecutor.runWorker(ThreadPoolExecutor.java:1134)
        at java.util.concurrent.ThreadPoolExecutor$Worker.run(ThreadPoolExecutor.java:624)
        at java.lang.Thread.run(Thread.java:748)
"PartialTableCache Cleanup Thread - 0" daemon prio=5 tid=4816 in Object.wait()
java.lang.Thread.State: WAITING (on object monitor)
        at sun.misc.Unsafe.park(Native Method)
        at java.util.concurrent.locks.LockSupport.park(LockSupport.java:175)
        at java.util.concurrent.locks.AbstractQueuedSynchronizer$ConditionObject.await(AbstractQueuedSynchronizer.java:2039)
        at java.util.concurrent.LinkedBlockingQueue.take(LinkedBlockingQueue.java:442)
        at java.util.concurrent.ThreadPoolExecutor.getTask(ThreadPoolExecutor.java:1074)
        at java.util.concurrent.ThreadPoolExecutor.runWorker(ThreadPoolExecutor.java:1134)
        at java.util.concurrent.ThreadPoolExecutor$Worker.run(ThreadPoolExecutor.java:624)
        at java.lang.Thread.run(Thread.java:748)
"Session-HouseKeeper-4219b5ee-1"  prio=5 tid=5654 timed_waiting
java.lang.Thread.State: TIMED_WAITING
        at sun.misc.Unsafe.park(Native Method)
        at java.util.concurrent.locks.LockSupport.parkNanos(LockSupport.java:215)
        at java.util.concurrent.locks.AbstractQueuedSynchronizer$ConditionObject.awaitNanos(AbstractQueuedSynchronizer.java:2078)
        at java.util.concurrent.ScheduledThreadPoolExecutor$DelayedWorkQueue.take(ScheduledThreadPoolExecutor.java:1093)
        at java.util.concurrent.ScheduledThreadPoolExecutor$DelayedWorkQueue.take(ScheduledThreadPoolExecutor.java:809)
        at java.util.concurrent.ThreadPoolExecutor.getTask(ThreadPoolExecutor.java:1074)
        at java.util.concurrent.ThreadPoolExecutor.runWorker(ThreadPoolExecutor.java:1134)
        at java.util.concurrent.ThreadPoolExecutor$Worker.run(ThreadPoolExecutor.java:624)
        at java.lang.Thread.run(Thread.java:748)
"grpc-default-executor-9" daemon prio=5 tid=7455 timed_waiting
java.lang.Thread.State: TIMED_WAITING
        at sun.misc.Unsafe.park(Native Method)
        at java.util.concurrent.locks.LockSupport.parkNanos(LockSupport.java:215)
        at java.util.concurrent.SynchronousQueue$TransferStack.awaitFulfill(SynchronousQueue.java:460)
        at java.util.concurrent.SynchronousQueue$TransferStack.transfer(SynchronousQueue.java:362)
        at java.util.concurrent.SynchronousQueue.poll(SynchronousQueue.java:941)
        at java.util.concurrent.ThreadPoolExecutor.getTask(ThreadPoolExecutor.java:1073)
        at java.util.concurrent.ThreadPoolExecutor.runWorker(ThreadPoolExecutor.java:1134)
        at java.util.concurrent.ThreadPoolExecutor$Worker.run(ThreadPoolExecutor.java:624)
        at java.lang.Thread.run(Thread.java:748)
"Session-HouseKeeper-36b9e452-1"  prio=5 tid=6657 timed_waiting
java.lang.Thread.State: TIMED_WAITING
        at sun.misc.Unsafe.park(Native Method)
        at java.util.concurrent.locks.LockSupport.parkNanos(LockSupport.java:215)
        at java.util.concurrent.locks.AbstractQueuedSynchronizer$ConditionObject.awaitNanos(AbstractQueuedSynchronizer.java:2078)
        at java.util.concurrent.ScheduledThreadPoolExecutor$DelayedWorkQueue.take(ScheduledThreadPoolExecutor.java:1093)
        at java.util.concurrent.ScheduledThreadPoolExecutor$DelayedWorkQueue.take(ScheduledThreadPoolExecutor.java:809)
        at java.util.concurrent.ThreadPoolExecutor.getTask(ThreadPoolExecutor.java:1074)
        at java.util.concurrent.ThreadPoolExecutor.runWorker(ThreadPoolExecutor.java:1134)
        at java.util.concurrent.ThreadPoolExecutor$Worker.run(ThreadPoolExecutor.java:624)
        at java.lang.Thread.run(Thread.java:748)
"IPC Server handler 15 on default port 36843" daemon prio=5 tid=5463 timed_waiting
java.lang.Thread.State: TIMED_WAITING
        at sun.misc.Unsafe.park(Native Method)
        at java.util.concurrent.locks.LockSupport.parkNanos(LockSupport.java:215)
        at java.util.concurrent.locks.AbstractQueuedSynchronizer$ConditionObject.awaitNanos(AbstractQueuedSynchronizer.java:2078)
        at java.util.concurrent.LinkedBlockingQueue.poll(LinkedBlockingQueue.java:467)
        at org.apache.hadoop.ipc.CallQueueManager.take(CallQueueManager.java:295)
        at org.apache.hadoop.ipc.Server$Handler.run(Server.java:2881)
"pool-272-thread-1"  prio=5 tid=1373 timed_waiting
java.lang.Thread.State: TIMED_WAITING
        at sun.misc.Unsafe.park(Native Method)
        at java.util.concurrent.locks.LockSupport.parkNanos(LockSupport.java:215)
        at java.util.concurrent.locks.AbstractQueuedSynchronizer$ConditionObject.awaitNanos(AbstractQueuedSynchronizer.java:2078)
        at java.util.concurrent.ScheduledThreadPoolExecutor$DelayedWorkQueue.take(ScheduledThreadPoolExecutor.java:1093)
        at java.util.concurrent.ScheduledThreadPoolExecutor$DelayedWorkQueue.take(ScheduledThreadPoolExecutor.java:809)
        at java.util.concurrent.ThreadPoolExecutor.getTask(ThreadPoolExecutor.java:1074)
        at java.util.concurrent.ThreadPoolExecutor.runWorker(ThreadPoolExecutor.java:1134)
        at java.util.concurrent.ThreadPoolExecutor$Worker.run(ThreadPoolExecutor.java:624)
        at java.lang.Thread.run(Thread.java:748)
"qtp880433415-5714" daemon prio=5 tid=5714 timed_waiting
java.lang.Thread.State: TIMED_WAITING
        at sun.misc.Unsafe.park(Native Method)
        at java.util.concurrent.locks.LockSupport.parkNanos(LockSupport.java:215)
        at java.util.concurrent.locks.AbstractQueuedSynchronizer$ConditionObject.awaitNanos(AbstractQueuedSynchronizer.java:2078)
        at org.eclipse.jetty.util.BlockingArrayQueue.poll(BlockingArrayQueue.java:382)
        at org.eclipse.jetty.util.thread.QueuedThreadPool$Runner.idleJobPoll(QueuedThreadPool.java:875)
        at org.eclipse.jetty.util.thread.QueuedThreadPool$Runner.run(QueuedThreadPool.java:925)
        at java.lang.Thread.run(Thread.java:748)
"pool-1149-thread-1" daemon prio=5 tid=5699 timed_waiting
java.lang.Thread.State: TIMED_WAITING
        at sun.misc.Unsafe.park(Native Method)
        at java.util.concurrent.locks.LockSupport.parkNanos(LockSupport.java:215)
        at java.util.concurrent.locks.AbstractQueuedSynchronizer$ConditionObject.awaitNanos(AbstractQueuedSynchronizer.java:2078)
        at java.util.concurrent.ScheduledThreadPoolExecutor$DelayedWorkQueue.take(ScheduledThreadPoolExecutor.java:1093)
        at java.util.concurrent.ScheduledThreadPoolExecutor$DelayedWorkQueue.take(ScheduledThreadPoolExecutor.java:809)
        at java.util.concurrent.ThreadPoolExecutor.getTask(ThreadPoolExecutor.java:1074)
        at java.util.concurrent.ThreadPoolExecutor.runWorker(ThreadPoolExecutor.java:1134)
        at java.util.concurrent.ThreadPoolExecutor$Worker.run(ThreadPoolExecutor.java:624)
        at java.lang.Thread.run(Thread.java:748)
"69db720a-335e-417f-9e4d-9b6daaea3d10@group-304D1CDEA4AC-SegmentedRaftLogWorker"  prio=5 tid=5800 timed_waiting
java.lang.Thread.State: TIMED_WAITING
        at sun.misc.Unsafe.park(Native Method)
        at java.util.concurrent.locks.LockSupport.parkNanos(LockSupport.java:215)
        at java.util.concurrent.locks.AbstractQueuedSynchronizer$ConditionObject.awaitNanos(AbstractQueuedSynchronizer.java:2078)
        at org.apache.ratis.util.DataBlockingQueue.poll(DataBlockingQueue.java:137)
        at org.apache.ratis.server.raftlog.segmented.SegmentedRaftLogWorker.run(SegmentedRaftLogWorker.java:293)
        at java.lang.Thread.run(Thread.java:748)
"qtp880433415-5713" daemon prio=5 tid=5713 timed_waiting
java.lang.Thread.State: TIMED_WAITING
        at sun.misc.Unsafe.park(Native Method)
        at java.util.concurrent.locks.LockSupport.parkNanos(LockSupport.java:215)
        at java.util.concurrent.locks.AbstractQueuedSynchronizer$ConditionObject.awaitNanos(AbstractQueuedSynchronizer.java:2078)
        at org.eclipse.jetty.util.BlockingArrayQueue.poll(BlockingArrayQueue.java:382)
        at org.eclipse.jetty.util.thread.QueuedThreadPool$Runner.idleJobPoll(QueuedThreadPool.java:875)
        at org.eclipse.jetty.util.thread.QueuedThreadPool$Runner.run(QueuedThreadPool.java:925)
        at java.lang.Thread.run(Thread.java:748)
"omNode-1@group-523986131536-SegmentedRaftLogWorker"  prio=5 tid=5526 timed_waiting
java.lang.Thread.State: TIMED_WAITING
        at sun.misc.Unsafe.park(Native Method)
        at java.util.concurrent.locks.LockSupport.parkNanos(LockSupport.java:215)
        at java.util.concurrent.locks.AbstractQueuedSynchronizer$ConditionObject.awaitNanos(AbstractQueuedSynchronizer.java:2078)
        at org.apache.ratis.util.DataBlockingQueue.poll(DataBlockingQueue.java:137)
        at org.apache.ratis.server.raftlog.segmented.SegmentedRaftLogWorker.run(SegmentedRaftLogWorker.java:293)
        at java.lang.Thread.run(Thread.java:748)
"qtp1650455680-5691" daemon prio=5 tid=5691 timed_waiting
java.lang.Thread.State: TIMED_WAITING
        at sun.misc.Unsafe.park(Native Method)
        at java.util.concurrent.locks.LockSupport.parkNanos(LockSupport.java:215)
        at java.util.concurrent.locks.AbstractQueuedSynchronizer$ConditionObject.awaitNanos(AbstractQueuedSynchronizer.java:2078)
        at org.eclipse.jetty.util.BlockingArrayQueue.poll(BlockingArrayQueue.java:382)
        at org.eclipse.jetty.util.thread.QueuedThreadPool$Runner.idleJobPoll(QueuedThreadPool.java:875)
        at org.eclipse.jetty.util.thread.QueuedThreadPool$Runner.run(QueuedThreadPool.java:925)
        at java.lang.Thread.run(Thread.java:748)
"surefire-forkedjvm-command-thread" daemon prio=5 tid=9 runnable
java.lang.Thread.State: RUNNABLE
        at java.io.FileInputStream.readBytes(Native Method)
        at java.io.FileInputStream.read(FileInputStream.java:255)
        at java.io.BufferedInputStream.fill(BufferedInputStream.java:246)
        at java.io.BufferedInputStream.read(BufferedInputStream.java:265)
        at java.io.DataInputStream.readInt(DataInputStream.java:387)
        at org.apache.maven.surefire.booter.MasterProcessCommand.decode(MasterProcessCommand.java:115)
        at org.apache.maven.surefire.booter.CommandReader$CommandRunnable.run(CommandReader.java:390)
        at java.lang.Thread.run(Thread.java:748)
"IPC Server handler 12 on default port 11860" daemon prio=5 tid=5547 timed_waiting
java.lang.Thread.State: TIMED_WAITING
        at sun.misc.Unsafe.park(Native Method)
        at java.util.concurrent.locks.LockSupport.parkNanos(LockSupport.java:215)
        at java.util.concurrent.locks.AbstractQueuedSynchronizer$ConditionObject.awaitNanos(AbstractQueuedSynchronizer.java:2078)
        at java.util.concurrent.LinkedBlockingQueue.poll(LinkedBlockingQueue.java:467)
        at org.apache.hadoop.ipc.CallQueueManager.take(CallQueueManager.java:295)
        at org.apache.hadoop.ipc.Server$Handler.run(Server.java:2881)
"PartialTableCache Cleanup Thread - 0" daemon prio=5 tid=517 in Object.wait()
java.lang.Thread.State: WAITING (on object monitor)
        at sun.misc.Unsafe.park(Native Method)
        at java.util.concurrent.locks.LockSupport.park(LockSupport.java:175)
        at java.util.concurrent.locks.AbstractQueuedSynchronizer$ConditionObject.await(AbstractQueuedSynchronizer.java:2039)
        at java.util.concurrent.LinkedBlockingQueue.take(LinkedBlockingQueue.java:442)
        at java.util.concurrent.ThreadPoolExecutor.getTask(ThreadPoolExecutor.java:1074)
        at java.util.concurrent.ThreadPoolExecutor.runWorker(ThreadPoolExecutor.java:1134)
        at java.util.concurrent.ThreadPoolExecutor$Worker.run(ThreadPoolExecutor.java:624)
        at java.lang.Thread.run(Thread.java:748)
"Datanode ReportManager Thread - 2" daemon prio=5 tid=5720 in Object.wait()
java.lang.Thread.State: WAITING (on object monitor)
        at sun.misc.Unsafe.park(Native Method)
        at java.util.concurrent.locks.LockSupport.park(LockSupport.java:175)
        at java.util.concurrent.locks.AbstractQueuedSynchronizer$ConditionObject.await(AbstractQueuedSynchronizer.java:2039)
        at java.util.concurrent.ScheduledThreadPoolExecutor$DelayedWorkQueue.take(ScheduledThreadPoolExecutor.java:1088)
        at java.util.concurrent.ScheduledThreadPoolExecutor$DelayedWorkQueue.take(ScheduledThreadPoolExecutor.java:809)
        at java.util.concurrent.ThreadPoolExecutor.getTask(ThreadPoolExecutor.java:1074)
        at java.util.concurrent.ThreadPoolExecutor.runWorker(ThreadPoolExecutor.java:1134)
        at java.util.concurrent.ThreadPoolExecutor$Worker.run(ThreadPoolExecutor.java:624)
        at java.lang.Thread.run(Thread.java:748)
"PartialTableCache Cleanup Thread - 0" daemon prio=5 tid=5400 in Object.wait()
java.lang.Thread.State: WAITING (on object monitor)
        at sun.misc.Unsafe.park(Native Method)
        at java.util.concurrent.locks.LockSupport.park(LockSupport.java:175)
        at java.util.concurrent.locks.AbstractQueuedSynchronizer$ConditionObject.await(AbstractQueuedSynchronizer.java:2039)
        at java.util.concurrent.LinkedBlockingQueue.take(LinkedBlockingQueue.java:442)
        at java.util.concurrent.ThreadPoolExecutor.getTask(ThreadPoolExecutor.java:1074)
        at java.util.concurrent.ThreadPoolExecutor.runWorker(ThreadPoolExecutor.java:1134)
        at java.util.concurrent.ThreadPoolExecutor$Worker.run(ThreadPoolExecutor.java:624)
        at java.lang.Thread.run(Thread.java:748)
"Socket Reader #1 for port 11866"  prio=5 tid=6625 runnable
java.lang.Thread.State: RUNNABLE
        at sun.nio.ch.EPollArrayWrapper.epollWait(Native Method)
        at sun.nio.ch.EPollArrayWrapper.poll(EPollArrayWrapper.java:269)
        at sun.nio.ch.EPollSelectorImpl.doSelect(EPollSelectorImpl.java:93)
        at sun.nio.ch.SelectorImpl.lockAndDoSelect(SelectorImpl.java:86)
        at sun.nio.ch.SelectorImpl.select(SelectorImpl.java:97)
        at sun.nio.ch.SelectorImpl.select(SelectorImpl.java:101)
        at org.apache.hadoop.ipc.Server$Listener$Reader.doRunLoop(Server.java:1242)
        at org.apache.hadoop.ipc.Server$Listener$Reader.run(Server.java:1221)
"PartialTableCache Cleanup Thread - 0" daemon prio=5 tid=496 in Object.wait()
java.lang.Thread.State: WAITING (on object monitor)
        at sun.misc.Unsafe.park(Native Method)
        at java.util.concurrent.locks.LockSupport.park(LockSupport.java:175)
        at java.util.concurrent.locks.AbstractQueuedSynchronizer$ConditionObject.await(AbstractQueuedSynchronizer.java:2039)
        at java.util.concurrent.LinkedBlockingQueue.take(LinkedBlockingQueue.java:442)
        at java.util.concurrent.ThreadPoolExecutor.getTask(ThreadPoolExecutor.java:1074)
        at java.util.concurrent.ThreadPoolExecutor.runWorker(ThreadPoolExecutor.java:1134)
        at java.util.concurrent.ThreadPoolExecutor$Worker.run(ThreadPoolExecutor.java:624)
        at java.lang.Thread.run(Thread.java:748)
"Datanode State Machine Thread - 0" daemon prio=5 tid=5694 timed_waiting
java.lang.Thread.State: TIMED_WAITING
        at java.lang.Thread.sleep(Native Method)
        at org.apache.hadoop.ozone.container.common.statemachine.DatanodeStateMachine.start(DatanodeStateMachine.java:213)
        at org.apache.hadoop.ozone.container.common.statemachine.DatanodeStateMachine.lambda$startDaemon$0(DatanodeStateMachine.java:379)
        at org.apache.hadoop.ozone.container.common.statemachine.DatanodeStateMachine$$Lambda$285/436723628.run(Unknown Source)
        at java.lang.Thread.run(Thread.java:748)
"qtp675242275-6649" daemon prio=5 tid=6649 runnable
java.lang.Thread.State: RUNNABLE
        at sun.nio.ch.EPollArrayWrapper.epollWait(Native Method)
        at sun.nio.ch.EPollArrayWrapper.poll(EPollArrayWrapper.java:269)
        at sun.nio.ch.EPollSelectorImpl.doSelect(EPollSelectorImpl.java:93)
        at sun.nio.ch.SelectorImpl.lockAndDoSelect(SelectorImpl.java:86)
        at sun.nio.ch.SelectorImpl.select(SelectorImpl.java:97)
        at sun.nio.ch.SelectorImpl.select(SelectorImpl.java:101)
        at org.eclipse.jetty.io.ManagedSelector$SelectorProducer.select(ManagedSelector.java:472)
        at org.eclipse.jetty.io.ManagedSelector$SelectorProducer.produce(ManagedSelector.java:409)
        at org.eclipse.jetty.util.thread.strategy.EatWhatYouKill.produceTask(EatWhatYouKill.java:360)
        at org.eclipse.jetty.util.thread.strategy.EatWhatYouKill.doProduce(EatWhatYouKill.java:184)
        at org.eclipse.jetty.util.thread.strategy.EatWhatYouKill.tryProduce(EatWhatYouKill.java:171)
        at org.eclipse.jetty.util.thread.strategy.EatWhatYouKill.produce(EatWhatYouKill.java:135)
        at org.eclipse.jetty.io.ManagedSelector$$Lambda$72/1129097646.run(Unknown Source)
        at org.eclipse.jetty.util.thread.QueuedThreadPool.runJob(QueuedThreadPool.java:806)
        at org.eclipse.jetty.util.thread.QueuedThreadPool$Runner.run(QueuedThreadPool.java:938)
        at java.lang.Thread.run(Thread.java:748)
"pool-1115-thread-1"  prio=5 tid=5613 timed_waiting
java.lang.Thread.State: TIMED_WAITING
        at sun.misc.Unsafe.park(Native Method)
        at java.util.concurrent.locks.LockSupport.parkNanos(LockSupport.java:215)
        at java.util.concurrent.locks.AbstractQueuedSynchronizer$ConditionObject.awaitNanos(AbstractQueuedSynchronizer.java:2078)
        at java.util.concurrent.ScheduledThreadPoolExecutor$DelayedWorkQueue.take(ScheduledThreadPoolExecutor.java:1093)
        at java.util.concurrent.ScheduledThreadPoolExecutor$DelayedWorkQueue.take(ScheduledThreadPoolExecutor.java:809)
        at java.util.concurrent.ThreadPoolExecutor.getTask(ThreadPoolExecutor.java:1074)
        at java.util.concurrent.ThreadPoolExecutor.runWorker(ThreadPoolExecutor.java:1134)
        at java.util.concurrent.ThreadPoolExecutor$Worker.run(ThreadPoolExecutor.java:624)
        at java.lang.Thread.run(Thread.java:748)
"PartialTableCache Cleanup Thread - 0" daemon prio=5 tid=500 in Object.wait()
java.lang.Thread.State: WAITING (on object monitor)
        at sun.misc.Unsafe.park(Native Method)
        at java.util.concurrent.locks.LockSupport.park(LockSupport.java:175)
        at java.util.concurrent.locks.AbstractQueuedSynchronizer$ConditionObject.await(AbstractQueuedSynchronizer.java:2039)
        at java.util.concurrent.LinkedBlockingQueue.take(LinkedBlockingQueue.java:442)
        at java.util.concurrent.ThreadPoolExecutor.getTask(ThreadPoolExecutor.java:1074)
        at java.util.concurrent.ThreadPoolExecutor.runWorker(ThreadPoolExecutor.java:1134)
        at java.util.concurrent.ThreadPoolExecutor$Worker.run(ThreadPoolExecutor.java:624)
        at java.lang.Thread.run(Thread.java:748)
"pool-1130-thread-1"  prio=5 tid=5661 timed_waiting
java.lang.Thread.State: TIMED_WAITING
        at sun.misc.Unsafe.park(Native Method)
        at java.util.concurrent.locks.LockSupport.parkNanos(LockSupport.java:215)
        at java.util.concurrent.locks.AbstractQueuedSynchronizer$ConditionObject.awaitNanos(AbstractQueuedSynchronizer.java:2078)
        at java.util.concurrent.ScheduledThreadPoolExecutor$DelayedWorkQueue.take(ScheduledThreadPoolExecutor.java:1093)
        at java.util.concurrent.ScheduledThreadPoolExecutor$DelayedWorkQueue.take(ScheduledThreadPoolExecutor.java:809)
        at java.util.concurrent.ThreadPoolExecutor.getTask(ThreadPoolExecutor.java:1074)
        at java.util.concurrent.ThreadPoolExecutor.runWorker(ThreadPoolExecutor.java:1134)
        at java.util.concurrent.ThreadPoolExecutor$Worker.run(ThreadPoolExecutor.java:624)
        at java.lang.Thread.run(Thread.java:748)
"qtp1650455680-5692" daemon prio=5 tid=5692 timed_waiting
java.lang.Thread.State: TIMED_WAITING
        at sun.misc.Unsafe.park(Native Method)
        at java.util.concurrent.locks.LockSupport.parkNanos(LockSupport.java:215)
        at java.util.concurrent.locks.AbstractQueuedSynchronizer$ConditionObject.awaitNanos(AbstractQueuedSynchronizer.java:2078)
        at org.eclipse.jetty.util.BlockingArrayQueue.poll(BlockingArrayQueue.java:382)
        at org.eclipse.jetty.util.thread.QueuedThreadPool$Runner.idleJobPoll(QueuedThreadPool.java:875)
        at org.eclipse.jetty.util.thread.QueuedThreadPool$Runner.run(QueuedThreadPool.java:925)
        at java.lang.Thread.run(Thread.java:748)
"IPC Server handler 1 on default port 45819" daemon prio=5 tid=5469 timed_waiting
java.lang.Thread.State: TIMED_WAITING
        at sun.misc.Unsafe.park(Native Method)
        at java.util.concurrent.locks.LockSupport.parkNanos(LockSupport.java:215)
        at java.util.concurrent.locks.AbstractQueuedSynchronizer$ConditionObject.awaitNanos(AbstractQueuedSynchronizer.java:2078)
        at java.util.concurrent.LinkedBlockingQueue.poll(LinkedBlockingQueue.java:467)
        at org.apache.hadoop.ipc.CallQueueManager.take(CallQueueManager.java:295)
        at org.apache.hadoop.ipc.Server$Handler.run(Server.java:2881)
"org.apache.hadoop.util.JvmPauseMonitor$Monitor@7d272545" daemon prio=5 tid=5565 timed_waiting
java.lang.Thread.State: TIMED_WAITING
        at java.lang.Thread.sleep(Native Method)
        at org.apache.hadoop.util.JvmPauseMonitor$Monitor.run(JvmPauseMonitor.java:192)
        at java.lang.Thread.run(Thread.java:748)
"Listener at localhost/11866"  prio=5 tid=5426 runnable
java.lang.Thread.State: RUNNABLE
        at java.lang.Thread.dumpThreads(Native Method)
        at java.lang.Thread.getAllStackTraces(Thread.java:1610)
        at org.apache.hadoop.test.TimedOutTestsListener.buildThreadDump(TimedOutTestsListener.java:93)
        at org.apache.hadoop.test.TimedOutTestsListener.buildThreadDiagnosticString(TimedOutTestsListener.java:79)
        at org.apache.hadoop.test.GenericTestUtils.waitFor(GenericTestUtils.java:225)
        at org.apache.hadoop.ozone.om.TestOzoneManagerHAWithData.testOMRestart(TestOzoneManagerHAWithData.java:603)
        at sun.reflect.NativeMethodAccessorImpl.invoke0(Native Method)
        at sun.reflect.NativeMethodAccessorImpl.invoke(NativeMethodAccessorImpl.java:62)
        at sun.reflect.DelegatingMethodAccessorImpl.invoke(DelegatingMethodAccessorImpl.java:43)
        at java.lang.reflect.Method.invoke(Method.java:498)
        at org.junit.runners.model.FrameworkMethod$1.runReflectiveCall(FrameworkMethod.java:47)
        at org.junit.internal.runners.model.ReflectiveCallable.run(ReflectiveCallable.java:12)
        at org.junit.runners.model.FrameworkMethod.invokeExplosively(FrameworkMethod.java:44)
        at org.junit.internal.runners.statements.InvokeMethod.evaluate(InvokeMethod.java:17)
        at org.junit.internal.runners.statements.RunBefores.evaluate(RunBefores.java:26)
        at org.junit.internal.runners.statements.RunAfters.evaluate(RunAfters.java:27)
        at org.junit.rules.ExpectedException$ExpectedExceptionStatement.evaluate(ExpectedException.java:168)
        at org.junit.internal.runners.statements.FailOnTimeout$StatementThread.run(FailOnTimeout.java:74)
"IPC Server handler 5 on default port 11872" daemon prio=5 tid=5629 timed_waiting
java.lang.Thread.State: TIMED_WAITING
        at sun.misc.Unsafe.park(Native Method)
        at java.util.concurrent.locks.LockSupport.parkNanos(LockSupport.java:215)
        at java.util.concurrent.locks.AbstractQueuedSynchronizer$ConditionObject.awaitNanos(AbstractQueuedSynchronizer.java:2078)
        at java.util.concurrent.LinkedBlockingQueue.poll(LinkedBlockingQueue.java:467)
        at org.apache.hadoop.ipc.CallQueueManager.take(CallQueueManager.java:295)
        at org.apache.hadoop.ipc.Server$Handler.run(Server.java:2881)
"qtp1903785634-5652" daemon prio=5 tid=5652 timed_waiting
java.lang.Thread.State: TIMED_WAITING
        at sun.misc.Unsafe.park(Native Method)
        at java.util.concurrent.locks.LockSupport.parkNanos(LockSupport.java:215)
        at java.util.concurrent.locks.AbstractQueuedSynchronizer$ConditionObject.awaitNanos(AbstractQueuedSynchronizer.java:2078)
        at org.eclipse.jetty.util.BlockingArrayQueue.poll(BlockingArrayQueue.java:382)
        at org.eclipse.jetty.util.thread.QueuedThreadPool$Runner.idleJobPoll(QueuedThreadPool.java:875)
        at org.eclipse.jetty.util.thread.QueuedThreadPool$Runner.run(QueuedThreadPool.java:925)
        at java.lang.Thread.run(Thread.java:748)
"IPC Server handler 0 on default port 36843" daemon prio=5 tid=5448 timed_waiting
java.lang.Thread.State: TIMED_WAITING
        at sun.misc.Unsafe.park(Native Method)
        at java.util.concurrent.locks.LockSupport.parkNanos(LockSupport.java:215)
        at java.util.concurrent.locks.AbstractQueuedSynchronizer$ConditionObject.awaitNanos(AbstractQueuedSynchronizer.java:2078)
        at java.util.concurrent.LinkedBlockingQueue.poll(LinkedBlockingQueue.java:467)
        at org.apache.hadoop.ipc.CallQueueManager.take(CallQueueManager.java:295)
        at org.apache.hadoop.ipc.Server$Handler.run(Server.java:2881)
"PartialTableCache Cleanup Thread - 0" daemon prio=5 tid=2206 in Object.wait()
java.lang.Thread.State: WAITING (on object monitor)
        at sun.misc.Unsafe.park(Native Method)
        at java.util.concurrent.locks.LockSupport.park(LockSupport.java:175)
        at java.util.concurrent.locks.AbstractQueuedSynchronizer$ConditionObject.await(AbstractQueuedSynchronizer.java:2039)
        at java.util.concurrent.LinkedBlockingQueue.take(LinkedBlockingQueue.java:442)
        at java.util.concurrent.ThreadPoolExecutor.getTask(ThreadPoolExecutor.java:1074)
        at java.util.concurrent.ThreadPoolExecutor.runWorker(ThreadPoolExecutor.java:1134)
        at java.util.concurrent.ThreadPoolExecutor$Worker.run(ThreadPoolExecutor.java:624)
        at java.lang.Thread.run(Thread.java:748)
"qtp187225922-5512" daemon prio=5 tid=5512 timed_waiting
java.lang.Thread.State: TIMED_WAITING
        at sun.misc.Unsafe.park(Native Method)
        at java.util.concurrent.locks.LockSupport.parkNanos(LockSupport.java:215)
        at java.util.concurrent.locks.AbstractQueuedSynchronizer$ConditionObject.awaitNanos(AbstractQueuedSynchronizer.java:2078)
        at org.eclipse.jetty.util.BlockingArrayQueue.poll(BlockingArrayQueue.java:382)
        at org.eclipse.jetty.util.thread.QueuedThreadPool$Runner.idleJobPoll(QueuedThreadPool.java:875)
        at org.eclipse.jetty.util.thread.QueuedThreadPool$Runner.run(QueuedThreadPool.java:925)
        at java.lang.Thread.run(Thread.java:748)
"pool-256-thread-1"  prio=5 tid=1328 timed_waiting
java.lang.Thread.State: TIMED_WAITING
        at sun.misc.Unsafe.park(Native Method)
        at java.util.concurrent.locks.LockSupport.parkNanos(LockSupport.java:215)
        at java.util.concurrent.locks.AbstractQueuedSynchronizer$ConditionObject.awaitNanos(AbstractQueuedSynchronizer.java:2078)
        at java.util.concurrent.ScheduledThreadPoolExecutor$DelayedWorkQueue.take(ScheduledThreadPoolExecutor.java:1093)
        at java.util.concurrent.ScheduledThreadPoolExecutor$DelayedWorkQueue.take(ScheduledThreadPoolExecutor.java:809)
        at java.util.concurrent.ThreadPoolExecutor.getTask(ThreadPoolExecutor.java:1074)
        at java.util.concurrent.ThreadPoolExecutor.runWorker(ThreadPoolExecutor.java:1134)
        at java.util.concurrent.ThreadPoolExecutor$Worker.run(ThreadPoolExecutor.java:624)
        at java.lang.Thread.run(Thread.java:748)
"PartialTableCache Cleanup Thread - 0" daemon prio=5 tid=4807 in Object.wait()
java.lang.Thread.State: WAITING (on object monitor)
        at sun.misc.Unsafe.park(Native Method)
        at java.util.concurrent.locks.LockSupport.park(LockSupport.java:175)
        at java.util.concurrent.locks.AbstractQueuedSynchronizer$ConditionObject.await(AbstractQueuedSynchronizer.java:2039)
        at java.util.concurrent.LinkedBlockingQueue.take(LinkedBlockingQueue.java:442)
        at java.util.concurrent.ThreadPoolExecutor.getTask(ThreadPoolExecutor.java:1074)
        at java.util.concurrent.ThreadPoolExecutor.runWorker(ThreadPoolExecutor.java:1134)
        at java.util.concurrent.ThreadPoolExecutor$Worker.run(ThreadPoolExecutor.java:624)
        at java.lang.Thread.run(Thread.java:748)
"IPC Server handler 19 on default port 45819" daemon prio=5 tid=5487 timed_waiting
java.lang.Thread.State: TIMED_WAITING
        at sun.misc.Unsafe.park(Native Method)
        at java.util.concurrent.locks.LockSupport.parkNanos(LockSupport.java:215)
        at java.util.concurrent.locks.AbstractQueuedSynchronizer$ConditionObject.awaitNanos(AbstractQueuedSynchronizer.java:2078)
        at java.util.concurrent.LinkedBlockingQueue.poll(LinkedBlockingQueue.java:467)
        at org.apache.hadoop.ipc.CallQueueManager.take(CallQueueManager.java:295)
        at org.apache.hadoop.ipc.Server$Handler.run(Server.java:2881)
"PartialTableCache Cleanup Thread - 0" daemon prio=5 tid=5409 in Object.wait()
java.lang.Thread.State: WAITING (on object monitor)
        at sun.misc.Unsafe.park(Native Method)
        at java.util.concurrent.locks.LockSupport.park(LockSupport.java:175)
        at java.util.concurrent.locks.AbstractQueuedSynchronizer$ConditionObject.await(AbstractQueuedSynchronizer.java:2039)
        at java.util.concurrent.LinkedBlockingQueue.take(LinkedBlockingQueue.java:442)
        at java.util.concurrent.ThreadPoolExecutor.getTask(ThreadPoolExecutor.java:1074)
        at java.util.concurrent.ThreadPoolExecutor.runWorker(ThreadPoolExecutor.java:1134)
        at java.util.concurrent.ThreadPoolExecutor$Worker.run(ThreadPoolExecutor.java:624)
        at java.lang.Thread.run(Thread.java:748)
"qtp187225922-5515" daemon prio=5 tid=5515 timed_waiting
java.lang.Thread.State: TIMED_WAITING
        at sun.misc.Unsafe.park(Native Method)
        at java.util.concurrent.locks.LockSupport.parkNanos(LockSupport.java:215)
        at java.util.concurrent.locks.AbstractQueuedSynchronizer$ConditionObject.awaitNanos(AbstractQueuedSynchronizer.java:2078)
        at org.eclipse.jetty.util.BlockingArrayQueue.poll(BlockingArrayQueue.java:382)
        at org.eclipse.jetty.util.thread.QueuedThreadPool$Runner.idleJobPoll(QueuedThreadPool.java:875)
        at org.eclipse.jetty.util.thread.QueuedThreadPool$Runner.run(QueuedThreadPool.java:925)
        at java.lang.Thread.run(Thread.java:748)
"pool-1160-thread-1"  prio=5 tid=5707 timed_waiting
java.lang.Thread.State: TIMED_WAITING
        at sun.misc.Unsafe.park(Native Method)
        at java.util.concurrent.locks.LockSupport.parkNanos(LockSupport.java:215)
        at java.util.concurrent.locks.AbstractQueuedSynchronizer$ConditionObject.awaitNanos(AbstractQueuedSynchronizer.java:2078)
        at java.util.concurrent.ScheduledThreadPoolExecutor$DelayedWorkQueue.take(ScheduledThreadPoolExecutor.java:1093)
        at java.util.concurrent.ScheduledThreadPoolExecutor$DelayedWorkQueue.take(ScheduledThreadPoolExecutor.java:809)
        at java.util.concurrent.ThreadPoolExecutor.getTask(ThreadPoolExecutor.java:1074)
        at java.util.concurrent.ThreadPoolExecutor.runWorker(ThreadPoolExecutor.java:1134)
        at java.util.concurrent.ThreadPoolExecutor$Worker.run(ThreadPoolExecutor.java:624)
        at java.lang.Thread.run(Thread.java:748)
"PartialTableCache Cleanup Thread - 0" daemon prio=5 tid=2778 in Object.wait()
java.lang.Thread.State: WAITING (on object monitor)
        at sun.misc.Unsafe.park(Native Method)
        at java.util.concurrent.locks.LockSupport.park(LockSupport.java:175)
        at java.util.concurrent.locks.AbstractQueuedSynchronizer$ConditionObject.await(AbstractQueuedSynchronizer.java:2039)
        at java.util.concurrent.LinkedBlockingQueue.take(LinkedBlockingQueue.java:442)
        at java.util.concurrent.ThreadPoolExecutor.getTask(ThreadPoolExecutor.java:1074)
        at java.util.concurrent.ThreadPoolExecutor.runWorker(ThreadPoolExecutor.java:1134)
        at java.util.concurrent.ThreadPoolExecutor$Worker.run(ThreadPoolExecutor.java:624)
        at java.lang.Thread.run(Thread.java:748)
"IPC Server handler 6 on default port 45819" daemon prio=5 tid=5474 timed_waiting
java.lang.Thread.State: TIMED_WAITING
        at sun.misc.Unsafe.park(Native Method)
        at java.util.concurrent.locks.LockSupport.parkNanos(LockSupport.java:215)
        at java.util.concurrent.locks.AbstractQueuedSynchronizer$ConditionObject.awaitNanos(AbstractQueuedSynchronizer.java:2078)
        at java.util.concurrent.LinkedBlockingQueue.poll(LinkedBlockingQueue.java:467)
        at org.apache.hadoop.ipc.CallQueueManager.take(CallQueueManager.java:295)
        at org.apache.hadoop.ipc.Server$Handler.run(Server.java:2881)
"EventQueue-NewNodeForNewNodeHandler" daemon prio=5 tid=5770 in Object.wait()
java.lang.Thread.State: WAITING (on object monitor)
        at sun.misc.Unsafe.park(Native Method)
        at java.util.concurrent.locks.LockSupport.park(LockSupport.java:175)
        at java.util.concurrent.locks.AbstractQueuedSynchronizer$ConditionObject.await(AbstractQueuedSynchronizer.java:2039)
        at java.util.concurrent.LinkedBlockingQueue.take(LinkedBlockingQueue.java:442)
        at java.util.concurrent.ThreadPoolExecutor.getTask(ThreadPoolExecutor.java:1074)
        at java.util.concurrent.ThreadPoolExecutor.runWorker(ThreadPoolExecutor.java:1134)
        at java.util.concurrent.ThreadPoolExecutor$Worker.run(ThreadPoolExecutor.java:624)
        at java.lang.Thread.run(Thread.java:748)
"pool-25-thread-1"  prio=5 tid=113 timed_waiting
java.lang.Thread.State: TIMED_WAITING
        at sun.misc.Unsafe.park(Native Method)
        at java.util.concurrent.locks.LockSupport.parkNanos(LockSupport.java:215)
        at java.util.concurrent.locks.AbstractQueuedSynchronizer$ConditionObject.awaitNanos(AbstractQueuedSynchronizer.java:2078)
        at java.util.concurrent.ScheduledThreadPoolExecutor$DelayedWorkQueue.take(ScheduledThreadPoolExecutor.java:1093)
        at java.util.concurrent.ScheduledThreadPoolExecutor$DelayedWorkQueue.take(ScheduledThreadPoolExecutor.java:809)
        at java.util.concurrent.ThreadPoolExecutor.getTask(ThreadPoolExecutor.java:1074)
        at java.util.concurrent.ThreadPoolExecutor.runWorker(ThreadPoolExecutor.java:1134)
        at java.util.concurrent.ThreadPoolExecutor$Worker.run(ThreadPoolExecutor.java:624)
        at java.lang.Thread.run(Thread.java:748)
"5f570ae4-9456-445c-93e3-9355377d8e07@group-304D1CDEA4AC-SegmentedRaftLogWorker"  prio=5 tid=5796 timed_waiting
java.lang.Thread.State: TIMED_WAITING
        at sun.misc.Unsafe.park(Native Method)
        at java.util.concurrent.locks.LockSupport.parkNanos(LockSupport.java:215)
        at java.util.concurrent.locks.AbstractQueuedSynchronizer$ConditionObject.awaitNanos(AbstractQueuedSynchronizer.java:2078)
        at org.apache.ratis.util.DataBlockingQueue.poll(DataBlockingQueue.java:137)
        at org.apache.ratis.server.raftlog.segmented.SegmentedRaftLogWorker.run(SegmentedRaftLogWorker.java:293)
        at java.lang.Thread.run(Thread.java:748)
"EventQueue-PipelineReportForPipelineReportHandler" daemon prio=5 tid=5775 in Object.wait()
java.lang.Thread.State: WAITING (on object monitor)
        at sun.misc.Unsafe.park(Native Method)
        at java.util.concurrent.locks.LockSupport.park(LockSupport.java:175)
        at java.util.concurrent.locks.AbstractQueuedSynchronizer$ConditionObject.await(AbstractQueuedSynchronizer.java:2039)
        at java.util.concurrent.LinkedBlockingQueue.take(LinkedBlockingQueue.java:442)
        at java.util.concurrent.ThreadPoolExecutor.getTask(ThreadPoolExecutor.java:1074)
        at java.util.concurrent.ThreadPoolExecutor.runWorker(ThreadPoolExecutor.java:1134)
        at java.util.concurrent.ThreadPoolExecutor$Worker.run(ThreadPoolExecutor.java:624)
        at java.lang.Thread.run(Thread.java:748)
"IPC Server handler 13 on default port 36843" daemon prio=5 tid=5461 timed_waiting
java.lang.Thread.State: TIMED_WAITING
        at sun.misc.Unsafe.park(Native Method)
        at java.util.concurrent.locks.LockSupport.parkNanos(LockSupport.java:215)
        at java.util.concurrent.locks.AbstractQueuedSynchronizer$ConditionObject.awaitNanos(AbstractQueuedSynchronizer.java:2078)
        at java.util.concurrent.LinkedBlockingQueue.poll(LinkedBlockingQueue.java:467)
        at org.apache.hadoop.ipc.CallQueueManager.take(CallQueueManager.java:295)
        at org.apache.hadoop.ipc.Server$Handler.run(Server.java:2881)
"IPC Server handler 12 on default port 36843" daemon prio=5 tid=5460 timed_waiting
java.lang.Thread.State: TIMED_WAITING
        at sun.misc.Unsafe.park(Native Method)
        at java.util.concurrent.locks.LockSupport.parkNanos(LockSupport.java:215)
        at java.util.concurrent.locks.AbstractQueuedSynchronizer$ConditionObject.awaitNanos(AbstractQueuedSynchronizer.java:2078)
        at java.util.concurrent.LinkedBlockingQueue.poll(LinkedBlockingQueue.java:467)
        at org.apache.hadoop.ipc.CallQueueManager.take(CallQueueManager.java:295)
        at org.apache.hadoop.ipc.Server$Handler.run(Server.java:2881)
"IPC Client (1768663383) connection to /0.0.0.0:41453 from jenkins1001" daemon prio=5 tid=5741 timed_waiting
java.lang.Thread.State: TIMED_WAITING
        at java.lang.Object.wait(Native Method)
        at org.apache.hadoop.ipc.Client$Connection.waitForWork(Client.java:1034)
        at org.apache.hadoop.ipc.Client$Connection.run(Client.java:1078)
"qtp1622107655-5668" daemon prio=5 tid=5668 timed_waiting
java.lang.Thread.State: TIMED_WAITING
        at sun.misc.Unsafe.park(Native Method)
        at java.util.concurrent.locks.LockSupport.parkNanos(LockSupport.java:215)
        at java.util.concurrent.locks.AbstractQueuedSynchronizer$ConditionObject.awaitNanos(AbstractQueuedSynchronizer.java:2078)
        at org.eclipse.jetty.util.BlockingArrayQueue.poll(BlockingArrayQueue.java:382)
        at org.eclipse.jetty.util.thread.QueuedThreadPool$Runner.idleJobPoll(QueuedThreadPool.java:875)
        at org.eclipse.jetty.util.thread.QueuedThreadPool$Runner.run(QueuedThreadPool.java:925)
        at java.lang.Thread.run(Thread.java:748)
"ChunkWriter-3-0" daemon prio=5 tid=5757 in Object.wait()
java.lang.Thread.State: WAITING (on object monitor)
        at sun.misc.Unsafe.park(Native Method)
        at java.util.concurrent.locks.LockSupport.park(LockSupport.java:175)
        at java.util.concurrent.locks.AbstractQueuedSynchronizer$ConditionObject.await(AbstractQueuedSynchronizer.java:2039)
        at java.util.concurrent.LinkedBlockingDeque.takeFirst(LinkedBlockingDeque.java:492)
        at java.util.concurrent.LinkedBlockingDeque.take(LinkedBlockingDeque.java:680)
        at java.util.concurrent.ThreadPoolExecutor.getTask(ThreadPoolExecutor.java:1074)
        at java.util.concurrent.ThreadPoolExecutor.runWorker(ThreadPoolExecutor.java:1134)
        at java.util.concurrent.ThreadPoolExecutor$Worker.run(ThreadPoolExecutor.java:624)
        at java.lang.Thread.run(Thread.java:748)
"IPC Server handler 1 on default port 11872" daemon prio=5 tid=5624 timed_waiting
java.lang.Thread.State: TIMED_WAITING
        at sun.misc.Unsafe.park(Native Method)
        at java.util.concurrent.locks.LockSupport.parkNanos(LockSupport.java:215)
        at java.util.concurrent.locks.AbstractQueuedSynchronizer$ConditionObject.awaitNanos(AbstractQueuedSynchronizer.java:2078)
        at java.util.concurrent.LinkedBlockingQueue.poll(LinkedBlockingQueue.java:467)
        at org.apache.hadoop.ipc.CallQueueManager.take(CallQueueManager.java:295)
        at org.apache.hadoop.ipc.Server$Handler.run(Server.java:2881)
"PartialTableCache Cleanup Thread - 0" daemon prio=5 tid=3278 in Object.wait()
java.lang.Thread.State: WAITING (on object monitor)
        at sun.misc.Unsafe.park(Native Method)
        at java.util.concurrent.locks.LockSupport.park(LockSupport.java:175)
        at java.util.concurrent.locks.AbstractQueuedSynchronizer$ConditionObject.await(AbstractQueuedSynchronizer.java:2039)
        at java.util.concurrent.LinkedBlockingQueue.take(LinkedBlockingQueue.java:442)
        at java.util.concurrent.ThreadPoolExecutor.getTask(ThreadPoolExecutor.java:1074)
        at java.util.concurrent.ThreadPoolExecutor.runWorker(ThreadPoolExecutor.java:1134)
        at java.util.concurrent.ThreadPoolExecutor$Worker.run(ThreadPoolExecutor.java:624)
        at java.lang.Thread.run(Thread.java:748)
"pool-583-thread-1"  prio=5 tid=2950 timed_waiting
java.lang.Thread.State: TIMED_WAITING
        at sun.misc.Unsafe.park(Native Method)
        at java.util.concurrent.locks.LockSupport.parkNanos(LockSupport.java:215)
        at java.util.concurrent.locks.AbstractQueuedSynchronizer$ConditionObject.awaitNanos(AbstractQueuedSynchronizer.java:2078)
        at java.util.concurrent.ScheduledThreadPoolExecutor$DelayedWorkQueue.take(ScheduledThreadPoolExecutor.java:1093)
        at java.util.concurrent.ScheduledThreadPoolExecutor$DelayedWorkQueue.take(ScheduledThreadPoolExecutor.java:809)
        at java.util.concurrent.ThreadPoolExecutor.getTask(ThreadPoolExecutor.java:1074)
        at java.util.concurrent.ThreadPoolExecutor.runWorker(ThreadPoolExecutor.java:1134)
        at java.util.concurrent.ThreadPoolExecutor$Worker.run(ThreadPoolExecutor.java:624)
        at java.lang.Thread.run(Thread.java:748)
"BlockDeletingService#4" daemon prio=5 tid=7616 in Object.wait()
java.lang.Thread.State: WAITING (on object monitor)
        at sun.misc.Unsafe.park(Native Method)
        at java.util.concurrent.locks.LockSupport.park(LockSupport.java:175)
        at java.util.concurrent.locks.AbstractQueuedSynchronizer$ConditionObject.await(AbstractQueuedSynchronizer.java:2039)
        at java.util.concurrent.ScheduledThreadPoolExecutor$DelayedWorkQueue.take(ScheduledThreadPoolExecutor.java:1088)
        at java.util.concurrent.ScheduledThreadPoolExecutor$DelayedWorkQueue.take(ScheduledThreadPoolExecutor.java:809)
        at java.util.concurrent.ThreadPoolExecutor.getTask(ThreadPoolExecutor.java:1074)
        at java.util.concurrent.ThreadPoolExecutor.runWorker(ThreadPoolExecutor.java:1134)
        at java.util.concurrent.ThreadPoolExecutor$Worker.run(ThreadPoolExecutor.java:624)
        at java.lang.Thread.run(Thread.java:748)
"OMDoubleBufferFlushThread" daemon prio=5 tid=6618 timed_waiting
java.lang.Thread.State: TIMED_WAITING
        at java.lang.Object.wait(Native Method)
        at org.apache.hadoop.ozone.om.ratis.OzoneManagerDoubleBuffer.canFlush(OzoneManagerDoubleBuffer.java:530)
        at org.apache.hadoop.ozone.om.ratis.OzoneManagerDoubleBuffer.flushTransactions(OzoneManagerDoubleBuffer.java:241)
        at org.apache.hadoop.ozone.om.ratis.OzoneManagerDoubleBuffer$$Lambda$118/1530007166.run(Unknown Source)
        at java.lang.Thread.run(Thread.java:748)
"IPC Server handler 5 on default port 41453" daemon prio=5 tid=5493 timed_waiting
java.lang.Thread.State: TIMED_WAITING
        at sun.misc.Unsafe.park(Native Method)
        at java.util.concurrent.locks.LockSupport.parkNanos(LockSupport.java:215)
        at java.util.concurrent.locks.AbstractQueuedSynchronizer$ConditionObject.awaitNanos(AbstractQueuedSynchronizer.java:2078)
        at java.util.concurrent.LinkedBlockingQueue.poll(LinkedBlockingQueue.java:467)
        at org.apache.hadoop.ipc.CallQueueManager.take(CallQueueManager.java:295)
        at org.apache.hadoop.ipc.Server$Handler.run(Server.java:2881)
"qtp1650455680-5690" daemon prio=5 tid=5690 timed_waiting
java.lang.Thread.State: TIMED_WAITING
        at sun.misc.Unsafe.park(Native Method)
        at java.util.concurrent.locks.LockSupport.parkNanos(LockSupport.java:215)
        at java.util.concurrent.locks.AbstractQueuedSynchronizer$ConditionObject.awaitNanos(AbstractQueuedSynchronizer.java:2078)
        at org.eclipse.jetty.util.BlockingArrayQueue.poll(BlockingArrayQueue.java:382)
        at org.eclipse.jetty.util.thread.QueuedThreadPool$Runner.idleJobPoll(QueuedThreadPool.java:875)
        at org.eclipse.jetty.util.thread.QueuedThreadPool$Runner.run(QueuedThreadPool.java:925)
        at java.lang.Thread.run(Thread.java:748)
"IPC Server handler 16 on default port 36843" daemon prio=5 tid=5464 timed_waiting
java.lang.Thread.State: TIMED_WAITING
        at sun.misc.Unsafe.park(Native Method)
        at java.util.concurrent.locks.LockSupport.parkNanos(LockSupport.java:215)
        at java.util.concurrent.locks.AbstractQueuedSynchronizer$ConditionObject.awaitNanos(AbstractQueuedSynchronizer.java:2078)
        at java.util.concurrent.LinkedBlockingQueue.poll(LinkedBlockingQueue.java:467)
        at org.apache.hadoop.ipc.CallQueueManager.take(CallQueueManager.java:295)
        at org.apache.hadoop.ipc.Server$Handler.run(Server.java:2881)
"PartialTableCache Cleanup Thread - 0" daemon prio=5 tid=2782 in Object.wait()
java.lang.Thread.State: WAITING (on object monitor)
        at sun.misc.Unsafe.park(Native Method)
        at java.util.concurrent.locks.LockSupport.park(LockSupport.java:175)
        at java.util.concurrent.locks.AbstractQueuedSynchronizer$ConditionObject.await(AbstractQueuedSynchronizer.java:2039)
        at java.util.concurrent.LinkedBlockingQueue.take(LinkedBlockingQueue.java:442)
        at java.util.concurrent.ThreadPoolExecutor.getTask(ThreadPoolExecutor.java:1074)
        at java.util.concurrent.ThreadPoolExecutor.runWorker(ThreadPoolExecutor.java:1134)
        at java.util.concurrent.ThreadPoolExecutor$Worker.run(ThreadPoolExecutor.java:624)
        at java.lang.Thread.run(Thread.java:748)
"surefire-forkedjvm-ping-30s" daemon prio=5 tid=10 timed_waiting
java.lang.Thread.State: TIMED_WAITING
        at sun.misc.Unsafe.park(Native Method)
        at java.util.concurrent.locks.LockSupport.parkNanos(LockSupport.java:215)
        at java.util.concurrent.locks.AbstractQueuedSynchronizer$ConditionObject.awaitNanos(AbstractQueuedSynchronizer.java:2078)
        at java.util.concurrent.ScheduledThreadPoolExecutor$DelayedWorkQueue.take(ScheduledThreadPoolExecutor.java:1093)
        at java.util.concurrent.ScheduledThreadPoolExecutor$DelayedWorkQueue.take(ScheduledThreadPoolExecutor.java:809)
        at java.util.concurrent.ThreadPoolExecutor.getTask(ThreadPoolExecutor.java:1074)
        at java.util.concurrent.ThreadPoolExecutor.runWorker(ThreadPoolExecutor.java:1134)
        at java.util.concurrent.ThreadPoolExecutor$Worker.run(ThreadPoolExecutor.java:624)
        at java.lang.Thread.run(Thread.java:748)
"PartialTableCache Cleanup Thread - 0" daemon prio=5 tid=1680 in Object.wait()
java.lang.Thread.State: WAITING (on object monitor)
        at sun.misc.Unsafe.park(Native Method)
        at java.util.concurrent.locks.LockSupport.park(LockSupport.java:175)
        at java.util.concurrent.locks.AbstractQueuedSynchronizer$ConditionObject.await(AbstractQueuedSynchronizer.java:2039)
        at java.util.concurrent.LinkedBlockingQueue.take(LinkedBlockingQueue.java:442)
        at java.util.concurrent.ThreadPoolExecutor.getTask(ThreadPoolExecutor.java:1074)
        at java.util.concurrent.ThreadPoolExecutor.runWorker(ThreadPoolExecutor.java:1134)
        at java.util.concurrent.ThreadPoolExecutor$Worker.run(ThreadPoolExecutor.java:624)
        at java.lang.Thread.run(Thread.java:748)
"PartialTableCache Cleanup Thread - 0" daemon prio=5 tid=2248 in Object.wait()
java.lang.Thread.State: WAITING (on object monitor)
        at sun.misc.Unsafe.park(Native Method)
        at java.util.concurrent.locks.LockSupport.park(LockSupport.java:175)
        at java.util.concurrent.locks.AbstractQueuedSynchronizer$ConditionObject.await(AbstractQueuedSynchronizer.java:2039)
        at java.util.concurrent.LinkedBlockingQueue.take(LinkedBlockingQueue.java:442)
        at java.util.concurrent.ThreadPoolExecutor.getTask(ThreadPoolExecutor.java:1074)
        at java.util.concurrent.ThreadPoolExecutor.runWorker(ThreadPoolExecutor.java:1134)
        at java.util.concurrent.ThreadPoolExecutor$Worker.run(ThreadPoolExecutor.java:624)
        at java.lang.Thread.run(Thread.java:748)
"qtp675242275-6652" daemon prio=5 tid=6652 timed_waiting
java.lang.Thread.State: TIMED_WAITING
        at sun.misc.Unsafe.park(Native Method)
        at java.util.concurrent.locks.LockSupport.parkNanos(LockSupport.java:215)
        at java.util.concurrent.locks.AbstractQueuedSynchronizer$ConditionObject.awaitNanos(AbstractQueuedSynchronizer.java:2078)
        at org.eclipse.jetty.util.BlockingArrayQueue.poll(BlockingArrayQueue.java:382)
        at org.eclipse.jetty.util.thread.QueuedThreadPool$Runner.idleJobPoll(QueuedThreadPool.java:875)
        at org.eclipse.jetty.util.thread.QueuedThreadPool$Runner.run(QueuedThreadPool.java:925)
        at java.lang.Thread.run(Thread.java:748)
"BlockDeletingService#1" daemon prio=5 tid=5747 in Object.wait()
java.lang.Thread.State: WAITING (on object monitor)
        at sun.misc.Unsafe.park(Native Method)
        at java.util.concurrent.locks.LockSupport.park(LockSupport.java:175)
        at java.util.concurrent.locks.AbstractQueuedSynchronizer$ConditionObject.await(AbstractQueuedSynchronizer.java:2039)
        at java.util.concurrent.ScheduledThreadPoolExecutor$DelayedWorkQueue.take(ScheduledThreadPoolExecutor.java:1088)
        at java.util.concurrent.ScheduledThreadPoolExecutor$DelayedWorkQueue.take(ScheduledThreadPoolExecutor.java:809)
        at java.util.concurrent.ThreadPoolExecutor.getTask(ThreadPoolExecutor.java:1074)
        at java.util.concurrent.ThreadPoolExecutor.runWorker(ThreadPoolExecutor.java:1134)
        at java.util.concurrent.ThreadPoolExecutor$Worker.run(ThreadPoolExecutor.java:624)
        at java.lang.Thread.run(Thread.java:748)
"ChunkWriter-2-0" daemon prio=5 tid=5750 in Object.wait()
java.lang.Thread.State: WAITING (on object monitor)
        at sun.misc.Unsafe.park(Native Method)
        at java.util.concurrent.locks.LockSupport.park(LockSupport.java:175)
        at java.util.concurrent.locks.AbstractQueuedSynchronizer$ConditionObject.await(AbstractQueuedSynchronizer.java:2039)
        at java.util.concurrent.LinkedBlockingDeque.takeFirst(LinkedBlockingDeque.java:492)
        at java.util.concurrent.LinkedBlockingDeque.take(LinkedBlockingDeque.java:680)
        at java.util.concurrent.ThreadPoolExecutor.getTask(ThreadPoolExecutor.java:1074)
        at java.util.concurrent.ThreadPoolExecutor.runWorker(ThreadPoolExecutor.java:1134)
        at java.util.concurrent.ThreadPoolExecutor$Worker.run(ThreadPoolExecutor.java:624)
        at java.lang.Thread.run(Thread.java:748)
"Datanode ReportManager Thread - 3" daemon prio=5 tid=5702 in Object.wait()
java.lang.Thread.State: WAITING (on object monitor)
        at sun.misc.Unsafe.park(Native Method)
        at java.util.concurrent.locks.LockSupport.park(LockSupport.java:175)
        at java.util.concurrent.locks.AbstractQueuedSynchronizer$ConditionObject.await(AbstractQueuedSynchronizer.java:2039)
        at java.util.concurrent.ScheduledThreadPoolExecutor$DelayedWorkQueue.take(ScheduledThreadPoolExecutor.java:1088)
        at java.util.concurrent.ScheduledThreadPoolExecutor$DelayedWorkQueue.take(ScheduledThreadPoolExecutor.java:809)
        at java.util.concurrent.ThreadPoolExecutor.getTask(ThreadPoolExecutor.java:1074)
        at java.util.concurrent.ThreadPoolExecutor.runWorker(ThreadPoolExecutor.java:1134)
        at java.util.concurrent.ThreadPoolExecutor$Worker.run(ThreadPoolExecutor.java:624)
        at java.lang.Thread.run(Thread.java:748)
"Thread-4740" daemon prio=5 tid=5844 timed_waiting
java.lang.Thread.State: TIMED_WAITING
        at sun.misc.Unsafe.park(Native Method)
        at java.util.concurrent.locks.LockSupport.parkNanos(LockSupport.java:215)
        at java.util.concurrent.locks.AbstractQueuedSynchronizer$ConditionObject.awaitNanos(AbstractQueuedSynchronizer.java:2078)
        at java.util.concurrent.ArrayBlockingQueue.poll(ArrayBlockingQueue.java:418)
        at org.apache.ratis.server.impl.LeaderState$EventQueue.poll(LeaderState.java:122)
        at org.apache.ratis.server.impl.LeaderState$EventProcessor.run(LeaderState.java:506)
"Thread-4754" daemon prio=5 tid=5858 timed_waiting
java.lang.Thread.State: TIMED_WAITING
        at sun.misc.Unsafe.park(Native Method)
        at java.util.concurrent.locks.LockSupport.parkNanos(LockSupport.java:215)
        at java.util.concurrent.locks.AbstractQueuedSynchronizer$ConditionObject.awaitNanos(AbstractQueuedSynchronizer.java:2078)
        at java.util.concurrent.ArrayBlockingQueue.poll(ArrayBlockingQueue.java:418)
        at org.apache.ratis.server.impl.LeaderState$EventQueue.poll(LeaderState.java:122)
        at org.apache.ratis.server.impl.LeaderState$EventProcessor.run(LeaderState.java:506)
"PartialTableCache Cleanup Thread - 0" daemon prio=5 tid=516 in Object.wait()
java.lang.Thread.State: WAITING (on object monitor)
        at sun.misc.Unsafe.park(Native Method)
        at java.util.concurrent.locks.LockSupport.park(LockSupport.java:175)
        at java.util.concurrent.locks.AbstractQueuedSynchronizer$ConditionObject.await(AbstractQueuedSynchronizer.java:2039)
        at java.util.concurrent.LinkedBlockingQueue.take(LinkedBlockingQueue.java:442)
        at java.util.concurrent.ThreadPoolExecutor.getTask(ThreadPoolExecutor.java:1074)
        at java.util.concurrent.ThreadPoolExecutor.runWorker(ThreadPoolExecutor.java:1134)
        at java.util.concurrent.ThreadPoolExecutor$Worker.run(ThreadPoolExecutor.java:624)
        at java.lang.Thread.run(Thread.java:748)
"PartialTableCache Cleanup Thread - 0" daemon prio=5 tid=2205 in Object.wait()
java.lang.Thread.State: WAITING (on object monitor)
        at sun.misc.Unsafe.park(Native Method)
        at java.util.concurrent.locks.LockSupport.park(LockSupport.java:175)
        at java.util.concurrent.locks.AbstractQueuedSynchronizer$ConditionObject.await(AbstractQueuedSynchronizer.java:2039)
        at java.util.concurrent.LinkedBlockingQueue.take(LinkedBlockingQueue.java:442)
        at java.util.concurrent.ThreadPoolExecutor.getTask(ThreadPoolExecutor.java:1074)
        at java.util.concurrent.ThreadPoolExecutor.runWorker(ThreadPoolExecutor.java:1134)
        at java.util.concurrent.ThreadPoolExecutor$Worker.run(ThreadPoolExecutor.java:624)
        at java.lang.Thread.run(Thread.java:748)
"Datanode State Machine Thread - 0" daemon prio=5 tid=5705 timed_waiting
java.lang.Thread.State: TIMED_WAITING
        at sun.misc.Unsafe.park(Native Method)
        at java.util.concurrent.locks.LockSupport.parkNanos(LockSupport.java:215)
        at java.util.concurrent.SynchronousQueue$TransferStack.awaitFulfill(SynchronousQueue.java:460)
        at java.util.concurrent.SynchronousQueue$TransferStack.transfer(SynchronousQueue.java:362)
        at java.util.concurrent.SynchronousQueue.poll(SynchronousQueue.java:941)
        at java.util.concurrent.ThreadPoolExecutor.getTask(ThreadPoolExecutor.java:1073)
        at java.util.concurrent.ThreadPoolExecutor.runWorker(ThreadPoolExecutor.java:1134)
        at java.util.concurrent.ThreadPoolExecutor$Worker.run(ThreadPoolExecutor.java:624)
        at java.lang.Thread.run(Thread.java:748)
"Datanode ReportManager Thread - 0" daemon prio=5 tid=5676 in Object.wait()
java.lang.Thread.State: WAITING (on object monitor)
        at sun.misc.Unsafe.park(Native Method)
        at java.util.concurrent.locks.LockSupport.park(LockSupport.java:175)
        at java.util.concurrent.locks.AbstractQueuedSynchronizer$ConditionObject.await(AbstractQueuedSynchronizer.java:2039)
        at java.util.concurrent.ScheduledThreadPoolExecutor$DelayedWorkQueue.take(ScheduledThreadPoolExecutor.java:1088)
        at java.util.concurrent.ScheduledThreadPoolExecutor$DelayedWorkQueue.take(ScheduledThreadPoolExecutor.java:809)
        at java.util.concurrent.ThreadPoolExecutor.getTask(ThreadPoolExecutor.java:1074)
        at java.util.concurrent.ThreadPoolExecutor.runWorker(ThreadPoolExecutor.java:1134)
        at java.util.concurrent.ThreadPoolExecutor$Worker.run(ThreadPoolExecutor.java:624)
        at java.lang.Thread.run(Thread.java:748)
"pool-787-thread-1"  prio=5 tid=3934 timed_waiting
java.lang.Thread.State: TIMED_WAITING
        at sun.misc.Unsafe.park(Native Method)
        at java.util.concurrent.locks.LockSupport.parkNanos(LockSupport.java:215)
        at java.util.concurrent.locks.AbstractQueuedSynchronizer$ConditionObject.awaitNanos(AbstractQueuedSynchronizer.java:2078)
        at java.util.concurrent.ScheduledThreadPoolExecutor$DelayedWorkQueue.take(ScheduledThreadPoolExecutor.java:1093)
        at java.util.concurrent.ScheduledThreadPoolExecutor$DelayedWorkQueue.take(ScheduledThreadPoolExecutor.java:809)
        at java.util.concurrent.ThreadPoolExecutor.getTask(ThreadPoolExecutor.java:1074)
        at java.util.concurrent.ThreadPoolExecutor.runWorker(ThreadPoolExecutor.java:1134)
        at java.util.concurrent.ThreadPoolExecutor$Worker.run(ThreadPoolExecutor.java:624)
        at java.lang.Thread.run(Thread.java:748)
"qtp1903785634-5646" daemon prio=5 tid=5646 runnable
java.lang.Thread.State: RUNNABLE
        at sun.nio.ch.EPollArrayWrapper.epollWait(Native Method)
        at sun.nio.ch.EPollArrayWrapper.poll(EPollArrayWrapper.java:269)
        at sun.nio.ch.EPollSelectorImpl.doSelect(EPollSelectorImpl.java:93)
        at sun.nio.ch.SelectorImpl.lockAndDoSelect(SelectorImpl.java:86)
        at sun.nio.ch.SelectorImpl.select(SelectorImpl.java:97)
        at sun.nio.ch.SelectorImpl.select(SelectorImpl.java:101)
        at org.eclipse.jetty.io.ManagedSelector$SelectorProducer.select(ManagedSelector.java:472)
        at org.eclipse.jetty.io.ManagedSelector$SelectorProducer.produce(ManagedSelector.java:409)
        at org.eclipse.jetty.util.thread.strategy.EatWhatYouKill.produceTask(EatWhatYouKill.java:360)
        at org.eclipse.jetty.util.thread.strategy.EatWhatYouKill.doProduce(EatWhatYouKill.java:184)
        at org.eclipse.jetty.util.thread.strategy.EatWhatYouKill.tryProduce(EatWhatYouKill.java:171)
        at org.eclipse.jetty.util.thread.strategy.EatWhatYouKill.produce(EatWhatYouKill.java:135)
        at org.eclipse.jetty.io.ManagedSelector$$Lambda$72/1129097646.run(Unknown Source)
        at org.eclipse.jetty.util.thread.QueuedThreadPool.runJob(QueuedThreadPool.java:806)
        at org.eclipse.jetty.util.thread.QueuedThreadPool$Runner.run(QueuedThreadPool.java:938)
        at java.lang.Thread.run(Thread.java:748)
"IPC Server handler 8 on default port 45819" daemon prio=5 tid=5476 timed_waiting
java.lang.Thread.State: TIMED_WAITING
        at sun.misc.Unsafe.park(Native Method)
        at java.util.concurrent.locks.LockSupport.parkNanos(LockSupport.java:215)
        at java.util.concurrent.locks.AbstractQueuedSynchronizer$ConditionObject.awaitNanos(AbstractQueuedSynchronizer.java:2078)
        at java.util.concurrent.LinkedBlockingQueue.poll(LinkedBlockingQueue.java:467)
        at org.apache.hadoop.ipc.CallQueueManager.take(CallQueueManager.java:295)
        at org.apache.hadoop.ipc.Server$Handler.run(Server.java:2881)
"pool-462-thread-1"  prio=5 tid=2361 timed_waiting
java.lang.Thread.State: TIMED_WAITING
        at sun.misc.Unsafe.park(Native Method)
        at java.util.concurrent.locks.LockSupport.parkNanos(LockSupport.java:215)
        at java.util.concurrent.locks.AbstractQueuedSynchronizer$ConditionObject.awaitNanos(AbstractQueuedSynchronizer.java:2078)
        at java.util.concurrent.ScheduledThreadPoolExecutor$DelayedWorkQueue.take(ScheduledThreadPoolExecutor.java:1093)
        at java.util.concurrent.ScheduledThreadPoolExecutor$DelayedWorkQueue.take(ScheduledThreadPoolExecutor.java:809)
        at java.util.concurrent.ThreadPoolExecutor.getTask(ThreadPoolExecutor.java:1074)
        at java.util.concurrent.ThreadPoolExecutor.runWorker(ThreadPoolExecutor.java:1134)
        at java.util.concurrent.ThreadPoolExecutor$Worker.run(ThreadPoolExecutor.java:624)
        at java.lang.Thread.run(Thread.java:748)
"IPC Server handler 8 on default port 41453" daemon prio=5 tid=5496 timed_waiting
java.lang.Thread.State: TIMED_WAITING
        at sun.misc.Unsafe.park(Native Method)
        at java.util.concurrent.locks.LockSupport.parkNanos(LockSupport.java:215)
        at java.util.concurrent.locks.AbstractQueuedSynchronizer$ConditionObject.awaitNanos(AbstractQueuedSynchronizer.java:2078)
        at java.util.concurrent.LinkedBlockingQueue.poll(LinkedBlockingQueue.java:467)
        at org.apache.hadoop.ipc.CallQueueManager.take(CallQueueManager.java:295)
        at org.apache.hadoop.ipc.Server$Handler.run(Server.java:2881)
"IPC Server handler 19 on default port 11860" daemon prio=5 tid=5554 timed_waiting
java.lang.Thread.State: TIMED_WAITING
        at sun.misc.Unsafe.park(Native Method)
        at java.util.concurrent.locks.LockSupport.parkNanos(LockSupport.java:215)
        at java.util.concurrent.locks.AbstractQueuedSynchronizer$ConditionObject.awaitNanos(AbstractQueuedSynchronizer.java:2078)
        at java.util.concurrent.LinkedBlockingQueue.poll(LinkedBlockingQueue.java:467)
        at org.apache.hadoop.ipc.CallQueueManager.take(CallQueueManager.java:295)
        at org.apache.hadoop.ipc.Server$Handler.run(Server.java:2881)
"qtp1622107655-5664" daemon prio=5 tid=5664 timed_waiting
java.lang.Thread.State: TIMED_WAITING
        at sun.misc.Unsafe.park(Native Method)
        at java.util.concurrent.locks.LockSupport.parkNanos(LockSupport.java:215)
        at java.util.concurrent.locks.AbstractQueuedSynchronizer$ConditionObject.awaitNanos(AbstractQueuedSynchronizer.java:2078)
        at org.eclipse.jetty.util.BlockingArrayQueue.poll(BlockingArrayQueue.java:382)
        at org.eclipse.jetty.util.thread.QueuedThreadPool$Runner.idleJobPoll(QueuedThreadPool.java:875)
        at org.eclipse.jetty.util.thread.QueuedThreadPool$Runner.run(QueuedThreadPool.java:925)
        at java.lang.Thread.run(Thread.java:748)
"org.apache.hadoop.util.JvmPauseMonitor$Monitor@425e7a02" daemon prio=5 tid=6658 timed_waiting
java.lang.Thread.State: TIMED_WAITING
        at java.lang.Thread.sleep(Native Method)
        at org.apache.hadoop.util.JvmPauseMonitor$Monitor.run(JvmPauseMonitor.java:192)
        at java.lang.Thread.run(Thread.java:748)
"IPC Server handler 4 on default port 11860" daemon prio=5 tid=5538 timed_waiting
java.lang.Thread.State: TIMED_WAITING
        at sun.misc.Unsafe.park(Native Method)
        at java.util.concurrent.locks.LockSupport.parkNanos(LockSupport.java:215)
        at java.util.concurrent.locks.AbstractQueuedSynchronizer$ConditionObject.awaitNanos(AbstractQueuedSynchronizer.java:2078)
        at java.util.concurrent.LinkedBlockingQueue.poll(LinkedBlockingQueue.java:467)
        at org.apache.hadoop.ipc.CallQueueManager.take(CallQueueManager.java:295)
        at org.apache.hadoop.ipc.Server$Handler.run(Server.java:2881)
"qtp187225922-5513" daemon prio=5 tid=5513 timed_waiting
java.lang.Thread.State: TIMED_WAITING
        at sun.misc.Unsafe.park(Native Method)
        at java.util.concurrent.locks.LockSupport.parkNanos(LockSupport.java:215)
        at java.util.concurrent.locks.AbstractQueuedSynchronizer$ConditionObject.awaitNanos(AbstractQueuedSynchronizer.java:2078)
        at org.eclipse.jetty.util.BlockingArrayQueue.poll(BlockingArrayQueue.java:382)
        at org.eclipse.jetty.util.thread.QueuedThreadPool$Runner.idleJobPoll(QueuedThreadPool.java:875)
        at org.eclipse.jetty.util.thread.QueuedThreadPool$Runner.run(QueuedThreadPool.java:925)
        at java.lang.Thread.run(Thread.java:748)
"IPC Server handler 2 on default port 11872" daemon prio=5 tid=5626 timed_waiting
java.lang.Thread.State: TIMED_WAITING
        at sun.misc.Unsafe.park(Native Method)
        at java.util.concurrent.locks.LockSupport.parkNanos(LockSupport.java:215)
        at java.util.concurrent.locks.AbstractQueuedSynchronizer$ConditionObject.awaitNanos(AbstractQueuedSynchronizer.java:2078)
        at java.util.concurrent.LinkedBlockingQueue.poll(LinkedBlockingQueue.java:467)
        at org.apache.hadoop.ipc.CallQueueManager.take(CallQueueManager.java:295)
        at org.apache.hadoop.ipc.Server$Handler.run(Server.java:2881)
"pool-1114-thread-1"  prio=5 tid=5612 in Object.wait()
java.lang.Thread.State: WAITING (on object monitor)
        at sun.misc.Unsafe.park(Native Method)
        at java.util.concurrent.locks.LockSupport.park(LockSupport.java:175)
        at java.util.concurrent.locks.AbstractQueuedSynchronizer$ConditionObject.await(AbstractQueuedSynchronizer.java:2039)
        at java.util.concurrent.LinkedBlockingQueue.take(LinkedBlockingQueue.java:442)
        at java.util.concurrent.ThreadPoolExecutor.getTask(ThreadPoolExecutor.java:1074)
        at java.util.concurrent.ThreadPoolExecutor.runWorker(ThreadPoolExecutor.java:1134)
        at java.util.concurrent.ThreadPoolExecutor$Worker.run(ThreadPoolExecutor.java:624)
        at java.lang.Thread.run(Thread.java:748)
"IPC Server handler 13 on default port 11866" daemon prio=5 tid=6641 timed_waiting
java.lang.Thread.State: TIMED_WAITING
        at sun.misc.Unsafe.park(Native Method)
        at java.util.concurrent.locks.LockSupport.parkNanos(LockSupport.java:215)
        at java.util.concurrent.locks.AbstractQueuedSynchronizer$ConditionObject.awaitNanos(AbstractQueuedSynchronizer.java:2078)
        at java.util.concurrent.LinkedBlockingQueue.poll(LinkedBlockingQueue.java:467)
        at org.apache.hadoop.ipc.CallQueueManager.take(CallQueueManager.java:295)
        at org.apache.hadoop.ipc.Server$Handler.run(Server.java:2881)
"PartialTableCache Cleanup Thread - 0" daemon prio=5 tid=990 in Object.wait()
java.lang.Thread.State: WAITING (on object monitor)
        at sun.misc.Unsafe.park(Native Method)
        at java.util.concurrent.locks.LockSupport.park(LockSupport.java:175)
        at java.util.concurrent.locks.AbstractQueuedSynchronizer$ConditionObject.await(AbstractQueuedSynchronizer.java:2039)
        at java.util.concurrent.LinkedBlockingQueue.take(LinkedBlockingQueue.java:442)
        at java.util.concurrent.ThreadPoolExecutor.getTask(ThreadPoolExecutor.java:1074)
        at java.util.concurrent.ThreadPoolExecutor.runWorker(ThreadPoolExecutor.java:1134)
        at java.util.concurrent.ThreadPoolExecutor$Worker.run(ThreadPoolExecutor.java:624)
        at java.lang.Thread.run(Thread.java:748)
"PartialTableCache Cleanup Thread - 0" daemon prio=5 tid=1002 in Object.wait()
java.lang.Thread.State: WAITING (on object monitor)
        at sun.misc.Unsafe.park(Native Method)
        at java.util.concurrent.locks.LockSupport.park(LockSupport.java:175)
        at java.util.concurrent.locks.AbstractQueuedSynchronizer$ConditionObject.await(AbstractQueuedSynchronizer.java:2039)
        at java.util.concurrent.LinkedBlockingQueue.take(LinkedBlockingQueue.java:442)
        at java.util.concurrent.ThreadPoolExecutor.getTask(ThreadPoolExecutor.java:1074)
        at java.util.concurrent.ThreadPoolExecutor.runWorker(ThreadPoolExecutor.java:1134)
        at java.util.concurrent.ThreadPoolExecutor$Worker.run(ThreadPoolExecutor.java:624)
        at java.lang.Thread.run(Thread.java:748)
"IPC Server handler 2 on default port 45819" daemon prio=5 tid=5470 timed_waiting
java.lang.Thread.State: TIMED_WAITING
        at sun.misc.Unsafe.park(Native Method)
        at java.util.concurrent.locks.LockSupport.parkNanos(LockSupport.java:215)
        at java.util.concurrent.locks.AbstractQueuedSynchronizer$ConditionObject.awaitNanos(AbstractQueuedSynchronizer.java:2078)
        at java.util.concurrent.LinkedBlockingQueue.poll(LinkedBlockingQueue.java:467)
        at org.apache.hadoop.ipc.CallQueueManager.take(CallQueueManager.java:295)
        at org.apache.hadoop.ipc.Server$Handler.run(Server.java:2881)
"BlockDeletingService#3" daemon prio=5 tid=7264 in Object.wait()
java.lang.Thread.State: WAITING (on object monitor)
        at sun.misc.Unsafe.park(Native Method)
        at java.util.concurrent.locks.LockSupport.park(LockSupport.java:175)
        at java.util.concurrent.locks.AbstractQueuedSynchronizer$ConditionObject.await(AbstractQueuedSynchronizer.java:2039)
        at java.util.concurrent.ScheduledThreadPoolExecutor$DelayedWorkQueue.take(ScheduledThreadPoolExecutor.java:1088)
        at java.util.concurrent.ScheduledThreadPoolExecutor$DelayedWorkQueue.take(ScheduledThreadPoolExecutor.java:809)
        at java.util.concurrent.ThreadPoolExecutor.getTask(ThreadPoolExecutor.java:1074)
        at java.util.concurrent.ThreadPoolExecutor.runWorker(ThreadPoolExecutor.java:1134)
        at java.util.concurrent.ThreadPoolExecutor$Worker.run(ThreadPoolExecutor.java:624)
        at java.lang.Thread.run(Thread.java:748)
"ChunkWriter-2-0" daemon prio=5 tid=5756 in Object.wait()
java.lang.Thread.State: WAITING (on object monitor)
        at sun.misc.Unsafe.park(Native Method)
        at java.util.concurrent.locks.LockSupport.park(LockSupport.java:175)
        at java.util.concurrent.locks.AbstractQueuedSynchronizer$ConditionObject.await(AbstractQueuedSynchronizer.java:2039)
        at java.util.concurrent.LinkedBlockingDeque.takeFirst(LinkedBlockingDeque.java:492)
        at java.util.concurrent.LinkedBlockingDeque.take(LinkedBlockingDeque.java:680)
        at java.util.concurrent.ThreadPoolExecutor.getTask(ThreadPoolExecutor.java:1074)
        at java.util.concurrent.ThreadPoolExecutor.runWorker(ThreadPoolExecutor.java:1134)
        at java.util.concurrent.ThreadPoolExecutor$Worker.run(ThreadPoolExecutor.java:624)
        at java.lang.Thread.run(Thread.java:748)
"ChunkWriter-3-0" daemon prio=5 tid=5745 in Object.wait()
java.lang.Thread.State: WAITING (on object monitor)
        at sun.misc.Unsafe.park(Native Method)
        at java.util.concurrent.locks.LockSupport.park(LockSupport.java:175)
        at java.util.concurrent.locks.AbstractQueuedSynchronizer$ConditionObject.await(AbstractQueuedSynchronizer.java:2039)
        at java.util.concurrent.LinkedBlockingDeque.takeFirst(LinkedBlockingDeque.java:492)
        at java.util.concurrent.LinkedBlockingDeque.take(LinkedBlockingDeque.java:680)
        at java.util.concurrent.ThreadPoolExecutor.getTask(ThreadPoolExecutor.java:1074)
        at java.util.concurrent.ThreadPoolExecutor.runWorker(ThreadPoolExecutor.java:1134)
        at java.util.concurrent.ThreadPoolExecutor$Worker.run(ThreadPoolExecutor.java:624)
        at java.lang.Thread.run(Thread.java:748)
"IPC Server handler 11 on default port 41453" daemon prio=5 tid=5499 timed_waiting
java.lang.Thread.State: TIMED_WAITING
        at sun.misc.Unsafe.park(Native Method)
        at java.util.concurrent.locks.LockSupport.parkNanos(LockSupport.java:215)
        at java.util.concurrent.locks.AbstractQueuedSynchronizer$ConditionObject.awaitNanos(AbstractQueuedSynchronizer.java:2078)
        at java.util.concurrent.LinkedBlockingQueue.poll(LinkedBlockingQueue.java:467)
        at org.apache.hadoop.ipc.CallQueueManager.take(CallQueueManager.java:295)
        at org.apache.hadoop.ipc.Server$Handler.run(Server.java:2881)
"qtp675242275-6651" daemon prio=5 tid=6651 timed_waiting
java.lang.Thread.State: TIMED_WAITING
        at sun.misc.Unsafe.park(Native Method)
        at java.util.concurrent.locks.LockSupport.parkNanos(LockSupport.java:215)
        at java.util.concurrent.locks.AbstractQueuedSynchronizer$ConditionObject.awaitNanos(AbstractQueuedSynchronizer.java:2078)
        at org.eclipse.jetty.util.BlockingArrayQueue.poll(BlockingArrayQueue.java:382)
        at org.eclipse.jetty.util.thread.QueuedThreadPool$Runner.idleJobPoll(QueuedThreadPool.java:875)
        at org.eclipse.jetty.util.thread.QueuedThreadPool$Runner.run(QueuedThreadPool.java:925)
        at java.lang.Thread.run(Thread.java:748)
"Periodic HDDS volume checker" daemon prio=5 tid=5657 timed_waiting
java.lang.Thread.State: TIMED_WAITING
        at sun.misc.Unsafe.park(Native Method)
        at java.util.concurrent.locks.LockSupport.parkNanos(LockSupport.java:215)
        at java.util.concurrent.locks.AbstractQueuedSynchronizer$ConditionObject.awaitNanos(AbstractQueuedSynchronizer.java:2078)
        at java.util.concurrent.ScheduledThreadPoolExecutor$DelayedWorkQueue.take(ScheduledThreadPoolExecutor.java:1093)
        at java.util.concurrent.ScheduledThreadPoolExecutor$DelayedWorkQueue.take(ScheduledThreadPoolExecutor.java:809)
        at java.util.concurrent.ThreadPoolExecutor.getTask(ThreadPoolExecutor.java:1074)
        at java.util.concurrent.ThreadPoolExecutor.runWorker(ThreadPoolExecutor.java:1134)
        at java.util.concurrent.ThreadPoolExecutor$Worker.run(ThreadPoolExecutor.java:624)
        at java.lang.Thread.run(Thread.java:748)
"IPC Server handler 13 on default port 11872" daemon prio=5 tid=5637 timed_waiting
java.lang.Thread.State: TIMED_WAITING
        at sun.misc.Unsafe.park(Native Method)
        at java.util.concurrent.locks.LockSupport.parkNanos(LockSupport.java:215)
        at java.util.concurrent.locks.AbstractQueuedSynchronizer$ConditionObject.awaitNanos(AbstractQueuedSynchronizer.java:2078)
        at java.util.concurrent.LinkedBlockingQueue.poll(LinkedBlockingQueue.java:467)
        at org.apache.hadoop.ipc.CallQueueManager.take(CallQueueManager.java:295)
        at org.apache.hadoop.ipc.Server$Handler.run(Server.java:2881)
"IPC Server handler 5 on default port 11866" daemon prio=5 tid=6633 timed_waiting
java.lang.Thread.State: TIMED_WAITING
        at sun.misc.Unsafe.park(Native Method)
        at java.util.concurrent.locks.LockSupport.parkNanos(LockSupport.java:215)
        at java.util.concurrent.locks.AbstractQueuedSynchronizer$ConditionObject.awaitNanos(AbstractQueuedSynchronizer.java:2078)
        at java.util.concurrent.LinkedBlockingQueue.poll(LinkedBlockingQueue.java:467)
        at org.apache.hadoop.ipc.CallQueueManager.take(CallQueueManager.java:295)
        at org.apache.hadoop.ipc.Server$Handler.run(Server.java:2881)
"IPC Server listener on 0" daemon prio=5 tid=5433 runnable
java.lang.Thread.State: RUNNABLE
        at sun.nio.ch.EPollArrayWrapper.epollWait(Native Method)
        at sun.nio.ch.EPollArrayWrapper.poll(EPollArrayWrapper.java:269)
        at sun.nio.ch.EPollSelectorImpl.doSelect(EPollSelectorImpl.java:93)
        at sun.nio.ch.SelectorImpl.lockAndDoSelect(SelectorImpl.java:86)
        at sun.nio.ch.SelectorImpl.select(SelectorImpl.java:97)
        at sun.nio.ch.SelectorImpl.select(SelectorImpl.java:101)
        at org.apache.hadoop.ipc.Server$Listener.run(Server.java:1304)
"qtp1903785634-5651" daemon prio=5 tid=5651 timed_waiting
java.lang.Thread.State: TIMED_WAITING
        at sun.misc.Unsafe.park(Native Method)
        at java.util.concurrent.locks.LockSupport.parkNanos(LockSupport.java:215)
        at java.util.concurrent.locks.AbstractQueuedSynchronizer$ConditionObject.awaitNanos(AbstractQueuedSynchronizer.java:2078)
        at org.eclipse.jetty.util.BlockingArrayQueue.poll(BlockingArrayQueue.java:382)
        at org.eclipse.jetty.util.thread.QueuedThreadPool$Runner.idleJobPoll(QueuedThreadPool.java:875)
        at org.eclipse.jetty.util.thread.QueuedThreadPool$Runner.run(QueuedThreadPool.java:925)
        at java.lang.Thread.run(Thread.java:748)
"IPC Server handler 18 on default port 36843" daemon prio=5 tid=5466 timed_waiting
java.lang.Thread.State: TIMED_WAITING
        at sun.misc.Unsafe.park(Native Method)
        at java.util.concurrent.locks.LockSupport.parkNanos(LockSupport.java:215)
        at java.util.concurrent.locks.AbstractQueuedSynchronizer$ConditionObject.awaitNanos(AbstractQueuedSynchronizer.java:2078)
        at java.util.concurrent.LinkedBlockingQueue.poll(LinkedBlockingQueue.java:467)
        at org.apache.hadoop.ipc.CallQueueManager.take(CallQueueManager.java:295)
        at org.apache.hadoop.ipc.Server$Handler.run(Server.java:2881)
"IPC Server handler 10 on default port 11872" daemon prio=5 tid=5634 timed_waiting
java.lang.Thread.State: TIMED_WAITING
        at sun.misc.Unsafe.park(Native Method)
        at java.util.concurrent.locks.LockSupport.parkNanos(LockSupport.java:215)
        at java.util.concurrent.locks.AbstractQueuedSynchronizer$ConditionObject.awaitNanos(AbstractQueuedSynchronizer.java:2078)
        at java.util.concurrent.LinkedBlockingQueue.poll(LinkedBlockingQueue.java:467)
        at org.apache.hadoop.ipc.CallQueueManager.take(CallQueueManager.java:295)
        at org.apache.hadoop.ipc.Server$Handler.run(Server.java:2881)


	at org.apache.hadoop.test.GenericTestUtils.waitFor(GenericTestUtils.java:225)
	at org.apache.hadoop.ozone.om.TestOzoneManagerHAWithData.testOMRestart(TestOzoneManagerHAWithData.java:603)
	at sun.reflect.NativeMethodAccessorImpl.invoke0(Native Method)
	at sun.reflect.NativeMethodAccessorImpl.invoke(NativeMethodAccessorImpl.java:62)
	at sun.reflect.DelegatingMethodAccessorImpl.invoke(DelegatingMethodAccessorImpl.java:43)
	at java.lang.reflect.Method.invoke(Method.java:498)
	at org.junit.runners.model.FrameworkMethod$1.runReflectiveCall(FrameworkMethod.java:47)
	at org.junit.internal.runners.model.ReflectiveCallable.run(ReflectiveCallable.java:12)
	at org.junit.runners.model.FrameworkMethod.invokeExplosively(FrameworkMethod.java:44)
	at org.junit.internal.runners.statements.InvokeMethod.evaluate(InvokeMethod.java:17)
	at org.junit.internal.runners.statements.RunBefores.evaluate(RunBefores.java:26)
	at org.junit.internal.runners.statements.RunAfters.evaluate(RunAfters.java:27)
	at org.junit.rules.ExpectedException$ExpectedExceptionStatement.evaluate(ExpectedException.java:168)
	at org.junit.internal.runners.statements.FailOnTimeout$StatementThread.run(FailOnTimeout.java:74)
</error>
    <system-out><![CDATA[2020-07-01 01:05:46,653 [Thread-4405] WARN  server.ServerUtils (ServerUtils.java:getScmDbDir(148)) - ozone.scm.db.dirs is not configured. We recommend adding this setting. Falling back to ozone.metadata.dirs instead.
2020-07-01 01:05:46,654 [Thread-4405] WARN  server.ServerUtils (ServerUtils.java:getScmDbDir(148)) - ozone.scm.db.dirs is not configured. We recommend adding this setting. Falling back to ozone.metadata.dirs instead.
2020-07-01 01:05:46,655 [Thread-4405] WARN  db.DBStoreBuilder (DBStoreBuilder.java:createDBStoreBuilder(277)) - ozone.scm.db.dirs is not configured. We recommend adding this setting. Falling back to ozone.metadata.dirs instead.
2020-07-01 01:05:46,679 [Thread-4405] INFO  net.NodeSchemaLoader (NodeSchemaLoader.java:loadSchemaFromFile(126)) - Loading file from sun.misc.CompoundEnumeration@5843d9bd
2020-07-01 01:05:46,679 [Thread-4405] INFO  net.NodeSchemaLoader (NodeSchemaLoader.java:loadSchema(172)) - Loading network topology layer schema file
2020-07-01 01:05:46,681 [Thread-4405] WARN  server.ServerUtils (ServerUtils.java:sanitizeUserArgs(73)) - ozone.scm.stale.node.interval value = 300000 is larger than max = 100000 based on the key value of ozone.scm.heartbeat.thread.interval, reset to the max value 100000.
2020-07-01 01:05:46,681 [Thread-4405] WARN  server.ServerUtils (ServerUtils.java:sanitizeUserArgs(73)) - ozone.scm.stale.node.interval value = 300000 is larger than max = 100000 based on the key value of ozone.scm.heartbeat.thread.interval, reset to the max value 100000.
2020-07-01 01:05:46,682 [Thread-4405] INFO  node.SCMNodeManager (SCMNodeManager.java:<init>(116)) - Entering startup safe mode.
2020-07-01 01:05:46,682 [Thread-4405] INFO  algorithms.ContainerPlacementPolicyFactory (ContainerPlacementPolicyFactory.java:getPolicy(60)) - Create container placement policy of type org.apache.hadoop.hdds.scm.container.placement.algorithms.SCMContainerPlacementRandom
2020-07-01 01:05:46,682 [Thread-4405] INFO  pipeline.SCMPipelineManager (SCMPipelineManager.java:initializePipelineState(158)) - No pipeline exists in current db
2020-07-01 01:05:46,683 [Thread-4405] INFO  safemode.HealthyPipelineSafeModeRule (HealthyPipelineSafeModeRule.java:<init>(89)) - Total pipeline count is 0, healthy pipeline threshold count is 0
2020-07-01 01:05:46,684 [Thread-4405] INFO  safemode.OneReplicaPipelineSafeModeRule (OneReplicaPipelineSafeModeRule.java:<init>(79)) - Total pipeline count is 0, pipeline's with at least one datanode reported threshold count is 0
2020-07-01 01:05:46,684 [Thread-4405] INFO  ipc.CallQueueManager (CallQueueManager.java:<init>(84)) - Using callQueue: class java.util.concurrent.LinkedBlockingQueue, queueCapacity: 2000, scheduler: class org.apache.hadoop.ipc.DefaultRpcScheduler, ipcBackoff: false.
2020-07-01 01:05:46,685 [RatisPipelineUtilsThread] ERROR pipeline.SCMPipelineManager (SCMPipelineManager.java:createPipeline(222)) - Failed to create pipeline of type RATIS and factor ONE. Exception: Cannot create pipeline of factor 1 using 0 nodes. Used 0 nodes. Healthy nodes 0
2020-07-01 01:05:46,685 [Listener at 0.0.0.0/41453] INFO  ipc.CallQueueManager (CallQueueManager.java:<init>(84)) - Using callQueue: class java.util.concurrent.LinkedBlockingQueue, queueCapacity: 2000, scheduler: class org.apache.hadoop.ipc.DefaultRpcScheduler, ipcBackoff: false.
2020-07-01 01:05:46,686 [Socket Reader #1 for port 0] INFO  ipc.Server (Server.java:run(1219)) - Starting Socket Reader #1 for port 0
2020-07-01 01:05:46,686 [Socket Reader #1 for port 0] INFO  ipc.Server (Server.java:run(1219)) - Starting Socket Reader #1 for port 0
2020-07-01 01:05:46,687 [Listener at 0.0.0.0/45819] INFO  ipc.CallQueueManager (CallQueueManager.java:<init>(84)) - Using callQueue: class java.util.concurrent.LinkedBlockingQueue, queueCapacity: 2000, scheduler: class org.apache.hadoop.ipc.DefaultRpcScheduler, ipcBackoff: false.
2020-07-01 01:05:46,688 [Socket Reader #1 for port 0] INFO  ipc.Server (Server.java:run(1219)) - Starting Socket Reader #1 for port 0
2020-07-01 01:05:46,693 [Listener at 0.0.0.0/36843] INFO  http.BaseHttpServer (BaseHttpServer.java:newHttpServer2BuilderForOzone(207)) - Starting Web-server for scm at: http://0.0.0.0:0
2020-07-01 01:05:46,693 [Listener at 0.0.0.0/36843] INFO  http.BaseHttpServer (BaseHttpServer.java:<init>(106)) - Hadoop Security Enabled: false Ozone Security Enabled: false Ozone HTTP Security Enabled: false 
2020-07-01 01:05:46,694 [Listener at 0.0.0.0/36843] INFO  server.AuthenticationFilter (AuthenticationFilter.java:constructSecretProvider(240)) - Unable to initialize FileSignerSecretProvider, falling back to use random secrets.
2020-07-01 01:05:46,701 [Listener at 0.0.0.0/36843] WARN  http.HttpRequestLog (HttpRequestLog.java:getRequestLog(103)) - Jetty request log can only be enabled using Log4j
2020-07-01 01:05:46,703 [Listener at 0.0.0.0/36843] INFO  http.HttpServer2 (HttpServer2.java:addGlobalFilter(997)) - Added global filter 'safety' (class=org.apache.hadoop.hdds.server.http.HttpServer2$QuotingInputFilter)
2020-07-01 01:05:46,704 [Listener at 0.0.0.0/36843] INFO  http.HttpServer2 (HttpServer2.java:addFilter(973)) - Added filter static_user_filter (class=org.apache.hadoop.http.lib.StaticUserWebFilter$StaticUserFilter) to context scm
2020-07-01 01:05:46,704 [Listener at 0.0.0.0/36843] INFO  http.HttpServer2 (HttpServer2.java:addFilter(981)) - Added filter static_user_filter (class=org.apache.hadoop.http.lib.StaticUserWebFilter$StaticUserFilter) to context static
2020-07-01 01:05:46,704 [Listener at 0.0.0.0/36843] INFO  http.HttpServer2 (HttpServer2.java:addFilter(981)) - Added filter static_user_filter (class=org.apache.hadoop.http.lib.StaticUserWebFilter$StaticUserFilter) to context logs
2020-07-01 01:05:46,705 [Listener at 0.0.0.0/36843] INFO  server.StorageContainerManager (StorageContainerManager.java:start(782)) - StorageContainerLocationProtocol RPC server is listening at /0.0.0.0:36843
2020-07-01 01:05:46,707 [Listener at 0.0.0.0/36843] WARN  impl.MetricsConfig (MetricsConfig.java:loadFirst(134)) - Cannot locate configuration: tried hadoop-metrics2-storagecontainermanager.properties,hadoop-metrics2.properties
2020-07-01 01:05:46,712 [Listener at 0.0.0.0/36843] INFO  impl.MetricsSystemImpl (MetricsSystemImpl.java:startTimer(374)) - Scheduled Metric snapshot period at 10 second(s).
2020-07-01 01:05:46,712 [Listener at 0.0.0.0/36843] INFO  impl.MetricsSystemImpl (MetricsSystemImpl.java:start(191)) - StorageContainerManager metrics system started
2020-07-01 01:05:46,730 [Listener at 0.0.0.0/36843] WARN  impl.MetricsSystemImpl (MetricsSystemImpl.java:register(276)) - Sink prometheus already exists!
2020-07-01 01:05:46,752 [Listener at 0.0.0.0/36843] INFO  server.SCMClientProtocolServer (SCMClientProtocolServer.java:start(156)) - RPC server for Client  is listening at /0.0.0.0:36843
2020-07-01 01:05:46,752 [IPC Server Responder] INFO  ipc.Server (Server.java:run(1460)) - IPC Server Responder: starting
2020-07-01 01:05:46,753 [IPC Server listener on 0] INFO  ipc.Server (Server.java:run(1298)) - IPC Server listener on 0: starting
2020-07-01 01:05:46,761 [Listener at 0.0.0.0/36843] INFO  server.StorageContainerManager (StorageContainerManager.java:start(794)) - ScmBlockLocationProtocol RPC server is listening at /0.0.0.0:45819
2020-07-01 01:05:46,761 [Listener at 0.0.0.0/36843] INFO  server.SCMBlockProtocolServer (SCMBlockProtocolServer.java:start(149)) - RPC server for Block Protocol is listening at /0.0.0.0:45819
2020-07-01 01:05:46,765 [IPC Server Responder] INFO  ipc.Server (Server.java:run(1460)) - IPC Server Responder: starting
2020-07-01 01:05:46,766 [IPC Server listener on 0] INFO  ipc.Server (Server.java:run(1298)) - IPC Server listener on 0: starting
2020-07-01 01:05:46,768 [Listener at 0.0.0.0/36843] INFO  server.StorageContainerManager (StorageContainerManager.java:start(800)) - ScmDatanodeProtocl RPC server is listening at /0.0.0.0:41453
2020-07-01 01:05:46,768 [Listener at 0.0.0.0/36843] INFO  server.SCMDatanodeProtocolServer (SCMDatanodeProtocolServer.java:start(172)) - RPC server for DataNodes is listening at /0.0.0.0:41453
2020-07-01 01:05:46,773 [IPC Server Responder] INFO  ipc.Server (Server.java:run(1460)) - IPC Server Responder: starting
2020-07-01 01:05:46,777 [Listener at 0.0.0.0/36843] INFO  http.HttpServer2 (HttpServer2.java:bindListener(1215)) - Jetty bound to port 42895
2020-07-01 01:05:46,777 [Listener at 0.0.0.0/36843] INFO  server.Server (Server.java:doStart(359)) - jetty-9.4.26.v20200117; built: 2020-01-17T12:35:33.676Z; git: 7b38981d25d14afb4a12ff1f2596756144edf695; jvm 1.8.0_232-b09
2020-07-01 01:05:46,781 [Listener at 0.0.0.0/36843] INFO  server.session (DefaultSessionIdManager.java:doStart(333)) - DefaultSessionIdManager workerName=node0
2020-07-01 01:05:46,782 [Listener at 0.0.0.0/36843] INFO  server.session (DefaultSessionIdManager.java:doStart(338)) - No SessionScavenger set, using defaults
2020-07-01 01:05:46,782 [Listener at 0.0.0.0/36843] INFO  server.session (HouseKeeper.java:startScavenging(140)) - node0 Scavenging every 660000ms
2020-07-01 01:05:46,782 [Listener at 0.0.0.0/36843] INFO  handler.ContextHandler (ContextHandler.java:doStart(825)) - Started o.e.j.s.ServletContextHandler@770a3314{logs,/logs,file:///github/workspace/mnt/ozone/hadoop-ozone/integration-test/target/log,AVAILABLE}
2020-07-01 01:05:46,782 [Listener at 0.0.0.0/36843] INFO  handler.ContextHandler (ContextHandler.java:doStart(825)) - Started o.e.j.s.ServletContextHandler@49e2ce16{static,/static,file:///github/workspace/mnt/ozone/hadoop-ozone/integration-test/target/test-classes/webapps/static,AVAILABLE}
2020-07-01 01:05:46,783 [IPC Server listener on 0] INFO  ipc.Server (Server.java:run(1298)) - IPC Server listener on 0: starting
2020-07-01 01:05:46,787 [Listener at 0.0.0.0/36843] INFO  handler.ContextHandler (ContextHandler.java:doStart(825)) - Started o.e.j.w.WebAppContext@22b83858{scm,/,file:///github/workspace/mnt/ozone/hadoop-ozone/integration-test/target/test-classes/webapps/scm/,AVAILABLE}{file:/github/workspace/mnt/ozone/hadoop-ozone/integration-test/target/test-classes/webapps/scm}
2020-07-01 01:05:46,790 [Listener at 0.0.0.0/36843] INFO  server.AbstractConnector (AbstractConnector.java:doStart(330)) - Started ServerConnector@2a6d0dcb{HTTP/1.1,[http/1.1]}{0.0.0.0:42895}
2020-07-01 01:05:46,790 [Listener at 0.0.0.0/36843] INFO  server.Server (Server.java:doStart(399)) - Started @262849ms
2020-07-01 01:05:46,790 [Listener at 0.0.0.0/36843] WARN  impl.MetricsSystemImpl (MetricsSystemImpl.java:register(276)) - Sink prometheus already exists!
2020-07-01 01:05:46,793 [Listener at 0.0.0.0/36843] INFO  http.BaseHttpServer (BaseHttpServer.java:updateConnectorAddress(327)) - HTTP server of scm listening at http://0.0.0.0:42895
2020-07-01 01:05:46,794 [org.apache.hadoop.util.JvmPauseMonitor$Monitor@15e9d3f7] INFO  util.JvmPauseMonitor (JvmPauseMonitor.java:run(188)) - Starting JVM pause monitor
2020-07-01 01:05:46,794 [Listener at 0.0.0.0/36843] WARN  server.ServerUtils (ServerUtils.java:getDBPath(225)) - ozone.om.db.dirs is not configured. We recommend adding this setting. Falling back to ozone.metadata.dirs instead.
2020-07-01 01:05:46,796 [Listener at 0.0.0.0/36843] INFO  ha.OMHANodeDetails (OMHANodeDetails.java:loadOMHAConfig(110)) - ServiceID for OzoneManager is om-service-test1
2020-07-01 01:05:46,796 [Listener at 0.0.0.0/36843] INFO  ha.OMHANodeDetails (OMHANodeDetails.java:loadOMHAConfig(188)) - Found matching OM address with OMServiceId: om-service-test1, OMNodeId: omNode-1, RPC Address: localhost:11860 and Ratis port: 11864
2020-07-01 01:05:46,796 [Listener at 0.0.0.0/36843] INFO  ha.OMHANodeDetails (OMHANodeDetails.java:setOMNodeSpecificConfigs(314)) - Setting configuration key ozone.om.http-address with value of key ozone.om.http-address.omNode-1: 127.0.0.1:11862
2020-07-01 01:05:46,796 [Listener at 0.0.0.0/36843] INFO  ha.OMHANodeDetails (OMHANodeDetails.java:setOMNodeSpecificConfigs(314)) - Setting configuration key ozone.om.https-address with value of key ozone.om.https-address.omNode-1: 127.0.0.1:11863
2020-07-01 01:05:46,796 [Listener at 0.0.0.0/36843] INFO  ha.OMHANodeDetails (OMHANodeDetails.java:setOMNodeSpecificConfigs(314)) - Setting configuration key ozone.om.address with value of key ozone.om.address.omNode-1: 127.0.0.1:11860
2020-07-01 01:05:46,796 [Listener at 0.0.0.0/36843] WARN  server.ServerUtils (ServerUtils.java:getDBPath(225)) - ozone.om.db.dirs is not configured. We recommend adding this setting. Falling back to ozone.metadata.dirs instead.
2020-07-01 01:05:46,796 [Listener at 0.0.0.0/36843] WARN  server.ServerUtils (ServerUtils.java:getDBPath(225)) - ozone.om.db.dirs is not configured. We recommend adding this setting. Falling back to ozone.metadata.dirs instead.
2020-07-01 01:05:46,801 [Listener at 0.0.0.0/36843] WARN  server.ServerUtils (ServerUtils.java:getDBPath(225)) - ozone.om.db.dirs is not configured. We recommend adding this setting. Falling back to ozone.metadata.dirs instead.
2020-07-01 01:05:46,848 [Listener at 0.0.0.0/36843] WARN  server.ServerUtils (ServerUtils.java:getDefaultRatisDirectory(237)) - Storage directory for Ratis is not configured. It is a good idea to map this to an SSD disk. Falling back to ozone.metadata.dirs
2020-07-01 01:05:46,849 [Listener at 0.0.0.0/36843] INFO  ratis.OzoneManagerRatisServer (OzoneManagerRatisServer.java:<init>(268)) - Instantiating OM Ratis server with GroupID: om-service-test1 and Raft Peers: localhost:11864, localhost:11870, localhost:11876
2020-07-01 01:05:46,850 [Listener at 0.0.0.0/36843] INFO  ratis.OzoneManagerStateMachine (OzoneManagerStateMachine.java:loadSnapshotInfoFromDB(539)) - LastAppliedIndex is set from TransactionInfo from OM DB as (t:0, i:~)
2020-07-01 01:05:46,851 [Listener at 0.0.0.0/36843] INFO  impl.RaftServerProxy (ConfUtils.java:logGet(44)) - raft.rpc.type = GRPC (default)
2020-07-01 01:05:46,851 [Listener at 0.0.0.0/36843] INFO  grpc.GrpcFactory (GrpcFactory.java:checkPooledByteBufAllocatorUseCacheForAllThreads(45)) - PERFORMANCE WARNING: useCacheForAllThreads is true that may cause Netty to create a lot garbage objects and, as a result, trigger GC.
	It is recommended to disable useCacheForAllThreads by setting -Dorg.apache.ratis.thirdparty.io.netty.allocator.useCacheForAllThreads=false in command line.
2020-07-01 01:05:46,851 [Listener at 0.0.0.0/36843] INFO  grpc.GrpcConfigKeys (ConfUtils.java:logGet(44)) - raft.grpc.server.port = 11864 (custom)
2020-07-01 01:05:46,851 [Listener at 0.0.0.0/36843] INFO  server.GrpcService (ConfUtils.java:logGet(44)) - raft.grpc.message.size.max = 33554432 (custom)
2020-07-01 01:05:46,851 [Listener at 0.0.0.0/36843] INFO  server.RaftServerConfigKeys (ConfUtils.java:logGet(44)) - raft.server.log.appender.buffer.byte-limit = 33554432 (custom)
2020-07-01 01:05:46,851 [Listener at 0.0.0.0/36843] INFO  server.GrpcService (ConfUtils.java:logGet(44)) - raft.grpc.flow.control.window = 1MB (=1048576) (default)
2020-07-01 01:05:46,851 [Listener at 0.0.0.0/36843] INFO  server.RaftServerConfigKeys (ConfUtils.java:logGet(44)) - raft.server.rpc.request.timeout = 3000ms (default)
2020-07-01 01:05:46,852 [Listener at 0.0.0.0/36843] INFO  server.RaftServerConfigKeys (ConfUtils.java:logGet(44)) - raft.server.storage.dir = [/github/workspace/mnt/ozone/hadoop-ozone/integration-test/target/test-dir/MiniOzoneClusterImpl-f77758f3-7054-4a66-83a1-d2ef3e95fe09/omNode-1/ratis] (custom)
2020-07-01 01:05:46,852 [Listener at 0.0.0.0/36843] INFO  impl.RaftServerProxy (RaftServerProxy.java:addNew(89)) - omNode-1: addNew group-523986131536:[omNode-3:localhost:11876, omNode-1:localhost:11864, omNode-2:localhost:11870] returns group-523986131536:java.util.concurrent.CompletableFuture@61faa807[Not completed]
2020-07-01 01:05:46,853 [pool-1082-thread-1] INFO  impl.RaftServerImpl (RaftServerImpl.java:<init>(99)) - omNode-1: new RaftServerImpl for group-523986131536:[omNode-3:localhost:11876, omNode-1:localhost:11864, omNode-2:localhost:11870] with OzoneManagerStateMachine:uninitialized
2020-07-01 01:05:46,853 [Listener at 0.0.0.0/36843] INFO  om.OzoneManager (OzoneManager.java:initializeRatisServer(1224)) - OzoneManager Ratis server initialized at port 11864
2020-07-01 01:05:46,853 [Listener at 0.0.0.0/36843] WARN  server.ServerUtils (ServerUtils.java:getDefaultRatisDirectory(237)) - Storage directory for Ratis is not configured. It is a good idea to map this to an SSD disk. Falling back to ozone.metadata.dirs
2020-07-01 01:05:46,853 [pool-1082-thread-1] INFO  server.RaftServerConfigKeys (ConfUtils.java:logGet(44)) - raft.server.rpc.timeout.min = 1s (custom)
2020-07-01 01:05:46,853 [Listener at 0.0.0.0/36843] WARN  server.ServerUtils (ServerUtils.java:getDefaultRatisDirectory(237)) - Storage directory for Ratis is not configured. It is a good idea to map this to an SSD disk. Falling back to ozone.metadata.dirs
2020-07-01 01:05:46,853 [pool-1082-thread-1] INFO  server.RaftServerConfigKeys (ConfUtils.java:logGet(44)) - raft.server.rpc.timeout.max = 1200ms (custom)
2020-07-01 01:05:46,853 [pool-1082-thread-1] INFO  server.RaftServerConfigKeys (ConfUtils.java:logGet(44)) - raft.server.rpcslowness.timeout = 2s (custom)
2020-07-01 01:05:46,853 [pool-1082-thread-1] INFO  server.RaftServerConfigKeys (ConfUtils.java:logGet(44)) - raft.server.sleep.deviation.threshold = 300 (default)
2020-07-01 01:05:46,853 [pool-1082-thread-1] INFO  server.RaftServerConfigKeys (ConfUtils.java:logGet(44)) - raft.server.log.appender.install.snapshot.enabled = false (custom)
2020-07-01 01:05:46,853 [Listener at 0.0.0.0/36843] INFO  snapshot.OzoneManagerSnapshotProvider (OzoneManagerSnapshotProvider.java:<init>(77)) - Initializing OM Snapshot Provider
2020-07-01 01:05:46,853 [pool-1082-thread-1] INFO  impl.RaftServerImpl (ServerState.java:<init>(103)) - omNode-1@group-523986131536: ConfigurationManager, init=-1: [omNode-3:localhost:11876, omNode-1:localhost:11864, omNode-2:localhost:11870], old=null, confs=<EMPTY_MAP>
2020-07-01 01:05:46,853 [pool-1082-thread-1] INFO  server.RaftServerConfigKeys (ConfUtils.java:logGet(44)) - raft.server.storage.dir = [/github/workspace/mnt/ozone/hadoop-ozone/integration-test/target/test-dir/MiniOzoneClusterImpl-f77758f3-7054-4a66-83a1-d2ef3e95fe09/omNode-1/ratis] (custom)
2020-07-01 01:05:46,854 [pool-1082-thread-1] INFO  server.RaftServerConfigKeys (ConfUtils.java:logGet(44)) - raft.server.log.corruption.policy = EXCEPTION (default)
2020-07-01 01:05:46,854 [pool-1082-thread-1] INFO  storage.RaftStorageDirectory (RaftStorageDirectory.java:analyzeStorage(261)) - The storage directory /github/workspace/mnt/ozone/hadoop-ozone/integration-test/target/test-dir/MiniOzoneClusterImpl-f77758f3-7054-4a66-83a1-d2ef3e95fe09/omNode-1/ratis/c9bc4cf4-3bc3-3c60-a66b-523986131536 does not exist. Creating ...
2020-07-01 01:05:46,854 [Listener at 0.0.0.0/36843] INFO  ipc.CallQueueManager (CallQueueManager.java:<init>(84)) - Using callQueue: class java.util.concurrent.LinkedBlockingQueue, queueCapacity: 2000, scheduler: class org.apache.hadoop.ipc.DefaultRpcScheduler, ipcBackoff: false.
2020-07-01 01:05:46,855 [pool-1082-thread-1] INFO  storage.RaftStorageDirectory (RaftStorageDirectory.java:tryLock(343)) - Lock on /github/workspace/mnt/ozone/hadoop-ozone/integration-test/target/test-dir/MiniOzoneClusterImpl-f77758f3-7054-4a66-83a1-d2ef3e95fe09/omNode-1/ratis/c9bc4cf4-3bc3-3c60-a66b-523986131536/in_use.lock acquired by nodename 3123@5231e4c2ab07
2020-07-01 01:05:46,858 [pool-1082-thread-1] INFO  storage.RaftStorage (RaftStorage.java:format(84)) - Storage directory /github/workspace/mnt/ozone/hadoop-ozone/integration-test/target/test-dir/MiniOzoneClusterImpl-f77758f3-7054-4a66-83a1-d2ef3e95fe09/omNode-1/ratis/c9bc4cf4-3bc3-3c60-a66b-523986131536 has been successfully formatted.
2020-07-01 01:05:46,858 [pool-1082-thread-1] INFO  ratis.OzoneManagerStateMachine (OzoneManagerStateMachine.java:getLatestSnapshot(147)) - Latest Snapshot Info 0#-1
2020-07-01 01:05:46,858 [pool-1082-thread-1] INFO  server.RaftServerConfigKeys (ConfUtils.java:logGet(44)) - raft.server.notification.no-leader.timeout = 2s (custom)
2020-07-01 01:05:46,858 [pool-1082-thread-1] INFO  server.RaftServerConfigKeys (ConfUtils.java:logGet(44)) - raft.server.log.use.memory = false (default)
2020-07-01 01:05:46,858 [pool-1082-thread-1] INFO  server.RaftServerConfigKeys (ConfUtils.java:logGet(44)) - raft.server.log.purge.gap = 50 (custom)
2020-07-01 01:05:46,858 [pool-1082-thread-1] INFO  server.RaftServerConfigKeys (ConfUtils.java:logGet(44)) - raft.server.log.appender.buffer.byte-limit = 33554432 (custom)
2020-07-01 01:05:46,858 [pool-1082-thread-1] INFO  server.RaftServerConfigKeys (ConfUtils.java:logGet(44)) - raft.server.log.segment.size.max = 16384 (custom)
2020-07-01 01:05:46,858 [pool-1082-thread-1] INFO  metrics.RatisMetrics (RatisMetrics.java:lambda$create$0(36)) - Creating Metrics Registry : ratis.log_worker.omNode-1@group-523986131536
2020-07-01 01:05:46,859 [pool-1082-thread-1] INFO  server.RaftServerConfigKeys (ConfUtils.java:logGet(44)) - raft.server.log.segment.cache.num.max = 2 (custom)
2020-07-01 01:05:46,859 [pool-1082-thread-1] INFO  segmented.SegmentedRaftLogWorker (SegmentedRaftLogWorker.java:<init>(180)) - new omNode-1@group-523986131536-SegmentedRaftLogWorker for RaftStorage:Storage Directory /github/workspace/mnt/ozone/hadoop-ozone/integration-test/target/test-dir/MiniOzoneClusterImpl-f77758f3-7054-4a66-83a1-d2ef3e95fe09/omNode-1/ratis/c9bc4cf4-3bc3-3c60-a66b-523986131536
2020-07-01 01:05:46,859 [pool-1082-thread-1] INFO  server.RaftServerConfigKeys (ConfUtils.java:logGet(44)) - raft.server.log.queue.byte-limit = 64MB (=67108864) (default)
2020-07-01 01:05:46,859 [pool-1082-thread-1] INFO  server.RaftServerConfigKeys (ConfUtils.java:logGet(44)) - raft.server.log.queue.element-limit = 4096 (default)
2020-07-01 01:05:46,859 [pool-1082-thread-1] INFO  server.RaftServerConfigKeys (ConfUtils.java:logGet(44)) - raft.server.log.segment.size.max = 16384 (custom)
2020-07-01 01:05:46,859 [pool-1082-thread-1] INFO  server.RaftServerConfigKeys (ConfUtils.java:logGet(44)) - raft.server.log.preallocated.size = 16384 (custom)
2020-07-01 01:05:46,859 [pool-1082-thread-1] INFO  server.RaftServerConfigKeys (ConfUtils.java:logGet(44)) - raft.server.log.write.buffer.size = 64KB (=65536) (default)
2020-07-01 01:05:46,859 [pool-1082-thread-1] INFO  server.RaftServerConfigKeys (ConfUtils.java:logGet(44)) - raft.server.log.force.sync.num = 128 (default)
2020-07-01 01:05:46,859 [pool-1082-thread-1] INFO  server.RaftServerConfigKeys (ConfUtils.java:logGet(44)) - raft.server.log.statemachine.data.sync = true (default)
2020-07-01 01:05:46,859 [pool-1082-thread-1] INFO  server.RaftServerConfigKeys (ConfUtils.java:logGet(44)) - raft.server.log.statemachine.data.sync.timeout = 10s (default)
2020-07-01 01:05:46,859 [pool-1082-thread-1] INFO  server.RaftServerConfigKeys (ConfUtils.java:logGet(44)) - raft.server.log.statemachine.data.sync.timeout.retry = -1 (default)
2020-07-01 01:05:46,859 [Socket Reader #1 for port 11860] INFO  ipc.Server (Server.java:run(1219)) - Starting Socket Reader #1 for port 11860
2020-07-01 01:05:46,862 [pool-1082-thread-1] INFO  server.RaftServerConfigKeys (ConfUtils.java:logGet(44)) - raft.server.log.statemachine.data.caching.enabled = false (default)
2020-07-01 01:05:46,862 [pool-1082-thread-1] INFO  segmented.SegmentedRaftLogWorker (SegmentedRaftLogWorker.java:lambda$new$0(129)) - omNode-1@group-523986131536-SegmentedRaftLogWorker: flushIndex: setUnconditionally 0 -> -1
2020-07-01 01:05:46,862 [pool-1082-thread-1] INFO  segmented.SegmentedRaftLogWorker (SegmentedRaftLogWorker.java:lambda$new$0(129)) - omNode-1@group-523986131536-SegmentedRaftLogWorker: safeCacheEvictIndex: setUnconditionally 0 -> -1
2020-07-01 01:05:46,863 [pool-1082-thread-1] INFO  server.RaftServerConfigKeys (ConfUtils.java:logGet(44)) - raft.server.snapshot.auto.trigger.enabled = true (custom)
2020-07-01 01:05:46,865 [pool-1082-thread-1] INFO  server.RaftServerConfigKeys (ConfUtils.java:logGet(44)) - raft.server.snapshot.auto.trigger.threshold = 50 (custom)
2020-07-01 01:05:46,865 [pool-1082-thread-1] INFO  server.RaftServerConfigKeys (ConfUtils.java:logGet(44)) - raft.server.snapshot.retention.file.num = -1 (default)
2020-07-01 01:05:46,865 [pool-1082-thread-1] INFO  server.RaftServerConfigKeys (ConfUtils.java:logGet(44)) - raft.server.log.purge.upto.snapshot.index = false (default)
2020-07-01 01:05:46,865 [pool-1082-thread-1] INFO  server.RaftServerConfigKeys (ConfUtils.java:logGet(44)) - raft.server.retrycache.expirytime = 600000ms (custom)
2020-07-01 01:05:46,866 [pool-1082-thread-1] INFO  metrics.RatisMetrics (RatisMetrics.java:lambda$create$0(36)) - Creating Metrics Registry : ratis.leader_election.omNode-1@group-523986131536
2020-07-01 01:05:46,866 [pool-1082-thread-1] INFO  metrics.RatisMetrics (RatisMetrics.java:lambda$create$0(36)) - Creating Metrics Registry : ratis.server.omNode-1@group-523986131536
2020-07-01 01:05:46,879 [Listener at 127.0.0.1/11860] INFO  impl.MetricsSystemImpl (MetricsSystemImpl.java:init(158)) - OzoneManager metrics system started (again)
2020-07-01 01:05:46,880 [Listener at 127.0.0.1/11860] INFO  om.OzoneManager (OzoneManager.java:start(1083)) - OzoneManager RPC server is listening at localhost/127.0.0.1:11860
2020-07-01 01:05:46,880 [Listener at 127.0.0.1/11860] INFO  ratis.OzoneManagerRatisServer (OzoneManagerRatisServer.java:start(365)) - Starting OzoneManagerRatisServer omNode-1 at port 11864
2020-07-01 01:05:46,880 [Listener at 127.0.0.1/11860] INFO  impl.RaftServerImpl (RaftServerImpl.java:start(186)) - omNode-1@group-523986131536: start as a follower, conf=-1: [omNode-3:localhost:11876, omNode-1:localhost:11864, omNode-2:localhost:11870], old=null
2020-07-01 01:05:46,880 [Listener at 127.0.0.1/11860] INFO  impl.RaftServerImpl (RaftServerImpl.java:setRole(175)) - omNode-1@group-523986131536: changes role from      null to FOLLOWER at term 0 for startAsFollower
2020-07-01 01:05:46,880 [Listener at 127.0.0.1/11860] INFO  impl.RoleInfo (RoleInfo.java:updateAndGet(143)) - omNode-1: start FollowerState
2020-07-01 01:05:46,881 [Listener at 127.0.0.1/11860] INFO  util.JmxRegister (JmxRegister.java:tryRegister(44)) - Successfully registered JMX Bean with object name Ratis:service=RaftServer,group=group-523986131536,id=omNode-1
2020-07-01 01:05:46,881 [Listener at 127.0.0.1/11860] INFO  metrics.RatisMetrics (RatisMetrics.java:lambda$create$0(36)) - Creating Metrics Registry : ratis.state_machine.omNode-1@group-523986131536
2020-07-01 01:05:46,882 [Listener at 127.0.0.1/11860] INFO  impl.RaftServerProxy (RaftServerProxy.java:lambda$start$3(304)) - omNode-1: start RPC server
2020-07-01 01:05:46,883 [Listener at 127.0.0.1/11860] INFO  server.GrpcService (GrpcService.java:startImpl(160)) - omNode-1: GrpcService started, listening on 0.0.0.0/0.0.0.0:11864
2020-07-01 01:05:46,884 [IPC Server Responder] INFO  ipc.Server (Server.java:run(1460)) - IPC Server Responder: starting
2020-07-01 01:05:46,884 [IPC Server listener on 11860] INFO  ipc.Server (Server.java:run(1298)) - IPC Server listener on 11860: starting
2020-07-01 01:05:46,896 [Listener at 127.0.0.1/11860] INFO  http.BaseHttpServer (BaseHttpServer.java:newHttpServer2BuilderForOzone(207)) - Starting Web-server for ozoneManager at: http://0.0.0.0:11862
2020-07-01 01:05:46,896 [Listener at 127.0.0.1/11860] INFO  http.BaseHttpServer (BaseHttpServer.java:<init>(106)) - Hadoop Security Enabled: false Ozone Security Enabled: false Ozone HTTP Security Enabled: false 
2020-07-01 01:05:46,897 [Listener at 127.0.0.1/11860] INFO  server.AuthenticationFilter (AuthenticationFilter.java:constructSecretProvider(240)) - Unable to initialize FileSignerSecretProvider, falling back to use random secrets.
2020-07-01 01:05:46,898 [Listener at 127.0.0.1/11860] WARN  http.HttpRequestLog (HttpRequestLog.java:getRequestLog(103)) - Jetty request log can only be enabled using Log4j
2020-07-01 01:05:46,899 [Listener at 127.0.0.1/11860] INFO  http.HttpServer2 (HttpServer2.java:addGlobalFilter(997)) - Added global filter 'safety' (class=org.apache.hadoop.hdds.server.http.HttpServer2$QuotingInputFilter)
2020-07-01 01:05:46,899 [Listener at 127.0.0.1/11860] INFO  http.HttpServer2 (HttpServer2.java:addFilter(973)) - Added filter static_user_filter (class=org.apache.hadoop.http.lib.StaticUserWebFilter$StaticUserFilter) to context ozoneManager
2020-07-01 01:05:46,899 [Listener at 127.0.0.1/11860] INFO  http.HttpServer2 (HttpServer2.java:addFilter(981)) - Added filter static_user_filter (class=org.apache.hadoop.http.lib.StaticUserWebFilter$StaticUserFilter) to context logs
2020-07-01 01:05:46,900 [Listener at 127.0.0.1/11860] INFO  http.HttpServer2 (HttpServer2.java:addFilter(981)) - Added filter static_user_filter (class=org.apache.hadoop.http.lib.StaticUserWebFilter$StaticUserFilter) to context static
2020-07-01 01:05:46,900 [Listener at 127.0.0.1/11860] INFO  http.HttpServer2 (HttpServer2.java:bindListener(1215)) - Jetty bound to port 11862
2020-07-01 01:05:46,900 [Listener at 127.0.0.1/11860] INFO  server.Server (Server.java:doStart(359)) - jetty-9.4.26.v20200117; built: 2020-01-17T12:35:33.676Z; git: 7b38981d25d14afb4a12ff1f2596756144edf695; jvm 1.8.0_232-b09
2020-07-01 01:05:46,904 [Listener at 127.0.0.1/11860] INFO  server.session (DefaultSessionIdManager.java:doStart(333)) - DefaultSessionIdManager workerName=node0
2020-07-01 01:05:46,904 [Listener at 127.0.0.1/11860] INFO  server.session (DefaultSessionIdManager.java:doStart(338)) - No SessionScavenger set, using defaults
2020-07-01 01:05:46,904 [Listener at 127.0.0.1/11860] INFO  server.session (HouseKeeper.java:startScavenging(140)) - node0 Scavenging every 660000ms
2020-07-01 01:05:46,905 [Listener at 127.0.0.1/11860] INFO  handler.ContextHandler (ContextHandler.java:doStart(825)) - Started o.e.j.s.ServletContextHandler@181adcf6{logs,/logs,file:///github/workspace/mnt/ozone/hadoop-ozone/integration-test/target/log,AVAILABLE}
2020-07-01 01:05:46,905 [Listener at 127.0.0.1/11860] INFO  handler.ContextHandler (ContextHandler.java:doStart(825)) - Started o.e.j.s.ServletContextHandler@1673c49d{static,/static,file:///github/workspace/mnt/ozone/hadoop-ozone/integration-test/target/test-classes/webapps/static,AVAILABLE}
2020-07-01 01:05:46,907 [Listener at 127.0.0.1/11860] INFO  handler.ContextHandler (ContextHandler.java:doStart(825)) - Started o.e.j.w.WebAppContext@6ac0c53d{ozoneManager,/,file:///github/workspace/mnt/ozone/hadoop-ozone/integration-test/target/test-classes/webapps/ozoneManager/,AVAILABLE}{file:/github/workspace/mnt/ozone/hadoop-ozone/integration-test/target/test-classes/webapps/ozoneManager}
2020-07-01 01:05:46,908 [Listener at 127.0.0.1/11860] INFO  server.AbstractConnector (AbstractConnector.java:doStart(330)) - Started ServerConnector@34c1cf18{HTTP/1.1,[http/1.1]}{0.0.0.0:11862}
2020-07-01 01:05:46,908 [Listener at 127.0.0.1/11860] INFO  server.Server (Server.java:doStart(399)) - Started @262968ms
2020-07-01 01:05:46,908 [Listener at 127.0.0.1/11860] WARN  impl.MetricsSystemImpl (MetricsSystemImpl.java:register(276)) - Sink prometheus already exists!
2020-07-01 01:05:46,910 [Listener at 127.0.0.1/11860] INFO  http.BaseHttpServer (BaseHttpServer.java:updateConnectorAddress(327)) - HTTP server of ozoneManager listening at http://0.0.0.0:11862
2020-07-01 01:05:46,911 [Listener at 127.0.0.1/11860] INFO  ozone.MiniOzoneHAClusterImpl (MiniOzoneHAClusterImpl.java:createOMService(380)) - Started OzoneManager RPC server at localhost/127.0.0.1:11860
2020-07-01 01:05:46,911 [org.apache.hadoop.util.JvmPauseMonitor$Monitor@7d272545] INFO  util.JvmPauseMonitor (JvmPauseMonitor.java:run(188)) - Starting JVM pause monitor
2020-07-01 01:05:46,911 [Listener at 127.0.0.1/11860] WARN  server.ServerUtils (ServerUtils.java:getDBPath(225)) - ozone.om.db.dirs is not configured. We recommend adding this setting. Falling back to ozone.metadata.dirs instead.
2020-07-01 01:05:46,912 [Listener at 127.0.0.1/11860] INFO  ha.OMHANodeDetails (OMHANodeDetails.java:loadOMHAConfig(110)) - ServiceID for OzoneManager is om-service-test1
2020-07-01 01:05:46,913 [Listener at 127.0.0.1/11860] INFO  ha.OMHANodeDetails (OMHANodeDetails.java:loadOMHAConfig(188)) - Found matching OM address with OMServiceId: om-service-test1, OMNodeId: omNode-2, RPC Address: localhost:11866 and Ratis port: 11870
2020-07-01 01:05:46,913 [Listener at 127.0.0.1/11860] INFO  ha.OMHANodeDetails (OMHANodeDetails.java:setOMNodeSpecificConfigs(314)) - Setting configuration key ozone.om.http-address with value of key ozone.om.http-address.omNode-2: 127.0.0.1:11868
2020-07-01 01:05:46,913 [Listener at 127.0.0.1/11860] INFO  ha.OMHANodeDetails (OMHANodeDetails.java:setOMNodeSpecificConfigs(314)) - Setting configuration key ozone.om.https-address with value of key ozone.om.https-address.omNode-2: 127.0.0.1:11869
2020-07-01 01:05:46,913 [Listener at 127.0.0.1/11860] INFO  ha.OMHANodeDetails (OMHANodeDetails.java:setOMNodeSpecificConfigs(314)) - Setting configuration key ozone.om.address with value of key ozone.om.address.omNode-2: 127.0.0.1:11866
2020-07-01 01:05:46,913 [Listener at 127.0.0.1/11860] WARN  server.ServerUtils (ServerUtils.java:getDBPath(225)) - ozone.om.db.dirs is not configured. We recommend adding this setting. Falling back to ozone.metadata.dirs instead.
2020-07-01 01:05:46,913 [Listener at 127.0.0.1/11860] WARN  server.ServerUtils (ServerUtils.java:getDBPath(225)) - ozone.om.db.dirs is not configured. We recommend adding this setting. Falling back to ozone.metadata.dirs instead.
2020-07-01 01:05:46,916 [Listener at 127.0.0.1/11860] WARN  server.ServerUtils (ServerUtils.java:getDBPath(225)) - ozone.om.db.dirs is not configured. We recommend adding this setting. Falling back to ozone.metadata.dirs instead.
2020-07-01 01:05:46,966 [Listener at 127.0.0.1/11860] WARN  server.ServerUtils (ServerUtils.java:getDefaultRatisDirectory(237)) - Storage directory for Ratis is not configured. It is a good idea to map this to an SSD disk. Falling back to ozone.metadata.dirs
2020-07-01 01:05:46,966 [Listener at 127.0.0.1/11860] INFO  ratis.OzoneManagerRatisServer (OzoneManagerRatisServer.java:<init>(268)) - Instantiating OM Ratis server with GroupID: om-service-test1 and Raft Peers: localhost:11870, localhost:11864, localhost:11876
2020-07-01 01:05:46,966 [Listener at 127.0.0.1/11860] INFO  ratis.OzoneManagerStateMachine (OzoneManagerStateMachine.java:loadSnapshotInfoFromDB(539)) - LastAppliedIndex is set from TransactionInfo from OM DB as (t:0, i:~)
2020-07-01 01:05:46,966 [Listener at 127.0.0.1/11860] INFO  impl.RaftServerProxy (ConfUtils.java:logGet(44)) - raft.rpc.type = GRPC (default)
2020-07-01 01:05:46,966 [Listener at 127.0.0.1/11860] INFO  grpc.GrpcFactory (GrpcFactory.java:checkPooledByteBufAllocatorUseCacheForAllThreads(45)) - PERFORMANCE WARNING: useCacheForAllThreads is true that may cause Netty to create a lot garbage objects and, as a result, trigger GC.
	It is recommended to disable useCacheForAllThreads by setting -Dorg.apache.ratis.thirdparty.io.netty.allocator.useCacheForAllThreads=false in command line.
2020-07-01 01:05:46,967 [Listener at 127.0.0.1/11860] INFO  grpc.GrpcConfigKeys (ConfUtils.java:logGet(44)) - raft.grpc.server.port = 11870 (custom)
2020-07-01 01:05:46,967 [Listener at 127.0.0.1/11860] INFO  server.GrpcService (ConfUtils.java:logGet(44)) - raft.grpc.message.size.max = 33554432 (custom)
2020-07-01 01:05:46,967 [Listener at 127.0.0.1/11860] INFO  server.RaftServerConfigKeys (ConfUtils.java:logGet(44)) - raft.server.log.appender.buffer.byte-limit = 33554432 (custom)
2020-07-01 01:05:46,967 [Listener at 127.0.0.1/11860] INFO  server.GrpcService (ConfUtils.java:logGet(44)) - raft.grpc.flow.control.window = 1MB (=1048576) (default)
2020-07-01 01:05:46,967 [Listener at 127.0.0.1/11860] INFO  server.RaftServerConfigKeys (ConfUtils.java:logGet(44)) - raft.server.rpc.request.timeout = 3000ms (default)
2020-07-01 01:05:46,968 [Listener at 127.0.0.1/11860] INFO  server.RaftServerConfigKeys (ConfUtils.java:logGet(44)) - raft.server.storage.dir = [/github/workspace/mnt/ozone/hadoop-ozone/integration-test/target/test-dir/MiniOzoneClusterImpl-f77758f3-7054-4a66-83a1-d2ef3e95fe09/omNode-2/ratis] (custom)
2020-07-01 01:05:46,968 [Listener at 127.0.0.1/11860] INFO  impl.RaftServerProxy (RaftServerProxy.java:addNew(89)) - omNode-2: addNew group-523986131536:[omNode-3:localhost:11876, omNode-1:localhost:11864, omNode-2:localhost:11870] returns group-523986131536:java.util.concurrent.CompletableFuture@645c75a8[Not completed]
2020-07-01 01:05:46,968 [pool-1098-thread-1] INFO  impl.RaftServerImpl (RaftServerImpl.java:<init>(99)) - omNode-2: new RaftServerImpl for group-523986131536:[omNode-3:localhost:11876, omNode-1:localhost:11864, omNode-2:localhost:11870] with OzoneManagerStateMachine:uninitialized
2020-07-01 01:05:46,968 [pool-1098-thread-1] INFO  server.RaftServerConfigKeys (ConfUtils.java:logGet(44)) - raft.server.rpc.timeout.min = 1s (custom)
2020-07-01 01:05:46,968 [pool-1098-thread-1] INFO  server.RaftServerConfigKeys (ConfUtils.java:logGet(44)) - raft.server.rpc.timeout.max = 1200ms (custom)
2020-07-01 01:05:46,968 [pool-1098-thread-1] INFO  server.RaftServerConfigKeys (ConfUtils.java:logGet(44)) - raft.server.rpcslowness.timeout = 2s (custom)
2020-07-01 01:05:46,969 [pool-1098-thread-1] INFO  server.RaftServerConfigKeys (ConfUtils.java:logGet(44)) - raft.server.sleep.deviation.threshold = 300 (default)
2020-07-01 01:05:46,969 [pool-1098-thread-1] INFO  server.RaftServerConfigKeys (ConfUtils.java:logGet(44)) - raft.server.log.appender.install.snapshot.enabled = false (custom)
2020-07-01 01:05:46,969 [pool-1098-thread-1] INFO  impl.RaftServerImpl (ServerState.java:<init>(103)) - omNode-2@group-523986131536: ConfigurationManager, init=-1: [omNode-3:localhost:11876, omNode-1:localhost:11864, omNode-2:localhost:11870], old=null, confs=<EMPTY_MAP>
2020-07-01 01:05:46,969 [pool-1098-thread-1] INFO  server.RaftServerConfigKeys (ConfUtils.java:logGet(44)) - raft.server.storage.dir = [/github/workspace/mnt/ozone/hadoop-ozone/integration-test/target/test-dir/MiniOzoneClusterImpl-f77758f3-7054-4a66-83a1-d2ef3e95fe09/omNode-2/ratis] (custom)
2020-07-01 01:05:46,969 [pool-1098-thread-1] INFO  server.RaftServerConfigKeys (ConfUtils.java:logGet(44)) - raft.server.log.corruption.policy = EXCEPTION (default)
2020-07-01 01:05:46,969 [pool-1098-thread-1] INFO  storage.RaftStorageDirectory (RaftStorageDirectory.java:analyzeStorage(261)) - The storage directory /github/workspace/mnt/ozone/hadoop-ozone/integration-test/target/test-dir/MiniOzoneClusterImpl-f77758f3-7054-4a66-83a1-d2ef3e95fe09/omNode-2/ratis/c9bc4cf4-3bc3-3c60-a66b-523986131536 does not exist. Creating ...
2020-07-01 01:05:46,969 [Listener at 127.0.0.1/11860] INFO  om.OzoneManager (OzoneManager.java:initializeRatisServer(1224)) - OzoneManager Ratis server initialized at port 11870
2020-07-01 01:05:46,970 [Listener at 127.0.0.1/11860] WARN  server.ServerUtils (ServerUtils.java:getDefaultRatisDirectory(237)) - Storage directory for Ratis is not configured. It is a good idea to map this to an SSD disk. Falling back to ozone.metadata.dirs
2020-07-01 01:05:46,970 [Listener at 127.0.0.1/11860] WARN  server.ServerUtils (ServerUtils.java:getDefaultRatisDirectory(237)) - Storage directory for Ratis is not configured. It is a good idea to map this to an SSD disk. Falling back to ozone.metadata.dirs
2020-07-01 01:05:46,970 [Listener at 127.0.0.1/11860] INFO  snapshot.OzoneManagerSnapshotProvider (OzoneManagerSnapshotProvider.java:<init>(77)) - Initializing OM Snapshot Provider
2020-07-01 01:05:46,970 [pool-1098-thread-1] INFO  storage.RaftStorageDirectory (RaftStorageDirectory.java:tryLock(343)) - Lock on /github/workspace/mnt/ozone/hadoop-ozone/integration-test/target/test-dir/MiniOzoneClusterImpl-f77758f3-7054-4a66-83a1-d2ef3e95fe09/omNode-2/ratis/c9bc4cf4-3bc3-3c60-a66b-523986131536/in_use.lock acquired by nodename 3123@5231e4c2ab07
2020-07-01 01:05:46,971 [pool-1098-thread-1] INFO  storage.RaftStorage (RaftStorage.java:format(84)) - Storage directory /github/workspace/mnt/ozone/hadoop-ozone/integration-test/target/test-dir/MiniOzoneClusterImpl-f77758f3-7054-4a66-83a1-d2ef3e95fe09/omNode-2/ratis/c9bc4cf4-3bc3-3c60-a66b-523986131536 has been successfully formatted.
2020-07-01 01:05:46,971 [pool-1098-thread-1] INFO  ratis.OzoneManagerStateMachine (OzoneManagerStateMachine.java:getLatestSnapshot(147)) - Latest Snapshot Info 0#-1
2020-07-01 01:05:46,971 [Listener at 127.0.0.1/11860] INFO  ipc.CallQueueManager (CallQueueManager.java:<init>(84)) - Using callQueue: class java.util.concurrent.LinkedBlockingQueue, queueCapacity: 2000, scheduler: class org.apache.hadoop.ipc.DefaultRpcScheduler, ipcBackoff: false.
2020-07-01 01:05:46,971 [pool-1098-thread-1] INFO  server.RaftServerConfigKeys (ConfUtils.java:logGet(44)) - raft.server.notification.no-leader.timeout = 2s (custom)
2020-07-01 01:05:46,971 [pool-1098-thread-1] INFO  server.RaftServerConfigKeys (ConfUtils.java:logGet(44)) - raft.server.log.use.memory = false (default)
2020-07-01 01:05:46,971 [pool-1098-thread-1] INFO  server.RaftServerConfigKeys (ConfUtils.java:logGet(44)) - raft.server.log.purge.gap = 50 (custom)
2020-07-01 01:05:46,972 [pool-1098-thread-1] INFO  server.RaftServerConfigKeys (ConfUtils.java:logGet(44)) - raft.server.log.appender.buffer.byte-limit = 33554432 (custom)
2020-07-01 01:05:46,972 [pool-1098-thread-1] INFO  server.RaftServerConfigKeys (ConfUtils.java:logGet(44)) - raft.server.log.segment.size.max = 16384 (custom)
2020-07-01 01:05:46,972 [pool-1098-thread-1] INFO  metrics.RatisMetrics (RatisMetrics.java:lambda$create$0(36)) - Creating Metrics Registry : ratis.log_worker.omNode-2@group-523986131536
2020-07-01 01:05:46,972 [pool-1098-thread-1] INFO  server.RaftServerConfigKeys (ConfUtils.java:logGet(44)) - raft.server.log.segment.cache.num.max = 2 (custom)
2020-07-01 01:05:46,972 [pool-1098-thread-1] INFO  segmented.SegmentedRaftLogWorker (SegmentedRaftLogWorker.java:<init>(180)) - new omNode-2@group-523986131536-SegmentedRaftLogWorker for RaftStorage:Storage Directory /github/workspace/mnt/ozone/hadoop-ozone/integration-test/target/test-dir/MiniOzoneClusterImpl-f77758f3-7054-4a66-83a1-d2ef3e95fe09/omNode-2/ratis/c9bc4cf4-3bc3-3c60-a66b-523986131536
2020-07-01 01:05:46,972 [pool-1098-thread-1] INFO  server.RaftServerConfigKeys (ConfUtils.java:logGet(44)) - raft.server.log.queue.byte-limit = 64MB (=67108864) (default)
2020-07-01 01:05:46,972 [pool-1098-thread-1] INFO  server.RaftServerConfigKeys (ConfUtils.java:logGet(44)) - raft.server.log.queue.element-limit = 4096 (default)
2020-07-01 01:05:46,972 [pool-1098-thread-1] INFO  server.RaftServerConfigKeys (ConfUtils.java:logGet(44)) - raft.server.log.segment.size.max = 16384 (custom)
2020-07-01 01:05:46,972 [pool-1098-thread-1] INFO  server.RaftServerConfigKeys (ConfUtils.java:logGet(44)) - raft.server.log.preallocated.size = 16384 (custom)
2020-07-01 01:05:46,972 [pool-1098-thread-1] INFO  server.RaftServerConfigKeys (ConfUtils.java:logGet(44)) - raft.server.log.write.buffer.size = 64KB (=65536) (default)
2020-07-01 01:05:46,972 [pool-1098-thread-1] INFO  server.RaftServerConfigKeys (ConfUtils.java:logGet(44)) - raft.server.log.force.sync.num = 128 (default)
2020-07-01 01:05:46,972 [pool-1098-thread-1] INFO  server.RaftServerConfigKeys (ConfUtils.java:logGet(44)) - raft.server.log.statemachine.data.sync = true (default)
2020-07-01 01:05:46,972 [pool-1098-thread-1] INFO  server.RaftServerConfigKeys (ConfUtils.java:logGet(44)) - raft.server.log.statemachine.data.sync.timeout = 10s (default)
2020-07-01 01:05:46,972 [pool-1098-thread-1] INFO  server.RaftServerConfigKeys (ConfUtils.java:logGet(44)) - raft.server.log.statemachine.data.sync.timeout.retry = -1 (default)
2020-07-01 01:05:46,977 [Socket Reader #1 for port 11866] INFO  ipc.Server (Server.java:run(1219)) - Starting Socket Reader #1 for port 11866
2020-07-01 01:05:46,980 [pool-1098-thread-1] INFO  server.RaftServerConfigKeys (ConfUtils.java:logGet(44)) - raft.server.log.statemachine.data.caching.enabled = false (default)
2020-07-01 01:05:46,981 [pool-1098-thread-1] INFO  segmented.SegmentedRaftLogWorker (SegmentedRaftLogWorker.java:lambda$new$0(129)) - omNode-2@group-523986131536-SegmentedRaftLogWorker: flushIndex: setUnconditionally 0 -> -1
2020-07-01 01:05:46,981 [pool-1098-thread-1] INFO  segmented.SegmentedRaftLogWorker (SegmentedRaftLogWorker.java:lambda$new$0(129)) - omNode-2@group-523986131536-SegmentedRaftLogWorker: safeCacheEvictIndex: setUnconditionally 0 -> -1
2020-07-01 01:05:46,985 [pool-1098-thread-1] INFO  server.RaftServerConfigKeys (ConfUtils.java:logGet(44)) - raft.server.snapshot.auto.trigger.enabled = true (custom)
2020-07-01 01:05:46,985 [pool-1098-thread-1] INFO  server.RaftServerConfigKeys (ConfUtils.java:logGet(44)) - raft.server.snapshot.auto.trigger.threshold = 50 (custom)
2020-07-01 01:05:46,985 [pool-1098-thread-1] INFO  server.RaftServerConfigKeys (ConfUtils.java:logGet(44)) - raft.server.snapshot.retention.file.num = -1 (default)
2020-07-01 01:05:46,985 [pool-1098-thread-1] INFO  server.RaftServerConfigKeys (ConfUtils.java:logGet(44)) - raft.server.log.purge.upto.snapshot.index = false (default)
2020-07-01 01:05:46,985 [pool-1098-thread-1] INFO  server.RaftServerConfigKeys (ConfUtils.java:logGet(44)) - raft.server.retrycache.expirytime = 600000ms (custom)
2020-07-01 01:05:46,985 [pool-1098-thread-1] INFO  metrics.RatisMetrics (RatisMetrics.java:lambda$create$0(36)) - Creating Metrics Registry : ratis.leader_election.omNode-2@group-523986131536
2020-07-01 01:05:46,986 [pool-1098-thread-1] INFO  metrics.RatisMetrics (RatisMetrics.java:lambda$create$0(36)) - Creating Metrics Registry : ratis.server.omNode-2@group-523986131536
2020-07-01 01:05:46,991 [Listener at 127.0.0.1/11866] INFO  impl.MetricsSystemImpl (MetricsSystemImpl.java:init(158)) - OzoneManager metrics system started (again)
2020-07-01 01:05:46,992 [Listener at 127.0.0.1/11866] INFO  om.OzoneManager (OzoneManager.java:start(1083)) - OzoneManager RPC server is listening at localhost/127.0.0.1:11866
2020-07-01 01:05:46,992 [Listener at 127.0.0.1/11866] INFO  ratis.OzoneManagerRatisServer (OzoneManagerRatisServer.java:start(365)) - Starting OzoneManagerRatisServer omNode-2 at port 11870
2020-07-01 01:05:46,992 [Listener at 127.0.0.1/11866] INFO  impl.RaftServerImpl (RaftServerImpl.java:start(186)) - omNode-2@group-523986131536: start as a follower, conf=-1: [omNode-3:localhost:11876, omNode-1:localhost:11864, omNode-2:localhost:11870], old=null
2020-07-01 01:05:46,992 [Listener at 127.0.0.1/11866] INFO  impl.RaftServerImpl (RaftServerImpl.java:setRole(175)) - omNode-2@group-523986131536: changes role from      null to FOLLOWER at term 0 for startAsFollower
2020-07-01 01:05:46,992 [Listener at 127.0.0.1/11866] INFO  impl.RoleInfo (RoleInfo.java:updateAndGet(143)) - omNode-2: start FollowerState
2020-07-01 01:05:46,993 [Listener at 127.0.0.1/11866] INFO  util.JmxRegister (JmxRegister.java:tryRegister(44)) - Successfully registered JMX Bean with object name Ratis:service=RaftServer,group=group-523986131536,id=omNode-2
2020-07-01 01:05:46,993 [Listener at 127.0.0.1/11866] INFO  metrics.RatisMetrics (RatisMetrics.java:lambda$create$0(36)) - Creating Metrics Registry : ratis.state_machine.omNode-2@group-523986131536
2020-07-01 01:05:46,994 [Listener at 127.0.0.1/11866] INFO  impl.RaftServerProxy (RaftServerProxy.java:lambda$start$3(304)) - omNode-2: start RPC server
2020-07-01 01:05:46,994 [Listener at 127.0.0.1/11866] INFO  server.GrpcService (GrpcService.java:startImpl(160)) - omNode-2: GrpcService started, listening on 0.0.0.0/0.0.0.0:11870
2020-07-01 01:05:46,995 [IPC Server Responder] INFO  ipc.Server (Server.java:run(1460)) - IPC Server Responder: starting
2020-07-01 01:05:47,001 [IPC Server listener on 11866] INFO  ipc.Server (Server.java:run(1298)) - IPC Server listener on 11866: starting
2020-07-01 01:05:47,009 [Listener at 127.0.0.1/11866] INFO  http.BaseHttpServer (BaseHttpServer.java:newHttpServer2BuilderForOzone(207)) - Starting Web-server for ozoneManager at: http://0.0.0.0:11868
2020-07-01 01:05:47,009 [Listener at 127.0.0.1/11866] INFO  http.BaseHttpServer (BaseHttpServer.java:<init>(106)) - Hadoop Security Enabled: false Ozone Security Enabled: false Ozone HTTP Security Enabled: false 
2020-07-01 01:05:47,010 [Listener at 127.0.0.1/11866] INFO  server.AuthenticationFilter (AuthenticationFilter.java:constructSecretProvider(240)) - Unable to initialize FileSignerSecretProvider, falling back to use random secrets.
2020-07-01 01:05:47,010 [Listener at 127.0.0.1/11866] WARN  http.HttpRequestLog (HttpRequestLog.java:getRequestLog(103)) - Jetty request log can only be enabled using Log4j
2020-07-01 01:05:47,011 [Listener at 127.0.0.1/11866] INFO  http.HttpServer2 (HttpServer2.java:addGlobalFilter(997)) - Added global filter 'safety' (class=org.apache.hadoop.hdds.server.http.HttpServer2$QuotingInputFilter)
2020-07-01 01:05:47,011 [Listener at 127.0.0.1/11866] INFO  http.HttpServer2 (HttpServer2.java:addFilter(973)) - Added filter static_user_filter (class=org.apache.hadoop.http.lib.StaticUserWebFilter$StaticUserFilter) to context ozoneManager
2020-07-01 01:05:47,011 [Listener at 127.0.0.1/11866] INFO  http.HttpServer2 (HttpServer2.java:addFilter(981)) - Added filter static_user_filter (class=org.apache.hadoop.http.lib.StaticUserWebFilter$StaticUserFilter) to context logs
2020-07-01 01:05:47,011 [Listener at 127.0.0.1/11866] INFO  http.HttpServer2 (HttpServer2.java:addFilter(981)) - Added filter static_user_filter (class=org.apache.hadoop.http.lib.StaticUserWebFilter$StaticUserFilter) to context static
2020-07-01 01:05:47,012 [Listener at 127.0.0.1/11866] INFO  http.HttpServer2 (HttpServer2.java:bindListener(1215)) - Jetty bound to port 11868
2020-07-01 01:05:47,012 [Listener at 127.0.0.1/11866] INFO  server.Server (Server.java:doStart(359)) - jetty-9.4.26.v20200117; built: 2020-01-17T12:35:33.676Z; git: 7b38981d25d14afb4a12ff1f2596756144edf695; jvm 1.8.0_232-b09
2020-07-01 01:05:47,013 [Listener at 127.0.0.1/11866] INFO  server.session (DefaultSessionIdManager.java:doStart(333)) - DefaultSessionIdManager workerName=node0
2020-07-01 01:05:47,013 [Listener at 127.0.0.1/11866] INFO  server.session (DefaultSessionIdManager.java:doStart(338)) - No SessionScavenger set, using defaults
2020-07-01 01:05:47,013 [Listener at 127.0.0.1/11866] INFO  server.session (HouseKeeper.java:startScavenging(140)) - node0 Scavenging every 600000ms
2020-07-01 01:05:47,014 [Listener at 127.0.0.1/11866] INFO  handler.ContextHandler (ContextHandler.java:doStart(825)) - Started o.e.j.s.ServletContextHandler@54c66b44{logs,/logs,file:///github/workspace/mnt/ozone/hadoop-ozone/integration-test/target/log,AVAILABLE}
2020-07-01 01:05:47,014 [Listener at 127.0.0.1/11866] INFO  handler.ContextHandler (ContextHandler.java:doStart(825)) - Started o.e.j.s.ServletContextHandler@4cea9093{static,/static,file:///github/workspace/mnt/ozone/hadoop-ozone/integration-test/target/test-classes/webapps/static,AVAILABLE}
2020-07-01 01:05:47,016 [Listener at 127.0.0.1/11866] INFO  handler.ContextHandler (ContextHandler.java:doStart(825)) - Started o.e.j.w.WebAppContext@4c70987c{ozoneManager,/,file:///github/workspace/mnt/ozone/hadoop-ozone/integration-test/target/test-classes/webapps/ozoneManager/,AVAILABLE}{file:/github/workspace/mnt/ozone/hadoop-ozone/integration-test/target/test-classes/webapps/ozoneManager}
2020-07-01 01:05:47,017 [Listener at 127.0.0.1/11866] INFO  server.AbstractConnector (AbstractConnector.java:doStart(330)) - Started ServerConnector@5b0f9c1a{HTTP/1.1,[http/1.1]}{0.0.0.0:11868}
2020-07-01 01:05:47,017 [Listener at 127.0.0.1/11866] INFO  server.Server (Server.java:doStart(399)) - Started @263077ms
2020-07-01 01:05:47,017 [Listener at 127.0.0.1/11866] WARN  impl.MetricsSystemImpl (MetricsSystemImpl.java:register(276)) - Sink prometheus already exists!
2020-07-01 01:05:47,019 [Listener at 127.0.0.1/11866] INFO  http.BaseHttpServer (BaseHttpServer.java:updateConnectorAddress(327)) - HTTP server of ozoneManager listening at http://0.0.0.0:11868
2020-07-01 01:05:47,019 [Listener at 127.0.0.1/11866] INFO  ozone.MiniOzoneHAClusterImpl (MiniOzoneHAClusterImpl.java:createOMService(380)) - Started OzoneManager RPC server at localhost/127.0.0.1:11866
2020-07-01 01:05:47,020 [org.apache.hadoop.util.JvmPauseMonitor$Monitor@8952784] INFO  util.JvmPauseMonitor (JvmPauseMonitor.java:run(188)) - Starting JVM pause monitor
2020-07-01 01:05:47,020 [Listener at 127.0.0.1/11866] WARN  server.ServerUtils (ServerUtils.java:getDBPath(225)) - ozone.om.db.dirs is not configured. We recommend adding this setting. Falling back to ozone.metadata.dirs instead.
2020-07-01 01:05:47,021 [Listener at 127.0.0.1/11866] INFO  ha.OMHANodeDetails (OMHANodeDetails.java:loadOMHAConfig(110)) - ServiceID for OzoneManager is om-service-test1
2020-07-01 01:05:47,021 [Listener at 127.0.0.1/11866] INFO  ha.OMHANodeDetails (OMHANodeDetails.java:loadOMHAConfig(188)) - Found matching OM address with OMServiceId: om-service-test1, OMNodeId: omNode-3, RPC Address: localhost:11872 and Ratis port: 11876
2020-07-01 01:05:47,021 [Listener at 127.0.0.1/11866] INFO  ha.OMHANodeDetails (OMHANodeDetails.java:setOMNodeSpecificConfigs(314)) - Setting configuration key ozone.om.http-address with value of key ozone.om.http-address.omNode-3: 127.0.0.1:11874
2020-07-01 01:05:47,022 [Listener at 127.0.0.1/11866] INFO  ha.OMHANodeDetails (OMHANodeDetails.java:setOMNodeSpecificConfigs(314)) - Setting configuration key ozone.om.https-address with value of key ozone.om.https-address.omNode-3: 127.0.0.1:11875
2020-07-01 01:05:47,022 [Listener at 127.0.0.1/11866] INFO  ha.OMHANodeDetails (OMHANodeDetails.java:setOMNodeSpecificConfigs(314)) - Setting configuration key ozone.om.address with value of key ozone.om.address.omNode-3: 127.0.0.1:11872
2020-07-01 01:05:47,022 [Listener at 127.0.0.1/11866] WARN  server.ServerUtils (ServerUtils.java:getDBPath(225)) - ozone.om.db.dirs is not configured. We recommend adding this setting. Falling back to ozone.metadata.dirs instead.
2020-07-01 01:05:47,022 [Listener at 127.0.0.1/11866] WARN  server.ServerUtils (ServerUtils.java:getDBPath(225)) - ozone.om.db.dirs is not configured. We recommend adding this setting. Falling back to ozone.metadata.dirs instead.
2020-07-01 01:05:47,024 [Listener at 127.0.0.1/11866] WARN  server.ServerUtils (ServerUtils.java:getDBPath(225)) - ozone.om.db.dirs is not configured. We recommend adding this setting. Falling back to ozone.metadata.dirs instead.
2020-07-01 01:05:47,073 [Listener at 127.0.0.1/11866] WARN  server.ServerUtils (ServerUtils.java:getDefaultRatisDirectory(237)) - Storage directory for Ratis is not configured. It is a good idea to map this to an SSD disk. Falling back to ozone.metadata.dirs
2020-07-01 01:05:47,073 [Listener at 127.0.0.1/11866] INFO  ratis.OzoneManagerRatisServer (OzoneManagerRatisServer.java:<init>(268)) - Instantiating OM Ratis server with GroupID: om-service-test1 and Raft Peers: localhost:11876, localhost:11864, localhost:11870
2020-07-01 01:05:47,073 [Listener at 127.0.0.1/11866] INFO  ratis.OzoneManagerStateMachine (OzoneManagerStateMachine.java:loadSnapshotInfoFromDB(539)) - LastAppliedIndex is set from TransactionInfo from OM DB as (t:0, i:~)
2020-07-01 01:05:47,074 [Listener at 127.0.0.1/11866] INFO  impl.RaftServerProxy (ConfUtils.java:logGet(44)) - raft.rpc.type = GRPC (default)
2020-07-01 01:05:47,074 [Listener at 127.0.0.1/11866] INFO  grpc.GrpcFactory (GrpcFactory.java:checkPooledByteBufAllocatorUseCacheForAllThreads(45)) - PERFORMANCE WARNING: useCacheForAllThreads is true that may cause Netty to create a lot garbage objects and, as a result, trigger GC.
	It is recommended to disable useCacheForAllThreads by setting -Dorg.apache.ratis.thirdparty.io.netty.allocator.useCacheForAllThreads=false in command line.
2020-07-01 01:05:47,074 [Listener at 127.0.0.1/11866] INFO  grpc.GrpcConfigKeys (ConfUtils.java:logGet(44)) - raft.grpc.server.port = 11876 (custom)
2020-07-01 01:05:47,074 [Listener at 127.0.0.1/11866] INFO  server.GrpcService (ConfUtils.java:logGet(44)) - raft.grpc.message.size.max = 33554432 (custom)
2020-07-01 01:05:47,074 [Listener at 127.0.0.1/11866] INFO  server.RaftServerConfigKeys (ConfUtils.java:logGet(44)) - raft.server.log.appender.buffer.byte-limit = 33554432 (custom)
2020-07-01 01:05:47,074 [Listener at 127.0.0.1/11866] INFO  server.GrpcService (ConfUtils.java:logGet(44)) - raft.grpc.flow.control.window = 1MB (=1048576) (default)
2020-07-01 01:05:47,074 [Listener at 127.0.0.1/11866] INFO  server.RaftServerConfigKeys (ConfUtils.java:logGet(44)) - raft.server.rpc.request.timeout = 3000ms (default)
2020-07-01 01:05:47,075 [Listener at 127.0.0.1/11866] INFO  server.RaftServerConfigKeys (ConfUtils.java:logGet(44)) - raft.server.storage.dir = [/github/workspace/mnt/ozone/hadoop-ozone/integration-test/target/test-dir/MiniOzoneClusterImpl-f77758f3-7054-4a66-83a1-d2ef3e95fe09/omNode-3/ratis] (custom)
2020-07-01 01:05:47,075 [Listener at 127.0.0.1/11866] INFO  impl.RaftServerProxy (RaftServerProxy.java:addNew(89)) - omNode-3: addNew group-523986131536:[omNode-3:localhost:11876, omNode-1:localhost:11864, omNode-2:localhost:11870] returns group-523986131536:java.util.concurrent.CompletableFuture@289b6c7[Not completed]
2020-07-01 01:05:47,076 [Listener at 127.0.0.1/11866] INFO  om.OzoneManager (OzoneManager.java:initializeRatisServer(1224)) - OzoneManager Ratis server initialized at port 11876
2020-07-01 01:05:47,076 [Listener at 127.0.0.1/11866] WARN  server.ServerUtils (ServerUtils.java:getDefaultRatisDirectory(237)) - Storage directory for Ratis is not configured. It is a good idea to map this to an SSD disk. Falling back to ozone.metadata.dirs
2020-07-01 01:05:47,076 [pool-1114-thread-1] INFO  impl.RaftServerImpl (RaftServerImpl.java:<init>(99)) - omNode-3: new RaftServerImpl for group-523986131536:[omNode-3:localhost:11876, omNode-1:localhost:11864, omNode-2:localhost:11870] with OzoneManagerStateMachine:uninitialized
2020-07-01 01:05:47,076 [Listener at 127.0.0.1/11866] WARN  server.ServerUtils (ServerUtils.java:getDefaultRatisDirectory(237)) - Storage directory for Ratis is not configured. It is a good idea to map this to an SSD disk. Falling back to ozone.metadata.dirs
2020-07-01 01:05:47,076 [pool-1114-thread-1] INFO  server.RaftServerConfigKeys (ConfUtils.java:logGet(44)) - raft.server.rpc.timeout.min = 1s (custom)
2020-07-01 01:05:47,076 [pool-1114-thread-1] INFO  server.RaftServerConfigKeys (ConfUtils.java:logGet(44)) - raft.server.rpc.timeout.max = 1200ms (custom)
2020-07-01 01:05:47,076 [pool-1114-thread-1] INFO  server.RaftServerConfigKeys (ConfUtils.java:logGet(44)) - raft.server.rpcslowness.timeout = 2s (custom)
2020-07-01 01:05:47,076 [pool-1114-thread-1] INFO  server.RaftServerConfigKeys (ConfUtils.java:logGet(44)) - raft.server.sleep.deviation.threshold = 300 (default)
2020-07-01 01:05:47,076 [pool-1114-thread-1] INFO  server.RaftServerConfigKeys (ConfUtils.java:logGet(44)) - raft.server.log.appender.install.snapshot.enabled = false (custom)
2020-07-01 01:05:47,076 [Listener at 127.0.0.1/11866] INFO  snapshot.OzoneManagerSnapshotProvider (OzoneManagerSnapshotProvider.java:<init>(77)) - Initializing OM Snapshot Provider
2020-07-01 01:05:47,076 [pool-1114-thread-1] INFO  impl.RaftServerImpl (ServerState.java:<init>(103)) - omNode-3@group-523986131536: ConfigurationManager, init=-1: [omNode-3:localhost:11876, omNode-1:localhost:11864, omNode-2:localhost:11870], old=null, confs=<EMPTY_MAP>
2020-07-01 01:05:47,076 [pool-1114-thread-1] INFO  server.RaftServerConfigKeys (ConfUtils.java:logGet(44)) - raft.server.storage.dir = [/github/workspace/mnt/ozone/hadoop-ozone/integration-test/target/test-dir/MiniOzoneClusterImpl-f77758f3-7054-4a66-83a1-d2ef3e95fe09/omNode-3/ratis] (custom)
2020-07-01 01:05:47,077 [pool-1114-thread-1] INFO  server.RaftServerConfigKeys (ConfUtils.java:logGet(44)) - raft.server.log.corruption.policy = EXCEPTION (default)
2020-07-01 01:05:47,077 [pool-1114-thread-1] INFO  storage.RaftStorageDirectory (RaftStorageDirectory.java:analyzeStorage(261)) - The storage directory /github/workspace/mnt/ozone/hadoop-ozone/integration-test/target/test-dir/MiniOzoneClusterImpl-f77758f3-7054-4a66-83a1-d2ef3e95fe09/omNode-3/ratis/c9bc4cf4-3bc3-3c60-a66b-523986131536 does not exist. Creating ...
2020-07-01 01:05:47,077 [Listener at 127.0.0.1/11866] INFO  ipc.CallQueueManager (CallQueueManager.java:<init>(84)) - Using callQueue: class java.util.concurrent.LinkedBlockingQueue, queueCapacity: 2000, scheduler: class org.apache.hadoop.ipc.DefaultRpcScheduler, ipcBackoff: false.
2020-07-01 01:05:47,078 [pool-1114-thread-1] INFO  storage.RaftStorageDirectory (RaftStorageDirectory.java:tryLock(343)) - Lock on /github/workspace/mnt/ozone/hadoop-ozone/integration-test/target/test-dir/MiniOzoneClusterImpl-f77758f3-7054-4a66-83a1-d2ef3e95fe09/omNode-3/ratis/c9bc4cf4-3bc3-3c60-a66b-523986131536/in_use.lock acquired by nodename 3123@5231e4c2ab07
2020-07-01 01:05:47,078 [Socket Reader #1 for port 11872] INFO  ipc.Server (Server.java:run(1219)) - Starting Socket Reader #1 for port 11872
2020-07-01 01:05:47,079 [pool-1114-thread-1] INFO  storage.RaftStorage (RaftStorage.java:format(84)) - Storage directory /github/workspace/mnt/ozone/hadoop-ozone/integration-test/target/test-dir/MiniOzoneClusterImpl-f77758f3-7054-4a66-83a1-d2ef3e95fe09/omNode-3/ratis/c9bc4cf4-3bc3-3c60-a66b-523986131536 has been successfully formatted.
2020-07-01 01:05:47,079 [pool-1114-thread-1] INFO  ratis.OzoneManagerStateMachine (OzoneManagerStateMachine.java:getLatestSnapshot(147)) - Latest Snapshot Info 0#-1
2020-07-01 01:05:47,079 [pool-1114-thread-1] INFO  server.RaftServerConfigKeys (ConfUtils.java:logGet(44)) - raft.server.notification.no-leader.timeout = 2s (custom)
2020-07-01 01:05:47,080 [pool-1114-thread-1] INFO  server.RaftServerConfigKeys (ConfUtils.java:logGet(44)) - raft.server.log.use.memory = false (default)
2020-07-01 01:05:47,080 [pool-1114-thread-1] INFO  server.RaftServerConfigKeys (ConfUtils.java:logGet(44)) - raft.server.log.purge.gap = 50 (custom)
2020-07-01 01:05:47,080 [pool-1114-thread-1] INFO  server.RaftServerConfigKeys (ConfUtils.java:logGet(44)) - raft.server.log.appender.buffer.byte-limit = 33554432 (custom)
2020-07-01 01:05:47,080 [pool-1114-thread-1] INFO  server.RaftServerConfigKeys (ConfUtils.java:logGet(44)) - raft.server.log.segment.size.max = 16384 (custom)
2020-07-01 01:05:47,080 [pool-1114-thread-1] INFO  metrics.RatisMetrics (RatisMetrics.java:lambda$create$0(36)) - Creating Metrics Registry : ratis.log_worker.omNode-3@group-523986131536
2020-07-01 01:05:47,080 [pool-1114-thread-1] INFO  server.RaftServerConfigKeys (ConfUtils.java:logGet(44)) - raft.server.log.segment.cache.num.max = 2 (custom)
2020-07-01 01:05:47,080 [pool-1114-thread-1] INFO  segmented.SegmentedRaftLogWorker (SegmentedRaftLogWorker.java:<init>(180)) - new omNode-3@group-523986131536-SegmentedRaftLogWorker for RaftStorage:Storage Directory /github/workspace/mnt/ozone/hadoop-ozone/integration-test/target/test-dir/MiniOzoneClusterImpl-f77758f3-7054-4a66-83a1-d2ef3e95fe09/omNode-3/ratis/c9bc4cf4-3bc3-3c60-a66b-523986131536
2020-07-01 01:05:47,080 [pool-1114-thread-1] INFO  server.RaftServerConfigKeys (ConfUtils.java:logGet(44)) - raft.server.log.queue.byte-limit = 64MB (=67108864) (default)
2020-07-01 01:05:47,080 [pool-1114-thread-1] INFO  server.RaftServerConfigKeys (ConfUtils.java:logGet(44)) - raft.server.log.queue.element-limit = 4096 (default)
2020-07-01 01:05:47,080 [pool-1114-thread-1] INFO  server.RaftServerConfigKeys (ConfUtils.java:logGet(44)) - raft.server.log.segment.size.max = 16384 (custom)
2020-07-01 01:05:47,080 [pool-1114-thread-1] INFO  server.RaftServerConfigKeys (ConfUtils.java:logGet(44)) - raft.server.log.preallocated.size = 16384 (custom)
2020-07-01 01:05:47,080 [pool-1114-thread-1] INFO  server.RaftServerConfigKeys (ConfUtils.java:logGet(44)) - raft.server.log.write.buffer.size = 64KB (=65536) (default)
2020-07-01 01:05:47,080 [pool-1114-thread-1] INFO  server.RaftServerConfigKeys (ConfUtils.java:logGet(44)) - raft.server.log.force.sync.num = 128 (default)
2020-07-01 01:05:47,080 [pool-1114-thread-1] INFO  server.RaftServerConfigKeys (ConfUtils.java:logGet(44)) - raft.server.log.statemachine.data.sync = true (default)
2020-07-01 01:05:47,080 [pool-1114-thread-1] INFO  server.RaftServerConfigKeys (ConfUtils.java:logGet(44)) - raft.server.log.statemachine.data.sync.timeout = 10s (default)
2020-07-01 01:05:47,080 [pool-1114-thread-1] INFO  server.RaftServerConfigKeys (ConfUtils.java:logGet(44)) - raft.server.log.statemachine.data.sync.timeout.retry = -1 (default)
2020-07-01 01:05:47,083 [pool-1114-thread-1] INFO  server.RaftServerConfigKeys (ConfUtils.java:logGet(44)) - raft.server.log.statemachine.data.caching.enabled = false (default)
2020-07-01 01:05:47,083 [pool-1114-thread-1] INFO  segmented.SegmentedRaftLogWorker (SegmentedRaftLogWorker.java:lambda$new$0(129)) - omNode-3@group-523986131536-SegmentedRaftLogWorker: flushIndex: setUnconditionally 0 -> -1
2020-07-01 01:05:47,083 [pool-1114-thread-1] INFO  segmented.SegmentedRaftLogWorker (SegmentedRaftLogWorker.java:lambda$new$0(129)) - omNode-3@group-523986131536-SegmentedRaftLogWorker: safeCacheEvictIndex: setUnconditionally 0 -> -1
2020-07-01 01:05:47,083 [pool-1114-thread-1] INFO  server.RaftServerConfigKeys (ConfUtils.java:logGet(44)) - raft.server.snapshot.auto.trigger.enabled = true (custom)
2020-07-01 01:05:47,083 [pool-1114-thread-1] INFO  server.RaftServerConfigKeys (ConfUtils.java:logGet(44)) - raft.server.snapshot.auto.trigger.threshold = 50 (custom)
2020-07-01 01:05:47,083 [pool-1114-thread-1] INFO  server.RaftServerConfigKeys (ConfUtils.java:logGet(44)) - raft.server.snapshot.retention.file.num = -1 (default)
2020-07-01 01:05:47,083 [pool-1114-thread-1] INFO  server.RaftServerConfigKeys (ConfUtils.java:logGet(44)) - raft.server.log.purge.upto.snapshot.index = false (default)
2020-07-01 01:05:47,083 [pool-1114-thread-1] INFO  server.RaftServerConfigKeys (ConfUtils.java:logGet(44)) - raft.server.retrycache.expirytime = 600000ms (custom)
2020-07-01 01:05:47,083 [pool-1114-thread-1] INFO  metrics.RatisMetrics (RatisMetrics.java:lambda$create$0(36)) - Creating Metrics Registry : ratis.leader_election.omNode-3@group-523986131536
2020-07-01 01:05:47,084 [pool-1114-thread-1] INFO  metrics.RatisMetrics (RatisMetrics.java:lambda$create$0(36)) - Creating Metrics Registry : ratis.server.omNode-3@group-523986131536
2020-07-01 01:05:47,091 [Listener at 127.0.0.1/11872] INFO  impl.MetricsSystemImpl (MetricsSystemImpl.java:init(158)) - OzoneManager metrics system started (again)
2020-07-01 01:05:47,092 [Listener at 127.0.0.1/11872] INFO  om.OzoneManager (OzoneManager.java:start(1083)) - OzoneManager RPC server is listening at localhost/127.0.0.1:11872
2020-07-01 01:05:47,092 [Listener at 127.0.0.1/11872] INFO  ratis.OzoneManagerRatisServer (OzoneManagerRatisServer.java:start(365)) - Starting OzoneManagerRatisServer omNode-3 at port 11876
2020-07-01 01:05:47,093 [Listener at 127.0.0.1/11872] INFO  impl.RaftServerImpl (RaftServerImpl.java:start(186)) - omNode-3@group-523986131536: start as a follower, conf=-1: [omNode-3:localhost:11876, omNode-1:localhost:11864, omNode-2:localhost:11870], old=null
2020-07-01 01:05:47,093 [Listener at 127.0.0.1/11872] INFO  impl.RaftServerImpl (RaftServerImpl.java:setRole(175)) - omNode-3@group-523986131536: changes role from      null to FOLLOWER at term 0 for startAsFollower
2020-07-01 01:05:47,093 [Listener at 127.0.0.1/11872] INFO  impl.RoleInfo (RoleInfo.java:updateAndGet(143)) - omNode-3: start FollowerState
2020-07-01 01:05:47,093 [Listener at 127.0.0.1/11872] INFO  util.JmxRegister (JmxRegister.java:tryRegister(44)) - Successfully registered JMX Bean with object name Ratis:service=RaftServer,group=group-523986131536,id=omNode-3
2020-07-01 01:05:47,093 [Listener at 127.0.0.1/11872] INFO  metrics.RatisMetrics (RatisMetrics.java:lambda$create$0(36)) - Creating Metrics Registry : ratis.state_machine.omNode-3@group-523986131536
2020-07-01 01:05:47,094 [Listener at 127.0.0.1/11872] INFO  impl.RaftServerProxy (RaftServerProxy.java:lambda$start$3(304)) - omNode-3: start RPC server
2020-07-01 01:05:47,096 [Listener at 127.0.0.1/11872] INFO  server.GrpcService (GrpcService.java:startImpl(160)) - omNode-3: GrpcService started, listening on 0.0.0.0/0.0.0.0:11876
2020-07-01 01:05:47,097 [IPC Server Responder] INFO  ipc.Server (Server.java:run(1460)) - IPC Server Responder: starting
2020-07-01 01:05:47,098 [IPC Server listener on 11872] INFO  ipc.Server (Server.java:run(1298)) - IPC Server listener on 11872: starting
2020-07-01 01:05:47,118 [Listener at 127.0.0.1/11872] INFO  http.BaseHttpServer (BaseHttpServer.java:newHttpServer2BuilderForOzone(207)) - Starting Web-server for ozoneManager at: http://0.0.0.0:11874
2020-07-01 01:05:47,118 [Listener at 127.0.0.1/11872] INFO  http.BaseHttpServer (BaseHttpServer.java:<init>(106)) - Hadoop Security Enabled: false Ozone Security Enabled: false Ozone HTTP Security Enabled: false 
2020-07-01 01:05:47,118 [Listener at 127.0.0.1/11872] INFO  server.AuthenticationFilter (AuthenticationFilter.java:constructSecretProvider(240)) - Unable to initialize FileSignerSecretProvider, falling back to use random secrets.
2020-07-01 01:05:47,119 [Listener at 127.0.0.1/11872] WARN  http.HttpRequestLog (HttpRequestLog.java:getRequestLog(103)) - Jetty request log can only be enabled using Log4j
2020-07-01 01:05:47,119 [Listener at 127.0.0.1/11872] INFO  http.HttpServer2 (HttpServer2.java:addGlobalFilter(997)) - Added global filter 'safety' (class=org.apache.hadoop.hdds.server.http.HttpServer2$QuotingInputFilter)
2020-07-01 01:05:47,120 [Listener at 127.0.0.1/11872] INFO  http.HttpServer2 (HttpServer2.java:addFilter(973)) - Added filter static_user_filter (class=org.apache.hadoop.http.lib.StaticUserWebFilter$StaticUserFilter) to context ozoneManager
2020-07-01 01:05:47,120 [Listener at 127.0.0.1/11872] INFO  http.HttpServer2 (HttpServer2.java:addFilter(981)) - Added filter static_user_filter (class=org.apache.hadoop.http.lib.StaticUserWebFilter$StaticUserFilter) to context logs
2020-07-01 01:05:47,120 [Listener at 127.0.0.1/11872] INFO  http.HttpServer2 (HttpServer2.java:addFilter(981)) - Added filter static_user_filter (class=org.apache.hadoop.http.lib.StaticUserWebFilter$StaticUserFilter) to context static
2020-07-01 01:05:47,120 [Listener at 127.0.0.1/11872] INFO  http.HttpServer2 (HttpServer2.java:bindListener(1215)) - Jetty bound to port 11874
2020-07-01 01:05:47,120 [Listener at 127.0.0.1/11872] INFO  server.Server (Server.java:doStart(359)) - jetty-9.4.26.v20200117; built: 2020-01-17T12:35:33.676Z; git: 7b38981d25d14afb4a12ff1f2596756144edf695; jvm 1.8.0_232-b09
2020-07-01 01:05:47,121 [Listener at 127.0.0.1/11872] INFO  server.session (DefaultSessionIdManager.java:doStart(333)) - DefaultSessionIdManager workerName=node0
2020-07-01 01:05:47,121 [Listener at 127.0.0.1/11872] INFO  server.session (DefaultSessionIdManager.java:doStart(338)) - No SessionScavenger set, using defaults
2020-07-01 01:05:47,122 [Listener at 127.0.0.1/11872] INFO  server.session (HouseKeeper.java:startScavenging(140)) - node0 Scavenging every 660000ms
2020-07-01 01:05:47,122 [Listener at 127.0.0.1/11872] INFO  handler.ContextHandler (ContextHandler.java:doStart(825)) - Started o.e.j.s.ServletContextHandler@e732e20{logs,/logs,file:///github/workspace/mnt/ozone/hadoop-ozone/integration-test/target/log,AVAILABLE}
2020-07-01 01:05:47,122 [Listener at 127.0.0.1/11872] INFO  handler.ContextHandler (ContextHandler.java:doStart(825)) - Started o.e.j.s.ServletContextHandler@71d56a69{static,/static,file:///github/workspace/mnt/ozone/hadoop-ozone/integration-test/target/test-classes/webapps/static,AVAILABLE}
2020-07-01 01:05:47,124 [Listener at 127.0.0.1/11872] INFO  handler.ContextHandler (ContextHandler.java:doStart(825)) - Started o.e.j.w.WebAppContext@46cc24a5{ozoneManager,/,file:///github/workspace/mnt/ozone/hadoop-ozone/integration-test/target/test-classes/webapps/ozoneManager/,AVAILABLE}{file:/github/workspace/mnt/ozone/hadoop-ozone/integration-test/target/test-classes/webapps/ozoneManager}
2020-07-01 01:05:47,125 [Listener at 127.0.0.1/11872] INFO  server.AbstractConnector (AbstractConnector.java:doStart(330)) - Started ServerConnector@27c934ae{HTTP/1.1,[http/1.1]}{0.0.0.0:11874}
2020-07-01 01:05:47,126 [Listener at 127.0.0.1/11872] INFO  server.Server (Server.java:doStart(399)) - Started @263185ms
2020-07-01 01:05:47,126 [Listener at 127.0.0.1/11872] WARN  impl.MetricsSystemImpl (MetricsSystemImpl.java:register(276)) - Sink prometheus already exists!
2020-07-01 01:05:47,128 [Listener at 127.0.0.1/11872] INFO  http.BaseHttpServer (BaseHttpServer.java:updateConnectorAddress(327)) - HTTP server of ozoneManager listening at http://0.0.0.0:11874
2020-07-01 01:05:47,128 [Listener at 127.0.0.1/11872] INFO  ozone.MiniOzoneHAClusterImpl (MiniOzoneHAClusterImpl.java:createOMService(380)) - Started OzoneManager RPC server at localhost/127.0.0.1:11872
2020-07-01 01:05:47,132 [Listener at 127.0.0.1/11872] INFO  impl.MetricsSystemImpl (MetricsSystemImpl.java:init(158)) - HddsDatanode metrics system started (again)
2020-07-01 01:05:47,134 [Listener at 127.0.0.1/11872] INFO  ozone.HddsDatanodeService (HddsDatanodeService.java:start(197)) - HddsDatanodeService host:5231e4c2ab07 ip:172.17.0.2
2020-07-01 01:05:47,134 [org.apache.hadoop.util.JvmPauseMonitor$Monitor@5af250f9] INFO  util.JvmPauseMonitor (JvmPauseMonitor.java:run(188)) - Starting JVM pause monitor
2020-07-01 01:05:47,137 [Listener at 127.0.0.1/11872] INFO  volume.HddsVolume (HddsVolume.java:<init>(176)) - Creating Volume: /github/workspace/mnt/ozone/hadoop-ozone/integration-test/target/test-dir/MiniOzoneClusterImpl-f77758f3-7054-4a66-83a1-d2ef3e95fe09/datanode-0/data-0/containers/hdds of storage type : DISK and capacity : 9223372036854775807
2020-07-01 01:05:47,137 [Listener at 127.0.0.1/11872] INFO  volume.MutableVolumeSet (MutableVolumeSet.java:initializeVolumeSet(181)) - Added Volume : /github/workspace/mnt/ozone/hadoop-ozone/integration-test/target/test-dir/MiniOzoneClusterImpl-f77758f3-7054-4a66-83a1-d2ef3e95fe09/datanode-0/data-0/containers/hdds to VolumeSet
2020-07-01 01:05:47,137 [Listener at 127.0.0.1/11872] INFO  volume.ThrottledAsyncChecker (ThrottledAsyncChecker.java:schedule(141)) - Scheduling a check for /github/workspace/mnt/ozone/hadoop-ozone/integration-test/target/test-dir/MiniOzoneClusterImpl-f77758f3-7054-4a66-83a1-d2ef3e95fe09/datanode-0/data-0/containers/hdds
2020-07-01 01:05:47,141 [Listener at 127.0.0.1/11872] INFO  volume.HddsVolumeChecker (HddsVolumeChecker.java:checkAllVolumes(200)) - Scheduled health check for volume /github/workspace/mnt/ozone/hadoop-ozone/integration-test/target/test-dir/MiniOzoneClusterImpl-f77758f3-7054-4a66-83a1-d2ef3e95fe09/datanode-0/data-0/containers/hdds
2020-07-01 01:05:47,154 [Listener at 127.0.0.1/11872] INFO  impl.RaftServerProxy (ConfUtils.java:logGet(44)) - raft.rpc.type = GRPC (default)
2020-07-01 01:05:47,154 [Listener at 127.0.0.1/11872] INFO  grpc.GrpcFactory (GrpcFactory.java:checkPooledByteBufAllocatorUseCacheForAllThreads(45)) - PERFORMANCE WARNING: useCacheForAllThreads is true that may cause Netty to create a lot garbage objects and, as a result, trigger GC.
	It is recommended to disable useCacheForAllThreads by setting -Dorg.apache.ratis.thirdparty.io.netty.allocator.useCacheForAllThreads=false in command line.
2020-07-01 01:05:47,154 [Listener at 127.0.0.1/11872] INFO  grpc.GrpcConfigKeys (ConfUtils.java:logGet(44)) - raft.grpc.server.port = 0 (default)
2020-07-01 01:05:47,154 [Listener at 127.0.0.1/11872] INFO  server.GrpcService (ConfUtils.java:logGet(44)) - raft.grpc.message.size.max = 32MB (=33554432) (custom)
2020-07-01 01:05:47,154 [Listener at 127.0.0.1/11872] INFO  server.RaftServerConfigKeys (ConfUtils.java:logGet(44)) - raft.server.log.appender.buffer.byte-limit = 33554432 (custom)
2020-07-01 01:05:47,154 [Listener at 127.0.0.1/11872] INFO  server.GrpcService (ConfUtils.java:logGet(44)) - raft.grpc.flow.control.window = 5MB (=5242880) (custom)
2020-07-01 01:05:47,154 [Listener at 127.0.0.1/11872] INFO  server.RaftServerConfigKeys (ConfUtils.java:logGet(44)) - raft.server.rpc.request.timeout = 60s (custom)
2020-07-01 01:05:47,155 [Listener at 127.0.0.1/11872] INFO  server.RaftServerConfigKeys (ConfUtils.java:logGet(44)) - raft.server.storage.dir = [/github/workspace/mnt/ozone/hadoop-ozone/integration-test/target/test-dir/MiniOzoneClusterImpl-f77758f3-7054-4a66-83a1-d2ef3e95fe09/datanode-0/data/ratis] (custom)
2020-07-01 01:05:47,158 [Listener at 127.0.0.1/11872] INFO  http.BaseHttpServer (BaseHttpServer.java:newHttpServer2BuilderForOzone(207)) - Starting Web-server for hddsDatanode at: http://0.0.0.0:0
2020-07-01 01:05:47,158 [Listener at 127.0.0.1/11872] INFO  http.BaseHttpServer (BaseHttpServer.java:<init>(106)) - Hadoop Security Enabled: false Ozone Security Enabled: false Ozone HTTP Security Enabled: false 
2020-07-01 01:05:47,159 [Listener at 127.0.0.1/11872] INFO  server.AuthenticationFilter (AuthenticationFilter.java:constructSecretProvider(240)) - Unable to initialize FileSignerSecretProvider, falling back to use random secrets.
2020-07-01 01:05:47,159 [Listener at 127.0.0.1/11872] WARN  http.HttpRequestLog (HttpRequestLog.java:getRequestLog(103)) - Jetty request log can only be enabled using Log4j
2020-07-01 01:05:47,160 [Listener at 127.0.0.1/11872] INFO  http.HttpServer2 (HttpServer2.java:addGlobalFilter(997)) - Added global filter 'safety' (class=org.apache.hadoop.hdds.server.http.HttpServer2$QuotingInputFilter)
2020-07-01 01:05:47,160 [Listener at 127.0.0.1/11872] INFO  http.HttpServer2 (HttpServer2.java:addFilter(973)) - Added filter static_user_filter (class=org.apache.hadoop.http.lib.StaticUserWebFilter$StaticUserFilter) to context hddsDatanode
2020-07-01 01:05:47,160 [Listener at 127.0.0.1/11872] INFO  http.HttpServer2 (HttpServer2.java:addFilter(981)) - Added filter static_user_filter (class=org.apache.hadoop.http.lib.StaticUserWebFilter$StaticUserFilter) to context static
2020-07-01 01:05:47,161 [Listener at 127.0.0.1/11872] INFO  http.HttpServer2 (HttpServer2.java:addFilter(981)) - Added filter static_user_filter (class=org.apache.hadoop.http.lib.StaticUserWebFilter$StaticUserFilter) to context logs
2020-07-01 01:05:47,161 [Listener at 127.0.0.1/11872] INFO  http.HttpServer2 (HttpServer2.java:bindListener(1215)) - Jetty bound to port 44911
2020-07-01 01:05:47,161 [Listener at 127.0.0.1/11872] INFO  server.Server (Server.java:doStart(359)) - jetty-9.4.26.v20200117; built: 2020-01-17T12:35:33.676Z; git: 7b38981d25d14afb4a12ff1f2596756144edf695; jvm 1.8.0_232-b09
2020-07-01 01:05:47,162 [Listener at 127.0.0.1/11872] INFO  server.session (DefaultSessionIdManager.java:doStart(333)) - DefaultSessionIdManager workerName=node0
2020-07-01 01:05:47,162 [Listener at 127.0.0.1/11872] INFO  server.session (DefaultSessionIdManager.java:doStart(338)) - No SessionScavenger set, using defaults
2020-07-01 01:05:47,162 [Listener at 127.0.0.1/11872] INFO  server.session (HouseKeeper.java:startScavenging(140)) - node0 Scavenging every 660000ms
2020-07-01 01:05:47,162 [Listener at 127.0.0.1/11872] INFO  handler.ContextHandler (ContextHandler.java:doStart(825)) - Started o.e.j.s.ServletContextHandler@37c71c71{logs,/logs,file:///github/workspace/mnt/ozone/hadoop-ozone/integration-test/target/log,AVAILABLE}
2020-07-01 01:05:47,163 [Listener at 127.0.0.1/11872] INFO  handler.ContextHandler (ContextHandler.java:doStart(825)) - Started o.e.j.s.ServletContextHandler@b22eb51{static,/static,jar:file:/home/user/.m2/repository/org/apache/hadoop/hadoop-hdds-container-service/0.6.0-SNAPSHOT/hadoop-hdds-container-service-0.6.0-SNAPSHOT.jar!/webapps/static,AVAILABLE}
2020-07-01 01:05:47,178 [Listener at 127.0.0.1/11872] INFO  handler.ContextHandler (ContextHandler.java:doStart(825)) - Started o.e.j.w.WebAppContext@369bbbff{hddsDatanode,/,file:///tmp/jetty-0_0_0_0-44911-hadoop-hdds-container-service-0_6_0-SNAPSHOT_jar-_-any-8714968743338202178.dir/webapp/,AVAILABLE}{jar:file:/home/user/.m2/repository/org/apache/hadoop/hadoop-hdds-container-service/0.6.0-SNAPSHOT/hadoop-hdds-container-service-0.6.0-SNAPSHOT.jar!/webapps/hddsDatanode}
2020-07-01 01:05:47,179 [Listener at 127.0.0.1/11872] INFO  server.AbstractConnector (AbstractConnector.java:doStart(330)) - Started ServerConnector@308cb2b3{HTTP/1.1,[http/1.1]}{0.0.0.0:44911}
2020-07-01 01:05:47,179 [Listener at 127.0.0.1/11872] INFO  server.Server (Server.java:doStart(399)) - Started @263239ms
2020-07-01 01:05:47,179 [Listener at 127.0.0.1/11872] WARN  impl.MetricsSystemImpl (MetricsSystemImpl.java:register(276)) - Sink prometheus already exists!
2020-07-01 01:05:47,181 [Listener at 127.0.0.1/11872] INFO  http.BaseHttpServer (BaseHttpServer.java:updateConnectorAddress(327)) - HTTP server of hddsDatanode listening at http://0.0.0.0:44911
2020-07-01 01:05:47,182 [Listener at 127.0.0.1/11872] INFO  impl.MetricsSystemImpl (MetricsSystemImpl.java:init(158)) - HddsDatanode metrics system started (again)
2020-07-01 01:05:47,183 [Listener at 127.0.0.1/11872] INFO  ozone.HddsDatanodeService (HddsDatanodeService.java:start(197)) - HddsDatanodeService host:5231e4c2ab07 ip:172.17.0.2
2020-07-01 01:05:47,184 [Listener at 127.0.0.1/11872] INFO  volume.HddsVolume (HddsVolume.java:<init>(176)) - Creating Volume: /github/workspace/mnt/ozone/hadoop-ozone/integration-test/target/test-dir/MiniOzoneClusterImpl-f77758f3-7054-4a66-83a1-d2ef3e95fe09/datanode-1/data-0/containers/hdds of storage type : DISK and capacity : 9223372036854775807
2020-07-01 01:05:47,184 [Listener at 127.0.0.1/11872] INFO  volume.MutableVolumeSet (MutableVolumeSet.java:initializeVolumeSet(181)) - Added Volume : /github/workspace/mnt/ozone/hadoop-ozone/integration-test/target/test-dir/MiniOzoneClusterImpl-f77758f3-7054-4a66-83a1-d2ef3e95fe09/datanode-1/data-0/containers/hdds to VolumeSet
2020-07-01 01:05:47,184 [Listener at 127.0.0.1/11872] INFO  volume.ThrottledAsyncChecker (ThrottledAsyncChecker.java:schedule(141)) - Scheduling a check for /github/workspace/mnt/ozone/hadoop-ozone/integration-test/target/test-dir/MiniOzoneClusterImpl-f77758f3-7054-4a66-83a1-d2ef3e95fe09/datanode-1/data-0/containers/hdds
2020-07-01 01:05:47,185 [Listener at 127.0.0.1/11872] INFO  volume.HddsVolumeChecker (HddsVolumeChecker.java:checkAllVolumes(200)) - Scheduled health check for volume /github/workspace/mnt/ozone/hadoop-ozone/integration-test/target/test-dir/MiniOzoneClusterImpl-f77758f3-7054-4a66-83a1-d2ef3e95fe09/datanode-1/data-0/containers/hdds
2020-07-01 01:05:47,199 [org.apache.hadoop.util.JvmPauseMonitor$Monitor@9d7db0a] INFO  util.JvmPauseMonitor (JvmPauseMonitor.java:run(188)) - Starting JVM pause monitor
2020-07-01 01:05:47,200 [Listener at 127.0.0.1/11872] INFO  impl.RaftServerProxy (ConfUtils.java:logGet(44)) - raft.rpc.type = GRPC (default)
2020-07-01 01:05:47,200 [Listener at 127.0.0.1/11872] INFO  grpc.GrpcFactory (GrpcFactory.java:checkPooledByteBufAllocatorUseCacheForAllThreads(45)) - PERFORMANCE WARNING: useCacheForAllThreads is true that may cause Netty to create a lot garbage objects and, as a result, trigger GC.
	It is recommended to disable useCacheForAllThreads by setting -Dorg.apache.ratis.thirdparty.io.netty.allocator.useCacheForAllThreads=false in command line.
2020-07-01 01:05:47,200 [Listener at 127.0.0.1/11872] INFO  grpc.GrpcConfigKeys (ConfUtils.java:logGet(44)) - raft.grpc.server.port = 0 (default)
2020-07-01 01:05:47,200 [Listener at 127.0.0.1/11872] INFO  server.GrpcService (ConfUtils.java:logGet(44)) - raft.grpc.message.size.max = 32MB (=33554432) (custom)
2020-07-01 01:05:47,200 [Listener at 127.0.0.1/11872] INFO  server.RaftServerConfigKeys (ConfUtils.java:logGet(44)) - raft.server.log.appender.buffer.byte-limit = 33554432 (custom)
2020-07-01 01:05:47,200 [Listener at 127.0.0.1/11872] INFO  server.GrpcService (ConfUtils.java:logGet(44)) - raft.grpc.flow.control.window = 5MB (=5242880) (custom)
2020-07-01 01:05:47,200 [Listener at 127.0.0.1/11872] INFO  server.RaftServerConfigKeys (ConfUtils.java:logGet(44)) - raft.server.rpc.request.timeout = 60s (custom)
2020-07-01 01:05:47,201 [Listener at 127.0.0.1/11872] INFO  server.RaftServerConfigKeys (ConfUtils.java:logGet(44)) - raft.server.storage.dir = [/github/workspace/mnt/ozone/hadoop-ozone/integration-test/target/test-dir/MiniOzoneClusterImpl-f77758f3-7054-4a66-83a1-d2ef3e95fe09/datanode-1/data/ratis] (custom)
2020-07-01 01:05:47,203 [Datanode State Machine Thread - 0] INFO  datanode.InitDatanodeState (InitDatanodeState.java:persistContainerDatanodeDetails(145)) - DatanodeDetails is persisted to /github/workspace/mnt/ozone/hadoop-ozone/integration-test/target/test-dir/MiniOzoneClusterImpl-f77758f3-7054-4a66-83a1-d2ef3e95fe09/datanode-0/meta/datanode.id
2020-07-01 01:05:47,205 [Listener at 127.0.0.1/11872] INFO  http.BaseHttpServer (BaseHttpServer.java:newHttpServer2BuilderForOzone(207)) - Starting Web-server for hddsDatanode at: http://0.0.0.0:0
2020-07-01 01:05:47,205 [Listener at 127.0.0.1/11872] INFO  http.BaseHttpServer (BaseHttpServer.java:<init>(106)) - Hadoop Security Enabled: false Ozone Security Enabled: false Ozone HTTP Security Enabled: false 
2020-07-01 01:05:47,205 [Listener at 127.0.0.1/11872] INFO  server.AuthenticationFilter (AuthenticationFilter.java:constructSecretProvider(240)) - Unable to initialize FileSignerSecretProvider, falling back to use random secrets.
2020-07-01 01:05:47,206 [Listener at 127.0.0.1/11872] WARN  http.HttpRequestLog (HttpRequestLog.java:getRequestLog(103)) - Jetty request log can only be enabled using Log4j
2020-07-01 01:05:47,206 [Listener at 127.0.0.1/11872] INFO  http.HttpServer2 (HttpServer2.java:addGlobalFilter(997)) - Added global filter 'safety' (class=org.apache.hadoop.hdds.server.http.HttpServer2$QuotingInputFilter)
2020-07-01 01:05:47,207 [Listener at 127.0.0.1/11872] INFO  http.HttpServer2 (HttpServer2.java:addFilter(973)) - Added filter static_user_filter (class=org.apache.hadoop.http.lib.StaticUserWebFilter$StaticUserFilter) to context hddsDatanode
2020-07-01 01:05:47,207 [Listener at 127.0.0.1/11872] INFO  http.HttpServer2 (HttpServer2.java:addFilter(981)) - Added filter static_user_filter (class=org.apache.hadoop.http.lib.StaticUserWebFilter$StaticUserFilter) to context static
2020-07-01 01:05:47,207 [Listener at 127.0.0.1/11872] INFO  http.HttpServer2 (HttpServer2.java:addFilter(981)) - Added filter static_user_filter (class=org.apache.hadoop.http.lib.StaticUserWebFilter$StaticUserFilter) to context logs
2020-07-01 01:05:47,207 [Listener at 127.0.0.1/11872] INFO  http.HttpServer2 (HttpServer2.java:bindListener(1215)) - Jetty bound to port 41259
2020-07-01 01:05:47,207 [Listener at 127.0.0.1/11872] INFO  server.Server (Server.java:doStart(359)) - jetty-9.4.26.v20200117; built: 2020-01-17T12:35:33.676Z; git: 7b38981d25d14afb4a12ff1f2596756144edf695; jvm 1.8.0_232-b09
2020-07-01 01:05:47,209 [Listener at 127.0.0.1/11872] INFO  server.session (DefaultSessionIdManager.java:doStart(333)) - DefaultSessionIdManager workerName=node0
2020-07-01 01:05:47,209 [Listener at 127.0.0.1/11872] INFO  server.session (DefaultSessionIdManager.java:doStart(338)) - No SessionScavenger set, using defaults
2020-07-01 01:05:47,209 [Listener at 127.0.0.1/11872] INFO  server.session (HouseKeeper.java:startScavenging(140)) - node0 Scavenging every 600000ms
2020-07-01 01:05:47,209 [Listener at 127.0.0.1/11872] INFO  handler.ContextHandler (ContextHandler.java:doStart(825)) - Started o.e.j.s.ServletContextHandler@7c064b5e{logs,/logs,file:///github/workspace/mnt/ozone/hadoop-ozone/integration-test/target/log,AVAILABLE}
2020-07-01 01:05:47,210 [Listener at 127.0.0.1/11872] INFO  handler.ContextHandler (ContextHandler.java:doStart(825)) - Started o.e.j.s.ServletContextHandler@7ca9af8d{static,/static,jar:file:/home/user/.m2/repository/org/apache/hadoop/hadoop-hdds-container-service/0.6.0-SNAPSHOT/hadoop-hdds-container-service-0.6.0-SNAPSHOT.jar!/webapps/static,AVAILABLE}
2020-07-01 01:05:47,224 [Listener at 127.0.0.1/11872] INFO  handler.ContextHandler (ContextHandler.java:doStart(825)) - Started o.e.j.w.WebAppContext@40033826{hddsDatanode,/,file:///tmp/jetty-0_0_0_0-41259-hadoop-hdds-container-service-0_6_0-SNAPSHOT_jar-_-any-7572298259057837542.dir/webapp/,AVAILABLE}{jar:file:/home/user/.m2/repository/org/apache/hadoop/hadoop-hdds-container-service/0.6.0-SNAPSHOT/hadoop-hdds-container-service-0.6.0-SNAPSHOT.jar!/webapps/hddsDatanode}
2020-07-01 01:05:47,225 [Listener at 127.0.0.1/11872] INFO  server.AbstractConnector (AbstractConnector.java:doStart(330)) - Started ServerConnector@486fb8a{HTTP/1.1,[http/1.1]}{0.0.0.0:41259}
2020-07-01 01:05:47,225 [Listener at 127.0.0.1/11872] INFO  server.Server (Server.java:doStart(399)) - Started @263285ms
2020-07-01 01:05:47,225 [Listener at 127.0.0.1/11872] WARN  impl.MetricsSystemImpl (MetricsSystemImpl.java:register(276)) - Sink prometheus already exists!
2020-07-01 01:05:47,228 [Listener at 127.0.0.1/11872] INFO  http.BaseHttpServer (BaseHttpServer.java:updateConnectorAddress(327)) - HTTP server of hddsDatanode listening at http://0.0.0.0:41259
2020-07-01 01:05:47,229 [Listener at 127.0.0.1/11872] INFO  impl.MetricsSystemImpl (MetricsSystemImpl.java:init(158)) - HddsDatanode metrics system started (again)
2020-07-01 01:05:47,230 [Listener at 127.0.0.1/11872] INFO  ozone.HddsDatanodeService (HddsDatanodeService.java:start(197)) - HddsDatanodeService host:5231e4c2ab07 ip:172.17.0.2
2020-07-01 01:05:47,231 [Listener at 127.0.0.1/11872] INFO  volume.HddsVolume (HddsVolume.java:<init>(176)) - Creating Volume: /github/workspace/mnt/ozone/hadoop-ozone/integration-test/target/test-dir/MiniOzoneClusterImpl-f77758f3-7054-4a66-83a1-d2ef3e95fe09/datanode-2/data-0/containers/hdds of storage type : DISK and capacity : 9223372036854775807
2020-07-01 01:05:47,231 [Listener at 127.0.0.1/11872] INFO  volume.MutableVolumeSet (MutableVolumeSet.java:initializeVolumeSet(181)) - Added Volume : /github/workspace/mnt/ozone/hadoop-ozone/integration-test/target/test-dir/MiniOzoneClusterImpl-f77758f3-7054-4a66-83a1-d2ef3e95fe09/datanode-2/data-0/containers/hdds to VolumeSet
2020-07-01 01:05:47,231 [Listener at 127.0.0.1/11872] INFO  volume.ThrottledAsyncChecker (ThrottledAsyncChecker.java:schedule(141)) - Scheduling a check for /github/workspace/mnt/ozone/hadoop-ozone/integration-test/target/test-dir/MiniOzoneClusterImpl-f77758f3-7054-4a66-83a1-d2ef3e95fe09/datanode-2/data-0/containers/hdds
2020-07-01 01:05:47,232 [Listener at 127.0.0.1/11872] INFO  volume.HddsVolumeChecker (HddsVolumeChecker.java:checkAllVolumes(200)) - Scheduled health check for volume /github/workspace/mnt/ozone/hadoop-ozone/integration-test/target/test-dir/MiniOzoneClusterImpl-f77758f3-7054-4a66-83a1-d2ef3e95fe09/datanode-2/data-0/containers/hdds
2020-07-01 01:05:47,241 [org.apache.hadoop.util.JvmPauseMonitor$Monitor@2d393d66] INFO  util.JvmPauseMonitor (JvmPauseMonitor.java:run(188)) - Starting JVM pause monitor
2020-07-01 01:05:47,242 [Datanode State Machine Thread - 0] INFO  datanode.InitDatanodeState (InitDatanodeState.java:persistContainerDatanodeDetails(145)) - DatanodeDetails is persisted to /github/workspace/mnt/ozone/hadoop-ozone/integration-test/target/test-dir/MiniOzoneClusterImpl-f77758f3-7054-4a66-83a1-d2ef3e95fe09/datanode-1/meta/datanode.id
2020-07-01 01:05:47,244 [Listener at 127.0.0.1/11872] INFO  impl.RaftServerProxy (ConfUtils.java:logGet(44)) - raft.rpc.type = GRPC (default)
2020-07-01 01:05:47,244 [Listener at 127.0.0.1/11872] INFO  grpc.GrpcFactory (GrpcFactory.java:checkPooledByteBufAllocatorUseCacheForAllThreads(45)) - PERFORMANCE WARNING: useCacheForAllThreads is true that may cause Netty to create a lot garbage objects and, as a result, trigger GC.
	It is recommended to disable useCacheForAllThreads by setting -Dorg.apache.ratis.thirdparty.io.netty.allocator.useCacheForAllThreads=false in command line.
2020-07-01 01:05:47,244 [Listener at 127.0.0.1/11872] INFO  grpc.GrpcConfigKeys (ConfUtils.java:logGet(44)) - raft.grpc.server.port = 0 (default)
2020-07-01 01:05:47,244 [Listener at 127.0.0.1/11872] INFO  server.GrpcService (ConfUtils.java:logGet(44)) - raft.grpc.message.size.max = 32MB (=33554432) (custom)
2020-07-01 01:05:47,245 [Listener at 127.0.0.1/11872] INFO  server.RaftServerConfigKeys (ConfUtils.java:logGet(44)) - raft.server.log.appender.buffer.byte-limit = 33554432 (custom)
2020-07-01 01:05:47,245 [Listener at 127.0.0.1/11872] INFO  server.GrpcService (ConfUtils.java:logGet(44)) - raft.grpc.flow.control.window = 5MB (=5242880) (custom)
2020-07-01 01:05:47,245 [Listener at 127.0.0.1/11872] INFO  server.RaftServerConfigKeys (ConfUtils.java:logGet(44)) - raft.server.rpc.request.timeout = 60s (custom)
2020-07-01 01:05:47,245 [Listener at 127.0.0.1/11872] INFO  server.RaftServerConfigKeys (ConfUtils.java:logGet(44)) - raft.server.storage.dir = [/github/workspace/mnt/ozone/hadoop-ozone/integration-test/target/test-dir/MiniOzoneClusterImpl-f77758f3-7054-4a66-83a1-d2ef3e95fe09/datanode-2/data/ratis] (custom)
2020-07-01 01:05:47,248 [Listener at 127.0.0.1/11872] INFO  http.BaseHttpServer (BaseHttpServer.java:newHttpServer2BuilderForOzone(207)) - Starting Web-server for hddsDatanode at: http://0.0.0.0:0
2020-07-01 01:05:47,248 [Listener at 127.0.0.1/11872] INFO  http.BaseHttpServer (BaseHttpServer.java:<init>(106)) - Hadoop Security Enabled: false Ozone Security Enabled: false Ozone HTTP Security Enabled: false 
2020-07-01 01:05:47,249 [Listener at 127.0.0.1/11872] INFO  server.AuthenticationFilter (AuthenticationFilter.java:constructSecretProvider(240)) - Unable to initialize FileSignerSecretProvider, falling back to use random secrets.
2020-07-01 01:05:47,249 [Listener at 127.0.0.1/11872] WARN  http.HttpRequestLog (HttpRequestLog.java:getRequestLog(103)) - Jetty request log can only be enabled using Log4j
2020-07-01 01:05:47,250 [Listener at 127.0.0.1/11872] INFO  http.HttpServer2 (HttpServer2.java:addGlobalFilter(997)) - Added global filter 'safety' (class=org.apache.hadoop.hdds.server.http.HttpServer2$QuotingInputFilter)
2020-07-01 01:05:47,250 [Listener at 127.0.0.1/11872] INFO  http.HttpServer2 (HttpServer2.java:addFilter(973)) - Added filter static_user_filter (class=org.apache.hadoop.http.lib.StaticUserWebFilter$StaticUserFilter) to context hddsDatanode
2020-07-01 01:05:47,250 [Listener at 127.0.0.1/11872] INFO  http.HttpServer2 (HttpServer2.java:addFilter(981)) - Added filter static_user_filter (class=org.apache.hadoop.http.lib.StaticUserWebFilter$StaticUserFilter) to context logs
2020-07-01 01:05:47,250 [Listener at 127.0.0.1/11872] INFO  http.HttpServer2 (HttpServer2.java:addFilter(981)) - Added filter static_user_filter (class=org.apache.hadoop.http.lib.StaticUserWebFilter$StaticUserFilter) to context static
2020-07-01 01:05:47,251 [Listener at 127.0.0.1/11872] INFO  http.HttpServer2 (HttpServer2.java:bindListener(1215)) - Jetty bound to port 44275
2020-07-01 01:05:47,251 [Listener at 127.0.0.1/11872] INFO  server.Server (Server.java:doStart(359)) - jetty-9.4.26.v20200117; built: 2020-01-17T12:35:33.676Z; git: 7b38981d25d14afb4a12ff1f2596756144edf695; jvm 1.8.0_232-b09
2020-07-01 01:05:47,252 [Listener at 127.0.0.1/11872] INFO  server.session (DefaultSessionIdManager.java:doStart(333)) - DefaultSessionIdManager workerName=node0
2020-07-01 01:05:47,252 [Listener at 127.0.0.1/11872] INFO  server.session (DefaultSessionIdManager.java:doStart(338)) - No SessionScavenger set, using defaults
2020-07-01 01:05:47,252 [Listener at 127.0.0.1/11872] INFO  server.session (HouseKeeper.java:startScavenging(140)) - node0 Scavenging every 660000ms
2020-07-01 01:05:47,252 [Listener at 127.0.0.1/11872] INFO  handler.ContextHandler (ContextHandler.java:doStart(825)) - Started o.e.j.s.ServletContextHandler@40554e47{logs,/logs,file:///github/workspace/mnt/ozone/hadoop-ozone/integration-test/target/log,AVAILABLE}
2020-07-01 01:05:47,253 [Listener at 127.0.0.1/11872] INFO  handler.ContextHandler (ContextHandler.java:doStart(825)) - Started o.e.j.s.ServletContextHandler@462f4c77{static,/static,jar:file:/home/user/.m2/repository/org/apache/hadoop/hadoop-hdds-container-service/0.6.0-SNAPSHOT/hadoop-hdds-container-service-0.6.0-SNAPSHOT.jar!/webapps/static,AVAILABLE}
2020-07-01 01:05:47,267 [Listener at 127.0.0.1/11872] INFO  handler.ContextHandler (ContextHandler.java:doStart(825)) - Started o.e.j.w.WebAppContext@758cfcfd{hddsDatanode,/,file:///tmp/jetty-0_0_0_0-44275-hadoop-hdds-container-service-0_6_0-SNAPSHOT_jar-_-any-8877992055517604167.dir/webapp/,AVAILABLE}{jar:file:/home/user/.m2/repository/org/apache/hadoop/hadoop-hdds-container-service/0.6.0-SNAPSHOT/hadoop-hdds-container-service-0.6.0-SNAPSHOT.jar!/webapps/hddsDatanode}
2020-07-01 01:05:47,268 [Listener at 127.0.0.1/11872] INFO  server.AbstractConnector (AbstractConnector.java:doStart(330)) - Started ServerConnector@545a2254{HTTP/1.1,[http/1.1]}{0.0.0.0:44275}
2020-07-01 01:05:47,268 [Listener at 127.0.0.1/11872] INFO  server.Server (Server.java:doStart(399)) - Started @263327ms
2020-07-01 01:05:47,268 [Listener at 127.0.0.1/11872] WARN  impl.MetricsSystemImpl (MetricsSystemImpl.java:register(276)) - Sink prometheus already exists!
2020-07-01 01:05:47,270 [Listener at 127.0.0.1/11872] INFO  http.BaseHttpServer (BaseHttpServer.java:updateConnectorAddress(327)) - HTTP server of hddsDatanode listening at http://0.0.0.0:44275
2020-07-01 01:05:47,272 [Listener at 127.0.0.1/11872] INFO  ozone.MiniOzoneClusterImpl (MiniOzoneClusterImpl.java:lambda$waitForClusterToBeReady$0(177)) - Waiting for nodes to be ready. Got 0 of 3 DN Heartbeats.
2020-07-01 01:05:47,272 [Listener at 127.0.0.1/11872] INFO  ozone.MiniOzoneClusterImpl (MiniOzoneClusterImpl.java:lambda$waitForClusterToBeReady$0(180)) - Waiting for cluster to exit safe mode
2020-07-01 01:05:47,277 [org.apache.hadoop.util.JvmPauseMonitor$Monitor@77e86c2b] INFO  util.JvmPauseMonitor (JvmPauseMonitor.java:run(188)) - Starting JVM pause monitor
2020-07-01 01:05:47,277 [Datanode State Machine Thread - 0] INFO  datanode.InitDatanodeState (InitDatanodeState.java:persistContainerDatanodeDetails(145)) - DatanodeDetails is persisted to /github/workspace/mnt/ozone/hadoop-ozone/integration-test/target/test-dir/MiniOzoneClusterImpl-f77758f3-7054-4a66-83a1-d2ef3e95fe09/datanode-2/meta/datanode.id
2020-07-01 01:05:47,999 [Thread-4499] INFO  impl.FollowerState (FollowerState.java:run(108)) - omNode-1@group-523986131536-FollowerState: change to CANDIDATE, lastRpcTime:1118ms, electionTimeout:1118ms
2020-07-01 01:05:48,000 [Thread-4499] INFO  impl.RoleInfo (RoleInfo.java:shutdownFollowerState(121)) - omNode-1: shutdown FollowerState
2020-07-01 01:05:48,000 [Thread-4499] INFO  impl.RaftServerImpl (RaftServerImpl.java:setRole(175)) - omNode-1@group-523986131536: changes role from  FOLLOWER to CANDIDATE at term 0 for changeToCandidate
2020-07-01 01:05:48,000 [Thread-4499] INFO  impl.RoleInfo (RoleInfo.java:updateAndGet(143)) - omNode-1: start LeaderElection
2020-07-01 01:05:48,008 [omNode-1@group-523986131536-LeaderElection66] INFO  impl.LeaderElection (LeaderElection.java:askForVotes(206)) - omNode-1@group-523986131536-LeaderElection66: begin an election at term 1 for -1: [omNode-3:localhost:11876, omNode-1:localhost:11864, omNode-2:localhost:11870], old=null
2020-07-01 01:05:48,008 [omNode-1@group-523986131536-LeaderElection66] INFO  ratis.OzoneManagerStateMachine (OzoneManagerStateMachine.java:getLatestSnapshot(147)) - Latest Snapshot Info 0#-1
2020-07-01 01:05:48,012 [grpc-default-executor-1] DEBUG impl.RaftServerImpl (RaftServerImpl.java:requestVote(821)) - omNode-3@group-523986131536: receive requestVote(omNode-1, group-523986131536, 1, (t:0, i:~))
2020-07-01 01:05:48,012 [grpc-default-executor-1] INFO  impl.RaftServerImpl (RaftServerImpl.java:setRole(175)) - omNode-3@group-523986131536: changes role from  FOLLOWER to FOLLOWER at term 1 for recognizeCandidate:omNode-1
2020-07-01 01:05:48,012 [grpc-default-executor-1] INFO  impl.RoleInfo (RoleInfo.java:shutdownFollowerState(121)) - omNode-3: shutdown FollowerState
2020-07-01 01:05:48,012 [grpc-default-executor-1] INFO  impl.RoleInfo (RoleInfo.java:updateAndGet(143)) - omNode-3: start FollowerState
2020-07-01 01:05:48,012 [Thread-4577] INFO  impl.FollowerState (FollowerState.java:run(117)) - omNode-3@group-523986131536-FollowerState was interrupted: java.lang.InterruptedException: sleep interrupted
2020-07-01 01:05:48,013 [grpc-default-executor-1] INFO  ratis.OzoneManagerStateMachine (OzoneManagerStateMachine.java:getLatestSnapshot(147)) - Latest Snapshot Info 0#-1
2020-07-01 01:05:48,017 [grpc-default-executor-1] DEBUG impl.RaftServerImpl (RaftServerImpl.java:requestVote(853)) - omNode-3@group-523986131536 replies to vote request: omNode-1<-omNode-3#0:OK-t1. Peer's state: omNode-3@group-523986131536:t1, leader=null, voted=omNode-1, raftlog=omNode-3@group-523986131536-SegmentedRaftLog:OPENED:c-1,f-1,i0, conf=-1: [omNode-3:localhost:11876, omNode-1:localhost:11864, omNode-2:localhost:11870], old=null
2020-07-01 01:05:48,019 [omNode-1@group-523986131536-LeaderElection66] INFO  impl.LeaderElection (LeaderElection.java:logAndReturn(61)) - omNode-1@group-523986131536-LeaderElection66: Election PASSED; received 1 response(s) [omNode-1<-omNode-3#0:OK-t1] and 0 exception(s); omNode-1@group-523986131536:t1, leader=null, voted=omNode-1, raftlog=omNode-1@group-523986131536-SegmentedRaftLog:OPENED:c-1,f-1,i0, conf=-1: [omNode-3:localhost:11876, omNode-1:localhost:11864, omNode-2:localhost:11870], old=null
2020-07-01 01:05:48,019 [omNode-1@group-523986131536-LeaderElection66] INFO  impl.RoleInfo (RoleInfo.java:shutdownLeaderElection(134)) - omNode-1: shutdown LeaderElection
2020-07-01 01:05:48,019 [omNode-1@group-523986131536-LeaderElection66] INFO  impl.RaftServerImpl (RaftServerImpl.java:setRole(175)) - omNode-1@group-523986131536: changes role from CANDIDATE to LEADER at term 1 for changeToLeader
2020-07-01 01:05:48,019 [omNode-1@group-523986131536-LeaderElection66] INFO  impl.RaftServerImpl (ServerState.java:setLeader(255)) - omNode-1@group-523986131536: change Leader from null to omNode-1 at term 1 for becomeLeader, leader elected after 1160ms
2020-07-01 01:05:48,019 [omNode-1@group-523986131536-LeaderElection66] INFO  server.RaftServerConfigKeys (ConfUtils.java:logGet(44)) - raft.server.staging.catchup.gap = 1000 (default)
2020-07-01 01:05:48,019 [omNode-1@group-523986131536-LeaderElection66] INFO  server.RaftServerConfigKeys (ConfUtils.java:logGet(44)) - raft.server.rpc.sleep.time = 25ms (default)
2020-07-01 01:05:48,019 [omNode-1@group-523986131536-LeaderElection66] INFO  metrics.RatisMetrics (RatisMetrics.java:lambda$create$0(36)) - Creating Metrics Registry : ratis.log_appender.omNode-1@group-523986131536
2020-07-01 01:05:48,019 [omNode-1@group-523986131536-LeaderElection66] INFO  server.RaftServerConfigKeys (ConfUtils.java:logGet(44)) - raft.server.write.element-limit = 4096 (default)
2020-07-01 01:05:48,019 [omNode-1@group-523986131536-LeaderElection66] INFO  server.RaftServerConfigKeys (ConfUtils.java:logGet(44)) - raft.server.write.byte-limit = 64MB (=67108864) (default)
2020-07-01 01:05:48,020 [omNode-1@group-523986131536-LeaderElection66] INFO  server.RaftServerConfigKeys (ConfUtils.java:logGet(44)) - raft.server.watch.timeout = 10s (default)
2020-07-01 01:05:48,020 [omNode-1@group-523986131536-LeaderElection66] INFO  server.RaftServerConfigKeys (ConfUtils.java:logGet(44)) - raft.server.watch.timeout.denomination = 1s (default)
2020-07-01 01:05:48,020 [omNode-1@group-523986131536-LeaderElection66] INFO  server.RaftServerConfigKeys (ConfUtils.java:logGet(44)) - raft.server.watch.element-limit = 65536 (default)
2020-07-01 01:05:48,020 [omNode-1@group-523986131536-LeaderElection66] INFO  server.RaftServerConfigKeys (ConfUtils.java:logGet(44)) - raft.server.log.appender.snapshot.chunk.size.max = 16MB (=16777216) (default)
2020-07-01 01:05:48,020 [omNode-1@group-523986131536-LeaderElection66] INFO  server.RaftServerConfigKeys (ConfUtils.java:logGet(44)) - raft.server.log.appender.buffer.byte-limit = 33554432 (custom)
2020-07-01 01:05:48,020 [omNode-1@group-523986131536-LeaderElection66] INFO  server.RaftServerConfigKeys (ConfUtils.java:logGet(44)) - raft.server.log.appender.buffer.element-limit = 1024 (custom)
2020-07-01 01:05:48,020 [omNode-1@group-523986131536-LeaderElection66] INFO  grpc.GrpcConfigKeys (ConfUtils.java:logGet(44)) - raft.grpc.server.leader.outstanding.appends.max = 128 (default)
2020-07-01 01:05:48,020 [omNode-1@group-523986131536-LeaderElection66] INFO  server.RaftServerConfigKeys (ConfUtils.java:logGet(44)) - raft.server.rpc.request.timeout = 3000ms (default)
2020-07-01 01:05:48,021 [omNode-1@group-523986131536-LeaderElection66] INFO  server.RaftServerConfigKeys (ConfUtils.java:logGet(44)) - raft.server.log.appender.install.snapshot.enabled = false (custom)
2020-07-01 01:05:48,021 [omNode-1@group-523986131536-LeaderElection66] INFO  metrics.RatisMetrics (RatisMetrics.java:lambda$create$0(36)) - Creating Metrics Registry : ratis_grpc.log_appender.omNode-1@group-523986131536
2020-07-01 01:05:48,023 [omNode-1@group-523986131536-LeaderElection66] INFO  server.RaftServerConfigKeys (ConfUtils.java:logGet(44)) - raft.server.log.appender.snapshot.chunk.size.max = 16MB (=16777216) (default)
2020-07-01 01:05:48,023 [omNode-1@group-523986131536-LeaderElection66] INFO  server.RaftServerConfigKeys (ConfUtils.java:logGet(44)) - raft.server.log.appender.buffer.byte-limit = 33554432 (custom)
2020-07-01 01:05:48,023 [omNode-1@group-523986131536-LeaderElection66] INFO  server.RaftServerConfigKeys (ConfUtils.java:logGet(44)) - raft.server.log.appender.buffer.element-limit = 1024 (custom)
2020-07-01 01:05:48,023 [omNode-1@group-523986131536-LeaderElection66] INFO  grpc.GrpcConfigKeys (ConfUtils.java:logGet(44)) - raft.grpc.server.leader.outstanding.appends.max = 128 (default)
2020-07-01 01:05:48,024 [omNode-1@group-523986131536-LeaderElection66] INFO  server.RaftServerConfigKeys (ConfUtils.java:logGet(44)) - raft.server.rpc.request.timeout = 3000ms (default)
2020-07-01 01:05:48,024 [omNode-1@group-523986131536-LeaderElection66] INFO  server.RaftServerConfigKeys (ConfUtils.java:logGet(44)) - raft.server.log.appender.install.snapshot.enabled = false (custom)
2020-07-01 01:05:48,026 [grpc-default-executor-1] DEBUG impl.RaftServerImpl (RaftServerImpl.java:requestVote(821)) - omNode-2@group-523986131536: receive requestVote(omNode-1, group-523986131536, 1, (t:0, i:~))
2020-07-01 01:05:48,026 [grpc-default-executor-1] INFO  impl.RaftServerImpl (RaftServerImpl.java:setRole(175)) - omNode-2@group-523986131536: changes role from  FOLLOWER to FOLLOWER at term 1 for recognizeCandidate:omNode-1
2020-07-01 01:05:48,026 [grpc-default-executor-1] INFO  impl.RoleInfo (RoleInfo.java:shutdownFollowerState(121)) - omNode-2: shutdown FollowerState
2020-07-01 01:05:48,026 [grpc-default-executor-1] INFO  impl.RoleInfo (RoleInfo.java:updateAndGet(143)) - omNode-2: start FollowerState
2020-07-01 01:05:48,027 [Thread-4538] INFO  impl.FollowerState (FollowerState.java:run(117)) - omNode-2@group-523986131536-FollowerState was interrupted: java.lang.InterruptedException: sleep interrupted
2020-07-01 01:05:48,027 [grpc-default-executor-1] INFO  ratis.OzoneManagerStateMachine (OzoneManagerStateMachine.java:getLatestSnapshot(147)) - Latest Snapshot Info 0#-1
2020-07-01 01:05:48,034 [omNode-1@group-523986131536-LeaderElection66] INFO  impl.RoleInfo (RoleInfo.java:updateAndGet(143)) - omNode-1: start LeaderState
2020-07-01 01:05:48,034 [omNode-1@group-523986131536-LeaderElection66] INFO  segmented.SegmentedRaftLogWorker (SegmentedRaftLogWorker.java:startLogSegment(397)) - omNode-1@group-523986131536-SegmentedRaftLogWorker: Starting segment from index:0
2020-07-01 01:05:48,035 [omNode-1@group-523986131536-LeaderElection66] INFO  impl.RaftServerImpl (ServerState.java:setRaftConf(356)) - omNode-1@group-523986131536: set configuration 0: [omNode-3:localhost:11876, omNode-1:localhost:11864, omNode-2:localhost:11870], old=null at 0
2020-07-01 01:05:48,035 [grpc-default-executor-1] DEBUG impl.RaftServerImpl (RaftServerImpl.java:requestVote(853)) - omNode-2@group-523986131536 replies to vote request: omNode-1<-omNode-2#0:OK-t1. Peer's state: omNode-2@group-523986131536:t1, leader=null, voted=omNode-1, raftlog=omNode-2@group-523986131536-SegmentedRaftLog:OPENED:c-1,f-1,i0, conf=-1: [omNode-3:localhost:11876, omNode-1:localhost:11864, omNode-2:localhost:11870], old=null
2020-07-01 01:05:48,036 [omNode-1@group-523986131536-SegmentedRaftLogWorker] INFO  segmented.SegmentedRaftLogWorker (SegmentedRaftLogWorker.java:execute(596)) - omNode-1@group-523986131536-SegmentedRaftLogWorker: created new log segment /github/workspace/mnt/ozone/hadoop-ozone/integration-test/target/test-dir/MiniOzoneClusterImpl-f77758f3-7054-4a66-83a1-d2ef3e95fe09/omNode-1/ratis/c9bc4cf4-3bc3-3c60-a66b-523986131536/current/log_inprogress_0
2020-07-01 01:05:48,044 [grpc-default-executor-7] INFO  impl.RaftServerImpl (ServerState.java:setLeader(255)) - omNode-3@group-523986131536: change Leader from null to omNode-1 at term 1 for appendEntries, leader elected after 964ms
2020-07-01 01:05:48,046 [grpc-default-executor-1] DEBUG server.GrpcLogAppender (GrpcLogAppender.java:onNext(257)) - omNode-1@group-523986131536->omNode-3-AppendLogResponseHandler: received the first reply omNode-1<-omNode-3#0:OK,SUCCESS,nextIndex:0,term:1,followerCommit:-1, request=AppendEntriesRequest:cid=0,entriesCount=0,lastEntry=null
2020-07-01 01:05:48,057 [grpc-default-executor-6] DEBUG impl.RaftServerImpl (RaftServerImpl.java:logAppendEntries(928)) - omNode-3@group-523986131536: receive appendEntries(omNode-1, 1, null, 0, false, commits[omNode-1:c0, omNode-3:c-1, omNode-2:c-1], entries: (t:1, i:0), CONFIGURATIONENTRY
2020-07-01 01:05:48,058 [grpc-default-executor-7] INFO  impl.RaftServerImpl (ServerState.java:setLeader(255)) - omNode-2@group-523986131536: change Leader from null to omNode-1 at term 1 for appendEntries, leader elected after 1086ms
2020-07-01 01:05:48,059 [grpc-default-executor-6] INFO  ratis.OzoneManagerStateMachine (OzoneManagerStateMachine.java:getLatestSnapshot(147)) - Latest Snapshot Info 0#-1
2020-07-01 01:05:48,059 [grpc-default-executor-6] INFO  impl.RaftServerImpl (ServerState.java:setRaftConf(356)) - omNode-3@group-523986131536: set configuration 0: [omNode-3:localhost:11876, omNode-1:localhost:11864, omNode-2:localhost:11870], old=null at 0
2020-07-01 01:05:48,059 [grpc-default-executor-7] DEBUG server.GrpcLogAppender (GrpcLogAppender.java:onNext(257)) - omNode-1@group-523986131536->omNode-2-AppendLogResponseHandler: received the first reply omNode-1<-omNode-2#0:OK,SUCCESS,nextIndex:0,term:1,followerCommit:-1, request=AppendEntriesRequest:cid=0,entriesCount=0,lastEntry=null
2020-07-01 01:05:48,060 [grpc-default-executor-1] DEBUG impl.RaftServerImpl (RaftServerImpl.java:logAppendEntries(928)) - omNode-2@group-523986131536: receive appendEntries(omNode-1, 1, null, 0, false, commits[omNode-1:c0, omNode-3:c-1, omNode-2:c-1], entries: (t:1, i:0), CONFIGURATIONENTRY
2020-07-01 01:05:48,061 [grpc-default-executor-6] INFO  segmented.SegmentedRaftLogWorker (SegmentedRaftLogWorker.java:startLogSegment(397)) - omNode-3@group-523986131536-SegmentedRaftLogWorker: Starting segment from index:0
2020-07-01 01:05:48,064 [grpc-default-executor-1] INFO  ratis.OzoneManagerStateMachine (OzoneManagerStateMachine.java:getLatestSnapshot(147)) - Latest Snapshot Info 0#-1
2020-07-01 01:05:48,064 [grpc-default-executor-1] INFO  impl.RaftServerImpl (ServerState.java:setRaftConf(356)) - omNode-2@group-523986131536: set configuration 0: [omNode-3:localhost:11876, omNode-1:localhost:11864, omNode-2:localhost:11870], old=null at 0
2020-07-01 01:05:48,065 [grpc-default-executor-1] INFO  segmented.SegmentedRaftLogWorker (SegmentedRaftLogWorker.java:startLogSegment(397)) - omNode-2@group-523986131536-SegmentedRaftLogWorker: Starting segment from index:0
2020-07-01 01:05:48,065 [omNode-3@group-523986131536-SegmentedRaftLogWorker] INFO  segmented.SegmentedRaftLogWorker (SegmentedRaftLogWorker.java:execute(596)) - omNode-3@group-523986131536-SegmentedRaftLogWorker: created new log segment /github/workspace/mnt/ozone/hadoop-ozone/integration-test/target/test-dir/MiniOzoneClusterImpl-f77758f3-7054-4a66-83a1-d2ef3e95fe09/omNode-3/ratis/c9bc4cf4-3bc3-3c60-a66b-523986131536/current/log_inprogress_0
2020-07-01 01:05:48,067 [Thread-4654] DEBUG impl.RaftServerImpl (RaftServerImpl.java:logAppendEntries(928)) - omNode-3@group-523986131536: succeeded to handle AppendEntries. Reply: omNode-1<-omNode-3#1:OK,SUCCESS,nextIndex:1,term:1,followerCommit:0
2020-07-01 01:05:48,067 [omNode-2@group-523986131536-SegmentedRaftLogWorker] INFO  segmented.SegmentedRaftLogWorker (SegmentedRaftLogWorker.java:execute(596)) - omNode-2@group-523986131536-SegmentedRaftLogWorker: created new log segment /github/workspace/mnt/ozone/hadoop-ozone/integration-test/target/test-dir/MiniOzoneClusterImpl-f77758f3-7054-4a66-83a1-d2ef3e95fe09/omNode-2/ratis/c9bc4cf4-3bc3-3c60-a66b-523986131536/current/log_inprogress_0
2020-07-01 01:05:48,067 [grpc-default-executor-1] DEBUG server.GrpcLogAppender (GrpcLogAppender.java:onNext(257)) - omNode-1@group-523986131536->omNode-3-AppendLogResponseHandler: received a reply omNode-1<-omNode-3#1:OK,SUCCESS,nextIndex:1,term:1,followerCommit:0, request=AppendEntriesRequest:cid=1,entriesCount=1,lastEntry=(t:1, i:0)
2020-07-01 01:05:48,071 [Thread-4655] DEBUG impl.RaftServerImpl (RaftServerImpl.java:logAppendEntries(928)) - omNode-2@group-523986131536: succeeded to handle AppendEntries. Reply: omNode-1<-omNode-2#1:OK,SUCCESS,nextIndex:1,term:1,followerCommit:0
2020-07-01 01:05:48,072 [grpc-default-executor-1] DEBUG server.GrpcLogAppender (GrpcLogAppender.java:onNext(257)) - omNode-1@group-523986131536->omNode-2-AppendLogResponseHandler: received a reply omNode-1<-omNode-2#1:OK,SUCCESS,nextIndex:1,term:1,followerCommit:0, request=AppendEntriesRequest:cid=1,entriesCount=1,lastEntry=(t:1, i:0)
2020-07-01 01:05:48,272 [Listener at 127.0.0.1/11872] INFO  ozone.MiniOzoneClusterImpl (MiniOzoneClusterImpl.java:lambda$waitForClusterToBeReady$0(177)) - Waiting for nodes to be ready. Got 0 of 3 DN Heartbeats.
2020-07-01 01:05:48,273 [Listener at 127.0.0.1/11872] INFO  ozone.MiniOzoneClusterImpl (MiniOzoneClusterImpl.java:lambda$waitForClusterToBeReady$0(180)) - Waiting for cluster to exit safe mode
2020-07-01 01:05:48,569 [grpc-default-executor-1] INFO  ratis.OzoneManagerStateMachine (OzoneManagerStateMachine.java:getLatestSnapshot(147)) - Latest Snapshot Info 0#-1
2020-07-01 01:05:48,570 [grpc-default-executor-1] DEBUG server.GrpcLogAppender (GrpcLogAppender.java:onNext(257)) - omNode-1@group-523986131536->omNode-3-AppendLogResponseHandler: received a reply omNode-1<-omNode-3#2:OK,SUCCESS,nextIndex:1,term:1,followerCommit:0, request=AppendEntriesRequest:cid=2,entriesCount=0,lastEntry=null
2020-07-01 01:05:48,573 [grpc-default-executor-1] INFO  ratis.OzoneManagerStateMachine (OzoneManagerStateMachine.java:getLatestSnapshot(147)) - Latest Snapshot Info 0#-1
2020-07-01 01:05:48,573 [grpc-default-executor-1] DEBUG server.GrpcLogAppender (GrpcLogAppender.java:onNext(257)) - omNode-1@group-523986131536->omNode-2-AppendLogResponseHandler: received a reply omNode-1<-omNode-2#2:OK,SUCCESS,nextIndex:1,term:1,followerCommit:0, request=AppendEntriesRequest:cid=2,entriesCount=0,lastEntry=null
2020-07-01 01:05:49,071 [grpc-default-executor-1] INFO  ratis.OzoneManagerStateMachine (OzoneManagerStateMachine.java:getLatestSnapshot(147)) - Latest Snapshot Info 0#-1
2020-07-01 01:05:49,071 [grpc-default-executor-1] DEBUG server.GrpcLogAppender (GrpcLogAppender.java:onNext(257)) - omNode-1@group-523986131536->omNode-3-AppendLogResponseHandler: received a reply omNode-1<-omNode-3#3:OK,SUCCESS,nextIndex:1,term:1,followerCommit:0, request=AppendEntriesRequest:cid=3,entriesCount=0,lastEntry=null
2020-07-01 01:05:49,074 [grpc-default-executor-1] INFO  ratis.OzoneManagerStateMachine (OzoneManagerStateMachine.java:getLatestSnapshot(147)) - Latest Snapshot Info 0#-1
2020-07-01 01:05:49,074 [grpc-default-executor-1] DEBUG server.GrpcLogAppender (GrpcLogAppender.java:onNext(257)) - omNode-1@group-523986131536->omNode-2-AppendLogResponseHandler: received a reply omNode-1<-omNode-2#3:OK,SUCCESS,nextIndex:1,term:1,followerCommit:0, request=AppendEntriesRequest:cid=3,entriesCount=0,lastEntry=null
2020-07-01 01:05:49,212 [Datanode State Machine Thread - 0] INFO  ozoneimpl.OzoneContainer (OzoneContainer.java:start(232)) - Attempting to start container services.
2020-07-01 01:05:49,212 [Datanode State Machine Thread - 0] INFO  ozoneimpl.OzoneContainer (OzoneContainer.java:startContainerScrub(196)) - Background container scanner has been disabled.
2020-07-01 01:05:49,212 [Datanode State Machine Thread - 0] INFO  ratis.XceiverServerRatis (XceiverServerRatis.java:start(425)) - Starting XceiverServerRatis 5f570ae4-9456-445c-93e3-9355377d8e07 at port 0
2020-07-01 01:05:49,213 [Datanode State Machine Thread - 0] INFO  impl.RaftServerProxy (RaftServerProxy.java:lambda$start$3(304)) - 5f570ae4-9456-445c-93e3-9355377d8e07: start RPC server
2020-07-01 01:05:49,213 [Datanode State Machine Thread - 0] INFO  server.GrpcService (GrpcService.java:startImpl(160)) - 5f570ae4-9456-445c-93e3-9355377d8e07: GrpcService started, listening on 0.0.0.0/0.0.0.0:45527
2020-07-01 01:05:49,213 [Datanode State Machine Thread - 0] INFO  ratis.XceiverServerRatis (XceiverServerRatis.java:start(437)) - XceiverServerRatis 5f570ae4-9456-445c-93e3-9355377d8e07 is started using port 45527
2020-07-01 01:05:49,213 [Datanode State Machine Thread - 0] INFO  server.XceiverServerGrpc (XceiverServerGrpc.java:start(145)) - XceiverServerGrpc 5f570ae4-9456-445c-93e3-9355377d8e07 is started using port 43665
2020-07-01 01:05:49,243 [Datanode State Machine Thread - 0] INFO  ozoneimpl.OzoneContainer (OzoneContainer.java:start(232)) - Attempting to start container services.
2020-07-01 01:05:49,243 [Datanode State Machine Thread - 0] INFO  ozoneimpl.OzoneContainer (OzoneContainer.java:startContainerScrub(196)) - Background container scanner has been disabled.
2020-07-01 01:05:49,243 [Datanode State Machine Thread - 0] INFO  ratis.XceiverServerRatis (XceiverServerRatis.java:start(425)) - Starting XceiverServerRatis 69db720a-335e-417f-9e4d-9b6daaea3d10 at port 0
2020-07-01 01:05:49,244 [Datanode State Machine Thread - 0] INFO  impl.RaftServerProxy (RaftServerProxy.java:lambda$start$3(304)) - 69db720a-335e-417f-9e4d-9b6daaea3d10: start RPC server
2020-07-01 01:05:49,245 [Datanode State Machine Thread - 0] INFO  server.GrpcService (GrpcService.java:startImpl(160)) - 69db720a-335e-417f-9e4d-9b6daaea3d10: GrpcService started, listening on 0.0.0.0/0.0.0.0:36327
2020-07-01 01:05:49,245 [Datanode State Machine Thread - 0] INFO  ratis.XceiverServerRatis (XceiverServerRatis.java:start(437)) - XceiverServerRatis 69db720a-335e-417f-9e4d-9b6daaea3d10 is started using port 36327
2020-07-01 01:05:49,246 [Datanode State Machine Thread - 0] INFO  server.XceiverServerGrpc (XceiverServerGrpc.java:start(145)) - XceiverServerGrpc 69db720a-335e-417f-9e4d-9b6daaea3d10 is started using port 37947
2020-07-01 01:05:49,273 [Listener at 127.0.0.1/11872] INFO  ozone.MiniOzoneClusterImpl (MiniOzoneClusterImpl.java:lambda$waitForClusterToBeReady$0(177)) - Waiting for nodes to be ready. Got 0 of 3 DN Heartbeats.
2020-07-01 01:05:49,273 [Listener at 127.0.0.1/11872] INFO  ozone.MiniOzoneClusterImpl (MiniOzoneClusterImpl.java:lambda$waitForClusterToBeReady$0(180)) - Waiting for cluster to exit safe mode
2020-07-01 01:05:49,279 [Datanode State Machine Thread - 0] INFO  ozoneimpl.OzoneContainer (OzoneContainer.java:start(232)) - Attempting to start container services.
2020-07-01 01:05:49,279 [Datanode State Machine Thread - 0] INFO  ozoneimpl.OzoneContainer (OzoneContainer.java:startContainerScrub(196)) - Background container scanner has been disabled.
2020-07-01 01:05:49,279 [Datanode State Machine Thread - 0] INFO  ratis.XceiverServerRatis (XceiverServerRatis.java:start(425)) - Starting XceiverServerRatis 40524df2-78a3-4e4e-9ceb-ad6c0599eecc at port 0
2020-07-01 01:05:49,280 [Datanode State Machine Thread - 0] INFO  impl.RaftServerProxy (RaftServerProxy.java:lambda$start$3(304)) - 40524df2-78a3-4e4e-9ceb-ad6c0599eecc: start RPC server
2020-07-01 01:05:49,280 [Datanode State Machine Thread - 0] INFO  server.GrpcService (GrpcService.java:startImpl(160)) - 40524df2-78a3-4e4e-9ceb-ad6c0599eecc: GrpcService started, listening on 0.0.0.0/0.0.0.0:36129
2020-07-01 01:05:49,280 [Datanode State Machine Thread - 0] INFO  ratis.XceiverServerRatis (XceiverServerRatis.java:start(437)) - XceiverServerRatis 40524df2-78a3-4e4e-9ceb-ad6c0599eecc is started using port 36129
2020-07-01 01:05:49,281 [Datanode State Machine Thread - 0] INFO  server.XceiverServerGrpc (XceiverServerGrpc.java:start(145)) - XceiverServerGrpc 40524df2-78a3-4e4e-9ceb-ad6c0599eecc is started using port 46335
2020-07-01 01:05:49,572 [grpc-default-executor-1] INFO  ratis.OzoneManagerStateMachine (OzoneManagerStateMachine.java:getLatestSnapshot(147)) - Latest Snapshot Info 0#-1
2020-07-01 01:05:49,573 [grpc-default-executor-1] DEBUG server.GrpcLogAppender (GrpcLogAppender.java:onNext(257)) - omNode-1@group-523986131536->omNode-3-AppendLogResponseHandler: received a reply omNode-1<-omNode-3#4:OK,SUCCESS,nextIndex:1,term:1,followerCommit:0, request=AppendEntriesRequest:cid=4,entriesCount=0,lastEntry=null
2020-07-01 01:05:49,575 [grpc-default-executor-1] INFO  ratis.OzoneManagerStateMachine (OzoneManagerStateMachine.java:getLatestSnapshot(147)) - Latest Snapshot Info 0#-1
2020-07-01 01:05:49,575 [grpc-default-executor-1] DEBUG server.GrpcLogAppender (GrpcLogAppender.java:onNext(257)) - omNode-1@group-523986131536->omNode-2-AppendLogResponseHandler: received a reply omNode-1<-omNode-2#4:OK,SUCCESS,nextIndex:1,term:1,followerCommit:0, request=AppendEntriesRequest:cid=4,entriesCount=0,lastEntry=null
2020-07-01 01:05:50,074 [grpc-default-executor-1] INFO  ratis.OzoneManagerStateMachine (OzoneManagerStateMachine.java:getLatestSnapshot(147)) - Latest Snapshot Info 0#-1
2020-07-01 01:05:50,075 [grpc-default-executor-1] DEBUG server.GrpcLogAppender (GrpcLogAppender.java:onNext(257)) - omNode-1@group-523986131536->omNode-3-AppendLogResponseHandler: received a reply omNode-1<-omNode-3#5:OK,SUCCESS,nextIndex:1,term:1,followerCommit:0, request=AppendEntriesRequest:cid=5,entriesCount=0,lastEntry=null
2020-07-01 01:05:50,076 [grpc-default-executor-1] INFO  ratis.OzoneManagerStateMachine (OzoneManagerStateMachine.java:getLatestSnapshot(147)) - Latest Snapshot Info 0#-1
2020-07-01 01:05:50,076 [grpc-default-executor-1] DEBUG server.GrpcLogAppender (GrpcLogAppender.java:onNext(257)) - omNode-1@group-523986131536->omNode-2-AppendLogResponseHandler: received a reply omNode-1<-omNode-2#5:OK,SUCCESS,nextIndex:1,term:1,followerCommit:0, request=AppendEntriesRequest:cid=5,entriesCount=0,lastEntry=null
2020-07-01 01:05:50,273 [Listener at 127.0.0.1/11872] INFO  ozone.MiniOzoneClusterImpl (MiniOzoneClusterImpl.java:lambda$waitForClusterToBeReady$0(177)) - Waiting for nodes to be ready. Got 0 of 3 DN Heartbeats.
2020-07-01 01:05:50,273 [Listener at 127.0.0.1/11872] INFO  ozone.MiniOzoneClusterImpl (MiniOzoneClusterImpl.java:lambda$waitForClusterToBeReady$0(180)) - Waiting for cluster to exit safe mode
2020-07-01 01:05:50,576 [grpc-default-executor-1] INFO  ratis.OzoneManagerStateMachine (OzoneManagerStateMachine.java:getLatestSnapshot(147)) - Latest Snapshot Info 0#-1
2020-07-01 01:05:50,576 [grpc-default-executor-1] DEBUG server.GrpcLogAppender (GrpcLogAppender.java:onNext(257)) - omNode-1@group-523986131536->omNode-3-AppendLogResponseHandler: received a reply omNode-1<-omNode-3#6:OK,SUCCESS,nextIndex:1,term:1,followerCommit:0, request=AppendEntriesRequest:cid=6,entriesCount=0,lastEntry=null
2020-07-01 01:05:50,577 [grpc-default-executor-1] INFO  ratis.OzoneManagerStateMachine (OzoneManagerStateMachine.java:getLatestSnapshot(147)) - Latest Snapshot Info 0#-1
2020-07-01 01:05:50,577 [grpc-default-executor-1] DEBUG server.GrpcLogAppender (GrpcLogAppender.java:onNext(257)) - omNode-1@group-523986131536->omNode-2-AppendLogResponseHandler: received a reply omNode-1<-omNode-2#6:OK,SUCCESS,nextIndex:1,term:1,followerCommit:0, request=AppendEntriesRequest:cid=6,entriesCount=0,lastEntry=null
2020-07-01 01:05:51,077 [grpc-default-executor-1] INFO  ratis.OzoneManagerStateMachine (OzoneManagerStateMachine.java:getLatestSnapshot(147)) - Latest Snapshot Info 0#-1
2020-07-01 01:05:51,078 [grpc-default-executor-1] DEBUG server.GrpcLogAppender (GrpcLogAppender.java:onNext(257)) - omNode-1@group-523986131536->omNode-3-AppendLogResponseHandler: received a reply omNode-1<-omNode-3#7:OK,SUCCESS,nextIndex:1,term:1,followerCommit:0, request=AppendEntriesRequest:cid=7,entriesCount=0,lastEntry=null
2020-07-01 01:05:51,078 [grpc-default-executor-7] INFO  ratis.OzoneManagerStateMachine (OzoneManagerStateMachine.java:getLatestSnapshot(147)) - Latest Snapshot Info 0#-1
2020-07-01 01:05:51,079 [grpc-default-executor-1] DEBUG server.GrpcLogAppender (GrpcLogAppender.java:onNext(257)) - omNode-1@group-523986131536->omNode-2-AppendLogResponseHandler: received a reply omNode-1<-omNode-2#7:OK,SUCCESS,nextIndex:1,term:1,followerCommit:0, request=AppendEntriesRequest:cid=7,entriesCount=0,lastEntry=null
2020-07-01 01:05:51,201 [IPC Server handler 0 on default port 41453] INFO  net.NetworkTopology (NetworkTopologyImpl.java:add(111)) - Added a new node: /default-rack/5f570ae4-9456-445c-93e3-9355377d8e07
2020-07-01 01:05:51,202 [IPC Server handler 0 on default port 41453] INFO  node.SCMNodeManager (SCMNodeManager.java:register(268)) - Registered Data node : 5f570ae4-9456-445c-93e3-9355377d8e07{ip: 172.17.0.2, host: 5231e4c2ab07, networkLocation: /default-rack, certSerialId: null}
2020-07-01 01:05:51,202 [RatisPipelineUtilsThread] INFO  pipeline.RatisPipelineProvider (RatisPipelineProvider.java:lambda$create$0(138)) - Sending CreatePipelineCommand for pipeline:PipelineID=a856c81c-fe61-453d-8bb2-95c53215fdef to datanode:5f570ae4-9456-445c-93e3-9355377d8e07
2020-07-01 01:05:51,202 [EventQueue-NodeRegistrationContainerReportForContainerSafeModeRule] INFO  safemode.SCMSafeModeManager (SCMSafeModeManager.java:validateSafeModeExitRules(214)) - ContainerSafeModeRule rule is successfully validated
2020-07-01 01:05:51,203 [RatisPipelineUtilsThread] INFO  pipeline.PipelineStateManager (PipelineStateManager.java:addPipeline(54)) - Created pipeline Pipeline[ Id: a856c81c-fe61-453d-8bb2-95c53215fdef, Nodes: 5f570ae4-9456-445c-93e3-9355377d8e07{ip: 172.17.0.2, host: 5231e4c2ab07, networkLocation: /default-rack, certSerialId: null}, Type:RATIS, Factor:ONE, State:ALLOCATED, leaderId:, CreationTimestamp2020-07-01T01:05:51.202Z]
2020-07-01 01:05:51,203 [RatisPipelineUtilsThread] ERROR pipeline.SCMPipelineManager (SCMPipelineManager.java:createPipeline(222)) - Failed to create pipeline of type RATIS and factor ONE. Exception: Cannot create pipeline of factor 1 using 0 nodes. Used 1 nodes. Healthy nodes 1
2020-07-01 01:05:51,203 [EventQueue-NodeRegistrationContainerReportForDataNodeSafeModeRule] INFO  safemode.SCMSafeModeManager (DataNodeSafeModeRule.java:process(71)) - SCM in safe mode. 1 DataNodes registered, 1 required.
2020-07-01 01:05:51,205 [EventQueue-NodeRegistrationContainerReportForDataNodeSafeModeRule] INFO  safemode.SCMSafeModeManager (SCMSafeModeManager.java:validateSafeModeExitRules(214)) - DataNodeSafeModeRule rule is successfully validated
2020-07-01 01:05:51,206 [EventQueue-NodeRegistrationContainerReportForDataNodeSafeModeRule] INFO  safemode.SCMSafeModeManager (SCMSafeModeManager.java:completePreCheck(242)) - All SCM safe mode pre check rules have passed
2020-07-01 01:05:51,206 [RatisPipelineUtilsThread] ERROR pipeline.SCMPipelineManager (SCMPipelineManager.java:createPipeline(222)) - Failed to create pipeline of type RATIS and factor ONE. Exception: Cannot create pipeline of factor 1 using 0 nodes. Used 1 nodes. Healthy nodes 1
2020-07-01 01:05:51,206 [RatisPipelineUtilsThread] WARN  pipeline.PipelinePlacementPolicy (PipelinePlacementPolicy.java:filterViableNodes(133)) - Pipeline creation failed due to no sufficient healthy datanodes. Required 3. Found 1.
2020-07-01 01:05:51,206 [RatisPipelineUtilsThread] ERROR pipeline.SCMPipelineManager (SCMPipelineManager.java:createPipeline(222)) - Failed to create pipeline of type RATIS and factor THREE. Exception: Pipeline creation failed due to no sufficient healthy datanodes. Required 3. Found 1.
2020-07-01 01:05:51,241 [IPC Server handler 1 on default port 41453] INFO  net.NetworkTopology (NetworkTopologyImpl.java:add(111)) - Added a new node: /default-rack/69db720a-335e-417f-9e4d-9b6daaea3d10
2020-07-01 01:05:51,241 [IPC Server handler 1 on default port 41453] INFO  node.SCMNodeManager (SCMNodeManager.java:register(268)) - Registered Data node : 69db720a-335e-417f-9e4d-9b6daaea3d10{ip: 172.17.0.2, host: 5231e4c2ab07, networkLocation: /default-rack, certSerialId: null}
2020-07-01 01:05:51,242 [RatisPipelineUtilsThread] INFO  pipeline.RatisPipelineProvider (RatisPipelineProvider.java:lambda$create$0(138)) - Sending CreatePipelineCommand for pipeline:PipelineID=3813fbde-8fd8-4640-b471-3e57ba319af7 to datanode:69db720a-335e-417f-9e4d-9b6daaea3d10
2020-07-01 01:05:51,242 [EventQueue-NodeRegistrationContainerReportForDataNodeSafeModeRule] INFO  safemode.SCMSafeModeManager (SCMSafeModeManager.java:validateSafeModeExitRules(214)) - DataNodeSafeModeRule rule is successfully validated
2020-07-01 01:05:51,242 [RatisPipelineUtilsThread] INFO  pipeline.PipelineStateManager (PipelineStateManager.java:addPipeline(54)) - Created pipeline Pipeline[ Id: 3813fbde-8fd8-4640-b471-3e57ba319af7, Nodes: 69db720a-335e-417f-9e4d-9b6daaea3d10{ip: 172.17.0.2, host: 5231e4c2ab07, networkLocation: /default-rack, certSerialId: null}, Type:RATIS, Factor:ONE, State:ALLOCATED, leaderId:, CreationTimestamp2020-07-01T01:05:51.242Z]
2020-07-01 01:05:51,242 [EventQueue-NodeRegistrationContainerReportForContainerSafeModeRule] INFO  safemode.SCMSafeModeManager (SCMSafeModeManager.java:validateSafeModeExitRules(214)) - ContainerSafeModeRule rule is successfully validated
2020-07-01 01:05:51,242 [RatisPipelineUtilsThread] ERROR pipeline.SCMPipelineManager (SCMPipelineManager.java:createPipeline(222)) - Failed to create pipeline of type RATIS and factor ONE. Exception: Cannot create pipeline of factor 1 using 0 nodes. Used 2 nodes. Healthy nodes 2
2020-07-01 01:05:51,242 [RatisPipelineUtilsThread] WARN  pipeline.PipelinePlacementPolicy (PipelinePlacementPolicy.java:filterViableNodes(133)) - Pipeline creation failed due to no sufficient healthy datanodes. Required 3. Found 2.
2020-07-01 01:05:51,242 [RatisPipelineUtilsThread] ERROR pipeline.SCMPipelineManager (SCMPipelineManager.java:createPipeline(222)) - Failed to create pipeline of type RATIS and factor THREE. Exception: Pipeline creation failed due to no sufficient healthy datanodes. Required 3. Found 2.
2020-07-01 01:05:51,273 [Listener at 127.0.0.1/11872] INFO  ozone.MiniOzoneClusterImpl (MiniOzoneClusterImpl.java:lambda$waitForClusterToBeReady$0(177)) - Waiting for nodes to be ready. Got 2 of 3 DN Heartbeats.
2020-07-01 01:05:51,274 [Listener at 127.0.0.1/11872] INFO  ozone.MiniOzoneClusterImpl (MiniOzoneClusterImpl.java:lambda$waitForClusterToBeReady$0(180)) - Waiting for cluster to exit safe mode
2020-07-01 01:05:51,277 [IPC Server handler 2 on default port 41453] INFO  net.NetworkTopology (NetworkTopologyImpl.java:add(111)) - Added a new node: /default-rack/40524df2-78a3-4e4e-9ceb-ad6c0599eecc
2020-07-01 01:05:51,277 [IPC Server handler 2 on default port 41453] INFO  node.SCMNodeManager (SCMNodeManager.java:register(268)) - Registered Data node : 40524df2-78a3-4e4e-9ceb-ad6c0599eecc{ip: 172.17.0.2, host: 5231e4c2ab07, networkLocation: /default-rack, certSerialId: null}
2020-07-01 01:05:51,277 [RatisPipelineUtilsThread] INFO  pipeline.RatisPipelineProvider (RatisPipelineProvider.java:lambda$create$0(138)) - Sending CreatePipelineCommand for pipeline:PipelineID=e1343460-3814-4b7d-87f8-72bf283fa841 to datanode:40524df2-78a3-4e4e-9ceb-ad6c0599eecc
2020-07-01 01:05:51,277 [EventQueue-NodeRegistrationContainerReportForDataNodeSafeModeRule] INFO  safemode.SCMSafeModeManager (SCMSafeModeManager.java:validateSafeModeExitRules(214)) - DataNodeSafeModeRule rule is successfully validated
2020-07-01 01:05:51,277 [RatisPipelineUtilsThread] INFO  pipeline.PipelineStateManager (PipelineStateManager.java:addPipeline(54)) - Created pipeline Pipeline[ Id: e1343460-3814-4b7d-87f8-72bf283fa841, Nodes: 40524df2-78a3-4e4e-9ceb-ad6c0599eecc{ip: 172.17.0.2, host: 5231e4c2ab07, networkLocation: /default-rack, certSerialId: null}, Type:RATIS, Factor:ONE, State:ALLOCATED, leaderId:, CreationTimestamp2020-07-01T01:05:51.277Z]
2020-07-01 01:05:51,278 [EventQueue-NodeRegistrationContainerReportForContainerSafeModeRule] INFO  safemode.SCMSafeModeManager (SCMSafeModeManager.java:validateSafeModeExitRules(214)) - ContainerSafeModeRule rule is successfully validated
2020-07-01 01:05:51,278 [RatisPipelineUtilsThread] ERROR pipeline.SCMPipelineManager (SCMPipelineManager.java:createPipeline(222)) - Failed to create pipeline of type RATIS and factor ONE. Exception: Cannot create pipeline of factor 1 using 0 nodes. Used 3 nodes. Healthy nodes 3
2020-07-01 01:05:51,278 [RatisPipelineUtilsThread] INFO  pipeline.RatisPipelineProvider (RatisPipelineProvider.java:lambda$create$0(138)) - Sending CreatePipelineCommand for pipeline:PipelineID=f1d92eae-632a-487e-abe0-304d1cdea4ac to datanode:5f570ae4-9456-445c-93e3-9355377d8e07
2020-07-01 01:05:51,278 [RatisPipelineUtilsThread] INFO  pipeline.RatisPipelineProvider (RatisPipelineProvider.java:lambda$create$0(138)) - Sending CreatePipelineCommand for pipeline:PipelineID=f1d92eae-632a-487e-abe0-304d1cdea4ac to datanode:69db720a-335e-417f-9e4d-9b6daaea3d10
2020-07-01 01:05:51,278 [RatisPipelineUtilsThread] INFO  pipeline.RatisPipelineProvider (RatisPipelineProvider.java:lambda$create$0(138)) - Sending CreatePipelineCommand for pipeline:PipelineID=f1d92eae-632a-487e-abe0-304d1cdea4ac to datanode:40524df2-78a3-4e4e-9ceb-ad6c0599eecc
2020-07-01 01:05:51,279 [RatisPipelineUtilsThread] INFO  pipeline.PipelineStateManager (PipelineStateManager.java:addPipeline(54)) - Created pipeline Pipeline[ Id: f1d92eae-632a-487e-abe0-304d1cdea4ac, Nodes: 5f570ae4-9456-445c-93e3-9355377d8e07{ip: 172.17.0.2, host: 5231e4c2ab07, networkLocation: /default-rack, certSerialId: null}69db720a-335e-417f-9e4d-9b6daaea3d10{ip: 172.17.0.2, host: 5231e4c2ab07, networkLocation: /default-rack, certSerialId: null}40524df2-78a3-4e4e-9ceb-ad6c0599eecc{ip: 172.17.0.2, host: 5231e4c2ab07, networkLocation: /default-rack, certSerialId: null}, Type:RATIS, Factor:THREE, State:ALLOCATED, leaderId:, CreationTimestamp2020-07-01T01:05:51.278Z]
2020-07-01 01:05:51,279 [RatisPipelineUtilsThread] ERROR pipeline.SCMPipelineManager (SCMPipelineManager.java:createPipeline(222)) - Failed to create pipeline of type RATIS and factor THREE. Exception: Pipeline creation failed because nodes are engaged in other pipelines and every node can only be engaged in max 2 pipelines. Required 3. Found 0
2020-07-01 01:05:51,579 [grpc-default-executor-1] INFO  ratis.OzoneManagerStateMachine (OzoneManagerStateMachine.java:getLatestSnapshot(147)) - Latest Snapshot Info 0#-1
2020-07-01 01:05:51,580 [grpc-default-executor-7] INFO  ratis.OzoneManagerStateMachine (OzoneManagerStateMachine.java:getLatestSnapshot(147)) - Latest Snapshot Info 0#-1
2020-07-01 01:05:51,581 [grpc-default-executor-7] DEBUG server.GrpcLogAppender (GrpcLogAppender.java:onNext(257)) - omNode-1@group-523986131536->omNode-3-AppendLogResponseHandler: received a reply omNode-1<-omNode-3#8:OK,SUCCESS,nextIndex:1,term:1,followerCommit:0, request=AppendEntriesRequest:cid=8,entriesCount=0,lastEntry=null
2020-07-01 01:05:51,581 [grpc-default-executor-7] DEBUG server.GrpcLogAppender (GrpcLogAppender.java:onNext(257)) - omNode-1@group-523986131536->omNode-2-AppendLogResponseHandler: received a reply omNode-1<-omNode-2#8:OK,SUCCESS,nextIndex:1,term:1,followerCommit:0, request=AppendEntriesRequest:cid=8,entriesCount=0,lastEntry=null
2020-07-01 01:05:52,081 [grpc-default-executor-7] INFO  ratis.OzoneManagerStateMachine (OzoneManagerStateMachine.java:getLatestSnapshot(147)) - Latest Snapshot Info 0#-1
2020-07-01 01:05:52,082 [grpc-default-executor-1] INFO  ratis.OzoneManagerStateMachine (OzoneManagerStateMachine.java:getLatestSnapshot(147)) - Latest Snapshot Info 0#-1
2020-07-01 01:05:52,082 [grpc-default-executor-7] DEBUG server.GrpcLogAppender (GrpcLogAppender.java:onNext(257)) - omNode-1@group-523986131536->omNode-3-AppendLogResponseHandler: received a reply omNode-1<-omNode-3#9:OK,SUCCESS,nextIndex:1,term:1,followerCommit:0, request=AppendEntriesRequest:cid=9,entriesCount=0,lastEntry=null
2020-07-01 01:05:52,083 [grpc-default-executor-7] DEBUG server.GrpcLogAppender (GrpcLogAppender.java:onNext(257)) - omNode-1@group-523986131536->omNode-2-AppendLogResponseHandler: received a reply omNode-1<-omNode-2#9:OK,SUCCESS,nextIndex:1,term:1,followerCommit:0, request=AppendEntriesRequest:cid=9,entriesCount=0,lastEntry=null
2020-07-01 01:05:52,274 [Listener at 127.0.0.1/11872] INFO  ozone.MiniOzoneClusterImpl (MiniOzoneClusterImpl.java:lambda$waitForClusterToBeReady$0(177)) - Nodes are ready. Got 3 of 3 DN Heartbeats.
2020-07-01 01:05:52,274 [Listener at 127.0.0.1/11872] INFO  ozone.MiniOzoneClusterImpl (MiniOzoneClusterImpl.java:lambda$waitForClusterToBeReady$0(180)) - Waiting for cluster to exit safe mode
2020-07-01 01:05:52,583 [grpc-default-executor-7] INFO  ratis.OzoneManagerStateMachine (OzoneManagerStateMachine.java:getLatestSnapshot(147)) - Latest Snapshot Info 0#-1
2020-07-01 01:05:52,584 [grpc-default-executor-1] INFO  ratis.OzoneManagerStateMachine (OzoneManagerStateMachine.java:getLatestSnapshot(147)) - Latest Snapshot Info 0#-1
2020-07-01 01:05:52,584 [grpc-default-executor-7] DEBUG server.GrpcLogAppender (GrpcLogAppender.java:onNext(257)) - omNode-1@group-523986131536->omNode-3-AppendLogResponseHandler: received a reply omNode-1<-omNode-3#10:OK,SUCCESS,nextIndex:1,term:1,followerCommit:0, request=AppendEntriesRequest:cid=10,entriesCount=0,lastEntry=null
2020-07-01 01:05:52,589 [grpc-default-executor-1] DEBUG server.GrpcLogAppender (GrpcLogAppender.java:onNext(257)) - omNode-1@group-523986131536->omNode-2-AppendLogResponseHandler: received a reply omNode-1<-omNode-2#10:OK,SUCCESS,nextIndex:1,term:1,followerCommit:0, request=AppendEntriesRequest:cid=10,entriesCount=0,lastEntry=null
2020-07-01 01:05:53,085 [grpc-default-executor-1] INFO  ratis.OzoneManagerStateMachine (OzoneManagerStateMachine.java:getLatestSnapshot(147)) - Latest Snapshot Info 0#-1
2020-07-01 01:05:53,086 [grpc-default-executor-1] DEBUG server.GrpcLogAppender (GrpcLogAppender.java:onNext(257)) - omNode-1@group-523986131536->omNode-3-AppendLogResponseHandler: received a reply omNode-1<-omNode-3#11:OK,SUCCESS,nextIndex:1,term:1,followerCommit:0, request=AppendEntriesRequest:cid=11,entriesCount=0,lastEntry=null
2020-07-01 01:05:53,090 [grpc-default-executor-1] INFO  ratis.OzoneManagerStateMachine (OzoneManagerStateMachine.java:getLatestSnapshot(147)) - Latest Snapshot Info 0#-1
2020-07-01 01:05:53,091 [grpc-default-executor-1] DEBUG server.GrpcLogAppender (GrpcLogAppender.java:onNext(257)) - omNode-1@group-523986131536->omNode-2-AppendLogResponseHandler: received a reply omNode-1<-omNode-2#11:OK,SUCCESS,nextIndex:1,term:1,followerCommit:0, request=AppendEntriesRequest:cid=11,entriesCount=0,lastEntry=null
2020-07-01 01:05:53,274 [Listener at 127.0.0.1/11872] INFO  ozone.MiniOzoneClusterImpl (MiniOzoneClusterImpl.java:lambda$waitForClusterToBeReady$0(177)) - Nodes are ready. Got 3 of 3 DN Heartbeats.
2020-07-01 01:05:53,274 [Listener at 127.0.0.1/11872] INFO  ozone.MiniOzoneClusterImpl (MiniOzoneClusterImpl.java:lambda$waitForClusterToBeReady$0(180)) - Waiting for cluster to exit safe mode
2020-07-01 01:05:53,587 [grpc-default-executor-1] INFO  ratis.OzoneManagerStateMachine (OzoneManagerStateMachine.java:getLatestSnapshot(147)) - Latest Snapshot Info 0#-1
2020-07-01 01:05:53,588 [grpc-default-executor-1] DEBUG server.GrpcLogAppender (GrpcLogAppender.java:onNext(257)) - omNode-1@group-523986131536->omNode-3-AppendLogResponseHandler: received a reply omNode-1<-omNode-3#12:OK,SUCCESS,nextIndex:1,term:1,followerCommit:0, request=AppendEntriesRequest:cid=12,entriesCount=0,lastEntry=null
2020-07-01 01:05:53,591 [grpc-default-executor-1] INFO  ratis.OzoneManagerStateMachine (OzoneManagerStateMachine.java:getLatestSnapshot(147)) - Latest Snapshot Info 0#-1
2020-07-01 01:05:53,592 [grpc-default-executor-1] DEBUG server.GrpcLogAppender (GrpcLogAppender.java:onNext(257)) - omNode-1@group-523986131536->omNode-2-AppendLogResponseHandler: received a reply omNode-1<-omNode-2#12:OK,SUCCESS,nextIndex:1,term:1,followerCommit:0, request=AppendEntriesRequest:cid=12,entriesCount=0,lastEntry=null
2020-07-01 01:05:54,089 [grpc-default-executor-1] INFO  ratis.OzoneManagerStateMachine (OzoneManagerStateMachine.java:getLatestSnapshot(147)) - Latest Snapshot Info 0#-1
2020-07-01 01:05:54,090 [grpc-default-executor-1] DEBUG server.GrpcLogAppender (GrpcLogAppender.java:onNext(257)) - omNode-1@group-523986131536->omNode-3-AppendLogResponseHandler: received a reply omNode-1<-omNode-3#13:OK,SUCCESS,nextIndex:1,term:1,followerCommit:0, request=AppendEntriesRequest:cid=13,entriesCount=0,lastEntry=null
2020-07-01 01:05:54,093 [grpc-default-executor-1] INFO  ratis.OzoneManagerStateMachine (OzoneManagerStateMachine.java:getLatestSnapshot(147)) - Latest Snapshot Info 0#-1
2020-07-01 01:05:54,093 [grpc-default-executor-1] DEBUG server.GrpcLogAppender (GrpcLogAppender.java:onNext(257)) - omNode-1@group-523986131536->omNode-2-AppendLogResponseHandler: received a reply omNode-1<-omNode-2#13:OK,SUCCESS,nextIndex:1,term:1,followerCommit:0, request=AppendEntriesRequest:cid=13,entriesCount=0,lastEntry=null
2020-07-01 01:05:54,200 [Command processor thread] INFO  impl.RaftServerProxy (RaftServerProxy.java:addNew(89)) - 5f570ae4-9456-445c-93e3-9355377d8e07: addNew group-95C53215FDEF:[5f570ae4-9456-445c-93e3-9355377d8e07:172.17.0.2:45527] returns group-95C53215FDEF:java.util.concurrent.CompletableFuture@53f3a7df[Not completed]
2020-07-01 01:05:54,202 [pool-1126-thread-1] INFO  impl.RaftServerImpl (RaftServerImpl.java:<init>(99)) - 5f570ae4-9456-445c-93e3-9355377d8e07: new RaftServerImpl for group-95C53215FDEF:[5f570ae4-9456-445c-93e3-9355377d8e07:172.17.0.2:45527] with ContainerStateMachine:uninitialized
2020-07-01 01:05:54,202 [pool-1126-thread-1] INFO  server.RaftServerConfigKeys (ConfUtils.java:logGet(44)) - raft.server.rpc.timeout.min = 5s (custom)
2020-07-01 01:05:54,202 [pool-1126-thread-1] INFO  server.RaftServerConfigKeys (ConfUtils.java:logGet(44)) - raft.server.rpc.timeout.max = 5200ms (custom)
2020-07-01 01:05:54,202 [pool-1126-thread-1] INFO  server.RaftServerConfigKeys (ConfUtils.java:logGet(44)) - raft.server.rpcslowness.timeout = 300s (custom)
2020-07-01 01:05:54,202 [pool-1126-thread-1] INFO  server.RaftServerConfigKeys (ConfUtils.java:logGet(44)) - raft.server.sleep.deviation.threshold = 300 (default)
2020-07-01 01:05:54,202 [pool-1126-thread-1] INFO  server.RaftServerConfigKeys (ConfUtils.java:logGet(44)) - raft.server.log.appender.install.snapshot.enabled = false (custom)
2020-07-01 01:05:54,202 [pool-1126-thread-1] INFO  impl.RaftServerImpl (ServerState.java:<init>(103)) - 5f570ae4-9456-445c-93e3-9355377d8e07@group-95C53215FDEF: ConfigurationManager, init=-1: [5f570ae4-9456-445c-93e3-9355377d8e07:172.17.0.2:45527], old=null, confs=<EMPTY_MAP>
2020-07-01 01:05:54,202 [pool-1126-thread-1] INFO  server.RaftServerConfigKeys (ConfUtils.java:logGet(44)) - raft.server.storage.dir = [/github/workspace/mnt/ozone/hadoop-ozone/integration-test/target/test-dir/MiniOzoneClusterImpl-f77758f3-7054-4a66-83a1-d2ef3e95fe09/datanode-0/data/ratis] (custom)
2020-07-01 01:05:54,202 [pool-1126-thread-1] INFO  server.RaftServerConfigKeys (ConfUtils.java:logGet(44)) - raft.server.log.corruption.policy = EXCEPTION (default)
2020-07-01 01:05:54,202 [pool-1126-thread-1] INFO  storage.RaftStorageDirectory (RaftStorageDirectory.java:analyzeStorage(261)) - The storage directory /github/workspace/mnt/ozone/hadoop-ozone/integration-test/target/test-dir/MiniOzoneClusterImpl-f77758f3-7054-4a66-83a1-d2ef3e95fe09/datanode-0/data/ratis/a856c81c-fe61-453d-8bb2-95c53215fdef does not exist. Creating ...
2020-07-01 01:05:54,204 [pool-1126-thread-1] INFO  storage.RaftStorageDirectory (RaftStorageDirectory.java:tryLock(343)) - Lock on /github/workspace/mnt/ozone/hadoop-ozone/integration-test/target/test-dir/MiniOzoneClusterImpl-f77758f3-7054-4a66-83a1-d2ef3e95fe09/datanode-0/data/ratis/a856c81c-fe61-453d-8bb2-95c53215fdef/in_use.lock acquired by nodename 3123@5231e4c2ab07
2020-07-01 01:05:54,205 [pool-1126-thread-1] INFO  storage.RaftStorage (RaftStorage.java:format(84)) - Storage directory /github/workspace/mnt/ozone/hadoop-ozone/integration-test/target/test-dir/MiniOzoneClusterImpl-f77758f3-7054-4a66-83a1-d2ef3e95fe09/datanode-0/data/ratis/a856c81c-fe61-453d-8bb2-95c53215fdef has been successfully formatted.
2020-07-01 01:05:54,206 [pool-1126-thread-1] INFO  ratis.ContainerStateMachine (ContainerStateMachine.java:loadSnapshot(226)) - group-95C53215FDEF: The snapshot info is null. Setting the last applied indexto:(t:0, i:~)
2020-07-01 01:05:54,206 [pool-1126-thread-1] INFO  server.RaftServerConfigKeys (ConfUtils.java:logGet(44)) - raft.server.notification.no-leader.timeout = 60s (default)
2020-07-01 01:05:54,206 [pool-1126-thread-1] INFO  server.RaftServerConfigKeys (ConfUtils.java:logGet(44)) - raft.server.log.use.memory = false (default)
2020-07-01 01:05:54,206 [pool-1126-thread-1] INFO  server.RaftServerConfigKeys (ConfUtils.java:logGet(44)) - raft.server.log.purge.gap = 1000000 (custom)
2020-07-01 01:05:54,206 [pool-1126-thread-1] INFO  server.RaftServerConfigKeys (ConfUtils.java:logGet(44)) - raft.server.log.appender.buffer.byte-limit = 33554432 (custom)
2020-07-01 01:05:54,206 [pool-1126-thread-1] INFO  server.RaftServerConfigKeys (ConfUtils.java:logGet(44)) - raft.server.log.segment.size.max = 1048576 (custom)
2020-07-01 01:05:54,206 [pool-1126-thread-1] INFO  metrics.RatisMetrics (RatisMetrics.java:lambda$create$0(36)) - Creating Metrics Registry : ratis.log_worker.5f570ae4-9456-445c-93e3-9355377d8e07@group-95C53215FDEF
2020-07-01 01:05:54,206 [EventQueue-PipelineReportForPipelineReportHandler] INFO  pipeline.PipelineStateManager (PipelineStateManager.java:openPipeline(131)) - Pipeline Pipeline[ Id: a856c81c-fe61-453d-8bb2-95c53215fdef, Nodes: 5f570ae4-9456-445c-93e3-9355377d8e07{ip: 172.17.0.2, host: 5231e4c2ab07, networkLocation: /default-rack, certSerialId: null}, Type:RATIS, Factor:ONE, State:ALLOCATED, leaderId:5f570ae4-9456-445c-93e3-9355377d8e07, CreationTimestamp2020-07-01T01:05:51.202Z] moved to OPEN state
2020-07-01 01:05:54,209 [pool-1126-thread-1] INFO  server.RaftServerConfigKeys (ConfUtils.java:logGet(44)) - raft.server.log.segment.cache.num.max = 2 (custom)
2020-07-01 01:05:54,209 [pool-1126-thread-1] INFO  segmented.SegmentedRaftLogWorker (SegmentedRaftLogWorker.java:<init>(180)) - new 5f570ae4-9456-445c-93e3-9355377d8e07@group-95C53215FDEF-SegmentedRaftLogWorker for RaftStorage:Storage Directory /github/workspace/mnt/ozone/hadoop-ozone/integration-test/target/test-dir/MiniOzoneClusterImpl-f77758f3-7054-4a66-83a1-d2ef3e95fe09/datanode-0/data/ratis/a856c81c-fe61-453d-8bb2-95c53215fdef
2020-07-01 01:05:54,209 [pool-1126-thread-1] INFO  server.RaftServerConfigKeys (ConfUtils.java:logGet(44)) - raft.server.log.queue.byte-limit = 2147483647 (custom)
2020-07-01 01:05:54,210 [pool-1126-thread-1] INFO  server.RaftServerConfigKeys (ConfUtils.java:logGet(44)) - raft.server.log.queue.element-limit = 1024 (custom)
2020-07-01 01:05:54,210 [pool-1126-thread-1] INFO  server.RaftServerConfigKeys (ConfUtils.java:logGet(44)) - raft.server.log.segment.size.max = 1048576 (custom)
2020-07-01 01:05:54,210 [pool-1126-thread-1] INFO  server.RaftServerConfigKeys (ConfUtils.java:logGet(44)) - raft.server.log.preallocated.size = 16384 (custom)
2020-07-01 01:05:54,210 [pool-1126-thread-1] INFO  server.RaftServerConfigKeys (ConfUtils.java:logGet(44)) - raft.server.log.write.buffer.size = 1048576 (custom)
2020-07-01 01:05:54,210 [pool-1126-thread-1] INFO  server.RaftServerConfigKeys (ConfUtils.java:logGet(44)) - raft.server.log.force.sync.num = 128 (default)
2020-07-01 01:05:54,210 [pool-1126-thread-1] INFO  server.RaftServerConfigKeys (ConfUtils.java:logGet(44)) - raft.server.log.statemachine.data.sync = true (default)
2020-07-01 01:05:54,210 [pool-1126-thread-1] INFO  server.RaftServerConfigKeys (ConfUtils.java:logGet(44)) - raft.server.log.statemachine.data.sync.timeout = 10s (default)
2020-07-01 01:05:54,210 [pool-1126-thread-1] INFO  server.RaftServerConfigKeys (ConfUtils.java:logGet(44)) - raft.server.log.statemachine.data.sync.timeout.retry = -1 (default)
2020-07-01 01:05:54,210 [EventQueue-OpenPipelineForHealthyPipelineSafeModeRule] INFO  safemode.SCMSafeModeManager (HealthyPipelineSafeModeRule.java:process(129)) - SCM in safe mode. Healthy pipelines reported count is 0, required healthy pipeline reported count is 1
2020-07-01 01:05:54,214 [pool-1126-thread-1] INFO  server.RaftServerConfigKeys (ConfUtils.java:logGet(44)) - raft.server.log.statemachine.data.caching.enabled = true (custom)
2020-07-01 01:05:54,214 [pool-1126-thread-1] INFO  segmented.SegmentedRaftLogWorker (SegmentedRaftLogWorker.java:lambda$new$0(129)) - 5f570ae4-9456-445c-93e3-9355377d8e07@group-95C53215FDEF-SegmentedRaftLogWorker: flushIndex: setUnconditionally 0 -> -1
2020-07-01 01:05:54,214 [pool-1126-thread-1] INFO  segmented.SegmentedRaftLogWorker (SegmentedRaftLogWorker.java:lambda$new$0(129)) - 5f570ae4-9456-445c-93e3-9355377d8e07@group-95C53215FDEF-SegmentedRaftLogWorker: safeCacheEvictIndex: setUnconditionally 0 -> -1
2020-07-01 01:05:54,214 [EventQueue-OpenPipelineForOneReplicaPipelineSafeModeRule] INFO  safemode.SCMSafeModeManager (SCMSafeModeManager.java:validateSafeModeExitRules(214)) - AtleastOneDatanodeReportedRule rule is successfully validated
2020-07-01 01:05:54,214 [pool-1126-thread-1] INFO  server.RaftServerConfigKeys (ConfUtils.java:logGet(44)) - raft.server.snapshot.auto.trigger.enabled = true (custom)
2020-07-01 01:05:54,214 [pool-1126-thread-1] INFO  server.RaftServerConfigKeys (ConfUtils.java:logGet(44)) - raft.server.snapshot.auto.trigger.threshold = 10000 (custom)
2020-07-01 01:05:54,214 [pool-1126-thread-1] INFO  server.RaftServerConfigKeys (ConfUtils.java:logGet(44)) - raft.server.snapshot.retention.file.num = 5 (custom)
2020-07-01 01:05:54,214 [pool-1126-thread-1] INFO  server.RaftServerConfigKeys (ConfUtils.java:logGet(44)) - raft.server.log.purge.upto.snapshot.index = false (default)
2020-07-01 01:05:54,214 [pool-1126-thread-1] INFO  server.RaftServerConfigKeys (ConfUtils.java:logGet(44)) - raft.server.retrycache.expirytime = 600000ms (custom)
2020-07-01 01:05:54,214 [pool-1126-thread-1] INFO  metrics.RatisMetrics (RatisMetrics.java:lambda$create$0(36)) - Creating Metrics Registry : ratis.leader_election.5f570ae4-9456-445c-93e3-9355377d8e07@group-95C53215FDEF
2020-07-01 01:05:54,215 [pool-1126-thread-1] INFO  metrics.RatisMetrics (RatisMetrics.java:lambda$create$0(36)) - Creating Metrics Registry : ratis.server.5f570ae4-9456-445c-93e3-9355377d8e07@group-95C53215FDEF
2020-07-01 01:05:54,218 [pool-1126-thread-1] INFO  impl.RaftServerImpl (RaftServerImpl.java:start(186)) - 5f570ae4-9456-445c-93e3-9355377d8e07@group-95C53215FDEF: start as a follower, conf=-1: [5f570ae4-9456-445c-93e3-9355377d8e07:172.17.0.2:45527], old=null
2020-07-01 01:05:54,218 [pool-1126-thread-1] INFO  impl.RaftServerImpl (RaftServerImpl.java:setRole(175)) - 5f570ae4-9456-445c-93e3-9355377d8e07@group-95C53215FDEF: changes role from      null to FOLLOWER at term 0 for startAsFollower
2020-07-01 01:05:54,218 [pool-1126-thread-1] INFO  impl.RoleInfo (RoleInfo.java:updateAndGet(143)) - 5f570ae4-9456-445c-93e3-9355377d8e07: start FollowerState
2020-07-01 01:05:54,218 [pool-1126-thread-1] INFO  util.JmxRegister (JmxRegister.java:tryRegister(44)) - Successfully registered JMX Bean with object name Ratis:service=RaftServer,group=group-95C53215FDEF,id=5f570ae4-9456-445c-93e3-9355377d8e07
2020-07-01 01:05:54,218 [pool-1126-thread-1] INFO  metrics.RatisMetrics (RatisMetrics.java:lambda$create$0(36)) - Creating Metrics Registry : ratis.state_machine.5f570ae4-9456-445c-93e3-9355377d8e07@group-95C53215FDEF
2020-07-01 01:05:54,219 [Command processor thread] INFO  commandhandler.CreatePipelineCommandHandler (CreatePipelineCommandHandler.java:handle(109)) - Created Pipeline RATIS ONE #id: "a856c81c-fe61-453d-8bb2-95c53215fdef"
.
2020-07-01 01:05:54,219 [Command processor thread] INFO  impl.RaftServerProxy (RaftServerProxy.java:addNew(89)) - 5f570ae4-9456-445c-93e3-9355377d8e07: addNew group-304D1CDEA4AC:[5f570ae4-9456-445c-93e3-9355377d8e07:172.17.0.2:45527, 40524df2-78a3-4e4e-9ceb-ad6c0599eecc:172.17.0.2:36129, 69db720a-335e-417f-9e4d-9b6daaea3d10:172.17.0.2:36327] returns group-304D1CDEA4AC:java.util.concurrent.CompletableFuture@57cc3979[Not completed]
2020-07-01 01:05:54,223 [pool-1126-thread-1] INFO  impl.RaftServerImpl (RaftServerImpl.java:<init>(99)) - 5f570ae4-9456-445c-93e3-9355377d8e07: new RaftServerImpl for group-304D1CDEA4AC:[5f570ae4-9456-445c-93e3-9355377d8e07:172.17.0.2:45527, 40524df2-78a3-4e4e-9ceb-ad6c0599eecc:172.17.0.2:36129, 69db720a-335e-417f-9e4d-9b6daaea3d10:172.17.0.2:36327] with ContainerStateMachine:uninitialized
2020-07-01 01:05:54,223 [pool-1126-thread-1] INFO  server.RaftServerConfigKeys (ConfUtils.java:logGet(44)) - raft.server.rpc.timeout.min = 5s (custom)
2020-07-01 01:05:54,223 [pool-1126-thread-1] INFO  server.RaftServerConfigKeys (ConfUtils.java:logGet(44)) - raft.server.rpc.timeout.max = 5200ms (custom)
2020-07-01 01:05:54,223 [pool-1126-thread-1] INFO  server.RaftServerConfigKeys (ConfUtils.java:logGet(44)) - raft.server.rpcslowness.timeout = 300s (custom)
2020-07-01 01:05:54,223 [pool-1126-thread-1] INFO  server.RaftServerConfigKeys (ConfUtils.java:logGet(44)) - raft.server.sleep.deviation.threshold = 300 (default)
2020-07-01 01:05:54,223 [pool-1126-thread-1] INFO  server.RaftServerConfigKeys (ConfUtils.java:logGet(44)) - raft.server.log.appender.install.snapshot.enabled = false (custom)
2020-07-01 01:05:54,223 [pool-1126-thread-1] INFO  impl.RaftServerImpl (ServerState.java:<init>(103)) - 5f570ae4-9456-445c-93e3-9355377d8e07@group-304D1CDEA4AC: ConfigurationManager, init=-1: [5f570ae4-9456-445c-93e3-9355377d8e07:172.17.0.2:45527, 40524df2-78a3-4e4e-9ceb-ad6c0599eecc:172.17.0.2:36129, 69db720a-335e-417f-9e4d-9b6daaea3d10:172.17.0.2:36327], old=null, confs=<EMPTY_MAP>
2020-07-01 01:05:54,223 [pool-1126-thread-1] INFO  server.RaftServerConfigKeys (ConfUtils.java:logGet(44)) - raft.server.storage.dir = [/github/workspace/mnt/ozone/hadoop-ozone/integration-test/target/test-dir/MiniOzoneClusterImpl-f77758f3-7054-4a66-83a1-d2ef3e95fe09/datanode-0/data/ratis] (custom)
2020-07-01 01:05:54,223 [pool-1126-thread-1] INFO  server.RaftServerConfigKeys (ConfUtils.java:logGet(44)) - raft.server.log.corruption.policy = EXCEPTION (default)
2020-07-01 01:05:54,223 [pool-1126-thread-1] INFO  storage.RaftStorageDirectory (RaftStorageDirectory.java:analyzeStorage(261)) - The storage directory /github/workspace/mnt/ozone/hadoop-ozone/integration-test/target/test-dir/MiniOzoneClusterImpl-f77758f3-7054-4a66-83a1-d2ef3e95fe09/datanode-0/data/ratis/f1d92eae-632a-487e-abe0-304d1cdea4ac does not exist. Creating ...
2020-07-01 01:05:54,224 [pool-1126-thread-1] INFO  storage.RaftStorageDirectory (RaftStorageDirectory.java:tryLock(343)) - Lock on /github/workspace/mnt/ozone/hadoop-ozone/integration-test/target/test-dir/MiniOzoneClusterImpl-f77758f3-7054-4a66-83a1-d2ef3e95fe09/datanode-0/data/ratis/f1d92eae-632a-487e-abe0-304d1cdea4ac/in_use.lock acquired by nodename 3123@5231e4c2ab07
2020-07-01 01:05:54,225 [pool-1126-thread-1] INFO  storage.RaftStorage (RaftStorage.java:format(84)) - Storage directory /github/workspace/mnt/ozone/hadoop-ozone/integration-test/target/test-dir/MiniOzoneClusterImpl-f77758f3-7054-4a66-83a1-d2ef3e95fe09/datanode-0/data/ratis/f1d92eae-632a-487e-abe0-304d1cdea4ac has been successfully formatted.
2020-07-01 01:05:54,225 [pool-1126-thread-1] INFO  ratis.ContainerStateMachine (ContainerStateMachine.java:loadSnapshot(226)) - group-304D1CDEA4AC: The snapshot info is null. Setting the last applied indexto:(t:0, i:~)
2020-07-01 01:05:54,226 [pool-1126-thread-1] INFO  server.RaftServerConfigKeys (ConfUtils.java:logGet(44)) - raft.server.notification.no-leader.timeout = 60s (default)
2020-07-01 01:05:54,226 [pool-1126-thread-1] INFO  server.RaftServerConfigKeys (ConfUtils.java:logGet(44)) - raft.server.log.use.memory = false (default)
2020-07-01 01:05:54,226 [pool-1126-thread-1] INFO  server.RaftServerConfigKeys (ConfUtils.java:logGet(44)) - raft.server.log.purge.gap = 1000000 (custom)
2020-07-01 01:05:54,226 [pool-1126-thread-1] INFO  server.RaftServerConfigKeys (ConfUtils.java:logGet(44)) - raft.server.log.appender.buffer.byte-limit = 33554432 (custom)
2020-07-01 01:05:54,226 [pool-1126-thread-1] INFO  server.RaftServerConfigKeys (ConfUtils.java:logGet(44)) - raft.server.log.segment.size.max = 1048576 (custom)
2020-07-01 01:05:54,226 [pool-1126-thread-1] INFO  metrics.RatisMetrics (RatisMetrics.java:lambda$create$0(36)) - Creating Metrics Registry : ratis.log_worker.5f570ae4-9456-445c-93e3-9355377d8e07@group-304D1CDEA4AC
2020-07-01 01:05:54,226 [pool-1126-thread-1] INFO  server.RaftServerConfigKeys (ConfUtils.java:logGet(44)) - raft.server.log.segment.cache.num.max = 2 (custom)
2020-07-01 01:05:54,226 [pool-1126-thread-1] INFO  segmented.SegmentedRaftLogWorker (SegmentedRaftLogWorker.java:<init>(180)) - new 5f570ae4-9456-445c-93e3-9355377d8e07@group-304D1CDEA4AC-SegmentedRaftLogWorker for RaftStorage:Storage Directory /github/workspace/mnt/ozone/hadoop-ozone/integration-test/target/test-dir/MiniOzoneClusterImpl-f77758f3-7054-4a66-83a1-d2ef3e95fe09/datanode-0/data/ratis/f1d92eae-632a-487e-abe0-304d1cdea4ac
2020-07-01 01:05:54,226 [pool-1126-thread-1] INFO  server.RaftServerConfigKeys (ConfUtils.java:logGet(44)) - raft.server.log.queue.byte-limit = 2147483647 (custom)
2020-07-01 01:05:54,226 [pool-1126-thread-1] INFO  server.RaftServerConfigKeys (ConfUtils.java:logGet(44)) - raft.server.log.queue.element-limit = 1024 (custom)
2020-07-01 01:05:54,227 [pool-1126-thread-1] INFO  server.RaftServerConfigKeys (ConfUtils.java:logGet(44)) - raft.server.log.segment.size.max = 1048576 (custom)
2020-07-01 01:05:54,227 [pool-1126-thread-1] INFO  server.RaftServerConfigKeys (ConfUtils.java:logGet(44)) - raft.server.log.preallocated.size = 16384 (custom)
2020-07-01 01:05:54,227 [pool-1126-thread-1] INFO  server.RaftServerConfigKeys (ConfUtils.java:logGet(44)) - raft.server.log.write.buffer.size = 1048576 (custom)
2020-07-01 01:05:54,227 [pool-1126-thread-1] INFO  server.RaftServerConfigKeys (ConfUtils.java:logGet(44)) - raft.server.log.force.sync.num = 128 (default)
2020-07-01 01:05:54,227 [pool-1126-thread-1] INFO  server.RaftServerConfigKeys (ConfUtils.java:logGet(44)) - raft.server.log.statemachine.data.sync = true (default)
2020-07-01 01:05:54,227 [pool-1126-thread-1] INFO  server.RaftServerConfigKeys (ConfUtils.java:logGet(44)) - raft.server.log.statemachine.data.sync.timeout = 10s (default)
2020-07-01 01:05:54,227 [pool-1126-thread-1] INFO  server.RaftServerConfigKeys (ConfUtils.java:logGet(44)) - raft.server.log.statemachine.data.sync.timeout.retry = -1 (default)
2020-07-01 01:05:54,230 [pool-1126-thread-1] INFO  server.RaftServerConfigKeys (ConfUtils.java:logGet(44)) - raft.server.log.statemachine.data.caching.enabled = true (custom)
2020-07-01 01:05:54,230 [pool-1126-thread-1] INFO  segmented.SegmentedRaftLogWorker (SegmentedRaftLogWorker.java:lambda$new$0(129)) - 5f570ae4-9456-445c-93e3-9355377d8e07@group-304D1CDEA4AC-SegmentedRaftLogWorker: flushIndex: setUnconditionally 0 -> -1
2020-07-01 01:05:54,230 [pool-1126-thread-1] INFO  segmented.SegmentedRaftLogWorker (SegmentedRaftLogWorker.java:lambda$new$0(129)) - 5f570ae4-9456-445c-93e3-9355377d8e07@group-304D1CDEA4AC-SegmentedRaftLogWorker: safeCacheEvictIndex: setUnconditionally 0 -> -1
2020-07-01 01:05:54,230 [pool-1126-thread-1] INFO  server.RaftServerConfigKeys (ConfUtils.java:logGet(44)) - raft.server.snapshot.auto.trigger.enabled = true (custom)
2020-07-01 01:05:54,230 [pool-1126-thread-1] INFO  server.RaftServerConfigKeys (ConfUtils.java:logGet(44)) - raft.server.snapshot.auto.trigger.threshold = 10000 (custom)
2020-07-01 01:05:54,230 [pool-1126-thread-1] INFO  server.RaftServerConfigKeys (ConfUtils.java:logGet(44)) - raft.server.snapshot.retention.file.num = 5 (custom)
2020-07-01 01:05:54,230 [pool-1126-thread-1] INFO  server.RaftServerConfigKeys (ConfUtils.java:logGet(44)) - raft.server.log.purge.upto.snapshot.index = false (default)
2020-07-01 01:05:54,230 [pool-1126-thread-1] INFO  server.RaftServerConfigKeys (ConfUtils.java:logGet(44)) - raft.server.retrycache.expirytime = 600000ms (custom)
2020-07-01 01:05:54,230 [pool-1126-thread-1] INFO  metrics.RatisMetrics (RatisMetrics.java:lambda$create$0(36)) - Creating Metrics Registry : ratis.leader_election.5f570ae4-9456-445c-93e3-9355377d8e07@group-304D1CDEA4AC
2020-07-01 01:05:54,231 [pool-1126-thread-1] INFO  metrics.RatisMetrics (RatisMetrics.java:lambda$create$0(36)) - Creating Metrics Registry : ratis.server.5f570ae4-9456-445c-93e3-9355377d8e07@group-304D1CDEA4AC
2020-07-01 01:05:54,234 [pool-1126-thread-1] INFO  impl.RaftServerImpl (RaftServerImpl.java:start(186)) - 5f570ae4-9456-445c-93e3-9355377d8e07@group-304D1CDEA4AC: start as a follower, conf=-1: [5f570ae4-9456-445c-93e3-9355377d8e07:172.17.0.2:45527, 40524df2-78a3-4e4e-9ceb-ad6c0599eecc:172.17.0.2:36129, 69db720a-335e-417f-9e4d-9b6daaea3d10:172.17.0.2:36327], old=null
2020-07-01 01:05:54,234 [pool-1126-thread-1] INFO  impl.RaftServerImpl (RaftServerImpl.java:setRole(175)) - 5f570ae4-9456-445c-93e3-9355377d8e07@group-304D1CDEA4AC: changes role from      null to FOLLOWER at term 0 for startAsFollower
2020-07-01 01:05:54,234 [pool-1126-thread-1] INFO  impl.RoleInfo (RoleInfo.java:updateAndGet(143)) - 5f570ae4-9456-445c-93e3-9355377d8e07: start FollowerState
2020-07-01 01:05:54,234 [pool-1126-thread-1] INFO  util.JmxRegister (JmxRegister.java:tryRegister(44)) - Successfully registered JMX Bean with object name Ratis:service=RaftServer,group=group-304D1CDEA4AC,id=5f570ae4-9456-445c-93e3-9355377d8e07
2020-07-01 01:05:54,234 [pool-1126-thread-1] INFO  metrics.RatisMetrics (RatisMetrics.java:lambda$create$0(36)) - Creating Metrics Registry : ratis.state_machine.5f570ae4-9456-445c-93e3-9355377d8e07@group-304D1CDEA4AC
2020-07-01 01:05:54,241 [grpc-default-executor-1] INFO  impl.RaftServerProxy (RaftServerProxy.java:addNew(89)) - 69db720a-335e-417f-9e4d-9b6daaea3d10: addNew group-304D1CDEA4AC:[5f570ae4-9456-445c-93e3-9355377d8e07:172.17.0.2:45527, 40524df2-78a3-4e4e-9ceb-ad6c0599eecc:172.17.0.2:36129, 69db720a-335e-417f-9e4d-9b6daaea3d10:172.17.0.2:36327] returns group-304D1CDEA4AC:java.util.concurrent.CompletableFuture@4ff49ef4[Not completed]
2020-07-01 01:05:54,241 [Command processor thread] INFO  impl.RaftServerProxy (RaftServerProxy.java:addNew(89)) - 69db720a-335e-417f-9e4d-9b6daaea3d10: addNew group-3E57BA319AF7:[69db720a-335e-417f-9e4d-9b6daaea3d10:172.17.0.2:36327] returns group-3E57BA319AF7:java.util.concurrent.CompletableFuture@6ca10c0d[Not completed]
2020-07-01 01:05:54,247 [pool-1141-thread-1] INFO  impl.RaftServerImpl (RaftServerImpl.java:<init>(99)) - 69db720a-335e-417f-9e4d-9b6daaea3d10: new RaftServerImpl for group-304D1CDEA4AC:[5f570ae4-9456-445c-93e3-9355377d8e07:172.17.0.2:45527, 40524df2-78a3-4e4e-9ceb-ad6c0599eecc:172.17.0.2:36129, 69db720a-335e-417f-9e4d-9b6daaea3d10:172.17.0.2:36327] with ContainerStateMachine:uninitialized
2020-07-01 01:05:54,247 [pool-1141-thread-1] INFO  server.RaftServerConfigKeys (ConfUtils.java:logGet(44)) - raft.server.rpc.timeout.min = 5s (custom)
2020-07-01 01:05:54,247 [pool-1141-thread-1] INFO  server.RaftServerConfigKeys (ConfUtils.java:logGet(44)) - raft.server.rpc.timeout.max = 5200ms (custom)
2020-07-01 01:05:54,247 [pool-1141-thread-1] INFO  server.RaftServerConfigKeys (ConfUtils.java:logGet(44)) - raft.server.rpcslowness.timeout = 300s (custom)
2020-07-01 01:05:54,247 [pool-1141-thread-1] INFO  server.RaftServerConfigKeys (ConfUtils.java:logGet(44)) - raft.server.sleep.deviation.threshold = 300 (default)
2020-07-01 01:05:54,247 [pool-1141-thread-1] INFO  server.RaftServerConfigKeys (ConfUtils.java:logGet(44)) - raft.server.log.appender.install.snapshot.enabled = false (custom)
2020-07-01 01:05:54,247 [pool-1141-thread-1] INFO  impl.RaftServerImpl (ServerState.java:<init>(103)) - 69db720a-335e-417f-9e4d-9b6daaea3d10@group-304D1CDEA4AC: ConfigurationManager, init=-1: [5f570ae4-9456-445c-93e3-9355377d8e07:172.17.0.2:45527, 40524df2-78a3-4e4e-9ceb-ad6c0599eecc:172.17.0.2:36129, 69db720a-335e-417f-9e4d-9b6daaea3d10:172.17.0.2:36327], old=null, confs=<EMPTY_MAP>
2020-07-01 01:05:54,248 [pool-1141-thread-1] INFO  server.RaftServerConfigKeys (ConfUtils.java:logGet(44)) - raft.server.storage.dir = [/github/workspace/mnt/ozone/hadoop-ozone/integration-test/target/test-dir/MiniOzoneClusterImpl-f77758f3-7054-4a66-83a1-d2ef3e95fe09/datanode-1/data/ratis] (custom)
2020-07-01 01:05:54,248 [pool-1141-thread-1] INFO  server.RaftServerConfigKeys (ConfUtils.java:logGet(44)) - raft.server.log.corruption.policy = EXCEPTION (default)
2020-07-01 01:05:54,248 [pool-1141-thread-1] INFO  storage.RaftStorageDirectory (RaftStorageDirectory.java:analyzeStorage(261)) - The storage directory /github/workspace/mnt/ozone/hadoop-ozone/integration-test/target/test-dir/MiniOzoneClusterImpl-f77758f3-7054-4a66-83a1-d2ef3e95fe09/datanode-1/data/ratis/f1d92eae-632a-487e-abe0-304d1cdea4ac does not exist. Creating ...
2020-07-01 01:05:54,249 [pool-1141-thread-1] INFO  storage.RaftStorageDirectory (RaftStorageDirectory.java:tryLock(343)) - Lock on /github/workspace/mnt/ozone/hadoop-ozone/integration-test/target/test-dir/MiniOzoneClusterImpl-f77758f3-7054-4a66-83a1-d2ef3e95fe09/datanode-1/data/ratis/f1d92eae-632a-487e-abe0-304d1cdea4ac/in_use.lock acquired by nodename 3123@5231e4c2ab07
2020-07-01 01:05:54,250 [pool-1141-thread-1] INFO  storage.RaftStorage (RaftStorage.java:format(84)) - Storage directory /github/workspace/mnt/ozone/hadoop-ozone/integration-test/target/test-dir/MiniOzoneClusterImpl-f77758f3-7054-4a66-83a1-d2ef3e95fe09/datanode-1/data/ratis/f1d92eae-632a-487e-abe0-304d1cdea4ac has been successfully formatted.
2020-07-01 01:05:54,250 [pool-1141-thread-1] INFO  ratis.ContainerStateMachine (ContainerStateMachine.java:loadSnapshot(226)) - group-304D1CDEA4AC: The snapshot info is null. Setting the last applied indexto:(t:0, i:~)
2020-07-01 01:05:54,251 [pool-1141-thread-1] INFO  server.RaftServerConfigKeys (ConfUtils.java:logGet(44)) - raft.server.notification.no-leader.timeout = 60s (default)
2020-07-01 01:05:54,251 [EventQueue-PipelineReportForPipelineReportHandler] INFO  pipeline.PipelineStateManager (PipelineStateManager.java:openPipeline(131)) - Pipeline Pipeline[ Id: 3813fbde-8fd8-4640-b471-3e57ba319af7, Nodes: 69db720a-335e-417f-9e4d-9b6daaea3d10{ip: 172.17.0.2, host: 5231e4c2ab07, networkLocation: /default-rack, certSerialId: null}, Type:RATIS, Factor:ONE, State:ALLOCATED, leaderId:69db720a-335e-417f-9e4d-9b6daaea3d10, CreationTimestamp2020-07-01T01:05:51.242Z] moved to OPEN state
2020-07-01 01:05:54,251 [EventQueue-OpenPipelineForHealthyPipelineSafeModeRule] INFO  safemode.SCMSafeModeManager (HealthyPipelineSafeModeRule.java:process(129)) - SCM in safe mode. Healthy pipelines reported count is 0, required healthy pipeline reported count is 1
2020-07-01 01:05:54,251 [EventQueue-OpenPipelineForOneReplicaPipelineSafeModeRule] INFO  safemode.SCMSafeModeManager (SCMSafeModeManager.java:validateSafeModeExitRules(214)) - AtleastOneDatanodeReportedRule rule is successfully validated
2020-07-01 01:05:54,252 [pool-1141-thread-1] INFO  server.RaftServerConfigKeys (ConfUtils.java:logGet(44)) - raft.server.log.use.memory = false (default)
2020-07-01 01:05:54,252 [pool-1141-thread-1] INFO  server.RaftServerConfigKeys (ConfUtils.java:logGet(44)) - raft.server.log.purge.gap = 1000000 (custom)
2020-07-01 01:05:54,252 [pool-1141-thread-1] INFO  server.RaftServerConfigKeys (ConfUtils.java:logGet(44)) - raft.server.log.appender.buffer.byte-limit = 33554432 (custom)
2020-07-01 01:05:54,252 [pool-1141-thread-1] INFO  server.RaftServerConfigKeys (ConfUtils.java:logGet(44)) - raft.server.log.segment.size.max = 1048576 (custom)
2020-07-01 01:05:54,252 [pool-1141-thread-1] INFO  metrics.RatisMetrics (RatisMetrics.java:lambda$create$0(36)) - Creating Metrics Registry : ratis.log_worker.69db720a-335e-417f-9e4d-9b6daaea3d10@group-304D1CDEA4AC
2020-07-01 01:05:54,252 [pool-1141-thread-1] INFO  server.RaftServerConfigKeys (ConfUtils.java:logGet(44)) - raft.server.log.segment.cache.num.max = 2 (custom)
2020-07-01 01:05:54,252 [pool-1141-thread-1] INFO  segmented.SegmentedRaftLogWorker (SegmentedRaftLogWorker.java:<init>(180)) - new 69db720a-335e-417f-9e4d-9b6daaea3d10@group-304D1CDEA4AC-SegmentedRaftLogWorker for RaftStorage:Storage Directory /github/workspace/mnt/ozone/hadoop-ozone/integration-test/target/test-dir/MiniOzoneClusterImpl-f77758f3-7054-4a66-83a1-d2ef3e95fe09/datanode-1/data/ratis/f1d92eae-632a-487e-abe0-304d1cdea4ac
2020-07-01 01:05:54,252 [pool-1141-thread-1] INFO  server.RaftServerConfigKeys (ConfUtils.java:logGet(44)) - raft.server.log.queue.byte-limit = 2147483647 (custom)
2020-07-01 01:05:54,252 [pool-1141-thread-1] INFO  server.RaftServerConfigKeys (ConfUtils.java:logGet(44)) - raft.server.log.queue.element-limit = 1024 (custom)
2020-07-01 01:05:54,252 [pool-1141-thread-1] INFO  server.RaftServerConfigKeys (ConfUtils.java:logGet(44)) - raft.server.log.segment.size.max = 1048576 (custom)
2020-07-01 01:05:54,252 [pool-1141-thread-1] INFO  server.RaftServerConfigKeys (ConfUtils.java:logGet(44)) - raft.server.log.preallocated.size = 16384 (custom)
2020-07-01 01:05:54,252 [pool-1141-thread-1] INFO  server.RaftServerConfigKeys (ConfUtils.java:logGet(44)) - raft.server.log.write.buffer.size = 1048576 (custom)
2020-07-01 01:05:54,253 [pool-1141-thread-1] INFO  server.RaftServerConfigKeys (ConfUtils.java:logGet(44)) - raft.server.log.force.sync.num = 128 (default)
2020-07-01 01:05:54,253 [pool-1141-thread-1] INFO  server.RaftServerConfigKeys (ConfUtils.java:logGet(44)) - raft.server.log.statemachine.data.sync = true (default)
2020-07-01 01:05:54,253 [pool-1141-thread-1] INFO  server.RaftServerConfigKeys (ConfUtils.java:logGet(44)) - raft.server.log.statemachine.data.sync.timeout = 10s (default)
2020-07-01 01:05:54,253 [pool-1141-thread-1] INFO  server.RaftServerConfigKeys (ConfUtils.java:logGet(44)) - raft.server.log.statemachine.data.sync.timeout.retry = -1 (default)
2020-07-01 01:05:54,255 [pool-1141-thread-1] INFO  server.RaftServerConfigKeys (ConfUtils.java:logGet(44)) - raft.server.log.statemachine.data.caching.enabled = true (custom)
2020-07-01 01:05:54,255 [pool-1141-thread-1] INFO  segmented.SegmentedRaftLogWorker (SegmentedRaftLogWorker.java:lambda$new$0(129)) - 69db720a-335e-417f-9e4d-9b6daaea3d10@group-304D1CDEA4AC-SegmentedRaftLogWorker: flushIndex: setUnconditionally 0 -> -1
2020-07-01 01:05:54,255 [pool-1141-thread-1] INFO  segmented.SegmentedRaftLogWorker (SegmentedRaftLogWorker.java:lambda$new$0(129)) - 69db720a-335e-417f-9e4d-9b6daaea3d10@group-304D1CDEA4AC-SegmentedRaftLogWorker: safeCacheEvictIndex: setUnconditionally 0 -> -1
2020-07-01 01:05:54,256 [pool-1141-thread-1] INFO  server.RaftServerConfigKeys (ConfUtils.java:logGet(44)) - raft.server.snapshot.auto.trigger.enabled = true (custom)
2020-07-01 01:05:54,256 [pool-1141-thread-1] INFO  server.RaftServerConfigKeys (ConfUtils.java:logGet(44)) - raft.server.snapshot.auto.trigger.threshold = 10000 (custom)
2020-07-01 01:05:54,256 [pool-1141-thread-1] INFO  server.RaftServerConfigKeys (ConfUtils.java:logGet(44)) - raft.server.snapshot.retention.file.num = 5 (custom)
2020-07-01 01:05:54,256 [pool-1141-thread-1] INFO  server.RaftServerConfigKeys (ConfUtils.java:logGet(44)) - raft.server.log.purge.upto.snapshot.index = false (default)
2020-07-01 01:05:54,256 [pool-1141-thread-1] INFO  server.RaftServerConfigKeys (ConfUtils.java:logGet(44)) - raft.server.retrycache.expirytime = 600000ms (custom)
2020-07-01 01:05:54,256 [pool-1141-thread-1] INFO  metrics.RatisMetrics (RatisMetrics.java:lambda$create$0(36)) - Creating Metrics Registry : ratis.leader_election.69db720a-335e-417f-9e4d-9b6daaea3d10@group-304D1CDEA4AC
2020-07-01 01:05:54,257 [pool-1141-thread-1] INFO  metrics.RatisMetrics (RatisMetrics.java:lambda$create$0(36)) - Creating Metrics Registry : ratis.server.69db720a-335e-417f-9e4d-9b6daaea3d10@group-304D1CDEA4AC
2020-07-01 01:05:54,260 [pool-1141-thread-1] INFO  impl.RaftServerImpl (RaftServerImpl.java:<init>(99)) - 69db720a-335e-417f-9e4d-9b6daaea3d10: new RaftServerImpl for group-3E57BA319AF7:[69db720a-335e-417f-9e4d-9b6daaea3d10:172.17.0.2:36327] with ContainerStateMachine:uninitialized
2020-07-01 01:05:54,260 [pool-1141-thread-1] INFO  server.RaftServerConfigKeys (ConfUtils.java:logGet(44)) - raft.server.rpc.timeout.min = 5s (custom)
2020-07-01 01:05:54,260 [pool-1141-thread-1] INFO  server.RaftServerConfigKeys (ConfUtils.java:logGet(44)) - raft.server.rpc.timeout.max = 5200ms (custom)
2020-07-01 01:05:54,260 [pool-1141-thread-1] INFO  server.RaftServerConfigKeys (ConfUtils.java:logGet(44)) - raft.server.rpcslowness.timeout = 300s (custom)
2020-07-01 01:05:54,260 [pool-1141-thread-1] INFO  server.RaftServerConfigKeys (ConfUtils.java:logGet(44)) - raft.server.sleep.deviation.threshold = 300 (default)
2020-07-01 01:05:54,260 [pool-1141-thread-1] INFO  server.RaftServerConfigKeys (ConfUtils.java:logGet(44)) - raft.server.log.appender.install.snapshot.enabled = false (custom)
2020-07-01 01:05:54,260 [pool-1141-thread-1] INFO  impl.RaftServerImpl (ServerState.java:<init>(103)) - 69db720a-335e-417f-9e4d-9b6daaea3d10@group-3E57BA319AF7: ConfigurationManager, init=-1: [69db720a-335e-417f-9e4d-9b6daaea3d10:172.17.0.2:36327], old=null, confs=<EMPTY_MAP>
2020-07-01 01:05:54,260 [pool-1141-thread-1] INFO  server.RaftServerConfigKeys (ConfUtils.java:logGet(44)) - raft.server.storage.dir = [/github/workspace/mnt/ozone/hadoop-ozone/integration-test/target/test-dir/MiniOzoneClusterImpl-f77758f3-7054-4a66-83a1-d2ef3e95fe09/datanode-1/data/ratis] (custom)
2020-07-01 01:05:54,260 [pool-1141-thread-1] INFO  server.RaftServerConfigKeys (ConfUtils.java:logGet(44)) - raft.server.log.corruption.policy = EXCEPTION (default)
2020-07-01 01:05:54,260 [pool-1141-thread-1] INFO  storage.RaftStorageDirectory (RaftStorageDirectory.java:analyzeStorage(261)) - The storage directory /github/workspace/mnt/ozone/hadoop-ozone/integration-test/target/test-dir/MiniOzoneClusterImpl-f77758f3-7054-4a66-83a1-d2ef3e95fe09/datanode-1/data/ratis/3813fbde-8fd8-4640-b471-3e57ba319af7 does not exist. Creating ...
2020-07-01 01:05:54,261 [pool-1141-thread-1] INFO  storage.RaftStorageDirectory (RaftStorageDirectory.java:tryLock(343)) - Lock on /github/workspace/mnt/ozone/hadoop-ozone/integration-test/target/test-dir/MiniOzoneClusterImpl-f77758f3-7054-4a66-83a1-d2ef3e95fe09/datanode-1/data/ratis/3813fbde-8fd8-4640-b471-3e57ba319af7/in_use.lock acquired by nodename 3123@5231e4c2ab07
2020-07-01 01:05:54,262 [pool-1141-thread-1] INFO  storage.RaftStorage (RaftStorage.java:format(84)) - Storage directory /github/workspace/mnt/ozone/hadoop-ozone/integration-test/target/test-dir/MiniOzoneClusterImpl-f77758f3-7054-4a66-83a1-d2ef3e95fe09/datanode-1/data/ratis/3813fbde-8fd8-4640-b471-3e57ba319af7 has been successfully formatted.
2020-07-01 01:05:54,262 [pool-1141-thread-1] INFO  ratis.ContainerStateMachine (ContainerStateMachine.java:loadSnapshot(226)) - group-3E57BA319AF7: The snapshot info is null. Setting the last applied indexto:(t:0, i:~)
2020-07-01 01:05:54,262 [pool-1141-thread-1] INFO  server.RaftServerConfigKeys (ConfUtils.java:logGet(44)) - raft.server.notification.no-leader.timeout = 60s (default)
2020-07-01 01:05:54,263 [pool-1141-thread-1] INFO  server.RaftServerConfigKeys (ConfUtils.java:logGet(44)) - raft.server.log.use.memory = false (default)
2020-07-01 01:05:54,263 [pool-1141-thread-1] INFO  server.RaftServerConfigKeys (ConfUtils.java:logGet(44)) - raft.server.log.purge.gap = 1000000 (custom)
2020-07-01 01:05:54,263 [pool-1141-thread-1] INFO  server.RaftServerConfigKeys (ConfUtils.java:logGet(44)) - raft.server.log.appender.buffer.byte-limit = 33554432 (custom)
2020-07-01 01:05:54,263 [pool-1141-thread-1] INFO  server.RaftServerConfigKeys (ConfUtils.java:logGet(44)) - raft.server.log.segment.size.max = 1048576 (custom)
2020-07-01 01:05:54,263 [pool-1141-thread-1] INFO  metrics.RatisMetrics (RatisMetrics.java:lambda$create$0(36)) - Creating Metrics Registry : ratis.log_worker.69db720a-335e-417f-9e4d-9b6daaea3d10@group-3E57BA319AF7
2020-07-01 01:05:54,263 [pool-1141-thread-1] INFO  server.RaftServerConfigKeys (ConfUtils.java:logGet(44)) - raft.server.log.segment.cache.num.max = 2 (custom)
2020-07-01 01:05:54,263 [pool-1141-thread-1] INFO  segmented.SegmentedRaftLogWorker (SegmentedRaftLogWorker.java:<init>(180)) - new 69db720a-335e-417f-9e4d-9b6daaea3d10@group-3E57BA319AF7-SegmentedRaftLogWorker for RaftStorage:Storage Directory /github/workspace/mnt/ozone/hadoop-ozone/integration-test/target/test-dir/MiniOzoneClusterImpl-f77758f3-7054-4a66-83a1-d2ef3e95fe09/datanode-1/data/ratis/3813fbde-8fd8-4640-b471-3e57ba319af7
2020-07-01 01:05:54,263 [pool-1141-thread-1] INFO  server.RaftServerConfigKeys (ConfUtils.java:logGet(44)) - raft.server.log.queue.byte-limit = 2147483647 (custom)
2020-07-01 01:05:54,264 [pool-1141-thread-1] INFO  server.RaftServerConfigKeys (ConfUtils.java:logGet(44)) - raft.server.log.queue.element-limit = 1024 (custom)
2020-07-01 01:05:54,264 [pool-1141-thread-1] INFO  server.RaftServerConfigKeys (ConfUtils.java:logGet(44)) - raft.server.log.segment.size.max = 1048576 (custom)
2020-07-01 01:05:54,264 [pool-1141-thread-1] INFO  server.RaftServerConfigKeys (ConfUtils.java:logGet(44)) - raft.server.log.preallocated.size = 16384 (custom)
2020-07-01 01:05:54,264 [pool-1141-thread-1] INFO  server.RaftServerConfigKeys (ConfUtils.java:logGet(44)) - raft.server.log.write.buffer.size = 1048576 (custom)
2020-07-01 01:05:54,264 [pool-1141-thread-1] INFO  server.RaftServerConfigKeys (ConfUtils.java:logGet(44)) - raft.server.log.force.sync.num = 128 (default)
2020-07-01 01:05:54,264 [pool-1141-thread-1] INFO  server.RaftServerConfigKeys (ConfUtils.java:logGet(44)) - raft.server.log.statemachine.data.sync = true (default)
2020-07-01 01:05:54,264 [pool-1141-thread-1] INFO  server.RaftServerConfigKeys (ConfUtils.java:logGet(44)) - raft.server.log.statemachine.data.sync.timeout = 10s (default)
2020-07-01 01:05:54,264 [pool-1141-thread-1] INFO  server.RaftServerConfigKeys (ConfUtils.java:logGet(44)) - raft.server.log.statemachine.data.sync.timeout.retry = -1 (default)
2020-07-01 01:05:54,267 [pool-1141-thread-1] INFO  server.RaftServerConfigKeys (ConfUtils.java:logGet(44)) - raft.server.log.statemachine.data.caching.enabled = true (custom)
2020-07-01 01:05:54,267 [pool-1141-thread-1] INFO  segmented.SegmentedRaftLogWorker (SegmentedRaftLogWorker.java:lambda$new$0(129)) - 69db720a-335e-417f-9e4d-9b6daaea3d10@group-3E57BA319AF7-SegmentedRaftLogWorker: flushIndex: setUnconditionally 0 -> -1
2020-07-01 01:05:54,267 [pool-1141-thread-1] INFO  segmented.SegmentedRaftLogWorker (SegmentedRaftLogWorker.java:lambda$new$0(129)) - 69db720a-335e-417f-9e4d-9b6daaea3d10@group-3E57BA319AF7-SegmentedRaftLogWorker: safeCacheEvictIndex: setUnconditionally 0 -> -1
2020-07-01 01:05:54,268 [pool-1141-thread-1] INFO  server.RaftServerConfigKeys (ConfUtils.java:logGet(44)) - raft.server.snapshot.auto.trigger.enabled = true (custom)
2020-07-01 01:05:54,268 [pool-1141-thread-1] INFO  server.RaftServerConfigKeys (ConfUtils.java:logGet(44)) - raft.server.snapshot.auto.trigger.threshold = 10000 (custom)
2020-07-01 01:05:54,268 [pool-1141-thread-1] INFO  server.RaftServerConfigKeys (ConfUtils.java:logGet(44)) - raft.server.snapshot.retention.file.num = 5 (custom)
2020-07-01 01:05:54,268 [pool-1141-thread-1] INFO  server.RaftServerConfigKeys (ConfUtils.java:logGet(44)) - raft.server.log.purge.upto.snapshot.index = false (default)
2020-07-01 01:05:54,268 [pool-1141-thread-1] INFO  server.RaftServerConfigKeys (ConfUtils.java:logGet(44)) - raft.server.retrycache.expirytime = 600000ms (custom)
2020-07-01 01:05:54,268 [pool-1141-thread-1] INFO  metrics.RatisMetrics (RatisMetrics.java:lambda$create$0(36)) - Creating Metrics Registry : ratis.leader_election.69db720a-335e-417f-9e4d-9b6daaea3d10@group-3E57BA319AF7
2020-07-01 01:05:54,269 [pool-1141-thread-1] INFO  metrics.RatisMetrics (RatisMetrics.java:lambda$create$0(36)) - Creating Metrics Registry : ratis.server.69db720a-335e-417f-9e4d-9b6daaea3d10@group-3E57BA319AF7
2020-07-01 01:05:54,271 [pool-1141-thread-1] INFO  impl.RaftServerImpl (RaftServerImpl.java:start(186)) - 69db720a-335e-417f-9e4d-9b6daaea3d10@group-304D1CDEA4AC: start as a follower, conf=-1: [5f570ae4-9456-445c-93e3-9355377d8e07:172.17.0.2:45527, 40524df2-78a3-4e4e-9ceb-ad6c0599eecc:172.17.0.2:36129, 69db720a-335e-417f-9e4d-9b6daaea3d10:172.17.0.2:36327], old=null
2020-07-01 01:05:54,271 [pool-1141-thread-1] INFO  impl.RaftServerImpl (RaftServerImpl.java:setRole(175)) - 69db720a-335e-417f-9e4d-9b6daaea3d10@group-304D1CDEA4AC: changes role from      null to FOLLOWER at term 0 for startAsFollower
2020-07-01 01:05:54,271 [pool-1141-thread-1] INFO  impl.RoleInfo (RoleInfo.java:updateAndGet(143)) - 69db720a-335e-417f-9e4d-9b6daaea3d10: start FollowerState
2020-07-01 01:05:54,272 [pool-1141-thread-1] INFO  util.JmxRegister (JmxRegister.java:tryRegister(44)) - Successfully registered JMX Bean with object name Ratis:service=RaftServer,group=group-304D1CDEA4AC,id=69db720a-335e-417f-9e4d-9b6daaea3d10
2020-07-01 01:05:54,272 [pool-1141-thread-1] INFO  metrics.RatisMetrics (RatisMetrics.java:lambda$create$0(36)) - Creating Metrics Registry : ratis.state_machine.69db720a-335e-417f-9e4d-9b6daaea3d10@group-304D1CDEA4AC
2020-07-01 01:05:54,273 [pool-1141-thread-1] INFO  impl.RaftServerImpl (RaftServerImpl.java:start(186)) - 69db720a-335e-417f-9e4d-9b6daaea3d10@group-3E57BA319AF7: start as a follower, conf=-1: [69db720a-335e-417f-9e4d-9b6daaea3d10:172.17.0.2:36327], old=null
2020-07-01 01:05:54,273 [pool-1141-thread-1] INFO  impl.RaftServerImpl (RaftServerImpl.java:setRole(175)) - 69db720a-335e-417f-9e4d-9b6daaea3d10@group-3E57BA319AF7: changes role from      null to FOLLOWER at term 0 for startAsFollower
2020-07-01 01:05:54,273 [pool-1141-thread-1] INFO  impl.RoleInfo (RoleInfo.java:updateAndGet(143)) - 69db720a-335e-417f-9e4d-9b6daaea3d10: start FollowerState
2020-07-01 01:05:54,278 [pool-1141-thread-1] INFO  util.JmxRegister (JmxRegister.java:tryRegister(44)) - Successfully registered JMX Bean with object name Ratis:service=RaftServer,group=group-3E57BA319AF7,id=69db720a-335e-417f-9e4d-9b6daaea3d10
2020-07-01 01:05:54,278 [pool-1141-thread-1] INFO  metrics.RatisMetrics (RatisMetrics.java:lambda$create$0(36)) - Creating Metrics Registry : ratis.state_machine.69db720a-335e-417f-9e4d-9b6daaea3d10@group-3E57BA319AF7
2020-07-01 01:05:54,279 [Listener at 127.0.0.1/11872] INFO  ozone.MiniOzoneClusterImpl (MiniOzoneClusterImpl.java:lambda$waitForClusterToBeReady$0(177)) - Nodes are ready. Got 3 of 3 DN Heartbeats.
2020-07-01 01:05:54,279 [Listener at 127.0.0.1/11872] INFO  ozone.MiniOzoneClusterImpl (MiniOzoneClusterImpl.java:lambda$waitForClusterToBeReady$0(180)) - Waiting for cluster to exit safe mode
2020-07-01 01:05:54,280 [Command processor thread] INFO  commandhandler.CreatePipelineCommandHandler (CreatePipelineCommandHandler.java:handle(109)) - Created Pipeline RATIS ONE #id: "3813fbde-8fd8-4640-b471-3e57ba319af7"
.
2020-07-01 01:05:54,285 [Command processor thread] INFO  impl.RaftServerProxy (RaftServerProxy.java:addNew(89)) - 40524df2-78a3-4e4e-9ceb-ad6c0599eecc: addNew group-72BF283FA841:[40524df2-78a3-4e4e-9ceb-ad6c0599eecc:172.17.0.2:36129] returns group-72BF283FA841:java.util.concurrent.CompletableFuture@1d825e9d[Not completed]
2020-07-01 01:05:54,286 [pool-1156-thread-1] INFO  impl.RaftServerImpl (RaftServerImpl.java:<init>(99)) - 40524df2-78a3-4e4e-9ceb-ad6c0599eecc: new RaftServerImpl for group-72BF283FA841:[40524df2-78a3-4e4e-9ceb-ad6c0599eecc:172.17.0.2:36129] with ContainerStateMachine:uninitialized
2020-07-01 01:05:54,286 [pool-1156-thread-1] INFO  server.RaftServerConfigKeys (ConfUtils.java:logGet(44)) - raft.server.rpc.timeout.min = 5s (custom)
2020-07-01 01:05:54,286 [pool-1156-thread-1] INFO  server.RaftServerConfigKeys (ConfUtils.java:logGet(44)) - raft.server.rpc.timeout.max = 5200ms (custom)
2020-07-01 01:05:54,286 [pool-1156-thread-1] INFO  server.RaftServerConfigKeys (ConfUtils.java:logGet(44)) - raft.server.rpcslowness.timeout = 300s (custom)
2020-07-01 01:05:54,286 [pool-1156-thread-1] INFO  server.RaftServerConfigKeys (ConfUtils.java:logGet(44)) - raft.server.sleep.deviation.threshold = 300 (default)
2020-07-01 01:05:54,286 [pool-1156-thread-1] INFO  server.RaftServerConfigKeys (ConfUtils.java:logGet(44)) - raft.server.log.appender.install.snapshot.enabled = false (custom)
2020-07-01 01:05:54,286 [pool-1156-thread-1] INFO  impl.RaftServerImpl (ServerState.java:<init>(103)) - 40524df2-78a3-4e4e-9ceb-ad6c0599eecc@group-72BF283FA841: ConfigurationManager, init=-1: [40524df2-78a3-4e4e-9ceb-ad6c0599eecc:172.17.0.2:36129], old=null, confs=<EMPTY_MAP>
2020-07-01 01:05:54,287 [pool-1156-thread-1] INFO  server.RaftServerConfigKeys (ConfUtils.java:logGet(44)) - raft.server.storage.dir = [/github/workspace/mnt/ozone/hadoop-ozone/integration-test/target/test-dir/MiniOzoneClusterImpl-f77758f3-7054-4a66-83a1-d2ef3e95fe09/datanode-2/data/ratis] (custom)
2020-07-01 01:05:54,288 [pool-1156-thread-1] INFO  server.RaftServerConfigKeys (ConfUtils.java:logGet(44)) - raft.server.log.corruption.policy = EXCEPTION (default)
2020-07-01 01:05:54,288 [pool-1156-thread-1] INFO  storage.RaftStorageDirectory (RaftStorageDirectory.java:analyzeStorage(261)) - The storage directory /github/workspace/mnt/ozone/hadoop-ozone/integration-test/target/test-dir/MiniOzoneClusterImpl-f77758f3-7054-4a66-83a1-d2ef3e95fe09/datanode-2/data/ratis/e1343460-3814-4b7d-87f8-72bf283fa841 does not exist. Creating ...
2020-07-01 01:05:54,290 [pool-1156-thread-1] INFO  storage.RaftStorageDirectory (RaftStorageDirectory.java:tryLock(343)) - Lock on /github/workspace/mnt/ozone/hadoop-ozone/integration-test/target/test-dir/MiniOzoneClusterImpl-f77758f3-7054-4a66-83a1-d2ef3e95fe09/datanode-2/data/ratis/e1343460-3814-4b7d-87f8-72bf283fa841/in_use.lock acquired by nodename 3123@5231e4c2ab07
2020-07-01 01:05:54,290 [grpc-default-executor-1] INFO  impl.RaftServerProxy (RaftServerProxy.java:addNew(89)) - 40524df2-78a3-4e4e-9ceb-ad6c0599eecc: addNew group-304D1CDEA4AC:[5f570ae4-9456-445c-93e3-9355377d8e07:172.17.0.2:45527, 40524df2-78a3-4e4e-9ceb-ad6c0599eecc:172.17.0.2:36129, 69db720a-335e-417f-9e4d-9b6daaea3d10:172.17.0.2:36327] returns group-304D1CDEA4AC:java.util.concurrent.CompletableFuture@45c4ad4a[Not completed]
2020-07-01 01:05:54,291 [pool-1156-thread-1] INFO  storage.RaftStorage (RaftStorage.java:format(84)) - Storage directory /github/workspace/mnt/ozone/hadoop-ozone/integration-test/target/test-dir/MiniOzoneClusterImpl-f77758f3-7054-4a66-83a1-d2ef3e95fe09/datanode-2/data/ratis/e1343460-3814-4b7d-87f8-72bf283fa841 has been successfully formatted.
2020-07-01 01:05:54,292 [EventQueue-PipelineReportForPipelineReportHandler] INFO  pipeline.PipelineStateManager (PipelineStateManager.java:openPipeline(131)) - Pipeline Pipeline[ Id: e1343460-3814-4b7d-87f8-72bf283fa841, Nodes: 40524df2-78a3-4e4e-9ceb-ad6c0599eecc{ip: 172.17.0.2, host: 5231e4c2ab07, networkLocation: /default-rack, certSerialId: null}, Type:RATIS, Factor:ONE, State:ALLOCATED, leaderId:40524df2-78a3-4e4e-9ceb-ad6c0599eecc, CreationTimestamp2020-07-01T01:05:51.277Z] moved to OPEN state
2020-07-01 01:05:54,292 [EventQueue-OpenPipelineForHealthyPipelineSafeModeRule] INFO  safemode.SCMSafeModeManager (HealthyPipelineSafeModeRule.java:process(129)) - SCM in safe mode. Healthy pipelines reported count is 0, required healthy pipeline reported count is 1
2020-07-01 01:05:54,292 [EventQueue-OpenPipelineForOneReplicaPipelineSafeModeRule] INFO  safemode.SCMSafeModeManager (SCMSafeModeManager.java:validateSafeModeExitRules(214)) - AtleastOneDatanodeReportedRule rule is successfully validated
2020-07-01 01:05:54,293 [pool-1156-thread-1] INFO  ratis.ContainerStateMachine (ContainerStateMachine.java:loadSnapshot(226)) - group-72BF283FA841: The snapshot info is null. Setting the last applied indexto:(t:0, i:~)
2020-07-01 01:05:54,293 [pool-1156-thread-1] INFO  server.RaftServerConfigKeys (ConfUtils.java:logGet(44)) - raft.server.notification.no-leader.timeout = 60s (default)
2020-07-01 01:05:54,293 [pool-1156-thread-1] INFO  server.RaftServerConfigKeys (ConfUtils.java:logGet(44)) - raft.server.log.use.memory = false (default)
2020-07-01 01:05:54,293 [pool-1156-thread-1] INFO  server.RaftServerConfigKeys (ConfUtils.java:logGet(44)) - raft.server.log.purge.gap = 1000000 (custom)
2020-07-01 01:05:54,293 [pool-1156-thread-1] INFO  server.RaftServerConfigKeys (ConfUtils.java:logGet(44)) - raft.server.log.appender.buffer.byte-limit = 33554432 (custom)
2020-07-01 01:05:54,293 [pool-1156-thread-1] INFO  server.RaftServerConfigKeys (ConfUtils.java:logGet(44)) - raft.server.log.segment.size.max = 1048576 (custom)
2020-07-01 01:05:54,293 [pool-1156-thread-1] INFO  metrics.RatisMetrics (RatisMetrics.java:lambda$create$0(36)) - Creating Metrics Registry : ratis.log_worker.40524df2-78a3-4e4e-9ceb-ad6c0599eecc@group-72BF283FA841
2020-07-01 01:05:54,293 [pool-1156-thread-1] INFO  server.RaftServerConfigKeys (ConfUtils.java:logGet(44)) - raft.server.log.segment.cache.num.max = 2 (custom)
2020-07-01 01:05:54,293 [pool-1156-thread-1] INFO  segmented.SegmentedRaftLogWorker (SegmentedRaftLogWorker.java:<init>(180)) - new 40524df2-78a3-4e4e-9ceb-ad6c0599eecc@group-72BF283FA841-SegmentedRaftLogWorker for RaftStorage:Storage Directory /github/workspace/mnt/ozone/hadoop-ozone/integration-test/target/test-dir/MiniOzoneClusterImpl-f77758f3-7054-4a66-83a1-d2ef3e95fe09/datanode-2/data/ratis/e1343460-3814-4b7d-87f8-72bf283fa841
2020-07-01 01:05:54,293 [pool-1156-thread-1] INFO  server.RaftServerConfigKeys (ConfUtils.java:logGet(44)) - raft.server.log.queue.byte-limit = 2147483647 (custom)
2020-07-01 01:05:54,293 [pool-1156-thread-1] INFO  server.RaftServerConfigKeys (ConfUtils.java:logGet(44)) - raft.server.log.queue.element-limit = 1024 (custom)
2020-07-01 01:05:54,293 [pool-1156-thread-1] INFO  server.RaftServerConfigKeys (ConfUtils.java:logGet(44)) - raft.server.log.segment.size.max = 1048576 (custom)
2020-07-01 01:05:54,293 [pool-1156-thread-1] INFO  server.RaftServerConfigKeys (ConfUtils.java:logGet(44)) - raft.server.log.preallocated.size = 16384 (custom)
2020-07-01 01:05:54,294 [pool-1156-thread-1] INFO  server.RaftServerConfigKeys (ConfUtils.java:logGet(44)) - raft.server.log.write.buffer.size = 1048576 (custom)
2020-07-01 01:05:54,294 [pool-1156-thread-1] INFO  server.RaftServerConfigKeys (ConfUtils.java:logGet(44)) - raft.server.log.force.sync.num = 128 (default)
2020-07-01 01:05:54,294 [pool-1156-thread-1] INFO  server.RaftServerConfigKeys (ConfUtils.java:logGet(44)) - raft.server.log.statemachine.data.sync = true (default)
2020-07-01 01:05:54,294 [pool-1156-thread-1] INFO  server.RaftServerConfigKeys (ConfUtils.java:logGet(44)) - raft.server.log.statemachine.data.sync.timeout = 10s (default)
2020-07-01 01:05:54,294 [pool-1156-thread-1] INFO  server.RaftServerConfigKeys (ConfUtils.java:logGet(44)) - raft.server.log.statemachine.data.sync.timeout.retry = -1 (default)
2020-07-01 01:05:54,297 [pool-1156-thread-1] INFO  server.RaftServerConfigKeys (ConfUtils.java:logGet(44)) - raft.server.log.statemachine.data.caching.enabled = true (custom)
2020-07-01 01:05:54,297 [pool-1156-thread-1] INFO  segmented.SegmentedRaftLogWorker (SegmentedRaftLogWorker.java:lambda$new$0(129)) - 40524df2-78a3-4e4e-9ceb-ad6c0599eecc@group-72BF283FA841-SegmentedRaftLogWorker: flushIndex: setUnconditionally 0 -> -1
2020-07-01 01:05:54,297 [pool-1156-thread-1] INFO  segmented.SegmentedRaftLogWorker (SegmentedRaftLogWorker.java:lambda$new$0(129)) - 40524df2-78a3-4e4e-9ceb-ad6c0599eecc@group-72BF283FA841-SegmentedRaftLogWorker: safeCacheEvictIndex: setUnconditionally 0 -> -1
2020-07-01 01:05:54,300 [pool-1156-thread-1] INFO  server.RaftServerConfigKeys (ConfUtils.java:logGet(44)) - raft.server.snapshot.auto.trigger.enabled = true (custom)
2020-07-01 01:05:54,300 [pool-1156-thread-1] INFO  server.RaftServerConfigKeys (ConfUtils.java:logGet(44)) - raft.server.snapshot.auto.trigger.threshold = 10000 (custom)
2020-07-01 01:05:54,301 [pool-1156-thread-1] INFO  server.RaftServerConfigKeys (ConfUtils.java:logGet(44)) - raft.server.snapshot.retention.file.num = 5 (custom)
2020-07-01 01:05:54,301 [pool-1156-thread-1] INFO  server.RaftServerConfigKeys (ConfUtils.java:logGet(44)) - raft.server.log.purge.upto.snapshot.index = false (default)
2020-07-01 01:05:54,301 [pool-1156-thread-1] INFO  server.RaftServerConfigKeys (ConfUtils.java:logGet(44)) - raft.server.retrycache.expirytime = 600000ms (custom)
2020-07-01 01:05:54,301 [pool-1156-thread-1] INFO  metrics.RatisMetrics (RatisMetrics.java:lambda$create$0(36)) - Creating Metrics Registry : ratis.leader_election.40524df2-78a3-4e4e-9ceb-ad6c0599eecc@group-72BF283FA841
2020-07-01 01:05:54,302 [pool-1156-thread-1] INFO  metrics.RatisMetrics (RatisMetrics.java:lambda$create$0(36)) - Creating Metrics Registry : ratis.server.40524df2-78a3-4e4e-9ceb-ad6c0599eecc@group-72BF283FA841
2020-07-01 01:05:54,304 [pool-1156-thread-1] INFO  impl.RaftServerImpl (RaftServerImpl.java:<init>(99)) - 40524df2-78a3-4e4e-9ceb-ad6c0599eecc: new RaftServerImpl for group-304D1CDEA4AC:[5f570ae4-9456-445c-93e3-9355377d8e07:172.17.0.2:45527, 40524df2-78a3-4e4e-9ceb-ad6c0599eecc:172.17.0.2:36129, 69db720a-335e-417f-9e4d-9b6daaea3d10:172.17.0.2:36327] with ContainerStateMachine:uninitialized
2020-07-01 01:05:54,304 [pool-1156-thread-1] INFO  server.RaftServerConfigKeys (ConfUtils.java:logGet(44)) - raft.server.rpc.timeout.min = 5s (custom)
2020-07-01 01:05:54,305 [pool-1156-thread-1] INFO  server.RaftServerConfigKeys (ConfUtils.java:logGet(44)) - raft.server.rpc.timeout.max = 5200ms (custom)
2020-07-01 01:05:54,305 [pool-1156-thread-1] INFO  server.RaftServerConfigKeys (ConfUtils.java:logGet(44)) - raft.server.rpcslowness.timeout = 300s (custom)
2020-07-01 01:05:54,305 [pool-1156-thread-1] INFO  server.RaftServerConfigKeys (ConfUtils.java:logGet(44)) - raft.server.sleep.deviation.threshold = 300 (default)
2020-07-01 01:05:54,305 [pool-1156-thread-1] INFO  server.RaftServerConfigKeys (ConfUtils.java:logGet(44)) - raft.server.log.appender.install.snapshot.enabled = false (custom)
2020-07-01 01:05:54,305 [pool-1156-thread-1] INFO  impl.RaftServerImpl (ServerState.java:<init>(103)) - 40524df2-78a3-4e4e-9ceb-ad6c0599eecc@group-304D1CDEA4AC: ConfigurationManager, init=-1: [5f570ae4-9456-445c-93e3-9355377d8e07:172.17.0.2:45527, 40524df2-78a3-4e4e-9ceb-ad6c0599eecc:172.17.0.2:36129, 69db720a-335e-417f-9e4d-9b6daaea3d10:172.17.0.2:36327], old=null, confs=<EMPTY_MAP>
2020-07-01 01:05:54,305 [pool-1156-thread-1] INFO  server.RaftServerConfigKeys (ConfUtils.java:logGet(44)) - raft.server.storage.dir = [/github/workspace/mnt/ozone/hadoop-ozone/integration-test/target/test-dir/MiniOzoneClusterImpl-f77758f3-7054-4a66-83a1-d2ef3e95fe09/datanode-2/data/ratis] (custom)
2020-07-01 01:05:54,305 [pool-1156-thread-1] INFO  server.RaftServerConfigKeys (ConfUtils.java:logGet(44)) - raft.server.log.corruption.policy = EXCEPTION (default)
2020-07-01 01:05:54,305 [pool-1156-thread-1] INFO  storage.RaftStorageDirectory (RaftStorageDirectory.java:analyzeStorage(261)) - The storage directory /github/workspace/mnt/ozone/hadoop-ozone/integration-test/target/test-dir/MiniOzoneClusterImpl-f77758f3-7054-4a66-83a1-d2ef3e95fe09/datanode-2/data/ratis/f1d92eae-632a-487e-abe0-304d1cdea4ac does not exist. Creating ...
2020-07-01 01:05:54,306 [pool-1156-thread-1] INFO  storage.RaftStorageDirectory (RaftStorageDirectory.java:tryLock(343)) - Lock on /github/workspace/mnt/ozone/hadoop-ozone/integration-test/target/test-dir/MiniOzoneClusterImpl-f77758f3-7054-4a66-83a1-d2ef3e95fe09/datanode-2/data/ratis/f1d92eae-632a-487e-abe0-304d1cdea4ac/in_use.lock acquired by nodename 3123@5231e4c2ab07
2020-07-01 01:05:54,307 [pool-1156-thread-1] INFO  storage.RaftStorage (RaftStorage.java:format(84)) - Storage directory /github/workspace/mnt/ozone/hadoop-ozone/integration-test/target/test-dir/MiniOzoneClusterImpl-f77758f3-7054-4a66-83a1-d2ef3e95fe09/datanode-2/data/ratis/f1d92eae-632a-487e-abe0-304d1cdea4ac has been successfully formatted.
2020-07-01 01:05:54,307 [pool-1156-thread-1] INFO  ratis.ContainerStateMachine (ContainerStateMachine.java:loadSnapshot(226)) - group-304D1CDEA4AC: The snapshot info is null. Setting the last applied indexto:(t:0, i:~)
2020-07-01 01:05:54,307 [pool-1156-thread-1] INFO  server.RaftServerConfigKeys (ConfUtils.java:logGet(44)) - raft.server.notification.no-leader.timeout = 60s (default)
2020-07-01 01:05:54,307 [pool-1156-thread-1] INFO  server.RaftServerConfigKeys (ConfUtils.java:logGet(44)) - raft.server.log.use.memory = false (default)
2020-07-01 01:05:54,307 [pool-1156-thread-1] INFO  server.RaftServerConfigKeys (ConfUtils.java:logGet(44)) - raft.server.log.purge.gap = 1000000 (custom)
2020-07-01 01:05:54,307 [pool-1156-thread-1] INFO  server.RaftServerConfigKeys (ConfUtils.java:logGet(44)) - raft.server.log.appender.buffer.byte-limit = 33554432 (custom)
2020-07-01 01:05:54,308 [pool-1156-thread-1] INFO  server.RaftServerConfigKeys (ConfUtils.java:logGet(44)) - raft.server.log.segment.size.max = 1048576 (custom)
2020-07-01 01:05:54,308 [pool-1156-thread-1] INFO  metrics.RatisMetrics (RatisMetrics.java:lambda$create$0(36)) - Creating Metrics Registry : ratis.log_worker.40524df2-78a3-4e4e-9ceb-ad6c0599eecc@group-304D1CDEA4AC
2020-07-01 01:05:54,308 [pool-1156-thread-1] INFO  server.RaftServerConfigKeys (ConfUtils.java:logGet(44)) - raft.server.log.segment.cache.num.max = 2 (custom)
2020-07-01 01:05:54,308 [pool-1156-thread-1] INFO  segmented.SegmentedRaftLogWorker (SegmentedRaftLogWorker.java:<init>(180)) - new 40524df2-78a3-4e4e-9ceb-ad6c0599eecc@group-304D1CDEA4AC-SegmentedRaftLogWorker for RaftStorage:Storage Directory /github/workspace/mnt/ozone/hadoop-ozone/integration-test/target/test-dir/MiniOzoneClusterImpl-f77758f3-7054-4a66-83a1-d2ef3e95fe09/datanode-2/data/ratis/f1d92eae-632a-487e-abe0-304d1cdea4ac
2020-07-01 01:05:54,308 [pool-1156-thread-1] INFO  server.RaftServerConfigKeys (ConfUtils.java:logGet(44)) - raft.server.log.queue.byte-limit = 2147483647 (custom)
2020-07-01 01:05:54,308 [pool-1156-thread-1] INFO  server.RaftServerConfigKeys (ConfUtils.java:logGet(44)) - raft.server.log.queue.element-limit = 1024 (custom)
2020-07-01 01:05:54,308 [pool-1156-thread-1] INFO  server.RaftServerConfigKeys (ConfUtils.java:logGet(44)) - raft.server.log.segment.size.max = 1048576 (custom)
2020-07-01 01:05:54,308 [pool-1156-thread-1] INFO  server.RaftServerConfigKeys (ConfUtils.java:logGet(44)) - raft.server.log.preallocated.size = 16384 (custom)
2020-07-01 01:05:54,308 [pool-1156-thread-1] INFO  server.RaftServerConfigKeys (ConfUtils.java:logGet(44)) - raft.server.log.write.buffer.size = 1048576 (custom)
2020-07-01 01:05:54,308 [pool-1156-thread-1] INFO  server.RaftServerConfigKeys (ConfUtils.java:logGet(44)) - raft.server.log.force.sync.num = 128 (default)
2020-07-01 01:05:54,308 [pool-1156-thread-1] INFO  server.RaftServerConfigKeys (ConfUtils.java:logGet(44)) - raft.server.log.statemachine.data.sync = true (default)
2020-07-01 01:05:54,308 [pool-1156-thread-1] INFO  server.RaftServerConfigKeys (ConfUtils.java:logGet(44)) - raft.server.log.statemachine.data.sync.timeout = 10s (default)
2020-07-01 01:05:54,308 [pool-1156-thread-1] INFO  server.RaftServerConfigKeys (ConfUtils.java:logGet(44)) - raft.server.log.statemachine.data.sync.timeout.retry = -1 (default)
2020-07-01 01:05:54,311 [pool-1156-thread-1] INFO  server.RaftServerConfigKeys (ConfUtils.java:logGet(44)) - raft.server.log.statemachine.data.caching.enabled = true (custom)
2020-07-01 01:05:54,311 [pool-1156-thread-1] INFO  segmented.SegmentedRaftLogWorker (SegmentedRaftLogWorker.java:lambda$new$0(129)) - 40524df2-78a3-4e4e-9ceb-ad6c0599eecc@group-304D1CDEA4AC-SegmentedRaftLogWorker: flushIndex: setUnconditionally 0 -> -1
2020-07-01 01:05:54,311 [pool-1156-thread-1] INFO  segmented.SegmentedRaftLogWorker (SegmentedRaftLogWorker.java:lambda$new$0(129)) - 40524df2-78a3-4e4e-9ceb-ad6c0599eecc@group-304D1CDEA4AC-SegmentedRaftLogWorker: safeCacheEvictIndex: setUnconditionally 0 -> -1
2020-07-01 01:05:54,311 [pool-1156-thread-1] INFO  server.RaftServerConfigKeys (ConfUtils.java:logGet(44)) - raft.server.snapshot.auto.trigger.enabled = true (custom)
2020-07-01 01:05:54,311 [pool-1156-thread-1] INFO  server.RaftServerConfigKeys (ConfUtils.java:logGet(44)) - raft.server.snapshot.auto.trigger.threshold = 10000 (custom)
2020-07-01 01:05:54,311 [pool-1156-thread-1] INFO  server.RaftServerConfigKeys (ConfUtils.java:logGet(44)) - raft.server.snapshot.retention.file.num = 5 (custom)
2020-07-01 01:05:54,311 [pool-1156-thread-1] INFO  server.RaftServerConfigKeys (ConfUtils.java:logGet(44)) - raft.server.log.purge.upto.snapshot.index = false (default)
2020-07-01 01:05:54,312 [pool-1156-thread-1] INFO  server.RaftServerConfigKeys (ConfUtils.java:logGet(44)) - raft.server.retrycache.expirytime = 600000ms (custom)
2020-07-01 01:05:54,312 [pool-1156-thread-1] INFO  metrics.RatisMetrics (RatisMetrics.java:lambda$create$0(36)) - Creating Metrics Registry : ratis.leader_election.40524df2-78a3-4e4e-9ceb-ad6c0599eecc@group-304D1CDEA4AC
2020-07-01 01:05:54,313 [pool-1156-thread-1] INFO  metrics.RatisMetrics (RatisMetrics.java:lambda$create$0(36)) - Creating Metrics Registry : ratis.server.40524df2-78a3-4e4e-9ceb-ad6c0599eecc@group-304D1CDEA4AC
2020-07-01 01:05:54,315 [pool-1156-thread-1] INFO  impl.RaftServerImpl (RaftServerImpl.java:start(186)) - 40524df2-78a3-4e4e-9ceb-ad6c0599eecc@group-72BF283FA841: start as a follower, conf=-1: [40524df2-78a3-4e4e-9ceb-ad6c0599eecc:172.17.0.2:36129], old=null
2020-07-01 01:05:54,315 [pool-1156-thread-1] INFO  impl.RaftServerImpl (RaftServerImpl.java:setRole(175)) - 40524df2-78a3-4e4e-9ceb-ad6c0599eecc@group-72BF283FA841: changes role from      null to FOLLOWER at term 0 for startAsFollower
2020-07-01 01:05:54,315 [pool-1156-thread-1] INFO  impl.RoleInfo (RoleInfo.java:updateAndGet(143)) - 40524df2-78a3-4e4e-9ceb-ad6c0599eecc: start FollowerState
2020-07-01 01:05:54,315 [pool-1156-thread-1] INFO  util.JmxRegister (JmxRegister.java:tryRegister(44)) - Successfully registered JMX Bean with object name Ratis:service=RaftServer,group=group-72BF283FA841,id=40524df2-78a3-4e4e-9ceb-ad6c0599eecc
2020-07-01 01:05:54,315 [pool-1156-thread-1] INFO  metrics.RatisMetrics (RatisMetrics.java:lambda$create$0(36)) - Creating Metrics Registry : ratis.state_machine.40524df2-78a3-4e4e-9ceb-ad6c0599eecc@group-72BF283FA841
2020-07-01 01:05:54,316 [pool-1156-thread-1] INFO  impl.RaftServerImpl (RaftServerImpl.java:start(186)) - 40524df2-78a3-4e4e-9ceb-ad6c0599eecc@group-304D1CDEA4AC: start as a follower, conf=-1: [5f570ae4-9456-445c-93e3-9355377d8e07:172.17.0.2:45527, 40524df2-78a3-4e4e-9ceb-ad6c0599eecc:172.17.0.2:36129, 69db720a-335e-417f-9e4d-9b6daaea3d10:172.17.0.2:36327], old=null
2020-07-01 01:05:54,316 [Command processor thread] INFO  commandhandler.CreatePipelineCommandHandler (CreatePipelineCommandHandler.java:handle(109)) - Created Pipeline RATIS ONE #id: "e1343460-3814-4b7d-87f8-72bf283fa841"
.
2020-07-01 01:05:54,316 [pool-1156-thread-1] INFO  impl.RaftServerImpl (RaftServerImpl.java:setRole(175)) - 40524df2-78a3-4e4e-9ceb-ad6c0599eecc@group-304D1CDEA4AC: changes role from      null to FOLLOWER at term 0 for startAsFollower
2020-07-01 01:05:54,317 [pool-1156-thread-1] INFO  impl.RoleInfo (RoleInfo.java:updateAndGet(143)) - 40524df2-78a3-4e4e-9ceb-ad6c0599eecc: start FollowerState
2020-07-01 01:05:54,317 [pool-1156-thread-1] INFO  util.JmxRegister (JmxRegister.java:tryRegister(44)) - Successfully registered JMX Bean with object name Ratis:service=RaftServer,group=group-304D1CDEA4AC,id=40524df2-78a3-4e4e-9ceb-ad6c0599eecc
2020-07-01 01:05:54,317 [pool-1156-thread-1] INFO  metrics.RatisMetrics (RatisMetrics.java:lambda$create$0(36)) - Creating Metrics Registry : ratis.state_machine.40524df2-78a3-4e4e-9ceb-ad6c0599eecc@group-304D1CDEA4AC
2020-07-01 01:05:54,320 [Command processor thread] INFO  commandhandler.CreatePipelineCommandHandler (CreatePipelineCommandHandler.java:handle(109)) - Created Pipeline RATIS THREE #id: "f1d92eae-632a-487e-abe0-304d1cdea4ac"
.
2020-07-01 01:05:54,590 [grpc-default-executor-1] INFO  ratis.OzoneManagerStateMachine (OzoneManagerStateMachine.java:getLatestSnapshot(147)) - Latest Snapshot Info 0#-1
2020-07-01 01:05:54,591 [grpc-default-executor-1] DEBUG server.GrpcLogAppender (GrpcLogAppender.java:onNext(257)) - omNode-1@group-523986131536->omNode-3-AppendLogResponseHandler: received a reply omNode-1<-omNode-3#14:OK,SUCCESS,nextIndex:1,term:1,followerCommit:0, request=AppendEntriesRequest:cid=14,entriesCount=0,lastEntry=null
2020-07-01 01:05:54,594 [grpc-default-executor-1] INFO  ratis.OzoneManagerStateMachine (OzoneManagerStateMachine.java:getLatestSnapshot(147)) - Latest Snapshot Info 0#-1
2020-07-01 01:05:54,594 [grpc-default-executor-1] DEBUG server.GrpcLogAppender (GrpcLogAppender.java:onNext(257)) - omNode-1@group-523986131536->omNode-2-AppendLogResponseHandler: received a reply omNode-1<-omNode-2#14:OK,SUCCESS,nextIndex:1,term:1,followerCommit:0, request=AppendEntriesRequest:cid=14,entriesCount=0,lastEntry=null
2020-07-01 01:05:55,092 [grpc-default-executor-1] INFO  ratis.OzoneManagerStateMachine (OzoneManagerStateMachine.java:getLatestSnapshot(147)) - Latest Snapshot Info 0#-1
2020-07-01 01:05:55,093 [grpc-default-executor-1] DEBUG server.GrpcLogAppender (GrpcLogAppender.java:onNext(257)) - omNode-1@group-523986131536->omNode-3-AppendLogResponseHandler: received a reply omNode-1<-omNode-3#15:OK,SUCCESS,nextIndex:1,term:1,followerCommit:0, request=AppendEntriesRequest:cid=15,entriesCount=0,lastEntry=null
2020-07-01 01:05:55,095 [grpc-default-executor-1] INFO  ratis.OzoneManagerStateMachine (OzoneManagerStateMachine.java:getLatestSnapshot(147)) - Latest Snapshot Info 0#-1
2020-07-01 01:05:55,096 [grpc-default-executor-1] DEBUG server.GrpcLogAppender (GrpcLogAppender.java:onNext(257)) - omNode-1@group-523986131536->omNode-2-AppendLogResponseHandler: received a reply omNode-1<-omNode-2#15:OK,SUCCESS,nextIndex:1,term:1,followerCommit:0, request=AppendEntriesRequest:cid=15,entriesCount=0,lastEntry=null
2020-07-01 01:05:55,279 [Listener at 127.0.0.1/11872] INFO  ozone.MiniOzoneClusterImpl (MiniOzoneClusterImpl.java:lambda$waitForClusterToBeReady$0(177)) - Nodes are ready. Got 3 of 3 DN Heartbeats.
2020-07-01 01:05:55,280 [Listener at 127.0.0.1/11872] INFO  ozone.MiniOzoneClusterImpl (MiniOzoneClusterImpl.java:lambda$waitForClusterToBeReady$0(180)) - Waiting for cluster to exit safe mode
2020-07-01 01:05:55,594 [grpc-default-executor-1] INFO  ratis.OzoneManagerStateMachine (OzoneManagerStateMachine.java:getLatestSnapshot(147)) - Latest Snapshot Info 0#-1
2020-07-01 01:05:55,594 [grpc-default-executor-1] DEBUG server.GrpcLogAppender (GrpcLogAppender.java:onNext(257)) - omNode-1@group-523986131536->omNode-3-AppendLogResponseHandler: received a reply omNode-1<-omNode-3#16:OK,SUCCESS,nextIndex:1,term:1,followerCommit:0, request=AppendEntriesRequest:cid=16,entriesCount=0,lastEntry=null
2020-07-01 01:05:55,596 [grpc-default-executor-1] INFO  ratis.OzoneManagerStateMachine (OzoneManagerStateMachine.java:getLatestSnapshot(147)) - Latest Snapshot Info 0#-1
2020-07-01 01:05:55,597 [grpc-default-executor-1] DEBUG server.GrpcLogAppender (GrpcLogAppender.java:onNext(257)) - omNode-1@group-523986131536->omNode-2-AppendLogResponseHandler: received a reply omNode-1<-omNode-2#16:OK,SUCCESS,nextIndex:1,term:1,followerCommit:0, request=AppendEntriesRequest:cid=16,entriesCount=0,lastEntry=null
2020-07-01 01:05:56,095 [grpc-default-executor-1] INFO  ratis.OzoneManagerStateMachine (OzoneManagerStateMachine.java:getLatestSnapshot(147)) - Latest Snapshot Info 0#-1
2020-07-01 01:05:56,096 [grpc-default-executor-1] DEBUG server.GrpcLogAppender (GrpcLogAppender.java:onNext(257)) - omNode-1@group-523986131536->omNode-3-AppendLogResponseHandler: received a reply omNode-1<-omNode-3#17:OK,SUCCESS,nextIndex:1,term:1,followerCommit:0, request=AppendEntriesRequest:cid=17,entriesCount=0,lastEntry=null
2020-07-01 01:05:56,097 [grpc-default-executor-1] INFO  ratis.OzoneManagerStateMachine (OzoneManagerStateMachine.java:getLatestSnapshot(147)) - Latest Snapshot Info 0#-1
2020-07-01 01:05:56,098 [grpc-default-executor-1] DEBUG server.GrpcLogAppender (GrpcLogAppender.java:onNext(257)) - omNode-1@group-523986131536->omNode-2-AppendLogResponseHandler: received a reply omNode-1<-omNode-2#17:OK,SUCCESS,nextIndex:1,term:1,followerCommit:0, request=AppendEntriesRequest:cid=17,entriesCount=0,lastEntry=null
2020-07-01 01:05:56,280 [Listener at 127.0.0.1/11872] INFO  ozone.MiniOzoneClusterImpl (MiniOzoneClusterImpl.java:lambda$waitForClusterToBeReady$0(177)) - Nodes are ready. Got 3 of 3 DN Heartbeats.
2020-07-01 01:05:56,280 [Listener at 127.0.0.1/11872] INFO  ozone.MiniOzoneClusterImpl (MiniOzoneClusterImpl.java:lambda$waitForClusterToBeReady$0(180)) - Waiting for cluster to exit safe mode
2020-07-01 01:05:56,597 [grpc-default-executor-1] INFO  ratis.OzoneManagerStateMachine (OzoneManagerStateMachine.java:getLatestSnapshot(147)) - Latest Snapshot Info 0#-1
2020-07-01 01:05:56,597 [grpc-default-executor-1] DEBUG server.GrpcLogAppender (GrpcLogAppender.java:onNext(257)) - omNode-1@group-523986131536->omNode-3-AppendLogResponseHandler: received a reply omNode-1<-omNode-3#18:OK,SUCCESS,nextIndex:1,term:1,followerCommit:0, request=AppendEntriesRequest:cid=18,entriesCount=0,lastEntry=null
2020-07-01 01:05:56,598 [grpc-default-executor-1] INFO  ratis.OzoneManagerStateMachine (OzoneManagerStateMachine.java:getLatestSnapshot(147)) - Latest Snapshot Info 0#-1
2020-07-01 01:05:56,599 [grpc-default-executor-1] DEBUG server.GrpcLogAppender (GrpcLogAppender.java:onNext(257)) - omNode-1@group-523986131536->omNode-2-AppendLogResponseHandler: received a reply omNode-1<-omNode-2#18:OK,SUCCESS,nextIndex:1,term:1,followerCommit:0, request=AppendEntriesRequest:cid=18,entriesCount=0,lastEntry=null
2020-07-01 01:05:57,098 [grpc-default-executor-1] INFO  ratis.OzoneManagerStateMachine (OzoneManagerStateMachine.java:getLatestSnapshot(147)) - Latest Snapshot Info 0#-1
2020-07-01 01:05:57,099 [grpc-default-executor-1] DEBUG server.GrpcLogAppender (GrpcLogAppender.java:onNext(257)) - omNode-1@group-523986131536->omNode-3-AppendLogResponseHandler: received a reply omNode-1<-omNode-3#19:OK,SUCCESS,nextIndex:1,term:1,followerCommit:0, request=AppendEntriesRequest:cid=19,entriesCount=0,lastEntry=null
2020-07-01 01:05:57,099 [grpc-default-executor-1] INFO  ratis.OzoneManagerStateMachine (OzoneManagerStateMachine.java:getLatestSnapshot(147)) - Latest Snapshot Info 0#-1
2020-07-01 01:05:57,100 [grpc-default-executor-1] DEBUG server.GrpcLogAppender (GrpcLogAppender.java:onNext(257)) - omNode-1@group-523986131536->omNode-2-AppendLogResponseHandler: received a reply omNode-1<-omNode-2#19:OK,SUCCESS,nextIndex:1,term:1,followerCommit:0, request=AppendEntriesRequest:cid=19,entriesCount=0,lastEntry=null
2020-07-01 01:05:57,280 [Listener at 127.0.0.1/11872] INFO  ozone.MiniOzoneClusterImpl (MiniOzoneClusterImpl.java:lambda$waitForClusterToBeReady$0(177)) - Nodes are ready. Got 3 of 3 DN Heartbeats.
2020-07-01 01:05:57,280 [Listener at 127.0.0.1/11872] INFO  ozone.MiniOzoneClusterImpl (MiniOzoneClusterImpl.java:lambda$waitForClusterToBeReady$0(180)) - Waiting for cluster to exit safe mode
2020-07-01 01:05:57,600 [grpc-default-executor-1] INFO  ratis.OzoneManagerStateMachine (OzoneManagerStateMachine.java:getLatestSnapshot(147)) - Latest Snapshot Info 0#-1
2020-07-01 01:05:57,600 [grpc-default-executor-1] INFO  ratis.OzoneManagerStateMachine (OzoneManagerStateMachine.java:getLatestSnapshot(147)) - Latest Snapshot Info 0#-1
2020-07-01 01:05:57,601 [grpc-default-executor-1] DEBUG server.GrpcLogAppender (GrpcLogAppender.java:onNext(257)) - omNode-1@group-523986131536->omNode-3-AppendLogResponseHandler: received a reply omNode-1<-omNode-3#20:OK,SUCCESS,nextIndex:1,term:1,followerCommit:0, request=AppendEntriesRequest:cid=20,entriesCount=0,lastEntry=null
2020-07-01 01:05:57,601 [grpc-default-executor-1] DEBUG server.GrpcLogAppender (GrpcLogAppender.java:onNext(257)) - omNode-1@group-523986131536->omNode-2-AppendLogResponseHandler: received a reply omNode-1<-omNode-2#20:OK,SUCCESS,nextIndex:1,term:1,followerCommit:0, request=AppendEntriesRequest:cid=20,entriesCount=0,lastEntry=null
2020-07-01 01:05:58,102 [grpc-default-executor-1] INFO  ratis.OzoneManagerStateMachine (OzoneManagerStateMachine.java:getLatestSnapshot(147)) - Latest Snapshot Info 0#-1
2020-07-01 01:05:58,102 [grpc-default-executor-7] INFO  ratis.OzoneManagerStateMachine (OzoneManagerStateMachine.java:getLatestSnapshot(147)) - Latest Snapshot Info 0#-1
2020-07-01 01:05:58,102 [grpc-default-executor-1] DEBUG server.GrpcLogAppender (GrpcLogAppender.java:onNext(257)) - omNode-1@group-523986131536->omNode-3-AppendLogResponseHandler: received a reply omNode-1<-omNode-3#21:OK,SUCCESS,nextIndex:1,term:1,followerCommit:0, request=AppendEntriesRequest:cid=21,entriesCount=0,lastEntry=null
2020-07-01 01:05:58,103 [grpc-default-executor-1] DEBUG server.GrpcLogAppender (GrpcLogAppender.java:onNext(257)) - omNode-1@group-523986131536->omNode-2-AppendLogResponseHandler: received a reply omNode-1<-omNode-2#21:OK,SUCCESS,nextIndex:1,term:1,followerCommit:0, request=AppendEntriesRequest:cid=21,entriesCount=0,lastEntry=null
2020-07-01 01:05:58,281 [Listener at 127.0.0.1/11872] INFO  ozone.MiniOzoneClusterImpl (MiniOzoneClusterImpl.java:lambda$waitForClusterToBeReady$0(177)) - Nodes are ready. Got 3 of 3 DN Heartbeats.
2020-07-01 01:05:58,281 [Listener at 127.0.0.1/11872] INFO  ozone.MiniOzoneClusterImpl (MiniOzoneClusterImpl.java:lambda$waitForClusterToBeReady$0(180)) - Waiting for cluster to exit safe mode
2020-07-01 01:05:58,603 [grpc-default-executor-1] INFO  ratis.OzoneManagerStateMachine (OzoneManagerStateMachine.java:getLatestSnapshot(147)) - Latest Snapshot Info 0#-1
2020-07-01 01:05:58,603 [grpc-default-executor-7] INFO  ratis.OzoneManagerStateMachine (OzoneManagerStateMachine.java:getLatestSnapshot(147)) - Latest Snapshot Info 0#-1
2020-07-01 01:05:58,604 [grpc-default-executor-7] DEBUG server.GrpcLogAppender (GrpcLogAppender.java:onNext(257)) - omNode-1@group-523986131536->omNode-3-AppendLogResponseHandler: received a reply omNode-1<-omNode-3#22:OK,SUCCESS,nextIndex:1,term:1,followerCommit:0, request=AppendEntriesRequest:cid=22,entriesCount=0,lastEntry=null
2020-07-01 01:05:58,605 [grpc-default-executor-1] DEBUG server.GrpcLogAppender (GrpcLogAppender.java:onNext(257)) - omNode-1@group-523986131536->omNode-2-AppendLogResponseHandler: received a reply omNode-1<-omNode-2#22:OK,SUCCESS,nextIndex:1,term:1,followerCommit:0, request=AppendEntriesRequest:cid=22,entriesCount=0,lastEntry=null
2020-07-01 01:05:59,105 [grpc-default-executor-1] INFO  ratis.OzoneManagerStateMachine (OzoneManagerStateMachine.java:getLatestSnapshot(147)) - Latest Snapshot Info 0#-1
2020-07-01 01:05:59,105 [grpc-default-executor-7] INFO  ratis.OzoneManagerStateMachine (OzoneManagerStateMachine.java:getLatestSnapshot(147)) - Latest Snapshot Info 0#-1
2020-07-01 01:05:59,106 [grpc-default-executor-7] DEBUG server.GrpcLogAppender (GrpcLogAppender.java:onNext(257)) - omNode-1@group-523986131536->omNode-3-AppendLogResponseHandler: received a reply omNode-1<-omNode-3#23:OK,SUCCESS,nextIndex:1,term:1,followerCommit:0, request=AppendEntriesRequest:cid=23,entriesCount=0,lastEntry=null
2020-07-01 01:05:59,107 [grpc-default-executor-7] DEBUG server.GrpcLogAppender (GrpcLogAppender.java:onNext(257)) - omNode-1@group-523986131536->omNode-2-AppendLogResponseHandler: received a reply omNode-1<-omNode-2#23:OK,SUCCESS,nextIndex:1,term:1,followerCommit:0, request=AppendEntriesRequest:cid=23,entriesCount=0,lastEntry=null
2020-07-01 01:05:59,256 [Thread-4699] INFO  impl.FollowerState (FollowerState.java:run(108)) - 5f570ae4-9456-445c-93e3-9355377d8e07@group-95C53215FDEF-FollowerState: change to CANDIDATE, lastRpcTime:5038ms, electionTimeout:5038ms
2020-07-01 01:05:59,257 [Thread-4699] INFO  impl.RoleInfo (RoleInfo.java:shutdownFollowerState(121)) - 5f570ae4-9456-445c-93e3-9355377d8e07: shutdown FollowerState
2020-07-01 01:05:59,257 [Thread-4699] INFO  impl.RaftServerImpl (RaftServerImpl.java:setRole(175)) - 5f570ae4-9456-445c-93e3-9355377d8e07@group-95C53215FDEF: changes role from  FOLLOWER to CANDIDATE at term 0 for changeToCandidate
2020-07-01 01:05:59,257 [Thread-4699] INFO  impl.RoleInfo (RoleInfo.java:updateAndGet(143)) - 5f570ae4-9456-445c-93e3-9355377d8e07: start LeaderElection
2020-07-01 01:05:59,261 [5f570ae4-9456-445c-93e3-9355377d8e07@group-95C53215FDEF-LeaderElection67] INFO  impl.LeaderElection (LeaderElection.java:askForVotes(206)) - 5f570ae4-9456-445c-93e3-9355377d8e07@group-95C53215FDEF-LeaderElection67: begin an election at term 1 for -1: [5f570ae4-9456-445c-93e3-9355377d8e07:172.17.0.2:45527], old=null
2020-07-01 01:05:59,261 [5f570ae4-9456-445c-93e3-9355377d8e07@group-95C53215FDEF-LeaderElection67] INFO  impl.RoleInfo (RoleInfo.java:shutdownLeaderElection(134)) - 5f570ae4-9456-445c-93e3-9355377d8e07: shutdown LeaderElection
2020-07-01 01:05:59,261 [5f570ae4-9456-445c-93e3-9355377d8e07@group-95C53215FDEF-LeaderElection67] INFO  impl.RaftServerImpl (RaftServerImpl.java:setRole(175)) - 5f570ae4-9456-445c-93e3-9355377d8e07@group-95C53215FDEF: changes role from CANDIDATE to LEADER at term 1 for changeToLeader
2020-07-01 01:05:59,261 [5f570ae4-9456-445c-93e3-9355377d8e07@group-95C53215FDEF-LeaderElection67] INFO  ratis.XceiverServerRatis (XceiverServerRatis.java:handleLeaderChangedNotification(762)) - Leader change notification received for group: group-95C53215FDEF with new leaderId: 5f570ae4-9456-445c-93e3-9355377d8e07
2020-07-01 01:05:59,261 [5f570ae4-9456-445c-93e3-9355377d8e07@group-95C53215FDEF-LeaderElection67] INFO  impl.RaftServerImpl (ServerState.java:setLeader(255)) - 5f570ae4-9456-445c-93e3-9355377d8e07@group-95C53215FDEF: change Leader from null to 5f570ae4-9456-445c-93e3-9355377d8e07 at term 1 for becomeLeader, leader elected after 5055ms
2020-07-01 01:05:59,261 [5f570ae4-9456-445c-93e3-9355377d8e07@group-95C53215FDEF-LeaderElection67] INFO  server.RaftServerConfigKeys (ConfUtils.java:logGet(44)) - raft.server.staging.catchup.gap = 1000 (default)
2020-07-01 01:05:59,261 [5f570ae4-9456-445c-93e3-9355377d8e07@group-95C53215FDEF-LeaderElection67] INFO  server.RaftServerConfigKeys (ConfUtils.java:logGet(44)) - raft.server.rpc.sleep.time = 25ms (default)
2020-07-01 01:05:59,262 [5f570ae4-9456-445c-93e3-9355377d8e07@group-95C53215FDEF-LeaderElection67] INFO  metrics.RatisMetrics (RatisMetrics.java:lambda$create$0(36)) - Creating Metrics Registry : ratis.log_appender.5f570ae4-9456-445c-93e3-9355377d8e07@group-95C53215FDEF
2020-07-01 01:05:59,262 [5f570ae4-9456-445c-93e3-9355377d8e07@group-95C53215FDEF-LeaderElection67] INFO  server.RaftServerConfigKeys (ConfUtils.java:logGet(44)) - raft.server.write.element-limit = 1024 (custom)
2020-07-01 01:05:59,262 [5f570ae4-9456-445c-93e3-9355377d8e07@group-95C53215FDEF-LeaderElection67] INFO  server.RaftServerConfigKeys (ConfUtils.java:logGet(44)) - raft.server.write.byte-limit = 1073741824 (custom)
2020-07-01 01:05:59,263 [5f570ae4-9456-445c-93e3-9355377d8e07@group-95C53215FDEF-LeaderElection67] INFO  server.RaftServerConfigKeys (ConfUtils.java:logGet(44)) - raft.server.watch.timeout = 180s (custom)
2020-07-01 01:05:59,264 [5f570ae4-9456-445c-93e3-9355377d8e07@group-95C53215FDEF-LeaderElection67] INFO  server.RaftServerConfigKeys (ConfUtils.java:logGet(44)) - raft.server.watch.timeout.denomination = 1s (default)
2020-07-01 01:05:59,264 [5f570ae4-9456-445c-93e3-9355377d8e07@group-95C53215FDEF-LeaderElection67] INFO  server.RaftServerConfigKeys (ConfUtils.java:logGet(44)) - raft.server.watch.element-limit = 65536 (default)
2020-07-01 01:05:59,264 [5f570ae4-9456-445c-93e3-9355377d8e07@group-95C53215FDEF-LeaderElection67] INFO  impl.RoleInfo (RoleInfo.java:updateAndGet(143)) - 5f570ae4-9456-445c-93e3-9355377d8e07: start LeaderState
2020-07-01 01:05:59,264 [5f570ae4-9456-445c-93e3-9355377d8e07@group-95C53215FDEF-LeaderElection67] INFO  segmented.SegmentedRaftLogWorker (SegmentedRaftLogWorker.java:startLogSegment(397)) - 5f570ae4-9456-445c-93e3-9355377d8e07@group-95C53215FDEF-SegmentedRaftLogWorker: Starting segment from index:0
2020-07-01 01:05:59,266 [5f570ae4-9456-445c-93e3-9355377d8e07@group-95C53215FDEF-LeaderElection67] INFO  impl.RaftServerImpl (ServerState.java:setRaftConf(356)) - 5f570ae4-9456-445c-93e3-9355377d8e07@group-95C53215FDEF: set configuration 0: [5f570ae4-9456-445c-93e3-9355377d8e07:172.17.0.2:45527], old=null at 0
2020-07-01 01:05:59,266 [5f570ae4-9456-445c-93e3-9355377d8e07@group-95C53215FDEF-SegmentedRaftLogWorker] INFO  segmented.SegmentedRaftLogWorker (SegmentedRaftLogWorker.java:execute(596)) - 5f570ae4-9456-445c-93e3-9355377d8e07@group-95C53215FDEF-SegmentedRaftLogWorker: created new log segment /github/workspace/mnt/ozone/hadoop-ozone/integration-test/target/test-dir/MiniOzoneClusterImpl-f77758f3-7054-4a66-83a1-d2ef3e95fe09/datanode-0/data/ratis/a856c81c-fe61-453d-8bb2-95c53215fdef/current/log_inprogress_0
2020-07-01 01:05:59,281 [Listener at 127.0.0.1/11872] INFO  ozone.MiniOzoneClusterImpl (MiniOzoneClusterImpl.java:lambda$waitForClusterToBeReady$0(177)) - Nodes are ready. Got 3 of 3 DN Heartbeats.
2020-07-01 01:05:59,281 [Listener at 127.0.0.1/11872] INFO  ozone.MiniOzoneClusterImpl (MiniOzoneClusterImpl.java:lambda$waitForClusterToBeReady$0(180)) - Waiting for cluster to exit safe mode
2020-07-01 01:05:59,319 [Thread-4704] INFO  impl.FollowerState (FollowerState.java:run(108)) - 69db720a-335e-417f-9e4d-9b6daaea3d10@group-304D1CDEA4AC-FollowerState: change to CANDIDATE, lastRpcTime:5047ms, electionTimeout:5047ms
2020-07-01 01:05:59,319 [Thread-4704] INFO  impl.RoleInfo (RoleInfo.java:shutdownFollowerState(121)) - 69db720a-335e-417f-9e4d-9b6daaea3d10: shutdown FollowerState
2020-07-01 01:05:59,319 [Thread-4704] INFO  impl.RaftServerImpl (RaftServerImpl.java:setRole(175)) - 69db720a-335e-417f-9e4d-9b6daaea3d10@group-304D1CDEA4AC: changes role from  FOLLOWER to CANDIDATE at term 0 for changeToCandidate
2020-07-01 01:05:59,319 [Thread-4704] INFO  impl.RoleInfo (RoleInfo.java:updateAndGet(143)) - 69db720a-335e-417f-9e4d-9b6daaea3d10: start LeaderElection
2020-07-01 01:05:59,322 [69db720a-335e-417f-9e4d-9b6daaea3d10@group-304D1CDEA4AC-LeaderElection68] INFO  impl.LeaderElection (LeaderElection.java:askForVotes(206)) - 69db720a-335e-417f-9e4d-9b6daaea3d10@group-304D1CDEA4AC-LeaderElection68: begin an election at term 1 for -1: [5f570ae4-9456-445c-93e3-9355377d8e07:172.17.0.2:45527, 40524df2-78a3-4e4e-9ceb-ad6c0599eecc:172.17.0.2:36129, 69db720a-335e-417f-9e4d-9b6daaea3d10:172.17.0.2:36327], old=null
2020-07-01 01:05:59,330 [grpc-default-executor-1] DEBUG impl.RaftServerImpl (RaftServerImpl.java:requestVote(821)) - 40524df2-78a3-4e4e-9ceb-ad6c0599eecc@group-304D1CDEA4AC: receive requestVote(69db720a-335e-417f-9e4d-9b6daaea3d10, group-304D1CDEA4AC, 1, (t:0, i:0))
2020-07-01 01:05:59,330 [grpc-default-executor-1] INFO  impl.RaftServerImpl (RaftServerImpl.java:setRole(175)) - 40524df2-78a3-4e4e-9ceb-ad6c0599eecc@group-304D1CDEA4AC: changes role from  FOLLOWER to FOLLOWER at term 1 for recognizeCandidate:69db720a-335e-417f-9e4d-9b6daaea3d10
2020-07-01 01:05:59,330 [grpc-default-executor-1] INFO  impl.RoleInfo (RoleInfo.java:shutdownFollowerState(121)) - 40524df2-78a3-4e4e-9ceb-ad6c0599eecc: shutdown FollowerState
2020-07-01 01:05:59,330 [grpc-default-executor-1] INFO  impl.RoleInfo (RoleInfo.java:updateAndGet(143)) - 40524df2-78a3-4e4e-9ceb-ad6c0599eecc: start FollowerState
2020-07-01 01:05:59,331 [Thread-4710] INFO  impl.FollowerState (FollowerState.java:run(117)) - 40524df2-78a3-4e4e-9ceb-ad6c0599eecc@group-304D1CDEA4AC-FollowerState was interrupted: java.lang.InterruptedException: sleep interrupted
2020-07-01 01:05:59,333 [grpc-default-executor-7] DEBUG impl.RaftServerImpl (RaftServerImpl.java:requestVote(821)) - 5f570ae4-9456-445c-93e3-9355377d8e07@group-304D1CDEA4AC: receive requestVote(69db720a-335e-417f-9e4d-9b6daaea3d10, group-304D1CDEA4AC, 1, (t:0, i:0))
2020-07-01 01:05:59,334 [grpc-default-executor-7] INFO  impl.RaftServerImpl (RaftServerImpl.java:setRole(175)) - 5f570ae4-9456-445c-93e3-9355377d8e07@group-304D1CDEA4AC: changes role from  FOLLOWER to FOLLOWER at term 1 for recognizeCandidate:69db720a-335e-417f-9e4d-9b6daaea3d10
2020-07-01 01:05:59,334 [grpc-default-executor-7] INFO  impl.RoleInfo (RoleInfo.java:shutdownFollowerState(121)) - 5f570ae4-9456-445c-93e3-9355377d8e07: shutdown FollowerState
2020-07-01 01:05:59,334 [grpc-default-executor-7] INFO  impl.RoleInfo (RoleInfo.java:updateAndGet(143)) - 5f570ae4-9456-445c-93e3-9355377d8e07: start FollowerState
2020-07-01 01:05:59,334 [Thread-4701] INFO  impl.FollowerState (FollowerState.java:run(117)) - 5f570ae4-9456-445c-93e3-9355377d8e07@group-304D1CDEA4AC-FollowerState was interrupted: java.lang.InterruptedException: sleep interrupted
2020-07-01 01:05:59,335 [grpc-default-executor-1] DEBUG impl.RaftServerImpl (RaftServerImpl.java:requestVote(853)) - 40524df2-78a3-4e4e-9ceb-ad6c0599eecc@group-304D1CDEA4AC replies to vote request: 69db720a-335e-417f-9e4d-9b6daaea3d10<-40524df2-78a3-4e4e-9ceb-ad6c0599eecc#0:OK-t1. Peer's state: 40524df2-78a3-4e4e-9ceb-ad6c0599eecc@group-304D1CDEA4AC:t1, leader=null, voted=69db720a-335e-417f-9e4d-9b6daaea3d10, raftlog=40524df2-78a3-4e4e-9ceb-ad6c0599eecc@group-304D1CDEA4AC-SegmentedRaftLog:OPENED:c-1,f-1,i0, conf=-1: [5f570ae4-9456-445c-93e3-9355377d8e07:172.17.0.2:45527, 40524df2-78a3-4e4e-9ceb-ad6c0599eecc:172.17.0.2:36129, 69db720a-335e-417f-9e4d-9b6daaea3d10:172.17.0.2:36327], old=null
2020-07-01 01:05:59,341 [grpc-default-executor-7] DEBUG impl.RaftServerImpl (RaftServerImpl.java:requestVote(853)) - 5f570ae4-9456-445c-93e3-9355377d8e07@group-304D1CDEA4AC replies to vote request: 69db720a-335e-417f-9e4d-9b6daaea3d10<-5f570ae4-9456-445c-93e3-9355377d8e07#0:OK-t1. Peer's state: 5f570ae4-9456-445c-93e3-9355377d8e07@group-304D1CDEA4AC:t1, leader=null, voted=69db720a-335e-417f-9e4d-9b6daaea3d10, raftlog=5f570ae4-9456-445c-93e3-9355377d8e07@group-304D1CDEA4AC-SegmentedRaftLog:OPENED:c-1,f-1,i0, conf=-1: [5f570ae4-9456-445c-93e3-9355377d8e07:172.17.0.2:45527, 40524df2-78a3-4e4e-9ceb-ad6c0599eecc:172.17.0.2:36129, 69db720a-335e-417f-9e4d-9b6daaea3d10:172.17.0.2:36327], old=null
2020-07-01 01:05:59,342 [69db720a-335e-417f-9e4d-9b6daaea3d10@group-304D1CDEA4AC-LeaderElection68] INFO  impl.LeaderElection (LeaderElection.java:logAndReturn(61)) - 69db720a-335e-417f-9e4d-9b6daaea3d10@group-304D1CDEA4AC-LeaderElection68: Election PASSED; received 1 response(s) [69db720a-335e-417f-9e4d-9b6daaea3d10<-40524df2-78a3-4e4e-9ceb-ad6c0599eecc#0:OK-t1] and 0 exception(s); 69db720a-335e-417f-9e4d-9b6daaea3d10@group-304D1CDEA4AC:t1, leader=null, voted=69db720a-335e-417f-9e4d-9b6daaea3d10, raftlog=69db720a-335e-417f-9e4d-9b6daaea3d10@group-304D1CDEA4AC-SegmentedRaftLog:OPENED:c-1,f-1,i0, conf=-1: [5f570ae4-9456-445c-93e3-9355377d8e07:172.17.0.2:45527, 40524df2-78a3-4e4e-9ceb-ad6c0599eecc:172.17.0.2:36129, 69db720a-335e-417f-9e4d-9b6daaea3d10:172.17.0.2:36327], old=null
2020-07-01 01:05:59,342 [69db720a-335e-417f-9e4d-9b6daaea3d10@group-304D1CDEA4AC-LeaderElection68] INFO  impl.RoleInfo (RoleInfo.java:shutdownLeaderElection(134)) - 69db720a-335e-417f-9e4d-9b6daaea3d10: shutdown LeaderElection
2020-07-01 01:05:59,342 [69db720a-335e-417f-9e4d-9b6daaea3d10@group-304D1CDEA4AC-LeaderElection68] INFO  impl.RaftServerImpl (RaftServerImpl.java:setRole(175)) - 69db720a-335e-417f-9e4d-9b6daaea3d10@group-304D1CDEA4AC: changes role from CANDIDATE to LEADER at term 1 for changeToLeader
2020-07-01 01:05:59,342 [69db720a-335e-417f-9e4d-9b6daaea3d10@group-304D1CDEA4AC-LeaderElection68] INFO  ratis.XceiverServerRatis (XceiverServerRatis.java:handleLeaderChangedNotification(762)) - Leader change notification received for group: group-304D1CDEA4AC with new leaderId: 69db720a-335e-417f-9e4d-9b6daaea3d10
2020-07-01 01:05:59,343 [69db720a-335e-417f-9e4d-9b6daaea3d10@group-304D1CDEA4AC-LeaderElection68] INFO  impl.RaftServerImpl (ServerState.java:setLeader(255)) - 69db720a-335e-417f-9e4d-9b6daaea3d10@group-304D1CDEA4AC: change Leader from null to 69db720a-335e-417f-9e4d-9b6daaea3d10 at term 1 for becomeLeader, leader elected after 5091ms
2020-07-01 01:05:59,343 [69db720a-335e-417f-9e4d-9b6daaea3d10@group-304D1CDEA4AC-LeaderElection68] INFO  server.RaftServerConfigKeys (ConfUtils.java:logGet(44)) - raft.server.staging.catchup.gap = 1000 (default)
2020-07-01 01:05:59,343 [69db720a-335e-417f-9e4d-9b6daaea3d10@group-304D1CDEA4AC-LeaderElection68] INFO  server.RaftServerConfigKeys (ConfUtils.java:logGet(44)) - raft.server.rpc.sleep.time = 25ms (default)
2020-07-01 01:05:59,343 [69db720a-335e-417f-9e4d-9b6daaea3d10@group-304D1CDEA4AC-LeaderElection68] INFO  metrics.RatisMetrics (RatisMetrics.java:lambda$create$0(36)) - Creating Metrics Registry : ratis.log_appender.69db720a-335e-417f-9e4d-9b6daaea3d10@group-304D1CDEA4AC
2020-07-01 01:05:59,343 [69db720a-335e-417f-9e4d-9b6daaea3d10@group-304D1CDEA4AC-LeaderElection68] INFO  server.RaftServerConfigKeys (ConfUtils.java:logGet(44)) - raft.server.write.element-limit = 1024 (custom)
2020-07-01 01:05:59,343 [69db720a-335e-417f-9e4d-9b6daaea3d10@group-304D1CDEA4AC-LeaderElection68] INFO  server.RaftServerConfigKeys (ConfUtils.java:logGet(44)) - raft.server.write.byte-limit = 1073741824 (custom)
2020-07-01 01:05:59,344 [69db720a-335e-417f-9e4d-9b6daaea3d10@group-304D1CDEA4AC-LeaderElection68] INFO  server.RaftServerConfigKeys (ConfUtils.java:logGet(44)) - raft.server.watch.timeout = 180s (custom)
2020-07-01 01:05:59,344 [69db720a-335e-417f-9e4d-9b6daaea3d10@group-304D1CDEA4AC-LeaderElection68] INFO  server.RaftServerConfigKeys (ConfUtils.java:logGet(44)) - raft.server.watch.timeout.denomination = 1s (default)
2020-07-01 01:05:59,344 [69db720a-335e-417f-9e4d-9b6daaea3d10@group-304D1CDEA4AC-LeaderElection68] INFO  server.RaftServerConfigKeys (ConfUtils.java:logGet(44)) - raft.server.watch.element-limit = 65536 (default)
2020-07-01 01:05:59,344 [69db720a-335e-417f-9e4d-9b6daaea3d10@group-304D1CDEA4AC-LeaderElection68] INFO  server.RaftServerConfigKeys (ConfUtils.java:logGet(44)) - raft.server.log.appender.snapshot.chunk.size.max = 16MB (=16777216) (default)
2020-07-01 01:05:59,344 [69db720a-335e-417f-9e4d-9b6daaea3d10@group-304D1CDEA4AC-LeaderElection68] INFO  server.RaftServerConfigKeys (ConfUtils.java:logGet(44)) - raft.server.log.appender.buffer.byte-limit = 33554432 (custom)
2020-07-01 01:05:59,344 [69db720a-335e-417f-9e4d-9b6daaea3d10@group-304D1CDEA4AC-LeaderElection68] INFO  server.RaftServerConfigKeys (ConfUtils.java:logGet(44)) - raft.server.log.appender.buffer.element-limit = 1 (custom)
2020-07-01 01:05:59,344 [69db720a-335e-417f-9e4d-9b6daaea3d10@group-304D1CDEA4AC-LeaderElection68] INFO  grpc.GrpcConfigKeys (ConfUtils.java:logGet(44)) - raft.grpc.server.leader.outstanding.appends.max = 128 (default)
2020-07-01 01:05:59,344 [69db720a-335e-417f-9e4d-9b6daaea3d10@group-304D1CDEA4AC-LeaderElection68] INFO  server.RaftServerConfigKeys (ConfUtils.java:logGet(44)) - raft.server.rpc.request.timeout = 60s (custom)
2020-07-01 01:05:59,344 [69db720a-335e-417f-9e4d-9b6daaea3d10@group-304D1CDEA4AC-LeaderElection68] INFO  server.RaftServerConfigKeys (ConfUtils.java:logGet(44)) - raft.server.log.appender.install.snapshot.enabled = false (custom)
2020-07-01 01:05:59,344 [69db720a-335e-417f-9e4d-9b6daaea3d10@group-304D1CDEA4AC-LeaderElection68] INFO  metrics.RatisMetrics (RatisMetrics.java:lambda$create$0(36)) - Creating Metrics Registry : ratis_grpc.log_appender.69db720a-335e-417f-9e4d-9b6daaea3d10@group-304D1CDEA4AC
2020-07-01 01:05:59,345 [EventQueue-PipelineReportForPipelineReportHandler] INFO  pipeline.PipelineStateManager (PipelineStateManager.java:openPipeline(131)) - Pipeline Pipeline[ Id: f1d92eae-632a-487e-abe0-304d1cdea4ac, Nodes: 5f570ae4-9456-445c-93e3-9355377d8e07{ip: 172.17.0.2, host: 5231e4c2ab07, networkLocation: /default-rack, certSerialId: null}69db720a-335e-417f-9e4d-9b6daaea3d10{ip: 172.17.0.2, host: 5231e4c2ab07, networkLocation: /default-rack, certSerialId: null}40524df2-78a3-4e4e-9ceb-ad6c0599eecc{ip: 172.17.0.2, host: 5231e4c2ab07, networkLocation: /default-rack, certSerialId: null}, Type:RATIS, Factor:THREE, State:ALLOCATED, leaderId:69db720a-335e-417f-9e4d-9b6daaea3d10, CreationTimestamp2020-07-01T01:05:51.278Z] moved to OPEN state
2020-07-01 01:05:59,348 [69db720a-335e-417f-9e4d-9b6daaea3d10@group-304D1CDEA4AC-LeaderElection68] INFO  server.RaftServerConfigKeys (ConfUtils.java:logGet(44)) - raft.server.log.appender.snapshot.chunk.size.max = 16MB (=16777216) (default)
2020-07-01 01:05:59,349 [EventQueue-OpenPipelineForHealthyPipelineSafeModeRule] INFO  safemode.SCMSafeModeManager (HealthyPipelineSafeModeRule.java:process(129)) - SCM in safe mode. Healthy pipelines reported count is 1, required healthy pipeline reported count is 1
2020-07-01 01:05:59,349 [EventQueue-OpenPipelineForOneReplicaPipelineSafeModeRule] INFO  safemode.SCMSafeModeManager (SCMSafeModeManager.java:validateSafeModeExitRules(214)) - AtleastOneDatanodeReportedRule rule is successfully validated
2020-07-01 01:05:59,350 [EventQueue-OpenPipelineForHealthyPipelineSafeModeRule] INFO  safemode.SCMSafeModeManager (SCMSafeModeManager.java:validateSafeModeExitRules(214)) - HealthyPipelineSafeModeRule rule is successfully validated
2020-07-01 01:05:59,350 [EventQueue-OpenPipelineForHealthyPipelineSafeModeRule] INFO  safemode.SCMSafeModeManager (SCMSafeModeManager.java:validateSafeModeExitRules(228)) - ScmSafeModeManager, all rules are successfully validated
2020-07-01 01:05:59,350 [EventQueue-OpenPipelineForHealthyPipelineSafeModeRule] INFO  safemode.SCMSafeModeManager (SCMSafeModeManager.java:exitSafeMode(257)) - SCM exiting safe mode.
2020-07-01 01:05:59,349 [69db720a-335e-417f-9e4d-9b6daaea3d10@group-304D1CDEA4AC-LeaderElection68] INFO  server.RaftServerConfigKeys (ConfUtils.java:logGet(44)) - raft.server.log.appender.buffer.byte-limit = 33554432 (custom)
2020-07-01 01:05:59,350 [69db720a-335e-417f-9e4d-9b6daaea3d10@group-304D1CDEA4AC-LeaderElection68] INFO  server.RaftServerConfigKeys (ConfUtils.java:logGet(44)) - raft.server.log.appender.buffer.element-limit = 1 (custom)
2020-07-01 01:05:59,350 [69db720a-335e-417f-9e4d-9b6daaea3d10@group-304D1CDEA4AC-LeaderElection68] INFO  grpc.GrpcConfigKeys (ConfUtils.java:logGet(44)) - raft.grpc.server.leader.outstanding.appends.max = 128 (default)
2020-07-01 01:05:59,350 [69db720a-335e-417f-9e4d-9b6daaea3d10@group-304D1CDEA4AC-LeaderElection68] INFO  server.RaftServerConfigKeys (ConfUtils.java:logGet(44)) - raft.server.rpc.request.timeout = 60s (custom)
2020-07-01 01:05:59,350 [69db720a-335e-417f-9e4d-9b6daaea3d10@group-304D1CDEA4AC-LeaderElection68] INFO  server.RaftServerConfigKeys (ConfUtils.java:logGet(44)) - raft.server.log.appender.install.snapshot.enabled = false (custom)
2020-07-01 01:05:59,353 [69db720a-335e-417f-9e4d-9b6daaea3d10@group-304D1CDEA4AC-LeaderElection68] INFO  impl.RoleInfo (RoleInfo.java:updateAndGet(143)) - 69db720a-335e-417f-9e4d-9b6daaea3d10: start LeaderState
2020-07-01 01:05:59,354 [69db720a-335e-417f-9e4d-9b6daaea3d10@group-304D1CDEA4AC-LeaderElection68] INFO  segmented.SegmentedRaftLogWorker (SegmentedRaftLogWorker.java:startLogSegment(397)) - 69db720a-335e-417f-9e4d-9b6daaea3d10@group-304D1CDEA4AC-SegmentedRaftLogWorker: Starting segment from index:0
2020-07-01 01:05:59,355 [69db720a-335e-417f-9e4d-9b6daaea3d10@group-304D1CDEA4AC-LeaderElection68] INFO  impl.RaftServerImpl (ServerState.java:setRaftConf(356)) - 69db720a-335e-417f-9e4d-9b6daaea3d10@group-304D1CDEA4AC: set configuration 0: [5f570ae4-9456-445c-93e3-9355377d8e07:172.17.0.2:45527, 40524df2-78a3-4e4e-9ceb-ad6c0599eecc:172.17.0.2:36129, 69db720a-335e-417f-9e4d-9b6daaea3d10:172.17.0.2:36327], old=null at 0
2020-07-01 01:05:59,355 [69db720a-335e-417f-9e4d-9b6daaea3d10@group-304D1CDEA4AC-SegmentedRaftLogWorker] INFO  segmented.SegmentedRaftLogWorker (SegmentedRaftLogWorker.java:execute(596)) - 69db720a-335e-417f-9e4d-9b6daaea3d10@group-304D1CDEA4AC-SegmentedRaftLogWorker: created new log segment /github/workspace/mnt/ozone/hadoop-ozone/integration-test/target/test-dir/MiniOzoneClusterImpl-f77758f3-7054-4a66-83a1-d2ef3e95fe09/datanode-1/data/ratis/f1d92eae-632a-487e-abe0-304d1cdea4ac/current/log_inprogress_0
2020-07-01 01:05:59,357 [Thread-4709] INFO  impl.FollowerState (FollowerState.java:run(108)) - 40524df2-78a3-4e4e-9ceb-ad6c0599eecc@group-72BF283FA841-FollowerState: change to CANDIDATE, lastRpcTime:5041ms, electionTimeout:5040ms
2020-07-01 01:05:59,359 [Thread-4706] INFO  impl.FollowerState (FollowerState.java:run(108)) - 69db720a-335e-417f-9e4d-9b6daaea3d10@group-3E57BA319AF7-FollowerState: change to CANDIDATE, lastRpcTime:5085ms, electionTimeout:5079ms
2020-07-01 01:05:59,364 [Thread-4709] INFO  impl.RoleInfo (RoleInfo.java:shutdownFollowerState(121)) - 40524df2-78a3-4e4e-9ceb-ad6c0599eecc: shutdown FollowerState
2020-07-01 01:05:59,364 [Thread-4709] INFO  impl.RaftServerImpl (RaftServerImpl.java:setRole(175)) - 40524df2-78a3-4e4e-9ceb-ad6c0599eecc@group-72BF283FA841: changes role from  FOLLOWER to CANDIDATE at term 0 for changeToCandidate
2020-07-01 01:05:59,364 [Thread-4709] INFO  impl.RoleInfo (RoleInfo.java:updateAndGet(143)) - 40524df2-78a3-4e4e-9ceb-ad6c0599eecc: start LeaderElection
2020-07-01 01:05:59,368 [Thread-4706] INFO  impl.RoleInfo (RoleInfo.java:shutdownFollowerState(121)) - 69db720a-335e-417f-9e4d-9b6daaea3d10: shutdown FollowerState
2020-07-01 01:05:59,368 [Thread-4706] INFO  impl.RaftServerImpl (RaftServerImpl.java:setRole(175)) - 69db720a-335e-417f-9e4d-9b6daaea3d10@group-3E57BA319AF7: changes role from  FOLLOWER to CANDIDATE at term 0 for changeToCandidate
2020-07-01 01:05:59,368 [Thread-4706] INFO  impl.RoleInfo (RoleInfo.java:updateAndGet(143)) - 69db720a-335e-417f-9e4d-9b6daaea3d10: start LeaderElection
2020-07-01 01:05:59,373 [grpc-default-executor-1] INFO  ratis.XceiverServerRatis (XceiverServerRatis.java:handleLeaderChangedNotification(762)) - Leader change notification received for group: group-304D1CDEA4AC with new leaderId: 69db720a-335e-417f-9e4d-9b6daaea3d10
2020-07-01 01:05:59,373 [grpc-default-executor-1] INFO  impl.RaftServerImpl (ServerState.java:setLeader(255)) - 5f570ae4-9456-445c-93e3-9355377d8e07@group-304D1CDEA4AC: change Leader from null to 69db720a-335e-417f-9e4d-9b6daaea3d10 at term 1 for appendEntries, leader elected after 5147ms
2020-07-01 01:05:59,374 [grpc-default-executor-1] DEBUG server.GrpcLogAppender (GrpcLogAppender.java:onNext(257)) - 69db720a-335e-417f-9e4d-9b6daaea3d10@group-304D1CDEA4AC->5f570ae4-9456-445c-93e3-9355377d8e07-AppendLogResponseHandler: received the first reply 69db720a-335e-417f-9e4d-9b6daaea3d10<-5f570ae4-9456-445c-93e3-9355377d8e07#0:OK,SUCCESS,nextIndex:0,term:1,followerCommit:-1, request=AppendEntriesRequest:cid=0,entriesCount=0,lastEntry=null
2020-07-01 01:05:59,379 [40524df2-78a3-4e4e-9ceb-ad6c0599eecc@group-72BF283FA841-LeaderElection69] INFO  impl.LeaderElection (LeaderElection.java:askForVotes(206)) - 40524df2-78a3-4e4e-9ceb-ad6c0599eecc@group-72BF283FA841-LeaderElection69: begin an election at term 1 for -1: [40524df2-78a3-4e4e-9ceb-ad6c0599eecc:172.17.0.2:36129], old=null
2020-07-01 01:05:59,379 [40524df2-78a3-4e4e-9ceb-ad6c0599eecc@group-72BF283FA841-LeaderElection69] INFO  impl.RoleInfo (RoleInfo.java:shutdownLeaderElection(134)) - 40524df2-78a3-4e4e-9ceb-ad6c0599eecc: shutdown LeaderElection
2020-07-01 01:05:59,379 [40524df2-78a3-4e4e-9ceb-ad6c0599eecc@group-72BF283FA841-LeaderElection69] INFO  impl.RaftServerImpl (RaftServerImpl.java:setRole(175)) - 40524df2-78a3-4e4e-9ceb-ad6c0599eecc@group-72BF283FA841: changes role from CANDIDATE to LEADER at term 1 for changeToLeader
2020-07-01 01:05:59,379 [40524df2-78a3-4e4e-9ceb-ad6c0599eecc@group-72BF283FA841-LeaderElection69] INFO  ratis.XceiverServerRatis (XceiverServerRatis.java:handleLeaderChangedNotification(762)) - Leader change notification received for group: group-72BF283FA841 with new leaderId: 40524df2-78a3-4e4e-9ceb-ad6c0599eecc
2020-07-01 01:05:59,379 [40524df2-78a3-4e4e-9ceb-ad6c0599eecc@group-72BF283FA841-LeaderElection69] INFO  impl.RaftServerImpl (ServerState.java:setLeader(255)) - 40524df2-78a3-4e4e-9ceb-ad6c0599eecc@group-72BF283FA841: change Leader from null to 40524df2-78a3-4e4e-9ceb-ad6c0599eecc at term 1 for becomeLeader, leader elected after 5086ms
2020-07-01 01:05:59,379 [40524df2-78a3-4e4e-9ceb-ad6c0599eecc@group-72BF283FA841-LeaderElection69] INFO  server.RaftServerConfigKeys (ConfUtils.java:logGet(44)) - raft.server.staging.catchup.gap = 1000 (default)
2020-07-01 01:05:59,379 [40524df2-78a3-4e4e-9ceb-ad6c0599eecc@group-72BF283FA841-LeaderElection69] INFO  server.RaftServerConfigKeys (ConfUtils.java:logGet(44)) - raft.server.rpc.sleep.time = 25ms (default)
2020-07-01 01:05:59,379 [40524df2-78a3-4e4e-9ceb-ad6c0599eecc@group-72BF283FA841-LeaderElection69] INFO  metrics.RatisMetrics (RatisMetrics.java:lambda$create$0(36)) - Creating Metrics Registry : ratis.log_appender.40524df2-78a3-4e4e-9ceb-ad6c0599eecc@group-72BF283FA841
2020-07-01 01:05:59,380 [40524df2-78a3-4e4e-9ceb-ad6c0599eecc@group-72BF283FA841-LeaderElection69] INFO  server.RaftServerConfigKeys (ConfUtils.java:logGet(44)) - raft.server.write.element-limit = 1024 (custom)
2020-07-01 01:05:59,380 [40524df2-78a3-4e4e-9ceb-ad6c0599eecc@group-72BF283FA841-LeaderElection69] INFO  server.RaftServerConfigKeys (ConfUtils.java:logGet(44)) - raft.server.write.byte-limit = 1073741824 (custom)
2020-07-01 01:05:59,389 [grpc-default-executor-6] INFO  ratis.XceiverServerRatis (XceiverServerRatis.java:handleLeaderChangedNotification(762)) - Leader change notification received for group: group-304D1CDEA4AC with new leaderId: 69db720a-335e-417f-9e4d-9b6daaea3d10
2020-07-01 01:05:59,389 [grpc-default-executor-6] INFO  impl.RaftServerImpl (ServerState.java:setLeader(255)) - 40524df2-78a3-4e4e-9ceb-ad6c0599eecc@group-304D1CDEA4AC: change Leader from null to 69db720a-335e-417f-9e4d-9b6daaea3d10 at term 1 for appendEntries, leader elected after 5082ms
2020-07-01 01:05:59,390 [69db720a-335e-417f-9e4d-9b6daaea3d10@group-3E57BA319AF7-LeaderElection70] INFO  impl.LeaderElection (LeaderElection.java:askForVotes(206)) - 69db720a-335e-417f-9e4d-9b6daaea3d10@group-3E57BA319AF7-LeaderElection70: begin an election at term 1 for -1: [69db720a-335e-417f-9e4d-9b6daaea3d10:172.17.0.2:36327], old=null
2020-07-01 01:05:59,390 [69db720a-335e-417f-9e4d-9b6daaea3d10@group-3E57BA319AF7-LeaderElection70] INFO  impl.RoleInfo (RoleInfo.java:shutdownLeaderElection(134)) - 69db720a-335e-417f-9e4d-9b6daaea3d10: shutdown LeaderElection
2020-07-01 01:05:59,390 [69db720a-335e-417f-9e4d-9b6daaea3d10@group-3E57BA319AF7-LeaderElection70] INFO  impl.RaftServerImpl (RaftServerImpl.java:setRole(175)) - 69db720a-335e-417f-9e4d-9b6daaea3d10@group-3E57BA319AF7: changes role from CANDIDATE to LEADER at term 1 for changeToLeader
2020-07-01 01:05:59,390 [69db720a-335e-417f-9e4d-9b6daaea3d10@group-3E57BA319AF7-LeaderElection70] INFO  ratis.XceiverServerRatis (XceiverServerRatis.java:handleLeaderChangedNotification(762)) - Leader change notification received for group: group-3E57BA319AF7 with new leaderId: 69db720a-335e-417f-9e4d-9b6daaea3d10
2020-07-01 01:05:59,390 [69db720a-335e-417f-9e4d-9b6daaea3d10@group-3E57BA319AF7-LeaderElection70] INFO  impl.RaftServerImpl (ServerState.java:setLeader(255)) - 69db720a-335e-417f-9e4d-9b6daaea3d10@group-3E57BA319AF7: change Leader from null to 69db720a-335e-417f-9e4d-9b6daaea3d10 at term 1 for becomeLeader, leader elected after 5127ms
2020-07-01 01:05:59,390 [69db720a-335e-417f-9e4d-9b6daaea3d10@group-3E57BA319AF7-LeaderElection70] INFO  server.RaftServerConfigKeys (ConfUtils.java:logGet(44)) - raft.server.staging.catchup.gap = 1000 (default)
2020-07-01 01:05:59,391 [69db720a-335e-417f-9e4d-9b6daaea3d10@group-3E57BA319AF7-LeaderElection70] INFO  server.RaftServerConfigKeys (ConfUtils.java:logGet(44)) - raft.server.rpc.sleep.time = 25ms (default)
2020-07-01 01:05:59,391 [69db720a-335e-417f-9e4d-9b6daaea3d10@group-3E57BA319AF7-LeaderElection70] INFO  metrics.RatisMetrics (RatisMetrics.java:lambda$create$0(36)) - Creating Metrics Registry : ratis.log_appender.69db720a-335e-417f-9e4d-9b6daaea3d10@group-3E57BA319AF7
2020-07-01 01:05:59,391 [69db720a-335e-417f-9e4d-9b6daaea3d10@group-3E57BA319AF7-LeaderElection70] INFO  server.RaftServerConfigKeys (ConfUtils.java:logGet(44)) - raft.server.write.element-limit = 1024 (custom)
2020-07-01 01:05:59,391 [69db720a-335e-417f-9e4d-9b6daaea3d10@group-3E57BA319AF7-LeaderElection70] INFO  server.RaftServerConfigKeys (ConfUtils.java:logGet(44)) - raft.server.write.byte-limit = 1073741824 (custom)
2020-07-01 01:05:59,392 [grpc-default-executor-6] DEBUG server.GrpcLogAppender (GrpcLogAppender.java:onNext(257)) - 69db720a-335e-417f-9e4d-9b6daaea3d10@group-304D1CDEA4AC->40524df2-78a3-4e4e-9ceb-ad6c0599eecc-AppendLogResponseHandler: received the first reply 69db720a-335e-417f-9e4d-9b6daaea3d10<-40524df2-78a3-4e4e-9ceb-ad6c0599eecc#0:OK,SUCCESS,nextIndex:0,term:1,followerCommit:-1, request=AppendEntriesRequest:cid=0,entriesCount=0,lastEntry=null
2020-07-01 01:05:59,402 [grpc-default-executor-1] DEBUG impl.RaftServerImpl (RaftServerImpl.java:logAppendEntries(928)) - 5f570ae4-9456-445c-93e3-9355377d8e07@group-304D1CDEA4AC: receive appendEntries(69db720a-335e-417f-9e4d-9b6daaea3d10, 1, null, -1, false, commits[69db720a-335e-417f-9e4d-9b6daaea3d10:c-1, 5f570ae4-9456-445c-93e3-9355377d8e07:c-1, 40524df2-78a3-4e4e-9ceb-ad6c0599eecc:c-1], entries: (t:1, i:0), CONFIGURATIONENTRY
2020-07-01 01:05:59,404 [grpc-default-executor-7] DEBUG impl.RaftServerImpl (RaftServerImpl.java:logAppendEntries(928)) - 40524df2-78a3-4e4e-9ceb-ad6c0599eecc@group-304D1CDEA4AC: receive appendEntries(69db720a-335e-417f-9e4d-9b6daaea3d10, 1, null, -1, false, commits[69db720a-335e-417f-9e4d-9b6daaea3d10:c-1, 5f570ae4-9456-445c-93e3-9355377d8e07:c-1, 40524df2-78a3-4e4e-9ceb-ad6c0599eecc:c-1], entries: (t:1, i:0), CONFIGURATIONENTRY
2020-07-01 01:05:59,409 [40524df2-78a3-4e4e-9ceb-ad6c0599eecc@group-72BF283FA841-LeaderElection69] INFO  server.RaftServerConfigKeys (ConfUtils.java:logGet(44)) - raft.server.watch.timeout = 180s (custom)
2020-07-01 01:05:59,409 [40524df2-78a3-4e4e-9ceb-ad6c0599eecc@group-72BF283FA841-LeaderElection69] INFO  server.RaftServerConfigKeys (ConfUtils.java:logGet(44)) - raft.server.watch.timeout.denomination = 1s (default)
2020-07-01 01:05:59,409 [40524df2-78a3-4e4e-9ceb-ad6c0599eecc@group-72BF283FA841-LeaderElection69] INFO  server.RaftServerConfigKeys (ConfUtils.java:logGet(44)) - raft.server.watch.element-limit = 65536 (default)
2020-07-01 01:05:59,409 [grpc-default-executor-1] INFO  impl.RaftServerImpl (ServerState.java:setRaftConf(356)) - 5f570ae4-9456-445c-93e3-9355377d8e07@group-304D1CDEA4AC: set configuration 0: [5f570ae4-9456-445c-93e3-9355377d8e07:172.17.0.2:45527, 40524df2-78a3-4e4e-9ceb-ad6c0599eecc:172.17.0.2:36129, 69db720a-335e-417f-9e4d-9b6daaea3d10:172.17.0.2:36327], old=null at 0
2020-07-01 01:05:59,409 [40524df2-78a3-4e4e-9ceb-ad6c0599eecc@group-72BF283FA841-LeaderElection69] INFO  impl.RoleInfo (RoleInfo.java:updateAndGet(143)) - 40524df2-78a3-4e4e-9ceb-ad6c0599eecc: start LeaderState
2020-07-01 01:05:59,411 [grpc-default-executor-7] INFO  impl.RaftServerImpl (ServerState.java:setRaftConf(356)) - 40524df2-78a3-4e4e-9ceb-ad6c0599eecc@group-304D1CDEA4AC: set configuration 0: [5f570ae4-9456-445c-93e3-9355377d8e07:172.17.0.2:45527, 40524df2-78a3-4e4e-9ceb-ad6c0599eecc:172.17.0.2:36129, 69db720a-335e-417f-9e4d-9b6daaea3d10:172.17.0.2:36327], old=null at 0
2020-07-01 01:05:59,411 [69db720a-335e-417f-9e4d-9b6daaea3d10@group-3E57BA319AF7-LeaderElection70] INFO  server.RaftServerConfigKeys (ConfUtils.java:logGet(44)) - raft.server.watch.timeout = 180s (custom)
2020-07-01 01:05:59,411 [69db720a-335e-417f-9e4d-9b6daaea3d10@group-3E57BA319AF7-LeaderElection70] INFO  server.RaftServerConfigKeys (ConfUtils.java:logGet(44)) - raft.server.watch.timeout.denomination = 1s (default)
2020-07-01 01:05:59,411 [69db720a-335e-417f-9e4d-9b6daaea3d10@group-3E57BA319AF7-LeaderElection70] INFO  server.RaftServerConfigKeys (ConfUtils.java:logGet(44)) - raft.server.watch.element-limit = 65536 (default)
2020-07-01 01:05:59,411 [69db720a-335e-417f-9e4d-9b6daaea3d10@group-3E57BA319AF7-LeaderElection70] INFO  impl.RoleInfo (RoleInfo.java:updateAndGet(143)) - 69db720a-335e-417f-9e4d-9b6daaea3d10: start LeaderState
2020-07-01 01:05:59,416 [grpc-default-executor-1] INFO  segmented.SegmentedRaftLogWorker (SegmentedRaftLogWorker.java:startLogSegment(397)) - 5f570ae4-9456-445c-93e3-9355377d8e07@group-304D1CDEA4AC-SegmentedRaftLogWorker: Starting segment from index:0
2020-07-01 01:05:59,416 [40524df2-78a3-4e4e-9ceb-ad6c0599eecc@group-72BF283FA841-LeaderElection69] INFO  segmented.SegmentedRaftLogWorker (SegmentedRaftLogWorker.java:startLogSegment(397)) - 40524df2-78a3-4e4e-9ceb-ad6c0599eecc@group-72BF283FA841-SegmentedRaftLogWorker: Starting segment from index:0
2020-07-01 01:05:59,417 [40524df2-78a3-4e4e-9ceb-ad6c0599eecc@group-72BF283FA841-LeaderElection69] INFO  impl.RaftServerImpl (ServerState.java:setRaftConf(356)) - 40524df2-78a3-4e4e-9ceb-ad6c0599eecc@group-72BF283FA841: set configuration 0: [40524df2-78a3-4e4e-9ceb-ad6c0599eecc:172.17.0.2:36129], old=null at 0
2020-07-01 01:05:59,418 [grpc-default-executor-7] INFO  segmented.SegmentedRaftLogWorker (SegmentedRaftLogWorker.java:startLogSegment(397)) - 40524df2-78a3-4e4e-9ceb-ad6c0599eecc@group-304D1CDEA4AC-SegmentedRaftLogWorker: Starting segment from index:0
2020-07-01 01:05:59,418 [69db720a-335e-417f-9e4d-9b6daaea3d10@group-3E57BA319AF7-LeaderElection70] INFO  segmented.SegmentedRaftLogWorker (SegmentedRaftLogWorker.java:startLogSegment(397)) - 69db720a-335e-417f-9e4d-9b6daaea3d10@group-3E57BA319AF7-SegmentedRaftLogWorker: Starting segment from index:0
2020-07-01 01:05:59,419 [69db720a-335e-417f-9e4d-9b6daaea3d10@group-3E57BA319AF7-LeaderElection70] INFO  impl.RaftServerImpl (ServerState.java:setRaftConf(356)) - 69db720a-335e-417f-9e4d-9b6daaea3d10@group-3E57BA319AF7: set configuration 0: [69db720a-335e-417f-9e4d-9b6daaea3d10:172.17.0.2:36327], old=null at 0
2020-07-01 01:05:59,422 [5f570ae4-9456-445c-93e3-9355377d8e07@group-304D1CDEA4AC-SegmentedRaftLogWorker] INFO  segmented.SegmentedRaftLogWorker (SegmentedRaftLogWorker.java:execute(596)) - 5f570ae4-9456-445c-93e3-9355377d8e07@group-304D1CDEA4AC-SegmentedRaftLogWorker: created new log segment /github/workspace/mnt/ozone/hadoop-ozone/integration-test/target/test-dir/MiniOzoneClusterImpl-f77758f3-7054-4a66-83a1-d2ef3e95fe09/datanode-0/data/ratis/f1d92eae-632a-487e-abe0-304d1cdea4ac/current/log_inprogress_0
2020-07-01 01:05:59,423 [40524df2-78a3-4e4e-9ceb-ad6c0599eecc@group-72BF283FA841-SegmentedRaftLogWorker] INFO  segmented.SegmentedRaftLogWorker (SegmentedRaftLogWorker.java:execute(596)) - 40524df2-78a3-4e4e-9ceb-ad6c0599eecc@group-72BF283FA841-SegmentedRaftLogWorker: created new log segment /github/workspace/mnt/ozone/hadoop-ozone/integration-test/target/test-dir/MiniOzoneClusterImpl-f77758f3-7054-4a66-83a1-d2ef3e95fe09/datanode-2/data/ratis/e1343460-3814-4b7d-87f8-72bf283fa841/current/log_inprogress_0
2020-07-01 01:05:59,423 [40524df2-78a3-4e4e-9ceb-ad6c0599eecc@group-304D1CDEA4AC-SegmentedRaftLogWorker] INFO  segmented.SegmentedRaftLogWorker (SegmentedRaftLogWorker.java:execute(596)) - 40524df2-78a3-4e4e-9ceb-ad6c0599eecc@group-304D1CDEA4AC-SegmentedRaftLogWorker: created new log segment /github/workspace/mnt/ozone/hadoop-ozone/integration-test/target/test-dir/MiniOzoneClusterImpl-f77758f3-7054-4a66-83a1-d2ef3e95fe09/datanode-2/data/ratis/f1d92eae-632a-487e-abe0-304d1cdea4ac/current/log_inprogress_0
2020-07-01 01:05:59,423 [69db720a-335e-417f-9e4d-9b6daaea3d10@group-3E57BA319AF7-SegmentedRaftLogWorker] INFO  segmented.SegmentedRaftLogWorker (SegmentedRaftLogWorker.java:execute(596)) - 69db720a-335e-417f-9e4d-9b6daaea3d10@group-3E57BA319AF7-SegmentedRaftLogWorker: created new log segment /github/workspace/mnt/ozone/hadoop-ozone/integration-test/target/test-dir/MiniOzoneClusterImpl-f77758f3-7054-4a66-83a1-d2ef3e95fe09/datanode-1/data/ratis/3813fbde-8fd8-4640-b471-3e57ba319af7/current/log_inprogress_0
2020-07-01 01:05:59,431 [Thread-4757] DEBUG impl.RaftServerImpl (RaftServerImpl.java:logAppendEntries(928)) - 5f570ae4-9456-445c-93e3-9355377d8e07@group-304D1CDEA4AC: succeeded to handle AppendEntries. Reply: 69db720a-335e-417f-9e4d-9b6daaea3d10<-5f570ae4-9456-445c-93e3-9355377d8e07#1:OK,SUCCESS,nextIndex:1,term:1,followerCommit:-1
2020-07-01 01:05:59,431 [grpc-default-executor-7] DEBUG server.GrpcLogAppender (GrpcLogAppender.java:onNext(257)) - 69db720a-335e-417f-9e4d-9b6daaea3d10@group-304D1CDEA4AC->5f570ae4-9456-445c-93e3-9355377d8e07-AppendLogResponseHandler: received a reply 69db720a-335e-417f-9e4d-9b6daaea3d10<-5f570ae4-9456-445c-93e3-9355377d8e07#1:OK,SUCCESS,nextIndex:1,term:1,followerCommit:-1, request=AppendEntriesRequest:cid=1,entriesCount=1,lastEntry=(t:1, i:0)
2020-07-01 01:05:59,440 [Thread-4758] DEBUG impl.RaftServerImpl (RaftServerImpl.java:logAppendEntries(928)) - 40524df2-78a3-4e4e-9ceb-ad6c0599eecc@group-304D1CDEA4AC: succeeded to handle AppendEntries. Reply: 69db720a-335e-417f-9e4d-9b6daaea3d10<-40524df2-78a3-4e4e-9ceb-ad6c0599eecc#1:OK,SUCCESS,nextIndex:1,term:1,followerCommit:-1
2020-07-01 01:05:59,441 [grpc-default-executor-7] DEBUG server.GrpcLogAppender (GrpcLogAppender.java:onNext(257)) - 69db720a-335e-417f-9e4d-9b6daaea3d10@group-304D1CDEA4AC->40524df2-78a3-4e4e-9ceb-ad6c0599eecc-AppendLogResponseHandler: received a reply 69db720a-335e-417f-9e4d-9b6daaea3d10<-40524df2-78a3-4e4e-9ceb-ad6c0599eecc#1:OK,SUCCESS,nextIndex:1,term:1,followerCommit:-1, request=AppendEntriesRequest:cid=1,entriesCount=1,lastEntry=(t:1, i:0)
2020-07-01 01:05:59,607 [grpc-default-executor-7] INFO  ratis.OzoneManagerStateMachine (OzoneManagerStateMachine.java:getLatestSnapshot(147)) - Latest Snapshot Info 0#-1
2020-07-01 01:05:59,608 [grpc-default-executor-7] INFO  ratis.OzoneManagerStateMachine (OzoneManagerStateMachine.java:getLatestSnapshot(147)) - Latest Snapshot Info 0#-1
2020-07-01 01:05:59,608 [grpc-default-executor-1] DEBUG server.GrpcLogAppender (GrpcLogAppender.java:onNext(257)) - omNode-1@group-523986131536->omNode-3-AppendLogResponseHandler: received a reply omNode-1<-omNode-3#24:OK,SUCCESS,nextIndex:1,term:1,followerCommit:0, request=AppendEntriesRequest:cid=24,entriesCount=0,lastEntry=null
2020-07-01 01:05:59,608 [grpc-default-executor-1] DEBUG server.GrpcLogAppender (GrpcLogAppender.java:onNext(257)) - omNode-1@group-523986131536->omNode-2-AppendLogResponseHandler: received a reply omNode-1<-omNode-2#24:OK,SUCCESS,nextIndex:1,term:1,followerCommit:0, request=AppendEntriesRequest:cid=24,entriesCount=0,lastEntry=null
2020-07-01 01:06:00,108 [grpc-default-executor-1] INFO  ratis.OzoneManagerStateMachine (OzoneManagerStateMachine.java:getLatestSnapshot(147)) - Latest Snapshot Info 0#-1
2020-07-01 01:06:00,109 [grpc-default-executor-7] INFO  ratis.OzoneManagerStateMachine (OzoneManagerStateMachine.java:getLatestSnapshot(147)) - Latest Snapshot Info 0#-1
2020-07-01 01:06:00,109 [grpc-default-executor-1] DEBUG server.GrpcLogAppender (GrpcLogAppender.java:onNext(257)) - omNode-1@group-523986131536->omNode-3-AppendLogResponseHandler: received a reply omNode-1<-omNode-3#25:OK,SUCCESS,nextIndex:1,term:1,followerCommit:0, request=AppendEntriesRequest:cid=25,entriesCount=0,lastEntry=null
2020-07-01 01:06:00,110 [grpc-default-executor-1] DEBUG server.GrpcLogAppender (GrpcLogAppender.java:onNext(257)) - omNode-1@group-523986131536->omNode-2-AppendLogResponseHandler: received a reply omNode-1<-omNode-2#25:OK,SUCCESS,nextIndex:1,term:1,followerCommit:0, request=AppendEntriesRequest:cid=25,entriesCount=0,lastEntry=null
2020-07-01 01:06:00,281 [Listener at 127.0.0.1/11872] INFO  ozone.MiniOzoneClusterImpl (MiniOzoneClusterImpl.java:lambda$waitForClusterToBeReady$0(177)) - Nodes are ready. Got 3 of 3 DN Heartbeats.
2020-07-01 01:06:00,281 [Listener at 127.0.0.1/11872] INFO  ozone.MiniOzoneClusterImpl (MiniOzoneClusterImpl.java:lambda$waitForClusterToBeReady$0(180)) - Cluster exits safe mode
2020-07-01 01:06:00,298 [Listener at 127.0.0.1/11872] INFO  rpc.RpcClient (RpcClient.java:createVolume(315)) - Creating Volume: volume65286, with user85270 as owner.
2020-07-01 01:06:00,299 [IPC Server handler 3 on default port 11860] DEBUG impl.RaftServerImpl (RaftServerImpl.java:submitClientRequestAsync(575)) - omNode-1@group-523986131536: receive client request(RaftClientRequest:client-6E5155DBE9B8->omNode-1@group-523986131536, cid=321, seq=0, RW, Message:080b12001a13636c6965...(size=150))
2020-07-01 01:06:00,300 [IPC Server handler 3 on default port 11860] DEBUG impl.RaftServerImpl (LeaderState.java:addPendingRequest(335)) - omNode-1@group-523986131536-LeaderState: addPendingRequest at RaftClientRequest:client-6E5155DBE9B8->omNode-1@group-523986131536, cid=321, seq=0, RW, Message:080b12001a13636c6965...(size=150), entry=(t:1, i:1), STATEMACHINELOGENTRY, client-6E5155DBE9B8, cid=321
2020-07-01 01:06:00,301 [grpc-default-executor-1] DEBUG impl.RaftServerImpl (RaftServerImpl.java:logAppendEntries(928)) - omNode-3@group-523986131536: receive appendEntries(omNode-1, 1, (t:1, i:0), 0, false, commits[omNode-1:c0, omNode-3:c0, omNode-2:c0], entries: (t:1, i:1), STATEMACHINELOGENTRY, client-6E5155DBE9B8, cid=321
2020-07-01 01:06:00,301 [grpc-default-executor-1] INFO  ratis.OzoneManagerStateMachine (OzoneManagerStateMachine.java:getLatestSnapshot(147)) - Latest Snapshot Info 0#-1
2020-07-01 01:06:00,301 [grpc-default-executor-1] INFO  ratis.OzoneManagerStateMachine (OzoneManagerStateMachine.java:getLatestSnapshot(147)) - Latest Snapshot Info 0#-1
2020-07-01 01:06:00,301 [grpc-default-executor-7] DEBUG impl.RaftServerImpl (RaftServerImpl.java:logAppendEntries(928)) - omNode-2@group-523986131536: receive appendEntries(omNode-1, 1, (t:1, i:0), 0, false, commits[omNode-1:c0, omNode-3:c0, omNode-2:c0], entries: (t:1, i:1), STATEMACHINELOGENTRY, client-6E5155DBE9B8, cid=321
2020-07-01 01:06:00,302 [grpc-default-executor-7] INFO  ratis.OzoneManagerStateMachine (OzoneManagerStateMachine.java:getLatestSnapshot(147)) - Latest Snapshot Info 0#-1
2020-07-01 01:06:00,302 [grpc-default-executor-7] INFO  ratis.OzoneManagerStateMachine (OzoneManagerStateMachine.java:getLatestSnapshot(147)) - Latest Snapshot Info 0#-1
2020-07-01 01:06:00,302 [Thread-4768] DEBUG impl.RaftServerImpl (RaftServerImpl.java:logAppendEntries(928)) - omNode-3@group-523986131536: succeeded to handle AppendEntries. Reply: omNode-1<-omNode-3#26:OK,SUCCESS,nextIndex:2,term:1,followerCommit:0
2020-07-01 01:06:00,302 [Thread-4769] DEBUG impl.RaftServerImpl (RaftServerImpl.java:logAppendEntries(928)) - omNode-2@group-523986131536: succeeded to handle AppendEntries. Reply: omNode-1<-omNode-2#26:OK,SUCCESS,nextIndex:2,term:1,followerCommit:0
2020-07-01 01:06:00,303 [grpc-default-executor-7] DEBUG server.GrpcLogAppender (GrpcLogAppender.java:onNext(257)) - omNode-1@group-523986131536->omNode-3-AppendLogResponseHandler: received a reply omNode-1<-omNode-3#26:OK,SUCCESS,nextIndex:2,term:1,followerCommit:0, request=AppendEntriesRequest:cid=26,entriesCount=1,lastEntry=(t:1, i:1)
2020-07-01 01:06:00,303 [grpc-default-executor-7] DEBUG server.GrpcLogAppender (GrpcLogAppender.java:onNext(257)) - omNode-1@group-523986131536->omNode-2-AppendLogResponseHandler: received a reply omNode-1<-omNode-2#26:OK,SUCCESS,nextIndex:2,term:1,followerCommit:0, request=AppendEntriesRequest:cid=26,entriesCount=1,lastEntry=(t:1, i:1)
2020-07-01 01:06:00,303 [grpc-default-executor-7] DEBUG impl.RaftServerImpl (RaftServerImpl.java:logAppendEntries(928)) - omNode-3@group-523986131536: receive appendEntries(omNode-1, 1, (t:1, i:1), 1, false, commits[omNode-1:c1, omNode-3:c0, omNode-2:c0], entries: (t:1, i:2), METADATAENTRY(c:1)
2020-07-01 01:06:00,303 [grpc-default-executor-7] INFO  ratis.OzoneManagerStateMachine (OzoneManagerStateMachine.java:getLatestSnapshot(147)) - Latest Snapshot Info 0#-1
2020-07-01 01:06:00,303 [grpc-default-executor-7] INFO  ratis.OzoneManagerStateMachine (OzoneManagerStateMachine.java:getLatestSnapshot(147)) - Latest Snapshot Info 0#-1
2020-07-01 01:06:00,303 [grpc-default-executor-1] DEBUG impl.RaftServerImpl (RaftServerImpl.java:logAppendEntries(928)) - omNode-2@group-523986131536: receive appendEntries(omNode-1, 1, (t:1, i:1), 1, false, commits[omNode-1:c1, omNode-3:c0, omNode-2:c0], entries: (t:1, i:2), METADATAENTRY(c:1)
2020-07-01 01:06:00,304 [grpc-default-executor-1] INFO  ratis.OzoneManagerStateMachine (OzoneManagerStateMachine.java:getLatestSnapshot(147)) - Latest Snapshot Info 0#-1
2020-07-01 01:06:00,304 [grpc-default-executor-1] INFO  ratis.OzoneManagerStateMachine (OzoneManagerStateMachine.java:getLatestSnapshot(147)) - Latest Snapshot Info 0#-1
2020-07-01 01:06:00,304 [Thread-4770] DEBUG impl.RaftServerImpl (RaftServerImpl.java:logAppendEntries(928)) - omNode-3@group-523986131536: succeeded to handle AppendEntries. Reply: omNode-1<-omNode-3#27:OK,SUCCESS,nextIndex:3,term:1,followerCommit:1
2020-07-01 01:06:00,305 [grpc-default-executor-1] DEBUG server.GrpcLogAppender (GrpcLogAppender.java:onNext(257)) - omNode-1@group-523986131536->omNode-3-AppendLogResponseHandler: received a reply omNode-1<-omNode-3#27:OK,SUCCESS,nextIndex:3,term:1,followerCommit:1, request=AppendEntriesRequest:cid=27,entriesCount=1,lastEntry=(t:1, i:2)
2020-07-01 01:06:00,305 [OM StateMachine ApplyTransaction Thread - 0] INFO  volume.OMVolumeCreateRequest (OMVolumeCreateRequest.java:validateAndUpdateCache(208)) - created volume:volume65286 for user:user85270
2020-07-01 01:06:00,313 [Thread-4771] DEBUG impl.RaftServerImpl (RaftServerImpl.java:logAppendEntries(928)) - omNode-2@group-523986131536: succeeded to handle AppendEntries. Reply: omNode-1<-omNode-2#27:OK,SUCCESS,nextIndex:3,term:1,followerCommit:1
2020-07-01 01:06:00,314 [grpc-default-executor-1] DEBUG server.GrpcLogAppender (GrpcLogAppender.java:onNext(257)) - omNode-1@group-523986131536->omNode-2-AppendLogResponseHandler: received a reply omNode-1<-omNode-2#27:OK,SUCCESS,nextIndex:3,term:1,followerCommit:1, request=AppendEntriesRequest:cid=27,entriesCount=1,lastEntry=(t:1, i:2)
2020-07-01 01:06:00,321 [OM StateMachine ApplyTransaction Thread - 0] INFO  volume.OMVolumeCreateRequest (OMVolumeCreateRequest.java:validateAndUpdateCache(208)) - created volume:volume65286 for user:user85270
2020-07-01 01:06:00,325 [OM StateMachine ApplyTransaction Thread - 0] INFO  volume.OMVolumeCreateRequest (OMVolumeCreateRequest.java:validateAndUpdateCache(208)) - created volume:volume65286 for user:user85270
2020-07-01 01:06:00,326 [Listener at 127.0.0.1/11872] INFO  rpc.RpcClient (RpcClient.java:createBucket(458)) - Creating Bucket: volume65286/bucket04493, with Versioning false and Storage Type set to DISK and Encryption set to false 
2020-07-01 01:06:00,326 [IPC Server handler 5 on default port 11860] DEBUG impl.RaftServerImpl (RaftServerImpl.java:submitClientRequestAsync(575)) - omNode-1@group-523986131536: receive client request(RaftClientRequest:client-6E5155DBE9B8->omNode-1@group-523986131536, cid=322, seq=0, RW, Message:081512001a13636c6965...(size=155))
2020-07-01 01:06:00,327 [IPC Server handler 5 on default port 11860] DEBUG impl.RaftServerImpl (LeaderState.java:addPendingRequest(335)) - omNode-1@group-523986131536-LeaderState: addPendingRequest at RaftClientRequest:client-6E5155DBE9B8->omNode-1@group-523986131536, cid=322, seq=0, RW, Message:081512001a13636c6965...(size=155), entry=(t:1, i:3), STATEMACHINELOGENTRY, client-6E5155DBE9B8, cid=322
2020-07-01 01:06:00,328 [grpc-default-executor-7] DEBUG impl.RaftServerImpl (RaftServerImpl.java:logAppendEntries(928)) - omNode-2@group-523986131536: receive appendEntries(omNode-1, 1, (t:1, i:2), 2, false, commits[omNode-1:c2, omNode-3:c1, omNode-2:c1], entries: (t:1, i:3), STATEMACHINELOGENTRY, client-6E5155DBE9B8, cid=322
2020-07-01 01:06:00,328 [grpc-default-executor-7] INFO  ratis.OzoneManagerStateMachine (OzoneManagerStateMachine.java:getLatestSnapshot(147)) - Latest Snapshot Info 0#-1
2020-07-01 01:06:00,328 [grpc-default-executor-7] INFO  ratis.OzoneManagerStateMachine (OzoneManagerStateMachine.java:getLatestSnapshot(147)) - Latest Snapshot Info 0#-1
2020-07-01 01:06:00,329 [grpc-default-executor-1] DEBUG impl.RaftServerImpl (RaftServerImpl.java:logAppendEntries(928)) - omNode-3@group-523986131536: receive appendEntries(omNode-1, 1, (t:1, i:2), 2, false, commits[omNode-1:c2, omNode-3:c1, omNode-2:c1], entries: (t:1, i:3), STATEMACHINELOGENTRY, client-6E5155DBE9B8, cid=322
2020-07-01 01:06:00,329 [grpc-default-executor-1] INFO  ratis.OzoneManagerStateMachine (OzoneManagerStateMachine.java:getLatestSnapshot(147)) - Latest Snapshot Info 0#-1
2020-07-01 01:06:00,329 [grpc-default-executor-1] INFO  ratis.OzoneManagerStateMachine (OzoneManagerStateMachine.java:getLatestSnapshot(147)) - Latest Snapshot Info 0#-1
2020-07-01 01:06:00,332 [Thread-4772] DEBUG impl.RaftServerImpl (RaftServerImpl.java:logAppendEntries(928)) - omNode-2@group-523986131536: succeeded to handle AppendEntries. Reply: omNode-1<-omNode-2#28:OK,SUCCESS,nextIndex:4,term:1,followerCommit:2
2020-07-01 01:06:00,332 [Thread-4773] DEBUG impl.RaftServerImpl (RaftServerImpl.java:logAppendEntries(928)) - omNode-3@group-523986131536: succeeded to handle AppendEntries. Reply: omNode-1<-omNode-3#28:OK,SUCCESS,nextIndex:4,term:1,followerCommit:2
2020-07-01 01:06:00,332 [grpc-default-executor-1] DEBUG server.GrpcLogAppender (GrpcLogAppender.java:onNext(257)) - omNode-1@group-523986131536->omNode-2-AppendLogResponseHandler: received a reply omNode-1<-omNode-2#28:OK,SUCCESS,nextIndex:4,term:1,followerCommit:2, request=AppendEntriesRequest:cid=28,entriesCount=1,lastEntry=(t:1, i:3)
2020-07-01 01:06:00,333 [grpc-default-executor-7] DEBUG impl.RaftServerImpl (RaftServerImpl.java:logAppendEntries(928)) - omNode-2@group-523986131536: receive appendEntries(omNode-1, 1, (t:1, i:3), 3, false, commits[omNode-1:c3, omNode-3:c1, omNode-2:c2], entries: (t:1, i:4), METADATAENTRY(c:3)
2020-07-01 01:06:00,333 [grpc-default-executor-7] INFO  ratis.OzoneManagerStateMachine (OzoneManagerStateMachine.java:getLatestSnapshot(147)) - Latest Snapshot Info 0#-1
2020-07-01 01:06:00,333 [grpc-default-executor-7] INFO  ratis.OzoneManagerStateMachine (OzoneManagerStateMachine.java:getLatestSnapshot(147)) - Latest Snapshot Info 0#-1
2020-07-01 01:06:00,333 [grpc-default-executor-1] DEBUG server.GrpcLogAppender (GrpcLogAppender.java:onNext(257)) - omNode-1@group-523986131536->omNode-3-AppendLogResponseHandler: received a reply omNode-1<-omNode-3#28:OK,SUCCESS,nextIndex:4,term:1,followerCommit:2, request=AppendEntriesRequest:cid=28,entriesCount=1,lastEntry=(t:1, i:3)
2020-07-01 01:06:00,334 [grpc-default-executor-1] DEBUG impl.RaftServerImpl (RaftServerImpl.java:logAppendEntries(928)) - omNode-3@group-523986131536: receive appendEntries(omNode-1, 1, (t:1, i:3), 3, false, commits[omNode-1:c3, omNode-3:c1, omNode-2:c2], entries: (t:1, i:4), METADATAENTRY(c:3)
2020-07-01 01:06:00,334 [grpc-default-executor-1] INFO  ratis.OzoneManagerStateMachine (OzoneManagerStateMachine.java:getLatestSnapshot(147)) - Latest Snapshot Info 0#-1
2020-07-01 01:06:00,334 [grpc-default-executor-1] INFO  ratis.OzoneManagerStateMachine (OzoneManagerStateMachine.java:getLatestSnapshot(147)) - Latest Snapshot Info 0#-1
2020-07-01 01:06:00,335 [Thread-4774] DEBUG impl.RaftServerImpl (RaftServerImpl.java:logAppendEntries(928)) - omNode-2@group-523986131536: succeeded to handle AppendEntries. Reply: omNode-1<-omNode-2#29:OK,SUCCESS,nextIndex:5,term:1,followerCommit:3
2020-07-01 01:06:00,341 [grpc-default-executor-1] DEBUG server.GrpcLogAppender (GrpcLogAppender.java:onNext(257)) - omNode-1@group-523986131536->omNode-2-AppendLogResponseHandler: received a reply omNode-1<-omNode-2#29:OK,SUCCESS,nextIndex:5,term:1,followerCommit:3, request=AppendEntriesRequest:cid=29,entriesCount=1,lastEntry=(t:1, i:4)
2020-07-01 01:06:00,341 [Thread-4775] DEBUG impl.RaftServerImpl (RaftServerImpl.java:logAppendEntries(928)) - omNode-3@group-523986131536: succeeded to handle AppendEntries. Reply: omNode-1<-omNode-3#29:OK,SUCCESS,nextIndex:5,term:1,followerCommit:3
2020-07-01 01:06:00,342 [grpc-default-executor-1] DEBUG server.GrpcLogAppender (GrpcLogAppender.java:onNext(257)) - omNode-1@group-523986131536->omNode-3-AppendLogResponseHandler: received a reply omNode-1<-omNode-3#29:OK,SUCCESS,nextIndex:5,term:1,followerCommit:3, request=AppendEntriesRequest:cid=29,entriesCount=1,lastEntry=(t:1, i:4)
2020-07-01 01:06:00,354 [IPC Server handler 4 on default port 45819] INFO  pipeline.PipelineStateManager (PipelineStateManager.java:addPipeline(54)) - Created pipeline Pipeline[ Id: 636886e3-90c6-4867-a159-49be634c6f1b, Nodes: 5f570ae4-9456-445c-93e3-9355377d8e07{ip: 172.17.0.2, host: 5231e4c2ab07, networkLocation: /default-rack, certSerialId: null}, Type:STAND_ALONE, Factor:ONE, State:OPEN, leaderId:, CreationTimestamp2020-07-01T01:06:00.354Z]
2020-07-01 01:06:00,367 [IPC Server handler 4 on default port 11860] DEBUG impl.RaftServerImpl (RaftServerImpl.java:submitClientRequestAsync(575)) - omNode-1@group-523986131536: receive client request(RaftClientRequest:client-6E5155DBE9B8->omNode-1@group-523986131536, cid=323, seq=0, RW, Message:081f12001a13636c6965...(size=409))
2020-07-01 01:06:00,368 [IPC Server handler 4 on default port 11860] DEBUG impl.RaftServerImpl (LeaderState.java:addPendingRequest(335)) - omNode-1@group-523986131536-LeaderState: addPendingRequest at RaftClientRequest:client-6E5155DBE9B8->omNode-1@group-523986131536, cid=323, seq=0, RW, Message:081f12001a13636c6965...(size=409), entry=(t:1, i:5), STATEMACHINELOGENTRY, client-6E5155DBE9B8, cid=323
2020-07-01 01:06:00,368 [grpc-default-executor-1] DEBUG impl.RaftServerImpl (RaftServerImpl.java:logAppendEntries(928)) - omNode-2@group-523986131536: receive appendEntries(omNode-1, 1, (t:1, i:4), 4, false, commits[omNode-1:c4, omNode-3:c3, omNode-2:c3], entries: (t:1, i:5), STATEMACHINELOGENTRY, client-6E5155DBE9B8, cid=323
2020-07-01 01:06:00,368 [grpc-default-executor-7] DEBUG impl.RaftServerImpl (RaftServerImpl.java:logAppendEntries(928)) - omNode-3@group-523986131536: receive appendEntries(omNode-1, 1, (t:1, i:4), 4, false, commits[omNode-1:c4, omNode-3:c3, omNode-2:c3], entries: (t:1, i:5), STATEMACHINELOGENTRY, client-6E5155DBE9B8, cid=323
2020-07-01 01:06:00,368 [grpc-default-executor-1] INFO  ratis.OzoneManagerStateMachine (OzoneManagerStateMachine.java:getLatestSnapshot(147)) - Latest Snapshot Info 0#-1
2020-07-01 01:06:00,369 [grpc-default-executor-1] INFO  ratis.OzoneManagerStateMachine (OzoneManagerStateMachine.java:getLatestSnapshot(147)) - Latest Snapshot Info 0#-1
2020-07-01 01:06:00,369 [grpc-default-executor-7] INFO  ratis.OzoneManagerStateMachine (OzoneManagerStateMachine.java:getLatestSnapshot(147)) - Latest Snapshot Info 0#-1
2020-07-01 01:06:00,369 [grpc-default-executor-7] INFO  ratis.OzoneManagerStateMachine (OzoneManagerStateMachine.java:getLatestSnapshot(147)) - Latest Snapshot Info 0#-1
2020-07-01 01:06:00,376 [Thread-4777] DEBUG impl.RaftServerImpl (RaftServerImpl.java:logAppendEntries(928)) - omNode-2@group-523986131536: succeeded to handle AppendEntries. Reply: omNode-1<-omNode-2#30:OK,SUCCESS,nextIndex:6,term:1,followerCommit:4
2020-07-01 01:06:00,377 [grpc-default-executor-1] DEBUG server.GrpcLogAppender (GrpcLogAppender.java:onNext(257)) - omNode-1@group-523986131536->omNode-2-AppendLogResponseHandler: received a reply omNode-1<-omNode-2#30:OK,SUCCESS,nextIndex:6,term:1,followerCommit:4, request=AppendEntriesRequest:cid=30,entriesCount=1,lastEntry=(t:1, i:5)
2020-07-01 01:06:00,377 [grpc-default-executor-7] DEBUG impl.RaftServerImpl (RaftServerImpl.java:logAppendEntries(928)) - omNode-3@group-523986131536: receive appendEntries(omNode-1, 1, (t:1, i:5), 5, false, commits[omNode-1:c5, omNode-3:c3, omNode-2:c4], entries: (t:1, i:6), METADATAENTRY(c:5)
2020-07-01 01:06:00,377 [grpc-default-executor-7] INFO  ratis.OzoneManagerStateMachine (OzoneManagerStateMachine.java:getLatestSnapshot(147)) - Latest Snapshot Info 0#-1
2020-07-01 01:06:00,377 [grpc-default-executor-7] INFO  ratis.OzoneManagerStateMachine (OzoneManagerStateMachine.java:getLatestSnapshot(147)) - Latest Snapshot Info 0#-1
2020-07-01 01:06:00,381 [grpc-default-executor-1] DEBUG impl.RaftServerImpl (RaftServerImpl.java:logAppendEntries(928)) - omNode-2@group-523986131536: receive appendEntries(omNode-1, 1, (t:1, i:5), 5, false, commits[omNode-1:c5, omNode-3:c3, omNode-2:c4], entries: (t:1, i:6), METADATAENTRY(c:5)
2020-07-01 01:06:00,381 [grpc-default-executor-1] INFO  ratis.OzoneManagerStateMachine (OzoneManagerStateMachine.java:getLatestSnapshot(147)) - Latest Snapshot Info 0#-1
2020-07-01 01:06:00,381 [grpc-default-executor-1] INFO  ratis.OzoneManagerStateMachine (OzoneManagerStateMachine.java:getLatestSnapshot(147)) - Latest Snapshot Info 0#-1
2020-07-01 01:06:00,386 [Thread-4778] DEBUG impl.RaftServerImpl (RaftServerImpl.java:logAppendEntries(928)) - omNode-3@group-523986131536: succeeded to handle AppendEntries. Reply: omNode-1<-omNode-3#30:OK,SUCCESS,nextIndex:6,term:1,followerCommit:4
2020-07-01 01:06:00,386 [grpc-default-executor-7] DEBUG server.GrpcLogAppender (GrpcLogAppender.java:onNext(257)) - omNode-1@group-523986131536->omNode-3-AppendLogResponseHandler: received a reply omNode-1<-omNode-3#30:OK,SUCCESS,nextIndex:6,term:1,followerCommit:4, request=AppendEntriesRequest:cid=30,entriesCount=1,lastEntry=(t:1, i:5)
2020-07-01 01:06:00,387 [Thread-4780] DEBUG impl.RaftServerImpl (RaftServerImpl.java:logAppendEntries(928)) - omNode-2@group-523986131536: succeeded to handle AppendEntries. Reply: omNode-1<-omNode-2#31:OK,SUCCESS,nextIndex:7,term:1,followerCommit:5
2020-07-01 01:06:00,387 [grpc-default-executor-6] DEBUG server.GrpcLogAppender (GrpcLogAppender.java:onNext(257)) - omNode-1@group-523986131536->omNode-2-AppendLogResponseHandler: received a reply omNode-1<-omNode-2#31:OK,SUCCESS,nextIndex:7,term:1,followerCommit:5, request=AppendEntriesRequest:cid=31,entriesCount=1,lastEntry=(t:1, i:6)
2020-07-01 01:06:00,395 [Thread-4781] DEBUG impl.RaftServerImpl (RaftServerImpl.java:logAppendEntries(928)) - omNode-3@group-523986131536: succeeded to handle AppendEntries. Reply: omNode-1<-omNode-3#31:OK,SUCCESS,nextIndex:7,term:1,followerCommit:5
2020-07-01 01:06:00,396 [grpc-default-executor-6] DEBUG server.GrpcLogAppender (GrpcLogAppender.java:onNext(257)) - omNode-1@group-523986131536->omNode-3-AppendLogResponseHandler: received a reply omNode-1<-omNode-3#31:OK,SUCCESS,nextIndex:7,term:1,followerCommit:5, request=AppendEntriesRequest:cid=31,entriesCount=1,lastEntry=(t:1, i:6)
2020-07-01 01:06:00,406 [IPC Server handler 6 on default port 11860] DEBUG impl.RaftServerImpl (RaftServerImpl.java:submitClientRequestAsync(575)) - omNode-1@group-523986131536: receive client request(RaftClientRequest:client-6E5155DBE9B8->omNode-1@group-523986131536, cid=325, seq=0, RW, Message:082412001a13636c6965...(size=360))
2020-07-01 01:06:00,407 [IPC Server handler 6 on default port 11860] DEBUG impl.RaftServerImpl (LeaderState.java:addPendingRequest(335)) - omNode-1@group-523986131536-LeaderState: addPendingRequest at RaftClientRequest:client-6E5155DBE9B8->omNode-1@group-523986131536, cid=325, seq=0, RW, Message:082412001a13636c6965...(size=360), entry=(t:1, i:7), STATEMACHINELOGENTRY, client-6E5155DBE9B8, cid=325
2020-07-01 01:06:00,407 [grpc-default-executor-1] DEBUG impl.RaftServerImpl (RaftServerImpl.java:logAppendEntries(928)) - omNode-2@group-523986131536: receive appendEntries(omNode-1, 1, (t:1, i:6), 6, false, commits[omNode-1:c6, omNode-3:c5, omNode-2:c5], entries: (t:1, i:7), STATEMACHINELOGENTRY, client-6E5155DBE9B8, cid=325
2020-07-01 01:06:00,407 [grpc-default-executor-6] DEBUG impl.RaftServerImpl (RaftServerImpl.java:logAppendEntries(928)) - omNode-3@group-523986131536: receive appendEntries(omNode-1, 1, (t:1, i:6), 6, false, commits[omNode-1:c6, omNode-3:c5, omNode-2:c5], entries: (t:1, i:7), STATEMACHINELOGENTRY, client-6E5155DBE9B8, cid=325
2020-07-01 01:06:00,407 [grpc-default-executor-1] INFO  ratis.OzoneManagerStateMachine (OzoneManagerStateMachine.java:getLatestSnapshot(147)) - Latest Snapshot Info 0#-1
2020-07-01 01:06:00,408 [grpc-default-executor-1] INFO  ratis.OzoneManagerStateMachine (OzoneManagerStateMachine.java:getLatestSnapshot(147)) - Latest Snapshot Info 0#-1
2020-07-01 01:06:00,407 [grpc-default-executor-6] INFO  ratis.OzoneManagerStateMachine (OzoneManagerStateMachine.java:getLatestSnapshot(147)) - Latest Snapshot Info 0#-1
2020-07-01 01:06:00,408 [grpc-default-executor-6] INFO  ratis.OzoneManagerStateMachine (OzoneManagerStateMachine.java:getLatestSnapshot(147)) - Latest Snapshot Info 0#-1
2020-07-01 01:06:00,408 [Thread-4783] DEBUG impl.RaftServerImpl (RaftServerImpl.java:logAppendEntries(928)) - omNode-2@group-523986131536: succeeded to handle AppendEntries. Reply: omNode-1<-omNode-2#32:OK,SUCCESS,nextIndex:8,term:1,followerCommit:6
2020-07-01 01:06:00,408 [Thread-4784] DEBUG impl.RaftServerImpl (RaftServerImpl.java:logAppendEntries(928)) - omNode-3@group-523986131536: succeeded to handle AppendEntries. Reply: omNode-1<-omNode-3#32:OK,SUCCESS,nextIndex:8,term:1,followerCommit:6
2020-07-01 01:06:00,408 [grpc-default-executor-6] DEBUG server.GrpcLogAppender (GrpcLogAppender.java:onNext(257)) - omNode-1@group-523986131536->omNode-2-AppendLogResponseHandler: received a reply omNode-1<-omNode-2#32:OK,SUCCESS,nextIndex:8,term:1,followerCommit:6, request=AppendEntriesRequest:cid=32,entriesCount=1,lastEntry=(t:1, i:7)
2020-07-01 01:06:00,409 [grpc-default-executor-6] DEBUG server.GrpcLogAppender (GrpcLogAppender.java:onNext(257)) - omNode-1@group-523986131536->omNode-3-AppendLogResponseHandler: received a reply omNode-1<-omNode-3#32:OK,SUCCESS,nextIndex:8,term:1,followerCommit:6, request=AppendEntriesRequest:cid=32,entriesCount=1,lastEntry=(t:1, i:7)
2020-07-01 01:06:00,409 [grpc-default-executor-6] DEBUG impl.RaftServerImpl (RaftServerImpl.java:logAppendEntries(928)) - omNode-3@group-523986131536: receive appendEntries(omNode-1, 1, (t:1, i:7), 7, false, commits[omNode-1:c7, omNode-3:c6, omNode-2:c6], entries: (t:1, i:8), METADATAENTRY(c:7)
2020-07-01 01:06:00,410 [grpc-default-executor-6] INFO  ratis.OzoneManagerStateMachine (OzoneManagerStateMachine.java:getLatestSnapshot(147)) - Latest Snapshot Info 0#-1
2020-07-01 01:06:00,410 [grpc-default-executor-6] INFO  ratis.OzoneManagerStateMachine (OzoneManagerStateMachine.java:getLatestSnapshot(147)) - Latest Snapshot Info 0#-1
2020-07-01 01:06:00,411 [grpc-default-executor-6] DEBUG impl.RaftServerImpl (RaftServerImpl.java:logAppendEntries(928)) - omNode-2@group-523986131536: receive appendEntries(omNode-1, 1, (t:1, i:7), 7, false, commits[omNode-1:c7, omNode-3:c6, omNode-2:c6], entries: (t:1, i:8), METADATAENTRY(c:7)
2020-07-01 01:06:00,411 [grpc-default-executor-6] INFO  ratis.OzoneManagerStateMachine (OzoneManagerStateMachine.java:getLatestSnapshot(147)) - Latest Snapshot Info 0#-1
2020-07-01 01:06:00,411 [grpc-default-executor-6] INFO  ratis.OzoneManagerStateMachine (OzoneManagerStateMachine.java:getLatestSnapshot(147)) - Latest Snapshot Info 0#-1
2020-07-01 01:06:00,413 [Thread-4785] DEBUG impl.RaftServerImpl (RaftServerImpl.java:logAppendEntries(928)) - omNode-3@group-523986131536: succeeded to handle AppendEntries. Reply: omNode-1<-omNode-3#33:OK,SUCCESS,nextIndex:9,term:1,followerCommit:7
2020-07-01 01:06:00,421 [grpc-default-executor-6] DEBUG server.GrpcLogAppender (GrpcLogAppender.java:onNext(257)) - omNode-1@group-523986131536->omNode-3-AppendLogResponseHandler: received a reply omNode-1<-omNode-3#33:OK,SUCCESS,nextIndex:9,term:1,followerCommit:7, request=AppendEntriesRequest:cid=33,entriesCount=1,lastEntry=(t:1, i:8)
2020-07-01 01:06:00,418 [Thread-4786] DEBUG impl.RaftServerImpl (RaftServerImpl.java:logAppendEntries(928)) - omNode-2@group-523986131536: succeeded to handle AppendEntries. Reply: omNode-1<-omNode-2#33:OK,SUCCESS,nextIndex:9,term:1,followerCommit:7
2020-07-01 01:06:00,418 [IPC Server handler 7 on default port 11860] DEBUG impl.RaftServerImpl (RaftServerImpl.java:submitClientRequestAsync(575)) - omNode-1@group-523986131536: receive client request(RaftClientRequest:client-6E5155DBE9B8->omNode-1@group-523986131536, cid=326, seq=0, RW, Message:081f12001a13636c6965...(size=409))
2020-07-01 01:06:00,422 [IPC Server handler 7 on default port 11860] DEBUG impl.RaftServerImpl (LeaderState.java:addPendingRequest(335)) - omNode-1@group-523986131536-LeaderState: addPendingRequest at RaftClientRequest:client-6E5155DBE9B8->omNode-1@group-523986131536, cid=326, seq=0, RW, Message:081f12001a13636c6965...(size=409), entry=(t:1, i:9), STATEMACHINELOGENTRY, client-6E5155DBE9B8, cid=326
2020-07-01 01:06:00,422 [grpc-default-executor-6] DEBUG impl.RaftServerImpl (RaftServerImpl.java:logAppendEntries(928)) - omNode-3@group-523986131536: receive appendEntries(omNode-1, 1, (t:1, i:8), 8, false, commits[omNode-1:c8, omNode-3:c7, omNode-2:c6], entries: (t:1, i:9), STATEMACHINELOGENTRY, client-6E5155DBE9B8, cid=326
2020-07-01 01:06:00,422 [grpc-default-executor-6] INFO  ratis.OzoneManagerStateMachine (OzoneManagerStateMachine.java:getLatestSnapshot(147)) - Latest Snapshot Info 0#-1
2020-07-01 01:06:00,422 [grpc-default-executor-6] INFO  ratis.OzoneManagerStateMachine (OzoneManagerStateMachine.java:getLatestSnapshot(147)) - Latest Snapshot Info 0#-1
2020-07-01 01:06:00,423 [grpc-default-executor-1] DEBUG impl.RaftServerImpl (RaftServerImpl.java:logAppendEntries(928)) - omNode-2@group-523986131536: receive appendEntries(omNode-1, 1, (t:1, i:8), 8, false, commits[omNode-1:c8, omNode-3:c7, omNode-2:c6], entries: (t:1, i:9), STATEMACHINELOGENTRY, client-6E5155DBE9B8, cid=326
2020-07-01 01:06:00,423 [grpc-default-executor-1] INFO  ratis.OzoneManagerStateMachine (OzoneManagerStateMachine.java:getLatestSnapshot(147)) - Latest Snapshot Info 0#-1
2020-07-01 01:06:00,423 [grpc-default-executor-1] INFO  ratis.OzoneManagerStateMachine (OzoneManagerStateMachine.java:getLatestSnapshot(147)) - Latest Snapshot Info 0#-1
2020-07-01 01:06:00,423 [grpc-default-executor-7] DEBUG server.GrpcLogAppender (GrpcLogAppender.java:onNext(257)) - omNode-1@group-523986131536->omNode-2-AppendLogResponseHandler: received a reply omNode-1<-omNode-2#33:OK,SUCCESS,nextIndex:9,term:1,followerCommit:7, request=AppendEntriesRequest:cid=33,entriesCount=1,lastEntry=(t:1, i:8)
2020-07-01 01:06:00,423 [Thread-4787] DEBUG impl.RaftServerImpl (RaftServerImpl.java:logAppendEntries(928)) - omNode-3@group-523986131536: succeeded to handle AppendEntries. Reply: omNode-1<-omNode-3#34:OK,SUCCESS,nextIndex:10,term:1,followerCommit:8
2020-07-01 01:06:00,423 [Thread-4788] DEBUG impl.RaftServerImpl (RaftServerImpl.java:logAppendEntries(928)) - omNode-2@group-523986131536: succeeded to handle AppendEntries. Reply: omNode-1<-omNode-2#34:OK,SUCCESS,nextIndex:10,term:1,followerCommit:8
2020-07-01 01:06:00,424 [grpc-default-executor-7] DEBUG server.GrpcLogAppender (GrpcLogAppender.java:onNext(257)) - omNode-1@group-523986131536->omNode-3-AppendLogResponseHandler: received a reply omNode-1<-omNode-3#34:OK,SUCCESS,nextIndex:10,term:1,followerCommit:8, request=AppendEntriesRequest:cid=34,entriesCount=1,lastEntry=(t:1, i:9)
2020-07-01 01:06:00,424 [grpc-default-executor-7] DEBUG server.GrpcLogAppender (GrpcLogAppender.java:onNext(257)) - omNode-1@group-523986131536->omNode-2-AppendLogResponseHandler: received a reply omNode-1<-omNode-2#34:OK,SUCCESS,nextIndex:10,term:1,followerCommit:8, request=AppendEntriesRequest:cid=34,entriesCount=1,lastEntry=(t:1, i:9)
2020-07-01 01:06:00,424 [grpc-default-executor-7] DEBUG impl.RaftServerImpl (RaftServerImpl.java:logAppendEntries(928)) - omNode-2@group-523986131536: receive appendEntries(omNode-1, 1, (t:1, i:9), 9, false, commits[omNode-1:c9, omNode-3:c8, omNode-2:c8], entries: (t:1, i:10), METADATAENTRY(c:9)
2020-07-01 01:06:00,425 [grpc-default-executor-7] INFO  ratis.OzoneManagerStateMachine (OzoneManagerStateMachine.java:getLatestSnapshot(147)) - Latest Snapshot Info 0#-1
2020-07-01 01:06:00,425 [grpc-default-executor-7] INFO  ratis.OzoneManagerStateMachine (OzoneManagerStateMachine.java:getLatestSnapshot(147)) - Latest Snapshot Info 0#-1
2020-07-01 01:06:00,429 [grpc-default-executor-7] DEBUG impl.RaftServerImpl (RaftServerImpl.java:logAppendEntries(928)) - omNode-3@group-523986131536: receive appendEntries(omNode-1, 1, (t:1, i:9), 9, false, commits[omNode-1:c9, omNode-3:c8, omNode-2:c7], entries: (t:1, i:10), METADATAENTRY(c:9)
2020-07-01 01:06:00,429 [grpc-default-executor-7] INFO  ratis.OzoneManagerStateMachine (OzoneManagerStateMachine.java:getLatestSnapshot(147)) - Latest Snapshot Info 0#-1
2020-07-01 01:06:00,429 [grpc-default-executor-7] INFO  ratis.OzoneManagerStateMachine (OzoneManagerStateMachine.java:getLatestSnapshot(147)) - Latest Snapshot Info 0#-1
2020-07-01 01:06:00,431 [Thread-4790] DEBUG impl.RaftServerImpl (RaftServerImpl.java:logAppendEntries(928)) - omNode-3@group-523986131536: succeeded to handle AppendEntries. Reply: omNode-1<-omNode-3#35:OK,SUCCESS,nextIndex:11,term:1,followerCommit:9
2020-07-01 01:06:00,431 [grpc-default-executor-7] DEBUG server.GrpcLogAppender (GrpcLogAppender.java:onNext(257)) - omNode-1@group-523986131536->omNode-3-AppendLogResponseHandler: received a reply omNode-1<-omNode-3#35:OK,SUCCESS,nextIndex:11,term:1,followerCommit:9, request=AppendEntriesRequest:cid=35,entriesCount=1,lastEntry=(t:1, i:10)
2020-07-01 01:06:00,435 [Thread-4789] DEBUG impl.RaftServerImpl (RaftServerImpl.java:logAppendEntries(928)) - omNode-2@group-523986131536: succeeded to handle AppendEntries. Reply: omNode-1<-omNode-2#35:OK,SUCCESS,nextIndex:11,term:1,followerCommit:9
2020-07-01 01:06:00,436 [grpc-default-executor-7] DEBUG server.GrpcLogAppender (GrpcLogAppender.java:onNext(257)) - omNode-1@group-523986131536->omNode-2-AppendLogResponseHandler: received a reply omNode-1<-omNode-2#35:OK,SUCCESS,nextIndex:11,term:1,followerCommit:9, request=AppendEntriesRequest:cid=35,entriesCount=1,lastEntry=(t:1, i:10)
2020-07-01 01:06:00,524 [IPC Server handler 8 on default port 11860] DEBUG impl.RaftServerImpl (RaftServerImpl.java:submitClientRequestAsync(575)) - omNode-1@group-523986131536: receive client request(RaftClientRequest:client-6E5155DBE9B8->omNode-1@group-523986131536, cid=327, seq=0, RW, Message:082412001a13636c6965...(size=360))
2020-07-01 01:06:00,525 [IPC Server handler 8 on default port 11860] DEBUG impl.RaftServerImpl (LeaderState.java:addPendingRequest(335)) - omNode-1@group-523986131536-LeaderState: addPendingRequest at RaftClientRequest:client-6E5155DBE9B8->omNode-1@group-523986131536, cid=327, seq=0, RW, Message:082412001a13636c6965...(size=360), entry=(t:1, i:11), STATEMACHINELOGENTRY, client-6E5155DBE9B8, cid=327
2020-07-01 01:06:00,525 [grpc-default-executor-1] DEBUG impl.RaftServerImpl (RaftServerImpl.java:logAppendEntries(928)) - omNode-2@group-523986131536: receive appendEntries(omNode-1, 1, (t:1, i:10), 10, false, commits[omNode-1:c10, omNode-3:c9, omNode-2:c9], entries: (t:1, i:11), STATEMACHINELOGENTRY, client-6E5155DBE9B8, cid=327
2020-07-01 01:06:00,525 [grpc-default-executor-1] INFO  ratis.OzoneManagerStateMachine (OzoneManagerStateMachine.java:getLatestSnapshot(147)) - Latest Snapshot Info 0#-1
2020-07-01 01:06:00,525 [grpc-default-executor-1] INFO  ratis.OzoneManagerStateMachine (OzoneManagerStateMachine.java:getLatestSnapshot(147)) - Latest Snapshot Info 0#-1
2020-07-01 01:06:00,525 [grpc-default-executor-7] DEBUG impl.RaftServerImpl (RaftServerImpl.java:logAppendEntries(928)) - omNode-3@group-523986131536: receive appendEntries(omNode-1, 1, (t:1, i:10), 10, false, commits[omNode-1:c10, omNode-3:c9, omNode-2:c9], entries: (t:1, i:11), STATEMACHINELOGENTRY, client-6E5155DBE9B8, cid=327
2020-07-01 01:06:00,526 [grpc-default-executor-7] INFO  ratis.OzoneManagerStateMachine (OzoneManagerStateMachine.java:getLatestSnapshot(147)) - Latest Snapshot Info 0#-1
2020-07-01 01:06:00,526 [grpc-default-executor-7] INFO  ratis.OzoneManagerStateMachine (OzoneManagerStateMachine.java:getLatestSnapshot(147)) - Latest Snapshot Info 0#-1
2020-07-01 01:06:00,526 [Thread-4792] DEBUG impl.RaftServerImpl (RaftServerImpl.java:logAppendEntries(928)) - omNode-3@group-523986131536: succeeded to handle AppendEntries. Reply: omNode-1<-omNode-3#36:OK,SUCCESS,nextIndex:12,term:1,followerCommit:10
2020-07-01 01:06:00,526 [Thread-4791] DEBUG impl.RaftServerImpl (RaftServerImpl.java:logAppendEntries(928)) - omNode-2@group-523986131536: succeeded to handle AppendEntries. Reply: omNode-1<-omNode-2#36:OK,SUCCESS,nextIndex:12,term:1,followerCommit:10
2020-07-01 01:06:00,527 [grpc-default-executor-7] DEBUG server.GrpcLogAppender (GrpcLogAppender.java:onNext(257)) - omNode-1@group-523986131536->omNode-3-AppendLogResponseHandler: received a reply omNode-1<-omNode-3#36:OK,SUCCESS,nextIndex:12,term:1,followerCommit:10, request=AppendEntriesRequest:cid=36,entriesCount=1,lastEntry=(t:1, i:11)
2020-07-01 01:06:00,528 [grpc-default-executor-1] DEBUG impl.RaftServerImpl (RaftServerImpl.java:logAppendEntries(928)) - omNode-2@group-523986131536: receive appendEntries(omNode-1, 1, (t:1, i:11), 11, false, commits[omNode-1:c11, omNode-3:c10, omNode-2:c9], entries: (t:1, i:12), METADATAENTRY(c:11)
2020-07-01 01:06:00,528 [grpc-default-executor-1] INFO  ratis.OzoneManagerStateMachine (OzoneManagerStateMachine.java:getLatestSnapshot(147)) - Latest Snapshot Info 0#-1
2020-07-01 01:06:00,529 [grpc-default-executor-1] INFO  ratis.OzoneManagerStateMachine (OzoneManagerStateMachine.java:getLatestSnapshot(147)) - Latest Snapshot Info 0#-1
2020-07-01 01:06:00,530 [Thread-4793] DEBUG impl.RaftServerImpl (RaftServerImpl.java:logAppendEntries(928)) - omNode-2@group-523986131536: succeeded to handle AppendEntries. Reply: omNode-1<-omNode-2#37:OK,SUCCESS,nextIndex:13,term:1,followerCommit:11
2020-07-01 01:06:00,537 [grpc-default-executor-1] DEBUG impl.RaftServerImpl (RaftServerImpl.java:logAppendEntries(928)) - omNode-3@group-523986131536: receive appendEntries(omNode-1, 1, (t:1, i:11), 11, false, commits[omNode-1:c11, omNode-3:c10, omNode-2:c9], entries: (t:1, i:12), METADATAENTRY(c:11)
2020-07-01 01:06:00,537 [grpc-default-executor-1] INFO  ratis.OzoneManagerStateMachine (OzoneManagerStateMachine.java:getLatestSnapshot(147)) - Latest Snapshot Info 0#-1
2020-07-01 01:06:00,537 [grpc-default-executor-1] INFO  ratis.OzoneManagerStateMachine (OzoneManagerStateMachine.java:getLatestSnapshot(147)) - Latest Snapshot Info 0#-1
2020-07-01 01:06:00,538 [grpc-default-executor-7] DEBUG server.GrpcLogAppender (GrpcLogAppender.java:onNext(257)) - omNode-1@group-523986131536->omNode-2-AppendLogResponseHandler: received a reply omNode-1<-omNode-2#36:OK,SUCCESS,nextIndex:12,term:1,followerCommit:10, request=AppendEntriesRequest:cid=36,entriesCount=1,lastEntry=(t:1, i:11)
2020-07-01 01:06:00,538 [grpc-default-executor-7] DEBUG server.GrpcLogAppender (GrpcLogAppender.java:onNext(257)) - omNode-1@group-523986131536->omNode-2-AppendLogResponseHandler: received a reply omNode-1<-omNode-2#37:OK,SUCCESS,nextIndex:13,term:1,followerCommit:11, request=AppendEntriesRequest:cid=37,entriesCount=1,lastEntry=(t:1, i:12)
2020-07-01 01:06:00,541 [IPC Server handler 10 on default port 11860] DEBUG impl.RaftServerImpl (RaftServerImpl.java:submitClientRequestAsync(575)) - omNode-1@group-523986131536: receive client request(RaftClientRequest:client-6E5155DBE9B8->omNode-1@group-523986131536, cid=328, seq=0, RW, Message:081f12001a13636c6965...(size=409))
2020-07-01 01:06:00,541 [IPC Server handler 10 on default port 11860] DEBUG impl.RaftServerImpl (LeaderState.java:addPendingRequest(335)) - omNode-1@group-523986131536-LeaderState: addPendingRequest at RaftClientRequest:client-6E5155DBE9B8->omNode-1@group-523986131536, cid=328, seq=0, RW, Message:081f12001a13636c6965...(size=409), entry=(t:1, i:13), STATEMACHINELOGENTRY, client-6E5155DBE9B8, cid=328
2020-07-01 01:06:00,542 [grpc-default-executor-7] DEBUG impl.RaftServerImpl (RaftServerImpl.java:logAppendEntries(928)) - omNode-3@group-523986131536: receive appendEntries(omNode-1, 1, (t:1, i:12), 12, false, commits[omNode-1:c12, omNode-3:c10, omNode-2:c11], entries: (t:1, i:13), STATEMACHINELOGENTRY, client-6E5155DBE9B8, cid=328
2020-07-01 01:06:00,542 [grpc-default-executor-7] INFO  ratis.OzoneManagerStateMachine (OzoneManagerStateMachine.java:getLatestSnapshot(147)) - Latest Snapshot Info 0#-1
2020-07-01 01:06:00,542 [grpc-default-executor-7] INFO  ratis.OzoneManagerStateMachine (OzoneManagerStateMachine.java:getLatestSnapshot(147)) - Latest Snapshot Info 0#-1
2020-07-01 01:06:00,542 [grpc-default-executor-1] DEBUG impl.RaftServerImpl (RaftServerImpl.java:logAppendEntries(928)) - omNode-2@group-523986131536: receive appendEntries(omNode-1, 1, (t:1, i:12), 12, false, commits[omNode-1:c12, omNode-3:c10, omNode-2:c11], entries: (t:1, i:13), STATEMACHINELOGENTRY, client-6E5155DBE9B8, cid=328
2020-07-01 01:06:00,542 [grpc-default-executor-1] INFO  ratis.OzoneManagerStateMachine (OzoneManagerStateMachine.java:getLatestSnapshot(147)) - Latest Snapshot Info 0#-1
2020-07-01 01:06:00,542 [grpc-default-executor-1] INFO  ratis.OzoneManagerStateMachine (OzoneManagerStateMachine.java:getLatestSnapshot(147)) - Latest Snapshot Info 0#-1
2020-07-01 01:06:00,545 [Thread-4794] DEBUG impl.RaftServerImpl (RaftServerImpl.java:logAppendEntries(928)) - omNode-3@group-523986131536: succeeded to handle AppendEntries. Reply: omNode-1<-omNode-3#37:OK,SUCCESS,nextIndex:13,term:1,followerCommit:11
2020-07-01 01:06:00,545 [grpc-default-executor-1] DEBUG server.GrpcLogAppender (GrpcLogAppender.java:onNext(257)) - omNode-1@group-523986131536->omNode-3-AppendLogResponseHandler: received a reply omNode-1<-omNode-3#37:OK,SUCCESS,nextIndex:13,term:1,followerCommit:11, request=AppendEntriesRequest:cid=37,entriesCount=1,lastEntry=(t:1, i:12)
2020-07-01 01:06:00,549 [Thread-4795] DEBUG impl.RaftServerImpl (RaftServerImpl.java:logAppendEntries(928)) - omNode-3@group-523986131536: succeeded to handle AppendEntries. Reply: omNode-1<-omNode-3#38:OK,SUCCESS,nextIndex:14,term:1,followerCommit:12
2020-07-01 01:06:00,549 [Thread-4796] DEBUG impl.RaftServerImpl (RaftServerImpl.java:logAppendEntries(928)) - omNode-2@group-523986131536: succeeded to handle AppendEntries. Reply: omNode-1<-omNode-2#38:OK,SUCCESS,nextIndex:14,term:1,followerCommit:12
2020-07-01 01:06:00,549 [grpc-default-executor-1] DEBUG server.GrpcLogAppender (GrpcLogAppender.java:onNext(257)) - omNode-1@group-523986131536->omNode-3-AppendLogResponseHandler: received a reply omNode-1<-omNode-3#38:OK,SUCCESS,nextIndex:14,term:1,followerCommit:12, request=AppendEntriesRequest:cid=38,entriesCount=1,lastEntry=(t:1, i:13)
2020-07-01 01:06:00,549 [grpc-default-executor-7] DEBUG server.GrpcLogAppender (GrpcLogAppender.java:onNext(257)) - omNode-1@group-523986131536->omNode-2-AppendLogResponseHandler: received a reply omNode-1<-omNode-2#38:OK,SUCCESS,nextIndex:14,term:1,followerCommit:12, request=AppendEntriesRequest:cid=38,entriesCount=1,lastEntry=(t:1, i:13)
2020-07-01 01:06:00,550 [grpc-default-executor-7] DEBUG impl.RaftServerImpl (RaftServerImpl.java:logAppendEntries(928)) - omNode-2@group-523986131536: receive appendEntries(omNode-1, 1, (t:1, i:13), 13, false, commits[omNode-1:c13, omNode-3:c12, omNode-2:c12], entries: (t:1, i:14), METADATAENTRY(c:13)
2020-07-01 01:06:00,550 [grpc-default-executor-7] INFO  ratis.OzoneManagerStateMachine (OzoneManagerStateMachine.java:getLatestSnapshot(147)) - Latest Snapshot Info 0#-1
2020-07-01 01:06:00,550 [grpc-default-executor-7] INFO  ratis.OzoneManagerStateMachine (OzoneManagerStateMachine.java:getLatestSnapshot(147)) - Latest Snapshot Info 0#-1
2020-07-01 01:06:00,551 [grpc-default-executor-7] DEBUG impl.RaftServerImpl (RaftServerImpl.java:logAppendEntries(928)) - omNode-3@group-523986131536: receive appendEntries(omNode-1, 1, (t:1, i:13), 13, false, commits[omNode-1:c13, omNode-3:c12, omNode-2:c12], entries: (t:1, i:14), METADATAENTRY(c:13)
2020-07-01 01:06:00,552 [grpc-default-executor-7] INFO  ratis.OzoneManagerStateMachine (OzoneManagerStateMachine.java:getLatestSnapshot(147)) - Latest Snapshot Info 0#-1
2020-07-01 01:06:00,552 [grpc-default-executor-7] INFO  ratis.OzoneManagerStateMachine (OzoneManagerStateMachine.java:getLatestSnapshot(147)) - Latest Snapshot Info 0#-1
2020-07-01 01:06:00,557 [Thread-4797] DEBUG impl.RaftServerImpl (RaftServerImpl.java:logAppendEntries(928)) - omNode-2@group-523986131536: succeeded to handle AppendEntries. Reply: omNode-1<-omNode-2#39:OK,SUCCESS,nextIndex:15,term:1,followerCommit:13
2020-07-01 01:06:00,557 [grpc-default-executor-1] DEBUG server.GrpcLogAppender (GrpcLogAppender.java:onNext(257)) - omNode-1@group-523986131536->omNode-2-AppendLogResponseHandler: received a reply omNode-1<-omNode-2#39:OK,SUCCESS,nextIndex:15,term:1,followerCommit:13, request=AppendEntriesRequest:cid=39,entriesCount=1,lastEntry=(t:1, i:14)
2020-07-01 01:06:00,564 [Thread-4798] DEBUG impl.RaftServerImpl (RaftServerImpl.java:logAppendEntries(928)) - omNode-3@group-523986131536: succeeded to handle AppendEntries. Reply: omNode-1<-omNode-3#39:OK,SUCCESS,nextIndex:15,term:1,followerCommit:13
2020-07-01 01:06:00,564 [grpc-default-executor-1] DEBUG server.GrpcLogAppender (GrpcLogAppender.java:onNext(257)) - omNode-1@group-523986131536->omNode-3-AppendLogResponseHandler: received a reply omNode-1<-omNode-3#39:OK,SUCCESS,nextIndex:15,term:1,followerCommit:13, request=AppendEntriesRequest:cid=39,entriesCount=1,lastEntry=(t:1, i:14)
2020-07-01 01:06:00,575 [IPC Server handler 9 on default port 11860] DEBUG impl.RaftServerImpl (RaftServerImpl.java:submitClientRequestAsync(575)) - omNode-1@group-523986131536: receive client request(RaftClientRequest:client-6E5155DBE9B8->omNode-1@group-523986131536, cid=329, seq=0, RW, Message:082412001a13636c6965...(size=360))
2020-07-01 01:06:00,575 [IPC Server handler 9 on default port 11860] DEBUG impl.RaftServerImpl (LeaderState.java:addPendingRequest(335)) - omNode-1@group-523986131536-LeaderState: addPendingRequest at RaftClientRequest:client-6E5155DBE9B8->omNode-1@group-523986131536, cid=329, seq=0, RW, Message:082412001a13636c6965...(size=360), entry=(t:1, i:15), STATEMACHINELOGENTRY, client-6E5155DBE9B8, cid=329
2020-07-01 01:06:00,576 [grpc-default-executor-7] DEBUG impl.RaftServerImpl (RaftServerImpl.java:logAppendEntries(928)) - omNode-2@group-523986131536: receive appendEntries(omNode-1, 1, (t:1, i:14), 14, false, commits[omNode-1:c14, omNode-3:c13, omNode-2:c13], entries: (t:1, i:15), STATEMACHINELOGENTRY, client-6E5155DBE9B8, cid=329
2020-07-01 01:06:00,576 [grpc-default-executor-7] INFO  ratis.OzoneManagerStateMachine (OzoneManagerStateMachine.java:getLatestSnapshot(147)) - Latest Snapshot Info 0#-1
2020-07-01 01:06:00,576 [grpc-default-executor-7] INFO  ratis.OzoneManagerStateMachine (OzoneManagerStateMachine.java:getLatestSnapshot(147)) - Latest Snapshot Info 0#-1
2020-07-01 01:06:00,576 [grpc-default-executor-1] DEBUG impl.RaftServerImpl (RaftServerImpl.java:logAppendEntries(928)) - omNode-3@group-523986131536: receive appendEntries(omNode-1, 1, (t:1, i:14), 14, false, commits[omNode-1:c14, omNode-3:c13, omNode-2:c13], entries: (t:1, i:15), STATEMACHINELOGENTRY, client-6E5155DBE9B8, cid=329
2020-07-01 01:06:00,576 [grpc-default-executor-1] INFO  ratis.OzoneManagerStateMachine (OzoneManagerStateMachine.java:getLatestSnapshot(147)) - Latest Snapshot Info 0#-1
2020-07-01 01:06:00,576 [grpc-default-executor-1] INFO  ratis.OzoneManagerStateMachine (OzoneManagerStateMachine.java:getLatestSnapshot(147)) - Latest Snapshot Info 0#-1
2020-07-01 01:06:00,577 [Thread-4799] DEBUG impl.RaftServerImpl (RaftServerImpl.java:logAppendEntries(928)) - omNode-2@group-523986131536: succeeded to handle AppendEntries. Reply: omNode-1<-omNode-2#40:OK,SUCCESS,nextIndex:16,term:1,followerCommit:14
2020-07-01 01:06:00,577 [grpc-default-executor-1] DEBUG server.GrpcLogAppender (GrpcLogAppender.java:onNext(257)) - omNode-1@group-523986131536->omNode-2-AppendLogResponseHandler: received a reply omNode-1<-omNode-2#40:OK,SUCCESS,nextIndex:16,term:1,followerCommit:14, request=AppendEntriesRequest:cid=40,entriesCount=1,lastEntry=(t:1, i:15)
2020-07-01 01:06:00,577 [Thread-4800] DEBUG impl.RaftServerImpl (RaftServerImpl.java:logAppendEntries(928)) - omNode-3@group-523986131536: succeeded to handle AppendEntries. Reply: omNode-1<-omNode-3#40:OK,SUCCESS,nextIndex:16,term:1,followerCommit:14
2020-07-01 01:06:00,578 [grpc-default-executor-7] DEBUG impl.RaftServerImpl (RaftServerImpl.java:logAppendEntries(928)) - omNode-3@group-523986131536: receive appendEntries(omNode-1, 1, (t:1, i:15), 15, false, commits[omNode-1:c15, omNode-3:c13, omNode-2:c14], entries: (t:1, i:16), METADATAENTRY(c:15)
2020-07-01 01:06:00,579 [grpc-default-executor-7] INFO  ratis.OzoneManagerStateMachine (OzoneManagerStateMachine.java:getLatestSnapshot(147)) - Latest Snapshot Info 0#-1
2020-07-01 01:06:00,579 [grpc-default-executor-7] INFO  ratis.OzoneManagerStateMachine (OzoneManagerStateMachine.java:getLatestSnapshot(147)) - Latest Snapshot Info 0#-1
2020-07-01 01:06:00,577 [grpc-default-executor-1] DEBUG impl.RaftServerImpl (RaftServerImpl.java:logAppendEntries(928)) - omNode-2@group-523986131536: receive appendEntries(omNode-1, 1, (t:1, i:15), 15, false, commits[omNode-1:c15, omNode-3:c13, omNode-2:c14], entries: (t:1, i:16), METADATAENTRY(c:15)
2020-07-01 01:06:00,579 [grpc-default-executor-1] INFO  ratis.OzoneManagerStateMachine (OzoneManagerStateMachine.java:getLatestSnapshot(147)) - Latest Snapshot Info 0#-1
2020-07-01 01:06:00,579 [grpc-default-executor-1] INFO  ratis.OzoneManagerStateMachine (OzoneManagerStateMachine.java:getLatestSnapshot(147)) - Latest Snapshot Info 0#-1
2020-07-01 01:06:00,580 [IPC Server handler 17 on default port 11860] DEBUG impl.RaftServerImpl (RaftServerImpl.java:submitClientRequestAsync(575)) - omNode-1@group-523986131536: receive client request(RaftClientRequest:client-6E5155DBE9B8->omNode-1@group-523986131536, cid=330, seq=0, RW, Message:081f12001a13636c6965...(size=409))
2020-07-01 01:06:00,580 [IPC Server handler 17 on default port 11860] DEBUG impl.RaftServerImpl (LeaderState.java:addPendingRequest(335)) - omNode-1@group-523986131536-LeaderState: addPendingRequest at RaftClientRequest:client-6E5155DBE9B8->omNode-1@group-523986131536, cid=330, seq=0, RW, Message:081f12001a13636c6965...(size=409), entry=(t:1, i:17), STATEMACHINELOGENTRY, client-6E5155DBE9B8, cid=330
2020-07-01 01:06:00,581 [grpc-default-executor-1] DEBUG server.GrpcLogAppender (GrpcLogAppender.java:onNext(257)) - omNode-1@group-523986131536->omNode-3-AppendLogResponseHandler: received a reply omNode-1<-omNode-3#40:OK,SUCCESS,nextIndex:16,term:1,followerCommit:14, request=AppendEntriesRequest:cid=40,entriesCount=1,lastEntry=(t:1, i:15)
2020-07-01 01:06:00,581 [grpc-default-executor-1] DEBUG impl.RaftServerImpl (RaftServerImpl.java:logAppendEntries(928)) - omNode-3@group-523986131536: receive appendEntries(omNode-1, 1, (t:1, i:16), 15, false, commits[omNode-1:c15, omNode-3:c13, omNode-2:c14], entries: (t:1, i:17), STATEMACHINELOGENTRY, client-6E5155DBE9B8, cid=330
2020-07-01 01:06:00,581 [grpc-default-executor-1] INFO  ratis.OzoneManagerStateMachine (OzoneManagerStateMachine.java:getLatestSnapshot(147)) - Latest Snapshot Info 0#-1
2020-07-01 01:06:00,581 [grpc-default-executor-1] INFO  ratis.OzoneManagerStateMachine (OzoneManagerStateMachine.java:getLatestSnapshot(147)) - Latest Snapshot Info 0#-1
2020-07-01 01:06:00,581 [grpc-default-executor-7] DEBUG impl.RaftServerImpl (RaftServerImpl.java:logAppendEntries(928)) - omNode-2@group-523986131536: receive appendEntries(omNode-1, 1, (t:1, i:16), 15, false, commits[omNode-1:c15, omNode-3:c13, omNode-2:c14], entries: (t:1, i:17), STATEMACHINELOGENTRY, client-6E5155DBE9B8, cid=330
2020-07-01 01:06:00,582 [grpc-default-executor-7] INFO  ratis.OzoneManagerStateMachine (OzoneManagerStateMachine.java:getLatestSnapshot(147)) - Latest Snapshot Info 0#-1
2020-07-01 01:06:00,582 [grpc-default-executor-7] INFO  ratis.OzoneManagerStateMachine (OzoneManagerStateMachine.java:getLatestSnapshot(147)) - Latest Snapshot Info 0#-1
2020-07-01 01:06:00,582 [Thread-4801] DEBUG impl.RaftServerImpl (RaftServerImpl.java:logAppendEntries(928)) - omNode-2@group-523986131536: succeeded to handle AppendEntries. Reply: omNode-1<-omNode-2#41:OK,SUCCESS,nextIndex:17,term:1,followerCommit:15
2020-07-01 01:06:00,582 [Thread-4802] DEBUG impl.RaftServerImpl (RaftServerImpl.java:logAppendEntries(928)) - omNode-3@group-523986131536: succeeded to handle AppendEntries. Reply: omNode-1<-omNode-3#41:OK,SUCCESS,nextIndex:17,term:1,followerCommit:15
2020-07-01 01:06:00,583 [grpc-default-executor-1] DEBUG server.GrpcLogAppender (GrpcLogAppender.java:onNext(257)) - omNode-1@group-523986131536->omNode-2-AppendLogResponseHandler: received a reply omNode-1<-omNode-2#41:OK,SUCCESS,nextIndex:17,term:1,followerCommit:15, request=AppendEntriesRequest:cid=41,entriesCount=1,lastEntry=(t:1, i:16)
2020-07-01 01:06:00,583 [Thread-4803] DEBUG impl.RaftServerImpl (RaftServerImpl.java:logAppendEntries(928)) - omNode-3@group-523986131536: succeeded to handle AppendEntries. Reply: omNode-1<-omNode-3#42:OK,SUCCESS,nextIndex:18,term:1,followerCommit:15
2020-07-01 01:06:00,583 [grpc-default-executor-7] DEBUG server.GrpcLogAppender (GrpcLogAppender.java:onNext(257)) - omNode-1@group-523986131536->omNode-3-AppendLogResponseHandler: received a reply omNode-1<-omNode-3#41:OK,SUCCESS,nextIndex:17,term:1,followerCommit:15, request=AppendEntriesRequest:cid=41,entriesCount=1,lastEntry=(t:1, i:16)
2020-07-01 01:06:00,584 [grpc-default-executor-7] DEBUG server.GrpcLogAppender (GrpcLogAppender.java:onNext(257)) - omNode-1@group-523986131536->omNode-3-AppendLogResponseHandler: received a reply omNode-1<-omNode-3#42:OK,SUCCESS,nextIndex:18,term:1,followerCommit:15, request=AppendEntriesRequest:cid=42,entriesCount=1,lastEntry=(t:1, i:17)
2020-07-01 01:06:00,585 [Thread-4804] DEBUG impl.RaftServerImpl (RaftServerImpl.java:logAppendEntries(928)) - omNode-2@group-523986131536: succeeded to handle AppendEntries. Reply: omNode-1<-omNode-2#42:OK,SUCCESS,nextIndex:18,term:1,followerCommit:15
2020-07-01 01:06:00,585 [grpc-default-executor-7] DEBUG impl.RaftServerImpl (RaftServerImpl.java:logAppendEntries(928)) - omNode-3@group-523986131536: receive appendEntries(omNode-1, 1, (t:1, i:17), 17, false, commits[omNode-1:c17, omNode-3:c15, omNode-2:c15], entries: (t:1, i:18), METADATAENTRY(c:17)
2020-07-01 01:06:00,585 [grpc-default-executor-7] INFO  ratis.OzoneManagerStateMachine (OzoneManagerStateMachine.java:getLatestSnapshot(147)) - Latest Snapshot Info 0#-1
2020-07-01 01:06:00,585 [grpc-default-executor-7] INFO  ratis.OzoneManagerStateMachine (OzoneManagerStateMachine.java:getLatestSnapshot(147)) - Latest Snapshot Info 0#-1
2020-07-01 01:06:00,586 [grpc-default-executor-7] DEBUG server.GrpcLogAppender (GrpcLogAppender.java:onNext(257)) - omNode-1@group-523986131536->omNode-2-AppendLogResponseHandler: received a reply omNode-1<-omNode-2#42:OK,SUCCESS,nextIndex:18,term:1,followerCommit:15, request=AppendEntriesRequest:cid=42,entriesCount=1,lastEntry=(t:1, i:17)
2020-07-01 01:06:00,586 [grpc-default-executor-1] DEBUG impl.RaftServerImpl (RaftServerImpl.java:logAppendEntries(928)) - omNode-2@group-523986131536: receive appendEntries(omNode-1, 1, (t:1, i:17), 17, false, commits[omNode-1:c17, omNode-3:c15, omNode-2:c15], entries: (t:1, i:18), METADATAENTRY(c:17)
2020-07-01 01:06:00,586 [grpc-default-executor-1] INFO  ratis.OzoneManagerStateMachine (OzoneManagerStateMachine.java:getLatestSnapshot(147)) - Latest Snapshot Info 0#-1
2020-07-01 01:06:00,586 [grpc-default-executor-1] INFO  ratis.OzoneManagerStateMachine (OzoneManagerStateMachine.java:getLatestSnapshot(147)) - Latest Snapshot Info 0#-1
2020-07-01 01:06:00,588 [Thread-4805] DEBUG impl.RaftServerImpl (RaftServerImpl.java:logAppendEntries(928)) - omNode-3@group-523986131536: succeeded to handle AppendEntries. Reply: omNode-1<-omNode-3#43:OK,SUCCESS,nextIndex:19,term:1,followerCommit:17
2020-07-01 01:06:00,588 [grpc-default-executor-7] DEBUG server.GrpcLogAppender (GrpcLogAppender.java:onNext(257)) - omNode-1@group-523986131536->omNode-3-AppendLogResponseHandler: received a reply omNode-1<-omNode-3#43:OK,SUCCESS,nextIndex:19,term:1,followerCommit:17, request=AppendEntriesRequest:cid=43,entriesCount=1,lastEntry=(t:1, i:18)
2020-07-01 01:06:00,590 [Thread-4806] DEBUG impl.RaftServerImpl (RaftServerImpl.java:logAppendEntries(928)) - omNode-2@group-523986131536: succeeded to handle AppendEntries. Reply: omNode-1<-omNode-2#43:OK,SUCCESS,nextIndex:19,term:1,followerCommit:17
2020-07-01 01:06:00,590 [grpc-default-executor-1] DEBUG server.GrpcLogAppender (GrpcLogAppender.java:onNext(257)) - omNode-1@group-523986131536->omNode-2-AppendLogResponseHandler: received a reply omNode-1<-omNode-2#43:OK,SUCCESS,nextIndex:19,term:1,followerCommit:17, request=AppendEntriesRequest:cid=43,entriesCount=1,lastEntry=(t:1, i:18)
2020-07-01 01:06:00,593 [IPC Server handler 11 on default port 11860] DEBUG impl.RaftServerImpl (RaftServerImpl.java:submitClientRequestAsync(575)) - omNode-1@group-523986131536: receive client request(RaftClientRequest:client-6E5155DBE9B8->omNode-1@group-523986131536, cid=331, seq=0, RW, Message:082412001a13636c6965...(size=360))
2020-07-01 01:06:00,593 [IPC Server handler 11 on default port 11860] DEBUG impl.RaftServerImpl (LeaderState.java:addPendingRequest(335)) - omNode-1@group-523986131536-LeaderState: addPendingRequest at RaftClientRequest:client-6E5155DBE9B8->omNode-1@group-523986131536, cid=331, seq=0, RW, Message:082412001a13636c6965...(size=360), entry=(t:1, i:19), STATEMACHINELOGENTRY, client-6E5155DBE9B8, cid=331
2020-07-01 01:06:00,594 [grpc-default-executor-7] DEBUG impl.RaftServerImpl (RaftServerImpl.java:logAppendEntries(928)) - omNode-2@group-523986131536: receive appendEntries(omNode-1, 1, (t:1, i:18), 18, false, commits[omNode-1:c18, omNode-3:c17, omNode-2:c17], entries: (t:1, i:19), STATEMACHINELOGENTRY, client-6E5155DBE9B8, cid=331
2020-07-01 01:06:00,594 [grpc-default-executor-7] INFO  ratis.OzoneManagerStateMachine (OzoneManagerStateMachine.java:getLatestSnapshot(147)) - Latest Snapshot Info 0#-1
2020-07-01 01:06:00,594 [grpc-default-executor-7] INFO  ratis.OzoneManagerStateMachine (OzoneManagerStateMachine.java:getLatestSnapshot(147)) - Latest Snapshot Info 0#-1
2020-07-01 01:06:00,594 [grpc-default-executor-1] DEBUG impl.RaftServerImpl (RaftServerImpl.java:logAppendEntries(928)) - omNode-3@group-523986131536: receive appendEntries(omNode-1, 1, (t:1, i:18), 18, false, commits[omNode-1:c18, omNode-3:c17, omNode-2:c17], entries: (t:1, i:19), STATEMACHINELOGENTRY, client-6E5155DBE9B8, cid=331
2020-07-01 01:06:00,594 [grpc-default-executor-1] INFO  ratis.OzoneManagerStateMachine (OzoneManagerStateMachine.java:getLatestSnapshot(147)) - Latest Snapshot Info 0#-1
2020-07-01 01:06:00,594 [grpc-default-executor-1] INFO  ratis.OzoneManagerStateMachine (OzoneManagerStateMachine.java:getLatestSnapshot(147)) - Latest Snapshot Info 0#-1
2020-07-01 01:06:00,595 [Thread-4807] DEBUG impl.RaftServerImpl (RaftServerImpl.java:logAppendEntries(928)) - omNode-2@group-523986131536: succeeded to handle AppendEntries. Reply: omNode-1<-omNode-2#44:OK,SUCCESS,nextIndex:20,term:1,followerCommit:18
2020-07-01 01:06:00,595 [grpc-default-executor-1] DEBUG server.GrpcLogAppender (GrpcLogAppender.java:onNext(257)) - omNode-1@group-523986131536->omNode-2-AppendLogResponseHandler: received a reply omNode-1<-omNode-2#44:OK,SUCCESS,nextIndex:20,term:1,followerCommit:18, request=AppendEntriesRequest:cid=44,entriesCount=1,lastEntry=(t:1, i:19)
2020-07-01 01:06:00,597 [grpc-default-executor-7] DEBUG impl.RaftServerImpl (RaftServerImpl.java:logAppendEntries(928)) - omNode-2@group-523986131536: receive appendEntries(omNode-1, 1, (t:1, i:19), 19, false, commits[omNode-1:c19, omNode-3:c17, omNode-2:c18], entries: (t:1, i:20), METADATAENTRY(c:19)
2020-07-01 01:06:00,597 [grpc-default-executor-7] INFO  ratis.OzoneManagerStateMachine (OzoneManagerStateMachine.java:getLatestSnapshot(147)) - Latest Snapshot Info 0#-1
2020-07-01 01:06:00,598 [grpc-default-executor-7] INFO  ratis.OzoneManagerStateMachine (OzoneManagerStateMachine.java:getLatestSnapshot(147)) - Latest Snapshot Info 0#-1
2020-07-01 01:06:00,598 [grpc-default-executor-1] DEBUG impl.RaftServerImpl (RaftServerImpl.java:logAppendEntries(928)) - omNode-3@group-523986131536: receive appendEntries(omNode-1, 1, (t:1, i:19), 19, false, commits[omNode-1:c19, omNode-3:c17, omNode-2:c18], entries: (t:1, i:20), METADATAENTRY(c:19)
2020-07-01 01:06:00,598 [grpc-default-executor-1] INFO  ratis.OzoneManagerStateMachine (OzoneManagerStateMachine.java:getLatestSnapshot(147)) - Latest Snapshot Info 0#-1
2020-07-01 01:06:00,598 [grpc-default-executor-1] INFO  ratis.OzoneManagerStateMachine (OzoneManagerStateMachine.java:getLatestSnapshot(147)) - Latest Snapshot Info 0#-1
2020-07-01 01:06:00,599 [Thread-4808] DEBUG impl.RaftServerImpl (RaftServerImpl.java:logAppendEntries(928)) - omNode-3@group-523986131536: succeeded to handle AppendEntries. Reply: omNode-1<-omNode-3#44:OK,SUCCESS,nextIndex:20,term:1,followerCommit:18
2020-07-01 01:06:00,599 [grpc-default-executor-1] DEBUG server.GrpcLogAppender (GrpcLogAppender.java:onNext(257)) - omNode-1@group-523986131536->omNode-3-AppendLogResponseHandler: received a reply omNode-1<-omNode-3#44:OK,SUCCESS,nextIndex:20,term:1,followerCommit:18, request=AppendEntriesRequest:cid=44,entriesCount=1,lastEntry=(t:1, i:19)
2020-07-01 01:06:00,602 [IPC Server handler 13 on default port 11860] DEBUG impl.RaftServerImpl (RaftServerImpl.java:submitClientRequestAsync(575)) - omNode-1@group-523986131536: receive client request(RaftClientRequest:client-6E5155DBE9B8->omNode-1@group-523986131536, cid=332, seq=0, RW, Message:081f12001a13636c6965...(size=409))
2020-07-01 01:06:00,602 [IPC Server handler 13 on default port 11860] DEBUG impl.RaftServerImpl (LeaderState.java:addPendingRequest(335)) - omNode-1@group-523986131536-LeaderState: addPendingRequest at RaftClientRequest:client-6E5155DBE9B8->omNode-1@group-523986131536, cid=332, seq=0, RW, Message:081f12001a13636c6965...(size=409), entry=(t:1, i:21), STATEMACHINELOGENTRY, client-6E5155DBE9B8, cid=332
2020-07-01 01:06:00,603 [grpc-default-executor-1] DEBUG impl.RaftServerImpl (RaftServerImpl.java:logAppendEntries(928)) - omNode-3@group-523986131536: receive appendEntries(omNode-1, 1, (t:1, i:20), 19, false, commits[omNode-1:c19, omNode-3:c18, omNode-2:c18], entries: (t:1, i:21), STATEMACHINELOGENTRY, client-6E5155DBE9B8, cid=332
2020-07-01 01:06:00,603 [grpc-default-executor-7] DEBUG impl.RaftServerImpl (RaftServerImpl.java:logAppendEntries(928)) - omNode-2@group-523986131536: receive appendEntries(omNode-1, 1, (t:1, i:20), 19, false, commits[omNode-1:c19, omNode-3:c18, omNode-2:c18], entries: (t:1, i:21), STATEMACHINELOGENTRY, client-6E5155DBE9B8, cid=332
2020-07-01 01:06:00,603 [grpc-default-executor-7] INFO  ratis.OzoneManagerStateMachine (OzoneManagerStateMachine.java:getLatestSnapshot(147)) - Latest Snapshot Info 0#-1
2020-07-01 01:06:00,603 [grpc-default-executor-7] INFO  ratis.OzoneManagerStateMachine (OzoneManagerStateMachine.java:getLatestSnapshot(147)) - Latest Snapshot Info 0#-1
2020-07-01 01:06:00,602 [Thread-4809] DEBUG impl.RaftServerImpl (RaftServerImpl.java:logAppendEntries(928)) - omNode-2@group-523986131536: succeeded to handle AppendEntries. Reply: omNode-1<-omNode-2#45:OK,SUCCESS,nextIndex:21,term:1,followerCommit:19
2020-07-01 01:06:00,604 [grpc-default-executor-7] DEBUG server.GrpcLogAppender (GrpcLogAppender.java:onNext(257)) - omNode-1@group-523986131536->omNode-2-AppendLogResponseHandler: received a reply omNode-1<-omNode-2#45:OK,SUCCESS,nextIndex:21,term:1,followerCommit:19, request=AppendEntriesRequest:cid=45,entriesCount=1,lastEntry=(t:1, i:20)
2020-07-01 01:06:00,604 [grpc-default-executor-1] INFO  ratis.OzoneManagerStateMachine (OzoneManagerStateMachine.java:getLatestSnapshot(147)) - Latest Snapshot Info 0#-1
2020-07-01 01:06:00,604 [grpc-default-executor-1] INFO  ratis.OzoneManagerStateMachine (OzoneManagerStateMachine.java:getLatestSnapshot(147)) - Latest Snapshot Info 0#-1
2020-07-01 01:06:00,604 [Thread-4810] DEBUG impl.RaftServerImpl (RaftServerImpl.java:logAppendEntries(928)) - omNode-3@group-523986131536: succeeded to handle AppendEntries. Reply: omNode-1<-omNode-3#45:OK,SUCCESS,nextIndex:21,term:1,followerCommit:19
2020-07-01 01:06:00,605 [grpc-default-executor-1] DEBUG server.GrpcLogAppender (GrpcLogAppender.java:onNext(257)) - omNode-1@group-523986131536->omNode-3-AppendLogResponseHandler: received a reply omNode-1<-omNode-3#45:OK,SUCCESS,nextIndex:21,term:1,followerCommit:19, request=AppendEntriesRequest:cid=45,entriesCount=1,lastEntry=(t:1, i:20)
2020-07-01 01:06:00,608 [Thread-4811] DEBUG impl.RaftServerImpl (RaftServerImpl.java:logAppendEntries(928)) - omNode-2@group-523986131536: succeeded to handle AppendEntries. Reply: omNode-1<-omNode-2#46:OK,SUCCESS,nextIndex:22,term:1,followerCommit:19
2020-07-01 01:06:00,608 [grpc-default-executor-1] DEBUG server.GrpcLogAppender (GrpcLogAppender.java:onNext(257)) - omNode-1@group-523986131536->omNode-2-AppendLogResponseHandler: received a reply omNode-1<-omNode-2#46:OK,SUCCESS,nextIndex:22,term:1,followerCommit:19, request=AppendEntriesRequest:cid=46,entriesCount=1,lastEntry=(t:1, i:21)
2020-07-01 01:06:00,611 [grpc-default-executor-7] DEBUG impl.RaftServerImpl (RaftServerImpl.java:logAppendEntries(928)) - omNode-3@group-523986131536: receive appendEntries(omNode-1, 1, (t:1, i:21), 21, false, commits[omNode-1:c21, omNode-3:c19, omNode-2:c19], entries: (t:1, i:22), METADATAENTRY(c:21)
2020-07-01 01:06:00,611 [grpc-default-executor-7] INFO  ratis.OzoneManagerStateMachine (OzoneManagerStateMachine.java:getLatestSnapshot(147)) - Latest Snapshot Info 0#-1
2020-07-01 01:06:00,611 [grpc-default-executor-7] INFO  ratis.OzoneManagerStateMachine (OzoneManagerStateMachine.java:getLatestSnapshot(147)) - Latest Snapshot Info 0#-1
2020-07-01 01:06:00,611 [grpc-default-executor-1] DEBUG impl.RaftServerImpl (RaftServerImpl.java:logAppendEntries(928)) - omNode-2@group-523986131536: receive appendEntries(omNode-1, 1, (t:1, i:21), 21, false, commits[omNode-1:c21, omNode-3:c19, omNode-2:c19], entries: (t:1, i:22), METADATAENTRY(c:21)
2020-07-01 01:06:00,611 [grpc-default-executor-1] INFO  ratis.OzoneManagerStateMachine (OzoneManagerStateMachine.java:getLatestSnapshot(147)) - Latest Snapshot Info 0#-1
2020-07-01 01:06:00,611 [grpc-default-executor-1] INFO  ratis.OzoneManagerStateMachine (OzoneManagerStateMachine.java:getLatestSnapshot(147)) - Latest Snapshot Info 0#-1
2020-07-01 01:06:00,616 [Thread-4812] DEBUG impl.RaftServerImpl (RaftServerImpl.java:logAppendEntries(928)) - omNode-3@group-523986131536: succeeded to handle AppendEntries. Reply: omNode-1<-omNode-3#46:OK,SUCCESS,nextIndex:22,term:1,followerCommit:19
2020-07-01 01:06:00,617 [grpc-default-executor-6] DEBUG server.GrpcLogAppender (GrpcLogAppender.java:onNext(257)) - omNode-1@group-523986131536->omNode-3-AppendLogResponseHandler: received a reply omNode-1<-omNode-3#46:OK,SUCCESS,nextIndex:22,term:1,followerCommit:19, request=AppendEntriesRequest:cid=46,entriesCount=1,lastEntry=(t:1, i:21)
2020-07-01 01:06:00,618 [Thread-4813] DEBUG impl.RaftServerImpl (RaftServerImpl.java:logAppendEntries(928)) - omNode-2@group-523986131536: succeeded to handle AppendEntries. Reply: omNode-1<-omNode-2#47:OK,SUCCESS,nextIndex:23,term:1,followerCommit:21
2020-07-01 01:06:00,618 [grpc-default-executor-6] DEBUG server.GrpcLogAppender (GrpcLogAppender.java:onNext(257)) - omNode-1@group-523986131536->omNode-2-AppendLogResponseHandler: received a reply omNode-1<-omNode-2#47:OK,SUCCESS,nextIndex:23,term:1,followerCommit:21, request=AppendEntriesRequest:cid=47,entriesCount=1,lastEntry=(t:1, i:22)
2020-07-01 01:06:00,619 [Thread-4814] DEBUG impl.RaftServerImpl (RaftServerImpl.java:logAppendEntries(928)) - omNode-3@group-523986131536: succeeded to handle AppendEntries. Reply: omNode-1<-omNode-3#47:OK,SUCCESS,nextIndex:23,term:1,followerCommit:21
2020-07-01 01:06:00,620 [IPC Server handler 18 on default port 11860] DEBUG impl.RaftServerImpl (RaftServerImpl.java:submitClientRequestAsync(575)) - omNode-1@group-523986131536: receive client request(RaftClientRequest:client-6E5155DBE9B8->omNode-1@group-523986131536, cid=333, seq=0, RW, Message:082412001a13636c6965...(size=360))
2020-07-01 01:06:00,621 [IPC Server handler 18 on default port 11860] DEBUG impl.RaftServerImpl (LeaderState.java:addPendingRequest(335)) - omNode-1@group-523986131536-LeaderState: addPendingRequest at RaftClientRequest:client-6E5155DBE9B8->omNode-1@group-523986131536, cid=333, seq=0, RW, Message:082412001a13636c6965...(size=360), entry=(t:1, i:23), STATEMACHINELOGENTRY, client-6E5155DBE9B8, cid=333
2020-07-01 01:06:00,621 [grpc-default-executor-6] DEBUG impl.RaftServerImpl (RaftServerImpl.java:logAppendEntries(928)) - omNode-3@group-523986131536: receive appendEntries(omNode-1, 1, (t:1, i:22), 22, false, commits[omNode-1:c22, omNode-3:c19, omNode-2:c21], entries: (t:1, i:23), STATEMACHINELOGENTRY, client-6E5155DBE9B8, cid=333
2020-07-01 01:06:00,621 [grpc-default-executor-1] DEBUG impl.RaftServerImpl (RaftServerImpl.java:logAppendEntries(928)) - omNode-2@group-523986131536: receive appendEntries(omNode-1, 1, (t:1, i:22), 22, false, commits[omNode-1:c22, omNode-3:c19, omNode-2:c21], entries: (t:1, i:23), STATEMACHINELOGENTRY, client-6E5155DBE9B8, cid=333
2020-07-01 01:06:00,621 [grpc-default-executor-6] INFO  ratis.OzoneManagerStateMachine (OzoneManagerStateMachine.java:getLatestSnapshot(147)) - Latest Snapshot Info 0#-1
2020-07-01 01:06:00,621 [grpc-default-executor-7] DEBUG server.GrpcLogAppender (GrpcLogAppender.java:onNext(257)) - omNode-1@group-523986131536->omNode-3-AppendLogResponseHandler: received a reply omNode-1<-omNode-3#47:OK,SUCCESS,nextIndex:23,term:1,followerCommit:21, request=AppendEntriesRequest:cid=47,entriesCount=1,lastEntry=(t:1, i:22)
2020-07-01 01:06:00,621 [grpc-default-executor-1] INFO  ratis.OzoneManagerStateMachine (OzoneManagerStateMachine.java:getLatestSnapshot(147)) - Latest Snapshot Info 0#-1
2020-07-01 01:06:00,622 [grpc-default-executor-1] INFO  ratis.OzoneManagerStateMachine (OzoneManagerStateMachine.java:getLatestSnapshot(147)) - Latest Snapshot Info 0#-1
2020-07-01 01:06:00,621 [grpc-default-executor-6] INFO  ratis.OzoneManagerStateMachine (OzoneManagerStateMachine.java:getLatestSnapshot(147)) - Latest Snapshot Info 0#-1
2020-07-01 01:06:00,623 [Thread-4815] DEBUG impl.RaftServerImpl (RaftServerImpl.java:logAppendEntries(928)) - omNode-3@group-523986131536: succeeded to handle AppendEntries. Reply: omNode-1<-omNode-3#48:OK,SUCCESS,nextIndex:24,term:1,followerCommit:22
2020-07-01 01:06:00,623 [grpc-default-executor-6] DEBUG server.GrpcLogAppender (GrpcLogAppender.java:onNext(257)) - omNode-1@group-523986131536->omNode-3-AppendLogResponseHandler: received a reply omNode-1<-omNode-3#48:OK,SUCCESS,nextIndex:24,term:1,followerCommit:22, request=AppendEntriesRequest:cid=48,entriesCount=1,lastEntry=(t:1, i:23)
2020-07-01 01:06:00,624 [grpc-default-executor-6] DEBUG impl.RaftServerImpl (RaftServerImpl.java:logAppendEntries(928)) - omNode-3@group-523986131536: receive appendEntries(omNode-1, 1, (t:1, i:23), 23, false, commits[omNode-1:c23, omNode-3:c22, omNode-2:c21], entries: (t:1, i:24), METADATAENTRY(c:23)
2020-07-01 01:06:00,624 [grpc-default-executor-6] INFO  ratis.OzoneManagerStateMachine (OzoneManagerStateMachine.java:getLatestSnapshot(147)) - Latest Snapshot Info 0#-1
2020-07-01 01:06:00,624 [grpc-default-executor-6] INFO  ratis.OzoneManagerStateMachine (OzoneManagerStateMachine.java:getLatestSnapshot(147)) - Latest Snapshot Info 0#-1
2020-07-01 01:06:00,624 [grpc-default-executor-6] DEBUG impl.RaftServerImpl (RaftServerImpl.java:logAppendEntries(928)) - omNode-2@group-523986131536: receive appendEntries(omNode-1, 1, (t:1, i:23), 23, false, commits[omNode-1:c23, omNode-3:c22, omNode-2:c21], entries: (t:1, i:24), METADATAENTRY(c:23)
2020-07-01 01:06:00,626 [Thread-4816] DEBUG impl.RaftServerImpl (RaftServerImpl.java:logAppendEntries(928)) - omNode-2@group-523986131536: succeeded to handle AppendEntries. Reply: omNode-1<-omNode-2#48:OK,SUCCESS,nextIndex:24,term:1,followerCommit:22
2020-07-01 01:06:00,626 [grpc-default-executor-6] INFO  ratis.OzoneManagerStateMachine (OzoneManagerStateMachine.java:getLatestSnapshot(147)) - Latest Snapshot Info 0#-1
2020-07-01 01:06:00,627 [grpc-default-executor-6] INFO  ratis.OzoneManagerStateMachine (OzoneManagerStateMachine.java:getLatestSnapshot(147)) - Latest Snapshot Info 0#-1
2020-07-01 01:06:00,627 [grpc-default-executor-1] DEBUG server.GrpcLogAppender (GrpcLogAppender.java:onNext(257)) - omNode-1@group-523986131536->omNode-2-AppendLogResponseHandler: received a reply omNode-1<-omNode-2#48:OK,SUCCESS,nextIndex:24,term:1,followerCommit:22, request=AppendEntriesRequest:cid=48,entriesCount=1,lastEntry=(t:1, i:23)
2020-07-01 01:06:00,628 [Thread-4817] DEBUG impl.RaftServerImpl (RaftServerImpl.java:logAppendEntries(928)) - omNode-3@group-523986131536: succeeded to handle AppendEntries. Reply: omNode-1<-omNode-3#49:OK,SUCCESS,nextIndex:25,term:1,followerCommit:23
2020-07-01 01:06:00,628 [grpc-default-executor-1] DEBUG server.GrpcLogAppender (GrpcLogAppender.java:onNext(257)) - omNode-1@group-523986131536->omNode-3-AppendLogResponseHandler: received a reply omNode-1<-omNode-3#49:OK,SUCCESS,nextIndex:25,term:1,followerCommit:23, request=AppendEntriesRequest:cid=49,entriesCount=1,lastEntry=(t:1, i:24)
2020-07-01 01:06:00,629 [IPC Server handler 15 on default port 11860] DEBUG impl.RaftServerImpl (RaftServerImpl.java:submitClientRequestAsync(575)) - omNode-1@group-523986131536: receive client request(RaftClientRequest:client-6E5155DBE9B8->omNode-1@group-523986131536, cid=334, seq=0, RW, Message:081f12001a13636c6965...(size=409))
2020-07-01 01:06:00,630 [IPC Server handler 15 on default port 11860] DEBUG impl.RaftServerImpl (LeaderState.java:addPendingRequest(335)) - omNode-1@group-523986131536-LeaderState: addPendingRequest at RaftClientRequest:client-6E5155DBE9B8->omNode-1@group-523986131536, cid=334, seq=0, RW, Message:081f12001a13636c6965...(size=409), entry=(t:1, i:25), STATEMACHINELOGENTRY, client-6E5155DBE9B8, cid=334
2020-07-01 01:06:00,633 [grpc-default-executor-1] DEBUG impl.RaftServerImpl (RaftServerImpl.java:logAppendEntries(928)) - omNode-2@group-523986131536: receive appendEntries(omNode-1, 1, (t:1, i:24), 24, false, commits[omNode-1:c24, omNode-3:c23, omNode-2:c22], entries: (t:1, i:25), STATEMACHINELOGENTRY, client-6E5155DBE9B8, cid=334
2020-07-01 01:06:00,633 [grpc-default-executor-6] DEBUG impl.RaftServerImpl (RaftServerImpl.java:logAppendEntries(928)) - omNode-3@group-523986131536: receive appendEntries(omNode-1, 1, (t:1, i:24), 24, false, commits[omNode-1:c24, omNode-3:c23, omNode-2:c22], entries: (t:1, i:25), STATEMACHINELOGENTRY, client-6E5155DBE9B8, cid=334
2020-07-01 01:06:00,633 [grpc-default-executor-6] INFO  ratis.OzoneManagerStateMachine (OzoneManagerStateMachine.java:getLatestSnapshot(147)) - Latest Snapshot Info 0#-1
2020-07-01 01:06:00,633 [grpc-default-executor-6] INFO  ratis.OzoneManagerStateMachine (OzoneManagerStateMachine.java:getLatestSnapshot(147)) - Latest Snapshot Info 0#-1
2020-07-01 01:06:00,634 [Thread-4818] DEBUG impl.RaftServerImpl (RaftServerImpl.java:logAppendEntries(928)) - omNode-2@group-523986131536: succeeded to handle AppendEntries. Reply: omNode-1<-omNode-2#49:OK,SUCCESS,nextIndex:25,term:1,followerCommit:23
2020-07-01 01:06:00,634 [grpc-default-executor-1] INFO  ratis.OzoneManagerStateMachine (OzoneManagerStateMachine.java:getLatestSnapshot(147)) - Latest Snapshot Info 0#-1
2020-07-01 01:06:00,634 [grpc-default-executor-1] INFO  ratis.OzoneManagerStateMachine (OzoneManagerStateMachine.java:getLatestSnapshot(147)) - Latest Snapshot Info 0#-1
2020-07-01 01:06:00,634 [grpc-default-executor-6] DEBUG server.GrpcLogAppender (GrpcLogAppender.java:onNext(257)) - omNode-1@group-523986131536->omNode-2-AppendLogResponseHandler: received a reply omNode-1<-omNode-2#49:OK,SUCCESS,nextIndex:25,term:1,followerCommit:23, request=AppendEntriesRequest:cid=49,entriesCount=1,lastEntry=(t:1, i:24)
2020-07-01 01:06:00,635 [Thread-4820] DEBUG impl.RaftServerImpl (RaftServerImpl.java:logAppendEntries(928)) - omNode-2@group-523986131536: succeeded to handle AppendEntries. Reply: omNode-1<-omNode-2#50:OK,SUCCESS,nextIndex:26,term:1,followerCommit:24
2020-07-01 01:06:00,635 [Thread-4819] DEBUG impl.RaftServerImpl (RaftServerImpl.java:logAppendEntries(928)) - omNode-3@group-523986131536: succeeded to handle AppendEntries. Reply: omNode-1<-omNode-3#50:OK,SUCCESS,nextIndex:26,term:1,followerCommit:24
2020-07-01 01:06:00,635 [grpc-default-executor-1] DEBUG server.GrpcLogAppender (GrpcLogAppender.java:onNext(257)) - omNode-1@group-523986131536->omNode-3-AppendLogResponseHandler: received a reply omNode-1<-omNode-3#50:OK,SUCCESS,nextIndex:26,term:1,followerCommit:24, request=AppendEntriesRequest:cid=50,entriesCount=1,lastEntry=(t:1, i:25)
2020-07-01 01:06:00,635 [grpc-default-executor-6] DEBUG server.GrpcLogAppender (GrpcLogAppender.java:onNext(257)) - omNode-1@group-523986131536->omNode-2-AppendLogResponseHandler: received a reply omNode-1<-omNode-2#50:OK,SUCCESS,nextIndex:26,term:1,followerCommit:24, request=AppendEntriesRequest:cid=50,entriesCount=1,lastEntry=(t:1, i:25)
2020-07-01 01:06:00,636 [grpc-default-executor-6] DEBUG impl.RaftServerImpl (RaftServerImpl.java:logAppendEntries(928)) - omNode-2@group-523986131536: receive appendEntries(omNode-1, 1, (t:1, i:25), 25, false, commits[omNode-1:c25, omNode-3:c24, omNode-2:c24], entries: (t:1, i:26), METADATAENTRY(c:25)
2020-07-01 01:06:00,636 [grpc-default-executor-6] INFO  ratis.OzoneManagerStateMachine (OzoneManagerStateMachine.java:getLatestSnapshot(147)) - Latest Snapshot Info 0#-1
2020-07-01 01:06:00,636 [grpc-default-executor-6] INFO  ratis.OzoneManagerStateMachine (OzoneManagerStateMachine.java:getLatestSnapshot(147)) - Latest Snapshot Info 0#-1
2020-07-01 01:06:00,637 [grpc-default-executor-6] DEBUG impl.RaftServerImpl (RaftServerImpl.java:logAppendEntries(928)) - omNode-3@group-523986131536: receive appendEntries(omNode-1, 1, (t:1, i:25), 25, false, commits[omNode-1:c25, omNode-3:c24, omNode-2:c24], entries: (t:1, i:26), METADATAENTRY(c:25)
2020-07-01 01:06:00,637 [grpc-default-executor-6] INFO  ratis.OzoneManagerStateMachine (OzoneManagerStateMachine.java:getLatestSnapshot(147)) - Latest Snapshot Info 0#-1
2020-07-01 01:06:00,637 [grpc-default-executor-6] INFO  ratis.OzoneManagerStateMachine (OzoneManagerStateMachine.java:getLatestSnapshot(147)) - Latest Snapshot Info 0#-1
2020-07-01 01:06:00,637 [Thread-4821] DEBUG impl.RaftServerImpl (RaftServerImpl.java:logAppendEntries(928)) - omNode-2@group-523986131536: succeeded to handle AppendEntries. Reply: omNode-1<-omNode-2#51:OK,SUCCESS,nextIndex:27,term:1,followerCommit:25
2020-07-01 01:06:00,637 [grpc-default-executor-6] DEBUG server.GrpcLogAppender (GrpcLogAppender.java:onNext(257)) - omNode-1@group-523986131536->omNode-2-AppendLogResponseHandler: received a reply omNode-1<-omNode-2#51:OK,SUCCESS,nextIndex:27,term:1,followerCommit:25, request=AppendEntriesRequest:cid=51,entriesCount=1,lastEntry=(t:1, i:26)
2020-07-01 01:06:00,641 [Thread-4822] DEBUG impl.RaftServerImpl (RaftServerImpl.java:logAppendEntries(928)) - omNode-3@group-523986131536: succeeded to handle AppendEntries. Reply: omNode-1<-omNode-3#51:OK,SUCCESS,nextIndex:27,term:1,followerCommit:25
2020-07-01 01:06:00,642 [grpc-default-executor-6] DEBUG server.GrpcLogAppender (GrpcLogAppender.java:onNext(257)) - omNode-1@group-523986131536->omNode-3-AppendLogResponseHandler: received a reply omNode-1<-omNode-3#51:OK,SUCCESS,nextIndex:27,term:1,followerCommit:25, request=AppendEntriesRequest:cid=51,entriesCount=1,lastEntry=(t:1, i:26)
2020-07-01 01:06:00,643 [IPC Server handler 14 on default port 11860] DEBUG impl.RaftServerImpl (RaftServerImpl.java:submitClientRequestAsync(575)) - omNode-1@group-523986131536: receive client request(RaftClientRequest:client-6E5155DBE9B8->omNode-1@group-523986131536, cid=335, seq=0, RW, Message:082412001a13636c6965...(size=360))
2020-07-01 01:06:00,643 [IPC Server handler 14 on default port 11860] DEBUG impl.RaftServerImpl (LeaderState.java:addPendingRequest(335)) - omNode-1@group-523986131536-LeaderState: addPendingRequest at RaftClientRequest:client-6E5155DBE9B8->omNode-1@group-523986131536, cid=335, seq=0, RW, Message:082412001a13636c6965...(size=360), entry=(t:1, i:27), STATEMACHINELOGENTRY, client-6E5155DBE9B8, cid=335
2020-07-01 01:06:00,644 [grpc-default-executor-1] DEBUG impl.RaftServerImpl (RaftServerImpl.java:logAppendEntries(928)) - omNode-2@group-523986131536: receive appendEntries(omNode-1, 1, (t:1, i:26), 26, false, commits[omNode-1:c26, omNode-3:c25, omNode-2:c25], entries: (t:1, i:27), STATEMACHINELOGENTRY, client-6E5155DBE9B8, cid=335
2020-07-01 01:06:00,644 [grpc-default-executor-1] INFO  ratis.OzoneManagerStateMachine (OzoneManagerStateMachine.java:getLatestSnapshot(147)) - Latest Snapshot Info 0#-1
2020-07-01 01:06:00,644 [grpc-default-executor-1] INFO  ratis.OzoneManagerStateMachine (OzoneManagerStateMachine.java:getLatestSnapshot(147)) - Latest Snapshot Info 0#-1
2020-07-01 01:06:00,644 [grpc-default-executor-6] DEBUG impl.RaftServerImpl (RaftServerImpl.java:logAppendEntries(928)) - omNode-3@group-523986131536: receive appendEntries(omNode-1, 1, (t:1, i:26), 26, false, commits[omNode-1:c26, omNode-3:c25, omNode-2:c25], entries: (t:1, i:27), STATEMACHINELOGENTRY, client-6E5155DBE9B8, cid=335
2020-07-01 01:06:00,644 [grpc-default-executor-6] INFO  ratis.OzoneManagerStateMachine (OzoneManagerStateMachine.java:getLatestSnapshot(147)) - Latest Snapshot Info 0#-1
2020-07-01 01:06:00,644 [grpc-default-executor-6] INFO  ratis.OzoneManagerStateMachine (OzoneManagerStateMachine.java:getLatestSnapshot(147)) - Latest Snapshot Info 0#-1
2020-07-01 01:06:00,645 [Thread-4823] DEBUG impl.RaftServerImpl (RaftServerImpl.java:logAppendEntries(928)) - omNode-2@group-523986131536: succeeded to handle AppendEntries. Reply: omNode-1<-omNode-2#52:OK,SUCCESS,nextIndex:28,term:1,followerCommit:26
2020-07-01 01:06:00,645 [grpc-default-executor-6] DEBUG server.GrpcLogAppender (GrpcLogAppender.java:onNext(257)) - omNode-1@group-523986131536->omNode-2-AppendLogResponseHandler: received a reply omNode-1<-omNode-2#52:OK,SUCCESS,nextIndex:28,term:1,followerCommit:26, request=AppendEntriesRequest:cid=52,entriesCount=1,lastEntry=(t:1, i:27)
2020-07-01 01:06:00,645 [Thread-4824] DEBUG impl.RaftServerImpl (RaftServerImpl.java:logAppendEntries(928)) - omNode-3@group-523986131536: succeeded to handle AppendEntries. Reply: omNode-1<-omNode-3#52:OK,SUCCESS,nextIndex:28,term:1,followerCommit:26
2020-07-01 01:06:00,646 [grpc-default-executor-6] DEBUG impl.RaftServerImpl (RaftServerImpl.java:logAppendEntries(928)) - omNode-3@group-523986131536: receive appendEntries(omNode-1, 1, (t:1, i:27), 27, false, commits[omNode-1:c27, omNode-3:c25, omNode-2:c26], entries: (t:1, i:28), METADATAENTRY(c:27)
2020-07-01 01:06:00,646 [grpc-default-executor-7] DEBUG server.GrpcLogAppender (GrpcLogAppender.java:onNext(257)) - omNode-1@group-523986131536->omNode-3-AppendLogResponseHandler: received a reply omNode-1<-omNode-3#52:OK,SUCCESS,nextIndex:28,term:1,followerCommit:26, request=AppendEntriesRequest:cid=52,entriesCount=1,lastEntry=(t:1, i:27)
2020-07-01 01:06:00,646 [grpc-default-executor-6] INFO  ratis.OzoneManagerStateMachine (OzoneManagerStateMachine.java:getLatestSnapshot(147)) - Latest Snapshot Info 0#-1
2020-07-01 01:06:00,647 [grpc-default-executor-6] INFO  ratis.OzoneManagerStateMachine (OzoneManagerStateMachine.java:getLatestSnapshot(147)) - Latest Snapshot Info 0#-1
2020-07-01 01:06:00,647 [grpc-default-executor-1] DEBUG impl.RaftServerImpl (RaftServerImpl.java:logAppendEntries(928)) - omNode-2@group-523986131536: receive appendEntries(omNode-1, 1, (t:1, i:27), 27, false, commits[omNode-1:c27, omNode-3:c25, omNode-2:c26], entries: (t:1, i:28), METADATAENTRY(c:27)
2020-07-01 01:06:00,647 [grpc-default-executor-1] INFO  ratis.OzoneManagerStateMachine (OzoneManagerStateMachine.java:getLatestSnapshot(147)) - Latest Snapshot Info 0#-1
2020-07-01 01:06:00,647 [grpc-default-executor-1] INFO  ratis.OzoneManagerStateMachine (OzoneManagerStateMachine.java:getLatestSnapshot(147)) - Latest Snapshot Info 0#-1
2020-07-01 01:06:00,649 [IPC Server handler 16 on default port 11860] DEBUG impl.RaftServerImpl (RaftServerImpl.java:submitClientRequestAsync(575)) - omNode-1@group-523986131536: receive client request(RaftClientRequest:client-6E5155DBE9B8->omNode-1@group-523986131536, cid=336, seq=0, RW, Message:081f12001a13636c6965...(size=409))
2020-07-01 01:06:00,650 [IPC Server handler 16 on default port 11860] DEBUG impl.RaftServerImpl (LeaderState.java:addPendingRequest(335)) - omNode-1@group-523986131536-LeaderState: addPendingRequest at RaftClientRequest:client-6E5155DBE9B8->omNode-1@group-523986131536, cid=336, seq=0, RW, Message:081f12001a13636c6965...(size=409), entry=(t:1, i:29), STATEMACHINELOGENTRY, client-6E5155DBE9B8, cid=336
2020-07-01 01:06:00,650 [grpc-default-executor-1] DEBUG impl.RaftServerImpl (RaftServerImpl.java:logAppendEntries(928)) - omNode-3@group-523986131536: receive appendEntries(omNode-1, 1, (t:1, i:28), 27, false, commits[omNode-1:c27, omNode-3:c26, omNode-2:c26], entries: (t:1, i:29), STATEMACHINELOGENTRY, client-6E5155DBE9B8, cid=336
2020-07-01 01:06:00,651 [grpc-default-executor-6] DEBUG impl.RaftServerImpl (RaftServerImpl.java:logAppendEntries(928)) - omNode-2@group-523986131536: receive appendEntries(omNode-1, 1, (t:1, i:28), 27, false, commits[omNode-1:c27, omNode-3:c26, omNode-2:c26], entries: (t:1, i:29), STATEMACHINELOGENTRY, client-6E5155DBE9B8, cid=336
2020-07-01 01:06:00,651 [grpc-default-executor-6] INFO  ratis.OzoneManagerStateMachine (OzoneManagerStateMachine.java:getLatestSnapshot(147)) - Latest Snapshot Info 0#-1
2020-07-01 01:06:00,651 [grpc-default-executor-6] INFO  ratis.OzoneManagerStateMachine (OzoneManagerStateMachine.java:getLatestSnapshot(147)) - Latest Snapshot Info 0#-1
2020-07-01 01:06:00,651 [Thread-4825] DEBUG impl.RaftServerImpl (RaftServerImpl.java:logAppendEntries(928)) - omNode-3@group-523986131536: succeeded to handle AppendEntries. Reply: omNode-1<-omNode-3#53:OK,SUCCESS,nextIndex:29,term:1,followerCommit:27
2020-07-01 01:06:00,651 [grpc-default-executor-1] INFO  ratis.OzoneManagerStateMachine (OzoneManagerStateMachine.java:getLatestSnapshot(147)) - Latest Snapshot Info 0#-1
2020-07-01 01:06:00,651 [grpc-default-executor-1] INFO  ratis.OzoneManagerStateMachine (OzoneManagerStateMachine.java:getLatestSnapshot(147)) - Latest Snapshot Info 0#-1
2020-07-01 01:06:00,651 [Thread-4826] DEBUG impl.RaftServerImpl (RaftServerImpl.java:logAppendEntries(928)) - omNode-2@group-523986131536: succeeded to handle AppendEntries. Reply: omNode-1<-omNode-2#53:OK,SUCCESS,nextIndex:29,term:1,followerCommit:27
2020-07-01 01:06:00,652 [grpc-default-executor-1] DEBUG server.GrpcLogAppender (GrpcLogAppender.java:onNext(257)) - omNode-1@group-523986131536->omNode-3-AppendLogResponseHandler: received a reply omNode-1<-omNode-3#53:OK,SUCCESS,nextIndex:29,term:1,followerCommit:27, request=AppendEntriesRequest:cid=53,entriesCount=1,lastEntry=(t:1, i:28)
2020-07-01 01:06:00,652 [Thread-4827] DEBUG impl.RaftServerImpl (RaftServerImpl.java:logAppendEntries(928)) - omNode-2@group-523986131536: succeeded to handle AppendEntries. Reply: omNode-1<-omNode-2#54:OK,SUCCESS,nextIndex:30,term:1,followerCommit:27
2020-07-01 01:06:00,652 [grpc-default-executor-1] DEBUG server.GrpcLogAppender (GrpcLogAppender.java:onNext(257)) - omNode-1@group-523986131536->omNode-2-AppendLogResponseHandler: received a reply omNode-1<-omNode-2#53:OK,SUCCESS,nextIndex:29,term:1,followerCommit:27, request=AppendEntriesRequest:cid=53,entriesCount=1,lastEntry=(t:1, i:28)
2020-07-01 01:06:00,652 [grpc-default-executor-1] DEBUG server.GrpcLogAppender (GrpcLogAppender.java:onNext(257)) - omNode-1@group-523986131536->omNode-2-AppendLogResponseHandler: received a reply omNode-1<-omNode-2#54:OK,SUCCESS,nextIndex:30,term:1,followerCommit:27, request=AppendEntriesRequest:cid=54,entriesCount=1,lastEntry=(t:1, i:29)
2020-07-01 01:06:00,652 [Thread-4828] DEBUG impl.RaftServerImpl (RaftServerImpl.java:logAppendEntries(928)) - omNode-3@group-523986131536: succeeded to handle AppendEntries. Reply: omNode-1<-omNode-3#54:OK,SUCCESS,nextIndex:30,term:1,followerCommit:27
2020-07-01 01:06:00,654 [grpc-default-executor-6] DEBUG impl.RaftServerImpl (RaftServerImpl.java:logAppendEntries(928)) - omNode-3@group-523986131536: receive appendEntries(omNode-1, 1, (t:1, i:29), 29, false, commits[omNode-1:c29, omNode-3:c27, omNode-2:c27], entries: (t:1, i:30), METADATAENTRY(c:29)
2020-07-01 01:06:00,656 [grpc-default-executor-6] INFO  ratis.OzoneManagerStateMachine (OzoneManagerStateMachine.java:getLatestSnapshot(147)) - Latest Snapshot Info 0#-1
2020-07-01 01:06:00,656 [grpc-default-executor-6] INFO  ratis.OzoneManagerStateMachine (OzoneManagerStateMachine.java:getLatestSnapshot(147)) - Latest Snapshot Info 0#-1
2020-07-01 01:06:00,653 [grpc-default-executor-1] DEBUG impl.RaftServerImpl (RaftServerImpl.java:logAppendEntries(928)) - omNode-2@group-523986131536: receive appendEntries(omNode-1, 1, (t:1, i:29), 29, false, commits[omNode-1:c29, omNode-3:c27, omNode-2:c27], entries: (t:1, i:30), METADATAENTRY(c:29)
2020-07-01 01:06:00,657 [grpc-default-executor-1] INFO  ratis.OzoneManagerStateMachine (OzoneManagerStateMachine.java:getLatestSnapshot(147)) - Latest Snapshot Info 0#-1
2020-07-01 01:06:00,657 [grpc-default-executor-1] INFO  ratis.OzoneManagerStateMachine (OzoneManagerStateMachine.java:getLatestSnapshot(147)) - Latest Snapshot Info 0#-1
2020-07-01 01:06:00,658 [grpc-default-executor-1] DEBUG server.GrpcLogAppender (GrpcLogAppender.java:onNext(257)) - omNode-1@group-523986131536->omNode-3-AppendLogResponseHandler: received a reply omNode-1<-omNode-3#54:OK,SUCCESS,nextIndex:30,term:1,followerCommit:27, request=AppendEntriesRequest:cid=54,entriesCount=1,lastEntry=(t:1, i:29)
2020-07-01 01:06:00,659 [Thread-4829] DEBUG impl.RaftServerImpl (RaftServerImpl.java:logAppendEntries(928)) - omNode-3@group-523986131536: succeeded to handle AppendEntries. Reply: omNode-1<-omNode-3#55:OK,SUCCESS,nextIndex:31,term:1,followerCommit:29
2020-07-01 01:06:00,659 [grpc-default-executor-1] DEBUG server.GrpcLogAppender (GrpcLogAppender.java:onNext(257)) - omNode-1@group-523986131536->omNode-3-AppendLogResponseHandler: received a reply omNode-1<-omNode-3#55:OK,SUCCESS,nextIndex:31,term:1,followerCommit:29, request=AppendEntriesRequest:cid=55,entriesCount=1,lastEntry=(t:1, i:30)
2020-07-01 01:06:00,661 [IPC Server handler 19 on default port 11860] DEBUG impl.RaftServerImpl (RaftServerImpl.java:submitClientRequestAsync(575)) - omNode-1@group-523986131536: receive client request(RaftClientRequest:client-6E5155DBE9B8->omNode-1@group-523986131536, cid=337, seq=0, RW, Message:082412001a13636c6965...(size=360))
2020-07-01 01:06:00,662 [IPC Server handler 19 on default port 11860] DEBUG impl.RaftServerImpl (LeaderState.java:addPendingRequest(335)) - omNode-1@group-523986131536-LeaderState: addPendingRequest at RaftClientRequest:client-6E5155DBE9B8->omNode-1@group-523986131536, cid=337, seq=0, RW, Message:082412001a13636c6965...(size=360), entry=(t:1, i:31), STATEMACHINELOGENTRY, client-6E5155DBE9B8, cid=337
2020-07-01 01:06:00,662 [grpc-default-executor-8] DEBUG impl.RaftServerImpl (RaftServerImpl.java:logAppendEntries(928)) - omNode-2@group-523986131536: receive appendEntries(omNode-1, 1, (t:1, i:30), 30, false, commits[omNode-1:c30, omNode-3:c29, omNode-2:c27], entries: (t:1, i:31), STATEMACHINELOGENTRY, client-6E5155DBE9B8, cid=337
2020-07-01 01:06:00,662 [grpc-default-executor-8] INFO  ratis.OzoneManagerStateMachine (OzoneManagerStateMachine.java:getLatestSnapshot(147)) - Latest Snapshot Info 0#-1
2020-07-01 01:06:00,662 [grpc-default-executor-8] INFO  ratis.OzoneManagerStateMachine (OzoneManagerStateMachine.java:getLatestSnapshot(147)) - Latest Snapshot Info 0#-1
2020-07-01 01:06:00,662 [grpc-default-executor-1] DEBUG impl.RaftServerImpl (RaftServerImpl.java:logAppendEntries(928)) - omNode-3@group-523986131536: receive appendEntries(omNode-1, 1, (t:1, i:30), 30, false, commits[omNode-1:c30, omNode-3:c29, omNode-2:c27], entries: (t:1, i:31), STATEMACHINELOGENTRY, client-6E5155DBE9B8, cid=337
2020-07-01 01:06:00,663 [grpc-default-executor-1] INFO  ratis.OzoneManagerStateMachine (OzoneManagerStateMachine.java:getLatestSnapshot(147)) - Latest Snapshot Info 0#-1
2020-07-01 01:06:00,663 [grpc-default-executor-1] INFO  ratis.OzoneManagerStateMachine (OzoneManagerStateMachine.java:getLatestSnapshot(147)) - Latest Snapshot Info 0#-1
2020-07-01 01:06:00,663 [Thread-4830] DEBUG impl.RaftServerImpl (RaftServerImpl.java:logAppendEntries(928)) - omNode-2@group-523986131536: succeeded to handle AppendEntries. Reply: omNode-1<-omNode-2#55:OK,SUCCESS,nextIndex:31,term:1,followerCommit:29
2020-07-01 01:06:00,663 [grpc-default-executor-8] DEBUG server.GrpcLogAppender (GrpcLogAppender.java:onNext(257)) - omNode-1@group-523986131536->omNode-2-AppendLogResponseHandler: received a reply omNode-1<-omNode-2#55:OK,SUCCESS,nextIndex:31,term:1,followerCommit:29, request=AppendEntriesRequest:cid=55,entriesCount=1,lastEntry=(t:1, i:30)
2020-07-01 01:06:00,664 [Thread-4831] DEBUG impl.RaftServerImpl (RaftServerImpl.java:logAppendEntries(928)) - omNode-3@group-523986131536: succeeded to handle AppendEntries. Reply: omNode-1<-omNode-3#56:OK,SUCCESS,nextIndex:32,term:1,followerCommit:30
2020-07-01 01:06:00,664 [grpc-default-executor-8] DEBUG server.GrpcLogAppender (GrpcLogAppender.java:onNext(257)) - omNode-1@group-523986131536->omNode-3-AppendLogResponseHandler: received a reply omNode-1<-omNode-3#56:OK,SUCCESS,nextIndex:32,term:1,followerCommit:30, request=AppendEntriesRequest:cid=56,entriesCount=1,lastEntry=(t:1, i:31)
2020-07-01 01:06:00,665 [grpc-default-executor-1] DEBUG impl.RaftServerImpl (RaftServerImpl.java:logAppendEntries(928)) - omNode-2@group-523986131536: receive appendEntries(omNode-1, 1, (t:1, i:31), 31, false, commits[omNode-1:c31, omNode-3:c30, omNode-2:c29], entries: (t:1, i:32), METADATAENTRY(c:31)
2020-07-01 01:06:00,665 [grpc-default-executor-1] INFO  ratis.OzoneManagerStateMachine (OzoneManagerStateMachine.java:getLatestSnapshot(147)) - Latest Snapshot Info 0#-1
2020-07-01 01:06:00,665 [grpc-default-executor-1] INFO  ratis.OzoneManagerStateMachine (OzoneManagerStateMachine.java:getLatestSnapshot(147)) - Latest Snapshot Info 0#-1
2020-07-01 01:06:00,666 [grpc-default-executor-8] DEBUG impl.RaftServerImpl (RaftServerImpl.java:logAppendEntries(928)) - omNode-3@group-523986131536: receive appendEntries(omNode-1, 1, (t:1, i:31), 31, false, commits[omNode-1:c31, omNode-3:c30, omNode-2:c29], entries: (t:1, i:32), METADATAENTRY(c:31)
2020-07-01 01:06:00,666 [grpc-default-executor-8] INFO  ratis.OzoneManagerStateMachine (OzoneManagerStateMachine.java:getLatestSnapshot(147)) - Latest Snapshot Info 0#-1
2020-07-01 01:06:00,666 [grpc-default-executor-8] INFO  ratis.OzoneManagerStateMachine (OzoneManagerStateMachine.java:getLatestSnapshot(147)) - Latest Snapshot Info 0#-1
2020-07-01 01:06:00,667 [Thread-4832] DEBUG impl.RaftServerImpl (RaftServerImpl.java:logAppendEntries(928)) - omNode-2@group-523986131536: succeeded to handle AppendEntries. Reply: omNode-1<-omNode-2#56:OK,SUCCESS,nextIndex:32,term:1,followerCommit:30
2020-07-01 01:06:00,667 [grpc-default-executor-8] DEBUG server.GrpcLogAppender (GrpcLogAppender.java:onNext(257)) - omNode-1@group-523986131536->omNode-2-AppendLogResponseHandler: received a reply omNode-1<-omNode-2#56:OK,SUCCESS,nextIndex:32,term:1,followerCommit:30, request=AppendEntriesRequest:cid=56,entriesCount=1,lastEntry=(t:1, i:31)
2020-07-01 01:06:00,667 [IPC Server handler 12 on default port 11860] DEBUG impl.RaftServerImpl (RaftServerImpl.java:submitClientRequestAsync(575)) - omNode-1@group-523986131536: receive client request(RaftClientRequest:client-6E5155DBE9B8->omNode-1@group-523986131536, cid=338, seq=0, RW, Message:081f12001a13636c6965...(size=409))
2020-07-01 01:06:00,668 [IPC Server handler 12 on default port 11860] DEBUG impl.RaftServerImpl (LeaderState.java:addPendingRequest(335)) - omNode-1@group-523986131536-LeaderState: addPendingRequest at RaftClientRequest:client-6E5155DBE9B8->omNode-1@group-523986131536, cid=338, seq=0, RW, Message:081f12001a13636c6965...(size=409), entry=(t:1, i:33), STATEMACHINELOGENTRY, client-6E5155DBE9B8, cid=338
2020-07-01 01:06:00,668 [grpc-default-executor-8] DEBUG impl.RaftServerImpl (RaftServerImpl.java:logAppendEntries(928)) - omNode-3@group-523986131536: receive appendEntries(omNode-1, 1, (t:1, i:32), 31, false, commits[omNode-1:c31, omNode-3:c30, omNode-2:c30], entries: (t:1, i:33), STATEMACHINELOGENTRY, client-6E5155DBE9B8, cid=338
2020-07-01 01:06:00,668 [grpc-default-executor-1] DEBUG impl.RaftServerImpl (RaftServerImpl.java:logAppendEntries(928)) - omNode-2@group-523986131536: receive appendEntries(omNode-1, 1, (t:1, i:32), 31, false, commits[omNode-1:c31, omNode-3:c30, omNode-2:c30], entries: (t:1, i:33), STATEMACHINELOGENTRY, client-6E5155DBE9B8, cid=338
2020-07-01 01:06:00,668 [grpc-default-executor-8] INFO  ratis.OzoneManagerStateMachine (OzoneManagerStateMachine.java:getLatestSnapshot(147)) - Latest Snapshot Info 0#-1
2020-07-01 01:06:00,668 [grpc-default-executor-8] INFO  ratis.OzoneManagerStateMachine (OzoneManagerStateMachine.java:getLatestSnapshot(147)) - Latest Snapshot Info 0#-1
2020-07-01 01:06:00,668 [grpc-default-executor-1] INFO  ratis.OzoneManagerStateMachine (OzoneManagerStateMachine.java:getLatestSnapshot(147)) - Latest Snapshot Info 0#-1
2020-07-01 01:06:00,669 [grpc-default-executor-1] INFO  ratis.OzoneManagerStateMachine (OzoneManagerStateMachine.java:getLatestSnapshot(147)) - Latest Snapshot Info 0#-1
2020-07-01 01:06:00,670 [Thread-4834] DEBUG impl.RaftServerImpl (RaftServerImpl.java:logAppendEntries(928)) - omNode-3@group-523986131536: succeeded to handle AppendEntries. Reply: omNode-1<-omNode-3#57:OK,SUCCESS,nextIndex:33,term:1,followerCommit:31
2020-07-01 01:06:00,670 [grpc-default-executor-1] DEBUG server.GrpcLogAppender (GrpcLogAppender.java:onNext(257)) - omNode-1@group-523986131536->omNode-3-AppendLogResponseHandler: received a reply omNode-1<-omNode-3#57:OK,SUCCESS,nextIndex:33,term:1,followerCommit:31, request=AppendEntriesRequest:cid=57,entriesCount=1,lastEntry=(t:1, i:32)
2020-07-01 01:06:00,670 [Thread-4833] DEBUG impl.RaftServerImpl (RaftServerImpl.java:logAppendEntries(928)) - omNode-2@group-523986131536: succeeded to handle AppendEntries. Reply: omNode-1<-omNode-2#57:OK,SUCCESS,nextIndex:33,term:1,followerCommit:31
2020-07-01 01:06:00,670 [grpc-default-executor-1] DEBUG server.GrpcLogAppender (GrpcLogAppender.java:onNext(257)) - omNode-1@group-523986131536->omNode-2-AppendLogResponseHandler: received a reply omNode-1<-omNode-2#57:OK,SUCCESS,nextIndex:33,term:1,followerCommit:31, request=AppendEntriesRequest:cid=57,entriesCount=1,lastEntry=(t:1, i:32)
2020-07-01 01:06:00,671 [Thread-4835] DEBUG impl.RaftServerImpl (RaftServerImpl.java:logAppendEntries(928)) - omNode-2@group-523986131536: succeeded to handle AppendEntries. Reply: omNode-1<-omNode-2#58:OK,SUCCESS,nextIndex:34,term:1,followerCommit:31
2020-07-01 01:06:00,671 [grpc-default-executor-1] DEBUG server.GrpcLogAppender (GrpcLogAppender.java:onNext(257)) - omNode-1@group-523986131536->omNode-2-AppendLogResponseHandler: received a reply omNode-1<-omNode-2#58:OK,SUCCESS,nextIndex:34,term:1,followerCommit:31, request=AppendEntriesRequest:cid=58,entriesCount=1,lastEntry=(t:1, i:33)
2020-07-01 01:06:00,671 [Thread-4836] DEBUG impl.RaftServerImpl (RaftServerImpl.java:logAppendEntries(928)) - omNode-3@group-523986131536: succeeded to handle AppendEntries. Reply: omNode-1<-omNode-3#58:OK,SUCCESS,nextIndex:34,term:1,followerCommit:31
2020-07-01 01:06:00,672 [grpc-default-executor-1] DEBUG impl.RaftServerImpl (RaftServerImpl.java:logAppendEntries(928)) - omNode-3@group-523986131536: receive appendEntries(omNode-1, 1, (t:1, i:33), 33, false, commits[omNode-1:c33, omNode-3:c31, omNode-2:c31], entries: (t:1, i:34), METADATAENTRY(c:33)
2020-07-01 01:06:00,672 [grpc-default-executor-8] DEBUG impl.RaftServerImpl (RaftServerImpl.java:logAppendEntries(928)) - omNode-2@group-523986131536: receive appendEntries(omNode-1, 1, (t:1, i:33), 33, false, commits[omNode-1:c33, omNode-3:c31, omNode-2:c31], entries: (t:1, i:34), METADATAENTRY(c:33)
2020-07-01 01:06:00,672 [grpc-default-executor-8] INFO  ratis.OzoneManagerStateMachine (OzoneManagerStateMachine.java:getLatestSnapshot(147)) - Latest Snapshot Info 0#-1
2020-07-01 01:06:00,672 [grpc-default-executor-8] INFO  ratis.OzoneManagerStateMachine (OzoneManagerStateMachine.java:getLatestSnapshot(147)) - Latest Snapshot Info 0#-1
2020-07-01 01:06:00,672 [grpc-default-executor-1] INFO  ratis.OzoneManagerStateMachine (OzoneManagerStateMachine.java:getLatestSnapshot(147)) - Latest Snapshot Info 0#-1
2020-07-01 01:06:00,672 [grpc-default-executor-1] INFO  ratis.OzoneManagerStateMachine (OzoneManagerStateMachine.java:getLatestSnapshot(147)) - Latest Snapshot Info 0#-1
2020-07-01 01:06:00,672 [grpc-default-executor-8] DEBUG server.GrpcLogAppender (GrpcLogAppender.java:onNext(257)) - omNode-1@group-523986131536->omNode-3-AppendLogResponseHandler: received a reply omNode-1<-omNode-3#58:OK,SUCCESS,nextIndex:34,term:1,followerCommit:31, request=AppendEntriesRequest:cid=58,entriesCount=1,lastEntry=(t:1, i:33)
2020-07-01 01:06:00,674 [Thread-4837] DEBUG impl.RaftServerImpl (RaftServerImpl.java:logAppendEntries(928)) - omNode-3@group-523986131536: succeeded to handle AppendEntries. Reply: omNode-1<-omNode-3#59:OK,SUCCESS,nextIndex:35,term:1,followerCommit:33
2020-07-01 01:06:00,676 [Thread-4838] DEBUG impl.RaftServerImpl (RaftServerImpl.java:logAppendEntries(928)) - omNode-2@group-523986131536: succeeded to handle AppendEntries. Reply: omNode-1<-omNode-2#59:OK,SUCCESS,nextIndex:35,term:1,followerCommit:33
2020-07-01 01:06:00,676 [grpc-default-executor-8] DEBUG server.GrpcLogAppender (GrpcLogAppender.java:onNext(257)) - omNode-1@group-523986131536->omNode-2-AppendLogResponseHandler: received a reply omNode-1<-omNode-2#59:OK,SUCCESS,nextIndex:35,term:1,followerCommit:33, request=AppendEntriesRequest:cid=59,entriesCount=1,lastEntry=(t:1, i:34)
2020-07-01 01:06:00,676 [grpc-default-executor-1] DEBUG server.GrpcLogAppender (GrpcLogAppender.java:onNext(257)) - omNode-1@group-523986131536->omNode-3-AppendLogResponseHandler: received a reply omNode-1<-omNode-3#59:OK,SUCCESS,nextIndex:35,term:1,followerCommit:33, request=AppendEntriesRequest:cid=59,entriesCount=1,lastEntry=(t:1, i:34)
2020-07-01 01:06:00,679 [IPC Server handler 1 on default port 11860] DEBUG impl.RaftServerImpl (RaftServerImpl.java:submitClientRequestAsync(575)) - omNode-1@group-523986131536: receive client request(RaftClientRequest:client-6E5155DBE9B8->omNode-1@group-523986131536, cid=339, seq=0, RW, Message:082412001a13636c6965...(size=360))
2020-07-01 01:06:00,680 [IPC Server handler 1 on default port 11860] DEBUG impl.RaftServerImpl (LeaderState.java:addPendingRequest(335)) - omNode-1@group-523986131536-LeaderState: addPendingRequest at RaftClientRequest:client-6E5155DBE9B8->omNode-1@group-523986131536, cid=339, seq=0, RW, Message:082412001a13636c6965...(size=360), entry=(t:1, i:35), STATEMACHINELOGENTRY, client-6E5155DBE9B8, cid=339
2020-07-01 01:06:00,680 [grpc-default-executor-1] DEBUG impl.RaftServerImpl (RaftServerImpl.java:logAppendEntries(928)) - omNode-2@group-523986131536: receive appendEntries(omNode-1, 1, (t:1, i:34), 34, false, commits[omNode-1:c34, omNode-3:c33, omNode-2:c33], entries: (t:1, i:35), STATEMACHINELOGENTRY, client-6E5155DBE9B8, cid=339
2020-07-01 01:06:00,680 [grpc-default-executor-1] INFO  ratis.OzoneManagerStateMachine (OzoneManagerStateMachine.java:getLatestSnapshot(147)) - Latest Snapshot Info 0#-1
2020-07-01 01:06:00,680 [grpc-default-executor-1] INFO  ratis.OzoneManagerStateMachine (OzoneManagerStateMachine.java:getLatestSnapshot(147)) - Latest Snapshot Info 0#-1
2020-07-01 01:06:00,680 [grpc-default-executor-8] DEBUG impl.RaftServerImpl (RaftServerImpl.java:logAppendEntries(928)) - omNode-3@group-523986131536: receive appendEntries(omNode-1, 1, (t:1, i:34), 34, false, commits[omNode-1:c34, omNode-3:c33, omNode-2:c33], entries: (t:1, i:35), STATEMACHINELOGENTRY, client-6E5155DBE9B8, cid=339
2020-07-01 01:06:00,680 [grpc-default-executor-8] INFO  ratis.OzoneManagerStateMachine (OzoneManagerStateMachine.java:getLatestSnapshot(147)) - Latest Snapshot Info 0#-1
2020-07-01 01:06:00,680 [grpc-default-executor-8] INFO  ratis.OzoneManagerStateMachine (OzoneManagerStateMachine.java:getLatestSnapshot(147)) - Latest Snapshot Info 0#-1
2020-07-01 01:06:00,681 [Thread-4839] DEBUG impl.RaftServerImpl (RaftServerImpl.java:logAppendEntries(928)) - omNode-2@group-523986131536: succeeded to handle AppendEntries. Reply: omNode-1<-omNode-2#60:OK,SUCCESS,nextIndex:36,term:1,followerCommit:34
2020-07-01 01:06:00,681 [grpc-default-executor-8] DEBUG server.GrpcLogAppender (GrpcLogAppender.java:onNext(257)) - omNode-1@group-523986131536->omNode-2-AppendLogResponseHandler: received a reply omNode-1<-omNode-2#60:OK,SUCCESS,nextIndex:36,term:1,followerCommit:34, request=AppendEntriesRequest:cid=60,entriesCount=1,lastEntry=(t:1, i:35)
2020-07-01 01:06:00,682 [Thread-4840] DEBUG impl.RaftServerImpl (RaftServerImpl.java:logAppendEntries(928)) - omNode-3@group-523986131536: succeeded to handle AppendEntries. Reply: omNode-1<-omNode-3#60:OK,SUCCESS,nextIndex:36,term:1,followerCommit:34
2020-07-01 01:06:00,682 [grpc-default-executor-7] DEBUG impl.RaftServerImpl (RaftServerImpl.java:logAppendEntries(928)) - omNode-3@group-523986131536: receive appendEntries(omNode-1, 1, (t:1, i:35), 35, false, commits[omNode-1:c35, omNode-3:c33, omNode-2:c34], entries: (t:1, i:36), METADATAENTRY(c:35)
2020-07-01 01:06:00,683 [grpc-default-executor-7] INFO  ratis.OzoneManagerStateMachine (OzoneManagerStateMachine.java:getLatestSnapshot(147)) - Latest Snapshot Info 0#-1
2020-07-01 01:06:00,683 [grpc-default-executor-7] INFO  ratis.OzoneManagerStateMachine (OzoneManagerStateMachine.java:getLatestSnapshot(147)) - Latest Snapshot Info 0#-1
2020-07-01 01:06:00,683 [grpc-default-executor-1] DEBUG server.GrpcLogAppender (GrpcLogAppender.java:onNext(257)) - omNode-1@group-523986131536->omNode-3-AppendLogResponseHandler: received a reply omNode-1<-omNode-3#60:OK,SUCCESS,nextIndex:36,term:1,followerCommit:34, request=AppendEntriesRequest:cid=60,entriesCount=1,lastEntry=(t:1, i:35)
2020-07-01 01:06:00,683 [grpc-default-executor-8] DEBUG impl.RaftServerImpl (RaftServerImpl.java:logAppendEntries(928)) - omNode-2@group-523986131536: receive appendEntries(omNode-1, 1, (t:1, i:35), 35, false, commits[omNode-1:c35, omNode-3:c33, omNode-2:c34], entries: (t:1, i:36), METADATAENTRY(c:35)
2020-07-01 01:06:00,683 [grpc-default-executor-8] INFO  ratis.OzoneManagerStateMachine (OzoneManagerStateMachine.java:getLatestSnapshot(147)) - Latest Snapshot Info 0#-1
2020-07-01 01:06:00,684 [grpc-default-executor-8] INFO  ratis.OzoneManagerStateMachine (OzoneManagerStateMachine.java:getLatestSnapshot(147)) - Latest Snapshot Info 0#-1
2020-07-01 01:06:00,685 [Thread-4841] DEBUG impl.RaftServerImpl (RaftServerImpl.java:logAppendEntries(928)) - omNode-3@group-523986131536: succeeded to handle AppendEntries. Reply: omNode-1<-omNode-3#61:OK,SUCCESS,nextIndex:37,term:1,followerCommit:35
2020-07-01 01:06:00,686 [grpc-default-executor-8] DEBUG server.GrpcLogAppender (GrpcLogAppender.java:onNext(257)) - omNode-1@group-523986131536->omNode-3-AppendLogResponseHandler: received a reply omNode-1<-omNode-3#61:OK,SUCCESS,nextIndex:37,term:1,followerCommit:35, request=AppendEntriesRequest:cid=61,entriesCount=1,lastEntry=(t:1, i:36)
2020-07-01 01:06:00,686 [IPC Server handler 3 on default port 11860] DEBUG impl.RaftServerImpl (RaftServerImpl.java:submitClientRequestAsync(575)) - omNode-1@group-523986131536: receive client request(RaftClientRequest:client-6E5155DBE9B8->omNode-1@group-523986131536, cid=340, seq=0, RW, Message:081f12001a13636c6965...(size=409))
2020-07-01 01:06:00,686 [Thread-4842] DEBUG impl.RaftServerImpl (RaftServerImpl.java:logAppendEntries(928)) - omNode-2@group-523986131536: succeeded to handle AppendEntries. Reply: omNode-1<-omNode-2#61:OK,SUCCESS,nextIndex:37,term:1,followerCommit:35
2020-07-01 01:06:00,686 [IPC Server handler 3 on default port 11860] DEBUG impl.RaftServerImpl (LeaderState.java:addPendingRequest(335)) - omNode-1@group-523986131536-LeaderState: addPendingRequest at RaftClientRequest:client-6E5155DBE9B8->omNode-1@group-523986131536, cid=340, seq=0, RW, Message:081f12001a13636c6965...(size=409), entry=(t:1, i:37), STATEMACHINELOGENTRY, client-6E5155DBE9B8, cid=340
2020-07-01 01:06:00,687 [grpc-default-executor-8] DEBUG server.GrpcLogAppender (GrpcLogAppender.java:onNext(257)) - omNode-1@group-523986131536->omNode-2-AppendLogResponseHandler: received a reply omNode-1<-omNode-2#61:OK,SUCCESS,nextIndex:37,term:1,followerCommit:35, request=AppendEntriesRequest:cid=61,entriesCount=1,lastEntry=(t:1, i:36)
2020-07-01 01:06:00,687 [grpc-default-executor-1] DEBUG impl.RaftServerImpl (RaftServerImpl.java:logAppendEntries(928)) - omNode-2@group-523986131536: receive appendEntries(omNode-1, 1, (t:1, i:36), 36, false, commits[omNode-1:c36, omNode-3:c35, omNode-2:c34], entries: (t:1, i:37), STATEMACHINELOGENTRY, client-6E5155DBE9B8, cid=340
2020-07-01 01:06:00,687 [grpc-default-executor-1] INFO  ratis.OzoneManagerStateMachine (OzoneManagerStateMachine.java:getLatestSnapshot(147)) - Latest Snapshot Info 0#-1
2020-07-01 01:06:00,687 [grpc-default-executor-1] INFO  ratis.OzoneManagerStateMachine (OzoneManagerStateMachine.java:getLatestSnapshot(147)) - Latest Snapshot Info 0#-1
2020-07-01 01:06:00,687 [grpc-default-executor-8] DEBUG impl.RaftServerImpl (RaftServerImpl.java:logAppendEntries(928)) - omNode-3@group-523986131536: receive appendEntries(omNode-1, 1, (t:1, i:36), 36, false, commits[omNode-1:c36, omNode-3:c35, omNode-2:c34], entries: (t:1, i:37), STATEMACHINELOGENTRY, client-6E5155DBE9B8, cid=340
2020-07-01 01:06:00,687 [grpc-default-executor-8] INFO  ratis.OzoneManagerStateMachine (OzoneManagerStateMachine.java:getLatestSnapshot(147)) - Latest Snapshot Info 0#-1
2020-07-01 01:06:00,688 [grpc-default-executor-8] INFO  ratis.OzoneManagerStateMachine (OzoneManagerStateMachine.java:getLatestSnapshot(147)) - Latest Snapshot Info 0#-1
2020-07-01 01:06:00,689 [Thread-4843] DEBUG impl.RaftServerImpl (RaftServerImpl.java:logAppendEntries(928)) - omNode-3@group-523986131536: succeeded to handle AppendEntries. Reply: omNode-1<-omNode-3#62:OK,SUCCESS,nextIndex:38,term:1,followerCommit:36
2020-07-01 01:06:00,689 [grpc-default-executor-8] DEBUG server.GrpcLogAppender (GrpcLogAppender.java:onNext(257)) - omNode-1@group-523986131536->omNode-3-AppendLogResponseHandler: received a reply omNode-1<-omNode-3#62:OK,SUCCESS,nextIndex:38,term:1,followerCommit:36, request=AppendEntriesRequest:cid=62,entriesCount=1,lastEntry=(t:1, i:37)
2020-07-01 01:06:00,690 [grpc-default-executor-8] DEBUG impl.RaftServerImpl (RaftServerImpl.java:logAppendEntries(928)) - omNode-2@group-523986131536: receive appendEntries(omNode-1, 1, (t:1, i:37), 37, false, commits[omNode-1:c37, omNode-3:c36, omNode-2:c35], entries: (t:1, i:38), METADATAENTRY(c:37)
2020-07-01 01:06:00,690 [grpc-default-executor-8] INFO  ratis.OzoneManagerStateMachine (OzoneManagerStateMachine.java:getLatestSnapshot(147)) - Latest Snapshot Info 0#-1
2020-07-01 01:06:00,690 [grpc-default-executor-8] INFO  ratis.OzoneManagerStateMachine (OzoneManagerStateMachine.java:getLatestSnapshot(147)) - Latest Snapshot Info 0#-1
2020-07-01 01:06:00,691 [grpc-default-executor-8] DEBUG impl.RaftServerImpl (RaftServerImpl.java:logAppendEntries(928)) - omNode-3@group-523986131536: receive appendEntries(omNode-1, 1, (t:1, i:37), 37, false, commits[omNode-1:c37, omNode-3:c36, omNode-2:c35], entries: (t:1, i:38), METADATAENTRY(c:37)
2020-07-01 01:06:00,692 [grpc-default-executor-8] INFO  ratis.OzoneManagerStateMachine (OzoneManagerStateMachine.java:getLatestSnapshot(147)) - Latest Snapshot Info 0#-1
2020-07-01 01:06:00,692 [grpc-default-executor-8] INFO  ratis.OzoneManagerStateMachine (OzoneManagerStateMachine.java:getLatestSnapshot(147)) - Latest Snapshot Info 0#-1
2020-07-01 01:06:00,695 [Thread-4844] DEBUG impl.RaftServerImpl (RaftServerImpl.java:logAppendEntries(928)) - omNode-2@group-523986131536: succeeded to handle AppendEntries. Reply: omNode-1<-omNode-2#62:OK,SUCCESS,nextIndex:38,term:1,followerCommit:36
2020-07-01 01:06:00,696 [grpc-default-executor-8] DEBUG server.GrpcLogAppender (GrpcLogAppender.java:onNext(257)) - omNode-1@group-523986131536->omNode-2-AppendLogResponseHandler: received a reply omNode-1<-omNode-2#62:OK,SUCCESS,nextIndex:38,term:1,followerCommit:36, request=AppendEntriesRequest:cid=62,entriesCount=1,lastEntry=(t:1, i:37)
2020-07-01 01:06:00,698 [IPC Server handler 0 on default port 11860] DEBUG impl.RaftServerImpl (RaftServerImpl.java:submitClientRequestAsync(575)) - omNode-1@group-523986131536: receive client request(RaftClientRequest:client-6E5155DBE9B8->omNode-1@group-523986131536, cid=341, seq=0, RW, Message:082412001a13636c6965...(size=360))
2020-07-01 01:06:00,698 [Thread-4845] DEBUG impl.RaftServerImpl (RaftServerImpl.java:logAppendEntries(928)) - omNode-3@group-523986131536: succeeded to handle AppendEntries. Reply: omNode-1<-omNode-3#63:OK,SUCCESS,nextIndex:39,term:1,followerCommit:37
2020-07-01 01:06:00,698 [IPC Server handler 0 on default port 11860] DEBUG impl.RaftServerImpl (LeaderState.java:addPendingRequest(335)) - omNode-1@group-523986131536-LeaderState: addPendingRequest at RaftClientRequest:client-6E5155DBE9B8->omNode-1@group-523986131536, cid=341, seq=0, RW, Message:082412001a13636c6965...(size=360), entry=(t:1, i:39), STATEMACHINELOGENTRY, client-6E5155DBE9B8, cid=341
2020-07-01 01:06:00,699 [grpc-default-executor-8] DEBUG server.GrpcLogAppender (GrpcLogAppender.java:onNext(257)) - omNode-1@group-523986131536->omNode-3-AppendLogResponseHandler: received a reply omNode-1<-omNode-3#63:OK,SUCCESS,nextIndex:39,term:1,followerCommit:37, request=AppendEntriesRequest:cid=63,entriesCount=1,lastEntry=(t:1, i:38)
2020-07-01 01:06:00,699 [grpc-default-executor-1] DEBUG impl.RaftServerImpl (RaftServerImpl.java:logAppendEntries(928)) - omNode-3@group-523986131536: receive appendEntries(omNode-1, 1, (t:1, i:38), 37, false, commits[omNode-1:c37, omNode-3:c36, omNode-2:c36], entries: (t:1, i:39), STATEMACHINELOGENTRY, client-6E5155DBE9B8, cid=341
2020-07-01 01:06:00,699 [grpc-default-executor-1] INFO  ratis.OzoneManagerStateMachine (OzoneManagerStateMachine.java:getLatestSnapshot(147)) - Latest Snapshot Info 0#-1
2020-07-01 01:06:00,699 [grpc-default-executor-1] INFO  ratis.OzoneManagerStateMachine (OzoneManagerStateMachine.java:getLatestSnapshot(147)) - Latest Snapshot Info 0#-1
2020-07-01 01:06:00,700 [Thread-4847] DEBUG impl.RaftServerImpl (RaftServerImpl.java:logAppendEntries(928)) - omNode-3@group-523986131536: succeeded to handle AppendEntries. Reply: omNode-1<-omNode-3#64:OK,SUCCESS,nextIndex:40,term:1,followerCommit:37
2020-07-01 01:06:00,701 [grpc-default-executor-8] DEBUG impl.RaftServerImpl (RaftServerImpl.java:logAppendEntries(928)) - omNode-2@group-523986131536: receive appendEntries(omNode-1, 1, (t:1, i:38), 37, false, commits[omNode-1:c37, omNode-3:c36, omNode-2:c36], entries: (t:1, i:39), STATEMACHINELOGENTRY, client-6E5155DBE9B8, cid=341
2020-07-01 01:06:00,701 [grpc-default-executor-8] INFO  ratis.OzoneManagerStateMachine (OzoneManagerStateMachine.java:getLatestSnapshot(147)) - Latest Snapshot Info 0#-1
2020-07-01 01:06:00,701 [grpc-default-executor-8] INFO  ratis.OzoneManagerStateMachine (OzoneManagerStateMachine.java:getLatestSnapshot(147)) - Latest Snapshot Info 0#-1
2020-07-01 01:06:00,701 [Thread-4846] DEBUG impl.RaftServerImpl (RaftServerImpl.java:logAppendEntries(928)) - omNode-2@group-523986131536: succeeded to handle AppendEntries. Reply: omNode-1<-omNode-2#63:OK,SUCCESS,nextIndex:39,term:1,followerCommit:37
2020-07-01 01:06:00,701 [grpc-default-executor-8] DEBUG server.GrpcLogAppender (GrpcLogAppender.java:onNext(257)) - omNode-1@group-523986131536->omNode-2-AppendLogResponseHandler: received a reply omNode-1<-omNode-2#63:OK,SUCCESS,nextIndex:39,term:1,followerCommit:37, request=AppendEntriesRequest:cid=63,entriesCount=1,lastEntry=(t:1, i:38)
2020-07-01 01:06:00,702 [grpc-default-executor-1] DEBUG server.GrpcLogAppender (GrpcLogAppender.java:onNext(257)) - omNode-1@group-523986131536->omNode-3-AppendLogResponseHandler: received a reply omNode-1<-omNode-3#64:OK,SUCCESS,nextIndex:40,term:1,followerCommit:37, request=AppendEntriesRequest:cid=64,entriesCount=1,lastEntry=(t:1, i:39)
2020-07-01 01:06:00,702 [grpc-default-executor-8] DEBUG impl.RaftServerImpl (RaftServerImpl.java:logAppendEntries(928)) - omNode-3@group-523986131536: receive appendEntries(omNode-1, 1, (t:1, i:39), 39, false, commits[omNode-1:c39, omNode-3:c37, omNode-2:c37], entries: (t:1, i:40), METADATAENTRY(c:39)
2020-07-01 01:06:00,702 [grpc-default-executor-8] INFO  ratis.OzoneManagerStateMachine (OzoneManagerStateMachine.java:getLatestSnapshot(147)) - Latest Snapshot Info 0#-1
2020-07-01 01:06:00,702 [grpc-default-executor-8] INFO  ratis.OzoneManagerStateMachine (OzoneManagerStateMachine.java:getLatestSnapshot(147)) - Latest Snapshot Info 0#-1
2020-07-01 01:06:00,702 [grpc-default-executor-1] DEBUG impl.RaftServerImpl (RaftServerImpl.java:logAppendEntries(928)) - omNode-2@group-523986131536: receive appendEntries(omNode-1, 1, (t:1, i:39), 39, false, commits[omNode-1:c39, omNode-3:c37, omNode-2:c37], entries: (t:1, i:40), METADATAENTRY(c:39)
2020-07-01 01:06:00,703 [grpc-default-executor-1] INFO  ratis.OzoneManagerStateMachine (OzoneManagerStateMachine.java:getLatestSnapshot(147)) - Latest Snapshot Info 0#-1
2020-07-01 01:06:00,703 [grpc-default-executor-1] INFO  ratis.OzoneManagerStateMachine (OzoneManagerStateMachine.java:getLatestSnapshot(147)) - Latest Snapshot Info 0#-1
2020-07-01 01:06:00,705 [IPC Server handler 5 on default port 11860] DEBUG impl.RaftServerImpl (RaftServerImpl.java:submitClientRequestAsync(575)) - omNode-1@group-523986131536: receive client request(RaftClientRequest:client-6E5155DBE9B8->omNode-1@group-523986131536, cid=342, seq=0, RW, Message:081f12001a13636c6965...(size=409))
2020-07-01 01:06:00,706 [IPC Server handler 5 on default port 11860] DEBUG impl.RaftServerImpl (LeaderState.java:addPendingRequest(335)) - omNode-1@group-523986131536-LeaderState: addPendingRequest at RaftClientRequest:client-6E5155DBE9B8->omNode-1@group-523986131536, cid=342, seq=0, RW, Message:081f12001a13636c6965...(size=409), entry=(t:1, i:41), STATEMACHINELOGENTRY, client-6E5155DBE9B8, cid=342
2020-07-01 01:06:00,706 [grpc-default-executor-1] DEBUG impl.RaftServerImpl (RaftServerImpl.java:logAppendEntries(928)) - omNode-3@group-523986131536: receive appendEntries(omNode-1, 1, (t:1, i:40), 39, false, commits[omNode-1:c39, omNode-3:c37, omNode-2:c37], entries: (t:1, i:41), STATEMACHINELOGENTRY, client-6E5155DBE9B8, cid=342
2020-07-01 01:06:00,706 [grpc-default-executor-1] INFO  ratis.OzoneManagerStateMachine (OzoneManagerStateMachine.java:getLatestSnapshot(147)) - Latest Snapshot Info 0#-1
2020-07-01 01:06:00,706 [grpc-default-executor-1] INFO  ratis.OzoneManagerStateMachine (OzoneManagerStateMachine.java:getLatestSnapshot(147)) - Latest Snapshot Info 0#-1
2020-07-01 01:06:00,706 [grpc-default-executor-8] DEBUG impl.RaftServerImpl (RaftServerImpl.java:logAppendEntries(928)) - omNode-2@group-523986131536: receive appendEntries(omNode-1, 1, (t:1, i:40), 39, false, commits[omNode-1:c39, omNode-3:c37, omNode-2:c37], entries: (t:1, i:41), STATEMACHINELOGENTRY, client-6E5155DBE9B8, cid=342
2020-07-01 01:06:00,707 [grpc-default-executor-8] INFO  ratis.OzoneManagerStateMachine (OzoneManagerStateMachine.java:getLatestSnapshot(147)) - Latest Snapshot Info 0#-1
2020-07-01 01:06:00,707 [grpc-default-executor-8] INFO  ratis.OzoneManagerStateMachine (OzoneManagerStateMachine.java:getLatestSnapshot(147)) - Latest Snapshot Info 0#-1
2020-07-01 01:06:00,706 [Thread-4848] DEBUG impl.RaftServerImpl (RaftServerImpl.java:logAppendEntries(928)) - omNode-2@group-523986131536: succeeded to handle AppendEntries. Reply: omNode-1<-omNode-2#64:OK,SUCCESS,nextIndex:40,term:1,followerCommit:37
2020-07-01 01:06:00,707 [grpc-default-executor-8] DEBUG server.GrpcLogAppender (GrpcLogAppender.java:onNext(257)) - omNode-1@group-523986131536->omNode-2-AppendLogResponseHandler: received a reply omNode-1<-omNode-2#64:OK,SUCCESS,nextIndex:40,term:1,followerCommit:37, request=AppendEntriesRequest:cid=64,entriesCount=1,lastEntry=(t:1, i:39)
2020-07-01 01:06:00,712 [Thread-4849] DEBUG impl.RaftServerImpl (RaftServerImpl.java:logAppendEntries(928)) - omNode-3@group-523986131536: succeeded to handle AppendEntries. Reply: omNode-1<-omNode-3#65:OK,SUCCESS,nextIndex:41,term:1,followerCommit:39
2020-07-01 01:06:00,712 [grpc-default-executor-8] DEBUG server.GrpcLogAppender (GrpcLogAppender.java:onNext(257)) - omNode-1@group-523986131536->omNode-3-AppendLogResponseHandler: received a reply omNode-1<-omNode-3#65:OK,SUCCESS,nextIndex:41,term:1,followerCommit:39, request=AppendEntriesRequest:cid=65,entriesCount=1,lastEntry=(t:1, i:40)
2020-07-01 01:06:00,713 [Thread-4850] DEBUG impl.RaftServerImpl (RaftServerImpl.java:logAppendEntries(928)) - omNode-2@group-523986131536: succeeded to handle AppendEntries. Reply: omNode-1<-omNode-2#65:OK,SUCCESS,nextIndex:41,term:1,followerCommit:39
2020-07-01 01:06:00,713 [grpc-default-executor-8] DEBUG server.GrpcLogAppender (GrpcLogAppender.java:onNext(257)) - omNode-1@group-523986131536->omNode-2-AppendLogResponseHandler: received a reply omNode-1<-omNode-2#65:OK,SUCCESS,nextIndex:41,term:1,followerCommit:39, request=AppendEntriesRequest:cid=65,entriesCount=1,lastEntry=(t:1, i:40)
2020-07-01 01:06:00,717 [Thread-4851] DEBUG impl.RaftServerImpl (RaftServerImpl.java:logAppendEntries(928)) - omNode-3@group-523986131536: succeeded to handle AppendEntries. Reply: omNode-1<-omNode-3#66:OK,SUCCESS,nextIndex:42,term:1,followerCommit:39
2020-07-01 01:06:00,717 [grpc-default-executor-8] DEBUG server.GrpcLogAppender (GrpcLogAppender.java:onNext(257)) - omNode-1@group-523986131536->omNode-3-AppendLogResponseHandler: received a reply omNode-1<-omNode-3#66:OK,SUCCESS,nextIndex:42,term:1,followerCommit:39, request=AppendEntriesRequest:cid=66,entriesCount=1,lastEntry=(t:1, i:41)
2020-07-01 01:06:00,718 [grpc-default-executor-8] DEBUG impl.RaftServerImpl (RaftServerImpl.java:logAppendEntries(928)) - omNode-3@group-523986131536: receive appendEntries(omNode-1, 1, (t:1, i:41), 41, false, commits[omNode-1:c41, omNode-3:c39, omNode-2:c39], entries: (t:1, i:42), METADATAENTRY(c:41)
2020-07-01 01:06:00,718 [grpc-default-executor-8] INFO  ratis.OzoneManagerStateMachine (OzoneManagerStateMachine.java:getLatestSnapshot(147)) - Latest Snapshot Info 0#-1
2020-07-01 01:06:00,718 [grpc-default-executor-8] INFO  ratis.OzoneManagerStateMachine (OzoneManagerStateMachine.java:getLatestSnapshot(147)) - Latest Snapshot Info 0#-1
2020-07-01 01:06:00,718 [grpc-default-executor-1] DEBUG impl.RaftServerImpl (RaftServerImpl.java:logAppendEntries(928)) - omNode-2@group-523986131536: receive appendEntries(omNode-1, 1, (t:1, i:41), 41, false, commits[omNode-1:c41, omNode-3:c39, omNode-2:c39], entries: (t:1, i:42), METADATAENTRY(c:41)
2020-07-01 01:06:00,718 [grpc-default-executor-1] INFO  ratis.OzoneManagerStateMachine (OzoneManagerStateMachine.java:getLatestSnapshot(147)) - Latest Snapshot Info 0#-1
2020-07-01 01:06:00,718 [grpc-default-executor-1] INFO  ratis.OzoneManagerStateMachine (OzoneManagerStateMachine.java:getLatestSnapshot(147)) - Latest Snapshot Info 0#-1
2020-07-01 01:06:00,721 [Thread-4852] DEBUG impl.RaftServerImpl (RaftServerImpl.java:logAppendEntries(928)) - omNode-2@group-523986131536: succeeded to handle AppendEntries. Reply: omNode-1<-omNode-2#66:OK,SUCCESS,nextIndex:42,term:1,followerCommit:39
2020-07-01 01:06:00,721 [grpc-default-executor-8] DEBUG server.GrpcLogAppender (GrpcLogAppender.java:onNext(257)) - omNode-1@group-523986131536->omNode-2-AppendLogResponseHandler: received a reply omNode-1<-omNode-2#66:OK,SUCCESS,nextIndex:42,term:1,followerCommit:39, request=AppendEntriesRequest:cid=66,entriesCount=1,lastEntry=(t:1, i:41)
2020-07-01 01:06:00,727 [Thread-4853] DEBUG impl.RaftServerImpl (RaftServerImpl.java:logAppendEntries(928)) - omNode-3@group-523986131536: succeeded to handle AppendEntries. Reply: omNode-1<-omNode-3#67:OK,SUCCESS,nextIndex:43,term:1,followerCommit:41
2020-07-01 01:06:00,727 [grpc-default-executor-1] DEBUG server.GrpcLogAppender (GrpcLogAppender.java:onNext(257)) - omNode-1@group-523986131536->omNode-3-AppendLogResponseHandler: received a reply omNode-1<-omNode-3#67:OK,SUCCESS,nextIndex:43,term:1,followerCommit:41, request=AppendEntriesRequest:cid=67,entriesCount=1,lastEntry=(t:1, i:42)
2020-07-01 01:06:00,728 [IPC Server handler 2 on default port 11860] DEBUG impl.RaftServerImpl (RaftServerImpl.java:submitClientRequestAsync(575)) - omNode-1@group-523986131536: receive client request(RaftClientRequest:client-6E5155DBE9B8->omNode-1@group-523986131536, cid=343, seq=0, RW, Message:082412001a13636c6965...(size=360))
2020-07-01 01:06:00,728 [IPC Server handler 2 on default port 11860] DEBUG impl.RaftServerImpl (LeaderState.java:addPendingRequest(335)) - omNode-1@group-523986131536-LeaderState: addPendingRequest at RaftClientRequest:client-6E5155DBE9B8->omNode-1@group-523986131536, cid=343, seq=0, RW, Message:082412001a13636c6965...(size=360), entry=(t:1, i:43), STATEMACHINELOGENTRY, client-6E5155DBE9B8, cid=343
2020-07-01 01:06:00,729 [Thread-4854] DEBUG impl.RaftServerImpl (RaftServerImpl.java:logAppendEntries(928)) - omNode-2@group-523986131536: succeeded to handle AppendEntries. Reply: omNode-1<-omNode-2#67:OK,SUCCESS,nextIndex:43,term:1,followerCommit:41
2020-07-01 01:06:00,729 [grpc-default-executor-8] DEBUG impl.RaftServerImpl (RaftServerImpl.java:logAppendEntries(928)) - omNode-3@group-523986131536: receive appendEntries(omNode-1, 1, (t:1, i:42), 42, false, commits[omNode-1:c42, omNode-3:c41, omNode-2:c39], entries: (t:1, i:43), STATEMACHINELOGENTRY, client-6E5155DBE9B8, cid=343
2020-07-01 01:06:00,730 [grpc-default-executor-8] INFO  ratis.OzoneManagerStateMachine (OzoneManagerStateMachine.java:getLatestSnapshot(147)) - Latest Snapshot Info 0#-1
2020-07-01 01:06:00,730 [grpc-default-executor-8] INFO  ratis.OzoneManagerStateMachine (OzoneManagerStateMachine.java:getLatestSnapshot(147)) - Latest Snapshot Info 0#-1
2020-07-01 01:06:00,730 [grpc-default-executor-7] DEBUG server.GrpcLogAppender (GrpcLogAppender.java:onNext(257)) - omNode-1@group-523986131536->omNode-2-AppendLogResponseHandler: received a reply omNode-1<-omNode-2#67:OK,SUCCESS,nextIndex:43,term:1,followerCommit:41, request=AppendEntriesRequest:cid=67,entriesCount=1,lastEntry=(t:1, i:42)
2020-07-01 01:06:00,729 [grpc-default-executor-1] DEBUG impl.RaftServerImpl (RaftServerImpl.java:logAppendEntries(928)) - omNode-2@group-523986131536: receive appendEntries(omNode-1, 1, (t:1, i:42), 42, false, commits[omNode-1:c42, omNode-3:c41, omNode-2:c39], entries: (t:1, i:43), STATEMACHINELOGENTRY, client-6E5155DBE9B8, cid=343
2020-07-01 01:06:00,730 [grpc-default-executor-1] INFO  ratis.OzoneManagerStateMachine (OzoneManagerStateMachine.java:getLatestSnapshot(147)) - Latest Snapshot Info 0#-1
2020-07-01 01:06:00,730 [grpc-default-executor-1] INFO  ratis.OzoneManagerStateMachine (OzoneManagerStateMachine.java:getLatestSnapshot(147)) - Latest Snapshot Info 0#-1
2020-07-01 01:06:00,730 [Thread-4855] DEBUG impl.RaftServerImpl (RaftServerImpl.java:logAppendEntries(928)) - omNode-3@group-523986131536: succeeded to handle AppendEntries. Reply: omNode-1<-omNode-3#68:OK,SUCCESS,nextIndex:44,term:1,followerCommit:42
2020-07-01 01:06:00,731 [grpc-default-executor-1] DEBUG server.GrpcLogAppender (GrpcLogAppender.java:onNext(257)) - omNode-1@group-523986131536->omNode-3-AppendLogResponseHandler: received a reply omNode-1<-omNode-3#68:OK,SUCCESS,nextIndex:44,term:1,followerCommit:42, request=AppendEntriesRequest:cid=68,entriesCount=1,lastEntry=(t:1, i:43)
2020-07-01 01:06:00,731 [Thread-4856] DEBUG impl.RaftServerImpl (RaftServerImpl.java:logAppendEntries(928)) - omNode-2@group-523986131536: succeeded to handle AppendEntries. Reply: omNode-1<-omNode-2#68:OK,SUCCESS,nextIndex:44,term:1,followerCommit:42
2020-07-01 01:06:00,733 [grpc-default-executor-1] DEBUG impl.RaftServerImpl (RaftServerImpl.java:logAppendEntries(928)) - omNode-3@group-523986131536: receive appendEntries(omNode-1, 1, (t:1, i:43), 43, false, commits[omNode-1:c43, omNode-3:c42, omNode-2:c41], entries: (t:1, i:44), METADATAENTRY(c:43)
2020-07-01 01:06:00,733 [grpc-default-executor-1] INFO  ratis.OzoneManagerStateMachine (OzoneManagerStateMachine.java:getLatestSnapshot(147)) - Latest Snapshot Info 0#-1
2020-07-01 01:06:00,733 [grpc-default-executor-1] INFO  ratis.OzoneManagerStateMachine (OzoneManagerStateMachine.java:getLatestSnapshot(147)) - Latest Snapshot Info 0#-1
2020-07-01 01:06:00,732 [Listener at 127.0.0.1/11872] INFO  ipc.Server (Server.java:stop(3359)) - Stopping server on 11866
2020-07-01 01:06:00,732 [grpc-default-executor-7] DEBUG impl.RaftServerImpl (RaftServerImpl.java:logAppendEntries(928)) - omNode-2@group-523986131536: receive appendEntries(omNode-1, 1, (t:1, i:43), 43, false, commits[omNode-1:c43, omNode-3:c42, omNode-2:c41], entries: (t:1, i:44), METADATAENTRY(c:43)
2020-07-01 01:06:00,734 [grpc-default-executor-7] INFO  ratis.OzoneManagerStateMachine (OzoneManagerStateMachine.java:getLatestSnapshot(147)) - Latest Snapshot Info 0#-1
2020-07-01 01:06:00,734 [grpc-default-executor-7] INFO  ratis.OzoneManagerStateMachine (OzoneManagerStateMachine.java:getLatestSnapshot(147)) - Latest Snapshot Info 0#-1
2020-07-01 01:06:00,735 [grpc-default-executor-7] DEBUG server.GrpcLogAppender (GrpcLogAppender.java:onNext(257)) - omNode-1@group-523986131536->omNode-2-AppendLogResponseHandler: received a reply omNode-1<-omNode-2#68:OK,SUCCESS,nextIndex:44,term:1,followerCommit:42, request=AppendEntriesRequest:cid=68,entriesCount=1,lastEntry=(t:1, i:43)
2020-07-01 01:06:00,735 [Thread-4857] DEBUG impl.RaftServerImpl (RaftServerImpl.java:logAppendEntries(928)) - omNode-3@group-523986131536: succeeded to handle AppendEntries. Reply: omNode-1<-omNode-3#69:OK,SUCCESS,nextIndex:45,term:1,followerCommit:43
2020-07-01 01:06:00,736 [grpc-default-executor-7] DEBUG server.GrpcLogAppender (GrpcLogAppender.java:onNext(257)) - omNode-1@group-523986131536->omNode-3-AppendLogResponseHandler: received a reply omNode-1<-omNode-3#69:OK,SUCCESS,nextIndex:45,term:1,followerCommit:43, request=AppendEntriesRequest:cid=69,entriesCount=1,lastEntry=(t:1, i:44)
2020-07-01 01:06:00,737 [IPC Server Responder] INFO  ipc.Server (Server.java:run(1465)) - Stopping IPC Server Responder
2020-07-01 01:06:00,737 [IPC Server listener on 11866] INFO  ipc.Server (Server.java:run(1330)) - Stopping IPC Server listener on 11866
2020-07-01 01:06:00,738 [Listener at 127.0.0.1/11872] INFO  impl.RaftServerProxy (RaftServerProxy.java:lambda$close$4(319)) - omNode-2: close
2020-07-01 01:06:00,738 [Listener at 127.0.0.1/11872] INFO  impl.RaftServerImpl (RaftServerImpl.java:lambda$shutdown$3(252)) - omNode-2@group-523986131536: shutdown
2020-07-01 01:06:00,738 [Listener at 127.0.0.1/11872] INFO  util.JmxRegister (JmxRegister.java:unregister(73)) - Successfully un-registered JMX Bean with object name Ratis:service=RaftServer,group=group-523986131536,id=omNode-2
2020-07-01 01:06:00,738 [Listener at 127.0.0.1/11872] INFO  impl.RoleInfo (RoleInfo.java:shutdownFollowerState(121)) - omNode-2: shutdown FollowerState
2020-07-01 01:06:00,738 [Listener at 127.0.0.1/11872] INFO  impl.StateMachineUpdater (StateMachineUpdater.java:stopAndJoin(142)) - omNode-2@group-523986131536-StateMachineUpdater: set stopIndex = 43
2020-07-01 01:06:00,738 [Thread-4651] INFO  impl.FollowerState (FollowerState.java:run(117)) - omNode-2@group-523986131536-FollowerState was interrupted: java.lang.InterruptedException: sleep interrupted
2020-07-01 01:06:00,741 [omNode-2@group-523986131536-StateMachineUpdater] INFO  ratis.OzoneManagerStateMachine (OzoneManagerStateMachine.java:takeSnapshot(355)) - Current Snapshot Index (t:1, i:43)
2020-07-01 01:06:00,741 [Thread-4858] DEBUG impl.RaftServerImpl (RaftServerImpl.java:logAppendEntries(928)) - omNode-2@group-523986131536: succeeded to handle AppendEntries. Reply: omNode-1<-omNode-2#69:OK,SUCCESS,nextIndex:45,term:1,followerCommit:43
2020-07-01 01:06:00,741 [omNode-2@group-523986131536-StateMachineUpdater] INFO  impl.StateMachineUpdater (StateMachineUpdater.java:takeSnapshot(277)) - omNode-2@group-523986131536-StateMachineUpdater: Took a snapshot at index 43
2020-07-01 01:06:00,741 [omNode-2@group-523986131536-StateMachineUpdater] INFO  impl.StateMachineUpdater (StateMachineUpdater.java:lambda$new$0(87)) - omNode-2@group-523986131536-StateMachineUpdater: snapshotIndex: updateIncreasingly -1 -> 43
2020-07-01 01:06:00,741 [omNode-2@group-523986131536-StateMachineUpdater] INFO  metrics.RatisMetrics (RatisMetrics.java:unregister(43)) - Unregistering Metrics Registry : ratis.state_machine.omNode-2@group-523986131536
2020-07-01 01:06:00,742 [Listener at 127.0.0.1/11872] INFO  impl.RaftServerImpl (ServerState.java:close(387)) - omNode-2@group-523986131536: closes. applyIndex: 43
2020-07-01 01:06:00,742 [grpc-default-executor-7] DEBUG server.GrpcLogAppender (GrpcLogAppender.java:onNext(257)) - omNode-1@group-523986131536->omNode-2-AppendLogResponseHandler: received a reply omNode-1<-omNode-2#69:OK,SUCCESS,nextIndex:45,term:1,followerCommit:43, request=AppendEntriesRequest:cid=69,entriesCount=1,lastEntry=(t:1, i:44)
2020-07-01 01:06:00,742 [omNode-2@group-523986131536-SegmentedRaftLogWorker] INFO  segmented.SegmentedRaftLogWorker (SegmentedRaftLogWorker.java:run(327)) - omNode-2@group-523986131536-SegmentedRaftLogWorker was interrupted, exiting. There are 0 tasks remaining in the queue.
2020-07-01 01:06:00,742 [Listener at 127.0.0.1/11872] INFO  segmented.SegmentedRaftLogWorker (SegmentedRaftLogWorker.java:close(234)) - omNode-2@group-523986131536-SegmentedRaftLogWorker close()
2020-07-01 01:06:00,745 [Listener at 127.0.0.1/11872] INFO  metrics.RatisMetrics (RatisMetrics.java:unregister(43)) - Unregistering Metrics Registry : ratis.log_worker.omNode-2@group-523986131536
2020-07-01 01:06:00,745 [Listener at 127.0.0.1/11872] INFO  metrics.RatisMetrics (RatisMetrics.java:unregister(43)) - Unregistering Metrics Registry : ratis.leader_election.omNode-2@group-523986131536
2020-07-01 01:06:00,745 [Listener at 127.0.0.1/11872] INFO  metrics.RatisMetrics (RatisMetrics.java:unregister(43)) - Unregistering Metrics Registry : ratis.server.omNode-2@group-523986131536
2020-07-01 01:06:00,745 [Listener at 127.0.0.1/11872] INFO  server.GrpcService (GrpcService.java:closeImpl(166)) - omNode-2: shutdown server with port 11870 now
2020-07-01 01:06:00,748 [grpc-default-executor-1] WARN  server.GrpcServerProtocolService (LogUtils.java:warn(122)) - omNode-2: installSnapshot onError, lastRequest: omNode-1->omNode-2#69-t1, previous=(t:1, i:43), leaderCommit=43, initializing? false, entries: size=1, first=(t:1, i:44), METADATAENTRY(c:43): org.apache.ratis.thirdparty.io.grpc.StatusRuntimeException: CANCELLED: cancelled before receiving half close
2020-07-01 01:06:00,748 [grpc-default-executor-7] WARN  server.GrpcLogAppender (LogUtils.java:warn(122)) - omNode-1@group-523986131536->omNode-2-AppendLogResponseHandler: Failed appendEntries: org.apache.ratis.thirdparty.io.grpc.StatusRuntimeException: CANCELLED: HTTP/2 error code: CANCEL
Received Rst Stream
2020-07-01 01:06:00,748 [Listener at 127.0.0.1/11872] INFO  server.GrpcService (GrpcService.java:closeImpl(174)) - omNode-2: shutdown server with port 11870 successfully
2020-07-01 01:06:00,749 [Listener at 127.0.0.1/11872] INFO  ratis.OzoneManagerDoubleBuffer (OzoneManagerDoubleBuffer.java:stop(458)) - Stopping OMDoubleBuffer flush thread
2020-07-01 01:06:00,749 [OMDoubleBufferFlushThread] INFO  ratis.OzoneManagerDoubleBuffer (OzoneManagerDoubleBuffer.java:flushTransactions(357)) - OMDoubleBuffer flush thread OMDoubleBufferFlushThread is interrupted and will exit. OMDoubleBufferFlushThread
2020-07-01 01:06:00,749 [Listener at 127.0.0.1/11872] INFO  ratis.OzoneManagerStateMachine (HadoopExecutors.java:shutdown(118)) - Gracefully shutting down executor service. Waiting max 5 SECONDS
2020-07-01 01:06:00,749 [Listener at 127.0.0.1/11872] INFO  ratis.OzoneManagerStateMachine (HadoopExecutors.java:shutdown(129)) - Succesfully shutdown executor service
2020-07-01 01:06:00,749 [Listener at 127.0.0.1/11872] INFO  ratis.OzoneManagerStateMachine (HadoopExecutors.java:shutdown(118)) - Gracefully shutting down executor service. Waiting max 5 SECONDS
2020-07-01 01:06:00,749 [Listener at 127.0.0.1/11872] INFO  ratis.OzoneManagerStateMachine (HadoopExecutors.java:shutdown(129)) - Succesfully shutdown executor service
2020-07-01 01:06:00,749 [Listener at 127.0.0.1/11872] INFO  utils.BackgroundService (BackgroundService.java:shutdown(157)) - Shutting down service KeyDeletingService
2020-07-01 01:06:00,750 [grpc-default-executor-7] INFO  impl.FollowerInfo (FollowerInfo.java:lambda$new$0(51)) - omNode-1@group-523986131536->omNode-2: nextIndex: updateUnconditionally 45 -> 44
2020-07-01 01:06:00,751 [Listener at 127.0.0.1/11872] INFO  handler.ContextHandler (ContextHandler.java:doStop(1016)) - Stopped o.e.j.w.WebAppContext@4c70987c{ozoneManager,/,null,UNAVAILABLE}{file:/github/workspace/mnt/ozone/hadoop-ozone/integration-test/target/test-classes/webapps/ozoneManager}
2020-07-01 01:06:00,752 [Listener at 127.0.0.1/11872] INFO  server.AbstractConnector (AbstractConnector.java:doStop(380)) - Stopped ServerConnector@5b0f9c1a{HTTP/1.1,[http/1.1]}{0.0.0.0:11868}
2020-07-01 01:06:00,752 [Listener at 127.0.0.1/11872] INFO  server.session (HouseKeeper.java:stopScavenging(158)) - node0 Stopped scavenging
2020-07-01 01:06:00,752 [Listener at 127.0.0.1/11872] INFO  handler.ContextHandler (ContextHandler.java:doStop(1016)) - Stopped o.e.j.s.ServletContextHandler@4cea9093{static,/static,file:///github/workspace/mnt/ozone/hadoop-ozone/integration-test/target/test-classes/webapps/static,UNAVAILABLE}
2020-07-01 01:06:00,752 [Listener at 127.0.0.1/11872] INFO  handler.ContextHandler (ContextHandler.java:doStop(1016)) - Stopped o.e.j.s.ServletContextHandler@54c66b44{logs,/logs,file:///github/workspace/mnt/ozone/hadoop-ozone/integration-test/target/log,UNAVAILABLE}
2020-07-01 01:06:00,757 [IPC Server handler 4 on default port 11860] DEBUG impl.RaftServerImpl (RaftServerImpl.java:submitClientRequestAsync(575)) - omNode-1@group-523986131536: receive client request(RaftClientRequest:client-6E5155DBE9B8->omNode-1@group-523986131536, cid=344, seq=0, RW, Message:081f12001a13636c6965...(size=409))
2020-07-01 01:06:00,757 [IPC Server handler 4 on default port 11860] DEBUG impl.RaftServerImpl (LeaderState.java:addPendingRequest(335)) - omNode-1@group-523986131536-LeaderState: addPendingRequest at RaftClientRequest:client-6E5155DBE9B8->omNode-1@group-523986131536, cid=344, seq=0, RW, Message:081f12001a13636c6965...(size=409), entry=(t:1, i:45), STATEMACHINELOGENTRY, client-6E5155DBE9B8, cid=344
2020-07-01 01:06:00,759 [grpc-default-executor-1] DEBUG impl.RaftServerImpl (RaftServerImpl.java:logAppendEntries(928)) - omNode-3@group-523986131536: receive appendEntries(omNode-1, 1, (t:1, i:44), 44, false, commits[omNode-1:c44, omNode-3:c43, omNode-2:c43], entries: (t:1, i:45), STATEMACHINELOGENTRY, client-6E5155DBE9B8, cid=344
2020-07-01 01:06:00,759 [grpc-default-executor-1] INFO  ratis.OzoneManagerStateMachine (OzoneManagerStateMachine.java:getLatestSnapshot(147)) - Latest Snapshot Info 0#-1
2020-07-01 01:06:00,759 [grpc-default-executor-1] INFO  ratis.OzoneManagerStateMachine (OzoneManagerStateMachine.java:getLatestSnapshot(147)) - Latest Snapshot Info 0#-1
2020-07-01 01:06:00,760 [grpc-default-executor-7] WARN  server.GrpcLogAppender (LogUtils.java:warn(122)) - omNode-1@group-523986131536->omNode-2-AppendLogResponseHandler: Failed appendEntries: org.apache.ratis.thirdparty.io.grpc.StatusRuntimeException: UNAVAILABLE: io exception
2020-07-01 01:06:00,760 [grpc-default-executor-7] INFO  impl.FollowerInfo (FollowerInfo.java:lambda$new$0(51)) - omNode-1@group-523986131536->omNode-2: nextIndex: updateUnconditionally 46 -> 45
2020-07-01 01:06:00,760 [Thread-4859] DEBUG impl.RaftServerImpl (RaftServerImpl.java:logAppendEntries(928)) - omNode-3@group-523986131536: succeeded to handle AppendEntries. Reply: omNode-1<-omNode-3#70:OK,SUCCESS,nextIndex:46,term:1,followerCommit:44
2020-07-01 01:06:00,760 [grpc-default-executor-7] DEBUG server.GrpcLogAppender (GrpcLogAppender.java:onNext(257)) - omNode-1@group-523986131536->omNode-3-AppendLogResponseHandler: received a reply omNode-1<-omNode-3#70:OK,SUCCESS,nextIndex:46,term:1,followerCommit:44, request=AppendEntriesRequest:cid=70,entriesCount=1,lastEntry=(t:1, i:45)
2020-07-01 01:06:00,762 [grpc-default-executor-7] DEBUG impl.RaftServerImpl (RaftServerImpl.java:logAppendEntries(928)) - omNode-3@group-523986131536: receive appendEntries(omNode-1, 1, (t:1, i:45), 45, false, commits[omNode-1:c45, omNode-3:c44, omNode-2:c43], entries: (t:1, i:46), METADATAENTRY(c:45)
2020-07-01 01:06:00,762 [grpc-default-executor-7] INFO  ratis.OzoneManagerStateMachine (OzoneManagerStateMachine.java:getLatestSnapshot(147)) - Latest Snapshot Info 0#-1
2020-07-01 01:06:00,762 [grpc-default-executor-7] INFO  ratis.OzoneManagerStateMachine (OzoneManagerStateMachine.java:getLatestSnapshot(147)) - Latest Snapshot Info 0#-1
2020-07-01 01:06:00,764 [grpc-default-executor-1] WARN  server.GrpcLogAppender (LogUtils.java:warn(122)) - omNode-1@group-523986131536->omNode-2-AppendLogResponseHandler: Failed appendEntries: org.apache.ratis.thirdparty.io.grpc.StatusRuntimeException: UNAVAILABLE: io exception
2020-07-01 01:06:00,764 [grpc-default-executor-1] INFO  impl.FollowerInfo (FollowerInfo.java:lambda$new$0(51)) - omNode-1@group-523986131536->omNode-2: nextIndex: updateUnconditionally 47 -> 45
2020-07-01 01:06:00,766 [Thread-4860] DEBUG impl.RaftServerImpl (RaftServerImpl.java:logAppendEntries(928)) - omNode-3@group-523986131536: succeeded to handle AppendEntries. Reply: omNode-1<-omNode-3#71:OK,SUCCESS,nextIndex:47,term:1,followerCommit:45
2020-07-01 01:06:00,766 [grpc-default-executor-1] DEBUG server.GrpcLogAppender (GrpcLogAppender.java:onNext(257)) - omNode-1@group-523986131536->omNode-3-AppendLogResponseHandler: received a reply omNode-1<-omNode-3#71:OK,SUCCESS,nextIndex:47,term:1,followerCommit:45, request=AppendEntriesRequest:cid=71,entriesCount=1,lastEntry=(t:1, i:46)
2020-07-01 01:06:00,774 [grpc-default-executor-8] WARN  server.GrpcLogAppender (LogUtils.java:warn(122)) - omNode-1@group-523986131536->omNode-2-AppendLogResponseHandler: Failed appendEntries: org.apache.ratis.thirdparty.io.grpc.StatusRuntimeException: UNAVAILABLE: io exception
2020-07-01 01:06:00,774 [grpc-default-executor-8] INFO  impl.FollowerInfo (FollowerInfo.java:lambda$new$0(51)) - omNode-1@group-523986131536->omNode-2: nextIndex: updateUnconditionally 47 -> 45
2020-07-01 01:06:00,778 [IPC Server handler 6 on default port 11860] DEBUG impl.RaftServerImpl (RaftServerImpl.java:submitClientRequestAsync(575)) - omNode-1@group-523986131536: receive client request(RaftClientRequest:client-6E5155DBE9B8->omNode-1@group-523986131536, cid=345, seq=0, RW, Message:082412001a13636c6965...(size=360))
2020-07-01 01:06:00,779 [IPC Server handler 6 on default port 11860] DEBUG impl.RaftServerImpl (LeaderState.java:addPendingRequest(335)) - omNode-1@group-523986131536-LeaderState: addPendingRequest at RaftClientRequest:client-6E5155DBE9B8->omNode-1@group-523986131536, cid=345, seq=0, RW, Message:082412001a13636c6965...(size=360), entry=(t:1, i:47), STATEMACHINELOGENTRY, client-6E5155DBE9B8, cid=345
2020-07-01 01:06:00,780 [grpc-default-executor-1] DEBUG impl.RaftServerImpl (RaftServerImpl.java:logAppendEntries(928)) - omNode-3@group-523986131536: receive appendEntries(omNode-1, 1, (t:1, i:46), 46, false, commits[omNode-1:c46, omNode-3:c45, omNode-2:c43], entries: (t:1, i:47), STATEMACHINELOGENTRY, client-6E5155DBE9B8, cid=345
2020-07-01 01:06:00,780 [grpc-default-executor-1] INFO  ratis.OzoneManagerStateMachine (OzoneManagerStateMachine.java:getLatestSnapshot(147)) - Latest Snapshot Info 0#-1
2020-07-01 01:06:00,780 [grpc-default-executor-1] INFO  ratis.OzoneManagerStateMachine (OzoneManagerStateMachine.java:getLatestSnapshot(147)) - Latest Snapshot Info 0#-1
2020-07-01 01:06:00,781 [grpc-default-executor-7] WARN  server.GrpcLogAppender (LogUtils.java:warn(122)) - omNode-1@group-523986131536->omNode-2-AppendLogResponseHandler: Failed appendEntries: org.apache.ratis.thirdparty.io.grpc.StatusRuntimeException: UNAVAILABLE: io exception
2020-07-01 01:06:00,781 [grpc-default-executor-7] INFO  impl.FollowerInfo (FollowerInfo.java:lambda$new$0(51)) - omNode-1@group-523986131536->omNode-2: nextIndex: updateUnconditionally 48 -> 45
2020-07-01 01:06:00,781 [Thread-4861] DEBUG impl.RaftServerImpl (RaftServerImpl.java:logAppendEntries(928)) - omNode-3@group-523986131536: succeeded to handle AppendEntries. Reply: omNode-1<-omNode-3#72:OK,SUCCESS,nextIndex:48,term:1,followerCommit:46
2020-07-01 01:06:00,781 [grpc-default-executor-7] DEBUG server.GrpcLogAppender (GrpcLogAppender.java:onNext(257)) - omNode-1@group-523986131536->omNode-3-AppendLogResponseHandler: received a reply omNode-1<-omNode-3#72:OK,SUCCESS,nextIndex:48,term:1,followerCommit:46, request=AppendEntriesRequest:cid=72,entriesCount=1,lastEntry=(t:1, i:47)
2020-07-01 01:06:00,783 [grpc-default-executor-1] DEBUG impl.RaftServerImpl (RaftServerImpl.java:logAppendEntries(928)) - omNode-3@group-523986131536: receive appendEntries(omNode-1, 1, (t:1, i:47), 47, false, commits[omNode-1:c47, omNode-3:c46, omNode-2:c43], entries: (t:1, i:48), METADATAENTRY(c:47)
2020-07-01 01:06:00,783 [grpc-default-executor-1] INFO  ratis.OzoneManagerStateMachine (OzoneManagerStateMachine.java:getLatestSnapshot(147)) - Latest Snapshot Info 0#-1
2020-07-01 01:06:00,783 [grpc-default-executor-1] INFO  ratis.OzoneManagerStateMachine (OzoneManagerStateMachine.java:getLatestSnapshot(147)) - Latest Snapshot Info 0#-1
2020-07-01 01:06:00,784 [grpc-default-executor-7] WARN  server.GrpcLogAppender (LogUtils.java:warn(122)) - omNode-1@group-523986131536->omNode-2-AppendLogResponseHandler: Failed appendEntries: org.apache.ratis.thirdparty.io.grpc.StatusRuntimeException: UNAVAILABLE: io exception
2020-07-01 01:06:00,784 [grpc-default-executor-7] INFO  impl.FollowerInfo (FollowerInfo.java:lambda$new$0(51)) - omNode-1@group-523986131536->omNode-2: nextIndex: updateUnconditionally 49 -> 45
2020-07-01 01:06:00,784 [IPC Server handler 7 on default port 11860] DEBUG impl.RaftServerImpl (RaftServerImpl.java:submitClientRequestAsync(575)) - omNode-1@group-523986131536: receive client request(RaftClientRequest:client-6E5155DBE9B8->omNode-1@group-523986131536, cid=346, seq=0, RW, Message:081f12001a13636c6965...(size=409))
2020-07-01 01:06:00,785 [IPC Server handler 7 on default port 11860] DEBUG impl.RaftServerImpl (LeaderState.java:addPendingRequest(335)) - omNode-1@group-523986131536-LeaderState: addPendingRequest at RaftClientRequest:client-6E5155DBE9B8->omNode-1@group-523986131536, cid=346, seq=0, RW, Message:081f12001a13636c6965...(size=409), entry=(t:1, i:49), STATEMACHINELOGENTRY, client-6E5155DBE9B8, cid=346
2020-07-01 01:06:00,785 [Thread-4862] DEBUG impl.RaftServerImpl (RaftServerImpl.java:logAppendEntries(928)) - omNode-3@group-523986131536: succeeded to handle AppendEntries. Reply: omNode-1<-omNode-3#73:OK,SUCCESS,nextIndex:49,term:1,followerCommit:47
2020-07-01 01:06:00,785 [grpc-default-executor-7] DEBUG impl.RaftServerImpl (RaftServerImpl.java:logAppendEntries(928)) - omNode-3@group-523986131536: receive appendEntries(omNode-1, 1, (t:1, i:48), 47, false, commits[omNode-1:c47, omNode-3:c46, omNode-2:c43], entries: (t:1, i:49), STATEMACHINELOGENTRY, client-6E5155DBE9B8, cid=346
2020-07-01 01:06:00,786 [grpc-default-executor-7] INFO  ratis.OzoneManagerStateMachine (OzoneManagerStateMachine.java:getLatestSnapshot(147)) - Latest Snapshot Info 0#-1
2020-07-01 01:06:00,786 [grpc-default-executor-7] INFO  ratis.OzoneManagerStateMachine (OzoneManagerStateMachine.java:getLatestSnapshot(147)) - Latest Snapshot Info 0#-1
2020-07-01 01:06:00,787 [grpc-default-executor-1] DEBUG server.GrpcLogAppender (GrpcLogAppender.java:onNext(257)) - omNode-1@group-523986131536->omNode-3-AppendLogResponseHandler: received a reply omNode-1<-omNode-3#73:OK,SUCCESS,nextIndex:49,term:1,followerCommit:47, request=AppendEntriesRequest:cid=73,entriesCount=1,lastEntry=(t:1, i:48)
2020-07-01 01:06:00,787 [grpc-default-executor-7] WARN  server.GrpcLogAppender (LogUtils.java:warn(122)) - omNode-1@group-523986131536->omNode-2-AppendLogResponseHandler: Failed appendEntries: org.apache.ratis.thirdparty.io.grpc.StatusRuntimeException: UNAVAILABLE: io exception
2020-07-01 01:06:00,787 [grpc-default-executor-7] INFO  impl.FollowerInfo (FollowerInfo.java:lambda$new$0(51)) - omNode-1@group-523986131536->omNode-2: nextIndex: updateUnconditionally 50 -> 45
2020-07-01 01:06:00,789 [Thread-4863] DEBUG impl.RaftServerImpl (RaftServerImpl.java:logAppendEntries(928)) - omNode-3@group-523986131536: succeeded to handle AppendEntries. Reply: omNode-1<-omNode-3#74:OK,SUCCESS,nextIndex:50,term:1,followerCommit:47
2020-07-01 01:06:00,789 [grpc-default-executor-7] DEBUG server.GrpcLogAppender (GrpcLogAppender.java:onNext(257)) - omNode-1@group-523986131536->omNode-3-AppendLogResponseHandler: received a reply omNode-1<-omNode-3#74:OK,SUCCESS,nextIndex:50,term:1,followerCommit:47, request=AppendEntriesRequest:cid=74,entriesCount=1,lastEntry=(t:1, i:49)
2020-07-01 01:06:00,790 [omNode-1@group-523986131536-StateMachineUpdater] INFO  ratis.OzoneManagerStateMachine (OzoneManagerStateMachine.java:takeSnapshot(355)) - Current Snapshot Index (t:1, i:49)
2020-07-01 01:06:00,791 [grpc-default-executor-1] DEBUG impl.RaftServerImpl (RaftServerImpl.java:logAppendEntries(928)) - omNode-3@group-523986131536: receive appendEntries(omNode-1, 1, (t:1, i:49), 49, false, commits[omNode-1:c49, omNode-3:c47, omNode-2:c43], entries: (t:1, i:50), METADATAENTRY(c:49)
2020-07-01 01:06:00,791 [grpc-default-executor-1] INFO  ratis.OzoneManagerStateMachine (OzoneManagerStateMachine.java:getLatestSnapshot(147)) - Latest Snapshot Info 0#-1
2020-07-01 01:06:00,791 [grpc-default-executor-1] INFO  ratis.OzoneManagerStateMachine (OzoneManagerStateMachine.java:getLatestSnapshot(147)) - Latest Snapshot Info 0#-1
2020-07-01 01:06:00,791 [omNode-1@group-523986131536-StateMachineUpdater] INFO  impl.StateMachineUpdater (StateMachineUpdater.java:takeSnapshot(277)) - omNode-1@group-523986131536-StateMachineUpdater: Took a snapshot at index 49
2020-07-01 01:06:00,792 [omNode-1@group-523986131536-StateMachineUpdater] INFO  impl.StateMachineUpdater (StateMachineUpdater.java:lambda$new$0(87)) - omNode-1@group-523986131536-StateMachineUpdater: snapshotIndex: updateIncreasingly -1 -> 49
2020-07-01 01:06:00,793 [grpc-default-executor-8] WARN  server.GrpcLogAppender (LogUtils.java:warn(122)) - omNode-1@group-523986131536->omNode-2-AppendLogResponseHandler: Failed appendEntries: org.apache.ratis.thirdparty.io.grpc.StatusRuntimeException: UNAVAILABLE: io exception
2020-07-01 01:06:00,793 [grpc-default-executor-8] INFO  impl.FollowerInfo (FollowerInfo.java:lambda$new$0(51)) - omNode-1@group-523986131536->omNode-2: nextIndex: updateUnconditionally 51 -> 45
2020-07-01 01:06:00,793 [Thread-4864] DEBUG impl.RaftServerImpl (RaftServerImpl.java:logAppendEntries(928)) - omNode-3@group-523986131536: succeeded to handle AppendEntries. Reply: omNode-1<-omNode-3#75:OK,SUCCESS,nextIndex:51,term:1,followerCommit:49
2020-07-01 01:06:00,794 [grpc-default-executor-1] DEBUG server.GrpcLogAppender (GrpcLogAppender.java:onNext(257)) - omNode-1@group-523986131536->omNode-3-AppendLogResponseHandler: received a reply omNode-1<-omNode-3#75:OK,SUCCESS,nextIndex:51,term:1,followerCommit:49, request=AppendEntriesRequest:cid=75,entriesCount=1,lastEntry=(t:1, i:50)
2020-07-01 01:06:00,794 [omNode-3@group-523986131536-StateMachineUpdater] INFO  ratis.OzoneManagerStateMachine (OzoneManagerStateMachine.java:takeSnapshot(355)) - Current Snapshot Index (t:1, i:49)
2020-07-01 01:06:00,794 [omNode-3@group-523986131536-StateMachineUpdater] INFO  impl.StateMachineUpdater (StateMachineUpdater.java:takeSnapshot(277)) - omNode-3@group-523986131536-StateMachineUpdater: Took a snapshot at index 49
2020-07-01 01:06:00,794 [omNode-3@group-523986131536-StateMachineUpdater] INFO  impl.StateMachineUpdater (StateMachineUpdater.java:lambda$new$0(87)) - omNode-3@group-523986131536-StateMachineUpdater: snapshotIndex: updateIncreasingly -1 -> 49
2020-07-01 01:06:00,800 [grpc-default-executor-6] WARN  server.GrpcLogAppender (LogUtils.java:warn(122)) - omNode-1@group-523986131536->omNode-2-AppendLogResponseHandler: Failed appendEntries: org.apache.ratis.thirdparty.io.grpc.StatusRuntimeException: UNAVAILABLE: io exception
2020-07-01 01:06:00,800 [grpc-default-executor-6] INFO  impl.FollowerInfo (FollowerInfo.java:lambda$new$0(51)) - omNode-1@group-523986131536->omNode-2: nextIndex: updateUnconditionally 51 -> 45
2020-07-01 01:06:00,801 [IPC Server handler 8 on default port 11860] DEBUG impl.RaftServerImpl (RaftServerImpl.java:submitClientRequestAsync(575)) - omNode-1@group-523986131536: receive client request(RaftClientRequest:client-6E5155DBE9B8->omNode-1@group-523986131536, cid=347, seq=0, RW, Message:082412001a13636c6965...(size=360))
2020-07-01 01:06:00,802 [IPC Server handler 8 on default port 11860] DEBUG impl.RaftServerImpl (LeaderState.java:addPendingRequest(335)) - omNode-1@group-523986131536-LeaderState: addPendingRequest at RaftClientRequest:client-6E5155DBE9B8->omNode-1@group-523986131536, cid=347, seq=0, RW, Message:082412001a13636c6965...(size=360), entry=(t:1, i:51), STATEMACHINELOGENTRY, client-6E5155DBE9B8, cid=347
2020-07-01 01:06:00,802 [grpc-default-executor-6] DEBUG impl.RaftServerImpl (RaftServerImpl.java:logAppendEntries(928)) - omNode-3@group-523986131536: receive appendEntries(omNode-1, 1, (t:1, i:50), 50, false, commits[omNode-1:c50, omNode-3:c49, omNode-2:c43], entries: (t:1, i:51), STATEMACHINELOGENTRY, client-6E5155DBE9B8, cid=347
2020-07-01 01:06:00,802 [grpc-default-executor-6] INFO  ratis.OzoneManagerStateMachine (OzoneManagerStateMachine.java:getLatestSnapshot(147)) - Latest Snapshot Info 1#49
2020-07-01 01:06:00,802 [grpc-default-executor-6] INFO  ratis.OzoneManagerStateMachine (OzoneManagerStateMachine.java:getLatestSnapshot(147)) - Latest Snapshot Info 1#49
2020-07-01 01:06:00,803 [Thread-4865] DEBUG impl.RaftServerImpl (RaftServerImpl.java:logAppendEntries(928)) - omNode-3@group-523986131536: succeeded to handle AppendEntries. Reply: omNode-1<-omNode-3#76:OK,SUCCESS,nextIndex:52,term:1,followerCommit:50
2020-07-01 01:06:00,804 [grpc-default-executor-7] WARN  server.GrpcLogAppender (LogUtils.java:warn(122)) - omNode-1@group-523986131536->omNode-2-AppendLogResponseHandler: Failed appendEntries: org.apache.ratis.thirdparty.io.grpc.StatusRuntimeException: UNAVAILABLE: io exception
2020-07-01 01:06:00,804 [grpc-default-executor-7] INFO  impl.FollowerInfo (FollowerInfo.java:lambda$new$0(51)) - omNode-1@group-523986131536->omNode-2: nextIndex: updateUnconditionally 52 -> 45
2020-07-01 01:06:00,804 [grpc-default-executor-7] DEBUG server.GrpcLogAppender (GrpcLogAppender.java:onNext(257)) - omNode-1@group-523986131536->omNode-3-AppendLogResponseHandler: received a reply omNode-1<-omNode-3#76:OK,SUCCESS,nextIndex:52,term:1,followerCommit:50, request=AppendEntriesRequest:cid=76,entriesCount=1,lastEntry=(t:1, i:51)
2020-07-01 01:06:00,806 [grpc-default-executor-7] DEBUG impl.RaftServerImpl (RaftServerImpl.java:logAppendEntries(928)) - omNode-3@group-523986131536: receive appendEntries(omNode-1, 1, (t:1, i:51), 51, false, commits[omNode-1:c51, omNode-3:c50, omNode-2:c43], entries: (t:1, i:52), METADATAENTRY(c:51)
2020-07-01 01:06:00,806 [grpc-default-executor-7] INFO  ratis.OzoneManagerStateMachine (OzoneManagerStateMachine.java:getLatestSnapshot(147)) - Latest Snapshot Info 1#49
2020-07-01 01:06:00,806 [grpc-default-executor-7] INFO  ratis.OzoneManagerStateMachine (OzoneManagerStateMachine.java:getLatestSnapshot(147)) - Latest Snapshot Info 1#49
2020-07-01 01:06:00,807 [IPC Server handler 10 on default port 11860] DEBUG impl.RaftServerImpl (RaftServerImpl.java:submitClientRequestAsync(575)) - omNode-1@group-523986131536: receive client request(RaftClientRequest:client-6E5155DBE9B8->omNode-1@group-523986131536, cid=348, seq=0, RW, Message:081f12001a13636c6965...(size=409))
2020-07-01 01:06:00,807 [grpc-default-executor-6] WARN  server.GrpcLogAppender (LogUtils.java:warn(122)) - omNode-1@group-523986131536->omNode-2-AppendLogResponseHandler: Failed appendEntries: org.apache.ratis.thirdparty.io.grpc.StatusRuntimeException: UNAVAILABLE: io exception
2020-07-01 01:06:00,807 [grpc-default-executor-6] INFO  impl.FollowerInfo (FollowerInfo.java:lambda$new$0(51)) - omNode-1@group-523986131536->omNode-2: nextIndex: updateUnconditionally 53 -> 45
2020-07-01 01:06:00,808 [IPC Server handler 10 on default port 11860] DEBUG impl.RaftServerImpl (LeaderState.java:addPendingRequest(335)) - omNode-1@group-523986131536-LeaderState: addPendingRequest at RaftClientRequest:client-6E5155DBE9B8->omNode-1@group-523986131536, cid=348, seq=0, RW, Message:081f12001a13636c6965...(size=409), entry=(t:1, i:53), STATEMACHINELOGENTRY, client-6E5155DBE9B8, cid=348
2020-07-01 01:06:00,808 [grpc-default-executor-6] DEBUG impl.RaftServerImpl (RaftServerImpl.java:logAppendEntries(928)) - omNode-3@group-523986131536: receive appendEntries(omNode-1, 1, (t:1, i:52), 51, false, commits[omNode-1:c51, omNode-3:c50, omNode-2:c43], entries: (t:1, i:53), STATEMACHINELOGENTRY, client-6E5155DBE9B8, cid=348
2020-07-01 01:06:00,808 [grpc-default-executor-6] INFO  ratis.OzoneManagerStateMachine (OzoneManagerStateMachine.java:getLatestSnapshot(147)) - Latest Snapshot Info 1#49
2020-07-01 01:06:00,808 [grpc-default-executor-6] INFO  ratis.OzoneManagerStateMachine (OzoneManagerStateMachine.java:getLatestSnapshot(147)) - Latest Snapshot Info 1#49
2020-07-01 01:06:00,809 [grpc-default-executor-7] WARN  server.GrpcLogAppender (LogUtils.java:warn(122)) - omNode-1@group-523986131536->omNode-2-AppendLogResponseHandler: Failed appendEntries: org.apache.ratis.thirdparty.io.grpc.StatusRuntimeException: UNAVAILABLE: io exception
2020-07-01 01:06:00,809 [grpc-default-executor-7] INFO  impl.FollowerInfo (FollowerInfo.java:lambda$new$0(51)) - omNode-1@group-523986131536->omNode-2: nextIndex: updateUnconditionally 54 -> 45
2020-07-01 01:06:00,813 [Thread-4866] DEBUG impl.RaftServerImpl (RaftServerImpl.java:logAppendEntries(928)) - omNode-3@group-523986131536: succeeded to handle AppendEntries. Reply: omNode-1<-omNode-3#77:OK,SUCCESS,nextIndex:53,term:1,followerCommit:51
2020-07-01 01:06:00,814 [grpc-default-executor-7] DEBUG server.GrpcLogAppender (GrpcLogAppender.java:onNext(257)) - omNode-1@group-523986131536->omNode-3-AppendLogResponseHandler: received a reply omNode-1<-omNode-3#77:OK,SUCCESS,nextIndex:53,term:1,followerCommit:51, request=AppendEntriesRequest:cid=77,entriesCount=1,lastEntry=(t:1, i:52)
2020-07-01 01:06:00,814 [Thread-4867] DEBUG impl.RaftServerImpl (RaftServerImpl.java:logAppendEntries(928)) - omNode-3@group-523986131536: succeeded to handle AppendEntries. Reply: omNode-1<-omNode-3#78:OK,SUCCESS,nextIndex:54,term:1,followerCommit:51
2020-07-01 01:06:00,815 [grpc-default-executor-7] DEBUG server.GrpcLogAppender (GrpcLogAppender.java:onNext(257)) - omNode-1@group-523986131536->omNode-3-AppendLogResponseHandler: received a reply omNode-1<-omNode-3#78:OK,SUCCESS,nextIndex:54,term:1,followerCommit:51, request=AppendEntriesRequest:cid=78,entriesCount=1,lastEntry=(t:1, i:53)
2020-07-01 01:06:00,815 [grpc-default-executor-6] DEBUG impl.RaftServerImpl (RaftServerImpl.java:logAppendEntries(928)) - omNode-3@group-523986131536: receive appendEntries(omNode-1, 1, (t:1, i:53), 53, false, commits[omNode-1:c53, omNode-3:c51, omNode-2:c43], entries: (t:1, i:54), METADATAENTRY(c:53)
2020-07-01 01:06:00,815 [grpc-default-executor-6] INFO  ratis.OzoneManagerStateMachine (OzoneManagerStateMachine.java:getLatestSnapshot(147)) - Latest Snapshot Info 1#49
2020-07-01 01:06:00,815 [grpc-default-executor-6] INFO  ratis.OzoneManagerStateMachine (OzoneManagerStateMachine.java:getLatestSnapshot(147)) - Latest Snapshot Info 1#49
2020-07-01 01:06:00,817 [grpc-default-executor-6] WARN  server.GrpcLogAppender (LogUtils.java:warn(122)) - omNode-1@group-523986131536->omNode-2-AppendLogResponseHandler: Failed appendEntries: org.apache.ratis.thirdparty.io.grpc.StatusRuntimeException: UNAVAILABLE: io exception
2020-07-01 01:06:00,817 [grpc-default-executor-6] INFO  impl.FollowerInfo (FollowerInfo.java:lambda$new$0(51)) - omNode-1@group-523986131536->omNode-2: nextIndex: updateUnconditionally 54 -> 45
2020-07-01 01:06:00,820 [Thread-4868] DEBUG impl.RaftServerImpl (RaftServerImpl.java:logAppendEntries(928)) - omNode-3@group-523986131536: succeeded to handle AppendEntries. Reply: omNode-1<-omNode-3#79:OK,SUCCESS,nextIndex:55,term:1,followerCommit:53
2020-07-01 01:06:00,820 [grpc-default-executor-7] DEBUG server.GrpcLogAppender (GrpcLogAppender.java:onNext(257)) - omNode-1@group-523986131536->omNode-3-AppendLogResponseHandler: received a reply omNode-1<-omNode-3#79:OK,SUCCESS,nextIndex:55,term:1,followerCommit:53, request=AppendEntriesRequest:cid=79,entriesCount=1,lastEntry=(t:1, i:54)
2020-07-01 01:06:00,823 [grpc-default-executor-1] WARN  server.GrpcLogAppender (LogUtils.java:warn(122)) - omNode-1@group-523986131536->omNode-2-AppendLogResponseHandler: Failed appendEntries: org.apache.ratis.thirdparty.io.grpc.StatusRuntimeException: UNAVAILABLE: io exception
2020-07-01 01:06:00,823 [grpc-default-executor-1] INFO  impl.FollowerInfo (FollowerInfo.java:lambda$new$0(51)) - omNode-1@group-523986131536->omNode-2: nextIndex: updateUnconditionally 55 -> 45
2020-07-01 01:06:00,827 [IPC Server handler 9 on default port 11860] DEBUG impl.RaftServerImpl (RaftServerImpl.java:submitClientRequestAsync(575)) - omNode-1@group-523986131536: receive client request(RaftClientRequest:client-6E5155DBE9B8->omNode-1@group-523986131536, cid=349, seq=0, RW, Message:082412001a13636c6965...(size=360))
2020-07-01 01:06:00,827 [IPC Server handler 9 on default port 11860] DEBUG impl.RaftServerImpl (LeaderState.java:addPendingRequest(335)) - omNode-1@group-523986131536-LeaderState: addPendingRequest at RaftClientRequest:client-6E5155DBE9B8->omNode-1@group-523986131536, cid=349, seq=0, RW, Message:082412001a13636c6965...(size=360), entry=(t:1, i:55), STATEMACHINELOGENTRY, client-6E5155DBE9B8, cid=349
2020-07-01 01:06:00,829 [grpc-default-executor-7] DEBUG impl.RaftServerImpl (RaftServerImpl.java:logAppendEntries(928)) - omNode-3@group-523986131536: receive appendEntries(omNode-1, 1, (t:1, i:54), 54, false, commits[omNode-1:c54, omNode-3:c53, omNode-2:c43], entries: (t:1, i:55), STATEMACHINELOGENTRY, client-6E5155DBE9B8, cid=349
2020-07-01 01:06:00,829 [grpc-default-executor-7] INFO  ratis.OzoneManagerStateMachine (OzoneManagerStateMachine.java:getLatestSnapshot(147)) - Latest Snapshot Info 1#49
2020-07-01 01:06:00,829 [grpc-default-executor-7] INFO  ratis.OzoneManagerStateMachine (OzoneManagerStateMachine.java:getLatestSnapshot(147)) - Latest Snapshot Info 1#49
2020-07-01 01:06:00,830 [grpc-default-executor-1] WARN  server.GrpcLogAppender (LogUtils.java:warn(122)) - omNode-1@group-523986131536->omNode-2-AppendLogResponseHandler: Failed appendEntries: org.apache.ratis.thirdparty.io.grpc.StatusRuntimeException: UNAVAILABLE: io exception
2020-07-01 01:06:00,830 [grpc-default-executor-1] INFO  impl.FollowerInfo (FollowerInfo.java:lambda$new$0(51)) - omNode-1@group-523986131536->omNode-2: nextIndex: updateUnconditionally 56 -> 45
2020-07-01 01:06:00,830 [Thread-4869] DEBUG impl.RaftServerImpl (RaftServerImpl.java:logAppendEntries(928)) - omNode-3@group-523986131536: succeeded to handle AppendEntries. Reply: omNode-1<-omNode-3#80:OK,SUCCESS,nextIndex:56,term:1,followerCommit:54
2020-07-01 01:06:00,830 [grpc-default-executor-1] DEBUG server.GrpcLogAppender (GrpcLogAppender.java:onNext(257)) - omNode-1@group-523986131536->omNode-3-AppendLogResponseHandler: received a reply omNode-1<-omNode-3#80:OK,SUCCESS,nextIndex:56,term:1,followerCommit:54, request=AppendEntriesRequest:cid=80,entriesCount=1,lastEntry=(t:1, i:55)
2020-07-01 01:06:00,833 [grpc-default-executor-7] DEBUG impl.RaftServerImpl (RaftServerImpl.java:logAppendEntries(928)) - omNode-3@group-523986131536: receive appendEntries(omNode-1, 1, (t:1, i:55), 55, false, commits[omNode-1:c55, omNode-3:c54, omNode-2:c43], entries: (t:1, i:56), METADATAENTRY(c:55)
2020-07-01 01:06:00,833 [grpc-default-executor-7] INFO  ratis.OzoneManagerStateMachine (OzoneManagerStateMachine.java:getLatestSnapshot(147)) - Latest Snapshot Info 1#49
2020-07-01 01:06:00,833 [grpc-default-executor-7] INFO  ratis.OzoneManagerStateMachine (OzoneManagerStateMachine.java:getLatestSnapshot(147)) - Latest Snapshot Info 1#49
2020-07-01 01:06:00,835 [grpc-default-executor-7] WARN  server.GrpcLogAppender (LogUtils.java:warn(122)) - omNode-1@group-523986131536->omNode-2-AppendLogResponseHandler: Failed appendEntries: org.apache.ratis.thirdparty.io.grpc.StatusRuntimeException: UNAVAILABLE: io exception
2020-07-01 01:06:00,835 [grpc-default-executor-7] INFO  impl.FollowerInfo (FollowerInfo.java:lambda$new$0(51)) - omNode-1@group-523986131536->omNode-2: nextIndex: updateUnconditionally 57 -> 45
2020-07-01 01:06:00,835 [IPC Server handler 17 on default port 11860] DEBUG impl.RaftServerImpl (RaftServerImpl.java:submitClientRequestAsync(575)) - omNode-1@group-523986131536: receive client request(RaftClientRequest:client-6E5155DBE9B8->omNode-1@group-523986131536, cid=350, seq=0, RW, Message:081f12001a13636c6965...(size=409))
2020-07-01 01:06:00,835 [IPC Server handler 17 on default port 11860] DEBUG impl.RaftServerImpl (LeaderState.java:addPendingRequest(335)) - omNode-1@group-523986131536-LeaderState: addPendingRequest at RaftClientRequest:client-6E5155DBE9B8->omNode-1@group-523986131536, cid=350, seq=0, RW, Message:081f12001a13636c6965...(size=409), entry=(t:1, i:57), STATEMACHINELOGENTRY, client-6E5155DBE9B8, cid=350
2020-07-01 01:06:00,837 [grpc-default-executor-1] DEBUG impl.RaftServerImpl (RaftServerImpl.java:logAppendEntries(928)) - omNode-3@group-523986131536: receive appendEntries(omNode-1, 1, (t:1, i:56), 55, false, commits[omNode-1:c55, omNode-3:c54, omNode-2:c43], entries: (t:1, i:57), STATEMACHINELOGENTRY, client-6E5155DBE9B8, cid=350
2020-07-01 01:06:00,837 [grpc-default-executor-1] INFO  ratis.OzoneManagerStateMachine (OzoneManagerStateMachine.java:getLatestSnapshot(147)) - Latest Snapshot Info 1#49
2020-07-01 01:06:00,837 [grpc-default-executor-1] INFO  ratis.OzoneManagerStateMachine (OzoneManagerStateMachine.java:getLatestSnapshot(147)) - Latest Snapshot Info 1#49
2020-07-01 01:06:00,837 [Thread-4870] DEBUG impl.RaftServerImpl (RaftServerImpl.java:logAppendEntries(928)) - omNode-3@group-523986131536: succeeded to handle AppendEntries. Reply: omNode-1<-omNode-3#81:OK,SUCCESS,nextIndex:57,term:1,followerCommit:55
2020-07-01 01:06:00,838 [grpc-default-executor-1] WARN  server.GrpcLogAppender (LogUtils.java:warn(122)) - omNode-1@group-523986131536->omNode-2-AppendLogResponseHandler: Failed appendEntries: org.apache.ratis.thirdparty.io.grpc.StatusRuntimeException: UNAVAILABLE: io exception
2020-07-01 01:06:00,838 [grpc-default-executor-1] INFO  impl.FollowerInfo (FollowerInfo.java:lambda$new$0(51)) - omNode-1@group-523986131536->omNode-2: nextIndex: updateUnconditionally 58 -> 45
2020-07-01 01:06:00,839 [grpc-default-executor-1] DEBUG server.GrpcLogAppender (GrpcLogAppender.java:onNext(257)) - omNode-1@group-523986131536->omNode-3-AppendLogResponseHandler: received a reply omNode-1<-omNode-3#81:OK,SUCCESS,nextIndex:57,term:1,followerCommit:55, request=AppendEntriesRequest:cid=81,entriesCount=1,lastEntry=(t:1, i:56)
2020-07-01 01:06:00,840 [grpc-default-executor-7] WARN  server.GrpcLogAppender (LogUtils.java:warn(122)) - omNode-1@group-523986131536->omNode-2-AppendLogResponseHandler: Failed appendEntries: org.apache.ratis.thirdparty.io.grpc.StatusRuntimeException: UNAVAILABLE: io exception
2020-07-01 01:06:00,840 [grpc-default-executor-7] INFO  impl.FollowerInfo (FollowerInfo.java:lambda$new$0(51)) - omNode-1@group-523986131536->omNode-2: nextIndex: updateUnconditionally 58 -> 45
2020-07-01 01:06:00,841 [Thread-4871] DEBUG impl.RaftServerImpl (RaftServerImpl.java:logAppendEntries(928)) - omNode-3@group-523986131536: succeeded to handle AppendEntries. Reply: omNode-1<-omNode-3#82:OK,SUCCESS,nextIndex:58,term:1,followerCommit:55
2020-07-01 01:06:00,843 [grpc-default-executor-7] DEBUG server.GrpcLogAppender (GrpcLogAppender.java:onNext(257)) - omNode-1@group-523986131536->omNode-3-AppendLogResponseHandler: received a reply omNode-1<-omNode-3#82:OK,SUCCESS,nextIndex:58,term:1,followerCommit:55, request=AppendEntriesRequest:cid=82,entriesCount=1,lastEntry=(t:1, i:57)
2020-07-01 01:06:00,844 [grpc-default-executor-7] DEBUG impl.RaftServerImpl (RaftServerImpl.java:logAppendEntries(928)) - omNode-3@group-523986131536: receive appendEntries(omNode-1, 1, (t:1, i:57), 57, false, commits[omNode-1:c57, omNode-3:c55, omNode-2:c43], entries: (t:1, i:58), METADATAENTRY(c:57)
2020-07-01 01:06:00,844 [grpc-default-executor-7] INFO  ratis.OzoneManagerStateMachine (OzoneManagerStateMachine.java:getLatestSnapshot(147)) - Latest Snapshot Info 1#49
2020-07-01 01:06:00,845 [grpc-default-executor-7] INFO  ratis.OzoneManagerStateMachine (OzoneManagerStateMachine.java:getLatestSnapshot(147)) - Latest Snapshot Info 1#49
2020-07-01 01:06:00,849 [grpc-default-executor-7] WARN  server.GrpcLogAppender (LogUtils.java:warn(122)) - omNode-1@group-523986131536->omNode-2-AppendLogResponseHandler: Failed appendEntries: org.apache.ratis.thirdparty.io.grpc.StatusRuntimeException: UNAVAILABLE: io exception
2020-07-01 01:06:00,849 [grpc-default-executor-7] INFO  impl.FollowerInfo (FollowerInfo.java:lambda$new$0(51)) - omNode-1@group-523986131536->omNode-2: nextIndex: updateUnconditionally 59 -> 45
2020-07-01 01:06:00,850 [Thread-4872] DEBUG impl.RaftServerImpl (RaftServerImpl.java:logAppendEntries(928)) - omNode-3@group-523986131536: succeeded to handle AppendEntries. Reply: omNode-1<-omNode-3#83:OK,SUCCESS,nextIndex:59,term:1,followerCommit:57
2020-07-01 01:06:00,851 [grpc-default-executor-7] DEBUG server.GrpcLogAppender (GrpcLogAppender.java:onNext(257)) - omNode-1@group-523986131536->omNode-3-AppendLogResponseHandler: received a reply omNode-1<-omNode-3#83:OK,SUCCESS,nextIndex:59,term:1,followerCommit:57, request=AppendEntriesRequest:cid=83,entriesCount=1,lastEntry=(t:1, i:58)
2020-07-01 01:06:00,852 [grpc-default-executor-1] WARN  server.GrpcLogAppender (LogUtils.java:warn(122)) - omNode-1@group-523986131536->omNode-2-AppendLogResponseHandler: Failed appendEntries: org.apache.ratis.thirdparty.io.grpc.StatusRuntimeException: UNAVAILABLE: io exception
2020-07-01 01:06:00,853 [grpc-default-executor-1] INFO  impl.FollowerInfo (FollowerInfo.java:lambda$new$0(51)) - omNode-1@group-523986131536->omNode-2: nextIndex: updateUnconditionally 59 -> 45
2020-07-01 01:06:00,855 [IPC Server handler 11 on default port 11860] DEBUG impl.RaftServerImpl (RaftServerImpl.java:submitClientRequestAsync(575)) - omNode-1@group-523986131536: receive client request(RaftClientRequest:client-6E5155DBE9B8->omNode-1@group-523986131536, cid=351, seq=0, RW, Message:082412001a13636c6965...(size=360))
2020-07-01 01:06:00,855 [IPC Server handler 11 on default port 11860] DEBUG impl.RaftServerImpl (LeaderState.java:addPendingRequest(335)) - omNode-1@group-523986131536-LeaderState: addPendingRequest at RaftClientRequest:client-6E5155DBE9B8->omNode-1@group-523986131536, cid=351, seq=0, RW, Message:082412001a13636c6965...(size=360), entry=(t:1, i:59), STATEMACHINELOGENTRY, client-6E5155DBE9B8, cid=351
2020-07-01 01:06:00,857 [grpc-default-executor-1] DEBUG impl.RaftServerImpl (RaftServerImpl.java:logAppendEntries(928)) - omNode-3@group-523986131536: receive appendEntries(omNode-1, 1, (t:1, i:58), 58, false, commits[omNode-1:c58, omNode-3:c57, omNode-2:c43], entries: (t:1, i:59), STATEMACHINELOGENTRY, client-6E5155DBE9B8, cid=351
2020-07-01 01:06:00,857 [grpc-default-executor-1] INFO  ratis.OzoneManagerStateMachine (OzoneManagerStateMachine.java:getLatestSnapshot(147)) - Latest Snapshot Info 1#49
2020-07-01 01:06:00,857 [grpc-default-executor-1] INFO  ratis.OzoneManagerStateMachine (OzoneManagerStateMachine.java:getLatestSnapshot(147)) - Latest Snapshot Info 1#49
2020-07-01 01:06:00,858 [grpc-default-executor-1] WARN  server.GrpcLogAppender (LogUtils.java:warn(122)) - omNode-1@group-523986131536->omNode-2-AppendLogResponseHandler: Failed appendEntries: org.apache.ratis.thirdparty.io.grpc.StatusRuntimeException: UNAVAILABLE: io exception
2020-07-01 01:06:00,858 [grpc-default-executor-1] INFO  impl.FollowerInfo (FollowerInfo.java:lambda$new$0(51)) - omNode-1@group-523986131536->omNode-2: nextIndex: updateUnconditionally 60 -> 45
2020-07-01 01:06:00,858 [Thread-4873] DEBUG impl.RaftServerImpl (RaftServerImpl.java:logAppendEntries(928)) - omNode-3@group-523986131536: succeeded to handle AppendEntries. Reply: omNode-1<-omNode-3#84:OK,SUCCESS,nextIndex:60,term:1,followerCommit:58
2020-07-01 01:06:00,859 [grpc-default-executor-1] DEBUG server.GrpcLogAppender (GrpcLogAppender.java:onNext(257)) - omNode-1@group-523986131536->omNode-3-AppendLogResponseHandler: received a reply omNode-1<-omNode-3#84:OK,SUCCESS,nextIndex:60,term:1,followerCommit:58, request=AppendEntriesRequest:cid=84,entriesCount=1,lastEntry=(t:1, i:59)
2020-07-01 01:06:00,861 [grpc-default-executor-7] DEBUG impl.RaftServerImpl (RaftServerImpl.java:logAppendEntries(928)) - omNode-3@group-523986131536: receive appendEntries(omNode-1, 1, (t:1, i:59), 59, false, commits[omNode-1:c59, omNode-3:c58, omNode-2:c43], entries: (t:1, i:60), METADATAENTRY(c:59)
2020-07-01 01:06:00,861 [grpc-default-executor-7] INFO  ratis.OzoneManagerStateMachine (OzoneManagerStateMachine.java:getLatestSnapshot(147)) - Latest Snapshot Info 1#49
2020-07-01 01:06:00,861 [grpc-default-executor-7] INFO  ratis.OzoneManagerStateMachine (OzoneManagerStateMachine.java:getLatestSnapshot(147)) - Latest Snapshot Info 1#49
2020-07-01 01:06:00,863 [IPC Server handler 13 on default port 11860] DEBUG impl.RaftServerImpl (RaftServerImpl.java:submitClientRequestAsync(575)) - omNode-1@group-523986131536: receive client request(RaftClientRequest:client-6E5155DBE9B8->omNode-1@group-523986131536, cid=352, seq=0, RW, Message:081f12001a13636c6965...(size=409))
2020-07-01 01:06:00,863 [IPC Server handler 13 on default port 11860] DEBUG impl.RaftServerImpl (LeaderState.java:addPendingRequest(335)) - omNode-1@group-523986131536-LeaderState: addPendingRequest at RaftClientRequest:client-6E5155DBE9B8->omNode-1@group-523986131536, cid=352, seq=0, RW, Message:081f12001a13636c6965...(size=409), entry=(t:1, i:61), STATEMACHINELOGENTRY, client-6E5155DBE9B8, cid=352
2020-07-01 01:06:00,864 [grpc-default-executor-7] WARN  server.GrpcLogAppender (LogUtils.java:warn(122)) - omNode-1@group-523986131536->omNode-2-AppendLogResponseHandler: Failed appendEntries: org.apache.ratis.thirdparty.io.grpc.StatusRuntimeException: UNAVAILABLE: io exception
2020-07-01 01:06:00,864 [grpc-default-executor-7] INFO  impl.FollowerInfo (FollowerInfo.java:lambda$new$0(51)) - omNode-1@group-523986131536->omNode-2: nextIndex: updateUnconditionally 61 -> 45
2020-07-01 01:06:00,864 [grpc-default-executor-7] DEBUG impl.RaftServerImpl (RaftServerImpl.java:logAppendEntries(928)) - omNode-3@group-523986131536: receive appendEntries(omNode-1, 1, (t:1, i:60), 59, false, commits[omNode-1:c59, omNode-3:c58, omNode-2:c43], entries: (t:1, i:61), STATEMACHINELOGENTRY, client-6E5155DBE9B8, cid=352
2020-07-01 01:06:00,864 [grpc-default-executor-7] INFO  ratis.OzoneManagerStateMachine (OzoneManagerStateMachine.java:getLatestSnapshot(147)) - Latest Snapshot Info 1#49
2020-07-01 01:06:00,864 [grpc-default-executor-7] INFO  ratis.OzoneManagerStateMachine (OzoneManagerStateMachine.java:getLatestSnapshot(147)) - Latest Snapshot Info 1#49
2020-07-01 01:06:00,866 [grpc-default-executor-1] WARN  server.GrpcLogAppender (LogUtils.java:warn(122)) - omNode-1@group-523986131536->omNode-2-AppendLogResponseHandler: Failed appendEntries: org.apache.ratis.thirdparty.io.grpc.StatusRuntimeException: UNAVAILABLE: io exception
2020-07-01 01:06:00,866 [grpc-default-executor-1] INFO  impl.FollowerInfo (FollowerInfo.java:lambda$new$0(51)) - omNode-1@group-523986131536->omNode-2: nextIndex: updateUnconditionally 62 -> 45
2020-07-01 01:06:00,867 [Thread-4874] DEBUG impl.RaftServerImpl (RaftServerImpl.java:logAppendEntries(928)) - omNode-3@group-523986131536: succeeded to handle AppendEntries. Reply: omNode-1<-omNode-3#85:OK,SUCCESS,nextIndex:61,term:1,followerCommit:59
2020-07-01 01:06:00,868 [grpc-default-executor-1] DEBUG server.GrpcLogAppender (GrpcLogAppender.java:onNext(257)) - omNode-1@group-523986131536->omNode-3-AppendLogResponseHandler: received a reply omNode-1<-omNode-3#85:OK,SUCCESS,nextIndex:61,term:1,followerCommit:59, request=AppendEntriesRequest:cid=85,entriesCount=1,lastEntry=(t:1, i:60)
2020-07-01 01:06:00,870 [grpc-default-executor-7] WARN  server.GrpcLogAppender (LogUtils.java:warn(122)) - omNode-1@group-523986131536->omNode-2-AppendLogResponseHandler: Failed appendEntries: org.apache.ratis.thirdparty.io.grpc.StatusRuntimeException: UNAVAILABLE: io exception
2020-07-01 01:06:00,870 [grpc-default-executor-7] INFO  impl.FollowerInfo (FollowerInfo.java:lambda$new$0(51)) - omNode-1@group-523986131536->omNode-2: nextIndex: updateUnconditionally 62 -> 45
2020-07-01 01:06:00,870 [Thread-4875] DEBUG impl.RaftServerImpl (RaftServerImpl.java:logAppendEntries(928)) - omNode-3@group-523986131536: succeeded to handle AppendEntries. Reply: omNode-1<-omNode-3#86:OK,SUCCESS,nextIndex:62,term:1,followerCommit:59
2020-07-01 01:06:00,870 [grpc-default-executor-7] DEBUG server.GrpcLogAppender (GrpcLogAppender.java:onNext(257)) - omNode-1@group-523986131536->omNode-3-AppendLogResponseHandler: received a reply omNode-1<-omNode-3#86:OK,SUCCESS,nextIndex:62,term:1,followerCommit:59, request=AppendEntriesRequest:cid=86,entriesCount=1,lastEntry=(t:1, i:61)
2020-07-01 01:06:00,873 [grpc-default-executor-1] DEBUG impl.RaftServerImpl (RaftServerImpl.java:logAppendEntries(928)) - omNode-3@group-523986131536: receive appendEntries(omNode-1, 1, (t:1, i:61), 61, false, commits[omNode-1:c61, omNode-3:c59, omNode-2:c43], entries: (t:1, i:62), METADATAENTRY(c:61)
2020-07-01 01:06:00,874 [grpc-default-executor-1] INFO  ratis.OzoneManagerStateMachine (OzoneManagerStateMachine.java:getLatestSnapshot(147)) - Latest Snapshot Info 1#49
2020-07-01 01:06:00,874 [grpc-default-executor-1] INFO  ratis.OzoneManagerStateMachine (OzoneManagerStateMachine.java:getLatestSnapshot(147)) - Latest Snapshot Info 1#49
2020-07-01 01:06:00,876 [grpc-default-executor-7] WARN  server.GrpcLogAppender (LogUtils.java:warn(122)) - omNode-1@group-523986131536->omNode-2-AppendLogResponseHandler: Failed appendEntries: org.apache.ratis.thirdparty.io.grpc.StatusRuntimeException: UNAVAILABLE: io exception
2020-07-01 01:06:00,876 [grpc-default-executor-7] INFO  impl.FollowerInfo (FollowerInfo.java:lambda$new$0(51)) - omNode-1@group-523986131536->omNode-2: nextIndex: updateUnconditionally 63 -> 45
2020-07-01 01:06:00,878 [Thread-4876] DEBUG impl.RaftServerImpl (RaftServerImpl.java:logAppendEntries(928)) - omNode-3@group-523986131536: succeeded to handle AppendEntries. Reply: omNode-1<-omNode-3#87:OK,SUCCESS,nextIndex:63,term:1,followerCommit:61
2020-07-01 01:06:00,878 [grpc-default-executor-7] DEBUG server.GrpcLogAppender (GrpcLogAppender.java:onNext(257)) - omNode-1@group-523986131536->omNode-3-AppendLogResponseHandler: received a reply omNode-1<-omNode-3#87:OK,SUCCESS,nextIndex:63,term:1,followerCommit:61, request=AppendEntriesRequest:cid=87,entriesCount=1,lastEntry=(t:1, i:62)
2020-07-01 01:06:00,880 [grpc-default-executor-1] WARN  server.GrpcLogAppender (LogUtils.java:warn(122)) - omNode-1@group-523986131536->omNode-2-AppendLogResponseHandler: Failed appendEntries: org.apache.ratis.thirdparty.io.grpc.StatusRuntimeException: UNAVAILABLE: io exception
2020-07-01 01:06:00,880 [grpc-default-executor-1] INFO  impl.FollowerInfo (FollowerInfo.java:lambda$new$0(51)) - omNode-1@group-523986131536->omNode-2: nextIndex: updateUnconditionally 63 -> 45
2020-07-01 01:06:00,883 [IPC Server handler 18 on default port 11860] DEBUG impl.RaftServerImpl (RaftServerImpl.java:submitClientRequestAsync(575)) - omNode-1@group-523986131536: receive client request(RaftClientRequest:client-6E5155DBE9B8->omNode-1@group-523986131536, cid=353, seq=0, RW, Message:082412001a13636c6965...(size=360))
2020-07-01 01:06:00,883 [IPC Server handler 18 on default port 11860] DEBUG impl.RaftServerImpl (LeaderState.java:addPendingRequest(335)) - omNode-1@group-523986131536-LeaderState: addPendingRequest at RaftClientRequest:client-6E5155DBE9B8->omNode-1@group-523986131536, cid=353, seq=0, RW, Message:082412001a13636c6965...(size=360), entry=(t:1, i:63), STATEMACHINELOGENTRY, client-6E5155DBE9B8, cid=353
2020-07-01 01:06:00,884 [grpc-default-executor-7] DEBUG impl.RaftServerImpl (RaftServerImpl.java:logAppendEntries(928)) - omNode-3@group-523986131536: receive appendEntries(omNode-1, 1, (t:1, i:62), 62, false, commits[omNode-1:c62, omNode-3:c61, omNode-2:c43], entries: (t:1, i:63), STATEMACHINELOGENTRY, client-6E5155DBE9B8, cid=353
2020-07-01 01:06:00,884 [grpc-default-executor-7] INFO  ratis.OzoneManagerStateMachine (OzoneManagerStateMachine.java:getLatestSnapshot(147)) - Latest Snapshot Info 1#49
2020-07-01 01:06:00,884 [grpc-default-executor-7] INFO  ratis.OzoneManagerStateMachine (OzoneManagerStateMachine.java:getLatestSnapshot(147)) - Latest Snapshot Info 1#49
2020-07-01 01:06:00,886 [grpc-default-executor-7] WARN  server.GrpcLogAppender (LogUtils.java:warn(122)) - omNode-1@group-523986131536->omNode-2-AppendLogResponseHandler: Failed appendEntries: org.apache.ratis.thirdparty.io.grpc.StatusRuntimeException: UNAVAILABLE: io exception
2020-07-01 01:06:00,886 [grpc-default-executor-7] INFO  impl.FollowerInfo (FollowerInfo.java:lambda$new$0(51)) - omNode-1@group-523986131536->omNode-2: nextIndex: updateUnconditionally 64 -> 45
2020-07-01 01:06:00,895 [Thread-4877] DEBUG impl.RaftServerImpl (RaftServerImpl.java:logAppendEntries(928)) - omNode-3@group-523986131536: succeeded to handle AppendEntries. Reply: omNode-1<-omNode-3#88:OK,SUCCESS,nextIndex:64,term:1,followerCommit:62
2020-07-01 01:06:00,895 [grpc-default-executor-7] DEBUG server.GrpcLogAppender (GrpcLogAppender.java:onNext(257)) - omNode-1@group-523986131536->omNode-3-AppendLogResponseHandler: received a reply omNode-1<-omNode-3#88:OK,SUCCESS,nextIndex:64,term:1,followerCommit:62, request=AppendEntriesRequest:cid=88,entriesCount=1,lastEntry=(t:1, i:63)
2020-07-01 01:06:00,898 [grpc-default-executor-1] DEBUG impl.RaftServerImpl (RaftServerImpl.java:logAppendEntries(928)) - omNode-3@group-523986131536: receive appendEntries(omNode-1, 1, (t:1, i:63), 63, false, commits[omNode-1:c63, omNode-3:c62, omNode-2:c43], entries: (t:1, i:64), METADATAENTRY(c:63)
2020-07-01 01:06:00,898 [grpc-default-executor-1] INFO  ratis.OzoneManagerStateMachine (OzoneManagerStateMachine.java:getLatestSnapshot(147)) - Latest Snapshot Info 1#49
2020-07-01 01:06:00,898 [grpc-default-executor-1] INFO  ratis.OzoneManagerStateMachine (OzoneManagerStateMachine.java:getLatestSnapshot(147)) - Latest Snapshot Info 1#49
2020-07-01 01:06:00,899 [IPC Server handler 15 on default port 11860] DEBUG impl.RaftServerImpl (RaftServerImpl.java:submitClientRequestAsync(575)) - omNode-1@group-523986131536: receive client request(RaftClientRequest:client-6E5155DBE9B8->omNode-1@group-523986131536, cid=354, seq=0, RW, Message:081f12001a13636c6965...(size=409))
2020-07-01 01:06:00,900 [grpc-default-executor-1] WARN  server.GrpcLogAppender (LogUtils.java:warn(122)) - omNode-1@group-523986131536->omNode-2-AppendLogResponseHandler: Failed appendEntries: org.apache.ratis.thirdparty.io.grpc.StatusRuntimeException: UNAVAILABLE: io exception
2020-07-01 01:06:00,900 [IPC Server handler 15 on default port 11860] DEBUG impl.RaftServerImpl (LeaderState.java:addPendingRequest(335)) - omNode-1@group-523986131536-LeaderState: addPendingRequest at RaftClientRequest:client-6E5155DBE9B8->omNode-1@group-523986131536, cid=354, seq=0, RW, Message:081f12001a13636c6965...(size=409), entry=(t:1, i:65), STATEMACHINELOGENTRY, client-6E5155DBE9B8, cid=354
2020-07-01 01:06:00,900 [grpc-default-executor-1] INFO  impl.FollowerInfo (FollowerInfo.java:lambda$new$0(51)) - omNode-1@group-523986131536->omNode-2: nextIndex: updateUnconditionally 65 -> 45
2020-07-01 01:06:00,900 [grpc-default-executor-7] DEBUG impl.RaftServerImpl (RaftServerImpl.java:logAppendEntries(928)) - omNode-3@group-523986131536: receive appendEntries(omNode-1, 1, (t:1, i:64), 63, false, commits[omNode-1:c63, omNode-3:c62, omNode-2:c43], entries: (t:1, i:65), STATEMACHINELOGENTRY, client-6E5155DBE9B8, cid=354
2020-07-01 01:06:00,900 [grpc-default-executor-7] INFO  ratis.OzoneManagerStateMachine (OzoneManagerStateMachine.java:getLatestSnapshot(147)) - Latest Snapshot Info 1#49
2020-07-01 01:06:00,900 [grpc-default-executor-7] INFO  ratis.OzoneManagerStateMachine (OzoneManagerStateMachine.java:getLatestSnapshot(147)) - Latest Snapshot Info 1#49
2020-07-01 01:06:00,904 [Thread-4878] DEBUG impl.RaftServerImpl (RaftServerImpl.java:logAppendEntries(928)) - omNode-3@group-523986131536: succeeded to handle AppendEntries. Reply: omNode-1<-omNode-3#89:OK,SUCCESS,nextIndex:65,term:1,followerCommit:63
2020-07-01 01:06:00,904 [grpc-default-executor-7] DEBUG server.GrpcLogAppender (GrpcLogAppender.java:onNext(257)) - omNode-1@group-523986131536->omNode-3-AppendLogResponseHandler: received a reply omNode-1<-omNode-3#89:OK,SUCCESS,nextIndex:65,term:1,followerCommit:63, request=AppendEntriesRequest:cid=89,entriesCount=1,lastEntry=(t:1, i:64)
2020-07-01 01:06:00,906 [grpc-default-executor-1] WARN  server.GrpcLogAppender (LogUtils.java:warn(122)) - omNode-1@group-523986131536->omNode-2-AppendLogResponseHandler: Failed appendEntries: org.apache.ratis.thirdparty.io.grpc.StatusRuntimeException: UNAVAILABLE: io exception
2020-07-01 01:06:00,906 [grpc-default-executor-1] INFO  impl.FollowerInfo (FollowerInfo.java:lambda$new$0(51)) - omNode-1@group-523986131536->omNode-2: nextIndex: updateUnconditionally 66 -> 45
2020-07-01 01:06:00,907 [Thread-4879] DEBUG impl.RaftServerImpl (RaftServerImpl.java:logAppendEntries(928)) - omNode-3@group-523986131536: succeeded to handle AppendEntries. Reply: omNode-1<-omNode-3#90:OK,SUCCESS,nextIndex:66,term:1,followerCommit:63
2020-07-01 01:06:00,907 [grpc-default-executor-1] DEBUG server.GrpcLogAppender (GrpcLogAppender.java:onNext(257)) - omNode-1@group-523986131536->omNode-3-AppendLogResponseHandler: received a reply omNode-1<-omNode-3#90:OK,SUCCESS,nextIndex:66,term:1,followerCommit:63, request=AppendEntriesRequest:cid=90,entriesCount=1,lastEntry=(t:1, i:65)
2020-07-01 01:06:00,911 [grpc-default-executor-7] WARN  server.GrpcLogAppender (LogUtils.java:warn(122)) - omNode-1@group-523986131536->omNode-2-AppendLogResponseHandler: Failed appendEntries: org.apache.ratis.thirdparty.io.grpc.StatusRuntimeException: UNAVAILABLE: io exception
2020-07-01 01:06:00,911 [grpc-default-executor-7] INFO  impl.FollowerInfo (FollowerInfo.java:lambda$new$0(51)) - omNode-1@group-523986131536->omNode-2: nextIndex: updateUnconditionally 67 -> 45
2020-07-01 01:06:00,911 [grpc-default-executor-1] DEBUG impl.RaftServerImpl (RaftServerImpl.java:logAppendEntries(928)) - omNode-3@group-523986131536: receive appendEntries(omNode-1, 1, (t:1, i:65), 65, false, commits[omNode-1:c65, omNode-3:c63, omNode-2:c43], entries: (t:1, i:66), METADATAENTRY(c:65)
2020-07-01 01:06:00,911 [grpc-default-executor-1] INFO  ratis.OzoneManagerStateMachine (OzoneManagerStateMachine.java:getLatestSnapshot(147)) - Latest Snapshot Info 1#49
2020-07-01 01:06:00,912 [grpc-default-executor-1] INFO  ratis.OzoneManagerStateMachine (OzoneManagerStateMachine.java:getLatestSnapshot(147)) - Latest Snapshot Info 1#49
2020-07-01 01:06:00,915 [Thread-4880] DEBUG impl.RaftServerImpl (RaftServerImpl.java:logAppendEntries(928)) - omNode-3@group-523986131536: succeeded to handle AppendEntries. Reply: omNode-1<-omNode-3#91:OK,SUCCESS,nextIndex:67,term:1,followerCommit:65
2020-07-01 01:06:00,915 [grpc-default-executor-7] DEBUG server.GrpcLogAppender (GrpcLogAppender.java:onNext(257)) - omNode-1@group-523986131536->omNode-3-AppendLogResponseHandler: received a reply omNode-1<-omNode-3#91:OK,SUCCESS,nextIndex:67,term:1,followerCommit:65, request=AppendEntriesRequest:cid=91,entriesCount=1,lastEntry=(t:1, i:66)
2020-07-01 01:06:00,919 [grpc-default-executor-1] WARN  server.GrpcLogAppender (LogUtils.java:warn(122)) - omNode-1@group-523986131536->omNode-2-AppendLogResponseHandler: Failed appendEntries: org.apache.ratis.thirdparty.io.grpc.StatusRuntimeException: UNAVAILABLE: io exception
2020-07-01 01:06:00,919 [grpc-default-executor-1] INFO  impl.FollowerInfo (FollowerInfo.java:lambda$new$0(51)) - omNode-1@group-523986131536->omNode-2: nextIndex: updateUnconditionally 67 -> 45
2020-07-01 01:06:00,920 [IPC Server handler 14 on default port 11860] DEBUG impl.RaftServerImpl (RaftServerImpl.java:submitClientRequestAsync(575)) - omNode-1@group-523986131536: receive client request(RaftClientRequest:client-6E5155DBE9B8->omNode-1@group-523986131536, cid=355, seq=0, RW, Message:082412001a13636c6965...(size=360))
2020-07-01 01:06:00,920 [IPC Server handler 14 on default port 11860] DEBUG impl.RaftServerImpl (LeaderState.java:addPendingRequest(335)) - omNode-1@group-523986131536-LeaderState: addPendingRequest at RaftClientRequest:client-6E5155DBE9B8->omNode-1@group-523986131536, cid=355, seq=0, RW, Message:082412001a13636c6965...(size=360), entry=(t:1, i:67), STATEMACHINELOGENTRY, client-6E5155DBE9B8, cid=355
2020-07-01 01:06:00,921 [grpc-default-executor-1] DEBUG impl.RaftServerImpl (RaftServerImpl.java:logAppendEntries(928)) - omNode-3@group-523986131536: receive appendEntries(omNode-1, 1, (t:1, i:66), 66, false, commits[omNode-1:c66, omNode-3:c65, omNode-2:c43], entries: (t:1, i:67), STATEMACHINELOGENTRY, client-6E5155DBE9B8, cid=355
2020-07-01 01:06:00,922 [grpc-default-executor-1] INFO  ratis.OzoneManagerStateMachine (OzoneManagerStateMachine.java:getLatestSnapshot(147)) - Latest Snapshot Info 1#49
2020-07-01 01:06:00,922 [grpc-default-executor-1] INFO  ratis.OzoneManagerStateMachine (OzoneManagerStateMachine.java:getLatestSnapshot(147)) - Latest Snapshot Info 1#49
2020-07-01 01:06:00,923 [Thread-4881] DEBUG impl.RaftServerImpl (RaftServerImpl.java:logAppendEntries(928)) - omNode-3@group-523986131536: succeeded to handle AppendEntries. Reply: omNode-1<-omNode-3#92:OK,SUCCESS,nextIndex:68,term:1,followerCommit:66
2020-07-01 01:06:00,923 [grpc-default-executor-7] WARN  server.GrpcLogAppender (LogUtils.java:warn(122)) - omNode-1@group-523986131536->omNode-2-AppendLogResponseHandler: Failed appendEntries: org.apache.ratis.thirdparty.io.grpc.StatusRuntimeException: UNAVAILABLE: io exception
2020-07-01 01:06:00,924 [grpc-default-executor-7] INFO  impl.FollowerInfo (FollowerInfo.java:lambda$new$0(51)) - omNode-1@group-523986131536->omNode-2: nextIndex: updateUnconditionally 68 -> 45
2020-07-01 01:06:00,924 [grpc-default-executor-7] DEBUG server.GrpcLogAppender (GrpcLogAppender.java:onNext(257)) - omNode-1@group-523986131536->omNode-3-AppendLogResponseHandler: received a reply omNode-1<-omNode-3#92:OK,SUCCESS,nextIndex:68,term:1,followerCommit:66, request=AppendEntriesRequest:cid=92,entriesCount=1,lastEntry=(t:1, i:67)
2020-07-01 01:06:00,927 [IPC Server handler 16 on default port 11860] DEBUG impl.RaftServerImpl (RaftServerImpl.java:submitClientRequestAsync(575)) - omNode-1@group-523986131536: receive client request(RaftClientRequest:client-6E5155DBE9B8->omNode-1@group-523986131536, cid=356, seq=0, RW, Message:081f12001a13636c6965...(size=409))
2020-07-01 01:06:00,927 [IPC Server handler 16 on default port 11860] DEBUG impl.RaftServerImpl (LeaderState.java:addPendingRequest(335)) - omNode-1@group-523986131536-LeaderState: addPendingRequest at RaftClientRequest:client-6E5155DBE9B8->omNode-1@group-523986131536, cid=356, seq=0, RW, Message:081f12001a13636c6965...(size=409), entry=(t:1, i:69), STATEMACHINELOGENTRY, client-6E5155DBE9B8, cid=356
2020-07-01 01:06:00,928 [grpc-default-executor-6] WARN  server.GrpcLogAppender (LogUtils.java:warn(122)) - omNode-1@group-523986131536->omNode-2-AppendLogResponseHandler: Failed appendEntries: org.apache.ratis.thirdparty.io.grpc.StatusRuntimeException: UNAVAILABLE: io exception
2020-07-01 01:06:00,928 [grpc-default-executor-6] INFO  impl.FollowerInfo (FollowerInfo.java:lambda$new$0(51)) - omNode-1@group-523986131536->omNode-2: nextIndex: updateUnconditionally 69 -> 45
2020-07-01 01:06:00,928 [grpc-default-executor-1] DEBUG impl.RaftServerImpl (RaftServerImpl.java:logAppendEntries(928)) - omNode-3@group-523986131536: receive appendEntries(omNode-1, 1, (t:1, i:67), 67, false, commits[omNode-1:c67, omNode-3:c66, omNode-2:c43], entries: (t:1, i:68), METADATAENTRY(c:67)
2020-07-01 01:06:00,928 [grpc-default-executor-1] INFO  ratis.OzoneManagerStateMachine (OzoneManagerStateMachine.java:getLatestSnapshot(147)) - Latest Snapshot Info 1#49
2020-07-01 01:06:00,928 [grpc-default-executor-1] INFO  ratis.OzoneManagerStateMachine (OzoneManagerStateMachine.java:getLatestSnapshot(147)) - Latest Snapshot Info 1#49
2020-07-01 01:06:00,930 [grpc-default-executor-7] WARN  server.GrpcLogAppender (LogUtils.java:warn(122)) - omNode-1@group-523986131536->omNode-2-AppendLogResponseHandler: Failed appendEntries: org.apache.ratis.thirdparty.io.grpc.StatusRuntimeException: UNAVAILABLE: io exception
2020-07-01 01:06:00,930 [grpc-default-executor-7] INFO  impl.FollowerInfo (FollowerInfo.java:lambda$new$0(51)) - omNode-1@group-523986131536->omNode-2: nextIndex: updateUnconditionally 70 -> 45
2020-07-01 01:06:00,931 [grpc-default-executor-1] DEBUG impl.RaftServerImpl (RaftServerImpl.java:logAppendEntries(928)) - omNode-3@group-523986131536: receive appendEntries(omNode-1, 1, (t:1, i:68), 67, false, commits[omNode-1:c67, omNode-3:c66, omNode-2:c43], entries: (t:1, i:69), STATEMACHINELOGENTRY, client-6E5155DBE9B8, cid=356
2020-07-01 01:06:00,931 [grpc-default-executor-1] INFO  ratis.OzoneManagerStateMachine (OzoneManagerStateMachine.java:getLatestSnapshot(147)) - Latest Snapshot Info 1#49
2020-07-01 01:06:00,931 [grpc-default-executor-1] INFO  ratis.OzoneManagerStateMachine (OzoneManagerStateMachine.java:getLatestSnapshot(147)) - Latest Snapshot Info 1#49
2020-07-01 01:06:00,931 [Thread-4882] DEBUG impl.RaftServerImpl (RaftServerImpl.java:logAppendEntries(928)) - omNode-3@group-523986131536: succeeded to handle AppendEntries. Reply: omNode-1<-omNode-3#93:OK,SUCCESS,nextIndex:69,term:1,followerCommit:67
2020-07-01 01:06:00,932 [grpc-default-executor-1] DEBUG server.GrpcLogAppender (GrpcLogAppender.java:onNext(257)) - omNode-1@group-523986131536->omNode-3-AppendLogResponseHandler: received a reply omNode-1<-omNode-3#93:OK,SUCCESS,nextIndex:69,term:1,followerCommit:67, request=AppendEntriesRequest:cid=93,entriesCount=1,lastEntry=(t:1, i:68)
2020-07-01 01:06:00,934 [grpc-default-executor-7] WARN  server.GrpcLogAppender (LogUtils.java:warn(122)) - omNode-1@group-523986131536->omNode-2-AppendLogResponseHandler: Failed appendEntries: org.apache.ratis.thirdparty.io.grpc.StatusRuntimeException: UNAVAILABLE: io exception
2020-07-01 01:06:00,934 [grpc-default-executor-7] INFO  impl.FollowerInfo (FollowerInfo.java:lambda$new$0(51)) - omNode-1@group-523986131536->omNode-2: nextIndex: updateUnconditionally 70 -> 45
2020-07-01 01:06:00,934 [Thread-4883] DEBUG impl.RaftServerImpl (RaftServerImpl.java:logAppendEntries(928)) - omNode-3@group-523986131536: succeeded to handle AppendEntries. Reply: omNode-1<-omNode-3#94:OK,SUCCESS,nextIndex:70,term:1,followerCommit:67
2020-07-01 01:06:00,934 [grpc-default-executor-7] DEBUG server.GrpcLogAppender (GrpcLogAppender.java:onNext(257)) - omNode-1@group-523986131536->omNode-3-AppendLogResponseHandler: received a reply omNode-1<-omNode-3#94:OK,SUCCESS,nextIndex:70,term:1,followerCommit:67, request=AppendEntriesRequest:cid=94,entriesCount=1,lastEntry=(t:1, i:69)
2020-07-01 01:06:00,938 [grpc-default-executor-1] WARN  server.GrpcLogAppender (LogUtils.java:warn(122)) - omNode-1@group-523986131536->omNode-2-AppendLogResponseHandler: Failed appendEntries: org.apache.ratis.thirdparty.io.grpc.StatusRuntimeException: UNAVAILABLE: io exception
2020-07-01 01:06:00,938 [grpc-default-executor-1] INFO  impl.FollowerInfo (FollowerInfo.java:lambda$new$0(51)) - omNode-1@group-523986131536->omNode-2: nextIndex: updateUnconditionally 71 -> 45
2020-07-01 01:06:00,938 [grpc-default-executor-7] DEBUG impl.RaftServerImpl (RaftServerImpl.java:logAppendEntries(928)) - omNode-3@group-523986131536: receive appendEntries(omNode-1, 1, (t:1, i:69), 69, false, commits[omNode-1:c69, omNode-3:c67, omNode-2:c43], entries: (t:1, i:70), METADATAENTRY(c:69)
2020-07-01 01:06:00,938 [grpc-default-executor-7] INFO  ratis.OzoneManagerStateMachine (OzoneManagerStateMachine.java:getLatestSnapshot(147)) - Latest Snapshot Info 1#49
2020-07-01 01:06:00,939 [grpc-default-executor-7] INFO  ratis.OzoneManagerStateMachine (OzoneManagerStateMachine.java:getLatestSnapshot(147)) - Latest Snapshot Info 1#49
2020-07-01 01:06:00,940 [Thread-4884] DEBUG impl.RaftServerImpl (RaftServerImpl.java:logAppendEntries(928)) - omNode-3@group-523986131536: succeeded to handle AppendEntries. Reply: omNode-1<-omNode-3#95:OK,SUCCESS,nextIndex:71,term:1,followerCommit:69
2020-07-01 01:06:00,941 [grpc-default-executor-7] DEBUG server.GrpcLogAppender (GrpcLogAppender.java:onNext(257)) - omNode-1@group-523986131536->omNode-3-AppendLogResponseHandler: received a reply omNode-1<-omNode-3#95:OK,SUCCESS,nextIndex:71,term:1,followerCommit:69, request=AppendEntriesRequest:cid=95,entriesCount=1,lastEntry=(t:1, i:70)
2020-07-01 01:06:00,944 [grpc-default-executor-7] WARN  server.GrpcLogAppender (LogUtils.java:warn(122)) - omNode-1@group-523986131536->omNode-2-AppendLogResponseHandler: Failed appendEntries: org.apache.ratis.thirdparty.io.grpc.StatusRuntimeException: UNAVAILABLE: io exception
2020-07-01 01:06:00,944 [grpc-default-executor-7] INFO  impl.FollowerInfo (FollowerInfo.java:lambda$new$0(51)) - omNode-1@group-523986131536->omNode-2: nextIndex: updateUnconditionally 71 -> 45
2020-07-01 01:06:00,945 [IPC Server handler 19 on default port 11860] DEBUG impl.RaftServerImpl (RaftServerImpl.java:submitClientRequestAsync(575)) - omNode-1@group-523986131536: receive client request(RaftClientRequest:client-6E5155DBE9B8->omNode-1@group-523986131536, cid=357, seq=0, RW, Message:082412001a13636c6965...(size=360))
2020-07-01 01:06:00,945 [IPC Server handler 19 on default port 11860] DEBUG impl.RaftServerImpl (LeaderState.java:addPendingRequest(335)) - omNode-1@group-523986131536-LeaderState: addPendingRequest at RaftClientRequest:client-6E5155DBE9B8->omNode-1@group-523986131536, cid=357, seq=0, RW, Message:082412001a13636c6965...(size=360), entry=(t:1, i:71), STATEMACHINELOGENTRY, client-6E5155DBE9B8, cid=357
2020-07-01 01:06:00,946 [grpc-default-executor-7] DEBUG impl.RaftServerImpl (RaftServerImpl.java:logAppendEntries(928)) - omNode-3@group-523986131536: receive appendEntries(omNode-1, 1, (t:1, i:70), 70, false, commits[omNode-1:c70, omNode-3:c69, omNode-2:c43], entries: (t:1, i:71), STATEMACHINELOGENTRY, client-6E5155DBE9B8, cid=357
2020-07-01 01:06:00,946 [grpc-default-executor-7] INFO  ratis.OzoneManagerStateMachine (OzoneManagerStateMachine.java:getLatestSnapshot(147)) - Latest Snapshot Info 1#49
2020-07-01 01:06:00,946 [grpc-default-executor-7] INFO  ratis.OzoneManagerStateMachine (OzoneManagerStateMachine.java:getLatestSnapshot(147)) - Latest Snapshot Info 1#49
2020-07-01 01:06:00,947 [grpc-default-executor-1] WARN  server.GrpcLogAppender (LogUtils.java:warn(122)) - omNode-1@group-523986131536->omNode-2-AppendLogResponseHandler: Failed appendEntries: org.apache.ratis.thirdparty.io.grpc.StatusRuntimeException: UNAVAILABLE: io exception
2020-07-01 01:06:00,947 [grpc-default-executor-1] INFO  impl.FollowerInfo (FollowerInfo.java:lambda$new$0(51)) - omNode-1@group-523986131536->omNode-2: nextIndex: updateUnconditionally 72 -> 45
2020-07-01 01:06:00,950 [Thread-4885] DEBUG impl.RaftServerImpl (RaftServerImpl.java:logAppendEntries(928)) - omNode-3@group-523986131536: succeeded to handle AppendEntries. Reply: omNode-1<-omNode-3#96:OK,SUCCESS,nextIndex:72,term:1,followerCommit:70
2020-07-01 01:06:00,951 [grpc-default-executor-1] DEBUG server.GrpcLogAppender (GrpcLogAppender.java:onNext(257)) - omNode-1@group-523986131536->omNode-3-AppendLogResponseHandler: received a reply omNode-1<-omNode-3#96:OK,SUCCESS,nextIndex:72,term:1,followerCommit:70, request=AppendEntriesRequest:cid=96,entriesCount=1,lastEntry=(t:1, i:71)
2020-07-01 01:06:00,953 [grpc-default-executor-7] DEBUG impl.RaftServerImpl (RaftServerImpl.java:logAppendEntries(928)) - omNode-3@group-523986131536: receive appendEntries(omNode-1, 1, (t:1, i:71), 71, false, commits[omNode-1:c71, omNode-3:c70, omNode-2:c43], entries: (t:1, i:72), METADATAENTRY(c:71)
2020-07-01 01:06:00,953 [grpc-default-executor-7] INFO  ratis.OzoneManagerStateMachine (OzoneManagerStateMachine.java:getLatestSnapshot(147)) - Latest Snapshot Info 1#49
2020-07-01 01:06:00,953 [grpc-default-executor-7] INFO  ratis.OzoneManagerStateMachine (OzoneManagerStateMachine.java:getLatestSnapshot(147)) - Latest Snapshot Info 1#49
2020-07-01 01:06:00,953 [grpc-default-executor-7] WARN  server.GrpcLogAppender (LogUtils.java:warn(122)) - omNode-1@group-523986131536->omNode-2-AppendLogResponseHandler: Failed appendEntries: org.apache.ratis.thirdparty.io.grpc.StatusRuntimeException: UNAVAILABLE: io exception
2020-07-01 01:06:00,954 [grpc-default-executor-7] INFO  impl.FollowerInfo (FollowerInfo.java:lambda$new$0(51)) - omNode-1@group-523986131536->omNode-2: nextIndex: updateUnconditionally 73 -> 45
2020-07-01 01:06:00,954 [IPC Server handler 12 on default port 11860] DEBUG impl.RaftServerImpl (RaftServerImpl.java:submitClientRequestAsync(575)) - omNode-1@group-523986131536: receive client request(RaftClientRequest:client-6E5155DBE9B8->omNode-1@group-523986131536, cid=358, seq=0, RW, Message:081f12001a13636c6965...(size=409))
2020-07-01 01:06:00,955 [IPC Server handler 12 on default port 11860] DEBUG impl.RaftServerImpl (LeaderState.java:addPendingRequest(335)) - omNode-1@group-523986131536-LeaderState: addPendingRequest at RaftClientRequest:client-6E5155DBE9B8->omNode-1@group-523986131536, cid=358, seq=0, RW, Message:081f12001a13636c6965...(size=409), entry=(t:1, i:73), STATEMACHINELOGENTRY, client-6E5155DBE9B8, cid=358
2020-07-01 01:06:00,955 [grpc-default-executor-7] DEBUG impl.RaftServerImpl (RaftServerImpl.java:logAppendEntries(928)) - omNode-3@group-523986131536: receive appendEntries(omNode-1, 1, (t:1, i:72), 71, false, commits[omNode-1:c71, omNode-3:c70, omNode-2:c43], entries: (t:1, i:73), STATEMACHINELOGENTRY, client-6E5155DBE9B8, cid=358
2020-07-01 01:06:00,955 [grpc-default-executor-7] INFO  ratis.OzoneManagerStateMachine (OzoneManagerStateMachine.java:getLatestSnapshot(147)) - Latest Snapshot Info 1#49
2020-07-01 01:06:00,955 [grpc-default-executor-7] INFO  ratis.OzoneManagerStateMachine (OzoneManagerStateMachine.java:getLatestSnapshot(147)) - Latest Snapshot Info 1#49
2020-07-01 01:06:00,956 [Thread-4886] DEBUG impl.RaftServerImpl (RaftServerImpl.java:logAppendEntries(928)) - omNode-3@group-523986131536: succeeded to handle AppendEntries. Reply: omNode-1<-omNode-3#97:OK,SUCCESS,nextIndex:73,term:1,followerCommit:71
2020-07-01 01:06:00,956 [grpc-default-executor-1] DEBUG server.GrpcLogAppender (GrpcLogAppender.java:onNext(257)) - omNode-1@group-523986131536->omNode-3-AppendLogResponseHandler: received a reply omNode-1<-omNode-3#97:OK,SUCCESS,nextIndex:73,term:1,followerCommit:71, request=AppendEntriesRequest:cid=97,entriesCount=1,lastEntry=(t:1, i:72)
2020-07-01 01:06:00,957 [grpc-default-executor-7] WARN  server.GrpcLogAppender (LogUtils.java:warn(122)) - omNode-1@group-523986131536->omNode-2-AppendLogResponseHandler: Failed appendEntries: org.apache.ratis.thirdparty.io.grpc.StatusRuntimeException: UNAVAILABLE: io exception
2020-07-01 01:06:00,957 [grpc-default-executor-7] INFO  impl.FollowerInfo (FollowerInfo.java:lambda$new$0(51)) - omNode-1@group-523986131536->omNode-2: nextIndex: updateUnconditionally 74 -> 45
2020-07-01 01:06:00,957 [Thread-4887] DEBUG impl.RaftServerImpl (RaftServerImpl.java:logAppendEntries(928)) - omNode-3@group-523986131536: succeeded to handle AppendEntries. Reply: omNode-1<-omNode-3#98:OK,SUCCESS,nextIndex:74,term:1,followerCommit:71
2020-07-01 01:06:00,957 [grpc-default-executor-7] DEBUG server.GrpcLogAppender (GrpcLogAppender.java:onNext(257)) - omNode-1@group-523986131536->omNode-3-AppendLogResponseHandler: received a reply omNode-1<-omNode-3#98:OK,SUCCESS,nextIndex:74,term:1,followerCommit:71, request=AppendEntriesRequest:cid=98,entriesCount=1,lastEntry=(t:1, i:73)
2020-07-01 01:06:00,958 [grpc-default-executor-7] DEBUG impl.RaftServerImpl (RaftServerImpl.java:logAppendEntries(928)) - omNode-3@group-523986131536: receive appendEntries(omNode-1, 1, (t:1, i:73), 73, false, commits[omNode-1:c73, omNode-3:c71, omNode-2:c43], entries: (t:1, i:74), METADATAENTRY(c:73)
2020-07-01 01:06:00,958 [grpc-default-executor-7] INFO  ratis.OzoneManagerStateMachine (OzoneManagerStateMachine.java:getLatestSnapshot(147)) - Latest Snapshot Info 1#49
2020-07-01 01:06:00,958 [grpc-default-executor-7] INFO  ratis.OzoneManagerStateMachine (OzoneManagerStateMachine.java:getLatestSnapshot(147)) - Latest Snapshot Info 1#49
2020-07-01 01:06:00,961 [grpc-default-executor-7] WARN  server.GrpcLogAppender (LogUtils.java:warn(122)) - omNode-1@group-523986131536->omNode-2-AppendLogResponseHandler: Failed appendEntries: org.apache.ratis.thirdparty.io.grpc.StatusRuntimeException: UNAVAILABLE: io exception
2020-07-01 01:06:00,961 [grpc-default-executor-7] INFO  impl.FollowerInfo (FollowerInfo.java:lambda$new$0(51)) - omNode-1@group-523986131536->omNode-2: nextIndex: updateUnconditionally 75 -> 45
2020-07-01 01:06:00,962 [Thread-4888] DEBUG impl.RaftServerImpl (RaftServerImpl.java:logAppendEntries(928)) - omNode-3@group-523986131536: succeeded to handle AppendEntries. Reply: omNode-1<-omNode-3#99:OK,SUCCESS,nextIndex:75,term:1,followerCommit:73
2020-07-01 01:06:00,963 [grpc-default-executor-6] DEBUG server.GrpcLogAppender (GrpcLogAppender.java:onNext(257)) - omNode-1@group-523986131536->omNode-3-AppendLogResponseHandler: received a reply omNode-1<-omNode-3#99:OK,SUCCESS,nextIndex:75,term:1,followerCommit:73, request=AppendEntriesRequest:cid=99,entriesCount=1,lastEntry=(t:1, i:74)
2020-07-01 01:06:00,965 [grpc-default-executor-1] WARN  server.GrpcLogAppender (LogUtils.java:warn(122)) - omNode-1@group-523986131536->omNode-2-AppendLogResponseHandler: Failed appendEntries: org.apache.ratis.thirdparty.io.grpc.StatusRuntimeException: UNAVAILABLE: io exception
2020-07-01 01:06:00,965 [grpc-default-executor-1] INFO  impl.FollowerInfo (FollowerInfo.java:lambda$new$0(51)) - omNode-1@group-523986131536->omNode-2: nextIndex: updateUnconditionally 75 -> 45
2020-07-01 01:06:00,966 [IPC Server handler 1 on default port 11860] DEBUG impl.RaftServerImpl (RaftServerImpl.java:submitClientRequestAsync(575)) - omNode-1@group-523986131536: receive client request(RaftClientRequest:client-6E5155DBE9B8->omNode-1@group-523986131536, cid=359, seq=0, RW, Message:082412001a13636c6965...(size=360))
2020-07-01 01:06:00,966 [IPC Server handler 1 on default port 11860] DEBUG impl.RaftServerImpl (LeaderState.java:addPendingRequest(335)) - omNode-1@group-523986131536-LeaderState: addPendingRequest at RaftClientRequest:client-6E5155DBE9B8->omNode-1@group-523986131536, cid=359, seq=0, RW, Message:082412001a13636c6965...(size=360), entry=(t:1, i:75), STATEMACHINELOGENTRY, client-6E5155DBE9B8, cid=359
2020-07-01 01:06:00,970 [grpc-default-executor-1] DEBUG impl.RaftServerImpl (RaftServerImpl.java:logAppendEntries(928)) - omNode-3@group-523986131536: receive appendEntries(omNode-1, 1, (t:1, i:74), 74, false, commits[omNode-1:c74, omNode-3:c73, omNode-2:c43], entries: (t:1, i:75), STATEMACHINELOGENTRY, client-6E5155DBE9B8, cid=359
2020-07-01 01:06:00,971 [grpc-default-executor-1] INFO  ratis.OzoneManagerStateMachine (OzoneManagerStateMachine.java:getLatestSnapshot(147)) - Latest Snapshot Info 1#49
2020-07-01 01:06:00,971 [grpc-default-executor-1] INFO  ratis.OzoneManagerStateMachine (OzoneManagerStateMachine.java:getLatestSnapshot(147)) - Latest Snapshot Info 1#49
2020-07-01 01:06:00,971 [grpc-default-executor-1] WARN  server.GrpcLogAppender (LogUtils.java:warn(122)) - omNode-1@group-523986131536->omNode-2-AppendLogResponseHandler: Failed appendEntries: org.apache.ratis.thirdparty.io.grpc.StatusRuntimeException: UNAVAILABLE: io exception
2020-07-01 01:06:00,971 [grpc-default-executor-1] INFO  impl.FollowerInfo (FollowerInfo.java:lambda$new$0(51)) - omNode-1@group-523986131536->omNode-2: nextIndex: updateUnconditionally 76 -> 45
2020-07-01 01:06:00,973 [Thread-4889] DEBUG impl.RaftServerImpl (RaftServerImpl.java:logAppendEntries(928)) - omNode-3@group-523986131536: succeeded to handle AppendEntries. Reply: omNode-1<-omNode-3#100:OK,SUCCESS,nextIndex:76,term:1,followerCommit:74
2020-07-01 01:06:00,973 [grpc-default-executor-1] DEBUG server.GrpcLogAppender (GrpcLogAppender.java:onNext(257)) - omNode-1@group-523986131536->omNode-3-AppendLogResponseHandler: received a reply omNode-1<-omNode-3#100:OK,SUCCESS,nextIndex:76,term:1,followerCommit:74, request=AppendEntriesRequest:cid=100,entriesCount=1,lastEntry=(t:1, i:75)
2020-07-01 01:06:00,974 [grpc-default-executor-1] DEBUG impl.RaftServerImpl (RaftServerImpl.java:logAppendEntries(928)) - omNode-3@group-523986131536: receive appendEntries(omNode-1, 1, (t:1, i:75), 75, false, commits[omNode-1:c75, omNode-3:c74, omNode-2:c43], entries: (t:1, i:76), METADATAENTRY(c:75)
2020-07-01 01:06:00,974 [grpc-default-executor-1] INFO  ratis.OzoneManagerStateMachine (OzoneManagerStateMachine.java:getLatestSnapshot(147)) - Latest Snapshot Info 1#49
2020-07-01 01:06:00,974 [grpc-default-executor-1] INFO  ratis.OzoneManagerStateMachine (OzoneManagerStateMachine.java:getLatestSnapshot(147)) - Latest Snapshot Info 1#49
2020-07-01 01:06:00,976 [IPC Server handler 3 on default port 11860] DEBUG impl.RaftServerImpl (RaftServerImpl.java:submitClientRequestAsync(575)) - omNode-1@group-523986131536: receive client request(RaftClientRequest:client-6E5155DBE9B8->omNode-1@group-523986131536, cid=360, seq=0, RW, Message:081f12001a13636c6965...(size=409))
2020-07-01 01:06:00,976 [IPC Server handler 3 on default port 11860] INFO  segmented.SegmentedRaftLogWorker (SegmentedRaftLogWorker.java:rollLogSegment(402)) - omNode-1@group-523986131536-SegmentedRaftLogWorker: Rolling segment log-0_76 to index:76
2020-07-01 01:06:00,976 [IPC Server handler 3 on default port 11860] DEBUG impl.RaftServerImpl (LeaderState.java:addPendingRequest(335)) - omNode-1@group-523986131536-LeaderState: addPendingRequest at RaftClientRequest:client-6E5155DBE9B8->omNode-1@group-523986131536, cid=360, seq=0, RW, Message:081f12001a13636c6965...(size=409), entry=(t:1, i:77), STATEMACHINELOGENTRY, client-6E5155DBE9B8, cid=360
2020-07-01 01:06:00,976 [grpc-default-executor-6] WARN  server.GrpcLogAppender (LogUtils.java:warn(122)) - omNode-1@group-523986131536->omNode-2-AppendLogResponseHandler: Failed appendEntries: org.apache.ratis.thirdparty.io.grpc.StatusRuntimeException: UNAVAILABLE: io exception
2020-07-01 01:06:00,976 [grpc-default-executor-6] INFO  impl.FollowerInfo (FollowerInfo.java:lambda$new$0(51)) - omNode-1@group-523986131536->omNode-2: nextIndex: updateUnconditionally 77 -> 45
2020-07-01 01:06:00,977 [omNode-1@group-523986131536-SegmentedRaftLogWorker] INFO  segmented.SegmentedRaftLogWorker (SegmentedRaftLogWorker.java:execute(553)) - omNode-1@group-523986131536-SegmentedRaftLogWorker: Rolled log segment from /github/workspace/mnt/ozone/hadoop-ozone/integration-test/target/test-dir/MiniOzoneClusterImpl-f77758f3-7054-4a66-83a1-d2ef3e95fe09/omNode-1/ratis/c9bc4cf4-3bc3-3c60-a66b-523986131536/current/log_inprogress_0 to /github/workspace/mnt/ozone/hadoop-ozone/integration-test/target/test-dir/MiniOzoneClusterImpl-f77758f3-7054-4a66-83a1-d2ef3e95fe09/omNode-1/ratis/c9bc4cf4-3bc3-3c60-a66b-523986131536/current/log_0-76
2020-07-01 01:06:00,977 [grpc-default-executor-6] DEBUG impl.RaftServerImpl (RaftServerImpl.java:logAppendEntries(928)) - omNode-3@group-523986131536: receive appendEntries(omNode-1, 1, (t:1, i:76), 75, false, commits[omNode-1:c75, omNode-3:c74, omNode-2:c43], entries: (t:1, i:77), STATEMACHINELOGENTRY, client-6E5155DBE9B8, cid=360
2020-07-01 01:06:00,977 [grpc-default-executor-6] INFO  ratis.OzoneManagerStateMachine (OzoneManagerStateMachine.java:getLatestSnapshot(147)) - Latest Snapshot Info 1#49
2020-07-01 01:06:00,977 [grpc-default-executor-6] INFO  ratis.OzoneManagerStateMachine (OzoneManagerStateMachine.java:getLatestSnapshot(147)) - Latest Snapshot Info 1#49
2020-07-01 01:06:00,977 [grpc-default-executor-6] INFO  segmented.SegmentedRaftLogWorker (SegmentedRaftLogWorker.java:rollLogSegment(402)) - omNode-3@group-523986131536-SegmentedRaftLogWorker: Rolling segment log-0_76 to index:76
2020-07-01 01:06:00,978 [grpc-default-executor-1] WARN  server.GrpcLogAppender (LogUtils.java:warn(122)) - omNode-1@group-523986131536->omNode-2-AppendLogResponseHandler: Failed appendEntries: org.apache.ratis.thirdparty.io.grpc.StatusRuntimeException: UNAVAILABLE: io exception
2020-07-01 01:06:00,983 [grpc-default-executor-1] INFO  impl.FollowerInfo (FollowerInfo.java:lambda$new$0(51)) - omNode-1@group-523986131536->omNode-2: nextIndex: updateUnconditionally 78 -> 45
2020-07-01 01:06:00,982 [omNode-3@group-523986131536-SegmentedRaftLogWorker] INFO  segmented.SegmentedRaftLogWorker (SegmentedRaftLogWorker.java:execute(553)) - omNode-3@group-523986131536-SegmentedRaftLogWorker: Rolled log segment from /github/workspace/mnt/ozone/hadoop-ozone/integration-test/target/test-dir/MiniOzoneClusterImpl-f77758f3-7054-4a66-83a1-d2ef3e95fe09/omNode-3/ratis/c9bc4cf4-3bc3-3c60-a66b-523986131536/current/log_inprogress_0 to /github/workspace/mnt/ozone/hadoop-ozone/integration-test/target/test-dir/MiniOzoneClusterImpl-f77758f3-7054-4a66-83a1-d2ef3e95fe09/omNode-3/ratis/c9bc4cf4-3bc3-3c60-a66b-523986131536/current/log_0-76
2020-07-01 01:06:00,979 [omNode-1@group-523986131536-SegmentedRaftLogWorker] INFO  segmented.SegmentedRaftLogWorker (SegmentedRaftLogWorker.java:execute(596)) - omNode-1@group-523986131536-SegmentedRaftLogWorker: created new log segment /github/workspace/mnt/ozone/hadoop-ozone/integration-test/target/test-dir/MiniOzoneClusterImpl-f77758f3-7054-4a66-83a1-d2ef3e95fe09/omNode-1/ratis/c9bc4cf4-3bc3-3c60-a66b-523986131536/current/log_inprogress_77
2020-07-01 01:06:00,984 [Thread-4890] DEBUG impl.RaftServerImpl (RaftServerImpl.java:logAppendEntries(928)) - omNode-3@group-523986131536: succeeded to handle AppendEntries. Reply: omNode-1<-omNode-3#101:OK,SUCCESS,nextIndex:77,term:1,followerCommit:75
2020-07-01 01:06:00,985 [omNode-3@group-523986131536-SegmentedRaftLogWorker] INFO  segmented.SegmentedRaftLogWorker (SegmentedRaftLogWorker.java:execute(596)) - omNode-3@group-523986131536-SegmentedRaftLogWorker: created new log segment /github/workspace/mnt/ozone/hadoop-ozone/integration-test/target/test-dir/MiniOzoneClusterImpl-f77758f3-7054-4a66-83a1-d2ef3e95fe09/omNode-3/ratis/c9bc4cf4-3bc3-3c60-a66b-523986131536/current/log_inprogress_77
2020-07-01 01:06:00,986 [grpc-default-executor-1] DEBUG server.GrpcLogAppender (GrpcLogAppender.java:onNext(257)) - omNode-1@group-523986131536->omNode-3-AppendLogResponseHandler: received a reply omNode-1<-omNode-3#101:OK,SUCCESS,nextIndex:77,term:1,followerCommit:75, request=AppendEntriesRequest:cid=101,entriesCount=1,lastEntry=(t:1, i:76)
2020-07-01 01:06:00,986 [Thread-4891] DEBUG impl.RaftServerImpl (RaftServerImpl.java:logAppendEntries(928)) - omNode-3@group-523986131536: succeeded to handle AppendEntries. Reply: omNode-1<-omNode-3#102:OK,SUCCESS,nextIndex:78,term:1,followerCommit:75
2020-07-01 01:06:00,986 [grpc-default-executor-1] DEBUG server.GrpcLogAppender (GrpcLogAppender.java:onNext(257)) - omNode-1@group-523986131536->omNode-3-AppendLogResponseHandler: received a reply omNode-1<-omNode-3#102:OK,SUCCESS,nextIndex:78,term:1,followerCommit:75, request=AppendEntriesRequest:cid=102,entriesCount=1,lastEntry=(t:1, i:77)
2020-07-01 01:06:00,987 [grpc-default-executor-1] DEBUG impl.RaftServerImpl (RaftServerImpl.java:logAppendEntries(928)) - omNode-3@group-523986131536: receive appendEntries(omNode-1, 1, (t:1, i:77), 77, false, commits[omNode-1:c77, omNode-3:c75, omNode-2:c43], entries: (t:1, i:78), METADATAENTRY(c:77)
2020-07-01 01:06:00,987 [grpc-default-executor-1] INFO  ratis.OzoneManagerStateMachine (OzoneManagerStateMachine.java:getLatestSnapshot(147)) - Latest Snapshot Info 1#49
2020-07-01 01:06:00,987 [grpc-default-executor-1] INFO  ratis.OzoneManagerStateMachine (OzoneManagerStateMachine.java:getLatestSnapshot(147)) - Latest Snapshot Info 1#49
2020-07-01 01:06:00,989 [grpc-default-executor-6] WARN  server.GrpcLogAppender (LogUtils.java:warn(122)) - omNode-1@group-523986131536->omNode-2-AppendLogResponseHandler: Failed appendEntries: org.apache.ratis.thirdparty.io.grpc.StatusRuntimeException: UNAVAILABLE: io exception
2020-07-01 01:06:00,989 [grpc-default-executor-6] INFO  impl.FollowerInfo (FollowerInfo.java:lambda$new$0(51)) - omNode-1@group-523986131536->omNode-2: nextIndex: updateUnconditionally 78 -> 45
2020-07-01 01:06:00,990 [Thread-4892] DEBUG impl.RaftServerImpl (RaftServerImpl.java:logAppendEntries(928)) - omNode-3@group-523986131536: succeeded to handle AppendEntries. Reply: omNode-1<-omNode-3#103:OK,SUCCESS,nextIndex:79,term:1,followerCommit:77
2020-07-01 01:06:00,991 [grpc-default-executor-6] DEBUG server.GrpcLogAppender (GrpcLogAppender.java:onNext(257)) - omNode-1@group-523986131536->omNode-3-AppendLogResponseHandler: received a reply omNode-1<-omNode-3#103:OK,SUCCESS,nextIndex:79,term:1,followerCommit:77, request=AppendEntriesRequest:cid=103,entriesCount=1,lastEntry=(t:1, i:78)
2020-07-01 01:06:00,993 [IPC Server handler 0 on default port 11860] DEBUG impl.RaftServerImpl (RaftServerImpl.java:submitClientRequestAsync(575)) - omNode-1@group-523986131536: receive client request(RaftClientRequest:client-6E5155DBE9B8->omNode-1@group-523986131536, cid=361, seq=0, RW, Message:082412001a13636c6965...(size=360))
2020-07-01 01:06:00,993 [IPC Server handler 0 on default port 11860] DEBUG impl.RaftServerImpl (LeaderState.java:addPendingRequest(335)) - omNode-1@group-523986131536-LeaderState: addPendingRequest at RaftClientRequest:client-6E5155DBE9B8->omNode-1@group-523986131536, cid=361, seq=0, RW, Message:082412001a13636c6965...(size=360), entry=(t:1, i:79), STATEMACHINELOGENTRY, client-6E5155DBE9B8, cid=361
2020-07-01 01:06:00,994 [grpc-default-executor-7] WARN  server.GrpcLogAppender (LogUtils.java:warn(122)) - omNode-1@group-523986131536->omNode-2-AppendLogResponseHandler: Failed appendEntries: org.apache.ratis.thirdparty.io.grpc.StatusRuntimeException: UNAVAILABLE: io exception
2020-07-01 01:06:00,994 [grpc-default-executor-7] INFO  impl.FollowerInfo (FollowerInfo.java:lambda$new$0(51)) - omNode-1@group-523986131536->omNode-2: nextIndex: updateUnconditionally 79 -> 45
2020-07-01 01:06:00,995 [grpc-default-executor-1] DEBUG impl.RaftServerImpl (RaftServerImpl.java:logAppendEntries(928)) - omNode-3@group-523986131536: receive appendEntries(omNode-1, 1, (t:1, i:78), 78, false, commits[omNode-1:c78, omNode-3:c77, omNode-2:c43], entries: (t:1, i:79), STATEMACHINELOGENTRY, client-6E5155DBE9B8, cid=361
2020-07-01 01:06:00,995 [grpc-default-executor-1] INFO  ratis.OzoneManagerStateMachine (OzoneManagerStateMachine.java:getLatestSnapshot(147)) - Latest Snapshot Info 1#49
2020-07-01 01:06:00,995 [grpc-default-executor-1] INFO  ratis.OzoneManagerStateMachine (OzoneManagerStateMachine.java:getLatestSnapshot(147)) - Latest Snapshot Info 1#49
2020-07-01 01:06:00,995 [Thread-4893] DEBUG impl.RaftServerImpl (RaftServerImpl.java:logAppendEntries(928)) - omNode-3@group-523986131536: succeeded to handle AppendEntries. Reply: omNode-1<-omNode-3#104:OK,SUCCESS,nextIndex:80,term:1,followerCommit:78
2020-07-01 01:06:00,996 [grpc-default-executor-1] DEBUG server.GrpcLogAppender (GrpcLogAppender.java:onNext(257)) - omNode-1@group-523986131536->omNode-3-AppendLogResponseHandler: received a reply omNode-1<-omNode-3#104:OK,SUCCESS,nextIndex:80,term:1,followerCommit:78, request=AppendEntriesRequest:cid=104,entriesCount=1,lastEntry=(t:1, i:79)
2020-07-01 01:06:00,997 [grpc-default-executor-1] DEBUG impl.RaftServerImpl (RaftServerImpl.java:logAppendEntries(928)) - omNode-3@group-523986131536: receive appendEntries(omNode-1, 1, (t:1, i:79), 79, false, commits[omNode-1:c79, omNode-3:c78, omNode-2:c43], entries: (t:1, i:80), METADATAENTRY(c:79)
2020-07-01 01:06:00,997 [grpc-default-executor-1] INFO  ratis.OzoneManagerStateMachine (OzoneManagerStateMachine.java:getLatestSnapshot(147)) - Latest Snapshot Info 1#49
2020-07-01 01:06:00,997 [grpc-default-executor-1] INFO  ratis.OzoneManagerStateMachine (OzoneManagerStateMachine.java:getLatestSnapshot(147)) - Latest Snapshot Info 1#49
2020-07-01 01:06:00,999 [Thread-4894] DEBUG impl.RaftServerImpl (RaftServerImpl.java:logAppendEntries(928)) - omNode-3@group-523986131536: succeeded to handle AppendEntries. Reply: omNode-1<-omNode-3#105:OK,SUCCESS,nextIndex:81,term:1,followerCommit:79
2020-07-01 01:06:00,999 [IPC Server handler 5 on default port 11860] DEBUG impl.RaftServerImpl (RaftServerImpl.java:submitClientRequestAsync(575)) - omNode-1@group-523986131536: receive client request(RaftClientRequest:client-6E5155DBE9B8->omNode-1@group-523986131536, cid=362, seq=0, RW, Message:081f12001a13636c6965...(size=409))
2020-07-01 01:06:00,999 [IPC Server handler 5 on default port 11860] DEBUG impl.RaftServerImpl (LeaderState.java:addPendingRequest(335)) - omNode-1@group-523986131536-LeaderState: addPendingRequest at RaftClientRequest:client-6E5155DBE9B8->omNode-1@group-523986131536, cid=362, seq=0, RW, Message:081f12001a13636c6965...(size=409), entry=(t:1, i:81), STATEMACHINELOGENTRY, client-6E5155DBE9B8, cid=362
2020-07-01 01:06:01,000 [grpc-default-executor-6] DEBUG impl.RaftServerImpl (RaftServerImpl.java:logAppendEntries(928)) - omNode-3@group-523986131536: receive appendEntries(omNode-1, 1, (t:1, i:80), 79, false, commits[omNode-1:c79, omNode-3:c78, omNode-2:c43], entries: (t:1, i:81), STATEMACHINELOGENTRY, client-6E5155DBE9B8, cid=362
2020-07-01 01:06:01,000 [grpc-default-executor-6] INFO  ratis.OzoneManagerStateMachine (OzoneManagerStateMachine.java:getLatestSnapshot(147)) - Latest Snapshot Info 1#49
2020-07-01 01:06:01,000 [grpc-default-executor-6] INFO  ratis.OzoneManagerStateMachine (OzoneManagerStateMachine.java:getLatestSnapshot(147)) - Latest Snapshot Info 1#49
2020-07-01 01:06:01,001 [grpc-default-executor-7] DEBUG server.GrpcLogAppender (GrpcLogAppender.java:onNext(257)) - omNode-1@group-523986131536->omNode-3-AppendLogResponseHandler: received a reply omNode-1<-omNode-3#105:OK,SUCCESS,nextIndex:81,term:1,followerCommit:79, request=AppendEntriesRequest:cid=105,entriesCount=1,lastEntry=(t:1, i:80)
2020-07-01 01:06:01,001 [grpc-default-executor-1] WARN  server.GrpcLogAppender (LogUtils.java:warn(122)) - omNode-1@group-523986131536->omNode-2-AppendLogResponseHandler: Failed appendEntries: org.apache.ratis.thirdparty.io.grpc.StatusRuntimeException: UNAVAILABLE: io exception
2020-07-01 01:06:01,001 [Thread-4895] DEBUG impl.RaftServerImpl (RaftServerImpl.java:logAppendEntries(928)) - omNode-3@group-523986131536: succeeded to handle AppendEntries. Reply: omNode-1<-omNode-3#106:OK,SUCCESS,nextIndex:82,term:1,followerCommit:79
2020-07-01 01:06:01,001 [grpc-default-executor-1] INFO  impl.FollowerInfo (FollowerInfo.java:lambda$new$0(51)) - omNode-1@group-523986131536->omNode-2: nextIndex: updateUnconditionally 81 -> 45
2020-07-01 01:06:01,001 [grpc-default-executor-1] DEBUG server.GrpcLogAppender (GrpcLogAppender.java:onNext(257)) - omNode-1@group-523986131536->omNode-3-AppendLogResponseHandler: received a reply omNode-1<-omNode-3#106:OK,SUCCESS,nextIndex:82,term:1,followerCommit:79, request=AppendEntriesRequest:cid=106,entriesCount=1,lastEntry=(t:1, i:81)
2020-07-01 01:06:01,003 [grpc-default-executor-7] DEBUG impl.RaftServerImpl (RaftServerImpl.java:logAppendEntries(928)) - omNode-3@group-523986131536: receive appendEntries(omNode-1, 1, (t:1, i:81), 81, false, commits[omNode-1:c81, omNode-3:c79, omNode-2:c43], entries: (t:1, i:82), METADATAENTRY(c:81)
2020-07-01 01:06:01,003 [grpc-default-executor-7] INFO  ratis.OzoneManagerStateMachine (OzoneManagerStateMachine.java:getLatestSnapshot(147)) - Latest Snapshot Info 1#49
2020-07-01 01:06:01,003 [grpc-default-executor-7] INFO  ratis.OzoneManagerStateMachine (OzoneManagerStateMachine.java:getLatestSnapshot(147)) - Latest Snapshot Info 1#49
2020-07-01 01:06:01,006 [grpc-default-executor-1] WARN  server.GrpcLogAppender (LogUtils.java:warn(122)) - omNode-1@group-523986131536->omNode-2-AppendLogResponseHandler: Failed appendEntries: org.apache.ratis.thirdparty.io.grpc.StatusRuntimeException: UNAVAILABLE: io exception
2020-07-01 01:06:01,006 [grpc-default-executor-1] INFO  impl.FollowerInfo (FollowerInfo.java:lambda$new$0(51)) - omNode-1@group-523986131536->omNode-2: nextIndex: updateUnconditionally 83 -> 45
2020-07-01 01:06:01,006 [Thread-4896] DEBUG impl.RaftServerImpl (RaftServerImpl.java:logAppendEntries(928)) - omNode-3@group-523986131536: succeeded to handle AppendEntries. Reply: omNode-1<-omNode-3#107:OK,SUCCESS,nextIndex:83,term:1,followerCommit:81
2020-07-01 01:06:01,008 [grpc-default-executor-1] DEBUG server.GrpcLogAppender (GrpcLogAppender.java:onNext(257)) - omNode-1@group-523986131536->omNode-3-AppendLogResponseHandler: received a reply omNode-1<-omNode-3#107:OK,SUCCESS,nextIndex:83,term:1,followerCommit:81, request=AppendEntriesRequest:cid=107,entriesCount=1,lastEntry=(t:1, i:82)
2020-07-01 01:06:01,013 [IPC Server handler 2 on default port 11860] DEBUG impl.RaftServerImpl (RaftServerImpl.java:submitClientRequestAsync(575)) - omNode-1@group-523986131536: receive client request(RaftClientRequest:client-6E5155DBE9B8->omNode-1@group-523986131536, cid=363, seq=0, RW, Message:082412001a13636c6965...(size=360))
2020-07-01 01:06:01,013 [IPC Server handler 2 on default port 11860] DEBUG impl.RaftServerImpl (LeaderState.java:addPendingRequest(335)) - omNode-1@group-523986131536-LeaderState: addPendingRequest at RaftClientRequest:client-6E5155DBE9B8->omNode-1@group-523986131536, cid=363, seq=0, RW, Message:082412001a13636c6965...(size=360), entry=(t:1, i:83), STATEMACHINELOGENTRY, client-6E5155DBE9B8, cid=363
2020-07-01 01:06:01,014 [grpc-default-executor-7] DEBUG impl.RaftServerImpl (RaftServerImpl.java:logAppendEntries(928)) - omNode-3@group-523986131536: receive appendEntries(omNode-1, 1, (t:1, i:82), 82, false, commits[omNode-1:c82, omNode-3:c81, omNode-2:c43], entries: (t:1, i:83), STATEMACHINELOGENTRY, client-6E5155DBE9B8, cid=363
2020-07-01 01:06:01,014 [grpc-default-executor-7] INFO  ratis.OzoneManagerStateMachine (OzoneManagerStateMachine.java:getLatestSnapshot(147)) - Latest Snapshot Info 1#49
2020-07-01 01:06:01,014 [grpc-default-executor-7] INFO  ratis.OzoneManagerStateMachine (OzoneManagerStateMachine.java:getLatestSnapshot(147)) - Latest Snapshot Info 1#49
2020-07-01 01:06:01,015 [grpc-default-executor-7] WARN  server.GrpcLogAppender (LogUtils.java:warn(122)) - omNode-1@group-523986131536->omNode-2-AppendLogResponseHandler: Failed appendEntries: org.apache.ratis.thirdparty.io.grpc.StatusRuntimeException: UNAVAILABLE: io exception
2020-07-01 01:06:01,015 [grpc-default-executor-7] INFO  impl.FollowerInfo (FollowerInfo.java:lambda$new$0(51)) - omNode-1@group-523986131536->omNode-2: nextIndex: updateUnconditionally 83 -> 45
2020-07-01 01:06:01,015 [Thread-4897] DEBUG impl.RaftServerImpl (RaftServerImpl.java:logAppendEntries(928)) - omNode-3@group-523986131536: succeeded to handle AppendEntries. Reply: omNode-1<-omNode-3#108:OK,SUCCESS,nextIndex:84,term:1,followerCommit:82
2020-07-01 01:06:01,015 [grpc-default-executor-7] DEBUG server.GrpcLogAppender (GrpcLogAppender.java:onNext(257)) - omNode-1@group-523986131536->omNode-3-AppendLogResponseHandler: received a reply omNode-1<-omNode-3#108:OK,SUCCESS,nextIndex:84,term:1,followerCommit:82, request=AppendEntriesRequest:cid=108,entriesCount=1,lastEntry=(t:1, i:83)
2020-07-01 01:06:01,017 [grpc-default-executor-1] DEBUG impl.RaftServerImpl (RaftServerImpl.java:logAppendEntries(928)) - omNode-3@group-523986131536: receive appendEntries(omNode-1, 1, (t:1, i:83), 83, false, commits[omNode-1:c83, omNode-3:c82, omNode-2:c43], entries: (t:1, i:84), METADATAENTRY(c:83)
2020-07-01 01:06:01,018 [grpc-default-executor-1] INFO  ratis.OzoneManagerStateMachine (OzoneManagerStateMachine.java:getLatestSnapshot(147)) - Latest Snapshot Info 1#49
2020-07-01 01:06:01,018 [grpc-default-executor-1] INFO  ratis.OzoneManagerStateMachine (OzoneManagerStateMachine.java:getLatestSnapshot(147)) - Latest Snapshot Info 1#49
2020-07-01 01:06:01,018 [IPC Server handler 4 on default port 11860] DEBUG impl.RaftServerImpl (RaftServerImpl.java:submitClientRequestAsync(575)) - omNode-1@group-523986131536: receive client request(RaftClientRequest:client-6E5155DBE9B8->omNode-1@group-523986131536, cid=364, seq=0, RW, Message:081f12001a13636c6965...(size=409))
2020-07-01 01:06:01,018 [IPC Server handler 4 on default port 11860] DEBUG impl.RaftServerImpl (LeaderState.java:addPendingRequest(335)) - omNode-1@group-523986131536-LeaderState: addPendingRequest at RaftClientRequest:client-6E5155DBE9B8->omNode-1@group-523986131536, cid=364, seq=0, RW, Message:081f12001a13636c6965...(size=409), entry=(t:1, i:85), STATEMACHINELOGENTRY, client-6E5155DBE9B8, cid=364
2020-07-01 01:06:01,019 [grpc-default-executor-6] WARN  server.GrpcLogAppender (LogUtils.java:warn(122)) - omNode-1@group-523986131536->omNode-2-AppendLogResponseHandler: Failed appendEntries: org.apache.ratis.thirdparty.io.grpc.StatusRuntimeException: UNAVAILABLE: io exception
2020-07-01 01:06:01,019 [grpc-default-executor-6] INFO  impl.FollowerInfo (FollowerInfo.java:lambda$new$0(51)) - omNode-1@group-523986131536->omNode-2: nextIndex: updateUnconditionally 85 -> 45
2020-07-01 01:06:01,019 [grpc-default-executor-1] DEBUG impl.RaftServerImpl (RaftServerImpl.java:logAppendEntries(928)) - omNode-3@group-523986131536: receive appendEntries(omNode-1, 1, (t:1, i:84), 83, false, commits[omNode-1:c83, omNode-3:c82, omNode-2:c43], entries: (t:1, i:85), STATEMACHINELOGENTRY, client-6E5155DBE9B8, cid=364
2020-07-01 01:06:01,020 [grpc-default-executor-1] INFO  ratis.OzoneManagerStateMachine (OzoneManagerStateMachine.java:getLatestSnapshot(147)) - Latest Snapshot Info 1#49
2020-07-01 01:06:01,020 [grpc-default-executor-1] INFO  ratis.OzoneManagerStateMachine (OzoneManagerStateMachine.java:getLatestSnapshot(147)) - Latest Snapshot Info 1#49
2020-07-01 01:06:01,022 [grpc-default-executor-6] WARN  server.GrpcLogAppender (LogUtils.java:warn(122)) - omNode-1@group-523986131536->omNode-2-AppendLogResponseHandler: Failed appendEntries: org.apache.ratis.thirdparty.io.grpc.StatusRuntimeException: UNAVAILABLE: io exception
2020-07-01 01:06:01,022 [grpc-default-executor-6] INFO  impl.FollowerInfo (FollowerInfo.java:lambda$new$0(51)) - omNode-1@group-523986131536->omNode-2: nextIndex: updateUnconditionally 86 -> 45
2020-07-01 01:06:01,023 [Thread-4898] DEBUG impl.RaftServerImpl (RaftServerImpl.java:logAppendEntries(928)) - omNode-3@group-523986131536: succeeded to handle AppendEntries. Reply: omNode-1<-omNode-3#109:OK,SUCCESS,nextIndex:85,term:1,followerCommit:83
2020-07-01 01:06:01,024 [grpc-default-executor-6] DEBUG server.GrpcLogAppender (GrpcLogAppender.java:onNext(257)) - omNode-1@group-523986131536->omNode-3-AppendLogResponseHandler: received a reply omNode-1<-omNode-3#109:OK,SUCCESS,nextIndex:85,term:1,followerCommit:83, request=AppendEntriesRequest:cid=109,entriesCount=1,lastEntry=(t:1, i:84)
2020-07-01 01:06:01,026 [Thread-4899] DEBUG impl.RaftServerImpl (RaftServerImpl.java:logAppendEntries(928)) - omNode-3@group-523986131536: succeeded to handle AppendEntries. Reply: omNode-1<-omNode-3#110:OK,SUCCESS,nextIndex:86,term:1,followerCommit:83
2020-07-01 01:06:01,026 [grpc-default-executor-1] WARN  server.GrpcLogAppender (LogUtils.java:warn(122)) - omNode-1@group-523986131536->omNode-2-AppendLogResponseHandler: Failed appendEntries: org.apache.ratis.thirdparty.io.grpc.StatusRuntimeException: UNAVAILABLE: io exception
2020-07-01 01:06:01,026 [grpc-default-executor-1] INFO  impl.FollowerInfo (FollowerInfo.java:lambda$new$0(51)) - omNode-1@group-523986131536->omNode-2: nextIndex: updateUnconditionally 86 -> 45
2020-07-01 01:06:01,027 [grpc-default-executor-6] DEBUG server.GrpcLogAppender (GrpcLogAppender.java:onNext(257)) - omNode-1@group-523986131536->omNode-3-AppendLogResponseHandler: received a reply omNode-1<-omNode-3#110:OK,SUCCESS,nextIndex:86,term:1,followerCommit:83, request=AppendEntriesRequest:cid=110,entriesCount=1,lastEntry=(t:1, i:85)
2020-07-01 01:06:01,029 [grpc-default-executor-1] DEBUG impl.RaftServerImpl (RaftServerImpl.java:logAppendEntries(928)) - omNode-3@group-523986131536: receive appendEntries(omNode-1, 1, (t:1, i:85), 85, false, commits[omNode-1:c85, omNode-3:c83, omNode-2:c43], entries: (t:1, i:86), METADATAENTRY(c:85)
2020-07-01 01:06:01,029 [grpc-default-executor-1] INFO  ratis.OzoneManagerStateMachine (OzoneManagerStateMachine.java:getLatestSnapshot(147)) - Latest Snapshot Info 1#49
2020-07-01 01:06:01,029 [grpc-default-executor-1] INFO  ratis.OzoneManagerStateMachine (OzoneManagerStateMachine.java:getLatestSnapshot(147)) - Latest Snapshot Info 1#49
2020-07-01 01:06:01,030 [grpc-default-executor-1] WARN  server.GrpcLogAppender (LogUtils.java:warn(122)) - omNode-1@group-523986131536->omNode-2-AppendLogResponseHandler: Failed appendEntries: org.apache.ratis.thirdparty.io.grpc.StatusRuntimeException: UNAVAILABLE: io exception
2020-07-01 01:06:01,030 [grpc-default-executor-1] INFO  impl.FollowerInfo (FollowerInfo.java:lambda$new$0(51)) - omNode-1@group-523986131536->omNode-2: nextIndex: updateUnconditionally 87 -> 45
2020-07-01 01:06:01,032 [Thread-4900] DEBUG impl.RaftServerImpl (RaftServerImpl.java:logAppendEntries(928)) - omNode-3@group-523986131536: succeeded to handle AppendEntries. Reply: omNode-1<-omNode-3#111:OK,SUCCESS,nextIndex:87,term:1,followerCommit:85
2020-07-01 01:06:01,033 [grpc-default-executor-1] DEBUG server.GrpcLogAppender (GrpcLogAppender.java:onNext(257)) - omNode-1@group-523986131536->omNode-3-AppendLogResponseHandler: received a reply omNode-1<-omNode-3#111:OK,SUCCESS,nextIndex:87,term:1,followerCommit:85, request=AppendEntriesRequest:cid=111,entriesCount=1,lastEntry=(t:1, i:86)
2020-07-01 01:06:01,035 [grpc-default-executor-7] WARN  server.GrpcLogAppender (LogUtils.java:warn(122)) - omNode-1@group-523986131536->omNode-2-AppendLogResponseHandler: Failed appendEntries: org.apache.ratis.thirdparty.io.grpc.StatusRuntimeException: UNAVAILABLE: io exception
2020-07-01 01:06:01,035 [grpc-default-executor-7] INFO  impl.FollowerInfo (FollowerInfo.java:lambda$new$0(51)) - omNode-1@group-523986131536->omNode-2: nextIndex: updateUnconditionally 87 -> 45
2020-07-01 01:06:01,035 [IPC Server handler 6 on default port 11860] DEBUG impl.RaftServerImpl (RaftServerImpl.java:submitClientRequestAsync(575)) - omNode-1@group-523986131536: receive client request(RaftClientRequest:client-6E5155DBE9B8->omNode-1@group-523986131536, cid=365, seq=0, RW, Message:082412001a13636c6965...(size=360))
2020-07-01 01:06:01,036 [IPC Server handler 6 on default port 11860] DEBUG impl.RaftServerImpl (LeaderState.java:addPendingRequest(335)) - omNode-1@group-523986131536-LeaderState: addPendingRequest at RaftClientRequest:client-6E5155DBE9B8->omNode-1@group-523986131536, cid=365, seq=0, RW, Message:082412001a13636c6965...(size=360), entry=(t:1, i:87), STATEMACHINELOGENTRY, client-6E5155DBE9B8, cid=365
2020-07-01 01:06:01,037 [grpc-default-executor-1] DEBUG impl.RaftServerImpl (RaftServerImpl.java:logAppendEntries(928)) - omNode-3@group-523986131536: receive appendEntries(omNode-1, 1, (t:1, i:86), 86, false, commits[omNode-1:c86, omNode-3:c85, omNode-2:c43], entries: (t:1, i:87), STATEMACHINELOGENTRY, client-6E5155DBE9B8, cid=365
2020-07-01 01:06:01,037 [grpc-default-executor-1] INFO  ratis.OzoneManagerStateMachine (OzoneManagerStateMachine.java:getLatestSnapshot(147)) - Latest Snapshot Info 1#49
2020-07-01 01:06:01,037 [grpc-default-executor-1] INFO  ratis.OzoneManagerStateMachine (OzoneManagerStateMachine.java:getLatestSnapshot(147)) - Latest Snapshot Info 1#49
2020-07-01 01:06:01,038 [Thread-4901] DEBUG impl.RaftServerImpl (RaftServerImpl.java:logAppendEntries(928)) - omNode-3@group-523986131536: succeeded to handle AppendEntries. Reply: omNode-1<-omNode-3#112:OK,SUCCESS,nextIndex:88,term:1,followerCommit:86
2020-07-01 01:06:01,039 [grpc-default-executor-6] WARN  server.GrpcLogAppender (LogUtils.java:warn(122)) - omNode-1@group-523986131536->omNode-2-AppendLogResponseHandler: Failed appendEntries: org.apache.ratis.thirdparty.io.grpc.StatusRuntimeException: UNAVAILABLE: io exception
2020-07-01 01:06:01,039 [grpc-default-executor-6] INFO  impl.FollowerInfo (FollowerInfo.java:lambda$new$0(51)) - omNode-1@group-523986131536->omNode-2: nextIndex: updateUnconditionally 88 -> 45
2020-07-01 01:06:01,039 [grpc-default-executor-7] DEBUG server.GrpcLogAppender (GrpcLogAppender.java:onNext(257)) - omNode-1@group-523986131536->omNode-3-AppendLogResponseHandler: received a reply omNode-1<-omNode-3#112:OK,SUCCESS,nextIndex:88,term:1,followerCommit:86, request=AppendEntriesRequest:cid=112,entriesCount=1,lastEntry=(t:1, i:87)
2020-07-01 01:06:01,042 [grpc-default-executor-7] DEBUG impl.RaftServerImpl (RaftServerImpl.java:logAppendEntries(928)) - omNode-3@group-523986131536: receive appendEntries(omNode-1, 1, (t:1, i:87), 87, false, commits[omNode-1:c87, omNode-3:c86, omNode-2:c43], entries: (t:1, i:88), METADATAENTRY(c:87)
2020-07-01 01:06:01,042 [grpc-default-executor-7] INFO  ratis.OzoneManagerStateMachine (OzoneManagerStateMachine.java:getLatestSnapshot(147)) - Latest Snapshot Info 1#49
2020-07-01 01:06:01,042 [grpc-default-executor-7] INFO  ratis.OzoneManagerStateMachine (OzoneManagerStateMachine.java:getLatestSnapshot(147)) - Latest Snapshot Info 1#49
2020-07-01 01:06:01,043 [grpc-default-executor-7] WARN  server.GrpcLogAppender (LogUtils.java:warn(122)) - omNode-1@group-523986131536->omNode-2-AppendLogResponseHandler: Failed appendEntries: org.apache.ratis.thirdparty.io.grpc.StatusRuntimeException: UNAVAILABLE: io exception
2020-07-01 01:06:01,043 [grpc-default-executor-7] INFO  impl.FollowerInfo (FollowerInfo.java:lambda$new$0(51)) - omNode-1@group-523986131536->omNode-2: nextIndex: updateUnconditionally 89 -> 45
2020-07-01 01:06:01,044 [IPC Server handler 7 on default port 11860] DEBUG impl.RaftServerImpl (RaftServerImpl.java:submitClientRequestAsync(575)) - omNode-1@group-523986131536: receive client request(RaftClientRequest:client-6E5155DBE9B8->omNode-1@group-523986131536, cid=366, seq=0, RW, Message:081f12001a13636c6965...(size=409))
2020-07-01 01:06:01,044 [IPC Server handler 7 on default port 11860] DEBUG impl.RaftServerImpl (LeaderState.java:addPendingRequest(335)) - omNode-1@group-523986131536-LeaderState: addPendingRequest at RaftClientRequest:client-6E5155DBE9B8->omNode-1@group-523986131536, cid=366, seq=0, RW, Message:081f12001a13636c6965...(size=409), entry=(t:1, i:89), STATEMACHINELOGENTRY, client-6E5155DBE9B8, cid=366
2020-07-01 01:06:01,044 [grpc-default-executor-7] DEBUG impl.RaftServerImpl (RaftServerImpl.java:logAppendEntries(928)) - omNode-3@group-523986131536: receive appendEntries(omNode-1, 1, (t:1, i:88), 87, false, commits[omNode-1:c87, omNode-3:c86, omNode-2:c43], entries: (t:1, i:89), STATEMACHINELOGENTRY, client-6E5155DBE9B8, cid=366
2020-07-01 01:06:01,044 [grpc-default-executor-7] INFO  ratis.OzoneManagerStateMachine (OzoneManagerStateMachine.java:getLatestSnapshot(147)) - Latest Snapshot Info 1#49
2020-07-01 01:06:01,045 [grpc-default-executor-7] INFO  ratis.OzoneManagerStateMachine (OzoneManagerStateMachine.java:getLatestSnapshot(147)) - Latest Snapshot Info 1#49
2020-07-01 01:06:01,046 [grpc-default-executor-6] WARN  server.GrpcLogAppender (LogUtils.java:warn(122)) - omNode-1@group-523986131536->omNode-2-AppendLogResponseHandler: Failed appendEntries: org.apache.ratis.thirdparty.io.grpc.StatusRuntimeException: UNAVAILABLE: io exception
2020-07-01 01:06:01,046 [grpc-default-executor-6] INFO  impl.FollowerInfo (FollowerInfo.java:lambda$new$0(51)) - omNode-1@group-523986131536->omNode-2: nextIndex: updateUnconditionally 90 -> 45
2020-07-01 01:06:01,047 [Thread-4902] DEBUG impl.RaftServerImpl (RaftServerImpl.java:logAppendEntries(928)) - omNode-3@group-523986131536: succeeded to handle AppendEntries. Reply: omNode-1<-omNode-3#113:OK,SUCCESS,nextIndex:89,term:1,followerCommit:87
2020-07-01 01:06:01,047 [grpc-default-executor-6] DEBUG server.GrpcLogAppender (GrpcLogAppender.java:onNext(257)) - omNode-1@group-523986131536->omNode-3-AppendLogResponseHandler: received a reply omNode-1<-omNode-3#113:OK,SUCCESS,nextIndex:89,term:1,followerCommit:87, request=AppendEntriesRequest:cid=113,entriesCount=1,lastEntry=(t:1, i:88)
2020-07-01 01:06:01,049 [grpc-default-executor-7] WARN  server.GrpcLogAppender (LogUtils.java:warn(122)) - omNode-1@group-523986131536->omNode-2-AppendLogResponseHandler: Failed appendEntries: org.apache.ratis.thirdparty.io.grpc.StatusRuntimeException: UNAVAILABLE: io exception
2020-07-01 01:06:01,049 [grpc-default-executor-7] INFO  impl.FollowerInfo (FollowerInfo.java:lambda$new$0(51)) - omNode-1@group-523986131536->omNode-2: nextIndex: updateUnconditionally 90 -> 45
2020-07-01 01:06:01,053 [Thread-4903] DEBUG impl.RaftServerImpl (RaftServerImpl.java:logAppendEntries(928)) - omNode-3@group-523986131536: succeeded to handle AppendEntries. Reply: omNode-1<-omNode-3#114:OK,SUCCESS,nextIndex:90,term:1,followerCommit:87
2020-07-01 01:06:01,053 [grpc-default-executor-7] DEBUG server.GrpcLogAppender (GrpcLogAppender.java:onNext(257)) - omNode-1@group-523986131536->omNode-3-AppendLogResponseHandler: received a reply omNode-1<-omNode-3#114:OK,SUCCESS,nextIndex:90,term:1,followerCommit:87, request=AppendEntriesRequest:cid=114,entriesCount=1,lastEntry=(t:1, i:89)
2020-07-01 01:06:01,054 [grpc-default-executor-7] DEBUG impl.RaftServerImpl (RaftServerImpl.java:logAppendEntries(928)) - omNode-3@group-523986131536: receive appendEntries(omNode-1, 1, (t:1, i:89), 89, false, commits[omNode-1:c89, omNode-3:c87, omNode-2:c43], entries: (t:1, i:90), METADATAENTRY(c:89)
2020-07-01 01:06:01,055 [grpc-default-executor-7] INFO  ratis.OzoneManagerStateMachine (OzoneManagerStateMachine.java:getLatestSnapshot(147)) - Latest Snapshot Info 1#49
2020-07-01 01:06:01,055 [grpc-default-executor-7] INFO  ratis.OzoneManagerStateMachine (OzoneManagerStateMachine.java:getLatestSnapshot(147)) - Latest Snapshot Info 1#49
2020-07-01 01:06:01,058 [grpc-default-executor-1] WARN  server.GrpcLogAppender (LogUtils.java:warn(122)) - omNode-1@group-523986131536->omNode-2-AppendLogResponseHandler: Failed appendEntries: org.apache.ratis.thirdparty.io.grpc.StatusRuntimeException: UNAVAILABLE: io exception
2020-07-01 01:06:01,059 [grpc-default-executor-1] INFO  impl.FollowerInfo (FollowerInfo.java:lambda$new$0(51)) - omNode-1@group-523986131536->omNode-2: nextIndex: updateUnconditionally 91 -> 45
2020-07-01 01:06:01,062 [Thread-4904] DEBUG impl.RaftServerImpl (RaftServerImpl.java:logAppendEntries(928)) - omNode-3@group-523986131536: succeeded to handle AppendEntries. Reply: omNode-1<-omNode-3#115:OK,SUCCESS,nextIndex:91,term:1,followerCommit:89
2020-07-01 01:06:01,062 [grpc-default-executor-7] DEBUG server.GrpcLogAppender (GrpcLogAppender.java:onNext(257)) - omNode-1@group-523986131536->omNode-3-AppendLogResponseHandler: received a reply omNode-1<-omNode-3#115:OK,SUCCESS,nextIndex:91,term:1,followerCommit:89, request=AppendEntriesRequest:cid=115,entriesCount=1,lastEntry=(t:1, i:90)
2020-07-01 01:06:01,064 [grpc-default-executor-1] WARN  server.GrpcLogAppender (LogUtils.java:warn(122)) - omNode-1@group-523986131536->omNode-2-AppendLogResponseHandler: Failed appendEntries: org.apache.ratis.thirdparty.io.grpc.StatusRuntimeException: UNAVAILABLE: io exception
2020-07-01 01:06:01,064 [grpc-default-executor-1] INFO  impl.FollowerInfo (FollowerInfo.java:lambda$new$0(51)) - omNode-1@group-523986131536->omNode-2: nextIndex: updateUnconditionally 91 -> 45
2020-07-01 01:06:01,072 [IPC Server handler 8 on default port 11860] DEBUG impl.RaftServerImpl (RaftServerImpl.java:submitClientRequestAsync(575)) - omNode-1@group-523986131536: receive client request(RaftClientRequest:client-6E5155DBE9B8->omNode-1@group-523986131536, cid=367, seq=0, RW, Message:082412001a13636c6965...(size=360))
2020-07-01 01:06:01,072 [IPC Server handler 8 on default port 11860] DEBUG impl.RaftServerImpl (LeaderState.java:addPendingRequest(335)) - omNode-1@group-523986131536-LeaderState: addPendingRequest at RaftClientRequest:client-6E5155DBE9B8->omNode-1@group-523986131536, cid=367, seq=0, RW, Message:082412001a13636c6965...(size=360), entry=(t:1, i:91), STATEMACHINELOGENTRY, client-6E5155DBE9B8, cid=367
2020-07-01 01:06:01,072 [grpc-default-executor-7] DEBUG impl.RaftServerImpl (RaftServerImpl.java:logAppendEntries(928)) - omNode-3@group-523986131536: receive appendEntries(omNode-1, 1, (t:1, i:90), 90, false, commits[omNode-1:c90, omNode-3:c89, omNode-2:c43], entries: (t:1, i:91), STATEMACHINELOGENTRY, client-6E5155DBE9B8, cid=367
2020-07-01 01:06:01,072 [grpc-default-executor-7] INFO  ratis.OzoneManagerStateMachine (OzoneManagerStateMachine.java:getLatestSnapshot(147)) - Latest Snapshot Info 1#49
2020-07-01 01:06:01,073 [grpc-default-executor-7] INFO  ratis.OzoneManagerStateMachine (OzoneManagerStateMachine.java:getLatestSnapshot(147)) - Latest Snapshot Info 1#49
2020-07-01 01:06:01,073 [Thread-4905] DEBUG impl.RaftServerImpl (RaftServerImpl.java:logAppendEntries(928)) - omNode-3@group-523986131536: succeeded to handle AppendEntries. Reply: omNode-1<-omNode-3#116:OK,SUCCESS,nextIndex:92,term:1,followerCommit:90
2020-07-01 01:06:01,074 [grpc-default-executor-7] DEBUG server.GrpcLogAppender (GrpcLogAppender.java:onNext(257)) - omNode-1@group-523986131536->omNode-3-AppendLogResponseHandler: received a reply omNode-1<-omNode-3#116:OK,SUCCESS,nextIndex:92,term:1,followerCommit:90, request=AppendEntriesRequest:cid=116,entriesCount=1,lastEntry=(t:1, i:91)
2020-07-01 01:06:01,074 [grpc-default-executor-6] WARN  server.GrpcLogAppender (LogUtils.java:warn(122)) - omNode-1@group-523986131536->omNode-2-AppendLogResponseHandler: Failed appendEntries: org.apache.ratis.thirdparty.io.grpc.StatusRuntimeException: UNAVAILABLE: io exception
2020-07-01 01:06:01,074 [grpc-default-executor-6] INFO  impl.FollowerInfo (FollowerInfo.java:lambda$new$0(51)) - omNode-1@group-523986131536->omNode-2: nextIndex: updateUnconditionally 92 -> 45
2020-07-01 01:06:01,077 [grpc-default-executor-7] DEBUG impl.RaftServerImpl (RaftServerImpl.java:logAppendEntries(928)) - omNode-3@group-523986131536: receive appendEntries(omNode-1, 1, (t:1, i:91), 91, false, commits[omNode-1:c91, omNode-3:c90, omNode-2:c43], entries: (t:1, i:92), METADATAENTRY(c:91)
2020-07-01 01:06:01,077 [grpc-default-executor-7] INFO  ratis.OzoneManagerStateMachine (OzoneManagerStateMachine.java:getLatestSnapshot(147)) - Latest Snapshot Info 1#49
2020-07-01 01:06:01,077 [grpc-default-executor-7] INFO  ratis.OzoneManagerStateMachine (OzoneManagerStateMachine.java:getLatestSnapshot(147)) - Latest Snapshot Info 1#49
2020-07-01 01:06:01,079 [Thread-4906] DEBUG impl.RaftServerImpl (RaftServerImpl.java:logAppendEntries(928)) - omNode-3@group-523986131536: succeeded to handle AppendEntries. Reply: omNode-1<-omNode-3#117:OK,SUCCESS,nextIndex:93,term:1,followerCommit:91
2020-07-01 01:06:01,079 [IPC Server handler 10 on default port 11860] DEBUG impl.RaftServerImpl (RaftServerImpl.java:submitClientRequestAsync(575)) - omNode-1@group-523986131536: receive client request(RaftClientRequest:client-6E5155DBE9B8->omNode-1@group-523986131536, cid=368, seq=0, RW, Message:081f12001a13636c6965...(size=409))
2020-07-01 01:06:01,079 [IPC Server handler 10 on default port 11860] DEBUG impl.RaftServerImpl (LeaderState.java:addPendingRequest(335)) - omNode-1@group-523986131536-LeaderState: addPendingRequest at RaftClientRequest:client-6E5155DBE9B8->omNode-1@group-523986131536, cid=368, seq=0, RW, Message:081f12001a13636c6965...(size=409), entry=(t:1, i:93), STATEMACHINELOGENTRY, client-6E5155DBE9B8, cid=368
2020-07-01 01:06:01,080 [grpc-default-executor-1] DEBUG impl.RaftServerImpl (RaftServerImpl.java:logAppendEntries(928)) - omNode-3@group-523986131536: receive appendEntries(omNode-1, 1, (t:1, i:92), 91, false, commits[omNode-1:c91, omNode-3:c90, omNode-2:c43], entries: (t:1, i:93), STATEMACHINELOGENTRY, client-6E5155DBE9B8, cid=368
2020-07-01 01:06:01,080 [grpc-default-executor-1] INFO  ratis.OzoneManagerStateMachine (OzoneManagerStateMachine.java:getLatestSnapshot(147)) - Latest Snapshot Info 1#49
2020-07-01 01:06:01,080 [grpc-default-executor-1] INFO  ratis.OzoneManagerStateMachine (OzoneManagerStateMachine.java:getLatestSnapshot(147)) - Latest Snapshot Info 1#49
2020-07-01 01:06:01,080 [grpc-default-executor-7] DEBUG server.GrpcLogAppender (GrpcLogAppender.java:onNext(257)) - omNode-1@group-523986131536->omNode-3-AppendLogResponseHandler: received a reply omNode-1<-omNode-3#117:OK,SUCCESS,nextIndex:93,term:1,followerCommit:91, request=AppendEntriesRequest:cid=117,entriesCount=1,lastEntry=(t:1, i:92)
2020-07-01 01:06:01,084 [grpc-default-executor-7] WARN  server.GrpcLogAppender (LogUtils.java:warn(122)) - omNode-1@group-523986131536->omNode-2-AppendLogResponseHandler: Failed appendEntries: org.apache.ratis.thirdparty.io.grpc.StatusRuntimeException: UNAVAILABLE: io exception
2020-07-01 01:06:01,084 [grpc-default-executor-7] INFO  impl.FollowerInfo (FollowerInfo.java:lambda$new$0(51)) - omNode-1@group-523986131536->omNode-2: nextIndex: updateUnconditionally 93 -> 45
2020-07-01 01:06:01,084 [Thread-4907] DEBUG impl.RaftServerImpl (RaftServerImpl.java:logAppendEntries(928)) - omNode-3@group-523986131536: succeeded to handle AppendEntries. Reply: omNode-1<-omNode-3#118:OK,SUCCESS,nextIndex:94,term:1,followerCommit:91
2020-07-01 01:06:01,084 [grpc-default-executor-7] DEBUG server.GrpcLogAppender (GrpcLogAppender.java:onNext(257)) - omNode-1@group-523986131536->omNode-3-AppendLogResponseHandler: received a reply omNode-1<-omNode-3#118:OK,SUCCESS,nextIndex:94,term:1,followerCommit:91, request=AppendEntriesRequest:cid=118,entriesCount=1,lastEntry=(t:1, i:93)
2020-07-01 01:06:01,087 [grpc-default-executor-1] WARN  server.GrpcLogAppender (LogUtils.java:warn(122)) - omNode-1@group-523986131536->omNode-2-AppendLogResponseHandler: Failed appendEntries: org.apache.ratis.thirdparty.io.grpc.StatusRuntimeException: UNAVAILABLE: io exception
2020-07-01 01:06:01,087 [grpc-default-executor-1] INFO  impl.FollowerInfo (FollowerInfo.java:lambda$new$0(51)) - omNode-1@group-523986131536->omNode-2: nextIndex: updateUnconditionally 95 -> 45
2020-07-01 01:06:01,088 [grpc-default-executor-6] DEBUG impl.RaftServerImpl (RaftServerImpl.java:logAppendEntries(928)) - omNode-3@group-523986131536: receive appendEntries(omNode-1, 1, (t:1, i:93), 93, false, commits[omNode-1:c93, omNode-3:c91, omNode-2:c43], entries: (t:1, i:94), METADATAENTRY(c:93)
2020-07-01 01:06:01,088 [grpc-default-executor-6] INFO  ratis.OzoneManagerStateMachine (OzoneManagerStateMachine.java:getLatestSnapshot(147)) - Latest Snapshot Info 1#49
2020-07-01 01:06:01,088 [grpc-default-executor-6] INFO  ratis.OzoneManagerStateMachine (OzoneManagerStateMachine.java:getLatestSnapshot(147)) - Latest Snapshot Info 1#49
2020-07-01 01:06:01,089 [Thread-4908] DEBUG impl.RaftServerImpl (RaftServerImpl.java:logAppendEntries(928)) - omNode-3@group-523986131536: succeeded to handle AppendEntries. Reply: omNode-1<-omNode-3#119:OK,SUCCESS,nextIndex:95,term:1,followerCommit:93
2020-07-01 01:06:01,090 [grpc-default-executor-6] DEBUG server.GrpcLogAppender (GrpcLogAppender.java:onNext(257)) - omNode-1@group-523986131536->omNode-3-AppendLogResponseHandler: received a reply omNode-1<-omNode-3#119:OK,SUCCESS,nextIndex:95,term:1,followerCommit:93, request=AppendEntriesRequest:cid=119,entriesCount=1,lastEntry=(t:1, i:94)
2020-07-01 01:06:01,092 [grpc-default-executor-7] WARN  server.GrpcLogAppender (LogUtils.java:warn(122)) - omNode-1@group-523986131536->omNode-2-AppendLogResponseHandler: Failed appendEntries: org.apache.ratis.thirdparty.io.grpc.StatusRuntimeException: UNAVAILABLE: io exception
2020-07-01 01:06:01,092 [grpc-default-executor-7] INFO  impl.FollowerInfo (FollowerInfo.java:lambda$new$0(51)) - omNode-1@group-523986131536->omNode-2: nextIndex: updateUnconditionally 95 -> 45
2020-07-01 01:06:01,093 [IPC Server handler 9 on default port 11860] DEBUG impl.RaftServerImpl (RaftServerImpl.java:submitClientRequestAsync(575)) - omNode-1@group-523986131536: receive client request(RaftClientRequest:client-6E5155DBE9B8->omNode-1@group-523986131536, cid=369, seq=0, RW, Message:082412001a13636c6965...(size=360))
2020-07-01 01:06:01,093 [IPC Server handler 9 on default port 11860] DEBUG impl.RaftServerImpl (LeaderState.java:addPendingRequest(335)) - omNode-1@group-523986131536-LeaderState: addPendingRequest at RaftClientRequest:client-6E5155DBE9B8->omNode-1@group-523986131536, cid=369, seq=0, RW, Message:082412001a13636c6965...(size=360), entry=(t:1, i:95), STATEMACHINELOGENTRY, client-6E5155DBE9B8, cid=369
2020-07-01 01:06:01,095 [grpc-default-executor-7] DEBUG impl.RaftServerImpl (RaftServerImpl.java:logAppendEntries(928)) - omNode-3@group-523986131536: receive appendEntries(omNode-1, 1, (t:1, i:94), 94, false, commits[omNode-1:c94, omNode-3:c93, omNode-2:c43], entries: (t:1, i:95), STATEMACHINELOGENTRY, client-6E5155DBE9B8, cid=369
2020-07-01 01:06:01,095 [grpc-default-executor-7] INFO  ratis.OzoneManagerStateMachine (OzoneManagerStateMachine.java:getLatestSnapshot(147)) - Latest Snapshot Info 1#49
2020-07-01 01:06:01,095 [grpc-default-executor-7] INFO  ratis.OzoneManagerStateMachine (OzoneManagerStateMachine.java:getLatestSnapshot(147)) - Latest Snapshot Info 1#49
2020-07-01 01:06:01,095 [grpc-default-executor-1] WARN  server.GrpcLogAppender (LogUtils.java:warn(122)) - omNode-1@group-523986131536->omNode-2-AppendLogResponseHandler: Failed appendEntries: org.apache.ratis.thirdparty.io.grpc.StatusRuntimeException: UNAVAILABLE: io exception
2020-07-01 01:06:01,096 [grpc-default-executor-1] INFO  impl.FollowerInfo (FollowerInfo.java:lambda$new$0(51)) - omNode-1@group-523986131536->omNode-2: nextIndex: updateUnconditionally 96 -> 45
2020-07-01 01:06:01,096 [Thread-4909] DEBUG impl.RaftServerImpl (RaftServerImpl.java:logAppendEntries(928)) - omNode-3@group-523986131536: succeeded to handle AppendEntries. Reply: omNode-1<-omNode-3#120:OK,SUCCESS,nextIndex:96,term:1,followerCommit:94
2020-07-01 01:06:01,096 [grpc-default-executor-1] DEBUG server.GrpcLogAppender (GrpcLogAppender.java:onNext(257)) - omNode-1@group-523986131536->omNode-3-AppendLogResponseHandler: received a reply omNode-1<-omNode-3#120:OK,SUCCESS,nextIndex:96,term:1,followerCommit:94, request=AppendEntriesRequest:cid=120,entriesCount=1,lastEntry=(t:1, i:95)
2020-07-01 01:06:01,098 [grpc-default-executor-1] DEBUG impl.RaftServerImpl (RaftServerImpl.java:logAppendEntries(928)) - omNode-3@group-523986131536: receive appendEntries(omNode-1, 1, (t:1, i:95), 95, false, commits[omNode-1:c95, omNode-3:c94, omNode-2:c43], entries: (t:1, i:96), METADATAENTRY(c:95)
2020-07-01 01:06:01,099 [grpc-default-executor-1] INFO  ratis.OzoneManagerStateMachine (OzoneManagerStateMachine.java:getLatestSnapshot(147)) - Latest Snapshot Info 1#49
2020-07-01 01:06:01,099 [grpc-default-executor-1] INFO  ratis.OzoneManagerStateMachine (OzoneManagerStateMachine.java:getLatestSnapshot(147)) - Latest Snapshot Info 1#49
2020-07-01 01:06:01,099 [IPC Server handler 17 on default port 11860] DEBUG impl.RaftServerImpl (RaftServerImpl.java:submitClientRequestAsync(575)) - omNode-1@group-523986131536: receive client request(RaftClientRequest:client-6E5155DBE9B8->omNode-1@group-523986131536, cid=370, seq=0, RW, Message:081f12001a13636c6965...(size=409))
2020-07-01 01:06:01,100 [IPC Server handler 17 on default port 11860] DEBUG impl.RaftServerImpl (LeaderState.java:addPendingRequest(335)) - omNode-1@group-523986131536-LeaderState: addPendingRequest at RaftClientRequest:client-6E5155DBE9B8->omNode-1@group-523986131536, cid=370, seq=0, RW, Message:081f12001a13636c6965...(size=409), entry=(t:1, i:97), STATEMACHINELOGENTRY, client-6E5155DBE9B8, cid=370
2020-07-01 01:06:01,101 [grpc-default-executor-1] WARN  server.GrpcLogAppender (LogUtils.java:warn(122)) - omNode-1@group-523986131536->omNode-2-AppendLogResponseHandler: Failed appendEntries: org.apache.ratis.thirdparty.io.grpc.StatusRuntimeException: UNAVAILABLE: io exception
2020-07-01 01:06:01,101 [grpc-default-executor-1] INFO  impl.FollowerInfo (FollowerInfo.java:lambda$new$0(51)) - omNode-1@group-523986131536->omNode-2: nextIndex: updateUnconditionally 97 -> 45
2020-07-01 01:06:01,101 [grpc-default-executor-1] DEBUG impl.RaftServerImpl (RaftServerImpl.java:logAppendEntries(928)) - omNode-3@group-523986131536: receive appendEntries(omNode-1, 1, (t:1, i:96), 95, false, commits[omNode-1:c95, omNode-3:c94, omNode-2:c43], entries: (t:1, i:97), STATEMACHINELOGENTRY, client-6E5155DBE9B8, cid=370
2020-07-01 01:06:01,101 [grpc-default-executor-1] INFO  ratis.OzoneManagerStateMachine (OzoneManagerStateMachine.java:getLatestSnapshot(147)) - Latest Snapshot Info 1#49
2020-07-01 01:06:01,101 [grpc-default-executor-1] INFO  ratis.OzoneManagerStateMachine (OzoneManagerStateMachine.java:getLatestSnapshot(147)) - Latest Snapshot Info 1#49
2020-07-01 01:06:01,103 [Thread-4910] DEBUG impl.RaftServerImpl (RaftServerImpl.java:logAppendEntries(928)) - omNode-3@group-523986131536: succeeded to handle AppendEntries. Reply: omNode-1<-omNode-3#121:OK,SUCCESS,nextIndex:97,term:1,followerCommit:95
2020-07-01 01:06:01,105 [grpc-default-executor-1] DEBUG server.GrpcLogAppender (GrpcLogAppender.java:onNext(257)) - omNode-1@group-523986131536->omNode-3-AppendLogResponseHandler: received a reply omNode-1<-omNode-3#121:OK,SUCCESS,nextIndex:97,term:1,followerCommit:95, request=AppendEntriesRequest:cid=121,entriesCount=1,lastEntry=(t:1, i:96)
2020-07-01 01:06:01,108 [grpc-default-executor-7] WARN  server.GrpcLogAppender (LogUtils.java:warn(122)) - omNode-1@group-523986131536->omNode-2-AppendLogResponseHandler: Failed appendEntries: org.apache.ratis.thirdparty.io.grpc.StatusRuntimeException: UNAVAILABLE: io exception
2020-07-01 01:06:01,108 [grpc-default-executor-7] INFO  impl.FollowerInfo (FollowerInfo.java:lambda$new$0(51)) - omNode-1@group-523986131536->omNode-2: nextIndex: updateUnconditionally 98 -> 45
2020-07-01 01:06:01,109 [Thread-4911] DEBUG impl.RaftServerImpl (RaftServerImpl.java:logAppendEntries(928)) - omNode-3@group-523986131536: succeeded to handle AppendEntries. Reply: omNode-1<-omNode-3#122:OK,SUCCESS,nextIndex:98,term:1,followerCommit:95
2020-07-01 01:06:01,109 [grpc-default-executor-7] DEBUG server.GrpcLogAppender (GrpcLogAppender.java:onNext(257)) - omNode-1@group-523986131536->omNode-3-AppendLogResponseHandler: received a reply omNode-1<-omNode-3#122:OK,SUCCESS,nextIndex:98,term:1,followerCommit:95, request=AppendEntriesRequest:cid=122,entriesCount=1,lastEntry=(t:1, i:97)
2020-07-01 01:06:01,111 [grpc-default-executor-1] WARN  server.GrpcLogAppender (LogUtils.java:warn(122)) - omNode-1@group-523986131536->omNode-2-AppendLogResponseHandler: Failed appendEntries: org.apache.ratis.thirdparty.io.grpc.StatusRuntimeException: UNAVAILABLE: io exception
2020-07-01 01:06:01,112 [grpc-default-executor-1] INFO  impl.FollowerInfo (FollowerInfo.java:lambda$new$0(51)) - omNode-1@group-523986131536->omNode-2: nextIndex: updateUnconditionally 99 -> 45
2020-07-01 01:06:01,112 [grpc-default-executor-1] DEBUG impl.RaftServerImpl (RaftServerImpl.java:logAppendEntries(928)) - omNode-3@group-523986131536: receive appendEntries(omNode-1, 1, (t:1, i:97), 97, false, commits[omNode-1:c97, omNode-3:c95, omNode-2:c43], entries: (t:1, i:98), METADATAENTRY(c:97)
2020-07-01 01:06:01,112 [grpc-default-executor-1] INFO  ratis.OzoneManagerStateMachine (OzoneManagerStateMachine.java:getLatestSnapshot(147)) - Latest Snapshot Info 1#49
2020-07-01 01:06:01,112 [grpc-default-executor-1] INFO  ratis.OzoneManagerStateMachine (OzoneManagerStateMachine.java:getLatestSnapshot(147)) - Latest Snapshot Info 1#49
2020-07-01 01:06:01,113 [Thread-4912] DEBUG impl.RaftServerImpl (RaftServerImpl.java:logAppendEntries(928)) - omNode-3@group-523986131536: succeeded to handle AppendEntries. Reply: omNode-1<-omNode-3#123:OK,SUCCESS,nextIndex:99,term:1,followerCommit:97
2020-07-01 01:06:01,113 [grpc-default-executor-1] DEBUG server.GrpcLogAppender (GrpcLogAppender.java:onNext(257)) - omNode-1@group-523986131536->omNode-3-AppendLogResponseHandler: received a reply omNode-1<-omNode-3#123:OK,SUCCESS,nextIndex:99,term:1,followerCommit:97, request=AppendEntriesRequest:cid=123,entriesCount=1,lastEntry=(t:1, i:98)
2020-07-01 01:06:01,118 [grpc-default-executor-1] WARN  server.GrpcLogAppender (LogUtils.java:warn(122)) - omNode-1@group-523986131536->omNode-2-AppendLogResponseHandler: Failed appendEntries: org.apache.ratis.thirdparty.io.grpc.StatusRuntimeException: UNAVAILABLE: io exception
2020-07-01 01:06:01,119 [grpc-default-executor-1] INFO  impl.FollowerInfo (FollowerInfo.java:lambda$new$0(51)) - omNode-1@group-523986131536->omNode-2: nextIndex: updateUnconditionally 99 -> 45
2020-07-01 01:06:01,123 [IPC Server handler 11 on default port 11860] DEBUG impl.RaftServerImpl (RaftServerImpl.java:submitClientRequestAsync(575)) - omNode-1@group-523986131536: receive client request(RaftClientRequest:client-6E5155DBE9B8->omNode-1@group-523986131536, cid=371, seq=0, RW, Message:082412001a13636c6965...(size=360))
2020-07-01 01:06:01,124 [IPC Server handler 11 on default port 11860] DEBUG impl.RaftServerImpl (LeaderState.java:addPendingRequest(335)) - omNode-1@group-523986131536-LeaderState: addPendingRequest at RaftClientRequest:client-6E5155DBE9B8->omNode-1@group-523986131536, cid=371, seq=0, RW, Message:082412001a13636c6965...(size=360), entry=(t:1, i:99), STATEMACHINELOGENTRY, client-6E5155DBE9B8, cid=371
2020-07-01 01:06:01,124 [grpc-default-executor-1] DEBUG impl.RaftServerImpl (RaftServerImpl.java:logAppendEntries(928)) - omNode-3@group-523986131536: receive appendEntries(omNode-1, 1, (t:1, i:98), 98, false, commits[omNode-1:c98, omNode-3:c97, omNode-2:c43], entries: (t:1, i:99), STATEMACHINELOGENTRY, client-6E5155DBE9B8, cid=371
2020-07-01 01:06:01,124 [grpc-default-executor-1] INFO  ratis.OzoneManagerStateMachine (OzoneManagerStateMachine.java:getLatestSnapshot(147)) - Latest Snapshot Info 1#49
2020-07-01 01:06:01,124 [grpc-default-executor-1] INFO  ratis.OzoneManagerStateMachine (OzoneManagerStateMachine.java:getLatestSnapshot(147)) - Latest Snapshot Info 1#49
2020-07-01 01:06:01,125 [grpc-default-executor-7] WARN  server.GrpcLogAppender (LogUtils.java:warn(122)) - omNode-1@group-523986131536->omNode-2-AppendLogResponseHandler: Failed appendEntries: org.apache.ratis.thirdparty.io.grpc.StatusRuntimeException: UNAVAILABLE: io exception
2020-07-01 01:06:01,126 [grpc-default-executor-7] INFO  impl.FollowerInfo (FollowerInfo.java:lambda$new$0(51)) - omNode-1@group-523986131536->omNode-2: nextIndex: updateUnconditionally 100 -> 45
2020-07-01 01:06:01,127 [Thread-4913] DEBUG impl.RaftServerImpl (RaftServerImpl.java:logAppendEntries(928)) - omNode-3@group-523986131536: succeeded to handle AppendEntries. Reply: omNode-1<-omNode-3#124:OK,SUCCESS,nextIndex:100,term:1,followerCommit:98
2020-07-01 01:06:01,127 [grpc-default-executor-7] DEBUG server.GrpcLogAppender (GrpcLogAppender.java:onNext(257)) - omNode-1@group-523986131536->omNode-3-AppendLogResponseHandler: received a reply omNode-1<-omNode-3#124:OK,SUCCESS,nextIndex:100,term:1,followerCommit:98, request=AppendEntriesRequest:cid=124,entriesCount=1,lastEntry=(t:1, i:99)
2020-07-01 01:06:01,128 [omNode-1@group-523986131536-StateMachineUpdater] INFO  ratis.OzoneManagerStateMachine (OzoneManagerStateMachine.java:takeSnapshot(355)) - Current Snapshot Index (t:1, i:99)
2020-07-01 01:06:01,128 [omNode-1@group-523986131536-StateMachineUpdater] INFO  impl.StateMachineUpdater (StateMachineUpdater.java:takeSnapshot(277)) - omNode-1@group-523986131536-StateMachineUpdater: Took a snapshot at index 99
2020-07-01 01:06:01,129 [omNode-1@group-523986131536-StateMachineUpdater] INFO  impl.StateMachineUpdater (StateMachineUpdater.java:lambda$new$0(87)) - omNode-1@group-523986131536-StateMachineUpdater: snapshotIndex: updateIncreasingly 49 -> 99
2020-07-01 01:06:01,129 [grpc-default-executor-1] DEBUG impl.RaftServerImpl (RaftServerImpl.java:logAppendEntries(928)) - omNode-3@group-523986131536: receive appendEntries(omNode-1, 1, (t:1, i:99), 99, false, commits[omNode-1:c99, omNode-3:c98, omNode-2:c43], entries: (t:1, i:100), METADATAENTRY(c:99)
2020-07-01 01:06:01,129 [grpc-default-executor-1] INFO  ratis.OzoneManagerStateMachine (OzoneManagerStateMachine.java:getLatestSnapshot(147)) - Latest Snapshot Info 1#49
2020-07-01 01:06:01,129 [grpc-default-executor-1] INFO  ratis.OzoneManagerStateMachine (OzoneManagerStateMachine.java:getLatestSnapshot(147)) - Latest Snapshot Info 1#49
2020-07-01 01:06:01,130 [grpc-default-executor-7] WARN  server.GrpcLogAppender (LogUtils.java:warn(122)) - omNode-1@group-523986131536->omNode-2-AppendLogResponseHandler: Failed appendEntries: org.apache.ratis.thirdparty.io.grpc.StatusRuntimeException: UNAVAILABLE: io exception
2020-07-01 01:06:01,130 [grpc-default-executor-7] INFO  impl.FollowerInfo (FollowerInfo.java:lambda$new$0(51)) - omNode-1@group-523986131536->omNode-2: nextIndex: updateUnconditionally 101 -> 45
2020-07-01 01:06:01,131 [IPC Server handler 13 on default port 11860] DEBUG impl.RaftServerImpl (RaftServerImpl.java:submitClientRequestAsync(575)) - omNode-1@group-523986131536: receive client request(RaftClientRequest:client-6E5155DBE9B8->omNode-1@group-523986131536, cid=372, seq=0, RW, Message:081f12001a13636c6965...(size=409))
2020-07-01 01:06:01,131 [IPC Server handler 13 on default port 11860] DEBUG impl.RaftServerImpl (LeaderState.java:addPendingRequest(335)) - omNode-1@group-523986131536-LeaderState: addPendingRequest at RaftClientRequest:client-6E5155DBE9B8->omNode-1@group-523986131536, cid=372, seq=0, RW, Message:081f12001a13636c6965...(size=409), entry=(t:1, i:101), STATEMACHINELOGENTRY, client-6E5155DBE9B8, cid=372
2020-07-01 01:06:01,132 [omNode-3@group-523986131536-StateMachineUpdater] INFO  ratis.OzoneManagerStateMachine (OzoneManagerStateMachine.java:takeSnapshot(355)) - Current Snapshot Index (t:1, i:99)
2020-07-01 01:06:01,132 [omNode-3@group-523986131536-StateMachineUpdater] INFO  impl.StateMachineUpdater (StateMachineUpdater.java:takeSnapshot(277)) - omNode-3@group-523986131536-StateMachineUpdater: Took a snapshot at index 99
2020-07-01 01:06:01,132 [omNode-3@group-523986131536-StateMachineUpdater] INFO  impl.StateMachineUpdater (StateMachineUpdater.java:lambda$new$0(87)) - omNode-3@group-523986131536-StateMachineUpdater: snapshotIndex: updateIncreasingly 49 -> 99
2020-07-01 01:06:01,132 [Thread-4914] DEBUG impl.RaftServerImpl (RaftServerImpl.java:logAppendEntries(928)) - omNode-3@group-523986131536: succeeded to handle AppendEntries. Reply: omNode-1<-omNode-3#125:OK,SUCCESS,nextIndex:101,term:1,followerCommit:99
2020-07-01 01:06:01,132 [grpc-default-executor-7] DEBUG server.GrpcLogAppender (GrpcLogAppender.java:onNext(257)) - omNode-1@group-523986131536->omNode-3-AppendLogResponseHandler: received a reply omNode-1<-omNode-3#125:OK,SUCCESS,nextIndex:101,term:1,followerCommit:99, request=AppendEntriesRequest:cid=125,entriesCount=1,lastEntry=(t:1, i:100)
2020-07-01 01:06:01,132 [grpc-default-executor-7] DEBUG impl.RaftServerImpl (RaftServerImpl.java:logAppendEntries(928)) - omNode-3@group-523986131536: receive appendEntries(omNode-1, 1, (t:1, i:100), 99, false, commits[omNode-1:c99, omNode-3:c98, omNode-2:c43], entries: (t:1, i:101), STATEMACHINELOGENTRY, client-6E5155DBE9B8, cid=372
2020-07-01 01:06:01,133 [grpc-default-executor-7] INFO  ratis.OzoneManagerStateMachine (OzoneManagerStateMachine.java:getLatestSnapshot(147)) - Latest Snapshot Info 1#99
2020-07-01 01:06:01,133 [grpc-default-executor-7] INFO  ratis.OzoneManagerStateMachine (OzoneManagerStateMachine.java:getLatestSnapshot(147)) - Latest Snapshot Info 1#99
2020-07-01 01:06:01,133 [Thread-4915] DEBUG impl.RaftServerImpl (RaftServerImpl.java:logAppendEntries(928)) - omNode-3@group-523986131536: succeeded to handle AppendEntries. Reply: omNode-1<-omNode-3#126:OK,SUCCESS,nextIndex:102,term:1,followerCommit:99
2020-07-01 01:06:01,133 [grpc-default-executor-1] WARN  server.GrpcLogAppender (LogUtils.java:warn(122)) - omNode-1@group-523986131536->omNode-2-AppendLogResponseHandler: Failed appendEntries: org.apache.ratis.thirdparty.io.grpc.StatusRuntimeException: UNAVAILABLE: io exception
2020-07-01 01:06:01,133 [grpc-default-executor-1] INFO  impl.FollowerInfo (FollowerInfo.java:lambda$new$0(51)) - omNode-1@group-523986131536->omNode-2: nextIndex: updateUnconditionally 102 -> 45
2020-07-01 01:06:01,133 [grpc-default-executor-7] DEBUG server.GrpcLogAppender (GrpcLogAppender.java:onNext(257)) - omNode-1@group-523986131536->omNode-3-AppendLogResponseHandler: received a reply omNode-1<-omNode-3#126:OK,SUCCESS,nextIndex:102,term:1,followerCommit:99, request=AppendEntriesRequest:cid=126,entriesCount=1,lastEntry=(t:1, i:101)
2020-07-01 01:06:01,139 [grpc-default-executor-7] DEBUG impl.RaftServerImpl (RaftServerImpl.java:logAppendEntries(928)) - omNode-3@group-523986131536: receive appendEntries(omNode-1, 1, (t:1, i:101), 101, false, commits[omNode-1:c101, omNode-3:c99, omNode-2:c43], entries: (t:1, i:102), METADATAENTRY(c:101)
2020-07-01 01:06:01,139 [grpc-default-executor-7] INFO  ratis.OzoneManagerStateMachine (OzoneManagerStateMachine.java:getLatestSnapshot(147)) - Latest Snapshot Info 1#99
2020-07-01 01:06:01,139 [grpc-default-executor-7] INFO  ratis.OzoneManagerStateMachine (OzoneManagerStateMachine.java:getLatestSnapshot(147)) - Latest Snapshot Info 1#99
2020-07-01 01:06:01,140 [grpc-default-executor-7] WARN  server.GrpcLogAppender (LogUtils.java:warn(122)) - omNode-1@group-523986131536->omNode-2-AppendLogResponseHandler: Failed appendEntries: org.apache.ratis.thirdparty.io.grpc.StatusRuntimeException: UNAVAILABLE: io exception
2020-07-01 01:06:01,140 [grpc-default-executor-7] INFO  impl.FollowerInfo (FollowerInfo.java:lambda$new$0(51)) - omNode-1@group-523986131536->omNode-2: nextIndex: updateUnconditionally 103 -> 45
2020-07-01 01:06:01,141 [Thread-4916] DEBUG impl.RaftServerImpl (RaftServerImpl.java:logAppendEntries(928)) - omNode-3@group-523986131536: succeeded to handle AppendEntries. Reply: omNode-1<-omNode-3#127:OK,SUCCESS,nextIndex:103,term:1,followerCommit:101
2020-07-01 01:06:01,142 [grpc-default-executor-8] DEBUG server.GrpcLogAppender (GrpcLogAppender.java:onNext(257)) - omNode-1@group-523986131536->omNode-3-AppendLogResponseHandler: received a reply omNode-1<-omNode-3#127:OK,SUCCESS,nextIndex:103,term:1,followerCommit:101, request=AppendEntriesRequest:cid=127,entriesCount=1,lastEntry=(t:1, i:102)
2020-07-01 01:06:01,144 [IPC Server handler 18 on default port 11860] DEBUG impl.RaftServerImpl (RaftServerImpl.java:submitClientRequestAsync(575)) - omNode-1@group-523986131536: receive client request(RaftClientRequest:client-6E5155DBE9B8->omNode-1@group-523986131536, cid=373, seq=0, RW, Message:082412001a13636c6965...(size=360))
2020-07-01 01:06:01,145 [IPC Server handler 18 on default port 11860] DEBUG impl.RaftServerImpl (LeaderState.java:addPendingRequest(335)) - omNode-1@group-523986131536-LeaderState: addPendingRequest at RaftClientRequest:client-6E5155DBE9B8->omNode-1@group-523986131536, cid=373, seq=0, RW, Message:082412001a13636c6965...(size=360), entry=(t:1, i:103), STATEMACHINELOGENTRY, client-6E5155DBE9B8, cid=373
2020-07-01 01:06:01,145 [grpc-default-executor-7] WARN  server.GrpcLogAppender (LogUtils.java:warn(122)) - omNode-1@group-523986131536->omNode-2-AppendLogResponseHandler: Failed appendEntries: org.apache.ratis.thirdparty.io.grpc.StatusRuntimeException: UNAVAILABLE: io exception
2020-07-01 01:06:01,145 [grpc-default-executor-7] INFO  impl.FollowerInfo (FollowerInfo.java:lambda$new$0(51)) - omNode-1@group-523986131536->omNode-2: nextIndex: updateUnconditionally 103 -> 45
2020-07-01 01:06:01,145 [grpc-default-executor-7] DEBUG impl.RaftServerImpl (RaftServerImpl.java:logAppendEntries(928)) - omNode-3@group-523986131536: receive appendEntries(omNode-1, 1, (t:1, i:102), 102, false, commits[omNode-1:c102, omNode-3:c101, omNode-2:c43], entries: (t:1, i:103), STATEMACHINELOGENTRY, client-6E5155DBE9B8, cid=373
2020-07-01 01:06:01,145 [grpc-default-executor-7] INFO  ratis.OzoneManagerStateMachine (OzoneManagerStateMachine.java:getLatestSnapshot(147)) - Latest Snapshot Info 1#99
2020-07-01 01:06:01,146 [grpc-default-executor-7] INFO  ratis.OzoneManagerStateMachine (OzoneManagerStateMachine.java:getLatestSnapshot(147)) - Latest Snapshot Info 1#99
2020-07-01 01:06:01,147 [grpc-default-executor-8] WARN  server.GrpcLogAppender (LogUtils.java:warn(122)) - omNode-1@group-523986131536->omNode-2-AppendLogResponseHandler: Failed appendEntries: org.apache.ratis.thirdparty.io.grpc.StatusRuntimeException: UNAVAILABLE: io exception
2020-07-01 01:06:01,147 [grpc-default-executor-8] INFO  impl.FollowerInfo (FollowerInfo.java:lambda$new$0(51)) - omNode-1@group-523986131536->omNode-2: nextIndex: updateUnconditionally 104 -> 45
2020-07-01 01:06:01,147 [Thread-4917] DEBUG impl.RaftServerImpl (RaftServerImpl.java:logAppendEntries(928)) - omNode-3@group-523986131536: succeeded to handle AppendEntries. Reply: omNode-1<-omNode-3#128:OK,SUCCESS,nextIndex:104,term:1,followerCommit:102
2020-07-01 01:06:01,147 [grpc-default-executor-8] DEBUG server.GrpcLogAppender (GrpcLogAppender.java:onNext(257)) - omNode-1@group-523986131536->omNode-3-AppendLogResponseHandler: received a reply omNode-1<-omNode-3#128:OK,SUCCESS,nextIndex:104,term:1,followerCommit:102, request=AppendEntriesRequest:cid=128,entriesCount=1,lastEntry=(t:1, i:103)
2020-07-01 01:06:01,149 [grpc-default-executor-8] DEBUG impl.RaftServerImpl (RaftServerImpl.java:logAppendEntries(928)) - omNode-3@group-523986131536: receive appendEntries(omNode-1, 1, (t:1, i:103), 103, false, commits[omNode-1:c103, omNode-3:c102, omNode-2:c43], entries: (t:1, i:104), METADATAENTRY(c:103)
2020-07-01 01:06:01,149 [grpc-default-executor-8] INFO  ratis.OzoneManagerStateMachine (OzoneManagerStateMachine.java:getLatestSnapshot(147)) - Latest Snapshot Info 1#99
2020-07-01 01:06:01,149 [grpc-default-executor-8] INFO  ratis.OzoneManagerStateMachine (OzoneManagerStateMachine.java:getLatestSnapshot(147)) - Latest Snapshot Info 1#99
2020-07-01 01:06:01,152 [grpc-default-executor-7] WARN  server.GrpcLogAppender (LogUtils.java:warn(122)) - omNode-1@group-523986131536->omNode-2-AppendLogResponseHandler: Failed appendEntries: org.apache.ratis.thirdparty.io.grpc.StatusRuntimeException: UNAVAILABLE: io exception
2020-07-01 01:06:01,152 [grpc-default-executor-7] INFO  impl.FollowerInfo (FollowerInfo.java:lambda$new$0(51)) - omNode-1@group-523986131536->omNode-2: nextIndex: updateUnconditionally 105 -> 45
2020-07-01 01:06:01,153 [IPC Server handler 15 on default port 11860] DEBUG impl.RaftServerImpl (RaftServerImpl.java:submitClientRequestAsync(575)) - omNode-1@group-523986131536: receive client request(RaftClientRequest:client-6E5155DBE9B8->omNode-1@group-523986131536, cid=374, seq=0, RW, Message:081f12001a13636c6965...(size=409))
2020-07-01 01:06:01,153 [IPC Server handler 15 on default port 11860] DEBUG impl.RaftServerImpl (LeaderState.java:addPendingRequest(335)) - omNode-1@group-523986131536-LeaderState: addPendingRequest at RaftClientRequest:client-6E5155DBE9B8->omNode-1@group-523986131536, cid=374, seq=0, RW, Message:081f12001a13636c6965...(size=409), entry=(t:1, i:105), STATEMACHINELOGENTRY, client-6E5155DBE9B8, cid=374
2020-07-01 01:06:01,154 [grpc-default-executor-7] DEBUG impl.RaftServerImpl (RaftServerImpl.java:logAppendEntries(928)) - omNode-3@group-523986131536: receive appendEntries(omNode-1, 1, (t:1, i:104), 103, false, commits[omNode-1:c103, omNode-3:c102, omNode-2:c43], entries: (t:1, i:105), STATEMACHINELOGENTRY, client-6E5155DBE9B8, cid=374
2020-07-01 01:06:01,154 [grpc-default-executor-7] INFO  ratis.OzoneManagerStateMachine (OzoneManagerStateMachine.java:getLatestSnapshot(147)) - Latest Snapshot Info 1#99
2020-07-01 01:06:01,154 [grpc-default-executor-7] INFO  ratis.OzoneManagerStateMachine (OzoneManagerStateMachine.java:getLatestSnapshot(147)) - Latest Snapshot Info 1#99
2020-07-01 01:06:01,155 [Thread-4918] DEBUG impl.RaftServerImpl (RaftServerImpl.java:logAppendEntries(928)) - omNode-3@group-523986131536: succeeded to handle AppendEntries. Reply: omNode-1<-omNode-3#129:OK,SUCCESS,nextIndex:105,term:1,followerCommit:103
2020-07-01 01:06:01,155 [grpc-default-executor-7] DEBUG server.GrpcLogAppender (GrpcLogAppender.java:onNext(257)) - omNode-1@group-523986131536->omNode-3-AppendLogResponseHandler: received a reply omNode-1<-omNode-3#129:OK,SUCCESS,nextIndex:105,term:1,followerCommit:103, request=AppendEntriesRequest:cid=129,entriesCount=1,lastEntry=(t:1, i:104)
2020-07-01 01:06:01,155 [grpc-default-executor-1] WARN  server.GrpcLogAppender (LogUtils.java:warn(122)) - omNode-1@group-523986131536->omNode-2-AppendLogResponseHandler: Failed appendEntries: org.apache.ratis.thirdparty.io.grpc.StatusRuntimeException: UNAVAILABLE: io exception
2020-07-01 01:06:01,155 [grpc-default-executor-1] INFO  impl.FollowerInfo (FollowerInfo.java:lambda$new$0(51)) - omNode-1@group-523986131536->omNode-2: nextIndex: updateUnconditionally 106 -> 45
2020-07-01 01:06:01,157 [grpc-default-executor-7] WARN  server.GrpcLogAppender (LogUtils.java:warn(122)) - omNode-1@group-523986131536->omNode-2-AppendLogResponseHandler: Failed appendEntries: org.apache.ratis.thirdparty.io.grpc.StatusRuntimeException: UNAVAILABLE: io exception
2020-07-01 01:06:01,157 [grpc-default-executor-7] INFO  impl.FollowerInfo (FollowerInfo.java:lambda$new$0(51)) - omNode-1@group-523986131536->omNode-2: nextIndex: updateUnconditionally 106 -> 45
2020-07-01 01:06:01,160 [Thread-4919] DEBUG impl.RaftServerImpl (RaftServerImpl.java:logAppendEntries(928)) - omNode-3@group-523986131536: succeeded to handle AppendEntries. Reply: omNode-1<-omNode-3#130:OK,SUCCESS,nextIndex:106,term:1,followerCommit:103
2020-07-01 01:06:01,161 [grpc-default-executor-7] DEBUG server.GrpcLogAppender (GrpcLogAppender.java:onNext(257)) - omNode-1@group-523986131536->omNode-3-AppendLogResponseHandler: received a reply omNode-1<-omNode-3#130:OK,SUCCESS,nextIndex:106,term:1,followerCommit:103, request=AppendEntriesRequest:cid=130,entriesCount=1,lastEntry=(t:1, i:105)
2020-07-01 01:06:01,167 [grpc-default-executor-7] DEBUG impl.RaftServerImpl (RaftServerImpl.java:logAppendEntries(928)) - omNode-3@group-523986131536: receive appendEntries(omNode-1, 1, (t:1, i:105), 105, false, commits[omNode-1:c105, omNode-3:c103, omNode-2:c43], entries: (t:1, i:106), METADATAENTRY(c:105)
2020-07-01 01:06:01,167 [grpc-default-executor-7] INFO  ratis.OzoneManagerStateMachine (OzoneManagerStateMachine.java:getLatestSnapshot(147)) - Latest Snapshot Info 1#99
2020-07-01 01:06:01,168 [grpc-default-executor-7] INFO  ratis.OzoneManagerStateMachine (OzoneManagerStateMachine.java:getLatestSnapshot(147)) - Latest Snapshot Info 1#99
2020-07-01 01:06:01,170 [grpc-default-executor-1] WARN  server.GrpcLogAppender (LogUtils.java:warn(122)) - omNode-1@group-523986131536->omNode-2-AppendLogResponseHandler: Failed appendEntries: org.apache.ratis.thirdparty.io.grpc.StatusRuntimeException: UNAVAILABLE: io exception
2020-07-01 01:06:01,170 [grpc-default-executor-1] INFO  impl.FollowerInfo (FollowerInfo.java:lambda$new$0(51)) - omNode-1@group-523986131536->omNode-2: nextIndex: updateUnconditionally 107 -> 45
2020-07-01 01:06:01,175 [Thread-4920] DEBUG impl.RaftServerImpl (RaftServerImpl.java:logAppendEntries(928)) - omNode-3@group-523986131536: succeeded to handle AppendEntries. Reply: omNode-1<-omNode-3#131:OK,SUCCESS,nextIndex:107,term:1,followerCommit:105
2020-07-01 01:06:01,176 [IPC Server handler 14 on default port 11860] DEBUG impl.RaftServerImpl (RaftServerImpl.java:submitClientRequestAsync(575)) - omNode-1@group-523986131536: receive client request(RaftClientRequest:client-6E5155DBE9B8->omNode-1@group-523986131536, cid=375, seq=0, RW, Message:082412001a13636c6965...(size=360))
2020-07-01 01:06:01,176 [IPC Server handler 14 on default port 11860] DEBUG impl.RaftServerImpl (LeaderState.java:addPendingRequest(335)) - omNode-1@group-523986131536-LeaderState: addPendingRequest at RaftClientRequest:client-6E5155DBE9B8->omNode-1@group-523986131536, cid=375, seq=0, RW, Message:082412001a13636c6965...(size=360), entry=(t:1, i:107), STATEMACHINELOGENTRY, client-6E5155DBE9B8, cid=375
2020-07-01 01:06:01,179 [grpc-default-executor-7] DEBUG server.GrpcLogAppender (GrpcLogAppender.java:onNext(257)) - omNode-1@group-523986131536->omNode-3-AppendLogResponseHandler: received a reply omNode-1<-omNode-3#131:OK,SUCCESS,nextIndex:107,term:1,followerCommit:105, request=AppendEntriesRequest:cid=131,entriesCount=1,lastEntry=(t:1, i:106)
2020-07-01 01:06:01,179 [grpc-default-executor-6] WARN  server.GrpcLogAppender (LogUtils.java:warn(122)) - omNode-1@group-523986131536->omNode-2-AppendLogResponseHandler: Failed appendEntries: org.apache.ratis.thirdparty.io.grpc.StatusRuntimeException: UNAVAILABLE: io exception
2020-07-01 01:06:01,179 [grpc-default-executor-1] DEBUG impl.RaftServerImpl (RaftServerImpl.java:logAppendEntries(928)) - omNode-3@group-523986131536: receive appendEntries(omNode-1, 1, (t:1, i:106), 105, false, commits[omNode-1:c105, omNode-3:c103, omNode-2:c43], entries: (t:1, i:107), STATEMACHINELOGENTRY, client-6E5155DBE9B8, cid=375
2020-07-01 01:06:01,179 [grpc-default-executor-1] INFO  ratis.OzoneManagerStateMachine (OzoneManagerStateMachine.java:getLatestSnapshot(147)) - Latest Snapshot Info 1#99
2020-07-01 01:06:01,179 [grpc-default-executor-1] INFO  ratis.OzoneManagerStateMachine (OzoneManagerStateMachine.java:getLatestSnapshot(147)) - Latest Snapshot Info 1#99
2020-07-01 01:06:01,179 [grpc-default-executor-6] INFO  impl.FollowerInfo (FollowerInfo.java:lambda$new$0(51)) - omNode-1@group-523986131536->omNode-2: nextIndex: updateUnconditionally 108 -> 45
2020-07-01 01:06:01,179 [Thread-4921] DEBUG impl.RaftServerImpl (RaftServerImpl.java:logAppendEntries(928)) - omNode-3@group-523986131536: succeeded to handle AppendEntries. Reply: omNode-1<-omNode-3#132:OK,SUCCESS,nextIndex:108,term:1,followerCommit:105
2020-07-01 01:06:01,180 [grpc-default-executor-6] DEBUG server.GrpcLogAppender (GrpcLogAppender.java:onNext(257)) - omNode-1@group-523986131536->omNode-3-AppendLogResponseHandler: received a reply omNode-1<-omNode-3#132:OK,SUCCESS,nextIndex:108,term:1,followerCommit:105, request=AppendEntriesRequest:cid=132,entriesCount=1,lastEntry=(t:1, i:107)
2020-07-01 01:06:01,184 [grpc-default-executor-1] DEBUG impl.RaftServerImpl (RaftServerImpl.java:logAppendEntries(928)) - omNode-3@group-523986131536: receive appendEntries(omNode-1, 1, (t:1, i:107), 107, false, commits[omNode-1:c107, omNode-3:c105, omNode-2:c43], entries: (t:1, i:108), METADATAENTRY(c:107)
2020-07-01 01:06:01,184 [grpc-default-executor-1] INFO  ratis.OzoneManagerStateMachine (OzoneManagerStateMachine.java:getLatestSnapshot(147)) - Latest Snapshot Info 1#99
2020-07-01 01:06:01,184 [grpc-default-executor-1] INFO  ratis.OzoneManagerStateMachine (OzoneManagerStateMachine.java:getLatestSnapshot(147)) - Latest Snapshot Info 1#99
2020-07-01 01:06:01,185 [grpc-default-executor-6] WARN  server.GrpcLogAppender (LogUtils.java:warn(122)) - omNode-1@group-523986131536->omNode-2-AppendLogResponseHandler: Failed appendEntries: org.apache.ratis.thirdparty.io.grpc.StatusRuntimeException: UNAVAILABLE: io exception
2020-07-01 01:06:01,185 [grpc-default-executor-6] INFO  impl.FollowerInfo (FollowerInfo.java:lambda$new$0(51)) - omNode-1@group-523986131536->omNode-2: nextIndex: updateUnconditionally 109 -> 45
2020-07-01 01:06:01,186 [IPC Server handler 16 on default port 11860] DEBUG impl.RaftServerImpl (RaftServerImpl.java:submitClientRequestAsync(575)) - omNode-1@group-523986131536: receive client request(RaftClientRequest:client-6E5155DBE9B8->omNode-1@group-523986131536, cid=376, seq=0, RW, Message:081f12001a13636c6965...(size=409))
2020-07-01 01:06:01,186 [IPC Server handler 16 on default port 11860] DEBUG impl.RaftServerImpl (LeaderState.java:addPendingRequest(335)) - omNode-1@group-523986131536-LeaderState: addPendingRequest at RaftClientRequest:client-6E5155DBE9B8->omNode-1@group-523986131536, cid=376, seq=0, RW, Message:081f12001a13636c6965...(size=409), entry=(t:1, i:109), STATEMACHINELOGENTRY, client-6E5155DBE9B8, cid=376
2020-07-01 01:06:01,187 [grpc-default-executor-6] DEBUG impl.RaftServerImpl (RaftServerImpl.java:logAppendEntries(928)) - omNode-3@group-523986131536: receive appendEntries(omNode-1, 1, (t:1, i:108), 107, false, commits[omNode-1:c107, omNode-3:c105, omNode-2:c43], entries: (t:1, i:109), STATEMACHINELOGENTRY, client-6E5155DBE9B8, cid=376
2020-07-01 01:06:01,188 [grpc-default-executor-7] WARN  server.GrpcLogAppender (LogUtils.java:warn(122)) - omNode-1@group-523986131536->omNode-2-AppendLogResponseHandler: Failed appendEntries: org.apache.ratis.thirdparty.io.grpc.StatusRuntimeException: UNAVAILABLE: io exception
2020-07-01 01:06:01,188 [grpc-default-executor-7] INFO  impl.FollowerInfo (FollowerInfo.java:lambda$new$0(51)) - omNode-1@group-523986131536->omNode-2: nextIndex: updateUnconditionally 110 -> 45
2020-07-01 01:06:01,190 [grpc-default-executor-6] INFO  ratis.OzoneManagerStateMachine (OzoneManagerStateMachine.java:getLatestSnapshot(147)) - Latest Snapshot Info 1#99
2020-07-01 01:06:01,190 [grpc-default-executor-6] INFO  ratis.OzoneManagerStateMachine (OzoneManagerStateMachine.java:getLatestSnapshot(147)) - Latest Snapshot Info 1#99
2020-07-01 01:06:01,190 [Thread-4922] DEBUG impl.RaftServerImpl (RaftServerImpl.java:logAppendEntries(928)) - omNode-3@group-523986131536: succeeded to handle AppendEntries. Reply: omNode-1<-omNode-3#133:OK,SUCCESS,nextIndex:109,term:1,followerCommit:107
2020-07-01 01:06:01,190 [grpc-default-executor-6] DEBUG server.GrpcLogAppender (GrpcLogAppender.java:onNext(257)) - omNode-1@group-523986131536->omNode-3-AppendLogResponseHandler: received a reply omNode-1<-omNode-3#133:OK,SUCCESS,nextIndex:109,term:1,followerCommit:107, request=AppendEntriesRequest:cid=133,entriesCount=1,lastEntry=(t:1, i:108)
2020-07-01 01:06:01,192 [grpc-default-executor-7] WARN  server.GrpcLogAppender (LogUtils.java:warn(122)) - omNode-1@group-523986131536->omNode-2-AppendLogResponseHandler: Failed appendEntries: org.apache.ratis.thirdparty.io.grpc.StatusRuntimeException: UNAVAILABLE: io exception
2020-07-01 01:06:01,192 [grpc-default-executor-7] INFO  impl.FollowerInfo (FollowerInfo.java:lambda$new$0(51)) - omNode-1@group-523986131536->omNode-2: nextIndex: updateUnconditionally 110 -> 45
2020-07-01 01:06:01,193 [Thread-4923] DEBUG impl.RaftServerImpl (RaftServerImpl.java:logAppendEntries(928)) - omNode-3@group-523986131536: succeeded to handle AppendEntries. Reply: omNode-1<-omNode-3#134:OK,SUCCESS,nextIndex:110,term:1,followerCommit:107
2020-07-01 01:06:01,193 [grpc-default-executor-7] DEBUG server.GrpcLogAppender (GrpcLogAppender.java:onNext(257)) - omNode-1@group-523986131536->omNode-3-AppendLogResponseHandler: received a reply omNode-1<-omNode-3#134:OK,SUCCESS,nextIndex:110,term:1,followerCommit:107, request=AppendEntriesRequest:cid=134,entriesCount=1,lastEntry=(t:1, i:109)
2020-07-01 01:06:01,195 [grpc-default-executor-7] DEBUG impl.RaftServerImpl (RaftServerImpl.java:logAppendEntries(928)) - omNode-3@group-523986131536: receive appendEntries(omNode-1, 1, (t:1, i:109), 109, false, commits[omNode-1:c109, omNode-3:c107, omNode-2:c43], entries: (t:1, i:110), METADATAENTRY(c:109)
2020-07-01 01:06:01,195 [grpc-default-executor-7] INFO  ratis.OzoneManagerStateMachine (OzoneManagerStateMachine.java:getLatestSnapshot(147)) - Latest Snapshot Info 1#99
2020-07-01 01:06:01,195 [grpc-default-executor-7] INFO  ratis.OzoneManagerStateMachine (OzoneManagerStateMachine.java:getLatestSnapshot(147)) - Latest Snapshot Info 1#99
2020-07-01 01:06:01,196 [grpc-default-executor-6] WARN  server.GrpcLogAppender (LogUtils.java:warn(122)) - omNode-1@group-523986131536->omNode-2-AppendLogResponseHandler: Failed appendEntries: org.apache.ratis.thirdparty.io.grpc.StatusRuntimeException: UNAVAILABLE: io exception
2020-07-01 01:06:01,196 [grpc-default-executor-6] INFO  impl.FollowerInfo (FollowerInfo.java:lambda$new$0(51)) - omNode-1@group-523986131536->omNode-2: nextIndex: updateUnconditionally 111 -> 45
2020-07-01 01:06:01,198 [Thread-4924] DEBUG impl.RaftServerImpl (RaftServerImpl.java:logAppendEntries(928)) - omNode-3@group-523986131536: succeeded to handle AppendEntries. Reply: omNode-1<-omNode-3#135:OK,SUCCESS,nextIndex:111,term:1,followerCommit:109
2020-07-01 01:06:01,198 [grpc-default-executor-6] DEBUG server.GrpcLogAppender (GrpcLogAppender.java:onNext(257)) - omNode-1@group-523986131536->omNode-3-AppendLogResponseHandler: received a reply omNode-1<-omNode-3#135:OK,SUCCESS,nextIndex:111,term:1,followerCommit:109, request=AppendEntriesRequest:cid=135,entriesCount=1,lastEntry=(t:1, i:110)
2020-07-01 01:06:01,201 [grpc-default-executor-7] WARN  server.GrpcLogAppender (LogUtils.java:warn(122)) - omNode-1@group-523986131536->omNode-2-AppendLogResponseHandler: Failed appendEntries: org.apache.ratis.thirdparty.io.grpc.StatusRuntimeException: UNAVAILABLE: io exception
2020-07-01 01:06:01,201 [grpc-default-executor-7] INFO  impl.FollowerInfo (FollowerInfo.java:lambda$new$0(51)) - omNode-1@group-523986131536->omNode-2: nextIndex: updateUnconditionally 111 -> 45
2020-07-01 01:06:01,203 [IPC Server handler 19 on default port 11860] DEBUG impl.RaftServerImpl (RaftServerImpl.java:submitClientRequestAsync(575)) - omNode-1@group-523986131536: receive client request(RaftClientRequest:client-6E5155DBE9B8->omNode-1@group-523986131536, cid=377, seq=0, RW, Message:082412001a13636c6965...(size=360))
2020-07-01 01:06:01,203 [IPC Server handler 19 on default port 11860] DEBUG impl.RaftServerImpl (LeaderState.java:addPendingRequest(335)) - omNode-1@group-523986131536-LeaderState: addPendingRequest at RaftClientRequest:client-6E5155DBE9B8->omNode-1@group-523986131536, cid=377, seq=0, RW, Message:082412001a13636c6965...(size=360), entry=(t:1, i:111), STATEMACHINELOGENTRY, client-6E5155DBE9B8, cid=377
2020-07-01 01:06:01,203 [grpc-default-executor-7] DEBUG impl.RaftServerImpl (RaftServerImpl.java:logAppendEntries(928)) - omNode-3@group-523986131536: receive appendEntries(omNode-1, 1, (t:1, i:110), 110, false, commits[omNode-1:c110, omNode-3:c109, omNode-2:c43], entries: (t:1, i:111), STATEMACHINELOGENTRY, client-6E5155DBE9B8, cid=377
2020-07-01 01:06:01,203 [grpc-default-executor-7] INFO  ratis.OzoneManagerStateMachine (OzoneManagerStateMachine.java:getLatestSnapshot(147)) - Latest Snapshot Info 1#99
2020-07-01 01:06:01,204 [grpc-default-executor-7] INFO  ratis.OzoneManagerStateMachine (OzoneManagerStateMachine.java:getLatestSnapshot(147)) - Latest Snapshot Info 1#99
2020-07-01 01:06:01,205 [Thread-4925] DEBUG impl.RaftServerImpl (RaftServerImpl.java:logAppendEntries(928)) - omNode-3@group-523986131536: succeeded to handle AppendEntries. Reply: omNode-1<-omNode-3#136:OK,SUCCESS,nextIndex:112,term:1,followerCommit:110
2020-07-01 01:06:01,205 [grpc-default-executor-6] WARN  server.GrpcLogAppender (LogUtils.java:warn(122)) - omNode-1@group-523986131536->omNode-2-AppendLogResponseHandler: Failed appendEntries: org.apache.ratis.thirdparty.io.grpc.StatusRuntimeException: UNAVAILABLE: io exception
2020-07-01 01:06:01,206 [grpc-default-executor-6] INFO  impl.FollowerInfo (FollowerInfo.java:lambda$new$0(51)) - omNode-1@group-523986131536->omNode-2: nextIndex: updateUnconditionally 112 -> 45
2020-07-01 01:06:01,206 [grpc-default-executor-6] DEBUG server.GrpcLogAppender (GrpcLogAppender.java:onNext(257)) - omNode-1@group-523986131536->omNode-3-AppendLogResponseHandler: received a reply omNode-1<-omNode-3#136:OK,SUCCESS,nextIndex:112,term:1,followerCommit:110, request=AppendEntriesRequest:cid=136,entriesCount=1,lastEntry=(t:1, i:111)
2020-07-01 01:06:01,208 [grpc-default-executor-6] DEBUG impl.RaftServerImpl (RaftServerImpl.java:logAppendEntries(928)) - omNode-3@group-523986131536: receive appendEntries(omNode-1, 1, (t:1, i:111), 111, false, commits[omNode-1:c111, omNode-3:c110, omNode-2:c43], entries: (t:1, i:112), METADATAENTRY(c:111)
2020-07-01 01:06:01,209 [grpc-default-executor-6] INFO  ratis.OzoneManagerStateMachine (OzoneManagerStateMachine.java:getLatestSnapshot(147)) - Latest Snapshot Info 1#99
2020-07-01 01:06:01,209 [grpc-default-executor-6] INFO  ratis.OzoneManagerStateMachine (OzoneManagerStateMachine.java:getLatestSnapshot(147)) - Latest Snapshot Info 1#99
2020-07-01 01:06:01,209 [IPC Server handler 12 on default port 11860] DEBUG impl.RaftServerImpl (RaftServerImpl.java:submitClientRequestAsync(575)) - omNode-1@group-523986131536: receive client request(RaftClientRequest:client-6E5155DBE9B8->omNode-1@group-523986131536, cid=378, seq=0, RW, Message:081f12001a13636c6965...(size=409))
2020-07-01 01:06:01,209 [IPC Server handler 12 on default port 11860] DEBUG impl.RaftServerImpl (LeaderState.java:addPendingRequest(335)) - omNode-1@group-523986131536-LeaderState: addPendingRequest at RaftClientRequest:client-6E5155DBE9B8->omNode-1@group-523986131536, cid=378, seq=0, RW, Message:081f12001a13636c6965...(size=409), entry=(t:1, i:113), STATEMACHINELOGENTRY, client-6E5155DBE9B8, cid=378
2020-07-01 01:06:01,211 [grpc-default-executor-7] DEBUG impl.RaftServerImpl (RaftServerImpl.java:logAppendEntries(928)) - omNode-3@group-523986131536: receive appendEntries(omNode-1, 1, (t:1, i:112), 111, false, commits[omNode-1:c111, omNode-3:c110, omNode-2:c43], entries: (t:1, i:113), STATEMACHINELOGENTRY, client-6E5155DBE9B8, cid=378
2020-07-01 01:06:01,211 [grpc-default-executor-7] INFO  ratis.OzoneManagerStateMachine (OzoneManagerStateMachine.java:getLatestSnapshot(147)) - Latest Snapshot Info 1#99
2020-07-01 01:06:01,211 [grpc-default-executor-7] INFO  ratis.OzoneManagerStateMachine (OzoneManagerStateMachine.java:getLatestSnapshot(147)) - Latest Snapshot Info 1#99
2020-07-01 01:06:01,211 [grpc-default-executor-7] WARN  server.GrpcLogAppender (LogUtils.java:warn(122)) - omNode-1@group-523986131536->omNode-2-AppendLogResponseHandler: Failed appendEntries: org.apache.ratis.thirdparty.io.grpc.StatusRuntimeException: UNAVAILABLE: io exception
2020-07-01 01:06:01,212 [grpc-default-executor-7] INFO  impl.FollowerInfo (FollowerInfo.java:lambda$new$0(51)) - omNode-1@group-523986131536->omNode-2: nextIndex: updateUnconditionally 113 -> 45
2020-07-01 01:06:01,212 [Thread-4926] DEBUG impl.RaftServerImpl (RaftServerImpl.java:logAppendEntries(928)) - omNode-3@group-523986131536: succeeded to handle AppendEntries. Reply: omNode-1<-omNode-3#137:OK,SUCCESS,nextIndex:113,term:1,followerCommit:111
2020-07-01 01:06:01,213 [grpc-default-executor-7] DEBUG server.GrpcLogAppender (GrpcLogAppender.java:onNext(257)) - omNode-1@group-523986131536->omNode-3-AppendLogResponseHandler: received a reply omNode-1<-omNode-3#137:OK,SUCCESS,nextIndex:113,term:1,followerCommit:111, request=AppendEntriesRequest:cid=137,entriesCount=1,lastEntry=(t:1, i:112)
2020-07-01 01:06:01,213 [Thread-4927] DEBUG impl.RaftServerImpl (RaftServerImpl.java:logAppendEntries(928)) - omNode-3@group-523986131536: succeeded to handle AppendEntries. Reply: omNode-1<-omNode-3#138:OK,SUCCESS,nextIndex:114,term:1,followerCommit:111
2020-07-01 01:06:01,214 [grpc-default-executor-6] DEBUG server.GrpcLogAppender (GrpcLogAppender.java:onNext(257)) - omNode-1@group-523986131536->omNode-3-AppendLogResponseHandler: received a reply omNode-1<-omNode-3#138:OK,SUCCESS,nextIndex:114,term:1,followerCommit:111, request=AppendEntriesRequest:cid=138,entriesCount=1,lastEntry=(t:1, i:113)
2020-07-01 01:06:01,215 [grpc-default-executor-6] DEBUG impl.RaftServerImpl (RaftServerImpl.java:logAppendEntries(928)) - omNode-3@group-523986131536: receive appendEntries(omNode-1, 1, (t:1, i:113), 113, false, commits[omNode-1:c113, omNode-3:c111, omNode-2:c43], entries: (t:1, i:114), METADATAENTRY(c:113)
2020-07-01 01:06:01,215 [grpc-default-executor-6] INFO  ratis.OzoneManagerStateMachine (OzoneManagerStateMachine.java:getLatestSnapshot(147)) - Latest Snapshot Info 1#99
2020-07-01 01:06:01,215 [grpc-default-executor-6] INFO  ratis.OzoneManagerStateMachine (OzoneManagerStateMachine.java:getLatestSnapshot(147)) - Latest Snapshot Info 1#99
2020-07-01 01:06:01,217 [grpc-default-executor-6] WARN  server.GrpcLogAppender (LogUtils.java:warn(122)) - omNode-1@group-523986131536->omNode-2-AppendLogResponseHandler: Failed appendEntries: org.apache.ratis.thirdparty.io.grpc.StatusRuntimeException: UNAVAILABLE: io exception
2020-07-01 01:06:01,217 [grpc-default-executor-6] INFO  impl.FollowerInfo (FollowerInfo.java:lambda$new$0(51)) - omNode-1@group-523986131536->omNode-2: nextIndex: updateUnconditionally 114 -> 45
2020-07-01 01:06:01,221 [Thread-4928] DEBUG impl.RaftServerImpl (RaftServerImpl.java:logAppendEntries(928)) - omNode-3@group-523986131536: succeeded to handle AppendEntries. Reply: omNode-1<-omNode-3#139:OK,SUCCESS,nextIndex:115,term:1,followerCommit:113
2020-07-01 01:06:01,221 [grpc-default-executor-6] WARN  server.GrpcLogAppender (LogUtils.java:warn(122)) - omNode-1@group-523986131536->omNode-2-AppendLogResponseHandler: Failed appendEntries: org.apache.ratis.thirdparty.io.grpc.StatusRuntimeException: UNAVAILABLE: io exception
2020-07-01 01:06:01,221 [grpc-default-executor-6] INFO  impl.FollowerInfo (FollowerInfo.java:lambda$new$0(51)) - omNode-1@group-523986131536->omNode-2: nextIndex: updateUnconditionally 115 -> 45
2020-07-01 01:06:01,222 [grpc-default-executor-6] DEBUG server.GrpcLogAppender (GrpcLogAppender.java:onNext(257)) - omNode-1@group-523986131536->omNode-3-AppendLogResponseHandler: received a reply omNode-1<-omNode-3#139:OK,SUCCESS,nextIndex:115,term:1,followerCommit:113, request=AppendEntriesRequest:cid=139,entriesCount=1,lastEntry=(t:1, i:114)
2020-07-01 01:06:01,224 [grpc-default-executor-7] WARN  server.GrpcLogAppender (LogUtils.java:warn(122)) - omNode-1@group-523986131536->omNode-2-AppendLogResponseHandler: Failed appendEntries: org.apache.ratis.thirdparty.io.grpc.StatusRuntimeException: UNAVAILABLE: io exception
2020-07-01 01:06:01,224 [grpc-default-executor-7] INFO  impl.FollowerInfo (FollowerInfo.java:lambda$new$0(51)) - omNode-1@group-523986131536->omNode-2: nextIndex: updateUnconditionally 115 -> 45
2020-07-01 01:06:01,231 [IPC Server handler 1 on default port 11860] DEBUG impl.RaftServerImpl (RaftServerImpl.java:submitClientRequestAsync(575)) - omNode-1@group-523986131536: receive client request(RaftClientRequest:client-6E5155DBE9B8->omNode-1@group-523986131536, cid=379, seq=0, RW, Message:082412001a13636c6965...(size=360))
2020-07-01 01:06:01,231 [IPC Server handler 1 on default port 11860] DEBUG impl.RaftServerImpl (LeaderState.java:addPendingRequest(335)) - omNode-1@group-523986131536-LeaderState: addPendingRequest at RaftClientRequest:client-6E5155DBE9B8->omNode-1@group-523986131536, cid=379, seq=0, RW, Message:082412001a13636c6965...(size=360), entry=(t:1, i:115), STATEMACHINELOGENTRY, client-6E5155DBE9B8, cid=379
2020-07-01 01:06:01,232 [grpc-default-executor-7] DEBUG impl.RaftServerImpl (RaftServerImpl.java:logAppendEntries(928)) - omNode-3@group-523986131536: receive appendEntries(omNode-1, 1, (t:1, i:114), 114, false, commits[omNode-1:c114, omNode-3:c113, omNode-2:c43], entries: (t:1, i:115), STATEMACHINELOGENTRY, client-6E5155DBE9B8, cid=379
2020-07-01 01:06:01,232 [grpc-default-executor-7] INFO  ratis.OzoneManagerStateMachine (OzoneManagerStateMachine.java:getLatestSnapshot(147)) - Latest Snapshot Info 1#99
2020-07-01 01:06:01,232 [grpc-default-executor-7] INFO  ratis.OzoneManagerStateMachine (OzoneManagerStateMachine.java:getLatestSnapshot(147)) - Latest Snapshot Info 1#99
2020-07-01 01:06:01,234 [grpc-default-executor-1] WARN  server.GrpcLogAppender (LogUtils.java:warn(122)) - omNode-1@group-523986131536->omNode-2-AppendLogResponseHandler: Failed appendEntries: org.apache.ratis.thirdparty.io.grpc.StatusRuntimeException: UNAVAILABLE: io exception
2020-07-01 01:06:01,234 [grpc-default-executor-1] INFO  impl.FollowerInfo (FollowerInfo.java:lambda$new$0(51)) - omNode-1@group-523986131536->omNode-2: nextIndex: updateUnconditionally 116 -> 45
2020-07-01 01:06:01,237 [Thread-4929] DEBUG impl.RaftServerImpl (RaftServerImpl.java:logAppendEntries(928)) - omNode-3@group-523986131536: succeeded to handle AppendEntries. Reply: omNode-1<-omNode-3#140:OK,SUCCESS,nextIndex:116,term:1,followerCommit:114
2020-07-01 01:06:01,237 [grpc-default-executor-1] DEBUG server.GrpcLogAppender (GrpcLogAppender.java:onNext(257)) - omNode-1@group-523986131536->omNode-3-AppendLogResponseHandler: received a reply omNode-1<-omNode-3#140:OK,SUCCESS,nextIndex:116,term:1,followerCommit:114, request=AppendEntriesRequest:cid=140,entriesCount=1,lastEntry=(t:1, i:115)
2020-07-01 01:06:01,239 [grpc-default-executor-1] DEBUG impl.RaftServerImpl (RaftServerImpl.java:logAppendEntries(928)) - omNode-3@group-523986131536: receive appendEntries(omNode-1, 1, (t:1, i:115), 115, false, commits[omNode-1:c115, omNode-3:c114, omNode-2:c43], entries: (t:1, i:116), METADATAENTRY(c:115)
2020-07-01 01:06:01,239 [grpc-default-executor-1] INFO  ratis.OzoneManagerStateMachine (OzoneManagerStateMachine.java:getLatestSnapshot(147)) - Latest Snapshot Info 1#99
2020-07-01 01:06:01,239 [grpc-default-executor-1] INFO  ratis.OzoneManagerStateMachine (OzoneManagerStateMachine.java:getLatestSnapshot(147)) - Latest Snapshot Info 1#99
2020-07-01 01:06:01,240 [IPC Server handler 3 on default port 11860] DEBUG impl.RaftServerImpl (RaftServerImpl.java:submitClientRequestAsync(575)) - omNode-1@group-523986131536: receive client request(RaftClientRequest:client-6E5155DBE9B8->omNode-1@group-523986131536, cid=380, seq=0, RW, Message:081f12001a13636c6965...(size=409))
2020-07-01 01:06:01,240 [IPC Server handler 3 on default port 11860] DEBUG impl.RaftServerImpl (LeaderState.java:addPendingRequest(335)) - omNode-1@group-523986131536-LeaderState: addPendingRequest at RaftClientRequest:client-6E5155DBE9B8->omNode-1@group-523986131536, cid=380, seq=0, RW, Message:081f12001a13636c6965...(size=409), entry=(t:1, i:117), STATEMACHINELOGENTRY, client-6E5155DBE9B8, cid=380
2020-07-01 01:06:01,241 [grpc-default-executor-6] WARN  server.GrpcLogAppender (LogUtils.java:warn(122)) - omNode-1@group-523986131536->omNode-2-AppendLogResponseHandler: Failed appendEntries: org.apache.ratis.thirdparty.io.grpc.StatusRuntimeException: UNAVAILABLE: io exception
2020-07-01 01:06:01,241 [grpc-default-executor-6] INFO  impl.FollowerInfo (FollowerInfo.java:lambda$new$0(51)) - omNode-1@group-523986131536->omNode-2: nextIndex: updateUnconditionally 117 -> 45
2020-07-01 01:06:01,241 [grpc-default-executor-7] DEBUG impl.RaftServerImpl (RaftServerImpl.java:logAppendEntries(928)) - omNode-3@group-523986131536: receive appendEntries(omNode-1, 1, (t:1, i:116), 115, false, commits[omNode-1:c115, omNode-3:c114, omNode-2:c43], entries: (t:1, i:117), STATEMACHINELOGENTRY, client-6E5155DBE9B8, cid=380
2020-07-01 01:06:01,242 [grpc-default-executor-7] INFO  ratis.OzoneManagerStateMachine (OzoneManagerStateMachine.java:getLatestSnapshot(147)) - Latest Snapshot Info 1#99
2020-07-01 01:06:01,242 [grpc-default-executor-7] INFO  ratis.OzoneManagerStateMachine (OzoneManagerStateMachine.java:getLatestSnapshot(147)) - Latest Snapshot Info 1#99
2020-07-01 01:06:01,242 [Thread-4930] DEBUG impl.RaftServerImpl (RaftServerImpl.java:logAppendEntries(928)) - omNode-3@group-523986131536: succeeded to handle AppendEntries. Reply: omNode-1<-omNode-3#141:OK,SUCCESS,nextIndex:117,term:1,followerCommit:115
2020-07-01 01:06:01,242 [grpc-default-executor-7] DEBUG server.GrpcLogAppender (GrpcLogAppender.java:onNext(257)) - omNode-1@group-523986131536->omNode-3-AppendLogResponseHandler: received a reply omNode-1<-omNode-3#141:OK,SUCCESS,nextIndex:117,term:1,followerCommit:115, request=AppendEntriesRequest:cid=141,entriesCount=1,lastEntry=(t:1, i:116)
2020-07-01 01:06:01,244 [Thread-4931] DEBUG impl.RaftServerImpl (RaftServerImpl.java:logAppendEntries(928)) - omNode-3@group-523986131536: succeeded to handle AppendEntries. Reply: omNode-1<-omNode-3#142:OK,SUCCESS,nextIndex:118,term:1,followerCommit:115
2020-07-01 01:06:01,244 [grpc-default-executor-6] WARN  server.GrpcLogAppender (LogUtils.java:warn(122)) - omNode-1@group-523986131536->omNode-2-AppendLogResponseHandler: Failed appendEntries: org.apache.ratis.thirdparty.io.grpc.StatusRuntimeException: UNAVAILABLE: io exception
2020-07-01 01:06:01,244 [grpc-default-executor-6] INFO  impl.FollowerInfo (FollowerInfo.java:lambda$new$0(51)) - omNode-1@group-523986131536->omNode-2: nextIndex: updateUnconditionally 118 -> 45
2020-07-01 01:06:01,245 [grpc-default-executor-7] DEBUG server.GrpcLogAppender (GrpcLogAppender.java:onNext(257)) - omNode-1@group-523986131536->omNode-3-AppendLogResponseHandler: received a reply omNode-1<-omNode-3#142:OK,SUCCESS,nextIndex:118,term:1,followerCommit:115, request=AppendEntriesRequest:cid=142,entriesCount=1,lastEntry=(t:1, i:117)
2020-07-01 01:06:01,247 [grpc-default-executor-1] WARN  server.GrpcLogAppender (LogUtils.java:warn(122)) - omNode-1@group-523986131536->omNode-2-AppendLogResponseHandler: Failed appendEntries: org.apache.ratis.thirdparty.io.grpc.StatusRuntimeException: UNAVAILABLE: io exception
2020-07-01 01:06:01,247 [grpc-default-executor-1] INFO  impl.FollowerInfo (FollowerInfo.java:lambda$new$0(51)) - omNode-1@group-523986131536->omNode-2: nextIndex: updateUnconditionally 119 -> 45
2020-07-01 01:06:01,247 [grpc-default-executor-7] DEBUG impl.RaftServerImpl (RaftServerImpl.java:logAppendEntries(928)) - omNode-3@group-523986131536: receive appendEntries(omNode-1, 1, (t:1, i:117), 117, false, commits[omNode-1:c117, omNode-3:c115, omNode-2:c43], entries: (t:1, i:118), METADATAENTRY(c:117)
2020-07-01 01:06:01,247 [grpc-default-executor-7] INFO  ratis.OzoneManagerStateMachine (OzoneManagerStateMachine.java:getLatestSnapshot(147)) - Latest Snapshot Info 1#99
2020-07-01 01:06:01,248 [grpc-default-executor-7] INFO  ratis.OzoneManagerStateMachine (OzoneManagerStateMachine.java:getLatestSnapshot(147)) - Latest Snapshot Info 1#99
2020-07-01 01:06:01,249 [Thread-4932] DEBUG impl.RaftServerImpl (RaftServerImpl.java:logAppendEntries(928)) - omNode-3@group-523986131536: succeeded to handle AppendEntries. Reply: omNode-1<-omNode-3#143:OK,SUCCESS,nextIndex:119,term:1,followerCommit:117
2020-07-01 01:06:01,249 [grpc-default-executor-7] DEBUG server.GrpcLogAppender (GrpcLogAppender.java:onNext(257)) - omNode-1@group-523986131536->omNode-3-AppendLogResponseHandler: received a reply omNode-1<-omNode-3#143:OK,SUCCESS,nextIndex:119,term:1,followerCommit:117, request=AppendEntriesRequest:cid=143,entriesCount=1,lastEntry=(t:1, i:118)
2020-07-01 01:06:01,251 [IPC Server handler 0 on default port 11860] DEBUG impl.RaftServerImpl (RaftServerImpl.java:submitClientRequestAsync(575)) - omNode-1@group-523986131536: receive client request(RaftClientRequest:client-6E5155DBE9B8->omNode-1@group-523986131536, cid=381, seq=0, RW, Message:082412001a13636c6965...(size=360))
2020-07-01 01:06:01,252 [IPC Server handler 0 on default port 11860] DEBUG impl.RaftServerImpl (LeaderState.java:addPendingRequest(335)) - omNode-1@group-523986131536-LeaderState: addPendingRequest at RaftClientRequest:client-6E5155DBE9B8->omNode-1@group-523986131536, cid=381, seq=0, RW, Message:082412001a13636c6965...(size=360), entry=(t:1, i:119), STATEMACHINELOGENTRY, client-6E5155DBE9B8, cid=381
2020-07-01 01:06:01,252 [grpc-default-executor-6] WARN  server.GrpcLogAppender (LogUtils.java:warn(122)) - omNode-1@group-523986131536->omNode-2-AppendLogResponseHandler: Failed appendEntries: org.apache.ratis.thirdparty.io.grpc.StatusRuntimeException: UNAVAILABLE: io exception
2020-07-01 01:06:01,252 [grpc-default-executor-7] DEBUG impl.RaftServerImpl (RaftServerImpl.java:logAppendEntries(928)) - omNode-3@group-523986131536: receive appendEntries(omNode-1, 1, (t:1, i:118), 118, false, commits[omNode-1:c118, omNode-3:c117, omNode-2:c43], entries: (t:1, i:119), STATEMACHINELOGENTRY, client-6E5155DBE9B8, cid=381
2020-07-01 01:06:01,252 [grpc-default-executor-6] INFO  impl.FollowerInfo (FollowerInfo.java:lambda$new$0(51)) - omNode-1@group-523986131536->omNode-2: nextIndex: updateUnconditionally 119 -> 45
2020-07-01 01:06:01,252 [grpc-default-executor-7] INFO  ratis.OzoneManagerStateMachine (OzoneManagerStateMachine.java:getLatestSnapshot(147)) - Latest Snapshot Info 1#99
2020-07-01 01:06:01,253 [grpc-default-executor-7] INFO  ratis.OzoneManagerStateMachine (OzoneManagerStateMachine.java:getLatestSnapshot(147)) - Latest Snapshot Info 1#99
2020-07-01 01:06:01,253 [Thread-4933] DEBUG impl.RaftServerImpl (RaftServerImpl.java:logAppendEntries(928)) - omNode-3@group-523986131536: succeeded to handle AppendEntries. Reply: omNode-1<-omNode-3#144:OK,SUCCESS,nextIndex:120,term:1,followerCommit:118
2020-07-01 01:06:01,253 [grpc-default-executor-7] DEBUG server.GrpcLogAppender (GrpcLogAppender.java:onNext(257)) - omNode-1@group-523986131536->omNode-3-AppendLogResponseHandler: received a reply omNode-1<-omNode-3#144:OK,SUCCESS,nextIndex:120,term:1,followerCommit:118, request=AppendEntriesRequest:cid=144,entriesCount=1,lastEntry=(t:1, i:119)
2020-07-01 01:06:01,256 [IPC Server handler 5 on default port 11860] DEBUG impl.RaftServerImpl (RaftServerImpl.java:submitClientRequestAsync(575)) - omNode-1@group-523986131536: receive client request(RaftClientRequest:client-6E5155DBE9B8->omNode-1@group-523986131536, cid=382, seq=0, RW, Message:081f12001a13636c6965...(size=409))
2020-07-01 01:06:01,257 [IPC Server handler 5 on default port 11860] DEBUG impl.RaftServerImpl (LeaderState.java:addPendingRequest(335)) - omNode-1@group-523986131536-LeaderState: addPendingRequest at RaftClientRequest:client-6E5155DBE9B8->omNode-1@group-523986131536, cid=382, seq=0, RW, Message:081f12001a13636c6965...(size=409), entry=(t:1, i:121), STATEMACHINELOGENTRY, client-6E5155DBE9B8, cid=382
2020-07-01 01:06:01,257 [grpc-default-executor-6] DEBUG impl.RaftServerImpl (RaftServerImpl.java:logAppendEntries(928)) - omNode-3@group-523986131536: receive appendEntries(omNode-1, 1, (t:1, i:119), 119, false, commits[omNode-1:c119, omNode-3:c118, omNode-2:c43], entries: (t:1, i:120), METADATAENTRY(c:119)
2020-07-01 01:06:01,257 [grpc-default-executor-6] INFO  ratis.OzoneManagerStateMachine (OzoneManagerStateMachine.java:getLatestSnapshot(147)) - Latest Snapshot Info 1#99
2020-07-01 01:06:01,257 [grpc-default-executor-6] INFO  ratis.OzoneManagerStateMachine (OzoneManagerStateMachine.java:getLatestSnapshot(147)) - Latest Snapshot Info 1#99
2020-07-01 01:06:01,257 [grpc-default-executor-7] WARN  server.GrpcLogAppender (LogUtils.java:warn(122)) - omNode-1@group-523986131536->omNode-2-AppendLogResponseHandler: Failed appendEntries: org.apache.ratis.thirdparty.io.grpc.StatusRuntimeException: UNAVAILABLE: io exception
2020-07-01 01:06:01,257 [grpc-default-executor-6] DEBUG impl.RaftServerImpl (RaftServerImpl.java:logAppendEntries(928)) - omNode-3@group-523986131536: receive appendEntries(omNode-1, 1, (t:1, i:120), 119, false, commits[omNode-1:c119, omNode-3:c118, omNode-2:c43], entries: (t:1, i:121), STATEMACHINELOGENTRY, client-6E5155DBE9B8, cid=382
2020-07-01 01:06:01,258 [grpc-default-executor-6] INFO  ratis.OzoneManagerStateMachine (OzoneManagerStateMachine.java:getLatestSnapshot(147)) - Latest Snapshot Info 1#99
2020-07-01 01:06:01,258 [grpc-default-executor-6] INFO  ratis.OzoneManagerStateMachine (OzoneManagerStateMachine.java:getLatestSnapshot(147)) - Latest Snapshot Info 1#99
2020-07-01 01:06:01,257 [grpc-default-executor-7] INFO  impl.FollowerInfo (FollowerInfo.java:lambda$new$0(51)) - omNode-1@group-523986131536->omNode-2: nextIndex: updateUnconditionally 121 -> 45
2020-07-01 01:06:01,259 [grpc-default-executor-6] WARN  server.GrpcLogAppender (LogUtils.java:warn(122)) - omNode-1@group-523986131536->omNode-2-AppendLogResponseHandler: Failed appendEntries: org.apache.ratis.thirdparty.io.grpc.StatusRuntimeException: UNAVAILABLE: io exception
2020-07-01 01:06:01,260 [grpc-default-executor-6] INFO  impl.FollowerInfo (FollowerInfo.java:lambda$new$0(51)) - omNode-1@group-523986131536->omNode-2: nextIndex: updateUnconditionally 122 -> 45
2020-07-01 01:06:01,260 [Thread-4935] DEBUG impl.RaftServerImpl (RaftServerImpl.java:logAppendEntries(928)) - omNode-3@group-523986131536: succeeded to handle AppendEntries. Reply: omNode-1<-omNode-3#146:OK,SUCCESS,nextIndex:122,term:1,followerCommit:119
2020-07-01 01:06:01,260 [Thread-4934] DEBUG impl.RaftServerImpl (RaftServerImpl.java:logAppendEntries(928)) - omNode-3@group-523986131536: succeeded to handle AppendEntries. Reply: omNode-1<-omNode-3#145:OK,SUCCESS,nextIndex:121,term:1,followerCommit:119
2020-07-01 01:06:01,261 [grpc-default-executor-6] DEBUG server.GrpcLogAppender (GrpcLogAppender.java:onNext(257)) - omNode-1@group-523986131536->omNode-3-AppendLogResponseHandler: received a reply omNode-1<-omNode-3#145:OK,SUCCESS,nextIndex:121,term:1,followerCommit:119, request=AppendEntriesRequest:cid=145,entriesCount=1,lastEntry=(t:1, i:120)
2020-07-01 01:06:01,262 [grpc-default-executor-6] DEBUG server.GrpcLogAppender (GrpcLogAppender.java:onNext(257)) - omNode-1@group-523986131536->omNode-3-AppendLogResponseHandler: received a reply omNode-1<-omNode-3#146:OK,SUCCESS,nextIndex:122,term:1,followerCommit:119, request=AppendEntriesRequest:cid=146,entriesCount=1,lastEntry=(t:1, i:121)
2020-07-01 01:06:01,264 [grpc-default-executor-7] DEBUG impl.RaftServerImpl (RaftServerImpl.java:logAppendEntries(928)) - omNode-3@group-523986131536: receive appendEntries(omNode-1, 1, (t:1, i:121), 121, false, commits[omNode-1:c121, omNode-3:c119, omNode-2:c43], entries: (t:1, i:122), METADATAENTRY(c:121)
2020-07-01 01:06:01,264 [grpc-default-executor-6] WARN  server.GrpcLogAppender (LogUtils.java:warn(122)) - omNode-1@group-523986131536->omNode-2-AppendLogResponseHandler: Failed appendEntries: org.apache.ratis.thirdparty.io.grpc.StatusRuntimeException: UNAVAILABLE: io exception
2020-07-01 01:06:01,264 [grpc-default-executor-6] INFO  impl.FollowerInfo (FollowerInfo.java:lambda$new$0(51)) - omNode-1@group-523986131536->omNode-2: nextIndex: updateUnconditionally 122 -> 45
2020-07-01 01:06:01,264 [grpc-default-executor-7] INFO  ratis.OzoneManagerStateMachine (OzoneManagerStateMachine.java:getLatestSnapshot(147)) - Latest Snapshot Info 1#99
2020-07-01 01:06:01,264 [grpc-default-executor-7] INFO  ratis.OzoneManagerStateMachine (OzoneManagerStateMachine.java:getLatestSnapshot(147)) - Latest Snapshot Info 1#99
2020-07-01 01:06:01,269 [Thread-4936] DEBUG impl.RaftServerImpl (RaftServerImpl.java:logAppendEntries(928)) - omNode-3@group-523986131536: succeeded to handle AppendEntries. Reply: omNode-1<-omNode-3#147:OK,SUCCESS,nextIndex:123,term:1,followerCommit:121
2020-07-01 01:06:01,269 [grpc-default-executor-1] DEBUG server.GrpcLogAppender (GrpcLogAppender.java:onNext(257)) - omNode-1@group-523986131536->omNode-3-AppendLogResponseHandler: received a reply omNode-1<-omNode-3#147:OK,SUCCESS,nextIndex:123,term:1,followerCommit:121, request=AppendEntriesRequest:cid=147,entriesCount=1,lastEntry=(t:1, i:122)
2020-07-01 01:06:01,270 [IPC Server handler 2 on default port 11860] DEBUG impl.RaftServerImpl (RaftServerImpl.java:submitClientRequestAsync(575)) - omNode-1@group-523986131536: receive client request(RaftClientRequest:client-6E5155DBE9B8->omNode-1@group-523986131536, cid=383, seq=0, RW, Message:082412001a13636c6965...(size=360))
2020-07-01 01:06:01,270 [IPC Server handler 2 on default port 11860] DEBUG impl.RaftServerImpl (LeaderState.java:addPendingRequest(335)) - omNode-1@group-523986131536-LeaderState: addPendingRequest at RaftClientRequest:client-6E5155DBE9B8->omNode-1@group-523986131536, cid=383, seq=0, RW, Message:082412001a13636c6965...(size=360), entry=(t:1, i:123), STATEMACHINELOGENTRY, client-6E5155DBE9B8, cid=383
2020-07-01 01:06:01,270 [grpc-default-executor-1] DEBUG impl.RaftServerImpl (RaftServerImpl.java:logAppendEntries(928)) - omNode-3@group-523986131536: receive appendEntries(omNode-1, 1, (t:1, i:122), 122, false, commits[omNode-1:c122, omNode-3:c121, omNode-2:c43], entries: (t:1, i:123), STATEMACHINELOGENTRY, client-6E5155DBE9B8, cid=383
2020-07-01 01:06:01,270 [grpc-default-executor-1] INFO  ratis.OzoneManagerStateMachine (OzoneManagerStateMachine.java:getLatestSnapshot(147)) - Latest Snapshot Info 1#99
2020-07-01 01:06:01,270 [grpc-default-executor-1] INFO  ratis.OzoneManagerStateMachine (OzoneManagerStateMachine.java:getLatestSnapshot(147)) - Latest Snapshot Info 1#99
2020-07-01 01:06:01,271 [grpc-default-executor-7] WARN  server.GrpcLogAppender (LogUtils.java:warn(122)) - omNode-1@group-523986131536->omNode-2-AppendLogResponseHandler: Failed appendEntries: org.apache.ratis.thirdparty.io.grpc.StatusRuntimeException: UNAVAILABLE: io exception
2020-07-01 01:06:01,272 [grpc-default-executor-7] INFO  impl.FollowerInfo (FollowerInfo.java:lambda$new$0(51)) - omNode-1@group-523986131536->omNode-2: nextIndex: updateUnconditionally 123 -> 45
2020-07-01 01:06:01,281 [Thread-4937] DEBUG impl.RaftServerImpl (RaftServerImpl.java:logAppendEntries(928)) - omNode-3@group-523986131536: succeeded to handle AppendEntries. Reply: omNode-1<-omNode-3#148:OK,SUCCESS,nextIndex:124,term:1,followerCommit:122
2020-07-01 01:06:01,281 [grpc-default-executor-7] DEBUG server.GrpcLogAppender (GrpcLogAppender.java:onNext(257)) - omNode-1@group-523986131536->omNode-3-AppendLogResponseHandler: received a reply omNode-1<-omNode-3#148:OK,SUCCESS,nextIndex:124,term:1,followerCommit:122, request=AppendEntriesRequest:cid=148,entriesCount=1,lastEntry=(t:1, i:123)
2020-07-01 01:06:01,285 [IPC Server handler 4 on default port 11860] DEBUG impl.RaftServerImpl (RaftServerImpl.java:submitClientRequestAsync(575)) - omNode-1@group-523986131536: receive client request(RaftClientRequest:client-6E5155DBE9B8->omNode-1@group-523986131536, cid=384, seq=0, RW, Message:081f12001a13636c6965...(size=409))
2020-07-01 01:06:01,285 [IPC Server handler 4 on default port 11860] DEBUG impl.RaftServerImpl (LeaderState.java:addPendingRequest(335)) - omNode-1@group-523986131536-LeaderState: addPendingRequest at RaftClientRequest:client-6E5155DBE9B8->omNode-1@group-523986131536, cid=384, seq=0, RW, Message:081f12001a13636c6965...(size=409), entry=(t:1, i:125), STATEMACHINELOGENTRY, client-6E5155DBE9B8, cid=384
2020-07-01 01:06:01,286 [grpc-default-executor-6] WARN  server.GrpcLogAppender (LogUtils.java:warn(122)) - omNode-1@group-523986131536->omNode-2-AppendLogResponseHandler: Failed appendEntries: org.apache.ratis.thirdparty.io.grpc.StatusRuntimeException: UNAVAILABLE: io exception
2020-07-01 01:06:01,286 [grpc-default-executor-6] INFO  impl.FollowerInfo (FollowerInfo.java:lambda$new$0(51)) - omNode-1@group-523986131536->omNode-2: nextIndex: updateUnconditionally 125 -> 45
2020-07-01 01:06:01,288 [grpc-default-executor-1] WARN  server.GrpcLogAppender (LogUtils.java:warn(122)) - omNode-1@group-523986131536->omNode-2-AppendLogResponseHandler: Failed appendEntries: org.apache.ratis.thirdparty.io.grpc.StatusRuntimeException: UNAVAILABLE: io exception
2020-07-01 01:06:01,288 [grpc-default-executor-1] INFO  impl.FollowerInfo (FollowerInfo.java:lambda$new$0(51)) - omNode-1@group-523986131536->omNode-2: nextIndex: updateUnconditionally 126 -> 45
2020-07-01 01:06:01,288 [grpc-default-executor-7] DEBUG impl.RaftServerImpl (RaftServerImpl.java:logAppendEntries(928)) - omNode-3@group-523986131536: receive appendEntries(omNode-1, 1, (t:1, i:123), 123, false, commits[omNode-1:c123, omNode-3:c122, omNode-2:c43], entries: (t:1, i:124), METADATAENTRY(c:123)
2020-07-01 01:06:01,288 [grpc-default-executor-7] INFO  ratis.OzoneManagerStateMachine (OzoneManagerStateMachine.java:getLatestSnapshot(147)) - Latest Snapshot Info 1#99
2020-07-01 01:06:01,289 [grpc-default-executor-7] INFO  ratis.OzoneManagerStateMachine (OzoneManagerStateMachine.java:getLatestSnapshot(147)) - Latest Snapshot Info 1#99
2020-07-01 01:06:01,289 [grpc-default-executor-7] DEBUG impl.RaftServerImpl (RaftServerImpl.java:logAppendEntries(928)) - omNode-3@group-523986131536: receive appendEntries(omNode-1, 1, (t:1, i:124), 123, false, commits[omNode-1:c123, omNode-3:c122, omNode-2:c43], entries: (t:1, i:125), STATEMACHINELOGENTRY, client-6E5155DBE9B8, cid=384
2020-07-01 01:06:01,289 [grpc-default-executor-7] INFO  ratis.OzoneManagerStateMachine (OzoneManagerStateMachine.java:getLatestSnapshot(147)) - Latest Snapshot Info 1#99
2020-07-01 01:06:01,289 [grpc-default-executor-7] INFO  ratis.OzoneManagerStateMachine (OzoneManagerStateMachine.java:getLatestSnapshot(147)) - Latest Snapshot Info 1#99
2020-07-01 01:06:01,291 [Thread-4938] DEBUG impl.RaftServerImpl (RaftServerImpl.java:logAppendEntries(928)) - omNode-3@group-523986131536: succeeded to handle AppendEntries. Reply: omNode-1<-omNode-3#149:OK,SUCCESS,nextIndex:125,term:1,followerCommit:123
2020-07-01 01:06:01,291 [grpc-default-executor-7] DEBUG server.GrpcLogAppender (GrpcLogAppender.java:onNext(257)) - omNode-1@group-523986131536->omNode-3-AppendLogResponseHandler: received a reply omNode-1<-omNode-3#149:OK,SUCCESS,nextIndex:125,term:1,followerCommit:123, request=AppendEntriesRequest:cid=149,entriesCount=1,lastEntry=(t:1, i:124)
2020-07-01 01:06:01,293 [grpc-default-executor-1] WARN  server.GrpcLogAppender (LogUtils.java:warn(122)) - omNode-1@group-523986131536->omNode-2-AppendLogResponseHandler: Failed appendEntries: org.apache.ratis.thirdparty.io.grpc.StatusRuntimeException: UNAVAILABLE: io exception
2020-07-01 01:06:01,293 [grpc-default-executor-1] INFO  impl.FollowerInfo (FollowerInfo.java:lambda$new$0(51)) - omNode-1@group-523986131536->omNode-2: nextIndex: updateUnconditionally 126 -> 45
2020-07-01 01:06:01,294 [Thread-4939] DEBUG impl.RaftServerImpl (RaftServerImpl.java:logAppendEntries(928)) - omNode-3@group-523986131536: succeeded to handle AppendEntries. Reply: omNode-1<-omNode-3#150:OK,SUCCESS,nextIndex:126,term:1,followerCommit:123
2020-07-01 01:06:01,294 [grpc-default-executor-1] DEBUG server.GrpcLogAppender (GrpcLogAppender.java:onNext(257)) - omNode-1@group-523986131536->omNode-3-AppendLogResponseHandler: received a reply omNode-1<-omNode-3#150:OK,SUCCESS,nextIndex:126,term:1,followerCommit:123, request=AppendEntriesRequest:cid=150,entriesCount=1,lastEntry=(t:1, i:125)
2020-07-01 01:06:01,297 [grpc-default-executor-7] DEBUG impl.RaftServerImpl (RaftServerImpl.java:logAppendEntries(928)) - omNode-3@group-523986131536: receive appendEntries(omNode-1, 1, (t:1, i:125), 125, false, commits[omNode-1:c125, omNode-3:c123, omNode-2:c43], entries: (t:1, i:126), METADATAENTRY(c:125)
2020-07-01 01:06:01,297 [grpc-default-executor-7] INFO  ratis.OzoneManagerStateMachine (OzoneManagerStateMachine.java:getLatestSnapshot(147)) - Latest Snapshot Info 1#99
2020-07-01 01:06:01,297 [grpc-default-executor-7] INFO  ratis.OzoneManagerStateMachine (OzoneManagerStateMachine.java:getLatestSnapshot(147)) - Latest Snapshot Info 1#99
2020-07-01 01:06:01,300 [grpc-default-executor-6] WARN  server.GrpcLogAppender (LogUtils.java:warn(122)) - omNode-1@group-523986131536->omNode-2-AppendLogResponseHandler: Failed appendEntries: org.apache.ratis.thirdparty.io.grpc.StatusRuntimeException: UNAVAILABLE: io exception
2020-07-01 01:06:01,300 [grpc-default-executor-6] INFO  impl.FollowerInfo (FollowerInfo.java:lambda$new$0(51)) - omNode-1@group-523986131536->omNode-2: nextIndex: updateUnconditionally 127 -> 45
2020-07-01 01:06:01,301 [Thread-4940] DEBUG impl.RaftServerImpl (RaftServerImpl.java:logAppendEntries(928)) - omNode-3@group-523986131536: succeeded to handle AppendEntries. Reply: omNode-1<-omNode-3#151:OK,SUCCESS,nextIndex:127,term:1,followerCommit:125
2020-07-01 01:06:01,302 [grpc-default-executor-7] DEBUG server.GrpcLogAppender (GrpcLogAppender.java:onNext(257)) - omNode-1@group-523986131536->omNode-3-AppendLogResponseHandler: received a reply omNode-1<-omNode-3#151:OK,SUCCESS,nextIndex:127,term:1,followerCommit:125, request=AppendEntriesRequest:cid=151,entriesCount=1,lastEntry=(t:1, i:126)
2020-07-01 01:06:01,304 [IPC Server handler 6 on default port 11860] DEBUG impl.RaftServerImpl (RaftServerImpl.java:submitClientRequestAsync(575)) - omNode-1@group-523986131536: receive client request(RaftClientRequest:client-6E5155DBE9B8->omNode-1@group-523986131536, cid=385, seq=0, RW, Message:082412001a13636c6965...(size=360))
2020-07-01 01:06:01,304 [IPC Server handler 6 on default port 11860] DEBUG impl.RaftServerImpl (LeaderState.java:addPendingRequest(335)) - omNode-1@group-523986131536-LeaderState: addPendingRequest at RaftClientRequest:client-6E5155DBE9B8->omNode-1@group-523986131536, cid=385, seq=0, RW, Message:082412001a13636c6965...(size=360), entry=(t:1, i:127), STATEMACHINELOGENTRY, client-6E5155DBE9B8, cid=385
2020-07-01 01:06:01,305 [grpc-default-executor-7] WARN  server.GrpcLogAppender (LogUtils.java:warn(122)) - omNode-1@group-523986131536->omNode-2-AppendLogResponseHandler: Failed appendEntries: org.apache.ratis.thirdparty.io.grpc.StatusRuntimeException: UNAVAILABLE: io exception
2020-07-01 01:06:01,305 [grpc-default-executor-1] DEBUG impl.RaftServerImpl (RaftServerImpl.java:logAppendEntries(928)) - omNode-3@group-523986131536: receive appendEntries(omNode-1, 1, (t:1, i:126), 126, false, commits[omNode-1:c126, omNode-3:c125, omNode-2:c43], entries: (t:1, i:127), STATEMACHINELOGENTRY, client-6E5155DBE9B8, cid=385
2020-07-01 01:06:01,305 [grpc-default-executor-1] INFO  ratis.OzoneManagerStateMachine (OzoneManagerStateMachine.java:getLatestSnapshot(147)) - Latest Snapshot Info 1#99
2020-07-01 01:06:01,305 [grpc-default-executor-1] INFO  ratis.OzoneManagerStateMachine (OzoneManagerStateMachine.java:getLatestSnapshot(147)) - Latest Snapshot Info 1#99
2020-07-01 01:06:01,305 [grpc-default-executor-7] INFO  impl.FollowerInfo (FollowerInfo.java:lambda$new$0(51)) - omNode-1@group-523986131536->omNode-2: nextIndex: updateUnconditionally 127 -> 45
2020-07-01 01:06:01,306 [Thread-4941] DEBUG impl.RaftServerImpl (RaftServerImpl.java:logAppendEntries(928)) - omNode-3@group-523986131536: succeeded to handle AppendEntries. Reply: omNode-1<-omNode-3#152:OK,SUCCESS,nextIndex:128,term:1,followerCommit:126
2020-07-01 01:06:01,306 [grpc-default-executor-7] DEBUG server.GrpcLogAppender (GrpcLogAppender.java:onNext(257)) - omNode-1@group-523986131536->omNode-3-AppendLogResponseHandler: received a reply omNode-1<-omNode-3#152:OK,SUCCESS,nextIndex:128,term:1,followerCommit:126, request=AppendEntriesRequest:cid=152,entriesCount=1,lastEntry=(t:1, i:127)
2020-07-01 01:06:01,312 [IPC Server handler 7 on default port 11860] DEBUG impl.RaftServerImpl (RaftServerImpl.java:submitClientRequestAsync(575)) - omNode-1@group-523986131536: receive client request(RaftClientRequest:client-6E5155DBE9B8->omNode-1@group-523986131536, cid=386, seq=0, RW, Message:081f12001a13636c6965...(size=409))
2020-07-01 01:06:01,312 [grpc-default-executor-1] DEBUG impl.RaftServerImpl (RaftServerImpl.java:logAppendEntries(928)) - omNode-3@group-523986131536: receive appendEntries(omNode-1, 1, (t:1, i:127), 127, false, commits[omNode-1:c127, omNode-3:c126, omNode-2:c43], entries: (t:1, i:128), METADATAENTRY(c:127)
2020-07-01 01:06:01,313 [grpc-default-executor-1] INFO  ratis.OzoneManagerStateMachine (OzoneManagerStateMachine.java:getLatestSnapshot(147)) - Latest Snapshot Info 1#99
2020-07-01 01:06:01,313 [grpc-default-executor-1] INFO  ratis.OzoneManagerStateMachine (OzoneManagerStateMachine.java:getLatestSnapshot(147)) - Latest Snapshot Info 1#99
2020-07-01 01:06:01,313 [IPC Server handler 7 on default port 11860] DEBUG impl.RaftServerImpl (LeaderState.java:addPendingRequest(335)) - omNode-1@group-523986131536-LeaderState: addPendingRequest at RaftClientRequest:client-6E5155DBE9B8->omNode-1@group-523986131536, cid=386, seq=0, RW, Message:081f12001a13636c6965...(size=409), entry=(t:1, i:129), STATEMACHINELOGENTRY, client-6E5155DBE9B8, cid=386
2020-07-01 01:06:01,314 [grpc-default-executor-1] WARN  server.GrpcLogAppender (LogUtils.java:warn(122)) - omNode-1@group-523986131536->omNode-2-AppendLogResponseHandler: Failed appendEntries: org.apache.ratis.thirdparty.io.grpc.StatusRuntimeException: UNAVAILABLE: io exception
2020-07-01 01:06:01,314 [grpc-default-executor-1] INFO  impl.FollowerInfo (FollowerInfo.java:lambda$new$0(51)) - omNode-1@group-523986131536->omNode-2: nextIndex: updateUnconditionally 129 -> 45
2020-07-01 01:06:01,314 [grpc-default-executor-1] DEBUG impl.RaftServerImpl (RaftServerImpl.java:logAppendEntries(928)) - omNode-3@group-523986131536: receive appendEntries(omNode-1, 1, (t:1, i:128), 127, false, commits[omNode-1:c127, omNode-3:c126, omNode-2:c43], entries: (t:1, i:129), STATEMACHINELOGENTRY, client-6E5155DBE9B8, cid=386
2020-07-01 01:06:01,314 [grpc-default-executor-1] INFO  ratis.OzoneManagerStateMachine (OzoneManagerStateMachine.java:getLatestSnapshot(147)) - Latest Snapshot Info 1#99
2020-07-01 01:06:01,315 [grpc-default-executor-1] INFO  ratis.OzoneManagerStateMachine (OzoneManagerStateMachine.java:getLatestSnapshot(147)) - Latest Snapshot Info 1#99
2020-07-01 01:06:01,316 [grpc-default-executor-7] WARN  server.GrpcLogAppender (LogUtils.java:warn(122)) - omNode-1@group-523986131536->omNode-2-AppendLogResponseHandler: Failed appendEntries: org.apache.ratis.thirdparty.io.grpc.StatusRuntimeException: UNAVAILABLE: io exception
2020-07-01 01:06:01,316 [grpc-default-executor-7] INFO  impl.FollowerInfo (FollowerInfo.java:lambda$new$0(51)) - omNode-1@group-523986131536->omNode-2: nextIndex: updateUnconditionally 130 -> 45
2020-07-01 01:06:01,324 [Thread-4942] DEBUG impl.RaftServerImpl (RaftServerImpl.java:logAppendEntries(928)) - omNode-3@group-523986131536: succeeded to handle AppendEntries. Reply: omNode-1<-omNode-3#153:OK,SUCCESS,nextIndex:129,term:1,followerCommit:127
2020-07-01 01:06:01,324 [Thread-4943] DEBUG impl.RaftServerImpl (RaftServerImpl.java:logAppendEntries(928)) - omNode-3@group-523986131536: succeeded to handle AppendEntries. Reply: omNode-1<-omNode-3#154:OK,SUCCESS,nextIndex:130,term:1,followerCommit:127
2020-07-01 01:06:01,325 [grpc-default-executor-7] DEBUG server.GrpcLogAppender (GrpcLogAppender.java:onNext(257)) - omNode-1@group-523986131536->omNode-3-AppendLogResponseHandler: received a reply omNode-1<-omNode-3#153:OK,SUCCESS,nextIndex:129,term:1,followerCommit:127, request=AppendEntriesRequest:cid=153,entriesCount=1,lastEntry=(t:1, i:128)
2020-07-01 01:06:01,325 [grpc-default-executor-7] DEBUG server.GrpcLogAppender (GrpcLogAppender.java:onNext(257)) - omNode-1@group-523986131536->omNode-3-AppendLogResponseHandler: received a reply omNode-1<-omNode-3#154:OK,SUCCESS,nextIndex:130,term:1,followerCommit:127, request=AppendEntriesRequest:cid=154,entriesCount=1,lastEntry=(t:1, i:129)
2020-07-01 01:06:01,327 [grpc-default-executor-1] WARN  server.GrpcLogAppender (LogUtils.java:warn(122)) - omNode-1@group-523986131536->omNode-2-AppendLogResponseHandler: Failed appendEntries: org.apache.ratis.thirdparty.io.grpc.StatusRuntimeException: UNAVAILABLE: io exception
2020-07-01 01:06:01,327 [grpc-default-executor-1] INFO  impl.FollowerInfo (FollowerInfo.java:lambda$new$0(51)) - omNode-1@group-523986131536->omNode-2: nextIndex: updateUnconditionally 130 -> 45
2020-07-01 01:06:01,329 [grpc-default-executor-1] DEBUG impl.RaftServerImpl (RaftServerImpl.java:logAppendEntries(928)) - omNode-3@group-523986131536: receive appendEntries(omNode-1, 1, (t:1, i:129), 129, false, commits[omNode-1:c129, omNode-3:c127, omNode-2:c43], entries: (t:1, i:130), METADATAENTRY(c:129)
2020-07-01 01:06:01,329 [grpc-default-executor-1] INFO  ratis.OzoneManagerStateMachine (OzoneManagerStateMachine.java:getLatestSnapshot(147)) - Latest Snapshot Info 1#99
2020-07-01 01:06:01,329 [grpc-default-executor-1] INFO  ratis.OzoneManagerStateMachine (OzoneManagerStateMachine.java:getLatestSnapshot(147)) - Latest Snapshot Info 1#99
2020-07-01 01:06:01,332 [Thread-4944] DEBUG impl.RaftServerImpl (RaftServerImpl.java:logAppendEntries(928)) - omNode-3@group-523986131536: succeeded to handle AppendEntries. Reply: omNode-1<-omNode-3#155:OK,SUCCESS,nextIndex:131,term:1,followerCommit:129
2020-07-01 01:06:01,332 [grpc-default-executor-1] DEBUG server.GrpcLogAppender (GrpcLogAppender.java:onNext(257)) - omNode-1@group-523986131536->omNode-3-AppendLogResponseHandler: received a reply omNode-1<-omNode-3#155:OK,SUCCESS,nextIndex:131,term:1,followerCommit:129, request=AppendEntriesRequest:cid=155,entriesCount=1,lastEntry=(t:1, i:130)
2020-07-01 01:06:01,333 [grpc-default-executor-6] WARN  server.GrpcLogAppender (LogUtils.java:warn(122)) - omNode-1@group-523986131536->omNode-2-AppendLogResponseHandler: Failed appendEntries: org.apache.ratis.thirdparty.io.grpc.StatusRuntimeException: UNAVAILABLE: io exception
2020-07-01 01:06:01,333 [grpc-default-executor-6] INFO  impl.FollowerInfo (FollowerInfo.java:lambda$new$0(51)) - omNode-1@group-523986131536->omNode-2: nextIndex: updateUnconditionally 131 -> 45
2020-07-01 01:06:01,336 [IPC Server handler 8 on default port 11860] DEBUG impl.RaftServerImpl (RaftServerImpl.java:submitClientRequestAsync(575)) - omNode-1@group-523986131536: receive client request(RaftClientRequest:client-6E5155DBE9B8->omNode-1@group-523986131536, cid=387, seq=0, RW, Message:082412001a13636c6965...(size=360))
2020-07-01 01:06:01,337 [IPC Server handler 8 on default port 11860] DEBUG impl.RaftServerImpl (LeaderState.java:addPendingRequest(335)) - omNode-1@group-523986131536-LeaderState: addPendingRequest at RaftClientRequest:client-6E5155DBE9B8->omNode-1@group-523986131536, cid=387, seq=0, RW, Message:082412001a13636c6965...(size=360), entry=(t:1, i:131), STATEMACHINELOGENTRY, client-6E5155DBE9B8, cid=387
2020-07-01 01:06:01,337 [grpc-default-executor-6] DEBUG impl.RaftServerImpl (RaftServerImpl.java:logAppendEntries(928)) - omNode-3@group-523986131536: receive appendEntries(omNode-1, 1, (t:1, i:130), 130, false, commits[omNode-1:c130, omNode-3:c129, omNode-2:c43], entries: (t:1, i:131), STATEMACHINELOGENTRY, client-6E5155DBE9B8, cid=387
2020-07-01 01:06:01,337 [grpc-default-executor-6] INFO  ratis.OzoneManagerStateMachine (OzoneManagerStateMachine.java:getLatestSnapshot(147)) - Latest Snapshot Info 1#99
2020-07-01 01:06:01,337 [grpc-default-executor-6] INFO  ratis.OzoneManagerStateMachine (OzoneManagerStateMachine.java:getLatestSnapshot(147)) - Latest Snapshot Info 1#99
2020-07-01 01:06:01,338 [grpc-default-executor-1] WARN  server.GrpcLogAppender (LogUtils.java:warn(122)) - omNode-1@group-523986131536->omNode-2-AppendLogResponseHandler: Failed appendEntries: org.apache.ratis.thirdparty.io.grpc.StatusRuntimeException: UNAVAILABLE: io exception
2020-07-01 01:06:01,339 [Thread-4945] DEBUG impl.RaftServerImpl (RaftServerImpl.java:logAppendEntries(928)) - omNode-3@group-523986131536: succeeded to handle AppendEntries. Reply: omNode-1<-omNode-3#156:OK,SUCCESS,nextIndex:132,term:1,followerCommit:130
2020-07-01 01:06:01,339 [grpc-default-executor-1] INFO  impl.FollowerInfo (FollowerInfo.java:lambda$new$0(51)) - omNode-1@group-523986131536->omNode-2: nextIndex: updateUnconditionally 132 -> 45
2020-07-01 01:06:01,339 [grpc-default-executor-1] DEBUG server.GrpcLogAppender (GrpcLogAppender.java:onNext(257)) - omNode-1@group-523986131536->omNode-3-AppendLogResponseHandler: received a reply omNode-1<-omNode-3#156:OK,SUCCESS,nextIndex:132,term:1,followerCommit:130, request=AppendEntriesRequest:cid=156,entriesCount=1,lastEntry=(t:1, i:131)
2020-07-01 01:06:01,342 [IPC Server handler 10 on default port 11860] DEBUG impl.RaftServerImpl (RaftServerImpl.java:submitClientRequestAsync(575)) - omNode-1@group-523986131536: receive client request(RaftClientRequest:client-6E5155DBE9B8->omNode-1@group-523986131536, cid=388, seq=0, RW, Message:081f12001a13636c6965...(size=409))
2020-07-01 01:06:01,342 [IPC Server handler 10 on default port 11860] DEBUG impl.RaftServerImpl (LeaderState.java:addPendingRequest(335)) - omNode-1@group-523986131536-LeaderState: addPendingRequest at RaftClientRequest:client-6E5155DBE9B8->omNode-1@group-523986131536, cid=388, seq=0, RW, Message:081f12001a13636c6965...(size=409), entry=(t:1, i:133), STATEMACHINELOGENTRY, client-6E5155DBE9B8, cid=388
2020-07-01 01:06:01,343 [grpc-default-executor-1] DEBUG impl.RaftServerImpl (RaftServerImpl.java:logAppendEntries(928)) - omNode-3@group-523986131536: receive appendEntries(omNode-1, 1, (t:1, i:131), 131, false, commits[omNode-1:c131, omNode-3:c130, omNode-2:c43], entries: (t:1, i:132), METADATAENTRY(c:131)
2020-07-01 01:06:01,343 [grpc-default-executor-1] INFO  ratis.OzoneManagerStateMachine (OzoneManagerStateMachine.java:getLatestSnapshot(147)) - Latest Snapshot Info 1#99
2020-07-01 01:06:01,343 [grpc-default-executor-1] INFO  ratis.OzoneManagerStateMachine (OzoneManagerStateMachine.java:getLatestSnapshot(147)) - Latest Snapshot Info 1#99
2020-07-01 01:06:01,343 [grpc-default-executor-1] DEBUG impl.RaftServerImpl (RaftServerImpl.java:logAppendEntries(928)) - omNode-3@group-523986131536: receive appendEntries(omNode-1, 1, (t:1, i:132), 131, false, commits[omNode-1:c131, omNode-3:c130, omNode-2:c43], entries: (t:1, i:133), STATEMACHINELOGENTRY, client-6E5155DBE9B8, cid=388
2020-07-01 01:06:01,343 [grpc-default-executor-1] INFO  ratis.OzoneManagerStateMachine (OzoneManagerStateMachine.java:getLatestSnapshot(147)) - Latest Snapshot Info 1#99
2020-07-01 01:06:01,344 [grpc-default-executor-1] INFO  ratis.OzoneManagerStateMachine (OzoneManagerStateMachine.java:getLatestSnapshot(147)) - Latest Snapshot Info 1#99
2020-07-01 01:06:01,344 [grpc-default-executor-6] WARN  server.GrpcLogAppender (LogUtils.java:warn(122)) - omNode-1@group-523986131536->omNode-2-AppendLogResponseHandler: Failed appendEntries: org.apache.ratis.thirdparty.io.grpc.StatusRuntimeException: UNAVAILABLE: io exception
2020-07-01 01:06:01,344 [grpc-default-executor-6] INFO  impl.FollowerInfo (FollowerInfo.java:lambda$new$0(51)) - omNode-1@group-523986131536->omNode-2: nextIndex: updateUnconditionally 133 -> 45
2020-07-01 01:06:01,344 [Thread-4946] DEBUG impl.RaftServerImpl (RaftServerImpl.java:logAppendEntries(928)) - omNode-3@group-523986131536: succeeded to handle AppendEntries. Reply: omNode-1<-omNode-3#157:OK,SUCCESS,nextIndex:133,term:1,followerCommit:131
2020-07-01 01:06:01,345 [grpc-default-executor-6] DEBUG server.GrpcLogAppender (GrpcLogAppender.java:onNext(257)) - omNode-1@group-523986131536->omNode-3-AppendLogResponseHandler: received a reply omNode-1<-omNode-3#157:OK,SUCCESS,nextIndex:133,term:1,followerCommit:131, request=AppendEntriesRequest:cid=157,entriesCount=1,lastEntry=(t:1, i:132)
2020-07-01 01:06:01,345 [Thread-4947] DEBUG impl.RaftServerImpl (RaftServerImpl.java:logAppendEntries(928)) - omNode-3@group-523986131536: succeeded to handle AppendEntries. Reply: omNode-1<-omNode-3#158:OK,SUCCESS,nextIndex:134,term:1,followerCommit:131
2020-07-01 01:06:01,346 [grpc-default-executor-6] DEBUG server.GrpcLogAppender (GrpcLogAppender.java:onNext(257)) - omNode-1@group-523986131536->omNode-3-AppendLogResponseHandler: received a reply omNode-1<-omNode-3#158:OK,SUCCESS,nextIndex:134,term:1,followerCommit:131, request=AppendEntriesRequest:cid=158,entriesCount=1,lastEntry=(t:1, i:133)
2020-07-01 01:06:01,347 [grpc-default-executor-1] DEBUG impl.RaftServerImpl (RaftServerImpl.java:logAppendEntries(928)) - omNode-3@group-523986131536: receive appendEntries(omNode-1, 1, (t:1, i:133), 133, false, commits[omNode-1:c133, omNode-3:c131, omNode-2:c43], entries: (t:1, i:134), METADATAENTRY(c:133)
2020-07-01 01:06:01,347 [grpc-default-executor-1] INFO  ratis.OzoneManagerStateMachine (OzoneManagerStateMachine.java:getLatestSnapshot(147)) - Latest Snapshot Info 1#99
2020-07-01 01:06:01,347 [grpc-default-executor-1] INFO  ratis.OzoneManagerStateMachine (OzoneManagerStateMachine.java:getLatestSnapshot(147)) - Latest Snapshot Info 1#99
2020-07-01 01:06:01,348 [grpc-default-executor-1] WARN  server.GrpcLogAppender (LogUtils.java:warn(122)) - omNode-1@group-523986131536->omNode-2-AppendLogResponseHandler: Failed appendEntries: org.apache.ratis.thirdparty.io.grpc.StatusRuntimeException: UNAVAILABLE: io exception
2020-07-01 01:06:01,348 [grpc-default-executor-1] INFO  impl.FollowerInfo (FollowerInfo.java:lambda$new$0(51)) - omNode-1@group-523986131536->omNode-2: nextIndex: updateUnconditionally 134 -> 45
2020-07-01 01:06:01,349 [Thread-4948] DEBUG impl.RaftServerImpl (RaftServerImpl.java:logAppendEntries(928)) - omNode-3@group-523986131536: succeeded to handle AppendEntries. Reply: omNode-1<-omNode-3#159:OK,SUCCESS,nextIndex:135,term:1,followerCommit:133
2020-07-01 01:06:01,351 [grpc-default-executor-6] DEBUG server.GrpcLogAppender (GrpcLogAppender.java:onNext(257)) - omNode-1@group-523986131536->omNode-3-AppendLogResponseHandler: received a reply omNode-1<-omNode-3#159:OK,SUCCESS,nextIndex:135,term:1,followerCommit:133, request=AppendEntriesRequest:cid=159,entriesCount=1,lastEntry=(t:1, i:134)
2020-07-01 01:06:01,353 [grpc-default-executor-8] WARN  server.GrpcLogAppender (LogUtils.java:warn(122)) - omNode-1@group-523986131536->omNode-2-AppendLogResponseHandler: Failed appendEntries: org.apache.ratis.thirdparty.io.grpc.StatusRuntimeException: UNAVAILABLE: io exception
2020-07-01 01:06:01,353 [grpc-default-executor-8] INFO  impl.FollowerInfo (FollowerInfo.java:lambda$new$0(51)) - omNode-1@group-523986131536->omNode-2: nextIndex: updateUnconditionally 135 -> 45
2020-07-01 01:06:01,354 [IPC Server handler 9 on default port 11860] DEBUG impl.RaftServerImpl (RaftServerImpl.java:submitClientRequestAsync(575)) - omNode-1@group-523986131536: receive client request(RaftClientRequest:client-6E5155DBE9B8->omNode-1@group-523986131536, cid=389, seq=0, RW, Message:082412001a13636c6965...(size=360))
2020-07-01 01:06:01,354 [IPC Server handler 9 on default port 11860] DEBUG impl.RaftServerImpl (LeaderState.java:addPendingRequest(335)) - omNode-1@group-523986131536-LeaderState: addPendingRequest at RaftClientRequest:client-6E5155DBE9B8->omNode-1@group-523986131536, cid=389, seq=0, RW, Message:082412001a13636c6965...(size=360), entry=(t:1, i:135), STATEMACHINELOGENTRY, client-6E5155DBE9B8, cid=389
2020-07-01 01:06:01,355 [grpc-default-executor-1] DEBUG impl.RaftServerImpl (RaftServerImpl.java:logAppendEntries(928)) - omNode-3@group-523986131536: receive appendEntries(omNode-1, 1, (t:1, i:134), 134, false, commits[omNode-1:c134, omNode-3:c133, omNode-2:c43], entries: (t:1, i:135), STATEMACHINELOGENTRY, client-6E5155DBE9B8, cid=389
2020-07-01 01:06:01,355 [grpc-default-executor-1] INFO  ratis.OzoneManagerStateMachine (OzoneManagerStateMachine.java:getLatestSnapshot(147)) - Latest Snapshot Info 1#99
2020-07-01 01:06:01,355 [grpc-default-executor-1] INFO  ratis.OzoneManagerStateMachine (OzoneManagerStateMachine.java:getLatestSnapshot(147)) - Latest Snapshot Info 1#99
2020-07-01 01:06:01,356 [Thread-4949] DEBUG impl.RaftServerImpl (RaftServerImpl.java:logAppendEntries(928)) - omNode-3@group-523986131536: succeeded to handle AppendEntries. Reply: omNode-1<-omNode-3#160:OK,SUCCESS,nextIndex:136,term:1,followerCommit:134
2020-07-01 01:06:01,356 [grpc-default-executor-1] DEBUG server.GrpcLogAppender (GrpcLogAppender.java:onNext(257)) - omNode-1@group-523986131536->omNode-3-AppendLogResponseHandler: received a reply omNode-1<-omNode-3#160:OK,SUCCESS,nextIndex:136,term:1,followerCommit:134, request=AppendEntriesRequest:cid=160,entriesCount=1,lastEntry=(t:1, i:135)
2020-07-01 01:06:01,357 [grpc-default-executor-6] DEBUG impl.RaftServerImpl (RaftServerImpl.java:logAppendEntries(928)) - omNode-3@group-523986131536: receive appendEntries(omNode-1, 1, (t:1, i:135), 135, false, commits[omNode-1:c135, omNode-3:c134, omNode-2:c43], entries: (t:1, i:136), METADATAENTRY(c:135)
2020-07-01 01:06:01,357 [grpc-default-executor-6] INFO  ratis.OzoneManagerStateMachine (OzoneManagerStateMachine.java:getLatestSnapshot(147)) - Latest Snapshot Info 1#99
2020-07-01 01:06:01,357 [grpc-default-executor-6] INFO  ratis.OzoneManagerStateMachine (OzoneManagerStateMachine.java:getLatestSnapshot(147)) - Latest Snapshot Info 1#99
2020-07-01 01:06:01,358 [grpc-default-executor-6] WARN  server.GrpcLogAppender (LogUtils.java:warn(122)) - omNode-1@group-523986131536->omNode-2-AppendLogResponseHandler: Failed appendEntries: org.apache.ratis.thirdparty.io.grpc.StatusRuntimeException: UNAVAILABLE: io exception
2020-07-01 01:06:01,359 [grpc-default-executor-6] INFO  impl.FollowerInfo (FollowerInfo.java:lambda$new$0(51)) - omNode-1@group-523986131536->omNode-2: nextIndex: updateUnconditionally 136 -> 45
2020-07-01 01:06:01,360 [IPC Server handler 17 on default port 11860] DEBUG impl.RaftServerImpl (RaftServerImpl.java:submitClientRequestAsync(575)) - omNode-1@group-523986131536: receive client request(RaftClientRequest:client-6E5155DBE9B8->omNode-1@group-523986131536, cid=390, seq=0, RW, Message:081f12001a13636c6965...(size=409))
2020-07-01 01:06:01,360 [IPC Server handler 17 on default port 11860] DEBUG impl.RaftServerImpl (LeaderState.java:addPendingRequest(335)) - omNode-1@group-523986131536-LeaderState: addPendingRequest at RaftClientRequest:client-6E5155DBE9B8->omNode-1@group-523986131536, cid=390, seq=0, RW, Message:081f12001a13636c6965...(size=409), entry=(t:1, i:137), STATEMACHINELOGENTRY, client-6E5155DBE9B8, cid=390
2020-07-01 01:06:01,361 [grpc-default-executor-6] DEBUG impl.RaftServerImpl (RaftServerImpl.java:logAppendEntries(928)) - omNode-3@group-523986131536: receive appendEntries(omNode-1, 1, (t:1, i:136), 135, false, commits[omNode-1:c135, omNode-3:c134, omNode-2:c43], entries: (t:1, i:137), STATEMACHINELOGENTRY, client-6E5155DBE9B8, cid=390
2020-07-01 01:06:01,361 [grpc-default-executor-6] INFO  ratis.OzoneManagerStateMachine (OzoneManagerStateMachine.java:getLatestSnapshot(147)) - Latest Snapshot Info 1#99
2020-07-01 01:06:01,361 [grpc-default-executor-6] INFO  ratis.OzoneManagerStateMachine (OzoneManagerStateMachine.java:getLatestSnapshot(147)) - Latest Snapshot Info 1#99
2020-07-01 01:06:01,363 [grpc-default-executor-6] WARN  server.GrpcLogAppender (LogUtils.java:warn(122)) - omNode-1@group-523986131536->omNode-2-AppendLogResponseHandler: Failed appendEntries: org.apache.ratis.thirdparty.io.grpc.StatusRuntimeException: UNAVAILABLE: io exception
2020-07-01 01:06:01,363 [grpc-default-executor-6] INFO  impl.FollowerInfo (FollowerInfo.java:lambda$new$0(51)) - omNode-1@group-523986131536->omNode-2: nextIndex: updateUnconditionally 138 -> 45
2020-07-01 01:06:01,363 [Thread-4950] DEBUG impl.RaftServerImpl (RaftServerImpl.java:logAppendEntries(928)) - omNode-3@group-523986131536: succeeded to handle AppendEntries. Reply: omNode-1<-omNode-3#161:OK,SUCCESS,nextIndex:137,term:1,followerCommit:135
2020-07-01 01:06:01,364 [grpc-default-executor-6] DEBUG server.GrpcLogAppender (GrpcLogAppender.java:onNext(257)) - omNode-1@group-523986131536->omNode-3-AppendLogResponseHandler: received a reply omNode-1<-omNode-3#161:OK,SUCCESS,nextIndex:137,term:1,followerCommit:135, request=AppendEntriesRequest:cid=161,entriesCount=1,lastEntry=(t:1, i:136)
2020-07-01 01:06:01,365 [Thread-4951] DEBUG impl.RaftServerImpl (RaftServerImpl.java:logAppendEntries(928)) - omNode-3@group-523986131536: succeeded to handle AppendEntries. Reply: omNode-1<-omNode-3#162:OK,SUCCESS,nextIndex:138,term:1,followerCommit:135
2020-07-01 01:06:01,366 [grpc-default-executor-6] WARN  server.GrpcLogAppender (LogUtils.java:warn(122)) - omNode-1@group-523986131536->omNode-2-AppendLogResponseHandler: Failed appendEntries: org.apache.ratis.thirdparty.io.grpc.StatusRuntimeException: UNAVAILABLE: io exception
2020-07-01 01:06:01,366 [grpc-default-executor-6] INFO  impl.FollowerInfo (FollowerInfo.java:lambda$new$0(51)) - omNode-1@group-523986131536->omNode-2: nextIndex: updateUnconditionally 138 -> 45
2020-07-01 01:06:01,366 [grpc-default-executor-1] DEBUG server.GrpcLogAppender (GrpcLogAppender.java:onNext(257)) - omNode-1@group-523986131536->omNode-3-AppendLogResponseHandler: received a reply omNode-1<-omNode-3#162:OK,SUCCESS,nextIndex:138,term:1,followerCommit:135, request=AppendEntriesRequest:cid=162,entriesCount=1,lastEntry=(t:1, i:137)
2020-07-01 01:06:01,368 [grpc-default-executor-1] DEBUG impl.RaftServerImpl (RaftServerImpl.java:logAppendEntries(928)) - omNode-3@group-523986131536: receive appendEntries(omNode-1, 1, (t:1, i:137), 137, false, commits[omNode-1:c137, omNode-3:c135, omNode-2:c43], entries: (t:1, i:138), METADATAENTRY(c:137)
2020-07-01 01:06:01,368 [grpc-default-executor-1] INFO  ratis.OzoneManagerStateMachine (OzoneManagerStateMachine.java:getLatestSnapshot(147)) - Latest Snapshot Info 1#99
2020-07-01 01:06:01,368 [grpc-default-executor-1] INFO  ratis.OzoneManagerStateMachine (OzoneManagerStateMachine.java:getLatestSnapshot(147)) - Latest Snapshot Info 1#99
2020-07-01 01:06:01,372 [grpc-default-executor-6] WARN  server.GrpcLogAppender (LogUtils.java:warn(122)) - omNode-1@group-523986131536->omNode-2-AppendLogResponseHandler: Failed appendEntries: org.apache.ratis.thirdparty.io.grpc.StatusRuntimeException: UNAVAILABLE: io exception
2020-07-01 01:06:01,372 [grpc-default-executor-6] INFO  impl.FollowerInfo (FollowerInfo.java:lambda$new$0(51)) - omNode-1@group-523986131536->omNode-2: nextIndex: updateUnconditionally 139 -> 45
2020-07-01 01:06:01,373 [grpc-default-executor-6] WARN  server.GrpcLogAppender (LogUtils.java:warn(122)) - omNode-1@group-523986131536->omNode-2-AppendLogResponseHandler: Failed appendEntries: org.apache.ratis.thirdparty.io.grpc.StatusRuntimeException: UNAVAILABLE: io exception
2020-07-01 01:06:01,374 [grpc-default-executor-6] INFO  impl.FollowerInfo (FollowerInfo.java:lambda$new$0(51)) - omNode-1@group-523986131536->omNode-2: nextIndex: updateUnconditionally 139 -> 45
2020-07-01 01:06:01,377 [IPC Server handler 11 on default port 11860] DEBUG impl.RaftServerImpl (RaftServerImpl.java:submitClientRequestAsync(575)) - omNode-1@group-523986131536: receive client request(RaftClientRequest:client-6E5155DBE9B8->omNode-1@group-523986131536, cid=391, seq=0, RW, Message:082412001a13636c6965...(size=360))
2020-07-01 01:06:01,377 [IPC Server handler 11 on default port 11860] DEBUG impl.RaftServerImpl (LeaderState.java:addPendingRequest(335)) - omNode-1@group-523986131536-LeaderState: addPendingRequest at RaftClientRequest:client-6E5155DBE9B8->omNode-1@group-523986131536, cid=391, seq=0, RW, Message:082412001a13636c6965...(size=360), entry=(t:1, i:139), STATEMACHINELOGENTRY, client-6E5155DBE9B8, cid=391
2020-07-01 01:06:01,380 [grpc-default-executor-6] DEBUG impl.RaftServerImpl (RaftServerImpl.java:logAppendEntries(928)) - omNode-3@group-523986131536: receive appendEntries(omNode-1, 1, (t:1, i:138), 137, false, commits[omNode-1:c137, omNode-3:c135, omNode-2:c43], entries: (t:1, i:139), STATEMACHINELOGENTRY, client-6E5155DBE9B8, cid=391
2020-07-01 01:06:01,380 [grpc-default-executor-6] INFO  ratis.OzoneManagerStateMachine (OzoneManagerStateMachine.java:getLatestSnapshot(147)) - Latest Snapshot Info 1#99
2020-07-01 01:06:01,380 [grpc-default-executor-6] INFO  ratis.OzoneManagerStateMachine (OzoneManagerStateMachine.java:getLatestSnapshot(147)) - Latest Snapshot Info 1#99
2020-07-01 01:06:01,380 [Thread-4952] DEBUG impl.RaftServerImpl (RaftServerImpl.java:logAppendEntries(928)) - omNode-3@group-523986131536: succeeded to handle AppendEntries. Reply: omNode-1<-omNode-3#163:OK,SUCCESS,nextIndex:139,term:1,followerCommit:137
2020-07-01 01:06:01,382 [grpc-default-executor-6] DEBUG server.GrpcLogAppender (GrpcLogAppender.java:onNext(257)) - omNode-1@group-523986131536->omNode-3-AppendLogResponseHandler: received a reply omNode-1<-omNode-3#163:OK,SUCCESS,nextIndex:139,term:1,followerCommit:137, request=AppendEntriesRequest:cid=163,entriesCount=1,lastEntry=(t:1, i:138)
2020-07-01 01:06:01,383 [Thread-4953] DEBUG impl.RaftServerImpl (RaftServerImpl.java:logAppendEntries(928)) - omNode-3@group-523986131536: succeeded to handle AppendEntries. Reply: omNode-1<-omNode-3#164:OK,SUCCESS,nextIndex:140,term:1,followerCommit:137
2020-07-01 01:06:01,383 [grpc-default-executor-6] DEBUG server.GrpcLogAppender (GrpcLogAppender.java:onNext(257)) - omNode-1@group-523986131536->omNode-3-AppendLogResponseHandler: received a reply omNode-1<-omNode-3#164:OK,SUCCESS,nextIndex:140,term:1,followerCommit:137, request=AppendEntriesRequest:cid=164,entriesCount=1,lastEntry=(t:1, i:139)
2020-07-01 01:06:01,385 [grpc-default-executor-1] WARN  server.GrpcLogAppender (LogUtils.java:warn(122)) - omNode-1@group-523986131536->omNode-2-AppendLogResponseHandler: Failed appendEntries: org.apache.ratis.thirdparty.io.grpc.StatusRuntimeException: UNAVAILABLE: io exception
2020-07-01 01:06:01,385 [grpc-default-executor-1] INFO  impl.FollowerInfo (FollowerInfo.java:lambda$new$0(51)) - omNode-1@group-523986131536->omNode-2: nextIndex: updateUnconditionally 139 -> 45
2020-07-01 01:06:01,387 [grpc-default-executor-1] DEBUG impl.RaftServerImpl (RaftServerImpl.java:logAppendEntries(928)) - omNode-3@group-523986131536: receive appendEntries(omNode-1, 1, (t:1, i:139), 139, false, commits[omNode-1:c139, omNode-3:c137, omNode-2:c43], entries: (t:1, i:140), METADATAENTRY(c:139)
2020-07-01 01:06:01,387 [grpc-default-executor-1] INFO  ratis.OzoneManagerStateMachine (OzoneManagerStateMachine.java:getLatestSnapshot(147)) - Latest Snapshot Info 1#99
2020-07-01 01:06:01,387 [grpc-default-executor-1] INFO  ratis.OzoneManagerStateMachine (OzoneManagerStateMachine.java:getLatestSnapshot(147)) - Latest Snapshot Info 1#99
2020-07-01 01:06:01,388 [IPC Server handler 13 on default port 11860] DEBUG impl.RaftServerImpl (RaftServerImpl.java:submitClientRequestAsync(575)) - omNode-1@group-523986131536: receive client request(RaftClientRequest:client-6E5155DBE9B8->omNode-1@group-523986131536, cid=392, seq=0, RW, Message:081f12001a13636c6965...(size=409))
2020-07-01 01:06:01,388 [IPC Server handler 13 on default port 11860] DEBUG impl.RaftServerImpl (LeaderState.java:addPendingRequest(335)) - omNode-1@group-523986131536-LeaderState: addPendingRequest at RaftClientRequest:client-6E5155DBE9B8->omNode-1@group-523986131536, cid=392, seq=0, RW, Message:081f12001a13636c6965...(size=409), entry=(t:1, i:141), STATEMACHINELOGENTRY, client-6E5155DBE9B8, cid=392
2020-07-01 01:06:01,389 [grpc-default-executor-1] DEBUG impl.RaftServerImpl (RaftServerImpl.java:logAppendEntries(928)) - omNode-3@group-523986131536: receive appendEntries(omNode-1, 1, (t:1, i:140), 139, false, commits[omNode-1:c139, omNode-3:c137, omNode-2:c43], entries: (t:1, i:141), STATEMACHINELOGENTRY, client-6E5155DBE9B8, cid=392
2020-07-01 01:06:01,389 [grpc-default-executor-1] INFO  ratis.OzoneManagerStateMachine (OzoneManagerStateMachine.java:getLatestSnapshot(147)) - Latest Snapshot Info 1#99
2020-07-01 01:06:01,389 [grpc-default-executor-1] INFO  ratis.OzoneManagerStateMachine (OzoneManagerStateMachine.java:getLatestSnapshot(147)) - Latest Snapshot Info 1#99
2020-07-01 01:06:01,390 [grpc-default-executor-6] WARN  server.GrpcLogAppender (LogUtils.java:warn(122)) - omNode-1@group-523986131536->omNode-2-AppendLogResponseHandler: Failed appendEntries: org.apache.ratis.thirdparty.io.grpc.StatusRuntimeException: UNAVAILABLE: io exception
2020-07-01 01:06:01,390 [grpc-default-executor-6] INFO  impl.FollowerInfo (FollowerInfo.java:lambda$new$0(51)) - omNode-1@group-523986131536->omNode-2: nextIndex: updateUnconditionally 141 -> 45
2020-07-01 01:06:01,394 [Thread-4954] DEBUG impl.RaftServerImpl (RaftServerImpl.java:logAppendEntries(928)) - omNode-3@group-523986131536: succeeded to handle AppendEntries. Reply: omNode-1<-omNode-3#165:OK,SUCCESS,nextIndex:141,term:1,followerCommit:139
2020-07-01 01:06:01,394 [grpc-default-executor-6] DEBUG server.GrpcLogAppender (GrpcLogAppender.java:onNext(257)) - omNode-1@group-523986131536->omNode-3-AppendLogResponseHandler: received a reply omNode-1<-omNode-3#165:OK,SUCCESS,nextIndex:141,term:1,followerCommit:139, request=AppendEntriesRequest:cid=165,entriesCount=1,lastEntry=(t:1, i:140)
2020-07-01 01:06:01,396 [grpc-default-executor-6] WARN  server.GrpcLogAppender (LogUtils.java:warn(122)) - omNode-1@group-523986131536->omNode-2-AppendLogResponseHandler: Failed appendEntries: org.apache.ratis.thirdparty.io.grpc.StatusRuntimeException: UNAVAILABLE: io exception
2020-07-01 01:06:01,396 [grpc-default-executor-6] INFO  impl.FollowerInfo (FollowerInfo.java:lambda$new$0(51)) - omNode-1@group-523986131536->omNode-2: nextIndex: updateUnconditionally 142 -> 45
2020-07-01 01:06:01,398 [grpc-default-executor-6] WARN  server.GrpcLogAppender (LogUtils.java:warn(122)) - omNode-1@group-523986131536->omNode-2-AppendLogResponseHandler: Failed appendEntries: org.apache.ratis.thirdparty.io.grpc.StatusRuntimeException: UNAVAILABLE: io exception
2020-07-01 01:06:01,398 [grpc-default-executor-6] INFO  impl.FollowerInfo (FollowerInfo.java:lambda$new$0(51)) - omNode-1@group-523986131536->omNode-2: nextIndex: updateUnconditionally 142 -> 45
2020-07-01 01:06:01,400 [Thread-4955] DEBUG impl.RaftServerImpl (RaftServerImpl.java:logAppendEntries(928)) - omNode-3@group-523986131536: succeeded to handle AppendEntries. Reply: omNode-1<-omNode-3#166:OK,SUCCESS,nextIndex:142,term:1,followerCommit:139
2020-07-01 01:06:01,401 [grpc-default-executor-6] WARN  server.GrpcLogAppender (LogUtils.java:warn(122)) - omNode-1@group-523986131536->omNode-2-AppendLogResponseHandler: Failed appendEntries: org.apache.ratis.thirdparty.io.grpc.StatusRuntimeException: UNAVAILABLE: io exception
2020-07-01 01:06:01,401 [grpc-default-executor-6] INFO  impl.FollowerInfo (FollowerInfo.java:lambda$new$0(51)) - omNode-1@group-523986131536->omNode-2: nextIndex: updateUnconditionally 142 -> 45
2020-07-01 01:06:01,401 [grpc-default-executor-1] DEBUG server.GrpcLogAppender (GrpcLogAppender.java:onNext(257)) - omNode-1@group-523986131536->omNode-3-AppendLogResponseHandler: received a reply omNode-1<-omNode-3#166:OK,SUCCESS,nextIndex:142,term:1,followerCommit:139, request=AppendEntriesRequest:cid=166,entriesCount=1,lastEntry=(t:1, i:141)
2020-07-01 01:06:01,404 [grpc-default-executor-1] DEBUG impl.RaftServerImpl (RaftServerImpl.java:logAppendEntries(928)) - omNode-3@group-523986131536: receive appendEntries(omNode-1, 1, (t:1, i:141), 141, false, commits[omNode-1:c141, omNode-3:c139, omNode-2:c43], entries: (t:1, i:142), METADATAENTRY(c:141)
2020-07-01 01:06:01,404 [grpc-default-executor-1] INFO  ratis.OzoneManagerStateMachine (OzoneManagerStateMachine.java:getLatestSnapshot(147)) - Latest Snapshot Info 1#99
2020-07-01 01:06:01,404 [grpc-default-executor-1] INFO  ratis.OzoneManagerStateMachine (OzoneManagerStateMachine.java:getLatestSnapshot(147)) - Latest Snapshot Info 1#99
2020-07-01 01:06:01,405 [Thread-4956] DEBUG impl.RaftServerImpl (RaftServerImpl.java:logAppendEntries(928)) - omNode-3@group-523986131536: succeeded to handle AppendEntries. Reply: omNode-1<-omNode-3#167:OK,SUCCESS,nextIndex:143,term:1,followerCommit:141
2020-07-01 01:06:01,405 [grpc-default-executor-8] DEBUG server.GrpcLogAppender (GrpcLogAppender.java:onNext(257)) - omNode-1@group-523986131536->omNode-3-AppendLogResponseHandler: received a reply omNode-1<-omNode-3#167:OK,SUCCESS,nextIndex:143,term:1,followerCommit:141, request=AppendEntriesRequest:cid=167,entriesCount=1,lastEntry=(t:1, i:142)
2020-07-01 01:06:01,409 [grpc-default-executor-1] WARN  server.GrpcLogAppender (LogUtils.java:warn(122)) - omNode-1@group-523986131536->omNode-2-AppendLogResponseHandler: Failed appendEntries: org.apache.ratis.thirdparty.io.grpc.StatusRuntimeException: UNAVAILABLE: io exception
2020-07-01 01:06:01,409 [grpc-default-executor-1] INFO  impl.FollowerInfo (FollowerInfo.java:lambda$new$0(51)) - omNode-1@group-523986131536->omNode-2: nextIndex: updateUnconditionally 143 -> 45
2020-07-01 01:06:01,418 [IPC Server handler 18 on default port 11860] DEBUG impl.RaftServerImpl (RaftServerImpl.java:submitClientRequestAsync(575)) - omNode-1@group-523986131536: receive client request(RaftClientRequest:client-6E5155DBE9B8->omNode-1@group-523986131536, cid=393, seq=0, RW, Message:082412001a13636c6965...(size=360))
2020-07-01 01:06:01,418 [IPC Server handler 18 on default port 11860] DEBUG impl.RaftServerImpl (LeaderState.java:addPendingRequest(335)) - omNode-1@group-523986131536-LeaderState: addPendingRequest at RaftClientRequest:client-6E5155DBE9B8->omNode-1@group-523986131536, cid=393, seq=0, RW, Message:082412001a13636c6965...(size=360), entry=(t:1, i:143), STATEMACHINELOGENTRY, client-6E5155DBE9B8, cid=393
2020-07-01 01:06:01,418 [grpc-default-executor-8] DEBUG impl.RaftServerImpl (RaftServerImpl.java:logAppendEntries(928)) - omNode-3@group-523986131536: receive appendEntries(omNode-1, 1, (t:1, i:142), 142, false, commits[omNode-1:c142, omNode-3:c141, omNode-2:c43], entries: (t:1, i:143), STATEMACHINELOGENTRY, client-6E5155DBE9B8, cid=393
2020-07-01 01:06:01,418 [grpc-default-executor-8] INFO  ratis.OzoneManagerStateMachine (OzoneManagerStateMachine.java:getLatestSnapshot(147)) - Latest Snapshot Info 1#99
2020-07-01 01:06:01,418 [grpc-default-executor-8] INFO  ratis.OzoneManagerStateMachine (OzoneManagerStateMachine.java:getLatestSnapshot(147)) - Latest Snapshot Info 1#99
2020-07-01 01:06:01,420 [Thread-4957] DEBUG impl.RaftServerImpl (RaftServerImpl.java:logAppendEntries(928)) - omNode-3@group-523986131536: succeeded to handle AppendEntries. Reply: omNode-1<-omNode-3#168:OK,SUCCESS,nextIndex:144,term:1,followerCommit:142
2020-07-01 01:06:01,420 [grpc-default-executor-1] WARN  server.GrpcLogAppender (LogUtils.java:warn(122)) - omNode-1@group-523986131536->omNode-2-AppendLogResponseHandler: Failed appendEntries: org.apache.ratis.thirdparty.io.grpc.StatusRuntimeException: UNAVAILABLE: io exception
2020-07-01 01:06:01,420 [grpc-default-executor-1] INFO  impl.FollowerInfo (FollowerInfo.java:lambda$new$0(51)) - omNode-1@group-523986131536->omNode-2: nextIndex: updateUnconditionally 144 -> 45
2020-07-01 01:06:01,420 [grpc-default-executor-1] DEBUG server.GrpcLogAppender (GrpcLogAppender.java:onNext(257)) - omNode-1@group-523986131536->omNode-3-AppendLogResponseHandler: received a reply omNode-1<-omNode-3#168:OK,SUCCESS,nextIndex:144,term:1,followerCommit:142, request=AppendEntriesRequest:cid=168,entriesCount=1,lastEntry=(t:1, i:143)
2020-07-01 01:06:01,423 [grpc-default-executor-1] DEBUG impl.RaftServerImpl (RaftServerImpl.java:logAppendEntries(928)) - omNode-3@group-523986131536: receive appendEntries(omNode-1, 1, (t:1, i:143), 143, false, commits[omNode-1:c143, omNode-3:c142, omNode-2:c43], entries: (t:1, i:144), METADATAENTRY(c:143)
2020-07-01 01:06:01,423 [grpc-default-executor-1] INFO  ratis.OzoneManagerStateMachine (OzoneManagerStateMachine.java:getLatestSnapshot(147)) - Latest Snapshot Info 1#99
2020-07-01 01:06:01,423 [grpc-default-executor-1] INFO  ratis.OzoneManagerStateMachine (OzoneManagerStateMachine.java:getLatestSnapshot(147)) - Latest Snapshot Info 1#99
2020-07-01 01:06:01,424 [IPC Server handler 15 on default port 11860] DEBUG impl.RaftServerImpl (RaftServerImpl.java:submitClientRequestAsync(575)) - omNode-1@group-523986131536: receive client request(RaftClientRequest:client-6E5155DBE9B8->omNode-1@group-523986131536, cid=394, seq=0, RW, Message:081f12001a13636c6965...(size=409))
2020-07-01 01:06:01,424 [IPC Server handler 15 on default port 11860] DEBUG impl.RaftServerImpl (LeaderState.java:addPendingRequest(335)) - omNode-1@group-523986131536-LeaderState: addPendingRequest at RaftClientRequest:client-6E5155DBE9B8->omNode-1@group-523986131536, cid=394, seq=0, RW, Message:081f12001a13636c6965...(size=409), entry=(t:1, i:145), STATEMACHINELOGENTRY, client-6E5155DBE9B8, cid=394
2020-07-01 01:06:01,425 [grpc-default-executor-8] DEBUG impl.RaftServerImpl (RaftServerImpl.java:logAppendEntries(928)) - omNode-3@group-523986131536: receive appendEntries(omNode-1, 1, (t:1, i:144), 143, false, commits[omNode-1:c143, omNode-3:c142, omNode-2:c43], entries: (t:1, i:145), STATEMACHINELOGENTRY, client-6E5155DBE9B8, cid=394
2020-07-01 01:06:01,425 [grpc-default-executor-8] INFO  ratis.OzoneManagerStateMachine (OzoneManagerStateMachine.java:getLatestSnapshot(147)) - Latest Snapshot Info 1#99
2020-07-01 01:06:01,426 [grpc-default-executor-8] INFO  ratis.OzoneManagerStateMachine (OzoneManagerStateMachine.java:getLatestSnapshot(147)) - Latest Snapshot Info 1#99
2020-07-01 01:06:01,426 [grpc-default-executor-8] WARN  server.GrpcLogAppender (LogUtils.java:warn(122)) - omNode-1@group-523986131536->omNode-2-AppendLogResponseHandler: Failed appendEntries: org.apache.ratis.thirdparty.io.grpc.StatusRuntimeException: UNAVAILABLE: io exception
2020-07-01 01:06:01,426 [grpc-default-executor-8] INFO  impl.FollowerInfo (FollowerInfo.java:lambda$new$0(51)) - omNode-1@group-523986131536->omNode-2: nextIndex: updateUnconditionally 145 -> 45
2020-07-01 01:06:01,428 [grpc-default-executor-1] WARN  server.GrpcLogAppender (LogUtils.java:warn(122)) - omNode-1@group-523986131536->omNode-2-AppendLogResponseHandler: Failed appendEntries: org.apache.ratis.thirdparty.io.grpc.StatusRuntimeException: UNAVAILABLE: io exception
2020-07-01 01:06:01,428 [grpc-default-executor-1] INFO  impl.FollowerInfo (FollowerInfo.java:lambda$new$0(51)) - omNode-1@group-523986131536->omNode-2: nextIndex: updateUnconditionally 146 -> 45
2020-07-01 01:06:01,429 [Thread-4958] DEBUG impl.RaftServerImpl (RaftServerImpl.java:logAppendEntries(928)) - omNode-3@group-523986131536: succeeded to handle AppendEntries. Reply: omNode-1<-omNode-3#169:OK,SUCCESS,nextIndex:145,term:1,followerCommit:143
2020-07-01 01:06:01,429 [grpc-default-executor-1] DEBUG server.GrpcLogAppender (GrpcLogAppender.java:onNext(257)) - omNode-1@group-523986131536->omNode-3-AppendLogResponseHandler: received a reply omNode-1<-omNode-3#169:OK,SUCCESS,nextIndex:145,term:1,followerCommit:143, request=AppendEntriesRequest:cid=169,entriesCount=1,lastEntry=(t:1, i:144)
2020-07-01 01:06:01,431 [grpc-default-executor-8] WARN  server.GrpcLogAppender (LogUtils.java:warn(122)) - omNode-1@group-523986131536->omNode-2-AppendLogResponseHandler: Failed appendEntries: org.apache.ratis.thirdparty.io.grpc.StatusRuntimeException: UNAVAILABLE: io exception
2020-07-01 01:06:01,431 [grpc-default-executor-8] INFO  impl.FollowerInfo (FollowerInfo.java:lambda$new$0(51)) - omNode-1@group-523986131536->omNode-2: nextIndex: updateUnconditionally 146 -> 45
2020-07-01 01:06:01,433 [Thread-4959] DEBUG impl.RaftServerImpl (RaftServerImpl.java:logAppendEntries(928)) - omNode-3@group-523986131536: succeeded to handle AppendEntries. Reply: omNode-1<-omNode-3#170:OK,SUCCESS,nextIndex:146,term:1,followerCommit:143
2020-07-01 01:06:01,433 [grpc-default-executor-8] DEBUG server.GrpcLogAppender (GrpcLogAppender.java:onNext(257)) - omNode-1@group-523986131536->omNode-3-AppendLogResponseHandler: received a reply omNode-1<-omNode-3#170:OK,SUCCESS,nextIndex:146,term:1,followerCommit:143, request=AppendEntriesRequest:cid=170,entriesCount=1,lastEntry=(t:1, i:145)
2020-07-01 01:06:01,434 [grpc-default-executor-8] DEBUG impl.RaftServerImpl (RaftServerImpl.java:logAppendEntries(928)) - omNode-3@group-523986131536: receive appendEntries(omNode-1, 1, (t:1, i:145), 145, false, commits[omNode-1:c145, omNode-3:c143, omNode-2:c43], entries: (t:1, i:146), METADATAENTRY(c:145)
2020-07-01 01:06:01,434 [grpc-default-executor-8] INFO  ratis.OzoneManagerStateMachine (OzoneManagerStateMachine.java:getLatestSnapshot(147)) - Latest Snapshot Info 1#99
2020-07-01 01:06:01,435 [grpc-default-executor-8] INFO  ratis.OzoneManagerStateMachine (OzoneManagerStateMachine.java:getLatestSnapshot(147)) - Latest Snapshot Info 1#99
2020-07-01 01:06:01,436 [grpc-default-executor-7] WARN  server.GrpcLogAppender (LogUtils.java:warn(122)) - omNode-1@group-523986131536->omNode-2-AppendLogResponseHandler: Failed appendEntries: org.apache.ratis.thirdparty.io.grpc.StatusRuntimeException: UNAVAILABLE: io exception
2020-07-01 01:06:01,437 [grpc-default-executor-7] INFO  impl.FollowerInfo (FollowerInfo.java:lambda$new$0(51)) - omNode-1@group-523986131536->omNode-2: nextIndex: updateUnconditionally 147 -> 45
2020-07-01 01:06:01,438 [Thread-4960] DEBUG impl.RaftServerImpl (RaftServerImpl.java:logAppendEntries(928)) - omNode-3@group-523986131536: succeeded to handle AppendEntries. Reply: omNode-1<-omNode-3#171:OK,SUCCESS,nextIndex:147,term:1,followerCommit:145
2020-07-01 01:06:01,438 [grpc-default-executor-7] DEBUG server.GrpcLogAppender (GrpcLogAppender.java:onNext(257)) - omNode-1@group-523986131536->omNode-3-AppendLogResponseHandler: received a reply omNode-1<-omNode-3#171:OK,SUCCESS,nextIndex:147,term:1,followerCommit:145, request=AppendEntriesRequest:cid=171,entriesCount=1,lastEntry=(t:1, i:146)
2020-07-01 01:06:01,440 [grpc-default-executor-8] WARN  server.GrpcLogAppender (LogUtils.java:warn(122)) - omNode-1@group-523986131536->omNode-2-AppendLogResponseHandler: Failed appendEntries: org.apache.ratis.thirdparty.io.grpc.StatusRuntimeException: UNAVAILABLE: io exception
2020-07-01 01:06:01,440 [grpc-default-executor-8] INFO  impl.FollowerInfo (FollowerInfo.java:lambda$new$0(51)) - omNode-1@group-523986131536->omNode-2: nextIndex: updateUnconditionally 147 -> 45
2020-07-01 01:06:01,441 [IPC Server handler 14 on default port 11860] DEBUG impl.RaftServerImpl (RaftServerImpl.java:submitClientRequestAsync(575)) - omNode-1@group-523986131536: receive client request(RaftClientRequest:client-6E5155DBE9B8->omNode-1@group-523986131536, cid=395, seq=0, RW, Message:082412001a13636c6965...(size=360))
2020-07-01 01:06:01,441 [IPC Server handler 14 on default port 11860] DEBUG impl.RaftServerImpl (LeaderState.java:addPendingRequest(335)) - omNode-1@group-523986131536-LeaderState: addPendingRequest at RaftClientRequest:client-6E5155DBE9B8->omNode-1@group-523986131536, cid=395, seq=0, RW, Message:082412001a13636c6965...(size=360), entry=(t:1, i:147), STATEMACHINELOGENTRY, client-6E5155DBE9B8, cid=395
2020-07-01 01:06:01,443 [grpc-default-executor-6] WARN  server.GrpcLogAppender (LogUtils.java:warn(122)) - omNode-1@group-523986131536->omNode-2-AppendLogResponseHandler: Failed appendEntries: org.apache.ratis.thirdparty.io.grpc.StatusRuntimeException: UNAVAILABLE: io exception
2020-07-01 01:06:01,443 [grpc-default-executor-8] DEBUG impl.RaftServerImpl (RaftServerImpl.java:logAppendEntries(928)) - omNode-3@group-523986131536: receive appendEntries(omNode-1, 1, (t:1, i:146), 146, false, commits[omNode-1:c146, omNode-3:c145, omNode-2:c43], entries: (t:1, i:147), STATEMACHINELOGENTRY, client-6E5155DBE9B8, cid=395
2020-07-01 01:06:01,443 [grpc-default-executor-8] INFO  ratis.OzoneManagerStateMachine (OzoneManagerStateMachine.java:getLatestSnapshot(147)) - Latest Snapshot Info 1#99
2020-07-01 01:06:01,443 [grpc-default-executor-8] INFO  ratis.OzoneManagerStateMachine (OzoneManagerStateMachine.java:getLatestSnapshot(147)) - Latest Snapshot Info 1#99
2020-07-01 01:06:01,444 [Thread-4961] DEBUG impl.RaftServerImpl (RaftServerImpl.java:logAppendEntries(928)) - omNode-3@group-523986131536: succeeded to handle AppendEntries. Reply: omNode-1<-omNode-3#172:OK,SUCCESS,nextIndex:148,term:1,followerCommit:146
2020-07-01 01:06:01,444 [grpc-default-executor-8] DEBUG server.GrpcLogAppender (GrpcLogAppender.java:onNext(257)) - omNode-1@group-523986131536->omNode-3-AppendLogResponseHandler: received a reply omNode-1<-omNode-3#172:OK,SUCCESS,nextIndex:148,term:1,followerCommit:146, request=AppendEntriesRequest:cid=172,entriesCount=1,lastEntry=(t:1, i:147)
2020-07-01 01:06:01,445 [grpc-default-executor-6] INFO  impl.FollowerInfo (FollowerInfo.java:lambda$new$0(51)) - omNode-1@group-523986131536->omNode-2: nextIndex: updateUnconditionally 148 -> 45
2020-07-01 01:06:01,448 [grpc-default-executor-8] DEBUG impl.RaftServerImpl (RaftServerImpl.java:logAppendEntries(928)) - omNode-3@group-523986131536: receive appendEntries(omNode-1, 1, (t:1, i:147), 147, false, commits[omNode-1:c147, omNode-3:c146, omNode-2:c43], entries: (t:1, i:148), METADATAENTRY(c:147)
2020-07-01 01:06:01,448 [grpc-default-executor-8] INFO  ratis.OzoneManagerStateMachine (OzoneManagerStateMachine.java:getLatestSnapshot(147)) - Latest Snapshot Info 1#99
2020-07-01 01:06:01,448 [grpc-default-executor-8] INFO  ratis.OzoneManagerStateMachine (OzoneManagerStateMachine.java:getLatestSnapshot(147)) - Latest Snapshot Info 1#99
2020-07-01 01:06:01,449 [IPC Server handler 16 on default port 11860] DEBUG impl.RaftServerImpl (RaftServerImpl.java:submitClientRequestAsync(575)) - omNode-1@group-523986131536: receive client request(RaftClientRequest:client-6E5155DBE9B8->omNode-1@group-523986131536, cid=396, seq=0, RW, Message:081f12001a13636c6965...(size=409))
2020-07-01 01:06:01,449 [IPC Server handler 16 on default port 11860] DEBUG impl.RaftServerImpl (LeaderState.java:addPendingRequest(335)) - omNode-1@group-523986131536-LeaderState: addPendingRequest at RaftClientRequest:client-6E5155DBE9B8->omNode-1@group-523986131536, cid=396, seq=0, RW, Message:081f12001a13636c6965...(size=409), entry=(t:1, i:149), STATEMACHINELOGENTRY, client-6E5155DBE9B8, cid=396
2020-07-01 01:06:01,450 [grpc-default-executor-7] WARN  server.GrpcLogAppender (LogUtils.java:warn(122)) - omNode-1@group-523986131536->omNode-2-AppendLogResponseHandler: Failed appendEntries: org.apache.ratis.thirdparty.io.grpc.StatusRuntimeException: UNAVAILABLE: io exception
2020-07-01 01:06:01,450 [grpc-default-executor-7] INFO  impl.FollowerInfo (FollowerInfo.java:lambda$new$0(51)) - omNode-1@group-523986131536->omNode-2: nextIndex: updateUnconditionally 149 -> 45
2020-07-01 01:06:01,450 [grpc-default-executor-8] DEBUG impl.RaftServerImpl (RaftServerImpl.java:logAppendEntries(928)) - omNode-3@group-523986131536: receive appendEntries(omNode-1, 1, (t:1, i:148), 147, false, commits[omNode-1:c147, omNode-3:c146, omNode-2:c43], entries: (t:1, i:149), STATEMACHINELOGENTRY, client-6E5155DBE9B8, cid=396
2020-07-01 01:06:01,450 [grpc-default-executor-8] INFO  ratis.OzoneManagerStateMachine (OzoneManagerStateMachine.java:getLatestSnapshot(147)) - Latest Snapshot Info 1#99
2020-07-01 01:06:01,450 [grpc-default-executor-8] INFO  ratis.OzoneManagerStateMachine (OzoneManagerStateMachine.java:getLatestSnapshot(147)) - Latest Snapshot Info 1#99
2020-07-01 01:06:01,452 [grpc-default-executor-7] WARN  server.GrpcLogAppender (LogUtils.java:warn(122)) - omNode-1@group-523986131536->omNode-2-AppendLogResponseHandler: Failed appendEntries: org.apache.ratis.thirdparty.io.grpc.StatusRuntimeException: UNAVAILABLE: io exception
2020-07-01 01:06:01,452 [grpc-default-executor-7] INFO  impl.FollowerInfo (FollowerInfo.java:lambda$new$0(51)) - omNode-1@group-523986131536->omNode-2: nextIndex: updateUnconditionally 150 -> 45
2020-07-01 01:06:01,453 [Thread-4962] DEBUG impl.RaftServerImpl (RaftServerImpl.java:logAppendEntries(928)) - omNode-3@group-523986131536: succeeded to handle AppendEntries. Reply: omNode-1<-omNode-3#173:OK,SUCCESS,nextIndex:149,term:1,followerCommit:147
2020-07-01 01:06:01,454 [grpc-default-executor-7] DEBUG server.GrpcLogAppender (GrpcLogAppender.java:onNext(257)) - omNode-1@group-523986131536->omNode-3-AppendLogResponseHandler: received a reply omNode-1<-omNode-3#173:OK,SUCCESS,nextIndex:149,term:1,followerCommit:147, request=AppendEntriesRequest:cid=173,entriesCount=1,lastEntry=(t:1, i:148)
2020-07-01 01:06:01,456 [grpc-default-executor-8] WARN  server.GrpcLogAppender (LogUtils.java:warn(122)) - omNode-1@group-523986131536->omNode-2-AppendLogResponseHandler: Failed appendEntries: org.apache.ratis.thirdparty.io.grpc.StatusRuntimeException: UNAVAILABLE: io exception
2020-07-01 01:06:01,456 [grpc-default-executor-8] INFO  impl.FollowerInfo (FollowerInfo.java:lambda$new$0(51)) - omNode-1@group-523986131536->omNode-2: nextIndex: updateUnconditionally 150 -> 45
2020-07-01 01:06:01,459 [Thread-4963] DEBUG impl.RaftServerImpl (RaftServerImpl.java:logAppendEntries(928)) - omNode-3@group-523986131536: succeeded to handle AppendEntries. Reply: omNode-1<-omNode-3#174:OK,SUCCESS,nextIndex:150,term:1,followerCommit:147
2020-07-01 01:06:01,459 [grpc-default-executor-8] DEBUG server.GrpcLogAppender (GrpcLogAppender.java:onNext(257)) - omNode-1@group-523986131536->omNode-3-AppendLogResponseHandler: received a reply omNode-1<-omNode-3#174:OK,SUCCESS,nextIndex:150,term:1,followerCommit:147, request=AppendEntriesRequest:cid=174,entriesCount=1,lastEntry=(t:1, i:149)
2020-07-01 01:06:01,459 [grpc-default-executor-8] DEBUG impl.RaftServerImpl (RaftServerImpl.java:logAppendEntries(928)) - omNode-3@group-523986131536: receive appendEntries(omNode-1, 1, (t:1, i:149), 149, false, commits[omNode-1:c149, omNode-3:c147, omNode-2:c43], entries: (t:1, i:150), METADATAENTRY(c:149)
2020-07-01 01:06:01,460 [grpc-default-executor-8] INFO  ratis.OzoneManagerStateMachine (OzoneManagerStateMachine.java:getLatestSnapshot(147)) - Latest Snapshot Info 1#99
2020-07-01 01:06:01,460 [grpc-default-executor-8] INFO  ratis.OzoneManagerStateMachine (OzoneManagerStateMachine.java:getLatestSnapshot(147)) - Latest Snapshot Info 1#99
2020-07-01 01:06:01,460 [omNode-1@group-523986131536-StateMachineUpdater] INFO  ratis.OzoneManagerStateMachine (OzoneManagerStateMachine.java:takeSnapshot(355)) - Current Snapshot Index (t:1, i:148)
2020-07-01 01:06:01,461 [omNode-1@group-523986131536-StateMachineUpdater] INFO  impl.StateMachineUpdater (StateMachineUpdater.java:takeSnapshot(277)) - omNode-1@group-523986131536-StateMachineUpdater: Took a snapshot at index 148
2020-07-01 01:06:01,461 [omNode-1@group-523986131536-StateMachineUpdater] INFO  impl.StateMachineUpdater (StateMachineUpdater.java:lambda$new$0(87)) - omNode-1@group-523986131536-StateMachineUpdater: snapshotIndex: updateIncreasingly 99 -> 148
2020-07-01 01:06:01,463 [grpc-default-executor-1] WARN  server.GrpcLogAppender (LogUtils.java:warn(122)) - omNode-1@group-523986131536->omNode-2-AppendLogResponseHandler: Failed appendEntries: org.apache.ratis.thirdparty.io.grpc.StatusRuntimeException: UNAVAILABLE: io exception
2020-07-01 01:06:01,463 [grpc-default-executor-1] INFO  impl.FollowerInfo (FollowerInfo.java:lambda$new$0(51)) - omNode-1@group-523986131536->omNode-2: nextIndex: updateUnconditionally 151 -> 45
2020-07-01 01:06:01,464 [omNode-3@group-523986131536-StateMachineUpdater] INFO  ratis.OzoneManagerStateMachine (OzoneManagerStateMachine.java:takeSnapshot(355)) - Current Snapshot Index (t:1, i:149)
2020-07-01 01:06:01,465 [omNode-3@group-523986131536-StateMachineUpdater] INFO  impl.StateMachineUpdater (StateMachineUpdater.java:takeSnapshot(277)) - omNode-3@group-523986131536-StateMachineUpdater: Took a snapshot at index 149
2020-07-01 01:06:01,465 [omNode-3@group-523986131536-StateMachineUpdater] INFO  impl.StateMachineUpdater (StateMachineUpdater.java:lambda$new$0(87)) - omNode-3@group-523986131536-StateMachineUpdater: snapshotIndex: updateIncreasingly 99 -> 149
2020-07-01 01:06:01,465 [Thread-4964] DEBUG impl.RaftServerImpl (RaftServerImpl.java:logAppendEntries(928)) - omNode-3@group-523986131536: succeeded to handle AppendEntries. Reply: omNode-1<-omNode-3#175:OK,SUCCESS,nextIndex:151,term:1,followerCommit:149
2020-07-01 01:06:01,465 [grpc-default-executor-1] DEBUG server.GrpcLogAppender (GrpcLogAppender.java:onNext(257)) - omNode-1@group-523986131536->omNode-3-AppendLogResponseHandler: received a reply omNode-1<-omNode-3#175:OK,SUCCESS,nextIndex:151,term:1,followerCommit:149, request=AppendEntriesRequest:cid=175,entriesCount=1,lastEntry=(t:1, i:150)
2020-07-01 01:06:01,467 [grpc-default-executor-7] WARN  server.GrpcLogAppender (LogUtils.java:warn(122)) - omNode-1@group-523986131536->omNode-2-AppendLogResponseHandler: Failed appendEntries: org.apache.ratis.thirdparty.io.grpc.StatusRuntimeException: UNAVAILABLE: io exception
2020-07-01 01:06:01,467 [grpc-default-executor-7] INFO  impl.FollowerInfo (FollowerInfo.java:lambda$new$0(51)) - omNode-1@group-523986131536->omNode-2: nextIndex: updateUnconditionally 151 -> 45
2020-07-01 01:06:01,468 [IPC Server handler 19 on default port 11860] DEBUG impl.RaftServerImpl (RaftServerImpl.java:submitClientRequestAsync(575)) - omNode-1@group-523986131536: receive client request(RaftClientRequest:client-6E5155DBE9B8->omNode-1@group-523986131536, cid=397, seq=0, RW, Message:082412001a13636c6965...(size=360))
2020-07-01 01:06:01,469 [IPC Server handler 19 on default port 11860] INFO  segmented.SegmentedRaftLogWorker (SegmentedRaftLogWorker.java:rollLogSegment(402)) - omNode-1@group-523986131536-SegmentedRaftLogWorker: Rolling segment log-77_150 to index:150
2020-07-01 01:06:01,469 [IPC Server handler 19 on default port 11860] DEBUG impl.RaftServerImpl (LeaderState.java:addPendingRequest(335)) - omNode-1@group-523986131536-LeaderState: addPendingRequest at RaftClientRequest:client-6E5155DBE9B8->omNode-1@group-523986131536, cid=397, seq=0, RW, Message:082412001a13636c6965...(size=360), entry=(t:1, i:151), STATEMACHINELOGENTRY, client-6E5155DBE9B8, cid=397
2020-07-01 01:06:01,469 [omNode-1@group-523986131536-SegmentedRaftLogWorker] INFO  segmented.SegmentedRaftLogWorker (SegmentedRaftLogWorker.java:execute(553)) - omNode-1@group-523986131536-SegmentedRaftLogWorker: Rolled log segment from /github/workspace/mnt/ozone/hadoop-ozone/integration-test/target/test-dir/MiniOzoneClusterImpl-f77758f3-7054-4a66-83a1-d2ef3e95fe09/omNode-1/ratis/c9bc4cf4-3bc3-3c60-a66b-523986131536/current/log_inprogress_77 to /github/workspace/mnt/ozone/hadoop-ozone/integration-test/target/test-dir/MiniOzoneClusterImpl-f77758f3-7054-4a66-83a1-d2ef3e95fe09/omNode-1/ratis/c9bc4cf4-3bc3-3c60-a66b-523986131536/current/log_77-150
2020-07-01 01:06:01,470 [grpc-default-executor-7] DEBUG impl.RaftServerImpl (RaftServerImpl.java:logAppendEntries(928)) - omNode-3@group-523986131536: receive appendEntries(omNode-1, 1, (t:1, i:150), 150, false, commits[omNode-1:c150, omNode-3:c149, omNode-2:c43], entries: (t:1, i:151), STATEMACHINELOGENTRY, client-6E5155DBE9B8, cid=397
2020-07-01 01:06:01,470 [grpc-default-executor-7] INFO  ratis.OzoneManagerStateMachine (OzoneManagerStateMachine.java:getLatestSnapshot(147)) - Latest Snapshot Info 1#149
2020-07-01 01:06:01,470 [grpc-default-executor-7] INFO  ratis.OzoneManagerStateMachine (OzoneManagerStateMachine.java:getLatestSnapshot(147)) - Latest Snapshot Info 1#149
2020-07-01 01:06:01,470 [grpc-default-executor-7] INFO  segmented.SegmentedRaftLogWorker (SegmentedRaftLogWorker.java:rollLogSegment(402)) - omNode-3@group-523986131536-SegmentedRaftLogWorker: Rolling segment log-77_150 to index:150
2020-07-01 01:06:01,470 [omNode-3@group-523986131536-SegmentedRaftLogWorker] INFO  segmented.SegmentedRaftLogWorker (SegmentedRaftLogWorker.java:execute(553)) - omNode-3@group-523986131536-SegmentedRaftLogWorker: Rolled log segment from /github/workspace/mnt/ozone/hadoop-ozone/integration-test/target/test-dir/MiniOzoneClusterImpl-f77758f3-7054-4a66-83a1-d2ef3e95fe09/omNode-3/ratis/c9bc4cf4-3bc3-3c60-a66b-523986131536/current/log_inprogress_77 to /github/workspace/mnt/ozone/hadoop-ozone/integration-test/target/test-dir/MiniOzoneClusterImpl-f77758f3-7054-4a66-83a1-d2ef3e95fe09/omNode-3/ratis/c9bc4cf4-3bc3-3c60-a66b-523986131536/current/log_77-150
2020-07-01 01:06:01,472 [omNode-1@group-523986131536-SegmentedRaftLogWorker] INFO  segmented.SegmentedRaftLogWorker (SegmentedRaftLogWorker.java:execute(596)) - omNode-1@group-523986131536-SegmentedRaftLogWorker: created new log segment /github/workspace/mnt/ozone/hadoop-ozone/integration-test/target/test-dir/MiniOzoneClusterImpl-f77758f3-7054-4a66-83a1-d2ef3e95fe09/omNode-1/ratis/c9bc4cf4-3bc3-3c60-a66b-523986131536/current/log_inprogress_151
2020-07-01 01:06:01,473 [omNode-3@group-523986131536-SegmentedRaftLogWorker] INFO  segmented.SegmentedRaftLogWorker (SegmentedRaftLogWorker.java:execute(596)) - omNode-3@group-523986131536-SegmentedRaftLogWorker: created new log segment /github/workspace/mnt/ozone/hadoop-ozone/integration-test/target/test-dir/MiniOzoneClusterImpl-f77758f3-7054-4a66-83a1-d2ef3e95fe09/omNode-3/ratis/c9bc4cf4-3bc3-3c60-a66b-523986131536/current/log_inprogress_151
2020-07-01 01:06:01,474 [grpc-default-executor-1] WARN  server.GrpcLogAppender (LogUtils.java:warn(122)) - omNode-1@group-523986131536->omNode-2-AppendLogResponseHandler: Failed appendEntries: org.apache.ratis.thirdparty.io.grpc.StatusRuntimeException: UNAVAILABLE: io exception
2020-07-01 01:06:01,474 [grpc-default-executor-1] INFO  impl.FollowerInfo (FollowerInfo.java:lambda$new$0(51)) - omNode-1@group-523986131536->omNode-2: nextIndex: updateUnconditionally 152 -> 45
2020-07-01 01:06:01,474 [Thread-4965] DEBUG impl.RaftServerImpl (RaftServerImpl.java:logAppendEntries(928)) - omNode-3@group-523986131536: succeeded to handle AppendEntries. Reply: omNode-1<-omNode-3#176:OK,SUCCESS,nextIndex:152,term:1,followerCommit:150
2020-07-01 01:06:01,475 [grpc-default-executor-1] DEBUG server.GrpcLogAppender (GrpcLogAppender.java:onNext(257)) - omNode-1@group-523986131536->omNode-3-AppendLogResponseHandler: received a reply omNode-1<-omNode-3#176:OK,SUCCESS,nextIndex:152,term:1,followerCommit:150, request=AppendEntriesRequest:cid=176,entriesCount=1,lastEntry=(t:1, i:151)
2020-07-01 01:06:01,476 [grpc-default-executor-1] DEBUG impl.RaftServerImpl (RaftServerImpl.java:logAppendEntries(928)) - omNode-3@group-523986131536: receive appendEntries(omNode-1, 1, (t:1, i:151), 151, false, commits[omNode-1:c151, omNode-3:c150, omNode-2:c43], entries: (t:1, i:152), METADATAENTRY(c:151)
2020-07-01 01:06:01,476 [grpc-default-executor-1] INFO  ratis.OzoneManagerStateMachine (OzoneManagerStateMachine.java:getLatestSnapshot(147)) - Latest Snapshot Info 1#149
2020-07-01 01:06:01,476 [grpc-default-executor-1] INFO  ratis.OzoneManagerStateMachine (OzoneManagerStateMachine.java:getLatestSnapshot(147)) - Latest Snapshot Info 1#149
2020-07-01 01:06:01,478 [IPC Server handler 12 on default port 11860] DEBUG impl.RaftServerImpl (RaftServerImpl.java:submitClientRequestAsync(575)) - omNode-1@group-523986131536: receive client request(RaftClientRequest:client-6E5155DBE9B8->omNode-1@group-523986131536, cid=398, seq=0, RW, Message:081f12001a13636c6965...(size=409))
2020-07-01 01:06:01,479 [IPC Server handler 12 on default port 11860] DEBUG impl.RaftServerImpl (LeaderState.java:addPendingRequest(335)) - omNode-1@group-523986131536-LeaderState: addPendingRequest at RaftClientRequest:client-6E5155DBE9B8->omNode-1@group-523986131536, cid=398, seq=0, RW, Message:081f12001a13636c6965...(size=409), entry=(t:1, i:153), STATEMACHINELOGENTRY, client-6E5155DBE9B8, cid=398
2020-07-01 01:06:01,479 [grpc-default-executor-7] DEBUG impl.RaftServerImpl (RaftServerImpl.java:logAppendEntries(928)) - omNode-3@group-523986131536: receive appendEntries(omNode-1, 1, (t:1, i:152), 151, false, commits[omNode-1:c151, omNode-3:c150, omNode-2:c43], entries: (t:1, i:153), STATEMACHINELOGENTRY, client-6E5155DBE9B8, cid=398
2020-07-01 01:06:01,479 [grpc-default-executor-7] INFO  ratis.OzoneManagerStateMachine (OzoneManagerStateMachine.java:getLatestSnapshot(147)) - Latest Snapshot Info 1#149
2020-07-01 01:06:01,479 [grpc-default-executor-7] INFO  ratis.OzoneManagerStateMachine (OzoneManagerStateMachine.java:getLatestSnapshot(147)) - Latest Snapshot Info 1#149
2020-07-01 01:06:01,480 [grpc-default-executor-1] WARN  server.GrpcLogAppender (LogUtils.java:warn(122)) - omNode-1@group-523986131536->omNode-2-AppendLogResponseHandler: Failed appendEntries: org.apache.ratis.thirdparty.io.grpc.StatusRuntimeException: UNAVAILABLE: io exception
2020-07-01 01:06:01,480 [grpc-default-executor-1] INFO  impl.FollowerInfo (FollowerInfo.java:lambda$new$0(51)) - omNode-1@group-523986131536->omNode-2: nextIndex: updateUnconditionally 153 -> 45
2020-07-01 01:06:01,481 [Thread-4966] DEBUG impl.RaftServerImpl (RaftServerImpl.java:logAppendEntries(928)) - omNode-3@group-523986131536: succeeded to handle AppendEntries. Reply: omNode-1<-omNode-3#177:OK,SUCCESS,nextIndex:153,term:1,followerCommit:151
2020-07-01 01:06:01,481 [grpc-default-executor-1] DEBUG server.GrpcLogAppender (GrpcLogAppender.java:onNext(257)) - omNode-1@group-523986131536->omNode-3-AppendLogResponseHandler: received a reply omNode-1<-omNode-3#177:OK,SUCCESS,nextIndex:153,term:1,followerCommit:151, request=AppendEntriesRequest:cid=177,entriesCount=1,lastEntry=(t:1, i:152)
2020-07-01 01:06:01,483 [grpc-default-executor-7] WARN  server.GrpcLogAppender (LogUtils.java:warn(122)) - omNode-1@group-523986131536->omNode-2-AppendLogResponseHandler: Failed appendEntries: org.apache.ratis.thirdparty.io.grpc.StatusRuntimeException: UNAVAILABLE: io exception
2020-07-01 01:06:01,483 [grpc-default-executor-7] INFO  impl.FollowerInfo (FollowerInfo.java:lambda$new$0(51)) - omNode-1@group-523986131536->omNode-2: nextIndex: updateUnconditionally 154 -> 45
2020-07-01 01:06:01,489 [Thread-4967] DEBUG impl.RaftServerImpl (RaftServerImpl.java:logAppendEntries(928)) - omNode-3@group-523986131536: succeeded to handle AppendEntries. Reply: omNode-1<-omNode-3#178:OK,SUCCESS,nextIndex:154,term:1,followerCommit:151
2020-07-01 01:06:01,489 [grpc-default-executor-7] DEBUG server.GrpcLogAppender (GrpcLogAppender.java:onNext(257)) - omNode-1@group-523986131536->omNode-3-AppendLogResponseHandler: received a reply omNode-1<-omNode-3#178:OK,SUCCESS,nextIndex:154,term:1,followerCommit:151, request=AppendEntriesRequest:cid=178,entriesCount=1,lastEntry=(t:1, i:153)
2020-07-01 01:06:01,490 [grpc-default-executor-7] DEBUG impl.RaftServerImpl (RaftServerImpl.java:logAppendEntries(928)) - omNode-3@group-523986131536: receive appendEntries(omNode-1, 1, (t:1, i:153), 153, false, commits[omNode-1:c153, omNode-3:c151, omNode-2:c43], entries: (t:1, i:154), METADATAENTRY(c:153)
2020-07-01 01:06:01,491 [grpc-default-executor-7] INFO  ratis.OzoneManagerStateMachine (OzoneManagerStateMachine.java:getLatestSnapshot(147)) - Latest Snapshot Info 1#149
2020-07-01 01:06:01,491 [grpc-default-executor-7] INFO  ratis.OzoneManagerStateMachine (OzoneManagerStateMachine.java:getLatestSnapshot(147)) - Latest Snapshot Info 1#149
2020-07-01 01:06:01,494 [grpc-default-executor-7] WARN  server.GrpcLogAppender (LogUtils.java:warn(122)) - omNode-1@group-523986131536->omNode-2-AppendLogResponseHandler: Failed appendEntries: org.apache.ratis.thirdparty.io.grpc.StatusRuntimeException: UNAVAILABLE: io exception
2020-07-01 01:06:01,494 [grpc-default-executor-7] INFO  impl.FollowerInfo (FollowerInfo.java:lambda$new$0(51)) - omNode-1@group-523986131536->omNode-2: nextIndex: updateUnconditionally 155 -> 45
2020-07-01 01:06:01,494 [Thread-4968] DEBUG impl.RaftServerImpl (RaftServerImpl.java:logAppendEntries(928)) - omNode-3@group-523986131536: succeeded to handle AppendEntries. Reply: omNode-1<-omNode-3#179:OK,SUCCESS,nextIndex:155,term:1,followerCommit:153
2020-07-01 01:06:01,495 [grpc-default-executor-7] DEBUG server.GrpcLogAppender (GrpcLogAppender.java:onNext(257)) - omNode-1@group-523986131536->omNode-3-AppendLogResponseHandler: received a reply omNode-1<-omNode-3#179:OK,SUCCESS,nextIndex:155,term:1,followerCommit:153, request=AppendEntriesRequest:cid=179,entriesCount=1,lastEntry=(t:1, i:154)
2020-07-01 01:06:01,497 [grpc-default-executor-1] WARN  server.GrpcLogAppender (LogUtils.java:warn(122)) - omNode-1@group-523986131536->omNode-2-AppendLogResponseHandler: Failed appendEntries: org.apache.ratis.thirdparty.io.grpc.StatusRuntimeException: UNAVAILABLE: io exception
2020-07-01 01:06:01,497 [grpc-default-executor-1] INFO  impl.FollowerInfo (FollowerInfo.java:lambda$new$0(51)) - omNode-1@group-523986131536->omNode-2: nextIndex: updateUnconditionally 155 -> 45
2020-07-01 01:06:01,500 [IPC Server handler 1 on default port 11860] DEBUG impl.RaftServerImpl (RaftServerImpl.java:submitClientRequestAsync(575)) - omNode-1@group-523986131536: receive client request(RaftClientRequest:client-6E5155DBE9B8->omNode-1@group-523986131536, cid=399, seq=0, RW, Message:082412001a13636c6965...(size=360))
2020-07-01 01:06:01,500 [IPC Server handler 1 on default port 11860] DEBUG impl.RaftServerImpl (LeaderState.java:addPendingRequest(335)) - omNode-1@group-523986131536-LeaderState: addPendingRequest at RaftClientRequest:client-6E5155DBE9B8->omNode-1@group-523986131536, cid=399, seq=0, RW, Message:082412001a13636c6965...(size=360), entry=(t:1, i:155), STATEMACHINELOGENTRY, client-6E5155DBE9B8, cid=399
2020-07-01 01:06:01,501 [grpc-default-executor-7] DEBUG impl.RaftServerImpl (RaftServerImpl.java:logAppendEntries(928)) - omNode-3@group-523986131536: receive appendEntries(omNode-1, 1, (t:1, i:154), 154, false, commits[omNode-1:c154, omNode-3:c153, omNode-2:c43], entries: (t:1, i:155), STATEMACHINELOGENTRY, client-6E5155DBE9B8, cid=399
2020-07-01 01:06:01,501 [grpc-default-executor-7] INFO  ratis.OzoneManagerStateMachine (OzoneManagerStateMachine.java:getLatestSnapshot(147)) - Latest Snapshot Info 1#149
2020-07-01 01:06:01,501 [grpc-default-executor-7] INFO  ratis.OzoneManagerStateMachine (OzoneManagerStateMachine.java:getLatestSnapshot(147)) - Latest Snapshot Info 1#149
2020-07-01 01:06:01,502 [grpc-default-executor-1] WARN  server.GrpcLogAppender (LogUtils.java:warn(122)) - omNode-1@group-523986131536->omNode-2-AppendLogResponseHandler: Failed appendEntries: org.apache.ratis.thirdparty.io.grpc.StatusRuntimeException: UNAVAILABLE: io exception
2020-07-01 01:06:01,502 [grpc-default-executor-1] INFO  impl.FollowerInfo (FollowerInfo.java:lambda$new$0(51)) - omNode-1@group-523986131536->omNode-2: nextIndex: updateUnconditionally 156 -> 45
2020-07-01 01:06:01,509 [Thread-4969] DEBUG impl.RaftServerImpl (RaftServerImpl.java:logAppendEntries(928)) - omNode-3@group-523986131536: succeeded to handle AppendEntries. Reply: omNode-1<-omNode-3#180:OK,SUCCESS,nextIndex:156,term:1,followerCommit:154
2020-07-01 01:06:01,509 [grpc-default-executor-1] DEBUG server.GrpcLogAppender (GrpcLogAppender.java:onNext(257)) - omNode-1@group-523986131536->omNode-3-AppendLogResponseHandler: received a reply omNode-1<-omNode-3#180:OK,SUCCESS,nextIndex:156,term:1,followerCommit:154, request=AppendEntriesRequest:cid=180,entriesCount=1,lastEntry=(t:1, i:155)
2020-07-01 01:06:01,511 [grpc-default-executor-7] DEBUG impl.RaftServerImpl (RaftServerImpl.java:logAppendEntries(928)) - omNode-3@group-523986131536: receive appendEntries(omNode-1, 1, (t:1, i:155), 155, false, commits[omNode-1:c155, omNode-3:c154, omNode-2:c43], entries: (t:1, i:156), METADATAENTRY(c:155)
2020-07-01 01:06:01,511 [grpc-default-executor-7] INFO  ratis.OzoneManagerStateMachine (OzoneManagerStateMachine.java:getLatestSnapshot(147)) - Latest Snapshot Info 1#149
2020-07-01 01:06:01,511 [grpc-default-executor-7] INFO  ratis.OzoneManagerStateMachine (OzoneManagerStateMachine.java:getLatestSnapshot(147)) - Latest Snapshot Info 1#149
2020-07-01 01:06:01,513 [IPC Server handler 3 on default port 11860] DEBUG impl.RaftServerImpl (RaftServerImpl.java:submitClientRequestAsync(575)) - omNode-1@group-523986131536: receive client request(RaftClientRequest:client-6E5155DBE9B8->omNode-1@group-523986131536, cid=400, seq=0, RW, Message:081f12001a13636c6965...(size=409))
2020-07-01 01:06:01,513 [IPC Server handler 3 on default port 11860] DEBUG impl.RaftServerImpl (LeaderState.java:addPendingRequest(335)) - omNode-1@group-523986131536-LeaderState: addPendingRequest at RaftClientRequest:client-6E5155DBE9B8->omNode-1@group-523986131536, cid=400, seq=0, RW, Message:081f12001a13636c6965...(size=409), entry=(t:1, i:157), STATEMACHINELOGENTRY, client-6E5155DBE9B8, cid=400
2020-07-01 01:06:01,514 [grpc-default-executor-7] WARN  server.GrpcLogAppender (LogUtils.java:warn(122)) - omNode-1@group-523986131536->omNode-2-AppendLogResponseHandler: Failed appendEntries: org.apache.ratis.thirdparty.io.grpc.StatusRuntimeException: UNAVAILABLE: io exception
2020-07-01 01:06:01,514 [grpc-default-executor-7] INFO  impl.FollowerInfo (FollowerInfo.java:lambda$new$0(51)) - omNode-1@group-523986131536->omNode-2: nextIndex: updateUnconditionally 157 -> 45
2020-07-01 01:06:01,514 [grpc-default-executor-7] DEBUG impl.RaftServerImpl (RaftServerImpl.java:logAppendEntries(928)) - omNode-3@group-523986131536: receive appendEntries(omNode-1, 1, (t:1, i:156), 155, false, commits[omNode-1:c155, omNode-3:c154, omNode-2:c43], entries: (t:1, i:157), STATEMACHINELOGENTRY, client-6E5155DBE9B8, cid=400
2020-07-01 01:06:01,514 [grpc-default-executor-7] INFO  ratis.OzoneManagerStateMachine (OzoneManagerStateMachine.java:getLatestSnapshot(147)) - Latest Snapshot Info 1#149
2020-07-01 01:06:01,514 [grpc-default-executor-7] INFO  ratis.OzoneManagerStateMachine (OzoneManagerStateMachine.java:getLatestSnapshot(147)) - Latest Snapshot Info 1#149
2020-07-01 01:06:01,517 [Thread-4970] DEBUG impl.RaftServerImpl (RaftServerImpl.java:logAppendEntries(928)) - omNode-3@group-523986131536: succeeded to handle AppendEntries. Reply: omNode-1<-omNode-3#181:OK,SUCCESS,nextIndex:157,term:1,followerCommit:155
2020-07-01 01:06:01,517 [grpc-default-executor-7] DEBUG server.GrpcLogAppender (GrpcLogAppender.java:onNext(257)) - omNode-1@group-523986131536->omNode-3-AppendLogResponseHandler: received a reply omNode-1<-omNode-3#181:OK,SUCCESS,nextIndex:157,term:1,followerCommit:155, request=AppendEntriesRequest:cid=181,entriesCount=1,lastEntry=(t:1, i:156)
2020-07-01 01:06:01,518 [Thread-4971] DEBUG impl.RaftServerImpl (RaftServerImpl.java:logAppendEntries(928)) - omNode-3@group-523986131536: succeeded to handle AppendEntries. Reply: omNode-1<-omNode-3#182:OK,SUCCESS,nextIndex:158,term:1,followerCommit:155
2020-07-01 01:06:01,518 [grpc-default-executor-7] DEBUG server.GrpcLogAppender (GrpcLogAppender.java:onNext(257)) - omNode-1@group-523986131536->omNode-3-AppendLogResponseHandler: received a reply omNode-1<-omNode-3#182:OK,SUCCESS,nextIndex:158,term:1,followerCommit:155, request=AppendEntriesRequest:cid=182,entriesCount=1,lastEntry=(t:1, i:157)
2020-07-01 01:06:01,520 [grpc-default-executor-1] DEBUG impl.RaftServerImpl (RaftServerImpl.java:logAppendEntries(928)) - omNode-3@group-523986131536: receive appendEntries(omNode-1, 1, (t:1, i:157), 157, false, commits[omNode-1:c157, omNode-3:c155, omNode-2:c43], entries: (t:1, i:158), METADATAENTRY(c:157)
2020-07-01 01:06:01,520 [grpc-default-executor-1] INFO  ratis.OzoneManagerStateMachine (OzoneManagerStateMachine.java:getLatestSnapshot(147)) - Latest Snapshot Info 1#149
2020-07-01 01:06:01,520 [grpc-default-executor-1] INFO  ratis.OzoneManagerStateMachine (OzoneManagerStateMachine.java:getLatestSnapshot(147)) - Latest Snapshot Info 1#149
2020-07-01 01:06:01,522 [grpc-default-executor-1] WARN  server.GrpcLogAppender (LogUtils.java:warn(122)) - omNode-1@group-523986131536->omNode-2-AppendLogResponseHandler: Failed appendEntries: org.apache.ratis.thirdparty.io.grpc.StatusRuntimeException: UNAVAILABLE: io exception
2020-07-01 01:06:01,522 [grpc-default-executor-1] INFO  impl.FollowerInfo (FollowerInfo.java:lambda$new$0(51)) - omNode-1@group-523986131536->omNode-2: nextIndex: updateUnconditionally 158 -> 45
2020-07-01 01:06:01,526 [Thread-4972] DEBUG impl.RaftServerImpl (RaftServerImpl.java:logAppendEntries(928)) - omNode-3@group-523986131536: succeeded to handle AppendEntries. Reply: omNode-1<-omNode-3#183:OK,SUCCESS,nextIndex:159,term:1,followerCommit:157
2020-07-01 01:06:01,526 [grpc-default-executor-1] DEBUG server.GrpcLogAppender (GrpcLogAppender.java:onNext(257)) - omNode-1@group-523986131536->omNode-3-AppendLogResponseHandler: received a reply omNode-1<-omNode-3#183:OK,SUCCESS,nextIndex:159,term:1,followerCommit:157, request=AppendEntriesRequest:cid=183,entriesCount=1,lastEntry=(t:1, i:158)
2020-07-01 01:06:01,529 [grpc-default-executor-6] WARN  server.GrpcLogAppender (LogUtils.java:warn(122)) - omNode-1@group-523986131536->omNode-2-AppendLogResponseHandler: Failed appendEntries: org.apache.ratis.thirdparty.io.grpc.StatusRuntimeException: UNAVAILABLE: io exception
2020-07-01 01:06:01,529 [grpc-default-executor-6] INFO  impl.FollowerInfo (FollowerInfo.java:lambda$new$0(51)) - omNode-1@group-523986131536->omNode-2: nextIndex: updateUnconditionally 159 -> 45
2020-07-01 01:06:01,530 [IPC Server handler 0 on default port 11860] DEBUG impl.RaftServerImpl (RaftServerImpl.java:submitClientRequestAsync(575)) - omNode-1@group-523986131536: receive client request(RaftClientRequest:client-6E5155DBE9B8->omNode-1@group-523986131536, cid=401, seq=0, RW, Message:082412001a13636c6965...(size=360))
2020-07-01 01:06:01,530 [IPC Server handler 0 on default port 11860] DEBUG impl.RaftServerImpl (LeaderState.java:addPendingRequest(335)) - omNode-1@group-523986131536-LeaderState: addPendingRequest at RaftClientRequest:client-6E5155DBE9B8->omNode-1@group-523986131536, cid=401, seq=0, RW, Message:082412001a13636c6965...(size=360), entry=(t:1, i:159), STATEMACHINELOGENTRY, client-6E5155DBE9B8, cid=401
2020-07-01 01:06:01,531 [grpc-default-executor-1] DEBUG impl.RaftServerImpl (RaftServerImpl.java:logAppendEntries(928)) - omNode-3@group-523986131536: receive appendEntries(omNode-1, 1, (t:1, i:158), 158, false, commits[omNode-1:c158, omNode-3:c157, omNode-2:c43], entries: (t:1, i:159), STATEMACHINELOGENTRY, client-6E5155DBE9B8, cid=401
2020-07-01 01:06:01,531 [grpc-default-executor-1] INFO  ratis.OzoneManagerStateMachine (OzoneManagerStateMachine.java:getLatestSnapshot(147)) - Latest Snapshot Info 1#149
2020-07-01 01:06:01,531 [grpc-default-executor-1] INFO  ratis.OzoneManagerStateMachine (OzoneManagerStateMachine.java:getLatestSnapshot(147)) - Latest Snapshot Info 1#149
2020-07-01 01:06:01,532 [Thread-4973] DEBUG impl.RaftServerImpl (RaftServerImpl.java:logAppendEntries(928)) - omNode-3@group-523986131536: succeeded to handle AppendEntries. Reply: omNode-1<-omNode-3#184:OK,SUCCESS,nextIndex:160,term:1,followerCommit:158
2020-07-01 01:06:01,532 [grpc-default-executor-6] WARN  server.GrpcLogAppender (LogUtils.java:warn(122)) - omNode-1@group-523986131536->omNode-2-AppendLogResponseHandler: Failed appendEntries: org.apache.ratis.thirdparty.io.grpc.StatusRuntimeException: UNAVAILABLE: io exception
2020-07-01 01:06:01,533 [grpc-default-executor-6] INFO  impl.FollowerInfo (FollowerInfo.java:lambda$new$0(51)) - omNode-1@group-523986131536->omNode-2: nextIndex: updateUnconditionally 160 -> 45
2020-07-01 01:06:01,534 [grpc-default-executor-6] DEBUG server.GrpcLogAppender (GrpcLogAppender.java:onNext(257)) - omNode-1@group-523986131536->omNode-3-AppendLogResponseHandler: received a reply omNode-1<-omNode-3#184:OK,SUCCESS,nextIndex:160,term:1,followerCommit:158, request=AppendEntriesRequest:cid=184,entriesCount=1,lastEntry=(t:1, i:159)
2020-07-01 01:06:01,537 [IPC Server handler 5 on default port 11860] DEBUG impl.RaftServerImpl (RaftServerImpl.java:submitClientRequestAsync(575)) - omNode-1@group-523986131536: receive client request(RaftClientRequest:client-6E5155DBE9B8->omNode-1@group-523986131536, cid=402, seq=0, RW, Message:081f12001a13636c6965...(size=409))
2020-07-01 01:06:01,537 [IPC Server handler 5 on default port 11860] DEBUG impl.RaftServerImpl (LeaderState.java:addPendingRequest(335)) - omNode-1@group-523986131536-LeaderState: addPendingRequest at RaftClientRequest:client-6E5155DBE9B8->omNode-1@group-523986131536, cid=402, seq=0, RW, Message:081f12001a13636c6965...(size=409), entry=(t:1, i:161), STATEMACHINELOGENTRY, client-6E5155DBE9B8, cid=402
2020-07-01 01:06:01,538 [grpc-default-executor-6] DEBUG impl.RaftServerImpl (RaftServerImpl.java:logAppendEntries(928)) - omNode-3@group-523986131536: receive appendEntries(omNode-1, 1, (t:1, i:159), 159, false, commits[omNode-1:c159, omNode-3:c158, omNode-2:c43], entries: (t:1, i:160), METADATAENTRY(c:159)
2020-07-01 01:06:01,538 [grpc-default-executor-6] INFO  ratis.OzoneManagerStateMachine (OzoneManagerStateMachine.java:getLatestSnapshot(147)) - Latest Snapshot Info 1#149
2020-07-01 01:06:01,538 [grpc-default-executor-6] INFO  ratis.OzoneManagerStateMachine (OzoneManagerStateMachine.java:getLatestSnapshot(147)) - Latest Snapshot Info 1#149
2020-07-01 01:06:01,538 [grpc-default-executor-7] WARN  server.GrpcLogAppender (LogUtils.java:warn(122)) - omNode-1@group-523986131536->omNode-2-AppendLogResponseHandler: Failed appendEntries: org.apache.ratis.thirdparty.io.grpc.StatusRuntimeException: UNAVAILABLE: io exception
2020-07-01 01:06:01,538 [grpc-default-executor-7] INFO  impl.FollowerInfo (FollowerInfo.java:lambda$new$0(51)) - omNode-1@group-523986131536->omNode-2: nextIndex: updateUnconditionally 161 -> 45
2020-07-01 01:06:01,540 [grpc-default-executor-1] WARN  server.GrpcLogAppender (LogUtils.java:warn(122)) - omNode-1@group-523986131536->omNode-2-AppendLogResponseHandler: Failed appendEntries: org.apache.ratis.thirdparty.io.grpc.StatusRuntimeException: UNAVAILABLE: io exception
2020-07-01 01:06:01,540 [grpc-default-executor-6] DEBUG impl.RaftServerImpl (RaftServerImpl.java:logAppendEntries(928)) - omNode-3@group-523986131536: receive appendEntries(omNode-1, 1, (t:1, i:160), 159, false, commits[omNode-1:c159, omNode-3:c158, omNode-2:c43], entries: (t:1, i:161), STATEMACHINELOGENTRY, client-6E5155DBE9B8, cid=402
2020-07-01 01:06:01,540 [grpc-default-executor-1] INFO  impl.FollowerInfo (FollowerInfo.java:lambda$new$0(51)) - omNode-1@group-523986131536->omNode-2: nextIndex: updateUnconditionally 162 -> 45
2020-07-01 01:06:01,541 [grpc-default-executor-6] INFO  ratis.OzoneManagerStateMachine (OzoneManagerStateMachine.java:getLatestSnapshot(147)) - Latest Snapshot Info 1#149
2020-07-01 01:06:01,541 [grpc-default-executor-6] INFO  ratis.OzoneManagerStateMachine (OzoneManagerStateMachine.java:getLatestSnapshot(147)) - Latest Snapshot Info 1#149
2020-07-01 01:06:01,541 [Thread-4974] DEBUG impl.RaftServerImpl (RaftServerImpl.java:logAppendEntries(928)) - omNode-3@group-523986131536: succeeded to handle AppendEntries. Reply: omNode-1<-omNode-3#185:OK,SUCCESS,nextIndex:161,term:1,followerCommit:159
2020-07-01 01:06:01,542 [Thread-4975] DEBUG impl.RaftServerImpl (RaftServerImpl.java:logAppendEntries(928)) - omNode-3@group-523986131536: succeeded to handle AppendEntries. Reply: omNode-1<-omNode-3#186:OK,SUCCESS,nextIndex:162,term:1,followerCommit:159
2020-07-01 01:06:01,542 [grpc-default-executor-6] DEBUG server.GrpcLogAppender (GrpcLogAppender.java:onNext(257)) - omNode-1@group-523986131536->omNode-3-AppendLogResponseHandler: received a reply omNode-1<-omNode-3#185:OK,SUCCESS,nextIndex:161,term:1,followerCommit:159, request=AppendEntriesRequest:cid=185,entriesCount=1,lastEntry=(t:1, i:160)
2020-07-01 01:06:01,543 [grpc-default-executor-1] DEBUG server.GrpcLogAppender (GrpcLogAppender.java:onNext(257)) - omNode-1@group-523986131536->omNode-3-AppendLogResponseHandler: received a reply omNode-1<-omNode-3#186:OK,SUCCESS,nextIndex:162,term:1,followerCommit:159, request=AppendEntriesRequest:cid=186,entriesCount=1,lastEntry=(t:1, i:161)
2020-07-01 01:06:01,544 [grpc-default-executor-6] WARN  server.GrpcLogAppender (LogUtils.java:warn(122)) - omNode-1@group-523986131536->omNode-2-AppendLogResponseHandler: Failed appendEntries: org.apache.ratis.thirdparty.io.grpc.StatusRuntimeException: UNAVAILABLE: io exception
2020-07-01 01:06:01,544 [grpc-default-executor-6] INFO  impl.FollowerInfo (FollowerInfo.java:lambda$new$0(51)) - omNode-1@group-523986131536->omNode-2: nextIndex: updateUnconditionally 162 -> 45
2020-07-01 01:06:01,545 [grpc-default-executor-6] DEBUG impl.RaftServerImpl (RaftServerImpl.java:logAppendEntries(928)) - omNode-3@group-523986131536: receive appendEntries(omNode-1, 1, (t:1, i:161), 161, false, commits[omNode-1:c161, omNode-3:c159, omNode-2:c43], entries: (t:1, i:162), METADATAENTRY(c:161)
2020-07-01 01:06:01,545 [grpc-default-executor-6] INFO  ratis.OzoneManagerStateMachine (OzoneManagerStateMachine.java:getLatestSnapshot(147)) - Latest Snapshot Info 1#149
2020-07-01 01:06:01,545 [grpc-default-executor-6] INFO  ratis.OzoneManagerStateMachine (OzoneManagerStateMachine.java:getLatestSnapshot(147)) - Latest Snapshot Info 1#149
2020-07-01 01:06:01,546 [Thread-4976] DEBUG impl.RaftServerImpl (RaftServerImpl.java:logAppendEntries(928)) - omNode-3@group-523986131536: succeeded to handle AppendEntries. Reply: omNode-1<-omNode-3#187:OK,SUCCESS,nextIndex:163,term:1,followerCommit:161
2020-07-01 01:06:01,547 [grpc-default-executor-1] DEBUG server.GrpcLogAppender (GrpcLogAppender.java:onNext(257)) - omNode-1@group-523986131536->omNode-3-AppendLogResponseHandler: received a reply omNode-1<-omNode-3#187:OK,SUCCESS,nextIndex:163,term:1,followerCommit:161, request=AppendEntriesRequest:cid=187,entriesCount=1,lastEntry=(t:1, i:162)
2020-07-01 01:06:01,548 [grpc-default-executor-6] WARN  server.GrpcLogAppender (LogUtils.java:warn(122)) - omNode-1@group-523986131536->omNode-2-AppendLogResponseHandler: Failed appendEntries: org.apache.ratis.thirdparty.io.grpc.StatusRuntimeException: UNAVAILABLE: io exception
2020-07-01 01:06:01,548 [grpc-default-executor-6] INFO  impl.FollowerInfo (FollowerInfo.java:lambda$new$0(51)) - omNode-1@group-523986131536->omNode-2: nextIndex: updateUnconditionally 163 -> 45
2020-07-01 01:06:01,550 [IPC Server handler 2 on default port 11860] DEBUG impl.RaftServerImpl (RaftServerImpl.java:submitClientRequestAsync(575)) - omNode-1@group-523986131536: receive client request(RaftClientRequest:client-6E5155DBE9B8->omNode-1@group-523986131536, cid=403, seq=0, RW, Message:082412001a13636c6965...(size=360))
2020-07-01 01:06:01,550 [IPC Server handler 2 on default port 11860] DEBUG impl.RaftServerImpl (LeaderState.java:addPendingRequest(335)) - omNode-1@group-523986131536-LeaderState: addPendingRequest at RaftClientRequest:client-6E5155DBE9B8->omNode-1@group-523986131536, cid=403, seq=0, RW, Message:082412001a13636c6965...(size=360), entry=(t:1, i:163), STATEMACHINELOGENTRY, client-6E5155DBE9B8, cid=403
2020-07-01 01:06:01,552 [grpc-default-executor-6] DEBUG impl.RaftServerImpl (RaftServerImpl.java:logAppendEntries(928)) - omNode-3@group-523986131536: receive appendEntries(omNode-1, 1, (t:1, i:162), 162, false, commits[omNode-1:c162, omNode-3:c161, omNode-2:c43], entries: (t:1, i:163), STATEMACHINELOGENTRY, client-6E5155DBE9B8, cid=403
2020-07-01 01:06:01,552 [grpc-default-executor-6] INFO  ratis.OzoneManagerStateMachine (OzoneManagerStateMachine.java:getLatestSnapshot(147)) - Latest Snapshot Info 1#149
2020-07-01 01:06:01,552 [grpc-default-executor-6] INFO  ratis.OzoneManagerStateMachine (OzoneManagerStateMachine.java:getLatestSnapshot(147)) - Latest Snapshot Info 1#149
2020-07-01 01:06:01,552 [grpc-default-executor-6] WARN  server.GrpcLogAppender (LogUtils.java:warn(122)) - omNode-1@group-523986131536->omNode-2-AppendLogResponseHandler: Failed appendEntries: org.apache.ratis.thirdparty.io.grpc.StatusRuntimeException: UNAVAILABLE: io exception
2020-07-01 01:06:01,552 [grpc-default-executor-6] INFO  impl.FollowerInfo (FollowerInfo.java:lambda$new$0(51)) - omNode-1@group-523986131536->omNode-2: nextIndex: updateUnconditionally 164 -> 45
2020-07-01 01:06:01,553 [Thread-4977] DEBUG impl.RaftServerImpl (RaftServerImpl.java:logAppendEntries(928)) - omNode-3@group-523986131536: succeeded to handle AppendEntries. Reply: omNode-1<-omNode-3#188:OK,SUCCESS,nextIndex:164,term:1,followerCommit:162
2020-07-01 01:06:01,553 [grpc-default-executor-6] DEBUG server.GrpcLogAppender (GrpcLogAppender.java:onNext(257)) - omNode-1@group-523986131536->omNode-3-AppendLogResponseHandler: received a reply omNode-1<-omNode-3#188:OK,SUCCESS,nextIndex:164,term:1,followerCommit:162, request=AppendEntriesRequest:cid=188,entriesCount=1,lastEntry=(t:1, i:163)
2020-07-01 01:06:01,555 [grpc-default-executor-6] DEBUG impl.RaftServerImpl (RaftServerImpl.java:logAppendEntries(928)) - omNode-3@group-523986131536: receive appendEntries(omNode-1, 1, (t:1, i:163), 163, false, commits[omNode-1:c163, omNode-3:c162, omNode-2:c43], entries: (t:1, i:164), METADATAENTRY(c:163)
2020-07-01 01:06:01,555 [grpc-default-executor-6] INFO  ratis.OzoneManagerStateMachine (OzoneManagerStateMachine.java:getLatestSnapshot(147)) - Latest Snapshot Info 1#149
2020-07-01 01:06:01,555 [grpc-default-executor-6] INFO  ratis.OzoneManagerStateMachine (OzoneManagerStateMachine.java:getLatestSnapshot(147)) - Latest Snapshot Info 1#149
2020-07-01 01:06:01,556 [grpc-default-executor-7] WARN  server.GrpcLogAppender (LogUtils.java:warn(122)) - omNode-1@group-523986131536->omNode-2-AppendLogResponseHandler: Failed appendEntries: org.apache.ratis.thirdparty.io.grpc.StatusRuntimeException: UNAVAILABLE: io exception
2020-07-01 01:06:01,556 [grpc-default-executor-7] INFO  impl.FollowerInfo (FollowerInfo.java:lambda$new$0(51)) - omNode-1@group-523986131536->omNode-2: nextIndex: updateUnconditionally 165 -> 45
2020-07-01 01:06:01,557 [IPC Server handler 4 on default port 11860] DEBUG impl.RaftServerImpl (RaftServerImpl.java:submitClientRequestAsync(575)) - omNode-1@group-523986131536: receive client request(RaftClientRequest:client-6E5155DBE9B8->omNode-1@group-523986131536, cid=404, seq=0, RW, Message:081f12001a13636c6965...(size=409))
2020-07-01 01:06:01,557 [IPC Server handler 4 on default port 11860] DEBUG impl.RaftServerImpl (LeaderState.java:addPendingRequest(335)) - omNode-1@group-523986131536-LeaderState: addPendingRequest at RaftClientRequest:client-6E5155DBE9B8->omNode-1@group-523986131536, cid=404, seq=0, RW, Message:081f12001a13636c6965...(size=409), entry=(t:1, i:165), STATEMACHINELOGENTRY, client-6E5155DBE9B8, cid=404
2020-07-01 01:06:01,558 [grpc-default-executor-7] DEBUG impl.RaftServerImpl (RaftServerImpl.java:logAppendEntries(928)) - omNode-3@group-523986131536: receive appendEntries(omNode-1, 1, (t:1, i:164), 163, false, commits[omNode-1:c163, omNode-3:c162, omNode-2:c43], entries: (t:1, i:165), STATEMACHINELOGENTRY, client-6E5155DBE9B8, cid=404
2020-07-01 01:06:01,558 [grpc-default-executor-7] INFO  ratis.OzoneManagerStateMachine (OzoneManagerStateMachine.java:getLatestSnapshot(147)) - Latest Snapshot Info 1#149
2020-07-01 01:06:01,558 [grpc-default-executor-7] INFO  ratis.OzoneManagerStateMachine (OzoneManagerStateMachine.java:getLatestSnapshot(147)) - Latest Snapshot Info 1#149
2020-07-01 01:06:01,559 [Thread-4978] DEBUG impl.RaftServerImpl (RaftServerImpl.java:logAppendEntries(928)) - omNode-3@group-523986131536: succeeded to handle AppendEntries. Reply: omNode-1<-omNode-3#189:OK,SUCCESS,nextIndex:165,term:1,followerCommit:163
2020-07-01 01:06:01,560 [grpc-default-executor-6] WARN  server.GrpcLogAppender (LogUtils.java:warn(122)) - omNode-1@group-523986131536->omNode-2-AppendLogResponseHandler: Failed appendEntries: org.apache.ratis.thirdparty.io.grpc.StatusRuntimeException: UNAVAILABLE: io exception
2020-07-01 01:06:01,560 [grpc-default-executor-6] INFO  impl.FollowerInfo (FollowerInfo.java:lambda$new$0(51)) - omNode-1@group-523986131536->omNode-2: nextIndex: updateUnconditionally 166 -> 45
2020-07-01 01:06:01,560 [grpc-default-executor-7] DEBUG server.GrpcLogAppender (GrpcLogAppender.java:onNext(257)) - omNode-1@group-523986131536->omNode-3-AppendLogResponseHandler: received a reply omNode-1<-omNode-3#189:OK,SUCCESS,nextIndex:165,term:1,followerCommit:163, request=AppendEntriesRequest:cid=189,entriesCount=1,lastEntry=(t:1, i:164)
2020-07-01 01:06:01,560 [Thread-4979] DEBUG impl.RaftServerImpl (RaftServerImpl.java:logAppendEntries(928)) - omNode-3@group-523986131536: succeeded to handle AppendEntries. Reply: omNode-1<-omNode-3#190:OK,SUCCESS,nextIndex:166,term:1,followerCommit:163
2020-07-01 01:06:01,561 [grpc-default-executor-7] DEBUG server.GrpcLogAppender (GrpcLogAppender.java:onNext(257)) - omNode-1@group-523986131536->omNode-3-AppendLogResponseHandler: received a reply omNode-1<-omNode-3#190:OK,SUCCESS,nextIndex:166,term:1,followerCommit:163, request=AppendEntriesRequest:cid=190,entriesCount=1,lastEntry=(t:1, i:165)
2020-07-01 01:06:01,562 [grpc-default-executor-7] DEBUG impl.RaftServerImpl (RaftServerImpl.java:logAppendEntries(928)) - omNode-3@group-523986131536: receive appendEntries(omNode-1, 1, (t:1, i:165), 165, false, commits[omNode-1:c165, omNode-3:c163, omNode-2:c43], entries: (t:1, i:166), METADATAENTRY(c:165)
2020-07-01 01:06:01,562 [grpc-default-executor-7] INFO  ratis.OzoneManagerStateMachine (OzoneManagerStateMachine.java:getLatestSnapshot(147)) - Latest Snapshot Info 1#149
2020-07-01 01:06:01,562 [grpc-default-executor-7] INFO  ratis.OzoneManagerStateMachine (OzoneManagerStateMachine.java:getLatestSnapshot(147)) - Latest Snapshot Info 1#149
2020-07-01 01:06:01,564 [grpc-default-executor-7] WARN  server.GrpcLogAppender (LogUtils.java:warn(122)) - omNode-1@group-523986131536->omNode-2-AppendLogResponseHandler: Failed appendEntries: org.apache.ratis.thirdparty.io.grpc.StatusRuntimeException: UNAVAILABLE: io exception
2020-07-01 01:06:01,564 [grpc-default-executor-7] INFO  impl.FollowerInfo (FollowerInfo.java:lambda$new$0(51)) - omNode-1@group-523986131536->omNode-2: nextIndex: updateUnconditionally 166 -> 45
2020-07-01 01:06:01,564 [Thread-4980] DEBUG impl.RaftServerImpl (RaftServerImpl.java:logAppendEntries(928)) - omNode-3@group-523986131536: succeeded to handle AppendEntries. Reply: omNode-1<-omNode-3#191:OK,SUCCESS,nextIndex:167,term:1,followerCommit:165
2020-07-01 01:06:01,565 [grpc-default-executor-1] DEBUG server.GrpcLogAppender (GrpcLogAppender.java:onNext(257)) - omNode-1@group-523986131536->omNode-3-AppendLogResponseHandler: received a reply omNode-1<-omNode-3#191:OK,SUCCESS,nextIndex:167,term:1,followerCommit:165, request=AppendEntriesRequest:cid=191,entriesCount=1,lastEntry=(t:1, i:166)
2020-07-01 01:06:01,566 [grpc-default-executor-7] WARN  server.GrpcLogAppender (LogUtils.java:warn(122)) - omNode-1@group-523986131536->omNode-2-AppendLogResponseHandler: Failed appendEntries: org.apache.ratis.thirdparty.io.grpc.StatusRuntimeException: UNAVAILABLE: io exception
2020-07-01 01:06:01,567 [grpc-default-executor-7] INFO  impl.FollowerInfo (FollowerInfo.java:lambda$new$0(51)) - omNode-1@group-523986131536->omNode-2: nextIndex: updateUnconditionally 167 -> 45
2020-07-01 01:06:01,571 [IPC Server handler 6 on default port 11860] DEBUG impl.RaftServerImpl (RaftServerImpl.java:submitClientRequestAsync(575)) - omNode-1@group-523986131536: receive client request(RaftClientRequest:client-6E5155DBE9B8->omNode-1@group-523986131536, cid=405, seq=0, RW, Message:082412001a13636c6965...(size=360))
2020-07-01 01:06:01,571 [IPC Server handler 6 on default port 11860] DEBUG impl.RaftServerImpl (LeaderState.java:addPendingRequest(335)) - omNode-1@group-523986131536-LeaderState: addPendingRequest at RaftClientRequest:client-6E5155DBE9B8->omNode-1@group-523986131536, cid=405, seq=0, RW, Message:082412001a13636c6965...(size=360), entry=(t:1, i:167), STATEMACHINELOGENTRY, client-6E5155DBE9B8, cid=405
2020-07-01 01:06:01,573 [grpc-default-executor-1] DEBUG impl.RaftServerImpl (RaftServerImpl.java:logAppendEntries(928)) - omNode-3@group-523986131536: receive appendEntries(omNode-1, 1, (t:1, i:166), 166, false, commits[omNode-1:c166, omNode-3:c165, omNode-2:c43], entries: (t:1, i:167), STATEMACHINELOGENTRY, client-6E5155DBE9B8, cid=405
2020-07-01 01:06:01,573 [grpc-default-executor-1] INFO  ratis.OzoneManagerStateMachine (OzoneManagerStateMachine.java:getLatestSnapshot(147)) - Latest Snapshot Info 1#149
2020-07-01 01:06:01,573 [grpc-default-executor-1] INFO  ratis.OzoneManagerStateMachine (OzoneManagerStateMachine.java:getLatestSnapshot(147)) - Latest Snapshot Info 1#149
2020-07-01 01:06:01,573 [grpc-default-executor-7] WARN  server.GrpcLogAppender (LogUtils.java:warn(122)) - omNode-1@group-523986131536->omNode-2-AppendLogResponseHandler: Failed appendEntries: org.apache.ratis.thirdparty.io.grpc.StatusRuntimeException: UNAVAILABLE: io exception
2020-07-01 01:06:01,573 [grpc-default-executor-7] INFO  impl.FollowerInfo (FollowerInfo.java:lambda$new$0(51)) - omNode-1@group-523986131536->omNode-2: nextIndex: updateUnconditionally 168 -> 45
2020-07-01 01:06:01,574 [Thread-4981] DEBUG impl.RaftServerImpl (RaftServerImpl.java:logAppendEntries(928)) - omNode-3@group-523986131536: succeeded to handle AppendEntries. Reply: omNode-1<-omNode-3#192:OK,SUCCESS,nextIndex:168,term:1,followerCommit:166
2020-07-01 01:06:01,574 [grpc-default-executor-7] DEBUG server.GrpcLogAppender (GrpcLogAppender.java:onNext(257)) - omNode-1@group-523986131536->omNode-3-AppendLogResponseHandler: received a reply omNode-1<-omNode-3#192:OK,SUCCESS,nextIndex:168,term:1,followerCommit:166, request=AppendEntriesRequest:cid=192,entriesCount=1,lastEntry=(t:1, i:167)
2020-07-01 01:06:01,576 [grpc-default-executor-1] DEBUG impl.RaftServerImpl (RaftServerImpl.java:logAppendEntries(928)) - omNode-3@group-523986131536: receive appendEntries(omNode-1, 1, (t:1, i:167), 167, false, commits[omNode-1:c167, omNode-3:c166, omNode-2:c43], entries: (t:1, i:168), METADATAENTRY(c:167)
2020-07-01 01:06:01,576 [grpc-default-executor-1] INFO  ratis.OzoneManagerStateMachine (OzoneManagerStateMachine.java:getLatestSnapshot(147)) - Latest Snapshot Info 1#149
2020-07-01 01:06:01,576 [grpc-default-executor-1] INFO  ratis.OzoneManagerStateMachine (OzoneManagerStateMachine.java:getLatestSnapshot(147)) - Latest Snapshot Info 1#149
2020-07-01 01:06:01,577 [grpc-default-executor-1] WARN  server.GrpcLogAppender (LogUtils.java:warn(122)) - omNode-1@group-523986131536->omNode-2-AppendLogResponseHandler: Failed appendEntries: org.apache.ratis.thirdparty.io.grpc.StatusRuntimeException: UNAVAILABLE: io exception
2020-07-01 01:06:01,577 [grpc-default-executor-1] INFO  impl.FollowerInfo (FollowerInfo.java:lambda$new$0(51)) - omNode-1@group-523986131536->omNode-2: nextIndex: updateUnconditionally 169 -> 45
2020-07-01 01:06:01,577 [IPC Server handler 7 on default port 11860] DEBUG impl.RaftServerImpl (RaftServerImpl.java:submitClientRequestAsync(575)) - omNode-1@group-523986131536: receive client request(RaftClientRequest:client-6E5155DBE9B8->omNode-1@group-523986131536, cid=406, seq=0, RW, Message:081f12001a13636c6965...(size=409))
2020-07-01 01:06:01,578 [IPC Server handler 7 on default port 11860] DEBUG impl.RaftServerImpl (LeaderState.java:addPendingRequest(335)) - omNode-1@group-523986131536-LeaderState: addPendingRequest at RaftClientRequest:client-6E5155DBE9B8->omNode-1@group-523986131536, cid=406, seq=0, RW, Message:081f12001a13636c6965...(size=409), entry=(t:1, i:169), STATEMACHINELOGENTRY, client-6E5155DBE9B8, cid=406
2020-07-01 01:06:01,580 [grpc-default-executor-6] WARN  server.GrpcLogAppender (LogUtils.java:warn(122)) - omNode-1@group-523986131536->omNode-2-AppendLogResponseHandler: Failed appendEntries: org.apache.ratis.thirdparty.io.grpc.StatusRuntimeException: UNAVAILABLE: io exception
2020-07-01 01:06:01,580 [grpc-default-executor-1] DEBUG impl.RaftServerImpl (RaftServerImpl.java:logAppendEntries(928)) - omNode-3@group-523986131536: receive appendEntries(omNode-1, 1, (t:1, i:168), 167, false, commits[omNode-1:c167, omNode-3:c166, omNode-2:c43], entries: (t:1, i:169), STATEMACHINELOGENTRY, client-6E5155DBE9B8, cid=406
2020-07-01 01:06:01,580 [grpc-default-executor-6] INFO  impl.FollowerInfo (FollowerInfo.java:lambda$new$0(51)) - omNode-1@group-523986131536->omNode-2: nextIndex: updateUnconditionally 170 -> 45
2020-07-01 01:06:01,580 [grpc-default-executor-1] INFO  ratis.OzoneManagerStateMachine (OzoneManagerStateMachine.java:getLatestSnapshot(147)) - Latest Snapshot Info 1#149
2020-07-01 01:06:01,580 [grpc-default-executor-1] INFO  ratis.OzoneManagerStateMachine (OzoneManagerStateMachine.java:getLatestSnapshot(147)) - Latest Snapshot Info 1#149
2020-07-01 01:06:01,580 [Thread-4982] DEBUG impl.RaftServerImpl (RaftServerImpl.java:logAppendEntries(928)) - omNode-3@group-523986131536: succeeded to handle AppendEntries. Reply: omNode-1<-omNode-3#193:OK,SUCCESS,nextIndex:169,term:1,followerCommit:167
2020-07-01 01:06:01,581 [grpc-default-executor-1] DEBUG server.GrpcLogAppender (GrpcLogAppender.java:onNext(257)) - omNode-1@group-523986131536->omNode-3-AppendLogResponseHandler: received a reply omNode-1<-omNode-3#193:OK,SUCCESS,nextIndex:169,term:1,followerCommit:167, request=AppendEntriesRequest:cid=193,entriesCount=1,lastEntry=(t:1, i:168)
2020-07-01 01:06:01,582 [grpc-default-executor-6] WARN  server.GrpcLogAppender (LogUtils.java:warn(122)) - omNode-1@group-523986131536->omNode-2-AppendLogResponseHandler: Failed appendEntries: org.apache.ratis.thirdparty.io.grpc.StatusRuntimeException: UNAVAILABLE: io exception
2020-07-01 01:06:01,583 [grpc-default-executor-6] INFO  impl.FollowerInfo (FollowerInfo.java:lambda$new$0(51)) - omNode-1@group-523986131536->omNode-2: nextIndex: updateUnconditionally 170 -> 45
2020-07-01 01:06:01,585 [Thread-4983] DEBUG impl.RaftServerImpl (RaftServerImpl.java:logAppendEntries(928)) - omNode-3@group-523986131536: succeeded to handle AppendEntries. Reply: omNode-1<-omNode-3#194:OK,SUCCESS,nextIndex:170,term:1,followerCommit:167
2020-07-01 01:06:01,585 [grpc-default-executor-6] DEBUG server.GrpcLogAppender (GrpcLogAppender.java:onNext(257)) - omNode-1@group-523986131536->omNode-3-AppendLogResponseHandler: received a reply omNode-1<-omNode-3#194:OK,SUCCESS,nextIndex:170,term:1,followerCommit:167, request=AppendEntriesRequest:cid=194,entriesCount=1,lastEntry=(t:1, i:169)
2020-07-01 01:06:01,586 [grpc-default-executor-6] DEBUG impl.RaftServerImpl (RaftServerImpl.java:logAppendEntries(928)) - omNode-3@group-523986131536: receive appendEntries(omNode-1, 1, (t:1, i:169), 169, false, commits[omNode-1:c169, omNode-3:c167, omNode-2:c43], entries: (t:1, i:170), METADATAENTRY(c:169)
2020-07-01 01:06:01,587 [grpc-default-executor-6] INFO  ratis.OzoneManagerStateMachine (OzoneManagerStateMachine.java:getLatestSnapshot(147)) - Latest Snapshot Info 1#149
2020-07-01 01:06:01,587 [grpc-default-executor-6] INFO  ratis.OzoneManagerStateMachine (OzoneManagerStateMachine.java:getLatestSnapshot(147)) - Latest Snapshot Info 1#149
2020-07-01 01:06:01,589 [grpc-default-executor-7] WARN  server.GrpcLogAppender (LogUtils.java:warn(122)) - omNode-1@group-523986131536->omNode-2-AppendLogResponseHandler: Failed appendEntries: org.apache.ratis.thirdparty.io.grpc.StatusRuntimeException: UNAVAILABLE: io exception
2020-07-01 01:06:01,590 [grpc-default-executor-7] INFO  impl.FollowerInfo (FollowerInfo.java:lambda$new$0(51)) - omNode-1@group-523986131536->omNode-2: nextIndex: updateUnconditionally 171 -> 45
2020-07-01 01:06:01,593 [Thread-4984] DEBUG impl.RaftServerImpl (RaftServerImpl.java:logAppendEntries(928)) - omNode-3@group-523986131536: succeeded to handle AppendEntries. Reply: omNode-1<-omNode-3#195:OK,SUCCESS,nextIndex:171,term:1,followerCommit:169
2020-07-01 01:06:01,594 [grpc-default-executor-6] DEBUG server.GrpcLogAppender (GrpcLogAppender.java:onNext(257)) - omNode-1@group-523986131536->omNode-3-AppendLogResponseHandler: received a reply omNode-1<-omNode-3#195:OK,SUCCESS,nextIndex:171,term:1,followerCommit:169, request=AppendEntriesRequest:cid=195,entriesCount=1,lastEntry=(t:1, i:170)
2020-07-01 01:06:01,596 [grpc-default-executor-1] WARN  server.GrpcLogAppender (LogUtils.java:warn(122)) - omNode-1@group-523986131536->omNode-2-AppendLogResponseHandler: Failed appendEntries: org.apache.ratis.thirdparty.io.grpc.StatusRuntimeException: UNAVAILABLE: io exception
2020-07-01 01:06:01,596 [grpc-default-executor-1] INFO  impl.FollowerInfo (FollowerInfo.java:lambda$new$0(51)) - omNode-1@group-523986131536->omNode-2: nextIndex: updateUnconditionally 171 -> 45
2020-07-01 01:06:01,597 [IPC Server handler 8 on default port 11860] DEBUG impl.RaftServerImpl (RaftServerImpl.java:submitClientRequestAsync(575)) - omNode-1@group-523986131536: receive client request(RaftClientRequest:client-6E5155DBE9B8->omNode-1@group-523986131536, cid=407, seq=0, RW, Message:082412001a13636c6965...(size=360))
2020-07-01 01:06:01,597 [IPC Server handler 8 on default port 11860] DEBUG impl.RaftServerImpl (LeaderState.java:addPendingRequest(335)) - omNode-1@group-523986131536-LeaderState: addPendingRequest at RaftClientRequest:client-6E5155DBE9B8->omNode-1@group-523986131536, cid=407, seq=0, RW, Message:082412001a13636c6965...(size=360), entry=(t:1, i:171), STATEMACHINELOGENTRY, client-6E5155DBE9B8, cid=407
2020-07-01 01:06:01,598 [grpc-default-executor-1] DEBUG impl.RaftServerImpl (RaftServerImpl.java:logAppendEntries(928)) - omNode-3@group-523986131536: receive appendEntries(omNode-1, 1, (t:1, i:170), 170, false, commits[omNode-1:c170, omNode-3:c169, omNode-2:c43], entries: (t:1, i:171), STATEMACHINELOGENTRY, client-6E5155DBE9B8, cid=407
2020-07-01 01:06:01,598 [grpc-default-executor-1] INFO  ratis.OzoneManagerStateMachine (OzoneManagerStateMachine.java:getLatestSnapshot(147)) - Latest Snapshot Info 1#149
2020-07-01 01:06:01,598 [grpc-default-executor-1] INFO  ratis.OzoneManagerStateMachine (OzoneManagerStateMachine.java:getLatestSnapshot(147)) - Latest Snapshot Info 1#149
2020-07-01 01:06:01,599 [Thread-4985] DEBUG impl.RaftServerImpl (RaftServerImpl.java:logAppendEntries(928)) - omNode-3@group-523986131536: succeeded to handle AppendEntries. Reply: omNode-1<-omNode-3#196:OK,SUCCESS,nextIndex:172,term:1,followerCommit:170
2020-07-01 01:06:01,599 [grpc-default-executor-6] WARN  server.GrpcLogAppender (LogUtils.java:warn(122)) - omNode-1@group-523986131536->omNode-2-AppendLogResponseHandler: Failed appendEntries: org.apache.ratis.thirdparty.io.grpc.StatusRuntimeException: UNAVAILABLE: io exception
2020-07-01 01:06:01,599 [grpc-default-executor-6] INFO  impl.FollowerInfo (FollowerInfo.java:lambda$new$0(51)) - omNode-1@group-523986131536->omNode-2: nextIndex: updateUnconditionally 172 -> 45
2020-07-01 01:06:01,600 [grpc-default-executor-7] DEBUG server.GrpcLogAppender (GrpcLogAppender.java:onNext(257)) - omNode-1@group-523986131536->omNode-3-AppendLogResponseHandler: received a reply omNode-1<-omNode-3#196:OK,SUCCESS,nextIndex:172,term:1,followerCommit:170, request=AppendEntriesRequest:cid=196,entriesCount=1,lastEntry=(t:1, i:171)
2020-07-01 01:06:01,600 [grpc-default-executor-7] DEBUG impl.RaftServerImpl (RaftServerImpl.java:logAppendEntries(928)) - omNode-3@group-523986131536: receive appendEntries(omNode-1, 1, (t:1, i:171), 171, false, commits[omNode-1:c171, omNode-3:c170, omNode-2:c43], entries: (t:1, i:172), METADATAENTRY(c:171)
2020-07-01 01:06:01,600 [grpc-default-executor-7] INFO  ratis.OzoneManagerStateMachine (OzoneManagerStateMachine.java:getLatestSnapshot(147)) - Latest Snapshot Info 1#149
2020-07-01 01:06:01,600 [grpc-default-executor-7] INFO  ratis.OzoneManagerStateMachine (OzoneManagerStateMachine.java:getLatestSnapshot(147)) - Latest Snapshot Info 1#149
2020-07-01 01:06:01,603 [grpc-default-executor-6] WARN  server.GrpcLogAppender (LogUtils.java:warn(122)) - omNode-1@group-523986131536->omNode-2-AppendLogResponseHandler: Failed appendEntries: org.apache.ratis.thirdparty.io.grpc.StatusRuntimeException: UNAVAILABLE: io exception
2020-07-01 01:06:01,603 [grpc-default-executor-6] INFO  impl.FollowerInfo (FollowerInfo.java:lambda$new$0(51)) - omNode-1@group-523986131536->omNode-2: nextIndex: updateUnconditionally 173 -> 45
2020-07-01 01:06:01,603 [Thread-4986] DEBUG impl.RaftServerImpl (RaftServerImpl.java:logAppendEntries(928)) - omNode-3@group-523986131536: succeeded to handle AppendEntries. Reply: omNode-1<-omNode-3#197:OK,SUCCESS,nextIndex:173,term:1,followerCommit:171
2020-07-01 01:06:01,604 [IPC Server handler 10 on default port 11860] DEBUG impl.RaftServerImpl (RaftServerImpl.java:submitClientRequestAsync(575)) - omNode-1@group-523986131536: receive client request(RaftClientRequest:client-6E5155DBE9B8->omNode-1@group-523986131536, cid=408, seq=0, RW, Message:081f12001a13636c6965...(size=409))
2020-07-01 01:06:01,604 [grpc-default-executor-6] DEBUG server.GrpcLogAppender (GrpcLogAppender.java:onNext(257)) - omNode-1@group-523986131536->omNode-3-AppendLogResponseHandler: received a reply omNode-1<-omNode-3#197:OK,SUCCESS,nextIndex:173,term:1,followerCommit:171, request=AppendEntriesRequest:cid=197,entriesCount=1,lastEntry=(t:1, i:172)
2020-07-01 01:06:01,604 [IPC Server handler 10 on default port 11860] DEBUG impl.RaftServerImpl (LeaderState.java:addPendingRequest(335)) - omNode-1@group-523986131536-LeaderState: addPendingRequest at RaftClientRequest:client-6E5155DBE9B8->omNode-1@group-523986131536, cid=408, seq=0, RW, Message:081f12001a13636c6965...(size=409), entry=(t:1, i:173), STATEMACHINELOGENTRY, client-6E5155DBE9B8, cid=408
2020-07-01 01:06:01,604 [grpc-default-executor-6] DEBUG impl.RaftServerImpl (RaftServerImpl.java:logAppendEntries(928)) - omNode-3@group-523986131536: receive appendEntries(omNode-1, 1, (t:1, i:172), 172, false, commits[omNode-1:c172, omNode-3:c171, omNode-2:c43], entries: (t:1, i:173), STATEMACHINELOGENTRY, client-6E5155DBE9B8, cid=408
2020-07-01 01:06:01,604 [grpc-default-executor-6] INFO  ratis.OzoneManagerStateMachine (OzoneManagerStateMachine.java:getLatestSnapshot(147)) - Latest Snapshot Info 1#149
2020-07-01 01:06:01,605 [grpc-default-executor-6] INFO  ratis.OzoneManagerStateMachine (OzoneManagerStateMachine.java:getLatestSnapshot(147)) - Latest Snapshot Info 1#149
2020-07-01 01:06:01,605 [Thread-4987] DEBUG impl.RaftServerImpl (RaftServerImpl.java:logAppendEntries(928)) - omNode-3@group-523986131536: succeeded to handle AppendEntries. Reply: omNode-1<-omNode-3#198:OK,SUCCESS,nextIndex:174,term:1,followerCommit:172
2020-07-01 01:06:01,606 [grpc-default-executor-7] DEBUG server.GrpcLogAppender (GrpcLogAppender.java:onNext(257)) - omNode-1@group-523986131536->omNode-3-AppendLogResponseHandler: received a reply omNode-1<-omNode-3#198:OK,SUCCESS,nextIndex:174,term:1,followerCommit:172, request=AppendEntriesRequest:cid=198,entriesCount=1,lastEntry=(t:1, i:173)
2020-07-01 01:06:01,607 [grpc-default-executor-1] WARN  server.GrpcLogAppender (LogUtils.java:warn(122)) - omNode-1@group-523986131536->omNode-2-AppendLogResponseHandler: Failed appendEntries: org.apache.ratis.thirdparty.io.grpc.StatusRuntimeException: UNAVAILABLE: io exception
2020-07-01 01:06:01,607 [grpc-default-executor-1] INFO  impl.FollowerInfo (FollowerInfo.java:lambda$new$0(51)) - omNode-1@group-523986131536->omNode-2: nextIndex: updateUnconditionally 174 -> 45
2020-07-01 01:06:01,608 [grpc-default-executor-6] DEBUG impl.RaftServerImpl (RaftServerImpl.java:logAppendEntries(928)) - omNode-3@group-523986131536: receive appendEntries(omNode-1, 1, (t:1, i:173), 173, false, commits[omNode-1:c173, omNode-3:c172, omNode-2:c43], entries: (t:1, i:174), METADATAENTRY(c:173)
2020-07-01 01:06:01,608 [grpc-default-executor-6] INFO  ratis.OzoneManagerStateMachine (OzoneManagerStateMachine.java:getLatestSnapshot(147)) - Latest Snapshot Info 1#149
2020-07-01 01:06:01,608 [grpc-default-executor-6] INFO  ratis.OzoneManagerStateMachine (OzoneManagerStateMachine.java:getLatestSnapshot(147)) - Latest Snapshot Info 1#149
2020-07-01 01:06:01,610 [grpc-default-executor-6] WARN  server.GrpcLogAppender (LogUtils.java:warn(122)) - omNode-1@group-523986131536->omNode-2-AppendLogResponseHandler: Failed appendEntries: org.apache.ratis.thirdparty.io.grpc.StatusRuntimeException: UNAVAILABLE: io exception
2020-07-01 01:06:01,610 [grpc-default-executor-6] INFO  impl.FollowerInfo (FollowerInfo.java:lambda$new$0(51)) - omNode-1@group-523986131536->omNode-2: nextIndex: updateUnconditionally 175 -> 45
2020-07-01 01:06:01,611 [Thread-4988] DEBUG impl.RaftServerImpl (RaftServerImpl.java:logAppendEntries(928)) - omNode-3@group-523986131536: succeeded to handle AppendEntries. Reply: omNode-1<-omNode-3#199:OK,SUCCESS,nextIndex:175,term:1,followerCommit:173
2020-07-01 01:06:01,612 [grpc-default-executor-6] DEBUG server.GrpcLogAppender (GrpcLogAppender.java:onNext(257)) - omNode-1@group-523986131536->omNode-3-AppendLogResponseHandler: received a reply omNode-1<-omNode-3#199:OK,SUCCESS,nextIndex:175,term:1,followerCommit:173, request=AppendEntriesRequest:cid=199,entriesCount=1,lastEntry=(t:1, i:174)
2020-07-01 01:06:01,614 [grpc-default-executor-1] WARN  server.GrpcLogAppender (LogUtils.java:warn(122)) - omNode-1@group-523986131536->omNode-2-AppendLogResponseHandler: Failed appendEntries: org.apache.ratis.thirdparty.io.grpc.StatusRuntimeException: UNAVAILABLE: io exception
2020-07-01 01:06:01,614 [grpc-default-executor-1] INFO  impl.FollowerInfo (FollowerInfo.java:lambda$new$0(51)) - omNode-1@group-523986131536->omNode-2: nextIndex: updateUnconditionally 175 -> 45
2020-07-01 01:06:01,615 [IPC Server handler 9 on default port 11860] DEBUG impl.RaftServerImpl (RaftServerImpl.java:submitClientRequestAsync(575)) - omNode-1@group-523986131536: receive client request(RaftClientRequest:client-6E5155DBE9B8->omNode-1@group-523986131536, cid=409, seq=0, RW, Message:082412001a13636c6965...(size=360))
2020-07-01 01:06:01,616 [IPC Server handler 9 on default port 11860] DEBUG impl.RaftServerImpl (LeaderState.java:addPendingRequest(335)) - omNode-1@group-523986131536-LeaderState: addPendingRequest at RaftClientRequest:client-6E5155DBE9B8->omNode-1@group-523986131536, cid=409, seq=0, RW, Message:082412001a13636c6965...(size=360), entry=(t:1, i:175), STATEMACHINELOGENTRY, client-6E5155DBE9B8, cid=409
2020-07-01 01:06:01,618 [grpc-default-executor-1] DEBUG impl.RaftServerImpl (RaftServerImpl.java:logAppendEntries(928)) - omNode-3@group-523986131536: receive appendEntries(omNode-1, 1, (t:1, i:174), 174, false, commits[omNode-1:c174, omNode-3:c173, omNode-2:c43], entries: (t:1, i:175), STATEMACHINELOGENTRY, client-6E5155DBE9B8, cid=409
2020-07-01 01:06:01,618 [grpc-default-executor-1] INFO  ratis.OzoneManagerStateMachine (OzoneManagerStateMachine.java:getLatestSnapshot(147)) - Latest Snapshot Info 1#149
2020-07-01 01:06:01,618 [grpc-default-executor-1] INFO  ratis.OzoneManagerStateMachine (OzoneManagerStateMachine.java:getLatestSnapshot(147)) - Latest Snapshot Info 1#149
2020-07-01 01:06:01,618 [grpc-default-executor-1] WARN  server.GrpcLogAppender (LogUtils.java:warn(122)) - omNode-1@group-523986131536->omNode-2-AppendLogResponseHandler: Failed appendEntries: org.apache.ratis.thirdparty.io.grpc.StatusRuntimeException: UNAVAILABLE: io exception
2020-07-01 01:06:01,618 [grpc-default-executor-1] INFO  impl.FollowerInfo (FollowerInfo.java:lambda$new$0(51)) - omNode-1@group-523986131536->omNode-2: nextIndex: updateUnconditionally 175 -> 45
2020-07-01 01:06:01,620 [grpc-default-executor-6] WARN  server.GrpcLogAppender (LogUtils.java:warn(122)) - omNode-1@group-523986131536->omNode-2-AppendLogResponseHandler: Failed appendEntries: org.apache.ratis.thirdparty.io.grpc.StatusRuntimeException: UNAVAILABLE: io exception
2020-07-01 01:06:01,620 [grpc-default-executor-6] INFO  impl.FollowerInfo (FollowerInfo.java:lambda$new$0(51)) - omNode-1@group-523986131536->omNode-2: nextIndex: updateUnconditionally 176 -> 45
2020-07-01 01:06:01,622 [grpc-default-executor-6] WARN  server.GrpcLogAppender (LogUtils.java:warn(122)) - omNode-1@group-523986131536->omNode-2-AppendLogResponseHandler: Failed appendEntries: org.apache.ratis.thirdparty.io.grpc.StatusRuntimeException: UNAVAILABLE: io exception
2020-07-01 01:06:01,622 [grpc-default-executor-6] INFO  impl.FollowerInfo (FollowerInfo.java:lambda$new$0(51)) - omNode-1@group-523986131536->omNode-2: nextIndex: updateUnconditionally 176 -> 45
2020-07-01 01:06:01,623 [Thread-4989] DEBUG impl.RaftServerImpl (RaftServerImpl.java:logAppendEntries(928)) - omNode-3@group-523986131536: succeeded to handle AppendEntries. Reply: omNode-1<-omNode-3#200:OK,SUCCESS,nextIndex:176,term:1,followerCommit:174
2020-07-01 01:06:01,623 [grpc-default-executor-6] DEBUG server.GrpcLogAppender (GrpcLogAppender.java:onNext(257)) - omNode-1@group-523986131536->omNode-3-AppendLogResponseHandler: received a reply omNode-1<-omNode-3#200:OK,SUCCESS,nextIndex:176,term:1,followerCommit:174, request=AppendEntriesRequest:cid=200,entriesCount=1,lastEntry=(t:1, i:175)
2020-07-01 01:06:01,624 [grpc-default-executor-6] WARN  server.GrpcLogAppender (LogUtils.java:warn(122)) - omNode-1@group-523986131536->omNode-2-AppendLogResponseHandler: Failed appendEntries: org.apache.ratis.thirdparty.io.grpc.StatusRuntimeException: UNAVAILABLE: io exception
2020-07-01 01:06:01,624 [grpc-default-executor-6] INFO  impl.FollowerInfo (FollowerInfo.java:lambda$new$0(51)) - omNode-1@group-523986131536->omNode-2: nextIndex: updateUnconditionally 176 -> 45
2020-07-01 01:06:01,629 [grpc-default-executor-6] DEBUG impl.RaftServerImpl (RaftServerImpl.java:logAppendEntries(928)) - omNode-3@group-523986131536: receive appendEntries(omNode-1, 1, (t:1, i:175), 175, false, commits[omNode-1:c175, omNode-3:c174, omNode-2:c43], entries: (t:1, i:176), METADATAENTRY(c:175)
2020-07-01 01:06:01,630 [grpc-default-executor-6] INFO  ratis.OzoneManagerStateMachine (OzoneManagerStateMachine.java:getLatestSnapshot(147)) - Latest Snapshot Info 1#149
2020-07-01 01:06:01,630 [grpc-default-executor-6] INFO  ratis.OzoneManagerStateMachine (OzoneManagerStateMachine.java:getLatestSnapshot(147)) - Latest Snapshot Info 1#149
2020-07-01 01:06:01,631 [IPC Server handler 17 on default port 11860] DEBUG impl.RaftServerImpl (RaftServerImpl.java:submitClientRequestAsync(575)) - omNode-1@group-523986131536: receive client request(RaftClientRequest:client-6E5155DBE9B8->omNode-1@group-523986131536, cid=410, seq=0, RW, Message:081f12001a13636c6965...(size=409))
2020-07-01 01:06:01,631 [IPC Server handler 17 on default port 11860] DEBUG impl.RaftServerImpl (LeaderState.java:addPendingRequest(335)) - omNode-1@group-523986131536-LeaderState: addPendingRequest at RaftClientRequest:client-6E5155DBE9B8->omNode-1@group-523986131536, cid=410, seq=0, RW, Message:081f12001a13636c6965...(size=409), entry=(t:1, i:177), STATEMACHINELOGENTRY, client-6E5155DBE9B8, cid=410
2020-07-01 01:06:01,632 [grpc-default-executor-6] DEBUG impl.RaftServerImpl (RaftServerImpl.java:logAppendEntries(928)) - omNode-3@group-523986131536: receive appendEntries(omNode-1, 1, (t:1, i:176), 175, false, commits[omNode-1:c175, omNode-3:c174, omNode-2:c43], entries: (t:1, i:177), STATEMACHINELOGENTRY, client-6E5155DBE9B8, cid=410
2020-07-01 01:06:01,632 [grpc-default-executor-6] INFO  ratis.OzoneManagerStateMachine (OzoneManagerStateMachine.java:getLatestSnapshot(147)) - Latest Snapshot Info 1#149
2020-07-01 01:06:01,632 [grpc-default-executor-6] INFO  ratis.OzoneManagerStateMachine (OzoneManagerStateMachine.java:getLatestSnapshot(147)) - Latest Snapshot Info 1#149
2020-07-01 01:06:01,632 [grpc-default-executor-6] WARN  server.GrpcLogAppender (LogUtils.java:warn(122)) - omNode-1@group-523986131536->omNode-2-AppendLogResponseHandler: Failed appendEntries: org.apache.ratis.thirdparty.io.grpc.StatusRuntimeException: UNAVAILABLE: io exception
2020-07-01 01:06:01,633 [grpc-default-executor-6] INFO  impl.FollowerInfo (FollowerInfo.java:lambda$new$0(51)) - omNode-1@group-523986131536->omNode-2: nextIndex: updateUnconditionally 177 -> 45
2020-07-01 01:06:01,635 [grpc-default-executor-6] WARN  server.GrpcLogAppender (LogUtils.java:warn(122)) - omNode-1@group-523986131536->omNode-2-AppendLogResponseHandler: Failed appendEntries: org.apache.ratis.thirdparty.io.grpc.StatusRuntimeException: UNAVAILABLE: io exception
2020-07-01 01:06:01,635 [grpc-default-executor-6] INFO  impl.FollowerInfo (FollowerInfo.java:lambda$new$0(51)) - omNode-1@group-523986131536->omNode-2: nextIndex: updateUnconditionally 178 -> 45
2020-07-01 01:06:01,637 [Thread-4990] DEBUG impl.RaftServerImpl (RaftServerImpl.java:logAppendEntries(928)) - omNode-3@group-523986131536: succeeded to handle AppendEntries. Reply: omNode-1<-omNode-3#201:OK,SUCCESS,nextIndex:177,term:1,followerCommit:175
2020-07-01 01:06:01,637 [grpc-default-executor-6] WARN  server.GrpcLogAppender (LogUtils.java:warn(122)) - omNode-1@group-523986131536->omNode-2-AppendLogResponseHandler: Failed appendEntries: org.apache.ratis.thirdparty.io.grpc.StatusRuntimeException: UNAVAILABLE: io exception
2020-07-01 01:06:01,637 [grpc-default-executor-6] INFO  impl.FollowerInfo (FollowerInfo.java:lambda$new$0(51)) - omNode-1@group-523986131536->omNode-2: nextIndex: updateUnconditionally 178 -> 45
2020-07-01 01:06:01,638 [grpc-default-executor-6] DEBUG server.GrpcLogAppender (GrpcLogAppender.java:onNext(257)) - omNode-1@group-523986131536->omNode-3-AppendLogResponseHandler: received a reply omNode-1<-omNode-3#201:OK,SUCCESS,nextIndex:177,term:1,followerCommit:175, request=AppendEntriesRequest:cid=201,entriesCount=1,lastEntry=(t:1, i:176)
2020-07-01 01:06:01,640 [grpc-default-executor-6] WARN  server.GrpcLogAppender (LogUtils.java:warn(122)) - omNode-1@group-523986131536->omNode-2-AppendLogResponseHandler: Failed appendEntries: org.apache.ratis.thirdparty.io.grpc.StatusRuntimeException: UNAVAILABLE: io exception
2020-07-01 01:06:01,640 [grpc-default-executor-6] INFO  impl.FollowerInfo (FollowerInfo.java:lambda$new$0(51)) - omNode-1@group-523986131536->omNode-2: nextIndex: updateUnconditionally 178 -> 45
2020-07-01 01:06:01,642 [grpc-default-executor-6] WARN  server.GrpcLogAppender (LogUtils.java:warn(122)) - omNode-1@group-523986131536->omNode-2-AppendLogResponseHandler: Failed appendEntries: org.apache.ratis.thirdparty.io.grpc.StatusRuntimeException: UNAVAILABLE: io exception
2020-07-01 01:06:01,642 [grpc-default-executor-6] INFO  impl.FollowerInfo (FollowerInfo.java:lambda$new$0(51)) - omNode-1@group-523986131536->omNode-2: nextIndex: updateUnconditionally 178 -> 45
2020-07-01 01:06:01,645 [grpc-default-executor-6] WARN  server.GrpcLogAppender (LogUtils.java:warn(122)) - omNode-1@group-523986131536->omNode-2-AppendLogResponseHandler: Failed appendEntries: org.apache.ratis.thirdparty.io.grpc.StatusRuntimeException: UNAVAILABLE: io exception
2020-07-01 01:06:01,645 [grpc-default-executor-6] INFO  impl.FollowerInfo (FollowerInfo.java:lambda$new$0(51)) - omNode-1@group-523986131536->omNode-2: nextIndex: updateUnconditionally 178 -> 45
2020-07-01 01:06:01,647 [grpc-default-executor-6] WARN  server.GrpcLogAppender (LogUtils.java:warn(122)) - omNode-1@group-523986131536->omNode-2-AppendLogResponseHandler: Failed appendEntries: org.apache.ratis.thirdparty.io.grpc.StatusRuntimeException: UNAVAILABLE: io exception
2020-07-01 01:06:01,647 [grpc-default-executor-6] INFO  impl.FollowerInfo (FollowerInfo.java:lambda$new$0(51)) - omNode-1@group-523986131536->omNode-2: nextIndex: updateUnconditionally 178 -> 45
2020-07-01 01:06:01,648 [Thread-4991] DEBUG impl.RaftServerImpl (RaftServerImpl.java:logAppendEntries(928)) - omNode-3@group-523986131536: succeeded to handle AppendEntries. Reply: omNode-1<-omNode-3#202:OK,SUCCESS,nextIndex:178,term:1,followerCommit:175
2020-07-01 01:06:01,649 [grpc-default-executor-6] DEBUG server.GrpcLogAppender (GrpcLogAppender.java:onNext(257)) - omNode-1@group-523986131536->omNode-3-AppendLogResponseHandler: received a reply omNode-1<-omNode-3#202:OK,SUCCESS,nextIndex:178,term:1,followerCommit:175, request=AppendEntriesRequest:cid=202,entriesCount=1,lastEntry=(t:1, i:177)
2020-07-01 01:06:01,649 [grpc-default-executor-6] WARN  server.GrpcLogAppender (LogUtils.java:warn(122)) - omNode-1@group-523986131536->omNode-2-AppendLogResponseHandler: Failed appendEntries: org.apache.ratis.thirdparty.io.grpc.StatusRuntimeException: UNAVAILABLE: io exception
2020-07-01 01:06:01,649 [grpc-default-executor-6] INFO  impl.FollowerInfo (FollowerInfo.java:lambda$new$0(51)) - omNode-1@group-523986131536->omNode-2: nextIndex: updateUnconditionally 178 -> 45
2020-07-01 01:06:01,650 [grpc-default-executor-6] DEBUG impl.RaftServerImpl (RaftServerImpl.java:logAppendEntries(928)) - omNode-3@group-523986131536: receive appendEntries(omNode-1, 1, (t:1, i:177), 177, false, commits[omNode-1:c177, omNode-3:c175, omNode-2:c43], entries: (t:1, i:178), METADATAENTRY(c:177)
2020-07-01 01:06:01,650 [grpc-default-executor-6] INFO  ratis.OzoneManagerStateMachine (OzoneManagerStateMachine.java:getLatestSnapshot(147)) - Latest Snapshot Info 1#149
2020-07-01 01:06:01,650 [grpc-default-executor-6] INFO  ratis.OzoneManagerStateMachine (OzoneManagerStateMachine.java:getLatestSnapshot(147)) - Latest Snapshot Info 1#149
2020-07-01 01:06:01,658 [grpc-default-executor-6] WARN  server.GrpcLogAppender (LogUtils.java:warn(122)) - omNode-1@group-523986131536->omNode-2-AppendLogResponseHandler: Failed appendEntries: org.apache.ratis.thirdparty.io.grpc.StatusRuntimeException: UNAVAILABLE: io exception
2020-07-01 01:06:01,658 [grpc-default-executor-6] INFO  impl.FollowerInfo (FollowerInfo.java:lambda$new$0(51)) - omNode-1@group-523986131536->omNode-2: nextIndex: updateUnconditionally 179 -> 45
2020-07-01 01:06:01,659 [Thread-4992] DEBUG impl.RaftServerImpl (RaftServerImpl.java:logAppendEntries(928)) - omNode-3@group-523986131536: succeeded to handle AppendEntries. Reply: omNode-1<-omNode-3#203:OK,SUCCESS,nextIndex:179,term:1,followerCommit:177
2020-07-01 01:06:01,659 [grpc-default-executor-6] DEBUG server.GrpcLogAppender (GrpcLogAppender.java:onNext(257)) - omNode-1@group-523986131536->omNode-3-AppendLogResponseHandler: received a reply omNode-1<-omNode-3#203:OK,SUCCESS,nextIndex:179,term:1,followerCommit:177, request=AppendEntriesRequest:cid=203,entriesCount=1,lastEntry=(t:1, i:178)
2020-07-01 01:06:01,660 [grpc-default-executor-6] WARN  server.GrpcLogAppender (LogUtils.java:warn(122)) - omNode-1@group-523986131536->omNode-2-AppendLogResponseHandler: Failed appendEntries: org.apache.ratis.thirdparty.io.grpc.StatusRuntimeException: UNAVAILABLE: io exception
2020-07-01 01:06:01,661 [grpc-default-executor-6] INFO  impl.FollowerInfo (FollowerInfo.java:lambda$new$0(51)) - omNode-1@group-523986131536->omNode-2: nextIndex: updateUnconditionally 179 -> 45
2020-07-01 01:06:01,663 [IPC Server handler 11 on default port 11860] DEBUG impl.RaftServerImpl (RaftServerImpl.java:submitClientRequestAsync(575)) - omNode-1@group-523986131536: receive client request(RaftClientRequest:client-6E5155DBE9B8->omNode-1@group-523986131536, cid=411, seq=0, RW, Message:082412001a13636c6965...(size=360))
2020-07-01 01:06:01,663 [IPC Server handler 11 on default port 11860] DEBUG impl.RaftServerImpl (LeaderState.java:addPendingRequest(335)) - omNode-1@group-523986131536-LeaderState: addPendingRequest at RaftClientRequest:client-6E5155DBE9B8->omNode-1@group-523986131536, cid=411, seq=0, RW, Message:082412001a13636c6965...(size=360), entry=(t:1, i:179), STATEMACHINELOGENTRY, client-6E5155DBE9B8, cid=411
2020-07-01 01:06:01,664 [grpc-default-executor-1] DEBUG impl.RaftServerImpl (RaftServerImpl.java:logAppendEntries(928)) - omNode-3@group-523986131536: receive appendEntries(omNode-1, 1, (t:1, i:178), 178, false, commits[omNode-1:c178, omNode-3:c177, omNode-2:c43], entries: (t:1, i:179), STATEMACHINELOGENTRY, client-6E5155DBE9B8, cid=411
2020-07-01 01:06:01,664 [grpc-default-executor-1] INFO  ratis.OzoneManagerStateMachine (OzoneManagerStateMachine.java:getLatestSnapshot(147)) - Latest Snapshot Info 1#149
2020-07-01 01:06:01,664 [grpc-default-executor-1] INFO  ratis.OzoneManagerStateMachine (OzoneManagerStateMachine.java:getLatestSnapshot(147)) - Latest Snapshot Info 1#149
2020-07-01 01:06:01,666 [grpc-default-executor-6] WARN  server.GrpcLogAppender (LogUtils.java:warn(122)) - omNode-1@group-523986131536->omNode-2-AppendLogResponseHandler: Failed appendEntries: org.apache.ratis.thirdparty.io.grpc.StatusRuntimeException: UNAVAILABLE: io exception
2020-07-01 01:06:01,666 [grpc-default-executor-6] INFO  impl.FollowerInfo (FollowerInfo.java:lambda$new$0(51)) - omNode-1@group-523986131536->omNode-2: nextIndex: updateUnconditionally 179 -> 45
2020-07-01 01:06:01,669 [grpc-default-executor-6] WARN  server.GrpcLogAppender (LogUtils.java:warn(122)) - omNode-1@group-523986131536->omNode-2-AppendLogResponseHandler: Failed appendEntries: org.apache.ratis.thirdparty.io.grpc.StatusRuntimeException: UNAVAILABLE: io exception
2020-07-01 01:06:01,669 [grpc-default-executor-6] INFO  impl.FollowerInfo (FollowerInfo.java:lambda$new$0(51)) - omNode-1@group-523986131536->omNode-2: nextIndex: updateUnconditionally 180 -> 45
2020-07-01 01:06:01,670 [Thread-4993] DEBUG impl.RaftServerImpl (RaftServerImpl.java:logAppendEntries(928)) - omNode-3@group-523986131536: succeeded to handle AppendEntries. Reply: omNode-1<-omNode-3#204:OK,SUCCESS,nextIndex:180,term:1,followerCommit:178
2020-07-01 01:06:01,670 [grpc-default-executor-6] DEBUG server.GrpcLogAppender (GrpcLogAppender.java:onNext(257)) - omNode-1@group-523986131536->omNode-3-AppendLogResponseHandler: received a reply omNode-1<-omNode-3#204:OK,SUCCESS,nextIndex:180,term:1,followerCommit:178, request=AppendEntriesRequest:cid=204,entriesCount=1,lastEntry=(t:1, i:179)
2020-07-01 01:06:01,671 [grpc-default-executor-6] DEBUG impl.RaftServerImpl (RaftServerImpl.java:logAppendEntries(928)) - omNode-3@group-523986131536: receive appendEntries(omNode-1, 1, (t:1, i:179), 179, false, commits[omNode-1:c179, omNode-3:c178, omNode-2:c43], entries: (t:1, i:180), METADATAENTRY(c:179)
2020-07-01 01:06:01,671 [grpc-default-executor-6] INFO  ratis.OzoneManagerStateMachine (OzoneManagerStateMachine.java:getLatestSnapshot(147)) - Latest Snapshot Info 1#149
2020-07-01 01:06:01,671 [grpc-default-executor-6] INFO  ratis.OzoneManagerStateMachine (OzoneManagerStateMachine.java:getLatestSnapshot(147)) - Latest Snapshot Info 1#149
2020-07-01 01:06:01,673 [Thread-4994] DEBUG impl.RaftServerImpl (RaftServerImpl.java:logAppendEntries(928)) - omNode-3@group-523986131536: succeeded to handle AppendEntries. Reply: omNode-1<-omNode-3#205:OK,SUCCESS,nextIndex:181,term:1,followerCommit:179
2020-07-01 01:06:01,674 [grpc-default-executor-1] DEBUG server.GrpcLogAppender (GrpcLogAppender.java:onNext(257)) - omNode-1@group-523986131536->omNode-3-AppendLogResponseHandler: received a reply omNode-1<-omNode-3#205:OK,SUCCESS,nextIndex:181,term:1,followerCommit:179, request=AppendEntriesRequest:cid=205,entriesCount=1,lastEntry=(t:1, i:180)
2020-07-01 01:06:01,674 [grpc-default-executor-7] WARN  server.GrpcLogAppender (LogUtils.java:warn(122)) - omNode-1@group-523986131536->omNode-2-AppendLogResponseHandler: Failed appendEntries: org.apache.ratis.thirdparty.io.grpc.StatusRuntimeException: UNAVAILABLE: io exception
2020-07-01 01:06:01,675 [grpc-default-executor-7] INFO  impl.FollowerInfo (FollowerInfo.java:lambda$new$0(51)) - omNode-1@group-523986131536->omNode-2: nextIndex: updateUnconditionally 180 -> 45
2020-07-01 01:06:01,676 [IPC Server handler 13 on default port 11860] DEBUG impl.RaftServerImpl (RaftServerImpl.java:submitClientRequestAsync(575)) - omNode-1@group-523986131536: receive client request(RaftClientRequest:client-6E5155DBE9B8->omNode-1@group-523986131536, cid=412, seq=0, RW, Message:081f12001a13636c6965...(size=409))
2020-07-01 01:06:01,677 [IPC Server handler 13 on default port 11860] DEBUG impl.RaftServerImpl (LeaderState.java:addPendingRequest(335)) - omNode-1@group-523986131536-LeaderState: addPendingRequest at RaftClientRequest:client-6E5155DBE9B8->omNode-1@group-523986131536, cid=412, seq=0, RW, Message:081f12001a13636c6965...(size=409), entry=(t:1, i:181), STATEMACHINELOGENTRY, client-6E5155DBE9B8, cid=412
2020-07-01 01:06:01,677 [grpc-default-executor-1] DEBUG impl.RaftServerImpl (RaftServerImpl.java:logAppendEntries(928)) - omNode-3@group-523986131536: receive appendEntries(omNode-1, 1, (t:1, i:180), 180, false, commits[omNode-1:c180, omNode-3:c179, omNode-2:c43], entries: (t:1, i:181), STATEMACHINELOGENTRY, client-6E5155DBE9B8, cid=412
2020-07-01 01:06:01,677 [grpc-default-executor-1] INFO  ratis.OzoneManagerStateMachine (OzoneManagerStateMachine.java:getLatestSnapshot(147)) - Latest Snapshot Info 1#149
2020-07-01 01:06:01,677 [grpc-default-executor-1] INFO  ratis.OzoneManagerStateMachine (OzoneManagerStateMachine.java:getLatestSnapshot(147)) - Latest Snapshot Info 1#149
2020-07-01 01:06:01,678 [Thread-4995] DEBUG impl.RaftServerImpl (RaftServerImpl.java:logAppendEntries(928)) - omNode-3@group-523986131536: succeeded to handle AppendEntries. Reply: omNode-1<-omNode-3#206:OK,SUCCESS,nextIndex:182,term:1,followerCommit:180
2020-07-01 01:06:01,678 [grpc-default-executor-7] DEBUG server.GrpcLogAppender (GrpcLogAppender.java:onNext(257)) - omNode-1@group-523986131536->omNode-3-AppendLogResponseHandler: received a reply omNode-1<-omNode-3#206:OK,SUCCESS,nextIndex:182,term:1,followerCommit:180, request=AppendEntriesRequest:cid=206,entriesCount=1,lastEntry=(t:1, i:181)
2020-07-01 01:06:01,679 [grpc-default-executor-1] WARN  server.GrpcLogAppender (LogUtils.java:warn(122)) - omNode-1@group-523986131536->omNode-2-AppendLogResponseHandler: Failed appendEntries: org.apache.ratis.thirdparty.io.grpc.StatusRuntimeException: UNAVAILABLE: io exception
2020-07-01 01:06:01,679 [grpc-default-executor-1] INFO  impl.FollowerInfo (FollowerInfo.java:lambda$new$0(51)) - omNode-1@group-523986131536->omNode-2: nextIndex: updateUnconditionally 181 -> 45
2020-07-01 01:06:01,680 [grpc-default-executor-1] DEBUG impl.RaftServerImpl (RaftServerImpl.java:logAppendEntries(928)) - omNode-3@group-523986131536: receive appendEntries(omNode-1, 1, (t:1, i:181), 181, false, commits[omNode-1:c181, omNode-3:c180, omNode-2:c43], entries: (t:1, i:182), METADATAENTRY(c:181)
2020-07-01 01:06:01,680 [grpc-default-executor-1] INFO  ratis.OzoneManagerStateMachine (OzoneManagerStateMachine.java:getLatestSnapshot(147)) - Latest Snapshot Info 1#149
2020-07-01 01:06:01,680 [grpc-default-executor-1] INFO  ratis.OzoneManagerStateMachine (OzoneManagerStateMachine.java:getLatestSnapshot(147)) - Latest Snapshot Info 1#149
2020-07-01 01:06:01,685 [Thread-4996] DEBUG impl.RaftServerImpl (RaftServerImpl.java:logAppendEntries(928)) - omNode-3@group-523986131536: succeeded to handle AppendEntries. Reply: omNode-1<-omNode-3#207:OK,SUCCESS,nextIndex:183,term:1,followerCommit:181
2020-07-01 01:06:01,686 [grpc-default-executor-7] WARN  server.GrpcLogAppender (LogUtils.java:warn(122)) - omNode-1@group-523986131536->omNode-2-AppendLogResponseHandler: Failed appendEntries: org.apache.ratis.thirdparty.io.grpc.StatusRuntimeException: UNAVAILABLE: io exception
2020-07-01 01:06:01,686 [grpc-default-executor-7] INFO  impl.FollowerInfo (FollowerInfo.java:lambda$new$0(51)) - omNode-1@group-523986131536->omNode-2: nextIndex: updateUnconditionally 183 -> 45
2020-07-01 01:06:01,686 [grpc-default-executor-1] DEBUG server.GrpcLogAppender (GrpcLogAppender.java:onNext(257)) - omNode-1@group-523986131536->omNode-3-AppendLogResponseHandler: received a reply omNode-1<-omNode-3#207:OK,SUCCESS,nextIndex:183,term:1,followerCommit:181, request=AppendEntriesRequest:cid=207,entriesCount=1,lastEntry=(t:1, i:182)
2020-07-01 01:06:01,689 [IPC Server handler 18 on default port 11860] DEBUG impl.RaftServerImpl (RaftServerImpl.java:submitClientRequestAsync(575)) - omNode-1@group-523986131536: receive client request(RaftClientRequest:client-6E5155DBE9B8->omNode-1@group-523986131536, cid=413, seq=0, RW, Message:082412001a13636c6965...(size=360))
2020-07-01 01:06:01,689 [grpc-default-executor-1] WARN  server.GrpcLogAppender (LogUtils.java:warn(122)) - omNode-1@group-523986131536->omNode-2-AppendLogResponseHandler: Failed appendEntries: org.apache.ratis.thirdparty.io.grpc.StatusRuntimeException: UNAVAILABLE: io exception
2020-07-01 01:06:01,689 [IPC Server handler 18 on default port 11860] DEBUG impl.RaftServerImpl (LeaderState.java:addPendingRequest(335)) - omNode-1@group-523986131536-LeaderState: addPendingRequest at RaftClientRequest:client-6E5155DBE9B8->omNode-1@group-523986131536, cid=413, seq=0, RW, Message:082412001a13636c6965...(size=360), entry=(t:1, i:183), STATEMACHINELOGENTRY, client-6E5155DBE9B8, cid=413
2020-07-01 01:06:01,689 [grpc-default-executor-1] INFO  impl.FollowerInfo (FollowerInfo.java:lambda$new$0(51)) - omNode-1@group-523986131536->omNode-2: nextIndex: updateUnconditionally 183 -> 45
2020-07-01 01:06:01,690 [grpc-default-executor-1] DEBUG impl.RaftServerImpl (RaftServerImpl.java:logAppendEntries(928)) - omNode-3@group-523986131536: receive appendEntries(omNode-1, 1, (t:1, i:182), 182, false, commits[omNode-1:c182, omNode-3:c181, omNode-2:c43], entries: (t:1, i:183), STATEMACHINELOGENTRY, client-6E5155DBE9B8, cid=413
2020-07-01 01:06:01,690 [grpc-default-executor-1] INFO  ratis.OzoneManagerStateMachine (OzoneManagerStateMachine.java:getLatestSnapshot(147)) - Latest Snapshot Info 1#149
2020-07-01 01:06:01,690 [grpc-default-executor-1] INFO  ratis.OzoneManagerStateMachine (OzoneManagerStateMachine.java:getLatestSnapshot(147)) - Latest Snapshot Info 1#149
2020-07-01 01:06:01,690 [Thread-4997] DEBUG impl.RaftServerImpl (RaftServerImpl.java:logAppendEntries(928)) - omNode-3@group-523986131536: succeeded to handle AppendEntries. Reply: omNode-1<-omNode-3#208:OK,SUCCESS,nextIndex:184,term:1,followerCommit:182
2020-07-01 01:06:01,691 [grpc-default-executor-1] DEBUG server.GrpcLogAppender (GrpcLogAppender.java:onNext(257)) - omNode-1@group-523986131536->omNode-3-AppendLogResponseHandler: received a reply omNode-1<-omNode-3#208:OK,SUCCESS,nextIndex:184,term:1,followerCommit:182, request=AppendEntriesRequest:cid=208,entriesCount=1,lastEntry=(t:1, i:183)
2020-07-01 01:06:01,691 [grpc-default-executor-7] WARN  server.GrpcLogAppender (LogUtils.java:warn(122)) - omNode-1@group-523986131536->omNode-2-AppendLogResponseHandler: Failed appendEntries: org.apache.ratis.thirdparty.io.grpc.StatusRuntimeException: UNAVAILABLE: io exception
2020-07-01 01:06:01,692 [grpc-default-executor-7] INFO  impl.FollowerInfo (FollowerInfo.java:lambda$new$0(51)) - omNode-1@group-523986131536->omNode-2: nextIndex: updateUnconditionally 184 -> 45
2020-07-01 01:06:01,692 [grpc-default-executor-7] DEBUG impl.RaftServerImpl (RaftServerImpl.java:logAppendEntries(928)) - omNode-3@group-523986131536: receive appendEntries(omNode-1, 1, (t:1, i:183), 183, false, commits[omNode-1:c183, omNode-3:c182, omNode-2:c43], entries: (t:1, i:184), METADATAENTRY(c:183)
2020-07-01 01:06:01,692 [grpc-default-executor-7] INFO  ratis.OzoneManagerStateMachine (OzoneManagerStateMachine.java:getLatestSnapshot(147)) - Latest Snapshot Info 1#149
2020-07-01 01:06:01,692 [grpc-default-executor-7] INFO  ratis.OzoneManagerStateMachine (OzoneManagerStateMachine.java:getLatestSnapshot(147)) - Latest Snapshot Info 1#149
2020-07-01 01:06:01,694 [IPC Server handler 15 on default port 11860] DEBUG impl.RaftServerImpl (RaftServerImpl.java:submitClientRequestAsync(575)) - omNode-1@group-523986131536: receive client request(RaftClientRequest:client-6E5155DBE9B8->omNode-1@group-523986131536, cid=414, seq=0, RW, Message:081f12001a13636c6965...(size=409))
2020-07-01 01:06:01,695 [IPC Server handler 15 on default port 11860] DEBUG impl.RaftServerImpl (LeaderState.java:addPendingRequest(335)) - omNode-1@group-523986131536-LeaderState: addPendingRequest at RaftClientRequest:client-6E5155DBE9B8->omNode-1@group-523986131536, cid=414, seq=0, RW, Message:081f12001a13636c6965...(size=409), entry=(t:1, i:185), STATEMACHINELOGENTRY, client-6E5155DBE9B8, cid=414
2020-07-01 01:06:01,696 [grpc-default-executor-6] WARN  server.GrpcLogAppender (LogUtils.java:warn(122)) - omNode-1@group-523986131536->omNode-2-AppendLogResponseHandler: Failed appendEntries: org.apache.ratis.thirdparty.io.grpc.StatusRuntimeException: UNAVAILABLE: io exception
2020-07-01 01:06:01,696 [grpc-default-executor-1] DEBUG impl.RaftServerImpl (RaftServerImpl.java:logAppendEntries(928)) - omNode-3@group-523986131536: receive appendEntries(omNode-1, 1, (t:1, i:184), 183, false, commits[omNode-1:c183, omNode-3:c182, omNode-2:c43], entries: (t:1, i:185), STATEMACHINELOGENTRY, client-6E5155DBE9B8, cid=414
2020-07-01 01:06:01,696 [grpc-default-executor-1] INFO  ratis.OzoneManagerStateMachine (OzoneManagerStateMachine.java:getLatestSnapshot(147)) - Latest Snapshot Info 1#149
2020-07-01 01:06:01,696 [grpc-default-executor-1] INFO  ratis.OzoneManagerStateMachine (OzoneManagerStateMachine.java:getLatestSnapshot(147)) - Latest Snapshot Info 1#149
2020-07-01 01:06:01,696 [grpc-default-executor-6] INFO  impl.FollowerInfo (FollowerInfo.java:lambda$new$0(51)) - omNode-1@group-523986131536->omNode-2: nextIndex: updateUnconditionally 185 -> 45
2020-07-01 01:06:01,700 [Thread-4998] DEBUG impl.RaftServerImpl (RaftServerImpl.java:logAppendEntries(928)) - omNode-3@group-523986131536: succeeded to handle AppendEntries. Reply: omNode-1<-omNode-3#209:OK,SUCCESS,nextIndex:185,term:1,followerCommit:183
2020-07-01 01:06:01,700 [grpc-default-executor-1] DEBUG server.GrpcLogAppender (GrpcLogAppender.java:onNext(257)) - omNode-1@group-523986131536->omNode-3-AppendLogResponseHandler: received a reply omNode-1<-omNode-3#209:OK,SUCCESS,nextIndex:185,term:1,followerCommit:183, request=AppendEntriesRequest:cid=209,entriesCount=1,lastEntry=(t:1, i:184)
2020-07-01 01:06:01,701 [Thread-4999] DEBUG impl.RaftServerImpl (RaftServerImpl.java:logAppendEntries(928)) - omNode-3@group-523986131536: succeeded to handle AppendEntries. Reply: omNode-1<-omNode-3#210:OK,SUCCESS,nextIndex:186,term:1,followerCommit:183
2020-07-01 01:06:01,702 [grpc-default-executor-6] DEBUG server.GrpcLogAppender (GrpcLogAppender.java:onNext(257)) - omNode-1@group-523986131536->omNode-3-AppendLogResponseHandler: received a reply omNode-1<-omNode-3#210:OK,SUCCESS,nextIndex:186,term:1,followerCommit:183, request=AppendEntriesRequest:cid=210,entriesCount=1,lastEntry=(t:1, i:185)
2020-07-01 01:06:01,702 [grpc-default-executor-6] DEBUG impl.RaftServerImpl (RaftServerImpl.java:logAppendEntries(928)) - omNode-3@group-523986131536: receive appendEntries(omNode-1, 1, (t:1, i:185), 185, false, commits[omNode-1:c185, omNode-3:c183, omNode-2:c43], entries: (t:1, i:186), METADATAENTRY(c:185)
2020-07-01 01:06:01,703 [grpc-default-executor-6] INFO  ratis.OzoneManagerStateMachine (OzoneManagerStateMachine.java:getLatestSnapshot(147)) - Latest Snapshot Info 1#149
2020-07-01 01:06:01,703 [grpc-default-executor-6] INFO  ratis.OzoneManagerStateMachine (OzoneManagerStateMachine.java:getLatestSnapshot(147)) - Latest Snapshot Info 1#149
2020-07-01 01:06:01,705 [grpc-default-executor-6] WARN  server.GrpcLogAppender (LogUtils.java:warn(122)) - omNode-1@group-523986131536->omNode-2-AppendLogResponseHandler: Failed appendEntries: org.apache.ratis.thirdparty.io.grpc.StatusRuntimeException: UNAVAILABLE: io exception
2020-07-01 01:06:01,705 [grpc-default-executor-6] INFO  impl.FollowerInfo (FollowerInfo.java:lambda$new$0(51)) - omNode-1@group-523986131536->omNode-2: nextIndex: updateUnconditionally 186 -> 45
2020-07-01 01:06:01,706 [Thread-5000] DEBUG impl.RaftServerImpl (RaftServerImpl.java:logAppendEntries(928)) - omNode-3@group-523986131536: succeeded to handle AppendEntries. Reply: omNode-1<-omNode-3#211:OK,SUCCESS,nextIndex:187,term:1,followerCommit:185
2020-07-01 01:06:01,706 [grpc-default-executor-6] DEBUG server.GrpcLogAppender (GrpcLogAppender.java:onNext(257)) - omNode-1@group-523986131536->omNode-3-AppendLogResponseHandler: received a reply omNode-1<-omNode-3#211:OK,SUCCESS,nextIndex:187,term:1,followerCommit:185, request=AppendEntriesRequest:cid=211,entriesCount=1,lastEntry=(t:1, i:186)
2020-07-01 01:06:01,710 [IPC Server handler 14 on default port 11860] DEBUG impl.RaftServerImpl (RaftServerImpl.java:submitClientRequestAsync(575)) - omNode-1@group-523986131536: receive client request(RaftClientRequest:client-6E5155DBE9B8->omNode-1@group-523986131536, cid=415, seq=0, RW, Message:082412001a13636c6965...(size=360))
2020-07-01 01:06:01,710 [IPC Server handler 14 on default port 11860] DEBUG impl.RaftServerImpl (LeaderState.java:addPendingRequest(335)) - omNode-1@group-523986131536-LeaderState: addPendingRequest at RaftClientRequest:client-6E5155DBE9B8->omNode-1@group-523986131536, cid=415, seq=0, RW, Message:082412001a13636c6965...(size=360), entry=(t:1, i:187), STATEMACHINELOGENTRY, client-6E5155DBE9B8, cid=415
2020-07-01 01:06:01,710 [grpc-default-executor-1] DEBUG impl.RaftServerImpl (RaftServerImpl.java:logAppendEntries(928)) - omNode-3@group-523986131536: receive appendEntries(omNode-1, 1, (t:1, i:186), 186, false, commits[omNode-1:c186, omNode-3:c185, omNode-2:c43], entries: (t:1, i:187), STATEMACHINELOGENTRY, client-6E5155DBE9B8, cid=415
2020-07-01 01:06:01,711 [grpc-default-executor-1] INFO  ratis.OzoneManagerStateMachine (OzoneManagerStateMachine.java:getLatestSnapshot(147)) - Latest Snapshot Info 1#149
2020-07-01 01:06:01,711 [grpc-default-executor-1] INFO  ratis.OzoneManagerStateMachine (OzoneManagerStateMachine.java:getLatestSnapshot(147)) - Latest Snapshot Info 1#149
2020-07-01 01:06:01,711 [grpc-default-executor-1] WARN  server.GrpcLogAppender (LogUtils.java:warn(122)) - omNode-1@group-523986131536->omNode-2-AppendLogResponseHandler: Failed appendEntries: org.apache.ratis.thirdparty.io.grpc.StatusRuntimeException: UNAVAILABLE: io exception
2020-07-01 01:06:01,711 [grpc-default-executor-1] INFO  impl.FollowerInfo (FollowerInfo.java:lambda$new$0(51)) - omNode-1@group-523986131536->omNode-2: nextIndex: updateUnconditionally 187 -> 45
2020-07-01 01:06:01,711 [Thread-5001] DEBUG impl.RaftServerImpl (RaftServerImpl.java:logAppendEntries(928)) - omNode-3@group-523986131536: succeeded to handle AppendEntries. Reply: omNode-1<-omNode-3#212:OK,SUCCESS,nextIndex:188,term:1,followerCommit:186
2020-07-01 01:06:01,712 [grpc-default-executor-1] DEBUG server.GrpcLogAppender (GrpcLogAppender.java:onNext(257)) - omNode-1@group-523986131536->omNode-3-AppendLogResponseHandler: received a reply omNode-1<-omNode-3#212:OK,SUCCESS,nextIndex:188,term:1,followerCommit:186, request=AppendEntriesRequest:cid=212,entriesCount=1,lastEntry=(t:1, i:187)
2020-07-01 01:06:01,712 [grpc-default-executor-1] DEBUG impl.RaftServerImpl (RaftServerImpl.java:logAppendEntries(928)) - omNode-3@group-523986131536: receive appendEntries(omNode-1, 1, (t:1, i:187), 187, false, commits[omNode-1:c187, omNode-3:c186, omNode-2:c43], entries: (t:1, i:188), METADATAENTRY(c:187)
2020-07-01 01:06:01,712 [grpc-default-executor-1] INFO  ratis.OzoneManagerStateMachine (OzoneManagerStateMachine.java:getLatestSnapshot(147)) - Latest Snapshot Info 1#149
2020-07-01 01:06:01,712 [grpc-default-executor-1] INFO  ratis.OzoneManagerStateMachine (OzoneManagerStateMachine.java:getLatestSnapshot(147)) - Latest Snapshot Info 1#149
2020-07-01 01:06:01,714 [IPC Server handler 16 on default port 11860] DEBUG impl.RaftServerImpl (RaftServerImpl.java:submitClientRequestAsync(575)) - omNode-1@group-523986131536: receive client request(RaftClientRequest:client-6E5155DBE9B8->omNode-1@group-523986131536, cid=416, seq=0, RW, Message:081f12001a13636c6965...(size=409))
2020-07-01 01:06:01,714 [IPC Server handler 16 on default port 11860] DEBUG impl.RaftServerImpl (LeaderState.java:addPendingRequest(335)) - omNode-1@group-523986131536-LeaderState: addPendingRequest at RaftClientRequest:client-6E5155DBE9B8->omNode-1@group-523986131536, cid=416, seq=0, RW, Message:081f12001a13636c6965...(size=409), entry=(t:1, i:189), STATEMACHINELOGENTRY, client-6E5155DBE9B8, cid=416
2020-07-01 01:06:01,715 [grpc-default-executor-1] DEBUG impl.RaftServerImpl (RaftServerImpl.java:logAppendEntries(928)) - omNode-3@group-523986131536: receive appendEntries(omNode-1, 1, (t:1, i:188), 187, false, commits[omNode-1:c187, omNode-3:c186, omNode-2:c43], entries: (t:1, i:189), STATEMACHINELOGENTRY, client-6E5155DBE9B8, cid=416
2020-07-01 01:06:01,715 [grpc-default-executor-1] INFO  ratis.OzoneManagerStateMachine (OzoneManagerStateMachine.java:getLatestSnapshot(147)) - Latest Snapshot Info 1#149
2020-07-01 01:06:01,715 [grpc-default-executor-1] INFO  ratis.OzoneManagerStateMachine (OzoneManagerStateMachine.java:getLatestSnapshot(147)) - Latest Snapshot Info 1#149
2020-07-01 01:06:01,715 [grpc-default-executor-1] WARN  server.GrpcLogAppender (LogUtils.java:warn(122)) - omNode-1@group-523986131536->omNode-2-AppendLogResponseHandler: Failed appendEntries: org.apache.ratis.thirdparty.io.grpc.StatusRuntimeException: UNAVAILABLE: io exception
2020-07-01 01:06:01,715 [grpc-default-executor-1] INFO  impl.FollowerInfo (FollowerInfo.java:lambda$new$0(51)) - omNode-1@group-523986131536->omNode-2: nextIndex: updateUnconditionally 189 -> 45
2020-07-01 01:06:01,717 [Thread-5002] DEBUG impl.RaftServerImpl (RaftServerImpl.java:logAppendEntries(928)) - omNode-3@group-523986131536: succeeded to handle AppendEntries. Reply: omNode-1<-omNode-3#213:OK,SUCCESS,nextIndex:189,term:1,followerCommit:187
2020-07-01 01:06:01,718 [grpc-default-executor-1] DEBUG server.GrpcLogAppender (GrpcLogAppender.java:onNext(257)) - omNode-1@group-523986131536->omNode-3-AppendLogResponseHandler: received a reply omNode-1<-omNode-3#213:OK,SUCCESS,nextIndex:189,term:1,followerCommit:187, request=AppendEntriesRequest:cid=213,entriesCount=1,lastEntry=(t:1, i:188)
2020-07-01 01:06:01,719 [grpc-default-executor-6] WARN  server.GrpcLogAppender (LogUtils.java:warn(122)) - omNode-1@group-523986131536->omNode-2-AppendLogResponseHandler: Failed appendEntries: org.apache.ratis.thirdparty.io.grpc.StatusRuntimeException: UNAVAILABLE: io exception
2020-07-01 01:06:01,719 [Thread-5003] DEBUG impl.RaftServerImpl (RaftServerImpl.java:logAppendEntries(928)) - omNode-3@group-523986131536: succeeded to handle AppendEntries. Reply: omNode-1<-omNode-3#214:OK,SUCCESS,nextIndex:190,term:1,followerCommit:187
2020-07-01 01:06:01,720 [grpc-default-executor-6] INFO  impl.FollowerInfo (FollowerInfo.java:lambda$new$0(51)) - omNode-1@group-523986131536->omNode-2: nextIndex: updateUnconditionally 190 -> 45
2020-07-01 01:06:01,720 [grpc-default-executor-6] DEBUG server.GrpcLogAppender (GrpcLogAppender.java:onNext(257)) - omNode-1@group-523986131536->omNode-3-AppendLogResponseHandler: received a reply omNode-1<-omNode-3#214:OK,SUCCESS,nextIndex:190,term:1,followerCommit:187, request=AppendEntriesRequest:cid=214,entriesCount=1,lastEntry=(t:1, i:189)
2020-07-01 01:06:01,721 [grpc-default-executor-6] DEBUG impl.RaftServerImpl (RaftServerImpl.java:logAppendEntries(928)) - omNode-3@group-523986131536: receive appendEntries(omNode-1, 1, (t:1, i:189), 189, false, commits[omNode-1:c189, omNode-3:c187, omNode-2:c43], entries: (t:1, i:190), METADATAENTRY(c:189)
2020-07-01 01:06:01,721 [grpc-default-executor-6] INFO  ratis.OzoneManagerStateMachine (OzoneManagerStateMachine.java:getLatestSnapshot(147)) - Latest Snapshot Info 1#149
2020-07-01 01:06:01,721 [grpc-default-executor-6] INFO  ratis.OzoneManagerStateMachine (OzoneManagerStateMachine.java:getLatestSnapshot(147)) - Latest Snapshot Info 1#149
2020-07-01 01:06:01,723 [Thread-5004] DEBUG impl.RaftServerImpl (RaftServerImpl.java:logAppendEntries(928)) - omNode-3@group-523986131536: succeeded to handle AppendEntries. Reply: omNode-1<-omNode-3#215:OK,SUCCESS,nextIndex:191,term:1,followerCommit:189
2020-07-01 01:06:01,724 [grpc-default-executor-1] DEBUG server.GrpcLogAppender (GrpcLogAppender.java:onNext(257)) - omNode-1@group-523986131536->omNode-3-AppendLogResponseHandler: received a reply omNode-1<-omNode-3#215:OK,SUCCESS,nextIndex:191,term:1,followerCommit:189, request=AppendEntriesRequest:cid=215,entriesCount=1,lastEntry=(t:1, i:190)
2020-07-01 01:06:01,724 [grpc-default-executor-6] WARN  server.GrpcLogAppender (LogUtils.java:warn(122)) - omNode-1@group-523986131536->omNode-2-AppendLogResponseHandler: Failed appendEntries: org.apache.ratis.thirdparty.io.grpc.StatusRuntimeException: UNAVAILABLE: io exception
2020-07-01 01:06:01,724 [grpc-default-executor-6] INFO  impl.FollowerInfo (FollowerInfo.java:lambda$new$0(51)) - omNode-1@group-523986131536->omNode-2: nextIndex: updateUnconditionally 191 -> 45
2020-07-01 01:06:01,728 [IPC Server handler 19 on default port 11860] DEBUG impl.RaftServerImpl (RaftServerImpl.java:submitClientRequestAsync(575)) - omNode-1@group-523986131536: receive client request(RaftClientRequest:client-6E5155DBE9B8->omNode-1@group-523986131536, cid=417, seq=0, RW, Message:082412001a13636c6965...(size=360))
2020-07-01 01:06:01,728 [IPC Server handler 19 on default port 11860] DEBUG impl.RaftServerImpl (LeaderState.java:addPendingRequest(335)) - omNode-1@group-523986131536-LeaderState: addPendingRequest at RaftClientRequest:client-6E5155DBE9B8->omNode-1@group-523986131536, cid=417, seq=0, RW, Message:082412001a13636c6965...(size=360), entry=(t:1, i:191), STATEMACHINELOGENTRY, client-6E5155DBE9B8, cid=417
2020-07-01 01:06:01,728 [grpc-default-executor-6] DEBUG impl.RaftServerImpl (RaftServerImpl.java:logAppendEntries(928)) - omNode-3@group-523986131536: receive appendEntries(omNode-1, 1, (t:1, i:190), 190, false, commits[omNode-1:c190, omNode-3:c189, omNode-2:c43], entries: (t:1, i:191), STATEMACHINELOGENTRY, client-6E5155DBE9B8, cid=417
2020-07-01 01:06:01,729 [grpc-default-executor-6] INFO  ratis.OzoneManagerStateMachine (OzoneManagerStateMachine.java:getLatestSnapshot(147)) - Latest Snapshot Info 1#149
2020-07-01 01:06:01,729 [grpc-default-executor-6] INFO  ratis.OzoneManagerStateMachine (OzoneManagerStateMachine.java:getLatestSnapshot(147)) - Latest Snapshot Info 1#149
2020-07-01 01:06:01,729 [Thread-5005] DEBUG impl.RaftServerImpl (RaftServerImpl.java:logAppendEntries(928)) - omNode-3@group-523986131536: succeeded to handle AppendEntries. Reply: omNode-1<-omNode-3#216:OK,SUCCESS,nextIndex:192,term:1,followerCommit:190
2020-07-01 01:06:01,730 [grpc-default-executor-7] WARN  server.GrpcLogAppender (LogUtils.java:warn(122)) - omNode-1@group-523986131536->omNode-2-AppendLogResponseHandler: Failed appendEntries: org.apache.ratis.thirdparty.io.grpc.StatusRuntimeException: UNAVAILABLE: io exception
2020-07-01 01:06:01,730 [grpc-default-executor-7] INFO  impl.FollowerInfo (FollowerInfo.java:lambda$new$0(51)) - omNode-1@group-523986131536->omNode-2: nextIndex: updateUnconditionally 192 -> 45
2020-07-01 01:06:01,730 [grpc-default-executor-6] DEBUG server.GrpcLogAppender (GrpcLogAppender.java:onNext(257)) - omNode-1@group-523986131536->omNode-3-AppendLogResponseHandler: received a reply omNode-1<-omNode-3#216:OK,SUCCESS,nextIndex:192,term:1,followerCommit:190, request=AppendEntriesRequest:cid=216,entriesCount=1,lastEntry=(t:1, i:191)
2020-07-01 01:06:01,731 [grpc-default-executor-6] DEBUG impl.RaftServerImpl (RaftServerImpl.java:logAppendEntries(928)) - omNode-3@group-523986131536: receive appendEntries(omNode-1, 1, (t:1, i:191), 191, false, commits[omNode-1:c191, omNode-3:c190, omNode-2:c43], entries: (t:1, i:192), METADATAENTRY(c:191)
2020-07-01 01:06:01,731 [grpc-default-executor-6] INFO  ratis.OzoneManagerStateMachine (OzoneManagerStateMachine.java:getLatestSnapshot(147)) - Latest Snapshot Info 1#149
2020-07-01 01:06:01,731 [grpc-default-executor-6] INFO  ratis.OzoneManagerStateMachine (OzoneManagerStateMachine.java:getLatestSnapshot(147)) - Latest Snapshot Info 1#149
2020-07-01 01:06:01,733 [grpc-default-executor-7] WARN  server.GrpcLogAppender (LogUtils.java:warn(122)) - omNode-1@group-523986131536->omNode-2-AppendLogResponseHandler: Failed appendEntries: org.apache.ratis.thirdparty.io.grpc.StatusRuntimeException: UNAVAILABLE: io exception
2020-07-01 01:06:01,733 [grpc-default-executor-7] INFO  impl.FollowerInfo (FollowerInfo.java:lambda$new$0(51)) - omNode-1@group-523986131536->omNode-2: nextIndex: updateUnconditionally 193 -> 45
2020-07-01 01:06:01,733 [Thread-5006] DEBUG impl.RaftServerImpl (RaftServerImpl.java:logAppendEntries(928)) - omNode-3@group-523986131536: succeeded to handle AppendEntries. Reply: omNode-1<-omNode-3#217:OK,SUCCESS,nextIndex:193,term:1,followerCommit:191
2020-07-01 01:06:01,733 [IPC Server handler 12 on default port 11860] DEBUG impl.RaftServerImpl (RaftServerImpl.java:submitClientRequestAsync(575)) - omNode-1@group-523986131536: receive client request(RaftClientRequest:client-6E5155DBE9B8->omNode-1@group-523986131536, cid=418, seq=0, RW, Message:081f12001a13636c6965...(size=409))
2020-07-01 01:06:01,733 [grpc-default-executor-7] DEBUG server.GrpcLogAppender (GrpcLogAppender.java:onNext(257)) - omNode-1@group-523986131536->omNode-3-AppendLogResponseHandler: received a reply omNode-1<-omNode-3#217:OK,SUCCESS,nextIndex:193,term:1,followerCommit:191, request=AppendEntriesRequest:cid=217,entriesCount=1,lastEntry=(t:1, i:192)
2020-07-01 01:06:01,734 [IPC Server handler 12 on default port 11860] DEBUG impl.RaftServerImpl (LeaderState.java:addPendingRequest(335)) - omNode-1@group-523986131536-LeaderState: addPendingRequest at RaftClientRequest:client-6E5155DBE9B8->omNode-1@group-523986131536, cid=418, seq=0, RW, Message:081f12001a13636c6965...(size=409), entry=(t:1, i:193), STATEMACHINELOGENTRY, client-6E5155DBE9B8, cid=418
2020-07-01 01:06:01,734 [grpc-default-executor-7] DEBUG impl.RaftServerImpl (RaftServerImpl.java:logAppendEntries(928)) - omNode-3@group-523986131536: receive appendEntries(omNode-1, 1, (t:1, i:192), 192, false, commits[omNode-1:c192, omNode-3:c191, omNode-2:c43], entries: (t:1, i:193), STATEMACHINELOGENTRY, client-6E5155DBE9B8, cid=418
2020-07-01 01:06:01,734 [grpc-default-executor-7] INFO  ratis.OzoneManagerStateMachine (OzoneManagerStateMachine.java:getLatestSnapshot(147)) - Latest Snapshot Info 1#149
2020-07-01 01:06:01,734 [grpc-default-executor-7] INFO  ratis.OzoneManagerStateMachine (OzoneManagerStateMachine.java:getLatestSnapshot(147)) - Latest Snapshot Info 1#149
2020-07-01 01:06:01,736 [grpc-default-executor-6] WARN  server.GrpcLogAppender (LogUtils.java:warn(122)) - omNode-1@group-523986131536->omNode-2-AppendLogResponseHandler: Failed appendEntries: org.apache.ratis.thirdparty.io.grpc.StatusRuntimeException: UNAVAILABLE: io exception
2020-07-01 01:06:01,736 [grpc-default-executor-6] INFO  impl.FollowerInfo (FollowerInfo.java:lambda$new$0(51)) - omNode-1@group-523986131536->omNode-2: nextIndex: updateUnconditionally 194 -> 45
2020-07-01 01:06:01,736 [Thread-5007] DEBUG impl.RaftServerImpl (RaftServerImpl.java:logAppendEntries(928)) - omNode-3@group-523986131536: succeeded to handle AppendEntries. Reply: omNode-1<-omNode-3#218:OK,SUCCESS,nextIndex:194,term:1,followerCommit:192
2020-07-01 01:06:01,736 [grpc-default-executor-6] DEBUG server.GrpcLogAppender (GrpcLogAppender.java:onNext(257)) - omNode-1@group-523986131536->omNode-3-AppendLogResponseHandler: received a reply omNode-1<-omNode-3#218:OK,SUCCESS,nextIndex:194,term:1,followerCommit:192, request=AppendEntriesRequest:cid=218,entriesCount=1,lastEntry=(t:1, i:193)
2020-07-01 01:06:01,737 [grpc-default-executor-6] DEBUG impl.RaftServerImpl (RaftServerImpl.java:logAppendEntries(928)) - omNode-3@group-523986131536: receive appendEntries(omNode-1, 1, (t:1, i:193), 193, false, commits[omNode-1:c193, omNode-3:c192, omNode-2:c43], entries: (t:1, i:194), METADATAENTRY(c:193)
2020-07-01 01:06:01,737 [grpc-default-executor-6] INFO  ratis.OzoneManagerStateMachine (OzoneManagerStateMachine.java:getLatestSnapshot(147)) - Latest Snapshot Info 1#149
2020-07-01 01:06:01,737 [grpc-default-executor-6] INFO  ratis.OzoneManagerStateMachine (OzoneManagerStateMachine.java:getLatestSnapshot(147)) - Latest Snapshot Info 1#149
2020-07-01 01:06:01,738 [Thread-5008] DEBUG impl.RaftServerImpl (RaftServerImpl.java:logAppendEntries(928)) - omNode-3@group-523986131536: succeeded to handle AppendEntries. Reply: omNode-1<-omNode-3#219:OK,SUCCESS,nextIndex:195,term:1,followerCommit:193
2020-07-01 01:06:01,738 [grpc-default-executor-6] DEBUG server.GrpcLogAppender (GrpcLogAppender.java:onNext(257)) - omNode-1@group-523986131536->omNode-3-AppendLogResponseHandler: received a reply omNode-1<-omNode-3#219:OK,SUCCESS,nextIndex:195,term:1,followerCommit:193, request=AppendEntriesRequest:cid=219,entriesCount=1,lastEntry=(t:1, i:194)
2020-07-01 01:06:01,741 [grpc-default-executor-7] WARN  server.GrpcLogAppender (LogUtils.java:warn(122)) - omNode-1@group-523986131536->omNode-2-AppendLogResponseHandler: Failed appendEntries: org.apache.ratis.thirdparty.io.grpc.StatusRuntimeException: UNAVAILABLE: io exception
2020-07-01 01:06:01,741 [grpc-default-executor-7] INFO  impl.FollowerInfo (FollowerInfo.java:lambda$new$0(51)) - omNode-1@group-523986131536->omNode-2: nextIndex: updateUnconditionally 195 -> 45
2020-07-01 01:06:01,743 [IPC Server handler 1 on default port 11860] DEBUG impl.RaftServerImpl (RaftServerImpl.java:submitClientRequestAsync(575)) - omNode-1@group-523986131536: receive client request(RaftClientRequest:client-6E5155DBE9B8->omNode-1@group-523986131536, cid=419, seq=0, RW, Message:082412001a13636c6965...(size=360))
2020-07-01 01:06:01,744 [IPC Server handler 1 on default port 11860] DEBUG impl.RaftServerImpl (LeaderState.java:addPendingRequest(335)) - omNode-1@group-523986131536-LeaderState: addPendingRequest at RaftClientRequest:client-6E5155DBE9B8->omNode-1@group-523986131536, cid=419, seq=0, RW, Message:082412001a13636c6965...(size=360), entry=(t:1, i:195), STATEMACHINELOGENTRY, client-6E5155DBE9B8, cid=419
2020-07-01 01:06:01,744 [grpc-default-executor-6] DEBUG impl.RaftServerImpl (RaftServerImpl.java:logAppendEntries(928)) - omNode-3@group-523986131536: receive appendEntries(omNode-1, 1, (t:1, i:194), 194, false, commits[omNode-1:c194, omNode-3:c193, omNode-2:c43], entries: (t:1, i:195), STATEMACHINELOGENTRY, client-6E5155DBE9B8, cid=419
2020-07-01 01:06:01,744 [grpc-default-executor-6] INFO  ratis.OzoneManagerStateMachine (OzoneManagerStateMachine.java:getLatestSnapshot(147)) - Latest Snapshot Info 1#149
2020-07-01 01:06:01,744 [grpc-default-executor-6] INFO  ratis.OzoneManagerStateMachine (OzoneManagerStateMachine.java:getLatestSnapshot(147)) - Latest Snapshot Info 1#149
2020-07-01 01:06:01,745 [Thread-5009] DEBUG impl.RaftServerImpl (RaftServerImpl.java:logAppendEntries(928)) - omNode-3@group-523986131536: succeeded to handle AppendEntries. Reply: omNode-1<-omNode-3#220:OK,SUCCESS,nextIndex:196,term:1,followerCommit:194
2020-07-01 01:06:01,746 [grpc-default-executor-7] WARN  server.GrpcLogAppender (LogUtils.java:warn(122)) - omNode-1@group-523986131536->omNode-2-AppendLogResponseHandler: Failed appendEntries: org.apache.ratis.thirdparty.io.grpc.StatusRuntimeException: UNAVAILABLE: io exception
2020-07-01 01:06:01,746 [grpc-default-executor-7] INFO  impl.FollowerInfo (FollowerInfo.java:lambda$new$0(51)) - omNode-1@group-523986131536->omNode-2: nextIndex: updateUnconditionally 196 -> 45
2020-07-01 01:06:01,746 [grpc-default-executor-7] DEBUG server.GrpcLogAppender (GrpcLogAppender.java:onNext(257)) - omNode-1@group-523986131536->omNode-3-AppendLogResponseHandler: received a reply omNode-1<-omNode-3#220:OK,SUCCESS,nextIndex:196,term:1,followerCommit:194, request=AppendEntriesRequest:cid=220,entriesCount=1,lastEntry=(t:1, i:195)
2020-07-01 01:06:01,747 [grpc-default-executor-7] DEBUG impl.RaftServerImpl (RaftServerImpl.java:logAppendEntries(928)) - omNode-3@group-523986131536: receive appendEntries(omNode-1, 1, (t:1, i:195), 195, false, commits[omNode-1:c195, omNode-3:c194, omNode-2:c43], entries: (t:1, i:196), METADATAENTRY(c:195)
2020-07-01 01:06:01,747 [grpc-default-executor-7] INFO  ratis.OzoneManagerStateMachine (OzoneManagerStateMachine.java:getLatestSnapshot(147)) - Latest Snapshot Info 1#149
2020-07-01 01:06:01,747 [grpc-default-executor-7] INFO  ratis.OzoneManagerStateMachine (OzoneManagerStateMachine.java:getLatestSnapshot(147)) - Latest Snapshot Info 1#149
2020-07-01 01:06:01,750 [IPC Server handler 3 on default port 11860] DEBUG impl.RaftServerImpl (RaftServerImpl.java:submitClientRequestAsync(575)) - omNode-1@group-523986131536: receive client request(RaftClientRequest:client-6E5155DBE9B8->omNode-1@group-523986131536, cid=420, seq=0, RW, Message:081f12001a13636c6965...(size=409))
2020-07-01 01:06:01,751 [IPC Server handler 3 on default port 11860] DEBUG impl.RaftServerImpl (LeaderState.java:addPendingRequest(335)) - omNode-1@group-523986131536-LeaderState: addPendingRequest at RaftClientRequest:client-6E5155DBE9B8->omNode-1@group-523986131536, cid=420, seq=0, RW, Message:081f12001a13636c6965...(size=409), entry=(t:1, i:197), STATEMACHINELOGENTRY, client-6E5155DBE9B8, cid=420
2020-07-01 01:06:01,751 [grpc-default-executor-6] WARN  server.GrpcLogAppender (LogUtils.java:warn(122)) - omNode-1@group-523986131536->omNode-2-AppendLogResponseHandler: Failed appendEntries: org.apache.ratis.thirdparty.io.grpc.StatusRuntimeException: UNAVAILABLE: io exception
2020-07-01 01:06:01,751 [grpc-default-executor-6] INFO  impl.FollowerInfo (FollowerInfo.java:lambda$new$0(51)) - omNode-1@group-523986131536->omNode-2: nextIndex: updateUnconditionally 197 -> 45
2020-07-01 01:06:01,752 [grpc-default-executor-6] DEBUG impl.RaftServerImpl (RaftServerImpl.java:logAppendEntries(928)) - omNode-3@group-523986131536: receive appendEntries(omNode-1, 1, (t:1, i:196), 195, false, commits[omNode-1:c195, omNode-3:c194, omNode-2:c43], entries: (t:1, i:197), STATEMACHINELOGENTRY, client-6E5155DBE9B8, cid=420
2020-07-01 01:06:01,752 [grpc-default-executor-6] INFO  ratis.OzoneManagerStateMachine (OzoneManagerStateMachine.java:getLatestSnapshot(147)) - Latest Snapshot Info 1#149
2020-07-01 01:06:01,752 [grpc-default-executor-6] INFO  ratis.OzoneManagerStateMachine (OzoneManagerStateMachine.java:getLatestSnapshot(147)) - Latest Snapshot Info 1#149
2020-07-01 01:06:01,753 [Thread-5010] DEBUG impl.RaftServerImpl (RaftServerImpl.java:logAppendEntries(928)) - omNode-3@group-523986131536: succeeded to handle AppendEntries. Reply: omNode-1<-omNode-3#221:OK,SUCCESS,nextIndex:197,term:1,followerCommit:195
2020-07-01 01:06:01,753 [grpc-default-executor-6] DEBUG server.GrpcLogAppender (GrpcLogAppender.java:onNext(257)) - omNode-1@group-523986131536->omNode-3-AppendLogResponseHandler: received a reply omNode-1<-omNode-3#221:OK,SUCCESS,nextIndex:197,term:1,followerCommit:195, request=AppendEntriesRequest:cid=221,entriesCount=1,lastEntry=(t:1, i:196)
2020-07-01 01:06:01,755 [grpc-default-executor-7] WARN  server.GrpcLogAppender (LogUtils.java:warn(122)) - omNode-1@group-523986131536->omNode-2-AppendLogResponseHandler: Failed appendEntries: org.apache.ratis.thirdparty.io.grpc.StatusRuntimeException: UNAVAILABLE: io exception
2020-07-01 01:06:01,755 [grpc-default-executor-7] INFO  impl.FollowerInfo (FollowerInfo.java:lambda$new$0(51)) - omNode-1@group-523986131536->omNode-2: nextIndex: updateUnconditionally 198 -> 45
2020-07-01 01:06:01,756 [grpc-default-executor-7] WARN  server.GrpcLogAppender (LogUtils.java:warn(122)) - omNode-1@group-523986131536->omNode-2-AppendLogResponseHandler: Failed appendEntries: org.apache.ratis.thirdparty.io.grpc.StatusRuntimeException: UNAVAILABLE: io exception
2020-07-01 01:06:01,757 [grpc-default-executor-7] INFO  impl.FollowerInfo (FollowerInfo.java:lambda$new$0(51)) - omNode-1@group-523986131536->omNode-2: nextIndex: updateUnconditionally 198 -> 45
2020-07-01 01:06:01,758 [grpc-default-executor-7] WARN  server.GrpcLogAppender (LogUtils.java:warn(122)) - omNode-1@group-523986131536->omNode-2-AppendLogResponseHandler: Failed appendEntries: org.apache.ratis.thirdparty.io.grpc.StatusRuntimeException: UNAVAILABLE: io exception
2020-07-01 01:06:01,759 [grpc-default-executor-7] INFO  impl.FollowerInfo (FollowerInfo.java:lambda$new$0(51)) - omNode-1@group-523986131536->omNode-2: nextIndex: updateUnconditionally 198 -> 45
2020-07-01 01:06:01,760 [grpc-default-executor-7] WARN  server.GrpcLogAppender (LogUtils.java:warn(122)) - omNode-1@group-523986131536->omNode-2-AppendLogResponseHandler: Failed appendEntries: org.apache.ratis.thirdparty.io.grpc.StatusRuntimeException: UNAVAILABLE: io exception
2020-07-01 01:06:01,761 [grpc-default-executor-7] INFO  impl.FollowerInfo (FollowerInfo.java:lambda$new$0(51)) - omNode-1@group-523986131536->omNode-2: nextIndex: updateUnconditionally 198 -> 45
2020-07-01 01:06:01,762 [grpc-default-executor-7] WARN  server.GrpcLogAppender (LogUtils.java:warn(122)) - omNode-1@group-523986131536->omNode-2-AppendLogResponseHandler: Failed appendEntries: org.apache.ratis.thirdparty.io.grpc.StatusRuntimeException: UNAVAILABLE: io exception
2020-07-01 01:06:01,762 [grpc-default-executor-7] INFO  impl.FollowerInfo (FollowerInfo.java:lambda$new$0(51)) - omNode-1@group-523986131536->omNode-2: nextIndex: updateUnconditionally 198 -> 45
2020-07-01 01:06:01,764 [grpc-default-executor-7] WARN  server.GrpcLogAppender (LogUtils.java:warn(122)) - omNode-1@group-523986131536->omNode-2-AppendLogResponseHandler: Failed appendEntries: org.apache.ratis.thirdparty.io.grpc.StatusRuntimeException: UNAVAILABLE: io exception
2020-07-01 01:06:01,764 [grpc-default-executor-7] INFO  impl.FollowerInfo (FollowerInfo.java:lambda$new$0(51)) - omNode-1@group-523986131536->omNode-2: nextIndex: updateUnconditionally 198 -> 45
2020-07-01 01:06:01,766 [grpc-default-executor-7] WARN  server.GrpcLogAppender (LogUtils.java:warn(122)) - omNode-1@group-523986131536->omNode-2-AppendLogResponseHandler: Failed appendEntries: org.apache.ratis.thirdparty.io.grpc.StatusRuntimeException: UNAVAILABLE: io exception
2020-07-01 01:06:01,766 [grpc-default-executor-7] INFO  impl.FollowerInfo (FollowerInfo.java:lambda$new$0(51)) - omNode-1@group-523986131536->omNode-2: nextIndex: updateUnconditionally 198 -> 45
2020-07-01 01:06:01,766 [Thread-5011] DEBUG impl.RaftServerImpl (RaftServerImpl.java:logAppendEntries(928)) - omNode-3@group-523986131536: succeeded to handle AppendEntries. Reply: omNode-1<-omNode-3#222:OK,SUCCESS,nextIndex:198,term:1,followerCommit:195
2020-07-01 01:06:01,767 [grpc-default-executor-7] DEBUG server.GrpcLogAppender (GrpcLogAppender.java:onNext(257)) - omNode-1@group-523986131536->omNode-3-AppendLogResponseHandler: received a reply omNode-1<-omNode-3#222:OK,SUCCESS,nextIndex:198,term:1,followerCommit:195, request=AppendEntriesRequest:cid=222,entriesCount=1,lastEntry=(t:1, i:197)
2020-07-01 01:06:01,767 [grpc-default-executor-7] DEBUG impl.RaftServerImpl (RaftServerImpl.java:logAppendEntries(928)) - omNode-3@group-523986131536: receive appendEntries(omNode-1, 1, (t:1, i:197), 197, false, commits[omNode-1:c197, omNode-3:c195, omNode-2:c43], entries: (t:1, i:198), METADATAENTRY(c:197)
2020-07-01 01:06:01,767 [grpc-default-executor-7] INFO  ratis.OzoneManagerStateMachine (OzoneManagerStateMachine.java:getLatestSnapshot(147)) - Latest Snapshot Info 1#149
2020-07-01 01:06:01,767 [grpc-default-executor-7] INFO  ratis.OzoneManagerStateMachine (OzoneManagerStateMachine.java:getLatestSnapshot(147)) - Latest Snapshot Info 1#149
2020-07-01 01:06:01,769 [grpc-default-executor-7] WARN  server.GrpcLogAppender (LogUtils.java:warn(122)) - omNode-1@group-523986131536->omNode-2-AppendLogResponseHandler: Failed appendEntries: org.apache.ratis.thirdparty.io.grpc.StatusRuntimeException: UNAVAILABLE: io exception
2020-07-01 01:06:01,769 [grpc-default-executor-7] INFO  impl.FollowerInfo (FollowerInfo.java:lambda$new$0(51)) - omNode-1@group-523986131536->omNode-2: nextIndex: updateUnconditionally 198 -> 45
2020-07-01 01:06:01,772 [grpc-default-executor-7] WARN  server.GrpcLogAppender (LogUtils.java:warn(122)) - omNode-1@group-523986131536->omNode-2-AppendLogResponseHandler: Failed appendEntries: org.apache.ratis.thirdparty.io.grpc.StatusRuntimeException: UNAVAILABLE: io exception
2020-07-01 01:06:01,772 [grpc-default-executor-7] INFO  impl.FollowerInfo (FollowerInfo.java:lambda$new$0(51)) - omNode-1@group-523986131536->omNode-2: nextIndex: updateUnconditionally 199 -> 45
2020-07-01 01:06:01,774 [grpc-default-executor-7] WARN  server.GrpcLogAppender (LogUtils.java:warn(122)) - omNode-1@group-523986131536->omNode-2-AppendLogResponseHandler: Failed appendEntries: org.apache.ratis.thirdparty.io.grpc.StatusRuntimeException: UNAVAILABLE: io exception
2020-07-01 01:06:01,774 [grpc-default-executor-7] INFO  impl.FollowerInfo (FollowerInfo.java:lambda$new$0(51)) - omNode-1@group-523986131536->omNode-2: nextIndex: updateUnconditionally 199 -> 45
2020-07-01 01:06:01,776 [Thread-5012] DEBUG impl.RaftServerImpl (RaftServerImpl.java:logAppendEntries(928)) - omNode-3@group-523986131536: succeeded to handle AppendEntries. Reply: omNode-1<-omNode-3#223:OK,SUCCESS,nextIndex:199,term:1,followerCommit:197
2020-07-01 01:06:01,777 [grpc-default-executor-7] DEBUG server.GrpcLogAppender (GrpcLogAppender.java:onNext(257)) - omNode-1@group-523986131536->omNode-3-AppendLogResponseHandler: received a reply omNode-1<-omNode-3#223:OK,SUCCESS,nextIndex:199,term:1,followerCommit:197, request=AppendEntriesRequest:cid=223,entriesCount=1,lastEntry=(t:1, i:198)
2020-07-01 01:06:01,777 [omNode-1@group-523986131536-StateMachineUpdater] INFO  ratis.OzoneManagerStateMachine (OzoneManagerStateMachine.java:takeSnapshot(355)) - Current Snapshot Index (t:1, i:198)
2020-07-01 01:06:01,777 [omNode-1@group-523986131536-StateMachineUpdater] INFO  impl.StateMachineUpdater (StateMachineUpdater.java:takeSnapshot(277)) - omNode-1@group-523986131536-StateMachineUpdater: Took a snapshot at index 198
2020-07-01 01:06:01,777 [omNode-1@group-523986131536-StateMachineUpdater] INFO  impl.StateMachineUpdater (StateMachineUpdater.java:lambda$new$0(87)) - omNode-1@group-523986131536-StateMachineUpdater: snapshotIndex: updateIncreasingly 148 -> 198
2020-07-01 01:06:01,777 [grpc-default-executor-7] WARN  server.GrpcLogAppender (LogUtils.java:warn(122)) - omNode-1@group-523986131536->omNode-2-AppendLogResponseHandler: Failed appendEntries: org.apache.ratis.thirdparty.io.grpc.StatusRuntimeException: UNAVAILABLE: io exception
2020-07-01 01:06:01,777 [grpc-default-executor-7] INFO  impl.FollowerInfo (FollowerInfo.java:lambda$new$0(51)) - omNode-1@group-523986131536->omNode-2: nextIndex: updateUnconditionally 199 -> 45
2020-07-01 01:06:01,779 [grpc-default-executor-7] WARN  server.GrpcLogAppender (LogUtils.java:warn(122)) - omNode-1@group-523986131536->omNode-2-AppendLogResponseHandler: Failed appendEntries: org.apache.ratis.thirdparty.io.grpc.StatusRuntimeException: UNAVAILABLE: io exception
2020-07-01 01:06:01,779 [grpc-default-executor-7] INFO  impl.FollowerInfo (FollowerInfo.java:lambda$new$0(51)) - omNode-1@group-523986131536->omNode-2: nextIndex: updateUnconditionally 199 -> 45
2020-07-01 01:06:01,781 [grpc-default-executor-7] WARN  server.GrpcLogAppender (LogUtils.java:warn(122)) - omNode-1@group-523986131536->omNode-2-AppendLogResponseHandler: Failed appendEntries: org.apache.ratis.thirdparty.io.grpc.StatusRuntimeException: UNAVAILABLE: io exception
2020-07-01 01:06:01,781 [grpc-default-executor-7] INFO  impl.FollowerInfo (FollowerInfo.java:lambda$new$0(51)) - omNode-1@group-523986131536->omNode-2: nextIndex: updateUnconditionally 199 -> 45
2020-07-01 01:06:01,784 [IPC Server handler 0 on default port 11860] DEBUG impl.RaftServerImpl (RaftServerImpl.java:submitClientRequestAsync(575)) - omNode-1@group-523986131536: receive client request(RaftClientRequest:client-6E5155DBE9B8->omNode-1@group-523986131536, cid=421, seq=0, RW, Message:082412001a13636c6965...(size=360))
2020-07-01 01:06:01,785 [IPC Server handler 0 on default port 11860] DEBUG impl.RaftServerImpl (LeaderState.java:addPendingRequest(335)) - omNode-1@group-523986131536-LeaderState: addPendingRequest at RaftClientRequest:client-6E5155DBE9B8->omNode-1@group-523986131536, cid=421, seq=0, RW, Message:082412001a13636c6965...(size=360), entry=(t:1, i:199), STATEMACHINELOGENTRY, client-6E5155DBE9B8, cid=421
2020-07-01 01:06:01,785 [grpc-default-executor-6] WARN  server.GrpcLogAppender (LogUtils.java:warn(122)) - omNode-1@group-523986131536->omNode-2-AppendLogResponseHandler: Failed appendEntries: org.apache.ratis.thirdparty.io.grpc.StatusRuntimeException: UNAVAILABLE: io exception
2020-07-01 01:06:01,785 [grpc-default-executor-6] INFO  impl.FollowerInfo (FollowerInfo.java:lambda$new$0(51)) - omNode-1@group-523986131536->omNode-2: nextIndex: updateUnconditionally 199 -> 45
2020-07-01 01:06:01,787 [grpc-default-executor-6] WARN  server.GrpcLogAppender (LogUtils.java:warn(122)) - omNode-1@group-523986131536->omNode-2-AppendLogResponseHandler: Failed appendEntries: org.apache.ratis.thirdparty.io.grpc.StatusRuntimeException: UNAVAILABLE: io exception
2020-07-01 01:06:01,787 [grpc-default-executor-6] INFO  impl.FollowerInfo (FollowerInfo.java:lambda$new$0(51)) - omNode-1@group-523986131536->omNode-2: nextIndex: updateUnconditionally 200 -> 45
2020-07-01 01:06:01,789 [grpc-default-executor-6] WARN  server.GrpcLogAppender (LogUtils.java:warn(122)) - omNode-1@group-523986131536->omNode-2-AppendLogResponseHandler: Failed appendEntries: org.apache.ratis.thirdparty.io.grpc.StatusRuntimeException: UNAVAILABLE: io exception
2020-07-01 01:06:01,789 [grpc-default-executor-6] INFO  impl.FollowerInfo (FollowerInfo.java:lambda$new$0(51)) - omNode-1@group-523986131536->omNode-2: nextIndex: updateUnconditionally 200 -> 45
2020-07-01 01:06:01,791 [grpc-default-executor-6] WARN  server.GrpcLogAppender (LogUtils.java:warn(122)) - omNode-1@group-523986131536->omNode-2-AppendLogResponseHandler: Failed appendEntries: org.apache.ratis.thirdparty.io.grpc.StatusRuntimeException: UNAVAILABLE: io exception
2020-07-01 01:06:01,791 [grpc-default-executor-6] INFO  impl.FollowerInfo (FollowerInfo.java:lambda$new$0(51)) - omNode-1@group-523986131536->omNode-2: nextIndex: updateUnconditionally 200 -> 45
2020-07-01 01:06:01,792 [grpc-default-executor-6] WARN  server.GrpcLogAppender (LogUtils.java:warn(122)) - omNode-1@group-523986131536->omNode-2-AppendLogResponseHandler: Failed appendEntries: org.apache.ratis.thirdparty.io.grpc.StatusRuntimeException: UNAVAILABLE: io exception
2020-07-01 01:06:01,793 [grpc-default-executor-6] INFO  impl.FollowerInfo (FollowerInfo.java:lambda$new$0(51)) - omNode-1@group-523986131536->omNode-2: nextIndex: updateUnconditionally 200 -> 45
2020-07-01 01:06:01,794 [grpc-default-executor-6] WARN  server.GrpcLogAppender (LogUtils.java:warn(122)) - omNode-1@group-523986131536->omNode-2-AppendLogResponseHandler: Failed appendEntries: org.apache.ratis.thirdparty.io.grpc.StatusRuntimeException: UNAVAILABLE: io exception
2020-07-01 01:06:01,794 [grpc-default-executor-6] INFO  impl.FollowerInfo (FollowerInfo.java:lambda$new$0(51)) - omNode-1@group-523986131536->omNode-2: nextIndex: updateUnconditionally 200 -> 45
2020-07-01 01:06:01,796 [grpc-default-executor-6] WARN  server.GrpcLogAppender (LogUtils.java:warn(122)) - omNode-1@group-523986131536->omNode-2-AppendLogResponseHandler: Failed appendEntries: org.apache.ratis.thirdparty.io.grpc.StatusRuntimeException: UNAVAILABLE: io exception
2020-07-01 01:06:01,796 [grpc-default-executor-6] INFO  impl.FollowerInfo (FollowerInfo.java:lambda$new$0(51)) - omNode-1@group-523986131536->omNode-2: nextIndex: updateUnconditionally 200 -> 45
2020-07-01 01:06:01,798 [grpc-default-executor-6] WARN  server.GrpcLogAppender (LogUtils.java:warn(122)) - omNode-1@group-523986131536->omNode-2-AppendLogResponseHandler: Failed appendEntries: org.apache.ratis.thirdparty.io.grpc.StatusRuntimeException: UNAVAILABLE: io exception
2020-07-01 01:06:01,798 [grpc-default-executor-6] INFO  impl.FollowerInfo (FollowerInfo.java:lambda$new$0(51)) - omNode-1@group-523986131536->omNode-2: nextIndex: updateUnconditionally 200 -> 45
2020-07-01 01:06:01,799 [grpc-default-executor-6] DEBUG impl.RaftServerImpl (RaftServerImpl.java:logAppendEntries(928)) - omNode-3@group-523986131536: receive appendEntries(omNode-1, 1, (t:1, i:198), 198, false, commits[omNode-1:c198, omNode-3:c197, omNode-2:c43], entries: (t:1, i:199), STATEMACHINELOGENTRY, client-6E5155DBE9B8, cid=421
2020-07-01 01:06:01,799 [grpc-default-executor-6] INFO  ratis.OzoneManagerStateMachine (OzoneManagerStateMachine.java:getLatestSnapshot(147)) - Latest Snapshot Info 1#149
2020-07-01 01:06:01,799 [grpc-default-executor-6] INFO  ratis.OzoneManagerStateMachine (OzoneManagerStateMachine.java:getLatestSnapshot(147)) - Latest Snapshot Info 1#149
2020-07-01 01:06:01,800 [grpc-default-executor-6] WARN  server.GrpcLogAppender (LogUtils.java:warn(122)) - omNode-1@group-523986131536->omNode-2-AppendLogResponseHandler: Failed appendEntries: org.apache.ratis.thirdparty.io.grpc.StatusRuntimeException: UNAVAILABLE: io exception
2020-07-01 01:06:01,801 [grpc-default-executor-6] INFO  impl.FollowerInfo (FollowerInfo.java:lambda$new$0(51)) - omNode-1@group-523986131536->omNode-2: nextIndex: updateUnconditionally 200 -> 45
2020-07-01 01:06:01,802 [grpc-default-executor-6] WARN  server.GrpcLogAppender (LogUtils.java:warn(122)) - omNode-1@group-523986131536->omNode-2-AppendLogResponseHandler: Failed appendEntries: org.apache.ratis.thirdparty.io.grpc.StatusRuntimeException: UNAVAILABLE: io exception
2020-07-01 01:06:01,802 [grpc-default-executor-6] INFO  impl.FollowerInfo (FollowerInfo.java:lambda$new$0(51)) - omNode-1@group-523986131536->omNode-2: nextIndex: updateUnconditionally 200 -> 45
2020-07-01 01:06:01,804 [grpc-default-executor-6] WARN  server.GrpcLogAppender (LogUtils.java:warn(122)) - omNode-1@group-523986131536->omNode-2-AppendLogResponseHandler: Failed appendEntries: org.apache.ratis.thirdparty.io.grpc.StatusRuntimeException: UNAVAILABLE: io exception
2020-07-01 01:06:01,804 [grpc-default-executor-6] INFO  impl.FollowerInfo (FollowerInfo.java:lambda$new$0(51)) - omNode-1@group-523986131536->omNode-2: nextIndex: updateUnconditionally 200 -> 45
2020-07-01 01:06:01,806 [grpc-default-executor-6] WARN  server.GrpcLogAppender (LogUtils.java:warn(122)) - omNode-1@group-523986131536->omNode-2-AppendLogResponseHandler: Failed appendEntries: org.apache.ratis.thirdparty.io.grpc.StatusRuntimeException: UNAVAILABLE: io exception
2020-07-01 01:06:01,806 [grpc-default-executor-6] INFO  impl.FollowerInfo (FollowerInfo.java:lambda$new$0(51)) - omNode-1@group-523986131536->omNode-2: nextIndex: updateUnconditionally 200 -> 45
2020-07-01 01:06:01,807 [Thread-5013] DEBUG impl.RaftServerImpl (RaftServerImpl.java:logAppendEntries(928)) - omNode-3@group-523986131536: succeeded to handle AppendEntries. Reply: omNode-1<-omNode-3#224:OK,SUCCESS,nextIndex:200,term:1,followerCommit:198
2020-07-01 01:06:01,807 [grpc-default-executor-7] DEBUG server.GrpcLogAppender (GrpcLogAppender.java:onNext(257)) - omNode-1@group-523986131536->omNode-3-AppendLogResponseHandler: received a reply omNode-1<-omNode-3#224:OK,SUCCESS,nextIndex:200,term:1,followerCommit:198, request=AppendEntriesRequest:cid=224,entriesCount=1,lastEntry=(t:1, i:199)
2020-07-01 01:06:01,808 [grpc-default-executor-7] DEBUG impl.RaftServerImpl (RaftServerImpl.java:logAppendEntries(928)) - omNode-3@group-523986131536: receive appendEntries(omNode-1, 1, (t:1, i:199), 199, false, commits[omNode-1:c199, omNode-3:c198, omNode-2:c43], entries: (t:1, i:200), METADATAENTRY(c:199)
2020-07-01 01:06:01,808 [grpc-default-executor-7] INFO  ratis.OzoneManagerStateMachine (OzoneManagerStateMachine.java:getLatestSnapshot(147)) - Latest Snapshot Info 1#149
2020-07-01 01:06:01,808 [grpc-default-executor-7] INFO  ratis.OzoneManagerStateMachine (OzoneManagerStateMachine.java:getLatestSnapshot(147)) - Latest Snapshot Info 1#149
2020-07-01 01:06:01,809 [grpc-default-executor-6] WARN  server.GrpcLogAppender (LogUtils.java:warn(122)) - omNode-1@group-523986131536->omNode-2-AppendLogResponseHandler: Failed appendEntries: org.apache.ratis.thirdparty.io.grpc.StatusRuntimeException: UNAVAILABLE: io exception
2020-07-01 01:06:01,809 [grpc-default-executor-6] INFO  impl.FollowerInfo (FollowerInfo.java:lambda$new$0(51)) - omNode-1@group-523986131536->omNode-2: nextIndex: updateUnconditionally 200 -> 45
2020-07-01 01:06:01,811 [IPC Server handler 5 on default port 11860] DEBUG impl.RaftServerImpl (RaftServerImpl.java:submitClientRequestAsync(575)) - omNode-1@group-523986131536: receive client request(RaftClientRequest:client-6E5155DBE9B8->omNode-1@group-523986131536, cid=422, seq=0, RW, Message:081f12001a13636c6965...(size=409))
2020-07-01 01:06:01,811 [IPC Server handler 5 on default port 11860] DEBUG impl.RaftServerImpl (LeaderState.java:addPendingRequest(335)) - omNode-1@group-523986131536-LeaderState: addPendingRequest at RaftClientRequest:client-6E5155DBE9B8->omNode-1@group-523986131536, cid=422, seq=0, RW, Message:081f12001a13636c6965...(size=409), entry=(t:1, i:201), STATEMACHINELOGENTRY, client-6E5155DBE9B8, cid=422
2020-07-01 01:06:01,812 [grpc-default-executor-6] DEBUG impl.RaftServerImpl (RaftServerImpl.java:logAppendEntries(928)) - omNode-3@group-523986131536: receive appendEntries(omNode-1, 1, (t:1, i:200), 199, false, commits[omNode-1:c199, omNode-3:c198, omNode-2:c43], entries: (t:1, i:201), STATEMACHINELOGENTRY, client-6E5155DBE9B8, cid=422
2020-07-01 01:06:01,812 [grpc-default-executor-6] INFO  ratis.OzoneManagerStateMachine (OzoneManagerStateMachine.java:getLatestSnapshot(147)) - Latest Snapshot Info 1#149
2020-07-01 01:06:01,812 [grpc-default-executor-6] INFO  ratis.OzoneManagerStateMachine (OzoneManagerStateMachine.java:getLatestSnapshot(147)) - Latest Snapshot Info 1#149
2020-07-01 01:06:01,813 [Thread-5014] DEBUG impl.RaftServerImpl (RaftServerImpl.java:logAppendEntries(928)) - omNode-3@group-523986131536: succeeded to handle AppendEntries. Reply: omNode-1<-omNode-3#225:OK,SUCCESS,nextIndex:201,term:1,followerCommit:199
2020-07-01 01:06:01,813 [omNode-3@group-523986131536-StateMachineUpdater] INFO  ratis.OzoneManagerStateMachine (OzoneManagerStateMachine.java:takeSnapshot(355)) - Current Snapshot Index (t:1, i:199)
2020-07-01 01:06:01,814 [omNode-3@group-523986131536-StateMachineUpdater] INFO  impl.StateMachineUpdater (StateMachineUpdater.java:takeSnapshot(277)) - omNode-3@group-523986131536-StateMachineUpdater: Took a snapshot at index 199
2020-07-01 01:06:01,814 [omNode-3@group-523986131536-StateMachineUpdater] INFO  impl.StateMachineUpdater (StateMachineUpdater.java:lambda$new$0(87)) - omNode-3@group-523986131536-StateMachineUpdater: snapshotIndex: updateIncreasingly 149 -> 199
2020-07-01 01:06:01,814 [grpc-default-executor-6] DEBUG server.GrpcLogAppender (GrpcLogAppender.java:onNext(257)) - omNode-1@group-523986131536->omNode-3-AppendLogResponseHandler: received a reply omNode-1<-omNode-3#225:OK,SUCCESS,nextIndex:201,term:1,followerCommit:199, request=AppendEntriesRequest:cid=225,entriesCount=1,lastEntry=(t:1, i:200)
2020-07-01 01:06:01,815 [grpc-default-executor-6] WARN  server.GrpcLogAppender (LogUtils.java:warn(122)) - omNode-1@group-523986131536->omNode-2-AppendLogResponseHandler: Failed appendEntries: org.apache.ratis.thirdparty.io.grpc.StatusRuntimeException: UNAVAILABLE: io exception
2020-07-01 01:06:01,815 [grpc-default-executor-6] INFO  impl.FollowerInfo (FollowerInfo.java:lambda$new$0(51)) - omNode-1@group-523986131536->omNode-2: nextIndex: updateUnconditionally 201 -> 45
2020-07-01 01:06:01,817 [grpc-default-executor-6] WARN  server.GrpcLogAppender (LogUtils.java:warn(122)) - omNode-1@group-523986131536->omNode-2-AppendLogResponseHandler: Failed appendEntries: org.apache.ratis.thirdparty.io.grpc.StatusRuntimeException: UNAVAILABLE: io exception
2020-07-01 01:06:01,817 [grpc-default-executor-6] INFO  impl.FollowerInfo (FollowerInfo.java:lambda$new$0(51)) - omNode-1@group-523986131536->omNode-2: nextIndex: updateUnconditionally 202 -> 45
2020-07-01 01:06:01,818 [grpc-default-executor-6] WARN  server.GrpcLogAppender (LogUtils.java:warn(122)) - omNode-1@group-523986131536->omNode-2-AppendLogResponseHandler: Failed appendEntries: org.apache.ratis.thirdparty.io.grpc.StatusRuntimeException: UNAVAILABLE: io exception
2020-07-01 01:06:01,818 [grpc-default-executor-6] INFO  impl.FollowerInfo (FollowerInfo.java:lambda$new$0(51)) - omNode-1@group-523986131536->omNode-2: nextIndex: updateUnconditionally 202 -> 45
2020-07-01 01:06:01,820 [grpc-default-executor-6] WARN  server.GrpcLogAppender (LogUtils.java:warn(122)) - omNode-1@group-523986131536->omNode-2-AppendLogResponseHandler: Failed appendEntries: org.apache.ratis.thirdparty.io.grpc.StatusRuntimeException: UNAVAILABLE: io exception
2020-07-01 01:06:01,820 [grpc-default-executor-6] INFO  impl.FollowerInfo (FollowerInfo.java:lambda$new$0(51)) - omNode-1@group-523986131536->omNode-2: nextIndex: updateUnconditionally 202 -> 45
2020-07-01 01:06:01,821 [Thread-5015] DEBUG impl.RaftServerImpl (RaftServerImpl.java:logAppendEntries(928)) - omNode-3@group-523986131536: succeeded to handle AppendEntries. Reply: omNode-1<-omNode-3#226:OK,SUCCESS,nextIndex:202,term:1,followerCommit:199
2020-07-01 01:06:01,821 [grpc-default-executor-7] DEBUG server.GrpcLogAppender (GrpcLogAppender.java:onNext(257)) - omNode-1@group-523986131536->omNode-3-AppendLogResponseHandler: received a reply omNode-1<-omNode-3#226:OK,SUCCESS,nextIndex:202,term:1,followerCommit:199, request=AppendEntriesRequest:cid=226,entriesCount=1,lastEntry=(t:1, i:201)
2020-07-01 01:06:01,822 [grpc-default-executor-7] DEBUG impl.RaftServerImpl (RaftServerImpl.java:logAppendEntries(928)) - omNode-3@group-523986131536: receive appendEntries(omNode-1, 1, (t:1, i:201), 201, false, commits[omNode-1:c201, omNode-3:c199, omNode-2:c43], entries: (t:1, i:202), METADATAENTRY(c:201)
2020-07-01 01:06:01,822 [grpc-default-executor-7] INFO  ratis.OzoneManagerStateMachine (OzoneManagerStateMachine.java:getLatestSnapshot(147)) - Latest Snapshot Info 1#199
2020-07-01 01:06:01,822 [grpc-default-executor-7] INFO  ratis.OzoneManagerStateMachine (OzoneManagerStateMachine.java:getLatestSnapshot(147)) - Latest Snapshot Info 1#199
2020-07-01 01:06:01,823 [grpc-default-executor-6] WARN  server.GrpcLogAppender (LogUtils.java:warn(122)) - omNode-1@group-523986131536->omNode-2-AppendLogResponseHandler: Failed appendEntries: org.apache.ratis.thirdparty.io.grpc.StatusRuntimeException: UNAVAILABLE: io exception
2020-07-01 01:06:01,824 [grpc-default-executor-6] INFO  impl.FollowerInfo (FollowerInfo.java:lambda$new$0(51)) - omNode-1@group-523986131536->omNode-2: nextIndex: updateUnconditionally 202 -> 45
2020-07-01 01:06:01,826 [grpc-default-executor-6] WARN  server.GrpcLogAppender (LogUtils.java:warn(122)) - omNode-1@group-523986131536->omNode-2-AppendLogResponseHandler: Failed appendEntries: org.apache.ratis.thirdparty.io.grpc.StatusRuntimeException: UNAVAILABLE: io exception
2020-07-01 01:06:01,826 [grpc-default-executor-6] INFO  impl.FollowerInfo (FollowerInfo.java:lambda$new$0(51)) - omNode-1@group-523986131536->omNode-2: nextIndex: updateUnconditionally 203 -> 45
2020-07-01 01:06:01,828 [grpc-default-executor-6] WARN  server.GrpcLogAppender (LogUtils.java:warn(122)) - omNode-1@group-523986131536->omNode-2-AppendLogResponseHandler: Failed appendEntries: org.apache.ratis.thirdparty.io.grpc.StatusRuntimeException: UNAVAILABLE: io exception
2020-07-01 01:06:01,828 [grpc-default-executor-6] INFO  impl.FollowerInfo (FollowerInfo.java:lambda$new$0(51)) - omNode-1@group-523986131536->omNode-2: nextIndex: updateUnconditionally 203 -> 45
2020-07-01 01:06:01,829 [grpc-default-executor-6] WARN  server.GrpcLogAppender (LogUtils.java:warn(122)) - omNode-1@group-523986131536->omNode-2-AppendLogResponseHandler: Failed appendEntries: org.apache.ratis.thirdparty.io.grpc.StatusRuntimeException: UNAVAILABLE: io exception
2020-07-01 01:06:01,830 [grpc-default-executor-6] INFO  impl.FollowerInfo (FollowerInfo.java:lambda$new$0(51)) - omNode-1@group-523986131536->omNode-2: nextIndex: updateUnconditionally 203 -> 45
2020-07-01 01:06:01,831 [Thread-5016] DEBUG impl.RaftServerImpl (RaftServerImpl.java:logAppendEntries(928)) - omNode-3@group-523986131536: succeeded to handle AppendEntries. Reply: omNode-1<-omNode-3#227:OK,SUCCESS,nextIndex:203,term:1,followerCommit:201
2020-07-01 01:06:01,832 [grpc-default-executor-7] DEBUG server.GrpcLogAppender (GrpcLogAppender.java:onNext(257)) - omNode-1@group-523986131536->omNode-3-AppendLogResponseHandler: received a reply omNode-1<-omNode-3#227:OK,SUCCESS,nextIndex:203,term:1,followerCommit:201, request=AppendEntriesRequest:cid=227,entriesCount=1,lastEntry=(t:1, i:202)
2020-07-01 01:06:01,833 [grpc-default-executor-6] WARN  server.GrpcLogAppender (LogUtils.java:warn(122)) - omNode-1@group-523986131536->omNode-2-AppendLogResponseHandler: Failed appendEntries: org.apache.ratis.thirdparty.io.grpc.StatusRuntimeException: UNAVAILABLE: io exception
2020-07-01 01:06:01,833 [grpc-default-executor-6] INFO  impl.FollowerInfo (FollowerInfo.java:lambda$new$0(51)) - omNode-1@group-523986131536->omNode-2: nextIndex: updateUnconditionally 203 -> 45
2020-07-01 01:06:01,834 [grpc-default-executor-6] WARN  server.GrpcLogAppender (LogUtils.java:warn(122)) - omNode-1@group-523986131536->omNode-2-AppendLogResponseHandler: Failed appendEntries: org.apache.ratis.thirdparty.io.grpc.StatusRuntimeException: UNAVAILABLE: io exception
2020-07-01 01:06:01,835 [grpc-default-executor-6] INFO  impl.FollowerInfo (FollowerInfo.java:lambda$new$0(51)) - omNode-1@group-523986131536->omNode-2: nextIndex: updateUnconditionally 203 -> 45
2020-07-01 01:06:01,836 [grpc-default-executor-6] WARN  server.GrpcLogAppender (LogUtils.java:warn(122)) - omNode-1@group-523986131536->omNode-2-AppendLogResponseHandler: Failed appendEntries: org.apache.ratis.thirdparty.io.grpc.StatusRuntimeException: UNAVAILABLE: io exception
2020-07-01 01:06:01,836 [grpc-default-executor-6] INFO  impl.FollowerInfo (FollowerInfo.java:lambda$new$0(51)) - omNode-1@group-523986131536->omNode-2: nextIndex: updateUnconditionally 203 -> 45
2020-07-01 01:06:01,839 [IPC Server handler 2 on default port 11860] DEBUG impl.RaftServerImpl (RaftServerImpl.java:submitClientRequestAsync(575)) - omNode-1@group-523986131536: receive client request(RaftClientRequest:client-6E5155DBE9B8->omNode-1@group-523986131536, cid=423, seq=0, RW, Message:082412001a13636c6965...(size=360))
2020-07-01 01:06:01,839 [IPC Server handler 2 on default port 11860] DEBUG impl.RaftServerImpl (LeaderState.java:addPendingRequest(335)) - omNode-1@group-523986131536-LeaderState: addPendingRequest at RaftClientRequest:client-6E5155DBE9B8->omNode-1@group-523986131536, cid=423, seq=0, RW, Message:082412001a13636c6965...(size=360), entry=(t:1, i:203), STATEMACHINELOGENTRY, client-6E5155DBE9B8, cid=423
2020-07-01 01:06:01,839 [grpc-default-executor-6] DEBUG impl.RaftServerImpl (RaftServerImpl.java:logAppendEntries(928)) - omNode-3@group-523986131536: receive appendEntries(omNode-1, 1, (t:1, i:202), 202, false, commits[omNode-1:c202, omNode-3:c201, omNode-2:c43], entries: (t:1, i:203), STATEMACHINELOGENTRY, client-6E5155DBE9B8, cid=423
2020-07-01 01:06:01,840 [grpc-default-executor-6] INFO  ratis.OzoneManagerStateMachine (OzoneManagerStateMachine.java:getLatestSnapshot(147)) - Latest Snapshot Info 1#199
2020-07-01 01:06:01,840 [grpc-default-executor-6] INFO  ratis.OzoneManagerStateMachine (OzoneManagerStateMachine.java:getLatestSnapshot(147)) - Latest Snapshot Info 1#199
2020-07-01 01:06:01,841 [grpc-default-executor-6] WARN  server.GrpcLogAppender (LogUtils.java:warn(122)) - omNode-1@group-523986131536->omNode-2-AppendLogResponseHandler: Failed appendEntries: org.apache.ratis.thirdparty.io.grpc.StatusRuntimeException: UNAVAILABLE: io exception
2020-07-01 01:06:01,841 [grpc-default-executor-6] INFO  impl.FollowerInfo (FollowerInfo.java:lambda$new$0(51)) - omNode-1@group-523986131536->omNode-2: nextIndex: updateUnconditionally 203 -> 45
2020-07-01 01:06:01,843 [grpc-default-executor-6] WARN  server.GrpcLogAppender (LogUtils.java:warn(122)) - omNode-1@group-523986131536->omNode-2-AppendLogResponseHandler: Failed appendEntries: org.apache.ratis.thirdparty.io.grpc.StatusRuntimeException: UNAVAILABLE: io exception
2020-07-01 01:06:01,843 [grpc-default-executor-6] INFO  impl.FollowerInfo (FollowerInfo.java:lambda$new$0(51)) - omNode-1@group-523986131536->omNode-2: nextIndex: updateUnconditionally 204 -> 45
2020-07-01 01:06:01,844 [grpc-default-executor-6] WARN  server.GrpcLogAppender (LogUtils.java:warn(122)) - omNode-1@group-523986131536->omNode-2-AppendLogResponseHandler: Failed appendEntries: org.apache.ratis.thirdparty.io.grpc.StatusRuntimeException: UNAVAILABLE: io exception
2020-07-01 01:06:01,845 [grpc-default-executor-6] INFO  impl.FollowerInfo (FollowerInfo.java:lambda$new$0(51)) - omNode-1@group-523986131536->omNode-2: nextIndex: updateUnconditionally 204 -> 45
2020-07-01 01:06:01,848 [grpc-default-executor-6] WARN  server.GrpcLogAppender (LogUtils.java:warn(122)) - omNode-1@group-523986131536->omNode-2-AppendLogResponseHandler: Failed appendEntries: org.apache.ratis.thirdparty.io.grpc.StatusRuntimeException: UNAVAILABLE: io exception
2020-07-01 01:06:01,848 [grpc-default-executor-6] INFO  impl.FollowerInfo (FollowerInfo.java:lambda$new$0(51)) - omNode-1@group-523986131536->omNode-2: nextIndex: updateUnconditionally 204 -> 45
2020-07-01 01:06:01,850 [grpc-default-executor-6] WARN  server.GrpcLogAppender (LogUtils.java:warn(122)) - omNode-1@group-523986131536->omNode-2-AppendLogResponseHandler: Failed appendEntries: org.apache.ratis.thirdparty.io.grpc.StatusRuntimeException: UNAVAILABLE: io exception
2020-07-01 01:06:01,850 [grpc-default-executor-6] INFO  impl.FollowerInfo (FollowerInfo.java:lambda$new$0(51)) - omNode-1@group-523986131536->omNode-2: nextIndex: updateUnconditionally 204 -> 45
2020-07-01 01:06:01,852 [grpc-default-executor-6] WARN  server.GrpcLogAppender (LogUtils.java:warn(122)) - omNode-1@group-523986131536->omNode-2-AppendLogResponseHandler: Failed appendEntries: org.apache.ratis.thirdparty.io.grpc.StatusRuntimeException: UNAVAILABLE: io exception
2020-07-01 01:06:01,852 [grpc-default-executor-6] INFO  impl.FollowerInfo (FollowerInfo.java:lambda$new$0(51)) - omNode-1@group-523986131536->omNode-2: nextIndex: updateUnconditionally 204 -> 45
2020-07-01 01:06:01,852 [Thread-5017] DEBUG impl.RaftServerImpl (RaftServerImpl.java:logAppendEntries(928)) - omNode-3@group-523986131536: succeeded to handle AppendEntries. Reply: omNode-1<-omNode-3#228:OK,SUCCESS,nextIndex:204,term:1,followerCommit:202
2020-07-01 01:06:01,852 [grpc-default-executor-6] DEBUG server.GrpcLogAppender (GrpcLogAppender.java:onNext(257)) - omNode-1@group-523986131536->omNode-3-AppendLogResponseHandler: received a reply omNode-1<-omNode-3#228:OK,SUCCESS,nextIndex:204,term:1,followerCommit:202, request=AppendEntriesRequest:cid=228,entriesCount=1,lastEntry=(t:1, i:203)
2020-07-01 01:06:01,854 [grpc-default-executor-6] DEBUG impl.RaftServerImpl (RaftServerImpl.java:logAppendEntries(928)) - omNode-3@group-523986131536: receive appendEntries(omNode-1, 1, (t:1, i:203), 203, false, commits[omNode-1:c203, omNode-3:c202, omNode-2:c43], entries: (t:1, i:204), METADATAENTRY(c:203)
2020-07-01 01:06:01,854 [grpc-default-executor-6] INFO  ratis.OzoneManagerStateMachine (OzoneManagerStateMachine.java:getLatestSnapshot(147)) - Latest Snapshot Info 1#199
2020-07-01 01:06:01,854 [grpc-default-executor-6] INFO  ratis.OzoneManagerStateMachine (OzoneManagerStateMachine.java:getLatestSnapshot(147)) - Latest Snapshot Info 1#199
2020-07-01 01:06:01,856 [grpc-default-executor-6] WARN  server.GrpcLogAppender (LogUtils.java:warn(122)) - omNode-1@group-523986131536->omNode-2-AppendLogResponseHandler: Failed appendEntries: org.apache.ratis.thirdparty.io.grpc.StatusRuntimeException: UNAVAILABLE: io exception
2020-07-01 01:06:01,856 [grpc-default-executor-6] INFO  impl.FollowerInfo (FollowerInfo.java:lambda$new$0(51)) - omNode-1@group-523986131536->omNode-2: nextIndex: updateUnconditionally 204 -> 45
2020-07-01 01:06:01,858 [IPC Server handler 4 on default port 11860] DEBUG impl.RaftServerImpl (RaftServerImpl.java:submitClientRequestAsync(575)) - omNode-1@group-523986131536: receive client request(RaftClientRequest:client-6E5155DBE9B8->omNode-1@group-523986131536, cid=424, seq=0, RW, Message:081f12001a13636c6965...(size=409))
2020-07-01 01:06:01,858 [IPC Server handler 4 on default port 11860] DEBUG impl.RaftServerImpl (LeaderState.java:addPendingRequest(335)) - omNode-1@group-523986131536-LeaderState: addPendingRequest at RaftClientRequest:client-6E5155DBE9B8->omNode-1@group-523986131536, cid=424, seq=0, RW, Message:081f12001a13636c6965...(size=409), entry=(t:1, i:205), STATEMACHINELOGENTRY, client-6E5155DBE9B8, cid=424
2020-07-01 01:06:01,859 [grpc-default-executor-6] DEBUG impl.RaftServerImpl (RaftServerImpl.java:logAppendEntries(928)) - omNode-3@group-523986131536: receive appendEntries(omNode-1, 1, (t:1, i:204), 203, false, commits[omNode-1:c203, omNode-3:c202, omNode-2:c43], entries: (t:1, i:205), STATEMACHINELOGENTRY, client-6E5155DBE9B8, cid=424
2020-07-01 01:06:01,859 [grpc-default-executor-6] INFO  ratis.OzoneManagerStateMachine (OzoneManagerStateMachine.java:getLatestSnapshot(147)) - Latest Snapshot Info 1#199
2020-07-01 01:06:01,859 [grpc-default-executor-6] INFO  ratis.OzoneManagerStateMachine (OzoneManagerStateMachine.java:getLatestSnapshot(147)) - Latest Snapshot Info 1#199
2020-07-01 01:06:01,860 [Thread-5018] DEBUG impl.RaftServerImpl (RaftServerImpl.java:logAppendEntries(928)) - omNode-3@group-523986131536: succeeded to handle AppendEntries. Reply: omNode-1<-omNode-3#229:OK,SUCCESS,nextIndex:205,term:1,followerCommit:203
2020-07-01 01:06:01,861 [grpc-default-executor-6] WARN  server.GrpcLogAppender (LogUtils.java:warn(122)) - omNode-1@group-523986131536->omNode-2-AppendLogResponseHandler: Failed appendEntries: org.apache.ratis.thirdparty.io.grpc.StatusRuntimeException: UNAVAILABLE: io exception
2020-07-01 01:06:01,861 [grpc-default-executor-6] INFO  impl.FollowerInfo (FollowerInfo.java:lambda$new$0(51)) - omNode-1@group-523986131536->omNode-2: nextIndex: updateUnconditionally 205 -> 45
2020-07-01 01:06:01,861 [grpc-default-executor-6] DEBUG server.GrpcLogAppender (GrpcLogAppender.java:onNext(257)) - omNode-1@group-523986131536->omNode-3-AppendLogResponseHandler: received a reply omNode-1<-omNode-3#229:OK,SUCCESS,nextIndex:205,term:1,followerCommit:203, request=AppendEntriesRequest:cid=229,entriesCount=1,lastEntry=(t:1, i:204)
2020-07-01 01:06:01,863 [Thread-5019] DEBUG impl.RaftServerImpl (RaftServerImpl.java:logAppendEntries(928)) - omNode-3@group-523986131536: succeeded to handle AppendEntries. Reply: omNode-1<-omNode-3#230:OK,SUCCESS,nextIndex:206,term:1,followerCommit:203
2020-07-01 01:06:01,863 [grpc-default-executor-7] WARN  server.GrpcLogAppender (LogUtils.java:warn(122)) - omNode-1@group-523986131536->omNode-2-AppendLogResponseHandler: Failed appendEntries: org.apache.ratis.thirdparty.io.grpc.StatusRuntimeException: UNAVAILABLE: io exception
2020-07-01 01:06:01,863 [grpc-default-executor-7] INFO  impl.FollowerInfo (FollowerInfo.java:lambda$new$0(51)) - omNode-1@group-523986131536->omNode-2: nextIndex: updateUnconditionally 206 -> 45
2020-07-01 01:06:01,863 [grpc-default-executor-7] DEBUG server.GrpcLogAppender (GrpcLogAppender.java:onNext(257)) - omNode-1@group-523986131536->omNode-3-AppendLogResponseHandler: received a reply omNode-1<-omNode-3#230:OK,SUCCESS,nextIndex:206,term:1,followerCommit:203, request=AppendEntriesRequest:cid=230,entriesCount=1,lastEntry=(t:1, i:205)
2020-07-01 01:06:01,864 [grpc-default-executor-7] DEBUG impl.RaftServerImpl (RaftServerImpl.java:logAppendEntries(928)) - omNode-3@group-523986131536: receive appendEntries(omNode-1, 1, (t:1, i:205), 205, false, commits[omNode-1:c205, omNode-3:c203, omNode-2:c43], entries: (t:1, i:206), METADATAENTRY(c:205)
2020-07-01 01:06:01,865 [grpc-default-executor-7] INFO  ratis.OzoneManagerStateMachine (OzoneManagerStateMachine.java:getLatestSnapshot(147)) - Latest Snapshot Info 1#199
2020-07-01 01:06:01,865 [grpc-default-executor-7] INFO  ratis.OzoneManagerStateMachine (OzoneManagerStateMachine.java:getLatestSnapshot(147)) - Latest Snapshot Info 1#199
2020-07-01 01:06:01,868 [grpc-default-executor-7] WARN  server.GrpcLogAppender (LogUtils.java:warn(122)) - omNode-1@group-523986131536->omNode-2-AppendLogResponseHandler: Failed appendEntries: org.apache.ratis.thirdparty.io.grpc.StatusRuntimeException: UNAVAILABLE: io exception
2020-07-01 01:06:01,869 [grpc-default-executor-7] INFO  impl.FollowerInfo (FollowerInfo.java:lambda$new$0(51)) - omNode-1@group-523986131536->omNode-2: nextIndex: updateUnconditionally 207 -> 45
2020-07-01 01:06:01,869 [Thread-5020] DEBUG impl.RaftServerImpl (RaftServerImpl.java:logAppendEntries(928)) - omNode-3@group-523986131536: succeeded to handle AppendEntries. Reply: omNode-1<-omNode-3#231:OK,SUCCESS,nextIndex:207,term:1,followerCommit:205
2020-07-01 01:06:01,869 [grpc-default-executor-7] DEBUG server.GrpcLogAppender (GrpcLogAppender.java:onNext(257)) - omNode-1@group-523986131536->omNode-3-AppendLogResponseHandler: received a reply omNode-1<-omNode-3#231:OK,SUCCESS,nextIndex:207,term:1,followerCommit:205, request=AppendEntriesRequest:cid=231,entriesCount=1,lastEntry=(t:1, i:206)
2020-07-01 01:06:01,871 [grpc-default-executor-6] WARN  server.GrpcLogAppender (LogUtils.java:warn(122)) - omNode-1@group-523986131536->omNode-2-AppendLogResponseHandler: Failed appendEntries: org.apache.ratis.thirdparty.io.grpc.StatusRuntimeException: UNAVAILABLE: io exception
2020-07-01 01:06:01,871 [grpc-default-executor-6] INFO  impl.FollowerInfo (FollowerInfo.java:lambda$new$0(51)) - omNode-1@group-523986131536->omNode-2: nextIndex: updateUnconditionally 207 -> 45
2020-07-01 01:06:01,875 [IPC Server handler 6 on default port 11860] DEBUG impl.RaftServerImpl (RaftServerImpl.java:submitClientRequestAsync(575)) - omNode-1@group-523986131536: receive client request(RaftClientRequest:client-6E5155DBE9B8->omNode-1@group-523986131536, cid=425, seq=0, RW, Message:082412001a13636c6965...(size=360))
2020-07-01 01:06:01,875 [IPC Server handler 6 on default port 11860] DEBUG impl.RaftServerImpl (LeaderState.java:addPendingRequest(335)) - omNode-1@group-523986131536-LeaderState: addPendingRequest at RaftClientRequest:client-6E5155DBE9B8->omNode-1@group-523986131536, cid=425, seq=0, RW, Message:082412001a13636c6965...(size=360), entry=(t:1, i:207), STATEMACHINELOGENTRY, client-6E5155DBE9B8, cid=425
2020-07-01 01:06:01,876 [grpc-default-executor-6] DEBUG impl.RaftServerImpl (RaftServerImpl.java:logAppendEntries(928)) - omNode-3@group-523986131536: receive appendEntries(omNode-1, 1, (t:1, i:206), 206, false, commits[omNode-1:c206, omNode-3:c205, omNode-2:c43], entries: (t:1, i:207), STATEMACHINELOGENTRY, client-6E5155DBE9B8, cid=425
2020-07-01 01:06:01,876 [grpc-default-executor-6] INFO  ratis.OzoneManagerStateMachine (OzoneManagerStateMachine.java:getLatestSnapshot(147)) - Latest Snapshot Info 1#199
2020-07-01 01:06:01,876 [grpc-default-executor-6] INFO  ratis.OzoneManagerStateMachine (OzoneManagerStateMachine.java:getLatestSnapshot(147)) - Latest Snapshot Info 1#199
2020-07-01 01:06:01,877 [grpc-default-executor-6] WARN  server.GrpcLogAppender (LogUtils.java:warn(122)) - omNode-1@group-523986131536->omNode-2-AppendLogResponseHandler: Failed appendEntries: org.apache.ratis.thirdparty.io.grpc.StatusRuntimeException: UNAVAILABLE: io exception
2020-07-01 01:06:01,877 [grpc-default-executor-6] INFO  impl.FollowerInfo (FollowerInfo.java:lambda$new$0(51)) - omNode-1@group-523986131536->omNode-2: nextIndex: updateUnconditionally 208 -> 45
2020-07-01 01:06:01,881 [Thread-5021] DEBUG impl.RaftServerImpl (RaftServerImpl.java:logAppendEntries(928)) - omNode-3@group-523986131536: succeeded to handle AppendEntries. Reply: omNode-1<-omNode-3#232:OK,SUCCESS,nextIndex:208,term:1,followerCommit:206
2020-07-01 01:06:01,881 [grpc-default-executor-6] DEBUG server.GrpcLogAppender (GrpcLogAppender.java:onNext(257)) - omNode-1@group-523986131536->omNode-3-AppendLogResponseHandler: received a reply omNode-1<-omNode-3#232:OK,SUCCESS,nextIndex:208,term:1,followerCommit:206, request=AppendEntriesRequest:cid=232,entriesCount=1,lastEntry=(t:1, i:207)
2020-07-01 01:06:01,885 [IPC Server handler 7 on default port 11860] DEBUG impl.RaftServerImpl (RaftServerImpl.java:submitClientRequestAsync(575)) - omNode-1@group-523986131536: receive client request(RaftClientRequest:client-6E5155DBE9B8->omNode-1@group-523986131536, cid=426, seq=0, RW, Message:081f12001a13636c6965...(size=409))
2020-07-01 01:06:01,885 [IPC Server handler 7 on default port 11860] DEBUG impl.RaftServerImpl (LeaderState.java:addPendingRequest(335)) - omNode-1@group-523986131536-LeaderState: addPendingRequest at RaftClientRequest:client-6E5155DBE9B8->omNode-1@group-523986131536, cid=426, seq=0, RW, Message:081f12001a13636c6965...(size=409), entry=(t:1, i:209), STATEMACHINELOGENTRY, client-6E5155DBE9B8, cid=426
2020-07-01 01:06:01,885 [grpc-default-executor-7] DEBUG impl.RaftServerImpl (RaftServerImpl.java:logAppendEntries(928)) - omNode-3@group-523986131536: receive appendEntries(omNode-1, 1, (t:1, i:207), 207, false, commits[omNode-1:c207, omNode-3:c206, omNode-2:c43], entries: (t:1, i:208), METADATAENTRY(c:207)
2020-07-01 01:06:01,885 [grpc-default-executor-7] INFO  ratis.OzoneManagerStateMachine (OzoneManagerStateMachine.java:getLatestSnapshot(147)) - Latest Snapshot Info 1#199
2020-07-01 01:06:01,885 [grpc-default-executor-7] INFO  ratis.OzoneManagerStateMachine (OzoneManagerStateMachine.java:getLatestSnapshot(147)) - Latest Snapshot Info 1#199
2020-07-01 01:06:01,887 [grpc-default-executor-7] DEBUG impl.RaftServerImpl (RaftServerImpl.java:logAppendEntries(928)) - omNode-3@group-523986131536: receive appendEntries(omNode-1, 1, (t:1, i:208), 207, false, commits[omNode-1:c207, omNode-3:c206, omNode-2:c43], entries: (t:1, i:209), STATEMACHINELOGENTRY, client-6E5155DBE9B8, cid=426
2020-07-01 01:06:01,887 [grpc-default-executor-7] INFO  ratis.OzoneManagerStateMachine (OzoneManagerStateMachine.java:getLatestSnapshot(147)) - Latest Snapshot Info 1#199
2020-07-01 01:06:01,887 [grpc-default-executor-7] INFO  ratis.OzoneManagerStateMachine (OzoneManagerStateMachine.java:getLatestSnapshot(147)) - Latest Snapshot Info 1#199
2020-07-01 01:06:01,887 [grpc-default-executor-7] WARN  server.GrpcLogAppender (LogUtils.java:warn(122)) - omNode-1@group-523986131536->omNode-2-AppendLogResponseHandler: Failed appendEntries: org.apache.ratis.thirdparty.io.grpc.StatusRuntimeException: UNAVAILABLE: io exception
2020-07-01 01:06:01,887 [grpc-default-executor-7] INFO  impl.FollowerInfo (FollowerInfo.java:lambda$new$0(51)) - omNode-1@group-523986131536->omNode-2: nextIndex: updateUnconditionally 209 -> 45
2020-07-01 01:06:01,889 [grpc-default-executor-6] WARN  server.GrpcLogAppender (LogUtils.java:warn(122)) - omNode-1@group-523986131536->omNode-2-AppendLogResponseHandler: Failed appendEntries: org.apache.ratis.thirdparty.io.grpc.StatusRuntimeException: UNAVAILABLE: io exception
2020-07-01 01:06:01,889 [grpc-default-executor-6] INFO  impl.FollowerInfo (FollowerInfo.java:lambda$new$0(51)) - omNode-1@group-523986131536->omNode-2: nextIndex: updateUnconditionally 210 -> 45
2020-07-01 01:06:01,890 [Thread-5022] DEBUG impl.RaftServerImpl (RaftServerImpl.java:logAppendEntries(928)) - omNode-3@group-523986131536: succeeded to handle AppendEntries. Reply: omNode-1<-omNode-3#233:OK,SUCCESS,nextIndex:209,term:1,followerCommit:207
2020-07-01 01:06:01,890 [grpc-default-executor-6] DEBUG server.GrpcLogAppender (GrpcLogAppender.java:onNext(257)) - omNode-1@group-523986131536->omNode-3-AppendLogResponseHandler: received a reply omNode-1<-omNode-3#233:OK,SUCCESS,nextIndex:209,term:1,followerCommit:207, request=AppendEntriesRequest:cid=233,entriesCount=1,lastEntry=(t:1, i:208)
2020-07-01 01:06:01,892 [grpc-default-executor-7] WARN  server.GrpcLogAppender (LogUtils.java:warn(122)) - omNode-1@group-523986131536->omNode-2-AppendLogResponseHandler: Failed appendEntries: org.apache.ratis.thirdparty.io.grpc.StatusRuntimeException: UNAVAILABLE: io exception
2020-07-01 01:06:01,892 [grpc-default-executor-7] INFO  impl.FollowerInfo (FollowerInfo.java:lambda$new$0(51)) - omNode-1@group-523986131536->omNode-2: nextIndex: updateUnconditionally 210 -> 45
2020-07-01 01:06:01,892 [Thread-5023] DEBUG impl.RaftServerImpl (RaftServerImpl.java:logAppendEntries(928)) - omNode-3@group-523986131536: succeeded to handle AppendEntries. Reply: omNode-1<-omNode-3#234:OK,SUCCESS,nextIndex:210,term:1,followerCommit:207
2020-07-01 01:06:01,893 [grpc-default-executor-7] DEBUG server.GrpcLogAppender (GrpcLogAppender.java:onNext(257)) - omNode-1@group-523986131536->omNode-3-AppendLogResponseHandler: received a reply omNode-1<-omNode-3#234:OK,SUCCESS,nextIndex:210,term:1,followerCommit:207, request=AppendEntriesRequest:cid=234,entriesCount=1,lastEntry=(t:1, i:209)
2020-07-01 01:06:01,895 [grpc-default-executor-6] DEBUG impl.RaftServerImpl (RaftServerImpl.java:logAppendEntries(928)) - omNode-3@group-523986131536: receive appendEntries(omNode-1, 1, (t:1, i:209), 209, false, commits[omNode-1:c209, omNode-3:c207, omNode-2:c43], entries: (t:1, i:210), METADATAENTRY(c:209)
2020-07-01 01:06:01,895 [grpc-default-executor-6] INFO  ratis.OzoneManagerStateMachine (OzoneManagerStateMachine.java:getLatestSnapshot(147)) - Latest Snapshot Info 1#199
2020-07-01 01:06:01,895 [grpc-default-executor-6] INFO  ratis.OzoneManagerStateMachine (OzoneManagerStateMachine.java:getLatestSnapshot(147)) - Latest Snapshot Info 1#199
2020-07-01 01:06:01,897 [grpc-default-executor-1] WARN  server.GrpcLogAppender (LogUtils.java:warn(122)) - omNode-1@group-523986131536->omNode-2-AppendLogResponseHandler: Failed appendEntries: org.apache.ratis.thirdparty.io.grpc.StatusRuntimeException: UNAVAILABLE: io exception
2020-07-01 01:06:01,897 [grpc-default-executor-1] INFO  impl.FollowerInfo (FollowerInfo.java:lambda$new$0(51)) - omNode-1@group-523986131536->omNode-2: nextIndex: updateUnconditionally 211 -> 45
2020-07-01 01:06:01,898 [Thread-5024] DEBUG impl.RaftServerImpl (RaftServerImpl.java:logAppendEntries(928)) - omNode-3@group-523986131536: succeeded to handle AppendEntries. Reply: omNode-1<-omNode-3#235:OK,SUCCESS,nextIndex:211,term:1,followerCommit:209
2020-07-01 01:06:01,898 [grpc-default-executor-1] DEBUG server.GrpcLogAppender (GrpcLogAppender.java:onNext(257)) - omNode-1@group-523986131536->omNode-3-AppendLogResponseHandler: received a reply omNode-1<-omNode-3#235:OK,SUCCESS,nextIndex:211,term:1,followerCommit:209, request=AppendEntriesRequest:cid=235,entriesCount=1,lastEntry=(t:1, i:210)
2020-07-01 01:06:01,900 [grpc-default-executor-8] WARN  server.GrpcLogAppender (LogUtils.java:warn(122)) - omNode-1@group-523986131536->omNode-2-AppendLogResponseHandler: Failed appendEntries: org.apache.ratis.thirdparty.io.grpc.StatusRuntimeException: UNAVAILABLE: io exception
2020-07-01 01:06:01,900 [grpc-default-executor-8] INFO  impl.FollowerInfo (FollowerInfo.java:lambda$new$0(51)) - omNode-1@group-523986131536->omNode-2: nextIndex: updateUnconditionally 211 -> 45
2020-07-01 01:06:01,901 [IPC Server handler 8 on default port 11860] DEBUG impl.RaftServerImpl (RaftServerImpl.java:submitClientRequestAsync(575)) - omNode-1@group-523986131536: receive client request(RaftClientRequest:client-6E5155DBE9B8->omNode-1@group-523986131536, cid=427, seq=0, RW, Message:082412001a13636c6965...(size=360))
2020-07-01 01:06:01,901 [IPC Server handler 8 on default port 11860] DEBUG impl.RaftServerImpl (LeaderState.java:addPendingRequest(335)) - omNode-1@group-523986131536-LeaderState: addPendingRequest at RaftClientRequest:client-6E5155DBE9B8->omNode-1@group-523986131536, cid=427, seq=0, RW, Message:082412001a13636c6965...(size=360), entry=(t:1, i:211), STATEMACHINELOGENTRY, client-6E5155DBE9B8, cid=427
2020-07-01 01:06:01,903 [grpc-default-executor-8] DEBUG impl.RaftServerImpl (RaftServerImpl.java:logAppendEntries(928)) - omNode-3@group-523986131536: receive appendEntries(omNode-1, 1, (t:1, i:210), 210, false, commits[omNode-1:c210, omNode-3:c209, omNode-2:c43], entries: (t:1, i:211), STATEMACHINELOGENTRY, client-6E5155DBE9B8, cid=427
2020-07-01 01:06:01,903 [grpc-default-executor-8] INFO  ratis.OzoneManagerStateMachine (OzoneManagerStateMachine.java:getLatestSnapshot(147)) - Latest Snapshot Info 1#199
2020-07-01 01:06:01,903 [grpc-default-executor-8] INFO  ratis.OzoneManagerStateMachine (OzoneManagerStateMachine.java:getLatestSnapshot(147)) - Latest Snapshot Info 1#199
2020-07-01 01:06:01,903 [grpc-default-executor-8] WARN  server.GrpcLogAppender (LogUtils.java:warn(122)) - omNode-1@group-523986131536->omNode-2-AppendLogResponseHandler: Failed appendEntries: org.apache.ratis.thirdparty.io.grpc.StatusRuntimeException: UNAVAILABLE: io exception
2020-07-01 01:06:01,903 [grpc-default-executor-8] INFO  impl.FollowerInfo (FollowerInfo.java:lambda$new$0(51)) - omNode-1@group-523986131536->omNode-2: nextIndex: updateUnconditionally 212 -> 45
2020-07-01 01:06:01,903 [Thread-5025] DEBUG impl.RaftServerImpl (RaftServerImpl.java:logAppendEntries(928)) - omNode-3@group-523986131536: succeeded to handle AppendEntries. Reply: omNode-1<-omNode-3#236:OK,SUCCESS,nextIndex:212,term:1,followerCommit:210
2020-07-01 01:06:01,904 [grpc-default-executor-8] DEBUG server.GrpcLogAppender (GrpcLogAppender.java:onNext(257)) - omNode-1@group-523986131536->omNode-3-AppendLogResponseHandler: received a reply omNode-1<-omNode-3#236:OK,SUCCESS,nextIndex:212,term:1,followerCommit:210, request=AppendEntriesRequest:cid=236,entriesCount=1,lastEntry=(t:1, i:211)
2020-07-01 01:06:01,905 [grpc-default-executor-8] DEBUG impl.RaftServerImpl (RaftServerImpl.java:logAppendEntries(928)) - omNode-3@group-523986131536: receive appendEntries(omNode-1, 1, (t:1, i:211), 211, false, commits[omNode-1:c211, omNode-3:c210, omNode-2:c43], entries: (t:1, i:212), METADATAENTRY(c:211)
2020-07-01 01:06:01,906 [grpc-default-executor-8] INFO  ratis.OzoneManagerStateMachine (OzoneManagerStateMachine.java:getLatestSnapshot(147)) - Latest Snapshot Info 1#199
2020-07-01 01:06:01,906 [grpc-default-executor-8] INFO  ratis.OzoneManagerStateMachine (OzoneManagerStateMachine.java:getLatestSnapshot(147)) - Latest Snapshot Info 1#199
2020-07-01 01:06:01,907 [IPC Server handler 10 on default port 11860] DEBUG impl.RaftServerImpl (RaftServerImpl.java:submitClientRequestAsync(575)) - omNode-1@group-523986131536: receive client request(RaftClientRequest:client-6E5155DBE9B8->omNode-1@group-523986131536, cid=428, seq=0, RW, Message:081f12001a13636c6965...(size=409))
2020-07-01 01:06:01,907 [IPC Server handler 10 on default port 11860] DEBUG impl.RaftServerImpl (LeaderState.java:addPendingRequest(335)) - omNode-1@group-523986131536-LeaderState: addPendingRequest at RaftClientRequest:client-6E5155DBE9B8->omNode-1@group-523986131536, cid=428, seq=0, RW, Message:081f12001a13636c6965...(size=409), entry=(t:1, i:213), STATEMACHINELOGENTRY, client-6E5155DBE9B8, cid=428
2020-07-01 01:06:01,907 [grpc-default-executor-7] DEBUG impl.RaftServerImpl (RaftServerImpl.java:logAppendEntries(928)) - omNode-3@group-523986131536: receive appendEntries(omNode-1, 1, (t:1, i:212), 211, false, commits[omNode-1:c211, omNode-3:c210, omNode-2:c43], entries: (t:1, i:213), STATEMACHINELOGENTRY, client-6E5155DBE9B8, cid=428
2020-07-01 01:06:01,908 [grpc-default-executor-7] INFO  ratis.OzoneManagerStateMachine (OzoneManagerStateMachine.java:getLatestSnapshot(147)) - Latest Snapshot Info 1#199
2020-07-01 01:06:01,908 [grpc-default-executor-7] INFO  ratis.OzoneManagerStateMachine (OzoneManagerStateMachine.java:getLatestSnapshot(147)) - Latest Snapshot Info 1#199
2020-07-01 01:06:01,908 [grpc-default-executor-8] WARN  server.GrpcLogAppender (LogUtils.java:warn(122)) - omNode-1@group-523986131536->omNode-2-AppendLogResponseHandler: Failed appendEntries: org.apache.ratis.thirdparty.io.grpc.StatusRuntimeException: UNAVAILABLE: io exception
2020-07-01 01:06:01,908 [grpc-default-executor-8] INFO  impl.FollowerInfo (FollowerInfo.java:lambda$new$0(51)) - omNode-1@group-523986131536->omNode-2: nextIndex: updateUnconditionally 213 -> 45
2020-07-01 01:06:01,909 [Thread-5026] DEBUG impl.RaftServerImpl (RaftServerImpl.java:logAppendEntries(928)) - omNode-3@group-523986131536: succeeded to handle AppendEntries. Reply: omNode-1<-omNode-3#237:OK,SUCCESS,nextIndex:213,term:1,followerCommit:211
2020-07-01 01:06:01,909 [grpc-default-executor-8] DEBUG server.GrpcLogAppender (GrpcLogAppender.java:onNext(257)) - omNode-1@group-523986131536->omNode-3-AppendLogResponseHandler: received a reply omNode-1<-omNode-3#237:OK,SUCCESS,nextIndex:213,term:1,followerCommit:211, request=AppendEntriesRequest:cid=237,entriesCount=1,lastEntry=(t:1, i:212)
2020-07-01 01:06:01,911 [grpc-default-executor-7] WARN  server.GrpcLogAppender (LogUtils.java:warn(122)) - omNode-1@group-523986131536->omNode-2-AppendLogResponseHandler: Failed appendEntries: org.apache.ratis.thirdparty.io.grpc.StatusRuntimeException: UNAVAILABLE: io exception
2020-07-01 01:06:01,911 [grpc-default-executor-7] INFO  impl.FollowerInfo (FollowerInfo.java:lambda$new$0(51)) - omNode-1@group-523986131536->omNode-2: nextIndex: updateUnconditionally 214 -> 45
2020-07-01 01:06:01,913 [Thread-5027] DEBUG impl.RaftServerImpl (RaftServerImpl.java:logAppendEntries(928)) - omNode-3@group-523986131536: succeeded to handle AppendEntries. Reply: omNode-1<-omNode-3#238:OK,SUCCESS,nextIndex:214,term:1,followerCommit:211
2020-07-01 01:06:01,913 [grpc-default-executor-7] DEBUG server.GrpcLogAppender (GrpcLogAppender.java:onNext(257)) - omNode-1@group-523986131536->omNode-3-AppendLogResponseHandler: received a reply omNode-1<-omNode-3#238:OK,SUCCESS,nextIndex:214,term:1,followerCommit:211, request=AppendEntriesRequest:cid=238,entriesCount=1,lastEntry=(t:1, i:213)
2020-07-01 01:06:01,915 [grpc-default-executor-8] DEBUG impl.RaftServerImpl (RaftServerImpl.java:logAppendEntries(928)) - omNode-3@group-523986131536: receive appendEntries(omNode-1, 1, (t:1, i:213), 213, false, commits[omNode-1:c213, omNode-3:c211, omNode-2:c43], entries: (t:1, i:214), METADATAENTRY(c:213)
2020-07-01 01:06:01,915 [grpc-default-executor-8] INFO  ratis.OzoneManagerStateMachine (OzoneManagerStateMachine.java:getLatestSnapshot(147)) - Latest Snapshot Info 1#199
2020-07-01 01:06:01,915 [grpc-default-executor-8] INFO  ratis.OzoneManagerStateMachine (OzoneManagerStateMachine.java:getLatestSnapshot(147)) - Latest Snapshot Info 1#199
2020-07-01 01:06:01,917 [grpc-default-executor-1] WARN  server.GrpcLogAppender (LogUtils.java:warn(122)) - omNode-1@group-523986131536->omNode-2-AppendLogResponseHandler: Failed appendEntries: org.apache.ratis.thirdparty.io.grpc.StatusRuntimeException: UNAVAILABLE: io exception
2020-07-01 01:06:01,917 [grpc-default-executor-1] INFO  impl.FollowerInfo (FollowerInfo.java:lambda$new$0(51)) - omNode-1@group-523986131536->omNode-2: nextIndex: updateUnconditionally 215 -> 45
2020-07-01 01:06:01,921 [Thread-5028] DEBUG impl.RaftServerImpl (RaftServerImpl.java:logAppendEntries(928)) - omNode-3@group-523986131536: succeeded to handle AppendEntries. Reply: omNode-1<-omNode-3#239:OK,SUCCESS,nextIndex:215,term:1,followerCommit:213
2020-07-01 01:06:01,921 [grpc-default-executor-8] DEBUG server.GrpcLogAppender (GrpcLogAppender.java:onNext(257)) - omNode-1@group-523986131536->omNode-3-AppendLogResponseHandler: received a reply omNode-1<-omNode-3#239:OK,SUCCESS,nextIndex:215,term:1,followerCommit:213, request=AppendEntriesRequest:cid=239,entriesCount=1,lastEntry=(t:1, i:214)
2020-07-01 01:06:01,923 [grpc-default-executor-1] WARN  server.GrpcLogAppender (LogUtils.java:warn(122)) - omNode-1@group-523986131536->omNode-2-AppendLogResponseHandler: Failed appendEntries: org.apache.ratis.thirdparty.io.grpc.StatusRuntimeException: UNAVAILABLE: io exception
2020-07-01 01:06:01,923 [grpc-default-executor-1] INFO  impl.FollowerInfo (FollowerInfo.java:lambda$new$0(51)) - omNode-1@group-523986131536->omNode-2: nextIndex: updateUnconditionally 215 -> 45
2020-07-01 01:06:01,927 [IPC Server handler 9 on default port 11860] DEBUG impl.RaftServerImpl (RaftServerImpl.java:submitClientRequestAsync(575)) - omNode-1@group-523986131536: receive client request(RaftClientRequest:client-6E5155DBE9B8->omNode-1@group-523986131536, cid=429, seq=0, RW, Message:082412001a13636c6965...(size=360))
2020-07-01 01:06:01,927 [IPC Server handler 9 on default port 11860] DEBUG impl.RaftServerImpl (LeaderState.java:addPendingRequest(335)) - omNode-1@group-523986131536-LeaderState: addPendingRequest at RaftClientRequest:client-6E5155DBE9B8->omNode-1@group-523986131536, cid=429, seq=0, RW, Message:082412001a13636c6965...(size=360), entry=(t:1, i:215), STATEMACHINELOGENTRY, client-6E5155DBE9B8, cid=429
2020-07-01 01:06:01,929 [grpc-default-executor-1] DEBUG impl.RaftServerImpl (RaftServerImpl.java:logAppendEntries(928)) - omNode-3@group-523986131536: receive appendEntries(omNode-1, 1, (t:1, i:214), 214, false, commits[omNode-1:c214, omNode-3:c213, omNode-2:c43], entries: (t:1, i:215), STATEMACHINELOGENTRY, client-6E5155DBE9B8, cid=429
2020-07-01 01:06:01,929 [grpc-default-executor-1] INFO  ratis.OzoneManagerStateMachine (OzoneManagerStateMachine.java:getLatestSnapshot(147)) - Latest Snapshot Info 1#199
2020-07-01 01:06:01,929 [grpc-default-executor-1] INFO  ratis.OzoneManagerStateMachine (OzoneManagerStateMachine.java:getLatestSnapshot(147)) - Latest Snapshot Info 1#199
2020-07-01 01:06:01,930 [grpc-default-executor-8] WARN  server.GrpcLogAppender (LogUtils.java:warn(122)) - omNode-1@group-523986131536->omNode-2-AppendLogResponseHandler: Failed appendEntries: org.apache.ratis.thirdparty.io.grpc.StatusRuntimeException: UNAVAILABLE: io exception
2020-07-01 01:06:01,930 [grpc-default-executor-8] INFO  impl.FollowerInfo (FollowerInfo.java:lambda$new$0(51)) - omNode-1@group-523986131536->omNode-2: nextIndex: updateUnconditionally 216 -> 45
2020-07-01 01:06:01,931 [Thread-5029] DEBUG impl.RaftServerImpl (RaftServerImpl.java:logAppendEntries(928)) - omNode-3@group-523986131536: succeeded to handle AppendEntries. Reply: omNode-1<-omNode-3#240:OK,SUCCESS,nextIndex:216,term:1,followerCommit:214
2020-07-01 01:06:01,932 [grpc-default-executor-8] DEBUG server.GrpcLogAppender (GrpcLogAppender.java:onNext(257)) - omNode-1@group-523986131536->omNode-3-AppendLogResponseHandler: received a reply omNode-1<-omNode-3#240:OK,SUCCESS,nextIndex:216,term:1,followerCommit:214, request=AppendEntriesRequest:cid=240,entriesCount=1,lastEntry=(t:1, i:215)
2020-07-01 01:06:01,934 [grpc-default-executor-7] DEBUG impl.RaftServerImpl (RaftServerImpl.java:logAppendEntries(928)) - omNode-3@group-523986131536: receive appendEntries(omNode-1, 1, (t:1, i:215), 215, false, commits[omNode-1:c215, omNode-3:c214, omNode-2:c43], entries: (t:1, i:216), METADATAENTRY(c:215)
2020-07-01 01:06:01,934 [grpc-default-executor-7] INFO  ratis.OzoneManagerStateMachine (OzoneManagerStateMachine.java:getLatestSnapshot(147)) - Latest Snapshot Info 1#199
2020-07-01 01:06:01,934 [grpc-default-executor-7] INFO  ratis.OzoneManagerStateMachine (OzoneManagerStateMachine.java:getLatestSnapshot(147)) - Latest Snapshot Info 1#199
2020-07-01 01:06:01,934 [grpc-default-executor-7] WARN  server.GrpcLogAppender (LogUtils.java:warn(122)) - omNode-1@group-523986131536->omNode-2-AppendLogResponseHandler: Failed appendEntries: org.apache.ratis.thirdparty.io.grpc.StatusRuntimeException: UNAVAILABLE: io exception
2020-07-01 01:06:01,934 [grpc-default-executor-7] INFO  impl.FollowerInfo (FollowerInfo.java:lambda$new$0(51)) - omNode-1@group-523986131536->omNode-2: nextIndex: updateUnconditionally 217 -> 45
2020-07-01 01:06:01,935 [grpc-default-executor-8] DEBUG server.GrpcLogAppender (GrpcLogAppender.java:onNext(257)) - 69db720a-335e-417f-9e4d-9b6daaea3d10@group-304D1CDEA4AC->5f570ae4-9456-445c-93e3-9355377d8e07-AppendLogResponseHandler: received a reply 69db720a-335e-417f-9e4d-9b6daaea3d10<-5f570ae4-9456-445c-93e3-9355377d8e07#2:OK,SUCCESS,nextIndex:1,term:1,followerCommit:0, request=AppendEntriesRequest:cid=2,entriesCount=0,lastEntry=null
2020-07-01 01:06:01,936 [Thread-5031] DEBUG impl.RaftServerImpl (RaftServerImpl.java:logAppendEntries(928)) - omNode-3@group-523986131536: succeeded to handle AppendEntries. Reply: omNode-1<-omNode-3#241:OK,SUCCESS,nextIndex:217,term:1,followerCommit:215
2020-07-01 01:06:01,936 [grpc-default-executor-8] DEBUG server.GrpcLogAppender (GrpcLogAppender.java:onNext(257)) - omNode-1@group-523986131536->omNode-3-AppendLogResponseHandler: received a reply omNode-1<-omNode-3#241:OK,SUCCESS,nextIndex:217,term:1,followerCommit:215, request=AppendEntriesRequest:cid=241,entriesCount=1,lastEntry=(t:1, i:216)
2020-07-01 01:06:01,939 [IPC Server handler 17 on default port 11860] DEBUG impl.RaftServerImpl (RaftServerImpl.java:submitClientRequestAsync(575)) - omNode-1@group-523986131536: receive client request(RaftClientRequest:client-6E5155DBE9B8->omNode-1@group-523986131536, cid=430, seq=0, RW, Message:081f12001a13636c6965...(size=409))
2020-07-01 01:06:01,939 [IPC Server handler 17 on default port 11860] DEBUG impl.RaftServerImpl (LeaderState.java:addPendingRequest(335)) - omNode-1@group-523986131536-LeaderState: addPendingRequest at RaftClientRequest:client-6E5155DBE9B8->omNode-1@group-523986131536, cid=430, seq=0, RW, Message:081f12001a13636c6965...(size=409), entry=(t:1, i:217), STATEMACHINELOGENTRY, client-6E5155DBE9B8, cid=430
2020-07-01 01:06:01,939 [grpc-default-executor-7] WARN  server.GrpcLogAppender (LogUtils.java:warn(122)) - omNode-1@group-523986131536->omNode-2-AppendLogResponseHandler: Failed appendEntries: org.apache.ratis.thirdparty.io.grpc.StatusRuntimeException: UNAVAILABLE: io exception
2020-07-01 01:06:01,939 [grpc-default-executor-7] INFO  impl.FollowerInfo (FollowerInfo.java:lambda$new$0(51)) - omNode-1@group-523986131536->omNode-2: nextIndex: updateUnconditionally 217 -> 45
2020-07-01 01:06:01,939 [grpc-default-executor-7] DEBUG impl.RaftServerImpl (RaftServerImpl.java:logAppendEntries(928)) - omNode-3@group-523986131536: receive appendEntries(omNode-1, 1, (t:1, i:216), 216, false, commits[omNode-1:c216, omNode-3:c215, omNode-2:c43], entries: (t:1, i:217), STATEMACHINELOGENTRY, client-6E5155DBE9B8, cid=430
2020-07-01 01:06:01,940 [grpc-default-executor-7] INFO  ratis.OzoneManagerStateMachine (OzoneManagerStateMachine.java:getLatestSnapshot(147)) - Latest Snapshot Info 1#199
2020-07-01 01:06:01,940 [grpc-default-executor-7] INFO  ratis.OzoneManagerStateMachine (OzoneManagerStateMachine.java:getLatestSnapshot(147)) - Latest Snapshot Info 1#199
2020-07-01 01:06:01,941 [grpc-default-executor-8] WARN  server.GrpcLogAppender (LogUtils.java:warn(122)) - omNode-1@group-523986131536->omNode-2-AppendLogResponseHandler: Failed appendEntries: org.apache.ratis.thirdparty.io.grpc.StatusRuntimeException: UNAVAILABLE: io exception
2020-07-01 01:06:01,942 [grpc-default-executor-8] INFO  impl.FollowerInfo (FollowerInfo.java:lambda$new$0(51)) - omNode-1@group-523986131536->omNode-2: nextIndex: updateUnconditionally 218 -> 45
2020-07-01 01:06:01,942 [Thread-5032] DEBUG impl.RaftServerImpl (RaftServerImpl.java:logAppendEntries(928)) - omNode-3@group-523986131536: succeeded to handle AppendEntries. Reply: omNode-1<-omNode-3#242:OK,SUCCESS,nextIndex:218,term:1,followerCommit:216
2020-07-01 01:06:01,942 [grpc-default-executor-8] DEBUG server.GrpcLogAppender (GrpcLogAppender.java:onNext(257)) - omNode-1@group-523986131536->omNode-3-AppendLogResponseHandler: received a reply omNode-1<-omNode-3#242:OK,SUCCESS,nextIndex:218,term:1,followerCommit:216, request=AppendEntriesRequest:cid=242,entriesCount=1,lastEntry=(t:1, i:217)
2020-07-01 01:06:01,944 [grpc-default-executor-7] DEBUG impl.RaftServerImpl (RaftServerImpl.java:logAppendEntries(928)) - omNode-3@group-523986131536: receive appendEntries(omNode-1, 1, (t:1, i:217), 217, false, commits[omNode-1:c217, omNode-3:c216, omNode-2:c43], entries: (t:1, i:218), METADATAENTRY(c:217)
2020-07-01 01:06:01,944 [grpc-default-executor-6] WARN  server.GrpcLogAppender (LogUtils.java:warn(122)) - omNode-1@group-523986131536->omNode-2-AppendLogResponseHandler: Failed appendEntries: org.apache.ratis.thirdparty.io.grpc.StatusRuntimeException: UNAVAILABLE: io exception
2020-07-01 01:06:01,945 [grpc-default-executor-6] INFO  impl.FollowerInfo (FollowerInfo.java:lambda$new$0(51)) - omNode-1@group-523986131536->omNode-2: nextIndex: updateUnconditionally 219 -> 45
2020-07-01 01:06:01,944 [grpc-default-executor-7] INFO  ratis.OzoneManagerStateMachine (OzoneManagerStateMachine.java:getLatestSnapshot(147)) - Latest Snapshot Info 1#199
2020-07-01 01:06:01,945 [grpc-default-executor-7] INFO  ratis.OzoneManagerStateMachine (OzoneManagerStateMachine.java:getLatestSnapshot(147)) - Latest Snapshot Info 1#199
2020-07-01 01:06:01,946 [grpc-default-executor-8] DEBUG server.GrpcLogAppender (GrpcLogAppender.java:onNext(257)) - 69db720a-335e-417f-9e4d-9b6daaea3d10@group-304D1CDEA4AC->40524df2-78a3-4e4e-9ceb-ad6c0599eecc-AppendLogResponseHandler: received a reply 69db720a-335e-417f-9e4d-9b6daaea3d10<-40524df2-78a3-4e4e-9ceb-ad6c0599eecc#2:OK,SUCCESS,nextIndex:1,term:1,followerCommit:0, request=AppendEntriesRequest:cid=2,entriesCount=0,lastEntry=null
2020-07-01 01:06:01,950 [IPC Server handler 11 on default port 11860] DEBUG impl.RaftServerImpl (RaftServerImpl.java:submitClientRequestAsync(575)) - omNode-1@group-523986131536: receive client request(RaftClientRequest:client-6E5155DBE9B8->omNode-1@group-523986131536, cid=431, seq=0, RW, Message:082412001a13636c6965...(size=360))
2020-07-01 01:06:01,950 [IPC Server handler 11 on default port 11860] DEBUG impl.RaftServerImpl (LeaderState.java:addPendingRequest(335)) - omNode-1@group-523986131536-LeaderState: addPendingRequest at RaftClientRequest:client-6E5155DBE9B8->omNode-1@group-523986131536, cid=431, seq=0, RW, Message:082412001a13636c6965...(size=360), entry=(t:1, i:219), STATEMACHINELOGENTRY, client-6E5155DBE9B8, cid=431
2020-07-01 01:06:01,950 [Thread-5034] DEBUG impl.RaftServerImpl (RaftServerImpl.java:logAppendEntries(928)) - omNode-3@group-523986131536: succeeded to handle AppendEntries. Reply: omNode-1<-omNode-3#243:OK,SUCCESS,nextIndex:219,term:1,followerCommit:217
2020-07-01 01:06:01,951 [grpc-default-executor-8] DEBUG server.GrpcLogAppender (GrpcLogAppender.java:onNext(257)) - omNode-1@group-523986131536->omNode-3-AppendLogResponseHandler: received a reply omNode-1<-omNode-3#243:OK,SUCCESS,nextIndex:219,term:1,followerCommit:217, request=AppendEntriesRequest:cid=243,entriesCount=1,lastEntry=(t:1, i:218)
2020-07-01 01:06:01,951 [grpc-default-executor-8] DEBUG impl.RaftServerImpl (RaftServerImpl.java:logAppendEntries(928)) - omNode-3@group-523986131536: receive appendEntries(omNode-1, 1, (t:1, i:218), 217, false, commits[omNode-1:c217, omNode-3:c216, omNode-2:c43], entries: (t:1, i:219), STATEMACHINELOGENTRY, client-6E5155DBE9B8, cid=431
2020-07-01 01:06:01,951 [grpc-default-executor-8] INFO  ratis.OzoneManagerStateMachine (OzoneManagerStateMachine.java:getLatestSnapshot(147)) - Latest Snapshot Info 1#199
2020-07-01 01:06:01,951 [grpc-default-executor-8] INFO  ratis.OzoneManagerStateMachine (OzoneManagerStateMachine.java:getLatestSnapshot(147)) - Latest Snapshot Info 1#199
2020-07-01 01:06:01,952 [grpc-default-executor-8] WARN  server.GrpcLogAppender (LogUtils.java:warn(122)) - omNode-1@group-523986131536->omNode-2-AppendLogResponseHandler: Failed appendEntries: org.apache.ratis.thirdparty.io.grpc.StatusRuntimeException: UNAVAILABLE: io exception
2020-07-01 01:06:01,952 [grpc-default-executor-8] INFO  impl.FollowerInfo (FollowerInfo.java:lambda$new$0(51)) - omNode-1@group-523986131536->omNode-2: nextIndex: updateUnconditionally 220 -> 45
2020-07-01 01:06:01,957 [Thread-5035] DEBUG impl.RaftServerImpl (RaftServerImpl.java:logAppendEntries(928)) - omNode-3@group-523986131536: succeeded to handle AppendEntries. Reply: omNode-1<-omNode-3#244:OK,SUCCESS,nextIndex:220,term:1,followerCommit:217
2020-07-01 01:06:01,957 [grpc-default-executor-8] DEBUG server.GrpcLogAppender (GrpcLogAppender.java:onNext(257)) - omNode-1@group-523986131536->omNode-3-AppendLogResponseHandler: received a reply omNode-1<-omNode-3#244:OK,SUCCESS,nextIndex:220,term:1,followerCommit:217, request=AppendEntriesRequest:cid=244,entriesCount=1,lastEntry=(t:1, i:219)
2020-07-01 01:06:01,958 [grpc-default-executor-8] DEBUG impl.RaftServerImpl (RaftServerImpl.java:logAppendEntries(928)) - omNode-3@group-523986131536: receive appendEntries(omNode-1, 1, (t:1, i:219), 219, false, commits[omNode-1:c219, omNode-3:c217, omNode-2:c43], entries: (t:1, i:220), METADATAENTRY(c:219)
2020-07-01 01:06:01,958 [grpc-default-executor-8] INFO  ratis.OzoneManagerStateMachine (OzoneManagerStateMachine.java:getLatestSnapshot(147)) - Latest Snapshot Info 1#199
2020-07-01 01:06:01,958 [grpc-default-executor-8] INFO  ratis.OzoneManagerStateMachine (OzoneManagerStateMachine.java:getLatestSnapshot(147)) - Latest Snapshot Info 1#199
2020-07-01 01:06:01,960 [IPC Server handler 13 on default port 11860] DEBUG impl.RaftServerImpl (RaftServerImpl.java:submitClientRequestAsync(575)) - omNode-1@group-523986131536: receive client request(RaftClientRequest:client-6E5155DBE9B8->omNode-1@group-523986131536, cid=432, seq=0, RW, Message:081f12001a13636c6965...(size=409))
2020-07-01 01:06:01,961 [IPC Server handler 13 on default port 11860] DEBUG impl.RaftServerImpl (LeaderState.java:addPendingRequest(335)) - omNode-1@group-523986131536-LeaderState: addPendingRequest at RaftClientRequest:client-6E5155DBE9B8->omNode-1@group-523986131536, cid=432, seq=0, RW, Message:081f12001a13636c6965...(size=409), entry=(t:1, i:221), STATEMACHINELOGENTRY, client-6E5155DBE9B8, cid=432
2020-07-01 01:06:01,961 [grpc-default-executor-8] WARN  server.GrpcLogAppender (LogUtils.java:warn(122)) - omNode-1@group-523986131536->omNode-2-AppendLogResponseHandler: Failed appendEntries: org.apache.ratis.thirdparty.io.grpc.StatusRuntimeException: UNAVAILABLE: io exception
2020-07-01 01:06:01,961 [grpc-default-executor-8] INFO  impl.FollowerInfo (FollowerInfo.java:lambda$new$0(51)) - omNode-1@group-523986131536->omNode-2: nextIndex: updateUnconditionally 221 -> 45
2020-07-01 01:06:01,961 [grpc-default-executor-7] DEBUG impl.RaftServerImpl (RaftServerImpl.java:logAppendEntries(928)) - omNode-3@group-523986131536: receive appendEntries(omNode-1, 1, (t:1, i:220), 219, false, commits[omNode-1:c219, omNode-3:c217, omNode-2:c43], entries: (t:1, i:221), STATEMACHINELOGENTRY, client-6E5155DBE9B8, cid=432
2020-07-01 01:06:01,961 [grpc-default-executor-7] INFO  ratis.OzoneManagerStateMachine (OzoneManagerStateMachine.java:getLatestSnapshot(147)) - Latest Snapshot Info 1#199
2020-07-01 01:06:01,961 [grpc-default-executor-7] INFO  ratis.OzoneManagerStateMachine (OzoneManagerStateMachine.java:getLatestSnapshot(147)) - Latest Snapshot Info 1#199
2020-07-01 01:06:01,963 [grpc-default-executor-8] WARN  server.GrpcLogAppender (LogUtils.java:warn(122)) - omNode-1@group-523986131536->omNode-2-AppendLogResponseHandler: Failed appendEntries: org.apache.ratis.thirdparty.io.grpc.StatusRuntimeException: UNAVAILABLE: io exception
2020-07-01 01:06:01,963 [grpc-default-executor-8] INFO  impl.FollowerInfo (FollowerInfo.java:lambda$new$0(51)) - omNode-1@group-523986131536->omNode-2: nextIndex: updateUnconditionally 222 -> 45
2020-07-01 01:06:01,964 [Thread-5036] DEBUG impl.RaftServerImpl (RaftServerImpl.java:logAppendEntries(928)) - omNode-3@group-523986131536: succeeded to handle AppendEntries. Reply: omNode-1<-omNode-3#245:OK,SUCCESS,nextIndex:221,term:1,followerCommit:219
2020-07-01 01:06:01,964 [grpc-default-executor-8] DEBUG server.GrpcLogAppender (GrpcLogAppender.java:onNext(257)) - omNode-1@group-523986131536->omNode-3-AppendLogResponseHandler: received a reply omNode-1<-omNode-3#245:OK,SUCCESS,nextIndex:221,term:1,followerCommit:219, request=AppendEntriesRequest:cid=245,entriesCount=1,lastEntry=(t:1, i:220)
2020-07-01 01:06:01,966 [grpc-default-executor-7] WARN  server.GrpcLogAppender (LogUtils.java:warn(122)) - omNode-1@group-523986131536->omNode-2-AppendLogResponseHandler: Failed appendEntries: org.apache.ratis.thirdparty.io.grpc.StatusRuntimeException: UNAVAILABLE: io exception
2020-07-01 01:06:01,966 [grpc-default-executor-7] INFO  impl.FollowerInfo (FollowerInfo.java:lambda$new$0(51)) - omNode-1@group-523986131536->omNode-2: nextIndex: updateUnconditionally 222 -> 45
2020-07-01 01:06:01,967 [Thread-5037] DEBUG impl.RaftServerImpl (RaftServerImpl.java:logAppendEntries(928)) - omNode-3@group-523986131536: succeeded to handle AppendEntries. Reply: omNode-1<-omNode-3#246:OK,SUCCESS,nextIndex:222,term:1,followerCommit:219
2020-07-01 01:06:01,967 [grpc-default-executor-7] DEBUG server.GrpcLogAppender (GrpcLogAppender.java:onNext(257)) - omNode-1@group-523986131536->omNode-3-AppendLogResponseHandler: received a reply omNode-1<-omNode-3#246:OK,SUCCESS,nextIndex:222,term:1,followerCommit:219, request=AppendEntriesRequest:cid=246,entriesCount=1,lastEntry=(t:1, i:221)
2020-07-01 01:06:01,969 [grpc-default-executor-7] DEBUG impl.RaftServerImpl (RaftServerImpl.java:logAppendEntries(928)) - omNode-3@group-523986131536: receive appendEntries(omNode-1, 1, (t:1, i:221), 221, false, commits[omNode-1:c221, omNode-3:c219, omNode-2:c43], entries: (t:1, i:222), METADATAENTRY(c:221)
2020-07-01 01:06:01,969 [grpc-default-executor-7] INFO  ratis.OzoneManagerStateMachine (OzoneManagerStateMachine.java:getLatestSnapshot(147)) - Latest Snapshot Info 1#199
2020-07-01 01:06:01,969 [grpc-default-executor-7] INFO  ratis.OzoneManagerStateMachine (OzoneManagerStateMachine.java:getLatestSnapshot(147)) - Latest Snapshot Info 1#199
2020-07-01 01:06:01,970 [grpc-default-executor-7] WARN  server.GrpcLogAppender (LogUtils.java:warn(122)) - omNode-1@group-523986131536->omNode-2-AppendLogResponseHandler: Failed appendEntries: org.apache.ratis.thirdparty.io.grpc.StatusRuntimeException: UNAVAILABLE: io exception
2020-07-01 01:06:01,970 [grpc-default-executor-7] INFO  impl.FollowerInfo (FollowerInfo.java:lambda$new$0(51)) - omNode-1@group-523986131536->omNode-2: nextIndex: updateUnconditionally 223 -> 45
2020-07-01 01:06:01,973 [Thread-5038] DEBUG impl.RaftServerImpl (RaftServerImpl.java:logAppendEntries(928)) - omNode-3@group-523986131536: succeeded to handle AppendEntries. Reply: omNode-1<-omNode-3#247:OK,SUCCESS,nextIndex:223,term:1,followerCommit:221
2020-07-01 01:06:01,974 [grpc-default-executor-8] DEBUG server.GrpcLogAppender (GrpcLogAppender.java:onNext(257)) - omNode-1@group-523986131536->omNode-3-AppendLogResponseHandler: received a reply omNode-1<-omNode-3#247:OK,SUCCESS,nextIndex:223,term:1,followerCommit:221, request=AppendEntriesRequest:cid=247,entriesCount=1,lastEntry=(t:1, i:222)
2020-07-01 01:06:01,975 [grpc-default-executor-7] WARN  server.GrpcLogAppender (LogUtils.java:warn(122)) - omNode-1@group-523986131536->omNode-2-AppendLogResponseHandler: Failed appendEntries: org.apache.ratis.thirdparty.io.grpc.StatusRuntimeException: UNAVAILABLE: io exception
2020-07-01 01:06:01,975 [grpc-default-executor-7] INFO  impl.FollowerInfo (FollowerInfo.java:lambda$new$0(51)) - omNode-1@group-523986131536->omNode-2: nextIndex: updateUnconditionally 223 -> 45
2020-07-01 01:06:01,978 [IPC Server handler 18 on default port 11860] DEBUG impl.RaftServerImpl (RaftServerImpl.java:submitClientRequestAsync(575)) - omNode-1@group-523986131536: receive client request(RaftClientRequest:client-6E5155DBE9B8->omNode-1@group-523986131536, cid=433, seq=0, RW, Message:082412001a13636c6965...(size=360))
2020-07-01 01:06:01,978 [IPC Server handler 18 on default port 11860] DEBUG impl.RaftServerImpl (LeaderState.java:addPendingRequest(335)) - omNode-1@group-523986131536-LeaderState: addPendingRequest at RaftClientRequest:client-6E5155DBE9B8->omNode-1@group-523986131536, cid=433, seq=0, RW, Message:082412001a13636c6965...(size=360), entry=(t:1, i:223), STATEMACHINELOGENTRY, client-6E5155DBE9B8, cid=433
2020-07-01 01:06:01,980 [grpc-default-executor-8] DEBUG impl.RaftServerImpl (RaftServerImpl.java:logAppendEntries(928)) - omNode-3@group-523986131536: receive appendEntries(omNode-1, 1, (t:1, i:222), 222, false, commits[omNode-1:c222, omNode-3:c221, omNode-2:c43], entries: (t:1, i:223), STATEMACHINELOGENTRY, client-6E5155DBE9B8, cid=433
2020-07-01 01:06:01,980 [grpc-default-executor-8] INFO  ratis.OzoneManagerStateMachine (OzoneManagerStateMachine.java:getLatestSnapshot(147)) - Latest Snapshot Info 1#199
2020-07-01 01:06:01,980 [grpc-default-executor-8] INFO  ratis.OzoneManagerStateMachine (OzoneManagerStateMachine.java:getLatestSnapshot(147)) - Latest Snapshot Info 1#199
2020-07-01 01:06:01,980 [grpc-default-executor-7] WARN  server.GrpcLogAppender (LogUtils.java:warn(122)) - omNode-1@group-523986131536->omNode-2-AppendLogResponseHandler: Failed appendEntries: org.apache.ratis.thirdparty.io.grpc.StatusRuntimeException: UNAVAILABLE: io exception
2020-07-01 01:06:01,981 [grpc-default-executor-7] INFO  impl.FollowerInfo (FollowerInfo.java:lambda$new$0(51)) - omNode-1@group-523986131536->omNode-2: nextIndex: updateUnconditionally 224 -> 45
2020-07-01 01:06:01,989 [Thread-5039] DEBUG impl.RaftServerImpl (RaftServerImpl.java:logAppendEntries(928)) - omNode-3@group-523986131536: succeeded to handle AppendEntries. Reply: omNode-1<-omNode-3#248:OK,SUCCESS,nextIndex:224,term:1,followerCommit:222
2020-07-01 01:06:01,989 [grpc-default-executor-7] DEBUG server.GrpcLogAppender (GrpcLogAppender.java:onNext(257)) - omNode-1@group-523986131536->omNode-3-AppendLogResponseHandler: received a reply omNode-1<-omNode-3#248:OK,SUCCESS,nextIndex:224,term:1,followerCommit:222, request=AppendEntriesRequest:cid=248,entriesCount=1,lastEntry=(t:1, i:223)
2020-07-01 01:06:01,990 [grpc-default-executor-7] DEBUG impl.RaftServerImpl (RaftServerImpl.java:logAppendEntries(928)) - omNode-3@group-523986131536: receive appendEntries(omNode-1, 1, (t:1, i:223), 223, false, commits[omNode-1:c223, omNode-3:c222, omNode-2:c43], entries: (t:1, i:224), METADATAENTRY(c:223)
2020-07-01 01:06:01,991 [grpc-default-executor-7] INFO  ratis.OzoneManagerStateMachine (OzoneManagerStateMachine.java:getLatestSnapshot(147)) - Latest Snapshot Info 1#199
2020-07-01 01:06:01,991 [grpc-default-executor-7] INFO  ratis.OzoneManagerStateMachine (OzoneManagerStateMachine.java:getLatestSnapshot(147)) - Latest Snapshot Info 1#199
2020-07-01 01:06:01,992 [IPC Server handler 15 on default port 11860] DEBUG impl.RaftServerImpl (RaftServerImpl.java:submitClientRequestAsync(575)) - omNode-1@group-523986131536: receive client request(RaftClientRequest:client-6E5155DBE9B8->omNode-1@group-523986131536, cid=434, seq=0, RW, Message:081f12001a13636c6965...(size=409))
2020-07-01 01:06:01,993 [IPC Server handler 15 on default port 11860] INFO  segmented.SegmentedRaftLogWorker (SegmentedRaftLogWorker.java:rollLogSegment(402)) - omNode-1@group-523986131536-SegmentedRaftLogWorker: Rolling segment log-151_224 to index:224
2020-07-01 01:06:01,994 [IPC Server handler 15 on default port 11860] DEBUG impl.RaftServerImpl (LeaderState.java:addPendingRequest(335)) - omNode-1@group-523986131536-LeaderState: addPendingRequest at RaftClientRequest:client-6E5155DBE9B8->omNode-1@group-523986131536, cid=434, seq=0, RW, Message:081f12001a13636c6965...(size=409), entry=(t:1, i:225), STATEMACHINELOGENTRY, client-6E5155DBE9B8, cid=434
2020-07-01 01:06:01,995 [omNode-1@group-523986131536-SegmentedRaftLogWorker] INFO  segmented.SegmentedRaftLogWorker (SegmentedRaftLogWorker.java:execute(553)) - omNode-1@group-523986131536-SegmentedRaftLogWorker: Rolled log segment from /github/workspace/mnt/ozone/hadoop-ozone/integration-test/target/test-dir/MiniOzoneClusterImpl-f77758f3-7054-4a66-83a1-d2ef3e95fe09/omNode-1/ratis/c9bc4cf4-3bc3-3c60-a66b-523986131536/current/log_inprogress_151 to /github/workspace/mnt/ozone/hadoop-ozone/integration-test/target/test-dir/MiniOzoneClusterImpl-f77758f3-7054-4a66-83a1-d2ef3e95fe09/omNode-1/ratis/c9bc4cf4-3bc3-3c60-a66b-523986131536/current/log_151-224
2020-07-01 01:06:01,993 [grpc-default-executor-8] WARN  server.GrpcLogAppender (LogUtils.java:warn(122)) - omNode-1@group-523986131536->omNode-2-AppendLogResponseHandler: Failed appendEntries: org.apache.ratis.thirdparty.io.grpc.StatusRuntimeException: UNAVAILABLE: io exception
2020-07-01 01:06:01,995 [grpc-default-executor-8] INFO  impl.FollowerInfo (FollowerInfo.java:lambda$new$0(51)) - omNode-1@group-523986131536->omNode-2: nextIndex: updateUnconditionally 225 -> 45
2020-07-01 01:06:01,996 [Thread-5040] DEBUG impl.RaftServerImpl (RaftServerImpl.java:logAppendEntries(928)) - omNode-3@group-523986131536: succeeded to handle AppendEntries. Reply: omNode-1<-omNode-3#249:OK,SUCCESS,nextIndex:225,term:1,followerCommit:223
2020-07-01 01:06:01,998 [grpc-default-executor-8] DEBUG impl.RaftServerImpl (RaftServerImpl.java:logAppendEntries(928)) - omNode-3@group-523986131536: receive appendEntries(omNode-1, 1, (t:1, i:224), 223, false, commits[omNode-1:c223, omNode-3:c222, omNode-2:c43], entries: (t:1, i:225), STATEMACHINELOGENTRY, client-6E5155DBE9B8, cid=434
2020-07-01 01:06:01,999 [grpc-default-executor-8] INFO  ratis.OzoneManagerStateMachine (OzoneManagerStateMachine.java:getLatestSnapshot(147)) - Latest Snapshot Info 1#199
2020-07-01 01:06:01,999 [grpc-default-executor-8] INFO  ratis.OzoneManagerStateMachine (OzoneManagerStateMachine.java:getLatestSnapshot(147)) - Latest Snapshot Info 1#199
2020-07-01 01:06:01,999 [grpc-default-executor-8] INFO  segmented.SegmentedRaftLogWorker (SegmentedRaftLogWorker.java:rollLogSegment(402)) - omNode-3@group-523986131536-SegmentedRaftLogWorker: Rolling segment log-151_224 to index:224
2020-07-01 01:06:01,999 [omNode-3@group-523986131536-SegmentedRaftLogWorker] INFO  segmented.SegmentedRaftLogWorker (SegmentedRaftLogWorker.java:execute(553)) - omNode-3@group-523986131536-SegmentedRaftLogWorker: Rolled log segment from /github/workspace/mnt/ozone/hadoop-ozone/integration-test/target/test-dir/MiniOzoneClusterImpl-f77758f3-7054-4a66-83a1-d2ef3e95fe09/omNode-3/ratis/c9bc4cf4-3bc3-3c60-a66b-523986131536/current/log_inprogress_151 to /github/workspace/mnt/ozone/hadoop-ozone/integration-test/target/test-dir/MiniOzoneClusterImpl-f77758f3-7054-4a66-83a1-d2ef3e95fe09/omNode-3/ratis/c9bc4cf4-3bc3-3c60-a66b-523986131536/current/log_151-224
2020-07-01 01:06:01,997 [omNode-1@group-523986131536-SegmentedRaftLogWorker] INFO  segmented.SegmentedRaftLogWorker (SegmentedRaftLogWorker.java:execute(596)) - omNode-1@group-523986131536-SegmentedRaftLogWorker: created new log segment /github/workspace/mnt/ozone/hadoop-ozone/integration-test/target/test-dir/MiniOzoneClusterImpl-f77758f3-7054-4a66-83a1-d2ef3e95fe09/omNode-1/ratis/c9bc4cf4-3bc3-3c60-a66b-523986131536/current/log_inprogress_225
2020-07-01 01:06:02,000 [grpc-default-executor-8] DEBUG server.GrpcLogAppender (GrpcLogAppender.java:onNext(257)) - omNode-1@group-523986131536->omNode-3-AppendLogResponseHandler: received a reply omNode-1<-omNode-3#249:OK,SUCCESS,nextIndex:225,term:1,followerCommit:223, request=AppendEntriesRequest:cid=249,entriesCount=1,lastEntry=(t:1, i:224)
2020-07-01 01:06:02,001 [omNode-3@group-523986131536-SegmentedRaftLogWorker] INFO  segmented.SegmentedRaftLogWorker (SegmentedRaftLogWorker.java:execute(596)) - omNode-3@group-523986131536-SegmentedRaftLogWorker: created new log segment /github/workspace/mnt/ozone/hadoop-ozone/integration-test/target/test-dir/MiniOzoneClusterImpl-f77758f3-7054-4a66-83a1-d2ef3e95fe09/omNode-3/ratis/c9bc4cf4-3bc3-3c60-a66b-523986131536/current/log_inprogress_225
2020-07-01 01:06:02,003 [Thread-5041] DEBUG impl.RaftServerImpl (RaftServerImpl.java:logAppendEntries(928)) - omNode-3@group-523986131536: succeeded to handle AppendEntries. Reply: omNode-1<-omNode-3#250:OK,SUCCESS,nextIndex:226,term:1,followerCommit:223
2020-07-01 01:06:02,007 [grpc-default-executor-7] WARN  server.GrpcLogAppender (LogUtils.java:warn(122)) - omNode-1@group-523986131536->omNode-2-AppendLogResponseHandler: Failed appendEntries: org.apache.ratis.thirdparty.io.grpc.StatusRuntimeException: UNAVAILABLE: io exception
2020-07-01 01:06:02,007 [grpc-default-executor-7] INFO  impl.FollowerInfo (FollowerInfo.java:lambda$new$0(51)) - omNode-1@group-523986131536->omNode-2: nextIndex: updateUnconditionally 226 -> 45
2020-07-01 01:06:02,016 [grpc-default-executor-7] DEBUG server.GrpcLogAppender (GrpcLogAppender.java:onNext(257)) - omNode-1@group-523986131536->omNode-3-AppendLogResponseHandler: received a reply omNode-1<-omNode-3#250:OK,SUCCESS,nextIndex:226,term:1,followerCommit:223, request=AppendEntriesRequest:cid=250,entriesCount=1,lastEntry=(t:1, i:225)
2020-07-01 01:06:02,017 [grpc-default-executor-7] DEBUG impl.RaftServerImpl (RaftServerImpl.java:logAppendEntries(928)) - omNode-3@group-523986131536: receive appendEntries(omNode-1, 1, (t:1, i:225), 225, false, commits[omNode-1:c225, omNode-3:c223, omNode-2:c43], entries: (t:1, i:226), METADATAENTRY(c:225)
2020-07-01 01:06:02,017 [grpc-default-executor-7] INFO  ratis.OzoneManagerStateMachine (OzoneManagerStateMachine.java:getLatestSnapshot(147)) - Latest Snapshot Info 1#199
2020-07-01 01:06:02,017 [grpc-default-executor-7] INFO  ratis.OzoneManagerStateMachine (OzoneManagerStateMachine.java:getLatestSnapshot(147)) - Latest Snapshot Info 1#199
2020-07-01 01:06:02,019 [grpc-default-executor-8] WARN  server.GrpcLogAppender (LogUtils.java:warn(122)) - omNode-1@group-523986131536->omNode-2-AppendLogResponseHandler: Failed appendEntries: org.apache.ratis.thirdparty.io.grpc.StatusRuntimeException: UNAVAILABLE: io exception
2020-07-01 01:06:02,020 [grpc-default-executor-8] INFO  impl.FollowerInfo (FollowerInfo.java:lambda$new$0(51)) - omNode-1@group-523986131536->omNode-2: nextIndex: updateUnconditionally 227 -> 45
2020-07-01 01:06:02,020 [Thread-5042] DEBUG impl.RaftServerImpl (RaftServerImpl.java:logAppendEntries(928)) - omNode-3@group-523986131536: succeeded to handle AppendEntries. Reply: omNode-1<-omNode-3#251:OK,SUCCESS,nextIndex:227,term:1,followerCommit:225
2020-07-01 01:06:02,021 [grpc-default-executor-7] DEBUG server.GrpcLogAppender (GrpcLogAppender.java:onNext(257)) - omNode-1@group-523986131536->omNode-3-AppendLogResponseHandler: received a reply omNode-1<-omNode-3#251:OK,SUCCESS,nextIndex:227,term:1,followerCommit:225, request=AppendEntriesRequest:cid=251,entriesCount=1,lastEntry=(t:1, i:226)
2020-07-01 01:06:02,022 [grpc-default-executor-8] WARN  server.GrpcLogAppender (LogUtils.java:warn(122)) - omNode-1@group-523986131536->omNode-2-AppendLogResponseHandler: Failed appendEntries: org.apache.ratis.thirdparty.io.grpc.StatusRuntimeException: UNAVAILABLE: io exception
2020-07-01 01:06:02,023 [grpc-default-executor-8] INFO  impl.FollowerInfo (FollowerInfo.java:lambda$new$0(51)) - omNode-1@group-523986131536->omNode-2: nextIndex: updateUnconditionally 227 -> 45
2020-07-01 01:06:02,029 [IPC Server handler 14 on default port 11860] DEBUG impl.RaftServerImpl (RaftServerImpl.java:submitClientRequestAsync(575)) - omNode-1@group-523986131536: receive client request(RaftClientRequest:client-6E5155DBE9B8->omNode-1@group-523986131536, cid=435, seq=0, RW, Message:082412001a13636c6965...(size=360))
2020-07-01 01:06:02,029 [IPC Server handler 14 on default port 11860] DEBUG impl.RaftServerImpl (LeaderState.java:addPendingRequest(335)) - omNode-1@group-523986131536-LeaderState: addPendingRequest at RaftClientRequest:client-6E5155DBE9B8->omNode-1@group-523986131536, cid=435, seq=0, RW, Message:082412001a13636c6965...(size=360), entry=(t:1, i:227), STATEMACHINELOGENTRY, client-6E5155DBE9B8, cid=435
2020-07-01 01:06:02,030 [grpc-default-executor-8] DEBUG impl.RaftServerImpl (RaftServerImpl.java:logAppendEntries(928)) - omNode-3@group-523986131536: receive appendEntries(omNode-1, 1, (t:1, i:226), 226, false, commits[omNode-1:c226, omNode-3:c225, omNode-2:c43], entries: (t:1, i:227), STATEMACHINELOGENTRY, client-6E5155DBE9B8, cid=435
2020-07-01 01:06:02,030 [grpc-default-executor-8] INFO  ratis.OzoneManagerStateMachine (OzoneManagerStateMachine.java:getLatestSnapshot(147)) - Latest Snapshot Info 1#199
2020-07-01 01:06:02,030 [grpc-default-executor-8] INFO  ratis.OzoneManagerStateMachine (OzoneManagerStateMachine.java:getLatestSnapshot(147)) - Latest Snapshot Info 1#199
2020-07-01 01:06:02,031 [grpc-default-executor-7] WARN  server.GrpcLogAppender (LogUtils.java:warn(122)) - omNode-1@group-523986131536->omNode-2-AppendLogResponseHandler: Failed appendEntries: org.apache.ratis.thirdparty.io.grpc.StatusRuntimeException: UNAVAILABLE: io exception
2020-07-01 01:06:02,032 [grpc-default-executor-7] INFO  impl.FollowerInfo (FollowerInfo.java:lambda$new$0(51)) - omNode-1@group-523986131536->omNode-2: nextIndex: updateUnconditionally 228 -> 45
2020-07-01 01:06:02,037 [Thread-5043] DEBUG impl.RaftServerImpl (RaftServerImpl.java:logAppendEntries(928)) - omNode-3@group-523986131536: succeeded to handle AppendEntries. Reply: omNode-1<-omNode-3#252:OK,SUCCESS,nextIndex:228,term:1,followerCommit:226
2020-07-01 01:06:02,037 [grpc-default-executor-7] DEBUG server.GrpcLogAppender (GrpcLogAppender.java:onNext(257)) - omNode-1@group-523986131536->omNode-3-AppendLogResponseHandler: received a reply omNode-1<-omNode-3#252:OK,SUCCESS,nextIndex:228,term:1,followerCommit:226, request=AppendEntriesRequest:cid=252,entriesCount=1,lastEntry=(t:1, i:227)
2020-07-01 01:06:02,040 [grpc-default-executor-8] DEBUG impl.RaftServerImpl (RaftServerImpl.java:logAppendEntries(928)) - omNode-3@group-523986131536: receive appendEntries(omNode-1, 1, (t:1, i:227), 227, false, commits[omNode-1:c227, omNode-3:c226, omNode-2:c43], entries: (t:1, i:228), METADATAENTRY(c:227)
2020-07-01 01:06:02,040 [grpc-default-executor-8] INFO  ratis.OzoneManagerStateMachine (OzoneManagerStateMachine.java:getLatestSnapshot(147)) - Latest Snapshot Info 1#199
2020-07-01 01:06:02,040 [grpc-default-executor-8] INFO  ratis.OzoneManagerStateMachine (OzoneManagerStateMachine.java:getLatestSnapshot(147)) - Latest Snapshot Info 1#199
2020-07-01 01:06:02,041 [IPC Server handler 16 on default port 11860] DEBUG impl.RaftServerImpl (RaftServerImpl.java:submitClientRequestAsync(575)) - omNode-1@group-523986131536: receive client request(RaftClientRequest:client-6E5155DBE9B8->omNode-1@group-523986131536, cid=436, seq=0, RW, Message:081f12001a13636c6965...(size=409))
2020-07-01 01:06:02,042 [IPC Server handler 16 on default port 11860] DEBUG impl.RaftServerImpl (LeaderState.java:addPendingRequest(335)) - omNode-1@group-523986131536-LeaderState: addPendingRequest at RaftClientRequest:client-6E5155DBE9B8->omNode-1@group-523986131536, cid=436, seq=0, RW, Message:081f12001a13636c6965...(size=409), entry=(t:1, i:229), STATEMACHINELOGENTRY, client-6E5155DBE9B8, cid=436
2020-07-01 01:06:02,042 [grpc-default-executor-7] WARN  server.GrpcLogAppender (LogUtils.java:warn(122)) - omNode-1@group-523986131536->omNode-2-AppendLogResponseHandler: Failed appendEntries: org.apache.ratis.thirdparty.io.grpc.StatusRuntimeException: UNAVAILABLE: io exception
2020-07-01 01:06:02,042 [grpc-default-executor-8] DEBUG impl.RaftServerImpl (RaftServerImpl.java:logAppendEntries(928)) - omNode-3@group-523986131536: receive appendEntries(omNode-1, 1, (t:1, i:228), 227, false, commits[omNode-1:c227, omNode-3:c226, omNode-2:c43], entries: (t:1, i:229), STATEMACHINELOGENTRY, client-6E5155DBE9B8, cid=436
2020-07-01 01:06:02,042 [grpc-default-executor-7] INFO  impl.FollowerInfo (FollowerInfo.java:lambda$new$0(51)) - omNode-1@group-523986131536->omNode-2: nextIndex: updateUnconditionally 229 -> 45
2020-07-01 01:06:02,042 [grpc-default-executor-8] INFO  ratis.OzoneManagerStateMachine (OzoneManagerStateMachine.java:getLatestSnapshot(147)) - Latest Snapshot Info 1#199
2020-07-01 01:06:02,042 [grpc-default-executor-8] INFO  ratis.OzoneManagerStateMachine (OzoneManagerStateMachine.java:getLatestSnapshot(147)) - Latest Snapshot Info 1#199
2020-07-01 01:06:02,044 [grpc-default-executor-7] WARN  server.GrpcLogAppender (LogUtils.java:warn(122)) - omNode-1@group-523986131536->omNode-2-AppendLogResponseHandler: Failed appendEntries: org.apache.ratis.thirdparty.io.grpc.StatusRuntimeException: UNAVAILABLE: io exception
2020-07-01 01:06:02,044 [grpc-default-executor-7] INFO  impl.FollowerInfo (FollowerInfo.java:lambda$new$0(51)) - omNode-1@group-523986131536->omNode-2: nextIndex: updateUnconditionally 230 -> 45
2020-07-01 01:06:02,046 [Thread-5044] DEBUG impl.RaftServerImpl (RaftServerImpl.java:logAppendEntries(928)) - omNode-3@group-523986131536: succeeded to handle AppendEntries. Reply: omNode-1<-omNode-3#253:OK,SUCCESS,nextIndex:229,term:1,followerCommit:227
2020-07-01 01:06:02,046 [grpc-default-executor-7] DEBUG server.GrpcLogAppender (GrpcLogAppender.java:onNext(257)) - omNode-1@group-523986131536->omNode-3-AppendLogResponseHandler: received a reply omNode-1<-omNode-3#253:OK,SUCCESS,nextIndex:229,term:1,followerCommit:227, request=AppendEntriesRequest:cid=253,entriesCount=1,lastEntry=(t:1, i:228)
2020-07-01 01:06:02,048 [grpc-default-executor-8] WARN  server.GrpcLogAppender (LogUtils.java:warn(122)) - omNode-1@group-523986131536->omNode-2-AppendLogResponseHandler: Failed appendEntries: org.apache.ratis.thirdparty.io.grpc.StatusRuntimeException: UNAVAILABLE: io exception
2020-07-01 01:06:02,048 [grpc-default-executor-8] INFO  impl.FollowerInfo (FollowerInfo.java:lambda$new$0(51)) - omNode-1@group-523986131536->omNode-2: nextIndex: updateUnconditionally 230 -> 45
2020-07-01 01:06:02,049 [Thread-5045] DEBUG impl.RaftServerImpl (RaftServerImpl.java:logAppendEntries(928)) - omNode-3@group-523986131536: succeeded to handle AppendEntries. Reply: omNode-1<-omNode-3#254:OK,SUCCESS,nextIndex:230,term:1,followerCommit:227
2020-07-01 01:06:02,049 [grpc-default-executor-8] DEBUG server.GrpcLogAppender (GrpcLogAppender.java:onNext(257)) - omNode-1@group-523986131536->omNode-3-AppendLogResponseHandler: received a reply omNode-1<-omNode-3#254:OK,SUCCESS,nextIndex:230,term:1,followerCommit:227, request=AppendEntriesRequest:cid=254,entriesCount=1,lastEntry=(t:1, i:229)
2020-07-01 01:06:02,051 [grpc-default-executor-8] DEBUG impl.RaftServerImpl (RaftServerImpl.java:logAppendEntries(928)) - omNode-3@group-523986131536: receive appendEntries(omNode-1, 1, (t:1, i:229), 229, false, commits[omNode-1:c229, omNode-3:c227, omNode-2:c43], entries: (t:1, i:230), METADATAENTRY(c:229)
2020-07-01 01:06:02,051 [grpc-default-executor-8] INFO  ratis.OzoneManagerStateMachine (OzoneManagerStateMachine.java:getLatestSnapshot(147)) - Latest Snapshot Info 1#199
2020-07-01 01:06:02,051 [grpc-default-executor-8] INFO  ratis.OzoneManagerStateMachine (OzoneManagerStateMachine.java:getLatestSnapshot(147)) - Latest Snapshot Info 1#199
2020-07-01 01:06:02,054 [grpc-default-executor-7] WARN  server.GrpcLogAppender (LogUtils.java:warn(122)) - omNode-1@group-523986131536->omNode-2-AppendLogResponseHandler: Failed appendEntries: org.apache.ratis.thirdparty.io.grpc.StatusRuntimeException: UNAVAILABLE: io exception
2020-07-01 01:06:02,054 [grpc-default-executor-7] INFO  impl.FollowerInfo (FollowerInfo.java:lambda$new$0(51)) - omNode-1@group-523986131536->omNode-2: nextIndex: updateUnconditionally 231 -> 45
2020-07-01 01:06:02,061 [Thread-5046] DEBUG impl.RaftServerImpl (RaftServerImpl.java:logAppendEntries(928)) - omNode-3@group-523986131536: succeeded to handle AppendEntries. Reply: omNode-1<-omNode-3#255:OK,SUCCESS,nextIndex:231,term:1,followerCommit:229
2020-07-01 01:06:02,061 [grpc-default-executor-7] DEBUG server.GrpcLogAppender (GrpcLogAppender.java:onNext(257)) - omNode-1@group-523986131536->omNode-3-AppendLogResponseHandler: received a reply omNode-1<-omNode-3#255:OK,SUCCESS,nextIndex:231,term:1,followerCommit:229, request=AppendEntriesRequest:cid=255,entriesCount=1,lastEntry=(t:1, i:230)
2020-07-01 01:06:02,063 [grpc-default-executor-8] WARN  server.GrpcLogAppender (LogUtils.java:warn(122)) - omNode-1@group-523986131536->omNode-2-AppendLogResponseHandler: Failed appendEntries: org.apache.ratis.thirdparty.io.grpc.StatusRuntimeException: UNAVAILABLE: io exception
2020-07-01 01:06:02,064 [grpc-default-executor-8] INFO  impl.FollowerInfo (FollowerInfo.java:lambda$new$0(51)) - omNode-1@group-523986131536->omNode-2: nextIndex: updateUnconditionally 231 -> 45
2020-07-01 01:06:02,071 [IPC Server handler 19 on default port 11860] DEBUG impl.RaftServerImpl (RaftServerImpl.java:submitClientRequestAsync(575)) - omNode-1@group-523986131536: receive client request(RaftClientRequest:client-6E5155DBE9B8->omNode-1@group-523986131536, cid=437, seq=0, RW, Message:082412001a13636c6965...(size=360))
2020-07-01 01:06:02,072 [IPC Server handler 19 on default port 11860] DEBUG impl.RaftServerImpl (LeaderState.java:addPendingRequest(335)) - omNode-1@group-523986131536-LeaderState: addPendingRequest at RaftClientRequest:client-6E5155DBE9B8->omNode-1@group-523986131536, cid=437, seq=0, RW, Message:082412001a13636c6965...(size=360), entry=(t:1, i:231), STATEMACHINELOGENTRY, client-6E5155DBE9B8, cid=437
2020-07-01 01:06:02,073 [grpc-default-executor-8] DEBUG impl.RaftServerImpl (RaftServerImpl.java:logAppendEntries(928)) - omNode-3@group-523986131536: receive appendEntries(omNode-1, 1, (t:1, i:230), 230, false, commits[omNode-1:c230, omNode-3:c229, omNode-2:c43], entries: (t:1, i:231), STATEMACHINELOGENTRY, client-6E5155DBE9B8, cid=437
2020-07-01 01:06:02,073 [grpc-default-executor-8] INFO  ratis.OzoneManagerStateMachine (OzoneManagerStateMachine.java:getLatestSnapshot(147)) - Latest Snapshot Info 1#199
2020-07-01 01:06:02,073 [grpc-default-executor-8] INFO  ratis.OzoneManagerStateMachine (OzoneManagerStateMachine.java:getLatestSnapshot(147)) - Latest Snapshot Info 1#199
2020-07-01 01:06:02,074 [grpc-default-executor-7] WARN  server.GrpcLogAppender (LogUtils.java:warn(122)) - omNode-1@group-523986131536->omNode-2-AppendLogResponseHandler: Failed appendEntries: org.apache.ratis.thirdparty.io.grpc.StatusRuntimeException: UNAVAILABLE: io exception
2020-07-01 01:06:02,074 [grpc-default-executor-7] INFO  impl.FollowerInfo (FollowerInfo.java:lambda$new$0(51)) - omNode-1@group-523986131536->omNode-2: nextIndex: updateUnconditionally 232 -> 45
2020-07-01 01:06:02,075 [Thread-5047] DEBUG impl.RaftServerImpl (RaftServerImpl.java:logAppendEntries(928)) - omNode-3@group-523986131536: succeeded to handle AppendEntries. Reply: omNode-1<-omNode-3#256:OK,SUCCESS,nextIndex:232,term:1,followerCommit:230
2020-07-01 01:06:02,075 [grpc-default-executor-7] DEBUG server.GrpcLogAppender (GrpcLogAppender.java:onNext(257)) - omNode-1@group-523986131536->omNode-3-AppendLogResponseHandler: received a reply omNode-1<-omNode-3#256:OK,SUCCESS,nextIndex:232,term:1,followerCommit:230, request=AppendEntriesRequest:cid=256,entriesCount=1,lastEntry=(t:1, i:231)
2020-07-01 01:06:02,077 [grpc-default-executor-7] DEBUG impl.RaftServerImpl (RaftServerImpl.java:logAppendEntries(928)) - omNode-3@group-523986131536: receive appendEntries(omNode-1, 1, (t:1, i:231), 231, false, commits[omNode-1:c231, omNode-3:c230, omNode-2:c43], entries: (t:1, i:232), METADATAENTRY(c:231)
2020-07-01 01:06:02,078 [grpc-default-executor-7] INFO  ratis.OzoneManagerStateMachine (OzoneManagerStateMachine.java:getLatestSnapshot(147)) - Latest Snapshot Info 1#199
2020-07-01 01:06:02,078 [grpc-default-executor-7] INFO  ratis.OzoneManagerStateMachine (OzoneManagerStateMachine.java:getLatestSnapshot(147)) - Latest Snapshot Info 1#199
2020-07-01 01:06:02,078 [IPC Server handler 12 on default port 11860] DEBUG impl.RaftServerImpl (RaftServerImpl.java:submitClientRequestAsync(575)) - omNode-1@group-523986131536: receive client request(RaftClientRequest:client-6E5155DBE9B8->omNode-1@group-523986131536, cid=438, seq=0, RW, Message:081f12001a13636c6965...(size=409))
2020-07-01 01:06:02,079 [IPC Server handler 12 on default port 11860] DEBUG impl.RaftServerImpl (LeaderState.java:addPendingRequest(335)) - omNode-1@group-523986131536-LeaderState: addPendingRequest at RaftClientRequest:client-6E5155DBE9B8->omNode-1@group-523986131536, cid=438, seq=0, RW, Message:081f12001a13636c6965...(size=409), entry=(t:1, i:233), STATEMACHINELOGENTRY, client-6E5155DBE9B8, cid=438
2020-07-01 01:06:02,080 [grpc-default-executor-7] DEBUG impl.RaftServerImpl (RaftServerImpl.java:logAppendEntries(928)) - omNode-3@group-523986131536: receive appendEntries(omNode-1, 1, (t:1, i:232), 231, false, commits[omNode-1:c231, omNode-3:c230, omNode-2:c43], entries: (t:1, i:233), STATEMACHINELOGENTRY, client-6E5155DBE9B8, cid=438
2020-07-01 01:06:02,080 [grpc-default-executor-7] INFO  ratis.OzoneManagerStateMachine (OzoneManagerStateMachine.java:getLatestSnapshot(147)) - Latest Snapshot Info 1#199
2020-07-01 01:06:02,080 [grpc-default-executor-7] INFO  ratis.OzoneManagerStateMachine (OzoneManagerStateMachine.java:getLatestSnapshot(147)) - Latest Snapshot Info 1#199
2020-07-01 01:06:02,081 [grpc-default-executor-6] WARN  server.GrpcLogAppender (LogUtils.java:warn(122)) - omNode-1@group-523986131536->omNode-2-AppendLogResponseHandler: Failed appendEntries: org.apache.ratis.thirdparty.io.grpc.StatusRuntimeException: UNAVAILABLE: io exception
2020-07-01 01:06:02,081 [grpc-default-executor-6] INFO  impl.FollowerInfo (FollowerInfo.java:lambda$new$0(51)) - omNode-1@group-523986131536->omNode-2: nextIndex: updateUnconditionally 233 -> 45
2020-07-01 01:06:02,083 [grpc-default-executor-7] WARN  server.GrpcLogAppender (LogUtils.java:warn(122)) - omNode-1@group-523986131536->omNode-2-AppendLogResponseHandler: Failed appendEntries: org.apache.ratis.thirdparty.io.grpc.StatusRuntimeException: UNAVAILABLE: io exception
2020-07-01 01:06:02,083 [grpc-default-executor-7] INFO  impl.FollowerInfo (FollowerInfo.java:lambda$new$0(51)) - omNode-1@group-523986131536->omNode-2: nextIndex: updateUnconditionally 234 -> 45
2020-07-01 01:06:02,085 [Thread-5048] DEBUG impl.RaftServerImpl (RaftServerImpl.java:logAppendEntries(928)) - omNode-3@group-523986131536: succeeded to handle AppendEntries. Reply: omNode-1<-omNode-3#257:OK,SUCCESS,nextIndex:233,term:1,followerCommit:231
2020-07-01 01:06:02,086 [grpc-default-executor-7] DEBUG server.GrpcLogAppender (GrpcLogAppender.java:onNext(257)) - omNode-1@group-523986131536->omNode-3-AppendLogResponseHandler: received a reply omNode-1<-omNode-3#257:OK,SUCCESS,nextIndex:233,term:1,followerCommit:231, request=AppendEntriesRequest:cid=257,entriesCount=1,lastEntry=(t:1, i:232)
2020-07-01 01:06:02,088 [grpc-default-executor-6] WARN  server.GrpcLogAppender (LogUtils.java:warn(122)) - omNode-1@group-523986131536->omNode-2-AppendLogResponseHandler: Failed appendEntries: org.apache.ratis.thirdparty.io.grpc.StatusRuntimeException: UNAVAILABLE: io exception
2020-07-01 01:06:02,088 [grpc-default-executor-6] INFO  impl.FollowerInfo (FollowerInfo.java:lambda$new$0(51)) - omNode-1@group-523986131536->omNode-2: nextIndex: updateUnconditionally 234 -> 45
2020-07-01 01:06:02,089 [Thread-5049] DEBUG impl.RaftServerImpl (RaftServerImpl.java:logAppendEntries(928)) - omNode-3@group-523986131536: succeeded to handle AppendEntries. Reply: omNode-1<-omNode-3#258:OK,SUCCESS,nextIndex:234,term:1,followerCommit:231
2020-07-01 01:06:02,089 [grpc-default-executor-6] DEBUG server.GrpcLogAppender (GrpcLogAppender.java:onNext(257)) - omNode-1@group-523986131536->omNode-3-AppendLogResponseHandler: received a reply omNode-1<-omNode-3#258:OK,SUCCESS,nextIndex:234,term:1,followerCommit:231, request=AppendEntriesRequest:cid=258,entriesCount=1,lastEntry=(t:1, i:233)
2020-07-01 01:06:02,094 [grpc-default-executor-7] DEBUG impl.RaftServerImpl (RaftServerImpl.java:logAppendEntries(928)) - omNode-3@group-523986131536: receive appendEntries(omNode-1, 1, (t:1, i:233), 233, false, commits[omNode-1:c233, omNode-3:c231, omNode-2:c43], entries: (t:1, i:234), METADATAENTRY(c:233)
2020-07-01 01:06:02,094 [grpc-default-executor-7] INFO  ratis.OzoneManagerStateMachine (OzoneManagerStateMachine.java:getLatestSnapshot(147)) - Latest Snapshot Info 1#199
2020-07-01 01:06:02,094 [grpc-default-executor-7] INFO  ratis.OzoneManagerStateMachine (OzoneManagerStateMachine.java:getLatestSnapshot(147)) - Latest Snapshot Info 1#199
2020-07-01 01:06:02,095 [grpc-default-executor-6] WARN  server.GrpcLogAppender (LogUtils.java:warn(122)) - omNode-1@group-523986131536->omNode-2-AppendLogResponseHandler: Failed appendEntries: org.apache.ratis.thirdparty.io.grpc.StatusRuntimeException: UNAVAILABLE: io exception
2020-07-01 01:06:02,095 [grpc-default-executor-6] INFO  impl.FollowerInfo (FollowerInfo.java:lambda$new$0(51)) - omNode-1@group-523986131536->omNode-2: nextIndex: updateUnconditionally 235 -> 45
2020-07-01 01:06:02,097 [grpc-default-executor-6] WARN  server.GrpcLogAppender (LogUtils.java:warn(122)) - omNode-1@group-523986131536->omNode-2-AppendLogResponseHandler: Failed appendEntries: org.apache.ratis.thirdparty.io.grpc.StatusRuntimeException: UNAVAILABLE: io exception
2020-07-01 01:06:02,097 [grpc-default-executor-6] INFO  impl.FollowerInfo (FollowerInfo.java:lambda$new$0(51)) - omNode-1@group-523986131536->omNode-2: nextIndex: updateUnconditionally 235 -> 45
2020-07-01 01:06:02,099 [grpc-default-executor-6] WARN  server.GrpcLogAppender (LogUtils.java:warn(122)) - omNode-1@group-523986131536->omNode-2-AppendLogResponseHandler: Failed appendEntries: org.apache.ratis.thirdparty.io.grpc.StatusRuntimeException: UNAVAILABLE: io exception
2020-07-01 01:06:02,099 [grpc-default-executor-6] INFO  impl.FollowerInfo (FollowerInfo.java:lambda$new$0(51)) - omNode-1@group-523986131536->omNode-2: nextIndex: updateUnconditionally 235 -> 45
2020-07-01 01:06:02,102 [Thread-5050] DEBUG impl.RaftServerImpl (RaftServerImpl.java:logAppendEntries(928)) - omNode-3@group-523986131536: succeeded to handle AppendEntries. Reply: omNode-1<-omNode-3#259:OK,SUCCESS,nextIndex:235,term:1,followerCommit:233
2020-07-01 01:06:02,104 [IPC Server handler 1 on default port 11860] DEBUG impl.RaftServerImpl (RaftServerImpl.java:submitClientRequestAsync(575)) - omNode-1@group-523986131536: receive client request(RaftClientRequest:client-6E5155DBE9B8->omNode-1@group-523986131536, cid=439, seq=0, RW, Message:082412001a13636c6965...(size=360))
2020-07-01 01:06:02,104 [IPC Server handler 1 on default port 11860] DEBUG impl.RaftServerImpl (LeaderState.java:addPendingRequest(335)) - omNode-1@group-523986131536-LeaderState: addPendingRequest at RaftClientRequest:client-6E5155DBE9B8->omNode-1@group-523986131536, cid=439, seq=0, RW, Message:082412001a13636c6965...(size=360), entry=(t:1, i:235), STATEMACHINELOGENTRY, client-6E5155DBE9B8, cid=439
2020-07-01 01:06:02,105 [grpc-default-executor-7] DEBUG impl.RaftServerImpl (RaftServerImpl.java:logAppendEntries(928)) - omNode-3@group-523986131536: receive appendEntries(omNode-1, 1, (t:1, i:234), 233, false, commits[omNode-1:c233, omNode-3:c231, omNode-2:c43], entries: (t:1, i:235), STATEMACHINELOGENTRY, client-6E5155DBE9B8, cid=439
2020-07-01 01:06:02,105 [grpc-default-executor-7] INFO  ratis.OzoneManagerStateMachine (OzoneManagerStateMachine.java:getLatestSnapshot(147)) - Latest Snapshot Info 1#199
2020-07-01 01:06:02,105 [grpc-default-executor-7] INFO  ratis.OzoneManagerStateMachine (OzoneManagerStateMachine.java:getLatestSnapshot(147)) - Latest Snapshot Info 1#199
2020-07-01 01:06:02,105 [grpc-default-executor-6] DEBUG server.GrpcLogAppender (GrpcLogAppender.java:onNext(257)) - omNode-1@group-523986131536->omNode-3-AppendLogResponseHandler: received a reply omNode-1<-omNode-3#259:OK,SUCCESS,nextIndex:235,term:1,followerCommit:233, request=AppendEntriesRequest:cid=259,entriesCount=1,lastEntry=(t:1, i:234)
2020-07-01 01:06:02,114 [grpc-default-executor-6] WARN  server.GrpcLogAppender (LogUtils.java:warn(122)) - omNode-1@group-523986131536->omNode-2-AppendLogResponseHandler: Failed appendEntries: org.apache.ratis.thirdparty.io.grpc.StatusRuntimeException: UNAVAILABLE: io exception
2020-07-01 01:06:02,114 [grpc-default-executor-6] INFO  impl.FollowerInfo (FollowerInfo.java:lambda$new$0(51)) - omNode-1@group-523986131536->omNode-2: nextIndex: updateUnconditionally 235 -> 45
2020-07-01 01:06:02,116 [grpc-default-executor-6] WARN  server.GrpcLogAppender (LogUtils.java:warn(122)) - omNode-1@group-523986131536->omNode-2-AppendLogResponseHandler: Failed appendEntries: org.apache.ratis.thirdparty.io.grpc.StatusRuntimeException: UNAVAILABLE: io exception
2020-07-01 01:06:02,116 [grpc-default-executor-6] INFO  impl.FollowerInfo (FollowerInfo.java:lambda$new$0(51)) - omNode-1@group-523986131536->omNode-2: nextIndex: updateUnconditionally 236 -> 45
2020-07-01 01:06:02,117 [Thread-5051] DEBUG impl.RaftServerImpl (RaftServerImpl.java:logAppendEntries(928)) - omNode-3@group-523986131536: succeeded to handle AppendEntries. Reply: omNode-1<-omNode-3#260:OK,SUCCESS,nextIndex:236,term:1,followerCommit:233
2020-07-01 01:06:02,118 [grpc-default-executor-6] DEBUG server.GrpcLogAppender (GrpcLogAppender.java:onNext(257)) - omNode-1@group-523986131536->omNode-3-AppendLogResponseHandler: received a reply omNode-1<-omNode-3#260:OK,SUCCESS,nextIndex:236,term:1,followerCommit:233, request=AppendEntriesRequest:cid=260,entriesCount=1,lastEntry=(t:1, i:235)
2020-07-01 01:06:02,118 [grpc-default-executor-6] DEBUG impl.RaftServerImpl (RaftServerImpl.java:logAppendEntries(928)) - omNode-3@group-523986131536: receive appendEntries(omNode-1, 1, (t:1, i:235), 235, false, commits[omNode-1:c235, omNode-3:c233, omNode-2:c43], entries: (t:1, i:236), METADATAENTRY(c:235)
2020-07-01 01:06:02,118 [grpc-default-executor-6] INFO  ratis.OzoneManagerStateMachine (OzoneManagerStateMachine.java:getLatestSnapshot(147)) - Latest Snapshot Info 1#199
2020-07-01 01:06:02,119 [grpc-default-executor-6] INFO  ratis.OzoneManagerStateMachine (OzoneManagerStateMachine.java:getLatestSnapshot(147)) - Latest Snapshot Info 1#199
2020-07-01 01:06:02,120 [grpc-default-executor-6] WARN  server.GrpcLogAppender (LogUtils.java:warn(122)) - omNode-1@group-523986131536->omNode-2-AppendLogResponseHandler: Failed appendEntries: org.apache.ratis.thirdparty.io.grpc.StatusRuntimeException: UNAVAILABLE: io exception
2020-07-01 01:06:02,120 [grpc-default-executor-6] INFO  impl.FollowerInfo (FollowerInfo.java:lambda$new$0(51)) - omNode-1@group-523986131536->omNode-2: nextIndex: updateUnconditionally 236 -> 45
2020-07-01 01:06:02,122 [grpc-default-executor-6] WARN  server.GrpcLogAppender (LogUtils.java:warn(122)) - omNode-1@group-523986131536->omNode-2-AppendLogResponseHandler: Failed appendEntries: org.apache.ratis.thirdparty.io.grpc.StatusRuntimeException: UNAVAILABLE: io exception
2020-07-01 01:06:02,122 [grpc-default-executor-6] INFO  impl.FollowerInfo (FollowerInfo.java:lambda$new$0(51)) - omNode-1@group-523986131536->omNode-2: nextIndex: updateUnconditionally 237 -> 45
2020-07-01 01:06:02,124 [grpc-default-executor-6] WARN  server.GrpcLogAppender (LogUtils.java:warn(122)) - omNode-1@group-523986131536->omNode-2-AppendLogResponseHandler: Failed appendEntries: org.apache.ratis.thirdparty.io.grpc.StatusRuntimeException: UNAVAILABLE: io exception
2020-07-01 01:06:02,124 [grpc-default-executor-6] INFO  impl.FollowerInfo (FollowerInfo.java:lambda$new$0(51)) - omNode-1@group-523986131536->omNode-2: nextIndex: updateUnconditionally 237 -> 45
2020-07-01 01:06:02,128 [IPC Server handler 3 on default port 11860] DEBUG impl.RaftServerImpl (RaftServerImpl.java:submitClientRequestAsync(575)) - omNode-1@group-523986131536: receive client request(RaftClientRequest:client-6E5155DBE9B8->omNode-1@group-523986131536, cid=440, seq=0, RW, Message:081f12001a13636c6965...(size=409))
2020-07-01 01:06:02,128 [IPC Server handler 3 on default port 11860] DEBUG impl.RaftServerImpl (LeaderState.java:addPendingRequest(335)) - omNode-1@group-523986131536-LeaderState: addPendingRequest at RaftClientRequest:client-6E5155DBE9B8->omNode-1@group-523986131536, cid=440, seq=0, RW, Message:081f12001a13636c6965...(size=409), entry=(t:1, i:237), STATEMACHINELOGENTRY, client-6E5155DBE9B8, cid=440
2020-07-01 01:06:02,129 [grpc-default-executor-6] DEBUG impl.RaftServerImpl (RaftServerImpl.java:logAppendEntries(928)) - omNode-3@group-523986131536: receive appendEntries(omNode-1, 1, (t:1, i:236), 235, false, commits[omNode-1:c235, omNode-3:c233, omNode-2:c43], entries: (t:1, i:237), STATEMACHINELOGENTRY, client-6E5155DBE9B8, cid=440
2020-07-01 01:06:02,129 [grpc-default-executor-6] INFO  ratis.OzoneManagerStateMachine (OzoneManagerStateMachine.java:getLatestSnapshot(147)) - Latest Snapshot Info 1#199
2020-07-01 01:06:02,129 [grpc-default-executor-6] INFO  ratis.OzoneManagerStateMachine (OzoneManagerStateMachine.java:getLatestSnapshot(147)) - Latest Snapshot Info 1#199
2020-07-01 01:06:02,129 [grpc-default-executor-6] WARN  server.GrpcLogAppender (LogUtils.java:warn(122)) - omNode-1@group-523986131536->omNode-2-AppendLogResponseHandler: Failed appendEntries: org.apache.ratis.thirdparty.io.grpc.StatusRuntimeException: UNAVAILABLE: io exception
2020-07-01 01:06:02,130 [grpc-default-executor-6] INFO  impl.FollowerInfo (FollowerInfo.java:lambda$new$0(51)) - omNode-1@group-523986131536->omNode-2: nextIndex: updateUnconditionally 237 -> 45
2020-07-01 01:06:02,132 [Thread-5052] DEBUG impl.RaftServerImpl (RaftServerImpl.java:logAppendEntries(928)) - omNode-3@group-523986131536: succeeded to handle AppendEntries. Reply: omNode-1<-omNode-3#261:OK,SUCCESS,nextIndex:237,term:1,followerCommit:235
2020-07-01 01:06:02,132 [grpc-default-executor-6] WARN  server.GrpcLogAppender (LogUtils.java:warn(122)) - omNode-1@group-523986131536->omNode-2-AppendLogResponseHandler: Failed appendEntries: org.apache.ratis.thirdparty.io.grpc.StatusRuntimeException: UNAVAILABLE: io exception
2020-07-01 01:06:02,133 [grpc-default-executor-6] INFO  impl.FollowerInfo (FollowerInfo.java:lambda$new$0(51)) - omNode-1@group-523986131536->omNode-2: nextIndex: updateUnconditionally 238 -> 45
2020-07-01 01:06:02,133 [grpc-default-executor-6] DEBUG server.GrpcLogAppender (GrpcLogAppender.java:onNext(257)) - omNode-1@group-523986131536->omNode-3-AppendLogResponseHandler: received a reply omNode-1<-omNode-3#261:OK,SUCCESS,nextIndex:237,term:1,followerCommit:235, request=AppendEntriesRequest:cid=261,entriesCount=1,lastEntry=(t:1, i:236)
2020-07-01 01:06:02,135 [grpc-default-executor-6] WARN  server.GrpcLogAppender (LogUtils.java:warn(122)) - omNode-1@group-523986131536->omNode-2-AppendLogResponseHandler: Failed appendEntries: org.apache.ratis.thirdparty.io.grpc.StatusRuntimeException: UNAVAILABLE: io exception
2020-07-01 01:06:02,135 [grpc-default-executor-6] INFO  impl.FollowerInfo (FollowerInfo.java:lambda$new$0(51)) - omNode-1@group-523986131536->omNode-2: nextIndex: updateUnconditionally 238 -> 45
2020-07-01 01:06:02,137 [Thread-5053] DEBUG impl.RaftServerImpl (RaftServerImpl.java:logAppendEntries(928)) - omNode-3@group-523986131536: succeeded to handle AppendEntries. Reply: omNode-1<-omNode-3#262:OK,SUCCESS,nextIndex:238,term:1,followerCommit:235
2020-07-01 01:06:02,138 [grpc-default-executor-6] WARN  server.GrpcLogAppender (LogUtils.java:warn(122)) - omNode-1@group-523986131536->omNode-2-AppendLogResponseHandler: Failed appendEntries: org.apache.ratis.thirdparty.io.grpc.StatusRuntimeException: UNAVAILABLE: io exception
2020-07-01 01:06:02,138 [grpc-default-executor-6] INFO  impl.FollowerInfo (FollowerInfo.java:lambda$new$0(51)) - omNode-1@group-523986131536->omNode-2: nextIndex: updateUnconditionally 238 -> 45
2020-07-01 01:06:02,138 [grpc-default-executor-6] DEBUG server.GrpcLogAppender (GrpcLogAppender.java:onNext(257)) - omNode-1@group-523986131536->omNode-3-AppendLogResponseHandler: received a reply omNode-1<-omNode-3#262:OK,SUCCESS,nextIndex:238,term:1,followerCommit:235, request=AppendEntriesRequest:cid=262,entriesCount=1,lastEntry=(t:1, i:237)
2020-07-01 01:06:02,142 [grpc-default-executor-6] DEBUG impl.RaftServerImpl (RaftServerImpl.java:logAppendEntries(928)) - omNode-3@group-523986131536: receive appendEntries(omNode-1, 1, (t:1, i:237), 237, false, commits[omNode-1:c237, omNode-3:c235, omNode-2:c43], entries: (t:1, i:238), METADATAENTRY(c:237)
2020-07-01 01:06:02,142 [grpc-default-executor-6] INFO  ratis.OzoneManagerStateMachine (OzoneManagerStateMachine.java:getLatestSnapshot(147)) - Latest Snapshot Info 1#199
2020-07-01 01:06:02,143 [grpc-default-executor-6] INFO  ratis.OzoneManagerStateMachine (OzoneManagerStateMachine.java:getLatestSnapshot(147)) - Latest Snapshot Info 1#199
2020-07-01 01:06:02,145 [grpc-default-executor-6] WARN  server.GrpcLogAppender (LogUtils.java:warn(122)) - omNode-1@group-523986131536->omNode-2-AppendLogResponseHandler: Failed appendEntries: org.apache.ratis.thirdparty.io.grpc.StatusRuntimeException: UNAVAILABLE: io exception
2020-07-01 01:06:02,145 [grpc-default-executor-6] INFO  impl.FollowerInfo (FollowerInfo.java:lambda$new$0(51)) - omNode-1@group-523986131536->omNode-2: nextIndex: updateUnconditionally 239 -> 45
2020-07-01 01:06:02,147 [grpc-default-executor-6] WARN  server.GrpcLogAppender (LogUtils.java:warn(122)) - omNode-1@group-523986131536->omNode-2-AppendLogResponseHandler: Failed appendEntries: org.apache.ratis.thirdparty.io.grpc.StatusRuntimeException: UNAVAILABLE: io exception
2020-07-01 01:06:02,147 [grpc-default-executor-6] INFO  impl.FollowerInfo (FollowerInfo.java:lambda$new$0(51)) - omNode-1@group-523986131536->omNode-2: nextIndex: updateUnconditionally 239 -> 45
2020-07-01 01:06:02,149 [grpc-default-executor-6] WARN  server.GrpcLogAppender (LogUtils.java:warn(122)) - omNode-1@group-523986131536->omNode-2-AppendLogResponseHandler: Failed appendEntries: org.apache.ratis.thirdparty.io.grpc.StatusRuntimeException: UNAVAILABLE: io exception
2020-07-01 01:06:02,149 [grpc-default-executor-6] INFO  impl.FollowerInfo (FollowerInfo.java:lambda$new$0(51)) - omNode-1@group-523986131536->omNode-2: nextIndex: updateUnconditionally 239 -> 45
2020-07-01 01:06:02,151 [grpc-default-executor-6] WARN  server.GrpcLogAppender (LogUtils.java:warn(122)) - omNode-1@group-523986131536->omNode-2-AppendLogResponseHandler: Failed appendEntries: org.apache.ratis.thirdparty.io.grpc.StatusRuntimeException: UNAVAILABLE: io exception
2020-07-01 01:06:02,151 [grpc-default-executor-6] INFO  impl.FollowerInfo (FollowerInfo.java:lambda$new$0(51)) - omNode-1@group-523986131536->omNode-2: nextIndex: updateUnconditionally 239 -> 45
2020-07-01 01:06:02,155 [grpc-default-executor-6] WARN  server.GrpcLogAppender (LogUtils.java:warn(122)) - omNode-1@group-523986131536->omNode-2-AppendLogResponseHandler: Failed appendEntries: org.apache.ratis.thirdparty.io.grpc.StatusRuntimeException: UNAVAILABLE: io exception
2020-07-01 01:06:02,155 [grpc-default-executor-6] INFO  impl.FollowerInfo (FollowerInfo.java:lambda$new$0(51)) - omNode-1@group-523986131536->omNode-2: nextIndex: updateUnconditionally 239 -> 45
2020-07-01 01:06:02,157 [grpc-default-executor-6] WARN  server.GrpcLogAppender (LogUtils.java:warn(122)) - omNode-1@group-523986131536->omNode-2-AppendLogResponseHandler: Failed appendEntries: org.apache.ratis.thirdparty.io.grpc.StatusRuntimeException: UNAVAILABLE: io exception
2020-07-01 01:06:02,157 [grpc-default-executor-6] INFO  impl.FollowerInfo (FollowerInfo.java:lambda$new$0(51)) - omNode-1@group-523986131536->omNode-2: nextIndex: updateUnconditionally 239 -> 45
2020-07-01 01:06:02,159 [grpc-default-executor-6] WARN  server.GrpcLogAppender (LogUtils.java:warn(122)) - omNode-1@group-523986131536->omNode-2-AppendLogResponseHandler: Failed appendEntries: org.apache.ratis.thirdparty.io.grpc.StatusRuntimeException: UNAVAILABLE: io exception
2020-07-01 01:06:02,159 [grpc-default-executor-6] INFO  impl.FollowerInfo (FollowerInfo.java:lambda$new$0(51)) - omNode-1@group-523986131536->omNode-2: nextIndex: updateUnconditionally 239 -> 45
2020-07-01 01:06:02,162 [Thread-5054] DEBUG impl.RaftServerImpl (RaftServerImpl.java:logAppendEntries(928)) - omNode-3@group-523986131536: succeeded to handle AppendEntries. Reply: omNode-1<-omNode-3#263:OK,SUCCESS,nextIndex:239,term:1,followerCommit:237
2020-07-01 01:06:02,162 [IPC Server handler 0 on default port 11860] DEBUG impl.RaftServerImpl (RaftServerImpl.java:submitClientRequestAsync(575)) - omNode-1@group-523986131536: receive client request(RaftClientRequest:client-6E5155DBE9B8->omNode-1@group-523986131536, cid=441, seq=0, RW, Message:082412001a13636c6965...(size=360))
2020-07-01 01:06:02,162 [grpc-default-executor-6] DEBUG server.GrpcLogAppender (GrpcLogAppender.java:onNext(257)) - omNode-1@group-523986131536->omNode-3-AppendLogResponseHandler: received a reply omNode-1<-omNode-3#263:OK,SUCCESS,nextIndex:239,term:1,followerCommit:237, request=AppendEntriesRequest:cid=263,entriesCount=1,lastEntry=(t:1, i:238)
2020-07-01 01:06:02,162 [IPC Server handler 0 on default port 11860] DEBUG impl.RaftServerImpl (LeaderState.java:addPendingRequest(335)) - omNode-1@group-523986131536-LeaderState: addPendingRequest at RaftClientRequest:client-6E5155DBE9B8->omNode-1@group-523986131536, cid=441, seq=0, RW, Message:082412001a13636c6965...(size=360), entry=(t:1, i:239), STATEMACHINELOGENTRY, client-6E5155DBE9B8, cid=441
2020-07-01 01:06:02,163 [grpc-default-executor-6] DEBUG impl.RaftServerImpl (RaftServerImpl.java:logAppendEntries(928)) - omNode-3@group-523986131536: receive appendEntries(omNode-1, 1, (t:1, i:238), 237, false, commits[omNode-1:c237, omNode-3:c237, omNode-2:c43], entries: (t:1, i:239), STATEMACHINELOGENTRY, client-6E5155DBE9B8, cid=441
2020-07-01 01:06:02,163 [grpc-default-executor-6] INFO  ratis.OzoneManagerStateMachine (OzoneManagerStateMachine.java:getLatestSnapshot(147)) - Latest Snapshot Info 1#199
2020-07-01 01:06:02,163 [grpc-default-executor-6] INFO  ratis.OzoneManagerStateMachine (OzoneManagerStateMachine.java:getLatestSnapshot(147)) - Latest Snapshot Info 1#199
2020-07-01 01:06:02,164 [grpc-default-executor-6] WARN  server.GrpcLogAppender (LogUtils.java:warn(122)) - omNode-1@group-523986131536->omNode-2-AppendLogResponseHandler: Failed appendEntries: org.apache.ratis.thirdparty.io.grpc.StatusRuntimeException: UNAVAILABLE: io exception
2020-07-01 01:06:02,164 [grpc-default-executor-6] INFO  impl.FollowerInfo (FollowerInfo.java:lambda$new$0(51)) - omNode-1@group-523986131536->omNode-2: nextIndex: updateUnconditionally 239 -> 45
2020-07-01 01:06:02,166 [grpc-default-executor-6] WARN  server.GrpcLogAppender (LogUtils.java:warn(122)) - omNode-1@group-523986131536->omNode-2-AppendLogResponseHandler: Failed appendEntries: org.apache.ratis.thirdparty.io.grpc.StatusRuntimeException: UNAVAILABLE: io exception
2020-07-01 01:06:02,167 [grpc-default-executor-6] INFO  impl.FollowerInfo (FollowerInfo.java:lambda$new$0(51)) - omNode-1@group-523986131536->omNode-2: nextIndex: updateUnconditionally 240 -> 45
2020-07-01 01:06:02,168 [grpc-default-executor-6] WARN  server.GrpcLogAppender (LogUtils.java:warn(122)) - omNode-1@group-523986131536->omNode-2-AppendLogResponseHandler: Failed appendEntries: org.apache.ratis.thirdparty.io.grpc.StatusRuntimeException: UNAVAILABLE: io exception
2020-07-01 01:06:02,169 [grpc-default-executor-6] INFO  impl.FollowerInfo (FollowerInfo.java:lambda$new$0(51)) - omNode-1@group-523986131536->omNode-2: nextIndex: updateUnconditionally 240 -> 45
2020-07-01 01:06:02,171 [grpc-default-executor-6] WARN  server.GrpcLogAppender (LogUtils.java:warn(122)) - omNode-1@group-523986131536->omNode-2-AppendLogResponseHandler: Failed appendEntries: org.apache.ratis.thirdparty.io.grpc.StatusRuntimeException: UNAVAILABLE: io exception
2020-07-01 01:06:02,171 [grpc-default-executor-6] INFO  impl.FollowerInfo (FollowerInfo.java:lambda$new$0(51)) - omNode-1@group-523986131536->omNode-2: nextIndex: updateUnconditionally 240 -> 45
2020-07-01 01:06:02,171 [Thread-5055] DEBUG impl.RaftServerImpl (RaftServerImpl.java:logAppendEntries(928)) - omNode-3@group-523986131536: succeeded to handle AppendEntries. Reply: omNode-1<-omNode-3#264:OK,SUCCESS,nextIndex:240,term:1,followerCommit:237
2020-07-01 01:06:02,171 [grpc-default-executor-6] DEBUG server.GrpcLogAppender (GrpcLogAppender.java:onNext(257)) - omNode-1@group-523986131536->omNode-3-AppendLogResponseHandler: received a reply omNode-1<-omNode-3#264:OK,SUCCESS,nextIndex:240,term:1,followerCommit:237, request=AppendEntriesRequest:cid=264,entriesCount=1,lastEntry=(t:1, i:239)
2020-07-01 01:06:02,173 [grpc-default-executor-6] DEBUG impl.RaftServerImpl (RaftServerImpl.java:logAppendEntries(928)) - omNode-3@group-523986131536: receive appendEntries(omNode-1, 1, (t:1, i:239), 239, false, commits[omNode-1:c239, omNode-3:c237, omNode-2:c43], entries: (t:1, i:240), METADATAENTRY(c:239)
2020-07-01 01:06:02,173 [grpc-default-executor-6] INFO  ratis.OzoneManagerStateMachine (OzoneManagerStateMachine.java:getLatestSnapshot(147)) - Latest Snapshot Info 1#199
2020-07-01 01:06:02,173 [grpc-default-executor-6] INFO  ratis.OzoneManagerStateMachine (OzoneManagerStateMachine.java:getLatestSnapshot(147)) - Latest Snapshot Info 1#199
2020-07-01 01:06:02,175 [grpc-default-executor-6] WARN  server.GrpcLogAppender (LogUtils.java:warn(122)) - omNode-1@group-523986131536->omNode-2-AppendLogResponseHandler: Failed appendEntries: org.apache.ratis.thirdparty.io.grpc.StatusRuntimeException: UNAVAILABLE: io exception
2020-07-01 01:06:02,175 [grpc-default-executor-6] INFO  impl.FollowerInfo (FollowerInfo.java:lambda$new$0(51)) - omNode-1@group-523986131536->omNode-2: nextIndex: updateUnconditionally 240 -> 45
2020-07-01 01:06:02,178 [grpc-default-executor-6] WARN  server.GrpcLogAppender (LogUtils.java:warn(122)) - omNode-1@group-523986131536->omNode-2-AppendLogResponseHandler: Failed appendEntries: org.apache.ratis.thirdparty.io.grpc.StatusRuntimeException: UNAVAILABLE: io exception
2020-07-01 01:06:02,178 [grpc-default-executor-6] INFO  impl.FollowerInfo (FollowerInfo.java:lambda$new$0(51)) - omNode-1@group-523986131536->omNode-2: nextIndex: updateUnconditionally 241 -> 45
2020-07-01 01:06:02,178 [IPC Server handler 5 on default port 11860] DEBUG impl.RaftServerImpl (RaftServerImpl.java:submitClientRequestAsync(575)) - omNode-1@group-523986131536: receive client request(RaftClientRequest:client-6E5155DBE9B8->omNode-1@group-523986131536, cid=442, seq=0, RW, Message:081f12001a13636c6965...(size=409))
2020-07-01 01:06:02,178 [IPC Server handler 5 on default port 11860] DEBUG impl.RaftServerImpl (LeaderState.java:addPendingRequest(335)) - omNode-1@group-523986131536-LeaderState: addPendingRequest at RaftClientRequest:client-6E5155DBE9B8->omNode-1@group-523986131536, cid=442, seq=0, RW, Message:081f12001a13636c6965...(size=409), entry=(t:1, i:241), STATEMACHINELOGENTRY, client-6E5155DBE9B8, cid=442
2020-07-01 01:06:02,179 [grpc-default-executor-6] DEBUG impl.RaftServerImpl (RaftServerImpl.java:logAppendEntries(928)) - omNode-3@group-523986131536: receive appendEntries(omNode-1, 1, (t:1, i:240), 239, false, commits[omNode-1:c239, omNode-3:c237, omNode-2:c43], entries: (t:1, i:241), STATEMACHINELOGENTRY, client-6E5155DBE9B8, cid=442
2020-07-01 01:06:02,179 [grpc-default-executor-6] INFO  ratis.OzoneManagerStateMachine (OzoneManagerStateMachine.java:getLatestSnapshot(147)) - Latest Snapshot Info 1#199
2020-07-01 01:06:02,179 [grpc-default-executor-6] INFO  ratis.OzoneManagerStateMachine (OzoneManagerStateMachine.java:getLatestSnapshot(147)) - Latest Snapshot Info 1#199
2020-07-01 01:06:02,180 [grpc-default-executor-6] WARN  server.GrpcLogAppender (LogUtils.java:warn(122)) - omNode-1@group-523986131536->omNode-2-AppendLogResponseHandler: Failed appendEntries: org.apache.ratis.thirdparty.io.grpc.StatusRuntimeException: UNAVAILABLE: io exception
2020-07-01 01:06:02,180 [grpc-default-executor-6] INFO  impl.FollowerInfo (FollowerInfo.java:lambda$new$0(51)) - omNode-1@group-523986131536->omNode-2: nextIndex: updateUnconditionally 241 -> 45
2020-07-01 01:06:02,182 [Thread-5056] DEBUG impl.RaftServerImpl (RaftServerImpl.java:logAppendEntries(928)) - omNode-3@group-523986131536: succeeded to handle AppendEntries. Reply: omNode-1<-omNode-3#265:OK,SUCCESS,nextIndex:241,term:1,followerCommit:239
2020-07-01 01:06:02,182 [grpc-default-executor-6] DEBUG server.GrpcLogAppender (GrpcLogAppender.java:onNext(257)) - omNode-1@group-523986131536->omNode-3-AppendLogResponseHandler: received a reply omNode-1<-omNode-3#265:OK,SUCCESS,nextIndex:241,term:1,followerCommit:239, request=AppendEntriesRequest:cid=265,entriesCount=1,lastEntry=(t:1, i:240)
2020-07-01 01:06:02,183 [grpc-default-executor-6] WARN  server.GrpcLogAppender (LogUtils.java:warn(122)) - omNode-1@group-523986131536->omNode-2-AppendLogResponseHandler: Failed appendEntries: org.apache.ratis.thirdparty.io.grpc.StatusRuntimeException: UNAVAILABLE: io exception
2020-07-01 01:06:02,183 [grpc-default-executor-6] INFO  impl.FollowerInfo (FollowerInfo.java:lambda$new$0(51)) - omNode-1@group-523986131536->omNode-2: nextIndex: updateUnconditionally 242 -> 45
2020-07-01 01:06:02,185 [grpc-default-executor-6] WARN  server.GrpcLogAppender (LogUtils.java:warn(122)) - omNode-1@group-523986131536->omNode-2-AppendLogResponseHandler: Failed appendEntries: org.apache.ratis.thirdparty.io.grpc.StatusRuntimeException: UNAVAILABLE: io exception
2020-07-01 01:06:02,185 [grpc-default-executor-6] INFO  impl.FollowerInfo (FollowerInfo.java:lambda$new$0(51)) - omNode-1@group-523986131536->omNode-2: nextIndex: updateUnconditionally 242 -> 45
2020-07-01 01:06:02,187 [grpc-default-executor-6] WARN  server.GrpcLogAppender (LogUtils.java:warn(122)) - omNode-1@group-523986131536->omNode-2-AppendLogResponseHandler: Failed appendEntries: org.apache.ratis.thirdparty.io.grpc.StatusRuntimeException: UNAVAILABLE: io exception
2020-07-01 01:06:02,187 [grpc-default-executor-6] INFO  impl.FollowerInfo (FollowerInfo.java:lambda$new$0(51)) - omNode-1@group-523986131536->omNode-2: nextIndex: updateUnconditionally 242 -> 45
2020-07-01 01:06:02,189 [grpc-default-executor-6] WARN  server.GrpcLogAppender (LogUtils.java:warn(122)) - omNode-1@group-523986131536->omNode-2-AppendLogResponseHandler: Failed appendEntries: org.apache.ratis.thirdparty.io.grpc.StatusRuntimeException: UNAVAILABLE: io exception
2020-07-01 01:06:02,189 [grpc-default-executor-6] INFO  impl.FollowerInfo (FollowerInfo.java:lambda$new$0(51)) - omNode-1@group-523986131536->omNode-2: nextIndex: updateUnconditionally 242 -> 45
2020-07-01 01:06:02,191 [grpc-default-executor-6] WARN  server.GrpcLogAppender (LogUtils.java:warn(122)) - omNode-1@group-523986131536->omNode-2-AppendLogResponseHandler: Failed appendEntries: org.apache.ratis.thirdparty.io.grpc.StatusRuntimeException: UNAVAILABLE: io exception
2020-07-01 01:06:02,191 [grpc-default-executor-6] INFO  impl.FollowerInfo (FollowerInfo.java:lambda$new$0(51)) - omNode-1@group-523986131536->omNode-2: nextIndex: updateUnconditionally 242 -> 45
2020-07-01 01:06:02,193 [grpc-default-executor-6] WARN  server.GrpcLogAppender (LogUtils.java:warn(122)) - omNode-1@group-523986131536->omNode-2-AppendLogResponseHandler: Failed appendEntries: org.apache.ratis.thirdparty.io.grpc.StatusRuntimeException: UNAVAILABLE: io exception
2020-07-01 01:06:02,193 [grpc-default-executor-6] INFO  impl.FollowerInfo (FollowerInfo.java:lambda$new$0(51)) - omNode-1@group-523986131536->omNode-2: nextIndex: updateUnconditionally 242 -> 45
2020-07-01 01:06:02,195 [grpc-default-executor-6] WARN  server.GrpcLogAppender (LogUtils.java:warn(122)) - omNode-1@group-523986131536->omNode-2-AppendLogResponseHandler: Failed appendEntries: org.apache.ratis.thirdparty.io.grpc.StatusRuntimeException: UNAVAILABLE: io exception
2020-07-01 01:06:02,195 [grpc-default-executor-6] INFO  impl.FollowerInfo (FollowerInfo.java:lambda$new$0(51)) - omNode-1@group-523986131536->omNode-2: nextIndex: updateUnconditionally 242 -> 45
2020-07-01 01:06:02,196 [grpc-default-executor-6] WARN  server.GrpcLogAppender (LogUtils.java:warn(122)) - omNode-1@group-523986131536->omNode-2-AppendLogResponseHandler: Failed appendEntries: org.apache.ratis.thirdparty.io.grpc.StatusRuntimeException: UNAVAILABLE: io exception
2020-07-01 01:06:02,197 [grpc-default-executor-6] INFO  impl.FollowerInfo (FollowerInfo.java:lambda$new$0(51)) - omNode-1@group-523986131536->omNode-2: nextIndex: updateUnconditionally 242 -> 45
2020-07-01 01:06:02,197 [Thread-5057] DEBUG impl.RaftServerImpl (RaftServerImpl.java:logAppendEntries(928)) - omNode-3@group-523986131536: succeeded to handle AppendEntries. Reply: omNode-1<-omNode-3#266:OK,SUCCESS,nextIndex:242,term:1,followerCommit:239
2020-07-01 01:06:02,197 [grpc-default-executor-6] DEBUG server.GrpcLogAppender (GrpcLogAppender.java:onNext(257)) - omNode-1@group-523986131536->omNode-3-AppendLogResponseHandler: received a reply omNode-1<-omNode-3#266:OK,SUCCESS,nextIndex:242,term:1,followerCommit:239, request=AppendEntriesRequest:cid=266,entriesCount=1,lastEntry=(t:1, i:241)
2020-07-01 01:06:02,199 [grpc-default-executor-6] DEBUG impl.RaftServerImpl (RaftServerImpl.java:logAppendEntries(928)) - omNode-3@group-523986131536: receive appendEntries(omNode-1, 1, (t:1, i:241), 241, false, commits[omNode-1:c241, omNode-3:c239, omNode-2:c43], entries: (t:1, i:242), METADATAENTRY(c:241)
2020-07-01 01:06:02,199 [grpc-default-executor-6] INFO  ratis.OzoneManagerStateMachine (OzoneManagerStateMachine.java:getLatestSnapshot(147)) - Latest Snapshot Info 1#199
2020-07-01 01:06:02,199 [grpc-default-executor-6] INFO  ratis.OzoneManagerStateMachine (OzoneManagerStateMachine.java:getLatestSnapshot(147)) - Latest Snapshot Info 1#199
2020-07-01 01:06:02,200 [grpc-default-executor-6] WARN  server.GrpcLogAppender (LogUtils.java:warn(122)) - omNode-1@group-523986131536->omNode-2-AppendLogResponseHandler: Failed appendEntries: org.apache.ratis.thirdparty.io.grpc.StatusRuntimeException: UNAVAILABLE: io exception
2020-07-01 01:06:02,201 [grpc-default-executor-6] INFO  impl.FollowerInfo (FollowerInfo.java:lambda$new$0(51)) - omNode-1@group-523986131536->omNode-2: nextIndex: updateUnconditionally 242 -> 45
2020-07-01 01:06:02,202 [grpc-default-executor-6] WARN  server.GrpcLogAppender (LogUtils.java:warn(122)) - omNode-1@group-523986131536->omNode-2-AppendLogResponseHandler: Failed appendEntries: org.apache.ratis.thirdparty.io.grpc.StatusRuntimeException: UNAVAILABLE: io exception
2020-07-01 01:06:02,203 [grpc-default-executor-6] INFO  impl.FollowerInfo (FollowerInfo.java:lambda$new$0(51)) - omNode-1@group-523986131536->omNode-2: nextIndex: updateUnconditionally 243 -> 45
2020-07-01 01:06:02,204 [grpc-default-executor-6] WARN  server.GrpcLogAppender (LogUtils.java:warn(122)) - omNode-1@group-523986131536->omNode-2-AppendLogResponseHandler: Failed appendEntries: org.apache.ratis.thirdparty.io.grpc.StatusRuntimeException: UNAVAILABLE: io exception
2020-07-01 01:06:02,205 [grpc-default-executor-6] INFO  impl.FollowerInfo (FollowerInfo.java:lambda$new$0(51)) - omNode-1@group-523986131536->omNode-2: nextIndex: updateUnconditionally 243 -> 45
2020-07-01 01:06:02,209 [Thread-5058] DEBUG impl.RaftServerImpl (RaftServerImpl.java:logAppendEntries(928)) - omNode-3@group-523986131536: succeeded to handle AppendEntries. Reply: omNode-1<-omNode-3#267:OK,SUCCESS,nextIndex:243,term:1,followerCommit:241
2020-07-01 01:06:02,209 [grpc-default-executor-6] DEBUG server.GrpcLogAppender (GrpcLogAppender.java:onNext(257)) - omNode-1@group-523986131536->omNode-3-AppendLogResponseHandler: received a reply omNode-1<-omNode-3#267:OK,SUCCESS,nextIndex:243,term:1,followerCommit:241, request=AppendEntriesRequest:cid=267,entriesCount=1,lastEntry=(t:1, i:242)
2020-07-01 01:06:02,210 [grpc-default-executor-7] WARN  server.GrpcLogAppender (LogUtils.java:warn(122)) - omNode-1@group-523986131536->omNode-2-AppendLogResponseHandler: Failed appendEntries: org.apache.ratis.thirdparty.io.grpc.StatusRuntimeException: UNAVAILABLE: io exception
2020-07-01 01:06:02,210 [grpc-default-executor-7] INFO  impl.FollowerInfo (FollowerInfo.java:lambda$new$0(51)) - omNode-1@group-523986131536->omNode-2: nextIndex: updateUnconditionally 243 -> 45
2020-07-01 01:06:02,212 [grpc-default-executor-7] WARN  server.GrpcLogAppender (LogUtils.java:warn(122)) - omNode-1@group-523986131536->omNode-2-AppendLogResponseHandler: Failed appendEntries: org.apache.ratis.thirdparty.io.grpc.StatusRuntimeException: UNAVAILABLE: io exception
2020-07-01 01:06:02,212 [grpc-default-executor-7] INFO  impl.FollowerInfo (FollowerInfo.java:lambda$new$0(51)) - omNode-1@group-523986131536->omNode-2: nextIndex: updateUnconditionally 243 -> 45
2020-07-01 01:06:02,214 [grpc-default-executor-7] WARN  server.GrpcLogAppender (LogUtils.java:warn(122)) - omNode-1@group-523986131536->omNode-2-AppendLogResponseHandler: Failed appendEntries: org.apache.ratis.thirdparty.io.grpc.StatusRuntimeException: UNAVAILABLE: io exception
2020-07-01 01:06:02,214 [grpc-default-executor-7] INFO  impl.FollowerInfo (FollowerInfo.java:lambda$new$0(51)) - omNode-1@group-523986131536->omNode-2: nextIndex: updateUnconditionally 243 -> 45
2020-07-01 01:06:02,216 [grpc-default-executor-7] WARN  server.GrpcLogAppender (LogUtils.java:warn(122)) - omNode-1@group-523986131536->omNode-2-AppendLogResponseHandler: Failed appendEntries: org.apache.ratis.thirdparty.io.grpc.StatusRuntimeException: UNAVAILABLE: io exception
2020-07-01 01:06:02,216 [grpc-default-executor-7] INFO  impl.FollowerInfo (FollowerInfo.java:lambda$new$0(51)) - omNode-1@group-523986131536->omNode-2: nextIndex: updateUnconditionally 243 -> 45
2020-07-01 01:06:02,218 [grpc-default-executor-7] WARN  server.GrpcLogAppender (LogUtils.java:warn(122)) - omNode-1@group-523986131536->omNode-2-AppendLogResponseHandler: Failed appendEntries: org.apache.ratis.thirdparty.io.grpc.StatusRuntimeException: UNAVAILABLE: io exception
2020-07-01 01:06:02,218 [grpc-default-executor-7] INFO  impl.FollowerInfo (FollowerInfo.java:lambda$new$0(51)) - omNode-1@group-523986131536->omNode-2: nextIndex: updateUnconditionally 243 -> 45
2020-07-01 01:06:02,220 [grpc-default-executor-7] WARN  server.GrpcLogAppender (LogUtils.java:warn(122)) - omNode-1@group-523986131536->omNode-2-AppendLogResponseHandler: Failed appendEntries: org.apache.ratis.thirdparty.io.grpc.StatusRuntimeException: UNAVAILABLE: io exception
2020-07-01 01:06:02,220 [grpc-default-executor-7] INFO  impl.FollowerInfo (FollowerInfo.java:lambda$new$0(51)) - omNode-1@group-523986131536->omNode-2: nextIndex: updateUnconditionally 243 -> 45
2020-07-01 01:06:02,222 [grpc-default-executor-7] WARN  server.GrpcLogAppender (LogUtils.java:warn(122)) - omNode-1@group-523986131536->omNode-2-AppendLogResponseHandler: Failed appendEntries: org.apache.ratis.thirdparty.io.grpc.StatusRuntimeException: UNAVAILABLE: io exception
2020-07-01 01:06:02,222 [grpc-default-executor-7] INFO  impl.FollowerInfo (FollowerInfo.java:lambda$new$0(51)) - omNode-1@group-523986131536->omNode-2: nextIndex: updateUnconditionally 243 -> 45
2020-07-01 01:06:02,225 [IPC Server handler 2 on default port 11860] DEBUG impl.RaftServerImpl (RaftServerImpl.java:submitClientRequestAsync(575)) - omNode-1@group-523986131536: receive client request(RaftClientRequest:client-6E5155DBE9B8->omNode-1@group-523986131536, cid=443, seq=0, RW, Message:082412001a13636c6965...(size=360))
2020-07-01 01:06:02,226 [IPC Server handler 2 on default port 11860] DEBUG impl.RaftServerImpl (LeaderState.java:addPendingRequest(335)) - omNode-1@group-523986131536-LeaderState: addPendingRequest at RaftClientRequest:client-6E5155DBE9B8->omNode-1@group-523986131536, cid=443, seq=0, RW, Message:082412001a13636c6965...(size=360), entry=(t:1, i:243), STATEMACHINELOGENTRY, client-6E5155DBE9B8, cid=443
2020-07-01 01:06:02,226 [grpc-default-executor-6] DEBUG impl.RaftServerImpl (RaftServerImpl.java:logAppendEntries(928)) - omNode-3@group-523986131536: receive appendEntries(omNode-1, 1, (t:1, i:242), 242, false, commits[omNode-1:c242, omNode-3:c241, omNode-2:c43], entries: (t:1, i:243), STATEMACHINELOGENTRY, client-6E5155DBE9B8, cid=443
2020-07-01 01:06:02,226 [grpc-default-executor-6] INFO  ratis.OzoneManagerStateMachine (OzoneManagerStateMachine.java:getLatestSnapshot(147)) - Latest Snapshot Info 1#199
2020-07-01 01:06:02,226 [grpc-default-executor-6] INFO  ratis.OzoneManagerStateMachine (OzoneManagerStateMachine.java:getLatestSnapshot(147)) - Latest Snapshot Info 1#199
2020-07-01 01:06:02,227 [grpc-default-executor-6] WARN  server.GrpcLogAppender (LogUtils.java:warn(122)) - omNode-1@group-523986131536->omNode-2-AppendLogResponseHandler: Failed appendEntries: org.apache.ratis.thirdparty.io.grpc.StatusRuntimeException: UNAVAILABLE: io exception
2020-07-01 01:06:02,227 [grpc-default-executor-6] INFO  impl.FollowerInfo (FollowerInfo.java:lambda$new$0(51)) - omNode-1@group-523986131536->omNode-2: nextIndex: updateUnconditionally 243 -> 45
2020-07-01 01:06:02,229 [grpc-default-executor-6] WARN  server.GrpcLogAppender (LogUtils.java:warn(122)) - omNode-1@group-523986131536->omNode-2-AppendLogResponseHandler: Failed appendEntries: org.apache.ratis.thirdparty.io.grpc.StatusRuntimeException: UNAVAILABLE: io exception
2020-07-01 01:06:02,229 [grpc-default-executor-6] INFO  impl.FollowerInfo (FollowerInfo.java:lambda$new$0(51)) - omNode-1@group-523986131536->omNode-2: nextIndex: updateUnconditionally 244 -> 45
2020-07-01 01:06:02,231 [grpc-default-executor-6] WARN  server.GrpcLogAppender (LogUtils.java:warn(122)) - omNode-1@group-523986131536->omNode-2-AppendLogResponseHandler: Failed appendEntries: org.apache.ratis.thirdparty.io.grpc.StatusRuntimeException: UNAVAILABLE: io exception
2020-07-01 01:06:02,231 [Thread-5059] DEBUG impl.RaftServerImpl (RaftServerImpl.java:logAppendEntries(928)) - omNode-3@group-523986131536: succeeded to handle AppendEntries. Reply: omNode-1<-omNode-3#268:OK,SUCCESS,nextIndex:244,term:1,followerCommit:242
2020-07-01 01:06:02,231 [grpc-default-executor-6] INFO  impl.FollowerInfo (FollowerInfo.java:lambda$new$0(51)) - omNode-1@group-523986131536->omNode-2: nextIndex: updateUnconditionally 244 -> 45
2020-07-01 01:06:02,232 [grpc-default-executor-7] DEBUG server.GrpcLogAppender (GrpcLogAppender.java:onNext(257)) - omNode-1@group-523986131536->omNode-3-AppendLogResponseHandler: received a reply omNode-1<-omNode-3#268:OK,SUCCESS,nextIndex:244,term:1,followerCommit:242, request=AppendEntriesRequest:cid=268,entriesCount=1,lastEntry=(t:1, i:243)
2020-07-01 01:06:02,233 [grpc-default-executor-6] DEBUG impl.RaftServerImpl (RaftServerImpl.java:logAppendEntries(928)) - omNode-3@group-523986131536: receive appendEntries(omNode-1, 1, (t:1, i:243), 243, false, commits[omNode-1:c243, omNode-3:c242, omNode-2:c43], entries: (t:1, i:244), METADATAENTRY(c:243)
2020-07-01 01:06:02,233 [grpc-default-executor-6] INFO  ratis.OzoneManagerStateMachine (OzoneManagerStateMachine.java:getLatestSnapshot(147)) - Latest Snapshot Info 1#199
2020-07-01 01:06:02,233 [grpc-default-executor-6] INFO  ratis.OzoneManagerStateMachine (OzoneManagerStateMachine.java:getLatestSnapshot(147)) - Latest Snapshot Info 1#199
2020-07-01 01:06:02,234 [grpc-default-executor-6] WARN  server.GrpcLogAppender (LogUtils.java:warn(122)) - omNode-1@group-523986131536->omNode-2-AppendLogResponseHandler: Failed appendEntries: org.apache.ratis.thirdparty.io.grpc.StatusRuntimeException: UNAVAILABLE: io exception
2020-07-01 01:06:02,235 [grpc-default-executor-6] INFO  impl.FollowerInfo (FollowerInfo.java:lambda$new$0(51)) - omNode-1@group-523986131536->omNode-2: nextIndex: updateUnconditionally 244 -> 45
2020-07-01 01:06:02,237 [grpc-default-executor-6] WARN  server.GrpcLogAppender (LogUtils.java:warn(122)) - omNode-1@group-523986131536->omNode-2-AppendLogResponseHandler: Failed appendEntries: org.apache.ratis.thirdparty.io.grpc.StatusRuntimeException: UNAVAILABLE: io exception
2020-07-01 01:06:02,238 [grpc-default-executor-6] INFO  impl.FollowerInfo (FollowerInfo.java:lambda$new$0(51)) - omNode-1@group-523986131536->omNode-2: nextIndex: updateUnconditionally 245 -> 45
2020-07-01 01:06:02,240 [IPC Server handler 4 on default port 11860] DEBUG impl.RaftServerImpl (RaftServerImpl.java:submitClientRequestAsync(575)) - omNode-1@group-523986131536: receive client request(RaftClientRequest:client-6E5155DBE9B8->omNode-1@group-523986131536, cid=444, seq=0, RW, Message:081f12001a13636c6965...(size=409))
2020-07-01 01:06:02,240 [IPC Server handler 4 on default port 11860] DEBUG impl.RaftServerImpl (LeaderState.java:addPendingRequest(335)) - omNode-1@group-523986131536-LeaderState: addPendingRequest at RaftClientRequest:client-6E5155DBE9B8->omNode-1@group-523986131536, cid=444, seq=0, RW, Message:081f12001a13636c6965...(size=409), entry=(t:1, i:245), STATEMACHINELOGENTRY, client-6E5155DBE9B8, cid=444
2020-07-01 01:06:02,240 [grpc-default-executor-6] DEBUG impl.RaftServerImpl (RaftServerImpl.java:logAppendEntries(928)) - omNode-3@group-523986131536: receive appendEntries(omNode-1, 1, (t:1, i:244), 243, false, commits[omNode-1:c243, omNode-3:c242, omNode-2:c43], entries: (t:1, i:245), STATEMACHINELOGENTRY, client-6E5155DBE9B8, cid=444
2020-07-01 01:06:02,241 [grpc-default-executor-6] INFO  ratis.OzoneManagerStateMachine (OzoneManagerStateMachine.java:getLatestSnapshot(147)) - Latest Snapshot Info 1#199
2020-07-01 01:06:02,241 [grpc-default-executor-6] INFO  ratis.OzoneManagerStateMachine (OzoneManagerStateMachine.java:getLatestSnapshot(147)) - Latest Snapshot Info 1#199
2020-07-01 01:06:02,241 [grpc-default-executor-6] WARN  server.GrpcLogAppender (LogUtils.java:warn(122)) - omNode-1@group-523986131536->omNode-2-AppendLogResponseHandler: Failed appendEntries: org.apache.ratis.thirdparty.io.grpc.StatusRuntimeException: UNAVAILABLE: io exception
2020-07-01 01:06:02,241 [grpc-default-executor-6] INFO  impl.FollowerInfo (FollowerInfo.java:lambda$new$0(51)) - omNode-1@group-523986131536->omNode-2: nextIndex: updateUnconditionally 245 -> 45
2020-07-01 01:06:02,243 [grpc-default-executor-6] WARN  server.GrpcLogAppender (LogUtils.java:warn(122)) - omNode-1@group-523986131536->omNode-2-AppendLogResponseHandler: Failed appendEntries: org.apache.ratis.thirdparty.io.grpc.StatusRuntimeException: UNAVAILABLE: io exception
2020-07-01 01:06:02,243 [grpc-default-executor-6] INFO  impl.FollowerInfo (FollowerInfo.java:lambda$new$0(51)) - omNode-1@group-523986131536->omNode-2: nextIndex: updateUnconditionally 246 -> 45
2020-07-01 01:06:02,245 [grpc-default-executor-6] WARN  server.GrpcLogAppender (LogUtils.java:warn(122)) - omNode-1@group-523986131536->omNode-2-AppendLogResponseHandler: Failed appendEntries: org.apache.ratis.thirdparty.io.grpc.StatusRuntimeException: UNAVAILABLE: io exception
2020-07-01 01:06:02,245 [grpc-default-executor-6] INFO  impl.FollowerInfo (FollowerInfo.java:lambda$new$0(51)) - omNode-1@group-523986131536->omNode-2: nextIndex: updateUnconditionally 246 -> 45
2020-07-01 01:06:02,247 [grpc-default-executor-6] WARN  server.GrpcLogAppender (LogUtils.java:warn(122)) - omNode-1@group-523986131536->omNode-2-AppendLogResponseHandler: Failed appendEntries: org.apache.ratis.thirdparty.io.grpc.StatusRuntimeException: UNAVAILABLE: io exception
2020-07-01 01:06:02,247 [grpc-default-executor-6] INFO  impl.FollowerInfo (FollowerInfo.java:lambda$new$0(51)) - omNode-1@group-523986131536->omNode-2: nextIndex: updateUnconditionally 246 -> 45
2020-07-01 01:06:02,249 [grpc-default-executor-6] WARN  server.GrpcLogAppender (LogUtils.java:warn(122)) - omNode-1@group-523986131536->omNode-2-AppendLogResponseHandler: Failed appendEntries: org.apache.ratis.thirdparty.io.grpc.StatusRuntimeException: UNAVAILABLE: io exception
2020-07-01 01:06:02,249 [grpc-default-executor-6] INFO  impl.FollowerInfo (FollowerInfo.java:lambda$new$0(51)) - omNode-1@group-523986131536->omNode-2: nextIndex: updateUnconditionally 246 -> 45
2020-07-01 01:06:02,251 [Thread-5061] DEBUG impl.RaftServerImpl (RaftServerImpl.java:logAppendEntries(928)) - omNode-3@group-523986131536: succeeded to handle AppendEntries. Reply: omNode-1<-omNode-3#270:OK,SUCCESS,nextIndex:246,term:1,followerCommit:243
2020-07-01 01:06:02,252 [grpc-default-executor-6] WARN  server.GrpcLogAppender (LogUtils.java:warn(122)) - omNode-1@group-523986131536->omNode-2-AppendLogResponseHandler: Failed appendEntries: org.apache.ratis.thirdparty.io.grpc.StatusRuntimeException: UNAVAILABLE: io exception
2020-07-01 01:06:02,252 [grpc-default-executor-6] INFO  impl.FollowerInfo (FollowerInfo.java:lambda$new$0(51)) - omNode-1@group-523986131536->omNode-2: nextIndex: updateUnconditionally 246 -> 45
2020-07-01 01:06:02,253 [Thread-5060] DEBUG impl.RaftServerImpl (RaftServerImpl.java:logAppendEntries(928)) - omNode-3@group-523986131536: succeeded to handle AppendEntries. Reply: omNode-1<-omNode-3#269:OK,SUCCESS,nextIndex:245,term:1,followerCommit:243
2020-07-01 01:06:02,254 [grpc-default-executor-6] DEBUG server.GrpcLogAppender (GrpcLogAppender.java:onNext(257)) - omNode-1@group-523986131536->omNode-3-AppendLogResponseHandler: received a reply omNode-1<-omNode-3#269:OK,SUCCESS,nextIndex:245,term:1,followerCommit:243, request=AppendEntriesRequest:cid=269,entriesCount=1,lastEntry=(t:1, i:244)
2020-07-01 01:06:02,254 [grpc-default-executor-6] DEBUG server.GrpcLogAppender (GrpcLogAppender.java:onNext(257)) - omNode-1@group-523986131536->omNode-3-AppendLogResponseHandler: received a reply omNode-1<-omNode-3#270:OK,SUCCESS,nextIndex:246,term:1,followerCommit:243, request=AppendEntriesRequest:cid=270,entriesCount=1,lastEntry=(t:1, i:245)
2020-07-01 01:06:02,255 [grpc-default-executor-6] WARN  server.GrpcLogAppender (LogUtils.java:warn(122)) - omNode-1@group-523986131536->omNode-2-AppendLogResponseHandler: Failed appendEntries: org.apache.ratis.thirdparty.io.grpc.StatusRuntimeException: UNAVAILABLE: io exception
2020-07-01 01:06:02,255 [grpc-default-executor-6] INFO  impl.FollowerInfo (FollowerInfo.java:lambda$new$0(51)) - omNode-1@group-523986131536->omNode-2: nextIndex: updateUnconditionally 246 -> 45
2020-07-01 01:06:02,258 [grpc-default-executor-6] DEBUG impl.RaftServerImpl (RaftServerImpl.java:logAppendEntries(928)) - omNode-3@group-523986131536: receive appendEntries(omNode-1, 1, (t:1, i:245), 245, false, commits[omNode-1:c245, omNode-3:c243, omNode-2:c43], entries: (t:1, i:246), METADATAENTRY(c:245)
2020-07-01 01:06:02,258 [grpc-default-executor-6] INFO  ratis.OzoneManagerStateMachine (OzoneManagerStateMachine.java:getLatestSnapshot(147)) - Latest Snapshot Info 1#199
2020-07-01 01:06:02,258 [grpc-default-executor-6] INFO  ratis.OzoneManagerStateMachine (OzoneManagerStateMachine.java:getLatestSnapshot(147)) - Latest Snapshot Info 1#199
2020-07-01 01:06:02,261 [grpc-default-executor-6] WARN  server.GrpcLogAppender (LogUtils.java:warn(122)) - omNode-1@group-523986131536->omNode-2-AppendLogResponseHandler: Failed appendEntries: org.apache.ratis.thirdparty.io.grpc.StatusRuntimeException: UNAVAILABLE: io exception
2020-07-01 01:06:02,262 [grpc-default-executor-6] INFO  impl.FollowerInfo (FollowerInfo.java:lambda$new$0(51)) - omNode-1@group-523986131536->omNode-2: nextIndex: updateUnconditionally 247 -> 45
2020-07-01 01:06:02,263 [Thread-5062] DEBUG impl.RaftServerImpl (RaftServerImpl.java:logAppendEntries(928)) - omNode-3@group-523986131536: succeeded to handle AppendEntries. Reply: omNode-1<-omNode-3#271:OK,SUCCESS,nextIndex:247,term:1,followerCommit:245
2020-07-01 01:06:02,264 [grpc-default-executor-6] DEBUG server.GrpcLogAppender (GrpcLogAppender.java:onNext(257)) - omNode-1@group-523986131536->omNode-3-AppendLogResponseHandler: received a reply omNode-1<-omNode-3#271:OK,SUCCESS,nextIndex:247,term:1,followerCommit:245, request=AppendEntriesRequest:cid=271,entriesCount=1,lastEntry=(t:1, i:246)
2020-07-01 01:06:02,265 [grpc-default-executor-6] WARN  server.GrpcLogAppender (LogUtils.java:warn(122)) - omNode-1@group-523986131536->omNode-2-AppendLogResponseHandler: Failed appendEntries: org.apache.ratis.thirdparty.io.grpc.StatusRuntimeException: UNAVAILABLE: io exception
2020-07-01 01:06:02,265 [grpc-default-executor-6] INFO  impl.FollowerInfo (FollowerInfo.java:lambda$new$0(51)) - omNode-1@group-523986131536->omNode-2: nextIndex: updateUnconditionally 247 -> 45
2020-07-01 01:06:02,266 [grpc-default-executor-6] WARN  server.GrpcLogAppender (LogUtils.java:warn(122)) - omNode-1@group-523986131536->omNode-2-AppendLogResponseHandler: Failed appendEntries: org.apache.ratis.thirdparty.io.grpc.StatusRuntimeException: UNAVAILABLE: io exception
2020-07-01 01:06:02,267 [grpc-default-executor-6] INFO  impl.FollowerInfo (FollowerInfo.java:lambda$new$0(51)) - omNode-1@group-523986131536->omNode-2: nextIndex: updateUnconditionally 247 -> 45
2020-07-01 01:06:02,268 [grpc-default-executor-6] WARN  server.GrpcLogAppender (LogUtils.java:warn(122)) - omNode-1@group-523986131536->omNode-2-AppendLogResponseHandler: Failed appendEntries: org.apache.ratis.thirdparty.io.grpc.StatusRuntimeException: UNAVAILABLE: io exception
2020-07-01 01:06:02,269 [grpc-default-executor-6] INFO  impl.FollowerInfo (FollowerInfo.java:lambda$new$0(51)) - omNode-1@group-523986131536->omNode-2: nextIndex: updateUnconditionally 247 -> 45
2020-07-01 01:06:02,272 [grpc-default-executor-8] WARN  server.GrpcLogAppender (LogUtils.java:warn(122)) - omNode-1@group-523986131536->omNode-2-AppendLogResponseHandler: Failed appendEntries: org.apache.ratis.thirdparty.io.grpc.StatusRuntimeException: UNAVAILABLE: io exception
2020-07-01 01:06:02,272 [grpc-default-executor-8] INFO  impl.FollowerInfo (FollowerInfo.java:lambda$new$0(51)) - omNode-1@group-523986131536->omNode-2: nextIndex: updateUnconditionally 247 -> 45
2020-07-01 01:06:02,273 [IPC Server handler 6 on default port 11860] DEBUG impl.RaftServerImpl (RaftServerImpl.java:submitClientRequestAsync(575)) - omNode-1@group-523986131536: receive client request(RaftClientRequest:client-6E5155DBE9B8->omNode-1@group-523986131536, cid=445, seq=0, RW, Message:082412001a13636c6965...(size=360))
2020-07-01 01:06:02,274 [IPC Server handler 6 on default port 11860] DEBUG impl.RaftServerImpl (LeaderState.java:addPendingRequest(335)) - omNode-1@group-523986131536-LeaderState: addPendingRequest at RaftClientRequest:client-6E5155DBE9B8->omNode-1@group-523986131536, cid=445, seq=0, RW, Message:082412001a13636c6965...(size=360), entry=(t:1, i:247), STATEMACHINELOGENTRY, client-6E5155DBE9B8, cid=445
2020-07-01 01:06:02,274 [grpc-default-executor-8] DEBUG impl.RaftServerImpl (RaftServerImpl.java:logAppendEntries(928)) - omNode-3@group-523986131536: receive appendEntries(omNode-1, 1, (t:1, i:246), 246, false, commits[omNode-1:c246, omNode-3:c245, omNode-2:c43], entries: (t:1, i:247), STATEMACHINELOGENTRY, client-6E5155DBE9B8, cid=445
2020-07-01 01:06:02,274 [grpc-default-executor-8] INFO  ratis.OzoneManagerStateMachine (OzoneManagerStateMachine.java:getLatestSnapshot(147)) - Latest Snapshot Info 1#199
2020-07-01 01:06:02,274 [grpc-default-executor-8] INFO  ratis.OzoneManagerStateMachine (OzoneManagerStateMachine.java:getLatestSnapshot(147)) - Latest Snapshot Info 1#199
2020-07-01 01:06:02,276 [grpc-default-executor-6] WARN  server.GrpcLogAppender (LogUtils.java:warn(122)) - omNode-1@group-523986131536->omNode-2-AppendLogResponseHandler: Failed appendEntries: org.apache.ratis.thirdparty.io.grpc.StatusRuntimeException: UNAVAILABLE: io exception
2020-07-01 01:06:02,276 [grpc-default-executor-6] INFO  impl.FollowerInfo (FollowerInfo.java:lambda$new$0(51)) - omNode-1@group-523986131536->omNode-2: nextIndex: updateUnconditionally 248 -> 45
2020-07-01 01:06:02,281 [Thread-5063] DEBUG impl.RaftServerImpl (RaftServerImpl.java:logAppendEntries(928)) - omNode-3@group-523986131536: succeeded to handle AppendEntries. Reply: omNode-1<-omNode-3#272:OK,SUCCESS,nextIndex:248,term:1,followerCommit:246
2020-07-01 01:06:02,281 [grpc-default-executor-6] DEBUG server.GrpcLogAppender (GrpcLogAppender.java:onNext(257)) - omNode-1@group-523986131536->omNode-3-AppendLogResponseHandler: received a reply omNode-1<-omNode-3#272:OK,SUCCESS,nextIndex:248,term:1,followerCommit:246, request=AppendEntriesRequest:cid=272,entriesCount=1,lastEntry=(t:1, i:247)
2020-07-01 01:06:02,282 [grpc-default-executor-6] DEBUG impl.RaftServerImpl (RaftServerImpl.java:logAppendEntries(928)) - omNode-3@group-523986131536: receive appendEntries(omNode-1, 1, (t:1, i:247), 247, false, commits[omNode-1:c247, omNode-3:c246, omNode-2:c43], entries: (t:1, i:248), METADATAENTRY(c:247)
2020-07-01 01:06:02,283 [grpc-default-executor-6] INFO  ratis.OzoneManagerStateMachine (OzoneManagerStateMachine.java:getLatestSnapshot(147)) - Latest Snapshot Info 1#199
2020-07-01 01:06:02,283 [grpc-default-executor-6] INFO  ratis.OzoneManagerStateMachine (OzoneManagerStateMachine.java:getLatestSnapshot(147)) - Latest Snapshot Info 1#199
2020-07-01 01:06:02,284 [IPC Server handler 7 on default port 11860] DEBUG impl.RaftServerImpl (RaftServerImpl.java:submitClientRequestAsync(575)) - omNode-1@group-523986131536: receive client request(RaftClientRequest:client-6E5155DBE9B8->omNode-1@group-523986131536, cid=446, seq=0, RW, Message:081f12001a13636c6965...(size=409))
2020-07-01 01:06:02,285 [IPC Server handler 7 on default port 11860] DEBUG impl.RaftServerImpl (LeaderState.java:addPendingRequest(335)) - omNode-1@group-523986131536-LeaderState: addPendingRequest at RaftClientRequest:client-6E5155DBE9B8->omNode-1@group-523986131536, cid=446, seq=0, RW, Message:081f12001a13636c6965...(size=409), entry=(t:1, i:249), STATEMACHINELOGENTRY, client-6E5155DBE9B8, cid=446
2020-07-01 01:06:02,285 [grpc-default-executor-6] DEBUG impl.RaftServerImpl (RaftServerImpl.java:logAppendEntries(928)) - omNode-3@group-523986131536: receive appendEntries(omNode-1, 1, (t:1, i:248), 247, false, commits[omNode-1:c247, omNode-3:c246, omNode-2:c43], entries: (t:1, i:249), STATEMACHINELOGENTRY, client-6E5155DBE9B8, cid=446
2020-07-01 01:06:02,285 [grpc-default-executor-6] INFO  ratis.OzoneManagerStateMachine (OzoneManagerStateMachine.java:getLatestSnapshot(147)) - Latest Snapshot Info 1#199
2020-07-01 01:06:02,285 [grpc-default-executor-6] INFO  ratis.OzoneManagerStateMachine (OzoneManagerStateMachine.java:getLatestSnapshot(147)) - Latest Snapshot Info 1#199
2020-07-01 01:06:02,286 [grpc-default-executor-6] WARN  server.GrpcLogAppender (LogUtils.java:warn(122)) - omNode-1@group-523986131536->omNode-2-AppendLogResponseHandler: Failed appendEntries: org.apache.ratis.thirdparty.io.grpc.StatusRuntimeException: UNAVAILABLE: io exception
2020-07-01 01:06:02,287 [grpc-default-executor-6] INFO  impl.FollowerInfo (FollowerInfo.java:lambda$new$0(51)) - omNode-1@group-523986131536->omNode-2: nextIndex: updateUnconditionally 249 -> 45
2020-07-01 01:06:02,288 [grpc-default-executor-6] WARN  server.GrpcLogAppender (LogUtils.java:warn(122)) - omNode-1@group-523986131536->omNode-2-AppendLogResponseHandler: Failed appendEntries: org.apache.ratis.thirdparty.io.grpc.StatusRuntimeException: UNAVAILABLE: io exception
2020-07-01 01:06:02,289 [grpc-default-executor-6] INFO  impl.FollowerInfo (FollowerInfo.java:lambda$new$0(51)) - omNode-1@group-523986131536->omNode-2: nextIndex: updateUnconditionally 250 -> 45
2020-07-01 01:06:02,290 [grpc-default-executor-6] WARN  server.GrpcLogAppender (LogUtils.java:warn(122)) - omNode-1@group-523986131536->omNode-2-AppendLogResponseHandler: Failed appendEntries: org.apache.ratis.thirdparty.io.grpc.StatusRuntimeException: UNAVAILABLE: io exception
2020-07-01 01:06:02,290 [grpc-default-executor-6] INFO  impl.FollowerInfo (FollowerInfo.java:lambda$new$0(51)) - omNode-1@group-523986131536->omNode-2: nextIndex: updateUnconditionally 250 -> 45
2020-07-01 01:06:02,292 [grpc-default-executor-6] WARN  server.GrpcLogAppender (LogUtils.java:warn(122)) - omNode-1@group-523986131536->omNode-2-AppendLogResponseHandler: Failed appendEntries: org.apache.ratis.thirdparty.io.grpc.StatusRuntimeException: UNAVAILABLE: io exception
2020-07-01 01:06:02,292 [grpc-default-executor-6] INFO  impl.FollowerInfo (FollowerInfo.java:lambda$new$0(51)) - omNode-1@group-523986131536->omNode-2: nextIndex: updateUnconditionally 250 -> 45
2020-07-01 01:06:02,294 [grpc-default-executor-6] WARN  server.GrpcLogAppender (LogUtils.java:warn(122)) - omNode-1@group-523986131536->omNode-2-AppendLogResponseHandler: Failed appendEntries: org.apache.ratis.thirdparty.io.grpc.StatusRuntimeException: UNAVAILABLE: io exception
2020-07-01 01:06:02,294 [grpc-default-executor-6] INFO  impl.FollowerInfo (FollowerInfo.java:lambda$new$0(51)) - omNode-1@group-523986131536->omNode-2: nextIndex: updateUnconditionally 250 -> 45
2020-07-01 01:06:02,295 [Thread-5065] DEBUG impl.RaftServerImpl (RaftServerImpl.java:logAppendEntries(928)) - omNode-3@group-523986131536: succeeded to handle AppendEntries. Reply: omNode-1<-omNode-3#274:OK,SUCCESS,nextIndex:250,term:1,followerCommit:247
2020-07-01 01:06:02,296 [Thread-5064] DEBUG impl.RaftServerImpl (RaftServerImpl.java:logAppendEntries(928)) - omNode-3@group-523986131536: succeeded to handle AppendEntries. Reply: omNode-1<-omNode-3#273:OK,SUCCESS,nextIndex:249,term:1,followerCommit:247
2020-07-01 01:06:02,296 [grpc-default-executor-6] DEBUG server.GrpcLogAppender (GrpcLogAppender.java:onNext(257)) - omNode-1@group-523986131536->omNode-3-AppendLogResponseHandler: received a reply omNode-1<-omNode-3#273:OK,SUCCESS,nextIndex:249,term:1,followerCommit:247, request=AppendEntriesRequest:cid=273,entriesCount=1,lastEntry=(t:1, i:248)
2020-07-01 01:06:02,296 [grpc-default-executor-6] DEBUG server.GrpcLogAppender (GrpcLogAppender.java:onNext(257)) - omNode-1@group-523986131536->omNode-3-AppendLogResponseHandler: received a reply omNode-1<-omNode-3#274:OK,SUCCESS,nextIndex:250,term:1,followerCommit:247, request=AppendEntriesRequest:cid=274,entriesCount=1,lastEntry=(t:1, i:249)
2020-07-01 01:06:02,297 [grpc-default-executor-6] WARN  server.GrpcLogAppender (LogUtils.java:warn(122)) - omNode-1@group-523986131536->omNode-2-AppendLogResponseHandler: Failed appendEntries: org.apache.ratis.thirdparty.io.grpc.StatusRuntimeException: UNAVAILABLE: io exception
2020-07-01 01:06:02,297 [omNode-1@group-523986131536-StateMachineUpdater] INFO  ratis.OzoneManagerStateMachine (OzoneManagerStateMachine.java:takeSnapshot(355)) - Current Snapshot Index (t:1, i:248)
2020-07-01 01:06:02,297 [grpc-default-executor-6] INFO  impl.FollowerInfo (FollowerInfo.java:lambda$new$0(51)) - omNode-1@group-523986131536->omNode-2: nextIndex: updateUnconditionally 250 -> 45
2020-07-01 01:06:02,297 [omNode-1@group-523986131536-StateMachineUpdater] INFO  impl.StateMachineUpdater (StateMachineUpdater.java:takeSnapshot(277)) - omNode-1@group-523986131536-StateMachineUpdater: Took a snapshot at index 248
2020-07-01 01:06:02,297 [omNode-1@group-523986131536-StateMachineUpdater] INFO  impl.StateMachineUpdater (StateMachineUpdater.java:lambda$new$0(87)) - omNode-1@group-523986131536-StateMachineUpdater: snapshotIndex: updateIncreasingly 198 -> 248
2020-07-01 01:06:02,298 [grpc-default-executor-6] DEBUG impl.RaftServerImpl (RaftServerImpl.java:logAppendEntries(928)) - omNode-3@group-523986131536: receive appendEntries(omNode-1, 1, (t:1, i:249), 249, false, commits[omNode-1:c249, omNode-3:c247, omNode-2:c43], entries: (t:1, i:250), METADATAENTRY(c:249)
2020-07-01 01:06:02,298 [grpc-default-executor-6] INFO  ratis.OzoneManagerStateMachine (OzoneManagerStateMachine.java:getLatestSnapshot(147)) - Latest Snapshot Info 1#199
2020-07-01 01:06:02,298 [grpc-default-executor-6] INFO  ratis.OzoneManagerStateMachine (OzoneManagerStateMachine.java:getLatestSnapshot(147)) - Latest Snapshot Info 1#199
2020-07-01 01:06:02,301 [grpc-default-executor-6] WARN  server.GrpcLogAppender (LogUtils.java:warn(122)) - omNode-1@group-523986131536->omNode-2-AppendLogResponseHandler: Failed appendEntries: org.apache.ratis.thirdparty.io.grpc.StatusRuntimeException: UNAVAILABLE: io exception
2020-07-01 01:06:02,302 [grpc-default-executor-6] INFO  impl.FollowerInfo (FollowerInfo.java:lambda$new$0(51)) - omNode-1@group-523986131536->omNode-2: nextIndex: updateUnconditionally 251 -> 45
2020-07-01 01:06:02,302 [omNode-3@group-523986131536-StateMachineUpdater] INFO  ratis.OzoneManagerStateMachine (OzoneManagerStateMachine.java:takeSnapshot(355)) - Current Snapshot Index (t:1, i:249)
2020-07-01 01:06:02,302 [omNode-3@group-523986131536-StateMachineUpdater] INFO  impl.StateMachineUpdater (StateMachineUpdater.java:takeSnapshot(277)) - omNode-3@group-523986131536-StateMachineUpdater: Took a snapshot at index 249
2020-07-01 01:06:02,302 [omNode-3@group-523986131536-StateMachineUpdater] INFO  impl.StateMachineUpdater (StateMachineUpdater.java:lambda$new$0(87)) - omNode-3@group-523986131536-StateMachineUpdater: snapshotIndex: updateIncreasingly 199 -> 249
2020-07-01 01:06:02,302 [Thread-5066] DEBUG impl.RaftServerImpl (RaftServerImpl.java:logAppendEntries(928)) - omNode-3@group-523986131536: succeeded to handle AppendEntries. Reply: omNode-1<-omNode-3#275:OK,SUCCESS,nextIndex:251,term:1,followerCommit:249
2020-07-01 01:06:02,302 [grpc-default-executor-6] DEBUG server.GrpcLogAppender (GrpcLogAppender.java:onNext(257)) - omNode-1@group-523986131536->omNode-3-AppendLogResponseHandler: received a reply omNode-1<-omNode-3#275:OK,SUCCESS,nextIndex:251,term:1,followerCommit:249, request=AppendEntriesRequest:cid=275,entriesCount=1,lastEntry=(t:1, i:250)
2020-07-01 01:06:02,304 [grpc-default-executor-6] WARN  server.GrpcLogAppender (LogUtils.java:warn(122)) - omNode-1@group-523986131536->omNode-2-AppendLogResponseHandler: Failed appendEntries: org.apache.ratis.thirdparty.io.grpc.StatusRuntimeException: UNAVAILABLE: io exception
2020-07-01 01:06:02,304 [grpc-default-executor-6] INFO  impl.FollowerInfo (FollowerInfo.java:lambda$new$0(51)) - omNode-1@group-523986131536->omNode-2: nextIndex: updateUnconditionally 251 -> 45
2020-07-01 01:06:02,306 [grpc-default-executor-6] WARN  server.GrpcLogAppender (LogUtils.java:warn(122)) - omNode-1@group-523986131536->omNode-2-AppendLogResponseHandler: Failed appendEntries: org.apache.ratis.thirdparty.io.grpc.StatusRuntimeException: UNAVAILABLE: io exception
2020-07-01 01:06:02,306 [grpc-default-executor-6] INFO  impl.FollowerInfo (FollowerInfo.java:lambda$new$0(51)) - omNode-1@group-523986131536->omNode-2: nextIndex: updateUnconditionally 251 -> 45
2020-07-01 01:06:02,308 [grpc-default-executor-6] WARN  server.GrpcLogAppender (LogUtils.java:warn(122)) - omNode-1@group-523986131536->omNode-2-AppendLogResponseHandler: Failed appendEntries: org.apache.ratis.thirdparty.io.grpc.StatusRuntimeException: UNAVAILABLE: io exception
2020-07-01 01:06:02,308 [grpc-default-executor-6] INFO  impl.FollowerInfo (FollowerInfo.java:lambda$new$0(51)) - omNode-1@group-523986131536->omNode-2: nextIndex: updateUnconditionally 251 -> 45
2020-07-01 01:06:02,309 [grpc-default-executor-6] WARN  server.GrpcLogAppender (LogUtils.java:warn(122)) - omNode-1@group-523986131536->omNode-2-AppendLogResponseHandler: Failed appendEntries: org.apache.ratis.thirdparty.io.grpc.StatusRuntimeException: UNAVAILABLE: io exception
2020-07-01 01:06:02,309 [grpc-default-executor-6] INFO  impl.FollowerInfo (FollowerInfo.java:lambda$new$0(51)) - omNode-1@group-523986131536->omNode-2: nextIndex: updateUnconditionally 251 -> 45
2020-07-01 01:06:02,311 [grpc-default-executor-6] WARN  server.GrpcLogAppender (LogUtils.java:warn(122)) - omNode-1@group-523986131536->omNode-2-AppendLogResponseHandler: Failed appendEntries: org.apache.ratis.thirdparty.io.grpc.StatusRuntimeException: UNAVAILABLE: io exception
2020-07-01 01:06:02,311 [grpc-default-executor-6] INFO  impl.FollowerInfo (FollowerInfo.java:lambda$new$0(51)) - omNode-1@group-523986131536->omNode-2: nextIndex: updateUnconditionally 251 -> 45
2020-07-01 01:06:02,312 [grpc-default-executor-6] WARN  server.GrpcLogAppender (LogUtils.java:warn(122)) - omNode-1@group-523986131536->omNode-2-AppendLogResponseHandler: Failed appendEntries: org.apache.ratis.thirdparty.io.grpc.StatusRuntimeException: UNAVAILABLE: io exception
2020-07-01 01:06:02,313 [grpc-default-executor-6] INFO  impl.FollowerInfo (FollowerInfo.java:lambda$new$0(51)) - omNode-1@group-523986131536->omNode-2: nextIndex: updateUnconditionally 251 -> 45
2020-07-01 01:06:02,315 [IPC Server handler 8 on default port 11860] DEBUG impl.RaftServerImpl (RaftServerImpl.java:submitClientRequestAsync(575)) - omNode-1@group-523986131536: receive client request(RaftClientRequest:client-6E5155DBE9B8->omNode-1@group-523986131536, cid=447, seq=0, RW, Message:082412001a13636c6965...(size=360))
2020-07-01 01:06:02,315 [IPC Server handler 8 on default port 11860] DEBUG impl.RaftServerImpl (LeaderState.java:addPendingRequest(335)) - omNode-1@group-523986131536-LeaderState: addPendingRequest at RaftClientRequest:client-6E5155DBE9B8->omNode-1@group-523986131536, cid=447, seq=0, RW, Message:082412001a13636c6965...(size=360), entry=(t:1, i:251), STATEMACHINELOGENTRY, client-6E5155DBE9B8, cid=447
2020-07-01 01:06:02,316 [grpc-default-executor-8] DEBUG impl.RaftServerImpl (RaftServerImpl.java:logAppendEntries(928)) - omNode-3@group-523986131536: receive appendEntries(omNode-1, 1, (t:1, i:250), 250, false, commits[omNode-1:c250, omNode-3:c249, omNode-2:c43], entries: (t:1, i:251), STATEMACHINELOGENTRY, client-6E5155DBE9B8, cid=447
2020-07-01 01:06:02,316 [grpc-default-executor-8] INFO  ratis.OzoneManagerStateMachine (OzoneManagerStateMachine.java:getLatestSnapshot(147)) - Latest Snapshot Info 1#249
2020-07-01 01:06:02,316 [grpc-default-executor-8] INFO  ratis.OzoneManagerStateMachine (OzoneManagerStateMachine.java:getLatestSnapshot(147)) - Latest Snapshot Info 1#249
2020-07-01 01:06:02,316 [grpc-default-executor-8] WARN  server.GrpcLogAppender (LogUtils.java:warn(122)) - omNode-1@group-523986131536->omNode-2-AppendLogResponseHandler: Failed appendEntries: org.apache.ratis.thirdparty.io.grpc.StatusRuntimeException: UNAVAILABLE: io exception
2020-07-01 01:06:02,316 [grpc-default-executor-8] INFO  impl.FollowerInfo (FollowerInfo.java:lambda$new$0(51)) - omNode-1@group-523986131536->omNode-2: nextIndex: updateUnconditionally 251 -> 45
2020-07-01 01:06:02,318 [grpc-default-executor-8] WARN  server.GrpcLogAppender (LogUtils.java:warn(122)) - omNode-1@group-523986131536->omNode-2-AppendLogResponseHandler: Failed appendEntries: org.apache.ratis.thirdparty.io.grpc.StatusRuntimeException: UNAVAILABLE: io exception
2020-07-01 01:06:02,318 [grpc-default-executor-8] INFO  impl.FollowerInfo (FollowerInfo.java:lambda$new$0(51)) - omNode-1@group-523986131536->omNode-2: nextIndex: updateUnconditionally 252 -> 45
2020-07-01 01:06:02,320 [grpc-default-executor-8] WARN  server.GrpcLogAppender (LogUtils.java:warn(122)) - omNode-1@group-523986131536->omNode-2-AppendLogResponseHandler: Failed appendEntries: org.apache.ratis.thirdparty.io.grpc.StatusRuntimeException: UNAVAILABLE: io exception
2020-07-01 01:06:02,320 [grpc-default-executor-8] INFO  impl.FollowerInfo (FollowerInfo.java:lambda$new$0(51)) - omNode-1@group-523986131536->omNode-2: nextIndex: updateUnconditionally 252 -> 45
2020-07-01 01:06:02,322 [grpc-default-executor-8] WARN  server.GrpcLogAppender (LogUtils.java:warn(122)) - omNode-1@group-523986131536->omNode-2-AppendLogResponseHandler: Failed appendEntries: org.apache.ratis.thirdparty.io.grpc.StatusRuntimeException: UNAVAILABLE: io exception
2020-07-01 01:06:02,322 [grpc-default-executor-8] INFO  impl.FollowerInfo (FollowerInfo.java:lambda$new$0(51)) - omNode-1@group-523986131536->omNode-2: nextIndex: updateUnconditionally 252 -> 45
2020-07-01 01:06:02,323 [grpc-default-executor-8] WARN  server.GrpcLogAppender (LogUtils.java:warn(122)) - omNode-1@group-523986131536->omNode-2-AppendLogResponseHandler: Failed appendEntries: org.apache.ratis.thirdparty.io.grpc.StatusRuntimeException: UNAVAILABLE: io exception
2020-07-01 01:06:02,324 [grpc-default-executor-8] INFO  impl.FollowerInfo (FollowerInfo.java:lambda$new$0(51)) - omNode-1@group-523986131536->omNode-2: nextIndex: updateUnconditionally 252 -> 45
2020-07-01 01:06:02,325 [Thread-5067] DEBUG impl.RaftServerImpl (RaftServerImpl.java:logAppendEntries(928)) - omNode-3@group-523986131536: succeeded to handle AppendEntries. Reply: omNode-1<-omNode-3#276:OK,SUCCESS,nextIndex:252,term:1,followerCommit:250
2020-07-01 01:06:02,325 [grpc-default-executor-8] DEBUG server.GrpcLogAppender (GrpcLogAppender.java:onNext(257)) - omNode-1@group-523986131536->omNode-3-AppendLogResponseHandler: received a reply omNode-1<-omNode-3#276:OK,SUCCESS,nextIndex:252,term:1,followerCommit:250, request=AppendEntriesRequest:cid=276,entriesCount=1,lastEntry=(t:1, i:251)
2020-07-01 01:06:02,326 [grpc-default-executor-8] DEBUG impl.RaftServerImpl (RaftServerImpl.java:logAppendEntries(928)) - omNode-3@group-523986131536: receive appendEntries(omNode-1, 1, (t:1, i:251), 251, false, commits[omNode-1:c251, omNode-3:c250, omNode-2:c43], entries: (t:1, i:252), METADATAENTRY(c:251)
2020-07-01 01:06:02,326 [grpc-default-executor-8] INFO  ratis.OzoneManagerStateMachine (OzoneManagerStateMachine.java:getLatestSnapshot(147)) - Latest Snapshot Info 1#249
2020-07-01 01:06:02,326 [grpc-default-executor-8] INFO  ratis.OzoneManagerStateMachine (OzoneManagerStateMachine.java:getLatestSnapshot(147)) - Latest Snapshot Info 1#249
2020-07-01 01:06:02,327 [grpc-default-executor-8] WARN  server.GrpcLogAppender (LogUtils.java:warn(122)) - omNode-1@group-523986131536->omNode-2-AppendLogResponseHandler: Failed appendEntries: org.apache.ratis.thirdparty.io.grpc.StatusRuntimeException: UNAVAILABLE: io exception
2020-07-01 01:06:02,327 [grpc-default-executor-8] INFO  impl.FollowerInfo (FollowerInfo.java:lambda$new$0(51)) - omNode-1@group-523986131536->omNode-2: nextIndex: updateUnconditionally 252 -> 45
2020-07-01 01:06:02,329 [IPC Server handler 10 on default port 11860] DEBUG impl.RaftServerImpl (RaftServerImpl.java:submitClientRequestAsync(575)) - omNode-1@group-523986131536: receive client request(RaftClientRequest:client-6E5155DBE9B8->omNode-1@group-523986131536, cid=448, seq=0, RW, Message:081f12001a13636c6965...(size=409))
2020-07-01 01:06:02,329 [IPC Server handler 10 on default port 11860] DEBUG impl.RaftServerImpl (LeaderState.java:addPendingRequest(335)) - omNode-1@group-523986131536-LeaderState: addPendingRequest at RaftClientRequest:client-6E5155DBE9B8->omNode-1@group-523986131536, cid=448, seq=0, RW, Message:081f12001a13636c6965...(size=409), entry=(t:1, i:253), STATEMACHINELOGENTRY, client-6E5155DBE9B8, cid=448
2020-07-01 01:06:02,330 [grpc-default-executor-8] DEBUG impl.RaftServerImpl (RaftServerImpl.java:logAppendEntries(928)) - omNode-3@group-523986131536: receive appendEntries(omNode-1, 1, (t:1, i:252), 251, false, commits[omNode-1:c251, omNode-3:c250, omNode-2:c43], entries: (t:1, i:253), STATEMACHINELOGENTRY, client-6E5155DBE9B8, cid=448
2020-07-01 01:06:02,330 [grpc-default-executor-8] INFO  ratis.OzoneManagerStateMachine (OzoneManagerStateMachine.java:getLatestSnapshot(147)) - Latest Snapshot Info 1#249
2020-07-01 01:06:02,330 [grpc-default-executor-8] INFO  ratis.OzoneManagerStateMachine (OzoneManagerStateMachine.java:getLatestSnapshot(147)) - Latest Snapshot Info 1#249
2020-07-01 01:06:02,331 [grpc-default-executor-8] WARN  server.GrpcLogAppender (LogUtils.java:warn(122)) - omNode-1@group-523986131536->omNode-2-AppendLogResponseHandler: Failed appendEntries: org.apache.ratis.thirdparty.io.grpc.StatusRuntimeException: UNAVAILABLE: io exception
2020-07-01 01:06:02,331 [grpc-default-executor-8] INFO  impl.FollowerInfo (FollowerInfo.java:lambda$new$0(51)) - omNode-1@group-523986131536->omNode-2: nextIndex: updateUnconditionally 253 -> 45
2020-07-01 01:06:02,333 [grpc-default-executor-8] WARN  server.GrpcLogAppender (LogUtils.java:warn(122)) - omNode-1@group-523986131536->omNode-2-AppendLogResponseHandler: Failed appendEntries: org.apache.ratis.thirdparty.io.grpc.StatusRuntimeException: UNAVAILABLE: io exception
2020-07-01 01:06:02,333 [grpc-default-executor-8] INFO  impl.FollowerInfo (FollowerInfo.java:lambda$new$0(51)) - omNode-1@group-523986131536->omNode-2: nextIndex: updateUnconditionally 254 -> 45
2020-07-01 01:06:02,335 [grpc-default-executor-8] WARN  server.GrpcLogAppender (LogUtils.java:warn(122)) - omNode-1@group-523986131536->omNode-2-AppendLogResponseHandler: Failed appendEntries: org.apache.ratis.thirdparty.io.grpc.StatusRuntimeException: UNAVAILABLE: io exception
2020-07-01 01:06:02,335 [grpc-default-executor-8] INFO  impl.FollowerInfo (FollowerInfo.java:lambda$new$0(51)) - omNode-1@group-523986131536->omNode-2: nextIndex: updateUnconditionally 254 -> 45
2020-07-01 01:06:02,336 [grpc-default-executor-8] WARN  server.GrpcLogAppender (LogUtils.java:warn(122)) - omNode-1@group-523986131536->omNode-2-AppendLogResponseHandler: Failed appendEntries: org.apache.ratis.thirdparty.io.grpc.StatusRuntimeException: UNAVAILABLE: io exception
2020-07-01 01:06:02,336 [grpc-default-executor-8] INFO  impl.FollowerInfo (FollowerInfo.java:lambda$new$0(51)) - omNode-1@group-523986131536->omNode-2: nextIndex: updateUnconditionally 254 -> 45
2020-07-01 01:06:02,337 [Thread-5068] DEBUG impl.RaftServerImpl (RaftServerImpl.java:logAppendEntries(928)) - omNode-3@group-523986131536: succeeded to handle AppendEntries. Reply: omNode-1<-omNode-3#277:OK,SUCCESS,nextIndex:253,term:1,followerCommit:251
2020-07-01 01:06:02,337 [grpc-default-executor-8] DEBUG server.GrpcLogAppender (GrpcLogAppender.java:onNext(257)) - omNode-1@group-523986131536->omNode-3-AppendLogResponseHandler: received a reply omNode-1<-omNode-3#277:OK,SUCCESS,nextIndex:253,term:1,followerCommit:251, request=AppendEntriesRequest:cid=277,entriesCount=1,lastEntry=(t:1, i:252)
2020-07-01 01:06:02,339 [grpc-default-executor-8] WARN  server.GrpcLogAppender (LogUtils.java:warn(122)) - omNode-1@group-523986131536->omNode-2-AppendLogResponseHandler: Failed appendEntries: org.apache.ratis.thirdparty.io.grpc.StatusRuntimeException: UNAVAILABLE: io exception
2020-07-01 01:06:02,339 [grpc-default-executor-8] INFO  impl.FollowerInfo (FollowerInfo.java:lambda$new$0(51)) - omNode-1@group-523986131536->omNode-2: nextIndex: updateUnconditionally 254 -> 45
2020-07-01 01:06:02,339 [Thread-5069] DEBUG impl.RaftServerImpl (RaftServerImpl.java:logAppendEntries(928)) - omNode-3@group-523986131536: succeeded to handle AppendEntries. Reply: omNode-1<-omNode-3#278:OK,SUCCESS,nextIndex:254,term:1,followerCommit:251
2020-07-01 01:06:02,340 [grpc-default-executor-8] DEBUG server.GrpcLogAppender (GrpcLogAppender.java:onNext(257)) - omNode-1@group-523986131536->omNode-3-AppendLogResponseHandler: received a reply omNode-1<-omNode-3#278:OK,SUCCESS,nextIndex:254,term:1,followerCommit:251, request=AppendEntriesRequest:cid=278,entriesCount=1,lastEntry=(t:1, i:253)
2020-07-01 01:06:02,341 [grpc-default-executor-8] DEBUG impl.RaftServerImpl (RaftServerImpl.java:logAppendEntries(928)) - omNode-3@group-523986131536: receive appendEntries(omNode-1, 1, (t:1, i:253), 253, false, commits[omNode-1:c253, omNode-3:c251, omNode-2:c43], entries: (t:1, i:254), METADATAENTRY(c:253)
2020-07-01 01:06:02,341 [grpc-default-executor-8] INFO  ratis.OzoneManagerStateMachine (OzoneManagerStateMachine.java:getLatestSnapshot(147)) - Latest Snapshot Info 1#249
2020-07-01 01:06:02,341 [grpc-default-executor-8] INFO  ratis.OzoneManagerStateMachine (OzoneManagerStateMachine.java:getLatestSnapshot(147)) - Latest Snapshot Info 1#249
2020-07-01 01:06:02,343 [grpc-default-executor-6] WARN  server.GrpcLogAppender (LogUtils.java:warn(122)) - omNode-1@group-523986131536->omNode-2-AppendLogResponseHandler: Failed appendEntries: org.apache.ratis.thirdparty.io.grpc.StatusRuntimeException: UNAVAILABLE: io exception
2020-07-01 01:06:02,343 [grpc-default-executor-6] INFO  impl.FollowerInfo (FollowerInfo.java:lambda$new$0(51)) - omNode-1@group-523986131536->omNode-2: nextIndex: updateUnconditionally 254 -> 45
2020-07-01 01:06:02,344 [Thread-5070] DEBUG impl.RaftServerImpl (RaftServerImpl.java:logAppendEntries(928)) - omNode-3@group-523986131536: succeeded to handle AppendEntries. Reply: omNode-1<-omNode-3#279:OK,SUCCESS,nextIndex:255,term:1,followerCommit:253
2020-07-01 01:06:02,347 [grpc-default-executor-6] DEBUG server.GrpcLogAppender (GrpcLogAppender.java:onNext(257)) - omNode-1@group-523986131536->omNode-3-AppendLogResponseHandler: received a reply omNode-1<-omNode-3#279:OK,SUCCESS,nextIndex:255,term:1,followerCommit:253, request=AppendEntriesRequest:cid=279,entriesCount=1,lastEntry=(t:1, i:254)
2020-07-01 01:06:02,348 [grpc-default-executor-6] WARN  server.GrpcLogAppender (LogUtils.java:warn(122)) - omNode-1@group-523986131536->omNode-2-AppendLogResponseHandler: Failed appendEntries: org.apache.ratis.thirdparty.io.grpc.StatusRuntimeException: UNAVAILABLE: io exception
2020-07-01 01:06:02,348 [grpc-default-executor-6] INFO  impl.FollowerInfo (FollowerInfo.java:lambda$new$0(51)) - omNode-1@group-523986131536->omNode-2: nextIndex: updateUnconditionally 255 -> 45
2020-07-01 01:06:02,349 [IPC Server handler 9 on default port 11860] DEBUG impl.RaftServerImpl (RaftServerImpl.java:submitClientRequestAsync(575)) - omNode-1@group-523986131536: receive client request(RaftClientRequest:client-6E5155DBE9B8->omNode-1@group-523986131536, cid=449, seq=0, RW, Message:082412001a13636c6965...(size=360))
2020-07-01 01:06:02,349 [IPC Server handler 9 on default port 11860] DEBUG impl.RaftServerImpl (LeaderState.java:addPendingRequest(335)) - omNode-1@group-523986131536-LeaderState: addPendingRequest at RaftClientRequest:client-6E5155DBE9B8->omNode-1@group-523986131536, cid=449, seq=0, RW, Message:082412001a13636c6965...(size=360), entry=(t:1, i:255), STATEMACHINELOGENTRY, client-6E5155DBE9B8, cid=449
2020-07-01 01:06:02,350 [grpc-default-executor-6] DEBUG impl.RaftServerImpl (RaftServerImpl.java:logAppendEntries(928)) - omNode-3@group-523986131536: receive appendEntries(omNode-1, 1, (t:1, i:254), 254, false, commits[omNode-1:c254, omNode-3:c253, omNode-2:c43], entries: (t:1, i:255), STATEMACHINELOGENTRY, client-6E5155DBE9B8, cid=449
2020-07-01 01:06:02,350 [grpc-default-executor-6] INFO  ratis.OzoneManagerStateMachine (OzoneManagerStateMachine.java:getLatestSnapshot(147)) - Latest Snapshot Info 1#249
2020-07-01 01:06:02,350 [grpc-default-executor-6] INFO  ratis.OzoneManagerStateMachine (OzoneManagerStateMachine.java:getLatestSnapshot(147)) - Latest Snapshot Info 1#249
2020-07-01 01:06:02,351 [Thread-5071] DEBUG impl.RaftServerImpl (RaftServerImpl.java:logAppendEntries(928)) - omNode-3@group-523986131536: succeeded to handle AppendEntries. Reply: omNode-1<-omNode-3#280:OK,SUCCESS,nextIndex:256,term:1,followerCommit:254
2020-07-01 01:06:02,351 [grpc-default-executor-8] WARN  server.GrpcLogAppender (LogUtils.java:warn(122)) - omNode-1@group-523986131536->omNode-2-AppendLogResponseHandler: Failed appendEntries: org.apache.ratis.thirdparty.io.grpc.StatusRuntimeException: UNAVAILABLE: io exception
2020-07-01 01:06:02,351 [grpc-default-executor-8] INFO  impl.FollowerInfo (FollowerInfo.java:lambda$new$0(51)) - omNode-1@group-523986131536->omNode-2: nextIndex: updateUnconditionally 255 -> 45
2020-07-01 01:06:02,353 [grpc-default-executor-8] DEBUG server.GrpcLogAppender (GrpcLogAppender.java:onNext(257)) - omNode-1@group-523986131536->omNode-3-AppendLogResponseHandler: received a reply omNode-1<-omNode-3#280:OK,SUCCESS,nextIndex:256,term:1,followerCommit:254, request=AppendEntriesRequest:cid=280,entriesCount=1,lastEntry=(t:1, i:255)
2020-07-01 01:06:02,353 [EventQueue-Delayed safe mode statusForReplicationManager] INFO  container.ReplicationManager (ReplicationManager.java:start(176)) - Starting Replication Monitor Thread.
2020-07-01 01:06:02,356 [grpc-default-executor-6] WARN  server.GrpcLogAppender (LogUtils.java:warn(122)) - omNode-1@group-523986131536->omNode-2-AppendLogResponseHandler: Failed appendEntries: org.apache.ratis.thirdparty.io.grpc.StatusRuntimeException: UNAVAILABLE: io exception
2020-07-01 01:06:02,356 [grpc-default-executor-6] INFO  impl.FollowerInfo (FollowerInfo.java:lambda$new$0(51)) - omNode-1@group-523986131536->omNode-2: nextIndex: updateUnconditionally 257 -> 45
2020-07-01 01:06:02,356 [grpc-default-executor-6] DEBUG impl.RaftServerImpl (RaftServerImpl.java:logAppendEntries(928)) - omNode-3@group-523986131536: receive appendEntries(omNode-1, 1, (t:1, i:255), 255, false, commits[omNode-1:c255, omNode-3:c254, omNode-2:c43], entries: (t:1, i:256), METADATAENTRY(c:255)
2020-07-01 01:06:02,356 [grpc-default-executor-6] INFO  ratis.OzoneManagerStateMachine (OzoneManagerStateMachine.java:getLatestSnapshot(147)) - Latest Snapshot Info 1#249
2020-07-01 01:06:02,356 [grpc-default-executor-6] INFO  ratis.OzoneManagerStateMachine (OzoneManagerStateMachine.java:getLatestSnapshot(147)) - Latest Snapshot Info 1#249
2020-07-01 01:06:02,356 [IPC Server handler 17 on default port 11860] DEBUG impl.RaftServerImpl (RaftServerImpl.java:submitClientRequestAsync(575)) - omNode-1@group-523986131536: receive client request(RaftClientRequest:client-6E5155DBE9B8->omNode-1@group-523986131536, cid=450, seq=0, RW, Message:081f12001a13636c6965...(size=409))
2020-07-01 01:06:02,357 [IPC Server handler 17 on default port 11860] DEBUG impl.RaftServerImpl (LeaderState.java:addPendingRequest(335)) - omNode-1@group-523986131536-LeaderState: addPendingRequest at RaftClientRequest:client-6E5155DBE9B8->omNode-1@group-523986131536, cid=450, seq=0, RW, Message:081f12001a13636c6965...(size=409), entry=(t:1, i:257), STATEMACHINELOGENTRY, client-6E5155DBE9B8, cid=450
2020-07-01 01:06:02,358 [grpc-default-executor-7] WARN  server.GrpcLogAppender (LogUtils.java:warn(122)) - omNode-1@group-523986131536->omNode-2-AppendLogResponseHandler: Failed appendEntries: org.apache.ratis.thirdparty.io.grpc.StatusRuntimeException: UNAVAILABLE: io exception
2020-07-01 01:06:02,359 [grpc-default-executor-7] INFO  impl.FollowerInfo (FollowerInfo.java:lambda$new$0(51)) - omNode-1@group-523986131536->omNode-2: nextIndex: updateUnconditionally 258 -> 45
2020-07-01 01:06:02,359 [grpc-default-executor-6] DEBUG impl.RaftServerImpl (RaftServerImpl.java:logAppendEntries(928)) - omNode-3@group-523986131536: receive appendEntries(omNode-1, 1, (t:1, i:256), 255, false, commits[omNode-1:c255, omNode-3:c254, omNode-2:c43], entries: (t:1, i:257), STATEMACHINELOGENTRY, client-6E5155DBE9B8, cid=450
2020-07-01 01:06:02,359 [grpc-default-executor-6] INFO  ratis.OzoneManagerStateMachine (OzoneManagerStateMachine.java:getLatestSnapshot(147)) - Latest Snapshot Info 1#249
2020-07-01 01:06:02,359 [grpc-default-executor-6] INFO  ratis.OzoneManagerStateMachine (OzoneManagerStateMachine.java:getLatestSnapshot(147)) - Latest Snapshot Info 1#249
2020-07-01 01:06:02,362 [Thread-5073] DEBUG impl.RaftServerImpl (RaftServerImpl.java:logAppendEntries(928)) - omNode-3@group-523986131536: succeeded to handle AppendEntries. Reply: omNode-1<-omNode-3#281:OK,SUCCESS,nextIndex:257,term:1,followerCommit:255
2020-07-01 01:06:02,362 [grpc-default-executor-6] DEBUG server.GrpcLogAppender (GrpcLogAppender.java:onNext(257)) - omNode-1@group-523986131536->omNode-3-AppendLogResponseHandler: received a reply omNode-1<-omNode-3#281:OK,SUCCESS,nextIndex:257,term:1,followerCommit:255, request=AppendEntriesRequest:cid=281,entriesCount=1,lastEntry=(t:1, i:256)
2020-07-01 01:06:02,362 [ReplicationMonitor] INFO  container.ReplicationManager (ReplicationManager.java:run(240)) - Replication Monitor Thread took 0 milliseconds for processing 3 containers.
2020-07-01 01:06:02,363 [Thread-5074] DEBUG impl.RaftServerImpl (RaftServerImpl.java:logAppendEntries(928)) - omNode-3@group-523986131536: succeeded to handle AppendEntries. Reply: omNode-1<-omNode-3#282:OK,SUCCESS,nextIndex:258,term:1,followerCommit:255
2020-07-01 01:06:02,364 [grpc-default-executor-7] DEBUG server.GrpcLogAppender (GrpcLogAppender.java:onNext(257)) - omNode-1@group-523986131536->omNode-3-AppendLogResponseHandler: received a reply omNode-1<-omNode-3#282:OK,SUCCESS,nextIndex:258,term:1,followerCommit:255, request=AppendEntriesRequest:cid=282,entriesCount=1,lastEntry=(t:1, i:257)
2020-07-01 01:06:02,364 [grpc-default-executor-6] WARN  server.GrpcLogAppender (LogUtils.java:warn(122)) - omNode-1@group-523986131536->omNode-2-AppendLogResponseHandler: Failed appendEntries: org.apache.ratis.thirdparty.io.grpc.StatusRuntimeException: UNAVAILABLE: io exception
2020-07-01 01:06:02,364 [grpc-default-executor-6] INFO  impl.FollowerInfo (FollowerInfo.java:lambda$new$0(51)) - omNode-1@group-523986131536->omNode-2: nextIndex: updateUnconditionally 258 -> 45
2020-07-01 01:06:02,365 [grpc-default-executor-6] DEBUG impl.RaftServerImpl (RaftServerImpl.java:logAppendEntries(928)) - omNode-3@group-523986131536: receive appendEntries(omNode-1, 1, (t:1, i:257), 257, false, commits[omNode-1:c257, omNode-3:c255, omNode-2:c43], entries: (t:1, i:258), METADATAENTRY(c:257)
2020-07-01 01:06:02,365 [grpc-default-executor-6] INFO  ratis.OzoneManagerStateMachine (OzoneManagerStateMachine.java:getLatestSnapshot(147)) - Latest Snapshot Info 1#249
2020-07-01 01:06:02,365 [grpc-default-executor-6] INFO  ratis.OzoneManagerStateMachine (OzoneManagerStateMachine.java:getLatestSnapshot(147)) - Latest Snapshot Info 1#249
2020-07-01 01:06:02,371 [Thread-5075] DEBUG impl.RaftServerImpl (RaftServerImpl.java:logAppendEntries(928)) - omNode-3@group-523986131536: succeeded to handle AppendEntries. Reply: omNode-1<-omNode-3#283:OK,SUCCESS,nextIndex:259,term:1,followerCommit:257
2020-07-01 01:06:02,371 [grpc-default-executor-8] DEBUG server.GrpcLogAppender (GrpcLogAppender.java:onNext(257)) - omNode-1@group-523986131536->omNode-3-AppendLogResponseHandler: received a reply omNode-1<-omNode-3#283:OK,SUCCESS,nextIndex:259,term:1,followerCommit:257, request=AppendEntriesRequest:cid=283,entriesCount=1,lastEntry=(t:1, i:258)
2020-07-01 01:06:02,373 [IPC Server handler 11 on default port 11860] DEBUG impl.RaftServerImpl (RaftServerImpl.java:submitClientRequestAsync(575)) - omNode-1@group-523986131536: receive client request(RaftClientRequest:client-6E5155DBE9B8->omNode-1@group-523986131536, cid=451, seq=0, RW, Message:082412001a13636c6965...(size=360))
2020-07-01 01:06:02,373 [IPC Server handler 11 on default port 11860] DEBUG impl.RaftServerImpl (LeaderState.java:addPendingRequest(335)) - omNode-1@group-523986131536-LeaderState: addPendingRequest at RaftClientRequest:client-6E5155DBE9B8->omNode-1@group-523986131536, cid=451, seq=0, RW, Message:082412001a13636c6965...(size=360), entry=(t:1, i:259), STATEMACHINELOGENTRY, client-6E5155DBE9B8, cid=451
2020-07-01 01:06:02,374 [grpc-default-executor-7] DEBUG impl.RaftServerImpl (RaftServerImpl.java:logAppendEntries(928)) - omNode-3@group-523986131536: receive appendEntries(omNode-1, 1, (t:1, i:258), 258, false, commits[omNode-1:c258, omNode-3:c257, omNode-2:c43], entries: (t:1, i:259), STATEMACHINELOGENTRY, client-6E5155DBE9B8, cid=451
2020-07-01 01:06:02,374 [grpc-default-executor-7] INFO  ratis.OzoneManagerStateMachine (OzoneManagerStateMachine.java:getLatestSnapshot(147)) - Latest Snapshot Info 1#249
2020-07-01 01:06:02,374 [grpc-default-executor-7] INFO  ratis.OzoneManagerStateMachine (OzoneManagerStateMachine.java:getLatestSnapshot(147)) - Latest Snapshot Info 1#249
2020-07-01 01:06:02,375 [grpc-default-executor-7] WARN  server.GrpcLogAppender (LogUtils.java:warn(122)) - omNode-1@group-523986131536->omNode-2-AppendLogResponseHandler: Failed appendEntries: org.apache.ratis.thirdparty.io.grpc.StatusRuntimeException: UNAVAILABLE: io exception
2020-07-01 01:06:02,375 [grpc-default-executor-7] INFO  impl.FollowerInfo (FollowerInfo.java:lambda$new$0(51)) - omNode-1@group-523986131536->omNode-2: nextIndex: updateUnconditionally 259 -> 45
2020-07-01 01:06:02,378 [Thread-5076] DEBUG impl.RaftServerImpl (RaftServerImpl.java:logAppendEntries(928)) - omNode-3@group-523986131536: succeeded to handle AppendEntries. Reply: omNode-1<-omNode-3#284:OK,SUCCESS,nextIndex:260,term:1,followerCommit:258
2020-07-01 01:06:02,378 [grpc-default-executor-7] DEBUG server.GrpcLogAppender (GrpcLogAppender.java:onNext(257)) - omNode-1@group-523986131536->omNode-3-AppendLogResponseHandler: received a reply omNode-1<-omNode-3#284:OK,SUCCESS,nextIndex:260,term:1,followerCommit:258, request=AppendEntriesRequest:cid=284,entriesCount=1,lastEntry=(t:1, i:259)
2020-07-01 01:06:02,380 [grpc-default-executor-6] DEBUG impl.RaftServerImpl (RaftServerImpl.java:logAppendEntries(928)) - omNode-3@group-523986131536: receive appendEntries(omNode-1, 1, (t:1, i:259), 259, false, commits[omNode-1:c259, omNode-3:c258, omNode-2:c43], entries: (t:1, i:260), METADATAENTRY(c:259)
2020-07-01 01:06:02,380 [grpc-default-executor-6] INFO  ratis.OzoneManagerStateMachine (OzoneManagerStateMachine.java:getLatestSnapshot(147)) - Latest Snapshot Info 1#249
2020-07-01 01:06:02,380 [grpc-default-executor-6] INFO  ratis.OzoneManagerStateMachine (OzoneManagerStateMachine.java:getLatestSnapshot(147)) - Latest Snapshot Info 1#249
2020-07-01 01:06:02,381 [grpc-default-executor-7] WARN  server.GrpcLogAppender (LogUtils.java:warn(122)) - omNode-1@group-523986131536->omNode-2-AppendLogResponseHandler: Failed appendEntries: org.apache.ratis.thirdparty.io.grpc.StatusRuntimeException: UNAVAILABLE: io exception
2020-07-01 01:06:02,381 [grpc-default-executor-7] INFO  impl.FollowerInfo (FollowerInfo.java:lambda$new$0(51)) - omNode-1@group-523986131536->omNode-2: nextIndex: updateUnconditionally 261 -> 45
2020-07-01 01:06:02,383 [IPC Server handler 13 on default port 11860] DEBUG impl.RaftServerImpl (RaftServerImpl.java:submitClientRequestAsync(575)) - omNode-1@group-523986131536: receive client request(RaftClientRequest:client-6E5155DBE9B8->omNode-1@group-523986131536, cid=452, seq=0, RW, Message:081f12001a13636c6965...(size=409))
2020-07-01 01:06:02,383 [IPC Server handler 13 on default port 11860] DEBUG impl.RaftServerImpl (LeaderState.java:addPendingRequest(335)) - omNode-1@group-523986131536-LeaderState: addPendingRequest at RaftClientRequest:client-6E5155DBE9B8->omNode-1@group-523986131536, cid=452, seq=0, RW, Message:081f12001a13636c6965...(size=409), entry=(t:1, i:261), STATEMACHINELOGENTRY, client-6E5155DBE9B8, cid=452
2020-07-01 01:06:02,384 [grpc-default-executor-6] DEBUG impl.RaftServerImpl (RaftServerImpl.java:logAppendEntries(928)) - omNode-3@group-523986131536: receive appendEntries(omNode-1, 1, (t:1, i:260), 259, false, commits[omNode-1:c259, omNode-3:c258, omNode-2:c43], entries: (t:1, i:261), STATEMACHINELOGENTRY, client-6E5155DBE9B8, cid=452
2020-07-01 01:06:02,384 [grpc-default-executor-6] INFO  ratis.OzoneManagerStateMachine (OzoneManagerStateMachine.java:getLatestSnapshot(147)) - Latest Snapshot Info 1#249
2020-07-01 01:06:02,385 [grpc-default-executor-6] INFO  ratis.OzoneManagerStateMachine (OzoneManagerStateMachine.java:getLatestSnapshot(147)) - Latest Snapshot Info 1#249
2020-07-01 01:06:02,385 [grpc-default-executor-8] WARN  server.GrpcLogAppender (LogUtils.java:warn(122)) - omNode-1@group-523986131536->omNode-2-AppendLogResponseHandler: Failed appendEntries: org.apache.ratis.thirdparty.io.grpc.StatusRuntimeException: UNAVAILABLE: io exception
2020-07-01 01:06:02,385 [grpc-default-executor-8] INFO  impl.FollowerInfo (FollowerInfo.java:lambda$new$0(51)) - omNode-1@group-523986131536->omNode-2: nextIndex: updateUnconditionally 262 -> 45
2020-07-01 01:06:02,389 [Thread-5077] DEBUG impl.RaftServerImpl (RaftServerImpl.java:logAppendEntries(928)) - omNode-3@group-523986131536: succeeded to handle AppendEntries. Reply: omNode-1<-omNode-3#285:OK,SUCCESS,nextIndex:261,term:1,followerCommit:259
2020-07-01 01:06:02,389 [grpc-default-executor-8] DEBUG server.GrpcLogAppender (GrpcLogAppender.java:onNext(257)) - omNode-1@group-523986131536->omNode-3-AppendLogResponseHandler: received a reply omNode-1<-omNode-3#285:OK,SUCCESS,nextIndex:261,term:1,followerCommit:259, request=AppendEntriesRequest:cid=285,entriesCount=1,lastEntry=(t:1, i:260)
2020-07-01 01:06:02,391 [grpc-default-executor-6] WARN  server.GrpcLogAppender (LogUtils.java:warn(122)) - omNode-1@group-523986131536->omNode-2-AppendLogResponseHandler: Failed appendEntries: org.apache.ratis.thirdparty.io.grpc.StatusRuntimeException: UNAVAILABLE: io exception
2020-07-01 01:06:02,391 [grpc-default-executor-6] INFO  impl.FollowerInfo (FollowerInfo.java:lambda$new$0(51)) - omNode-1@group-523986131536->omNode-2: nextIndex: updateUnconditionally 262 -> 45
2020-07-01 01:06:02,412 [Thread-5078] DEBUG impl.RaftServerImpl (RaftServerImpl.java:logAppendEntries(928)) - omNode-3@group-523986131536: succeeded to handle AppendEntries. Reply: omNode-1<-omNode-3#286:OK,SUCCESS,nextIndex:262,term:1,followerCommit:259
2020-07-01 01:06:02,412 [grpc-default-executor-6] DEBUG server.GrpcLogAppender (GrpcLogAppender.java:onNext(257)) - omNode-1@group-523986131536->omNode-3-AppendLogResponseHandler: received a reply omNode-1<-omNode-3#286:OK,SUCCESS,nextIndex:262,term:1,followerCommit:259, request=AppendEntriesRequest:cid=286,entriesCount=1,lastEntry=(t:1, i:261)
2020-07-01 01:06:02,415 [grpc-default-executor-8] DEBUG impl.RaftServerImpl (RaftServerImpl.java:logAppendEntries(928)) - omNode-3@group-523986131536: receive appendEntries(omNode-1, 1, (t:1, i:261), 261, false, commits[omNode-1:c261, omNode-3:c259, omNode-2:c43], entries: (t:1, i:262), METADATAENTRY(c:261)
2020-07-01 01:06:02,415 [grpc-default-executor-8] INFO  ratis.OzoneManagerStateMachine (OzoneManagerStateMachine.java:getLatestSnapshot(147)) - Latest Snapshot Info 1#249
2020-07-01 01:06:02,415 [grpc-default-executor-8] INFO  ratis.OzoneManagerStateMachine (OzoneManagerStateMachine.java:getLatestSnapshot(147)) - Latest Snapshot Info 1#249
2020-07-01 01:06:02,416 [grpc-default-executor-7] WARN  server.GrpcLogAppender (LogUtils.java:warn(122)) - omNode-1@group-523986131536->omNode-2-AppendLogResponseHandler: Failed appendEntries: org.apache.ratis.thirdparty.io.grpc.StatusRuntimeException: UNAVAILABLE: io exception
2020-07-01 01:06:02,416 [grpc-default-executor-7] INFO  impl.FollowerInfo (FollowerInfo.java:lambda$new$0(51)) - omNode-1@group-523986131536->omNode-2: nextIndex: updateUnconditionally 263 -> 45
2020-07-01 01:06:02,416 [Thread-5079] DEBUG impl.RaftServerImpl (RaftServerImpl.java:logAppendEntries(928)) - omNode-3@group-523986131536: succeeded to handle AppendEntries. Reply: omNode-1<-omNode-3#287:OK,SUCCESS,nextIndex:263,term:1,followerCommit:261
2020-07-01 01:06:02,417 [grpc-default-executor-8] DEBUG server.GrpcLogAppender (GrpcLogAppender.java:onNext(257)) - omNode-1@group-523986131536->omNode-3-AppendLogResponseHandler: received a reply omNode-1<-omNode-3#287:OK,SUCCESS,nextIndex:263,term:1,followerCommit:261, request=AppendEntriesRequest:cid=287,entriesCount=1,lastEntry=(t:1, i:262)
2020-07-01 01:06:02,419 [grpc-default-executor-7] WARN  server.GrpcLogAppender (LogUtils.java:warn(122)) - omNode-1@group-523986131536->omNode-2-AppendLogResponseHandler: Failed appendEntries: org.apache.ratis.thirdparty.io.grpc.StatusRuntimeException: UNAVAILABLE: io exception
2020-07-01 01:06:02,419 [grpc-default-executor-7] INFO  impl.FollowerInfo (FollowerInfo.java:lambda$new$0(51)) - omNode-1@group-523986131536->omNode-2: nextIndex: updateUnconditionally 263 -> 45
2020-07-01 01:06:02,425 [IPC Server handler 18 on default port 11860] DEBUG impl.RaftServerImpl (RaftServerImpl.java:submitClientRequestAsync(575)) - omNode-1@group-523986131536: receive client request(RaftClientRequest:client-6E5155DBE9B8->omNode-1@group-523986131536, cid=453, seq=0, RW, Message:082412001a13636c6965...(size=360))
2020-07-01 01:06:02,426 [IPC Server handler 18 on default port 11860] DEBUG impl.RaftServerImpl (LeaderState.java:addPendingRequest(335)) - omNode-1@group-523986131536-LeaderState: addPendingRequest at RaftClientRequest:client-6E5155DBE9B8->omNode-1@group-523986131536, cid=453, seq=0, RW, Message:082412001a13636c6965...(size=360), entry=(t:1, i:263), STATEMACHINELOGENTRY, client-6E5155DBE9B8, cid=453
2020-07-01 01:06:02,427 [grpc-default-executor-7] DEBUG impl.RaftServerImpl (RaftServerImpl.java:logAppendEntries(928)) - omNode-3@group-523986131536: receive appendEntries(omNode-1, 1, (t:1, i:262), 262, false, commits[omNode-1:c262, omNode-3:c261, omNode-2:c43], entries: (t:1, i:263), STATEMACHINELOGENTRY, client-6E5155DBE9B8, cid=453
2020-07-01 01:06:02,427 [grpc-default-executor-7] INFO  ratis.OzoneManagerStateMachine (OzoneManagerStateMachine.java:getLatestSnapshot(147)) - Latest Snapshot Info 1#249
2020-07-01 01:06:02,427 [grpc-default-executor-6] WARN  server.GrpcLogAppender (LogUtils.java:warn(122)) - omNode-1@group-523986131536->omNode-2-AppendLogResponseHandler: Failed appendEntries: org.apache.ratis.thirdparty.io.grpc.StatusRuntimeException: UNAVAILABLE: io exception
2020-07-01 01:06:02,427 [grpc-default-executor-7] INFO  ratis.OzoneManagerStateMachine (OzoneManagerStateMachine.java:getLatestSnapshot(147)) - Latest Snapshot Info 1#249
2020-07-01 01:06:02,428 [grpc-default-executor-6] INFO  impl.FollowerInfo (FollowerInfo.java:lambda$new$0(51)) - omNode-1@group-523986131536->omNode-2: nextIndex: updateUnconditionally 264 -> 45
2020-07-01 01:06:02,428 [Thread-5080] DEBUG impl.RaftServerImpl (RaftServerImpl.java:logAppendEntries(928)) - omNode-3@group-523986131536: succeeded to handle AppendEntries. Reply: omNode-1<-omNode-3#288:OK,SUCCESS,nextIndex:264,term:1,followerCommit:262
2020-07-01 01:06:02,429 [grpc-default-executor-6] DEBUG server.GrpcLogAppender (GrpcLogAppender.java:onNext(257)) - omNode-1@group-523986131536->omNode-3-AppendLogResponseHandler: received a reply omNode-1<-omNode-3#288:OK,SUCCESS,nextIndex:264,term:1,followerCommit:262, request=AppendEntriesRequest:cid=288,entriesCount=1,lastEntry=(t:1, i:263)
2020-07-01 01:06:02,430 [grpc-default-executor-6] DEBUG impl.RaftServerImpl (RaftServerImpl.java:logAppendEntries(928)) - omNode-3@group-523986131536: receive appendEntries(omNode-1, 1, (t:1, i:263), 263, false, commits[omNode-1:c263, omNode-3:c262, omNode-2:c43], entries: (t:1, i:264), METADATAENTRY(c:263)
2020-07-01 01:06:02,430 [grpc-default-executor-6] INFO  ratis.OzoneManagerStateMachine (OzoneManagerStateMachine.java:getLatestSnapshot(147)) - Latest Snapshot Info 1#249
2020-07-01 01:06:02,430 [grpc-default-executor-6] INFO  ratis.OzoneManagerStateMachine (OzoneManagerStateMachine.java:getLatestSnapshot(147)) - Latest Snapshot Info 1#249
2020-07-01 01:06:02,432 [grpc-default-executor-6] WARN  server.GrpcLogAppender (LogUtils.java:warn(122)) - omNode-1@group-523986131536->omNode-2-AppendLogResponseHandler: Failed appendEntries: org.apache.ratis.thirdparty.io.grpc.StatusRuntimeException: UNAVAILABLE: io exception
2020-07-01 01:06:02,432 [grpc-default-executor-6] INFO  impl.FollowerInfo (FollowerInfo.java:lambda$new$0(51)) - omNode-1@group-523986131536->omNode-2: nextIndex: updateUnconditionally 265 -> 45
2020-07-01 01:06:02,433 [IPC Server handler 15 on default port 11860] DEBUG impl.RaftServerImpl (RaftServerImpl.java:submitClientRequestAsync(575)) - omNode-1@group-523986131536: receive client request(RaftClientRequest:client-6E5155DBE9B8->omNode-1@group-523986131536, cid=454, seq=0, RW, Message:081f12001a13636c6965...(size=409))
2020-07-01 01:06:02,433 [IPC Server handler 15 on default port 11860] DEBUG impl.RaftServerImpl (LeaderState.java:addPendingRequest(335)) - omNode-1@group-523986131536-LeaderState: addPendingRequest at RaftClientRequest:client-6E5155DBE9B8->omNode-1@group-523986131536, cid=454, seq=0, RW, Message:081f12001a13636c6965...(size=409), entry=(t:1, i:265), STATEMACHINELOGENTRY, client-6E5155DBE9B8, cid=454
2020-07-01 01:06:02,433 [grpc-default-executor-6] DEBUG impl.RaftServerImpl (RaftServerImpl.java:logAppendEntries(928)) - omNode-3@group-523986131536: receive appendEntries(omNode-1, 1, (t:1, i:264), 263, false, commits[omNode-1:c263, omNode-3:c262, omNode-2:c43], entries: (t:1, i:265), STATEMACHINELOGENTRY, client-6E5155DBE9B8, cid=454
2020-07-01 01:06:02,433 [grpc-default-executor-6] INFO  ratis.OzoneManagerStateMachine (OzoneManagerStateMachine.java:getLatestSnapshot(147)) - Latest Snapshot Info 1#249
2020-07-01 01:06:02,434 [grpc-default-executor-6] INFO  ratis.OzoneManagerStateMachine (OzoneManagerStateMachine.java:getLatestSnapshot(147)) - Latest Snapshot Info 1#249
2020-07-01 01:06:02,434 [Thread-5081] DEBUG impl.RaftServerImpl (RaftServerImpl.java:logAppendEntries(928)) - omNode-3@group-523986131536: succeeded to handle AppendEntries. Reply: omNode-1<-omNode-3#289:OK,SUCCESS,nextIndex:265,term:1,followerCommit:263
2020-07-01 01:06:02,434 [Thread-5082] DEBUG impl.RaftServerImpl (RaftServerImpl.java:logAppendEntries(928)) - omNode-3@group-523986131536: succeeded to handle AppendEntries. Reply: omNode-1<-omNode-3#290:OK,SUCCESS,nextIndex:266,term:1,followerCommit:263
2020-07-01 01:06:02,435 [grpc-default-executor-7] WARN  server.GrpcLogAppender (LogUtils.java:warn(122)) - omNode-1@group-523986131536->omNode-2-AppendLogResponseHandler: Failed appendEntries: org.apache.ratis.thirdparty.io.grpc.StatusRuntimeException: UNAVAILABLE: io exception
2020-07-01 01:06:02,435 [grpc-default-executor-7] INFO  impl.FollowerInfo (FollowerInfo.java:lambda$new$0(51)) - omNode-1@group-523986131536->omNode-2: nextIndex: updateUnconditionally 265 -> 45
2020-07-01 01:06:02,435 [grpc-default-executor-6] DEBUG server.GrpcLogAppender (GrpcLogAppender.java:onNext(257)) - omNode-1@group-523986131536->omNode-3-AppendLogResponseHandler: received a reply omNode-1<-omNode-3#289:OK,SUCCESS,nextIndex:265,term:1,followerCommit:263, request=AppendEntriesRequest:cid=289,entriesCount=1,lastEntry=(t:1, i:264)
2020-07-01 01:06:02,435 [grpc-default-executor-6] DEBUG server.GrpcLogAppender (GrpcLogAppender.java:onNext(257)) - omNode-1@group-523986131536->omNode-3-AppendLogResponseHandler: received a reply omNode-1<-omNode-3#290:OK,SUCCESS,nextIndex:266,term:1,followerCommit:263, request=AppendEntriesRequest:cid=290,entriesCount=1,lastEntry=(t:1, i:265)
2020-07-01 01:06:02,437 [grpc-default-executor-6] DEBUG impl.RaftServerImpl (RaftServerImpl.java:logAppendEntries(928)) - omNode-3@group-523986131536: receive appendEntries(omNode-1, 1, (t:1, i:265), 265, false, commits[omNode-1:c265, omNode-3:c263, omNode-2:c43], entries: (t:1, i:266), METADATAENTRY(c:265)
2020-07-01 01:06:02,437 [grpc-default-executor-6] INFO  ratis.OzoneManagerStateMachine (OzoneManagerStateMachine.java:getLatestSnapshot(147)) - Latest Snapshot Info 1#249
2020-07-01 01:06:02,437 [grpc-default-executor-6] INFO  ratis.OzoneManagerStateMachine (OzoneManagerStateMachine.java:getLatestSnapshot(147)) - Latest Snapshot Info 1#249
2020-07-01 01:06:02,437 [grpc-default-executor-7] WARN  server.GrpcLogAppender (LogUtils.java:warn(122)) - omNode-1@group-523986131536->omNode-2-AppendLogResponseHandler: Failed appendEntries: org.apache.ratis.thirdparty.io.grpc.StatusRuntimeException: UNAVAILABLE: io exception
2020-07-01 01:06:02,437 [grpc-default-executor-7] INFO  impl.FollowerInfo (FollowerInfo.java:lambda$new$0(51)) - omNode-1@group-523986131536->omNode-2: nextIndex: updateUnconditionally 266 -> 45
2020-07-01 01:06:02,438 [Thread-5083] DEBUG impl.RaftServerImpl (RaftServerImpl.java:logAppendEntries(928)) - omNode-3@group-523986131536: succeeded to handle AppendEntries. Reply: omNode-1<-omNode-3#291:OK,SUCCESS,nextIndex:267,term:1,followerCommit:265
2020-07-01 01:06:02,440 [grpc-default-executor-7] DEBUG server.GrpcLogAppender (GrpcLogAppender.java:onNext(257)) - omNode-1@group-523986131536->omNode-3-AppendLogResponseHandler: received a reply omNode-1<-omNode-3#291:OK,SUCCESS,nextIndex:267,term:1,followerCommit:265, request=AppendEntriesRequest:cid=291,entriesCount=1,lastEntry=(t:1, i:266)
2020-07-01 01:06:02,441 [grpc-default-executor-8] WARN  server.GrpcLogAppender (LogUtils.java:warn(122)) - omNode-1@group-523986131536->omNode-2-AppendLogResponseHandler: Failed appendEntries: org.apache.ratis.thirdparty.io.grpc.StatusRuntimeException: UNAVAILABLE: io exception
2020-07-01 01:06:02,442 [grpc-default-executor-8] INFO  impl.FollowerInfo (FollowerInfo.java:lambda$new$0(51)) - omNode-1@group-523986131536->omNode-2: nextIndex: updateUnconditionally 267 -> 45
2020-07-01 01:06:02,445 [IPC Server handler 14 on default port 11860] DEBUG impl.RaftServerImpl (RaftServerImpl.java:submitClientRequestAsync(575)) - omNode-1@group-523986131536: receive client request(RaftClientRequest:client-6E5155DBE9B8->omNode-1@group-523986131536, cid=455, seq=0, RW, Message:082412001a13636c6965...(size=360))
2020-07-01 01:06:02,446 [IPC Server handler 14 on default port 11860] DEBUG impl.RaftServerImpl (LeaderState.java:addPendingRequest(335)) - omNode-1@group-523986131536-LeaderState: addPendingRequest at RaftClientRequest:client-6E5155DBE9B8->omNode-1@group-523986131536, cid=455, seq=0, RW, Message:082412001a13636c6965...(size=360), entry=(t:1, i:267), STATEMACHINELOGENTRY, client-6E5155DBE9B8, cid=455
2020-07-01 01:06:02,446 [grpc-default-executor-7] DEBUG impl.RaftServerImpl (RaftServerImpl.java:logAppendEntries(928)) - omNode-3@group-523986131536: receive appendEntries(omNode-1, 1, (t:1, i:266), 266, false, commits[omNode-1:c266, omNode-3:c265, omNode-2:c43], entries: (t:1, i:267), STATEMACHINELOGENTRY, client-6E5155DBE9B8, cid=455
2020-07-01 01:06:02,446 [grpc-default-executor-7] INFO  ratis.OzoneManagerStateMachine (OzoneManagerStateMachine.java:getLatestSnapshot(147)) - Latest Snapshot Info 1#249
2020-07-01 01:06:02,446 [grpc-default-executor-7] INFO  ratis.OzoneManagerStateMachine (OzoneManagerStateMachine.java:getLatestSnapshot(147)) - Latest Snapshot Info 1#249
2020-07-01 01:06:02,447 [Thread-5084] DEBUG impl.RaftServerImpl (RaftServerImpl.java:logAppendEntries(928)) - omNode-3@group-523986131536: succeeded to handle AppendEntries. Reply: omNode-1<-omNode-3#292:OK,SUCCESS,nextIndex:268,term:1,followerCommit:266
2020-07-01 01:06:02,447 [grpc-default-executor-7] DEBUG server.GrpcLogAppender (GrpcLogAppender.java:onNext(257)) - omNode-1@group-523986131536->omNode-3-AppendLogResponseHandler: received a reply omNode-1<-omNode-3#292:OK,SUCCESS,nextIndex:268,term:1,followerCommit:266, request=AppendEntriesRequest:cid=292,entriesCount=1,lastEntry=(t:1, i:267)
2020-07-01 01:06:02,449 [grpc-default-executor-7] DEBUG impl.RaftServerImpl (RaftServerImpl.java:logAppendEntries(928)) - omNode-3@group-523986131536: receive appendEntries(omNode-1, 1, (t:1, i:267), 267, false, commits[omNode-1:c267, omNode-3:c266, omNode-2:c43], entries: (t:1, i:268), METADATAENTRY(c:267)
2020-07-01 01:06:02,449 [grpc-default-executor-7] INFO  ratis.OzoneManagerStateMachine (OzoneManagerStateMachine.java:getLatestSnapshot(147)) - Latest Snapshot Info 1#249
2020-07-01 01:06:02,449 [grpc-default-executor-7] INFO  ratis.OzoneManagerStateMachine (OzoneManagerStateMachine.java:getLatestSnapshot(147)) - Latest Snapshot Info 1#249
2020-07-01 01:06:02,449 [grpc-default-executor-8] WARN  server.GrpcLogAppender (LogUtils.java:warn(122)) - omNode-1@group-523986131536->omNode-2-AppendLogResponseHandler: Failed appendEntries: org.apache.ratis.thirdparty.io.grpc.StatusRuntimeException: UNAVAILABLE: io exception
2020-07-01 01:06:02,449 [IPC Server handler 16 on default port 11860] DEBUG impl.RaftServerImpl (RaftServerImpl.java:submitClientRequestAsync(575)) - omNode-1@group-523986131536: receive client request(RaftClientRequest:client-6E5155DBE9B8->omNode-1@group-523986131536, cid=456, seq=0, RW, Message:081f12001a13636c6965...(size=409))
2020-07-01 01:06:02,450 [grpc-default-executor-8] INFO  impl.FollowerInfo (FollowerInfo.java:lambda$new$0(51)) - omNode-1@group-523986131536->omNode-2: nextIndex: updateUnconditionally 268 -> 45
2020-07-01 01:06:02,450 [IPC Server handler 16 on default port 11860] DEBUG impl.RaftServerImpl (LeaderState.java:addPendingRequest(335)) - omNode-1@group-523986131536-LeaderState: addPendingRequest at RaftClientRequest:client-6E5155DBE9B8->omNode-1@group-523986131536, cid=456, seq=0, RW, Message:081f12001a13636c6965...(size=409), entry=(t:1, i:269), STATEMACHINELOGENTRY, client-6E5155DBE9B8, cid=456
2020-07-01 01:06:02,450 [grpc-default-executor-8] DEBUG impl.RaftServerImpl (RaftServerImpl.java:logAppendEntries(928)) - omNode-3@group-523986131536: receive appendEntries(omNode-1, 1, (t:1, i:268), 267, false, commits[omNode-1:c267, omNode-3:c266, omNode-2:c43], entries: (t:1, i:269), STATEMACHINELOGENTRY, client-6E5155DBE9B8, cid=456
2020-07-01 01:06:02,450 [grpc-default-executor-8] INFO  ratis.OzoneManagerStateMachine (OzoneManagerStateMachine.java:getLatestSnapshot(147)) - Latest Snapshot Info 1#249
2020-07-01 01:06:02,450 [grpc-default-executor-8] INFO  ratis.OzoneManagerStateMachine (OzoneManagerStateMachine.java:getLatestSnapshot(147)) - Latest Snapshot Info 1#249
2020-07-01 01:06:02,451 [Thread-5085] DEBUG impl.RaftServerImpl (RaftServerImpl.java:logAppendEntries(928)) - omNode-3@group-523986131536: succeeded to handle AppendEntries. Reply: omNode-1<-omNode-3#293:OK,SUCCESS,nextIndex:269,term:1,followerCommit:267
2020-07-01 01:06:02,452 [Thread-5086] DEBUG impl.RaftServerImpl (RaftServerImpl.java:logAppendEntries(928)) - omNode-3@group-523986131536: succeeded to handle AppendEntries. Reply: omNode-1<-omNode-3#294:OK,SUCCESS,nextIndex:270,term:1,followerCommit:267
2020-07-01 01:06:02,452 [grpc-default-executor-8] DEBUG server.GrpcLogAppender (GrpcLogAppender.java:onNext(257)) - omNode-1@group-523986131536->omNode-3-AppendLogResponseHandler: received a reply omNode-1<-omNode-3#293:OK,SUCCESS,nextIndex:269,term:1,followerCommit:267, request=AppendEntriesRequest:cid=293,entriesCount=1,lastEntry=(t:1, i:268)
2020-07-01 01:06:02,452 [grpc-default-executor-8] WARN  server.GrpcLogAppender (LogUtils.java:warn(122)) - omNode-1@group-523986131536->omNode-2-AppendLogResponseHandler: Failed appendEntries: org.apache.ratis.thirdparty.io.grpc.StatusRuntimeException: UNAVAILABLE: io exception
2020-07-01 01:06:02,452 [grpc-default-executor-8] INFO  impl.FollowerInfo (FollowerInfo.java:lambda$new$0(51)) - omNode-1@group-523986131536->omNode-2: nextIndex: updateUnconditionally 270 -> 45
2020-07-01 01:06:02,453 [grpc-default-executor-8] DEBUG server.GrpcLogAppender (GrpcLogAppender.java:onNext(257)) - omNode-1@group-523986131536->omNode-3-AppendLogResponseHandler: received a reply omNode-1<-omNode-3#294:OK,SUCCESS,nextIndex:270,term:1,followerCommit:267, request=AppendEntriesRequest:cid=294,entriesCount=1,lastEntry=(t:1, i:269)
2020-07-01 01:06:02,454 [grpc-default-executor-8] DEBUG impl.RaftServerImpl (RaftServerImpl.java:logAppendEntries(928)) - omNode-3@group-523986131536: receive appendEntries(omNode-1, 1, (t:1, i:269), 269, false, commits[omNode-1:c269, omNode-3:c267, omNode-2:c43], entries: (t:1, i:270), METADATAENTRY(c:269)
2020-07-01 01:06:02,454 [grpc-default-executor-8] INFO  ratis.OzoneManagerStateMachine (OzoneManagerStateMachine.java:getLatestSnapshot(147)) - Latest Snapshot Info 1#249
2020-07-01 01:06:02,455 [grpc-default-executor-8] INFO  ratis.OzoneManagerStateMachine (OzoneManagerStateMachine.java:getLatestSnapshot(147)) - Latest Snapshot Info 1#249
2020-07-01 01:06:02,458 [grpc-default-executor-8] WARN  server.GrpcLogAppender (LogUtils.java:warn(122)) - omNode-1@group-523986131536->omNode-2-AppendLogResponseHandler: Failed appendEntries: org.apache.ratis.thirdparty.io.grpc.StatusRuntimeException: UNAVAILABLE: io exception
2020-07-01 01:06:02,458 [grpc-default-executor-8] INFO  impl.FollowerInfo (FollowerInfo.java:lambda$new$0(51)) - omNode-1@group-523986131536->omNode-2: nextIndex: updateUnconditionally 271 -> 45
2020-07-01 01:06:02,458 [Thread-5087] DEBUG impl.RaftServerImpl (RaftServerImpl.java:logAppendEntries(928)) - omNode-3@group-523986131536: succeeded to handle AppendEntries. Reply: omNode-1<-omNode-3#295:OK,SUCCESS,nextIndex:271,term:1,followerCommit:269
2020-07-01 01:06:02,459 [IPC Server handler 19 on default port 11860] DEBUG impl.RaftServerImpl (RaftServerImpl.java:submitClientRequestAsync(575)) - omNode-1@group-523986131536: receive client request(RaftClientRequest:client-6E5155DBE9B8->omNode-1@group-523986131536, cid=457, seq=0, RW, Message:082412001a13636c6965...(size=360))
2020-07-01 01:06:02,460 [IPC Server handler 19 on default port 11860] DEBUG impl.RaftServerImpl (LeaderState.java:addPendingRequest(335)) - omNode-1@group-523986131536-LeaderState: addPendingRequest at RaftClientRequest:client-6E5155DBE9B8->omNode-1@group-523986131536, cid=457, seq=0, RW, Message:082412001a13636c6965...(size=360), entry=(t:1, i:271), STATEMACHINELOGENTRY, client-6E5155DBE9B8, cid=457
2020-07-01 01:06:02,460 [grpc-default-executor-8] DEBUG server.GrpcLogAppender (GrpcLogAppender.java:onNext(257)) - omNode-1@group-523986131536->omNode-3-AppendLogResponseHandler: received a reply omNode-1<-omNode-3#295:OK,SUCCESS,nextIndex:271,term:1,followerCommit:269, request=AppendEntriesRequest:cid=295,entriesCount=1,lastEntry=(t:1, i:270)
2020-07-01 01:06:02,460 [grpc-default-executor-8] DEBUG impl.RaftServerImpl (RaftServerImpl.java:logAppendEntries(928)) - omNode-3@group-523986131536: receive appendEntries(omNode-1, 1, (t:1, i:270), 269, false, commits[omNode-1:c269, omNode-3:c267, omNode-2:c43], entries: (t:1, i:271), STATEMACHINELOGENTRY, client-6E5155DBE9B8, cid=457
2020-07-01 01:06:02,460 [grpc-default-executor-8] INFO  ratis.OzoneManagerStateMachine (OzoneManagerStateMachine.java:getLatestSnapshot(147)) - Latest Snapshot Info 1#249
2020-07-01 01:06:02,460 [grpc-default-executor-8] INFO  ratis.OzoneManagerStateMachine (OzoneManagerStateMachine.java:getLatestSnapshot(147)) - Latest Snapshot Info 1#249
2020-07-01 01:06:02,461 [Thread-5088] DEBUG impl.RaftServerImpl (RaftServerImpl.java:logAppendEntries(928)) - omNode-3@group-523986131536: succeeded to handle AppendEntries. Reply: omNode-1<-omNode-3#296:OK,SUCCESS,nextIndex:272,term:1,followerCommit:269
2020-07-01 01:06:02,462 [grpc-default-executor-6] DEBUG server.GrpcLogAppender (GrpcLogAppender.java:onNext(257)) - omNode-1@group-523986131536->omNode-3-AppendLogResponseHandler: received a reply omNode-1<-omNode-3#296:OK,SUCCESS,nextIndex:272,term:1,followerCommit:269, request=AppendEntriesRequest:cid=296,entriesCount=1,lastEntry=(t:1, i:271)
2020-07-01 01:06:02,464 [grpc-default-executor-6] WARN  server.GrpcLogAppender (LogUtils.java:warn(122)) - omNode-1@group-523986131536->omNode-2-AppendLogResponseHandler: Failed appendEntries: org.apache.ratis.thirdparty.io.grpc.StatusRuntimeException: UNAVAILABLE: io exception
2020-07-01 01:06:02,464 [grpc-default-executor-6] INFO  impl.FollowerInfo (FollowerInfo.java:lambda$new$0(51)) - omNode-1@group-523986131536->omNode-2: nextIndex: updateUnconditionally 272 -> 45
2020-07-01 01:06:02,465 [grpc-default-executor-6] DEBUG impl.RaftServerImpl (RaftServerImpl.java:logAppendEntries(928)) - omNode-3@group-523986131536: receive appendEntries(omNode-1, 1, (t:1, i:271), 271, false, commits[omNode-1:c271, omNode-3:c269, omNode-2:c43], entries: (t:1, i:272), METADATAENTRY(c:271)
2020-07-01 01:06:02,465 [grpc-default-executor-6] INFO  ratis.OzoneManagerStateMachine (OzoneManagerStateMachine.java:getLatestSnapshot(147)) - Latest Snapshot Info 1#249
2020-07-01 01:06:02,465 [grpc-default-executor-6] INFO  ratis.OzoneManagerStateMachine (OzoneManagerStateMachine.java:getLatestSnapshot(147)) - Latest Snapshot Info 1#249
2020-07-01 01:06:02,466 [Thread-5089] DEBUG impl.RaftServerImpl (RaftServerImpl.java:logAppendEntries(928)) - omNode-3@group-523986131536: succeeded to handle AppendEntries. Reply: omNode-1<-omNode-3#297:OK,SUCCESS,nextIndex:273,term:1,followerCommit:271
2020-07-01 01:06:02,467 [grpc-default-executor-6] DEBUG server.GrpcLogAppender (GrpcLogAppender.java:onNext(257)) - omNode-1@group-523986131536->omNode-3-AppendLogResponseHandler: received a reply omNode-1<-omNode-3#297:OK,SUCCESS,nextIndex:273,term:1,followerCommit:271, request=AppendEntriesRequest:cid=297,entriesCount=1,lastEntry=(t:1, i:272)
2020-07-01 01:06:02,467 [IPC Server handler 12 on default port 11860] DEBUG impl.RaftServerImpl (RaftServerImpl.java:submitClientRequestAsync(575)) - omNode-1@group-523986131536: receive client request(RaftClientRequest:client-6E5155DBE9B8->omNode-1@group-523986131536, cid=458, seq=0, RW, Message:081f12001a13636c6965...(size=409))
2020-07-01 01:06:02,468 [IPC Server handler 12 on default port 11860] DEBUG impl.RaftServerImpl (LeaderState.java:addPendingRequest(335)) - omNode-1@group-523986131536-LeaderState: addPendingRequest at RaftClientRequest:client-6E5155DBE9B8->omNode-1@group-523986131536, cid=458, seq=0, RW, Message:081f12001a13636c6965...(size=409), entry=(t:1, i:273), STATEMACHINELOGENTRY, client-6E5155DBE9B8, cid=458
2020-07-01 01:06:02,468 [grpc-default-executor-6] DEBUG impl.RaftServerImpl (RaftServerImpl.java:logAppendEntries(928)) - omNode-3@group-523986131536: receive appendEntries(omNode-1, 1, (t:1, i:272), 272, false, commits[omNode-1:c272, omNode-3:c271, omNode-2:c43], entries: (t:1, i:273), STATEMACHINELOGENTRY, client-6E5155DBE9B8, cid=458
2020-07-01 01:06:02,468 [grpc-default-executor-6] INFO  ratis.OzoneManagerStateMachine (OzoneManagerStateMachine.java:getLatestSnapshot(147)) - Latest Snapshot Info 1#249
2020-07-01 01:06:02,468 [grpc-default-executor-6] INFO  ratis.OzoneManagerStateMachine (OzoneManagerStateMachine.java:getLatestSnapshot(147)) - Latest Snapshot Info 1#249
2020-07-01 01:06:02,469 [grpc-default-executor-6] WARN  server.GrpcLogAppender (LogUtils.java:warn(122)) - omNode-1@group-523986131536->omNode-2-AppendLogResponseHandler: Failed appendEntries: org.apache.ratis.thirdparty.io.grpc.StatusRuntimeException: UNAVAILABLE: io exception
2020-07-01 01:06:02,469 [grpc-default-executor-6] INFO  impl.FollowerInfo (FollowerInfo.java:lambda$new$0(51)) - omNode-1@group-523986131536->omNode-2: nextIndex: updateUnconditionally 273 -> 45
2020-07-01 01:06:02,469 [Thread-5090] DEBUG impl.RaftServerImpl (RaftServerImpl.java:logAppendEntries(928)) - omNode-3@group-523986131536: succeeded to handle AppendEntries. Reply: omNode-1<-omNode-3#298:OK,SUCCESS,nextIndex:274,term:1,followerCommit:272
2020-07-01 01:06:02,469 [grpc-default-executor-6] DEBUG server.GrpcLogAppender (GrpcLogAppender.java:onNext(257)) - omNode-1@group-523986131536->omNode-3-AppendLogResponseHandler: received a reply omNode-1<-omNode-3#298:OK,SUCCESS,nextIndex:274,term:1,followerCommit:272, request=AppendEntriesRequest:cid=298,entriesCount=1,lastEntry=(t:1, i:273)
2020-07-01 01:06:02,472 [grpc-default-executor-7] WARN  server.GrpcLogAppender (LogUtils.java:warn(122)) - omNode-1@group-523986131536->omNode-2-AppendLogResponseHandler: Failed appendEntries: org.apache.ratis.thirdparty.io.grpc.StatusRuntimeException: UNAVAILABLE: io exception
2020-07-01 01:06:02,472 [grpc-default-executor-7] INFO  impl.FollowerInfo (FollowerInfo.java:lambda$new$0(51)) - omNode-1@group-523986131536->omNode-2: nextIndex: updateUnconditionally 275 -> 45
2020-07-01 01:06:02,472 [grpc-default-executor-8] DEBUG impl.RaftServerImpl (RaftServerImpl.java:logAppendEntries(928)) - omNode-3@group-523986131536: receive appendEntries(omNode-1, 1, (t:1, i:273), 273, false, commits[omNode-1:c273, omNode-3:c272, omNode-2:c43], entries: (t:1, i:274), METADATAENTRY(c:273)
2020-07-01 01:06:02,472 [grpc-default-executor-8] INFO  ratis.OzoneManagerStateMachine (OzoneManagerStateMachine.java:getLatestSnapshot(147)) - Latest Snapshot Info 1#249
2020-07-01 01:06:02,472 [grpc-default-executor-8] INFO  ratis.OzoneManagerStateMachine (OzoneManagerStateMachine.java:getLatestSnapshot(147)) - Latest Snapshot Info 1#249
2020-07-01 01:06:02,474 [Thread-5091] DEBUG impl.RaftServerImpl (RaftServerImpl.java:logAppendEntries(928)) - omNode-3@group-523986131536: succeeded to handle AppendEntries. Reply: omNode-1<-omNode-3#299:OK,SUCCESS,nextIndex:275,term:1,followerCommit:273
2020-07-01 01:06:02,475 [grpc-default-executor-7] DEBUG server.GrpcLogAppender (GrpcLogAppender.java:onNext(257)) - omNode-1@group-523986131536->omNode-3-AppendLogResponseHandler: received a reply omNode-1<-omNode-3#299:OK,SUCCESS,nextIndex:275,term:1,followerCommit:273, request=AppendEntriesRequest:cid=299,entriesCount=1,lastEntry=(t:1, i:274)
2020-07-01 01:06:02,477 [grpc-default-executor-7] WARN  server.GrpcLogAppender (LogUtils.java:warn(122)) - omNode-1@group-523986131536->omNode-2-AppendLogResponseHandler: Failed appendEntries: org.apache.ratis.thirdparty.io.grpc.StatusRuntimeException: UNAVAILABLE: io exception
2020-07-01 01:06:02,477 [grpc-default-executor-7] INFO  impl.FollowerInfo (FollowerInfo.java:lambda$new$0(51)) - omNode-1@group-523986131536->omNode-2: nextIndex: updateUnconditionally 275 -> 45
2020-07-01 01:06:02,477 [IPC Server handler 1 on default port 11860] DEBUG impl.RaftServerImpl (RaftServerImpl.java:submitClientRequestAsync(575)) - omNode-1@group-523986131536: receive client request(RaftClientRequest:client-6E5155DBE9B8->omNode-1@group-523986131536, cid=459, seq=0, RW, Message:082412001a13636c6965...(size=360))
2020-07-01 01:06:02,477 [IPC Server handler 1 on default port 11860] DEBUG impl.RaftServerImpl (LeaderState.java:addPendingRequest(335)) - omNode-1@group-523986131536-LeaderState: addPendingRequest at RaftClientRequest:client-6E5155DBE9B8->omNode-1@group-523986131536, cid=459, seq=0, RW, Message:082412001a13636c6965...(size=360), entry=(t:1, i:275), STATEMACHINELOGENTRY, client-6E5155DBE9B8, cid=459
2020-07-01 01:06:02,479 [grpc-default-executor-7] DEBUG impl.RaftServerImpl (RaftServerImpl.java:logAppendEntries(928)) - omNode-3@group-523986131536: receive appendEntries(omNode-1, 1, (t:1, i:274), 274, false, commits[omNode-1:c274, omNode-3:c273, omNode-2:c43], entries: (t:1, i:275), STATEMACHINELOGENTRY, client-6E5155DBE9B8, cid=459
2020-07-01 01:06:02,479 [grpc-default-executor-7] INFO  ratis.OzoneManagerStateMachine (OzoneManagerStateMachine.java:getLatestSnapshot(147)) - Latest Snapshot Info 1#249
2020-07-01 01:06:02,479 [grpc-default-executor-7] INFO  ratis.OzoneManagerStateMachine (OzoneManagerStateMachine.java:getLatestSnapshot(147)) - Latest Snapshot Info 1#249
2020-07-01 01:06:02,479 [grpc-default-executor-6] WARN  server.GrpcLogAppender (LogUtils.java:warn(122)) - omNode-1@group-523986131536->omNode-2-AppendLogResponseHandler: Failed appendEntries: org.apache.ratis.thirdparty.io.grpc.StatusRuntimeException: UNAVAILABLE: io exception
2020-07-01 01:06:02,479 [grpc-default-executor-6] INFO  impl.FollowerInfo (FollowerInfo.java:lambda$new$0(51)) - omNode-1@group-523986131536->omNode-2: nextIndex: updateUnconditionally 276 -> 45
2020-07-01 01:06:02,480 [Thread-5092] DEBUG impl.RaftServerImpl (RaftServerImpl.java:logAppendEntries(928)) - omNode-3@group-523986131536: succeeded to handle AppendEntries. Reply: omNode-1<-omNode-3#300:OK,SUCCESS,nextIndex:276,term:1,followerCommit:274
2020-07-01 01:06:02,480 [grpc-default-executor-6] DEBUG server.GrpcLogAppender (GrpcLogAppender.java:onNext(257)) - omNode-1@group-523986131536->omNode-3-AppendLogResponseHandler: received a reply omNode-1<-omNode-3#300:OK,SUCCESS,nextIndex:276,term:1,followerCommit:274, request=AppendEntriesRequest:cid=300,entriesCount=1,lastEntry=(t:1, i:275)
2020-07-01 01:06:02,481 [grpc-default-executor-6] DEBUG impl.RaftServerImpl (RaftServerImpl.java:logAppendEntries(928)) - omNode-3@group-523986131536: receive appendEntries(omNode-1, 1, (t:1, i:275), 275, false, commits[omNode-1:c275, omNode-3:c274, omNode-2:c43], entries: (t:1, i:276), METADATAENTRY(c:275)
2020-07-01 01:06:02,481 [grpc-default-executor-6] INFO  ratis.OzoneManagerStateMachine (OzoneManagerStateMachine.java:getLatestSnapshot(147)) - Latest Snapshot Info 1#249
2020-07-01 01:06:02,482 [grpc-default-executor-6] INFO  ratis.OzoneManagerStateMachine (OzoneManagerStateMachine.java:getLatestSnapshot(147)) - Latest Snapshot Info 1#249
2020-07-01 01:06:02,483 [grpc-default-executor-6] WARN  server.GrpcLogAppender (LogUtils.java:warn(122)) - omNode-1@group-523986131536->omNode-2-AppendLogResponseHandler: Failed appendEntries: org.apache.ratis.thirdparty.io.grpc.StatusRuntimeException: UNAVAILABLE: io exception
2020-07-01 01:06:02,483 [grpc-default-executor-6] INFO  impl.FollowerInfo (FollowerInfo.java:lambda$new$0(51)) - omNode-1@group-523986131536->omNode-2: nextIndex: updateUnconditionally 277 -> 45
2020-07-01 01:06:02,483 [Thread-5093] DEBUG impl.RaftServerImpl (RaftServerImpl.java:logAppendEntries(928)) - omNode-3@group-523986131536: succeeded to handle AppendEntries. Reply: omNode-1<-omNode-3#301:OK,SUCCESS,nextIndex:277,term:1,followerCommit:275
2020-07-01 01:06:02,484 [IPC Server handler 3 on default port 11860] DEBUG impl.RaftServerImpl (RaftServerImpl.java:submitClientRequestAsync(575)) - omNode-1@group-523986131536: receive client request(RaftClientRequest:client-6E5155DBE9B8->omNode-1@group-523986131536, cid=460, seq=0, RW, Message:081f12001a13636c6965...(size=409))
2020-07-01 01:06:02,484 [IPC Server handler 3 on default port 11860] DEBUG impl.RaftServerImpl (LeaderState.java:addPendingRequest(335)) - omNode-1@group-523986131536-LeaderState: addPendingRequest at RaftClientRequest:client-6E5155DBE9B8->omNode-1@group-523986131536, cid=460, seq=0, RW, Message:081f12001a13636c6965...(size=409), entry=(t:1, i:277), STATEMACHINELOGENTRY, client-6E5155DBE9B8, cid=460
2020-07-01 01:06:02,485 [grpc-default-executor-6] DEBUG server.GrpcLogAppender (GrpcLogAppender.java:onNext(257)) - omNode-1@group-523986131536->omNode-3-AppendLogResponseHandler: received a reply omNode-1<-omNode-3#301:OK,SUCCESS,nextIndex:277,term:1,followerCommit:275, request=AppendEntriesRequest:cid=301,entriesCount=1,lastEntry=(t:1, i:276)
2020-07-01 01:06:02,485 [grpc-default-executor-7] DEBUG impl.RaftServerImpl (RaftServerImpl.java:logAppendEntries(928)) - omNode-3@group-523986131536: receive appendEntries(omNode-1, 1, (t:1, i:276), 275, false, commits[omNode-1:c275, omNode-3:c274, omNode-2:c43], entries: (t:1, i:277), STATEMACHINELOGENTRY, client-6E5155DBE9B8, cid=460
2020-07-01 01:06:02,485 [grpc-default-executor-7] INFO  ratis.OzoneManagerStateMachine (OzoneManagerStateMachine.java:getLatestSnapshot(147)) - Latest Snapshot Info 1#249
2020-07-01 01:06:02,485 [grpc-default-executor-7] INFO  ratis.OzoneManagerStateMachine (OzoneManagerStateMachine.java:getLatestSnapshot(147)) - Latest Snapshot Info 1#249
2020-07-01 01:06:02,487 [grpc-default-executor-6] WARN  server.GrpcLogAppender (LogUtils.java:warn(122)) - omNode-1@group-523986131536->omNode-2-AppendLogResponseHandler: Failed appendEntries: org.apache.ratis.thirdparty.io.grpc.StatusRuntimeException: UNAVAILABLE: io exception
2020-07-01 01:06:02,487 [Thread-5094] DEBUG impl.RaftServerImpl (RaftServerImpl.java:logAppendEntries(928)) - omNode-3@group-523986131536: succeeded to handle AppendEntries. Reply: omNode-1<-omNode-3#302:OK,SUCCESS,nextIndex:278,term:1,followerCommit:275
2020-07-01 01:06:02,487 [grpc-default-executor-7] DEBUG server.GrpcLogAppender (GrpcLogAppender.java:onNext(257)) - omNode-1@group-523986131536->omNode-3-AppendLogResponseHandler: received a reply omNode-1<-omNode-3#302:OK,SUCCESS,nextIndex:278,term:1,followerCommit:275, request=AppendEntriesRequest:cid=302,entriesCount=1,lastEntry=(t:1, i:277)
2020-07-01 01:06:02,488 [grpc-default-executor-7] DEBUG impl.RaftServerImpl (RaftServerImpl.java:logAppendEntries(928)) - omNode-3@group-523986131536: receive appendEntries(omNode-1, 1, (t:1, i:277), 277, false, commits[omNode-1:c277, omNode-3:c275, omNode-2:c43], entries: (t:1, i:278), METADATAENTRY(c:277)
2020-07-01 01:06:02,488 [grpc-default-executor-7] INFO  ratis.OzoneManagerStateMachine (OzoneManagerStateMachine.java:getLatestSnapshot(147)) - Latest Snapshot Info 1#249
2020-07-01 01:06:02,488 [grpc-default-executor-7] INFO  ratis.OzoneManagerStateMachine (OzoneManagerStateMachine.java:getLatestSnapshot(147)) - Latest Snapshot Info 1#249
2020-07-01 01:06:02,487 [grpc-default-executor-6] INFO  impl.FollowerInfo (FollowerInfo.java:lambda$new$0(51)) - omNode-1@group-523986131536->omNode-2: nextIndex: updateUnconditionally 278 -> 45
2020-07-01 01:06:02,492 [grpc-default-executor-1] WARN  server.GrpcLogAppender (LogUtils.java:warn(122)) - omNode-1@group-523986131536->omNode-2-AppendLogResponseHandler: Failed appendEntries: org.apache.ratis.thirdparty.io.grpc.StatusRuntimeException: UNAVAILABLE: io exception
2020-07-01 01:06:02,492 [grpc-default-executor-1] INFO  impl.FollowerInfo (FollowerInfo.java:lambda$new$0(51)) - omNode-1@group-523986131536->omNode-2: nextIndex: updateUnconditionally 279 -> 45
2020-07-01 01:06:02,492 [Thread-5095] DEBUG impl.RaftServerImpl (RaftServerImpl.java:logAppendEntries(928)) - omNode-3@group-523986131536: succeeded to handle AppendEntries. Reply: omNode-1<-omNode-3#303:OK,SUCCESS,nextIndex:279,term:1,followerCommit:277
2020-07-01 01:06:02,493 [grpc-default-executor-1] DEBUG server.GrpcLogAppender (GrpcLogAppender.java:onNext(257)) - omNode-1@group-523986131536->omNode-3-AppendLogResponseHandler: received a reply omNode-1<-omNode-3#303:OK,SUCCESS,nextIndex:279,term:1,followerCommit:277, request=AppendEntriesRequest:cid=303,entriesCount=1,lastEntry=(t:1, i:278)
2020-07-01 01:06:02,495 [grpc-default-executor-1] WARN  server.GrpcLogAppender (LogUtils.java:warn(122)) - omNode-1@group-523986131536->omNode-2-AppendLogResponseHandler: Failed appendEntries: org.apache.ratis.thirdparty.io.grpc.StatusRuntimeException: UNAVAILABLE: io exception
2020-07-01 01:06:02,495 [grpc-default-executor-1] INFO  impl.FollowerInfo (FollowerInfo.java:lambda$new$0(51)) - omNode-1@group-523986131536->omNode-2: nextIndex: updateUnconditionally 279 -> 45
2020-07-01 01:06:02,503 [IPC Server handler 0 on default port 11860] DEBUG impl.RaftServerImpl (RaftServerImpl.java:submitClientRequestAsync(575)) - omNode-1@group-523986131536: receive client request(RaftClientRequest:client-6E5155DBE9B8->omNode-1@group-523986131536, cid=461, seq=0, RW, Message:082412001a13636c6965...(size=360))
2020-07-01 01:06:02,503 [IPC Server handler 0 on default port 11860] DEBUG impl.RaftServerImpl (LeaderState.java:addPendingRequest(335)) - omNode-1@group-523986131536-LeaderState: addPendingRequest at RaftClientRequest:client-6E5155DBE9B8->omNode-1@group-523986131536, cid=461, seq=0, RW, Message:082412001a13636c6965...(size=360), entry=(t:1, i:279), STATEMACHINELOGENTRY, client-6E5155DBE9B8, cid=461
2020-07-01 01:06:02,503 [grpc-default-executor-6] DEBUG impl.RaftServerImpl (RaftServerImpl.java:logAppendEntries(928)) - omNode-3@group-523986131536: receive appendEntries(omNode-1, 1, (t:1, i:278), 278, false, commits[omNode-1:c278, omNode-3:c277, omNode-2:c43], entries: (t:1, i:279), STATEMACHINELOGENTRY, client-6E5155DBE9B8, cid=461
2020-07-01 01:06:02,504 [grpc-default-executor-6] INFO  ratis.OzoneManagerStateMachine (OzoneManagerStateMachine.java:getLatestSnapshot(147)) - Latest Snapshot Info 1#249
2020-07-01 01:06:02,504 [grpc-default-executor-6] INFO  ratis.OzoneManagerStateMachine (OzoneManagerStateMachine.java:getLatestSnapshot(147)) - Latest Snapshot Info 1#249
2020-07-01 01:06:02,601 [grpc-default-executor-8] WARN  server.GrpcLogAppender (LogUtils.java:warn(122)) - omNode-1@group-523986131536->omNode-2-AppendLogResponseHandler: Failed appendEntries: org.apache.ratis.thirdparty.io.grpc.StatusRuntimeException: UNAVAILABLE: io exception
2020-07-01 01:06:02,601 [grpc-default-executor-8] INFO  impl.FollowerInfo (FollowerInfo.java:lambda$new$0(51)) - omNode-1@group-523986131536->omNode-2: nextIndex: updateUnconditionally 280 -> 45
2020-07-01 01:06:02,607 [Thread-5096] DEBUG impl.RaftServerImpl (RaftServerImpl.java:logAppendEntries(928)) - omNode-3@group-523986131536: succeeded to handle AppendEntries. Reply: omNode-1<-omNode-3#304:OK,SUCCESS,nextIndex:280,term:1,followerCommit:278
2020-07-01 01:06:02,608 [grpc-default-executor-6] DEBUG server.GrpcLogAppender (GrpcLogAppender.java:onNext(257)) - omNode-1@group-523986131536->omNode-3-AppendLogResponseHandler: received a reply omNode-1<-omNode-3#304:OK,SUCCESS,nextIndex:280,term:1,followerCommit:278, request=AppendEntriesRequest:cid=304,entriesCount=1,lastEntry=(t:1, i:279)
2020-07-01 01:06:02,609 [grpc-default-executor-6] DEBUG impl.RaftServerImpl (RaftServerImpl.java:logAppendEntries(928)) - omNode-3@group-523986131536: receive appendEntries(omNode-1, 1, (t:1, i:279), 279, false, commits[omNode-1:c279, omNode-3:c278, omNode-2:c43], entries: (t:1, i:280), METADATAENTRY(c:279)
2020-07-01 01:06:02,609 [grpc-default-executor-6] INFO  ratis.OzoneManagerStateMachine (OzoneManagerStateMachine.java:getLatestSnapshot(147)) - Latest Snapshot Info 1#249
2020-07-01 01:06:02,609 [grpc-default-executor-6] INFO  ratis.OzoneManagerStateMachine (OzoneManagerStateMachine.java:getLatestSnapshot(147)) - Latest Snapshot Info 1#249
2020-07-01 01:06:02,615 [grpc-default-executor-8] WARN  server.GrpcLogAppender (LogUtils.java:warn(122)) - omNode-1@group-523986131536->omNode-2-AppendLogResponseHandler: Failed appendEntries: org.apache.ratis.thirdparty.io.grpc.StatusRuntimeException: UNAVAILABLE: io exception
2020-07-01 01:06:02,615 [grpc-default-executor-8] INFO  impl.FollowerInfo (FollowerInfo.java:lambda$new$0(51)) - omNode-1@group-523986131536->omNode-2: nextIndex: updateUnconditionally 281 -> 45
2020-07-01 01:06:02,615 [IPC Server handler 5 on default port 11860] DEBUG impl.RaftServerImpl (RaftServerImpl.java:submitClientRequestAsync(575)) - omNode-1@group-523986131536: receive client request(RaftClientRequest:client-6E5155DBE9B8->omNode-1@group-523986131536, cid=462, seq=0, RW, Message:081f12001a13636c6965...(size=409))
2020-07-01 01:06:02,616 [IPC Server handler 5 on default port 11860] DEBUG impl.RaftServerImpl (LeaderState.java:addPendingRequest(335)) - omNode-1@group-523986131536-LeaderState: addPendingRequest at RaftClientRequest:client-6E5155DBE9B8->omNode-1@group-523986131536, cid=462, seq=0, RW, Message:081f12001a13636c6965...(size=409), entry=(t:1, i:281), STATEMACHINELOGENTRY, client-6E5155DBE9B8, cid=462
2020-07-01 01:06:02,617 [grpc-default-executor-8] DEBUG impl.RaftServerImpl (RaftServerImpl.java:logAppendEntries(928)) - omNode-3@group-523986131536: receive appendEntries(omNode-1, 1, (t:1, i:280), 279, false, commits[omNode-1:c279, omNode-3:c278, omNode-2:c43], entries: (t:1, i:281), STATEMACHINELOGENTRY, client-6E5155DBE9B8, cid=462
2020-07-01 01:06:02,617 [grpc-default-executor-8] INFO  ratis.OzoneManagerStateMachine (OzoneManagerStateMachine.java:getLatestSnapshot(147)) - Latest Snapshot Info 1#249
2020-07-01 01:06:02,617 [grpc-default-executor-8] INFO  ratis.OzoneManagerStateMachine (OzoneManagerStateMachine.java:getLatestSnapshot(147)) - Latest Snapshot Info 1#249
2020-07-01 01:06:02,618 [grpc-default-executor-6] WARN  server.GrpcLogAppender (LogUtils.java:warn(122)) - omNode-1@group-523986131536->omNode-2-AppendLogResponseHandler: Failed appendEntries: org.apache.ratis.thirdparty.io.grpc.StatusRuntimeException: UNAVAILABLE: io exception
2020-07-01 01:06:02,618 [grpc-default-executor-6] INFO  impl.FollowerInfo (FollowerInfo.java:lambda$new$0(51)) - omNode-1@group-523986131536->omNode-2: nextIndex: updateUnconditionally 282 -> 45
2020-07-01 01:06:02,618 [Thread-5097] DEBUG impl.RaftServerImpl (RaftServerImpl.java:logAppendEntries(928)) - omNode-3@group-523986131536: succeeded to handle AppendEntries. Reply: omNode-1<-omNode-3#305:OK,SUCCESS,nextIndex:281,term:1,followerCommit:279
2020-07-01 01:06:02,618 [Thread-5098] DEBUG impl.RaftServerImpl (RaftServerImpl.java:logAppendEntries(928)) - omNode-3@group-523986131536: succeeded to handle AppendEntries. Reply: omNode-1<-omNode-3#306:OK,SUCCESS,nextIndex:282,term:1,followerCommit:279
2020-07-01 01:06:02,619 [grpc-default-executor-6] DEBUG server.GrpcLogAppender (GrpcLogAppender.java:onNext(257)) - omNode-1@group-523986131536->omNode-3-AppendLogResponseHandler: received a reply omNode-1<-omNode-3#305:OK,SUCCESS,nextIndex:281,term:1,followerCommit:279, request=AppendEntriesRequest:cid=305,entriesCount=1,lastEntry=(t:1, i:280)
2020-07-01 01:06:02,620 [grpc-default-executor-6] DEBUG server.GrpcLogAppender (GrpcLogAppender.java:onNext(257)) - omNode-1@group-523986131536->omNode-3-AppendLogResponseHandler: received a reply omNode-1<-omNode-3#306:OK,SUCCESS,nextIndex:282,term:1,followerCommit:279, request=AppendEntriesRequest:cid=306,entriesCount=1,lastEntry=(t:1, i:281)
2020-07-01 01:06:02,621 [grpc-default-executor-8] WARN  server.GrpcLogAppender (LogUtils.java:warn(122)) - omNode-1@group-523986131536->omNode-2-AppendLogResponseHandler: Failed appendEntries: org.apache.ratis.thirdparty.io.grpc.StatusRuntimeException: UNAVAILABLE: io exception
2020-07-01 01:06:02,621 [grpc-default-executor-8] INFO  impl.FollowerInfo (FollowerInfo.java:lambda$new$0(51)) - omNode-1@group-523986131536->omNode-2: nextIndex: updateUnconditionally 282 -> 45
2020-07-01 01:06:02,624 [grpc-default-executor-8] DEBUG impl.RaftServerImpl (RaftServerImpl.java:logAppendEntries(928)) - omNode-3@group-523986131536: receive appendEntries(omNode-1, 1, (t:1, i:281), 281, false, commits[omNode-1:c281, omNode-3:c279, omNode-2:c43], entries: (t:1, i:282), METADATAENTRY(c:281)
2020-07-01 01:06:02,624 [grpc-default-executor-8] INFO  ratis.OzoneManagerStateMachine (OzoneManagerStateMachine.java:getLatestSnapshot(147)) - Latest Snapshot Info 1#249
2020-07-01 01:06:02,624 [grpc-default-executor-8] INFO  ratis.OzoneManagerStateMachine (OzoneManagerStateMachine.java:getLatestSnapshot(147)) - Latest Snapshot Info 1#249
2020-07-01 01:06:02,629 [Thread-5099] DEBUG impl.RaftServerImpl (RaftServerImpl.java:logAppendEntries(928)) - omNode-3@group-523986131536: succeeded to handle AppendEntries. Reply: omNode-1<-omNode-3#307:OK,SUCCESS,nextIndex:283,term:1,followerCommit:281
2020-07-01 01:06:02,633 [IPC Server handler 2 on default port 11860] DEBUG impl.RaftServerImpl (RaftServerImpl.java:submitClientRequestAsync(575)) - omNode-1@group-523986131536: receive client request(RaftClientRequest:client-6E5155DBE9B8->omNode-1@group-523986131536, cid=463, seq=0, RW, Message:082412001a13636c6965...(size=360))
2020-07-01 01:06:02,634 [IPC Server handler 2 on default port 11860] DEBUG impl.RaftServerImpl (LeaderState.java:addPendingRequest(335)) - omNode-1@group-523986131536-LeaderState: addPendingRequest at RaftClientRequest:client-6E5155DBE9B8->omNode-1@group-523986131536, cid=463, seq=0, RW, Message:082412001a13636c6965...(size=360), entry=(t:1, i:283), STATEMACHINELOGENTRY, client-6E5155DBE9B8, cid=463
2020-07-01 01:06:02,635 [grpc-default-executor-6] DEBUG impl.RaftServerImpl (RaftServerImpl.java:logAppendEntries(928)) - omNode-3@group-523986131536: receive appendEntries(omNode-1, 1, (t:1, i:282), 281, false, commits[omNode-1:c281, omNode-3:c279, omNode-2:c43], entries: (t:1, i:283), STATEMACHINELOGENTRY, client-6E5155DBE9B8, cid=463
2020-07-01 01:06:02,635 [grpc-default-executor-6] INFO  ratis.OzoneManagerStateMachine (OzoneManagerStateMachine.java:getLatestSnapshot(147)) - Latest Snapshot Info 1#249
2020-07-01 01:06:02,635 [grpc-default-executor-6] INFO  ratis.OzoneManagerStateMachine (OzoneManagerStateMachine.java:getLatestSnapshot(147)) - Latest Snapshot Info 1#249
2020-07-01 01:06:02,636 [Thread-5100] DEBUG impl.RaftServerImpl (RaftServerImpl.java:logAppendEntries(928)) - omNode-3@group-523986131536: succeeded to handle AppendEntries. Reply: omNode-1<-omNode-3#308:OK,SUCCESS,nextIndex:284,term:1,followerCommit:281
2020-07-01 01:06:02,636 [grpc-default-executor-1] WARN  server.GrpcLogAppender (LogUtils.java:warn(122)) - omNode-1@group-523986131536->omNode-2-AppendLogResponseHandler: Failed appendEntries: org.apache.ratis.thirdparty.io.grpc.StatusRuntimeException: UNAVAILABLE: io exception
2020-07-01 01:06:02,636 [grpc-default-executor-6] DEBUG server.GrpcLogAppender (GrpcLogAppender.java:onNext(257)) - omNode-1@group-523986131536->omNode-3-AppendLogResponseHandler: received a reply omNode-1<-omNode-3#307:OK,SUCCESS,nextIndex:283,term:1,followerCommit:281, request=AppendEntriesRequest:cid=307,entriesCount=1,lastEntry=(t:1, i:282)
2020-07-01 01:06:02,637 [grpc-default-executor-1] INFO  impl.FollowerInfo (FollowerInfo.java:lambda$new$0(51)) - omNode-1@group-523986131536->omNode-2: nextIndex: updateUnconditionally 284 -> 45
2020-07-01 01:06:02,638 [grpc-default-executor-1] DEBUG server.GrpcLogAppender (GrpcLogAppender.java:onNext(257)) - omNode-1@group-523986131536->omNode-3-AppendLogResponseHandler: received a reply omNode-1<-omNode-3#308:OK,SUCCESS,nextIndex:284,term:1,followerCommit:281, request=AppendEntriesRequest:cid=308,entriesCount=1,lastEntry=(t:1, i:283)
2020-07-01 01:06:02,639 [grpc-default-executor-1] WARN  server.GrpcLogAppender (LogUtils.java:warn(122)) - omNode-1@group-523986131536->omNode-2-AppendLogResponseHandler: Failed appendEntries: org.apache.ratis.thirdparty.io.grpc.StatusRuntimeException: UNAVAILABLE: io exception
2020-07-01 01:06:02,639 [grpc-default-executor-1] INFO  impl.FollowerInfo (FollowerInfo.java:lambda$new$0(51)) - omNode-1@group-523986131536->omNode-2: nextIndex: updateUnconditionally 284 -> 45
2020-07-01 01:06:02,640 [grpc-default-executor-1] DEBUG impl.RaftServerImpl (RaftServerImpl.java:logAppendEntries(928)) - omNode-3@group-523986131536: receive appendEntries(omNode-1, 1, (t:1, i:283), 283, false, commits[omNode-1:c283, omNode-3:c281, omNode-2:c43], entries: (t:1, i:284), METADATAENTRY(c:283)
2020-07-01 01:06:02,640 [grpc-default-executor-1] INFO  ratis.OzoneManagerStateMachine (OzoneManagerStateMachine.java:getLatestSnapshot(147)) - Latest Snapshot Info 1#249
2020-07-01 01:06:02,640 [grpc-default-executor-1] INFO  ratis.OzoneManagerStateMachine (OzoneManagerStateMachine.java:getLatestSnapshot(147)) - Latest Snapshot Info 1#249
2020-07-01 01:06:02,641 [IPC Server handler 4 on default port 11860] DEBUG impl.RaftServerImpl (RaftServerImpl.java:submitClientRequestAsync(575)) - omNode-1@group-523986131536: receive client request(RaftClientRequest:client-6E5155DBE9B8->omNode-1@group-523986131536, cid=464, seq=0, RW, Message:081f12001a13636c6965...(size=409))
2020-07-01 01:06:02,642 [Thread-5101] DEBUG impl.RaftServerImpl (RaftServerImpl.java:logAppendEntries(928)) - omNode-3@group-523986131536: succeeded to handle AppendEntries. Reply: omNode-1<-omNode-3#309:OK,SUCCESS,nextIndex:285,term:1,followerCommit:283
2020-07-01 01:06:02,642 [IPC Server handler 4 on default port 11860] DEBUG impl.RaftServerImpl (LeaderState.java:addPendingRequest(335)) - omNode-1@group-523986131536-LeaderState: addPendingRequest at RaftClientRequest:client-6E5155DBE9B8->omNode-1@group-523986131536, cid=464, seq=0, RW, Message:081f12001a13636c6965...(size=409), entry=(t:1, i:285), STATEMACHINELOGENTRY, client-6E5155DBE9B8, cid=464
2020-07-01 01:06:02,642 [grpc-default-executor-1] DEBUG server.GrpcLogAppender (GrpcLogAppender.java:onNext(257)) - omNode-1@group-523986131536->omNode-3-AppendLogResponseHandler: received a reply omNode-1<-omNode-3#309:OK,SUCCESS,nextIndex:285,term:1,followerCommit:283, request=AppendEntriesRequest:cid=309,entriesCount=1,lastEntry=(t:1, i:284)
2020-07-01 01:06:02,643 [grpc-default-executor-1] DEBUG impl.RaftServerImpl (RaftServerImpl.java:logAppendEntries(928)) - omNode-3@group-523986131536: receive appendEntries(omNode-1, 1, (t:1, i:284), 283, false, commits[omNode-1:c283, omNode-3:c281, omNode-2:c43], entries: (t:1, i:285), STATEMACHINELOGENTRY, client-6E5155DBE9B8, cid=464
2020-07-01 01:06:02,643 [grpc-default-executor-1] INFO  ratis.OzoneManagerStateMachine (OzoneManagerStateMachine.java:getLatestSnapshot(147)) - Latest Snapshot Info 1#249
2020-07-01 01:06:02,643 [grpc-default-executor-1] INFO  ratis.OzoneManagerStateMachine (OzoneManagerStateMachine.java:getLatestSnapshot(147)) - Latest Snapshot Info 1#249
2020-07-01 01:06:02,643 [Thread-5102] DEBUG impl.RaftServerImpl (RaftServerImpl.java:logAppendEntries(928)) - omNode-3@group-523986131536: succeeded to handle AppendEntries. Reply: omNode-1<-omNode-3#310:OK,SUCCESS,nextIndex:286,term:1,followerCommit:283
2020-07-01 01:06:02,644 [grpc-default-executor-1] DEBUG server.GrpcLogAppender (GrpcLogAppender.java:onNext(257)) - omNode-1@group-523986131536->omNode-3-AppendLogResponseHandler: received a reply omNode-1<-omNode-3#310:OK,SUCCESS,nextIndex:286,term:1,followerCommit:283, request=AppendEntriesRequest:cid=310,entriesCount=1,lastEntry=(t:1, i:285)
2020-07-01 01:06:02,645 [grpc-default-executor-1] WARN  server.GrpcLogAppender (LogUtils.java:warn(122)) - omNode-1@group-523986131536->omNode-2-AppendLogResponseHandler: Failed appendEntries: org.apache.ratis.thirdparty.io.grpc.StatusRuntimeException: UNAVAILABLE: io exception
2020-07-01 01:06:02,645 [grpc-default-executor-6] DEBUG impl.RaftServerImpl (RaftServerImpl.java:logAppendEntries(928)) - omNode-3@group-523986131536: receive appendEntries(omNode-1, 1, (t:1, i:285), 285, false, commits[omNode-1:c285, omNode-3:c283, omNode-2:c43], entries: (t:1, i:286), METADATAENTRY(c:285)
2020-07-01 01:06:02,645 [grpc-default-executor-6] INFO  ratis.OzoneManagerStateMachine (OzoneManagerStateMachine.java:getLatestSnapshot(147)) - Latest Snapshot Info 1#249
2020-07-01 01:06:02,645 [grpc-default-executor-6] INFO  ratis.OzoneManagerStateMachine (OzoneManagerStateMachine.java:getLatestSnapshot(147)) - Latest Snapshot Info 1#249
2020-07-01 01:06:02,645 [grpc-default-executor-1] INFO  impl.FollowerInfo (FollowerInfo.java:lambda$new$0(51)) - omNode-1@group-523986131536->omNode-2: nextIndex: updateUnconditionally 286 -> 45
2020-07-01 01:06:02,649 [Thread-5103] DEBUG impl.RaftServerImpl (RaftServerImpl.java:logAppendEntries(928)) - omNode-3@group-523986131536: succeeded to handle AppendEntries. Reply: omNode-1<-omNode-3#311:OK,SUCCESS,nextIndex:287,term:1,followerCommit:285
2020-07-01 01:06:02,649 [grpc-default-executor-6] DEBUG server.GrpcLogAppender (GrpcLogAppender.java:onNext(257)) - omNode-1@group-523986131536->omNode-3-AppendLogResponseHandler: received a reply omNode-1<-omNode-3#311:OK,SUCCESS,nextIndex:287,term:1,followerCommit:285, request=AppendEntriesRequest:cid=311,entriesCount=1,lastEntry=(t:1, i:286)
2020-07-01 01:06:02,650 [grpc-default-executor-6] WARN  server.GrpcLogAppender (LogUtils.java:warn(122)) - omNode-1@group-523986131536->omNode-2-AppendLogResponseHandler: Failed appendEntries: org.apache.ratis.thirdparty.io.grpc.StatusRuntimeException: UNAVAILABLE: io exception
2020-07-01 01:06:02,650 [grpc-default-executor-6] INFO  impl.FollowerInfo (FollowerInfo.java:lambda$new$0(51)) - omNode-1@group-523986131536->omNode-2: nextIndex: updateUnconditionally 287 -> 45
2020-07-01 01:06:02,659 [IPC Server handler 6 on default port 11860] DEBUG impl.RaftServerImpl (RaftServerImpl.java:submitClientRequestAsync(575)) - omNode-1@group-523986131536: receive client request(RaftClientRequest:client-6E5155DBE9B8->omNode-1@group-523986131536, cid=465, seq=0, RW, Message:082412001a13636c6965...(size=360))
2020-07-01 01:06:02,659 [IPC Server handler 6 on default port 11860] DEBUG impl.RaftServerImpl (LeaderState.java:addPendingRequest(335)) - omNode-1@group-523986131536-LeaderState: addPendingRequest at RaftClientRequest:client-6E5155DBE9B8->omNode-1@group-523986131536, cid=465, seq=0, RW, Message:082412001a13636c6965...(size=360), entry=(t:1, i:287), STATEMACHINELOGENTRY, client-6E5155DBE9B8, cid=465
2020-07-01 01:06:02,660 [grpc-default-executor-6] DEBUG impl.RaftServerImpl (RaftServerImpl.java:logAppendEntries(928)) - omNode-3@group-523986131536: receive appendEntries(omNode-1, 1, (t:1, i:286), 286, false, commits[omNode-1:c286, omNode-3:c285, omNode-2:c43], entries: (t:1, i:287), STATEMACHINELOGENTRY, client-6E5155DBE9B8, cid=465
2020-07-01 01:06:02,660 [grpc-default-executor-6] INFO  ratis.OzoneManagerStateMachine (OzoneManagerStateMachine.java:getLatestSnapshot(147)) - Latest Snapshot Info 1#249
2020-07-01 01:06:02,660 [grpc-default-executor-6] INFO  ratis.OzoneManagerStateMachine (OzoneManagerStateMachine.java:getLatestSnapshot(147)) - Latest Snapshot Info 1#249
2020-07-01 01:06:02,661 [grpc-default-executor-6] WARN  server.GrpcLogAppender (LogUtils.java:warn(122)) - omNode-1@group-523986131536->omNode-2-AppendLogResponseHandler: Failed appendEntries: org.apache.ratis.thirdparty.io.grpc.StatusRuntimeException: UNAVAILABLE: io exception
2020-07-01 01:06:02,661 [grpc-default-executor-6] INFO  impl.FollowerInfo (FollowerInfo.java:lambda$new$0(51)) - omNode-1@group-523986131536->omNode-2: nextIndex: updateUnconditionally 288 -> 45
2020-07-01 01:06:02,662 [Thread-5104] DEBUG impl.RaftServerImpl (RaftServerImpl.java:logAppendEntries(928)) - omNode-3@group-523986131536: succeeded to handle AppendEntries. Reply: omNode-1<-omNode-3#312:OK,SUCCESS,nextIndex:288,term:1,followerCommit:286
2020-07-01 01:06:02,662 [grpc-default-executor-6] DEBUG server.GrpcLogAppender (GrpcLogAppender.java:onNext(257)) - omNode-1@group-523986131536->omNode-3-AppendLogResponseHandler: received a reply omNode-1<-omNode-3#312:OK,SUCCESS,nextIndex:288,term:1,followerCommit:286, request=AppendEntriesRequest:cid=312,entriesCount=1,lastEntry=(t:1, i:287)
2020-07-01 01:06:02,664 [grpc-default-executor-6] DEBUG impl.RaftServerImpl (RaftServerImpl.java:logAppendEntries(928)) - omNode-3@group-523986131536: receive appendEntries(omNode-1, 1, (t:1, i:287), 287, false, commits[omNode-1:c287, omNode-3:c286, omNode-2:c43], entries: (t:1, i:288), METADATAENTRY(c:287)
2020-07-01 01:06:02,664 [grpc-default-executor-6] INFO  ratis.OzoneManagerStateMachine (OzoneManagerStateMachine.java:getLatestSnapshot(147)) - Latest Snapshot Info 1#249
2020-07-01 01:06:02,665 [grpc-default-executor-6] INFO  ratis.OzoneManagerStateMachine (OzoneManagerStateMachine.java:getLatestSnapshot(147)) - Latest Snapshot Info 1#249
2020-07-01 01:06:02,665 [grpc-default-executor-6] WARN  server.GrpcLogAppender (LogUtils.java:warn(122)) - omNode-1@group-523986131536->omNode-2-AppendLogResponseHandler: Failed appendEntries: org.apache.ratis.thirdparty.io.grpc.StatusRuntimeException: UNAVAILABLE: io exception
2020-07-01 01:06:02,665 [grpc-default-executor-6] INFO  impl.FollowerInfo (FollowerInfo.java:lambda$new$0(51)) - omNode-1@group-523986131536->omNode-2: nextIndex: updateUnconditionally 289 -> 45
2020-07-01 01:06:02,666 [IPC Server handler 7 on default port 11860] DEBUG impl.RaftServerImpl (RaftServerImpl.java:submitClientRequestAsync(575)) - omNode-1@group-523986131536: receive client request(RaftClientRequest:client-6E5155DBE9B8->omNode-1@group-523986131536, cid=466, seq=0, RW, Message:081f12001a13636c6965...(size=409))
2020-07-01 01:06:02,666 [IPC Server handler 7 on default port 11860] DEBUG impl.RaftServerImpl (LeaderState.java:addPendingRequest(335)) - omNode-1@group-523986131536-LeaderState: addPendingRequest at RaftClientRequest:client-6E5155DBE9B8->omNode-1@group-523986131536, cid=466, seq=0, RW, Message:081f12001a13636c6965...(size=409), entry=(t:1, i:289), STATEMACHINELOGENTRY, client-6E5155DBE9B8, cid=466
2020-07-01 01:06:02,670 [Thread-5105] DEBUG impl.RaftServerImpl (RaftServerImpl.java:logAppendEntries(928)) - omNode-3@group-523986131536: succeeded to handle AppendEntries. Reply: omNode-1<-omNode-3#313:OK,SUCCESS,nextIndex:289,term:1,followerCommit:287
2020-07-01 01:06:02,671 [grpc-default-executor-6] DEBUG impl.RaftServerImpl (RaftServerImpl.java:logAppendEntries(928)) - omNode-3@group-523986131536: receive appendEntries(omNode-1, 1, (t:1, i:288), 287, false, commits[omNode-1:c287, omNode-3:c286, omNode-2:c43], entries: (t:1, i:289), STATEMACHINELOGENTRY, client-6E5155DBE9B8, cid=466
2020-07-01 01:06:02,671 [grpc-default-executor-6] INFO  ratis.OzoneManagerStateMachine (OzoneManagerStateMachine.java:getLatestSnapshot(147)) - Latest Snapshot Info 1#249
2020-07-01 01:06:02,671 [grpc-default-executor-6] INFO  ratis.OzoneManagerStateMachine (OzoneManagerStateMachine.java:getLatestSnapshot(147)) - Latest Snapshot Info 1#249
2020-07-01 01:06:02,671 [grpc-default-executor-6] DEBUG server.GrpcLogAppender (GrpcLogAppender.java:onNext(257)) - omNode-1@group-523986131536->omNode-3-AppendLogResponseHandler: received a reply omNode-1<-omNode-3#313:OK,SUCCESS,nextIndex:289,term:1,followerCommit:287, request=AppendEntriesRequest:cid=313,entriesCount=1,lastEntry=(t:1, i:288)
2020-07-01 01:06:02,676 [grpc-default-executor-8] WARN  server.GrpcLogAppender (LogUtils.java:warn(122)) - omNode-1@group-523986131536->omNode-2-AppendLogResponseHandler: Failed appendEntries: org.apache.ratis.thirdparty.io.grpc.StatusRuntimeException: UNAVAILABLE: io exception
2020-07-01 01:06:02,676 [grpc-default-executor-8] INFO  impl.FollowerInfo (FollowerInfo.java:lambda$new$0(51)) - omNode-1@group-523986131536->omNode-2: nextIndex: updateUnconditionally 290 -> 45
2020-07-01 01:06:02,676 [Thread-5106] DEBUG impl.RaftServerImpl (RaftServerImpl.java:logAppendEntries(928)) - omNode-3@group-523986131536: succeeded to handle AppendEntries. Reply: omNode-1<-omNode-3#314:OK,SUCCESS,nextIndex:290,term:1,followerCommit:287
2020-07-01 01:06:02,676 [grpc-default-executor-8] DEBUG server.GrpcLogAppender (GrpcLogAppender.java:onNext(257)) - omNode-1@group-523986131536->omNode-3-AppendLogResponseHandler: received a reply omNode-1<-omNode-3#314:OK,SUCCESS,nextIndex:290,term:1,followerCommit:287, request=AppendEntriesRequest:cid=314,entriesCount=1,lastEntry=(t:1, i:289)
2020-07-01 01:06:02,678 [grpc-default-executor-6] DEBUG impl.RaftServerImpl (RaftServerImpl.java:logAppendEntries(928)) - omNode-3@group-523986131536: receive appendEntries(omNode-1, 1, (t:1, i:289), 289, false, commits[omNode-1:c289, omNode-3:c287, omNode-2:c43], entries: (t:1, i:290), METADATAENTRY(c:289)
2020-07-01 01:06:02,678 [grpc-default-executor-6] INFO  ratis.OzoneManagerStateMachine (OzoneManagerStateMachine.java:getLatestSnapshot(147)) - Latest Snapshot Info 1#249
2020-07-01 01:06:02,678 [grpc-default-executor-6] INFO  ratis.OzoneManagerStateMachine (OzoneManagerStateMachine.java:getLatestSnapshot(147)) - Latest Snapshot Info 1#249
2020-07-01 01:06:02,679 [grpc-default-executor-8] WARN  server.GrpcLogAppender (LogUtils.java:warn(122)) - omNode-1@group-523986131536->omNode-2-AppendLogResponseHandler: Failed appendEntries: org.apache.ratis.thirdparty.io.grpc.StatusRuntimeException: UNAVAILABLE: io exception
2020-07-01 01:06:02,679 [grpc-default-executor-8] INFO  impl.FollowerInfo (FollowerInfo.java:lambda$new$0(51)) - omNode-1@group-523986131536->omNode-2: nextIndex: updateUnconditionally 291 -> 45
2020-07-01 01:06:02,680 [Thread-5107] DEBUG impl.RaftServerImpl (RaftServerImpl.java:logAppendEntries(928)) - omNode-3@group-523986131536: succeeded to handle AppendEntries. Reply: omNode-1<-omNode-3#315:OK,SUCCESS,nextIndex:291,term:1,followerCommit:289
2020-07-01 01:06:02,681 [grpc-default-executor-8] DEBUG server.GrpcLogAppender (GrpcLogAppender.java:onNext(257)) - omNode-1@group-523986131536->omNode-3-AppendLogResponseHandler: received a reply omNode-1<-omNode-3#315:OK,SUCCESS,nextIndex:291,term:1,followerCommit:289, request=AppendEntriesRequest:cid=315,entriesCount=1,lastEntry=(t:1, i:290)
2020-07-01 01:06:02,684 [IPC Server handler 8 on default port 11860] DEBUG impl.RaftServerImpl (RaftServerImpl.java:submitClientRequestAsync(575)) - omNode-1@group-523986131536: receive client request(RaftClientRequest:client-6E5155DBE9B8->omNode-1@group-523986131536, cid=467, seq=0, RW, Message:082412001a13636c6965...(size=360))
2020-07-01 01:06:02,685 [IPC Server handler 8 on default port 11860] DEBUG impl.RaftServerImpl (LeaderState.java:addPendingRequest(335)) - omNode-1@group-523986131536-LeaderState: addPendingRequest at RaftClientRequest:client-6E5155DBE9B8->omNode-1@group-523986131536, cid=467, seq=0, RW, Message:082412001a13636c6965...(size=360), entry=(t:1, i:291), STATEMACHINELOGENTRY, client-6E5155DBE9B8, cid=467
2020-07-01 01:06:02,685 [grpc-default-executor-8] WARN  server.GrpcLogAppender (LogUtils.java:warn(122)) - omNode-1@group-523986131536->omNode-2-AppendLogResponseHandler: Failed appendEntries: org.apache.ratis.thirdparty.io.grpc.StatusRuntimeException: UNAVAILABLE: io exception
2020-07-01 01:06:02,685 [grpc-default-executor-8] INFO  impl.FollowerInfo (FollowerInfo.java:lambda$new$0(51)) - omNode-1@group-523986131536->omNode-2: nextIndex: updateUnconditionally 291 -> 45
2020-07-01 01:06:02,685 [grpc-default-executor-8] DEBUG impl.RaftServerImpl (RaftServerImpl.java:logAppendEntries(928)) - omNode-3@group-523986131536: receive appendEntries(omNode-1, 1, (t:1, i:290), 290, false, commits[omNode-1:c290, omNode-3:c289, omNode-2:c43], entries: (t:1, i:291), STATEMACHINELOGENTRY, client-6E5155DBE9B8, cid=467
2020-07-01 01:06:02,686 [grpc-default-executor-8] INFO  ratis.OzoneManagerStateMachine (OzoneManagerStateMachine.java:getLatestSnapshot(147)) - Latest Snapshot Info 1#249
2020-07-01 01:06:02,686 [grpc-default-executor-8] INFO  ratis.OzoneManagerStateMachine (OzoneManagerStateMachine.java:getLatestSnapshot(147)) - Latest Snapshot Info 1#249
2020-07-01 01:06:02,686 [Thread-5108] DEBUG impl.RaftServerImpl (RaftServerImpl.java:logAppendEntries(928)) - omNode-3@group-523986131536: succeeded to handle AppendEntries. Reply: omNode-1<-omNode-3#316:OK,SUCCESS,nextIndex:292,term:1,followerCommit:290
2020-07-01 01:06:02,686 [grpc-default-executor-8] DEBUG server.GrpcLogAppender (GrpcLogAppender.java:onNext(257)) - omNode-1@group-523986131536->omNode-3-AppendLogResponseHandler: received a reply omNode-1<-omNode-3#316:OK,SUCCESS,nextIndex:292,term:1,followerCommit:290, request=AppendEntriesRequest:cid=316,entriesCount=1,lastEntry=(t:1, i:291)
2020-07-01 01:06:02,689 [IPC Server handler 10 on default port 11860] DEBUG impl.RaftServerImpl (RaftServerImpl.java:submitClientRequestAsync(575)) - omNode-1@group-523986131536: receive client request(RaftClientRequest:client-6E5155DBE9B8->omNode-1@group-523986131536, cid=468, seq=0, RW, Message:081f12001a13636c6965...(size=409))
2020-07-01 01:06:02,689 [IPC Server handler 10 on default port 11860] DEBUG impl.RaftServerImpl (LeaderState.java:addPendingRequest(335)) - omNode-1@group-523986131536-LeaderState: addPendingRequest at RaftClientRequest:client-6E5155DBE9B8->omNode-1@group-523986131536, cid=468, seq=0, RW, Message:081f12001a13636c6965...(size=409), entry=(t:1, i:293), STATEMACHINELOGENTRY, client-6E5155DBE9B8, cid=468
2020-07-01 01:06:02,689 [grpc-default-executor-8] DEBUG impl.RaftServerImpl (RaftServerImpl.java:logAppendEntries(928)) - omNode-3@group-523986131536: receive appendEntries(omNode-1, 1, (t:1, i:291), 291, false, commits[omNode-1:c291, omNode-3:c290, omNode-2:c43], entries: (t:1, i:292), METADATAENTRY(c:291)
2020-07-01 01:06:02,689 [grpc-default-executor-8] INFO  ratis.OzoneManagerStateMachine (OzoneManagerStateMachine.java:getLatestSnapshot(147)) - Latest Snapshot Info 1#249
2020-07-01 01:06:02,690 [grpc-default-executor-8] INFO  ratis.OzoneManagerStateMachine (OzoneManagerStateMachine.java:getLatestSnapshot(147)) - Latest Snapshot Info 1#249
2020-07-01 01:06:02,690 [grpc-default-executor-6] DEBUG impl.RaftServerImpl (RaftServerImpl.java:logAppendEntries(928)) - omNode-3@group-523986131536: receive appendEntries(omNode-1, 1, (t:1, i:292), 291, false, commits[omNode-1:c291, omNode-3:c290, omNode-2:c43], entries: (t:1, i:293), STATEMACHINELOGENTRY, client-6E5155DBE9B8, cid=468
2020-07-01 01:06:02,690 [grpc-default-executor-6] INFO  ratis.OzoneManagerStateMachine (OzoneManagerStateMachine.java:getLatestSnapshot(147)) - Latest Snapshot Info 1#249
2020-07-01 01:06:02,690 [grpc-default-executor-6] INFO  ratis.OzoneManagerStateMachine (OzoneManagerStateMachine.java:getLatestSnapshot(147)) - Latest Snapshot Info 1#249
2020-07-01 01:06:02,691 [grpc-default-executor-6] WARN  server.GrpcLogAppender (LogUtils.java:warn(122)) - omNode-1@group-523986131536->omNode-2-AppendLogResponseHandler: Failed appendEntries: org.apache.ratis.thirdparty.io.grpc.StatusRuntimeException: UNAVAILABLE: io exception
2020-07-01 01:06:02,691 [grpc-default-executor-6] INFO  impl.FollowerInfo (FollowerInfo.java:lambda$new$0(51)) - omNode-1@group-523986131536->omNode-2: nextIndex: updateUnconditionally 293 -> 45
2020-07-01 01:06:02,698 [Thread-5109] DEBUG impl.RaftServerImpl (RaftServerImpl.java:logAppendEntries(928)) - omNode-3@group-523986131536: succeeded to handle AppendEntries. Reply: omNode-1<-omNode-3#317:OK,SUCCESS,nextIndex:293,term:1,followerCommit:291
2020-07-01 01:06:02,698 [grpc-default-executor-6] DEBUG server.GrpcLogAppender (GrpcLogAppender.java:onNext(257)) - omNode-1@group-523986131536->omNode-3-AppendLogResponseHandler: received a reply omNode-1<-omNode-3#317:OK,SUCCESS,nextIndex:293,term:1,followerCommit:291, request=AppendEntriesRequest:cid=317,entriesCount=1,lastEntry=(t:1, i:292)
2020-07-01 01:06:02,698 [Thread-5110] DEBUG impl.RaftServerImpl (RaftServerImpl.java:logAppendEntries(928)) - omNode-3@group-523986131536: succeeded to handle AppendEntries. Reply: omNode-1<-omNode-3#318:OK,SUCCESS,nextIndex:294,term:1,followerCommit:291
2020-07-01 01:06:02,700 [grpc-default-executor-8] DEBUG server.GrpcLogAppender (GrpcLogAppender.java:onNext(257)) - omNode-1@group-523986131536->omNode-3-AppendLogResponseHandler: received a reply omNode-1<-omNode-3#318:OK,SUCCESS,nextIndex:294,term:1,followerCommit:291, request=AppendEntriesRequest:cid=318,entriesCount=1,lastEntry=(t:1, i:293)
2020-07-01 01:06:02,700 [grpc-default-executor-1] WARN  server.GrpcLogAppender (LogUtils.java:warn(122)) - omNode-1@group-523986131536->omNode-2-AppendLogResponseHandler: Failed appendEntries: org.apache.ratis.thirdparty.io.grpc.StatusRuntimeException: UNAVAILABLE: io exception
2020-07-01 01:06:02,700 [grpc-default-executor-1] INFO  impl.FollowerInfo (FollowerInfo.java:lambda$new$0(51)) - omNode-1@group-523986131536->omNode-2: nextIndex: updateUnconditionally 294 -> 45
2020-07-01 01:06:02,702 [grpc-default-executor-1] DEBUG impl.RaftServerImpl (RaftServerImpl.java:logAppendEntries(928)) - omNode-3@group-523986131536: receive appendEntries(omNode-1, 1, (t:1, i:293), 293, false, commits[omNode-1:c293, omNode-3:c291, omNode-2:c43], entries: (t:1, i:294), METADATAENTRY(c:293)
2020-07-01 01:06:02,702 [grpc-default-executor-1] INFO  ratis.OzoneManagerStateMachine (OzoneManagerStateMachine.java:getLatestSnapshot(147)) - Latest Snapshot Info 1#249
2020-07-01 01:06:02,702 [grpc-default-executor-1] INFO  ratis.OzoneManagerStateMachine (OzoneManagerStateMachine.java:getLatestSnapshot(147)) - Latest Snapshot Info 1#249
2020-07-01 01:06:02,703 [grpc-default-executor-1] WARN  server.GrpcLogAppender (LogUtils.java:warn(122)) - omNode-1@group-523986131536->omNode-2-AppendLogResponseHandler: Failed appendEntries: org.apache.ratis.thirdparty.io.grpc.StatusRuntimeException: UNAVAILABLE: io exception
2020-07-01 01:06:02,703 [grpc-default-executor-1] INFO  impl.FollowerInfo (FollowerInfo.java:lambda$new$0(51)) - omNode-1@group-523986131536->omNode-2: nextIndex: updateUnconditionally 295 -> 45
2020-07-01 01:06:02,706 [Thread-5111] DEBUG impl.RaftServerImpl (RaftServerImpl.java:logAppendEntries(928)) - omNode-3@group-523986131536: succeeded to handle AppendEntries. Reply: omNode-1<-omNode-3#319:OK,SUCCESS,nextIndex:295,term:1,followerCommit:293
2020-07-01 01:06:02,706 [grpc-default-executor-8] DEBUG server.GrpcLogAppender (GrpcLogAppender.java:onNext(257)) - omNode-1@group-523986131536->omNode-3-AppendLogResponseHandler: received a reply omNode-1<-omNode-3#319:OK,SUCCESS,nextIndex:295,term:1,followerCommit:293, request=AppendEntriesRequest:cid=319,entriesCount=1,lastEntry=(t:1, i:294)
2020-07-01 01:06:02,710 [grpc-default-executor-1] WARN  server.GrpcLogAppender (LogUtils.java:warn(122)) - omNode-1@group-523986131536->omNode-2-AppendLogResponseHandler: Failed appendEntries: org.apache.ratis.thirdparty.io.grpc.StatusRuntimeException: UNAVAILABLE: io exception
2020-07-01 01:06:02,710 [grpc-default-executor-1] INFO  impl.FollowerInfo (FollowerInfo.java:lambda$new$0(51)) - omNode-1@group-523986131536->omNode-2: nextIndex: updateUnconditionally 295 -> 45
2020-07-01 01:06:02,710 [IPC Server handler 9 on default port 11860] DEBUG impl.RaftServerImpl (RaftServerImpl.java:submitClientRequestAsync(575)) - omNode-1@group-523986131536: receive client request(RaftClientRequest:client-6E5155DBE9B8->omNode-1@group-523986131536, cid=469, seq=0, RW, Message:082412001a13636c6965...(size=360))
2020-07-01 01:06:02,710 [IPC Server handler 9 on default port 11860] DEBUG impl.RaftServerImpl (LeaderState.java:addPendingRequest(335)) - omNode-1@group-523986131536-LeaderState: addPendingRequest at RaftClientRequest:client-6E5155DBE9B8->omNode-1@group-523986131536, cid=469, seq=0, RW, Message:082412001a13636c6965...(size=360), entry=(t:1, i:295), STATEMACHINELOGENTRY, client-6E5155DBE9B8, cid=469
2020-07-01 01:06:02,711 [grpc-default-executor-1] DEBUG impl.RaftServerImpl (RaftServerImpl.java:logAppendEntries(928)) - omNode-3@group-523986131536: receive appendEntries(omNode-1, 1, (t:1, i:294), 294, false, commits[omNode-1:c294, omNode-3:c293, omNode-2:c43], entries: (t:1, i:295), STATEMACHINELOGENTRY, client-6E5155DBE9B8, cid=469
2020-07-01 01:06:02,711 [grpc-default-executor-1] INFO  ratis.OzoneManagerStateMachine (OzoneManagerStateMachine.java:getLatestSnapshot(147)) - Latest Snapshot Info 1#249
2020-07-01 01:06:02,711 [grpc-default-executor-1] INFO  ratis.OzoneManagerStateMachine (OzoneManagerStateMachine.java:getLatestSnapshot(147)) - Latest Snapshot Info 1#249
2020-07-01 01:06:02,712 [grpc-default-executor-8] WARN  server.GrpcLogAppender (LogUtils.java:warn(122)) - omNode-1@group-523986131536->omNode-2-AppendLogResponseHandler: Failed appendEntries: org.apache.ratis.thirdparty.io.grpc.StatusRuntimeException: UNAVAILABLE: io exception
2020-07-01 01:06:02,713 [grpc-default-executor-8] INFO  impl.FollowerInfo (FollowerInfo.java:lambda$new$0(51)) - omNode-1@group-523986131536->omNode-2: nextIndex: updateUnconditionally 296 -> 45
2020-07-01 01:06:02,713 [Thread-5112] DEBUG impl.RaftServerImpl (RaftServerImpl.java:logAppendEntries(928)) - omNode-3@group-523986131536: succeeded to handle AppendEntries. Reply: omNode-1<-omNode-3#320:OK,SUCCESS,nextIndex:296,term:1,followerCommit:294
2020-07-01 01:06:02,713 [grpc-default-executor-8] DEBUG server.GrpcLogAppender (GrpcLogAppender.java:onNext(257)) - omNode-1@group-523986131536->omNode-3-AppendLogResponseHandler: received a reply omNode-1<-omNode-3#320:OK,SUCCESS,nextIndex:296,term:1,followerCommit:294, request=AppendEntriesRequest:cid=320,entriesCount=1,lastEntry=(t:1, i:295)
2020-07-01 01:06:02,715 [IPC Server handler 17 on default port 11860] DEBUG impl.RaftServerImpl (RaftServerImpl.java:submitClientRequestAsync(575)) - omNode-1@group-523986131536: receive client request(RaftClientRequest:client-6E5155DBE9B8->omNode-1@group-523986131536, cid=470, seq=0, RW, Message:081f12001a13636c6965...(size=409))
2020-07-01 01:06:02,716 [grpc-default-executor-8] DEBUG impl.RaftServerImpl (RaftServerImpl.java:logAppendEntries(928)) - omNode-3@group-523986131536: receive appendEntries(omNode-1, 1, (t:1, i:295), 295, false, commits[omNode-1:c295, omNode-3:c294, omNode-2:c43], entries: (t:1, i:296), METADATAENTRY(c:295)
2020-07-01 01:06:02,716 [grpc-default-executor-8] INFO  ratis.OzoneManagerStateMachine (OzoneManagerStateMachine.java:getLatestSnapshot(147)) - Latest Snapshot Info 1#249
2020-07-01 01:06:02,716 [grpc-default-executor-8] INFO  ratis.OzoneManagerStateMachine (OzoneManagerStateMachine.java:getLatestSnapshot(147)) - Latest Snapshot Info 1#249
2020-07-01 01:06:02,716 [IPC Server handler 17 on default port 11860] DEBUG impl.RaftServerImpl (LeaderState.java:addPendingRequest(335)) - omNode-1@group-523986131536-LeaderState: addPendingRequest at RaftClientRequest:client-6E5155DBE9B8->omNode-1@group-523986131536, cid=470, seq=0, RW, Message:081f12001a13636c6965...(size=409), entry=(t:1, i:297), STATEMACHINELOGENTRY, client-6E5155DBE9B8, cid=470
2020-07-01 01:06:02,717 [grpc-default-executor-8] DEBUG impl.RaftServerImpl (RaftServerImpl.java:logAppendEntries(928)) - omNode-3@group-523986131536: receive appendEntries(omNode-1, 1, (t:1, i:296), 295, false, commits[omNode-1:c295, omNode-3:c294, omNode-2:c43], entries: (t:1, i:297), STATEMACHINELOGENTRY, client-6E5155DBE9B8, cid=470
2020-07-01 01:06:02,718 [grpc-default-executor-8] INFO  ratis.OzoneManagerStateMachine (OzoneManagerStateMachine.java:getLatestSnapshot(147)) - Latest Snapshot Info 1#249
2020-07-01 01:06:02,718 [grpc-default-executor-8] INFO  ratis.OzoneManagerStateMachine (OzoneManagerStateMachine.java:getLatestSnapshot(147)) - Latest Snapshot Info 1#249
2020-07-01 01:06:02,718 [Thread-5113] DEBUG impl.RaftServerImpl (RaftServerImpl.java:logAppendEntries(928)) - omNode-3@group-523986131536: succeeded to handle AppendEntries. Reply: omNode-1<-omNode-3#321:OK,SUCCESS,nextIndex:297,term:1,followerCommit:295
2020-07-01 01:06:02,718 [grpc-default-executor-8] WARN  server.GrpcLogAppender (LogUtils.java:warn(122)) - omNode-1@group-523986131536->omNode-2-AppendLogResponseHandler: Failed appendEntries: org.apache.ratis.thirdparty.io.grpc.StatusRuntimeException: UNAVAILABLE: io exception
2020-07-01 01:06:02,718 [grpc-default-executor-1] DEBUG server.GrpcLogAppender (GrpcLogAppender.java:onNext(257)) - omNode-1@group-523986131536->omNode-3-AppendLogResponseHandler: received a reply omNode-1<-omNode-3#321:OK,SUCCESS,nextIndex:297,term:1,followerCommit:295, request=AppendEntriesRequest:cid=321,entriesCount=1,lastEntry=(t:1, i:296)
2020-07-01 01:06:02,719 [grpc-default-executor-8] INFO  impl.FollowerInfo (FollowerInfo.java:lambda$new$0(51)) - omNode-1@group-523986131536->omNode-2: nextIndex: updateUnconditionally 297 -> 45
2020-07-01 01:06:02,719 [Thread-5114] DEBUG impl.RaftServerImpl (RaftServerImpl.java:logAppendEntries(928)) - omNode-3@group-523986131536: succeeded to handle AppendEntries. Reply: omNode-1<-omNode-3#322:OK,SUCCESS,nextIndex:298,term:1,followerCommit:295
2020-07-01 01:06:02,720 [grpc-default-executor-8] DEBUG server.GrpcLogAppender (GrpcLogAppender.java:onNext(257)) - omNode-1@group-523986131536->omNode-3-AppendLogResponseHandler: received a reply omNode-1<-omNode-3#322:OK,SUCCESS,nextIndex:298,term:1,followerCommit:295, request=AppendEntriesRequest:cid=322,entriesCount=1,lastEntry=(t:1, i:297)
2020-07-01 01:06:02,721 [grpc-default-executor-6] WARN  server.GrpcLogAppender (LogUtils.java:warn(122)) - omNode-1@group-523986131536->omNode-2-AppendLogResponseHandler: Failed appendEntries: org.apache.ratis.thirdparty.io.grpc.StatusRuntimeException: UNAVAILABLE: io exception
2020-07-01 01:06:02,721 [grpc-default-executor-6] INFO  impl.FollowerInfo (FollowerInfo.java:lambda$new$0(51)) - omNode-1@group-523986131536->omNode-2: nextIndex: updateUnconditionally 298 -> 45
2020-07-01 01:06:02,721 [grpc-default-executor-1] DEBUG impl.RaftServerImpl (RaftServerImpl.java:logAppendEntries(928)) - omNode-3@group-523986131536: receive appendEntries(omNode-1, 1, (t:1, i:297), 297, false, commits[omNode-1:c297, omNode-3:c295, omNode-2:c43], entries: (t:1, i:298), METADATAENTRY(c:297)
2020-07-01 01:06:02,722 [grpc-default-executor-1] INFO  ratis.OzoneManagerStateMachine (OzoneManagerStateMachine.java:getLatestSnapshot(147)) - Latest Snapshot Info 1#249
2020-07-01 01:06:02,722 [grpc-default-executor-1] INFO  ratis.OzoneManagerStateMachine (OzoneManagerStateMachine.java:getLatestSnapshot(147)) - Latest Snapshot Info 1#249
2020-07-01 01:06:02,724 [grpc-default-executor-6] WARN  server.GrpcLogAppender (LogUtils.java:warn(122)) - omNode-1@group-523986131536->omNode-2-AppendLogResponseHandler: Failed appendEntries: org.apache.ratis.thirdparty.io.grpc.StatusRuntimeException: UNAVAILABLE: io exception
2020-07-01 01:06:02,724 [grpc-default-executor-6] INFO  impl.FollowerInfo (FollowerInfo.java:lambda$new$0(51)) - omNode-1@group-523986131536->omNode-2: nextIndex: updateUnconditionally 299 -> 45
2020-07-01 01:06:02,724 [Thread-5115] DEBUG impl.RaftServerImpl (RaftServerImpl.java:logAppendEntries(928)) - omNode-3@group-523986131536: succeeded to handle AppendEntries. Reply: omNode-1<-omNode-3#323:OK,SUCCESS,nextIndex:299,term:1,followerCommit:297
2020-07-01 01:06:02,724 [grpc-default-executor-6] DEBUG server.GrpcLogAppender (GrpcLogAppender.java:onNext(257)) - omNode-1@group-523986131536->omNode-3-AppendLogResponseHandler: received a reply omNode-1<-omNode-3#323:OK,SUCCESS,nextIndex:299,term:1,followerCommit:297, request=AppendEntriesRequest:cid=323,entriesCount=1,lastEntry=(t:1, i:298)
2020-07-01 01:06:02,725 [omNode-1@group-523986131536-StateMachineUpdater] INFO  ratis.OzoneManagerStateMachine (OzoneManagerStateMachine.java:takeSnapshot(355)) - Current Snapshot Index (t:1, i:298)
2020-07-01 01:06:02,725 [omNode-1@group-523986131536-StateMachineUpdater] INFO  impl.StateMachineUpdater (StateMachineUpdater.java:takeSnapshot(277)) - omNode-1@group-523986131536-StateMachineUpdater: Took a snapshot at index 298
2020-07-01 01:06:02,725 [omNode-1@group-523986131536-StateMachineUpdater] INFO  impl.StateMachineUpdater (StateMachineUpdater.java:lambda$new$0(87)) - omNode-1@group-523986131536-StateMachineUpdater: snapshotIndex: updateIncreasingly 248 -> 298
2020-07-01 01:06:02,728 [IPC Server handler 11 on default port 11860] DEBUG impl.RaftServerImpl (RaftServerImpl.java:submitClientRequestAsync(575)) - omNode-1@group-523986131536: receive client request(RaftClientRequest:client-6E5155DBE9B8->omNode-1@group-523986131536, cid=471, seq=0, RW, Message:082412001a13636c6965...(size=360))
2020-07-01 01:06:02,728 [grpc-default-executor-1] WARN  server.GrpcLogAppender (LogUtils.java:warn(122)) - omNode-1@group-523986131536->omNode-2-AppendLogResponseHandler: Failed appendEntries: org.apache.ratis.thirdparty.io.grpc.StatusRuntimeException: UNAVAILABLE: io exception
2020-07-01 01:06:02,728 [IPC Server handler 11 on default port 11860] INFO  segmented.SegmentedRaftLogWorker (SegmentedRaftLogWorker.java:rollLogSegment(402)) - omNode-1@group-523986131536-SegmentedRaftLogWorker: Rolling segment log-225_298 to index:298
2020-07-01 01:06:02,728 [grpc-default-executor-1] INFO  impl.FollowerInfo (FollowerInfo.java:lambda$new$0(51)) - omNode-1@group-523986131536->omNode-2: nextIndex: updateUnconditionally 299 -> 45
2020-07-01 01:06:02,730 [IPC Server handler 11 on default port 11860] DEBUG impl.RaftServerImpl (LeaderState.java:addPendingRequest(335)) - omNode-1@group-523986131536-LeaderState: addPendingRequest at RaftClientRequest:client-6E5155DBE9B8->omNode-1@group-523986131536, cid=471, seq=0, RW, Message:082412001a13636c6965...(size=360), entry=(t:1, i:299), STATEMACHINELOGENTRY, client-6E5155DBE9B8, cid=471
2020-07-01 01:06:02,730 [omNode-1@group-523986131536-SegmentedRaftLogWorker] INFO  segmented.SegmentedRaftLogWorker (SegmentedRaftLogWorker.java:execute(553)) - omNode-1@group-523986131536-SegmentedRaftLogWorker: Rolled log segment from /github/workspace/mnt/ozone/hadoop-ozone/integration-test/target/test-dir/MiniOzoneClusterImpl-f77758f3-7054-4a66-83a1-d2ef3e95fe09/omNode-1/ratis/c9bc4cf4-3bc3-3c60-a66b-523986131536/current/log_inprogress_225 to /github/workspace/mnt/ozone/hadoop-ozone/integration-test/target/test-dir/MiniOzoneClusterImpl-f77758f3-7054-4a66-83a1-d2ef3e95fe09/omNode-1/ratis/c9bc4cf4-3bc3-3c60-a66b-523986131536/current/log_225-298
2020-07-01 01:06:02,732 [grpc-default-executor-1] DEBUG impl.RaftServerImpl (RaftServerImpl.java:logAppendEntries(928)) - omNode-3@group-523986131536: receive appendEntries(omNode-1, 1, (t:1, i:298), 298, false, commits[omNode-1:c298, omNode-3:c297, omNode-2:c43], entries: (t:1, i:299), STATEMACHINELOGENTRY, client-6E5155DBE9B8, cid=471
2020-07-01 01:06:02,732 [grpc-default-executor-1] INFO  ratis.OzoneManagerStateMachine (OzoneManagerStateMachine.java:getLatestSnapshot(147)) - Latest Snapshot Info 1#249
2020-07-01 01:06:02,732 [grpc-default-executor-1] INFO  ratis.OzoneManagerStateMachine (OzoneManagerStateMachine.java:getLatestSnapshot(147)) - Latest Snapshot Info 1#249
2020-07-01 01:06:02,732 [grpc-default-executor-1] INFO  segmented.SegmentedRaftLogWorker (SegmentedRaftLogWorker.java:rollLogSegment(402)) - omNode-3@group-523986131536-SegmentedRaftLogWorker: Rolling segment log-225_298 to index:298
2020-07-01 01:06:02,732 [omNode-3@group-523986131536-SegmentedRaftLogWorker] INFO  segmented.SegmentedRaftLogWorker (SegmentedRaftLogWorker.java:execute(553)) - omNode-3@group-523986131536-SegmentedRaftLogWorker: Rolled log segment from /github/workspace/mnt/ozone/hadoop-ozone/integration-test/target/test-dir/MiniOzoneClusterImpl-f77758f3-7054-4a66-83a1-d2ef3e95fe09/omNode-3/ratis/c9bc4cf4-3bc3-3c60-a66b-523986131536/current/log_inprogress_225 to /github/workspace/mnt/ozone/hadoop-ozone/integration-test/target/test-dir/MiniOzoneClusterImpl-f77758f3-7054-4a66-83a1-d2ef3e95fe09/omNode-3/ratis/c9bc4cf4-3bc3-3c60-a66b-523986131536/current/log_225-298
2020-07-01 01:06:02,734 [omNode-1@group-523986131536-SegmentedRaftLogWorker] INFO  segmented.SegmentedRaftLogWorker (SegmentedRaftLogWorker.java:execute(596)) - omNode-1@group-523986131536-SegmentedRaftLogWorker: created new log segment /github/workspace/mnt/ozone/hadoop-ozone/integration-test/target/test-dir/MiniOzoneClusterImpl-f77758f3-7054-4a66-83a1-d2ef3e95fe09/omNode-1/ratis/c9bc4cf4-3bc3-3c60-a66b-523986131536/current/log_inprogress_299
2020-07-01 01:06:02,736 [omNode-3@group-523986131536-SegmentedRaftLogWorker] INFO  segmented.SegmentedRaftLogWorker (SegmentedRaftLogWorker.java:execute(596)) - omNode-3@group-523986131536-SegmentedRaftLogWorker: created new log segment /github/workspace/mnt/ozone/hadoop-ozone/integration-test/target/test-dir/MiniOzoneClusterImpl-f77758f3-7054-4a66-83a1-d2ef3e95fe09/omNode-3/ratis/c9bc4cf4-3bc3-3c60-a66b-523986131536/current/log_inprogress_299
2020-07-01 01:06:02,736 [grpc-default-executor-8] WARN  server.GrpcLogAppender (LogUtils.java:warn(122)) - omNode-1@group-523986131536->omNode-2-AppendLogResponseHandler: Failed appendEntries: org.apache.ratis.thirdparty.io.grpc.StatusRuntimeException: UNAVAILABLE: io exception
2020-07-01 01:06:02,737 [grpc-default-executor-8] INFO  impl.FollowerInfo (FollowerInfo.java:lambda$new$0(51)) - omNode-1@group-523986131536->omNode-2: nextIndex: updateUnconditionally 300 -> 45
2020-07-01 01:06:02,738 [Thread-5116] DEBUG impl.RaftServerImpl (RaftServerImpl.java:logAppendEntries(928)) - omNode-3@group-523986131536: succeeded to handle AppendEntries. Reply: omNode-1<-omNode-3#324:OK,SUCCESS,nextIndex:300,term:1,followerCommit:298
2020-07-01 01:06:02,739 [grpc-default-executor-8] DEBUG server.GrpcLogAppender (GrpcLogAppender.java:onNext(257)) - omNode-1@group-523986131536->omNode-3-AppendLogResponseHandler: received a reply omNode-1<-omNode-3#324:OK,SUCCESS,nextIndex:300,term:1,followerCommit:298, request=AppendEntriesRequest:cid=324,entriesCount=1,lastEntry=(t:1, i:299)
2020-07-01 01:06:02,742 [grpc-default-executor-1] DEBUG impl.RaftServerImpl (RaftServerImpl.java:logAppendEntries(928)) - omNode-3@group-523986131536: receive appendEntries(omNode-1, 1, (t:1, i:299), 299, false, commits[omNode-1:c299, omNode-3:c298, omNode-2:c43], entries: (t:1, i:300), METADATAENTRY(c:299)
2020-07-01 01:06:02,742 [grpc-default-executor-1] INFO  ratis.OzoneManagerStateMachine (OzoneManagerStateMachine.java:getLatestSnapshot(147)) - Latest Snapshot Info 1#249
2020-07-01 01:06:02,742 [grpc-default-executor-1] INFO  ratis.OzoneManagerStateMachine (OzoneManagerStateMachine.java:getLatestSnapshot(147)) - Latest Snapshot Info 1#249
2020-07-01 01:06:02,743 [grpc-default-executor-8] WARN  server.GrpcLogAppender (LogUtils.java:warn(122)) - omNode-1@group-523986131536->omNode-2-AppendLogResponseHandler: Failed appendEntries: org.apache.ratis.thirdparty.io.grpc.StatusRuntimeException: UNAVAILABLE: io exception
2020-07-01 01:06:02,743 [grpc-default-executor-8] INFO  impl.FollowerInfo (FollowerInfo.java:lambda$new$0(51)) - omNode-1@group-523986131536->omNode-2: nextIndex: updateUnconditionally 301 -> 45
2020-07-01 01:06:02,743 [IPC Server handler 13 on default port 11860] DEBUG impl.RaftServerImpl (RaftServerImpl.java:submitClientRequestAsync(575)) - omNode-1@group-523986131536: receive client request(RaftClientRequest:client-6E5155DBE9B8->omNode-1@group-523986131536, cid=472, seq=0, RW, Message:081f12001a13636c6965...(size=409))
2020-07-01 01:06:02,744 [IPC Server handler 13 on default port 11860] DEBUG impl.RaftServerImpl (LeaderState.java:addPendingRequest(335)) - omNode-1@group-523986131536-LeaderState: addPendingRequest at RaftClientRequest:client-6E5155DBE9B8->omNode-1@group-523986131536, cid=472, seq=0, RW, Message:081f12001a13636c6965...(size=409), entry=(t:1, i:301), STATEMACHINELOGENTRY, client-6E5155DBE9B8, cid=472
2020-07-01 01:06:02,744 [grpc-default-executor-8] DEBUG impl.RaftServerImpl (RaftServerImpl.java:logAppendEntries(928)) - omNode-3@group-523986131536: receive appendEntries(omNode-1, 1, (t:1, i:300), 299, false, commits[omNode-1:c299, omNode-3:c298, omNode-2:c43], entries: (t:1, i:301), STATEMACHINELOGENTRY, client-6E5155DBE9B8, cid=472
2020-07-01 01:06:02,744 [grpc-default-executor-8] INFO  ratis.OzoneManagerStateMachine (OzoneManagerStateMachine.java:getLatestSnapshot(147)) - Latest Snapshot Info 1#249
2020-07-01 01:06:02,744 [grpc-default-executor-8] INFO  ratis.OzoneManagerStateMachine (OzoneManagerStateMachine.java:getLatestSnapshot(147)) - Latest Snapshot Info 1#249
2020-07-01 01:06:02,745 [omNode-3@group-523986131536-StateMachineUpdater] INFO  ratis.OzoneManagerStateMachine (OzoneManagerStateMachine.java:takeSnapshot(355)) - Current Snapshot Index (t:1, i:299)
2020-07-01 01:06:02,745 [omNode-3@group-523986131536-StateMachineUpdater] INFO  impl.StateMachineUpdater (StateMachineUpdater.java:takeSnapshot(277)) - omNode-3@group-523986131536-StateMachineUpdater: Took a snapshot at index 299
2020-07-01 01:06:02,745 [omNode-3@group-523986131536-StateMachineUpdater] INFO  impl.StateMachineUpdater (StateMachineUpdater.java:lambda$new$0(87)) - omNode-3@group-523986131536-StateMachineUpdater: snapshotIndex: updateIncreasingly 249 -> 299
2020-07-01 01:06:02,746 [Thread-5117] DEBUG impl.RaftServerImpl (RaftServerImpl.java:logAppendEntries(928)) - omNode-3@group-523986131536: succeeded to handle AppendEntries. Reply: omNode-1<-omNode-3#325:OK,SUCCESS,nextIndex:301,term:1,followerCommit:299
2020-07-01 01:06:02,746 [grpc-default-executor-8] DEBUG server.GrpcLogAppender (GrpcLogAppender.java:onNext(257)) - omNode-1@group-523986131536->omNode-3-AppendLogResponseHandler: received a reply omNode-1<-omNode-3#325:OK,SUCCESS,nextIndex:301,term:1,followerCommit:299, request=AppendEntriesRequest:cid=325,entriesCount=1,lastEntry=(t:1, i:300)
2020-07-01 01:06:02,746 [Thread-5118] DEBUG impl.RaftServerImpl (RaftServerImpl.java:logAppendEntries(928)) - omNode-3@group-523986131536: succeeded to handle AppendEntries. Reply: omNode-1<-omNode-3#326:OK,SUCCESS,nextIndex:302,term:1,followerCommit:299
2020-07-01 01:06:02,747 [grpc-default-executor-8] DEBUG server.GrpcLogAppender (GrpcLogAppender.java:onNext(257)) - omNode-1@group-523986131536->omNode-3-AppendLogResponseHandler: received a reply omNode-1<-omNode-3#326:OK,SUCCESS,nextIndex:302,term:1,followerCommit:299, request=AppendEntriesRequest:cid=326,entriesCount=1,lastEntry=(t:1, i:301)
2020-07-01 01:06:02,749 [grpc-default-executor-1] WARN  server.GrpcLogAppender (LogUtils.java:warn(122)) - omNode-1@group-523986131536->omNode-2-AppendLogResponseHandler: Failed appendEntries: org.apache.ratis.thirdparty.io.grpc.StatusRuntimeException: UNAVAILABLE: io exception
2020-07-01 01:06:02,749 [grpc-default-executor-1] INFO  impl.FollowerInfo (FollowerInfo.java:lambda$new$0(51)) - omNode-1@group-523986131536->omNode-2: nextIndex: updateUnconditionally 302 -> 45
2020-07-01 01:06:02,749 [grpc-default-executor-1] DEBUG impl.RaftServerImpl (RaftServerImpl.java:logAppendEntries(928)) - omNode-3@group-523986131536: receive appendEntries(omNode-1, 1, (t:1, i:301), 301, false, commits[omNode-1:c301, omNode-3:c299, omNode-2:c43], entries: (t:1, i:302), METADATAENTRY(c:301)
2020-07-01 01:06:02,749 [grpc-default-executor-1] INFO  ratis.OzoneManagerStateMachine (OzoneManagerStateMachine.java:getLatestSnapshot(147)) - Latest Snapshot Info 1#299
2020-07-01 01:06:02,749 [grpc-default-executor-1] INFO  ratis.OzoneManagerStateMachine (OzoneManagerStateMachine.java:getLatestSnapshot(147)) - Latest Snapshot Info 1#299
2020-07-01 01:06:02,754 [grpc-default-executor-1] WARN  server.GrpcLogAppender (LogUtils.java:warn(122)) - omNode-1@group-523986131536->omNode-2-AppendLogResponseHandler: Failed appendEntries: org.apache.ratis.thirdparty.io.grpc.StatusRuntimeException: UNAVAILABLE: io exception
2020-07-01 01:06:02,754 [grpc-default-executor-1] INFO  impl.FollowerInfo (FollowerInfo.java:lambda$new$0(51)) - omNode-1@group-523986131536->omNode-2: nextIndex: updateUnconditionally 303 -> 45
2020-07-01 01:06:02,757 [grpc-default-executor-1] WARN  server.GrpcLogAppender (LogUtils.java:warn(122)) - omNode-1@group-523986131536->omNode-2-AppendLogResponseHandler: Failed appendEntries: org.apache.ratis.thirdparty.io.grpc.StatusRuntimeException: UNAVAILABLE: io exception
2020-07-01 01:06:02,757 [grpc-default-executor-1] INFO  impl.FollowerInfo (FollowerInfo.java:lambda$new$0(51)) - omNode-1@group-523986131536->omNode-2: nextIndex: updateUnconditionally 303 -> 45
2020-07-01 01:06:02,760 [Thread-5119] DEBUG impl.RaftServerImpl (RaftServerImpl.java:logAppendEntries(928)) - omNode-3@group-523986131536: succeeded to handle AppendEntries. Reply: omNode-1<-omNode-3#327:OK,SUCCESS,nextIndex:303,term:1,followerCommit:301
2020-07-01 01:06:02,761 [grpc-default-executor-1] DEBUG server.GrpcLogAppender (GrpcLogAppender.java:onNext(257)) - omNode-1@group-523986131536->omNode-3-AppendLogResponseHandler: received a reply omNode-1<-omNode-3#327:OK,SUCCESS,nextIndex:303,term:1,followerCommit:301, request=AppendEntriesRequest:cid=327,entriesCount=1,lastEntry=(t:1, i:302)
2020-07-01 01:06:02,762 [grpc-default-executor-1] WARN  server.GrpcLogAppender (LogUtils.java:warn(122)) - omNode-1@group-523986131536->omNode-2-AppendLogResponseHandler: Failed appendEntries: org.apache.ratis.thirdparty.io.grpc.StatusRuntimeException: UNAVAILABLE: io exception
2020-07-01 01:06:02,762 [grpc-default-executor-1] INFO  impl.FollowerInfo (FollowerInfo.java:lambda$new$0(51)) - omNode-1@group-523986131536->omNode-2: nextIndex: updateUnconditionally 303 -> 45
2020-07-01 01:06:02,764 [grpc-default-executor-1] WARN  server.GrpcLogAppender (LogUtils.java:warn(122)) - omNode-1@group-523986131536->omNode-2-AppendLogResponseHandler: Failed appendEntries: org.apache.ratis.thirdparty.io.grpc.StatusRuntimeException: UNAVAILABLE: io exception
2020-07-01 01:06:02,764 [grpc-default-executor-1] INFO  impl.FollowerInfo (FollowerInfo.java:lambda$new$0(51)) - omNode-1@group-523986131536->omNode-2: nextIndex: updateUnconditionally 303 -> 45
2020-07-01 01:06:02,767 [grpc-default-executor-1] WARN  server.GrpcLogAppender (LogUtils.java:warn(122)) - omNode-1@group-523986131536->omNode-2-AppendLogResponseHandler: Failed appendEntries: org.apache.ratis.thirdparty.io.grpc.StatusRuntimeException: UNAVAILABLE: io exception
2020-07-01 01:06:02,767 [grpc-default-executor-1] INFO  impl.FollowerInfo (FollowerInfo.java:lambda$new$0(51)) - omNode-1@group-523986131536->omNode-2: nextIndex: updateUnconditionally 303 -> 45
2020-07-01 01:06:02,770 [IPC Server handler 18 on default port 11860] DEBUG impl.RaftServerImpl (RaftServerImpl.java:submitClientRequestAsync(575)) - omNode-1@group-523986131536: receive client request(RaftClientRequest:client-6E5155DBE9B8->omNode-1@group-523986131536, cid=473, seq=0, RW, Message:082412001a13636c6965...(size=360))
2020-07-01 01:06:02,770 [IPC Server handler 18 on default port 11860] DEBUG impl.RaftServerImpl (LeaderState.java:addPendingRequest(335)) - omNode-1@group-523986131536-LeaderState: addPendingRequest at RaftClientRequest:client-6E5155DBE9B8->omNode-1@group-523986131536, cid=473, seq=0, RW, Message:082412001a13636c6965...(size=360), entry=(t:1, i:303), STATEMACHINELOGENTRY, client-6E5155DBE9B8, cid=473
2020-07-01 01:06:02,770 [grpc-default-executor-1] DEBUG impl.RaftServerImpl (RaftServerImpl.java:logAppendEntries(928)) - omNode-3@group-523986131536: receive appendEntries(omNode-1, 1, (t:1, i:302), 302, false, commits[omNode-1:c302, omNode-3:c301, omNode-2:c43], entries: (t:1, i:303), STATEMACHINELOGENTRY, client-6E5155DBE9B8, cid=473
2020-07-01 01:06:02,771 [grpc-default-executor-1] INFO  ratis.OzoneManagerStateMachine (OzoneManagerStateMachine.java:getLatestSnapshot(147)) - Latest Snapshot Info 1#299
2020-07-01 01:06:02,771 [grpc-default-executor-1] INFO  ratis.OzoneManagerStateMachine (OzoneManagerStateMachine.java:getLatestSnapshot(147)) - Latest Snapshot Info 1#299
2020-07-01 01:06:02,773 [grpc-default-executor-1] WARN  server.GrpcLogAppender (LogUtils.java:warn(122)) - omNode-1@group-523986131536->omNode-2-AppendLogResponseHandler: Failed appendEntries: org.apache.ratis.thirdparty.io.grpc.StatusRuntimeException: UNAVAILABLE: io exception
2020-07-01 01:06:02,773 [grpc-default-executor-1] INFO  impl.FollowerInfo (FollowerInfo.java:lambda$new$0(51)) - omNode-1@group-523986131536->omNode-2: nextIndex: updateUnconditionally 303 -> 45
2020-07-01 01:06:02,775 [grpc-default-executor-1] WARN  server.GrpcLogAppender (LogUtils.java:warn(122)) - omNode-1@group-523986131536->omNode-2-AppendLogResponseHandler: Failed appendEntries: org.apache.ratis.thirdparty.io.grpc.StatusRuntimeException: UNAVAILABLE: io exception
2020-07-01 01:06:02,775 [grpc-default-executor-1] INFO  impl.FollowerInfo (FollowerInfo.java:lambda$new$0(51)) - omNode-1@group-523986131536->omNode-2: nextIndex: updateUnconditionally 304 -> 45
2020-07-01 01:06:02,777 [grpc-default-executor-1] WARN  server.GrpcLogAppender (LogUtils.java:warn(122)) - omNode-1@group-523986131536->omNode-2-AppendLogResponseHandler: Failed appendEntries: org.apache.ratis.thirdparty.io.grpc.StatusRuntimeException: UNAVAILABLE: io exception
2020-07-01 01:06:02,777 [grpc-default-executor-1] INFO  impl.FollowerInfo (FollowerInfo.java:lambda$new$0(51)) - omNode-1@group-523986131536->omNode-2: nextIndex: updateUnconditionally 304 -> 45
2020-07-01 01:06:02,779 [Thread-5120] DEBUG impl.RaftServerImpl (RaftServerImpl.java:logAppendEntries(928)) - omNode-3@group-523986131536: succeeded to handle AppendEntries. Reply: omNode-1<-omNode-3#328:OK,SUCCESS,nextIndex:304,term:1,followerCommit:302
2020-07-01 01:06:02,779 [grpc-default-executor-1] DEBUG server.GrpcLogAppender (GrpcLogAppender.java:onNext(257)) - omNode-1@group-523986131536->omNode-3-AppendLogResponseHandler: received a reply omNode-1<-omNode-3#328:OK,SUCCESS,nextIndex:304,term:1,followerCommit:302, request=AppendEntriesRequest:cid=328,entriesCount=1,lastEntry=(t:1, i:303)
2020-07-01 01:06:02,780 [grpc-default-executor-1] DEBUG impl.RaftServerImpl (RaftServerImpl.java:logAppendEntries(928)) - omNode-3@group-523986131536: receive appendEntries(omNode-1, 1, (t:1, i:303), 303, false, commits[omNode-1:c303, omNode-3:c302, omNode-2:c43], entries: (t:1, i:304), METADATAENTRY(c:303)
2020-07-01 01:06:02,780 [grpc-default-executor-1] INFO  ratis.OzoneManagerStateMachine (OzoneManagerStateMachine.java:getLatestSnapshot(147)) - Latest Snapshot Info 1#299
2020-07-01 01:06:02,780 [grpc-default-executor-1] INFO  ratis.OzoneManagerStateMachine (OzoneManagerStateMachine.java:getLatestSnapshot(147)) - Latest Snapshot Info 1#299
2020-07-01 01:06:02,781 [grpc-default-executor-1] WARN  server.GrpcLogAppender (LogUtils.java:warn(122)) - omNode-1@group-523986131536->omNode-2-AppendLogResponseHandler: Failed appendEntries: org.apache.ratis.thirdparty.io.grpc.StatusRuntimeException: UNAVAILABLE: io exception
2020-07-01 01:06:02,781 [grpc-default-executor-1] INFO  impl.FollowerInfo (FollowerInfo.java:lambda$new$0(51)) - omNode-1@group-523986131536->omNode-2: nextIndex: updateUnconditionally 304 -> 45
2020-07-01 01:06:02,784 [grpc-default-executor-1] WARN  server.GrpcLogAppender (LogUtils.java:warn(122)) - omNode-1@group-523986131536->omNode-2-AppendLogResponseHandler: Failed appendEntries: org.apache.ratis.thirdparty.io.grpc.StatusRuntimeException: UNAVAILABLE: io exception
2020-07-01 01:06:02,784 [grpc-default-executor-1] INFO  impl.FollowerInfo (FollowerInfo.java:lambda$new$0(51)) - omNode-1@group-523986131536->omNode-2: nextIndex: updateUnconditionally 305 -> 45
2020-07-01 01:06:02,786 [IPC Server handler 15 on default port 11860] DEBUG impl.RaftServerImpl (RaftServerImpl.java:submitClientRequestAsync(575)) - omNode-1@group-523986131536: receive client request(RaftClientRequest:client-6E5155DBE9B8->omNode-1@group-523986131536, cid=474, seq=0, RW, Message:081f12001a13636c6965...(size=409))
2020-07-01 01:06:02,786 [IPC Server handler 15 on default port 11860] DEBUG impl.RaftServerImpl (LeaderState.java:addPendingRequest(335)) - omNode-1@group-523986131536-LeaderState: addPendingRequest at RaftClientRequest:client-6E5155DBE9B8->omNode-1@group-523986131536, cid=474, seq=0, RW, Message:081f12001a13636c6965...(size=409), entry=(t:1, i:305), STATEMACHINELOGENTRY, client-6E5155DBE9B8, cid=474
2020-07-01 01:06:02,786 [grpc-default-executor-1] DEBUG impl.RaftServerImpl (RaftServerImpl.java:logAppendEntries(928)) - omNode-3@group-523986131536: receive appendEntries(omNode-1, 1, (t:1, i:304), 303, false, commits[omNode-1:c303, omNode-3:c302, omNode-2:c43], entries: (t:1, i:305), STATEMACHINELOGENTRY, client-6E5155DBE9B8, cid=474
2020-07-01 01:06:02,787 [grpc-default-executor-1] INFO  ratis.OzoneManagerStateMachine (OzoneManagerStateMachine.java:getLatestSnapshot(147)) - Latest Snapshot Info 1#299
2020-07-01 01:06:02,787 [grpc-default-executor-1] INFO  ratis.OzoneManagerStateMachine (OzoneManagerStateMachine.java:getLatestSnapshot(147)) - Latest Snapshot Info 1#299
2020-07-01 01:06:02,789 [Thread-5121] DEBUG impl.RaftServerImpl (RaftServerImpl.java:logAppendEntries(928)) - omNode-3@group-523986131536: succeeded to handle AppendEntries. Reply: omNode-1<-omNode-3#329:OK,SUCCESS,nextIndex:305,term:1,followerCommit:303
2020-07-01 01:06:02,789 [grpc-default-executor-1] WARN  server.GrpcLogAppender (LogUtils.java:warn(122)) - omNode-1@group-523986131536->omNode-2-AppendLogResponseHandler: Failed appendEntries: org.apache.ratis.thirdparty.io.grpc.StatusRuntimeException: UNAVAILABLE: io exception
2020-07-01 01:06:02,789 [grpc-default-executor-1] INFO  impl.FollowerInfo (FollowerInfo.java:lambda$new$0(51)) - omNode-1@group-523986131536->omNode-2: nextIndex: updateUnconditionally 305 -> 45
2020-07-01 01:06:02,790 [grpc-default-executor-1] DEBUG server.GrpcLogAppender (GrpcLogAppender.java:onNext(257)) - omNode-1@group-523986131536->omNode-3-AppendLogResponseHandler: received a reply omNode-1<-omNode-3#329:OK,SUCCESS,nextIndex:305,term:1,followerCommit:303, request=AppendEntriesRequest:cid=329,entriesCount=1,lastEntry=(t:1, i:304)
2020-07-01 01:06:02,792 [grpc-default-executor-1] WARN  server.GrpcLogAppender (LogUtils.java:warn(122)) - omNode-1@group-523986131536->omNode-2-AppendLogResponseHandler: Failed appendEntries: org.apache.ratis.thirdparty.io.grpc.StatusRuntimeException: UNAVAILABLE: io exception
2020-07-01 01:06:02,792 [grpc-default-executor-1] INFO  impl.FollowerInfo (FollowerInfo.java:lambda$new$0(51)) - omNode-1@group-523986131536->omNode-2: nextIndex: updateUnconditionally 306 -> 45
2020-07-01 01:06:02,794 [grpc-default-executor-1] WARN  server.GrpcLogAppender (LogUtils.java:warn(122)) - omNode-1@group-523986131536->omNode-2-AppendLogResponseHandler: Failed appendEntries: org.apache.ratis.thirdparty.io.grpc.StatusRuntimeException: UNAVAILABLE: io exception
2020-07-01 01:06:02,794 [grpc-default-executor-1] INFO  impl.FollowerInfo (FollowerInfo.java:lambda$new$0(51)) - omNode-1@group-523986131536->omNode-2: nextIndex: updateUnconditionally 306 -> 45
2020-07-01 01:06:02,795 [Thread-5122] DEBUG impl.RaftServerImpl (RaftServerImpl.java:logAppendEntries(928)) - omNode-3@group-523986131536: succeeded to handle AppendEntries. Reply: omNode-1<-omNode-3#330:OK,SUCCESS,nextIndex:306,term:1,followerCommit:303
2020-07-01 01:06:02,795 [grpc-default-executor-1] DEBUG server.GrpcLogAppender (GrpcLogAppender.java:onNext(257)) - omNode-1@group-523986131536->omNode-3-AppendLogResponseHandler: received a reply omNode-1<-omNode-3#330:OK,SUCCESS,nextIndex:306,term:1,followerCommit:303, request=AppendEntriesRequest:cid=330,entriesCount=1,lastEntry=(t:1, i:305)
2020-07-01 01:06:02,797 [grpc-default-executor-1] DEBUG impl.RaftServerImpl (RaftServerImpl.java:logAppendEntries(928)) - omNode-3@group-523986131536: receive appendEntries(omNode-1, 1, (t:1, i:305), 305, false, commits[omNode-1:c305, omNode-3:c303, omNode-2:c43], entries: (t:1, i:306), METADATAENTRY(c:305)
2020-07-01 01:06:02,797 [grpc-default-executor-1] INFO  ratis.OzoneManagerStateMachine (OzoneManagerStateMachine.java:getLatestSnapshot(147)) - Latest Snapshot Info 1#299
2020-07-01 01:06:02,797 [grpc-default-executor-1] INFO  ratis.OzoneManagerStateMachine (OzoneManagerStateMachine.java:getLatestSnapshot(147)) - Latest Snapshot Info 1#299
2020-07-01 01:06:02,800 [grpc-default-executor-1] WARN  server.GrpcLogAppender (LogUtils.java:warn(122)) - omNode-1@group-523986131536->omNode-2-AppendLogResponseHandler: Failed appendEntries: org.apache.ratis.thirdparty.io.grpc.StatusRuntimeException: UNAVAILABLE: io exception
2020-07-01 01:06:02,800 [grpc-default-executor-1] INFO  impl.FollowerInfo (FollowerInfo.java:lambda$new$0(51)) - omNode-1@group-523986131536->omNode-2: nextIndex: updateUnconditionally 306 -> 45
2020-07-01 01:06:02,807 [Thread-5123] DEBUG impl.RaftServerImpl (RaftServerImpl.java:logAppendEntries(928)) - omNode-3@group-523986131536: succeeded to handle AppendEntries. Reply: omNode-1<-omNode-3#331:OK,SUCCESS,nextIndex:307,term:1,followerCommit:305
2020-07-01 01:06:02,808 [grpc-default-executor-1] DEBUG server.GrpcLogAppender (GrpcLogAppender.java:onNext(257)) - omNode-1@group-523986131536->omNode-3-AppendLogResponseHandler: received a reply omNode-1<-omNode-3#331:OK,SUCCESS,nextIndex:307,term:1,followerCommit:305, request=AppendEntriesRequest:cid=331,entriesCount=1,lastEntry=(t:1, i:306)
2020-07-01 01:06:02,810 [grpc-default-executor-8] WARN  server.GrpcLogAppender (LogUtils.java:warn(122)) - omNode-1@group-523986131536->omNode-2-AppendLogResponseHandler: Failed appendEntries: org.apache.ratis.thirdparty.io.grpc.StatusRuntimeException: UNAVAILABLE: io exception
2020-07-01 01:06:02,810 [grpc-default-executor-8] INFO  impl.FollowerInfo (FollowerInfo.java:lambda$new$0(51)) - omNode-1@group-523986131536->omNode-2: nextIndex: updateUnconditionally 307 -> 45
2020-07-01 01:06:02,812 [grpc-default-executor-8] WARN  server.GrpcLogAppender (LogUtils.java:warn(122)) - omNode-1@group-523986131536->omNode-2-AppendLogResponseHandler: Failed appendEntries: org.apache.ratis.thirdparty.io.grpc.StatusRuntimeException: UNAVAILABLE: io exception
2020-07-01 01:06:02,812 [grpc-default-executor-8] INFO  impl.FollowerInfo (FollowerInfo.java:lambda$new$0(51)) - omNode-1@group-523986131536->omNode-2: nextIndex: updateUnconditionally 307 -> 45
2020-07-01 01:06:02,813 [IPC Server handler 14 on default port 11860] DEBUG impl.RaftServerImpl (RaftServerImpl.java:submitClientRequestAsync(575)) - omNode-1@group-523986131536: receive client request(RaftClientRequest:client-6E5155DBE9B8->omNode-1@group-523986131536, cid=475, seq=0, RW, Message:082412001a13636c6965...(size=360))
2020-07-01 01:06:02,814 [IPC Server handler 14 on default port 11860] DEBUG impl.RaftServerImpl (LeaderState.java:addPendingRequest(335)) - omNode-1@group-523986131536-LeaderState: addPendingRequest at RaftClientRequest:client-6E5155DBE9B8->omNode-1@group-523986131536, cid=475, seq=0, RW, Message:082412001a13636c6965...(size=360), entry=(t:1, i:307), STATEMACHINELOGENTRY, client-6E5155DBE9B8, cid=475
2020-07-01 01:06:02,814 [grpc-default-executor-8] DEBUG impl.RaftServerImpl (RaftServerImpl.java:logAppendEntries(928)) - omNode-3@group-523986131536: receive appendEntries(omNode-1, 1, (t:1, i:306), 306, false, commits[omNode-1:c306, omNode-3:c305, omNode-2:c43], entries: (t:1, i:307), STATEMACHINELOGENTRY, client-6E5155DBE9B8, cid=475
2020-07-01 01:06:02,814 [grpc-default-executor-8] INFO  ratis.OzoneManagerStateMachine (OzoneManagerStateMachine.java:getLatestSnapshot(147)) - Latest Snapshot Info 1#299
2020-07-01 01:06:02,814 [grpc-default-executor-8] INFO  ratis.OzoneManagerStateMachine (OzoneManagerStateMachine.java:getLatestSnapshot(147)) - Latest Snapshot Info 1#299
2020-07-01 01:06:02,817 [grpc-default-executor-8] WARN  server.GrpcLogAppender (LogUtils.java:warn(122)) - omNode-1@group-523986131536->omNode-2-AppendLogResponseHandler: Failed appendEntries: org.apache.ratis.thirdparty.io.grpc.StatusRuntimeException: UNAVAILABLE: io exception
2020-07-01 01:06:02,817 [grpc-default-executor-8] INFO  impl.FollowerInfo (FollowerInfo.java:lambda$new$0(51)) - omNode-1@group-523986131536->omNode-2: nextIndex: updateUnconditionally 308 -> 45
2020-07-01 01:06:02,820 [grpc-default-executor-8] WARN  server.GrpcLogAppender (LogUtils.java:warn(122)) - omNode-1@group-523986131536->omNode-2-AppendLogResponseHandler: Failed appendEntries: org.apache.ratis.thirdparty.io.grpc.StatusRuntimeException: UNAVAILABLE: io exception
2020-07-01 01:06:02,820 [grpc-default-executor-8] INFO  impl.FollowerInfo (FollowerInfo.java:lambda$new$0(51)) - omNode-1@group-523986131536->omNode-2: nextIndex: updateUnconditionally 308 -> 45
2020-07-01 01:06:02,822 [grpc-default-executor-8] WARN  server.GrpcLogAppender (LogUtils.java:warn(122)) - omNode-1@group-523986131536->omNode-2-AppendLogResponseHandler: Failed appendEntries: org.apache.ratis.thirdparty.io.grpc.StatusRuntimeException: UNAVAILABLE: io exception
2020-07-01 01:06:02,822 [grpc-default-executor-8] INFO  impl.FollowerInfo (FollowerInfo.java:lambda$new$0(51)) - omNode-1@group-523986131536->omNode-2: nextIndex: updateUnconditionally 308 -> 45
2020-07-01 01:06:02,825 [grpc-default-executor-8] WARN  server.GrpcLogAppender (LogUtils.java:warn(122)) - omNode-1@group-523986131536->omNode-2-AppendLogResponseHandler: Failed appendEntries: org.apache.ratis.thirdparty.io.grpc.StatusRuntimeException: UNAVAILABLE: io exception
2020-07-01 01:06:02,826 [grpc-default-executor-8] INFO  impl.FollowerInfo (FollowerInfo.java:lambda$new$0(51)) - omNode-1@group-523986131536->omNode-2: nextIndex: updateUnconditionally 308 -> 45
2020-07-01 01:06:02,828 [grpc-default-executor-8] WARN  server.GrpcLogAppender (LogUtils.java:warn(122)) - omNode-1@group-523986131536->omNode-2-AppendLogResponseHandler: Failed appendEntries: org.apache.ratis.thirdparty.io.grpc.StatusRuntimeException: UNAVAILABLE: io exception
2020-07-01 01:06:02,828 [grpc-default-executor-8] INFO  impl.FollowerInfo (FollowerInfo.java:lambda$new$0(51)) - omNode-1@group-523986131536->omNode-2: nextIndex: updateUnconditionally 308 -> 45
2020-07-01 01:06:02,829 [Thread-5124] DEBUG impl.RaftServerImpl (RaftServerImpl.java:logAppendEntries(928)) - omNode-3@group-523986131536: succeeded to handle AppendEntries. Reply: omNode-1<-omNode-3#332:OK,SUCCESS,nextIndex:308,term:1,followerCommit:306
2020-07-01 01:06:02,829 [grpc-default-executor-8] DEBUG server.GrpcLogAppender (GrpcLogAppender.java:onNext(257)) - omNode-1@group-523986131536->omNode-3-AppendLogResponseHandler: received a reply omNode-1<-omNode-3#332:OK,SUCCESS,nextIndex:308,term:1,followerCommit:306, request=AppendEntriesRequest:cid=332,entriesCount=1,lastEntry=(t:1, i:307)
2020-07-01 01:06:02,830 [grpc-default-executor-8] DEBUG impl.RaftServerImpl (RaftServerImpl.java:logAppendEntries(928)) - omNode-3@group-523986131536: receive appendEntries(omNode-1, 1, (t:1, i:307), 307, false, commits[omNode-1:c307, omNode-3:c306, omNode-2:c43], entries: (t:1, i:308), METADATAENTRY(c:307)
2020-07-01 01:06:02,830 [grpc-default-executor-8] INFO  ratis.OzoneManagerStateMachine (OzoneManagerStateMachine.java:getLatestSnapshot(147)) - Latest Snapshot Info 1#299
2020-07-01 01:06:02,830 [grpc-default-executor-8] INFO  ratis.OzoneManagerStateMachine (OzoneManagerStateMachine.java:getLatestSnapshot(147)) - Latest Snapshot Info 1#299
2020-07-01 01:06:02,832 [grpc-default-executor-8] WARN  server.GrpcLogAppender (LogUtils.java:warn(122)) - omNode-1@group-523986131536->omNode-2-AppendLogResponseHandler: Failed appendEntries: org.apache.ratis.thirdparty.io.grpc.StatusRuntimeException: UNAVAILABLE: io exception
2020-07-01 01:06:02,832 [grpc-default-executor-8] INFO  impl.FollowerInfo (FollowerInfo.java:lambda$new$0(51)) - omNode-1@group-523986131536->omNode-2: nextIndex: updateUnconditionally 308 -> 45
2020-07-01 01:06:02,834 [IPC Server handler 16 on default port 11860] DEBUG impl.RaftServerImpl (RaftServerImpl.java:submitClientRequestAsync(575)) - omNode-1@group-523986131536: receive client request(RaftClientRequest:client-6E5155DBE9B8->omNode-1@group-523986131536, cid=476, seq=0, RW, Message:081f12001a13636c6965...(size=409))
2020-07-01 01:06:02,834 [IPC Server handler 16 on default port 11860] DEBUG impl.RaftServerImpl (LeaderState.java:addPendingRequest(335)) - omNode-1@group-523986131536-LeaderState: addPendingRequest at RaftClientRequest:client-6E5155DBE9B8->omNode-1@group-523986131536, cid=476, seq=0, RW, Message:081f12001a13636c6965...(size=409), entry=(t:1, i:309), STATEMACHINELOGENTRY, client-6E5155DBE9B8, cid=476
2020-07-01 01:06:02,835 [grpc-default-executor-8] DEBUG impl.RaftServerImpl (RaftServerImpl.java:logAppendEntries(928)) - omNode-3@group-523986131536: receive appendEntries(omNode-1, 1, (t:1, i:308), 307, false, commits[omNode-1:c307, omNode-3:c306, omNode-2:c43], entries: (t:1, i:309), STATEMACHINELOGENTRY, client-6E5155DBE9B8, cid=476
2020-07-01 01:06:02,835 [grpc-default-executor-8] INFO  ratis.OzoneManagerStateMachine (OzoneManagerStateMachine.java:getLatestSnapshot(147)) - Latest Snapshot Info 1#299
2020-07-01 01:06:02,835 [grpc-default-executor-8] INFO  ratis.OzoneManagerStateMachine (OzoneManagerStateMachine.java:getLatestSnapshot(147)) - Latest Snapshot Info 1#299
2020-07-01 01:06:02,837 [Thread-5125] DEBUG impl.RaftServerImpl (RaftServerImpl.java:logAppendEntries(928)) - omNode-3@group-523986131536: succeeded to handle AppendEntries. Reply: omNode-1<-omNode-3#333:OK,SUCCESS,nextIndex:309,term:1,followerCommit:307
2020-07-01 01:06:02,838 [grpc-default-executor-8] DEBUG server.GrpcLogAppender (GrpcLogAppender.java:onNext(257)) - omNode-1@group-523986131536->omNode-3-AppendLogResponseHandler: received a reply omNode-1<-omNode-3#333:OK,SUCCESS,nextIndex:309,term:1,followerCommit:307, request=AppendEntriesRequest:cid=333,entriesCount=1,lastEntry=(t:1, i:308)
2020-07-01 01:06:02,843 [Thread-5126] DEBUG impl.RaftServerImpl (RaftServerImpl.java:logAppendEntries(928)) - omNode-3@group-523986131536: succeeded to handle AppendEntries. Reply: omNode-1<-omNode-3#334:OK,SUCCESS,nextIndex:310,term:1,followerCommit:307
2020-07-01 01:06:02,844 [grpc-default-executor-8] DEBUG server.GrpcLogAppender (GrpcLogAppender.java:onNext(257)) - omNode-1@group-523986131536->omNode-3-AppendLogResponseHandler: received a reply omNode-1<-omNode-3#334:OK,SUCCESS,nextIndex:310,term:1,followerCommit:307, request=AppendEntriesRequest:cid=334,entriesCount=1,lastEntry=(t:1, i:309)
2020-07-01 01:06:02,845 [grpc-default-executor-8] WARN  server.GrpcLogAppender (LogUtils.java:warn(122)) - omNode-1@group-523986131536->omNode-2-AppendLogResponseHandler: Failed appendEntries: org.apache.ratis.thirdparty.io.grpc.StatusRuntimeException: UNAVAILABLE: io exception
2020-07-01 01:06:02,845 [grpc-default-executor-8] INFO  impl.FollowerInfo (FollowerInfo.java:lambda$new$0(51)) - omNode-1@group-523986131536->omNode-2: nextIndex: updateUnconditionally 309 -> 45
2020-07-01 01:06:02,846 [grpc-default-executor-8] DEBUG impl.RaftServerImpl (RaftServerImpl.java:logAppendEntries(928)) - omNode-3@group-523986131536: receive appendEntries(omNode-1, 1, (t:1, i:309), 309, false, commits[omNode-1:c309, omNode-3:c307, omNode-2:c43], entries: (t:1, i:310), METADATAENTRY(c:309)
2020-07-01 01:06:02,846 [grpc-default-executor-8] INFO  ratis.OzoneManagerStateMachine (OzoneManagerStateMachine.java:getLatestSnapshot(147)) - Latest Snapshot Info 1#299
2020-07-01 01:06:02,846 [grpc-default-executor-8] INFO  ratis.OzoneManagerStateMachine (OzoneManagerStateMachine.java:getLatestSnapshot(147)) - Latest Snapshot Info 1#299
2020-07-01 01:06:02,849 [grpc-default-executor-8] WARN  server.GrpcLogAppender (LogUtils.java:warn(122)) - omNode-1@group-523986131536->omNode-2-AppendLogResponseHandler: Failed appendEntries: org.apache.ratis.thirdparty.io.grpc.StatusRuntimeException: UNAVAILABLE: io exception
2020-07-01 01:06:02,849 [grpc-default-executor-8] INFO  impl.FollowerInfo (FollowerInfo.java:lambda$new$0(51)) - omNode-1@group-523986131536->omNode-2: nextIndex: updateUnconditionally 311 -> 45
2020-07-01 01:06:02,855 [grpc-default-executor-1] WARN  server.GrpcLogAppender (LogUtils.java:warn(122)) - omNode-1@group-523986131536->omNode-2-AppendLogResponseHandler: Failed appendEntries: org.apache.ratis.thirdparty.io.grpc.StatusRuntimeException: UNAVAILABLE: io exception
2020-07-01 01:06:02,855 [grpc-default-executor-1] INFO  impl.FollowerInfo (FollowerInfo.java:lambda$new$0(51)) - omNode-1@group-523986131536->omNode-2: nextIndex: updateUnconditionally 311 -> 45
2020-07-01 01:06:02,858 [grpc-default-executor-1] WARN  server.GrpcLogAppender (LogUtils.java:warn(122)) - omNode-1@group-523986131536->omNode-2-AppendLogResponseHandler: Failed appendEntries: org.apache.ratis.thirdparty.io.grpc.StatusRuntimeException: UNAVAILABLE: io exception
2020-07-01 01:06:02,858 [grpc-default-executor-1] INFO  impl.FollowerInfo (FollowerInfo.java:lambda$new$0(51)) - omNode-1@group-523986131536->omNode-2: nextIndex: updateUnconditionally 311 -> 45
2020-07-01 01:06:02,861 [Thread-5127] DEBUG impl.RaftServerImpl (RaftServerImpl.java:logAppendEntries(928)) - omNode-3@group-523986131536: succeeded to handle AppendEntries. Reply: omNode-1<-omNode-3#335:OK,SUCCESS,nextIndex:311,term:1,followerCommit:309
2020-07-01 01:06:02,862 [grpc-default-executor-1] DEBUG server.GrpcLogAppender (GrpcLogAppender.java:onNext(257)) - omNode-1@group-523986131536->omNode-3-AppendLogResponseHandler: received a reply omNode-1<-omNode-3#335:OK,SUCCESS,nextIndex:311,term:1,followerCommit:309, request=AppendEntriesRequest:cid=335,entriesCount=1,lastEntry=(t:1, i:310)
2020-07-01 01:06:02,862 [grpc-default-executor-1] WARN  server.GrpcLogAppender (LogUtils.java:warn(122)) - omNode-1@group-523986131536->omNode-2-AppendLogResponseHandler: Failed appendEntries: org.apache.ratis.thirdparty.io.grpc.StatusRuntimeException: UNAVAILABLE: io exception
2020-07-01 01:06:02,862 [grpc-default-executor-1] INFO  impl.FollowerInfo (FollowerInfo.java:lambda$new$0(51)) - omNode-1@group-523986131536->omNode-2: nextIndex: updateUnconditionally 311 -> 45
2020-07-01 01:06:02,864 [grpc-default-executor-1] WARN  server.GrpcLogAppender (LogUtils.java:warn(122)) - omNode-1@group-523986131536->omNode-2-AppendLogResponseHandler: Failed appendEntries: org.apache.ratis.thirdparty.io.grpc.StatusRuntimeException: UNAVAILABLE: io exception
2020-07-01 01:06:02,864 [grpc-default-executor-1] INFO  impl.FollowerInfo (FollowerInfo.java:lambda$new$0(51)) - omNode-1@group-523986131536->omNode-2: nextIndex: updateUnconditionally 311 -> 45
2020-07-01 01:06:02,871 [IPC Server handler 19 on default port 11860] DEBUG impl.RaftServerImpl (RaftServerImpl.java:submitClientRequestAsync(575)) - omNode-1@group-523986131536: receive client request(RaftClientRequest:client-6E5155DBE9B8->omNode-1@group-523986131536, cid=478, seq=0, RW, Message:082412001a13636c6965...(size=360))
2020-07-01 01:06:02,871 [IPC Server handler 19 on default port 11860] DEBUG impl.RaftServerImpl (LeaderState.java:addPendingRequest(335)) - omNode-1@group-523986131536-LeaderState: addPendingRequest at RaftClientRequest:client-6E5155DBE9B8->omNode-1@group-523986131536, cid=478, seq=0, RW, Message:082412001a13636c6965...(size=360), entry=(t:1, i:311), STATEMACHINELOGENTRY, client-6E5155DBE9B8, cid=478
2020-07-01 01:06:02,872 [grpc-default-executor-1] DEBUG impl.RaftServerImpl (RaftServerImpl.java:logAppendEntries(928)) - omNode-3@group-523986131536: receive appendEntries(omNode-1, 1, (t:1, i:310), 310, false, commits[omNode-1:c310, omNode-3:c309, omNode-2:c43], entries: (t:1, i:311), STATEMACHINELOGENTRY, client-6E5155DBE9B8, cid=478
2020-07-01 01:06:02,872 [grpc-default-executor-1] INFO  ratis.OzoneManagerStateMachine (OzoneManagerStateMachine.java:getLatestSnapshot(147)) - Latest Snapshot Info 1#299
2020-07-01 01:06:02,872 [grpc-default-executor-1] INFO  ratis.OzoneManagerStateMachine (OzoneManagerStateMachine.java:getLatestSnapshot(147)) - Latest Snapshot Info 1#299
2020-07-01 01:06:02,872 [grpc-default-executor-1] WARN  server.GrpcLogAppender (LogUtils.java:warn(122)) - omNode-1@group-523986131536->omNode-2-AppendLogResponseHandler: Failed appendEntries: org.apache.ratis.thirdparty.io.grpc.StatusRuntimeException: UNAVAILABLE: io exception
2020-07-01 01:06:02,872 [grpc-default-executor-1] INFO  impl.FollowerInfo (FollowerInfo.java:lambda$new$0(51)) - omNode-1@group-523986131536->omNode-2: nextIndex: updateUnconditionally 311 -> 45
2020-07-01 01:06:02,879 [grpc-default-executor-6] WARN  server.GrpcLogAppender (LogUtils.java:warn(122)) - omNode-1@group-523986131536->omNode-2-AppendLogResponseHandler: Failed appendEntries: org.apache.ratis.thirdparty.io.grpc.StatusRuntimeException: UNAVAILABLE: io exception
2020-07-01 01:06:02,879 [grpc-default-executor-6] INFO  impl.FollowerInfo (FollowerInfo.java:lambda$new$0(51)) - omNode-1@group-523986131536->omNode-2: nextIndex: updateUnconditionally 312 -> 45
2020-07-01 01:06:02,879 [Thread-5129] DEBUG impl.RaftServerImpl (RaftServerImpl.java:logAppendEntries(928)) - omNode-3@group-523986131536: succeeded to handle AppendEntries. Reply: omNode-1<-omNode-3#336:OK,SUCCESS,nextIndex:312,term:1,followerCommit:310
2020-07-01 01:06:02,879 [grpc-default-executor-6] DEBUG server.GrpcLogAppender (GrpcLogAppender.java:onNext(257)) - omNode-1@group-523986131536->omNode-3-AppendLogResponseHandler: received a reply omNode-1<-omNode-3#336:OK,SUCCESS,nextIndex:312,term:1,followerCommit:310, request=AppendEntriesRequest:cid=336,entriesCount=1,lastEntry=(t:1, i:311)
2020-07-01 01:06:02,880 [grpc-default-executor-6] DEBUG impl.RaftServerImpl (RaftServerImpl.java:logAppendEntries(928)) - omNode-3@group-523986131536: receive appendEntries(omNode-1, 1, (t:1, i:311), 311, false, commits[omNode-1:c311, omNode-3:c310, omNode-2:c43], entries: (t:1, i:312), METADATAENTRY(c:311)
2020-07-01 01:06:02,880 [grpc-default-executor-6] INFO  ratis.OzoneManagerStateMachine (OzoneManagerStateMachine.java:getLatestSnapshot(147)) - Latest Snapshot Info 1#299
2020-07-01 01:06:02,880 [grpc-default-executor-6] INFO  ratis.OzoneManagerStateMachine (OzoneManagerStateMachine.java:getLatestSnapshot(147)) - Latest Snapshot Info 1#299
2020-07-01 01:06:02,882 [IPC Server handler 12 on default port 11860] DEBUG impl.RaftServerImpl (RaftServerImpl.java:submitClientRequestAsync(575)) - omNode-1@group-523986131536: receive client request(RaftClientRequest:client-6E5155DBE9B8->omNode-1@group-523986131536, cid=479, seq=0, RW, Message:081f12001a13636c6965...(size=409))
2020-07-01 01:06:02,883 [IPC Server handler 12 on default port 11860] DEBUG impl.RaftServerImpl (LeaderState.java:addPendingRequest(335)) - omNode-1@group-523986131536-LeaderState: addPendingRequest at RaftClientRequest:client-6E5155DBE9B8->omNode-1@group-523986131536, cid=479, seq=0, RW, Message:081f12001a13636c6965...(size=409), entry=(t:1, i:313), STATEMACHINELOGENTRY, client-6E5155DBE9B8, cid=479
2020-07-01 01:06:02,883 [grpc-default-executor-6] DEBUG impl.RaftServerImpl (RaftServerImpl.java:logAppendEntries(928)) - omNode-3@group-523986131536: receive appendEntries(omNode-1, 1, (t:1, i:312), 311, false, commits[omNode-1:c311, omNode-3:c310, omNode-2:c43], entries: (t:1, i:313), STATEMACHINELOGENTRY, client-6E5155DBE9B8, cid=479
2020-07-01 01:06:02,883 [grpc-default-executor-6] INFO  ratis.OzoneManagerStateMachine (OzoneManagerStateMachine.java:getLatestSnapshot(147)) - Latest Snapshot Info 1#299
2020-07-01 01:06:02,883 [grpc-default-executor-6] INFO  ratis.OzoneManagerStateMachine (OzoneManagerStateMachine.java:getLatestSnapshot(147)) - Latest Snapshot Info 1#299
2020-07-01 01:06:02,888 [Thread-5130] DEBUG impl.RaftServerImpl (RaftServerImpl.java:logAppendEntries(928)) - omNode-3@group-523986131536: succeeded to handle AppendEntries. Reply: omNode-1<-omNode-3#337:OK,SUCCESS,nextIndex:313,term:1,followerCommit:311
2020-07-01 01:06:02,888 [Thread-5131] DEBUG impl.RaftServerImpl (RaftServerImpl.java:logAppendEntries(928)) - omNode-3@group-523986131536: succeeded to handle AppendEntries. Reply: omNode-1<-omNode-3#338:OK,SUCCESS,nextIndex:314,term:1,followerCommit:311
2020-07-01 01:06:02,889 [grpc-default-executor-6] DEBUG server.GrpcLogAppender (GrpcLogAppender.java:onNext(257)) - omNode-1@group-523986131536->omNode-3-AppendLogResponseHandler: received a reply omNode-1<-omNode-3#337:OK,SUCCESS,nextIndex:313,term:1,followerCommit:311, request=AppendEntriesRequest:cid=337,entriesCount=1,lastEntry=(t:1, i:312)
2020-07-01 01:06:02,889 [grpc-default-executor-6] DEBUG server.GrpcLogAppender (GrpcLogAppender.java:onNext(257)) - omNode-1@group-523986131536->omNode-3-AppendLogResponseHandler: received a reply omNode-1<-omNode-3#338:OK,SUCCESS,nextIndex:314,term:1,followerCommit:311, request=AppendEntriesRequest:cid=338,entriesCount=1,lastEntry=(t:1, i:313)
2020-07-01 01:06:02,890 [grpc-default-executor-6] WARN  server.GrpcLogAppender (LogUtils.java:warn(122)) - omNode-1@group-523986131536->omNode-2-AppendLogResponseHandler: Failed appendEntries: org.apache.ratis.thirdparty.io.grpc.StatusRuntimeException: UNAVAILABLE: io exception
2020-07-01 01:06:02,890 [grpc-default-executor-6] INFO  impl.FollowerInfo (FollowerInfo.java:lambda$new$0(51)) - omNode-1@group-523986131536->omNode-2: nextIndex: updateUnconditionally 314 -> 45
2020-07-01 01:06:02,890 [grpc-default-executor-6] DEBUG impl.RaftServerImpl (RaftServerImpl.java:logAppendEntries(928)) - omNode-3@group-523986131536: receive appendEntries(omNode-1, 1, (t:1, i:313), 313, false, commits[omNode-1:c313, omNode-3:c311, omNode-2:c43], entries: (t:1, i:314), METADATAENTRY(c:313)
2020-07-01 01:06:02,890 [grpc-default-executor-6] INFO  ratis.OzoneManagerStateMachine (OzoneManagerStateMachine.java:getLatestSnapshot(147)) - Latest Snapshot Info 1#299
2020-07-01 01:06:02,890 [grpc-default-executor-6] INFO  ratis.OzoneManagerStateMachine (OzoneManagerStateMachine.java:getLatestSnapshot(147)) - Latest Snapshot Info 1#299
2020-07-01 01:06:02,895 [grpc-default-executor-1] WARN  server.GrpcLogAppender (LogUtils.java:warn(122)) - omNode-1@group-523986131536->omNode-2-AppendLogResponseHandler: Failed appendEntries: org.apache.ratis.thirdparty.io.grpc.StatusRuntimeException: UNAVAILABLE: io exception
2020-07-01 01:06:02,895 [grpc-default-executor-1] INFO  impl.FollowerInfo (FollowerInfo.java:lambda$new$0(51)) - omNode-1@group-523986131536->omNode-2: nextIndex: updateUnconditionally 315 -> 45
2020-07-01 01:06:02,897 [Thread-5132] DEBUG impl.RaftServerImpl (RaftServerImpl.java:logAppendEntries(928)) - omNode-3@group-523986131536: succeeded to handle AppendEntries. Reply: omNode-1<-omNode-3#339:OK,SUCCESS,nextIndex:315,term:1,followerCommit:313
2020-07-01 01:06:02,898 [grpc-default-executor-1] DEBUG server.GrpcLogAppender (GrpcLogAppender.java:onNext(257)) - omNode-1@group-523986131536->omNode-3-AppendLogResponseHandler: received a reply omNode-1<-omNode-3#339:OK,SUCCESS,nextIndex:315,term:1,followerCommit:313, request=AppendEntriesRequest:cid=339,entriesCount=1,lastEntry=(t:1, i:314)
2020-07-01 01:06:02,899 [grpc-default-executor-1] WARN  server.GrpcLogAppender (LogUtils.java:warn(122)) - omNode-1@group-523986131536->omNode-2-AppendLogResponseHandler: Failed appendEntries: org.apache.ratis.thirdparty.io.grpc.StatusRuntimeException: UNAVAILABLE: io exception
2020-07-01 01:06:02,899 [grpc-default-executor-1] INFO  impl.FollowerInfo (FollowerInfo.java:lambda$new$0(51)) - omNode-1@group-523986131536->omNode-2: nextIndex: updateUnconditionally 315 -> 45
2020-07-01 01:06:02,901 [grpc-default-executor-1] WARN  server.GrpcLogAppender (LogUtils.java:warn(122)) - omNode-1@group-523986131536->omNode-2-AppendLogResponseHandler: Failed appendEntries: org.apache.ratis.thirdparty.io.grpc.StatusRuntimeException: UNAVAILABLE: io exception
2020-07-01 01:06:02,901 [grpc-default-executor-1] INFO  impl.FollowerInfo (FollowerInfo.java:lambda$new$0(51)) - omNode-1@group-523986131536->omNode-2: nextIndex: updateUnconditionally 315 -> 45
2020-07-01 01:06:02,905 [grpc-default-executor-8] WARN  server.GrpcLogAppender (LogUtils.java:warn(122)) - omNode-1@group-523986131536->omNode-2-AppendLogResponseHandler: Failed appendEntries: org.apache.ratis.thirdparty.io.grpc.StatusRuntimeException: UNAVAILABLE: io exception
2020-07-01 01:06:02,905 [IPC Server handler 1 on default port 11860] DEBUG impl.RaftServerImpl (RaftServerImpl.java:submitClientRequestAsync(575)) - omNode-1@group-523986131536: receive client request(RaftClientRequest:client-6E5155DBE9B8->omNode-1@group-523986131536, cid=480, seq=0, RW, Message:082412001a13636c6965...(size=360))
2020-07-01 01:06:02,905 [grpc-default-executor-8] INFO  impl.FollowerInfo (FollowerInfo.java:lambda$new$0(51)) - omNode-1@group-523986131536->omNode-2: nextIndex: updateUnconditionally 315 -> 45
2020-07-01 01:06:02,906 [IPC Server handler 1 on default port 11860] DEBUG impl.RaftServerImpl (LeaderState.java:addPendingRequest(335)) - omNode-1@group-523986131536-LeaderState: addPendingRequest at RaftClientRequest:client-6E5155DBE9B8->omNode-1@group-523986131536, cid=480, seq=0, RW, Message:082412001a13636c6965...(size=360), entry=(t:1, i:315), STATEMACHINELOGENTRY, client-6E5155DBE9B8, cid=480
2020-07-01 01:06:02,906 [grpc-default-executor-8] DEBUG impl.RaftServerImpl (RaftServerImpl.java:logAppendEntries(928)) - omNode-3@group-523986131536: receive appendEntries(omNode-1, 1, (t:1, i:314), 314, false, commits[omNode-1:c314, omNode-3:c313, omNode-2:c43], entries: (t:1, i:315), STATEMACHINELOGENTRY, client-6E5155DBE9B8, cid=480
2020-07-01 01:06:02,906 [grpc-default-executor-8] INFO  ratis.OzoneManagerStateMachine (OzoneManagerStateMachine.java:getLatestSnapshot(147)) - Latest Snapshot Info 1#299
2020-07-01 01:06:02,906 [grpc-default-executor-8] INFO  ratis.OzoneManagerStateMachine (OzoneManagerStateMachine.java:getLatestSnapshot(147)) - Latest Snapshot Info 1#299
2020-07-01 01:06:02,909 [grpc-default-executor-8] WARN  server.GrpcLogAppender (LogUtils.java:warn(122)) - omNode-1@group-523986131536->omNode-2-AppendLogResponseHandler: Failed appendEntries: org.apache.ratis.thirdparty.io.grpc.StatusRuntimeException: UNAVAILABLE: io exception
2020-07-01 01:06:02,909 [grpc-default-executor-8] INFO  impl.FollowerInfo (FollowerInfo.java:lambda$new$0(51)) - omNode-1@group-523986131536->omNode-2: nextIndex: updateUnconditionally 316 -> 45
2020-07-01 01:06:02,911 [grpc-default-executor-8] WARN  server.GrpcLogAppender (LogUtils.java:warn(122)) - omNode-1@group-523986131536->omNode-2-AppendLogResponseHandler: Failed appendEntries: org.apache.ratis.thirdparty.io.grpc.StatusRuntimeException: UNAVAILABLE: io exception
2020-07-01 01:06:02,911 [grpc-default-executor-8] INFO  impl.FollowerInfo (FollowerInfo.java:lambda$new$0(51)) - omNode-1@group-523986131536->omNode-2: nextIndex: updateUnconditionally 316 -> 45
2020-07-01 01:06:02,913 [Thread-5133] DEBUG impl.RaftServerImpl (RaftServerImpl.java:logAppendEntries(928)) - omNode-3@group-523986131536: succeeded to handle AppendEntries. Reply: omNode-1<-omNode-3#340:OK,SUCCESS,nextIndex:316,term:1,followerCommit:314
2020-07-01 01:06:02,913 [grpc-default-executor-1] DEBUG server.GrpcLogAppender (GrpcLogAppender.java:onNext(257)) - omNode-1@group-523986131536->omNode-3-AppendLogResponseHandler: received a reply omNode-1<-omNode-3#340:OK,SUCCESS,nextIndex:316,term:1,followerCommit:314, request=AppendEntriesRequest:cid=340,entriesCount=1,lastEntry=(t:1, i:315)
2020-07-01 01:06:02,914 [grpc-default-executor-8] DEBUG impl.RaftServerImpl (RaftServerImpl.java:logAppendEntries(928)) - omNode-3@group-523986131536: receive appendEntries(omNode-1, 1, (t:1, i:315), 315, false, commits[omNode-1:c315, omNode-3:c314, omNode-2:c43], entries: (t:1, i:316), METADATAENTRY(c:315)
2020-07-01 01:06:02,914 [grpc-default-executor-8] INFO  ratis.OzoneManagerStateMachine (OzoneManagerStateMachine.java:getLatestSnapshot(147)) - Latest Snapshot Info 1#299
2020-07-01 01:06:02,914 [grpc-default-executor-8] INFO  ratis.OzoneManagerStateMachine (OzoneManagerStateMachine.java:getLatestSnapshot(147)) - Latest Snapshot Info 1#299
2020-07-01 01:06:02,915 [grpc-default-executor-8] WARN  server.GrpcLogAppender (LogUtils.java:warn(122)) - omNode-1@group-523986131536->omNode-2-AppendLogResponseHandler: Failed appendEntries: org.apache.ratis.thirdparty.io.grpc.StatusRuntimeException: UNAVAILABLE: io exception
2020-07-01 01:06:02,915 [grpc-default-executor-8] INFO  impl.FollowerInfo (FollowerInfo.java:lambda$new$0(51)) - omNode-1@group-523986131536->omNode-2: nextIndex: updateUnconditionally 316 -> 45
2020-07-01 01:06:02,916 [IPC Server handler 3 on default port 11860] DEBUG impl.RaftServerImpl (RaftServerImpl.java:submitClientRequestAsync(575)) - omNode-1@group-523986131536: receive client request(RaftClientRequest:client-6E5155DBE9B8->omNode-1@group-523986131536, cid=481, seq=0, RW, Message:081f12001a13636c6965...(size=409))
2020-07-01 01:06:02,917 [IPC Server handler 3 on default port 11860] DEBUG impl.RaftServerImpl (LeaderState.java:addPendingRequest(335)) - omNode-1@group-523986131536-LeaderState: addPendingRequest at RaftClientRequest:client-6E5155DBE9B8->omNode-1@group-523986131536, cid=481, seq=0, RW, Message:081f12001a13636c6965...(size=409), entry=(t:1, i:317), STATEMACHINELOGENTRY, client-6E5155DBE9B8, cid=481
2020-07-01 01:06:02,917 [grpc-default-executor-8] DEBUG impl.RaftServerImpl (RaftServerImpl.java:logAppendEntries(928)) - omNode-3@group-523986131536: receive appendEntries(omNode-1, 1, (t:1, i:316), 315, false, commits[omNode-1:c315, omNode-3:c314, omNode-2:c43], entries: (t:1, i:317), STATEMACHINELOGENTRY, client-6E5155DBE9B8, cid=481
2020-07-01 01:06:02,917 [grpc-default-executor-8] INFO  ratis.OzoneManagerStateMachine (OzoneManagerStateMachine.java:getLatestSnapshot(147)) - Latest Snapshot Info 1#299
2020-07-01 01:06:02,917 [grpc-default-executor-8] INFO  ratis.OzoneManagerStateMachine (OzoneManagerStateMachine.java:getLatestSnapshot(147)) - Latest Snapshot Info 1#299
2020-07-01 01:06:02,919 [grpc-default-executor-8] WARN  server.GrpcLogAppender (LogUtils.java:warn(122)) - omNode-1@group-523986131536->omNode-2-AppendLogResponseHandler: Failed appendEntries: org.apache.ratis.thirdparty.io.grpc.StatusRuntimeException: UNAVAILABLE: io exception
2020-07-01 01:06:02,919 [grpc-default-executor-8] INFO  impl.FollowerInfo (FollowerInfo.java:lambda$new$0(51)) - omNode-1@group-523986131536->omNode-2: nextIndex: updateUnconditionally 317 -> 45
2020-07-01 01:06:02,921 [grpc-default-executor-8] WARN  server.GrpcLogAppender (LogUtils.java:warn(122)) - omNode-1@group-523986131536->omNode-2-AppendLogResponseHandler: Failed appendEntries: org.apache.ratis.thirdparty.io.grpc.StatusRuntimeException: UNAVAILABLE: io exception
2020-07-01 01:06:02,921 [grpc-default-executor-8] INFO  impl.FollowerInfo (FollowerInfo.java:lambda$new$0(51)) - omNode-1@group-523986131536->omNode-2: nextIndex: updateUnconditionally 318 -> 45
2020-07-01 01:06:02,924 [Thread-5134] DEBUG impl.RaftServerImpl (RaftServerImpl.java:logAppendEntries(928)) - omNode-3@group-523986131536: succeeded to handle AppendEntries. Reply: omNode-1<-omNode-3#341:OK,SUCCESS,nextIndex:317,term:1,followerCommit:315
2020-07-01 01:06:02,924 [grpc-default-executor-1] DEBUG server.GrpcLogAppender (GrpcLogAppender.java:onNext(257)) - omNode-1@group-523986131536->omNode-3-AppendLogResponseHandler: received a reply omNode-1<-omNode-3#341:OK,SUCCESS,nextIndex:317,term:1,followerCommit:315, request=AppendEntriesRequest:cid=341,entriesCount=1,lastEntry=(t:1, i:316)
2020-07-01 01:06:02,925 [grpc-default-executor-8] WARN  server.GrpcLogAppender (LogUtils.java:warn(122)) - omNode-1@group-523986131536->omNode-2-AppendLogResponseHandler: Failed appendEntries: org.apache.ratis.thirdparty.io.grpc.StatusRuntimeException: UNAVAILABLE: io exception
2020-07-01 01:06:02,925 [grpc-default-executor-8] INFO  impl.FollowerInfo (FollowerInfo.java:lambda$new$0(51)) - omNode-1@group-523986131536->omNode-2: nextIndex: updateUnconditionally 318 -> 45
2020-07-01 01:06:02,927 [grpc-default-executor-8] WARN  server.GrpcLogAppender (LogUtils.java:warn(122)) - omNode-1@group-523986131536->omNode-2-AppendLogResponseHandler: Failed appendEntries: org.apache.ratis.thirdparty.io.grpc.StatusRuntimeException: UNAVAILABLE: io exception
2020-07-01 01:06:02,927 [grpc-default-executor-8] INFO  impl.FollowerInfo (FollowerInfo.java:lambda$new$0(51)) - omNode-1@group-523986131536->omNode-2: nextIndex: updateUnconditionally 318 -> 45
2020-07-01 01:06:02,929 [grpc-default-executor-8] WARN  server.GrpcLogAppender (LogUtils.java:warn(122)) - omNode-1@group-523986131536->omNode-2-AppendLogResponseHandler: Failed appendEntries: org.apache.ratis.thirdparty.io.grpc.StatusRuntimeException: UNAVAILABLE: io exception
2020-07-01 01:06:02,930 [grpc-default-executor-8] INFO  impl.FollowerInfo (FollowerInfo.java:lambda$new$0(51)) - omNode-1@group-523986131536->omNode-2: nextIndex: updateUnconditionally 318 -> 45
2020-07-01 01:06:02,932 [grpc-default-executor-8] WARN  server.GrpcLogAppender (LogUtils.java:warn(122)) - omNode-1@group-523986131536->omNode-2-AppendLogResponseHandler: Failed appendEntries: org.apache.ratis.thirdparty.io.grpc.StatusRuntimeException: UNAVAILABLE: io exception
2020-07-01 01:06:02,932 [grpc-default-executor-8] INFO  impl.FollowerInfo (FollowerInfo.java:lambda$new$0(51)) - omNode-1@group-523986131536->omNode-2: nextIndex: updateUnconditionally 318 -> 45
2020-07-01 01:06:02,934 [grpc-default-executor-8] WARN  server.GrpcLogAppender (LogUtils.java:warn(122)) - omNode-1@group-523986131536->omNode-2-AppendLogResponseHandler: Failed appendEntries: org.apache.ratis.thirdparty.io.grpc.StatusRuntimeException: UNAVAILABLE: io exception
2020-07-01 01:06:02,934 [grpc-default-executor-8] INFO  impl.FollowerInfo (FollowerInfo.java:lambda$new$0(51)) - omNode-1@group-523986131536->omNode-2: nextIndex: updateUnconditionally 318 -> 45
2020-07-01 01:06:02,936 [grpc-default-executor-8] WARN  server.GrpcLogAppender (LogUtils.java:warn(122)) - omNode-1@group-523986131536->omNode-2-AppendLogResponseHandler: Failed appendEntries: org.apache.ratis.thirdparty.io.grpc.StatusRuntimeException: UNAVAILABLE: io exception
2020-07-01 01:06:02,936 [grpc-default-executor-8] INFO  impl.FollowerInfo (FollowerInfo.java:lambda$new$0(51)) - omNode-1@group-523986131536->omNode-2: nextIndex: updateUnconditionally 318 -> 45
2020-07-01 01:06:02,936 [Thread-5135] DEBUG impl.RaftServerImpl (RaftServerImpl.java:logAppendEntries(928)) - omNode-3@group-523986131536: succeeded to handle AppendEntries. Reply: omNode-1<-omNode-3#342:OK,SUCCESS,nextIndex:318,term:1,followerCommit:315
2020-07-01 01:06:02,937 [grpc-default-executor-8] DEBUG server.GrpcLogAppender (GrpcLogAppender.java:onNext(257)) - omNode-1@group-523986131536->omNode-3-AppendLogResponseHandler: received a reply omNode-1<-omNode-3#342:OK,SUCCESS,nextIndex:318,term:1,followerCommit:315, request=AppendEntriesRequest:cid=342,entriesCount=1,lastEntry=(t:1, i:317)
2020-07-01 01:06:02,938 [grpc-default-executor-8] DEBUG impl.RaftServerImpl (RaftServerImpl.java:logAppendEntries(928)) - omNode-3@group-523986131536: receive appendEntries(omNode-1, 1, (t:1, i:317), 317, false, commits[omNode-1:c317, omNode-3:c315, omNode-2:c43], entries: (t:1, i:318), METADATAENTRY(c:317)
2020-07-01 01:06:02,938 [grpc-default-executor-8] INFO  ratis.OzoneManagerStateMachine (OzoneManagerStateMachine.java:getLatestSnapshot(147)) - Latest Snapshot Info 1#299
2020-07-01 01:06:02,938 [grpc-default-executor-8] INFO  ratis.OzoneManagerStateMachine (OzoneManagerStateMachine.java:getLatestSnapshot(147)) - Latest Snapshot Info 1#299
2020-07-01 01:06:02,940 [grpc-default-executor-8] WARN  server.GrpcLogAppender (LogUtils.java:warn(122)) - omNode-1@group-523986131536->omNode-2-AppendLogResponseHandler: Failed appendEntries: org.apache.ratis.thirdparty.io.grpc.StatusRuntimeException: UNAVAILABLE: io exception
2020-07-01 01:06:02,940 [grpc-default-executor-8] INFO  impl.FollowerInfo (FollowerInfo.java:lambda$new$0(51)) - omNode-1@group-523986131536->omNode-2: nextIndex: updateUnconditionally 318 -> 45
2020-07-01 01:06:02,945 [grpc-default-executor-1] WARN  server.GrpcLogAppender (LogUtils.java:warn(122)) - omNode-1@group-523986131536->omNode-2-AppendLogResponseHandler: Failed appendEntries: org.apache.ratis.thirdparty.io.grpc.StatusRuntimeException: UNAVAILABLE: io exception
2020-07-01 01:06:02,945 [grpc-default-executor-1] INFO  impl.FollowerInfo (FollowerInfo.java:lambda$new$0(51)) - omNode-1@group-523986131536->omNode-2: nextIndex: updateUnconditionally 319 -> 45
2020-07-01 01:06:02,947 [Thread-5136] DEBUG impl.RaftServerImpl (RaftServerImpl.java:logAppendEntries(928)) - omNode-3@group-523986131536: succeeded to handle AppendEntries. Reply: omNode-1<-omNode-3#343:OK,SUCCESS,nextIndex:319,term:1,followerCommit:317
2020-07-01 01:06:02,949 [grpc-default-executor-1] DEBUG server.GrpcLogAppender (GrpcLogAppender.java:onNext(257)) - omNode-1@group-523986131536->omNode-3-AppendLogResponseHandler: received a reply omNode-1<-omNode-3#343:OK,SUCCESS,nextIndex:319,term:1,followerCommit:317, request=AppendEntriesRequest:cid=343,entriesCount=1,lastEntry=(t:1, i:318)
2020-07-01 01:06:02,949 [grpc-default-executor-1] WARN  server.GrpcLogAppender (LogUtils.java:warn(122)) - omNode-1@group-523986131536->omNode-2-AppendLogResponseHandler: Failed appendEntries: org.apache.ratis.thirdparty.io.grpc.StatusRuntimeException: UNAVAILABLE: io exception
2020-07-01 01:06:02,949 [grpc-default-executor-1] INFO  impl.FollowerInfo (FollowerInfo.java:lambda$new$0(51)) - omNode-1@group-523986131536->omNode-2: nextIndex: updateUnconditionally 319 -> 45
2020-07-01 01:06:02,951 [grpc-default-executor-1] WARN  server.GrpcLogAppender (LogUtils.java:warn(122)) - omNode-1@group-523986131536->omNode-2-AppendLogResponseHandler: Failed appendEntries: org.apache.ratis.thirdparty.io.grpc.StatusRuntimeException: UNAVAILABLE: io exception
2020-07-01 01:06:02,952 [grpc-default-executor-1] INFO  impl.FollowerInfo (FollowerInfo.java:lambda$new$0(51)) - omNode-1@group-523986131536->omNode-2: nextIndex: updateUnconditionally 319 -> 45
2020-07-01 01:06:02,954 [grpc-default-executor-1] WARN  server.GrpcLogAppender (LogUtils.java:warn(122)) - omNode-1@group-523986131536->omNode-2-AppendLogResponseHandler: Failed appendEntries: org.apache.ratis.thirdparty.io.grpc.StatusRuntimeException: UNAVAILABLE: io exception
2020-07-01 01:06:02,954 [grpc-default-executor-1] INFO  impl.FollowerInfo (FollowerInfo.java:lambda$new$0(51)) - omNode-1@group-523986131536->omNode-2: nextIndex: updateUnconditionally 319 -> 45
2020-07-01 01:06:02,956 [grpc-default-executor-1] WARN  server.GrpcLogAppender (LogUtils.java:warn(122)) - omNode-1@group-523986131536->omNode-2-AppendLogResponseHandler: Failed appendEntries: org.apache.ratis.thirdparty.io.grpc.StatusRuntimeException: UNAVAILABLE: io exception
2020-07-01 01:06:02,956 [grpc-default-executor-1] INFO  impl.FollowerInfo (FollowerInfo.java:lambda$new$0(51)) - omNode-1@group-523986131536->omNode-2: nextIndex: updateUnconditionally 319 -> 45
2020-07-01 01:06:02,957 [IPC Server handler 0 on default port 11860] DEBUG impl.RaftServerImpl (RaftServerImpl.java:submitClientRequestAsync(575)) - omNode-1@group-523986131536: receive client request(RaftClientRequest:client-6E5155DBE9B8->omNode-1@group-523986131536, cid=482, seq=0, RW, Message:082412001a13636c6965...(size=360))
2020-07-01 01:06:02,957 [IPC Server handler 0 on default port 11860] DEBUG impl.RaftServerImpl (LeaderState.java:addPendingRequest(335)) - omNode-1@group-523986131536-LeaderState: addPendingRequest at RaftClientRequest:client-6E5155DBE9B8->omNode-1@group-523986131536, cid=482, seq=0, RW, Message:082412001a13636c6965...(size=360), entry=(t:1, i:319), STATEMACHINELOGENTRY, client-6E5155DBE9B8, cid=482
2020-07-01 01:06:02,958 [grpc-default-executor-1] DEBUG impl.RaftServerImpl (RaftServerImpl.java:logAppendEntries(928)) - omNode-3@group-523986131536: receive appendEntries(omNode-1, 1, (t:1, i:318), 318, false, commits[omNode-1:c318, omNode-3:c317, omNode-2:c43], entries: (t:1, i:319), STATEMACHINELOGENTRY, client-6E5155DBE9B8, cid=482
2020-07-01 01:06:02,958 [grpc-default-executor-1] INFO  ratis.OzoneManagerStateMachine (OzoneManagerStateMachine.java:getLatestSnapshot(147)) - Latest Snapshot Info 1#299
2020-07-01 01:06:02,958 [grpc-default-executor-1] INFO  ratis.OzoneManagerStateMachine (OzoneManagerStateMachine.java:getLatestSnapshot(147)) - Latest Snapshot Info 1#299
2020-07-01 01:06:02,960 [grpc-default-executor-1] WARN  server.GrpcLogAppender (LogUtils.java:warn(122)) - omNode-1@group-523986131536->omNode-2-AppendLogResponseHandler: Failed appendEntries: org.apache.ratis.thirdparty.io.grpc.StatusRuntimeException: UNAVAILABLE: io exception
2020-07-01 01:06:02,960 [grpc-default-executor-1] INFO  impl.FollowerInfo (FollowerInfo.java:lambda$new$0(51)) - omNode-1@group-523986131536->omNode-2: nextIndex: updateUnconditionally 320 -> 45
2020-07-01 01:06:02,962 [grpc-default-executor-1] WARN  server.GrpcLogAppender (LogUtils.java:warn(122)) - omNode-1@group-523986131536->omNode-2-AppendLogResponseHandler: Failed appendEntries: org.apache.ratis.thirdparty.io.grpc.StatusRuntimeException: UNAVAILABLE: io exception
2020-07-01 01:06:02,963 [grpc-default-executor-1] INFO  impl.FollowerInfo (FollowerInfo.java:lambda$new$0(51)) - omNode-1@group-523986131536->omNode-2: nextIndex: updateUnconditionally 320 -> 45
2020-07-01 01:06:02,965 [Thread-5137] DEBUG impl.RaftServerImpl (RaftServerImpl.java:logAppendEntries(928)) - omNode-3@group-523986131536: succeeded to handle AppendEntries. Reply: omNode-1<-omNode-3#344:OK,SUCCESS,nextIndex:320,term:1,followerCommit:318
2020-07-01 01:06:02,965 [grpc-default-executor-8] DEBUG server.GrpcLogAppender (GrpcLogAppender.java:onNext(257)) - omNode-1@group-523986131536->omNode-3-AppendLogResponseHandler: received a reply omNode-1<-omNode-3#344:OK,SUCCESS,nextIndex:320,term:1,followerCommit:318, request=AppendEntriesRequest:cid=344,entriesCount=1,lastEntry=(t:1, i:319)
2020-07-01 01:06:02,966 [grpc-default-executor-8] DEBUG impl.RaftServerImpl (RaftServerImpl.java:logAppendEntries(928)) - omNode-3@group-523986131536: receive appendEntries(omNode-1, 1, (t:1, i:319), 319, false, commits[omNode-1:c319, omNode-3:c318, omNode-2:c43], entries: (t:1, i:320), METADATAENTRY(c:319)
2020-07-01 01:06:02,966 [grpc-default-executor-8] INFO  ratis.OzoneManagerStateMachine (OzoneManagerStateMachine.java:getLatestSnapshot(147)) - Latest Snapshot Info 1#299
2020-07-01 01:06:02,966 [grpc-default-executor-8] INFO  ratis.OzoneManagerStateMachine (OzoneManagerStateMachine.java:getLatestSnapshot(147)) - Latest Snapshot Info 1#299
2020-07-01 01:06:02,967 [grpc-default-executor-1] WARN  server.GrpcLogAppender (LogUtils.java:warn(122)) - omNode-1@group-523986131536->omNode-2-AppendLogResponseHandler: Failed appendEntries: org.apache.ratis.thirdparty.io.grpc.StatusRuntimeException: UNAVAILABLE: io exception
2020-07-01 01:06:02,967 [grpc-default-executor-1] INFO  impl.FollowerInfo (FollowerInfo.java:lambda$new$0(51)) - omNode-1@group-523986131536->omNode-2: nextIndex: updateUnconditionally 320 -> 45
2020-07-01 01:06:02,969 [IPC Server handler 5 on default port 11860] DEBUG impl.RaftServerImpl (RaftServerImpl.java:submitClientRequestAsync(575)) - omNode-1@group-523986131536: receive client request(RaftClientRequest:client-6E5155DBE9B8->omNode-1@group-523986131536, cid=483, seq=0, RW, Message:081f12001a13636c6965...(size=409))
2020-07-01 01:06:02,969 [IPC Server handler 5 on default port 11860] DEBUG impl.RaftServerImpl (LeaderState.java:addPendingRequest(335)) - omNode-1@group-523986131536-LeaderState: addPendingRequest at RaftClientRequest:client-6E5155DBE9B8->omNode-1@group-523986131536, cid=483, seq=0, RW, Message:081f12001a13636c6965...(size=409), entry=(t:1, i:321), STATEMACHINELOGENTRY, client-6E5155DBE9B8, cid=483
2020-07-01 01:06:02,969 [Thread-5138] DEBUG impl.RaftServerImpl (RaftServerImpl.java:logAppendEntries(928)) - omNode-3@group-523986131536: succeeded to handle AppendEntries. Reply: omNode-1<-omNode-3#345:OK,SUCCESS,nextIndex:321,term:1,followerCommit:319
2020-07-01 01:06:02,970 [grpc-default-executor-8] DEBUG server.GrpcLogAppender (GrpcLogAppender.java:onNext(257)) - omNode-1@group-523986131536->omNode-3-AppendLogResponseHandler: received a reply omNode-1<-omNode-3#345:OK,SUCCESS,nextIndex:321,term:1,followerCommit:319, request=AppendEntriesRequest:cid=345,entriesCount=1,lastEntry=(t:1, i:320)
2020-07-01 01:06:02,971 [grpc-default-executor-1] DEBUG impl.RaftServerImpl (RaftServerImpl.java:logAppendEntries(928)) - omNode-3@group-523986131536: receive appendEntries(omNode-1, 1, (t:1, i:320), 319, false, commits[omNode-1:c319, omNode-3:c318, omNode-2:c43], entries: (t:1, i:321), STATEMACHINELOGENTRY, client-6E5155DBE9B8, cid=483
2020-07-01 01:06:02,971 [grpc-default-executor-1] INFO  ratis.OzoneManagerStateMachine (OzoneManagerStateMachine.java:getLatestSnapshot(147)) - Latest Snapshot Info 1#299
2020-07-01 01:06:02,971 [grpc-default-executor-1] INFO  ratis.OzoneManagerStateMachine (OzoneManagerStateMachine.java:getLatestSnapshot(147)) - Latest Snapshot Info 1#299
2020-07-01 01:06:02,972 [Thread-5139] DEBUG impl.RaftServerImpl (RaftServerImpl.java:logAppendEntries(928)) - omNode-3@group-523986131536: succeeded to handle AppendEntries. Reply: omNode-1<-omNode-3#346:OK,SUCCESS,nextIndex:322,term:1,followerCommit:319
2020-07-01 01:06:02,972 [grpc-default-executor-1] DEBUG server.GrpcLogAppender (GrpcLogAppender.java:onNext(257)) - omNode-1@group-523986131536->omNode-3-AppendLogResponseHandler: received a reply omNode-1<-omNode-3#346:OK,SUCCESS,nextIndex:322,term:1,followerCommit:319, request=AppendEntriesRequest:cid=346,entriesCount=1,lastEntry=(t:1, i:321)
2020-07-01 01:06:02,974 [grpc-default-executor-1] DEBUG impl.RaftServerImpl (RaftServerImpl.java:logAppendEntries(928)) - omNode-3@group-523986131536: receive appendEntries(omNode-1, 1, (t:1, i:321), 321, false, commits[omNode-1:c321, omNode-3:c319, omNode-2:c43], entries: (t:1, i:322), METADATAENTRY(c:321)
2020-07-01 01:06:02,974 [grpc-default-executor-1] INFO  ratis.OzoneManagerStateMachine (OzoneManagerStateMachine.java:getLatestSnapshot(147)) - Latest Snapshot Info 1#299
2020-07-01 01:06:02,974 [grpc-default-executor-1] INFO  ratis.OzoneManagerStateMachine (OzoneManagerStateMachine.java:getLatestSnapshot(147)) - Latest Snapshot Info 1#299
2020-07-01 01:06:02,974 [grpc-default-executor-8] WARN  server.GrpcLogAppender (LogUtils.java:warn(122)) - omNode-1@group-523986131536->omNode-2-AppendLogResponseHandler: Failed appendEntries: org.apache.ratis.thirdparty.io.grpc.StatusRuntimeException: UNAVAILABLE: io exception
2020-07-01 01:06:02,974 [grpc-default-executor-8] INFO  impl.FollowerInfo (FollowerInfo.java:lambda$new$0(51)) - omNode-1@group-523986131536->omNode-2: nextIndex: updateUnconditionally 321 -> 45
2020-07-01 01:06:02,976 [Thread-5140] DEBUG impl.RaftServerImpl (RaftServerImpl.java:logAppendEntries(928)) - omNode-3@group-523986131536: succeeded to handle AppendEntries. Reply: omNode-1<-omNode-3#347:OK,SUCCESS,nextIndex:323,term:1,followerCommit:321
2020-07-01 01:06:02,977 [grpc-default-executor-8] DEBUG server.GrpcLogAppender (GrpcLogAppender.java:onNext(257)) - omNode-1@group-523986131536->omNode-3-AppendLogResponseHandler: received a reply omNode-1<-omNode-3#347:OK,SUCCESS,nextIndex:323,term:1,followerCommit:321, request=AppendEntriesRequest:cid=347,entriesCount=1,lastEntry=(t:1, i:322)
2020-07-01 01:06:02,979 [grpc-default-executor-1] WARN  server.GrpcLogAppender (LogUtils.java:warn(122)) - omNode-1@group-523986131536->omNode-2-AppendLogResponseHandler: Failed appendEntries: org.apache.ratis.thirdparty.io.grpc.StatusRuntimeException: UNAVAILABLE: io exception
2020-07-01 01:06:02,979 [grpc-default-executor-1] INFO  impl.FollowerInfo (FollowerInfo.java:lambda$new$0(51)) - omNode-1@group-523986131536->omNode-2: nextIndex: updateUnconditionally 323 -> 45
2020-07-01 01:06:02,981 [IPC Server handler 2 on default port 11860] DEBUG impl.RaftServerImpl (RaftServerImpl.java:submitClientRequestAsync(575)) - omNode-1@group-523986131536: receive client request(RaftClientRequest:client-6E5155DBE9B8->omNode-1@group-523986131536, cid=484, seq=0, RW, Message:082412001a13636c6965...(size=360))
2020-07-01 01:06:02,981 [IPC Server handler 2 on default port 11860] DEBUG impl.RaftServerImpl (LeaderState.java:addPendingRequest(335)) - omNode-1@group-523986131536-LeaderState: addPendingRequest at RaftClientRequest:client-6E5155DBE9B8->omNode-1@group-523986131536, cid=484, seq=0, RW, Message:082412001a13636c6965...(size=360), entry=(t:1, i:323), STATEMACHINELOGENTRY, client-6E5155DBE9B8, cid=484
2020-07-01 01:06:02,983 [grpc-default-executor-8] DEBUG impl.RaftServerImpl (RaftServerImpl.java:logAppendEntries(928)) - omNode-3@group-523986131536: receive appendEntries(omNode-1, 1, (t:1, i:322), 322, false, commits[omNode-1:c322, omNode-3:c321, omNode-2:c43], entries: (t:1, i:323), STATEMACHINELOGENTRY, client-6E5155DBE9B8, cid=484
2020-07-01 01:06:02,983 [grpc-default-executor-8] INFO  ratis.OzoneManagerStateMachine (OzoneManagerStateMachine.java:getLatestSnapshot(147)) - Latest Snapshot Info 1#299
2020-07-01 01:06:02,983 [grpc-default-executor-6] WARN  server.GrpcLogAppender (LogUtils.java:warn(122)) - omNode-1@group-523986131536->omNode-2-AppendLogResponseHandler: Failed appendEntries: org.apache.ratis.thirdparty.io.grpc.StatusRuntimeException: UNAVAILABLE: io exception
2020-07-01 01:06:02,983 [grpc-default-executor-6] INFO  impl.FollowerInfo (FollowerInfo.java:lambda$new$0(51)) - omNode-1@group-523986131536->omNode-2: nextIndex: updateUnconditionally 324 -> 45
2020-07-01 01:06:02,983 [grpc-default-executor-8] INFO  ratis.OzoneManagerStateMachine (OzoneManagerStateMachine.java:getLatestSnapshot(147)) - Latest Snapshot Info 1#299
2020-07-01 01:06:02,984 [Thread-5141] DEBUG impl.RaftServerImpl (RaftServerImpl.java:logAppendEntries(928)) - omNode-3@group-523986131536: succeeded to handle AppendEntries. Reply: omNode-1<-omNode-3#348:OK,SUCCESS,nextIndex:324,term:1,followerCommit:322
2020-07-01 01:06:02,984 [grpc-default-executor-8] DEBUG server.GrpcLogAppender (GrpcLogAppender.java:onNext(257)) - omNode-1@group-523986131536->omNode-3-AppendLogResponseHandler: received a reply omNode-1<-omNode-3#348:OK,SUCCESS,nextIndex:324,term:1,followerCommit:322, request=AppendEntriesRequest:cid=348,entriesCount=1,lastEntry=(t:1, i:323)
2020-07-01 01:06:02,988 [grpc-default-executor-1] WARN  server.GrpcLogAppender (LogUtils.java:warn(122)) - omNode-1@group-523986131536->omNode-2-AppendLogResponseHandler: Failed appendEntries: org.apache.ratis.thirdparty.io.grpc.StatusRuntimeException: UNAVAILABLE: io exception
2020-07-01 01:06:02,988 [grpc-default-executor-1] INFO  impl.FollowerInfo (FollowerInfo.java:lambda$new$0(51)) - omNode-1@group-523986131536->omNode-2: nextIndex: updateUnconditionally 325 -> 45
2020-07-01 01:06:02,988 [IPC Server handler 4 on default port 11860] DEBUG impl.RaftServerImpl (RaftServerImpl.java:submitClientRequestAsync(575)) - omNode-1@group-523986131536: receive client request(RaftClientRequest:client-6E5155DBE9B8->omNode-1@group-523986131536, cid=485, seq=0, RW, Message:081f12001a13636c6965...(size=409))
2020-07-01 01:06:02,989 [IPC Server handler 4 on default port 11860] DEBUG impl.RaftServerImpl (LeaderState.java:addPendingRequest(335)) - omNode-1@group-523986131536-LeaderState: addPendingRequest at RaftClientRequest:client-6E5155DBE9B8->omNode-1@group-523986131536, cid=485, seq=0, RW, Message:081f12001a13636c6965...(size=409), entry=(t:1, i:325), STATEMACHINELOGENTRY, client-6E5155DBE9B8, cid=485
2020-07-01 01:06:02,989 [grpc-default-executor-8] DEBUG impl.RaftServerImpl (RaftServerImpl.java:logAppendEntries(928)) - omNode-3@group-523986131536: receive appendEntries(omNode-1, 1, (t:1, i:323), 323, false, commits[omNode-1:c323, omNode-3:c322, omNode-2:c43], entries: (t:1, i:324), METADATAENTRY(c:323)
2020-07-01 01:06:02,989 [grpc-default-executor-8] INFO  ratis.OzoneManagerStateMachine (OzoneManagerStateMachine.java:getLatestSnapshot(147)) - Latest Snapshot Info 1#299
2020-07-01 01:06:02,989 [grpc-default-executor-8] INFO  ratis.OzoneManagerStateMachine (OzoneManagerStateMachine.java:getLatestSnapshot(147)) - Latest Snapshot Info 1#299
2020-07-01 01:06:02,989 [grpc-default-executor-8] DEBUG impl.RaftServerImpl (RaftServerImpl.java:logAppendEntries(928)) - omNode-3@group-523986131536: receive appendEntries(omNode-1, 1, (t:1, i:324), 323, false, commits[omNode-1:c323, omNode-3:c322, omNode-2:c43], entries: (t:1, i:325), STATEMACHINELOGENTRY, client-6E5155DBE9B8, cid=485
2020-07-01 01:06:02,990 [grpc-default-executor-8] INFO  ratis.OzoneManagerStateMachine (OzoneManagerStateMachine.java:getLatestSnapshot(147)) - Latest Snapshot Info 1#299
2020-07-01 01:06:02,990 [grpc-default-executor-8] INFO  ratis.OzoneManagerStateMachine (OzoneManagerStateMachine.java:getLatestSnapshot(147)) - Latest Snapshot Info 1#299
2020-07-01 01:06:02,992 [grpc-default-executor-1] WARN  server.GrpcLogAppender (LogUtils.java:warn(122)) - omNode-1@group-523986131536->omNode-2-AppendLogResponseHandler: Failed appendEntries: org.apache.ratis.thirdparty.io.grpc.StatusRuntimeException: UNAVAILABLE: io exception
2020-07-01 01:06:02,992 [grpc-default-executor-1] INFO  impl.FollowerInfo (FollowerInfo.java:lambda$new$0(51)) - omNode-1@group-523986131536->omNode-2: nextIndex: updateUnconditionally 326 -> 45
2020-07-01 01:06:02,992 [Thread-5142] DEBUG impl.RaftServerImpl (RaftServerImpl.java:logAppendEntries(928)) - omNode-3@group-523986131536: succeeded to handle AppendEntries. Reply: omNode-1<-omNode-3#349:OK,SUCCESS,nextIndex:325,term:1,followerCommit:323
2020-07-01 01:06:02,993 [grpc-default-executor-1] DEBUG server.GrpcLogAppender (GrpcLogAppender.java:onNext(257)) - omNode-1@group-523986131536->omNode-3-AppendLogResponseHandler: received a reply omNode-1<-omNode-3#349:OK,SUCCESS,nextIndex:325,term:1,followerCommit:323, request=AppendEntriesRequest:cid=349,entriesCount=1,lastEntry=(t:1, i:324)
2020-07-01 01:06:02,993 [Thread-5143] DEBUG impl.RaftServerImpl (RaftServerImpl.java:logAppendEntries(928)) - omNode-3@group-523986131536: succeeded to handle AppendEntries. Reply: omNode-1<-omNode-3#350:OK,SUCCESS,nextIndex:326,term:1,followerCommit:323
2020-07-01 01:06:02,994 [grpc-default-executor-1] DEBUG server.GrpcLogAppender (GrpcLogAppender.java:onNext(257)) - omNode-1@group-523986131536->omNode-3-AppendLogResponseHandler: received a reply omNode-1<-omNode-3#350:OK,SUCCESS,nextIndex:326,term:1,followerCommit:323, request=AppendEntriesRequest:cid=350,entriesCount=1,lastEntry=(t:1, i:325)
2020-07-01 01:06:02,994 [grpc-default-executor-1] DEBUG impl.RaftServerImpl (RaftServerImpl.java:logAppendEntries(928)) - omNode-3@group-523986131536: receive appendEntries(omNode-1, 1, (t:1, i:325), 325, false, commits[omNode-1:c325, omNode-3:c323, omNode-2:c43], entries: (t:1, i:326), METADATAENTRY(c:325)
2020-07-01 01:06:02,994 [grpc-default-executor-1] INFO  ratis.OzoneManagerStateMachine (OzoneManagerStateMachine.java:getLatestSnapshot(147)) - Latest Snapshot Info 1#299
2020-07-01 01:06:02,994 [grpc-default-executor-1] INFO  ratis.OzoneManagerStateMachine (OzoneManagerStateMachine.java:getLatestSnapshot(147)) - Latest Snapshot Info 1#299
2020-07-01 01:06:02,997 [grpc-default-executor-1] WARN  server.GrpcLogAppender (LogUtils.java:warn(122)) - omNode-1@group-523986131536->omNode-2-AppendLogResponseHandler: Failed appendEntries: org.apache.ratis.thirdparty.io.grpc.StatusRuntimeException: UNAVAILABLE: io exception
2020-07-01 01:06:02,997 [grpc-default-executor-1] INFO  impl.FollowerInfo (FollowerInfo.java:lambda$new$0(51)) - omNode-1@group-523986131536->omNode-2: nextIndex: updateUnconditionally 326 -> 45
2020-07-01 01:06:03,001 [grpc-default-executor-8] WARN  server.GrpcLogAppender (LogUtils.java:warn(122)) - omNode-1@group-523986131536->omNode-2-AppendLogResponseHandler: Failed appendEntries: org.apache.ratis.thirdparty.io.grpc.StatusRuntimeException: UNAVAILABLE: io exception
2020-07-01 01:06:03,001 [grpc-default-executor-8] INFO  impl.FollowerInfo (FollowerInfo.java:lambda$new$0(51)) - omNode-1@group-523986131536->omNode-2: nextIndex: updateUnconditionally 327 -> 45
2020-07-01 01:06:03,003 [grpc-default-executor-8] WARN  server.GrpcLogAppender (LogUtils.java:warn(122)) - omNode-1@group-523986131536->omNode-2-AppendLogResponseHandler: Failed appendEntries: org.apache.ratis.thirdparty.io.grpc.StatusRuntimeException: UNAVAILABLE: io exception
2020-07-01 01:06:03,004 [grpc-default-executor-8] INFO  impl.FollowerInfo (FollowerInfo.java:lambda$new$0(51)) - omNode-1@group-523986131536->omNode-2: nextIndex: updateUnconditionally 327 -> 45
2020-07-01 01:06:03,006 [grpc-default-executor-8] WARN  server.GrpcLogAppender (LogUtils.java:warn(122)) - omNode-1@group-523986131536->omNode-2-AppendLogResponseHandler: Failed appendEntries: org.apache.ratis.thirdparty.io.grpc.StatusRuntimeException: UNAVAILABLE: io exception
2020-07-01 01:06:03,006 [grpc-default-executor-8] INFO  impl.FollowerInfo (FollowerInfo.java:lambda$new$0(51)) - omNode-1@group-523986131536->omNode-2: nextIndex: updateUnconditionally 327 -> 45
2020-07-01 01:06:03,008 [Thread-5144] DEBUG impl.RaftServerImpl (RaftServerImpl.java:logAppendEntries(928)) - omNode-3@group-523986131536: succeeded to handle AppendEntries. Reply: omNode-1<-omNode-3#351:OK,SUCCESS,nextIndex:327,term:1,followerCommit:325
2020-07-01 01:06:03,008 [grpc-default-executor-1] DEBUG server.GrpcLogAppender (GrpcLogAppender.java:onNext(257)) - omNode-1@group-523986131536->omNode-3-AppendLogResponseHandler: received a reply omNode-1<-omNode-3#351:OK,SUCCESS,nextIndex:327,term:1,followerCommit:325, request=AppendEntriesRequest:cid=351,entriesCount=1,lastEntry=(t:1, i:326)
2020-07-01 01:06:03,009 [grpc-default-executor-8] WARN  server.GrpcLogAppender (LogUtils.java:warn(122)) - omNode-1@group-523986131536->omNode-2-AppendLogResponseHandler: Failed appendEntries: org.apache.ratis.thirdparty.io.grpc.StatusRuntimeException: UNAVAILABLE: io exception
2020-07-01 01:06:03,009 [grpc-default-executor-8] INFO  impl.FollowerInfo (FollowerInfo.java:lambda$new$0(51)) - omNode-1@group-523986131536->omNode-2: nextIndex: updateUnconditionally 327 -> 45
2020-07-01 01:06:03,011 [grpc-default-executor-8] WARN  server.GrpcLogAppender (LogUtils.java:warn(122)) - omNode-1@group-523986131536->omNode-2-AppendLogResponseHandler: Failed appendEntries: org.apache.ratis.thirdparty.io.grpc.StatusRuntimeException: UNAVAILABLE: io exception
2020-07-01 01:06:03,011 [grpc-default-executor-8] INFO  impl.FollowerInfo (FollowerInfo.java:lambda$new$0(51)) - omNode-1@group-523986131536->omNode-2: nextIndex: updateUnconditionally 327 -> 45
2020-07-01 01:06:03,013 [grpc-default-executor-8] WARN  server.GrpcLogAppender (LogUtils.java:warn(122)) - omNode-1@group-523986131536->omNode-2-AppendLogResponseHandler: Failed appendEntries: org.apache.ratis.thirdparty.io.grpc.StatusRuntimeException: UNAVAILABLE: io exception
2020-07-01 01:06:03,013 [grpc-default-executor-8] INFO  impl.FollowerInfo (FollowerInfo.java:lambda$new$0(51)) - omNode-1@group-523986131536->omNode-2: nextIndex: updateUnconditionally 327 -> 45
2020-07-01 01:06:03,015 [grpc-default-executor-8] WARN  server.GrpcLogAppender (LogUtils.java:warn(122)) - omNode-1@group-523986131536->omNode-2-AppendLogResponseHandler: Failed appendEntries: org.apache.ratis.thirdparty.io.grpc.StatusRuntimeException: UNAVAILABLE: io exception
2020-07-01 01:06:03,015 [grpc-default-executor-8] INFO  impl.FollowerInfo (FollowerInfo.java:lambda$new$0(51)) - omNode-1@group-523986131536->omNode-2: nextIndex: updateUnconditionally 327 -> 45
2020-07-01 01:06:03,019 [grpc-default-executor-8] WARN  server.GrpcLogAppender (LogUtils.java:warn(122)) - omNode-1@group-523986131536->omNode-2-AppendLogResponseHandler: Failed appendEntries: org.apache.ratis.thirdparty.io.grpc.StatusRuntimeException: UNAVAILABLE: io exception
2020-07-01 01:06:03,019 [grpc-default-executor-8] INFO  impl.FollowerInfo (FollowerInfo.java:lambda$new$0(51)) - omNode-1@group-523986131536->omNode-2: nextIndex: updateUnconditionally 327 -> 45
2020-07-01 01:06:03,020 [IPC Server handler 6 on default port 11860] DEBUG impl.RaftServerImpl (RaftServerImpl.java:submitClientRequestAsync(575)) - omNode-1@group-523986131536: receive client request(RaftClientRequest:client-6E5155DBE9B8->omNode-1@group-523986131536, cid=486, seq=0, RW, Message:082412001a13636c6965...(size=360))
2020-07-01 01:06:03,020 [IPC Server handler 6 on default port 11860] DEBUG impl.RaftServerImpl (LeaderState.java:addPendingRequest(335)) - omNode-1@group-523986131536-LeaderState: addPendingRequest at RaftClientRequest:client-6E5155DBE9B8->omNode-1@group-523986131536, cid=486, seq=0, RW, Message:082412001a13636c6965...(size=360), entry=(t:1, i:327), STATEMACHINELOGENTRY, client-6E5155DBE9B8, cid=486
2020-07-01 01:06:03,020 [grpc-default-executor-8] DEBUG impl.RaftServerImpl (RaftServerImpl.java:logAppendEntries(928)) - omNode-3@group-523986131536: receive appendEntries(omNode-1, 1, (t:1, i:326), 326, false, commits[omNode-1:c326, omNode-3:c325, omNode-2:c43], entries: (t:1, i:327), STATEMACHINELOGENTRY, client-6E5155DBE9B8, cid=486
2020-07-01 01:06:03,021 [grpc-default-executor-8] INFO  ratis.OzoneManagerStateMachine (OzoneManagerStateMachine.java:getLatestSnapshot(147)) - Latest Snapshot Info 1#299
2020-07-01 01:06:03,021 [grpc-default-executor-8] INFO  ratis.OzoneManagerStateMachine (OzoneManagerStateMachine.java:getLatestSnapshot(147)) - Latest Snapshot Info 1#299
2020-07-01 01:06:03,023 [grpc-default-executor-8] WARN  server.GrpcLogAppender (LogUtils.java:warn(122)) - omNode-1@group-523986131536->omNode-2-AppendLogResponseHandler: Failed appendEntries: org.apache.ratis.thirdparty.io.grpc.StatusRuntimeException: UNAVAILABLE: io exception
2020-07-01 01:06:03,023 [grpc-default-executor-8] INFO  impl.FollowerInfo (FollowerInfo.java:lambda$new$0(51)) - omNode-1@group-523986131536->omNode-2: nextIndex: updateUnconditionally 327 -> 45
2020-07-01 01:06:03,025 [grpc-default-executor-8] WARN  server.GrpcLogAppender (LogUtils.java:warn(122)) - omNode-1@group-523986131536->omNode-2-AppendLogResponseHandler: Failed appendEntries: org.apache.ratis.thirdparty.io.grpc.StatusRuntimeException: UNAVAILABLE: io exception
2020-07-01 01:06:03,025 [grpc-default-executor-8] INFO  impl.FollowerInfo (FollowerInfo.java:lambda$new$0(51)) - omNode-1@group-523986131536->omNode-2: nextIndex: updateUnconditionally 328 -> 45
2020-07-01 01:06:03,027 [grpc-default-executor-8] WARN  server.GrpcLogAppender (LogUtils.java:warn(122)) - omNode-1@group-523986131536->omNode-2-AppendLogResponseHandler: Failed appendEntries: org.apache.ratis.thirdparty.io.grpc.StatusRuntimeException: UNAVAILABLE: io exception
2020-07-01 01:06:03,027 [grpc-default-executor-8] INFO  impl.FollowerInfo (FollowerInfo.java:lambda$new$0(51)) - omNode-1@group-523986131536->omNode-2: nextIndex: updateUnconditionally 328 -> 45
2020-07-01 01:06:03,027 [Thread-5145] DEBUG impl.RaftServerImpl (RaftServerImpl.java:logAppendEntries(928)) - omNode-3@group-523986131536: succeeded to handle AppendEntries. Reply: omNode-1<-omNode-3#352:OK,SUCCESS,nextIndex:328,term:1,followerCommit:326
2020-07-01 01:06:03,028 [grpc-default-executor-8] DEBUG server.GrpcLogAppender (GrpcLogAppender.java:onNext(257)) - omNode-1@group-523986131536->omNode-3-AppendLogResponseHandler: received a reply omNode-1<-omNode-3#352:OK,SUCCESS,nextIndex:328,term:1,followerCommit:326, request=AppendEntriesRequest:cid=352,entriesCount=1,lastEntry=(t:1, i:327)
2020-07-01 01:06:03,029 [grpc-default-executor-8] DEBUG impl.RaftServerImpl (RaftServerImpl.java:logAppendEntries(928)) - omNode-3@group-523986131536: receive appendEntries(omNode-1, 1, (t:1, i:327), 327, false, commits[omNode-1:c327, omNode-3:c326, omNode-2:c43], entries: (t:1, i:328), METADATAENTRY(c:327)
2020-07-01 01:06:03,029 [grpc-default-executor-8] INFO  ratis.OzoneManagerStateMachine (OzoneManagerStateMachine.java:getLatestSnapshot(147)) - Latest Snapshot Info 1#299
2020-07-01 01:06:03,029 [grpc-default-executor-8] INFO  ratis.OzoneManagerStateMachine (OzoneManagerStateMachine.java:getLatestSnapshot(147)) - Latest Snapshot Info 1#299
2020-07-01 01:06:03,031 [grpc-default-executor-8] WARN  server.GrpcLogAppender (LogUtils.java:warn(122)) - omNode-1@group-523986131536->omNode-2-AppendLogResponseHandler: Failed appendEntries: org.apache.ratis.thirdparty.io.grpc.StatusRuntimeException: UNAVAILABLE: io exception
2020-07-01 01:06:03,031 [grpc-default-executor-8] INFO  impl.FollowerInfo (FollowerInfo.java:lambda$new$0(51)) - omNode-1@group-523986131536->omNode-2: nextIndex: updateUnconditionally 328 -> 45
2020-07-01 01:06:03,034 [IPC Server handler 7 on default port 11860] DEBUG impl.RaftServerImpl (RaftServerImpl.java:submitClientRequestAsync(575)) - omNode-1@group-523986131536: receive client request(RaftClientRequest:client-6E5155DBE9B8->omNode-1@group-523986131536, cid=487, seq=0, RW, Message:081f12001a13636c6965...(size=409))
2020-07-01 01:06:03,035 [IPC Server handler 7 on default port 11860] DEBUG impl.RaftServerImpl (LeaderState.java:addPendingRequest(335)) - omNode-1@group-523986131536-LeaderState: addPendingRequest at RaftClientRequest:client-6E5155DBE9B8->omNode-1@group-523986131536, cid=487, seq=0, RW, Message:081f12001a13636c6965...(size=409), entry=(t:1, i:329), STATEMACHINELOGENTRY, client-6E5155DBE9B8, cid=487
2020-07-01 01:06:03,035 [grpc-default-executor-8] DEBUG impl.RaftServerImpl (RaftServerImpl.java:logAppendEntries(928)) - omNode-3@group-523986131536: receive appendEntries(omNode-1, 1, (t:1, i:328), 327, false, commits[omNode-1:c327, omNode-3:c326, omNode-2:c43], entries: (t:1, i:329), STATEMACHINELOGENTRY, client-6E5155DBE9B8, cid=487
2020-07-01 01:06:03,035 [grpc-default-executor-8] INFO  ratis.OzoneManagerStateMachine (OzoneManagerStateMachine.java:getLatestSnapshot(147)) - Latest Snapshot Info 1#299
2020-07-01 01:06:03,035 [grpc-default-executor-8] INFO  ratis.OzoneManagerStateMachine (OzoneManagerStateMachine.java:getLatestSnapshot(147)) - Latest Snapshot Info 1#299
2020-07-01 01:06:03,036 [grpc-default-executor-8] WARN  server.GrpcLogAppender (LogUtils.java:warn(122)) - omNode-1@group-523986131536->omNode-2-AppendLogResponseHandler: Failed appendEntries: org.apache.ratis.thirdparty.io.grpc.StatusRuntimeException: UNAVAILABLE: io exception
2020-07-01 01:06:03,036 [grpc-default-executor-8] INFO  impl.FollowerInfo (FollowerInfo.java:lambda$new$0(51)) - omNode-1@group-523986131536->omNode-2: nextIndex: updateUnconditionally 329 -> 45
2020-07-01 01:06:03,038 [grpc-default-executor-8] WARN  server.GrpcLogAppender (LogUtils.java:warn(122)) - omNode-1@group-523986131536->omNode-2-AppendLogResponseHandler: Failed appendEntries: org.apache.ratis.thirdparty.io.grpc.StatusRuntimeException: UNAVAILABLE: io exception
2020-07-01 01:06:03,038 [grpc-default-executor-8] INFO  impl.FollowerInfo (FollowerInfo.java:lambda$new$0(51)) - omNode-1@group-523986131536->omNode-2: nextIndex: updateUnconditionally 330 -> 45
2020-07-01 01:06:03,040 [grpc-default-executor-8] WARN  server.GrpcLogAppender (LogUtils.java:warn(122)) - omNode-1@group-523986131536->omNode-2-AppendLogResponseHandler: Failed appendEntries: org.apache.ratis.thirdparty.io.grpc.StatusRuntimeException: UNAVAILABLE: io exception
2020-07-01 01:06:03,040 [grpc-default-executor-8] INFO  impl.FollowerInfo (FollowerInfo.java:lambda$new$0(51)) - omNode-1@group-523986131536->omNode-2: nextIndex: updateUnconditionally 330 -> 45
2020-07-01 01:06:03,040 [Thread-5146] DEBUG impl.RaftServerImpl (RaftServerImpl.java:logAppendEntries(928)) - omNode-3@group-523986131536: succeeded to handle AppendEntries. Reply: omNode-1<-omNode-3#353:OK,SUCCESS,nextIndex:329,term:1,followerCommit:327
2020-07-01 01:06:03,041 [grpc-default-executor-8] DEBUG server.GrpcLogAppender (GrpcLogAppender.java:onNext(257)) - omNode-1@group-523986131536->omNode-3-AppendLogResponseHandler: received a reply omNode-1<-omNode-3#353:OK,SUCCESS,nextIndex:329,term:1,followerCommit:327, request=AppendEntriesRequest:cid=353,entriesCount=1,lastEntry=(t:1, i:328)
2020-07-01 01:06:03,043 [grpc-default-executor-8] WARN  server.GrpcLogAppender (LogUtils.java:warn(122)) - omNode-1@group-523986131536->omNode-2-AppendLogResponseHandler: Failed appendEntries: org.apache.ratis.thirdparty.io.grpc.StatusRuntimeException: UNAVAILABLE: io exception
2020-07-01 01:06:03,043 [grpc-default-executor-8] INFO  impl.FollowerInfo (FollowerInfo.java:lambda$new$0(51)) - omNode-1@group-523986131536->omNode-2: nextIndex: updateUnconditionally 330 -> 45
2020-07-01 01:06:03,045 [Thread-5147] DEBUG impl.RaftServerImpl (RaftServerImpl.java:logAppendEntries(928)) - omNode-3@group-523986131536: succeeded to handle AppendEntries. Reply: omNode-1<-omNode-3#354:OK,SUCCESS,nextIndex:330,term:1,followerCommit:327
2020-07-01 01:06:03,045 [grpc-default-executor-1] DEBUG server.GrpcLogAppender (GrpcLogAppender.java:onNext(257)) - omNode-1@group-523986131536->omNode-3-AppendLogResponseHandler: received a reply omNode-1<-omNode-3#354:OK,SUCCESS,nextIndex:330,term:1,followerCommit:327, request=AppendEntriesRequest:cid=354,entriesCount=1,lastEntry=(t:1, i:329)
2020-07-01 01:06:03,046 [grpc-default-executor-1] DEBUG impl.RaftServerImpl (RaftServerImpl.java:logAppendEntries(928)) - omNode-3@group-523986131536: receive appendEntries(omNode-1, 1, (t:1, i:329), 329, false, commits[omNode-1:c329, omNode-3:c327, omNode-2:c43], entries: (t:1, i:330), METADATAENTRY(c:329)
2020-07-01 01:06:03,046 [grpc-default-executor-1] INFO  ratis.OzoneManagerStateMachine (OzoneManagerStateMachine.java:getLatestSnapshot(147)) - Latest Snapshot Info 1#299
2020-07-01 01:06:03,046 [grpc-default-executor-1] INFO  ratis.OzoneManagerStateMachine (OzoneManagerStateMachine.java:getLatestSnapshot(147)) - Latest Snapshot Info 1#299
2020-07-01 01:06:03,046 [grpc-default-executor-8] WARN  server.GrpcLogAppender (LogUtils.java:warn(122)) - omNode-1@group-523986131536->omNode-2-AppendLogResponseHandler: Failed appendEntries: org.apache.ratis.thirdparty.io.grpc.StatusRuntimeException: UNAVAILABLE: io exception
2020-07-01 01:06:03,046 [grpc-default-executor-8] INFO  impl.FollowerInfo (FollowerInfo.java:lambda$new$0(51)) - omNode-1@group-523986131536->omNode-2: nextIndex: updateUnconditionally 330 -> 45
2020-07-01 01:06:03,052 [grpc-default-executor-1] WARN  server.GrpcLogAppender (LogUtils.java:warn(122)) - omNode-1@group-523986131536->omNode-2-AppendLogResponseHandler: Failed appendEntries: org.apache.ratis.thirdparty.io.grpc.StatusRuntimeException: UNAVAILABLE: io exception
2020-07-01 01:06:03,052 [grpc-default-executor-1] INFO  impl.FollowerInfo (FollowerInfo.java:lambda$new$0(51)) - omNode-1@group-523986131536->omNode-2: nextIndex: updateUnconditionally 331 -> 45
2020-07-01 01:06:03,054 [grpc-default-executor-1] WARN  server.GrpcLogAppender (LogUtils.java:warn(122)) - omNode-1@group-523986131536->omNode-2-AppendLogResponseHandler: Failed appendEntries: org.apache.ratis.thirdparty.io.grpc.StatusRuntimeException: UNAVAILABLE: io exception
2020-07-01 01:06:03,054 [grpc-default-executor-1] INFO  impl.FollowerInfo (FollowerInfo.java:lambda$new$0(51)) - omNode-1@group-523986131536->omNode-2: nextIndex: updateUnconditionally 331 -> 45
2020-07-01 01:06:03,056 [grpc-default-executor-1] WARN  server.GrpcLogAppender (LogUtils.java:warn(122)) - omNode-1@group-523986131536->omNode-2-AppendLogResponseHandler: Failed appendEntries: org.apache.ratis.thirdparty.io.grpc.StatusRuntimeException: UNAVAILABLE: io exception
2020-07-01 01:06:03,056 [grpc-default-executor-1] INFO  impl.FollowerInfo (FollowerInfo.java:lambda$new$0(51)) - omNode-1@group-523986131536->omNode-2: nextIndex: updateUnconditionally 331 -> 45
2020-07-01 01:06:03,058 [grpc-default-executor-1] WARN  server.GrpcLogAppender (LogUtils.java:warn(122)) - omNode-1@group-523986131536->omNode-2-AppendLogResponseHandler: Failed appendEntries: org.apache.ratis.thirdparty.io.grpc.StatusRuntimeException: UNAVAILABLE: io exception
2020-07-01 01:06:03,058 [grpc-default-executor-1] INFO  impl.FollowerInfo (FollowerInfo.java:lambda$new$0(51)) - omNode-1@group-523986131536->omNode-2: nextIndex: updateUnconditionally 331 -> 45
2020-07-01 01:06:03,058 [Thread-5148] DEBUG impl.RaftServerImpl (RaftServerImpl.java:logAppendEntries(928)) - omNode-3@group-523986131536: succeeded to handle AppendEntries. Reply: omNode-1<-omNode-3#355:OK,SUCCESS,nextIndex:331,term:1,followerCommit:329
2020-07-01 01:06:03,059 [grpc-default-executor-1] DEBUG server.GrpcLogAppender (GrpcLogAppender.java:onNext(257)) - omNode-1@group-523986131536->omNode-3-AppendLogResponseHandler: received a reply omNode-1<-omNode-3#355:OK,SUCCESS,nextIndex:331,term:1,followerCommit:329, request=AppendEntriesRequest:cid=355,entriesCount=1,lastEntry=(t:1, i:330)
2020-07-01 01:06:03,061 [grpc-default-executor-1] WARN  server.GrpcLogAppender (LogUtils.java:warn(122)) - omNode-1@group-523986131536->omNode-2-AppendLogResponseHandler: Failed appendEntries: org.apache.ratis.thirdparty.io.grpc.StatusRuntimeException: UNAVAILABLE: io exception
2020-07-01 01:06:03,061 [grpc-default-executor-1] INFO  impl.FollowerInfo (FollowerInfo.java:lambda$new$0(51)) - omNode-1@group-523986131536->omNode-2: nextIndex: updateUnconditionally 331 -> 45
2020-07-01 01:06:03,063 [grpc-default-executor-1] WARN  server.GrpcLogAppender (LogUtils.java:warn(122)) - omNode-1@group-523986131536->omNode-2-AppendLogResponseHandler: Failed appendEntries: org.apache.ratis.thirdparty.io.grpc.StatusRuntimeException: UNAVAILABLE: io exception
2020-07-01 01:06:03,063 [grpc-default-executor-1] INFO  impl.FollowerInfo (FollowerInfo.java:lambda$new$0(51)) - omNode-1@group-523986131536->omNode-2: nextIndex: updateUnconditionally 331 -> 45
2020-07-01 01:06:03,067 [IPC Server handler 8 on default port 11860] DEBUG impl.RaftServerImpl (RaftServerImpl.java:submitClientRequestAsync(575)) - omNode-1@group-523986131536: receive client request(RaftClientRequest:client-6E5155DBE9B8->omNode-1@group-523986131536, cid=488, seq=0, RW, Message:082412001a13636c6965...(size=360))
2020-07-01 01:06:03,067 [IPC Server handler 8 on default port 11860] DEBUG impl.RaftServerImpl (LeaderState.java:addPendingRequest(335)) - omNode-1@group-523986131536-LeaderState: addPendingRequest at RaftClientRequest:client-6E5155DBE9B8->omNode-1@group-523986131536, cid=488, seq=0, RW, Message:082412001a13636c6965...(size=360), entry=(t:1, i:331), STATEMACHINELOGENTRY, client-6E5155DBE9B8, cid=488
2020-07-01 01:06:03,068 [grpc-default-executor-1] WARN  server.GrpcLogAppender (LogUtils.java:warn(122)) - omNode-1@group-523986131536->omNode-2-AppendLogResponseHandler: Failed appendEntries: org.apache.ratis.thirdparty.io.grpc.StatusRuntimeException: UNAVAILABLE: io exception
2020-07-01 01:06:03,068 [grpc-default-executor-1] INFO  impl.FollowerInfo (FollowerInfo.java:lambda$new$0(51)) - omNode-1@group-523986131536->omNode-2: nextIndex: updateUnconditionally 331 -> 45
2020-07-01 01:06:03,068 [grpc-default-executor-1] DEBUG impl.RaftServerImpl (RaftServerImpl.java:logAppendEntries(928)) - omNode-3@group-523986131536: receive appendEntries(omNode-1, 1, (t:1, i:330), 330, false, commits[omNode-1:c330, omNode-3:c329, omNode-2:c43], entries: (t:1, i:331), STATEMACHINELOGENTRY, client-6E5155DBE9B8, cid=488
2020-07-01 01:06:03,068 [grpc-default-executor-1] INFO  ratis.OzoneManagerStateMachine (OzoneManagerStateMachine.java:getLatestSnapshot(147)) - Latest Snapshot Info 1#299
2020-07-01 01:06:03,068 [grpc-default-executor-1] INFO  ratis.OzoneManagerStateMachine (OzoneManagerStateMachine.java:getLatestSnapshot(147)) - Latest Snapshot Info 1#299
2020-07-01 01:06:03,070 [grpc-default-executor-1] WARN  server.GrpcLogAppender (LogUtils.java:warn(122)) - omNode-1@group-523986131536->omNode-2-AppendLogResponseHandler: Failed appendEntries: org.apache.ratis.thirdparty.io.grpc.StatusRuntimeException: UNAVAILABLE: io exception
2020-07-01 01:06:03,070 [grpc-default-executor-1] INFO  impl.FollowerInfo (FollowerInfo.java:lambda$new$0(51)) - omNode-1@group-523986131536->omNode-2: nextIndex: updateUnconditionally 332 -> 45
2020-07-01 01:06:03,072 [grpc-default-executor-1] WARN  server.GrpcLogAppender (LogUtils.java:warn(122)) - omNode-1@group-523986131536->omNode-2-AppendLogResponseHandler: Failed appendEntries: org.apache.ratis.thirdparty.io.grpc.StatusRuntimeException: UNAVAILABLE: io exception
2020-07-01 01:06:03,072 [grpc-default-executor-1] INFO  impl.FollowerInfo (FollowerInfo.java:lambda$new$0(51)) - omNode-1@group-523986131536->omNode-2: nextIndex: updateUnconditionally 332 -> 45
2020-07-01 01:06:03,074 [Thread-5149] DEBUG impl.RaftServerImpl (RaftServerImpl.java:logAppendEntries(928)) - omNode-3@group-523986131536: succeeded to handle AppendEntries. Reply: omNode-1<-omNode-3#356:OK,SUCCESS,nextIndex:332,term:1,followerCommit:330
2020-07-01 01:06:03,074 [grpc-default-executor-6] DEBUG server.GrpcLogAppender (GrpcLogAppender.java:onNext(257)) - omNode-1@group-523986131536->omNode-3-AppendLogResponseHandler: received a reply omNode-1<-omNode-3#356:OK,SUCCESS,nextIndex:332,term:1,followerCommit:330, request=AppendEntriesRequest:cid=356,entriesCount=1,lastEntry=(t:1, i:331)
2020-07-01 01:06:03,075 [grpc-default-executor-6] DEBUG impl.RaftServerImpl (RaftServerImpl.java:logAppendEntries(928)) - omNode-3@group-523986131536: receive appendEntries(omNode-1, 1, (t:1, i:331), 331, false, commits[omNode-1:c331, omNode-3:c330, omNode-2:c43], entries: (t:1, i:332), METADATAENTRY(c:331)
2020-07-01 01:06:03,076 [grpc-default-executor-6] INFO  ratis.OzoneManagerStateMachine (OzoneManagerStateMachine.java:getLatestSnapshot(147)) - Latest Snapshot Info 1#299
2020-07-01 01:06:03,076 [grpc-default-executor-6] INFO  ratis.OzoneManagerStateMachine (OzoneManagerStateMachine.java:getLatestSnapshot(147)) - Latest Snapshot Info 1#299
2020-07-01 01:06:03,077 [grpc-default-executor-1] WARN  server.GrpcLogAppender (LogUtils.java:warn(122)) - omNode-1@group-523986131536->omNode-2-AppendLogResponseHandler: Failed appendEntries: org.apache.ratis.thirdparty.io.grpc.StatusRuntimeException: UNAVAILABLE: io exception
2020-07-01 01:06:03,077 [grpc-default-executor-1] INFO  impl.FollowerInfo (FollowerInfo.java:lambda$new$0(51)) - omNode-1@group-523986131536->omNode-2: nextIndex: updateUnconditionally 332 -> 45
2020-07-01 01:06:03,080 [IPC Server handler 10 on default port 11860] DEBUG impl.RaftServerImpl (RaftServerImpl.java:submitClientRequestAsync(575)) - omNode-1@group-523986131536: receive client request(RaftClientRequest:client-6E5155DBE9B8->omNode-1@group-523986131536, cid=489, seq=0, RW, Message:081f12001a13636c6965...(size=409))
2020-07-01 01:06:03,080 [IPC Server handler 10 on default port 11860] DEBUG impl.RaftServerImpl (LeaderState.java:addPendingRequest(335)) - omNode-1@group-523986131536-LeaderState: addPendingRequest at RaftClientRequest:client-6E5155DBE9B8->omNode-1@group-523986131536, cid=489, seq=0, RW, Message:081f12001a13636c6965...(size=409), entry=(t:1, i:333), STATEMACHINELOGENTRY, client-6E5155DBE9B8, cid=489
2020-07-01 01:06:03,080 [grpc-default-executor-1] DEBUG impl.RaftServerImpl (RaftServerImpl.java:logAppendEntries(928)) - omNode-3@group-523986131536: receive appendEntries(omNode-1, 1, (t:1, i:332), 331, false, commits[omNode-1:c331, omNode-3:c330, omNode-2:c43], entries: (t:1, i:333), STATEMACHINELOGENTRY, client-6E5155DBE9B8, cid=489
2020-07-01 01:06:03,080 [grpc-default-executor-1] INFO  ratis.OzoneManagerStateMachine (OzoneManagerStateMachine.java:getLatestSnapshot(147)) - Latest Snapshot Info 1#299
2020-07-01 01:06:03,080 [grpc-default-executor-1] INFO  ratis.OzoneManagerStateMachine (OzoneManagerStateMachine.java:getLatestSnapshot(147)) - Latest Snapshot Info 1#299
2020-07-01 01:06:03,081 [grpc-default-executor-1] WARN  server.GrpcLogAppender (LogUtils.java:warn(122)) - omNode-1@group-523986131536->omNode-2-AppendLogResponseHandler: Failed appendEntries: org.apache.ratis.thirdparty.io.grpc.StatusRuntimeException: UNAVAILABLE: io exception
2020-07-01 01:06:03,082 [grpc-default-executor-1] INFO  impl.FollowerInfo (FollowerInfo.java:lambda$new$0(51)) - omNode-1@group-523986131536->omNode-2: nextIndex: updateUnconditionally 333 -> 45
2020-07-01 01:06:03,082 [Thread-5150] DEBUG impl.RaftServerImpl (RaftServerImpl.java:logAppendEntries(928)) - omNode-3@group-523986131536: succeeded to handle AppendEntries. Reply: omNode-1<-omNode-3#357:OK,SUCCESS,nextIndex:333,term:1,followerCommit:331
2020-07-01 01:06:03,082 [grpc-default-executor-1] DEBUG server.GrpcLogAppender (GrpcLogAppender.java:onNext(257)) - omNode-1@group-523986131536->omNode-3-AppendLogResponseHandler: received a reply omNode-1<-omNode-3#357:OK,SUCCESS,nextIndex:333,term:1,followerCommit:331, request=AppendEntriesRequest:cid=357,entriesCount=1,lastEntry=(t:1, i:332)
2020-07-01 01:06:03,085 [grpc-default-executor-1] WARN  server.GrpcLogAppender (LogUtils.java:warn(122)) - omNode-1@group-523986131536->omNode-2-AppendLogResponseHandler: Failed appendEntries: org.apache.ratis.thirdparty.io.grpc.StatusRuntimeException: UNAVAILABLE: io exception
2020-07-01 01:06:03,085 [grpc-default-executor-1] INFO  impl.FollowerInfo (FollowerInfo.java:lambda$new$0(51)) - omNode-1@group-523986131536->omNode-2: nextIndex: updateUnconditionally 334 -> 45
2020-07-01 01:06:03,087 [grpc-default-executor-1] WARN  server.GrpcLogAppender (LogUtils.java:warn(122)) - omNode-1@group-523986131536->omNode-2-AppendLogResponseHandler: Failed appendEntries: org.apache.ratis.thirdparty.io.grpc.StatusRuntimeException: UNAVAILABLE: io exception
2020-07-01 01:06:03,087 [grpc-default-executor-1] INFO  impl.FollowerInfo (FollowerInfo.java:lambda$new$0(51)) - omNode-1@group-523986131536->omNode-2: nextIndex: updateUnconditionally 334 -> 45
2020-07-01 01:06:03,088 [Thread-5151] DEBUG impl.RaftServerImpl (RaftServerImpl.java:logAppendEntries(928)) - omNode-3@group-523986131536: succeeded to handle AppendEntries. Reply: omNode-1<-omNode-3#358:OK,SUCCESS,nextIndex:334,term:1,followerCommit:331
2020-07-01 01:06:03,089 [grpc-default-executor-1] DEBUG server.GrpcLogAppender (GrpcLogAppender.java:onNext(257)) - omNode-1@group-523986131536->omNode-3-AppendLogResponseHandler: received a reply omNode-1<-omNode-3#358:OK,SUCCESS,nextIndex:334,term:1,followerCommit:331, request=AppendEntriesRequest:cid=358,entriesCount=1,lastEntry=(t:1, i:333)
2020-07-01 01:06:03,090 [grpc-default-executor-1] DEBUG impl.RaftServerImpl (RaftServerImpl.java:logAppendEntries(928)) - omNode-3@group-523986131536: receive appendEntries(omNode-1, 1, (t:1, i:333), 333, false, commits[omNode-1:c333, omNode-3:c331, omNode-2:c43], entries: (t:1, i:334), METADATAENTRY(c:333)
2020-07-01 01:06:03,090 [grpc-default-executor-1] INFO  ratis.OzoneManagerStateMachine (OzoneManagerStateMachine.java:getLatestSnapshot(147)) - Latest Snapshot Info 1#299
2020-07-01 01:06:03,090 [grpc-default-executor-1] INFO  ratis.OzoneManagerStateMachine (OzoneManagerStateMachine.java:getLatestSnapshot(147)) - Latest Snapshot Info 1#299
2020-07-01 01:06:03,091 [grpc-default-executor-1] WARN  server.GrpcLogAppender (LogUtils.java:warn(122)) - omNode-1@group-523986131536->omNode-2-AppendLogResponseHandler: Failed appendEntries: org.apache.ratis.thirdparty.io.grpc.StatusRuntimeException: UNAVAILABLE: io exception
2020-07-01 01:06:03,091 [grpc-default-executor-1] INFO  impl.FollowerInfo (FollowerInfo.java:lambda$new$0(51)) - omNode-1@group-523986131536->omNode-2: nextIndex: updateUnconditionally 334 -> 45
2020-07-01 01:06:03,095 [grpc-default-executor-1] WARN  server.GrpcLogAppender (LogUtils.java:warn(122)) - omNode-1@group-523986131536->omNode-2-AppendLogResponseHandler: Failed appendEntries: org.apache.ratis.thirdparty.io.grpc.StatusRuntimeException: UNAVAILABLE: io exception
2020-07-01 01:06:03,095 [grpc-default-executor-1] INFO  impl.FollowerInfo (FollowerInfo.java:lambda$new$0(51)) - omNode-1@group-523986131536->omNode-2: nextIndex: updateUnconditionally 335 -> 45
2020-07-01 01:06:03,097 [grpc-default-executor-1] WARN  server.GrpcLogAppender (LogUtils.java:warn(122)) - omNode-1@group-523986131536->omNode-2-AppendLogResponseHandler: Failed appendEntries: org.apache.ratis.thirdparty.io.grpc.StatusRuntimeException: UNAVAILABLE: io exception
2020-07-01 01:06:03,097 [grpc-default-executor-1] INFO  impl.FollowerInfo (FollowerInfo.java:lambda$new$0(51)) - omNode-1@group-523986131536->omNode-2: nextIndex: updateUnconditionally 335 -> 45
2020-07-01 01:06:03,097 [Thread-5152] DEBUG impl.RaftServerImpl (RaftServerImpl.java:logAppendEntries(928)) - omNode-3@group-523986131536: succeeded to handle AppendEntries. Reply: omNode-1<-omNode-3#359:OK,SUCCESS,nextIndex:335,term:1,followerCommit:333
2020-07-01 01:06:03,098 [grpc-default-executor-1] DEBUG server.GrpcLogAppender (GrpcLogAppender.java:onNext(257)) - omNode-1@group-523986131536->omNode-3-AppendLogResponseHandler: received a reply omNode-1<-omNode-3#359:OK,SUCCESS,nextIndex:335,term:1,followerCommit:333, request=AppendEntriesRequest:cid=359,entriesCount=1,lastEntry=(t:1, i:334)
2020-07-01 01:06:03,100 [grpc-default-executor-1] WARN  server.GrpcLogAppender (LogUtils.java:warn(122)) - omNode-1@group-523986131536->omNode-2-AppendLogResponseHandler: Failed appendEntries: org.apache.ratis.thirdparty.io.grpc.StatusRuntimeException: UNAVAILABLE: io exception
2020-07-01 01:06:03,100 [grpc-default-executor-1] INFO  impl.FollowerInfo (FollowerInfo.java:lambda$new$0(51)) - omNode-1@group-523986131536->omNode-2: nextIndex: updateUnconditionally 335 -> 45
2020-07-01 01:06:03,102 [grpc-default-executor-1] WARN  server.GrpcLogAppender (LogUtils.java:warn(122)) - omNode-1@group-523986131536->omNode-2-AppendLogResponseHandler: Failed appendEntries: org.apache.ratis.thirdparty.io.grpc.StatusRuntimeException: UNAVAILABLE: io exception
2020-07-01 01:06:03,102 [grpc-default-executor-1] INFO  impl.FollowerInfo (FollowerInfo.java:lambda$new$0(51)) - omNode-1@group-523986131536->omNode-2: nextIndex: updateUnconditionally 335 -> 45
2020-07-01 01:06:03,106 [grpc-default-executor-1] WARN  server.GrpcLogAppender (LogUtils.java:warn(122)) - omNode-1@group-523986131536->omNode-2-AppendLogResponseHandler: Failed appendEntries: org.apache.ratis.thirdparty.io.grpc.StatusRuntimeException: UNAVAILABLE: io exception
2020-07-01 01:06:03,106 [grpc-default-executor-1] INFO  impl.FollowerInfo (FollowerInfo.java:lambda$new$0(51)) - omNode-1@group-523986131536->omNode-2: nextIndex: updateUnconditionally 335 -> 45
2020-07-01 01:06:03,108 [IPC Server handler 9 on default port 11860] DEBUG impl.RaftServerImpl (RaftServerImpl.java:submitClientRequestAsync(575)) - omNode-1@group-523986131536: receive client request(RaftClientRequest:client-6E5155DBE9B8->omNode-1@group-523986131536, cid=490, seq=0, RW, Message:082412001a13636c6965...(size=360))
2020-07-01 01:06:03,109 [IPC Server handler 9 on default port 11860] DEBUG impl.RaftServerImpl (LeaderState.java:addPendingRequest(335)) - omNode-1@group-523986131536-LeaderState: addPendingRequest at RaftClientRequest:client-6E5155DBE9B8->omNode-1@group-523986131536, cid=490, seq=0, RW, Message:082412001a13636c6965...(size=360), entry=(t:1, i:335), STATEMACHINELOGENTRY, client-6E5155DBE9B8, cid=490
2020-07-01 01:06:03,109 [grpc-default-executor-1] DEBUG impl.RaftServerImpl (RaftServerImpl.java:logAppendEntries(928)) - omNode-3@group-523986131536: receive appendEntries(omNode-1, 1, (t:1, i:334), 334, false, commits[omNode-1:c334, omNode-3:c333, omNode-2:c43], entries: (t:1, i:335), STATEMACHINELOGENTRY, client-6E5155DBE9B8, cid=490
2020-07-01 01:06:03,109 [grpc-default-executor-1] INFO  ratis.OzoneManagerStateMachine (OzoneManagerStateMachine.java:getLatestSnapshot(147)) - Latest Snapshot Info 1#299
2020-07-01 01:06:03,109 [grpc-default-executor-1] INFO  ratis.OzoneManagerStateMachine (OzoneManagerStateMachine.java:getLatestSnapshot(147)) - Latest Snapshot Info 1#299
2020-07-01 01:06:03,110 [grpc-default-executor-1] WARN  server.GrpcLogAppender (LogUtils.java:warn(122)) - omNode-1@group-523986131536->omNode-2-AppendLogResponseHandler: Failed appendEntries: org.apache.ratis.thirdparty.io.grpc.StatusRuntimeException: UNAVAILABLE: io exception
2020-07-01 01:06:03,110 [grpc-default-executor-1] INFO  impl.FollowerInfo (FollowerInfo.java:lambda$new$0(51)) - omNode-1@group-523986131536->omNode-2: nextIndex: updateUnconditionally 335 -> 45
2020-07-01 01:06:03,112 [grpc-default-executor-1] WARN  server.GrpcLogAppender (LogUtils.java:warn(122)) - omNode-1@group-523986131536->omNode-2-AppendLogResponseHandler: Failed appendEntries: org.apache.ratis.thirdparty.io.grpc.StatusRuntimeException: UNAVAILABLE: io exception
2020-07-01 01:06:03,112 [grpc-default-executor-1] INFO  impl.FollowerInfo (FollowerInfo.java:lambda$new$0(51)) - omNode-1@group-523986131536->omNode-2: nextIndex: updateUnconditionally 336 -> 45
2020-07-01 01:06:03,114 [grpc-default-executor-1] WARN  server.GrpcLogAppender (LogUtils.java:warn(122)) - omNode-1@group-523986131536->omNode-2-AppendLogResponseHandler: Failed appendEntries: org.apache.ratis.thirdparty.io.grpc.StatusRuntimeException: UNAVAILABLE: io exception
2020-07-01 01:06:03,114 [grpc-default-executor-1] INFO  impl.FollowerInfo (FollowerInfo.java:lambda$new$0(51)) - omNode-1@group-523986131536->omNode-2: nextIndex: updateUnconditionally 336 -> 45
2020-07-01 01:06:03,116 [Thread-5153] DEBUG impl.RaftServerImpl (RaftServerImpl.java:logAppendEntries(928)) - omNode-3@group-523986131536: succeeded to handle AppendEntries. Reply: omNode-1<-omNode-3#360:OK,SUCCESS,nextIndex:336,term:1,followerCommit:334
2020-07-01 01:06:03,116 [grpc-default-executor-8] DEBUG server.GrpcLogAppender (GrpcLogAppender.java:onNext(257)) - omNode-1@group-523986131536->omNode-3-AppendLogResponseHandler: received a reply omNode-1<-omNode-3#360:OK,SUCCESS,nextIndex:336,term:1,followerCommit:334, request=AppendEntriesRequest:cid=360,entriesCount=1,lastEntry=(t:1, i:335)
2020-07-01 01:06:03,117 [grpc-default-executor-8] DEBUG impl.RaftServerImpl (RaftServerImpl.java:logAppendEntries(928)) - omNode-3@group-523986131536: receive appendEntries(omNode-1, 1, (t:1, i:335), 335, false, commits[omNode-1:c335, omNode-3:c334, omNode-2:c43], entries: (t:1, i:336), METADATAENTRY(c:335)
2020-07-01 01:06:03,117 [grpc-default-executor-8] INFO  ratis.OzoneManagerStateMachine (OzoneManagerStateMachine.java:getLatestSnapshot(147)) - Latest Snapshot Info 1#299
2020-07-01 01:06:03,117 [grpc-default-executor-8] INFO  ratis.OzoneManagerStateMachine (OzoneManagerStateMachine.java:getLatestSnapshot(147)) - Latest Snapshot Info 1#299
2020-07-01 01:06:03,118 [grpc-default-executor-1] WARN  server.GrpcLogAppender (LogUtils.java:warn(122)) - omNode-1@group-523986131536->omNode-2-AppendLogResponseHandler: Failed appendEntries: org.apache.ratis.thirdparty.io.grpc.StatusRuntimeException: UNAVAILABLE: io exception
2020-07-01 01:06:03,118 [grpc-default-executor-1] INFO  impl.FollowerInfo (FollowerInfo.java:lambda$new$0(51)) - omNode-1@group-523986131536->omNode-2: nextIndex: updateUnconditionally 336 -> 45
2020-07-01 01:06:03,120 [IPC Server handler 17 on default port 11860] DEBUG impl.RaftServerImpl (RaftServerImpl.java:submitClientRequestAsync(575)) - omNode-1@group-523986131536: receive client request(RaftClientRequest:client-6E5155DBE9B8->omNode-1@group-523986131536, cid=491, seq=0, RW, Message:081f12001a13636c6965...(size=409))
2020-07-01 01:06:03,120 [IPC Server handler 17 on default port 11860] DEBUG impl.RaftServerImpl (LeaderState.java:addPendingRequest(335)) - omNode-1@group-523986131536-LeaderState: addPendingRequest at RaftClientRequest:client-6E5155DBE9B8->omNode-1@group-523986131536, cid=491, seq=0, RW, Message:081f12001a13636c6965...(size=409), entry=(t:1, i:337), STATEMACHINELOGENTRY, client-6E5155DBE9B8, cid=491
2020-07-01 01:06:03,121 [grpc-default-executor-1] DEBUG impl.RaftServerImpl (RaftServerImpl.java:logAppendEntries(928)) - omNode-3@group-523986131536: receive appendEntries(omNode-1, 1, (t:1, i:336), 335, false, commits[omNode-1:c335, omNode-3:c334, omNode-2:c43], entries: (t:1, i:337), STATEMACHINELOGENTRY, client-6E5155DBE9B8, cid=491
2020-07-01 01:06:03,121 [grpc-default-executor-1] INFO  ratis.OzoneManagerStateMachine (OzoneManagerStateMachine.java:getLatestSnapshot(147)) - Latest Snapshot Info 1#299
2020-07-01 01:06:03,121 [grpc-default-executor-1] INFO  ratis.OzoneManagerStateMachine (OzoneManagerStateMachine.java:getLatestSnapshot(147)) - Latest Snapshot Info 1#299
2020-07-01 01:06:03,124 [grpc-default-executor-1] WARN  server.GrpcLogAppender (LogUtils.java:warn(122)) - omNode-1@group-523986131536->omNode-2-AppendLogResponseHandler: Failed appendEntries: org.apache.ratis.thirdparty.io.grpc.StatusRuntimeException: UNAVAILABLE: io exception
2020-07-01 01:06:03,125 [grpc-default-executor-1] INFO  impl.FollowerInfo (FollowerInfo.java:lambda$new$0(51)) - omNode-1@group-523986131536->omNode-2: nextIndex: updateUnconditionally 337 -> 45
2020-07-01 01:06:03,125 [Thread-5154] DEBUG impl.RaftServerImpl (RaftServerImpl.java:logAppendEntries(928)) - omNode-3@group-523986131536: succeeded to handle AppendEntries. Reply: omNode-1<-omNode-3#361:OK,SUCCESS,nextIndex:337,term:1,followerCommit:335
2020-07-01 01:06:03,126 [grpc-default-executor-1] DEBUG server.GrpcLogAppender (GrpcLogAppender.java:onNext(257)) - omNode-1@group-523986131536->omNode-3-AppendLogResponseHandler: received a reply omNode-1<-omNode-3#361:OK,SUCCESS,nextIndex:337,term:1,followerCommit:335, request=AppendEntriesRequest:cid=361,entriesCount=1,lastEntry=(t:1, i:336)
2020-07-01 01:06:03,127 [grpc-default-executor-1] WARN  server.GrpcLogAppender (LogUtils.java:warn(122)) - omNode-1@group-523986131536->omNode-2-AppendLogResponseHandler: Failed appendEntries: org.apache.ratis.thirdparty.io.grpc.StatusRuntimeException: UNAVAILABLE: io exception
2020-07-01 01:06:03,128 [grpc-default-executor-1] INFO  impl.FollowerInfo (FollowerInfo.java:lambda$new$0(51)) - omNode-1@group-523986131536->omNode-2: nextIndex: updateUnconditionally 338 -> 45
2020-07-01 01:06:03,129 [grpc-default-executor-1] WARN  server.GrpcLogAppender (LogUtils.java:warn(122)) - omNode-1@group-523986131536->omNode-2-AppendLogResponseHandler: Failed appendEntries: org.apache.ratis.thirdparty.io.grpc.StatusRuntimeException: UNAVAILABLE: io exception
2020-07-01 01:06:03,130 [grpc-default-executor-1] INFO  impl.FollowerInfo (FollowerInfo.java:lambda$new$0(51)) - omNode-1@group-523986131536->omNode-2: nextIndex: updateUnconditionally 338 -> 45
2020-07-01 01:06:03,131 [Thread-5155] DEBUG impl.RaftServerImpl (RaftServerImpl.java:logAppendEntries(928)) - omNode-3@group-523986131536: succeeded to handle AppendEntries. Reply: omNode-1<-omNode-3#362:OK,SUCCESS,nextIndex:338,term:1,followerCommit:335
2020-07-01 01:06:03,131 [grpc-default-executor-8] DEBUG server.GrpcLogAppender (GrpcLogAppender.java:onNext(257)) - omNode-1@group-523986131536->omNode-3-AppendLogResponseHandler: received a reply omNode-1<-omNode-3#362:OK,SUCCESS,nextIndex:338,term:1,followerCommit:335, request=AppendEntriesRequest:cid=362,entriesCount=1,lastEntry=(t:1, i:337)
2020-07-01 01:06:03,132 [grpc-default-executor-8] DEBUG impl.RaftServerImpl (RaftServerImpl.java:logAppendEntries(928)) - omNode-3@group-523986131536: receive appendEntries(omNode-1, 1, (t:1, i:337), 337, false, commits[omNode-1:c337, omNode-3:c335, omNode-2:c43], entries: (t:1, i:338), METADATAENTRY(c:337)
2020-07-01 01:06:03,133 [grpc-default-executor-8] INFO  ratis.OzoneManagerStateMachine (OzoneManagerStateMachine.java:getLatestSnapshot(147)) - Latest Snapshot Info 1#299
2020-07-01 01:06:03,133 [grpc-default-executor-8] INFO  ratis.OzoneManagerStateMachine (OzoneManagerStateMachine.java:getLatestSnapshot(147)) - Latest Snapshot Info 1#299
2020-07-01 01:06:03,134 [grpc-default-executor-1] WARN  server.GrpcLogAppender (LogUtils.java:warn(122)) - omNode-1@group-523986131536->omNode-2-AppendLogResponseHandler: Failed appendEntries: org.apache.ratis.thirdparty.io.grpc.StatusRuntimeException: UNAVAILABLE: io exception
2020-07-01 01:06:03,134 [grpc-default-executor-1] INFO  impl.FollowerInfo (FollowerInfo.java:lambda$new$0(51)) - omNode-1@group-523986131536->omNode-2: nextIndex: updateUnconditionally 338 -> 45
2020-07-01 01:06:03,138 [grpc-default-executor-1] WARN  server.GrpcLogAppender (LogUtils.java:warn(122)) - omNode-1@group-523986131536->omNode-2-AppendLogResponseHandler: Failed appendEntries: org.apache.ratis.thirdparty.io.grpc.StatusRuntimeException: UNAVAILABLE: io exception
2020-07-01 01:06:03,138 [grpc-default-executor-1] INFO  impl.FollowerInfo (FollowerInfo.java:lambda$new$0(51)) - omNode-1@group-523986131536->omNode-2: nextIndex: updateUnconditionally 339 -> 45
2020-07-01 01:06:03,138 [Thread-5156] DEBUG impl.RaftServerImpl (RaftServerImpl.java:logAppendEntries(928)) - omNode-3@group-523986131536: succeeded to handle AppendEntries. Reply: omNode-1<-omNode-3#363:OK,SUCCESS,nextIndex:339,term:1,followerCommit:337
2020-07-01 01:06:03,139 [grpc-default-executor-1] DEBUG server.GrpcLogAppender (GrpcLogAppender.java:onNext(257)) - omNode-1@group-523986131536->omNode-3-AppendLogResponseHandler: received a reply omNode-1<-omNode-3#363:OK,SUCCESS,nextIndex:339,term:1,followerCommit:337, request=AppendEntriesRequest:cid=363,entriesCount=1,lastEntry=(t:1, i:338)
2020-07-01 01:06:03,141 [grpc-default-executor-1] WARN  server.GrpcLogAppender (LogUtils.java:warn(122)) - omNode-1@group-523986131536->omNode-2-AppendLogResponseHandler: Failed appendEntries: org.apache.ratis.thirdparty.io.grpc.StatusRuntimeException: UNAVAILABLE: io exception
2020-07-01 01:06:03,141 [grpc-default-executor-1] INFO  impl.FollowerInfo (FollowerInfo.java:lambda$new$0(51)) - omNode-1@group-523986131536->omNode-2: nextIndex: updateUnconditionally 339 -> 45
2020-07-01 01:06:03,143 [grpc-default-executor-1] WARN  server.GrpcLogAppender (LogUtils.java:warn(122)) - omNode-1@group-523986131536->omNode-2-AppendLogResponseHandler: Failed appendEntries: org.apache.ratis.thirdparty.io.grpc.StatusRuntimeException: UNAVAILABLE: io exception
2020-07-01 01:06:03,143 [grpc-default-executor-1] INFO  impl.FollowerInfo (FollowerInfo.java:lambda$new$0(51)) - omNode-1@group-523986131536->omNode-2: nextIndex: updateUnconditionally 339 -> 45
2020-07-01 01:06:03,147 [IPC Server handler 11 on default port 11860] DEBUG impl.RaftServerImpl (RaftServerImpl.java:submitClientRequestAsync(575)) - omNode-1@group-523986131536: receive client request(RaftClientRequest:client-6E5155DBE9B8->omNode-1@group-523986131536, cid=492, seq=0, RW, Message:082412001a13636c6965...(size=360))
2020-07-01 01:06:03,147 [IPC Server handler 11 on default port 11860] DEBUG impl.RaftServerImpl (LeaderState.java:addPendingRequest(335)) - omNode-1@group-523986131536-LeaderState: addPendingRequest at RaftClientRequest:client-6E5155DBE9B8->omNode-1@group-523986131536, cid=492, seq=0, RW, Message:082412001a13636c6965...(size=360), entry=(t:1, i:339), STATEMACHINELOGENTRY, client-6E5155DBE9B8, cid=492
2020-07-01 01:06:03,148 [grpc-default-executor-6] DEBUG impl.RaftServerImpl (RaftServerImpl.java:logAppendEntries(928)) - omNode-3@group-523986131536: receive appendEntries(omNode-1, 1, (t:1, i:338), 338, false, commits[omNode-1:c338, omNode-3:c337, omNode-2:c43], entries: (t:1, i:339), STATEMACHINELOGENTRY, client-6E5155DBE9B8, cid=492
2020-07-01 01:06:03,148 [grpc-default-executor-6] INFO  ratis.OzoneManagerStateMachine (OzoneManagerStateMachine.java:getLatestSnapshot(147)) - Latest Snapshot Info 1#299
2020-07-01 01:06:03,148 [grpc-default-executor-6] INFO  ratis.OzoneManagerStateMachine (OzoneManagerStateMachine.java:getLatestSnapshot(147)) - Latest Snapshot Info 1#299
2020-07-01 01:06:03,149 [grpc-default-executor-1] WARN  server.GrpcLogAppender (LogUtils.java:warn(122)) - omNode-1@group-523986131536->omNode-2-AppendLogResponseHandler: Failed appendEntries: org.apache.ratis.thirdparty.io.grpc.StatusRuntimeException: UNAVAILABLE: io exception
2020-07-01 01:06:03,149 [grpc-default-executor-1] INFO  impl.FollowerInfo (FollowerInfo.java:lambda$new$0(51)) - omNode-1@group-523986131536->omNode-2: nextIndex: updateUnconditionally 339 -> 45
2020-07-01 01:06:03,151 [grpc-default-executor-1] WARN  server.GrpcLogAppender (LogUtils.java:warn(122)) - omNode-1@group-523986131536->omNode-2-AppendLogResponseHandler: Failed appendEntries: org.apache.ratis.thirdparty.io.grpc.StatusRuntimeException: UNAVAILABLE: io exception
2020-07-01 01:06:03,151 [grpc-default-executor-1] INFO  impl.FollowerInfo (FollowerInfo.java:lambda$new$0(51)) - omNode-1@group-523986131536->omNode-2: nextIndex: updateUnconditionally 340 -> 45
2020-07-01 01:06:03,153 [Thread-5157] DEBUG impl.RaftServerImpl (RaftServerImpl.java:logAppendEntries(928)) - omNode-3@group-523986131536: succeeded to handle AppendEntries. Reply: omNode-1<-omNode-3#364:OK,SUCCESS,nextIndex:340,term:1,followerCommit:338
2020-07-01 01:06:03,153 [grpc-default-executor-1] DEBUG server.GrpcLogAppender (GrpcLogAppender.java:onNext(257)) - omNode-1@group-523986131536->omNode-3-AppendLogResponseHandler: received a reply omNode-1<-omNode-3#364:OK,SUCCESS,nextIndex:340,term:1,followerCommit:338, request=AppendEntriesRequest:cid=364,entriesCount=1,lastEntry=(t:1, i:339)
2020-07-01 01:06:03,154 [grpc-default-executor-1] DEBUG impl.RaftServerImpl (RaftServerImpl.java:logAppendEntries(928)) - omNode-3@group-523986131536: receive appendEntries(omNode-1, 1, (t:1, i:339), 339, false, commits[omNode-1:c339, omNode-3:c338, omNode-2:c43], entries: (t:1, i:340), METADATAENTRY(c:339)
2020-07-01 01:06:03,155 [grpc-default-executor-1] INFO  ratis.OzoneManagerStateMachine (OzoneManagerStateMachine.java:getLatestSnapshot(147)) - Latest Snapshot Info 1#299
2020-07-01 01:06:03,155 [grpc-default-executor-1] INFO  ratis.OzoneManagerStateMachine (OzoneManagerStateMachine.java:getLatestSnapshot(147)) - Latest Snapshot Info 1#299
2020-07-01 01:06:03,155 [grpc-default-executor-1] WARN  server.GrpcLogAppender (LogUtils.java:warn(122)) - omNode-1@group-523986131536->omNode-2-AppendLogResponseHandler: Failed appendEntries: org.apache.ratis.thirdparty.io.grpc.StatusRuntimeException: UNAVAILABLE: io exception
2020-07-01 01:06:03,155 [grpc-default-executor-1] INFO  impl.FollowerInfo (FollowerInfo.java:lambda$new$0(51)) - omNode-1@group-523986131536->omNode-2: nextIndex: updateUnconditionally 340 -> 45
2020-07-01 01:06:03,157 [IPC Server handler 13 on default port 11860] DEBUG impl.RaftServerImpl (RaftServerImpl.java:submitClientRequestAsync(575)) - omNode-1@group-523986131536: receive client request(RaftClientRequest:client-6E5155DBE9B8->omNode-1@group-523986131536, cid=493, seq=0, RW, Message:081f12001a13636c6965...(size=409))
2020-07-01 01:06:03,158 [IPC Server handler 13 on default port 11860] DEBUG impl.RaftServerImpl (LeaderState.java:addPendingRequest(335)) - omNode-1@group-523986131536-LeaderState: addPendingRequest at RaftClientRequest:client-6E5155DBE9B8->omNode-1@group-523986131536, cid=493, seq=0, RW, Message:081f12001a13636c6965...(size=409), entry=(t:1, i:341), STATEMACHINELOGENTRY, client-6E5155DBE9B8, cid=493
2020-07-01 01:06:03,158 [grpc-default-executor-1] DEBUG impl.RaftServerImpl (RaftServerImpl.java:logAppendEntries(928)) - omNode-3@group-523986131536: receive appendEntries(omNode-1, 1, (t:1, i:340), 339, false, commits[omNode-1:c339, omNode-3:c338, omNode-2:c43], entries: (t:1, i:341), STATEMACHINELOGENTRY, client-6E5155DBE9B8, cid=493
2020-07-01 01:06:03,158 [grpc-default-executor-1] INFO  ratis.OzoneManagerStateMachine (OzoneManagerStateMachine.java:getLatestSnapshot(147)) - Latest Snapshot Info 1#299
2020-07-01 01:06:03,158 [grpc-default-executor-1] INFO  ratis.OzoneManagerStateMachine (OzoneManagerStateMachine.java:getLatestSnapshot(147)) - Latest Snapshot Info 1#299
2020-07-01 01:06:03,160 [grpc-default-executor-1] WARN  server.GrpcLogAppender (LogUtils.java:warn(122)) - omNode-1@group-523986131536->omNode-2-AppendLogResponseHandler: Failed appendEntries: org.apache.ratis.thirdparty.io.grpc.StatusRuntimeException: UNAVAILABLE: io exception
2020-07-01 01:06:03,160 [grpc-default-executor-1] INFO  impl.FollowerInfo (FollowerInfo.java:lambda$new$0(51)) - omNode-1@group-523986131536->omNode-2: nextIndex: updateUnconditionally 341 -> 45
2020-07-01 01:06:03,162 [Thread-5158] DEBUG impl.RaftServerImpl (RaftServerImpl.java:logAppendEntries(928)) - omNode-3@group-523986131536: succeeded to handle AppendEntries. Reply: omNode-1<-omNode-3#365:OK,SUCCESS,nextIndex:341,term:1,followerCommit:339
2020-07-01 01:06:03,163 [grpc-default-executor-1] DEBUG server.GrpcLogAppender (GrpcLogAppender.java:onNext(257)) - omNode-1@group-523986131536->omNode-3-AppendLogResponseHandler: received a reply omNode-1<-omNode-3#365:OK,SUCCESS,nextIndex:341,term:1,followerCommit:339, request=AppendEntriesRequest:cid=365,entriesCount=1,lastEntry=(t:1, i:340)
2020-07-01 01:06:03,163 [grpc-default-executor-1] WARN  server.GrpcLogAppender (LogUtils.java:warn(122)) - omNode-1@group-523986131536->omNode-2-AppendLogResponseHandler: Failed appendEntries: org.apache.ratis.thirdparty.io.grpc.StatusRuntimeException: UNAVAILABLE: io exception
2020-07-01 01:06:03,163 [grpc-default-executor-1] INFO  impl.FollowerInfo (FollowerInfo.java:lambda$new$0(51)) - omNode-1@group-523986131536->omNode-2: nextIndex: updateUnconditionally 342 -> 45
2020-07-01 01:06:03,165 [grpc-default-executor-1] WARN  server.GrpcLogAppender (LogUtils.java:warn(122)) - omNode-1@group-523986131536->omNode-2-AppendLogResponseHandler: Failed appendEntries: org.apache.ratis.thirdparty.io.grpc.StatusRuntimeException: UNAVAILABLE: io exception
2020-07-01 01:06:03,166 [grpc-default-executor-1] INFO  impl.FollowerInfo (FollowerInfo.java:lambda$new$0(51)) - omNode-1@group-523986131536->omNode-2: nextIndex: updateUnconditionally 342 -> 45
2020-07-01 01:06:03,168 [Thread-5159] DEBUG impl.RaftServerImpl (RaftServerImpl.java:logAppendEntries(928)) - omNode-3@group-523986131536: succeeded to handle AppendEntries. Reply: omNode-1<-omNode-3#366:OK,SUCCESS,nextIndex:342,term:1,followerCommit:339
2020-07-01 01:06:03,168 [grpc-default-executor-6] WARN  server.GrpcLogAppender (LogUtils.java:warn(122)) - omNode-1@group-523986131536->omNode-2-AppendLogResponseHandler: Failed appendEntries: org.apache.ratis.thirdparty.io.grpc.StatusRuntimeException: UNAVAILABLE: io exception
2020-07-01 01:06:03,168 [grpc-default-executor-6] INFO  impl.FollowerInfo (FollowerInfo.java:lambda$new$0(51)) - omNode-1@group-523986131536->omNode-2: nextIndex: updateUnconditionally 342 -> 45
2020-07-01 01:06:03,169 [grpc-default-executor-6] DEBUG server.GrpcLogAppender (GrpcLogAppender.java:onNext(257)) - omNode-1@group-523986131536->omNode-3-AppendLogResponseHandler: received a reply omNode-1<-omNode-3#366:OK,SUCCESS,nextIndex:342,term:1,followerCommit:339, request=AppendEntriesRequest:cid=366,entriesCount=1,lastEntry=(t:1, i:341)
2020-07-01 01:06:03,170 [grpc-default-executor-6] DEBUG impl.RaftServerImpl (RaftServerImpl.java:logAppendEntries(928)) - omNode-3@group-523986131536: receive appendEntries(omNode-1, 1, (t:1, i:341), 341, false, commits[omNode-1:c341, omNode-3:c339, omNode-2:c43], entries: (t:1, i:342), METADATAENTRY(c:341)
2020-07-01 01:06:03,170 [grpc-default-executor-6] INFO  ratis.OzoneManagerStateMachine (OzoneManagerStateMachine.java:getLatestSnapshot(147)) - Latest Snapshot Info 1#299
2020-07-01 01:06:03,170 [grpc-default-executor-6] INFO  ratis.OzoneManagerStateMachine (OzoneManagerStateMachine.java:getLatestSnapshot(147)) - Latest Snapshot Info 1#299
2020-07-01 01:06:03,171 [Thread-5160] DEBUG impl.RaftServerImpl (RaftServerImpl.java:logAppendEntries(928)) - omNode-3@group-523986131536: succeeded to handle AppendEntries. Reply: omNode-1<-omNode-3#367:OK,SUCCESS,nextIndex:343,term:1,followerCommit:341
2020-07-01 01:06:03,171 [grpc-default-executor-6] DEBUG server.GrpcLogAppender (GrpcLogAppender.java:onNext(257)) - omNode-1@group-523986131536->omNode-3-AppendLogResponseHandler: received a reply omNode-1<-omNode-3#367:OK,SUCCESS,nextIndex:343,term:1,followerCommit:341, request=AppendEntriesRequest:cid=367,entriesCount=1,lastEntry=(t:1, i:342)
2020-07-01 01:06:03,175 [grpc-default-executor-1] WARN  server.GrpcLogAppender (LogUtils.java:warn(122)) - omNode-1@group-523986131536->omNode-2-AppendLogResponseHandler: Failed appendEntries: org.apache.ratis.thirdparty.io.grpc.StatusRuntimeException: UNAVAILABLE: io exception
2020-07-01 01:06:03,176 [grpc-default-executor-1] INFO  impl.FollowerInfo (FollowerInfo.java:lambda$new$0(51)) - omNode-1@group-523986131536->omNode-2: nextIndex: updateUnconditionally 343 -> 45
2020-07-01 01:06:03,177 [grpc-default-executor-1] WARN  server.GrpcLogAppender (LogUtils.java:warn(122)) - omNode-1@group-523986131536->omNode-2-AppendLogResponseHandler: Failed appendEntries: org.apache.ratis.thirdparty.io.grpc.StatusRuntimeException: UNAVAILABLE: io exception
2020-07-01 01:06:03,178 [grpc-default-executor-1] INFO  impl.FollowerInfo (FollowerInfo.java:lambda$new$0(51)) - omNode-1@group-523986131536->omNode-2: nextIndex: updateUnconditionally 343 -> 45
2020-07-01 01:06:03,180 [grpc-default-executor-1] WARN  server.GrpcLogAppender (LogUtils.java:warn(122)) - omNode-1@group-523986131536->omNode-2-AppendLogResponseHandler: Failed appendEntries: org.apache.ratis.thirdparty.io.grpc.StatusRuntimeException: UNAVAILABLE: io exception
2020-07-01 01:06:03,180 [grpc-default-executor-1] INFO  impl.FollowerInfo (FollowerInfo.java:lambda$new$0(51)) - omNode-1@group-523986131536->omNode-2: nextIndex: updateUnconditionally 343 -> 45
2020-07-01 01:06:03,182 [IPC Server handler 18 on default port 11860] DEBUG impl.RaftServerImpl (RaftServerImpl.java:submitClientRequestAsync(575)) - omNode-1@group-523986131536: receive client request(RaftClientRequest:client-6E5155DBE9B8->omNode-1@group-523986131536, cid=494, seq=0, RW, Message:082412001a13636c6965...(size=360))
2020-07-01 01:06:03,182 [IPC Server handler 18 on default port 11860] DEBUG impl.RaftServerImpl (LeaderState.java:addPendingRequest(335)) - omNode-1@group-523986131536-LeaderState: addPendingRequest at RaftClientRequest:client-6E5155DBE9B8->omNode-1@group-523986131536, cid=494, seq=0, RW, Message:082412001a13636c6965...(size=360), entry=(t:1, i:343), STATEMACHINELOGENTRY, client-6E5155DBE9B8, cid=494
2020-07-01 01:06:03,183 [grpc-default-executor-1] DEBUG impl.RaftServerImpl (RaftServerImpl.java:logAppendEntries(928)) - omNode-3@group-523986131536: receive appendEntries(omNode-1, 1, (t:1, i:342), 342, false, commits[omNode-1:c342, omNode-3:c341, omNode-2:c43], entries: (t:1, i:343), STATEMACHINELOGENTRY, client-6E5155DBE9B8, cid=494
2020-07-01 01:06:03,183 [grpc-default-executor-1] INFO  ratis.OzoneManagerStateMachine (OzoneManagerStateMachine.java:getLatestSnapshot(147)) - Latest Snapshot Info 1#299
2020-07-01 01:06:03,183 [grpc-default-executor-1] INFO  ratis.OzoneManagerStateMachine (OzoneManagerStateMachine.java:getLatestSnapshot(147)) - Latest Snapshot Info 1#299
2020-07-01 01:06:03,184 [Thread-5161] DEBUG impl.RaftServerImpl (RaftServerImpl.java:logAppendEntries(928)) - omNode-3@group-523986131536: succeeded to handle AppendEntries. Reply: omNode-1<-omNode-3#368:OK,SUCCESS,nextIndex:344,term:1,followerCommit:342
2020-07-01 01:06:03,184 [grpc-default-executor-1] DEBUG server.GrpcLogAppender (GrpcLogAppender.java:onNext(257)) - omNode-1@group-523986131536->omNode-3-AppendLogResponseHandler: received a reply omNode-1<-omNode-3#368:OK,SUCCESS,nextIndex:344,term:1,followerCommit:342, request=AppendEntriesRequest:cid=368,entriesCount=1,lastEntry=(t:1, i:343)
2020-07-01 01:06:03,184 [grpc-default-executor-1] DEBUG impl.RaftServerImpl (RaftServerImpl.java:logAppendEntries(928)) - omNode-3@group-523986131536: receive appendEntries(omNode-1, 1, (t:1, i:343), 343, false, commits[omNode-1:c343, omNode-3:c342, omNode-2:c43], entries: (t:1, i:344), METADATAENTRY(c:343)
2020-07-01 01:06:03,185 [grpc-default-executor-1] INFO  ratis.OzoneManagerStateMachine (OzoneManagerStateMachine.java:getLatestSnapshot(147)) - Latest Snapshot Info 1#299
2020-07-01 01:06:03,185 [grpc-default-executor-1] INFO  ratis.OzoneManagerStateMachine (OzoneManagerStateMachine.java:getLatestSnapshot(147)) - Latest Snapshot Info 1#299
2020-07-01 01:06:03,186 [grpc-default-executor-1] WARN  server.GrpcLogAppender (LogUtils.java:warn(122)) - omNode-1@group-523986131536->omNode-2-AppendLogResponseHandler: Failed appendEntries: org.apache.ratis.thirdparty.io.grpc.StatusRuntimeException: UNAVAILABLE: io exception
2020-07-01 01:06:03,186 [grpc-default-executor-1] INFO  impl.FollowerInfo (FollowerInfo.java:lambda$new$0(51)) - omNode-1@group-523986131536->omNode-2: nextIndex: updateUnconditionally 344 -> 45
2020-07-01 01:06:03,188 [grpc-default-executor-1] WARN  server.GrpcLogAppender (LogUtils.java:warn(122)) - omNode-1@group-523986131536->omNode-2-AppendLogResponseHandler: Failed appendEntries: org.apache.ratis.thirdparty.io.grpc.StatusRuntimeException: UNAVAILABLE: io exception
2020-07-01 01:06:03,188 [grpc-default-executor-1] INFO  impl.FollowerInfo (FollowerInfo.java:lambda$new$0(51)) - omNode-1@group-523986131536->omNode-2: nextIndex: updateUnconditionally 345 -> 45
2020-07-01 01:06:03,191 [grpc-default-executor-1] WARN  server.GrpcLogAppender (LogUtils.java:warn(122)) - omNode-1@group-523986131536->omNode-2-AppendLogResponseHandler: Failed appendEntries: org.apache.ratis.thirdparty.io.grpc.StatusRuntimeException: UNAVAILABLE: io exception
2020-07-01 01:06:03,191 [grpc-default-executor-1] INFO  impl.FollowerInfo (FollowerInfo.java:lambda$new$0(51)) - omNode-1@group-523986131536->omNode-2: nextIndex: updateUnconditionally 345 -> 45
2020-07-01 01:06:03,192 [IPC Server handler 15 on default port 11860] DEBUG impl.RaftServerImpl (RaftServerImpl.java:submitClientRequestAsync(575)) - omNode-1@group-523986131536: receive client request(RaftClientRequest:client-6E5155DBE9B8->omNode-1@group-523986131536, cid=495, seq=0, RW, Message:081f12001a13636c6965...(size=409))
2020-07-01 01:06:03,192 [IPC Server handler 15 on default port 11860] DEBUG impl.RaftServerImpl (LeaderState.java:addPendingRequest(335)) - omNode-1@group-523986131536-LeaderState: addPendingRequest at RaftClientRequest:client-6E5155DBE9B8->omNode-1@group-523986131536, cid=495, seq=0, RW, Message:081f12001a13636c6965...(size=409), entry=(t:1, i:345), STATEMACHINELOGENTRY, client-6E5155DBE9B8, cid=495
2020-07-01 01:06:03,192 [grpc-default-executor-1] DEBUG impl.RaftServerImpl (RaftServerImpl.java:logAppendEntries(928)) - omNode-3@group-523986131536: receive appendEntries(omNode-1, 1, (t:1, i:344), 343, false, commits[omNode-1:c343, omNode-3:c342, omNode-2:c43], entries: (t:1, i:345), STATEMACHINELOGENTRY, client-6E5155DBE9B8, cid=495
2020-07-01 01:06:03,193 [grpc-default-executor-1] INFO  ratis.OzoneManagerStateMachine (OzoneManagerStateMachine.java:getLatestSnapshot(147)) - Latest Snapshot Info 1#299
2020-07-01 01:06:03,193 [grpc-default-executor-1] INFO  ratis.OzoneManagerStateMachine (OzoneManagerStateMachine.java:getLatestSnapshot(147)) - Latest Snapshot Info 1#299
2020-07-01 01:06:03,194 [Thread-5162] DEBUG impl.RaftServerImpl (RaftServerImpl.java:logAppendEntries(928)) - omNode-3@group-523986131536: succeeded to handle AppendEntries. Reply: omNode-1<-omNode-3#369:OK,SUCCESS,nextIndex:345,term:1,followerCommit:343
2020-07-01 01:06:03,195 [grpc-default-executor-1] DEBUG server.GrpcLogAppender (GrpcLogAppender.java:onNext(257)) - omNode-1@group-523986131536->omNode-3-AppendLogResponseHandler: received a reply omNode-1<-omNode-3#369:OK,SUCCESS,nextIndex:345,term:1,followerCommit:343, request=AppendEntriesRequest:cid=369,entriesCount=1,lastEntry=(t:1, i:344)
2020-07-01 01:06:03,195 [grpc-default-executor-1] WARN  server.GrpcLogAppender (LogUtils.java:warn(122)) - omNode-1@group-523986131536->omNode-2-AppendLogResponseHandler: Failed appendEntries: org.apache.ratis.thirdparty.io.grpc.StatusRuntimeException: UNAVAILABLE: io exception
2020-07-01 01:06:03,196 [grpc-default-executor-1] INFO  impl.FollowerInfo (FollowerInfo.java:lambda$new$0(51)) - omNode-1@group-523986131536->omNode-2: nextIndex: updateUnconditionally 345 -> 45
2020-07-01 01:06:03,198 [grpc-default-executor-1] WARN  server.GrpcLogAppender (LogUtils.java:warn(122)) - omNode-1@group-523986131536->omNode-2-AppendLogResponseHandler: Failed appendEntries: org.apache.ratis.thirdparty.io.grpc.StatusRuntimeException: UNAVAILABLE: io exception
2020-07-01 01:06:03,198 [grpc-default-executor-1] INFO  impl.FollowerInfo (FollowerInfo.java:lambda$new$0(51)) - omNode-1@group-523986131536->omNode-2: nextIndex: updateUnconditionally 346 -> 45
2020-07-01 01:06:03,200 [grpc-default-executor-1] WARN  server.GrpcLogAppender (LogUtils.java:warn(122)) - omNode-1@group-523986131536->omNode-2-AppendLogResponseHandler: Failed appendEntries: org.apache.ratis.thirdparty.io.grpc.StatusRuntimeException: UNAVAILABLE: io exception
2020-07-01 01:06:03,200 [grpc-default-executor-1] INFO  impl.FollowerInfo (FollowerInfo.java:lambda$new$0(51)) - omNode-1@group-523986131536->omNode-2: nextIndex: updateUnconditionally 346 -> 45
2020-07-01 01:06:03,201 [Thread-5163] DEBUG impl.RaftServerImpl (RaftServerImpl.java:logAppendEntries(928)) - omNode-3@group-523986131536: succeeded to handle AppendEntries. Reply: omNode-1<-omNode-3#370:OK,SUCCESS,nextIndex:346,term:1,followerCommit:343
2020-07-01 01:06:03,201 [grpc-default-executor-1] DEBUG server.GrpcLogAppender (GrpcLogAppender.java:onNext(257)) - omNode-1@group-523986131536->omNode-3-AppendLogResponseHandler: received a reply omNode-1<-omNode-3#370:OK,SUCCESS,nextIndex:346,term:1,followerCommit:343, request=AppendEntriesRequest:cid=370,entriesCount=1,lastEntry=(t:1, i:345)
2020-07-01 01:06:03,202 [grpc-default-executor-1] DEBUG impl.RaftServerImpl (RaftServerImpl.java:logAppendEntries(928)) - omNode-3@group-523986131536: receive appendEntries(omNode-1, 1, (t:1, i:345), 345, false, commits[omNode-1:c345, omNode-3:c343, omNode-2:c43], entries: (t:1, i:346), METADATAENTRY(c:345)
2020-07-01 01:06:03,202 [grpc-default-executor-1] INFO  ratis.OzoneManagerStateMachine (OzoneManagerStateMachine.java:getLatestSnapshot(147)) - Latest Snapshot Info 1#299
2020-07-01 01:06:03,203 [grpc-default-executor-1] INFO  ratis.OzoneManagerStateMachine (OzoneManagerStateMachine.java:getLatestSnapshot(147)) - Latest Snapshot Info 1#299
2020-07-01 01:06:03,204 [grpc-default-executor-1] WARN  server.GrpcLogAppender (LogUtils.java:warn(122)) - omNode-1@group-523986131536->omNode-2-AppendLogResponseHandler: Failed appendEntries: org.apache.ratis.thirdparty.io.grpc.StatusRuntimeException: UNAVAILABLE: io exception
2020-07-01 01:06:03,204 [grpc-default-executor-1] INFO  impl.FollowerInfo (FollowerInfo.java:lambda$new$0(51)) - omNode-1@group-523986131536->omNode-2: nextIndex: updateUnconditionally 346 -> 45
2020-07-01 01:06:03,206 [grpc-default-executor-1] WARN  server.GrpcLogAppender (LogUtils.java:warn(122)) - omNode-1@group-523986131536->omNode-2-AppendLogResponseHandler: Failed appendEntries: org.apache.ratis.thirdparty.io.grpc.StatusRuntimeException: UNAVAILABLE: io exception
2020-07-01 01:06:03,206 [grpc-default-executor-1] INFO  impl.FollowerInfo (FollowerInfo.java:lambda$new$0(51)) - omNode-1@group-523986131536->omNode-2: nextIndex: updateUnconditionally 347 -> 45
2020-07-01 01:06:03,208 [Thread-5164] DEBUG impl.RaftServerImpl (RaftServerImpl.java:logAppendEntries(928)) - omNode-3@group-523986131536: succeeded to handle AppendEntries. Reply: omNode-1<-omNode-3#371:OK,SUCCESS,nextIndex:347,term:1,followerCommit:345
2020-07-01 01:06:03,209 [grpc-default-executor-6] WARN  server.GrpcLogAppender (LogUtils.java:warn(122)) - omNode-1@group-523986131536->omNode-2-AppendLogResponseHandler: Failed appendEntries: org.apache.ratis.thirdparty.io.grpc.StatusRuntimeException: UNAVAILABLE: io exception
2020-07-01 01:06:03,209 [grpc-default-executor-6] INFO  impl.FollowerInfo (FollowerInfo.java:lambda$new$0(51)) - omNode-1@group-523986131536->omNode-2: nextIndex: updateUnconditionally 347 -> 45
2020-07-01 01:06:03,209 [grpc-default-executor-6] DEBUG server.GrpcLogAppender (GrpcLogAppender.java:onNext(257)) - omNode-1@group-523986131536->omNode-3-AppendLogResponseHandler: received a reply omNode-1<-omNode-3#371:OK,SUCCESS,nextIndex:347,term:1,followerCommit:345, request=AppendEntriesRequest:cid=371,entriesCount=1,lastEntry=(t:1, i:346)
2020-07-01 01:06:03,212 [grpc-default-executor-6] WARN  server.GrpcLogAppender (LogUtils.java:warn(122)) - omNode-1@group-523986131536->omNode-2-AppendLogResponseHandler: Failed appendEntries: org.apache.ratis.thirdparty.io.grpc.StatusRuntimeException: UNAVAILABLE: io exception
2020-07-01 01:06:03,212 [grpc-default-executor-6] INFO  impl.FollowerInfo (FollowerInfo.java:lambda$new$0(51)) - omNode-1@group-523986131536->omNode-2: nextIndex: updateUnconditionally 347 -> 45
2020-07-01 01:06:03,212 [IPC Server handler 14 on default port 11860] DEBUG impl.RaftServerImpl (RaftServerImpl.java:submitClientRequestAsync(575)) - omNode-1@group-523986131536: receive client request(RaftClientRequest:client-6E5155DBE9B8->omNode-1@group-523986131536, cid=496, seq=0, RW, Message:082412001a13636c6965...(size=360))
2020-07-01 01:06:03,212 [IPC Server handler 14 on default port 11860] DEBUG impl.RaftServerImpl (LeaderState.java:addPendingRequest(335)) - omNode-1@group-523986131536-LeaderState: addPendingRequest at RaftClientRequest:client-6E5155DBE9B8->omNode-1@group-523986131536, cid=496, seq=0, RW, Message:082412001a13636c6965...(size=360), entry=(t:1, i:347), STATEMACHINELOGENTRY, client-6E5155DBE9B8, cid=496
2020-07-01 01:06:03,213 [grpc-default-executor-6] DEBUG impl.RaftServerImpl (RaftServerImpl.java:logAppendEntries(928)) - omNode-3@group-523986131536: receive appendEntries(omNode-1, 1, (t:1, i:346), 346, false, commits[omNode-1:c346, omNode-3:c345, omNode-2:c43], entries: (t:1, i:347), STATEMACHINELOGENTRY, client-6E5155DBE9B8, cid=496
2020-07-01 01:06:03,213 [grpc-default-executor-6] INFO  ratis.OzoneManagerStateMachine (OzoneManagerStateMachine.java:getLatestSnapshot(147)) - Latest Snapshot Info 1#299
2020-07-01 01:06:03,213 [grpc-default-executor-6] INFO  ratis.OzoneManagerStateMachine (OzoneManagerStateMachine.java:getLatestSnapshot(147)) - Latest Snapshot Info 1#299
2020-07-01 01:06:03,214 [Thread-5165] DEBUG impl.RaftServerImpl (RaftServerImpl.java:logAppendEntries(928)) - omNode-3@group-523986131536: succeeded to handle AppendEntries. Reply: omNode-1<-omNode-3#372:OK,SUCCESS,nextIndex:348,term:1,followerCommit:346
2020-07-01 01:06:03,215 [grpc-default-executor-6] DEBUG server.GrpcLogAppender (GrpcLogAppender.java:onNext(257)) - omNode-1@group-523986131536->omNode-3-AppendLogResponseHandler: received a reply omNode-1<-omNode-3#372:OK,SUCCESS,nextIndex:348,term:1,followerCommit:346, request=AppendEntriesRequest:cid=372,entriesCount=1,lastEntry=(t:1, i:347)
2020-07-01 01:06:03,215 [grpc-default-executor-6] WARN  server.GrpcLogAppender (LogUtils.java:warn(122)) - omNode-1@group-523986131536->omNode-2-AppendLogResponseHandler: Failed appendEntries: org.apache.ratis.thirdparty.io.grpc.StatusRuntimeException: UNAVAILABLE: io exception
2020-07-01 01:06:03,215 [grpc-default-executor-6] INFO  impl.FollowerInfo (FollowerInfo.java:lambda$new$0(51)) - omNode-1@group-523986131536->omNode-2: nextIndex: updateUnconditionally 348 -> 45
2020-07-01 01:06:03,217 [grpc-default-executor-6] DEBUG impl.RaftServerImpl (RaftServerImpl.java:logAppendEntries(928)) - omNode-3@group-523986131536: receive appendEntries(omNode-1, 1, (t:1, i:347), 347, false, commits[omNode-1:c347, omNode-3:c346, omNode-2:c43], entries: (t:1, i:348), METADATAENTRY(c:347)
2020-07-01 01:06:03,217 [grpc-default-executor-6] INFO  ratis.OzoneManagerStateMachine (OzoneManagerStateMachine.java:getLatestSnapshot(147)) - Latest Snapshot Info 1#299
2020-07-01 01:06:03,217 [grpc-default-executor-6] INFO  ratis.OzoneManagerStateMachine (OzoneManagerStateMachine.java:getLatestSnapshot(147)) - Latest Snapshot Info 1#299
2020-07-01 01:06:03,218 [IPC Server handler 16 on default port 11860] DEBUG impl.RaftServerImpl (RaftServerImpl.java:submitClientRequestAsync(575)) - omNode-1@group-523986131536: receive client request(RaftClientRequest:client-6E5155DBE9B8->omNode-1@group-523986131536, cid=497, seq=0, RW, Message:081f12001a13636c6965...(size=409))
2020-07-01 01:06:03,218 [IPC Server handler 16 on default port 11860] DEBUG impl.RaftServerImpl (LeaderState.java:addPendingRequest(335)) - omNode-1@group-523986131536-LeaderState: addPendingRequest at RaftClientRequest:client-6E5155DBE9B8->omNode-1@group-523986131536, cid=497, seq=0, RW, Message:081f12001a13636c6965...(size=409), entry=(t:1, i:349), STATEMACHINELOGENTRY, client-6E5155DBE9B8, cid=497
2020-07-01 01:06:03,219 [grpc-default-executor-8] WARN  server.GrpcLogAppender (LogUtils.java:warn(122)) - omNode-1@group-523986131536->omNode-2-AppendLogResponseHandler: Failed appendEntries: org.apache.ratis.thirdparty.io.grpc.StatusRuntimeException: UNAVAILABLE: io exception
2020-07-01 01:06:03,219 [grpc-default-executor-8] INFO  impl.FollowerInfo (FollowerInfo.java:lambda$new$0(51)) - omNode-1@group-523986131536->omNode-2: nextIndex: updateUnconditionally 349 -> 45
2020-07-01 01:06:03,220 [grpc-default-executor-6] DEBUG impl.RaftServerImpl (RaftServerImpl.java:logAppendEntries(928)) - omNode-3@group-523986131536: receive appendEntries(omNode-1, 1, (t:1, i:348), 347, false, commits[omNode-1:c347, omNode-3:c346, omNode-2:c43], entries: (t:1, i:349), STATEMACHINELOGENTRY, client-6E5155DBE9B8, cid=497
2020-07-01 01:06:03,220 [grpc-default-executor-6] INFO  ratis.OzoneManagerStateMachine (OzoneManagerStateMachine.java:getLatestSnapshot(147)) - Latest Snapshot Info 1#299
2020-07-01 01:06:03,220 [grpc-default-executor-6] INFO  ratis.OzoneManagerStateMachine (OzoneManagerStateMachine.java:getLatestSnapshot(147)) - Latest Snapshot Info 1#299
2020-07-01 01:06:03,220 [Thread-5166] DEBUG impl.RaftServerImpl (RaftServerImpl.java:logAppendEntries(928)) - omNode-3@group-523986131536: succeeded to handle AppendEntries. Reply: omNode-1<-omNode-3#373:OK,SUCCESS,nextIndex:349,term:1,followerCommit:347
2020-07-01 01:06:03,220 [Thread-5167] DEBUG impl.RaftServerImpl (RaftServerImpl.java:logAppendEntries(928)) - omNode-3@group-523986131536: succeeded to handle AppendEntries. Reply: omNode-1<-omNode-3#374:OK,SUCCESS,nextIndex:350,term:1,followerCommit:347
2020-07-01 01:06:03,220 [grpc-default-executor-6] DEBUG server.GrpcLogAppender (GrpcLogAppender.java:onNext(257)) - omNode-1@group-523986131536->omNode-3-AppendLogResponseHandler: received a reply omNode-1<-omNode-3#373:OK,SUCCESS,nextIndex:349,term:1,followerCommit:347, request=AppendEntriesRequest:cid=373,entriesCount=1,lastEntry=(t:1, i:348)
2020-07-01 01:06:03,221 [omNode-1@group-523986131536-StateMachineUpdater] INFO  ratis.OzoneManagerStateMachine (OzoneManagerStateMachine.java:takeSnapshot(355)) - Current Snapshot Index (t:1, i:348)
2020-07-01 01:06:03,221 [omNode-1@group-523986131536-StateMachineUpdater] INFO  impl.StateMachineUpdater (StateMachineUpdater.java:takeSnapshot(277)) - omNode-1@group-523986131536-StateMachineUpdater: Took a snapshot at index 348
2020-07-01 01:06:03,221 [omNode-1@group-523986131536-StateMachineUpdater] INFO  impl.StateMachineUpdater (StateMachineUpdater.java:lambda$new$0(87)) - omNode-1@group-523986131536-StateMachineUpdater: snapshotIndex: updateIncreasingly 298 -> 348
2020-07-01 01:06:03,221 [grpc-default-executor-6] DEBUG server.GrpcLogAppender (GrpcLogAppender.java:onNext(257)) - omNode-1@group-523986131536->omNode-3-AppendLogResponseHandler: received a reply omNode-1<-omNode-3#374:OK,SUCCESS,nextIndex:350,term:1,followerCommit:347, request=AppendEntriesRequest:cid=374,entriesCount=1,lastEntry=(t:1, i:349)
2020-07-01 01:06:03,223 [grpc-default-executor-6] DEBUG impl.RaftServerImpl (RaftServerImpl.java:logAppendEntries(928)) - omNode-3@group-523986131536: receive appendEntries(omNode-1, 1, (t:1, i:349), 349, false, commits[omNode-1:c349, omNode-3:c347, omNode-2:c43], entries: (t:1, i:350), METADATAENTRY(c:349)
2020-07-01 01:06:03,223 [grpc-default-executor-6] INFO  ratis.OzoneManagerStateMachine (OzoneManagerStateMachine.java:getLatestSnapshot(147)) - Latest Snapshot Info 1#299
2020-07-01 01:06:03,223 [grpc-default-executor-6] INFO  ratis.OzoneManagerStateMachine (OzoneManagerStateMachine.java:getLatestSnapshot(147)) - Latest Snapshot Info 1#299
2020-07-01 01:06:03,223 [grpc-default-executor-1] WARN  server.GrpcLogAppender (LogUtils.java:warn(122)) - omNode-1@group-523986131536->omNode-2-AppendLogResponseHandler: Failed appendEntries: org.apache.ratis.thirdparty.io.grpc.StatusRuntimeException: UNAVAILABLE: io exception
2020-07-01 01:06:03,224 [grpc-default-executor-1] INFO  impl.FollowerInfo (FollowerInfo.java:lambda$new$0(51)) - omNode-1@group-523986131536->omNode-2: nextIndex: updateUnconditionally 350 -> 45
2020-07-01 01:06:03,225 [omNode-3@group-523986131536-StateMachineUpdater] INFO  ratis.OzoneManagerStateMachine (OzoneManagerStateMachine.java:takeSnapshot(355)) - Current Snapshot Index (t:1, i:349)
2020-07-01 01:06:03,225 [omNode-3@group-523986131536-StateMachineUpdater] INFO  impl.StateMachineUpdater (StateMachineUpdater.java:takeSnapshot(277)) - omNode-3@group-523986131536-StateMachineUpdater: Took a snapshot at index 349
2020-07-01 01:06:03,225 [omNode-3@group-523986131536-StateMachineUpdater] INFO  impl.StateMachineUpdater (StateMachineUpdater.java:lambda$new$0(87)) - omNode-3@group-523986131536-StateMachineUpdater: snapshotIndex: updateIncreasingly 299 -> 349
2020-07-01 01:06:03,225 [Thread-5168] DEBUG impl.RaftServerImpl (RaftServerImpl.java:logAppendEntries(928)) - omNode-3@group-523986131536: succeeded to handle AppendEntries. Reply: omNode-1<-omNode-3#375:OK,SUCCESS,nextIndex:351,term:1,followerCommit:349
2020-07-01 01:06:03,226 [grpc-default-executor-1] DEBUG server.GrpcLogAppender (GrpcLogAppender.java:onNext(257)) - omNode-1@group-523986131536->omNode-3-AppendLogResponseHandler: received a reply omNode-1<-omNode-3#375:OK,SUCCESS,nextIndex:351,term:1,followerCommit:349, request=AppendEntriesRequest:cid=375,entriesCount=1,lastEntry=(t:1, i:350)
2020-07-01 01:06:03,228 [grpc-default-executor-8] WARN  server.GrpcLogAppender (LogUtils.java:warn(122)) - omNode-1@group-523986131536->omNode-2-AppendLogResponseHandler: Failed appendEntries: org.apache.ratis.thirdparty.io.grpc.StatusRuntimeException: UNAVAILABLE: io exception
2020-07-01 01:06:03,228 [grpc-default-executor-8] INFO  impl.FollowerInfo (FollowerInfo.java:lambda$new$0(51)) - omNode-1@group-523986131536->omNode-2: nextIndex: updateUnconditionally 351 -> 45
2020-07-01 01:06:03,228 [IPC Server handler 19 on default port 11860] DEBUG impl.RaftServerImpl (RaftServerImpl.java:submitClientRequestAsync(575)) - omNode-1@group-523986131536: receive client request(RaftClientRequest:client-6E5155DBE9B8->omNode-1@group-523986131536, cid=498, seq=0, RW, Message:082412001a13636c6965...(size=360))
2020-07-01 01:06:03,229 [IPC Server handler 19 on default port 11860] DEBUG impl.RaftServerImpl (LeaderState.java:addPendingRequest(335)) - omNode-1@group-523986131536-LeaderState: addPendingRequest at RaftClientRequest:client-6E5155DBE9B8->omNode-1@group-523986131536, cid=498, seq=0, RW, Message:082412001a13636c6965...(size=360), entry=(t:1, i:351), STATEMACHINELOGENTRY, client-6E5155DBE9B8, cid=498
2020-07-01 01:06:03,230 [grpc-default-executor-6] DEBUG impl.RaftServerImpl (RaftServerImpl.java:logAppendEntries(928)) - omNode-3@group-523986131536: receive appendEntries(omNode-1, 1, (t:1, i:350), 350, false, commits[omNode-1:c350, omNode-3:c349, omNode-2:c43], entries: (t:1, i:351), STATEMACHINELOGENTRY, client-6E5155DBE9B8, cid=498
2020-07-01 01:06:03,231 [grpc-default-executor-6] INFO  ratis.OzoneManagerStateMachine (OzoneManagerStateMachine.java:getLatestSnapshot(147)) - Latest Snapshot Info 1#349
2020-07-01 01:06:03,231 [grpc-default-executor-6] INFO  ratis.OzoneManagerStateMachine (OzoneManagerStateMachine.java:getLatestSnapshot(147)) - Latest Snapshot Info 1#349
2020-07-01 01:06:03,231 [grpc-default-executor-8] WARN  server.GrpcLogAppender (LogUtils.java:warn(122)) - omNode-1@group-523986131536->omNode-2-AppendLogResponseHandler: Failed appendEntries: org.apache.ratis.thirdparty.io.grpc.StatusRuntimeException: UNAVAILABLE: io exception
2020-07-01 01:06:03,231 [grpc-default-executor-8] INFO  impl.FollowerInfo (FollowerInfo.java:lambda$new$0(51)) - omNode-1@group-523986131536->omNode-2: nextIndex: updateUnconditionally 352 -> 45
2020-07-01 01:06:03,231 [Thread-5169] DEBUG impl.RaftServerImpl (RaftServerImpl.java:logAppendEntries(928)) - omNode-3@group-523986131536: succeeded to handle AppendEntries. Reply: omNode-1<-omNode-3#376:OK,SUCCESS,nextIndex:352,term:1,followerCommit:350
2020-07-01 01:06:03,232 [grpc-default-executor-8] DEBUG server.GrpcLogAppender (GrpcLogAppender.java:onNext(257)) - omNode-1@group-523986131536->omNode-3-AppendLogResponseHandler: received a reply omNode-1<-omNode-3#376:OK,SUCCESS,nextIndex:352,term:1,followerCommit:350, request=AppendEntriesRequest:cid=376,entriesCount=1,lastEntry=(t:1, i:351)
2020-07-01 01:06:03,233 [grpc-default-executor-8] DEBUG impl.RaftServerImpl (RaftServerImpl.java:logAppendEntries(928)) - omNode-3@group-523986131536: receive appendEntries(omNode-1, 1, (t:1, i:351), 351, false, commits[omNode-1:c351, omNode-3:c350, omNode-2:c43], entries: (t:1, i:352), METADATAENTRY(c:351)
2020-07-01 01:06:03,233 [grpc-default-executor-8] INFO  ratis.OzoneManagerStateMachine (OzoneManagerStateMachine.java:getLatestSnapshot(147)) - Latest Snapshot Info 1#349
2020-07-01 01:06:03,233 [grpc-default-executor-8] INFO  ratis.OzoneManagerStateMachine (OzoneManagerStateMachine.java:getLatestSnapshot(147)) - Latest Snapshot Info 1#349
2020-07-01 01:06:03,235 [Thread-5170] DEBUG impl.RaftServerImpl (RaftServerImpl.java:logAppendEntries(928)) - omNode-3@group-523986131536: succeeded to handle AppendEntries. Reply: omNode-1<-omNode-3#377:OK,SUCCESS,nextIndex:353,term:1,followerCommit:351
2020-07-01 01:06:03,241 [grpc-default-executor-1] WARN  server.GrpcLogAppender (LogUtils.java:warn(122)) - omNode-1@group-523986131536->omNode-2-AppendLogResponseHandler: Failed appendEntries: org.apache.ratis.thirdparty.io.grpc.StatusRuntimeException: UNAVAILABLE: io exception
2020-07-01 01:06:03,241 [grpc-default-executor-1] INFO  impl.FollowerInfo (FollowerInfo.java:lambda$new$0(51)) - omNode-1@group-523986131536->omNode-2: nextIndex: updateUnconditionally 353 -> 45
2020-07-01 01:06:03,241 [IPC Server handler 12 on default port 11860] DEBUG impl.RaftServerImpl (RaftServerImpl.java:submitClientRequestAsync(575)) - omNode-1@group-523986131536: receive client request(RaftClientRequest:client-6E5155DBE9B8->omNode-1@group-523986131536, cid=499, seq=0, RW, Message:081f12001a13636c6965...(size=409))
2020-07-01 01:06:03,242 [IPC Server handler 12 on default port 11860] DEBUG impl.RaftServerImpl (LeaderState.java:addPendingRequest(335)) - omNode-1@group-523986131536-LeaderState: addPendingRequest at RaftClientRequest:client-6E5155DBE9B8->omNode-1@group-523986131536, cid=499, seq=0, RW, Message:081f12001a13636c6965...(size=409), entry=(t:1, i:353), STATEMACHINELOGENTRY, client-6E5155DBE9B8, cid=499
2020-07-01 01:06:03,243 [grpc-default-executor-8] DEBUG server.GrpcLogAppender (GrpcLogAppender.java:onNext(257)) - omNode-1@group-523986131536->omNode-3-AppendLogResponseHandler: received a reply omNode-1<-omNode-3#377:OK,SUCCESS,nextIndex:353,term:1,followerCommit:351, request=AppendEntriesRequest:cid=377,entriesCount=1,lastEntry=(t:1, i:352)
2020-07-01 01:06:03,244 [grpc-default-executor-6] WARN  server.GrpcLogAppender (LogUtils.java:warn(122)) - omNode-1@group-523986131536->omNode-2-AppendLogResponseHandler: Failed appendEntries: org.apache.ratis.thirdparty.io.grpc.StatusRuntimeException: UNAVAILABLE: io exception
2020-07-01 01:06:03,244 [grpc-default-executor-8] DEBUG impl.RaftServerImpl (RaftServerImpl.java:logAppendEntries(928)) - omNode-3@group-523986131536: receive appendEntries(omNode-1, 1, (t:1, i:352), 351, false, commits[omNode-1:c351, omNode-3:c350, omNode-2:c43], entries: (t:1, i:353), STATEMACHINELOGENTRY, client-6E5155DBE9B8, cid=499
2020-07-01 01:06:03,244 [grpc-default-executor-8] INFO  ratis.OzoneManagerStateMachine (OzoneManagerStateMachine.java:getLatestSnapshot(147)) - Latest Snapshot Info 1#349
2020-07-01 01:06:03,244 [grpc-default-executor-8] INFO  ratis.OzoneManagerStateMachine (OzoneManagerStateMachine.java:getLatestSnapshot(147)) - Latest Snapshot Info 1#349
2020-07-01 01:06:03,244 [grpc-default-executor-6] INFO  impl.FollowerInfo (FollowerInfo.java:lambda$new$0(51)) - omNode-1@group-523986131536->omNode-2: nextIndex: updateUnconditionally 354 -> 45
2020-07-01 01:06:03,247 [Thread-5171] DEBUG impl.RaftServerImpl (RaftServerImpl.java:logAppendEntries(928)) - omNode-3@group-523986131536: succeeded to handle AppendEntries. Reply: omNode-1<-omNode-3#378:OK,SUCCESS,nextIndex:354,term:1,followerCommit:351
2020-07-01 01:06:03,249 [grpc-default-executor-6] DEBUG server.GrpcLogAppender (GrpcLogAppender.java:onNext(257)) - omNode-1@group-523986131536->omNode-3-AppendLogResponseHandler: received a reply omNode-1<-omNode-3#378:OK,SUCCESS,nextIndex:354,term:1,followerCommit:351, request=AppendEntriesRequest:cid=378,entriesCount=1,lastEntry=(t:1, i:353)
2020-07-01 01:06:03,251 [grpc-default-executor-8] WARN  server.GrpcLogAppender (LogUtils.java:warn(122)) - omNode-1@group-523986131536->omNode-2-AppendLogResponseHandler: Failed appendEntries: org.apache.ratis.thirdparty.io.grpc.StatusRuntimeException: UNAVAILABLE: io exception
2020-07-01 01:06:03,251 [grpc-default-executor-8] INFO  impl.FollowerInfo (FollowerInfo.java:lambda$new$0(51)) - omNode-1@group-523986131536->omNode-2: nextIndex: updateUnconditionally 355 -> 45
2020-07-01 01:06:03,251 [grpc-default-executor-8] DEBUG impl.RaftServerImpl (RaftServerImpl.java:logAppendEntries(928)) - omNode-3@group-523986131536: receive appendEntries(omNode-1, 1, (t:1, i:353), 353, false, commits[omNode-1:c353, omNode-3:c351, omNode-2:c43], entries: (t:1, i:354), METADATAENTRY(c:353)
2020-07-01 01:06:03,251 [grpc-default-executor-8] INFO  ratis.OzoneManagerStateMachine (OzoneManagerStateMachine.java:getLatestSnapshot(147)) - Latest Snapshot Info 1#349
2020-07-01 01:06:03,252 [grpc-default-executor-8] INFO  ratis.OzoneManagerStateMachine (OzoneManagerStateMachine.java:getLatestSnapshot(147)) - Latest Snapshot Info 1#349
2020-07-01 01:06:03,257 [Thread-5172] DEBUG impl.RaftServerImpl (RaftServerImpl.java:logAppendEntries(928)) - omNode-3@group-523986131536: succeeded to handle AppendEntries. Reply: omNode-1<-omNode-3#379:OK,SUCCESS,nextIndex:355,term:1,followerCommit:353
2020-07-01 01:06:03,258 [grpc-default-executor-6] DEBUG server.GrpcLogAppender (GrpcLogAppender.java:onNext(257)) - omNode-1@group-523986131536->omNode-3-AppendLogResponseHandler: received a reply omNode-1<-omNode-3#379:OK,SUCCESS,nextIndex:355,term:1,followerCommit:353, request=AppendEntriesRequest:cid=379,entriesCount=1,lastEntry=(t:1, i:354)
2020-07-01 01:06:03,260 [grpc-default-executor-8] WARN  server.GrpcLogAppender (LogUtils.java:warn(122)) - omNode-1@group-523986131536->omNode-2-AppendLogResponseHandler: Failed appendEntries: org.apache.ratis.thirdparty.io.grpc.StatusRuntimeException: UNAVAILABLE: io exception
2020-07-01 01:06:03,260 [grpc-default-executor-8] INFO  impl.FollowerInfo (FollowerInfo.java:lambda$new$0(51)) - omNode-1@group-523986131536->omNode-2: nextIndex: updateUnconditionally 355 -> 45
2020-07-01 01:06:03,263 [IPC Server handler 1 on default port 11860] DEBUG impl.RaftServerImpl (RaftServerImpl.java:submitClientRequestAsync(575)) - omNode-1@group-523986131536: receive client request(RaftClientRequest:client-6E5155DBE9B8->omNode-1@group-523986131536, cid=500, seq=0, RW, Message:082412001a13636c6965...(size=360))
2020-07-01 01:06:03,263 [IPC Server handler 1 on default port 11860] DEBUG impl.RaftServerImpl (LeaderState.java:addPendingRequest(335)) - omNode-1@group-523986131536-LeaderState: addPendingRequest at RaftClientRequest:client-6E5155DBE9B8->omNode-1@group-523986131536, cid=500, seq=0, RW, Message:082412001a13636c6965...(size=360), entry=(t:1, i:355), STATEMACHINELOGENTRY, client-6E5155DBE9B8, cid=500
2020-07-01 01:06:03,264 [grpc-default-executor-6] DEBUG impl.RaftServerImpl (RaftServerImpl.java:logAppendEntries(928)) - omNode-3@group-523986131536: receive appendEntries(omNode-1, 1, (t:1, i:354), 354, false, commits[omNode-1:c354, omNode-3:c353, omNode-2:c43], entries: (t:1, i:355), STATEMACHINELOGENTRY, client-6E5155DBE9B8, cid=500
2020-07-01 01:06:03,264 [grpc-default-executor-6] INFO  ratis.OzoneManagerStateMachine (OzoneManagerStateMachine.java:getLatestSnapshot(147)) - Latest Snapshot Info 1#349
2020-07-01 01:06:03,264 [grpc-default-executor-6] INFO  ratis.OzoneManagerStateMachine (OzoneManagerStateMachine.java:getLatestSnapshot(147)) - Latest Snapshot Info 1#349
2020-07-01 01:06:03,265 [grpc-default-executor-8] WARN  server.GrpcLogAppender (LogUtils.java:warn(122)) - omNode-1@group-523986131536->omNode-2-AppendLogResponseHandler: Failed appendEntries: org.apache.ratis.thirdparty.io.grpc.StatusRuntimeException: UNAVAILABLE: io exception
2020-07-01 01:06:03,266 [grpc-default-executor-8] INFO  impl.FollowerInfo (FollowerInfo.java:lambda$new$0(51)) - omNode-1@group-523986131536->omNode-2: nextIndex: updateUnconditionally 356 -> 45
2020-07-01 01:06:03,266 [Thread-5173] DEBUG impl.RaftServerImpl (RaftServerImpl.java:logAppendEntries(928)) - omNode-3@group-523986131536: succeeded to handle AppendEntries. Reply: omNode-1<-omNode-3#380:OK,SUCCESS,nextIndex:356,term:1,followerCommit:354
2020-07-01 01:06:03,266 [grpc-default-executor-8] DEBUG server.GrpcLogAppender (GrpcLogAppender.java:onNext(257)) - omNode-1@group-523986131536->omNode-3-AppendLogResponseHandler: received a reply omNode-1<-omNode-3#380:OK,SUCCESS,nextIndex:356,term:1,followerCommit:354, request=AppendEntriesRequest:cid=380,entriesCount=1,lastEntry=(t:1, i:355)
2020-07-01 01:06:03,267 [grpc-default-executor-8] DEBUG impl.RaftServerImpl (RaftServerImpl.java:logAppendEntries(928)) - omNode-3@group-523986131536: receive appendEntries(omNode-1, 1, (t:1, i:355), 355, false, commits[omNode-1:c355, omNode-3:c354, omNode-2:c43], entries: (t:1, i:356), METADATAENTRY(c:355)
2020-07-01 01:06:03,267 [grpc-default-executor-8] INFO  ratis.OzoneManagerStateMachine (OzoneManagerStateMachine.java:getLatestSnapshot(147)) - Latest Snapshot Info 1#349
2020-07-01 01:06:03,267 [grpc-default-executor-8] INFO  ratis.OzoneManagerStateMachine (OzoneManagerStateMachine.java:getLatestSnapshot(147)) - Latest Snapshot Info 1#349
2020-07-01 01:06:03,268 [grpc-default-executor-6] WARN  server.GrpcLogAppender (LogUtils.java:warn(122)) - omNode-1@group-523986131536->omNode-2-AppendLogResponseHandler: Failed appendEntries: org.apache.ratis.thirdparty.io.grpc.StatusRuntimeException: UNAVAILABLE: io exception
2020-07-01 01:06:03,268 [grpc-default-executor-6] INFO  impl.FollowerInfo (FollowerInfo.java:lambda$new$0(51)) - omNode-1@group-523986131536->omNode-2: nextIndex: updateUnconditionally 357 -> 45
2020-07-01 01:06:03,270 [IPC Server handler 3 on default port 11860] DEBUG impl.RaftServerImpl (RaftServerImpl.java:submitClientRequestAsync(575)) - omNode-1@group-523986131536: receive client request(RaftClientRequest:client-6E5155DBE9B8->omNode-1@group-523986131536, cid=501, seq=0, RW, Message:081f12001a13636c6965...(size=409))
2020-07-01 01:06:03,270 [IPC Server handler 3 on default port 11860] DEBUG impl.RaftServerImpl (LeaderState.java:addPendingRequest(335)) - omNode-1@group-523986131536-LeaderState: addPendingRequest at RaftClientRequest:client-6E5155DBE9B8->omNode-1@group-523986131536, cid=501, seq=0, RW, Message:081f12001a13636c6965...(size=409), entry=(t:1, i:357), STATEMACHINELOGENTRY, client-6E5155DBE9B8, cid=501
2020-07-01 01:06:03,271 [grpc-default-executor-6] DEBUG impl.RaftServerImpl (RaftServerImpl.java:logAppendEntries(928)) - omNode-3@group-523986131536: receive appendEntries(omNode-1, 1, (t:1, i:356), 355, false, commits[omNode-1:c355, omNode-3:c354, omNode-2:c43], entries: (t:1, i:357), STATEMACHINELOGENTRY, client-6E5155DBE9B8, cid=501
2020-07-01 01:06:03,271 [grpc-default-executor-6] INFO  ratis.OzoneManagerStateMachine (OzoneManagerStateMachine.java:getLatestSnapshot(147)) - Latest Snapshot Info 1#349
2020-07-01 01:06:03,271 [grpc-default-executor-6] INFO  ratis.OzoneManagerStateMachine (OzoneManagerStateMachine.java:getLatestSnapshot(147)) - Latest Snapshot Info 1#349
2020-07-01 01:06:03,272 [grpc-default-executor-8] WARN  server.GrpcLogAppender (LogUtils.java:warn(122)) - omNode-1@group-523986131536->omNode-2-AppendLogResponseHandler: Failed appendEntries: org.apache.ratis.thirdparty.io.grpc.StatusRuntimeException: UNAVAILABLE: io exception
2020-07-01 01:06:03,272 [grpc-default-executor-8] INFO  impl.FollowerInfo (FollowerInfo.java:lambda$new$0(51)) - omNode-1@group-523986131536->omNode-2: nextIndex: updateUnconditionally 358 -> 45
2020-07-01 01:06:03,273 [Thread-5174] DEBUG impl.RaftServerImpl (RaftServerImpl.java:logAppendEntries(928)) - omNode-3@group-523986131536: succeeded to handle AppendEntries. Reply: omNode-1<-omNode-3#381:OK,SUCCESS,nextIndex:357,term:1,followerCommit:355
2020-07-01 01:06:03,273 [grpc-default-executor-8] DEBUG server.GrpcLogAppender (GrpcLogAppender.java:onNext(257)) - omNode-1@group-523986131536->omNode-3-AppendLogResponseHandler: received a reply omNode-1<-omNode-3#381:OK,SUCCESS,nextIndex:357,term:1,followerCommit:355, request=AppendEntriesRequest:cid=381,entriesCount=1,lastEntry=(t:1, i:356)
2020-07-01 01:06:03,275 [grpc-default-executor-6] WARN  server.GrpcLogAppender (LogUtils.java:warn(122)) - omNode-1@group-523986131536->omNode-2-AppendLogResponseHandler: Failed appendEntries: org.apache.ratis.thirdparty.io.grpc.StatusRuntimeException: UNAVAILABLE: io exception
2020-07-01 01:06:03,276 [grpc-default-executor-6] INFO  impl.FollowerInfo (FollowerInfo.java:lambda$new$0(51)) - omNode-1@group-523986131536->omNode-2: nextIndex: updateUnconditionally 358 -> 45
2020-07-01 01:06:03,277 [Thread-5175] DEBUG impl.RaftServerImpl (RaftServerImpl.java:logAppendEntries(928)) - omNode-3@group-523986131536: succeeded to handle AppendEntries. Reply: omNode-1<-omNode-3#382:OK,SUCCESS,nextIndex:358,term:1,followerCommit:355
2020-07-01 01:06:03,277 [grpc-default-executor-6] DEBUG server.GrpcLogAppender (GrpcLogAppender.java:onNext(257)) - omNode-1@group-523986131536->omNode-3-AppendLogResponseHandler: received a reply omNode-1<-omNode-3#382:OK,SUCCESS,nextIndex:358,term:1,followerCommit:355, request=AppendEntriesRequest:cid=382,entriesCount=1,lastEntry=(t:1, i:357)
2020-07-01 01:06:03,278 [grpc-default-executor-6] DEBUG impl.RaftServerImpl (RaftServerImpl.java:logAppendEntries(928)) - omNode-3@group-523986131536: receive appendEntries(omNode-1, 1, (t:1, i:357), 357, false, commits[omNode-1:c357, omNode-3:c355, omNode-2:c43], entries: (t:1, i:358), METADATAENTRY(c:357)
2020-07-01 01:06:03,278 [grpc-default-executor-6] INFO  ratis.OzoneManagerStateMachine (OzoneManagerStateMachine.java:getLatestSnapshot(147)) - Latest Snapshot Info 1#349
2020-07-01 01:06:03,278 [grpc-default-executor-6] INFO  ratis.OzoneManagerStateMachine (OzoneManagerStateMachine.java:getLatestSnapshot(147)) - Latest Snapshot Info 1#349
2020-07-01 01:06:03,278 [Thread-5176] DEBUG impl.RaftServerImpl (RaftServerImpl.java:logAppendEntries(928)) - omNode-3@group-523986131536: succeeded to handle AppendEntries. Reply: omNode-1<-omNode-3#383:OK,SUCCESS,nextIndex:359,term:1,followerCommit:357
2020-07-01 01:06:03,280 [grpc-default-executor-8] WARN  server.GrpcLogAppender (LogUtils.java:warn(122)) - omNode-1@group-523986131536->omNode-2-AppendLogResponseHandler: Failed appendEntries: org.apache.ratis.thirdparty.io.grpc.StatusRuntimeException: UNAVAILABLE: io exception
2020-07-01 01:06:03,280 [grpc-default-executor-8] INFO  impl.FollowerInfo (FollowerInfo.java:lambda$new$0(51)) - omNode-1@group-523986131536->omNode-2: nextIndex: updateUnconditionally 359 -> 45
2020-07-01 01:06:03,285 [grpc-default-executor-6] DEBUG server.GrpcLogAppender (GrpcLogAppender.java:onNext(257)) - omNode-1@group-523986131536->omNode-3-AppendLogResponseHandler: received a reply omNode-1<-omNode-3#383:OK,SUCCESS,nextIndex:359,term:1,followerCommit:357, request=AppendEntriesRequest:cid=383,entriesCount=1,lastEntry=(t:1, i:358)
2020-07-01 01:06:03,287 [grpc-default-executor-6] WARN  server.GrpcLogAppender (LogUtils.java:warn(122)) - omNode-1@group-523986131536->omNode-2-AppendLogResponseHandler: Failed appendEntries: org.apache.ratis.thirdparty.io.grpc.StatusRuntimeException: UNAVAILABLE: io exception
2020-07-01 01:06:03,287 [grpc-default-executor-6] INFO  impl.FollowerInfo (FollowerInfo.java:lambda$new$0(51)) - omNode-1@group-523986131536->omNode-2: nextIndex: updateUnconditionally 359 -> 45
2020-07-01 01:06:03,288 [IPC Server handler 0 on default port 11860] DEBUG impl.RaftServerImpl (RaftServerImpl.java:submitClientRequestAsync(575)) - omNode-1@group-523986131536: receive client request(RaftClientRequest:client-6E5155DBE9B8->omNode-1@group-523986131536, cid=502, seq=0, RW, Message:082412001a13636c6965...(size=360))
2020-07-01 01:06:03,288 [IPC Server handler 0 on default port 11860] DEBUG impl.RaftServerImpl (LeaderState.java:addPendingRequest(335)) - omNode-1@group-523986131536-LeaderState: addPendingRequest at RaftClientRequest:client-6E5155DBE9B8->omNode-1@group-523986131536, cid=502, seq=0, RW, Message:082412001a13636c6965...(size=360), entry=(t:1, i:359), STATEMACHINELOGENTRY, client-6E5155DBE9B8, cid=502
2020-07-01 01:06:03,289 [grpc-default-executor-6] DEBUG impl.RaftServerImpl (RaftServerImpl.java:logAppendEntries(928)) - omNode-3@group-523986131536: receive appendEntries(omNode-1, 1, (t:1, i:358), 358, false, commits[omNode-1:c358, omNode-3:c357, omNode-2:c43], entries: (t:1, i:359), STATEMACHINELOGENTRY, client-6E5155DBE9B8, cid=502
2020-07-01 01:06:03,290 [grpc-default-executor-6] INFO  ratis.OzoneManagerStateMachine (OzoneManagerStateMachine.java:getLatestSnapshot(147)) - Latest Snapshot Info 1#349
2020-07-01 01:06:03,290 [grpc-default-executor-6] INFO  ratis.OzoneManagerStateMachine (OzoneManagerStateMachine.java:getLatestSnapshot(147)) - Latest Snapshot Info 1#349
2020-07-01 01:06:03,290 [grpc-default-executor-6] WARN  server.GrpcLogAppender (LogUtils.java:warn(122)) - omNode-1@group-523986131536->omNode-2-AppendLogResponseHandler: Failed appendEntries: org.apache.ratis.thirdparty.io.grpc.StatusRuntimeException: UNAVAILABLE: io exception
2020-07-01 01:06:03,290 [grpc-default-executor-6] INFO  impl.FollowerInfo (FollowerInfo.java:lambda$new$0(51)) - omNode-1@group-523986131536->omNode-2: nextIndex: updateUnconditionally 360 -> 45
2020-07-01 01:06:03,293 [Thread-5177] DEBUG impl.RaftServerImpl (RaftServerImpl.java:logAppendEntries(928)) - omNode-3@group-523986131536: succeeded to handle AppendEntries. Reply: omNode-1<-omNode-3#384:OK,SUCCESS,nextIndex:360,term:1,followerCommit:358
2020-07-01 01:06:03,293 [grpc-default-executor-6] DEBUG server.GrpcLogAppender (GrpcLogAppender.java:onNext(257)) - omNode-1@group-523986131536->omNode-3-AppendLogResponseHandler: received a reply omNode-1<-omNode-3#384:OK,SUCCESS,nextIndex:360,term:1,followerCommit:358, request=AppendEntriesRequest:cid=384,entriesCount=1,lastEntry=(t:1, i:359)
2020-07-01 01:06:03,294 [grpc-default-executor-6] DEBUG impl.RaftServerImpl (RaftServerImpl.java:logAppendEntries(928)) - omNode-3@group-523986131536: receive appendEntries(omNode-1, 1, (t:1, i:359), 359, false, commits[omNode-1:c359, omNode-3:c358, omNode-2:c43], entries: (t:1, i:360), METADATAENTRY(c:359)
2020-07-01 01:06:03,294 [grpc-default-executor-6] INFO  ratis.OzoneManagerStateMachine (OzoneManagerStateMachine.java:getLatestSnapshot(147)) - Latest Snapshot Info 1#349
2020-07-01 01:06:03,294 [grpc-default-executor-6] INFO  ratis.OzoneManagerStateMachine (OzoneManagerStateMachine.java:getLatestSnapshot(147)) - Latest Snapshot Info 1#349
2020-07-01 01:06:03,294 [Thread-5178] DEBUG impl.RaftServerImpl (RaftServerImpl.java:logAppendEntries(928)) - omNode-3@group-523986131536: succeeded to handle AppendEntries. Reply: omNode-1<-omNode-3#385:OK,SUCCESS,nextIndex:361,term:1,followerCommit:359
2020-07-01 01:06:03,295 [grpc-default-executor-6] DEBUG server.GrpcLogAppender (GrpcLogAppender.java:onNext(257)) - omNode-1@group-523986131536->omNode-3-AppendLogResponseHandler: received a reply omNode-1<-omNode-3#385:OK,SUCCESS,nextIndex:361,term:1,followerCommit:359, request=AppendEntriesRequest:cid=385,entriesCount=1,lastEntry=(t:1, i:360)
2020-07-01 01:06:03,297 [IPC Server handler 5 on default port 11860] DEBUG impl.RaftServerImpl (RaftServerImpl.java:submitClientRequestAsync(575)) - omNode-1@group-523986131536: receive client request(RaftClientRequest:client-6E5155DBE9B8->omNode-1@group-523986131536, cid=503, seq=0, RW, Message:081f12001a13636c6965...(size=409))
2020-07-01 01:06:03,297 [IPC Server handler 5 on default port 11860] DEBUG impl.RaftServerImpl (LeaderState.java:addPendingRequest(335)) - omNode-1@group-523986131536-LeaderState: addPendingRequest at RaftClientRequest:client-6E5155DBE9B8->omNode-1@group-523986131536, cid=503, seq=0, RW, Message:081f12001a13636c6965...(size=409), entry=(t:1, i:361), STATEMACHINELOGENTRY, client-6E5155DBE9B8, cid=503
2020-07-01 01:06:03,298 [grpc-default-executor-8] DEBUG impl.RaftServerImpl (RaftServerImpl.java:logAppendEntries(928)) - omNode-3@group-523986131536: receive appendEntries(omNode-1, 1, (t:1, i:360), 360, false, commits[omNode-1:c360, omNode-3:c359, omNode-2:c43], entries: (t:1, i:361), STATEMACHINELOGENTRY, client-6E5155DBE9B8, cid=503
2020-07-01 01:06:03,298 [grpc-default-executor-8] INFO  ratis.OzoneManagerStateMachine (OzoneManagerStateMachine.java:getLatestSnapshot(147)) - Latest Snapshot Info 1#349
2020-07-01 01:06:03,298 [grpc-default-executor-8] INFO  ratis.OzoneManagerStateMachine (OzoneManagerStateMachine.java:getLatestSnapshot(147)) - Latest Snapshot Info 1#349
2020-07-01 01:06:03,298 [grpc-default-executor-1] WARN  server.GrpcLogAppender (LogUtils.java:warn(122)) - omNode-1@group-523986131536->omNode-2-AppendLogResponseHandler: Failed appendEntries: org.apache.ratis.thirdparty.io.grpc.StatusRuntimeException: UNAVAILABLE: io exception
2020-07-01 01:06:03,298 [grpc-default-executor-1] INFO  impl.FollowerInfo (FollowerInfo.java:lambda$new$0(51)) - omNode-1@group-523986131536->omNode-2: nextIndex: updateUnconditionally 361 -> 45
2020-07-01 01:06:03,299 [Thread-5179] DEBUG impl.RaftServerImpl (RaftServerImpl.java:logAppendEntries(928)) - omNode-3@group-523986131536: succeeded to handle AppendEntries. Reply: omNode-1<-omNode-3#386:OK,SUCCESS,nextIndex:362,term:1,followerCommit:360
2020-07-01 01:06:03,299 [grpc-default-executor-1] DEBUG server.GrpcLogAppender (GrpcLogAppender.java:onNext(257)) - omNode-1@group-523986131536->omNode-3-AppendLogResponseHandler: received a reply omNode-1<-omNode-3#386:OK,SUCCESS,nextIndex:362,term:1,followerCommit:360, request=AppendEntriesRequest:cid=386,entriesCount=1,lastEntry=(t:1, i:361)
2020-07-01 01:06:03,300 [grpc-default-executor-1] DEBUG impl.RaftServerImpl (RaftServerImpl.java:logAppendEntries(928)) - omNode-3@group-523986131536: receive appendEntries(omNode-1, 1, (t:1, i:361), 361, false, commits[omNode-1:c361, omNode-3:c360, omNode-2:c43], entries: (t:1, i:362), METADATAENTRY(c:361)
2020-07-01 01:06:03,300 [grpc-default-executor-1] INFO  ratis.OzoneManagerStateMachine (OzoneManagerStateMachine.java:getLatestSnapshot(147)) - Latest Snapshot Info 1#349
2020-07-01 01:06:03,300 [grpc-default-executor-1] INFO  ratis.OzoneManagerStateMachine (OzoneManagerStateMachine.java:getLatestSnapshot(147)) - Latest Snapshot Info 1#349
2020-07-01 01:06:03,304 [grpc-default-executor-8] WARN  server.GrpcLogAppender (LogUtils.java:warn(122)) - omNode-1@group-523986131536->omNode-2-AppendLogResponseHandler: Failed appendEntries: org.apache.ratis.thirdparty.io.grpc.StatusRuntimeException: UNAVAILABLE: io exception
2020-07-01 01:06:03,304 [grpc-default-executor-8] INFO  impl.FollowerInfo (FollowerInfo.java:lambda$new$0(51)) - omNode-1@group-523986131536->omNode-2: nextIndex: updateUnconditionally 363 -> 45
2020-07-01 01:06:03,305 [Thread-5180] DEBUG impl.RaftServerImpl (RaftServerImpl.java:logAppendEntries(928)) - omNode-3@group-523986131536: succeeded to handle AppendEntries. Reply: omNode-1<-omNode-3#387:OK,SUCCESS,nextIndex:363,term:1,followerCommit:361
2020-07-01 01:06:03,305 [grpc-default-executor-8] DEBUG server.GrpcLogAppender (GrpcLogAppender.java:onNext(257)) - omNode-1@group-523986131536->omNode-3-AppendLogResponseHandler: received a reply omNode-1<-omNode-3#387:OK,SUCCESS,nextIndex:363,term:1,followerCommit:361, request=AppendEntriesRequest:cid=387,entriesCount=1,lastEntry=(t:1, i:362)
2020-07-01 01:06:03,307 [grpc-default-executor-1] WARN  server.GrpcLogAppender (LogUtils.java:warn(122)) - omNode-1@group-523986131536->omNode-2-AppendLogResponseHandler: Failed appendEntries: org.apache.ratis.thirdparty.io.grpc.StatusRuntimeException: UNAVAILABLE: io exception
2020-07-01 01:06:03,307 [grpc-default-executor-1] INFO  impl.FollowerInfo (FollowerInfo.java:lambda$new$0(51)) - omNode-1@group-523986131536->omNode-2: nextIndex: updateUnconditionally 363 -> 45
2020-07-01 01:06:03,311 [IPC Server handler 2 on default port 11860] DEBUG impl.RaftServerImpl (RaftServerImpl.java:submitClientRequestAsync(575)) - omNode-1@group-523986131536: receive client request(RaftClientRequest:client-6E5155DBE9B8->omNode-1@group-523986131536, cid=504, seq=0, RW, Message:082412001a13636c6965...(size=360))
2020-07-01 01:06:03,311 [IPC Server handler 2 on default port 11860] DEBUG impl.RaftServerImpl (LeaderState.java:addPendingRequest(335)) - omNode-1@group-523986131536-LeaderState: addPendingRequest at RaftClientRequest:client-6E5155DBE9B8->omNode-1@group-523986131536, cid=504, seq=0, RW, Message:082412001a13636c6965...(size=360), entry=(t:1, i:363), STATEMACHINELOGENTRY, client-6E5155DBE9B8, cid=504
2020-07-01 01:06:03,311 [grpc-default-executor-8] DEBUG impl.RaftServerImpl (RaftServerImpl.java:logAppendEntries(928)) - omNode-3@group-523986131536: receive appendEntries(omNode-1, 1, (t:1, i:362), 362, false, commits[omNode-1:c362, omNode-3:c361, omNode-2:c43], entries: (t:1, i:363), STATEMACHINELOGENTRY, client-6E5155DBE9B8, cid=504
2020-07-01 01:06:03,311 [grpc-default-executor-8] INFO  ratis.OzoneManagerStateMachine (OzoneManagerStateMachine.java:getLatestSnapshot(147)) - Latest Snapshot Info 1#349
2020-07-01 01:06:03,311 [grpc-default-executor-8] INFO  ratis.OzoneManagerStateMachine (OzoneManagerStateMachine.java:getLatestSnapshot(147)) - Latest Snapshot Info 1#349
2020-07-01 01:06:03,313 [grpc-default-executor-1] WARN  server.GrpcLogAppender (LogUtils.java:warn(122)) - omNode-1@group-523986131536->omNode-2-AppendLogResponseHandler: Failed appendEntries: org.apache.ratis.thirdparty.io.grpc.StatusRuntimeException: UNAVAILABLE: io exception
2020-07-01 01:06:03,313 [grpc-default-executor-1] INFO  impl.FollowerInfo (FollowerInfo.java:lambda$new$0(51)) - omNode-1@group-523986131536->omNode-2: nextIndex: updateUnconditionally 364 -> 45
2020-07-01 01:06:03,317 [Thread-5181] DEBUG impl.RaftServerImpl (RaftServerImpl.java:logAppendEntries(928)) - omNode-3@group-523986131536: succeeded to handle AppendEntries. Reply: omNode-1<-omNode-3#388:OK,SUCCESS,nextIndex:364,term:1,followerCommit:362
2020-07-01 01:06:03,317 [grpc-default-executor-1] DEBUG server.GrpcLogAppender (GrpcLogAppender.java:onNext(257)) - omNode-1@group-523986131536->omNode-3-AppendLogResponseHandler: received a reply omNode-1<-omNode-3#388:OK,SUCCESS,nextIndex:364,term:1,followerCommit:362, request=AppendEntriesRequest:cid=388,entriesCount=1,lastEntry=(t:1, i:363)
2020-07-01 01:06:03,318 [grpc-default-executor-1] DEBUG impl.RaftServerImpl (RaftServerImpl.java:logAppendEntries(928)) - omNode-3@group-523986131536: receive appendEntries(omNode-1, 1, (t:1, i:363), 363, false, commits[omNode-1:c363, omNode-3:c362, omNode-2:c43], entries: (t:1, i:364), METADATAENTRY(c:363)
2020-07-01 01:06:03,318 [grpc-default-executor-1] INFO  ratis.OzoneManagerStateMachine (OzoneManagerStateMachine.java:getLatestSnapshot(147)) - Latest Snapshot Info 1#349
2020-07-01 01:06:03,318 [grpc-default-executor-1] INFO  ratis.OzoneManagerStateMachine (OzoneManagerStateMachine.java:getLatestSnapshot(147)) - Latest Snapshot Info 1#349
2020-07-01 01:06:03,320 [grpc-default-executor-8] WARN  server.GrpcLogAppender (LogUtils.java:warn(122)) - omNode-1@group-523986131536->omNode-2-AppendLogResponseHandler: Failed appendEntries: org.apache.ratis.thirdparty.io.grpc.StatusRuntimeException: UNAVAILABLE: io exception
2020-07-01 01:06:03,320 [grpc-default-executor-8] INFO  impl.FollowerInfo (FollowerInfo.java:lambda$new$0(51)) - omNode-1@group-523986131536->omNode-2: nextIndex: updateUnconditionally 365 -> 45
2020-07-01 01:06:03,321 [Thread-5182] DEBUG impl.RaftServerImpl (RaftServerImpl.java:logAppendEntries(928)) - omNode-3@group-523986131536: succeeded to handle AppendEntries. Reply: omNode-1<-omNode-3#389:OK,SUCCESS,nextIndex:365,term:1,followerCommit:363
2020-07-01 01:06:03,321 [grpc-default-executor-8] DEBUG server.GrpcLogAppender (GrpcLogAppender.java:onNext(257)) - omNode-1@group-523986131536->omNode-3-AppendLogResponseHandler: received a reply omNode-1<-omNode-3#389:OK,SUCCESS,nextIndex:365,term:1,followerCommit:363, request=AppendEntriesRequest:cid=389,entriesCount=1,lastEntry=(t:1, i:364)
2020-07-01 01:06:03,324 [IPC Server handler 4 on default port 11860] DEBUG impl.RaftServerImpl (RaftServerImpl.java:submitClientRequestAsync(575)) - omNode-1@group-523986131536: receive client request(RaftClientRequest:client-6E5155DBE9B8->omNode-1@group-523986131536, cid=505, seq=0, RW, Message:081f12001a13636c6965...(size=409))
2020-07-01 01:06:03,324 [IPC Server handler 4 on default port 11860] DEBUG impl.RaftServerImpl (LeaderState.java:addPendingRequest(335)) - omNode-1@group-523986131536-LeaderState: addPendingRequest at RaftClientRequest:client-6E5155DBE9B8->omNode-1@group-523986131536, cid=505, seq=0, RW, Message:081f12001a13636c6965...(size=409), entry=(t:1, i:365), STATEMACHINELOGENTRY, client-6E5155DBE9B8, cid=505
2020-07-01 01:06:03,324 [grpc-default-executor-1] DEBUG impl.RaftServerImpl (RaftServerImpl.java:logAppendEntries(928)) - omNode-3@group-523986131536: receive appendEntries(omNode-1, 1, (t:1, i:364), 364, false, commits[omNode-1:c364, omNode-3:c363, omNode-2:c43], entries: (t:1, i:365), STATEMACHINELOGENTRY, client-6E5155DBE9B8, cid=505
2020-07-01 01:06:03,324 [grpc-default-executor-1] INFO  ratis.OzoneManagerStateMachine (OzoneManagerStateMachine.java:getLatestSnapshot(147)) - Latest Snapshot Info 1#349
2020-07-01 01:06:03,324 [grpc-default-executor-1] INFO  ratis.OzoneManagerStateMachine (OzoneManagerStateMachine.java:getLatestSnapshot(147)) - Latest Snapshot Info 1#349
2020-07-01 01:06:03,325 [grpc-default-executor-1] WARN  server.GrpcLogAppender (LogUtils.java:warn(122)) - omNode-1@group-523986131536->omNode-2-AppendLogResponseHandler: Failed appendEntries: org.apache.ratis.thirdparty.io.grpc.StatusRuntimeException: UNAVAILABLE: io exception
2020-07-01 01:06:03,325 [grpc-default-executor-1] INFO  impl.FollowerInfo (FollowerInfo.java:lambda$new$0(51)) - omNode-1@group-523986131536->omNode-2: nextIndex: updateUnconditionally 365 -> 45
2020-07-01 01:06:03,327 [grpc-default-executor-8] WARN  server.GrpcLogAppender (LogUtils.java:warn(122)) - omNode-1@group-523986131536->omNode-2-AppendLogResponseHandler: Failed appendEntries: org.apache.ratis.thirdparty.io.grpc.StatusRuntimeException: UNAVAILABLE: io exception
2020-07-01 01:06:03,327 [grpc-default-executor-8] INFO  impl.FollowerInfo (FollowerInfo.java:lambda$new$0(51)) - omNode-1@group-523986131536->omNode-2: nextIndex: updateUnconditionally 366 -> 45
2020-07-01 01:06:03,327 [Thread-5183] DEBUG impl.RaftServerImpl (RaftServerImpl.java:logAppendEntries(928)) - omNode-3@group-523986131536: succeeded to handle AppendEntries. Reply: omNode-1<-omNode-3#390:OK,SUCCESS,nextIndex:366,term:1,followerCommit:364
2020-07-01 01:06:03,328 [grpc-default-executor-8] DEBUG server.GrpcLogAppender (GrpcLogAppender.java:onNext(257)) - omNode-1@group-523986131536->omNode-3-AppendLogResponseHandler: received a reply omNode-1<-omNode-3#390:OK,SUCCESS,nextIndex:366,term:1,followerCommit:364, request=AppendEntriesRequest:cid=390,entriesCount=1,lastEntry=(t:1, i:365)
2020-07-01 01:06:03,328 [grpc-default-executor-8] DEBUG impl.RaftServerImpl (RaftServerImpl.java:logAppendEntries(928)) - omNode-3@group-523986131536: receive appendEntries(omNode-1, 1, (t:1, i:365), 365, false, commits[omNode-1:c365, omNode-3:c364, omNode-2:c43], entries: (t:1, i:366), METADATAENTRY(c:365)
2020-07-01 01:06:03,328 [grpc-default-executor-8] INFO  ratis.OzoneManagerStateMachine (OzoneManagerStateMachine.java:getLatestSnapshot(147)) - Latest Snapshot Info 1#349
2020-07-01 01:06:03,328 [grpc-default-executor-8] INFO  ratis.OzoneManagerStateMachine (OzoneManagerStateMachine.java:getLatestSnapshot(147)) - Latest Snapshot Info 1#349
2020-07-01 01:06:03,332 [grpc-default-executor-1] WARN  server.GrpcLogAppender (LogUtils.java:warn(122)) - omNode-1@group-523986131536->omNode-2-AppendLogResponseHandler: Failed appendEntries: org.apache.ratis.thirdparty.io.grpc.StatusRuntimeException: UNAVAILABLE: io exception
2020-07-01 01:06:03,332 [grpc-default-executor-1] INFO  impl.FollowerInfo (FollowerInfo.java:lambda$new$0(51)) - omNode-1@group-523986131536->omNode-2: nextIndex: updateUnconditionally 367 -> 45
2020-07-01 01:06:03,333 [Thread-5184] DEBUG impl.RaftServerImpl (RaftServerImpl.java:logAppendEntries(928)) - omNode-3@group-523986131536: succeeded to handle AppendEntries. Reply: omNode-1<-omNode-3#391:OK,SUCCESS,nextIndex:367,term:1,followerCommit:365
2020-07-01 01:06:03,334 [grpc-default-executor-1] DEBUG server.GrpcLogAppender (GrpcLogAppender.java:onNext(257)) - omNode-1@group-523986131536->omNode-3-AppendLogResponseHandler: received a reply omNode-1<-omNode-3#391:OK,SUCCESS,nextIndex:367,term:1,followerCommit:365, request=AppendEntriesRequest:cid=391,entriesCount=1,lastEntry=(t:1, i:366)
2020-07-01 01:06:03,336 [grpc-default-executor-8] WARN  server.GrpcLogAppender (LogUtils.java:warn(122)) - omNode-1@group-523986131536->omNode-2-AppendLogResponseHandler: Failed appendEntries: org.apache.ratis.thirdparty.io.grpc.StatusRuntimeException: UNAVAILABLE: io exception
2020-07-01 01:06:03,336 [grpc-default-executor-8] INFO  impl.FollowerInfo (FollowerInfo.java:lambda$new$0(51)) - omNode-1@group-523986131536->omNode-2: nextIndex: updateUnconditionally 367 -> 45
2020-07-01 01:06:03,338 [IPC Server handler 6 on default port 11860] DEBUG impl.RaftServerImpl (RaftServerImpl.java:submitClientRequestAsync(575)) - omNode-1@group-523986131536: receive client request(RaftClientRequest:client-6E5155DBE9B8->omNode-1@group-523986131536, cid=506, seq=0, RW, Message:082412001a13636c6965...(size=360))
2020-07-01 01:06:03,338 [IPC Server handler 6 on default port 11860] DEBUG impl.RaftServerImpl (LeaderState.java:addPendingRequest(335)) - omNode-1@group-523986131536-LeaderState: addPendingRequest at RaftClientRequest:client-6E5155DBE9B8->omNode-1@group-523986131536, cid=506, seq=0, RW, Message:082412001a13636c6965...(size=360), entry=(t:1, i:367), STATEMACHINELOGENTRY, client-6E5155DBE9B8, cid=506
2020-07-01 01:06:03,340 [grpc-default-executor-8] DEBUG impl.RaftServerImpl (RaftServerImpl.java:logAppendEntries(928)) - omNode-3@group-523986131536: receive appendEntries(omNode-1, 1, (t:1, i:366), 366, false, commits[omNode-1:c366, omNode-3:c365, omNode-2:c43], entries: (t:1, i:367), STATEMACHINELOGENTRY, client-6E5155DBE9B8, cid=506
2020-07-01 01:06:03,340 [grpc-default-executor-8] INFO  ratis.OzoneManagerStateMachine (OzoneManagerStateMachine.java:getLatestSnapshot(147)) - Latest Snapshot Info 1#349
2020-07-01 01:06:03,340 [grpc-default-executor-8] INFO  ratis.OzoneManagerStateMachine (OzoneManagerStateMachine.java:getLatestSnapshot(147)) - Latest Snapshot Info 1#349
2020-07-01 01:06:03,341 [grpc-default-executor-8] WARN  server.GrpcLogAppender (LogUtils.java:warn(122)) - omNode-1@group-523986131536->omNode-2-AppendLogResponseHandler: Failed appendEntries: org.apache.ratis.thirdparty.io.grpc.StatusRuntimeException: UNAVAILABLE: io exception
2020-07-01 01:06:03,341 [grpc-default-executor-8] INFO  impl.FollowerInfo (FollowerInfo.java:lambda$new$0(51)) - omNode-1@group-523986131536->omNode-2: nextIndex: updateUnconditionally 368 -> 45
2020-07-01 01:06:03,345 [Thread-5185] DEBUG impl.RaftServerImpl (RaftServerImpl.java:logAppendEntries(928)) - omNode-3@group-523986131536: succeeded to handle AppendEntries. Reply: omNode-1<-omNode-3#392:OK,SUCCESS,nextIndex:368,term:1,followerCommit:366
2020-07-01 01:06:03,345 [grpc-default-executor-8] DEBUG server.GrpcLogAppender (GrpcLogAppender.java:onNext(257)) - omNode-1@group-523986131536->omNode-3-AppendLogResponseHandler: received a reply omNode-1<-omNode-3#392:OK,SUCCESS,nextIndex:368,term:1,followerCommit:366, request=AppendEntriesRequest:cid=392,entriesCount=1,lastEntry=(t:1, i:367)
2020-07-01 01:06:03,347 [grpc-default-executor-8] DEBUG impl.RaftServerImpl (RaftServerImpl.java:logAppendEntries(928)) - omNode-3@group-523986131536: receive appendEntries(omNode-1, 1, (t:1, i:367), 367, false, commits[omNode-1:c367, omNode-3:c366, omNode-2:c43], entries: (t:1, i:368), METADATAENTRY(c:367)
2020-07-01 01:06:03,347 [grpc-default-executor-8] INFO  ratis.OzoneManagerStateMachine (OzoneManagerStateMachine.java:getLatestSnapshot(147)) - Latest Snapshot Info 1#349
2020-07-01 01:06:03,347 [grpc-default-executor-8] INFO  ratis.OzoneManagerStateMachine (OzoneManagerStateMachine.java:getLatestSnapshot(147)) - Latest Snapshot Info 1#349
2020-07-01 01:06:03,348 [IPC Server handler 7 on default port 11860] DEBUG impl.RaftServerImpl (RaftServerImpl.java:submitClientRequestAsync(575)) - omNode-1@group-523986131536: receive client request(RaftClientRequest:client-6E5155DBE9B8->omNode-1@group-523986131536, cid=507, seq=0, RW, Message:081f12001a13636c6965...(size=409))
2020-07-01 01:06:03,348 [IPC Server handler 7 on default port 11860] DEBUG impl.RaftServerImpl (LeaderState.java:addPendingRequest(335)) - omNode-1@group-523986131536-LeaderState: addPendingRequest at RaftClientRequest:client-6E5155DBE9B8->omNode-1@group-523986131536, cid=507, seq=0, RW, Message:081f12001a13636c6965...(size=409), entry=(t:1, i:369), STATEMACHINELOGENTRY, client-6E5155DBE9B8, cid=507
2020-07-01 01:06:03,349 [grpc-default-executor-1] DEBUG impl.RaftServerImpl (RaftServerImpl.java:logAppendEntries(928)) - omNode-3@group-523986131536: receive appendEntries(omNode-1, 1, (t:1, i:368), 367, false, commits[omNode-1:c367, omNode-3:c366, omNode-2:c43], entries: (t:1, i:369), STATEMACHINELOGENTRY, client-6E5155DBE9B8, cid=507
2020-07-01 01:06:03,349 [grpc-default-executor-1] INFO  ratis.OzoneManagerStateMachine (OzoneManagerStateMachine.java:getLatestSnapshot(147)) - Latest Snapshot Info 1#349
2020-07-01 01:06:03,349 [grpc-default-executor-1] INFO  ratis.OzoneManagerStateMachine (OzoneManagerStateMachine.java:getLatestSnapshot(147)) - Latest Snapshot Info 1#349
2020-07-01 01:06:03,350 [grpc-default-executor-1] WARN  server.GrpcLogAppender (LogUtils.java:warn(122)) - omNode-1@group-523986131536->omNode-2-AppendLogResponseHandler: Failed appendEntries: org.apache.ratis.thirdparty.io.grpc.StatusRuntimeException: UNAVAILABLE: io exception
2020-07-01 01:06:03,350 [grpc-default-executor-1] INFO  impl.FollowerInfo (FollowerInfo.java:lambda$new$0(51)) - omNode-1@group-523986131536->omNode-2: nextIndex: updateUnconditionally 369 -> 45
2020-07-01 01:06:03,351 [Thread-5186] DEBUG impl.RaftServerImpl (RaftServerImpl.java:logAppendEntries(928)) - omNode-3@group-523986131536: succeeded to handle AppendEntries. Reply: omNode-1<-omNode-3#393:OK,SUCCESS,nextIndex:369,term:1,followerCommit:367
2020-07-01 01:06:03,351 [grpc-default-executor-1] DEBUG server.GrpcLogAppender (GrpcLogAppender.java:onNext(257)) - omNode-1@group-523986131536->omNode-3-AppendLogResponseHandler: received a reply omNode-1<-omNode-3#393:OK,SUCCESS,nextIndex:369,term:1,followerCommit:367, request=AppendEntriesRequest:cid=393,entriesCount=1,lastEntry=(t:1, i:368)
2020-07-01 01:06:03,353 [grpc-default-executor-8] WARN  server.GrpcLogAppender (LogUtils.java:warn(122)) - omNode-1@group-523986131536->omNode-2-AppendLogResponseHandler: Failed appendEntries: org.apache.ratis.thirdparty.io.grpc.StatusRuntimeException: UNAVAILABLE: io exception
2020-07-01 01:06:03,353 [grpc-default-executor-8] INFO  impl.FollowerInfo (FollowerInfo.java:lambda$new$0(51)) - omNode-1@group-523986131536->omNode-2: nextIndex: updateUnconditionally 370 -> 45
2020-07-01 01:06:03,354 [Thread-5187] DEBUG impl.RaftServerImpl (RaftServerImpl.java:logAppendEntries(928)) - omNode-3@group-523986131536: succeeded to handle AppendEntries. Reply: omNode-1<-omNode-3#394:OK,SUCCESS,nextIndex:370,term:1,followerCommit:367
2020-07-01 01:06:03,354 [grpc-default-executor-8] DEBUG server.GrpcLogAppender (GrpcLogAppender.java:onNext(257)) - omNode-1@group-523986131536->omNode-3-AppendLogResponseHandler: received a reply omNode-1<-omNode-3#394:OK,SUCCESS,nextIndex:370,term:1,followerCommit:367, request=AppendEntriesRequest:cid=394,entriesCount=1,lastEntry=(t:1, i:369)
2020-07-01 01:06:03,357 [grpc-default-executor-6] DEBUG impl.RaftServerImpl (RaftServerImpl.java:logAppendEntries(928)) - omNode-3@group-523986131536: receive appendEntries(omNode-1, 1, (t:1, i:369), 369, false, commits[omNode-1:c369, omNode-3:c367, omNode-2:c43], entries: (t:1, i:370), METADATAENTRY(c:369)
2020-07-01 01:06:03,357 [grpc-default-executor-6] INFO  ratis.OzoneManagerStateMachine (OzoneManagerStateMachine.java:getLatestSnapshot(147)) - Latest Snapshot Info 1#349
2020-07-01 01:06:03,357 [grpc-default-executor-6] INFO  ratis.OzoneManagerStateMachine (OzoneManagerStateMachine.java:getLatestSnapshot(147)) - Latest Snapshot Info 1#349
2020-07-01 01:06:03,360 [grpc-default-executor-1] WARN  server.GrpcLogAppender (LogUtils.java:warn(122)) - omNode-1@group-523986131536->omNode-2-AppendLogResponseHandler: Failed appendEntries: org.apache.ratis.thirdparty.io.grpc.StatusRuntimeException: UNAVAILABLE: io exception
2020-07-01 01:06:03,360 [grpc-default-executor-1] INFO  impl.FollowerInfo (FollowerInfo.java:lambda$new$0(51)) - omNode-1@group-523986131536->omNode-2: nextIndex: updateUnconditionally 371 -> 45
2020-07-01 01:06:03,361 [Thread-5188] DEBUG impl.RaftServerImpl (RaftServerImpl.java:logAppendEntries(928)) - omNode-3@group-523986131536: succeeded to handle AppendEntries. Reply: omNode-1<-omNode-3#395:OK,SUCCESS,nextIndex:371,term:1,followerCommit:369
2020-07-01 01:06:03,361 [grpc-default-executor-1] DEBUG server.GrpcLogAppender (GrpcLogAppender.java:onNext(257)) - omNode-1@group-523986131536->omNode-3-AppendLogResponseHandler: received a reply omNode-1<-omNode-3#395:OK,SUCCESS,nextIndex:371,term:1,followerCommit:369, request=AppendEntriesRequest:cid=395,entriesCount=1,lastEntry=(t:1, i:370)
2020-07-01 01:06:03,364 [grpc-default-executor-8] WARN  server.GrpcLogAppender (LogUtils.java:warn(122)) - omNode-1@group-523986131536->omNode-2-AppendLogResponseHandler: Failed appendEntries: org.apache.ratis.thirdparty.io.grpc.StatusRuntimeException: UNAVAILABLE: io exception
2020-07-01 01:06:03,364 [grpc-default-executor-8] INFO  impl.FollowerInfo (FollowerInfo.java:lambda$new$0(51)) - omNode-1@group-523986131536->omNode-2: nextIndex: updateUnconditionally 371 -> 45
2020-07-01 01:06:03,368 [IPC Server handler 8 on default port 11860] DEBUG impl.RaftServerImpl (RaftServerImpl.java:submitClientRequestAsync(575)) - omNode-1@group-523986131536: receive client request(RaftClientRequest:client-6E5155DBE9B8->omNode-1@group-523986131536, cid=508, seq=0, RW, Message:082412001a13636c6965...(size=360))
2020-07-01 01:06:03,369 [IPC Server handler 8 on default port 11860] DEBUG impl.RaftServerImpl (LeaderState.java:addPendingRequest(335)) - omNode-1@group-523986131536-LeaderState: addPendingRequest at RaftClientRequest:client-6E5155DBE9B8->omNode-1@group-523986131536, cid=508, seq=0, RW, Message:082412001a13636c6965...(size=360), entry=(t:1, i:371), STATEMACHINELOGENTRY, client-6E5155DBE9B8, cid=508
2020-07-01 01:06:03,369 [grpc-default-executor-8] DEBUG impl.RaftServerImpl (RaftServerImpl.java:logAppendEntries(928)) - omNode-3@group-523986131536: receive appendEntries(omNode-1, 1, (t:1, i:370), 370, false, commits[omNode-1:c370, omNode-3:c369, omNode-2:c43], entries: (t:1, i:371), STATEMACHINELOGENTRY, client-6E5155DBE9B8, cid=508
2020-07-01 01:06:03,369 [grpc-default-executor-8] INFO  ratis.OzoneManagerStateMachine (OzoneManagerStateMachine.java:getLatestSnapshot(147)) - Latest Snapshot Info 1#349
2020-07-01 01:06:03,369 [grpc-default-executor-8] INFO  ratis.OzoneManagerStateMachine (OzoneManagerStateMachine.java:getLatestSnapshot(147)) - Latest Snapshot Info 1#349
2020-07-01 01:06:03,371 [grpc-default-executor-1] WARN  server.GrpcLogAppender (LogUtils.java:warn(122)) - omNode-1@group-523986131536->omNode-2-AppendLogResponseHandler: Failed appendEntries: org.apache.ratis.thirdparty.io.grpc.StatusRuntimeException: UNAVAILABLE: io exception
2020-07-01 01:06:03,371 [grpc-default-executor-1] INFO  impl.FollowerInfo (FollowerInfo.java:lambda$new$0(51)) - omNode-1@group-523986131536->omNode-2: nextIndex: updateUnconditionally 372 -> 45
2020-07-01 01:06:03,372 [Thread-5189] DEBUG impl.RaftServerImpl (RaftServerImpl.java:logAppendEntries(928)) - omNode-3@group-523986131536: succeeded to handle AppendEntries. Reply: omNode-1<-omNode-3#396:OK,SUCCESS,nextIndex:372,term:1,followerCommit:370
2020-07-01 01:06:03,372 [grpc-default-executor-1] DEBUG server.GrpcLogAppender (GrpcLogAppender.java:onNext(257)) - omNode-1@group-523986131536->omNode-3-AppendLogResponseHandler: received a reply omNode-1<-omNode-3#396:OK,SUCCESS,nextIndex:372,term:1,followerCommit:370, request=AppendEntriesRequest:cid=396,entriesCount=1,lastEntry=(t:1, i:371)
2020-07-01 01:06:03,375 [grpc-default-executor-1] DEBUG impl.RaftServerImpl (RaftServerImpl.java:logAppendEntries(928)) - omNode-3@group-523986131536: receive appendEntries(omNode-1, 1, (t:1, i:371), 371, false, commits[omNode-1:c371, omNode-3:c370, omNode-2:c43], entries: (t:1, i:372), METADATAENTRY(c:371)
2020-07-01 01:06:03,375 [grpc-default-executor-1] INFO  ratis.OzoneManagerStateMachine (OzoneManagerStateMachine.java:getLatestSnapshot(147)) - Latest Snapshot Info 1#349
2020-07-01 01:06:03,375 [grpc-default-executor-1] INFO  ratis.OzoneManagerStateMachine (OzoneManagerStateMachine.java:getLatestSnapshot(147)) - Latest Snapshot Info 1#349
2020-07-01 01:06:03,376 [IPC Server handler 10 on default port 11860] DEBUG impl.RaftServerImpl (RaftServerImpl.java:submitClientRequestAsync(575)) - omNode-1@group-523986131536: receive client request(RaftClientRequest:client-6E5155DBE9B8->omNode-1@group-523986131536, cid=509, seq=0, RW, Message:081f12001a13636c6965...(size=409))
2020-07-01 01:06:03,377 [IPC Server handler 10 on default port 11860] INFO  segmented.SegmentedRaftLogWorker (SegmentedRaftLogWorker.java:rollLogSegment(402)) - omNode-1@group-523986131536-SegmentedRaftLogWorker: Rolling segment log-299_372 to index:372
2020-07-01 01:06:03,377 [omNode-1@group-523986131536-SegmentedRaftLogWorker] INFO  segmented.SegmentedRaftLogWorker (SegmentedRaftLogWorker.java:execute(553)) - omNode-1@group-523986131536-SegmentedRaftLogWorker: Rolled log segment from /github/workspace/mnt/ozone/hadoop-ozone/integration-test/target/test-dir/MiniOzoneClusterImpl-f77758f3-7054-4a66-83a1-d2ef3e95fe09/omNode-1/ratis/c9bc4cf4-3bc3-3c60-a66b-523986131536/current/log_inprogress_299 to /github/workspace/mnt/ozone/hadoop-ozone/integration-test/target/test-dir/MiniOzoneClusterImpl-f77758f3-7054-4a66-83a1-d2ef3e95fe09/omNode-1/ratis/c9bc4cf4-3bc3-3c60-a66b-523986131536/current/log_299-372
2020-07-01 01:06:03,377 [grpc-default-executor-8] WARN  server.GrpcLogAppender (LogUtils.java:warn(122)) - omNode-1@group-523986131536->omNode-2-AppendLogResponseHandler: Failed appendEntries: org.apache.ratis.thirdparty.io.grpc.StatusRuntimeException: UNAVAILABLE: io exception
2020-07-01 01:06:03,386 [IPC Server handler 10 on default port 11860] DEBUG impl.RaftServerImpl (LeaderState.java:addPendingRequest(335)) - omNode-1@group-523986131536-LeaderState: addPendingRequest at RaftClientRequest:client-6E5155DBE9B8->omNode-1@group-523986131536, cid=509, seq=0, RW, Message:081f12001a13636c6965...(size=409), entry=(t:1, i:373), STATEMACHINELOGENTRY, client-6E5155DBE9B8, cid=509
2020-07-01 01:06:03,389 [omNode-1@group-523986131536-SegmentedRaftLogWorker] INFO  segmented.SegmentedRaftLogWorker (SegmentedRaftLogWorker.java:execute(596)) - omNode-1@group-523986131536-SegmentedRaftLogWorker: created new log segment /github/workspace/mnt/ozone/hadoop-ozone/integration-test/target/test-dir/MiniOzoneClusterImpl-f77758f3-7054-4a66-83a1-d2ef3e95fe09/omNode-1/ratis/c9bc4cf4-3bc3-3c60-a66b-523986131536/current/log_inprogress_373
2020-07-01 01:06:03,386 [Thread-5190] DEBUG impl.RaftServerImpl (RaftServerImpl.java:logAppendEntries(928)) - omNode-3@group-523986131536: succeeded to handle AppendEntries. Reply: omNode-1<-omNode-3#397:OK,SUCCESS,nextIndex:373,term:1,followerCommit:371
2020-07-01 01:06:03,391 [grpc-default-executor-1] DEBUG impl.RaftServerImpl (RaftServerImpl.java:logAppendEntries(928)) - omNode-3@group-523986131536: receive appendEntries(omNode-1, 1, (t:1, i:372), 371, false, commits[omNode-1:c371, omNode-3:c370, omNode-2:c43], entries: (t:1, i:373), STATEMACHINELOGENTRY, client-6E5155DBE9B8, cid=509
2020-07-01 01:06:03,386 [grpc-default-executor-8] INFO  impl.FollowerInfo (FollowerInfo.java:lambda$new$0(51)) - omNode-1@group-523986131536->omNode-2: nextIndex: updateUnconditionally 373 -> 45
2020-07-01 01:06:03,391 [grpc-default-executor-1] INFO  ratis.OzoneManagerStateMachine (OzoneManagerStateMachine.java:getLatestSnapshot(147)) - Latest Snapshot Info 1#349
2020-07-01 01:06:03,392 [grpc-default-executor-1] INFO  ratis.OzoneManagerStateMachine (OzoneManagerStateMachine.java:getLatestSnapshot(147)) - Latest Snapshot Info 1#349
2020-07-01 01:06:03,392 [grpc-default-executor-1] INFO  segmented.SegmentedRaftLogWorker (SegmentedRaftLogWorker.java:rollLogSegment(402)) - omNode-3@group-523986131536-SegmentedRaftLogWorker: Rolling segment log-299_372 to index:372
2020-07-01 01:06:03,392 [grpc-default-executor-8] DEBUG server.GrpcLogAppender (GrpcLogAppender.java:onNext(257)) - omNode-1@group-523986131536->omNode-3-AppendLogResponseHandler: received a reply omNode-1<-omNode-3#397:OK,SUCCESS,nextIndex:373,term:1,followerCommit:371, request=AppendEntriesRequest:cid=397,entriesCount=1,lastEntry=(t:1, i:372)
2020-07-01 01:06:03,393 [omNode-3@group-523986131536-SegmentedRaftLogWorker] INFO  segmented.SegmentedRaftLogWorker (SegmentedRaftLogWorker.java:execute(553)) - omNode-3@group-523986131536-SegmentedRaftLogWorker: Rolled log segment from /github/workspace/mnt/ozone/hadoop-ozone/integration-test/target/test-dir/MiniOzoneClusterImpl-f77758f3-7054-4a66-83a1-d2ef3e95fe09/omNode-3/ratis/c9bc4cf4-3bc3-3c60-a66b-523986131536/current/log_inprogress_299 to /github/workspace/mnt/ozone/hadoop-ozone/integration-test/target/test-dir/MiniOzoneClusterImpl-f77758f3-7054-4a66-83a1-d2ef3e95fe09/omNode-3/ratis/c9bc4cf4-3bc3-3c60-a66b-523986131536/current/log_299-372
2020-07-01 01:06:03,394 [omNode-3@group-523986131536-SegmentedRaftLogWorker] INFO  segmented.SegmentedRaftLogWorker (SegmentedRaftLogWorker.java:execute(596)) - omNode-3@group-523986131536-SegmentedRaftLogWorker: created new log segment /github/workspace/mnt/ozone/hadoop-ozone/integration-test/target/test-dir/MiniOzoneClusterImpl-f77758f3-7054-4a66-83a1-d2ef3e95fe09/omNode-3/ratis/c9bc4cf4-3bc3-3c60-a66b-523986131536/current/log_inprogress_373
2020-07-01 01:06:03,395 [Thread-5191] DEBUG impl.RaftServerImpl (RaftServerImpl.java:logAppendEntries(928)) - omNode-3@group-523986131536: succeeded to handle AppendEntries. Reply: omNode-1<-omNode-3#398:OK,SUCCESS,nextIndex:374,term:1,followerCommit:371
2020-07-01 01:06:03,396 [grpc-default-executor-1] WARN  server.GrpcLogAppender (LogUtils.java:warn(122)) - omNode-1@group-523986131536->omNode-2-AppendLogResponseHandler: Failed appendEntries: org.apache.ratis.thirdparty.io.grpc.StatusRuntimeException: UNAVAILABLE: io exception
2020-07-01 01:06:03,396 [grpc-default-executor-1] INFO  impl.FollowerInfo (FollowerInfo.java:lambda$new$0(51)) - omNode-1@group-523986131536->omNode-2: nextIndex: updateUnconditionally 374 -> 45
2020-07-01 01:06:03,396 [grpc-default-executor-1] DEBUG server.GrpcLogAppender (GrpcLogAppender.java:onNext(257)) - omNode-1@group-523986131536->omNode-3-AppendLogResponseHandler: received a reply omNode-1<-omNode-3#398:OK,SUCCESS,nextIndex:374,term:1,followerCommit:371, request=AppendEntriesRequest:cid=398,entriesCount=1,lastEntry=(t:1, i:373)
2020-07-01 01:06:03,400 [grpc-default-executor-1] DEBUG impl.RaftServerImpl (RaftServerImpl.java:logAppendEntries(928)) - omNode-3@group-523986131536: receive appendEntries(omNode-1, 1, (t:1, i:373), 373, false, commits[omNode-1:c373, omNode-3:c371, omNode-2:c43], entries: (t:1, i:374), METADATAENTRY(c:373)
2020-07-01 01:06:03,400 [grpc-default-executor-1] INFO  ratis.OzoneManagerStateMachine (OzoneManagerStateMachine.java:getLatestSnapshot(147)) - Latest Snapshot Info 1#349
2020-07-01 01:06:03,400 [grpc-default-executor-1] INFO  ratis.OzoneManagerStateMachine (OzoneManagerStateMachine.java:getLatestSnapshot(147)) - Latest Snapshot Info 1#349
2020-07-01 01:06:03,401 [grpc-default-executor-1] WARN  server.GrpcLogAppender (LogUtils.java:warn(122)) - omNode-1@group-523986131536->omNode-2-AppendLogResponseHandler: Failed appendEntries: org.apache.ratis.thirdparty.io.grpc.StatusRuntimeException: UNAVAILABLE: io exception
2020-07-01 01:06:03,401 [grpc-default-executor-1] INFO  impl.FollowerInfo (FollowerInfo.java:lambda$new$0(51)) - omNode-1@group-523986131536->omNode-2: nextIndex: updateUnconditionally 375 -> 45
2020-07-01 01:06:03,406 [Thread-5192] DEBUG impl.RaftServerImpl (RaftServerImpl.java:logAppendEntries(928)) - omNode-3@group-523986131536: succeeded to handle AppendEntries. Reply: omNode-1<-omNode-3#399:OK,SUCCESS,nextIndex:375,term:1,followerCommit:373
2020-07-01 01:06:03,406 [IPC Server handler 9 on default port 11860] DEBUG impl.RaftServerImpl (RaftServerImpl.java:submitClientRequestAsync(575)) - omNode-1@group-523986131536: receive client request(RaftClientRequest:client-6E5155DBE9B8->omNode-1@group-523986131536, cid=510, seq=0, RW, Message:082412001a13636c6965...(size=360))
2020-07-01 01:06:03,406 [IPC Server handler 9 on default port 11860] DEBUG impl.RaftServerImpl (LeaderState.java:addPendingRequest(335)) - omNode-1@group-523986131536-LeaderState: addPendingRequest at RaftClientRequest:client-6E5155DBE9B8->omNode-1@group-523986131536, cid=510, seq=0, RW, Message:082412001a13636c6965...(size=360), entry=(t:1, i:375), STATEMACHINELOGENTRY, client-6E5155DBE9B8, cid=510
2020-07-01 01:06:03,407 [grpc-default-executor-1] DEBUG server.GrpcLogAppender (GrpcLogAppender.java:onNext(257)) - omNode-1@group-523986131536->omNode-3-AppendLogResponseHandler: received a reply omNode-1<-omNode-3#399:OK,SUCCESS,nextIndex:375,term:1,followerCommit:373, request=AppendEntriesRequest:cid=399,entriesCount=1,lastEntry=(t:1, i:374)
2020-07-01 01:06:03,408 [grpc-default-executor-1] DEBUG impl.RaftServerImpl (RaftServerImpl.java:logAppendEntries(928)) - omNode-3@group-523986131536: receive appendEntries(omNode-1, 1, (t:1, i:374), 373, false, commits[omNode-1:c373, omNode-3:c371, omNode-2:c43], entries: (t:1, i:375), STATEMACHINELOGENTRY, client-6E5155DBE9B8, cid=510
2020-07-01 01:06:03,408 [grpc-default-executor-1] INFO  ratis.OzoneManagerStateMachine (OzoneManagerStateMachine.java:getLatestSnapshot(147)) - Latest Snapshot Info 1#349
2020-07-01 01:06:03,409 [grpc-default-executor-1] INFO  ratis.OzoneManagerStateMachine (OzoneManagerStateMachine.java:getLatestSnapshot(147)) - Latest Snapshot Info 1#349
2020-07-01 01:06:03,409 [grpc-default-executor-8] WARN  server.GrpcLogAppender (LogUtils.java:warn(122)) - omNode-1@group-523986131536->omNode-2-AppendLogResponseHandler: Failed appendEntries: org.apache.ratis.thirdparty.io.grpc.StatusRuntimeException: UNAVAILABLE: io exception
2020-07-01 01:06:03,409 [grpc-default-executor-8] INFO  impl.FollowerInfo (FollowerInfo.java:lambda$new$0(51)) - omNode-1@group-523986131536->omNode-2: nextIndex: updateUnconditionally 376 -> 45
2020-07-01 01:06:03,412 [Thread-5193] DEBUG impl.RaftServerImpl (RaftServerImpl.java:logAppendEntries(928)) - omNode-3@group-523986131536: succeeded to handle AppendEntries. Reply: omNode-1<-omNode-3#400:OK,SUCCESS,nextIndex:376,term:1,followerCommit:373
2020-07-01 01:06:03,413 [grpc-default-executor-8] DEBUG server.GrpcLogAppender (GrpcLogAppender.java:onNext(257)) - omNode-1@group-523986131536->omNode-3-AppendLogResponseHandler: received a reply omNode-1<-omNode-3#400:OK,SUCCESS,nextIndex:376,term:1,followerCommit:373, request=AppendEntriesRequest:cid=400,entriesCount=1,lastEntry=(t:1, i:375)
2020-07-01 01:06:03,415 [IPC Server handler 17 on default port 11860] DEBUG impl.RaftServerImpl (RaftServerImpl.java:submitClientRequestAsync(575)) - omNode-1@group-523986131536: receive client request(RaftClientRequest:client-6E5155DBE9B8->omNode-1@group-523986131536, cid=511, seq=0, RW, Message:081f12001a13636c6965...(size=409))
2020-07-01 01:06:03,415 [grpc-default-executor-8] DEBUG impl.RaftServerImpl (RaftServerImpl.java:logAppendEntries(928)) - omNode-3@group-523986131536: receive appendEntries(omNode-1, 1, (t:1, i:375), 375, false, commits[omNode-1:c375, omNode-3:c373, omNode-2:c43], entries: (t:1, i:376), METADATAENTRY(c:375)
2020-07-01 01:06:03,416 [grpc-default-executor-8] INFO  ratis.OzoneManagerStateMachine (OzoneManagerStateMachine.java:getLatestSnapshot(147)) - Latest Snapshot Info 1#349
2020-07-01 01:06:03,416 [grpc-default-executor-8] INFO  ratis.OzoneManagerStateMachine (OzoneManagerStateMachine.java:getLatestSnapshot(147)) - Latest Snapshot Info 1#349
2020-07-01 01:06:03,416 [IPC Server handler 17 on default port 11860] DEBUG impl.RaftServerImpl (LeaderState.java:addPendingRequest(335)) - omNode-1@group-523986131536-LeaderState: addPendingRequest at RaftClientRequest:client-6E5155DBE9B8->omNode-1@group-523986131536, cid=511, seq=0, RW, Message:081f12001a13636c6965...(size=409), entry=(t:1, i:377), STATEMACHINELOGENTRY, client-6E5155DBE9B8, cid=511
2020-07-01 01:06:03,418 [grpc-default-executor-1] DEBUG impl.RaftServerImpl (RaftServerImpl.java:logAppendEntries(928)) - omNode-3@group-523986131536: receive appendEntries(omNode-1, 1, (t:1, i:376), 375, false, commits[omNode-1:c375, omNode-3:c373, omNode-2:c43], entries: (t:1, i:377), STATEMACHINELOGENTRY, client-6E5155DBE9B8, cid=511
2020-07-01 01:06:03,418 [grpc-default-executor-1] INFO  ratis.OzoneManagerStateMachine (OzoneManagerStateMachine.java:getLatestSnapshot(147)) - Latest Snapshot Info 1#349
2020-07-01 01:06:03,418 [grpc-default-executor-1] INFO  ratis.OzoneManagerStateMachine (OzoneManagerStateMachine.java:getLatestSnapshot(147)) - Latest Snapshot Info 1#349
2020-07-01 01:06:03,419 [grpc-default-executor-8] WARN  server.GrpcLogAppender (LogUtils.java:warn(122)) - omNode-1@group-523986131536->omNode-2-AppendLogResponseHandler: Failed appendEntries: org.apache.ratis.thirdparty.io.grpc.StatusRuntimeException: UNAVAILABLE: io exception
2020-07-01 01:06:03,419 [grpc-default-executor-8] INFO  impl.FollowerInfo (FollowerInfo.java:lambda$new$0(51)) - omNode-1@group-523986131536->omNode-2: nextIndex: updateUnconditionally 377 -> 45
2020-07-01 01:06:03,421 [grpc-default-executor-8] WARN  server.GrpcLogAppender (LogUtils.java:warn(122)) - omNode-1@group-523986131536->omNode-2-AppendLogResponseHandler: Failed appendEntries: org.apache.ratis.thirdparty.io.grpc.StatusRuntimeException: UNAVAILABLE: io exception
2020-07-01 01:06:03,421 [grpc-default-executor-8] INFO  impl.FollowerInfo (FollowerInfo.java:lambda$new$0(51)) - omNode-1@group-523986131536->omNode-2: nextIndex: updateUnconditionally 378 -> 45
2020-07-01 01:06:03,423 [grpc-default-executor-8] WARN  server.GrpcLogAppender (LogUtils.java:warn(122)) - omNode-1@group-523986131536->omNode-2-AppendLogResponseHandler: Failed appendEntries: org.apache.ratis.thirdparty.io.grpc.StatusRuntimeException: UNAVAILABLE: io exception
2020-07-01 01:06:03,424 [grpc-default-executor-8] INFO  impl.FollowerInfo (FollowerInfo.java:lambda$new$0(51)) - omNode-1@group-523986131536->omNode-2: nextIndex: updateUnconditionally 378 -> 45
2020-07-01 01:06:03,425 [Thread-5194] DEBUG impl.RaftServerImpl (RaftServerImpl.java:logAppendEntries(928)) - omNode-3@group-523986131536: succeeded to handle AppendEntries. Reply: omNode-1<-omNode-3#401:OK,SUCCESS,nextIndex:377,term:1,followerCommit:375
2020-07-01 01:06:03,426 [grpc-default-executor-8] DEBUG server.GrpcLogAppender (GrpcLogAppender.java:onNext(257)) - omNode-1@group-523986131536->omNode-3-AppendLogResponseHandler: received a reply omNode-1<-omNode-3#401:OK,SUCCESS,nextIndex:377,term:1,followerCommit:375, request=AppendEntriesRequest:cid=401,entriesCount=1,lastEntry=(t:1, i:376)
2020-07-01 01:06:03,427 [grpc-default-executor-8] WARN  server.GrpcLogAppender (LogUtils.java:warn(122)) - omNode-1@group-523986131536->omNode-2-AppendLogResponseHandler: Failed appendEntries: org.apache.ratis.thirdparty.io.grpc.StatusRuntimeException: UNAVAILABLE: io exception
2020-07-01 01:06:03,427 [grpc-default-executor-8] INFO  impl.FollowerInfo (FollowerInfo.java:lambda$new$0(51)) - omNode-1@group-523986131536->omNode-2: nextIndex: updateUnconditionally 378 -> 45
2020-07-01 01:06:03,429 [grpc-default-executor-8] WARN  server.GrpcLogAppender (LogUtils.java:warn(122)) - omNode-1@group-523986131536->omNode-2-AppendLogResponseHandler: Failed appendEntries: org.apache.ratis.thirdparty.io.grpc.StatusRuntimeException: UNAVAILABLE: io exception
2020-07-01 01:06:03,429 [grpc-default-executor-8] INFO  impl.FollowerInfo (FollowerInfo.java:lambda$new$0(51)) - omNode-1@group-523986131536->omNode-2: nextIndex: updateUnconditionally 378 -> 45
2020-07-01 01:06:03,431 [grpc-default-executor-8] WARN  server.GrpcLogAppender (LogUtils.java:warn(122)) - omNode-1@group-523986131536->omNode-2-AppendLogResponseHandler: Failed appendEntries: org.apache.ratis.thirdparty.io.grpc.StatusRuntimeException: UNAVAILABLE: io exception
2020-07-01 01:06:03,431 [grpc-default-executor-8] INFO  impl.FollowerInfo (FollowerInfo.java:lambda$new$0(51)) - omNode-1@group-523986131536->omNode-2: nextIndex: updateUnconditionally 378 -> 45
2020-07-01 01:06:03,433 [Thread-5195] DEBUG impl.RaftServerImpl (RaftServerImpl.java:logAppendEntries(928)) - omNode-3@group-523986131536: succeeded to handle AppendEntries. Reply: omNode-1<-omNode-3#402:OK,SUCCESS,nextIndex:378,term:1,followerCommit:375
2020-07-01 01:06:03,433 [grpc-default-executor-8] DEBUG server.GrpcLogAppender (GrpcLogAppender.java:onNext(257)) - omNode-1@group-523986131536->omNode-3-AppendLogResponseHandler: received a reply omNode-1<-omNode-3#402:OK,SUCCESS,nextIndex:378,term:1,followerCommit:375, request=AppendEntriesRequest:cid=402,entriesCount=1,lastEntry=(t:1, i:377)
2020-07-01 01:06:03,434 [grpc-default-executor-8] DEBUG impl.RaftServerImpl (RaftServerImpl.java:logAppendEntries(928)) - omNode-3@group-523986131536: receive appendEntries(omNode-1, 1, (t:1, i:377), 377, false, commits[omNode-1:c377, omNode-3:c375, omNode-2:c43], entries: (t:1, i:378), METADATAENTRY(c:377)
2020-07-01 01:06:03,434 [grpc-default-executor-8] INFO  ratis.OzoneManagerStateMachine (OzoneManagerStateMachine.java:getLatestSnapshot(147)) - Latest Snapshot Info 1#349
2020-07-01 01:06:03,434 [grpc-default-executor-8] INFO  ratis.OzoneManagerStateMachine (OzoneManagerStateMachine.java:getLatestSnapshot(147)) - Latest Snapshot Info 1#349
2020-07-01 01:06:03,435 [grpc-default-executor-8] WARN  server.GrpcLogAppender (LogUtils.java:warn(122)) - omNode-1@group-523986131536->omNode-2-AppendLogResponseHandler: Failed appendEntries: org.apache.ratis.thirdparty.io.grpc.StatusRuntimeException: UNAVAILABLE: io exception
2020-07-01 01:06:03,436 [grpc-default-executor-8] INFO  impl.FollowerInfo (FollowerInfo.java:lambda$new$0(51)) - omNode-1@group-523986131536->omNode-2: nextIndex: updateUnconditionally 378 -> 45
2020-07-01 01:06:03,441 [Thread-5196] DEBUG impl.RaftServerImpl (RaftServerImpl.java:logAppendEntries(928)) - omNode-3@group-523986131536: succeeded to handle AppendEntries. Reply: omNode-1<-omNode-3#403:OK,SUCCESS,nextIndex:379,term:1,followerCommit:377
2020-07-01 01:06:03,442 [grpc-default-executor-1] DEBUG server.GrpcLogAppender (GrpcLogAppender.java:onNext(257)) - omNode-1@group-523986131536->omNode-3-AppendLogResponseHandler: received a reply omNode-1<-omNode-3#403:OK,SUCCESS,nextIndex:379,term:1,followerCommit:377, request=AppendEntriesRequest:cid=403,entriesCount=1,lastEntry=(t:1, i:378)
2020-07-01 01:06:03,445 [IPC Server handler 11 on default port 11860] DEBUG impl.RaftServerImpl (RaftServerImpl.java:submitClientRequestAsync(575)) - omNode-1@group-523986131536: receive client request(RaftClientRequest:client-6E5155DBE9B8->omNode-1@group-523986131536, cid=512, seq=0, RW, Message:082412001a13636c6965...(size=360))
2020-07-01 01:06:03,446 [IPC Server handler 11 on default port 11860] DEBUG impl.RaftServerImpl (LeaderState.java:addPendingRequest(335)) - omNode-1@group-523986131536-LeaderState: addPendingRequest at RaftClientRequest:client-6E5155DBE9B8->omNode-1@group-523986131536, cid=512, seq=0, RW, Message:082412001a13636c6965...(size=360), entry=(t:1, i:379), STATEMACHINELOGENTRY, client-6E5155DBE9B8, cid=512
2020-07-01 01:06:03,446 [grpc-default-executor-1] WARN  server.GrpcLogAppender (LogUtils.java:warn(122)) - omNode-1@group-523986131536->omNode-2-AppendLogResponseHandler: Failed appendEntries: org.apache.ratis.thirdparty.io.grpc.StatusRuntimeException: UNAVAILABLE: io exception
2020-07-01 01:06:03,446 [grpc-default-executor-1] INFO  impl.FollowerInfo (FollowerInfo.java:lambda$new$0(51)) - omNode-1@group-523986131536->omNode-2: nextIndex: updateUnconditionally 379 -> 45
2020-07-01 01:06:03,447 [grpc-default-executor-1] DEBUG impl.RaftServerImpl (RaftServerImpl.java:logAppendEntries(928)) - omNode-3@group-523986131536: receive appendEntries(omNode-1, 1, (t:1, i:378), 378, false, commits[omNode-1:c378, omNode-3:c377, omNode-2:c43], entries: (t:1, i:379), STATEMACHINELOGENTRY, client-6E5155DBE9B8, cid=512
2020-07-01 01:06:03,447 [grpc-default-executor-1] INFO  ratis.OzoneManagerStateMachine (OzoneManagerStateMachine.java:getLatestSnapshot(147)) - Latest Snapshot Info 1#349
2020-07-01 01:06:03,447 [grpc-default-executor-1] INFO  ratis.OzoneManagerStateMachine (OzoneManagerStateMachine.java:getLatestSnapshot(147)) - Latest Snapshot Info 1#349
2020-07-01 01:06:03,449 [grpc-default-executor-1] WARN  server.GrpcLogAppender (LogUtils.java:warn(122)) - omNode-1@group-523986131536->omNode-2-AppendLogResponseHandler: Failed appendEntries: org.apache.ratis.thirdparty.io.grpc.StatusRuntimeException: UNAVAILABLE: io exception
2020-07-01 01:06:03,449 [grpc-default-executor-1] INFO  impl.FollowerInfo (FollowerInfo.java:lambda$new$0(51)) - omNode-1@group-523986131536->omNode-2: nextIndex: updateUnconditionally 380 -> 45
2020-07-01 01:06:03,451 [grpc-default-executor-1] WARN  server.GrpcLogAppender (LogUtils.java:warn(122)) - omNode-1@group-523986131536->omNode-2-AppendLogResponseHandler: Failed appendEntries: org.apache.ratis.thirdparty.io.grpc.StatusRuntimeException: UNAVAILABLE: io exception
2020-07-01 01:06:03,451 [grpc-default-executor-1] INFO  impl.FollowerInfo (FollowerInfo.java:lambda$new$0(51)) - omNode-1@group-523986131536->omNode-2: nextIndex: updateUnconditionally 380 -> 45
2020-07-01 01:06:03,453 [Thread-5197] DEBUG impl.RaftServerImpl (RaftServerImpl.java:logAppendEntries(928)) - omNode-3@group-523986131536: succeeded to handle AppendEntries. Reply: omNode-1<-omNode-3#404:OK,SUCCESS,nextIndex:380,term:1,followerCommit:378
2020-07-01 01:06:03,453 [grpc-default-executor-1] DEBUG server.GrpcLogAppender (GrpcLogAppender.java:onNext(257)) - omNode-1@group-523986131536->omNode-3-AppendLogResponseHandler: received a reply omNode-1<-omNode-3#404:OK,SUCCESS,nextIndex:380,term:1,followerCommit:378, request=AppendEntriesRequest:cid=404,entriesCount=1,lastEntry=(t:1, i:379)
2020-07-01 01:06:03,454 [grpc-default-executor-1] DEBUG impl.RaftServerImpl (RaftServerImpl.java:logAppendEntries(928)) - omNode-3@group-523986131536: receive appendEntries(omNode-1, 1, (t:1, i:379), 379, false, commits[omNode-1:c379, omNode-3:c378, omNode-2:c43], entries: (t:1, i:380), METADATAENTRY(c:379)
2020-07-01 01:06:03,455 [grpc-default-executor-1] INFO  ratis.OzoneManagerStateMachine (OzoneManagerStateMachine.java:getLatestSnapshot(147)) - Latest Snapshot Info 1#349
2020-07-01 01:06:03,455 [grpc-default-executor-1] INFO  ratis.OzoneManagerStateMachine (OzoneManagerStateMachine.java:getLatestSnapshot(147)) - Latest Snapshot Info 1#349
2020-07-01 01:06:03,455 [grpc-default-executor-1] WARN  server.GrpcLogAppender (LogUtils.java:warn(122)) - omNode-1@group-523986131536->omNode-2-AppendLogResponseHandler: Failed appendEntries: org.apache.ratis.thirdparty.io.grpc.StatusRuntimeException: UNAVAILABLE: io exception
2020-07-01 01:06:03,455 [grpc-default-executor-1] INFO  impl.FollowerInfo (FollowerInfo.java:lambda$new$0(51)) - omNode-1@group-523986131536->omNode-2: nextIndex: updateUnconditionally 380 -> 45
2020-07-01 01:06:03,457 [IPC Server handler 13 on default port 11860] DEBUG impl.RaftServerImpl (RaftServerImpl.java:submitClientRequestAsync(575)) - omNode-1@group-523986131536: receive client request(RaftClientRequest:client-6E5155DBE9B8->omNode-1@group-523986131536, cid=513, seq=0, RW, Message:081f12001a13636c6965...(size=409))
2020-07-01 01:06:03,457 [IPC Server handler 13 on default port 11860] DEBUG impl.RaftServerImpl (LeaderState.java:addPendingRequest(335)) - omNode-1@group-523986131536-LeaderState: addPendingRequest at RaftClientRequest:client-6E5155DBE9B8->omNode-1@group-523986131536, cid=513, seq=0, RW, Message:081f12001a13636c6965...(size=409), entry=(t:1, i:381), STATEMACHINELOGENTRY, client-6E5155DBE9B8, cid=513
2020-07-01 01:06:03,458 [grpc-default-executor-1] DEBUG impl.RaftServerImpl (RaftServerImpl.java:logAppendEntries(928)) - omNode-3@group-523986131536: receive appendEntries(omNode-1, 1, (t:1, i:380), 379, false, commits[omNode-1:c379, omNode-3:c378, omNode-2:c43], entries: (t:1, i:381), STATEMACHINELOGENTRY, client-6E5155DBE9B8, cid=513
2020-07-01 01:06:03,458 [grpc-default-executor-1] INFO  ratis.OzoneManagerStateMachine (OzoneManagerStateMachine.java:getLatestSnapshot(147)) - Latest Snapshot Info 1#349
2020-07-01 01:06:03,458 [grpc-default-executor-1] INFO  ratis.OzoneManagerStateMachine (OzoneManagerStateMachine.java:getLatestSnapshot(147)) - Latest Snapshot Info 1#349
2020-07-01 01:06:03,460 [grpc-default-executor-1] WARN  server.GrpcLogAppender (LogUtils.java:warn(122)) - omNode-1@group-523986131536->omNode-2-AppendLogResponseHandler: Failed appendEntries: org.apache.ratis.thirdparty.io.grpc.StatusRuntimeException: UNAVAILABLE: io exception
2020-07-01 01:06:03,460 [grpc-default-executor-1] INFO  impl.FollowerInfo (FollowerInfo.java:lambda$new$0(51)) - omNode-1@group-523986131536->omNode-2: nextIndex: updateUnconditionally 381 -> 45
2020-07-01 01:06:03,462 [grpc-default-executor-1] WARN  server.GrpcLogAppender (LogUtils.java:warn(122)) - omNode-1@group-523986131536->omNode-2-AppendLogResponseHandler: Failed appendEntries: org.apache.ratis.thirdparty.io.grpc.StatusRuntimeException: UNAVAILABLE: io exception
2020-07-01 01:06:03,462 [grpc-default-executor-1] INFO  impl.FollowerInfo (FollowerInfo.java:lambda$new$0(51)) - omNode-1@group-523986131536->omNode-2: nextIndex: updateUnconditionally 382 -> 45
2020-07-01 01:06:03,464 [grpc-default-executor-1] WARN  server.GrpcLogAppender (LogUtils.java:warn(122)) - omNode-1@group-523986131536->omNode-2-AppendLogResponseHandler: Failed appendEntries: org.apache.ratis.thirdparty.io.grpc.StatusRuntimeException: UNAVAILABLE: io exception
2020-07-01 01:06:03,464 [grpc-default-executor-1] INFO  impl.FollowerInfo (FollowerInfo.java:lambda$new$0(51)) - omNode-1@group-523986131536->omNode-2: nextIndex: updateUnconditionally 382 -> 45
2020-07-01 01:06:03,466 [grpc-default-executor-1] WARN  server.GrpcLogAppender (LogUtils.java:warn(122)) - omNode-1@group-523986131536->omNode-2-AppendLogResponseHandler: Failed appendEntries: org.apache.ratis.thirdparty.io.grpc.StatusRuntimeException: UNAVAILABLE: io exception
2020-07-01 01:06:03,466 [grpc-default-executor-1] INFO  impl.FollowerInfo (FollowerInfo.java:lambda$new$0(51)) - omNode-1@group-523986131536->omNode-2: nextIndex: updateUnconditionally 382 -> 45
2020-07-01 01:06:03,468 [grpc-default-executor-1] WARN  server.GrpcLogAppender (LogUtils.java:warn(122)) - omNode-1@group-523986131536->omNode-2-AppendLogResponseHandler: Failed appendEntries: org.apache.ratis.thirdparty.io.grpc.StatusRuntimeException: UNAVAILABLE: io exception
2020-07-01 01:06:03,468 [grpc-default-executor-1] INFO  impl.FollowerInfo (FollowerInfo.java:lambda$new$0(51)) - omNode-1@group-523986131536->omNode-2: nextIndex: updateUnconditionally 382 -> 45
2020-07-01 01:06:03,469 [Thread-5198] DEBUG impl.RaftServerImpl (RaftServerImpl.java:logAppendEntries(928)) - omNode-3@group-523986131536: succeeded to handle AppendEntries. Reply: omNode-1<-omNode-3#405:OK,SUCCESS,nextIndex:381,term:1,followerCommit:379
2020-07-01 01:06:03,470 [grpc-default-executor-1] DEBUG server.GrpcLogAppender (GrpcLogAppender.java:onNext(257)) - omNode-1@group-523986131536->omNode-3-AppendLogResponseHandler: received a reply omNode-1<-omNode-3#405:OK,SUCCESS,nextIndex:381,term:1,followerCommit:379, request=AppendEntriesRequest:cid=405,entriesCount=1,lastEntry=(t:1, i:380)
2020-07-01 01:06:03,472 [grpc-default-executor-1] WARN  server.GrpcLogAppender (LogUtils.java:warn(122)) - omNode-1@group-523986131536->omNode-2-AppendLogResponseHandler: Failed appendEntries: org.apache.ratis.thirdparty.io.grpc.StatusRuntimeException: UNAVAILABLE: io exception
2020-07-01 01:06:03,472 [grpc-default-executor-1] INFO  impl.FollowerInfo (FollowerInfo.java:lambda$new$0(51)) - omNode-1@group-523986131536->omNode-2: nextIndex: updateUnconditionally 382 -> 45
2020-07-01 01:06:03,475 [Thread-5199] DEBUG impl.RaftServerImpl (RaftServerImpl.java:logAppendEntries(928)) - omNode-3@group-523986131536: succeeded to handle AppendEntries. Reply: omNode-1<-omNode-3#406:OK,SUCCESS,nextIndex:382,term:1,followerCommit:379
2020-07-01 01:06:03,475 [grpc-default-executor-1] DEBUG server.GrpcLogAppender (GrpcLogAppender.java:onNext(257)) - omNode-1@group-523986131536->omNode-3-AppendLogResponseHandler: received a reply omNode-1<-omNode-3#406:OK,SUCCESS,nextIndex:382,term:1,followerCommit:379, request=AppendEntriesRequest:cid=406,entriesCount=1,lastEntry=(t:1, i:381)
2020-07-01 01:06:03,476 [grpc-default-executor-1] DEBUG impl.RaftServerImpl (RaftServerImpl.java:logAppendEntries(928)) - omNode-3@group-523986131536: receive appendEntries(omNode-1, 1, (t:1, i:381), 381, false, commits[omNode-1:c381, omNode-3:c379, omNode-2:c43], entries: (t:1, i:382), METADATAENTRY(c:381)
2020-07-01 01:06:03,476 [grpc-default-executor-1] INFO  ratis.OzoneManagerStateMachine (OzoneManagerStateMachine.java:getLatestSnapshot(147)) - Latest Snapshot Info 1#349
2020-07-01 01:06:03,476 [grpc-default-executor-1] INFO  ratis.OzoneManagerStateMachine (OzoneManagerStateMachine.java:getLatestSnapshot(147)) - Latest Snapshot Info 1#349
2020-07-01 01:06:03,477 [grpc-default-executor-1] WARN  server.GrpcLogAppender (LogUtils.java:warn(122)) - omNode-1@group-523986131536->omNode-2-AppendLogResponseHandler: Failed appendEntries: org.apache.ratis.thirdparty.io.grpc.StatusRuntimeException: UNAVAILABLE: io exception
2020-07-01 01:06:03,477 [grpc-default-executor-1] INFO  impl.FollowerInfo (FollowerInfo.java:lambda$new$0(51)) - omNode-1@group-523986131536->omNode-2: nextIndex: updateUnconditionally 382 -> 45
2020-07-01 01:06:03,482 [grpc-default-executor-8] WARN  server.GrpcLogAppender (LogUtils.java:warn(122)) - omNode-1@group-523986131536->omNode-2-AppendLogResponseHandler: Failed appendEntries: org.apache.ratis.thirdparty.io.grpc.StatusRuntimeException: UNAVAILABLE: io exception
2020-07-01 01:06:03,482 [grpc-default-executor-8] INFO  impl.FollowerInfo (FollowerInfo.java:lambda$new$0(51)) - omNode-1@group-523986131536->omNode-2: nextIndex: updateUnconditionally 383 -> 45
2020-07-01 01:06:03,484 [grpc-default-executor-8] WARN  server.GrpcLogAppender (LogUtils.java:warn(122)) - omNode-1@group-523986131536->omNode-2-AppendLogResponseHandler: Failed appendEntries: org.apache.ratis.thirdparty.io.grpc.StatusRuntimeException: UNAVAILABLE: io exception
2020-07-01 01:06:03,484 [grpc-default-executor-8] INFO  impl.FollowerInfo (FollowerInfo.java:lambda$new$0(51)) - omNode-1@group-523986131536->omNode-2: nextIndex: updateUnconditionally 383 -> 45
2020-07-01 01:06:03,486 [Thread-5200] DEBUG impl.RaftServerImpl (RaftServerImpl.java:logAppendEntries(928)) - omNode-3@group-523986131536: succeeded to handle AppendEntries. Reply: omNode-1<-omNode-3#407:OK,SUCCESS,nextIndex:383,term:1,followerCommit:381
2020-07-01 01:06:03,487 [grpc-default-executor-8] DEBUG server.GrpcLogAppender (GrpcLogAppender.java:onNext(257)) - omNode-1@group-523986131536->omNode-3-AppendLogResponseHandler: received a reply omNode-1<-omNode-3#407:OK,SUCCESS,nextIndex:383,term:1,followerCommit:381, request=AppendEntriesRequest:cid=407,entriesCount=1,lastEntry=(t:1, i:382)
2020-07-01 01:06:03,487 [grpc-default-executor-8] WARN  server.GrpcLogAppender (LogUtils.java:warn(122)) - omNode-1@group-523986131536->omNode-2-AppendLogResponseHandler: Failed appendEntries: org.apache.ratis.thirdparty.io.grpc.StatusRuntimeException: UNAVAILABLE: io exception
2020-07-01 01:06:03,487 [grpc-default-executor-8] INFO  impl.FollowerInfo (FollowerInfo.java:lambda$new$0(51)) - omNode-1@group-523986131536->omNode-2: nextIndex: updateUnconditionally 383 -> 45
2020-07-01 01:06:03,489 [grpc-default-executor-8] WARN  server.GrpcLogAppender (LogUtils.java:warn(122)) - omNode-1@group-523986131536->omNode-2-AppendLogResponseHandler: Failed appendEntries: org.apache.ratis.thirdparty.io.grpc.StatusRuntimeException: UNAVAILABLE: io exception
2020-07-01 01:06:03,489 [grpc-default-executor-8] INFO  impl.FollowerInfo (FollowerInfo.java:lambda$new$0(51)) - omNode-1@group-523986131536->omNode-2: nextIndex: updateUnconditionally 383 -> 45
2020-07-01 01:06:03,491 [grpc-default-executor-8] WARN  server.GrpcLogAppender (LogUtils.java:warn(122)) - omNode-1@group-523986131536->omNode-2-AppendLogResponseHandler: Failed appendEntries: org.apache.ratis.thirdparty.io.grpc.StatusRuntimeException: UNAVAILABLE: io exception
2020-07-01 01:06:03,491 [grpc-default-executor-8] INFO  impl.FollowerInfo (FollowerInfo.java:lambda$new$0(51)) - omNode-1@group-523986131536->omNode-2: nextIndex: updateUnconditionally 383 -> 45
2020-07-01 01:06:03,495 [IPC Server handler 18 on default port 11860] DEBUG impl.RaftServerImpl (RaftServerImpl.java:submitClientRequestAsync(575)) - omNode-1@group-523986131536: receive client request(RaftClientRequest:client-6E5155DBE9B8->omNode-1@group-523986131536, cid=514, seq=0, RW, Message:082412001a13636c6965...(size=360))
2020-07-01 01:06:03,495 [IPC Server handler 18 on default port 11860] DEBUG impl.RaftServerImpl (LeaderState.java:addPendingRequest(335)) - omNode-1@group-523986131536-LeaderState: addPendingRequest at RaftClientRequest:client-6E5155DBE9B8->omNode-1@group-523986131536, cid=514, seq=0, RW, Message:082412001a13636c6965...(size=360), entry=(t:1, i:383), STATEMACHINELOGENTRY, client-6E5155DBE9B8, cid=514
2020-07-01 01:06:03,495 [grpc-default-executor-6] WARN  server.GrpcLogAppender (LogUtils.java:warn(122)) - omNode-1@group-523986131536->omNode-2-AppendLogResponseHandler: Failed appendEntries: org.apache.ratis.thirdparty.io.grpc.StatusRuntimeException: UNAVAILABLE: io exception
2020-07-01 01:06:03,495 [grpc-default-executor-6] INFO  impl.FollowerInfo (FollowerInfo.java:lambda$new$0(51)) - omNode-1@group-523986131536->omNode-2: nextIndex: updateUnconditionally 383 -> 45
2020-07-01 01:06:03,497 [grpc-default-executor-6] DEBUG impl.RaftServerImpl (RaftServerImpl.java:logAppendEntries(928)) - omNode-3@group-523986131536: receive appendEntries(omNode-1, 1, (t:1, i:382), 382, false, commits[omNode-1:c382, omNode-3:c381, omNode-2:c43], entries: (t:1, i:383), STATEMACHINELOGENTRY, client-6E5155DBE9B8, cid=514
2020-07-01 01:06:03,497 [grpc-default-executor-6] INFO  ratis.OzoneManagerStateMachine (OzoneManagerStateMachine.java:getLatestSnapshot(147)) - Latest Snapshot Info 1#349
2020-07-01 01:06:03,497 [grpc-default-executor-6] INFO  ratis.OzoneManagerStateMachine (OzoneManagerStateMachine.java:getLatestSnapshot(147)) - Latest Snapshot Info 1#349
2020-07-01 01:06:03,501 [grpc-default-executor-6] WARN  server.GrpcLogAppender (LogUtils.java:warn(122)) - omNode-1@group-523986131536->omNode-2-AppendLogResponseHandler: Failed appendEntries: org.apache.ratis.thirdparty.io.grpc.StatusRuntimeException: UNAVAILABLE: io exception
2020-07-01 01:06:03,501 [grpc-default-executor-6] INFO  impl.FollowerInfo (FollowerInfo.java:lambda$new$0(51)) - omNode-1@group-523986131536->omNode-2: nextIndex: updateUnconditionally 384 -> 45
2020-07-01 01:06:03,513 [Thread-5201] DEBUG impl.RaftServerImpl (RaftServerImpl.java:logAppendEntries(928)) - omNode-3@group-523986131536: succeeded to handle AppendEntries. Reply: omNode-1<-omNode-3#408:OK,SUCCESS,nextIndex:384,term:1,followerCommit:382
2020-07-01 01:06:03,513 [grpc-default-executor-6] DEBUG server.GrpcLogAppender (GrpcLogAppender.java:onNext(257)) - omNode-1@group-523986131536->omNode-3-AppendLogResponseHandler: received a reply omNode-1<-omNode-3#408:OK,SUCCESS,nextIndex:384,term:1,followerCommit:382, request=AppendEntriesRequest:cid=408,entriesCount=1,lastEntry=(t:1, i:383)
2020-07-01 01:06:03,515 [grpc-default-executor-8] WARN  server.GrpcLogAppender (LogUtils.java:warn(122)) - omNode-1@group-523986131536->omNode-2-AppendLogResponseHandler: Failed appendEntries: org.apache.ratis.thirdparty.io.grpc.StatusRuntimeException: UNAVAILABLE: io exception
2020-07-01 01:06:03,516 [grpc-default-executor-8] INFO  impl.FollowerInfo (FollowerInfo.java:lambda$new$0(51)) - omNode-1@group-523986131536->omNode-2: nextIndex: updateUnconditionally 385 -> 45
2020-07-01 01:06:03,517 [grpc-default-executor-8] DEBUG impl.RaftServerImpl (RaftServerImpl.java:logAppendEntries(928)) - omNode-3@group-523986131536: receive appendEntries(omNode-1, 1, (t:1, i:383), 383, false, commits[omNode-1:c383, omNode-3:c382, omNode-2:c43], entries: (t:1, i:384), METADATAENTRY(c:383)
2020-07-01 01:06:03,517 [grpc-default-executor-8] INFO  ratis.OzoneManagerStateMachine (OzoneManagerStateMachine.java:getLatestSnapshot(147)) - Latest Snapshot Info 1#349
2020-07-01 01:06:03,517 [grpc-default-executor-8] INFO  ratis.OzoneManagerStateMachine (OzoneManagerStateMachine.java:getLatestSnapshot(147)) - Latest Snapshot Info 1#349
2020-07-01 01:06:03,517 [IPC Server handler 15 on default port 11860] DEBUG impl.RaftServerImpl (RaftServerImpl.java:submitClientRequestAsync(575)) - omNode-1@group-523986131536: receive client request(RaftClientRequest:client-6E5155DBE9B8->omNode-1@group-523986131536, cid=515, seq=0, RW, Message:081f12001a13636c6965...(size=409))
2020-07-01 01:06:03,518 [IPC Server handler 15 on default port 11860] DEBUG impl.RaftServerImpl (LeaderState.java:addPendingRequest(335)) - omNode-1@group-523986131536-LeaderState: addPendingRequest at RaftClientRequest:client-6E5155DBE9B8->omNode-1@group-523986131536, cid=515, seq=0, RW, Message:081f12001a13636c6965...(size=409), entry=(t:1, i:385), STATEMACHINELOGENTRY, client-6E5155DBE9B8, cid=515
2020-07-01 01:06:03,518 [grpc-default-executor-8] DEBUG impl.RaftServerImpl (RaftServerImpl.java:logAppendEntries(928)) - omNode-3@group-523986131536: receive appendEntries(omNode-1, 1, (t:1, i:384), 383, false, commits[omNode-1:c383, omNode-3:c382, omNode-2:c43], entries: (t:1, i:385), STATEMACHINELOGENTRY, client-6E5155DBE9B8, cid=515
2020-07-01 01:06:03,518 [grpc-default-executor-8] INFO  ratis.OzoneManagerStateMachine (OzoneManagerStateMachine.java:getLatestSnapshot(147)) - Latest Snapshot Info 1#349
2020-07-01 01:06:03,518 [grpc-default-executor-8] INFO  ratis.OzoneManagerStateMachine (OzoneManagerStateMachine.java:getLatestSnapshot(147)) - Latest Snapshot Info 1#349
2020-07-01 01:06:03,519 [Thread-5202] DEBUG impl.RaftServerImpl (RaftServerImpl.java:logAppendEntries(928)) - omNode-3@group-523986131536: succeeded to handle AppendEntries. Reply: omNode-1<-omNode-3#409:OK,SUCCESS,nextIndex:385,term:1,followerCommit:383
2020-07-01 01:06:03,519 [grpc-default-executor-8] DEBUG server.GrpcLogAppender (GrpcLogAppender.java:onNext(257)) - omNode-1@group-523986131536->omNode-3-AppendLogResponseHandler: received a reply omNode-1<-omNode-3#409:OK,SUCCESS,nextIndex:385,term:1,followerCommit:383, request=AppendEntriesRequest:cid=409,entriesCount=1,lastEntry=(t:1, i:384)
2020-07-01 01:06:03,520 [Thread-5203] DEBUG impl.RaftServerImpl (RaftServerImpl.java:logAppendEntries(928)) - omNode-3@group-523986131536: succeeded to handle AppendEntries. Reply: omNode-1<-omNode-3#410:OK,SUCCESS,nextIndex:386,term:1,followerCommit:383
2020-07-01 01:06:03,520 [grpc-default-executor-6] WARN  server.GrpcLogAppender (LogUtils.java:warn(122)) - omNode-1@group-523986131536->omNode-2-AppendLogResponseHandler: Failed appendEntries: org.apache.ratis.thirdparty.io.grpc.StatusRuntimeException: UNAVAILABLE: io exception
2020-07-01 01:06:03,521 [grpc-default-executor-6] INFO  impl.FollowerInfo (FollowerInfo.java:lambda$new$0(51)) - omNode-1@group-523986131536->omNode-2: nextIndex: updateUnconditionally 386 -> 45
2020-07-01 01:06:03,521 [grpc-default-executor-6] DEBUG server.GrpcLogAppender (GrpcLogAppender.java:onNext(257)) - omNode-1@group-523986131536->omNode-3-AppendLogResponseHandler: received a reply omNode-1<-omNode-3#410:OK,SUCCESS,nextIndex:386,term:1,followerCommit:383, request=AppendEntriesRequest:cid=410,entriesCount=1,lastEntry=(t:1, i:385)
2020-07-01 01:06:03,521 [grpc-default-executor-6] DEBUG impl.RaftServerImpl (RaftServerImpl.java:logAppendEntries(928)) - omNode-3@group-523986131536: receive appendEntries(omNode-1, 1, (t:1, i:385), 385, false, commits[omNode-1:c385, omNode-3:c383, omNode-2:c43], entries: (t:1, i:386), METADATAENTRY(c:385)
2020-07-01 01:06:03,522 [grpc-default-executor-6] INFO  ratis.OzoneManagerStateMachine (OzoneManagerStateMachine.java:getLatestSnapshot(147)) - Latest Snapshot Info 1#349
2020-07-01 01:06:03,522 [grpc-default-executor-6] INFO  ratis.OzoneManagerStateMachine (OzoneManagerStateMachine.java:getLatestSnapshot(147)) - Latest Snapshot Info 1#349
2020-07-01 01:06:03,525 [grpc-default-executor-1] WARN  server.GrpcLogAppender (LogUtils.java:warn(122)) - omNode-1@group-523986131536->omNode-2-AppendLogResponseHandler: Failed appendEntries: org.apache.ratis.thirdparty.io.grpc.StatusRuntimeException: UNAVAILABLE: io exception
2020-07-01 01:06:03,525 [grpc-default-executor-1] INFO  impl.FollowerInfo (FollowerInfo.java:lambda$new$0(51)) - omNode-1@group-523986131536->omNode-2: nextIndex: updateUnconditionally 387 -> 45
2020-07-01 01:06:03,525 [Thread-5204] DEBUG impl.RaftServerImpl (RaftServerImpl.java:logAppendEntries(928)) - omNode-3@group-523986131536: succeeded to handle AppendEntries. Reply: omNode-1<-omNode-3#411:OK,SUCCESS,nextIndex:387,term:1,followerCommit:385
2020-07-01 01:06:03,526 [grpc-default-executor-1] DEBUG server.GrpcLogAppender (GrpcLogAppender.java:onNext(257)) - omNode-1@group-523986131536->omNode-3-AppendLogResponseHandler: received a reply omNode-1<-omNode-3#411:OK,SUCCESS,nextIndex:387,term:1,followerCommit:385, request=AppendEntriesRequest:cid=411,entriesCount=1,lastEntry=(t:1, i:386)
2020-07-01 01:06:03,528 [grpc-default-executor-1] WARN  server.GrpcLogAppender (LogUtils.java:warn(122)) - omNode-1@group-523986131536->omNode-2-AppendLogResponseHandler: Failed appendEntries: org.apache.ratis.thirdparty.io.grpc.StatusRuntimeException: UNAVAILABLE: io exception
2020-07-01 01:06:03,528 [grpc-default-executor-1] INFO  impl.FollowerInfo (FollowerInfo.java:lambda$new$0(51)) - omNode-1@group-523986131536->omNode-2: nextIndex: updateUnconditionally 387 -> 45
2020-07-01 01:06:03,528 [IPC Server handler 14 on default port 11860] DEBUG impl.RaftServerImpl (RaftServerImpl.java:submitClientRequestAsync(575)) - omNode-1@group-523986131536: receive client request(RaftClientRequest:client-6E5155DBE9B8->omNode-1@group-523986131536, cid=516, seq=0, RW, Message:082412001a13636c6965...(size=360))
2020-07-01 01:06:03,529 [IPC Server handler 14 on default port 11860] DEBUG impl.RaftServerImpl (LeaderState.java:addPendingRequest(335)) - omNode-1@group-523986131536-LeaderState: addPendingRequest at RaftClientRequest:client-6E5155DBE9B8->omNode-1@group-523986131536, cid=516, seq=0, RW, Message:082412001a13636c6965...(size=360), entry=(t:1, i:387), STATEMACHINELOGENTRY, client-6E5155DBE9B8, cid=516
2020-07-01 01:06:03,530 [grpc-default-executor-1] DEBUG impl.RaftServerImpl (RaftServerImpl.java:logAppendEntries(928)) - omNode-3@group-523986131536: receive appendEntries(omNode-1, 1, (t:1, i:386), 386, false, commits[omNode-1:c386, omNode-3:c385, omNode-2:c43], entries: (t:1, i:387), STATEMACHINELOGENTRY, client-6E5155DBE9B8, cid=516
2020-07-01 01:06:03,530 [grpc-default-executor-1] INFO  ratis.OzoneManagerStateMachine (OzoneManagerStateMachine.java:getLatestSnapshot(147)) - Latest Snapshot Info 1#349
2020-07-01 01:06:03,530 [grpc-default-executor-1] INFO  ratis.OzoneManagerStateMachine (OzoneManagerStateMachine.java:getLatestSnapshot(147)) - Latest Snapshot Info 1#349
2020-07-01 01:06:03,531 [grpc-default-executor-6] WARN  server.GrpcLogAppender (LogUtils.java:warn(122)) - omNode-1@group-523986131536->omNode-2-AppendLogResponseHandler: Failed appendEntries: org.apache.ratis.thirdparty.io.grpc.StatusRuntimeException: UNAVAILABLE: io exception
2020-07-01 01:06:03,531 [grpc-default-executor-6] INFO  impl.FollowerInfo (FollowerInfo.java:lambda$new$0(51)) - omNode-1@group-523986131536->omNode-2: nextIndex: updateUnconditionally 388 -> 45
2020-07-01 01:06:03,531 [Thread-5205] DEBUG impl.RaftServerImpl (RaftServerImpl.java:logAppendEntries(928)) - omNode-3@group-523986131536: succeeded to handle AppendEntries. Reply: omNode-1<-omNode-3#412:OK,SUCCESS,nextIndex:388,term:1,followerCommit:386
2020-07-01 01:06:03,531 [grpc-default-executor-6] DEBUG server.GrpcLogAppender (GrpcLogAppender.java:onNext(257)) - omNode-1@group-523986131536->omNode-3-AppendLogResponseHandler: received a reply omNode-1<-omNode-3#412:OK,SUCCESS,nextIndex:388,term:1,followerCommit:386, request=AppendEntriesRequest:cid=412,entriesCount=1,lastEntry=(t:1, i:387)
2020-07-01 01:06:03,533 [grpc-default-executor-6] DEBUG impl.RaftServerImpl (RaftServerImpl.java:logAppendEntries(928)) - omNode-3@group-523986131536: receive appendEntries(omNode-1, 1, (t:1, i:387), 387, false, commits[omNode-1:c387, omNode-3:c386, omNode-2:c43], entries: (t:1, i:388), METADATAENTRY(c:387)
2020-07-01 01:06:03,533 [grpc-default-executor-6] INFO  ratis.OzoneManagerStateMachine (OzoneManagerStateMachine.java:getLatestSnapshot(147)) - Latest Snapshot Info 1#349
2020-07-01 01:06:03,533 [grpc-default-executor-6] INFO  ratis.OzoneManagerStateMachine (OzoneManagerStateMachine.java:getLatestSnapshot(147)) - Latest Snapshot Info 1#349
2020-07-01 01:06:03,534 [IPC Server handler 16 on default port 11860] DEBUG impl.RaftServerImpl (RaftServerImpl.java:submitClientRequestAsync(575)) - omNode-1@group-523986131536: receive client request(RaftClientRequest:client-6E5155DBE9B8->omNode-1@group-523986131536, cid=517, seq=0, RW, Message:081f12001a13636c6965...(size=409))
2020-07-01 01:06:03,534 [IPC Server handler 16 on default port 11860] DEBUG impl.RaftServerImpl (LeaderState.java:addPendingRequest(335)) - omNode-1@group-523986131536-LeaderState: addPendingRequest at RaftClientRequest:client-6E5155DBE9B8->omNode-1@group-523986131536, cid=517, seq=0, RW, Message:081f12001a13636c6965...(size=409), entry=(t:1, i:389), STATEMACHINELOGENTRY, client-6E5155DBE9B8, cid=517
2020-07-01 01:06:03,535 [grpc-default-executor-6] DEBUG impl.RaftServerImpl (RaftServerImpl.java:logAppendEntries(928)) - omNode-3@group-523986131536: receive appendEntries(omNode-1, 1, (t:1, i:388), 387, false, commits[omNode-1:c387, omNode-3:c386, omNode-2:c43], entries: (t:1, i:389), STATEMACHINELOGENTRY, client-6E5155DBE9B8, cid=517
2020-07-01 01:06:03,535 [grpc-default-executor-6] INFO  ratis.OzoneManagerStateMachine (OzoneManagerStateMachine.java:getLatestSnapshot(147)) - Latest Snapshot Info 1#349
2020-07-01 01:06:03,535 [grpc-default-executor-6] INFO  ratis.OzoneManagerStateMachine (OzoneManagerStateMachine.java:getLatestSnapshot(147)) - Latest Snapshot Info 1#349
2020-07-01 01:06:03,536 [grpc-default-executor-1] WARN  server.GrpcLogAppender (LogUtils.java:warn(122)) - omNode-1@group-523986131536->omNode-2-AppendLogResponseHandler: Failed appendEntries: org.apache.ratis.thirdparty.io.grpc.StatusRuntimeException: UNAVAILABLE: io exception
2020-07-01 01:06:03,536 [grpc-default-executor-1] INFO  impl.FollowerInfo (FollowerInfo.java:lambda$new$0(51)) - omNode-1@group-523986131536->omNode-2: nextIndex: updateUnconditionally 389 -> 45
2020-07-01 01:06:03,537 [Thread-5206] DEBUG impl.RaftServerImpl (RaftServerImpl.java:logAppendEntries(928)) - omNode-3@group-523986131536: succeeded to handle AppendEntries. Reply: omNode-1<-omNode-3#413:OK,SUCCESS,nextIndex:389,term:1,followerCommit:387
2020-07-01 01:06:03,537 [Thread-5207] DEBUG impl.RaftServerImpl (RaftServerImpl.java:logAppendEntries(928)) - omNode-3@group-523986131536: succeeded to handle AppendEntries. Reply: omNode-1<-omNode-3#414:OK,SUCCESS,nextIndex:390,term:1,followerCommit:387
2020-07-01 01:06:03,537 [grpc-default-executor-1] DEBUG server.GrpcLogAppender (GrpcLogAppender.java:onNext(257)) - omNode-1@group-523986131536->omNode-3-AppendLogResponseHandler: received a reply omNode-1<-omNode-3#413:OK,SUCCESS,nextIndex:389,term:1,followerCommit:387, request=AppendEntriesRequest:cid=413,entriesCount=1,lastEntry=(t:1, i:388)
2020-07-01 01:06:03,539 [grpc-default-executor-6] WARN  server.GrpcLogAppender (LogUtils.java:warn(122)) - omNode-1@group-523986131536->omNode-2-AppendLogResponseHandler: Failed appendEntries: org.apache.ratis.thirdparty.io.grpc.StatusRuntimeException: UNAVAILABLE: io exception
2020-07-01 01:06:03,539 [grpc-default-executor-6] INFO  impl.FollowerInfo (FollowerInfo.java:lambda$new$0(51)) - omNode-1@group-523986131536->omNode-2: nextIndex: updateUnconditionally 390 -> 45
2020-07-01 01:06:03,539 [grpc-default-executor-1] DEBUG server.GrpcLogAppender (GrpcLogAppender.java:onNext(257)) - omNode-1@group-523986131536->omNode-3-AppendLogResponseHandler: received a reply omNode-1<-omNode-3#414:OK,SUCCESS,nextIndex:390,term:1,followerCommit:387, request=AppendEntriesRequest:cid=414,entriesCount=1,lastEntry=(t:1, i:389)
2020-07-01 01:06:03,540 [grpc-default-executor-1] DEBUG impl.RaftServerImpl (RaftServerImpl.java:logAppendEntries(928)) - omNode-3@group-523986131536: receive appendEntries(omNode-1, 1, (t:1, i:389), 389, false, commits[omNode-1:c389, omNode-3:c387, omNode-2:c43], entries: (t:1, i:390), METADATAENTRY(c:389)
2020-07-01 01:06:03,540 [grpc-default-executor-1] INFO  ratis.OzoneManagerStateMachine (OzoneManagerStateMachine.java:getLatestSnapshot(147)) - Latest Snapshot Info 1#349
2020-07-01 01:06:03,540 [grpc-default-executor-1] INFO  ratis.OzoneManagerStateMachine (OzoneManagerStateMachine.java:getLatestSnapshot(147)) - Latest Snapshot Info 1#349
2020-07-01 01:06:03,544 [grpc-default-executor-6] WARN  server.GrpcLogAppender (LogUtils.java:warn(122)) - omNode-1@group-523986131536->omNode-2-AppendLogResponseHandler: Failed appendEntries: org.apache.ratis.thirdparty.io.grpc.StatusRuntimeException: UNAVAILABLE: io exception
2020-07-01 01:06:03,544 [grpc-default-executor-6] INFO  impl.FollowerInfo (FollowerInfo.java:lambda$new$0(51)) - omNode-1@group-523986131536->omNode-2: nextIndex: updateUnconditionally 391 -> 45
2020-07-01 01:06:03,545 [Thread-5208] DEBUG impl.RaftServerImpl (RaftServerImpl.java:logAppendEntries(928)) - omNode-3@group-523986131536: succeeded to handle AppendEntries. Reply: omNode-1<-omNode-3#415:OK,SUCCESS,nextIndex:391,term:1,followerCommit:389
2020-07-01 01:06:03,546 [grpc-default-executor-1] DEBUG server.GrpcLogAppender (GrpcLogAppender.java:onNext(257)) - omNode-1@group-523986131536->omNode-3-AppendLogResponseHandler: received a reply omNode-1<-omNode-3#415:OK,SUCCESS,nextIndex:391,term:1,followerCommit:389, request=AppendEntriesRequest:cid=415,entriesCount=1,lastEntry=(t:1, i:390)
2020-07-01 01:06:03,548 [grpc-default-executor-1] WARN  server.GrpcLogAppender (LogUtils.java:warn(122)) - omNode-1@group-523986131536->omNode-2-AppendLogResponseHandler: Failed appendEntries: org.apache.ratis.thirdparty.io.grpc.StatusRuntimeException: UNAVAILABLE: io exception
2020-07-01 01:06:03,548 [grpc-default-executor-1] INFO  impl.FollowerInfo (FollowerInfo.java:lambda$new$0(51)) - omNode-1@group-523986131536->omNode-2: nextIndex: updateUnconditionally 391 -> 45
2020-07-01 01:06:03,550 [grpc-default-executor-1] WARN  server.GrpcLogAppender (LogUtils.java:warn(122)) - omNode-1@group-523986131536->omNode-2-AppendLogResponseHandler: Failed appendEntries: org.apache.ratis.thirdparty.io.grpc.StatusRuntimeException: UNAVAILABLE: io exception
2020-07-01 01:06:03,550 [grpc-default-executor-1] INFO  impl.FollowerInfo (FollowerInfo.java:lambda$new$0(51)) - omNode-1@group-523986131536->omNode-2: nextIndex: updateUnconditionally 391 -> 45
2020-07-01 01:06:03,552 [grpc-default-executor-1] WARN  server.GrpcLogAppender (LogUtils.java:warn(122)) - omNode-1@group-523986131536->omNode-2-AppendLogResponseHandler: Failed appendEntries: org.apache.ratis.thirdparty.io.grpc.StatusRuntimeException: UNAVAILABLE: io exception
2020-07-01 01:06:03,552 [grpc-default-executor-1] INFO  impl.FollowerInfo (FollowerInfo.java:lambda$new$0(51)) - omNode-1@group-523986131536->omNode-2: nextIndex: updateUnconditionally 391 -> 45
2020-07-01 01:06:03,554 [grpc-default-executor-1] WARN  server.GrpcLogAppender (LogUtils.java:warn(122)) - omNode-1@group-523986131536->omNode-2-AppendLogResponseHandler: Failed appendEntries: org.apache.ratis.thirdparty.io.grpc.StatusRuntimeException: UNAVAILABLE: io exception
2020-07-01 01:06:03,554 [grpc-default-executor-1] INFO  impl.FollowerInfo (FollowerInfo.java:lambda$new$0(51)) - omNode-1@group-523986131536->omNode-2: nextIndex: updateUnconditionally 391 -> 45
2020-07-01 01:06:03,556 [grpc-default-executor-1] WARN  server.GrpcLogAppender (LogUtils.java:warn(122)) - omNode-1@group-523986131536->omNode-2-AppendLogResponseHandler: Failed appendEntries: org.apache.ratis.thirdparty.io.grpc.StatusRuntimeException: UNAVAILABLE: io exception
2020-07-01 01:06:03,556 [grpc-default-executor-1] INFO  impl.FollowerInfo (FollowerInfo.java:lambda$new$0(51)) - omNode-1@group-523986131536->omNode-2: nextIndex: updateUnconditionally 391 -> 45
2020-07-01 01:06:03,559 [IPC Server handler 19 on default port 11860] DEBUG impl.RaftServerImpl (RaftServerImpl.java:submitClientRequestAsync(575)) - omNode-1@group-523986131536: receive client request(RaftClientRequest:client-6E5155DBE9B8->omNode-1@group-523986131536, cid=518, seq=0, RW, Message:082412001a13636c6965...(size=360))
2020-07-01 01:06:03,560 [IPC Server handler 19 on default port 11860] DEBUG impl.RaftServerImpl (LeaderState.java:addPendingRequest(335)) - omNode-1@group-523986131536-LeaderState: addPendingRequest at RaftClientRequest:client-6E5155DBE9B8->omNode-1@group-523986131536, cid=518, seq=0, RW, Message:082412001a13636c6965...(size=360), entry=(t:1, i:391), STATEMACHINELOGENTRY, client-6E5155DBE9B8, cid=518
2020-07-01 01:06:03,560 [grpc-default-executor-1] WARN  server.GrpcLogAppender (LogUtils.java:warn(122)) - omNode-1@group-523986131536->omNode-2-AppendLogResponseHandler: Failed appendEntries: org.apache.ratis.thirdparty.io.grpc.StatusRuntimeException: UNAVAILABLE: io exception
2020-07-01 01:06:03,560 [grpc-default-executor-1] INFO  impl.FollowerInfo (FollowerInfo.java:lambda$new$0(51)) - omNode-1@group-523986131536->omNode-2: nextIndex: updateUnconditionally 391 -> 45
2020-07-01 01:06:03,560 [grpc-default-executor-1] DEBUG impl.RaftServerImpl (RaftServerImpl.java:logAppendEntries(928)) - omNode-3@group-523986131536: receive appendEntries(omNode-1, 1, (t:1, i:390), 390, false, commits[omNode-1:c390, omNode-3:c389, omNode-2:c43], entries: (t:1, i:391), STATEMACHINELOGENTRY, client-6E5155DBE9B8, cid=518
2020-07-01 01:06:03,560 [grpc-default-executor-1] INFO  ratis.OzoneManagerStateMachine (OzoneManagerStateMachine.java:getLatestSnapshot(147)) - Latest Snapshot Info 1#349
2020-07-01 01:06:03,560 [grpc-default-executor-1] INFO  ratis.OzoneManagerStateMachine (OzoneManagerStateMachine.java:getLatestSnapshot(147)) - Latest Snapshot Info 1#349
2020-07-01 01:06:03,562 [grpc-default-executor-1] WARN  server.GrpcLogAppender (LogUtils.java:warn(122)) - omNode-1@group-523986131536->omNode-2-AppendLogResponseHandler: Failed appendEntries: org.apache.ratis.thirdparty.io.grpc.StatusRuntimeException: UNAVAILABLE: io exception
2020-07-01 01:06:03,563 [grpc-default-executor-1] INFO  impl.FollowerInfo (FollowerInfo.java:lambda$new$0(51)) - omNode-1@group-523986131536->omNode-2: nextIndex: updateUnconditionally 392 -> 45
2020-07-01 01:06:03,565 [grpc-default-executor-1] WARN  server.GrpcLogAppender (LogUtils.java:warn(122)) - omNode-1@group-523986131536->omNode-2-AppendLogResponseHandler: Failed appendEntries: org.apache.ratis.thirdparty.io.grpc.StatusRuntimeException: UNAVAILABLE: io exception
2020-07-01 01:06:03,565 [grpc-default-executor-1] INFO  impl.FollowerInfo (FollowerInfo.java:lambda$new$0(51)) - omNode-1@group-523986131536->omNode-2: nextIndex: updateUnconditionally 392 -> 45
2020-07-01 01:06:03,567 [grpc-default-executor-1] WARN  server.GrpcLogAppender (LogUtils.java:warn(122)) - omNode-1@group-523986131536->omNode-2-AppendLogResponseHandler: Failed appendEntries: org.apache.ratis.thirdparty.io.grpc.StatusRuntimeException: UNAVAILABLE: io exception
2020-07-01 01:06:03,567 [grpc-default-executor-1] INFO  impl.FollowerInfo (FollowerInfo.java:lambda$new$0(51)) - omNode-1@group-523986131536->omNode-2: nextIndex: updateUnconditionally 392 -> 45
2020-07-01 01:06:03,569 [grpc-default-executor-1] WARN  server.GrpcLogAppender (LogUtils.java:warn(122)) - omNode-1@group-523986131536->omNode-2-AppendLogResponseHandler: Failed appendEntries: org.apache.ratis.thirdparty.io.grpc.StatusRuntimeException: UNAVAILABLE: io exception
2020-07-01 01:06:03,569 [grpc-default-executor-1] INFO  impl.FollowerInfo (FollowerInfo.java:lambda$new$0(51)) - omNode-1@group-523986131536->omNode-2: nextIndex: updateUnconditionally 392 -> 45
2020-07-01 01:06:03,570 [Thread-5209] DEBUG impl.RaftServerImpl (RaftServerImpl.java:logAppendEntries(928)) - omNode-3@group-523986131536: succeeded to handle AppendEntries. Reply: omNode-1<-omNode-3#416:OK,SUCCESS,nextIndex:392,term:1,followerCommit:390
2020-07-01 01:06:03,570 [grpc-default-executor-1] DEBUG server.GrpcLogAppender (GrpcLogAppender.java:onNext(257)) - omNode-1@group-523986131536->omNode-3-AppendLogResponseHandler: received a reply omNode-1<-omNode-3#416:OK,SUCCESS,nextIndex:392,term:1,followerCommit:390, request=AppendEntriesRequest:cid=416,entriesCount=1,lastEntry=(t:1, i:391)
2020-07-01 01:06:03,571 [grpc-default-executor-1] DEBUG impl.RaftServerImpl (RaftServerImpl.java:logAppendEntries(928)) - omNode-3@group-523986131536: receive appendEntries(omNode-1, 1, (t:1, i:391), 391, false, commits[omNode-1:c391, omNode-3:c390, omNode-2:c43], entries: (t:1, i:392), METADATAENTRY(c:391)
2020-07-01 01:06:03,571 [grpc-default-executor-1] INFO  ratis.OzoneManagerStateMachine (OzoneManagerStateMachine.java:getLatestSnapshot(147)) - Latest Snapshot Info 1#349
2020-07-01 01:06:03,571 [grpc-default-executor-1] INFO  ratis.OzoneManagerStateMachine (OzoneManagerStateMachine.java:getLatestSnapshot(147)) - Latest Snapshot Info 1#349
2020-07-01 01:06:03,572 [grpc-default-executor-1] WARN  server.GrpcLogAppender (LogUtils.java:warn(122)) - omNode-1@group-523986131536->omNode-2-AppendLogResponseHandler: Failed appendEntries: org.apache.ratis.thirdparty.io.grpc.StatusRuntimeException: UNAVAILABLE: io exception
2020-07-01 01:06:03,573 [grpc-default-executor-1] INFO  impl.FollowerInfo (FollowerInfo.java:lambda$new$0(51)) - omNode-1@group-523986131536->omNode-2: nextIndex: updateUnconditionally 392 -> 45
2020-07-01 01:06:03,574 [IPC Server handler 12 on default port 11860] DEBUG impl.RaftServerImpl (RaftServerImpl.java:submitClientRequestAsync(575)) - omNode-1@group-523986131536: receive client request(RaftClientRequest:client-6E5155DBE9B8->omNode-1@group-523986131536, cid=519, seq=0, RW, Message:081f12001a13636c6965...(size=409))
2020-07-01 01:06:03,575 [IPC Server handler 12 on default port 11860] DEBUG impl.RaftServerImpl (LeaderState.java:addPendingRequest(335)) - omNode-1@group-523986131536-LeaderState: addPendingRequest at RaftClientRequest:client-6E5155DBE9B8->omNode-1@group-523986131536, cid=519, seq=0, RW, Message:081f12001a13636c6965...(size=409), entry=(t:1, i:393), STATEMACHINELOGENTRY, client-6E5155DBE9B8, cid=519
2020-07-01 01:06:03,575 [grpc-default-executor-1] DEBUG impl.RaftServerImpl (RaftServerImpl.java:logAppendEntries(928)) - omNode-3@group-523986131536: receive appendEntries(omNode-1, 1, (t:1, i:392), 391, false, commits[omNode-1:c391, omNode-3:c390, omNode-2:c43], entries: (t:1, i:393), STATEMACHINELOGENTRY, client-6E5155DBE9B8, cid=519
2020-07-01 01:06:03,575 [grpc-default-executor-1] INFO  ratis.OzoneManagerStateMachine (OzoneManagerStateMachine.java:getLatestSnapshot(147)) - Latest Snapshot Info 1#349
2020-07-01 01:06:03,575 [grpc-default-executor-1] INFO  ratis.OzoneManagerStateMachine (OzoneManagerStateMachine.java:getLatestSnapshot(147)) - Latest Snapshot Info 1#349
2020-07-01 01:06:03,576 [grpc-default-executor-1] WARN  server.GrpcLogAppender (LogUtils.java:warn(122)) - omNode-1@group-523986131536->omNode-2-AppendLogResponseHandler: Failed appendEntries: org.apache.ratis.thirdparty.io.grpc.StatusRuntimeException: UNAVAILABLE: io exception
2020-07-01 01:06:03,576 [grpc-default-executor-1] INFO  impl.FollowerInfo (FollowerInfo.java:lambda$new$0(51)) - omNode-1@group-523986131536->omNode-2: nextIndex: updateUnconditionally 393 -> 45
2020-07-01 01:06:03,579 [grpc-default-executor-1] WARN  server.GrpcLogAppender (LogUtils.java:warn(122)) - omNode-1@group-523986131536->omNode-2-AppendLogResponseHandler: Failed appendEntries: org.apache.ratis.thirdparty.io.grpc.StatusRuntimeException: UNAVAILABLE: io exception
2020-07-01 01:06:03,579 [grpc-default-executor-1] INFO  impl.FollowerInfo (FollowerInfo.java:lambda$new$0(51)) - omNode-1@group-523986131536->omNode-2: nextIndex: updateUnconditionally 394 -> 45
2020-07-01 01:06:03,581 [Thread-5210] DEBUG impl.RaftServerImpl (RaftServerImpl.java:logAppendEntries(928)) - omNode-3@group-523986131536: succeeded to handle AppendEntries. Reply: omNode-1<-omNode-3#417:OK,SUCCESS,nextIndex:393,term:1,followerCommit:391
2020-07-01 01:06:03,581 [grpc-default-executor-1] DEBUG server.GrpcLogAppender (GrpcLogAppender.java:onNext(257)) - omNode-1@group-523986131536->omNode-3-AppendLogResponseHandler: received a reply omNode-1<-omNode-3#417:OK,SUCCESS,nextIndex:393,term:1,followerCommit:391, request=AppendEntriesRequest:cid=417,entriesCount=1,lastEntry=(t:1, i:392)
2020-07-01 01:06:03,582 [grpc-default-executor-1] WARN  server.GrpcLogAppender (LogUtils.java:warn(122)) - omNode-1@group-523986131536->omNode-2-AppendLogResponseHandler: Failed appendEntries: org.apache.ratis.thirdparty.io.grpc.StatusRuntimeException: UNAVAILABLE: io exception
2020-07-01 01:06:03,582 [grpc-default-executor-1] INFO  impl.FollowerInfo (FollowerInfo.java:lambda$new$0(51)) - omNode-1@group-523986131536->omNode-2: nextIndex: updateUnconditionally 394 -> 45
2020-07-01 01:06:03,583 [Thread-5211] DEBUG impl.RaftServerImpl (RaftServerImpl.java:logAppendEntries(928)) - omNode-3@group-523986131536: succeeded to handle AppendEntries. Reply: omNode-1<-omNode-3#418:OK,SUCCESS,nextIndex:394,term:1,followerCommit:391
2020-07-01 01:06:03,583 [grpc-default-executor-1] DEBUG server.GrpcLogAppender (GrpcLogAppender.java:onNext(257)) - omNode-1@group-523986131536->omNode-3-AppendLogResponseHandler: received a reply omNode-1<-omNode-3#418:OK,SUCCESS,nextIndex:394,term:1,followerCommit:391, request=AppendEntriesRequest:cid=418,entriesCount=1,lastEntry=(t:1, i:393)
2020-07-01 01:06:03,583 [grpc-default-executor-1] DEBUG impl.RaftServerImpl (RaftServerImpl.java:logAppendEntries(928)) - omNode-3@group-523986131536: receive appendEntries(omNode-1, 1, (t:1, i:393), 393, false, commits[omNode-1:c393, omNode-3:c391, omNode-2:c43], entries: (t:1, i:394), METADATAENTRY(c:393)
2020-07-01 01:06:03,583 [grpc-default-executor-1] INFO  ratis.OzoneManagerStateMachine (OzoneManagerStateMachine.java:getLatestSnapshot(147)) - Latest Snapshot Info 1#349
2020-07-01 01:06:03,583 [grpc-default-executor-1] INFO  ratis.OzoneManagerStateMachine (OzoneManagerStateMachine.java:getLatestSnapshot(147)) - Latest Snapshot Info 1#349
2020-07-01 01:06:03,586 [grpc-default-executor-1] WARN  server.GrpcLogAppender (LogUtils.java:warn(122)) - omNode-1@group-523986131536->omNode-2-AppendLogResponseHandler: Failed appendEntries: org.apache.ratis.thirdparty.io.grpc.StatusRuntimeException: UNAVAILABLE: io exception
2020-07-01 01:06:03,586 [grpc-default-executor-1] INFO  impl.FollowerInfo (FollowerInfo.java:lambda$new$0(51)) - omNode-1@group-523986131536->omNode-2: nextIndex: updateUnconditionally 394 -> 45
2020-07-01 01:06:03,590 [grpc-default-executor-8] WARN  server.GrpcLogAppender (LogUtils.java:warn(122)) - omNode-1@group-523986131536->omNode-2-AppendLogResponseHandler: Failed appendEntries: org.apache.ratis.thirdparty.io.grpc.StatusRuntimeException: UNAVAILABLE: io exception
2020-07-01 01:06:03,590 [grpc-default-executor-8] INFO  impl.FollowerInfo (FollowerInfo.java:lambda$new$0(51)) - omNode-1@group-523986131536->omNode-2: nextIndex: updateUnconditionally 395 -> 45
2020-07-01 01:06:03,593 [Thread-5212] DEBUG impl.RaftServerImpl (RaftServerImpl.java:logAppendEntries(928)) - omNode-3@group-523986131536: succeeded to handle AppendEntries. Reply: omNode-1<-omNode-3#419:OK,SUCCESS,nextIndex:395,term:1,followerCommit:393
2020-07-01 01:06:03,593 [grpc-default-executor-8] WARN  server.GrpcLogAppender (LogUtils.java:warn(122)) - omNode-1@group-523986131536->omNode-2-AppendLogResponseHandler: Failed appendEntries: org.apache.ratis.thirdparty.io.grpc.StatusRuntimeException: UNAVAILABLE: io exception
2020-07-01 01:06:03,593 [grpc-default-executor-8] INFO  impl.FollowerInfo (FollowerInfo.java:lambda$new$0(51)) - omNode-1@group-523986131536->omNode-2: nextIndex: updateUnconditionally 395 -> 45
2020-07-01 01:06:03,594 [grpc-default-executor-8] DEBUG server.GrpcLogAppender (GrpcLogAppender.java:onNext(257)) - omNode-1@group-523986131536->omNode-3-AppendLogResponseHandler: received a reply omNode-1<-omNode-3#419:OK,SUCCESS,nextIndex:395,term:1,followerCommit:393, request=AppendEntriesRequest:cid=419,entriesCount=1,lastEntry=(t:1, i:394)
2020-07-01 01:06:03,597 [grpc-default-executor-1] WARN  server.GrpcLogAppender (LogUtils.java:warn(122)) - omNode-1@group-523986131536->omNode-2-AppendLogResponseHandler: Failed appendEntries: org.apache.ratis.thirdparty.io.grpc.StatusRuntimeException: UNAVAILABLE: io exception
2020-07-01 01:06:03,597 [IPC Server handler 1 on default port 11860] DEBUG impl.RaftServerImpl (RaftServerImpl.java:submitClientRequestAsync(575)) - omNode-1@group-523986131536: receive client request(RaftClientRequest:client-6E5155DBE9B8->omNode-1@group-523986131536, cid=520, seq=0, RW, Message:082412001a13636c6965...(size=360))
2020-07-01 01:06:03,597 [grpc-default-executor-1] INFO  impl.FollowerInfo (FollowerInfo.java:lambda$new$0(51)) - omNode-1@group-523986131536->omNode-2: nextIndex: updateUnconditionally 395 -> 45
2020-07-01 01:06:03,601 [IPC Server handler 1 on default port 11860] DEBUG impl.RaftServerImpl (LeaderState.java:addPendingRequest(335)) - omNode-1@group-523986131536-LeaderState: addPendingRequest at RaftClientRequest:client-6E5155DBE9B8->omNode-1@group-523986131536, cid=520, seq=0, RW, Message:082412001a13636c6965...(size=360), entry=(t:1, i:395), STATEMACHINELOGENTRY, client-6E5155DBE9B8, cid=520
2020-07-01 01:06:03,601 [grpc-default-executor-1] DEBUG impl.RaftServerImpl (RaftServerImpl.java:logAppendEntries(928)) - omNode-3@group-523986131536: receive appendEntries(omNode-1, 1, (t:1, i:394), 394, false, commits[omNode-1:c394, omNode-3:c393, omNode-2:c43], entries: (t:1, i:395), STATEMACHINELOGENTRY, client-6E5155DBE9B8, cid=520
2020-07-01 01:06:03,601 [grpc-default-executor-1] INFO  ratis.OzoneManagerStateMachine (OzoneManagerStateMachine.java:getLatestSnapshot(147)) - Latest Snapshot Info 1#349
2020-07-01 01:06:03,602 [grpc-default-executor-1] INFO  ratis.OzoneManagerStateMachine (OzoneManagerStateMachine.java:getLatestSnapshot(147)) - Latest Snapshot Info 1#349
2020-07-01 01:06:03,604 [Thread-5213] DEBUG impl.RaftServerImpl (RaftServerImpl.java:logAppendEntries(928)) - omNode-3@group-523986131536: succeeded to handle AppendEntries. Reply: omNode-1<-omNode-3#420:OK,SUCCESS,nextIndex:396,term:1,followerCommit:394
2020-07-01 01:06:03,605 [grpc-default-executor-1] DEBUG server.GrpcLogAppender (GrpcLogAppender.java:onNext(257)) - omNode-1@group-523986131536->omNode-3-AppendLogResponseHandler: received a reply omNode-1<-omNode-3#420:OK,SUCCESS,nextIndex:396,term:1,followerCommit:394, request=AppendEntriesRequest:cid=420,entriesCount=1,lastEntry=(t:1, i:395)
2020-07-01 01:06:03,606 [grpc-default-executor-8] DEBUG impl.RaftServerImpl (RaftServerImpl.java:logAppendEntries(928)) - omNode-3@group-523986131536: receive appendEntries(omNode-1, 1, (t:1, i:395), 395, false, commits[omNode-1:c395, omNode-3:c394, omNode-2:c43], entries: (t:1, i:396), METADATAENTRY(c:395)
2020-07-01 01:06:03,606 [grpc-default-executor-8] INFO  ratis.OzoneManagerStateMachine (OzoneManagerStateMachine.java:getLatestSnapshot(147)) - Latest Snapshot Info 1#349
2020-07-01 01:06:03,606 [grpc-default-executor-8] INFO  ratis.OzoneManagerStateMachine (OzoneManagerStateMachine.java:getLatestSnapshot(147)) - Latest Snapshot Info 1#349
2020-07-01 01:06:03,607 [grpc-default-executor-8] WARN  server.GrpcLogAppender (LogUtils.java:warn(122)) - omNode-1@group-523986131536->omNode-2-AppendLogResponseHandler: Failed appendEntries: org.apache.ratis.thirdparty.io.grpc.StatusRuntimeException: UNAVAILABLE: io exception
2020-07-01 01:06:03,607 [grpc-default-executor-8] INFO  impl.FollowerInfo (FollowerInfo.java:lambda$new$0(51)) - omNode-1@group-523986131536->omNode-2: nextIndex: updateUnconditionally 396 -> 45
2020-07-01 01:06:03,607 [Thread-5214] DEBUG impl.RaftServerImpl (RaftServerImpl.java:logAppendEntries(928)) - omNode-3@group-523986131536: succeeded to handle AppendEntries. Reply: omNode-1<-omNode-3#421:OK,SUCCESS,nextIndex:397,term:1,followerCommit:395
2020-07-01 01:06:03,608 [grpc-default-executor-8] DEBUG server.GrpcLogAppender (GrpcLogAppender.java:onNext(257)) - omNode-1@group-523986131536->omNode-3-AppendLogResponseHandler: received a reply omNode-1<-omNode-3#421:OK,SUCCESS,nextIndex:397,term:1,followerCommit:395, request=AppendEntriesRequest:cid=421,entriesCount=1,lastEntry=(t:1, i:396)
2020-07-01 01:06:03,609 [IPC Server handler 3 on default port 11860] DEBUG impl.RaftServerImpl (RaftServerImpl.java:submitClientRequestAsync(575)) - omNode-1@group-523986131536: receive client request(RaftClientRequest:client-6E5155DBE9B8->omNode-1@group-523986131536, cid=521, seq=0, RW, Message:081f12001a13636c6965...(size=409))
2020-07-01 01:06:03,614 [grpc-default-executor-8] WARN  server.GrpcLogAppender (LogUtils.java:warn(122)) - omNode-1@group-523986131536->omNode-2-AppendLogResponseHandler: Failed appendEntries: org.apache.ratis.thirdparty.io.grpc.StatusRuntimeException: UNAVAILABLE: io exception
2020-07-01 01:06:03,614 [grpc-default-executor-8] INFO  impl.FollowerInfo (FollowerInfo.java:lambda$new$0(51)) - omNode-1@group-523986131536->omNode-2: nextIndex: updateUnconditionally 397 -> 45
2020-07-01 01:06:03,614 [IPC Server handler 3 on default port 11860] DEBUG impl.RaftServerImpl (LeaderState.java:addPendingRequest(335)) - omNode-1@group-523986131536-LeaderState: addPendingRequest at RaftClientRequest:client-6E5155DBE9B8->omNode-1@group-523986131536, cid=521, seq=0, RW, Message:081f12001a13636c6965...(size=409), entry=(t:1, i:397), STATEMACHINELOGENTRY, client-6E5155DBE9B8, cid=521
2020-07-01 01:06:03,615 [grpc-default-executor-8] DEBUG impl.RaftServerImpl (RaftServerImpl.java:logAppendEntries(928)) - omNode-3@group-523986131536: receive appendEntries(omNode-1, 1, (t:1, i:396), 396, false, commits[omNode-1:c396, omNode-3:c395, omNode-2:c43], entries: (t:1, i:397), STATEMACHINELOGENTRY, client-6E5155DBE9B8, cid=521
2020-07-01 01:06:03,615 [grpc-default-executor-8] INFO  ratis.OzoneManagerStateMachine (OzoneManagerStateMachine.java:getLatestSnapshot(147)) - Latest Snapshot Info 1#349
2020-07-01 01:06:03,615 [grpc-default-executor-8] INFO  ratis.OzoneManagerStateMachine (OzoneManagerStateMachine.java:getLatestSnapshot(147)) - Latest Snapshot Info 1#349
2020-07-01 01:06:03,617 [grpc-default-executor-8] WARN  server.GrpcLogAppender (LogUtils.java:warn(122)) - omNode-1@group-523986131536->omNode-2-AppendLogResponseHandler: Failed appendEntries: org.apache.ratis.thirdparty.io.grpc.StatusRuntimeException: UNAVAILABLE: io exception
2020-07-01 01:06:03,617 [grpc-default-executor-8] INFO  impl.FollowerInfo (FollowerInfo.java:lambda$new$0(51)) - omNode-1@group-523986131536->omNode-2: nextIndex: updateUnconditionally 398 -> 45
2020-07-01 01:06:03,620 [grpc-default-executor-8] WARN  server.GrpcLogAppender (LogUtils.java:warn(122)) - omNode-1@group-523986131536->omNode-2-AppendLogResponseHandler: Failed appendEntries: org.apache.ratis.thirdparty.io.grpc.StatusRuntimeException: UNAVAILABLE: io exception
2020-07-01 01:06:03,620 [grpc-default-executor-8] INFO  impl.FollowerInfo (FollowerInfo.java:lambda$new$0(51)) - omNode-1@group-523986131536->omNode-2: nextIndex: updateUnconditionally 398 -> 45
2020-07-01 01:06:03,620 [Thread-5215] DEBUG impl.RaftServerImpl (RaftServerImpl.java:logAppendEntries(928)) - omNode-3@group-523986131536: succeeded to handle AppendEntries. Reply: omNode-1<-omNode-3#422:OK,SUCCESS,nextIndex:398,term:1,followerCommit:396
2020-07-01 01:06:03,621 [grpc-default-executor-8] DEBUG server.GrpcLogAppender (GrpcLogAppender.java:onNext(257)) - omNode-1@group-523986131536->omNode-3-AppendLogResponseHandler: received a reply omNode-1<-omNode-3#422:OK,SUCCESS,nextIndex:398,term:1,followerCommit:396, request=AppendEntriesRequest:cid=422,entriesCount=1,lastEntry=(t:1, i:397)
2020-07-01 01:06:03,622 [grpc-default-executor-8] DEBUG impl.RaftServerImpl (RaftServerImpl.java:logAppendEntries(928)) - omNode-3@group-523986131536: receive appendEntries(omNode-1, 1, (t:1, i:397), 397, false, commits[omNode-1:c397, omNode-3:c396, omNode-2:c43], entries: (t:1, i:398), METADATAENTRY(c:397)
2020-07-01 01:06:03,622 [grpc-default-executor-8] INFO  ratis.OzoneManagerStateMachine (OzoneManagerStateMachine.java:getLatestSnapshot(147)) - Latest Snapshot Info 1#349
2020-07-01 01:06:03,622 [grpc-default-executor-8] INFO  ratis.OzoneManagerStateMachine (OzoneManagerStateMachine.java:getLatestSnapshot(147)) - Latest Snapshot Info 1#349
2020-07-01 01:06:03,624 [grpc-default-executor-8] WARN  server.GrpcLogAppender (LogUtils.java:warn(122)) - omNode-1@group-523986131536->omNode-2-AppendLogResponseHandler: Failed appendEntries: org.apache.ratis.thirdparty.io.grpc.StatusRuntimeException: UNAVAILABLE: io exception
2020-07-01 01:06:03,624 [grpc-default-executor-8] INFO  impl.FollowerInfo (FollowerInfo.java:lambda$new$0(51)) - omNode-1@group-523986131536->omNode-2: nextIndex: updateUnconditionally 398 -> 45
2020-07-01 01:06:03,628 [grpc-default-executor-8] WARN  server.GrpcLogAppender (LogUtils.java:warn(122)) - omNode-1@group-523986131536->omNode-2-AppendLogResponseHandler: Failed appendEntries: org.apache.ratis.thirdparty.io.grpc.StatusRuntimeException: UNAVAILABLE: io exception
2020-07-01 01:06:03,628 [grpc-default-executor-8] INFO  impl.FollowerInfo (FollowerInfo.java:lambda$new$0(51)) - omNode-1@group-523986131536->omNode-2: nextIndex: updateUnconditionally 399 -> 45
2020-07-01 01:06:03,629 [Thread-5216] DEBUG impl.RaftServerImpl (RaftServerImpl.java:logAppendEntries(928)) - omNode-3@group-523986131536: succeeded to handle AppendEntries. Reply: omNode-1<-omNode-3#423:OK,SUCCESS,nextIndex:399,term:1,followerCommit:397
2020-07-01 01:06:03,629 [grpc-default-executor-8] DEBUG server.GrpcLogAppender (GrpcLogAppender.java:onNext(257)) - omNode-1@group-523986131536->omNode-3-AppendLogResponseHandler: received a reply omNode-1<-omNode-3#423:OK,SUCCESS,nextIndex:399,term:1,followerCommit:397, request=AppendEntriesRequest:cid=423,entriesCount=1,lastEntry=(t:1, i:398)
2020-07-01 01:06:03,630 [omNode-1@group-523986131536-StateMachineUpdater] INFO  ratis.OzoneManagerStateMachine (OzoneManagerStateMachine.java:takeSnapshot(355)) - Current Snapshot Index (t:1, i:398)
2020-07-01 01:06:03,630 [omNode-1@group-523986131536-StateMachineUpdater] INFO  impl.StateMachineUpdater (StateMachineUpdater.java:takeSnapshot(277)) - omNode-1@group-523986131536-StateMachineUpdater: Took a snapshot at index 398
2020-07-01 01:06:03,630 [omNode-1@group-523986131536-StateMachineUpdater] INFO  impl.StateMachineUpdater (StateMachineUpdater.java:lambda$new$0(87)) - omNode-1@group-523986131536-StateMachineUpdater: snapshotIndex: updateIncreasingly 348 -> 398
2020-07-01 01:06:03,631 [grpc-default-executor-8] WARN  server.GrpcLogAppender (LogUtils.java:warn(122)) - omNode-1@group-523986131536->omNode-2-AppendLogResponseHandler: Failed appendEntries: org.apache.ratis.thirdparty.io.grpc.StatusRuntimeException: UNAVAILABLE: io exception
2020-07-01 01:06:03,631 [grpc-default-executor-8] INFO  impl.FollowerInfo (FollowerInfo.java:lambda$new$0(51)) - omNode-1@group-523986131536->omNode-2: nextIndex: updateUnconditionally 399 -> 45
2020-07-01 01:06:03,637 [grpc-default-executor-8] WARN  server.GrpcLogAppender (LogUtils.java:warn(122)) - omNode-1@group-523986131536->omNode-2-AppendLogResponseHandler: Failed appendEntries: org.apache.ratis.thirdparty.io.grpc.StatusRuntimeException: UNAVAILABLE: io exception
2020-07-01 01:06:03,637 [grpc-default-executor-8] INFO  impl.FollowerInfo (FollowerInfo.java:lambda$new$0(51)) - omNode-1@group-523986131536->omNode-2: nextIndex: updateUnconditionally 399 -> 45
2020-07-01 01:06:03,644 [grpc-default-executor-1] WARN  server.GrpcLogAppender (LogUtils.java:warn(122)) - omNode-1@group-523986131536->omNode-2-AppendLogResponseHandler: Failed appendEntries: org.apache.ratis.thirdparty.io.grpc.StatusRuntimeException: UNAVAILABLE: io exception
2020-07-01 01:06:03,645 [grpc-default-executor-1] INFO  impl.FollowerInfo (FollowerInfo.java:lambda$new$0(51)) - omNode-1@group-523986131536->omNode-2: nextIndex: updateUnconditionally 399 -> 45
2020-07-01 01:06:03,645 [IPC Server handler 0 on default port 11860] DEBUG impl.RaftServerImpl (RaftServerImpl.java:submitClientRequestAsync(575)) - omNode-1@group-523986131536: receive client request(RaftClientRequest:client-6E5155DBE9B8->omNode-1@group-523986131536, cid=522, seq=0, RW, Message:082412001a13636c6965...(size=360))
2020-07-01 01:06:03,645 [IPC Server handler 0 on default port 11860] DEBUG impl.RaftServerImpl (LeaderState.java:addPendingRequest(335)) - omNode-1@group-523986131536-LeaderState: addPendingRequest at RaftClientRequest:client-6E5155DBE9B8->omNode-1@group-523986131536, cid=522, seq=0, RW, Message:082412001a13636c6965...(size=360), entry=(t:1, i:399), STATEMACHINELOGENTRY, client-6E5155DBE9B8, cid=522
2020-07-01 01:06:03,646 [grpc-default-executor-1] DEBUG impl.RaftServerImpl (RaftServerImpl.java:logAppendEntries(928)) - omNode-3@group-523986131536: receive appendEntries(omNode-1, 1, (t:1, i:398), 398, false, commits[omNode-1:c398, omNode-3:c397, omNode-2:c43], entries: (t:1, i:399), STATEMACHINELOGENTRY, client-6E5155DBE9B8, cid=522
2020-07-01 01:06:03,646 [grpc-default-executor-1] INFO  ratis.OzoneManagerStateMachine (OzoneManagerStateMachine.java:getLatestSnapshot(147)) - Latest Snapshot Info 1#349
2020-07-01 01:06:03,646 [grpc-default-executor-1] INFO  ratis.OzoneManagerStateMachine (OzoneManagerStateMachine.java:getLatestSnapshot(147)) - Latest Snapshot Info 1#349
2020-07-01 01:06:03,647 [Thread-5217] DEBUG impl.RaftServerImpl (RaftServerImpl.java:logAppendEntries(928)) - omNode-3@group-523986131536: succeeded to handle AppendEntries. Reply: omNode-1<-omNode-3#424:OK,SUCCESS,nextIndex:400,term:1,followerCommit:398
2020-07-01 01:06:03,647 [grpc-default-executor-1] DEBUG server.GrpcLogAppender (GrpcLogAppender.java:onNext(257)) - omNode-1@group-523986131536->omNode-3-AppendLogResponseHandler: received a reply omNode-1<-omNode-3#424:OK,SUCCESS,nextIndex:400,term:1,followerCommit:398, request=AppendEntriesRequest:cid=424,entriesCount=1,lastEntry=(t:1, i:399)
2020-07-01 01:06:03,647 [grpc-default-executor-8] DEBUG impl.RaftServerImpl (RaftServerImpl.java:logAppendEntries(928)) - omNode-3@group-523986131536: receive appendEntries(omNode-1, 1, (t:1, i:399), 399, false, commits[omNode-1:c399, omNode-3:c398, omNode-2:c43], entries: (t:1, i:400), METADATAENTRY(c:399)
2020-07-01 01:06:03,647 [grpc-default-executor-8] INFO  ratis.OzoneManagerStateMachine (OzoneManagerStateMachine.java:getLatestSnapshot(147)) - Latest Snapshot Info 1#349
2020-07-01 01:06:03,648 [grpc-default-executor-8] INFO  ratis.OzoneManagerStateMachine (OzoneManagerStateMachine.java:getLatestSnapshot(147)) - Latest Snapshot Info 1#349
2020-07-01 01:06:03,649 [grpc-default-executor-8] WARN  server.GrpcLogAppender (LogUtils.java:warn(122)) - omNode-1@group-523986131536->omNode-2-AppendLogResponseHandler: Failed appendEntries: org.apache.ratis.thirdparty.io.grpc.StatusRuntimeException: UNAVAILABLE: io exception
2020-07-01 01:06:03,649 [grpc-default-executor-8] INFO  impl.FollowerInfo (FollowerInfo.java:lambda$new$0(51)) - omNode-1@group-523986131536->omNode-2: nextIndex: updateUnconditionally 400 -> 45
2020-07-01 01:06:03,650 [IPC Server handler 5 on default port 11860] DEBUG impl.RaftServerImpl (RaftServerImpl.java:submitClientRequestAsync(575)) - omNode-1@group-523986131536: receive client request(RaftClientRequest:client-6E5155DBE9B8->omNode-1@group-523986131536, cid=523, seq=0, RW, Message:081f12001a13636c6965...(size=409))
2020-07-01 01:06:03,650 [IPC Server handler 5 on default port 11860] DEBUG impl.RaftServerImpl (LeaderState.java:addPendingRequest(335)) - omNode-1@group-523986131536-LeaderState: addPendingRequest at RaftClientRequest:client-6E5155DBE9B8->omNode-1@group-523986131536, cid=523, seq=0, RW, Message:081f12001a13636c6965...(size=409), entry=(t:1, i:401), STATEMACHINELOGENTRY, client-6E5155DBE9B8, cid=523
2020-07-01 01:06:03,650 [grpc-default-executor-8] DEBUG impl.RaftServerImpl (RaftServerImpl.java:logAppendEntries(928)) - omNode-3@group-523986131536: receive appendEntries(omNode-1, 1, (t:1, i:400), 399, false, commits[omNode-1:c399, omNode-3:c398, omNode-2:c43], entries: (t:1, i:401), STATEMACHINELOGENTRY, client-6E5155DBE9B8, cid=523
2020-07-01 01:06:03,651 [grpc-default-executor-8] INFO  ratis.OzoneManagerStateMachine (OzoneManagerStateMachine.java:getLatestSnapshot(147)) - Latest Snapshot Info 1#349
2020-07-01 01:06:03,651 [grpc-default-executor-8] INFO  ratis.OzoneManagerStateMachine (OzoneManagerStateMachine.java:getLatestSnapshot(147)) - Latest Snapshot Info 1#349
2020-07-01 01:06:03,651 [Thread-5218] DEBUG impl.RaftServerImpl (RaftServerImpl.java:logAppendEntries(928)) - omNode-3@group-523986131536: succeeded to handle AppendEntries. Reply: omNode-1<-omNode-3#425:OK,SUCCESS,nextIndex:401,term:1,followerCommit:399
2020-07-01 01:06:03,652 [Thread-5219] DEBUG impl.RaftServerImpl (RaftServerImpl.java:logAppendEntries(928)) - omNode-3@group-523986131536: succeeded to handle AppendEntries. Reply: omNode-1<-omNode-3#426:OK,SUCCESS,nextIndex:402,term:1,followerCommit:399
2020-07-01 01:06:03,652 [grpc-default-executor-8] DEBUG server.GrpcLogAppender (GrpcLogAppender.java:onNext(257)) - omNode-1@group-523986131536->omNode-3-AppendLogResponseHandler: received a reply omNode-1<-omNode-3#425:OK,SUCCESS,nextIndex:401,term:1,followerCommit:399, request=AppendEntriesRequest:cid=425,entriesCount=1,lastEntry=(t:1, i:400)
2020-07-01 01:06:03,652 [omNode-3@group-523986131536-StateMachineUpdater] INFO  ratis.OzoneManagerStateMachine (OzoneManagerStateMachine.java:takeSnapshot(355)) - Current Snapshot Index (t:1, i:399)
2020-07-01 01:06:03,652 [omNode-3@group-523986131536-StateMachineUpdater] INFO  impl.StateMachineUpdater (StateMachineUpdater.java:takeSnapshot(277)) - omNode-3@group-523986131536-StateMachineUpdater: Took a snapshot at index 399
2020-07-01 01:06:03,652 [omNode-3@group-523986131536-StateMachineUpdater] INFO  impl.StateMachineUpdater (StateMachineUpdater.java:lambda$new$0(87)) - omNode-3@group-523986131536-StateMachineUpdater: snapshotIndex: updateIncreasingly 349 -> 399
2020-07-01 01:06:03,652 [grpc-default-executor-8] DEBUG server.GrpcLogAppender (GrpcLogAppender.java:onNext(257)) - omNode-1@group-523986131536->omNode-3-AppendLogResponseHandler: received a reply omNode-1<-omNode-3#426:OK,SUCCESS,nextIndex:402,term:1,followerCommit:399, request=AppendEntriesRequest:cid=426,entriesCount=1,lastEntry=(t:1, i:401)
2020-07-01 01:06:03,654 [grpc-default-executor-1] DEBUG impl.RaftServerImpl (RaftServerImpl.java:logAppendEntries(928)) - omNode-3@group-523986131536: receive appendEntries(omNode-1, 1, (t:1, i:401), 401, false, commits[omNode-1:c401, omNode-3:c399, omNode-2:c43], entries: (t:1, i:402), METADATAENTRY(c:401)
2020-07-01 01:06:03,654 [grpc-default-executor-1] INFO  ratis.OzoneManagerStateMachine (OzoneManagerStateMachine.java:getLatestSnapshot(147)) - Latest Snapshot Info 1#399
2020-07-01 01:06:03,654 [grpc-default-executor-1] INFO  ratis.OzoneManagerStateMachine (OzoneManagerStateMachine.java:getLatestSnapshot(147)) - Latest Snapshot Info 1#399
2020-07-01 01:06:03,655 [grpc-default-executor-1] WARN  server.GrpcLogAppender (LogUtils.java:warn(122)) - omNode-1@group-523986131536->omNode-2-AppendLogResponseHandler: Failed appendEntries: org.apache.ratis.thirdparty.io.grpc.StatusRuntimeException: UNAVAILABLE: io exception
2020-07-01 01:06:03,655 [grpc-default-executor-1] INFO  impl.FollowerInfo (FollowerInfo.java:lambda$new$0(51)) - omNode-1@group-523986131536->omNode-2: nextIndex: updateUnconditionally 402 -> 45
2020-07-01 01:06:03,655 [Thread-5220] DEBUG impl.RaftServerImpl (RaftServerImpl.java:logAppendEntries(928)) - omNode-3@group-523986131536: succeeded to handle AppendEntries. Reply: omNode-1<-omNode-3#427:OK,SUCCESS,nextIndex:403,term:1,followerCommit:401
2020-07-01 01:06:03,655 [grpc-default-executor-1] DEBUG server.GrpcLogAppender (GrpcLogAppender.java:onNext(257)) - omNode-1@group-523986131536->omNode-3-AppendLogResponseHandler: received a reply omNode-1<-omNode-3#427:OK,SUCCESS,nextIndex:403,term:1,followerCommit:401, request=AppendEntriesRequest:cid=427,entriesCount=1,lastEntry=(t:1, i:402)
2020-07-01 01:06:03,661 [IPC Server handler 2 on default port 11860] DEBUG impl.RaftServerImpl (RaftServerImpl.java:submitClientRequestAsync(575)) - omNode-1@group-523986131536: receive client request(RaftClientRequest:client-6E5155DBE9B8->omNode-1@group-523986131536, cid=524, seq=0, RW, Message:082412001a13636c6965...(size=360))
2020-07-01 01:06:03,662 [grpc-default-executor-1] WARN  server.GrpcLogAppender (LogUtils.java:warn(122)) - omNode-1@group-523986131536->omNode-2-AppendLogResponseHandler: Failed appendEntries: org.apache.ratis.thirdparty.io.grpc.StatusRuntimeException: UNAVAILABLE: io exception
2020-07-01 01:06:03,662 [grpc-default-executor-1] INFO  impl.FollowerInfo (FollowerInfo.java:lambda$new$0(51)) - omNode-1@group-523986131536->omNode-2: nextIndex: updateUnconditionally 403 -> 45
2020-07-01 01:06:03,662 [IPC Server handler 2 on default port 11860] DEBUG impl.RaftServerImpl (LeaderState.java:addPendingRequest(335)) - omNode-1@group-523986131536-LeaderState: addPendingRequest at RaftClientRequest:client-6E5155DBE9B8->omNode-1@group-523986131536, cid=524, seq=0, RW, Message:082412001a13636c6965...(size=360), entry=(t:1, i:403), STATEMACHINELOGENTRY, client-6E5155DBE9B8, cid=524
2020-07-01 01:06:03,663 [grpc-default-executor-1] DEBUG impl.RaftServerImpl (RaftServerImpl.java:logAppendEntries(928)) - omNode-3@group-523986131536: receive appendEntries(omNode-1, 1, (t:1, i:402), 402, false, commits[omNode-1:c402, omNode-3:c401, omNode-2:c43], entries: (t:1, i:403), STATEMACHINELOGENTRY, client-6E5155DBE9B8, cid=524
2020-07-01 01:06:03,663 [grpc-default-executor-1] INFO  ratis.OzoneManagerStateMachine (OzoneManagerStateMachine.java:getLatestSnapshot(147)) - Latest Snapshot Info 1#399
2020-07-01 01:06:03,663 [grpc-default-executor-1] INFO  ratis.OzoneManagerStateMachine (OzoneManagerStateMachine.java:getLatestSnapshot(147)) - Latest Snapshot Info 1#399
2020-07-01 01:06:03,663 [Thread-5221] DEBUG impl.RaftServerImpl (RaftServerImpl.java:logAppendEntries(928)) - omNode-3@group-523986131536: succeeded to handle AppendEntries. Reply: omNode-1<-omNode-3#428:OK,SUCCESS,nextIndex:404,term:1,followerCommit:402
2020-07-01 01:06:03,664 [grpc-default-executor-1] DEBUG server.GrpcLogAppender (GrpcLogAppender.java:onNext(257)) - omNode-1@group-523986131536->omNode-3-AppendLogResponseHandler: received a reply omNode-1<-omNode-3#428:OK,SUCCESS,nextIndex:404,term:1,followerCommit:402, request=AppendEntriesRequest:cid=428,entriesCount=1,lastEntry=(t:1, i:403)
2020-07-01 01:06:03,667 [grpc-default-executor-1] DEBUG impl.RaftServerImpl (RaftServerImpl.java:logAppendEntries(928)) - omNode-3@group-523986131536: receive appendEntries(omNode-1, 1, (t:1, i:403), 403, false, commits[omNode-1:c403, omNode-3:c402, omNode-2:c43], entries: (t:1, i:404), METADATAENTRY(c:403)
2020-07-01 01:06:03,667 [grpc-default-executor-1] INFO  ratis.OzoneManagerStateMachine (OzoneManagerStateMachine.java:getLatestSnapshot(147)) - Latest Snapshot Info 1#399
2020-07-01 01:06:03,667 [grpc-default-executor-1] INFO  ratis.OzoneManagerStateMachine (OzoneManagerStateMachine.java:getLatestSnapshot(147)) - Latest Snapshot Info 1#399
2020-07-01 01:06:03,668 [grpc-default-executor-1] WARN  server.GrpcLogAppender (LogUtils.java:warn(122)) - omNode-1@group-523986131536->omNode-2-AppendLogResponseHandler: Failed appendEntries: org.apache.ratis.thirdparty.io.grpc.StatusRuntimeException: UNAVAILABLE: io exception
2020-07-01 01:06:03,668 [grpc-default-executor-1] INFO  impl.FollowerInfo (FollowerInfo.java:lambda$new$0(51)) - omNode-1@group-523986131536->omNode-2: nextIndex: updateUnconditionally 404 -> 45
2020-07-01 01:06:03,668 [Thread-5222] DEBUG impl.RaftServerImpl (RaftServerImpl.java:logAppendEntries(928)) - omNode-3@group-523986131536: succeeded to handle AppendEntries. Reply: omNode-1<-omNode-3#429:OK,SUCCESS,nextIndex:405,term:1,followerCommit:403
2020-07-01 01:06:03,669 [grpc-default-executor-1] DEBUG server.GrpcLogAppender (GrpcLogAppender.java:onNext(257)) - omNode-1@group-523986131536->omNode-3-AppendLogResponseHandler: received a reply omNode-1<-omNode-3#429:OK,SUCCESS,nextIndex:405,term:1,followerCommit:403, request=AppendEntriesRequest:cid=429,entriesCount=1,lastEntry=(t:1, i:404)
2020-07-01 01:06:03,669 [IPC Server handler 4 on default port 11860] DEBUG impl.RaftServerImpl (RaftServerImpl.java:submitClientRequestAsync(575)) - omNode-1@group-523986131536: receive client request(RaftClientRequest:client-6E5155DBE9B8->omNode-1@group-523986131536, cid=525, seq=0, RW, Message:081f12001a13636c6965...(size=409))
2020-07-01 01:06:03,670 [IPC Server handler 4 on default port 11860] DEBUG impl.RaftServerImpl (LeaderState.java:addPendingRequest(335)) - omNode-1@group-523986131536-LeaderState: addPendingRequest at RaftClientRequest:client-6E5155DBE9B8->omNode-1@group-523986131536, cid=525, seq=0, RW, Message:081f12001a13636c6965...(size=409), entry=(t:1, i:405), STATEMACHINELOGENTRY, client-6E5155DBE9B8, cid=525
2020-07-01 01:06:03,671 [grpc-default-executor-1] DEBUG impl.RaftServerImpl (RaftServerImpl.java:logAppendEntries(928)) - omNode-3@group-523986131536: receive appendEntries(omNode-1, 1, (t:1, i:404), 404, false, commits[omNode-1:c404, omNode-3:c403, omNode-2:c43], entries: (t:1, i:405), STATEMACHINELOGENTRY, client-6E5155DBE9B8, cid=525
2020-07-01 01:06:03,671 [grpc-default-executor-1] INFO  ratis.OzoneManagerStateMachine (OzoneManagerStateMachine.java:getLatestSnapshot(147)) - Latest Snapshot Info 1#399
2020-07-01 01:06:03,671 [grpc-default-executor-1] INFO  ratis.OzoneManagerStateMachine (OzoneManagerStateMachine.java:getLatestSnapshot(147)) - Latest Snapshot Info 1#399
2020-07-01 01:06:03,672 [grpc-default-executor-8] WARN  server.GrpcLogAppender (LogUtils.java:warn(122)) - omNode-1@group-523986131536->omNode-2-AppendLogResponseHandler: Failed appendEntries: org.apache.ratis.thirdparty.io.grpc.StatusRuntimeException: UNAVAILABLE: io exception
2020-07-01 01:06:03,672 [grpc-default-executor-8] INFO  impl.FollowerInfo (FollowerInfo.java:lambda$new$0(51)) - omNode-1@group-523986131536->omNode-2: nextIndex: updateUnconditionally 406 -> 45
2020-07-01 01:06:03,672 [Thread-5223] DEBUG impl.RaftServerImpl (RaftServerImpl.java:logAppendEntries(928)) - omNode-3@group-523986131536: succeeded to handle AppendEntries. Reply: omNode-1<-omNode-3#430:OK,SUCCESS,nextIndex:406,term:1,followerCommit:404
2020-07-01 01:06:03,673 [grpc-default-executor-8] DEBUG server.GrpcLogAppender (GrpcLogAppender.java:onNext(257)) - omNode-1@group-523986131536->omNode-3-AppendLogResponseHandler: received a reply omNode-1<-omNode-3#430:OK,SUCCESS,nextIndex:406,term:1,followerCommit:404, request=AppendEntriesRequest:cid=430,entriesCount=1,lastEntry=(t:1, i:405)
2020-07-01 01:06:03,674 [grpc-default-executor-8] DEBUG impl.RaftServerImpl (RaftServerImpl.java:logAppendEntries(928)) - omNode-3@group-523986131536: receive appendEntries(omNode-1, 1, (t:1, i:405), 405, false, commits[omNode-1:c405, omNode-3:c404, omNode-2:c43], entries: (t:1, i:406), METADATAENTRY(c:405)
2020-07-01 01:06:03,674 [grpc-default-executor-8] INFO  ratis.OzoneManagerStateMachine (OzoneManagerStateMachine.java:getLatestSnapshot(147)) - Latest Snapshot Info 1#399
2020-07-01 01:06:03,674 [grpc-default-executor-8] INFO  ratis.OzoneManagerStateMachine (OzoneManagerStateMachine.java:getLatestSnapshot(147)) - Latest Snapshot Info 1#399
2020-07-01 01:06:03,676 [Thread-5224] DEBUG impl.RaftServerImpl (RaftServerImpl.java:logAppendEntries(928)) - omNode-3@group-523986131536: succeeded to handle AppendEntries. Reply: omNode-1<-omNode-3#431:OK,SUCCESS,nextIndex:407,term:1,followerCommit:405
2020-07-01 01:06:03,676 [grpc-default-executor-8] WARN  server.GrpcLogAppender (LogUtils.java:warn(122)) - omNode-1@group-523986131536->omNode-2-AppendLogResponseHandler: Failed appendEntries: org.apache.ratis.thirdparty.io.grpc.StatusRuntimeException: UNAVAILABLE: io exception
2020-07-01 01:06:03,676 [grpc-default-executor-8] INFO  impl.FollowerInfo (FollowerInfo.java:lambda$new$0(51)) - omNode-1@group-523986131536->omNode-2: nextIndex: updateUnconditionally 407 -> 45
2020-07-01 01:06:03,677 [grpc-default-executor-8] DEBUG server.GrpcLogAppender (GrpcLogAppender.java:onNext(257)) - omNode-1@group-523986131536->omNode-3-AppendLogResponseHandler: received a reply omNode-1<-omNode-3#431:OK,SUCCESS,nextIndex:407,term:1,followerCommit:405, request=AppendEntriesRequest:cid=431,entriesCount=1,lastEntry=(t:1, i:406)
2020-07-01 01:06:03,679 [IPC Server handler 6 on default port 11860] DEBUG impl.RaftServerImpl (RaftServerImpl.java:submitClientRequestAsync(575)) - omNode-1@group-523986131536: receive client request(RaftClientRequest:client-6E5155DBE9B8->omNode-1@group-523986131536, cid=526, seq=0, RW, Message:082412001a13636c6965...(size=360))
2020-07-01 01:06:03,679 [IPC Server handler 6 on default port 11860] DEBUG impl.RaftServerImpl (LeaderState.java:addPendingRequest(335)) - omNode-1@group-523986131536-LeaderState: addPendingRequest at RaftClientRequest:client-6E5155DBE9B8->omNode-1@group-523986131536, cid=526, seq=0, RW, Message:082412001a13636c6965...(size=360), entry=(t:1, i:407), STATEMACHINELOGENTRY, client-6E5155DBE9B8, cid=526
2020-07-01 01:06:03,679 [grpc-default-executor-8] WARN  server.GrpcLogAppender (LogUtils.java:warn(122)) - omNode-1@group-523986131536->omNode-2-AppendLogResponseHandler: Failed appendEntries: org.apache.ratis.thirdparty.io.grpc.StatusRuntimeException: UNAVAILABLE: io exception
2020-07-01 01:06:03,679 [grpc-default-executor-8] INFO  impl.FollowerInfo (FollowerInfo.java:lambda$new$0(51)) - omNode-1@group-523986131536->omNode-2: nextIndex: updateUnconditionally 407 -> 45
2020-07-01 01:06:03,680 [grpc-default-executor-8] DEBUG impl.RaftServerImpl (RaftServerImpl.java:logAppendEntries(928)) - omNode-3@group-523986131536: receive appendEntries(omNode-1, 1, (t:1, i:406), 406, false, commits[omNode-1:c406, omNode-3:c405, omNode-2:c43], entries: (t:1, i:407), STATEMACHINELOGENTRY, client-6E5155DBE9B8, cid=526
2020-07-01 01:06:03,680 [grpc-default-executor-8] INFO  ratis.OzoneManagerStateMachine (OzoneManagerStateMachine.java:getLatestSnapshot(147)) - Latest Snapshot Info 1#399
2020-07-01 01:06:03,681 [grpc-default-executor-8] INFO  ratis.OzoneManagerStateMachine (OzoneManagerStateMachine.java:getLatestSnapshot(147)) - Latest Snapshot Info 1#399
2020-07-01 01:06:03,681 [Thread-5225] DEBUG impl.RaftServerImpl (RaftServerImpl.java:logAppendEntries(928)) - omNode-3@group-523986131536: succeeded to handle AppendEntries. Reply: omNode-1<-omNode-3#432:OK,SUCCESS,nextIndex:408,term:1,followerCommit:406
2020-07-01 01:06:03,681 [grpc-default-executor-8] DEBUG server.GrpcLogAppender (GrpcLogAppender.java:onNext(257)) - omNode-1@group-523986131536->omNode-3-AppendLogResponseHandler: received a reply omNode-1<-omNode-3#432:OK,SUCCESS,nextIndex:408,term:1,followerCommit:406, request=AppendEntriesRequest:cid=432,entriesCount=1,lastEntry=(t:1, i:407)
2020-07-01 01:06:03,681 [grpc-default-executor-6] WARN  server.GrpcLogAppender (LogUtils.java:warn(122)) - omNode-1@group-523986131536->omNode-2-AppendLogResponseHandler: Failed appendEntries: org.apache.ratis.thirdparty.io.grpc.StatusRuntimeException: UNAVAILABLE: io exception
2020-07-01 01:06:03,682 [grpc-default-executor-6] INFO  impl.FollowerInfo (FollowerInfo.java:lambda$new$0(51)) - omNode-1@group-523986131536->omNode-2: nextIndex: updateUnconditionally 408 -> 45
2020-07-01 01:06:03,683 [grpc-default-executor-6] DEBUG impl.RaftServerImpl (RaftServerImpl.java:logAppendEntries(928)) - omNode-3@group-523986131536: receive appendEntries(omNode-1, 1, (t:1, i:407), 407, false, commits[omNode-1:c407, omNode-3:c406, omNode-2:c43], entries: (t:1, i:408), METADATAENTRY(c:407)
2020-07-01 01:06:03,683 [grpc-default-executor-6] INFO  ratis.OzoneManagerStateMachine (OzoneManagerStateMachine.java:getLatestSnapshot(147)) - Latest Snapshot Info 1#399
2020-07-01 01:06:03,683 [grpc-default-executor-6] INFO  ratis.OzoneManagerStateMachine (OzoneManagerStateMachine.java:getLatestSnapshot(147)) - Latest Snapshot Info 1#399
2020-07-01 01:06:03,684 [Thread-5226] DEBUG impl.RaftServerImpl (RaftServerImpl.java:logAppendEntries(928)) - omNode-3@group-523986131536: succeeded to handle AppendEntries. Reply: omNode-1<-omNode-3#433:OK,SUCCESS,nextIndex:409,term:1,followerCommit:407
2020-07-01 01:06:03,685 [IPC Server handler 7 on default port 11860] DEBUG impl.RaftServerImpl (RaftServerImpl.java:submitClientRequestAsync(575)) - omNode-1@group-523986131536: receive client request(RaftClientRequest:client-6E5155DBE9B8->omNode-1@group-523986131536, cid=527, seq=0, RW, Message:081f12001a13636c6965...(size=409))
2020-07-01 01:06:03,685 [IPC Server handler 7 on default port 11860] DEBUG impl.RaftServerImpl (LeaderState.java:addPendingRequest(335)) - omNode-1@group-523986131536-LeaderState: addPendingRequest at RaftClientRequest:client-6E5155DBE9B8->omNode-1@group-523986131536, cid=527, seq=0, RW, Message:081f12001a13636c6965...(size=409), entry=(t:1, i:409), STATEMACHINELOGENTRY, client-6E5155DBE9B8, cid=527
2020-07-01 01:06:03,687 [grpc-default-executor-6] DEBUG server.GrpcLogAppender (GrpcLogAppender.java:onNext(257)) - omNode-1@group-523986131536->omNode-3-AppendLogResponseHandler: received a reply omNode-1<-omNode-3#433:OK,SUCCESS,nextIndex:409,term:1,followerCommit:407, request=AppendEntriesRequest:cid=433,entriesCount=1,lastEntry=(t:1, i:408)
2020-07-01 01:06:03,687 [grpc-default-executor-8] DEBUG impl.RaftServerImpl (RaftServerImpl.java:logAppendEntries(928)) - omNode-3@group-523986131536: receive appendEntries(omNode-1, 1, (t:1, i:408), 407, false, commits[omNode-1:c407, omNode-3:c406, omNode-2:c43], entries: (t:1, i:409), STATEMACHINELOGENTRY, client-6E5155DBE9B8, cid=527
2020-07-01 01:06:03,687 [grpc-default-executor-8] INFO  ratis.OzoneManagerStateMachine (OzoneManagerStateMachine.java:getLatestSnapshot(147)) - Latest Snapshot Info 1#399
2020-07-01 01:06:03,687 [grpc-default-executor-8] INFO  ratis.OzoneManagerStateMachine (OzoneManagerStateMachine.java:getLatestSnapshot(147)) - Latest Snapshot Info 1#399
2020-07-01 01:06:03,688 [Thread-5227] DEBUG impl.RaftServerImpl (RaftServerImpl.java:logAppendEntries(928)) - omNode-3@group-523986131536: succeeded to handle AppendEntries. Reply: omNode-1<-omNode-3#434:OK,SUCCESS,nextIndex:410,term:1,followerCommit:407
2020-07-01 01:06:03,689 [grpc-default-executor-6] WARN  server.GrpcLogAppender (LogUtils.java:warn(122)) - omNode-1@group-523986131536->omNode-2-AppendLogResponseHandler: Failed appendEntries: org.apache.ratis.thirdparty.io.grpc.StatusRuntimeException: UNAVAILABLE: io exception
2020-07-01 01:06:03,689 [grpc-default-executor-6] INFO  impl.FollowerInfo (FollowerInfo.java:lambda$new$0(51)) - omNode-1@group-523986131536->omNode-2: nextIndex: updateUnconditionally 410 -> 45
2020-07-01 01:06:03,690 [grpc-default-executor-6] DEBUG server.GrpcLogAppender (GrpcLogAppender.java:onNext(257)) - omNode-1@group-523986131536->omNode-3-AppendLogResponseHandler: received a reply omNode-1<-omNode-3#434:OK,SUCCESS,nextIndex:410,term:1,followerCommit:407, request=AppendEntriesRequest:cid=434,entriesCount=1,lastEntry=(t:1, i:409)
2020-07-01 01:06:03,693 [grpc-default-executor-1] WARN  server.GrpcLogAppender (LogUtils.java:warn(122)) - omNode-1@group-523986131536->omNode-2-AppendLogResponseHandler: Failed appendEntries: org.apache.ratis.thirdparty.io.grpc.StatusRuntimeException: UNAVAILABLE: io exception
2020-07-01 01:06:03,693 [grpc-default-executor-1] INFO  impl.FollowerInfo (FollowerInfo.java:lambda$new$0(51)) - omNode-1@group-523986131536->omNode-2: nextIndex: updateUnconditionally 411 -> 45
2020-07-01 01:06:03,694 [grpc-default-executor-6] DEBUG impl.RaftServerImpl (RaftServerImpl.java:logAppendEntries(928)) - omNode-3@group-523986131536: receive appendEntries(omNode-1, 1, (t:1, i:409), 409, false, commits[omNode-1:c409, omNode-3:c407, omNode-2:c43], entries: (t:1, i:410), METADATAENTRY(c:409)
2020-07-01 01:06:03,694 [grpc-default-executor-6] INFO  ratis.OzoneManagerStateMachine (OzoneManagerStateMachine.java:getLatestSnapshot(147)) - Latest Snapshot Info 1#399
2020-07-01 01:06:03,694 [grpc-default-executor-6] INFO  ratis.OzoneManagerStateMachine (OzoneManagerStateMachine.java:getLatestSnapshot(147)) - Latest Snapshot Info 1#399
2020-07-01 01:06:03,697 [Thread-5228] DEBUG impl.RaftServerImpl (RaftServerImpl.java:logAppendEntries(928)) - omNode-3@group-523986131536: succeeded to handle AppendEntries. Reply: omNode-1<-omNode-3#435:OK,SUCCESS,nextIndex:411,term:1,followerCommit:409
2020-07-01 01:06:03,700 [grpc-default-executor-1] DEBUG server.GrpcLogAppender (GrpcLogAppender.java:onNext(257)) - omNode-1@group-523986131536->omNode-3-AppendLogResponseHandler: received a reply omNode-1<-omNode-3#435:OK,SUCCESS,nextIndex:411,term:1,followerCommit:409, request=AppendEntriesRequest:cid=435,entriesCount=1,lastEntry=(t:1, i:410)
2020-07-01 01:06:03,702 [grpc-default-executor-6] WARN  server.GrpcLogAppender (LogUtils.java:warn(122)) - omNode-1@group-523986131536->omNode-2-AppendLogResponseHandler: Failed appendEntries: org.apache.ratis.thirdparty.io.grpc.StatusRuntimeException: UNAVAILABLE: io exception
2020-07-01 01:06:03,702 [grpc-default-executor-6] INFO  impl.FollowerInfo (FollowerInfo.java:lambda$new$0(51)) - omNode-1@group-523986131536->omNode-2: nextIndex: updateUnconditionally 411 -> 45
2020-07-01 01:06:03,703 [IPC Server handler 8 on default port 11860] DEBUG impl.RaftServerImpl (RaftServerImpl.java:submitClientRequestAsync(575)) - omNode-1@group-523986131536: receive client request(RaftClientRequest:client-6E5155DBE9B8->omNode-1@group-523986131536, cid=528, seq=0, RW, Message:082412001a13636c6965...(size=360))
2020-07-01 01:06:03,703 [IPC Server handler 8 on default port 11860] DEBUG impl.RaftServerImpl (LeaderState.java:addPendingRequest(335)) - omNode-1@group-523986131536-LeaderState: addPendingRequest at RaftClientRequest:client-6E5155DBE9B8->omNode-1@group-523986131536, cid=528, seq=0, RW, Message:082412001a13636c6965...(size=360), entry=(t:1, i:411), STATEMACHINELOGENTRY, client-6E5155DBE9B8, cid=528
2020-07-01 01:06:03,704 [grpc-default-executor-1] DEBUG impl.RaftServerImpl (RaftServerImpl.java:logAppendEntries(928)) - omNode-3@group-523986131536: receive appendEntries(omNode-1, 1, (t:1, i:410), 410, false, commits[omNode-1:c410, omNode-3:c409, omNode-2:c43], entries: (t:1, i:411), STATEMACHINELOGENTRY, client-6E5155DBE9B8, cid=528
2020-07-01 01:06:03,704 [grpc-default-executor-1] INFO  ratis.OzoneManagerStateMachine (OzoneManagerStateMachine.java:getLatestSnapshot(147)) - Latest Snapshot Info 1#399
2020-07-01 01:06:03,704 [grpc-default-executor-1] INFO  ratis.OzoneManagerStateMachine (OzoneManagerStateMachine.java:getLatestSnapshot(147)) - Latest Snapshot Info 1#399
2020-07-01 01:06:03,705 [Thread-5229] DEBUG impl.RaftServerImpl (RaftServerImpl.java:logAppendEntries(928)) - omNode-3@group-523986131536: succeeded to handle AppendEntries. Reply: omNode-1<-omNode-3#436:OK,SUCCESS,nextIndex:412,term:1,followerCommit:410
2020-07-01 01:06:03,706 [grpc-default-executor-6] WARN  server.GrpcLogAppender (LogUtils.java:warn(122)) - omNode-1@group-523986131536->omNode-2-AppendLogResponseHandler: Failed appendEntries: org.apache.ratis.thirdparty.io.grpc.StatusRuntimeException: UNAVAILABLE: io exception
2020-07-01 01:06:03,706 [grpc-default-executor-6] INFO  impl.FollowerInfo (FollowerInfo.java:lambda$new$0(51)) - omNode-1@group-523986131536->omNode-2: nextIndex: updateUnconditionally 412 -> 45
2020-07-01 01:06:03,706 [grpc-default-executor-8] DEBUG server.GrpcLogAppender (GrpcLogAppender.java:onNext(257)) - omNode-1@group-523986131536->omNode-3-AppendLogResponseHandler: received a reply omNode-1<-omNode-3#436:OK,SUCCESS,nextIndex:412,term:1,followerCommit:410, request=AppendEntriesRequest:cid=436,entriesCount=1,lastEntry=(t:1, i:411)
2020-07-01 01:06:03,708 [grpc-default-executor-6] WARN  server.GrpcLogAppender (LogUtils.java:warn(122)) - omNode-1@group-523986131536->omNode-2-AppendLogResponseHandler: Failed appendEntries: org.apache.ratis.thirdparty.io.grpc.StatusRuntimeException: UNAVAILABLE: io exception
2020-07-01 01:06:03,708 [grpc-default-executor-6] INFO  impl.FollowerInfo (FollowerInfo.java:lambda$new$0(51)) - omNode-1@group-523986131536->omNode-2: nextIndex: updateUnconditionally 413 -> 45
2020-07-01 01:06:03,709 [grpc-default-executor-8] DEBUG impl.RaftServerImpl (RaftServerImpl.java:logAppendEntries(928)) - omNode-3@group-523986131536: receive appendEntries(omNode-1, 1, (t:1, i:411), 411, false, commits[omNode-1:c411, omNode-3:c410, omNode-2:c43], entries: (t:1, i:412), METADATAENTRY(c:411)
2020-07-01 01:06:03,709 [grpc-default-executor-8] INFO  ratis.OzoneManagerStateMachine (OzoneManagerStateMachine.java:getLatestSnapshot(147)) - Latest Snapshot Info 1#399
2020-07-01 01:06:03,709 [grpc-default-executor-8] INFO  ratis.OzoneManagerStateMachine (OzoneManagerStateMachine.java:getLatestSnapshot(147)) - Latest Snapshot Info 1#399
2020-07-01 01:06:03,710 [Thread-5230] DEBUG impl.RaftServerImpl (RaftServerImpl.java:logAppendEntries(928)) - omNode-3@group-523986131536: succeeded to handle AppendEntries. Reply: omNode-1<-omNode-3#437:OK,SUCCESS,nextIndex:413,term:1,followerCommit:411
2020-07-01 01:06:03,710 [IPC Server handler 10 on default port 11860] DEBUG impl.RaftServerImpl (RaftServerImpl.java:submitClientRequestAsync(575)) - omNode-1@group-523986131536: receive client request(RaftClientRequest:client-6E5155DBE9B8->omNode-1@group-523986131536, cid=529, seq=0, RW, Message:081f12001a13636c6965...(size=409))
2020-07-01 01:06:03,710 [grpc-default-executor-8] DEBUG server.GrpcLogAppender (GrpcLogAppender.java:onNext(257)) - omNode-1@group-523986131536->omNode-3-AppendLogResponseHandler: received a reply omNode-1<-omNode-3#437:OK,SUCCESS,nextIndex:413,term:1,followerCommit:411, request=AppendEntriesRequest:cid=437,entriesCount=1,lastEntry=(t:1, i:412)
2020-07-01 01:06:03,710 [IPC Server handler 10 on default port 11860] DEBUG impl.RaftServerImpl (LeaderState.java:addPendingRequest(335)) - omNode-1@group-523986131536-LeaderState: addPendingRequest at RaftClientRequest:client-6E5155DBE9B8->omNode-1@group-523986131536, cid=529, seq=0, RW, Message:081f12001a13636c6965...(size=409), entry=(t:1, i:413), STATEMACHINELOGENTRY, client-6E5155DBE9B8, cid=529
2020-07-01 01:06:03,712 [grpc-default-executor-6] DEBUG impl.RaftServerImpl (RaftServerImpl.java:logAppendEntries(928)) - omNode-3@group-523986131536: receive appendEntries(omNode-1, 1, (t:1, i:412), 411, false, commits[omNode-1:c411, omNode-3:c411, omNode-2:c43], entries: (t:1, i:413), STATEMACHINELOGENTRY, client-6E5155DBE9B8, cid=529
2020-07-01 01:06:03,712 [grpc-default-executor-6] INFO  ratis.OzoneManagerStateMachine (OzoneManagerStateMachine.java:getLatestSnapshot(147)) - Latest Snapshot Info 1#399
2020-07-01 01:06:03,712 [grpc-default-executor-6] INFO  ratis.OzoneManagerStateMachine (OzoneManagerStateMachine.java:getLatestSnapshot(147)) - Latest Snapshot Info 1#399
2020-07-01 01:06:03,712 [grpc-default-executor-8] WARN  server.GrpcLogAppender (LogUtils.java:warn(122)) - omNode-1@group-523986131536->omNode-2-AppendLogResponseHandler: Failed appendEntries: org.apache.ratis.thirdparty.io.grpc.StatusRuntimeException: UNAVAILABLE: io exception
2020-07-01 01:06:03,712 [grpc-default-executor-8] INFO  impl.FollowerInfo (FollowerInfo.java:lambda$new$0(51)) - omNode-1@group-523986131536->omNode-2: nextIndex: updateUnconditionally 414 -> 45
2020-07-01 01:06:03,717 [Thread-5231] DEBUG impl.RaftServerImpl (RaftServerImpl.java:logAppendEntries(928)) - omNode-3@group-523986131536: succeeded to handle AppendEntries. Reply: omNode-1<-omNode-3#438:OK,SUCCESS,nextIndex:414,term:1,followerCommit:411
2020-07-01 01:06:03,717 [grpc-default-executor-8] DEBUG server.GrpcLogAppender (GrpcLogAppender.java:onNext(257)) - omNode-1@group-523986131536->omNode-3-AppendLogResponseHandler: received a reply omNode-1<-omNode-3#438:OK,SUCCESS,nextIndex:414,term:1,followerCommit:411, request=AppendEntriesRequest:cid=438,entriesCount=1,lastEntry=(t:1, i:413)
2020-07-01 01:06:03,718 [grpc-default-executor-8] DEBUG impl.RaftServerImpl (RaftServerImpl.java:logAppendEntries(928)) - omNode-3@group-523986131536: receive appendEntries(omNode-1, 1, (t:1, i:413), 413, false, commits[omNode-1:c413, omNode-3:c411, omNode-2:c43], entries: (t:1, i:414), METADATAENTRY(c:413)
2020-07-01 01:06:03,718 [grpc-default-executor-8] INFO  ratis.OzoneManagerStateMachine (OzoneManagerStateMachine.java:getLatestSnapshot(147)) - Latest Snapshot Info 1#399
2020-07-01 01:06:03,718 [grpc-default-executor-8] INFO  ratis.OzoneManagerStateMachine (OzoneManagerStateMachine.java:getLatestSnapshot(147)) - Latest Snapshot Info 1#399
2020-07-01 01:06:03,721 [grpc-default-executor-7] WARN  server.GrpcLogAppender (LogUtils.java:warn(122)) - omNode-1@group-523986131536->omNode-2-AppendLogResponseHandler: Failed appendEntries: org.apache.ratis.thirdparty.io.grpc.StatusRuntimeException: UNAVAILABLE: io exception
2020-07-01 01:06:03,722 [grpc-default-executor-7] INFO  impl.FollowerInfo (FollowerInfo.java:lambda$new$0(51)) - omNode-1@group-523986131536->omNode-2: nextIndex: updateUnconditionally 415 -> 45
2020-07-01 01:06:03,725 [Thread-5232] DEBUG impl.RaftServerImpl (RaftServerImpl.java:logAppendEntries(928)) - omNode-3@group-523986131536: succeeded to handle AppendEntries. Reply: omNode-1<-omNode-3#439:OK,SUCCESS,nextIndex:415,term:1,followerCommit:413
2020-07-01 01:06:03,725 [grpc-default-executor-7] DEBUG server.GrpcLogAppender (GrpcLogAppender.java:onNext(257)) - omNode-1@group-523986131536->omNode-3-AppendLogResponseHandler: received a reply omNode-1<-omNode-3#439:OK,SUCCESS,nextIndex:415,term:1,followerCommit:413, request=AppendEntriesRequest:cid=439,entriesCount=1,lastEntry=(t:1, i:414)
2020-07-01 01:06:03,727 [grpc-default-executor-7] WARN  server.GrpcLogAppender (LogUtils.java:warn(122)) - omNode-1@group-523986131536->omNode-2-AppendLogResponseHandler: Failed appendEntries: org.apache.ratis.thirdparty.io.grpc.StatusRuntimeException: UNAVAILABLE: io exception
2020-07-01 01:06:03,727 [grpc-default-executor-7] INFO  impl.FollowerInfo (FollowerInfo.java:lambda$new$0(51)) - omNode-1@group-523986131536->omNode-2: nextIndex: updateUnconditionally 415 -> 45
2020-07-01 01:06:03,729 [grpc-default-executor-7] WARN  server.GrpcLogAppender (LogUtils.java:warn(122)) - omNode-1@group-523986131536->omNode-2-AppendLogResponseHandler: Failed appendEntries: org.apache.ratis.thirdparty.io.grpc.StatusRuntimeException: UNAVAILABLE: io exception
2020-07-01 01:06:03,729 [grpc-default-executor-7] INFO  impl.FollowerInfo (FollowerInfo.java:lambda$new$0(51)) - omNode-1@group-523986131536->omNode-2: nextIndex: updateUnconditionally 415 -> 45
2020-07-01 01:06:03,732 [IPC Server handler 9 on default port 11860] DEBUG impl.RaftServerImpl (RaftServerImpl.java:submitClientRequestAsync(575)) - omNode-1@group-523986131536: receive client request(RaftClientRequest:client-6E5155DBE9B8->omNode-1@group-523986131536, cid=530, seq=0, RW, Message:082412001a13636c6965...(size=360))
2020-07-01 01:06:03,732 [IPC Server handler 9 on default port 11860] DEBUG impl.RaftServerImpl (LeaderState.java:addPendingRequest(335)) - omNode-1@group-523986131536-LeaderState: addPendingRequest at RaftClientRequest:client-6E5155DBE9B8->omNode-1@group-523986131536, cid=530, seq=0, RW, Message:082412001a13636c6965...(size=360), entry=(t:1, i:415), STATEMACHINELOGENTRY, client-6E5155DBE9B8, cid=530
2020-07-01 01:06:03,732 [grpc-default-executor-7] DEBUG impl.RaftServerImpl (RaftServerImpl.java:logAppendEntries(928)) - omNode-3@group-523986131536: receive appendEntries(omNode-1, 1, (t:1, i:414), 414, false, commits[omNode-1:c414, omNode-3:c413, omNode-2:c43], entries: (t:1, i:415), STATEMACHINELOGENTRY, client-6E5155DBE9B8, cid=530
2020-07-01 01:06:03,733 [grpc-default-executor-7] INFO  ratis.OzoneManagerStateMachine (OzoneManagerStateMachine.java:getLatestSnapshot(147)) - Latest Snapshot Info 1#399
2020-07-01 01:06:03,733 [grpc-default-executor-7] INFO  ratis.OzoneManagerStateMachine (OzoneManagerStateMachine.java:getLatestSnapshot(147)) - Latest Snapshot Info 1#399
2020-07-01 01:06:03,734 [grpc-default-executor-7] WARN  server.GrpcLogAppender (LogUtils.java:warn(122)) - omNode-1@group-523986131536->omNode-2-AppendLogResponseHandler: Failed appendEntries: org.apache.ratis.thirdparty.io.grpc.StatusRuntimeException: UNAVAILABLE: io exception
2020-07-01 01:06:03,734 [grpc-default-executor-7] INFO  impl.FollowerInfo (FollowerInfo.java:lambda$new$0(51)) - omNode-1@group-523986131536->omNode-2: nextIndex: updateUnconditionally 415 -> 45
2020-07-01 01:06:03,736 [grpc-default-executor-7] WARN  server.GrpcLogAppender (LogUtils.java:warn(122)) - omNode-1@group-523986131536->omNode-2-AppendLogResponseHandler: Failed appendEntries: org.apache.ratis.thirdparty.io.grpc.StatusRuntimeException: UNAVAILABLE: io exception
2020-07-01 01:06:03,737 [grpc-default-executor-7] INFO  impl.FollowerInfo (FollowerInfo.java:lambda$new$0(51)) - omNode-1@group-523986131536->omNode-2: nextIndex: updateUnconditionally 416 -> 45
2020-07-01 01:06:03,738 [grpc-default-executor-7] WARN  server.GrpcLogAppender (LogUtils.java:warn(122)) - omNode-1@group-523986131536->omNode-2-AppendLogResponseHandler: Failed appendEntries: org.apache.ratis.thirdparty.io.grpc.StatusRuntimeException: UNAVAILABLE: io exception
2020-07-01 01:06:03,738 [grpc-default-executor-7] INFO  impl.FollowerInfo (FollowerInfo.java:lambda$new$0(51)) - omNode-1@group-523986131536->omNode-2: nextIndex: updateUnconditionally 416 -> 45
2020-07-01 01:06:03,740 [grpc-default-executor-7] WARN  server.GrpcLogAppender (LogUtils.java:warn(122)) - omNode-1@group-523986131536->omNode-2-AppendLogResponseHandler: Failed appendEntries: org.apache.ratis.thirdparty.io.grpc.StatusRuntimeException: UNAVAILABLE: io exception
2020-07-01 01:06:03,740 [grpc-default-executor-7] INFO  impl.FollowerInfo (FollowerInfo.java:lambda$new$0(51)) - omNode-1@group-523986131536->omNode-2: nextIndex: updateUnconditionally 416 -> 45
2020-07-01 01:06:03,741 [Thread-5233] DEBUG impl.RaftServerImpl (RaftServerImpl.java:logAppendEntries(928)) - omNode-3@group-523986131536: succeeded to handle AppendEntries. Reply: omNode-1<-omNode-3#440:OK,SUCCESS,nextIndex:416,term:1,followerCommit:414
2020-07-01 01:06:03,741 [grpc-default-executor-7] DEBUG server.GrpcLogAppender (GrpcLogAppender.java:onNext(257)) - omNode-1@group-523986131536->omNode-3-AppendLogResponseHandler: received a reply omNode-1<-omNode-3#440:OK,SUCCESS,nextIndex:416,term:1,followerCommit:414, request=AppendEntriesRequest:cid=440,entriesCount=1,lastEntry=(t:1, i:415)
2020-07-01 01:06:03,742 [grpc-default-executor-7] DEBUG impl.RaftServerImpl (RaftServerImpl.java:logAppendEntries(928)) - omNode-3@group-523986131536: receive appendEntries(omNode-1, 1, (t:1, i:415), 415, false, commits[omNode-1:c415, omNode-3:c414, omNode-2:c43], entries: (t:1, i:416), METADATAENTRY(c:415)
2020-07-01 01:06:03,742 [grpc-default-executor-7] INFO  ratis.OzoneManagerStateMachine (OzoneManagerStateMachine.java:getLatestSnapshot(147)) - Latest Snapshot Info 1#399
2020-07-01 01:06:03,742 [grpc-default-executor-7] INFO  ratis.OzoneManagerStateMachine (OzoneManagerStateMachine.java:getLatestSnapshot(147)) - Latest Snapshot Info 1#399
2020-07-01 01:06:03,744 [grpc-default-executor-7] WARN  server.GrpcLogAppender (LogUtils.java:warn(122)) - omNode-1@group-523986131536->omNode-2-AppendLogResponseHandler: Failed appendEntries: org.apache.ratis.thirdparty.io.grpc.StatusRuntimeException: UNAVAILABLE: io exception
2020-07-01 01:06:03,744 [grpc-default-executor-7] INFO  impl.FollowerInfo (FollowerInfo.java:lambda$new$0(51)) - omNode-1@group-523986131536->omNode-2: nextIndex: updateUnconditionally 416 -> 45
2020-07-01 01:06:03,746 [IPC Server handler 17 on default port 11860] DEBUG impl.RaftServerImpl (RaftServerImpl.java:submitClientRequestAsync(575)) - omNode-1@group-523986131536: receive client request(RaftClientRequest:client-6E5155DBE9B8->omNode-1@group-523986131536, cid=531, seq=0, RW, Message:081f12001a13636c6965...(size=409))
2020-07-01 01:06:03,746 [IPC Server handler 17 on default port 11860] DEBUG impl.RaftServerImpl (LeaderState.java:addPendingRequest(335)) - omNode-1@group-523986131536-LeaderState: addPendingRequest at RaftClientRequest:client-6E5155DBE9B8->omNode-1@group-523986131536, cid=531, seq=0, RW, Message:081f12001a13636c6965...(size=409), entry=(t:1, i:417), STATEMACHINELOGENTRY, client-6E5155DBE9B8, cid=531
2020-07-01 01:06:03,747 [grpc-default-executor-7] DEBUG impl.RaftServerImpl (RaftServerImpl.java:logAppendEntries(928)) - omNode-3@group-523986131536: receive appendEntries(omNode-1, 1, (t:1, i:416), 415, false, commits[omNode-1:c415, omNode-3:c414, omNode-2:c43], entries: (t:1, i:417), STATEMACHINELOGENTRY, client-6E5155DBE9B8, cid=531
2020-07-01 01:06:03,747 [grpc-default-executor-7] INFO  ratis.OzoneManagerStateMachine (OzoneManagerStateMachine.java:getLatestSnapshot(147)) - Latest Snapshot Info 1#399
2020-07-01 01:06:03,747 [grpc-default-executor-7] INFO  ratis.OzoneManagerStateMachine (OzoneManagerStateMachine.java:getLatestSnapshot(147)) - Latest Snapshot Info 1#399
2020-07-01 01:06:03,748 [grpc-default-executor-7] WARN  server.GrpcLogAppender (LogUtils.java:warn(122)) - omNode-1@group-523986131536->omNode-2-AppendLogResponseHandler: Failed appendEntries: org.apache.ratis.thirdparty.io.grpc.StatusRuntimeException: UNAVAILABLE: io exception
2020-07-01 01:06:03,748 [grpc-default-executor-7] INFO  impl.FollowerInfo (FollowerInfo.java:lambda$new$0(51)) - omNode-1@group-523986131536->omNode-2: nextIndex: updateUnconditionally 417 -> 45
2020-07-01 01:06:03,749 [Thread-5234] DEBUG impl.RaftServerImpl (RaftServerImpl.java:logAppendEntries(928)) - omNode-3@group-523986131536: succeeded to handle AppendEntries. Reply: omNode-1<-omNode-3#441:OK,SUCCESS,nextIndex:417,term:1,followerCommit:415
2020-07-01 01:06:03,750 [grpc-default-executor-8] DEBUG server.GrpcLogAppender (GrpcLogAppender.java:onNext(257)) - omNode-1@group-523986131536->omNode-3-AppendLogResponseHandler: received a reply omNode-1<-omNode-3#441:OK,SUCCESS,nextIndex:417,term:1,followerCommit:415, request=AppendEntriesRequest:cid=441,entriesCount=1,lastEntry=(t:1, i:416)
2020-07-01 01:06:03,751 [grpc-default-executor-1] WARN  server.GrpcLogAppender (LogUtils.java:warn(122)) - omNode-1@group-523986131536->omNode-2-AppendLogResponseHandler: Failed appendEntries: org.apache.ratis.thirdparty.io.grpc.StatusRuntimeException: UNAVAILABLE: io exception
2020-07-01 01:06:03,751 [grpc-default-executor-1] INFO  impl.FollowerInfo (FollowerInfo.java:lambda$new$0(51)) - omNode-1@group-523986131536->omNode-2: nextIndex: updateUnconditionally 418 -> 45
2020-07-01 01:06:03,753 [grpc-default-executor-1] WARN  server.GrpcLogAppender (LogUtils.java:warn(122)) - omNode-1@group-523986131536->omNode-2-AppendLogResponseHandler: Failed appendEntries: org.apache.ratis.thirdparty.io.grpc.StatusRuntimeException: UNAVAILABLE: io exception
2020-07-01 01:06:03,753 [grpc-default-executor-1] INFO  impl.FollowerInfo (FollowerInfo.java:lambda$new$0(51)) - omNode-1@group-523986131536->omNode-2: nextIndex: updateUnconditionally 418 -> 45
2020-07-01 01:06:03,755 [grpc-default-executor-1] WARN  server.GrpcLogAppender (LogUtils.java:warn(122)) - omNode-1@group-523986131536->omNode-2-AppendLogResponseHandler: Failed appendEntries: org.apache.ratis.thirdparty.io.grpc.StatusRuntimeException: UNAVAILABLE: io exception
2020-07-01 01:06:03,755 [grpc-default-executor-1] INFO  impl.FollowerInfo (FollowerInfo.java:lambda$new$0(51)) - omNode-1@group-523986131536->omNode-2: nextIndex: updateUnconditionally 418 -> 45
2020-07-01 01:06:03,756 [Thread-5235] DEBUG impl.RaftServerImpl (RaftServerImpl.java:logAppendEntries(928)) - omNode-3@group-523986131536: succeeded to handle AppendEntries. Reply: omNode-1<-omNode-3#442:OK,SUCCESS,nextIndex:418,term:1,followerCommit:415
2020-07-01 01:06:03,756 [grpc-default-executor-1] DEBUG server.GrpcLogAppender (GrpcLogAppender.java:onNext(257)) - omNode-1@group-523986131536->omNode-3-AppendLogResponseHandler: received a reply omNode-1<-omNode-3#442:OK,SUCCESS,nextIndex:418,term:1,followerCommit:415, request=AppendEntriesRequest:cid=442,entriesCount=1,lastEntry=(t:1, i:417)
2020-07-01 01:06:03,757 [grpc-default-executor-1] DEBUG impl.RaftServerImpl (RaftServerImpl.java:logAppendEntries(928)) - omNode-3@group-523986131536: receive appendEntries(omNode-1, 1, (t:1, i:417), 417, false, commits[omNode-1:c417, omNode-3:c415, omNode-2:c43], entries: (t:1, i:418), METADATAENTRY(c:417)
2020-07-01 01:06:03,757 [grpc-default-executor-1] INFO  ratis.OzoneManagerStateMachine (OzoneManagerStateMachine.java:getLatestSnapshot(147)) - Latest Snapshot Info 1#399
2020-07-01 01:06:03,757 [grpc-default-executor-1] INFO  ratis.OzoneManagerStateMachine (OzoneManagerStateMachine.java:getLatestSnapshot(147)) - Latest Snapshot Info 1#399
2020-07-01 01:06:03,759 [grpc-default-executor-1] WARN  server.GrpcLogAppender (LogUtils.java:warn(122)) - omNode-1@group-523986131536->omNode-2-AppendLogResponseHandler: Failed appendEntries: org.apache.ratis.thirdparty.io.grpc.StatusRuntimeException: UNAVAILABLE: io exception
2020-07-01 01:06:03,759 [grpc-default-executor-1] INFO  impl.FollowerInfo (FollowerInfo.java:lambda$new$0(51)) - omNode-1@group-523986131536->omNode-2: nextIndex: updateUnconditionally 418 -> 45
2020-07-01 01:06:03,762 [Thread-5236] DEBUG impl.RaftServerImpl (RaftServerImpl.java:logAppendEntries(928)) - omNode-3@group-523986131536: succeeded to handle AppendEntries. Reply: omNode-1<-omNode-3#443:OK,SUCCESS,nextIndex:419,term:1,followerCommit:417
2020-07-01 01:06:03,762 [grpc-default-executor-1] WARN  server.GrpcLogAppender (LogUtils.java:warn(122)) - omNode-1@group-523986131536->omNode-2-AppendLogResponseHandler: Failed appendEntries: org.apache.ratis.thirdparty.io.grpc.StatusRuntimeException: UNAVAILABLE: io exception
2020-07-01 01:06:03,762 [grpc-default-executor-1] INFO  impl.FollowerInfo (FollowerInfo.java:lambda$new$0(51)) - omNode-1@group-523986131536->omNode-2: nextIndex: updateUnconditionally 419 -> 45
2020-07-01 01:06:03,763 [grpc-default-executor-1] DEBUG server.GrpcLogAppender (GrpcLogAppender.java:onNext(257)) - omNode-1@group-523986131536->omNode-3-AppendLogResponseHandler: received a reply omNode-1<-omNode-3#443:OK,SUCCESS,nextIndex:419,term:1,followerCommit:417, request=AppendEntriesRequest:cid=443,entriesCount=1,lastEntry=(t:1, i:418)
2020-07-01 01:06:03,765 [grpc-default-executor-8] WARN  server.GrpcLogAppender (LogUtils.java:warn(122)) - omNode-1@group-523986131536->omNode-2-AppendLogResponseHandler: Failed appendEntries: org.apache.ratis.thirdparty.io.grpc.StatusRuntimeException: UNAVAILABLE: io exception
2020-07-01 01:06:03,765 [grpc-default-executor-8] INFO  impl.FollowerInfo (FollowerInfo.java:lambda$new$0(51)) - omNode-1@group-523986131536->omNode-2: nextIndex: updateUnconditionally 419 -> 45
2020-07-01 01:06:03,766 [IPC Server handler 11 on default port 11860] DEBUG impl.RaftServerImpl (RaftServerImpl.java:submitClientRequestAsync(575)) - omNode-1@group-523986131536: receive client request(RaftClientRequest:client-6E5155DBE9B8->omNode-1@group-523986131536, cid=532, seq=0, RW, Message:082412001a13636c6965...(size=360))
2020-07-01 01:06:03,766 [IPC Server handler 11 on default port 11860] DEBUG impl.RaftServerImpl (LeaderState.java:addPendingRequest(335)) - omNode-1@group-523986131536-LeaderState: addPendingRequest at RaftClientRequest:client-6E5155DBE9B8->omNode-1@group-523986131536, cid=532, seq=0, RW, Message:082412001a13636c6965...(size=360), entry=(t:1, i:419), STATEMACHINELOGENTRY, client-6E5155DBE9B8, cid=532
2020-07-01 01:06:03,767 [grpc-default-executor-8] DEBUG impl.RaftServerImpl (RaftServerImpl.java:logAppendEntries(928)) - omNode-3@group-523986131536: receive appendEntries(omNode-1, 1, (t:1, i:418), 418, false, commits[omNode-1:c418, omNode-3:c417, omNode-2:c43], entries: (t:1, i:419), STATEMACHINELOGENTRY, client-6E5155DBE9B8, cid=532
2020-07-01 01:06:03,767 [grpc-default-executor-8] INFO  ratis.OzoneManagerStateMachine (OzoneManagerStateMachine.java:getLatestSnapshot(147)) - Latest Snapshot Info 1#399
2020-07-01 01:06:03,767 [grpc-default-executor-8] INFO  ratis.OzoneManagerStateMachine (OzoneManagerStateMachine.java:getLatestSnapshot(147)) - Latest Snapshot Info 1#399
2020-07-01 01:06:03,768 [grpc-default-executor-7] WARN  server.GrpcLogAppender (LogUtils.java:warn(122)) - omNode-1@group-523986131536->omNode-2-AppendLogResponseHandler: Failed appendEntries: org.apache.ratis.thirdparty.io.grpc.StatusRuntimeException: UNAVAILABLE: io exception
2020-07-01 01:06:03,768 [Thread-5237] DEBUG impl.RaftServerImpl (RaftServerImpl.java:logAppendEntries(928)) - omNode-3@group-523986131536: succeeded to handle AppendEntries. Reply: omNode-1<-omNode-3#444:OK,SUCCESS,nextIndex:420,term:1,followerCommit:418
2020-07-01 01:06:03,768 [grpc-default-executor-7] INFO  impl.FollowerInfo (FollowerInfo.java:lambda$new$0(51)) - omNode-1@group-523986131536->omNode-2: nextIndex: updateUnconditionally 420 -> 45
2020-07-01 01:06:03,769 [grpc-default-executor-7] DEBUG server.GrpcLogAppender (GrpcLogAppender.java:onNext(257)) - omNode-1@group-523986131536->omNode-3-AppendLogResponseHandler: received a reply omNode-1<-omNode-3#444:OK,SUCCESS,nextIndex:420,term:1,followerCommit:418, request=AppendEntriesRequest:cid=444,entriesCount=1,lastEntry=(t:1, i:419)
2020-07-01 01:06:03,769 [grpc-default-executor-7] DEBUG impl.RaftServerImpl (RaftServerImpl.java:logAppendEntries(928)) - omNode-3@group-523986131536: receive appendEntries(omNode-1, 1, (t:1, i:419), 419, false, commits[omNode-1:c419, omNode-3:c418, omNode-2:c43], entries: (t:1, i:420), METADATAENTRY(c:419)
2020-07-01 01:06:03,769 [grpc-default-executor-7] INFO  ratis.OzoneManagerStateMachine (OzoneManagerStateMachine.java:getLatestSnapshot(147)) - Latest Snapshot Info 1#399
2020-07-01 01:06:03,769 [grpc-default-executor-7] INFO  ratis.OzoneManagerStateMachine (OzoneManagerStateMachine.java:getLatestSnapshot(147)) - Latest Snapshot Info 1#399
2020-07-01 01:06:03,772 [grpc-default-executor-8] WARN  server.GrpcLogAppender (LogUtils.java:warn(122)) - omNode-1@group-523986131536->omNode-2-AppendLogResponseHandler: Failed appendEntries: org.apache.ratis.thirdparty.io.grpc.StatusRuntimeException: UNAVAILABLE: io exception
2020-07-01 01:06:03,773 [grpc-default-executor-8] INFO  impl.FollowerInfo (FollowerInfo.java:lambda$new$0(51)) - omNode-1@group-523986131536->omNode-2: nextIndex: updateUnconditionally 421 -> 45
2020-07-01 01:06:03,773 [Thread-5238] DEBUG impl.RaftServerImpl (RaftServerImpl.java:logAppendEntries(928)) - omNode-3@group-523986131536: succeeded to handle AppendEntries. Reply: omNode-1<-omNode-3#445:OK,SUCCESS,nextIndex:421,term:1,followerCommit:419
2020-07-01 01:06:03,773 [grpc-default-executor-8] DEBUG server.GrpcLogAppender (GrpcLogAppender.java:onNext(257)) - omNode-1@group-523986131536->omNode-3-AppendLogResponseHandler: received a reply omNode-1<-omNode-3#445:OK,SUCCESS,nextIndex:421,term:1,followerCommit:419, request=AppendEntriesRequest:cid=445,entriesCount=1,lastEntry=(t:1, i:420)
2020-07-01 01:06:03,773 [IPC Server handler 13 on default port 11860] DEBUG impl.RaftServerImpl (RaftServerImpl.java:submitClientRequestAsync(575)) - omNode-1@group-523986131536: receive client request(RaftClientRequest:client-6E5155DBE9B8->omNode-1@group-523986131536, cid=533, seq=0, RW, Message:081f12001a13636c6965...(size=409))
2020-07-01 01:06:03,774 [IPC Server handler 13 on default port 11860] DEBUG impl.RaftServerImpl (LeaderState.java:addPendingRequest(335)) - omNode-1@group-523986131536-LeaderState: addPendingRequest at RaftClientRequest:client-6E5155DBE9B8->omNode-1@group-523986131536, cid=533, seq=0, RW, Message:081f12001a13636c6965...(size=409), entry=(t:1, i:421), STATEMACHINELOGENTRY, client-6E5155DBE9B8, cid=533
2020-07-01 01:06:03,775 [grpc-default-executor-8] DEBUG impl.RaftServerImpl (RaftServerImpl.java:logAppendEntries(928)) - omNode-3@group-523986131536: receive appendEntries(omNode-1, 1, (t:1, i:420), 420, false, commits[omNode-1:c420, omNode-3:c419, omNode-2:c43], entries: (t:1, i:421), STATEMACHINELOGENTRY, client-6E5155DBE9B8, cid=533
2020-07-01 01:06:03,775 [grpc-default-executor-8] INFO  ratis.OzoneManagerStateMachine (OzoneManagerStateMachine.java:getLatestSnapshot(147)) - Latest Snapshot Info 1#399
2020-07-01 01:06:03,775 [grpc-default-executor-8] INFO  ratis.OzoneManagerStateMachine (OzoneManagerStateMachine.java:getLatestSnapshot(147)) - Latest Snapshot Info 1#399
2020-07-01 01:06:03,776 [grpc-default-executor-7] WARN  server.GrpcLogAppender (LogUtils.java:warn(122)) - omNode-1@group-523986131536->omNode-2-AppendLogResponseHandler: Failed appendEntries: org.apache.ratis.thirdparty.io.grpc.StatusRuntimeException: UNAVAILABLE: io exception
2020-07-01 01:06:03,776 [grpc-default-executor-7] INFO  impl.FollowerInfo (FollowerInfo.java:lambda$new$0(51)) - omNode-1@group-523986131536->omNode-2: nextIndex: updateUnconditionally 422 -> 45
2020-07-01 01:06:03,776 [Thread-5239] DEBUG impl.RaftServerImpl (RaftServerImpl.java:logAppendEntries(928)) - omNode-3@group-523986131536: succeeded to handle AppendEntries. Reply: omNode-1<-omNode-3#446:OK,SUCCESS,nextIndex:422,term:1,followerCommit:420
2020-07-01 01:06:03,776 [grpc-default-executor-7] DEBUG server.GrpcLogAppender (GrpcLogAppender.java:onNext(257)) - omNode-1@group-523986131536->omNode-3-AppendLogResponseHandler: received a reply omNode-1<-omNode-3#446:OK,SUCCESS,nextIndex:422,term:1,followerCommit:420, request=AppendEntriesRequest:cid=446,entriesCount=1,lastEntry=(t:1, i:421)
2020-07-01 01:06:03,777 [grpc-default-executor-7] DEBUG impl.RaftServerImpl (RaftServerImpl.java:logAppendEntries(928)) - omNode-3@group-523986131536: receive appendEntries(omNode-1, 1, (t:1, i:421), 421, false, commits[omNode-1:c421, omNode-3:c420, omNode-2:c43], entries: (t:1, i:422), METADATAENTRY(c:421)
2020-07-01 01:06:03,777 [grpc-default-executor-7] INFO  ratis.OzoneManagerStateMachine (OzoneManagerStateMachine.java:getLatestSnapshot(147)) - Latest Snapshot Info 1#399
2020-07-01 01:06:03,777 [grpc-default-executor-7] INFO  ratis.OzoneManagerStateMachine (OzoneManagerStateMachine.java:getLatestSnapshot(147)) - Latest Snapshot Info 1#399
2020-07-01 01:06:03,781 [grpc-default-executor-8] WARN  server.GrpcLogAppender (LogUtils.java:warn(122)) - omNode-1@group-523986131536->omNode-2-AppendLogResponseHandler: Failed appendEntries: org.apache.ratis.thirdparty.io.grpc.StatusRuntimeException: UNAVAILABLE: io exception
2020-07-01 01:06:03,781 [grpc-default-executor-8] INFO  impl.FollowerInfo (FollowerInfo.java:lambda$new$0(51)) - omNode-1@group-523986131536->omNode-2: nextIndex: updateUnconditionally 423 -> 45
2020-07-01 01:06:03,788 [Thread-5240] DEBUG impl.RaftServerImpl (RaftServerImpl.java:logAppendEntries(928)) - omNode-3@group-523986131536: succeeded to handle AppendEntries. Reply: omNode-1<-omNode-3#447:OK,SUCCESS,nextIndex:423,term:1,followerCommit:421
2020-07-01 01:06:03,789 [IPC Server handler 18 on default port 11860] DEBUG impl.RaftServerImpl (RaftServerImpl.java:submitClientRequestAsync(575)) - omNode-1@group-523986131536: receive client request(RaftClientRequest:client-6E5155DBE9B8->omNode-1@group-523986131536, cid=534, seq=0, RW, Message:082412001a13636c6965...(size=360))
2020-07-01 01:06:03,789 [IPC Server handler 18 on default port 11860] DEBUG impl.RaftServerImpl (LeaderState.java:addPendingRequest(335)) - omNode-1@group-523986131536-LeaderState: addPendingRequest at RaftClientRequest:client-6E5155DBE9B8->omNode-1@group-523986131536, cid=534, seq=0, RW, Message:082412001a13636c6965...(size=360), entry=(t:1, i:423), STATEMACHINELOGENTRY, client-6E5155DBE9B8, cid=534
2020-07-01 01:06:03,789 [grpc-default-executor-8] DEBUG server.GrpcLogAppender (GrpcLogAppender.java:onNext(257)) - omNode-1@group-523986131536->omNode-3-AppendLogResponseHandler: received a reply omNode-1<-omNode-3#447:OK,SUCCESS,nextIndex:423,term:1,followerCommit:421, request=AppendEntriesRequest:cid=447,entriesCount=1,lastEntry=(t:1, i:422)
2020-07-01 01:06:03,791 [grpc-default-executor-1] WARN  server.GrpcLogAppender (LogUtils.java:warn(122)) - omNode-1@group-523986131536->omNode-2-AppendLogResponseHandler: Failed appendEntries: org.apache.ratis.thirdparty.io.grpc.StatusRuntimeException: UNAVAILABLE: io exception
2020-07-01 01:06:03,791 [grpc-default-executor-1] INFO  impl.FollowerInfo (FollowerInfo.java:lambda$new$0(51)) - omNode-1@group-523986131536->omNode-2: nextIndex: updateUnconditionally 424 -> 45
2020-07-01 01:06:03,792 [grpc-default-executor-8] DEBUG impl.RaftServerImpl (RaftServerImpl.java:logAppendEntries(928)) - omNode-3@group-523986131536: receive appendEntries(omNode-1, 1, (t:1, i:422), 421, false, commits[omNode-1:c421, omNode-3:c420, omNode-2:c43], entries: (t:1, i:423), STATEMACHINELOGENTRY, client-6E5155DBE9B8, cid=534
2020-07-01 01:06:03,792 [grpc-default-executor-8] INFO  ratis.OzoneManagerStateMachine (OzoneManagerStateMachine.java:getLatestSnapshot(147)) - Latest Snapshot Info 1#399
2020-07-01 01:06:03,792 [grpc-default-executor-8] INFO  ratis.OzoneManagerStateMachine (OzoneManagerStateMachine.java:getLatestSnapshot(147)) - Latest Snapshot Info 1#399
2020-07-01 01:06:03,792 [Thread-5241] DEBUG impl.RaftServerImpl (RaftServerImpl.java:logAppendEntries(928)) - omNode-3@group-523986131536: succeeded to handle AppendEntries. Reply: omNode-1<-omNode-3#448:OK,SUCCESS,nextIndex:424,term:1,followerCommit:421
2020-07-01 01:06:03,793 [grpc-default-executor-8] DEBUG server.GrpcLogAppender (GrpcLogAppender.java:onNext(257)) - omNode-1@group-523986131536->omNode-3-AppendLogResponseHandler: received a reply omNode-1<-omNode-3#448:OK,SUCCESS,nextIndex:424,term:1,followerCommit:421, request=AppendEntriesRequest:cid=448,entriesCount=1,lastEntry=(t:1, i:423)
2020-07-01 01:06:03,793 [grpc-default-executor-8] DEBUG impl.RaftServerImpl (RaftServerImpl.java:logAppendEntries(928)) - omNode-3@group-523986131536: receive appendEntries(omNode-1, 1, (t:1, i:423), 423, false, commits[omNode-1:c423, omNode-3:c421, omNode-2:c43], entries: (t:1, i:424), METADATAENTRY(c:423)
2020-07-01 01:06:03,793 [grpc-default-executor-8] INFO  ratis.OzoneManagerStateMachine (OzoneManagerStateMachine.java:getLatestSnapshot(147)) - Latest Snapshot Info 1#399
2020-07-01 01:06:03,793 [grpc-default-executor-8] INFO  ratis.OzoneManagerStateMachine (OzoneManagerStateMachine.java:getLatestSnapshot(147)) - Latest Snapshot Info 1#399
2020-07-01 01:06:03,796 [grpc-default-executor-1] WARN  server.GrpcLogAppender (LogUtils.java:warn(122)) - omNode-1@group-523986131536->omNode-2-AppendLogResponseHandler: Failed appendEntries: org.apache.ratis.thirdparty.io.grpc.StatusRuntimeException: UNAVAILABLE: io exception
2020-07-01 01:06:03,796 [grpc-default-executor-1] INFO  impl.FollowerInfo (FollowerInfo.java:lambda$new$0(51)) - omNode-1@group-523986131536->omNode-2: nextIndex: updateUnconditionally 425 -> 45
2020-07-01 01:06:03,796 [Thread-5242] DEBUG impl.RaftServerImpl (RaftServerImpl.java:logAppendEntries(928)) - omNode-3@group-523986131536: succeeded to handle AppendEntries. Reply: omNode-1<-omNode-3#449:OK,SUCCESS,nextIndex:425,term:1,followerCommit:423
2020-07-01 01:06:03,796 [grpc-default-executor-1] DEBUG server.GrpcLogAppender (GrpcLogAppender.java:onNext(257)) - omNode-1@group-523986131536->omNode-3-AppendLogResponseHandler: received a reply omNode-1<-omNode-3#449:OK,SUCCESS,nextIndex:425,term:1,followerCommit:423, request=AppendEntriesRequest:cid=449,entriesCount=1,lastEntry=(t:1, i:424)
2020-07-01 01:06:03,797 [IPC Server handler 15 on default port 11860] DEBUG impl.RaftServerImpl (RaftServerImpl.java:submitClientRequestAsync(575)) - omNode-1@group-523986131536: receive client request(RaftClientRequest:client-6E5155DBE9B8->omNode-1@group-523986131536, cid=535, seq=0, RW, Message:081f12001a13636c6965...(size=409))
2020-07-01 01:06:03,797 [IPC Server handler 15 on default port 11860] DEBUG impl.RaftServerImpl (LeaderState.java:addPendingRequest(335)) - omNode-1@group-523986131536-LeaderState: addPendingRequest at RaftClientRequest:client-6E5155DBE9B8->omNode-1@group-523986131536, cid=535, seq=0, RW, Message:081f12001a13636c6965...(size=409), entry=(t:1, i:425), STATEMACHINELOGENTRY, client-6E5155DBE9B8, cid=535
2020-07-01 01:06:03,797 [grpc-default-executor-1] DEBUG impl.RaftServerImpl (RaftServerImpl.java:logAppendEntries(928)) - omNode-3@group-523986131536: receive appendEntries(omNode-1, 1, (t:1, i:424), 424, false, commits[omNode-1:c424, omNode-3:c423, omNode-2:c43], entries: (t:1, i:425), STATEMACHINELOGENTRY, client-6E5155DBE9B8, cid=535
2020-07-01 01:06:03,798 [grpc-default-executor-1] INFO  ratis.OzoneManagerStateMachine (OzoneManagerStateMachine.java:getLatestSnapshot(147)) - Latest Snapshot Info 1#399
2020-07-01 01:06:03,798 [grpc-default-executor-1] INFO  ratis.OzoneManagerStateMachine (OzoneManagerStateMachine.java:getLatestSnapshot(147)) - Latest Snapshot Info 1#399
2020-07-01 01:06:03,799 [Thread-5243] DEBUG impl.RaftServerImpl (RaftServerImpl.java:logAppendEntries(928)) - omNode-3@group-523986131536: succeeded to handle AppendEntries. Reply: omNode-1<-omNode-3#450:OK,SUCCESS,nextIndex:426,term:1,followerCommit:424
2020-07-01 01:06:03,799 [grpc-default-executor-8] DEBUG server.GrpcLogAppender (GrpcLogAppender.java:onNext(257)) - omNode-1@group-523986131536->omNode-3-AppendLogResponseHandler: received a reply omNode-1<-omNode-3#450:OK,SUCCESS,nextIndex:426,term:1,followerCommit:424, request=AppendEntriesRequest:cid=450,entriesCount=1,lastEntry=(t:1, i:425)
2020-07-01 01:06:03,800 [grpc-default-executor-8] WARN  server.GrpcLogAppender (LogUtils.java:warn(122)) - omNode-1@group-523986131536->omNode-2-AppendLogResponseHandler: Failed appendEntries: org.apache.ratis.thirdparty.io.grpc.StatusRuntimeException: UNAVAILABLE: io exception
2020-07-01 01:06:03,800 [grpc-default-executor-8] INFO  impl.FollowerInfo (FollowerInfo.java:lambda$new$0(51)) - omNode-1@group-523986131536->omNode-2: nextIndex: updateUnconditionally 426 -> 45
2020-07-01 01:06:03,802 [grpc-default-executor-8] DEBUG impl.RaftServerImpl (RaftServerImpl.java:logAppendEntries(928)) - omNode-3@group-523986131536: receive appendEntries(omNode-1, 1, (t:1, i:425), 425, false, commits[omNode-1:c425, omNode-3:c424, omNode-2:c43], entries: (t:1, i:426), METADATAENTRY(c:425)
2020-07-01 01:06:03,802 [grpc-default-executor-8] INFO  ratis.OzoneManagerStateMachine (OzoneManagerStateMachine.java:getLatestSnapshot(147)) - Latest Snapshot Info 1#399
2020-07-01 01:06:03,802 [grpc-default-executor-8] INFO  ratis.OzoneManagerStateMachine (OzoneManagerStateMachine.java:getLatestSnapshot(147)) - Latest Snapshot Info 1#399
2020-07-01 01:06:03,804 [Thread-5244] DEBUG impl.RaftServerImpl (RaftServerImpl.java:logAppendEntries(928)) - omNode-3@group-523986131536: succeeded to handle AppendEntries. Reply: omNode-1<-omNode-3#451:OK,SUCCESS,nextIndex:427,term:1,followerCommit:425
2020-07-01 01:06:03,804 [grpc-default-executor-8] DEBUG server.GrpcLogAppender (GrpcLogAppender.java:onNext(257)) - omNode-1@group-523986131536->omNode-3-AppendLogResponseHandler: received a reply omNode-1<-omNode-3#451:OK,SUCCESS,nextIndex:427,term:1,followerCommit:425, request=AppendEntriesRequest:cid=451,entriesCount=1,lastEntry=(t:1, i:426)
2020-07-01 01:06:03,806 [IPC Server handler 14 on default port 11860] DEBUG impl.RaftServerImpl (RaftServerImpl.java:submitClientRequestAsync(575)) - omNode-1@group-523986131536: receive client request(RaftClientRequest:client-6E5155DBE9B8->omNode-1@group-523986131536, cid=536, seq=0, RW, Message:082412001a13636c6965...(size=360))
2020-07-01 01:06:03,807 [IPC Server handler 14 on default port 11860] DEBUG impl.RaftServerImpl (LeaderState.java:addPendingRequest(335)) - omNode-1@group-523986131536-LeaderState: addPendingRequest at RaftClientRequest:client-6E5155DBE9B8->omNode-1@group-523986131536, cid=536, seq=0, RW, Message:082412001a13636c6965...(size=360), entry=(t:1, i:427), STATEMACHINELOGENTRY, client-6E5155DBE9B8, cid=536
2020-07-01 01:06:03,807 [grpc-default-executor-1] WARN  server.GrpcLogAppender (LogUtils.java:warn(122)) - omNode-1@group-523986131536->omNode-2-AppendLogResponseHandler: Failed appendEntries: org.apache.ratis.thirdparty.io.grpc.StatusRuntimeException: UNAVAILABLE: io exception
2020-07-01 01:06:03,807 [grpc-default-executor-1] INFO  impl.FollowerInfo (FollowerInfo.java:lambda$new$0(51)) - omNode-1@group-523986131536->omNode-2: nextIndex: updateUnconditionally 427 -> 45
2020-07-01 01:06:03,807 [grpc-default-executor-1] DEBUG impl.RaftServerImpl (RaftServerImpl.java:logAppendEntries(928)) - omNode-3@group-523986131536: receive appendEntries(omNode-1, 1, (t:1, i:426), 426, false, commits[omNode-1:c426, omNode-3:c425, omNode-2:c43], entries: (t:1, i:427), STATEMACHINELOGENTRY, client-6E5155DBE9B8, cid=536
2020-07-01 01:06:03,807 [grpc-default-executor-1] INFO  ratis.OzoneManagerStateMachine (OzoneManagerStateMachine.java:getLatestSnapshot(147)) - Latest Snapshot Info 1#399
2020-07-01 01:06:03,808 [grpc-default-executor-1] INFO  ratis.OzoneManagerStateMachine (OzoneManagerStateMachine.java:getLatestSnapshot(147)) - Latest Snapshot Info 1#399
2020-07-01 01:06:03,808 [Thread-5245] DEBUG impl.RaftServerImpl (RaftServerImpl.java:logAppendEntries(928)) - omNode-3@group-523986131536: succeeded to handle AppendEntries. Reply: omNode-1<-omNode-3#452:OK,SUCCESS,nextIndex:428,term:1,followerCommit:426
2020-07-01 01:06:03,808 [grpc-default-executor-1] DEBUG server.GrpcLogAppender (GrpcLogAppender.java:onNext(257)) - omNode-1@group-523986131536->omNode-3-AppendLogResponseHandler: received a reply omNode-1<-omNode-3#452:OK,SUCCESS,nextIndex:428,term:1,followerCommit:426, request=AppendEntriesRequest:cid=452,entriesCount=1,lastEntry=(t:1, i:427)
2020-07-01 01:06:03,809 [grpc-default-executor-1] DEBUG impl.RaftServerImpl (RaftServerImpl.java:logAppendEntries(928)) - omNode-3@group-523986131536: receive appendEntries(omNode-1, 1, (t:1, i:427), 427, false, commits[omNode-1:c427, omNode-3:c426, omNode-2:c43], entries: (t:1, i:428), METADATAENTRY(c:427)
2020-07-01 01:06:03,809 [grpc-default-executor-1] INFO  ratis.OzoneManagerStateMachine (OzoneManagerStateMachine.java:getLatestSnapshot(147)) - Latest Snapshot Info 1#399
2020-07-01 01:06:03,809 [grpc-default-executor-1] INFO  ratis.OzoneManagerStateMachine (OzoneManagerStateMachine.java:getLatestSnapshot(147)) - Latest Snapshot Info 1#399
2020-07-01 01:06:03,810 [Thread-5246] DEBUG impl.RaftServerImpl (RaftServerImpl.java:logAppendEntries(928)) - omNode-3@group-523986131536: succeeded to handle AppendEntries. Reply: omNode-1<-omNode-3#453:OK,SUCCESS,nextIndex:429,term:1,followerCommit:427
2020-07-01 01:06:03,811 [grpc-default-executor-8] DEBUG server.GrpcLogAppender (GrpcLogAppender.java:onNext(257)) - omNode-1@group-523986131536->omNode-3-AppendLogResponseHandler: received a reply omNode-1<-omNode-3#453:OK,SUCCESS,nextIndex:429,term:1,followerCommit:427, request=AppendEntriesRequest:cid=453,entriesCount=1,lastEntry=(t:1, i:428)
2020-07-01 01:06:03,812 [grpc-default-executor-8] WARN  server.GrpcLogAppender (LogUtils.java:warn(122)) - omNode-1@group-523986131536->omNode-2-AppendLogResponseHandler: Failed appendEntries: org.apache.ratis.thirdparty.io.grpc.StatusRuntimeException: UNAVAILABLE: io exception
2020-07-01 01:06:03,812 [grpc-default-executor-8] INFO  impl.FollowerInfo (FollowerInfo.java:lambda$new$0(51)) - omNode-1@group-523986131536->omNode-2: nextIndex: updateUnconditionally 429 -> 45
2020-07-01 01:06:03,812 [IPC Server handler 16 on default port 11860] DEBUG impl.RaftServerImpl (RaftServerImpl.java:submitClientRequestAsync(575)) - omNode-1@group-523986131536: receive client request(RaftClientRequest:client-6E5155DBE9B8->omNode-1@group-523986131536, cid=537, seq=0, RW, Message:081f12001a13636c6965...(size=409))
2020-07-01 01:06:03,813 [IPC Server handler 16 on default port 11860] DEBUG impl.RaftServerImpl (LeaderState.java:addPendingRequest(335)) - omNode-1@group-523986131536-LeaderState: addPendingRequest at RaftClientRequest:client-6E5155DBE9B8->omNode-1@group-523986131536, cid=537, seq=0, RW, Message:081f12001a13636c6965...(size=409), entry=(t:1, i:429), STATEMACHINELOGENTRY, client-6E5155DBE9B8, cid=537
2020-07-01 01:06:03,815 [grpc-default-executor-1] DEBUG impl.RaftServerImpl (RaftServerImpl.java:logAppendEntries(928)) - omNode-3@group-523986131536: receive appendEntries(omNode-1, 1, (t:1, i:428), 428, false, commits[omNode-1:c428, omNode-3:c427, omNode-2:c43], entries: (t:1, i:429), STATEMACHINELOGENTRY, client-6E5155DBE9B8, cid=537
2020-07-01 01:06:03,815 [grpc-default-executor-1] INFO  ratis.OzoneManagerStateMachine (OzoneManagerStateMachine.java:getLatestSnapshot(147)) - Latest Snapshot Info 1#399
2020-07-01 01:06:03,815 [grpc-default-executor-1] INFO  ratis.OzoneManagerStateMachine (OzoneManagerStateMachine.java:getLatestSnapshot(147)) - Latest Snapshot Info 1#399
2020-07-01 01:06:03,815 [grpc-default-executor-1] WARN  server.GrpcLogAppender (LogUtils.java:warn(122)) - omNode-1@group-523986131536->omNode-2-AppendLogResponseHandler: Failed appendEntries: org.apache.ratis.thirdparty.io.grpc.StatusRuntimeException: UNAVAILABLE: io exception
2020-07-01 01:06:03,816 [grpc-default-executor-1] INFO  impl.FollowerInfo (FollowerInfo.java:lambda$new$0(51)) - omNode-1@group-523986131536->omNode-2: nextIndex: updateUnconditionally 430 -> 45
2020-07-01 01:06:03,816 [Thread-5247] DEBUG impl.RaftServerImpl (RaftServerImpl.java:logAppendEntries(928)) - omNode-3@group-523986131536: succeeded to handle AppendEntries. Reply: omNode-1<-omNode-3#454:OK,SUCCESS,nextIndex:430,term:1,followerCommit:428
2020-07-01 01:06:03,816 [grpc-default-executor-1] DEBUG server.GrpcLogAppender (GrpcLogAppender.java:onNext(257)) - omNode-1@group-523986131536->omNode-3-AppendLogResponseHandler: received a reply omNode-1<-omNode-3#454:OK,SUCCESS,nextIndex:430,term:1,followerCommit:428, request=AppendEntriesRequest:cid=454,entriesCount=1,lastEntry=(t:1, i:429)
2020-07-01 01:06:03,817 [grpc-default-executor-1] DEBUG impl.RaftServerImpl (RaftServerImpl.java:logAppendEntries(928)) - omNode-3@group-523986131536: receive appendEntries(omNode-1, 1, (t:1, i:429), 429, false, commits[omNode-1:c429, omNode-3:c428, omNode-2:c43], entries: (t:1, i:430), METADATAENTRY(c:429)
2020-07-01 01:06:03,817 [grpc-default-executor-1] INFO  ratis.OzoneManagerStateMachine (OzoneManagerStateMachine.java:getLatestSnapshot(147)) - Latest Snapshot Info 1#399
2020-07-01 01:06:03,817 [grpc-default-executor-1] INFO  ratis.OzoneManagerStateMachine (OzoneManagerStateMachine.java:getLatestSnapshot(147)) - Latest Snapshot Info 1#399
2020-07-01 01:06:03,817 [Thread-5248] DEBUG impl.RaftServerImpl (RaftServerImpl.java:logAppendEntries(928)) - omNode-3@group-523986131536: succeeded to handle AppendEntries. Reply: omNode-1<-omNode-3#455:OK,SUCCESS,nextIndex:431,term:1,followerCommit:429
2020-07-01 01:06:03,818 [grpc-default-executor-1] DEBUG server.GrpcLogAppender (GrpcLogAppender.java:onNext(257)) - omNode-1@group-523986131536->omNode-3-AppendLogResponseHandler: received a reply omNode-1<-omNode-3#455:OK,SUCCESS,nextIndex:431,term:1,followerCommit:429, request=AppendEntriesRequest:cid=455,entriesCount=1,lastEntry=(t:1, i:430)
2020-07-01 01:06:03,820 [grpc-default-executor-6] WARN  server.GrpcLogAppender (LogUtils.java:warn(122)) - omNode-1@group-523986131536->omNode-2-AppendLogResponseHandler: Failed appendEntries: org.apache.ratis.thirdparty.io.grpc.StatusRuntimeException: UNAVAILABLE: io exception
2020-07-01 01:06:03,820 [grpc-default-executor-6] INFO  impl.FollowerInfo (FollowerInfo.java:lambda$new$0(51)) - omNode-1@group-523986131536->omNode-2: nextIndex: updateUnconditionally 431 -> 45
2020-07-01 01:06:03,826 [IPC Server handler 19 on default port 11860] DEBUG impl.RaftServerImpl (RaftServerImpl.java:submitClientRequestAsync(575)) - omNode-1@group-523986131536: receive client request(RaftClientRequest:client-6E5155DBE9B8->omNode-1@group-523986131536, cid=538, seq=0, RW, Message:082412001a13636c6965...(size=360))
2020-07-01 01:06:03,827 [IPC Server handler 19 on default port 11860] DEBUG impl.RaftServerImpl (LeaderState.java:addPendingRequest(335)) - omNode-1@group-523986131536-LeaderState: addPendingRequest at RaftClientRequest:client-6E5155DBE9B8->omNode-1@group-523986131536, cid=538, seq=0, RW, Message:082412001a13636c6965...(size=360), entry=(t:1, i:431), STATEMACHINELOGENTRY, client-6E5155DBE9B8, cid=538
2020-07-01 01:06:03,831 [grpc-default-executor-1] DEBUG impl.RaftServerImpl (RaftServerImpl.java:logAppendEntries(928)) - omNode-3@group-523986131536: receive appendEntries(omNode-1, 1, (t:1, i:430), 430, false, commits[omNode-1:c430, omNode-3:c429, omNode-2:c43], entries: (t:1, i:431), STATEMACHINELOGENTRY, client-6E5155DBE9B8, cid=538
2020-07-01 01:06:03,831 [grpc-default-executor-1] INFO  ratis.OzoneManagerStateMachine (OzoneManagerStateMachine.java:getLatestSnapshot(147)) - Latest Snapshot Info 1#399
2020-07-01 01:06:03,831 [grpc-default-executor-1] INFO  ratis.OzoneManagerStateMachine (OzoneManagerStateMachine.java:getLatestSnapshot(147)) - Latest Snapshot Info 1#399
2020-07-01 01:06:03,832 [grpc-default-executor-1] WARN  server.GrpcLogAppender (LogUtils.java:warn(122)) - omNode-1@group-523986131536->omNode-2-AppendLogResponseHandler: Failed appendEntries: org.apache.ratis.thirdparty.io.grpc.StatusRuntimeException: UNAVAILABLE: io exception
2020-07-01 01:06:03,832 [grpc-default-executor-1] INFO  impl.FollowerInfo (FollowerInfo.java:lambda$new$0(51)) - omNode-1@group-523986131536->omNode-2: nextIndex: updateUnconditionally 432 -> 45
2020-07-01 01:06:03,832 [Thread-5249] DEBUG impl.RaftServerImpl (RaftServerImpl.java:logAppendEntries(928)) - omNode-3@group-523986131536: succeeded to handle AppendEntries. Reply: omNode-1<-omNode-3#456:OK,SUCCESS,nextIndex:432,term:1,followerCommit:430
2020-07-01 01:06:03,832 [grpc-default-executor-1] DEBUG server.GrpcLogAppender (GrpcLogAppender.java:onNext(257)) - omNode-1@group-523986131536->omNode-3-AppendLogResponseHandler: received a reply omNode-1<-omNode-3#456:OK,SUCCESS,nextIndex:432,term:1,followerCommit:430, request=AppendEntriesRequest:cid=456,entriesCount=1,lastEntry=(t:1, i:431)
2020-07-01 01:06:03,833 [grpc-default-executor-1] DEBUG impl.RaftServerImpl (RaftServerImpl.java:logAppendEntries(928)) - omNode-3@group-523986131536: receive appendEntries(omNode-1, 1, (t:1, i:431), 431, false, commits[omNode-1:c431, omNode-3:c430, omNode-2:c43], entries: (t:1, i:432), METADATAENTRY(c:431)
2020-07-01 01:06:03,833 [grpc-default-executor-1] INFO  ratis.OzoneManagerStateMachine (OzoneManagerStateMachine.java:getLatestSnapshot(147)) - Latest Snapshot Info 1#399
2020-07-01 01:06:03,833 [grpc-default-executor-1] INFO  ratis.OzoneManagerStateMachine (OzoneManagerStateMachine.java:getLatestSnapshot(147)) - Latest Snapshot Info 1#399
2020-07-01 01:06:03,835 [grpc-default-executor-8] WARN  server.GrpcLogAppender (LogUtils.java:warn(122)) - omNode-1@group-523986131536->omNode-2-AppendLogResponseHandler: Failed appendEntries: org.apache.ratis.thirdparty.io.grpc.StatusRuntimeException: UNAVAILABLE: io exception
2020-07-01 01:06:03,835 [grpc-default-executor-8] INFO  impl.FollowerInfo (FollowerInfo.java:lambda$new$0(51)) - omNode-1@group-523986131536->omNode-2: nextIndex: updateUnconditionally 433 -> 45
2020-07-01 01:06:03,836 [Thread-5250] DEBUG impl.RaftServerImpl (RaftServerImpl.java:logAppendEntries(928)) - omNode-3@group-523986131536: succeeded to handle AppendEntries. Reply: omNode-1<-omNode-3#457:OK,SUCCESS,nextIndex:433,term:1,followerCommit:431
2020-07-01 01:06:03,836 [grpc-default-executor-8] DEBUG server.GrpcLogAppender (GrpcLogAppender.java:onNext(257)) - omNode-1@group-523986131536->omNode-3-AppendLogResponseHandler: received a reply omNode-1<-omNode-3#457:OK,SUCCESS,nextIndex:433,term:1,followerCommit:431, request=AppendEntriesRequest:cid=457,entriesCount=1,lastEntry=(t:1, i:432)
2020-07-01 01:06:03,838 [IPC Server handler 12 on default port 11860] DEBUG impl.RaftServerImpl (RaftServerImpl.java:submitClientRequestAsync(575)) - omNode-1@group-523986131536: receive client request(RaftClientRequest:client-6E5155DBE9B8->omNode-1@group-523986131536, cid=539, seq=0, RW, Message:081f12001a13636c6965...(size=409))
2020-07-01 01:06:03,838 [IPC Server handler 12 on default port 11860] DEBUG impl.RaftServerImpl (LeaderState.java:addPendingRequest(335)) - omNode-1@group-523986131536-LeaderState: addPendingRequest at RaftClientRequest:client-6E5155DBE9B8->omNode-1@group-523986131536, cid=539, seq=0, RW, Message:081f12001a13636c6965...(size=409), entry=(t:1, i:433), STATEMACHINELOGENTRY, client-6E5155DBE9B8, cid=539
2020-07-01 01:06:03,839 [grpc-default-executor-1] DEBUG impl.RaftServerImpl (RaftServerImpl.java:logAppendEntries(928)) - omNode-3@group-523986131536: receive appendEntries(omNode-1, 1, (t:1, i:432), 432, false, commits[omNode-1:c432, omNode-3:c431, omNode-2:c43], entries: (t:1, i:433), STATEMACHINELOGENTRY, client-6E5155DBE9B8, cid=539
2020-07-01 01:06:03,839 [grpc-default-executor-1] INFO  ratis.OzoneManagerStateMachine (OzoneManagerStateMachine.java:getLatestSnapshot(147)) - Latest Snapshot Info 1#399
2020-07-01 01:06:03,839 [grpc-default-executor-1] INFO  ratis.OzoneManagerStateMachine (OzoneManagerStateMachine.java:getLatestSnapshot(147)) - Latest Snapshot Info 1#399
2020-07-01 01:06:03,840 [grpc-default-executor-1] WARN  server.GrpcLogAppender (LogUtils.java:warn(122)) - omNode-1@group-523986131536->omNode-2-AppendLogResponseHandler: Failed appendEntries: org.apache.ratis.thirdparty.io.grpc.StatusRuntimeException: UNAVAILABLE: io exception
2020-07-01 01:06:03,840 [grpc-default-executor-1] INFO  impl.FollowerInfo (FollowerInfo.java:lambda$new$0(51)) - omNode-1@group-523986131536->omNode-2: nextIndex: updateUnconditionally 433 -> 45
2020-07-01 01:06:03,841 [grpc-default-executor-8] WARN  server.GrpcLogAppender (LogUtils.java:warn(122)) - omNode-1@group-523986131536->omNode-2-AppendLogResponseHandler: Failed appendEntries: org.apache.ratis.thirdparty.io.grpc.StatusRuntimeException: UNAVAILABLE: io exception
2020-07-01 01:06:03,842 [grpc-default-executor-8] INFO  impl.FollowerInfo (FollowerInfo.java:lambda$new$0(51)) - omNode-1@group-523986131536->omNode-2: nextIndex: updateUnconditionally 434 -> 45
2020-07-01 01:06:03,842 [Thread-5251] DEBUG impl.RaftServerImpl (RaftServerImpl.java:logAppendEntries(928)) - omNode-3@group-523986131536: succeeded to handle AppendEntries. Reply: omNode-1<-omNode-3#458:OK,SUCCESS,nextIndex:434,term:1,followerCommit:432
2020-07-01 01:06:03,842 [grpc-default-executor-8] DEBUG server.GrpcLogAppender (GrpcLogAppender.java:onNext(257)) - omNode-1@group-523986131536->omNode-3-AppendLogResponseHandler: received a reply omNode-1<-omNode-3#458:OK,SUCCESS,nextIndex:434,term:1,followerCommit:432, request=AppendEntriesRequest:cid=458,entriesCount=1,lastEntry=(t:1, i:433)
2020-07-01 01:06:03,843 [grpc-default-executor-8] DEBUG impl.RaftServerImpl (RaftServerImpl.java:logAppendEntries(928)) - omNode-3@group-523986131536: receive appendEntries(omNode-1, 1, (t:1, i:433), 433, false, commits[omNode-1:c433, omNode-3:c432, omNode-2:c43], entries: (t:1, i:434), METADATAENTRY(c:433)
2020-07-01 01:06:03,843 [grpc-default-executor-8] INFO  ratis.OzoneManagerStateMachine (OzoneManagerStateMachine.java:getLatestSnapshot(147)) - Latest Snapshot Info 1#399
2020-07-01 01:06:03,843 [grpc-default-executor-8] INFO  ratis.OzoneManagerStateMachine (OzoneManagerStateMachine.java:getLatestSnapshot(147)) - Latest Snapshot Info 1#399
2020-07-01 01:06:03,846 [grpc-default-executor-1] WARN  server.GrpcLogAppender (LogUtils.java:warn(122)) - omNode-1@group-523986131536->omNode-2-AppendLogResponseHandler: Failed appendEntries: org.apache.ratis.thirdparty.io.grpc.StatusRuntimeException: UNAVAILABLE: io exception
2020-07-01 01:06:03,847 [grpc-default-executor-1] INFO  impl.FollowerInfo (FollowerInfo.java:lambda$new$0(51)) - omNode-1@group-523986131536->omNode-2: nextIndex: updateUnconditionally 435 -> 45
2020-07-01 01:06:03,848 [grpc-default-executor-1] WARN  server.GrpcLogAppender (LogUtils.java:warn(122)) - omNode-1@group-523986131536->omNode-2-AppendLogResponseHandler: Failed appendEntries: org.apache.ratis.thirdparty.io.grpc.StatusRuntimeException: UNAVAILABLE: io exception
2020-07-01 01:06:03,848 [grpc-default-executor-1] INFO  impl.FollowerInfo (FollowerInfo.java:lambda$new$0(51)) - omNode-1@group-523986131536->omNode-2: nextIndex: updateUnconditionally 435 -> 45
2020-07-01 01:06:03,850 [grpc-default-executor-1] WARN  server.GrpcLogAppender (LogUtils.java:warn(122)) - omNode-1@group-523986131536->omNode-2-AppendLogResponseHandler: Failed appendEntries: org.apache.ratis.thirdparty.io.grpc.StatusRuntimeException: UNAVAILABLE: io exception
2020-07-01 01:06:03,850 [grpc-default-executor-1] INFO  impl.FollowerInfo (FollowerInfo.java:lambda$new$0(51)) - omNode-1@group-523986131536->omNode-2: nextIndex: updateUnconditionally 435 -> 45
2020-07-01 01:06:03,852 [Thread-5252] DEBUG impl.RaftServerImpl (RaftServerImpl.java:logAppendEntries(928)) - omNode-3@group-523986131536: succeeded to handle AppendEntries. Reply: omNode-1<-omNode-3#459:OK,SUCCESS,nextIndex:435,term:1,followerCommit:433
2020-07-01 01:06:03,853 [grpc-default-executor-1] DEBUG server.GrpcLogAppender (GrpcLogAppender.java:onNext(257)) - omNode-1@group-523986131536->omNode-3-AppendLogResponseHandler: received a reply omNode-1<-omNode-3#459:OK,SUCCESS,nextIndex:435,term:1,followerCommit:433, request=AppendEntriesRequest:cid=459,entriesCount=1,lastEntry=(t:1, i:434)
2020-07-01 01:06:03,853 [grpc-default-executor-1] WARN  server.GrpcLogAppender (LogUtils.java:warn(122)) - omNode-1@group-523986131536->omNode-2-AppendLogResponseHandler: Failed appendEntries: org.apache.ratis.thirdparty.io.grpc.StatusRuntimeException: UNAVAILABLE: io exception
2020-07-01 01:06:03,853 [grpc-default-executor-1] INFO  impl.FollowerInfo (FollowerInfo.java:lambda$new$0(51)) - omNode-1@group-523986131536->omNode-2: nextIndex: updateUnconditionally 435 -> 45
2020-07-01 01:06:03,855 [grpc-default-executor-1] WARN  server.GrpcLogAppender (LogUtils.java:warn(122)) - omNode-1@group-523986131536->omNode-2-AppendLogResponseHandler: Failed appendEntries: org.apache.ratis.thirdparty.io.grpc.StatusRuntimeException: UNAVAILABLE: io exception
2020-07-01 01:06:03,855 [grpc-default-executor-1] INFO  impl.FollowerInfo (FollowerInfo.java:lambda$new$0(51)) - omNode-1@group-523986131536->omNode-2: nextIndex: updateUnconditionally 435 -> 45
2020-07-01 01:06:03,859 [IPC Server handler 1 on default port 11860] DEBUG impl.RaftServerImpl (RaftServerImpl.java:submitClientRequestAsync(575)) - omNode-1@group-523986131536: receive client request(RaftClientRequest:client-6E5155DBE9B8->omNode-1@group-523986131536, cid=540, seq=0, RW, Message:082412001a13636c6965...(size=360))
2020-07-01 01:06:03,859 [IPC Server handler 1 on default port 11860] DEBUG impl.RaftServerImpl (LeaderState.java:addPendingRequest(335)) - omNode-1@group-523986131536-LeaderState: addPendingRequest at RaftClientRequest:client-6E5155DBE9B8->omNode-1@group-523986131536, cid=540, seq=0, RW, Message:082412001a13636c6965...(size=360), entry=(t:1, i:435), STATEMACHINELOGENTRY, client-6E5155DBE9B8, cid=540
2020-07-01 01:06:03,859 [grpc-default-executor-1] DEBUG impl.RaftServerImpl (RaftServerImpl.java:logAppendEntries(928)) - omNode-3@group-523986131536: receive appendEntries(omNode-1, 1, (t:1, i:434), 434, false, commits[omNode-1:c434, omNode-3:c433, omNode-2:c43], entries: (t:1, i:435), STATEMACHINELOGENTRY, client-6E5155DBE9B8, cid=540
2020-07-01 01:06:03,860 [grpc-default-executor-1] INFO  ratis.OzoneManagerStateMachine (OzoneManagerStateMachine.java:getLatestSnapshot(147)) - Latest Snapshot Info 1#399
2020-07-01 01:06:03,860 [grpc-default-executor-1] INFO  ratis.OzoneManagerStateMachine (OzoneManagerStateMachine.java:getLatestSnapshot(147)) - Latest Snapshot Info 1#399
2020-07-01 01:06:03,860 [grpc-default-executor-1] WARN  server.GrpcLogAppender (LogUtils.java:warn(122)) - omNode-1@group-523986131536->omNode-2-AppendLogResponseHandler: Failed appendEntries: org.apache.ratis.thirdparty.io.grpc.StatusRuntimeException: UNAVAILABLE: io exception
2020-07-01 01:06:03,860 [grpc-default-executor-1] INFO  impl.FollowerInfo (FollowerInfo.java:lambda$new$0(51)) - omNode-1@group-523986131536->omNode-2: nextIndex: updateUnconditionally 435 -> 45
2020-07-01 01:06:03,863 [grpc-default-executor-1] WARN  server.GrpcLogAppender (LogUtils.java:warn(122)) - omNode-1@group-523986131536->omNode-2-AppendLogResponseHandler: Failed appendEntries: org.apache.ratis.thirdparty.io.grpc.StatusRuntimeException: UNAVAILABLE: io exception
2020-07-01 01:06:03,863 [grpc-default-executor-1] INFO  impl.FollowerInfo (FollowerInfo.java:lambda$new$0(51)) - omNode-1@group-523986131536->omNode-2: nextIndex: updateUnconditionally 436 -> 45
2020-07-01 01:06:03,865 [grpc-default-executor-1] WARN  server.GrpcLogAppender (LogUtils.java:warn(122)) - omNode-1@group-523986131536->omNode-2-AppendLogResponseHandler: Failed appendEntries: org.apache.ratis.thirdparty.io.grpc.StatusRuntimeException: UNAVAILABLE: io exception
2020-07-01 01:06:03,865 [grpc-default-executor-1] INFO  impl.FollowerInfo (FollowerInfo.java:lambda$new$0(51)) - omNode-1@group-523986131536->omNode-2: nextIndex: updateUnconditionally 436 -> 45
2020-07-01 01:06:03,866 [Thread-5253] DEBUG impl.RaftServerImpl (RaftServerImpl.java:logAppendEntries(928)) - omNode-3@group-523986131536: succeeded to handle AppendEntries. Reply: omNode-1<-omNode-3#460:OK,SUCCESS,nextIndex:436,term:1,followerCommit:434
2020-07-01 01:06:03,867 [grpc-default-executor-8] DEBUG server.GrpcLogAppender (GrpcLogAppender.java:onNext(257)) - omNode-1@group-523986131536->omNode-3-AppendLogResponseHandler: received a reply omNode-1<-omNode-3#460:OK,SUCCESS,nextIndex:436,term:1,followerCommit:434, request=AppendEntriesRequest:cid=460,entriesCount=1,lastEntry=(t:1, i:435)
2020-07-01 01:06:03,867 [grpc-default-executor-1] DEBUG impl.RaftServerImpl (RaftServerImpl.java:logAppendEntries(928)) - omNode-3@group-523986131536: receive appendEntries(omNode-1, 1, (t:1, i:435), 435, false, commits[omNode-1:c435, omNode-3:c434, omNode-2:c43], entries: (t:1, i:436), METADATAENTRY(c:435)
2020-07-01 01:06:03,867 [grpc-default-executor-1] INFO  ratis.OzoneManagerStateMachine (OzoneManagerStateMachine.java:getLatestSnapshot(147)) - Latest Snapshot Info 1#399
2020-07-01 01:06:03,867 [grpc-default-executor-1] INFO  ratis.OzoneManagerStateMachine (OzoneManagerStateMachine.java:getLatestSnapshot(147)) - Latest Snapshot Info 1#399
2020-07-01 01:06:03,868 [grpc-default-executor-1] WARN  server.GrpcLogAppender (LogUtils.java:warn(122)) - omNode-1@group-523986131536->omNode-2-AppendLogResponseHandler: Failed appendEntries: org.apache.ratis.thirdparty.io.grpc.StatusRuntimeException: UNAVAILABLE: io exception
2020-07-01 01:06:03,868 [grpc-default-executor-1] INFO  impl.FollowerInfo (FollowerInfo.java:lambda$new$0(51)) - omNode-1@group-523986131536->omNode-2: nextIndex: updateUnconditionally 436 -> 45
2020-07-01 01:06:03,870 [grpc-default-executor-1] WARN  server.GrpcLogAppender (LogUtils.java:warn(122)) - omNode-1@group-523986131536->omNode-2-AppendLogResponseHandler: Failed appendEntries: org.apache.ratis.thirdparty.io.grpc.StatusRuntimeException: UNAVAILABLE: io exception
2020-07-01 01:06:03,871 [grpc-default-executor-1] INFO  impl.FollowerInfo (FollowerInfo.java:lambda$new$0(51)) - omNode-1@group-523986131536->omNode-2: nextIndex: updateUnconditionally 437 -> 45
2020-07-01 01:06:03,872 [IPC Server handler 3 on default port 11860] DEBUG impl.RaftServerImpl (RaftServerImpl.java:submitClientRequestAsync(575)) - omNode-1@group-523986131536: receive client request(RaftClientRequest:client-6E5155DBE9B8->omNode-1@group-523986131536, cid=541, seq=0, RW, Message:081f12001a13636c6965...(size=409))
2020-07-01 01:06:03,872 [IPC Server handler 3 on default port 11860] DEBUG impl.RaftServerImpl (LeaderState.java:addPendingRequest(335)) - omNode-1@group-523986131536-LeaderState: addPendingRequest at RaftClientRequest:client-6E5155DBE9B8->omNode-1@group-523986131536, cid=541, seq=0, RW, Message:081f12001a13636c6965...(size=409), entry=(t:1, i:437), STATEMACHINELOGENTRY, client-6E5155DBE9B8, cid=541
2020-07-01 01:06:03,873 [grpc-default-executor-1] DEBUG impl.RaftServerImpl (RaftServerImpl.java:logAppendEntries(928)) - omNode-3@group-523986131536: receive appendEntries(omNode-1, 1, (t:1, i:436), 435, false, commits[omNode-1:c435, omNode-3:c434, omNode-2:c43], entries: (t:1, i:437), STATEMACHINELOGENTRY, client-6E5155DBE9B8, cid=541
2020-07-01 01:06:03,873 [grpc-default-executor-1] INFO  ratis.OzoneManagerStateMachine (OzoneManagerStateMachine.java:getLatestSnapshot(147)) - Latest Snapshot Info 1#399
2020-07-01 01:06:03,873 [grpc-default-executor-1] INFO  ratis.OzoneManagerStateMachine (OzoneManagerStateMachine.java:getLatestSnapshot(147)) - Latest Snapshot Info 1#399
2020-07-01 01:06:03,873 [grpc-default-executor-1] WARN  server.GrpcLogAppender (LogUtils.java:warn(122)) - omNode-1@group-523986131536->omNode-2-AppendLogResponseHandler: Failed appendEntries: org.apache.ratis.thirdparty.io.grpc.StatusRuntimeException: UNAVAILABLE: io exception
2020-07-01 01:06:03,873 [grpc-default-executor-1] INFO  impl.FollowerInfo (FollowerInfo.java:lambda$new$0(51)) - omNode-1@group-523986131536->omNode-2: nextIndex: updateUnconditionally 437 -> 45
2020-07-01 01:06:03,875 [Thread-5254] DEBUG impl.RaftServerImpl (RaftServerImpl.java:logAppendEntries(928)) - omNode-3@group-523986131536: succeeded to handle AppendEntries. Reply: omNode-1<-omNode-3#461:OK,SUCCESS,nextIndex:437,term:1,followerCommit:435
2020-07-01 01:06:03,876 [grpc-default-executor-8] DEBUG server.GrpcLogAppender (GrpcLogAppender.java:onNext(257)) - omNode-1@group-523986131536->omNode-3-AppendLogResponseHandler: received a reply omNode-1<-omNode-3#461:OK,SUCCESS,nextIndex:437,term:1,followerCommit:435, request=AppendEntriesRequest:cid=461,entriesCount=1,lastEntry=(t:1, i:436)
2020-07-01 01:06:03,876 [grpc-default-executor-1] WARN  server.GrpcLogAppender (LogUtils.java:warn(122)) - omNode-1@group-523986131536->omNode-2-AppendLogResponseHandler: Failed appendEntries: org.apache.ratis.thirdparty.io.grpc.StatusRuntimeException: UNAVAILABLE: io exception
2020-07-01 01:06:03,877 [grpc-default-executor-1] INFO  impl.FollowerInfo (FollowerInfo.java:lambda$new$0(51)) - omNode-1@group-523986131536->omNode-2: nextIndex: updateUnconditionally 438 -> 45
2020-07-01 01:06:03,877 [Thread-5255] DEBUG impl.RaftServerImpl (RaftServerImpl.java:logAppendEntries(928)) - omNode-3@group-523986131536: succeeded to handle AppendEntries. Reply: omNode-1<-omNode-3#462:OK,SUCCESS,nextIndex:438,term:1,followerCommit:435
2020-07-01 01:06:03,877 [grpc-default-executor-1] DEBUG server.GrpcLogAppender (GrpcLogAppender.java:onNext(257)) - omNode-1@group-523986131536->omNode-3-AppendLogResponseHandler: received a reply omNode-1<-omNode-3#462:OK,SUCCESS,nextIndex:438,term:1,followerCommit:435, request=AppendEntriesRequest:cid=462,entriesCount=1,lastEntry=(t:1, i:437)
2020-07-01 01:06:03,878 [grpc-default-executor-1] DEBUG impl.RaftServerImpl (RaftServerImpl.java:logAppendEntries(928)) - omNode-3@group-523986131536: receive appendEntries(omNode-1, 1, (t:1, i:437), 437, false, commits[omNode-1:c437, omNode-3:c435, omNode-2:c43], entries: (t:1, i:438), METADATAENTRY(c:437)
2020-07-01 01:06:03,879 [grpc-default-executor-1] INFO  ratis.OzoneManagerStateMachine (OzoneManagerStateMachine.java:getLatestSnapshot(147)) - Latest Snapshot Info 1#399
2020-07-01 01:06:03,879 [grpc-default-executor-1] INFO  ratis.OzoneManagerStateMachine (OzoneManagerStateMachine.java:getLatestSnapshot(147)) - Latest Snapshot Info 1#399
2020-07-01 01:06:03,882 [grpc-default-executor-8] WARN  server.GrpcLogAppender (LogUtils.java:warn(122)) - omNode-1@group-523986131536->omNode-2-AppendLogResponseHandler: Failed appendEntries: org.apache.ratis.thirdparty.io.grpc.StatusRuntimeException: UNAVAILABLE: io exception
2020-07-01 01:06:03,882 [grpc-default-executor-8] INFO  impl.FollowerInfo (FollowerInfo.java:lambda$new$0(51)) - omNode-1@group-523986131536->omNode-2: nextIndex: updateUnconditionally 439 -> 45
2020-07-01 01:06:03,883 [Thread-5256] DEBUG impl.RaftServerImpl (RaftServerImpl.java:logAppendEntries(928)) - omNode-3@group-523986131536: succeeded to handle AppendEntries. Reply: omNode-1<-omNode-3#463:OK,SUCCESS,nextIndex:439,term:1,followerCommit:437
2020-07-01 01:06:03,883 [grpc-default-executor-8] DEBUG server.GrpcLogAppender (GrpcLogAppender.java:onNext(257)) - omNode-1@group-523986131536->omNode-3-AppendLogResponseHandler: received a reply omNode-1<-omNode-3#463:OK,SUCCESS,nextIndex:439,term:1,followerCommit:437, request=AppendEntriesRequest:cid=463,entriesCount=1,lastEntry=(t:1, i:438)
2020-07-01 01:06:03,886 [grpc-default-executor-1] WARN  server.GrpcLogAppender (LogUtils.java:warn(122)) - omNode-1@group-523986131536->omNode-2-AppendLogResponseHandler: Failed appendEntries: org.apache.ratis.thirdparty.io.grpc.StatusRuntimeException: UNAVAILABLE: io exception
2020-07-01 01:06:03,886 [IPC Server handler 0 on default port 11860] DEBUG impl.RaftServerImpl (RaftServerImpl.java:submitClientRequestAsync(575)) - omNode-1@group-523986131536: receive client request(RaftClientRequest:client-6E5155DBE9B8->omNode-1@group-523986131536, cid=542, seq=0, RW, Message:082412001a13636c6965...(size=360))
2020-07-01 01:06:03,886 [IPC Server handler 0 on default port 11860] DEBUG impl.RaftServerImpl (LeaderState.java:addPendingRequest(335)) - omNode-1@group-523986131536-LeaderState: addPendingRequest at RaftClientRequest:client-6E5155DBE9B8->omNode-1@group-523986131536, cid=542, seq=0, RW, Message:082412001a13636c6965...(size=360), entry=(t:1, i:439), STATEMACHINELOGENTRY, client-6E5155DBE9B8, cid=542
2020-07-01 01:06:03,886 [grpc-default-executor-1] INFO  impl.FollowerInfo (FollowerInfo.java:lambda$new$0(51)) - omNode-1@group-523986131536->omNode-2: nextIndex: updateUnconditionally 439 -> 45
2020-07-01 01:06:03,887 [grpc-default-executor-1] DEBUG impl.RaftServerImpl (RaftServerImpl.java:logAppendEntries(928)) - omNode-3@group-523986131536: receive appendEntries(omNode-1, 1, (t:1, i:438), 438, false, commits[omNode-1:c438, omNode-3:c437, omNode-2:c43], entries: (t:1, i:439), STATEMACHINELOGENTRY, client-6E5155DBE9B8, cid=542
2020-07-01 01:06:03,887 [grpc-default-executor-1] INFO  ratis.OzoneManagerStateMachine (OzoneManagerStateMachine.java:getLatestSnapshot(147)) - Latest Snapshot Info 1#399
2020-07-01 01:06:03,887 [grpc-default-executor-1] INFO  ratis.OzoneManagerStateMachine (OzoneManagerStateMachine.java:getLatestSnapshot(147)) - Latest Snapshot Info 1#399
2020-07-01 01:06:03,889 [grpc-default-executor-6] WARN  server.GrpcLogAppender (LogUtils.java:warn(122)) - omNode-1@group-523986131536->omNode-2-AppendLogResponseHandler: Failed appendEntries: org.apache.ratis.thirdparty.io.grpc.StatusRuntimeException: UNAVAILABLE: io exception
2020-07-01 01:06:03,889 [grpc-default-executor-6] INFO  impl.FollowerInfo (FollowerInfo.java:lambda$new$0(51)) - omNode-1@group-523986131536->omNode-2: nextIndex: updateUnconditionally 440 -> 45
2020-07-01 01:06:03,890 [Thread-5257] DEBUG impl.RaftServerImpl (RaftServerImpl.java:logAppendEntries(928)) - omNode-3@group-523986131536: succeeded to handle AppendEntries. Reply: omNode-1<-omNode-3#464:OK,SUCCESS,nextIndex:440,term:1,followerCommit:438
2020-07-01 01:06:03,891 [grpc-default-executor-6] DEBUG server.GrpcLogAppender (GrpcLogAppender.java:onNext(257)) - omNode-1@group-523986131536->omNode-3-AppendLogResponseHandler: received a reply omNode-1<-omNode-3#464:OK,SUCCESS,nextIndex:440,term:1,followerCommit:438, request=AppendEntriesRequest:cid=464,entriesCount=1,lastEntry=(t:1, i:439)
2020-07-01 01:06:03,891 [grpc-default-executor-6] DEBUG impl.RaftServerImpl (RaftServerImpl.java:logAppendEntries(928)) - omNode-3@group-523986131536: receive appendEntries(omNode-1, 1, (t:1, i:439), 439, false, commits[omNode-1:c439, omNode-3:c438, omNode-2:c43], entries: (t:1, i:440), METADATAENTRY(c:439)
2020-07-01 01:06:03,891 [grpc-default-executor-6] INFO  ratis.OzoneManagerStateMachine (OzoneManagerStateMachine.java:getLatestSnapshot(147)) - Latest Snapshot Info 1#399
2020-07-01 01:06:03,891 [grpc-default-executor-6] INFO  ratis.OzoneManagerStateMachine (OzoneManagerStateMachine.java:getLatestSnapshot(147)) - Latest Snapshot Info 1#399
2020-07-01 01:06:03,893 [grpc-default-executor-1] WARN  server.GrpcLogAppender (LogUtils.java:warn(122)) - omNode-1@group-523986131536->omNode-2-AppendLogResponseHandler: Failed appendEntries: org.apache.ratis.thirdparty.io.grpc.StatusRuntimeException: UNAVAILABLE: io exception
2020-07-01 01:06:03,893 [grpc-default-executor-1] INFO  impl.FollowerInfo (FollowerInfo.java:lambda$new$0(51)) - omNode-1@group-523986131536->omNode-2: nextIndex: updateUnconditionally 441 -> 45
2020-07-01 01:06:03,895 [IPC Server handler 5 on default port 11860] DEBUG impl.RaftServerImpl (RaftServerImpl.java:submitClientRequestAsync(575)) - omNode-1@group-523986131536: receive client request(RaftClientRequest:client-6E5155DBE9B8->omNode-1@group-523986131536, cid=543, seq=0, RW, Message:081f12001a13636c6965...(size=409))
2020-07-01 01:06:03,895 [IPC Server handler 5 on default port 11860] DEBUG impl.RaftServerImpl (LeaderState.java:addPendingRequest(335)) - omNode-1@group-523986131536-LeaderState: addPendingRequest at RaftClientRequest:client-6E5155DBE9B8->omNode-1@group-523986131536, cid=543, seq=0, RW, Message:081f12001a13636c6965...(size=409), entry=(t:1, i:441), STATEMACHINELOGENTRY, client-6E5155DBE9B8, cid=543
2020-07-01 01:06:03,895 [grpc-default-executor-1] DEBUG impl.RaftServerImpl (RaftServerImpl.java:logAppendEntries(928)) - omNode-3@group-523986131536: receive appendEntries(omNode-1, 1, (t:1, i:440), 439, false, commits[omNode-1:c439, omNode-3:c438, omNode-2:c43], entries: (t:1, i:441), STATEMACHINELOGENTRY, client-6E5155DBE9B8, cid=543
2020-07-01 01:06:03,896 [Thread-5258] DEBUG impl.RaftServerImpl (RaftServerImpl.java:logAppendEntries(928)) - omNode-3@group-523986131536: succeeded to handle AppendEntries. Reply: omNode-1<-omNode-3#465:OK,SUCCESS,nextIndex:441,term:1,followerCommit:439
2020-07-01 01:06:03,897 [grpc-default-executor-1] INFO  ratis.OzoneManagerStateMachine (OzoneManagerStateMachine.java:getLatestSnapshot(147)) - Latest Snapshot Info 1#399
2020-07-01 01:06:03,897 [grpc-default-executor-1] INFO  ratis.OzoneManagerStateMachine (OzoneManagerStateMachine.java:getLatestSnapshot(147)) - Latest Snapshot Info 1#399
2020-07-01 01:06:03,897 [grpc-default-executor-6] DEBUG server.GrpcLogAppender (GrpcLogAppender.java:onNext(257)) - omNode-1@group-523986131536->omNode-3-AppendLogResponseHandler: received a reply omNode-1<-omNode-3#465:OK,SUCCESS,nextIndex:441,term:1,followerCommit:439, request=AppendEntriesRequest:cid=465,entriesCount=1,lastEntry=(t:1, i:440)
2020-07-01 01:06:03,897 [grpc-default-executor-1] WARN  server.GrpcLogAppender (LogUtils.java:warn(122)) - omNode-1@group-523986131536->omNode-2-AppendLogResponseHandler: Failed appendEntries: org.apache.ratis.thirdparty.io.grpc.StatusRuntimeException: UNAVAILABLE: io exception
2020-07-01 01:06:03,897 [grpc-default-executor-1] INFO  impl.FollowerInfo (FollowerInfo.java:lambda$new$0(51)) - omNode-1@group-523986131536->omNode-2: nextIndex: updateUnconditionally 442 -> 45
2020-07-01 01:06:03,898 [Thread-5259] DEBUG impl.RaftServerImpl (RaftServerImpl.java:logAppendEntries(928)) - omNode-3@group-523986131536: succeeded to handle AppendEntries. Reply: omNode-1<-omNode-3#466:OK,SUCCESS,nextIndex:442,term:1,followerCommit:439
2020-07-01 01:06:03,898 [grpc-default-executor-1] DEBUG server.GrpcLogAppender (GrpcLogAppender.java:onNext(257)) - omNode-1@group-523986131536->omNode-3-AppendLogResponseHandler: received a reply omNode-1<-omNode-3#466:OK,SUCCESS,nextIndex:442,term:1,followerCommit:439, request=AppendEntriesRequest:cid=466,entriesCount=1,lastEntry=(t:1, i:441)
2020-07-01 01:06:03,900 [grpc-default-executor-6] WARN  server.GrpcLogAppender (LogUtils.java:warn(122)) - omNode-1@group-523986131536->omNode-2-AppendLogResponseHandler: Failed appendEntries: org.apache.ratis.thirdparty.io.grpc.StatusRuntimeException: UNAVAILABLE: io exception
2020-07-01 01:06:03,900 [grpc-default-executor-6] INFO  impl.FollowerInfo (FollowerInfo.java:lambda$new$0(51)) - omNode-1@group-523986131536->omNode-2: nextIndex: updateUnconditionally 443 -> 45
2020-07-01 01:06:03,901 [grpc-default-executor-6] DEBUG impl.RaftServerImpl (RaftServerImpl.java:logAppendEntries(928)) - omNode-3@group-523986131536: receive appendEntries(omNode-1, 1, (t:1, i:441), 441, false, commits[omNode-1:c441, omNode-3:c439, omNode-2:c43], entries: (t:1, i:442), METADATAENTRY(c:441)
2020-07-01 01:06:03,901 [grpc-default-executor-6] INFO  ratis.OzoneManagerStateMachine (OzoneManagerStateMachine.java:getLatestSnapshot(147)) - Latest Snapshot Info 1#399
2020-07-01 01:06:03,901 [grpc-default-executor-6] INFO  ratis.OzoneManagerStateMachine (OzoneManagerStateMachine.java:getLatestSnapshot(147)) - Latest Snapshot Info 1#399
2020-07-01 01:06:03,910 [IPC Server handler 2 on default port 11860] DEBUG impl.RaftServerImpl (RaftServerImpl.java:submitClientRequestAsync(575)) - omNode-1@group-523986131536: receive client request(RaftClientRequest:client-6E5155DBE9B8->omNode-1@group-523986131536, cid=544, seq=0, RW, Message:082412001a13636c6965...(size=360))
2020-07-01 01:06:03,910 [IPC Server handler 2 on default port 11860] DEBUG impl.RaftServerImpl (LeaderState.java:addPendingRequest(335)) - omNode-1@group-523986131536-LeaderState: addPendingRequest at RaftClientRequest:client-6E5155DBE9B8->omNode-1@group-523986131536, cid=544, seq=0, RW, Message:082412001a13636c6965...(size=360), entry=(t:1, i:443), STATEMACHINELOGENTRY, client-6E5155DBE9B8, cid=544
2020-07-01 01:06:03,912 [grpc-default-executor-6] DEBUG impl.RaftServerImpl (RaftServerImpl.java:logAppendEntries(928)) - omNode-3@group-523986131536: receive appendEntries(omNode-1, 1, (t:1, i:442), 441, false, commits[omNode-1:c441, omNode-3:c439, omNode-2:c43], entries: (t:1, i:443), STATEMACHINELOGENTRY, client-6E5155DBE9B8, cid=544
2020-07-01 01:06:03,913 [grpc-default-executor-8] WARN  server.GrpcLogAppender (LogUtils.java:warn(122)) - omNode-1@group-523986131536->omNode-2-AppendLogResponseHandler: Failed appendEntries: org.apache.ratis.thirdparty.io.grpc.StatusRuntimeException: UNAVAILABLE: io exception
2020-07-01 01:06:03,913 [grpc-default-executor-8] INFO  impl.FollowerInfo (FollowerInfo.java:lambda$new$0(51)) - omNode-1@group-523986131536->omNode-2: nextIndex: updateUnconditionally 444 -> 45
2020-07-01 01:06:03,913 [grpc-default-executor-6] INFO  ratis.OzoneManagerStateMachine (OzoneManagerStateMachine.java:getLatestSnapshot(147)) - Latest Snapshot Info 1#399
2020-07-01 01:06:03,913 [grpc-default-executor-6] INFO  ratis.OzoneManagerStateMachine (OzoneManagerStateMachine.java:getLatestSnapshot(147)) - Latest Snapshot Info 1#399
2020-07-01 01:06:03,913 [Thread-5260] DEBUG impl.RaftServerImpl (RaftServerImpl.java:logAppendEntries(928)) - omNode-3@group-523986131536: succeeded to handle AppendEntries. Reply: omNode-1<-omNode-3#467:OK,SUCCESS,nextIndex:443,term:1,followerCommit:441
2020-07-01 01:06:03,914 [grpc-default-executor-6] DEBUG server.GrpcLogAppender (GrpcLogAppender.java:onNext(257)) - omNode-1@group-523986131536->omNode-3-AppendLogResponseHandler: received a reply omNode-1<-omNode-3#467:OK,SUCCESS,nextIndex:443,term:1,followerCommit:441, request=AppendEntriesRequest:cid=467,entriesCount=1,lastEntry=(t:1, i:442)
2020-07-01 01:06:03,916 [grpc-default-executor-6] WARN  server.GrpcLogAppender (LogUtils.java:warn(122)) - omNode-1@group-523986131536->omNode-2-AppendLogResponseHandler: Failed appendEntries: org.apache.ratis.thirdparty.io.grpc.StatusRuntimeException: UNAVAILABLE: io exception
2020-07-01 01:06:03,916 [grpc-default-executor-6] INFO  impl.FollowerInfo (FollowerInfo.java:lambda$new$0(51)) - omNode-1@group-523986131536->omNode-2: nextIndex: updateUnconditionally 444 -> 45
2020-07-01 01:06:03,918 [grpc-default-executor-6] WARN  server.GrpcLogAppender (LogUtils.java:warn(122)) - omNode-1@group-523986131536->omNode-2-AppendLogResponseHandler: Failed appendEntries: org.apache.ratis.thirdparty.io.grpc.StatusRuntimeException: UNAVAILABLE: io exception
2020-07-01 01:06:03,918 [grpc-default-executor-6] INFO  impl.FollowerInfo (FollowerInfo.java:lambda$new$0(51)) - omNode-1@group-523986131536->omNode-2: nextIndex: updateUnconditionally 444 -> 45
2020-07-01 01:06:03,920 [grpc-default-executor-6] WARN  server.GrpcLogAppender (LogUtils.java:warn(122)) - omNode-1@group-523986131536->omNode-2-AppendLogResponseHandler: Failed appendEntries: org.apache.ratis.thirdparty.io.grpc.StatusRuntimeException: UNAVAILABLE: io exception
2020-07-01 01:06:03,920 [grpc-default-executor-6] INFO  impl.FollowerInfo (FollowerInfo.java:lambda$new$0(51)) - omNode-1@group-523986131536->omNode-2: nextIndex: updateUnconditionally 444 -> 45
2020-07-01 01:06:03,924 [grpc-default-executor-6] WARN  server.GrpcLogAppender (LogUtils.java:warn(122)) - omNode-1@group-523986131536->omNode-2-AppendLogResponseHandler: Failed appendEntries: org.apache.ratis.thirdparty.io.grpc.StatusRuntimeException: UNAVAILABLE: io exception
2020-07-01 01:06:03,924 [grpc-default-executor-6] INFO  impl.FollowerInfo (FollowerInfo.java:lambda$new$0(51)) - omNode-1@group-523986131536->omNode-2: nextIndex: updateUnconditionally 444 -> 45
2020-07-01 01:06:03,925 [Thread-5261] DEBUG impl.RaftServerImpl (RaftServerImpl.java:logAppendEntries(928)) - omNode-3@group-523986131536: succeeded to handle AppendEntries. Reply: omNode-1<-omNode-3#468:OK,SUCCESS,nextIndex:444,term:1,followerCommit:441
2020-07-01 01:06:03,925 [grpc-default-executor-6] DEBUG server.GrpcLogAppender (GrpcLogAppender.java:onNext(257)) - omNode-1@group-523986131536->omNode-3-AppendLogResponseHandler: received a reply omNode-1<-omNode-3#468:OK,SUCCESS,nextIndex:444,term:1,followerCommit:441, request=AppendEntriesRequest:cid=468,entriesCount=1,lastEntry=(t:1, i:443)
2020-07-01 01:06:03,926 [grpc-default-executor-6] DEBUG impl.RaftServerImpl (RaftServerImpl.java:logAppendEntries(928)) - omNode-3@group-523986131536: receive appendEntries(omNode-1, 1, (t:1, i:443), 443, false, commits[omNode-1:c443, omNode-3:c441, omNode-2:c43], entries: (t:1, i:444), METADATAENTRY(c:443)
2020-07-01 01:06:03,926 [grpc-default-executor-6] INFO  ratis.OzoneManagerStateMachine (OzoneManagerStateMachine.java:getLatestSnapshot(147)) - Latest Snapshot Info 1#399
2020-07-01 01:06:03,926 [grpc-default-executor-6] INFO  ratis.OzoneManagerStateMachine (OzoneManagerStateMachine.java:getLatestSnapshot(147)) - Latest Snapshot Info 1#399
2020-07-01 01:06:03,929 [grpc-default-executor-6] WARN  server.GrpcLogAppender (LogUtils.java:warn(122)) - omNode-1@group-523986131536->omNode-2-AppendLogResponseHandler: Failed appendEntries: org.apache.ratis.thirdparty.io.grpc.StatusRuntimeException: UNAVAILABLE: io exception
2020-07-01 01:06:03,929 [grpc-default-executor-6] INFO  impl.FollowerInfo (FollowerInfo.java:lambda$new$0(51)) - omNode-1@group-523986131536->omNode-2: nextIndex: updateUnconditionally 444 -> 45
2020-07-01 01:06:03,931 [IPC Server handler 4 on default port 11860] DEBUG impl.RaftServerImpl (RaftServerImpl.java:submitClientRequestAsync(575)) - omNode-1@group-523986131536: receive client request(RaftClientRequest:client-6E5155DBE9B8->omNode-1@group-523986131536, cid=545, seq=0, RW, Message:081f12001a13636c6965...(size=409))
2020-07-01 01:06:03,931 [IPC Server handler 4 on default port 11860] DEBUG impl.RaftServerImpl (LeaderState.java:addPendingRequest(335)) - omNode-1@group-523986131536-LeaderState: addPendingRequest at RaftClientRequest:client-6E5155DBE9B8->omNode-1@group-523986131536, cid=545, seq=0, RW, Message:081f12001a13636c6965...(size=409), entry=(t:1, i:445), STATEMACHINELOGENTRY, client-6E5155DBE9B8, cid=545
2020-07-01 01:06:03,932 [grpc-default-executor-6] DEBUG impl.RaftServerImpl (RaftServerImpl.java:logAppendEntries(928)) - omNode-3@group-523986131536: receive appendEntries(omNode-1, 1, (t:1, i:444), 443, false, commits[omNode-1:c443, omNode-3:c441, omNode-2:c43], entries: (t:1, i:445), STATEMACHINELOGENTRY, client-6E5155DBE9B8, cid=545
2020-07-01 01:06:03,932 [grpc-default-executor-6] INFO  ratis.OzoneManagerStateMachine (OzoneManagerStateMachine.java:getLatestSnapshot(147)) - Latest Snapshot Info 1#399
2020-07-01 01:06:03,932 [grpc-default-executor-6] INFO  ratis.OzoneManagerStateMachine (OzoneManagerStateMachine.java:getLatestSnapshot(147)) - Latest Snapshot Info 1#399
2020-07-01 01:06:03,935 [Thread-5262] DEBUG impl.RaftServerImpl (RaftServerImpl.java:logAppendEntries(928)) - omNode-3@group-523986131536: succeeded to handle AppendEntries. Reply: omNode-1<-omNode-3#469:OK,SUCCESS,nextIndex:445,term:1,followerCommit:443
2020-07-01 01:06:03,935 [grpc-default-executor-6] DEBUG server.GrpcLogAppender (GrpcLogAppender.java:onNext(257)) - omNode-1@group-523986131536->omNode-3-AppendLogResponseHandler: received a reply omNode-1<-omNode-3#469:OK,SUCCESS,nextIndex:445,term:1,followerCommit:443, request=AppendEntriesRequest:cid=469,entriesCount=1,lastEntry=(t:1, i:444)
2020-07-01 01:06:03,937 [grpc-default-executor-6] WARN  server.GrpcLogAppender (LogUtils.java:warn(122)) - omNode-1@group-523986131536->omNode-2-AppendLogResponseHandler: Failed appendEntries: org.apache.ratis.thirdparty.io.grpc.StatusRuntimeException: UNAVAILABLE: io exception
2020-07-01 01:06:03,937 [grpc-default-executor-6] INFO  impl.FollowerInfo (FollowerInfo.java:lambda$new$0(51)) - omNode-1@group-523986131536->omNode-2: nextIndex: updateUnconditionally 445 -> 45
2020-07-01 01:06:03,937 [Thread-5263] DEBUG impl.RaftServerImpl (RaftServerImpl.java:logAppendEntries(928)) - omNode-3@group-523986131536: succeeded to handle AppendEntries. Reply: omNode-1<-omNode-3#470:OK,SUCCESS,nextIndex:446,term:1,followerCommit:443
2020-07-01 01:06:03,938 [grpc-default-executor-6] DEBUG server.GrpcLogAppender (GrpcLogAppender.java:onNext(257)) - omNode-1@group-523986131536->omNode-3-AppendLogResponseHandler: received a reply omNode-1<-omNode-3#470:OK,SUCCESS,nextIndex:446,term:1,followerCommit:443, request=AppendEntriesRequest:cid=470,entriesCount=1,lastEntry=(t:1, i:445)
2020-07-01 01:06:03,938 [grpc-default-executor-6] DEBUG impl.RaftServerImpl (RaftServerImpl.java:logAppendEntries(928)) - omNode-3@group-523986131536: receive appendEntries(omNode-1, 1, (t:1, i:445), 445, false, commits[omNode-1:c445, omNode-3:c443, omNode-2:c43], entries: (t:1, i:446), METADATAENTRY(c:445)
2020-07-01 01:06:03,938 [grpc-default-executor-6] INFO  ratis.OzoneManagerStateMachine (OzoneManagerStateMachine.java:getLatestSnapshot(147)) - Latest Snapshot Info 1#399
2020-07-01 01:06:03,938 [grpc-default-executor-6] INFO  ratis.OzoneManagerStateMachine (OzoneManagerStateMachine.java:getLatestSnapshot(147)) - Latest Snapshot Info 1#399
2020-07-01 01:06:03,940 [grpc-default-executor-6] WARN  server.GrpcLogAppender (LogUtils.java:warn(122)) - omNode-1@group-523986131536->omNode-2-AppendLogResponseHandler: Failed appendEntries: org.apache.ratis.thirdparty.io.grpc.StatusRuntimeException: UNAVAILABLE: io exception
2020-07-01 01:06:03,941 [grpc-default-executor-6] INFO  impl.FollowerInfo (FollowerInfo.java:lambda$new$0(51)) - omNode-1@group-523986131536->omNode-2: nextIndex: updateUnconditionally 446 -> 45
2020-07-01 01:06:03,944 [grpc-default-executor-8] WARN  server.GrpcLogAppender (LogUtils.java:warn(122)) - omNode-1@group-523986131536->omNode-2-AppendLogResponseHandler: Failed appendEntries: org.apache.ratis.thirdparty.io.grpc.StatusRuntimeException: UNAVAILABLE: io exception
2020-07-01 01:06:03,944 [grpc-default-executor-8] INFO  impl.FollowerInfo (FollowerInfo.java:lambda$new$0(51)) - omNode-1@group-523986131536->omNode-2: nextIndex: updateUnconditionally 447 -> 45
2020-07-01 01:06:03,946 [grpc-default-executor-8] WARN  server.GrpcLogAppender (LogUtils.java:warn(122)) - omNode-1@group-523986131536->omNode-2-AppendLogResponseHandler: Failed appendEntries: org.apache.ratis.thirdparty.io.grpc.StatusRuntimeException: UNAVAILABLE: io exception
2020-07-01 01:06:03,946 [grpc-default-executor-8] INFO  impl.FollowerInfo (FollowerInfo.java:lambda$new$0(51)) - omNode-1@group-523986131536->omNode-2: nextIndex: updateUnconditionally 447 -> 45
2020-07-01 01:06:03,948 [grpc-default-executor-8] WARN  server.GrpcLogAppender (LogUtils.java:warn(122)) - omNode-1@group-523986131536->omNode-2-AppendLogResponseHandler: Failed appendEntries: org.apache.ratis.thirdparty.io.grpc.StatusRuntimeException: UNAVAILABLE: io exception
2020-07-01 01:06:03,948 [grpc-default-executor-8] INFO  impl.FollowerInfo (FollowerInfo.java:lambda$new$0(51)) - omNode-1@group-523986131536->omNode-2: nextIndex: updateUnconditionally 447 -> 45
2020-07-01 01:06:03,949 [Thread-5264] DEBUG impl.RaftServerImpl (RaftServerImpl.java:logAppendEntries(928)) - omNode-3@group-523986131536: succeeded to handle AppendEntries. Reply: omNode-1<-omNode-3#471:OK,SUCCESS,nextIndex:447,term:1,followerCommit:445
2020-07-01 01:06:03,950 [grpc-default-executor-8] DEBUG server.GrpcLogAppender (GrpcLogAppender.java:onNext(257)) - omNode-1@group-523986131536->omNode-3-AppendLogResponseHandler: received a reply omNode-1<-omNode-3#471:OK,SUCCESS,nextIndex:447,term:1,followerCommit:445, request=AppendEntriesRequest:cid=471,entriesCount=1,lastEntry=(t:1, i:446)
2020-07-01 01:06:03,951 [grpc-default-executor-8] WARN  server.GrpcLogAppender (LogUtils.java:warn(122)) - omNode-1@group-523986131536->omNode-2-AppendLogResponseHandler: Failed appendEntries: org.apache.ratis.thirdparty.io.grpc.StatusRuntimeException: UNAVAILABLE: io exception
2020-07-01 01:06:03,951 [grpc-default-executor-8] INFO  impl.FollowerInfo (FollowerInfo.java:lambda$new$0(51)) - omNode-1@group-523986131536->omNode-2: nextIndex: updateUnconditionally 447 -> 45
2020-07-01 01:06:03,953 [grpc-default-executor-8] WARN  server.GrpcLogAppender (LogUtils.java:warn(122)) - omNode-1@group-523986131536->omNode-2-AppendLogResponseHandler: Failed appendEntries: org.apache.ratis.thirdparty.io.grpc.StatusRuntimeException: UNAVAILABLE: io exception
2020-07-01 01:06:03,953 [grpc-default-executor-8] INFO  impl.FollowerInfo (FollowerInfo.java:lambda$new$0(51)) - omNode-1@group-523986131536->omNode-2: nextIndex: updateUnconditionally 447 -> 45
2020-07-01 01:06:03,957 [IPC Server handler 6 on default port 11860] DEBUG impl.RaftServerImpl (RaftServerImpl.java:submitClientRequestAsync(575)) - omNode-1@group-523986131536: receive client request(RaftClientRequest:client-6E5155DBE9B8->omNode-1@group-523986131536, cid=546, seq=0, RW, Message:082412001a13636c6965...(size=360))
2020-07-01 01:06:03,957 [IPC Server handler 6 on default port 11860] INFO  segmented.SegmentedRaftLogWorker (SegmentedRaftLogWorker.java:rollLogSegment(402)) - omNode-1@group-523986131536-SegmentedRaftLogWorker: Rolling segment log-373_446 to index:446
2020-07-01 01:06:03,957 [IPC Server handler 6 on default port 11860] DEBUG impl.RaftServerImpl (LeaderState.java:addPendingRequest(335)) - omNode-1@group-523986131536-LeaderState: addPendingRequest at RaftClientRequest:client-6E5155DBE9B8->omNode-1@group-523986131536, cid=546, seq=0, RW, Message:082412001a13636c6965...(size=360), entry=(t:1, i:447), STATEMACHINELOGENTRY, client-6E5155DBE9B8, cid=546
2020-07-01 01:06:03,958 [omNode-1@group-523986131536-SegmentedRaftLogWorker] INFO  segmented.SegmentedRaftLogWorker (SegmentedRaftLogWorker.java:execute(553)) - omNode-1@group-523986131536-SegmentedRaftLogWorker: Rolled log segment from /github/workspace/mnt/ozone/hadoop-ozone/integration-test/target/test-dir/MiniOzoneClusterImpl-f77758f3-7054-4a66-83a1-d2ef3e95fe09/omNode-1/ratis/c9bc4cf4-3bc3-3c60-a66b-523986131536/current/log_inprogress_373 to /github/workspace/mnt/ozone/hadoop-ozone/integration-test/target/test-dir/MiniOzoneClusterImpl-f77758f3-7054-4a66-83a1-d2ef3e95fe09/omNode-1/ratis/c9bc4cf4-3bc3-3c60-a66b-523986131536/current/log_373-446
2020-07-01 01:06:03,958 [grpc-default-executor-8] DEBUG impl.RaftServerImpl (RaftServerImpl.java:logAppendEntries(928)) - omNode-3@group-523986131536: receive appendEntries(omNode-1, 1, (t:1, i:446), 446, false, commits[omNode-1:c446, omNode-3:c445, omNode-2:c43], entries: (t:1, i:447), STATEMACHINELOGENTRY, client-6E5155DBE9B8, cid=546
2020-07-01 01:06:03,958 [grpc-default-executor-8] INFO  ratis.OzoneManagerStateMachine (OzoneManagerStateMachine.java:getLatestSnapshot(147)) - Latest Snapshot Info 1#399
2020-07-01 01:06:03,959 [grpc-default-executor-8] INFO  ratis.OzoneManagerStateMachine (OzoneManagerStateMachine.java:getLatestSnapshot(147)) - Latest Snapshot Info 1#399
2020-07-01 01:06:03,959 [grpc-default-executor-8] INFO  segmented.SegmentedRaftLogWorker (SegmentedRaftLogWorker.java:rollLogSegment(402)) - omNode-3@group-523986131536-SegmentedRaftLogWorker: Rolling segment log-373_446 to index:446
2020-07-01 01:06:03,959 [omNode-3@group-523986131536-SegmentedRaftLogWorker] INFO  segmented.SegmentedRaftLogWorker (SegmentedRaftLogWorker.java:execute(553)) - omNode-3@group-523986131536-SegmentedRaftLogWorker: Rolled log segment from /github/workspace/mnt/ozone/hadoop-ozone/integration-test/target/test-dir/MiniOzoneClusterImpl-f77758f3-7054-4a66-83a1-d2ef3e95fe09/omNode-3/ratis/c9bc4cf4-3bc3-3c60-a66b-523986131536/current/log_inprogress_373 to /github/workspace/mnt/ozone/hadoop-ozone/integration-test/target/test-dir/MiniOzoneClusterImpl-f77758f3-7054-4a66-83a1-d2ef3e95fe09/omNode-3/ratis/c9bc4cf4-3bc3-3c60-a66b-523986131536/current/log_373-446
2020-07-01 01:06:03,969 [grpc-default-executor-8] WARN  server.GrpcLogAppender (LogUtils.java:warn(122)) - omNode-1@group-523986131536->omNode-2-AppendLogResponseHandler: Failed appendEntries: org.apache.ratis.thirdparty.io.grpc.StatusRuntimeException: UNAVAILABLE: io exception
2020-07-01 01:06:03,970 [grpc-default-executor-8] INFO  impl.FollowerInfo (FollowerInfo.java:lambda$new$0(51)) - omNode-1@group-523986131536->omNode-2: nextIndex: updateUnconditionally 447 -> 45
2020-07-01 01:06:03,969 [omNode-1@group-523986131536-SegmentedRaftLogWorker] INFO  segmented.SegmentedRaftLogWorker (SegmentedRaftLogWorker.java:execute(596)) - omNode-1@group-523986131536-SegmentedRaftLogWorker: created new log segment /github/workspace/mnt/ozone/hadoop-ozone/integration-test/target/test-dir/MiniOzoneClusterImpl-f77758f3-7054-4a66-83a1-d2ef3e95fe09/omNode-1/ratis/c9bc4cf4-3bc3-3c60-a66b-523986131536/current/log_inprogress_447
2020-07-01 01:06:03,971 [omNode-3@group-523986131536-SegmentedRaftLogWorker] INFO  segmented.SegmentedRaftLogWorker (SegmentedRaftLogWorker.java:execute(596)) - omNode-3@group-523986131536-SegmentedRaftLogWorker: created new log segment /github/workspace/mnt/ozone/hadoop-ozone/integration-test/target/test-dir/MiniOzoneClusterImpl-f77758f3-7054-4a66-83a1-d2ef3e95fe09/omNode-3/ratis/c9bc4cf4-3bc3-3c60-a66b-523986131536/current/log_inprogress_447
2020-07-01 01:06:03,972 [Thread-5265] DEBUG impl.RaftServerImpl (RaftServerImpl.java:logAppendEntries(928)) - omNode-3@group-523986131536: succeeded to handle AppendEntries. Reply: omNode-1<-omNode-3#472:OK,SUCCESS,nextIndex:448,term:1,followerCommit:446
2020-07-01 01:06:03,972 [grpc-default-executor-8] DEBUG server.GrpcLogAppender (GrpcLogAppender.java:onNext(257)) - omNode-1@group-523986131536->omNode-3-AppendLogResponseHandler: received a reply omNode-1<-omNode-3#472:OK,SUCCESS,nextIndex:448,term:1,followerCommit:446, request=AppendEntriesRequest:cid=472,entriesCount=1,lastEntry=(t:1, i:447)
2020-07-01 01:06:03,985 [grpc-default-executor-8] DEBUG impl.RaftServerImpl (RaftServerImpl.java:logAppendEntries(928)) - omNode-3@group-523986131536: receive appendEntries(omNode-1, 1, (t:1, i:447), 447, false, commits[omNode-1:c447, omNode-3:c446, omNode-2:c43], entries: (t:1, i:448), METADATAENTRY(c:447)
2020-07-01 01:06:03,985 [grpc-default-executor-8] INFO  ratis.OzoneManagerStateMachine (OzoneManagerStateMachine.java:getLatestSnapshot(147)) - Latest Snapshot Info 1#399
2020-07-01 01:06:03,986 [grpc-default-executor-8] INFO  ratis.OzoneManagerStateMachine (OzoneManagerStateMachine.java:getLatestSnapshot(147)) - Latest Snapshot Info 1#399
2020-07-01 01:06:03,987 [IPC Server handler 7 on default port 11860] DEBUG impl.RaftServerImpl (RaftServerImpl.java:submitClientRequestAsync(575)) - omNode-1@group-523986131536: receive client request(RaftClientRequest:client-6E5155DBE9B8->omNode-1@group-523986131536, cid=547, seq=0, RW, Message:081f12001a13636c6965...(size=409))
2020-07-01 01:06:03,987 [IPC Server handler 7 on default port 11860] DEBUG impl.RaftServerImpl (LeaderState.java:addPendingRequest(335)) - omNode-1@group-523986131536-LeaderState: addPendingRequest at RaftClientRequest:client-6E5155DBE9B8->omNode-1@group-523986131536, cid=547, seq=0, RW, Message:081f12001a13636c6965...(size=409), entry=(t:1, i:449), STATEMACHINELOGENTRY, client-6E5155DBE9B8, cid=547
2020-07-01 01:06:03,988 [grpc-default-executor-6] DEBUG impl.RaftServerImpl (RaftServerImpl.java:logAppendEntries(928)) - omNode-3@group-523986131536: receive appendEntries(omNode-1, 1, (t:1, i:448), 447, false, commits[omNode-1:c447, omNode-3:c446, omNode-2:c43], entries: (t:1, i:449), STATEMACHINELOGENTRY, client-6E5155DBE9B8, cid=547
2020-07-01 01:06:03,988 [grpc-default-executor-6] INFO  ratis.OzoneManagerStateMachine (OzoneManagerStateMachine.java:getLatestSnapshot(147)) - Latest Snapshot Info 1#399
2020-07-01 01:06:03,988 [grpc-default-executor-6] INFO  ratis.OzoneManagerStateMachine (OzoneManagerStateMachine.java:getLatestSnapshot(147)) - Latest Snapshot Info 1#399
2020-07-01 01:06:03,989 [grpc-default-executor-6] WARN  server.GrpcLogAppender (LogUtils.java:warn(122)) - omNode-1@group-523986131536->omNode-2-AppendLogResponseHandler: Failed appendEntries: org.apache.ratis.thirdparty.io.grpc.StatusRuntimeException: UNAVAILABLE: io exception
2020-07-01 01:06:03,989 [grpc-default-executor-6] INFO  impl.FollowerInfo (FollowerInfo.java:lambda$new$0(51)) - omNode-1@group-523986131536->omNode-2: nextIndex: updateUnconditionally 449 -> 45
2020-07-01 01:06:03,991 [grpc-default-executor-6] WARN  server.GrpcLogAppender (LogUtils.java:warn(122)) - omNode-1@group-523986131536->omNode-2-AppendLogResponseHandler: Failed appendEntries: org.apache.ratis.thirdparty.io.grpc.StatusRuntimeException: UNAVAILABLE: io exception
2020-07-01 01:06:03,991 [grpc-default-executor-6] INFO  impl.FollowerInfo (FollowerInfo.java:lambda$new$0(51)) - omNode-1@group-523986131536->omNode-2: nextIndex: updateUnconditionally 450 -> 45
2020-07-01 01:06:03,994 [grpc-default-executor-6] WARN  server.GrpcLogAppender (LogUtils.java:warn(122)) - omNode-1@group-523986131536->omNode-2-AppendLogResponseHandler: Failed appendEntries: org.apache.ratis.thirdparty.io.grpc.StatusRuntimeException: UNAVAILABLE: io exception
2020-07-01 01:06:03,994 [grpc-default-executor-6] INFO  impl.FollowerInfo (FollowerInfo.java:lambda$new$0(51)) - omNode-1@group-523986131536->omNode-2: nextIndex: updateUnconditionally 450 -> 45
2020-07-01 01:06:03,996 [grpc-default-executor-6] WARN  server.GrpcLogAppender (LogUtils.java:warn(122)) - omNode-1@group-523986131536->omNode-2-AppendLogResponseHandler: Failed appendEntries: org.apache.ratis.thirdparty.io.grpc.StatusRuntimeException: UNAVAILABLE: io exception
2020-07-01 01:06:03,996 [grpc-default-executor-6] INFO  impl.FollowerInfo (FollowerInfo.java:lambda$new$0(51)) - omNode-1@group-523986131536->omNode-2: nextIndex: updateUnconditionally 450 -> 45
2020-07-01 01:06:03,998 [grpc-default-executor-6] WARN  server.GrpcLogAppender (LogUtils.java:warn(122)) - omNode-1@group-523986131536->omNode-2-AppendLogResponseHandler: Failed appendEntries: org.apache.ratis.thirdparty.io.grpc.StatusRuntimeException: UNAVAILABLE: io exception
2020-07-01 01:06:03,998 [grpc-default-executor-6] INFO  impl.FollowerInfo (FollowerInfo.java:lambda$new$0(51)) - omNode-1@group-523986131536->omNode-2: nextIndex: updateUnconditionally 450 -> 45
2020-07-01 01:06:04,001 [Thread-5266] DEBUG impl.RaftServerImpl (RaftServerImpl.java:logAppendEntries(928)) - omNode-3@group-523986131536: succeeded to handle AppendEntries. Reply: omNode-1<-omNode-3#473:OK,SUCCESS,nextIndex:449,term:1,followerCommit:447
2020-07-01 01:06:04,001 [grpc-default-executor-8] DEBUG server.GrpcLogAppender (GrpcLogAppender.java:onNext(257)) - omNode-1@group-523986131536->omNode-3-AppendLogResponseHandler: received a reply omNode-1<-omNode-3#473:OK,SUCCESS,nextIndex:449,term:1,followerCommit:447, request=AppendEntriesRequest:cid=473,entriesCount=1,lastEntry=(t:1, i:448)
2020-07-01 01:06:04,001 [omNode-1@group-523986131536-StateMachineUpdater] INFO  ratis.OzoneManagerStateMachine (OzoneManagerStateMachine.java:takeSnapshot(355)) - Current Snapshot Index (t:1, i:448)
2020-07-01 01:06:04,001 [omNode-1@group-523986131536-StateMachineUpdater] INFO  impl.StateMachineUpdater (StateMachineUpdater.java:takeSnapshot(277)) - omNode-1@group-523986131536-StateMachineUpdater: Took a snapshot at index 448
2020-07-01 01:06:04,002 [omNode-1@group-523986131536-StateMachineUpdater] INFO  impl.StateMachineUpdater (StateMachineUpdater.java:lambda$new$0(87)) - omNode-1@group-523986131536-StateMachineUpdater: snapshotIndex: updateIncreasingly 398 -> 448
2020-07-01 01:06:04,002 [grpc-default-executor-6] WARN  server.GrpcLogAppender (LogUtils.java:warn(122)) - omNode-1@group-523986131536->omNode-2-AppendLogResponseHandler: Failed appendEntries: org.apache.ratis.thirdparty.io.grpc.StatusRuntimeException: UNAVAILABLE: io exception
2020-07-01 01:06:04,003 [grpc-default-executor-6] INFO  impl.FollowerInfo (FollowerInfo.java:lambda$new$0(51)) - omNode-1@group-523986131536->omNode-2: nextIndex: updateUnconditionally 450 -> 45
2020-07-01 01:06:04,005 [grpc-default-executor-6] WARN  server.GrpcLogAppender (LogUtils.java:warn(122)) - omNode-1@group-523986131536->omNode-2-AppendLogResponseHandler: Failed appendEntries: org.apache.ratis.thirdparty.io.grpc.StatusRuntimeException: UNAVAILABLE: io exception
2020-07-01 01:06:04,005 [grpc-default-executor-6] INFO  impl.FollowerInfo (FollowerInfo.java:lambda$new$0(51)) - omNode-1@group-523986131536->omNode-2: nextIndex: updateUnconditionally 450 -> 45
2020-07-01 01:06:04,006 [Thread-5267] DEBUG impl.RaftServerImpl (RaftServerImpl.java:logAppendEntries(928)) - omNode-3@group-523986131536: succeeded to handle AppendEntries. Reply: omNode-1<-omNode-3#474:OK,SUCCESS,nextIndex:450,term:1,followerCommit:447
2020-07-01 01:06:04,006 [grpc-default-executor-6] DEBUG server.GrpcLogAppender (GrpcLogAppender.java:onNext(257)) - omNode-1@group-523986131536->omNode-3-AppendLogResponseHandler: received a reply omNode-1<-omNode-3#474:OK,SUCCESS,nextIndex:450,term:1,followerCommit:447, request=AppendEntriesRequest:cid=474,entriesCount=1,lastEntry=(t:1, i:449)
2020-07-01 01:06:04,007 [grpc-default-executor-6] DEBUG impl.RaftServerImpl (RaftServerImpl.java:logAppendEntries(928)) - omNode-3@group-523986131536: receive appendEntries(omNode-1, 1, (t:1, i:449), 449, false, commits[omNode-1:c449, omNode-3:c447, omNode-2:c43], entries: (t:1, i:450), METADATAENTRY(c:449)
2020-07-01 01:06:04,007 [grpc-default-executor-6] INFO  ratis.OzoneManagerStateMachine (OzoneManagerStateMachine.java:getLatestSnapshot(147)) - Latest Snapshot Info 1#399
2020-07-01 01:06:04,007 [grpc-default-executor-6] INFO  ratis.OzoneManagerStateMachine (OzoneManagerStateMachine.java:getLatestSnapshot(147)) - Latest Snapshot Info 1#399
2020-07-01 01:06:04,009 [grpc-default-executor-6] WARN  server.GrpcLogAppender (LogUtils.java:warn(122)) - omNode-1@group-523986131536->omNode-2-AppendLogResponseHandler: Failed appendEntries: org.apache.ratis.thirdparty.io.grpc.StatusRuntimeException: UNAVAILABLE: io exception
2020-07-01 01:06:04,009 [grpc-default-executor-6] INFO  impl.FollowerInfo (FollowerInfo.java:lambda$new$0(51)) - omNode-1@group-523986131536->omNode-2: nextIndex: updateUnconditionally 450 -> 45
2020-07-01 01:06:04,013 [grpc-default-executor-6] WARN  server.GrpcLogAppender (LogUtils.java:warn(122)) - omNode-1@group-523986131536->omNode-2-AppendLogResponseHandler: Failed appendEntries: org.apache.ratis.thirdparty.io.grpc.StatusRuntimeException: UNAVAILABLE: io exception
2020-07-01 01:06:04,013 [grpc-default-executor-6] INFO  impl.FollowerInfo (FollowerInfo.java:lambda$new$0(51)) - omNode-1@group-523986131536->omNode-2: nextIndex: updateUnconditionally 451 -> 45
2020-07-01 01:06:04,015 [grpc-default-executor-6] WARN  server.GrpcLogAppender (LogUtils.java:warn(122)) - omNode-1@group-523986131536->omNode-2-AppendLogResponseHandler: Failed appendEntries: org.apache.ratis.thirdparty.io.grpc.StatusRuntimeException: UNAVAILABLE: io exception
2020-07-01 01:06:04,015 [grpc-default-executor-6] INFO  impl.FollowerInfo (FollowerInfo.java:lambda$new$0(51)) - omNode-1@group-523986131536->omNode-2: nextIndex: updateUnconditionally 451 -> 45
2020-07-01 01:06:04,017 [grpc-default-executor-6] WARN  server.GrpcLogAppender (LogUtils.java:warn(122)) - omNode-1@group-523986131536->omNode-2-AppendLogResponseHandler: Failed appendEntries: org.apache.ratis.thirdparty.io.grpc.StatusRuntimeException: UNAVAILABLE: io exception
2020-07-01 01:06:04,017 [grpc-default-executor-6] INFO  impl.FollowerInfo (FollowerInfo.java:lambda$new$0(51)) - omNode-1@group-523986131536->omNode-2: nextIndex: updateUnconditionally 451 -> 45
2020-07-01 01:06:04,019 [grpc-default-executor-6] WARN  server.GrpcLogAppender (LogUtils.java:warn(122)) - omNode-1@group-523986131536->omNode-2-AppendLogResponseHandler: Failed appendEntries: org.apache.ratis.thirdparty.io.grpc.StatusRuntimeException: UNAVAILABLE: io exception
2020-07-01 01:06:04,019 [grpc-default-executor-6] INFO  impl.FollowerInfo (FollowerInfo.java:lambda$new$0(51)) - omNode-1@group-523986131536->omNode-2: nextIndex: updateUnconditionally 451 -> 45
2020-07-01 01:06:04,021 [Thread-5268] DEBUG impl.RaftServerImpl (RaftServerImpl.java:logAppendEntries(928)) - omNode-3@group-523986131536: succeeded to handle AppendEntries. Reply: omNode-1<-omNode-3#475:OK,SUCCESS,nextIndex:451,term:1,followerCommit:449
2020-07-01 01:06:04,022 [omNode-3@group-523986131536-StateMachineUpdater] INFO  ratis.OzoneManagerStateMachine (OzoneManagerStateMachine.java:takeSnapshot(355)) - Current Snapshot Index (t:1, i:449)
2020-07-01 01:06:04,022 [omNode-3@group-523986131536-StateMachineUpdater] INFO  impl.StateMachineUpdater (StateMachineUpdater.java:takeSnapshot(277)) - omNode-3@group-523986131536-StateMachineUpdater: Took a snapshot at index 449
2020-07-01 01:06:04,022 [omNode-3@group-523986131536-StateMachineUpdater] INFO  impl.StateMachineUpdater (StateMachineUpdater.java:lambda$new$0(87)) - omNode-3@group-523986131536-StateMachineUpdater: snapshotIndex: updateIncreasingly 399 -> 449
2020-07-01 01:06:04,022 [grpc-default-executor-6] DEBUG server.GrpcLogAppender (GrpcLogAppender.java:onNext(257)) - omNode-1@group-523986131536->omNode-3-AppendLogResponseHandler: received a reply omNode-1<-omNode-3#475:OK,SUCCESS,nextIndex:451,term:1,followerCommit:449, request=AppendEntriesRequest:cid=475,entriesCount=1,lastEntry=(t:1, i:450)
2020-07-01 01:06:04,022 [grpc-default-executor-6] WARN  server.GrpcLogAppender (LogUtils.java:warn(122)) - omNode-1@group-523986131536->omNode-2-AppendLogResponseHandler: Failed appendEntries: org.apache.ratis.thirdparty.io.grpc.StatusRuntimeException: UNAVAILABLE: io exception
2020-07-01 01:06:04,022 [grpc-default-executor-6] INFO  impl.FollowerInfo (FollowerInfo.java:lambda$new$0(51)) - omNode-1@group-523986131536->omNode-2: nextIndex: updateUnconditionally 451 -> 45
2020-07-01 01:06:04,024 [grpc-default-executor-6] WARN  server.GrpcLogAppender (LogUtils.java:warn(122)) - omNode-1@group-523986131536->omNode-2-AppendLogResponseHandler: Failed appendEntries: org.apache.ratis.thirdparty.io.grpc.StatusRuntimeException: UNAVAILABLE: io exception
2020-07-01 01:06:04,024 [grpc-default-executor-6] INFO  impl.FollowerInfo (FollowerInfo.java:lambda$new$0(51)) - omNode-1@group-523986131536->omNode-2: nextIndex: updateUnconditionally 451 -> 45
2020-07-01 01:06:04,028 [IPC Server handler 8 on default port 11860] DEBUG impl.RaftServerImpl (RaftServerImpl.java:submitClientRequestAsync(575)) - omNode-1@group-523986131536: receive client request(RaftClientRequest:client-6E5155DBE9B8->omNode-1@group-523986131536, cid=548, seq=0, RW, Message:082412001a13636c6965...(size=360))
2020-07-01 01:06:04,028 [IPC Server handler 8 on default port 11860] DEBUG impl.RaftServerImpl (LeaderState.java:addPendingRequest(335)) - omNode-1@group-523986131536-LeaderState: addPendingRequest at RaftClientRequest:client-6E5155DBE9B8->omNode-1@group-523986131536, cid=548, seq=0, RW, Message:082412001a13636c6965...(size=360), entry=(t:1, i:451), STATEMACHINELOGENTRY, client-6E5155DBE9B8, cid=548
2020-07-01 01:06:04,028 [grpc-default-executor-6] WARN  server.GrpcLogAppender (LogUtils.java:warn(122)) - omNode-1@group-523986131536->omNode-2-AppendLogResponseHandler: Failed appendEntries: org.apache.ratis.thirdparty.io.grpc.StatusRuntimeException: UNAVAILABLE: io exception
2020-07-01 01:06:04,028 [grpc-default-executor-6] INFO  impl.FollowerInfo (FollowerInfo.java:lambda$new$0(51)) - omNode-1@group-523986131536->omNode-2: nextIndex: updateUnconditionally 451 -> 45
2020-07-01 01:06:04,030 [grpc-default-executor-6] WARN  server.GrpcLogAppender (LogUtils.java:warn(122)) - omNode-1@group-523986131536->omNode-2-AppendLogResponseHandler: Failed appendEntries: org.apache.ratis.thirdparty.io.grpc.StatusRuntimeException: UNAVAILABLE: io exception
2020-07-01 01:06:04,033 [grpc-default-executor-1] DEBUG impl.RaftServerImpl (RaftServerImpl.java:logAppendEntries(928)) - omNode-3@group-523986131536: receive appendEntries(omNode-1, 1, (t:1, i:450), 450, false, commits[omNode-1:c450, omNode-3:c449, omNode-2:c43], entries: (t:1, i:451), STATEMACHINELOGENTRY, client-6E5155DBE9B8, cid=548
2020-07-01 01:06:04,033 [grpc-default-executor-1] INFO  ratis.OzoneManagerStateMachine (OzoneManagerStateMachine.java:getLatestSnapshot(147)) - Latest Snapshot Info 1#449
2020-07-01 01:06:04,033 [grpc-default-executor-1] INFO  ratis.OzoneManagerStateMachine (OzoneManagerStateMachine.java:getLatestSnapshot(147)) - Latest Snapshot Info 1#449
2020-07-01 01:06:04,033 [grpc-default-executor-6] INFO  impl.FollowerInfo (FollowerInfo.java:lambda$new$0(51)) - omNode-1@group-523986131536->omNode-2: nextIndex: updateUnconditionally 452 -> 45
2020-07-01 01:06:04,038 [grpc-default-executor-6] WARN  server.GrpcLogAppender (LogUtils.java:warn(122)) - omNode-1@group-523986131536->omNode-2-AppendLogResponseHandler: Failed appendEntries: org.apache.ratis.thirdparty.io.grpc.StatusRuntimeException: UNAVAILABLE: io exception
2020-07-01 01:06:04,038 [grpc-default-executor-6] INFO  impl.FollowerInfo (FollowerInfo.java:lambda$new$0(51)) - omNode-1@group-523986131536->omNode-2: nextIndex: updateUnconditionally 452 -> 45
2020-07-01 01:06:04,038 [Thread-5269] DEBUG impl.RaftServerImpl (RaftServerImpl.java:logAppendEntries(928)) - omNode-3@group-523986131536: succeeded to handle AppendEntries. Reply: omNode-1<-omNode-3#476:OK,SUCCESS,nextIndex:452,term:1,followerCommit:450
2020-07-01 01:06:04,038 [grpc-default-executor-6] DEBUG server.GrpcLogAppender (GrpcLogAppender.java:onNext(257)) - omNode-1@group-523986131536->omNode-3-AppendLogResponseHandler: received a reply omNode-1<-omNode-3#476:OK,SUCCESS,nextIndex:452,term:1,followerCommit:450, request=AppendEntriesRequest:cid=476,entriesCount=1,lastEntry=(t:1, i:451)
2020-07-01 01:06:04,040 [grpc-default-executor-6] DEBUG impl.RaftServerImpl (RaftServerImpl.java:logAppendEntries(928)) - omNode-3@group-523986131536: receive appendEntries(omNode-1, 1, (t:1, i:451), 451, false, commits[omNode-1:c451, omNode-3:c450, omNode-2:c43], entries: (t:1, i:452), METADATAENTRY(c:451)
2020-07-01 01:06:04,040 [grpc-default-executor-6] INFO  ratis.OzoneManagerStateMachine (OzoneManagerStateMachine.java:getLatestSnapshot(147)) - Latest Snapshot Info 1#449
2020-07-01 01:06:04,040 [grpc-default-executor-6] INFO  ratis.OzoneManagerStateMachine (OzoneManagerStateMachine.java:getLatestSnapshot(147)) - Latest Snapshot Info 1#449
2020-07-01 01:06:04,041 [IPC Server handler 10 on default port 11860] DEBUG impl.RaftServerImpl (RaftServerImpl.java:submitClientRequestAsync(575)) - omNode-1@group-523986131536: receive client request(RaftClientRequest:client-6E5155DBE9B8->omNode-1@group-523986131536, cid=549, seq=0, RW, Message:081f12001a13636c6965...(size=409))
2020-07-01 01:06:04,041 [IPC Server handler 10 on default port 11860] DEBUG impl.RaftServerImpl (LeaderState.java:addPendingRequest(335)) - omNode-1@group-523986131536-LeaderState: addPendingRequest at RaftClientRequest:client-6E5155DBE9B8->omNode-1@group-523986131536, cid=549, seq=0, RW, Message:081f12001a13636c6965...(size=409), entry=(t:1, i:453), STATEMACHINELOGENTRY, client-6E5155DBE9B8, cid=549
2020-07-01 01:06:04,042 [grpc-default-executor-6] DEBUG impl.RaftServerImpl (RaftServerImpl.java:logAppendEntries(928)) - omNode-3@group-523986131536: receive appendEntries(omNode-1, 1, (t:1, i:452), 451, false, commits[omNode-1:c451, omNode-3:c450, omNode-2:c43], entries: (t:1, i:453), STATEMACHINELOGENTRY, client-6E5155DBE9B8, cid=549
2020-07-01 01:06:04,042 [grpc-default-executor-6] INFO  ratis.OzoneManagerStateMachine (OzoneManagerStateMachine.java:getLatestSnapshot(147)) - Latest Snapshot Info 1#449
2020-07-01 01:06:04,042 [grpc-default-executor-6] INFO  ratis.OzoneManagerStateMachine (OzoneManagerStateMachine.java:getLatestSnapshot(147)) - Latest Snapshot Info 1#449
2020-07-01 01:06:04,043 [grpc-default-executor-1] WARN  server.GrpcLogAppender (LogUtils.java:warn(122)) - omNode-1@group-523986131536->omNode-2-AppendLogResponseHandler: Failed appendEntries: org.apache.ratis.thirdparty.io.grpc.StatusRuntimeException: UNAVAILABLE: io exception
2020-07-01 01:06:04,043 [grpc-default-executor-1] INFO  impl.FollowerInfo (FollowerInfo.java:lambda$new$0(51)) - omNode-1@group-523986131536->omNode-2: nextIndex: updateUnconditionally 453 -> 45
2020-07-01 01:06:04,046 [grpc-default-executor-6] WARN  server.GrpcLogAppender (LogUtils.java:warn(122)) - omNode-1@group-523986131536->omNode-2-AppendLogResponseHandler: Failed appendEntries: org.apache.ratis.thirdparty.io.grpc.StatusRuntimeException: UNAVAILABLE: io exception
2020-07-01 01:06:04,046 [grpc-default-executor-6] INFO  impl.FollowerInfo (FollowerInfo.java:lambda$new$0(51)) - omNode-1@group-523986131536->omNode-2: nextIndex: updateUnconditionally 454 -> 45
2020-07-01 01:06:04,049 [Thread-5270] DEBUG impl.RaftServerImpl (RaftServerImpl.java:logAppendEntries(928)) - omNode-3@group-523986131536: succeeded to handle AppendEntries. Reply: omNode-1<-omNode-3#477:OK,SUCCESS,nextIndex:453,term:1,followerCommit:451
2020-07-01 01:06:04,049 [grpc-default-executor-6] DEBUG server.GrpcLogAppender (GrpcLogAppender.java:onNext(257)) - omNode-1@group-523986131536->omNode-3-AppendLogResponseHandler: received a reply omNode-1<-omNode-3#477:OK,SUCCESS,nextIndex:453,term:1,followerCommit:451, request=AppendEntriesRequest:cid=477,entriesCount=1,lastEntry=(t:1, i:452)
2020-07-01 01:06:04,051 [grpc-default-executor-1] WARN  server.GrpcLogAppender (LogUtils.java:warn(122)) - omNode-1@group-523986131536->omNode-2-AppendLogResponseHandler: Failed appendEntries: org.apache.ratis.thirdparty.io.grpc.StatusRuntimeException: UNAVAILABLE: io exception
2020-07-01 01:06:04,051 [grpc-default-executor-1] INFO  impl.FollowerInfo (FollowerInfo.java:lambda$new$0(51)) - omNode-1@group-523986131536->omNode-2: nextIndex: updateUnconditionally 454 -> 45
2020-07-01 01:06:04,053 [Thread-5271] DEBUG impl.RaftServerImpl (RaftServerImpl.java:logAppendEntries(928)) - omNode-3@group-523986131536: succeeded to handle AppendEntries. Reply: omNode-1<-omNode-3#478:OK,SUCCESS,nextIndex:454,term:1,followerCommit:451
2020-07-01 01:06:04,053 [grpc-default-executor-1] DEBUG server.GrpcLogAppender (GrpcLogAppender.java:onNext(257)) - omNode-1@group-523986131536->omNode-3-AppendLogResponseHandler: received a reply omNode-1<-omNode-3#478:OK,SUCCESS,nextIndex:454,term:1,followerCommit:451, request=AppendEntriesRequest:cid=478,entriesCount=1,lastEntry=(t:1, i:453)
2020-07-01 01:06:04,054 [grpc-default-executor-1] DEBUG impl.RaftServerImpl (RaftServerImpl.java:logAppendEntries(928)) - omNode-3@group-523986131536: receive appendEntries(omNode-1, 1, (t:1, i:453), 453, false, commits[omNode-1:c453, omNode-3:c451, omNode-2:c43], entries: (t:1, i:454), METADATAENTRY(c:453)
2020-07-01 01:06:04,054 [grpc-default-executor-1] INFO  ratis.OzoneManagerStateMachine (OzoneManagerStateMachine.java:getLatestSnapshot(147)) - Latest Snapshot Info 1#449
2020-07-01 01:06:04,055 [grpc-default-executor-1] INFO  ratis.OzoneManagerStateMachine (OzoneManagerStateMachine.java:getLatestSnapshot(147)) - Latest Snapshot Info 1#449
2020-07-01 01:06:04,056 [grpc-default-executor-7] WARN  server.GrpcLogAppender (LogUtils.java:warn(122)) - omNode-1@group-523986131536->omNode-2-AppendLogResponseHandler: Failed appendEntries: org.apache.ratis.thirdparty.io.grpc.StatusRuntimeException: UNAVAILABLE: io exception
2020-07-01 01:06:04,056 [grpc-default-executor-7] INFO  impl.FollowerInfo (FollowerInfo.java:lambda$new$0(51)) - omNode-1@group-523986131536->omNode-2: nextIndex: updateUnconditionally 455 -> 45
2020-07-01 01:06:04,063 [Thread-5272] DEBUG impl.RaftServerImpl (RaftServerImpl.java:logAppendEntries(928)) - omNode-3@group-523986131536: succeeded to handle AppendEntries. Reply: omNode-1<-omNode-3#479:OK,SUCCESS,nextIndex:455,term:1,followerCommit:453
2020-07-01 01:06:04,063 [grpc-default-executor-6] DEBUG server.GrpcLogAppender (GrpcLogAppender.java:onNext(257)) - omNode-1@group-523986131536->omNode-3-AppendLogResponseHandler: received a reply omNode-1<-omNode-3#479:OK,SUCCESS,nextIndex:455,term:1,followerCommit:453, request=AppendEntriesRequest:cid=479,entriesCount=1,lastEntry=(t:1, i:454)
2020-07-01 01:06:04,066 [grpc-default-executor-6] WARN  server.GrpcLogAppender (LogUtils.java:warn(122)) - omNode-1@group-523986131536->omNode-2-AppendLogResponseHandler: Failed appendEntries: org.apache.ratis.thirdparty.io.grpc.StatusRuntimeException: UNAVAILABLE: io exception
2020-07-01 01:06:04,066 [grpc-default-executor-6] INFO  impl.FollowerInfo (FollowerInfo.java:lambda$new$0(51)) - omNode-1@group-523986131536->omNode-2: nextIndex: updateUnconditionally 455 -> 45
2020-07-01 01:06:04,067 [IPC Server handler 9 on default port 11860] DEBUG impl.RaftServerImpl (RaftServerImpl.java:submitClientRequestAsync(575)) - omNode-1@group-523986131536: receive client request(RaftClientRequest:client-6E5155DBE9B8->omNode-1@group-523986131536, cid=550, seq=0, RW, Message:082412001a13636c6965...(size=360))
2020-07-01 01:06:04,067 [IPC Server handler 9 on default port 11860] DEBUG impl.RaftServerImpl (LeaderState.java:addPendingRequest(335)) - omNode-1@group-523986131536-LeaderState: addPendingRequest at RaftClientRequest:client-6E5155DBE9B8->omNode-1@group-523986131536, cid=550, seq=0, RW, Message:082412001a13636c6965...(size=360), entry=(t:1, i:455), STATEMACHINELOGENTRY, client-6E5155DBE9B8, cid=550
2020-07-01 01:06:04,068 [grpc-default-executor-6] DEBUG impl.RaftServerImpl (RaftServerImpl.java:logAppendEntries(928)) - omNode-3@group-523986131536: receive appendEntries(omNode-1, 1, (t:1, i:454), 454, false, commits[omNode-1:c454, omNode-3:c453, omNode-2:c43], entries: (t:1, i:455), STATEMACHINELOGENTRY, client-6E5155DBE9B8, cid=550
2020-07-01 01:06:04,068 [grpc-default-executor-6] INFO  ratis.OzoneManagerStateMachine (OzoneManagerStateMachine.java:getLatestSnapshot(147)) - Latest Snapshot Info 1#449
2020-07-01 01:06:04,068 [grpc-default-executor-6] INFO  ratis.OzoneManagerStateMachine (OzoneManagerStateMachine.java:getLatestSnapshot(147)) - Latest Snapshot Info 1#449
2020-07-01 01:06:04,068 [Thread-5273] DEBUG impl.RaftServerImpl (RaftServerImpl.java:logAppendEntries(928)) - omNode-3@group-523986131536: succeeded to handle AppendEntries. Reply: omNode-1<-omNode-3#480:OK,SUCCESS,nextIndex:456,term:1,followerCommit:454
2020-07-01 01:06:04,069 [grpc-default-executor-7] WARN  server.GrpcLogAppender (LogUtils.java:warn(122)) - omNode-1@group-523986131536->omNode-2-AppendLogResponseHandler: Failed appendEntries: org.apache.ratis.thirdparty.io.grpc.StatusRuntimeException: UNAVAILABLE: io exception
2020-07-01 01:06:04,069 [grpc-default-executor-7] INFO  impl.FollowerInfo (FollowerInfo.java:lambda$new$0(51)) - omNode-1@group-523986131536->omNode-2: nextIndex: updateUnconditionally 456 -> 45
2020-07-01 01:06:04,070 [grpc-default-executor-6] DEBUG server.GrpcLogAppender (GrpcLogAppender.java:onNext(257)) - omNode-1@group-523986131536->omNode-3-AppendLogResponseHandler: received a reply omNode-1<-omNode-3#480:OK,SUCCESS,nextIndex:456,term:1,followerCommit:454, request=AppendEntriesRequest:cid=480,entriesCount=1,lastEntry=(t:1, i:455)
2020-07-01 01:06:04,071 [grpc-default-executor-6] DEBUG impl.RaftServerImpl (RaftServerImpl.java:logAppendEntries(928)) - omNode-3@group-523986131536: receive appendEntries(omNode-1, 1, (t:1, i:455), 455, false, commits[omNode-1:c455, omNode-3:c454, omNode-2:c43], entries: (t:1, i:456), METADATAENTRY(c:455)
2020-07-01 01:06:04,071 [grpc-default-executor-6] INFO  ratis.OzoneManagerStateMachine (OzoneManagerStateMachine.java:getLatestSnapshot(147)) - Latest Snapshot Info 1#449
2020-07-01 01:06:04,071 [grpc-default-executor-6] INFO  ratis.OzoneManagerStateMachine (OzoneManagerStateMachine.java:getLatestSnapshot(147)) - Latest Snapshot Info 1#449
2020-07-01 01:06:04,072 [grpc-default-executor-7] WARN  server.GrpcLogAppender (LogUtils.java:warn(122)) - omNode-1@group-523986131536->omNode-2-AppendLogResponseHandler: Failed appendEntries: org.apache.ratis.thirdparty.io.grpc.StatusRuntimeException: UNAVAILABLE: io exception
2020-07-01 01:06:04,072 [grpc-default-executor-7] INFO  impl.FollowerInfo (FollowerInfo.java:lambda$new$0(51)) - omNode-1@group-523986131536->omNode-2: nextIndex: updateUnconditionally 457 -> 45
2020-07-01 01:06:04,072 [Thread-5274] DEBUG impl.RaftServerImpl (RaftServerImpl.java:logAppendEntries(928)) - omNode-3@group-523986131536: succeeded to handle AppendEntries. Reply: omNode-1<-omNode-3#481:OK,SUCCESS,nextIndex:457,term:1,followerCommit:455
2020-07-01 01:06:04,073 [IPC Server handler 17 on default port 11860] DEBUG impl.RaftServerImpl (RaftServerImpl.java:submitClientRequestAsync(575)) - omNode-1@group-523986131536: receive client request(RaftClientRequest:client-6E5155DBE9B8->omNode-1@group-523986131536, cid=551, seq=0, RW, Message:081f12001a13636c6965...(size=409))
2020-07-01 01:06:04,073 [IPC Server handler 17 on default port 11860] DEBUG impl.RaftServerImpl (LeaderState.java:addPendingRequest(335)) - omNode-1@group-523986131536-LeaderState: addPendingRequest at RaftClientRequest:client-6E5155DBE9B8->omNode-1@group-523986131536, cid=551, seq=0, RW, Message:081f12001a13636c6965...(size=409), entry=(t:1, i:457), STATEMACHINELOGENTRY, client-6E5155DBE9B8, cid=551
2020-07-01 01:06:04,074 [grpc-default-executor-7] DEBUG impl.RaftServerImpl (RaftServerImpl.java:logAppendEntries(928)) - omNode-3@group-523986131536: receive appendEntries(omNode-1, 1, (t:1, i:456), 455, false, commits[omNode-1:c455, omNode-3:c454, omNode-2:c43], entries: (t:1, i:457), STATEMACHINELOGENTRY, client-6E5155DBE9B8, cid=551
2020-07-01 01:06:04,074 [grpc-default-executor-7] INFO  ratis.OzoneManagerStateMachine (OzoneManagerStateMachine.java:getLatestSnapshot(147)) - Latest Snapshot Info 1#449
2020-07-01 01:06:04,074 [grpc-default-executor-7] INFO  ratis.OzoneManagerStateMachine (OzoneManagerStateMachine.java:getLatestSnapshot(147)) - Latest Snapshot Info 1#449
2020-07-01 01:06:04,075 [grpc-default-executor-7] DEBUG server.GrpcLogAppender (GrpcLogAppender.java:onNext(257)) - omNode-1@group-523986131536->omNode-3-AppendLogResponseHandler: received a reply omNode-1<-omNode-3#481:OK,SUCCESS,nextIndex:457,term:1,followerCommit:455, request=AppendEntriesRequest:cid=481,entriesCount=1,lastEntry=(t:1, i:456)
2020-07-01 01:06:04,075 [grpc-default-executor-7] WARN  server.GrpcLogAppender (LogUtils.java:warn(122)) - omNode-1@group-523986131536->omNode-2-AppendLogResponseHandler: Failed appendEntries: org.apache.ratis.thirdparty.io.grpc.StatusRuntimeException: UNAVAILABLE: io exception
2020-07-01 01:06:04,076 [grpc-default-executor-7] INFO  impl.FollowerInfo (FollowerInfo.java:lambda$new$0(51)) - omNode-1@group-523986131536->omNode-2: nextIndex: updateUnconditionally 458 -> 45
2020-07-01 01:06:04,077 [Thread-5275] DEBUG impl.RaftServerImpl (RaftServerImpl.java:logAppendEntries(928)) - omNode-3@group-523986131536: succeeded to handle AppendEntries. Reply: omNode-1<-omNode-3#482:OK,SUCCESS,nextIndex:458,term:1,followerCommit:455
2020-07-01 01:06:04,077 [grpc-default-executor-7] DEBUG server.GrpcLogAppender (GrpcLogAppender.java:onNext(257)) - omNode-1@group-523986131536->omNode-3-AppendLogResponseHandler: received a reply omNode-1<-omNode-3#482:OK,SUCCESS,nextIndex:458,term:1,followerCommit:455, request=AppendEntriesRequest:cid=482,entriesCount=1,lastEntry=(t:1, i:457)
2020-07-01 01:06:04,078 [grpc-default-executor-7] DEBUG impl.RaftServerImpl (RaftServerImpl.java:logAppendEntries(928)) - omNode-3@group-523986131536: receive appendEntries(omNode-1, 1, (t:1, i:457), 457, false, commits[omNode-1:c457, omNode-3:c455, omNode-2:c43], entries: (t:1, i:458), METADATAENTRY(c:457)
2020-07-01 01:06:04,078 [grpc-default-executor-7] INFO  ratis.OzoneManagerStateMachine (OzoneManagerStateMachine.java:getLatestSnapshot(147)) - Latest Snapshot Info 1#449
2020-07-01 01:06:04,078 [grpc-default-executor-7] INFO  ratis.OzoneManagerStateMachine (OzoneManagerStateMachine.java:getLatestSnapshot(147)) - Latest Snapshot Info 1#449
2020-07-01 01:06:04,081 [grpc-default-executor-7] WARN  server.GrpcLogAppender (LogUtils.java:warn(122)) - omNode-1@group-523986131536->omNode-2-AppendLogResponseHandler: Failed appendEntries: org.apache.ratis.thirdparty.io.grpc.StatusRuntimeException: UNAVAILABLE: io exception
2020-07-01 01:06:04,081 [grpc-default-executor-7] INFO  impl.FollowerInfo (FollowerInfo.java:lambda$new$0(51)) - omNode-1@group-523986131536->omNode-2: nextIndex: updateUnconditionally 459 -> 45
2020-07-01 01:06:04,085 [Thread-5276] DEBUG impl.RaftServerImpl (RaftServerImpl.java:logAppendEntries(928)) - omNode-3@group-523986131536: succeeded to handle AppendEntries. Reply: omNode-1<-omNode-3#483:OK,SUCCESS,nextIndex:459,term:1,followerCommit:457
2020-07-01 01:06:04,085 [grpc-default-executor-7] DEBUG server.GrpcLogAppender (GrpcLogAppender.java:onNext(257)) - omNode-1@group-523986131536->omNode-3-AppendLogResponseHandler: received a reply omNode-1<-omNode-3#483:OK,SUCCESS,nextIndex:459,term:1,followerCommit:457, request=AppendEntriesRequest:cid=483,entriesCount=1,lastEntry=(t:1, i:458)
2020-07-01 01:06:04,087 [grpc-default-executor-6] WARN  server.GrpcLogAppender (LogUtils.java:warn(122)) - omNode-1@group-523986131536->omNode-2-AppendLogResponseHandler: Failed appendEntries: org.apache.ratis.thirdparty.io.grpc.StatusRuntimeException: UNAVAILABLE: io exception
2020-07-01 01:06:04,087 [grpc-default-executor-6] INFO  impl.FollowerInfo (FollowerInfo.java:lambda$new$0(51)) - omNode-1@group-523986131536->omNode-2: nextIndex: updateUnconditionally 459 -> 45
2020-07-01 01:06:04,089 [IPC Server handler 11 on default port 11860] DEBUG impl.RaftServerImpl (RaftServerImpl.java:submitClientRequestAsync(575)) - omNode-1@group-523986131536: receive client request(RaftClientRequest:client-6E5155DBE9B8->omNode-1@group-523986131536, cid=552, seq=0, RW, Message:082412001a13636c6965...(size=360))
2020-07-01 01:06:04,089 [IPC Server handler 11 on default port 11860] DEBUG impl.RaftServerImpl (LeaderState.java:addPendingRequest(335)) - omNode-1@group-523986131536-LeaderState: addPendingRequest at RaftClientRequest:client-6E5155DBE9B8->omNode-1@group-523986131536, cid=552, seq=0, RW, Message:082412001a13636c6965...(size=360), entry=(t:1, i:459), STATEMACHINELOGENTRY, client-6E5155DBE9B8, cid=552
2020-07-01 01:06:04,091 [grpc-default-executor-1] WARN  server.GrpcLogAppender (LogUtils.java:warn(122)) - omNode-1@group-523986131536->omNode-2-AppendLogResponseHandler: Failed appendEntries: org.apache.ratis.thirdparty.io.grpc.StatusRuntimeException: UNAVAILABLE: io exception
2020-07-01 01:06:04,091 [grpc-default-executor-6] DEBUG impl.RaftServerImpl (RaftServerImpl.java:logAppendEntries(928)) - omNode-3@group-523986131536: receive appendEntries(omNode-1, 1, (t:1, i:458), 458, false, commits[omNode-1:c458, omNode-3:c457, omNode-2:c43], entries: (t:1, i:459), STATEMACHINELOGENTRY, client-6E5155DBE9B8, cid=552
2020-07-01 01:06:04,091 [grpc-default-executor-1] INFO  impl.FollowerInfo (FollowerInfo.java:lambda$new$0(51)) - omNode-1@group-523986131536->omNode-2: nextIndex: updateUnconditionally 460 -> 45
2020-07-01 01:06:04,091 [grpc-default-executor-6] INFO  ratis.OzoneManagerStateMachine (OzoneManagerStateMachine.java:getLatestSnapshot(147)) - Latest Snapshot Info 1#449
2020-07-01 01:06:04,091 [grpc-default-executor-6] INFO  ratis.OzoneManagerStateMachine (OzoneManagerStateMachine.java:getLatestSnapshot(147)) - Latest Snapshot Info 1#449
2020-07-01 01:06:04,092 [Thread-5277] DEBUG impl.RaftServerImpl (RaftServerImpl.java:logAppendEntries(928)) - omNode-3@group-523986131536: succeeded to handle AppendEntries. Reply: omNode-1<-omNode-3#484:OK,SUCCESS,nextIndex:460,term:1,followerCommit:458
2020-07-01 01:06:04,092 [grpc-default-executor-6] DEBUG server.GrpcLogAppender (GrpcLogAppender.java:onNext(257)) - omNode-1@group-523986131536->omNode-3-AppendLogResponseHandler: received a reply omNode-1<-omNode-3#484:OK,SUCCESS,nextIndex:460,term:1,followerCommit:458, request=AppendEntriesRequest:cid=484,entriesCount=1,lastEntry=(t:1, i:459)
2020-07-01 01:06:04,094 [grpc-default-executor-6] DEBUG impl.RaftServerImpl (RaftServerImpl.java:logAppendEntries(928)) - omNode-3@group-523986131536: receive appendEntries(omNode-1, 1, (t:1, i:459), 459, false, commits[omNode-1:c459, omNode-3:c458, omNode-2:c43], entries: (t:1, i:460), METADATAENTRY(c:459)
2020-07-01 01:06:04,094 [grpc-default-executor-6] INFO  ratis.OzoneManagerStateMachine (OzoneManagerStateMachine.java:getLatestSnapshot(147)) - Latest Snapshot Info 1#449
2020-07-01 01:06:04,094 [grpc-default-executor-6] INFO  ratis.OzoneManagerStateMachine (OzoneManagerStateMachine.java:getLatestSnapshot(147)) - Latest Snapshot Info 1#449
2020-07-01 01:06:04,096 [IPC Server handler 13 on default port 11860] DEBUG impl.RaftServerImpl (RaftServerImpl.java:submitClientRequestAsync(575)) - omNode-1@group-523986131536: receive client request(RaftClientRequest:client-6E5155DBE9B8->omNode-1@group-523986131536, cid=553, seq=0, RW, Message:081f12001a13636c6965...(size=409))
2020-07-01 01:06:04,097 [IPC Server handler 13 on default port 11860] DEBUG impl.RaftServerImpl (LeaderState.java:addPendingRequest(335)) - omNode-1@group-523986131536-LeaderState: addPendingRequest at RaftClientRequest:client-6E5155DBE9B8->omNode-1@group-523986131536, cid=553, seq=0, RW, Message:081f12001a13636c6965...(size=409), entry=(t:1, i:461), STATEMACHINELOGENTRY, client-6E5155DBE9B8, cid=553
2020-07-01 01:06:04,098 [grpc-default-executor-7] WARN  server.GrpcLogAppender (LogUtils.java:warn(122)) - omNode-1@group-523986131536->omNode-2-AppendLogResponseHandler: Failed appendEntries: org.apache.ratis.thirdparty.io.grpc.StatusRuntimeException: UNAVAILABLE: io exception
2020-07-01 01:06:04,098 [grpc-default-executor-7] INFO  impl.FollowerInfo (FollowerInfo.java:lambda$new$0(51)) - omNode-1@group-523986131536->omNode-2: nextIndex: updateUnconditionally 461 -> 45
2020-07-01 01:06:04,098 [grpc-default-executor-1] DEBUG impl.RaftServerImpl (RaftServerImpl.java:logAppendEntries(928)) - omNode-3@group-523986131536: receive appendEntries(omNode-1, 1, (t:1, i:460), 459, false, commits[omNode-1:c459, omNode-3:c458, omNode-2:c43], entries: (t:1, i:461), STATEMACHINELOGENTRY, client-6E5155DBE9B8, cid=553
2020-07-01 01:06:04,098 [grpc-default-executor-1] INFO  ratis.OzoneManagerStateMachine (OzoneManagerStateMachine.java:getLatestSnapshot(147)) - Latest Snapshot Info 1#449
2020-07-01 01:06:04,098 [grpc-default-executor-1] INFO  ratis.OzoneManagerStateMachine (OzoneManagerStateMachine.java:getLatestSnapshot(147)) - Latest Snapshot Info 1#449
2020-07-01 01:06:04,100 [grpc-default-executor-1] WARN  server.GrpcLogAppender (LogUtils.java:warn(122)) - omNode-1@group-523986131536->omNode-2-AppendLogResponseHandler: Failed appendEntries: org.apache.ratis.thirdparty.io.grpc.StatusRuntimeException: UNAVAILABLE: io exception
2020-07-01 01:06:04,100 [grpc-default-executor-1] INFO  impl.FollowerInfo (FollowerInfo.java:lambda$new$0(51)) - omNode-1@group-523986131536->omNode-2: nextIndex: updateUnconditionally 462 -> 45
2020-07-01 01:06:04,102 [grpc-default-executor-1] WARN  server.GrpcLogAppender (LogUtils.java:warn(122)) - omNode-1@group-523986131536->omNode-2-AppendLogResponseHandler: Failed appendEntries: org.apache.ratis.thirdparty.io.grpc.StatusRuntimeException: UNAVAILABLE: io exception
2020-07-01 01:06:04,102 [grpc-default-executor-1] INFO  impl.FollowerInfo (FollowerInfo.java:lambda$new$0(51)) - omNode-1@group-523986131536->omNode-2: nextIndex: updateUnconditionally 462 -> 45
2020-07-01 01:06:04,104 [grpc-default-executor-1] WARN  server.GrpcLogAppender (LogUtils.java:warn(122)) - omNode-1@group-523986131536->omNode-2-AppendLogResponseHandler: Failed appendEntries: org.apache.ratis.thirdparty.io.grpc.StatusRuntimeException: UNAVAILABLE: io exception
2020-07-01 01:06:04,105 [grpc-default-executor-1] INFO  impl.FollowerInfo (FollowerInfo.java:lambda$new$0(51)) - omNode-1@group-523986131536->omNode-2: nextIndex: updateUnconditionally 462 -> 45
2020-07-01 01:06:04,105 [Thread-5278] DEBUG impl.RaftServerImpl (RaftServerImpl.java:logAppendEntries(928)) - omNode-3@group-523986131536: succeeded to handle AppendEntries. Reply: omNode-1<-omNode-3#485:OK,SUCCESS,nextIndex:461,term:1,followerCommit:459
2020-07-01 01:06:04,105 [grpc-default-executor-1] DEBUG server.GrpcLogAppender (GrpcLogAppender.java:onNext(257)) - omNode-1@group-523986131536->omNode-3-AppendLogResponseHandler: received a reply omNode-1<-omNode-3#485:OK,SUCCESS,nextIndex:461,term:1,followerCommit:459, request=AppendEntriesRequest:cid=485,entriesCount=1,lastEntry=(t:1, i:460)
2020-07-01 01:06:04,107 [grpc-default-executor-1] WARN  server.GrpcLogAppender (LogUtils.java:warn(122)) - omNode-1@group-523986131536->omNode-2-AppendLogResponseHandler: Failed appendEntries: org.apache.ratis.thirdparty.io.grpc.StatusRuntimeException: UNAVAILABLE: io exception
2020-07-01 01:06:04,108 [grpc-default-executor-1] INFO  impl.FollowerInfo (FollowerInfo.java:lambda$new$0(51)) - omNode-1@group-523986131536->omNode-2: nextIndex: updateUnconditionally 462 -> 45
2020-07-01 01:06:04,110 [Thread-5279] DEBUG impl.RaftServerImpl (RaftServerImpl.java:logAppendEntries(928)) - omNode-3@group-523986131536: succeeded to handle AppendEntries. Reply: omNode-1<-omNode-3#486:OK,SUCCESS,nextIndex:462,term:1,followerCommit:459
2020-07-01 01:06:04,110 [grpc-default-executor-1] DEBUG server.GrpcLogAppender (GrpcLogAppender.java:onNext(257)) - omNode-1@group-523986131536->omNode-3-AppendLogResponseHandler: received a reply omNode-1<-omNode-3#486:OK,SUCCESS,nextIndex:462,term:1,followerCommit:459, request=AppendEntriesRequest:cid=486,entriesCount=1,lastEntry=(t:1, i:461)
2020-07-01 01:06:04,111 [grpc-default-executor-1] DEBUG impl.RaftServerImpl (RaftServerImpl.java:logAppendEntries(928)) - omNode-3@group-523986131536: receive appendEntries(omNode-1, 1, (t:1, i:461), 461, false, commits[omNode-1:c461, omNode-3:c459, omNode-2:c43], entries: (t:1, i:462), METADATAENTRY(c:461)
2020-07-01 01:06:04,111 [grpc-default-executor-1] INFO  ratis.OzoneManagerStateMachine (OzoneManagerStateMachine.java:getLatestSnapshot(147)) - Latest Snapshot Info 1#449
2020-07-01 01:06:04,111 [grpc-default-executor-1] INFO  ratis.OzoneManagerStateMachine (OzoneManagerStateMachine.java:getLatestSnapshot(147)) - Latest Snapshot Info 1#449
2020-07-01 01:06:04,111 [grpc-default-executor-1] WARN  server.GrpcLogAppender (LogUtils.java:warn(122)) - omNode-1@group-523986131536->omNode-2-AppendLogResponseHandler: Failed appendEntries: org.apache.ratis.thirdparty.io.grpc.StatusRuntimeException: UNAVAILABLE: io exception
2020-07-01 01:06:04,111 [grpc-default-executor-1] INFO  impl.FollowerInfo (FollowerInfo.java:lambda$new$0(51)) - omNode-1@group-523986131536->omNode-2: nextIndex: updateUnconditionally 462 -> 45
2020-07-01 01:06:04,115 [grpc-default-executor-1] WARN  server.GrpcLogAppender (LogUtils.java:warn(122)) - omNode-1@group-523986131536->omNode-2-AppendLogResponseHandler: Failed appendEntries: org.apache.ratis.thirdparty.io.grpc.StatusRuntimeException: UNAVAILABLE: io exception
2020-07-01 01:06:04,115 [grpc-default-executor-1] INFO  impl.FollowerInfo (FollowerInfo.java:lambda$new$0(51)) - omNode-1@group-523986131536->omNode-2: nextIndex: updateUnconditionally 463 -> 45
2020-07-01 01:06:04,117 [grpc-default-executor-1] WARN  server.GrpcLogAppender (LogUtils.java:warn(122)) - omNode-1@group-523986131536->omNode-2-AppendLogResponseHandler: Failed appendEntries: org.apache.ratis.thirdparty.io.grpc.StatusRuntimeException: UNAVAILABLE: io exception
2020-07-01 01:06:04,117 [grpc-default-executor-1] INFO  impl.FollowerInfo (FollowerInfo.java:lambda$new$0(51)) - omNode-1@group-523986131536->omNode-2: nextIndex: updateUnconditionally 463 -> 45
2020-07-01 01:06:04,119 [Thread-5280] DEBUG impl.RaftServerImpl (RaftServerImpl.java:logAppendEntries(928)) - omNode-3@group-523986131536: succeeded to handle AppendEntries. Reply: omNode-1<-omNode-3#487:OK,SUCCESS,nextIndex:463,term:1,followerCommit:461
2020-07-01 01:06:04,120 [grpc-default-executor-7] DEBUG server.GrpcLogAppender (GrpcLogAppender.java:onNext(257)) - omNode-1@group-523986131536->omNode-3-AppendLogResponseHandler: received a reply omNode-1<-omNode-3#487:OK,SUCCESS,nextIndex:463,term:1,followerCommit:461, request=AppendEntriesRequest:cid=487,entriesCount=1,lastEntry=(t:1, i:462)
2020-07-01 01:06:04,120 [grpc-default-executor-7] WARN  server.GrpcLogAppender (LogUtils.java:warn(122)) - omNode-1@group-523986131536->omNode-2-AppendLogResponseHandler: Failed appendEntries: org.apache.ratis.thirdparty.io.grpc.StatusRuntimeException: UNAVAILABLE: io exception
2020-07-01 01:06:04,120 [grpc-default-executor-7] INFO  impl.FollowerInfo (FollowerInfo.java:lambda$new$0(51)) - omNode-1@group-523986131536->omNode-2: nextIndex: updateUnconditionally 463 -> 45
2020-07-01 01:06:04,223 [grpc-default-executor-6] WARN  server.GrpcLogAppender (LogUtils.java:warn(122)) - omNode-1@group-523986131536->omNode-2-AppendLogResponseHandler: Failed appendEntries: org.apache.ratis.thirdparty.io.grpc.StatusRuntimeException: UNAVAILABLE: io exception
2020-07-01 01:06:04,223 [grpc-default-executor-6] INFO  impl.FollowerInfo (FollowerInfo.java:lambda$new$0(51)) - omNode-1@group-523986131536->omNode-2: nextIndex: updateUnconditionally 463 -> 45
2020-07-01 01:06:04,225 [IPC Server handler 18 on default port 11860] DEBUG impl.RaftServerImpl (RaftServerImpl.java:submitClientRequestAsync(575)) - omNode-1@group-523986131536: receive client request(RaftClientRequest:client-6E5155DBE9B8->omNode-1@group-523986131536, cid=554, seq=0, RW, Message:082412001a13636c6965...(size=360))
2020-07-01 01:06:04,226 [IPC Server handler 18 on default port 11860] DEBUG impl.RaftServerImpl (LeaderState.java:addPendingRequest(335)) - omNode-1@group-523986131536-LeaderState: addPendingRequest at RaftClientRequest:client-6E5155DBE9B8->omNode-1@group-523986131536, cid=554, seq=0, RW, Message:082412001a13636c6965...(size=360), entry=(t:1, i:463), STATEMACHINELOGENTRY, client-6E5155DBE9B8, cid=554
2020-07-01 01:06:04,226 [grpc-default-executor-7] DEBUG impl.RaftServerImpl (RaftServerImpl.java:logAppendEntries(928)) - omNode-3@group-523986131536: receive appendEntries(omNode-1, 1, (t:1, i:462), 462, false, commits[omNode-1:c462, omNode-3:c461, omNode-2:c43], entries: (t:1, i:463), STATEMACHINELOGENTRY, client-6E5155DBE9B8, cid=554
2020-07-01 01:06:04,226 [grpc-default-executor-7] INFO  ratis.OzoneManagerStateMachine (OzoneManagerStateMachine.java:getLatestSnapshot(147)) - Latest Snapshot Info 1#449
2020-07-01 01:06:04,226 [grpc-default-executor-7] INFO  ratis.OzoneManagerStateMachine (OzoneManagerStateMachine.java:getLatestSnapshot(147)) - Latest Snapshot Info 1#449
2020-07-01 01:06:04,229 [Thread-5281] DEBUG impl.RaftServerImpl (RaftServerImpl.java:logAppendEntries(928)) - omNode-3@group-523986131536: succeeded to handle AppendEntries. Reply: omNode-1<-omNode-3#488:OK,SUCCESS,nextIndex:464,term:1,followerCommit:462
2020-07-01 01:06:04,229 [grpc-default-executor-6] WARN  server.GrpcLogAppender (LogUtils.java:warn(122)) - omNode-1@group-523986131536->omNode-2-AppendLogResponseHandler: Failed appendEntries: org.apache.ratis.thirdparty.io.grpc.StatusRuntimeException: UNAVAILABLE: io exception
2020-07-01 01:06:04,229 [grpc-default-executor-6] INFO  impl.FollowerInfo (FollowerInfo.java:lambda$new$0(51)) - omNode-1@group-523986131536->omNode-2: nextIndex: updateUnconditionally 464 -> 45
2020-07-01 01:06:04,229 [grpc-default-executor-6] DEBUG server.GrpcLogAppender (GrpcLogAppender.java:onNext(257)) - omNode-1@group-523986131536->omNode-3-AppendLogResponseHandler: received a reply omNode-1<-omNode-3#488:OK,SUCCESS,nextIndex:464,term:1,followerCommit:462, request=AppendEntriesRequest:cid=488,entriesCount=1,lastEntry=(t:1, i:463)
2020-07-01 01:06:04,233 [IPC Server handler 15 on default port 11860] DEBUG impl.RaftServerImpl (RaftServerImpl.java:submitClientRequestAsync(575)) - omNode-1@group-523986131536: receive client request(RaftClientRequest:client-6E5155DBE9B8->omNode-1@group-523986131536, cid=555, seq=0, RW, Message:081f12001a13636c6965...(size=409))
2020-07-01 01:06:04,233 [IPC Server handler 15 on default port 11860] DEBUG impl.RaftServerImpl (LeaderState.java:addPendingRequest(335)) - omNode-1@group-523986131536-LeaderState: addPendingRequest at RaftClientRequest:client-6E5155DBE9B8->omNode-1@group-523986131536, cid=555, seq=0, RW, Message:081f12001a13636c6965...(size=409), entry=(t:1, i:465), STATEMACHINELOGENTRY, client-6E5155DBE9B8, cid=555
2020-07-01 01:06:04,234 [grpc-default-executor-7] DEBUG impl.RaftServerImpl (RaftServerImpl.java:logAppendEntries(928)) - omNode-3@group-523986131536: receive appendEntries(omNode-1, 1, (t:1, i:463), 463, false, commits[omNode-1:c463, omNode-3:c462, omNode-2:c43], entries: (t:1, i:464), METADATAENTRY(c:463)
2020-07-01 01:06:04,234 [grpc-default-executor-7] INFO  ratis.OzoneManagerStateMachine (OzoneManagerStateMachine.java:getLatestSnapshot(147)) - Latest Snapshot Info 1#449
2020-07-01 01:06:04,234 [grpc-default-executor-7] INFO  ratis.OzoneManagerStateMachine (OzoneManagerStateMachine.java:getLatestSnapshot(147)) - Latest Snapshot Info 1#449
2020-07-01 01:06:04,235 [grpc-default-executor-7] DEBUG impl.RaftServerImpl (RaftServerImpl.java:logAppendEntries(928)) - omNode-3@group-523986131536: receive appendEntries(omNode-1, 1, (t:1, i:464), 463, false, commits[omNode-1:c463, omNode-3:c462, omNode-2:c43], entries: (t:1, i:465), STATEMACHINELOGENTRY, client-6E5155DBE9B8, cid=555
2020-07-01 01:06:04,235 [grpc-default-executor-7] INFO  ratis.OzoneManagerStateMachine (OzoneManagerStateMachine.java:getLatestSnapshot(147)) - Latest Snapshot Info 1#449
2020-07-01 01:06:04,235 [grpc-default-executor-7] INFO  ratis.OzoneManagerStateMachine (OzoneManagerStateMachine.java:getLatestSnapshot(147)) - Latest Snapshot Info 1#449
2020-07-01 01:06:04,235 [grpc-default-executor-7] WARN  server.GrpcLogAppender (LogUtils.java:warn(122)) - omNode-1@group-523986131536->omNode-2-AppendLogResponseHandler: Failed appendEntries: org.apache.ratis.thirdparty.io.grpc.StatusRuntimeException: UNAVAILABLE: io exception
2020-07-01 01:06:04,235 [grpc-default-executor-7] INFO  impl.FollowerInfo (FollowerInfo.java:lambda$new$0(51)) - omNode-1@group-523986131536->omNode-2: nextIndex: updateUnconditionally 465 -> 45
2020-07-01 01:06:04,237 [grpc-default-executor-6] WARN  server.GrpcLogAppender (LogUtils.java:warn(122)) - omNode-1@group-523986131536->omNode-2-AppendLogResponseHandler: Failed appendEntries: org.apache.ratis.thirdparty.io.grpc.StatusRuntimeException: UNAVAILABLE: io exception
2020-07-01 01:06:04,237 [grpc-default-executor-6] INFO  impl.FollowerInfo (FollowerInfo.java:lambda$new$0(51)) - omNode-1@group-523986131536->omNode-2: nextIndex: updateUnconditionally 466 -> 45
2020-07-01 01:06:04,238 [Thread-5282] DEBUG impl.RaftServerImpl (RaftServerImpl.java:logAppendEntries(928)) - omNode-3@group-523986131536: succeeded to handle AppendEntries. Reply: omNode-1<-omNode-3#489:OK,SUCCESS,nextIndex:465,term:1,followerCommit:463
2020-07-01 01:06:04,239 [grpc-default-executor-6] DEBUG server.GrpcLogAppender (GrpcLogAppender.java:onNext(257)) - omNode-1@group-523986131536->omNode-3-AppendLogResponseHandler: received a reply omNode-1<-omNode-3#489:OK,SUCCESS,nextIndex:465,term:1,followerCommit:463, request=AppendEntriesRequest:cid=489,entriesCount=1,lastEntry=(t:1, i:464)
2020-07-01 01:06:04,241 [grpc-default-executor-6] WARN  server.GrpcLogAppender (LogUtils.java:warn(122)) - omNode-1@group-523986131536->omNode-2-AppendLogResponseHandler: Failed appendEntries: org.apache.ratis.thirdparty.io.grpc.StatusRuntimeException: UNAVAILABLE: io exception
2020-07-01 01:06:04,241 [grpc-default-executor-6] INFO  impl.FollowerInfo (FollowerInfo.java:lambda$new$0(51)) - omNode-1@group-523986131536->omNode-2: nextIndex: updateUnconditionally 466 -> 45
2020-07-01 01:06:04,243 [grpc-default-executor-6] WARN  server.GrpcLogAppender (LogUtils.java:warn(122)) - omNode-1@group-523986131536->omNode-2-AppendLogResponseHandler: Failed appendEntries: org.apache.ratis.thirdparty.io.grpc.StatusRuntimeException: UNAVAILABLE: io exception
2020-07-01 01:06:04,243 [grpc-default-executor-6] INFO  impl.FollowerInfo (FollowerInfo.java:lambda$new$0(51)) - omNode-1@group-523986131536->omNode-2: nextIndex: updateUnconditionally 466 -> 45
2020-07-01 01:06:04,244 [grpc-default-executor-6] WARN  server.GrpcLogAppender (LogUtils.java:warn(122)) - omNode-1@group-523986131536->omNode-2-AppendLogResponseHandler: Failed appendEntries: org.apache.ratis.thirdparty.io.grpc.StatusRuntimeException: UNAVAILABLE: io exception
2020-07-01 01:06:04,245 [grpc-default-executor-6] INFO  impl.FollowerInfo (FollowerInfo.java:lambda$new$0(51)) - omNode-1@group-523986131536->omNode-2: nextIndex: updateUnconditionally 466 -> 45
2020-07-01 01:06:04,247 [grpc-default-executor-6] WARN  server.GrpcLogAppender (LogUtils.java:warn(122)) - omNode-1@group-523986131536->omNode-2-AppendLogResponseHandler: Failed appendEntries: org.apache.ratis.thirdparty.io.grpc.StatusRuntimeException: UNAVAILABLE: io exception
2020-07-01 01:06:04,247 [grpc-default-executor-6] INFO  impl.FollowerInfo (FollowerInfo.java:lambda$new$0(51)) - omNode-1@group-523986131536->omNode-2: nextIndex: updateUnconditionally 466 -> 45
2020-07-01 01:06:04,249 [grpc-default-executor-6] WARN  server.GrpcLogAppender (LogUtils.java:warn(122)) - omNode-1@group-523986131536->omNode-2-AppendLogResponseHandler: Failed appendEntries: org.apache.ratis.thirdparty.io.grpc.StatusRuntimeException: UNAVAILABLE: io exception
2020-07-01 01:06:04,249 [grpc-default-executor-6] INFO  impl.FollowerInfo (FollowerInfo.java:lambda$new$0(51)) - omNode-1@group-523986131536->omNode-2: nextIndex: updateUnconditionally 466 -> 45
2020-07-01 01:06:04,251 [Thread-5283] DEBUG impl.RaftServerImpl (RaftServerImpl.java:logAppendEntries(928)) - omNode-3@group-523986131536: succeeded to handle AppendEntries. Reply: omNode-1<-omNode-3#490:OK,SUCCESS,nextIndex:466,term:1,followerCommit:463
2020-07-01 01:06:04,251 [grpc-default-executor-6] DEBUG server.GrpcLogAppender (GrpcLogAppender.java:onNext(257)) - omNode-1@group-523986131536->omNode-3-AppendLogResponseHandler: received a reply omNode-1<-omNode-3#490:OK,SUCCESS,nextIndex:466,term:1,followerCommit:463, request=AppendEntriesRequest:cid=490,entriesCount=1,lastEntry=(t:1, i:465)
2020-07-01 01:06:04,252 [grpc-default-executor-6] DEBUG impl.RaftServerImpl (RaftServerImpl.java:logAppendEntries(928)) - omNode-3@group-523986131536: receive appendEntries(omNode-1, 1, (t:1, i:465), 465, false, commits[omNode-1:c465, omNode-3:c463, omNode-2:c43], entries: (t:1, i:466), METADATAENTRY(c:465)
2020-07-01 01:06:04,252 [grpc-default-executor-6] INFO  ratis.OzoneManagerStateMachine (OzoneManagerStateMachine.java:getLatestSnapshot(147)) - Latest Snapshot Info 1#449
2020-07-01 01:06:04,252 [grpc-default-executor-6] INFO  ratis.OzoneManagerStateMachine (OzoneManagerStateMachine.java:getLatestSnapshot(147)) - Latest Snapshot Info 1#449
2020-07-01 01:06:04,253 [grpc-default-executor-6] WARN  server.GrpcLogAppender (LogUtils.java:warn(122)) - omNode-1@group-523986131536->omNode-2-AppendLogResponseHandler: Failed appendEntries: org.apache.ratis.thirdparty.io.grpc.StatusRuntimeException: UNAVAILABLE: io exception
2020-07-01 01:06:04,253 [grpc-default-executor-6] INFO  impl.FollowerInfo (FollowerInfo.java:lambda$new$0(51)) - omNode-1@group-523986131536->omNode-2: nextIndex: updateUnconditionally 466 -> 45
2020-07-01 01:06:04,257 [grpc-default-executor-6] WARN  server.GrpcLogAppender (LogUtils.java:warn(122)) - omNode-1@group-523986131536->omNode-2-AppendLogResponseHandler: Failed appendEntries: org.apache.ratis.thirdparty.io.grpc.StatusRuntimeException: UNAVAILABLE: io exception
2020-07-01 01:06:04,257 [grpc-default-executor-6] INFO  impl.FollowerInfo (FollowerInfo.java:lambda$new$0(51)) - omNode-1@group-523986131536->omNode-2: nextIndex: updateUnconditionally 467 -> 45
2020-07-01 01:06:04,259 [grpc-default-executor-6] WARN  server.GrpcLogAppender (LogUtils.java:warn(122)) - omNode-1@group-523986131536->omNode-2-AppendLogResponseHandler: Failed appendEntries: org.apache.ratis.thirdparty.io.grpc.StatusRuntimeException: UNAVAILABLE: io exception
2020-07-01 01:06:04,259 [grpc-default-executor-6] INFO  impl.FollowerInfo (FollowerInfo.java:lambda$new$0(51)) - omNode-1@group-523986131536->omNode-2: nextIndex: updateUnconditionally 467 -> 45
2020-07-01 01:06:04,261 [Thread-5284] DEBUG impl.RaftServerImpl (RaftServerImpl.java:logAppendEntries(928)) - omNode-3@group-523986131536: succeeded to handle AppendEntries. Reply: omNode-1<-omNode-3#491:OK,SUCCESS,nextIndex:467,term:1,followerCommit:465
2020-07-01 01:06:04,262 [grpc-default-executor-7] DEBUG server.GrpcLogAppender (GrpcLogAppender.java:onNext(257)) - omNode-1@group-523986131536->omNode-3-AppendLogResponseHandler: received a reply omNode-1<-omNode-3#491:OK,SUCCESS,nextIndex:467,term:1,followerCommit:465, request=AppendEntriesRequest:cid=491,entriesCount=1,lastEntry=(t:1, i:466)
2020-07-01 01:06:04,262 [grpc-default-executor-6] WARN  server.GrpcLogAppender (LogUtils.java:warn(122)) - omNode-1@group-523986131536->omNode-2-AppendLogResponseHandler: Failed appendEntries: org.apache.ratis.thirdparty.io.grpc.StatusRuntimeException: UNAVAILABLE: io exception
2020-07-01 01:06:04,262 [grpc-default-executor-6] INFO  impl.FollowerInfo (FollowerInfo.java:lambda$new$0(51)) - omNode-1@group-523986131536->omNode-2: nextIndex: updateUnconditionally 467 -> 45
2020-07-01 01:06:04,264 [grpc-default-executor-6] WARN  server.GrpcLogAppender (LogUtils.java:warn(122)) - omNode-1@group-523986131536->omNode-2-AppendLogResponseHandler: Failed appendEntries: org.apache.ratis.thirdparty.io.grpc.StatusRuntimeException: UNAVAILABLE: io exception
2020-07-01 01:06:04,265 [grpc-default-executor-6] INFO  impl.FollowerInfo (FollowerInfo.java:lambda$new$0(51)) - omNode-1@group-523986131536->omNode-2: nextIndex: updateUnconditionally 467 -> 45
2020-07-01 01:06:04,267 [IPC Server handler 14 on default port 11860] DEBUG impl.RaftServerImpl (RaftServerImpl.java:submitClientRequestAsync(575)) - omNode-1@group-523986131536: receive client request(RaftClientRequest:client-6E5155DBE9B8->omNode-1@group-523986131536, cid=556, seq=0, RW, Message:082412001a13636c6965...(size=360))
2020-07-01 01:06:04,267 [IPC Server handler 14 on default port 11860] DEBUG impl.RaftServerImpl (LeaderState.java:addPendingRequest(335)) - omNode-1@group-523986131536-LeaderState: addPendingRequest at RaftClientRequest:client-6E5155DBE9B8->omNode-1@group-523986131536, cid=556, seq=0, RW, Message:082412001a13636c6965...(size=360), entry=(t:1, i:467), STATEMACHINELOGENTRY, client-6E5155DBE9B8, cid=556
2020-07-01 01:06:04,268 [grpc-default-executor-6] DEBUG impl.RaftServerImpl (RaftServerImpl.java:logAppendEntries(928)) - omNode-3@group-523986131536: receive appendEntries(omNode-1, 1, (t:1, i:466), 466, false, commits[omNode-1:c466, omNode-3:c465, omNode-2:c43], entries: (t:1, i:467), STATEMACHINELOGENTRY, client-6E5155DBE9B8, cid=556
2020-07-01 01:06:04,268 [grpc-default-executor-6] INFO  ratis.OzoneManagerStateMachine (OzoneManagerStateMachine.java:getLatestSnapshot(147)) - Latest Snapshot Info 1#449
2020-07-01 01:06:04,268 [grpc-default-executor-6] INFO  ratis.OzoneManagerStateMachine (OzoneManagerStateMachine.java:getLatestSnapshot(147)) - Latest Snapshot Info 1#449
2020-07-01 01:06:04,270 [grpc-default-executor-6] WARN  server.GrpcLogAppender (LogUtils.java:warn(122)) - omNode-1@group-523986131536->omNode-2-AppendLogResponseHandler: Failed appendEntries: org.apache.ratis.thirdparty.io.grpc.StatusRuntimeException: UNAVAILABLE: io exception
2020-07-01 01:06:04,270 [grpc-default-executor-6] INFO  impl.FollowerInfo (FollowerInfo.java:lambda$new$0(51)) - omNode-1@group-523986131536->omNode-2: nextIndex: updateUnconditionally 467 -> 45
2020-07-01 01:06:04,272 [grpc-default-executor-6] WARN  server.GrpcLogAppender (LogUtils.java:warn(122)) - omNode-1@group-523986131536->omNode-2-AppendLogResponseHandler: Failed appendEntries: org.apache.ratis.thirdparty.io.grpc.StatusRuntimeException: UNAVAILABLE: io exception
2020-07-01 01:06:04,272 [grpc-default-executor-6] INFO  impl.FollowerInfo (FollowerInfo.java:lambda$new$0(51)) - omNode-1@group-523986131536->omNode-2: nextIndex: updateUnconditionally 468 -> 45
2020-07-01 01:06:04,274 [Thread-5285] DEBUG impl.RaftServerImpl (RaftServerImpl.java:logAppendEntries(928)) - omNode-3@group-523986131536: succeeded to handle AppendEntries. Reply: omNode-1<-omNode-3#492:OK,SUCCESS,nextIndex:468,term:1,followerCommit:466
2020-07-01 01:06:04,274 [grpc-default-executor-7] DEBUG server.GrpcLogAppender (GrpcLogAppender.java:onNext(257)) - omNode-1@group-523986131536->omNode-3-AppendLogResponseHandler: received a reply omNode-1<-omNode-3#492:OK,SUCCESS,nextIndex:468,term:1,followerCommit:466, request=AppendEntriesRequest:cid=492,entriesCount=1,lastEntry=(t:1, i:467)
2020-07-01 01:06:04,275 [grpc-default-executor-7] DEBUG impl.RaftServerImpl (RaftServerImpl.java:logAppendEntries(928)) - omNode-3@group-523986131536: receive appendEntries(omNode-1, 1, (t:1, i:467), 467, false, commits[omNode-1:c467, omNode-3:c466, omNode-2:c43], entries: (t:1, i:468), METADATAENTRY(c:467)
2020-07-01 01:06:04,275 [grpc-default-executor-7] INFO  ratis.OzoneManagerStateMachine (OzoneManagerStateMachine.java:getLatestSnapshot(147)) - Latest Snapshot Info 1#449
2020-07-01 01:06:04,275 [grpc-default-executor-7] INFO  ratis.OzoneManagerStateMachine (OzoneManagerStateMachine.java:getLatestSnapshot(147)) - Latest Snapshot Info 1#449
2020-07-01 01:06:04,276 [grpc-default-executor-6] WARN  server.GrpcLogAppender (LogUtils.java:warn(122)) - omNode-1@group-523986131536->omNode-2-AppendLogResponseHandler: Failed appendEntries: org.apache.ratis.thirdparty.io.grpc.StatusRuntimeException: UNAVAILABLE: io exception
2020-07-01 01:06:04,276 [grpc-default-executor-6] INFO  impl.FollowerInfo (FollowerInfo.java:lambda$new$0(51)) - omNode-1@group-523986131536->omNode-2: nextIndex: updateUnconditionally 468 -> 45
2020-07-01 01:06:04,278 [IPC Server handler 16 on default port 11860] DEBUG impl.RaftServerImpl (RaftServerImpl.java:submitClientRequestAsync(575)) - omNode-1@group-523986131536: receive client request(RaftClientRequest:client-6E5155DBE9B8->omNode-1@group-523986131536, cid=557, seq=0, RW, Message:081f12001a13636c6965...(size=409))
2020-07-01 01:06:04,278 [IPC Server handler 16 on default port 11860] DEBUG impl.RaftServerImpl (LeaderState.java:addPendingRequest(335)) - omNode-1@group-523986131536-LeaderState: addPendingRequest at RaftClientRequest:client-6E5155DBE9B8->omNode-1@group-523986131536, cid=557, seq=0, RW, Message:081f12001a13636c6965...(size=409), entry=(t:1, i:469), STATEMACHINELOGENTRY, client-6E5155DBE9B8, cid=557
2020-07-01 01:06:04,279 [grpc-default-executor-6] DEBUG impl.RaftServerImpl (RaftServerImpl.java:logAppendEntries(928)) - omNode-3@group-523986131536: receive appendEntries(omNode-1, 1, (t:1, i:468), 467, false, commits[omNode-1:c467, omNode-3:c466, omNode-2:c43], entries: (t:1, i:469), STATEMACHINELOGENTRY, client-6E5155DBE9B8, cid=557
2020-07-01 01:06:04,279 [grpc-default-executor-6] INFO  ratis.OzoneManagerStateMachine (OzoneManagerStateMachine.java:getLatestSnapshot(147)) - Latest Snapshot Info 1#449
2020-07-01 01:06:04,279 [grpc-default-executor-6] INFO  ratis.OzoneManagerStateMachine (OzoneManagerStateMachine.java:getLatestSnapshot(147)) - Latest Snapshot Info 1#449
2020-07-01 01:06:04,281 [grpc-default-executor-6] WARN  server.GrpcLogAppender (LogUtils.java:warn(122)) - omNode-1@group-523986131536->omNode-2-AppendLogResponseHandler: Failed appendEntries: org.apache.ratis.thirdparty.io.grpc.StatusRuntimeException: UNAVAILABLE: io exception
2020-07-01 01:06:04,281 [grpc-default-executor-6] INFO  impl.FollowerInfo (FollowerInfo.java:lambda$new$0(51)) - omNode-1@group-523986131536->omNode-2: nextIndex: updateUnconditionally 469 -> 45
2020-07-01 01:06:04,283 [grpc-default-executor-6] WARN  server.GrpcLogAppender (LogUtils.java:warn(122)) - omNode-1@group-523986131536->omNode-2-AppendLogResponseHandler: Failed appendEntries: org.apache.ratis.thirdparty.io.grpc.StatusRuntimeException: UNAVAILABLE: io exception
2020-07-01 01:06:04,284 [grpc-default-executor-6] INFO  impl.FollowerInfo (FollowerInfo.java:lambda$new$0(51)) - omNode-1@group-523986131536->omNode-2: nextIndex: updateUnconditionally 470 -> 45
2020-07-01 01:06:04,285 [Thread-5286] DEBUG impl.RaftServerImpl (RaftServerImpl.java:logAppendEntries(928)) - omNode-3@group-523986131536: succeeded to handle AppendEntries. Reply: omNode-1<-omNode-3#493:OK,SUCCESS,nextIndex:469,term:1,followerCommit:467
2020-07-01 01:06:04,285 [grpc-default-executor-6] DEBUG server.GrpcLogAppender (GrpcLogAppender.java:onNext(257)) - omNode-1@group-523986131536->omNode-3-AppendLogResponseHandler: received a reply omNode-1<-omNode-3#493:OK,SUCCESS,nextIndex:469,term:1,followerCommit:467, request=AppendEntriesRequest:cid=493,entriesCount=1,lastEntry=(t:1, i:468)
2020-07-01 01:06:04,287 [grpc-default-executor-6] WARN  server.GrpcLogAppender (LogUtils.java:warn(122)) - omNode-1@group-523986131536->omNode-2-AppendLogResponseHandler: Failed appendEntries: org.apache.ratis.thirdparty.io.grpc.StatusRuntimeException: UNAVAILABLE: io exception
2020-07-01 01:06:04,287 [grpc-default-executor-6] INFO  impl.FollowerInfo (FollowerInfo.java:lambda$new$0(51)) - omNode-1@group-523986131536->omNode-2: nextIndex: updateUnconditionally 470 -> 45
2020-07-01 01:06:04,289 [grpc-default-executor-6] WARN  server.GrpcLogAppender (LogUtils.java:warn(122)) - omNode-1@group-523986131536->omNode-2-AppendLogResponseHandler: Failed appendEntries: org.apache.ratis.thirdparty.io.grpc.StatusRuntimeException: UNAVAILABLE: io exception
2020-07-01 01:06:04,289 [grpc-default-executor-6] INFO  impl.FollowerInfo (FollowerInfo.java:lambda$new$0(51)) - omNode-1@group-523986131536->omNode-2: nextIndex: updateUnconditionally 470 -> 45
2020-07-01 01:06:04,290 [Thread-5287] DEBUG impl.RaftServerImpl (RaftServerImpl.java:logAppendEntries(928)) - omNode-3@group-523986131536: succeeded to handle AppendEntries. Reply: omNode-1<-omNode-3#494:OK,SUCCESS,nextIndex:470,term:1,followerCommit:467
2020-07-01 01:06:04,291 [grpc-default-executor-7] DEBUG server.GrpcLogAppender (GrpcLogAppender.java:onNext(257)) - omNode-1@group-523986131536->omNode-3-AppendLogResponseHandler: received a reply omNode-1<-omNode-3#494:OK,SUCCESS,nextIndex:470,term:1,followerCommit:467, request=AppendEntriesRequest:cid=494,entriesCount=1,lastEntry=(t:1, i:469)
2020-07-01 01:06:04,292 [grpc-default-executor-7] DEBUG impl.RaftServerImpl (RaftServerImpl.java:logAppendEntries(928)) - omNode-3@group-523986131536: receive appendEntries(omNode-1, 1, (t:1, i:469), 469, false, commits[omNode-1:c469, omNode-3:c467, omNode-2:c43], entries: (t:1, i:470), METADATAENTRY(c:469)
2020-07-01 01:06:04,292 [grpc-default-executor-7] INFO  ratis.OzoneManagerStateMachine (OzoneManagerStateMachine.java:getLatestSnapshot(147)) - Latest Snapshot Info 1#449
2020-07-01 01:06:04,292 [grpc-default-executor-7] INFO  ratis.OzoneManagerStateMachine (OzoneManagerStateMachine.java:getLatestSnapshot(147)) - Latest Snapshot Info 1#449
2020-07-01 01:06:04,293 [grpc-default-executor-6] WARN  server.GrpcLogAppender (LogUtils.java:warn(122)) - omNode-1@group-523986131536->omNode-2-AppendLogResponseHandler: Failed appendEntries: org.apache.ratis.thirdparty.io.grpc.StatusRuntimeException: UNAVAILABLE: io exception
2020-07-01 01:06:04,293 [grpc-default-executor-6] INFO  impl.FollowerInfo (FollowerInfo.java:lambda$new$0(51)) - omNode-1@group-523986131536->omNode-2: nextIndex: updateUnconditionally 470 -> 45
2020-07-01 01:06:04,297 [grpc-default-executor-7] WARN  server.GrpcLogAppender (LogUtils.java:warn(122)) - omNode-1@group-523986131536->omNode-2-AppendLogResponseHandler: Failed appendEntries: org.apache.ratis.thirdparty.io.grpc.StatusRuntimeException: UNAVAILABLE: io exception
2020-07-01 01:06:04,297 [grpc-default-executor-7] INFO  impl.FollowerInfo (FollowerInfo.java:lambda$new$0(51)) - omNode-1@group-523986131536->omNode-2: nextIndex: updateUnconditionally 471 -> 45
2020-07-01 01:06:04,299 [grpc-default-executor-7] WARN  server.GrpcLogAppender (LogUtils.java:warn(122)) - omNode-1@group-523986131536->omNode-2-AppendLogResponseHandler: Failed appendEntries: org.apache.ratis.thirdparty.io.grpc.StatusRuntimeException: UNAVAILABLE: io exception
2020-07-01 01:06:04,299 [grpc-default-executor-7] INFO  impl.FollowerInfo (FollowerInfo.java:lambda$new$0(51)) - omNode-1@group-523986131536->omNode-2: nextIndex: updateUnconditionally 471 -> 45
2020-07-01 01:06:04,300 [Thread-5288] DEBUG impl.RaftServerImpl (RaftServerImpl.java:logAppendEntries(928)) - omNode-3@group-523986131536: succeeded to handle AppendEntries. Reply: omNode-1<-omNode-3#495:OK,SUCCESS,nextIndex:471,term:1,followerCommit:469
2020-07-01 01:06:04,300 [grpc-default-executor-7] DEBUG server.GrpcLogAppender (GrpcLogAppender.java:onNext(257)) - omNode-1@group-523986131536->omNode-3-AppendLogResponseHandler: received a reply omNode-1<-omNode-3#495:OK,SUCCESS,nextIndex:471,term:1,followerCommit:469, request=AppendEntriesRequest:cid=495,entriesCount=1,lastEntry=(t:1, i:470)
2020-07-01 01:06:04,302 [grpc-default-executor-7] WARN  server.GrpcLogAppender (LogUtils.java:warn(122)) - omNode-1@group-523986131536->omNode-2-AppendLogResponseHandler: Failed appendEntries: org.apache.ratis.thirdparty.io.grpc.StatusRuntimeException: UNAVAILABLE: io exception
2020-07-01 01:06:04,302 [grpc-default-executor-7] INFO  impl.FollowerInfo (FollowerInfo.java:lambda$new$0(51)) - omNode-1@group-523986131536->omNode-2: nextIndex: updateUnconditionally 471 -> 45
2020-07-01 01:06:04,304 [grpc-default-executor-7] WARN  server.GrpcLogAppender (LogUtils.java:warn(122)) - omNode-1@group-523986131536->omNode-2-AppendLogResponseHandler: Failed appendEntries: org.apache.ratis.thirdparty.io.grpc.StatusRuntimeException: UNAVAILABLE: io exception
2020-07-01 01:06:04,304 [grpc-default-executor-7] INFO  impl.FollowerInfo (FollowerInfo.java:lambda$new$0(51)) - omNode-1@group-523986131536->omNode-2: nextIndex: updateUnconditionally 471 -> 45
2020-07-01 01:06:04,308 [IPC Server handler 19 on default port 11860] DEBUG impl.RaftServerImpl (RaftServerImpl.java:submitClientRequestAsync(575)) - omNode-1@group-523986131536: receive client request(RaftClientRequest:client-6E5155DBE9B8->omNode-1@group-523986131536, cid=558, seq=0, RW, Message:082412001a13636c6965...(size=360))
2020-07-01 01:06:04,308 [IPC Server handler 19 on default port 11860] DEBUG impl.RaftServerImpl (LeaderState.java:addPendingRequest(335)) - omNode-1@group-523986131536-LeaderState: addPendingRequest at RaftClientRequest:client-6E5155DBE9B8->omNode-1@group-523986131536, cid=558, seq=0, RW, Message:082412001a13636c6965...(size=360), entry=(t:1, i:471), STATEMACHINELOGENTRY, client-6E5155DBE9B8, cid=558
2020-07-01 01:06:04,309 [grpc-default-executor-1] DEBUG impl.RaftServerImpl (RaftServerImpl.java:logAppendEntries(928)) - omNode-3@group-523986131536: receive appendEntries(omNode-1, 1, (t:1, i:470), 470, false, commits[omNode-1:c470, omNode-3:c469, omNode-2:c43], entries: (t:1, i:471), STATEMACHINELOGENTRY, client-6E5155DBE9B8, cid=558
2020-07-01 01:06:04,309 [grpc-default-executor-1] INFO  ratis.OzoneManagerStateMachine (OzoneManagerStateMachine.java:getLatestSnapshot(147)) - Latest Snapshot Info 1#449
2020-07-01 01:06:04,309 [grpc-default-executor-1] INFO  ratis.OzoneManagerStateMachine (OzoneManagerStateMachine.java:getLatestSnapshot(147)) - Latest Snapshot Info 1#449
2020-07-01 01:06:04,309 [grpc-default-executor-7] WARN  server.GrpcLogAppender (LogUtils.java:warn(122)) - omNode-1@group-523986131536->omNode-2-AppendLogResponseHandler: Failed appendEntries: org.apache.ratis.thirdparty.io.grpc.StatusRuntimeException: UNAVAILABLE: io exception
2020-07-01 01:06:04,309 [grpc-default-executor-7] INFO  impl.FollowerInfo (FollowerInfo.java:lambda$new$0(51)) - omNode-1@group-523986131536->omNode-2: nextIndex: updateUnconditionally 471 -> 45
2020-07-01 01:06:04,311 [grpc-default-executor-7] WARN  server.GrpcLogAppender (LogUtils.java:warn(122)) - omNode-1@group-523986131536->omNode-2-AppendLogResponseHandler: Failed appendEntries: org.apache.ratis.thirdparty.io.grpc.StatusRuntimeException: UNAVAILABLE: io exception
2020-07-01 01:06:04,311 [grpc-default-executor-7] INFO  impl.FollowerInfo (FollowerInfo.java:lambda$new$0(51)) - omNode-1@group-523986131536->omNode-2: nextIndex: updateUnconditionally 472 -> 45
2020-07-01 01:06:04,313 [grpc-default-executor-7] WARN  server.GrpcLogAppender (LogUtils.java:warn(122)) - omNode-1@group-523986131536->omNode-2-AppendLogResponseHandler: Failed appendEntries: org.apache.ratis.thirdparty.io.grpc.StatusRuntimeException: UNAVAILABLE: io exception
2020-07-01 01:06:04,313 [grpc-default-executor-7] INFO  impl.FollowerInfo (FollowerInfo.java:lambda$new$0(51)) - omNode-1@group-523986131536->omNode-2: nextIndex: updateUnconditionally 472 -> 45
2020-07-01 01:06:04,315 [Thread-5289] DEBUG impl.RaftServerImpl (RaftServerImpl.java:logAppendEntries(928)) - omNode-3@group-523986131536: succeeded to handle AppendEntries. Reply: omNode-1<-omNode-3#496:OK,SUCCESS,nextIndex:472,term:1,followerCommit:470
2020-07-01 01:06:04,315 [grpc-default-executor-1] DEBUG server.GrpcLogAppender (GrpcLogAppender.java:onNext(257)) - omNode-1@group-523986131536->omNode-3-AppendLogResponseHandler: received a reply omNode-1<-omNode-3#496:OK,SUCCESS,nextIndex:472,term:1,followerCommit:470, request=AppendEntriesRequest:cid=496,entriesCount=1,lastEntry=(t:1, i:471)
2020-07-01 01:06:04,316 [grpc-default-executor-1] DEBUG impl.RaftServerImpl (RaftServerImpl.java:logAppendEntries(928)) - omNode-3@group-523986131536: receive appendEntries(omNode-1, 1, (t:1, i:471), 471, false, commits[omNode-1:c471, omNode-3:c470, omNode-2:c43], entries: (t:1, i:472), METADATAENTRY(c:471)
2020-07-01 01:06:04,316 [grpc-default-executor-1] INFO  ratis.OzoneManagerStateMachine (OzoneManagerStateMachine.java:getLatestSnapshot(147)) - Latest Snapshot Info 1#449
2020-07-01 01:06:04,316 [grpc-default-executor-1] INFO  ratis.OzoneManagerStateMachine (OzoneManagerStateMachine.java:getLatestSnapshot(147)) - Latest Snapshot Info 1#449
2020-07-01 01:06:04,317 [grpc-default-executor-7] WARN  server.GrpcLogAppender (LogUtils.java:warn(122)) - omNode-1@group-523986131536->omNode-2-AppendLogResponseHandler: Failed appendEntries: org.apache.ratis.thirdparty.io.grpc.StatusRuntimeException: UNAVAILABLE: io exception
2020-07-01 01:06:04,317 [grpc-default-executor-7] INFO  impl.FollowerInfo (FollowerInfo.java:lambda$new$0(51)) - omNode-1@group-523986131536->omNode-2: nextIndex: updateUnconditionally 472 -> 45
2020-07-01 01:06:04,319 [IPC Server handler 12 on default port 11860] DEBUG impl.RaftServerImpl (RaftServerImpl.java:submitClientRequestAsync(575)) - omNode-1@group-523986131536: receive client request(RaftClientRequest:client-6E5155DBE9B8->omNode-1@group-523986131536, cid=559, seq=0, RW, Message:081f12001a13636c6965...(size=409))
2020-07-01 01:06:04,319 [IPC Server handler 12 on default port 11860] DEBUG impl.RaftServerImpl (LeaderState.java:addPendingRequest(335)) - omNode-1@group-523986131536-LeaderState: addPendingRequest at RaftClientRequest:client-6E5155DBE9B8->omNode-1@group-523986131536, cid=559, seq=0, RW, Message:081f12001a13636c6965...(size=409), entry=(t:1, i:473), STATEMACHINELOGENTRY, client-6E5155DBE9B8, cid=559
2020-07-01 01:06:04,320 [grpc-default-executor-7] DEBUG impl.RaftServerImpl (RaftServerImpl.java:logAppendEntries(928)) - omNode-3@group-523986131536: receive appendEntries(omNode-1, 1, (t:1, i:472), 471, false, commits[omNode-1:c471, omNode-3:c470, omNode-2:c43], entries: (t:1, i:473), STATEMACHINELOGENTRY, client-6E5155DBE9B8, cid=559
2020-07-01 01:06:04,320 [grpc-default-executor-7] INFO  ratis.OzoneManagerStateMachine (OzoneManagerStateMachine.java:getLatestSnapshot(147)) - Latest Snapshot Info 1#449
2020-07-01 01:06:04,320 [grpc-default-executor-7] INFO  ratis.OzoneManagerStateMachine (OzoneManagerStateMachine.java:getLatestSnapshot(147)) - Latest Snapshot Info 1#449
2020-07-01 01:06:04,322 [grpc-default-executor-7] WARN  server.GrpcLogAppender (LogUtils.java:warn(122)) - omNode-1@group-523986131536->omNode-2-AppendLogResponseHandler: Failed appendEntries: org.apache.ratis.thirdparty.io.grpc.StatusRuntimeException: UNAVAILABLE: io exception
2020-07-01 01:06:04,322 [grpc-default-executor-7] INFO  impl.FollowerInfo (FollowerInfo.java:lambda$new$0(51)) - omNode-1@group-523986131536->omNode-2: nextIndex: updateUnconditionally 473 -> 45
2020-07-01 01:06:04,324 [grpc-default-executor-7] WARN  server.GrpcLogAppender (LogUtils.java:warn(122)) - omNode-1@group-523986131536->omNode-2-AppendLogResponseHandler: Failed appendEntries: org.apache.ratis.thirdparty.io.grpc.StatusRuntimeException: UNAVAILABLE: io exception
2020-07-01 01:06:04,324 [grpc-default-executor-7] INFO  impl.FollowerInfo (FollowerInfo.java:lambda$new$0(51)) - omNode-1@group-523986131536->omNode-2: nextIndex: updateUnconditionally 474 -> 45
2020-07-01 01:06:04,326 [grpc-default-executor-7] WARN  server.GrpcLogAppender (LogUtils.java:warn(122)) - omNode-1@group-523986131536->omNode-2-AppendLogResponseHandler: Failed appendEntries: org.apache.ratis.thirdparty.io.grpc.StatusRuntimeException: UNAVAILABLE: io exception
2020-07-01 01:06:04,326 [grpc-default-executor-7] INFO  impl.FollowerInfo (FollowerInfo.java:lambda$new$0(51)) - omNode-1@group-523986131536->omNode-2: nextIndex: updateUnconditionally 474 -> 45
2020-07-01 01:06:04,328 [grpc-default-executor-7] WARN  server.GrpcLogAppender (LogUtils.java:warn(122)) - omNode-1@group-523986131536->omNode-2-AppendLogResponseHandler: Failed appendEntries: org.apache.ratis.thirdparty.io.grpc.StatusRuntimeException: UNAVAILABLE: io exception
2020-07-01 01:06:04,328 [grpc-default-executor-7] INFO  impl.FollowerInfo (FollowerInfo.java:lambda$new$0(51)) - omNode-1@group-523986131536->omNode-2: nextIndex: updateUnconditionally 474 -> 45
2020-07-01 01:06:04,329 [Thread-5290] DEBUG impl.RaftServerImpl (RaftServerImpl.java:logAppendEntries(928)) - omNode-3@group-523986131536: succeeded to handle AppendEntries. Reply: omNode-1<-omNode-3#497:OK,SUCCESS,nextIndex:473,term:1,followerCommit:471
2020-07-01 01:06:04,329 [grpc-default-executor-7] DEBUG server.GrpcLogAppender (GrpcLogAppender.java:onNext(257)) - omNode-1@group-523986131536->omNode-3-AppendLogResponseHandler: received a reply omNode-1<-omNode-3#497:OK,SUCCESS,nextIndex:473,term:1,followerCommit:471, request=AppendEntriesRequest:cid=497,entriesCount=1,lastEntry=(t:1, i:472)
2020-07-01 01:06:04,332 [grpc-default-executor-7] WARN  server.GrpcLogAppender (LogUtils.java:warn(122)) - omNode-1@group-523986131536->omNode-2-AppendLogResponseHandler: Failed appendEntries: org.apache.ratis.thirdparty.io.grpc.StatusRuntimeException: UNAVAILABLE: io exception
2020-07-01 01:06:04,332 [grpc-default-executor-7] INFO  impl.FollowerInfo (FollowerInfo.java:lambda$new$0(51)) - omNode-1@group-523986131536->omNode-2: nextIndex: updateUnconditionally 474 -> 45
2020-07-01 01:06:04,334 [grpc-default-executor-7] WARN  server.GrpcLogAppender (LogUtils.java:warn(122)) - omNode-1@group-523986131536->omNode-2-AppendLogResponseHandler: Failed appendEntries: org.apache.ratis.thirdparty.io.grpc.StatusRuntimeException: UNAVAILABLE: io exception
2020-07-01 01:06:04,334 [grpc-default-executor-7] INFO  impl.FollowerInfo (FollowerInfo.java:lambda$new$0(51)) - omNode-1@group-523986131536->omNode-2: nextIndex: updateUnconditionally 474 -> 45
2020-07-01 01:06:04,335 [Thread-5291] DEBUG impl.RaftServerImpl (RaftServerImpl.java:logAppendEntries(928)) - omNode-3@group-523986131536: succeeded to handle AppendEntries. Reply: omNode-1<-omNode-3#498:OK,SUCCESS,nextIndex:474,term:1,followerCommit:471
2020-07-01 01:06:04,336 [grpc-default-executor-7] DEBUG server.GrpcLogAppender (GrpcLogAppender.java:onNext(257)) - omNode-1@group-523986131536->omNode-3-AppendLogResponseHandler: received a reply omNode-1<-omNode-3#498:OK,SUCCESS,nextIndex:474,term:1,followerCommit:471, request=AppendEntriesRequest:cid=498,entriesCount=1,lastEntry=(t:1, i:473)
2020-07-01 01:06:04,337 [grpc-default-executor-7] DEBUG impl.RaftServerImpl (RaftServerImpl.java:logAppendEntries(928)) - omNode-3@group-523986131536: receive appendEntries(omNode-1, 1, (t:1, i:473), 473, false, commits[omNode-1:c473, omNode-3:c471, omNode-2:c43], entries: (t:1, i:474), METADATAENTRY(c:473)
2020-07-01 01:06:04,337 [grpc-default-executor-7] INFO  ratis.OzoneManagerStateMachine (OzoneManagerStateMachine.java:getLatestSnapshot(147)) - Latest Snapshot Info 1#449
2020-07-01 01:06:04,337 [grpc-default-executor-7] INFO  ratis.OzoneManagerStateMachine (OzoneManagerStateMachine.java:getLatestSnapshot(147)) - Latest Snapshot Info 1#449
2020-07-01 01:06:04,337 [grpc-default-executor-7] WARN  server.GrpcLogAppender (LogUtils.java:warn(122)) - omNode-1@group-523986131536->omNode-2-AppendLogResponseHandler: Failed appendEntries: org.apache.ratis.thirdparty.io.grpc.StatusRuntimeException: UNAVAILABLE: io exception
2020-07-01 01:06:04,337 [grpc-default-executor-7] INFO  impl.FollowerInfo (FollowerInfo.java:lambda$new$0(51)) - omNode-1@group-523986131536->omNode-2: nextIndex: updateUnconditionally 474 -> 45
2020-07-01 01:06:04,342 [grpc-default-executor-7] WARN  server.GrpcLogAppender (LogUtils.java:warn(122)) - omNode-1@group-523986131536->omNode-2-AppendLogResponseHandler: Failed appendEntries: org.apache.ratis.thirdparty.io.grpc.StatusRuntimeException: UNAVAILABLE: io exception
2020-07-01 01:06:04,342 [grpc-default-executor-7] INFO  impl.FollowerInfo (FollowerInfo.java:lambda$new$0(51)) - omNode-1@group-523986131536->omNode-2: nextIndex: updateUnconditionally 475 -> 45
2020-07-01 01:06:04,344 [grpc-default-executor-7] WARN  server.GrpcLogAppender (LogUtils.java:warn(122)) - omNode-1@group-523986131536->omNode-2-AppendLogResponseHandler: Failed appendEntries: org.apache.ratis.thirdparty.io.grpc.StatusRuntimeException: UNAVAILABLE: io exception
2020-07-01 01:06:04,344 [grpc-default-executor-7] INFO  impl.FollowerInfo (FollowerInfo.java:lambda$new$0(51)) - omNode-1@group-523986131536->omNode-2: nextIndex: updateUnconditionally 475 -> 45
2020-07-01 01:06:04,346 [Thread-5292] DEBUG impl.RaftServerImpl (RaftServerImpl.java:logAppendEntries(928)) - omNode-3@group-523986131536: succeeded to handle AppendEntries. Reply: omNode-1<-omNode-3#499:OK,SUCCESS,nextIndex:475,term:1,followerCommit:473
2020-07-01 01:06:04,346 [grpc-default-executor-7] DEBUG server.GrpcLogAppender (GrpcLogAppender.java:onNext(257)) - omNode-1@group-523986131536->omNode-3-AppendLogResponseHandler: received a reply omNode-1<-omNode-3#499:OK,SUCCESS,nextIndex:475,term:1,followerCommit:473, request=AppendEntriesRequest:cid=499,entriesCount=1,lastEntry=(t:1, i:474)
2020-07-01 01:06:04,347 [grpc-default-executor-7] WARN  server.GrpcLogAppender (LogUtils.java:warn(122)) - omNode-1@group-523986131536->omNode-2-AppendLogResponseHandler: Failed appendEntries: org.apache.ratis.thirdparty.io.grpc.StatusRuntimeException: UNAVAILABLE: io exception
2020-07-01 01:06:04,347 [grpc-default-executor-7] INFO  impl.FollowerInfo (FollowerInfo.java:lambda$new$0(51)) - omNode-1@group-523986131536->omNode-2: nextIndex: updateUnconditionally 475 -> 45
2020-07-01 01:06:04,349 [grpc-default-executor-7] WARN  server.GrpcLogAppender (LogUtils.java:warn(122)) - omNode-1@group-523986131536->omNode-2-AppendLogResponseHandler: Failed appendEntries: org.apache.ratis.thirdparty.io.grpc.StatusRuntimeException: UNAVAILABLE: io exception
2020-07-01 01:06:04,349 [grpc-default-executor-7] INFO  impl.FollowerInfo (FollowerInfo.java:lambda$new$0(51)) - omNode-1@group-523986131536->omNode-2: nextIndex: updateUnconditionally 475 -> 45
2020-07-01 01:06:04,353 [IPC Server handler 1 on default port 11860] DEBUG impl.RaftServerImpl (RaftServerImpl.java:submitClientRequestAsync(575)) - omNode-1@group-523986131536: receive client request(RaftClientRequest:client-6E5155DBE9B8->omNode-1@group-523986131536, cid=560, seq=0, RW, Message:082412001a13636c6965...(size=360))
2020-07-01 01:06:04,353 [IPC Server handler 1 on default port 11860] DEBUG impl.RaftServerImpl (LeaderState.java:addPendingRequest(335)) - omNode-1@group-523986131536-LeaderState: addPendingRequest at RaftClientRequest:client-6E5155DBE9B8->omNode-1@group-523986131536, cid=560, seq=0, RW, Message:082412001a13636c6965...(size=360), entry=(t:1, i:475), STATEMACHINELOGENTRY, client-6E5155DBE9B8, cid=560
2020-07-01 01:06:04,354 [grpc-default-executor-7] DEBUG impl.RaftServerImpl (RaftServerImpl.java:logAppendEntries(928)) - omNode-3@group-523986131536: receive appendEntries(omNode-1, 1, (t:1, i:474), 474, false, commits[omNode-1:c474, omNode-3:c473, omNode-2:c43], entries: (t:1, i:475), STATEMACHINELOGENTRY, client-6E5155DBE9B8, cid=560
2020-07-01 01:06:04,354 [grpc-default-executor-7] INFO  ratis.OzoneManagerStateMachine (OzoneManagerStateMachine.java:getLatestSnapshot(147)) - Latest Snapshot Info 1#449
2020-07-01 01:06:04,354 [grpc-default-executor-7] INFO  ratis.OzoneManagerStateMachine (OzoneManagerStateMachine.java:getLatestSnapshot(147)) - Latest Snapshot Info 1#449
2020-07-01 01:06:04,354 [grpc-default-executor-7] WARN  server.GrpcLogAppender (LogUtils.java:warn(122)) - omNode-1@group-523986131536->omNode-2-AppendLogResponseHandler: Failed appendEntries: org.apache.ratis.thirdparty.io.grpc.StatusRuntimeException: UNAVAILABLE: io exception
2020-07-01 01:06:04,354 [grpc-default-executor-7] INFO  impl.FollowerInfo (FollowerInfo.java:lambda$new$0(51)) - omNode-1@group-523986131536->omNode-2: nextIndex: updateUnconditionally 475 -> 45
2020-07-01 01:06:04,357 [grpc-default-executor-7] WARN  server.GrpcLogAppender (LogUtils.java:warn(122)) - omNode-1@group-523986131536->omNode-2-AppendLogResponseHandler: Failed appendEntries: org.apache.ratis.thirdparty.io.grpc.StatusRuntimeException: UNAVAILABLE: io exception
2020-07-01 01:06:04,357 [grpc-default-executor-7] INFO  impl.FollowerInfo (FollowerInfo.java:lambda$new$0(51)) - omNode-1@group-523986131536->omNode-2: nextIndex: updateUnconditionally 476 -> 45
2020-07-01 01:06:04,359 [grpc-default-executor-7] WARN  server.GrpcLogAppender (LogUtils.java:warn(122)) - omNode-1@group-523986131536->omNode-2-AppendLogResponseHandler: Failed appendEntries: org.apache.ratis.thirdparty.io.grpc.StatusRuntimeException: UNAVAILABLE: io exception
2020-07-01 01:06:04,359 [grpc-default-executor-7] INFO  impl.FollowerInfo (FollowerInfo.java:lambda$new$0(51)) - omNode-1@group-523986131536->omNode-2: nextIndex: updateUnconditionally 476 -> 45
2020-07-01 01:06:04,361 [grpc-default-executor-7] WARN  server.GrpcLogAppender (LogUtils.java:warn(122)) - omNode-1@group-523986131536->omNode-2-AppendLogResponseHandler: Failed appendEntries: org.apache.ratis.thirdparty.io.grpc.StatusRuntimeException: UNAVAILABLE: io exception
2020-07-01 01:06:04,361 [grpc-default-executor-7] INFO  impl.FollowerInfo (FollowerInfo.java:lambda$new$0(51)) - omNode-1@group-523986131536->omNode-2: nextIndex: updateUnconditionally 476 -> 45
2020-07-01 01:06:04,363 [grpc-default-executor-7] WARN  server.GrpcLogAppender (LogUtils.java:warn(122)) - omNode-1@group-523986131536->omNode-2-AppendLogResponseHandler: Failed appendEntries: org.apache.ratis.thirdparty.io.grpc.StatusRuntimeException: UNAVAILABLE: io exception
2020-07-01 01:06:04,364 [grpc-default-executor-7] INFO  impl.FollowerInfo (FollowerInfo.java:lambda$new$0(51)) - omNode-1@group-523986131536->omNode-2: nextIndex: updateUnconditionally 476 -> 45
2020-07-01 01:06:04,365 [Thread-5293] DEBUG impl.RaftServerImpl (RaftServerImpl.java:logAppendEntries(928)) - omNode-3@group-523986131536: succeeded to handle AppendEntries. Reply: omNode-1<-omNode-3#500:OK,SUCCESS,nextIndex:476,term:1,followerCommit:474
2020-07-01 01:06:04,365 [grpc-default-executor-7] DEBUG server.GrpcLogAppender (GrpcLogAppender.java:onNext(257)) - omNode-1@group-523986131536->omNode-3-AppendLogResponseHandler: received a reply omNode-1<-omNode-3#500:OK,SUCCESS,nextIndex:476,term:1,followerCommit:474, request=AppendEntriesRequest:cid=500,entriesCount=1,lastEntry=(t:1, i:475)
2020-07-01 01:06:04,366 [grpc-default-executor-7] DEBUG impl.RaftServerImpl (RaftServerImpl.java:logAppendEntries(928)) - omNode-3@group-523986131536: receive appendEntries(omNode-1, 1, (t:1, i:475), 475, false, commits[omNode-1:c475, omNode-3:c474, omNode-2:c43], entries: (t:1, i:476), METADATAENTRY(c:475)
2020-07-01 01:06:04,366 [grpc-default-executor-7] INFO  ratis.OzoneManagerStateMachine (OzoneManagerStateMachine.java:getLatestSnapshot(147)) - Latest Snapshot Info 1#449
2020-07-01 01:06:04,366 [grpc-default-executor-7] INFO  ratis.OzoneManagerStateMachine (OzoneManagerStateMachine.java:getLatestSnapshot(147)) - Latest Snapshot Info 1#449
2020-07-01 01:06:04,367 [grpc-default-executor-7] WARN  server.GrpcLogAppender (LogUtils.java:warn(122)) - omNode-1@group-523986131536->omNode-2-AppendLogResponseHandler: Failed appendEntries: org.apache.ratis.thirdparty.io.grpc.StatusRuntimeException: UNAVAILABLE: io exception
2020-07-01 01:06:04,367 [grpc-default-executor-7] INFO  impl.FollowerInfo (FollowerInfo.java:lambda$new$0(51)) - omNode-1@group-523986131536->omNode-2: nextIndex: updateUnconditionally 476 -> 45
2020-07-01 01:06:04,370 [IPC Server handler 3 on default port 11860] DEBUG impl.RaftServerImpl (RaftServerImpl.java:submitClientRequestAsync(575)) - omNode-1@group-523986131536: receive client request(RaftClientRequest:client-6E5155DBE9B8->omNode-1@group-523986131536, cid=561, seq=0, RW, Message:081f12001a13636c6965...(size=409))
2020-07-01 01:06:04,370 [IPC Server handler 3 on default port 11860] DEBUG impl.RaftServerImpl (LeaderState.java:addPendingRequest(335)) - omNode-1@group-523986131536-LeaderState: addPendingRequest at RaftClientRequest:client-6E5155DBE9B8->omNode-1@group-523986131536, cid=561, seq=0, RW, Message:081f12001a13636c6965...(size=409), entry=(t:1, i:477), STATEMACHINELOGENTRY, client-6E5155DBE9B8, cid=561
2020-07-01 01:06:04,371 [grpc-default-executor-7] DEBUG impl.RaftServerImpl (RaftServerImpl.java:logAppendEntries(928)) - omNode-3@group-523986131536: receive appendEntries(omNode-1, 1, (t:1, i:476), 475, false, commits[omNode-1:c475, omNode-3:c474, omNode-2:c43], entries: (t:1, i:477), STATEMACHINELOGENTRY, client-6E5155DBE9B8, cid=561
2020-07-01 01:06:04,371 [grpc-default-executor-7] INFO  ratis.OzoneManagerStateMachine (OzoneManagerStateMachine.java:getLatestSnapshot(147)) - Latest Snapshot Info 1#449
2020-07-01 01:06:04,371 [grpc-default-executor-7] INFO  ratis.OzoneManagerStateMachine (OzoneManagerStateMachine.java:getLatestSnapshot(147)) - Latest Snapshot Info 1#449
2020-07-01 01:06:04,372 [grpc-default-executor-7] WARN  server.GrpcLogAppender (LogUtils.java:warn(122)) - omNode-1@group-523986131536->omNode-2-AppendLogResponseHandler: Failed appendEntries: org.apache.ratis.thirdparty.io.grpc.StatusRuntimeException: UNAVAILABLE: io exception
2020-07-01 01:06:04,372 [grpc-default-executor-7] INFO  impl.FollowerInfo (FollowerInfo.java:lambda$new$0(51)) - omNode-1@group-523986131536->omNode-2: nextIndex: updateUnconditionally 477 -> 45
2020-07-01 01:06:04,374 [grpc-default-executor-7] WARN  server.GrpcLogAppender (LogUtils.java:warn(122)) - omNode-1@group-523986131536->omNode-2-AppendLogResponseHandler: Failed appendEntries: org.apache.ratis.thirdparty.io.grpc.StatusRuntimeException: UNAVAILABLE: io exception
2020-07-01 01:06:04,374 [grpc-default-executor-7] INFO  impl.FollowerInfo (FollowerInfo.java:lambda$new$0(51)) - omNode-1@group-523986131536->omNode-2: nextIndex: updateUnconditionally 478 -> 45
2020-07-01 01:06:04,376 [grpc-default-executor-7] WARN  server.GrpcLogAppender (LogUtils.java:warn(122)) - omNode-1@group-523986131536->omNode-2-AppendLogResponseHandler: Failed appendEntries: org.apache.ratis.thirdparty.io.grpc.StatusRuntimeException: UNAVAILABLE: io exception
2020-07-01 01:06:04,376 [grpc-default-executor-7] INFO  impl.FollowerInfo (FollowerInfo.java:lambda$new$0(51)) - omNode-1@group-523986131536->omNode-2: nextIndex: updateUnconditionally 478 -> 45
2020-07-01 01:06:04,377 [Thread-5294] DEBUG impl.RaftServerImpl (RaftServerImpl.java:logAppendEntries(928)) - omNode-3@group-523986131536: succeeded to handle AppendEntries. Reply: omNode-1<-omNode-3#501:OK,SUCCESS,nextIndex:477,term:1,followerCommit:475
2020-07-01 01:06:04,378 [Thread-5295] DEBUG impl.RaftServerImpl (RaftServerImpl.java:logAppendEntries(928)) - omNode-3@group-523986131536: succeeded to handle AppendEntries. Reply: omNode-1<-omNode-3#502:OK,SUCCESS,nextIndex:478,term:1,followerCommit:475
2020-07-01 01:06:04,378 [grpc-default-executor-7] DEBUG server.GrpcLogAppender (GrpcLogAppender.java:onNext(257)) - omNode-1@group-523986131536->omNode-3-AppendLogResponseHandler: received a reply omNode-1<-omNode-3#501:OK,SUCCESS,nextIndex:477,term:1,followerCommit:475, request=AppendEntriesRequest:cid=501,entriesCount=1,lastEntry=(t:1, i:476)
2020-07-01 01:06:04,378 [grpc-default-executor-7] DEBUG server.GrpcLogAppender (GrpcLogAppender.java:onNext(257)) - omNode-1@group-523986131536->omNode-3-AppendLogResponseHandler: received a reply omNode-1<-omNode-3#502:OK,SUCCESS,nextIndex:478,term:1,followerCommit:475, request=AppendEntriesRequest:cid=502,entriesCount=1,lastEntry=(t:1, i:477)
2020-07-01 01:06:04,380 [grpc-default-executor-1] WARN  server.GrpcLogAppender (LogUtils.java:warn(122)) - omNode-1@group-523986131536->omNode-2-AppendLogResponseHandler: Failed appendEntries: org.apache.ratis.thirdparty.io.grpc.StatusRuntimeException: UNAVAILABLE: io exception
2020-07-01 01:06:04,380 [grpc-default-executor-1] INFO  impl.FollowerInfo (FollowerInfo.java:lambda$new$0(51)) - omNode-1@group-523986131536->omNode-2: nextIndex: updateUnconditionally 478 -> 45
2020-07-01 01:06:04,382 [grpc-default-executor-1] DEBUG impl.RaftServerImpl (RaftServerImpl.java:logAppendEntries(928)) - omNode-3@group-523986131536: receive appendEntries(omNode-1, 1, (t:1, i:477), 477, false, commits[omNode-1:c477, omNode-3:c475, omNode-2:c43], entries: (t:1, i:478), METADATAENTRY(c:477)
2020-07-01 01:06:04,382 [grpc-default-executor-1] INFO  ratis.OzoneManagerStateMachine (OzoneManagerStateMachine.java:getLatestSnapshot(147)) - Latest Snapshot Info 1#449
2020-07-01 01:06:04,382 [grpc-default-executor-1] INFO  ratis.OzoneManagerStateMachine (OzoneManagerStateMachine.java:getLatestSnapshot(147)) - Latest Snapshot Info 1#449
2020-07-01 01:06:04,386 [grpc-default-executor-1] WARN  server.GrpcLogAppender (LogUtils.java:warn(122)) - omNode-1@group-523986131536->omNode-2-AppendLogResponseHandler: Failed appendEntries: org.apache.ratis.thirdparty.io.grpc.StatusRuntimeException: UNAVAILABLE: io exception
2020-07-01 01:06:04,386 [grpc-default-executor-1] INFO  impl.FollowerInfo (FollowerInfo.java:lambda$new$0(51)) - omNode-1@group-523986131536->omNode-2: nextIndex: updateUnconditionally 479 -> 45
2020-07-01 01:06:04,388 [grpc-default-executor-1] WARN  server.GrpcLogAppender (LogUtils.java:warn(122)) - omNode-1@group-523986131536->omNode-2-AppendLogResponseHandler: Failed appendEntries: org.apache.ratis.thirdparty.io.grpc.StatusRuntimeException: UNAVAILABLE: io exception
2020-07-01 01:06:04,388 [grpc-default-executor-1] INFO  impl.FollowerInfo (FollowerInfo.java:lambda$new$0(51)) - omNode-1@group-523986131536->omNode-2: nextIndex: updateUnconditionally 479 -> 45
2020-07-01 01:06:04,390 [grpc-default-executor-1] WARN  server.GrpcLogAppender (LogUtils.java:warn(122)) - omNode-1@group-523986131536->omNode-2-AppendLogResponseHandler: Failed appendEntries: org.apache.ratis.thirdparty.io.grpc.StatusRuntimeException: UNAVAILABLE: io exception
2020-07-01 01:06:04,390 [grpc-default-executor-1] INFO  impl.FollowerInfo (FollowerInfo.java:lambda$new$0(51)) - omNode-1@group-523986131536->omNode-2: nextIndex: updateUnconditionally 479 -> 45
2020-07-01 01:06:04,392 [grpc-default-executor-1] WARN  server.GrpcLogAppender (LogUtils.java:warn(122)) - omNode-1@group-523986131536->omNode-2-AppendLogResponseHandler: Failed appendEntries: org.apache.ratis.thirdparty.io.grpc.StatusRuntimeException: UNAVAILABLE: io exception
2020-07-01 01:06:04,392 [grpc-default-executor-1] INFO  impl.FollowerInfo (FollowerInfo.java:lambda$new$0(51)) - omNode-1@group-523986131536->omNode-2: nextIndex: updateUnconditionally 479 -> 45
2020-07-01 01:06:04,390 [Thread-5296] DEBUG impl.RaftServerImpl (RaftServerImpl.java:logAppendEntries(928)) - omNode-3@group-523986131536: succeeded to handle AppendEntries. Reply: omNode-1<-omNode-3#503:OK,SUCCESS,nextIndex:479,term:1,followerCommit:477
2020-07-01 01:06:04,395 [grpc-default-executor-6] DEBUG server.GrpcLogAppender (GrpcLogAppender.java:onNext(257)) - omNode-1@group-523986131536->omNode-3-AppendLogResponseHandler: received a reply omNode-1<-omNode-3#503:OK,SUCCESS,nextIndex:479,term:1,followerCommit:477, request=AppendEntriesRequest:cid=503,entriesCount=1,lastEntry=(t:1, i:478)
2020-07-01 01:06:04,396 [IPC Server handler 0 on default port 11860] DEBUG impl.RaftServerImpl (RaftServerImpl.java:submitClientRequestAsync(575)) - omNode-1@group-523986131536: receive client request(RaftClientRequest:client-6E5155DBE9B8->omNode-1@group-523986131536, cid=562, seq=0, RW, Message:082412001a13636c6965...(size=360))
2020-07-01 01:06:04,397 [grpc-default-executor-1] WARN  server.GrpcLogAppender (LogUtils.java:warn(122)) - omNode-1@group-523986131536->omNode-2-AppendLogResponseHandler: Failed appendEntries: org.apache.ratis.thirdparty.io.grpc.StatusRuntimeException: UNAVAILABLE: io exception
2020-07-01 01:06:04,397 [grpc-default-executor-1] INFO  impl.FollowerInfo (FollowerInfo.java:lambda$new$0(51)) - omNode-1@group-523986131536->omNode-2: nextIndex: updateUnconditionally 479 -> 45
2020-07-01 01:06:04,397 [IPC Server handler 0 on default port 11860] DEBUG impl.RaftServerImpl (LeaderState.java:addPendingRequest(335)) - omNode-1@group-523986131536-LeaderState: addPendingRequest at RaftClientRequest:client-6E5155DBE9B8->omNode-1@group-523986131536, cid=562, seq=0, RW, Message:082412001a13636c6965...(size=360), entry=(t:1, i:479), STATEMACHINELOGENTRY, client-6E5155DBE9B8, cid=562
2020-07-01 01:06:04,397 [grpc-default-executor-1] DEBUG impl.RaftServerImpl (RaftServerImpl.java:logAppendEntries(928)) - omNode-3@group-523986131536: receive appendEntries(omNode-1, 1, (t:1, i:478), 478, false, commits[omNode-1:c478, omNode-3:c477, omNode-2:c43], entries: (t:1, i:479), STATEMACHINELOGENTRY, client-6E5155DBE9B8, cid=562
2020-07-01 01:06:04,397 [grpc-default-executor-1] INFO  ratis.OzoneManagerStateMachine (OzoneManagerStateMachine.java:getLatestSnapshot(147)) - Latest Snapshot Info 1#449
2020-07-01 01:06:04,397 [grpc-default-executor-1] INFO  ratis.OzoneManagerStateMachine (OzoneManagerStateMachine.java:getLatestSnapshot(147)) - Latest Snapshot Info 1#449
2020-07-01 01:06:04,401 [grpc-default-executor-1] WARN  server.GrpcLogAppender (LogUtils.java:warn(122)) - omNode-1@group-523986131536->omNode-2-AppendLogResponseHandler: Failed appendEntries: org.apache.ratis.thirdparty.io.grpc.StatusRuntimeException: UNAVAILABLE: io exception
2020-07-01 01:06:04,401 [grpc-default-executor-1] INFO  impl.FollowerInfo (FollowerInfo.java:lambda$new$0(51)) - omNode-1@group-523986131536->omNode-2: nextIndex: updateUnconditionally 480 -> 45
2020-07-01 01:06:04,403 [grpc-default-executor-1] WARN  server.GrpcLogAppender (LogUtils.java:warn(122)) - omNode-1@group-523986131536->omNode-2-AppendLogResponseHandler: Failed appendEntries: org.apache.ratis.thirdparty.io.grpc.StatusRuntimeException: UNAVAILABLE: io exception
2020-07-01 01:06:04,403 [grpc-default-executor-1] INFO  impl.FollowerInfo (FollowerInfo.java:lambda$new$0(51)) - omNode-1@group-523986131536->omNode-2: nextIndex: updateUnconditionally 480 -> 45
2020-07-01 01:06:04,405 [grpc-default-executor-1] WARN  server.GrpcLogAppender (LogUtils.java:warn(122)) - omNode-1@group-523986131536->omNode-2-AppendLogResponseHandler: Failed appendEntries: org.apache.ratis.thirdparty.io.grpc.StatusRuntimeException: UNAVAILABLE: io exception
2020-07-01 01:06:04,405 [grpc-default-executor-1] INFO  impl.FollowerInfo (FollowerInfo.java:lambda$new$0(51)) - omNode-1@group-523986131536->omNode-2: nextIndex: updateUnconditionally 480 -> 45
2020-07-01 01:06:04,407 [grpc-default-executor-1] WARN  server.GrpcLogAppender (LogUtils.java:warn(122)) - omNode-1@group-523986131536->omNode-2-AppendLogResponseHandler: Failed appendEntries: org.apache.ratis.thirdparty.io.grpc.StatusRuntimeException: UNAVAILABLE: io exception
2020-07-01 01:06:04,407 [grpc-default-executor-1] INFO  impl.FollowerInfo (FollowerInfo.java:lambda$new$0(51)) - omNode-1@group-523986131536->omNode-2: nextIndex: updateUnconditionally 480 -> 45
2020-07-01 01:06:04,409 [Thread-5297] DEBUG impl.RaftServerImpl (RaftServerImpl.java:logAppendEntries(928)) - omNode-3@group-523986131536: succeeded to handle AppendEntries. Reply: omNode-1<-omNode-3#504:OK,SUCCESS,nextIndex:480,term:1,followerCommit:478
2020-07-01 01:06:04,409 [grpc-default-executor-1] DEBUG server.GrpcLogAppender (GrpcLogAppender.java:onNext(257)) - omNode-1@group-523986131536->omNode-3-AppendLogResponseHandler: received a reply omNode-1<-omNode-3#504:OK,SUCCESS,nextIndex:480,term:1,followerCommit:478, request=AppendEntriesRequest:cid=504,entriesCount=1,lastEntry=(t:1, i:479)
2020-07-01 01:06:04,410 [grpc-default-executor-1] DEBUG impl.RaftServerImpl (RaftServerImpl.java:logAppendEntries(928)) - omNode-3@group-523986131536: receive appendEntries(omNode-1, 1, (t:1, i:479), 479, false, commits[omNode-1:c479, omNode-3:c478, omNode-2:c43], entries: (t:1, i:480), METADATAENTRY(c:479)
2020-07-01 01:06:04,410 [grpc-default-executor-1] INFO  ratis.OzoneManagerStateMachine (OzoneManagerStateMachine.java:getLatestSnapshot(147)) - Latest Snapshot Info 1#449
2020-07-01 01:06:04,410 [grpc-default-executor-1] INFO  ratis.OzoneManagerStateMachine (OzoneManagerStateMachine.java:getLatestSnapshot(147)) - Latest Snapshot Info 1#449
2020-07-01 01:06:04,411 [grpc-default-executor-1] WARN  server.GrpcLogAppender (LogUtils.java:warn(122)) - omNode-1@group-523986131536->omNode-2-AppendLogResponseHandler: Failed appendEntries: org.apache.ratis.thirdparty.io.grpc.StatusRuntimeException: UNAVAILABLE: io exception
2020-07-01 01:06:04,411 [grpc-default-executor-1] INFO  impl.FollowerInfo (FollowerInfo.java:lambda$new$0(51)) - omNode-1@group-523986131536->omNode-2: nextIndex: updateUnconditionally 480 -> 45
2020-07-01 01:06:04,413 [IPC Server handler 5 on default port 11860] DEBUG impl.RaftServerImpl (RaftServerImpl.java:submitClientRequestAsync(575)) - omNode-1@group-523986131536: receive client request(RaftClientRequest:client-6E5155DBE9B8->omNode-1@group-523986131536, cid=563, seq=0, RW, Message:081f12001a13636c6965...(size=409))
2020-07-01 01:06:04,413 [IPC Server handler 5 on default port 11860] DEBUG impl.RaftServerImpl (LeaderState.java:addPendingRequest(335)) - omNode-1@group-523986131536-LeaderState: addPendingRequest at RaftClientRequest:client-6E5155DBE9B8->omNode-1@group-523986131536, cid=563, seq=0, RW, Message:081f12001a13636c6965...(size=409), entry=(t:1, i:481), STATEMACHINELOGENTRY, client-6E5155DBE9B8, cid=563
2020-07-01 01:06:04,413 [grpc-default-executor-1] DEBUG impl.RaftServerImpl (RaftServerImpl.java:logAppendEntries(928)) - omNode-3@group-523986131536: receive appendEntries(omNode-1, 1, (t:1, i:480), 479, false, commits[omNode-1:c479, omNode-3:c478, omNode-2:c43], entries: (t:1, i:481), STATEMACHINELOGENTRY, client-6E5155DBE9B8, cid=563
2020-07-01 01:06:04,413 [grpc-default-executor-1] INFO  ratis.OzoneManagerStateMachine (OzoneManagerStateMachine.java:getLatestSnapshot(147)) - Latest Snapshot Info 1#449
2020-07-01 01:06:04,414 [grpc-default-executor-1] INFO  ratis.OzoneManagerStateMachine (OzoneManagerStateMachine.java:getLatestSnapshot(147)) - Latest Snapshot Info 1#449
2020-07-01 01:06:04,415 [grpc-default-executor-1] WARN  server.GrpcLogAppender (LogUtils.java:warn(122)) - omNode-1@group-523986131536->omNode-2-AppendLogResponseHandler: Failed appendEntries: org.apache.ratis.thirdparty.io.grpc.StatusRuntimeException: UNAVAILABLE: io exception
2020-07-01 01:06:04,415 [grpc-default-executor-1] INFO  impl.FollowerInfo (FollowerInfo.java:lambda$new$0(51)) - omNode-1@group-523986131536->omNode-2: nextIndex: updateUnconditionally 481 -> 45
2020-07-01 01:06:04,417 [grpc-default-executor-1] WARN  server.GrpcLogAppender (LogUtils.java:warn(122)) - omNode-1@group-523986131536->omNode-2-AppendLogResponseHandler: Failed appendEntries: org.apache.ratis.thirdparty.io.grpc.StatusRuntimeException: UNAVAILABLE: io exception
2020-07-01 01:06:04,417 [Thread-5298] DEBUG impl.RaftServerImpl (RaftServerImpl.java:logAppendEntries(928)) - omNode-3@group-523986131536: succeeded to handle AppendEntries. Reply: omNode-1<-omNode-3#505:OK,SUCCESS,nextIndex:481,term:1,followerCommit:479
2020-07-01 01:06:04,417 [grpc-default-executor-1] INFO  impl.FollowerInfo (FollowerInfo.java:lambda$new$0(51)) - omNode-1@group-523986131536->omNode-2: nextIndex: updateUnconditionally 482 -> 45
2020-07-01 01:06:04,418 [grpc-default-executor-1] DEBUG server.GrpcLogAppender (GrpcLogAppender.java:onNext(257)) - omNode-1@group-523986131536->omNode-3-AppendLogResponseHandler: received a reply omNode-1<-omNode-3#505:OK,SUCCESS,nextIndex:481,term:1,followerCommit:479, request=AppendEntriesRequest:cid=505,entriesCount=1,lastEntry=(t:1, i:480)
2020-07-01 01:06:04,420 [grpc-default-executor-1] WARN  server.GrpcLogAppender (LogUtils.java:warn(122)) - omNode-1@group-523986131536->omNode-2-AppendLogResponseHandler: Failed appendEntries: org.apache.ratis.thirdparty.io.grpc.StatusRuntimeException: UNAVAILABLE: io exception
2020-07-01 01:06:04,420 [grpc-default-executor-1] INFO  impl.FollowerInfo (FollowerInfo.java:lambda$new$0(51)) - omNode-1@group-523986131536->omNode-2: nextIndex: updateUnconditionally 482 -> 45
2020-07-01 01:06:04,422 [Thread-5299] DEBUG impl.RaftServerImpl (RaftServerImpl.java:logAppendEntries(928)) - omNode-3@group-523986131536: succeeded to handle AppendEntries. Reply: omNode-1<-omNode-3#506:OK,SUCCESS,nextIndex:482,term:1,followerCommit:479
2020-07-01 01:06:04,422 [grpc-default-executor-1] WARN  server.GrpcLogAppender (LogUtils.java:warn(122)) - omNode-1@group-523986131536->omNode-2-AppendLogResponseHandler: Failed appendEntries: org.apache.ratis.thirdparty.io.grpc.StatusRuntimeException: UNAVAILABLE: io exception
2020-07-01 01:06:04,423 [grpc-default-executor-1] INFO  impl.FollowerInfo (FollowerInfo.java:lambda$new$0(51)) - omNode-1@group-523986131536->omNode-2: nextIndex: updateUnconditionally 482 -> 45
2020-07-01 01:06:04,423 [grpc-default-executor-1] DEBUG server.GrpcLogAppender (GrpcLogAppender.java:onNext(257)) - omNode-1@group-523986131536->omNode-3-AppendLogResponseHandler: received a reply omNode-1<-omNode-3#506:OK,SUCCESS,nextIndex:482,term:1,followerCommit:479, request=AppendEntriesRequest:cid=506,entriesCount=1,lastEntry=(t:1, i:481)
2020-07-01 01:06:04,425 [grpc-default-executor-1] DEBUG impl.RaftServerImpl (RaftServerImpl.java:logAppendEntries(928)) - omNode-3@group-523986131536: receive appendEntries(omNode-1, 1, (t:1, i:481), 481, false, commits[omNode-1:c481, omNode-3:c479, omNode-2:c43], entries: (t:1, i:482), METADATAENTRY(c:481)
2020-07-01 01:06:04,425 [grpc-default-executor-1] INFO  ratis.OzoneManagerStateMachine (OzoneManagerStateMachine.java:getLatestSnapshot(147)) - Latest Snapshot Info 1#449
2020-07-01 01:06:04,425 [grpc-default-executor-1] INFO  ratis.OzoneManagerStateMachine (OzoneManagerStateMachine.java:getLatestSnapshot(147)) - Latest Snapshot Info 1#449
2020-07-01 01:06:04,427 [grpc-default-executor-1] WARN  server.GrpcLogAppender (LogUtils.java:warn(122)) - omNode-1@group-523986131536->omNode-2-AppendLogResponseHandler: Failed appendEntries: org.apache.ratis.thirdparty.io.grpc.StatusRuntimeException: UNAVAILABLE: io exception
2020-07-01 01:06:04,427 [grpc-default-executor-1] INFO  impl.FollowerInfo (FollowerInfo.java:lambda$new$0(51)) - omNode-1@group-523986131536->omNode-2: nextIndex: updateUnconditionally 482 -> 45
2020-07-01 01:06:04,430 [Thread-5300] DEBUG impl.RaftServerImpl (RaftServerImpl.java:logAppendEntries(928)) - omNode-3@group-523986131536: succeeded to handle AppendEntries. Reply: omNode-1<-omNode-3#507:OK,SUCCESS,nextIndex:483,term:1,followerCommit:481
2020-07-01 01:06:04,430 [grpc-default-executor-1] DEBUG server.GrpcLogAppender (GrpcLogAppender.java:onNext(257)) - omNode-1@group-523986131536->omNode-3-AppendLogResponseHandler: received a reply omNode-1<-omNode-3#507:OK,SUCCESS,nextIndex:483,term:1,followerCommit:481, request=AppendEntriesRequest:cid=507,entriesCount=1,lastEntry=(t:1, i:482)
2020-07-01 01:06:04,431 [grpc-default-executor-1] WARN  server.GrpcLogAppender (LogUtils.java:warn(122)) - omNode-1@group-523986131536->omNode-2-AppendLogResponseHandler: Failed appendEntries: org.apache.ratis.thirdparty.io.grpc.StatusRuntimeException: UNAVAILABLE: io exception
2020-07-01 01:06:04,431 [grpc-default-executor-1] INFO  impl.FollowerInfo (FollowerInfo.java:lambda$new$0(51)) - omNode-1@group-523986131536->omNode-2: nextIndex: updateUnconditionally 483 -> 45
2020-07-01 01:06:04,434 [IPC Server handler 2 on default port 11860] DEBUG impl.RaftServerImpl (RaftServerImpl.java:submitClientRequestAsync(575)) - omNode-1@group-523986131536: receive client request(RaftClientRequest:client-6E5155DBE9B8->omNode-1@group-523986131536, cid=564, seq=0, RW, Message:082412001a13636c6965...(size=360))
2020-07-01 01:06:04,434 [IPC Server handler 2 on default port 11860] DEBUG impl.RaftServerImpl (LeaderState.java:addPendingRequest(335)) - omNode-1@group-523986131536-LeaderState: addPendingRequest at RaftClientRequest:client-6E5155DBE9B8->omNode-1@group-523986131536, cid=564, seq=0, RW, Message:082412001a13636c6965...(size=360), entry=(t:1, i:483), STATEMACHINELOGENTRY, client-6E5155DBE9B8, cid=564
2020-07-01 01:06:04,435 [grpc-default-executor-7] DEBUG impl.RaftServerImpl (RaftServerImpl.java:logAppendEntries(928)) - omNode-3@group-523986131536: receive appendEntries(omNode-1, 1, (t:1, i:482), 482, false, commits[omNode-1:c482, omNode-3:c481, omNode-2:c43], entries: (t:1, i:483), STATEMACHINELOGENTRY, client-6E5155DBE9B8, cid=564
2020-07-01 01:06:04,435 [grpc-default-executor-7] INFO  ratis.OzoneManagerStateMachine (OzoneManagerStateMachine.java:getLatestSnapshot(147)) - Latest Snapshot Info 1#449
2020-07-01 01:06:04,435 [grpc-default-executor-7] INFO  ratis.OzoneManagerStateMachine (OzoneManagerStateMachine.java:getLatestSnapshot(147)) - Latest Snapshot Info 1#449
2020-07-01 01:06:04,439 [grpc-default-executor-1] WARN  server.GrpcLogAppender (LogUtils.java:warn(122)) - omNode-1@group-523986131536->omNode-2-AppendLogResponseHandler: Failed appendEntries: org.apache.ratis.thirdparty.io.grpc.StatusRuntimeException: UNAVAILABLE: io exception
2020-07-01 01:06:04,439 [grpc-default-executor-1] INFO  impl.FollowerInfo (FollowerInfo.java:lambda$new$0(51)) - omNode-1@group-523986131536->omNode-2: nextIndex: updateUnconditionally 484 -> 45
2020-07-01 01:06:04,440 [Thread-5301] DEBUG impl.RaftServerImpl (RaftServerImpl.java:logAppendEntries(928)) - omNode-3@group-523986131536: succeeded to handle AppendEntries. Reply: omNode-1<-omNode-3#508:OK,SUCCESS,nextIndex:484,term:1,followerCommit:482
2020-07-01 01:06:04,441 [grpc-default-executor-1] DEBUG server.GrpcLogAppender (GrpcLogAppender.java:onNext(257)) - omNode-1@group-523986131536->omNode-3-AppendLogResponseHandler: received a reply omNode-1<-omNode-3#508:OK,SUCCESS,nextIndex:484,term:1,followerCommit:482, request=AppendEntriesRequest:cid=508,entriesCount=1,lastEntry=(t:1, i:483)
2020-07-01 01:06:04,442 [grpc-default-executor-1] DEBUG impl.RaftServerImpl (RaftServerImpl.java:logAppendEntries(928)) - omNode-3@group-523986131536: receive appendEntries(omNode-1, 1, (t:1, i:483), 483, false, commits[omNode-1:c483, omNode-3:c482, omNode-2:c43], entries: (t:1, i:484), METADATAENTRY(c:483)
2020-07-01 01:06:04,442 [grpc-default-executor-1] INFO  ratis.OzoneManagerStateMachine (OzoneManagerStateMachine.java:getLatestSnapshot(147)) - Latest Snapshot Info 1#449
2020-07-01 01:06:04,442 [grpc-default-executor-1] INFO  ratis.OzoneManagerStateMachine (OzoneManagerStateMachine.java:getLatestSnapshot(147)) - Latest Snapshot Info 1#449
2020-07-01 01:06:04,443 [grpc-default-executor-7] DEBUG server.GrpcLogAppender (GrpcLogAppender.java:onNext(257)) - 69db720a-335e-417f-9e4d-9b6daaea3d10@group-304D1CDEA4AC->5f570ae4-9456-445c-93e3-9355377d8e07-AppendLogResponseHandler: received a reply 69db720a-335e-417f-9e4d-9b6daaea3d10<-5f570ae4-9456-445c-93e3-9355377d8e07#3:OK,SUCCESS,nextIndex:1,term:1,followerCommit:0, request=AppendEntriesRequest:cid=3,entriesCount=0,lastEntry=null
2020-07-01 01:06:04,443 [grpc-default-executor-7] WARN  server.GrpcLogAppender (LogUtils.java:warn(122)) - omNode-1@group-523986131536->omNode-2-AppendLogResponseHandler: Failed appendEntries: org.apache.ratis.thirdparty.io.grpc.StatusRuntimeException: UNAVAILABLE: io exception
2020-07-01 01:06:04,443 [grpc-default-executor-7] INFO  impl.FollowerInfo (FollowerInfo.java:lambda$new$0(51)) - omNode-1@group-523986131536->omNode-2: nextIndex: updateUnconditionally 484 -> 45
2020-07-01 01:06:04,445 [IPC Server handler 4 on default port 11860] DEBUG impl.RaftServerImpl (RaftServerImpl.java:submitClientRequestAsync(575)) - omNode-1@group-523986131536: receive client request(RaftClientRequest:client-6E5155DBE9B8->omNode-1@group-523986131536, cid=565, seq=0, RW, Message:081f12001a13636c6965...(size=409))
2020-07-01 01:06:04,447 [IPC Server handler 4 on default port 11860] DEBUG impl.RaftServerImpl (LeaderState.java:addPendingRequest(335)) - omNode-1@group-523986131536-LeaderState: addPendingRequest at RaftClientRequest:client-6E5155DBE9B8->omNode-1@group-523986131536, cid=565, seq=0, RW, Message:081f12001a13636c6965...(size=409), entry=(t:1, i:485), STATEMACHINELOGENTRY, client-6E5155DBE9B8, cid=565
2020-07-01 01:06:04,447 [grpc-default-executor-1] DEBUG impl.RaftServerImpl (RaftServerImpl.java:logAppendEntries(928)) - omNode-3@group-523986131536: receive appendEntries(omNode-1, 1, (t:1, i:484), 483, false, commits[omNode-1:c483, omNode-3:c482, omNode-2:c43], entries: (t:1, i:485), STATEMACHINELOGENTRY, client-6E5155DBE9B8, cid=565
2020-07-01 01:06:04,447 [grpc-default-executor-1] INFO  ratis.OzoneManagerStateMachine (OzoneManagerStateMachine.java:getLatestSnapshot(147)) - Latest Snapshot Info 1#449
2020-07-01 01:06:04,447 [grpc-default-executor-1] INFO  ratis.OzoneManagerStateMachine (OzoneManagerStateMachine.java:getLatestSnapshot(147)) - Latest Snapshot Info 1#449
2020-07-01 01:06:04,449 [grpc-default-executor-1] WARN  server.GrpcLogAppender (LogUtils.java:warn(122)) - omNode-1@group-523986131536->omNode-2-AppendLogResponseHandler: Failed appendEntries: org.apache.ratis.thirdparty.io.grpc.StatusRuntimeException: UNAVAILABLE: io exception
2020-07-01 01:06:04,449 [grpc-default-executor-1] INFO  impl.FollowerInfo (FollowerInfo.java:lambda$new$0(51)) - omNode-1@group-523986131536->omNode-2: nextIndex: updateUnconditionally 485 -> 45
2020-07-01 01:06:04,451 [Thread-5303] DEBUG impl.RaftServerImpl (RaftServerImpl.java:logAppendEntries(928)) - omNode-3@group-523986131536: succeeded to handle AppendEntries. Reply: omNode-1<-omNode-3#509:OK,SUCCESS,nextIndex:485,term:1,followerCommit:483
2020-07-01 01:06:04,451 [grpc-default-executor-1] DEBUG server.GrpcLogAppender (GrpcLogAppender.java:onNext(257)) - omNode-1@group-523986131536->omNode-3-AppendLogResponseHandler: received a reply omNode-1<-omNode-3#509:OK,SUCCESS,nextIndex:485,term:1,followerCommit:483, request=AppendEntriesRequest:cid=509,entriesCount=1,lastEntry=(t:1, i:484)
2020-07-01 01:06:04,452 [grpc-default-executor-1] WARN  server.GrpcLogAppender (LogUtils.java:warn(122)) - omNode-1@group-523986131536->omNode-2-AppendLogResponseHandler: Failed appendEntries: org.apache.ratis.thirdparty.io.grpc.StatusRuntimeException: UNAVAILABLE: io exception
2020-07-01 01:06:04,452 [grpc-default-executor-1] INFO  impl.FollowerInfo (FollowerInfo.java:lambda$new$0(51)) - omNode-1@group-523986131536->omNode-2: nextIndex: updateUnconditionally 486 -> 45
2020-07-01 01:06:04,454 [grpc-default-executor-1] WARN  server.GrpcLogAppender (LogUtils.java:warn(122)) - omNode-1@group-523986131536->omNode-2-AppendLogResponseHandler: Failed appendEntries: org.apache.ratis.thirdparty.io.grpc.StatusRuntimeException: UNAVAILABLE: io exception
2020-07-01 01:06:04,454 [grpc-default-executor-1] INFO  impl.FollowerInfo (FollowerInfo.java:lambda$new$0(51)) - omNode-1@group-523986131536->omNode-2: nextIndex: updateUnconditionally 486 -> 45
2020-07-01 01:06:04,456 [grpc-default-executor-1] WARN  server.GrpcLogAppender (LogUtils.java:warn(122)) - omNode-1@group-523986131536->omNode-2-AppendLogResponseHandler: Failed appendEntries: org.apache.ratis.thirdparty.io.grpc.StatusRuntimeException: UNAVAILABLE: io exception
2020-07-01 01:06:04,457 [grpc-default-executor-1] INFO  impl.FollowerInfo (FollowerInfo.java:lambda$new$0(51)) - omNode-1@group-523986131536->omNode-2: nextIndex: updateUnconditionally 486 -> 45
2020-07-01 01:06:04,457 [grpc-default-executor-1] DEBUG server.GrpcLogAppender (GrpcLogAppender.java:onNext(257)) - 69db720a-335e-417f-9e4d-9b6daaea3d10@group-304D1CDEA4AC->40524df2-78a3-4e4e-9ceb-ad6c0599eecc-AppendLogResponseHandler: received a reply 69db720a-335e-417f-9e4d-9b6daaea3d10<-40524df2-78a3-4e4e-9ceb-ad6c0599eecc#3:OK,SUCCESS,nextIndex:1,term:1,followerCommit:0, request=AppendEntriesRequest:cid=3,entriesCount=0,lastEntry=null
2020-07-01 01:06:04,459 [grpc-default-executor-1] WARN  server.GrpcLogAppender (LogUtils.java:warn(122)) - omNode-1@group-523986131536->omNode-2-AppendLogResponseHandler: Failed appendEntries: org.apache.ratis.thirdparty.io.grpc.StatusRuntimeException: UNAVAILABLE: io exception
2020-07-01 01:06:04,459 [grpc-default-executor-1] INFO  impl.FollowerInfo (FollowerInfo.java:lambda$new$0(51)) - omNode-1@group-523986131536->omNode-2: nextIndex: updateUnconditionally 486 -> 45
2020-07-01 01:06:04,461 [grpc-default-executor-1] WARN  server.GrpcLogAppender (LogUtils.java:warn(122)) - omNode-1@group-523986131536->omNode-2-AppendLogResponseHandler: Failed appendEntries: org.apache.ratis.thirdparty.io.grpc.StatusRuntimeException: UNAVAILABLE: io exception
2020-07-01 01:06:04,461 [grpc-default-executor-1] INFO  impl.FollowerInfo (FollowerInfo.java:lambda$new$0(51)) - omNode-1@group-523986131536->omNode-2: nextIndex: updateUnconditionally 486 -> 45
2020-07-01 01:06:04,463 [grpc-default-executor-1] WARN  server.GrpcLogAppender (LogUtils.java:warn(122)) - omNode-1@group-523986131536->omNode-2-AppendLogResponseHandler: Failed appendEntries: org.apache.ratis.thirdparty.io.grpc.StatusRuntimeException: UNAVAILABLE: io exception
2020-07-01 01:06:04,463 [Thread-5305] DEBUG impl.RaftServerImpl (RaftServerImpl.java:logAppendEntries(928)) - omNode-3@group-523986131536: succeeded to handle AppendEntries. Reply: omNode-1<-omNode-3#510:OK,SUCCESS,nextIndex:486,term:1,followerCommit:483
2020-07-01 01:06:04,463 [grpc-default-executor-1] INFO  impl.FollowerInfo (FollowerInfo.java:lambda$new$0(51)) - omNode-1@group-523986131536->omNode-2: nextIndex: updateUnconditionally 486 -> 45
2020-07-01 01:06:04,463 [grpc-default-executor-1] DEBUG server.GrpcLogAppender (GrpcLogAppender.java:onNext(257)) - omNode-1@group-523986131536->omNode-3-AppendLogResponseHandler: received a reply omNode-1<-omNode-3#510:OK,SUCCESS,nextIndex:486,term:1,followerCommit:483, request=AppendEntriesRequest:cid=510,entriesCount=1,lastEntry=(t:1, i:485)
2020-07-01 01:06:04,469 [grpc-default-executor-1] DEBUG impl.RaftServerImpl (RaftServerImpl.java:logAppendEntries(928)) - omNode-3@group-523986131536: receive appendEntries(omNode-1, 1, (t:1, i:485), 485, false, commits[omNode-1:c485, omNode-3:c483, omNode-2:c43], entries: (t:1, i:486), METADATAENTRY(c:485)
2020-07-01 01:06:04,469 [grpc-default-executor-1] INFO  ratis.OzoneManagerStateMachine (OzoneManagerStateMachine.java:getLatestSnapshot(147)) - Latest Snapshot Info 1#449
2020-07-01 01:06:04,469 [grpc-default-executor-1] INFO  ratis.OzoneManagerStateMachine (OzoneManagerStateMachine.java:getLatestSnapshot(147)) - Latest Snapshot Info 1#449
2020-07-01 01:06:04,472 [Thread-5306] DEBUG impl.RaftServerImpl (RaftServerImpl.java:logAppendEntries(928)) - omNode-3@group-523986131536: succeeded to handle AppendEntries. Reply: omNode-1<-omNode-3#511:OK,SUCCESS,nextIndex:487,term:1,followerCommit:485
2020-07-01 01:06:04,473 [grpc-default-executor-1] WARN  server.GrpcLogAppender (LogUtils.java:warn(122)) - omNode-1@group-523986131536->omNode-2-AppendLogResponseHandler: Failed appendEntries: org.apache.ratis.thirdparty.io.grpc.StatusRuntimeException: UNAVAILABLE: io exception
2020-07-01 01:06:04,476 [grpc-default-executor-1] INFO  impl.FollowerInfo (FollowerInfo.java:lambda$new$0(51)) - omNode-1@group-523986131536->omNode-2: nextIndex: updateUnconditionally 487 -> 45
2020-07-01 01:06:04,477 [grpc-default-executor-1] DEBUG server.GrpcLogAppender (GrpcLogAppender.java:onNext(257)) - omNode-1@group-523986131536->omNode-3-AppendLogResponseHandler: received a reply omNode-1<-omNode-3#511:OK,SUCCESS,nextIndex:487,term:1,followerCommit:485, request=AppendEntriesRequest:cid=511,entriesCount=1,lastEntry=(t:1, i:486)
2020-07-01 01:06:04,480 [grpc-default-executor-1] WARN  server.GrpcLogAppender (LogUtils.java:warn(122)) - omNode-1@group-523986131536->omNode-2-AppendLogResponseHandler: Failed appendEntries: org.apache.ratis.thirdparty.io.grpc.StatusRuntimeException: UNAVAILABLE: io exception
2020-07-01 01:06:04,480 [grpc-default-executor-1] INFO  impl.FollowerInfo (FollowerInfo.java:lambda$new$0(51)) - omNode-1@group-523986131536->omNode-2: nextIndex: updateUnconditionally 487 -> 45
2020-07-01 01:06:04,483 [IPC Server handler 6 on default port 11860] DEBUG impl.RaftServerImpl (RaftServerImpl.java:submitClientRequestAsync(575)) - omNode-1@group-523986131536: receive client request(RaftClientRequest:client-6E5155DBE9B8->omNode-1@group-523986131536, cid=566, seq=0, RW, Message:082412001a13636c6965...(size=360))
2020-07-01 01:06:04,483 [IPC Server handler 6 on default port 11860] DEBUG impl.RaftServerImpl (LeaderState.java:addPendingRequest(335)) - omNode-1@group-523986131536-LeaderState: addPendingRequest at RaftClientRequest:client-6E5155DBE9B8->omNode-1@group-523986131536, cid=566, seq=0, RW, Message:082412001a13636c6965...(size=360), entry=(t:1, i:487), STATEMACHINELOGENTRY, client-6E5155DBE9B8, cid=566
2020-07-01 01:06:04,483 [grpc-default-executor-1] DEBUG impl.RaftServerImpl (RaftServerImpl.java:logAppendEntries(928)) - omNode-3@group-523986131536: receive appendEntries(omNode-1, 1, (t:1, i:486), 486, false, commits[omNode-1:c486, omNode-3:c485, omNode-2:c43], entries: (t:1, i:487), STATEMACHINELOGENTRY, client-6E5155DBE9B8, cid=566
2020-07-01 01:06:04,483 [grpc-default-executor-1] INFO  ratis.OzoneManagerStateMachine (OzoneManagerStateMachine.java:getLatestSnapshot(147)) - Latest Snapshot Info 1#449
2020-07-01 01:06:04,484 [grpc-default-executor-1] INFO  ratis.OzoneManagerStateMachine (OzoneManagerStateMachine.java:getLatestSnapshot(147)) - Latest Snapshot Info 1#449
2020-07-01 01:06:04,486 [grpc-default-executor-1] WARN  server.GrpcLogAppender (LogUtils.java:warn(122)) - omNode-1@group-523986131536->omNode-2-AppendLogResponseHandler: Failed appendEntries: org.apache.ratis.thirdparty.io.grpc.StatusRuntimeException: UNAVAILABLE: io exception
2020-07-01 01:06:04,487 [grpc-default-executor-1] INFO  impl.FollowerInfo (FollowerInfo.java:lambda$new$0(51)) - omNode-1@group-523986131536->omNode-2: nextIndex: updateUnconditionally 487 -> 45
2020-07-01 01:06:04,490 [grpc-default-executor-1] WARN  server.GrpcLogAppender (LogUtils.java:warn(122)) - omNode-1@group-523986131536->omNode-2-AppendLogResponseHandler: Failed appendEntries: org.apache.ratis.thirdparty.io.grpc.StatusRuntimeException: UNAVAILABLE: io exception
2020-07-01 01:06:04,490 [grpc-default-executor-1] INFO  impl.FollowerInfo (FollowerInfo.java:lambda$new$0(51)) - omNode-1@group-523986131536->omNode-2: nextIndex: updateUnconditionally 488 -> 45
2020-07-01 01:06:04,493 [Thread-5307] DEBUG impl.RaftServerImpl (RaftServerImpl.java:logAppendEntries(928)) - omNode-3@group-523986131536: succeeded to handle AppendEntries. Reply: omNode-1<-omNode-3#512:OK,SUCCESS,nextIndex:488,term:1,followerCommit:486
2020-07-01 01:06:04,493 [grpc-default-executor-1] DEBUG server.GrpcLogAppender (GrpcLogAppender.java:onNext(257)) - omNode-1@group-523986131536->omNode-3-AppendLogResponseHandler: received a reply omNode-1<-omNode-3#512:OK,SUCCESS,nextIndex:488,term:1,followerCommit:486, request=AppendEntriesRequest:cid=512,entriesCount=1,lastEntry=(t:1, i:487)
2020-07-01 01:06:04,494 [grpc-default-executor-1] DEBUG impl.RaftServerImpl (RaftServerImpl.java:logAppendEntries(928)) - omNode-3@group-523986131536: receive appendEntries(omNode-1, 1, (t:1, i:487), 487, false, commits[omNode-1:c487, omNode-3:c486, omNode-2:c43], entries: (t:1, i:488), METADATAENTRY(c:487)
2020-07-01 01:06:04,494 [grpc-default-executor-1] INFO  ratis.OzoneManagerStateMachine (OzoneManagerStateMachine.java:getLatestSnapshot(147)) - Latest Snapshot Info 1#449
2020-07-01 01:06:04,495 [grpc-default-executor-1] INFO  ratis.OzoneManagerStateMachine (OzoneManagerStateMachine.java:getLatestSnapshot(147)) - Latest Snapshot Info 1#449
2020-07-01 01:06:04,501 [grpc-default-executor-1] WARN  server.GrpcLogAppender (LogUtils.java:warn(122)) - omNode-1@group-523986131536->omNode-2-AppendLogResponseHandler: Failed appendEntries: org.apache.ratis.thirdparty.io.grpc.StatusRuntimeException: UNAVAILABLE: io exception
2020-07-01 01:06:04,501 [grpc-default-executor-1] INFO  impl.FollowerInfo (FollowerInfo.java:lambda$new$0(51)) - omNode-1@group-523986131536->omNode-2: nextIndex: updateUnconditionally 488 -> 45
2020-07-01 01:06:04,503 [Thread-5308] DEBUG impl.RaftServerImpl (RaftServerImpl.java:logAppendEntries(928)) - omNode-3@group-523986131536: succeeded to handle AppendEntries. Reply: omNode-1<-omNode-3#513:OK,SUCCESS,nextIndex:489,term:1,followerCommit:487
2020-07-01 01:06:04,504 [IPC Server handler 7 on default port 11860] DEBUG impl.RaftServerImpl (RaftServerImpl.java:submitClientRequestAsync(575)) - omNode-1@group-523986131536: receive client request(RaftClientRequest:client-6E5155DBE9B8->omNode-1@group-523986131536, cid=567, seq=0, RW, Message:081f12001a13636c6965...(size=409))
2020-07-01 01:06:04,504 [IPC Server handler 7 on default port 11860] DEBUG impl.RaftServerImpl (LeaderState.java:addPendingRequest(335)) - omNode-1@group-523986131536-LeaderState: addPendingRequest at RaftClientRequest:client-6E5155DBE9B8->omNode-1@group-523986131536, cid=567, seq=0, RW, Message:081f12001a13636c6965...(size=409), entry=(t:1, i:489), STATEMACHINELOGENTRY, client-6E5155DBE9B8, cid=567
2020-07-01 01:06:04,504 [grpc-default-executor-1] DEBUG server.GrpcLogAppender (GrpcLogAppender.java:onNext(257)) - omNode-1@group-523986131536->omNode-3-AppendLogResponseHandler: received a reply omNode-1<-omNode-3#513:OK,SUCCESS,nextIndex:489,term:1,followerCommit:487, request=AppendEntriesRequest:cid=513,entriesCount=1,lastEntry=(t:1, i:488)
2020-07-01 01:06:04,505 [grpc-default-executor-1] DEBUG impl.RaftServerImpl (RaftServerImpl.java:logAppendEntries(928)) - omNode-3@group-523986131536: receive appendEntries(omNode-1, 1, (t:1, i:488), 487, false, commits[omNode-1:c487, omNode-3:c486, omNode-2:c43], entries: (t:1, i:489), STATEMACHINELOGENTRY, client-6E5155DBE9B8, cid=567
2020-07-01 01:06:04,505 [grpc-default-executor-1] INFO  ratis.OzoneManagerStateMachine (OzoneManagerStateMachine.java:getLatestSnapshot(147)) - Latest Snapshot Info 1#449
2020-07-01 01:06:04,505 [grpc-default-executor-1] INFO  ratis.OzoneManagerStateMachine (OzoneManagerStateMachine.java:getLatestSnapshot(147)) - Latest Snapshot Info 1#449
2020-07-01 01:06:04,506 [grpc-default-executor-1] WARN  server.GrpcLogAppender (LogUtils.java:warn(122)) - omNode-1@group-523986131536->omNode-2-AppendLogResponseHandler: Failed appendEntries: org.apache.ratis.thirdparty.io.grpc.StatusRuntimeException: UNAVAILABLE: io exception
2020-07-01 01:06:04,506 [grpc-default-executor-1] INFO  impl.FollowerInfo (FollowerInfo.java:lambda$new$0(51)) - omNode-1@group-523986131536->omNode-2: nextIndex: updateUnconditionally 489 -> 45
2020-07-01 01:06:04,510 [grpc-default-executor-1] WARN  server.GrpcLogAppender (LogUtils.java:warn(122)) - omNode-1@group-523986131536->omNode-2-AppendLogResponseHandler: Failed appendEntries: org.apache.ratis.thirdparty.io.grpc.StatusRuntimeException: UNAVAILABLE: io exception
2020-07-01 01:06:04,510 [grpc-default-executor-1] INFO  impl.FollowerInfo (FollowerInfo.java:lambda$new$0(51)) - omNode-1@group-523986131536->omNode-2: nextIndex: updateUnconditionally 490 -> 45
2020-07-01 01:06:04,513 [Thread-5309] DEBUG impl.RaftServerImpl (RaftServerImpl.java:logAppendEntries(928)) - omNode-3@group-523986131536: succeeded to handle AppendEntries. Reply: omNode-1<-omNode-3#514:OK,SUCCESS,nextIndex:490,term:1,followerCommit:487
2020-07-01 01:06:04,513 [grpc-default-executor-1] DEBUG server.GrpcLogAppender (GrpcLogAppender.java:onNext(257)) - omNode-1@group-523986131536->omNode-3-AppendLogResponseHandler: received a reply omNode-1<-omNode-3#514:OK,SUCCESS,nextIndex:490,term:1,followerCommit:487, request=AppendEntriesRequest:cid=514,entriesCount=1,lastEntry=(t:1, i:489)
2020-07-01 01:06:04,514 [grpc-default-executor-1] DEBUG impl.RaftServerImpl (RaftServerImpl.java:logAppendEntries(928)) - omNode-3@group-523986131536: receive appendEntries(omNode-1, 1, (t:1, i:489), 489, false, commits[omNode-1:c489, omNode-3:c487, omNode-2:c43], entries: (t:1, i:490), METADATAENTRY(c:489)
2020-07-01 01:06:04,514 [grpc-default-executor-1] INFO  ratis.OzoneManagerStateMachine (OzoneManagerStateMachine.java:getLatestSnapshot(147)) - Latest Snapshot Info 1#449
2020-07-01 01:06:04,514 [grpc-default-executor-1] INFO  ratis.OzoneManagerStateMachine (OzoneManagerStateMachine.java:getLatestSnapshot(147)) - Latest Snapshot Info 1#449
2020-07-01 01:06:04,515 [grpc-default-executor-1] WARN  server.GrpcLogAppender (LogUtils.java:warn(122)) - omNode-1@group-523986131536->omNode-2-AppendLogResponseHandler: Failed appendEntries: org.apache.ratis.thirdparty.io.grpc.StatusRuntimeException: UNAVAILABLE: io exception
2020-07-01 01:06:04,515 [grpc-default-executor-1] INFO  impl.FollowerInfo (FollowerInfo.java:lambda$new$0(51)) - omNode-1@group-523986131536->omNode-2: nextIndex: updateUnconditionally 490 -> 45
2020-07-01 01:06:04,520 [grpc-default-executor-1] WARN  server.GrpcLogAppender (LogUtils.java:warn(122)) - omNode-1@group-523986131536->omNode-2-AppendLogResponseHandler: Failed appendEntries: org.apache.ratis.thirdparty.io.grpc.StatusRuntimeException: UNAVAILABLE: io exception
2020-07-01 01:06:04,520 [grpc-default-executor-1] INFO  impl.FollowerInfo (FollowerInfo.java:lambda$new$0(51)) - omNode-1@group-523986131536->omNode-2: nextIndex: updateUnconditionally 491 -> 45
2020-07-01 01:06:04,523 [Thread-5310] DEBUG impl.RaftServerImpl (RaftServerImpl.java:logAppendEntries(928)) - omNode-3@group-523986131536: succeeded to handle AppendEntries. Reply: omNode-1<-omNode-3#515:OK,SUCCESS,nextIndex:491,term:1,followerCommit:489
2020-07-01 01:06:04,524 [grpc-default-executor-1] DEBUG server.GrpcLogAppender (GrpcLogAppender.java:onNext(257)) - omNode-1@group-523986131536->omNode-3-AppendLogResponseHandler: received a reply omNode-1<-omNode-3#515:OK,SUCCESS,nextIndex:491,term:1,followerCommit:489, request=AppendEntriesRequest:cid=515,entriesCount=1,lastEntry=(t:1, i:490)
2020-07-01 01:06:04,526 [grpc-default-executor-1] WARN  server.GrpcLogAppender (LogUtils.java:warn(122)) - omNode-1@group-523986131536->omNode-2-AppendLogResponseHandler: Failed appendEntries: org.apache.ratis.thirdparty.io.grpc.StatusRuntimeException: UNAVAILABLE: io exception
2020-07-01 01:06:04,526 [grpc-default-executor-1] INFO  impl.FollowerInfo (FollowerInfo.java:lambda$new$0(51)) - omNode-1@group-523986131536->omNode-2: nextIndex: updateUnconditionally 491 -> 45
2020-07-01 01:06:04,529 [grpc-default-executor-1] WARN  server.GrpcLogAppender (LogUtils.java:warn(122)) - omNode-1@group-523986131536->omNode-2-AppendLogResponseHandler: Failed appendEntries: org.apache.ratis.thirdparty.io.grpc.StatusRuntimeException: UNAVAILABLE: io exception
2020-07-01 01:06:04,529 [grpc-default-executor-1] INFO  impl.FollowerInfo (FollowerInfo.java:lambda$new$0(51)) - omNode-1@group-523986131536->omNode-2: nextIndex: updateUnconditionally 491 -> 45
2020-07-01 01:06:04,531 [grpc-default-executor-1] WARN  server.GrpcLogAppender (LogUtils.java:warn(122)) - omNode-1@group-523986131536->omNode-2-AppendLogResponseHandler: Failed appendEntries: org.apache.ratis.thirdparty.io.grpc.StatusRuntimeException: UNAVAILABLE: io exception
2020-07-01 01:06:04,531 [grpc-default-executor-1] INFO  impl.FollowerInfo (FollowerInfo.java:lambda$new$0(51)) - omNode-1@group-523986131536->omNode-2: nextIndex: updateUnconditionally 491 -> 45
2020-07-01 01:06:04,535 [IPC Server handler 8 on default port 11860] DEBUG impl.RaftServerImpl (RaftServerImpl.java:submitClientRequestAsync(575)) - omNode-1@group-523986131536: receive client request(RaftClientRequest:client-6E5155DBE9B8->omNode-1@group-523986131536, cid=568, seq=0, RW, Message:082412001a13636c6965...(size=360))
2020-07-01 01:06:04,535 [IPC Server handler 8 on default port 11860] DEBUG impl.RaftServerImpl (LeaderState.java:addPendingRequest(335)) - omNode-1@group-523986131536-LeaderState: addPendingRequest at RaftClientRequest:client-6E5155DBE9B8->omNode-1@group-523986131536, cid=568, seq=0, RW, Message:082412001a13636c6965...(size=360), entry=(t:1, i:491), STATEMACHINELOGENTRY, client-6E5155DBE9B8, cid=568
2020-07-01 01:06:04,535 [grpc-default-executor-7] DEBUG impl.RaftServerImpl (RaftServerImpl.java:logAppendEntries(928)) - omNode-3@group-523986131536: receive appendEntries(omNode-1, 1, (t:1, i:490), 490, false, commits[omNode-1:c490, omNode-3:c489, omNode-2:c43], entries: (t:1, i:491), STATEMACHINELOGENTRY, client-6E5155DBE9B8, cid=568
2020-07-01 01:06:04,536 [grpc-default-executor-7] INFO  ratis.OzoneManagerStateMachine (OzoneManagerStateMachine.java:getLatestSnapshot(147)) - Latest Snapshot Info 1#449
2020-07-01 01:06:04,536 [grpc-default-executor-7] INFO  ratis.OzoneManagerStateMachine (OzoneManagerStateMachine.java:getLatestSnapshot(147)) - Latest Snapshot Info 1#449
2020-07-01 01:06:04,540 [grpc-default-executor-1] WARN  server.GrpcLogAppender (LogUtils.java:warn(122)) - omNode-1@group-523986131536->omNode-2-AppendLogResponseHandler: Failed appendEntries: org.apache.ratis.thirdparty.io.grpc.StatusRuntimeException: UNAVAILABLE: io exception
2020-07-01 01:06:04,540 [grpc-default-executor-1] INFO  impl.FollowerInfo (FollowerInfo.java:lambda$new$0(51)) - omNode-1@group-523986131536->omNode-2: nextIndex: updateUnconditionally 491 -> 45
2020-07-01 01:06:04,545 [grpc-default-executor-1] WARN  server.GrpcLogAppender (LogUtils.java:warn(122)) - omNode-1@group-523986131536->omNode-2-AppendLogResponseHandler: Failed appendEntries: org.apache.ratis.thirdparty.io.grpc.StatusRuntimeException: UNAVAILABLE: io exception
2020-07-01 01:06:04,545 [grpc-default-executor-1] INFO  impl.FollowerInfo (FollowerInfo.java:lambda$new$0(51)) - omNode-1@group-523986131536->omNode-2: nextIndex: updateUnconditionally 492 -> 45
2020-07-01 01:06:04,549 [Thread-5311] DEBUG impl.RaftServerImpl (RaftServerImpl.java:logAppendEntries(928)) - omNode-3@group-523986131536: succeeded to handle AppendEntries. Reply: omNode-1<-omNode-3#516:OK,SUCCESS,nextIndex:492,term:1,followerCommit:490
2020-07-01 01:06:04,549 [grpc-default-executor-1] WARN  server.GrpcLogAppender (LogUtils.java:warn(122)) - omNode-1@group-523986131536->omNode-2-AppendLogResponseHandler: Failed appendEntries: org.apache.ratis.thirdparty.io.grpc.StatusRuntimeException: UNAVAILABLE: io exception
2020-07-01 01:06:04,549 [grpc-default-executor-7] DEBUG server.GrpcLogAppender (GrpcLogAppender.java:onNext(257)) - omNode-1@group-523986131536->omNode-3-AppendLogResponseHandler: received a reply omNode-1<-omNode-3#516:OK,SUCCESS,nextIndex:492,term:1,followerCommit:490, request=AppendEntriesRequest:cid=516,entriesCount=1,lastEntry=(t:1, i:491)
2020-07-01 01:06:04,549 [grpc-default-executor-1] INFO  impl.FollowerInfo (FollowerInfo.java:lambda$new$0(51)) - omNode-1@group-523986131536->omNode-2: nextIndex: updateUnconditionally 492 -> 45
2020-07-01 01:06:04,551 [grpc-default-executor-1] DEBUG impl.RaftServerImpl (RaftServerImpl.java:logAppendEntries(928)) - omNode-3@group-523986131536: receive appendEntries(omNode-1, 1, (t:1, i:491), 491, false, commits[omNode-1:c491, omNode-3:c490, omNode-2:c43], entries: (t:1, i:492), METADATAENTRY(c:491)
2020-07-01 01:06:04,551 [grpc-default-executor-1] INFO  ratis.OzoneManagerStateMachine (OzoneManagerStateMachine.java:getLatestSnapshot(147)) - Latest Snapshot Info 1#449
2020-07-01 01:06:04,551 [grpc-default-executor-1] INFO  ratis.OzoneManagerStateMachine (OzoneManagerStateMachine.java:getLatestSnapshot(147)) - Latest Snapshot Info 1#449
2020-07-01 01:06:04,552 [IPC Server handler 10 on default port 11860] DEBUG impl.RaftServerImpl (RaftServerImpl.java:submitClientRequestAsync(575)) - omNode-1@group-523986131536: receive client request(RaftClientRequest:client-6E5155DBE9B8->omNode-1@group-523986131536, cid=569, seq=0, RW, Message:081f12001a13636c6965...(size=409))
2020-07-01 01:06:04,552 [IPC Server handler 10 on default port 11860] DEBUG impl.RaftServerImpl (LeaderState.java:addPendingRequest(335)) - omNode-1@group-523986131536-LeaderState: addPendingRequest at RaftClientRequest:client-6E5155DBE9B8->omNode-1@group-523986131536, cid=569, seq=0, RW, Message:081f12001a13636c6965...(size=409), entry=(t:1, i:493), STATEMACHINELOGENTRY, client-6E5155DBE9B8, cid=569
2020-07-01 01:06:04,553 [grpc-default-executor-1] DEBUG impl.RaftServerImpl (RaftServerImpl.java:logAppendEntries(928)) - omNode-3@group-523986131536: receive appendEntries(omNode-1, 1, (t:1, i:492), 491, false, commits[omNode-1:c491, omNode-3:c490, omNode-2:c43], entries: (t:1, i:493), STATEMACHINELOGENTRY, client-6E5155DBE9B8, cid=569
2020-07-01 01:06:04,553 [grpc-default-executor-1] INFO  ratis.OzoneManagerStateMachine (OzoneManagerStateMachine.java:getLatestSnapshot(147)) - Latest Snapshot Info 1#449
2020-07-01 01:06:04,553 [grpc-default-executor-1] INFO  ratis.OzoneManagerStateMachine (OzoneManagerStateMachine.java:getLatestSnapshot(147)) - Latest Snapshot Info 1#449
2020-07-01 01:06:04,556 [grpc-default-executor-1] WARN  server.GrpcLogAppender (LogUtils.java:warn(122)) - omNode-1@group-523986131536->omNode-2-AppendLogResponseHandler: Failed appendEntries: org.apache.ratis.thirdparty.io.grpc.StatusRuntimeException: UNAVAILABLE: io exception
2020-07-01 01:06:04,556 [grpc-default-executor-1] INFO  impl.FollowerInfo (FollowerInfo.java:lambda$new$0(51)) - omNode-1@group-523986131536->omNode-2: nextIndex: updateUnconditionally 493 -> 45
2020-07-01 01:06:04,557 [Thread-5312] DEBUG impl.RaftServerImpl (RaftServerImpl.java:logAppendEntries(928)) - omNode-3@group-523986131536: succeeded to handle AppendEntries. Reply: omNode-1<-omNode-3#517:OK,SUCCESS,nextIndex:493,term:1,followerCommit:491
2020-07-01 01:06:04,557 [grpc-default-executor-1] DEBUG server.GrpcLogAppender (GrpcLogAppender.java:onNext(257)) - omNode-1@group-523986131536->omNode-3-AppendLogResponseHandler: received a reply omNode-1<-omNode-3#517:OK,SUCCESS,nextIndex:493,term:1,followerCommit:491, request=AppendEntriesRequest:cid=517,entriesCount=1,lastEntry=(t:1, i:492)
2020-07-01 01:06:04,559 [grpc-default-executor-1] WARN  server.GrpcLogAppender (LogUtils.java:warn(122)) - omNode-1@group-523986131536->omNode-2-AppendLogResponseHandler: Failed appendEntries: org.apache.ratis.thirdparty.io.grpc.StatusRuntimeException: UNAVAILABLE: io exception
2020-07-01 01:06:04,559 [grpc-default-executor-1] INFO  impl.FollowerInfo (FollowerInfo.java:lambda$new$0(51)) - omNode-1@group-523986131536->omNode-2: nextIndex: updateUnconditionally 494 -> 45
2020-07-01 01:06:04,561 [grpc-default-executor-1] WARN  server.GrpcLogAppender (LogUtils.java:warn(122)) - omNode-1@group-523986131536->omNode-2-AppendLogResponseHandler: Failed appendEntries: org.apache.ratis.thirdparty.io.grpc.StatusRuntimeException: UNAVAILABLE: io exception
2020-07-01 01:06:04,561 [grpc-default-executor-1] INFO  impl.FollowerInfo (FollowerInfo.java:lambda$new$0(51)) - omNode-1@group-523986131536->omNode-2: nextIndex: updateUnconditionally 494 -> 45
2020-07-01 01:06:04,563 [Thread-5313] DEBUG impl.RaftServerImpl (RaftServerImpl.java:logAppendEntries(928)) - omNode-3@group-523986131536: succeeded to handle AppendEntries. Reply: omNode-1<-omNode-3#518:OK,SUCCESS,nextIndex:494,term:1,followerCommit:491
2020-07-01 01:06:04,563 [grpc-default-executor-1] DEBUG server.GrpcLogAppender (GrpcLogAppender.java:onNext(257)) - omNode-1@group-523986131536->omNode-3-AppendLogResponseHandler: received a reply omNode-1<-omNode-3#518:OK,SUCCESS,nextIndex:494,term:1,followerCommit:491, request=AppendEntriesRequest:cid=518,entriesCount=1,lastEntry=(t:1, i:493)
2020-07-01 01:06:04,564 [grpc-default-executor-1] DEBUG impl.RaftServerImpl (RaftServerImpl.java:logAppendEntries(928)) - omNode-3@group-523986131536: receive appendEntries(omNode-1, 1, (t:1, i:493), 493, false, commits[omNode-1:c493, omNode-3:c491, omNode-2:c43], entries: (t:1, i:494), METADATAENTRY(c:493)
2020-07-01 01:06:04,564 [grpc-default-executor-1] INFO  ratis.OzoneManagerStateMachine (OzoneManagerStateMachine.java:getLatestSnapshot(147)) - Latest Snapshot Info 1#449
2020-07-01 01:06:04,564 [grpc-default-executor-1] INFO  ratis.OzoneManagerStateMachine (OzoneManagerStateMachine.java:getLatestSnapshot(147)) - Latest Snapshot Info 1#449
2020-07-01 01:06:04,565 [grpc-default-executor-1] WARN  server.GrpcLogAppender (LogUtils.java:warn(122)) - omNode-1@group-523986131536->omNode-2-AppendLogResponseHandler: Failed appendEntries: org.apache.ratis.thirdparty.io.grpc.StatusRuntimeException: UNAVAILABLE: io exception
2020-07-01 01:06:04,565 [grpc-default-executor-1] INFO  impl.FollowerInfo (FollowerInfo.java:lambda$new$0(51)) - omNode-1@group-523986131536->omNode-2: nextIndex: updateUnconditionally 494 -> 45
2020-07-01 01:06:04,568 [grpc-default-executor-1] WARN  server.GrpcLogAppender (LogUtils.java:warn(122)) - omNode-1@group-523986131536->omNode-2-AppendLogResponseHandler: Failed appendEntries: org.apache.ratis.thirdparty.io.grpc.StatusRuntimeException: UNAVAILABLE: io exception
2020-07-01 01:06:04,568 [grpc-default-executor-1] INFO  impl.FollowerInfo (FollowerInfo.java:lambda$new$0(51)) - omNode-1@group-523986131536->omNode-2: nextIndex: updateUnconditionally 495 -> 45
2020-07-01 01:06:04,572 [Thread-5314] DEBUG impl.RaftServerImpl (RaftServerImpl.java:logAppendEntries(928)) - omNode-3@group-523986131536: succeeded to handle AppendEntries. Reply: omNode-1<-omNode-3#519:OK,SUCCESS,nextIndex:495,term:1,followerCommit:493
2020-07-01 01:06:04,572 [grpc-default-executor-1] WARN  server.GrpcLogAppender (LogUtils.java:warn(122)) - omNode-1@group-523986131536->omNode-2-AppendLogResponseHandler: Failed appendEntries: org.apache.ratis.thirdparty.io.grpc.StatusRuntimeException: UNAVAILABLE: io exception
2020-07-01 01:06:04,572 [grpc-default-executor-1] INFO  impl.FollowerInfo (FollowerInfo.java:lambda$new$0(51)) - omNode-1@group-523986131536->omNode-2: nextIndex: updateUnconditionally 495 -> 45
2020-07-01 01:06:04,573 [grpc-default-executor-1] DEBUG server.GrpcLogAppender (GrpcLogAppender.java:onNext(257)) - omNode-1@group-523986131536->omNode-3-AppendLogResponseHandler: received a reply omNode-1<-omNode-3#519:OK,SUCCESS,nextIndex:495,term:1,followerCommit:493, request=AppendEntriesRequest:cid=519,entriesCount=1,lastEntry=(t:1, i:494)
2020-07-01 01:06:04,575 [grpc-default-executor-1] WARN  server.GrpcLogAppender (LogUtils.java:warn(122)) - omNode-1@group-523986131536->omNode-2-AppendLogResponseHandler: Failed appendEntries: org.apache.ratis.thirdparty.io.grpc.StatusRuntimeException: UNAVAILABLE: io exception
2020-07-01 01:06:04,575 [grpc-default-executor-1] INFO  impl.FollowerInfo (FollowerInfo.java:lambda$new$0(51)) - omNode-1@group-523986131536->omNode-2: nextIndex: updateUnconditionally 495 -> 45
2020-07-01 01:06:04,578 [IPC Server handler 9 on default port 11860] DEBUG impl.RaftServerImpl (RaftServerImpl.java:submitClientRequestAsync(575)) - omNode-1@group-523986131536: receive client request(RaftClientRequest:client-6E5155DBE9B8->omNode-1@group-523986131536, cid=570, seq=0, RW, Message:082412001a13636c6965...(size=360))
2020-07-01 01:06:04,578 [IPC Server handler 9 on default port 11860] DEBUG impl.RaftServerImpl (LeaderState.java:addPendingRequest(335)) - omNode-1@group-523986131536-LeaderState: addPendingRequest at RaftClientRequest:client-6E5155DBE9B8->omNode-1@group-523986131536, cid=570, seq=0, RW, Message:082412001a13636c6965...(size=360), entry=(t:1, i:495), STATEMACHINELOGENTRY, client-6E5155DBE9B8, cid=570
2020-07-01 01:06:04,578 [grpc-default-executor-7] DEBUG impl.RaftServerImpl (RaftServerImpl.java:logAppendEntries(928)) - omNode-3@group-523986131536: receive appendEntries(omNode-1, 1, (t:1, i:494), 494, false, commits[omNode-1:c494, omNode-3:c493, omNode-2:c43], entries: (t:1, i:495), STATEMACHINELOGENTRY, client-6E5155DBE9B8, cid=570
2020-07-01 01:06:04,579 [grpc-default-executor-7] INFO  ratis.OzoneManagerStateMachine (OzoneManagerStateMachine.java:getLatestSnapshot(147)) - Latest Snapshot Info 1#449
2020-07-01 01:06:04,579 [grpc-default-executor-7] INFO  ratis.OzoneManagerStateMachine (OzoneManagerStateMachine.java:getLatestSnapshot(147)) - Latest Snapshot Info 1#449
2020-07-01 01:06:04,579 [grpc-default-executor-7] WARN  server.GrpcLogAppender (LogUtils.java:warn(122)) - omNode-1@group-523986131536->omNode-2-AppendLogResponseHandler: Failed appendEntries: org.apache.ratis.thirdparty.io.grpc.StatusRuntimeException: UNAVAILABLE: io exception
2020-07-01 01:06:04,579 [grpc-default-executor-7] INFO  impl.FollowerInfo (FollowerInfo.java:lambda$new$0(51)) - omNode-1@group-523986131536->omNode-2: nextIndex: updateUnconditionally 495 -> 45
2020-07-01 01:06:04,579 [Thread-5315] DEBUG impl.RaftServerImpl (RaftServerImpl.java:logAppendEntries(928)) - omNode-3@group-523986131536: succeeded to handle AppendEntries. Reply: omNode-1<-omNode-3#520:OK,SUCCESS,nextIndex:496,term:1,followerCommit:494
2020-07-01 01:06:04,580 [grpc-default-executor-7] DEBUG server.GrpcLogAppender (GrpcLogAppender.java:onNext(257)) - omNode-1@group-523986131536->omNode-3-AppendLogResponseHandler: received a reply omNode-1<-omNode-3#520:OK,SUCCESS,nextIndex:496,term:1,followerCommit:494, request=AppendEntriesRequest:cid=520,entriesCount=1,lastEntry=(t:1, i:495)
2020-07-01 01:06:04,581 [grpc-default-executor-7] DEBUG impl.RaftServerImpl (RaftServerImpl.java:logAppendEntries(928)) - omNode-3@group-523986131536: receive appendEntries(omNode-1, 1, (t:1, i:495), 495, false, commits[omNode-1:c495, omNode-3:c494, omNode-2:c43], entries: (t:1, i:496), METADATAENTRY(c:495)
2020-07-01 01:06:04,581 [grpc-default-executor-7] INFO  ratis.OzoneManagerStateMachine (OzoneManagerStateMachine.java:getLatestSnapshot(147)) - Latest Snapshot Info 1#449
2020-07-01 01:06:04,581 [grpc-default-executor-7] INFO  ratis.OzoneManagerStateMachine (OzoneManagerStateMachine.java:getLatestSnapshot(147)) - Latest Snapshot Info 1#449
2020-07-01 01:06:04,582 [IPC Server handler 17 on default port 11860] DEBUG impl.RaftServerImpl (RaftServerImpl.java:submitClientRequestAsync(575)) - omNode-1@group-523986131536: receive client request(RaftClientRequest:client-6E5155DBE9B8->omNode-1@group-523986131536, cid=571, seq=0, RW, Message:081f12001a13636c6965...(size=409))
2020-07-01 01:06:04,583 [IPC Server handler 17 on default port 11860] DEBUG impl.RaftServerImpl (LeaderState.java:addPendingRequest(335)) - omNode-1@group-523986131536-LeaderState: addPendingRequest at RaftClientRequest:client-6E5155DBE9B8->omNode-1@group-523986131536, cid=571, seq=0, RW, Message:081f12001a13636c6965...(size=409), entry=(t:1, i:497), STATEMACHINELOGENTRY, client-6E5155DBE9B8, cid=571
2020-07-01 01:06:04,583 [grpc-default-executor-7] DEBUG impl.RaftServerImpl (RaftServerImpl.java:logAppendEntries(928)) - omNode-3@group-523986131536: receive appendEntries(omNode-1, 1, (t:1, i:496), 495, false, commits[omNode-1:c495, omNode-3:c494, omNode-2:c43], entries: (t:1, i:497), STATEMACHINELOGENTRY, client-6E5155DBE9B8, cid=571
2020-07-01 01:06:04,583 [grpc-default-executor-7] INFO  ratis.OzoneManagerStateMachine (OzoneManagerStateMachine.java:getLatestSnapshot(147)) - Latest Snapshot Info 1#449
2020-07-01 01:06:04,583 [grpc-default-executor-7] INFO  ratis.OzoneManagerStateMachine (OzoneManagerStateMachine.java:getLatestSnapshot(147)) - Latest Snapshot Info 1#449
2020-07-01 01:06:04,585 [grpc-default-executor-1] WARN  server.GrpcLogAppender (LogUtils.java:warn(122)) - omNode-1@group-523986131536->omNode-2-AppendLogResponseHandler: Failed appendEntries: org.apache.ratis.thirdparty.io.grpc.StatusRuntimeException: UNAVAILABLE: io exception
2020-07-01 01:06:04,585 [grpc-default-executor-1] INFO  impl.FollowerInfo (FollowerInfo.java:lambda$new$0(51)) - omNode-1@group-523986131536->omNode-2: nextIndex: updateUnconditionally 497 -> 45
2020-07-01 01:06:04,586 [Thread-5316] DEBUG impl.RaftServerImpl (RaftServerImpl.java:logAppendEntries(928)) - omNode-3@group-523986131536: succeeded to handle AppendEntries. Reply: omNode-1<-omNode-3#521:OK,SUCCESS,nextIndex:497,term:1,followerCommit:495
2020-07-01 01:06:04,586 [grpc-default-executor-1] DEBUG server.GrpcLogAppender (GrpcLogAppender.java:onNext(257)) - omNode-1@group-523986131536->omNode-3-AppendLogResponseHandler: received a reply omNode-1<-omNode-3#521:OK,SUCCESS,nextIndex:497,term:1,followerCommit:495, request=AppendEntriesRequest:cid=521,entriesCount=1,lastEntry=(t:1, i:496)
2020-07-01 01:06:04,588 [grpc-default-executor-1] WARN  server.GrpcLogAppender (LogUtils.java:warn(122)) - omNode-1@group-523986131536->omNode-2-AppendLogResponseHandler: Failed appendEntries: org.apache.ratis.thirdparty.io.grpc.StatusRuntimeException: UNAVAILABLE: io exception
2020-07-01 01:06:04,588 [grpc-default-executor-1] INFO  impl.FollowerInfo (FollowerInfo.java:lambda$new$0(51)) - omNode-1@group-523986131536->omNode-2: nextIndex: updateUnconditionally 498 -> 45
2020-07-01 01:06:04,590 [grpc-default-executor-1] WARN  server.GrpcLogAppender (LogUtils.java:warn(122)) - omNode-1@group-523986131536->omNode-2-AppendLogResponseHandler: Failed appendEntries: org.apache.ratis.thirdparty.io.grpc.StatusRuntimeException: UNAVAILABLE: io exception
2020-07-01 01:06:04,590 [grpc-default-executor-1] INFO  impl.FollowerInfo (FollowerInfo.java:lambda$new$0(51)) - omNode-1@group-523986131536->omNode-2: nextIndex: updateUnconditionally 498 -> 45
2020-07-01 01:06:04,592 [grpc-default-executor-1] WARN  server.GrpcLogAppender (LogUtils.java:warn(122)) - omNode-1@group-523986131536->omNode-2-AppendLogResponseHandler: Failed appendEntries: org.apache.ratis.thirdparty.io.grpc.StatusRuntimeException: UNAVAILABLE: io exception
2020-07-01 01:06:04,592 [grpc-default-executor-1] INFO  impl.FollowerInfo (FollowerInfo.java:lambda$new$0(51)) - omNode-1@group-523986131536->omNode-2: nextIndex: updateUnconditionally 498 -> 45
2020-07-01 01:06:04,593 [Thread-5317] DEBUG impl.RaftServerImpl (RaftServerImpl.java:logAppendEntries(928)) - omNode-3@group-523986131536: succeeded to handle AppendEntries. Reply: omNode-1<-omNode-3#522:OK,SUCCESS,nextIndex:498,term:1,followerCommit:495
2020-07-01 01:06:04,593 [grpc-default-executor-1] DEBUG server.GrpcLogAppender (GrpcLogAppender.java:onNext(257)) - omNode-1@group-523986131536->omNode-3-AppendLogResponseHandler: received a reply omNode-1<-omNode-3#522:OK,SUCCESS,nextIndex:498,term:1,followerCommit:495, request=AppendEntriesRequest:cid=522,entriesCount=1,lastEntry=(t:1, i:497)
2020-07-01 01:06:04,594 [grpc-default-executor-1] DEBUG impl.RaftServerImpl (RaftServerImpl.java:logAppendEntries(928)) - omNode-3@group-523986131536: receive appendEntries(omNode-1, 1, (t:1, i:497), 497, false, commits[omNode-1:c497, omNode-3:c495, omNode-2:c43], entries: (t:1, i:498), METADATAENTRY(c:497)
2020-07-01 01:06:04,594 [grpc-default-executor-1] INFO  ratis.OzoneManagerStateMachine (OzoneManagerStateMachine.java:getLatestSnapshot(147)) - Latest Snapshot Info 1#449
2020-07-01 01:06:04,594 [grpc-default-executor-1] INFO  ratis.OzoneManagerStateMachine (OzoneManagerStateMachine.java:getLatestSnapshot(147)) - Latest Snapshot Info 1#449
2020-07-01 01:06:04,596 [grpc-default-executor-1] WARN  server.GrpcLogAppender (LogUtils.java:warn(122)) - omNode-1@group-523986131536->omNode-2-AppendLogResponseHandler: Failed appendEntries: org.apache.ratis.thirdparty.io.grpc.StatusRuntimeException: UNAVAILABLE: io exception
2020-07-01 01:06:04,596 [grpc-default-executor-1] INFO  impl.FollowerInfo (FollowerInfo.java:lambda$new$0(51)) - omNode-1@group-523986131536->omNode-2: nextIndex: updateUnconditionally 498 -> 45
2020-07-01 01:06:04,601 [grpc-default-executor-1] WARN  server.GrpcLogAppender (LogUtils.java:warn(122)) - omNode-1@group-523986131536->omNode-2-AppendLogResponseHandler: Failed appendEntries: org.apache.ratis.thirdparty.io.grpc.StatusRuntimeException: UNAVAILABLE: io exception
2020-07-01 01:06:04,601 [grpc-default-executor-1] INFO  impl.FollowerInfo (FollowerInfo.java:lambda$new$0(51)) - omNode-1@group-523986131536->omNode-2: nextIndex: updateUnconditionally 499 -> 45
2020-07-01 01:06:04,603 [Thread-5318] DEBUG impl.RaftServerImpl (RaftServerImpl.java:logAppendEntries(928)) - omNode-3@group-523986131536: succeeded to handle AppendEntries. Reply: omNode-1<-omNode-3#523:OK,SUCCESS,nextIndex:499,term:1,followerCommit:497
2020-07-01 01:06:04,605 [grpc-default-executor-1] DEBUG server.GrpcLogAppender (GrpcLogAppender.java:onNext(257)) - omNode-1@group-523986131536->omNode-3-AppendLogResponseHandler: received a reply omNode-1<-omNode-3#523:OK,SUCCESS,nextIndex:499,term:1,followerCommit:497, request=AppendEntriesRequest:cid=523,entriesCount=1,lastEntry=(t:1, i:498)
2020-07-01 01:06:04,605 [omNode-1@group-523986131536-StateMachineUpdater] INFO  ratis.OzoneManagerStateMachine (OzoneManagerStateMachine.java:takeSnapshot(355)) - Current Snapshot Index (t:1, i:498)
2020-07-01 01:06:04,605 [omNode-1@group-523986131536-StateMachineUpdater] INFO  impl.StateMachineUpdater (StateMachineUpdater.java:takeSnapshot(277)) - omNode-1@group-523986131536-StateMachineUpdater: Took a snapshot at index 498
2020-07-01 01:06:04,605 [omNode-1@group-523986131536-StateMachineUpdater] INFO  impl.StateMachineUpdater (StateMachineUpdater.java:lambda$new$0(87)) - omNode-1@group-523986131536-StateMachineUpdater: snapshotIndex: updateIncreasingly 448 -> 498
2020-07-01 01:06:04,608 [grpc-default-executor-1] WARN  server.GrpcLogAppender (LogUtils.java:warn(122)) - omNode-1@group-523986131536->omNode-2-AppendLogResponseHandler: Failed appendEntries: org.apache.ratis.thirdparty.io.grpc.StatusRuntimeException: UNAVAILABLE: io exception
2020-07-01 01:06:04,608 [grpc-default-executor-1] INFO  impl.FollowerInfo (FollowerInfo.java:lambda$new$0(51)) - omNode-1@group-523986131536->omNode-2: nextIndex: updateUnconditionally 499 -> 45
2020-07-01 01:06:04,611 [grpc-default-executor-1] WARN  server.GrpcLogAppender (LogUtils.java:warn(122)) - omNode-1@group-523986131536->omNode-2-AppendLogResponseHandler: Failed appendEntries: org.apache.ratis.thirdparty.io.grpc.StatusRuntimeException: UNAVAILABLE: io exception
2020-07-01 01:06:04,611 [grpc-default-executor-1] INFO  impl.FollowerInfo (FollowerInfo.java:lambda$new$0(51)) - omNode-1@group-523986131536->omNode-2: nextIndex: updateUnconditionally 499 -> 45
2020-07-01 01:06:04,614 [IPC Server handler 11 on default port 11860] DEBUG impl.RaftServerImpl (RaftServerImpl.java:submitClientRequestAsync(575)) - omNode-1@group-523986131536: receive client request(RaftClientRequest:client-6E5155DBE9B8->omNode-1@group-523986131536, cid=572, seq=0, RW, Message:082412001a13636c6965...(size=360))
2020-07-01 01:06:04,615 [IPC Server handler 11 on default port 11860] DEBUG impl.RaftServerImpl (LeaderState.java:addPendingRequest(335)) - omNode-1@group-523986131536-LeaderState: addPendingRequest at RaftClientRequest:client-6E5155DBE9B8->omNode-1@group-523986131536, cid=572, seq=0, RW, Message:082412001a13636c6965...(size=360), entry=(t:1, i:499), STATEMACHINELOGENTRY, client-6E5155DBE9B8, cid=572
2020-07-01 01:06:04,617 [grpc-default-executor-1] DEBUG impl.RaftServerImpl (RaftServerImpl.java:logAppendEntries(928)) - omNode-3@group-523986131536: receive appendEntries(omNode-1, 1, (t:1, i:498), 498, false, commits[omNode-1:c498, omNode-3:c497, omNode-2:c43], entries: (t:1, i:499), STATEMACHINELOGENTRY, client-6E5155DBE9B8, cid=572
2020-07-01 01:06:04,617 [grpc-default-executor-1] INFO  ratis.OzoneManagerStateMachine (OzoneManagerStateMachine.java:getLatestSnapshot(147)) - Latest Snapshot Info 1#449
2020-07-01 01:06:04,617 [grpc-default-executor-1] INFO  ratis.OzoneManagerStateMachine (OzoneManagerStateMachine.java:getLatestSnapshot(147)) - Latest Snapshot Info 1#449
2020-07-01 01:06:04,617 [grpc-default-executor-1] WARN  server.GrpcLogAppender (LogUtils.java:warn(122)) - omNode-1@group-523986131536->omNode-2-AppendLogResponseHandler: Failed appendEntries: org.apache.ratis.thirdparty.io.grpc.StatusRuntimeException: UNAVAILABLE: io exception
2020-07-01 01:06:04,617 [grpc-default-executor-1] INFO  impl.FollowerInfo (FollowerInfo.java:lambda$new$0(51)) - omNode-1@group-523986131536->omNode-2: nextIndex: updateUnconditionally 499 -> 45
2020-07-01 01:06:04,619 [grpc-default-executor-1] WARN  server.GrpcLogAppender (LogUtils.java:warn(122)) - omNode-1@group-523986131536->omNode-2-AppendLogResponseHandler: Failed appendEntries: org.apache.ratis.thirdparty.io.grpc.StatusRuntimeException: UNAVAILABLE: io exception
2020-07-01 01:06:04,620 [grpc-default-executor-1] INFO  impl.FollowerInfo (FollowerInfo.java:lambda$new$0(51)) - omNode-1@group-523986131536->omNode-2: nextIndex: updateUnconditionally 500 -> 45
2020-07-01 01:06:04,622 [grpc-default-executor-1] WARN  server.GrpcLogAppender (LogUtils.java:warn(122)) - omNode-1@group-523986131536->omNode-2-AppendLogResponseHandler: Failed appendEntries: org.apache.ratis.thirdparty.io.grpc.StatusRuntimeException: UNAVAILABLE: io exception
2020-07-01 01:06:04,622 [grpc-default-executor-1] INFO  impl.FollowerInfo (FollowerInfo.java:lambda$new$0(51)) - omNode-1@group-523986131536->omNode-2: nextIndex: updateUnconditionally 500 -> 45
2020-07-01 01:06:04,624 [grpc-default-executor-1] WARN  server.GrpcLogAppender (LogUtils.java:warn(122)) - omNode-1@group-523986131536->omNode-2-AppendLogResponseHandler: Failed appendEntries: org.apache.ratis.thirdparty.io.grpc.StatusRuntimeException: UNAVAILABLE: io exception
2020-07-01 01:06:04,624 [grpc-default-executor-1] INFO  impl.FollowerInfo (FollowerInfo.java:lambda$new$0(51)) - omNode-1@group-523986131536->omNode-2: nextIndex: updateUnconditionally 500 -> 45
2020-07-01 01:06:04,626 [Thread-5319] DEBUG impl.RaftServerImpl (RaftServerImpl.java:logAppendEntries(928)) - omNode-3@group-523986131536: succeeded to handle AppendEntries. Reply: omNode-1<-omNode-3#524:OK,SUCCESS,nextIndex:500,term:1,followerCommit:498
2020-07-01 01:06:04,626 [grpc-default-executor-7] DEBUG server.GrpcLogAppender (GrpcLogAppender.java:onNext(257)) - omNode-1@group-523986131536->omNode-3-AppendLogResponseHandler: received a reply omNode-1<-omNode-3#524:OK,SUCCESS,nextIndex:500,term:1,followerCommit:498, request=AppendEntriesRequest:cid=524,entriesCount=1,lastEntry=(t:1, i:499)
2020-07-01 01:06:04,626 [grpc-default-executor-7] DEBUG impl.RaftServerImpl (RaftServerImpl.java:logAppendEntries(928)) - omNode-3@group-523986131536: receive appendEntries(omNode-1, 1, (t:1, i:499), 499, false, commits[omNode-1:c499, omNode-3:c498, omNode-2:c43], entries: (t:1, i:500), METADATAENTRY(c:499)
2020-07-01 01:06:04,627 [grpc-default-executor-7] INFO  ratis.OzoneManagerStateMachine (OzoneManagerStateMachine.java:getLatestSnapshot(147)) - Latest Snapshot Info 1#449
2020-07-01 01:06:04,627 [grpc-default-executor-7] INFO  ratis.OzoneManagerStateMachine (OzoneManagerStateMachine.java:getLatestSnapshot(147)) - Latest Snapshot Info 1#449
2020-07-01 01:06:04,629 [grpc-default-executor-1] WARN  server.GrpcLogAppender (LogUtils.java:warn(122)) - omNode-1@group-523986131536->omNode-2-AppendLogResponseHandler: Failed appendEntries: org.apache.ratis.thirdparty.io.grpc.StatusRuntimeException: UNAVAILABLE: io exception
2020-07-01 01:06:04,629 [grpc-default-executor-1] INFO  impl.FollowerInfo (FollowerInfo.java:lambda$new$0(51)) - omNode-1@group-523986131536->omNode-2: nextIndex: updateUnconditionally 500 -> 45
2020-07-01 01:06:04,632 [IPC Server handler 13 on default port 11860] DEBUG impl.RaftServerImpl (RaftServerImpl.java:submitClientRequestAsync(575)) - omNode-1@group-523986131536: receive client request(RaftClientRequest:client-6E5155DBE9B8->omNode-1@group-523986131536, cid=573, seq=0, RW, Message:081f12001a13636c6965...(size=409))
2020-07-01 01:06:04,632 [IPC Server handler 13 on default port 11860] DEBUG impl.RaftServerImpl (LeaderState.java:addPendingRequest(335)) - omNode-1@group-523986131536-LeaderState: addPendingRequest at RaftClientRequest:client-6E5155DBE9B8->omNode-1@group-523986131536, cid=573, seq=0, RW, Message:081f12001a13636c6965...(size=409), entry=(t:1, i:501), STATEMACHINELOGENTRY, client-6E5155DBE9B8, cid=573
2020-07-01 01:06:04,633 [grpc-default-executor-1] DEBUG impl.RaftServerImpl (RaftServerImpl.java:logAppendEntries(928)) - omNode-3@group-523986131536: receive appendEntries(omNode-1, 1, (t:1, i:500), 499, false, commits[omNode-1:c499, omNode-3:c498, omNode-2:c43], entries: (t:1, i:501), STATEMACHINELOGENTRY, client-6E5155DBE9B8, cid=573
2020-07-01 01:06:04,640 [grpc-default-executor-1] INFO  ratis.OzoneManagerStateMachine (OzoneManagerStateMachine.java:getLatestSnapshot(147)) - Latest Snapshot Info 1#449
2020-07-01 01:06:04,640 [grpc-default-executor-1] INFO  ratis.OzoneManagerStateMachine (OzoneManagerStateMachine.java:getLatestSnapshot(147)) - Latest Snapshot Info 1#449
2020-07-01 01:06:04,640 [omNode-3@group-523986131536-StateMachineUpdater] INFO  ratis.OzoneManagerStateMachine (OzoneManagerStateMachine.java:takeSnapshot(355)) - Current Snapshot Index (t:1, i:499)
2020-07-01 01:06:04,640 [omNode-3@group-523986131536-StateMachineUpdater] INFO  impl.StateMachineUpdater (StateMachineUpdater.java:takeSnapshot(277)) - omNode-3@group-523986131536-StateMachineUpdater: Took a snapshot at index 499
2020-07-01 01:06:04,640 [omNode-3@group-523986131536-StateMachineUpdater] INFO  impl.StateMachineUpdater (StateMachineUpdater.java:lambda$new$0(87)) - omNode-3@group-523986131536-StateMachineUpdater: snapshotIndex: updateIncreasingly 449 -> 499
2020-07-01 01:06:04,641 [Thread-5320] DEBUG impl.RaftServerImpl (RaftServerImpl.java:logAppendEntries(928)) - omNode-3@group-523986131536: succeeded to handle AppendEntries. Reply: omNode-1<-omNode-3#525:OK,SUCCESS,nextIndex:501,term:1,followerCommit:499
2020-07-01 01:06:04,641 [grpc-default-executor-7] WARN  server.GrpcLogAppender (LogUtils.java:warn(122)) - omNode-1@group-523986131536->omNode-2-AppendLogResponseHandler: Failed appendEntries: org.apache.ratis.thirdparty.io.grpc.StatusRuntimeException: UNAVAILABLE: io exception
2020-07-01 01:06:04,641 [grpc-default-executor-7] INFO  impl.FollowerInfo (FollowerInfo.java:lambda$new$0(51)) - omNode-1@group-523986131536->omNode-2: nextIndex: updateUnconditionally 502 -> 45
2020-07-01 01:06:04,641 [grpc-default-executor-7] DEBUG server.GrpcLogAppender (GrpcLogAppender.java:onNext(257)) - omNode-1@group-523986131536->omNode-3-AppendLogResponseHandler: received a reply omNode-1<-omNode-3#525:OK,SUCCESS,nextIndex:501,term:1,followerCommit:499, request=AppendEntriesRequest:cid=525,entriesCount=1,lastEntry=(t:1, i:500)
2020-07-01 01:06:04,645 [Thread-5321] DEBUG impl.RaftServerImpl (RaftServerImpl.java:logAppendEntries(928)) - omNode-3@group-523986131536: succeeded to handle AppendEntries. Reply: omNode-1<-omNode-3#526:OK,SUCCESS,nextIndex:502,term:1,followerCommit:499
2020-07-01 01:06:04,646 [grpc-default-executor-7] DEBUG server.GrpcLogAppender (GrpcLogAppender.java:onNext(257)) - omNode-1@group-523986131536->omNode-3-AppendLogResponseHandler: received a reply omNode-1<-omNode-3#526:OK,SUCCESS,nextIndex:502,term:1,followerCommit:499, request=AppendEntriesRequest:cid=526,entriesCount=1,lastEntry=(t:1, i:501)
2020-07-01 01:06:04,646 [grpc-default-executor-7] WARN  server.GrpcLogAppender (LogUtils.java:warn(122)) - omNode-1@group-523986131536->omNode-2-AppendLogResponseHandler: Failed appendEntries: org.apache.ratis.thirdparty.io.grpc.StatusRuntimeException: UNAVAILABLE: io exception
2020-07-01 01:06:04,646 [grpc-default-executor-7] INFO  impl.FollowerInfo (FollowerInfo.java:lambda$new$0(51)) - omNode-1@group-523986131536->omNode-2: nextIndex: updateUnconditionally 502 -> 45
2020-07-01 01:06:04,647 [grpc-nio-worker-ELG-3-2] WARN  nio.NioEventLoop (NioEventLoop.java:unexpectedSelectorWakeup(554)) - Selector.select() returned prematurely 512 times in a row; rebuilding Selector org.apache.ratis.thirdparty.io.netty.channel.nio.SelectedSelectionKeySetSelector@42148df6.
2020-07-01 01:06:04,647 [grpc-nio-worker-ELG-3-2] INFO  nio.NioEventLoop (NioEventLoop.java:rebuildSelector0(430)) - Migrated 3 channel(s) to the new Selector.
2020-07-01 01:06:04,649 [grpc-default-executor-7] DEBUG impl.RaftServerImpl (RaftServerImpl.java:logAppendEntries(928)) - omNode-3@group-523986131536: receive appendEntries(omNode-1, 1, (t:1, i:501), 501, false, commits[omNode-1:c501, omNode-3:c499, omNode-2:c43], entries: (t:1, i:502), METADATAENTRY(c:501)
2020-07-01 01:06:04,649 [grpc-default-executor-7] INFO  ratis.OzoneManagerStateMachine (OzoneManagerStateMachine.java:getLatestSnapshot(147)) - Latest Snapshot Info 1#499
2020-07-01 01:06:04,649 [grpc-default-executor-7] INFO  ratis.OzoneManagerStateMachine (OzoneManagerStateMachine.java:getLatestSnapshot(147)) - Latest Snapshot Info 1#499
2020-07-01 01:06:04,651 [grpc-default-executor-7] WARN  server.GrpcLogAppender (LogUtils.java:warn(122)) - omNode-1@group-523986131536->omNode-2-AppendLogResponseHandler: Failed appendEntries: org.apache.ratis.thirdparty.io.grpc.StatusRuntimeException: UNAVAILABLE: io exception
2020-07-01 01:06:04,651 [grpc-default-executor-7] INFO  impl.FollowerInfo (FollowerInfo.java:lambda$new$0(51)) - omNode-1@group-523986131536->omNode-2: nextIndex: updateUnconditionally 503 -> 45
2020-07-01 01:06:04,658 [Thread-5322] DEBUG impl.RaftServerImpl (RaftServerImpl.java:logAppendEntries(928)) - omNode-3@group-523986131536: succeeded to handle AppendEntries. Reply: omNode-1<-omNode-3#527:OK,SUCCESS,nextIndex:503,term:1,followerCommit:501
2020-07-01 01:06:04,658 [grpc-default-executor-7] DEBUG server.GrpcLogAppender (GrpcLogAppender.java:onNext(257)) - omNode-1@group-523986131536->omNode-3-AppendLogResponseHandler: received a reply omNode-1<-omNode-3#527:OK,SUCCESS,nextIndex:503,term:1,followerCommit:501, request=AppendEntriesRequest:cid=527,entriesCount=1,lastEntry=(t:1, i:502)
2020-07-01 01:06:04,661 [grpc-default-executor-1] WARN  server.GrpcLogAppender (LogUtils.java:warn(122)) - omNode-1@group-523986131536->omNode-2-AppendLogResponseHandler: Failed appendEntries: org.apache.ratis.thirdparty.io.grpc.StatusRuntimeException: UNAVAILABLE: io exception
2020-07-01 01:06:04,661 [grpc-default-executor-1] INFO  impl.FollowerInfo (FollowerInfo.java:lambda$new$0(51)) - omNode-1@group-523986131536->omNode-2: nextIndex: updateUnconditionally 503 -> 45
2020-07-01 01:06:04,663 [IPC Server handler 18 on default port 11860] DEBUG impl.RaftServerImpl (RaftServerImpl.java:submitClientRequestAsync(575)) - omNode-1@group-523986131536: receive client request(RaftClientRequest:client-6E5155DBE9B8->omNode-1@group-523986131536, cid=574, seq=0, RW, Message:082412001a13636c6965...(size=360))
2020-07-01 01:06:04,663 [IPC Server handler 18 on default port 11860] DEBUG impl.RaftServerImpl (LeaderState.java:addPendingRequest(335)) - omNode-1@group-523986131536-LeaderState: addPendingRequest at RaftClientRequest:client-6E5155DBE9B8->omNode-1@group-523986131536, cid=574, seq=0, RW, Message:082412001a13636c6965...(size=360), entry=(t:1, i:503), STATEMACHINELOGENTRY, client-6E5155DBE9B8, cid=574
2020-07-01 01:06:04,665 [grpc-default-executor-1] DEBUG impl.RaftServerImpl (RaftServerImpl.java:logAppendEntries(928)) - omNode-3@group-523986131536: receive appendEntries(omNode-1, 1, (t:1, i:502), 502, false, commits[omNode-1:c502, omNode-3:c501, omNode-2:c43], entries: (t:1, i:503), STATEMACHINELOGENTRY, client-6E5155DBE9B8, cid=574
2020-07-01 01:06:04,665 [grpc-default-executor-1] INFO  ratis.OzoneManagerStateMachine (OzoneManagerStateMachine.java:getLatestSnapshot(147)) - Latest Snapshot Info 1#499
2020-07-01 01:06:04,665 [grpc-default-executor-1] INFO  ratis.OzoneManagerStateMachine (OzoneManagerStateMachine.java:getLatestSnapshot(147)) - Latest Snapshot Info 1#499
2020-07-01 01:06:04,666 [grpc-default-executor-1] WARN  server.GrpcLogAppender (LogUtils.java:warn(122)) - omNode-1@group-523986131536->omNode-2-AppendLogResponseHandler: Failed appendEntries: org.apache.ratis.thirdparty.io.grpc.StatusRuntimeException: UNAVAILABLE: io exception
2020-07-01 01:06:04,666 [grpc-default-executor-1] INFO  impl.FollowerInfo (FollowerInfo.java:lambda$new$0(51)) - omNode-1@group-523986131536->omNode-2: nextIndex: updateUnconditionally 504 -> 45
2020-07-01 01:06:04,666 [Thread-5323] DEBUG impl.RaftServerImpl (RaftServerImpl.java:logAppendEntries(928)) - omNode-3@group-523986131536: succeeded to handle AppendEntries. Reply: omNode-1<-omNode-3#528:OK,SUCCESS,nextIndex:504,term:1,followerCommit:502
2020-07-01 01:06:04,667 [grpc-default-executor-1] DEBUG server.GrpcLogAppender (GrpcLogAppender.java:onNext(257)) - omNode-1@group-523986131536->omNode-3-AppendLogResponseHandler: received a reply omNode-1<-omNode-3#528:OK,SUCCESS,nextIndex:504,term:1,followerCommit:502, request=AppendEntriesRequest:cid=528,entriesCount=1,lastEntry=(t:1, i:503)
2020-07-01 01:06:04,668 [grpc-default-executor-1] DEBUG impl.RaftServerImpl (RaftServerImpl.java:logAppendEntries(928)) - omNode-3@group-523986131536: receive appendEntries(omNode-1, 1, (t:1, i:503), 503, false, commits[omNode-1:c503, omNode-3:c502, omNode-2:c43], entries: (t:1, i:504), METADATAENTRY(c:503)
2020-07-01 01:06:04,669 [grpc-default-executor-1] INFO  ratis.OzoneManagerStateMachine (OzoneManagerStateMachine.java:getLatestSnapshot(147)) - Latest Snapshot Info 1#499
2020-07-01 01:06:04,669 [grpc-default-executor-1] INFO  ratis.OzoneManagerStateMachine (OzoneManagerStateMachine.java:getLatestSnapshot(147)) - Latest Snapshot Info 1#499
2020-07-01 01:06:04,670 [grpc-default-executor-1] WARN  server.GrpcLogAppender (LogUtils.java:warn(122)) - omNode-1@group-523986131536->omNode-2-AppendLogResponseHandler: Failed appendEntries: org.apache.ratis.thirdparty.io.grpc.StatusRuntimeException: UNAVAILABLE: io exception
2020-07-01 01:06:04,670 [grpc-default-executor-1] INFO  impl.FollowerInfo (FollowerInfo.java:lambda$new$0(51)) - omNode-1@group-523986131536->omNode-2: nextIndex: updateUnconditionally 505 -> 45
2020-07-01 01:06:04,670 [IPC Server handler 15 on default port 11860] DEBUG impl.RaftServerImpl (RaftServerImpl.java:submitClientRequestAsync(575)) - omNode-1@group-523986131536: receive client request(RaftClientRequest:client-6E5155DBE9B8->omNode-1@group-523986131536, cid=575, seq=0, RW, Message:081f12001a13636c6965...(size=409))
2020-07-01 01:06:04,670 [IPC Server handler 15 on default port 11860] DEBUG impl.RaftServerImpl (LeaderState.java:addPendingRequest(335)) - omNode-1@group-523986131536-LeaderState: addPendingRequest at RaftClientRequest:client-6E5155DBE9B8->omNode-1@group-523986131536, cid=575, seq=0, RW, Message:081f12001a13636c6965...(size=409), entry=(t:1, i:505), STATEMACHINELOGENTRY, client-6E5155DBE9B8, cid=575
2020-07-01 01:06:04,671 [grpc-default-executor-1] DEBUG impl.RaftServerImpl (RaftServerImpl.java:logAppendEntries(928)) - omNode-3@group-523986131536: receive appendEntries(omNode-1, 1, (t:1, i:504), 503, false, commits[omNode-1:c503, omNode-3:c502, omNode-2:c43], entries: (t:1, i:505), STATEMACHINELOGENTRY, client-6E5155DBE9B8, cid=575
2020-07-01 01:06:04,671 [grpc-default-executor-1] INFO  ratis.OzoneManagerStateMachine (OzoneManagerStateMachine.java:getLatestSnapshot(147)) - Latest Snapshot Info 1#499
2020-07-01 01:06:04,671 [grpc-default-executor-1] INFO  ratis.OzoneManagerStateMachine (OzoneManagerStateMachine.java:getLatestSnapshot(147)) - Latest Snapshot Info 1#499
2020-07-01 01:06:04,673 [grpc-default-executor-7] WARN  server.GrpcLogAppender (LogUtils.java:warn(122)) - omNode-1@group-523986131536->omNode-2-AppendLogResponseHandler: Failed appendEntries: org.apache.ratis.thirdparty.io.grpc.StatusRuntimeException: UNAVAILABLE: io exception
2020-07-01 01:06:04,673 [grpc-default-executor-7] INFO  impl.FollowerInfo (FollowerInfo.java:lambda$new$0(51)) - omNode-1@group-523986131536->omNode-2: nextIndex: updateUnconditionally 506 -> 45
2020-07-01 01:06:04,673 [Thread-5324] DEBUG impl.RaftServerImpl (RaftServerImpl.java:logAppendEntries(928)) - omNode-3@group-523986131536: succeeded to handle AppendEntries. Reply: omNode-1<-omNode-3#529:OK,SUCCESS,nextIndex:505,term:1,followerCommit:503
2020-07-01 01:06:04,673 [Thread-5325] DEBUG impl.RaftServerImpl (RaftServerImpl.java:logAppendEntries(928)) - omNode-3@group-523986131536: succeeded to handle AppendEntries. Reply: omNode-1<-omNode-3#530:OK,SUCCESS,nextIndex:506,term:1,followerCommit:503
2020-07-01 01:06:04,673 [grpc-default-executor-7] DEBUG server.GrpcLogAppender (GrpcLogAppender.java:onNext(257)) - omNode-1@group-523986131536->omNode-3-AppendLogResponseHandler: received a reply omNode-1<-omNode-3#529:OK,SUCCESS,nextIndex:505,term:1,followerCommit:503, request=AppendEntriesRequest:cid=529,entriesCount=1,lastEntry=(t:1, i:504)
2020-07-01 01:06:04,675 [grpc-default-executor-7] DEBUG server.GrpcLogAppender (GrpcLogAppender.java:onNext(257)) - omNode-1@group-523986131536->omNode-3-AppendLogResponseHandler: received a reply omNode-1<-omNode-3#530:OK,SUCCESS,nextIndex:506,term:1,followerCommit:503, request=AppendEntriesRequest:cid=530,entriesCount=1,lastEntry=(t:1, i:505)
2020-07-01 01:06:04,676 [grpc-default-executor-1] WARN  server.GrpcLogAppender (LogUtils.java:warn(122)) - omNode-1@group-523986131536->omNode-2-AppendLogResponseHandler: Failed appendEntries: org.apache.ratis.thirdparty.io.grpc.StatusRuntimeException: UNAVAILABLE: io exception
2020-07-01 01:06:04,676 [grpc-default-executor-1] INFO  impl.FollowerInfo (FollowerInfo.java:lambda$new$0(51)) - omNode-1@group-523986131536->omNode-2: nextIndex: updateUnconditionally 506 -> 45
2020-07-01 01:06:04,678 [grpc-default-executor-1] DEBUG impl.RaftServerImpl (RaftServerImpl.java:logAppendEntries(928)) - omNode-3@group-523986131536: receive appendEntries(omNode-1, 1, (t:1, i:505), 505, false, commits[omNode-1:c505, omNode-3:c503, omNode-2:c43], entries: (t:1, i:506), METADATAENTRY(c:505)
2020-07-01 01:06:04,678 [grpc-default-executor-1] INFO  ratis.OzoneManagerStateMachine (OzoneManagerStateMachine.java:getLatestSnapshot(147)) - Latest Snapshot Info 1#499
2020-07-01 01:06:04,678 [grpc-default-executor-1] INFO  ratis.OzoneManagerStateMachine (OzoneManagerStateMachine.java:getLatestSnapshot(147)) - Latest Snapshot Info 1#499
2020-07-01 01:06:04,679 [grpc-default-executor-1] WARN  server.GrpcLogAppender (LogUtils.java:warn(122)) - omNode-1@group-523986131536->omNode-2-AppendLogResponseHandler: Failed appendEntries: org.apache.ratis.thirdparty.io.grpc.StatusRuntimeException: UNAVAILABLE: io exception
2020-07-01 01:06:04,679 [grpc-default-executor-1] INFO  impl.FollowerInfo (FollowerInfo.java:lambda$new$0(51)) - omNode-1@group-523986131536->omNode-2: nextIndex: updateUnconditionally 507 -> 45
2020-07-01 01:06:04,680 [Thread-5326] DEBUG impl.RaftServerImpl (RaftServerImpl.java:logAppendEntries(928)) - omNode-3@group-523986131536: succeeded to handle AppendEntries. Reply: omNode-1<-omNode-3#531:OK,SUCCESS,nextIndex:507,term:1,followerCommit:505
2020-07-01 01:06:04,680 [grpc-default-executor-6] DEBUG server.GrpcLogAppender (GrpcLogAppender.java:onNext(257)) - omNode-1@group-523986131536->omNode-3-AppendLogResponseHandler: received a reply omNode-1<-omNode-3#531:OK,SUCCESS,nextIndex:507,term:1,followerCommit:505, request=AppendEntriesRequest:cid=531,entriesCount=1,lastEntry=(t:1, i:506)
2020-07-01 01:06:04,682 [grpc-default-executor-1] WARN  server.GrpcLogAppender (LogUtils.java:warn(122)) - omNode-1@group-523986131536->omNode-2-AppendLogResponseHandler: Failed appendEntries: org.apache.ratis.thirdparty.io.grpc.StatusRuntimeException: UNAVAILABLE: io exception
2020-07-01 01:06:04,682 [grpc-default-executor-1] INFO  impl.FollowerInfo (FollowerInfo.java:lambda$new$0(51)) - omNode-1@group-523986131536->omNode-2: nextIndex: updateUnconditionally 507 -> 45
2020-07-01 01:06:04,687 [IPC Server handler 14 on default port 11860] DEBUG impl.RaftServerImpl (RaftServerImpl.java:submitClientRequestAsync(575)) - omNode-1@group-523986131536: receive client request(RaftClientRequest:client-6E5155DBE9B8->omNode-1@group-523986131536, cid=576, seq=0, RW, Message:082412001a13636c6965...(size=360))
2020-07-01 01:06:04,687 [IPC Server handler 14 on default port 11860] DEBUG impl.RaftServerImpl (LeaderState.java:addPendingRequest(335)) - omNode-1@group-523986131536-LeaderState: addPendingRequest at RaftClientRequest:client-6E5155DBE9B8->omNode-1@group-523986131536, cid=576, seq=0, RW, Message:082412001a13636c6965...(size=360), entry=(t:1, i:507), STATEMACHINELOGENTRY, client-6E5155DBE9B8, cid=576
2020-07-01 01:06:04,688 [grpc-default-executor-1] DEBUG impl.RaftServerImpl (RaftServerImpl.java:logAppendEntries(928)) - omNode-3@group-523986131536: receive appendEntries(omNode-1, 1, (t:1, i:506), 506, false, commits[omNode-1:c506, omNode-3:c505, omNode-2:c43], entries: (t:1, i:507), STATEMACHINELOGENTRY, client-6E5155DBE9B8, cid=576
2020-07-01 01:06:04,688 [grpc-default-executor-1] INFO  ratis.OzoneManagerStateMachine (OzoneManagerStateMachine.java:getLatestSnapshot(147)) - Latest Snapshot Info 1#499
2020-07-01 01:06:04,688 [grpc-default-executor-1] INFO  ratis.OzoneManagerStateMachine (OzoneManagerStateMachine.java:getLatestSnapshot(147)) - Latest Snapshot Info 1#499
2020-07-01 01:06:04,690 [grpc-default-executor-1] WARN  server.GrpcLogAppender (LogUtils.java:warn(122)) - omNode-1@group-523986131536->omNode-2-AppendLogResponseHandler: Failed appendEntries: org.apache.ratis.thirdparty.io.grpc.StatusRuntimeException: UNAVAILABLE: io exception
2020-07-01 01:06:04,691 [grpc-default-executor-1] INFO  impl.FollowerInfo (FollowerInfo.java:lambda$new$0(51)) - omNode-1@group-523986131536->omNode-2: nextIndex: updateUnconditionally 508 -> 45
2020-07-01 01:06:04,693 [grpc-default-executor-1] WARN  server.GrpcLogAppender (LogUtils.java:warn(122)) - omNode-1@group-523986131536->omNode-2-AppendLogResponseHandler: Failed appendEntries: org.apache.ratis.thirdparty.io.grpc.StatusRuntimeException: UNAVAILABLE: io exception
2020-07-01 01:06:04,693 [grpc-default-executor-1] INFO  impl.FollowerInfo (FollowerInfo.java:lambda$new$0(51)) - omNode-1@group-523986131536->omNode-2: nextIndex: updateUnconditionally 508 -> 45
2020-07-01 01:06:04,695 [grpc-default-executor-1] WARN  server.GrpcLogAppender (LogUtils.java:warn(122)) - omNode-1@group-523986131536->omNode-2-AppendLogResponseHandler: Failed appendEntries: org.apache.ratis.thirdparty.io.grpc.StatusRuntimeException: UNAVAILABLE: io exception
2020-07-01 01:06:04,695 [grpc-default-executor-1] INFO  impl.FollowerInfo (FollowerInfo.java:lambda$new$0(51)) - omNode-1@group-523986131536->omNode-2: nextIndex: updateUnconditionally 508 -> 45
2020-07-01 01:06:04,697 [Thread-5327] DEBUG impl.RaftServerImpl (RaftServerImpl.java:logAppendEntries(928)) - omNode-3@group-523986131536: succeeded to handle AppendEntries. Reply: omNode-1<-omNode-3#532:OK,SUCCESS,nextIndex:508,term:1,followerCommit:506
2020-07-01 01:06:04,697 [grpc-default-executor-1] DEBUG server.GrpcLogAppender (GrpcLogAppender.java:onNext(257)) - omNode-1@group-523986131536->omNode-3-AppendLogResponseHandler: received a reply omNode-1<-omNode-3#532:OK,SUCCESS,nextIndex:508,term:1,followerCommit:506, request=AppendEntriesRequest:cid=532,entriesCount=1,lastEntry=(t:1, i:507)
2020-07-01 01:06:04,698 [grpc-default-executor-1] DEBUG impl.RaftServerImpl (RaftServerImpl.java:logAppendEntries(928)) - omNode-3@group-523986131536: receive appendEntries(omNode-1, 1, (t:1, i:507), 507, false, commits[omNode-1:c507, omNode-3:c506, omNode-2:c43], entries: (t:1, i:508), METADATAENTRY(c:507)
2020-07-01 01:06:04,698 [grpc-default-executor-1] INFO  ratis.OzoneManagerStateMachine (OzoneManagerStateMachine.java:getLatestSnapshot(147)) - Latest Snapshot Info 1#499
2020-07-01 01:06:04,698 [grpc-default-executor-1] INFO  ratis.OzoneManagerStateMachine (OzoneManagerStateMachine.java:getLatestSnapshot(147)) - Latest Snapshot Info 1#499
2020-07-01 01:06:04,698 [grpc-default-executor-1] WARN  server.GrpcLogAppender (LogUtils.java:warn(122)) - omNode-1@group-523986131536->omNode-2-AppendLogResponseHandler: Failed appendEntries: org.apache.ratis.thirdparty.io.grpc.StatusRuntimeException: UNAVAILABLE: io exception
2020-07-01 01:06:04,699 [grpc-default-executor-1] INFO  impl.FollowerInfo (FollowerInfo.java:lambda$new$0(51)) - omNode-1@group-523986131536->omNode-2: nextIndex: updateUnconditionally 508 -> 45
2020-07-01 01:06:04,700 [IPC Server handler 16 on default port 11860] DEBUG impl.RaftServerImpl (RaftServerImpl.java:submitClientRequestAsync(575)) - omNode-1@group-523986131536: receive client request(RaftClientRequest:client-6E5155DBE9B8->omNode-1@group-523986131536, cid=577, seq=0, RW, Message:081f12001a13636c6965...(size=409))
2020-07-01 01:06:04,701 [IPC Server handler 16 on default port 11860] DEBUG impl.RaftServerImpl (LeaderState.java:addPendingRequest(335)) - omNode-1@group-523986131536-LeaderState: addPendingRequest at RaftClientRequest:client-6E5155DBE9B8->omNode-1@group-523986131536, cid=577, seq=0, RW, Message:081f12001a13636c6965...(size=409), entry=(t:1, i:509), STATEMACHINELOGENTRY, client-6E5155DBE9B8, cid=577
2020-07-01 01:06:04,701 [grpc-default-executor-1] DEBUG impl.RaftServerImpl (RaftServerImpl.java:logAppendEntries(928)) - omNode-3@group-523986131536: receive appendEntries(omNode-1, 1, (t:1, i:508), 507, false, commits[omNode-1:c507, omNode-3:c506, omNode-2:c43], entries: (t:1, i:509), STATEMACHINELOGENTRY, client-6E5155DBE9B8, cid=577
2020-07-01 01:06:04,702 [grpc-default-executor-1] INFO  ratis.OzoneManagerStateMachine (OzoneManagerStateMachine.java:getLatestSnapshot(147)) - Latest Snapshot Info 1#499
2020-07-01 01:06:04,702 [grpc-default-executor-1] INFO  ratis.OzoneManagerStateMachine (OzoneManagerStateMachine.java:getLatestSnapshot(147)) - Latest Snapshot Info 1#499
2020-07-01 01:06:04,704 [grpc-default-executor-1] WARN  server.GrpcLogAppender (LogUtils.java:warn(122)) - omNode-1@group-523986131536->omNode-2-AppendLogResponseHandler: Failed appendEntries: org.apache.ratis.thirdparty.io.grpc.StatusRuntimeException: UNAVAILABLE: io exception
2020-07-01 01:06:04,704 [grpc-default-executor-1] INFO  impl.FollowerInfo (FollowerInfo.java:lambda$new$0(51)) - omNode-1@group-523986131536->omNode-2: nextIndex: updateUnconditionally 510 -> 45
2020-07-01 01:06:04,707 [grpc-default-executor-1] WARN  server.GrpcLogAppender (LogUtils.java:warn(122)) - omNode-1@group-523986131536->omNode-2-AppendLogResponseHandler: Failed appendEntries: org.apache.ratis.thirdparty.io.grpc.StatusRuntimeException: UNAVAILABLE: io exception
2020-07-01 01:06:04,707 [grpc-default-executor-1] INFO  impl.FollowerInfo (FollowerInfo.java:lambda$new$0(51)) - omNode-1@group-523986131536->omNode-2: nextIndex: updateUnconditionally 510 -> 45
2020-07-01 01:06:04,709 [Thread-5328] DEBUG impl.RaftServerImpl (RaftServerImpl.java:logAppendEntries(928)) - omNode-3@group-523986131536: succeeded to handle AppendEntries. Reply: omNode-1<-omNode-3#533:OK,SUCCESS,nextIndex:509,term:1,followerCommit:507
2020-07-01 01:06:04,709 [grpc-default-executor-1] DEBUG server.GrpcLogAppender (GrpcLogAppender.java:onNext(257)) - omNode-1@group-523986131536->omNode-3-AppendLogResponseHandler: received a reply omNode-1<-omNode-3#533:OK,SUCCESS,nextIndex:509,term:1,followerCommit:507, request=AppendEntriesRequest:cid=533,entriesCount=1,lastEntry=(t:1, i:508)
2020-07-01 01:06:04,711 [grpc-default-executor-1] WARN  server.GrpcLogAppender (LogUtils.java:warn(122)) - omNode-1@group-523986131536->omNode-2-AppendLogResponseHandler: Failed appendEntries: org.apache.ratis.thirdparty.io.grpc.StatusRuntimeException: UNAVAILABLE: io exception
2020-07-01 01:06:04,711 [grpc-default-executor-1] INFO  impl.FollowerInfo (FollowerInfo.java:lambda$new$0(51)) - omNode-1@group-523986131536->omNode-2: nextIndex: updateUnconditionally 510 -> 45
2020-07-01 01:06:04,713 [grpc-default-executor-1] WARN  server.GrpcLogAppender (LogUtils.java:warn(122)) - omNode-1@group-523986131536->omNode-2-AppendLogResponseHandler: Failed appendEntries: org.apache.ratis.thirdparty.io.grpc.StatusRuntimeException: UNAVAILABLE: io exception
2020-07-01 01:06:04,713 [grpc-default-executor-1] INFO  impl.FollowerInfo (FollowerInfo.java:lambda$new$0(51)) - omNode-1@group-523986131536->omNode-2: nextIndex: updateUnconditionally 510 -> 45
2020-07-01 01:06:04,715 [grpc-default-executor-1] WARN  server.GrpcLogAppender (LogUtils.java:warn(122)) - omNode-1@group-523986131536->omNode-2-AppendLogResponseHandler: Failed appendEntries: org.apache.ratis.thirdparty.io.grpc.StatusRuntimeException: UNAVAILABLE: io exception
2020-07-01 01:06:04,715 [grpc-default-executor-1] INFO  impl.FollowerInfo (FollowerInfo.java:lambda$new$0(51)) - omNode-1@group-523986131536->omNode-2: nextIndex: updateUnconditionally 510 -> 45
2020-07-01 01:06:04,717 [Thread-5329] DEBUG impl.RaftServerImpl (RaftServerImpl.java:logAppendEntries(928)) - omNode-3@group-523986131536: succeeded to handle AppendEntries. Reply: omNode-1<-omNode-3#534:OK,SUCCESS,nextIndex:510,term:1,followerCommit:507
2020-07-01 01:06:04,717 [grpc-default-executor-1] DEBUG server.GrpcLogAppender (GrpcLogAppender.java:onNext(257)) - omNode-1@group-523986131536->omNode-3-AppendLogResponseHandler: received a reply omNode-1<-omNode-3#534:OK,SUCCESS,nextIndex:510,term:1,followerCommit:507, request=AppendEntriesRequest:cid=534,entriesCount=1,lastEntry=(t:1, i:509)
2020-07-01 01:06:04,717 [grpc-default-executor-1] DEBUG impl.RaftServerImpl (RaftServerImpl.java:logAppendEntries(928)) - omNode-3@group-523986131536: receive appendEntries(omNode-1, 1, (t:1, i:509), 509, false, commits[omNode-1:c509, omNode-3:c507, omNode-2:c43], entries: (t:1, i:510), METADATAENTRY(c:509)
2020-07-01 01:06:04,718 [grpc-default-executor-1] INFO  ratis.OzoneManagerStateMachine (OzoneManagerStateMachine.java:getLatestSnapshot(147)) - Latest Snapshot Info 1#499
2020-07-01 01:06:04,718 [grpc-default-executor-1] INFO  ratis.OzoneManagerStateMachine (OzoneManagerStateMachine.java:getLatestSnapshot(147)) - Latest Snapshot Info 1#499
2020-07-01 01:06:04,718 [grpc-default-executor-1] WARN  server.GrpcLogAppender (LogUtils.java:warn(122)) - omNode-1@group-523986131536->omNode-2-AppendLogResponseHandler: Failed appendEntries: org.apache.ratis.thirdparty.io.grpc.StatusRuntimeException: UNAVAILABLE: io exception
2020-07-01 01:06:04,719 [grpc-default-executor-1] INFO  impl.FollowerInfo (FollowerInfo.java:lambda$new$0(51)) - omNode-1@group-523986131536->omNode-2: nextIndex: updateUnconditionally 510 -> 45
2020-07-01 01:06:04,723 [grpc-default-executor-6] WARN  server.GrpcLogAppender (LogUtils.java:warn(122)) - omNode-1@group-523986131536->omNode-2-AppendLogResponseHandler: Failed appendEntries: org.apache.ratis.thirdparty.io.grpc.StatusRuntimeException: UNAVAILABLE: io exception
2020-07-01 01:06:04,723 [grpc-default-executor-6] INFO  impl.FollowerInfo (FollowerInfo.java:lambda$new$0(51)) - omNode-1@group-523986131536->omNode-2: nextIndex: updateUnconditionally 511 -> 45
2020-07-01 01:06:04,725 [grpc-default-executor-6] WARN  server.GrpcLogAppender (LogUtils.java:warn(122)) - omNode-1@group-523986131536->omNode-2-AppendLogResponseHandler: Failed appendEntries: org.apache.ratis.thirdparty.io.grpc.StatusRuntimeException: UNAVAILABLE: io exception
2020-07-01 01:06:04,725 [grpc-default-executor-6] INFO  impl.FollowerInfo (FollowerInfo.java:lambda$new$0(51)) - omNode-1@group-523986131536->omNode-2: nextIndex: updateUnconditionally 511 -> 45
2020-07-01 01:06:04,726 [Thread-5330] DEBUG impl.RaftServerImpl (RaftServerImpl.java:logAppendEntries(928)) - omNode-3@group-523986131536: succeeded to handle AppendEntries. Reply: omNode-1<-omNode-3#535:OK,SUCCESS,nextIndex:511,term:1,followerCommit:509
2020-07-01 01:06:04,727 [grpc-default-executor-6] DEBUG server.GrpcLogAppender (GrpcLogAppender.java:onNext(257)) - omNode-1@group-523986131536->omNode-3-AppendLogResponseHandler: received a reply omNode-1<-omNode-3#535:OK,SUCCESS,nextIndex:511,term:1,followerCommit:509, request=AppendEntriesRequest:cid=535,entriesCount=1,lastEntry=(t:1, i:510)
2020-07-01 01:06:04,728 [grpc-default-executor-6] WARN  server.GrpcLogAppender (LogUtils.java:warn(122)) - omNode-1@group-523986131536->omNode-2-AppendLogResponseHandler: Failed appendEntries: org.apache.ratis.thirdparty.io.grpc.StatusRuntimeException: UNAVAILABLE: io exception
2020-07-01 01:06:04,729 [grpc-default-executor-6] INFO  impl.FollowerInfo (FollowerInfo.java:lambda$new$0(51)) - omNode-1@group-523986131536->omNode-2: nextIndex: updateUnconditionally 511 -> 45
2020-07-01 01:06:04,731 [grpc-default-executor-6] WARN  server.GrpcLogAppender (LogUtils.java:warn(122)) - omNode-1@group-523986131536->omNode-2-AppendLogResponseHandler: Failed appendEntries: org.apache.ratis.thirdparty.io.grpc.StatusRuntimeException: UNAVAILABLE: io exception
2020-07-01 01:06:04,731 [grpc-default-executor-6] INFO  impl.FollowerInfo (FollowerInfo.java:lambda$new$0(51)) - omNode-1@group-523986131536->omNode-2: nextIndex: updateUnconditionally 511 -> 45
2020-07-01 01:06:04,733 [grpc-default-executor-6] WARN  server.GrpcLogAppender (LogUtils.java:warn(122)) - omNode-1@group-523986131536->omNode-2-AppendLogResponseHandler: Failed appendEntries: org.apache.ratis.thirdparty.io.grpc.StatusRuntimeException: UNAVAILABLE: io exception
2020-07-01 01:06:04,733 [grpc-default-executor-6] INFO  impl.FollowerInfo (FollowerInfo.java:lambda$new$0(51)) - omNode-1@group-523986131536->omNode-2: nextIndex: updateUnconditionally 511 -> 45
2020-07-01 01:06:04,735 [grpc-default-executor-6] WARN  server.GrpcLogAppender (LogUtils.java:warn(122)) - omNode-1@group-523986131536->omNode-2-AppendLogResponseHandler: Failed appendEntries: org.apache.ratis.thirdparty.io.grpc.StatusRuntimeException: UNAVAILABLE: io exception
2020-07-01 01:06:04,735 [grpc-default-executor-6] INFO  impl.FollowerInfo (FollowerInfo.java:lambda$new$0(51)) - omNode-1@group-523986131536->omNode-2: nextIndex: updateUnconditionally 511 -> 45
2020-07-01 01:06:04,740 [IPC Server handler 19 on default port 11860] DEBUG impl.RaftServerImpl (RaftServerImpl.java:submitClientRequestAsync(575)) - omNode-1@group-523986131536: receive client request(RaftClientRequest:client-6E5155DBE9B8->omNode-1@group-523986131536, cid=578, seq=0, RW, Message:082412001a13636c6965...(size=360))
2020-07-01 01:06:04,740 [grpc-default-executor-1] WARN  server.GrpcLogAppender (LogUtils.java:warn(122)) - omNode-1@group-523986131536->omNode-2-AppendLogResponseHandler: Failed appendEntries: org.apache.ratis.thirdparty.io.grpc.StatusRuntimeException: UNAVAILABLE: io exception
2020-07-01 01:06:04,740 [grpc-default-executor-1] INFO  impl.FollowerInfo (FollowerInfo.java:lambda$new$0(51)) - omNode-1@group-523986131536->omNode-2: nextIndex: updateUnconditionally 511 -> 45
2020-07-01 01:06:04,740 [IPC Server handler 19 on default port 11860] DEBUG impl.RaftServerImpl (LeaderState.java:addPendingRequest(335)) - omNode-1@group-523986131536-LeaderState: addPendingRequest at RaftClientRequest:client-6E5155DBE9B8->omNode-1@group-523986131536, cid=578, seq=0, RW, Message:082412001a13636c6965...(size=360), entry=(t:1, i:511), STATEMACHINELOGENTRY, client-6E5155DBE9B8, cid=578
2020-07-01 01:06:04,741 [grpc-default-executor-1] DEBUG impl.RaftServerImpl (RaftServerImpl.java:logAppendEntries(928)) - omNode-3@group-523986131536: receive appendEntries(omNode-1, 1, (t:1, i:510), 510, false, commits[omNode-1:c510, omNode-3:c509, omNode-2:c43], entries: (t:1, i:511), STATEMACHINELOGENTRY, client-6E5155DBE9B8, cid=578
2020-07-01 01:06:04,741 [grpc-default-executor-1] INFO  ratis.OzoneManagerStateMachine (OzoneManagerStateMachine.java:getLatestSnapshot(147)) - Latest Snapshot Info 1#499
2020-07-01 01:06:04,741 [grpc-default-executor-1] INFO  ratis.OzoneManagerStateMachine (OzoneManagerStateMachine.java:getLatestSnapshot(147)) - Latest Snapshot Info 1#499
2020-07-01 01:06:04,743 [grpc-default-executor-1] WARN  server.GrpcLogAppender (LogUtils.java:warn(122)) - omNode-1@group-523986131536->omNode-2-AppendLogResponseHandler: Failed appendEntries: org.apache.ratis.thirdparty.io.grpc.StatusRuntimeException: UNAVAILABLE: io exception
2020-07-01 01:06:04,743 [grpc-default-executor-1] INFO  impl.FollowerInfo (FollowerInfo.java:lambda$new$0(51)) - omNode-1@group-523986131536->omNode-2: nextIndex: updateUnconditionally 512 -> 45
2020-07-01 01:06:04,745 [grpc-default-executor-1] WARN  server.GrpcLogAppender (LogUtils.java:warn(122)) - omNode-1@group-523986131536->omNode-2-AppendLogResponseHandler: Failed appendEntries: org.apache.ratis.thirdparty.io.grpc.StatusRuntimeException: UNAVAILABLE: io exception
2020-07-01 01:06:04,745 [grpc-default-executor-1] INFO  impl.FollowerInfo (FollowerInfo.java:lambda$new$0(51)) - omNode-1@group-523986131536->omNode-2: nextIndex: updateUnconditionally 512 -> 45
2020-07-01 01:06:04,747 [Thread-5331] DEBUG impl.RaftServerImpl (RaftServerImpl.java:logAppendEntries(928)) - omNode-3@group-523986131536: succeeded to handle AppendEntries. Reply: omNode-1<-omNode-3#536:OK,SUCCESS,nextIndex:512,term:1,followerCommit:510
2020-07-01 01:06:04,747 [grpc-default-executor-1] DEBUG server.GrpcLogAppender (GrpcLogAppender.java:onNext(257)) - omNode-1@group-523986131536->omNode-3-AppendLogResponseHandler: received a reply omNode-1<-omNode-3#536:OK,SUCCESS,nextIndex:512,term:1,followerCommit:510, request=AppendEntriesRequest:cid=536,entriesCount=1,lastEntry=(t:1, i:511)
2020-07-01 01:06:04,748 [grpc-default-executor-1] DEBUG impl.RaftServerImpl (RaftServerImpl.java:logAppendEntries(928)) - omNode-3@group-523986131536: receive appendEntries(omNode-1, 1, (t:1, i:511), 511, false, commits[omNode-1:c511, omNode-3:c510, omNode-2:c43], entries: (t:1, i:512), METADATAENTRY(c:511)
2020-07-01 01:06:04,748 [grpc-default-executor-1] INFO  ratis.OzoneManagerStateMachine (OzoneManagerStateMachine.java:getLatestSnapshot(147)) - Latest Snapshot Info 1#499
2020-07-01 01:06:04,748 [grpc-default-executor-1] INFO  ratis.OzoneManagerStateMachine (OzoneManagerStateMachine.java:getLatestSnapshot(147)) - Latest Snapshot Info 1#499
2020-07-01 01:06:04,748 [grpc-default-executor-1] WARN  server.GrpcLogAppender (LogUtils.java:warn(122)) - omNode-1@group-523986131536->omNode-2-AppendLogResponseHandler: Failed appendEntries: org.apache.ratis.thirdparty.io.grpc.StatusRuntimeException: UNAVAILABLE: io exception
2020-07-01 01:06:04,748 [grpc-default-executor-1] INFO  impl.FollowerInfo (FollowerInfo.java:lambda$new$0(51)) - omNode-1@group-523986131536->omNode-2: nextIndex: updateUnconditionally 512 -> 45
2020-07-01 01:06:04,750 [IPC Server handler 12 on default port 11860] DEBUG impl.RaftServerImpl (RaftServerImpl.java:submitClientRequestAsync(575)) - omNode-1@group-523986131536: receive client request(RaftClientRequest:client-6E5155DBE9B8->omNode-1@group-523986131536, cid=579, seq=0, RW, Message:081f12001a13636c6965...(size=409))
2020-07-01 01:06:04,750 [IPC Server handler 12 on default port 11860] DEBUG impl.RaftServerImpl (LeaderState.java:addPendingRequest(335)) - omNode-1@group-523986131536-LeaderState: addPendingRequest at RaftClientRequest:client-6E5155DBE9B8->omNode-1@group-523986131536, cid=579, seq=0, RW, Message:081f12001a13636c6965...(size=409), entry=(t:1, i:513), STATEMACHINELOGENTRY, client-6E5155DBE9B8, cid=579
2020-07-01 01:06:04,751 [grpc-default-executor-1] DEBUG impl.RaftServerImpl (RaftServerImpl.java:logAppendEntries(928)) - omNode-3@group-523986131536: receive appendEntries(omNode-1, 1, (t:1, i:512), 511, false, commits[omNode-1:c511, omNode-3:c510, omNode-2:c43], entries: (t:1, i:513), STATEMACHINELOGENTRY, client-6E5155DBE9B8, cid=579
2020-07-01 01:06:04,751 [grpc-default-executor-1] INFO  ratis.OzoneManagerStateMachine (OzoneManagerStateMachine.java:getLatestSnapshot(147)) - Latest Snapshot Info 1#499
2020-07-01 01:06:04,751 [grpc-default-executor-1] INFO  ratis.OzoneManagerStateMachine (OzoneManagerStateMachine.java:getLatestSnapshot(147)) - Latest Snapshot Info 1#499
2020-07-01 01:06:04,752 [grpc-default-executor-1] WARN  server.GrpcLogAppender (LogUtils.java:warn(122)) - omNode-1@group-523986131536->omNode-2-AppendLogResponseHandler: Failed appendEntries: org.apache.ratis.thirdparty.io.grpc.StatusRuntimeException: UNAVAILABLE: io exception
2020-07-01 01:06:04,752 [grpc-default-executor-1] INFO  impl.FollowerInfo (FollowerInfo.java:lambda$new$0(51)) - omNode-1@group-523986131536->omNode-2: nextIndex: updateUnconditionally 513 -> 45
2020-07-01 01:06:04,754 [Thread-5332] DEBUG impl.RaftServerImpl (RaftServerImpl.java:logAppendEntries(928)) - omNode-3@group-523986131536: succeeded to handle AppendEntries. Reply: omNode-1<-omNode-3#537:OK,SUCCESS,nextIndex:513,term:1,followerCommit:511
2020-07-01 01:06:04,755 [grpc-default-executor-1] WARN  server.GrpcLogAppender (LogUtils.java:warn(122)) - omNode-1@group-523986131536->omNode-2-AppendLogResponseHandler: Failed appendEntries: org.apache.ratis.thirdparty.io.grpc.StatusRuntimeException: UNAVAILABLE: io exception
2020-07-01 01:06:04,755 [grpc-default-executor-6] DEBUG server.GrpcLogAppender (GrpcLogAppender.java:onNext(257)) - omNode-1@group-523986131536->omNode-3-AppendLogResponseHandler: received a reply omNode-1<-omNode-3#537:OK,SUCCESS,nextIndex:513,term:1,followerCommit:511, request=AppendEntriesRequest:cid=537,entriesCount=1,lastEntry=(t:1, i:512)
2020-07-01 01:06:04,755 [grpc-default-executor-1] INFO  impl.FollowerInfo (FollowerInfo.java:lambda$new$0(51)) - omNode-1@group-523986131536->omNode-2: nextIndex: updateUnconditionally 514 -> 45
2020-07-01 01:06:04,758 [grpc-default-executor-1] WARN  server.GrpcLogAppender (LogUtils.java:warn(122)) - omNode-1@group-523986131536->omNode-2-AppendLogResponseHandler: Failed appendEntries: org.apache.ratis.thirdparty.io.grpc.StatusRuntimeException: UNAVAILABLE: io exception
2020-07-01 01:06:04,758 [grpc-default-executor-1] INFO  impl.FollowerInfo (FollowerInfo.java:lambda$new$0(51)) - omNode-1@group-523986131536->omNode-2: nextIndex: updateUnconditionally 514 -> 45
2020-07-01 01:06:04,760 [grpc-default-executor-1] WARN  server.GrpcLogAppender (LogUtils.java:warn(122)) - omNode-1@group-523986131536->omNode-2-AppendLogResponseHandler: Failed appendEntries: org.apache.ratis.thirdparty.io.grpc.StatusRuntimeException: UNAVAILABLE: io exception
2020-07-01 01:06:04,760 [grpc-default-executor-1] INFO  impl.FollowerInfo (FollowerInfo.java:lambda$new$0(51)) - omNode-1@group-523986131536->omNode-2: nextIndex: updateUnconditionally 514 -> 45
2020-07-01 01:06:04,760 [Thread-5333] DEBUG impl.RaftServerImpl (RaftServerImpl.java:logAppendEntries(928)) - omNode-3@group-523986131536: succeeded to handle AppendEntries. Reply: omNode-1<-omNode-3#538:OK,SUCCESS,nextIndex:514,term:1,followerCommit:511
2020-07-01 01:06:04,761 [grpc-default-executor-1] DEBUG server.GrpcLogAppender (GrpcLogAppender.java:onNext(257)) - omNode-1@group-523986131536->omNode-3-AppendLogResponseHandler: received a reply omNode-1<-omNode-3#538:OK,SUCCESS,nextIndex:514,term:1,followerCommit:511, request=AppendEntriesRequest:cid=538,entriesCount=1,lastEntry=(t:1, i:513)
2020-07-01 01:06:04,761 [grpc-default-executor-1] DEBUG impl.RaftServerImpl (RaftServerImpl.java:logAppendEntries(928)) - omNode-3@group-523986131536: receive appendEntries(omNode-1, 1, (t:1, i:513), 513, false, commits[omNode-1:c513, omNode-3:c511, omNode-2:c43], entries: (t:1, i:514), METADATAENTRY(c:513)
2020-07-01 01:06:04,761 [grpc-default-executor-1] INFO  ratis.OzoneManagerStateMachine (OzoneManagerStateMachine.java:getLatestSnapshot(147)) - Latest Snapshot Info 1#499
2020-07-01 01:06:04,761 [grpc-default-executor-1] INFO  ratis.OzoneManagerStateMachine (OzoneManagerStateMachine.java:getLatestSnapshot(147)) - Latest Snapshot Info 1#499
2020-07-01 01:06:04,763 [grpc-default-executor-1] WARN  server.GrpcLogAppender (LogUtils.java:warn(122)) - omNode-1@group-523986131536->omNode-2-AppendLogResponseHandler: Failed appendEntries: org.apache.ratis.thirdparty.io.grpc.StatusRuntimeException: UNAVAILABLE: io exception
2020-07-01 01:06:04,763 [grpc-default-executor-1] INFO  impl.FollowerInfo (FollowerInfo.java:lambda$new$0(51)) - omNode-1@group-523986131536->omNode-2: nextIndex: updateUnconditionally 514 -> 45
2020-07-01 01:06:04,768 [Thread-5334] DEBUG impl.RaftServerImpl (RaftServerImpl.java:logAppendEntries(928)) - omNode-3@group-523986131536: succeeded to handle AppendEntries. Reply: omNode-1<-omNode-3#539:OK,SUCCESS,nextIndex:515,term:1,followerCommit:513
2020-07-01 01:06:04,768 [grpc-default-executor-1] DEBUG server.GrpcLogAppender (GrpcLogAppender.java:onNext(257)) - omNode-1@group-523986131536->omNode-3-AppendLogResponseHandler: received a reply omNode-1<-omNode-3#539:OK,SUCCESS,nextIndex:515,term:1,followerCommit:513, request=AppendEntriesRequest:cid=539,entriesCount=1,lastEntry=(t:1, i:514)
2020-07-01 01:06:04,769 [grpc-default-executor-1] WARN  server.GrpcLogAppender (LogUtils.java:warn(122)) - omNode-1@group-523986131536->omNode-2-AppendLogResponseHandler: Failed appendEntries: org.apache.ratis.thirdparty.io.grpc.StatusRuntimeException: UNAVAILABLE: io exception
2020-07-01 01:06:04,769 [grpc-default-executor-1] INFO  impl.FollowerInfo (FollowerInfo.java:lambda$new$0(51)) - omNode-1@group-523986131536->omNode-2: nextIndex: updateUnconditionally 515 -> 45
2020-07-01 01:06:04,771 [grpc-default-executor-1] WARN  server.GrpcLogAppender (LogUtils.java:warn(122)) - omNode-1@group-523986131536->omNode-2-AppendLogResponseHandler: Failed appendEntries: org.apache.ratis.thirdparty.io.grpc.StatusRuntimeException: UNAVAILABLE: io exception
2020-07-01 01:06:04,771 [grpc-default-executor-1] INFO  impl.FollowerInfo (FollowerInfo.java:lambda$new$0(51)) - omNode-1@group-523986131536->omNode-2: nextIndex: updateUnconditionally 515 -> 45
2020-07-01 01:06:04,773 [IPC Server handler 1 on default port 11860] DEBUG impl.RaftServerImpl (RaftServerImpl.java:submitClientRequestAsync(575)) - omNode-1@group-523986131536: receive client request(RaftClientRequest:client-6E5155DBE9B8->omNode-1@group-523986131536, cid=580, seq=0, RW, Message:082412001a13636c6965...(size=360))
2020-07-01 01:06:04,774 [IPC Server handler 1 on default port 11860] DEBUG impl.RaftServerImpl (LeaderState.java:addPendingRequest(335)) - omNode-1@group-523986131536-LeaderState: addPendingRequest at RaftClientRequest:client-6E5155DBE9B8->omNode-1@group-523986131536, cid=580, seq=0, RW, Message:082412001a13636c6965...(size=360), entry=(t:1, i:515), STATEMACHINELOGENTRY, client-6E5155DBE9B8, cid=580
2020-07-01 01:06:04,774 [grpc-default-executor-6] DEBUG impl.RaftServerImpl (RaftServerImpl.java:logAppendEntries(928)) - omNode-3@group-523986131536: receive appendEntries(omNode-1, 1, (t:1, i:514), 514, false, commits[omNode-1:c514, omNode-3:c513, omNode-2:c43], entries: (t:1, i:515), STATEMACHINELOGENTRY, client-6E5155DBE9B8, cid=580
2020-07-01 01:06:04,774 [grpc-default-executor-6] INFO  ratis.OzoneManagerStateMachine (OzoneManagerStateMachine.java:getLatestSnapshot(147)) - Latest Snapshot Info 1#499
2020-07-01 01:06:04,774 [grpc-default-executor-6] INFO  ratis.OzoneManagerStateMachine (OzoneManagerStateMachine.java:getLatestSnapshot(147)) - Latest Snapshot Info 1#499
2020-07-01 01:06:04,776 [grpc-default-executor-6] WARN  server.GrpcLogAppender (LogUtils.java:warn(122)) - omNode-1@group-523986131536->omNode-2-AppendLogResponseHandler: Failed appendEntries: org.apache.ratis.thirdparty.io.grpc.StatusRuntimeException: UNAVAILABLE: io exception
2020-07-01 01:06:04,776 [grpc-default-executor-6] INFO  impl.FollowerInfo (FollowerInfo.java:lambda$new$0(51)) - omNode-1@group-523986131536->omNode-2: nextIndex: updateUnconditionally 515 -> 45
2020-07-01 01:06:04,779 [grpc-default-executor-6] WARN  server.GrpcLogAppender (LogUtils.java:warn(122)) - omNode-1@group-523986131536->omNode-2-AppendLogResponseHandler: Failed appendEntries: org.apache.ratis.thirdparty.io.grpc.StatusRuntimeException: UNAVAILABLE: io exception
2020-07-01 01:06:04,779 [grpc-default-executor-6] INFO  impl.FollowerInfo (FollowerInfo.java:lambda$new$0(51)) - omNode-1@group-523986131536->omNode-2: nextIndex: updateUnconditionally 516 -> 45
2020-07-01 01:06:04,780 [Thread-5335] DEBUG impl.RaftServerImpl (RaftServerImpl.java:logAppendEntries(928)) - omNode-3@group-523986131536: succeeded to handle AppendEntries. Reply: omNode-1<-omNode-3#540:OK,SUCCESS,nextIndex:516,term:1,followerCommit:514
2020-07-01 01:06:04,781 [grpc-default-executor-1] DEBUG server.GrpcLogAppender (GrpcLogAppender.java:onNext(257)) - omNode-1@group-523986131536->omNode-3-AppendLogResponseHandler: received a reply omNode-1<-omNode-3#540:OK,SUCCESS,nextIndex:516,term:1,followerCommit:514, request=AppendEntriesRequest:cid=540,entriesCount=1,lastEntry=(t:1, i:515)
2020-07-01 01:06:04,781 [grpc-default-executor-1] DEBUG impl.RaftServerImpl (RaftServerImpl.java:logAppendEntries(928)) - omNode-3@group-523986131536: receive appendEntries(omNode-1, 1, (t:1, i:515), 515, false, commits[omNode-1:c515, omNode-3:c514, omNode-2:c43], entries: (t:1, i:516), METADATAENTRY(c:515)
2020-07-01 01:06:04,781 [grpc-default-executor-1] INFO  ratis.OzoneManagerStateMachine (OzoneManagerStateMachine.java:getLatestSnapshot(147)) - Latest Snapshot Info 1#499
2020-07-01 01:06:04,781 [grpc-default-executor-1] INFO  ratis.OzoneManagerStateMachine (OzoneManagerStateMachine.java:getLatestSnapshot(147)) - Latest Snapshot Info 1#499
2020-07-01 01:06:04,782 [grpc-default-executor-6] WARN  server.GrpcLogAppender (LogUtils.java:warn(122)) - omNode-1@group-523986131536->omNode-2-AppendLogResponseHandler: Failed appendEntries: org.apache.ratis.thirdparty.io.grpc.StatusRuntimeException: UNAVAILABLE: io exception
2020-07-01 01:06:04,782 [grpc-default-executor-6] INFO  impl.FollowerInfo (FollowerInfo.java:lambda$new$0(51)) - omNode-1@group-523986131536->omNode-2: nextIndex: updateUnconditionally 516 -> 45
2020-07-01 01:06:04,784 [IPC Server handler 3 on default port 11860] DEBUG impl.RaftServerImpl (RaftServerImpl.java:submitClientRequestAsync(575)) - omNode-1@group-523986131536: receive client request(RaftClientRequest:client-6E5155DBE9B8->omNode-1@group-523986131536, cid=581, seq=0, RW, Message:081f12001a13636c6965...(size=409))
2020-07-01 01:06:04,784 [IPC Server handler 3 on default port 11860] DEBUG impl.RaftServerImpl (LeaderState.java:addPendingRequest(335)) - omNode-1@group-523986131536-LeaderState: addPendingRequest at RaftClientRequest:client-6E5155DBE9B8->omNode-1@group-523986131536, cid=581, seq=0, RW, Message:081f12001a13636c6965...(size=409), entry=(t:1, i:517), STATEMACHINELOGENTRY, client-6E5155DBE9B8, cid=581
2020-07-01 01:06:04,785 [grpc-default-executor-6] DEBUG impl.RaftServerImpl (RaftServerImpl.java:logAppendEntries(928)) - omNode-3@group-523986131536: receive appendEntries(omNode-1, 1, (t:1, i:516), 515, false, commits[omNode-1:c515, omNode-3:c514, omNode-2:c43], entries: (t:1, i:517), STATEMACHINELOGENTRY, client-6E5155DBE9B8, cid=581
2020-07-01 01:06:04,785 [grpc-default-executor-6] INFO  ratis.OzoneManagerStateMachine (OzoneManagerStateMachine.java:getLatestSnapshot(147)) - Latest Snapshot Info 1#499
2020-07-01 01:06:04,785 [grpc-default-executor-6] INFO  ratis.OzoneManagerStateMachine (OzoneManagerStateMachine.java:getLatestSnapshot(147)) - Latest Snapshot Info 1#499
2020-07-01 01:06:04,787 [grpc-default-executor-6] WARN  server.GrpcLogAppender (LogUtils.java:warn(122)) - omNode-1@group-523986131536->omNode-2-AppendLogResponseHandler: Failed appendEntries: org.apache.ratis.thirdparty.io.grpc.StatusRuntimeException: UNAVAILABLE: io exception
2020-07-01 01:06:04,787 [grpc-default-executor-6] INFO  impl.FollowerInfo (FollowerInfo.java:lambda$new$0(51)) - omNode-1@group-523986131536->omNode-2: nextIndex: updateUnconditionally 517 -> 45
2020-07-01 01:06:04,789 [grpc-default-executor-6] WARN  server.GrpcLogAppender (LogUtils.java:warn(122)) - omNode-1@group-523986131536->omNode-2-AppendLogResponseHandler: Failed appendEntries: org.apache.ratis.thirdparty.io.grpc.StatusRuntimeException: UNAVAILABLE: io exception
2020-07-01 01:06:04,789 [grpc-default-executor-6] INFO  impl.FollowerInfo (FollowerInfo.java:lambda$new$0(51)) - omNode-1@group-523986131536->omNode-2: nextIndex: updateUnconditionally 518 -> 45
2020-07-01 01:06:04,789 [Thread-5336] DEBUG impl.RaftServerImpl (RaftServerImpl.java:logAppendEntries(928)) - omNode-3@group-523986131536: succeeded to handle AppendEntries. Reply: omNode-1<-omNode-3#541:OK,SUCCESS,nextIndex:517,term:1,followerCommit:515
2020-07-01 01:06:04,790 [grpc-default-executor-6] DEBUG server.GrpcLogAppender (GrpcLogAppender.java:onNext(257)) - omNode-1@group-523986131536->omNode-3-AppendLogResponseHandler: received a reply omNode-1<-omNode-3#541:OK,SUCCESS,nextIndex:517,term:1,followerCommit:515, request=AppendEntriesRequest:cid=541,entriesCount=1,lastEntry=(t:1, i:516)
2020-07-01 01:06:04,792 [grpc-default-executor-6] WARN  server.GrpcLogAppender (LogUtils.java:warn(122)) - omNode-1@group-523986131536->omNode-2-AppendLogResponseHandler: Failed appendEntries: org.apache.ratis.thirdparty.io.grpc.StatusRuntimeException: UNAVAILABLE: io exception
2020-07-01 01:06:04,792 [grpc-default-executor-6] INFO  impl.FollowerInfo (FollowerInfo.java:lambda$new$0(51)) - omNode-1@group-523986131536->omNode-2: nextIndex: updateUnconditionally 518 -> 45
2020-07-01 01:06:04,794 [Thread-5337] DEBUG impl.RaftServerImpl (RaftServerImpl.java:logAppendEntries(928)) - omNode-3@group-523986131536: succeeded to handle AppendEntries. Reply: omNode-1<-omNode-3#542:OK,SUCCESS,nextIndex:518,term:1,followerCommit:515
2020-07-01 01:06:04,795 [grpc-default-executor-6] WARN  server.GrpcLogAppender (LogUtils.java:warn(122)) - omNode-1@group-523986131536->omNode-2-AppendLogResponseHandler: Failed appendEntries: org.apache.ratis.thirdparty.io.grpc.StatusRuntimeException: UNAVAILABLE: io exception
2020-07-01 01:06:04,795 [grpc-default-executor-6] INFO  impl.FollowerInfo (FollowerInfo.java:lambda$new$0(51)) - omNode-1@group-523986131536->omNode-2: nextIndex: updateUnconditionally 518 -> 45
2020-07-01 01:06:04,796 [grpc-default-executor-6] DEBUG server.GrpcLogAppender (GrpcLogAppender.java:onNext(257)) - omNode-1@group-523986131536->omNode-3-AppendLogResponseHandler: received a reply omNode-1<-omNode-3#542:OK,SUCCESS,nextIndex:518,term:1,followerCommit:515, request=AppendEntriesRequest:cid=542,entriesCount=1,lastEntry=(t:1, i:517)
2020-07-01 01:06:04,796 [grpc-default-executor-6] DEBUG impl.RaftServerImpl (RaftServerImpl.java:logAppendEntries(928)) - omNode-3@group-523986131536: receive appendEntries(omNode-1, 1, (t:1, i:517), 517, false, commits[omNode-1:c517, omNode-3:c515, omNode-2:c43], entries: (t:1, i:518), METADATAENTRY(c:517)
2020-07-01 01:06:04,796 [grpc-default-executor-6] INFO  ratis.OzoneManagerStateMachine (OzoneManagerStateMachine.java:getLatestSnapshot(147)) - Latest Snapshot Info 1#499
2020-07-01 01:06:04,796 [grpc-default-executor-6] INFO  ratis.OzoneManagerStateMachine (OzoneManagerStateMachine.java:getLatestSnapshot(147)) - Latest Snapshot Info 1#499
2020-07-01 01:06:04,799 [grpc-default-executor-6] WARN  server.GrpcLogAppender (LogUtils.java:warn(122)) - omNode-1@group-523986131536->omNode-2-AppendLogResponseHandler: Failed appendEntries: org.apache.ratis.thirdparty.io.grpc.StatusRuntimeException: UNAVAILABLE: io exception
2020-07-01 01:06:04,799 [grpc-default-executor-6] INFO  impl.FollowerInfo (FollowerInfo.java:lambda$new$0(51)) - omNode-1@group-523986131536->omNode-2: nextIndex: updateUnconditionally 518 -> 45
2020-07-01 01:06:04,802 [grpc-default-executor-1] WARN  server.GrpcLogAppender (LogUtils.java:warn(122)) - omNode-1@group-523986131536->omNode-2-AppendLogResponseHandler: Failed appendEntries: org.apache.ratis.thirdparty.io.grpc.StatusRuntimeException: UNAVAILABLE: io exception
2020-07-01 01:06:04,802 [grpc-default-executor-1] INFO  impl.FollowerInfo (FollowerInfo.java:lambda$new$0(51)) - omNode-1@group-523986131536->omNode-2: nextIndex: updateUnconditionally 519 -> 45
2020-07-01 01:06:04,803 [Thread-5338] DEBUG impl.RaftServerImpl (RaftServerImpl.java:logAppendEntries(928)) - omNode-3@group-523986131536: succeeded to handle AppendEntries. Reply: omNode-1<-omNode-3#543:OK,SUCCESS,nextIndex:519,term:1,followerCommit:517
2020-07-01 01:06:04,803 [grpc-default-executor-1] DEBUG server.GrpcLogAppender (GrpcLogAppender.java:onNext(257)) - omNode-1@group-523986131536->omNode-3-AppendLogResponseHandler: received a reply omNode-1<-omNode-3#543:OK,SUCCESS,nextIndex:519,term:1,followerCommit:517, request=AppendEntriesRequest:cid=543,entriesCount=1,lastEntry=(t:1, i:518)
2020-07-01 01:06:04,806 [grpc-default-executor-1] WARN  server.GrpcLogAppender (LogUtils.java:warn(122)) - omNode-1@group-523986131536->omNode-2-AppendLogResponseHandler: Failed appendEntries: org.apache.ratis.thirdparty.io.grpc.StatusRuntimeException: UNAVAILABLE: io exception
2020-07-01 01:06:04,806 [grpc-default-executor-1] INFO  impl.FollowerInfo (FollowerInfo.java:lambda$new$0(51)) - omNode-1@group-523986131536->omNode-2: nextIndex: updateUnconditionally 519 -> 45
2020-07-01 01:06:04,807 [grpc-default-executor-1] WARN  server.GrpcLogAppender (LogUtils.java:warn(122)) - omNode-1@group-523986131536->omNode-2-AppendLogResponseHandler: Failed appendEntries: org.apache.ratis.thirdparty.io.grpc.StatusRuntimeException: UNAVAILABLE: io exception
2020-07-01 01:06:04,808 [grpc-default-executor-1] INFO  impl.FollowerInfo (FollowerInfo.java:lambda$new$0(51)) - omNode-1@group-523986131536->omNode-2: nextIndex: updateUnconditionally 519 -> 45
2020-07-01 01:06:04,810 [IPC Server handler 0 on default port 11860] DEBUG impl.RaftServerImpl (RaftServerImpl.java:submitClientRequestAsync(575)) - omNode-1@group-523986131536: receive client request(RaftClientRequest:client-6E5155DBE9B8->omNode-1@group-523986131536, cid=582, seq=0, RW, Message:082412001a13636c6965...(size=360))
2020-07-01 01:06:04,810 [IPC Server handler 0 on default port 11860] DEBUG impl.RaftServerImpl (LeaderState.java:addPendingRequest(335)) - omNode-1@group-523986131536-LeaderState: addPendingRequest at RaftClientRequest:client-6E5155DBE9B8->omNode-1@group-523986131536, cid=582, seq=0, RW, Message:082412001a13636c6965...(size=360), entry=(t:1, i:519), STATEMACHINELOGENTRY, client-6E5155DBE9B8, cid=582
2020-07-01 01:06:04,811 [grpc-default-executor-6] WARN  server.GrpcLogAppender (LogUtils.java:warn(122)) - omNode-1@group-523986131536->omNode-2-AppendLogResponseHandler: Failed appendEntries: org.apache.ratis.thirdparty.io.grpc.StatusRuntimeException: UNAVAILABLE: io exception
2020-07-01 01:06:04,811 [grpc-default-executor-6] INFO  impl.FollowerInfo (FollowerInfo.java:lambda$new$0(51)) - omNode-1@group-523986131536->omNode-2: nextIndex: updateUnconditionally 519 -> 45
2020-07-01 01:06:04,811 [grpc-default-executor-6] DEBUG impl.RaftServerImpl (RaftServerImpl.java:logAppendEntries(928)) - omNode-3@group-523986131536: receive appendEntries(omNode-1, 1, (t:1, i:518), 518, false, commits[omNode-1:c518, omNode-3:c517, omNode-2:c43], entries: (t:1, i:519), STATEMACHINELOGENTRY, client-6E5155DBE9B8, cid=582
2020-07-01 01:06:04,811 [grpc-default-executor-6] INFO  ratis.OzoneManagerStateMachine (OzoneManagerStateMachine.java:getLatestSnapshot(147)) - Latest Snapshot Info 1#499
2020-07-01 01:06:04,811 [grpc-default-executor-6] INFO  ratis.OzoneManagerStateMachine (OzoneManagerStateMachine.java:getLatestSnapshot(147)) - Latest Snapshot Info 1#499
2020-07-01 01:06:04,812 [Thread-5339] DEBUG impl.RaftServerImpl (RaftServerImpl.java:logAppendEntries(928)) - omNode-3@group-523986131536: succeeded to handle AppendEntries. Reply: omNode-1<-omNode-3#544:OK,SUCCESS,nextIndex:520,term:1,followerCommit:518
2020-07-01 01:06:04,812 [grpc-default-executor-6] DEBUG server.GrpcLogAppender (GrpcLogAppender.java:onNext(257)) - omNode-1@group-523986131536->omNode-3-AppendLogResponseHandler: received a reply omNode-1<-omNode-3#544:OK,SUCCESS,nextIndex:520,term:1,followerCommit:518, request=AppendEntriesRequest:cid=544,entriesCount=1,lastEntry=(t:1, i:519)
2020-07-01 01:06:04,813 [grpc-default-executor-6] DEBUG impl.RaftServerImpl (RaftServerImpl.java:logAppendEntries(928)) - omNode-3@group-523986131536: receive appendEntries(omNode-1, 1, (t:1, i:519), 519, false, commits[omNode-1:c519, omNode-3:c518, omNode-2:c43], entries: (t:1, i:520), METADATAENTRY(c:519)
2020-07-01 01:06:04,813 [grpc-default-executor-6] INFO  ratis.OzoneManagerStateMachine (OzoneManagerStateMachine.java:getLatestSnapshot(147)) - Latest Snapshot Info 1#499
2020-07-01 01:06:04,813 [grpc-default-executor-6] INFO  ratis.OzoneManagerStateMachine (OzoneManagerStateMachine.java:getLatestSnapshot(147)) - Latest Snapshot Info 1#499
2020-07-01 01:06:04,815 [IPC Server handler 5 on default port 11860] DEBUG impl.RaftServerImpl (RaftServerImpl.java:submitClientRequestAsync(575)) - omNode-1@group-523986131536: receive client request(RaftClientRequest:client-6E5155DBE9B8->omNode-1@group-523986131536, cid=583, seq=0, RW, Message:081f12001a13636c6965...(size=409))
2020-07-01 01:06:04,816 [Thread-5340] DEBUG impl.RaftServerImpl (RaftServerImpl.java:logAppendEntries(928)) - omNode-3@group-523986131536: succeeded to handle AppendEntries. Reply: omNode-1<-omNode-3#545:OK,SUCCESS,nextIndex:521,term:1,followerCommit:519
2020-07-01 01:06:04,816 [grpc-default-executor-6] DEBUG server.GrpcLogAppender (GrpcLogAppender.java:onNext(257)) - omNode-1@group-523986131536->omNode-3-AppendLogResponseHandler: received a reply omNode-1<-omNode-3#545:OK,SUCCESS,nextIndex:521,term:1,followerCommit:519, request=AppendEntriesRequest:cid=545,entriesCount=1,lastEntry=(t:1, i:520)
2020-07-01 01:06:04,824 [IPC Server handler 5 on default port 11860] INFO  segmented.SegmentedRaftLogWorker (SegmentedRaftLogWorker.java:rollLogSegment(402)) - omNode-1@group-523986131536-SegmentedRaftLogWorker: Rolling segment log-447_520 to index:520
2020-07-01 01:06:04,825 [IPC Server handler 5 on default port 11860] DEBUG impl.RaftServerImpl (LeaderState.java:addPendingRequest(335)) - omNode-1@group-523986131536-LeaderState: addPendingRequest at RaftClientRequest:client-6E5155DBE9B8->omNode-1@group-523986131536, cid=583, seq=0, RW, Message:081f12001a13636c6965...(size=409), entry=(t:1, i:521), STATEMACHINELOGENTRY, client-6E5155DBE9B8, cid=583
2020-07-01 01:06:04,825 [omNode-1@group-523986131536-SegmentedRaftLogWorker] INFO  segmented.SegmentedRaftLogWorker (SegmentedRaftLogWorker.java:execute(553)) - omNode-1@group-523986131536-SegmentedRaftLogWorker: Rolled log segment from /github/workspace/mnt/ozone/hadoop-ozone/integration-test/target/test-dir/MiniOzoneClusterImpl-f77758f3-7054-4a66-83a1-d2ef3e95fe09/omNode-1/ratis/c9bc4cf4-3bc3-3c60-a66b-523986131536/current/log_inprogress_447 to /github/workspace/mnt/ozone/hadoop-ozone/integration-test/target/test-dir/MiniOzoneClusterImpl-f77758f3-7054-4a66-83a1-d2ef3e95fe09/omNode-1/ratis/c9bc4cf4-3bc3-3c60-a66b-523986131536/current/log_447-520
2020-07-01 01:06:04,839 [grpc-default-executor-6] DEBUG impl.RaftServerImpl (RaftServerImpl.java:logAppendEntries(928)) - omNode-3@group-523986131536: receive appendEntries(omNode-1, 1, (t:1, i:520), 519, false, commits[omNode-1:c519, omNode-3:c519, omNode-2:c43], entries: (t:1, i:521), STATEMACHINELOGENTRY, client-6E5155DBE9B8, cid=583
2020-07-01 01:06:04,839 [grpc-default-executor-6] INFO  ratis.OzoneManagerStateMachine (OzoneManagerStateMachine.java:getLatestSnapshot(147)) - Latest Snapshot Info 1#499
2020-07-01 01:06:04,839 [grpc-default-executor-6] INFO  ratis.OzoneManagerStateMachine (OzoneManagerStateMachine.java:getLatestSnapshot(147)) - Latest Snapshot Info 1#499
2020-07-01 01:06:04,840 [grpc-default-executor-6] INFO  segmented.SegmentedRaftLogWorker (SegmentedRaftLogWorker.java:rollLogSegment(402)) - omNode-3@group-523986131536-SegmentedRaftLogWorker: Rolling segment log-447_520 to index:520
2020-07-01 01:06:04,840 [omNode-3@group-523986131536-SegmentedRaftLogWorker] INFO  segmented.SegmentedRaftLogWorker (SegmentedRaftLogWorker.java:execute(553)) - omNode-3@group-523986131536-SegmentedRaftLogWorker: Rolled log segment from /github/workspace/mnt/ozone/hadoop-ozone/integration-test/target/test-dir/MiniOzoneClusterImpl-f77758f3-7054-4a66-83a1-d2ef3e95fe09/omNode-3/ratis/c9bc4cf4-3bc3-3c60-a66b-523986131536/current/log_inprogress_447 to /github/workspace/mnt/ozone/hadoop-ozone/integration-test/target/test-dir/MiniOzoneClusterImpl-f77758f3-7054-4a66-83a1-d2ef3e95fe09/omNode-3/ratis/c9bc4cf4-3bc3-3c60-a66b-523986131536/current/log_447-520
2020-07-01 01:06:04,854 [omNode-1@group-523986131536-SegmentedRaftLogWorker] INFO  segmented.SegmentedRaftLogWorker (SegmentedRaftLogWorker.java:execute(596)) - omNode-1@group-523986131536-SegmentedRaftLogWorker: created new log segment /github/workspace/mnt/ozone/hadoop-ozone/integration-test/target/test-dir/MiniOzoneClusterImpl-f77758f3-7054-4a66-83a1-d2ef3e95fe09/omNode-1/ratis/c9bc4cf4-3bc3-3c60-a66b-523986131536/current/log_inprogress_521
2020-07-01 01:06:04,855 [omNode-3@group-523986131536-SegmentedRaftLogWorker] INFO  segmented.SegmentedRaftLogWorker (SegmentedRaftLogWorker.java:execute(596)) - omNode-3@group-523986131536-SegmentedRaftLogWorker: created new log segment /github/workspace/mnt/ozone/hadoop-ozone/integration-test/target/test-dir/MiniOzoneClusterImpl-f77758f3-7054-4a66-83a1-d2ef3e95fe09/omNode-3/ratis/c9bc4cf4-3bc3-3c60-a66b-523986131536/current/log_inprogress_521
2020-07-01 01:06:04,856 [grpc-default-executor-1] WARN  server.GrpcLogAppender (LogUtils.java:warn(122)) - omNode-1@group-523986131536->omNode-2-AppendLogResponseHandler: Failed appendEntries: org.apache.ratis.thirdparty.io.grpc.StatusRuntimeException: UNAVAILABLE: io exception
2020-07-01 01:06:04,856 [grpc-default-executor-1] INFO  impl.FollowerInfo (FollowerInfo.java:lambda$new$0(51)) - omNode-1@group-523986131536->omNode-2: nextIndex: updateUnconditionally 521 -> 45
2020-07-01 01:06:04,858 [Thread-5341] DEBUG impl.RaftServerImpl (RaftServerImpl.java:logAppendEntries(928)) - omNode-3@group-523986131536: succeeded to handle AppendEntries. Reply: omNode-1<-omNode-3#546:OK,SUCCESS,nextIndex:522,term:1,followerCommit:519
2020-07-01 01:06:04,859 [grpc-default-executor-1] DEBUG server.GrpcLogAppender (GrpcLogAppender.java:onNext(257)) - omNode-1@group-523986131536->omNode-3-AppendLogResponseHandler: received a reply omNode-1<-omNode-3#546:OK,SUCCESS,nextIndex:522,term:1,followerCommit:519, request=AppendEntriesRequest:cid=546,entriesCount=1,lastEntry=(t:1, i:521)
2020-07-01 01:06:04,863 [grpc-default-executor-1] DEBUG impl.RaftServerImpl (RaftServerImpl.java:logAppendEntries(928)) - omNode-3@group-523986131536: receive appendEntries(omNode-1, 1, (t:1, i:521), 521, false, commits[omNode-1:c521, omNode-3:c519, omNode-2:c43], entries: (t:1, i:522), METADATAENTRY(c:521)
2020-07-01 01:06:04,863 [grpc-default-executor-1] INFO  ratis.OzoneManagerStateMachine (OzoneManagerStateMachine.java:getLatestSnapshot(147)) - Latest Snapshot Info 1#499
2020-07-01 01:06:04,863 [grpc-default-executor-1] INFO  ratis.OzoneManagerStateMachine (OzoneManagerStateMachine.java:getLatestSnapshot(147)) - Latest Snapshot Info 1#499
2020-07-01 01:06:04,864 [grpc-default-executor-1] WARN  server.GrpcLogAppender (LogUtils.java:warn(122)) - omNode-1@group-523986131536->omNode-2-AppendLogResponseHandler: Failed appendEntries: org.apache.ratis.thirdparty.io.grpc.StatusRuntimeException: UNAVAILABLE: io exception
2020-07-01 01:06:04,864 [grpc-default-executor-1] INFO  impl.FollowerInfo (FollowerInfo.java:lambda$new$0(51)) - omNode-1@group-523986131536->omNode-2: nextIndex: updateUnconditionally 523 -> 45
2020-07-01 01:06:04,873 [IPC Server handler 2 on default port 11860] DEBUG impl.RaftServerImpl (RaftServerImpl.java:submitClientRequestAsync(575)) - omNode-1@group-523986131536: receive client request(RaftClientRequest:client-6E5155DBE9B8->omNode-1@group-523986131536, cid=584, seq=0, RW, Message:082412001a13636c6965...(size=360))
2020-07-01 01:06:04,874 [IPC Server handler 2 on default port 11860] DEBUG impl.RaftServerImpl (LeaderState.java:addPendingRequest(335)) - omNode-1@group-523986131536-LeaderState: addPendingRequest at RaftClientRequest:client-6E5155DBE9B8->omNode-1@group-523986131536, cid=584, seq=0, RW, Message:082412001a13636c6965...(size=360), entry=(t:1, i:523), STATEMACHINELOGENTRY, client-6E5155DBE9B8, cid=584
2020-07-01 01:06:04,876 [grpc-default-executor-1] DEBUG impl.RaftServerImpl (RaftServerImpl.java:logAppendEntries(928)) - omNode-3@group-523986131536: receive appendEntries(omNode-1, 1, (t:1, i:522), 521, false, commits[omNode-1:c521, omNode-3:c519, omNode-2:c43], entries: (t:1, i:523), STATEMACHINELOGENTRY, client-6E5155DBE9B8, cid=584
2020-07-01 01:06:04,876 [grpc-default-executor-8] WARN  server.GrpcLogAppender (LogUtils.java:warn(122)) - omNode-1@group-523986131536->omNode-2-AppendLogResponseHandler: Failed appendEntries: org.apache.ratis.thirdparty.io.grpc.StatusRuntimeException: UNAVAILABLE: io exception
2020-07-01 01:06:04,876 [grpc-default-executor-8] INFO  impl.FollowerInfo (FollowerInfo.java:lambda$new$0(51)) - omNode-1@group-523986131536->omNode-2: nextIndex: updateUnconditionally 524 -> 45
2020-07-01 01:06:04,878 [grpc-default-executor-1] INFO  ratis.OzoneManagerStateMachine (OzoneManagerStateMachine.java:getLatestSnapshot(147)) - Latest Snapshot Info 1#499
2020-07-01 01:06:04,879 [grpc-default-executor-1] INFO  ratis.OzoneManagerStateMachine (OzoneManagerStateMachine.java:getLatestSnapshot(147)) - Latest Snapshot Info 1#499
2020-07-01 01:06:04,879 [Thread-5342] DEBUG impl.RaftServerImpl (RaftServerImpl.java:logAppendEntries(928)) - omNode-3@group-523986131536: succeeded to handle AppendEntries. Reply: omNode-1<-omNode-3#547:OK,SUCCESS,nextIndex:523,term:1,followerCommit:521
2020-07-01 01:06:04,879 [grpc-default-executor-1] DEBUG server.GrpcLogAppender (GrpcLogAppender.java:onNext(257)) - omNode-1@group-523986131536->omNode-3-AppendLogResponseHandler: received a reply omNode-1<-omNode-3#547:OK,SUCCESS,nextIndex:523,term:1,followerCommit:521, request=AppendEntriesRequest:cid=547,entriesCount=1,lastEntry=(t:1, i:522)
2020-07-01 01:06:04,881 [Thread-5343] DEBUG impl.RaftServerImpl (RaftServerImpl.java:logAppendEntries(928)) - omNode-3@group-523986131536: succeeded to handle AppendEntries. Reply: omNode-1<-omNode-3#548:OK,SUCCESS,nextIndex:524,term:1,followerCommit:521
2020-07-01 01:06:04,881 [grpc-default-executor-1] DEBUG server.GrpcLogAppender (GrpcLogAppender.java:onNext(257)) - omNode-1@group-523986131536->omNode-3-AppendLogResponseHandler: received a reply omNode-1<-omNode-3#548:OK,SUCCESS,nextIndex:524,term:1,followerCommit:521, request=AppendEntriesRequest:cid=548,entriesCount=1,lastEntry=(t:1, i:523)
2020-07-01 01:06:04,882 [grpc-default-executor-1] DEBUG impl.RaftServerImpl (RaftServerImpl.java:logAppendEntries(928)) - omNode-3@group-523986131536: receive appendEntries(omNode-1, 1, (t:1, i:523), 523, false, commits[omNode-1:c523, omNode-3:c521, omNode-2:c43], entries: (t:1, i:524), METADATAENTRY(c:523)
2020-07-01 01:06:04,882 [grpc-default-executor-1] INFO  ratis.OzoneManagerStateMachine (OzoneManagerStateMachine.java:getLatestSnapshot(147)) - Latest Snapshot Info 1#499
2020-07-01 01:06:04,882 [grpc-default-executor-1] INFO  ratis.OzoneManagerStateMachine (OzoneManagerStateMachine.java:getLatestSnapshot(147)) - Latest Snapshot Info 1#499
2020-07-01 01:06:04,883 [grpc-default-executor-1] WARN  server.GrpcLogAppender (LogUtils.java:warn(122)) - omNode-1@group-523986131536->omNode-2-AppendLogResponseHandler: Failed appendEntries: org.apache.ratis.thirdparty.io.grpc.StatusRuntimeException: UNAVAILABLE: io exception
2020-07-01 01:06:04,883 [grpc-default-executor-1] INFO  impl.FollowerInfo (FollowerInfo.java:lambda$new$0(51)) - omNode-1@group-523986131536->omNode-2: nextIndex: updateUnconditionally 524 -> 45
2020-07-01 01:06:04,884 [Thread-5344] DEBUG impl.RaftServerImpl (RaftServerImpl.java:logAppendEntries(928)) - omNode-3@group-523986131536: succeeded to handle AppendEntries. Reply: omNode-1<-omNode-3#549:OK,SUCCESS,nextIndex:525,term:1,followerCommit:523
2020-07-01 01:06:04,885 [grpc-default-executor-1] DEBUG server.GrpcLogAppender (GrpcLogAppender.java:onNext(257)) - omNode-1@group-523986131536->omNode-3-AppendLogResponseHandler: received a reply omNode-1<-omNode-3#549:OK,SUCCESS,nextIndex:525,term:1,followerCommit:523, request=AppendEntriesRequest:cid=549,entriesCount=1,lastEntry=(t:1, i:524)
2020-07-01 01:06:04,885 [IPC Server handler 4 on default port 11860] DEBUG impl.RaftServerImpl (RaftServerImpl.java:submitClientRequestAsync(575)) - omNode-1@group-523986131536: receive client request(RaftClientRequest:client-6E5155DBE9B8->omNode-1@group-523986131536, cid=585, seq=0, RW, Message:081f12001a13636c6965...(size=409))
2020-07-01 01:06:04,886 [IPC Server handler 4 on default port 11860] DEBUG impl.RaftServerImpl (LeaderState.java:addPendingRequest(335)) - omNode-1@group-523986131536-LeaderState: addPendingRequest at RaftClientRequest:client-6E5155DBE9B8->omNode-1@group-523986131536, cid=585, seq=0, RW, Message:081f12001a13636c6965...(size=409), entry=(t:1, i:525), STATEMACHINELOGENTRY, client-6E5155DBE9B8, cid=585
2020-07-01 01:06:04,886 [grpc-default-executor-8] WARN  server.GrpcLogAppender (LogUtils.java:warn(122)) - omNode-1@group-523986131536->omNode-2-AppendLogResponseHandler: Failed appendEntries: org.apache.ratis.thirdparty.io.grpc.StatusRuntimeException: UNAVAILABLE: io exception
2020-07-01 01:06:04,886 [grpc-default-executor-8] INFO  impl.FollowerInfo (FollowerInfo.java:lambda$new$0(51)) - omNode-1@group-523986131536->omNode-2: nextIndex: updateUnconditionally 525 -> 45
2020-07-01 01:06:04,887 [grpc-default-executor-1] DEBUG impl.RaftServerImpl (RaftServerImpl.java:logAppendEntries(928)) - omNode-3@group-523986131536: receive appendEntries(omNode-1, 1, (t:1, i:524), 524, false, commits[omNode-1:c524, omNode-3:c523, omNode-2:c43], entries: (t:1, i:525), STATEMACHINELOGENTRY, client-6E5155DBE9B8, cid=585
2020-07-01 01:06:04,887 [grpc-default-executor-1] INFO  ratis.OzoneManagerStateMachine (OzoneManagerStateMachine.java:getLatestSnapshot(147)) - Latest Snapshot Info 1#499
2020-07-01 01:06:04,887 [grpc-default-executor-1] INFO  ratis.OzoneManagerStateMachine (OzoneManagerStateMachine.java:getLatestSnapshot(147)) - Latest Snapshot Info 1#499
2020-07-01 01:06:04,887 [Thread-5345] DEBUG impl.RaftServerImpl (RaftServerImpl.java:logAppendEntries(928)) - omNode-3@group-523986131536: succeeded to handle AppendEntries. Reply: omNode-1<-omNode-3#550:OK,SUCCESS,nextIndex:526,term:1,followerCommit:524
2020-07-01 01:06:04,888 [grpc-default-executor-1] DEBUG server.GrpcLogAppender (GrpcLogAppender.java:onNext(257)) - omNode-1@group-523986131536->omNode-3-AppendLogResponseHandler: received a reply omNode-1<-omNode-3#550:OK,SUCCESS,nextIndex:526,term:1,followerCommit:524, request=AppendEntriesRequest:cid=550,entriesCount=1,lastEntry=(t:1, i:525)
2020-07-01 01:06:04,890 [grpc-default-executor-6] DEBUG impl.RaftServerImpl (RaftServerImpl.java:logAppendEntries(928)) - omNode-3@group-523986131536: receive appendEntries(omNode-1, 1, (t:1, i:525), 525, false, commits[omNode-1:c525, omNode-3:c524, omNode-2:c43], entries: (t:1, i:526), METADATAENTRY(c:525)
2020-07-01 01:06:04,890 [grpc-default-executor-6] INFO  ratis.OzoneManagerStateMachine (OzoneManagerStateMachine.java:getLatestSnapshot(147)) - Latest Snapshot Info 1#499
2020-07-01 01:06:04,890 [grpc-default-executor-6] INFO  ratis.OzoneManagerStateMachine (OzoneManagerStateMachine.java:getLatestSnapshot(147)) - Latest Snapshot Info 1#499
2020-07-01 01:06:04,893 [grpc-default-executor-8] WARN  server.GrpcLogAppender (LogUtils.java:warn(122)) - omNode-1@group-523986131536->omNode-2-AppendLogResponseHandler: Failed appendEntries: org.apache.ratis.thirdparty.io.grpc.StatusRuntimeException: UNAVAILABLE: io exception
2020-07-01 01:06:04,893 [grpc-default-executor-8] INFO  impl.FollowerInfo (FollowerInfo.java:lambda$new$0(51)) - omNode-1@group-523986131536->omNode-2: nextIndex: updateUnconditionally 527 -> 45
2020-07-01 01:06:04,897 [IPC Server handler 6 on default port 11860] DEBUG impl.RaftServerImpl (RaftServerImpl.java:submitClientRequestAsync(575)) - omNode-1@group-523986131536: receive client request(RaftClientRequest:client-6E5155DBE9B8->omNode-1@group-523986131536, cid=586, seq=0, RW, Message:082412001a13636c6965...(size=360))
2020-07-01 01:06:04,897 [IPC Server handler 6 on default port 11860] DEBUG impl.RaftServerImpl (LeaderState.java:addPendingRequest(335)) - omNode-1@group-523986131536-LeaderState: addPendingRequest at RaftClientRequest:client-6E5155DBE9B8->omNode-1@group-523986131536, cid=586, seq=0, RW, Message:082412001a13636c6965...(size=360), entry=(t:1, i:527), STATEMACHINELOGENTRY, client-6E5155DBE9B8, cid=586
2020-07-01 01:06:04,898 [grpc-default-executor-8] DEBUG impl.RaftServerImpl (RaftServerImpl.java:logAppendEntries(928)) - omNode-3@group-523986131536: receive appendEntries(omNode-1, 1, (t:1, i:526), 525, false, commits[omNode-1:c525, omNode-3:c524, omNode-2:c43], entries: (t:1, i:527), STATEMACHINELOGENTRY, client-6E5155DBE9B8, cid=586
2020-07-01 01:06:04,898 [grpc-default-executor-8] INFO  ratis.OzoneManagerStateMachine (OzoneManagerStateMachine.java:getLatestSnapshot(147)) - Latest Snapshot Info 1#499
2020-07-01 01:06:04,898 [grpc-default-executor-8] INFO  ratis.OzoneManagerStateMachine (OzoneManagerStateMachine.java:getLatestSnapshot(147)) - Latest Snapshot Info 1#499
2020-07-01 01:06:04,900 [grpc-default-executor-1] WARN  server.GrpcLogAppender (LogUtils.java:warn(122)) - omNode-1@group-523986131536->omNode-2-AppendLogResponseHandler: Failed appendEntries: org.apache.ratis.thirdparty.io.grpc.StatusRuntimeException: UNAVAILABLE: io exception
2020-07-01 01:06:04,900 [grpc-default-executor-1] INFO  impl.FollowerInfo (FollowerInfo.java:lambda$new$0(51)) - omNode-1@group-523986131536->omNode-2: nextIndex: updateUnconditionally 528 -> 45
2020-07-01 01:06:04,900 [Thread-5346] DEBUG impl.RaftServerImpl (RaftServerImpl.java:logAppendEntries(928)) - omNode-3@group-523986131536: succeeded to handle AppendEntries. Reply: omNode-1<-omNode-3#551:OK,SUCCESS,nextIndex:527,term:1,followerCommit:525
2020-07-01 01:06:04,901 [grpc-default-executor-1] DEBUG server.GrpcLogAppender (GrpcLogAppender.java:onNext(257)) - omNode-1@group-523986131536->omNode-3-AppendLogResponseHandler: received a reply omNode-1<-omNode-3#551:OK,SUCCESS,nextIndex:527,term:1,followerCommit:525, request=AppendEntriesRequest:cid=551,entriesCount=1,lastEntry=(t:1, i:526)
2020-07-01 01:06:04,903 [grpc-default-executor-8] WARN  server.GrpcLogAppender (LogUtils.java:warn(122)) - omNode-1@group-523986131536->omNode-2-AppendLogResponseHandler: Failed appendEntries: org.apache.ratis.thirdparty.io.grpc.StatusRuntimeException: UNAVAILABLE: io exception
2020-07-01 01:06:04,903 [grpc-default-executor-8] INFO  impl.FollowerInfo (FollowerInfo.java:lambda$new$0(51)) - omNode-1@group-523986131536->omNode-2: nextIndex: updateUnconditionally 528 -> 45
2020-07-01 01:06:04,905 [Thread-5347] DEBUG impl.RaftServerImpl (RaftServerImpl.java:logAppendEntries(928)) - omNode-3@group-523986131536: succeeded to handle AppendEntries. Reply: omNode-1<-omNode-3#552:OK,SUCCESS,nextIndex:528,term:1,followerCommit:525
2020-07-01 01:06:04,905 [grpc-default-executor-8] DEBUG server.GrpcLogAppender (GrpcLogAppender.java:onNext(257)) - omNode-1@group-523986131536->omNode-3-AppendLogResponseHandler: received a reply omNode-1<-omNode-3#552:OK,SUCCESS,nextIndex:528,term:1,followerCommit:525, request=AppendEntriesRequest:cid=552,entriesCount=1,lastEntry=(t:1, i:527)
2020-07-01 01:06:04,907 [grpc-default-executor-1] DEBUG impl.RaftServerImpl (RaftServerImpl.java:logAppendEntries(928)) - omNode-3@group-523986131536: receive appendEntries(omNode-1, 1, (t:1, i:527), 527, false, commits[omNode-1:c527, omNode-3:c525, omNode-2:c43], entries: (t:1, i:528), METADATAENTRY(c:527)
2020-07-01 01:06:04,907 [grpc-default-executor-1] INFO  ratis.OzoneManagerStateMachine (OzoneManagerStateMachine.java:getLatestSnapshot(147)) - Latest Snapshot Info 1#499
2020-07-01 01:06:04,907 [grpc-default-executor-1] INFO  ratis.OzoneManagerStateMachine (OzoneManagerStateMachine.java:getLatestSnapshot(147)) - Latest Snapshot Info 1#499
2020-07-01 01:06:04,908 [IPC Server handler 7 on default port 11860] DEBUG impl.RaftServerImpl (RaftServerImpl.java:submitClientRequestAsync(575)) - omNode-1@group-523986131536: receive client request(RaftClientRequest:client-6E5155DBE9B8->omNode-1@group-523986131536, cid=587, seq=0, RW, Message:081f12001a13636c6965...(size=409))
2020-07-01 01:06:04,908 [IPC Server handler 7 on default port 11860] DEBUG impl.RaftServerImpl (LeaderState.java:addPendingRequest(335)) - omNode-1@group-523986131536-LeaderState: addPendingRequest at RaftClientRequest:client-6E5155DBE9B8->omNode-1@group-523986131536, cid=587, seq=0, RW, Message:081f12001a13636c6965...(size=409), entry=(t:1, i:529), STATEMACHINELOGENTRY, client-6E5155DBE9B8, cid=587
2020-07-01 01:06:04,909 [grpc-default-executor-1] DEBUG impl.RaftServerImpl (RaftServerImpl.java:logAppendEntries(928)) - omNode-3@group-523986131536: receive appendEntries(omNode-1, 1, (t:1, i:528), 527, false, commits[omNode-1:c527, omNode-3:c525, omNode-2:c43], entries: (t:1, i:529), STATEMACHINELOGENTRY, client-6E5155DBE9B8, cid=587
2020-07-01 01:06:04,909 [grpc-default-executor-1] INFO  ratis.OzoneManagerStateMachine (OzoneManagerStateMachine.java:getLatestSnapshot(147)) - Latest Snapshot Info 1#499
2020-07-01 01:06:04,909 [grpc-default-executor-1] INFO  ratis.OzoneManagerStateMachine (OzoneManagerStateMachine.java:getLatestSnapshot(147)) - Latest Snapshot Info 1#499
2020-07-01 01:06:04,910 [grpc-default-executor-1] WARN  server.GrpcLogAppender (LogUtils.java:warn(122)) - omNode-1@group-523986131536->omNode-2-AppendLogResponseHandler: Failed appendEntries: org.apache.ratis.thirdparty.io.grpc.StatusRuntimeException: UNAVAILABLE: io exception
2020-07-01 01:06:04,910 [grpc-default-executor-1] INFO  impl.FollowerInfo (FollowerInfo.java:lambda$new$0(51)) - omNode-1@group-523986131536->omNode-2: nextIndex: updateUnconditionally 529 -> 45
2020-07-01 01:06:04,914 [Thread-5348] DEBUG impl.RaftServerImpl (RaftServerImpl.java:logAppendEntries(928)) - omNode-3@group-523986131536: succeeded to handle AppendEntries. Reply: omNode-1<-omNode-3#553:OK,SUCCESS,nextIndex:529,term:1,followerCommit:527
2020-07-01 01:06:04,914 [grpc-default-executor-1] DEBUG server.GrpcLogAppender (GrpcLogAppender.java:onNext(257)) - omNode-1@group-523986131536->omNode-3-AppendLogResponseHandler: received a reply omNode-1<-omNode-3#553:OK,SUCCESS,nextIndex:529,term:1,followerCommit:527, request=AppendEntriesRequest:cid=553,entriesCount=1,lastEntry=(t:1, i:528)
2020-07-01 01:06:04,914 [Thread-5349] DEBUG impl.RaftServerImpl (RaftServerImpl.java:logAppendEntries(928)) - omNode-3@group-523986131536: succeeded to handle AppendEntries. Reply: omNode-1<-omNode-3#554:OK,SUCCESS,nextIndex:530,term:1,followerCommit:527
2020-07-01 01:06:04,915 [grpc-default-executor-1] DEBUG server.GrpcLogAppender (GrpcLogAppender.java:onNext(257)) - omNode-1@group-523986131536->omNode-3-AppendLogResponseHandler: received a reply omNode-1<-omNode-3#554:OK,SUCCESS,nextIndex:530,term:1,followerCommit:527, request=AppendEntriesRequest:cid=554,entriesCount=1,lastEntry=(t:1, i:529)
2020-07-01 01:06:04,916 [grpc-default-executor-1] DEBUG impl.RaftServerImpl (RaftServerImpl.java:logAppendEntries(928)) - omNode-3@group-523986131536: receive appendEntries(omNode-1, 1, (t:1, i:529), 529, false, commits[omNode-1:c529, omNode-3:c527, omNode-2:c43], entries: (t:1, i:530), METADATAENTRY(c:529)
2020-07-01 01:06:04,916 [grpc-default-executor-1] INFO  ratis.OzoneManagerStateMachine (OzoneManagerStateMachine.java:getLatestSnapshot(147)) - Latest Snapshot Info 1#499
2020-07-01 01:06:04,916 [grpc-default-executor-1] INFO  ratis.OzoneManagerStateMachine (OzoneManagerStateMachine.java:getLatestSnapshot(147)) - Latest Snapshot Info 1#499
2020-07-01 01:06:04,917 [Thread-5350] DEBUG impl.RaftServerImpl (RaftServerImpl.java:logAppendEntries(928)) - omNode-3@group-523986131536: succeeded to handle AppendEntries. Reply: omNode-1<-omNode-3#555:OK,SUCCESS,nextIndex:531,term:1,followerCommit:529
2020-07-01 01:06:04,918 [grpc-default-executor-1] WARN  server.GrpcLogAppender (LogUtils.java:warn(122)) - omNode-1@group-523986131536->omNode-2-AppendLogResponseHandler: Failed appendEntries: org.apache.ratis.thirdparty.io.grpc.StatusRuntimeException: UNAVAILABLE: io exception
2020-07-01 01:06:04,921 [grpc-default-executor-1] INFO  impl.FollowerInfo (FollowerInfo.java:lambda$new$0(51)) - omNode-1@group-523986131536->omNode-2: nextIndex: updateUnconditionally 530 -> 45
2020-07-01 01:06:04,921 [grpc-default-executor-1] DEBUG server.GrpcLogAppender (GrpcLogAppender.java:onNext(257)) - omNode-1@group-523986131536->omNode-3-AppendLogResponseHandler: received a reply omNode-1<-omNode-3#555:OK,SUCCESS,nextIndex:531,term:1,followerCommit:529, request=AppendEntriesRequest:cid=555,entriesCount=1,lastEntry=(t:1, i:530)
2020-07-01 01:06:04,924 [grpc-default-executor-8] WARN  server.GrpcLogAppender (LogUtils.java:warn(122)) - omNode-1@group-523986131536->omNode-2-AppendLogResponseHandler: Failed appendEntries: org.apache.ratis.thirdparty.io.grpc.StatusRuntimeException: UNAVAILABLE: io exception
2020-07-01 01:06:04,924 [grpc-default-executor-8] INFO  impl.FollowerInfo (FollowerInfo.java:lambda$new$0(51)) - omNode-1@group-523986131536->omNode-2: nextIndex: updateUnconditionally 531 -> 45
2020-07-01 01:06:04,926 [IPC Server handler 8 on default port 11860] DEBUG impl.RaftServerImpl (RaftServerImpl.java:submitClientRequestAsync(575)) - omNode-1@group-523986131536: receive client request(RaftClientRequest:client-6E5155DBE9B8->omNode-1@group-523986131536, cid=588, seq=0, RW, Message:082412001a13636c6965...(size=360))
2020-07-01 01:06:04,927 [IPC Server handler 8 on default port 11860] DEBUG impl.RaftServerImpl (LeaderState.java:addPendingRequest(335)) - omNode-1@group-523986131536-LeaderState: addPendingRequest at RaftClientRequest:client-6E5155DBE9B8->omNode-1@group-523986131536, cid=588, seq=0, RW, Message:082412001a13636c6965...(size=360), entry=(t:1, i:531), STATEMACHINELOGENTRY, client-6E5155DBE9B8, cid=588
2020-07-01 01:06:04,927 [grpc-default-executor-1] DEBUG impl.RaftServerImpl (RaftServerImpl.java:logAppendEntries(928)) - omNode-3@group-523986131536: receive appendEntries(omNode-1, 1, (t:1, i:530), 530, false, commits[omNode-1:c530, omNode-3:c529, omNode-2:c43], entries: (t:1, i:531), STATEMACHINELOGENTRY, client-6E5155DBE9B8, cid=588
2020-07-01 01:06:04,927 [grpc-default-executor-1] INFO  ratis.OzoneManagerStateMachine (OzoneManagerStateMachine.java:getLatestSnapshot(147)) - Latest Snapshot Info 1#499
2020-07-01 01:06:04,927 [grpc-default-executor-1] INFO  ratis.OzoneManagerStateMachine (OzoneManagerStateMachine.java:getLatestSnapshot(147)) - Latest Snapshot Info 1#499
2020-07-01 01:06:04,928 [Thread-5351] DEBUG impl.RaftServerImpl (RaftServerImpl.java:logAppendEntries(928)) - omNode-3@group-523986131536: succeeded to handle AppendEntries. Reply: omNode-1<-omNode-3#556:OK,SUCCESS,nextIndex:532,term:1,followerCommit:530
2020-07-01 01:06:04,929 [grpc-default-executor-1] DEBUG server.GrpcLogAppender (GrpcLogAppender.java:onNext(257)) - omNode-1@group-523986131536->omNode-3-AppendLogResponseHandler: received a reply omNode-1<-omNode-3#556:OK,SUCCESS,nextIndex:532,term:1,followerCommit:530, request=AppendEntriesRequest:cid=556,entriesCount=1,lastEntry=(t:1, i:531)
2020-07-01 01:06:04,930 [grpc-default-executor-6] WARN  server.GrpcLogAppender (LogUtils.java:warn(122)) - omNode-1@group-523986131536->omNode-2-AppendLogResponseHandler: Failed appendEntries: org.apache.ratis.thirdparty.io.grpc.StatusRuntimeException: UNAVAILABLE: io exception
2020-07-01 01:06:04,930 [grpc-default-executor-6] INFO  impl.FollowerInfo (FollowerInfo.java:lambda$new$0(51)) - omNode-1@group-523986131536->omNode-2: nextIndex: updateUnconditionally 532 -> 45
2020-07-01 01:06:04,930 [grpc-default-executor-8] DEBUG impl.RaftServerImpl (RaftServerImpl.java:logAppendEntries(928)) - omNode-3@group-523986131536: receive appendEntries(omNode-1, 1, (t:1, i:531), 531, false, commits[omNode-1:c531, omNode-3:c530, omNode-2:c43], entries: (t:1, i:532), METADATAENTRY(c:531)
2020-07-01 01:06:04,930 [grpc-default-executor-8] INFO  ratis.OzoneManagerStateMachine (OzoneManagerStateMachine.java:getLatestSnapshot(147)) - Latest Snapshot Info 1#499
2020-07-01 01:06:04,930 [grpc-default-executor-8] INFO  ratis.OzoneManagerStateMachine (OzoneManagerStateMachine.java:getLatestSnapshot(147)) - Latest Snapshot Info 1#499
2020-07-01 01:06:04,931 [Thread-5353] DEBUG impl.RaftServerImpl (RaftServerImpl.java:logAppendEntries(928)) - omNode-3@group-523986131536: succeeded to handle AppendEntries. Reply: omNode-1<-omNode-3#557:OK,SUCCESS,nextIndex:533,term:1,followerCommit:531
2020-07-01 01:06:04,932 [IPC Server handler 10 on default port 11860] DEBUG impl.RaftServerImpl (RaftServerImpl.java:submitClientRequestAsync(575)) - omNode-1@group-523986131536: receive client request(RaftClientRequest:client-6E5155DBE9B8->omNode-1@group-523986131536, cid=590, seq=0, RW, Message:081f12001a13636c6965...(size=409))
2020-07-01 01:06:04,932 [IPC Server handler 10 on default port 11860] DEBUG impl.RaftServerImpl (LeaderState.java:addPendingRequest(335)) - omNode-1@group-523986131536-LeaderState: addPendingRequest at RaftClientRequest:client-6E5155DBE9B8->omNode-1@group-523986131536, cid=590, seq=0, RW, Message:081f12001a13636c6965...(size=409), entry=(t:1, i:533), STATEMACHINELOGENTRY, client-6E5155DBE9B8, cid=590
2020-07-01 01:06:04,932 [grpc-default-executor-8] DEBUG impl.RaftServerImpl (RaftServerImpl.java:logAppendEntries(928)) - omNode-3@group-523986131536: receive appendEntries(omNode-1, 1, (t:1, i:532), 531, false, commits[omNode-1:c531, omNode-3:c530, omNode-2:c43], entries: (t:1, i:533), STATEMACHINELOGENTRY, client-6E5155DBE9B8, cid=590
2020-07-01 01:06:04,933 [grpc-default-executor-8] INFO  ratis.OzoneManagerStateMachine (OzoneManagerStateMachine.java:getLatestSnapshot(147)) - Latest Snapshot Info 1#499
2020-07-01 01:06:04,933 [grpc-default-executor-8] INFO  ratis.OzoneManagerStateMachine (OzoneManagerStateMachine.java:getLatestSnapshot(147)) - Latest Snapshot Info 1#499
2020-07-01 01:06:04,932 [grpc-default-executor-6] DEBUG server.GrpcLogAppender (GrpcLogAppender.java:onNext(257)) - omNode-1@group-523986131536->omNode-3-AppendLogResponseHandler: received a reply omNode-1<-omNode-3#557:OK,SUCCESS,nextIndex:533,term:1,followerCommit:531, request=AppendEntriesRequest:cid=557,entriesCount=1,lastEntry=(t:1, i:532)
2020-07-01 01:06:04,933 [Thread-5354] DEBUG impl.RaftServerImpl (RaftServerImpl.java:logAppendEntries(928)) - omNode-3@group-523986131536: succeeded to handle AppendEntries. Reply: omNode-1<-omNode-3#558:OK,SUCCESS,nextIndex:534,term:1,followerCommit:531
2020-07-01 01:06:04,934 [grpc-default-executor-6] DEBUG server.GrpcLogAppender (GrpcLogAppender.java:onNext(257)) - omNode-1@group-523986131536->omNode-3-AppendLogResponseHandler: received a reply omNode-1<-omNode-3#558:OK,SUCCESS,nextIndex:534,term:1,followerCommit:531, request=AppendEntriesRequest:cid=558,entriesCount=1,lastEntry=(t:1, i:533)
2020-07-01 01:06:04,934 [grpc-default-executor-8] WARN  server.GrpcLogAppender (LogUtils.java:warn(122)) - omNode-1@group-523986131536->omNode-2-AppendLogResponseHandler: Failed appendEntries: org.apache.ratis.thirdparty.io.grpc.StatusRuntimeException: UNAVAILABLE: io exception
2020-07-01 01:06:04,934 [grpc-default-executor-8] INFO  impl.FollowerInfo (FollowerInfo.java:lambda$new$0(51)) - omNode-1@group-523986131536->omNode-2: nextIndex: updateUnconditionally 533 -> 45
2020-07-01 01:06:04,936 [grpc-default-executor-6] DEBUG impl.RaftServerImpl (RaftServerImpl.java:logAppendEntries(928)) - omNode-3@group-523986131536: receive appendEntries(omNode-1, 1, (t:1, i:533), 533, false, commits[omNode-1:c533, omNode-3:c531, omNode-2:c43], entries: (t:1, i:534), METADATAENTRY(c:533)
2020-07-01 01:06:04,936 [grpc-default-executor-6] INFO  ratis.OzoneManagerStateMachine (OzoneManagerStateMachine.java:getLatestSnapshot(147)) - Latest Snapshot Info 1#499
2020-07-01 01:06:04,936 [grpc-default-executor-6] INFO  ratis.OzoneManagerStateMachine (OzoneManagerStateMachine.java:getLatestSnapshot(147)) - Latest Snapshot Info 1#499
2020-07-01 01:06:04,937 [grpc-default-executor-7] WARN  server.GrpcLogAppender (LogUtils.java:warn(122)) - omNode-1@group-523986131536->omNode-2-AppendLogResponseHandler: Failed appendEntries: org.apache.ratis.thirdparty.io.grpc.StatusRuntimeException: UNAVAILABLE: io exception
2020-07-01 01:06:04,937 [grpc-default-executor-7] INFO  impl.FollowerInfo (FollowerInfo.java:lambda$new$0(51)) - omNode-1@group-523986131536->omNode-2: nextIndex: updateUnconditionally 535 -> 45
2020-07-01 01:06:04,938 [Thread-5355] DEBUG impl.RaftServerImpl (RaftServerImpl.java:logAppendEntries(928)) - omNode-3@group-523986131536: succeeded to handle AppendEntries. Reply: omNode-1<-omNode-3#559:OK,SUCCESS,nextIndex:535,term:1,followerCommit:533
2020-07-01 01:06:04,938 [grpc-default-executor-7] DEBUG server.GrpcLogAppender (GrpcLogAppender.java:onNext(257)) - omNode-1@group-523986131536->omNode-3-AppendLogResponseHandler: received a reply omNode-1<-omNode-3#559:OK,SUCCESS,nextIndex:535,term:1,followerCommit:533, request=AppendEntriesRequest:cid=559,entriesCount=1,lastEntry=(t:1, i:534)
2020-07-01 01:06:04,940 [grpc-default-executor-8] WARN  server.GrpcLogAppender (LogUtils.java:warn(122)) - omNode-1@group-523986131536->omNode-2-AppendLogResponseHandler: Failed appendEntries: org.apache.ratis.thirdparty.io.grpc.StatusRuntimeException: UNAVAILABLE: io exception
2020-07-01 01:06:04,940 [grpc-default-executor-8] INFO  impl.FollowerInfo (FollowerInfo.java:lambda$new$0(51)) - omNode-1@group-523986131536->omNode-2: nextIndex: updateUnconditionally 535 -> 45
2020-07-01 01:06:04,947 [IPC Server handler 9 on default port 11860] DEBUG impl.RaftServerImpl (RaftServerImpl.java:submitClientRequestAsync(575)) - omNode-1@group-523986131536: receive client request(RaftClientRequest:client-6E5155DBE9B8->omNode-1@group-523986131536, cid=591, seq=0, RW, Message:082412001a13636c6965...(size=360))
2020-07-01 01:06:04,947 [IPC Server handler 9 on default port 11860] DEBUG impl.RaftServerImpl (LeaderState.java:addPendingRequest(335)) - omNode-1@group-523986131536-LeaderState: addPendingRequest at RaftClientRequest:client-6E5155DBE9B8->omNode-1@group-523986131536, cid=591, seq=0, RW, Message:082412001a13636c6965...(size=360), entry=(t:1, i:535), STATEMACHINELOGENTRY, client-6E5155DBE9B8, cid=591
2020-07-01 01:06:04,949 [grpc-default-executor-6] WARN  server.GrpcLogAppender (LogUtils.java:warn(122)) - omNode-1@group-523986131536->omNode-2-AppendLogResponseHandler: Failed appendEntries: org.apache.ratis.thirdparty.io.grpc.StatusRuntimeException: UNAVAILABLE: io exception
2020-07-01 01:06:04,949 [grpc-default-executor-6] INFO  impl.FollowerInfo (FollowerInfo.java:lambda$new$0(51)) - omNode-1@group-523986131536->omNode-2: nextIndex: updateUnconditionally 536 -> 45
2020-07-01 01:06:04,949 [grpc-default-executor-8] DEBUG impl.RaftServerImpl (RaftServerImpl.java:logAppendEntries(928)) - omNode-3@group-523986131536: receive appendEntries(omNode-1, 1, (t:1, i:534), 534, false, commits[omNode-1:c534, omNode-3:c533, omNode-2:c43], entries: (t:1, i:535), STATEMACHINELOGENTRY, client-6E5155DBE9B8, cid=591
2020-07-01 01:06:04,950 [grpc-default-executor-8] INFO  ratis.OzoneManagerStateMachine (OzoneManagerStateMachine.java:getLatestSnapshot(147)) - Latest Snapshot Info 1#499
2020-07-01 01:06:04,950 [grpc-default-executor-8] INFO  ratis.OzoneManagerStateMachine (OzoneManagerStateMachine.java:getLatestSnapshot(147)) - Latest Snapshot Info 1#499
2020-07-01 01:06:04,950 [Thread-5356] DEBUG impl.RaftServerImpl (RaftServerImpl.java:logAppendEntries(928)) - omNode-3@group-523986131536: succeeded to handle AppendEntries. Reply: omNode-1<-omNode-3#560:OK,SUCCESS,nextIndex:536,term:1,followerCommit:534
2020-07-01 01:06:04,951 [grpc-default-executor-8] DEBUG server.GrpcLogAppender (GrpcLogAppender.java:onNext(257)) - omNode-1@group-523986131536->omNode-3-AppendLogResponseHandler: received a reply omNode-1<-omNode-3#560:OK,SUCCESS,nextIndex:536,term:1,followerCommit:534, request=AppendEntriesRequest:cid=560,entriesCount=1,lastEntry=(t:1, i:535)
2020-07-01 01:06:04,951 [grpc-default-executor-8] DEBUG impl.RaftServerImpl (RaftServerImpl.java:logAppendEntries(928)) - omNode-3@group-523986131536: receive appendEntries(omNode-1, 1, (t:1, i:535), 535, false, commits[omNode-1:c535, omNode-3:c534, omNode-2:c43], entries: (t:1, i:536), METADATAENTRY(c:535)
2020-07-01 01:06:04,951 [grpc-default-executor-8] INFO  ratis.OzoneManagerStateMachine (OzoneManagerStateMachine.java:getLatestSnapshot(147)) - Latest Snapshot Info 1#499
2020-07-01 01:06:04,951 [grpc-default-executor-8] INFO  ratis.OzoneManagerStateMachine (OzoneManagerStateMachine.java:getLatestSnapshot(147)) - Latest Snapshot Info 1#499
2020-07-01 01:06:04,953 [grpc-default-executor-6] WARN  server.GrpcLogAppender (LogUtils.java:warn(122)) - omNode-1@group-523986131536->omNode-2-AppendLogResponseHandler: Failed appendEntries: org.apache.ratis.thirdparty.io.grpc.StatusRuntimeException: UNAVAILABLE: io exception
2020-07-01 01:06:04,953 [grpc-default-executor-6] INFO  impl.FollowerInfo (FollowerInfo.java:lambda$new$0(51)) - omNode-1@group-523986131536->omNode-2: nextIndex: updateUnconditionally 537 -> 45
2020-07-01 01:06:04,954 [IPC Server handler 17 on default port 11860] DEBUG impl.RaftServerImpl (RaftServerImpl.java:submitClientRequestAsync(575)) - omNode-1@group-523986131536: receive client request(RaftClientRequest:client-6E5155DBE9B8->omNode-1@group-523986131536, cid=592, seq=0, RW, Message:081f12001a13636c6965...(size=409))
2020-07-01 01:06:04,955 [IPC Server handler 17 on default port 11860] DEBUG impl.RaftServerImpl (LeaderState.java:addPendingRequest(335)) - omNode-1@group-523986131536-LeaderState: addPendingRequest at RaftClientRequest:client-6E5155DBE9B8->omNode-1@group-523986131536, cid=592, seq=0, RW, Message:081f12001a13636c6965...(size=409), entry=(t:1, i:537), STATEMACHINELOGENTRY, client-6E5155DBE9B8, cid=592
2020-07-01 01:06:04,955 [grpc-default-executor-6] DEBUG impl.RaftServerImpl (RaftServerImpl.java:logAppendEntries(928)) - omNode-3@group-523986131536: receive appendEntries(omNode-1, 1, (t:1, i:536), 535, false, commits[omNode-1:c535, omNode-3:c534, omNode-2:c43], entries: (t:1, i:537), STATEMACHINELOGENTRY, client-6E5155DBE9B8, cid=592
2020-07-01 01:06:04,955 [grpc-default-executor-6] INFO  ratis.OzoneManagerStateMachine (OzoneManagerStateMachine.java:getLatestSnapshot(147)) - Latest Snapshot Info 1#499
2020-07-01 01:06:04,955 [grpc-default-executor-6] INFO  ratis.OzoneManagerStateMachine (OzoneManagerStateMachine.java:getLatestSnapshot(147)) - Latest Snapshot Info 1#499
2020-07-01 01:06:04,957 [grpc-default-executor-8] WARN  server.GrpcLogAppender (LogUtils.java:warn(122)) - omNode-1@group-523986131536->omNode-2-AppendLogResponseHandler: Failed appendEntries: org.apache.ratis.thirdparty.io.grpc.StatusRuntimeException: UNAVAILABLE: io exception
2020-07-01 01:06:04,957 [grpc-default-executor-8] INFO  impl.FollowerInfo (FollowerInfo.java:lambda$new$0(51)) - omNode-1@group-523986131536->omNode-2: nextIndex: updateUnconditionally 538 -> 45
2020-07-01 01:06:04,961 [Thread-5357] DEBUG impl.RaftServerImpl (RaftServerImpl.java:logAppendEntries(928)) - omNode-3@group-523986131536: succeeded to handle AppendEntries. Reply: omNode-1<-omNode-3#561:OK,SUCCESS,nextIndex:537,term:1,followerCommit:535
2020-07-01 01:06:04,961 [grpc-default-executor-8] DEBUG server.GrpcLogAppender (GrpcLogAppender.java:onNext(257)) - omNode-1@group-523986131536->omNode-3-AppendLogResponseHandler: received a reply omNode-1<-omNode-3#561:OK,SUCCESS,nextIndex:537,term:1,followerCommit:535, request=AppendEntriesRequest:cid=561,entriesCount=1,lastEntry=(t:1, i:536)
2020-07-01 01:06:04,962 [Thread-5358] DEBUG impl.RaftServerImpl (RaftServerImpl.java:logAppendEntries(928)) - omNode-3@group-523986131536: succeeded to handle AppendEntries. Reply: omNode-1<-omNode-3#562:OK,SUCCESS,nextIndex:538,term:1,followerCommit:535
2020-07-01 01:06:04,962 [grpc-default-executor-8] DEBUG server.GrpcLogAppender (GrpcLogAppender.java:onNext(257)) - omNode-1@group-523986131536->omNode-3-AppendLogResponseHandler: received a reply omNode-1<-omNode-3#562:OK,SUCCESS,nextIndex:538,term:1,followerCommit:535, request=AppendEntriesRequest:cid=562,entriesCount=1,lastEntry=(t:1, i:537)
2020-07-01 01:06:04,963 [grpc-default-executor-6] DEBUG impl.RaftServerImpl (RaftServerImpl.java:logAppendEntries(928)) - omNode-3@group-523986131536: receive appendEntries(omNode-1, 1, (t:1, i:537), 537, false, commits[omNode-1:c537, omNode-3:c535, omNode-2:c43], entries: (t:1, i:538), METADATAENTRY(c:537)
2020-07-01 01:06:04,963 [grpc-default-executor-6] INFO  ratis.OzoneManagerStateMachine (OzoneManagerStateMachine.java:getLatestSnapshot(147)) - Latest Snapshot Info 1#499
2020-07-01 01:06:04,963 [grpc-default-executor-6] INFO  ratis.OzoneManagerStateMachine (OzoneManagerStateMachine.java:getLatestSnapshot(147)) - Latest Snapshot Info 1#499
2020-07-01 01:06:04,966 [grpc-default-executor-7] WARN  server.GrpcLogAppender (LogUtils.java:warn(122)) - omNode-1@group-523986131536->omNode-2-AppendLogResponseHandler: Failed appendEntries: org.apache.ratis.thirdparty.io.grpc.StatusRuntimeException: UNAVAILABLE: io exception
2020-07-01 01:06:04,966 [grpc-default-executor-7] INFO  impl.FollowerInfo (FollowerInfo.java:lambda$new$0(51)) - omNode-1@group-523986131536->omNode-2: nextIndex: updateUnconditionally 538 -> 45
2020-07-01 01:06:04,966 [Thread-5359] DEBUG impl.RaftServerImpl (RaftServerImpl.java:logAppendEntries(928)) - omNode-3@group-523986131536: succeeded to handle AppendEntries. Reply: omNode-1<-omNode-3#563:OK,SUCCESS,nextIndex:539,term:1,followerCommit:537
2020-07-01 01:06:04,967 [grpc-default-executor-8] DEBUG server.GrpcLogAppender (GrpcLogAppender.java:onNext(257)) - omNode-1@group-523986131536->omNode-3-AppendLogResponseHandler: received a reply omNode-1<-omNode-3#563:OK,SUCCESS,nextIndex:539,term:1,followerCommit:537, request=AppendEntriesRequest:cid=563,entriesCount=1,lastEntry=(t:1, i:538)
2020-07-01 01:06:04,969 [grpc-default-executor-8] WARN  server.GrpcLogAppender (LogUtils.java:warn(122)) - omNode-1@group-523986131536->omNode-2-AppendLogResponseHandler: Failed appendEntries: org.apache.ratis.thirdparty.io.grpc.StatusRuntimeException: UNAVAILABLE: io exception
2020-07-01 01:06:04,969 [grpc-default-executor-8] INFO  impl.FollowerInfo (FollowerInfo.java:lambda$new$0(51)) - omNode-1@group-523986131536->omNode-2: nextIndex: updateUnconditionally 539 -> 45
2020-07-01 01:06:04,969 [IPC Server handler 11 on default port 11860] DEBUG impl.RaftServerImpl (RaftServerImpl.java:submitClientRequestAsync(575)) - omNode-1@group-523986131536: receive client request(RaftClientRequest:client-6E5155DBE9B8->omNode-1@group-523986131536, cid=593, seq=0, RW, Message:082412001a13636c6965...(size=360))
2020-07-01 01:06:04,970 [IPC Server handler 11 on default port 11860] DEBUG impl.RaftServerImpl (LeaderState.java:addPendingRequest(335)) - omNode-1@group-523986131536-LeaderState: addPendingRequest at RaftClientRequest:client-6E5155DBE9B8->omNode-1@group-523986131536, cid=593, seq=0, RW, Message:082412001a13636c6965...(size=360), entry=(t:1, i:539), STATEMACHINELOGENTRY, client-6E5155DBE9B8, cid=593
2020-07-01 01:06:04,970 [grpc-default-executor-8] DEBUG impl.RaftServerImpl (RaftServerImpl.java:logAppendEntries(928)) - omNode-3@group-523986131536: receive appendEntries(omNode-1, 1, (t:1, i:538), 538, false, commits[omNode-1:c538, omNode-3:c537, omNode-2:c43], entries: (t:1, i:539), STATEMACHINELOGENTRY, client-6E5155DBE9B8, cid=593
2020-07-01 01:06:04,970 [grpc-default-executor-8] INFO  ratis.OzoneManagerStateMachine (OzoneManagerStateMachine.java:getLatestSnapshot(147)) - Latest Snapshot Info 1#499
2020-07-01 01:06:04,970 [grpc-default-executor-8] INFO  ratis.OzoneManagerStateMachine (OzoneManagerStateMachine.java:getLatestSnapshot(147)) - Latest Snapshot Info 1#499
2020-07-01 01:06:04,972 [Thread-5360] DEBUG impl.RaftServerImpl (RaftServerImpl.java:logAppendEntries(928)) - omNode-3@group-523986131536: succeeded to handle AppendEntries. Reply: omNode-1<-omNode-3#564:OK,SUCCESS,nextIndex:540,term:1,followerCommit:538
2020-07-01 01:06:04,972 [grpc-default-executor-7] DEBUG server.GrpcLogAppender (GrpcLogAppender.java:onNext(257)) - omNode-1@group-523986131536->omNode-3-AppendLogResponseHandler: received a reply omNode-1<-omNode-3#564:OK,SUCCESS,nextIndex:540,term:1,followerCommit:538, request=AppendEntriesRequest:cid=564,entriesCount=1,lastEntry=(t:1, i:539)
2020-07-01 01:06:04,972 [grpc-default-executor-6] WARN  server.GrpcLogAppender (LogUtils.java:warn(122)) - omNode-1@group-523986131536->omNode-2-AppendLogResponseHandler: Failed appendEntries: org.apache.ratis.thirdparty.io.grpc.StatusRuntimeException: UNAVAILABLE: io exception
2020-07-01 01:06:04,972 [grpc-default-executor-6] INFO  impl.FollowerInfo (FollowerInfo.java:lambda$new$0(51)) - omNode-1@group-523986131536->omNode-2: nextIndex: updateUnconditionally 540 -> 45
2020-07-01 01:06:04,975 [grpc-default-executor-6] DEBUG impl.RaftServerImpl (RaftServerImpl.java:logAppendEntries(928)) - omNode-3@group-523986131536: receive appendEntries(omNode-1, 1, (t:1, i:539), 539, false, commits[omNode-1:c539, omNode-3:c538, omNode-2:c43], entries: (t:1, i:540), METADATAENTRY(c:539)
2020-07-01 01:06:04,975 [grpc-default-executor-6] INFO  ratis.OzoneManagerStateMachine (OzoneManagerStateMachine.java:getLatestSnapshot(147)) - Latest Snapshot Info 1#499
2020-07-01 01:06:04,975 [grpc-default-executor-6] INFO  ratis.OzoneManagerStateMachine (OzoneManagerStateMachine.java:getLatestSnapshot(147)) - Latest Snapshot Info 1#499
2020-07-01 01:06:04,976 [IPC Server handler 13 on default port 11860] DEBUG impl.RaftServerImpl (RaftServerImpl.java:submitClientRequestAsync(575)) - omNode-1@group-523986131536: receive client request(RaftClientRequest:client-6E5155DBE9B8->omNode-1@group-523986131536, cid=594, seq=0, RW, Message:081f12001a13636c6965...(size=409))
2020-07-01 01:06:04,976 [IPC Server handler 13 on default port 11860] DEBUG impl.RaftServerImpl (LeaderState.java:addPendingRequest(335)) - omNode-1@group-523986131536-LeaderState: addPendingRequest at RaftClientRequest:client-6E5155DBE9B8->omNode-1@group-523986131536, cid=594, seq=0, RW, Message:081f12001a13636c6965...(size=409), entry=(t:1, i:541), STATEMACHINELOGENTRY, client-6E5155DBE9B8, cid=594
2020-07-01 01:06:04,976 [grpc-default-executor-6] WARN  server.GrpcLogAppender (LogUtils.java:warn(122)) - omNode-1@group-523986131536->omNode-2-AppendLogResponseHandler: Failed appendEntries: org.apache.ratis.thirdparty.io.grpc.StatusRuntimeException: UNAVAILABLE: io exception
2020-07-01 01:06:04,977 [grpc-default-executor-6] INFO  impl.FollowerInfo (FollowerInfo.java:lambda$new$0(51)) - omNode-1@group-523986131536->omNode-2: nextIndex: updateUnconditionally 541 -> 45
2020-07-01 01:06:04,977 [grpc-default-executor-6] DEBUG impl.RaftServerImpl (RaftServerImpl.java:logAppendEntries(928)) - omNode-3@group-523986131536: receive appendEntries(omNode-1, 1, (t:1, i:540), 539, false, commits[omNode-1:c539, omNode-3:c538, omNode-2:c43], entries: (t:1, i:541), STATEMACHINELOGENTRY, client-6E5155DBE9B8, cid=594
2020-07-01 01:06:04,977 [grpc-default-executor-6] INFO  ratis.OzoneManagerStateMachine (OzoneManagerStateMachine.java:getLatestSnapshot(147)) - Latest Snapshot Info 1#499
2020-07-01 01:06:04,977 [grpc-default-executor-6] INFO  ratis.OzoneManagerStateMachine (OzoneManagerStateMachine.java:getLatestSnapshot(147)) - Latest Snapshot Info 1#499
2020-07-01 01:06:04,979 [grpc-default-executor-6] WARN  server.GrpcLogAppender (LogUtils.java:warn(122)) - omNode-1@group-523986131536->omNode-2-AppendLogResponseHandler: Failed appendEntries: org.apache.ratis.thirdparty.io.grpc.StatusRuntimeException: UNAVAILABLE: io exception
2020-07-01 01:06:04,979 [grpc-default-executor-6] INFO  impl.FollowerInfo (FollowerInfo.java:lambda$new$0(51)) - omNode-1@group-523986131536->omNode-2: nextIndex: updateUnconditionally 542 -> 45
2020-07-01 01:06:04,981 [grpc-default-executor-6] WARN  server.GrpcLogAppender (LogUtils.java:warn(122)) - omNode-1@group-523986131536->omNode-2-AppendLogResponseHandler: Failed appendEntries: org.apache.ratis.thirdparty.io.grpc.StatusRuntimeException: UNAVAILABLE: io exception
2020-07-01 01:06:04,982 [grpc-default-executor-6] INFO  impl.FollowerInfo (FollowerInfo.java:lambda$new$0(51)) - omNode-1@group-523986131536->omNode-2: nextIndex: updateUnconditionally 542 -> 45
2020-07-01 01:06:04,984 [grpc-default-executor-6] WARN  server.GrpcLogAppender (LogUtils.java:warn(122)) - omNode-1@group-523986131536->omNode-2-AppendLogResponseHandler: Failed appendEntries: org.apache.ratis.thirdparty.io.grpc.StatusRuntimeException: UNAVAILABLE: io exception
2020-07-01 01:06:04,984 [grpc-default-executor-6] INFO  impl.FollowerInfo (FollowerInfo.java:lambda$new$0(51)) - omNode-1@group-523986131536->omNode-2: nextIndex: updateUnconditionally 542 -> 45
2020-07-01 01:06:04,985 [Thread-5361] DEBUG impl.RaftServerImpl (RaftServerImpl.java:logAppendEntries(928)) - omNode-3@group-523986131536: succeeded to handle AppendEntries. Reply: omNode-1<-omNode-3#565:OK,SUCCESS,nextIndex:541,term:1,followerCommit:539
2020-07-01 01:06:04,986 [grpc-default-executor-6] DEBUG server.GrpcLogAppender (GrpcLogAppender.java:onNext(257)) - omNode-1@group-523986131536->omNode-3-AppendLogResponseHandler: received a reply omNode-1<-omNode-3#565:OK,SUCCESS,nextIndex:541,term:1,followerCommit:539, request=AppendEntriesRequest:cid=565,entriesCount=1,lastEntry=(t:1, i:540)
2020-07-01 01:06:04,987 [grpc-default-executor-6] WARN  server.GrpcLogAppender (LogUtils.java:warn(122)) - omNode-1@group-523986131536->omNode-2-AppendLogResponseHandler: Failed appendEntries: org.apache.ratis.thirdparty.io.grpc.StatusRuntimeException: UNAVAILABLE: io exception
2020-07-01 01:06:04,987 [grpc-default-executor-6] INFO  impl.FollowerInfo (FollowerInfo.java:lambda$new$0(51)) - omNode-1@group-523986131536->omNode-2: nextIndex: updateUnconditionally 542 -> 45
2020-07-01 01:06:04,989 [grpc-default-executor-6] WARN  server.GrpcLogAppender (LogUtils.java:warn(122)) - omNode-1@group-523986131536->omNode-2-AppendLogResponseHandler: Failed appendEntries: org.apache.ratis.thirdparty.io.grpc.StatusRuntimeException: UNAVAILABLE: io exception
2020-07-01 01:06:04,990 [grpc-default-executor-6] INFO  impl.FollowerInfo (FollowerInfo.java:lambda$new$0(51)) - omNode-1@group-523986131536->omNode-2: nextIndex: updateUnconditionally 542 -> 45
2020-07-01 01:06:04,991 [Thread-5362] DEBUG impl.RaftServerImpl (RaftServerImpl.java:logAppendEntries(928)) - omNode-3@group-523986131536: succeeded to handle AppendEntries. Reply: omNode-1<-omNode-3#566:OK,SUCCESS,nextIndex:542,term:1,followerCommit:539
2020-07-01 01:06:04,992 [grpc-default-executor-7] DEBUG server.GrpcLogAppender (GrpcLogAppender.java:onNext(257)) - omNode-1@group-523986131536->omNode-3-AppendLogResponseHandler: received a reply omNode-1<-omNode-3#566:OK,SUCCESS,nextIndex:542,term:1,followerCommit:539, request=AppendEntriesRequest:cid=566,entriesCount=1,lastEntry=(t:1, i:541)
2020-07-01 01:06:04,993 [grpc-default-executor-7] DEBUG impl.RaftServerImpl (RaftServerImpl.java:logAppendEntries(928)) - omNode-3@group-523986131536: receive appendEntries(omNode-1, 1, (t:1, i:541), 541, false, commits[omNode-1:c541, omNode-3:c539, omNode-2:c43], entries: (t:1, i:542), METADATAENTRY(c:541)
2020-07-01 01:06:04,993 [grpc-default-executor-7] INFO  ratis.OzoneManagerStateMachine (OzoneManagerStateMachine.java:getLatestSnapshot(147)) - Latest Snapshot Info 1#499
2020-07-01 01:06:04,993 [grpc-default-executor-7] INFO  ratis.OzoneManagerStateMachine (OzoneManagerStateMachine.java:getLatestSnapshot(147)) - Latest Snapshot Info 1#499
2020-07-01 01:06:04,994 [grpc-default-executor-6] WARN  server.GrpcLogAppender (LogUtils.java:warn(122)) - omNode-1@group-523986131536->omNode-2-AppendLogResponseHandler: Failed appendEntries: org.apache.ratis.thirdparty.io.grpc.StatusRuntimeException: UNAVAILABLE: io exception
2020-07-01 01:06:04,994 [grpc-default-executor-6] INFO  impl.FollowerInfo (FollowerInfo.java:lambda$new$0(51)) - omNode-1@group-523986131536->omNode-2: nextIndex: updateUnconditionally 542 -> 45
2020-07-01 01:06:04,998 [grpc-default-executor-7] WARN  server.GrpcLogAppender (LogUtils.java:warn(122)) - omNode-1@group-523986131536->omNode-2-AppendLogResponseHandler: Failed appendEntries: org.apache.ratis.thirdparty.io.grpc.StatusRuntimeException: UNAVAILABLE: io exception
2020-07-01 01:06:04,998 [grpc-default-executor-7] INFO  impl.FollowerInfo (FollowerInfo.java:lambda$new$0(51)) - omNode-1@group-523986131536->omNode-2: nextIndex: updateUnconditionally 543 -> 45
2020-07-01 01:06:05,000 [grpc-default-executor-7] WARN  server.GrpcLogAppender (LogUtils.java:warn(122)) - omNode-1@group-523986131536->omNode-2-AppendLogResponseHandler: Failed appendEntries: org.apache.ratis.thirdparty.io.grpc.StatusRuntimeException: UNAVAILABLE: io exception
2020-07-01 01:06:05,000 [grpc-default-executor-7] INFO  impl.FollowerInfo (FollowerInfo.java:lambda$new$0(51)) - omNode-1@group-523986131536->omNode-2: nextIndex: updateUnconditionally 543 -> 45
2020-07-01 01:06:05,001 [Thread-5363] DEBUG impl.RaftServerImpl (RaftServerImpl.java:logAppendEntries(928)) - omNode-3@group-523986131536: succeeded to handle AppendEntries. Reply: omNode-1<-omNode-3#567:OK,SUCCESS,nextIndex:543,term:1,followerCommit:541
2020-07-01 01:06:05,002 [grpc-default-executor-7] DEBUG server.GrpcLogAppender (GrpcLogAppender.java:onNext(257)) - omNode-1@group-523986131536->omNode-3-AppendLogResponseHandler: received a reply omNode-1<-omNode-3#567:OK,SUCCESS,nextIndex:543,term:1,followerCommit:541, request=AppendEntriesRequest:cid=567,entriesCount=1,lastEntry=(t:1, i:542)
2020-07-01 01:06:05,004 [grpc-default-executor-7] WARN  server.GrpcLogAppender (LogUtils.java:warn(122)) - omNode-1@group-523986131536->omNode-2-AppendLogResponseHandler: Failed appendEntries: org.apache.ratis.thirdparty.io.grpc.StatusRuntimeException: UNAVAILABLE: io exception
2020-07-01 01:06:05,004 [grpc-default-executor-7] INFO  impl.FollowerInfo (FollowerInfo.java:lambda$new$0(51)) - omNode-1@group-523986131536->omNode-2: nextIndex: updateUnconditionally 543 -> 45
2020-07-01 01:06:05,006 [grpc-default-executor-7] WARN  server.GrpcLogAppender (LogUtils.java:warn(122)) - omNode-1@group-523986131536->omNode-2-AppendLogResponseHandler: Failed appendEntries: org.apache.ratis.thirdparty.io.grpc.StatusRuntimeException: UNAVAILABLE: io exception
2020-07-01 01:06:05,006 [grpc-default-executor-7] INFO  impl.FollowerInfo (FollowerInfo.java:lambda$new$0(51)) - omNode-1@group-523986131536->omNode-2: nextIndex: updateUnconditionally 543 -> 45
2020-07-01 01:06:05,011 [grpc-default-executor-8] WARN  server.GrpcLogAppender (LogUtils.java:warn(122)) - omNode-1@group-523986131536->omNode-2-AppendLogResponseHandler: Failed appendEntries: org.apache.ratis.thirdparty.io.grpc.StatusRuntimeException: UNAVAILABLE: io exception
2020-07-01 01:06:05,011 [grpc-default-executor-8] INFO  impl.FollowerInfo (FollowerInfo.java:lambda$new$0(51)) - omNode-1@group-523986131536->omNode-2: nextIndex: updateUnconditionally 543 -> 45
2020-07-01 01:06:05,011 [IPC Server handler 18 on default port 11860] DEBUG impl.RaftServerImpl (RaftServerImpl.java:submitClientRequestAsync(575)) - omNode-1@group-523986131536: receive client request(RaftClientRequest:client-6E5155DBE9B8->omNode-1@group-523986131536, cid=595, seq=0, RW, Message:082412001a13636c6965...(size=360))
2020-07-01 01:06:05,012 [IPC Server handler 18 on default port 11860] DEBUG impl.RaftServerImpl (LeaderState.java:addPendingRequest(335)) - omNode-1@group-523986131536-LeaderState: addPendingRequest at RaftClientRequest:client-6E5155DBE9B8->omNode-1@group-523986131536, cid=595, seq=0, RW, Message:082412001a13636c6965...(size=360), entry=(t:1, i:543), STATEMACHINELOGENTRY, client-6E5155DBE9B8, cid=595
2020-07-01 01:06:05,012 [grpc-default-executor-8] DEBUG impl.RaftServerImpl (RaftServerImpl.java:logAppendEntries(928)) - omNode-3@group-523986131536: receive appendEntries(omNode-1, 1, (t:1, i:542), 542, false, commits[omNode-1:c542, omNode-3:c541, omNode-2:c43], entries: (t:1, i:543), STATEMACHINELOGENTRY, client-6E5155DBE9B8, cid=595
2020-07-01 01:06:05,012 [grpc-default-executor-8] INFO  ratis.OzoneManagerStateMachine (OzoneManagerStateMachine.java:getLatestSnapshot(147)) - Latest Snapshot Info 1#499
2020-07-01 01:06:05,012 [grpc-default-executor-8] INFO  ratis.OzoneManagerStateMachine (OzoneManagerStateMachine.java:getLatestSnapshot(147)) - Latest Snapshot Info 1#499
2020-07-01 01:06:05,014 [grpc-default-executor-7] WARN  server.GrpcLogAppender (LogUtils.java:warn(122)) - omNode-1@group-523986131536->omNode-2-AppendLogResponseHandler: Failed appendEntries: org.apache.ratis.thirdparty.io.grpc.StatusRuntimeException: UNAVAILABLE: io exception
2020-07-01 01:06:05,014 [grpc-default-executor-7] INFO  impl.FollowerInfo (FollowerInfo.java:lambda$new$0(51)) - omNode-1@group-523986131536->omNode-2: nextIndex: updateUnconditionally 544 -> 45
2020-07-01 01:06:05,020 [Thread-5364] DEBUG impl.RaftServerImpl (RaftServerImpl.java:logAppendEntries(928)) - omNode-3@group-523986131536: succeeded to handle AppendEntries. Reply: omNode-1<-omNode-3#568:OK,SUCCESS,nextIndex:544,term:1,followerCommit:542
2020-07-01 01:06:05,020 [grpc-default-executor-7] DEBUG server.GrpcLogAppender (GrpcLogAppender.java:onNext(257)) - omNode-1@group-523986131536->omNode-3-AppendLogResponseHandler: received a reply omNode-1<-omNode-3#568:OK,SUCCESS,nextIndex:544,term:1,followerCommit:542, request=AppendEntriesRequest:cid=568,entriesCount=1,lastEntry=(t:1, i:543)
2020-07-01 01:06:05,021 [Listener at 127.0.0.1/11872] INFO  om.OzoneManager (OzoneManager.java:restart(1137)) - OzoneManager RPC server is listening at localhost/127.0.0.1:11866
2020-07-01 01:06:05,021 [Listener at 127.0.0.1/11872] INFO  impl.MetricsSystemImpl (MetricsSystemImpl.java:init(158)) - OzoneManager metrics system started (again)
2020-07-01 01:06:05,021 [grpc-default-executor-7] DEBUG impl.RaftServerImpl (RaftServerImpl.java:logAppendEntries(928)) - omNode-3@group-523986131536: receive appendEntries(omNode-1, 1, (t:1, i:543), 543, false, commits[omNode-1:c543, omNode-3:c542, omNode-2:c43], entries: (t:1, i:544), METADATAENTRY(c:543)
2020-07-01 01:06:05,022 [grpc-default-executor-7] INFO  ratis.OzoneManagerStateMachine (OzoneManagerStateMachine.java:getLatestSnapshot(147)) - Latest Snapshot Info 1#499
2020-07-01 01:06:05,022 [grpc-default-executor-7] INFO  ratis.OzoneManagerStateMachine (OzoneManagerStateMachine.java:getLatestSnapshot(147)) - Latest Snapshot Info 1#499
2020-07-01 01:06:05,024 [grpc-default-executor-7] WARN  server.GrpcLogAppender (LogUtils.java:warn(122)) - omNode-1@group-523986131536->omNode-2-AppendLogResponseHandler: Failed appendEntries: org.apache.ratis.thirdparty.io.grpc.StatusRuntimeException: UNAVAILABLE: io exception
2020-07-01 01:06:05,024 [grpc-default-executor-7] INFO  impl.FollowerInfo (FollowerInfo.java:lambda$new$0(51)) - omNode-1@group-523986131536->omNode-2: nextIndex: updateUnconditionally 545 -> 45
2020-07-01 01:06:05,024 [Listener at 127.0.0.1/11872] WARN  server.ServerUtils (ServerUtils.java:getDBPath(225)) - ozone.om.db.dirs is not configured. We recommend adding this setting. Falling back to ozone.metadata.dirs instead.
2020-07-01 01:06:05,027 [grpc-default-executor-7] WARN  server.GrpcLogAppender (LogUtils.java:warn(122)) - omNode-1@group-523986131536->omNode-2-AppendLogResponseHandler: Failed appendEntries: org.apache.ratis.thirdparty.io.grpc.StatusRuntimeException: UNAVAILABLE: io exception
2020-07-01 01:06:05,027 [grpc-default-executor-7] INFO  impl.FollowerInfo (FollowerInfo.java:lambda$new$0(51)) - omNode-1@group-523986131536->omNode-2: nextIndex: updateUnconditionally 545 -> 45
2020-07-01 01:06:05,029 [grpc-default-executor-7] WARN  server.GrpcLogAppender (LogUtils.java:warn(122)) - omNode-1@group-523986131536->omNode-2-AppendLogResponseHandler: Failed appendEntries: org.apache.ratis.thirdparty.io.grpc.StatusRuntimeException: UNAVAILABLE: io exception
2020-07-01 01:06:05,029 [grpc-default-executor-7] INFO  impl.FollowerInfo (FollowerInfo.java:lambda$new$0(51)) - omNode-1@group-523986131536->omNode-2: nextIndex: updateUnconditionally 545 -> 45
2020-07-01 01:06:05,031 [grpc-default-executor-7] WARN  server.GrpcLogAppender (LogUtils.java:warn(122)) - omNode-1@group-523986131536->omNode-2-AppendLogResponseHandler: Failed appendEntries: org.apache.ratis.thirdparty.io.grpc.StatusRuntimeException: UNAVAILABLE: io exception
2020-07-01 01:06:05,031 [grpc-default-executor-7] INFO  impl.FollowerInfo (FollowerInfo.java:lambda$new$0(51)) - omNode-1@group-523986131536->omNode-2: nextIndex: updateUnconditionally 545 -> 45
2020-07-01 01:06:05,033 [grpc-default-executor-7] WARN  server.GrpcLogAppender (LogUtils.java:warn(122)) - omNode-1@group-523986131536->omNode-2-AppendLogResponseHandler: Failed appendEntries: org.apache.ratis.thirdparty.io.grpc.StatusRuntimeException: UNAVAILABLE: io exception
2020-07-01 01:06:05,033 [grpc-default-executor-7] INFO  impl.FollowerInfo (FollowerInfo.java:lambda$new$0(51)) - omNode-1@group-523986131536->omNode-2: nextIndex: updateUnconditionally 545 -> 45
2020-07-01 01:06:05,035 [grpc-default-executor-7] WARN  server.GrpcLogAppender (LogUtils.java:warn(122)) - omNode-1@group-523986131536->omNode-2-AppendLogResponseHandler: Failed appendEntries: org.apache.ratis.thirdparty.io.grpc.StatusRuntimeException: UNAVAILABLE: io exception
2020-07-01 01:06:05,035 [grpc-default-executor-7] INFO  impl.FollowerInfo (FollowerInfo.java:lambda$new$0(51)) - omNode-1@group-523986131536->omNode-2: nextIndex: updateUnconditionally 545 -> 45
2020-07-01 01:06:05,038 [Thread-5365] DEBUG impl.RaftServerImpl (RaftServerImpl.java:logAppendEntries(928)) - omNode-3@group-523986131536: succeeded to handle AppendEntries. Reply: omNode-1<-omNode-3#569:OK,SUCCESS,nextIndex:545,term:1,followerCommit:543
2020-07-01 01:06:05,038 [grpc-default-executor-8] DEBUG server.GrpcLogAppender (GrpcLogAppender.java:onNext(257)) - omNode-1@group-523986131536->omNode-3-AppendLogResponseHandler: received a reply omNode-1<-omNode-3#569:OK,SUCCESS,nextIndex:545,term:1,followerCommit:543, request=AppendEntriesRequest:cid=569,entriesCount=1,lastEntry=(t:1, i:544)
2020-07-01 01:06:05,039 [grpc-default-executor-7] WARN  server.GrpcLogAppender (LogUtils.java:warn(122)) - omNode-1@group-523986131536->omNode-2-AppendLogResponseHandler: Failed appendEntries: org.apache.ratis.thirdparty.io.grpc.StatusRuntimeException: UNAVAILABLE: io exception
2020-07-01 01:06:05,039 [grpc-default-executor-7] INFO  impl.FollowerInfo (FollowerInfo.java:lambda$new$0(51)) - omNode-1@group-523986131536->omNode-2: nextIndex: updateUnconditionally 545 -> 45
2020-07-01 01:06:05,092 [Listener at 127.0.0.1/11872] WARN  server.ServerUtils (ServerUtils.java:getDefaultRatisDirectory(237)) - Storage directory for Ratis is not configured. It is a good idea to map this to an SSD disk. Falling back to ozone.metadata.dirs
2020-07-01 01:06:05,092 [Listener at 127.0.0.1/11872] INFO  ratis.OzoneManagerRatisServer (OzoneManagerRatisServer.java:<init>(268)) - Instantiating OM Ratis server with GroupID: om-service-test1 and Raft Peers: localhost:11870, localhost:11864, localhost:11876
2020-07-01 01:06:05,093 [Listener at 127.0.0.1/11872] INFO  ratis.OzoneManagerStateMachine (OzoneManagerStateMachine.java:loadSnapshotInfoFromDB(539)) - LastAppliedIndex is set from TransactionInfo from OM DB as (t:1, i:43)
2020-07-01 01:06:05,093 [Listener at 127.0.0.1/11872] INFO  impl.RaftServerProxy (ConfUtils.java:logGet(44)) - raft.rpc.type = GRPC (default)
2020-07-01 01:06:05,094 [Listener at 127.0.0.1/11872] INFO  grpc.GrpcFactory (GrpcFactory.java:checkPooledByteBufAllocatorUseCacheForAllThreads(45)) - PERFORMANCE WARNING: useCacheForAllThreads is true that may cause Netty to create a lot garbage objects and, as a result, trigger GC.
	It is recommended to disable useCacheForAllThreads by setting -Dorg.apache.ratis.thirdparty.io.netty.allocator.useCacheForAllThreads=false in command line.
2020-07-01 01:06:05,094 [Listener at 127.0.0.1/11872] INFO  grpc.GrpcConfigKeys (ConfUtils.java:logGet(44)) - raft.grpc.server.port = 11870 (custom)
2020-07-01 01:06:05,094 [Listener at 127.0.0.1/11872] INFO  server.GrpcService (ConfUtils.java:logGet(44)) - raft.grpc.message.size.max = 33554432 (custom)
2020-07-01 01:06:05,094 [Listener at 127.0.0.1/11872] INFO  server.RaftServerConfigKeys (ConfUtils.java:logGet(44)) - raft.server.log.appender.buffer.byte-limit = 33554432 (custom)
2020-07-01 01:06:05,094 [Listener at 127.0.0.1/11872] INFO  server.GrpcService (ConfUtils.java:logGet(44)) - raft.grpc.flow.control.window = 1MB (=1048576) (default)
2020-07-01 01:06:05,094 [Listener at 127.0.0.1/11872] INFO  server.RaftServerConfigKeys (ConfUtils.java:logGet(44)) - raft.server.rpc.request.timeout = 3000ms (default)
2020-07-01 01:06:05,095 [Listener at 127.0.0.1/11872] INFO  server.RaftServerConfigKeys (ConfUtils.java:logGet(44)) - raft.server.storage.dir = [/github/workspace/mnt/ozone/hadoop-ozone/integration-test/target/test-dir/MiniOzoneClusterImpl-f77758f3-7054-4a66-83a1-d2ef3e95fe09/omNode-2/ratis] (custom)
2020-07-01 01:06:05,095 [Listener at 127.0.0.1/11872] INFO  impl.RaftServerProxy (RaftServerProxy.java:lambda$null$0(196)) - omNode-2: found a subdirectory /github/workspace/mnt/ozone/hadoop-ozone/integration-test/target/test-dir/MiniOzoneClusterImpl-f77758f3-7054-4a66-83a1-d2ef3e95fe09/omNode-2/ratis/c9bc4cf4-3bc3-3c60-a66b-523986131536
2020-07-01 01:06:05,096 [Listener at 127.0.0.1/11872] INFO  impl.RaftServerProxy (RaftServerProxy.java:lambda$null$0(196)) - omNode-2: found a subdirectory /github/workspace/mnt/ozone/hadoop-ozone/integration-test/target/test-dir/MiniOzoneClusterImpl-f77758f3-7054-4a66-83a1-d2ef3e95fe09/omNode-2/ratis/snapshot
2020-07-01 01:06:05,096 [Listener at 127.0.0.1/11872] WARN  impl.RaftServerProxy (RaftServerProxy.java:lambda$null$0(202)) - omNode-2: Failed to initialize the group directory /github/workspace/mnt/ozone/hadoop-ozone/integration-test/target/test-dir/MiniOzoneClusterImpl-f77758f3-7054-4a66-83a1-d2ef3e95fe09/omNode-2/ratis/snapshot.  Ignoring it
java.lang.IllegalArgumentException: Invalid UUID string: snapshot
	at java.util.UUID.fromString(UUID.java:194)
	at org.apache.ratis.server.impl.RaftServerProxy.lambda$null$0(RaftServerProxy.java:197)
	at java.util.stream.ForEachOps$ForEachOp$OfRef.accept(ForEachOps.java:183)
	at java.util.stream.ReferencePipeline$2$1.accept(ReferencePipeline.java:175)
	at java.util.Spliterators$ArraySpliterator.forEachRemaining(Spliterators.java:948)
	at java.util.stream.AbstractPipeline.copyInto(AbstractPipeline.java:482)
	at java.util.stream.AbstractPipeline.wrapAndCopyInto(AbstractPipeline.java:472)
	at java.util.stream.ForEachOps$ForEachOp.evaluateSequential(ForEachOps.java:150)
	at java.util.stream.ForEachOps$ForEachOp$OfRef.evaluateSequential(ForEachOps.java:173)
	at java.util.stream.AbstractPipeline.evaluate(AbstractPipeline.java:234)
	at java.util.stream.ReferencePipeline.forEach(ReferencePipeline.java:485)
	at org.apache.ratis.server.impl.RaftServerProxy.lambda$initGroups$1(RaftServerProxy.java:194)
	at java.util.stream.ForEachOps$ForEachOp$OfRef.accept(ForEachOps.java:183)
	at java.util.ArrayList$ArrayListSpliterator.forEachRemaining(ArrayList.java:1382)
	at java.util.stream.AbstractPipeline.copyInto(AbstractPipeline.java:482)
	at java.util.stream.ForEachOps$ForEachTask.compute(ForEachOps.java:290)
	at java.util.concurrent.CountedCompleter.exec(CountedCompleter.java:731)
	at java.util.concurrent.ForkJoinTask.doExec(ForkJoinTask.java:289)
	at java.util.concurrent.ForkJoinTask.doInvoke(ForkJoinTask.java:401)
	at java.util.concurrent.ForkJoinTask.invoke(ForkJoinTask.java:734)
	at java.util.stream.ForEachOps$ForEachOp.evaluateParallel(ForEachOps.java:159)
	at java.util.stream.ForEachOps$ForEachOp$OfRef.evaluateParallel(ForEachOps.java:173)
	at java.util.stream.AbstractPipeline.evaluate(AbstractPipeline.java:233)
	at java.util.stream.ReferencePipeline.forEach(ReferencePipeline.java:485)
	at java.util.stream.ReferencePipeline$Head.forEach(ReferencePipeline.java:650)
	at org.apache.ratis.server.impl.RaftServerProxy.initGroups(RaftServerProxy.java:191)
	at org.apache.ratis.server.impl.ServerImplUtils.newRaftServer(ServerImplUtils.java:44)
	at org.apache.ratis.server.RaftServer$Builder.build(RaftServer.java:76)
	at org.apache.hadoop.ozone.om.ratis.OzoneManagerRatisServer.<init>(OzoneManagerRatisServer.java:278)
	at org.apache.hadoop.ozone.om.ratis.OzoneManagerRatisServer.newOMRatisServer(OzoneManagerRatisServer.java:334)
	at org.apache.hadoop.ozone.om.OzoneManager.initializeRatisServer(OzoneManager.java:1221)
	at org.apache.hadoop.ozone.om.OzoneManager.restart(OzoneManager.java:1164)
	at org.apache.hadoop.ozone.om.TestOzoneManagerHAWithData.testOMRestart(TestOzoneManagerHAWithData.java:591)
	at sun.reflect.NativeMethodAccessorImpl.invoke0(Native Method)
	at sun.reflect.NativeMethodAccessorImpl.invoke(NativeMethodAccessorImpl.java:62)
	at sun.reflect.DelegatingMethodAccessorImpl.invoke(DelegatingMethodAccessorImpl.java:43)
	at java.lang.reflect.Method.invoke(Method.java:498)
	at org.junit.runners.model.FrameworkMethod$1.runReflectiveCall(FrameworkMethod.java:47)
	at org.junit.internal.runners.model.ReflectiveCallable.run(ReflectiveCallable.java:12)
	at org.junit.runners.model.FrameworkMethod.invokeExplosively(FrameworkMethod.java:44)
	at org.junit.internal.runners.statements.InvokeMethod.evaluate(InvokeMethod.java:17)
	at org.junit.internal.runners.statements.RunBefores.evaluate(RunBefores.java:26)
	at org.junit.internal.runners.statements.RunAfters.evaluate(RunAfters.java:27)
	at org.junit.rules.ExpectedException$ExpectedExceptionStatement.evaluate(ExpectedException.java:168)
	at org.junit.internal.runners.statements.FailOnTimeout$StatementThread.run(FailOnTimeout.java:74)
2020-07-01 01:06:05,097 [Listener at 127.0.0.1/11872] INFO  impl.RaftServerProxy (RaftServerProxy.java:addNew(89)) - omNode-2: addNew group-523986131536:[omNode-3:localhost:11876, omNode-1:localhost:11864, omNode-2:localhost:11870] returns group-523986131536:java.util.concurrent.CompletableFuture@6f18286a[Not completed]
2020-07-01 01:06:05,097 [pool-1310-thread-1] INFO  impl.RaftServerImpl (RaftServerImpl.java:<init>(99)) - omNode-2: new RaftServerImpl for group-523986131536:[omNode-3:localhost:11876, omNode-1:localhost:11864, omNode-2:localhost:11870] with OzoneManagerStateMachine:uninitialized
2020-07-01 01:06:05,097 [pool-1310-thread-1] INFO  server.RaftServerConfigKeys (ConfUtils.java:logGet(44)) - raft.server.rpc.timeout.min = 1s (custom)
2020-07-01 01:06:05,097 [pool-1310-thread-1] INFO  server.RaftServerConfigKeys (ConfUtils.java:logGet(44)) - raft.server.rpc.timeout.max = 1200ms (custom)
2020-07-01 01:06:05,097 [pool-1310-thread-1] INFO  server.RaftServerConfigKeys (ConfUtils.java:logGet(44)) - raft.server.rpcslowness.timeout = 2s (custom)
2020-07-01 01:06:05,097 [pool-1310-thread-1] INFO  server.RaftServerConfigKeys (ConfUtils.java:logGet(44)) - raft.server.sleep.deviation.threshold = 300 (default)
2020-07-01 01:06:05,097 [pool-1310-thread-1] INFO  server.RaftServerConfigKeys (ConfUtils.java:logGet(44)) - raft.server.log.appender.install.snapshot.enabled = false (custom)
2020-07-01 01:06:05,098 [pool-1310-thread-1] INFO  impl.RaftServerImpl (ServerState.java:<init>(103)) - omNode-2@group-523986131536: ConfigurationManager, init=-1: [omNode-3:localhost:11876, omNode-1:localhost:11864, omNode-2:localhost:11870], old=null, confs=<EMPTY_MAP>
2020-07-01 01:06:05,098 [pool-1310-thread-1] INFO  server.RaftServerConfigKeys (ConfUtils.java:logGet(44)) - raft.server.storage.dir = [/github/workspace/mnt/ozone/hadoop-ozone/integration-test/target/test-dir/MiniOzoneClusterImpl-f77758f3-7054-4a66-83a1-d2ef3e95fe09/omNode-2/ratis] (custom)
2020-07-01 01:06:05,098 [pool-1310-thread-1] INFO  server.RaftServerConfigKeys (ConfUtils.java:logGet(44)) - raft.server.log.corruption.policy = EXCEPTION (default)
2020-07-01 01:06:05,098 [Listener at 127.0.0.1/11872] INFO  om.OzoneManager (OzoneManager.java:initializeRatisServer(1224)) - OzoneManager Ratis server initialized at port 11870
2020-07-01 01:06:05,098 [Listener at 127.0.0.1/11872] INFO  ratis.OzoneManagerRatisServer (OzoneManagerRatisServer.java:start(365)) - Starting OzoneManagerRatisServer omNode-2 at port 11870
2020-07-01 01:06:05,099 [pool-1310-thread-1] INFO  storage.RaftStorageDirectory (RaftStorageDirectory.java:tryLock(343)) - Lock on /github/workspace/mnt/ozone/hadoop-ozone/integration-test/target/test-dir/MiniOzoneClusterImpl-f77758f3-7054-4a66-83a1-d2ef3e95fe09/omNode-2/ratis/c9bc4cf4-3bc3-3c60-a66b-523986131536/in_use.lock acquired by nodename 3123@5231e4c2ab07
2020-07-01 01:06:05,100 [pool-1310-thread-1] INFO  ratis.OzoneManagerStateMachine (OzoneManagerStateMachine.java:getLatestSnapshot(147)) - Latest Snapshot Info 1#43
2020-07-01 01:06:05,101 [pool-1310-thread-1] INFO  impl.RaftServerImpl (ServerState.java:setRaftConf(356)) - omNode-2@group-523986131536: set configuration 0: [omNode-3:localhost:11876, omNode-1:localhost:11864, omNode-2:localhost:11870], old=null at 0
2020-07-01 01:06:05,101 [pool-1310-thread-1] INFO  server.RaftServerConfigKeys (ConfUtils.java:logGet(44)) - raft.server.notification.no-leader.timeout = 2s (custom)
2020-07-01 01:06:05,101 [pool-1310-thread-1] INFO  server.RaftServerConfigKeys (ConfUtils.java:logGet(44)) - raft.server.log.use.memory = false (default)
2020-07-01 01:06:05,101 [pool-1310-thread-1] INFO  server.RaftServerConfigKeys (ConfUtils.java:logGet(44)) - raft.server.log.purge.gap = 50 (custom)
2020-07-01 01:06:05,101 [pool-1310-thread-1] INFO  server.RaftServerConfigKeys (ConfUtils.java:logGet(44)) - raft.server.log.appender.buffer.byte-limit = 33554432 (custom)
2020-07-01 01:06:05,101 [pool-1310-thread-1] INFO  server.RaftServerConfigKeys (ConfUtils.java:logGet(44)) - raft.server.log.segment.size.max = 16384 (custom)
2020-07-01 01:06:05,101 [pool-1310-thread-1] INFO  metrics.RatisMetrics (RatisMetrics.java:lambda$create$0(36)) - Creating Metrics Registry : ratis.log_worker.omNode-2@group-523986131536
2020-07-01 01:06:05,101 [pool-1310-thread-1] INFO  server.RaftServerConfigKeys (ConfUtils.java:logGet(44)) - raft.server.log.segment.cache.num.max = 2 (custom)
2020-07-01 01:06:05,102 [pool-1310-thread-1] INFO  segmented.SegmentedRaftLogWorker (SegmentedRaftLogWorker.java:<init>(180)) - new omNode-2@group-523986131536-SegmentedRaftLogWorker for RaftStorage:Storage Directory /github/workspace/mnt/ozone/hadoop-ozone/integration-test/target/test-dir/MiniOzoneClusterImpl-f77758f3-7054-4a66-83a1-d2ef3e95fe09/omNode-2/ratis/c9bc4cf4-3bc3-3c60-a66b-523986131536
2020-07-01 01:06:05,102 [pool-1310-thread-1] INFO  server.RaftServerConfigKeys (ConfUtils.java:logGet(44)) - raft.server.log.queue.byte-limit = 64MB (=67108864) (default)
2020-07-01 01:06:05,102 [pool-1310-thread-1] INFO  server.RaftServerConfigKeys (ConfUtils.java:logGet(44)) - raft.server.log.queue.element-limit = 4096 (default)
2020-07-01 01:06:05,102 [pool-1310-thread-1] INFO  server.RaftServerConfigKeys (ConfUtils.java:logGet(44)) - raft.server.log.segment.size.max = 16384 (custom)
2020-07-01 01:06:05,102 [pool-1310-thread-1] INFO  server.RaftServerConfigKeys (ConfUtils.java:logGet(44)) - raft.server.log.preallocated.size = 16384 (custom)
2020-07-01 01:06:05,102 [pool-1310-thread-1] INFO  server.RaftServerConfigKeys (ConfUtils.java:logGet(44)) - raft.server.log.write.buffer.size = 64KB (=65536) (default)
2020-07-01 01:06:05,102 [pool-1310-thread-1] INFO  server.RaftServerConfigKeys (ConfUtils.java:logGet(44)) - raft.server.log.force.sync.num = 128 (default)
2020-07-01 01:06:05,102 [pool-1310-thread-1] INFO  server.RaftServerConfigKeys (ConfUtils.java:logGet(44)) - raft.server.log.statemachine.data.sync = true (default)
2020-07-01 01:06:05,102 [pool-1310-thread-1] INFO  server.RaftServerConfigKeys (ConfUtils.java:logGet(44)) - raft.server.log.statemachine.data.sync.timeout = 10s (default)
2020-07-01 01:06:05,102 [pool-1310-thread-1] INFO  server.RaftServerConfigKeys (ConfUtils.java:logGet(44)) - raft.server.log.statemachine.data.sync.timeout.retry = -1 (default)
2020-07-01 01:06:05,105 [pool-1310-thread-1] INFO  server.RaftServerConfigKeys (ConfUtils.java:logGet(44)) - raft.server.log.statemachine.data.caching.enabled = false (default)
2020-07-01 01:06:05,107 [pool-1310-thread-1] INFO  impl.RaftServerImpl (ServerState.java:setRaftConf(356)) - omNode-2@group-523986131536: set configuration 0: [omNode-3:localhost:11876, omNode-1:localhost:11864, omNode-2:localhost:11870], old=null at 0
2020-07-01 01:06:05,108 [pool-1310-thread-1] INFO  segmented.LogSegment (LogSegment.java:loadSegment(147)) - Successfully read 45 entries from segment file /github/workspace/mnt/ozone/hadoop-ozone/integration-test/target/test-dir/MiniOzoneClusterImpl-f77758f3-7054-4a66-83a1-d2ef3e95fe09/omNode-2/ratis/c9bc4cf4-3bc3-3c60-a66b-523986131536/current/log_inprogress_0
2020-07-01 01:06:05,108 [pool-1310-thread-1] INFO  segmented.SegmentedRaftLogWorker (SegmentedRaftLogWorker.java:lambda$new$0(129)) - omNode-2@group-523986131536-SegmentedRaftLogWorker: flushIndex: setUnconditionally 0 -> 44
2020-07-01 01:06:05,108 [pool-1310-thread-1] INFO  segmented.SegmentedRaftLogWorker (SegmentedRaftLogWorker.java:lambda$new$0(129)) - omNode-2@group-523986131536-SegmentedRaftLogWorker: safeCacheEvictIndex: setUnconditionally 0 -> -1
2020-07-01 01:06:05,108 [pool-1310-thread-1] INFO  raftlog.RaftLog (RaftLog.java:lambda$new$0(61)) - omNode-2@group-523986131536-SegmentedRaftLog: commitIndex: updateToMax old=43, new=43, updated? false
2020-07-01 01:06:05,109 [pool-1310-thread-1] INFO  server.RaftServerConfigKeys (ConfUtils.java:logGet(44)) - raft.server.snapshot.auto.trigger.enabled = true (custom)
2020-07-01 01:06:05,109 [pool-1310-thread-1] INFO  server.RaftServerConfigKeys (ConfUtils.java:logGet(44)) - raft.server.snapshot.auto.trigger.threshold = 50 (custom)
2020-07-01 01:06:05,109 [pool-1310-thread-1] INFO  server.RaftServerConfigKeys (ConfUtils.java:logGet(44)) - raft.server.snapshot.retention.file.num = -1 (default)
2020-07-01 01:06:05,109 [pool-1310-thread-1] INFO  server.RaftServerConfigKeys (ConfUtils.java:logGet(44)) - raft.server.log.purge.upto.snapshot.index = false (default)
2020-07-01 01:06:05,109 [pool-1310-thread-1] INFO  server.RaftServerConfigKeys (ConfUtils.java:logGet(44)) - raft.server.retrycache.expirytime = 600000ms (custom)
2020-07-01 01:06:05,109 [pool-1310-thread-1] INFO  metrics.RatisMetrics (RatisMetrics.java:lambda$create$0(36)) - Creating Metrics Registry : ratis.leader_election.omNode-2@group-523986131536
2020-07-01 01:06:05,110 [pool-1310-thread-1] INFO  metrics.RatisMetrics (RatisMetrics.java:lambda$create$0(36)) - Creating Metrics Registry : ratis.server.omNode-2@group-523986131536
2020-07-01 01:06:05,113 [Listener at 127.0.0.1/11872] INFO  impl.RaftServerImpl (RaftServerImpl.java:start(186)) - omNode-2@group-523986131536: start as a follower, conf=0: [omNode-3:localhost:11876, omNode-1:localhost:11864, omNode-2:localhost:11870], old=null
2020-07-01 01:06:05,113 [Listener at 127.0.0.1/11872] INFO  impl.RaftServerImpl (RaftServerImpl.java:setRole(175)) - omNode-2@group-523986131536: changes role from      null to FOLLOWER at term 1 for startAsFollower
2020-07-01 01:06:05,113 [Listener at 127.0.0.1/11872] INFO  impl.RoleInfo (RoleInfo.java:updateAndGet(143)) - omNode-2: start FollowerState
2020-07-01 01:06:05,115 [Listener at 127.0.0.1/11872] INFO  util.JmxRegister (JmxRegister.java:tryRegister(44)) - Successfully registered JMX Bean with object name Ratis:service=RaftServer,group=group-523986131536,id=omNode-2
2020-07-01 01:06:05,116 [Listener at 127.0.0.1/11872] INFO  metrics.RatisMetrics (RatisMetrics.java:lambda$create$0(36)) - Creating Metrics Registry : ratis.state_machine.omNode-2@group-523986131536
2020-07-01 01:06:05,117 [Listener at 127.0.0.1/11872] INFO  impl.RaftServerProxy (RaftServerProxy.java:lambda$start$3(304)) - omNode-2: start RPC server
2020-07-01 01:06:05,118 [Listener at 127.0.0.1/11872] INFO  server.GrpcService (GrpcService.java:startImpl(160)) - omNode-2: GrpcService started, listening on 0.0.0.0/0.0.0.0:11870
2020-07-01 01:06:05,118 [Listener at 127.0.0.1/11872] INFO  ipc.CallQueueManager (CallQueueManager.java:<init>(84)) - Using callQueue: class java.util.concurrent.LinkedBlockingQueue, queueCapacity: 2000, scheduler: class org.apache.hadoop.ipc.DefaultRpcScheduler, ipcBackoff: false.
2020-07-01 01:06:05,118 [Socket Reader #1 for port 11866] INFO  ipc.Server (Server.java:run(1219)) - Starting Socket Reader #1 for port 11866
2020-07-01 01:06:05,120 [IPC Server Responder] INFO  ipc.Server (Server.java:run(1460)) - IPC Server Responder: starting
2020-07-01 01:06:05,120 [IPC Server listener on 11866] INFO  ipc.Server (Server.java:run(1298)) - IPC Server listener on 11866: starting
2020-07-01 01:06:05,128 [Listener at localhost/11866] INFO  http.BaseHttpServer (BaseHttpServer.java:newHttpServer2BuilderForOzone(207)) - Starting Web-server for ozoneManager at: http://0.0.0.0:11868
2020-07-01 01:06:05,128 [Listener at localhost/11866] INFO  http.BaseHttpServer (BaseHttpServer.java:<init>(106)) - Hadoop Security Enabled: false Ozone Security Enabled: false Ozone HTTP Security Enabled: false 
2020-07-01 01:06:05,129 [Listener at localhost/11866] INFO  server.AuthenticationFilter (AuthenticationFilter.java:constructSecretProvider(240)) - Unable to initialize FileSignerSecretProvider, falling back to use random secrets.
2020-07-01 01:06:05,130 [Listener at localhost/11866] WARN  http.HttpRequestLog (HttpRequestLog.java:getRequestLog(103)) - Jetty request log can only be enabled using Log4j
2020-07-01 01:06:05,130 [Listener at localhost/11866] INFO  http.HttpServer2 (HttpServer2.java:addGlobalFilter(997)) - Added global filter 'safety' (class=org.apache.hadoop.hdds.server.http.HttpServer2$QuotingInputFilter)
2020-07-01 01:06:05,131 [Listener at localhost/11866] INFO  http.HttpServer2 (HttpServer2.java:addFilter(973)) - Added filter static_user_filter (class=org.apache.hadoop.http.lib.StaticUserWebFilter$StaticUserFilter) to context ozoneManager
2020-07-01 01:06:05,131 [Listener at localhost/11866] INFO  http.HttpServer2 (HttpServer2.java:addFilter(981)) - Added filter static_user_filter (class=org.apache.hadoop.http.lib.StaticUserWebFilter$StaticUserFilter) to context static
2020-07-01 01:06:05,131 [Listener at localhost/11866] INFO  http.HttpServer2 (HttpServer2.java:addFilter(981)) - Added filter static_user_filter (class=org.apache.hadoop.http.lib.StaticUserWebFilter$StaticUserFilter) to context logs
2020-07-01 01:06:05,131 [Listener at localhost/11866] INFO  http.HttpServer2 (HttpServer2.java:bindListener(1215)) - Jetty bound to port 11868
2020-07-01 01:06:05,131 [Listener at localhost/11866] INFO  server.Server (Server.java:doStart(359)) - jetty-9.4.26.v20200117; built: 2020-01-17T12:35:33.676Z; git: 7b38981d25d14afb4a12ff1f2596756144edf695; jvm 1.8.0_232-b09
2020-07-01 01:06:05,132 [Listener at localhost/11866] INFO  server.session (DefaultSessionIdManager.java:doStart(333)) - DefaultSessionIdManager workerName=node0
2020-07-01 01:06:05,132 [Listener at localhost/11866] INFO  server.session (DefaultSessionIdManager.java:doStart(338)) - No SessionScavenger set, using defaults
2020-07-01 01:06:05,133 [Listener at localhost/11866] INFO  server.session (HouseKeeper.java:startScavenging(140)) - node0 Scavenging every 600000ms
2020-07-01 01:06:05,138 [Listener at localhost/11866] INFO  handler.ContextHandler (ContextHandler.java:doStart(825)) - Started o.e.j.s.ServletContextHandler@826ef84{logs,/logs,file:///github/workspace/mnt/ozone/hadoop-ozone/integration-test/target/log,AVAILABLE}
2020-07-01 01:06:05,138 [Listener at localhost/11866] INFO  handler.ContextHandler (ContextHandler.java:doStart(825)) - Started o.e.j.s.ServletContextHandler@1279dbc9{static,/static,file:///github/workspace/mnt/ozone/hadoop-ozone/integration-test/target/test-classes/webapps/static,AVAILABLE}
2020-07-01 01:06:05,141 [Listener at localhost/11866] INFO  handler.ContextHandler (ContextHandler.java:doStart(825)) - Started o.e.j.w.WebAppContext@a4710f7{ozoneManager,/,file:///github/workspace/mnt/ozone/hadoop-ozone/integration-test/target/test-classes/webapps/ozoneManager/,AVAILABLE}{file:/github/workspace/mnt/ozone/hadoop-ozone/integration-test/target/test-classes/webapps/ozoneManager}
2020-07-01 01:06:05,142 [Listener at localhost/11866] INFO  server.AbstractConnector (AbstractConnector.java:doStart(330)) - Started ServerConnector@35d85dd2{HTTP/1.1,[http/1.1]}{0.0.0.0:11868}
2020-07-01 01:06:05,142 [Listener at localhost/11866] INFO  server.Server (Server.java:doStart(399)) - Started @281202ms
2020-07-01 01:06:05,142 [Listener at localhost/11866] WARN  impl.MetricsSystemImpl (MetricsSystemImpl.java:register(276)) - Sink prometheus already exists!
2020-07-01 01:06:05,145 [Listener at localhost/11866] INFO  http.BaseHttpServer (BaseHttpServer.java:updateConnectorAddress(327)) - HTTP server of ozoneManager listening at http://0.0.0.0:11868
2020-07-01 01:06:05,146 [org.apache.hadoop.util.JvmPauseMonitor$Monitor@425e7a02] INFO  util.JvmPauseMonitor (JvmPauseMonitor.java:run(188)) - Starting JVM pause monitor
2020-07-01 01:06:05,539 [grpc-default-executor-7] INFO  ratis.OzoneManagerStateMachine (OzoneManagerStateMachine.java:getLatestSnapshot(147)) - Latest Snapshot Info 1#499
2020-07-01 01:06:05,541 [grpc-default-executor-7] DEBUG server.GrpcLogAppender (GrpcLogAppender.java:onNext(257)) - omNode-1@group-523986131536->omNode-3-AppendLogResponseHandler: received a reply omNode-1<-omNode-3#570:OK,SUCCESS,nextIndex:545,term:1,followerCommit:544, request=AppendEntriesRequest:cid=570,entriesCount=0,lastEntry=null
2020-07-01 01:06:05,548 [grpc-default-executor-7] INFO  impl.RaftServerImpl (ServerState.java:setLeader(255)) - omNode-2@group-523986131536: change Leader from null to omNode-1 at term 1 for appendEntries, leader elected after 447ms
2020-07-01 01:06:05,548 [grpc-default-executor-7] INFO  ratis.OzoneManagerStateMachine (OzoneManagerStateMachine.java:getLatestSnapshot(147)) - Latest Snapshot Info 1#43
2020-07-01 01:06:05,551 [grpc-default-executor-7] DEBUG impl.RaftServerImpl (RaftServerImpl.java:logAppendEntries(928)) - omNode-2@group-523986131536: receive appendEntries(omNode-1, 1, (t:1, i:44), 544, false, commits[omNode-1:c544, omNode-3:c544, omNode-2:c43], entries: [(t:1, i:45), STATEMACHINELOGENTRY, client-6E5155DBE9B8, cid=344, (t:1, i:46), METADATAENTRY(c:45), (t:1, i:47), STATEMACHINELOGENTRY, client-6E5155DBE9B8, cid=345, (t:1, i:48), METADATAENTRY(c:47), (t:1, i:49), STATEMACHINELOGENTRY, client-6E5155DBE9B8, cid=346, (t:1, i:50), METADATAENTRY(c:49), (t:1, i:51), STATEMACHINELOGENTRY, client-6E5155DBE9B8, cid=347, (t:1, i:52), METADATAENTRY(c:51), (t:1, i:53), STATEMACHINELOGENTRY, client-6E5155DBE9B8, cid=348, (t:1, i:54), METADATAENTRY(c:53), (t:1, i:55), STATEMACHINELOGENTRY, client-6E5155DBE9B8, cid=349, (t:1, i:56), METADATAENTRY(c:55), (t:1, i:57), STATEMACHINELOGENTRY, client-6E5155DBE9B8, cid=350, (t:1, i:58), METADATAENTRY(c:57), (t:1, i:59), STATEMACHINELOGENTRY, client-6E5155DBE9B8, cid=351, (t:1, i:60), METADATAENTRY(c:59), (t:1, i:61), STATEMACHINELOGENTRY, client-6E5155DBE9B8, cid=352, (t:1, i:62), METADATAENTRY(c:61), (t:1, i:63), STATEMACHINELOGENTRY, client-6E5155DBE9B8, cid=353, (t:1, i:64), METADATAENTRY(c:63), (t:1, i:65), STATEMACHINELOGENTRY, client-6E5155DBE9B8, cid=354, (t:1, i:66), METADATAENTRY(c:65), (t:1, i:67), STATEMACHINELOGENTRY, client-6E5155DBE9B8, cid=355, (t:1, i:68), METADATAENTRY(c:67), (t:1, i:69), STATEMACHINELOGENTRY, client-6E5155DBE9B8, cid=356, (t:1, i:70), METADATAENTRY(c:69), (t:1, i:71), STATEMACHINELOGENTRY, client-6E5155DBE9B8, cid=357, (t:1, i:72), METADATAENTRY(c:71), (t:1, i:73), STATEMACHINELOGENTRY, client-6E5155DBE9B8, cid=358, (t:1, i:74), METADATAENTRY(c:73), (t:1, i:75), STATEMACHINELOGENTRY, client-6E5155DBE9B8, cid=359, (t:1, i:76), METADATAENTRY(c:75), (t:1, i:77), STATEMACHINELOGENTRY, client-6E5155DBE9B8, cid=360, (t:1, i:78), METADATAENTRY(c:77), (t:1, i:79), STATEMACHINELOGENTRY, client-6E5155DBE9B8, cid=361, (t:1, i:80), METADATAENTRY(c:79), (t:1, i:81), STATEMACHINELOGENTRY, client-6E5155DBE9B8, cid=362, (t:1, i:82), METADATAENTRY(c:81), (t:1, i:83), STATEMACHINELOGENTRY, client-6E5155DBE9B8, cid=363, (t:1, i:84), METADATAENTRY(c:83), (t:1, i:85), STATEMACHINELOGENTRY, client-6E5155DBE9B8, cid=364, (t:1, i:86), METADATAENTRY(c:85), (t:1, i:87), STATEMACHINELOGENTRY, client-6E5155DBE9B8, cid=365, (t:1, i:88), METADATAENTRY(c:87), (t:1, i:89), STATEMACHINELOGENTRY, client-6E5155DBE9B8, cid=366, (t:1, i:90), METADATAENTRY(c:89), (t:1, i:91), STATEMACHINELOGENTRY, client-6E5155DBE9B8, cid=367, (t:1, i:92), METADATAENTRY(c:91), (t:1, i:93), STATEMACHINELOGENTRY, client-6E5155DBE9B8, cid=368, (t:1, i:94), METADATAENTRY(c:93), (t:1, i:95), STATEMACHINELOGENTRY, client-6E5155DBE9B8, cid=369, (t:1, i:96), METADATAENTRY(c:95), (t:1, i:97), STATEMACHINELOGENTRY, client-6E5155DBE9B8, cid=370, (t:1, i:98), METADATAENTRY(c:97), (t:1, i:99), STATEMACHINELOGENTRY, client-6E5155DBE9B8, cid=371, (t:1, i:100), METADATAENTRY(c:99), (t:1, i:101), STATEMACHINELOGENTRY, client-6E5155DBE9B8, cid=372, (t:1, i:102), METADATAENTRY(c:101), (t:1, i:103), STATEMACHINELOGENTRY, client-6E5155DBE9B8, cid=373, (t:1, i:104), METADATAENTRY(c:103), (t:1, i:105), STATEMACHINELOGENTRY, client-6E5155DBE9B8, cid=374, (t:1, i:106), METADATAENTRY(c:105), (t:1, i:107), STATEMACHINELOGENTRY, client-6E5155DBE9B8, cid=375, (t:1, i:108), METADATAENTRY(c:107), (t:1, i:109), STATEMACHINELOGENTRY, client-6E5155DBE9B8, cid=376, (t:1, i:110), METADATAENTRY(c:109), (t:1, i:111), STATEMACHINELOGENTRY, client-6E5155DBE9B8, cid=377, (t:1, i:112), METADATAENTRY(c:111), (t:1, i:113), STATEMACHINELOGENTRY, client-6E5155DBE9B8, cid=378, (t:1, i:114), METADATAENTRY(c:113), (t:1, i:115), STATEMACHINELOGENTRY, client-6E5155DBE9B8, cid=379, (t:1, i:116), METADATAENTRY(c:115), (t:1, i:117), STATEMACHINELOGENTRY, client-6E5155DBE9B8, cid=380, (t:1, i:118), METADATAENTRY(c:117), (t:1, i:119), STATEMACHINELOGENTRY, client-6E5155DBE9B8, cid=381, (t:1, i:120), METADATAENTRY(c:119), (t:1, i:121), STATEMACHINELOGENTRY, client-6E5155DBE9B8, cid=382, (t:1, i:122), METADATAENTRY(c:121), (t:1, i:123), STATEMACHINELOGENTRY, client-6E5155DBE9B8, cid=383, (t:1, i:124), METADATAENTRY(c:123), (t:1, i:125), STATEMACHINELOGENTRY, client-6E5155DBE9B8, cid=384, (t:1, i:126), METADATAENTRY(c:125), (t:1, i:127), STATEMACHINELOGENTRY, client-6E5155DBE9B8, cid=385, (t:1, i:128), METADATAENTRY(c:127), (t:1, i:129), STATEMACHINELOGENTRY, client-6E5155DBE9B8, cid=386, (t:1, i:130), METADATAENTRY(c:129), (t:1, i:131), STATEMACHINELOGENTRY, client-6E5155DBE9B8, cid=387, (t:1, i:132), METADATAENTRY(c:131), (t:1, i:133), STATEMACHINELOGENTRY, client-6E5155DBE9B8, cid=388, (t:1, i:134), METADATAENTRY(c:133), (t:1, i:135), STATEMACHINELOGENTRY, client-6E5155DBE9B8, cid=389, (t:1, i:136), METADATAENTRY(c:135), (t:1, i:137), STATEMACHINELOGENTRY, client-6E5155DBE9B8, cid=390, (t:1, i:138), METADATAENTRY(c:137), (t:1, i:139), STATEMACHINELOGENTRY, client-6E5155DBE9B8, cid=391, (t:1, i:140), METADATAENTRY(c:139), (t:1, i:141), STATEMACHINELOGENTRY, client-6E5155DBE9B8, cid=392, (t:1, i:142), METADATAENTRY(c:141), (t:1, i:143), STATEMACHINELOGENTRY, client-6E5155DBE9B8, cid=393, (t:1, i:144), METADATAENTRY(c:143), (t:1, i:145), STATEMACHINELOGENTRY, client-6E5155DBE9B8, cid=394, (t:1, i:146), METADATAENTRY(c:145), (t:1, i:147), STATEMACHINELOGENTRY, client-6E5155DBE9B8, cid=395, (t:1, i:148), METADATAENTRY(c:147), (t:1, i:149), STATEMACHINELOGENTRY, client-6E5155DBE9B8, cid=396, (t:1, i:150), METADATAENTRY(c:149), (t:1, i:151), STATEMACHINELOGENTRY, client-6E5155DBE9B8, cid=397, (t:1, i:152), METADATAENTRY(c:151), (t:1, i:153), STATEMACHINELOGENTRY, client-6E5155DBE9B8, cid=398, (t:1, i:154), METADATAENTRY(c:153), (t:1, i:155), STATEMACHINELOGENTRY, client-6E5155DBE9B8, cid=399, (t:1, i:156), METADATAENTRY(c:155), (t:1, i:157), STATEMACHINELOGENTRY, client-6E5155DBE9B8, cid=400, (t:1, i:158), METADATAENTRY(c:157), (t:1, i:159), STATEMACHINELOGENTRY, client-6E5155DBE9B8, cid=401, (t:1, i:160), METADATAENTRY(c:159), (t:1, i:161), STATEMACHINELOGENTRY, client-6E5155DBE9B8, cid=402, (t:1, i:162), METADATAENTRY(c:161), (t:1, i:163), STATEMACHINELOGENTRY, client-6E5155DBE9B8, cid=403, (t:1, i:164), METADATAENTRY(c:163), (t:1, i:165), STATEMACHINELOGENTRY, client-6E5155DBE9B8, cid=404, (t:1, i:166), METADATAENTRY(c:165), (t:1, i:167), STATEMACHINELOGENTRY, client-6E5155DBE9B8, cid=405, (t:1, i:168), METADATAENTRY(c:167), (t:1, i:169), STATEMACHINELOGENTRY, client-6E5155DBE9B8, cid=406, (t:1, i:170), METADATAENTRY(c:169), (t:1, i:171), STATEMACHINELOGENTRY, client-6E5155DBE9B8, cid=407, (t:1, i:172), METADATAENTRY(c:171), (t:1, i:173), STATEMACHINELOGENTRY, client-6E5155DBE9B8, cid=408, (t:1, i:174), METADATAENTRY(c:173), (t:1, i:175), STATEMACHINELOGENTRY, client-6E5155DBE9B8, cid=409, (t:1, i:176), METADATAENTRY(c:175), (t:1, i:177), STATEMACHINELOGENTRY, client-6E5155DBE9B8, cid=410, (t:1, i:178), METADATAENTRY(c:177), (t:1, i:179), STATEMACHINELOGENTRY, client-6E5155DBE9B8, cid=411, (t:1, i:180), METADATAENTRY(c:179), (t:1, i:181), STATEMACHINELOGENTRY, client-6E5155DBE9B8, cid=412, (t:1, i:182), METADATAENTRY(c:181), (t:1, i:183), STATEMACHINELOGENTRY, client-6E5155DBE9B8, cid=413, (t:1, i:184), METADATAENTRY(c:183), (t:1, i:185), STATEMACHINELOGENTRY, client-6E5155DBE9B8, cid=414, (t:1, i:186), METADATAENTRY(c:185), (t:1, i:187), STATEMACHINELOGENTRY, client-6E5155DBE9B8, cid=415, (t:1, i:188), METADATAENTRY(c:187), (t:1, i:189), STATEMACHINELOGENTRY, client-6E5155DBE9B8, cid=416, (t:1, i:190), METADATAENTRY(c:189), (t:1, i:191), STATEMACHINELOGENTRY, client-6E5155DBE9B8, cid=417, (t:1, i:192), METADATAENTRY(c:191), (t:1, i:193), STATEMACHINELOGENTRY, client-6E5155DBE9B8, cid=418, (t:1, i:194), METADATAENTRY(c:193), (t:1, i:195), STATEMACHINELOGENTRY, client-6E5155DBE9B8, cid=419, (t:1, i:196), METADATAENTRY(c:195), (t:1, i:197), STATEMACHINELOGENTRY, client-6E5155DBE9B8, cid=420, (t:1, i:198), METADATAENTRY(c:197), (t:1, i:199), STATEMACHINELOGENTRY, client-6E5155DBE9B8, cid=421, (t:1, i:200), METADATAENTRY(c:199), (t:1, i:201), STATEMACHINELOGENTRY, client-6E5155DBE9B8, cid=422, (t:1, i:202), METADATAENTRY(c:201), (t:1, i:203), STATEMACHINELOGENTRY, client-6E5155DBE9B8, cid=423, (t:1, i:204), METADATAENTRY(c:203), (t:1, i:205), STATEMACHINELOGENTRY, client-6E5155DBE9B8, cid=424, (t:1, i:206), METADATAENTRY(c:205), (t:1, i:207), STATEMACHINELOGENTRY, client-6E5155DBE9B8, cid=425, (t:1, i:208), METADATAENTRY(c:207), (t:1, i:209), STATEMACHINELOGENTRY, client-6E5155DBE9B8, cid=426, (t:1, i:210), METADATAENTRY(c:209), (t:1, i:211), STATEMACHINELOGENTRY, client-6E5155DBE9B8, cid=427, (t:1, i:212), METADATAENTRY(c:211), (t:1, i:213), STATEMACHINELOGENTRY, client-6E5155DBE9B8, cid=428, (t:1, i:214), METADATAENTRY(c:213), (t:1, i:215), STATEMACHINELOGENTRY, client-6E5155DBE9B8, cid=429, (t:1, i:216), METADATAENTRY(c:215), (t:1, i:217), STATEMACHINELOGENTRY, client-6E5155DBE9B8, cid=430, (t:1, i:218), METADATAENTRY(c:217), (t:1, i:219), STATEMACHINELOGENTRY, client-6E5155DBE9B8, cid=431, (t:1, i:220), METADATAENTRY(c:219), (t:1, i:221), STATEMACHINELOGENTRY, client-6E5155DBE9B8, cid=432, (t:1, i:222), METADATAENTRY(c:221), (t:1, i:223), STATEMACHINELOGENTRY, client-6E5155DBE9B8, cid=433, (t:1, i:224), METADATAENTRY(c:223), (t:1, i:225), STATEMACHINELOGENTRY, client-6E5155DBE9B8, cid=434, (t:1, i:226), METADATAENTRY(c:225), (t:1, i:227), STATEMACHINELOGENTRY, client-6E5155DBE9B8, cid=435, (t:1, i:228), METADATAENTRY(c:227), (t:1, i:229), STATEMACHINELOGENTRY, client-6E5155DBE9B8, cid=436, (t:1, i:230), METADATAENTRY(c:229), (t:1, i:231), STATEMACHINELOGENTRY, client-6E5155DBE9B8, cid=437, (t:1, i:232), METADATAENTRY(c:231), (t:1, i:233), STATEMACHINELOGENTRY, client-6E5155DBE9B8, cid=438, (t:1, i:234), METADATAENTRY(c:233), (t:1, i:235), STATEMACHINELOGENTRY, client-6E5155DBE9B8, cid=439, (t:1, i:236), METADATAENTRY(c:235), (t:1, i:237), STATEMACHINELOGENTRY, client-6E5155DBE9B8, cid=440, (t:1, i:238), METADATAENTRY(c:237), (t:1, i:239), STATEMACHINELOGENTRY, client-6E5155DBE9B8, cid=441, (t:1, i:240), METADATAENTRY(c:239), (t:1, i:241), STATEMACHINELOGENTRY, client-6E5155DBE9B8, cid=442, (t:1, i:242), METADATAENTRY(c:241), (t:1, i:243), STATEMACHINELOGENTRY, client-6E5155DBE9B8, cid=443, (t:1, i:244), METADATAENTRY(c:243), (t:1, i:245), STATEMACHINELOGENTRY, client-6E5155DBE9B8, cid=444, (t:1, i:246), METADATAENTRY(c:245), (t:1, i:247), STATEMACHINELOGENTRY, client-6E5155DBE9B8, cid=445, (t:1, i:248), METADATAENTRY(c:247), (t:1, i:249), STATEMACHINELOGENTRY, client-6E5155DBE9B8, cid=446, (t:1, i:250), METADATAENTRY(c:249), (t:1, i:251), STATEMACHINELOGENTRY, client-6E5155DBE9B8, cid=447, (t:1, i:252), METADATAENTRY(c:251), (t:1, i:253), STATEMACHINELOGENTRY, client-6E5155DBE9B8, cid=448, (t:1, i:254), METADATAENTRY(c:253), (t:1, i:255), STATEMACHINELOGENTRY, client-6E5155DBE9B8, cid=449, (t:1, i:256), METADATAENTRY(c:255), (t:1, i:257), STATEMACHINELOGENTRY, client-6E5155DBE9B8, cid=450, (t:1, i:258), METADATAENTRY(c:257), (t:1, i:259), STATEMACHINELOGENTRY, client-6E5155DBE9B8, cid=451, (t:1, i:260), METADATAENTRY(c:259), (t:1, i:261), STATEMACHINELOGENTRY, client-6E5155DBE9B8, cid=452, (t:1, i:262), METADATAENTRY(c:261), (t:1, i:263), STATEMACHINELOGENTRY, client-6E5155DBE9B8, cid=453, (t:1, i:264), METADATAENTRY(c:263), (t:1, i:265), STATEMACHINELOGENTRY, client-6E5155DBE9B8, cid=454, (t:1, i:266), METADATAENTRY(c:265), (t:1, i:267), STATEMACHINELOGENTRY, client-6E5155DBE9B8, cid=455, (t:1, i:268), METADATAENTRY(c:267), (t:1, i:269), STATEMACHINELOGENTRY, client-6E5155DBE9B8, cid=456, (t:1, i:270), METADATAENTRY(c:269), (t:1, i:271), STATEMACHINELOGENTRY, client-6E5155DBE9B8, cid=457, (t:1, i:272), METADATAENTRY(c:271), (t:1, i:273), STATEMACHINELOGENTRY, client-6E5155DBE9B8, cid=458, (t:1, i:274), METADATAENTRY(c:273), (t:1, i:275), STATEMACHINELOGENTRY, client-6E5155DBE9B8, cid=459, (t:1, i:276), METADATAENTRY(c:275), (t:1, i:277), STATEMACHINELOGENTRY, client-6E5155DBE9B8, cid=460, (t:1, i:278), METADATAENTRY(c:277), (t:1, i:279), STATEMACHINELOGENTRY, client-6E5155DBE9B8, cid=461, (t:1, i:280), METADATAENTRY(c:279), (t:1, i:281), STATEMACHINELOGENTRY, client-6E5155DBE9B8, cid=462, (t:1, i:282), METADATAENTRY(c:281), (t:1, i:283), STATEMACHINELOGENTRY, client-6E5155DBE9B8, cid=463, (t:1, i:284), METADATAENTRY(c:283), (t:1, i:285), STATEMACHINELOGENTRY, client-6E5155DBE9B8, cid=464, (t:1, i:286), METADATAENTRY(c:285), (t:1, i:287), STATEMACHINELOGENTRY, client-6E5155DBE9B8, cid=465, (t:1, i:288), METADATAENTRY(c:287), (t:1, i:289), STATEMACHINELOGENTRY, client-6E5155DBE9B8, cid=466, (t:1, i:290), METADATAENTRY(c:289), (t:1, i:291), STATEMACHINELOGENTRY, client-6E5155DBE9B8, cid=467, (t:1, i:292), METADATAENTRY(c:291), (t:1, i:293), STATEMACHINELOGENTRY, client-6E5155DBE9B8, cid=468, (t:1, i:294), METADATAENTRY(c:293), (t:1, i:295), STATEMACHINELOGENTRY, client-6E5155DBE9B8, cid=469, (t:1, i:296), METADATAENTRY(c:295), (t:1, i:297), STATEMACHINELOGENTRY, client-6E5155DBE9B8, cid=470, (t:1, i:298), METADATAENTRY(c:297), (t:1, i:299), STATEMACHINELOGENTRY, client-6E5155DBE9B8, cid=471, (t:1, i:300), METADATAENTRY(c:299), (t:1, i:301), STATEMACHINELOGENTRY, client-6E5155DBE9B8, cid=472, (t:1, i:302), METADATAENTRY(c:301), (t:1, i:303), STATEMACHINELOGENTRY, client-6E5155DBE9B8, cid=473, (t:1, i:304), METADATAENTRY(c:303), (t:1, i:305), STATEMACHINELOGENTRY, client-6E5155DBE9B8, cid=474, (t:1, i:306), METADATAENTRY(c:305), (t:1, i:307), STATEMACHINELOGENTRY, client-6E5155DBE9B8, cid=475, (t:1, i:308), METADATAENTRY(c:307), (t:1, i:309), STATEMACHINELOGENTRY, client-6E5155DBE9B8, cid=476, (t:1, i:310), METADATAENTRY(c:309), (t:1, i:311), STATEMACHINELOGENTRY, client-6E5155DBE9B8, cid=478, (t:1, i:312), METADATAENTRY(c:311), (t:1, i:313), STATEMACHINELOGENTRY, client-6E5155DBE9B8, cid=479, (t:1, i:314), METADATAENTRY(c:313), (t:1, i:315), STATEMACHINELOGENTRY, client-6E5155DBE9B8, cid=480, (t:1, i:316), METADATAENTRY(c:315), (t:1, i:317), STATEMACHINELOGENTRY, client-6E5155DBE9B8, cid=481, (t:1, i:318), METADATAENTRY(c:317), (t:1, i:319), STATEMACHINELOGENTRY, client-6E5155DBE9B8, cid=482, (t:1, i:320), METADATAENTRY(c:319), (t:1, i:321), STATEMACHINELOGENTRY, client-6E5155DBE9B8, cid=483, (t:1, i:322), METADATAENTRY(c:321), (t:1, i:323), STATEMACHINELOGENTRY, client-6E5155DBE9B8, cid=484, (t:1, i:324), METADATAENTRY(c:323), (t:1, i:325), STATEMACHINELOGENTRY, client-6E5155DBE9B8, cid=485, (t:1, i:326), METADATAENTRY(c:325), (t:1, i:327), STATEMACHINELOGENTRY, client-6E5155DBE9B8, cid=486, (t:1, i:328), METADATAENTRY(c:327), (t:1, i:329), STATEMACHINELOGENTRY, client-6E5155DBE9B8, cid=487, (t:1, i:330), METADATAENTRY(c:329), (t:1, i:331), STATEMACHINELOGENTRY, client-6E5155DBE9B8, cid=488, (t:1, i:332), METADATAENTRY(c:331), (t:1, i:333), STATEMACHINELOGENTRY, client-6E5155DBE9B8, cid=489, (t:1, i:334), METADATAENTRY(c:333), (t:1, i:335), STATEMACHINELOGENTRY, client-6E5155DBE9B8, cid=490, (t:1, i:336), METADATAENTRY(c:335), (t:1, i:337), STATEMACHINELOGENTRY, client-6E5155DBE9B8, cid=491, (t:1, i:338), METADATAENTRY(c:337), (t:1, i:339), STATEMACHINELOGENTRY, client-6E5155DBE9B8, cid=492, (t:1, i:340), METADATAENTRY(c:339), (t:1, i:341), STATEMACHINELOGENTRY, client-6E5155DBE9B8, cid=493, (t:1, i:342), METADATAENTRY(c:341), (t:1, i:343), STATEMACHINELOGENTRY, client-6E5155DBE9B8, cid=494, (t:1, i:344), METADATAENTRY(c:343), (t:1, i:345), STATEMACHINELOGENTRY, client-6E5155DBE9B8, cid=495, (t:1, i:346), METADATAENTRY(c:345), (t:1, i:347), STATEMACHINELOGENTRY, client-6E5155DBE9B8, cid=496, (t:1, i:348), METADATAENTRY(c:347), (t:1, i:349), STATEMACHINELOGENTRY, client-6E5155DBE9B8, cid=497, (t:1, i:350), METADATAENTRY(c:349), (t:1, i:351), STATEMACHINELOGENTRY, client-6E5155DBE9B8, cid=498, (t:1, i:352), METADATAENTRY(c:351), (t:1, i:353), STATEMACHINELOGENTRY, client-6E5155DBE9B8, cid=499, (t:1, i:354), METADATAENTRY(c:353), (t:1, i:355), STATEMACHINELOGENTRY, client-6E5155DBE9B8, cid=500, (t:1, i:356), METADATAENTRY(c:355), (t:1, i:357), STATEMACHINELOGENTRY, client-6E5155DBE9B8, cid=501, (t:1, i:358), METADATAENTRY(c:357), (t:1, i:359), STATEMACHINELOGENTRY, client-6E5155DBE9B8, cid=502, (t:1, i:360), METADATAENTRY(c:359), (t:1, i:361), STATEMACHINELOGENTRY, client-6E5155DBE9B8, cid=503, (t:1, i:362), METADATAENTRY(c:361), (t:1, i:363), STATEMACHINELOGENTRY, client-6E5155DBE9B8, cid=504, (t:1, i:364), METADATAENTRY(c:363), (t:1, i:365), STATEMACHINELOGENTRY, client-6E5155DBE9B8, cid=505, (t:1, i:366), METADATAENTRY(c:365), (t:1, i:367), STATEMACHINELOGENTRY, client-6E5155DBE9B8, cid=506, (t:1, i:368), METADATAENTRY(c:367), (t:1, i:369), STATEMACHINELOGENTRY, client-6E5155DBE9B8, cid=507, (t:1, i:370), METADATAENTRY(c:369), (t:1, i:371), STATEMACHINELOGENTRY, client-6E5155DBE9B8, cid=508, (t:1, i:372), METADATAENTRY(c:371), (t:1, i:373), STATEMACHINELOGENTRY, client-6E5155DBE9B8, cid=509, (t:1, i:374), METADATAENTRY(c:373), (t:1, i:375), STATEMACHINELOGENTRY, client-6E5155DBE9B8, cid=510, (t:1, i:376), METADATAENTRY(c:375), (t:1, i:377), STATEMACHINELOGENTRY, client-6E5155DBE9B8, cid=511, (t:1, i:378), METADATAENTRY(c:377), (t:1, i:379), STATEMACHINELOGENTRY, client-6E5155DBE9B8, cid=512, (t:1, i:380), METADATAENTRY(c:379), (t:1, i:381), STATEMACHINELOGENTRY, client-6E5155DBE9B8, cid=513, (t:1, i:382), METADATAENTRY(c:381), (t:1, i:383), STATEMACHINELOGENTRY, client-6E5155DBE9B8, cid=514, (t:1, i:384), METADATAENTRY(c:383), (t:1, i:385), STATEMACHINELOGENTRY, client-6E5155DBE9B8, cid=515, (t:1, i:386), METADATAENTRY(c:385), (t:1, i:387), STATEMACHINELOGENTRY, client-6E5155DBE9B8, cid=516, (t:1, i:388), METADATAENTRY(c:387), (t:1, i:389), STATEMACHINELOGENTRY, client-6E5155DBE9B8, cid=517, (t:1, i:390), METADATAENTRY(c:389), (t:1, i:391), STATEMACHINELOGENTRY, client-6E5155DBE9B8, cid=518, (t:1, i:392), METADATAENTRY(c:391), (t:1, i:393), STATEMACHINELOGENTRY, client-6E5155DBE9B8, cid=519, (t:1, i:394), METADATAENTRY(c:393), (t:1, i:395), STATEMACHINELOGENTRY, client-6E5155DBE9B8, cid=520, (t:1, i:396), METADATAENTRY(c:395), (t:1, i:397), STATEMACHINELOGENTRY, client-6E5155DBE9B8, cid=521, (t:1, i:398), METADATAENTRY(c:397), (t:1, i:399), STATEMACHINELOGENTRY, client-6E5155DBE9B8, cid=522, (t:1, i:400), METADATAENTRY(c:399), (t:1, i:401), STATEMACHINELOGENTRY, client-6E5155DBE9B8, cid=523, (t:1, i:402), METADATAENTRY(c:401), (t:1, i:403), STATEMACHINELOGENTRY, client-6E5155DBE9B8, cid=524, (t:1, i:404), METADATAENTRY(c:403), (t:1, i:405), STATEMACHINELOGENTRY, client-6E5155DBE9B8, cid=525, (t:1, i:406), METADATAENTRY(c:405), (t:1, i:407), STATEMACHINELOGENTRY, client-6E5155DBE9B8, cid=526, (t:1, i:408), METADATAENTRY(c:407), (t:1, i:409), STATEMACHINELOGENTRY, client-6E5155DBE9B8, cid=527, (t:1, i:410), METADATAENTRY(c:409), (t:1, i:411), STATEMACHINELOGENTRY, client-6E5155DBE9B8, cid=528, (t:1, i:412), METADATAENTRY(c:411), (t:1, i:413), STATEMACHINELOGENTRY, client-6E5155DBE9B8, cid=529, (t:1, i:414), METADATAENTRY(c:413), (t:1, i:415), STATEMACHINELOGENTRY, client-6E5155DBE9B8, cid=530, (t:1, i:416), METADATAENTRY(c:415), (t:1, i:417), STATEMACHINELOGENTRY, client-6E5155DBE9B8, cid=531, (t:1, i:418), METADATAENTRY(c:417), (t:1, i:419), STATEMACHINELOGENTRY, client-6E5155DBE9B8, cid=532, (t:1, i:420), METADATAENTRY(c:419), (t:1, i:421), STATEMACHINELOGENTRY, client-6E5155DBE9B8, cid=533, (t:1, i:422), METADATAENTRY(c:421), (t:1, i:423), STATEMACHINELOGENTRY, client-6E5155DBE9B8, cid=534, (t:1, i:424), METADATAENTRY(c:423), (t:1, i:425), STATEMACHINELOGENTRY, client-6E5155DBE9B8, cid=535, (t:1, i:426), METADATAENTRY(c:425), (t:1, i:427), STATEMACHINELOGENTRY, client-6E5155DBE9B8, cid=536, (t:1, i:428), METADATAENTRY(c:427), (t:1, i:429), STATEMACHINELOGENTRY, client-6E5155DBE9B8, cid=537, (t:1, i:430), METADATAENTRY(c:429), (t:1, i:431), STATEMACHINELOGENTRY, client-6E5155DBE9B8, cid=538, (t:1, i:432), METADATAENTRY(c:431), (t:1, i:433), STATEMACHINELOGENTRY, client-6E5155DBE9B8, cid=539, (t:1, i:434), METADATAENTRY(c:433), (t:1, i:435), STATEMACHINELOGENTRY, client-6E5155DBE9B8, cid=540, (t:1, i:436), METADATAENTRY(c:435), (t:1, i:437), STATEMACHINELOGENTRY, client-6E5155DBE9B8, cid=541, (t:1, i:438), METADATAENTRY(c:437), (t:1, i:439), STATEMACHINELOGENTRY, client-6E5155DBE9B8, cid=542, (t:1, i:440), METADATAENTRY(c:439), (t:1, i:441), STATEMACHINELOGENTRY, client-6E5155DBE9B8, cid=543, (t:1, i:442), METADATAENTRY(c:441), (t:1, i:443), STATEMACHINELOGENTRY, client-6E5155DBE9B8, cid=544, (t:1, i:444), METADATAENTRY(c:443), (t:1, i:445), STATEMACHINELOGENTRY, client-6E5155DBE9B8, cid=545, (t:1, i:446), METADATAENTRY(c:445), (t:1, i:447), STATEMACHINELOGENTRY, client-6E5155DBE9B8, cid=546, (t:1, i:448), METADATAENTRY(c:447), (t:1, i:449), STATEMACHINELOGENTRY, client-6E5155DBE9B8, cid=547, (t:1, i:450), METADATAENTRY(c:449), (t:1, i:451), STATEMACHINELOGENTRY, client-6E5155DBE9B8, cid=548, (t:1, i:452), METADATAENTRY(c:451), (t:1, i:453), STATEMACHINELOGENTRY, client-6E5155DBE9B8, cid=549, (t:1, i:454), METADATAENTRY(c:453), (t:1, i:455), STATEMACHINELOGENTRY, client-6E5155DBE9B8, cid=550, (t:1, i:456), METADATAENTRY(c:455), (t:1, i:457), STATEMACHINELOGENTRY, client-6E5155DBE9B8, cid=551, (t:1, i:458), METADATAENTRY(c:457), (t:1, i:459), STATEMACHINELOGENTRY, client-6E5155DBE9B8, cid=552, (t:1, i:460), METADATAENTRY(c:459), (t:1, i:461), STATEMACHINELOGENTRY, client-6E5155DBE9B8, cid=553, (t:1, i:462), METADATAENTRY(c:461), (t:1, i:463), STATEMACHINELOGENTRY, client-6E5155DBE9B8, cid=554, (t:1, i:464), METADATAENTRY(c:463), (t:1, i:465), STATEMACHINELOGENTRY, client-6E5155DBE9B8, cid=555, (t:1, i:466), METADATAENTRY(c:465), (t:1, i:467), STATEMACHINELOGENTRY, client-6E5155DBE9B8, cid=556, (t:1, i:468), METADATAENTRY(c:467), (t:1, i:469), STATEMACHINELOGENTRY, client-6E5155DBE9B8, cid=557, (t:1, i:470), METADATAENTRY(c:469), (t:1, i:471), STATEMACHINELOGENTRY, client-6E5155DBE9B8, cid=558, (t:1, i:472), METADATAENTRY(c:471), (t:1, i:473), STATEMACHINELOGENTRY, client-6E5155DBE9B8, cid=559, (t:1, i:474), METADATAENTRY(c:473), (t:1, i:475), STATEMACHINELOGENTRY, client-6E5155DBE9B8, cid=560, (t:1, i:476), METADATAENTRY(c:475), (t:1, i:477), STATEMACHINELOGENTRY, client-6E5155DBE9B8, cid=561, (t:1, i:478), METADATAENTRY(c:477), (t:1, i:479), STATEMACHINELOGENTRY, client-6E5155DBE9B8, cid=562, (t:1, i:480), METADATAENTRY(c:479), (t:1, i:481), STATEMACHINELOGENTRY, client-6E5155DBE9B8, cid=563, (t:1, i:482), METADATAENTRY(c:481), (t:1, i:483), STATEMACHINELOGENTRY, client-6E5155DBE9B8, cid=564, (t:1, i:484), METADATAENTRY(c:483), (t:1, i:485), STATEMACHINELOGENTRY, client-6E5155DBE9B8, cid=565, (t:1, i:486), METADATAENTRY(c:485), (t:1, i:487), STATEMACHINELOGENTRY, client-6E5155DBE9B8, cid=566, (t:1, i:488), METADATAENTRY(c:487), (t:1, i:489), STATEMACHINELOGENTRY, client-6E5155DBE9B8, cid=567, (t:1, i:490), METADATAENTRY(c:489), (t:1, i:491), STATEMACHINELOGENTRY, client-6E5155DBE9B8, cid=568, (t:1, i:492), METADATAENTRY(c:491), (t:1, i:493), STATEMACHINELOGENTRY, client-6E5155DBE9B8, cid=569, (t:1, i:494), METADATAENTRY(c:493), (t:1, i:495), STATEMACHINELOGENTRY, client-6E5155DBE9B8, cid=570, (t:1, i:496), METADATAENTRY(c:495), (t:1, i:497), STATEMACHINELOGENTRY, client-6E5155DBE9B8, cid=571, (t:1, i:498), METADATAENTRY(c:497), (t:1, i:499), STATEMACHINELOGENTRY, client-6E5155DBE9B8, cid=572, (t:1, i:500), METADATAENTRY(c:499), (t:1, i:501), STATEMACHINELOGENTRY, client-6E5155DBE9B8, cid=573, (t:1, i:502), METADATAENTRY(c:501), (t:1, i:503), STATEMACHINELOGENTRY, client-6E5155DBE9B8, cid=574, (t:1, i:504), METADATAENTRY(c:503), (t:1, i:505), STATEMACHINELOGENTRY, client-6E5155DBE9B8, cid=575, (t:1, i:506), METADATAENTRY(c:505), (t:1, i:507), STATEMACHINELOGENTRY, client-6E5155DBE9B8, cid=576, (t:1, i:508), METADATAENTRY(c:507), (t:1, i:509), STATEMACHINELOGENTRY, client-6E5155DBE9B8, cid=577, (t:1, i:510), METADATAENTRY(c:509), (t:1, i:511), STATEMACHINELOGENTRY, client-6E5155DBE9B8, cid=578, (t:1, i:512), METADATAENTRY(c:511), (t:1, i:513), STATEMACHINELOGENTRY, client-6E5155DBE9B8, cid=579, (t:1, i:514), METADATAENTRY(c:513), (t:1, i:515), STATEMACHINELOGENTRY, client-6E5155DBE9B8, cid=580, (t:1, i:516), METADATAENTRY(c:515), (t:1, i:517), STATEMACHINELOGENTRY, client-6E5155DBE9B8, cid=581, (t:1, i:518), METADATAENTRY(c:517), (t:1, i:519), STATEMACHINELOGENTRY, client-6E5155DBE9B8, cid=582, (t:1, i:520), METADATAENTRY(c:519), (t:1, i:521), STATEMACHINELOGENTRY, client-6E5155DBE9B8, cid=583, (t:1, i:522), METADATAENTRY(c:521), (t:1, i:523), STATEMACHINELOGENTRY, client-6E5155DBE9B8, cid=584, (t:1, i:524), METADATAENTRY(c:523), (t:1, i:525), STATEMACHINELOGENTRY, client-6E5155DBE9B8, cid=585, (t:1, i:526), METADATAENTRY(c:525), (t:1, i:527), STATEMACHINELOGENTRY, client-6E5155DBE9B8, cid=586, (t:1, i:528), METADATAENTRY(c:527), (t:1, i:529), STATEMACHINELOGENTRY, client-6E5155DBE9B8, cid=587, (t:1, i:530), METADATAENTRY(c:529), (t:1, i:531), STATEMACHINELOGENTRY, client-6E5155DBE9B8, cid=588, (t:1, i:532), METADATAENTRY(c:531), (t:1, i:533), STATEMACHINELOGENTRY, client-6E5155DBE9B8, cid=590, (t:1, i:534), METADATAENTRY(c:533), (t:1, i:535), STATEMACHINELOGENTRY, client-6E5155DBE9B8, cid=591, (t:1, i:536), METADATAENTRY(c:535), (t:1, i:537), STATEMACHINELOGENTRY, client-6E5155DBE9B8, cid=592, (t:1, i:538), METADATAENTRY(c:537), (t:1, i:539), STATEMACHINELOGENTRY, client-6E5155DBE9B8, cid=593, (t:1, i:540), METADATAENTRY(c:539), (t:1, i:541), STATEMACHINELOGENTRY, client-6E5155DBE9B8, cid=594, (t:1, i:542), METADATAENTRY(c:541), (t:1, i:543), STATEMACHINELOGENTRY, client-6E5155DBE9B8, cid=595, (t:1, i:544), METADATAENTRY(c:543)]
2020-07-01 01:06:05,553 [grpc-default-executor-7] INFO  ratis.OzoneManagerStateMachine (OzoneManagerStateMachine.java:getLatestSnapshot(147)) - Latest Snapshot Info 1#43
2020-07-01 01:06:05,553 [grpc-default-executor-7] INFO  ratis.OzoneManagerStateMachine (OzoneManagerStateMachine.java:getLatestSnapshot(147)) - Latest Snapshot Info 1#43
2020-07-01 01:06:05,555 [grpc-default-executor-7] INFO  segmented.SegmentedRaftLogWorker (SegmentedRaftLogWorker.java:rollLogSegment(402)) - omNode-2@group-523986131536-SegmentedRaftLogWorker: Rolling segment log-0_76 to index:76
2020-07-01 01:06:05,555 [grpc-default-executor-7] INFO  segmented.SegmentedRaftLogWorker (SegmentedRaftLogWorker.java:rollLogSegment(402)) - omNode-2@group-523986131536-SegmentedRaftLogWorker: Rolling segment log-77_150 to index:150
2020-07-01 01:06:05,556 [grpc-default-executor-7] INFO  segmented.SegmentedRaftLogWorker (SegmentedRaftLogWorker.java:rollLogSegment(402)) - omNode-2@group-523986131536-SegmentedRaftLogWorker: Rolling segment log-151_224 to index:224
2020-07-01 01:06:05,557 [grpc-default-executor-7] INFO  segmented.SegmentedRaftLogWorker (SegmentedRaftLogWorker.java:rollLogSegment(402)) - omNode-2@group-523986131536-SegmentedRaftLogWorker: Rolling segment log-225_298 to index:298
2020-07-01 01:06:05,557 [omNode-2@group-523986131536-SegmentedRaftLogWorker] INFO  segmented.SegmentedRaftLogWorker (SegmentedRaftLogWorker.java:execute(553)) - omNode-2@group-523986131536-SegmentedRaftLogWorker: Rolled log segment from /github/workspace/mnt/ozone/hadoop-ozone/integration-test/target/test-dir/MiniOzoneClusterImpl-f77758f3-7054-4a66-83a1-d2ef3e95fe09/omNode-2/ratis/c9bc4cf4-3bc3-3c60-a66b-523986131536/current/log_inprogress_0 to /github/workspace/mnt/ozone/hadoop-ozone/integration-test/target/test-dir/MiniOzoneClusterImpl-f77758f3-7054-4a66-83a1-d2ef3e95fe09/omNode-2/ratis/c9bc4cf4-3bc3-3c60-a66b-523986131536/current/log_0-76
2020-07-01 01:06:05,567 [grpc-default-executor-7] INFO  segmented.SegmentedRaftLogWorker (SegmentedRaftLogWorker.java:rollLogSegment(402)) - omNode-2@group-523986131536-SegmentedRaftLogWorker: Rolling segment log-299_372 to index:372
2020-07-01 01:06:05,569 [omNode-2@group-523986131536-SegmentedRaftLogWorker] INFO  segmented.SegmentedRaftLogWorker (SegmentedRaftLogWorker.java:execute(596)) - omNode-2@group-523986131536-SegmentedRaftLogWorker: created new log segment /github/workspace/mnt/ozone/hadoop-ozone/integration-test/target/test-dir/MiniOzoneClusterImpl-f77758f3-7054-4a66-83a1-d2ef3e95fe09/omNode-2/ratis/c9bc4cf4-3bc3-3c60-a66b-523986131536/current/log_inprogress_77
2020-07-01 01:06:05,574 [grpc-default-executor-7] INFO  segmented.SegmentedRaftLogWorker (SegmentedRaftLogWorker.java:rollLogSegment(402)) - omNode-2@group-523986131536-SegmentedRaftLogWorker: Rolling segment log-373_446 to index:446
2020-07-01 01:06:05,575 [omNode-2@group-523986131536-SegmentedRaftLogWorker] INFO  segmented.SegmentedRaftLogWorker (SegmentedRaftLogWorker.java:execute(553)) - omNode-2@group-523986131536-SegmentedRaftLogWorker: Rolled log segment from /github/workspace/mnt/ozone/hadoop-ozone/integration-test/target/test-dir/MiniOzoneClusterImpl-f77758f3-7054-4a66-83a1-d2ef3e95fe09/omNode-2/ratis/c9bc4cf4-3bc3-3c60-a66b-523986131536/current/log_inprogress_77 to /github/workspace/mnt/ozone/hadoop-ozone/integration-test/target/test-dir/MiniOzoneClusterImpl-f77758f3-7054-4a66-83a1-d2ef3e95fe09/omNode-2/ratis/c9bc4cf4-3bc3-3c60-a66b-523986131536/current/log_77-150
2020-07-01 01:06:05,575 [grpc-default-executor-7] INFO  segmented.SegmentedRaftLogWorker (SegmentedRaftLogWorker.java:rollLogSegment(402)) - omNode-2@group-523986131536-SegmentedRaftLogWorker: Rolling segment log-447_520 to index:520
2020-07-01 01:06:05,585 [omNode-2@group-523986131536-SegmentedRaftLogWorker] INFO  segmented.SegmentedRaftLogWorker (SegmentedRaftLogWorker.java:execute(596)) - omNode-2@group-523986131536-SegmentedRaftLogWorker: created new log segment /github/workspace/mnt/ozone/hadoop-ozone/integration-test/target/test-dir/MiniOzoneClusterImpl-f77758f3-7054-4a66-83a1-d2ef3e95fe09/omNode-2/ratis/c9bc4cf4-3bc3-3c60-a66b-523986131536/current/log_inprogress_151
2020-07-01 01:06:05,589 [grpc-default-executor-7] DEBUG server.GrpcLogAppender (GrpcLogAppender.java:onNext(257)) - omNode-1@group-523986131536->omNode-2-AppendLogResponseHandler: received the first reply omNode-1<-omNode-2#1031:OK,SUCCESS,nextIndex:545,term:1,followerCommit:150, request=AppendEntriesRequest:cid=1031,entriesCount=0,lastEntry=null
2020-07-01 01:06:05,601 [omNode-2@group-523986131536-SegmentedRaftLogWorker] INFO  segmented.SegmentedRaftLogWorker (SegmentedRaftLogWorker.java:execute(553)) - omNode-2@group-523986131536-SegmentedRaftLogWorker: Rolled log segment from /github/workspace/mnt/ozone/hadoop-ozone/integration-test/target/test-dir/MiniOzoneClusterImpl-f77758f3-7054-4a66-83a1-d2ef3e95fe09/omNode-2/ratis/c9bc4cf4-3bc3-3c60-a66b-523986131536/current/log_inprogress_151 to /github/workspace/mnt/ozone/hadoop-ozone/integration-test/target/test-dir/MiniOzoneClusterImpl-f77758f3-7054-4a66-83a1-d2ef3e95fe09/omNode-2/ratis/c9bc4cf4-3bc3-3c60-a66b-523986131536/current/log_151-224
2020-07-01 01:06:05,603 [omNode-2@group-523986131536-SegmentedRaftLogWorker] INFO  segmented.SegmentedRaftLogWorker (SegmentedRaftLogWorker.java:execute(596)) - omNode-2@group-523986131536-SegmentedRaftLogWorker: created new log segment /github/workspace/mnt/ozone/hadoop-ozone/integration-test/target/test-dir/MiniOzoneClusterImpl-f77758f3-7054-4a66-83a1-d2ef3e95fe09/omNode-2/ratis/c9bc4cf4-3bc3-3c60-a66b-523986131536/current/log_inprogress_225
2020-07-01 01:06:05,604 [omNode-2@group-523986131536-SegmentedRaftLogWorker] INFO  segmented.SegmentedRaftLogWorker (SegmentedRaftLogWorker.java:execute(553)) - omNode-2@group-523986131536-SegmentedRaftLogWorker: Rolled log segment from /github/workspace/mnt/ozone/hadoop-ozone/integration-test/target/test-dir/MiniOzoneClusterImpl-f77758f3-7054-4a66-83a1-d2ef3e95fe09/omNode-2/ratis/c9bc4cf4-3bc3-3c60-a66b-523986131536/current/log_inprogress_225 to /github/workspace/mnt/ozone/hadoop-ozone/integration-test/target/test-dir/MiniOzoneClusterImpl-f77758f3-7054-4a66-83a1-d2ef3e95fe09/omNode-2/ratis/c9bc4cf4-3bc3-3c60-a66b-523986131536/current/log_225-298
2020-07-01 01:06:05,605 [omNode-2@group-523986131536-SegmentedRaftLogWorker] INFO  segmented.SegmentedRaftLogWorker (SegmentedRaftLogWorker.java:execute(596)) - omNode-2@group-523986131536-SegmentedRaftLogWorker: created new log segment /github/workspace/mnt/ozone/hadoop-ozone/integration-test/target/test-dir/MiniOzoneClusterImpl-f77758f3-7054-4a66-83a1-d2ef3e95fe09/omNode-2/ratis/c9bc4cf4-3bc3-3c60-a66b-523986131536/current/log_inprogress_299
2020-07-01 01:06:05,607 [omNode-2@group-523986131536-SegmentedRaftLogWorker] INFO  segmented.SegmentedRaftLogWorker (SegmentedRaftLogWorker.java:execute(553)) - omNode-2@group-523986131536-SegmentedRaftLogWorker: Rolled log segment from /github/workspace/mnt/ozone/hadoop-ozone/integration-test/target/test-dir/MiniOzoneClusterImpl-f77758f3-7054-4a66-83a1-d2ef3e95fe09/omNode-2/ratis/c9bc4cf4-3bc3-3c60-a66b-523986131536/current/log_inprogress_299 to /github/workspace/mnt/ozone/hadoop-ozone/integration-test/target/test-dir/MiniOzoneClusterImpl-f77758f3-7054-4a66-83a1-d2ef3e95fe09/omNode-2/ratis/c9bc4cf4-3bc3-3c60-a66b-523986131536/current/log_299-372
2020-07-01 01:06:05,607 [omNode-2@group-523986131536-SegmentedRaftLogWorker] INFO  segmented.SegmentedRaftLogWorker (SegmentedRaftLogWorker.java:execute(596)) - omNode-2@group-523986131536-SegmentedRaftLogWorker: created new log segment /github/workspace/mnt/ozone/hadoop-ozone/integration-test/target/test-dir/MiniOzoneClusterImpl-f77758f3-7054-4a66-83a1-d2ef3e95fe09/omNode-2/ratis/c9bc4cf4-3bc3-3c60-a66b-523986131536/current/log_inprogress_373
2020-07-01 01:06:05,609 [omNode-2@group-523986131536-SegmentedRaftLogWorker] INFO  segmented.SegmentedRaftLogWorker (SegmentedRaftLogWorker.java:execute(553)) - omNode-2@group-523986131536-SegmentedRaftLogWorker: Rolled log segment from /github/workspace/mnt/ozone/hadoop-ozone/integration-test/target/test-dir/MiniOzoneClusterImpl-f77758f3-7054-4a66-83a1-d2ef3e95fe09/omNode-2/ratis/c9bc4cf4-3bc3-3c60-a66b-523986131536/current/log_inprogress_373 to /github/workspace/mnt/ozone/hadoop-ozone/integration-test/target/test-dir/MiniOzoneClusterImpl-f77758f3-7054-4a66-83a1-d2ef3e95fe09/omNode-2/ratis/c9bc4cf4-3bc3-3c60-a66b-523986131536/current/log_373-446
2020-07-01 01:06:05,611 [omNode-2@group-523986131536-SegmentedRaftLogWorker] INFO  segmented.SegmentedRaftLogWorker (SegmentedRaftLogWorker.java:execute(596)) - omNode-2@group-523986131536-SegmentedRaftLogWorker: created new log segment /github/workspace/mnt/ozone/hadoop-ozone/integration-test/target/test-dir/MiniOzoneClusterImpl-f77758f3-7054-4a66-83a1-d2ef3e95fe09/omNode-2/ratis/c9bc4cf4-3bc3-3c60-a66b-523986131536/current/log_inprogress_447
2020-07-01 01:06:05,612 [omNode-2@group-523986131536-SegmentedRaftLogWorker] INFO  segmented.SegmentedRaftLogWorker (SegmentedRaftLogWorker.java:execute(553)) - omNode-2@group-523986131536-SegmentedRaftLogWorker: Rolled log segment from /github/workspace/mnt/ozone/hadoop-ozone/integration-test/target/test-dir/MiniOzoneClusterImpl-f77758f3-7054-4a66-83a1-d2ef3e95fe09/omNode-2/ratis/c9bc4cf4-3bc3-3c60-a66b-523986131536/current/log_inprogress_447 to /github/workspace/mnt/ozone/hadoop-ozone/integration-test/target/test-dir/MiniOzoneClusterImpl-f77758f3-7054-4a66-83a1-d2ef3e95fe09/omNode-2/ratis/c9bc4cf4-3bc3-3c60-a66b-523986131536/current/log_447-520
2020-07-01 01:06:05,613 [omNode-2@group-523986131536-StateMachineUpdater] INFO  ratis.OzoneManagerStateMachine (OzoneManagerStateMachine.java:takeSnapshot(355)) - Current Snapshot Index (t:1, i:150)
2020-07-01 01:06:05,614 [omNode-2@group-523986131536-StateMachineUpdater] INFO  impl.StateMachineUpdater (StateMachineUpdater.java:takeSnapshot(277)) - omNode-2@group-523986131536-StateMachineUpdater: Took a snapshot at index 150
2020-07-01 01:06:05,614 [omNode-2@group-523986131536-StateMachineUpdater] INFO  impl.StateMachineUpdater (StateMachineUpdater.java:lambda$new$0(87)) - omNode-2@group-523986131536-StateMachineUpdater: snapshotIndex: updateIncreasingly 43 -> 150
2020-07-01 01:06:05,614 [omNode-2@group-523986131536-StateMachineUpdater] INFO  raftlog.RaftLog (RaftLog.java:purge(377)) - omNode-2@group-523986131536-SegmentedRaftLog: purge 150
2020-07-01 01:06:05,614 [omNode-2@group-523986131536-SegmentedRaftLogWorker] INFO  segmented.SegmentedRaftLogWorker (SegmentedRaftLogWorker.java:execute(596)) - omNode-2@group-523986131536-SegmentedRaftLogWorker: created new log segment /github/workspace/mnt/ozone/hadoop-ozone/integration-test/target/test-dir/MiniOzoneClusterImpl-f77758f3-7054-4a66-83a1-d2ef3e95fe09/omNode-2/ratis/c9bc4cf4-3bc3-3c60-a66b-523986131536/current/log_inprogress_521
2020-07-01 01:06:05,616 [omNode-2@group-523986131536-SegmentedRaftLogWorker] INFO  raftlog.RaftLog (RaftLog.java:lambda$new$0(61)) - omNode-2@group-523986131536-SegmentedRaftLog: purgeIndex: updateToMax old=-1, new=76, updated? true
2020-07-01 01:06:06,042 [grpc-default-executor-7] INFO  ratis.OzoneManagerStateMachine (OzoneManagerStateMachine.java:getLatestSnapshot(147)) - Latest Snapshot Info 1#499
2020-07-01 01:06:06,043 [grpc-default-executor-7] DEBUG server.GrpcLogAppender (GrpcLogAppender.java:onNext(257)) - omNode-1@group-523986131536->omNode-3-AppendLogResponseHandler: received a reply omNode-1<-omNode-3#571:OK,SUCCESS,nextIndex:545,term:1,followerCommit:544, request=AppendEntriesRequest:cid=571,entriesCount=0,lastEntry=null
2020-07-01 01:06:06,101 [grpc-default-executor-7] INFO  ratis.OzoneManagerStateMachine (OzoneManagerStateMachine.java:getLatestSnapshot(147)) - Latest Snapshot Info 1#150
2020-07-01 01:06:06,105 [grpc-default-executor-7] DEBUG server.GrpcLogAppender (GrpcLogAppender.java:onNext(257)) - omNode-1@group-523986131536->omNode-2-AppendLogResponseHandler: received a reply omNode-1<-omNode-2#1033:OK,SUCCESS,nextIndex:545,term:1,followerCommit:520, request=AppendEntriesRequest:cid=1033,entriesCount=0,lastEntry=null
2020-07-01 01:06:06,140 [omNode-2@group-523986131536-StateMachineUpdater] INFO  ratis.OzoneManagerStateMachine (OzoneManagerStateMachine.java:takeSnapshot(355)) - Current Snapshot Index (t:1, i:470)
2020-07-01 01:06:06,140 [omNode-2@group-523986131536-StateMachineUpdater] INFO  impl.StateMachineUpdater (StateMachineUpdater.java:takeSnapshot(277)) - omNode-2@group-523986131536-StateMachineUpdater: Took a snapshot at index 470
2020-07-01 01:06:06,140 [omNode-2@group-523986131536-StateMachineUpdater] INFO  impl.StateMachineUpdater (StateMachineUpdater.java:lambda$new$0(87)) - omNode-2@group-523986131536-StateMachineUpdater: snapshotIndex: updateIncreasingly 150 -> 470
2020-07-01 01:06:06,140 [omNode-2@group-523986131536-StateMachineUpdater] INFO  raftlog.RaftLog (RaftLog.java:purge(377)) - omNode-2@group-523986131536-SegmentedRaftLog: purge 470
2020-07-01 01:06:06,140 [omNode-2@group-523986131536-SegmentedRaftLogWorker] INFO  raftlog.RaftLog (RaftLog.java:lambda$new$0(61)) - omNode-2@group-523986131536-SegmentedRaftLog: purgeIndex: updateToMax old=76, new=446, updated? true
2020-07-01 01:06:06,544 [grpc-default-executor-7] INFO  ratis.OzoneManagerStateMachine (OzoneManagerStateMachine.java:getLatestSnapshot(147)) - Latest Snapshot Info 1#499
2020-07-01 01:06:06,545 [grpc-default-executor-7] DEBUG server.GrpcLogAppender (GrpcLogAppender.java:onNext(257)) - omNode-1@group-523986131536->omNode-3-AppendLogResponseHandler: received a reply omNode-1<-omNode-3#572:OK,SUCCESS,nextIndex:545,term:1,followerCommit:544, request=AppendEntriesRequest:cid=572,entriesCount=0,lastEntry=null
2020-07-01 01:06:06,606 [grpc-default-executor-7] INFO  ratis.OzoneManagerStateMachine (OzoneManagerStateMachine.java:getLatestSnapshot(147)) - Latest Snapshot Info 1#470
2020-07-01 01:06:06,607 [grpc-default-executor-7] DEBUG server.GrpcLogAppender (GrpcLogAppender.java:onNext(257)) - omNode-1@group-523986131536->omNode-2-AppendLogResponseHandler: received a reply omNode-1<-omNode-2#1034:OK,SUCCESS,nextIndex:545,term:1,followerCommit:520, request=AppendEntriesRequest:cid=1034,entriesCount=0,lastEntry=null
2020-07-01 01:06:06,944 [grpc-default-executor-7] DEBUG server.GrpcLogAppender (GrpcLogAppender.java:onNext(257)) - 69db720a-335e-417f-9e4d-9b6daaea3d10@group-304D1CDEA4AC->5f570ae4-9456-445c-93e3-9355377d8e07-AppendLogResponseHandler: received a reply 69db720a-335e-417f-9e4d-9b6daaea3d10<-5f570ae4-9456-445c-93e3-9355377d8e07#4:OK,SUCCESS,nextIndex:1,term:1,followerCommit:0, request=AppendEntriesRequest:cid=4,entriesCount=0,lastEntry=null
2020-07-01 01:06:06,958 [grpc-default-executor-7] DEBUG server.GrpcLogAppender (GrpcLogAppender.java:onNext(257)) - 69db720a-335e-417f-9e4d-9b6daaea3d10@group-304D1CDEA4AC->40524df2-78a3-4e4e-9ceb-ad6c0599eecc-AppendLogResponseHandler: received a reply 69db720a-335e-417f-9e4d-9b6daaea3d10<-40524df2-78a3-4e4e-9ceb-ad6c0599eecc#4:OK,SUCCESS,nextIndex:1,term:1,followerCommit:0, request=AppendEntriesRequest:cid=4,entriesCount=0,lastEntry=null
2020-07-01 01:06:07,046 [grpc-default-executor-7] INFO  ratis.OzoneManagerStateMachine (OzoneManagerStateMachine.java:getLatestSnapshot(147)) - Latest Snapshot Info 1#499
2020-07-01 01:06:07,046 [grpc-default-executor-7] DEBUG server.GrpcLogAppender (GrpcLogAppender.java:onNext(257)) - omNode-1@group-523986131536->omNode-3-AppendLogResponseHandler: received a reply omNode-1<-omNode-3#573:OK,SUCCESS,nextIndex:545,term:1,followerCommit:544, request=AppendEntriesRequest:cid=573,entriesCount=0,lastEntry=null
2020-07-01 01:06:07,108 [grpc-default-executor-7] INFO  ratis.OzoneManagerStateMachine (OzoneManagerStateMachine.java:getLatestSnapshot(147)) - Latest Snapshot Info 1#470
2020-07-01 01:06:07,108 [grpc-default-executor-7] DEBUG server.GrpcLogAppender (GrpcLogAppender.java:onNext(257)) - omNode-1@group-523986131536->omNode-2-AppendLogResponseHandler: received a reply omNode-1<-omNode-2#1035:OK,SUCCESS,nextIndex:545,term:1,followerCommit:520, request=AppendEntriesRequest:cid=1035,entriesCount=0,lastEntry=null
2020-07-01 01:06:07,547 [grpc-default-executor-7] INFO  ratis.OzoneManagerStateMachine (OzoneManagerStateMachine.java:getLatestSnapshot(147)) - Latest Snapshot Info 1#499
2020-07-01 01:06:07,548 [grpc-default-executor-7] DEBUG server.GrpcLogAppender (GrpcLogAppender.java:onNext(257)) - omNode-1@group-523986131536->omNode-3-AppendLogResponseHandler: received a reply omNode-1<-omNode-3#574:OK,SUCCESS,nextIndex:545,term:1,followerCommit:544, request=AppendEntriesRequest:cid=574,entriesCount=0,lastEntry=null
2020-07-01 01:06:07,609 [grpc-default-executor-7] INFO  ratis.OzoneManagerStateMachine (OzoneManagerStateMachine.java:getLatestSnapshot(147)) - Latest Snapshot Info 1#470
2020-07-01 01:06:07,610 [grpc-default-executor-7] DEBUG server.GrpcLogAppender (GrpcLogAppender.java:onNext(257)) - omNode-1@group-523986131536->omNode-2-AppendLogResponseHandler: received a reply omNode-1<-omNode-2#1036:OK,SUCCESS,nextIndex:545,term:1,followerCommit:520, request=AppendEntriesRequest:cid=1036,entriesCount=0,lastEntry=null
2020-07-01 01:06:08,049 [grpc-default-executor-7] INFO  ratis.OzoneManagerStateMachine (OzoneManagerStateMachine.java:getLatestSnapshot(147)) - Latest Snapshot Info 1#499
2020-07-01 01:06:08,050 [grpc-default-executor-7] DEBUG server.GrpcLogAppender (GrpcLogAppender.java:onNext(257)) - omNode-1@group-523986131536->omNode-3-AppendLogResponseHandler: received a reply omNode-1<-omNode-3#575:OK,SUCCESS,nextIndex:545,term:1,followerCommit:544, request=AppendEntriesRequest:cid=575,entriesCount=0,lastEntry=null
2020-07-01 01:06:08,111 [grpc-default-executor-7] INFO  ratis.OzoneManagerStateMachine (OzoneManagerStateMachine.java:getLatestSnapshot(147)) - Latest Snapshot Info 1#470
2020-07-01 01:06:08,112 [grpc-default-executor-7] DEBUG server.GrpcLogAppender (GrpcLogAppender.java:onNext(257)) - omNode-1@group-523986131536->omNode-2-AppendLogResponseHandler: received a reply omNode-1<-omNode-2#1037:OK,SUCCESS,nextIndex:545,term:1,followerCommit:520, request=AppendEntriesRequest:cid=1037,entriesCount=0,lastEntry=null
2020-07-01 01:06:08,542 [java.util.concurrent.ThreadPoolExecutor$Worker@468f0b5c[State = -1, empty queue]] WARN  server.GrpcLogAppender (GrpcLogAppender.java:timeoutAppendRequest(219)) - omNode-1@group-523986131536->omNode-2-GrpcLogAppender:  appendEntries Timeout, request=AppendEntriesRequest:cid=1032,entriesCount=500,lastEntry=(t:1, i:544)
2020-07-01 01:06:08,551 [grpc-default-executor-7] INFO  ratis.OzoneManagerStateMachine (OzoneManagerStateMachine.java:getLatestSnapshot(147)) - Latest Snapshot Info 1#499
2020-07-01 01:06:08,552 [grpc-default-executor-7] DEBUG server.GrpcLogAppender (GrpcLogAppender.java:onNext(257)) - omNode-1@group-523986131536->omNode-3-AppendLogResponseHandler: received a reply omNode-1<-omNode-3#576:OK,SUCCESS,nextIndex:545,term:1,followerCommit:544, request=AppendEntriesRequest:cid=576,entriesCount=0,lastEntry=null
2020-07-01 01:06:08,612 [grpc-default-executor-7] INFO  ratis.OzoneManagerStateMachine (OzoneManagerStateMachine.java:getLatestSnapshot(147)) - Latest Snapshot Info 1#470
2020-07-01 01:06:08,613 [grpc-default-executor-7] DEBUG server.GrpcLogAppender (GrpcLogAppender.java:onNext(257)) - omNode-1@group-523986131536->omNode-2-AppendLogResponseHandler: received a reply omNode-1<-omNode-2#1038:OK,SUCCESS,nextIndex:545,term:1,followerCommit:520, request=AppendEntriesRequest:cid=1038,entriesCount=0,lastEntry=null
2020-07-01 01:06:09,052 [grpc-default-executor-7] INFO  ratis.OzoneManagerStateMachine (OzoneManagerStateMachine.java:getLatestSnapshot(147)) - Latest Snapshot Info 1#499
2020-07-01 01:06:09,053 [grpc-default-executor-7] DEBUG server.GrpcLogAppender (GrpcLogAppender.java:onNext(257)) - omNode-1@group-523986131536->omNode-3-AppendLogResponseHandler: received a reply omNode-1<-omNode-3#577:OK,SUCCESS,nextIndex:545,term:1,followerCommit:544, request=AppendEntriesRequest:cid=577,entriesCount=0,lastEntry=null
2020-07-01 01:06:09,114 [grpc-default-executor-7] INFO  ratis.OzoneManagerStateMachine (OzoneManagerStateMachine.java:getLatestSnapshot(147)) - Latest Snapshot Info 1#470
2020-07-01 01:06:09,115 [grpc-default-executor-7] DEBUG server.GrpcLogAppender (GrpcLogAppender.java:onNext(257)) - omNode-1@group-523986131536->omNode-2-AppendLogResponseHandler: received a reply omNode-1<-omNode-2#1039:OK,SUCCESS,nextIndex:545,term:1,followerCommit:520, request=AppendEntriesRequest:cid=1039,entriesCount=0,lastEntry=null
2020-07-01 01:06:09,446 [grpc-default-executor-7] DEBUG server.GrpcLogAppender (GrpcLogAppender.java:onNext(257)) - 69db720a-335e-417f-9e4d-9b6daaea3d10@group-304D1CDEA4AC->5f570ae4-9456-445c-93e3-9355377d8e07-AppendLogResponseHandler: received a reply 69db720a-335e-417f-9e4d-9b6daaea3d10<-5f570ae4-9456-445c-93e3-9355377d8e07#5:OK,SUCCESS,nextIndex:1,term:1,followerCommit:0, request=AppendEntriesRequest:cid=5,entriesCount=0,lastEntry=null
2020-07-01 01:06:09,461 [grpc-default-executor-7] DEBUG server.GrpcLogAppender (GrpcLogAppender.java:onNext(257)) - 69db720a-335e-417f-9e4d-9b6daaea3d10@group-304D1CDEA4AC->40524df2-78a3-4e4e-9ceb-ad6c0599eecc-AppendLogResponseHandler: received a reply 69db720a-335e-417f-9e4d-9b6daaea3d10<-40524df2-78a3-4e4e-9ceb-ad6c0599eecc#5:OK,SUCCESS,nextIndex:1,term:1,followerCommit:0, request=AppendEntriesRequest:cid=5,entriesCount=0,lastEntry=null
2020-07-01 01:06:09,554 [grpc-default-executor-7] INFO  ratis.OzoneManagerStateMachine (OzoneManagerStateMachine.java:getLatestSnapshot(147)) - Latest Snapshot Info 1#499
2020-07-01 01:06:09,555 [grpc-default-executor-7] DEBUG server.GrpcLogAppender (GrpcLogAppender.java:onNext(257)) - omNode-1@group-523986131536->omNode-3-AppendLogResponseHandler: received a reply omNode-1<-omNode-3#578:OK,SUCCESS,nextIndex:545,term:1,followerCommit:544, request=AppendEntriesRequest:cid=578,entriesCount=0,lastEntry=null
2020-07-01 01:06:09,615 [grpc-default-executor-7] INFO  ratis.OzoneManagerStateMachine (OzoneManagerStateMachine.java:getLatestSnapshot(147)) - Latest Snapshot Info 1#470
2020-07-01 01:06:09,617 [grpc-default-executor-7] DEBUG server.GrpcLogAppender (GrpcLogAppender.java:onNext(257)) - omNode-1@group-523986131536->omNode-2-AppendLogResponseHandler: received a reply omNode-1<-omNode-2#1040:OK,SUCCESS,nextIndex:545,term:1,followerCommit:520, request=AppendEntriesRequest:cid=1040,entriesCount=0,lastEntry=null
2020-07-01 01:06:10,056 [grpc-default-executor-7] INFO  ratis.OzoneManagerStateMachine (OzoneManagerStateMachine.java:getLatestSnapshot(147)) - Latest Snapshot Info 1#499
2020-07-01 01:06:10,057 [grpc-default-executor-7] DEBUG server.GrpcLogAppender (GrpcLogAppender.java:onNext(257)) - omNode-1@group-523986131536->omNode-3-AppendLogResponseHandler: received a reply omNode-1<-omNode-3#579:OK,SUCCESS,nextIndex:545,term:1,followerCommit:544, request=AppendEntriesRequest:cid=579,entriesCount=0,lastEntry=null
2020-07-01 01:06:10,117 [grpc-default-executor-7] INFO  ratis.OzoneManagerStateMachine (OzoneManagerStateMachine.java:getLatestSnapshot(147)) - Latest Snapshot Info 1#470
2020-07-01 01:06:10,118 [grpc-default-executor-7] DEBUG server.GrpcLogAppender (GrpcLogAppender.java:onNext(257)) - omNode-1@group-523986131536->omNode-2-AppendLogResponseHandler: received a reply omNode-1<-omNode-2#1041:OK,SUCCESS,nextIndex:545,term:1,followerCommit:520, request=AppendEntriesRequest:cid=1041,entriesCount=0,lastEntry=null
2020-07-01 01:06:10,558 [grpc-default-executor-7] INFO  ratis.OzoneManagerStateMachine (OzoneManagerStateMachine.java:getLatestSnapshot(147)) - Latest Snapshot Info 1#499
2020-07-01 01:06:10,559 [grpc-default-executor-7] DEBUG server.GrpcLogAppender (GrpcLogAppender.java:onNext(257)) - omNode-1@group-523986131536->omNode-3-AppendLogResponseHandler: received a reply omNode-1<-omNode-3#580:OK,SUCCESS,nextIndex:545,term:1,followerCommit:544, request=AppendEntriesRequest:cid=580,entriesCount=0,lastEntry=null
2020-07-01 01:06:10,619 [grpc-default-executor-7] INFO  ratis.OzoneManagerStateMachine (OzoneManagerStateMachine.java:getLatestSnapshot(147)) - Latest Snapshot Info 1#470
2020-07-01 01:06:10,620 [grpc-default-executor-7] DEBUG server.GrpcLogAppender (GrpcLogAppender.java:onNext(257)) - omNode-1@group-523986131536->omNode-2-AppendLogResponseHandler: received a reply omNode-1<-omNode-2#1042:OK,SUCCESS,nextIndex:545,term:1,followerCommit:520, request=AppendEntriesRequest:cid=1042,entriesCount=0,lastEntry=null
2020-07-01 01:06:11,060 [grpc-default-executor-7] INFO  ratis.OzoneManagerStateMachine (OzoneManagerStateMachine.java:getLatestSnapshot(147)) - Latest Snapshot Info 1#499
2020-07-01 01:06:11,060 [grpc-default-executor-7] DEBUG server.GrpcLogAppender (GrpcLogAppender.java:onNext(257)) - omNode-1@group-523986131536->omNode-3-AppendLogResponseHandler: received a reply omNode-1<-omNode-3#581:OK,SUCCESS,nextIndex:545,term:1,followerCommit:544, request=AppendEntriesRequest:cid=581,entriesCount=0,lastEntry=null
2020-07-01 01:06:11,120 [grpc-default-executor-7] INFO  ratis.OzoneManagerStateMachine (OzoneManagerStateMachine.java:getLatestSnapshot(147)) - Latest Snapshot Info 1#470
2020-07-01 01:06:11,121 [grpc-default-executor-7] DEBUG server.GrpcLogAppender (GrpcLogAppender.java:onNext(257)) - omNode-1@group-523986131536->omNode-2-AppendLogResponseHandler: received a reply omNode-1<-omNode-2#1043:OK,SUCCESS,nextIndex:545,term:1,followerCommit:520, request=AppendEntriesRequest:cid=1043,entriesCount=0,lastEntry=null
2020-07-01 01:06:11,561 [grpc-default-executor-7] INFO  ratis.OzoneManagerStateMachine (OzoneManagerStateMachine.java:getLatestSnapshot(147)) - Latest Snapshot Info 1#499
2020-07-01 01:06:11,562 [grpc-default-executor-7] DEBUG server.GrpcLogAppender (GrpcLogAppender.java:onNext(257)) - omNode-1@group-523986131536->omNode-3-AppendLogResponseHandler: received a reply omNode-1<-omNode-3#582:OK,SUCCESS,nextIndex:545,term:1,followerCommit:544, request=AppendEntriesRequest:cid=582,entriesCount=0,lastEntry=null
2020-07-01 01:06:11,622 [grpc-default-executor-7] INFO  ratis.OzoneManagerStateMachine (OzoneManagerStateMachine.java:getLatestSnapshot(147)) - Latest Snapshot Info 1#470
2020-07-01 01:06:11,623 [grpc-default-executor-7] DEBUG server.GrpcLogAppender (GrpcLogAppender.java:onNext(257)) - omNode-1@group-523986131536->omNode-2-AppendLogResponseHandler: received a reply omNode-1<-omNode-2#1044:OK,SUCCESS,nextIndex:545,term:1,followerCommit:520, request=AppendEntriesRequest:cid=1044,entriesCount=0,lastEntry=null
2020-07-01 01:06:11,947 [grpc-default-executor-7] DEBUG server.GrpcLogAppender (GrpcLogAppender.java:onNext(257)) - 69db720a-335e-417f-9e4d-9b6daaea3d10@group-304D1CDEA4AC->5f570ae4-9456-445c-93e3-9355377d8e07-AppendLogResponseHandler: received a reply 69db720a-335e-417f-9e4d-9b6daaea3d10<-5f570ae4-9456-445c-93e3-9355377d8e07#6:OK,SUCCESS,nextIndex:1,term:1,followerCommit:0, request=AppendEntriesRequest:cid=6,entriesCount=0,lastEntry=null
2020-07-01 01:06:11,962 [grpc-default-executor-7] DEBUG server.GrpcLogAppender (GrpcLogAppender.java:onNext(257)) - 69db720a-335e-417f-9e4d-9b6daaea3d10@group-304D1CDEA4AC->40524df2-78a3-4e4e-9ceb-ad6c0599eecc-AppendLogResponseHandler: received a reply 69db720a-335e-417f-9e4d-9b6daaea3d10<-40524df2-78a3-4e4e-9ceb-ad6c0599eecc#6:OK,SUCCESS,nextIndex:1,term:1,followerCommit:0, request=AppendEntriesRequest:cid=6,entriesCount=0,lastEntry=null
2020-07-01 01:06:12,063 [grpc-default-executor-7] INFO  ratis.OzoneManagerStateMachine (OzoneManagerStateMachine.java:getLatestSnapshot(147)) - Latest Snapshot Info 1#499
2020-07-01 01:06:12,064 [grpc-default-executor-7] DEBUG server.GrpcLogAppender (GrpcLogAppender.java:onNext(257)) - omNode-1@group-523986131536->omNode-3-AppendLogResponseHandler: received a reply omNode-1<-omNode-3#583:OK,SUCCESS,nextIndex:545,term:1,followerCommit:544, request=AppendEntriesRequest:cid=583,entriesCount=0,lastEntry=null
2020-07-01 01:06:12,123 [grpc-default-executor-7] INFO  ratis.OzoneManagerStateMachine (OzoneManagerStateMachine.java:getLatestSnapshot(147)) - Latest Snapshot Info 1#470
2020-07-01 01:06:12,124 [grpc-default-executor-7] DEBUG server.GrpcLogAppender (GrpcLogAppender.java:onNext(257)) - omNode-1@group-523986131536->omNode-2-AppendLogResponseHandler: received a reply omNode-1<-omNode-2#1045:OK,SUCCESS,nextIndex:545,term:1,followerCommit:520, request=AppendEntriesRequest:cid=1045,entriesCount=0,lastEntry=null
2020-07-01 01:06:12,564 [grpc-default-executor-7] INFO  ratis.OzoneManagerStateMachine (OzoneManagerStateMachine.java:getLatestSnapshot(147)) - Latest Snapshot Info 1#499
2020-07-01 01:06:12,565 [grpc-default-executor-7] DEBUG server.GrpcLogAppender (GrpcLogAppender.java:onNext(257)) - omNode-1@group-523986131536->omNode-3-AppendLogResponseHandler: received a reply omNode-1<-omNode-3#584:OK,SUCCESS,nextIndex:545,term:1,followerCommit:544, request=AppendEntriesRequest:cid=584,entriesCount=0,lastEntry=null
2020-07-01 01:06:12,625 [grpc-default-executor-7] INFO  ratis.OzoneManagerStateMachine (OzoneManagerStateMachine.java:getLatestSnapshot(147)) - Latest Snapshot Info 1#470
2020-07-01 01:06:12,625 [grpc-default-executor-7] DEBUG server.GrpcLogAppender (GrpcLogAppender.java:onNext(257)) - omNode-1@group-523986131536->omNode-2-AppendLogResponseHandler: received a reply omNode-1<-omNode-2#1046:OK,SUCCESS,nextIndex:545,term:1,followerCommit:520, request=AppendEntriesRequest:cid=1046,entriesCount=0,lastEntry=null
2020-07-01 01:06:13,066 [grpc-default-executor-7] INFO  ratis.OzoneManagerStateMachine (OzoneManagerStateMachine.java:getLatestSnapshot(147)) - Latest Snapshot Info 1#499
2020-07-01 01:06:13,067 [grpc-default-executor-7] DEBUG server.GrpcLogAppender (GrpcLogAppender.java:onNext(257)) - omNode-1@group-523986131536->omNode-3-AppendLogResponseHandler: received a reply omNode-1<-omNode-3#585:OK,SUCCESS,nextIndex:545,term:1,followerCommit:544, request=AppendEntriesRequest:cid=585,entriesCount=0,lastEntry=null
2020-07-01 01:06:13,126 [grpc-default-executor-7] INFO  ratis.OzoneManagerStateMachine (OzoneManagerStateMachine.java:getLatestSnapshot(147)) - Latest Snapshot Info 1#470
2020-07-01 01:06:13,127 [grpc-default-executor-7] DEBUG server.GrpcLogAppender (GrpcLogAppender.java:onNext(257)) - omNode-1@group-523986131536->omNode-2-AppendLogResponseHandler: received a reply omNode-1<-omNode-2#1047:OK,SUCCESS,nextIndex:545,term:1,followerCommit:520, request=AppendEntriesRequest:cid=1047,entriesCount=0,lastEntry=null
2020-07-01 01:06:13,568 [grpc-default-executor-7] INFO  ratis.OzoneManagerStateMachine (OzoneManagerStateMachine.java:getLatestSnapshot(147)) - Latest Snapshot Info 1#499
2020-07-01 01:06:13,569 [grpc-default-executor-7] DEBUG server.GrpcLogAppender (GrpcLogAppender.java:onNext(257)) - omNode-1@group-523986131536->omNode-3-AppendLogResponseHandler: received a reply omNode-1<-omNode-3#586:OK,SUCCESS,nextIndex:545,term:1,followerCommit:544, request=AppendEntriesRequest:cid=586,entriesCount=0,lastEntry=null
2020-07-01 01:06:13,627 [grpc-default-executor-7] INFO  ratis.OzoneManagerStateMachine (OzoneManagerStateMachine.java:getLatestSnapshot(147)) - Latest Snapshot Info 1#470
2020-07-01 01:06:13,628 [grpc-default-executor-7] DEBUG server.GrpcLogAppender (GrpcLogAppender.java:onNext(257)) - omNode-1@group-523986131536->omNode-2-AppendLogResponseHandler: received a reply omNode-1<-omNode-2#1048:OK,SUCCESS,nextIndex:545,term:1,followerCommit:520, request=AppendEntriesRequest:cid=1048,entriesCount=0,lastEntry=null
2020-07-01 01:06:14,069 [grpc-default-executor-7] INFO  ratis.OzoneManagerStateMachine (OzoneManagerStateMachine.java:getLatestSnapshot(147)) - Latest Snapshot Info 1#499
2020-07-01 01:06:14,071 [grpc-default-executor-7] DEBUG server.GrpcLogAppender (GrpcLogAppender.java:onNext(257)) - omNode-1@group-523986131536->omNode-3-AppendLogResponseHandler: received a reply omNode-1<-omNode-3#587:OK,SUCCESS,nextIndex:545,term:1,followerCommit:544, request=AppendEntriesRequest:cid=587,entriesCount=0,lastEntry=null
2020-07-01 01:06:14,129 [grpc-default-executor-7] INFO  ratis.OzoneManagerStateMachine (OzoneManagerStateMachine.java:getLatestSnapshot(147)) - Latest Snapshot Info 1#470
2020-07-01 01:06:14,129 [grpc-default-executor-7] DEBUG server.GrpcLogAppender (GrpcLogAppender.java:onNext(257)) - omNode-1@group-523986131536->omNode-2-AppendLogResponseHandler: received a reply omNode-1<-omNode-2#1049:OK,SUCCESS,nextIndex:545,term:1,followerCommit:520, request=AppendEntriesRequest:cid=1049,entriesCount=0,lastEntry=null
2020-07-01 01:06:14,449 [grpc-default-executor-7] DEBUG server.GrpcLogAppender (GrpcLogAppender.java:onNext(257)) - 69db720a-335e-417f-9e4d-9b6daaea3d10@group-304D1CDEA4AC->5f570ae4-9456-445c-93e3-9355377d8e07-AppendLogResponseHandler: received a reply 69db720a-335e-417f-9e4d-9b6daaea3d10<-5f570ae4-9456-445c-93e3-9355377d8e07#7:OK,SUCCESS,nextIndex:1,term:1,followerCommit:0, request=AppendEntriesRequest:cid=7,entriesCount=0,lastEntry=null
2020-07-01 01:06:14,463 [grpc-default-executor-7] DEBUG server.GrpcLogAppender (GrpcLogAppender.java:onNext(257)) - 69db720a-335e-417f-9e4d-9b6daaea3d10@group-304D1CDEA4AC->40524df2-78a3-4e4e-9ceb-ad6c0599eecc-AppendLogResponseHandler: received a reply 69db720a-335e-417f-9e4d-9b6daaea3d10<-40524df2-78a3-4e4e-9ceb-ad6c0599eecc#7:OK,SUCCESS,nextIndex:1,term:1,followerCommit:0, request=AppendEntriesRequest:cid=7,entriesCount=0,lastEntry=null
2020-07-01 01:06:14,571 [grpc-default-executor-7] INFO  ratis.OzoneManagerStateMachine (OzoneManagerStateMachine.java:getLatestSnapshot(147)) - Latest Snapshot Info 1#499
2020-07-01 01:06:14,572 [grpc-default-executor-7] DEBUG server.GrpcLogAppender (GrpcLogAppender.java:onNext(257)) - omNode-1@group-523986131536->omNode-3-AppendLogResponseHandler: received a reply omNode-1<-omNode-3#588:OK,SUCCESS,nextIndex:545,term:1,followerCommit:544, request=AppendEntriesRequest:cid=588,entriesCount=0,lastEntry=null
2020-07-01 01:06:14,630 [grpc-default-executor-7] INFO  ratis.OzoneManagerStateMachine (OzoneManagerStateMachine.java:getLatestSnapshot(147)) - Latest Snapshot Info 1#470
2020-07-01 01:06:14,631 [grpc-default-executor-7] DEBUG server.GrpcLogAppender (GrpcLogAppender.java:onNext(257)) - omNode-1@group-523986131536->omNode-2-AppendLogResponseHandler: received a reply omNode-1<-omNode-2#1050:OK,SUCCESS,nextIndex:545,term:1,followerCommit:520, request=AppendEntriesRequest:cid=1050,entriesCount=0,lastEntry=null
2020-07-01 01:06:15,073 [grpc-default-executor-7] INFO  ratis.OzoneManagerStateMachine (OzoneManagerStateMachine.java:getLatestSnapshot(147)) - Latest Snapshot Info 1#499
2020-07-01 01:06:15,074 [grpc-default-executor-7] DEBUG server.GrpcLogAppender (GrpcLogAppender.java:onNext(257)) - omNode-1@group-523986131536->omNode-3-AppendLogResponseHandler: received a reply omNode-1<-omNode-3#589:OK,SUCCESS,nextIndex:545,term:1,followerCommit:544, request=AppendEntriesRequest:cid=589,entriesCount=0,lastEntry=null
2020-07-01 01:06:15,132 [grpc-default-executor-7] INFO  ratis.OzoneManagerStateMachine (OzoneManagerStateMachine.java:getLatestSnapshot(147)) - Latest Snapshot Info 1#470
2020-07-01 01:06:15,133 [grpc-default-executor-7] DEBUG server.GrpcLogAppender (GrpcLogAppender.java:onNext(257)) - omNode-1@group-523986131536->omNode-2-AppendLogResponseHandler: received a reply omNode-1<-omNode-2#1051:OK,SUCCESS,nextIndex:545,term:1,followerCommit:520, request=AppendEntriesRequest:cid=1051,entriesCount=0,lastEntry=null
2020-07-01 01:06:15,575 [grpc-default-executor-7] INFO  ratis.OzoneManagerStateMachine (OzoneManagerStateMachine.java:getLatestSnapshot(147)) - Latest Snapshot Info 1#499
2020-07-01 01:06:15,576 [grpc-default-executor-7] DEBUG server.GrpcLogAppender (GrpcLogAppender.java:onNext(257)) - omNode-1@group-523986131536->omNode-3-AppendLogResponseHandler: received a reply omNode-1<-omNode-3#590:OK,SUCCESS,nextIndex:545,term:1,followerCommit:544, request=AppendEntriesRequest:cid=590,entriesCount=0,lastEntry=null
2020-07-01 01:06:15,634 [grpc-default-executor-7] INFO  ratis.OzoneManagerStateMachine (OzoneManagerStateMachine.java:getLatestSnapshot(147)) - Latest Snapshot Info 1#470
2020-07-01 01:06:15,635 [grpc-default-executor-7] DEBUG server.GrpcLogAppender (GrpcLogAppender.java:onNext(257)) - omNode-1@group-523986131536->omNode-2-AppendLogResponseHandler: received a reply omNode-1<-omNode-2#1052:OK,SUCCESS,nextIndex:545,term:1,followerCommit:520, request=AppendEntriesRequest:cid=1052,entriesCount=0,lastEntry=null
2020-07-01 01:06:16,076 [grpc-default-executor-7] INFO  ratis.OzoneManagerStateMachine (OzoneManagerStateMachine.java:getLatestSnapshot(147)) - Latest Snapshot Info 1#499
2020-07-01 01:06:16,077 [grpc-default-executor-7] DEBUG server.GrpcLogAppender (GrpcLogAppender.java:onNext(257)) - omNode-1@group-523986131536->omNode-3-AppendLogResponseHandler: received a reply omNode-1<-omNode-3#591:OK,SUCCESS,nextIndex:545,term:1,followerCommit:544, request=AppendEntriesRequest:cid=591,entriesCount=0,lastEntry=null
2020-07-01 01:06:16,135 [grpc-default-executor-7] INFO  ratis.OzoneManagerStateMachine (OzoneManagerStateMachine.java:getLatestSnapshot(147)) - Latest Snapshot Info 1#470
2020-07-01 01:06:16,136 [grpc-default-executor-7] DEBUG server.GrpcLogAppender (GrpcLogAppender.java:onNext(257)) - omNode-1@group-523986131536->omNode-2-AppendLogResponseHandler: received a reply omNode-1<-omNode-2#1053:OK,SUCCESS,nextIndex:545,term:1,followerCommit:520, request=AppendEntriesRequest:cid=1053,entriesCount=0,lastEntry=null
2020-07-01 01:06:16,578 [grpc-default-executor-7] INFO  ratis.OzoneManagerStateMachine (OzoneManagerStateMachine.java:getLatestSnapshot(147)) - Latest Snapshot Info 1#499
2020-07-01 01:06:16,579 [grpc-default-executor-7] DEBUG server.GrpcLogAppender (GrpcLogAppender.java:onNext(257)) - omNode-1@group-523986131536->omNode-3-AppendLogResponseHandler: received a reply omNode-1<-omNode-3#592:OK,SUCCESS,nextIndex:545,term:1,followerCommit:544, request=AppendEntriesRequest:cid=592,entriesCount=0,lastEntry=null
2020-07-01 01:06:16,637 [grpc-default-executor-7] INFO  ratis.OzoneManagerStateMachine (OzoneManagerStateMachine.java:getLatestSnapshot(147)) - Latest Snapshot Info 1#470
2020-07-01 01:06:16,637 [grpc-default-executor-7] DEBUG server.GrpcLogAppender (GrpcLogAppender.java:onNext(257)) - omNode-1@group-523986131536->omNode-2-AppendLogResponseHandler: received a reply omNode-1<-omNode-2#1054:OK,SUCCESS,nextIndex:545,term:1,followerCommit:520, request=AppendEntriesRequest:cid=1054,entriesCount=0,lastEntry=null
2020-07-01 01:06:16,951 [grpc-default-executor-7] DEBUG server.GrpcLogAppender (GrpcLogAppender.java:onNext(257)) - 69db720a-335e-417f-9e4d-9b6daaea3d10@group-304D1CDEA4AC->5f570ae4-9456-445c-93e3-9355377d8e07-AppendLogResponseHandler: received a reply 69db720a-335e-417f-9e4d-9b6daaea3d10<-5f570ae4-9456-445c-93e3-9355377d8e07#8:OK,SUCCESS,nextIndex:1,term:1,followerCommit:0, request=AppendEntriesRequest:cid=8,entriesCount=0,lastEntry=null
2020-07-01 01:06:16,964 [grpc-default-executor-7] DEBUG server.GrpcLogAppender (GrpcLogAppender.java:onNext(257)) - 69db720a-335e-417f-9e4d-9b6daaea3d10@group-304D1CDEA4AC->40524df2-78a3-4e4e-9ceb-ad6c0599eecc-AppendLogResponseHandler: received a reply 69db720a-335e-417f-9e4d-9b6daaea3d10<-40524df2-78a3-4e4e-9ceb-ad6c0599eecc#8:OK,SUCCESS,nextIndex:1,term:1,followerCommit:0, request=AppendEntriesRequest:cid=8,entriesCount=0,lastEntry=null
2020-07-01 01:06:17,080 [grpc-default-executor-7] INFO  ratis.OzoneManagerStateMachine (OzoneManagerStateMachine.java:getLatestSnapshot(147)) - Latest Snapshot Info 1#499
2020-07-01 01:06:17,081 [grpc-default-executor-7] DEBUG server.GrpcLogAppender (GrpcLogAppender.java:onNext(257)) - omNode-1@group-523986131536->omNode-3-AppendLogResponseHandler: received a reply omNode-1<-omNode-3#593:OK,SUCCESS,nextIndex:545,term:1,followerCommit:544, request=AppendEntriesRequest:cid=593,entriesCount=0,lastEntry=null
2020-07-01 01:06:17,138 [grpc-default-executor-7] INFO  ratis.OzoneManagerStateMachine (OzoneManagerStateMachine.java:getLatestSnapshot(147)) - Latest Snapshot Info 1#470
2020-07-01 01:06:17,139 [grpc-default-executor-7] DEBUG server.GrpcLogAppender (GrpcLogAppender.java:onNext(257)) - omNode-1@group-523986131536->omNode-2-AppendLogResponseHandler: received a reply omNode-1<-omNode-2#1055:OK,SUCCESS,nextIndex:545,term:1,followerCommit:520, request=AppendEntriesRequest:cid=1055,entriesCount=0,lastEntry=null
2020-07-01 01:06:17,582 [grpc-default-executor-7] INFO  ratis.OzoneManagerStateMachine (OzoneManagerStateMachine.java:getLatestSnapshot(147)) - Latest Snapshot Info 1#499
2020-07-01 01:06:17,583 [grpc-default-executor-7] DEBUG server.GrpcLogAppender (GrpcLogAppender.java:onNext(257)) - omNode-1@group-523986131536->omNode-3-AppendLogResponseHandler: received a reply omNode-1<-omNode-3#594:OK,SUCCESS,nextIndex:545,term:1,followerCommit:544, request=AppendEntriesRequest:cid=594,entriesCount=0,lastEntry=null
2020-07-01 01:06:17,639 [grpc-default-executor-7] INFO  ratis.OzoneManagerStateMachine (OzoneManagerStateMachine.java:getLatestSnapshot(147)) - Latest Snapshot Info 1#470
2020-07-01 01:06:17,641 [grpc-default-executor-7] DEBUG server.GrpcLogAppender (GrpcLogAppender.java:onNext(257)) - omNode-1@group-523986131536->omNode-2-AppendLogResponseHandler: received a reply omNode-1<-omNode-2#1056:OK,SUCCESS,nextIndex:545,term:1,followerCommit:520, request=AppendEntriesRequest:cid=1056,entriesCount=0,lastEntry=null
2020-07-01 01:06:18,084 [grpc-default-executor-7] INFO  ratis.OzoneManagerStateMachine (OzoneManagerStateMachine.java:getLatestSnapshot(147)) - Latest Snapshot Info 1#499
2020-07-01 01:06:18,085 [grpc-default-executor-7] DEBUG server.GrpcLogAppender (GrpcLogAppender.java:onNext(257)) - omNode-1@group-523986131536->omNode-3-AppendLogResponseHandler: received a reply omNode-1<-omNode-3#595:OK,SUCCESS,nextIndex:545,term:1,followerCommit:544, request=AppendEntriesRequest:cid=595,entriesCount=0,lastEntry=null
2020-07-01 01:06:18,141 [grpc-default-executor-7] INFO  ratis.OzoneManagerStateMachine (OzoneManagerStateMachine.java:getLatestSnapshot(147)) - Latest Snapshot Info 1#470
2020-07-01 01:06:18,142 [grpc-default-executor-7] DEBUG server.GrpcLogAppender (GrpcLogAppender.java:onNext(257)) - omNode-1@group-523986131536->omNode-2-AppendLogResponseHandler: received a reply omNode-1<-omNode-2#1057:OK,SUCCESS,nextIndex:545,term:1,followerCommit:520, request=AppendEntriesRequest:cid=1057,entriesCount=0,lastEntry=null
2020-07-01 01:06:18,585 [grpc-default-executor-7] INFO  ratis.OzoneManagerStateMachine (OzoneManagerStateMachine.java:getLatestSnapshot(147)) - Latest Snapshot Info 1#499
2020-07-01 01:06:18,586 [grpc-default-executor-7] DEBUG server.GrpcLogAppender (GrpcLogAppender.java:onNext(257)) - omNode-1@group-523986131536->omNode-3-AppendLogResponseHandler: received a reply omNode-1<-omNode-3#596:OK,SUCCESS,nextIndex:545,term:1,followerCommit:544, request=AppendEntriesRequest:cid=596,entriesCount=0,lastEntry=null
2020-07-01 01:06:18,643 [grpc-default-executor-7] INFO  ratis.OzoneManagerStateMachine (OzoneManagerStateMachine.java:getLatestSnapshot(147)) - Latest Snapshot Info 1#470
2020-07-01 01:06:18,643 [grpc-default-executor-7] DEBUG server.GrpcLogAppender (GrpcLogAppender.java:onNext(257)) - omNode-1@group-523986131536->omNode-2-AppendLogResponseHandler: received a reply omNode-1<-omNode-2#1058:OK,SUCCESS,nextIndex:545,term:1,followerCommit:520, request=AppendEntriesRequest:cid=1058,entriesCount=0,lastEntry=null
2020-07-01 01:06:19,087 [grpc-default-executor-7] INFO  ratis.OzoneManagerStateMachine (OzoneManagerStateMachine.java:getLatestSnapshot(147)) - Latest Snapshot Info 1#499
2020-07-01 01:06:19,088 [grpc-default-executor-7] DEBUG server.GrpcLogAppender (GrpcLogAppender.java:onNext(257)) - omNode-1@group-523986131536->omNode-3-AppendLogResponseHandler: received a reply omNode-1<-omNode-3#597:OK,SUCCESS,nextIndex:545,term:1,followerCommit:544, request=AppendEntriesRequest:cid=597,entriesCount=0,lastEntry=null
2020-07-01 01:06:19,144 [grpc-default-executor-7] INFO  ratis.OzoneManagerStateMachine (OzoneManagerStateMachine.java:getLatestSnapshot(147)) - Latest Snapshot Info 1#470
2020-07-01 01:06:19,145 [grpc-default-executor-7] DEBUG server.GrpcLogAppender (GrpcLogAppender.java:onNext(257)) - omNode-1@group-523986131536->omNode-2-AppendLogResponseHandler: received a reply omNode-1<-omNode-2#1059:OK,SUCCESS,nextIndex:545,term:1,followerCommit:520, request=AppendEntriesRequest:cid=1059,entriesCount=0,lastEntry=null
2020-07-01 01:06:19,452 [grpc-default-executor-7] DEBUG server.GrpcLogAppender (GrpcLogAppender.java:onNext(257)) - 69db720a-335e-417f-9e4d-9b6daaea3d10@group-304D1CDEA4AC->5f570ae4-9456-445c-93e3-9355377d8e07-AppendLogResponseHandler: received a reply 69db720a-335e-417f-9e4d-9b6daaea3d10<-5f570ae4-9456-445c-93e3-9355377d8e07#9:OK,SUCCESS,nextIndex:1,term:1,followerCommit:0, request=AppendEntriesRequest:cid=9,entriesCount=0,lastEntry=null
2020-07-01 01:06:19,465 [grpc-default-executor-7] DEBUG server.GrpcLogAppender (GrpcLogAppender.java:onNext(257)) - 69db720a-335e-417f-9e4d-9b6daaea3d10@group-304D1CDEA4AC->40524df2-78a3-4e4e-9ceb-ad6c0599eecc-AppendLogResponseHandler: received a reply 69db720a-335e-417f-9e4d-9b6daaea3d10<-40524df2-78a3-4e4e-9ceb-ad6c0599eecc#9:OK,SUCCESS,nextIndex:1,term:1,followerCommit:0, request=AppendEntriesRequest:cid=9,entriesCount=0,lastEntry=null
2020-07-01 01:06:19,588 [grpc-default-executor-7] INFO  ratis.OzoneManagerStateMachine (OzoneManagerStateMachine.java:getLatestSnapshot(147)) - Latest Snapshot Info 1#499
2020-07-01 01:06:19,589 [grpc-default-executor-7] DEBUG server.GrpcLogAppender (GrpcLogAppender.java:onNext(257)) - omNode-1@group-523986131536->omNode-3-AppendLogResponseHandler: received a reply omNode-1<-omNode-3#598:OK,SUCCESS,nextIndex:545,term:1,followerCommit:544, request=AppendEntriesRequest:cid=598,entriesCount=0,lastEntry=null
2020-07-01 01:06:19,645 [grpc-default-executor-7] INFO  ratis.OzoneManagerStateMachine (OzoneManagerStateMachine.java:getLatestSnapshot(147)) - Latest Snapshot Info 1#470
2020-07-01 01:06:19,646 [grpc-default-executor-7] DEBUG server.GrpcLogAppender (GrpcLogAppender.java:onNext(257)) - omNode-1@group-523986131536->omNode-2-AppendLogResponseHandler: received a reply omNode-1<-omNode-2#1060:OK,SUCCESS,nextIndex:545,term:1,followerCommit:520, request=AppendEntriesRequest:cid=1060,entriesCount=0,lastEntry=null
2020-07-01 01:06:20,090 [grpc-default-executor-7] INFO  ratis.OzoneManagerStateMachine (OzoneManagerStateMachine.java:getLatestSnapshot(147)) - Latest Snapshot Info 1#499
2020-07-01 01:06:20,091 [grpc-default-executor-7] DEBUG server.GrpcLogAppender (GrpcLogAppender.java:onNext(257)) - omNode-1@group-523986131536->omNode-3-AppendLogResponseHandler: received a reply omNode-1<-omNode-3#599:OK,SUCCESS,nextIndex:545,term:1,followerCommit:544, request=AppendEntriesRequest:cid=599,entriesCount=0,lastEntry=null
2020-07-01 01:06:20,147 [grpc-default-executor-7] INFO  ratis.OzoneManagerStateMachine (OzoneManagerStateMachine.java:getLatestSnapshot(147)) - Latest Snapshot Info 1#470
2020-07-01 01:06:20,147 [grpc-default-executor-7] DEBUG server.GrpcLogAppender (GrpcLogAppender.java:onNext(257)) - omNode-1@group-523986131536->omNode-2-AppendLogResponseHandler: received a reply omNode-1<-omNode-2#1061:OK,SUCCESS,nextIndex:545,term:1,followerCommit:520, request=AppendEntriesRequest:cid=1061,entriesCount=0,lastEntry=null
2020-07-01 01:06:20,592 [grpc-default-executor-7] INFO  ratis.OzoneManagerStateMachine (OzoneManagerStateMachine.java:getLatestSnapshot(147)) - Latest Snapshot Info 1#499
2020-07-01 01:06:20,593 [grpc-default-executor-7] DEBUG server.GrpcLogAppender (GrpcLogAppender.java:onNext(257)) - omNode-1@group-523986131536->omNode-3-AppendLogResponseHandler: received a reply omNode-1<-omNode-3#600:OK,SUCCESS,nextIndex:545,term:1,followerCommit:544, request=AppendEntriesRequest:cid=600,entriesCount=0,lastEntry=null
2020-07-01 01:06:20,649 [grpc-default-executor-7] INFO  ratis.OzoneManagerStateMachine (OzoneManagerStateMachine.java:getLatestSnapshot(147)) - Latest Snapshot Info 1#470
2020-07-01 01:06:20,650 [grpc-default-executor-7] DEBUG server.GrpcLogAppender (GrpcLogAppender.java:onNext(257)) - omNode-1@group-523986131536->omNode-2-AppendLogResponseHandler: received a reply omNode-1<-omNode-2#1062:OK,SUCCESS,nextIndex:545,term:1,followerCommit:520, request=AppendEntriesRequest:cid=1062,entriesCount=0,lastEntry=null
2020-07-01 01:06:21,094 [grpc-default-executor-7] INFO  ratis.OzoneManagerStateMachine (OzoneManagerStateMachine.java:getLatestSnapshot(147)) - Latest Snapshot Info 1#499
2020-07-01 01:06:21,094 [grpc-default-executor-7] DEBUG server.GrpcLogAppender (GrpcLogAppender.java:onNext(257)) - omNode-1@group-523986131536->omNode-3-AppendLogResponseHandler: received a reply omNode-1<-omNode-3#601:OK,SUCCESS,nextIndex:545,term:1,followerCommit:544, request=AppendEntriesRequest:cid=601,entriesCount=0,lastEntry=null
2020-07-01 01:06:21,150 [grpc-default-executor-7] INFO  ratis.OzoneManagerStateMachine (OzoneManagerStateMachine.java:getLatestSnapshot(147)) - Latest Snapshot Info 1#470
2020-07-01 01:06:21,151 [grpc-default-executor-7] DEBUG server.GrpcLogAppender (GrpcLogAppender.java:onNext(257)) - omNode-1@group-523986131536->omNode-2-AppendLogResponseHandler: received a reply omNode-1<-omNode-2#1063:OK,SUCCESS,nextIndex:545,term:1,followerCommit:520, request=AppendEntriesRequest:cid=1063,entriesCount=0,lastEntry=null
2020-07-01 01:06:21,595 [grpc-default-executor-7] INFO  ratis.OzoneManagerStateMachine (OzoneManagerStateMachine.java:getLatestSnapshot(147)) - Latest Snapshot Info 1#499
2020-07-01 01:06:21,596 [grpc-default-executor-7] DEBUG server.GrpcLogAppender (GrpcLogAppender.java:onNext(257)) - omNode-1@group-523986131536->omNode-3-AppendLogResponseHandler: received a reply omNode-1<-omNode-3#602:OK,SUCCESS,nextIndex:545,term:1,followerCommit:544, request=AppendEntriesRequest:cid=602,entriesCount=0,lastEntry=null
2020-07-01 01:06:21,652 [grpc-default-executor-7] INFO  ratis.OzoneManagerStateMachine (OzoneManagerStateMachine.java:getLatestSnapshot(147)) - Latest Snapshot Info 1#470
2020-07-01 01:06:21,653 [grpc-default-executor-7] DEBUG server.GrpcLogAppender (GrpcLogAppender.java:onNext(257)) - omNode-1@group-523986131536->omNode-2-AppendLogResponseHandler: received a reply omNode-1<-omNode-2#1064:OK,SUCCESS,nextIndex:545,term:1,followerCommit:520, request=AppendEntriesRequest:cid=1064,entriesCount=0,lastEntry=null
2020-07-01 01:06:21,953 [grpc-default-executor-7] DEBUG server.GrpcLogAppender (GrpcLogAppender.java:onNext(257)) - 69db720a-335e-417f-9e4d-9b6daaea3d10@group-304D1CDEA4AC->5f570ae4-9456-445c-93e3-9355377d8e07-AppendLogResponseHandler: received a reply 69db720a-335e-417f-9e4d-9b6daaea3d10<-5f570ae4-9456-445c-93e3-9355377d8e07#10:OK,SUCCESS,nextIndex:1,term:1,followerCommit:0, request=AppendEntriesRequest:cid=10,entriesCount=0,lastEntry=null
2020-07-01 01:06:21,966 [grpc-default-executor-7] DEBUG server.GrpcLogAppender (GrpcLogAppender.java:onNext(257)) - 69db720a-335e-417f-9e4d-9b6daaea3d10@group-304D1CDEA4AC->40524df2-78a3-4e4e-9ceb-ad6c0599eecc-AppendLogResponseHandler: received a reply 69db720a-335e-417f-9e4d-9b6daaea3d10<-40524df2-78a3-4e4e-9ceb-ad6c0599eecc#10:OK,SUCCESS,nextIndex:1,term:1,followerCommit:0, request=AppendEntriesRequest:cid=10,entriesCount=0,lastEntry=null
2020-07-01 01:06:22,097 [grpc-default-executor-7] INFO  ratis.OzoneManagerStateMachine (OzoneManagerStateMachine.java:getLatestSnapshot(147)) - Latest Snapshot Info 1#499
2020-07-01 01:06:22,098 [grpc-default-executor-7] DEBUG server.GrpcLogAppender (GrpcLogAppender.java:onNext(257)) - omNode-1@group-523986131536->omNode-3-AppendLogResponseHandler: received a reply omNode-1<-omNode-3#603:OK,SUCCESS,nextIndex:545,term:1,followerCommit:544, request=AppendEntriesRequest:cid=603,entriesCount=0,lastEntry=null
2020-07-01 01:06:22,153 [grpc-default-executor-7] INFO  ratis.OzoneManagerStateMachine (OzoneManagerStateMachine.java:getLatestSnapshot(147)) - Latest Snapshot Info 1#470
2020-07-01 01:06:22,154 [grpc-default-executor-7] DEBUG server.GrpcLogAppender (GrpcLogAppender.java:onNext(257)) - omNode-1@group-523986131536->omNode-2-AppendLogResponseHandler: received a reply omNode-1<-omNode-2#1065:OK,SUCCESS,nextIndex:545,term:1,followerCommit:520, request=AppendEntriesRequest:cid=1065,entriesCount=0,lastEntry=null
2020-07-01 01:06:22,599 [grpc-default-executor-7] INFO  ratis.OzoneManagerStateMachine (OzoneManagerStateMachine.java:getLatestSnapshot(147)) - Latest Snapshot Info 1#499
2020-07-01 01:06:22,600 [grpc-default-executor-7] DEBUG server.GrpcLogAppender (GrpcLogAppender.java:onNext(257)) - omNode-1@group-523986131536->omNode-3-AppendLogResponseHandler: received a reply omNode-1<-omNode-3#604:OK,SUCCESS,nextIndex:545,term:1,followerCommit:544, request=AppendEntriesRequest:cid=604,entriesCount=0,lastEntry=null
2020-07-01 01:06:22,655 [grpc-default-executor-7] INFO  ratis.OzoneManagerStateMachine (OzoneManagerStateMachine.java:getLatestSnapshot(147)) - Latest Snapshot Info 1#470
2020-07-01 01:06:22,655 [grpc-default-executor-7] DEBUG server.GrpcLogAppender (GrpcLogAppender.java:onNext(257)) - omNode-1@group-523986131536->omNode-2-AppendLogResponseHandler: received a reply omNode-1<-omNode-2#1066:OK,SUCCESS,nextIndex:545,term:1,followerCommit:520, request=AppendEntriesRequest:cid=1066,entriesCount=0,lastEntry=null
2020-07-01 01:06:23,101 [grpc-default-executor-7] INFO  ratis.OzoneManagerStateMachine (OzoneManagerStateMachine.java:getLatestSnapshot(147)) - Latest Snapshot Info 1#499
2020-07-01 01:06:23,102 [grpc-default-executor-7] DEBUG server.GrpcLogAppender (GrpcLogAppender.java:onNext(257)) - omNode-1@group-523986131536->omNode-3-AppendLogResponseHandler: received a reply omNode-1<-omNode-3#605:OK,SUCCESS,nextIndex:545,term:1,followerCommit:544, request=AppendEntriesRequest:cid=605,entriesCount=0,lastEntry=null
2020-07-01 01:06:23,156 [grpc-default-executor-7] INFO  ratis.OzoneManagerStateMachine (OzoneManagerStateMachine.java:getLatestSnapshot(147)) - Latest Snapshot Info 1#470
2020-07-01 01:06:23,157 [grpc-default-executor-7] DEBUG server.GrpcLogAppender (GrpcLogAppender.java:onNext(257)) - omNode-1@group-523986131536->omNode-2-AppendLogResponseHandler: received a reply omNode-1<-omNode-2#1067:OK,SUCCESS,nextIndex:545,term:1,followerCommit:520, request=AppendEntriesRequest:cid=1067,entriesCount=0,lastEntry=null
2020-07-01 01:06:23,602 [grpc-default-executor-7] INFO  ratis.OzoneManagerStateMachine (OzoneManagerStateMachine.java:getLatestSnapshot(147)) - Latest Snapshot Info 1#499
2020-07-01 01:06:23,603 [grpc-default-executor-7] DEBUG server.GrpcLogAppender (GrpcLogAppender.java:onNext(257)) - omNode-1@group-523986131536->omNode-3-AppendLogResponseHandler: received a reply omNode-1<-omNode-3#606:OK,SUCCESS,nextIndex:545,term:1,followerCommit:544, request=AppendEntriesRequest:cid=606,entriesCount=0,lastEntry=null
2020-07-01 01:06:23,658 [grpc-default-executor-7] INFO  ratis.OzoneManagerStateMachine (OzoneManagerStateMachine.java:getLatestSnapshot(147)) - Latest Snapshot Info 1#470
2020-07-01 01:06:23,659 [grpc-default-executor-7] DEBUG server.GrpcLogAppender (GrpcLogAppender.java:onNext(257)) - omNode-1@group-523986131536->omNode-2-AppendLogResponseHandler: received a reply omNode-1<-omNode-2#1068:OK,SUCCESS,nextIndex:545,term:1,followerCommit:520, request=AppendEntriesRequest:cid=1068,entriesCount=0,lastEntry=null
2020-07-01 01:06:24,104 [grpc-default-executor-7] INFO  ratis.OzoneManagerStateMachine (OzoneManagerStateMachine.java:getLatestSnapshot(147)) - Latest Snapshot Info 1#499
2020-07-01 01:06:24,105 [grpc-default-executor-7] DEBUG server.GrpcLogAppender (GrpcLogAppender.java:onNext(257)) - omNode-1@group-523986131536->omNode-3-AppendLogResponseHandler: received a reply omNode-1<-omNode-3#607:OK,SUCCESS,nextIndex:545,term:1,followerCommit:544, request=AppendEntriesRequest:cid=607,entriesCount=0,lastEntry=null
2020-07-01 01:06:24,160 [grpc-default-executor-7] INFO  ratis.OzoneManagerStateMachine (OzoneManagerStateMachine.java:getLatestSnapshot(147)) - Latest Snapshot Info 1#470
2020-07-01 01:06:24,161 [grpc-default-executor-7] DEBUG server.GrpcLogAppender (GrpcLogAppender.java:onNext(257)) - omNode-1@group-523986131536->omNode-2-AppendLogResponseHandler: received a reply omNode-1<-omNode-2#1069:OK,SUCCESS,nextIndex:545,term:1,followerCommit:520, request=AppendEntriesRequest:cid=1069,entriesCount=0,lastEntry=null
2020-07-01 01:06:24,455 [grpc-default-executor-7] DEBUG server.GrpcLogAppender (GrpcLogAppender.java:onNext(257)) - 69db720a-335e-417f-9e4d-9b6daaea3d10@group-304D1CDEA4AC->5f570ae4-9456-445c-93e3-9355377d8e07-AppendLogResponseHandler: received a reply 69db720a-335e-417f-9e4d-9b6daaea3d10<-5f570ae4-9456-445c-93e3-9355377d8e07#11:OK,SUCCESS,nextIndex:1,term:1,followerCommit:0, request=AppendEntriesRequest:cid=11,entriesCount=0,lastEntry=null
2020-07-01 01:06:24,467 [grpc-default-executor-7] DEBUG server.GrpcLogAppender (GrpcLogAppender.java:onNext(257)) - 69db720a-335e-417f-9e4d-9b6daaea3d10@group-304D1CDEA4AC->40524df2-78a3-4e4e-9ceb-ad6c0599eecc-AppendLogResponseHandler: received a reply 69db720a-335e-417f-9e4d-9b6daaea3d10<-40524df2-78a3-4e4e-9ceb-ad6c0599eecc#11:OK,SUCCESS,nextIndex:1,term:1,followerCommit:0, request=AppendEntriesRequest:cid=11,entriesCount=0,lastEntry=null
2020-07-01 01:06:24,606 [grpc-default-executor-7] INFO  ratis.OzoneManagerStateMachine (OzoneManagerStateMachine.java:getLatestSnapshot(147)) - Latest Snapshot Info 1#499
2020-07-01 01:06:24,607 [grpc-default-executor-7] DEBUG server.GrpcLogAppender (GrpcLogAppender.java:onNext(257)) - omNode-1@group-523986131536->omNode-3-AppendLogResponseHandler: received a reply omNode-1<-omNode-3#608:OK,SUCCESS,nextIndex:545,term:1,followerCommit:544, request=AppendEntriesRequest:cid=608,entriesCount=0,lastEntry=null
2020-07-01 01:06:24,661 [grpc-default-executor-7] INFO  ratis.OzoneManagerStateMachine (OzoneManagerStateMachine.java:getLatestSnapshot(147)) - Latest Snapshot Info 1#470
2020-07-01 01:06:24,662 [grpc-default-executor-7] DEBUG server.GrpcLogAppender (GrpcLogAppender.java:onNext(257)) - omNode-1@group-523986131536->omNode-2-AppendLogResponseHandler: received a reply omNode-1<-omNode-2#1070:OK,SUCCESS,nextIndex:545,term:1,followerCommit:520, request=AppendEntriesRequest:cid=1070,entriesCount=0,lastEntry=null
2020-07-01 01:06:25,108 [grpc-default-executor-7] INFO  ratis.OzoneManagerStateMachine (OzoneManagerStateMachine.java:getLatestSnapshot(147)) - Latest Snapshot Info 1#499
2020-07-01 01:06:25,109 [grpc-default-executor-7] DEBUG server.GrpcLogAppender (GrpcLogAppender.java:onNext(257)) - omNode-1@group-523986131536->omNode-3-AppendLogResponseHandler: received a reply omNode-1<-omNode-3#609:OK,SUCCESS,nextIndex:545,term:1,followerCommit:544, request=AppendEntriesRequest:cid=609,entriesCount=0,lastEntry=null
2020-07-01 01:06:25,163 [grpc-default-executor-7] INFO  ratis.OzoneManagerStateMachine (OzoneManagerStateMachine.java:getLatestSnapshot(147)) - Latest Snapshot Info 1#470
2020-07-01 01:06:25,163 [grpc-default-executor-7] DEBUG server.GrpcLogAppender (GrpcLogAppender.java:onNext(257)) - omNode-1@group-523986131536->omNode-2-AppendLogResponseHandler: received a reply omNode-1<-omNode-2#1071:OK,SUCCESS,nextIndex:545,term:1,followerCommit:520, request=AppendEntriesRequest:cid=1071,entriesCount=0,lastEntry=null
2020-07-01 01:06:25,609 [grpc-default-executor-7] INFO  ratis.OzoneManagerStateMachine (OzoneManagerStateMachine.java:getLatestSnapshot(147)) - Latest Snapshot Info 1#499
2020-07-01 01:06:25,610 [grpc-default-executor-7] DEBUG server.GrpcLogAppender (GrpcLogAppender.java:onNext(257)) - omNode-1@group-523986131536->omNode-3-AppendLogResponseHandler: received a reply omNode-1<-omNode-3#610:OK,SUCCESS,nextIndex:545,term:1,followerCommit:544, request=AppendEntriesRequest:cid=610,entriesCount=0,lastEntry=null
2020-07-01 01:06:25,664 [grpc-default-executor-7] INFO  ratis.OzoneManagerStateMachine (OzoneManagerStateMachine.java:getLatestSnapshot(147)) - Latest Snapshot Info 1#470
2020-07-01 01:06:25,665 [grpc-default-executor-7] DEBUG server.GrpcLogAppender (GrpcLogAppender.java:onNext(257)) - omNode-1@group-523986131536->omNode-2-AppendLogResponseHandler: received a reply omNode-1<-omNode-2#1072:OK,SUCCESS,nextIndex:545,term:1,followerCommit:520, request=AppendEntriesRequest:cid=1072,entriesCount=0,lastEntry=null
2020-07-01 01:06:26,111 [grpc-default-executor-7] INFO  ratis.OzoneManagerStateMachine (OzoneManagerStateMachine.java:getLatestSnapshot(147)) - Latest Snapshot Info 1#499
2020-07-01 01:06:26,112 [grpc-default-executor-7] DEBUG server.GrpcLogAppender (GrpcLogAppender.java:onNext(257)) - omNode-1@group-523986131536->omNode-3-AppendLogResponseHandler: received a reply omNode-1<-omNode-3#611:OK,SUCCESS,nextIndex:545,term:1,followerCommit:544, request=AppendEntriesRequest:cid=611,entriesCount=0,lastEntry=null
2020-07-01 01:06:26,166 [grpc-default-executor-7] INFO  ratis.OzoneManagerStateMachine (OzoneManagerStateMachine.java:getLatestSnapshot(147)) - Latest Snapshot Info 1#470
2020-07-01 01:06:26,167 [grpc-default-executor-7] DEBUG server.GrpcLogAppender (GrpcLogAppender.java:onNext(257)) - omNode-1@group-523986131536->omNode-2-AppendLogResponseHandler: received a reply omNode-1<-omNode-2#1073:OK,SUCCESS,nextIndex:545,term:1,followerCommit:520, request=AppendEntriesRequest:cid=1073,entriesCount=0,lastEntry=null
2020-07-01 01:06:26,613 [grpc-default-executor-7] INFO  ratis.OzoneManagerStateMachine (OzoneManagerStateMachine.java:getLatestSnapshot(147)) - Latest Snapshot Info 1#499
2020-07-01 01:06:26,614 [grpc-default-executor-7] DEBUG server.GrpcLogAppender (GrpcLogAppender.java:onNext(257)) - omNode-1@group-523986131536->omNode-3-AppendLogResponseHandler: received a reply omNode-1<-omNode-3#612:OK,SUCCESS,nextIndex:545,term:1,followerCommit:544, request=AppendEntriesRequest:cid=612,entriesCount=0,lastEntry=null
2020-07-01 01:06:26,667 [grpc-default-executor-7] INFO  ratis.OzoneManagerStateMachine (OzoneManagerStateMachine.java:getLatestSnapshot(147)) - Latest Snapshot Info 1#470
2020-07-01 01:06:26,668 [grpc-default-executor-7] DEBUG server.GrpcLogAppender (GrpcLogAppender.java:onNext(257)) - omNode-1@group-523986131536->omNode-2-AppendLogResponseHandler: received a reply omNode-1<-omNode-2#1074:OK,SUCCESS,nextIndex:545,term:1,followerCommit:520, request=AppendEntriesRequest:cid=1074,entriesCount=0,lastEntry=null
2020-07-01 01:06:26,956 [grpc-default-executor-7] DEBUG server.GrpcLogAppender (GrpcLogAppender.java:onNext(257)) - 69db720a-335e-417f-9e4d-9b6daaea3d10@group-304D1CDEA4AC->5f570ae4-9456-445c-93e3-9355377d8e07-AppendLogResponseHandler: received a reply 69db720a-335e-417f-9e4d-9b6daaea3d10<-5f570ae4-9456-445c-93e3-9355377d8e07#12:OK,SUCCESS,nextIndex:1,term:1,followerCommit:0, request=AppendEntriesRequest:cid=12,entriesCount=0,lastEntry=null
2020-07-01 01:06:26,968 [grpc-default-executor-7] DEBUG server.GrpcLogAppender (GrpcLogAppender.java:onNext(257)) - 69db720a-335e-417f-9e4d-9b6daaea3d10@group-304D1CDEA4AC->40524df2-78a3-4e4e-9ceb-ad6c0599eecc-AppendLogResponseHandler: received a reply 69db720a-335e-417f-9e4d-9b6daaea3d10<-40524df2-78a3-4e4e-9ceb-ad6c0599eecc#12:OK,SUCCESS,nextIndex:1,term:1,followerCommit:0, request=AppendEntriesRequest:cid=12,entriesCount=0,lastEntry=null
2020-07-01 01:06:27,114 [grpc-default-executor-7] INFO  ratis.OzoneManagerStateMachine (OzoneManagerStateMachine.java:getLatestSnapshot(147)) - Latest Snapshot Info 1#499
2020-07-01 01:06:27,115 [grpc-default-executor-7] DEBUG server.GrpcLogAppender (GrpcLogAppender.java:onNext(257)) - omNode-1@group-523986131536->omNode-3-AppendLogResponseHandler: received a reply omNode-1<-omNode-3#613:OK,SUCCESS,nextIndex:545,term:1,followerCommit:544, request=AppendEntriesRequest:cid=613,entriesCount=0,lastEntry=null
2020-07-01 01:06:27,169 [grpc-default-executor-7] INFO  ratis.OzoneManagerStateMachine (OzoneManagerStateMachine.java:getLatestSnapshot(147)) - Latest Snapshot Info 1#470
2020-07-01 01:06:27,170 [grpc-default-executor-7] DEBUG server.GrpcLogAppender (GrpcLogAppender.java:onNext(257)) - omNode-1@group-523986131536->omNode-2-AppendLogResponseHandler: received a reply omNode-1<-omNode-2#1075:OK,SUCCESS,nextIndex:545,term:1,followerCommit:520, request=AppendEntriesRequest:cid=1075,entriesCount=0,lastEntry=null
2020-07-01 01:06:27,616 [grpc-default-executor-7] INFO  ratis.OzoneManagerStateMachine (OzoneManagerStateMachine.java:getLatestSnapshot(147)) - Latest Snapshot Info 1#499
2020-07-01 01:06:27,616 [grpc-default-executor-7] DEBUG server.GrpcLogAppender (GrpcLogAppender.java:onNext(257)) - omNode-1@group-523986131536->omNode-3-AppendLogResponseHandler: received a reply omNode-1<-omNode-3#614:OK,SUCCESS,nextIndex:545,term:1,followerCommit:544, request=AppendEntriesRequest:cid=614,entriesCount=0,lastEntry=null
2020-07-01 01:06:27,670 [grpc-default-executor-7] INFO  ratis.OzoneManagerStateMachine (OzoneManagerStateMachine.java:getLatestSnapshot(147)) - Latest Snapshot Info 1#470
2020-07-01 01:06:27,671 [grpc-default-executor-7] DEBUG server.GrpcLogAppender (GrpcLogAppender.java:onNext(257)) - omNode-1@group-523986131536->omNode-2-AppendLogResponseHandler: received a reply omNode-1<-omNode-2#1076:OK,SUCCESS,nextIndex:545,term:1,followerCommit:520, request=AppendEntriesRequest:cid=1076,entriesCount=0,lastEntry=null
2020-07-01 01:06:28,117 [grpc-default-executor-7] INFO  ratis.OzoneManagerStateMachine (OzoneManagerStateMachine.java:getLatestSnapshot(147)) - Latest Snapshot Info 1#499
2020-07-01 01:06:28,118 [grpc-default-executor-7] DEBUG server.GrpcLogAppender (GrpcLogAppender.java:onNext(257)) - omNode-1@group-523986131536->omNode-3-AppendLogResponseHandler: received a reply omNode-1<-omNode-3#615:OK,SUCCESS,nextIndex:545,term:1,followerCommit:544, request=AppendEntriesRequest:cid=615,entriesCount=0,lastEntry=null
2020-07-01 01:06:28,172 [grpc-default-executor-7] INFO  ratis.OzoneManagerStateMachine (OzoneManagerStateMachine.java:getLatestSnapshot(147)) - Latest Snapshot Info 1#470
2020-07-01 01:06:28,172 [grpc-default-executor-7] DEBUG server.GrpcLogAppender (GrpcLogAppender.java:onNext(257)) - omNode-1@group-523986131536->omNode-2-AppendLogResponseHandler: received a reply omNode-1<-omNode-2#1077:OK,SUCCESS,nextIndex:545,term:1,followerCommit:520, request=AppendEntriesRequest:cid=1077,entriesCount=0,lastEntry=null
2020-07-01 01:06:28,619 [grpc-default-executor-7] INFO  ratis.OzoneManagerStateMachine (OzoneManagerStateMachine.java:getLatestSnapshot(147)) - Latest Snapshot Info 1#499
2020-07-01 01:06:28,620 [grpc-default-executor-7] DEBUG server.GrpcLogAppender (GrpcLogAppender.java:onNext(257)) - omNode-1@group-523986131536->omNode-3-AppendLogResponseHandler: received a reply omNode-1<-omNode-3#616:OK,SUCCESS,nextIndex:545,term:1,followerCommit:544, request=AppendEntriesRequest:cid=616,entriesCount=0,lastEntry=null
2020-07-01 01:06:28,673 [grpc-default-executor-7] INFO  ratis.OzoneManagerStateMachine (OzoneManagerStateMachine.java:getLatestSnapshot(147)) - Latest Snapshot Info 1#470
2020-07-01 01:06:28,674 [grpc-default-executor-7] DEBUG server.GrpcLogAppender (GrpcLogAppender.java:onNext(257)) - omNode-1@group-523986131536->omNode-2-AppendLogResponseHandler: received a reply omNode-1<-omNode-2#1078:OK,SUCCESS,nextIndex:545,term:1,followerCommit:520, request=AppendEntriesRequest:cid=1078,entriesCount=0,lastEntry=null
2020-07-01 01:06:29,121 [grpc-default-executor-7] INFO  ratis.OzoneManagerStateMachine (OzoneManagerStateMachine.java:getLatestSnapshot(147)) - Latest Snapshot Info 1#499
2020-07-01 01:06:29,122 [grpc-default-executor-7] DEBUG server.GrpcLogAppender (GrpcLogAppender.java:onNext(257)) - omNode-1@group-523986131536->omNode-3-AppendLogResponseHandler: received a reply omNode-1<-omNode-3#617:OK,SUCCESS,nextIndex:545,term:1,followerCommit:544, request=AppendEntriesRequest:cid=617,entriesCount=0,lastEntry=null
2020-07-01 01:06:29,175 [grpc-default-executor-7] INFO  ratis.OzoneManagerStateMachine (OzoneManagerStateMachine.java:getLatestSnapshot(147)) - Latest Snapshot Info 1#470
2020-07-01 01:06:29,175 [grpc-default-executor-7] DEBUG server.GrpcLogAppender (GrpcLogAppender.java:onNext(257)) - omNode-1@group-523986131536->omNode-2-AppendLogResponseHandler: received a reply omNode-1<-omNode-2#1079:OK,SUCCESS,nextIndex:545,term:1,followerCommit:520, request=AppendEntriesRequest:cid=1079,entriesCount=0,lastEntry=null
2020-07-01 01:06:29,458 [grpc-default-executor-7] DEBUG server.GrpcLogAppender (GrpcLogAppender.java:onNext(257)) - 69db720a-335e-417f-9e4d-9b6daaea3d10@group-304D1CDEA4AC->5f570ae4-9456-445c-93e3-9355377d8e07-AppendLogResponseHandler: received a reply 69db720a-335e-417f-9e4d-9b6daaea3d10<-5f570ae4-9456-445c-93e3-9355377d8e07#13:OK,SUCCESS,nextIndex:1,term:1,followerCommit:0, request=AppendEntriesRequest:cid=13,entriesCount=0,lastEntry=null
2020-07-01 01:06:29,469 [grpc-default-executor-7] DEBUG server.GrpcLogAppender (GrpcLogAppender.java:onNext(257)) - 69db720a-335e-417f-9e4d-9b6daaea3d10@group-304D1CDEA4AC->40524df2-78a3-4e4e-9ceb-ad6c0599eecc-AppendLogResponseHandler: received a reply 69db720a-335e-417f-9e4d-9b6daaea3d10<-40524df2-78a3-4e4e-9ceb-ad6c0599eecc#13:OK,SUCCESS,nextIndex:1,term:1,followerCommit:0, request=AppendEntriesRequest:cid=13,entriesCount=0,lastEntry=null
2020-07-01 01:06:29,623 [grpc-default-executor-7] INFO  ratis.OzoneManagerStateMachine (OzoneManagerStateMachine.java:getLatestSnapshot(147)) - Latest Snapshot Info 1#499
2020-07-01 01:06:29,623 [grpc-default-executor-7] DEBUG server.GrpcLogAppender (GrpcLogAppender.java:onNext(257)) - omNode-1@group-523986131536->omNode-3-AppendLogResponseHandler: received a reply omNode-1<-omNode-3#618:OK,SUCCESS,nextIndex:545,term:1,followerCommit:544, request=AppendEntriesRequest:cid=618,entriesCount=0,lastEntry=null
2020-07-01 01:06:29,676 [grpc-default-executor-7] INFO  ratis.OzoneManagerStateMachine (OzoneManagerStateMachine.java:getLatestSnapshot(147)) - Latest Snapshot Info 1#470
2020-07-01 01:06:29,677 [grpc-default-executor-7] DEBUG server.GrpcLogAppender (GrpcLogAppender.java:onNext(257)) - omNode-1@group-523986131536->omNode-2-AppendLogResponseHandler: received a reply omNode-1<-omNode-2#1080:OK,SUCCESS,nextIndex:545,term:1,followerCommit:520, request=AppendEntriesRequest:cid=1080,entriesCount=0,lastEntry=null
2020-07-01 01:06:30,124 [grpc-default-executor-7] INFO  ratis.OzoneManagerStateMachine (OzoneManagerStateMachine.java:getLatestSnapshot(147)) - Latest Snapshot Info 1#499
2020-07-01 01:06:30,127 [grpc-default-executor-7] DEBUG server.GrpcLogAppender (GrpcLogAppender.java:onNext(257)) - omNode-1@group-523986131536->omNode-3-AppendLogResponseHandler: received a reply omNode-1<-omNode-3#619:OK,SUCCESS,nextIndex:545,term:1,followerCommit:544, request=AppendEntriesRequest:cid=619,entriesCount=0,lastEntry=null
2020-07-01 01:06:30,177 [grpc-default-executor-7] INFO  ratis.OzoneManagerStateMachine (OzoneManagerStateMachine.java:getLatestSnapshot(147)) - Latest Snapshot Info 1#470
2020-07-01 01:06:30,178 [grpc-default-executor-7] DEBUG server.GrpcLogAppender (GrpcLogAppender.java:onNext(257)) - omNode-1@group-523986131536->omNode-2-AppendLogResponseHandler: received a reply omNode-1<-omNode-2#1081:OK,SUCCESS,nextIndex:545,term:1,followerCommit:520, request=AppendEntriesRequest:cid=1081,entriesCount=0,lastEntry=null
2020-07-01 01:06:30,627 [grpc-default-executor-7] INFO  ratis.OzoneManagerStateMachine (OzoneManagerStateMachine.java:getLatestSnapshot(147)) - Latest Snapshot Info 1#499
2020-07-01 01:06:30,629 [grpc-default-executor-7] DEBUG server.GrpcLogAppender (GrpcLogAppender.java:onNext(257)) - omNode-1@group-523986131536->omNode-3-AppendLogResponseHandler: received a reply omNode-1<-omNode-3#620:OK,SUCCESS,nextIndex:545,term:1,followerCommit:544, request=AppendEntriesRequest:cid=620,entriesCount=0,lastEntry=null
2020-07-01 01:06:30,679 [grpc-default-executor-7] INFO  ratis.OzoneManagerStateMachine (OzoneManagerStateMachine.java:getLatestSnapshot(147)) - Latest Snapshot Info 1#470
2020-07-01 01:06:30,680 [grpc-default-executor-7] DEBUG server.GrpcLogAppender (GrpcLogAppender.java:onNext(257)) - omNode-1@group-523986131536->omNode-2-AppendLogResponseHandler: received a reply omNode-1<-omNode-2#1082:OK,SUCCESS,nextIndex:545,term:1,followerCommit:520, request=AppendEntriesRequest:cid=1082,entriesCount=0,lastEntry=null
2020-07-01 01:06:31,130 [grpc-default-executor-7] INFO  ratis.OzoneManagerStateMachine (OzoneManagerStateMachine.java:getLatestSnapshot(147)) - Latest Snapshot Info 1#499
2020-07-01 01:06:31,131 [grpc-default-executor-7] DEBUG server.GrpcLogAppender (GrpcLogAppender.java:onNext(257)) - omNode-1@group-523986131536->omNode-3-AppendLogResponseHandler: received a reply omNode-1<-omNode-3#621:OK,SUCCESS,nextIndex:545,term:1,followerCommit:544, request=AppendEntriesRequest:cid=621,entriesCount=0,lastEntry=null
2020-07-01 01:06:31,180 [grpc-default-executor-7] INFO  ratis.OzoneManagerStateMachine (OzoneManagerStateMachine.java:getLatestSnapshot(147)) - Latest Snapshot Info 1#470
2020-07-01 01:06:31,181 [grpc-default-executor-7] DEBUG server.GrpcLogAppender (GrpcLogAppender.java:onNext(257)) - omNode-1@group-523986131536->omNode-2-AppendLogResponseHandler: received a reply omNode-1<-omNode-2#1083:OK,SUCCESS,nextIndex:545,term:1,followerCommit:520, request=AppendEntriesRequest:cid=1083,entriesCount=0,lastEntry=null
2020-07-01 01:06:31,632 [grpc-default-executor-7] INFO  ratis.OzoneManagerStateMachine (OzoneManagerStateMachine.java:getLatestSnapshot(147)) - Latest Snapshot Info 1#499
2020-07-01 01:06:31,634 [grpc-default-executor-7] DEBUG server.GrpcLogAppender (GrpcLogAppender.java:onNext(257)) - omNode-1@group-523986131536->omNode-3-AppendLogResponseHandler: received a reply omNode-1<-omNode-3#622:OK,SUCCESS,nextIndex:545,term:1,followerCommit:544, request=AppendEntriesRequest:cid=622,entriesCount=0,lastEntry=null
2020-07-01 01:06:31,682 [grpc-default-executor-7] INFO  ratis.OzoneManagerStateMachine (OzoneManagerStateMachine.java:getLatestSnapshot(147)) - Latest Snapshot Info 1#470
2020-07-01 01:06:31,682 [grpc-default-executor-7] DEBUG server.GrpcLogAppender (GrpcLogAppender.java:onNext(257)) - omNode-1@group-523986131536->omNode-2-AppendLogResponseHandler: received a reply omNode-1<-omNode-2#1084:OK,SUCCESS,nextIndex:545,term:1,followerCommit:520, request=AppendEntriesRequest:cid=1084,entriesCount=0,lastEntry=null
2020-07-01 01:06:31,959 [grpc-default-executor-7] DEBUG server.GrpcLogAppender (GrpcLogAppender.java:onNext(257)) - 69db720a-335e-417f-9e4d-9b6daaea3d10@group-304D1CDEA4AC->5f570ae4-9456-445c-93e3-9355377d8e07-AppendLogResponseHandler: received a reply 69db720a-335e-417f-9e4d-9b6daaea3d10<-5f570ae4-9456-445c-93e3-9355377d8e07#14:OK,SUCCESS,nextIndex:1,term:1,followerCommit:0, request=AppendEntriesRequest:cid=14,entriesCount=0,lastEntry=null
2020-07-01 01:06:31,970 [grpc-default-executor-7] DEBUG server.GrpcLogAppender (GrpcLogAppender.java:onNext(257)) - 69db720a-335e-417f-9e4d-9b6daaea3d10@group-304D1CDEA4AC->40524df2-78a3-4e4e-9ceb-ad6c0599eecc-AppendLogResponseHandler: received a reply 69db720a-335e-417f-9e4d-9b6daaea3d10<-40524df2-78a3-4e4e-9ceb-ad6c0599eecc#14:OK,SUCCESS,nextIndex:1,term:1,followerCommit:0, request=AppendEntriesRequest:cid=14,entriesCount=0,lastEntry=null
2020-07-01 01:06:32,134 [grpc-default-executor-7] INFO  ratis.OzoneManagerStateMachine (OzoneManagerStateMachine.java:getLatestSnapshot(147)) - Latest Snapshot Info 1#499
2020-07-01 01:06:32,135 [grpc-default-executor-7] DEBUG server.GrpcLogAppender (GrpcLogAppender.java:onNext(257)) - omNode-1@group-523986131536->omNode-3-AppendLogResponseHandler: received a reply omNode-1<-omNode-3#623:OK,SUCCESS,nextIndex:545,term:1,followerCommit:544, request=AppendEntriesRequest:cid=623,entriesCount=0,lastEntry=null
2020-07-01 01:06:32,183 [grpc-default-executor-7] INFO  ratis.OzoneManagerStateMachine (OzoneManagerStateMachine.java:getLatestSnapshot(147)) - Latest Snapshot Info 1#470
2020-07-01 01:06:32,186 [grpc-default-executor-7] DEBUG server.GrpcLogAppender (GrpcLogAppender.java:onNext(257)) - omNode-1@group-523986131536->omNode-2-AppendLogResponseHandler: received a reply omNode-1<-omNode-2#1085:OK,SUCCESS,nextIndex:545,term:1,followerCommit:520, request=AppendEntriesRequest:cid=1085,entriesCount=0,lastEntry=null
2020-07-01 01:06:32,636 [grpc-default-executor-7] INFO  ratis.OzoneManagerStateMachine (OzoneManagerStateMachine.java:getLatestSnapshot(147)) - Latest Snapshot Info 1#499
2020-07-01 01:06:32,637 [grpc-default-executor-7] DEBUG server.GrpcLogAppender (GrpcLogAppender.java:onNext(257)) - omNode-1@group-523986131536->omNode-3-AppendLogResponseHandler: received a reply omNode-1<-omNode-3#624:OK,SUCCESS,nextIndex:545,term:1,followerCommit:544, request=AppendEntriesRequest:cid=624,entriesCount=0,lastEntry=null
2020-07-01 01:06:32,687 [grpc-default-executor-7] INFO  ratis.OzoneManagerStateMachine (OzoneManagerStateMachine.java:getLatestSnapshot(147)) - Latest Snapshot Info 1#470
2020-07-01 01:06:32,687 [grpc-default-executor-7] DEBUG server.GrpcLogAppender (GrpcLogAppender.java:onNext(257)) - omNode-1@group-523986131536->omNode-2-AppendLogResponseHandler: received a reply omNode-1<-omNode-2#1086:OK,SUCCESS,nextIndex:545,term:1,followerCommit:520, request=AppendEntriesRequest:cid=1086,entriesCount=0,lastEntry=null
2020-07-01 01:06:33,138 [grpc-default-executor-7] INFO  ratis.OzoneManagerStateMachine (OzoneManagerStateMachine.java:getLatestSnapshot(147)) - Latest Snapshot Info 1#499
2020-07-01 01:06:33,139 [grpc-default-executor-7] DEBUG server.GrpcLogAppender (GrpcLogAppender.java:onNext(257)) - omNode-1@group-523986131536->omNode-3-AppendLogResponseHandler: received a reply omNode-1<-omNode-3#625:OK,SUCCESS,nextIndex:545,term:1,followerCommit:544, request=AppendEntriesRequest:cid=625,entriesCount=0,lastEntry=null
2020-07-01 01:06:33,188 [grpc-default-executor-7] INFO  ratis.OzoneManagerStateMachine (OzoneManagerStateMachine.java:getLatestSnapshot(147)) - Latest Snapshot Info 1#470
2020-07-01 01:06:33,189 [grpc-default-executor-7] DEBUG server.GrpcLogAppender (GrpcLogAppender.java:onNext(257)) - omNode-1@group-523986131536->omNode-2-AppendLogResponseHandler: received a reply omNode-1<-omNode-2#1087:OK,SUCCESS,nextIndex:545,term:1,followerCommit:520, request=AppendEntriesRequest:cid=1087,entriesCount=0,lastEntry=null
2020-07-01 01:06:33,639 [grpc-default-executor-7] INFO  ratis.OzoneManagerStateMachine (OzoneManagerStateMachine.java:getLatestSnapshot(147)) - Latest Snapshot Info 1#499
2020-07-01 01:06:33,640 [grpc-default-executor-7] DEBUG server.GrpcLogAppender (GrpcLogAppender.java:onNext(257)) - omNode-1@group-523986131536->omNode-3-AppendLogResponseHandler: received a reply omNode-1<-omNode-3#626:OK,SUCCESS,nextIndex:545,term:1,followerCommit:544, request=AppendEntriesRequest:cid=626,entriesCount=0,lastEntry=null
2020-07-01 01:06:33,690 [grpc-default-executor-7] INFO  ratis.OzoneManagerStateMachine (OzoneManagerStateMachine.java:getLatestSnapshot(147)) - Latest Snapshot Info 1#470
2020-07-01 01:06:33,691 [grpc-default-executor-7] DEBUG server.GrpcLogAppender (GrpcLogAppender.java:onNext(257)) - omNode-1@group-523986131536->omNode-2-AppendLogResponseHandler: received a reply omNode-1<-omNode-2#1088:OK,SUCCESS,nextIndex:545,term:1,followerCommit:520, request=AppendEntriesRequest:cid=1088,entriesCount=0,lastEntry=null
2020-07-01 01:06:34,141 [grpc-default-executor-7] INFO  ratis.OzoneManagerStateMachine (OzoneManagerStateMachine.java:getLatestSnapshot(147)) - Latest Snapshot Info 1#499
2020-07-01 01:06:34,142 [grpc-default-executor-7] DEBUG server.GrpcLogAppender (GrpcLogAppender.java:onNext(257)) - omNode-1@group-523986131536->omNode-3-AppendLogResponseHandler: received a reply omNode-1<-omNode-3#627:OK,SUCCESS,nextIndex:545,term:1,followerCommit:544, request=AppendEntriesRequest:cid=627,entriesCount=0,lastEntry=null
2020-07-01 01:06:34,191 [grpc-default-executor-7] INFO  ratis.OzoneManagerStateMachine (OzoneManagerStateMachine.java:getLatestSnapshot(147)) - Latest Snapshot Info 1#470
2020-07-01 01:06:34,192 [grpc-default-executor-7] DEBUG server.GrpcLogAppender (GrpcLogAppender.java:onNext(257)) - omNode-1@group-523986131536->omNode-2-AppendLogResponseHandler: received a reply omNode-1<-omNode-2#1089:OK,SUCCESS,nextIndex:545,term:1,followerCommit:520, request=AppendEntriesRequest:cid=1089,entriesCount=0,lastEntry=null
2020-07-01 01:06:34,460 [grpc-default-executor-7] DEBUG server.GrpcLogAppender (GrpcLogAppender.java:onNext(257)) - 69db720a-335e-417f-9e4d-9b6daaea3d10@group-304D1CDEA4AC->5f570ae4-9456-445c-93e3-9355377d8e07-AppendLogResponseHandler: received a reply 69db720a-335e-417f-9e4d-9b6daaea3d10<-5f570ae4-9456-445c-93e3-9355377d8e07#15:OK,SUCCESS,nextIndex:1,term:1,followerCommit:0, request=AppendEntriesRequest:cid=15,entriesCount=0,lastEntry=null
2020-07-01 01:06:34,471 [grpc-default-executor-7] DEBUG server.GrpcLogAppender (GrpcLogAppender.java:onNext(257)) - 69db720a-335e-417f-9e4d-9b6daaea3d10@group-304D1CDEA4AC->40524df2-78a3-4e4e-9ceb-ad6c0599eecc-AppendLogResponseHandler: received a reply 69db720a-335e-417f-9e4d-9b6daaea3d10<-40524df2-78a3-4e4e-9ceb-ad6c0599eecc#15:OK,SUCCESS,nextIndex:1,term:1,followerCommit:0, request=AppendEntriesRequest:cid=15,entriesCount=0,lastEntry=null
2020-07-01 01:06:34,643 [grpc-default-executor-7] INFO  ratis.OzoneManagerStateMachine (OzoneManagerStateMachine.java:getLatestSnapshot(147)) - Latest Snapshot Info 1#499
2020-07-01 01:06:34,643 [grpc-default-executor-7] DEBUG server.GrpcLogAppender (GrpcLogAppender.java:onNext(257)) - omNode-1@group-523986131536->omNode-3-AppendLogResponseHandler: received a reply omNode-1<-omNode-3#628:OK,SUCCESS,nextIndex:545,term:1,followerCommit:544, request=AppendEntriesRequest:cid=628,entriesCount=0,lastEntry=null
2020-07-01 01:06:34,693 [grpc-default-executor-7] INFO  ratis.OzoneManagerStateMachine (OzoneManagerStateMachine.java:getLatestSnapshot(147)) - Latest Snapshot Info 1#470
2020-07-01 01:06:34,693 [grpc-default-executor-7] DEBUG server.GrpcLogAppender (GrpcLogAppender.java:onNext(257)) - omNode-1@group-523986131536->omNode-2-AppendLogResponseHandler: received a reply omNode-1<-omNode-2#1090:OK,SUCCESS,nextIndex:545,term:1,followerCommit:520, request=AppendEntriesRequest:cid=1090,entriesCount=0,lastEntry=null
2020-07-01 01:06:35,144 [grpc-default-executor-7] INFO  ratis.OzoneManagerStateMachine (OzoneManagerStateMachine.java:getLatestSnapshot(147)) - Latest Snapshot Info 1#499
2020-07-01 01:06:35,145 [grpc-default-executor-7] DEBUG server.GrpcLogAppender (GrpcLogAppender.java:onNext(257)) - omNode-1@group-523986131536->omNode-3-AppendLogResponseHandler: received a reply omNode-1<-omNode-3#629:OK,SUCCESS,nextIndex:545,term:1,followerCommit:544, request=AppendEntriesRequest:cid=629,entriesCount=0,lastEntry=null
2020-07-01 01:06:35,194 [grpc-default-executor-7] INFO  ratis.OzoneManagerStateMachine (OzoneManagerStateMachine.java:getLatestSnapshot(147)) - Latest Snapshot Info 1#470
2020-07-01 01:06:35,195 [grpc-default-executor-7] DEBUG server.GrpcLogAppender (GrpcLogAppender.java:onNext(257)) - omNode-1@group-523986131536->omNode-2-AppendLogResponseHandler: received a reply omNode-1<-omNode-2#1091:OK,SUCCESS,nextIndex:545,term:1,followerCommit:520, request=AppendEntriesRequest:cid=1091,entriesCount=0,lastEntry=null
2020-07-01 01:06:35,645 [grpc-default-executor-7] INFO  ratis.OzoneManagerStateMachine (OzoneManagerStateMachine.java:getLatestSnapshot(147)) - Latest Snapshot Info 1#499
2020-07-01 01:06:35,646 [grpc-default-executor-7] DEBUG server.GrpcLogAppender (GrpcLogAppender.java:onNext(257)) - omNode-1@group-523986131536->omNode-3-AppendLogResponseHandler: received a reply omNode-1<-omNode-3#630:OK,SUCCESS,nextIndex:545,term:1,followerCommit:544, request=AppendEntriesRequest:cid=630,entriesCount=0,lastEntry=null
2020-07-01 01:06:35,695 [grpc-default-executor-7] INFO  ratis.OzoneManagerStateMachine (OzoneManagerStateMachine.java:getLatestSnapshot(147)) - Latest Snapshot Info 1#470
2020-07-01 01:06:35,696 [grpc-default-executor-7] DEBUG server.GrpcLogAppender (GrpcLogAppender.java:onNext(257)) - omNode-1@group-523986131536->omNode-2-AppendLogResponseHandler: received a reply omNode-1<-omNode-2#1092:OK,SUCCESS,nextIndex:545,term:1,followerCommit:520, request=AppendEntriesRequest:cid=1092,entriesCount=0,lastEntry=null
2020-07-01 01:06:36,147 [grpc-default-executor-7] INFO  ratis.OzoneManagerStateMachine (OzoneManagerStateMachine.java:getLatestSnapshot(147)) - Latest Snapshot Info 1#499
2020-07-01 01:06:36,148 [grpc-default-executor-7] DEBUG server.GrpcLogAppender (GrpcLogAppender.java:onNext(257)) - omNode-1@group-523986131536->omNode-3-AppendLogResponseHandler: received a reply omNode-1<-omNode-3#631:OK,SUCCESS,nextIndex:545,term:1,followerCommit:544, request=AppendEntriesRequest:cid=631,entriesCount=0,lastEntry=null
2020-07-01 01:06:36,197 [grpc-default-executor-7] INFO  ratis.OzoneManagerStateMachine (OzoneManagerStateMachine.java:getLatestSnapshot(147)) - Latest Snapshot Info 1#470
2020-07-01 01:06:36,197 [grpc-default-executor-7] DEBUG server.GrpcLogAppender (GrpcLogAppender.java:onNext(257)) - omNode-1@group-523986131536->omNode-2-AppendLogResponseHandler: received a reply omNode-1<-omNode-2#1093:OK,SUCCESS,nextIndex:545,term:1,followerCommit:520, request=AppendEntriesRequest:cid=1093,entriesCount=0,lastEntry=null
2020-07-01 01:06:36,649 [grpc-default-executor-7] INFO  ratis.OzoneManagerStateMachine (OzoneManagerStateMachine.java:getLatestSnapshot(147)) - Latest Snapshot Info 1#499
2020-07-01 01:06:36,650 [grpc-default-executor-7] DEBUG server.GrpcLogAppender (GrpcLogAppender.java:onNext(257)) - omNode-1@group-523986131536->omNode-3-AppendLogResponseHandler: received a reply omNode-1<-omNode-3#632:OK,SUCCESS,nextIndex:545,term:1,followerCommit:544, request=AppendEntriesRequest:cid=632,entriesCount=0,lastEntry=null
2020-07-01 01:06:36,698 [grpc-default-executor-7] INFO  ratis.OzoneManagerStateMachine (OzoneManagerStateMachine.java:getLatestSnapshot(147)) - Latest Snapshot Info 1#470
2020-07-01 01:06:36,699 [grpc-default-executor-7] DEBUG server.GrpcLogAppender (GrpcLogAppender.java:onNext(257)) - omNode-1@group-523986131536->omNode-2-AppendLogResponseHandler: received a reply omNode-1<-omNode-2#1094:OK,SUCCESS,nextIndex:545,term:1,followerCommit:520, request=AppendEntriesRequest:cid=1094,entriesCount=0,lastEntry=null
2020-07-01 01:06:36,962 [grpc-default-executor-7] DEBUG server.GrpcLogAppender (GrpcLogAppender.java:onNext(257)) - 69db720a-335e-417f-9e4d-9b6daaea3d10@group-304D1CDEA4AC->5f570ae4-9456-445c-93e3-9355377d8e07-AppendLogResponseHandler: received a reply 69db720a-335e-417f-9e4d-9b6daaea3d10<-5f570ae4-9456-445c-93e3-9355377d8e07#16:OK,SUCCESS,nextIndex:1,term:1,followerCommit:0, request=AppendEntriesRequest:cid=16,entriesCount=0,lastEntry=null
2020-07-01 01:06:36,971 [grpc-default-executor-7] DEBUG server.GrpcLogAppender (GrpcLogAppender.java:onNext(257)) - 69db720a-335e-417f-9e4d-9b6daaea3d10@group-304D1CDEA4AC->40524df2-78a3-4e4e-9ceb-ad6c0599eecc-AppendLogResponseHandler: received a reply 69db720a-335e-417f-9e4d-9b6daaea3d10<-40524df2-78a3-4e4e-9ceb-ad6c0599eecc#16:OK,SUCCESS,nextIndex:1,term:1,followerCommit:0, request=AppendEntriesRequest:cid=16,entriesCount=0,lastEntry=null
2020-07-01 01:06:37,150 [grpc-default-executor-7] INFO  ratis.OzoneManagerStateMachine (OzoneManagerStateMachine.java:getLatestSnapshot(147)) - Latest Snapshot Info 1#499
2020-07-01 01:06:37,151 [grpc-default-executor-7] DEBUG server.GrpcLogAppender (GrpcLogAppender.java:onNext(257)) - omNode-1@group-523986131536->omNode-3-AppendLogResponseHandler: received a reply omNode-1<-omNode-3#633:OK,SUCCESS,nextIndex:545,term:1,followerCommit:544, request=AppendEntriesRequest:cid=633,entriesCount=0,lastEntry=null
2020-07-01 01:06:37,199 [grpc-default-executor-7] INFO  ratis.OzoneManagerStateMachine (OzoneManagerStateMachine.java:getLatestSnapshot(147)) - Latest Snapshot Info 1#470
2020-07-01 01:06:37,200 [grpc-default-executor-7] DEBUG server.GrpcLogAppender (GrpcLogAppender.java:onNext(257)) - omNode-1@group-523986131536->omNode-2-AppendLogResponseHandler: received a reply omNode-1<-omNode-2#1095:OK,SUCCESS,nextIndex:545,term:1,followerCommit:520, request=AppendEntriesRequest:cid=1095,entriesCount=0,lastEntry=null
2020-07-01 01:06:37,652 [grpc-default-executor-7] INFO  ratis.OzoneManagerStateMachine (OzoneManagerStateMachine.java:getLatestSnapshot(147)) - Latest Snapshot Info 1#499
2020-07-01 01:06:37,653 [grpc-default-executor-7] DEBUG server.GrpcLogAppender (GrpcLogAppender.java:onNext(257)) - omNode-1@group-523986131536->omNode-3-AppendLogResponseHandler: received a reply omNode-1<-omNode-3#634:OK,SUCCESS,nextIndex:545,term:1,followerCommit:544, request=AppendEntriesRequest:cid=634,entriesCount=0,lastEntry=null
2020-07-01 01:06:37,701 [grpc-default-executor-7] INFO  ratis.OzoneManagerStateMachine (OzoneManagerStateMachine.java:getLatestSnapshot(147)) - Latest Snapshot Info 1#470
2020-07-01 01:06:37,701 [grpc-default-executor-7] DEBUG server.GrpcLogAppender (GrpcLogAppender.java:onNext(257)) - omNode-1@group-523986131536->omNode-2-AppendLogResponseHandler: received a reply omNode-1<-omNode-2#1096:OK,SUCCESS,nextIndex:545,term:1,followerCommit:520, request=AppendEntriesRequest:cid=1096,entriesCount=0,lastEntry=null
2020-07-01 01:06:38,154 [grpc-default-executor-7] INFO  ratis.OzoneManagerStateMachine (OzoneManagerStateMachine.java:getLatestSnapshot(147)) - Latest Snapshot Info 1#499
2020-07-01 01:06:38,154 [grpc-default-executor-7] DEBUG server.GrpcLogAppender (GrpcLogAppender.java:onNext(257)) - omNode-1@group-523986131536->omNode-3-AppendLogResponseHandler: received a reply omNode-1<-omNode-3#635:OK,SUCCESS,nextIndex:545,term:1,followerCommit:544, request=AppendEntriesRequest:cid=635,entriesCount=0,lastEntry=null
2020-07-01 01:06:38,202 [grpc-default-executor-7] INFO  ratis.OzoneManagerStateMachine (OzoneManagerStateMachine.java:getLatestSnapshot(147)) - Latest Snapshot Info 1#470
2020-07-01 01:06:38,203 [grpc-default-executor-7] DEBUG server.GrpcLogAppender (GrpcLogAppender.java:onNext(257)) - omNode-1@group-523986131536->omNode-2-AppendLogResponseHandler: received a reply omNode-1<-omNode-2#1097:OK,SUCCESS,nextIndex:545,term:1,followerCommit:520, request=AppendEntriesRequest:cid=1097,entriesCount=0,lastEntry=null
2020-07-01 01:06:38,655 [grpc-default-executor-7] INFO  ratis.OzoneManagerStateMachine (OzoneManagerStateMachine.java:getLatestSnapshot(147)) - Latest Snapshot Info 1#499
2020-07-01 01:06:38,656 [grpc-default-executor-7] DEBUG server.GrpcLogAppender (GrpcLogAppender.java:onNext(257)) - omNode-1@group-523986131536->omNode-3-AppendLogResponseHandler: received a reply omNode-1<-omNode-3#636:OK,SUCCESS,nextIndex:545,term:1,followerCommit:544, request=AppendEntriesRequest:cid=636,entriesCount=0,lastEntry=null
2020-07-01 01:06:38,703 [grpc-default-executor-7] INFO  ratis.OzoneManagerStateMachine (OzoneManagerStateMachine.java:getLatestSnapshot(147)) - Latest Snapshot Info 1#470
2020-07-01 01:06:38,704 [grpc-default-executor-7] DEBUG server.GrpcLogAppender (GrpcLogAppender.java:onNext(257)) - omNode-1@group-523986131536->omNode-2-AppendLogResponseHandler: received a reply omNode-1<-omNode-2#1098:OK,SUCCESS,nextIndex:545,term:1,followerCommit:520, request=AppendEntriesRequest:cid=1098,entriesCount=0,lastEntry=null
2020-07-01 01:06:39,157 [grpc-default-executor-7] INFO  ratis.OzoneManagerStateMachine (OzoneManagerStateMachine.java:getLatestSnapshot(147)) - Latest Snapshot Info 1#499
2020-07-01 01:06:39,158 [grpc-default-executor-7] DEBUG server.GrpcLogAppender (GrpcLogAppender.java:onNext(257)) - omNode-1@group-523986131536->omNode-3-AppendLogResponseHandler: received a reply omNode-1<-omNode-3#637:OK,SUCCESS,nextIndex:545,term:1,followerCommit:544, request=AppendEntriesRequest:cid=637,entriesCount=0,lastEntry=null
2020-07-01 01:06:39,205 [grpc-default-executor-7] INFO  ratis.OzoneManagerStateMachine (OzoneManagerStateMachine.java:getLatestSnapshot(147)) - Latest Snapshot Info 1#470
2020-07-01 01:06:39,206 [grpc-default-executor-7] DEBUG server.GrpcLogAppender (GrpcLogAppender.java:onNext(257)) - omNode-1@group-523986131536->omNode-2-AppendLogResponseHandler: received a reply omNode-1<-omNode-2#1099:OK,SUCCESS,nextIndex:545,term:1,followerCommit:520, request=AppendEntriesRequest:cid=1099,entriesCount=0,lastEntry=null
2020-07-01 01:06:39,463 [grpc-default-executor-7] DEBUG server.GrpcLogAppender (GrpcLogAppender.java:onNext(257)) - 69db720a-335e-417f-9e4d-9b6daaea3d10@group-304D1CDEA4AC->5f570ae4-9456-445c-93e3-9355377d8e07-AppendLogResponseHandler: received a reply 69db720a-335e-417f-9e4d-9b6daaea3d10<-5f570ae4-9456-445c-93e3-9355377d8e07#17:OK,SUCCESS,nextIndex:1,term:1,followerCommit:0, request=AppendEntriesRequest:cid=17,entriesCount=0,lastEntry=null
2020-07-01 01:06:39,472 [grpc-default-executor-7] DEBUG server.GrpcLogAppender (GrpcLogAppender.java:onNext(257)) - 69db720a-335e-417f-9e4d-9b6daaea3d10@group-304D1CDEA4AC->40524df2-78a3-4e4e-9ceb-ad6c0599eecc-AppendLogResponseHandler: received a reply 69db720a-335e-417f-9e4d-9b6daaea3d10<-40524df2-78a3-4e4e-9ceb-ad6c0599eecc#17:OK,SUCCESS,nextIndex:1,term:1,followerCommit:0, request=AppendEntriesRequest:cid=17,entriesCount=0,lastEntry=null
2020-07-01 01:06:39,659 [grpc-default-executor-7] INFO  ratis.OzoneManagerStateMachine (OzoneManagerStateMachine.java:getLatestSnapshot(147)) - Latest Snapshot Info 1#499
2020-07-01 01:06:39,660 [grpc-default-executor-7] DEBUG server.GrpcLogAppender (GrpcLogAppender.java:onNext(257)) - omNode-1@group-523986131536->omNode-3-AppendLogResponseHandler: received a reply omNode-1<-omNode-3#638:OK,SUCCESS,nextIndex:545,term:1,followerCommit:544, request=AppendEntriesRequest:cid=638,entriesCount=0,lastEntry=null
2020-07-01 01:06:39,706 [grpc-default-executor-7] INFO  ratis.OzoneManagerStateMachine (OzoneManagerStateMachine.java:getLatestSnapshot(147)) - Latest Snapshot Info 1#470
2020-07-01 01:06:39,707 [grpc-default-executor-7] DEBUG server.GrpcLogAppender (GrpcLogAppender.java:onNext(257)) - omNode-1@group-523986131536->omNode-2-AppendLogResponseHandler: received a reply omNode-1<-omNode-2#1100:OK,SUCCESS,nextIndex:545,term:1,followerCommit:520, request=AppendEntriesRequest:cid=1100,entriesCount=0,lastEntry=null
2020-07-01 01:06:40,160 [grpc-default-executor-7] INFO  ratis.OzoneManagerStateMachine (OzoneManagerStateMachine.java:getLatestSnapshot(147)) - Latest Snapshot Info 1#499
2020-07-01 01:06:40,162 [grpc-default-executor-7] DEBUG server.GrpcLogAppender (GrpcLogAppender.java:onNext(257)) - omNode-1@group-523986131536->omNode-3-AppendLogResponseHandler: received a reply omNode-1<-omNode-3#639:OK,SUCCESS,nextIndex:545,term:1,followerCommit:544, request=AppendEntriesRequest:cid=639,entriesCount=0,lastEntry=null
2020-07-01 01:06:40,207 [grpc-default-executor-7] INFO  ratis.OzoneManagerStateMachine (OzoneManagerStateMachine.java:getLatestSnapshot(147)) - Latest Snapshot Info 1#470
2020-07-01 01:06:40,208 [grpc-default-executor-7] DEBUG server.GrpcLogAppender (GrpcLogAppender.java:onNext(257)) - omNode-1@group-523986131536->omNode-2-AppendLogResponseHandler: received a reply omNode-1<-omNode-2#1101:OK,SUCCESS,nextIndex:545,term:1,followerCommit:520, request=AppendEntriesRequest:cid=1101,entriesCount=0,lastEntry=null
2020-07-01 01:06:40,662 [grpc-default-executor-7] INFO  ratis.OzoneManagerStateMachine (OzoneManagerStateMachine.java:getLatestSnapshot(147)) - Latest Snapshot Info 1#499
2020-07-01 01:06:40,663 [grpc-default-executor-7] DEBUG server.GrpcLogAppender (GrpcLogAppender.java:onNext(257)) - omNode-1@group-523986131536->omNode-3-AppendLogResponseHandler: received a reply omNode-1<-omNode-3#640:OK,SUCCESS,nextIndex:545,term:1,followerCommit:544, request=AppendEntriesRequest:cid=640,entriesCount=0,lastEntry=null
2020-07-01 01:06:40,709 [grpc-default-executor-7] INFO  ratis.OzoneManagerStateMachine (OzoneManagerStateMachine.java:getLatestSnapshot(147)) - Latest Snapshot Info 1#470
2020-07-01 01:06:40,710 [grpc-default-executor-7] DEBUG server.GrpcLogAppender (GrpcLogAppender.java:onNext(257)) - omNode-1@group-523986131536->omNode-2-AppendLogResponseHandler: received a reply omNode-1<-omNode-2#1102:OK,SUCCESS,nextIndex:545,term:1,followerCommit:520, request=AppendEntriesRequest:cid=1102,entriesCount=0,lastEntry=null
2020-07-01 01:06:41,164 [grpc-default-executor-7] INFO  ratis.OzoneManagerStateMachine (OzoneManagerStateMachine.java:getLatestSnapshot(147)) - Latest Snapshot Info 1#499
2020-07-01 01:06:41,165 [grpc-default-executor-7] DEBUG server.GrpcLogAppender (GrpcLogAppender.java:onNext(257)) - omNode-1@group-523986131536->omNode-3-AppendLogResponseHandler: received a reply omNode-1<-omNode-3#641:OK,SUCCESS,nextIndex:545,term:1,followerCommit:544, request=AppendEntriesRequest:cid=641,entriesCount=0,lastEntry=null
2020-07-01 01:06:41,210 [grpc-default-executor-7] INFO  ratis.OzoneManagerStateMachine (OzoneManagerStateMachine.java:getLatestSnapshot(147)) - Latest Snapshot Info 1#470
2020-07-01 01:06:41,211 [grpc-default-executor-7] DEBUG server.GrpcLogAppender (GrpcLogAppender.java:onNext(257)) - omNode-1@group-523986131536->omNode-2-AppendLogResponseHandler: received a reply omNode-1<-omNode-2#1103:OK,SUCCESS,nextIndex:545,term:1,followerCommit:520, request=AppendEntriesRequest:cid=1103,entriesCount=0,lastEntry=null
2020-07-01 01:06:41,666 [grpc-default-executor-7] INFO  ratis.OzoneManagerStateMachine (OzoneManagerStateMachine.java:getLatestSnapshot(147)) - Latest Snapshot Info 1#499
2020-07-01 01:06:41,667 [grpc-default-executor-7] DEBUG server.GrpcLogAppender (GrpcLogAppender.java:onNext(257)) - omNode-1@group-523986131536->omNode-3-AppendLogResponseHandler: received a reply omNode-1<-omNode-3#642:OK,SUCCESS,nextIndex:545,term:1,followerCommit:544, request=AppendEntriesRequest:cid=642,entriesCount=0,lastEntry=null
2020-07-01 01:06:41,712 [grpc-default-executor-7] INFO  ratis.OzoneManagerStateMachine (OzoneManagerStateMachine.java:getLatestSnapshot(147)) - Latest Snapshot Info 1#470
2020-07-01 01:06:41,713 [grpc-default-executor-7] DEBUG server.GrpcLogAppender (GrpcLogAppender.java:onNext(257)) - omNode-1@group-523986131536->omNode-2-AppendLogResponseHandler: received a reply omNode-1<-omNode-2#1104:OK,SUCCESS,nextIndex:545,term:1,followerCommit:520, request=AppendEntriesRequest:cid=1104,entriesCount=0,lastEntry=null
2020-07-01 01:06:41,965 [grpc-default-executor-7] DEBUG server.GrpcLogAppender (GrpcLogAppender.java:onNext(257)) - 69db720a-335e-417f-9e4d-9b6daaea3d10@group-304D1CDEA4AC->5f570ae4-9456-445c-93e3-9355377d8e07-AppendLogResponseHandler: received a reply 69db720a-335e-417f-9e4d-9b6daaea3d10<-5f570ae4-9456-445c-93e3-9355377d8e07#18:OK,SUCCESS,nextIndex:1,term:1,followerCommit:0, request=AppendEntriesRequest:cid=18,entriesCount=0,lastEntry=null
2020-07-01 01:06:41,973 [grpc-default-executor-7] DEBUG server.GrpcLogAppender (GrpcLogAppender.java:onNext(257)) - 69db720a-335e-417f-9e4d-9b6daaea3d10@group-304D1CDEA4AC->40524df2-78a3-4e4e-9ceb-ad6c0599eecc-AppendLogResponseHandler: received a reply 69db720a-335e-417f-9e4d-9b6daaea3d10<-40524df2-78a3-4e4e-9ceb-ad6c0599eecc#18:OK,SUCCESS,nextIndex:1,term:1,followerCommit:0, request=AppendEntriesRequest:cid=18,entriesCount=0,lastEntry=null
2020-07-01 01:06:42,167 [grpc-default-executor-7] INFO  ratis.OzoneManagerStateMachine (OzoneManagerStateMachine.java:getLatestSnapshot(147)) - Latest Snapshot Info 1#499
2020-07-01 01:06:42,168 [grpc-default-executor-7] DEBUG server.GrpcLogAppender (GrpcLogAppender.java:onNext(257)) - omNode-1@group-523986131536->omNode-3-AppendLogResponseHandler: received a reply omNode-1<-omNode-3#643:OK,SUCCESS,nextIndex:545,term:1,followerCommit:544, request=AppendEntriesRequest:cid=643,entriesCount=0,lastEntry=null
2020-07-01 01:06:42,213 [grpc-default-executor-7] INFO  ratis.OzoneManagerStateMachine (OzoneManagerStateMachine.java:getLatestSnapshot(147)) - Latest Snapshot Info 1#470
2020-07-01 01:06:42,214 [grpc-default-executor-7] DEBUG server.GrpcLogAppender (GrpcLogAppender.java:onNext(257)) - omNode-1@group-523986131536->omNode-2-AppendLogResponseHandler: received a reply omNode-1<-omNode-2#1105:OK,SUCCESS,nextIndex:545,term:1,followerCommit:520, request=AppendEntriesRequest:cid=1105,entriesCount=0,lastEntry=null
2020-07-01 01:06:42,669 [grpc-default-executor-7] INFO  ratis.OzoneManagerStateMachine (OzoneManagerStateMachine.java:getLatestSnapshot(147)) - Latest Snapshot Info 1#499
2020-07-01 01:06:42,670 [grpc-default-executor-7] DEBUG server.GrpcLogAppender (GrpcLogAppender.java:onNext(257)) - omNode-1@group-523986131536->omNode-3-AppendLogResponseHandler: received a reply omNode-1<-omNode-3#644:OK,SUCCESS,nextIndex:545,term:1,followerCommit:544, request=AppendEntriesRequest:cid=644,entriesCount=0,lastEntry=null
2020-07-01 01:06:42,715 [grpc-default-executor-7] INFO  ratis.OzoneManagerStateMachine (OzoneManagerStateMachine.java:getLatestSnapshot(147)) - Latest Snapshot Info 1#470
2020-07-01 01:06:42,715 [grpc-default-executor-7] DEBUG server.GrpcLogAppender (GrpcLogAppender.java:onNext(257)) - omNode-1@group-523986131536->omNode-2-AppendLogResponseHandler: received a reply omNode-1<-omNode-2#1106:OK,SUCCESS,nextIndex:545,term:1,followerCommit:520, request=AppendEntriesRequest:cid=1106,entriesCount=0,lastEntry=null
2020-07-01 01:06:43,170 [grpc-default-executor-7] INFO  ratis.OzoneManagerStateMachine (OzoneManagerStateMachine.java:getLatestSnapshot(147)) - Latest Snapshot Info 1#499
2020-07-01 01:06:43,171 [grpc-default-executor-7] DEBUG server.GrpcLogAppender (GrpcLogAppender.java:onNext(257)) - omNode-1@group-523986131536->omNode-3-AppendLogResponseHandler: received a reply omNode-1<-omNode-3#645:OK,SUCCESS,nextIndex:545,term:1,followerCommit:544, request=AppendEntriesRequest:cid=645,entriesCount=0,lastEntry=null
2020-07-01 01:06:43,216 [grpc-default-executor-7] INFO  ratis.OzoneManagerStateMachine (OzoneManagerStateMachine.java:getLatestSnapshot(147)) - Latest Snapshot Info 1#470
2020-07-01 01:06:43,217 [grpc-default-executor-7] DEBUG server.GrpcLogAppender (GrpcLogAppender.java:onNext(257)) - omNode-1@group-523986131536->omNode-2-AppendLogResponseHandler: received a reply omNode-1<-omNode-2#1107:OK,SUCCESS,nextIndex:545,term:1,followerCommit:520, request=AppendEntriesRequest:cid=1107,entriesCount=0,lastEntry=null
2020-07-01 01:06:43,672 [grpc-default-executor-7] INFO  ratis.OzoneManagerStateMachine (OzoneManagerStateMachine.java:getLatestSnapshot(147)) - Latest Snapshot Info 1#499
2020-07-01 01:06:43,673 [grpc-default-executor-7] DEBUG server.GrpcLogAppender (GrpcLogAppender.java:onNext(257)) - omNode-1@group-523986131536->omNode-3-AppendLogResponseHandler: received a reply omNode-1<-omNode-3#646:OK,SUCCESS,nextIndex:545,term:1,followerCommit:544, request=AppendEntriesRequest:cid=646,entriesCount=0,lastEntry=null
2020-07-01 01:06:43,717 [grpc-default-executor-7] INFO  ratis.OzoneManagerStateMachine (OzoneManagerStateMachine.java:getLatestSnapshot(147)) - Latest Snapshot Info 1#470
2020-07-01 01:06:43,718 [grpc-default-executor-7] DEBUG server.GrpcLogAppender (GrpcLogAppender.java:onNext(257)) - omNode-1@group-523986131536->omNode-2-AppendLogResponseHandler: received a reply omNode-1<-omNode-2#1108:OK,SUCCESS,nextIndex:545,term:1,followerCommit:520, request=AppendEntriesRequest:cid=1108,entriesCount=0,lastEntry=null
2020-07-01 01:06:44,174 [grpc-default-executor-7] INFO  ratis.OzoneManagerStateMachine (OzoneManagerStateMachine.java:getLatestSnapshot(147)) - Latest Snapshot Info 1#499
2020-07-01 01:06:44,175 [grpc-default-executor-7] DEBUG server.GrpcLogAppender (GrpcLogAppender.java:onNext(257)) - omNode-1@group-523986131536->omNode-3-AppendLogResponseHandler: received a reply omNode-1<-omNode-3#647:OK,SUCCESS,nextIndex:545,term:1,followerCommit:544, request=AppendEntriesRequest:cid=647,entriesCount=0,lastEntry=null
2020-07-01 01:06:44,219 [grpc-default-executor-7] INFO  ratis.OzoneManagerStateMachine (OzoneManagerStateMachine.java:getLatestSnapshot(147)) - Latest Snapshot Info 1#470
2020-07-01 01:06:44,220 [grpc-default-executor-7] DEBUG server.GrpcLogAppender (GrpcLogAppender.java:onNext(257)) - omNode-1@group-523986131536->omNode-2-AppendLogResponseHandler: received a reply omNode-1<-omNode-2#1109:OK,SUCCESS,nextIndex:545,term:1,followerCommit:520, request=AppendEntriesRequest:cid=1109,entriesCount=0,lastEntry=null
2020-07-01 01:06:44,466 [grpc-default-executor-7] DEBUG server.GrpcLogAppender (GrpcLogAppender.java:onNext(257)) - 69db720a-335e-417f-9e4d-9b6daaea3d10@group-304D1CDEA4AC->5f570ae4-9456-445c-93e3-9355377d8e07-AppendLogResponseHandler: received a reply 69db720a-335e-417f-9e4d-9b6daaea3d10<-5f570ae4-9456-445c-93e3-9355377d8e07#19:OK,SUCCESS,nextIndex:1,term:1,followerCommit:0, request=AppendEntriesRequest:cid=19,entriesCount=0,lastEntry=null
2020-07-01 01:06:44,474 [grpc-default-executor-7] DEBUG server.GrpcLogAppender (GrpcLogAppender.java:onNext(257)) - 69db720a-335e-417f-9e4d-9b6daaea3d10@group-304D1CDEA4AC->40524df2-78a3-4e4e-9ceb-ad6c0599eecc-AppendLogResponseHandler: received a reply 69db720a-335e-417f-9e4d-9b6daaea3d10<-40524df2-78a3-4e4e-9ceb-ad6c0599eecc#19:OK,SUCCESS,nextIndex:1,term:1,followerCommit:0, request=AppendEntriesRequest:cid=19,entriesCount=0,lastEntry=null
2020-07-01 01:06:44,675 [grpc-default-executor-7] INFO  ratis.OzoneManagerStateMachine (OzoneManagerStateMachine.java:getLatestSnapshot(147)) - Latest Snapshot Info 1#499
2020-07-01 01:06:44,676 [grpc-default-executor-7] DEBUG server.GrpcLogAppender (GrpcLogAppender.java:onNext(257)) - omNode-1@group-523986131536->omNode-3-AppendLogResponseHandler: received a reply omNode-1<-omNode-3#648:OK,SUCCESS,nextIndex:545,term:1,followerCommit:544, request=AppendEntriesRequest:cid=648,entriesCount=0,lastEntry=null
2020-07-01 01:06:44,720 [grpc-default-executor-7] INFO  ratis.OzoneManagerStateMachine (OzoneManagerStateMachine.java:getLatestSnapshot(147)) - Latest Snapshot Info 1#470
2020-07-01 01:06:44,721 [grpc-default-executor-7] DEBUG server.GrpcLogAppender (GrpcLogAppender.java:onNext(257)) - omNode-1@group-523986131536->omNode-2-AppendLogResponseHandler: received a reply omNode-1<-omNode-2#1110:OK,SUCCESS,nextIndex:545,term:1,followerCommit:520, request=AppendEntriesRequest:cid=1110,entriesCount=0,lastEntry=null
2020-07-01 01:06:45,177 [grpc-default-executor-7] INFO  ratis.OzoneManagerStateMachine (OzoneManagerStateMachine.java:getLatestSnapshot(147)) - Latest Snapshot Info 1#499
2020-07-01 01:06:45,177 [grpc-default-executor-7] DEBUG server.GrpcLogAppender (GrpcLogAppender.java:onNext(257)) - omNode-1@group-523986131536->omNode-3-AppendLogResponseHandler: received a reply omNode-1<-omNode-3#649:OK,SUCCESS,nextIndex:545,term:1,followerCommit:544, request=AppendEntriesRequest:cid=649,entriesCount=0,lastEntry=null
2020-07-01 01:06:45,222 [grpc-default-executor-7] INFO  ratis.OzoneManagerStateMachine (OzoneManagerStateMachine.java:getLatestSnapshot(147)) - Latest Snapshot Info 1#470
2020-07-01 01:06:45,222 [grpc-default-executor-7] DEBUG server.GrpcLogAppender (GrpcLogAppender.java:onNext(257)) - omNode-1@group-523986131536->omNode-2-AppendLogResponseHandler: received a reply omNode-1<-omNode-2#1111:OK,SUCCESS,nextIndex:545,term:1,followerCommit:520, request=AppendEntriesRequest:cid=1111,entriesCount=0,lastEntry=null
2020-07-01 01:06:45,678 [grpc-default-executor-7] INFO  ratis.OzoneManagerStateMachine (OzoneManagerStateMachine.java:getLatestSnapshot(147)) - Latest Snapshot Info 1#499
2020-07-01 01:06:45,679 [grpc-default-executor-7] DEBUG server.GrpcLogAppender (GrpcLogAppender.java:onNext(257)) - omNode-1@group-523986131536->omNode-3-AppendLogResponseHandler: received a reply omNode-1<-omNode-3#650:OK,SUCCESS,nextIndex:545,term:1,followerCommit:544, request=AppendEntriesRequest:cid=650,entriesCount=0,lastEntry=null
2020-07-01 01:06:45,723 [grpc-default-executor-7] INFO  ratis.OzoneManagerStateMachine (OzoneManagerStateMachine.java:getLatestSnapshot(147)) - Latest Snapshot Info 1#470
2020-07-01 01:06:45,724 [grpc-default-executor-7] DEBUG server.GrpcLogAppender (GrpcLogAppender.java:onNext(257)) - omNode-1@group-523986131536->omNode-2-AppendLogResponseHandler: received a reply omNode-1<-omNode-2#1112:OK,SUCCESS,nextIndex:545,term:1,followerCommit:520, request=AppendEntriesRequest:cid=1112,entriesCount=0,lastEntry=null
2020-07-01 01:06:46,180 [grpc-default-executor-7] INFO  ratis.OzoneManagerStateMachine (OzoneManagerStateMachine.java:getLatestSnapshot(147)) - Latest Snapshot Info 1#499
2020-07-01 01:06:46,181 [grpc-default-executor-7] DEBUG server.GrpcLogAppender (GrpcLogAppender.java:onNext(257)) - omNode-1@group-523986131536->omNode-3-AppendLogResponseHandler: received a reply omNode-1<-omNode-3#651:OK,SUCCESS,nextIndex:545,term:1,followerCommit:544, request=AppendEntriesRequest:cid=651,entriesCount=0,lastEntry=null
2020-07-01 01:06:46,225 [grpc-default-executor-7] INFO  ratis.OzoneManagerStateMachine (OzoneManagerStateMachine.java:getLatestSnapshot(147)) - Latest Snapshot Info 1#470
2020-07-01 01:06:46,226 [grpc-default-executor-7] DEBUG server.GrpcLogAppender (GrpcLogAppender.java:onNext(257)) - omNode-1@group-523986131536->omNode-2-AppendLogResponseHandler: received a reply omNode-1<-omNode-2#1113:OK,SUCCESS,nextIndex:545,term:1,followerCommit:520, request=AppendEntriesRequest:cid=1113,entriesCount=0,lastEntry=null
2020-07-01 01:06:46,681 [grpc-default-executor-7] INFO  ratis.OzoneManagerStateMachine (OzoneManagerStateMachine.java:getLatestSnapshot(147)) - Latest Snapshot Info 1#499
2020-07-01 01:06:46,682 [grpc-default-executor-7] DEBUG server.GrpcLogAppender (GrpcLogAppender.java:onNext(257)) - omNode-1@group-523986131536->omNode-3-AppendLogResponseHandler: received a reply omNode-1<-omNode-3#652:OK,SUCCESS,nextIndex:545,term:1,followerCommit:544, request=AppendEntriesRequest:cid=652,entriesCount=0,lastEntry=null
2020-07-01 01:06:46,726 [grpc-default-executor-7] INFO  ratis.OzoneManagerStateMachine (OzoneManagerStateMachine.java:getLatestSnapshot(147)) - Latest Snapshot Info 1#470
2020-07-01 01:06:46,727 [grpc-default-executor-7] DEBUG server.GrpcLogAppender (GrpcLogAppender.java:onNext(257)) - omNode-1@group-523986131536->omNode-2-AppendLogResponseHandler: received a reply omNode-1<-omNode-2#1114:OK,SUCCESS,nextIndex:545,term:1,followerCommit:520, request=AppendEntriesRequest:cid=1114,entriesCount=0,lastEntry=null
2020-07-01 01:06:46,967 [grpc-default-executor-7] DEBUG server.GrpcLogAppender (GrpcLogAppender.java:onNext(257)) - 69db720a-335e-417f-9e4d-9b6daaea3d10@group-304D1CDEA4AC->5f570ae4-9456-445c-93e3-9355377d8e07-AppendLogResponseHandler: received a reply 69db720a-335e-417f-9e4d-9b6daaea3d10<-5f570ae4-9456-445c-93e3-9355377d8e07#20:OK,SUCCESS,nextIndex:1,term:1,followerCommit:0, request=AppendEntriesRequest:cid=20,entriesCount=0,lastEntry=null
2020-07-01 01:06:46,976 [grpc-default-executor-7] DEBUG server.GrpcLogAppender (GrpcLogAppender.java:onNext(257)) - 69db720a-335e-417f-9e4d-9b6daaea3d10@group-304D1CDEA4AC->40524df2-78a3-4e4e-9ceb-ad6c0599eecc-AppendLogResponseHandler: received a reply 69db720a-335e-417f-9e4d-9b6daaea3d10<-40524df2-78a3-4e4e-9ceb-ad6c0599eecc#20:OK,SUCCESS,nextIndex:1,term:1,followerCommit:0, request=AppendEntriesRequest:cid=20,entriesCount=0,lastEntry=null
2020-07-01 01:06:47,183 [grpc-default-executor-7] INFO  ratis.OzoneManagerStateMachine (OzoneManagerStateMachine.java:getLatestSnapshot(147)) - Latest Snapshot Info 1#499
2020-07-01 01:06:47,184 [grpc-default-executor-7] DEBUG server.GrpcLogAppender (GrpcLogAppender.java:onNext(257)) - omNode-1@group-523986131536->omNode-3-AppendLogResponseHandler: received a reply omNode-1<-omNode-3#653:OK,SUCCESS,nextIndex:545,term:1,followerCommit:544, request=AppendEntriesRequest:cid=653,entriesCount=0,lastEntry=null
2020-07-01 01:06:47,228 [grpc-default-executor-7] INFO  ratis.OzoneManagerStateMachine (OzoneManagerStateMachine.java:getLatestSnapshot(147)) - Latest Snapshot Info 1#470
2020-07-01 01:06:47,228 [grpc-default-executor-7] DEBUG server.GrpcLogAppender (GrpcLogAppender.java:onNext(257)) - omNode-1@group-523986131536->omNode-2-AppendLogResponseHandler: received a reply omNode-1<-omNode-2#1115:OK,SUCCESS,nextIndex:545,term:1,followerCommit:520, request=AppendEntriesRequest:cid=1115,entriesCount=0,lastEntry=null
2020-07-01 01:06:47,684 [grpc-default-executor-7] INFO  ratis.OzoneManagerStateMachine (OzoneManagerStateMachine.java:getLatestSnapshot(147)) - Latest Snapshot Info 1#499
2020-07-01 01:06:47,685 [grpc-default-executor-7] DEBUG server.GrpcLogAppender (GrpcLogAppender.java:onNext(257)) - omNode-1@group-523986131536->omNode-3-AppendLogResponseHandler: received a reply omNode-1<-omNode-3#654:OK,SUCCESS,nextIndex:545,term:1,followerCommit:544, request=AppendEntriesRequest:cid=654,entriesCount=0,lastEntry=null
2020-07-01 01:06:47,729 [grpc-default-executor-7] INFO  ratis.OzoneManagerStateMachine (OzoneManagerStateMachine.java:getLatestSnapshot(147)) - Latest Snapshot Info 1#470
2020-07-01 01:06:47,730 [grpc-default-executor-7] DEBUG server.GrpcLogAppender (GrpcLogAppender.java:onNext(257)) - omNode-1@group-523986131536->omNode-2-AppendLogResponseHandler: received a reply omNode-1<-omNode-2#1116:OK,SUCCESS,nextIndex:545,term:1,followerCommit:520, request=AppendEntriesRequest:cid=1116,entriesCount=0,lastEntry=null
2020-07-01 01:06:48,186 [grpc-default-executor-7] INFO  ratis.OzoneManagerStateMachine (OzoneManagerStateMachine.java:getLatestSnapshot(147)) - Latest Snapshot Info 1#499
2020-07-01 01:06:48,187 [grpc-default-executor-7] DEBUG server.GrpcLogAppender (GrpcLogAppender.java:onNext(257)) - omNode-1@group-523986131536->omNode-3-AppendLogResponseHandler: received a reply omNode-1<-omNode-3#655:OK,SUCCESS,nextIndex:545,term:1,followerCommit:544, request=AppendEntriesRequest:cid=655,entriesCount=0,lastEntry=null
2020-07-01 01:06:48,230 [grpc-default-executor-7] INFO  ratis.OzoneManagerStateMachine (OzoneManagerStateMachine.java:getLatestSnapshot(147)) - Latest Snapshot Info 1#470
2020-07-01 01:06:48,231 [grpc-default-executor-7] DEBUG server.GrpcLogAppender (GrpcLogAppender.java:onNext(257)) - omNode-1@group-523986131536->omNode-2-AppendLogResponseHandler: received a reply omNode-1<-omNode-2#1117:OK,SUCCESS,nextIndex:545,term:1,followerCommit:520, request=AppendEntriesRequest:cid=1117,entriesCount=0,lastEntry=null
2020-07-01 01:06:48,688 [grpc-default-executor-7] INFO  ratis.OzoneManagerStateMachine (OzoneManagerStateMachine.java:getLatestSnapshot(147)) - Latest Snapshot Info 1#499
2020-07-01 01:06:48,688 [grpc-default-executor-7] DEBUG server.GrpcLogAppender (GrpcLogAppender.java:onNext(257)) - omNode-1@group-523986131536->omNode-3-AppendLogResponseHandler: received a reply omNode-1<-omNode-3#656:OK,SUCCESS,nextIndex:545,term:1,followerCommit:544, request=AppendEntriesRequest:cid=656,entriesCount=0,lastEntry=null
2020-07-01 01:06:48,731 [grpc-default-executor-7] INFO  ratis.OzoneManagerStateMachine (OzoneManagerStateMachine.java:getLatestSnapshot(147)) - Latest Snapshot Info 1#470
2020-07-01 01:06:48,732 [grpc-default-executor-7] DEBUG server.GrpcLogAppender (GrpcLogAppender.java:onNext(257)) - omNode-1@group-523986131536->omNode-2-AppendLogResponseHandler: received a reply omNode-1<-omNode-2#1118:OK,SUCCESS,nextIndex:545,term:1,followerCommit:520, request=AppendEntriesRequest:cid=1118,entriesCount=0,lastEntry=null
2020-07-01 01:06:49,189 [grpc-default-executor-7] INFO  ratis.OzoneManagerStateMachine (OzoneManagerStateMachine.java:getLatestSnapshot(147)) - Latest Snapshot Info 1#499
2020-07-01 01:06:49,190 [grpc-default-executor-7] DEBUG server.GrpcLogAppender (GrpcLogAppender.java:onNext(257)) - omNode-1@group-523986131536->omNode-3-AppendLogResponseHandler: received a reply omNode-1<-omNode-3#657:OK,SUCCESS,nextIndex:545,term:1,followerCommit:544, request=AppendEntriesRequest:cid=657,entriesCount=0,lastEntry=null
2020-07-01 01:06:49,233 [grpc-default-executor-7] INFO  ratis.OzoneManagerStateMachine (OzoneManagerStateMachine.java:getLatestSnapshot(147)) - Latest Snapshot Info 1#470
2020-07-01 01:06:49,233 [grpc-default-executor-7] DEBUG server.GrpcLogAppender (GrpcLogAppender.java:onNext(257)) - omNode-1@group-523986131536->omNode-2-AppendLogResponseHandler: received a reply omNode-1<-omNode-2#1119:OK,SUCCESS,nextIndex:545,term:1,followerCommit:520, request=AppendEntriesRequest:cid=1119,entriesCount=0,lastEntry=null
2020-07-01 01:06:49,469 [grpc-default-executor-7] DEBUG server.GrpcLogAppender (GrpcLogAppender.java:onNext(257)) - 69db720a-335e-417f-9e4d-9b6daaea3d10@group-304D1CDEA4AC->5f570ae4-9456-445c-93e3-9355377d8e07-AppendLogResponseHandler: received a reply 69db720a-335e-417f-9e4d-9b6daaea3d10<-5f570ae4-9456-445c-93e3-9355377d8e07#21:OK,SUCCESS,nextIndex:1,term:1,followerCommit:0, request=AppendEntriesRequest:cid=21,entriesCount=0,lastEntry=null
2020-07-01 01:06:49,477 [grpc-default-executor-7] DEBUG server.GrpcLogAppender (GrpcLogAppender.java:onNext(257)) - 69db720a-335e-417f-9e4d-9b6daaea3d10@group-304D1CDEA4AC->40524df2-78a3-4e4e-9ceb-ad6c0599eecc-AppendLogResponseHandler: received a reply 69db720a-335e-417f-9e4d-9b6daaea3d10<-40524df2-78a3-4e4e-9ceb-ad6c0599eecc#21:OK,SUCCESS,nextIndex:1,term:1,followerCommit:0, request=AppendEntriesRequest:cid=21,entriesCount=0,lastEntry=null
2020-07-01 01:06:49,691 [grpc-default-executor-7] INFO  ratis.OzoneManagerStateMachine (OzoneManagerStateMachine.java:getLatestSnapshot(147)) - Latest Snapshot Info 1#499
2020-07-01 01:06:49,691 [grpc-default-executor-7] DEBUG server.GrpcLogAppender (GrpcLogAppender.java:onNext(257)) - omNode-1@group-523986131536->omNode-3-AppendLogResponseHandler: received a reply omNode-1<-omNode-3#658:OK,SUCCESS,nextIndex:545,term:1,followerCommit:544, request=AppendEntriesRequest:cid=658,entriesCount=0,lastEntry=null
2020-07-01 01:06:49,734 [grpc-default-executor-7] INFO  ratis.OzoneManagerStateMachine (OzoneManagerStateMachine.java:getLatestSnapshot(147)) - Latest Snapshot Info 1#470
2020-07-01 01:06:49,735 [grpc-default-executor-7] DEBUG server.GrpcLogAppender (GrpcLogAppender.java:onNext(257)) - omNode-1@group-523986131536->omNode-2-AppendLogResponseHandler: received a reply omNode-1<-omNode-2#1120:OK,SUCCESS,nextIndex:545,term:1,followerCommit:520, request=AppendEntriesRequest:cid=1120,entriesCount=0,lastEntry=null
2020-07-01 01:06:50,192 [grpc-default-executor-7] INFO  ratis.OzoneManagerStateMachine (OzoneManagerStateMachine.java:getLatestSnapshot(147)) - Latest Snapshot Info 1#499
2020-07-01 01:06:50,193 [grpc-default-executor-7] DEBUG server.GrpcLogAppender (GrpcLogAppender.java:onNext(257)) - omNode-1@group-523986131536->omNode-3-AppendLogResponseHandler: received a reply omNode-1<-omNode-3#659:OK,SUCCESS,nextIndex:545,term:1,followerCommit:544, request=AppendEntriesRequest:cid=659,entriesCount=0,lastEntry=null
2020-07-01 01:06:50,235 [grpc-default-executor-7] INFO  ratis.OzoneManagerStateMachine (OzoneManagerStateMachine.java:getLatestSnapshot(147)) - Latest Snapshot Info 1#470
2020-07-01 01:06:50,236 [grpc-default-executor-7] DEBUG server.GrpcLogAppender (GrpcLogAppender.java:onNext(257)) - omNode-1@group-523986131536->omNode-2-AppendLogResponseHandler: received a reply omNode-1<-omNode-2#1121:OK,SUCCESS,nextIndex:545,term:1,followerCommit:520, request=AppendEntriesRequest:cid=1121,entriesCount=0,lastEntry=null
2020-07-01 01:06:50,694 [grpc-default-executor-7] INFO  ratis.OzoneManagerStateMachine (OzoneManagerStateMachine.java:getLatestSnapshot(147)) - Latest Snapshot Info 1#499
2020-07-01 01:06:50,695 [grpc-default-executor-7] DEBUG server.GrpcLogAppender (GrpcLogAppender.java:onNext(257)) - omNode-1@group-523986131536->omNode-3-AppendLogResponseHandler: received a reply omNode-1<-omNode-3#660:OK,SUCCESS,nextIndex:545,term:1,followerCommit:544, request=AppendEntriesRequest:cid=660,entriesCount=0,lastEntry=null
2020-07-01 01:06:50,737 [grpc-default-executor-7] INFO  ratis.OzoneManagerStateMachine (OzoneManagerStateMachine.java:getLatestSnapshot(147)) - Latest Snapshot Info 1#470
2020-07-01 01:06:50,737 [grpc-default-executor-7] DEBUG server.GrpcLogAppender (GrpcLogAppender.java:onNext(257)) - omNode-1@group-523986131536->omNode-2-AppendLogResponseHandler: received a reply omNode-1<-omNode-2#1122:OK,SUCCESS,nextIndex:545,term:1,followerCommit:520, request=AppendEntriesRequest:cid=1122,entriesCount=0,lastEntry=null
2020-07-01 01:06:51,195 [grpc-default-executor-7] INFO  ratis.OzoneManagerStateMachine (OzoneManagerStateMachine.java:getLatestSnapshot(147)) - Latest Snapshot Info 1#499
2020-07-01 01:06:51,196 [grpc-default-executor-7] DEBUG server.GrpcLogAppender (GrpcLogAppender.java:onNext(257)) - omNode-1@group-523986131536->omNode-3-AppendLogResponseHandler: received a reply omNode-1<-omNode-3#661:OK,SUCCESS,nextIndex:545,term:1,followerCommit:544, request=AppendEntriesRequest:cid=661,entriesCount=0,lastEntry=null
2020-07-01 01:06:51,238 [grpc-default-executor-7] INFO  ratis.OzoneManagerStateMachine (OzoneManagerStateMachine.java:getLatestSnapshot(147)) - Latest Snapshot Info 1#470
2020-07-01 01:06:51,239 [grpc-default-executor-7] DEBUG server.GrpcLogAppender (GrpcLogAppender.java:onNext(257)) - omNode-1@group-523986131536->omNode-2-AppendLogResponseHandler: received a reply omNode-1<-omNode-2#1123:OK,SUCCESS,nextIndex:545,term:1,followerCommit:520, request=AppendEntriesRequest:cid=1123,entriesCount=0,lastEntry=null
2020-07-01 01:06:51,697 [grpc-default-executor-7] INFO  ratis.OzoneManagerStateMachine (OzoneManagerStateMachine.java:getLatestSnapshot(147)) - Latest Snapshot Info 1#499
2020-07-01 01:06:51,698 [grpc-default-executor-7] DEBUG server.GrpcLogAppender (GrpcLogAppender.java:onNext(257)) - omNode-1@group-523986131536->omNode-3-AppendLogResponseHandler: received a reply omNode-1<-omNode-3#662:OK,SUCCESS,nextIndex:545,term:1,followerCommit:544, request=AppendEntriesRequest:cid=662,entriesCount=0,lastEntry=null
2020-07-01 01:06:51,740 [grpc-default-executor-7] INFO  ratis.OzoneManagerStateMachine (OzoneManagerStateMachine.java:getLatestSnapshot(147)) - Latest Snapshot Info 1#470
2020-07-01 01:06:51,741 [grpc-default-executor-7] DEBUG server.GrpcLogAppender (GrpcLogAppender.java:onNext(257)) - omNode-1@group-523986131536->omNode-2-AppendLogResponseHandler: received a reply omNode-1<-omNode-2#1124:OK,SUCCESS,nextIndex:545,term:1,followerCommit:520, request=AppendEntriesRequest:cid=1124,entriesCount=0,lastEntry=null
2020-07-01 01:06:51,970 [grpc-default-executor-7] DEBUG server.GrpcLogAppender (GrpcLogAppender.java:onNext(257)) - 69db720a-335e-417f-9e4d-9b6daaea3d10@group-304D1CDEA4AC->5f570ae4-9456-445c-93e3-9355377d8e07-AppendLogResponseHandler: received a reply 69db720a-335e-417f-9e4d-9b6daaea3d10<-5f570ae4-9456-445c-93e3-9355377d8e07#22:OK,SUCCESS,nextIndex:1,term:1,followerCommit:0, request=AppendEntriesRequest:cid=22,entriesCount=0,lastEntry=null
2020-07-01 01:06:51,978 [grpc-default-executor-7] DEBUG server.GrpcLogAppender (GrpcLogAppender.java:onNext(257)) - 69db720a-335e-417f-9e4d-9b6daaea3d10@group-304D1CDEA4AC->40524df2-78a3-4e4e-9ceb-ad6c0599eecc-AppendLogResponseHandler: received a reply 69db720a-335e-417f-9e4d-9b6daaea3d10<-40524df2-78a3-4e4e-9ceb-ad6c0599eecc#22:OK,SUCCESS,nextIndex:1,term:1,followerCommit:0, request=AppendEntriesRequest:cid=22,entriesCount=0,lastEntry=null
2020-07-01 01:06:52,199 [grpc-default-executor-7] INFO  ratis.OzoneManagerStateMachine (OzoneManagerStateMachine.java:getLatestSnapshot(147)) - Latest Snapshot Info 1#499
2020-07-01 01:06:52,200 [grpc-default-executor-7] DEBUG server.GrpcLogAppender (GrpcLogAppender.java:onNext(257)) - omNode-1@group-523986131536->omNode-3-AppendLogResponseHandler: received a reply omNode-1<-omNode-3#663:OK,SUCCESS,nextIndex:545,term:1,followerCommit:544, request=AppendEntriesRequest:cid=663,entriesCount=0,lastEntry=null
2020-07-01 01:06:52,241 [grpc-default-executor-7] INFO  ratis.OzoneManagerStateMachine (OzoneManagerStateMachine.java:getLatestSnapshot(147)) - Latest Snapshot Info 1#470
2020-07-01 01:06:52,242 [grpc-default-executor-7] DEBUG server.GrpcLogAppender (GrpcLogAppender.java:onNext(257)) - omNode-1@group-523986131536->omNode-2-AppendLogResponseHandler: received a reply omNode-1<-omNode-2#1125:OK,SUCCESS,nextIndex:545,term:1,followerCommit:520, request=AppendEntriesRequest:cid=1125,entriesCount=0,lastEntry=null
2020-07-01 01:06:52,701 [grpc-default-executor-7] INFO  ratis.OzoneManagerStateMachine (OzoneManagerStateMachine.java:getLatestSnapshot(147)) - Latest Snapshot Info 1#499
2020-07-01 01:06:52,701 [grpc-default-executor-7] DEBUG server.GrpcLogAppender (GrpcLogAppender.java:onNext(257)) - omNode-1@group-523986131536->omNode-3-AppendLogResponseHandler: received a reply omNode-1<-omNode-3#664:OK,SUCCESS,nextIndex:545,term:1,followerCommit:544, request=AppendEntriesRequest:cid=664,entriesCount=0,lastEntry=null
2020-07-01 01:06:52,742 [grpc-default-executor-7] INFO  ratis.OzoneManagerStateMachine (OzoneManagerStateMachine.java:getLatestSnapshot(147)) - Latest Snapshot Info 1#470
2020-07-01 01:06:52,743 [grpc-default-executor-7] DEBUG server.GrpcLogAppender (GrpcLogAppender.java:onNext(257)) - omNode-1@group-523986131536->omNode-2-AppendLogResponseHandler: received a reply omNode-1<-omNode-2#1126:OK,SUCCESS,nextIndex:545,term:1,followerCommit:520, request=AppendEntriesRequest:cid=1126,entriesCount=0,lastEntry=null
2020-07-01 01:06:53,202 [grpc-default-executor-7] INFO  ratis.OzoneManagerStateMachine (OzoneManagerStateMachine.java:getLatestSnapshot(147)) - Latest Snapshot Info 1#499
2020-07-01 01:06:53,203 [grpc-default-executor-7] DEBUG server.GrpcLogAppender (GrpcLogAppender.java:onNext(257)) - omNode-1@group-523986131536->omNode-3-AppendLogResponseHandler: received a reply omNode-1<-omNode-3#665:OK,SUCCESS,nextIndex:545,term:1,followerCommit:544, request=AppendEntriesRequest:cid=665,entriesCount=0,lastEntry=null
2020-07-01 01:06:53,244 [grpc-default-executor-7] INFO  ratis.OzoneManagerStateMachine (OzoneManagerStateMachine.java:getLatestSnapshot(147)) - Latest Snapshot Info 1#470
2020-07-01 01:06:53,245 [grpc-default-executor-7] DEBUG server.GrpcLogAppender (GrpcLogAppender.java:onNext(257)) - omNode-1@group-523986131536->omNode-2-AppendLogResponseHandler: received a reply omNode-1<-omNode-2#1127:OK,SUCCESS,nextIndex:545,term:1,followerCommit:520, request=AppendEntriesRequest:cid=1127,entriesCount=0,lastEntry=null
2020-07-01 01:06:53,704 [grpc-default-executor-7] INFO  ratis.OzoneManagerStateMachine (OzoneManagerStateMachine.java:getLatestSnapshot(147)) - Latest Snapshot Info 1#499
2020-07-01 01:06:53,705 [grpc-default-executor-7] DEBUG server.GrpcLogAppender (GrpcLogAppender.java:onNext(257)) - omNode-1@group-523986131536->omNode-3-AppendLogResponseHandler: received a reply omNode-1<-omNode-3#666:OK,SUCCESS,nextIndex:545,term:1,followerCommit:544, request=AppendEntriesRequest:cid=666,entriesCount=0,lastEntry=null
2020-07-01 01:06:53,745 [grpc-default-executor-7] INFO  ratis.OzoneManagerStateMachine (OzoneManagerStateMachine.java:getLatestSnapshot(147)) - Latest Snapshot Info 1#470
2020-07-01 01:06:53,746 [grpc-default-executor-7] DEBUG server.GrpcLogAppender (GrpcLogAppender.java:onNext(257)) - omNode-1@group-523986131536->omNode-2-AppendLogResponseHandler: received a reply omNode-1<-omNode-2#1128:OK,SUCCESS,nextIndex:545,term:1,followerCommit:520, request=AppendEntriesRequest:cid=1128,entriesCount=0,lastEntry=null
2020-07-01 01:06:54,206 [grpc-default-executor-7] INFO  ratis.OzoneManagerStateMachine (OzoneManagerStateMachine.java:getLatestSnapshot(147)) - Latest Snapshot Info 1#499
2020-07-01 01:06:54,207 [grpc-default-executor-7] DEBUG server.GrpcLogAppender (GrpcLogAppender.java:onNext(257)) - omNode-1@group-523986131536->omNode-3-AppendLogResponseHandler: received a reply omNode-1<-omNode-3#667:OK,SUCCESS,nextIndex:545,term:1,followerCommit:544, request=AppendEntriesRequest:cid=667,entriesCount=0,lastEntry=null
2020-07-01 01:06:54,247 [grpc-default-executor-7] INFO  ratis.OzoneManagerStateMachine (OzoneManagerStateMachine.java:getLatestSnapshot(147)) - Latest Snapshot Info 1#470
2020-07-01 01:06:54,248 [grpc-default-executor-7] DEBUG server.GrpcLogAppender (GrpcLogAppender.java:onNext(257)) - omNode-1@group-523986131536->omNode-2-AppendLogResponseHandler: received a reply omNode-1<-omNode-2#1129:OK,SUCCESS,nextIndex:545,term:1,followerCommit:520, request=AppendEntriesRequest:cid=1129,entriesCount=0,lastEntry=null
2020-07-01 01:06:54,471 [grpc-default-executor-7] DEBUG server.GrpcLogAppender (GrpcLogAppender.java:onNext(257)) - 69db720a-335e-417f-9e4d-9b6daaea3d10@group-304D1CDEA4AC->5f570ae4-9456-445c-93e3-9355377d8e07-AppendLogResponseHandler: received a reply 69db720a-335e-417f-9e4d-9b6daaea3d10<-5f570ae4-9456-445c-93e3-9355377d8e07#23:OK,SUCCESS,nextIndex:1,term:1,followerCommit:0, request=AppendEntriesRequest:cid=23,entriesCount=0,lastEntry=null
2020-07-01 01:06:54,479 [grpc-default-executor-7] DEBUG server.GrpcLogAppender (GrpcLogAppender.java:onNext(257)) - 69db720a-335e-417f-9e4d-9b6daaea3d10@group-304D1CDEA4AC->40524df2-78a3-4e4e-9ceb-ad6c0599eecc-AppendLogResponseHandler: received a reply 69db720a-335e-417f-9e4d-9b6daaea3d10<-40524df2-78a3-4e4e-9ceb-ad6c0599eecc#23:OK,SUCCESS,nextIndex:1,term:1,followerCommit:0, request=AppendEntriesRequest:cid=23,entriesCount=0,lastEntry=null
2020-07-01 01:06:54,707 [grpc-default-executor-7] INFO  ratis.OzoneManagerStateMachine (OzoneManagerStateMachine.java:getLatestSnapshot(147)) - Latest Snapshot Info 1#499
2020-07-01 01:06:54,708 [grpc-default-executor-7] DEBUG server.GrpcLogAppender (GrpcLogAppender.java:onNext(257)) - omNode-1@group-523986131536->omNode-3-AppendLogResponseHandler: received a reply omNode-1<-omNode-3#668:OK,SUCCESS,nextIndex:545,term:1,followerCommit:544, request=AppendEntriesRequest:cid=668,entriesCount=0,lastEntry=null
2020-07-01 01:06:54,748 [grpc-default-executor-7] INFO  ratis.OzoneManagerStateMachine (OzoneManagerStateMachine.java:getLatestSnapshot(147)) - Latest Snapshot Info 1#470
2020-07-01 01:06:54,749 [grpc-default-executor-7] DEBUG server.GrpcLogAppender (GrpcLogAppender.java:onNext(257)) - omNode-1@group-523986131536->omNode-2-AppendLogResponseHandler: received a reply omNode-1<-omNode-2#1130:OK,SUCCESS,nextIndex:545,term:1,followerCommit:520, request=AppendEntriesRequest:cid=1130,entriesCount=0,lastEntry=null
2020-07-01 01:06:55,209 [grpc-default-executor-7] INFO  ratis.OzoneManagerStateMachine (OzoneManagerStateMachine.java:getLatestSnapshot(147)) - Latest Snapshot Info 1#499
2020-07-01 01:06:55,210 [grpc-default-executor-7] DEBUG server.GrpcLogAppender (GrpcLogAppender.java:onNext(257)) - omNode-1@group-523986131536->omNode-3-AppendLogResponseHandler: received a reply omNode-1<-omNode-3#669:OK,SUCCESS,nextIndex:545,term:1,followerCommit:544, request=AppendEntriesRequest:cid=669,entriesCount=0,lastEntry=null
2020-07-01 01:06:55,250 [grpc-default-executor-7] INFO  ratis.OzoneManagerStateMachine (OzoneManagerStateMachine.java:getLatestSnapshot(147)) - Latest Snapshot Info 1#470
2020-07-01 01:06:55,250 [grpc-default-executor-7] DEBUG server.GrpcLogAppender (GrpcLogAppender.java:onNext(257)) - omNode-1@group-523986131536->omNode-2-AppendLogResponseHandler: received a reply omNode-1<-omNode-2#1131:OK,SUCCESS,nextIndex:545,term:1,followerCommit:520, request=AppendEntriesRequest:cid=1131,entriesCount=0,lastEntry=null
2020-07-01 01:06:55,711 [grpc-default-executor-7] INFO  ratis.OzoneManagerStateMachine (OzoneManagerStateMachine.java:getLatestSnapshot(147)) - Latest Snapshot Info 1#499
2020-07-01 01:06:55,712 [grpc-default-executor-7] DEBUG server.GrpcLogAppender (GrpcLogAppender.java:onNext(257)) - omNode-1@group-523986131536->omNode-3-AppendLogResponseHandler: received a reply omNode-1<-omNode-3#670:OK,SUCCESS,nextIndex:545,term:1,followerCommit:544, request=AppendEntriesRequest:cid=670,entriesCount=0,lastEntry=null
2020-07-01 01:06:55,751 [grpc-default-executor-7] INFO  ratis.OzoneManagerStateMachine (OzoneManagerStateMachine.java:getLatestSnapshot(147)) - Latest Snapshot Info 1#470
2020-07-01 01:06:55,752 [grpc-default-executor-7] DEBUG server.GrpcLogAppender (GrpcLogAppender.java:onNext(257)) - omNode-1@group-523986131536->omNode-2-AppendLogResponseHandler: received a reply omNode-1<-omNode-2#1132:OK,SUCCESS,nextIndex:545,term:1,followerCommit:520, request=AppendEntriesRequest:cid=1132,entriesCount=0,lastEntry=null
2020-07-01 01:06:56,212 [grpc-default-executor-7] INFO  ratis.OzoneManagerStateMachine (OzoneManagerStateMachine.java:getLatestSnapshot(147)) - Latest Snapshot Info 1#499
2020-07-01 01:06:56,213 [grpc-default-executor-7] DEBUG server.GrpcLogAppender (GrpcLogAppender.java:onNext(257)) - omNode-1@group-523986131536->omNode-3-AppendLogResponseHandler: received a reply omNode-1<-omNode-3#671:OK,SUCCESS,nextIndex:545,term:1,followerCommit:544, request=AppendEntriesRequest:cid=671,entriesCount=0,lastEntry=null
2020-07-01 01:06:56,252 [grpc-default-executor-7] INFO  ratis.OzoneManagerStateMachine (OzoneManagerStateMachine.java:getLatestSnapshot(147)) - Latest Snapshot Info 1#470
2020-07-01 01:06:56,253 [grpc-default-executor-7] DEBUG server.GrpcLogAppender (GrpcLogAppender.java:onNext(257)) - omNode-1@group-523986131536->omNode-2-AppendLogResponseHandler: received a reply omNode-1<-omNode-2#1133:OK,SUCCESS,nextIndex:545,term:1,followerCommit:520, request=AppendEntriesRequest:cid=1133,entriesCount=0,lastEntry=null
2020-07-01 01:06:56,714 [grpc-default-executor-7] INFO  ratis.OzoneManagerStateMachine (OzoneManagerStateMachine.java:getLatestSnapshot(147)) - Latest Snapshot Info 1#499
2020-07-01 01:06:56,715 [grpc-default-executor-7] DEBUG server.GrpcLogAppender (GrpcLogAppender.java:onNext(257)) - omNode-1@group-523986131536->omNode-3-AppendLogResponseHandler: received a reply omNode-1<-omNode-3#672:OK,SUCCESS,nextIndex:545,term:1,followerCommit:544, request=AppendEntriesRequest:cid=672,entriesCount=0,lastEntry=null
2020-07-01 01:06:56,754 [grpc-default-executor-7] INFO  ratis.OzoneManagerStateMachine (OzoneManagerStateMachine.java:getLatestSnapshot(147)) - Latest Snapshot Info 1#470
2020-07-01 01:06:56,755 [grpc-default-executor-7] DEBUG server.GrpcLogAppender (GrpcLogAppender.java:onNext(257)) - omNode-1@group-523986131536->omNode-2-AppendLogResponseHandler: received a reply omNode-1<-omNode-2#1134:OK,SUCCESS,nextIndex:545,term:1,followerCommit:520, request=AppendEntriesRequest:cid=1134,entriesCount=0,lastEntry=null
2020-07-01 01:06:56,973 [grpc-default-executor-7] DEBUG server.GrpcLogAppender (GrpcLogAppender.java:onNext(257)) - 69db720a-335e-417f-9e4d-9b6daaea3d10@group-304D1CDEA4AC->5f570ae4-9456-445c-93e3-9355377d8e07-AppendLogResponseHandler: received a reply 69db720a-335e-417f-9e4d-9b6daaea3d10<-5f570ae4-9456-445c-93e3-9355377d8e07#24:OK,SUCCESS,nextIndex:1,term:1,followerCommit:0, request=AppendEntriesRequest:cid=24,entriesCount=0,lastEntry=null
2020-07-01 01:06:56,980 [grpc-default-executor-7] DEBUG server.GrpcLogAppender (GrpcLogAppender.java:onNext(257)) - 69db720a-335e-417f-9e4d-9b6daaea3d10@group-304D1CDEA4AC->40524df2-78a3-4e4e-9ceb-ad6c0599eecc-AppendLogResponseHandler: received a reply 69db720a-335e-417f-9e4d-9b6daaea3d10<-40524df2-78a3-4e4e-9ceb-ad6c0599eecc#24:OK,SUCCESS,nextIndex:1,term:1,followerCommit:0, request=AppendEntriesRequest:cid=24,entriesCount=0,lastEntry=null
2020-07-01 01:06:57,216 [grpc-default-executor-7] INFO  ratis.OzoneManagerStateMachine (OzoneManagerStateMachine.java:getLatestSnapshot(147)) - Latest Snapshot Info 1#499
2020-07-01 01:06:57,216 [grpc-default-executor-7] DEBUG server.GrpcLogAppender (GrpcLogAppender.java:onNext(257)) - omNode-1@group-523986131536->omNode-3-AppendLogResponseHandler: received a reply omNode-1<-omNode-3#673:OK,SUCCESS,nextIndex:545,term:1,followerCommit:544, request=AppendEntriesRequest:cid=673,entriesCount=0,lastEntry=null
2020-07-01 01:06:57,255 [grpc-default-executor-7] INFO  ratis.OzoneManagerStateMachine (OzoneManagerStateMachine.java:getLatestSnapshot(147)) - Latest Snapshot Info 1#470
2020-07-01 01:06:57,256 [grpc-default-executor-7] DEBUG server.GrpcLogAppender (GrpcLogAppender.java:onNext(257)) - omNode-1@group-523986131536->omNode-2-AppendLogResponseHandler: received a reply omNode-1<-omNode-2#1135:OK,SUCCESS,nextIndex:545,term:1,followerCommit:520, request=AppendEntriesRequest:cid=1135,entriesCount=0,lastEntry=null
2020-07-01 01:06:57,717 [grpc-default-executor-7] INFO  ratis.OzoneManagerStateMachine (OzoneManagerStateMachine.java:getLatestSnapshot(147)) - Latest Snapshot Info 1#499
2020-07-01 01:06:57,718 [grpc-default-executor-7] DEBUG server.GrpcLogAppender (GrpcLogAppender.java:onNext(257)) - omNode-1@group-523986131536->omNode-3-AppendLogResponseHandler: received a reply omNode-1<-omNode-3#674:OK,SUCCESS,nextIndex:545,term:1,followerCommit:544, request=AppendEntriesRequest:cid=674,entriesCount=0,lastEntry=null
2020-07-01 01:06:57,757 [grpc-default-executor-7] INFO  ratis.OzoneManagerStateMachine (OzoneManagerStateMachine.java:getLatestSnapshot(147)) - Latest Snapshot Info 1#470
2020-07-01 01:06:57,758 [grpc-default-executor-7] DEBUG server.GrpcLogAppender (GrpcLogAppender.java:onNext(257)) - omNode-1@group-523986131536->omNode-2-AppendLogResponseHandler: received a reply omNode-1<-omNode-2#1136:OK,SUCCESS,nextIndex:545,term:1,followerCommit:520, request=AppendEntriesRequest:cid=1136,entriesCount=0,lastEntry=null
2020-07-01 01:06:58,219 [grpc-default-executor-7] INFO  ratis.OzoneManagerStateMachine (OzoneManagerStateMachine.java:getLatestSnapshot(147)) - Latest Snapshot Info 1#499
2020-07-01 01:06:58,220 [grpc-default-executor-7] DEBUG server.GrpcLogAppender (GrpcLogAppender.java:onNext(257)) - omNode-1@group-523986131536->omNode-3-AppendLogResponseHandler: received a reply omNode-1<-omNode-3#675:OK,SUCCESS,nextIndex:545,term:1,followerCommit:544, request=AppendEntriesRequest:cid=675,entriesCount=0,lastEntry=null
2020-07-01 01:06:58,258 [grpc-default-executor-7] INFO  ratis.OzoneManagerStateMachine (OzoneManagerStateMachine.java:getLatestSnapshot(147)) - Latest Snapshot Info 1#470
2020-07-01 01:06:58,259 [grpc-default-executor-7] DEBUG server.GrpcLogAppender (GrpcLogAppender.java:onNext(257)) - omNode-1@group-523986131536->omNode-2-AppendLogResponseHandler: received a reply omNode-1<-omNode-2#1137:OK,SUCCESS,nextIndex:545,term:1,followerCommit:520, request=AppendEntriesRequest:cid=1137,entriesCount=0,lastEntry=null
2020-07-01 01:06:58,721 [grpc-default-executor-7] INFO  ratis.OzoneManagerStateMachine (OzoneManagerStateMachine.java:getLatestSnapshot(147)) - Latest Snapshot Info 1#499
2020-07-01 01:06:58,721 [grpc-default-executor-7] DEBUG server.GrpcLogAppender (GrpcLogAppender.java:onNext(257)) - omNode-1@group-523986131536->omNode-3-AppendLogResponseHandler: received a reply omNode-1<-omNode-3#676:OK,SUCCESS,nextIndex:545,term:1,followerCommit:544, request=AppendEntriesRequest:cid=676,entriesCount=0,lastEntry=null
2020-07-01 01:06:58,760 [grpc-default-executor-7] INFO  ratis.OzoneManagerStateMachine (OzoneManagerStateMachine.java:getLatestSnapshot(147)) - Latest Snapshot Info 1#470
2020-07-01 01:06:58,761 [grpc-default-executor-7] DEBUG server.GrpcLogAppender (GrpcLogAppender.java:onNext(257)) - omNode-1@group-523986131536->omNode-2-AppendLogResponseHandler: received a reply omNode-1<-omNode-2#1138:OK,SUCCESS,nextIndex:545,term:1,followerCommit:520, request=AppendEntriesRequest:cid=1138,entriesCount=0,lastEntry=null
2020-07-01 01:06:59,222 [grpc-default-executor-7] INFO  ratis.OzoneManagerStateMachine (OzoneManagerStateMachine.java:getLatestSnapshot(147)) - Latest Snapshot Info 1#499
2020-07-01 01:06:59,223 [grpc-default-executor-7] DEBUG server.GrpcLogAppender (GrpcLogAppender.java:onNext(257)) - omNode-1@group-523986131536->omNode-3-AppendLogResponseHandler: received a reply omNode-1<-omNode-3#677:OK,SUCCESS,nextIndex:545,term:1,followerCommit:544, request=AppendEntriesRequest:cid=677,entriesCount=0,lastEntry=null
2020-07-01 01:06:59,261 [grpc-default-executor-7] INFO  ratis.OzoneManagerStateMachine (OzoneManagerStateMachine.java:getLatestSnapshot(147)) - Latest Snapshot Info 1#470
2020-07-01 01:06:59,262 [grpc-default-executor-7] DEBUG server.GrpcLogAppender (GrpcLogAppender.java:onNext(257)) - omNode-1@group-523986131536->omNode-2-AppendLogResponseHandler: received a reply omNode-1<-omNode-2#1139:OK,SUCCESS,nextIndex:545,term:1,followerCommit:520, request=AppendEntriesRequest:cid=1139,entriesCount=0,lastEntry=null
2020-07-01 01:06:59,474 [grpc-default-executor-7] DEBUG server.GrpcLogAppender (GrpcLogAppender.java:onNext(257)) - 69db720a-335e-417f-9e4d-9b6daaea3d10@group-304D1CDEA4AC->5f570ae4-9456-445c-93e3-9355377d8e07-AppendLogResponseHandler: received a reply 69db720a-335e-417f-9e4d-9b6daaea3d10<-5f570ae4-9456-445c-93e3-9355377d8e07#25:OK,SUCCESS,nextIndex:1,term:1,followerCommit:0, request=AppendEntriesRequest:cid=25,entriesCount=0,lastEntry=null
2020-07-01 01:06:59,481 [grpc-default-executor-7] DEBUG server.GrpcLogAppender (GrpcLogAppender.java:onNext(257)) - 69db720a-335e-417f-9e4d-9b6daaea3d10@group-304D1CDEA4AC->40524df2-78a3-4e4e-9ceb-ad6c0599eecc-AppendLogResponseHandler: received a reply 69db720a-335e-417f-9e4d-9b6daaea3d10<-40524df2-78a3-4e4e-9ceb-ad6c0599eecc#25:OK,SUCCESS,nextIndex:1,term:1,followerCommit:0, request=AppendEntriesRequest:cid=25,entriesCount=0,lastEntry=null
2020-07-01 01:06:59,724 [grpc-default-executor-7] INFO  ratis.OzoneManagerStateMachine (OzoneManagerStateMachine.java:getLatestSnapshot(147)) - Latest Snapshot Info 1#499
2020-07-01 01:06:59,724 [grpc-default-executor-7] DEBUG server.GrpcLogAppender (GrpcLogAppender.java:onNext(257)) - omNode-1@group-523986131536->omNode-3-AppendLogResponseHandler: received a reply omNode-1<-omNode-3#678:OK,SUCCESS,nextIndex:545,term:1,followerCommit:544, request=AppendEntriesRequest:cid=678,entriesCount=0,lastEntry=null
2020-07-01 01:06:59,763 [grpc-default-executor-7] INFO  ratis.OzoneManagerStateMachine (OzoneManagerStateMachine.java:getLatestSnapshot(147)) - Latest Snapshot Info 1#470
2020-07-01 01:06:59,763 [grpc-default-executor-7] DEBUG server.GrpcLogAppender (GrpcLogAppender.java:onNext(257)) - omNode-1@group-523986131536->omNode-2-AppendLogResponseHandler: received a reply omNode-1<-omNode-2#1140:OK,SUCCESS,nextIndex:545,term:1,followerCommit:520, request=AppendEntriesRequest:cid=1140,entriesCount=0,lastEntry=null
2020-07-01 01:07:00,225 [grpc-default-executor-7] INFO  ratis.OzoneManagerStateMachine (OzoneManagerStateMachine.java:getLatestSnapshot(147)) - Latest Snapshot Info 1#499
2020-07-01 01:07:00,226 [grpc-default-executor-7] DEBUG server.GrpcLogAppender (GrpcLogAppender.java:onNext(257)) - omNode-1@group-523986131536->omNode-3-AppendLogResponseHandler: received a reply omNode-1<-omNode-3#679:OK,SUCCESS,nextIndex:545,term:1,followerCommit:544, request=AppendEntriesRequest:cid=679,entriesCount=0,lastEntry=null
2020-07-01 01:07:00,264 [grpc-default-executor-7] INFO  ratis.OzoneManagerStateMachine (OzoneManagerStateMachine.java:getLatestSnapshot(147)) - Latest Snapshot Info 1#470
2020-07-01 01:07:00,265 [grpc-default-executor-7] DEBUG server.GrpcLogAppender (GrpcLogAppender.java:onNext(257)) - omNode-1@group-523986131536->omNode-2-AppendLogResponseHandler: received a reply omNode-1<-omNode-2#1141:OK,SUCCESS,nextIndex:545,term:1,followerCommit:520, request=AppendEntriesRequest:cid=1141,entriesCount=0,lastEntry=null
2020-07-01 01:07:00,727 [grpc-default-executor-7] INFO  ratis.OzoneManagerStateMachine (OzoneManagerStateMachine.java:getLatestSnapshot(147)) - Latest Snapshot Info 1#499
2020-07-01 01:07:00,728 [grpc-default-executor-7] DEBUG server.GrpcLogAppender (GrpcLogAppender.java:onNext(257)) - omNode-1@group-523986131536->omNode-3-AppendLogResponseHandler: received a reply omNode-1<-omNode-3#680:OK,SUCCESS,nextIndex:545,term:1,followerCommit:544, request=AppendEntriesRequest:cid=680,entriesCount=0,lastEntry=null
2020-07-01 01:07:00,766 [grpc-default-executor-7] INFO  ratis.OzoneManagerStateMachine (OzoneManagerStateMachine.java:getLatestSnapshot(147)) - Latest Snapshot Info 1#470
2020-07-01 01:07:00,766 [grpc-default-executor-7] DEBUG server.GrpcLogAppender (GrpcLogAppender.java:onNext(257)) - omNode-1@group-523986131536->omNode-2-AppendLogResponseHandler: received a reply omNode-1<-omNode-2#1142:OK,SUCCESS,nextIndex:545,term:1,followerCommit:520, request=AppendEntriesRequest:cid=1142,entriesCount=0,lastEntry=null
2020-07-01 01:07:01,228 [grpc-default-executor-7] INFO  ratis.OzoneManagerStateMachine (OzoneManagerStateMachine.java:getLatestSnapshot(147)) - Latest Snapshot Info 1#499
2020-07-01 01:07:01,229 [grpc-default-executor-7] DEBUG server.GrpcLogAppender (GrpcLogAppender.java:onNext(257)) - omNode-1@group-523986131536->omNode-3-AppendLogResponseHandler: received a reply omNode-1<-omNode-3#681:OK,SUCCESS,nextIndex:545,term:1,followerCommit:544, request=AppendEntriesRequest:cid=681,entriesCount=0,lastEntry=null
2020-07-01 01:07:01,267 [grpc-default-executor-7] INFO  ratis.OzoneManagerStateMachine (OzoneManagerStateMachine.java:getLatestSnapshot(147)) - Latest Snapshot Info 1#470
2020-07-01 01:07:01,268 [grpc-default-executor-7] DEBUG server.GrpcLogAppender (GrpcLogAppender.java:onNext(257)) - omNode-1@group-523986131536->omNode-2-AppendLogResponseHandler: received a reply omNode-1<-omNode-2#1143:OK,SUCCESS,nextIndex:545,term:1,followerCommit:520, request=AppendEntriesRequest:cid=1143,entriesCount=0,lastEntry=null
2020-07-01 01:07:01,730 [grpc-default-executor-7] INFO  ratis.OzoneManagerStateMachine (OzoneManagerStateMachine.java:getLatestSnapshot(147)) - Latest Snapshot Info 1#499
2020-07-01 01:07:01,731 [grpc-default-executor-7] DEBUG server.GrpcLogAppender (GrpcLogAppender.java:onNext(257)) - omNode-1@group-523986131536->omNode-3-AppendLogResponseHandler: received a reply omNode-1<-omNode-3#682:OK,SUCCESS,nextIndex:545,term:1,followerCommit:544, request=AppendEntriesRequest:cid=682,entriesCount=0,lastEntry=null
2020-07-01 01:07:01,769 [grpc-default-executor-7] INFO  ratis.OzoneManagerStateMachine (OzoneManagerStateMachine.java:getLatestSnapshot(147)) - Latest Snapshot Info 1#470
2020-07-01 01:07:01,773 [grpc-default-executor-7] DEBUG server.GrpcLogAppender (GrpcLogAppender.java:onNext(257)) - omNode-1@group-523986131536->omNode-2-AppendLogResponseHandler: received a reply omNode-1<-omNode-2#1144:OK,SUCCESS,nextIndex:545,term:1,followerCommit:520, request=AppendEntriesRequest:cid=1144,entriesCount=0,lastEntry=null
2020-07-01 01:07:01,976 [grpc-default-executor-7] DEBUG server.GrpcLogAppender (GrpcLogAppender.java:onNext(257)) - 69db720a-335e-417f-9e4d-9b6daaea3d10@group-304D1CDEA4AC->5f570ae4-9456-445c-93e3-9355377d8e07-AppendLogResponseHandler: received a reply 69db720a-335e-417f-9e4d-9b6daaea3d10<-5f570ae4-9456-445c-93e3-9355377d8e07#26:OK,SUCCESS,nextIndex:1,term:1,followerCommit:0, request=AppendEntriesRequest:cid=26,entriesCount=0,lastEntry=null
2020-07-01 01:07:01,982 [grpc-default-executor-7] DEBUG server.GrpcLogAppender (GrpcLogAppender.java:onNext(257)) - 69db720a-335e-417f-9e4d-9b6daaea3d10@group-304D1CDEA4AC->40524df2-78a3-4e4e-9ceb-ad6c0599eecc-AppendLogResponseHandler: received a reply 69db720a-335e-417f-9e4d-9b6daaea3d10<-40524df2-78a3-4e4e-9ceb-ad6c0599eecc#26:OK,SUCCESS,nextIndex:1,term:1,followerCommit:0, request=AppendEntriesRequest:cid=26,entriesCount=0,lastEntry=null
2020-07-01 01:07:02,232 [grpc-default-executor-7] INFO  ratis.OzoneManagerStateMachine (OzoneManagerStateMachine.java:getLatestSnapshot(147)) - Latest Snapshot Info 1#499
2020-07-01 01:07:02,233 [grpc-default-executor-7] DEBUG server.GrpcLogAppender (GrpcLogAppender.java:onNext(257)) - omNode-1@group-523986131536->omNode-3-AppendLogResponseHandler: received a reply omNode-1<-omNode-3#683:OK,SUCCESS,nextIndex:545,term:1,followerCommit:544, request=AppendEntriesRequest:cid=683,entriesCount=0,lastEntry=null
2020-07-01 01:07:02,273 [grpc-default-executor-7] INFO  ratis.OzoneManagerStateMachine (OzoneManagerStateMachine.java:getLatestSnapshot(147)) - Latest Snapshot Info 1#470
2020-07-01 01:07:02,274 [grpc-default-executor-7] DEBUG server.GrpcLogAppender (GrpcLogAppender.java:onNext(257)) - omNode-1@group-523986131536->omNode-2-AppendLogResponseHandler: received a reply omNode-1<-omNode-2#1145:OK,SUCCESS,nextIndex:545,term:1,followerCommit:520, request=AppendEntriesRequest:cid=1145,entriesCount=0,lastEntry=null
2020-07-01 01:07:02,734 [grpc-default-executor-7] INFO  ratis.OzoneManagerStateMachine (OzoneManagerStateMachine.java:getLatestSnapshot(147)) - Latest Snapshot Info 1#499
2020-07-01 01:07:02,737 [grpc-default-executor-7] DEBUG server.GrpcLogAppender (GrpcLogAppender.java:onNext(257)) - omNode-1@group-523986131536->omNode-3-AppendLogResponseHandler: received a reply omNode-1<-omNode-3#684:OK,SUCCESS,nextIndex:545,term:1,followerCommit:544, request=AppendEntriesRequest:cid=684,entriesCount=0,lastEntry=null
2020-07-01 01:07:02,775 [grpc-default-executor-7] INFO  ratis.OzoneManagerStateMachine (OzoneManagerStateMachine.java:getLatestSnapshot(147)) - Latest Snapshot Info 1#470
2020-07-01 01:07:02,775 [grpc-default-executor-7] DEBUG server.GrpcLogAppender (GrpcLogAppender.java:onNext(257)) - omNode-1@group-523986131536->omNode-2-AppendLogResponseHandler: received a reply omNode-1<-omNode-2#1146:OK,SUCCESS,nextIndex:545,term:1,followerCommit:520, request=AppendEntriesRequest:cid=1146,entriesCount=0,lastEntry=null
2020-07-01 01:07:03,238 [grpc-default-executor-7] INFO  ratis.OzoneManagerStateMachine (OzoneManagerStateMachine.java:getLatestSnapshot(147)) - Latest Snapshot Info 1#499
2020-07-01 01:07:03,239 [grpc-default-executor-7] DEBUG server.GrpcLogAppender (GrpcLogAppender.java:onNext(257)) - omNode-1@group-523986131536->omNode-3-AppendLogResponseHandler: received a reply omNode-1<-omNode-3#685:OK,SUCCESS,nextIndex:545,term:1,followerCommit:544, request=AppendEntriesRequest:cid=685,entriesCount=0,lastEntry=null
2020-07-01 01:07:03,276 [grpc-default-executor-7] INFO  ratis.OzoneManagerStateMachine (OzoneManagerStateMachine.java:getLatestSnapshot(147)) - Latest Snapshot Info 1#470
2020-07-01 01:07:03,277 [grpc-default-executor-7] DEBUG server.GrpcLogAppender (GrpcLogAppender.java:onNext(257)) - omNode-1@group-523986131536->omNode-2-AppendLogResponseHandler: received a reply omNode-1<-omNode-2#1147:OK,SUCCESS,nextIndex:545,term:1,followerCommit:520, request=AppendEntriesRequest:cid=1147,entriesCount=0,lastEntry=null
2020-07-01 01:07:03,740 [grpc-default-executor-7] INFO  ratis.OzoneManagerStateMachine (OzoneManagerStateMachine.java:getLatestSnapshot(147)) - Latest Snapshot Info 1#499
2020-07-01 01:07:03,741 [grpc-default-executor-7] DEBUG server.GrpcLogAppender (GrpcLogAppender.java:onNext(257)) - omNode-1@group-523986131536->omNode-3-AppendLogResponseHandler: received a reply omNode-1<-omNode-3#686:OK,SUCCESS,nextIndex:545,term:1,followerCommit:544, request=AppendEntriesRequest:cid=686,entriesCount=0,lastEntry=null
2020-07-01 01:07:03,777 [grpc-default-executor-7] INFO  ratis.OzoneManagerStateMachine (OzoneManagerStateMachine.java:getLatestSnapshot(147)) - Latest Snapshot Info 1#470
2020-07-01 01:07:03,778 [grpc-default-executor-7] DEBUG server.GrpcLogAppender (GrpcLogAppender.java:onNext(257)) - omNode-1@group-523986131536->omNode-2-AppendLogResponseHandler: received a reply omNode-1<-omNode-2#1148:OK,SUCCESS,nextIndex:545,term:1,followerCommit:520, request=AppendEntriesRequest:cid=1148,entriesCount=0,lastEntry=null
2020-07-01 01:07:04,241 [grpc-default-executor-7] INFO  ratis.OzoneManagerStateMachine (OzoneManagerStateMachine.java:getLatestSnapshot(147)) - Latest Snapshot Info 1#499
2020-07-01 01:07:04,242 [grpc-default-executor-7] DEBUG server.GrpcLogAppender (GrpcLogAppender.java:onNext(257)) - omNode-1@group-523986131536->omNode-3-AppendLogResponseHandler: received a reply omNode-1<-omNode-3#687:OK,SUCCESS,nextIndex:545,term:1,followerCommit:544, request=AppendEntriesRequest:cid=687,entriesCount=0,lastEntry=null
2020-07-01 01:07:04,279 [grpc-default-executor-7] INFO  ratis.OzoneManagerStateMachine (OzoneManagerStateMachine.java:getLatestSnapshot(147)) - Latest Snapshot Info 1#470
2020-07-01 01:07:04,280 [grpc-default-executor-7] DEBUG server.GrpcLogAppender (GrpcLogAppender.java:onNext(257)) - omNode-1@group-523986131536->omNode-2-AppendLogResponseHandler: received a reply omNode-1<-omNode-2#1149:OK,SUCCESS,nextIndex:545,term:1,followerCommit:520, request=AppendEntriesRequest:cid=1149,entriesCount=0,lastEntry=null
2020-07-01 01:07:04,477 [grpc-default-executor-7] DEBUG server.GrpcLogAppender (GrpcLogAppender.java:onNext(257)) - 69db720a-335e-417f-9e4d-9b6daaea3d10@group-304D1CDEA4AC->5f570ae4-9456-445c-93e3-9355377d8e07-AppendLogResponseHandler: received a reply 69db720a-335e-417f-9e4d-9b6daaea3d10<-5f570ae4-9456-445c-93e3-9355377d8e07#27:OK,SUCCESS,nextIndex:1,term:1,followerCommit:0, request=AppendEntriesRequest:cid=27,entriesCount=0,lastEntry=null
2020-07-01 01:07:04,483 [grpc-default-executor-7] DEBUG server.GrpcLogAppender (GrpcLogAppender.java:onNext(257)) - 69db720a-335e-417f-9e4d-9b6daaea3d10@group-304D1CDEA4AC->40524df2-78a3-4e4e-9ceb-ad6c0599eecc-AppendLogResponseHandler: received a reply 69db720a-335e-417f-9e4d-9b6daaea3d10<-40524df2-78a3-4e4e-9ceb-ad6c0599eecc#27:OK,SUCCESS,nextIndex:1,term:1,followerCommit:0, request=AppendEntriesRequest:cid=27,entriesCount=0,lastEntry=null
2020-07-01 01:07:04,743 [grpc-default-executor-7] INFO  ratis.OzoneManagerStateMachine (OzoneManagerStateMachine.java:getLatestSnapshot(147)) - Latest Snapshot Info 1#499
2020-07-01 01:07:04,744 [grpc-default-executor-7] DEBUG server.GrpcLogAppender (GrpcLogAppender.java:onNext(257)) - omNode-1@group-523986131536->omNode-3-AppendLogResponseHandler: received a reply omNode-1<-omNode-3#688:OK,SUCCESS,nextIndex:545,term:1,followerCommit:544, request=AppendEntriesRequest:cid=688,entriesCount=0,lastEntry=null
2020-07-01 01:07:04,780 [grpc-default-executor-7] INFO  ratis.OzoneManagerStateMachine (OzoneManagerStateMachine.java:getLatestSnapshot(147)) - Latest Snapshot Info 1#470
2020-07-01 01:07:04,781 [grpc-default-executor-7] DEBUG server.GrpcLogAppender (GrpcLogAppender.java:onNext(257)) - omNode-1@group-523986131536->omNode-2-AppendLogResponseHandler: received a reply omNode-1<-omNode-2#1150:OK,SUCCESS,nextIndex:545,term:1,followerCommit:520, request=AppendEntriesRequest:cid=1150,entriesCount=0,lastEntry=null
2020-07-01 01:07:05,245 [grpc-default-executor-7] INFO  ratis.OzoneManagerStateMachine (OzoneManagerStateMachine.java:getLatestSnapshot(147)) - Latest Snapshot Info 1#499
2020-07-01 01:07:05,245 [grpc-default-executor-7] DEBUG server.GrpcLogAppender (GrpcLogAppender.java:onNext(257)) - omNode-1@group-523986131536->omNode-3-AppendLogResponseHandler: received a reply omNode-1<-omNode-3#689:OK,SUCCESS,nextIndex:545,term:1,followerCommit:544, request=AppendEntriesRequest:cid=689,entriesCount=0,lastEntry=null
2020-07-01 01:07:05,282 [grpc-default-executor-7] INFO  ratis.OzoneManagerStateMachine (OzoneManagerStateMachine.java:getLatestSnapshot(147)) - Latest Snapshot Info 1#470
2020-07-01 01:07:05,282 [grpc-default-executor-7] DEBUG server.GrpcLogAppender (GrpcLogAppender.java:onNext(257)) - omNode-1@group-523986131536->omNode-2-AppendLogResponseHandler: received a reply omNode-1<-omNode-2#1151:OK,SUCCESS,nextIndex:545,term:1,followerCommit:520, request=AppendEntriesRequest:cid=1151,entriesCount=0,lastEntry=null
2020-07-01 01:07:05,746 [grpc-default-executor-7] INFO  ratis.OzoneManagerStateMachine (OzoneManagerStateMachine.java:getLatestSnapshot(147)) - Latest Snapshot Info 1#499
2020-07-01 01:07:05,747 [grpc-default-executor-7] DEBUG server.GrpcLogAppender (GrpcLogAppender.java:onNext(257)) - omNode-1@group-523986131536->omNode-3-AppendLogResponseHandler: received a reply omNode-1<-omNode-3#690:OK,SUCCESS,nextIndex:545,term:1,followerCommit:544, request=AppendEntriesRequest:cid=690,entriesCount=0,lastEntry=null
2020-07-01 01:07:05,783 [grpc-default-executor-7] INFO  ratis.OzoneManagerStateMachine (OzoneManagerStateMachine.java:getLatestSnapshot(147)) - Latest Snapshot Info 1#470
2020-07-01 01:07:05,784 [grpc-default-executor-7] DEBUG server.GrpcLogAppender (GrpcLogAppender.java:onNext(257)) - omNode-1@group-523986131536->omNode-2-AppendLogResponseHandler: received a reply omNode-1<-omNode-2#1152:OK,SUCCESS,nextIndex:545,term:1,followerCommit:520, request=AppendEntriesRequest:cid=1152,entriesCount=0,lastEntry=null
2020-07-01 01:07:06,248 [grpc-default-executor-7] INFO  ratis.OzoneManagerStateMachine (OzoneManagerStateMachine.java:getLatestSnapshot(147)) - Latest Snapshot Info 1#499
2020-07-01 01:07:06,249 [grpc-default-executor-7] DEBUG server.GrpcLogAppender (GrpcLogAppender.java:onNext(257)) - omNode-1@group-523986131536->omNode-3-AppendLogResponseHandler: received a reply omNode-1<-omNode-3#691:OK,SUCCESS,nextIndex:545,term:1,followerCommit:544, request=AppendEntriesRequest:cid=691,entriesCount=0,lastEntry=null
2020-07-01 01:07:06,284 [grpc-default-executor-7] INFO  ratis.OzoneManagerStateMachine (OzoneManagerStateMachine.java:getLatestSnapshot(147)) - Latest Snapshot Info 1#470
2020-07-01 01:07:06,285 [grpc-default-executor-7] DEBUG server.GrpcLogAppender (GrpcLogAppender.java:onNext(257)) - omNode-1@group-523986131536->omNode-2-AppendLogResponseHandler: received a reply omNode-1<-omNode-2#1153:OK,SUCCESS,nextIndex:545,term:1,followerCommit:520, request=AppendEntriesRequest:cid=1153,entriesCount=0,lastEntry=null
2020-07-01 01:07:06,750 [grpc-default-executor-7] INFO  ratis.OzoneManagerStateMachine (OzoneManagerStateMachine.java:getLatestSnapshot(147)) - Latest Snapshot Info 1#499
2020-07-01 01:07:06,751 [grpc-default-executor-7] DEBUG server.GrpcLogAppender (GrpcLogAppender.java:onNext(257)) - omNode-1@group-523986131536->omNode-3-AppendLogResponseHandler: received a reply omNode-1<-omNode-3#692:OK,SUCCESS,nextIndex:545,term:1,followerCommit:544, request=AppendEntriesRequest:cid=692,entriesCount=0,lastEntry=null
2020-07-01 01:07:06,785 [grpc-default-executor-7] INFO  ratis.OzoneManagerStateMachine (OzoneManagerStateMachine.java:getLatestSnapshot(147)) - Latest Snapshot Info 1#470
2020-07-01 01:07:06,786 [grpc-default-executor-7] DEBUG server.GrpcLogAppender (GrpcLogAppender.java:onNext(257)) - omNode-1@group-523986131536->omNode-2-AppendLogResponseHandler: received a reply omNode-1<-omNode-2#1154:OK,SUCCESS,nextIndex:545,term:1,followerCommit:520, request=AppendEntriesRequest:cid=1154,entriesCount=0,lastEntry=null
2020-07-01 01:07:06,979 [grpc-default-executor-7] DEBUG server.GrpcLogAppender (GrpcLogAppender.java:onNext(257)) - 69db720a-335e-417f-9e4d-9b6daaea3d10@group-304D1CDEA4AC->5f570ae4-9456-445c-93e3-9355377d8e07-AppendLogResponseHandler: received a reply 69db720a-335e-417f-9e4d-9b6daaea3d10<-5f570ae4-9456-445c-93e3-9355377d8e07#28:OK,SUCCESS,nextIndex:1,term:1,followerCommit:0, request=AppendEntriesRequest:cid=28,entriesCount=0,lastEntry=null
2020-07-01 01:07:06,984 [grpc-default-executor-7] DEBUG server.GrpcLogAppender (GrpcLogAppender.java:onNext(257)) - 69db720a-335e-417f-9e4d-9b6daaea3d10@group-304D1CDEA4AC->40524df2-78a3-4e4e-9ceb-ad6c0599eecc-AppendLogResponseHandler: received a reply 69db720a-335e-417f-9e4d-9b6daaea3d10<-40524df2-78a3-4e4e-9ceb-ad6c0599eecc#28:OK,SUCCESS,nextIndex:1,term:1,followerCommit:0, request=AppendEntriesRequest:cid=28,entriesCount=0,lastEntry=null
2020-07-01 01:07:07,251 [grpc-default-executor-7] INFO  ratis.OzoneManagerStateMachine (OzoneManagerStateMachine.java:getLatestSnapshot(147)) - Latest Snapshot Info 1#499
2020-07-01 01:07:07,252 [grpc-default-executor-7] DEBUG server.GrpcLogAppender (GrpcLogAppender.java:onNext(257)) - omNode-1@group-523986131536->omNode-3-AppendLogResponseHandler: received a reply omNode-1<-omNode-3#693:OK,SUCCESS,nextIndex:545,term:1,followerCommit:544, request=AppendEntriesRequest:cid=693,entriesCount=0,lastEntry=null
2020-07-01 01:07:07,287 [grpc-default-executor-7] INFO  ratis.OzoneManagerStateMachine (OzoneManagerStateMachine.java:getLatestSnapshot(147)) - Latest Snapshot Info 1#470
2020-07-01 01:07:07,288 [grpc-default-executor-7] DEBUG server.GrpcLogAppender (GrpcLogAppender.java:onNext(257)) - omNode-1@group-523986131536->omNode-2-AppendLogResponseHandler: received a reply omNode-1<-omNode-2#1155:OK,SUCCESS,nextIndex:545,term:1,followerCommit:520, request=AppendEntriesRequest:cid=1155,entriesCount=0,lastEntry=null
2020-07-01 01:07:07,753 [grpc-default-executor-7] INFO  ratis.OzoneManagerStateMachine (OzoneManagerStateMachine.java:getLatestSnapshot(147)) - Latest Snapshot Info 1#499
2020-07-01 01:07:07,754 [grpc-default-executor-7] DEBUG server.GrpcLogAppender (GrpcLogAppender.java:onNext(257)) - omNode-1@group-523986131536->omNode-3-AppendLogResponseHandler: received a reply omNode-1<-omNode-3#694:OK,SUCCESS,nextIndex:545,term:1,followerCommit:544, request=AppendEntriesRequest:cid=694,entriesCount=0,lastEntry=null
2020-07-01 01:07:07,789 [grpc-default-executor-7] INFO  ratis.OzoneManagerStateMachine (OzoneManagerStateMachine.java:getLatestSnapshot(147)) - Latest Snapshot Info 1#470
2020-07-01 01:07:07,790 [grpc-default-executor-7] DEBUG server.GrpcLogAppender (GrpcLogAppender.java:onNext(257)) - omNode-1@group-523986131536->omNode-2-AppendLogResponseHandler: received a reply omNode-1<-omNode-2#1156:OK,SUCCESS,nextIndex:545,term:1,followerCommit:520, request=AppendEntriesRequest:cid=1156,entriesCount=0,lastEntry=null
2020-07-01 01:07:08,255 [grpc-default-executor-7] INFO  ratis.OzoneManagerStateMachine (OzoneManagerStateMachine.java:getLatestSnapshot(147)) - Latest Snapshot Info 1#499
2020-07-01 01:07:08,256 [grpc-default-executor-7] DEBUG server.GrpcLogAppender (GrpcLogAppender.java:onNext(257)) - omNode-1@group-523986131536->omNode-3-AppendLogResponseHandler: received a reply omNode-1<-omNode-3#695:OK,SUCCESS,nextIndex:545,term:1,followerCommit:544, request=AppendEntriesRequest:cid=695,entriesCount=0,lastEntry=null
2020-07-01 01:07:08,290 [grpc-default-executor-7] INFO  ratis.OzoneManagerStateMachine (OzoneManagerStateMachine.java:getLatestSnapshot(147)) - Latest Snapshot Info 1#470
2020-07-01 01:07:08,291 [grpc-default-executor-7] DEBUG server.GrpcLogAppender (GrpcLogAppender.java:onNext(257)) - omNode-1@group-523986131536->omNode-2-AppendLogResponseHandler: received a reply omNode-1<-omNode-2#1157:OK,SUCCESS,nextIndex:545,term:1,followerCommit:520, request=AppendEntriesRequest:cid=1157,entriesCount=0,lastEntry=null
2020-07-01 01:07:08,756 [grpc-default-executor-7] INFO  ratis.OzoneManagerStateMachine (OzoneManagerStateMachine.java:getLatestSnapshot(147)) - Latest Snapshot Info 1#499
2020-07-01 01:07:08,757 [grpc-default-executor-7] DEBUG server.GrpcLogAppender (GrpcLogAppender.java:onNext(257)) - omNode-1@group-523986131536->omNode-3-AppendLogResponseHandler: received a reply omNode-1<-omNode-3#696:OK,SUCCESS,nextIndex:545,term:1,followerCommit:544, request=AppendEntriesRequest:cid=696,entriesCount=0,lastEntry=null
2020-07-01 01:07:08,792 [grpc-default-executor-7] INFO  ratis.OzoneManagerStateMachine (OzoneManagerStateMachine.java:getLatestSnapshot(147)) - Latest Snapshot Info 1#470
2020-07-01 01:07:08,792 [grpc-default-executor-7] DEBUG server.GrpcLogAppender (GrpcLogAppender.java:onNext(257)) - omNode-1@group-523986131536->omNode-2-AppendLogResponseHandler: received a reply omNode-1<-omNode-2#1158:OK,SUCCESS,nextIndex:545,term:1,followerCommit:520, request=AppendEntriesRequest:cid=1158,entriesCount=0,lastEntry=null
2020-07-01 01:07:09,258 [grpc-default-executor-7] INFO  ratis.OzoneManagerStateMachine (OzoneManagerStateMachine.java:getLatestSnapshot(147)) - Latest Snapshot Info 1#499
2020-07-01 01:07:09,259 [grpc-default-executor-7] DEBUG server.GrpcLogAppender (GrpcLogAppender.java:onNext(257)) - omNode-1@group-523986131536->omNode-3-AppendLogResponseHandler: received a reply omNode-1<-omNode-3#697:OK,SUCCESS,nextIndex:545,term:1,followerCommit:544, request=AppendEntriesRequest:cid=697,entriesCount=0,lastEntry=null
2020-07-01 01:07:09,293 [grpc-default-executor-7] INFO  ratis.OzoneManagerStateMachine (OzoneManagerStateMachine.java:getLatestSnapshot(147)) - Latest Snapshot Info 1#470
2020-07-01 01:07:09,294 [grpc-default-executor-7] DEBUG server.GrpcLogAppender (GrpcLogAppender.java:onNext(257)) - omNode-1@group-523986131536->omNode-2-AppendLogResponseHandler: received a reply omNode-1<-omNode-2#1159:OK,SUCCESS,nextIndex:545,term:1,followerCommit:520, request=AppendEntriesRequest:cid=1159,entriesCount=0,lastEntry=null
2020-07-01 01:07:09,480 [grpc-default-executor-7] DEBUG server.GrpcLogAppender (GrpcLogAppender.java:onNext(257)) - 69db720a-335e-417f-9e4d-9b6daaea3d10@group-304D1CDEA4AC->5f570ae4-9456-445c-93e3-9355377d8e07-AppendLogResponseHandler: received a reply 69db720a-335e-417f-9e4d-9b6daaea3d10<-5f570ae4-9456-445c-93e3-9355377d8e07#29:OK,SUCCESS,nextIndex:1,term:1,followerCommit:0, request=AppendEntriesRequest:cid=29,entriesCount=0,lastEntry=null
2020-07-01 01:07:09,485 [grpc-default-executor-7] DEBUG server.GrpcLogAppender (GrpcLogAppender.java:onNext(257)) - 69db720a-335e-417f-9e4d-9b6daaea3d10@group-304D1CDEA4AC->40524df2-78a3-4e4e-9ceb-ad6c0599eecc-AppendLogResponseHandler: received a reply 69db720a-335e-417f-9e4d-9b6daaea3d10<-40524df2-78a3-4e4e-9ceb-ad6c0599eecc#29:OK,SUCCESS,nextIndex:1,term:1,followerCommit:0, request=AppendEntriesRequest:cid=29,entriesCount=0,lastEntry=null
2020-07-01 01:07:09,760 [grpc-default-executor-7] INFO  ratis.OzoneManagerStateMachine (OzoneManagerStateMachine.java:getLatestSnapshot(147)) - Latest Snapshot Info 1#499
2020-07-01 01:07:09,761 [grpc-default-executor-7] DEBUG server.GrpcLogAppender (GrpcLogAppender.java:onNext(257)) - omNode-1@group-523986131536->omNode-3-AppendLogResponseHandler: received a reply omNode-1<-omNode-3#698:OK,SUCCESS,nextIndex:545,term:1,followerCommit:544, request=AppendEntriesRequest:cid=698,entriesCount=0,lastEntry=null
2020-07-01 01:07:09,795 [grpc-default-executor-7] INFO  ratis.OzoneManagerStateMachine (OzoneManagerStateMachine.java:getLatestSnapshot(147)) - Latest Snapshot Info 1#470
2020-07-01 01:07:09,796 [grpc-default-executor-7] DEBUG server.GrpcLogAppender (GrpcLogAppender.java:onNext(257)) - omNode-1@group-523986131536->omNode-2-AppendLogResponseHandler: received a reply omNode-1<-omNode-2#1160:OK,SUCCESS,nextIndex:545,term:1,followerCommit:520, request=AppendEntriesRequest:cid=1160,entriesCount=0,lastEntry=null
2020-07-01 01:07:10,262 [grpc-default-executor-7] INFO  ratis.OzoneManagerStateMachine (OzoneManagerStateMachine.java:getLatestSnapshot(147)) - Latest Snapshot Info 1#499
2020-07-01 01:07:10,262 [grpc-default-executor-7] DEBUG server.GrpcLogAppender (GrpcLogAppender.java:onNext(257)) - omNode-1@group-523986131536->omNode-3-AppendLogResponseHandler: received a reply omNode-1<-omNode-3#699:OK,SUCCESS,nextIndex:545,term:1,followerCommit:544, request=AppendEntriesRequest:cid=699,entriesCount=0,lastEntry=null
2020-07-01 01:07:10,296 [grpc-default-executor-7] INFO  ratis.OzoneManagerStateMachine (OzoneManagerStateMachine.java:getLatestSnapshot(147)) - Latest Snapshot Info 1#470
2020-07-01 01:07:10,297 [grpc-default-executor-7] DEBUG server.GrpcLogAppender (GrpcLogAppender.java:onNext(257)) - omNode-1@group-523986131536->omNode-2-AppendLogResponseHandler: received a reply omNode-1<-omNode-2#1161:OK,SUCCESS,nextIndex:545,term:1,followerCommit:520, request=AppendEntriesRequest:cid=1161,entriesCount=0,lastEntry=null
2020-07-01 01:07:10,763 [grpc-default-executor-7] INFO  ratis.OzoneManagerStateMachine (OzoneManagerStateMachine.java:getLatestSnapshot(147)) - Latest Snapshot Info 1#499
2020-07-01 01:07:10,764 [grpc-default-executor-7] DEBUG server.GrpcLogAppender (GrpcLogAppender.java:onNext(257)) - omNode-1@group-523986131536->omNode-3-AppendLogResponseHandler: received a reply omNode-1<-omNode-3#700:OK,SUCCESS,nextIndex:545,term:1,followerCommit:544, request=AppendEntriesRequest:cid=700,entriesCount=0,lastEntry=null
2020-07-01 01:07:10,797 [grpc-default-executor-7] INFO  ratis.OzoneManagerStateMachine (OzoneManagerStateMachine.java:getLatestSnapshot(147)) - Latest Snapshot Info 1#470
2020-07-01 01:07:10,798 [grpc-default-executor-7] DEBUG server.GrpcLogAppender (GrpcLogAppender.java:onNext(257)) - omNode-1@group-523986131536->omNode-2-AppendLogResponseHandler: received a reply omNode-1<-omNode-2#1162:OK,SUCCESS,nextIndex:545,term:1,followerCommit:520, request=AppendEntriesRequest:cid=1162,entriesCount=0,lastEntry=null
2020-07-01 01:07:11,265 [grpc-default-executor-7] INFO  ratis.OzoneManagerStateMachine (OzoneManagerStateMachine.java:getLatestSnapshot(147)) - Latest Snapshot Info 1#499
2020-07-01 01:07:11,266 [grpc-default-executor-7] DEBUG server.GrpcLogAppender (GrpcLogAppender.java:onNext(257)) - omNode-1@group-523986131536->omNode-3-AppendLogResponseHandler: received a reply omNode-1<-omNode-3#701:OK,SUCCESS,nextIndex:545,term:1,followerCommit:544, request=AppendEntriesRequest:cid=701,entriesCount=0,lastEntry=null
2020-07-01 01:07:11,299 [grpc-default-executor-7] INFO  ratis.OzoneManagerStateMachine (OzoneManagerStateMachine.java:getLatestSnapshot(147)) - Latest Snapshot Info 1#470
2020-07-01 01:07:11,300 [grpc-default-executor-7] DEBUG server.GrpcLogAppender (GrpcLogAppender.java:onNext(257)) - omNode-1@group-523986131536->omNode-2-AppendLogResponseHandler: received a reply omNode-1<-omNode-2#1163:OK,SUCCESS,nextIndex:545,term:1,followerCommit:520, request=AppendEntriesRequest:cid=1163,entriesCount=0,lastEntry=null
2020-07-01 01:07:11,767 [grpc-default-executor-7] INFO  ratis.OzoneManagerStateMachine (OzoneManagerStateMachine.java:getLatestSnapshot(147)) - Latest Snapshot Info 1#499
2020-07-01 01:07:11,767 [grpc-default-executor-7] DEBUG server.GrpcLogAppender (GrpcLogAppender.java:onNext(257)) - omNode-1@group-523986131536->omNode-3-AppendLogResponseHandler: received a reply omNode-1<-omNode-3#702:OK,SUCCESS,nextIndex:545,term:1,followerCommit:544, request=AppendEntriesRequest:cid=702,entriesCount=0,lastEntry=null
2020-07-01 01:07:11,800 [grpc-default-executor-7] INFO  ratis.OzoneManagerStateMachine (OzoneManagerStateMachine.java:getLatestSnapshot(147)) - Latest Snapshot Info 1#470
2020-07-01 01:07:11,801 [grpc-default-executor-7] DEBUG server.GrpcLogAppender (GrpcLogAppender.java:onNext(257)) - omNode-1@group-523986131536->omNode-2-AppendLogResponseHandler: received a reply omNode-1<-omNode-2#1164:OK,SUCCESS,nextIndex:545,term:1,followerCommit:520, request=AppendEntriesRequest:cid=1164,entriesCount=0,lastEntry=null
2020-07-01 01:07:11,981 [grpc-default-executor-7] DEBUG server.GrpcLogAppender (GrpcLogAppender.java:onNext(257)) - 69db720a-335e-417f-9e4d-9b6daaea3d10@group-304D1CDEA4AC->5f570ae4-9456-445c-93e3-9355377d8e07-AppendLogResponseHandler: received a reply 69db720a-335e-417f-9e4d-9b6daaea3d10<-5f570ae4-9456-445c-93e3-9355377d8e07#30:OK,SUCCESS,nextIndex:1,term:1,followerCommit:0, request=AppendEntriesRequest:cid=30,entriesCount=0,lastEntry=null
2020-07-01 01:07:11,989 [grpc-default-executor-7] DEBUG server.GrpcLogAppender (GrpcLogAppender.java:onNext(257)) - 69db720a-335e-417f-9e4d-9b6daaea3d10@group-304D1CDEA4AC->40524df2-78a3-4e4e-9ceb-ad6c0599eecc-AppendLogResponseHandler: received a reply 69db720a-335e-417f-9e4d-9b6daaea3d10<-40524df2-78a3-4e4e-9ceb-ad6c0599eecc#30:OK,SUCCESS,nextIndex:1,term:1,followerCommit:0, request=AppendEntriesRequest:cid=30,entriesCount=0,lastEntry=null
2020-07-01 01:07:12,268 [grpc-default-executor-7] INFO  ratis.OzoneManagerStateMachine (OzoneManagerStateMachine.java:getLatestSnapshot(147)) - Latest Snapshot Info 1#499
2020-07-01 01:07:12,269 [grpc-default-executor-7] DEBUG server.GrpcLogAppender (GrpcLogAppender.java:onNext(257)) - omNode-1@group-523986131536->omNode-3-AppendLogResponseHandler: received a reply omNode-1<-omNode-3#703:OK,SUCCESS,nextIndex:545,term:1,followerCommit:544, request=AppendEntriesRequest:cid=703,entriesCount=0,lastEntry=null
2020-07-01 01:07:12,302 [grpc-default-executor-7] INFO  ratis.OzoneManagerStateMachine (OzoneManagerStateMachine.java:getLatestSnapshot(147)) - Latest Snapshot Info 1#470
2020-07-01 01:07:12,302 [grpc-default-executor-7] DEBUG server.GrpcLogAppender (GrpcLogAppender.java:onNext(257)) - omNode-1@group-523986131536->omNode-2-AppendLogResponseHandler: received a reply omNode-1<-omNode-2#1165:OK,SUCCESS,nextIndex:545,term:1,followerCommit:520, request=AppendEntriesRequest:cid=1165,entriesCount=0,lastEntry=null
2020-07-01 01:07:12,770 [grpc-default-executor-7] INFO  ratis.OzoneManagerStateMachine (OzoneManagerStateMachine.java:getLatestSnapshot(147)) - Latest Snapshot Info 1#499
2020-07-01 01:07:12,771 [grpc-default-executor-7] DEBUG server.GrpcLogAppender (GrpcLogAppender.java:onNext(257)) - omNode-1@group-523986131536->omNode-3-AppendLogResponseHandler: received a reply omNode-1<-omNode-3#704:OK,SUCCESS,nextIndex:545,term:1,followerCommit:544, request=AppendEntriesRequest:cid=704,entriesCount=0,lastEntry=null
2020-07-01 01:07:12,806 [grpc-default-executor-7] INFO  ratis.OzoneManagerStateMachine (OzoneManagerStateMachine.java:getLatestSnapshot(147)) - Latest Snapshot Info 1#470
2020-07-01 01:07:12,808 [grpc-default-executor-7] DEBUG server.GrpcLogAppender (GrpcLogAppender.java:onNext(257)) - omNode-1@group-523986131536->omNode-2-AppendLogResponseHandler: received a reply omNode-1<-omNode-2#1166:OK,SUCCESS,nextIndex:545,term:1,followerCommit:520, request=AppendEntriesRequest:cid=1166,entriesCount=0,lastEntry=null
2020-07-01 01:07:13,272 [grpc-default-executor-7] INFO  ratis.OzoneManagerStateMachine (OzoneManagerStateMachine.java:getLatestSnapshot(147)) - Latest Snapshot Info 1#499
2020-07-01 01:07:13,273 [grpc-default-executor-7] DEBUG server.GrpcLogAppender (GrpcLogAppender.java:onNext(257)) - omNode-1@group-523986131536->omNode-3-AppendLogResponseHandler: received a reply omNode-1<-omNode-3#705:OK,SUCCESS,nextIndex:545,term:1,followerCommit:544, request=AppendEntriesRequest:cid=705,entriesCount=0,lastEntry=null
2020-07-01 01:07:13,308 [grpc-default-executor-7] INFO  ratis.OzoneManagerStateMachine (OzoneManagerStateMachine.java:getLatestSnapshot(147)) - Latest Snapshot Info 1#470
2020-07-01 01:07:13,309 [grpc-default-executor-7] DEBUG server.GrpcLogAppender (GrpcLogAppender.java:onNext(257)) - omNode-1@group-523986131536->omNode-2-AppendLogResponseHandler: received a reply omNode-1<-omNode-2#1167:OK,SUCCESS,nextIndex:545,term:1,followerCommit:520, request=AppendEntriesRequest:cid=1167,entriesCount=0,lastEntry=null
2020-07-01 01:07:13,773 [grpc-default-executor-7] INFO  ratis.OzoneManagerStateMachine (OzoneManagerStateMachine.java:getLatestSnapshot(147)) - Latest Snapshot Info 1#499
2020-07-01 01:07:13,774 [grpc-default-executor-7] DEBUG server.GrpcLogAppender (GrpcLogAppender.java:onNext(257)) - omNode-1@group-523986131536->omNode-3-AppendLogResponseHandler: received a reply omNode-1<-omNode-3#706:OK,SUCCESS,nextIndex:545,term:1,followerCommit:544, request=AppendEntriesRequest:cid=706,entriesCount=0,lastEntry=null
2020-07-01 01:07:13,809 [grpc-default-executor-7] INFO  ratis.OzoneManagerStateMachine (OzoneManagerStateMachine.java:getLatestSnapshot(147)) - Latest Snapshot Info 1#470
2020-07-01 01:07:13,810 [grpc-default-executor-7] DEBUG server.GrpcLogAppender (GrpcLogAppender.java:onNext(257)) - omNode-1@group-523986131536->omNode-2-AppendLogResponseHandler: received a reply omNode-1<-omNode-2#1168:OK,SUCCESS,nextIndex:545,term:1,followerCommit:520, request=AppendEntriesRequest:cid=1168,entriesCount=0,lastEntry=null
2020-07-01 01:07:14,275 [grpc-default-executor-7] INFO  ratis.OzoneManagerStateMachine (OzoneManagerStateMachine.java:getLatestSnapshot(147)) - Latest Snapshot Info 1#499
2020-07-01 01:07:14,276 [grpc-default-executor-7] DEBUG server.GrpcLogAppender (GrpcLogAppender.java:onNext(257)) - omNode-1@group-523986131536->omNode-3-AppendLogResponseHandler: received a reply omNode-1<-omNode-3#707:OK,SUCCESS,nextIndex:545,term:1,followerCommit:544, request=AppendEntriesRequest:cid=707,entriesCount=0,lastEntry=null
2020-07-01 01:07:14,311 [grpc-default-executor-7] INFO  ratis.OzoneManagerStateMachine (OzoneManagerStateMachine.java:getLatestSnapshot(147)) - Latest Snapshot Info 1#470
2020-07-01 01:07:14,311 [grpc-default-executor-7] DEBUG server.GrpcLogAppender (GrpcLogAppender.java:onNext(257)) - omNode-1@group-523986131536->omNode-2-AppendLogResponseHandler: received a reply omNode-1<-omNode-2#1169:OK,SUCCESS,nextIndex:545,term:1,followerCommit:520, request=AppendEntriesRequest:cid=1169,entriesCount=0,lastEntry=null
2020-07-01 01:07:14,482 [grpc-default-executor-7] DEBUG server.GrpcLogAppender (GrpcLogAppender.java:onNext(257)) - 69db720a-335e-417f-9e4d-9b6daaea3d10@group-304D1CDEA4AC->5f570ae4-9456-445c-93e3-9355377d8e07-AppendLogResponseHandler: received a reply 69db720a-335e-417f-9e4d-9b6daaea3d10<-5f570ae4-9456-445c-93e3-9355377d8e07#31:OK,SUCCESS,nextIndex:1,term:1,followerCommit:0, request=AppendEntriesRequest:cid=31,entriesCount=0,lastEntry=null
2020-07-01 01:07:14,490 [grpc-default-executor-7] DEBUG server.GrpcLogAppender (GrpcLogAppender.java:onNext(257)) - 69db720a-335e-417f-9e4d-9b6daaea3d10@group-304D1CDEA4AC->40524df2-78a3-4e4e-9ceb-ad6c0599eecc-AppendLogResponseHandler: received a reply 69db720a-335e-417f-9e4d-9b6daaea3d10<-40524df2-78a3-4e4e-9ceb-ad6c0599eecc#31:OK,SUCCESS,nextIndex:1,term:1,followerCommit:0, request=AppendEntriesRequest:cid=31,entriesCount=0,lastEntry=null
2020-07-01 01:07:14,777 [grpc-default-executor-7] INFO  ratis.OzoneManagerStateMachine (OzoneManagerStateMachine.java:getLatestSnapshot(147)) - Latest Snapshot Info 1#499
2020-07-01 01:07:14,777 [grpc-default-executor-7] DEBUG server.GrpcLogAppender (GrpcLogAppender.java:onNext(257)) - omNode-1@group-523986131536->omNode-3-AppendLogResponseHandler: received a reply omNode-1<-omNode-3#708:OK,SUCCESS,nextIndex:545,term:1,followerCommit:544, request=AppendEntriesRequest:cid=708,entriesCount=0,lastEntry=null
2020-07-01 01:07:14,812 [grpc-default-executor-7] INFO  ratis.OzoneManagerStateMachine (OzoneManagerStateMachine.java:getLatestSnapshot(147)) - Latest Snapshot Info 1#470
2020-07-01 01:07:14,813 [grpc-default-executor-7] DEBUG server.GrpcLogAppender (GrpcLogAppender.java:onNext(257)) - omNode-1@group-523986131536->omNode-2-AppendLogResponseHandler: received a reply omNode-1<-omNode-2#1170:OK,SUCCESS,nextIndex:545,term:1,followerCommit:520, request=AppendEntriesRequest:cid=1170,entriesCount=0,lastEntry=null
2020-07-01 01:07:15,278 [grpc-default-executor-7] INFO  ratis.OzoneManagerStateMachine (OzoneManagerStateMachine.java:getLatestSnapshot(147)) - Latest Snapshot Info 1#499
2020-07-01 01:07:15,279 [grpc-default-executor-7] DEBUG server.GrpcLogAppender (GrpcLogAppender.java:onNext(257)) - omNode-1@group-523986131536->omNode-3-AppendLogResponseHandler: received a reply omNode-1<-omNode-3#709:OK,SUCCESS,nextIndex:545,term:1,followerCommit:544, request=AppendEntriesRequest:cid=709,entriesCount=0,lastEntry=null
2020-07-01 01:07:15,313 [grpc-default-executor-7] INFO  ratis.OzoneManagerStateMachine (OzoneManagerStateMachine.java:getLatestSnapshot(147)) - Latest Snapshot Info 1#470
2020-07-01 01:07:15,314 [grpc-default-executor-7] DEBUG server.GrpcLogAppender (GrpcLogAppender.java:onNext(257)) - omNode-1@group-523986131536->omNode-2-AppendLogResponseHandler: received a reply omNode-1<-omNode-2#1171:OK,SUCCESS,nextIndex:545,term:1,followerCommit:520, request=AppendEntriesRequest:cid=1171,entriesCount=0,lastEntry=null
2020-07-01 01:07:15,780 [grpc-default-executor-7] INFO  ratis.OzoneManagerStateMachine (OzoneManagerStateMachine.java:getLatestSnapshot(147)) - Latest Snapshot Info 1#499
2020-07-01 01:07:15,780 [grpc-default-executor-7] DEBUG server.GrpcLogAppender (GrpcLogAppender.java:onNext(257)) - omNode-1@group-523986131536->omNode-3-AppendLogResponseHandler: received a reply omNode-1<-omNode-3#710:OK,SUCCESS,nextIndex:545,term:1,followerCommit:544, request=AppendEntriesRequest:cid=710,entriesCount=0,lastEntry=null
2020-07-01 01:07:15,815 [grpc-default-executor-7] INFO  ratis.OzoneManagerStateMachine (OzoneManagerStateMachine.java:getLatestSnapshot(147)) - Latest Snapshot Info 1#470
2020-07-01 01:07:15,815 [grpc-default-executor-7] DEBUG server.GrpcLogAppender (GrpcLogAppender.java:onNext(257)) - omNode-1@group-523986131536->omNode-2-AppendLogResponseHandler: received a reply omNode-1<-omNode-2#1172:OK,SUCCESS,nextIndex:545,term:1,followerCommit:520, request=AppendEntriesRequest:cid=1172,entriesCount=0,lastEntry=null
2020-07-01 01:07:16,281 [grpc-default-executor-7] INFO  ratis.OzoneManagerStateMachine (OzoneManagerStateMachine.java:getLatestSnapshot(147)) - Latest Snapshot Info 1#499
2020-07-01 01:07:16,282 [grpc-default-executor-7] DEBUG server.GrpcLogAppender (GrpcLogAppender.java:onNext(257)) - omNode-1@group-523986131536->omNode-3-AppendLogResponseHandler: received a reply omNode-1<-omNode-3#711:OK,SUCCESS,nextIndex:545,term:1,followerCommit:544, request=AppendEntriesRequest:cid=711,entriesCount=0,lastEntry=null
2020-07-01 01:07:16,316 [grpc-default-executor-7] INFO  ratis.OzoneManagerStateMachine (OzoneManagerStateMachine.java:getLatestSnapshot(147)) - Latest Snapshot Info 1#470
2020-07-01 01:07:16,317 [grpc-default-executor-7] DEBUG server.GrpcLogAppender (GrpcLogAppender.java:onNext(257)) - omNode-1@group-523986131536->omNode-2-AppendLogResponseHandler: received a reply omNode-1<-omNode-2#1173:OK,SUCCESS,nextIndex:545,term:1,followerCommit:520, request=AppendEntriesRequest:cid=1173,entriesCount=0,lastEntry=null
2020-07-01 01:07:16,783 [grpc-default-executor-7] INFO  ratis.OzoneManagerStateMachine (OzoneManagerStateMachine.java:getLatestSnapshot(147)) - Latest Snapshot Info 1#499
2020-07-01 01:07:16,784 [grpc-default-executor-7] DEBUG server.GrpcLogAppender (GrpcLogAppender.java:onNext(257)) - omNode-1@group-523986131536->omNode-3-AppendLogResponseHandler: received a reply omNode-1<-omNode-3#712:OK,SUCCESS,nextIndex:545,term:1,followerCommit:544, request=AppendEntriesRequest:cid=712,entriesCount=0,lastEntry=null
2020-07-01 01:07:16,817 [grpc-default-executor-7] INFO  ratis.OzoneManagerStateMachine (OzoneManagerStateMachine.java:getLatestSnapshot(147)) - Latest Snapshot Info 1#470
2020-07-01 01:07:16,818 [grpc-default-executor-7] DEBUG server.GrpcLogAppender (GrpcLogAppender.java:onNext(257)) - omNode-1@group-523986131536->omNode-2-AppendLogResponseHandler: received a reply omNode-1<-omNode-2#1174:OK,SUCCESS,nextIndex:545,term:1,followerCommit:520, request=AppendEntriesRequest:cid=1174,entriesCount=0,lastEntry=null
2020-07-01 01:07:16,984 [grpc-default-executor-7] DEBUG server.GrpcLogAppender (GrpcLogAppender.java:onNext(257)) - 69db720a-335e-417f-9e4d-9b6daaea3d10@group-304D1CDEA4AC->5f570ae4-9456-445c-93e3-9355377d8e07-AppendLogResponseHandler: received a reply 69db720a-335e-417f-9e4d-9b6daaea3d10<-5f570ae4-9456-445c-93e3-9355377d8e07#32:OK,SUCCESS,nextIndex:1,term:1,followerCommit:0, request=AppendEntriesRequest:cid=32,entriesCount=0,lastEntry=null
2020-07-01 01:07:16,991 [grpc-default-executor-7] DEBUG server.GrpcLogAppender (GrpcLogAppender.java:onNext(257)) - 69db720a-335e-417f-9e4d-9b6daaea3d10@group-304D1CDEA4AC->40524df2-78a3-4e4e-9ceb-ad6c0599eecc-AppendLogResponseHandler: received a reply 69db720a-335e-417f-9e4d-9b6daaea3d10<-40524df2-78a3-4e4e-9ceb-ad6c0599eecc#32:OK,SUCCESS,nextIndex:1,term:1,followerCommit:0, request=AppendEntriesRequest:cid=32,entriesCount=0,lastEntry=null
2020-07-01 01:07:17,285 [grpc-default-executor-7] INFO  ratis.OzoneManagerStateMachine (OzoneManagerStateMachine.java:getLatestSnapshot(147)) - Latest Snapshot Info 1#499
2020-07-01 01:07:17,285 [grpc-default-executor-7] DEBUG server.GrpcLogAppender (GrpcLogAppender.java:onNext(257)) - omNode-1@group-523986131536->omNode-3-AppendLogResponseHandler: received a reply omNode-1<-omNode-3#713:OK,SUCCESS,nextIndex:545,term:1,followerCommit:544, request=AppendEntriesRequest:cid=713,entriesCount=0,lastEntry=null
2020-07-01 01:07:17,319 [grpc-default-executor-7] INFO  ratis.OzoneManagerStateMachine (OzoneManagerStateMachine.java:getLatestSnapshot(147)) - Latest Snapshot Info 1#470
2020-07-01 01:07:17,319 [grpc-default-executor-7] DEBUG server.GrpcLogAppender (GrpcLogAppender.java:onNext(257)) - omNode-1@group-523986131536->omNode-2-AppendLogResponseHandler: received a reply omNode-1<-omNode-2#1175:OK,SUCCESS,nextIndex:545,term:1,followerCommit:520, request=AppendEntriesRequest:cid=1175,entriesCount=0,lastEntry=null
2020-07-01 01:07:17,786 [grpc-default-executor-7] INFO  ratis.OzoneManagerStateMachine (OzoneManagerStateMachine.java:getLatestSnapshot(147)) - Latest Snapshot Info 1#499
2020-07-01 01:07:17,787 [grpc-default-executor-7] DEBUG server.GrpcLogAppender (GrpcLogAppender.java:onNext(257)) - omNode-1@group-523986131536->omNode-3-AppendLogResponseHandler: received a reply omNode-1<-omNode-3#714:OK,SUCCESS,nextIndex:545,term:1,followerCommit:544, request=AppendEntriesRequest:cid=714,entriesCount=0,lastEntry=null
2020-07-01 01:07:17,820 [grpc-default-executor-7] INFO  ratis.OzoneManagerStateMachine (OzoneManagerStateMachine.java:getLatestSnapshot(147)) - Latest Snapshot Info 1#470
2020-07-01 01:07:17,821 [grpc-default-executor-7] DEBUG server.GrpcLogAppender (GrpcLogAppender.java:onNext(257)) - omNode-1@group-523986131536->omNode-2-AppendLogResponseHandler: received a reply omNode-1<-omNode-2#1176:OK,SUCCESS,nextIndex:545,term:1,followerCommit:520, request=AppendEntriesRequest:cid=1176,entriesCount=0,lastEntry=null
2020-07-01 01:07:18,288 [grpc-default-executor-7] INFO  ratis.OzoneManagerStateMachine (OzoneManagerStateMachine.java:getLatestSnapshot(147)) - Latest Snapshot Info 1#499
2020-07-01 01:07:18,289 [grpc-default-executor-7] DEBUG server.GrpcLogAppender (GrpcLogAppender.java:onNext(257)) - omNode-1@group-523986131536->omNode-3-AppendLogResponseHandler: received a reply omNode-1<-omNode-3#715:OK,SUCCESS,nextIndex:545,term:1,followerCommit:544, request=AppendEntriesRequest:cid=715,entriesCount=0,lastEntry=null
2020-07-01 01:07:18,321 [grpc-default-executor-7] INFO  ratis.OzoneManagerStateMachine (OzoneManagerStateMachine.java:getLatestSnapshot(147)) - Latest Snapshot Info 1#470
2020-07-01 01:07:18,322 [grpc-default-executor-7] DEBUG server.GrpcLogAppender (GrpcLogAppender.java:onNext(257)) - omNode-1@group-523986131536->omNode-2-AppendLogResponseHandler: received a reply omNode-1<-omNode-2#1177:OK,SUCCESS,nextIndex:545,term:1,followerCommit:520, request=AppendEntriesRequest:cid=1177,entriesCount=0,lastEntry=null
2020-07-01 01:07:18,790 [grpc-default-executor-7] INFO  ratis.OzoneManagerStateMachine (OzoneManagerStateMachine.java:getLatestSnapshot(147)) - Latest Snapshot Info 1#499
2020-07-01 01:07:18,790 [grpc-default-executor-7] DEBUG server.GrpcLogAppender (GrpcLogAppender.java:onNext(257)) - omNode-1@group-523986131536->omNode-3-AppendLogResponseHandler: received a reply omNode-1<-omNode-3#716:OK,SUCCESS,nextIndex:545,term:1,followerCommit:544, request=AppendEntriesRequest:cid=716,entriesCount=0,lastEntry=null
2020-07-01 01:07:18,823 [grpc-default-executor-7] INFO  ratis.OzoneManagerStateMachine (OzoneManagerStateMachine.java:getLatestSnapshot(147)) - Latest Snapshot Info 1#470
2020-07-01 01:07:18,823 [grpc-default-executor-7] DEBUG server.GrpcLogAppender (GrpcLogAppender.java:onNext(257)) - omNode-1@group-523986131536->omNode-2-AppendLogResponseHandler: received a reply omNode-1<-omNode-2#1178:OK,SUCCESS,nextIndex:545,term:1,followerCommit:520, request=AppendEntriesRequest:cid=1178,entriesCount=0,lastEntry=null
2020-07-01 01:07:19,291 [grpc-default-executor-7] INFO  ratis.OzoneManagerStateMachine (OzoneManagerStateMachine.java:getLatestSnapshot(147)) - Latest Snapshot Info 1#499
2020-07-01 01:07:19,292 [grpc-default-executor-7] DEBUG server.GrpcLogAppender (GrpcLogAppender.java:onNext(257)) - omNode-1@group-523986131536->omNode-3-AppendLogResponseHandler: received a reply omNode-1<-omNode-3#717:OK,SUCCESS,nextIndex:545,term:1,followerCommit:544, request=AppendEntriesRequest:cid=717,entriesCount=0,lastEntry=null
2020-07-01 01:07:19,324 [grpc-default-executor-7] INFO  ratis.OzoneManagerStateMachine (OzoneManagerStateMachine.java:getLatestSnapshot(147)) - Latest Snapshot Info 1#470
2020-07-01 01:07:19,325 [grpc-default-executor-7] DEBUG server.GrpcLogAppender (GrpcLogAppender.java:onNext(257)) - omNode-1@group-523986131536->omNode-2-AppendLogResponseHandler: received a reply omNode-1<-omNode-2#1179:OK,SUCCESS,nextIndex:545,term:1,followerCommit:520, request=AppendEntriesRequest:cid=1179,entriesCount=0,lastEntry=null
2020-07-01 01:07:19,486 [grpc-default-executor-7] DEBUG server.GrpcLogAppender (GrpcLogAppender.java:onNext(257)) - 69db720a-335e-417f-9e4d-9b6daaea3d10@group-304D1CDEA4AC->5f570ae4-9456-445c-93e3-9355377d8e07-AppendLogResponseHandler: received a reply 69db720a-335e-417f-9e4d-9b6daaea3d10<-5f570ae4-9456-445c-93e3-9355377d8e07#33:OK,SUCCESS,nextIndex:1,term:1,followerCommit:0, request=AppendEntriesRequest:cid=33,entriesCount=0,lastEntry=null
2020-07-01 01:07:19,492 [grpc-default-executor-7] DEBUG server.GrpcLogAppender (GrpcLogAppender.java:onNext(257)) - 69db720a-335e-417f-9e4d-9b6daaea3d10@group-304D1CDEA4AC->40524df2-78a3-4e4e-9ceb-ad6c0599eecc-AppendLogResponseHandler: received a reply 69db720a-335e-417f-9e4d-9b6daaea3d10<-40524df2-78a3-4e4e-9ceb-ad6c0599eecc#33:OK,SUCCESS,nextIndex:1,term:1,followerCommit:0, request=AppendEntriesRequest:cid=33,entriesCount=0,lastEntry=null
2020-07-01 01:07:19,793 [grpc-default-executor-7] INFO  ratis.OzoneManagerStateMachine (OzoneManagerStateMachine.java:getLatestSnapshot(147)) - Latest Snapshot Info 1#499
2020-07-01 01:07:19,794 [grpc-default-executor-7] DEBUG server.GrpcLogAppender (GrpcLogAppender.java:onNext(257)) - omNode-1@group-523986131536->omNode-3-AppendLogResponseHandler: received a reply omNode-1<-omNode-3#718:OK,SUCCESS,nextIndex:545,term:1,followerCommit:544, request=AppendEntriesRequest:cid=718,entriesCount=0,lastEntry=null
2020-07-01 01:07:19,825 [grpc-default-executor-7] INFO  ratis.OzoneManagerStateMachine (OzoneManagerStateMachine.java:getLatestSnapshot(147)) - Latest Snapshot Info 1#470
2020-07-01 01:07:19,826 [grpc-default-executor-7] DEBUG server.GrpcLogAppender (GrpcLogAppender.java:onNext(257)) - omNode-1@group-523986131536->omNode-2-AppendLogResponseHandler: received a reply omNode-1<-omNode-2#1180:OK,SUCCESS,nextIndex:545,term:1,followerCommit:520, request=AppendEntriesRequest:cid=1180,entriesCount=0,lastEntry=null
2020-07-01 01:07:20,294 [grpc-default-executor-7] INFO  ratis.OzoneManagerStateMachine (OzoneManagerStateMachine.java:getLatestSnapshot(147)) - Latest Snapshot Info 1#499
2020-07-01 01:07:20,295 [grpc-default-executor-7] DEBUG server.GrpcLogAppender (GrpcLogAppender.java:onNext(257)) - omNode-1@group-523986131536->omNode-3-AppendLogResponseHandler: received a reply omNode-1<-omNode-3#719:OK,SUCCESS,nextIndex:545,term:1,followerCommit:544, request=AppendEntriesRequest:cid=719,entriesCount=0,lastEntry=null
2020-07-01 01:07:20,326 [grpc-default-executor-7] INFO  ratis.OzoneManagerStateMachine (OzoneManagerStateMachine.java:getLatestSnapshot(147)) - Latest Snapshot Info 1#470
2020-07-01 01:07:20,327 [grpc-default-executor-7] DEBUG server.GrpcLogAppender (GrpcLogAppender.java:onNext(257)) - omNode-1@group-523986131536->omNode-2-AppendLogResponseHandler: received a reply omNode-1<-omNode-2#1181:OK,SUCCESS,nextIndex:545,term:1,followerCommit:520, request=AppendEntriesRequest:cid=1181,entriesCount=0,lastEntry=null
2020-07-01 01:07:20,796 [grpc-default-executor-7] INFO  ratis.OzoneManagerStateMachine (OzoneManagerStateMachine.java:getLatestSnapshot(147)) - Latest Snapshot Info 1#499
2020-07-01 01:07:20,797 [grpc-default-executor-7] DEBUG server.GrpcLogAppender (GrpcLogAppender.java:onNext(257)) - omNode-1@group-523986131536->omNode-3-AppendLogResponseHandler: received a reply omNode-1<-omNode-3#720:OK,SUCCESS,nextIndex:545,term:1,followerCommit:544, request=AppendEntriesRequest:cid=720,entriesCount=0,lastEntry=null
2020-07-01 01:07:20,828 [grpc-default-executor-7] INFO  ratis.OzoneManagerStateMachine (OzoneManagerStateMachine.java:getLatestSnapshot(147)) - Latest Snapshot Info 1#470
2020-07-01 01:07:20,829 [grpc-default-executor-7] DEBUG server.GrpcLogAppender (GrpcLogAppender.java:onNext(257)) - omNode-1@group-523986131536->omNode-2-AppendLogResponseHandler: received a reply omNode-1<-omNode-2#1182:OK,SUCCESS,nextIndex:545,term:1,followerCommit:520, request=AppendEntriesRequest:cid=1182,entriesCount=0,lastEntry=null
2020-07-01 01:07:21,298 [grpc-default-executor-7] INFO  ratis.OzoneManagerStateMachine (OzoneManagerStateMachine.java:getLatestSnapshot(147)) - Latest Snapshot Info 1#499
2020-07-01 01:07:21,298 [grpc-default-executor-7] DEBUG server.GrpcLogAppender (GrpcLogAppender.java:onNext(257)) - omNode-1@group-523986131536->omNode-3-AppendLogResponseHandler: received a reply omNode-1<-omNode-3#721:OK,SUCCESS,nextIndex:545,term:1,followerCommit:544, request=AppendEntriesRequest:cid=721,entriesCount=0,lastEntry=null
2020-07-01 01:07:21,329 [grpc-default-executor-7] INFO  ratis.OzoneManagerStateMachine (OzoneManagerStateMachine.java:getLatestSnapshot(147)) - Latest Snapshot Info 1#470
2020-07-01 01:07:21,330 [grpc-default-executor-7] DEBUG server.GrpcLogAppender (GrpcLogAppender.java:onNext(257)) - omNode-1@group-523986131536->omNode-2-AppendLogResponseHandler: received a reply omNode-1<-omNode-2#1183:OK,SUCCESS,nextIndex:545,term:1,followerCommit:520, request=AppendEntriesRequest:cid=1183,entriesCount=0,lastEntry=null
2020-07-01 01:07:21,799 [grpc-default-executor-7] INFO  ratis.OzoneManagerStateMachine (OzoneManagerStateMachine.java:getLatestSnapshot(147)) - Latest Snapshot Info 1#499
2020-07-01 01:07:21,800 [grpc-default-executor-7] DEBUG server.GrpcLogAppender (GrpcLogAppender.java:onNext(257)) - omNode-1@group-523986131536->omNode-3-AppendLogResponseHandler: received a reply omNode-1<-omNode-3#722:OK,SUCCESS,nextIndex:545,term:1,followerCommit:544, request=AppendEntriesRequest:cid=722,entriesCount=0,lastEntry=null
2020-07-01 01:07:21,830 [grpc-default-executor-7] INFO  ratis.OzoneManagerStateMachine (OzoneManagerStateMachine.java:getLatestSnapshot(147)) - Latest Snapshot Info 1#470
2020-07-01 01:07:21,831 [grpc-default-executor-7] DEBUG server.GrpcLogAppender (GrpcLogAppender.java:onNext(257)) - omNode-1@group-523986131536->omNode-2-AppendLogResponseHandler: received a reply omNode-1<-omNode-2#1184:OK,SUCCESS,nextIndex:545,term:1,followerCommit:520, request=AppendEntriesRequest:cid=1184,entriesCount=0,lastEntry=null
2020-07-01 01:07:21,987 [grpc-default-executor-7] DEBUG server.GrpcLogAppender (GrpcLogAppender.java:onNext(257)) - 69db720a-335e-417f-9e4d-9b6daaea3d10@group-304D1CDEA4AC->5f570ae4-9456-445c-93e3-9355377d8e07-AppendLogResponseHandler: received a reply 69db720a-335e-417f-9e4d-9b6daaea3d10<-5f570ae4-9456-445c-93e3-9355377d8e07#34:OK,SUCCESS,nextIndex:1,term:1,followerCommit:0, request=AppendEntriesRequest:cid=34,entriesCount=0,lastEntry=null
2020-07-01 01:07:21,993 [grpc-default-executor-7] DEBUG server.GrpcLogAppender (GrpcLogAppender.java:onNext(257)) - 69db720a-335e-417f-9e4d-9b6daaea3d10@group-304D1CDEA4AC->40524df2-78a3-4e4e-9ceb-ad6c0599eecc-AppendLogResponseHandler: received a reply 69db720a-335e-417f-9e4d-9b6daaea3d10<-40524df2-78a3-4e4e-9ceb-ad6c0599eecc#34:OK,SUCCESS,nextIndex:1,term:1,followerCommit:0, request=AppendEntriesRequest:cid=34,entriesCount=0,lastEntry=null
2020-07-01 01:07:22,301 [grpc-default-executor-7] INFO  ratis.OzoneManagerStateMachine (OzoneManagerStateMachine.java:getLatestSnapshot(147)) - Latest Snapshot Info 1#499
2020-07-01 01:07:22,302 [grpc-default-executor-7] DEBUG server.GrpcLogAppender (GrpcLogAppender.java:onNext(257)) - omNode-1@group-523986131536->omNode-3-AppendLogResponseHandler: received a reply omNode-1<-omNode-3#723:OK,SUCCESS,nextIndex:545,term:1,followerCommit:544, request=AppendEntriesRequest:cid=723,entriesCount=0,lastEntry=null
2020-07-01 01:07:22,332 [grpc-default-executor-7] INFO  ratis.OzoneManagerStateMachine (OzoneManagerStateMachine.java:getLatestSnapshot(147)) - Latest Snapshot Info 1#470
2020-07-01 01:07:22,333 [grpc-default-executor-7] DEBUG server.GrpcLogAppender (GrpcLogAppender.java:onNext(257)) - omNode-1@group-523986131536->omNode-2-AppendLogResponseHandler: received a reply omNode-1<-omNode-2#1185:OK,SUCCESS,nextIndex:545,term:1,followerCommit:520, request=AppendEntriesRequest:cid=1185,entriesCount=0,lastEntry=null
2020-07-01 01:07:22,803 [grpc-default-executor-7] INFO  ratis.OzoneManagerStateMachine (OzoneManagerStateMachine.java:getLatestSnapshot(147)) - Latest Snapshot Info 1#499
2020-07-01 01:07:22,803 [grpc-default-executor-7] DEBUG server.GrpcLogAppender (GrpcLogAppender.java:onNext(257)) - omNode-1@group-523986131536->omNode-3-AppendLogResponseHandler: received a reply omNode-1<-omNode-3#724:OK,SUCCESS,nextIndex:545,term:1,followerCommit:544, request=AppendEntriesRequest:cid=724,entriesCount=0,lastEntry=null
2020-07-01 01:07:22,833 [grpc-default-executor-7] INFO  ratis.OzoneManagerStateMachine (OzoneManagerStateMachine.java:getLatestSnapshot(147)) - Latest Snapshot Info 1#470
2020-07-01 01:07:22,834 [grpc-default-executor-7] DEBUG server.GrpcLogAppender (GrpcLogAppender.java:onNext(257)) - omNode-1@group-523986131536->omNode-2-AppendLogResponseHandler: received a reply omNode-1<-omNode-2#1186:OK,SUCCESS,nextIndex:545,term:1,followerCommit:520, request=AppendEntriesRequest:cid=1186,entriesCount=0,lastEntry=null
2020-07-01 01:07:23,304 [grpc-default-executor-7] INFO  ratis.OzoneManagerStateMachine (OzoneManagerStateMachine.java:getLatestSnapshot(147)) - Latest Snapshot Info 1#499
2020-07-01 01:07:23,305 [grpc-default-executor-7] DEBUG server.GrpcLogAppender (GrpcLogAppender.java:onNext(257)) - omNode-1@group-523986131536->omNode-3-AppendLogResponseHandler: received a reply omNode-1<-omNode-3#725:OK,SUCCESS,nextIndex:545,term:1,followerCommit:544, request=AppendEntriesRequest:cid=725,entriesCount=0,lastEntry=null
2020-07-01 01:07:23,335 [grpc-default-executor-7] INFO  ratis.OzoneManagerStateMachine (OzoneManagerStateMachine.java:getLatestSnapshot(147)) - Latest Snapshot Info 1#470
2020-07-01 01:07:23,335 [grpc-default-executor-7] DEBUG server.GrpcLogAppender (GrpcLogAppender.java:onNext(257)) - omNode-1@group-523986131536->omNode-2-AppendLogResponseHandler: received a reply omNode-1<-omNode-2#1187:OK,SUCCESS,nextIndex:545,term:1,followerCommit:520, request=AppendEntriesRequest:cid=1187,entriesCount=0,lastEntry=null
2020-07-01 01:07:23,806 [grpc-default-executor-7] INFO  ratis.OzoneManagerStateMachine (OzoneManagerStateMachine.java:getLatestSnapshot(147)) - Latest Snapshot Info 1#499
2020-07-01 01:07:23,807 [grpc-default-executor-7] DEBUG server.GrpcLogAppender (GrpcLogAppender.java:onNext(257)) - omNode-1@group-523986131536->omNode-3-AppendLogResponseHandler: received a reply omNode-1<-omNode-3#726:OK,SUCCESS,nextIndex:545,term:1,followerCommit:544, request=AppendEntriesRequest:cid=726,entriesCount=0,lastEntry=null
2020-07-01 01:07:23,836 [grpc-default-executor-7] INFO  ratis.OzoneManagerStateMachine (OzoneManagerStateMachine.java:getLatestSnapshot(147)) - Latest Snapshot Info 1#470
2020-07-01 01:07:23,837 [grpc-default-executor-7] DEBUG server.GrpcLogAppender (GrpcLogAppender.java:onNext(257)) - omNode-1@group-523986131536->omNode-2-AppendLogResponseHandler: received a reply omNode-1<-omNode-2#1188:OK,SUCCESS,nextIndex:545,term:1,followerCommit:520, request=AppendEntriesRequest:cid=1188,entriesCount=0,lastEntry=null
2020-07-01 01:07:24,307 [grpc-default-executor-7] INFO  ratis.OzoneManagerStateMachine (OzoneManagerStateMachine.java:getLatestSnapshot(147)) - Latest Snapshot Info 1#499
2020-07-01 01:07:24,308 [grpc-default-executor-7] DEBUG server.GrpcLogAppender (GrpcLogAppender.java:onNext(257)) - omNode-1@group-523986131536->omNode-3-AppendLogResponseHandler: received a reply omNode-1<-omNode-3#727:OK,SUCCESS,nextIndex:545,term:1,followerCommit:544, request=AppendEntriesRequest:cid=727,entriesCount=0,lastEntry=null
2020-07-01 01:07:24,337 [grpc-default-executor-7] INFO  ratis.OzoneManagerStateMachine (OzoneManagerStateMachine.java:getLatestSnapshot(147)) - Latest Snapshot Info 1#470
2020-07-01 01:07:24,338 [grpc-default-executor-7] DEBUG server.GrpcLogAppender (GrpcLogAppender.java:onNext(257)) - omNode-1@group-523986131536->omNode-2-AppendLogResponseHandler: received a reply omNode-1<-omNode-2#1189:OK,SUCCESS,nextIndex:545,term:1,followerCommit:520, request=AppendEntriesRequest:cid=1189,entriesCount=0,lastEntry=null
2020-07-01 01:07:24,488 [grpc-default-executor-7] DEBUG server.GrpcLogAppender (GrpcLogAppender.java:onNext(257)) - 69db720a-335e-417f-9e4d-9b6daaea3d10@group-304D1CDEA4AC->5f570ae4-9456-445c-93e3-9355377d8e07-AppendLogResponseHandler: received a reply 69db720a-335e-417f-9e4d-9b6daaea3d10<-5f570ae4-9456-445c-93e3-9355377d8e07#35:OK,SUCCESS,nextIndex:1,term:1,followerCommit:0, request=AppendEntriesRequest:cid=35,entriesCount=0,lastEntry=null
2020-07-01 01:07:24,494 [grpc-default-executor-7] DEBUG server.GrpcLogAppender (GrpcLogAppender.java:onNext(257)) - 69db720a-335e-417f-9e4d-9b6daaea3d10@group-304D1CDEA4AC->40524df2-78a3-4e4e-9ceb-ad6c0599eecc-AppendLogResponseHandler: received a reply 69db720a-335e-417f-9e4d-9b6daaea3d10<-40524df2-78a3-4e4e-9ceb-ad6c0599eecc#35:OK,SUCCESS,nextIndex:1,term:1,followerCommit:0, request=AppendEntriesRequest:cid=35,entriesCount=0,lastEntry=null
2020-07-01 01:07:24,809 [grpc-default-executor-7] INFO  ratis.OzoneManagerStateMachine (OzoneManagerStateMachine.java:getLatestSnapshot(147)) - Latest Snapshot Info 1#499
2020-07-01 01:07:24,810 [grpc-default-executor-7] DEBUG server.GrpcLogAppender (GrpcLogAppender.java:onNext(257)) - omNode-1@group-523986131536->omNode-3-AppendLogResponseHandler: received a reply omNode-1<-omNode-3#728:OK,SUCCESS,nextIndex:545,term:1,followerCommit:544, request=AppendEntriesRequest:cid=728,entriesCount=0,lastEntry=null
2020-07-01 01:07:24,839 [grpc-default-executor-7] INFO  ratis.OzoneManagerStateMachine (OzoneManagerStateMachine.java:getLatestSnapshot(147)) - Latest Snapshot Info 1#470
2020-07-01 01:07:24,839 [grpc-default-executor-7] DEBUG server.GrpcLogAppender (GrpcLogAppender.java:onNext(257)) - omNode-1@group-523986131536->omNode-2-AppendLogResponseHandler: received a reply omNode-1<-omNode-2#1190:OK,SUCCESS,nextIndex:545,term:1,followerCommit:520, request=AppendEntriesRequest:cid=1190,entriesCount=0,lastEntry=null
2020-07-01 01:07:25,311 [grpc-default-executor-7] INFO  ratis.OzoneManagerStateMachine (OzoneManagerStateMachine.java:getLatestSnapshot(147)) - Latest Snapshot Info 1#499
2020-07-01 01:07:25,312 [grpc-default-executor-7] DEBUG server.GrpcLogAppender (GrpcLogAppender.java:onNext(257)) - omNode-1@group-523986131536->omNode-3-AppendLogResponseHandler: received a reply omNode-1<-omNode-3#729:OK,SUCCESS,nextIndex:545,term:1,followerCommit:544, request=AppendEntriesRequest:cid=729,entriesCount=0,lastEntry=null
2020-07-01 01:07:25,340 [grpc-default-executor-7] INFO  ratis.OzoneManagerStateMachine (OzoneManagerStateMachine.java:getLatestSnapshot(147)) - Latest Snapshot Info 1#470
2020-07-01 01:07:25,341 [grpc-default-executor-7] DEBUG server.GrpcLogAppender (GrpcLogAppender.java:onNext(257)) - omNode-1@group-523986131536->omNode-2-AppendLogResponseHandler: received a reply omNode-1<-omNode-2#1191:OK,SUCCESS,nextIndex:545,term:1,followerCommit:520, request=AppendEntriesRequest:cid=1191,entriesCount=0,lastEntry=null
2020-07-01 01:07:25,812 [grpc-default-executor-7] INFO  ratis.OzoneManagerStateMachine (OzoneManagerStateMachine.java:getLatestSnapshot(147)) - Latest Snapshot Info 1#499
2020-07-01 01:07:25,813 [grpc-default-executor-7] DEBUG server.GrpcLogAppender (GrpcLogAppender.java:onNext(257)) - omNode-1@group-523986131536->omNode-3-AppendLogResponseHandler: received a reply omNode-1<-omNode-3#730:OK,SUCCESS,nextIndex:545,term:1,followerCommit:544, request=AppendEntriesRequest:cid=730,entriesCount=0,lastEntry=null
2020-07-01 01:07:25,841 [grpc-default-executor-7] INFO  ratis.OzoneManagerStateMachine (OzoneManagerStateMachine.java:getLatestSnapshot(147)) - Latest Snapshot Info 1#470
2020-07-01 01:07:25,842 [grpc-default-executor-7] DEBUG server.GrpcLogAppender (GrpcLogAppender.java:onNext(257)) - omNode-1@group-523986131536->omNode-2-AppendLogResponseHandler: received a reply omNode-1<-omNode-2#1192:OK,SUCCESS,nextIndex:545,term:1,followerCommit:520, request=AppendEntriesRequest:cid=1192,entriesCount=0,lastEntry=null
2020-07-01 01:07:26,314 [grpc-default-executor-7] INFO  ratis.OzoneManagerStateMachine (OzoneManagerStateMachine.java:getLatestSnapshot(147)) - Latest Snapshot Info 1#499
2020-07-01 01:07:26,315 [grpc-default-executor-7] DEBUG server.GrpcLogAppender (GrpcLogAppender.java:onNext(257)) - omNode-1@group-523986131536->omNode-3-AppendLogResponseHandler: received a reply omNode-1<-omNode-3#731:OK,SUCCESS,nextIndex:545,term:1,followerCommit:544, request=AppendEntriesRequest:cid=731,entriesCount=0,lastEntry=null
2020-07-01 01:07:26,343 [grpc-default-executor-7] INFO  ratis.OzoneManagerStateMachine (OzoneManagerStateMachine.java:getLatestSnapshot(147)) - Latest Snapshot Info 1#470
2020-07-01 01:07:26,344 [grpc-default-executor-7] DEBUG server.GrpcLogAppender (GrpcLogAppender.java:onNext(257)) - omNode-1@group-523986131536->omNode-2-AppendLogResponseHandler: received a reply omNode-1<-omNode-2#1193:OK,SUCCESS,nextIndex:545,term:1,followerCommit:520, request=AppendEntriesRequest:cid=1193,entriesCount=0,lastEntry=null
2020-07-01 01:07:26,816 [grpc-default-executor-7] INFO  ratis.OzoneManagerStateMachine (OzoneManagerStateMachine.java:getLatestSnapshot(147)) - Latest Snapshot Info 1#499
2020-07-01 01:07:26,817 [grpc-default-executor-7] DEBUG server.GrpcLogAppender (GrpcLogAppender.java:onNext(257)) - omNode-1@group-523986131536->omNode-3-AppendLogResponseHandler: received a reply omNode-1<-omNode-3#732:OK,SUCCESS,nextIndex:545,term:1,followerCommit:544, request=AppendEntriesRequest:cid=732,entriesCount=0,lastEntry=null
2020-07-01 01:07:26,844 [grpc-default-executor-7] INFO  ratis.OzoneManagerStateMachine (OzoneManagerStateMachine.java:getLatestSnapshot(147)) - Latest Snapshot Info 1#470
2020-07-01 01:07:26,849 [grpc-default-executor-7] DEBUG server.GrpcLogAppender (GrpcLogAppender.java:onNext(257)) - omNode-1@group-523986131536->omNode-2-AppendLogResponseHandler: received a reply omNode-1<-omNode-2#1194:OK,SUCCESS,nextIndex:545,term:1,followerCommit:520, request=AppendEntriesRequest:cid=1194,entriesCount=0,lastEntry=null
2020-07-01 01:07:26,990 [grpc-default-executor-7] DEBUG server.GrpcLogAppender (GrpcLogAppender.java:onNext(257)) - 69db720a-335e-417f-9e4d-9b6daaea3d10@group-304D1CDEA4AC->5f570ae4-9456-445c-93e3-9355377d8e07-AppendLogResponseHandler: received a reply 69db720a-335e-417f-9e4d-9b6daaea3d10<-5f570ae4-9456-445c-93e3-9355377d8e07#36:OK,SUCCESS,nextIndex:1,term:1,followerCommit:0, request=AppendEntriesRequest:cid=36,entriesCount=0,lastEntry=null
2020-07-01 01:07:26,995 [grpc-default-executor-7] DEBUG server.GrpcLogAppender (GrpcLogAppender.java:onNext(257)) - 69db720a-335e-417f-9e4d-9b6daaea3d10@group-304D1CDEA4AC->40524df2-78a3-4e4e-9ceb-ad6c0599eecc-AppendLogResponseHandler: received a reply 69db720a-335e-417f-9e4d-9b6daaea3d10<-40524df2-78a3-4e4e-9ceb-ad6c0599eecc#36:OK,SUCCESS,nextIndex:1,term:1,followerCommit:0, request=AppendEntriesRequest:cid=36,entriesCount=0,lastEntry=null
2020-07-01 01:07:27,318 [grpc-default-executor-7] INFO  ratis.OzoneManagerStateMachine (OzoneManagerStateMachine.java:getLatestSnapshot(147)) - Latest Snapshot Info 1#499
2020-07-01 01:07:27,318 [grpc-default-executor-7] DEBUG server.GrpcLogAppender (GrpcLogAppender.java:onNext(257)) - omNode-1@group-523986131536->omNode-3-AppendLogResponseHandler: received a reply omNode-1<-omNode-3#733:OK,SUCCESS,nextIndex:545,term:1,followerCommit:544, request=AppendEntriesRequest:cid=733,entriesCount=0,lastEntry=null
2020-07-01 01:07:27,349 [grpc-default-executor-7] INFO  ratis.OzoneManagerStateMachine (OzoneManagerStateMachine.java:getLatestSnapshot(147)) - Latest Snapshot Info 1#470
2020-07-01 01:07:27,350 [grpc-default-executor-7] DEBUG server.GrpcLogAppender (GrpcLogAppender.java:onNext(257)) - omNode-1@group-523986131536->omNode-2-AppendLogResponseHandler: received a reply omNode-1<-omNode-2#1195:OK,SUCCESS,nextIndex:545,term:1,followerCommit:520, request=AppendEntriesRequest:cid=1195,entriesCount=0,lastEntry=null
2020-07-01 01:07:27,819 [grpc-default-executor-7] INFO  ratis.OzoneManagerStateMachine (OzoneManagerStateMachine.java:getLatestSnapshot(147)) - Latest Snapshot Info 1#499
2020-07-01 01:07:27,820 [grpc-default-executor-7] DEBUG server.GrpcLogAppender (GrpcLogAppender.java:onNext(257)) - omNode-1@group-523986131536->omNode-3-AppendLogResponseHandler: received a reply omNode-1<-omNode-3#734:OK,SUCCESS,nextIndex:545,term:1,followerCommit:544, request=AppendEntriesRequest:cid=734,entriesCount=0,lastEntry=null
2020-07-01 01:07:27,851 [grpc-default-executor-7] INFO  ratis.OzoneManagerStateMachine (OzoneManagerStateMachine.java:getLatestSnapshot(147)) - Latest Snapshot Info 1#470
2020-07-01 01:07:27,852 [grpc-default-executor-7] DEBUG server.GrpcLogAppender (GrpcLogAppender.java:onNext(257)) - omNode-1@group-523986131536->omNode-2-AppendLogResponseHandler: received a reply omNode-1<-omNode-2#1196:OK,SUCCESS,nextIndex:545,term:1,followerCommit:520, request=AppendEntriesRequest:cid=1196,entriesCount=0,lastEntry=null
2020-07-01 01:07:28,321 [grpc-default-executor-7] INFO  ratis.OzoneManagerStateMachine (OzoneManagerStateMachine.java:getLatestSnapshot(147)) - Latest Snapshot Info 1#499
2020-07-01 01:07:28,322 [grpc-default-executor-7] DEBUG server.GrpcLogAppender (GrpcLogAppender.java:onNext(257)) - omNode-1@group-523986131536->omNode-3-AppendLogResponseHandler: received a reply omNode-1<-omNode-3#735:OK,SUCCESS,nextIndex:545,term:1,followerCommit:544, request=AppendEntriesRequest:cid=735,entriesCount=0,lastEntry=null
2020-07-01 01:07:28,352 [grpc-default-executor-7] INFO  ratis.OzoneManagerStateMachine (OzoneManagerStateMachine.java:getLatestSnapshot(147)) - Latest Snapshot Info 1#470
2020-07-01 01:07:28,353 [grpc-default-executor-7] DEBUG server.GrpcLogAppender (GrpcLogAppender.java:onNext(257)) - omNode-1@group-523986131536->omNode-2-AppendLogResponseHandler: received a reply omNode-1<-omNode-2#1197:OK,SUCCESS,nextIndex:545,term:1,followerCommit:520, request=AppendEntriesRequest:cid=1197,entriesCount=0,lastEntry=null
2020-07-01 01:07:28,822 [grpc-default-executor-7] INFO  ratis.OzoneManagerStateMachine (OzoneManagerStateMachine.java:getLatestSnapshot(147)) - Latest Snapshot Info 1#499
2020-07-01 01:07:28,823 [grpc-default-executor-7] DEBUG server.GrpcLogAppender (GrpcLogAppender.java:onNext(257)) - omNode-1@group-523986131536->omNode-3-AppendLogResponseHandler: received a reply omNode-1<-omNode-3#736:OK,SUCCESS,nextIndex:545,term:1,followerCommit:544, request=AppendEntriesRequest:cid=736,entriesCount=0,lastEntry=null
2020-07-01 01:07:28,853 [grpc-default-executor-7] INFO  ratis.OzoneManagerStateMachine (OzoneManagerStateMachine.java:getLatestSnapshot(147)) - Latest Snapshot Info 1#470
2020-07-01 01:07:28,855 [grpc-default-executor-7] DEBUG server.GrpcLogAppender (GrpcLogAppender.java:onNext(257)) - omNode-1@group-523986131536->omNode-2-AppendLogResponseHandler: received a reply omNode-1<-omNode-2#1198:OK,SUCCESS,nextIndex:545,term:1,followerCommit:520, request=AppendEntriesRequest:cid=1198,entriesCount=0,lastEntry=null
2020-07-01 01:07:29,324 [grpc-default-executor-7] INFO  ratis.OzoneManagerStateMachine (OzoneManagerStateMachine.java:getLatestSnapshot(147)) - Latest Snapshot Info 1#499
2020-07-01 01:07:29,325 [grpc-default-executor-7] DEBUG server.GrpcLogAppender (GrpcLogAppender.java:onNext(257)) - omNode-1@group-523986131536->omNode-3-AppendLogResponseHandler: received a reply omNode-1<-omNode-3#737:OK,SUCCESS,nextIndex:545,term:1,followerCommit:544, request=AppendEntriesRequest:cid=737,entriesCount=0,lastEntry=null
2020-07-01 01:07:29,355 [grpc-default-executor-7] INFO  ratis.OzoneManagerStateMachine (OzoneManagerStateMachine.java:getLatestSnapshot(147)) - Latest Snapshot Info 1#470
2020-07-01 01:07:29,356 [grpc-default-executor-7] DEBUG server.GrpcLogAppender (GrpcLogAppender.java:onNext(257)) - omNode-1@group-523986131536->omNode-2-AppendLogResponseHandler: received a reply omNode-1<-omNode-2#1199:OK,SUCCESS,nextIndex:545,term:1,followerCommit:520, request=AppendEntriesRequest:cid=1199,entriesCount=0,lastEntry=null
2020-07-01 01:07:29,491 [grpc-default-executor-7] DEBUG server.GrpcLogAppender (GrpcLogAppender.java:onNext(257)) - 69db720a-335e-417f-9e4d-9b6daaea3d10@group-304D1CDEA4AC->5f570ae4-9456-445c-93e3-9355377d8e07-AppendLogResponseHandler: received a reply 69db720a-335e-417f-9e4d-9b6daaea3d10<-5f570ae4-9456-445c-93e3-9355377d8e07#37:OK,SUCCESS,nextIndex:1,term:1,followerCommit:0, request=AppendEntriesRequest:cid=37,entriesCount=0,lastEntry=null
2020-07-01 01:07:29,496 [grpc-default-executor-7] DEBUG server.GrpcLogAppender (GrpcLogAppender.java:onNext(257)) - 69db720a-335e-417f-9e4d-9b6daaea3d10@group-304D1CDEA4AC->40524df2-78a3-4e4e-9ceb-ad6c0599eecc-AppendLogResponseHandler: received a reply 69db720a-335e-417f-9e4d-9b6daaea3d10<-40524df2-78a3-4e4e-9ceb-ad6c0599eecc#37:OK,SUCCESS,nextIndex:1,term:1,followerCommit:0, request=AppendEntriesRequest:cid=37,entriesCount=0,lastEntry=null
2020-07-01 01:07:29,825 [grpc-default-executor-7] INFO  ratis.OzoneManagerStateMachine (OzoneManagerStateMachine.java:getLatestSnapshot(147)) - Latest Snapshot Info 1#499
2020-07-01 01:07:29,826 [grpc-default-executor-7] DEBUG server.GrpcLogAppender (GrpcLogAppender.java:onNext(257)) - omNode-1@group-523986131536->omNode-3-AppendLogResponseHandler: received a reply omNode-1<-omNode-3#738:OK,SUCCESS,nextIndex:545,term:1,followerCommit:544, request=AppendEntriesRequest:cid=738,entriesCount=0,lastEntry=null
2020-07-01 01:07:29,856 [grpc-default-executor-7] INFO  ratis.OzoneManagerStateMachine (OzoneManagerStateMachine.java:getLatestSnapshot(147)) - Latest Snapshot Info 1#470
2020-07-01 01:07:29,857 [grpc-default-executor-7] DEBUG server.GrpcLogAppender (GrpcLogAppender.java:onNext(257)) - omNode-1@group-523986131536->omNode-2-AppendLogResponseHandler: received a reply omNode-1<-omNode-2#1200:OK,SUCCESS,nextIndex:545,term:1,followerCommit:520, request=AppendEntriesRequest:cid=1200,entriesCount=0,lastEntry=null
2020-07-01 01:07:30,327 [grpc-default-executor-7] INFO  ratis.OzoneManagerStateMachine (OzoneManagerStateMachine.java:getLatestSnapshot(147)) - Latest Snapshot Info 1#499
2020-07-01 01:07:30,328 [grpc-default-executor-7] DEBUG server.GrpcLogAppender (GrpcLogAppender.java:onNext(257)) - omNode-1@group-523986131536->omNode-3-AppendLogResponseHandler: received a reply omNode-1<-omNode-3#739:OK,SUCCESS,nextIndex:545,term:1,followerCommit:544, request=AppendEntriesRequest:cid=739,entriesCount=0,lastEntry=null
2020-07-01 01:07:30,358 [grpc-default-executor-7] INFO  ratis.OzoneManagerStateMachine (OzoneManagerStateMachine.java:getLatestSnapshot(147)) - Latest Snapshot Info 1#470
2020-07-01 01:07:30,359 [grpc-default-executor-7] DEBUG server.GrpcLogAppender (GrpcLogAppender.java:onNext(257)) - omNode-1@group-523986131536->omNode-2-AppendLogResponseHandler: received a reply omNode-1<-omNode-2#1201:OK,SUCCESS,nextIndex:545,term:1,followerCommit:520, request=AppendEntriesRequest:cid=1201,entriesCount=0,lastEntry=null
2020-07-01 01:07:30,829 [grpc-default-executor-7] INFO  ratis.OzoneManagerStateMachine (OzoneManagerStateMachine.java:getLatestSnapshot(147)) - Latest Snapshot Info 1#499
2020-07-01 01:07:30,829 [grpc-default-executor-7] DEBUG server.GrpcLogAppender (GrpcLogAppender.java:onNext(257)) - omNode-1@group-523986131536->omNode-3-AppendLogResponseHandler: received a reply omNode-1<-omNode-3#740:OK,SUCCESS,nextIndex:545,term:1,followerCommit:544, request=AppendEntriesRequest:cid=740,entriesCount=0,lastEntry=null
2020-07-01 01:07:30,859 [grpc-default-executor-7] INFO  ratis.OzoneManagerStateMachine (OzoneManagerStateMachine.java:getLatestSnapshot(147)) - Latest Snapshot Info 1#470
2020-07-01 01:07:30,860 [grpc-default-executor-7] DEBUG server.GrpcLogAppender (GrpcLogAppender.java:onNext(257)) - omNode-1@group-523986131536->omNode-2-AppendLogResponseHandler: received a reply omNode-1<-omNode-2#1202:OK,SUCCESS,nextIndex:545,term:1,followerCommit:520, request=AppendEntriesRequest:cid=1202,entriesCount=0,lastEntry=null
2020-07-01 01:07:31,330 [grpc-default-executor-7] INFO  ratis.OzoneManagerStateMachine (OzoneManagerStateMachine.java:getLatestSnapshot(147)) - Latest Snapshot Info 1#499
2020-07-01 01:07:31,331 [grpc-default-executor-7] DEBUG server.GrpcLogAppender (GrpcLogAppender.java:onNext(257)) - omNode-1@group-523986131536->omNode-3-AppendLogResponseHandler: received a reply omNode-1<-omNode-3#741:OK,SUCCESS,nextIndex:545,term:1,followerCommit:544, request=AppendEntriesRequest:cid=741,entriesCount=0,lastEntry=null
2020-07-01 01:07:31,361 [grpc-default-executor-7] INFO  ratis.OzoneManagerStateMachine (OzoneManagerStateMachine.java:getLatestSnapshot(147)) - Latest Snapshot Info 1#470
2020-07-01 01:07:31,361 [grpc-default-executor-7] DEBUG server.GrpcLogAppender (GrpcLogAppender.java:onNext(257)) - omNode-1@group-523986131536->omNode-2-AppendLogResponseHandler: received a reply omNode-1<-omNode-2#1203:OK,SUCCESS,nextIndex:545,term:1,followerCommit:520, request=AppendEntriesRequest:cid=1203,entriesCount=0,lastEntry=null
2020-07-01 01:07:31,832 [grpc-default-executor-7] INFO  ratis.OzoneManagerStateMachine (OzoneManagerStateMachine.java:getLatestSnapshot(147)) - Latest Snapshot Info 1#499
2020-07-01 01:07:31,833 [grpc-default-executor-7] DEBUG server.GrpcLogAppender (GrpcLogAppender.java:onNext(257)) - omNode-1@group-523986131536->omNode-3-AppendLogResponseHandler: received a reply omNode-1<-omNode-3#742:OK,SUCCESS,nextIndex:545,term:1,followerCommit:544, request=AppendEntriesRequest:cid=742,entriesCount=0,lastEntry=null
2020-07-01 01:07:31,862 [grpc-default-executor-7] INFO  ratis.OzoneManagerStateMachine (OzoneManagerStateMachine.java:getLatestSnapshot(147)) - Latest Snapshot Info 1#470
2020-07-01 01:07:31,863 [grpc-default-executor-7] DEBUG server.GrpcLogAppender (GrpcLogAppender.java:onNext(257)) - omNode-1@group-523986131536->omNode-2-AppendLogResponseHandler: received a reply omNode-1<-omNode-2#1204:OK,SUCCESS,nextIndex:545,term:1,followerCommit:520, request=AppendEntriesRequest:cid=1204,entriesCount=0,lastEntry=null
2020-07-01 01:07:31,992 [grpc-default-executor-7] DEBUG server.GrpcLogAppender (GrpcLogAppender.java:onNext(257)) - 69db720a-335e-417f-9e4d-9b6daaea3d10@group-304D1CDEA4AC->5f570ae4-9456-445c-93e3-9355377d8e07-AppendLogResponseHandler: received a reply 69db720a-335e-417f-9e4d-9b6daaea3d10<-5f570ae4-9456-445c-93e3-9355377d8e07#38:OK,SUCCESS,nextIndex:1,term:1,followerCommit:0, request=AppendEntriesRequest:cid=38,entriesCount=0,lastEntry=null
2020-07-01 01:07:31,997 [grpc-default-executor-7] DEBUG server.GrpcLogAppender (GrpcLogAppender.java:onNext(257)) - 69db720a-335e-417f-9e4d-9b6daaea3d10@group-304D1CDEA4AC->40524df2-78a3-4e4e-9ceb-ad6c0599eecc-AppendLogResponseHandler: received a reply 69db720a-335e-417f-9e4d-9b6daaea3d10<-40524df2-78a3-4e4e-9ceb-ad6c0599eecc#38:OK,SUCCESS,nextIndex:1,term:1,followerCommit:0, request=AppendEntriesRequest:cid=38,entriesCount=0,lastEntry=null
2020-07-01 01:07:32,334 [grpc-default-executor-7] INFO  ratis.OzoneManagerStateMachine (OzoneManagerStateMachine.java:getLatestSnapshot(147)) - Latest Snapshot Info 1#499
2020-07-01 01:07:32,334 [grpc-default-executor-7] DEBUG server.GrpcLogAppender (GrpcLogAppender.java:onNext(257)) - omNode-1@group-523986131536->omNode-3-AppendLogResponseHandler: received a reply omNode-1<-omNode-3#743:OK,SUCCESS,nextIndex:545,term:1,followerCommit:544, request=AppendEntriesRequest:cid=743,entriesCount=0,lastEntry=null
2020-07-01 01:07:32,364 [grpc-default-executor-7] INFO  ratis.OzoneManagerStateMachine (OzoneManagerStateMachine.java:getLatestSnapshot(147)) - Latest Snapshot Info 1#470
2020-07-01 01:07:32,364 [grpc-default-executor-7] DEBUG server.GrpcLogAppender (GrpcLogAppender.java:onNext(257)) - omNode-1@group-523986131536->omNode-2-AppendLogResponseHandler: received a reply omNode-1<-omNode-2#1205:OK,SUCCESS,nextIndex:545,term:1,followerCommit:520, request=AppendEntriesRequest:cid=1205,entriesCount=0,lastEntry=null
2020-07-01 01:07:32,835 [grpc-default-executor-7] INFO  ratis.OzoneManagerStateMachine (OzoneManagerStateMachine.java:getLatestSnapshot(147)) - Latest Snapshot Info 1#499
2020-07-01 01:07:32,836 [grpc-default-executor-7] DEBUG server.GrpcLogAppender (GrpcLogAppender.java:onNext(257)) - omNode-1@group-523986131536->omNode-3-AppendLogResponseHandler: received a reply omNode-1<-omNode-3#744:OK,SUCCESS,nextIndex:545,term:1,followerCommit:544, request=AppendEntriesRequest:cid=744,entriesCount=0,lastEntry=null
2020-07-01 01:07:32,865 [grpc-default-executor-7] INFO  ratis.OzoneManagerStateMachine (OzoneManagerStateMachine.java:getLatestSnapshot(147)) - Latest Snapshot Info 1#470
2020-07-01 01:07:32,866 [grpc-default-executor-7] DEBUG server.GrpcLogAppender (GrpcLogAppender.java:onNext(257)) - omNode-1@group-523986131536->omNode-2-AppendLogResponseHandler: received a reply omNode-1<-omNode-2#1206:OK,SUCCESS,nextIndex:545,term:1,followerCommit:520, request=AppendEntriesRequest:cid=1206,entriesCount=0,lastEntry=null
2020-07-01 01:07:33,337 [grpc-default-executor-7] INFO  ratis.OzoneManagerStateMachine (OzoneManagerStateMachine.java:getLatestSnapshot(147)) - Latest Snapshot Info 1#499
2020-07-01 01:07:33,338 [grpc-default-executor-7] DEBUG server.GrpcLogAppender (GrpcLogAppender.java:onNext(257)) - omNode-1@group-523986131536->omNode-3-AppendLogResponseHandler: received a reply omNode-1<-omNode-3#745:OK,SUCCESS,nextIndex:545,term:1,followerCommit:544, request=AppendEntriesRequest:cid=745,entriesCount=0,lastEntry=null
2020-07-01 01:07:33,367 [grpc-default-executor-7] INFO  ratis.OzoneManagerStateMachine (OzoneManagerStateMachine.java:getLatestSnapshot(147)) - Latest Snapshot Info 1#470
2020-07-01 01:07:33,368 [grpc-default-executor-7] DEBUG server.GrpcLogAppender (GrpcLogAppender.java:onNext(257)) - omNode-1@group-523986131536->omNode-2-AppendLogResponseHandler: received a reply omNode-1<-omNode-2#1207:OK,SUCCESS,nextIndex:545,term:1,followerCommit:520, request=AppendEntriesRequest:cid=1207,entriesCount=0,lastEntry=null
2020-07-01 01:07:33,839 [grpc-default-executor-7] INFO  ratis.OzoneManagerStateMachine (OzoneManagerStateMachine.java:getLatestSnapshot(147)) - Latest Snapshot Info 1#499
2020-07-01 01:07:33,840 [grpc-default-executor-7] DEBUG server.GrpcLogAppender (GrpcLogAppender.java:onNext(257)) - omNode-1@group-523986131536->omNode-3-AppendLogResponseHandler: received a reply omNode-1<-omNode-3#746:OK,SUCCESS,nextIndex:545,term:1,followerCommit:544, request=AppendEntriesRequest:cid=746,entriesCount=0,lastEntry=null
2020-07-01 01:07:33,868 [grpc-default-executor-7] INFO  ratis.OzoneManagerStateMachine (OzoneManagerStateMachine.java:getLatestSnapshot(147)) - Latest Snapshot Info 1#470
2020-07-01 01:07:33,869 [grpc-default-executor-7] DEBUG server.GrpcLogAppender (GrpcLogAppender.java:onNext(257)) - omNode-1@group-523986131536->omNode-2-AppendLogResponseHandler: received a reply omNode-1<-omNode-2#1208:OK,SUCCESS,nextIndex:545,term:1,followerCommit:520, request=AppendEntriesRequest:cid=1208,entriesCount=0,lastEntry=null
2020-07-01 01:07:34,340 [grpc-default-executor-7] INFO  ratis.OzoneManagerStateMachine (OzoneManagerStateMachine.java:getLatestSnapshot(147)) - Latest Snapshot Info 1#499
2020-07-01 01:07:34,341 [grpc-default-executor-7] DEBUG server.GrpcLogAppender (GrpcLogAppender.java:onNext(257)) - omNode-1@group-523986131536->omNode-3-AppendLogResponseHandler: received a reply omNode-1<-omNode-3#747:OK,SUCCESS,nextIndex:545,term:1,followerCommit:544, request=AppendEntriesRequest:cid=747,entriesCount=0,lastEntry=null
2020-07-01 01:07:34,370 [grpc-default-executor-7] INFO  ratis.OzoneManagerStateMachine (OzoneManagerStateMachine.java:getLatestSnapshot(147)) - Latest Snapshot Info 1#470
2020-07-01 01:07:34,370 [grpc-default-executor-7] DEBUG server.GrpcLogAppender (GrpcLogAppender.java:onNext(257)) - omNode-1@group-523986131536->omNode-2-AppendLogResponseHandler: received a reply omNode-1<-omNode-2#1209:OK,SUCCESS,nextIndex:545,term:1,followerCommit:520, request=AppendEntriesRequest:cid=1209,entriesCount=0,lastEntry=null
2020-07-01 01:07:34,493 [grpc-default-executor-7] DEBUG server.GrpcLogAppender (GrpcLogAppender.java:onNext(257)) - 69db720a-335e-417f-9e4d-9b6daaea3d10@group-304D1CDEA4AC->5f570ae4-9456-445c-93e3-9355377d8e07-AppendLogResponseHandler: received a reply 69db720a-335e-417f-9e4d-9b6daaea3d10<-5f570ae4-9456-445c-93e3-9355377d8e07#39:OK,SUCCESS,nextIndex:1,term:1,followerCommit:0, request=AppendEntriesRequest:cid=39,entriesCount=0,lastEntry=null
2020-07-01 01:07:34,498 [grpc-default-executor-7] DEBUG server.GrpcLogAppender (GrpcLogAppender.java:onNext(257)) - 69db720a-335e-417f-9e4d-9b6daaea3d10@group-304D1CDEA4AC->40524df2-78a3-4e4e-9ceb-ad6c0599eecc-AppendLogResponseHandler: received a reply 69db720a-335e-417f-9e4d-9b6daaea3d10<-40524df2-78a3-4e4e-9ceb-ad6c0599eecc#39:OK,SUCCESS,nextIndex:1,term:1,followerCommit:0, request=AppendEntriesRequest:cid=39,entriesCount=0,lastEntry=null
2020-07-01 01:07:34,842 [grpc-default-executor-7] INFO  ratis.OzoneManagerStateMachine (OzoneManagerStateMachine.java:getLatestSnapshot(147)) - Latest Snapshot Info 1#499
2020-07-01 01:07:34,843 [grpc-default-executor-7] DEBUG server.GrpcLogAppender (GrpcLogAppender.java:onNext(257)) - omNode-1@group-523986131536->omNode-3-AppendLogResponseHandler: received a reply omNode-1<-omNode-3#748:OK,SUCCESS,nextIndex:545,term:1,followerCommit:544, request=AppendEntriesRequest:cid=748,entriesCount=0,lastEntry=null
2020-07-01 01:07:34,871 [grpc-default-executor-7] INFO  ratis.OzoneManagerStateMachine (OzoneManagerStateMachine.java:getLatestSnapshot(147)) - Latest Snapshot Info 1#470
2020-07-01 01:07:34,871 [grpc-default-executor-7] DEBUG server.GrpcLogAppender (GrpcLogAppender.java:onNext(257)) - omNode-1@group-523986131536->omNode-2-AppendLogResponseHandler: received a reply omNode-1<-omNode-2#1210:OK,SUCCESS,nextIndex:545,term:1,followerCommit:520, request=AppendEntriesRequest:cid=1210,entriesCount=0,lastEntry=null
2020-07-01 01:07:35,344 [grpc-default-executor-7] INFO  ratis.OzoneManagerStateMachine (OzoneManagerStateMachine.java:getLatestSnapshot(147)) - Latest Snapshot Info 1#499
2020-07-01 01:07:35,344 [grpc-default-executor-7] DEBUG server.GrpcLogAppender (GrpcLogAppender.java:onNext(257)) - omNode-1@group-523986131536->omNode-3-AppendLogResponseHandler: received a reply omNode-1<-omNode-3#749:OK,SUCCESS,nextIndex:545,term:1,followerCommit:544, request=AppendEntriesRequest:cid=749,entriesCount=0,lastEntry=null
2020-07-01 01:07:35,372 [grpc-default-executor-7] INFO  ratis.OzoneManagerStateMachine (OzoneManagerStateMachine.java:getLatestSnapshot(147)) - Latest Snapshot Info 1#470
2020-07-01 01:07:35,373 [grpc-default-executor-7] DEBUG server.GrpcLogAppender (GrpcLogAppender.java:onNext(257)) - omNode-1@group-523986131536->omNode-2-AppendLogResponseHandler: received a reply omNode-1<-omNode-2#1211:OK,SUCCESS,nextIndex:545,term:1,followerCommit:520, request=AppendEntriesRequest:cid=1211,entriesCount=0,lastEntry=null
2020-07-01 01:07:35,845 [grpc-default-executor-7] INFO  ratis.OzoneManagerStateMachine (OzoneManagerStateMachine.java:getLatestSnapshot(147)) - Latest Snapshot Info 1#499
2020-07-01 01:07:35,846 [grpc-default-executor-7] DEBUG server.GrpcLogAppender (GrpcLogAppender.java:onNext(257)) - omNode-1@group-523986131536->omNode-3-AppendLogResponseHandler: received a reply omNode-1<-omNode-3#750:OK,SUCCESS,nextIndex:545,term:1,followerCommit:544, request=AppendEntriesRequest:cid=750,entriesCount=0,lastEntry=null
2020-07-01 01:07:35,873 [grpc-default-executor-7] INFO  ratis.OzoneManagerStateMachine (OzoneManagerStateMachine.java:getLatestSnapshot(147)) - Latest Snapshot Info 1#470
2020-07-01 01:07:35,874 [grpc-default-executor-7] DEBUG server.GrpcLogAppender (GrpcLogAppender.java:onNext(257)) - omNode-1@group-523986131536->omNode-2-AppendLogResponseHandler: received a reply omNode-1<-omNode-2#1212:OK,SUCCESS,nextIndex:545,term:1,followerCommit:520, request=AppendEntriesRequest:cid=1212,entriesCount=0,lastEntry=null
2020-07-01 01:07:36,346 [grpc-default-executor-7] INFO  ratis.OzoneManagerStateMachine (OzoneManagerStateMachine.java:getLatestSnapshot(147)) - Latest Snapshot Info 1#499
2020-07-01 01:07:36,347 [grpc-default-executor-7] DEBUG server.GrpcLogAppender (GrpcLogAppender.java:onNext(257)) - omNode-1@group-523986131536->omNode-3-AppendLogResponseHandler: received a reply omNode-1<-omNode-3#751:OK,SUCCESS,nextIndex:545,term:1,followerCommit:544, request=AppendEntriesRequest:cid=751,entriesCount=0,lastEntry=null
2020-07-01 01:07:36,375 [grpc-default-executor-7] INFO  ratis.OzoneManagerStateMachine (OzoneManagerStateMachine.java:getLatestSnapshot(147)) - Latest Snapshot Info 1#470
2020-07-01 01:07:36,376 [grpc-default-executor-7] DEBUG server.GrpcLogAppender (GrpcLogAppender.java:onNext(257)) - omNode-1@group-523986131536->omNode-2-AppendLogResponseHandler: received a reply omNode-1<-omNode-2#1213:OK,SUCCESS,nextIndex:545,term:1,followerCommit:520, request=AppendEntriesRequest:cid=1213,entriesCount=0,lastEntry=null
2020-07-01 01:07:36,848 [grpc-default-executor-7] INFO  ratis.OzoneManagerStateMachine (OzoneManagerStateMachine.java:getLatestSnapshot(147)) - Latest Snapshot Info 1#499
2020-07-01 01:07:36,849 [grpc-default-executor-7] DEBUG server.GrpcLogAppender (GrpcLogAppender.java:onNext(257)) - omNode-1@group-523986131536->omNode-3-AppendLogResponseHandler: received a reply omNode-1<-omNode-3#752:OK,SUCCESS,nextIndex:545,term:1,followerCommit:544, request=AppendEntriesRequest:cid=752,entriesCount=0,lastEntry=null
2020-07-01 01:07:36,876 [grpc-default-executor-7] INFO  ratis.OzoneManagerStateMachine (OzoneManagerStateMachine.java:getLatestSnapshot(147)) - Latest Snapshot Info 1#470
2020-07-01 01:07:36,877 [grpc-default-executor-7] DEBUG server.GrpcLogAppender (GrpcLogAppender.java:onNext(257)) - omNode-1@group-523986131536->omNode-2-AppendLogResponseHandler: received a reply omNode-1<-omNode-2#1214:OK,SUCCESS,nextIndex:545,term:1,followerCommit:520, request=AppendEntriesRequest:cid=1214,entriesCount=0,lastEntry=null
2020-07-01 01:07:36,994 [grpc-default-executor-7] DEBUG server.GrpcLogAppender (GrpcLogAppender.java:onNext(257)) - 69db720a-335e-417f-9e4d-9b6daaea3d10@group-304D1CDEA4AC->5f570ae4-9456-445c-93e3-9355377d8e07-AppendLogResponseHandler: received a reply 69db720a-335e-417f-9e4d-9b6daaea3d10<-5f570ae4-9456-445c-93e3-9355377d8e07#40:OK,SUCCESS,nextIndex:1,term:1,followerCommit:0, request=AppendEntriesRequest:cid=40,entriesCount=0,lastEntry=null
2020-07-01 01:07:36,999 [grpc-default-executor-7] DEBUG server.GrpcLogAppender (GrpcLogAppender.java:onNext(257)) - 69db720a-335e-417f-9e4d-9b6daaea3d10@group-304D1CDEA4AC->40524df2-78a3-4e4e-9ceb-ad6c0599eecc-AppendLogResponseHandler: received a reply 69db720a-335e-417f-9e4d-9b6daaea3d10<-40524df2-78a3-4e4e-9ceb-ad6c0599eecc#40:OK,SUCCESS,nextIndex:1,term:1,followerCommit:0, request=AppendEntriesRequest:cid=40,entriesCount=0,lastEntry=null
2020-07-01 01:07:37,350 [grpc-default-executor-7] INFO  ratis.OzoneManagerStateMachine (OzoneManagerStateMachine.java:getLatestSnapshot(147)) - Latest Snapshot Info 1#499
2020-07-01 01:07:37,351 [grpc-default-executor-7] DEBUG server.GrpcLogAppender (GrpcLogAppender.java:onNext(257)) - omNode-1@group-523986131536->omNode-3-AppendLogResponseHandler: received a reply omNode-1<-omNode-3#753:OK,SUCCESS,nextIndex:545,term:1,followerCommit:544, request=AppendEntriesRequest:cid=753,entriesCount=0,lastEntry=null
2020-07-01 01:07:37,377 [grpc-default-executor-7] INFO  ratis.OzoneManagerStateMachine (OzoneManagerStateMachine.java:getLatestSnapshot(147)) - Latest Snapshot Info 1#470
2020-07-01 01:07:37,378 [grpc-default-executor-7] DEBUG server.GrpcLogAppender (GrpcLogAppender.java:onNext(257)) - omNode-1@group-523986131536->omNode-2-AppendLogResponseHandler: received a reply omNode-1<-omNode-2#1215:OK,SUCCESS,nextIndex:545,term:1,followerCommit:520, request=AppendEntriesRequest:cid=1215,entriesCount=0,lastEntry=null
2020-07-01 01:07:37,851 [grpc-default-executor-7] INFO  ratis.OzoneManagerStateMachine (OzoneManagerStateMachine.java:getLatestSnapshot(147)) - Latest Snapshot Info 1#499
2020-07-01 01:07:37,852 [grpc-default-executor-7] DEBUG server.GrpcLogAppender (GrpcLogAppender.java:onNext(257)) - omNode-1@group-523986131536->omNode-3-AppendLogResponseHandler: received a reply omNode-1<-omNode-3#754:OK,SUCCESS,nextIndex:545,term:1,followerCommit:544, request=AppendEntriesRequest:cid=754,entriesCount=0,lastEntry=null
2020-07-01 01:07:37,879 [grpc-default-executor-7] INFO  ratis.OzoneManagerStateMachine (OzoneManagerStateMachine.java:getLatestSnapshot(147)) - Latest Snapshot Info 1#470
2020-07-01 01:07:37,879 [grpc-default-executor-7] DEBUG server.GrpcLogAppender (GrpcLogAppender.java:onNext(257)) - omNode-1@group-523986131536->omNode-2-AppendLogResponseHandler: received a reply omNode-1<-omNode-2#1216:OK,SUCCESS,nextIndex:545,term:1,followerCommit:520, request=AppendEntriesRequest:cid=1216,entriesCount=0,lastEntry=null
2020-07-01 01:07:38,353 [grpc-default-executor-7] INFO  ratis.OzoneManagerStateMachine (OzoneManagerStateMachine.java:getLatestSnapshot(147)) - Latest Snapshot Info 1#499
2020-07-01 01:07:38,354 [grpc-default-executor-7] DEBUG server.GrpcLogAppender (GrpcLogAppender.java:onNext(257)) - omNode-1@group-523986131536->omNode-3-AppendLogResponseHandler: received a reply omNode-1<-omNode-3#755:OK,SUCCESS,nextIndex:545,term:1,followerCommit:544, request=AppendEntriesRequest:cid=755,entriesCount=0,lastEntry=null
2020-07-01 01:07:38,380 [grpc-default-executor-7] INFO  ratis.OzoneManagerStateMachine (OzoneManagerStateMachine.java:getLatestSnapshot(147)) - Latest Snapshot Info 1#470
2020-07-01 01:07:38,381 [grpc-default-executor-7] DEBUG server.GrpcLogAppender (GrpcLogAppender.java:onNext(257)) - omNode-1@group-523986131536->omNode-2-AppendLogResponseHandler: received a reply omNode-1<-omNode-2#1217:OK,SUCCESS,nextIndex:545,term:1,followerCommit:520, request=AppendEntriesRequest:cid=1217,entriesCount=0,lastEntry=null
2020-07-01 01:07:38,855 [grpc-default-executor-7] INFO  ratis.OzoneManagerStateMachine (OzoneManagerStateMachine.java:getLatestSnapshot(147)) - Latest Snapshot Info 1#499
2020-07-01 01:07:38,856 [grpc-default-executor-7] DEBUG server.GrpcLogAppender (GrpcLogAppender.java:onNext(257)) - omNode-1@group-523986131536->omNode-3-AppendLogResponseHandler: received a reply omNode-1<-omNode-3#756:OK,SUCCESS,nextIndex:545,term:1,followerCommit:544, request=AppendEntriesRequest:cid=756,entriesCount=0,lastEntry=null
2020-07-01 01:07:38,881 [grpc-default-executor-7] INFO  ratis.OzoneManagerStateMachine (OzoneManagerStateMachine.java:getLatestSnapshot(147)) - Latest Snapshot Info 1#470
2020-07-01 01:07:38,882 [grpc-default-executor-7] DEBUG server.GrpcLogAppender (GrpcLogAppender.java:onNext(257)) - omNode-1@group-523986131536->omNode-2-AppendLogResponseHandler: received a reply omNode-1<-omNode-2#1218:OK,SUCCESS,nextIndex:545,term:1,followerCommit:520, request=AppendEntriesRequest:cid=1218,entriesCount=0,lastEntry=null
2020-07-01 01:07:39,356 [grpc-default-executor-7] INFO  ratis.OzoneManagerStateMachine (OzoneManagerStateMachine.java:getLatestSnapshot(147)) - Latest Snapshot Info 1#499
2020-07-01 01:07:39,357 [grpc-default-executor-7] DEBUG server.GrpcLogAppender (GrpcLogAppender.java:onNext(257)) - omNode-1@group-523986131536->omNode-3-AppendLogResponseHandler: received a reply omNode-1<-omNode-3#757:OK,SUCCESS,nextIndex:545,term:1,followerCommit:544, request=AppendEntriesRequest:cid=757,entriesCount=0,lastEntry=null
2020-07-01 01:07:39,383 [grpc-default-executor-7] INFO  ratis.OzoneManagerStateMachine (OzoneManagerStateMachine.java:getLatestSnapshot(147)) - Latest Snapshot Info 1#470
2020-07-01 01:07:39,384 [grpc-default-executor-7] DEBUG server.GrpcLogAppender (GrpcLogAppender.java:onNext(257)) - omNode-1@group-523986131536->omNode-2-AppendLogResponseHandler: received a reply omNode-1<-omNode-2#1219:OK,SUCCESS,nextIndex:545,term:1,followerCommit:520, request=AppendEntriesRequest:cid=1219,entriesCount=0,lastEntry=null
2020-07-01 01:07:39,495 [grpc-default-executor-7] DEBUG server.GrpcLogAppender (GrpcLogAppender.java:onNext(257)) - 69db720a-335e-417f-9e4d-9b6daaea3d10@group-304D1CDEA4AC->5f570ae4-9456-445c-93e3-9355377d8e07-AppendLogResponseHandler: received a reply 69db720a-335e-417f-9e4d-9b6daaea3d10<-5f570ae4-9456-445c-93e3-9355377d8e07#41:OK,SUCCESS,nextIndex:1,term:1,followerCommit:0, request=AppendEntriesRequest:cid=41,entriesCount=0,lastEntry=null
2020-07-01 01:07:39,500 [grpc-default-executor-7] DEBUG server.GrpcLogAppender (GrpcLogAppender.java:onNext(257)) - 69db720a-335e-417f-9e4d-9b6daaea3d10@group-304D1CDEA4AC->40524df2-78a3-4e4e-9ceb-ad6c0599eecc-AppendLogResponseHandler: received a reply 69db720a-335e-417f-9e4d-9b6daaea3d10<-40524df2-78a3-4e4e-9ceb-ad6c0599eecc#41:OK,SUCCESS,nextIndex:1,term:1,followerCommit:0, request=AppendEntriesRequest:cid=41,entriesCount=0,lastEntry=null
2020-07-01 01:07:39,858 [grpc-default-executor-7] INFO  ratis.OzoneManagerStateMachine (OzoneManagerStateMachine.java:getLatestSnapshot(147)) - Latest Snapshot Info 1#499
2020-07-01 01:07:39,859 [grpc-default-executor-7] DEBUG server.GrpcLogAppender (GrpcLogAppender.java:onNext(257)) - omNode-1@group-523986131536->omNode-3-AppendLogResponseHandler: received a reply omNode-1<-omNode-3#758:OK,SUCCESS,nextIndex:545,term:1,followerCommit:544, request=AppendEntriesRequest:cid=758,entriesCount=0,lastEntry=null
2020-07-01 01:07:39,884 [grpc-default-executor-7] INFO  ratis.OzoneManagerStateMachine (OzoneManagerStateMachine.java:getLatestSnapshot(147)) - Latest Snapshot Info 1#470
2020-07-01 01:07:39,885 [grpc-default-executor-7] DEBUG server.GrpcLogAppender (GrpcLogAppender.java:onNext(257)) - omNode-1@group-523986131536->omNode-2-AppendLogResponseHandler: received a reply omNode-1<-omNode-2#1220:OK,SUCCESS,nextIndex:545,term:1,followerCommit:520, request=AppendEntriesRequest:cid=1220,entriesCount=0,lastEntry=null
2020-07-01 01:07:40,360 [grpc-default-executor-7] INFO  ratis.OzoneManagerStateMachine (OzoneManagerStateMachine.java:getLatestSnapshot(147)) - Latest Snapshot Info 1#499
2020-07-01 01:07:40,360 [grpc-default-executor-7] DEBUG server.GrpcLogAppender (GrpcLogAppender.java:onNext(257)) - omNode-1@group-523986131536->omNode-3-AppendLogResponseHandler: received a reply omNode-1<-omNode-3#759:OK,SUCCESS,nextIndex:545,term:1,followerCommit:544, request=AppendEntriesRequest:cid=759,entriesCount=0,lastEntry=null
2020-07-01 01:07:40,385 [grpc-default-executor-7] INFO  ratis.OzoneManagerStateMachine (OzoneManagerStateMachine.java:getLatestSnapshot(147)) - Latest Snapshot Info 1#470
2020-07-01 01:07:40,386 [grpc-default-executor-7] DEBUG server.GrpcLogAppender (GrpcLogAppender.java:onNext(257)) - omNode-1@group-523986131536->omNode-2-AppendLogResponseHandler: received a reply omNode-1<-omNode-2#1221:OK,SUCCESS,nextIndex:545,term:1,followerCommit:520, request=AppendEntriesRequest:cid=1221,entriesCount=0,lastEntry=null
2020-07-01 01:07:40,861 [grpc-default-executor-7] INFO  ratis.OzoneManagerStateMachine (OzoneManagerStateMachine.java:getLatestSnapshot(147)) - Latest Snapshot Info 1#499
2020-07-01 01:07:40,862 [grpc-default-executor-7] DEBUG server.GrpcLogAppender (GrpcLogAppender.java:onNext(257)) - omNode-1@group-523986131536->omNode-3-AppendLogResponseHandler: received a reply omNode-1<-omNode-3#760:OK,SUCCESS,nextIndex:545,term:1,followerCommit:544, request=AppendEntriesRequest:cid=760,entriesCount=0,lastEntry=null
2020-07-01 01:07:40,887 [grpc-default-executor-7] INFO  ratis.OzoneManagerStateMachine (OzoneManagerStateMachine.java:getLatestSnapshot(147)) - Latest Snapshot Info 1#470
2020-07-01 01:07:40,887 [grpc-default-executor-7] DEBUG server.GrpcLogAppender (GrpcLogAppender.java:onNext(257)) - omNode-1@group-523986131536->omNode-2-AppendLogResponseHandler: received a reply omNode-1<-omNode-2#1222:OK,SUCCESS,nextIndex:545,term:1,followerCommit:520, request=AppendEntriesRequest:cid=1222,entriesCount=0,lastEntry=null
2020-07-01 01:07:41,363 [grpc-default-executor-7] INFO  ratis.OzoneManagerStateMachine (OzoneManagerStateMachine.java:getLatestSnapshot(147)) - Latest Snapshot Info 1#499
2020-07-01 01:07:41,364 [grpc-default-executor-7] DEBUG server.GrpcLogAppender (GrpcLogAppender.java:onNext(257)) - omNode-1@group-523986131536->omNode-3-AppendLogResponseHandler: received a reply omNode-1<-omNode-3#761:OK,SUCCESS,nextIndex:545,term:1,followerCommit:544, request=AppendEntriesRequest:cid=761,entriesCount=0,lastEntry=null
2020-07-01 01:07:41,388 [grpc-default-executor-7] INFO  ratis.OzoneManagerStateMachine (OzoneManagerStateMachine.java:getLatestSnapshot(147)) - Latest Snapshot Info 1#470
2020-07-01 01:07:41,389 [grpc-default-executor-7] DEBUG server.GrpcLogAppender (GrpcLogAppender.java:onNext(257)) - omNode-1@group-523986131536->omNode-2-AppendLogResponseHandler: received a reply omNode-1<-omNode-2#1223:OK,SUCCESS,nextIndex:545,term:1,followerCommit:520, request=AppendEntriesRequest:cid=1223,entriesCount=0,lastEntry=null
2020-07-01 01:07:41,864 [grpc-default-executor-7] INFO  ratis.OzoneManagerStateMachine (OzoneManagerStateMachine.java:getLatestSnapshot(147)) - Latest Snapshot Info 1#499
2020-07-01 01:07:41,869 [grpc-default-executor-7] DEBUG server.GrpcLogAppender (GrpcLogAppender.java:onNext(257)) - omNode-1@group-523986131536->omNode-3-AppendLogResponseHandler: received a reply omNode-1<-omNode-3#762:OK,SUCCESS,nextIndex:545,term:1,followerCommit:544, request=AppendEntriesRequest:cid=762,entriesCount=0,lastEntry=null
2020-07-01 01:07:41,889 [grpc-default-executor-7] INFO  ratis.OzoneManagerStateMachine (OzoneManagerStateMachine.java:getLatestSnapshot(147)) - Latest Snapshot Info 1#470
2020-07-01 01:07:41,890 [grpc-default-executor-7] DEBUG server.GrpcLogAppender (GrpcLogAppender.java:onNext(257)) - omNode-1@group-523986131536->omNode-2-AppendLogResponseHandler: received a reply omNode-1<-omNode-2#1224:OK,SUCCESS,nextIndex:545,term:1,followerCommit:520, request=AppendEntriesRequest:cid=1224,entriesCount=0,lastEntry=null
2020-07-01 01:07:41,997 [grpc-default-executor-7] DEBUG server.GrpcLogAppender (GrpcLogAppender.java:onNext(257)) - 69db720a-335e-417f-9e4d-9b6daaea3d10@group-304D1CDEA4AC->5f570ae4-9456-445c-93e3-9355377d8e07-AppendLogResponseHandler: received a reply 69db720a-335e-417f-9e4d-9b6daaea3d10<-5f570ae4-9456-445c-93e3-9355377d8e07#42:OK,SUCCESS,nextIndex:1,term:1,followerCommit:0, request=AppendEntriesRequest:cid=42,entriesCount=0,lastEntry=null
2020-07-01 01:07:42,001 [grpc-default-executor-7] DEBUG server.GrpcLogAppender (GrpcLogAppender.java:onNext(257)) - 69db720a-335e-417f-9e4d-9b6daaea3d10@group-304D1CDEA4AC->40524df2-78a3-4e4e-9ceb-ad6c0599eecc-AppendLogResponseHandler: received a reply 69db720a-335e-417f-9e4d-9b6daaea3d10<-40524df2-78a3-4e4e-9ceb-ad6c0599eecc#42:OK,SUCCESS,nextIndex:1,term:1,followerCommit:0, request=AppendEntriesRequest:cid=42,entriesCount=0,lastEntry=null
2020-07-01 01:07:42,369 [grpc-default-executor-7] INFO  ratis.OzoneManagerStateMachine (OzoneManagerStateMachine.java:getLatestSnapshot(147)) - Latest Snapshot Info 1#499
2020-07-01 01:07:42,370 [grpc-default-executor-7] DEBUG server.GrpcLogAppender (GrpcLogAppender.java:onNext(257)) - omNode-1@group-523986131536->omNode-3-AppendLogResponseHandler: received a reply omNode-1<-omNode-3#763:OK,SUCCESS,nextIndex:545,term:1,followerCommit:544, request=AppendEntriesRequest:cid=763,entriesCount=0,lastEntry=null
2020-07-01 01:07:42,390 [grpc-default-executor-7] INFO  ratis.OzoneManagerStateMachine (OzoneManagerStateMachine.java:getLatestSnapshot(147)) - Latest Snapshot Info 1#470
2020-07-01 01:07:42,391 [grpc-default-executor-7] DEBUG server.GrpcLogAppender (GrpcLogAppender.java:onNext(257)) - omNode-1@group-523986131536->omNode-2-AppendLogResponseHandler: received a reply omNode-1<-omNode-2#1225:OK,SUCCESS,nextIndex:545,term:1,followerCommit:520, request=AppendEntriesRequest:cid=1225,entriesCount=0,lastEntry=null
2020-07-01 01:07:42,871 [grpc-default-executor-7] INFO  ratis.OzoneManagerStateMachine (OzoneManagerStateMachine.java:getLatestSnapshot(147)) - Latest Snapshot Info 1#499
2020-07-01 01:07:42,872 [grpc-default-executor-7] DEBUG server.GrpcLogAppender (GrpcLogAppender.java:onNext(257)) - omNode-1@group-523986131536->omNode-3-AppendLogResponseHandler: received a reply omNode-1<-omNode-3#764:OK,SUCCESS,nextIndex:545,term:1,followerCommit:544, request=AppendEntriesRequest:cid=764,entriesCount=0,lastEntry=null
2020-07-01 01:07:42,892 [grpc-default-executor-7] INFO  ratis.OzoneManagerStateMachine (OzoneManagerStateMachine.java:getLatestSnapshot(147)) - Latest Snapshot Info 1#470
2020-07-01 01:07:42,892 [grpc-default-executor-7] DEBUG server.GrpcLogAppender (GrpcLogAppender.java:onNext(257)) - omNode-1@group-523986131536->omNode-2-AppendLogResponseHandler: received a reply omNode-1<-omNode-2#1226:OK,SUCCESS,nextIndex:545,term:1,followerCommit:520, request=AppendEntriesRequest:cid=1226,entriesCount=0,lastEntry=null
2020-07-01 01:07:43,372 [grpc-default-executor-7] INFO  ratis.OzoneManagerStateMachine (OzoneManagerStateMachine.java:getLatestSnapshot(147)) - Latest Snapshot Info 1#499
2020-07-01 01:07:43,373 [grpc-default-executor-7] DEBUG server.GrpcLogAppender (GrpcLogAppender.java:onNext(257)) - omNode-1@group-523986131536->omNode-3-AppendLogResponseHandler: received a reply omNode-1<-omNode-3#765:OK,SUCCESS,nextIndex:545,term:1,followerCommit:544, request=AppendEntriesRequest:cid=765,entriesCount=0,lastEntry=null
2020-07-01 01:07:43,393 [grpc-default-executor-7] INFO  ratis.OzoneManagerStateMachine (OzoneManagerStateMachine.java:getLatestSnapshot(147)) - Latest Snapshot Info 1#470
2020-07-01 01:07:43,394 [grpc-default-executor-7] DEBUG server.GrpcLogAppender (GrpcLogAppender.java:onNext(257)) - omNode-1@group-523986131536->omNode-2-AppendLogResponseHandler: received a reply omNode-1<-omNode-2#1227:OK,SUCCESS,nextIndex:545,term:1,followerCommit:520, request=AppendEntriesRequest:cid=1227,entriesCount=0,lastEntry=null
2020-07-01 01:07:43,874 [grpc-default-executor-7] INFO  ratis.OzoneManagerStateMachine (OzoneManagerStateMachine.java:getLatestSnapshot(147)) - Latest Snapshot Info 1#499
2020-07-01 01:07:43,875 [grpc-default-executor-7] DEBUG server.GrpcLogAppender (GrpcLogAppender.java:onNext(257)) - omNode-1@group-523986131536->omNode-3-AppendLogResponseHandler: received a reply omNode-1<-omNode-3#766:OK,SUCCESS,nextIndex:545,term:1,followerCommit:544, request=AppendEntriesRequest:cid=766,entriesCount=0,lastEntry=null
2020-07-01 01:07:43,894 [grpc-default-executor-7] INFO  ratis.OzoneManagerStateMachine (OzoneManagerStateMachine.java:getLatestSnapshot(147)) - Latest Snapshot Info 1#470
2020-07-01 01:07:43,895 [grpc-default-executor-7] DEBUG server.GrpcLogAppender (GrpcLogAppender.java:onNext(257)) - omNode-1@group-523986131536->omNode-2-AppendLogResponseHandler: received a reply omNode-1<-omNode-2#1228:OK,SUCCESS,nextIndex:545,term:1,followerCommit:520, request=AppendEntriesRequest:cid=1228,entriesCount=0,lastEntry=null
2020-07-01 01:07:44,376 [grpc-default-executor-7] INFO  ratis.OzoneManagerStateMachine (OzoneManagerStateMachine.java:getLatestSnapshot(147)) - Latest Snapshot Info 1#499
2020-07-01 01:07:44,376 [grpc-default-executor-7] DEBUG server.GrpcLogAppender (GrpcLogAppender.java:onNext(257)) - omNode-1@group-523986131536->omNode-3-AppendLogResponseHandler: received a reply omNode-1<-omNode-3#767:OK,SUCCESS,nextIndex:545,term:1,followerCommit:544, request=AppendEntriesRequest:cid=767,entriesCount=0,lastEntry=null
2020-07-01 01:07:44,395 [grpc-default-executor-7] INFO  ratis.OzoneManagerStateMachine (OzoneManagerStateMachine.java:getLatestSnapshot(147)) - Latest Snapshot Info 1#470
2020-07-01 01:07:44,396 [grpc-default-executor-7] DEBUG server.GrpcLogAppender (GrpcLogAppender.java:onNext(257)) - omNode-1@group-523986131536->omNode-2-AppendLogResponseHandler: received a reply omNode-1<-omNode-2#1229:OK,SUCCESS,nextIndex:545,term:1,followerCommit:520, request=AppendEntriesRequest:cid=1229,entriesCount=0,lastEntry=null
2020-07-01 01:07:44,498 [grpc-default-executor-7] DEBUG server.GrpcLogAppender (GrpcLogAppender.java:onNext(257)) - 69db720a-335e-417f-9e4d-9b6daaea3d10@group-304D1CDEA4AC->5f570ae4-9456-445c-93e3-9355377d8e07-AppendLogResponseHandler: received a reply 69db720a-335e-417f-9e4d-9b6daaea3d10<-5f570ae4-9456-445c-93e3-9355377d8e07#43:OK,SUCCESS,nextIndex:1,term:1,followerCommit:0, request=AppendEntriesRequest:cid=43,entriesCount=0,lastEntry=null
2020-07-01 01:07:44,503 [grpc-default-executor-7] DEBUG server.GrpcLogAppender (GrpcLogAppender.java:onNext(257)) - 69db720a-335e-417f-9e4d-9b6daaea3d10@group-304D1CDEA4AC->40524df2-78a3-4e4e-9ceb-ad6c0599eecc-AppendLogResponseHandler: received a reply 69db720a-335e-417f-9e4d-9b6daaea3d10<-40524df2-78a3-4e4e-9ceb-ad6c0599eecc#43:OK,SUCCESS,nextIndex:1,term:1,followerCommit:0, request=AppendEntriesRequest:cid=43,entriesCount=0,lastEntry=null
2020-07-01 01:07:44,877 [grpc-default-executor-7] INFO  ratis.OzoneManagerStateMachine (OzoneManagerStateMachine.java:getLatestSnapshot(147)) - Latest Snapshot Info 1#499
2020-07-01 01:07:44,878 [grpc-default-executor-7] DEBUG server.GrpcLogAppender (GrpcLogAppender.java:onNext(257)) - omNode-1@group-523986131536->omNode-3-AppendLogResponseHandler: received a reply omNode-1<-omNode-3#768:OK,SUCCESS,nextIndex:545,term:1,followerCommit:544, request=AppendEntriesRequest:cid=768,entriesCount=0,lastEntry=null
2020-07-01 01:07:44,897 [grpc-default-executor-7] INFO  ratis.OzoneManagerStateMachine (OzoneManagerStateMachine.java:getLatestSnapshot(147)) - Latest Snapshot Info 1#470
2020-07-01 01:07:44,897 [grpc-default-executor-7] DEBUG server.GrpcLogAppender (GrpcLogAppender.java:onNext(257)) - omNode-1@group-523986131536->omNode-2-AppendLogResponseHandler: received a reply omNode-1<-omNode-2#1230:OK,SUCCESS,nextIndex:545,term:1,followerCommit:520, request=AppendEntriesRequest:cid=1230,entriesCount=0,lastEntry=null
2020-07-01 01:07:45,381 [grpc-default-executor-7] INFO  ratis.OzoneManagerStateMachine (OzoneManagerStateMachine.java:getLatestSnapshot(147)) - Latest Snapshot Info 1#499
2020-07-01 01:07:45,381 [grpc-default-executor-7] DEBUG server.GrpcLogAppender (GrpcLogAppender.java:onNext(257)) - omNode-1@group-523986131536->omNode-3-AppendLogResponseHandler: received a reply omNode-1<-omNode-3#769:OK,SUCCESS,nextIndex:545,term:1,followerCommit:544, request=AppendEntriesRequest:cid=769,entriesCount=0,lastEntry=null
2020-07-01 01:07:45,398 [grpc-default-executor-7] INFO  ratis.OzoneManagerStateMachine (OzoneManagerStateMachine.java:getLatestSnapshot(147)) - Latest Snapshot Info 1#470
2020-07-01 01:07:45,399 [grpc-default-executor-7] DEBUG server.GrpcLogAppender (GrpcLogAppender.java:onNext(257)) - omNode-1@group-523986131536->omNode-2-AppendLogResponseHandler: received a reply omNode-1<-omNode-2#1231:OK,SUCCESS,nextIndex:545,term:1,followerCommit:520, request=AppendEntriesRequest:cid=1231,entriesCount=0,lastEntry=null
2020-07-01 01:07:45,882 [grpc-default-executor-7] INFO  ratis.OzoneManagerStateMachine (OzoneManagerStateMachine.java:getLatestSnapshot(147)) - Latest Snapshot Info 1#499
2020-07-01 01:07:45,883 [grpc-default-executor-7] DEBUG server.GrpcLogAppender (GrpcLogAppender.java:onNext(257)) - omNode-1@group-523986131536->omNode-3-AppendLogResponseHandler: received a reply omNode-1<-omNode-3#770:OK,SUCCESS,nextIndex:545,term:1,followerCommit:544, request=AppendEntriesRequest:cid=770,entriesCount=0,lastEntry=null
2020-07-01 01:07:45,899 [grpc-default-executor-7] INFO  ratis.OzoneManagerStateMachine (OzoneManagerStateMachine.java:getLatestSnapshot(147)) - Latest Snapshot Info 1#470
2020-07-01 01:07:45,900 [grpc-default-executor-7] DEBUG server.GrpcLogAppender (GrpcLogAppender.java:onNext(257)) - omNode-1@group-523986131536->omNode-2-AppendLogResponseHandler: received a reply omNode-1<-omNode-2#1232:OK,SUCCESS,nextIndex:545,term:1,followerCommit:520, request=AppendEntriesRequest:cid=1232,entriesCount=0,lastEntry=null
2020-07-01 01:07:46,384 [grpc-default-executor-7] INFO  ratis.OzoneManagerStateMachine (OzoneManagerStateMachine.java:getLatestSnapshot(147)) - Latest Snapshot Info 1#499
2020-07-01 01:07:46,385 [grpc-default-executor-7] DEBUG server.GrpcLogAppender (GrpcLogAppender.java:onNext(257)) - omNode-1@group-523986131536->omNode-3-AppendLogResponseHandler: received a reply omNode-1<-omNode-3#771:OK,SUCCESS,nextIndex:545,term:1,followerCommit:544, request=AppendEntriesRequest:cid=771,entriesCount=0,lastEntry=null
2020-07-01 01:07:46,401 [grpc-default-executor-7] INFO  ratis.OzoneManagerStateMachine (OzoneManagerStateMachine.java:getLatestSnapshot(147)) - Latest Snapshot Info 1#470
2020-07-01 01:07:46,401 [grpc-default-executor-7] DEBUG server.GrpcLogAppender (GrpcLogAppender.java:onNext(257)) - omNode-1@group-523986131536->omNode-2-AppendLogResponseHandler: received a reply omNode-1<-omNode-2#1233:OK,SUCCESS,nextIndex:545,term:1,followerCommit:520, request=AppendEntriesRequest:cid=1233,entriesCount=0,lastEntry=null
2020-07-01 01:07:46,686 [RatisPipelineUtilsThread] ERROR pipeline.SCMPipelineManager (SCMPipelineManager.java:createPipeline(222)) - Failed to create pipeline of type RATIS and factor ONE. Exception: Cannot create pipeline of factor 1 using 0 nodes. Used 3 nodes. Healthy nodes 3
2020-07-01 01:07:46,687 [RatisPipelineUtilsThread] ERROR pipeline.SCMPipelineManager (SCMPipelineManager.java:createPipeline(222)) - Failed to create pipeline of type RATIS and factor THREE. Exception: Pipeline creation failed because nodes are engaged in other pipelines and every node can only be engaged in max 2 pipelines. Required 3. Found 0
2020-07-01 01:07:46,885 [grpc-default-executor-7] INFO  ratis.OzoneManagerStateMachine (OzoneManagerStateMachine.java:getLatestSnapshot(147)) - Latest Snapshot Info 1#499
2020-07-01 01:07:46,886 [grpc-default-executor-7] DEBUG server.GrpcLogAppender (GrpcLogAppender.java:onNext(257)) - omNode-1@group-523986131536->omNode-3-AppendLogResponseHandler: received a reply omNode-1<-omNode-3#772:OK,SUCCESS,nextIndex:545,term:1,followerCommit:544, request=AppendEntriesRequest:cid=772,entriesCount=0,lastEntry=null
2020-07-01 01:07:46,902 [grpc-default-executor-7] INFO  ratis.OzoneManagerStateMachine (OzoneManagerStateMachine.java:getLatestSnapshot(147)) - Latest Snapshot Info 1#470
2020-07-01 01:07:46,902 [grpc-default-executor-7] DEBUG server.GrpcLogAppender (GrpcLogAppender.java:onNext(257)) - omNode-1@group-523986131536->omNode-2-AppendLogResponseHandler: received a reply omNode-1<-omNode-2#1234:OK,SUCCESS,nextIndex:545,term:1,followerCommit:520, request=AppendEntriesRequest:cid=1234,entriesCount=0,lastEntry=null
2020-07-01 01:07:46,999 [grpc-default-executor-7] DEBUG server.GrpcLogAppender (GrpcLogAppender.java:onNext(257)) - 69db720a-335e-417f-9e4d-9b6daaea3d10@group-304D1CDEA4AC->5f570ae4-9456-445c-93e3-9355377d8e07-AppendLogResponseHandler: received a reply 69db720a-335e-417f-9e4d-9b6daaea3d10<-5f570ae4-9456-445c-93e3-9355377d8e07#44:OK,SUCCESS,nextIndex:1,term:1,followerCommit:0, request=AppendEntriesRequest:cid=44,entriesCount=0,lastEntry=null
2020-07-01 01:07:47,004 [grpc-default-executor-7] DEBUG server.GrpcLogAppender (GrpcLogAppender.java:onNext(257)) - 69db720a-335e-417f-9e4d-9b6daaea3d10@group-304D1CDEA4AC->40524df2-78a3-4e4e-9ceb-ad6c0599eecc-AppendLogResponseHandler: received a reply 69db720a-335e-417f-9e4d-9b6daaea3d10<-40524df2-78a3-4e4e-9ceb-ad6c0599eecc#44:OK,SUCCESS,nextIndex:1,term:1,followerCommit:0, request=AppendEntriesRequest:cid=44,entriesCount=0,lastEntry=null
2020-07-01 01:07:47,387 [grpc-default-executor-7] INFO  ratis.OzoneManagerStateMachine (OzoneManagerStateMachine.java:getLatestSnapshot(147)) - Latest Snapshot Info 1#499
2020-07-01 01:07:47,388 [grpc-default-executor-7] DEBUG server.GrpcLogAppender (GrpcLogAppender.java:onNext(257)) - omNode-1@group-523986131536->omNode-3-AppendLogResponseHandler: received a reply omNode-1<-omNode-3#773:OK,SUCCESS,nextIndex:545,term:1,followerCommit:544, request=AppendEntriesRequest:cid=773,entriesCount=0,lastEntry=null
2020-07-01 01:07:47,403 [grpc-default-executor-7] INFO  ratis.OzoneManagerStateMachine (OzoneManagerStateMachine.java:getLatestSnapshot(147)) - Latest Snapshot Info 1#470
2020-07-01 01:07:47,404 [grpc-default-executor-7] DEBUG server.GrpcLogAppender (GrpcLogAppender.java:onNext(257)) - omNode-1@group-523986131536->omNode-2-AppendLogResponseHandler: received a reply omNode-1<-omNode-2#1235:OK,SUCCESS,nextIndex:545,term:1,followerCommit:520, request=AppendEntriesRequest:cid=1235,entriesCount=0,lastEntry=null
2020-07-01 01:07:47,889 [grpc-default-executor-7] INFO  ratis.OzoneManagerStateMachine (OzoneManagerStateMachine.java:getLatestSnapshot(147)) - Latest Snapshot Info 1#499
2020-07-01 01:07:47,889 [grpc-default-executor-7] DEBUG server.GrpcLogAppender (GrpcLogAppender.java:onNext(257)) - omNode-1@group-523986131536->omNode-3-AppendLogResponseHandler: received a reply omNode-1<-omNode-3#774:OK,SUCCESS,nextIndex:545,term:1,followerCommit:544, request=AppendEntriesRequest:cid=774,entriesCount=0,lastEntry=null
2020-07-01 01:07:47,905 [grpc-default-executor-7] INFO  ratis.OzoneManagerStateMachine (OzoneManagerStateMachine.java:getLatestSnapshot(147)) - Latest Snapshot Info 1#470
2020-07-01 01:07:47,905 [grpc-default-executor-7] DEBUG server.GrpcLogAppender (GrpcLogAppender.java:onNext(257)) - omNode-1@group-523986131536->omNode-2-AppendLogResponseHandler: received a reply omNode-1<-omNode-2#1236:OK,SUCCESS,nextIndex:545,term:1,followerCommit:520, request=AppendEntriesRequest:cid=1236,entriesCount=0,lastEntry=null
2020-07-01 01:07:48,390 [grpc-default-executor-7] INFO  ratis.OzoneManagerStateMachine (OzoneManagerStateMachine.java:getLatestSnapshot(147)) - Latest Snapshot Info 1#499
2020-07-01 01:07:48,391 [grpc-default-executor-7] DEBUG server.GrpcLogAppender (GrpcLogAppender.java:onNext(257)) - omNode-1@group-523986131536->omNode-3-AppendLogResponseHandler: received a reply omNode-1<-omNode-3#775:OK,SUCCESS,nextIndex:545,term:1,followerCommit:544, request=AppendEntriesRequest:cid=775,entriesCount=0,lastEntry=null
2020-07-01 01:07:48,406 [grpc-default-executor-7] INFO  ratis.OzoneManagerStateMachine (OzoneManagerStateMachine.java:getLatestSnapshot(147)) - Latest Snapshot Info 1#470
2020-07-01 01:07:48,407 [grpc-default-executor-7] DEBUG server.GrpcLogAppender (GrpcLogAppender.java:onNext(257)) - omNode-1@group-523986131536->omNode-2-AppendLogResponseHandler: received a reply omNode-1<-omNode-2#1237:OK,SUCCESS,nextIndex:545,term:1,followerCommit:520, request=AppendEntriesRequest:cid=1237,entriesCount=0,lastEntry=null
2020-07-01 01:07:48,892 [grpc-default-executor-7] INFO  ratis.OzoneManagerStateMachine (OzoneManagerStateMachine.java:getLatestSnapshot(147)) - Latest Snapshot Info 1#499
2020-07-01 01:07:48,892 [grpc-default-executor-7] DEBUG server.GrpcLogAppender (GrpcLogAppender.java:onNext(257)) - omNode-1@group-523986131536->omNode-3-AppendLogResponseHandler: received a reply omNode-1<-omNode-3#776:OK,SUCCESS,nextIndex:545,term:1,followerCommit:544, request=AppendEntriesRequest:cid=776,entriesCount=0,lastEntry=null
2020-07-01 01:07:48,907 [grpc-default-executor-7] INFO  ratis.OzoneManagerStateMachine (OzoneManagerStateMachine.java:getLatestSnapshot(147)) - Latest Snapshot Info 1#470
2020-07-01 01:07:49,036 [grpc-default-executor-7] DEBUG server.GrpcLogAppender (GrpcLogAppender.java:onNext(257)) - omNode-1@group-523986131536->omNode-2-AppendLogResponseHandler: received a reply omNode-1<-omNode-2#1238:OK,SUCCESS,nextIndex:545,term:1,followerCommit:520, request=AppendEntriesRequest:cid=1238,entriesCount=0,lastEntry=null
2020-07-01 01:07:49,393 [grpc-default-executor-7] INFO  ratis.OzoneManagerStateMachine (OzoneManagerStateMachine.java:getLatestSnapshot(147)) - Latest Snapshot Info 1#499
2020-07-01 01:07:49,394 [grpc-default-executor-7] DEBUG server.GrpcLogAppender (GrpcLogAppender.java:onNext(257)) - omNode-1@group-523986131536->omNode-3-AppendLogResponseHandler: received a reply omNode-1<-omNode-3#777:OK,SUCCESS,nextIndex:545,term:1,followerCommit:544, request=AppendEntriesRequest:cid=777,entriesCount=0,lastEntry=null
2020-07-01 01:07:49,500 [grpc-default-executor-7] DEBUG server.GrpcLogAppender (GrpcLogAppender.java:onNext(257)) - 69db720a-335e-417f-9e4d-9b6daaea3d10@group-304D1CDEA4AC->5f570ae4-9456-445c-93e3-9355377d8e07-AppendLogResponseHandler: received a reply 69db720a-335e-417f-9e4d-9b6daaea3d10<-5f570ae4-9456-445c-93e3-9355377d8e07#45:OK,SUCCESS,nextIndex:1,term:1,followerCommit:0, request=AppendEntriesRequest:cid=45,entriesCount=0,lastEntry=null
2020-07-01 01:07:49,505 [grpc-default-executor-7] DEBUG server.GrpcLogAppender (GrpcLogAppender.java:onNext(257)) - 69db720a-335e-417f-9e4d-9b6daaea3d10@group-304D1CDEA4AC->40524df2-78a3-4e4e-9ceb-ad6c0599eecc-AppendLogResponseHandler: received a reply 69db720a-335e-417f-9e4d-9b6daaea3d10<-40524df2-78a3-4e4e-9ceb-ad6c0599eecc#45:OK,SUCCESS,nextIndex:1,term:1,followerCommit:0, request=AppendEntriesRequest:cid=45,entriesCount=0,lastEntry=null
2020-07-01 01:07:49,536 [grpc-default-executor-7] INFO  ratis.OzoneManagerStateMachine (OzoneManagerStateMachine.java:getLatestSnapshot(147)) - Latest Snapshot Info 1#470
2020-07-01 01:07:49,537 [grpc-default-executor-7] DEBUG server.GrpcLogAppender (GrpcLogAppender.java:onNext(257)) - omNode-1@group-523986131536->omNode-2-AppendLogResponseHandler: received a reply omNode-1<-omNode-2#1239:OK,SUCCESS,nextIndex:545,term:1,followerCommit:520, request=AppendEntriesRequest:cid=1239,entriesCount=0,lastEntry=null
2020-07-01 01:07:49,895 [grpc-default-executor-7] INFO  ratis.OzoneManagerStateMachine (OzoneManagerStateMachine.java:getLatestSnapshot(147)) - Latest Snapshot Info 1#499
2020-07-01 01:07:49,896 [grpc-default-executor-7] DEBUG server.GrpcLogAppender (GrpcLogAppender.java:onNext(257)) - omNode-1@group-523986131536->omNode-3-AppendLogResponseHandler: received a reply omNode-1<-omNode-3#778:OK,SUCCESS,nextIndex:545,term:1,followerCommit:544, request=AppendEntriesRequest:cid=778,entriesCount=0,lastEntry=null
2020-07-01 01:07:50,037 [grpc-default-executor-7] INFO  ratis.OzoneManagerStateMachine (OzoneManagerStateMachine.java:getLatestSnapshot(147)) - Latest Snapshot Info 1#470
2020-07-01 01:07:50,040 [grpc-default-executor-7] DEBUG server.GrpcLogAppender (GrpcLogAppender.java:onNext(257)) - omNode-1@group-523986131536->omNode-2-AppendLogResponseHandler: received a reply omNode-1<-omNode-2#1240:OK,SUCCESS,nextIndex:545,term:1,followerCommit:520, request=AppendEntriesRequest:cid=1240,entriesCount=0,lastEntry=null
2020-07-01 01:07:50,396 [grpc-default-executor-7] INFO  ratis.OzoneManagerStateMachine (OzoneManagerStateMachine.java:getLatestSnapshot(147)) - Latest Snapshot Info 1#499
2020-07-01 01:07:50,397 [grpc-default-executor-7] DEBUG server.GrpcLogAppender (GrpcLogAppender.java:onNext(257)) - omNode-1@group-523986131536->omNode-3-AppendLogResponseHandler: received a reply omNode-1<-omNode-3#779:OK,SUCCESS,nextIndex:545,term:1,followerCommit:544, request=AppendEntriesRequest:cid=779,entriesCount=0,lastEntry=null
2020-07-01 01:07:50,541 [grpc-default-executor-7] INFO  ratis.OzoneManagerStateMachine (OzoneManagerStateMachine.java:getLatestSnapshot(147)) - Latest Snapshot Info 1#470
2020-07-01 01:07:50,541 [grpc-default-executor-7] DEBUG server.GrpcLogAppender (GrpcLogAppender.java:onNext(257)) - omNode-1@group-523986131536->omNode-2-AppendLogResponseHandler: received a reply omNode-1<-omNode-2#1241:OK,SUCCESS,nextIndex:545,term:1,followerCommit:520, request=AppendEntriesRequest:cid=1241,entriesCount=0,lastEntry=null
2020-07-01 01:07:50,899 [grpc-default-executor-7] INFO  ratis.OzoneManagerStateMachine (OzoneManagerStateMachine.java:getLatestSnapshot(147)) - Latest Snapshot Info 1#499
2020-07-01 01:07:50,900 [grpc-default-executor-7] DEBUG server.GrpcLogAppender (GrpcLogAppender.java:onNext(257)) - omNode-1@group-523986131536->omNode-3-AppendLogResponseHandler: received a reply omNode-1<-omNode-3#780:OK,SUCCESS,nextIndex:545,term:1,followerCommit:544, request=AppendEntriesRequest:cid=780,entriesCount=0,lastEntry=null
2020-07-01 01:07:51,042 [grpc-default-executor-7] INFO  ratis.OzoneManagerStateMachine (OzoneManagerStateMachine.java:getLatestSnapshot(147)) - Latest Snapshot Info 1#470
2020-07-01 01:07:51,043 [grpc-default-executor-7] DEBUG server.GrpcLogAppender (GrpcLogAppender.java:onNext(257)) - omNode-1@group-523986131536->omNode-2-AppendLogResponseHandler: received a reply omNode-1<-omNode-2#1242:OK,SUCCESS,nextIndex:545,term:1,followerCommit:520, request=AppendEntriesRequest:cid=1242,entriesCount=0,lastEntry=null
2020-07-01 01:07:51,400 [grpc-default-executor-7] INFO  ratis.OzoneManagerStateMachine (OzoneManagerStateMachine.java:getLatestSnapshot(147)) - Latest Snapshot Info 1#499
2020-07-01 01:07:51,401 [grpc-default-executor-7] DEBUG server.GrpcLogAppender (GrpcLogAppender.java:onNext(257)) - omNode-1@group-523986131536->omNode-3-AppendLogResponseHandler: received a reply omNode-1<-omNode-3#781:OK,SUCCESS,nextIndex:545,term:1,followerCommit:544, request=AppendEntriesRequest:cid=781,entriesCount=0,lastEntry=null
2020-07-01 01:07:51,545 [grpc-default-executor-7] INFO  ratis.OzoneManagerStateMachine (OzoneManagerStateMachine.java:getLatestSnapshot(147)) - Latest Snapshot Info 1#470
2020-07-01 01:07:51,547 [grpc-default-executor-7] DEBUG server.GrpcLogAppender (GrpcLogAppender.java:onNext(257)) - omNode-1@group-523986131536->omNode-2-AppendLogResponseHandler: received a reply omNode-1<-omNode-2#1243:OK,SUCCESS,nextIndex:545,term:1,followerCommit:520, request=AppendEntriesRequest:cid=1243,entriesCount=0,lastEntry=null
2020-07-01 01:07:51,902 [grpc-default-executor-7] INFO  ratis.OzoneManagerStateMachine (OzoneManagerStateMachine.java:getLatestSnapshot(147)) - Latest Snapshot Info 1#499
2020-07-01 01:07:51,903 [grpc-default-executor-7] DEBUG server.GrpcLogAppender (GrpcLogAppender.java:onNext(257)) - omNode-1@group-523986131536->omNode-3-AppendLogResponseHandler: received a reply omNode-1<-omNode-3#782:OK,SUCCESS,nextIndex:545,term:1,followerCommit:544, request=AppendEntriesRequest:cid=782,entriesCount=0,lastEntry=null
2020-07-01 01:07:52,002 [grpc-default-executor-7] DEBUG server.GrpcLogAppender (GrpcLogAppender.java:onNext(257)) - 69db720a-335e-417f-9e4d-9b6daaea3d10@group-304D1CDEA4AC->5f570ae4-9456-445c-93e3-9355377d8e07-AppendLogResponseHandler: received a reply 69db720a-335e-417f-9e4d-9b6daaea3d10<-5f570ae4-9456-445c-93e3-9355377d8e07#46:OK,SUCCESS,nextIndex:1,term:1,followerCommit:0, request=AppendEntriesRequest:cid=46,entriesCount=0,lastEntry=null
2020-07-01 01:07:52,006 [grpc-default-executor-7] DEBUG server.GrpcLogAppender (GrpcLogAppender.java:onNext(257)) - 69db720a-335e-417f-9e4d-9b6daaea3d10@group-304D1CDEA4AC->40524df2-78a3-4e4e-9ceb-ad6c0599eecc-AppendLogResponseHandler: received a reply 69db720a-335e-417f-9e4d-9b6daaea3d10<-40524df2-78a3-4e4e-9ceb-ad6c0599eecc#46:OK,SUCCESS,nextIndex:1,term:1,followerCommit:0, request=AppendEntriesRequest:cid=46,entriesCount=0,lastEntry=null
2020-07-01 01:07:52,047 [grpc-default-executor-7] INFO  ratis.OzoneManagerStateMachine (OzoneManagerStateMachine.java:getLatestSnapshot(147)) - Latest Snapshot Info 1#470
2020-07-01 01:07:52,048 [grpc-default-executor-7] DEBUG server.GrpcLogAppender (GrpcLogAppender.java:onNext(257)) - omNode-1@group-523986131536->omNode-2-AppendLogResponseHandler: received a reply omNode-1<-omNode-2#1244:OK,SUCCESS,nextIndex:545,term:1,followerCommit:520, request=AppendEntriesRequest:cid=1244,entriesCount=0,lastEntry=null
2020-07-01 01:07:52,403 [grpc-default-executor-7] INFO  ratis.OzoneManagerStateMachine (OzoneManagerStateMachine.java:getLatestSnapshot(147)) - Latest Snapshot Info 1#499
2020-07-01 01:07:52,404 [grpc-default-executor-7] DEBUG server.GrpcLogAppender (GrpcLogAppender.java:onNext(257)) - omNode-1@group-523986131536->omNode-3-AppendLogResponseHandler: received a reply omNode-1<-omNode-3#783:OK,SUCCESS,nextIndex:545,term:1,followerCommit:544, request=AppendEntriesRequest:cid=783,entriesCount=0,lastEntry=null
2020-07-01 01:07:52,549 [grpc-default-executor-7] INFO  ratis.OzoneManagerStateMachine (OzoneManagerStateMachine.java:getLatestSnapshot(147)) - Latest Snapshot Info 1#470
2020-07-01 01:07:52,553 [grpc-default-executor-7] DEBUG server.GrpcLogAppender (GrpcLogAppender.java:onNext(257)) - omNode-1@group-523986131536->omNode-2-AppendLogResponseHandler: received a reply omNode-1<-omNode-2#1245:OK,SUCCESS,nextIndex:545,term:1,followerCommit:520, request=AppendEntriesRequest:cid=1245,entriesCount=0,lastEntry=null
2020-07-01 01:07:52,905 [grpc-default-executor-7] INFO  ratis.OzoneManagerStateMachine (OzoneManagerStateMachine.java:getLatestSnapshot(147)) - Latest Snapshot Info 1#499
2020-07-01 01:07:52,906 [grpc-default-executor-7] DEBUG server.GrpcLogAppender (GrpcLogAppender.java:onNext(257)) - omNode-1@group-523986131536->omNode-3-AppendLogResponseHandler: received a reply omNode-1<-omNode-3#784:OK,SUCCESS,nextIndex:545,term:1,followerCommit:544, request=AppendEntriesRequest:cid=784,entriesCount=0,lastEntry=null
2020-07-01 01:07:53,053 [grpc-default-executor-7] INFO  ratis.OzoneManagerStateMachine (OzoneManagerStateMachine.java:getLatestSnapshot(147)) - Latest Snapshot Info 1#470
2020-07-01 01:07:53,054 [grpc-default-executor-7] DEBUG server.GrpcLogAppender (GrpcLogAppender.java:onNext(257)) - omNode-1@group-523986131536->omNode-2-AppendLogResponseHandler: received a reply omNode-1<-omNode-2#1246:OK,SUCCESS,nextIndex:545,term:1,followerCommit:520, request=AppendEntriesRequest:cid=1246,entriesCount=0,lastEntry=null
2020-07-01 01:07:53,407 [grpc-default-executor-7] INFO  ratis.OzoneManagerStateMachine (OzoneManagerStateMachine.java:getLatestSnapshot(147)) - Latest Snapshot Info 1#499
2020-07-01 01:07:53,407 [grpc-default-executor-7] DEBUG server.GrpcLogAppender (GrpcLogAppender.java:onNext(257)) - omNode-1@group-523986131536->omNode-3-AppendLogResponseHandler: received a reply omNode-1<-omNode-3#785:OK,SUCCESS,nextIndex:545,term:1,followerCommit:544, request=AppendEntriesRequest:cid=785,entriesCount=0,lastEntry=null
2020-07-01 01:07:53,555 [grpc-default-executor-7] INFO  ratis.OzoneManagerStateMachine (OzoneManagerStateMachine.java:getLatestSnapshot(147)) - Latest Snapshot Info 1#470
2020-07-01 01:07:53,556 [grpc-default-executor-7] DEBUG server.GrpcLogAppender (GrpcLogAppender.java:onNext(257)) - omNode-1@group-523986131536->omNode-2-AppendLogResponseHandler: received a reply omNode-1<-omNode-2#1247:OK,SUCCESS,nextIndex:545,term:1,followerCommit:520, request=AppendEntriesRequest:cid=1247,entriesCount=0,lastEntry=null
2020-07-01 01:07:53,908 [grpc-default-executor-7] INFO  ratis.OzoneManagerStateMachine (OzoneManagerStateMachine.java:getLatestSnapshot(147)) - Latest Snapshot Info 1#499
2020-07-01 01:07:53,910 [grpc-default-executor-7] DEBUG server.GrpcLogAppender (GrpcLogAppender.java:onNext(257)) - omNode-1@group-523986131536->omNode-3-AppendLogResponseHandler: received a reply omNode-1<-omNode-3#786:OK,SUCCESS,nextIndex:545,term:1,followerCommit:544, request=AppendEntriesRequest:cid=786,entriesCount=0,lastEntry=null
2020-07-01 01:07:54,056 [grpc-default-executor-7] INFO  ratis.OzoneManagerStateMachine (OzoneManagerStateMachine.java:getLatestSnapshot(147)) - Latest Snapshot Info 1#470
2020-07-01 01:07:54,057 [grpc-default-executor-7] DEBUG server.GrpcLogAppender (GrpcLogAppender.java:onNext(257)) - omNode-1@group-523986131536->omNode-2-AppendLogResponseHandler: received a reply omNode-1<-omNode-2#1248:OK,SUCCESS,nextIndex:545,term:1,followerCommit:520, request=AppendEntriesRequest:cid=1248,entriesCount=0,lastEntry=null
2020-07-01 01:07:54,410 [grpc-default-executor-7] INFO  ratis.OzoneManagerStateMachine (OzoneManagerStateMachine.java:getLatestSnapshot(147)) - Latest Snapshot Info 1#499
2020-07-01 01:07:54,411 [grpc-default-executor-7] DEBUG server.GrpcLogAppender (GrpcLogAppender.java:onNext(257)) - omNode-1@group-523986131536->omNode-3-AppendLogResponseHandler: received a reply omNode-1<-omNode-3#787:OK,SUCCESS,nextIndex:545,term:1,followerCommit:544, request=AppendEntriesRequest:cid=787,entriesCount=0,lastEntry=null
2020-07-01 01:07:54,503 [grpc-default-executor-7] DEBUG server.GrpcLogAppender (GrpcLogAppender.java:onNext(257)) - 69db720a-335e-417f-9e4d-9b6daaea3d10@group-304D1CDEA4AC->5f570ae4-9456-445c-93e3-9355377d8e07-AppendLogResponseHandler: received a reply 69db720a-335e-417f-9e4d-9b6daaea3d10<-5f570ae4-9456-445c-93e3-9355377d8e07#47:OK,SUCCESS,nextIndex:1,term:1,followerCommit:0, request=AppendEntriesRequest:cid=47,entriesCount=0,lastEntry=null
2020-07-01 01:07:54,508 [grpc-default-executor-7] DEBUG server.GrpcLogAppender (GrpcLogAppender.java:onNext(257)) - 69db720a-335e-417f-9e4d-9b6daaea3d10@group-304D1CDEA4AC->40524df2-78a3-4e4e-9ceb-ad6c0599eecc-AppendLogResponseHandler: received a reply 69db720a-335e-417f-9e4d-9b6daaea3d10<-40524df2-78a3-4e4e-9ceb-ad6c0599eecc#47:OK,SUCCESS,nextIndex:1,term:1,followerCommit:0, request=AppendEntriesRequest:cid=47,entriesCount=0,lastEntry=null
2020-07-01 01:07:54,558 [grpc-default-executor-7] INFO  ratis.OzoneManagerStateMachine (OzoneManagerStateMachine.java:getLatestSnapshot(147)) - Latest Snapshot Info 1#470
2020-07-01 01:07:54,558 [grpc-default-executor-7] DEBUG server.GrpcLogAppender (GrpcLogAppender.java:onNext(257)) - omNode-1@group-523986131536->omNode-2-AppendLogResponseHandler: received a reply omNode-1<-omNode-2#1249:OK,SUCCESS,nextIndex:545,term:1,followerCommit:520, request=AppendEntriesRequest:cid=1249,entriesCount=0,lastEntry=null
2020-07-01 01:07:54,912 [grpc-default-executor-7] INFO  ratis.OzoneManagerStateMachine (OzoneManagerStateMachine.java:getLatestSnapshot(147)) - Latest Snapshot Info 1#499
2020-07-01 01:07:54,912 [grpc-default-executor-7] DEBUG server.GrpcLogAppender (GrpcLogAppender.java:onNext(257)) - omNode-1@group-523986131536->omNode-3-AppendLogResponseHandler: received a reply omNode-1<-omNode-3#788:OK,SUCCESS,nextIndex:545,term:1,followerCommit:544, request=AppendEntriesRequest:cid=788,entriesCount=0,lastEntry=null
2020-07-01 01:07:55,059 [grpc-default-executor-7] INFO  ratis.OzoneManagerStateMachine (OzoneManagerStateMachine.java:getLatestSnapshot(147)) - Latest Snapshot Info 1#470
2020-07-01 01:07:55,060 [grpc-default-executor-7] DEBUG server.GrpcLogAppender (GrpcLogAppender.java:onNext(257)) - omNode-1@group-523986131536->omNode-2-AppendLogResponseHandler: received a reply omNode-1<-omNode-2#1250:OK,SUCCESS,nextIndex:545,term:1,followerCommit:520, request=AppendEntriesRequest:cid=1250,entriesCount=0,lastEntry=null
2020-07-01 01:07:55,413 [grpc-default-executor-7] INFO  ratis.OzoneManagerStateMachine (OzoneManagerStateMachine.java:getLatestSnapshot(147)) - Latest Snapshot Info 1#499
2020-07-01 01:07:55,414 [grpc-default-executor-7] DEBUG server.GrpcLogAppender (GrpcLogAppender.java:onNext(257)) - omNode-1@group-523986131536->omNode-3-AppendLogResponseHandler: received a reply omNode-1<-omNode-3#789:OK,SUCCESS,nextIndex:545,term:1,followerCommit:544, request=AppendEntriesRequest:cid=789,entriesCount=0,lastEntry=null
2020-07-01 01:07:55,561 [grpc-default-executor-7] INFO  ratis.OzoneManagerStateMachine (OzoneManagerStateMachine.java:getLatestSnapshot(147)) - Latest Snapshot Info 1#470
2020-07-01 01:07:55,562 [grpc-default-executor-7] DEBUG server.GrpcLogAppender (GrpcLogAppender.java:onNext(257)) - omNode-1@group-523986131536->omNode-2-AppendLogResponseHandler: received a reply omNode-1<-omNode-2#1251:OK,SUCCESS,nextIndex:545,term:1,followerCommit:520, request=AppendEntriesRequest:cid=1251,entriesCount=0,lastEntry=null
2020-07-01 01:07:55,915 [grpc-default-executor-7] INFO  ratis.OzoneManagerStateMachine (OzoneManagerStateMachine.java:getLatestSnapshot(147)) - Latest Snapshot Info 1#499
2020-07-01 01:07:55,916 [grpc-default-executor-7] DEBUG server.GrpcLogAppender (GrpcLogAppender.java:onNext(257)) - omNode-1@group-523986131536->omNode-3-AppendLogResponseHandler: received a reply omNode-1<-omNode-3#790:OK,SUCCESS,nextIndex:545,term:1,followerCommit:544, request=AppendEntriesRequest:cid=790,entriesCount=0,lastEntry=null
2020-07-01 01:07:56,063 [grpc-default-executor-7] INFO  ratis.OzoneManagerStateMachine (OzoneManagerStateMachine.java:getLatestSnapshot(147)) - Latest Snapshot Info 1#470
2020-07-01 01:07:56,063 [grpc-default-executor-7] DEBUG server.GrpcLogAppender (GrpcLogAppender.java:onNext(257)) - omNode-1@group-523986131536->omNode-2-AppendLogResponseHandler: received a reply omNode-1<-omNode-2#1252:OK,SUCCESS,nextIndex:545,term:1,followerCommit:520, request=AppendEntriesRequest:cid=1252,entriesCount=0,lastEntry=null
2020-07-01 01:07:56,416 [grpc-default-executor-7] INFO  ratis.OzoneManagerStateMachine (OzoneManagerStateMachine.java:getLatestSnapshot(147)) - Latest Snapshot Info 1#499
2020-07-01 01:07:56,417 [grpc-default-executor-7] DEBUG server.GrpcLogAppender (GrpcLogAppender.java:onNext(257)) - omNode-1@group-523986131536->omNode-3-AppendLogResponseHandler: received a reply omNode-1<-omNode-3#791:OK,SUCCESS,nextIndex:545,term:1,followerCommit:544, request=AppendEntriesRequest:cid=791,entriesCount=0,lastEntry=null
2020-07-01 01:07:56,564 [grpc-default-executor-7] INFO  ratis.OzoneManagerStateMachine (OzoneManagerStateMachine.java:getLatestSnapshot(147)) - Latest Snapshot Info 1#470
2020-07-01 01:07:56,565 [grpc-default-executor-7] DEBUG server.GrpcLogAppender (GrpcLogAppender.java:onNext(257)) - omNode-1@group-523986131536->omNode-2-AppendLogResponseHandler: received a reply omNode-1<-omNode-2#1253:OK,SUCCESS,nextIndex:545,term:1,followerCommit:520, request=AppendEntriesRequest:cid=1253,entriesCount=0,lastEntry=null
2020-07-01 01:07:56,918 [grpc-default-executor-7] INFO  ratis.OzoneManagerStateMachine (OzoneManagerStateMachine.java:getLatestSnapshot(147)) - Latest Snapshot Info 1#499
2020-07-01 01:07:56,921 [grpc-default-executor-7] DEBUG server.GrpcLogAppender (GrpcLogAppender.java:onNext(257)) - omNode-1@group-523986131536->omNode-3-AppendLogResponseHandler: received a reply omNode-1<-omNode-3#792:OK,SUCCESS,nextIndex:545,term:1,followerCommit:544, request=AppendEntriesRequest:cid=792,entriesCount=0,lastEntry=null
2020-07-01 01:07:57,004 [grpc-default-executor-7] DEBUG server.GrpcLogAppender (GrpcLogAppender.java:onNext(257)) - 69db720a-335e-417f-9e4d-9b6daaea3d10@group-304D1CDEA4AC->5f570ae4-9456-445c-93e3-9355377d8e07-AppendLogResponseHandler: received a reply 69db720a-335e-417f-9e4d-9b6daaea3d10<-5f570ae4-9456-445c-93e3-9355377d8e07#48:OK,SUCCESS,nextIndex:1,term:1,followerCommit:0, request=AppendEntriesRequest:cid=48,entriesCount=0,lastEntry=null
2020-07-01 01:07:57,008 [grpc-default-executor-7] DEBUG server.GrpcLogAppender (GrpcLogAppender.java:onNext(257)) - 69db720a-335e-417f-9e4d-9b6daaea3d10@group-304D1CDEA4AC->40524df2-78a3-4e4e-9ceb-ad6c0599eecc-AppendLogResponseHandler: received a reply 69db720a-335e-417f-9e4d-9b6daaea3d10<-40524df2-78a3-4e4e-9ceb-ad6c0599eecc#48:OK,SUCCESS,nextIndex:1,term:1,followerCommit:0, request=AppendEntriesRequest:cid=48,entriesCount=0,lastEntry=null
2020-07-01 01:07:57,065 [grpc-default-executor-7] INFO  ratis.OzoneManagerStateMachine (OzoneManagerStateMachine.java:getLatestSnapshot(147)) - Latest Snapshot Info 1#470
2020-07-01 01:07:57,066 [grpc-default-executor-7] DEBUG server.GrpcLogAppender (GrpcLogAppender.java:onNext(257)) - omNode-1@group-523986131536->omNode-2-AppendLogResponseHandler: received a reply omNode-1<-omNode-2#1254:OK,SUCCESS,nextIndex:545,term:1,followerCommit:520, request=AppendEntriesRequest:cid=1254,entriesCount=0,lastEntry=null
2020-07-01 01:07:57,422 [grpc-default-executor-7] INFO  ratis.OzoneManagerStateMachine (OzoneManagerStateMachine.java:getLatestSnapshot(147)) - Latest Snapshot Info 1#499
2020-07-01 01:07:57,422 [grpc-default-executor-7] DEBUG server.GrpcLogAppender (GrpcLogAppender.java:onNext(257)) - omNode-1@group-523986131536->omNode-3-AppendLogResponseHandler: received a reply omNode-1<-omNode-3#793:OK,SUCCESS,nextIndex:545,term:1,followerCommit:544, request=AppendEntriesRequest:cid=793,entriesCount=0,lastEntry=null
2020-07-01 01:07:57,567 [grpc-default-executor-7] INFO  ratis.OzoneManagerStateMachine (OzoneManagerStateMachine.java:getLatestSnapshot(147)) - Latest Snapshot Info 1#470
2020-07-01 01:07:57,568 [grpc-default-executor-7] DEBUG server.GrpcLogAppender (GrpcLogAppender.java:onNext(257)) - omNode-1@group-523986131536->omNode-2-AppendLogResponseHandler: received a reply omNode-1<-omNode-2#1255:OK,SUCCESS,nextIndex:545,term:1,followerCommit:520, request=AppendEntriesRequest:cid=1255,entriesCount=0,lastEntry=null
2020-07-01 01:07:57,923 [grpc-default-executor-7] INFO  ratis.OzoneManagerStateMachine (OzoneManagerStateMachine.java:getLatestSnapshot(147)) - Latest Snapshot Info 1#499
2020-07-01 01:07:57,924 [grpc-default-executor-7] DEBUG server.GrpcLogAppender (GrpcLogAppender.java:onNext(257)) - omNode-1@group-523986131536->omNode-3-AppendLogResponseHandler: received a reply omNode-1<-omNode-3#794:OK,SUCCESS,nextIndex:545,term:1,followerCommit:544, request=AppendEntriesRequest:cid=794,entriesCount=0,lastEntry=null
2020-07-01 01:07:58,068 [grpc-default-executor-7] INFO  ratis.OzoneManagerStateMachine (OzoneManagerStateMachine.java:getLatestSnapshot(147)) - Latest Snapshot Info 1#470
2020-07-01 01:07:58,069 [grpc-default-executor-7] DEBUG server.GrpcLogAppender (GrpcLogAppender.java:onNext(257)) - omNode-1@group-523986131536->omNode-2-AppendLogResponseHandler: received a reply omNode-1<-omNode-2#1256:OK,SUCCESS,nextIndex:545,term:1,followerCommit:520, request=AppendEntriesRequest:cid=1256,entriesCount=0,lastEntry=null
2020-07-01 01:07:58,425 [grpc-default-executor-7] INFO  ratis.OzoneManagerStateMachine (OzoneManagerStateMachine.java:getLatestSnapshot(147)) - Latest Snapshot Info 1#499
2020-07-01 01:07:58,426 [grpc-default-executor-7] DEBUG server.GrpcLogAppender (GrpcLogAppender.java:onNext(257)) - omNode-1@group-523986131536->omNode-3-AppendLogResponseHandler: received a reply omNode-1<-omNode-3#795:OK,SUCCESS,nextIndex:545,term:1,followerCommit:544, request=AppendEntriesRequest:cid=795,entriesCount=0,lastEntry=null
2020-07-01 01:07:58,570 [grpc-default-executor-7] INFO  ratis.OzoneManagerStateMachine (OzoneManagerStateMachine.java:getLatestSnapshot(147)) - Latest Snapshot Info 1#470
2020-07-01 01:07:58,571 [grpc-default-executor-7] DEBUG server.GrpcLogAppender (GrpcLogAppender.java:onNext(257)) - omNode-1@group-523986131536->omNode-2-AppendLogResponseHandler: received a reply omNode-1<-omNode-2#1257:OK,SUCCESS,nextIndex:545,term:1,followerCommit:520, request=AppendEntriesRequest:cid=1257,entriesCount=0,lastEntry=null
2020-07-01 01:07:58,926 [grpc-default-executor-7] INFO  ratis.OzoneManagerStateMachine (OzoneManagerStateMachine.java:getLatestSnapshot(147)) - Latest Snapshot Info 1#499
2020-07-01 01:07:58,927 [grpc-default-executor-7] DEBUG server.GrpcLogAppender (GrpcLogAppender.java:onNext(257)) - omNode-1@group-523986131536->omNode-3-AppendLogResponseHandler: received a reply omNode-1<-omNode-3#796:OK,SUCCESS,nextIndex:545,term:1,followerCommit:544, request=AppendEntriesRequest:cid=796,entriesCount=0,lastEntry=null
2020-07-01 01:07:59,071 [grpc-default-executor-7] INFO  ratis.OzoneManagerStateMachine (OzoneManagerStateMachine.java:getLatestSnapshot(147)) - Latest Snapshot Info 1#470
2020-07-01 01:07:59,072 [grpc-default-executor-7] DEBUG server.GrpcLogAppender (GrpcLogAppender.java:onNext(257)) - omNode-1@group-523986131536->omNode-2-AppendLogResponseHandler: received a reply omNode-1<-omNode-2#1258:OK,SUCCESS,nextIndex:545,term:1,followerCommit:520, request=AppendEntriesRequest:cid=1258,entriesCount=0,lastEntry=null
2020-07-01 01:07:59,428 [grpc-default-executor-7] INFO  ratis.OzoneManagerStateMachine (OzoneManagerStateMachine.java:getLatestSnapshot(147)) - Latest Snapshot Info 1#499
2020-07-01 01:07:59,429 [grpc-default-executor-7] DEBUG server.GrpcLogAppender (GrpcLogAppender.java:onNext(257)) - omNode-1@group-523986131536->omNode-3-AppendLogResponseHandler: received a reply omNode-1<-omNode-3#797:OK,SUCCESS,nextIndex:545,term:1,followerCommit:544, request=AppendEntriesRequest:cid=797,entriesCount=0,lastEntry=null
2020-07-01 01:07:59,506 [grpc-default-executor-7] DEBUG server.GrpcLogAppender (GrpcLogAppender.java:onNext(257)) - 69db720a-335e-417f-9e4d-9b6daaea3d10@group-304D1CDEA4AC->5f570ae4-9456-445c-93e3-9355377d8e07-AppendLogResponseHandler: received a reply 69db720a-335e-417f-9e4d-9b6daaea3d10<-5f570ae4-9456-445c-93e3-9355377d8e07#49:OK,SUCCESS,nextIndex:1,term:1,followerCommit:0, request=AppendEntriesRequest:cid=49,entriesCount=0,lastEntry=null
2020-07-01 01:07:59,509 [grpc-default-executor-7] DEBUG server.GrpcLogAppender (GrpcLogAppender.java:onNext(257)) - 69db720a-335e-417f-9e4d-9b6daaea3d10@group-304D1CDEA4AC->40524df2-78a3-4e4e-9ceb-ad6c0599eecc-AppendLogResponseHandler: received a reply 69db720a-335e-417f-9e4d-9b6daaea3d10<-40524df2-78a3-4e4e-9ceb-ad6c0599eecc#49:OK,SUCCESS,nextIndex:1,term:1,followerCommit:0, request=AppendEntriesRequest:cid=49,entriesCount=0,lastEntry=null
2020-07-01 01:07:59,573 [grpc-default-executor-7] INFO  ratis.OzoneManagerStateMachine (OzoneManagerStateMachine.java:getLatestSnapshot(147)) - Latest Snapshot Info 1#470
2020-07-01 01:07:59,573 [grpc-default-executor-7] DEBUG server.GrpcLogAppender (GrpcLogAppender.java:onNext(257)) - omNode-1@group-523986131536->omNode-2-AppendLogResponseHandler: received a reply omNode-1<-omNode-2#1259:OK,SUCCESS,nextIndex:545,term:1,followerCommit:520, request=AppendEntriesRequest:cid=1259,entriesCount=0,lastEntry=null
2020-07-01 01:07:59,929 [grpc-default-executor-7] INFO  ratis.OzoneManagerStateMachine (OzoneManagerStateMachine.java:getLatestSnapshot(147)) - Latest Snapshot Info 1#499
2020-07-01 01:07:59,930 [grpc-default-executor-7] DEBUG server.GrpcLogAppender (GrpcLogAppender.java:onNext(257)) - omNode-1@group-523986131536->omNode-3-AppendLogResponseHandler: received a reply omNode-1<-omNode-3#798:OK,SUCCESS,nextIndex:545,term:1,followerCommit:544, request=AppendEntriesRequest:cid=798,entriesCount=0,lastEntry=null
2020-07-01 01:08:00,074 [grpc-default-executor-7] INFO  ratis.OzoneManagerStateMachine (OzoneManagerStateMachine.java:getLatestSnapshot(147)) - Latest Snapshot Info 1#470
2020-07-01 01:08:00,077 [grpc-default-executor-7] DEBUG server.GrpcLogAppender (GrpcLogAppender.java:onNext(257)) - omNode-1@group-523986131536->omNode-2-AppendLogResponseHandler: received a reply omNode-1<-omNode-2#1260:OK,SUCCESS,nextIndex:545,term:1,followerCommit:520, request=AppendEntriesRequest:cid=1260,entriesCount=0,lastEntry=null
2020-07-01 01:08:00,431 [grpc-default-executor-7] INFO  ratis.OzoneManagerStateMachine (OzoneManagerStateMachine.java:getLatestSnapshot(147)) - Latest Snapshot Info 1#499
2020-07-01 01:08:00,432 [grpc-default-executor-7] DEBUG server.GrpcLogAppender (GrpcLogAppender.java:onNext(257)) - omNode-1@group-523986131536->omNode-3-AppendLogResponseHandler: received a reply omNode-1<-omNode-3#799:OK,SUCCESS,nextIndex:545,term:1,followerCommit:544, request=AppendEntriesRequest:cid=799,entriesCount=0,lastEntry=null
2020-07-01 01:08:00,577 [grpc-default-executor-7] INFO  ratis.OzoneManagerStateMachine (OzoneManagerStateMachine.java:getLatestSnapshot(147)) - Latest Snapshot Info 1#470
2020-07-01 01:08:00,578 [grpc-default-executor-7] DEBUG server.GrpcLogAppender (GrpcLogAppender.java:onNext(257)) - omNode-1@group-523986131536->omNode-2-AppendLogResponseHandler: received a reply omNode-1<-omNode-2#1261:OK,SUCCESS,nextIndex:545,term:1,followerCommit:520, request=AppendEntriesRequest:cid=1261,entriesCount=0,lastEntry=null
2020-07-01 01:08:00,932 [grpc-default-executor-7] INFO  ratis.OzoneManagerStateMachine (OzoneManagerStateMachine.java:getLatestSnapshot(147)) - Latest Snapshot Info 1#499
2020-07-01 01:08:00,933 [grpc-default-executor-7] DEBUG server.GrpcLogAppender (GrpcLogAppender.java:onNext(257)) - omNode-1@group-523986131536->omNode-3-AppendLogResponseHandler: received a reply omNode-1<-omNode-3#800:OK,SUCCESS,nextIndex:545,term:1,followerCommit:544, request=AppendEntriesRequest:cid=800,entriesCount=0,lastEntry=null
2020-07-01 01:08:01,079 [grpc-default-executor-7] INFO  ratis.OzoneManagerStateMachine (OzoneManagerStateMachine.java:getLatestSnapshot(147)) - Latest Snapshot Info 1#470
2020-07-01 01:08:01,079 [grpc-default-executor-7] DEBUG server.GrpcLogAppender (GrpcLogAppender.java:onNext(257)) - omNode-1@group-523986131536->omNode-2-AppendLogResponseHandler: received a reply omNode-1<-omNode-2#1262:OK,SUCCESS,nextIndex:545,term:1,followerCommit:520, request=AppendEntriesRequest:cid=1262,entriesCount=0,lastEntry=null
2020-07-01 01:08:01,434 [grpc-default-executor-7] INFO  ratis.OzoneManagerStateMachine (OzoneManagerStateMachine.java:getLatestSnapshot(147)) - Latest Snapshot Info 1#499
2020-07-01 01:08:01,434 [grpc-default-executor-7] DEBUG server.GrpcLogAppender (GrpcLogAppender.java:onNext(257)) - omNode-1@group-523986131536->omNode-3-AppendLogResponseHandler: received a reply omNode-1<-omNode-3#801:OK,SUCCESS,nextIndex:545,term:1,followerCommit:544, request=AppendEntriesRequest:cid=801,entriesCount=0,lastEntry=null
2020-07-01 01:08:01,580 [grpc-default-executor-7] INFO  ratis.OzoneManagerStateMachine (OzoneManagerStateMachine.java:getLatestSnapshot(147)) - Latest Snapshot Info 1#470
2020-07-01 01:08:01,581 [grpc-default-executor-7] DEBUG server.GrpcLogAppender (GrpcLogAppender.java:onNext(257)) - omNode-1@group-523986131536->omNode-2-AppendLogResponseHandler: received a reply omNode-1<-omNode-2#1263:OK,SUCCESS,nextIndex:545,term:1,followerCommit:520, request=AppendEntriesRequest:cid=1263,entriesCount=0,lastEntry=null
2020-07-01 01:08:01,935 [grpc-default-executor-7] INFO  ratis.OzoneManagerStateMachine (OzoneManagerStateMachine.java:getLatestSnapshot(147)) - Latest Snapshot Info 1#499
2020-07-01 01:08:01,936 [grpc-default-executor-7] DEBUG server.GrpcLogAppender (GrpcLogAppender.java:onNext(257)) - omNode-1@group-523986131536->omNode-3-AppendLogResponseHandler: received a reply omNode-1<-omNode-3#802:OK,SUCCESS,nextIndex:545,term:1,followerCommit:544, request=AppendEntriesRequest:cid=802,entriesCount=0,lastEntry=null
2020-07-01 01:08:02,007 [grpc-default-executor-7] DEBUG server.GrpcLogAppender (GrpcLogAppender.java:onNext(257)) - 69db720a-335e-417f-9e4d-9b6daaea3d10@group-304D1CDEA4AC->5f570ae4-9456-445c-93e3-9355377d8e07-AppendLogResponseHandler: received a reply 69db720a-335e-417f-9e4d-9b6daaea3d10<-5f570ae4-9456-445c-93e3-9355377d8e07#50:OK,SUCCESS,nextIndex:1,term:1,followerCommit:0, request=AppendEntriesRequest:cid=50,entriesCount=0,lastEntry=null
2020-07-01 01:08:02,010 [grpc-default-executor-7] DEBUG server.GrpcLogAppender (GrpcLogAppender.java:onNext(257)) - 69db720a-335e-417f-9e4d-9b6daaea3d10@group-304D1CDEA4AC->40524df2-78a3-4e4e-9ceb-ad6c0599eecc-AppendLogResponseHandler: received a reply 69db720a-335e-417f-9e4d-9b6daaea3d10<-40524df2-78a3-4e4e-9ceb-ad6c0599eecc#50:OK,SUCCESS,nextIndex:1,term:1,followerCommit:0, request=AppendEntriesRequest:cid=50,entriesCount=0,lastEntry=null
2020-07-01 01:08:02,081 [grpc-default-executor-7] INFO  ratis.OzoneManagerStateMachine (OzoneManagerStateMachine.java:getLatestSnapshot(147)) - Latest Snapshot Info 1#470
2020-07-01 01:08:02,082 [grpc-default-executor-7] DEBUG server.GrpcLogAppender (GrpcLogAppender.java:onNext(257)) - omNode-1@group-523986131536->omNode-2-AppendLogResponseHandler: received a reply omNode-1<-omNode-2#1264:OK,SUCCESS,nextIndex:545,term:1,followerCommit:520, request=AppendEntriesRequest:cid=1264,entriesCount=0,lastEntry=null
2020-07-01 01:08:02,436 [grpc-default-executor-7] INFO  ratis.OzoneManagerStateMachine (OzoneManagerStateMachine.java:getLatestSnapshot(147)) - Latest Snapshot Info 1#499
2020-07-01 01:08:02,437 [grpc-default-executor-7] DEBUG server.GrpcLogAppender (GrpcLogAppender.java:onNext(257)) - omNode-1@group-523986131536->omNode-3-AppendLogResponseHandler: received a reply omNode-1<-omNode-3#803:OK,SUCCESS,nextIndex:545,term:1,followerCommit:544, request=AppendEntriesRequest:cid=803,entriesCount=0,lastEntry=null
2020-07-01 01:08:02,583 [grpc-default-executor-7] INFO  ratis.OzoneManagerStateMachine (OzoneManagerStateMachine.java:getLatestSnapshot(147)) - Latest Snapshot Info 1#470
2020-07-01 01:08:02,583 [grpc-default-executor-7] DEBUG server.GrpcLogAppender (GrpcLogAppender.java:onNext(257)) - omNode-1@group-523986131536->omNode-2-AppendLogResponseHandler: received a reply omNode-1<-omNode-2#1265:OK,SUCCESS,nextIndex:545,term:1,followerCommit:520, request=AppendEntriesRequest:cid=1265,entriesCount=0,lastEntry=null
2020-07-01 01:08:02,938 [grpc-default-executor-7] INFO  ratis.OzoneManagerStateMachine (OzoneManagerStateMachine.java:getLatestSnapshot(147)) - Latest Snapshot Info 1#499
2020-07-01 01:08:02,939 [grpc-default-executor-7] DEBUG server.GrpcLogAppender (GrpcLogAppender.java:onNext(257)) - omNode-1@group-523986131536->omNode-3-AppendLogResponseHandler: received a reply omNode-1<-omNode-3#804:OK,SUCCESS,nextIndex:545,term:1,followerCommit:544, request=AppendEntriesRequest:cid=804,entriesCount=0,lastEntry=null
2020-07-01 01:08:03,084 [grpc-default-executor-7] INFO  ratis.OzoneManagerStateMachine (OzoneManagerStateMachine.java:getLatestSnapshot(147)) - Latest Snapshot Info 1#470
2020-07-01 01:08:03,085 [grpc-default-executor-7] DEBUG server.GrpcLogAppender (GrpcLogAppender.java:onNext(257)) - omNode-1@group-523986131536->omNode-2-AppendLogResponseHandler: received a reply omNode-1<-omNode-2#1266:OK,SUCCESS,nextIndex:545,term:1,followerCommit:520, request=AppendEntriesRequest:cid=1266,entriesCount=0,lastEntry=null
2020-07-01 01:08:03,439 [grpc-default-executor-7] INFO  ratis.OzoneManagerStateMachine (OzoneManagerStateMachine.java:getLatestSnapshot(147)) - Latest Snapshot Info 1#499
2020-07-01 01:08:03,440 [grpc-default-executor-7] DEBUG server.GrpcLogAppender (GrpcLogAppender.java:onNext(257)) - omNode-1@group-523986131536->omNode-3-AppendLogResponseHandler: received a reply omNode-1<-omNode-3#805:OK,SUCCESS,nextIndex:545,term:1,followerCommit:544, request=AppendEntriesRequest:cid=805,entriesCount=0,lastEntry=null
2020-07-01 01:08:03,585 [grpc-default-executor-7] INFO  ratis.OzoneManagerStateMachine (OzoneManagerStateMachine.java:getLatestSnapshot(147)) - Latest Snapshot Info 1#470
2020-07-01 01:08:03,586 [grpc-default-executor-7] DEBUG server.GrpcLogAppender (GrpcLogAppender.java:onNext(257)) - omNode-1@group-523986131536->omNode-2-AppendLogResponseHandler: received a reply omNode-1<-omNode-2#1267:OK,SUCCESS,nextIndex:545,term:1,followerCommit:520, request=AppendEntriesRequest:cid=1267,entriesCount=0,lastEntry=null
2020-07-01 01:08:03,941 [grpc-default-executor-7] INFO  ratis.OzoneManagerStateMachine (OzoneManagerStateMachine.java:getLatestSnapshot(147)) - Latest Snapshot Info 1#499
2020-07-01 01:08:03,941 [grpc-default-executor-7] DEBUG server.GrpcLogAppender (GrpcLogAppender.java:onNext(257)) - omNode-1@group-523986131536->omNode-3-AppendLogResponseHandler: received a reply omNode-1<-omNode-3#806:OK,SUCCESS,nextIndex:545,term:1,followerCommit:544, request=AppendEntriesRequest:cid=806,entriesCount=0,lastEntry=null
2020-07-01 01:08:04,087 [grpc-default-executor-7] INFO  ratis.OzoneManagerStateMachine (OzoneManagerStateMachine.java:getLatestSnapshot(147)) - Latest Snapshot Info 1#470
2020-07-01 01:08:04,089 [grpc-default-executor-7] DEBUG server.GrpcLogAppender (GrpcLogAppender.java:onNext(257)) - omNode-1@group-523986131536->omNode-2-AppendLogResponseHandler: received a reply omNode-1<-omNode-2#1268:OK,SUCCESS,nextIndex:545,term:1,followerCommit:520, request=AppendEntriesRequest:cid=1268,entriesCount=0,lastEntry=null
2020-07-01 01:08:04,442 [grpc-default-executor-7] INFO  ratis.OzoneManagerStateMachine (OzoneManagerStateMachine.java:getLatestSnapshot(147)) - Latest Snapshot Info 1#499
2020-07-01 01:08:04,443 [grpc-default-executor-7] DEBUG server.GrpcLogAppender (GrpcLogAppender.java:onNext(257)) - omNode-1@group-523986131536->omNode-3-AppendLogResponseHandler: received a reply omNode-1<-omNode-3#807:OK,SUCCESS,nextIndex:545,term:1,followerCommit:544, request=AppendEntriesRequest:cid=807,entriesCount=0,lastEntry=null
2020-07-01 01:08:04,508 [grpc-default-executor-7] DEBUG server.GrpcLogAppender (GrpcLogAppender.java:onNext(257)) - 69db720a-335e-417f-9e4d-9b6daaea3d10@group-304D1CDEA4AC->5f570ae4-9456-445c-93e3-9355377d8e07-AppendLogResponseHandler: received a reply 69db720a-335e-417f-9e4d-9b6daaea3d10<-5f570ae4-9456-445c-93e3-9355377d8e07#51:OK,SUCCESS,nextIndex:1,term:1,followerCommit:0, request=AppendEntriesRequest:cid=51,entriesCount=0,lastEntry=null
2020-07-01 01:08:04,511 [grpc-default-executor-7] DEBUG server.GrpcLogAppender (GrpcLogAppender.java:onNext(257)) - 69db720a-335e-417f-9e4d-9b6daaea3d10@group-304D1CDEA4AC->40524df2-78a3-4e4e-9ceb-ad6c0599eecc-AppendLogResponseHandler: received a reply 69db720a-335e-417f-9e4d-9b6daaea3d10<-40524df2-78a3-4e4e-9ceb-ad6c0599eecc#51:OK,SUCCESS,nextIndex:1,term:1,followerCommit:0, request=AppendEntriesRequest:cid=51,entriesCount=0,lastEntry=null
2020-07-01 01:08:04,589 [grpc-default-executor-7] INFO  ratis.OzoneManagerStateMachine (OzoneManagerStateMachine.java:getLatestSnapshot(147)) - Latest Snapshot Info 1#470
2020-07-01 01:08:04,590 [grpc-default-executor-7] DEBUG server.GrpcLogAppender (GrpcLogAppender.java:onNext(257)) - omNode-1@group-523986131536->omNode-2-AppendLogResponseHandler: received a reply omNode-1<-omNode-2#1269:OK,SUCCESS,nextIndex:545,term:1,followerCommit:520, request=AppendEntriesRequest:cid=1269,entriesCount=0,lastEntry=null
2020-07-01 01:08:04,943 [grpc-default-executor-7] INFO  ratis.OzoneManagerStateMachine (OzoneManagerStateMachine.java:getLatestSnapshot(147)) - Latest Snapshot Info 1#499
2020-07-01 01:08:04,944 [grpc-default-executor-7] DEBUG server.GrpcLogAppender (GrpcLogAppender.java:onNext(257)) - omNode-1@group-523986131536->omNode-3-AppendLogResponseHandler: received a reply omNode-1<-omNode-3#808:OK,SUCCESS,nextIndex:545,term:1,followerCommit:544, request=AppendEntriesRequest:cid=808,entriesCount=0,lastEntry=null
2020-07-01 01:08:05,091 [grpc-default-executor-7] INFO  ratis.OzoneManagerStateMachine (OzoneManagerStateMachine.java:getLatestSnapshot(147)) - Latest Snapshot Info 1#470
2020-07-01 01:08:05,092 [grpc-default-executor-7] DEBUG server.GrpcLogAppender (GrpcLogAppender.java:onNext(257)) - omNode-1@group-523986131536->omNode-2-AppendLogResponseHandler: received a reply omNode-1<-omNode-2#1270:OK,SUCCESS,nextIndex:545,term:1,followerCommit:520, request=AppendEntriesRequest:cid=1270,entriesCount=0,lastEntry=null
2020-07-01 01:08:05,445 [grpc-default-executor-7] INFO  ratis.OzoneManagerStateMachine (OzoneManagerStateMachine.java:getLatestSnapshot(147)) - Latest Snapshot Info 1#499
2020-07-01 01:08:05,446 [grpc-default-executor-7] DEBUG server.GrpcLogAppender (GrpcLogAppender.java:onNext(257)) - omNode-1@group-523986131536->omNode-3-AppendLogResponseHandler: received a reply omNode-1<-omNode-3#809:OK,SUCCESS,nextIndex:545,term:1,followerCommit:544, request=AppendEntriesRequest:cid=809,entriesCount=0,lastEntry=null
2020-07-01 01:08:05,592 [grpc-default-executor-7] INFO  ratis.OzoneManagerStateMachine (OzoneManagerStateMachine.java:getLatestSnapshot(147)) - Latest Snapshot Info 1#470
2020-07-01 01:08:05,593 [grpc-default-executor-7] DEBUG server.GrpcLogAppender (GrpcLogAppender.java:onNext(257)) - omNode-1@group-523986131536->omNode-2-AppendLogResponseHandler: received a reply omNode-1<-omNode-2#1271:OK,SUCCESS,nextIndex:545,term:1,followerCommit:520, request=AppendEntriesRequest:cid=1271,entriesCount=0,lastEntry=null
2020-07-01 01:08:05,946 [grpc-default-executor-7] INFO  ratis.OzoneManagerStateMachine (OzoneManagerStateMachine.java:getLatestSnapshot(147)) - Latest Snapshot Info 1#499
2020-07-01 01:08:05,947 [grpc-default-executor-7] DEBUG server.GrpcLogAppender (GrpcLogAppender.java:onNext(257)) - omNode-1@group-523986131536->omNode-3-AppendLogResponseHandler: received a reply omNode-1<-omNode-3#810:OK,SUCCESS,nextIndex:545,term:1,followerCommit:544, request=AppendEntriesRequest:cid=810,entriesCount=0,lastEntry=null
2020-07-01 01:08:06,094 [grpc-default-executor-7] INFO  ratis.OzoneManagerStateMachine (OzoneManagerStateMachine.java:getLatestSnapshot(147)) - Latest Snapshot Info 1#470
2020-07-01 01:08:06,094 [grpc-default-executor-7] DEBUG server.GrpcLogAppender (GrpcLogAppender.java:onNext(257)) - omNode-1@group-523986131536->omNode-2-AppendLogResponseHandler: received a reply omNode-1<-omNode-2#1272:OK,SUCCESS,nextIndex:545,term:1,followerCommit:520, request=AppendEntriesRequest:cid=1272,entriesCount=0,lastEntry=null
2020-07-01 01:08:06,447 [grpc-default-executor-7] INFO  ratis.OzoneManagerStateMachine (OzoneManagerStateMachine.java:getLatestSnapshot(147)) - Latest Snapshot Info 1#499
2020-07-01 01:08:06,448 [grpc-default-executor-7] DEBUG server.GrpcLogAppender (GrpcLogAppender.java:onNext(257)) - omNode-1@group-523986131536->omNode-3-AppendLogResponseHandler: received a reply omNode-1<-omNode-3#811:OK,SUCCESS,nextIndex:545,term:1,followerCommit:544, request=AppendEntriesRequest:cid=811,entriesCount=0,lastEntry=null
2020-07-01 01:08:06,595 [grpc-default-executor-7] INFO  ratis.OzoneManagerStateMachine (OzoneManagerStateMachine.java:getLatestSnapshot(147)) - Latest Snapshot Info 1#470
2020-07-01 01:08:06,596 [grpc-default-executor-7] DEBUG server.GrpcLogAppender (GrpcLogAppender.java:onNext(257)) - omNode-1@group-523986131536->omNode-2-AppendLogResponseHandler: received a reply omNode-1<-omNode-2#1273:OK,SUCCESS,nextIndex:545,term:1,followerCommit:520, request=AppendEntriesRequest:cid=1273,entriesCount=0,lastEntry=null
2020-07-01 01:08:06,949 [grpc-default-executor-7] INFO  ratis.OzoneManagerStateMachine (OzoneManagerStateMachine.java:getLatestSnapshot(147)) - Latest Snapshot Info 1#499
2020-07-01 01:08:06,950 [grpc-default-executor-7] DEBUG server.GrpcLogAppender (GrpcLogAppender.java:onNext(257)) - omNode-1@group-523986131536->omNode-3-AppendLogResponseHandler: received a reply omNode-1<-omNode-3#812:OK,SUCCESS,nextIndex:545,term:1,followerCommit:544, request=AppendEntriesRequest:cid=812,entriesCount=0,lastEntry=null
2020-07-01 01:08:07,010 [grpc-default-executor-7] DEBUG server.GrpcLogAppender (GrpcLogAppender.java:onNext(257)) - 69db720a-335e-417f-9e4d-9b6daaea3d10@group-304D1CDEA4AC->5f570ae4-9456-445c-93e3-9355377d8e07-AppendLogResponseHandler: received a reply 69db720a-335e-417f-9e4d-9b6daaea3d10<-5f570ae4-9456-445c-93e3-9355377d8e07#52:OK,SUCCESS,nextIndex:1,term:1,followerCommit:0, request=AppendEntriesRequest:cid=52,entriesCount=0,lastEntry=null
2020-07-01 01:08:07,012 [grpc-default-executor-7] DEBUG server.GrpcLogAppender (GrpcLogAppender.java:onNext(257)) - 69db720a-335e-417f-9e4d-9b6daaea3d10@group-304D1CDEA4AC->40524df2-78a3-4e4e-9ceb-ad6c0599eecc-AppendLogResponseHandler: received a reply 69db720a-335e-417f-9e4d-9b6daaea3d10<-40524df2-78a3-4e4e-9ceb-ad6c0599eecc#52:OK,SUCCESS,nextIndex:1,term:1,followerCommit:0, request=AppendEntriesRequest:cid=52,entriesCount=0,lastEntry=null
2020-07-01 01:08:07,097 [grpc-default-executor-7] INFO  ratis.OzoneManagerStateMachine (OzoneManagerStateMachine.java:getLatestSnapshot(147)) - Latest Snapshot Info 1#470
2020-07-01 01:08:07,097 [grpc-default-executor-7] DEBUG server.GrpcLogAppender (GrpcLogAppender.java:onNext(257)) - omNode-1@group-523986131536->omNode-2-AppendLogResponseHandler: received a reply omNode-1<-omNode-2#1274:OK,SUCCESS,nextIndex:545,term:1,followerCommit:520, request=AppendEntriesRequest:cid=1274,entriesCount=0,lastEntry=null
2020-07-01 01:08:07,450 [grpc-default-executor-7] INFO  ratis.OzoneManagerStateMachine (OzoneManagerStateMachine.java:getLatestSnapshot(147)) - Latest Snapshot Info 1#499
2020-07-01 01:08:07,451 [grpc-default-executor-7] DEBUG server.GrpcLogAppender (GrpcLogAppender.java:onNext(257)) - omNode-1@group-523986131536->omNode-3-AppendLogResponseHandler: received a reply omNode-1<-omNode-3#813:OK,SUCCESS,nextIndex:545,term:1,followerCommit:544, request=AppendEntriesRequest:cid=813,entriesCount=0,lastEntry=null
2020-07-01 01:08:07,598 [grpc-default-executor-7] INFO  ratis.OzoneManagerStateMachine (OzoneManagerStateMachine.java:getLatestSnapshot(147)) - Latest Snapshot Info 1#470
2020-07-01 01:08:07,599 [grpc-default-executor-7] DEBUG server.GrpcLogAppender (GrpcLogAppender.java:onNext(257)) - omNode-1@group-523986131536->omNode-2-AppendLogResponseHandler: received a reply omNode-1<-omNode-2#1275:OK,SUCCESS,nextIndex:545,term:1,followerCommit:520, request=AppendEntriesRequest:cid=1275,entriesCount=0,lastEntry=null
2020-07-01 01:08:07,952 [grpc-default-executor-7] INFO  ratis.OzoneManagerStateMachine (OzoneManagerStateMachine.java:getLatestSnapshot(147)) - Latest Snapshot Info 1#499
2020-07-01 01:08:07,952 [grpc-default-executor-7] DEBUG server.GrpcLogAppender (GrpcLogAppender.java:onNext(257)) - omNode-1@group-523986131536->omNode-3-AppendLogResponseHandler: received a reply omNode-1<-omNode-3#814:OK,SUCCESS,nextIndex:545,term:1,followerCommit:544, request=AppendEntriesRequest:cid=814,entriesCount=0,lastEntry=null
2020-07-01 01:08:08,099 [grpc-default-executor-7] INFO  ratis.OzoneManagerStateMachine (OzoneManagerStateMachine.java:getLatestSnapshot(147)) - Latest Snapshot Info 1#470
2020-07-01 01:08:08,100 [grpc-default-executor-7] DEBUG server.GrpcLogAppender (GrpcLogAppender.java:onNext(257)) - omNode-1@group-523986131536->omNode-2-AppendLogResponseHandler: received a reply omNode-1<-omNode-2#1276:OK,SUCCESS,nextIndex:545,term:1,followerCommit:520, request=AppendEntriesRequest:cid=1276,entriesCount=0,lastEntry=null
2020-07-01 01:08:08,453 [grpc-default-executor-7] INFO  ratis.OzoneManagerStateMachine (OzoneManagerStateMachine.java:getLatestSnapshot(147)) - Latest Snapshot Info 1#499
2020-07-01 01:08:08,454 [grpc-default-executor-7] DEBUG server.GrpcLogAppender (GrpcLogAppender.java:onNext(257)) - omNode-1@group-523986131536->omNode-3-AppendLogResponseHandler: received a reply omNode-1<-omNode-3#815:OK,SUCCESS,nextIndex:545,term:1,followerCommit:544, request=AppendEntriesRequest:cid=815,entriesCount=0,lastEntry=null
2020-07-01 01:08:08,601 [grpc-default-executor-7] INFO  ratis.OzoneManagerStateMachine (OzoneManagerStateMachine.java:getLatestSnapshot(147)) - Latest Snapshot Info 1#470
2020-07-01 01:08:08,602 [grpc-default-executor-7] DEBUG server.GrpcLogAppender (GrpcLogAppender.java:onNext(257)) - omNode-1@group-523986131536->omNode-2-AppendLogResponseHandler: received a reply omNode-1<-omNode-2#1277:OK,SUCCESS,nextIndex:545,term:1,followerCommit:520, request=AppendEntriesRequest:cid=1277,entriesCount=0,lastEntry=null
2020-07-01 01:08:08,954 [grpc-default-executor-7] INFO  ratis.OzoneManagerStateMachine (OzoneManagerStateMachine.java:getLatestSnapshot(147)) - Latest Snapshot Info 1#499
2020-07-01 01:08:08,955 [grpc-default-executor-7] DEBUG server.GrpcLogAppender (GrpcLogAppender.java:onNext(257)) - omNode-1@group-523986131536->omNode-3-AppendLogResponseHandler: received a reply omNode-1<-omNode-3#816:OK,SUCCESS,nextIndex:545,term:1,followerCommit:544, request=AppendEntriesRequest:cid=816,entriesCount=0,lastEntry=null
2020-07-01 01:08:09,102 [grpc-default-executor-7] INFO  ratis.OzoneManagerStateMachine (OzoneManagerStateMachine.java:getLatestSnapshot(147)) - Latest Snapshot Info 1#470
2020-07-01 01:08:09,103 [grpc-default-executor-7] DEBUG server.GrpcLogAppender (GrpcLogAppender.java:onNext(257)) - omNode-1@group-523986131536->omNode-2-AppendLogResponseHandler: received a reply omNode-1<-omNode-2#1278:OK,SUCCESS,nextIndex:545,term:1,followerCommit:520, request=AppendEntriesRequest:cid=1278,entriesCount=0,lastEntry=null
2020-07-01 01:08:09,456 [grpc-default-executor-7] INFO  ratis.OzoneManagerStateMachine (OzoneManagerStateMachine.java:getLatestSnapshot(147)) - Latest Snapshot Info 1#499
2020-07-01 01:08:09,457 [grpc-default-executor-7] DEBUG server.GrpcLogAppender (GrpcLogAppender.java:onNext(257)) - omNode-1@group-523986131536->omNode-3-AppendLogResponseHandler: received a reply omNode-1<-omNode-3#817:OK,SUCCESS,nextIndex:545,term:1,followerCommit:544, request=AppendEntriesRequest:cid=817,entriesCount=0,lastEntry=null
2020-07-01 01:08:09,511 [grpc-default-executor-7] DEBUG server.GrpcLogAppender (GrpcLogAppender.java:onNext(257)) - 69db720a-335e-417f-9e4d-9b6daaea3d10@group-304D1CDEA4AC->5f570ae4-9456-445c-93e3-9355377d8e07-AppendLogResponseHandler: received a reply 69db720a-335e-417f-9e4d-9b6daaea3d10<-5f570ae4-9456-445c-93e3-9355377d8e07#53:OK,SUCCESS,nextIndex:1,term:1,followerCommit:0, request=AppendEntriesRequest:cid=53,entriesCount=0,lastEntry=null
2020-07-01 01:08:09,513 [grpc-default-executor-7] DEBUG server.GrpcLogAppender (GrpcLogAppender.java:onNext(257)) - 69db720a-335e-417f-9e4d-9b6daaea3d10@group-304D1CDEA4AC->40524df2-78a3-4e4e-9ceb-ad6c0599eecc-AppendLogResponseHandler: received a reply 69db720a-335e-417f-9e4d-9b6daaea3d10<-40524df2-78a3-4e4e-9ceb-ad6c0599eecc#53:OK,SUCCESS,nextIndex:1,term:1,followerCommit:0, request=AppendEntriesRequest:cid=53,entriesCount=0,lastEntry=null
2020-07-01 01:08:09,604 [grpc-default-executor-7] INFO  ratis.OzoneManagerStateMachine (OzoneManagerStateMachine.java:getLatestSnapshot(147)) - Latest Snapshot Info 1#470
2020-07-01 01:08:09,604 [grpc-default-executor-7] DEBUG server.GrpcLogAppender (GrpcLogAppender.java:onNext(257)) - omNode-1@group-523986131536->omNode-2-AppendLogResponseHandler: received a reply omNode-1<-omNode-2#1279:OK,SUCCESS,nextIndex:545,term:1,followerCommit:520, request=AppendEntriesRequest:cid=1279,entriesCount=0,lastEntry=null
2020-07-01 01:08:09,957 [grpc-default-executor-7] INFO  ratis.OzoneManagerStateMachine (OzoneManagerStateMachine.java:getLatestSnapshot(147)) - Latest Snapshot Info 1#499
2020-07-01 01:08:09,958 [grpc-default-executor-7] DEBUG server.GrpcLogAppender (GrpcLogAppender.java:onNext(257)) - omNode-1@group-523986131536->omNode-3-AppendLogResponseHandler: received a reply omNode-1<-omNode-3#818:OK,SUCCESS,nextIndex:545,term:1,followerCommit:544, request=AppendEntriesRequest:cid=818,entriesCount=0,lastEntry=null
2020-07-01 01:08:10,105 [grpc-default-executor-7] INFO  ratis.OzoneManagerStateMachine (OzoneManagerStateMachine.java:getLatestSnapshot(147)) - Latest Snapshot Info 1#470
2020-07-01 01:08:10,106 [grpc-default-executor-7] DEBUG server.GrpcLogAppender (GrpcLogAppender.java:onNext(257)) - omNode-1@group-523986131536->omNode-2-AppendLogResponseHandler: received a reply omNode-1<-omNode-2#1280:OK,SUCCESS,nextIndex:545,term:1,followerCommit:520, request=AppendEntriesRequest:cid=1280,entriesCount=0,lastEntry=null
2020-07-01 01:08:10,459 [grpc-default-executor-7] INFO  ratis.OzoneManagerStateMachine (OzoneManagerStateMachine.java:getLatestSnapshot(147)) - Latest Snapshot Info 1#499
2020-07-01 01:08:10,460 [grpc-default-executor-7] DEBUG server.GrpcLogAppender (GrpcLogAppender.java:onNext(257)) - omNode-1@group-523986131536->omNode-3-AppendLogResponseHandler: received a reply omNode-1<-omNode-3#819:OK,SUCCESS,nextIndex:545,term:1,followerCommit:544, request=AppendEntriesRequest:cid=819,entriesCount=0,lastEntry=null
2020-07-01 01:08:10,606 [grpc-default-executor-7] INFO  ratis.OzoneManagerStateMachine (OzoneManagerStateMachine.java:getLatestSnapshot(147)) - Latest Snapshot Info 1#470
2020-07-01 01:08:10,607 [grpc-default-executor-7] DEBUG server.GrpcLogAppender (GrpcLogAppender.java:onNext(257)) - omNode-1@group-523986131536->omNode-2-AppendLogResponseHandler: received a reply omNode-1<-omNode-2#1281:OK,SUCCESS,nextIndex:545,term:1,followerCommit:520, request=AppendEntriesRequest:cid=1281,entriesCount=0,lastEntry=null
2020-07-01 01:08:10,961 [grpc-default-executor-7] INFO  ratis.OzoneManagerStateMachine (OzoneManagerStateMachine.java:getLatestSnapshot(147)) - Latest Snapshot Info 1#499
2020-07-01 01:08:10,962 [grpc-default-executor-7] DEBUG server.GrpcLogAppender (GrpcLogAppender.java:onNext(257)) - omNode-1@group-523986131536->omNode-3-AppendLogResponseHandler: received a reply omNode-1<-omNode-3#820:OK,SUCCESS,nextIndex:545,term:1,followerCommit:544, request=AppendEntriesRequest:cid=820,entriesCount=0,lastEntry=null
2020-07-01 01:08:11,108 [grpc-default-executor-7] INFO  ratis.OzoneManagerStateMachine (OzoneManagerStateMachine.java:getLatestSnapshot(147)) - Latest Snapshot Info 1#470
2020-07-01 01:08:11,108 [grpc-default-executor-7] DEBUG server.GrpcLogAppender (GrpcLogAppender.java:onNext(257)) - omNode-1@group-523986131536->omNode-2-AppendLogResponseHandler: received a reply omNode-1<-omNode-2#1282:OK,SUCCESS,nextIndex:545,term:1,followerCommit:520, request=AppendEntriesRequest:cid=1282,entriesCount=0,lastEntry=null
2020-07-01 01:08:11,463 [grpc-default-executor-7] INFO  ratis.OzoneManagerStateMachine (OzoneManagerStateMachine.java:getLatestSnapshot(147)) - Latest Snapshot Info 1#499
2020-07-01 01:08:11,463 [grpc-default-executor-7] DEBUG server.GrpcLogAppender (GrpcLogAppender.java:onNext(257)) - omNode-1@group-523986131536->omNode-3-AppendLogResponseHandler: received a reply omNode-1<-omNode-3#821:OK,SUCCESS,nextIndex:545,term:1,followerCommit:544, request=AppendEntriesRequest:cid=821,entriesCount=0,lastEntry=null
2020-07-01 01:08:11,609 [grpc-default-executor-7] INFO  ratis.OzoneManagerStateMachine (OzoneManagerStateMachine.java:getLatestSnapshot(147)) - Latest Snapshot Info 1#470
2020-07-01 01:08:11,610 [grpc-default-executor-7] DEBUG server.GrpcLogAppender (GrpcLogAppender.java:onNext(257)) - omNode-1@group-523986131536->omNode-2-AppendLogResponseHandler: received a reply omNode-1<-omNode-2#1283:OK,SUCCESS,nextIndex:545,term:1,followerCommit:520, request=AppendEntriesRequest:cid=1283,entriesCount=0,lastEntry=null
2020-07-01 01:08:11,964 [grpc-default-executor-7] INFO  ratis.OzoneManagerStateMachine (OzoneManagerStateMachine.java:getLatestSnapshot(147)) - Latest Snapshot Info 1#499
2020-07-01 01:08:11,965 [grpc-default-executor-7] DEBUG server.GrpcLogAppender (GrpcLogAppender.java:onNext(257)) - omNode-1@group-523986131536->omNode-3-AppendLogResponseHandler: received a reply omNode-1<-omNode-3#822:OK,SUCCESS,nextIndex:545,term:1,followerCommit:544, request=AppendEntriesRequest:cid=822,entriesCount=0,lastEntry=null
2020-07-01 01:08:12,013 [grpc-default-executor-7] DEBUG server.GrpcLogAppender (GrpcLogAppender.java:onNext(257)) - 69db720a-335e-417f-9e4d-9b6daaea3d10@group-304D1CDEA4AC->5f570ae4-9456-445c-93e3-9355377d8e07-AppendLogResponseHandler: received a reply 69db720a-335e-417f-9e4d-9b6daaea3d10<-5f570ae4-9456-445c-93e3-9355377d8e07#54:OK,SUCCESS,nextIndex:1,term:1,followerCommit:0, request=AppendEntriesRequest:cid=54,entriesCount=0,lastEntry=null
2020-07-01 01:08:12,014 [grpc-default-executor-7] DEBUG server.GrpcLogAppender (GrpcLogAppender.java:onNext(257)) - 69db720a-335e-417f-9e4d-9b6daaea3d10@group-304D1CDEA4AC->40524df2-78a3-4e4e-9ceb-ad6c0599eecc-AppendLogResponseHandler: received a reply 69db720a-335e-417f-9e4d-9b6daaea3d10<-40524df2-78a3-4e4e-9ceb-ad6c0599eecc#54:OK,SUCCESS,nextIndex:1,term:1,followerCommit:0, request=AppendEntriesRequest:cid=54,entriesCount=0,lastEntry=null
2020-07-01 01:08:12,111 [grpc-default-executor-7] INFO  ratis.OzoneManagerStateMachine (OzoneManagerStateMachine.java:getLatestSnapshot(147)) - Latest Snapshot Info 1#470
2020-07-01 01:08:12,111 [grpc-default-executor-7] DEBUG server.GrpcLogAppender (GrpcLogAppender.java:onNext(257)) - omNode-1@group-523986131536->omNode-2-AppendLogResponseHandler: received a reply omNode-1<-omNode-2#1284:OK,SUCCESS,nextIndex:545,term:1,followerCommit:520, request=AppendEntriesRequest:cid=1284,entriesCount=0,lastEntry=null
2020-07-01 01:08:12,465 [grpc-default-executor-7] INFO  ratis.OzoneManagerStateMachine (OzoneManagerStateMachine.java:getLatestSnapshot(147)) - Latest Snapshot Info 1#499
2020-07-01 01:08:12,466 [grpc-default-executor-7] DEBUG server.GrpcLogAppender (GrpcLogAppender.java:onNext(257)) - omNode-1@group-523986131536->omNode-3-AppendLogResponseHandler: received a reply omNode-1<-omNode-3#823:OK,SUCCESS,nextIndex:545,term:1,followerCommit:544, request=AppendEntriesRequest:cid=823,entriesCount=0,lastEntry=null
2020-07-01 01:08:12,612 [grpc-default-executor-7] INFO  ratis.OzoneManagerStateMachine (OzoneManagerStateMachine.java:getLatestSnapshot(147)) - Latest Snapshot Info 1#470
2020-07-01 01:08:12,613 [grpc-default-executor-7] DEBUG server.GrpcLogAppender (GrpcLogAppender.java:onNext(257)) - omNode-1@group-523986131536->omNode-2-AppendLogResponseHandler: received a reply omNode-1<-omNode-2#1285:OK,SUCCESS,nextIndex:545,term:1,followerCommit:520, request=AppendEntriesRequest:cid=1285,entriesCount=0,lastEntry=null
2020-07-01 01:08:12,967 [grpc-default-executor-7] INFO  ratis.OzoneManagerStateMachine (OzoneManagerStateMachine.java:getLatestSnapshot(147)) - Latest Snapshot Info 1#499
2020-07-01 01:08:12,968 [grpc-default-executor-7] DEBUG server.GrpcLogAppender (GrpcLogAppender.java:onNext(257)) - omNode-1@group-523986131536->omNode-3-AppendLogResponseHandler: received a reply omNode-1<-omNode-3#824:OK,SUCCESS,nextIndex:545,term:1,followerCommit:544, request=AppendEntriesRequest:cid=824,entriesCount=0,lastEntry=null
2020-07-01 01:08:13,113 [grpc-default-executor-7] INFO  ratis.OzoneManagerStateMachine (OzoneManagerStateMachine.java:getLatestSnapshot(147)) - Latest Snapshot Info 1#470
2020-07-01 01:08:13,114 [grpc-default-executor-7] DEBUG server.GrpcLogAppender (GrpcLogAppender.java:onNext(257)) - omNode-1@group-523986131536->omNode-2-AppendLogResponseHandler: received a reply omNode-1<-omNode-2#1286:OK,SUCCESS,nextIndex:545,term:1,followerCommit:520, request=AppendEntriesRequest:cid=1286,entriesCount=0,lastEntry=null
2020-07-01 01:08:13,468 [grpc-default-executor-7] INFO  ratis.OzoneManagerStateMachine (OzoneManagerStateMachine.java:getLatestSnapshot(147)) - Latest Snapshot Info 1#499
2020-07-01 01:08:13,470 [grpc-default-executor-7] DEBUG server.GrpcLogAppender (GrpcLogAppender.java:onNext(257)) - omNode-1@group-523986131536->omNode-3-AppendLogResponseHandler: received a reply omNode-1<-omNode-3#825:OK,SUCCESS,nextIndex:545,term:1,followerCommit:544, request=AppendEntriesRequest:cid=825,entriesCount=0,lastEntry=null
2020-07-01 01:08:13,615 [grpc-default-executor-7] INFO  ratis.OzoneManagerStateMachine (OzoneManagerStateMachine.java:getLatestSnapshot(147)) - Latest Snapshot Info 1#470
2020-07-01 01:08:13,616 [grpc-default-executor-7] DEBUG server.GrpcLogAppender (GrpcLogAppender.java:onNext(257)) - omNode-1@group-523986131536->omNode-2-AppendLogResponseHandler: received a reply omNode-1<-omNode-2#1287:OK,SUCCESS,nextIndex:545,term:1,followerCommit:520, request=AppendEntriesRequest:cid=1287,entriesCount=0,lastEntry=null
2020-07-01 01:08:13,970 [grpc-default-executor-7] INFO  ratis.OzoneManagerStateMachine (OzoneManagerStateMachine.java:getLatestSnapshot(147)) - Latest Snapshot Info 1#499
2020-07-01 01:08:13,971 [grpc-default-executor-7] DEBUG server.GrpcLogAppender (GrpcLogAppender.java:onNext(257)) - omNode-1@group-523986131536->omNode-3-AppendLogResponseHandler: received a reply omNode-1<-omNode-3#826:OK,SUCCESS,nextIndex:545,term:1,followerCommit:544, request=AppendEntriesRequest:cid=826,entriesCount=0,lastEntry=null
2020-07-01 01:08:14,117 [grpc-default-executor-7] INFO  ratis.OzoneManagerStateMachine (OzoneManagerStateMachine.java:getLatestSnapshot(147)) - Latest Snapshot Info 1#470
2020-07-01 01:08:14,118 [grpc-default-executor-7] DEBUG server.GrpcLogAppender (GrpcLogAppender.java:onNext(257)) - omNode-1@group-523986131536->omNode-2-AppendLogResponseHandler: received a reply omNode-1<-omNode-2#1288:OK,SUCCESS,nextIndex:545,term:1,followerCommit:520, request=AppendEntriesRequest:cid=1288,entriesCount=0,lastEntry=null
2020-07-01 01:08:14,473 [grpc-default-executor-7] INFO  ratis.OzoneManagerStateMachine (OzoneManagerStateMachine.java:getLatestSnapshot(147)) - Latest Snapshot Info 1#499
2020-07-01 01:08:14,474 [grpc-default-executor-7] DEBUG server.GrpcLogAppender (GrpcLogAppender.java:onNext(257)) - omNode-1@group-523986131536->omNode-3-AppendLogResponseHandler: received a reply omNode-1<-omNode-3#827:OK,SUCCESS,nextIndex:545,term:1,followerCommit:544, request=AppendEntriesRequest:cid=827,entriesCount=0,lastEntry=null
2020-07-01 01:08:14,514 [grpc-default-executor-7] DEBUG server.GrpcLogAppender (GrpcLogAppender.java:onNext(257)) - 69db720a-335e-417f-9e4d-9b6daaea3d10@group-304D1CDEA4AC->5f570ae4-9456-445c-93e3-9355377d8e07-AppendLogResponseHandler: received a reply 69db720a-335e-417f-9e4d-9b6daaea3d10<-5f570ae4-9456-445c-93e3-9355377d8e07#55:OK,SUCCESS,nextIndex:1,term:1,followerCommit:0, request=AppendEntriesRequest:cid=55,entriesCount=0,lastEntry=null
2020-07-01 01:08:14,515 [grpc-default-executor-7] DEBUG server.GrpcLogAppender (GrpcLogAppender.java:onNext(257)) - 69db720a-335e-417f-9e4d-9b6daaea3d10@group-304D1CDEA4AC->40524df2-78a3-4e4e-9ceb-ad6c0599eecc-AppendLogResponseHandler: received a reply 69db720a-335e-417f-9e4d-9b6daaea3d10<-40524df2-78a3-4e4e-9ceb-ad6c0599eecc#55:OK,SUCCESS,nextIndex:1,term:1,followerCommit:0, request=AppendEntriesRequest:cid=55,entriesCount=0,lastEntry=null
2020-07-01 01:08:14,618 [grpc-default-executor-7] INFO  ratis.OzoneManagerStateMachine (OzoneManagerStateMachine.java:getLatestSnapshot(147)) - Latest Snapshot Info 1#470
2020-07-01 01:08:14,619 [grpc-default-executor-7] DEBUG server.GrpcLogAppender (GrpcLogAppender.java:onNext(257)) - omNode-1@group-523986131536->omNode-2-AppendLogResponseHandler: received a reply omNode-1<-omNode-2#1289:OK,SUCCESS,nextIndex:545,term:1,followerCommit:520, request=AppendEntriesRequest:cid=1289,entriesCount=0,lastEntry=null
2020-07-01 01:08:14,975 [grpc-default-executor-7] INFO  ratis.OzoneManagerStateMachine (OzoneManagerStateMachine.java:getLatestSnapshot(147)) - Latest Snapshot Info 1#499
2020-07-01 01:08:14,975 [grpc-default-executor-7] DEBUG server.GrpcLogAppender (GrpcLogAppender.java:onNext(257)) - omNode-1@group-523986131536->omNode-3-AppendLogResponseHandler: received a reply omNode-1<-omNode-3#828:OK,SUCCESS,nextIndex:545,term:1,followerCommit:544, request=AppendEntriesRequest:cid=828,entriesCount=0,lastEntry=null
2020-07-01 01:08:15,120 [grpc-default-executor-7] INFO  ratis.OzoneManagerStateMachine (OzoneManagerStateMachine.java:getLatestSnapshot(147)) - Latest Snapshot Info 1#470
2020-07-01 01:08:15,121 [grpc-default-executor-7] DEBUG server.GrpcLogAppender (GrpcLogAppender.java:onNext(257)) - omNode-1@group-523986131536->omNode-2-AppendLogResponseHandler: received a reply omNode-1<-omNode-2#1290:OK,SUCCESS,nextIndex:545,term:1,followerCommit:520, request=AppendEntriesRequest:cid=1290,entriesCount=0,lastEntry=null
2020-07-01 01:08:15,476 [grpc-default-executor-7] INFO  ratis.OzoneManagerStateMachine (OzoneManagerStateMachine.java:getLatestSnapshot(147)) - Latest Snapshot Info 1#499
2020-07-01 01:08:15,478 [grpc-default-executor-7] DEBUG server.GrpcLogAppender (GrpcLogAppender.java:onNext(257)) - omNode-1@group-523986131536->omNode-3-AppendLogResponseHandler: received a reply omNode-1<-omNode-3#829:OK,SUCCESS,nextIndex:545,term:1,followerCommit:544, request=AppendEntriesRequest:cid=829,entriesCount=0,lastEntry=null
2020-07-01 01:08:15,622 [grpc-default-executor-7] INFO  ratis.OzoneManagerStateMachine (OzoneManagerStateMachine.java:getLatestSnapshot(147)) - Latest Snapshot Info 1#470
2020-07-01 01:08:15,623 [grpc-default-executor-7] DEBUG server.GrpcLogAppender (GrpcLogAppender.java:onNext(257)) - omNode-1@group-523986131536->omNode-2-AppendLogResponseHandler: received a reply omNode-1<-omNode-2#1291:OK,SUCCESS,nextIndex:545,term:1,followerCommit:520, request=AppendEntriesRequest:cid=1291,entriesCount=0,lastEntry=null
2020-07-01 01:08:15,978 [grpc-default-executor-7] INFO  ratis.OzoneManagerStateMachine (OzoneManagerStateMachine.java:getLatestSnapshot(147)) - Latest Snapshot Info 1#499
2020-07-01 01:08:15,981 [grpc-default-executor-7] DEBUG server.GrpcLogAppender (GrpcLogAppender.java:onNext(257)) - omNode-1@group-523986131536->omNode-3-AppendLogResponseHandler: received a reply omNode-1<-omNode-3#830:OK,SUCCESS,nextIndex:545,term:1,followerCommit:544, request=AppendEntriesRequest:cid=830,entriesCount=0,lastEntry=null
2020-07-01 01:08:16,124 [grpc-default-executor-7] INFO  ratis.OzoneManagerStateMachine (OzoneManagerStateMachine.java:getLatestSnapshot(147)) - Latest Snapshot Info 1#470
2020-07-01 01:08:16,125 [grpc-default-executor-7] DEBUG server.GrpcLogAppender (GrpcLogAppender.java:onNext(257)) - omNode-1@group-523986131536->omNode-2-AppendLogResponseHandler: received a reply omNode-1<-omNode-2#1292:OK,SUCCESS,nextIndex:545,term:1,followerCommit:520, request=AppendEntriesRequest:cid=1292,entriesCount=0,lastEntry=null
2020-07-01 01:08:16,481 [grpc-default-executor-7] INFO  ratis.OzoneManagerStateMachine (OzoneManagerStateMachine.java:getLatestSnapshot(147)) - Latest Snapshot Info 1#499
2020-07-01 01:08:16,482 [grpc-default-executor-7] DEBUG server.GrpcLogAppender (GrpcLogAppender.java:onNext(257)) - omNode-1@group-523986131536->omNode-3-AppendLogResponseHandler: received a reply omNode-1<-omNode-3#831:OK,SUCCESS,nextIndex:545,term:1,followerCommit:544, request=AppendEntriesRequest:cid=831,entriesCount=0,lastEntry=null
2020-07-01 01:08:16,625 [grpc-default-executor-7] INFO  ratis.OzoneManagerStateMachine (OzoneManagerStateMachine.java:getLatestSnapshot(147)) - Latest Snapshot Info 1#470
2020-07-01 01:08:16,626 [grpc-default-executor-7] DEBUG server.GrpcLogAppender (GrpcLogAppender.java:onNext(257)) - omNode-1@group-523986131536->omNode-2-AppendLogResponseHandler: received a reply omNode-1<-omNode-2#1293:OK,SUCCESS,nextIndex:545,term:1,followerCommit:520, request=AppendEntriesRequest:cid=1293,entriesCount=0,lastEntry=null
2020-07-01 01:08:16,983 [grpc-default-executor-7] INFO  ratis.OzoneManagerStateMachine (OzoneManagerStateMachine.java:getLatestSnapshot(147)) - Latest Snapshot Info 1#499
2020-07-01 01:08:16,984 [grpc-default-executor-7] DEBUG server.GrpcLogAppender (GrpcLogAppender.java:onNext(257)) - omNode-1@group-523986131536->omNode-3-AppendLogResponseHandler: received a reply omNode-1<-omNode-3#832:OK,SUCCESS,nextIndex:545,term:1,followerCommit:544, request=AppendEntriesRequest:cid=832,entriesCount=0,lastEntry=null
2020-07-01 01:08:17,015 [grpc-default-executor-7] DEBUG server.GrpcLogAppender (GrpcLogAppender.java:onNext(257)) - 69db720a-335e-417f-9e4d-9b6daaea3d10@group-304D1CDEA4AC->5f570ae4-9456-445c-93e3-9355377d8e07-AppendLogResponseHandler: received a reply 69db720a-335e-417f-9e4d-9b6daaea3d10<-5f570ae4-9456-445c-93e3-9355377d8e07#56:OK,SUCCESS,nextIndex:1,term:1,followerCommit:0, request=AppendEntriesRequest:cid=56,entriesCount=0,lastEntry=null
2020-07-01 01:08:17,016 [grpc-default-executor-7] DEBUG server.GrpcLogAppender (GrpcLogAppender.java:onNext(257)) - 69db720a-335e-417f-9e4d-9b6daaea3d10@group-304D1CDEA4AC->40524df2-78a3-4e4e-9ceb-ad6c0599eecc-AppendLogResponseHandler: received a reply 69db720a-335e-417f-9e4d-9b6daaea3d10<-40524df2-78a3-4e4e-9ceb-ad6c0599eecc#56:OK,SUCCESS,nextIndex:1,term:1,followerCommit:0, request=AppendEntriesRequest:cid=56,entriesCount=0,lastEntry=null
2020-07-01 01:08:17,127 [grpc-default-executor-7] INFO  ratis.OzoneManagerStateMachine (OzoneManagerStateMachine.java:getLatestSnapshot(147)) - Latest Snapshot Info 1#470
2020-07-01 01:08:17,127 [grpc-default-executor-7] DEBUG server.GrpcLogAppender (GrpcLogAppender.java:onNext(257)) - omNode-1@group-523986131536->omNode-2-AppendLogResponseHandler: received a reply omNode-1<-omNode-2#1294:OK,SUCCESS,nextIndex:545,term:1,followerCommit:520, request=AppendEntriesRequest:cid=1294,entriesCount=0,lastEntry=null
2020-07-01 01:08:17,484 [grpc-default-executor-7] INFO  ratis.OzoneManagerStateMachine (OzoneManagerStateMachine.java:getLatestSnapshot(147)) - Latest Snapshot Info 1#499
2020-07-01 01:08:17,485 [grpc-default-executor-7] DEBUG server.GrpcLogAppender (GrpcLogAppender.java:onNext(257)) - omNode-1@group-523986131536->omNode-3-AppendLogResponseHandler: received a reply omNode-1<-omNode-3#833:OK,SUCCESS,nextIndex:545,term:1,followerCommit:544, request=AppendEntriesRequest:cid=833,entriesCount=0,lastEntry=null
2020-07-01 01:08:17,628 [grpc-default-executor-7] INFO  ratis.OzoneManagerStateMachine (OzoneManagerStateMachine.java:getLatestSnapshot(147)) - Latest Snapshot Info 1#470
2020-07-01 01:08:17,629 [grpc-default-executor-7] DEBUG server.GrpcLogAppender (GrpcLogAppender.java:onNext(257)) - omNode-1@group-523986131536->omNode-2-AppendLogResponseHandler: received a reply omNode-1<-omNode-2#1295:OK,SUCCESS,nextIndex:545,term:1,followerCommit:520, request=AppendEntriesRequest:cid=1295,entriesCount=0,lastEntry=null
2020-07-01 01:08:17,986 [grpc-default-executor-7] INFO  ratis.OzoneManagerStateMachine (OzoneManagerStateMachine.java:getLatestSnapshot(147)) - Latest Snapshot Info 1#499
2020-07-01 01:08:17,987 [grpc-default-executor-7] DEBUG server.GrpcLogAppender (GrpcLogAppender.java:onNext(257)) - omNode-1@group-523986131536->omNode-3-AppendLogResponseHandler: received a reply omNode-1<-omNode-3#834:OK,SUCCESS,nextIndex:545,term:1,followerCommit:544, request=AppendEntriesRequest:cid=834,entriesCount=0,lastEntry=null
2020-07-01 01:08:18,129 [grpc-default-executor-7] INFO  ratis.OzoneManagerStateMachine (OzoneManagerStateMachine.java:getLatestSnapshot(147)) - Latest Snapshot Info 1#470
2020-07-01 01:08:18,130 [grpc-default-executor-7] DEBUG server.GrpcLogAppender (GrpcLogAppender.java:onNext(257)) - omNode-1@group-523986131536->omNode-2-AppendLogResponseHandler: received a reply omNode-1<-omNode-2#1296:OK,SUCCESS,nextIndex:545,term:1,followerCommit:520, request=AppendEntriesRequest:cid=1296,entriesCount=0,lastEntry=null
2020-07-01 01:08:18,487 [grpc-default-executor-7] INFO  ratis.OzoneManagerStateMachine (OzoneManagerStateMachine.java:getLatestSnapshot(147)) - Latest Snapshot Info 1#499
2020-07-01 01:08:18,488 [grpc-default-executor-7] DEBUG server.GrpcLogAppender (GrpcLogAppender.java:onNext(257)) - omNode-1@group-523986131536->omNode-3-AppendLogResponseHandler: received a reply omNode-1<-omNode-3#835:OK,SUCCESS,nextIndex:545,term:1,followerCommit:544, request=AppendEntriesRequest:cid=835,entriesCount=0,lastEntry=null
2020-07-01 01:08:18,631 [grpc-default-executor-7] INFO  ratis.OzoneManagerStateMachine (OzoneManagerStateMachine.java:getLatestSnapshot(147)) - Latest Snapshot Info 1#470
2020-07-01 01:08:18,632 [grpc-default-executor-7] DEBUG server.GrpcLogAppender (GrpcLogAppender.java:onNext(257)) - omNode-1@group-523986131536->omNode-2-AppendLogResponseHandler: received a reply omNode-1<-omNode-2#1297:OK,SUCCESS,nextIndex:545,term:1,followerCommit:520, request=AppendEntriesRequest:cid=1297,entriesCount=0,lastEntry=null
2020-07-01 01:08:18,989 [grpc-default-executor-7] INFO  ratis.OzoneManagerStateMachine (OzoneManagerStateMachine.java:getLatestSnapshot(147)) - Latest Snapshot Info 1#499
2020-07-01 01:08:18,990 [grpc-default-executor-7] DEBUG server.GrpcLogAppender (GrpcLogAppender.java:onNext(257)) - omNode-1@group-523986131536->omNode-3-AppendLogResponseHandler: received a reply omNode-1<-omNode-3#836:OK,SUCCESS,nextIndex:545,term:1,followerCommit:544, request=AppendEntriesRequest:cid=836,entriesCount=0,lastEntry=null
2020-07-01 01:08:19,132 [grpc-default-executor-7] INFO  ratis.OzoneManagerStateMachine (OzoneManagerStateMachine.java:getLatestSnapshot(147)) - Latest Snapshot Info 1#470
2020-07-01 01:08:19,133 [grpc-default-executor-7] DEBUG server.GrpcLogAppender (GrpcLogAppender.java:onNext(257)) - omNode-1@group-523986131536->omNode-2-AppendLogResponseHandler: received a reply omNode-1<-omNode-2#1298:OK,SUCCESS,nextIndex:545,term:1,followerCommit:520, request=AppendEntriesRequest:cid=1298,entriesCount=0,lastEntry=null
2020-07-01 01:08:19,491 [grpc-default-executor-7] INFO  ratis.OzoneManagerStateMachine (OzoneManagerStateMachine.java:getLatestSnapshot(147)) - Latest Snapshot Info 1#499
2020-07-01 01:08:19,492 [grpc-default-executor-7] DEBUG server.GrpcLogAppender (GrpcLogAppender.java:onNext(257)) - omNode-1@group-523986131536->omNode-3-AppendLogResponseHandler: received a reply omNode-1<-omNode-3#837:OK,SUCCESS,nextIndex:545,term:1,followerCommit:544, request=AppendEntriesRequest:cid=837,entriesCount=0,lastEntry=null
2020-07-01 01:08:19,516 [grpc-default-executor-7] DEBUG server.GrpcLogAppender (GrpcLogAppender.java:onNext(257)) - 69db720a-335e-417f-9e4d-9b6daaea3d10@group-304D1CDEA4AC->5f570ae4-9456-445c-93e3-9355377d8e07-AppendLogResponseHandler: received a reply 69db720a-335e-417f-9e4d-9b6daaea3d10<-5f570ae4-9456-445c-93e3-9355377d8e07#57:OK,SUCCESS,nextIndex:1,term:1,followerCommit:0, request=AppendEntriesRequest:cid=57,entriesCount=0,lastEntry=null
2020-07-01 01:08:19,517 [grpc-default-executor-7] DEBUG server.GrpcLogAppender (GrpcLogAppender.java:onNext(257)) - 69db720a-335e-417f-9e4d-9b6daaea3d10@group-304D1CDEA4AC->40524df2-78a3-4e4e-9ceb-ad6c0599eecc-AppendLogResponseHandler: received a reply 69db720a-335e-417f-9e4d-9b6daaea3d10<-40524df2-78a3-4e4e-9ceb-ad6c0599eecc#57:OK,SUCCESS,nextIndex:1,term:1,followerCommit:0, request=AppendEntriesRequest:cid=57,entriesCount=0,lastEntry=null
2020-07-01 01:08:19,634 [grpc-default-executor-7] INFO  ratis.OzoneManagerStateMachine (OzoneManagerStateMachine.java:getLatestSnapshot(147)) - Latest Snapshot Info 1#470
2020-07-01 01:08:19,634 [grpc-default-executor-7] DEBUG server.GrpcLogAppender (GrpcLogAppender.java:onNext(257)) - omNode-1@group-523986131536->omNode-2-AppendLogResponseHandler: received a reply omNode-1<-omNode-2#1299:OK,SUCCESS,nextIndex:545,term:1,followerCommit:520, request=AppendEntriesRequest:cid=1299,entriesCount=0,lastEntry=null
2020-07-01 01:08:19,992 [grpc-default-executor-7] INFO  ratis.OzoneManagerStateMachine (OzoneManagerStateMachine.java:getLatestSnapshot(147)) - Latest Snapshot Info 1#499
2020-07-01 01:08:19,993 [grpc-default-executor-7] DEBUG server.GrpcLogAppender (GrpcLogAppender.java:onNext(257)) - omNode-1@group-523986131536->omNode-3-AppendLogResponseHandler: received a reply omNode-1<-omNode-3#838:OK,SUCCESS,nextIndex:545,term:1,followerCommit:544, request=AppendEntriesRequest:cid=838,entriesCount=0,lastEntry=null
2020-07-01 01:08:20,135 [grpc-default-executor-7] INFO  ratis.OzoneManagerStateMachine (OzoneManagerStateMachine.java:getLatestSnapshot(147)) - Latest Snapshot Info 1#470
2020-07-01 01:08:20,136 [grpc-default-executor-7] DEBUG server.GrpcLogAppender (GrpcLogAppender.java:onNext(257)) - omNode-1@group-523986131536->omNode-2-AppendLogResponseHandler: received a reply omNode-1<-omNode-2#1300:OK,SUCCESS,nextIndex:545,term:1,followerCommit:520, request=AppendEntriesRequest:cid=1300,entriesCount=0,lastEntry=null
2020-07-01 01:08:20,494 [grpc-default-executor-7] INFO  ratis.OzoneManagerStateMachine (OzoneManagerStateMachine.java:getLatestSnapshot(147)) - Latest Snapshot Info 1#499
2020-07-01 01:08:20,495 [grpc-default-executor-7] DEBUG server.GrpcLogAppender (GrpcLogAppender.java:onNext(257)) - omNode-1@group-523986131536->omNode-3-AppendLogResponseHandler: received a reply omNode-1<-omNode-3#839:OK,SUCCESS,nextIndex:545,term:1,followerCommit:544, request=AppendEntriesRequest:cid=839,entriesCount=0,lastEntry=null
2020-07-01 01:08:20,636 [grpc-default-executor-7] INFO  ratis.OzoneManagerStateMachine (OzoneManagerStateMachine.java:getLatestSnapshot(147)) - Latest Snapshot Info 1#470
2020-07-01 01:08:20,637 [grpc-default-executor-7] DEBUG server.GrpcLogAppender (GrpcLogAppender.java:onNext(257)) - omNode-1@group-523986131536->omNode-2-AppendLogResponseHandler: received a reply omNode-1<-omNode-2#1301:OK,SUCCESS,nextIndex:545,term:1,followerCommit:520, request=AppendEntriesRequest:cid=1301,entriesCount=0,lastEntry=null
2020-07-01 01:08:20,996 [grpc-default-executor-7] INFO  ratis.OzoneManagerStateMachine (OzoneManagerStateMachine.java:getLatestSnapshot(147)) - Latest Snapshot Info 1#499
2020-07-01 01:08:20,996 [grpc-default-executor-7] DEBUG server.GrpcLogAppender (GrpcLogAppender.java:onNext(257)) - omNode-1@group-523986131536->omNode-3-AppendLogResponseHandler: received a reply omNode-1<-omNode-3#840:OK,SUCCESS,nextIndex:545,term:1,followerCommit:544, request=AppendEntriesRequest:cid=840,entriesCount=0,lastEntry=null
2020-07-01 01:08:21,138 [grpc-default-executor-7] INFO  ratis.OzoneManagerStateMachine (OzoneManagerStateMachine.java:getLatestSnapshot(147)) - Latest Snapshot Info 1#470
2020-07-01 01:08:21,138 [grpc-default-executor-7] DEBUG server.GrpcLogAppender (GrpcLogAppender.java:onNext(257)) - omNode-1@group-523986131536->omNode-2-AppendLogResponseHandler: received a reply omNode-1<-omNode-2#1302:OK,SUCCESS,nextIndex:545,term:1,followerCommit:520, request=AppendEntriesRequest:cid=1302,entriesCount=0,lastEntry=null
2020-07-01 01:08:21,497 [grpc-default-executor-7] INFO  ratis.OzoneManagerStateMachine (OzoneManagerStateMachine.java:getLatestSnapshot(147)) - Latest Snapshot Info 1#499
2020-07-01 01:08:21,498 [grpc-default-executor-7] DEBUG server.GrpcLogAppender (GrpcLogAppender.java:onNext(257)) - omNode-1@group-523986131536->omNode-3-AppendLogResponseHandler: received a reply omNode-1<-omNode-3#841:OK,SUCCESS,nextIndex:545,term:1,followerCommit:544, request=AppendEntriesRequest:cid=841,entriesCount=0,lastEntry=null
2020-07-01 01:08:21,639 [grpc-default-executor-7] INFO  ratis.OzoneManagerStateMachine (OzoneManagerStateMachine.java:getLatestSnapshot(147)) - Latest Snapshot Info 1#470
2020-07-01 01:08:21,640 [grpc-default-executor-7] DEBUG server.GrpcLogAppender (GrpcLogAppender.java:onNext(257)) - omNode-1@group-523986131536->omNode-2-AppendLogResponseHandler: received a reply omNode-1<-omNode-2#1303:OK,SUCCESS,nextIndex:545,term:1,followerCommit:520, request=AppendEntriesRequest:cid=1303,entriesCount=0,lastEntry=null
2020-07-01 01:08:21,998 [grpc-default-executor-7] INFO  ratis.OzoneManagerStateMachine (OzoneManagerStateMachine.java:getLatestSnapshot(147)) - Latest Snapshot Info 1#499
2020-07-01 01:08:21,999 [grpc-default-executor-7] DEBUG server.GrpcLogAppender (GrpcLogAppender.java:onNext(257)) - omNode-1@group-523986131536->omNode-3-AppendLogResponseHandler: received a reply omNode-1<-omNode-3#842:OK,SUCCESS,nextIndex:545,term:1,followerCommit:544, request=AppendEntriesRequest:cid=842,entriesCount=0,lastEntry=null
2020-07-01 01:08:22,017 [grpc-default-executor-7] DEBUG server.GrpcLogAppender (GrpcLogAppender.java:onNext(257)) - 69db720a-335e-417f-9e4d-9b6daaea3d10@group-304D1CDEA4AC->5f570ae4-9456-445c-93e3-9355377d8e07-AppendLogResponseHandler: received a reply 69db720a-335e-417f-9e4d-9b6daaea3d10<-5f570ae4-9456-445c-93e3-9355377d8e07#58:OK,SUCCESS,nextIndex:1,term:1,followerCommit:0, request=AppendEntriesRequest:cid=58,entriesCount=0,lastEntry=null
2020-07-01 01:08:22,018 [grpc-default-executor-9] DEBUG server.GrpcLogAppender (GrpcLogAppender.java:onNext(257)) - 69db720a-335e-417f-9e4d-9b6daaea3d10@group-304D1CDEA4AC->40524df2-78a3-4e4e-9ceb-ad6c0599eecc-AppendLogResponseHandler: received a reply 69db720a-335e-417f-9e4d-9b6daaea3d10<-40524df2-78a3-4e4e-9ceb-ad6c0599eecc#58:OK,SUCCESS,nextIndex:1,term:1,followerCommit:0, request=AppendEntriesRequest:cid=58,entriesCount=0,lastEntry=null
2020-07-01 01:08:22,140 [grpc-default-executor-9] INFO  ratis.OzoneManagerStateMachine (OzoneManagerStateMachine.java:getLatestSnapshot(147)) - Latest Snapshot Info 1#470
2020-07-01 01:08:22,141 [grpc-default-executor-9] DEBUG server.GrpcLogAppender (GrpcLogAppender.java:onNext(257)) - omNode-1@group-523986131536->omNode-2-AppendLogResponseHandler: received a reply omNode-1<-omNode-2#1304:OK,SUCCESS,nextIndex:545,term:1,followerCommit:520, request=AppendEntriesRequest:cid=1304,entriesCount=0,lastEntry=null
2020-07-01 01:08:22,500 [grpc-default-executor-9] INFO  ratis.OzoneManagerStateMachine (OzoneManagerStateMachine.java:getLatestSnapshot(147)) - Latest Snapshot Info 1#499
2020-07-01 01:08:22,501 [grpc-default-executor-9] DEBUG server.GrpcLogAppender (GrpcLogAppender.java:onNext(257)) - omNode-1@group-523986131536->omNode-3-AppendLogResponseHandler: received a reply omNode-1<-omNode-3#843:OK,SUCCESS,nextIndex:545,term:1,followerCommit:544, request=AppendEntriesRequest:cid=843,entriesCount=0,lastEntry=null
2020-07-01 01:08:22,642 [grpc-default-executor-9] INFO  ratis.OzoneManagerStateMachine (OzoneManagerStateMachine.java:getLatestSnapshot(147)) - Latest Snapshot Info 1#470
2020-07-01 01:08:22,642 [grpc-default-executor-9] DEBUG server.GrpcLogAppender (GrpcLogAppender.java:onNext(257)) - omNode-1@group-523986131536->omNode-2-AppendLogResponseHandler: received a reply omNode-1<-omNode-2#1305:OK,SUCCESS,nextIndex:545,term:1,followerCommit:520, request=AppendEntriesRequest:cid=1305,entriesCount=0,lastEntry=null
2020-07-01 01:08:23,001 [grpc-default-executor-9] INFO  ratis.OzoneManagerStateMachine (OzoneManagerStateMachine.java:getLatestSnapshot(147)) - Latest Snapshot Info 1#499
2020-07-01 01:08:23,002 [grpc-default-executor-9] DEBUG server.GrpcLogAppender (GrpcLogAppender.java:onNext(257)) - omNode-1@group-523986131536->omNode-3-AppendLogResponseHandler: received a reply omNode-1<-omNode-3#844:OK,SUCCESS,nextIndex:545,term:1,followerCommit:544, request=AppendEntriesRequest:cid=844,entriesCount=0,lastEntry=null
2020-07-01 01:08:23,143 [grpc-default-executor-9] INFO  ratis.OzoneManagerStateMachine (OzoneManagerStateMachine.java:getLatestSnapshot(147)) - Latest Snapshot Info 1#470
2020-07-01 01:08:23,144 [grpc-default-executor-9] DEBUG server.GrpcLogAppender (GrpcLogAppender.java:onNext(257)) - omNode-1@group-523986131536->omNode-2-AppendLogResponseHandler: received a reply omNode-1<-omNode-2#1306:OK,SUCCESS,nextIndex:545,term:1,followerCommit:520, request=AppendEntriesRequest:cid=1306,entriesCount=0,lastEntry=null
2020-07-01 01:08:23,503 [grpc-default-executor-9] INFO  ratis.OzoneManagerStateMachine (OzoneManagerStateMachine.java:getLatestSnapshot(147)) - Latest Snapshot Info 1#499
2020-07-01 01:08:23,504 [grpc-default-executor-9] DEBUG server.GrpcLogAppender (GrpcLogAppender.java:onNext(257)) - omNode-1@group-523986131536->omNode-3-AppendLogResponseHandler: received a reply omNode-1<-omNode-3#845:OK,SUCCESS,nextIndex:545,term:1,followerCommit:544, request=AppendEntriesRequest:cid=845,entriesCount=0,lastEntry=null
2020-07-01 01:08:23,644 [grpc-default-executor-9] INFO  ratis.OzoneManagerStateMachine (OzoneManagerStateMachine.java:getLatestSnapshot(147)) - Latest Snapshot Info 1#470
2020-07-01 01:08:23,649 [grpc-default-executor-9] DEBUG server.GrpcLogAppender (GrpcLogAppender.java:onNext(257)) - omNode-1@group-523986131536->omNode-2-AppendLogResponseHandler: received a reply omNode-1<-omNode-2#1307:OK,SUCCESS,nextIndex:545,term:1,followerCommit:520, request=AppendEntriesRequest:cid=1307,entriesCount=0,lastEntry=null
2020-07-01 01:08:24,004 [grpc-default-executor-9] INFO  ratis.OzoneManagerStateMachine (OzoneManagerStateMachine.java:getLatestSnapshot(147)) - Latest Snapshot Info 1#499
2020-07-01 01:08:24,005 [grpc-default-executor-9] DEBUG server.GrpcLogAppender (GrpcLogAppender.java:onNext(257)) - omNode-1@group-523986131536->omNode-3-AppendLogResponseHandler: received a reply omNode-1<-omNode-3#846:OK,SUCCESS,nextIndex:545,term:1,followerCommit:544, request=AppendEntriesRequest:cid=846,entriesCount=0,lastEntry=null
2020-07-01 01:08:24,150 [grpc-default-executor-9] INFO  ratis.OzoneManagerStateMachine (OzoneManagerStateMachine.java:getLatestSnapshot(147)) - Latest Snapshot Info 1#470
2020-07-01 01:08:24,151 [grpc-default-executor-9] DEBUG server.GrpcLogAppender (GrpcLogAppender.java:onNext(257)) - omNode-1@group-523986131536->omNode-2-AppendLogResponseHandler: received a reply omNode-1<-omNode-2#1308:OK,SUCCESS,nextIndex:545,term:1,followerCommit:520, request=AppendEntriesRequest:cid=1308,entriesCount=0,lastEntry=null
2020-07-01 01:08:24,506 [grpc-default-executor-9] INFO  ratis.OzoneManagerStateMachine (OzoneManagerStateMachine.java:getLatestSnapshot(147)) - Latest Snapshot Info 1#499
2020-07-01 01:08:24,506 [grpc-default-executor-9] DEBUG server.GrpcLogAppender (GrpcLogAppender.java:onNext(257)) - omNode-1@group-523986131536->omNode-3-AppendLogResponseHandler: received a reply omNode-1<-omNode-3#847:OK,SUCCESS,nextIndex:545,term:1,followerCommit:544, request=AppendEntriesRequest:cid=847,entriesCount=0,lastEntry=null
2020-07-01 01:08:24,518 [grpc-default-executor-9] DEBUG server.GrpcLogAppender (GrpcLogAppender.java:onNext(257)) - 69db720a-335e-417f-9e4d-9b6daaea3d10@group-304D1CDEA4AC->5f570ae4-9456-445c-93e3-9355377d8e07-AppendLogResponseHandler: received a reply 69db720a-335e-417f-9e4d-9b6daaea3d10<-5f570ae4-9456-445c-93e3-9355377d8e07#59:OK,SUCCESS,nextIndex:1,term:1,followerCommit:0, request=AppendEntriesRequest:cid=59,entriesCount=0,lastEntry=null
2020-07-01 01:08:24,519 [grpc-default-executor-9] DEBUG server.GrpcLogAppender (GrpcLogAppender.java:onNext(257)) - 69db720a-335e-417f-9e4d-9b6daaea3d10@group-304D1CDEA4AC->40524df2-78a3-4e4e-9ceb-ad6c0599eecc-AppendLogResponseHandler: received a reply 69db720a-335e-417f-9e4d-9b6daaea3d10<-40524df2-78a3-4e4e-9ceb-ad6c0599eecc#59:OK,SUCCESS,nextIndex:1,term:1,followerCommit:0, request=AppendEntriesRequest:cid=59,entriesCount=0,lastEntry=null
2020-07-01 01:08:24,651 [grpc-default-executor-9] INFO  ratis.OzoneManagerStateMachine (OzoneManagerStateMachine.java:getLatestSnapshot(147)) - Latest Snapshot Info 1#470
2020-07-01 01:08:24,652 [grpc-default-executor-9] DEBUG server.GrpcLogAppender (GrpcLogAppender.java:onNext(257)) - omNode-1@group-523986131536->omNode-2-AppendLogResponseHandler: received a reply omNode-1<-omNode-2#1309:OK,SUCCESS,nextIndex:545,term:1,followerCommit:520, request=AppendEntriesRequest:cid=1309,entriesCount=0,lastEntry=null
2020-07-01 01:08:25,007 [grpc-default-executor-9] INFO  ratis.OzoneManagerStateMachine (OzoneManagerStateMachine.java:getLatestSnapshot(147)) - Latest Snapshot Info 1#499
2020-07-01 01:08:25,008 [grpc-default-executor-9] DEBUG server.GrpcLogAppender (GrpcLogAppender.java:onNext(257)) - omNode-1@group-523986131536->omNode-3-AppendLogResponseHandler: received a reply omNode-1<-omNode-3#848:OK,SUCCESS,nextIndex:545,term:1,followerCommit:544, request=AppendEntriesRequest:cid=848,entriesCount=0,lastEntry=null
2020-07-01 01:08:25,153 [grpc-default-executor-9] INFO  ratis.OzoneManagerStateMachine (OzoneManagerStateMachine.java:getLatestSnapshot(147)) - Latest Snapshot Info 1#470
2020-07-01 01:08:25,154 [grpc-default-executor-9] DEBUG server.GrpcLogAppender (GrpcLogAppender.java:onNext(257)) - omNode-1@group-523986131536->omNode-2-AppendLogResponseHandler: received a reply omNode-1<-omNode-2#1310:OK,SUCCESS,nextIndex:545,term:1,followerCommit:520, request=AppendEntriesRequest:cid=1310,entriesCount=0,lastEntry=null
2020-07-01 01:08:25,509 [grpc-default-executor-9] INFO  ratis.OzoneManagerStateMachine (OzoneManagerStateMachine.java:getLatestSnapshot(147)) - Latest Snapshot Info 1#499
2020-07-01 01:08:25,510 [grpc-default-executor-9] DEBUG server.GrpcLogAppender (GrpcLogAppender.java:onNext(257)) - omNode-1@group-523986131536->omNode-3-AppendLogResponseHandler: received a reply omNode-1<-omNode-3#849:OK,SUCCESS,nextIndex:545,term:1,followerCommit:544, request=AppendEntriesRequest:cid=849,entriesCount=0,lastEntry=null
2020-07-01 01:08:25,654 [grpc-default-executor-9] INFO  ratis.OzoneManagerStateMachine (OzoneManagerStateMachine.java:getLatestSnapshot(147)) - Latest Snapshot Info 1#470
2020-07-01 01:08:25,655 [grpc-default-executor-9] DEBUG server.GrpcLogAppender (GrpcLogAppender.java:onNext(257)) - omNode-1@group-523986131536->omNode-2-AppendLogResponseHandler: received a reply omNode-1<-omNode-2#1311:OK,SUCCESS,nextIndex:545,term:1,followerCommit:520, request=AppendEntriesRequest:cid=1311,entriesCount=0,lastEntry=null
2020-07-01 01:08:26,010 [grpc-default-executor-9] INFO  ratis.OzoneManagerStateMachine (OzoneManagerStateMachine.java:getLatestSnapshot(147)) - Latest Snapshot Info 1#499
2020-07-01 01:08:26,011 [grpc-default-executor-9] DEBUG server.GrpcLogAppender (GrpcLogAppender.java:onNext(257)) - omNode-1@group-523986131536->omNode-3-AppendLogResponseHandler: received a reply omNode-1<-omNode-3#850:OK,SUCCESS,nextIndex:545,term:1,followerCommit:544, request=AppendEntriesRequest:cid=850,entriesCount=0,lastEntry=null
2020-07-01 01:08:26,156 [grpc-default-executor-9] INFO  ratis.OzoneManagerStateMachine (OzoneManagerStateMachine.java:getLatestSnapshot(147)) - Latest Snapshot Info 1#470
2020-07-01 01:08:26,156 [grpc-default-executor-9] DEBUG server.GrpcLogAppender (GrpcLogAppender.java:onNext(257)) - omNode-1@group-523986131536->omNode-2-AppendLogResponseHandler: received a reply omNode-1<-omNode-2#1312:OK,SUCCESS,nextIndex:545,term:1,followerCommit:520, request=AppendEntriesRequest:cid=1312,entriesCount=0,lastEntry=null
2020-07-01 01:08:26,512 [grpc-default-executor-9] INFO  ratis.OzoneManagerStateMachine (OzoneManagerStateMachine.java:getLatestSnapshot(147)) - Latest Snapshot Info 1#499
2020-07-01 01:08:26,513 [grpc-default-executor-9] DEBUG server.GrpcLogAppender (GrpcLogAppender.java:onNext(257)) - omNode-1@group-523986131536->omNode-3-AppendLogResponseHandler: received a reply omNode-1<-omNode-3#851:OK,SUCCESS,nextIndex:545,term:1,followerCommit:544, request=AppendEntriesRequest:cid=851,entriesCount=0,lastEntry=null
2020-07-01 01:08:26,657 [grpc-default-executor-9] INFO  ratis.OzoneManagerStateMachine (OzoneManagerStateMachine.java:getLatestSnapshot(147)) - Latest Snapshot Info 1#470
2020-07-01 01:08:26,658 [grpc-default-executor-9] DEBUG server.GrpcLogAppender (GrpcLogAppender.java:onNext(257)) - omNode-1@group-523986131536->omNode-2-AppendLogResponseHandler: received a reply omNode-1<-omNode-2#1313:OK,SUCCESS,nextIndex:545,term:1,followerCommit:520, request=AppendEntriesRequest:cid=1313,entriesCount=0,lastEntry=null
2020-07-01 01:08:27,013 [grpc-default-executor-9] INFO  ratis.OzoneManagerStateMachine (OzoneManagerStateMachine.java:getLatestSnapshot(147)) - Latest Snapshot Info 1#499
2020-07-01 01:08:27,015 [grpc-default-executor-9] DEBUG server.GrpcLogAppender (GrpcLogAppender.java:onNext(257)) - omNode-1@group-523986131536->omNode-3-AppendLogResponseHandler: received a reply omNode-1<-omNode-3#852:OK,SUCCESS,nextIndex:545,term:1,followerCommit:544, request=AppendEntriesRequest:cid=852,entriesCount=0,lastEntry=null
2020-07-01 01:08:27,019 [grpc-default-executor-9] DEBUG server.GrpcLogAppender (GrpcLogAppender.java:onNext(257)) - 69db720a-335e-417f-9e4d-9b6daaea3d10@group-304D1CDEA4AC->5f570ae4-9456-445c-93e3-9355377d8e07-AppendLogResponseHandler: received a reply 69db720a-335e-417f-9e4d-9b6daaea3d10<-5f570ae4-9456-445c-93e3-9355377d8e07#60:OK,SUCCESS,nextIndex:1,term:1,followerCommit:0, request=AppendEntriesRequest:cid=60,entriesCount=0,lastEntry=null
2020-07-01 01:08:27,019 [grpc-default-executor-9] DEBUG server.GrpcLogAppender (GrpcLogAppender.java:onNext(257)) - 69db720a-335e-417f-9e4d-9b6daaea3d10@group-304D1CDEA4AC->40524df2-78a3-4e4e-9ceb-ad6c0599eecc-AppendLogResponseHandler: received a reply 69db720a-335e-417f-9e4d-9b6daaea3d10<-40524df2-78a3-4e4e-9ceb-ad6c0599eecc#60:OK,SUCCESS,nextIndex:1,term:1,followerCommit:0, request=AppendEntriesRequest:cid=60,entriesCount=0,lastEntry=null
2020-07-01 01:08:27,159 [grpc-default-executor-9] INFO  ratis.OzoneManagerStateMachine (OzoneManagerStateMachine.java:getLatestSnapshot(147)) - Latest Snapshot Info 1#470
2020-07-01 01:08:27,160 [grpc-default-executor-9] DEBUG server.GrpcLogAppender (GrpcLogAppender.java:onNext(257)) - omNode-1@group-523986131536->omNode-2-AppendLogResponseHandler: received a reply omNode-1<-omNode-2#1314:OK,SUCCESS,nextIndex:545,term:1,followerCommit:520, request=AppendEntriesRequest:cid=1314,entriesCount=0,lastEntry=null
2020-07-01 01:08:27,515 [grpc-default-executor-9] INFO  ratis.OzoneManagerStateMachine (OzoneManagerStateMachine.java:getLatestSnapshot(147)) - Latest Snapshot Info 1#499
2020-07-01 01:08:27,516 [grpc-default-executor-9] DEBUG server.GrpcLogAppender (GrpcLogAppender.java:onNext(257)) - omNode-1@group-523986131536->omNode-3-AppendLogResponseHandler: received a reply omNode-1<-omNode-3#853:OK,SUCCESS,nextIndex:545,term:1,followerCommit:544, request=AppendEntriesRequest:cid=853,entriesCount=0,lastEntry=null
2020-07-01 01:08:27,660 [grpc-default-executor-9] INFO  ratis.OzoneManagerStateMachine (OzoneManagerStateMachine.java:getLatestSnapshot(147)) - Latest Snapshot Info 1#470
2020-07-01 01:08:27,661 [grpc-default-executor-9] DEBUG server.GrpcLogAppender (GrpcLogAppender.java:onNext(257)) - omNode-1@group-523986131536->omNode-2-AppendLogResponseHandler: received a reply omNode-1<-omNode-2#1315:OK,SUCCESS,nextIndex:545,term:1,followerCommit:520, request=AppendEntriesRequest:cid=1315,entriesCount=0,lastEntry=null
2020-07-01 01:08:28,017 [grpc-default-executor-9] INFO  ratis.OzoneManagerStateMachine (OzoneManagerStateMachine.java:getLatestSnapshot(147)) - Latest Snapshot Info 1#499
2020-07-01 01:08:28,017 [grpc-default-executor-9] DEBUG server.GrpcLogAppender (GrpcLogAppender.java:onNext(257)) - omNode-1@group-523986131536->omNode-3-AppendLogResponseHandler: received a reply omNode-1<-omNode-3#854:OK,SUCCESS,nextIndex:545,term:1,followerCommit:544, request=AppendEntriesRequest:cid=854,entriesCount=0,lastEntry=null
2020-07-01 01:08:28,162 [grpc-default-executor-9] INFO  ratis.OzoneManagerStateMachine (OzoneManagerStateMachine.java:getLatestSnapshot(147)) - Latest Snapshot Info 1#470
2020-07-01 01:08:28,163 [grpc-default-executor-9] DEBUG server.GrpcLogAppender (GrpcLogAppender.java:onNext(257)) - omNode-1@group-523986131536->omNode-2-AppendLogResponseHandler: received a reply omNode-1<-omNode-2#1316:OK,SUCCESS,nextIndex:545,term:1,followerCommit:520, request=AppendEntriesRequest:cid=1316,entriesCount=0,lastEntry=null
2020-07-01 01:08:28,518 [grpc-default-executor-9] INFO  ratis.OzoneManagerStateMachine (OzoneManagerStateMachine.java:getLatestSnapshot(147)) - Latest Snapshot Info 1#499
2020-07-01 01:08:28,519 [grpc-default-executor-9] DEBUG server.GrpcLogAppender (GrpcLogAppender.java:onNext(257)) - omNode-1@group-523986131536->omNode-3-AppendLogResponseHandler: received a reply omNode-1<-omNode-3#855:OK,SUCCESS,nextIndex:545,term:1,followerCommit:544, request=AppendEntriesRequest:cid=855,entriesCount=0,lastEntry=null
2020-07-01 01:08:28,663 [grpc-default-executor-9] INFO  ratis.OzoneManagerStateMachine (OzoneManagerStateMachine.java:getLatestSnapshot(147)) - Latest Snapshot Info 1#470
2020-07-01 01:08:28,664 [grpc-default-executor-9] DEBUG server.GrpcLogAppender (GrpcLogAppender.java:onNext(257)) - omNode-1@group-523986131536->omNode-2-AppendLogResponseHandler: received a reply omNode-1<-omNode-2#1317:OK,SUCCESS,nextIndex:545,term:1,followerCommit:520, request=AppendEntriesRequest:cid=1317,entriesCount=0,lastEntry=null
2020-07-01 01:08:29,020 [grpc-default-executor-9] INFO  ratis.OzoneManagerStateMachine (OzoneManagerStateMachine.java:getLatestSnapshot(147)) - Latest Snapshot Info 1#499
2020-07-01 01:08:29,020 [grpc-default-executor-9] DEBUG server.GrpcLogAppender (GrpcLogAppender.java:onNext(257)) - omNode-1@group-523986131536->omNode-3-AppendLogResponseHandler: received a reply omNode-1<-omNode-3#856:OK,SUCCESS,nextIndex:545,term:1,followerCommit:544, request=AppendEntriesRequest:cid=856,entriesCount=0,lastEntry=null
2020-07-01 01:08:29,165 [grpc-default-executor-9] INFO  ratis.OzoneManagerStateMachine (OzoneManagerStateMachine.java:getLatestSnapshot(147)) - Latest Snapshot Info 1#470
2020-07-01 01:08:29,166 [grpc-default-executor-9] DEBUG server.GrpcLogAppender (GrpcLogAppender.java:onNext(257)) - omNode-1@group-523986131536->omNode-2-AppendLogResponseHandler: received a reply omNode-1<-omNode-2#1318:OK,SUCCESS,nextIndex:545,term:1,followerCommit:520, request=AppendEntriesRequest:cid=1318,entriesCount=0,lastEntry=null
2020-07-01 01:08:29,521 [grpc-default-executor-9] DEBUG server.GrpcLogAppender (GrpcLogAppender.java:onNext(257)) - 69db720a-335e-417f-9e4d-9b6daaea3d10@group-304D1CDEA4AC->40524df2-78a3-4e4e-9ceb-ad6c0599eecc-AppendLogResponseHandler: received a reply 69db720a-335e-417f-9e4d-9b6daaea3d10<-40524df2-78a3-4e4e-9ceb-ad6c0599eecc#61:OK,SUCCESS,nextIndex:1,term:1,followerCommit:0, request=AppendEntriesRequest:cid=61,entriesCount=0,lastEntry=null
2020-07-01 01:08:29,521 [grpc-default-executor-7] INFO  ratis.OzoneManagerStateMachine (OzoneManagerStateMachine.java:getLatestSnapshot(147)) - Latest Snapshot Info 1#499
2020-07-01 01:08:29,521 [grpc-default-executor-10] DEBUG server.GrpcLogAppender (GrpcLogAppender.java:onNext(257)) - 69db720a-335e-417f-9e4d-9b6daaea3d10@group-304D1CDEA4AC->5f570ae4-9456-445c-93e3-9355377d8e07-AppendLogResponseHandler: received a reply 69db720a-335e-417f-9e4d-9b6daaea3d10<-5f570ae4-9456-445c-93e3-9355377d8e07#61:OK,SUCCESS,nextIndex:1,term:1,followerCommit:0, request=AppendEntriesRequest:cid=61,entriesCount=0,lastEntry=null
2020-07-01 01:08:29,522 [grpc-default-executor-10] DEBUG server.GrpcLogAppender (GrpcLogAppender.java:onNext(257)) - omNode-1@group-523986131536->omNode-3-AppendLogResponseHandler: received a reply omNode-1<-omNode-3#857:OK,SUCCESS,nextIndex:545,term:1,followerCommit:544, request=AppendEntriesRequest:cid=857,entriesCount=0,lastEntry=null
2020-07-01 01:08:29,666 [grpc-default-executor-10] INFO  ratis.OzoneManagerStateMachine (OzoneManagerStateMachine.java:getLatestSnapshot(147)) - Latest Snapshot Info 1#470
2020-07-01 01:08:29,667 [grpc-default-executor-10] DEBUG server.GrpcLogAppender (GrpcLogAppender.java:onNext(257)) - omNode-1@group-523986131536->omNode-2-AppendLogResponseHandler: received a reply omNode-1<-omNode-2#1319:OK,SUCCESS,nextIndex:545,term:1,followerCommit:520, request=AppendEntriesRequest:cid=1319,entriesCount=0,lastEntry=null
2020-07-01 01:08:30,022 [grpc-default-executor-10] INFO  ratis.OzoneManagerStateMachine (OzoneManagerStateMachine.java:getLatestSnapshot(147)) - Latest Snapshot Info 1#499
2020-07-01 01:08:30,023 [grpc-default-executor-10] DEBUG server.GrpcLogAppender (GrpcLogAppender.java:onNext(257)) - omNode-1@group-523986131536->omNode-3-AppendLogResponseHandler: received a reply omNode-1<-omNode-3#858:OK,SUCCESS,nextIndex:545,term:1,followerCommit:544, request=AppendEntriesRequest:cid=858,entriesCount=0,lastEntry=null
2020-07-01 01:08:30,168 [grpc-default-executor-10] INFO  ratis.OzoneManagerStateMachine (OzoneManagerStateMachine.java:getLatestSnapshot(147)) - Latest Snapshot Info 1#470
2020-07-01 01:08:30,168 [grpc-default-executor-10] DEBUG server.GrpcLogAppender (GrpcLogAppender.java:onNext(257)) - omNode-1@group-523986131536->omNode-2-AppendLogResponseHandler: received a reply omNode-1<-omNode-2#1320:OK,SUCCESS,nextIndex:545,term:1,followerCommit:520, request=AppendEntriesRequest:cid=1320,entriesCount=0,lastEntry=null
2020-07-01 01:08:30,524 [grpc-default-executor-10] INFO  ratis.OzoneManagerStateMachine (OzoneManagerStateMachine.java:getLatestSnapshot(147)) - Latest Snapshot Info 1#499
2020-07-01 01:08:30,525 [grpc-default-executor-10] DEBUG server.GrpcLogAppender (GrpcLogAppender.java:onNext(257)) - omNode-1@group-523986131536->omNode-3-AppendLogResponseHandler: received a reply omNode-1<-omNode-3#859:OK,SUCCESS,nextIndex:545,term:1,followerCommit:544, request=AppendEntriesRequest:cid=859,entriesCount=0,lastEntry=null
2020-07-01 01:08:30,669 [grpc-default-executor-10] INFO  ratis.OzoneManagerStateMachine (OzoneManagerStateMachine.java:getLatestSnapshot(147)) - Latest Snapshot Info 1#470
2020-07-01 01:08:30,670 [grpc-default-executor-10] DEBUG server.GrpcLogAppender (GrpcLogAppender.java:onNext(257)) - omNode-1@group-523986131536->omNode-2-AppendLogResponseHandler: received a reply omNode-1<-omNode-2#1321:OK,SUCCESS,nextIndex:545,term:1,followerCommit:520, request=AppendEntriesRequest:cid=1321,entriesCount=0,lastEntry=null
2020-07-01 01:08:31,025 [grpc-default-executor-10] INFO  ratis.OzoneManagerStateMachine (OzoneManagerStateMachine.java:getLatestSnapshot(147)) - Latest Snapshot Info 1#499
2020-07-01 01:08:31,026 [grpc-default-executor-10] DEBUG server.GrpcLogAppender (GrpcLogAppender.java:onNext(257)) - omNode-1@group-523986131536->omNode-3-AppendLogResponseHandler: received a reply omNode-1<-omNode-3#860:OK,SUCCESS,nextIndex:545,term:1,followerCommit:544, request=AppendEntriesRequest:cid=860,entriesCount=0,lastEntry=null
2020-07-01 01:08:31,170 [grpc-default-executor-10] INFO  ratis.OzoneManagerStateMachine (OzoneManagerStateMachine.java:getLatestSnapshot(147)) - Latest Snapshot Info 1#470
2020-07-01 01:08:31,171 [grpc-default-executor-10] DEBUG server.GrpcLogAppender (GrpcLogAppender.java:onNext(257)) - omNode-1@group-523986131536->omNode-2-AppendLogResponseHandler: received a reply omNode-1<-omNode-2#1322:OK,SUCCESS,nextIndex:545,term:1,followerCommit:520, request=AppendEntriesRequest:cid=1322,entriesCount=0,lastEntry=null
2020-07-01 01:08:31,527 [grpc-default-executor-10] INFO  ratis.OzoneManagerStateMachine (OzoneManagerStateMachine.java:getLatestSnapshot(147)) - Latest Snapshot Info 1#499
2020-07-01 01:08:31,528 [grpc-default-executor-10] DEBUG server.GrpcLogAppender (GrpcLogAppender.java:onNext(257)) - omNode-1@group-523986131536->omNode-3-AppendLogResponseHandler: received a reply omNode-1<-omNode-3#861:OK,SUCCESS,nextIndex:545,term:1,followerCommit:544, request=AppendEntriesRequest:cid=861,entriesCount=0,lastEntry=null
2020-07-01 01:08:31,671 [grpc-default-executor-10] INFO  ratis.OzoneManagerStateMachine (OzoneManagerStateMachine.java:getLatestSnapshot(147)) - Latest Snapshot Info 1#470
2020-07-01 01:08:31,672 [grpc-default-executor-10] DEBUG server.GrpcLogAppender (GrpcLogAppender.java:onNext(257)) - omNode-1@group-523986131536->omNode-2-AppendLogResponseHandler: received a reply omNode-1<-omNode-2#1323:OK,SUCCESS,nextIndex:545,term:1,followerCommit:520, request=AppendEntriesRequest:cid=1323,entriesCount=0,lastEntry=null
2020-07-01 01:08:32,022 [grpc-default-executor-10] DEBUG server.GrpcLogAppender (GrpcLogAppender.java:onNext(257)) - 69db720a-335e-417f-9e4d-9b6daaea3d10@group-304D1CDEA4AC->40524df2-78a3-4e4e-9ceb-ad6c0599eecc-AppendLogResponseHandler: received a reply 69db720a-335e-417f-9e4d-9b6daaea3d10<-40524df2-78a3-4e4e-9ceb-ad6c0599eecc#62:OK,SUCCESS,nextIndex:1,term:1,followerCommit:0, request=AppendEntriesRequest:cid=62,entriesCount=0,lastEntry=null
2020-07-01 01:08:32,022 [grpc-default-executor-10] DEBUG server.GrpcLogAppender (GrpcLogAppender.java:onNext(257)) - 69db720a-335e-417f-9e4d-9b6daaea3d10@group-304D1CDEA4AC->5f570ae4-9456-445c-93e3-9355377d8e07-AppendLogResponseHandler: received a reply 69db720a-335e-417f-9e4d-9b6daaea3d10<-5f570ae4-9456-445c-93e3-9355377d8e07#62:OK,SUCCESS,nextIndex:1,term:1,followerCommit:0, request=AppendEntriesRequest:cid=62,entriesCount=0,lastEntry=null
2020-07-01 01:08:32,028 [grpc-default-executor-10] INFO  ratis.OzoneManagerStateMachine (OzoneManagerStateMachine.java:getLatestSnapshot(147)) - Latest Snapshot Info 1#499
2020-07-01 01:08:32,029 [grpc-default-executor-10] DEBUG server.GrpcLogAppender (GrpcLogAppender.java:onNext(257)) - omNode-1@group-523986131536->omNode-3-AppendLogResponseHandler: received a reply omNode-1<-omNode-3#862:OK,SUCCESS,nextIndex:545,term:1,followerCommit:544, request=AppendEntriesRequest:cid=862,entriesCount=0,lastEntry=null
2020-07-01 01:08:32,173 [grpc-default-executor-10] INFO  ratis.OzoneManagerStateMachine (OzoneManagerStateMachine.java:getLatestSnapshot(147)) - Latest Snapshot Info 1#470
2020-07-01 01:08:32,174 [grpc-default-executor-10] DEBUG server.GrpcLogAppender (GrpcLogAppender.java:onNext(257)) - omNode-1@group-523986131536->omNode-2-AppendLogResponseHandler: received a reply omNode-1<-omNode-2#1324:OK,SUCCESS,nextIndex:545,term:1,followerCommit:520, request=AppendEntriesRequest:cid=1324,entriesCount=0,lastEntry=null
2020-07-01 01:08:32,529 [grpc-default-executor-10] INFO  ratis.OzoneManagerStateMachine (OzoneManagerStateMachine.java:getLatestSnapshot(147)) - Latest Snapshot Info 1#499
2020-07-01 01:08:32,530 [grpc-default-executor-10] DEBUG server.GrpcLogAppender (GrpcLogAppender.java:onNext(257)) - omNode-1@group-523986131536->omNode-3-AppendLogResponseHandler: received a reply omNode-1<-omNode-3#863:OK,SUCCESS,nextIndex:545,term:1,followerCommit:544, request=AppendEntriesRequest:cid=863,entriesCount=0,lastEntry=null
2020-07-01 01:08:32,674 [grpc-default-executor-10] INFO  ratis.OzoneManagerStateMachine (OzoneManagerStateMachine.java:getLatestSnapshot(147)) - Latest Snapshot Info 1#470
2020-07-01 01:08:32,675 [grpc-default-executor-10] DEBUG server.GrpcLogAppender (GrpcLogAppender.java:onNext(257)) - omNode-1@group-523986131536->omNode-2-AppendLogResponseHandler: received a reply omNode-1<-omNode-2#1325:OK,SUCCESS,nextIndex:545,term:1,followerCommit:520, request=AppendEntriesRequest:cid=1325,entriesCount=0,lastEntry=null
2020-07-01 01:08:33,031 [grpc-default-executor-10] INFO  ratis.OzoneManagerStateMachine (OzoneManagerStateMachine.java:getLatestSnapshot(147)) - Latest Snapshot Info 1#499
2020-07-01 01:08:33,031 [grpc-default-executor-10] DEBUG server.GrpcLogAppender (GrpcLogAppender.java:onNext(257)) - omNode-1@group-523986131536->omNode-3-AppendLogResponseHandler: received a reply omNode-1<-omNode-3#864:OK,SUCCESS,nextIndex:545,term:1,followerCommit:544, request=AppendEntriesRequest:cid=864,entriesCount=0,lastEntry=null
2020-07-01 01:08:33,176 [grpc-default-executor-10] INFO  ratis.OzoneManagerStateMachine (OzoneManagerStateMachine.java:getLatestSnapshot(147)) - Latest Snapshot Info 1#470
2020-07-01 01:08:33,176 [grpc-default-executor-10] DEBUG server.GrpcLogAppender (GrpcLogAppender.java:onNext(257)) - omNode-1@group-523986131536->omNode-2-AppendLogResponseHandler: received a reply omNode-1<-omNode-2#1326:OK,SUCCESS,nextIndex:545,term:1,followerCommit:520, request=AppendEntriesRequest:cid=1326,entriesCount=0,lastEntry=null
2020-07-01 01:08:33,532 [grpc-default-executor-10] INFO  ratis.OzoneManagerStateMachine (OzoneManagerStateMachine.java:getLatestSnapshot(147)) - Latest Snapshot Info 1#499
2020-07-01 01:08:33,533 [grpc-default-executor-10] DEBUG server.GrpcLogAppender (GrpcLogAppender.java:onNext(257)) - omNode-1@group-523986131536->omNode-3-AppendLogResponseHandler: received a reply omNode-1<-omNode-3#865:OK,SUCCESS,nextIndex:545,term:1,followerCommit:544, request=AppendEntriesRequest:cid=865,entriesCount=0,lastEntry=null
2020-07-01 01:08:33,677 [grpc-default-executor-10] INFO  ratis.OzoneManagerStateMachine (OzoneManagerStateMachine.java:getLatestSnapshot(147)) - Latest Snapshot Info 1#470
2020-07-01 01:08:33,678 [grpc-default-executor-10] DEBUG server.GrpcLogAppender (GrpcLogAppender.java:onNext(257)) - omNode-1@group-523986131536->omNode-2-AppendLogResponseHandler: received a reply omNode-1<-omNode-2#1327:OK,SUCCESS,nextIndex:545,term:1,followerCommit:520, request=AppendEntriesRequest:cid=1327,entriesCount=0,lastEntry=null
2020-07-01 01:08:34,034 [grpc-default-executor-10] INFO  ratis.OzoneManagerStateMachine (OzoneManagerStateMachine.java:getLatestSnapshot(147)) - Latest Snapshot Info 1#499
2020-07-01 01:08:34,034 [grpc-default-executor-10] DEBUG server.GrpcLogAppender (GrpcLogAppender.java:onNext(257)) - omNode-1@group-523986131536->omNode-3-AppendLogResponseHandler: received a reply omNode-1<-omNode-3#866:OK,SUCCESS,nextIndex:545,term:1,followerCommit:544, request=AppendEntriesRequest:cid=866,entriesCount=0,lastEntry=null
2020-07-01 01:08:34,179 [grpc-default-executor-10] INFO  ratis.OzoneManagerStateMachine (OzoneManagerStateMachine.java:getLatestSnapshot(147)) - Latest Snapshot Info 1#470
2020-07-01 01:08:34,179 [grpc-default-executor-10] DEBUG server.GrpcLogAppender (GrpcLogAppender.java:onNext(257)) - omNode-1@group-523986131536->omNode-2-AppendLogResponseHandler: received a reply omNode-1<-omNode-2#1328:OK,SUCCESS,nextIndex:545,term:1,followerCommit:520, request=AppendEntriesRequest:cid=1328,entriesCount=0,lastEntry=null
2020-07-01 01:08:34,523 [grpc-default-executor-7] DEBUG server.GrpcLogAppender (GrpcLogAppender.java:onNext(257)) - 69db720a-335e-417f-9e4d-9b6daaea3d10@group-304D1CDEA4AC->40524df2-78a3-4e4e-9ceb-ad6c0599eecc-AppendLogResponseHandler: received a reply 69db720a-335e-417f-9e4d-9b6daaea3d10<-40524df2-78a3-4e4e-9ceb-ad6c0599eecc#63:OK,SUCCESS,nextIndex:1,term:1,followerCommit:0, request=AppendEntriesRequest:cid=63,entriesCount=0,lastEntry=null
2020-07-01 01:08:34,524 [grpc-default-executor-7] DEBUG server.GrpcLogAppender (GrpcLogAppender.java:onNext(257)) - 69db720a-335e-417f-9e4d-9b6daaea3d10@group-304D1CDEA4AC->5f570ae4-9456-445c-93e3-9355377d8e07-AppendLogResponseHandler: received a reply 69db720a-335e-417f-9e4d-9b6daaea3d10<-5f570ae4-9456-445c-93e3-9355377d8e07#63:OK,SUCCESS,nextIndex:1,term:1,followerCommit:0, request=AppendEntriesRequest:cid=63,entriesCount=0,lastEntry=null
2020-07-01 01:08:34,535 [grpc-default-executor-7] INFO  ratis.OzoneManagerStateMachine (OzoneManagerStateMachine.java:getLatestSnapshot(147)) - Latest Snapshot Info 1#499
2020-07-01 01:08:34,535 [grpc-default-executor-7] DEBUG server.GrpcLogAppender (GrpcLogAppender.java:onNext(257)) - omNode-1@group-523986131536->omNode-3-AppendLogResponseHandler: received a reply omNode-1<-omNode-3#867:OK,SUCCESS,nextIndex:545,term:1,followerCommit:544, request=AppendEntriesRequest:cid=867,entriesCount=0,lastEntry=null
2020-07-01 01:08:34,680 [grpc-default-executor-7] INFO  ratis.OzoneManagerStateMachine (OzoneManagerStateMachine.java:getLatestSnapshot(147)) - Latest Snapshot Info 1#470
2020-07-01 01:08:34,681 [grpc-default-executor-7] DEBUG server.GrpcLogAppender (GrpcLogAppender.java:onNext(257)) - omNode-1@group-523986131536->omNode-2-AppendLogResponseHandler: received a reply omNode-1<-omNode-2#1329:OK,SUCCESS,nextIndex:545,term:1,followerCommit:520, request=AppendEntriesRequest:cid=1329,entriesCount=0,lastEntry=null
2020-07-01 01:08:35,036 [grpc-default-executor-7] INFO  ratis.OzoneManagerStateMachine (OzoneManagerStateMachine.java:getLatestSnapshot(147)) - Latest Snapshot Info 1#499
2020-07-01 01:08:35,037 [grpc-default-executor-7] DEBUG server.GrpcLogAppender (GrpcLogAppender.java:onNext(257)) - omNode-1@group-523986131536->omNode-3-AppendLogResponseHandler: received a reply omNode-1<-omNode-3#868:OK,SUCCESS,nextIndex:545,term:1,followerCommit:544, request=AppendEntriesRequest:cid=868,entriesCount=0,lastEntry=null
2020-07-01 01:08:35,181 [grpc-default-executor-7] INFO  ratis.OzoneManagerStateMachine (OzoneManagerStateMachine.java:getLatestSnapshot(147)) - Latest Snapshot Info 1#470
2020-07-01 01:08:35,182 [grpc-default-executor-7] DEBUG server.GrpcLogAppender (GrpcLogAppender.java:onNext(257)) - omNode-1@group-523986131536->omNode-2-AppendLogResponseHandler: received a reply omNode-1<-omNode-2#1330:OK,SUCCESS,nextIndex:545,term:1,followerCommit:520, request=AppendEntriesRequest:cid=1330,entriesCount=0,lastEntry=null
2020-07-01 01:08:35,538 [grpc-default-executor-7] INFO  ratis.OzoneManagerStateMachine (OzoneManagerStateMachine.java:getLatestSnapshot(147)) - Latest Snapshot Info 1#499
2020-07-01 01:08:35,538 [grpc-default-executor-7] DEBUG server.GrpcLogAppender (GrpcLogAppender.java:onNext(257)) - omNode-1@group-523986131536->omNode-3-AppendLogResponseHandler: received a reply omNode-1<-omNode-3#869:OK,SUCCESS,nextIndex:545,term:1,followerCommit:544, request=AppendEntriesRequest:cid=869,entriesCount=0,lastEntry=null
2020-07-01 01:08:35,683 [grpc-default-executor-7] INFO  ratis.OzoneManagerStateMachine (OzoneManagerStateMachine.java:getLatestSnapshot(147)) - Latest Snapshot Info 1#470
2020-07-01 01:08:35,683 [grpc-default-executor-7] DEBUG server.GrpcLogAppender (GrpcLogAppender.java:onNext(257)) - omNode-1@group-523986131536->omNode-2-AppendLogResponseHandler: received a reply omNode-1<-omNode-2#1331:OK,SUCCESS,nextIndex:545,term:1,followerCommit:520, request=AppendEntriesRequest:cid=1331,entriesCount=0,lastEntry=null
2020-07-01 01:08:36,039 [grpc-default-executor-7] INFO  ratis.OzoneManagerStateMachine (OzoneManagerStateMachine.java:getLatestSnapshot(147)) - Latest Snapshot Info 1#499
2020-07-01 01:08:36,040 [grpc-default-executor-7] DEBUG server.GrpcLogAppender (GrpcLogAppender.java:onNext(257)) - omNode-1@group-523986131536->omNode-3-AppendLogResponseHandler: received a reply omNode-1<-omNode-3#870:OK,SUCCESS,nextIndex:545,term:1,followerCommit:544, request=AppendEntriesRequest:cid=870,entriesCount=0,lastEntry=null
2020-07-01 01:08:36,184 [grpc-default-executor-7] INFO  ratis.OzoneManagerStateMachine (OzoneManagerStateMachine.java:getLatestSnapshot(147)) - Latest Snapshot Info 1#470
2020-07-01 01:08:36,185 [grpc-default-executor-7] DEBUG server.GrpcLogAppender (GrpcLogAppender.java:onNext(257)) - omNode-1@group-523986131536->omNode-2-AppendLogResponseHandler: received a reply omNode-1<-omNode-2#1332:OK,SUCCESS,nextIndex:545,term:1,followerCommit:520, request=AppendEntriesRequest:cid=1332,entriesCount=0,lastEntry=null
2020-07-01 01:08:36,541 [grpc-default-executor-7] INFO  ratis.OzoneManagerStateMachine (OzoneManagerStateMachine.java:getLatestSnapshot(147)) - Latest Snapshot Info 1#499
2020-07-01 01:08:36,541 [grpc-default-executor-7] DEBUG server.GrpcLogAppender (GrpcLogAppender.java:onNext(257)) - omNode-1@group-523986131536->omNode-3-AppendLogResponseHandler: received a reply omNode-1<-omNode-3#871:OK,SUCCESS,nextIndex:545,term:1,followerCommit:544, request=AppendEntriesRequest:cid=871,entriesCount=0,lastEntry=null
2020-07-01 01:08:36,685 [grpc-default-executor-7] INFO  ratis.OzoneManagerStateMachine (OzoneManagerStateMachine.java:getLatestSnapshot(147)) - Latest Snapshot Info 1#470
2020-07-01 01:08:36,686 [grpc-default-executor-7] DEBUG server.GrpcLogAppender (GrpcLogAppender.java:onNext(257)) - omNode-1@group-523986131536->omNode-2-AppendLogResponseHandler: received a reply omNode-1<-omNode-2#1333:OK,SUCCESS,nextIndex:545,term:1,followerCommit:520, request=AppendEntriesRequest:cid=1333,entriesCount=0,lastEntry=null
2020-07-01 01:08:37,025 [grpc-default-executor-10] DEBUG server.GrpcLogAppender (GrpcLogAppender.java:onNext(257)) - 69db720a-335e-417f-9e4d-9b6daaea3d10@group-304D1CDEA4AC->40524df2-78a3-4e4e-9ceb-ad6c0599eecc-AppendLogResponseHandler: received a reply 69db720a-335e-417f-9e4d-9b6daaea3d10<-40524df2-78a3-4e4e-9ceb-ad6c0599eecc#64:OK,SUCCESS,nextIndex:1,term:1,followerCommit:0, request=AppendEntriesRequest:cid=64,entriesCount=0,lastEntry=null
2020-07-01 01:08:37,029 [grpc-default-executor-10] DEBUG server.GrpcLogAppender (GrpcLogAppender.java:onNext(257)) - 69db720a-335e-417f-9e4d-9b6daaea3d10@group-304D1CDEA4AC->5f570ae4-9456-445c-93e3-9355377d8e07-AppendLogResponseHandler: received a reply 69db720a-335e-417f-9e4d-9b6daaea3d10<-5f570ae4-9456-445c-93e3-9355377d8e07#64:OK,SUCCESS,nextIndex:1,term:1,followerCommit:0, request=AppendEntriesRequest:cid=64,entriesCount=0,lastEntry=null
2020-07-01 01:08:37,042 [grpc-default-executor-10] INFO  ratis.OzoneManagerStateMachine (OzoneManagerStateMachine.java:getLatestSnapshot(147)) - Latest Snapshot Info 1#499
2020-07-01 01:08:37,042 [grpc-default-executor-10] DEBUG server.GrpcLogAppender (GrpcLogAppender.java:onNext(257)) - omNode-1@group-523986131536->omNode-3-AppendLogResponseHandler: received a reply omNode-1<-omNode-3#872:OK,SUCCESS,nextIndex:545,term:1,followerCommit:544, request=AppendEntriesRequest:cid=872,entriesCount=0,lastEntry=null
2020-07-01 01:08:37,187 [grpc-default-executor-10] INFO  ratis.OzoneManagerStateMachine (OzoneManagerStateMachine.java:getLatestSnapshot(147)) - Latest Snapshot Info 1#470
2020-07-01 01:08:37,187 [grpc-default-executor-10] DEBUG server.GrpcLogAppender (GrpcLogAppender.java:onNext(257)) - omNode-1@group-523986131536->omNode-2-AppendLogResponseHandler: received a reply omNode-1<-omNode-2#1334:OK,SUCCESS,nextIndex:545,term:1,followerCommit:520, request=AppendEntriesRequest:cid=1334,entriesCount=0,lastEntry=null
2020-07-01 01:08:37,543 [grpc-default-executor-10] INFO  ratis.OzoneManagerStateMachine (OzoneManagerStateMachine.java:getLatestSnapshot(147)) - Latest Snapshot Info 1#499
2020-07-01 01:08:37,544 [grpc-default-executor-10] DEBUG server.GrpcLogAppender (GrpcLogAppender.java:onNext(257)) - omNode-1@group-523986131536->omNode-3-AppendLogResponseHandler: received a reply omNode-1<-omNode-3#873:OK,SUCCESS,nextIndex:545,term:1,followerCommit:544, request=AppendEntriesRequest:cid=873,entriesCount=0,lastEntry=null
2020-07-01 01:08:37,688 [grpc-default-executor-10] INFO  ratis.OzoneManagerStateMachine (OzoneManagerStateMachine.java:getLatestSnapshot(147)) - Latest Snapshot Info 1#470
2020-07-01 01:08:37,688 [grpc-default-executor-10] DEBUG server.GrpcLogAppender (GrpcLogAppender.java:onNext(257)) - omNode-1@group-523986131536->omNode-2-AppendLogResponseHandler: received a reply omNode-1<-omNode-2#1335:OK,SUCCESS,nextIndex:545,term:1,followerCommit:520, request=AppendEntriesRequest:cid=1335,entriesCount=0,lastEntry=null
2020-07-01 01:08:38,044 [grpc-default-executor-10] INFO  ratis.OzoneManagerStateMachine (OzoneManagerStateMachine.java:getLatestSnapshot(147)) - Latest Snapshot Info 1#499
2020-07-01 01:08:38,045 [grpc-default-executor-10] DEBUG server.GrpcLogAppender (GrpcLogAppender.java:onNext(257)) - omNode-1@group-523986131536->omNode-3-AppendLogResponseHandler: received a reply omNode-1<-omNode-3#874:OK,SUCCESS,nextIndex:545,term:1,followerCommit:544, request=AppendEntriesRequest:cid=874,entriesCount=0,lastEntry=null
2020-07-01 01:08:38,189 [grpc-default-executor-10] INFO  ratis.OzoneManagerStateMachine (OzoneManagerStateMachine.java:getLatestSnapshot(147)) - Latest Snapshot Info 1#470
2020-07-01 01:08:38,190 [grpc-default-executor-10] DEBUG server.GrpcLogAppender (GrpcLogAppender.java:onNext(257)) - omNode-1@group-523986131536->omNode-2-AppendLogResponseHandler: received a reply omNode-1<-omNode-2#1336:OK,SUCCESS,nextIndex:545,term:1,followerCommit:520, request=AppendEntriesRequest:cid=1336,entriesCount=0,lastEntry=null
2020-07-01 01:08:38,546 [grpc-default-executor-10] INFO  ratis.OzoneManagerStateMachine (OzoneManagerStateMachine.java:getLatestSnapshot(147)) - Latest Snapshot Info 1#499
2020-07-01 01:08:38,547 [grpc-default-executor-10] DEBUG server.GrpcLogAppender (GrpcLogAppender.java:onNext(257)) - omNode-1@group-523986131536->omNode-3-AppendLogResponseHandler: received a reply omNode-1<-omNode-3#875:OK,SUCCESS,nextIndex:545,term:1,followerCommit:544, request=AppendEntriesRequest:cid=875,entriesCount=0,lastEntry=null
2020-07-01 01:08:38,691 [grpc-default-executor-10] INFO  ratis.OzoneManagerStateMachine (OzoneManagerStateMachine.java:getLatestSnapshot(147)) - Latest Snapshot Info 1#470
2020-07-01 01:08:38,691 [grpc-default-executor-10] DEBUG server.GrpcLogAppender (GrpcLogAppender.java:onNext(257)) - omNode-1@group-523986131536->omNode-2-AppendLogResponseHandler: received a reply omNode-1<-omNode-2#1337:OK,SUCCESS,nextIndex:545,term:1,followerCommit:520, request=AppendEntriesRequest:cid=1337,entriesCount=0,lastEntry=null
2020-07-01 01:08:39,047 [grpc-default-executor-10] INFO  ratis.OzoneManagerStateMachine (OzoneManagerStateMachine.java:getLatestSnapshot(147)) - Latest Snapshot Info 1#499
2020-07-01 01:08:39,048 [grpc-default-executor-10] DEBUG server.GrpcLogAppender (GrpcLogAppender.java:onNext(257)) - omNode-1@group-523986131536->omNode-3-AppendLogResponseHandler: received a reply omNode-1<-omNode-3#876:OK,SUCCESS,nextIndex:545,term:1,followerCommit:544, request=AppendEntriesRequest:cid=876,entriesCount=0,lastEntry=null
2020-07-01 01:08:39,192 [grpc-default-executor-10] INFO  ratis.OzoneManagerStateMachine (OzoneManagerStateMachine.java:getLatestSnapshot(147)) - Latest Snapshot Info 1#470
2020-07-01 01:08:39,193 [grpc-default-executor-10] DEBUG server.GrpcLogAppender (GrpcLogAppender.java:onNext(257)) - omNode-1@group-523986131536->omNode-2-AppendLogResponseHandler: received a reply omNode-1<-omNode-2#1338:OK,SUCCESS,nextIndex:545,term:1,followerCommit:520, request=AppendEntriesRequest:cid=1338,entriesCount=0,lastEntry=null
2020-07-01 01:08:39,526 [grpc-default-executor-10] DEBUG server.GrpcLogAppender (GrpcLogAppender.java:onNext(257)) - 69db720a-335e-417f-9e4d-9b6daaea3d10@group-304D1CDEA4AC->40524df2-78a3-4e4e-9ceb-ad6c0599eecc-AppendLogResponseHandler: received a reply 69db720a-335e-417f-9e4d-9b6daaea3d10<-40524df2-78a3-4e4e-9ceb-ad6c0599eecc#65:OK,SUCCESS,nextIndex:1,term:1,followerCommit:0, request=AppendEntriesRequest:cid=65,entriesCount=0,lastEntry=null
2020-07-01 01:08:39,530 [grpc-default-executor-10] DEBUG server.GrpcLogAppender (GrpcLogAppender.java:onNext(257)) - 69db720a-335e-417f-9e4d-9b6daaea3d10@group-304D1CDEA4AC->5f570ae4-9456-445c-93e3-9355377d8e07-AppendLogResponseHandler: received a reply 69db720a-335e-417f-9e4d-9b6daaea3d10<-5f570ae4-9456-445c-93e3-9355377d8e07#65:OK,SUCCESS,nextIndex:1,term:1,followerCommit:0, request=AppendEntriesRequest:cid=65,entriesCount=0,lastEntry=null
2020-07-01 01:08:39,549 [grpc-default-executor-10] INFO  ratis.OzoneManagerStateMachine (OzoneManagerStateMachine.java:getLatestSnapshot(147)) - Latest Snapshot Info 1#499
2020-07-01 01:08:39,549 [grpc-default-executor-10] DEBUG server.GrpcLogAppender (GrpcLogAppender.java:onNext(257)) - omNode-1@group-523986131536->omNode-3-AppendLogResponseHandler: received a reply omNode-1<-omNode-3#877:OK,SUCCESS,nextIndex:545,term:1,followerCommit:544, request=AppendEntriesRequest:cid=877,entriesCount=0,lastEntry=null
2020-07-01 01:08:39,693 [grpc-default-executor-10] INFO  ratis.OzoneManagerStateMachine (OzoneManagerStateMachine.java:getLatestSnapshot(147)) - Latest Snapshot Info 1#470
2020-07-01 01:08:39,694 [grpc-default-executor-10] DEBUG server.GrpcLogAppender (GrpcLogAppender.java:onNext(257)) - omNode-1@group-523986131536->omNode-2-AppendLogResponseHandler: received a reply omNode-1<-omNode-2#1339:OK,SUCCESS,nextIndex:545,term:1,followerCommit:520, request=AppendEntriesRequest:cid=1339,entriesCount=0,lastEntry=null
2020-07-01 01:08:40,050 [grpc-default-executor-10] INFO  ratis.OzoneManagerStateMachine (OzoneManagerStateMachine.java:getLatestSnapshot(147)) - Latest Snapshot Info 1#499
2020-07-01 01:08:40,051 [grpc-default-executor-10] DEBUG server.GrpcLogAppender (GrpcLogAppender.java:onNext(257)) - omNode-1@group-523986131536->omNode-3-AppendLogResponseHandler: received a reply omNode-1<-omNode-3#878:OK,SUCCESS,nextIndex:545,term:1,followerCommit:544, request=AppendEntriesRequest:cid=878,entriesCount=0,lastEntry=null
2020-07-01 01:08:40,194 [grpc-default-executor-10] INFO  ratis.OzoneManagerStateMachine (OzoneManagerStateMachine.java:getLatestSnapshot(147)) - Latest Snapshot Info 1#470
2020-07-01 01:08:40,195 [grpc-default-executor-10] DEBUG server.GrpcLogAppender (GrpcLogAppender.java:onNext(257)) - omNode-1@group-523986131536->omNode-2-AppendLogResponseHandler: received a reply omNode-1<-omNode-2#1340:OK,SUCCESS,nextIndex:545,term:1,followerCommit:520, request=AppendEntriesRequest:cid=1340,entriesCount=0,lastEntry=null
2020-07-01 01:08:40,551 [grpc-default-executor-10] INFO  ratis.OzoneManagerStateMachine (OzoneManagerStateMachine.java:getLatestSnapshot(147)) - Latest Snapshot Info 1#499
2020-07-01 01:08:40,552 [grpc-default-executor-10] DEBUG server.GrpcLogAppender (GrpcLogAppender.java:onNext(257)) - omNode-1@group-523986131536->omNode-3-AppendLogResponseHandler: received a reply omNode-1<-omNode-3#879:OK,SUCCESS,nextIndex:545,term:1,followerCommit:544, request=AppendEntriesRequest:cid=879,entriesCount=0,lastEntry=null
2020-07-01 01:08:40,696 [grpc-default-executor-10] INFO  ratis.OzoneManagerStateMachine (OzoneManagerStateMachine.java:getLatestSnapshot(147)) - Latest Snapshot Info 1#470
2020-07-01 01:08:40,696 [grpc-default-executor-10] DEBUG server.GrpcLogAppender (GrpcLogAppender.java:onNext(257)) - omNode-1@group-523986131536->omNode-2-AppendLogResponseHandler: received a reply omNode-1<-omNode-2#1341:OK,SUCCESS,nextIndex:545,term:1,followerCommit:520, request=AppendEntriesRequest:cid=1341,entriesCount=0,lastEntry=null
2020-07-01 01:08:41,053 [grpc-default-executor-10] INFO  ratis.OzoneManagerStateMachine (OzoneManagerStateMachine.java:getLatestSnapshot(147)) - Latest Snapshot Info 1#499
2020-07-01 01:08:41,054 [grpc-default-executor-10] DEBUG server.GrpcLogAppender (GrpcLogAppender.java:onNext(257)) - omNode-1@group-523986131536->omNode-3-AppendLogResponseHandler: received a reply omNode-1<-omNode-3#880:OK,SUCCESS,nextIndex:545,term:1,followerCommit:544, request=AppendEntriesRequest:cid=880,entriesCount=0,lastEntry=null
2020-07-01 01:08:41,197 [grpc-default-executor-10] INFO  ratis.OzoneManagerStateMachine (OzoneManagerStateMachine.java:getLatestSnapshot(147)) - Latest Snapshot Info 1#470
2020-07-01 01:08:41,198 [grpc-default-executor-10] DEBUG server.GrpcLogAppender (GrpcLogAppender.java:onNext(257)) - omNode-1@group-523986131536->omNode-2-AppendLogResponseHandler: received a reply omNode-1<-omNode-2#1342:OK,SUCCESS,nextIndex:545,term:1,followerCommit:520, request=AppendEntriesRequest:cid=1342,entriesCount=0,lastEntry=null
2020-07-01 01:08:41,554 [grpc-default-executor-10] INFO  ratis.OzoneManagerStateMachine (OzoneManagerStateMachine.java:getLatestSnapshot(147)) - Latest Snapshot Info 1#499
2020-07-01 01:08:41,555 [grpc-default-executor-10] DEBUG server.GrpcLogAppender (GrpcLogAppender.java:onNext(257)) - omNode-1@group-523986131536->omNode-3-AppendLogResponseHandler: received a reply omNode-1<-omNode-3#881:OK,SUCCESS,nextIndex:545,term:1,followerCommit:544, request=AppendEntriesRequest:cid=881,entriesCount=0,lastEntry=null
2020-07-01 01:08:41,699 [grpc-default-executor-10] INFO  ratis.OzoneManagerStateMachine (OzoneManagerStateMachine.java:getLatestSnapshot(147)) - Latest Snapshot Info 1#470
2020-07-01 01:08:41,699 [grpc-default-executor-10] DEBUG server.GrpcLogAppender (GrpcLogAppender.java:onNext(257)) - omNode-1@group-523986131536->omNode-2-AppendLogResponseHandler: received a reply omNode-1<-omNode-2#1343:OK,SUCCESS,nextIndex:545,term:1,followerCommit:520, request=AppendEntriesRequest:cid=1343,entriesCount=0,lastEntry=null
2020-07-01 01:08:42,027 [grpc-default-executor-10] DEBUG server.GrpcLogAppender (GrpcLogAppender.java:onNext(257)) - 69db720a-335e-417f-9e4d-9b6daaea3d10@group-304D1CDEA4AC->40524df2-78a3-4e4e-9ceb-ad6c0599eecc-AppendLogResponseHandler: received a reply 69db720a-335e-417f-9e4d-9b6daaea3d10<-40524df2-78a3-4e4e-9ceb-ad6c0599eecc#66:OK,SUCCESS,nextIndex:1,term:1,followerCommit:0, request=AppendEntriesRequest:cid=66,entriesCount=0,lastEntry=null
2020-07-01 01:08:42,031 [grpc-default-executor-10] DEBUG server.GrpcLogAppender (GrpcLogAppender.java:onNext(257)) - 69db720a-335e-417f-9e4d-9b6daaea3d10@group-304D1CDEA4AC->5f570ae4-9456-445c-93e3-9355377d8e07-AppendLogResponseHandler: received a reply 69db720a-335e-417f-9e4d-9b6daaea3d10<-5f570ae4-9456-445c-93e3-9355377d8e07#66:OK,SUCCESS,nextIndex:1,term:1,followerCommit:0, request=AppendEntriesRequest:cid=66,entriesCount=0,lastEntry=null
2020-07-01 01:08:42,056 [grpc-default-executor-10] INFO  ratis.OzoneManagerStateMachine (OzoneManagerStateMachine.java:getLatestSnapshot(147)) - Latest Snapshot Info 1#499
2020-07-01 01:08:42,056 [grpc-default-executor-10] DEBUG server.GrpcLogAppender (GrpcLogAppender.java:onNext(257)) - omNode-1@group-523986131536->omNode-3-AppendLogResponseHandler: received a reply omNode-1<-omNode-3#882:OK,SUCCESS,nextIndex:545,term:1,followerCommit:544, request=AppendEntriesRequest:cid=882,entriesCount=0,lastEntry=null
2020-07-01 01:08:42,200 [grpc-default-executor-10] INFO  ratis.OzoneManagerStateMachine (OzoneManagerStateMachine.java:getLatestSnapshot(147)) - Latest Snapshot Info 1#470
2020-07-01 01:08:42,201 [grpc-default-executor-10] DEBUG server.GrpcLogAppender (GrpcLogAppender.java:onNext(257)) - omNode-1@group-523986131536->omNode-2-AppendLogResponseHandler: received a reply omNode-1<-omNode-2#1344:OK,SUCCESS,nextIndex:545,term:1,followerCommit:520, request=AppendEntriesRequest:cid=1344,entriesCount=0,lastEntry=null
2020-07-01 01:08:42,557 [grpc-default-executor-10] INFO  ratis.OzoneManagerStateMachine (OzoneManagerStateMachine.java:getLatestSnapshot(147)) - Latest Snapshot Info 1#499
2020-07-01 01:08:42,558 [grpc-default-executor-10] DEBUG server.GrpcLogAppender (GrpcLogAppender.java:onNext(257)) - omNode-1@group-523986131536->omNode-3-AppendLogResponseHandler: received a reply omNode-1<-omNode-3#883:OK,SUCCESS,nextIndex:545,term:1,followerCommit:544, request=AppendEntriesRequest:cid=883,entriesCount=0,lastEntry=null
2020-07-01 01:08:42,701 [grpc-default-executor-10] INFO  ratis.OzoneManagerStateMachine (OzoneManagerStateMachine.java:getLatestSnapshot(147)) - Latest Snapshot Info 1#470
2020-07-01 01:08:42,702 [grpc-default-executor-10] DEBUG server.GrpcLogAppender (GrpcLogAppender.java:onNext(257)) - omNode-1@group-523986131536->omNode-2-AppendLogResponseHandler: received a reply omNode-1<-omNode-2#1345:OK,SUCCESS,nextIndex:545,term:1,followerCommit:520, request=AppendEntriesRequest:cid=1345,entriesCount=0,lastEntry=null
2020-07-01 01:08:43,058 [grpc-default-executor-10] INFO  ratis.OzoneManagerStateMachine (OzoneManagerStateMachine.java:getLatestSnapshot(147)) - Latest Snapshot Info 1#499
2020-07-01 01:08:43,059 [grpc-default-executor-10] DEBUG server.GrpcLogAppender (GrpcLogAppender.java:onNext(257)) - omNode-1@group-523986131536->omNode-3-AppendLogResponseHandler: received a reply omNode-1<-omNode-3#884:OK,SUCCESS,nextIndex:545,term:1,followerCommit:544, request=AppendEntriesRequest:cid=884,entriesCount=0,lastEntry=null
2020-07-01 01:08:43,203 [grpc-default-executor-10] INFO  ratis.OzoneManagerStateMachine (OzoneManagerStateMachine.java:getLatestSnapshot(147)) - Latest Snapshot Info 1#470
2020-07-01 01:08:43,205 [grpc-default-executor-10] DEBUG server.GrpcLogAppender (GrpcLogAppender.java:onNext(257)) - omNode-1@group-523986131536->omNode-2-AppendLogResponseHandler: received a reply omNode-1<-omNode-2#1346:OK,SUCCESS,nextIndex:545,term:1,followerCommit:520, request=AppendEntriesRequest:cid=1346,entriesCount=0,lastEntry=null
2020-07-01 01:08:43,560 [grpc-default-executor-10] INFO  ratis.OzoneManagerStateMachine (OzoneManagerStateMachine.java:getLatestSnapshot(147)) - Latest Snapshot Info 1#499
2020-07-01 01:08:43,561 [grpc-default-executor-10] DEBUG server.GrpcLogAppender (GrpcLogAppender.java:onNext(257)) - omNode-1@group-523986131536->omNode-3-AppendLogResponseHandler: received a reply omNode-1<-omNode-3#885:OK,SUCCESS,nextIndex:545,term:1,followerCommit:544, request=AppendEntriesRequest:cid=885,entriesCount=0,lastEntry=null
2020-07-01 01:08:43,706 [grpc-default-executor-10] INFO  ratis.OzoneManagerStateMachine (OzoneManagerStateMachine.java:getLatestSnapshot(147)) - Latest Snapshot Info 1#470
2020-07-01 01:08:43,706 [grpc-default-executor-10] DEBUG server.GrpcLogAppender (GrpcLogAppender.java:onNext(257)) - omNode-1@group-523986131536->omNode-2-AppendLogResponseHandler: received a reply omNode-1<-omNode-2#1347:OK,SUCCESS,nextIndex:545,term:1,followerCommit:520, request=AppendEntriesRequest:cid=1347,entriesCount=0,lastEntry=null
2020-07-01 01:08:44,061 [grpc-default-executor-10] INFO  ratis.OzoneManagerStateMachine (OzoneManagerStateMachine.java:getLatestSnapshot(147)) - Latest Snapshot Info 1#499
2020-07-01 01:08:44,062 [grpc-default-executor-10] DEBUG server.GrpcLogAppender (GrpcLogAppender.java:onNext(257)) - omNode-1@group-523986131536->omNode-3-AppendLogResponseHandler: received a reply omNode-1<-omNode-3#886:OK,SUCCESS,nextIndex:545,term:1,followerCommit:544, request=AppendEntriesRequest:cid=886,entriesCount=0,lastEntry=null
2020-07-01 01:08:44,207 [grpc-default-executor-10] INFO  ratis.OzoneManagerStateMachine (OzoneManagerStateMachine.java:getLatestSnapshot(147)) - Latest Snapshot Info 1#470
2020-07-01 01:08:44,207 [grpc-default-executor-10] DEBUG server.GrpcLogAppender (GrpcLogAppender.java:onNext(257)) - omNode-1@group-523986131536->omNode-2-AppendLogResponseHandler: received a reply omNode-1<-omNode-2#1348:OK,SUCCESS,nextIndex:545,term:1,followerCommit:520, request=AppendEntriesRequest:cid=1348,entriesCount=0,lastEntry=null
2020-07-01 01:08:44,529 [grpc-default-executor-10] DEBUG server.GrpcLogAppender (GrpcLogAppender.java:onNext(257)) - 69db720a-335e-417f-9e4d-9b6daaea3d10@group-304D1CDEA4AC->40524df2-78a3-4e4e-9ceb-ad6c0599eecc-AppendLogResponseHandler: received a reply 69db720a-335e-417f-9e4d-9b6daaea3d10<-40524df2-78a3-4e4e-9ceb-ad6c0599eecc#67:OK,SUCCESS,nextIndex:1,term:1,followerCommit:0, request=AppendEntriesRequest:cid=67,entriesCount=0,lastEntry=null
2020-07-01 01:08:44,532 [grpc-default-executor-10] DEBUG server.GrpcLogAppender (GrpcLogAppender.java:onNext(257)) - 69db720a-335e-417f-9e4d-9b6daaea3d10@group-304D1CDEA4AC->5f570ae4-9456-445c-93e3-9355377d8e07-AppendLogResponseHandler: received a reply 69db720a-335e-417f-9e4d-9b6daaea3d10<-5f570ae4-9456-445c-93e3-9355377d8e07#67:OK,SUCCESS,nextIndex:1,term:1,followerCommit:0, request=AppendEntriesRequest:cid=67,entriesCount=0,lastEntry=null
2020-07-01 01:08:44,563 [grpc-default-executor-10] INFO  ratis.OzoneManagerStateMachine (OzoneManagerStateMachine.java:getLatestSnapshot(147)) - Latest Snapshot Info 1#499
2020-07-01 01:08:44,563 [grpc-default-executor-10] DEBUG server.GrpcLogAppender (GrpcLogAppender.java:onNext(257)) - omNode-1@group-523986131536->omNode-3-AppendLogResponseHandler: received a reply omNode-1<-omNode-3#887:OK,SUCCESS,nextIndex:545,term:1,followerCommit:544, request=AppendEntriesRequest:cid=887,entriesCount=0,lastEntry=null
2020-07-01 01:08:44,708 [grpc-default-executor-10] INFO  ratis.OzoneManagerStateMachine (OzoneManagerStateMachine.java:getLatestSnapshot(147)) - Latest Snapshot Info 1#470
2020-07-01 01:08:44,709 [grpc-default-executor-10] DEBUG server.GrpcLogAppender (GrpcLogAppender.java:onNext(257)) - omNode-1@group-523986131536->omNode-2-AppendLogResponseHandler: received a reply omNode-1<-omNode-2#1349:OK,SUCCESS,nextIndex:545,term:1,followerCommit:520, request=AppendEntriesRequest:cid=1349,entriesCount=0,lastEntry=null
2020-07-01 01:08:45,064 [grpc-default-executor-10] INFO  ratis.OzoneManagerStateMachine (OzoneManagerStateMachine.java:getLatestSnapshot(147)) - Latest Snapshot Info 1#499
2020-07-01 01:08:45,065 [grpc-default-executor-10] DEBUG server.GrpcLogAppender (GrpcLogAppender.java:onNext(257)) - omNode-1@group-523986131536->omNode-3-AppendLogResponseHandler: received a reply omNode-1<-omNode-3#888:OK,SUCCESS,nextIndex:545,term:1,followerCommit:544, request=AppendEntriesRequest:cid=888,entriesCount=0,lastEntry=null
2020-07-01 01:08:45,210 [grpc-default-executor-10] INFO  ratis.OzoneManagerStateMachine (OzoneManagerStateMachine.java:getLatestSnapshot(147)) - Latest Snapshot Info 1#470
2020-07-01 01:08:45,210 [grpc-default-executor-10] DEBUG server.GrpcLogAppender (GrpcLogAppender.java:onNext(257)) - omNode-1@group-523986131536->omNode-2-AppendLogResponseHandler: received a reply omNode-1<-omNode-2#1350:OK,SUCCESS,nextIndex:545,term:1,followerCommit:520, request=AppendEntriesRequest:cid=1350,entriesCount=0,lastEntry=null
2020-07-01 01:08:45,566 [grpc-default-executor-10] INFO  ratis.OzoneManagerStateMachine (OzoneManagerStateMachine.java:getLatestSnapshot(147)) - Latest Snapshot Info 1#499
2020-07-01 01:08:45,566 [grpc-default-executor-10] DEBUG server.GrpcLogAppender (GrpcLogAppender.java:onNext(257)) - omNode-1@group-523986131536->omNode-3-AppendLogResponseHandler: received a reply omNode-1<-omNode-3#889:OK,SUCCESS,nextIndex:545,term:1,followerCommit:544, request=AppendEntriesRequest:cid=889,entriesCount=0,lastEntry=null
2020-07-01 01:08:45,711 [grpc-default-executor-10] INFO  ratis.OzoneManagerStateMachine (OzoneManagerStateMachine.java:getLatestSnapshot(147)) - Latest Snapshot Info 1#470
2020-07-01 01:08:45,711 [grpc-default-executor-10] DEBUG server.GrpcLogAppender (GrpcLogAppender.java:onNext(257)) - omNode-1@group-523986131536->omNode-2-AppendLogResponseHandler: received a reply omNode-1<-omNode-2#1351:OK,SUCCESS,nextIndex:545,term:1,followerCommit:520, request=AppendEntriesRequest:cid=1351,entriesCount=0,lastEntry=null
2020-07-01 01:08:46,067 [grpc-default-executor-10] INFO  ratis.OzoneManagerStateMachine (OzoneManagerStateMachine.java:getLatestSnapshot(147)) - Latest Snapshot Info 1#499
2020-07-01 01:08:46,068 [grpc-default-executor-10] DEBUG server.GrpcLogAppender (GrpcLogAppender.java:onNext(257)) - omNode-1@group-523986131536->omNode-3-AppendLogResponseHandler: received a reply omNode-1<-omNode-3#890:OK,SUCCESS,nextIndex:545,term:1,followerCommit:544, request=AppendEntriesRequest:cid=890,entriesCount=0,lastEntry=null
2020-07-01 01:08:46,212 [grpc-default-executor-10] INFO  ratis.OzoneManagerStateMachine (OzoneManagerStateMachine.java:getLatestSnapshot(147)) - Latest Snapshot Info 1#470
2020-07-01 01:08:46,213 [grpc-default-executor-10] DEBUG server.GrpcLogAppender (GrpcLogAppender.java:onNext(257)) - omNode-1@group-523986131536->omNode-2-AppendLogResponseHandler: received a reply omNode-1<-omNode-2#1352:OK,SUCCESS,nextIndex:545,term:1,followerCommit:520, request=AppendEntriesRequest:cid=1352,entriesCount=0,lastEntry=null
2020-07-01 01:08:46,568 [grpc-default-executor-10] INFO  ratis.OzoneManagerStateMachine (OzoneManagerStateMachine.java:getLatestSnapshot(147)) - Latest Snapshot Info 1#499
2020-07-01 01:08:46,569 [grpc-default-executor-10] DEBUG server.GrpcLogAppender (GrpcLogAppender.java:onNext(257)) - omNode-1@group-523986131536->omNode-3-AppendLogResponseHandler: received a reply omNode-1<-omNode-3#891:OK,SUCCESS,nextIndex:545,term:1,followerCommit:544, request=AppendEntriesRequest:cid=891,entriesCount=0,lastEntry=null
2020-07-01 01:08:46,713 [grpc-default-executor-10] INFO  ratis.OzoneManagerStateMachine (OzoneManagerStateMachine.java:getLatestSnapshot(147)) - Latest Snapshot Info 1#470
2020-07-01 01:08:46,714 [grpc-default-executor-10] DEBUG server.GrpcLogAppender (GrpcLogAppender.java:onNext(257)) - omNode-1@group-523986131536->omNode-2-AppendLogResponseHandler: received a reply omNode-1<-omNode-2#1353:OK,SUCCESS,nextIndex:545,term:1,followerCommit:520, request=AppendEntriesRequest:cid=1353,entriesCount=0,lastEntry=null
2020-07-01 01:08:47,030 [grpc-default-executor-10] DEBUG server.GrpcLogAppender (GrpcLogAppender.java:onNext(257)) - 69db720a-335e-417f-9e4d-9b6daaea3d10@group-304D1CDEA4AC->40524df2-78a3-4e4e-9ceb-ad6c0599eecc-AppendLogResponseHandler: received a reply 69db720a-335e-417f-9e4d-9b6daaea3d10<-40524df2-78a3-4e4e-9ceb-ad6c0599eecc#68:OK,SUCCESS,nextIndex:1,term:1,followerCommit:0, request=AppendEntriesRequest:cid=68,entriesCount=0,lastEntry=null
2020-07-01 01:08:47,033 [grpc-default-executor-10] DEBUG server.GrpcLogAppender (GrpcLogAppender.java:onNext(257)) - 69db720a-335e-417f-9e4d-9b6daaea3d10@group-304D1CDEA4AC->5f570ae4-9456-445c-93e3-9355377d8e07-AppendLogResponseHandler: received a reply 69db720a-335e-417f-9e4d-9b6daaea3d10<-5f570ae4-9456-445c-93e3-9355377d8e07#68:OK,SUCCESS,nextIndex:1,term:1,followerCommit:0, request=AppendEntriesRequest:cid=68,entriesCount=0,lastEntry=null
2020-07-01 01:08:47,070 [grpc-default-executor-10] INFO  ratis.OzoneManagerStateMachine (OzoneManagerStateMachine.java:getLatestSnapshot(147)) - Latest Snapshot Info 1#499
2020-07-01 01:08:47,070 [grpc-default-executor-10] DEBUG server.GrpcLogAppender (GrpcLogAppender.java:onNext(257)) - omNode-1@group-523986131536->omNode-3-AppendLogResponseHandler: received a reply omNode-1<-omNode-3#892:OK,SUCCESS,nextIndex:545,term:1,followerCommit:544, request=AppendEntriesRequest:cid=892,entriesCount=0,lastEntry=null
2020-07-01 01:08:47,215 [grpc-default-executor-10] INFO  ratis.OzoneManagerStateMachine (OzoneManagerStateMachine.java:getLatestSnapshot(147)) - Latest Snapshot Info 1#470
2020-07-01 01:08:47,215 [grpc-default-executor-10] DEBUG server.GrpcLogAppender (GrpcLogAppender.java:onNext(257)) - omNode-1@group-523986131536->omNode-2-AppendLogResponseHandler: received a reply omNode-1<-omNode-2#1354:OK,SUCCESS,nextIndex:545,term:1,followerCommit:520, request=AppendEntriesRequest:cid=1354,entriesCount=0,lastEntry=null
2020-07-01 01:08:47,571 [grpc-default-executor-10] INFO  ratis.OzoneManagerStateMachine (OzoneManagerStateMachine.java:getLatestSnapshot(147)) - Latest Snapshot Info 1#499
2020-07-01 01:08:47,572 [grpc-default-executor-10] DEBUG server.GrpcLogAppender (GrpcLogAppender.java:onNext(257)) - omNode-1@group-523986131536->omNode-3-AppendLogResponseHandler: received a reply omNode-1<-omNode-3#893:OK,SUCCESS,nextIndex:545,term:1,followerCommit:544, request=AppendEntriesRequest:cid=893,entriesCount=0,lastEntry=null
2020-07-01 01:08:47,716 [grpc-default-executor-10] INFO  ratis.OzoneManagerStateMachine (OzoneManagerStateMachine.java:getLatestSnapshot(147)) - Latest Snapshot Info 1#470
2020-07-01 01:08:47,717 [grpc-default-executor-10] DEBUG server.GrpcLogAppender (GrpcLogAppender.java:onNext(257)) - omNode-1@group-523986131536->omNode-2-AppendLogResponseHandler: received a reply omNode-1<-omNode-2#1355:OK,SUCCESS,nextIndex:545,term:1,followerCommit:520, request=AppendEntriesRequest:cid=1355,entriesCount=0,lastEntry=null
2020-07-01 01:08:48,072 [grpc-default-executor-10] INFO  ratis.OzoneManagerStateMachine (OzoneManagerStateMachine.java:getLatestSnapshot(147)) - Latest Snapshot Info 1#499
2020-07-01 01:08:48,073 [grpc-default-executor-10] DEBUG server.GrpcLogAppender (GrpcLogAppender.java:onNext(257)) - omNode-1@group-523986131536->omNode-3-AppendLogResponseHandler: received a reply omNode-1<-omNode-3#894:OK,SUCCESS,nextIndex:545,term:1,followerCommit:544, request=AppendEntriesRequest:cid=894,entriesCount=0,lastEntry=null
2020-07-01 01:08:48,218 [grpc-default-executor-10] INFO  ratis.OzoneManagerStateMachine (OzoneManagerStateMachine.java:getLatestSnapshot(147)) - Latest Snapshot Info 1#470
2020-07-01 01:08:48,218 [grpc-default-executor-10] DEBUG server.GrpcLogAppender (GrpcLogAppender.java:onNext(257)) - omNode-1@group-523986131536->omNode-2-AppendLogResponseHandler: received a reply omNode-1<-omNode-2#1356:OK,SUCCESS,nextIndex:545,term:1,followerCommit:520, request=AppendEntriesRequest:cid=1356,entriesCount=0,lastEntry=null
2020-07-01 01:08:48,574 [grpc-default-executor-10] INFO  ratis.OzoneManagerStateMachine (OzoneManagerStateMachine.java:getLatestSnapshot(147)) - Latest Snapshot Info 1#499
2020-07-01 01:08:48,574 [grpc-default-executor-10] DEBUG server.GrpcLogAppender (GrpcLogAppender.java:onNext(257)) - omNode-1@group-523986131536->omNode-3-AppendLogResponseHandler: received a reply omNode-1<-omNode-3#895:OK,SUCCESS,nextIndex:545,term:1,followerCommit:544, request=AppendEntriesRequest:cid=895,entriesCount=0,lastEntry=null
2020-07-01 01:08:48,719 [grpc-default-executor-10] INFO  ratis.OzoneManagerStateMachine (OzoneManagerStateMachine.java:getLatestSnapshot(147)) - Latest Snapshot Info 1#470
2020-07-01 01:08:48,719 [grpc-default-executor-10] DEBUG server.GrpcLogAppender (GrpcLogAppender.java:onNext(257)) - omNode-1@group-523986131536->omNode-2-AppendLogResponseHandler: received a reply omNode-1<-omNode-2#1357:OK,SUCCESS,nextIndex:545,term:1,followerCommit:520, request=AppendEntriesRequest:cid=1357,entriesCount=0,lastEntry=null
2020-07-01 01:08:49,075 [grpc-default-executor-10] INFO  ratis.OzoneManagerStateMachine (OzoneManagerStateMachine.java:getLatestSnapshot(147)) - Latest Snapshot Info 1#499
2020-07-01 01:08:49,076 [grpc-default-executor-10] DEBUG server.GrpcLogAppender (GrpcLogAppender.java:onNext(257)) - omNode-1@group-523986131536->omNode-3-AppendLogResponseHandler: received a reply omNode-1<-omNode-3#896:OK,SUCCESS,nextIndex:545,term:1,followerCommit:544, request=AppendEntriesRequest:cid=896,entriesCount=0,lastEntry=null
2020-07-01 01:08:49,220 [grpc-default-executor-10] INFO  ratis.OzoneManagerStateMachine (OzoneManagerStateMachine.java:getLatestSnapshot(147)) - Latest Snapshot Info 1#470
2020-07-01 01:08:49,221 [grpc-default-executor-10] DEBUG server.GrpcLogAppender (GrpcLogAppender.java:onNext(257)) - omNode-1@group-523986131536->omNode-2-AppendLogResponseHandler: received a reply omNode-1<-omNode-2#1358:OK,SUCCESS,nextIndex:545,term:1,followerCommit:520, request=AppendEntriesRequest:cid=1358,entriesCount=0,lastEntry=null
2020-07-01 01:08:49,531 [grpc-default-executor-10] DEBUG server.GrpcLogAppender (GrpcLogAppender.java:onNext(257)) - 69db720a-335e-417f-9e4d-9b6daaea3d10@group-304D1CDEA4AC->40524df2-78a3-4e4e-9ceb-ad6c0599eecc-AppendLogResponseHandler: received a reply 69db720a-335e-417f-9e4d-9b6daaea3d10<-40524df2-78a3-4e4e-9ceb-ad6c0599eecc#69:OK,SUCCESS,nextIndex:1,term:1,followerCommit:0, request=AppendEntriesRequest:cid=69,entriesCount=0,lastEntry=null
2020-07-01 01:08:49,534 [grpc-default-executor-10] DEBUG server.GrpcLogAppender (GrpcLogAppender.java:onNext(257)) - 69db720a-335e-417f-9e4d-9b6daaea3d10@group-304D1CDEA4AC->5f570ae4-9456-445c-93e3-9355377d8e07-AppendLogResponseHandler: received a reply 69db720a-335e-417f-9e4d-9b6daaea3d10<-5f570ae4-9456-445c-93e3-9355377d8e07#69:OK,SUCCESS,nextIndex:1,term:1,followerCommit:0, request=AppendEntriesRequest:cid=69,entriesCount=0,lastEntry=null
2020-07-01 01:08:49,576 [grpc-default-executor-10] INFO  ratis.OzoneManagerStateMachine (OzoneManagerStateMachine.java:getLatestSnapshot(147)) - Latest Snapshot Info 1#499
2020-07-01 01:08:49,577 [grpc-default-executor-10] DEBUG server.GrpcLogAppender (GrpcLogAppender.java:onNext(257)) - omNode-1@group-523986131536->omNode-3-AppendLogResponseHandler: received a reply omNode-1<-omNode-3#897:OK,SUCCESS,nextIndex:545,term:1,followerCommit:544, request=AppendEntriesRequest:cid=897,entriesCount=0,lastEntry=null
2020-07-01 01:08:49,721 [grpc-default-executor-10] INFO  ratis.OzoneManagerStateMachine (OzoneManagerStateMachine.java:getLatestSnapshot(147)) - Latest Snapshot Info 1#470
2020-07-01 01:08:49,722 [grpc-default-executor-10] DEBUG server.GrpcLogAppender (GrpcLogAppender.java:onNext(257)) - omNode-1@group-523986131536->omNode-2-AppendLogResponseHandler: received a reply omNode-1<-omNode-2#1359:OK,SUCCESS,nextIndex:545,term:1,followerCommit:520, request=AppendEntriesRequest:cid=1359,entriesCount=0,lastEntry=null
2020-07-01 01:08:50,078 [grpc-default-executor-10] INFO  ratis.OzoneManagerStateMachine (OzoneManagerStateMachine.java:getLatestSnapshot(147)) - Latest Snapshot Info 1#499
2020-07-01 01:08:50,078 [grpc-default-executor-10] DEBUG server.GrpcLogAppender (GrpcLogAppender.java:onNext(257)) - omNode-1@group-523986131536->omNode-3-AppendLogResponseHandler: received a reply omNode-1<-omNode-3#898:OK,SUCCESS,nextIndex:545,term:1,followerCommit:544, request=AppendEntriesRequest:cid=898,entriesCount=0,lastEntry=null
2020-07-01 01:08:50,222 [grpc-default-executor-10] INFO  ratis.OzoneManagerStateMachine (OzoneManagerStateMachine.java:getLatestSnapshot(147)) - Latest Snapshot Info 1#470
2020-07-01 01:08:50,223 [grpc-default-executor-10] DEBUG server.GrpcLogAppender (GrpcLogAppender.java:onNext(257)) - omNode-1@group-523986131536->omNode-2-AppendLogResponseHandler: received a reply omNode-1<-omNode-2#1360:OK,SUCCESS,nextIndex:545,term:1,followerCommit:520, request=AppendEntriesRequest:cid=1360,entriesCount=0,lastEntry=null
2020-07-01 01:08:50,579 [grpc-default-executor-10] INFO  ratis.OzoneManagerStateMachine (OzoneManagerStateMachine.java:getLatestSnapshot(147)) - Latest Snapshot Info 1#499
2020-07-01 01:08:50,580 [grpc-default-executor-10] DEBUG server.GrpcLogAppender (GrpcLogAppender.java:onNext(257)) - omNode-1@group-523986131536->omNode-3-AppendLogResponseHandler: received a reply omNode-1<-omNode-3#899:OK,SUCCESS,nextIndex:545,term:1,followerCommit:544, request=AppendEntriesRequest:cid=899,entriesCount=0,lastEntry=null
2020-07-01 01:08:50,724 [grpc-default-executor-10] INFO  ratis.OzoneManagerStateMachine (OzoneManagerStateMachine.java:getLatestSnapshot(147)) - Latest Snapshot Info 1#470
2020-07-01 01:08:50,724 [grpc-default-executor-10] DEBUG server.GrpcLogAppender (GrpcLogAppender.java:onNext(257)) - omNode-1@group-523986131536->omNode-2-AppendLogResponseHandler: received a reply omNode-1<-omNode-2#1361:OK,SUCCESS,nextIndex:545,term:1,followerCommit:520, request=AppendEntriesRequest:cid=1361,entriesCount=0,lastEntry=null
2020-07-01 01:08:51,080 [grpc-default-executor-10] INFO  ratis.OzoneManagerStateMachine (OzoneManagerStateMachine.java:getLatestSnapshot(147)) - Latest Snapshot Info 1#499
2020-07-01 01:08:51,081 [grpc-default-executor-10] DEBUG server.GrpcLogAppender (GrpcLogAppender.java:onNext(257)) - omNode-1@group-523986131536->omNode-3-AppendLogResponseHandler: received a reply omNode-1<-omNode-3#900:OK,SUCCESS,nextIndex:545,term:1,followerCommit:544, request=AppendEntriesRequest:cid=900,entriesCount=0,lastEntry=null
2020-07-01 01:08:51,225 [grpc-default-executor-10] INFO  ratis.OzoneManagerStateMachine (OzoneManagerStateMachine.java:getLatestSnapshot(147)) - Latest Snapshot Info 1#470
2020-07-01 01:08:51,226 [grpc-default-executor-10] DEBUG server.GrpcLogAppender (GrpcLogAppender.java:onNext(257)) - omNode-1@group-523986131536->omNode-2-AppendLogResponseHandler: received a reply omNode-1<-omNode-2#1362:OK,SUCCESS,nextIndex:545,term:1,followerCommit:520, request=AppendEntriesRequest:cid=1362,entriesCount=0,lastEntry=null
2020-07-01 01:08:51,582 [grpc-default-executor-10] INFO  ratis.OzoneManagerStateMachine (OzoneManagerStateMachine.java:getLatestSnapshot(147)) - Latest Snapshot Info 1#499
2020-07-01 01:08:51,583 [grpc-default-executor-10] DEBUG server.GrpcLogAppender (GrpcLogAppender.java:onNext(257)) - omNode-1@group-523986131536->omNode-3-AppendLogResponseHandler: received a reply omNode-1<-omNode-3#901:OK,SUCCESS,nextIndex:545,term:1,followerCommit:544, request=AppendEntriesRequest:cid=901,entriesCount=0,lastEntry=null
2020-07-01 01:08:51,727 [grpc-default-executor-10] INFO  ratis.OzoneManagerStateMachine (OzoneManagerStateMachine.java:getLatestSnapshot(147)) - Latest Snapshot Info 1#470
2020-07-01 01:08:51,728 [grpc-default-executor-10] DEBUG server.GrpcLogAppender (GrpcLogAppender.java:onNext(257)) - omNode-1@group-523986131536->omNode-2-AppendLogResponseHandler: received a reply omNode-1<-omNode-2#1363:OK,SUCCESS,nextIndex:545,term:1,followerCommit:520, request=AppendEntriesRequest:cid=1363,entriesCount=0,lastEntry=null
2020-07-01 01:08:52,032 [grpc-default-executor-10] DEBUG server.GrpcLogAppender (GrpcLogAppender.java:onNext(257)) - 69db720a-335e-417f-9e4d-9b6daaea3d10@group-304D1CDEA4AC->40524df2-78a3-4e4e-9ceb-ad6c0599eecc-AppendLogResponseHandler: received a reply 69db720a-335e-417f-9e4d-9b6daaea3d10<-40524df2-78a3-4e4e-9ceb-ad6c0599eecc#70:OK,SUCCESS,nextIndex:1,term:1,followerCommit:0, request=AppendEntriesRequest:cid=70,entriesCount=0,lastEntry=null
2020-07-01 01:08:52,035 [grpc-default-executor-10] DEBUG server.GrpcLogAppender (GrpcLogAppender.java:onNext(257)) - 69db720a-335e-417f-9e4d-9b6daaea3d10@group-304D1CDEA4AC->5f570ae4-9456-445c-93e3-9355377d8e07-AppendLogResponseHandler: received a reply 69db720a-335e-417f-9e4d-9b6daaea3d10<-5f570ae4-9456-445c-93e3-9355377d8e07#70:OK,SUCCESS,nextIndex:1,term:1,followerCommit:0, request=AppendEntriesRequest:cid=70,entriesCount=0,lastEntry=null
2020-07-01 01:08:52,083 [grpc-default-executor-10] INFO  ratis.OzoneManagerStateMachine (OzoneManagerStateMachine.java:getLatestSnapshot(147)) - Latest Snapshot Info 1#499
2020-07-01 01:08:52,084 [grpc-default-executor-10] DEBUG server.GrpcLogAppender (GrpcLogAppender.java:onNext(257)) - omNode-1@group-523986131536->omNode-3-AppendLogResponseHandler: received a reply omNode-1<-omNode-3#902:OK,SUCCESS,nextIndex:545,term:1,followerCommit:544, request=AppendEntriesRequest:cid=902,entriesCount=0,lastEntry=null
2020-07-01 01:08:52,228 [grpc-default-executor-10] INFO  ratis.OzoneManagerStateMachine (OzoneManagerStateMachine.java:getLatestSnapshot(147)) - Latest Snapshot Info 1#470
2020-07-01 01:08:52,229 [grpc-default-executor-10] DEBUG server.GrpcLogAppender (GrpcLogAppender.java:onNext(257)) - omNode-1@group-523986131536->omNode-2-AppendLogResponseHandler: received a reply omNode-1<-omNode-2#1364:OK,SUCCESS,nextIndex:545,term:1,followerCommit:520, request=AppendEntriesRequest:cid=1364,entriesCount=0,lastEntry=null
2020-07-01 01:08:52,585 [grpc-default-executor-10] INFO  ratis.OzoneManagerStateMachine (OzoneManagerStateMachine.java:getLatestSnapshot(147)) - Latest Snapshot Info 1#499
2020-07-01 01:08:52,586 [grpc-default-executor-10] DEBUG server.GrpcLogAppender (GrpcLogAppender.java:onNext(257)) - omNode-1@group-523986131536->omNode-3-AppendLogResponseHandler: received a reply omNode-1<-omNode-3#903:OK,SUCCESS,nextIndex:545,term:1,followerCommit:544, request=AppendEntriesRequest:cid=903,entriesCount=0,lastEntry=null
2020-07-01 01:08:52,729 [grpc-default-executor-10] INFO  ratis.OzoneManagerStateMachine (OzoneManagerStateMachine.java:getLatestSnapshot(147)) - Latest Snapshot Info 1#470
2020-07-01 01:08:52,730 [grpc-default-executor-10] DEBUG server.GrpcLogAppender (GrpcLogAppender.java:onNext(257)) - omNode-1@group-523986131536->omNode-2-AppendLogResponseHandler: received a reply omNode-1<-omNode-2#1365:OK,SUCCESS,nextIndex:545,term:1,followerCommit:520, request=AppendEntriesRequest:cid=1365,entriesCount=0,lastEntry=null
2020-07-01 01:08:53,086 [grpc-default-executor-10] INFO  ratis.OzoneManagerStateMachine (OzoneManagerStateMachine.java:getLatestSnapshot(147)) - Latest Snapshot Info 1#499
2020-07-01 01:08:53,087 [grpc-default-executor-10] DEBUG server.GrpcLogAppender (GrpcLogAppender.java:onNext(257)) - omNode-1@group-523986131536->omNode-3-AppendLogResponseHandler: received a reply omNode-1<-omNode-3#904:OK,SUCCESS,nextIndex:545,term:1,followerCommit:544, request=AppendEntriesRequest:cid=904,entriesCount=0,lastEntry=null
2020-07-01 01:08:53,231 [grpc-default-executor-10] INFO  ratis.OzoneManagerStateMachine (OzoneManagerStateMachine.java:getLatestSnapshot(147)) - Latest Snapshot Info 1#470
2020-07-01 01:08:53,232 [grpc-default-executor-10] DEBUG server.GrpcLogAppender (GrpcLogAppender.java:onNext(257)) - omNode-1@group-523986131536->omNode-2-AppendLogResponseHandler: received a reply omNode-1<-omNode-2#1366:OK,SUCCESS,nextIndex:545,term:1,followerCommit:520, request=AppendEntriesRequest:cid=1366,entriesCount=0,lastEntry=null
2020-07-01 01:08:53,588 [grpc-default-executor-10] INFO  ratis.OzoneManagerStateMachine (OzoneManagerStateMachine.java:getLatestSnapshot(147)) - Latest Snapshot Info 1#499
2020-07-01 01:08:53,588 [grpc-default-executor-10] DEBUG server.GrpcLogAppender (GrpcLogAppender.java:onNext(257)) - omNode-1@group-523986131536->omNode-3-AppendLogResponseHandler: received a reply omNode-1<-omNode-3#905:OK,SUCCESS,nextIndex:545,term:1,followerCommit:544, request=AppendEntriesRequest:cid=905,entriesCount=0,lastEntry=null
2020-07-01 01:08:53,732 [grpc-default-executor-10] INFO  ratis.OzoneManagerStateMachine (OzoneManagerStateMachine.java:getLatestSnapshot(147)) - Latest Snapshot Info 1#470
2020-07-01 01:08:53,737 [grpc-default-executor-10] DEBUG server.GrpcLogAppender (GrpcLogAppender.java:onNext(257)) - omNode-1@group-523986131536->omNode-2-AppendLogResponseHandler: received a reply omNode-1<-omNode-2#1367:OK,SUCCESS,nextIndex:545,term:1,followerCommit:520, request=AppendEntriesRequest:cid=1367,entriesCount=0,lastEntry=null
2020-07-01 01:08:54,089 [grpc-default-executor-10] INFO  ratis.OzoneManagerStateMachine (OzoneManagerStateMachine.java:getLatestSnapshot(147)) - Latest Snapshot Info 1#499
2020-07-01 01:08:54,090 [grpc-default-executor-10] DEBUG server.GrpcLogAppender (GrpcLogAppender.java:onNext(257)) - omNode-1@group-523986131536->omNode-3-AppendLogResponseHandler: received a reply omNode-1<-omNode-3#906:OK,SUCCESS,nextIndex:545,term:1,followerCommit:544, request=AppendEntriesRequest:cid=906,entriesCount=0,lastEntry=null
2020-07-01 01:08:54,238 [grpc-default-executor-10] INFO  ratis.OzoneManagerStateMachine (OzoneManagerStateMachine.java:getLatestSnapshot(147)) - Latest Snapshot Info 1#470
2020-07-01 01:08:54,239 [grpc-default-executor-10] DEBUG server.GrpcLogAppender (GrpcLogAppender.java:onNext(257)) - omNode-1@group-523986131536->omNode-2-AppendLogResponseHandler: received a reply omNode-1<-omNode-2#1368:OK,SUCCESS,nextIndex:545,term:1,followerCommit:520, request=AppendEntriesRequest:cid=1368,entriesCount=0,lastEntry=null
2020-07-01 01:08:54,534 [grpc-default-executor-10] DEBUG server.GrpcLogAppender (GrpcLogAppender.java:onNext(257)) - 69db720a-335e-417f-9e4d-9b6daaea3d10@group-304D1CDEA4AC->40524df2-78a3-4e4e-9ceb-ad6c0599eecc-AppendLogResponseHandler: received a reply 69db720a-335e-417f-9e4d-9b6daaea3d10<-40524df2-78a3-4e4e-9ceb-ad6c0599eecc#71:OK,SUCCESS,nextIndex:1,term:1,followerCommit:0, request=AppendEntriesRequest:cid=71,entriesCount=0,lastEntry=null
2020-07-01 01:08:54,536 [grpc-default-executor-10] DEBUG server.GrpcLogAppender (GrpcLogAppender.java:onNext(257)) - 69db720a-335e-417f-9e4d-9b6daaea3d10@group-304D1CDEA4AC->5f570ae4-9456-445c-93e3-9355377d8e07-AppendLogResponseHandler: received a reply 69db720a-335e-417f-9e4d-9b6daaea3d10<-5f570ae4-9456-445c-93e3-9355377d8e07#71:OK,SUCCESS,nextIndex:1,term:1,followerCommit:0, request=AppendEntriesRequest:cid=71,entriesCount=0,lastEntry=null
2020-07-01 01:08:54,591 [grpc-default-executor-10] INFO  ratis.OzoneManagerStateMachine (OzoneManagerStateMachine.java:getLatestSnapshot(147)) - Latest Snapshot Info 1#499
2020-07-01 01:08:54,592 [grpc-default-executor-10] DEBUG server.GrpcLogAppender (GrpcLogAppender.java:onNext(257)) - omNode-1@group-523986131536->omNode-3-AppendLogResponseHandler: received a reply omNode-1<-omNode-3#907:OK,SUCCESS,nextIndex:545,term:1,followerCommit:544, request=AppendEntriesRequest:cid=907,entriesCount=0,lastEntry=null
2020-07-01 01:08:54,739 [grpc-default-executor-10] INFO  ratis.OzoneManagerStateMachine (OzoneManagerStateMachine.java:getLatestSnapshot(147)) - Latest Snapshot Info 1#470
2020-07-01 01:08:54,740 [grpc-default-executor-10] DEBUG server.GrpcLogAppender (GrpcLogAppender.java:onNext(257)) - omNode-1@group-523986131536->omNode-2-AppendLogResponseHandler: received a reply omNode-1<-omNode-2#1369:OK,SUCCESS,nextIndex:545,term:1,followerCommit:520, request=AppendEntriesRequest:cid=1369,entriesCount=0,lastEntry=null
2020-07-01 01:08:55,092 [grpc-default-executor-10] INFO  ratis.OzoneManagerStateMachine (OzoneManagerStateMachine.java:getLatestSnapshot(147)) - Latest Snapshot Info 1#499
2020-07-01 01:08:55,093 [grpc-default-executor-10] DEBUG server.GrpcLogAppender (GrpcLogAppender.java:onNext(257)) - omNode-1@group-523986131536->omNode-3-AppendLogResponseHandler: received a reply omNode-1<-omNode-3#908:OK,SUCCESS,nextIndex:545,term:1,followerCommit:544, request=AppendEntriesRequest:cid=908,entriesCount=0,lastEntry=null
2020-07-01 01:08:55,241 [grpc-default-executor-10] INFO  ratis.OzoneManagerStateMachine (OzoneManagerStateMachine.java:getLatestSnapshot(147)) - Latest Snapshot Info 1#470
2020-07-01 01:08:55,241 [grpc-default-executor-10] DEBUG server.GrpcLogAppender (GrpcLogAppender.java:onNext(257)) - omNode-1@group-523986131536->omNode-2-AppendLogResponseHandler: received a reply omNode-1<-omNode-2#1370:OK,SUCCESS,nextIndex:545,term:1,followerCommit:520, request=AppendEntriesRequest:cid=1370,entriesCount=0,lastEntry=null
2020-07-01 01:08:55,594 [grpc-default-executor-10] INFO  ratis.OzoneManagerStateMachine (OzoneManagerStateMachine.java:getLatestSnapshot(147)) - Latest Snapshot Info 1#499
2020-07-01 01:08:55,595 [grpc-default-executor-10] DEBUG server.GrpcLogAppender (GrpcLogAppender.java:onNext(257)) - omNode-1@group-523986131536->omNode-3-AppendLogResponseHandler: received a reply omNode-1<-omNode-3#909:OK,SUCCESS,nextIndex:545,term:1,followerCommit:544, request=AppendEntriesRequest:cid=909,entriesCount=0,lastEntry=null
2020-07-01 01:08:55,742 [grpc-default-executor-10] INFO  ratis.OzoneManagerStateMachine (OzoneManagerStateMachine.java:getLatestSnapshot(147)) - Latest Snapshot Info 1#470
2020-07-01 01:08:55,743 [grpc-default-executor-10] DEBUG server.GrpcLogAppender (GrpcLogAppender.java:onNext(257)) - omNode-1@group-523986131536->omNode-2-AppendLogResponseHandler: received a reply omNode-1<-omNode-2#1371:OK,SUCCESS,nextIndex:545,term:1,followerCommit:520, request=AppendEntriesRequest:cid=1371,entriesCount=0,lastEntry=null
2020-07-01 01:08:56,096 [grpc-default-executor-10] INFO  ratis.OzoneManagerStateMachine (OzoneManagerStateMachine.java:getLatestSnapshot(147)) - Latest Snapshot Info 1#499
2020-07-01 01:08:56,097 [grpc-default-executor-10] DEBUG server.GrpcLogAppender (GrpcLogAppender.java:onNext(257)) - omNode-1@group-523986131536->omNode-3-AppendLogResponseHandler: received a reply omNode-1<-omNode-3#910:OK,SUCCESS,nextIndex:545,term:1,followerCommit:544, request=AppendEntriesRequest:cid=910,entriesCount=0,lastEntry=null
2020-07-01 01:08:56,243 [grpc-default-executor-10] INFO  ratis.OzoneManagerStateMachine (OzoneManagerStateMachine.java:getLatestSnapshot(147)) - Latest Snapshot Info 1#470
2020-07-01 01:08:56,244 [grpc-default-executor-10] DEBUG server.GrpcLogAppender (GrpcLogAppender.java:onNext(257)) - omNode-1@group-523986131536->omNode-2-AppendLogResponseHandler: received a reply omNode-1<-omNode-2#1372:OK,SUCCESS,nextIndex:545,term:1,followerCommit:520, request=AppendEntriesRequest:cid=1372,entriesCount=0,lastEntry=null
2020-07-01 01:08:56,597 [grpc-default-executor-10] INFO  ratis.OzoneManagerStateMachine (OzoneManagerStateMachine.java:getLatestSnapshot(147)) - Latest Snapshot Info 1#499
2020-07-01 01:08:56,598 [grpc-default-executor-10] DEBUG server.GrpcLogAppender (GrpcLogAppender.java:onNext(257)) - omNode-1@group-523986131536->omNode-3-AppendLogResponseHandler: received a reply omNode-1<-omNode-3#911:OK,SUCCESS,nextIndex:545,term:1,followerCommit:544, request=AppendEntriesRequest:cid=911,entriesCount=0,lastEntry=null
2020-07-01 01:08:56,745 [grpc-default-executor-10] INFO  ratis.OzoneManagerStateMachine (OzoneManagerStateMachine.java:getLatestSnapshot(147)) - Latest Snapshot Info 1#470
2020-07-01 01:08:56,745 [grpc-default-executor-10] DEBUG server.GrpcLogAppender (GrpcLogAppender.java:onNext(257)) - omNode-1@group-523986131536->omNode-2-AppendLogResponseHandler: received a reply omNode-1<-omNode-2#1373:OK,SUCCESS,nextIndex:545,term:1,followerCommit:520, request=AppendEntriesRequest:cid=1373,entriesCount=0,lastEntry=null
2020-07-01 01:08:57,035 [grpc-default-executor-10] DEBUG server.GrpcLogAppender (GrpcLogAppender.java:onNext(257)) - 69db720a-335e-417f-9e4d-9b6daaea3d10@group-304D1CDEA4AC->40524df2-78a3-4e4e-9ceb-ad6c0599eecc-AppendLogResponseHandler: received a reply 69db720a-335e-417f-9e4d-9b6daaea3d10<-40524df2-78a3-4e4e-9ceb-ad6c0599eecc#72:OK,SUCCESS,nextIndex:1,term:1,followerCommit:0, request=AppendEntriesRequest:cid=72,entriesCount=0,lastEntry=null
2020-07-01 01:08:57,037 [grpc-default-executor-10] DEBUG server.GrpcLogAppender (GrpcLogAppender.java:onNext(257)) - 69db720a-335e-417f-9e4d-9b6daaea3d10@group-304D1CDEA4AC->5f570ae4-9456-445c-93e3-9355377d8e07-AppendLogResponseHandler: received a reply 69db720a-335e-417f-9e4d-9b6daaea3d10<-5f570ae4-9456-445c-93e3-9355377d8e07#72:OK,SUCCESS,nextIndex:1,term:1,followerCommit:0, request=AppendEntriesRequest:cid=72,entriesCount=0,lastEntry=null
2020-07-01 01:08:57,099 [grpc-default-executor-10] INFO  ratis.OzoneManagerStateMachine (OzoneManagerStateMachine.java:getLatestSnapshot(147)) - Latest Snapshot Info 1#499
2020-07-01 01:08:57,100 [grpc-default-executor-10] DEBUG server.GrpcLogAppender (GrpcLogAppender.java:onNext(257)) - omNode-1@group-523986131536->omNode-3-AppendLogResponseHandler: received a reply omNode-1<-omNode-3#912:OK,SUCCESS,nextIndex:545,term:1,followerCommit:544, request=AppendEntriesRequest:cid=912,entriesCount=0,lastEntry=null
2020-07-01 01:08:57,246 [grpc-default-executor-10] INFO  ratis.OzoneManagerStateMachine (OzoneManagerStateMachine.java:getLatestSnapshot(147)) - Latest Snapshot Info 1#470
2020-07-01 01:08:57,249 [grpc-default-executor-10] DEBUG server.GrpcLogAppender (GrpcLogAppender.java:onNext(257)) - omNode-1@group-523986131536->omNode-2-AppendLogResponseHandler: received a reply omNode-1<-omNode-2#1374:OK,SUCCESS,nextIndex:545,term:1,followerCommit:520, request=AppendEntriesRequest:cid=1374,entriesCount=0,lastEntry=null
2020-07-01 01:08:57,600 [grpc-default-executor-10] INFO  ratis.OzoneManagerStateMachine (OzoneManagerStateMachine.java:getLatestSnapshot(147)) - Latest Snapshot Info 1#499
2020-07-01 01:08:57,601 [grpc-default-executor-10] DEBUG server.GrpcLogAppender (GrpcLogAppender.java:onNext(257)) - omNode-1@group-523986131536->omNode-3-AppendLogResponseHandler: received a reply omNode-1<-omNode-3#913:OK,SUCCESS,nextIndex:545,term:1,followerCommit:544, request=AppendEntriesRequest:cid=913,entriesCount=0,lastEntry=null
2020-07-01 01:08:57,749 [grpc-default-executor-10] INFO  ratis.OzoneManagerStateMachine (OzoneManagerStateMachine.java:getLatestSnapshot(147)) - Latest Snapshot Info 1#470
2020-07-01 01:08:57,750 [grpc-default-executor-10] DEBUG server.GrpcLogAppender (GrpcLogAppender.java:onNext(257)) - omNode-1@group-523986131536->omNode-2-AppendLogResponseHandler: received a reply omNode-1<-omNode-2#1375:OK,SUCCESS,nextIndex:545,term:1,followerCommit:520, request=AppendEntriesRequest:cid=1375,entriesCount=0,lastEntry=null
2020-07-01 01:08:58,102 [grpc-default-executor-10] INFO  ratis.OzoneManagerStateMachine (OzoneManagerStateMachine.java:getLatestSnapshot(147)) - Latest Snapshot Info 1#499
2020-07-01 01:08:58,102 [grpc-default-executor-10] DEBUG server.GrpcLogAppender (GrpcLogAppender.java:onNext(257)) - omNode-1@group-523986131536->omNode-3-AppendLogResponseHandler: received a reply omNode-1<-omNode-3#914:OK,SUCCESS,nextIndex:545,term:1,followerCommit:544, request=AppendEntriesRequest:cid=914,entriesCount=0,lastEntry=null
2020-07-01 01:08:58,251 [grpc-default-executor-10] INFO  ratis.OzoneManagerStateMachine (OzoneManagerStateMachine.java:getLatestSnapshot(147)) - Latest Snapshot Info 1#470
2020-07-01 01:08:58,251 [grpc-default-executor-10] DEBUG server.GrpcLogAppender (GrpcLogAppender.java:onNext(257)) - omNode-1@group-523986131536->omNode-2-AppendLogResponseHandler: received a reply omNode-1<-omNode-2#1376:OK,SUCCESS,nextIndex:545,term:1,followerCommit:520, request=AppendEntriesRequest:cid=1376,entriesCount=0,lastEntry=null
2020-07-01 01:08:58,603 [grpc-default-executor-10] INFO  ratis.OzoneManagerStateMachine (OzoneManagerStateMachine.java:getLatestSnapshot(147)) - Latest Snapshot Info 1#499
2020-07-01 01:08:58,604 [grpc-default-executor-10] DEBUG server.GrpcLogAppender (GrpcLogAppender.java:onNext(257)) - omNode-1@group-523986131536->omNode-3-AppendLogResponseHandler: received a reply omNode-1<-omNode-3#915:OK,SUCCESS,nextIndex:545,term:1,followerCommit:544, request=AppendEntriesRequest:cid=915,entriesCount=0,lastEntry=null
2020-07-01 01:08:58,753 [grpc-default-executor-10] INFO  ratis.OzoneManagerStateMachine (OzoneManagerStateMachine.java:getLatestSnapshot(147)) - Latest Snapshot Info 1#470
2020-07-01 01:08:58,755 [grpc-default-executor-10] DEBUG server.GrpcLogAppender (GrpcLogAppender.java:onNext(257)) - omNode-1@group-523986131536->omNode-2-AppendLogResponseHandler: received a reply omNode-1<-omNode-2#1377:OK,SUCCESS,nextIndex:545,term:1,followerCommit:520, request=AppendEntriesRequest:cid=1377,entriesCount=0,lastEntry=null
2020-07-01 01:08:59,104 [grpc-default-executor-10] INFO  ratis.OzoneManagerStateMachine (OzoneManagerStateMachine.java:getLatestSnapshot(147)) - Latest Snapshot Info 1#499
2020-07-01 01:08:59,105 [grpc-default-executor-10] DEBUG server.GrpcLogAppender (GrpcLogAppender.java:onNext(257)) - omNode-1@group-523986131536->omNode-3-AppendLogResponseHandler: received a reply omNode-1<-omNode-3#916:OK,SUCCESS,nextIndex:545,term:1,followerCommit:544, request=AppendEntriesRequest:cid=916,entriesCount=0,lastEntry=null
2020-07-01 01:08:59,256 [grpc-default-executor-10] INFO  ratis.OzoneManagerStateMachine (OzoneManagerStateMachine.java:getLatestSnapshot(147)) - Latest Snapshot Info 1#470
2020-07-01 01:08:59,256 [grpc-default-executor-10] DEBUG server.GrpcLogAppender (GrpcLogAppender.java:onNext(257)) - omNode-1@group-523986131536->omNode-2-AppendLogResponseHandler: received a reply omNode-1<-omNode-2#1378:OK,SUCCESS,nextIndex:545,term:1,followerCommit:520, request=AppendEntriesRequest:cid=1378,entriesCount=0,lastEntry=null
2020-07-01 01:08:59,536 [grpc-default-executor-10] DEBUG server.GrpcLogAppender (GrpcLogAppender.java:onNext(257)) - 69db720a-335e-417f-9e4d-9b6daaea3d10@group-304D1CDEA4AC->40524df2-78a3-4e4e-9ceb-ad6c0599eecc-AppendLogResponseHandler: received a reply 69db720a-335e-417f-9e4d-9b6daaea3d10<-40524df2-78a3-4e4e-9ceb-ad6c0599eecc#73:OK,SUCCESS,nextIndex:1,term:1,followerCommit:0, request=AppendEntriesRequest:cid=73,entriesCount=0,lastEntry=null
2020-07-01 01:08:59,538 [grpc-default-executor-10] DEBUG server.GrpcLogAppender (GrpcLogAppender.java:onNext(257)) - 69db720a-335e-417f-9e4d-9b6daaea3d10@group-304D1CDEA4AC->5f570ae4-9456-445c-93e3-9355377d8e07-AppendLogResponseHandler: received a reply 69db720a-335e-417f-9e4d-9b6daaea3d10<-5f570ae4-9456-445c-93e3-9355377d8e07#73:OK,SUCCESS,nextIndex:1,term:1,followerCommit:0, request=AppendEntriesRequest:cid=73,entriesCount=0,lastEntry=null
2020-07-01 01:08:59,606 [grpc-default-executor-10] INFO  ratis.OzoneManagerStateMachine (OzoneManagerStateMachine.java:getLatestSnapshot(147)) - Latest Snapshot Info 1#499
2020-07-01 01:08:59,606 [grpc-default-executor-10] DEBUG server.GrpcLogAppender (GrpcLogAppender.java:onNext(257)) - omNode-1@group-523986131536->omNode-3-AppendLogResponseHandler: received a reply omNode-1<-omNode-3#917:OK,SUCCESS,nextIndex:545,term:1,followerCommit:544, request=AppendEntriesRequest:cid=917,entriesCount=0,lastEntry=null
2020-07-01 01:08:59,757 [grpc-default-executor-10] INFO  ratis.OzoneManagerStateMachine (OzoneManagerStateMachine.java:getLatestSnapshot(147)) - Latest Snapshot Info 1#470
2020-07-01 01:08:59,758 [grpc-default-executor-10] DEBUG server.GrpcLogAppender (GrpcLogAppender.java:onNext(257)) - omNode-1@group-523986131536->omNode-2-AppendLogResponseHandler: received a reply omNode-1<-omNode-2#1379:OK,SUCCESS,nextIndex:545,term:1,followerCommit:520, request=AppendEntriesRequest:cid=1379,entriesCount=0,lastEntry=null
2020-07-01 01:09:00,107 [grpc-default-executor-10] INFO  ratis.OzoneManagerStateMachine (OzoneManagerStateMachine.java:getLatestSnapshot(147)) - Latest Snapshot Info 1#499
2020-07-01 01:09:00,108 [grpc-default-executor-10] DEBUG server.GrpcLogAppender (GrpcLogAppender.java:onNext(257)) - omNode-1@group-523986131536->omNode-3-AppendLogResponseHandler: received a reply omNode-1<-omNode-3#918:OK,SUCCESS,nextIndex:545,term:1,followerCommit:544, request=AppendEntriesRequest:cid=918,entriesCount=0,lastEntry=null
2020-07-01 01:09:00,259 [grpc-default-executor-10] INFO  ratis.OzoneManagerStateMachine (OzoneManagerStateMachine.java:getLatestSnapshot(147)) - Latest Snapshot Info 1#470
2020-07-01 01:09:00,259 [grpc-default-executor-10] DEBUG server.GrpcLogAppender (GrpcLogAppender.java:onNext(257)) - omNode-1@group-523986131536->omNode-2-AppendLogResponseHandler: received a reply omNode-1<-omNode-2#1380:OK,SUCCESS,nextIndex:545,term:1,followerCommit:520, request=AppendEntriesRequest:cid=1380,entriesCount=0,lastEntry=null
2020-07-01 01:09:00,609 [grpc-default-executor-10] INFO  ratis.OzoneManagerStateMachine (OzoneManagerStateMachine.java:getLatestSnapshot(147)) - Latest Snapshot Info 1#499
2020-07-01 01:09:00,610 [grpc-default-executor-10] DEBUG server.GrpcLogAppender (GrpcLogAppender.java:onNext(257)) - omNode-1@group-523986131536->omNode-3-AppendLogResponseHandler: received a reply omNode-1<-omNode-3#919:OK,SUCCESS,nextIndex:545,term:1,followerCommit:544, request=AppendEntriesRequest:cid=919,entriesCount=0,lastEntry=null
2020-07-01 01:09:00,760 [grpc-default-executor-10] INFO  ratis.OzoneManagerStateMachine (OzoneManagerStateMachine.java:getLatestSnapshot(147)) - Latest Snapshot Info 1#470
2020-07-01 01:09:00,761 [grpc-default-executor-10] DEBUG server.GrpcLogAppender (GrpcLogAppender.java:onNext(257)) - omNode-1@group-523986131536->omNode-2-AppendLogResponseHandler: received a reply omNode-1<-omNode-2#1381:OK,SUCCESS,nextIndex:545,term:1,followerCommit:520, request=AppendEntriesRequest:cid=1381,entriesCount=0,lastEntry=null
2020-07-01 01:09:01,110 [grpc-default-executor-10] INFO  ratis.OzoneManagerStateMachine (OzoneManagerStateMachine.java:getLatestSnapshot(147)) - Latest Snapshot Info 1#499
2020-07-01 01:09:01,111 [grpc-default-executor-10] DEBUG server.GrpcLogAppender (GrpcLogAppender.java:onNext(257)) - omNode-1@group-523986131536->omNode-3-AppendLogResponseHandler: received a reply omNode-1<-omNode-3#920:OK,SUCCESS,nextIndex:545,term:1,followerCommit:544, request=AppendEntriesRequest:cid=920,entriesCount=0,lastEntry=null
2020-07-01 01:09:01,262 [grpc-default-executor-10] INFO  ratis.OzoneManagerStateMachine (OzoneManagerStateMachine.java:getLatestSnapshot(147)) - Latest Snapshot Info 1#470
2020-07-01 01:09:01,262 [grpc-default-executor-10] DEBUG server.GrpcLogAppender (GrpcLogAppender.java:onNext(257)) - omNode-1@group-523986131536->omNode-2-AppendLogResponseHandler: received a reply omNode-1<-omNode-2#1382:OK,SUCCESS,nextIndex:545,term:1,followerCommit:520, request=AppendEntriesRequest:cid=1382,entriesCount=0,lastEntry=null
2020-07-01 01:09:01,612 [grpc-default-executor-10] INFO  ratis.OzoneManagerStateMachine (OzoneManagerStateMachine.java:getLatestSnapshot(147)) - Latest Snapshot Info 1#499
2020-07-01 01:09:01,613 [grpc-default-executor-10] DEBUG server.GrpcLogAppender (GrpcLogAppender.java:onNext(257)) - omNode-1@group-523986131536->omNode-3-AppendLogResponseHandler: received a reply omNode-1<-omNode-3#921:OK,SUCCESS,nextIndex:545,term:1,followerCommit:544, request=AppendEntriesRequest:cid=921,entriesCount=0,lastEntry=null
2020-07-01 01:09:01,763 [grpc-default-executor-10] INFO  ratis.OzoneManagerStateMachine (OzoneManagerStateMachine.java:getLatestSnapshot(147)) - Latest Snapshot Info 1#470
2020-07-01 01:09:01,764 [grpc-default-executor-10] DEBUG server.GrpcLogAppender (GrpcLogAppender.java:onNext(257)) - omNode-1@group-523986131536->omNode-2-AppendLogResponseHandler: received a reply omNode-1<-omNode-2#1383:OK,SUCCESS,nextIndex:545,term:1,followerCommit:520, request=AppendEntriesRequest:cid=1383,entriesCount=0,lastEntry=null
2020-07-01 01:09:02,038 [grpc-default-executor-10] DEBUG server.GrpcLogAppender (GrpcLogAppender.java:onNext(257)) - 69db720a-335e-417f-9e4d-9b6daaea3d10@group-304D1CDEA4AC->40524df2-78a3-4e4e-9ceb-ad6c0599eecc-AppendLogResponseHandler: received a reply 69db720a-335e-417f-9e4d-9b6daaea3d10<-40524df2-78a3-4e4e-9ceb-ad6c0599eecc#74:OK,SUCCESS,nextIndex:1,term:1,followerCommit:0, request=AppendEntriesRequest:cid=74,entriesCount=0,lastEntry=null
2020-07-01 01:09:02,039 [grpc-default-executor-10] DEBUG server.GrpcLogAppender (GrpcLogAppender.java:onNext(257)) - 69db720a-335e-417f-9e4d-9b6daaea3d10@group-304D1CDEA4AC->5f570ae4-9456-445c-93e3-9355377d8e07-AppendLogResponseHandler: received a reply 69db720a-335e-417f-9e4d-9b6daaea3d10<-5f570ae4-9456-445c-93e3-9355377d8e07#74:OK,SUCCESS,nextIndex:1,term:1,followerCommit:0, request=AppendEntriesRequest:cid=74,entriesCount=0,lastEntry=null
2020-07-01 01:09:02,113 [grpc-default-executor-10] INFO  ratis.OzoneManagerStateMachine (OzoneManagerStateMachine.java:getLatestSnapshot(147)) - Latest Snapshot Info 1#499
2020-07-01 01:09:02,114 [grpc-default-executor-10] DEBUG server.GrpcLogAppender (GrpcLogAppender.java:onNext(257)) - omNode-1@group-523986131536->omNode-3-AppendLogResponseHandler: received a reply omNode-1<-omNode-3#922:OK,SUCCESS,nextIndex:545,term:1,followerCommit:544, request=AppendEntriesRequest:cid=922,entriesCount=0,lastEntry=null
2020-07-01 01:09:02,264 [grpc-default-executor-10] INFO  ratis.OzoneManagerStateMachine (OzoneManagerStateMachine.java:getLatestSnapshot(147)) - Latest Snapshot Info 1#470
2020-07-01 01:09:02,265 [grpc-default-executor-10] DEBUG server.GrpcLogAppender (GrpcLogAppender.java:onNext(257)) - omNode-1@group-523986131536->omNode-2-AppendLogResponseHandler: received a reply omNode-1<-omNode-2#1384:OK,SUCCESS,nextIndex:545,term:1,followerCommit:520, request=AppendEntriesRequest:cid=1384,entriesCount=0,lastEntry=null
2020-07-01 01:09:02,614 [grpc-default-executor-10] INFO  ratis.OzoneManagerStateMachine (OzoneManagerStateMachine.java:getLatestSnapshot(147)) - Latest Snapshot Info 1#499
2020-07-01 01:09:02,615 [grpc-default-executor-10] DEBUG server.GrpcLogAppender (GrpcLogAppender.java:onNext(257)) - omNode-1@group-523986131536->omNode-3-AppendLogResponseHandler: received a reply omNode-1<-omNode-3#923:OK,SUCCESS,nextIndex:545,term:1,followerCommit:544, request=AppendEntriesRequest:cid=923,entriesCount=0,lastEntry=null
2020-07-01 01:09:02,765 [grpc-default-executor-10] INFO  ratis.OzoneManagerStateMachine (OzoneManagerStateMachine.java:getLatestSnapshot(147)) - Latest Snapshot Info 1#470
2020-07-01 01:09:02,766 [grpc-default-executor-10] DEBUG server.GrpcLogAppender (GrpcLogAppender.java:onNext(257)) - omNode-1@group-523986131536->omNode-2-AppendLogResponseHandler: received a reply omNode-1<-omNode-2#1385:OK,SUCCESS,nextIndex:545,term:1,followerCommit:520, request=AppendEntriesRequest:cid=1385,entriesCount=0,lastEntry=null
2020-07-01 01:09:03,116 [grpc-default-executor-10] INFO  ratis.OzoneManagerStateMachine (OzoneManagerStateMachine.java:getLatestSnapshot(147)) - Latest Snapshot Info 1#499
2020-07-01 01:09:03,117 [grpc-default-executor-10] DEBUG server.GrpcLogAppender (GrpcLogAppender.java:onNext(257)) - omNode-1@group-523986131536->omNode-3-AppendLogResponseHandler: received a reply omNode-1<-omNode-3#924:OK,SUCCESS,nextIndex:545,term:1,followerCommit:544, request=AppendEntriesRequest:cid=924,entriesCount=0,lastEntry=null
2020-07-01 01:09:03,267 [grpc-default-executor-10] INFO  ratis.OzoneManagerStateMachine (OzoneManagerStateMachine.java:getLatestSnapshot(147)) - Latest Snapshot Info 1#470
2020-07-01 01:09:03,269 [grpc-default-executor-10] DEBUG server.GrpcLogAppender (GrpcLogAppender.java:onNext(257)) - omNode-1@group-523986131536->omNode-2-AppendLogResponseHandler: received a reply omNode-1<-omNode-2#1386:OK,SUCCESS,nextIndex:545,term:1,followerCommit:520, request=AppendEntriesRequest:cid=1386,entriesCount=0,lastEntry=null
2020-07-01 01:09:03,617 [grpc-default-executor-10] INFO  ratis.OzoneManagerStateMachine (OzoneManagerStateMachine.java:getLatestSnapshot(147)) - Latest Snapshot Info 1#499
2020-07-01 01:09:03,618 [grpc-default-executor-10] DEBUG server.GrpcLogAppender (GrpcLogAppender.java:onNext(257)) - omNode-1@group-523986131536->omNode-3-AppendLogResponseHandler: received a reply omNode-1<-omNode-3#925:OK,SUCCESS,nextIndex:545,term:1,followerCommit:544, request=AppendEntriesRequest:cid=925,entriesCount=0,lastEntry=null
2020-07-01 01:09:03,770 [grpc-default-executor-10] INFO  ratis.OzoneManagerStateMachine (OzoneManagerStateMachine.java:getLatestSnapshot(147)) - Latest Snapshot Info 1#470
2020-07-01 01:09:03,771 [grpc-default-executor-10] DEBUG server.GrpcLogAppender (GrpcLogAppender.java:onNext(257)) - omNode-1@group-523986131536->omNode-2-AppendLogResponseHandler: received a reply omNode-1<-omNode-2#1387:OK,SUCCESS,nextIndex:545,term:1,followerCommit:520, request=AppendEntriesRequest:cid=1387,entriesCount=0,lastEntry=null
2020-07-01 01:09:04,119 [grpc-default-executor-10] INFO  ratis.OzoneManagerStateMachine (OzoneManagerStateMachine.java:getLatestSnapshot(147)) - Latest Snapshot Info 1#499
2020-07-01 01:09:04,120 [grpc-default-executor-10] DEBUG server.GrpcLogAppender (GrpcLogAppender.java:onNext(257)) - omNode-1@group-523986131536->omNode-3-AppendLogResponseHandler: received a reply omNode-1<-omNode-3#926:OK,SUCCESS,nextIndex:545,term:1,followerCommit:544, request=AppendEntriesRequest:cid=926,entriesCount=0,lastEntry=null
2020-07-01 01:09:04,271 [grpc-default-executor-10] INFO  ratis.OzoneManagerStateMachine (OzoneManagerStateMachine.java:getLatestSnapshot(147)) - Latest Snapshot Info 1#470
2020-07-01 01:09:04,272 [grpc-default-executor-10] DEBUG server.GrpcLogAppender (GrpcLogAppender.java:onNext(257)) - omNode-1@group-523986131536->omNode-2-AppendLogResponseHandler: received a reply omNode-1<-omNode-2#1388:OK,SUCCESS,nextIndex:545,term:1,followerCommit:520, request=AppendEntriesRequest:cid=1388,entriesCount=0,lastEntry=null
2020-07-01 01:09:04,539 [grpc-default-executor-10] DEBUG server.GrpcLogAppender (GrpcLogAppender.java:onNext(257)) - 69db720a-335e-417f-9e4d-9b6daaea3d10@group-304D1CDEA4AC->40524df2-78a3-4e4e-9ceb-ad6c0599eecc-AppendLogResponseHandler: received a reply 69db720a-335e-417f-9e4d-9b6daaea3d10<-40524df2-78a3-4e4e-9ceb-ad6c0599eecc#75:OK,SUCCESS,nextIndex:1,term:1,followerCommit:0, request=AppendEntriesRequest:cid=75,entriesCount=0,lastEntry=null
2020-07-01 01:09:04,540 [grpc-default-executor-10] DEBUG server.GrpcLogAppender (GrpcLogAppender.java:onNext(257)) - 69db720a-335e-417f-9e4d-9b6daaea3d10@group-304D1CDEA4AC->5f570ae4-9456-445c-93e3-9355377d8e07-AppendLogResponseHandler: received a reply 69db720a-335e-417f-9e4d-9b6daaea3d10<-5f570ae4-9456-445c-93e3-9355377d8e07#75:OK,SUCCESS,nextIndex:1,term:1,followerCommit:0, request=AppendEntriesRequest:cid=75,entriesCount=0,lastEntry=null
2020-07-01 01:09:04,621 [grpc-default-executor-10] INFO  ratis.OzoneManagerStateMachine (OzoneManagerStateMachine.java:getLatestSnapshot(147)) - Latest Snapshot Info 1#499
2020-07-01 01:09:04,621 [grpc-default-executor-10] DEBUG server.GrpcLogAppender (GrpcLogAppender.java:onNext(257)) - omNode-1@group-523986131536->omNode-3-AppendLogResponseHandler: received a reply omNode-1<-omNode-3#927:OK,SUCCESS,nextIndex:545,term:1,followerCommit:544, request=AppendEntriesRequest:cid=927,entriesCount=0,lastEntry=null
2020-07-01 01:09:04,772 [grpc-default-executor-10] INFO  ratis.OzoneManagerStateMachine (OzoneManagerStateMachine.java:getLatestSnapshot(147)) - Latest Snapshot Info 1#470
2020-07-01 01:09:04,773 [grpc-default-executor-10] DEBUG server.GrpcLogAppender (GrpcLogAppender.java:onNext(257)) - omNode-1@group-523986131536->omNode-2-AppendLogResponseHandler: received a reply omNode-1<-omNode-2#1389:OK,SUCCESS,nextIndex:545,term:1,followerCommit:520, request=AppendEntriesRequest:cid=1389,entriesCount=0,lastEntry=null
2020-07-01 01:09:05,122 [grpc-default-executor-10] INFO  ratis.OzoneManagerStateMachine (OzoneManagerStateMachine.java:getLatestSnapshot(147)) - Latest Snapshot Info 1#499
2020-07-01 01:09:05,124 [grpc-default-executor-10] DEBUG server.GrpcLogAppender (GrpcLogAppender.java:onNext(257)) - omNode-1@group-523986131536->omNode-3-AppendLogResponseHandler: received a reply omNode-1<-omNode-3#928:OK,SUCCESS,nextIndex:545,term:1,followerCommit:544, request=AppendEntriesRequest:cid=928,entriesCount=0,lastEntry=null
2020-07-01 01:09:05,274 [grpc-default-executor-10] INFO  ratis.OzoneManagerStateMachine (OzoneManagerStateMachine.java:getLatestSnapshot(147)) - Latest Snapshot Info 1#470
2020-07-01 01:09:05,275 [grpc-default-executor-10] DEBUG server.GrpcLogAppender (GrpcLogAppender.java:onNext(257)) - omNode-1@group-523986131536->omNode-2-AppendLogResponseHandler: received a reply omNode-1<-omNode-2#1390:OK,SUCCESS,nextIndex:545,term:1,followerCommit:520, request=AppendEntriesRequest:cid=1390,entriesCount=0,lastEntry=null
2020-07-01 01:09:05,624 [grpc-default-executor-10] INFO  ratis.OzoneManagerStateMachine (OzoneManagerStateMachine.java:getLatestSnapshot(147)) - Latest Snapshot Info 1#499
2020-07-01 01:09:05,625 [grpc-default-executor-10] DEBUG server.GrpcLogAppender (GrpcLogAppender.java:onNext(257)) - omNode-1@group-523986131536->omNode-3-AppendLogResponseHandler: received a reply omNode-1<-omNode-3#929:OK,SUCCESS,nextIndex:545,term:1,followerCommit:544, request=AppendEntriesRequest:cid=929,entriesCount=0,lastEntry=null
2020-07-01 01:09:05,775 [grpc-default-executor-10] INFO  ratis.OzoneManagerStateMachine (OzoneManagerStateMachine.java:getLatestSnapshot(147)) - Latest Snapshot Info 1#470
2020-07-01 01:09:05,776 [grpc-default-executor-10] DEBUG server.GrpcLogAppender (GrpcLogAppender.java:onNext(257)) - omNode-1@group-523986131536->omNode-2-AppendLogResponseHandler: received a reply omNode-1<-omNode-2#1391:OK,SUCCESS,nextIndex:545,term:1,followerCommit:520, request=AppendEntriesRequest:cid=1391,entriesCount=0,lastEntry=null
2020-07-01 01:09:06,126 [grpc-default-executor-10] INFO  ratis.OzoneManagerStateMachine (OzoneManagerStateMachine.java:getLatestSnapshot(147)) - Latest Snapshot Info 1#499
2020-07-01 01:09:06,127 [grpc-default-executor-10] DEBUG server.GrpcLogAppender (GrpcLogAppender.java:onNext(257)) - omNode-1@group-523986131536->omNode-3-AppendLogResponseHandler: received a reply omNode-1<-omNode-3#930:OK,SUCCESS,nextIndex:545,term:1,followerCommit:544, request=AppendEntriesRequest:cid=930,entriesCount=0,lastEntry=null
2020-07-01 01:09:06,277 [grpc-default-executor-10] INFO  ratis.OzoneManagerStateMachine (OzoneManagerStateMachine.java:getLatestSnapshot(147)) - Latest Snapshot Info 1#470
2020-07-01 01:09:06,277 [grpc-default-executor-10] DEBUG server.GrpcLogAppender (GrpcLogAppender.java:onNext(257)) - omNode-1@group-523986131536->omNode-2-AppendLogResponseHandler: received a reply omNode-1<-omNode-2#1392:OK,SUCCESS,nextIndex:545,term:1,followerCommit:520, request=AppendEntriesRequest:cid=1392,entriesCount=0,lastEntry=null
2020-07-01 01:09:06,627 [grpc-default-executor-10] INFO  ratis.OzoneManagerStateMachine (OzoneManagerStateMachine.java:getLatestSnapshot(147)) - Latest Snapshot Info 1#499
2020-07-01 01:09:06,628 [grpc-default-executor-10] DEBUG server.GrpcLogAppender (GrpcLogAppender.java:onNext(257)) - omNode-1@group-523986131536->omNode-3-AppendLogResponseHandler: received a reply omNode-1<-omNode-3#931:OK,SUCCESS,nextIndex:545,term:1,followerCommit:544, request=AppendEntriesRequest:cid=931,entriesCount=0,lastEntry=null
2020-07-01 01:09:06,778 [grpc-default-executor-10] INFO  ratis.OzoneManagerStateMachine (OzoneManagerStateMachine.java:getLatestSnapshot(147)) - Latest Snapshot Info 1#470
2020-07-01 01:09:06,779 [grpc-default-executor-10] DEBUG server.GrpcLogAppender (GrpcLogAppender.java:onNext(257)) - omNode-1@group-523986131536->omNode-2-AppendLogResponseHandler: received a reply omNode-1<-omNode-2#1393:OK,SUCCESS,nextIndex:545,term:1,followerCommit:520, request=AppendEntriesRequest:cid=1393,entriesCount=0,lastEntry=null
2020-07-01 01:09:07,040 [grpc-default-executor-10] DEBUG server.GrpcLogAppender (GrpcLogAppender.java:onNext(257)) - 69db720a-335e-417f-9e4d-9b6daaea3d10@group-304D1CDEA4AC->40524df2-78a3-4e4e-9ceb-ad6c0599eecc-AppendLogResponseHandler: received a reply 69db720a-335e-417f-9e4d-9b6daaea3d10<-40524df2-78a3-4e4e-9ceb-ad6c0599eecc#76:OK,SUCCESS,nextIndex:1,term:1,followerCommit:0, request=AppendEntriesRequest:cid=76,entriesCount=0,lastEntry=null
2020-07-01 01:09:07,041 [grpc-default-executor-10] DEBUG server.GrpcLogAppender (GrpcLogAppender.java:onNext(257)) - 69db720a-335e-417f-9e4d-9b6daaea3d10@group-304D1CDEA4AC->5f570ae4-9456-445c-93e3-9355377d8e07-AppendLogResponseHandler: received a reply 69db720a-335e-417f-9e4d-9b6daaea3d10<-5f570ae4-9456-445c-93e3-9355377d8e07#76:OK,SUCCESS,nextIndex:1,term:1,followerCommit:0, request=AppendEntriesRequest:cid=76,entriesCount=0,lastEntry=null
2020-07-01 01:09:07,129 [grpc-default-executor-10] INFO  ratis.OzoneManagerStateMachine (OzoneManagerStateMachine.java:getLatestSnapshot(147)) - Latest Snapshot Info 1#499
2020-07-01 01:09:07,129 [grpc-default-executor-10] DEBUG server.GrpcLogAppender (GrpcLogAppender.java:onNext(257)) - omNode-1@group-523986131536->omNode-3-AppendLogResponseHandler: received a reply omNode-1<-omNode-3#932:OK,SUCCESS,nextIndex:545,term:1,followerCommit:544, request=AppendEntriesRequest:cid=932,entriesCount=0,lastEntry=null
2020-07-01 01:09:07,279 [grpc-default-executor-10] INFO  ratis.OzoneManagerStateMachine (OzoneManagerStateMachine.java:getLatestSnapshot(147)) - Latest Snapshot Info 1#470
2020-07-01 01:09:07,280 [grpc-default-executor-10] DEBUG server.GrpcLogAppender (GrpcLogAppender.java:onNext(257)) - omNode-1@group-523986131536->omNode-2-AppendLogResponseHandler: received a reply omNode-1<-omNode-2#1394:OK,SUCCESS,nextIndex:545,term:1,followerCommit:520, request=AppendEntriesRequest:cid=1394,entriesCount=0,lastEntry=null
2020-07-01 01:09:07,630 [grpc-default-executor-10] INFO  ratis.OzoneManagerStateMachine (OzoneManagerStateMachine.java:getLatestSnapshot(147)) - Latest Snapshot Info 1#499
2020-07-01 01:09:07,631 [grpc-default-executor-10] DEBUG server.GrpcLogAppender (GrpcLogAppender.java:onNext(257)) - omNode-1@group-523986131536->omNode-3-AppendLogResponseHandler: received a reply omNode-1<-omNode-3#933:OK,SUCCESS,nextIndex:545,term:1,followerCommit:544, request=AppendEntriesRequest:cid=933,entriesCount=0,lastEntry=null
2020-07-01 01:09:07,781 [grpc-default-executor-10] INFO  ratis.OzoneManagerStateMachine (OzoneManagerStateMachine.java:getLatestSnapshot(147)) - Latest Snapshot Info 1#470
2020-07-01 01:09:07,782 [grpc-default-executor-10] DEBUG server.GrpcLogAppender (GrpcLogAppender.java:onNext(257)) - omNode-1@group-523986131536->omNode-2-AppendLogResponseHandler: received a reply omNode-1<-omNode-2#1395:OK,SUCCESS,nextIndex:545,term:1,followerCommit:520, request=AppendEntriesRequest:cid=1395,entriesCount=0,lastEntry=null
2020-07-01 01:09:08,132 [grpc-default-executor-10] INFO  ratis.OzoneManagerStateMachine (OzoneManagerStateMachine.java:getLatestSnapshot(147)) - Latest Snapshot Info 1#499
2020-07-01 01:09:08,132 [grpc-default-executor-10] DEBUG server.GrpcLogAppender (GrpcLogAppender.java:onNext(257)) - omNode-1@group-523986131536->omNode-3-AppendLogResponseHandler: received a reply omNode-1<-omNode-3#934:OK,SUCCESS,nextIndex:545,term:1,followerCommit:544, request=AppendEntriesRequest:cid=934,entriesCount=0,lastEntry=null
2020-07-01 01:09:08,283 [grpc-default-executor-10] INFO  ratis.OzoneManagerStateMachine (OzoneManagerStateMachine.java:getLatestSnapshot(147)) - Latest Snapshot Info 1#470
2020-07-01 01:09:08,283 [grpc-default-executor-10] DEBUG server.GrpcLogAppender (GrpcLogAppender.java:onNext(257)) - omNode-1@group-523986131536->omNode-2-AppendLogResponseHandler: received a reply omNode-1<-omNode-2#1396:OK,SUCCESS,nextIndex:545,term:1,followerCommit:520, request=AppendEntriesRequest:cid=1396,entriesCount=0,lastEntry=null
2020-07-01 01:09:08,633 [grpc-default-executor-10] INFO  ratis.OzoneManagerStateMachine (OzoneManagerStateMachine.java:getLatestSnapshot(147)) - Latest Snapshot Info 1#499
2020-07-01 01:09:08,634 [grpc-default-executor-10] DEBUG server.GrpcLogAppender (GrpcLogAppender.java:onNext(257)) - omNode-1@group-523986131536->omNode-3-AppendLogResponseHandler: received a reply omNode-1<-omNode-3#935:OK,SUCCESS,nextIndex:545,term:1,followerCommit:544, request=AppendEntriesRequest:cid=935,entriesCount=0,lastEntry=null
2020-07-01 01:09:08,784 [grpc-default-executor-10] INFO  ratis.OzoneManagerStateMachine (OzoneManagerStateMachine.java:getLatestSnapshot(147)) - Latest Snapshot Info 1#470
2020-07-01 01:09:08,785 [grpc-default-executor-10] DEBUG server.GrpcLogAppender (GrpcLogAppender.java:onNext(257)) - omNode-1@group-523986131536->omNode-2-AppendLogResponseHandler: received a reply omNode-1<-omNode-2#1397:OK,SUCCESS,nextIndex:545,term:1,followerCommit:520, request=AppendEntriesRequest:cid=1397,entriesCount=0,lastEntry=null
2020-07-01 01:09:09,134 [grpc-default-executor-10] INFO  ratis.OzoneManagerStateMachine (OzoneManagerStateMachine.java:getLatestSnapshot(147)) - Latest Snapshot Info 1#499
2020-07-01 01:09:09,135 [grpc-default-executor-10] DEBUG server.GrpcLogAppender (GrpcLogAppender.java:onNext(257)) - omNode-1@group-523986131536->omNode-3-AppendLogResponseHandler: received a reply omNode-1<-omNode-3#936:OK,SUCCESS,nextIndex:545,term:1,followerCommit:544, request=AppendEntriesRequest:cid=936,entriesCount=0,lastEntry=null
2020-07-01 01:09:09,285 [grpc-default-executor-10] INFO  ratis.OzoneManagerStateMachine (OzoneManagerStateMachine.java:getLatestSnapshot(147)) - Latest Snapshot Info 1#470
2020-07-01 01:09:09,286 [grpc-default-executor-10] DEBUG server.GrpcLogAppender (GrpcLogAppender.java:onNext(257)) - omNode-1@group-523986131536->omNode-2-AppendLogResponseHandler: received a reply omNode-1<-omNode-2#1398:OK,SUCCESS,nextIndex:545,term:1,followerCommit:520, request=AppendEntriesRequest:cid=1398,entriesCount=0,lastEntry=null
2020-07-01 01:09:09,541 [grpc-default-executor-7] DEBUG server.GrpcLogAppender (GrpcLogAppender.java:onNext(257)) - 69db720a-335e-417f-9e4d-9b6daaea3d10@group-304D1CDEA4AC->40524df2-78a3-4e4e-9ceb-ad6c0599eecc-AppendLogResponseHandler: received a reply 69db720a-335e-417f-9e4d-9b6daaea3d10<-40524df2-78a3-4e4e-9ceb-ad6c0599eecc#77:OK,SUCCESS,nextIndex:1,term:1,followerCommit:0, request=AppendEntriesRequest:cid=77,entriesCount=0,lastEntry=null
2020-07-01 01:09:09,542 [grpc-default-executor-7] DEBUG server.GrpcLogAppender (GrpcLogAppender.java:onNext(257)) - 69db720a-335e-417f-9e4d-9b6daaea3d10@group-304D1CDEA4AC->5f570ae4-9456-445c-93e3-9355377d8e07-AppendLogResponseHandler: received a reply 69db720a-335e-417f-9e4d-9b6daaea3d10<-5f570ae4-9456-445c-93e3-9355377d8e07#77:OK,SUCCESS,nextIndex:1,term:1,followerCommit:0, request=AppendEntriesRequest:cid=77,entriesCount=0,lastEntry=null
2020-07-01 01:09:09,636 [grpc-default-executor-7] INFO  ratis.OzoneManagerStateMachine (OzoneManagerStateMachine.java:getLatestSnapshot(147)) - Latest Snapshot Info 1#499
2020-07-01 01:09:09,636 [grpc-default-executor-7] DEBUG server.GrpcLogAppender (GrpcLogAppender.java:onNext(257)) - omNode-1@group-523986131536->omNode-3-AppendLogResponseHandler: received a reply omNode-1<-omNode-3#937:OK,SUCCESS,nextIndex:545,term:1,followerCommit:544, request=AppendEntriesRequest:cid=937,entriesCount=0,lastEntry=null
2020-07-01 01:09:09,787 [grpc-default-executor-7] INFO  ratis.OzoneManagerStateMachine (OzoneManagerStateMachine.java:getLatestSnapshot(147)) - Latest Snapshot Info 1#470
2020-07-01 01:09:09,788 [grpc-default-executor-7] DEBUG server.GrpcLogAppender (GrpcLogAppender.java:onNext(257)) - omNode-1@group-523986131536->omNode-2-AppendLogResponseHandler: received a reply omNode-1<-omNode-2#1399:OK,SUCCESS,nextIndex:545,term:1,followerCommit:520, request=AppendEntriesRequest:cid=1399,entriesCount=0,lastEntry=null
2020-07-01 01:09:10,137 [grpc-default-executor-7] INFO  ratis.OzoneManagerStateMachine (OzoneManagerStateMachine.java:getLatestSnapshot(147)) - Latest Snapshot Info 1#499
2020-07-01 01:09:10,138 [grpc-default-executor-7] DEBUG server.GrpcLogAppender (GrpcLogAppender.java:onNext(257)) - omNode-1@group-523986131536->omNode-3-AppendLogResponseHandler: received a reply omNode-1<-omNode-3#938:OK,SUCCESS,nextIndex:545,term:1,followerCommit:544, request=AppendEntriesRequest:cid=938,entriesCount=0,lastEntry=null
2020-07-01 01:09:10,288 [grpc-default-executor-7] INFO  ratis.OzoneManagerStateMachine (OzoneManagerStateMachine.java:getLatestSnapshot(147)) - Latest Snapshot Info 1#470
2020-07-01 01:09:10,289 [grpc-default-executor-7] DEBUG server.GrpcLogAppender (GrpcLogAppender.java:onNext(257)) - omNode-1@group-523986131536->omNode-2-AppendLogResponseHandler: received a reply omNode-1<-omNode-2#1400:OK,SUCCESS,nextIndex:545,term:1,followerCommit:520, request=AppendEntriesRequest:cid=1400,entriesCount=0,lastEntry=null
2020-07-01 01:09:10,638 [grpc-default-executor-7] INFO  ratis.OzoneManagerStateMachine (OzoneManagerStateMachine.java:getLatestSnapshot(147)) - Latest Snapshot Info 1#499
2020-07-01 01:09:10,639 [grpc-default-executor-7] DEBUG server.GrpcLogAppender (GrpcLogAppender.java:onNext(257)) - omNode-1@group-523986131536->omNode-3-AppendLogResponseHandler: received a reply omNode-1<-omNode-3#939:OK,SUCCESS,nextIndex:545,term:1,followerCommit:544, request=AppendEntriesRequest:cid=939,entriesCount=0,lastEntry=null
2020-07-01 01:09:10,790 [grpc-default-executor-7] INFO  ratis.OzoneManagerStateMachine (OzoneManagerStateMachine.java:getLatestSnapshot(147)) - Latest Snapshot Info 1#470
2020-07-01 01:09:10,790 [grpc-default-executor-7] DEBUG server.GrpcLogAppender (GrpcLogAppender.java:onNext(257)) - omNode-1@group-523986131536->omNode-2-AppendLogResponseHandler: received a reply omNode-1<-omNode-2#1401:OK,SUCCESS,nextIndex:545,term:1,followerCommit:520, request=AppendEntriesRequest:cid=1401,entriesCount=0,lastEntry=null
2020-07-01 01:09:11,140 [grpc-default-executor-7] INFO  ratis.OzoneManagerStateMachine (OzoneManagerStateMachine.java:getLatestSnapshot(147)) - Latest Snapshot Info 1#499
2020-07-01 01:09:11,141 [grpc-default-executor-7] DEBUG server.GrpcLogAppender (GrpcLogAppender.java:onNext(257)) - omNode-1@group-523986131536->omNode-3-AppendLogResponseHandler: received a reply omNode-1<-omNode-3#940:OK,SUCCESS,nextIndex:545,term:1,followerCommit:544, request=AppendEntriesRequest:cid=940,entriesCount=0,lastEntry=null
2020-07-01 01:09:11,291 [grpc-default-executor-7] INFO  ratis.OzoneManagerStateMachine (OzoneManagerStateMachine.java:getLatestSnapshot(147)) - Latest Snapshot Info 1#470
2020-07-01 01:09:11,292 [grpc-default-executor-7] DEBUG server.GrpcLogAppender (GrpcLogAppender.java:onNext(257)) - omNode-1@group-523986131536->omNode-2-AppendLogResponseHandler: received a reply omNode-1<-omNode-2#1402:OK,SUCCESS,nextIndex:545,term:1,followerCommit:520, request=AppendEntriesRequest:cid=1402,entriesCount=0,lastEntry=null
2020-07-01 01:09:11,641 [grpc-default-executor-7] INFO  ratis.OzoneManagerStateMachine (OzoneManagerStateMachine.java:getLatestSnapshot(147)) - Latest Snapshot Info 1#499
2020-07-01 01:09:11,642 [grpc-default-executor-7] DEBUG server.GrpcLogAppender (GrpcLogAppender.java:onNext(257)) - omNode-1@group-523986131536->omNode-3-AppendLogResponseHandler: received a reply omNode-1<-omNode-3#941:OK,SUCCESS,nextIndex:545,term:1,followerCommit:544, request=AppendEntriesRequest:cid=941,entriesCount=0,lastEntry=null
2020-07-01 01:09:11,792 [grpc-default-executor-7] INFO  ratis.OzoneManagerStateMachine (OzoneManagerStateMachine.java:getLatestSnapshot(147)) - Latest Snapshot Info 1#470
2020-07-01 01:09:11,794 [grpc-default-executor-7] DEBUG server.GrpcLogAppender (GrpcLogAppender.java:onNext(257)) - omNode-1@group-523986131536->omNode-2-AppendLogResponseHandler: received a reply omNode-1<-omNode-2#1403:OK,SUCCESS,nextIndex:545,term:1,followerCommit:520, request=AppendEntriesRequest:cid=1403,entriesCount=0,lastEntry=null
2020-07-01 01:09:12,043 [grpc-default-executor-10] DEBUG server.GrpcLogAppender (GrpcLogAppender.java:onNext(257)) - 69db720a-335e-417f-9e4d-9b6daaea3d10@group-304D1CDEA4AC->40524df2-78a3-4e4e-9ceb-ad6c0599eecc-AppendLogResponseHandler: received a reply 69db720a-335e-417f-9e4d-9b6daaea3d10<-40524df2-78a3-4e4e-9ceb-ad6c0599eecc#78:OK,SUCCESS,nextIndex:1,term:1,followerCommit:0, request=AppendEntriesRequest:cid=78,entriesCount=0,lastEntry=null
2020-07-01 01:09:12,043 [grpc-default-executor-7] DEBUG server.GrpcLogAppender (GrpcLogAppender.java:onNext(257)) - 69db720a-335e-417f-9e4d-9b6daaea3d10@group-304D1CDEA4AC->5f570ae4-9456-445c-93e3-9355377d8e07-AppendLogResponseHandler: received a reply 69db720a-335e-417f-9e4d-9b6daaea3d10<-5f570ae4-9456-445c-93e3-9355377d8e07#78:OK,SUCCESS,nextIndex:1,term:1,followerCommit:0, request=AppendEntriesRequest:cid=78,entriesCount=0,lastEntry=null
2020-07-01 01:09:12,143 [grpc-default-executor-7] INFO  ratis.OzoneManagerStateMachine (OzoneManagerStateMachine.java:getLatestSnapshot(147)) - Latest Snapshot Info 1#499
2020-07-01 01:09:12,144 [grpc-default-executor-7] DEBUG server.GrpcLogAppender (GrpcLogAppender.java:onNext(257)) - omNode-1@group-523986131536->omNode-3-AppendLogResponseHandler: received a reply omNode-1<-omNode-3#942:OK,SUCCESS,nextIndex:545,term:1,followerCommit:544, request=AppendEntriesRequest:cid=942,entriesCount=0,lastEntry=null
2020-07-01 01:09:12,294 [grpc-default-executor-7] INFO  ratis.OzoneManagerStateMachine (OzoneManagerStateMachine.java:getLatestSnapshot(147)) - Latest Snapshot Info 1#470
2020-07-01 01:09:12,295 [grpc-default-executor-7] DEBUG server.GrpcLogAppender (GrpcLogAppender.java:onNext(257)) - omNode-1@group-523986131536->omNode-2-AppendLogResponseHandler: received a reply omNode-1<-omNode-2#1404:OK,SUCCESS,nextIndex:545,term:1,followerCommit:520, request=AppendEntriesRequest:cid=1404,entriesCount=0,lastEntry=null
2020-07-01 01:09:12,645 [grpc-default-executor-7] INFO  ratis.OzoneManagerStateMachine (OzoneManagerStateMachine.java:getLatestSnapshot(147)) - Latest Snapshot Info 1#499
2020-07-01 01:09:12,646 [grpc-default-executor-7] DEBUG server.GrpcLogAppender (GrpcLogAppender.java:onNext(257)) - omNode-1@group-523986131536->omNode-3-AppendLogResponseHandler: received a reply omNode-1<-omNode-3#943:OK,SUCCESS,nextIndex:545,term:1,followerCommit:544, request=AppendEntriesRequest:cid=943,entriesCount=0,lastEntry=null
2020-07-01 01:09:12,796 [grpc-default-executor-7] INFO  ratis.OzoneManagerStateMachine (OzoneManagerStateMachine.java:getLatestSnapshot(147)) - Latest Snapshot Info 1#470
2020-07-01 01:09:12,797 [grpc-default-executor-7] DEBUG server.GrpcLogAppender (GrpcLogAppender.java:onNext(257)) - omNode-1@group-523986131536->omNode-2-AppendLogResponseHandler: received a reply omNode-1<-omNode-2#1405:OK,SUCCESS,nextIndex:545,term:1,followerCommit:520, request=AppendEntriesRequest:cid=1405,entriesCount=0,lastEntry=null
2020-07-01 01:09:13,146 [grpc-default-executor-7] INFO  ratis.OzoneManagerStateMachine (OzoneManagerStateMachine.java:getLatestSnapshot(147)) - Latest Snapshot Info 1#499
2020-07-01 01:09:13,147 [grpc-default-executor-7] DEBUG server.GrpcLogAppender (GrpcLogAppender.java:onNext(257)) - omNode-1@group-523986131536->omNode-3-AppendLogResponseHandler: received a reply omNode-1<-omNode-3#944:OK,SUCCESS,nextIndex:545,term:1,followerCommit:544, request=AppendEntriesRequest:cid=944,entriesCount=0,lastEntry=null
2020-07-01 01:09:13,297 [grpc-default-executor-7] INFO  ratis.OzoneManagerStateMachine (OzoneManagerStateMachine.java:getLatestSnapshot(147)) - Latest Snapshot Info 1#470
2020-07-01 01:09:13,298 [grpc-default-executor-7] DEBUG server.GrpcLogAppender (GrpcLogAppender.java:onNext(257)) - omNode-1@group-523986131536->omNode-2-AppendLogResponseHandler: received a reply omNode-1<-omNode-2#1406:OK,SUCCESS,nextIndex:545,term:1,followerCommit:520, request=AppendEntriesRequest:cid=1406,entriesCount=0,lastEntry=null
2020-07-01 01:09:13,648 [grpc-default-executor-7] INFO  ratis.OzoneManagerStateMachine (OzoneManagerStateMachine.java:getLatestSnapshot(147)) - Latest Snapshot Info 1#499
2020-07-01 01:09:13,649 [grpc-default-executor-7] DEBUG server.GrpcLogAppender (GrpcLogAppender.java:onNext(257)) - omNode-1@group-523986131536->omNode-3-AppendLogResponseHandler: received a reply omNode-1<-omNode-3#945:OK,SUCCESS,nextIndex:545,term:1,followerCommit:544, request=AppendEntriesRequest:cid=945,entriesCount=0,lastEntry=null
2020-07-01 01:09:13,799 [grpc-default-executor-7] INFO  ratis.OzoneManagerStateMachine (OzoneManagerStateMachine.java:getLatestSnapshot(147)) - Latest Snapshot Info 1#470
2020-07-01 01:09:13,800 [grpc-default-executor-7] DEBUG server.GrpcLogAppender (GrpcLogAppender.java:onNext(257)) - omNode-1@group-523986131536->omNode-2-AppendLogResponseHandler: received a reply omNode-1<-omNode-2#1407:OK,SUCCESS,nextIndex:545,term:1,followerCommit:520, request=AppendEntriesRequest:cid=1407,entriesCount=0,lastEntry=null
2020-07-01 01:09:14,149 [grpc-default-executor-7] INFO  ratis.OzoneManagerStateMachine (OzoneManagerStateMachine.java:getLatestSnapshot(147)) - Latest Snapshot Info 1#499
2020-07-01 01:09:14,150 [grpc-default-executor-7] DEBUG server.GrpcLogAppender (GrpcLogAppender.java:onNext(257)) - omNode-1@group-523986131536->omNode-3-AppendLogResponseHandler: received a reply omNode-1<-omNode-3#946:OK,SUCCESS,nextIndex:545,term:1,followerCommit:544, request=AppendEntriesRequest:cid=946,entriesCount=0,lastEntry=null
2020-07-01 01:09:14,300 [grpc-default-executor-7] INFO  ratis.OzoneManagerStateMachine (OzoneManagerStateMachine.java:getLatestSnapshot(147)) - Latest Snapshot Info 1#470
2020-07-01 01:09:14,301 [grpc-default-executor-7] DEBUG server.GrpcLogAppender (GrpcLogAppender.java:onNext(257)) - omNode-1@group-523986131536->omNode-2-AppendLogResponseHandler: received a reply omNode-1<-omNode-2#1408:OK,SUCCESS,nextIndex:545,term:1,followerCommit:520, request=AppendEntriesRequest:cid=1408,entriesCount=0,lastEntry=null
2020-07-01 01:09:14,544 [grpc-default-executor-10] DEBUG server.GrpcLogAppender (GrpcLogAppender.java:onNext(257)) - 69db720a-335e-417f-9e4d-9b6daaea3d10@group-304D1CDEA4AC->40524df2-78a3-4e4e-9ceb-ad6c0599eecc-AppendLogResponseHandler: received a reply 69db720a-335e-417f-9e4d-9b6daaea3d10<-40524df2-78a3-4e4e-9ceb-ad6c0599eecc#79:OK,SUCCESS,nextIndex:1,term:1,followerCommit:0, request=AppendEntriesRequest:cid=79,entriesCount=0,lastEntry=null
2020-07-01 01:09:14,544 [grpc-default-executor-10] DEBUG server.GrpcLogAppender (GrpcLogAppender.java:onNext(257)) - 69db720a-335e-417f-9e4d-9b6daaea3d10@group-304D1CDEA4AC->5f570ae4-9456-445c-93e3-9355377d8e07-AppendLogResponseHandler: received a reply 69db720a-335e-417f-9e4d-9b6daaea3d10<-5f570ae4-9456-445c-93e3-9355377d8e07#79:OK,SUCCESS,nextIndex:1,term:1,followerCommit:0, request=AppendEntriesRequest:cid=79,entriesCount=0,lastEntry=null
2020-07-01 01:09:14,651 [grpc-default-executor-10] INFO  ratis.OzoneManagerStateMachine (OzoneManagerStateMachine.java:getLatestSnapshot(147)) - Latest Snapshot Info 1#499
2020-07-01 01:09:14,651 [grpc-default-executor-10] DEBUG server.GrpcLogAppender (GrpcLogAppender.java:onNext(257)) - omNode-1@group-523986131536->omNode-3-AppendLogResponseHandler: received a reply omNode-1<-omNode-3#947:OK,SUCCESS,nextIndex:545,term:1,followerCommit:544, request=AppendEntriesRequest:cid=947,entriesCount=0,lastEntry=null
2020-07-01 01:09:14,802 [grpc-default-executor-10] INFO  ratis.OzoneManagerStateMachine (OzoneManagerStateMachine.java:getLatestSnapshot(147)) - Latest Snapshot Info 1#470
2020-07-01 01:09:14,802 [grpc-default-executor-10] DEBUG server.GrpcLogAppender (GrpcLogAppender.java:onNext(257)) - omNode-1@group-523986131536->omNode-2-AppendLogResponseHandler: received a reply omNode-1<-omNode-2#1409:OK,SUCCESS,nextIndex:545,term:1,followerCommit:520, request=AppendEntriesRequest:cid=1409,entriesCount=0,lastEntry=null
2020-07-01 01:09:15,152 [grpc-default-executor-10] INFO  ratis.OzoneManagerStateMachine (OzoneManagerStateMachine.java:getLatestSnapshot(147)) - Latest Snapshot Info 1#499
2020-07-01 01:09:15,153 [grpc-default-executor-10] DEBUG server.GrpcLogAppender (GrpcLogAppender.java:onNext(257)) - omNode-1@group-523986131536->omNode-3-AppendLogResponseHandler: received a reply omNode-1<-omNode-3#948:OK,SUCCESS,nextIndex:545,term:1,followerCommit:544, request=AppendEntriesRequest:cid=948,entriesCount=0,lastEntry=null
2020-07-01 01:09:15,303 [grpc-default-executor-10] INFO  ratis.OzoneManagerStateMachine (OzoneManagerStateMachine.java:getLatestSnapshot(147)) - Latest Snapshot Info 1#470
2020-07-01 01:09:15,304 [grpc-default-executor-10] DEBUG server.GrpcLogAppender (GrpcLogAppender.java:onNext(257)) - omNode-1@group-523986131536->omNode-2-AppendLogResponseHandler: received a reply omNode-1<-omNode-2#1410:OK,SUCCESS,nextIndex:545,term:1,followerCommit:520, request=AppendEntriesRequest:cid=1410,entriesCount=0,lastEntry=null
2020-07-01 01:09:15,654 [grpc-default-executor-10] INFO  ratis.OzoneManagerStateMachine (OzoneManagerStateMachine.java:getLatestSnapshot(147)) - Latest Snapshot Info 1#499
2020-07-01 01:09:15,654 [grpc-default-executor-10] DEBUG server.GrpcLogAppender (GrpcLogAppender.java:onNext(257)) - omNode-1@group-523986131536->omNode-3-AppendLogResponseHandler: received a reply omNode-1<-omNode-3#949:OK,SUCCESS,nextIndex:545,term:1,followerCommit:544, request=AppendEntriesRequest:cid=949,entriesCount=0,lastEntry=null
2020-07-01 01:09:15,804 [grpc-default-executor-10] INFO  ratis.OzoneManagerStateMachine (OzoneManagerStateMachine.java:getLatestSnapshot(147)) - Latest Snapshot Info 1#470
2020-07-01 01:09:15,805 [grpc-default-executor-10] DEBUG server.GrpcLogAppender (GrpcLogAppender.java:onNext(257)) - omNode-1@group-523986131536->omNode-2-AppendLogResponseHandler: received a reply omNode-1<-omNode-2#1411:OK,SUCCESS,nextIndex:545,term:1,followerCommit:520, request=AppendEntriesRequest:cid=1411,entriesCount=0,lastEntry=null
2020-07-01 01:09:16,155 [grpc-default-executor-10] INFO  ratis.OzoneManagerStateMachine (OzoneManagerStateMachine.java:getLatestSnapshot(147)) - Latest Snapshot Info 1#499
2020-07-01 01:09:16,156 [grpc-default-executor-10] DEBUG server.GrpcLogAppender (GrpcLogAppender.java:onNext(257)) - omNode-1@group-523986131536->omNode-3-AppendLogResponseHandler: received a reply omNode-1<-omNode-3#950:OK,SUCCESS,nextIndex:545,term:1,followerCommit:544, request=AppendEntriesRequest:cid=950,entriesCount=0,lastEntry=null
2020-07-01 01:09:16,306 [grpc-default-executor-10] INFO  ratis.OzoneManagerStateMachine (OzoneManagerStateMachine.java:getLatestSnapshot(147)) - Latest Snapshot Info 1#470
2020-07-01 01:09:16,306 [grpc-default-executor-10] DEBUG server.GrpcLogAppender (GrpcLogAppender.java:onNext(257)) - omNode-1@group-523986131536->omNode-2-AppendLogResponseHandler: received a reply omNode-1<-omNode-2#1412:OK,SUCCESS,nextIndex:545,term:1,followerCommit:520, request=AppendEntriesRequest:cid=1412,entriesCount=0,lastEntry=null
2020-07-01 01:09:16,656 [grpc-default-executor-10] INFO  ratis.OzoneManagerStateMachine (OzoneManagerStateMachine.java:getLatestSnapshot(147)) - Latest Snapshot Info 1#499
2020-07-01 01:09:16,657 [grpc-default-executor-10] DEBUG server.GrpcLogAppender (GrpcLogAppender.java:onNext(257)) - omNode-1@group-523986131536->omNode-3-AppendLogResponseHandler: received a reply omNode-1<-omNode-3#951:OK,SUCCESS,nextIndex:545,term:1,followerCommit:544, request=AppendEntriesRequest:cid=951,entriesCount=0,lastEntry=null
2020-07-01 01:09:16,807 [grpc-default-executor-10] INFO  ratis.OzoneManagerStateMachine (OzoneManagerStateMachine.java:getLatestSnapshot(147)) - Latest Snapshot Info 1#470
2020-07-01 01:09:16,808 [grpc-default-executor-10] DEBUG server.GrpcLogAppender (GrpcLogAppender.java:onNext(257)) - omNode-1@group-523986131536->omNode-2-AppendLogResponseHandler: received a reply omNode-1<-omNode-2#1413:OK,SUCCESS,nextIndex:545,term:1,followerCommit:520, request=AppendEntriesRequest:cid=1413,entriesCount=0,lastEntry=null
2020-07-01 01:09:17,045 [grpc-default-executor-10] DEBUG server.GrpcLogAppender (GrpcLogAppender.java:onNext(257)) - 69db720a-335e-417f-9e4d-9b6daaea3d10@group-304D1CDEA4AC->5f570ae4-9456-445c-93e3-9355377d8e07-AppendLogResponseHandler: received a reply 69db720a-335e-417f-9e4d-9b6daaea3d10<-5f570ae4-9456-445c-93e3-9355377d8e07#80:OK,SUCCESS,nextIndex:1,term:1,followerCommit:0, request=AppendEntriesRequest:cid=80,entriesCount=0,lastEntry=null
2020-07-01 01:09:17,045 [grpc-default-executor-7] DEBUG server.GrpcLogAppender (GrpcLogAppender.java:onNext(257)) - 69db720a-335e-417f-9e4d-9b6daaea3d10@group-304D1CDEA4AC->40524df2-78a3-4e4e-9ceb-ad6c0599eecc-AppendLogResponseHandler: received a reply 69db720a-335e-417f-9e4d-9b6daaea3d10<-40524df2-78a3-4e4e-9ceb-ad6c0599eecc#80:OK,SUCCESS,nextIndex:1,term:1,followerCommit:0, request=AppendEntriesRequest:cid=80,entriesCount=0,lastEntry=null
2020-07-01 01:09:17,158 [grpc-default-executor-7] INFO  ratis.OzoneManagerStateMachine (OzoneManagerStateMachine.java:getLatestSnapshot(147)) - Latest Snapshot Info 1#499
2020-07-01 01:09:17,159 [grpc-default-executor-7] DEBUG server.GrpcLogAppender (GrpcLogAppender.java:onNext(257)) - omNode-1@group-523986131536->omNode-3-AppendLogResponseHandler: received a reply omNode-1<-omNode-3#952:OK,SUCCESS,nextIndex:545,term:1,followerCommit:544, request=AppendEntriesRequest:cid=952,entriesCount=0,lastEntry=null
2020-07-01 01:09:17,308 [grpc-default-executor-7] INFO  ratis.OzoneManagerStateMachine (OzoneManagerStateMachine.java:getLatestSnapshot(147)) - Latest Snapshot Info 1#470
2020-07-01 01:09:17,309 [grpc-default-executor-7] DEBUG server.GrpcLogAppender (GrpcLogAppender.java:onNext(257)) - omNode-1@group-523986131536->omNode-2-AppendLogResponseHandler: received a reply omNode-1<-omNode-2#1414:OK,SUCCESS,nextIndex:545,term:1,followerCommit:520, request=AppendEntriesRequest:cid=1414,entriesCount=0,lastEntry=null
2020-07-01 01:09:17,659 [grpc-default-executor-7] INFO  ratis.OzoneManagerStateMachine (OzoneManagerStateMachine.java:getLatestSnapshot(147)) - Latest Snapshot Info 1#499
2020-07-01 01:09:17,660 [grpc-default-executor-7] DEBUG server.GrpcLogAppender (GrpcLogAppender.java:onNext(257)) - omNode-1@group-523986131536->omNode-3-AppendLogResponseHandler: received a reply omNode-1<-omNode-3#953:OK,SUCCESS,nextIndex:545,term:1,followerCommit:544, request=AppendEntriesRequest:cid=953,entriesCount=0,lastEntry=null
2020-07-01 01:09:17,810 [grpc-default-executor-7] INFO  ratis.OzoneManagerStateMachine (OzoneManagerStateMachine.java:getLatestSnapshot(147)) - Latest Snapshot Info 1#470
2020-07-01 01:09:17,811 [grpc-default-executor-7] DEBUG server.GrpcLogAppender (GrpcLogAppender.java:onNext(257)) - omNode-1@group-523986131536->omNode-2-AppendLogResponseHandler: received a reply omNode-1<-omNode-2#1415:OK,SUCCESS,nextIndex:545,term:1,followerCommit:520, request=AppendEntriesRequest:cid=1415,entriesCount=0,lastEntry=null
2020-07-01 01:09:18,161 [grpc-default-executor-7] INFO  ratis.OzoneManagerStateMachine (OzoneManagerStateMachine.java:getLatestSnapshot(147)) - Latest Snapshot Info 1#499
2020-07-01 01:09:18,162 [grpc-default-executor-7] DEBUG server.GrpcLogAppender (GrpcLogAppender.java:onNext(257)) - omNode-1@group-523986131536->omNode-3-AppendLogResponseHandler: received a reply omNode-1<-omNode-3#954:OK,SUCCESS,nextIndex:545,term:1,followerCommit:544, request=AppendEntriesRequest:cid=954,entriesCount=0,lastEntry=null
2020-07-01 01:09:18,311 [grpc-default-executor-7] INFO  ratis.OzoneManagerStateMachine (OzoneManagerStateMachine.java:getLatestSnapshot(147)) - Latest Snapshot Info 1#470
2020-07-01 01:09:18,312 [grpc-default-executor-7] DEBUG server.GrpcLogAppender (GrpcLogAppender.java:onNext(257)) - omNode-1@group-523986131536->omNode-2-AppendLogResponseHandler: received a reply omNode-1<-omNode-2#1416:OK,SUCCESS,nextIndex:545,term:1,followerCommit:520, request=AppendEntriesRequest:cid=1416,entriesCount=0,lastEntry=null
2020-07-01 01:09:18,662 [grpc-default-executor-7] INFO  ratis.OzoneManagerStateMachine (OzoneManagerStateMachine.java:getLatestSnapshot(147)) - Latest Snapshot Info 1#499
2020-07-01 01:09:18,663 [grpc-default-executor-7] DEBUG server.GrpcLogAppender (GrpcLogAppender.java:onNext(257)) - omNode-1@group-523986131536->omNode-3-AppendLogResponseHandler: received a reply omNode-1<-omNode-3#955:OK,SUCCESS,nextIndex:545,term:1,followerCommit:544, request=AppendEntriesRequest:cid=955,entriesCount=0,lastEntry=null
2020-07-01 01:09:18,813 [grpc-default-executor-7] INFO  ratis.OzoneManagerStateMachine (OzoneManagerStateMachine.java:getLatestSnapshot(147)) - Latest Snapshot Info 1#470
2020-07-01 01:09:18,813 [grpc-default-executor-7] DEBUG server.GrpcLogAppender (GrpcLogAppender.java:onNext(257)) - omNode-1@group-523986131536->omNode-2-AppendLogResponseHandler: received a reply omNode-1<-omNode-2#1417:OK,SUCCESS,nextIndex:545,term:1,followerCommit:520, request=AppendEntriesRequest:cid=1417,entriesCount=0,lastEntry=null
2020-07-01 01:09:19,164 [grpc-default-executor-7] INFO  ratis.OzoneManagerStateMachine (OzoneManagerStateMachine.java:getLatestSnapshot(147)) - Latest Snapshot Info 1#499
2020-07-01 01:09:19,165 [grpc-default-executor-7] DEBUG server.GrpcLogAppender (GrpcLogAppender.java:onNext(257)) - omNode-1@group-523986131536->omNode-3-AppendLogResponseHandler: received a reply omNode-1<-omNode-3#956:OK,SUCCESS,nextIndex:545,term:1,followerCommit:544, request=AppendEntriesRequest:cid=956,entriesCount=0,lastEntry=null
2020-07-01 01:09:19,314 [grpc-default-executor-7] INFO  ratis.OzoneManagerStateMachine (OzoneManagerStateMachine.java:getLatestSnapshot(147)) - Latest Snapshot Info 1#470
2020-07-01 01:09:19,315 [grpc-default-executor-7] DEBUG server.GrpcLogAppender (GrpcLogAppender.java:onNext(257)) - omNode-1@group-523986131536->omNode-2-AppendLogResponseHandler: received a reply omNode-1<-omNode-2#1418:OK,SUCCESS,nextIndex:545,term:1,followerCommit:520, request=AppendEntriesRequest:cid=1418,entriesCount=0,lastEntry=null
2020-07-01 01:09:19,546 [grpc-default-executor-10] DEBUG server.GrpcLogAppender (GrpcLogAppender.java:onNext(257)) - 69db720a-335e-417f-9e4d-9b6daaea3d10@group-304D1CDEA4AC->40524df2-78a3-4e4e-9ceb-ad6c0599eecc-AppendLogResponseHandler: received a reply 69db720a-335e-417f-9e4d-9b6daaea3d10<-40524df2-78a3-4e4e-9ceb-ad6c0599eecc#81:OK,SUCCESS,nextIndex:1,term:1,followerCommit:0, request=AppendEntriesRequest:cid=81,entriesCount=0,lastEntry=null
2020-07-01 01:09:19,549 [grpc-default-executor-7] DEBUG server.GrpcLogAppender (GrpcLogAppender.java:onNext(257)) - 69db720a-335e-417f-9e4d-9b6daaea3d10@group-304D1CDEA4AC->5f570ae4-9456-445c-93e3-9355377d8e07-AppendLogResponseHandler: received a reply 69db720a-335e-417f-9e4d-9b6daaea3d10<-5f570ae4-9456-445c-93e3-9355377d8e07#81:OK,SUCCESS,nextIndex:1,term:1,followerCommit:0, request=AppendEntriesRequest:cid=81,entriesCount=0,lastEntry=null
2020-07-01 01:09:19,665 [grpc-default-executor-7] INFO  ratis.OzoneManagerStateMachine (OzoneManagerStateMachine.java:getLatestSnapshot(147)) - Latest Snapshot Info 1#499
2020-07-01 01:09:19,666 [grpc-default-executor-7] DEBUG server.GrpcLogAppender (GrpcLogAppender.java:onNext(257)) - omNode-1@group-523986131536->omNode-3-AppendLogResponseHandler: received a reply omNode-1<-omNode-3#957:OK,SUCCESS,nextIndex:545,term:1,followerCommit:544, request=AppendEntriesRequest:cid=957,entriesCount=0,lastEntry=null
2020-07-01 01:09:19,815 [grpc-default-executor-7] INFO  ratis.OzoneManagerStateMachine (OzoneManagerStateMachine.java:getLatestSnapshot(147)) - Latest Snapshot Info 1#470
2020-07-01 01:09:19,816 [grpc-default-executor-7] DEBUG server.GrpcLogAppender (GrpcLogAppender.java:onNext(257)) - omNode-1@group-523986131536->omNode-2-AppendLogResponseHandler: received a reply omNode-1<-omNode-2#1419:OK,SUCCESS,nextIndex:545,term:1,followerCommit:520, request=AppendEntriesRequest:cid=1419,entriesCount=0,lastEntry=null
2020-07-01 01:09:20,167 [grpc-default-executor-7] INFO  ratis.OzoneManagerStateMachine (OzoneManagerStateMachine.java:getLatestSnapshot(147)) - Latest Snapshot Info 1#499
2020-07-01 01:09:20,167 [grpc-default-executor-7] DEBUG server.GrpcLogAppender (GrpcLogAppender.java:onNext(257)) - omNode-1@group-523986131536->omNode-3-AppendLogResponseHandler: received a reply omNode-1<-omNode-3#958:OK,SUCCESS,nextIndex:545,term:1,followerCommit:544, request=AppendEntriesRequest:cid=958,entriesCount=0,lastEntry=null
2020-07-01 01:09:20,317 [grpc-default-executor-7] INFO  ratis.OzoneManagerStateMachine (OzoneManagerStateMachine.java:getLatestSnapshot(147)) - Latest Snapshot Info 1#470
2020-07-01 01:09:20,318 [grpc-default-executor-7] DEBUG server.GrpcLogAppender (GrpcLogAppender.java:onNext(257)) - omNode-1@group-523986131536->omNode-2-AppendLogResponseHandler: received a reply omNode-1<-omNode-2#1420:OK,SUCCESS,nextIndex:545,term:1,followerCommit:520, request=AppendEntriesRequest:cid=1420,entriesCount=0,lastEntry=null
2020-07-01 01:09:20,668 [grpc-default-executor-7] INFO  ratis.OzoneManagerStateMachine (OzoneManagerStateMachine.java:getLatestSnapshot(147)) - Latest Snapshot Info 1#499
2020-07-01 01:09:20,669 [grpc-default-executor-7] DEBUG server.GrpcLogAppender (GrpcLogAppender.java:onNext(257)) - omNode-1@group-523986131536->omNode-3-AppendLogResponseHandler: received a reply omNode-1<-omNode-3#959:OK,SUCCESS,nextIndex:545,term:1,followerCommit:544, request=AppendEntriesRequest:cid=959,entriesCount=0,lastEntry=null
2020-07-01 01:09:20,818 [grpc-default-executor-7] INFO  ratis.OzoneManagerStateMachine (OzoneManagerStateMachine.java:getLatestSnapshot(147)) - Latest Snapshot Info 1#470
2020-07-01 01:09:20,819 [grpc-default-executor-7] DEBUG server.GrpcLogAppender (GrpcLogAppender.java:onNext(257)) - omNode-1@group-523986131536->omNode-2-AppendLogResponseHandler: received a reply omNode-1<-omNode-2#1421:OK,SUCCESS,nextIndex:545,term:1,followerCommit:520, request=AppendEntriesRequest:cid=1421,entriesCount=0,lastEntry=null
2020-07-01 01:09:21,170 [grpc-default-executor-7] INFO  ratis.OzoneManagerStateMachine (OzoneManagerStateMachine.java:getLatestSnapshot(147)) - Latest Snapshot Info 1#499
2020-07-01 01:09:21,170 [grpc-default-executor-7] DEBUG server.GrpcLogAppender (GrpcLogAppender.java:onNext(257)) - omNode-1@group-523986131536->omNode-3-AppendLogResponseHandler: received a reply omNode-1<-omNode-3#960:OK,SUCCESS,nextIndex:545,term:1,followerCommit:544, request=AppendEntriesRequest:cid=960,entriesCount=0,lastEntry=null
2020-07-01 01:09:21,320 [grpc-default-executor-7] INFO  ratis.OzoneManagerStateMachine (OzoneManagerStateMachine.java:getLatestSnapshot(147)) - Latest Snapshot Info 1#470
2020-07-01 01:09:21,320 [grpc-default-executor-7] DEBUG server.GrpcLogAppender (GrpcLogAppender.java:onNext(257)) - omNode-1@group-523986131536->omNode-2-AppendLogResponseHandler: received a reply omNode-1<-omNode-2#1422:OK,SUCCESS,nextIndex:545,term:1,followerCommit:520, request=AppendEntriesRequest:cid=1422,entriesCount=0,lastEntry=null
2020-07-01 01:09:21,671 [grpc-default-executor-7] INFO  ratis.OzoneManagerStateMachine (OzoneManagerStateMachine.java:getLatestSnapshot(147)) - Latest Snapshot Info 1#499
2020-07-01 01:09:21,672 [grpc-default-executor-7] DEBUG server.GrpcLogAppender (GrpcLogAppender.java:onNext(257)) - omNode-1@group-523986131536->omNode-3-AppendLogResponseHandler: received a reply omNode-1<-omNode-3#961:OK,SUCCESS,nextIndex:545,term:1,followerCommit:544, request=AppendEntriesRequest:cid=961,entriesCount=0,lastEntry=null
2020-07-01 01:09:21,821 [grpc-default-executor-7] INFO  ratis.OzoneManagerStateMachine (OzoneManagerStateMachine.java:getLatestSnapshot(147)) - Latest Snapshot Info 1#470
2020-07-01 01:09:21,822 [grpc-default-executor-7] DEBUG server.GrpcLogAppender (GrpcLogAppender.java:onNext(257)) - omNode-1@group-523986131536->omNode-2-AppendLogResponseHandler: received a reply omNode-1<-omNode-2#1423:OK,SUCCESS,nextIndex:545,term:1,followerCommit:520, request=AppendEntriesRequest:cid=1423,entriesCount=0,lastEntry=null
2020-07-01 01:09:22,048 [grpc-default-executor-7] DEBUG server.GrpcLogAppender (GrpcLogAppender.java:onNext(257)) - 69db720a-335e-417f-9e4d-9b6daaea3d10@group-304D1CDEA4AC->40524df2-78a3-4e4e-9ceb-ad6c0599eecc-AppendLogResponseHandler: received a reply 69db720a-335e-417f-9e4d-9b6daaea3d10<-40524df2-78a3-4e4e-9ceb-ad6c0599eecc#82:OK,SUCCESS,nextIndex:1,term:1,followerCommit:0, request=AppendEntriesRequest:cid=82,entriesCount=0,lastEntry=null
2020-07-01 01:09:22,050 [grpc-default-executor-7] DEBUG server.GrpcLogAppender (GrpcLogAppender.java:onNext(257)) - 69db720a-335e-417f-9e4d-9b6daaea3d10@group-304D1CDEA4AC->5f570ae4-9456-445c-93e3-9355377d8e07-AppendLogResponseHandler: received a reply 69db720a-335e-417f-9e4d-9b6daaea3d10<-5f570ae4-9456-445c-93e3-9355377d8e07#82:OK,SUCCESS,nextIndex:1,term:1,followerCommit:0, request=AppendEntriesRequest:cid=82,entriesCount=0,lastEntry=null
2020-07-01 01:09:22,173 [grpc-default-executor-7] INFO  ratis.OzoneManagerStateMachine (OzoneManagerStateMachine.java:getLatestSnapshot(147)) - Latest Snapshot Info 1#499
2020-07-01 01:09:22,173 [grpc-default-executor-7] DEBUG server.GrpcLogAppender (GrpcLogAppender.java:onNext(257)) - omNode-1@group-523986131536->omNode-3-AppendLogResponseHandler: received a reply omNode-1<-omNode-3#962:OK,SUCCESS,nextIndex:545,term:1,followerCommit:544, request=AppendEntriesRequest:cid=962,entriesCount=0,lastEntry=null
2020-07-01 01:09:22,323 [grpc-default-executor-7] INFO  ratis.OzoneManagerStateMachine (OzoneManagerStateMachine.java:getLatestSnapshot(147)) - Latest Snapshot Info 1#470
2020-07-01 01:09:22,323 [grpc-default-executor-7] DEBUG server.GrpcLogAppender (GrpcLogAppender.java:onNext(257)) - omNode-1@group-523986131536->omNode-2-AppendLogResponseHandler: received a reply omNode-1<-omNode-2#1424:OK,SUCCESS,nextIndex:545,term:1,followerCommit:520, request=AppendEntriesRequest:cid=1424,entriesCount=0,lastEntry=null
2020-07-01 01:09:22,674 [grpc-default-executor-7] INFO  ratis.OzoneManagerStateMachine (OzoneManagerStateMachine.java:getLatestSnapshot(147)) - Latest Snapshot Info 1#499
2020-07-01 01:09:22,675 [grpc-default-executor-7] DEBUG server.GrpcLogAppender (GrpcLogAppender.java:onNext(257)) - omNode-1@group-523986131536->omNode-3-AppendLogResponseHandler: received a reply omNode-1<-omNode-3#963:OK,SUCCESS,nextIndex:545,term:1,followerCommit:544, request=AppendEntriesRequest:cid=963,entriesCount=0,lastEntry=null
2020-07-01 01:09:22,824 [grpc-default-executor-7] INFO  ratis.OzoneManagerStateMachine (OzoneManagerStateMachine.java:getLatestSnapshot(147)) - Latest Snapshot Info 1#470
2020-07-01 01:09:22,825 [grpc-default-executor-7] DEBUG server.GrpcLogAppender (GrpcLogAppender.java:onNext(257)) - omNode-1@group-523986131536->omNode-2-AppendLogResponseHandler: received a reply omNode-1<-omNode-2#1425:OK,SUCCESS,nextIndex:545,term:1,followerCommit:520, request=AppendEntriesRequest:cid=1425,entriesCount=0,lastEntry=null
2020-07-01 01:09:23,176 [grpc-default-executor-7] INFO  ratis.OzoneManagerStateMachine (OzoneManagerStateMachine.java:getLatestSnapshot(147)) - Latest Snapshot Info 1#499
2020-07-01 01:09:23,176 [grpc-default-executor-7] DEBUG server.GrpcLogAppender (GrpcLogAppender.java:onNext(257)) - omNode-1@group-523986131536->omNode-3-AppendLogResponseHandler: received a reply omNode-1<-omNode-3#964:OK,SUCCESS,nextIndex:545,term:1,followerCommit:544, request=AppendEntriesRequest:cid=964,entriesCount=0,lastEntry=null
2020-07-01 01:09:23,326 [grpc-default-executor-7] INFO  ratis.OzoneManagerStateMachine (OzoneManagerStateMachine.java:getLatestSnapshot(147)) - Latest Snapshot Info 1#470
2020-07-01 01:09:23,326 [grpc-default-executor-7] DEBUG server.GrpcLogAppender (GrpcLogAppender.java:onNext(257)) - omNode-1@group-523986131536->omNode-2-AppendLogResponseHandler: received a reply omNode-1<-omNode-2#1426:OK,SUCCESS,nextIndex:545,term:1,followerCommit:520, request=AppendEntriesRequest:cid=1426,entriesCount=0,lastEntry=null
2020-07-01 01:09:23,677 [grpc-default-executor-7] INFO  ratis.OzoneManagerStateMachine (OzoneManagerStateMachine.java:getLatestSnapshot(147)) - Latest Snapshot Info 1#499
2020-07-01 01:09:23,678 [grpc-default-executor-7] DEBUG server.GrpcLogAppender (GrpcLogAppender.java:onNext(257)) - omNode-1@group-523986131536->omNode-3-AppendLogResponseHandler: received a reply omNode-1<-omNode-3#965:OK,SUCCESS,nextIndex:545,term:1,followerCommit:544, request=AppendEntriesRequest:cid=965,entriesCount=0,lastEntry=null
2020-07-01 01:09:23,827 [grpc-default-executor-7] INFO  ratis.OzoneManagerStateMachine (OzoneManagerStateMachine.java:getLatestSnapshot(147)) - Latest Snapshot Info 1#470
2020-07-01 01:09:23,828 [grpc-default-executor-7] DEBUG server.GrpcLogAppender (GrpcLogAppender.java:onNext(257)) - omNode-1@group-523986131536->omNode-2-AppendLogResponseHandler: received a reply omNode-1<-omNode-2#1427:OK,SUCCESS,nextIndex:545,term:1,followerCommit:520, request=AppendEntriesRequest:cid=1427,entriesCount=0,lastEntry=null
2020-07-01 01:09:24,179 [grpc-default-executor-7] INFO  ratis.OzoneManagerStateMachine (OzoneManagerStateMachine.java:getLatestSnapshot(147)) - Latest Snapshot Info 1#499
2020-07-01 01:09:24,179 [grpc-default-executor-7] DEBUG server.GrpcLogAppender (GrpcLogAppender.java:onNext(257)) - omNode-1@group-523986131536->omNode-3-AppendLogResponseHandler: received a reply omNode-1<-omNode-3#966:OK,SUCCESS,nextIndex:545,term:1,followerCommit:544, request=AppendEntriesRequest:cid=966,entriesCount=0,lastEntry=null
2020-07-01 01:09:24,328 [grpc-default-executor-7] INFO  ratis.OzoneManagerStateMachine (OzoneManagerStateMachine.java:getLatestSnapshot(147)) - Latest Snapshot Info 1#470
2020-07-01 01:09:24,329 [grpc-default-executor-7] DEBUG server.GrpcLogAppender (GrpcLogAppender.java:onNext(257)) - omNode-1@group-523986131536->omNode-2-AppendLogResponseHandler: received a reply omNode-1<-omNode-2#1428:OK,SUCCESS,nextIndex:545,term:1,followerCommit:520, request=AppendEntriesRequest:cid=1428,entriesCount=0,lastEntry=null
2020-07-01 01:09:24,549 [grpc-default-executor-7] DEBUG server.GrpcLogAppender (GrpcLogAppender.java:onNext(257)) - 69db720a-335e-417f-9e4d-9b6daaea3d10@group-304D1CDEA4AC->40524df2-78a3-4e4e-9ceb-ad6c0599eecc-AppendLogResponseHandler: received a reply 69db720a-335e-417f-9e4d-9b6daaea3d10<-40524df2-78a3-4e4e-9ceb-ad6c0599eecc#83:OK,SUCCESS,nextIndex:1,term:1,followerCommit:0, request=AppendEntriesRequest:cid=83,entriesCount=0,lastEntry=null
2020-07-01 01:09:24,550 [grpc-default-executor-7] DEBUG server.GrpcLogAppender (GrpcLogAppender.java:onNext(257)) - 69db720a-335e-417f-9e4d-9b6daaea3d10@group-304D1CDEA4AC->5f570ae4-9456-445c-93e3-9355377d8e07-AppendLogResponseHandler: received a reply 69db720a-335e-417f-9e4d-9b6daaea3d10<-5f570ae4-9456-445c-93e3-9355377d8e07#83:OK,SUCCESS,nextIndex:1,term:1,followerCommit:0, request=AppendEntriesRequest:cid=83,entriesCount=0,lastEntry=null
2020-07-01 01:09:24,680 [grpc-default-executor-7] INFO  ratis.OzoneManagerStateMachine (OzoneManagerStateMachine.java:getLatestSnapshot(147)) - Latest Snapshot Info 1#499
2020-07-01 01:09:24,681 [grpc-default-executor-7] DEBUG server.GrpcLogAppender (GrpcLogAppender.java:onNext(257)) - omNode-1@group-523986131536->omNode-3-AppendLogResponseHandler: received a reply omNode-1<-omNode-3#967:OK,SUCCESS,nextIndex:545,term:1,followerCommit:544, request=AppendEntriesRequest:cid=967,entriesCount=0,lastEntry=null
2020-07-01 01:09:24,830 [grpc-default-executor-7] INFO  ratis.OzoneManagerStateMachine (OzoneManagerStateMachine.java:getLatestSnapshot(147)) - Latest Snapshot Info 1#470
2020-07-01 01:09:24,830 [grpc-default-executor-7] DEBUG server.GrpcLogAppender (GrpcLogAppender.java:onNext(257)) - omNode-1@group-523986131536->omNode-2-AppendLogResponseHandler: received a reply omNode-1<-omNode-2#1429:OK,SUCCESS,nextIndex:545,term:1,followerCommit:520, request=AppendEntriesRequest:cid=1429,entriesCount=0,lastEntry=null
2020-07-01 01:09:25,181 [grpc-default-executor-7] INFO  ratis.OzoneManagerStateMachine (OzoneManagerStateMachine.java:getLatestSnapshot(147)) - Latest Snapshot Info 1#499
2020-07-01 01:09:25,189 [Listener at localhost/11866] INFO  ozone.MiniOzoneClusterImpl (MiniOzoneClusterImpl.java:shutdown(387)) - Shutting down the Mini Ozone Cluster
2020-07-01 01:09:25,189 [Listener at localhost/11866] INFO  ozone.MiniOzoneHAClusterImpl (MiniOzoneHAClusterImpl.java:stop(230)) - Stopping the OzoneManager omNode-3
2020-07-01 01:09:25,190 [Listener at localhost/11866] INFO  ipc.Server (Server.java:stop(3359)) - Stopping server on 11872
2020-07-01 01:09:25,191 [IPC Server listener on 11872] INFO  ipc.Server (Server.java:run(1330)) - Stopping IPC Server listener on 11872
2020-07-01 01:09:25,191 [IPC Server Responder] INFO  ipc.Server (Server.java:run(1465)) - Stopping IPC Server Responder
2020-07-01 01:09:25,191 [grpc-default-executor-7] DEBUG server.GrpcLogAppender (GrpcLogAppender.java:onNext(257)) - omNode-1@group-523986131536->omNode-3-AppendLogResponseHandler: received a reply omNode-1<-omNode-3#968:OK,SUCCESS,nextIndex:545,term:1,followerCommit:544, request=AppendEntriesRequest:cid=968,entriesCount=0,lastEntry=null
2020-07-01 01:09:25,193 [Listener at localhost/11866] INFO  impl.RaftServerProxy (RaftServerProxy.java:lambda$close$4(319)) - omNode-3: close
2020-07-01 01:09:25,193 [Listener at localhost/11866] INFO  impl.RaftServerImpl (RaftServerImpl.java:lambda$shutdown$3(252)) - omNode-3@group-523986131536: shutdown
2020-07-01 01:09:25,193 [Listener at localhost/11866] INFO  util.JmxRegister (JmxRegister.java:unregister(73)) - Successfully un-registered JMX Bean with object name Ratis:service=RaftServer,group=group-523986131536,id=omNode-3
2020-07-01 01:09:25,193 [Listener at localhost/11866] INFO  impl.RoleInfo (RoleInfo.java:shutdownFollowerState(121)) - omNode-3: shutdown FollowerState
2020-07-01 01:09:25,193 [Thread-4647] INFO  impl.FollowerState (FollowerState.java:run(117)) - omNode-3@group-523986131536-FollowerState was interrupted: java.lang.InterruptedException: sleep interrupted
2020-07-01 01:09:25,193 [omNode-3@group-523986131536-StateMachineUpdater] INFO  ratis.OzoneManagerStateMachine (OzoneManagerStateMachine.java:takeSnapshot(355)) - Current Snapshot Index (t:1, i:544)
2020-07-01 01:09:25,194 [omNode-3@group-523986131536-StateMachineUpdater] INFO  impl.StateMachineUpdater (StateMachineUpdater.java:takeSnapshot(277)) - omNode-3@group-523986131536-StateMachineUpdater: Took a snapshot at index 544
2020-07-01 01:09:25,194 [omNode-3@group-523986131536-StateMachineUpdater] INFO  impl.StateMachineUpdater (StateMachineUpdater.java:lambda$new$0(87)) - omNode-3@group-523986131536-StateMachineUpdater: snapshotIndex: updateIncreasingly 499 -> 544
2020-07-01 01:09:25,194 [omNode-3@group-523986131536-StateMachineUpdater] INFO  raftlog.RaftLog (RaftLog.java:purge(377)) - omNode-3@group-523986131536-SegmentedRaftLog: purge 520
2020-07-01 01:09:25,195 [omNode-3@group-523986131536-SegmentedRaftLogWorker] INFO  raftlog.RaftLog (RaftLog.java:lambda$new$0(61)) - omNode-3@group-523986131536-SegmentedRaftLog: purgeIndex: updateToMax old=-1, new=446, updated? true
2020-07-01 01:09:25,195 [omNode-3@group-523986131536-StateMachineUpdater] INFO  metrics.RatisMetrics (RatisMetrics.java:unregister(43)) - Unregistering Metrics Registry : ratis.state_machine.omNode-3@group-523986131536
2020-07-01 01:09:25,196 [Listener at localhost/11866] INFO  impl.StateMachineUpdater (StateMachineUpdater.java:stopAndJoin(142)) - omNode-3@group-523986131536-StateMachineUpdater: set stopIndex = 544
2020-07-01 01:09:25,196 [Listener at localhost/11866] INFO  impl.RaftServerImpl (ServerState.java:close(387)) - omNode-3@group-523986131536: closes. applyIndex: 544
2020-07-01 01:09:25,196 [omNode-3@group-523986131536-SegmentedRaftLogWorker] INFO  segmented.SegmentedRaftLogWorker (SegmentedRaftLogWorker.java:run(327)) - omNode-3@group-523986131536-SegmentedRaftLogWorker was interrupted, exiting. There are 0 tasks remaining in the queue.
2020-07-01 01:09:25,196 [Listener at localhost/11866] INFO  segmented.SegmentedRaftLogWorker (SegmentedRaftLogWorker.java:close(234)) - omNode-3@group-523986131536-SegmentedRaftLogWorker close()
2020-07-01 01:09:25,197 [Listener at localhost/11866] INFO  metrics.RatisMetrics (RatisMetrics.java:unregister(43)) - Unregistering Metrics Registry : ratis.log_worker.omNode-3@group-523986131536
2020-07-01 01:09:25,197 [Listener at localhost/11866] INFO  metrics.RatisMetrics (RatisMetrics.java:unregister(43)) - Unregistering Metrics Registry : ratis.leader_election.omNode-3@group-523986131536
2020-07-01 01:09:25,197 [Listener at localhost/11866] INFO  metrics.RatisMetrics (RatisMetrics.java:unregister(43)) - Unregistering Metrics Registry : ratis.server.omNode-3@group-523986131536
2020-07-01 01:09:25,198 [Listener at localhost/11866] INFO  server.GrpcService (GrpcService.java:closeImpl(166)) - omNode-3: shutdown server with port 11876 now
2020-07-01 01:09:25,199 [grpc-default-executor-10] WARN  server.GrpcServerProtocolService (LogUtils.java:warn(122)) - omNode-3: installSnapshot onError, lastRequest: omNode-1->omNode-3#569-t1, previous=(t:1, i:543), leaderCommit=543, initializing? false, entries: size=1, first=(t:1, i:544), METADATAENTRY(c:543): org.apache.ratis.thirdparty.io.grpc.StatusRuntimeException: CANCELLED: cancelled before receiving half close
2020-07-01 01:09:25,199 [grpc-default-executor-10] WARN  server.GrpcLogAppender (LogUtils.java:warn(122)) - omNode-1@group-523986131536->omNode-3-AppendLogResponseHandler: Failed appendEntries: org.apache.ratis.thirdparty.io.grpc.StatusRuntimeException: CANCELLED: HTTP/2 error code: CANCEL
Received Rst Stream
2020-07-01 01:09:25,199 [Listener at localhost/11866] INFO  server.GrpcService (GrpcService.java:closeImpl(174)) - omNode-3: shutdown server with port 11876 successfully
2020-07-01 01:09:25,199 [Listener at localhost/11866] INFO  ratis.OzoneManagerDoubleBuffer (OzoneManagerDoubleBuffer.java:stop(458)) - Stopping OMDoubleBuffer flush thread
2020-07-01 01:09:25,200 [OMDoubleBufferFlushThread] INFO  ratis.OzoneManagerDoubleBuffer (OzoneManagerDoubleBuffer.java:flushTransactions(357)) - OMDoubleBuffer flush thread OMDoubleBufferFlushThread is interrupted and will exit. OMDoubleBufferFlushThread
2020-07-01 01:09:25,200 [Listener at localhost/11866] INFO  ratis.OzoneManagerStateMachine (HadoopExecutors.java:shutdown(118)) - Gracefully shutting down executor service. Waiting max 5 SECONDS
2020-07-01 01:09:25,200 [Listener at localhost/11866] INFO  ratis.OzoneManagerStateMachine (HadoopExecutors.java:shutdown(129)) - Succesfully shutdown executor service
2020-07-01 01:09:25,200 [Listener at localhost/11866] INFO  ratis.OzoneManagerStateMachine (HadoopExecutors.java:shutdown(118)) - Gracefully shutting down executor service. Waiting max 5 SECONDS
2020-07-01 01:09:25,200 [Listener at localhost/11866] INFO  ratis.OzoneManagerStateMachine (HadoopExecutors.java:shutdown(129)) - Succesfully shutdown executor service
2020-07-01 01:09:25,200 [Listener at localhost/11866] INFO  utils.BackgroundService (BackgroundService.java:shutdown(157)) - Shutting down service KeyDeletingService
2020-07-01 01:09:25,201 [Listener at localhost/11866] INFO  handler.ContextHandler (ContextHandler.java:doStop(1016)) - Stopped o.e.j.w.WebAppContext@46cc24a5{ozoneManager,/,null,UNAVAILABLE}{file:/github/workspace/mnt/ozone/hadoop-ozone/integration-test/target/test-classes/webapps/ozoneManager}
2020-07-01 01:09:25,203 [grpc-default-executor-10] INFO  impl.FollowerInfo (FollowerInfo.java:lambda$new$0(51)) - omNode-1@group-523986131536->omNode-3: nextIndex: updateUnconditionally 545 -> 544
2020-07-01 01:09:25,203 [Listener at localhost/11866] INFO  server.AbstractConnector (AbstractConnector.java:doStop(380)) - Stopped ServerConnector@27c934ae{HTTP/1.1,[http/1.1]}{0.0.0.0:11874}
2020-07-01 01:09:25,203 [Listener at localhost/11866] INFO  server.session (HouseKeeper.java:stopScavenging(158)) - node0 Stopped scavenging
2020-07-01 01:09:25,204 [Listener at localhost/11866] INFO  handler.ContextHandler (ContextHandler.java:doStop(1016)) - Stopped o.e.j.s.ServletContextHandler@71d56a69{static,/static,file:///github/workspace/mnt/ozone/hadoop-ozone/integration-test/target/test-classes/webapps/static,UNAVAILABLE}
2020-07-01 01:09:25,204 [Listener at localhost/11866] INFO  handler.ContextHandler (ContextHandler.java:doStop(1016)) - Stopped o.e.j.s.ServletContextHandler@e732e20{logs,/logs,file:///github/workspace/mnt/ozone/hadoop-ozone/integration-test/target/log,UNAVAILABLE}
2020-07-01 01:09:25,207 [Listener at localhost/11866] INFO  ozone.MiniOzoneHAClusterImpl (MiniOzoneHAClusterImpl.java:stop(230)) - Stopping the OzoneManager omNode-1
2020-07-01 01:09:25,208 [Listener at localhost/11866] INFO  ipc.Server (Server.java:stop(3359)) - Stopping server on 11860
2020-07-01 01:09:25,210 [IPC Server listener on 11860] INFO  ipc.Server (Server.java:run(1330)) - Stopping IPC Server listener on 11860
2020-07-01 01:09:25,210 [IPC Server Responder] INFO  ipc.Server (Server.java:run(1465)) - Stopping IPC Server Responder
2020-07-01 01:09:25,210 [Listener at localhost/11866] INFO  impl.RaftServerProxy (RaftServerProxy.java:lambda$close$4(319)) - omNode-1: close
2020-07-01 01:09:25,210 [Listener at localhost/11866] INFO  impl.RaftServerImpl (RaftServerImpl.java:lambda$shutdown$3(252)) - omNode-1@group-523986131536: shutdown
2020-07-01 01:09:25,210 [Listener at localhost/11866] INFO  util.JmxRegister (JmxRegister.java:unregister(73)) - Successfully un-registered JMX Bean with object name Ratis:service=RaftServer,group=group-523986131536,id=omNode-1
2020-07-01 01:09:25,210 [Listener at localhost/11866] INFO  impl.RoleInfo (RoleInfo.java:shutdownLeaderState(104)) - omNode-1: shutdown LeaderState
2020-07-01 01:09:25,211 [Listener at localhost/11866] INFO  metrics.RatisMetrics (RatisMetrics.java:unregister(43)) - Unregistering Metrics Registry : ratis_grpc.log_appender.omNode-1@group-523986131536
2020-07-01 01:09:25,211 [Listener at localhost/11866] INFO  metrics.RatisMetrics (RatisMetrics.java:unregister(43)) - Unregistering Metrics Registry : ratis_grpc.log_appender.omNode-1@group-523986131536
2020-07-01 01:09:25,211 [org.apache.ratis.server.impl.LogAppender$AppenderDaemon$$Lambda$336/202934955@5fd8f33f] WARN  server.GrpcLogAppender (GrpcLogAppender.java:mayWait(153)) - omNode-1@group-523986131536->omNode-3-GrpcLogAppender: Wait interrupted by java.lang.InterruptedException
2020-07-01 01:09:25,212 [Listener at localhost/11866] INFO  impl.PendingRequests (PendingRequests.java:sendNotLeaderResponses(249)) - omNode-1@group-523986131536-PendingRequests: sendNotLeaderResponses
2020-07-01 01:09:25,212 [org.apache.ratis.server.impl.LogAppender$AppenderDaemon$$Lambda$336/202934955@35e3efe4] WARN  server.GrpcLogAppender (GrpcLogAppender.java:mayWait(153)) - omNode-1@group-523986131536->omNode-2-GrpcLogAppender: Wait interrupted by java.lang.InterruptedException
2020-07-01 01:09:25,212 [grpc-default-executor-10] INFO  server.GrpcServerProtocolService (GrpcServerProtocolService.java:onCompleted(138)) - omNode-2: Completed APPEND_ENTRIES, lastRequest: omNode-1->omNode-2#1032-t1, previous=(t:1, i:44), leaderCommit=544, initializing? false, entries: size=500, first=(t:1, i:45), STATEMACHINELOGENTRY, client-6E5155DBE9B8, cid=344
2020-07-01 01:09:25,213 [grpc-default-executor-10] INFO  server.GrpcLogAppender (GrpcLogAppender.java:onCompleted(319)) - omNode-1@group-523986131536->omNode-2-AppendLogResponseHandler: follower responses appendEntries COMPLETED
2020-07-01 01:09:25,214 [grpc-default-executor-10] INFO  impl.FollowerInfo (FollowerInfo.java:lambda$new$0(51)) - omNode-1@group-523986131536->omNode-2: nextIndex: updateUnconditionally 545 -> 45
2020-07-01 01:09:25,214 [Listener at localhost/11866] INFO  metrics.RatisMetrics (RatisMetrics.java:unregister(43)) - Unregistering Metrics Registry : ratis.log_appender.omNode-1@group-523986131536
2020-07-01 01:09:25,215 [Listener at localhost/11866] INFO  metrics.RatisMetrics (RatisMetrics.java:unregister(43)) - Unregistering Metrics Registry : ratis.server.omNode-1@group-523986131536
2020-07-01 01:09:25,216 [Listener at localhost/11866] INFO  impl.StateMachineUpdater (StateMachineUpdater.java:stopAndJoin(142)) - omNode-1@group-523986131536-StateMachineUpdater: set stopIndex = 544
2020-07-01 01:09:25,221 [omNode-1@group-523986131536-StateMachineUpdater] INFO  ratis.OzoneManagerStateMachine (OzoneManagerStateMachine.java:takeSnapshot(355)) - Current Snapshot Index (t:1, i:544)
2020-07-01 01:09:25,221 [omNode-1@group-523986131536-StateMachineUpdater] INFO  impl.StateMachineUpdater (StateMachineUpdater.java:takeSnapshot(277)) - omNode-1@group-523986131536-StateMachineUpdater: Took a snapshot at index 544
2020-07-01 01:09:25,221 [omNode-1@group-523986131536-StateMachineUpdater] INFO  impl.StateMachineUpdater (StateMachineUpdater.java:lambda$new$0(87)) - omNode-1@group-523986131536-StateMachineUpdater: snapshotIndex: updateIncreasingly 498 -> 544
2020-07-01 01:09:25,221 [omNode-1@group-523986131536-StateMachineUpdater] INFO  raftlog.RaftLog (RaftLog.java:purge(377)) - omNode-1@group-523986131536-SegmentedRaftLog: purge 544
2020-07-01 01:09:25,221 [omNode-1@group-523986131536-StateMachineUpdater] INFO  metrics.RatisMetrics (RatisMetrics.java:unregister(43)) - Unregistering Metrics Registry : ratis.state_machine.omNode-1@group-523986131536
2020-07-01 01:09:25,222 [omNode-1@group-523986131536-SegmentedRaftLogWorker] INFO  raftlog.RaftLog (RaftLog.java:lambda$new$0(61)) - omNode-1@group-523986131536-SegmentedRaftLog: purgeIndex: updateToMax old=-1, new=520, updated? true
2020-07-01 01:09:25,222 [Listener at localhost/11866] INFO  impl.RaftServerImpl (ServerState.java:close(387)) - omNode-1@group-523986131536: closes. applyIndex: 544
2020-07-01 01:09:25,222 [omNode-1@group-523986131536-SegmentedRaftLogWorker] INFO  segmented.SegmentedRaftLogWorker (SegmentedRaftLogWorker.java:run(327)) - omNode-1@group-523986131536-SegmentedRaftLogWorker was interrupted, exiting. There are 0 tasks remaining in the queue.
2020-07-01 01:09:25,222 [Listener at localhost/11866] INFO  segmented.SegmentedRaftLogWorker (SegmentedRaftLogWorker.java:close(234)) - omNode-1@group-523986131536-SegmentedRaftLogWorker close()
2020-07-01 01:09:25,225 [Listener at localhost/11866] INFO  metrics.RatisMetrics (RatisMetrics.java:unregister(43)) - Unregistering Metrics Registry : ratis.log_worker.omNode-1@group-523986131536
2020-07-01 01:09:25,225 [Listener at localhost/11866] INFO  metrics.RatisMetrics (RatisMetrics.java:unregister(43)) - Unregistering Metrics Registry : ratis.leader_election.omNode-1@group-523986131536
2020-07-01 01:09:25,225 [Listener at localhost/11866] INFO  metrics.RatisMetrics (RatisMetrics.java:unregister(43)) - Unregistering Metrics Registry : ratis.server.omNode-1@group-523986131536
2020-07-01 01:09:25,226 [Listener at localhost/11866] INFO  server.GrpcService (GrpcService.java:closeImpl(166)) - omNode-1: shutdown server with port 11864 now
2020-07-01 01:09:25,226 [Listener at localhost/11866] INFO  server.GrpcService (GrpcService.java:closeImpl(174)) - omNode-1: shutdown server with port 11864 successfully
2020-07-01 01:09:25,226 [Listener at localhost/11866] INFO  ratis.OzoneManagerDoubleBuffer (OzoneManagerDoubleBuffer.java:stop(458)) - Stopping OMDoubleBuffer flush thread
2020-07-01 01:09:25,226 [OMDoubleBufferFlushThread] INFO  ratis.OzoneManagerDoubleBuffer (OzoneManagerDoubleBuffer.java:flushTransactions(357)) - OMDoubleBuffer flush thread OMDoubleBufferFlushThread is interrupted and will exit. OMDoubleBufferFlushThread
2020-07-01 01:09:25,226 [Listener at localhost/11866] INFO  ratis.OzoneManagerStateMachine (HadoopExecutors.java:shutdown(118)) - Gracefully shutting down executor service. Waiting max 5 SECONDS
2020-07-01 01:09:25,226 [Listener at localhost/11866] INFO  ratis.OzoneManagerStateMachine (HadoopExecutors.java:shutdown(129)) - Succesfully shutdown executor service
2020-07-01 01:09:25,226 [Listener at localhost/11866] INFO  ratis.OzoneManagerStateMachine (HadoopExecutors.java:shutdown(118)) - Gracefully shutting down executor service. Waiting max 5 SECONDS
2020-07-01 01:09:25,226 [Listener at localhost/11866] INFO  ratis.OzoneManagerStateMachine (HadoopExecutors.java:shutdown(129)) - Succesfully shutdown executor service
2020-07-01 01:09:25,226 [Listener at localhost/11866] INFO  utils.BackgroundService (BackgroundService.java:shutdown(157)) - Shutting down service KeyDeletingService
2020-07-01 01:09:25,227 [Listener at localhost/11866] INFO  handler.ContextHandler (ContextHandler.java:doStop(1016)) - Stopped o.e.j.w.WebAppContext@6ac0c53d{ozoneManager,/,null,UNAVAILABLE}{file:/github/workspace/mnt/ozone/hadoop-ozone/integration-test/target/test-classes/webapps/ozoneManager}
2020-07-01 01:09:25,228 [Listener at localhost/11866] INFO  server.AbstractConnector (AbstractConnector.java:doStop(380)) - Stopped ServerConnector@34c1cf18{HTTP/1.1,[http/1.1]}{0.0.0.0:11862}
2020-07-01 01:09:25,228 [Listener at localhost/11866] INFO  server.session (HouseKeeper.java:stopScavenging(158)) - node0 Stopped scavenging
2020-07-01 01:09:25,228 [Listener at localhost/11866] INFO  handler.ContextHandler (ContextHandler.java:doStop(1016)) - Stopped o.e.j.s.ServletContextHandler@1673c49d{static,/static,file:///github/workspace/mnt/ozone/hadoop-ozone/integration-test/target/test-classes/webapps/static,UNAVAILABLE}
2020-07-01 01:09:25,228 [Listener at localhost/11866] INFO  handler.ContextHandler (ContextHandler.java:doStop(1016)) - Stopped o.e.j.s.ServletContextHandler@181adcf6{logs,/logs,file:///github/workspace/mnt/ozone/hadoop-ozone/integration-test/target/log,UNAVAILABLE}
2020-07-01 01:09:25,230 [Listener at localhost/11866] INFO  ozone.MiniOzoneHAClusterImpl (MiniOzoneHAClusterImpl.java:stop(230)) - Stopping the OzoneManager omNode-2
2020-07-01 01:09:25,230 [Listener at localhost/11866] INFO  ipc.Server (Server.java:stop(3359)) - Stopping server on 11866
2020-07-01 01:09:25,232 [IPC Server listener on 11866] INFO  ipc.Server (Server.java:run(1330)) - Stopping IPC Server listener on 11866
2020-07-01 01:09:25,232 [IPC Server Responder] INFO  ipc.Server (Server.java:run(1465)) - Stopping IPC Server Responder
2020-07-01 01:09:25,232 [Listener at localhost/11866] INFO  impl.RaftServerProxy (RaftServerProxy.java:lambda$close$4(319)) - omNode-2: close
2020-07-01 01:09:25,232 [Listener at localhost/11866] INFO  impl.RaftServerImpl (RaftServerImpl.java:lambda$shutdown$3(252)) - omNode-2@group-523986131536: shutdown
2020-07-01 01:09:25,232 [Listener at localhost/11866] INFO  util.JmxRegister (JmxRegister.java:unregister(73)) - Successfully un-registered JMX Bean with object name Ratis:service=RaftServer,group=group-523986131536,id=omNode-2
2020-07-01 01:09:25,232 [Listener at localhost/11866] INFO  impl.RoleInfo (RoleInfo.java:shutdownFollowerState(121)) - omNode-2: shutdown FollowerState
2020-07-01 01:09:25,233 [Thread-5369] INFO  impl.FollowerState (FollowerState.java:run(117)) - omNode-2@group-523986131536-FollowerState was interrupted: java.lang.InterruptedException: sleep interrupted
2020-07-01 01:09:25,233 [Listener at localhost/11866] INFO  impl.StateMachineUpdater (StateMachineUpdater.java:stopAndJoin(142)) - omNode-2@group-523986131536-StateMachineUpdater: set stopIndex = 520
2020-07-01 01:09:25,233 [omNode-2@group-523986131536-StateMachineUpdater] INFO  ratis.OzoneManagerStateMachine (OzoneManagerStateMachine.java:takeSnapshot(355)) - Current Snapshot Index (t:1, i:520)
2020-07-01 01:09:25,233 [omNode-2@group-523986131536-StateMachineUpdater] INFO  impl.StateMachineUpdater (StateMachineUpdater.java:takeSnapshot(277)) - omNode-2@group-523986131536-StateMachineUpdater: Took a snapshot at index 520
2020-07-01 01:09:25,233 [omNode-2@group-523986131536-StateMachineUpdater] INFO  impl.StateMachineUpdater (StateMachineUpdater.java:lambda$new$0(87)) - omNode-2@group-523986131536-StateMachineUpdater: snapshotIndex: updateIncreasingly 470 -> 520
2020-07-01 01:09:25,233 [omNode-2@group-523986131536-StateMachineUpdater] INFO  raftlog.RaftLog (RaftLog.java:purge(377)) - omNode-2@group-523986131536-SegmentedRaftLog: purge 520
2020-07-01 01:09:25,233 [omNode-2@group-523986131536-StateMachineUpdater] INFO  raftlog.RaftLog (RaftLog.java:lambda$new$0(61)) - omNode-2@group-523986131536-SegmentedRaftLog: purgeIndex: updateToMax old=446, new=520, updated? true
2020-07-01 01:09:25,233 [omNode-2@group-523986131536-StateMachineUpdater] INFO  metrics.RatisMetrics (RatisMetrics.java:unregister(43)) - Unregistering Metrics Registry : ratis.state_machine.omNode-2@group-523986131536
2020-07-01 01:09:25,236 [Listener at localhost/11866] INFO  impl.RaftServerImpl (ServerState.java:close(387)) - omNode-2@group-523986131536: closes. applyIndex: 520
2020-07-01 01:09:25,236 [omNode-2@group-523986131536-SegmentedRaftLogWorker] INFO  segmented.SegmentedRaftLogWorker (SegmentedRaftLogWorker.java:run(327)) - omNode-2@group-523986131536-SegmentedRaftLogWorker was interrupted, exiting. There are 0 tasks remaining in the queue.
2020-07-01 01:09:25,237 [Listener at localhost/11866] INFO  segmented.SegmentedRaftLogWorker (SegmentedRaftLogWorker.java:close(234)) - omNode-2@group-523986131536-SegmentedRaftLogWorker close()
2020-07-01 01:09:25,237 [Listener at localhost/11866] INFO  metrics.RatisMetrics (RatisMetrics.java:unregister(43)) - Unregistering Metrics Registry : ratis.log_worker.omNode-2@group-523986131536
2020-07-01 01:09:25,237 [Listener at localhost/11866] INFO  metrics.RatisMetrics (RatisMetrics.java:unregister(43)) - Unregistering Metrics Registry : ratis.leader_election.omNode-2@group-523986131536
2020-07-01 01:09:25,238 [Listener at localhost/11866] INFO  metrics.RatisMetrics (RatisMetrics.java:unregister(43)) - Unregistering Metrics Registry : ratis.server.omNode-2@group-523986131536
2020-07-01 01:09:25,238 [Listener at localhost/11866] INFO  server.GrpcService (GrpcService.java:closeImpl(166)) - omNode-2: shutdown server with port 11870 now
2020-07-01 01:09:25,238 [Listener at localhost/11866] INFO  server.GrpcService (GrpcService.java:closeImpl(174)) - omNode-2: shutdown server with port 11870 successfully
2020-07-01 01:09:25,238 [Listener at localhost/11866] INFO  ratis.OzoneManagerDoubleBuffer (OzoneManagerDoubleBuffer.java:stop(458)) - Stopping OMDoubleBuffer flush thread
2020-07-01 01:09:25,238 [OMDoubleBufferFlushThread] INFO  ratis.OzoneManagerDoubleBuffer (OzoneManagerDoubleBuffer.java:flushTransactions(357)) - OMDoubleBuffer flush thread OMDoubleBufferFlushThread is interrupted and will exit. OMDoubleBufferFlushThread
2020-07-01 01:09:25,239 [Listener at localhost/11866] INFO  ratis.OzoneManagerStateMachine (HadoopExecutors.java:shutdown(118)) - Gracefully shutting down executor service. Waiting max 5 SECONDS
2020-07-01 01:09:25,239 [Listener at localhost/11866] INFO  ratis.OzoneManagerStateMachine (HadoopExecutors.java:shutdown(129)) - Succesfully shutdown executor service
2020-07-01 01:09:25,239 [Listener at localhost/11866] INFO  ratis.OzoneManagerStateMachine (HadoopExecutors.java:shutdown(118)) - Gracefully shutting down executor service. Waiting max 5 SECONDS
2020-07-01 01:09:25,239 [Listener at localhost/11866] INFO  ratis.OzoneManagerStateMachine (HadoopExecutors.java:shutdown(129)) - Succesfully shutdown executor service
2020-07-01 01:09:25,239 [Listener at localhost/11866] INFO  handler.ContextHandler (ContextHandler.java:doStop(1016)) - Stopped o.e.j.w.WebAppContext@a4710f7{ozoneManager,/,null,UNAVAILABLE}{file:/github/workspace/mnt/ozone/hadoop-ozone/integration-test/target/test-classes/webapps/ozoneManager}
2020-07-01 01:09:25,240 [Listener at localhost/11866] INFO  server.AbstractConnector (AbstractConnector.java:doStop(380)) - Stopped ServerConnector@35d85dd2{HTTP/1.1,[http/1.1]}{0.0.0.0:11868}
2020-07-01 01:09:25,240 [Listener at localhost/11866] INFO  server.session (HouseKeeper.java:stopScavenging(158)) - node0 Stopped scavenging
2020-07-01 01:09:25,240 [Listener at localhost/11866] INFO  handler.ContextHandler (ContextHandler.java:doStop(1016)) - Stopped o.e.j.s.ServletContextHandler@1279dbc9{static,/static,file:///github/workspace/mnt/ozone/hadoop-ozone/integration-test/target/test-classes/webapps/static,UNAVAILABLE}
2020-07-01 01:09:25,240 [Listener at localhost/11866] INFO  handler.ContextHandler (ContextHandler.java:doStop(1016)) - Stopped o.e.j.s.ServletContextHandler@826ef84{logs,/logs,file:///github/workspace/mnt/ozone/hadoop-ozone/integration-test/target/log,UNAVAILABLE}
2020-07-01 01:09:25,242 [Listener at localhost/11866] INFO  ozone.MiniOzoneClusterImpl (MiniOzoneClusterImpl.java:stop(402)) - Stopping the Mini Ozone Cluster
2020-07-01 01:09:25,242 [Listener at localhost/11866] INFO  ozone.MiniOzoneClusterImpl (MiniOzoneClusterImpl.java:stopDatanodes(461)) - Stopping the HddsDatanodes
2020-07-01 01:09:25,418 [Datanode State Machine Thread - 0] INFO  statemachine.DatanodeStateMachine (DatanodeStateMachine.java:lambda$startDaemon$0(380)) - Ozone container server started.
2020-07-01 01:09:25,631 [Datanode State Machine Thread - 0] INFO  statemachine.DatanodeStateMachine (DatanodeStateMachine.java:lambda$startDaemon$0(380)) - Ozone container server started.
2020-07-01 01:09:27,050 [grpc-default-executor-10] DEBUG server.GrpcLogAppender (GrpcLogAppender.java:onNext(257)) - 69db720a-335e-417f-9e4d-9b6daaea3d10@group-304D1CDEA4AC->40524df2-78a3-4e4e-9ceb-ad6c0599eecc-AppendLogResponseHandler: received a reply 69db720a-335e-417f-9e4d-9b6daaea3d10<-40524df2-78a3-4e4e-9ceb-ad6c0599eecc#84:OK,SUCCESS,nextIndex:1,term:1,followerCommit:0, request=AppendEntriesRequest:cid=84,entriesCount=0,lastEntry=null
2020-07-01 01:09:27,051 [grpc-default-executor-10] DEBUG server.GrpcLogAppender (GrpcLogAppender.java:onNext(257)) - 69db720a-335e-417f-9e4d-9b6daaea3d10@group-304D1CDEA4AC->5f570ae4-9456-445c-93e3-9355377d8e07-AppendLogResponseHandler: received a reply 69db720a-335e-417f-9e4d-9b6daaea3d10<-5f570ae4-9456-445c-93e3-9355377d8e07#84:OK,SUCCESS,nextIndex:1,term:1,followerCommit:0, request=AppendEntriesRequest:cid=84,entriesCount=0,lastEntry=null
2020-07-01 01:09:29,551 [grpc-default-executor-10] DEBUG server.GrpcLogAppender (GrpcLogAppender.java:onNext(257)) - 69db720a-335e-417f-9e4d-9b6daaea3d10@group-304D1CDEA4AC->40524df2-78a3-4e4e-9ceb-ad6c0599eecc-AppendLogResponseHandler: received a reply 69db720a-335e-417f-9e4d-9b6daaea3d10<-40524df2-78a3-4e4e-9ceb-ad6c0599eecc#85:OK,SUCCESS,nextIndex:1,term:1,followerCommit:0, request=AppendEntriesRequest:cid=85,entriesCount=0,lastEntry=null
2020-07-01 01:09:29,552 [grpc-default-executor-10] DEBUG server.GrpcLogAppender (GrpcLogAppender.java:onNext(257)) - 69db720a-335e-417f-9e4d-9b6daaea3d10@group-304D1CDEA4AC->5f570ae4-9456-445c-93e3-9355377d8e07-AppendLogResponseHandler: received a reply 69db720a-335e-417f-9e4d-9b6daaea3d10<-5f570ae4-9456-445c-93e3-9355377d8e07#85:OK,SUCCESS,nextIndex:1,term:1,followerCommit:0, request=AppendEntriesRequest:cid=85,entriesCount=0,lastEntry=null
2020-07-01 01:09:30,243 [Listener at localhost/11866] INFO  ozoneimpl.OzoneContainer (OzoneContainer.java:stop(246)) - Attempting to stop container services.
2020-07-01 01:09:30,243 [Listener at localhost/11866] INFO  impl.RaftServerProxy (RaftServerProxy.java:lambda$close$4(319)) - 69db720a-335e-417f-9e4d-9b6daaea3d10: close
2020-07-01 01:09:30,244 [ForkJoinPool.commonPool-worker-0] INFO  ozoneimpl.OzoneContainer (OzoneContainer.java:stop(246)) - Attempting to stop container services.
2020-07-01 01:09:30,244 [Listener at localhost/11866] INFO  impl.RaftServerImpl (RaftServerImpl.java:lambda$shutdown$3(252)) - 69db720a-335e-417f-9e4d-9b6daaea3d10@group-3E57BA319AF7: shutdown
2020-07-01 01:09:30,244 [Listener at localhost/11866] INFO  util.JmxRegister (JmxRegister.java:unregister(73)) - Successfully un-registered JMX Bean with object name Ratis:service=RaftServer,group=group-3E57BA319AF7,id=69db720a-335e-417f-9e4d-9b6daaea3d10
2020-07-01 01:09:30,244 [Listener at localhost/11866] INFO  impl.RoleInfo (RoleInfo.java:shutdownLeaderState(104)) - 69db720a-335e-417f-9e4d-9b6daaea3d10: shutdown LeaderState
2020-07-01 01:09:30,244 [Listener at localhost/11866] INFO  impl.PendingRequests (PendingRequests.java:sendNotLeaderResponses(249)) - 69db720a-335e-417f-9e4d-9b6daaea3d10@group-3E57BA319AF7-PendingRequests: sendNotLeaderResponses
2020-07-01 01:09:30,244 [ForkJoinPool.commonPool-worker-0] INFO  impl.RaftServerProxy (RaftServerProxy.java:lambda$close$4(319)) - 5f570ae4-9456-445c-93e3-9355377d8e07: close
2020-07-01 01:09:30,244 [Listener at localhost/11866] INFO  metrics.RatisMetrics (RatisMetrics.java:unregister(43)) - Unregistering Metrics Registry : ratis.log_appender.69db720a-335e-417f-9e4d-9b6daaea3d10@group-3E57BA319AF7
2020-07-01 01:09:30,245 [ForkJoinPool.commonPool-worker-0] INFO  impl.RaftServerImpl (RaftServerImpl.java:lambda$shutdown$3(252)) - 5f570ae4-9456-445c-93e3-9355377d8e07@group-95C53215FDEF: shutdown
2020-07-01 01:09:30,245 [ForkJoinPool.commonPool-worker-0] INFO  util.JmxRegister (JmxRegister.java:unregister(73)) - Successfully un-registered JMX Bean with object name Ratis:service=RaftServer,group=group-95C53215FDEF,id=5f570ae4-9456-445c-93e3-9355377d8e07
2020-07-01 01:09:30,245 [ForkJoinPool.commonPool-worker-0] INFO  impl.RoleInfo (RoleInfo.java:shutdownLeaderState(104)) - 5f570ae4-9456-445c-93e3-9355377d8e07: shutdown LeaderState
2020-07-01 01:09:30,245 [Listener at localhost/11866] INFO  metrics.RatisMetrics (RatisMetrics.java:unregister(43)) - Unregistering Metrics Registry : ratis.server.69db720a-335e-417f-9e4d-9b6daaea3d10@group-3E57BA319AF7
2020-07-01 01:09:30,245 [ForkJoinPool.commonPool-worker-0] INFO  impl.PendingRequests (PendingRequests.java:sendNotLeaderResponses(249)) - 5f570ae4-9456-445c-93e3-9355377d8e07@group-95C53215FDEF-PendingRequests: sendNotLeaderResponses
2020-07-01 01:09:30,246 [ForkJoinPool.commonPool-worker-0] INFO  metrics.RatisMetrics (RatisMetrics.java:unregister(43)) - Unregistering Metrics Registry : ratis.log_appender.5f570ae4-9456-445c-93e3-9355377d8e07@group-95C53215FDEF
2020-07-01 01:09:30,246 [ForkJoinPool.commonPool-worker-0] INFO  metrics.RatisMetrics (RatisMetrics.java:unregister(43)) - Unregistering Metrics Registry : ratis.server.5f570ae4-9456-445c-93e3-9355377d8e07@group-95C53215FDEF
2020-07-01 01:09:30,248 [5f570ae4-9456-445c-93e3-9355377d8e07@group-95C53215FDEF-StateMachineUpdater] INFO  ratis.ContainerStateMachine (ContainerStateMachine.java:takeSnapshot(294)) - group-95C53215FDEF: Taking a snapshot at:(t:1, i:0) file /github/workspace/mnt/ozone/hadoop-ozone/integration-test/target/test-dir/MiniOzoneClusterImpl-f77758f3-7054-4a66-83a1-d2ef3e95fe09/datanode-0/data/ratis/a856c81c-fe61-453d-8bb2-95c53215fdef/sm/snapshot.1_0
2020-07-01 01:09:30,248 [ForkJoinPool.commonPool-worker-0] INFO  impl.StateMachineUpdater (StateMachineUpdater.java:stopAndJoin(142)) - 5f570ae4-9456-445c-93e3-9355377d8e07@group-95C53215FDEF-StateMachineUpdater: set stopIndex = 0
2020-07-01 01:09:30,249 [Listener at localhost/11866] INFO  impl.StateMachineUpdater (StateMachineUpdater.java:stopAndJoin(142)) - 69db720a-335e-417f-9e4d-9b6daaea3d10@group-3E57BA319AF7-StateMachineUpdater: set stopIndex = 0
2020-07-01 01:09:30,250 [5f570ae4-9456-445c-93e3-9355377d8e07@group-95C53215FDEF-StateMachineUpdater] INFO  ratis.ContainerStateMachine (ContainerStateMachine.java:takeSnapshot(305)) - group-95C53215FDEF: Finished taking a snapshot at:(t:1, i:0) file:/github/workspace/mnt/ozone/hadoop-ozone/integration-test/target/test-dir/MiniOzoneClusterImpl-f77758f3-7054-4a66-83a1-d2ef3e95fe09/datanode-0/data/ratis/a856c81c-fe61-453d-8bb2-95c53215fdef/sm/snapshot.1_0 time:2
2020-07-01 01:09:30,250 [5f570ae4-9456-445c-93e3-9355377d8e07@group-95C53215FDEF-StateMachineUpdater] INFO  impl.StateMachineUpdater (StateMachineUpdater.java:takeSnapshot(277)) - 5f570ae4-9456-445c-93e3-9355377d8e07@group-95C53215FDEF-StateMachineUpdater: Took a snapshot at index 0
2020-07-01 01:09:30,250 [5f570ae4-9456-445c-93e3-9355377d8e07@group-95C53215FDEF-StateMachineUpdater] INFO  impl.StateMachineUpdater (StateMachineUpdater.java:lambda$new$0(87)) - 5f570ae4-9456-445c-93e3-9355377d8e07@group-95C53215FDEF-StateMachineUpdater: snapshotIndex: updateIncreasingly -1 -> 0
2020-07-01 01:09:30,250 [5f570ae4-9456-445c-93e3-9355377d8e07@group-95C53215FDEF-StateMachineUpdater] INFO  metrics.RatisMetrics (RatisMetrics.java:unregister(43)) - Unregistering Metrics Registry : ratis.state_machine.5f570ae4-9456-445c-93e3-9355377d8e07@group-95C53215FDEF
2020-07-01 01:09:30,250 [69db720a-335e-417f-9e4d-9b6daaea3d10@group-3E57BA319AF7-StateMachineUpdater] INFO  ratis.ContainerStateMachine (ContainerStateMachine.java:takeSnapshot(294)) - group-3E57BA319AF7: Taking a snapshot at:(t:1, i:0) file /github/workspace/mnt/ozone/hadoop-ozone/integration-test/target/test-dir/MiniOzoneClusterImpl-f77758f3-7054-4a66-83a1-d2ef3e95fe09/datanode-1/data/ratis/3813fbde-8fd8-4640-b471-3e57ba319af7/sm/snapshot.1_0
2020-07-01 01:09:30,250 [ForkJoinPool.commonPool-worker-0] INFO  impl.RaftServerImpl (ServerState.java:close(387)) - 5f570ae4-9456-445c-93e3-9355377d8e07@group-95C53215FDEF: closes. applyIndex: 0
2020-07-01 01:09:30,250 [5f570ae4-9456-445c-93e3-9355377d8e07@group-95C53215FDEF-SegmentedRaftLogWorker] INFO  segmented.SegmentedRaftLogWorker (SegmentedRaftLogWorker.java:run(327)) - 5f570ae4-9456-445c-93e3-9355377d8e07@group-95C53215FDEF-SegmentedRaftLogWorker was interrupted, exiting. There are 0 tasks remaining in the queue.
2020-07-01 01:09:30,251 [ForkJoinPool.commonPool-worker-0] INFO  segmented.SegmentedRaftLogWorker (SegmentedRaftLogWorker.java:close(234)) - 5f570ae4-9456-445c-93e3-9355377d8e07@group-95C53215FDEF-SegmentedRaftLogWorker close()
2020-07-01 01:09:30,251 [69db720a-335e-417f-9e4d-9b6daaea3d10@group-3E57BA319AF7-StateMachineUpdater] INFO  ratis.ContainerStateMachine (ContainerStateMachine.java:takeSnapshot(305)) - group-3E57BA319AF7: Finished taking a snapshot at:(t:1, i:0) file:/github/workspace/mnt/ozone/hadoop-ozone/integration-test/target/test-dir/MiniOzoneClusterImpl-f77758f3-7054-4a66-83a1-d2ef3e95fe09/datanode-1/data/ratis/3813fbde-8fd8-4640-b471-3e57ba319af7/sm/snapshot.1_0 time:1
2020-07-01 01:09:30,252 [69db720a-335e-417f-9e4d-9b6daaea3d10@group-3E57BA319AF7-StateMachineUpdater] INFO  impl.StateMachineUpdater (StateMachineUpdater.java:takeSnapshot(277)) - 69db720a-335e-417f-9e4d-9b6daaea3d10@group-3E57BA319AF7-StateMachineUpdater: Took a snapshot at index 0
2020-07-01 01:09:30,252 [69db720a-335e-417f-9e4d-9b6daaea3d10@group-3E57BA319AF7-StateMachineUpdater] INFO  impl.StateMachineUpdater (StateMachineUpdater.java:lambda$new$0(87)) - 69db720a-335e-417f-9e4d-9b6daaea3d10@group-3E57BA319AF7-StateMachineUpdater: snapshotIndex: updateIncreasingly -1 -> 0
2020-07-01 01:09:30,252 [69db720a-335e-417f-9e4d-9b6daaea3d10@group-3E57BA319AF7-StateMachineUpdater] INFO  metrics.RatisMetrics (RatisMetrics.java:unregister(43)) - Unregistering Metrics Registry : ratis.state_machine.69db720a-335e-417f-9e4d-9b6daaea3d10@group-3E57BA319AF7
2020-07-01 01:09:30,252 [Listener at localhost/11866] INFO  impl.RaftServerImpl (ServerState.java:close(387)) - 69db720a-335e-417f-9e4d-9b6daaea3d10@group-3E57BA319AF7: closes. applyIndex: 0
2020-07-01 01:09:30,253 [69db720a-335e-417f-9e4d-9b6daaea3d10@group-3E57BA319AF7-SegmentedRaftLogWorker] INFO  segmented.SegmentedRaftLogWorker (SegmentedRaftLogWorker.java:run(327)) - 69db720a-335e-417f-9e4d-9b6daaea3d10@group-3E57BA319AF7-SegmentedRaftLogWorker was interrupted, exiting. There are 0 tasks remaining in the queue.
2020-07-01 01:09:30,252 [ForkJoinPool.commonPool-worker-0] INFO  metrics.RatisMetrics (RatisMetrics.java:unregister(43)) - Unregistering Metrics Registry : ratis.log_worker.5f570ae4-9456-445c-93e3-9355377d8e07@group-95C53215FDEF
2020-07-01 01:09:30,253 [Listener at localhost/11866] INFO  segmented.SegmentedRaftLogWorker (SegmentedRaftLogWorker.java:close(234)) - 69db720a-335e-417f-9e4d-9b6daaea3d10@group-3E57BA319AF7-SegmentedRaftLogWorker close()
2020-07-01 01:09:30,253 [ForkJoinPool.commonPool-worker-0] INFO  metrics.RatisMetrics (RatisMetrics.java:unregister(43)) - Unregistering Metrics Registry : ratis.leader_election.5f570ae4-9456-445c-93e3-9355377d8e07@group-95C53215FDEF
2020-07-01 01:09:30,254 [ForkJoinPool.commonPool-worker-0] INFO  metrics.RatisMetrics (RatisMetrics.java:unregister(43)) - Unregistering Metrics Registry : ratis.server.5f570ae4-9456-445c-93e3-9355377d8e07@group-95C53215FDEF
2020-07-01 01:09:30,254 [ForkJoinPool.commonPool-worker-0] INFO  impl.RaftServerImpl (RaftServerImpl.java:lambda$shutdown$3(252)) - 5f570ae4-9456-445c-93e3-9355377d8e07@group-304D1CDEA4AC: shutdown
2020-07-01 01:09:30,254 [ForkJoinPool.commonPool-worker-0] INFO  util.JmxRegister (JmxRegister.java:unregister(73)) - Successfully un-registered JMX Bean with object name Ratis:service=RaftServer,group=group-304D1CDEA4AC,id=5f570ae4-9456-445c-93e3-9355377d8e07
2020-07-01 01:09:30,254 [ForkJoinPool.commonPool-worker-0] INFO  impl.RoleInfo (RoleInfo.java:shutdownFollowerState(121)) - 5f570ae4-9456-445c-93e3-9355377d8e07: shutdown FollowerState
2020-07-01 01:09:30,254 [Listener at localhost/11866] INFO  metrics.RatisMetrics (RatisMetrics.java:unregister(43)) - Unregistering Metrics Registry : ratis.log_worker.69db720a-335e-417f-9e4d-9b6daaea3d10@group-3E57BA319AF7
2020-07-01 01:09:30,255 [Thread-4746] INFO  impl.FollowerState (FollowerState.java:run(117)) - 5f570ae4-9456-445c-93e3-9355377d8e07@group-304D1CDEA4AC-FollowerState was interrupted: java.lang.InterruptedException: sleep interrupted
2020-07-01 01:09:30,255 [Listener at localhost/11866] INFO  metrics.RatisMetrics (RatisMetrics.java:unregister(43)) - Unregistering Metrics Registry : ratis.leader_election.69db720a-335e-417f-9e4d-9b6daaea3d10@group-3E57BA319AF7
2020-07-01 01:09:30,255 [5f570ae4-9456-445c-93e3-9355377d8e07@group-304D1CDEA4AC-StateMachineUpdater] INFO  ratis.ContainerStateMachine (ContainerStateMachine.java:takeSnapshot(294)) - group-304D1CDEA4AC: Taking a snapshot at:(t:1, i:0) file /github/workspace/mnt/ozone/hadoop-ozone/integration-test/target/test-dir/MiniOzoneClusterImpl-f77758f3-7054-4a66-83a1-d2ef3e95fe09/datanode-0/data/ratis/f1d92eae-632a-487e-abe0-304d1cdea4ac/sm/snapshot.1_0
2020-07-01 01:09:30,255 [ForkJoinPool.commonPool-worker-0] INFO  impl.StateMachineUpdater (StateMachineUpdater.java:stopAndJoin(142)) - 5f570ae4-9456-445c-93e3-9355377d8e07@group-304D1CDEA4AC-StateMachineUpdater: set stopIndex = 0
2020-07-01 01:09:30,256 [Listener at localhost/11866] INFO  metrics.RatisMetrics (RatisMetrics.java:unregister(43)) - Unregistering Metrics Registry : ratis.server.69db720a-335e-417f-9e4d-9b6daaea3d10@group-3E57BA319AF7
2020-07-01 01:09:30,256 [Listener at localhost/11866] INFO  impl.RaftServerImpl (RaftServerImpl.java:lambda$shutdown$3(252)) - 69db720a-335e-417f-9e4d-9b6daaea3d10@group-304D1CDEA4AC: shutdown
2020-07-01 01:09:30,256 [Listener at localhost/11866] INFO  util.JmxRegister (JmxRegister.java:unregister(73)) - Successfully un-registered JMX Bean with object name Ratis:service=RaftServer,group=group-304D1CDEA4AC,id=69db720a-335e-417f-9e4d-9b6daaea3d10
2020-07-01 01:09:30,256 [5f570ae4-9456-445c-93e3-9355377d8e07@group-304D1CDEA4AC-StateMachineUpdater] INFO  ratis.ContainerStateMachine (ContainerStateMachine.java:takeSnapshot(305)) - group-304D1CDEA4AC: Finished taking a snapshot at:(t:1, i:0) file:/github/workspace/mnt/ozone/hadoop-ozone/integration-test/target/test-dir/MiniOzoneClusterImpl-f77758f3-7054-4a66-83a1-d2ef3e95fe09/datanode-0/data/ratis/f1d92eae-632a-487e-abe0-304d1cdea4ac/sm/snapshot.1_0 time:1
2020-07-01 01:09:30,256 [5f570ae4-9456-445c-93e3-9355377d8e07@group-304D1CDEA4AC-StateMachineUpdater] INFO  impl.StateMachineUpdater (StateMachineUpdater.java:takeSnapshot(277)) - 5f570ae4-9456-445c-93e3-9355377d8e07@group-304D1CDEA4AC-StateMachineUpdater: Took a snapshot at index 0
2020-07-01 01:09:30,256 [5f570ae4-9456-445c-93e3-9355377d8e07@group-304D1CDEA4AC-StateMachineUpdater] INFO  impl.StateMachineUpdater (StateMachineUpdater.java:lambda$new$0(87)) - 5f570ae4-9456-445c-93e3-9355377d8e07@group-304D1CDEA4AC-StateMachineUpdater: snapshotIndex: updateIncreasingly -1 -> 0
2020-07-01 01:09:30,257 [5f570ae4-9456-445c-93e3-9355377d8e07@group-304D1CDEA4AC-StateMachineUpdater] INFO  metrics.RatisMetrics (RatisMetrics.java:unregister(43)) - Unregistering Metrics Registry : ratis.state_machine.5f570ae4-9456-445c-93e3-9355377d8e07@group-304D1CDEA4AC
2020-07-01 01:09:30,257 [Listener at localhost/11866] INFO  impl.RoleInfo (RoleInfo.java:shutdownLeaderState(104)) - 69db720a-335e-417f-9e4d-9b6daaea3d10: shutdown LeaderState
2020-07-01 01:09:30,257 [Listener at localhost/11866] INFO  metrics.RatisMetrics (RatisMetrics.java:unregister(43)) - Unregistering Metrics Registry : ratis_grpc.log_appender.69db720a-335e-417f-9e4d-9b6daaea3d10@group-304D1CDEA4AC
2020-07-01 01:09:30,257 [ForkJoinPool.commonPool-worker-0] INFO  impl.RaftServerImpl (ServerState.java:close(387)) - 5f570ae4-9456-445c-93e3-9355377d8e07@group-304D1CDEA4AC: closes. applyIndex: 0
2020-07-01 01:09:30,258 [org.apache.ratis.server.impl.LogAppender$AppenderDaemon$$Lambda$336/202934955@2d5d1f50] WARN  server.GrpcLogAppender (GrpcLogAppender.java:mayWait(153)) - 69db720a-335e-417f-9e4d-9b6daaea3d10@group-304D1CDEA4AC->5f570ae4-9456-445c-93e3-9355377d8e07-GrpcLogAppender: Wait interrupted by java.lang.InterruptedException
2020-07-01 01:09:30,258 [Listener at localhost/11866] INFO  metrics.RatisMetrics (RatisMetrics.java:unregister(43)) - Unregistering Metrics Registry : ratis_grpc.log_appender.69db720a-335e-417f-9e4d-9b6daaea3d10@group-304D1CDEA4AC
2020-07-01 01:09:30,259 [Listener at localhost/11866] INFO  impl.PendingRequests (PendingRequests.java:sendNotLeaderResponses(249)) - 69db720a-335e-417f-9e4d-9b6daaea3d10@group-304D1CDEA4AC-PendingRequests: sendNotLeaderResponses
2020-07-01 01:09:30,259 [5f570ae4-9456-445c-93e3-9355377d8e07@group-304D1CDEA4AC-SegmentedRaftLogWorker] INFO  segmented.SegmentedRaftLogWorker (SegmentedRaftLogWorker.java:run(327)) - 5f570ae4-9456-445c-93e3-9355377d8e07@group-304D1CDEA4AC-SegmentedRaftLogWorker was interrupted, exiting. There are 0 tasks remaining in the queue.
2020-07-01 01:09:30,259 [org.apache.ratis.server.impl.LogAppender$AppenderDaemon$$Lambda$336/202934955@31b701b4] WARN  server.GrpcLogAppender (GrpcLogAppender.java:mayWait(153)) - 69db720a-335e-417f-9e4d-9b6daaea3d10@group-304D1CDEA4AC->40524df2-78a3-4e4e-9ceb-ad6c0599eecc-GrpcLogAppender: Wait interrupted by java.lang.InterruptedException
2020-07-01 01:09:30,259 [grpc-default-executor-10] INFO  server.GrpcServerProtocolService (GrpcServerProtocolService.java:onCompleted(138)) - 5f570ae4-9456-445c-93e3-9355377d8e07: Completed APPEND_ENTRIES, lastRequest: 69db720a-335e-417f-9e4d-9b6daaea3d10->5f570ae4-9456-445c-93e3-9355377d8e07#1-t1, previous=(t:0, i:0), leaderCommit=-1, initializing? false, entries: size=1, first=(t:1, i:0), CONFIGURATIONENTRY
2020-07-01 01:09:30,259 [Listener at localhost/11866] INFO  metrics.RatisMetrics (RatisMetrics.java:unregister(43)) - Unregistering Metrics Registry : ratis.log_appender.69db720a-335e-417f-9e4d-9b6daaea3d10@group-304D1CDEA4AC
2020-07-01 01:09:30,260 [Listener at localhost/11866] INFO  metrics.RatisMetrics (RatisMetrics.java:unregister(43)) - Unregistering Metrics Registry : ratis.server.69db720a-335e-417f-9e4d-9b6daaea3d10@group-304D1CDEA4AC
2020-07-01 01:09:30,260 [grpc-default-executor-9] INFO  server.GrpcLogAppender (GrpcLogAppender.java:onCompleted(319)) - 69db720a-335e-417f-9e4d-9b6daaea3d10@group-304D1CDEA4AC->5f570ae4-9456-445c-93e3-9355377d8e07-AppendLogResponseHandler: follower responses appendEntries COMPLETED
2020-07-01 01:09:30,260 [grpc-default-executor-10] INFO  server.GrpcServerProtocolService (GrpcServerProtocolService.java:onCompleted(138)) - 40524df2-78a3-4e4e-9ceb-ad6c0599eecc: Completed APPEND_ENTRIES, lastRequest: 69db720a-335e-417f-9e4d-9b6daaea3d10->40524df2-78a3-4e4e-9ceb-ad6c0599eecc#1-t1, previous=(t:0, i:0), leaderCommit=-1, initializing? false, entries: size=1, first=(t:1, i:0), CONFIGURATIONENTRY
2020-07-01 01:09:30,261 [grpc-default-executor-7] INFO  server.GrpcLogAppender (GrpcLogAppender.java:onCompleted(319)) - 69db720a-335e-417f-9e4d-9b6daaea3d10@group-304D1CDEA4AC->40524df2-78a3-4e4e-9ceb-ad6c0599eecc-AppendLogResponseHandler: follower responses appendEntries COMPLETED
2020-07-01 01:09:30,261 [grpc-default-executor-9] INFO  impl.FollowerInfo (FollowerInfo.java:lambda$new$0(51)) - 69db720a-335e-417f-9e4d-9b6daaea3d10@group-304D1CDEA4AC->5f570ae4-9456-445c-93e3-9355377d8e07: nextIndex: updateUnconditionally 1 -> 0
2020-07-01 01:09:30,263 [ForkJoinPool.commonPool-worker-0] INFO  segmented.SegmentedRaftLogWorker (SegmentedRaftLogWorker.java:close(234)) - 5f570ae4-9456-445c-93e3-9355377d8e07@group-304D1CDEA4AC-SegmentedRaftLogWorker close()
2020-07-01 01:09:30,264 [grpc-default-executor-7] INFO  impl.FollowerInfo (FollowerInfo.java:lambda$new$0(51)) - 69db720a-335e-417f-9e4d-9b6daaea3d10@group-304D1CDEA4AC->40524df2-78a3-4e4e-9ceb-ad6c0599eecc: nextIndex: updateUnconditionally 1 -> 0
2020-07-01 01:09:30,269 [ForkJoinPool.commonPool-worker-0] INFO  metrics.RatisMetrics (RatisMetrics.java:unregister(43)) - Unregistering Metrics Registry : ratis.log_worker.5f570ae4-9456-445c-93e3-9355377d8e07@group-304D1CDEA4AC
2020-07-01 01:09:30,269 [ForkJoinPool.commonPool-worker-0] INFO  metrics.RatisMetrics (RatisMetrics.java:unregister(43)) - Unregistering Metrics Registry : ratis.leader_election.5f570ae4-9456-445c-93e3-9355377d8e07@group-304D1CDEA4AC
2020-07-01 01:09:30,271 [ForkJoinPool.commonPool-worker-0] INFO  metrics.RatisMetrics (RatisMetrics.java:unregister(43)) - Unregistering Metrics Registry : ratis.server.5f570ae4-9456-445c-93e3-9355377d8e07@group-304D1CDEA4AC
2020-07-01 01:09:30,271 [69db720a-335e-417f-9e4d-9b6daaea3d10@group-304D1CDEA4AC-StateMachineUpdater] INFO  ratis.ContainerStateMachine (ContainerStateMachine.java:takeSnapshot(294)) - group-304D1CDEA4AC: Taking a snapshot at:(t:1, i:0) file /github/workspace/mnt/ozone/hadoop-ozone/integration-test/target/test-dir/MiniOzoneClusterImpl-f77758f3-7054-4a66-83a1-d2ef3e95fe09/datanode-1/data/ratis/f1d92eae-632a-487e-abe0-304d1cdea4ac/sm/snapshot.1_0
2020-07-01 01:09:30,271 [ForkJoinPool.commonPool-worker-0] INFO  server.GrpcService (GrpcService.java:closeImpl(166)) - 5f570ae4-9456-445c-93e3-9355377d8e07: shutdown server with port 45527 now
2020-07-01 01:09:30,270 [Listener at localhost/11866] INFO  impl.StateMachineUpdater (StateMachineUpdater.java:stopAndJoin(142)) - 69db720a-335e-417f-9e4d-9b6daaea3d10@group-304D1CDEA4AC-StateMachineUpdater: set stopIndex = 0
2020-07-01 01:09:30,276 [69db720a-335e-417f-9e4d-9b6daaea3d10@group-304D1CDEA4AC-StateMachineUpdater] INFO  ratis.ContainerStateMachine (ContainerStateMachine.java:takeSnapshot(305)) - group-304D1CDEA4AC: Finished taking a snapshot at:(t:1, i:0) file:/github/workspace/mnt/ozone/hadoop-ozone/integration-test/target/test-dir/MiniOzoneClusterImpl-f77758f3-7054-4a66-83a1-d2ef3e95fe09/datanode-1/data/ratis/f1d92eae-632a-487e-abe0-304d1cdea4ac/sm/snapshot.1_0 time:6
2020-07-01 01:09:30,277 [69db720a-335e-417f-9e4d-9b6daaea3d10@group-304D1CDEA4AC-StateMachineUpdater] INFO  impl.StateMachineUpdater (StateMachineUpdater.java:takeSnapshot(277)) - 69db720a-335e-417f-9e4d-9b6daaea3d10@group-304D1CDEA4AC-StateMachineUpdater: Took a snapshot at index 0
2020-07-01 01:09:30,277 [69db720a-335e-417f-9e4d-9b6daaea3d10@group-304D1CDEA4AC-StateMachineUpdater] INFO  impl.StateMachineUpdater (StateMachineUpdater.java:lambda$new$0(87)) - 69db720a-335e-417f-9e4d-9b6daaea3d10@group-304D1CDEA4AC-StateMachineUpdater: snapshotIndex: updateIncreasingly -1 -> 0
2020-07-01 01:09:30,277 [69db720a-335e-417f-9e4d-9b6daaea3d10@group-304D1CDEA4AC-StateMachineUpdater] INFO  metrics.RatisMetrics (RatisMetrics.java:unregister(43)) - Unregistering Metrics Registry : ratis.state_machine.69db720a-335e-417f-9e4d-9b6daaea3d10@group-304D1CDEA4AC
2020-07-01 01:09:30,276 [ForkJoinPool.commonPool-worker-0] INFO  server.GrpcService (GrpcService.java:closeImpl(174)) - 5f570ae4-9456-445c-93e3-9355377d8e07: shutdown server with port 45527 successfully
2020-07-01 01:09:30,277 [Listener at localhost/11866] INFO  impl.RaftServerImpl (ServerState.java:close(387)) - 69db720a-335e-417f-9e4d-9b6daaea3d10@group-304D1CDEA4AC: closes. applyIndex: 0
2020-07-01 01:09:30,278 [69db720a-335e-417f-9e4d-9b6daaea3d10@group-304D1CDEA4AC-SegmentedRaftLogWorker] INFO  segmented.SegmentedRaftLogWorker (SegmentedRaftLogWorker.java:run(327)) - 69db720a-335e-417f-9e4d-9b6daaea3d10@group-304D1CDEA4AC-SegmentedRaftLogWorker was interrupted, exiting. There are 0 tasks remaining in the queue.
2020-07-01 01:09:30,278 [Listener at localhost/11866] INFO  segmented.SegmentedRaftLogWorker (SegmentedRaftLogWorker.java:close(234)) - 69db720a-335e-417f-9e4d-9b6daaea3d10@group-304D1CDEA4AC-SegmentedRaftLogWorker close()
2020-07-01 01:09:30,279 [Listener at localhost/11866] INFO  metrics.RatisMetrics (RatisMetrics.java:unregister(43)) - Unregistering Metrics Registry : ratis.log_worker.69db720a-335e-417f-9e4d-9b6daaea3d10@group-304D1CDEA4AC
2020-07-01 01:09:30,279 [Listener at localhost/11866] INFO  metrics.RatisMetrics (RatisMetrics.java:unregister(43)) - Unregistering Metrics Registry : ratis.leader_election.69db720a-335e-417f-9e4d-9b6daaea3d10@group-304D1CDEA4AC
2020-07-01 01:09:30,279 [Listener at localhost/11866] INFO  metrics.RatisMetrics (RatisMetrics.java:unregister(43)) - Unregistering Metrics Registry : ratis.server.69db720a-335e-417f-9e4d-9b6daaea3d10@group-304D1CDEA4AC
2020-07-01 01:09:30,279 [Listener at localhost/11866] INFO  server.GrpcService (GrpcService.java:closeImpl(166)) - 69db720a-335e-417f-9e4d-9b6daaea3d10: shutdown server with port 36327 now
2020-07-01 01:09:30,284 [Listener at localhost/11866] INFO  server.GrpcService (GrpcService.java:closeImpl(174)) - 69db720a-335e-417f-9e4d-9b6daaea3d10: shutdown server with port 36327 successfully
2020-07-01 01:09:30,285 [ForkJoinPool.commonPool-worker-0] INFO  utils.BackgroundService (BackgroundService.java:shutdown(157)) - Shutting down service BlockDeletingService
2020-07-01 01:09:30,286 [Listener at localhost/11866] INFO  utils.BackgroundService (BackgroundService.java:shutdown(157)) - Shutting down service BlockDeletingService
2020-07-01 01:09:30,288 [ForkJoinPool.commonPool-worker-0] INFO  statemachine.DatanodeStateMachine (DatanodeStateMachine.java:stopDaemon(428)) - Ozone container server stopped.
2020-07-01 01:09:30,288 [Listener at localhost/11866] INFO  statemachine.DatanodeStateMachine (DatanodeStateMachine.java:stopDaemon(428)) - Ozone container server stopped.
2020-07-01 01:09:30,289 [Listener at localhost/11866] INFO  handler.ContextHandler (ContextHandler.java:doStop(1016)) - Stopped o.e.j.w.WebAppContext@40033826{hddsDatanode,/,null,UNAVAILABLE}{jar:file:/home/user/.m2/repository/org/apache/hadoop/hadoop-hdds-container-service/0.6.0-SNAPSHOT/hadoop-hdds-container-service-0.6.0-SNAPSHOT.jar!/webapps/hddsDatanode}
2020-07-01 01:09:30,290 [Listener at localhost/11866] INFO  server.AbstractConnector (AbstractConnector.java:doStop(380)) - Stopped ServerConnector@486fb8a{HTTP/1.1,[http/1.1]}{0.0.0.0:0}
2020-07-01 01:09:30,290 [Listener at localhost/11866] INFO  server.session (HouseKeeper.java:stopScavenging(158)) - node0 Stopped scavenging
2020-07-01 01:09:30,290 [Listener at localhost/11866] INFO  handler.ContextHandler (ContextHandler.java:doStop(1016)) - Stopped o.e.j.s.ServletContextHandler@7ca9af8d{static,/static,jar:file:/home/user/.m2/repository/org/apache/hadoop/hadoop-hdds-container-service/0.6.0-SNAPSHOT/hadoop-hdds-container-service-0.6.0-SNAPSHOT.jar!/webapps/static,UNAVAILABLE}
2020-07-01 01:09:30,290 [Listener at localhost/11866] INFO  handler.ContextHandler (ContextHandler.java:doStop(1016)) - Stopped o.e.j.s.ServletContextHandler@7c064b5e{logs,/logs,file:///github/workspace/mnt/ozone/hadoop-ozone/integration-test/target/log,UNAVAILABLE}
2020-07-01 01:09:30,297 [ForkJoinPool.commonPool-worker-0] INFO  handler.ContextHandler (ContextHandler.java:doStop(1016)) - Stopped o.e.j.w.WebAppContext@369bbbff{hddsDatanode,/,null,UNAVAILABLE}{jar:file:/home/user/.m2/repository/org/apache/hadoop/hadoop-hdds-container-service/0.6.0-SNAPSHOT/hadoop-hdds-container-service-0.6.0-SNAPSHOT.jar!/webapps/hddsDatanode}
2020-07-01 01:09:30,297 [ForkJoinPool.commonPool-worker-0] INFO  server.AbstractConnector (AbstractConnector.java:doStop(380)) - Stopped ServerConnector@308cb2b3{HTTP/1.1,[http/1.1]}{0.0.0.0:0}
2020-07-01 01:09:30,297 [ForkJoinPool.commonPool-worker-0] INFO  server.session (HouseKeeper.java:stopScavenging(158)) - node0 Stopped scavenging
2020-07-01 01:09:30,298 [ForkJoinPool.commonPool-worker-0] INFO  handler.ContextHandler (ContextHandler.java:doStop(1016)) - Stopped o.e.j.s.ServletContextHandler@b22eb51{static,/static,jar:file:/home/user/.m2/repository/org/apache/hadoop/hadoop-hdds-container-service/0.6.0-SNAPSHOT/hadoop-hdds-container-service-0.6.0-SNAPSHOT.jar!/webapps/static,UNAVAILABLE}
2020-07-01 01:09:30,299 [ForkJoinPool.commonPool-worker-0] INFO  handler.ContextHandler (ContextHandler.java:doStop(1016)) - Stopped o.e.j.s.ServletContextHandler@37c71c71{logs,/logs,file:///github/workspace/mnt/ozone/hadoop-ozone/integration-test/target/log,UNAVAILABLE}
2020-07-01 01:09:30,408 [Datanode State Machine Thread - 0] INFO  statemachine.DatanodeStateMachine (DatanodeStateMachine.java:lambda$startDaemon$0(380)) - Ozone container server started.
2020-07-01 01:09:35,291 [Listener at localhost/11866] INFO  ozoneimpl.OzoneContainer (OzoneContainer.java:stop(246)) - Attempting to stop container services.
2020-07-01 01:09:35,292 [Listener at localhost/11866] INFO  impl.RaftServerProxy (RaftServerProxy.java:lambda$close$4(319)) - 40524df2-78a3-4e4e-9ceb-ad6c0599eecc: close
2020-07-01 01:09:35,292 [Listener at localhost/11866] INFO  impl.RaftServerImpl (RaftServerImpl.java:lambda$shutdown$3(252)) - 40524df2-78a3-4e4e-9ceb-ad6c0599eecc@group-72BF283FA841: shutdown
2020-07-01 01:09:35,293 [Listener at localhost/11866] INFO  util.JmxRegister (JmxRegister.java:unregister(73)) - Successfully un-registered JMX Bean with object name Ratis:service=RaftServer,group=group-72BF283FA841,id=40524df2-78a3-4e4e-9ceb-ad6c0599eecc
2020-07-01 01:09:35,293 [Listener at localhost/11866] INFO  impl.RoleInfo (RoleInfo.java:shutdownLeaderState(104)) - 40524df2-78a3-4e4e-9ceb-ad6c0599eecc: shutdown LeaderState
2020-07-01 01:09:35,292 [ForkJoinPool.commonPool-worker-1] INFO  impl.RaftServerImpl (RaftServerImpl.java:lambda$shutdown$3(252)) - 40524df2-78a3-4e4e-9ceb-ad6c0599eecc@group-304D1CDEA4AC: shutdown
2020-07-01 01:09:35,293 [ForkJoinPool.commonPool-worker-1] INFO  util.JmxRegister (JmxRegister.java:unregister(73)) - Successfully un-registered JMX Bean with object name Ratis:service=RaftServer,group=group-304D1CDEA4AC,id=40524df2-78a3-4e4e-9ceb-ad6c0599eecc
2020-07-01 01:09:35,293 [ForkJoinPool.commonPool-worker-1] INFO  impl.RoleInfo (RoleInfo.java:shutdownFollowerState(121)) - 40524df2-78a3-4e4e-9ceb-ad6c0599eecc: shutdown FollowerState
2020-07-01 01:09:35,293 [Thread-4745] INFO  impl.FollowerState (FollowerState.java:run(117)) - 40524df2-78a3-4e4e-9ceb-ad6c0599eecc@group-304D1CDEA4AC-FollowerState was interrupted: java.lang.InterruptedException: sleep interrupted
2020-07-01 01:09:35,293 [Listener at localhost/11866] INFO  impl.PendingRequests (PendingRequests.java:sendNotLeaderResponses(249)) - 40524df2-78a3-4e4e-9ceb-ad6c0599eecc@group-72BF283FA841-PendingRequests: sendNotLeaderResponses
2020-07-01 01:09:35,294 [Listener at localhost/11866] INFO  metrics.RatisMetrics (RatisMetrics.java:unregister(43)) - Unregistering Metrics Registry : ratis.log_appender.40524df2-78a3-4e4e-9ceb-ad6c0599eecc@group-72BF283FA841
2020-07-01 01:09:35,294 [Listener at localhost/11866] INFO  metrics.RatisMetrics (RatisMetrics.java:unregister(43)) - Unregistering Metrics Registry : ratis.server.40524df2-78a3-4e4e-9ceb-ad6c0599eecc@group-72BF283FA841
2020-07-01 01:09:35,294 [ForkJoinPool.commonPool-worker-1] INFO  impl.StateMachineUpdater (StateMachineUpdater.java:stopAndJoin(142)) - 40524df2-78a3-4e4e-9ceb-ad6c0599eecc@group-304D1CDEA4AC-StateMachineUpdater: set stopIndex = 0
2020-07-01 01:09:35,295 [40524df2-78a3-4e4e-9ceb-ad6c0599eecc@group-304D1CDEA4AC-StateMachineUpdater] INFO  ratis.ContainerStateMachine (ContainerStateMachine.java:takeSnapshot(294)) - group-304D1CDEA4AC: Taking a snapshot at:(t:1, i:0) file /github/workspace/mnt/ozone/hadoop-ozone/integration-test/target/test-dir/MiniOzoneClusterImpl-f77758f3-7054-4a66-83a1-d2ef3e95fe09/datanode-2/data/ratis/f1d92eae-632a-487e-abe0-304d1cdea4ac/sm/snapshot.1_0
2020-07-01 01:09:35,296 [40524df2-78a3-4e4e-9ceb-ad6c0599eecc@group-304D1CDEA4AC-StateMachineUpdater] INFO  ratis.ContainerStateMachine (ContainerStateMachine.java:takeSnapshot(305)) - group-304D1CDEA4AC: Finished taking a snapshot at:(t:1, i:0) file:/github/workspace/mnt/ozone/hadoop-ozone/integration-test/target/test-dir/MiniOzoneClusterImpl-f77758f3-7054-4a66-83a1-d2ef3e95fe09/datanode-2/data/ratis/f1d92eae-632a-487e-abe0-304d1cdea4ac/sm/snapshot.1_0 time:1
2020-07-01 01:09:35,296 [40524df2-78a3-4e4e-9ceb-ad6c0599eecc@group-304D1CDEA4AC-StateMachineUpdater] INFO  impl.StateMachineUpdater (StateMachineUpdater.java:takeSnapshot(277)) - 40524df2-78a3-4e4e-9ceb-ad6c0599eecc@group-304D1CDEA4AC-StateMachineUpdater: Took a snapshot at index 0
2020-07-01 01:09:35,296 [40524df2-78a3-4e4e-9ceb-ad6c0599eecc@group-304D1CDEA4AC-StateMachineUpdater] INFO  impl.StateMachineUpdater (StateMachineUpdater.java:lambda$new$0(87)) - 40524df2-78a3-4e4e-9ceb-ad6c0599eecc@group-304D1CDEA4AC-StateMachineUpdater: snapshotIndex: updateIncreasingly -1 -> 0
2020-07-01 01:09:35,296 [40524df2-78a3-4e4e-9ceb-ad6c0599eecc@group-304D1CDEA4AC-StateMachineUpdater] INFO  metrics.RatisMetrics (RatisMetrics.java:unregister(43)) - Unregistering Metrics Registry : ratis.state_machine.40524df2-78a3-4e4e-9ceb-ad6c0599eecc@group-304D1CDEA4AC
2020-07-01 01:09:35,296 [ForkJoinPool.commonPool-worker-1] INFO  impl.RaftServerImpl (ServerState.java:close(387)) - 40524df2-78a3-4e4e-9ceb-ad6c0599eecc@group-304D1CDEA4AC: closes. applyIndex: 0
2020-07-01 01:09:35,297 [40524df2-78a3-4e4e-9ceb-ad6c0599eecc@group-304D1CDEA4AC-SegmentedRaftLogWorker] INFO  segmented.SegmentedRaftLogWorker (SegmentedRaftLogWorker.java:run(327)) - 40524df2-78a3-4e4e-9ceb-ad6c0599eecc@group-304D1CDEA4AC-SegmentedRaftLogWorker was interrupted, exiting. There are 0 tasks remaining in the queue.
2020-07-01 01:09:35,297 [ForkJoinPool.commonPool-worker-1] INFO  segmented.SegmentedRaftLogWorker (SegmentedRaftLogWorker.java:close(234)) - 40524df2-78a3-4e4e-9ceb-ad6c0599eecc@group-304D1CDEA4AC-SegmentedRaftLogWorker close()
2020-07-01 01:09:35,298 [ForkJoinPool.commonPool-worker-1] INFO  metrics.RatisMetrics (RatisMetrics.java:unregister(43)) - Unregistering Metrics Registry : ratis.log_worker.40524df2-78a3-4e4e-9ceb-ad6c0599eecc@group-304D1CDEA4AC
2020-07-01 01:09:35,298 [ForkJoinPool.commonPool-worker-1] INFO  metrics.RatisMetrics (RatisMetrics.java:unregister(43)) - Unregistering Metrics Registry : ratis.leader_election.40524df2-78a3-4e4e-9ceb-ad6c0599eecc@group-304D1CDEA4AC
2020-07-01 01:09:35,298 [ForkJoinPool.commonPool-worker-1] INFO  metrics.RatisMetrics (RatisMetrics.java:unregister(43)) - Unregistering Metrics Registry : ratis.server.40524df2-78a3-4e4e-9ceb-ad6c0599eecc@group-304D1CDEA4AC
2020-07-01 01:09:35,298 [Listener at localhost/11866] INFO  impl.StateMachineUpdater (StateMachineUpdater.java:stopAndJoin(142)) - 40524df2-78a3-4e4e-9ceb-ad6c0599eecc@group-72BF283FA841-StateMachineUpdater: set stopIndex = 0
2020-07-01 01:09:35,298 [40524df2-78a3-4e4e-9ceb-ad6c0599eecc@group-72BF283FA841-StateMachineUpdater] INFO  ratis.ContainerStateMachine (ContainerStateMachine.java:takeSnapshot(294)) - group-72BF283FA841: Taking a snapshot at:(t:1, i:0) file /github/workspace/mnt/ozone/hadoop-ozone/integration-test/target/test-dir/MiniOzoneClusterImpl-f77758f3-7054-4a66-83a1-d2ef3e95fe09/datanode-2/data/ratis/e1343460-3814-4b7d-87f8-72bf283fa841/sm/snapshot.1_0
2020-07-01 01:09:35,299 [40524df2-78a3-4e4e-9ceb-ad6c0599eecc@group-72BF283FA841-StateMachineUpdater] INFO  ratis.ContainerStateMachine (ContainerStateMachine.java:takeSnapshot(305)) - group-72BF283FA841: Finished taking a snapshot at:(t:1, i:0) file:/github/workspace/mnt/ozone/hadoop-ozone/integration-test/target/test-dir/MiniOzoneClusterImpl-f77758f3-7054-4a66-83a1-d2ef3e95fe09/datanode-2/data/ratis/e1343460-3814-4b7d-87f8-72bf283fa841/sm/snapshot.1_0 time:0
2020-07-01 01:09:35,299 [40524df2-78a3-4e4e-9ceb-ad6c0599eecc@group-72BF283FA841-StateMachineUpdater] INFO  impl.StateMachineUpdater (StateMachineUpdater.java:takeSnapshot(277)) - 40524df2-78a3-4e4e-9ceb-ad6c0599eecc@group-72BF283FA841-StateMachineUpdater: Took a snapshot at index 0
2020-07-01 01:09:35,299 [40524df2-78a3-4e4e-9ceb-ad6c0599eecc@group-72BF283FA841-StateMachineUpdater] INFO  impl.StateMachineUpdater (StateMachineUpdater.java:lambda$new$0(87)) - 40524df2-78a3-4e4e-9ceb-ad6c0599eecc@group-72BF283FA841-StateMachineUpdater: snapshotIndex: updateIncreasingly -1 -> 0
2020-07-01 01:09:35,299 [40524df2-78a3-4e4e-9ceb-ad6c0599eecc@group-72BF283FA841-StateMachineUpdater] INFO  metrics.RatisMetrics (RatisMetrics.java:unregister(43)) - Unregistering Metrics Registry : ratis.state_machine.40524df2-78a3-4e4e-9ceb-ad6c0599eecc@group-72BF283FA841
2020-07-01 01:09:35,304 [Listener at localhost/11866] INFO  impl.RaftServerImpl (ServerState.java:close(387)) - 40524df2-78a3-4e4e-9ceb-ad6c0599eecc@group-72BF283FA841: closes. applyIndex: 0
2020-07-01 01:09:35,304 [40524df2-78a3-4e4e-9ceb-ad6c0599eecc@group-72BF283FA841-SegmentedRaftLogWorker] INFO  segmented.SegmentedRaftLogWorker (SegmentedRaftLogWorker.java:run(327)) - 40524df2-78a3-4e4e-9ceb-ad6c0599eecc@group-72BF283FA841-SegmentedRaftLogWorker was interrupted, exiting. There are 0 tasks remaining in the queue.
2020-07-01 01:09:35,304 [Listener at localhost/11866] INFO  segmented.SegmentedRaftLogWorker (SegmentedRaftLogWorker.java:close(234)) - 40524df2-78a3-4e4e-9ceb-ad6c0599eecc@group-72BF283FA841-SegmentedRaftLogWorker close()
2020-07-01 01:09:35,305 [Listener at localhost/11866] INFO  metrics.RatisMetrics (RatisMetrics.java:unregister(43)) - Unregistering Metrics Registry : ratis.log_worker.40524df2-78a3-4e4e-9ceb-ad6c0599eecc@group-72BF283FA841
2020-07-01 01:09:35,306 [Listener at localhost/11866] INFO  metrics.RatisMetrics (RatisMetrics.java:unregister(43)) - Unregistering Metrics Registry : ratis.leader_election.40524df2-78a3-4e4e-9ceb-ad6c0599eecc@group-72BF283FA841
2020-07-01 01:09:35,306 [Listener at localhost/11866] INFO  metrics.RatisMetrics (RatisMetrics.java:unregister(43)) - Unregistering Metrics Registry : ratis.server.40524df2-78a3-4e4e-9ceb-ad6c0599eecc@group-72BF283FA841
2020-07-01 01:09:35,306 [Listener at localhost/11866] INFO  server.GrpcService (GrpcService.java:closeImpl(166)) - 40524df2-78a3-4e4e-9ceb-ad6c0599eecc: shutdown server with port 36129 now
2020-07-01 01:09:35,307 [Listener at localhost/11866] INFO  server.GrpcService (GrpcService.java:closeImpl(174)) - 40524df2-78a3-4e4e-9ceb-ad6c0599eecc: shutdown server with port 36129 successfully
2020-07-01 01:09:35,308 [Listener at localhost/11866] INFO  utils.BackgroundService (BackgroundService.java:shutdown(157)) - Shutting down service BlockDeletingService
2020-07-01 01:09:35,309 [Listener at localhost/11866] INFO  statemachine.DatanodeStateMachine (DatanodeStateMachine.java:stopDaemon(428)) - Ozone container server stopped.
2020-07-01 01:09:35,310 [Listener at localhost/11866] INFO  handler.ContextHandler (ContextHandler.java:doStop(1016)) - Stopped o.e.j.w.WebAppContext@758cfcfd{hddsDatanode,/,null,UNAVAILABLE}{jar:file:/home/user/.m2/repository/org/apache/hadoop/hadoop-hdds-container-service/0.6.0-SNAPSHOT/hadoop-hdds-container-service-0.6.0-SNAPSHOT.jar!/webapps/hddsDatanode}
2020-07-01 01:09:35,311 [Listener at localhost/11866] INFO  server.AbstractConnector (AbstractConnector.java:doStop(380)) - Stopped ServerConnector@545a2254{HTTP/1.1,[http/1.1]}{0.0.0.0:0}
2020-07-01 01:09:35,311 [Listener at localhost/11866] INFO  server.session (HouseKeeper.java:stopScavenging(158)) - node0 Stopped scavenging
2020-07-01 01:09:35,311 [Listener at localhost/11866] INFO  handler.ContextHandler (ContextHandler.java:doStop(1016)) - Stopped o.e.j.s.ServletContextHandler@462f4c77{static,/static,jar:file:/home/user/.m2/repository/org/apache/hadoop/hadoop-hdds-container-service/0.6.0-SNAPSHOT/hadoop-hdds-container-service-0.6.0-SNAPSHOT.jar!/webapps/static,UNAVAILABLE}
2020-07-01 01:09:35,311 [Listener at localhost/11866] INFO  handler.ContextHandler (ContextHandler.java:doStop(1016)) - Stopped o.e.j.s.ServletContextHandler@40554e47{logs,/logs,file:///github/workspace/mnt/ozone/hadoop-ozone/integration-test/target/log,UNAVAILABLE}
2020-07-01 01:09:35,312 [Listener at localhost/11866] INFO  ozone.MiniOzoneClusterImpl (MiniOzoneClusterImpl.java:stopSCM(476)) - Stopping the StorageContainerManager
2020-07-01 01:09:35,312 [Listener at localhost/11866] INFO  server.StorageContainerManager (StorageContainerManager.java:stop(825)) - Stopping Replication Manager Service.
2020-07-01 01:09:35,312 [Listener at localhost/11866] INFO  container.ReplicationManager (ReplicationManager.java:stop(217)) - Stopping Replication Monitor Thread.
2020-07-01 01:09:35,312 [Listener at localhost/11866] INFO  server.StorageContainerManager (StorageContainerManager.java:stop(832)) - Stopping Lease Manager of the command watchers
2020-07-01 01:09:35,312 [Listener at localhost/11866] INFO  server.StorageContainerManager (StorageContainerManager.java:stop(839)) - Stopping datanode service RPC server
2020-07-01 01:09:35,312 [Listener at localhost/11866] INFO  server.SCMDatanodeProtocolServer (SCMDatanodeProtocolServer.java:stop(361)) - Stopping the RPC server for DataNodes
2020-07-01 01:09:35,312 [CommandWatcher-LeaseManager#LeaseMonitor] ERROR lease.LeaseManager (LeaseManager.java:run(238)) - Execution was interrupted 
java.lang.InterruptedException: sleep interrupted
	at java.lang.Thread.sleep(Native Method)
	at org.apache.hadoop.ozone.lease.LeaseManager$LeaseMonitor.run(LeaseManager.java:234)
	at java.lang.Thread.run(Thread.java:748)
2020-07-01 01:09:35,312 [Listener at localhost/11866] INFO  ipc.Server (Server.java:stop(3359)) - Stopping server on 41453
2020-07-01 01:09:35,313 [IPC Server listener on 0] INFO  ipc.Server (Server.java:run(1330)) - Stopping IPC Server listener on 0
2020-07-01 01:09:35,315 [IPC Server Responder] INFO  ipc.Server (Server.java:run(1465)) - Stopping IPC Server Responder
2020-07-01 01:09:35,368 [SCM Heartbeat Processing Thread - 0] WARN  node.NodeStateManager (NodeStateManager.java:scheduleNextHealthCheck(661)) - Current Thread is interrupted, shutting down HB processing thread for Node Manager.
2020-07-01 01:09:35,368 [Listener at localhost/11866] INFO  server.StorageContainerManager (StorageContainerManager.java:stop(847)) - Stopping block service RPC server
2020-07-01 01:09:35,368 [Listener at localhost/11866] INFO  server.SCMBlockProtocolServer (SCMBlockProtocolServer.java:stop(158)) - Stopping the RPC server for Block Protocol
2020-07-01 01:09:35,368 [Listener at localhost/11866] INFO  ipc.Server (Server.java:stop(3359)) - Stopping server on 45819
2020-07-01 01:09:35,371 [IPC Server listener on 0] INFO  ipc.Server (Server.java:run(1330)) - Stopping IPC Server listener on 0
2020-07-01 01:09:35,371 [Listener at localhost/11866] INFO  server.StorageContainerManager (StorageContainerManager.java:stop(854)) - Stopping the StorageContainerLocationProtocol RPC server
2020-07-01 01:09:35,371 [IPC Server Responder] INFO  ipc.Server (Server.java:run(1465)) - Stopping IPC Server Responder
2020-07-01 01:09:35,372 [Listener at localhost/11866] INFO  server.SCMClientProtocolServer (SCMClientProtocolServer.java:stop(165)) - Stopping the RPC server for Client Protocol
2020-07-01 01:09:35,372 [Listener at localhost/11866] INFO  ipc.Server (Server.java:stop(3359)) - Stopping server on 36843
2020-07-01 01:09:35,374 [IPC Server listener on 0] INFO  ipc.Server (Server.java:run(1330)) - Stopping IPC Server listener on 0
2020-07-01 01:09:35,374 [IPC Server Responder] INFO  ipc.Server (Server.java:run(1465)) - Stopping IPC Server Responder
2020-07-01 01:09:35,374 [Listener at localhost/11866] INFO  server.StorageContainerManager (StorageContainerManager.java:stop(861)) - Stopping Storage Container Manager HTTP server.
2020-07-01 01:09:35,375 [Listener at localhost/11866] INFO  handler.ContextHandler (ContextHandler.java:doStop(1016)) - Stopped o.e.j.w.WebAppContext@22b83858{scm,/,null,UNAVAILABLE}{file:/github/workspace/mnt/ozone/hadoop-ozone/integration-test/target/test-classes/webapps/scm}
2020-07-01 01:09:35,378 [Listener at localhost/11866] INFO  server.AbstractConnector (AbstractConnector.java:doStop(380)) - Stopped ServerConnector@2a6d0dcb{HTTP/1.1,[http/1.1]}{0.0.0.0:0}
2020-07-01 01:09:35,378 [Listener at localhost/11866] INFO  server.session (HouseKeeper.java:stopScavenging(158)) - node0 Stopped scavenging
2020-07-01 01:09:35,378 [Listener at localhost/11866] INFO  handler.ContextHandler (ContextHandler.java:doStop(1016)) - Stopped o.e.j.s.ServletContextHandler@49e2ce16{static,/static,file:///github/workspace/mnt/ozone/hadoop-ozone/integration-test/target/test-classes/webapps/static,UNAVAILABLE}
2020-07-01 01:09:35,378 [Listener at localhost/11866] INFO  handler.ContextHandler (ContextHandler.java:doStop(1016)) - Stopped o.e.j.s.ServletContextHandler@770a3314{logs,/logs,file:///github/workspace/mnt/ozone/hadoop-ozone/integration-test/target/log,UNAVAILABLE}
2020-07-01 01:09:35,379 [Listener at localhost/11866] INFO  server.StorageContainerManager (StorageContainerManager.java:stop(872)) - Stopping Block Manager Service.
2020-07-01 01:09:35,379 [Listener at localhost/11866] INFO  utils.BackgroundService (BackgroundService.java:shutdown(157)) - Shutting down service SCMBlockDeletingService
2020-07-01 01:09:35,379 [Listener at localhost/11866] INFO  utils.BackgroundService (BackgroundService.java:shutdown(157)) - Shutting down service SCMBlockDeletingService
2020-07-01 01:09:35,380 [Listener at localhost/11866] INFO  server.StorageContainerManager (StorageContainerManager.java:stop(897)) - Stopping SCM Event Queue.
2020-07-01 01:09:35,384 [Listener at localhost/11866] INFO  impl.MetricsSystemImpl (MetricsSystemImpl.java:stop(210)) - Stopping OzoneManager metrics system...
2020-07-01 01:09:35,386 [Listener at localhost/11866] INFO  impl.MetricsSystemImpl (MetricsSystemImpl.java:stop(216)) - OzoneManager metrics system stopped.
]]></system-out>
    <system-err><![CDATA[Jul 01, 2020 1:06:00 AM org.apache.ratis.thirdparty.io.grpc.internal.ManagedChannelOrphanWrapper$ManagedChannelReference cleanQueue
SEVERE: *~*~*~ Channel ManagedChannelImpl{logId=1076, target=172.17.0.2:45255} was not shutdown properly!!! ~*~*~*
    Make sure to call shutdown()/shutdownNow() and wait until awaitTermination() returns true.
java.lang.RuntimeException: ManagedChannel allocation site
	at org.apache.ratis.thirdparty.io.grpc.internal.ManagedChannelOrphanWrapper$ManagedChannelReference.<init>(ManagedChannelOrphanWrapper.java:94)
	at org.apache.ratis.thirdparty.io.grpc.internal.ManagedChannelOrphanWrapper.<init>(ManagedChannelOrphanWrapper.java:52)
	at org.apache.ratis.thirdparty.io.grpc.internal.ManagedChannelOrphanWrapper.<init>(ManagedChannelOrphanWrapper.java:43)
	at org.apache.ratis.thirdparty.io.grpc.internal.AbstractManagedChannelImplBuilder.build(AbstractManagedChannelImplBuilder.java:518)
	at org.apache.hadoop.hdds.scm.XceiverClientGrpc.connectToDatanode(XceiverClientGrpc.java:193)
	at org.apache.hadoop.hdds.scm.XceiverClientGrpc.connect(XceiverClientGrpc.java:142)
	at org.apache.hadoop.hdds.scm.XceiverClientManager$2.call(XceiverClientManager.java:246)
	at org.apache.hadoop.hdds.scm.XceiverClientManager$2.call(XceiverClientManager.java:230)
	at com.google.common.cache.LocalCache$LocalManualCache$1.load(LocalCache.java:4876)
	at com.google.common.cache.LocalCache$LoadingValueReference.loadFuture(LocalCache.java:3529)
	at com.google.common.cache.LocalCache$Segment.loadSync(LocalCache.java:2278)
	at com.google.common.cache.LocalCache$Segment.lockedGetOrLoad(LocalCache.java:2155)
	at com.google.common.cache.LocalCache$Segment.get(LocalCache.java:2045)
	at com.google.common.cache.LocalCache.get(LocalCache.java:3951)
	at com.google.common.cache.LocalCache$LocalManualCache.get(LocalCache.java:4871)
	at org.apache.hadoop.hdds.scm.XceiverClientManager.getClient(XceiverClientManager.java:230)
	at org.apache.hadoop.hdds.scm.XceiverClientManager.acquireClient(XceiverClientManager.java:176)
	at org.apache.hadoop.hdds.scm.XceiverClientManager.acquireClient(XceiverClientManager.java:150)
	at org.apache.hadoop.hdds.scm.storage.BlockOutputStream.<init>(BlockOutputStream.java:149)
	at org.apache.hadoop.ozone.client.io.BlockOutputStreamEntry.checkStream(BlockOutputStreamEntry.java:116)
	at org.apache.hadoop.ozone.client.io.BlockOutputStreamEntry.write(BlockOutputStreamEntry.java:134)
	at org.apache.hadoop.ozone.client.io.KeyOutputStream.writeToOutputStream(KeyOutputStream.java:242)
	at org.apache.hadoop.ozone.client.io.KeyOutputStream.handleWrite(KeyOutputStream.java:220)
	at org.apache.hadoop.ozone.client.io.KeyOutputStream.write(KeyOutputStream.java:200)
	at org.apache.hadoop.ozone.client.io.OzoneOutputStream.write(OzoneOutputStream.java:49)
	at org.apache.hadoop.ozone.om.TestOzoneManagerHAWithData.createKeyTest(TestOzoneManagerHAWithData.java:427)
	at org.apache.hadoop.ozone.om.TestOzoneManagerHAWithData.testOneOMNodeDown(TestOzoneManagerHAWithData.java:82)
	at sun.reflect.NativeMethodAccessorImpl.invoke0(Native Method)
	at sun.reflect.NativeMethodAccessorImpl.invoke(NativeMethodAccessorImpl.java:62)
	at sun.reflect.DelegatingMethodAccessorImpl.invoke(DelegatingMethodAccessorImpl.java:43)
	at java.lang.reflect.Method.invoke(Method.java:498)
	at org.junit.runners.model.FrameworkMethod$1.runReflectiveCall(FrameworkMethod.java:47)
	at org.junit.internal.runners.model.ReflectiveCallable.run(ReflectiveCallable.java:12)
	at org.junit.runners.model.FrameworkMethod.invokeExplosively(FrameworkMethod.java:44)
	at org.junit.internal.runners.statements.InvokeMethod.evaluate(InvokeMethod.java:17)
	at org.junit.internal.runners.statements.RunBefores.evaluate(RunBefores.java:26)
	at org.junit.internal.runners.statements.RunAfters.evaluate(RunAfters.java:27)
	at org.junit.rules.ExpectedException$ExpectedExceptionStatement.evaluate(ExpectedException.java:168)
	at org.junit.internal.runners.statements.FailOnTimeout$StatementThread.run(FailOnTimeout.java:74)

]]></system-err>
  </testcase>
</testsuite>