<?xml version="1.0" encoding="UTF-8"?>
<testsuite xmlns:xsi="http://www.w3.org/2001/XMLSchema-instance" xsi:noNamespaceSchemaLocation="https://maven.apache.org/surefire/maven-surefire-plugin/xsd/surefire-test-report.xsd" name="org.apache.hadoop.ozone.client.rpc.TestWatchForCommit" time="309.582" tests="4" errors="1" skipped="0" failures="0">
  <properties>
    <property name="awt.toolkit" value="sun.awt.X11.XToolkit"/>
    <property name="file.encoding.pkg" value="sun.io"/>
    <property name="java.specification.version" value="1.8"/>
    <property name="sun.cpu.isalist" value=""/>
    <property name="sun.jnu.encoding" value="UTF-8"/>
    <property name="java.class.path" value="/home/runner/work/ozone/ozone/hadoop-ozone/integration-test/target/test-classes:/home/runner/work/ozone/ozone/hadoop-ozone/integration-test/target/classes:/home/runner/.m2/repository/org/apache/ozone/ozone-common/1.2.0-SNAPSHOT/ozone-common-1.2.0-SNAPSHOT.jar:/home/runner/.m2/repository/org/apache/commons/commons-compress/1.21/commons-compress-1.21.jar:/home/runner/.m2/repository/org/apache/ozone/hdds-common/1.2.0-SNAPSHOT/hdds-common-1.2.0-SNAPSHOT.jar:/home/runner/.m2/repository/org/apache/ozone/hdds-client/1.2.0-SNAPSHOT/hdds-client-1.2.0-SNAPSHOT.jar:/home/runner/.m2/repository/org/apache/ozone/ozone-interface-client/1.2.0-SNAPSHOT/ozone-interface-client-1.2.0-SNAPSHOT.jar:/home/runner/.m2/repository/org/apache/ozone/hdds-test-utils/1.2.0-SNAPSHOT/hdds-test-utils-1.2.0-SNAPSHOT.jar:/home/runner/.m2/repository/com/google/guava/guava/30.1.1-jre/guava-30.1.1-jre.jar:/home/runner/.m2/repository/com/google/guava/failureaccess/1.0.1/failureaccess-1.0.1.jar:/home/runner/.m2/repository/com/google/guava/listenablefuture/9999.0-empty-to-avoid-conflict-with-guava/listenablefuture-9999.0-empty-to-avoid-conflict-with-guava.jar:/home/runner/.m2/repository/com/google/code/findbugs/jsr305/3.0.0/jsr305-3.0.0.jar:/home/runner/.m2/repository/org/checkerframework/checker-qual/3.8.0/checker-qual-3.8.0.jar:/home/runner/.m2/repository/com/google/errorprone/error_prone_annotations/2.2.0/error_prone_annotations-2.2.0.jar:/home/runner/.m2/repository/com/google/j2objc/j2objc-annotations/1.3/j2objc-annotations-1.3.jar:/home/runner/.m2/repository/commons-io/commons-io/2.11.0/commons-io-2.11.0.jar:/home/runner/.m2/repository/commons-logging/commons-logging/1.2/commons-logging-1.2.jar:/home/runner/.m2/repository/log4j/log4j/1.2.17/log4j-1.2.17.jar:/home/runner/.m2/repository/org/slf4j/slf4j-api/1.7.30/slf4j-api-1.7.30.jar:/home/runner/.m2/repository/org/apache/ozone/hdds-server-scm/1.2.0-SNAPSHOT/hdds-server-scm-1.2.0-SNAPSHOT.jar:/home/runner/.m2/repository/org/apache/ozone/hdds-container-service/1.2.0-SNAPSHOT/hdds-container-service-1.2.0-SNAPSHOT.jar:/home/runner/.m2/repository/org/apache/ozone/hdds-hadoop-dependency-server/1.2.0-SNAPSHOT/hdds-hadoop-dependency-server-1.2.0-SNAPSHOT.jar:/home/runner/.m2/repository/org/apache/hadoop/hadoop-hdfs/3.3.1/hadoop-hdfs-3.3.1.jar:/home/runner/.m2/repository/org/apache/ozone/hdds-server-framework/1.2.0-SNAPSHOT/hdds-server-framework-1.2.0-SNAPSHOT.jar:/home/runner/.m2/repository/org/apache/ozone/hdds-interface-server/1.2.0-SNAPSHOT/hdds-interface-server-1.2.0-SNAPSHOT.jar:/home/runner/.m2/repository/org/eclipse/jetty/jetty-servlet/9.4.43.v20210629/jetty-servlet-9.4.43.v20210629.jar:/home/runner/.m2/repository/org/eclipse/jetty/jetty-security/9.4.43.v20210629/jetty-security-9.4.43.v20210629.jar:/home/runner/.m2/repository/org/rocksdb/rocksdbjni/6.25.3/rocksdbjni-6.25.3.jar:/home/runner/.m2/repository/io/prometheus/simpleclient_dropwizard/0.7.0/simpleclient_dropwizard-0.7.0.jar:/home/runner/.m2/repository/io/prometheus/simpleclient/0.7.0/simpleclient-0.7.0.jar:/home/runner/.m2/repository/io/prometheus/simpleclient_common/0.7.0/simpleclient_common-0.7.0.jar:/home/runner/.m2/repository/com/fasterxml/jackson/datatype/jackson-datatype-jsr310/2.12.1/jackson-datatype-jsr310-2.12.1.jar:/home/runner/.m2/repository/io/dropwizard/metrics/metrics-core/3.2.4/metrics-core-3.2.4.jar:/home/runner/.m2/repository/org/apache/hadoop/hadoop-hdfs-client/3.3.1/hadoop-hdfs-client-3.3.1.jar:/home/runner/.m2/repository/org/bouncycastle/bcprov-jdk15on/1.67/bcprov-jdk15on-1.67.jar:/home/runner/.m2/repository/com/google/protobuf/protobuf-java/2.5.0/protobuf-java-2.5.0.jar:/home/runner/.m2/repository/org/apache/ozone/ozone-manager/1.2.0-SNAPSHOT/ozone-manager-1.2.0-SNAPSHOT.jar:/home/runner/.m2/repository/org/aspectj/aspectjrt/1.9.7/aspectjrt-1.9.7.jar:/home/runner/.m2/repository/org/aspectj/aspectjweaver/1.9.7/aspectjweaver-1.9.7.jar:/home/runner/.m2/repository/org/apache/ozone/hdds-interface-client/1.2.0-SNAPSHOT/hdds-interface-client-1.2.0-SNAPSHOT.jar:/home/runner/.m2/repository/org/apache/hadoop/thirdparty/hadoop-shaded-protobuf_3_7/1.1.1/hadoop-shaded-protobuf_3_7-1.1.1.jar:/home/runner/.m2/repository/org/apache/ozone/ozone-interface-storage/1.2.0-SNAPSHOT/ozone-interface-storage-1.2.0-SNAPSHOT.jar:/home/runner/.m2/repository/org/reflections/reflections/0.9.11/reflections-0.9.11.jar:/home/runner/.m2/repository/org/apache/hadoop/hadoop-minikdc/3.3.1/hadoop-minikdc-3.3.1.jar:/home/runner/.m2/repository/org/apache/kerby/kerb-simplekdc/1.0.1/kerb-simplekdc-1.0.1.jar:/home/runner/.m2/repository/org/apache/kerby/kerb-client/1.0.1/kerb-client-1.0.1.jar:/home/runner/.m2/repository/org/apache/kerby/kerby-config/1.0.1/kerby-config-1.0.1.jar:/home/runner/.m2/repository/org/apache/kerby/kerb-common/1.0.1/kerb-common-1.0.1.jar:/home/runner/.m2/repository/org/apache/kerby/kerb-crypto/1.0.1/kerb-crypto-1.0.1.jar:/home/runner/.m2/repository/org/apache/kerby/kerb-util/1.0.1/kerb-util-1.0.1.jar:/home/runner/.m2/repository/org/apache/kerby/token-provider/1.0.1/token-provider-1.0.1.jar:/home/runner/.m2/repository/org/apache/kerby/kerb-admin/1.0.1/kerb-admin-1.0.1.jar:/home/runner/.m2/repository/org/apache/kerby/kerb-server/1.0.1/kerb-server-1.0.1.jar:/home/runner/.m2/repository/org/apache/kerby/kerb-identity/1.0.1/kerb-identity-1.0.1.jar:/home/runner/.m2/repository/org/apache/kerby/kerby-xdr/1.0.1/kerby-xdr-1.0.1.jar:/home/runner/.m2/repository/org/slf4j/slf4j-log4j12/1.7.30/slf4j-log4j12-1.7.30.jar:/home/runner/.m2/repository/org/apache/ozone/ozone-s3gateway/1.2.0-SNAPSHOT/ozone-s3gateway-1.2.0-SNAPSHOT.jar:/home/runner/.m2/repository/org/javassist/javassist/3.21.0-GA/javassist-3.21.0-GA.jar:/home/runner/.m2/repository/org/jboss/weld/servlet/weld-servlet/2.4.7.Final/weld-servlet-2.4.7.Final.jar:/home/runner/.m2/repository/org/glassfish/jersey/containers/jersey-container-servlet-core/2.33/jersey-container-servlet-core-2.33.jar:/home/runner/.m2/repository/org/glassfish/hk2/external/jakarta.inject/2.6.1/jakarta.inject-2.6.1.jar:/home/runner/.m2/repository/org/glassfish/jersey/core/jersey-common/2.33/jersey-common-2.33.jar:/home/runner/.m2/repository/jakarta/ws/rs/jakarta.ws.rs-api/2.1.6/jakarta.ws.rs-api-2.1.6.jar:/home/runner/.m2/repository/org/glassfish/jersey/ext/cdi/jersey-cdi1x/2.33/jersey-cdi1x-2.33.jar:/home/runner/.m2/repository/org/glassfish/jersey/inject/jersey-hk2/2.33/jersey-hk2-2.33.jar:/home/runner/.m2/repository/org/glassfish/hk2/hk2-locator/2.6.1/hk2-locator-2.6.1.jar:/home/runner/.m2/repository/org/glassfish/jersey/media/jersey-media-jaxb/2.33/jersey-media-jaxb-2.33.jar:/home/runner/.m2/repository/org/glassfish/hk2/osgi-resource-locator/1.0.3/osgi-resource-locator-1.0.3.jar:/home/runner/.m2/repository/org/glassfish/hk2/hk2-api/2.5.0/hk2-api-2.5.0.jar:/home/runner/.m2/repository/org/glassfish/hk2/hk2-utils/2.5.0/hk2-utils-2.5.0.jar:/home/runner/.m2/repository/org/glassfish/hk2/external/aopalliance-repackaged/2.5.0/aopalliance-repackaged-2.5.0.jar:/home/runner/.m2/repository/com/fasterxml/jackson/dataformat/jackson-dataformat-xml/2.12.1/jackson-dataformat-xml-2.12.1.jar:/home/runner/.m2/repository/com/fasterxml/jackson/core/jackson-core/2.12.1/jackson-core-2.12.1.jar:/home/runner/.m2/repository/com/fasterxml/jackson/module/jackson-module-jaxb-annotations/2.12.1/jackson-module-jaxb-annotations-2.12.1.jar:/home/runner/.m2/repository/jakarta/xml/bind/jakarta.xml.bind-api/2.3.2/jakarta.xml.bind-api-2.3.2.jar:/home/runner/.m2/repository/org/codehaus/woodstox/stax2-api/3.1.4/stax2-api-3.1.4.jar:/home/runner/.m2/repository/com/fasterxml/woodstox/woodstox-core/5.0.3/woodstox-core-5.0.3.jar:/home/runner/.m2/repository/javax/enterprise/cdi-api/1.2/cdi-api-1.2.jar:/home/runner/.m2/repository/javax/el/javax.el-api/3.0.0/javax.el-api-3.0.0.jar:/home/runner/.m2/repository/javax/interceptor/javax.interceptor-api/1.2/javax.interceptor-api-1.2.jar:/home/runner/.m2/repository/javax/inject/javax.inject/1/javax.inject-1.jar:/home/runner/.m2/repository/javax/xml/bind/jaxb-api/2.3.0/jaxb-api-2.3.0.jar:/home/runner/.m2/repository/org/glassfish/jaxb/jaxb-runtime/2.3.0.1/jaxb-runtime-2.3.0.1.jar:/home/runner/.m2/repository/org/glassfish/jaxb/jaxb-core/2.3.0.1/jaxb-core-2.3.0.1.jar:/home/runner/.m2/repository/org/glassfish/jaxb/txw2/2.3.0.1/txw2-2.3.0.1.jar:/home/runner/.m2/repository/com/sun/istack/istack-commons-runtime/3.0.5/istack-commons-runtime-3.0.5.jar:/home/runner/.m2/repository/org/jvnet/staxex/stax-ex/1.7.8/stax-ex-1.7.8.jar:/home/runner/.m2/repository/com/sun/xml/fastinfoset/FastInfoset/1.2.13/FastInfoset-1.2.13.jar:/home/runner/.m2/repository/javax/activation/activation/1.1.1/activation-1.1.1.jar:/home/runner/.m2/repository/org/apache/ozone/ozone-csi/1.2.0-SNAPSHOT/ozone-csi-1.2.0-SNAPSHOT.jar:/home/runner/.m2/repository/com/google/protobuf/protobuf-java-util/3.12.0/protobuf-java-util-3.12.0.jar:/home/runner/.m2/repository/com/google/code/gson/gson/2.2.4/gson-2.2.4.jar:/home/runner/.m2/repository/org/apache/ozone/hdds-config/1.2.0-SNAPSHOT/hdds-config-1.2.0-SNAPSHOT.jar:/home/runner/.m2/repository/io/grpc/grpc-netty/1.33.0/grpc-netty-1.33.0.jar:/home/runner/.m2/repository/io/grpc/grpc-core/1.33.0/grpc-core-1.33.0.jar:/home/runner/.m2/repository/com/google/android/annotations/4.1.1.4/annotations-4.1.1.4.jar:/home/runner/.m2/repository/io/netty/netty-codec-http2/4.1.63.Final/netty-codec-http2-4.1.63.Final.jar:/home/runner/.m2/repository/io/netty/netty-codec-http/4.1.63.Final/netty-codec-http-4.1.63.Final.jar:/home/runner/.m2/repository/io/netty/netty-handler-proxy/4.1.63.Final/netty-handler-proxy-4.1.63.Final.jar:/home/runner/.m2/repository/io/netty/netty-codec-socks/4.1.63.Final/netty-codec-socks-4.1.63.Final.jar:/home/runner/.m2/repository/io/perfmark/perfmark-api/0.19.0/perfmark-api-0.19.0.jar:/home/runner/.m2/repository/org/codehaus/mojo/animal-sniffer-annotations/1.18/animal-sniffer-annotations-1.18.jar:/home/runner/.m2/repository/io/netty/netty-transport-native-epoll/4.1.63.Final/netty-transport-native-epoll-4.1.63.Final.jar:/home/runner/.m2/repository/io/netty/netty-common/4.1.63.Final/netty-common-4.1.63.Final.jar:/home/runner/.m2/repository/io/netty/netty-buffer/4.1.63.Final/netty-buffer-4.1.63.Final.jar:/home/runner/.m2/repository/io/netty/netty-transport-native-unix-common/4.1.63.Final/netty-transport-native-unix-common-4.1.63.Final.jar:/home/runner/.m2/repository/io/grpc/grpc-protobuf/1.33.0/grpc-protobuf-1.33.0.jar:/home/runner/.m2/repository/io/grpc/grpc-api/1.33.0/grpc-api-1.33.0.jar:/home/runner/.m2/repository/io/grpc/grpc-context/1.33.0/grpc-context-1.33.0.jar:/home/runner/.m2/repository/com/google/api/grpc/proto-google-common-protos/1.17.0/proto-google-common-protos-1.17.0.jar:/home/runner/.m2/repository/io/grpc/grpc-protobuf-lite/1.33.0/grpc-protobuf-lite-1.33.0.jar:/home/runner/.m2/repository/io/grpc/grpc-stub/1.33.0/grpc-stub-1.33.0.jar:/home/runner/.m2/repository/org/apache/ozone/ozone-recon/1.2.0-SNAPSHOT/ozone-recon-1.2.0-SNAPSHOT.jar:/home/runner/.m2/repository/org/apache/ozone/ozone-reconcodegen/1.2.0-SNAPSHOT/ozone-reconcodegen-1.2.0-SNAPSHOT.jar:/home/runner/.m2/repository/com/google/inject/extensions/guice-multibindings/4.0/guice-multibindings-4.0.jar:/home/runner/.m2/repository/com/google/inject/guice/4.0/guice-4.0.jar:/home/runner/.m2/repository/aopalliance/aopalliance/1.0/aopalliance-1.0.jar:/home/runner/.m2/repository/com/google/inject/extensions/guice-assistedinject/4.0/guice-assistedinject-4.0.jar:/home/runner/.m2/repository/com/google/inject/extensions/guice-servlet/4.0/guice-servlet-4.0.jar:/home/runner/.m2/repository/org/glassfish/jersey/containers/jersey-container-servlet/2.33/jersey-container-servlet-2.33.jar:/home/runner/.m2/repository/org/glassfish/hk2/guice-bridge/2.5.0/guice-bridge-2.5.0.jar:/home/runner/.m2/repository/org/glassfish/jersey/core/jersey-server/2.33/jersey-server-2.33.jar:/home/runner/.m2/repository/org/glassfish/jersey/core/jersey-client/2.33/jersey-client-2.33.jar:/home/runner/.m2/repository/jakarta/annotation/jakarta.annotation-api/1.3.5/jakarta.annotation-api-1.3.5.jar:/home/runner/.m2/repository/jakarta/validation/jakarta.validation-api/2.0.2/jakarta.validation-api-2.0.2.jar:/home/runner/.m2/repository/org/glassfish/jersey/media/jersey-media-json-jackson/2.33/jersey-media-json-jackson-2.33.jar:/home/runner/.m2/repository/org/glassfish/jersey/ext/jersey-entity-filtering/2.33/jersey-entity-filtering-2.33.jar:/home/runner/.m2/repository/org/jooq/jooq/3.11.10/jooq-3.11.10.jar:/home/runner/.m2/repository/org/jooq/jooq-meta/3.11.10/jooq-meta-3.11.10.jar:/home/runner/.m2/repository/org/jooq/jooq-codegen/3.11.10/jooq-codegen-3.11.10.jar:/home/runner/.m2/repository/com/jolbox/bonecp/0.8.0.RELEASE/bonecp-0.8.0.RELEASE.jar:/home/runner/.m2/repository/org/apache/derby/derby/10.14.2.0/derby-10.14.2.0.jar:/home/runner/.m2/repository/org/xerial/sqlite-jdbc/3.25.2/sqlite-jdbc-3.25.2.jar:/home/runner/.m2/repository/org/springframework/spring-jdbc/5.2.18.RELEASE/spring-jdbc-5.2.18.RELEASE.jar:/home/runner/.m2/repository/org/springframework/spring-beans/5.2.18.RELEASE/spring-beans-5.2.18.RELEASE.jar:/home/runner/.m2/repository/org/springframework/spring-core/5.2.18.RELEASE/spring-core-5.2.18.RELEASE.jar:/home/runner/.m2/repository/org/springframework/spring-jcl/5.2.18.RELEASE/spring-jcl-5.2.18.RELEASE.jar:/home/runner/.m2/repository/org/springframework/spring-tx/5.2.18.RELEASE/spring-tx-5.2.18.RELEASE.jar:/home/runner/.m2/repository/org/apache/ozone/ozone-client/1.2.0-SNAPSHOT/ozone-client-1.2.0-SNAPSHOT.jar:/home/runner/.m2/repository/org/apache/ozone/ozone-filesystem/1.2.0-SNAPSHOT/ozone-filesystem-1.2.0-SNAPSHOT.jar:/home/runner/.m2/repository/org/apache/ozone/ozone-filesystem-common/1.2.0-SNAPSHOT/ozone-filesystem-common-1.2.0-SNAPSHOT.jar:/home/runner/.m2/repository/org/apache/ozone/ozone-tools/1.2.0-SNAPSHOT/ozone-tools-1.2.0-SNAPSHOT.jar:/home/runner/.m2/repository/org/apache/ratis/ratis-tools/2.2.0/ratis-tools-2.2.0.jar:/home/runner/.m2/repository/com/amazonaws/aws-java-sdk-core/1.11.1034/aws-java-sdk-core-1.11.1034.jar:/home/runner/.m2/repository/org/apache/httpcomponents/httpclient/4.5.13/httpclient-4.5.13.jar:/home/runner/.m2/repository/org/apache/httpcomponents/httpcore/4.4.13/httpcore-4.4.13.jar:/home/runner/.m2/repository/software/amazon/ion/ion-java/1.0.2/ion-java-1.0.2.jar:/home/runner/.m2/repository/com/fasterxml/jackson/dataformat/jackson-dataformat-cbor/2.12.1/jackson-dataformat-cbor-2.12.1.jar:/home/runner/.m2/repository/joda-time/joda-time/2.8.1/joda-time-2.8.1.jar:/home/runner/.m2/repository/com/amazonaws/aws-java-sdk-s3/1.11.1034/aws-java-sdk-s3-1.11.1034.jar:/home/runner/.m2/repository/com/amazonaws/aws-java-sdk-kms/1.11.1034/aws-java-sdk-kms-1.11.1034.jar:/home/runner/.m2/repository/com/amazonaws/jmespath-java/1.11.1034/jmespath-java-1.11.1034.jar:/home/runner/.m2/repository/org/kohsuke/metainf-services/metainf-services/1.8/metainf-services-1.8.jar:/home/runner/.m2/repository/org/apache/ozone/hdds-tools/1.2.0-SNAPSHOT/hdds-tools-1.2.0-SNAPSHOT.jar:/home/runner/.m2/repository/commons-cli/commons-cli/1.2/commons-cli-1.2.jar:/home/runner/.m2/repository/org/apache/commons/commons-lang3/3.7/commons-lang3-3.7.jar:/home/runner/.m2/repository/org/apache/ozone/ozone-manager/1.2.0-SNAPSHOT/ozone-manager-1.2.0-SNAPSHOT-tests.jar:/home/runner/.m2/repository/org/apache/ozone/hdds-common/1.2.0-SNAPSHOT/hdds-common-1.2.0-SNAPSHOT-tests.jar:/home/runner/.m2/repository/org/apache/ozone/hdds-hadoop-dependency-client/1.2.0-SNAPSHOT/hdds-hadoop-dependency-client-1.2.0-SNAPSHOT.jar:/home/runner/.m2/repository/info/picocli/picocli/4.6.1/picocli-4.6.1.jar:/home/runner/.m2/repository/com/fasterxml/jackson/core/jackson-annotations/2.12.1/jackson-annotations-2.12.1.jar:/home/runner/.m2/repository/javax/annotation/javax.annotation-api/1.2/javax.annotation-api-1.2.jar:/home/runner/.m2/repository/org/apache/ratis/ratis-server/2.2.0/ratis-server-2.2.0.jar:/home/runner/.m2/repository/org/apache/ratis/ratis-client/2.2.0/ratis-client-2.2.0.jar:/home/runner/.m2/repository/org/apache/ratis/ratis-server-api/2.2.0/ratis-server-api-2.2.0.jar:/home/runner/.m2/repository/org/apache/ratis/ratis-metrics/2.2.0/ratis-metrics-2.2.0.jar:/home/runner/.m2/repository/org/apache/ratis/ratis-netty/2.2.0/ratis-netty-2.2.0.jar:/home/runner/.m2/repository/org/apache/ratis/ratis-grpc/2.2.0/ratis-grpc-2.2.0.jar:/home/runner/.m2/repository/org/apache/logging/log4j/log4j-api/2.13.3/log4j-api-2.13.3.jar:/home/runner/.m2/repository/org/apache/logging/log4j/log4j-core/2.13.3/log4j-core-2.13.3.jar:/home/runner/.m2/repository/com/lmax/disruptor/3.4.2/disruptor-3.4.2.jar:/home/runner/.m2/repository/org/apache/commons/commons-pool2/2.6.0/commons-pool2-2.6.0.jar:/home/runner/.m2/repository/org/bouncycastle/bcpkix-jdk15on/1.67/bcpkix-jdk15on-1.67.jar:/home/runner/.m2/repository/commons-validator/commons-validator/1.6/commons-validator-1.6.jar:/home/runner/.m2/repository/commons-beanutils/commons-beanutils/1.9.4/commons-beanutils-1.9.4.jar:/home/runner/.m2/repository/commons-digester/commons-digester/1.8.1/commons-digester-1.8.1.jar:/home/runner/.m2/repository/commons-collections/commons-collections/3.2.2/commons-collections-3.2.2.jar:/home/runner/.m2/repository/io/jaegertracing/jaeger-client/1.6.0/jaeger-client-1.6.0.jar:/home/runner/.m2/repository/io/jaegertracing/jaeger-thrift/1.6.0/jaeger-thrift-1.6.0.jar:/home/runner/.m2/repository/org/apache/thrift/libthrift/0.14.1/libthrift-0.14.1.jar:/home/runner/.m2/repository/com/squareup/okhttp3/okhttp/4.9.0/okhttp-4.9.0.jar:/home/runner/.m2/repository/com/squareup/okio/okio/2.8.0/okio-2.8.0.jar:/home/runner/.m2/repository/io/jaegertracing/jaeger-core/1.6.0/jaeger-core-1.6.0.jar:/home/runner/.m2/repository/io/jaegertracing/jaeger-tracerresolver/1.6.0/jaeger-tracerresolver-1.6.0.jar:/home/runner/.m2/repository/io/opentracing/contrib/opentracing-tracerresolver/0.1.8/opentracing-tracerresolver-0.1.8.jar:/home/runner/.m2/repository/org/jetbrains/kotlin/kotlin-stdlib/1.4.31/kotlin-stdlib-1.4.31.jar:/home/runner/.m2/repository/org/jetbrains/kotlin/kotlin-stdlib-common/1.4.31/kotlin-stdlib-common-1.4.31.jar:/home/runner/.m2/repository/org/jetbrains/annotations/13.0/annotations-13.0.jar:/home/runner/.m2/repository/io/opentracing/opentracing-util/0.33.0/opentracing-util-0.33.0.jar:/home/runner/.m2/repository/io/opentracing/opentracing-api/0.33.0/opentracing-api-0.33.0.jar:/home/runner/.m2/repository/io/opentracing/opentracing-noop/0.33.0/opentracing-noop-0.33.0.jar:/home/runner/.m2/repository/org/yaml/snakeyaml/1.26/snakeyaml-1.26.jar:/home/runner/.m2/repository/org/apache/ozone/hdds-interface-admin/1.2.0-SNAPSHOT/hdds-interface-admin-1.2.0-SNAPSHOT.jar:/home/runner/.m2/repository/junit/junit/4.13.1/junit-4.13.1.jar:/home/runner/.m2/repository/org/hamcrest/hamcrest-core/1.3/hamcrest-core-1.3.jar:/home/runner/.m2/repository/org/junit/jupiter/junit-jupiter-api/5.7.0/junit-jupiter-api-5.7.0.jar:/home/runner/.m2/repository/org/apiguardian/apiguardian-api/1.1.0/apiguardian-api-1.1.0.jar:/home/runner/.m2/repository/org/opentest4j/opentest4j/1.2.0/opentest4j-1.2.0.jar:/home/runner/.m2/repository/org/junit/platform/junit-platform-commons/1.7.0/junit-platform-commons-1.7.0.jar:/home/runner/.m2/repository/org/junit/jupiter/junit-jupiter-engine/5.7.0/junit-jupiter-engine-5.7.0.jar:/home/runner/.m2/repository/org/junit/platform/junit-platform-engine/1.7.0/junit-platform-engine-1.7.0.jar:/home/runner/.m2/repository/org/junit/vintage/junit-vintage-engine/5.7.0/junit-vintage-engine-5.7.0.jar:/home/runner/.m2/repository/org/junit/platform/junit-platform-launcher/1.7.0/junit-platform-launcher-1.7.0.jar:/home/runner/.m2/repository/org/openjdk/jmh/jmh-core/1.19/jmh-core-1.19.jar:/home/runner/.m2/repository/net/sf/jopt-simple/jopt-simple/4.6/jopt-simple-4.6.jar:/home/runner/.m2/repository/org/apache/commons/commons-math3/3.1.1/commons-math3-3.1.1.jar:/home/runner/.m2/repository/org/openjdk/jmh/jmh-generator-annprocess/1.19/jmh-generator-annprocess-1.19.jar:/home/runner/.m2/repository/org/mockito/mockito-core/2.28.2/mockito-core-2.28.2.jar:/home/runner/.m2/repository/net/bytebuddy/byte-buddy/1.9.10/byte-buddy-1.9.10.jar:/home/runner/.m2/repository/net/bytebuddy/byte-buddy-agent/1.9.10/byte-buddy-agent-1.9.10.jar:/home/runner/.m2/repository/org/objenesis/objenesis/1.0/objenesis-1.0.jar:/home/runner/.m2/repository/org/apache/hadoop/hadoop-kms/3.3.1/hadoop-kms-3.3.1.jar:/home/runner/.m2/repository/org/apache/hadoop/hadoop-auth/3.3.1/hadoop-auth-3.3.1.jar:/home/runner/.m2/repository/com/nimbusds/nimbus-jose-jwt/7.9/nimbus-jose-jwt-7.9.jar:/home/runner/.m2/repository/com/github/stephenc/jcip/jcip-annotations/1.0-1/jcip-annotations-1.0-1.jar:/home/runner/.m2/repository/net/minidev/json-smart/2.3.1/json-smart-2.3.1.jar:/home/runner/.m2/repository/net/minidev/accessors-smart/2.3.1/accessors-smart-2.3.1.jar:/home/runner/.m2/repository/org/ow2/asm/asm/5.0.4/asm-5.0.4.jar:/home/runner/.m2/repository/org/apache/zookeeper/zookeeper/3.5.6/zookeeper-3.5.6.jar:/home/runner/.m2/repository/org/apache/zookeeper/zookeeper-jute/3.5.6/zookeeper-jute-3.5.6.jar:/home/runner/.m2/repository/org/apache/yetus/audience-annotations/0.5.0/audience-annotations-0.5.0.jar:/home/runner/.m2/repository/org/apache/curator/curator-framework/4.2.0/curator-framework-4.2.0.jar:/home/runner/.m2/repository/org/apache/hadoop/thirdparty/hadoop-shaded-guava/1.1.1/hadoop-shaded-guava-1.1.1.jar:/home/runner/.m2/repository/com/sun/jersey/jersey-core/1.19/jersey-core-1.19.jar:/home/runner/.m2/repository/javax/ws/rs/jsr311-api/1.1.1/jsr311-api-1.1.1.jar:/home/runner/.m2/repository/com/sun/jersey/jersey-server/1.19/jersey-server-1.19.jar:/home/runner/.m2/repository/javax/servlet/javax.servlet-api/3.1.0/javax.servlet-api-3.1.0.jar:/home/runner/.m2/repository/org/eclipse/jetty/jetty-server/9.4.43.v20210629/jetty-server-9.4.43.v20210629.jar:/home/runner/.m2/repository/org/eclipse/jetty/jetty-http/9.4.43.v20210629/jetty-http-9.4.43.v20210629.jar:/home/runner/.m2/repository/org/eclipse/jetty/jetty-io/9.4.43.v20210629/jetty-io-9.4.43.v20210629.jar:/home/runner/.m2/repository/org/eclipse/jetty/jetty-webapp/9.4.43.v20210629/jetty-webapp-9.4.43.v20210629.jar:/home/runner/.m2/repository/org/eclipse/jetty/jetty-xml/9.4.43.v20210629/jetty-xml-9.4.43.v20210629.jar:/home/runner/.m2/repository/org/apache/hadoop/hadoop-common/3.3.1/hadoop-common-3.3.1.jar:/home/runner/.m2/repository/commons-net/commons-net/3.6/commons-net-3.6.jar:/home/runner/.m2/repository/jakarta/activation/jakarta.activation-api/1.2.1/jakarta.activation-api-1.2.1.jar:/home/runner/.m2/repository/com/sun/jersey/jersey-servlet/1.19/jersey-servlet-1.19.jar:/home/runner/.m2/repository/com/sun/jersey/jersey-json/1.19/jersey-json-1.19.jar:/home/runner/.m2/repository/org/codehaus/jettison/jettison/1.1/jettison-1.1.jar:/home/runner/.m2/repository/com/sun/xml/bind/jaxb-impl/2.2.3-1/jaxb-impl-2.2.3-1.jar:/home/runner/.m2/repository/org/codehaus/jackson/jackson-jaxrs/1.9.2/jackson-jaxrs-1.9.2.jar:/home/runner/.m2/repository/org/codehaus/jackson/jackson-xc/1.9.2/jackson-xc-1.9.2.jar:/home/runner/.m2/repository/org/apache/commons/commons-configuration2/2.1.1/commons-configuration2-2.1.1.jar:/home/runner/.m2/repository/org/apache/commons/commons-text/1.4/commons-text-1.4.jar:/home/runner/.m2/repository/com/google/re2j/re2j/1.1/re2j-1.1.jar:/home/runner/.m2/repository/com/jcraft/jsch/0.1.54/jsch-0.1.54.jar:/home/runner/.m2/repository/org/apache/curator/curator-client/4.2.0/curator-client-4.2.0.jar:/home/runner/.m2/repository/org/apache/curator/curator-recipes/4.2.0/curator-recipes-4.2.0.jar:/home/runner/.m2/repository/org/apache/kerby/kerb-core/1.0.1/kerb-core-1.0.1.jar:/home/runner/.m2/repository/org/apache/kerby/kerby-pkix/1.0.1/kerby-pkix-1.0.1.jar:/home/runner/.m2/repository/org/apache/kerby/kerby-asn1/1.0.1/kerby-asn1-1.0.1.jar:/home/runner/.m2/repository/org/apache/kerby/kerby-util/1.0.1/kerby-util-1.0.1.jar:/home/runner/.m2/repository/dnsjava/dnsjava/2.1.7/dnsjava-2.1.7.jar:/home/runner/.m2/repository/org/xerial/snappy/snappy-java/1.1.8.2/snappy-java-1.1.8.2.jar:/home/runner/.m2/repository/org/slf4j/jul-to-slf4j/1.7.30/jul-to-slf4j-1.7.30.jar:/home/runner/.m2/repository/org/eclipse/jetty/jetty-util/9.4.43.v20210629/jetty-util-9.4.43.v20210629.jar:/home/runner/.m2/repository/com/fasterxml/jackson/core/jackson-databind/2.12.1/jackson-databind-2.12.1.jar:/home/runner/.m2/repository/org/apache/hadoop/hadoop-kms/3.3.1/hadoop-kms-3.3.1-tests.jar:/home/runner/.m2/repository/org/apache/ozone/hdds-server-scm/1.2.0-SNAPSHOT/hdds-server-scm-1.2.0-SNAPSHOT-tests.jar:/home/runner/.m2/repository/org/apache/ozone/hdds-container-service/1.2.0-SNAPSHOT/hdds-container-service-1.2.0-SNAPSHOT-tests.jar:/home/runner/.m2/repository/commons-codec/commons-codec/1.11/commons-codec-1.11.jar:/home/runner/.m2/repository/io/netty/netty-transport/4.1.63.Final/netty-transport-4.1.63.Final.jar:/home/runner/.m2/repository/io/netty/netty-resolver/4.1.63.Final/netty-resolver-4.1.63.Final.jar:/home/runner/.m2/repository/io/netty/netty-codec/4.1.63.Final/netty-codec-4.1.63.Final.jar:/home/runner/.m2/repository/io/netty/netty-handler/4.1.63.Final/netty-handler-4.1.63.Final.jar:/home/runner/.m2/repository/org/apache/ozone/hdds-hadoop-dependency-test/1.2.0-SNAPSHOT/hdds-hadoop-dependency-test-1.2.0-SNAPSHOT.jar:/home/runner/.m2/repository/org/apache/hadoop/hadoop-common/3.3.1/hadoop-common-3.3.1-tests.jar:/home/runner/.m2/repository/org/assertj/assertj-core/3.12.2/assertj-core-3.12.2.jar:/home/runner/.m2/repository/org/apache/hadoop/hadoop-hdfs/3.3.1/hadoop-hdfs-3.3.1-tests.jar:/home/runner/.m2/repository/org/eclipse/jetty/jetty-util-ajax/9.4.43.v20210629/jetty-util-ajax-9.4.43.v20210629.jar:/home/runner/.m2/repository/commons-daemon/commons-daemon/1.0.13/commons-daemon-1.0.13.jar:/home/runner/.m2/repository/io/netty/netty/3.10.6.Final/netty-3.10.6.Final.jar:/home/runner/.m2/repository/io/netty/netty-all/4.1.63.Final/netty-all-4.1.63.Final.jar:/home/runner/.m2/repository/org/apache/htrace/htrace-core4/4.1.0-incubating/htrace-core4-4.1.0-incubating.jar:/home/runner/.m2/repository/org/fusesource/leveldbjni/leveldbjni-all/1.8/leveldbjni-all-1.8.jar:/home/runner/.m2/repository/org/apache/hadoop/hadoop-distcp/3.3.1/hadoop-distcp-3.3.1.jar:/home/runner/.m2/repository/org/apache/hadoop/hadoop-mapreduce-client-jobclient/3.3.1/hadoop-mapreduce-client-jobclient-3.3.1.jar:/home/runner/.m2/repository/org/apache/hadoop/hadoop-mapreduce-client-common/3.3.1/hadoop-mapreduce-client-common-3.3.1.jar:/home/runner/.m2/repository/org/apache/hadoop/hadoop-yarn-common/3.3.1/hadoop-yarn-common-3.3.1.jar:/home/runner/.m2/repository/org/apache/hadoop/hadoop-yarn-api/3.3.1/hadoop-yarn-api-3.3.1.jar:/home/runner/.m2/repository/com/sun/jersey/jersey-client/1.19/jersey-client-1.19.jar:/home/runner/.m2/repository/com/sun/jersey/contribs/jersey-guice/1.19/jersey-guice-1.19.jar:/home/runner/.m2/repository/com/fasterxml/jackson/jaxrs/jackson-jaxrs-json-provider/2.12.1/jackson-jaxrs-json-provider-2.12.1.jar:/home/runner/.m2/repository/com/fasterxml/jackson/jaxrs/jackson-jaxrs-base/2.12.1/jackson-jaxrs-base-2.12.1.jar:/home/runner/.m2/repository/org/apache/hadoop/hadoop-yarn-client/3.3.1/hadoop-yarn-client-3.3.1.jar:/home/runner/.m2/repository/org/eclipse/jetty/websocket/websocket-client/9.4.40.v20210413/websocket-client-9.4.40.v20210413.jar:/home/runner/.m2/repository/org/eclipse/jetty/jetty-client/9.4.40.v20210413/jetty-client-9.4.40.v20210413.jar:/home/runner/.m2/repository/org/eclipse/jetty/websocket/websocket-common/9.4.40.v20210413/websocket-common-9.4.40.v20210413.jar:/home/runner/.m2/repository/org/eclipse/jetty/websocket/websocket-api/9.4.40.v20210413/websocket-api-9.4.40.v20210413.jar:/home/runner/.m2/repository/org/jline/jline/3.9.0/jline-3.9.0.jar:/home/runner/.m2/repository/org/apache/hadoop/hadoop-mapreduce-client-core/3.3.1/hadoop-mapreduce-client-core-3.3.1.jar:/home/runner/.m2/repository/org/apache/avro/avro/1.7.7/avro-1.7.7.jar:/home/runner/.m2/repository/org/codehaus/jackson/jackson-core-asl/1.9.13/jackson-core-asl-1.9.13.jar:/home/runner/.m2/repository/org/codehaus/jackson/jackson-mapper-asl/1.9.13/jackson-mapper-asl-1.9.13.jar:/home/runner/.m2/repository/com/thoughtworks/paranamer/paranamer/2.3/paranamer-2.3.jar:/home/runner/.m2/repository/org/apache/hadoop/hadoop-annotations/3.3.1/hadoop-annotations-3.3.1.jar:/usr/lib/jvm/adoptopenjdk-8-hotspot-amd64/jre/../lib/tools.jar:/home/runner/.m2/repository/org/apache/hadoop/hadoop-distcp/3.3.1/hadoop-distcp-3.3.1-tests.jar:/home/runner/.m2/repository/org/apache/ratis/ratis-common/2.2.0/ratis-common-2.2.0.jar:/home/runner/.m2/repository/org/apache/ratis/ratis-thirdparty-misc/0.7.0/ratis-thirdparty-misc-0.7.0.jar:/home/runner/.m2/repository/org/apache/ratis/ratis-proto/2.2.0/ratis-proto-2.2.0.jar:"/>
    <property name="java.vm.vendor" value="AdoptOpenJDK"/>
    <property name="sun.arch.data.model" value="64"/>
    <property name="test.build.dir" value="/home/runner/work/ozone/ozone/hadoop-ozone/integration-test/target/test-dir"/>
    <property name="test.cache.data" value=""/>
    <property name="java.vendor.url" value="https://adoptopenjdk.net/"/>
    <property name="user.timezone" value=""/>
    <property name="java.vm.specification.version" value="1.8"/>
    <property name="os.name" value="Linux"/>
    <property name="test.build.data" value="/home/runner/work/ozone/ozone/hadoop-ozone/integration-test/target/test-dir"/>
    <property name="sun.java.launcher" value="SUN_STANDARD"/>
    <property name="sun.boot.library.path" value="/usr/lib/jvm/adoptopenjdk-8-hotspot-amd64/jre/lib/amd64"/>
    <property name="sun.java.command" value="/home/runner/work/ozone/ozone/hadoop-ozone/integration-test/target/surefire/surefirebooter4430298947301069478.jar /home/runner/work/ozone/ozone/hadoop-ozone/integration-test/target/surefire 2021-11-25T01-38-50_564-jvmRun1 surefire1310241164975536184tmp surefire_231256519471308086760tmp"/>
    <property name="surefire.test.class.path" value="/home/runner/work/ozone/ozone/hadoop-ozone/integration-test/target/test-classes:/home/runner/work/ozone/ozone/hadoop-ozone/integration-test/target/classes:/home/runner/.m2/repository/org/apache/ozone/ozone-common/1.2.0-SNAPSHOT/ozone-common-1.2.0-SNAPSHOT.jar:/home/runner/.m2/repository/org/apache/commons/commons-compress/1.21/commons-compress-1.21.jar:/home/runner/.m2/repository/org/apache/ozone/hdds-common/1.2.0-SNAPSHOT/hdds-common-1.2.0-SNAPSHOT.jar:/home/runner/.m2/repository/org/apache/ozone/hdds-client/1.2.0-SNAPSHOT/hdds-client-1.2.0-SNAPSHOT.jar:/home/runner/.m2/repository/org/apache/ozone/ozone-interface-client/1.2.0-SNAPSHOT/ozone-interface-client-1.2.0-SNAPSHOT.jar:/home/runner/.m2/repository/org/apache/ozone/hdds-test-utils/1.2.0-SNAPSHOT/hdds-test-utils-1.2.0-SNAPSHOT.jar:/home/runner/.m2/repository/com/google/guava/guava/30.1.1-jre/guava-30.1.1-jre.jar:/home/runner/.m2/repository/com/google/guava/failureaccess/1.0.1/failureaccess-1.0.1.jar:/home/runner/.m2/repository/com/google/guava/listenablefuture/9999.0-empty-to-avoid-conflict-with-guava/listenablefuture-9999.0-empty-to-avoid-conflict-with-guava.jar:/home/runner/.m2/repository/com/google/code/findbugs/jsr305/3.0.0/jsr305-3.0.0.jar:/home/runner/.m2/repository/org/checkerframework/checker-qual/3.8.0/checker-qual-3.8.0.jar:/home/runner/.m2/repository/com/google/errorprone/error_prone_annotations/2.2.0/error_prone_annotations-2.2.0.jar:/home/runner/.m2/repository/com/google/j2objc/j2objc-annotations/1.3/j2objc-annotations-1.3.jar:/home/runner/.m2/repository/commons-io/commons-io/2.11.0/commons-io-2.11.0.jar:/home/runner/.m2/repository/commons-logging/commons-logging/1.2/commons-logging-1.2.jar:/home/runner/.m2/repository/log4j/log4j/1.2.17/log4j-1.2.17.jar:/home/runner/.m2/repository/org/slf4j/slf4j-api/1.7.30/slf4j-api-1.7.30.jar:/home/runner/.m2/repository/org/apache/ozone/hdds-server-scm/1.2.0-SNAPSHOT/hdds-server-scm-1.2.0-SNAPSHOT.jar:/home/runner/.m2/repository/org/apache/ozone/hdds-container-service/1.2.0-SNAPSHOT/hdds-container-service-1.2.0-SNAPSHOT.jar:/home/runner/.m2/repository/org/apache/ozone/hdds-hadoop-dependency-server/1.2.0-SNAPSHOT/hdds-hadoop-dependency-server-1.2.0-SNAPSHOT.jar:/home/runner/.m2/repository/org/apache/hadoop/hadoop-hdfs/3.3.1/hadoop-hdfs-3.3.1.jar:/home/runner/.m2/repository/org/apache/ozone/hdds-server-framework/1.2.0-SNAPSHOT/hdds-server-framework-1.2.0-SNAPSHOT.jar:/home/runner/.m2/repository/org/apache/ozone/hdds-interface-server/1.2.0-SNAPSHOT/hdds-interface-server-1.2.0-SNAPSHOT.jar:/home/runner/.m2/repository/org/eclipse/jetty/jetty-servlet/9.4.43.v20210629/jetty-servlet-9.4.43.v20210629.jar:/home/runner/.m2/repository/org/eclipse/jetty/jetty-security/9.4.43.v20210629/jetty-security-9.4.43.v20210629.jar:/home/runner/.m2/repository/org/rocksdb/rocksdbjni/6.25.3/rocksdbjni-6.25.3.jar:/home/runner/.m2/repository/io/prometheus/simpleclient_dropwizard/0.7.0/simpleclient_dropwizard-0.7.0.jar:/home/runner/.m2/repository/io/prometheus/simpleclient/0.7.0/simpleclient-0.7.0.jar:/home/runner/.m2/repository/io/prometheus/simpleclient_common/0.7.0/simpleclient_common-0.7.0.jar:/home/runner/.m2/repository/com/fasterxml/jackson/datatype/jackson-datatype-jsr310/2.12.1/jackson-datatype-jsr310-2.12.1.jar:/home/runner/.m2/repository/io/dropwizard/metrics/metrics-core/3.2.4/metrics-core-3.2.4.jar:/home/runner/.m2/repository/org/apache/hadoop/hadoop-hdfs-client/3.3.1/hadoop-hdfs-client-3.3.1.jar:/home/runner/.m2/repository/org/bouncycastle/bcprov-jdk15on/1.67/bcprov-jdk15on-1.67.jar:/home/runner/.m2/repository/com/google/protobuf/protobuf-java/2.5.0/protobuf-java-2.5.0.jar:/home/runner/.m2/repository/org/apache/ozone/ozone-manager/1.2.0-SNAPSHOT/ozone-manager-1.2.0-SNAPSHOT.jar:/home/runner/.m2/repository/org/aspectj/aspectjrt/1.9.7/aspectjrt-1.9.7.jar:/home/runner/.m2/repository/org/aspectj/aspectjweaver/1.9.7/aspectjweaver-1.9.7.jar:/home/runner/.m2/repository/org/apache/ozone/hdds-interface-client/1.2.0-SNAPSHOT/hdds-interface-client-1.2.0-SNAPSHOT.jar:/home/runner/.m2/repository/org/apache/hadoop/thirdparty/hadoop-shaded-protobuf_3_7/1.1.1/hadoop-shaded-protobuf_3_7-1.1.1.jar:/home/runner/.m2/repository/org/apache/ozone/ozone-interface-storage/1.2.0-SNAPSHOT/ozone-interface-storage-1.2.0-SNAPSHOT.jar:/home/runner/.m2/repository/org/reflections/reflections/0.9.11/reflections-0.9.11.jar:/home/runner/.m2/repository/org/apache/hadoop/hadoop-minikdc/3.3.1/hadoop-minikdc-3.3.1.jar:/home/runner/.m2/repository/org/apache/kerby/kerb-simplekdc/1.0.1/kerb-simplekdc-1.0.1.jar:/home/runner/.m2/repository/org/apache/kerby/kerb-client/1.0.1/kerb-client-1.0.1.jar:/home/runner/.m2/repository/org/apache/kerby/kerby-config/1.0.1/kerby-config-1.0.1.jar:/home/runner/.m2/repository/org/apache/kerby/kerb-common/1.0.1/kerb-common-1.0.1.jar:/home/runner/.m2/repository/org/apache/kerby/kerb-crypto/1.0.1/kerb-crypto-1.0.1.jar:/home/runner/.m2/repository/org/apache/kerby/kerb-util/1.0.1/kerb-util-1.0.1.jar:/home/runner/.m2/repository/org/apache/kerby/token-provider/1.0.1/token-provider-1.0.1.jar:/home/runner/.m2/repository/org/apache/kerby/kerb-admin/1.0.1/kerb-admin-1.0.1.jar:/home/runner/.m2/repository/org/apache/kerby/kerb-server/1.0.1/kerb-server-1.0.1.jar:/home/runner/.m2/repository/org/apache/kerby/kerb-identity/1.0.1/kerb-identity-1.0.1.jar:/home/runner/.m2/repository/org/apache/kerby/kerby-xdr/1.0.1/kerby-xdr-1.0.1.jar:/home/runner/.m2/repository/org/slf4j/slf4j-log4j12/1.7.30/slf4j-log4j12-1.7.30.jar:/home/runner/.m2/repository/org/apache/ozone/ozone-s3gateway/1.2.0-SNAPSHOT/ozone-s3gateway-1.2.0-SNAPSHOT.jar:/home/runner/.m2/repository/org/javassist/javassist/3.21.0-GA/javassist-3.21.0-GA.jar:/home/runner/.m2/repository/org/jboss/weld/servlet/weld-servlet/2.4.7.Final/weld-servlet-2.4.7.Final.jar:/home/runner/.m2/repository/org/glassfish/jersey/containers/jersey-container-servlet-core/2.33/jersey-container-servlet-core-2.33.jar:/home/runner/.m2/repository/org/glassfish/hk2/external/jakarta.inject/2.6.1/jakarta.inject-2.6.1.jar:/home/runner/.m2/repository/org/glassfish/jersey/core/jersey-common/2.33/jersey-common-2.33.jar:/home/runner/.m2/repository/jakarta/ws/rs/jakarta.ws.rs-api/2.1.6/jakarta.ws.rs-api-2.1.6.jar:/home/runner/.m2/repository/org/glassfish/jersey/ext/cdi/jersey-cdi1x/2.33/jersey-cdi1x-2.33.jar:/home/runner/.m2/repository/org/glassfish/jersey/inject/jersey-hk2/2.33/jersey-hk2-2.33.jar:/home/runner/.m2/repository/org/glassfish/hk2/hk2-locator/2.6.1/hk2-locator-2.6.1.jar:/home/runner/.m2/repository/org/glassfish/jersey/media/jersey-media-jaxb/2.33/jersey-media-jaxb-2.33.jar:/home/runner/.m2/repository/org/glassfish/hk2/osgi-resource-locator/1.0.3/osgi-resource-locator-1.0.3.jar:/home/runner/.m2/repository/org/glassfish/hk2/hk2-api/2.5.0/hk2-api-2.5.0.jar:/home/runner/.m2/repository/org/glassfish/hk2/hk2-utils/2.5.0/hk2-utils-2.5.0.jar:/home/runner/.m2/repository/org/glassfish/hk2/external/aopalliance-repackaged/2.5.0/aopalliance-repackaged-2.5.0.jar:/home/runner/.m2/repository/com/fasterxml/jackson/dataformat/jackson-dataformat-xml/2.12.1/jackson-dataformat-xml-2.12.1.jar:/home/runner/.m2/repository/com/fasterxml/jackson/core/jackson-core/2.12.1/jackson-core-2.12.1.jar:/home/runner/.m2/repository/com/fasterxml/jackson/module/jackson-module-jaxb-annotations/2.12.1/jackson-module-jaxb-annotations-2.12.1.jar:/home/runner/.m2/repository/jakarta/xml/bind/jakarta.xml.bind-api/2.3.2/jakarta.xml.bind-api-2.3.2.jar:/home/runner/.m2/repository/org/codehaus/woodstox/stax2-api/3.1.4/stax2-api-3.1.4.jar:/home/runner/.m2/repository/com/fasterxml/woodstox/woodstox-core/5.0.3/woodstox-core-5.0.3.jar:/home/runner/.m2/repository/javax/enterprise/cdi-api/1.2/cdi-api-1.2.jar:/home/runner/.m2/repository/javax/el/javax.el-api/3.0.0/javax.el-api-3.0.0.jar:/home/runner/.m2/repository/javax/interceptor/javax.interceptor-api/1.2/javax.interceptor-api-1.2.jar:/home/runner/.m2/repository/javax/inject/javax.inject/1/javax.inject-1.jar:/home/runner/.m2/repository/javax/xml/bind/jaxb-api/2.3.0/jaxb-api-2.3.0.jar:/home/runner/.m2/repository/org/glassfish/jaxb/jaxb-runtime/2.3.0.1/jaxb-runtime-2.3.0.1.jar:/home/runner/.m2/repository/org/glassfish/jaxb/jaxb-core/2.3.0.1/jaxb-core-2.3.0.1.jar:/home/runner/.m2/repository/org/glassfish/jaxb/txw2/2.3.0.1/txw2-2.3.0.1.jar:/home/runner/.m2/repository/com/sun/istack/istack-commons-runtime/3.0.5/istack-commons-runtime-3.0.5.jar:/home/runner/.m2/repository/org/jvnet/staxex/stax-ex/1.7.8/stax-ex-1.7.8.jar:/home/runner/.m2/repository/com/sun/xml/fastinfoset/FastInfoset/1.2.13/FastInfoset-1.2.13.jar:/home/runner/.m2/repository/javax/activation/activation/1.1.1/activation-1.1.1.jar:/home/runner/.m2/repository/org/apache/ozone/ozone-csi/1.2.0-SNAPSHOT/ozone-csi-1.2.0-SNAPSHOT.jar:/home/runner/.m2/repository/com/google/protobuf/protobuf-java-util/3.12.0/protobuf-java-util-3.12.0.jar:/home/runner/.m2/repository/com/google/code/gson/gson/2.2.4/gson-2.2.4.jar:/home/runner/.m2/repository/org/apache/ozone/hdds-config/1.2.0-SNAPSHOT/hdds-config-1.2.0-SNAPSHOT.jar:/home/runner/.m2/repository/io/grpc/grpc-netty/1.33.0/grpc-netty-1.33.0.jar:/home/runner/.m2/repository/io/grpc/grpc-core/1.33.0/grpc-core-1.33.0.jar:/home/runner/.m2/repository/com/google/android/annotations/4.1.1.4/annotations-4.1.1.4.jar:/home/runner/.m2/repository/io/netty/netty-codec-http2/4.1.63.Final/netty-codec-http2-4.1.63.Final.jar:/home/runner/.m2/repository/io/netty/netty-codec-http/4.1.63.Final/netty-codec-http-4.1.63.Final.jar:/home/runner/.m2/repository/io/netty/netty-handler-proxy/4.1.63.Final/netty-handler-proxy-4.1.63.Final.jar:/home/runner/.m2/repository/io/netty/netty-codec-socks/4.1.63.Final/netty-codec-socks-4.1.63.Final.jar:/home/runner/.m2/repository/io/perfmark/perfmark-api/0.19.0/perfmark-api-0.19.0.jar:/home/runner/.m2/repository/org/codehaus/mojo/animal-sniffer-annotations/1.18/animal-sniffer-annotations-1.18.jar:/home/runner/.m2/repository/io/netty/netty-transport-native-epoll/4.1.63.Final/netty-transport-native-epoll-4.1.63.Final.jar:/home/runner/.m2/repository/io/netty/netty-common/4.1.63.Final/netty-common-4.1.63.Final.jar:/home/runner/.m2/repository/io/netty/netty-buffer/4.1.63.Final/netty-buffer-4.1.63.Final.jar:/home/runner/.m2/repository/io/netty/netty-transport-native-unix-common/4.1.63.Final/netty-transport-native-unix-common-4.1.63.Final.jar:/home/runner/.m2/repository/io/grpc/grpc-protobuf/1.33.0/grpc-protobuf-1.33.0.jar:/home/runner/.m2/repository/io/grpc/grpc-api/1.33.0/grpc-api-1.33.0.jar:/home/runner/.m2/repository/io/grpc/grpc-context/1.33.0/grpc-context-1.33.0.jar:/home/runner/.m2/repository/com/google/api/grpc/proto-google-common-protos/1.17.0/proto-google-common-protos-1.17.0.jar:/home/runner/.m2/repository/io/grpc/grpc-protobuf-lite/1.33.0/grpc-protobuf-lite-1.33.0.jar:/home/runner/.m2/repository/io/grpc/grpc-stub/1.33.0/grpc-stub-1.33.0.jar:/home/runner/.m2/repository/org/apache/ozone/ozone-recon/1.2.0-SNAPSHOT/ozone-recon-1.2.0-SNAPSHOT.jar:/home/runner/.m2/repository/org/apache/ozone/ozone-reconcodegen/1.2.0-SNAPSHOT/ozone-reconcodegen-1.2.0-SNAPSHOT.jar:/home/runner/.m2/repository/com/google/inject/extensions/guice-multibindings/4.0/guice-multibindings-4.0.jar:/home/runner/.m2/repository/com/google/inject/guice/4.0/guice-4.0.jar:/home/runner/.m2/repository/aopalliance/aopalliance/1.0/aopalliance-1.0.jar:/home/runner/.m2/repository/com/google/inject/extensions/guice-assistedinject/4.0/guice-assistedinject-4.0.jar:/home/runner/.m2/repository/com/google/inject/extensions/guice-servlet/4.0/guice-servlet-4.0.jar:/home/runner/.m2/repository/org/glassfish/jersey/containers/jersey-container-servlet/2.33/jersey-container-servlet-2.33.jar:/home/runner/.m2/repository/org/glassfish/hk2/guice-bridge/2.5.0/guice-bridge-2.5.0.jar:/home/runner/.m2/repository/org/glassfish/jersey/core/jersey-server/2.33/jersey-server-2.33.jar:/home/runner/.m2/repository/org/glassfish/jersey/core/jersey-client/2.33/jersey-client-2.33.jar:/home/runner/.m2/repository/jakarta/annotation/jakarta.annotation-api/1.3.5/jakarta.annotation-api-1.3.5.jar:/home/runner/.m2/repository/jakarta/validation/jakarta.validation-api/2.0.2/jakarta.validation-api-2.0.2.jar:/home/runner/.m2/repository/org/glassfish/jersey/media/jersey-media-json-jackson/2.33/jersey-media-json-jackson-2.33.jar:/home/runner/.m2/repository/org/glassfish/jersey/ext/jersey-entity-filtering/2.33/jersey-entity-filtering-2.33.jar:/home/runner/.m2/repository/org/jooq/jooq/3.11.10/jooq-3.11.10.jar:/home/runner/.m2/repository/org/jooq/jooq-meta/3.11.10/jooq-meta-3.11.10.jar:/home/runner/.m2/repository/org/jooq/jooq-codegen/3.11.10/jooq-codegen-3.11.10.jar:/home/runner/.m2/repository/com/jolbox/bonecp/0.8.0.RELEASE/bonecp-0.8.0.RELEASE.jar:/home/runner/.m2/repository/org/apache/derby/derby/10.14.2.0/derby-10.14.2.0.jar:/home/runner/.m2/repository/org/xerial/sqlite-jdbc/3.25.2/sqlite-jdbc-3.25.2.jar:/home/runner/.m2/repository/org/springframework/spring-jdbc/5.2.18.RELEASE/spring-jdbc-5.2.18.RELEASE.jar:/home/runner/.m2/repository/org/springframework/spring-beans/5.2.18.RELEASE/spring-beans-5.2.18.RELEASE.jar:/home/runner/.m2/repository/org/springframework/spring-core/5.2.18.RELEASE/spring-core-5.2.18.RELEASE.jar:/home/runner/.m2/repository/org/springframework/spring-jcl/5.2.18.RELEASE/spring-jcl-5.2.18.RELEASE.jar:/home/runner/.m2/repository/org/springframework/spring-tx/5.2.18.RELEASE/spring-tx-5.2.18.RELEASE.jar:/home/runner/.m2/repository/org/apache/ozone/ozone-client/1.2.0-SNAPSHOT/ozone-client-1.2.0-SNAPSHOT.jar:/home/runner/.m2/repository/org/apache/ozone/ozone-filesystem/1.2.0-SNAPSHOT/ozone-filesystem-1.2.0-SNAPSHOT.jar:/home/runner/.m2/repository/org/apache/ozone/ozone-filesystem-common/1.2.0-SNAPSHOT/ozone-filesystem-common-1.2.0-SNAPSHOT.jar:/home/runner/.m2/repository/org/apache/ozone/ozone-tools/1.2.0-SNAPSHOT/ozone-tools-1.2.0-SNAPSHOT.jar:/home/runner/.m2/repository/org/apache/ratis/ratis-tools/2.2.0/ratis-tools-2.2.0.jar:/home/runner/.m2/repository/com/amazonaws/aws-java-sdk-core/1.11.1034/aws-java-sdk-core-1.11.1034.jar:/home/runner/.m2/repository/org/apache/httpcomponents/httpclient/4.5.13/httpclient-4.5.13.jar:/home/runner/.m2/repository/org/apache/httpcomponents/httpcore/4.4.13/httpcore-4.4.13.jar:/home/runner/.m2/repository/software/amazon/ion/ion-java/1.0.2/ion-java-1.0.2.jar:/home/runner/.m2/repository/com/fasterxml/jackson/dataformat/jackson-dataformat-cbor/2.12.1/jackson-dataformat-cbor-2.12.1.jar:/home/runner/.m2/repository/joda-time/joda-time/2.8.1/joda-time-2.8.1.jar:/home/runner/.m2/repository/com/amazonaws/aws-java-sdk-s3/1.11.1034/aws-java-sdk-s3-1.11.1034.jar:/home/runner/.m2/repository/com/amazonaws/aws-java-sdk-kms/1.11.1034/aws-java-sdk-kms-1.11.1034.jar:/home/runner/.m2/repository/com/amazonaws/jmespath-java/1.11.1034/jmespath-java-1.11.1034.jar:/home/runner/.m2/repository/org/kohsuke/metainf-services/metainf-services/1.8/metainf-services-1.8.jar:/home/runner/.m2/repository/org/apache/ozone/hdds-tools/1.2.0-SNAPSHOT/hdds-tools-1.2.0-SNAPSHOT.jar:/home/runner/.m2/repository/commons-cli/commons-cli/1.2/commons-cli-1.2.jar:/home/runner/.m2/repository/org/apache/commons/commons-lang3/3.7/commons-lang3-3.7.jar:/home/runner/.m2/repository/org/apache/ozone/ozone-manager/1.2.0-SNAPSHOT/ozone-manager-1.2.0-SNAPSHOT-tests.jar:/home/runner/.m2/repository/org/apache/ozone/hdds-common/1.2.0-SNAPSHOT/hdds-common-1.2.0-SNAPSHOT-tests.jar:/home/runner/.m2/repository/org/apache/ozone/hdds-hadoop-dependency-client/1.2.0-SNAPSHOT/hdds-hadoop-dependency-client-1.2.0-SNAPSHOT.jar:/home/runner/.m2/repository/info/picocli/picocli/4.6.1/picocli-4.6.1.jar:/home/runner/.m2/repository/com/fasterxml/jackson/core/jackson-annotations/2.12.1/jackson-annotations-2.12.1.jar:/home/runner/.m2/repository/javax/annotation/javax.annotation-api/1.2/javax.annotation-api-1.2.jar:/home/runner/.m2/repository/org/apache/ratis/ratis-server/2.2.0/ratis-server-2.2.0.jar:/home/runner/.m2/repository/org/apache/ratis/ratis-client/2.2.0/ratis-client-2.2.0.jar:/home/runner/.m2/repository/org/apache/ratis/ratis-server-api/2.2.0/ratis-server-api-2.2.0.jar:/home/runner/.m2/repository/org/apache/ratis/ratis-metrics/2.2.0/ratis-metrics-2.2.0.jar:/home/runner/.m2/repository/org/apache/ratis/ratis-netty/2.2.0/ratis-netty-2.2.0.jar:/home/runner/.m2/repository/org/apache/ratis/ratis-grpc/2.2.0/ratis-grpc-2.2.0.jar:/home/runner/.m2/repository/org/apache/logging/log4j/log4j-api/2.13.3/log4j-api-2.13.3.jar:/home/runner/.m2/repository/org/apache/logging/log4j/log4j-core/2.13.3/log4j-core-2.13.3.jar:/home/runner/.m2/repository/com/lmax/disruptor/3.4.2/disruptor-3.4.2.jar:/home/runner/.m2/repository/org/apache/commons/commons-pool2/2.6.0/commons-pool2-2.6.0.jar:/home/runner/.m2/repository/org/bouncycastle/bcpkix-jdk15on/1.67/bcpkix-jdk15on-1.67.jar:/home/runner/.m2/repository/commons-validator/commons-validator/1.6/commons-validator-1.6.jar:/home/runner/.m2/repository/commons-beanutils/commons-beanutils/1.9.4/commons-beanutils-1.9.4.jar:/home/runner/.m2/repository/commons-digester/commons-digester/1.8.1/commons-digester-1.8.1.jar:/home/runner/.m2/repository/commons-collections/commons-collections/3.2.2/commons-collections-3.2.2.jar:/home/runner/.m2/repository/io/jaegertracing/jaeger-client/1.6.0/jaeger-client-1.6.0.jar:/home/runner/.m2/repository/io/jaegertracing/jaeger-thrift/1.6.0/jaeger-thrift-1.6.0.jar:/home/runner/.m2/repository/org/apache/thrift/libthrift/0.14.1/libthrift-0.14.1.jar:/home/runner/.m2/repository/com/squareup/okhttp3/okhttp/4.9.0/okhttp-4.9.0.jar:/home/runner/.m2/repository/com/squareup/okio/okio/2.8.0/okio-2.8.0.jar:/home/runner/.m2/repository/io/jaegertracing/jaeger-core/1.6.0/jaeger-core-1.6.0.jar:/home/runner/.m2/repository/io/jaegertracing/jaeger-tracerresolver/1.6.0/jaeger-tracerresolver-1.6.0.jar:/home/runner/.m2/repository/io/opentracing/contrib/opentracing-tracerresolver/0.1.8/opentracing-tracerresolver-0.1.8.jar:/home/runner/.m2/repository/org/jetbrains/kotlin/kotlin-stdlib/1.4.31/kotlin-stdlib-1.4.31.jar:/home/runner/.m2/repository/org/jetbrains/kotlin/kotlin-stdlib-common/1.4.31/kotlin-stdlib-common-1.4.31.jar:/home/runner/.m2/repository/org/jetbrains/annotations/13.0/annotations-13.0.jar:/home/runner/.m2/repository/io/opentracing/opentracing-util/0.33.0/opentracing-util-0.33.0.jar:/home/runner/.m2/repository/io/opentracing/opentracing-api/0.33.0/opentracing-api-0.33.0.jar:/home/runner/.m2/repository/io/opentracing/opentracing-noop/0.33.0/opentracing-noop-0.33.0.jar:/home/runner/.m2/repository/org/yaml/snakeyaml/1.26/snakeyaml-1.26.jar:/home/runner/.m2/repository/org/apache/ozone/hdds-interface-admin/1.2.0-SNAPSHOT/hdds-interface-admin-1.2.0-SNAPSHOT.jar:/home/runner/.m2/repository/junit/junit/4.13.1/junit-4.13.1.jar:/home/runner/.m2/repository/org/hamcrest/hamcrest-core/1.3/hamcrest-core-1.3.jar:/home/runner/.m2/repository/org/junit/jupiter/junit-jupiter-api/5.7.0/junit-jupiter-api-5.7.0.jar:/home/runner/.m2/repository/org/apiguardian/apiguardian-api/1.1.0/apiguardian-api-1.1.0.jar:/home/runner/.m2/repository/org/opentest4j/opentest4j/1.2.0/opentest4j-1.2.0.jar:/home/runner/.m2/repository/org/junit/platform/junit-platform-commons/1.7.0/junit-platform-commons-1.7.0.jar:/home/runner/.m2/repository/org/junit/jupiter/junit-jupiter-engine/5.7.0/junit-jupiter-engine-5.7.0.jar:/home/runner/.m2/repository/org/junit/platform/junit-platform-engine/1.7.0/junit-platform-engine-1.7.0.jar:/home/runner/.m2/repository/org/junit/vintage/junit-vintage-engine/5.7.0/junit-vintage-engine-5.7.0.jar:/home/runner/.m2/repository/org/junit/platform/junit-platform-launcher/1.7.0/junit-platform-launcher-1.7.0.jar:/home/runner/.m2/repository/org/openjdk/jmh/jmh-core/1.19/jmh-core-1.19.jar:/home/runner/.m2/repository/net/sf/jopt-simple/jopt-simple/4.6/jopt-simple-4.6.jar:/home/runner/.m2/repository/org/apache/commons/commons-math3/3.1.1/commons-math3-3.1.1.jar:/home/runner/.m2/repository/org/openjdk/jmh/jmh-generator-annprocess/1.19/jmh-generator-annprocess-1.19.jar:/home/runner/.m2/repository/org/mockito/mockito-core/2.28.2/mockito-core-2.28.2.jar:/home/runner/.m2/repository/net/bytebuddy/byte-buddy/1.9.10/byte-buddy-1.9.10.jar:/home/runner/.m2/repository/net/bytebuddy/byte-buddy-agent/1.9.10/byte-buddy-agent-1.9.10.jar:/home/runner/.m2/repository/org/objenesis/objenesis/1.0/objenesis-1.0.jar:/home/runner/.m2/repository/org/apache/hadoop/hadoop-kms/3.3.1/hadoop-kms-3.3.1.jar:/home/runner/.m2/repository/org/apache/hadoop/hadoop-auth/3.3.1/hadoop-auth-3.3.1.jar:/home/runner/.m2/repository/com/nimbusds/nimbus-jose-jwt/7.9/nimbus-jose-jwt-7.9.jar:/home/runner/.m2/repository/com/github/stephenc/jcip/jcip-annotations/1.0-1/jcip-annotations-1.0-1.jar:/home/runner/.m2/repository/net/minidev/json-smart/2.3.1/json-smart-2.3.1.jar:/home/runner/.m2/repository/net/minidev/accessors-smart/2.3.1/accessors-smart-2.3.1.jar:/home/runner/.m2/repository/org/ow2/asm/asm/5.0.4/asm-5.0.4.jar:/home/runner/.m2/repository/org/apache/zookeeper/zookeeper/3.5.6/zookeeper-3.5.6.jar:/home/runner/.m2/repository/org/apache/zookeeper/zookeeper-jute/3.5.6/zookeeper-jute-3.5.6.jar:/home/runner/.m2/repository/org/apache/yetus/audience-annotations/0.5.0/audience-annotations-0.5.0.jar:/home/runner/.m2/repository/org/apache/curator/curator-framework/4.2.0/curator-framework-4.2.0.jar:/home/runner/.m2/repository/org/apache/hadoop/thirdparty/hadoop-shaded-guava/1.1.1/hadoop-shaded-guava-1.1.1.jar:/home/runner/.m2/repository/com/sun/jersey/jersey-core/1.19/jersey-core-1.19.jar:/home/runner/.m2/repository/javax/ws/rs/jsr311-api/1.1.1/jsr311-api-1.1.1.jar:/home/runner/.m2/repository/com/sun/jersey/jersey-server/1.19/jersey-server-1.19.jar:/home/runner/.m2/repository/javax/servlet/javax.servlet-api/3.1.0/javax.servlet-api-3.1.0.jar:/home/runner/.m2/repository/org/eclipse/jetty/jetty-server/9.4.43.v20210629/jetty-server-9.4.43.v20210629.jar:/home/runner/.m2/repository/org/eclipse/jetty/jetty-http/9.4.43.v20210629/jetty-http-9.4.43.v20210629.jar:/home/runner/.m2/repository/org/eclipse/jetty/jetty-io/9.4.43.v20210629/jetty-io-9.4.43.v20210629.jar:/home/runner/.m2/repository/org/eclipse/jetty/jetty-webapp/9.4.43.v20210629/jetty-webapp-9.4.43.v20210629.jar:/home/runner/.m2/repository/org/eclipse/jetty/jetty-xml/9.4.43.v20210629/jetty-xml-9.4.43.v20210629.jar:/home/runner/.m2/repository/org/apache/hadoop/hadoop-common/3.3.1/hadoop-common-3.3.1.jar:/home/runner/.m2/repository/commons-net/commons-net/3.6/commons-net-3.6.jar:/home/runner/.m2/repository/jakarta/activation/jakarta.activation-api/1.2.1/jakarta.activation-api-1.2.1.jar:/home/runner/.m2/repository/com/sun/jersey/jersey-servlet/1.19/jersey-servlet-1.19.jar:/home/runner/.m2/repository/com/sun/jersey/jersey-json/1.19/jersey-json-1.19.jar:/home/runner/.m2/repository/org/codehaus/jettison/jettison/1.1/jettison-1.1.jar:/home/runner/.m2/repository/com/sun/xml/bind/jaxb-impl/2.2.3-1/jaxb-impl-2.2.3-1.jar:/home/runner/.m2/repository/org/codehaus/jackson/jackson-jaxrs/1.9.2/jackson-jaxrs-1.9.2.jar:/home/runner/.m2/repository/org/codehaus/jackson/jackson-xc/1.9.2/jackson-xc-1.9.2.jar:/home/runner/.m2/repository/org/apache/commons/commons-configuration2/2.1.1/commons-configuration2-2.1.1.jar:/home/runner/.m2/repository/org/apache/commons/commons-text/1.4/commons-text-1.4.jar:/home/runner/.m2/repository/com/google/re2j/re2j/1.1/re2j-1.1.jar:/home/runner/.m2/repository/com/jcraft/jsch/0.1.54/jsch-0.1.54.jar:/home/runner/.m2/repository/org/apache/curator/curator-client/4.2.0/curator-client-4.2.0.jar:/home/runner/.m2/repository/org/apache/curator/curator-recipes/4.2.0/curator-recipes-4.2.0.jar:/home/runner/.m2/repository/org/apache/kerby/kerb-core/1.0.1/kerb-core-1.0.1.jar:/home/runner/.m2/repository/org/apache/kerby/kerby-pkix/1.0.1/kerby-pkix-1.0.1.jar:/home/runner/.m2/repository/org/apache/kerby/kerby-asn1/1.0.1/kerby-asn1-1.0.1.jar:/home/runner/.m2/repository/org/apache/kerby/kerby-util/1.0.1/kerby-util-1.0.1.jar:/home/runner/.m2/repository/dnsjava/dnsjava/2.1.7/dnsjava-2.1.7.jar:/home/runner/.m2/repository/org/xerial/snappy/snappy-java/1.1.8.2/snappy-java-1.1.8.2.jar:/home/runner/.m2/repository/org/slf4j/jul-to-slf4j/1.7.30/jul-to-slf4j-1.7.30.jar:/home/runner/.m2/repository/org/eclipse/jetty/jetty-util/9.4.43.v20210629/jetty-util-9.4.43.v20210629.jar:/home/runner/.m2/repository/com/fasterxml/jackson/core/jackson-databind/2.12.1/jackson-databind-2.12.1.jar:/home/runner/.m2/repository/org/apache/hadoop/hadoop-kms/3.3.1/hadoop-kms-3.3.1-tests.jar:/home/runner/.m2/repository/org/apache/ozone/hdds-server-scm/1.2.0-SNAPSHOT/hdds-server-scm-1.2.0-SNAPSHOT-tests.jar:/home/runner/.m2/repository/org/apache/ozone/hdds-container-service/1.2.0-SNAPSHOT/hdds-container-service-1.2.0-SNAPSHOT-tests.jar:/home/runner/.m2/repository/commons-codec/commons-codec/1.11/commons-codec-1.11.jar:/home/runner/.m2/repository/io/netty/netty-transport/4.1.63.Final/netty-transport-4.1.63.Final.jar:/home/runner/.m2/repository/io/netty/netty-resolver/4.1.63.Final/netty-resolver-4.1.63.Final.jar:/home/runner/.m2/repository/io/netty/netty-codec/4.1.63.Final/netty-codec-4.1.63.Final.jar:/home/runner/.m2/repository/io/netty/netty-handler/4.1.63.Final/netty-handler-4.1.63.Final.jar:/home/runner/.m2/repository/org/apache/ozone/hdds-hadoop-dependency-test/1.2.0-SNAPSHOT/hdds-hadoop-dependency-test-1.2.0-SNAPSHOT.jar:/home/runner/.m2/repository/org/apache/hadoop/hadoop-common/3.3.1/hadoop-common-3.3.1-tests.jar:/home/runner/.m2/repository/org/assertj/assertj-core/3.12.2/assertj-core-3.12.2.jar:/home/runner/.m2/repository/org/apache/hadoop/hadoop-hdfs/3.3.1/hadoop-hdfs-3.3.1-tests.jar:/home/runner/.m2/repository/org/eclipse/jetty/jetty-util-ajax/9.4.43.v20210629/jetty-util-ajax-9.4.43.v20210629.jar:/home/runner/.m2/repository/commons-daemon/commons-daemon/1.0.13/commons-daemon-1.0.13.jar:/home/runner/.m2/repository/io/netty/netty/3.10.6.Final/netty-3.10.6.Final.jar:/home/runner/.m2/repository/io/netty/netty-all/4.1.63.Final/netty-all-4.1.63.Final.jar:/home/runner/.m2/repository/org/apache/htrace/htrace-core4/4.1.0-incubating/htrace-core4-4.1.0-incubating.jar:/home/runner/.m2/repository/org/fusesource/leveldbjni/leveldbjni-all/1.8/leveldbjni-all-1.8.jar:/home/runner/.m2/repository/org/apache/hadoop/hadoop-distcp/3.3.1/hadoop-distcp-3.3.1.jar:/home/runner/.m2/repository/org/apache/hadoop/hadoop-mapreduce-client-jobclient/3.3.1/hadoop-mapreduce-client-jobclient-3.3.1.jar:/home/runner/.m2/repository/org/apache/hadoop/hadoop-mapreduce-client-common/3.3.1/hadoop-mapreduce-client-common-3.3.1.jar:/home/runner/.m2/repository/org/apache/hadoop/hadoop-yarn-common/3.3.1/hadoop-yarn-common-3.3.1.jar:/home/runner/.m2/repository/org/apache/hadoop/hadoop-yarn-api/3.3.1/hadoop-yarn-api-3.3.1.jar:/home/runner/.m2/repository/com/sun/jersey/jersey-client/1.19/jersey-client-1.19.jar:/home/runner/.m2/repository/com/sun/jersey/contribs/jersey-guice/1.19/jersey-guice-1.19.jar:/home/runner/.m2/repository/com/fasterxml/jackson/jaxrs/jackson-jaxrs-json-provider/2.12.1/jackson-jaxrs-json-provider-2.12.1.jar:/home/runner/.m2/repository/com/fasterxml/jackson/jaxrs/jackson-jaxrs-base/2.12.1/jackson-jaxrs-base-2.12.1.jar:/home/runner/.m2/repository/org/apache/hadoop/hadoop-yarn-client/3.3.1/hadoop-yarn-client-3.3.1.jar:/home/runner/.m2/repository/org/eclipse/jetty/websocket/websocket-client/9.4.40.v20210413/websocket-client-9.4.40.v20210413.jar:/home/runner/.m2/repository/org/eclipse/jetty/jetty-client/9.4.40.v20210413/jetty-client-9.4.40.v20210413.jar:/home/runner/.m2/repository/org/eclipse/jetty/websocket/websocket-common/9.4.40.v20210413/websocket-common-9.4.40.v20210413.jar:/home/runner/.m2/repository/org/eclipse/jetty/websocket/websocket-api/9.4.40.v20210413/websocket-api-9.4.40.v20210413.jar:/home/runner/.m2/repository/org/jline/jline/3.9.0/jline-3.9.0.jar:/home/runner/.m2/repository/org/apache/hadoop/hadoop-mapreduce-client-core/3.3.1/hadoop-mapreduce-client-core-3.3.1.jar:/home/runner/.m2/repository/org/apache/avro/avro/1.7.7/avro-1.7.7.jar:/home/runner/.m2/repository/org/codehaus/jackson/jackson-core-asl/1.9.13/jackson-core-asl-1.9.13.jar:/home/runner/.m2/repository/org/codehaus/jackson/jackson-mapper-asl/1.9.13/jackson-mapper-asl-1.9.13.jar:/home/runner/.m2/repository/com/thoughtworks/paranamer/paranamer/2.3/paranamer-2.3.jar:/home/runner/.m2/repository/org/apache/hadoop/hadoop-annotations/3.3.1/hadoop-annotations-3.3.1.jar:/usr/lib/jvm/adoptopenjdk-8-hotspot-amd64/jre/../lib/tools.jar:/home/runner/.m2/repository/org/apache/hadoop/hadoop-distcp/3.3.1/hadoop-distcp-3.3.1-tests.jar:/home/runner/.m2/repository/org/apache/ratis/ratis-common/2.2.0/ratis-common-2.2.0.jar:/home/runner/.m2/repository/org/apache/ratis/ratis-thirdparty-misc/0.7.0/ratis-thirdparty-misc-0.7.0.jar:/home/runner/.m2/repository/org/apache/ratis/ratis-proto/2.2.0/ratis-proto-2.2.0.jar:"/>
    <property name="sun.cpu.endian" value="little"/>
    <property name="user.home" value="/home/runner"/>
    <property name="user.language" value="en"/>
    <property name="java.specification.vendor" value="Oracle Corporation"/>
    <property name="java.home" value="/usr/lib/jvm/adoptopenjdk-8-hotspot-amd64/jre"/>
    <property name="java.security.krb5.conf" value="/home/runner/work/ozone/ozone/hadoop-ozone/integration-test/target/test-classes/krb5.conf"/>
    <property name="basedir" value="/home/runner/work/ozone/ozone/hadoop-ozone/integration-test"/>
    <property name="file.separator" value="/"/>
    <property name="line.separator" value="&#10;"/>
    <property name="java.vm.specification.vendor" value="Oracle Corporation"/>
    <property name="java.specification.name" value="Java Platform API Specification"/>
    <property name="java.awt.graphicsenv" value="sun.awt.X11GraphicsEnvironment"/>
    <property name="skip.installnpx" value="true"/>
    <property name="surefire.real.class.path" value="/home/runner/work/ozone/ozone/hadoop-ozone/integration-test/target/surefire/surefirebooter4430298947301069478.jar:/home/runner/.m2/repository/org/jacoco/org.jacoco.agent/0.8.5/org.jacoco.agent-0.8.5-runtime.jar"/>
    <property name="hadoop.log.dir" value="/home/runner/work/ozone/ozone/hadoop-ozone/integration-test/target/log"/>
    <property name="sun.boot.class.path" value="/usr/lib/jvm/adoptopenjdk-8-hotspot-amd64/jre/lib/resources.jar:/usr/lib/jvm/adoptopenjdk-8-hotspot-amd64/jre/lib/rt.jar:/usr/lib/jvm/adoptopenjdk-8-hotspot-amd64/jre/lib/sunrsasign.jar:/usr/lib/jvm/adoptopenjdk-8-hotspot-amd64/jre/lib/jsse.jar:/usr/lib/jvm/adoptopenjdk-8-hotspot-amd64/jre/lib/jce.jar:/usr/lib/jvm/adoptopenjdk-8-hotspot-amd64/jre/lib/charsets.jar:/usr/lib/jvm/adoptopenjdk-8-hotspot-amd64/jre/lib/jfr.jar:/usr/lib/jvm/adoptopenjdk-8-hotspot-amd64/jre/classes"/>
    <property name="sun.management.compiler" value="HotSpot 64-Bit Tiered Compilers"/>
    <property name="skip.npx" value="true"/>
    <property name="java.runtime.version" value="1.8.0_292-b10"/>
    <property name="java.net.preferIPv4Stack" value="true"/>
    <property name="user.name" value="runner"/>
    <property name="path.separator" value=":"/>
    <property name="java.security.egd" value="file:///dev/urandom"/>
    <property name="os.version" value="5.4.0-1063-azure"/>
    <property name="java.endorsed.dirs" value="/usr/lib/jvm/adoptopenjdk-8-hotspot-amd64/jre/lib/endorsed"/>
    <property name="java.runtime.name" value="OpenJDK Runtime Environment"/>
    <property name="file.encoding" value="UTF-8"/>
    <property name="java.vm.name" value="OpenJDK 64-Bit Server VM"/>
    <property name="test.build.webapps" value=""/>
    <property name="localRepository" value="/home/runner/.m2/repository"/>
    <property name="java.vendor.url.bug" value="https://github.com/AdoptOpenJDK/openjdk-support/issues"/>
    <property name="java.io.tmpdir" value="/tmp"/>
    <property name="require.test.libhadoop" value=""/>
    <property name="java.version" value="1.8.0_292"/>
    <property name="user.dir" value="/home/runner/work/ozone/ozone/hadoop-ozone/integration-test"/>
    <property name="os.arch" value="amd64"/>
    <property name="java.vm.specification.name" value="Java Virtual Machine Specification"/>
    <property name="test.build.classes" value="/home/runner/work/ozone/ozone/hadoop-ozone/integration-test/target/test-classes"/>
    <property name="java.awt.printerjob" value="sun.print.PSPrinterJob"/>
    <property name="sun.os.patch.level" value="unknown"/>
    <property name="hadoop.tmp.dir" value="/home/runner/work/ozone/ozone/hadoop-ozone/integration-test/target/tmp"/>
    <property name="java.library.path" value="/usr/java/packages/lib/amd64:/usr/lib64:/lib64:/lib:/usr/lib"/>
    <property name="java.vm.info" value="mixed mode"/>
    <property name="java.vendor" value="AdoptOpenJDK"/>
    <property name="java.vm.version" value="25.292-b10"/>
    <property name="java.ext.dirs" value="/usr/lib/jvm/adoptopenjdk-8-hotspot-amd64/jre/lib/ext:/usr/java/packages/lib/ext"/>
    <property name="sun.io.unicode.encoding" value="UnicodeLittle"/>
    <property name="java.class.version" value="52.0"/>
  </properties>
  <testcase name="testWatchForCommitWithKeyWrite" classname="org.apache.hadoop.ozone.client.rpc.TestWatchForCommit" time="83.252"/>
  <testcase name="testWatchForCommitForRetryfailure" classname="org.apache.hadoop.ozone.client.rpc.TestWatchForCommit" time="89.226">
    <error message="org.apache.ratis.protocol.exceptions.AlreadyClosedException: SlidingWindow$Client:client-82BBA1A0E8EB-&gt;RAFT is closed." type="java.util.concurrent.ExecutionException">java.util.concurrent.ExecutionException: org.apache.ratis.protocol.exceptions.AlreadyClosedException: SlidingWindow$Client:client-82BBA1A0E8EB->RAFT is closed.
	at java.util.concurrent.CompletableFuture.reportGet(CompletableFuture.java:357)
	at java.util.concurrent.CompletableFuture.get(CompletableFuture.java:1908)
	at org.apache.hadoop.ozone.client.rpc.TestWatchForCommit.testWatchForCommitForRetryfailure(TestWatchForCommit.java:266)
	at sun.reflect.NativeMethodAccessorImpl.invoke0(Native Method)
	at sun.reflect.NativeMethodAccessorImpl.invoke(NativeMethodAccessorImpl.java:62)
	at sun.reflect.DelegatingMethodAccessorImpl.invoke(DelegatingMethodAccessorImpl.java:43)
	at java.lang.reflect.Method.invoke(Method.java:498)
	at org.junit.runners.model.FrameworkMethod$1.runReflectiveCall(FrameworkMethod.java:59)
	at org.junit.internal.runners.model.ReflectiveCallable.run(ReflectiveCallable.java:12)
	at org.junit.runners.model.FrameworkMethod.invokeExplosively(FrameworkMethod.java:56)
	at org.junit.internal.runners.statements.InvokeMethod.evaluate(InvokeMethod.java:17)
	at org.junit.internal.runners.statements.RunBefores.evaluate(RunBefores.java:26)
	at org.junit.internal.runners.statements.RunAfters.evaluate(RunAfters.java:27)
	at org.junit.runners.ParentRunner$3.evaluate(ParentRunner.java:306)
	at org.junit.runners.BlockJUnit4ClassRunner$1.evaluate(BlockJUnit4ClassRunner.java:100)
	at org.junit.runners.ParentRunner.runLeaf(ParentRunner.java:366)
	at org.junit.runners.BlockJUnit4ClassRunner.runChild(BlockJUnit4ClassRunner.java:103)
	at org.junit.runners.BlockJUnit4ClassRunner.runChild(BlockJUnit4ClassRunner.java:63)
	at org.junit.runners.ParentRunner$4.run(ParentRunner.java:331)
	at org.junit.runners.ParentRunner$1.schedule(ParentRunner.java:79)
	at org.junit.runners.ParentRunner.runChildren(ParentRunner.java:329)
	at org.junit.runners.ParentRunner.access$100(ParentRunner.java:66)
	at org.junit.runners.ParentRunner$2.evaluate(ParentRunner.java:293)
	at org.junit.runners.ParentRunner$3.evaluate(ParentRunner.java:306)
	at org.junit.runners.ParentRunner.run(ParentRunner.java:413)
	at org.junit.runner.JUnitCore.run(JUnitCore.java:137)
	at org.junit.runner.JUnitCore.run(JUnitCore.java:115)
	at org.junit.vintage.engine.execution.RunnerExecutor.execute(RunnerExecutor.java:43)
	at java.util.stream.ForEachOps$ForEachOp$OfRef.accept(ForEachOps.java:183)
	at java.util.stream.ReferencePipeline$3$1.accept(ReferencePipeline.java:193)
	at java.util.Iterator.forEachRemaining(Iterator.java:116)
	at java.util.Spliterators$IteratorSpliterator.forEachRemaining(Spliterators.java:1801)
	at java.util.stream.AbstractPipeline.copyInto(AbstractPipeline.java:482)
	at java.util.stream.AbstractPipeline.wrapAndCopyInto(AbstractPipeline.java:472)
	at java.util.stream.ForEachOps$ForEachOp.evaluateSequential(ForEachOps.java:150)
	at java.util.stream.ForEachOps$ForEachOp$OfRef.evaluateSequential(ForEachOps.java:173)
	at java.util.stream.AbstractPipeline.evaluate(AbstractPipeline.java:234)
	at java.util.stream.ReferencePipeline.forEach(ReferencePipeline.java:485)
	at org.junit.vintage.engine.VintageTestEngine.executeAllChildren(VintageTestEngine.java:82)
	at org.junit.vintage.engine.VintageTestEngine.execute(VintageTestEngine.java:73)
	at org.junit.platform.launcher.core.EngineExecutionOrchestrator.execute(EngineExecutionOrchestrator.java:108)
	at org.junit.platform.launcher.core.EngineExecutionOrchestrator.execute(EngineExecutionOrchestrator.java:88)
	at org.junit.platform.launcher.core.EngineExecutionOrchestrator.lambda$execute$0(EngineExecutionOrchestrator.java:54)
	at org.junit.platform.launcher.core.EngineExecutionOrchestrator.withInterceptedStreams(EngineExecutionOrchestrator.java:67)
	at org.junit.platform.launcher.core.EngineExecutionOrchestrator.execute(EngineExecutionOrchestrator.java:52)
	at org.junit.platform.launcher.core.DefaultLauncher.execute(DefaultLauncher.java:96)
	at org.junit.platform.launcher.core.DefaultLauncher.execute(DefaultLauncher.java:75)
	at org.apache.maven.surefire.junitplatform.JUnitPlatformProvider.invokeAllTests(JUnitPlatformProvider.java:142)
	at org.apache.maven.surefire.junitplatform.JUnitPlatformProvider.invoke(JUnitPlatformProvider.java:113)
	at org.apache.maven.surefire.booter.ForkedBooter.invokeProviderInSameClassLoader(ForkedBooter.java:384)
	at org.apache.maven.surefire.booter.ForkedBooter.runSuitesInProcess(ForkedBooter.java:345)
	at org.apache.maven.surefire.booter.ForkedBooter.execute(ForkedBooter.java:126)
	at org.apache.maven.surefire.booter.ForkedBooter.main(ForkedBooter.java:418)
Caused by: org.apache.ratis.protocol.exceptions.AlreadyClosedException: SlidingWindow$Client:client-82BBA1A0E8EB->RAFT is closed.
	at org.apache.ratis.util.SlidingWindow$Client.alreadyClosed(SlidingWindow.java:378)
	at org.apache.ratis.util.SlidingWindow$Client.fail(SlidingWindow.java:366)
	at org.apache.ratis.client.impl.OrderedAsync.failAllAsyncRequests(OrderedAsync.java:148)
	at org.apache.ratis.client.impl.OrderedAsync.handleAsyncRetryFailure(OrderedAsync.java:152)
	at org.apache.ratis.client.impl.OrderedAsync.lambda$sendRequest$10(OrderedAsync.java:253)
	at java.util.concurrent.CompletableFuture.uniExceptionally(CompletableFuture.java:884)
	at java.util.concurrent.CompletableFuture$UniExceptionally.tryFire(CompletableFuture.java:866)
	at java.util.concurrent.CompletableFuture.postComplete(CompletableFuture.java:488)
	at java.util.concurrent.CompletableFuture.completeExceptionally(CompletableFuture.java:1990)
	at org.apache.ratis.grpc.client.GrpcClientProtocolClient$AsyncStreamObservers.completeReplyExceptionally(GrpcClientProtocolClient.java:389)
	at org.apache.ratis.grpc.client.GrpcClientProtocolClient$AsyncStreamObservers.access$000(GrpcClientProtocolClient.java:295)
	at org.apache.ratis.grpc.client.GrpcClientProtocolClient$AsyncStreamObservers$1.onNext(GrpcClientProtocolClient.java:309)
	at org.apache.ratis.grpc.client.GrpcClientProtocolClient$AsyncStreamObservers$1.onNext(GrpcClientProtocolClient.java:300)
	at org.apache.ratis.thirdparty.io.grpc.stub.ClientCalls$StreamObserverToCallListenerAdapter.onMessage(ClientCalls.java:465)
	at org.apache.ratis.thirdparty.io.grpc.ForwardingClientCallListener.onMessage(ForwardingClientCallListener.java:33)
	at org.apache.ratis.thirdparty.io.grpc.internal.DelayedClientCall$DelayedListener.onMessage(DelayedClientCall.java:447)
	at org.apache.ratis.thirdparty.io.grpc.internal.ClientCallImpl$ClientStreamListenerImpl$1MessagesAvailable.runInternal(ClientCallImpl.java:715)
	at org.apache.ratis.thirdparty.io.grpc.internal.ClientCallImpl$ClientStreamListenerImpl$1MessagesAvailable.runInContext(ClientCallImpl.java:700)
	at org.apache.ratis.thirdparty.io.grpc.internal.ContextRunnable.run(ContextRunnable.java:37)
	at org.apache.ratis.thirdparty.io.grpc.internal.SerializingExecutor.run(SerializingExecutor.java:123)
	at java.util.concurrent.ThreadPoolExecutor.runWorker(ThreadPoolExecutor.java:1149)
	at java.util.concurrent.ThreadPoolExecutor$Worker.run(ThreadPoolExecutor.java:624)
	at java.lang.Thread.run(Thread.java:748)
Caused by: org.apache.ratis.protocol.exceptions.RaftRetryFailureException: Failed RaftClientRequest:client-82BBA1A0E8EB->e244018c-c6e8-4e9d-8a67-72ce71f64a2e@group-7B4FBFA5AF04, cid=40, seq=1*, Watch(0), null for 4 attempts with RequestTypeDependentRetryPolicy{WRITE->org.apache.ratis.retry.ExceptionDependentRetry@37b2922a, WATCH->org.apache.ratis.retry.ExceptionDependentRetry@1dd0d09b}
	at org.apache.ratis.client.impl.RaftClientImpl.noMoreRetries(RaftClientImpl.java:272)
	... 20 more
Caused by: org.apache.ratis.protocol.exceptions.NotLeaderException: Server e244018c-c6e8-4e9d-8a67-72ce71f64a2e@group-7B4FBFA5AF04 is not the leader
	at org.apache.ratis.client.impl.ClientProtoUtils.toRaftClientReply(ClientProtoUtils.java:378)
	at org.apache.ratis.grpc.client.GrpcClientProtocolClient$AsyncStreamObservers$1.onNext(GrpcClientProtocolClient.java:305)
	... 11 more
</error>
    <system-out><![CDATA[2021-11-25 02:27:42,528 [Listener at 127.0.0.1/40685] WARN  server.ServerUtils (ServerUtils.java:getScmDbDir(148)) - ozone.scm.db.dirs is not configured. We recommend adding this setting. Falling back to ozone.metadata.dirs instead.
2021-11-25 02:27:42,541 [Listener at 127.0.0.1/40685] INFO  ha.SCMHANodeDetails (SCMHANodeDetails.java:loadSCMHAConfig(157)) - ServiceID for StorageContainerManager is null
2021-11-25 02:27:42,542 [Listener at 127.0.0.1/40685] INFO  ha.SCMHANodeDetails (SCMHANodeDetails.java:loadSCMHAConfig(162)) - ozone.scm.default.service.id is not defined, falling back to ozone.scm.service.ids to find serviceID for StorageContainerManager if it is HA enabled cluster
2021-11-25 02:27:42,546 [Listener at 127.0.0.1/40685] WARN  server.ServerUtils (ServerUtils.java:getScmDbDir(148)) - ozone.scm.db.dirs is not configured. We recommend adding this setting. Falling back to ozone.metadata.dirs instead.
2021-11-25 02:27:42,546 [Listener at 127.0.0.1/40685] INFO  upgrade.AbstractLayoutVersionManager (AbstractLayoutVersionManager.java:init(79)) - Initializing Layout version manager with metadata layout = SCM_HA (version = 2), software layout = SCM_HA (version = 2)
2021-11-25 02:27:42,708 [Listener at 127.0.0.1/40685] INFO  reflections.Reflections (Reflections.java:scan(232)) - Reflections took 160 ms to scan 7 urls, producing 119 keys and 279 values 
2021-11-25 02:27:42,716 [Listener at 127.0.0.1/40685] WARN  utils.HAUtils (HAUtils.java:getMetaDir(342)) - ozone.scm.db.dirs is not configured. We recommend adding this setting. Falling back to ozone.metadata.dirs instead.
2021-11-25 02:27:42,717 [Listener at 127.0.0.1/40685] WARN  db.DBStoreBuilder (DBStoreBuilder.java:applyDBDefinition(145)) - ozone.scm.db.dirs is not configured. We recommend adding this setting. Falling back to ozone.metadata.dirs instead.
2021-11-25 02:27:43,055 [Listener at 127.0.0.1/40685] INFO  net.NodeSchemaLoader (NodeSchemaLoader.java:loadSchemaFromFile(129)) - Loading schema from [jar:file:/home/runner/.m2/repository/org/apache/ozone/hdds-common/1.2.0-SNAPSHOT/hdds-common-1.2.0-SNAPSHOT.jar!/network-topology-default.xml]
2021-11-25 02:27:43,069 [Listener at 127.0.0.1/40685] INFO  net.NodeSchemaLoader (NodeSchemaLoader.java:loadSchema(176)) - Loading network topology layer schema file
2021-11-25 02:27:43,072 [Listener at 127.0.0.1/40685] WARN  impl.MetricRegistriesImpl (MetricRegistriesImpl.java:addReporterRegistration(111)) - New reporters are added after registries were created. Some metrics will be missing from the reporter. Please add reporter before adding any new registry.
2021-11-25 02:27:43,083 [Listener at 127.0.0.1/40685] WARN  impl.MetricRegistriesImpl (MetricRegistriesImpl.java:addReporterRegistration(111)) - New reporters are added after registries were created. Some metrics will be missing from the reporter. Please add reporter before adding any new registry.
2021-11-25 02:27:43,084 [Listener at 127.0.0.1/40685] INFO  ha.SequenceIdGenerator (SequenceIdGenerator.java:upgradeToSequenceId(347)) - upgrade localId to 107544261427200000
2021-11-25 02:27:43,084 [Listener at 127.0.0.1/40685] INFO  ha.SequenceIdGenerator (SequenceIdGenerator.java:upgradeToSequenceId(357)) - upgrade delTxnId to 0
2021-11-25 02:27:43,084 [Listener at 127.0.0.1/40685] INFO  ha.SequenceIdGenerator (SequenceIdGenerator.java:upgradeToSequenceId(371)) - upgrade containerId to 0
2021-11-25 02:27:43,085 [Listener at 127.0.0.1/40685] INFO  ha.SequenceIdGenerator (SequenceIdGenerator.java:<init>(218)) - Init the HA SequenceIdGenerator.
2021-11-25 02:27:43,102 [Listener at 127.0.0.1/40685] INFO  node.SCMNodeManager (SCMNodeManager.java:<init>(144)) - Entering startup safe mode.
2021-11-25 02:27:43,103 [Listener at 127.0.0.1/40685] INFO  algorithms.ContainerPlacementPolicyFactory (ContainerPlacementPolicyFactory.java:getPolicy(60)) - Create container placement policy of type org.apache.hadoop.hdds.scm.container.placement.algorithms.SCMContainerPlacementRandom
2021-11-25 02:27:43,103 [Listener at 127.0.0.1/40685] INFO  pipeline.PipelineStateManagerImpl (PipelineStateManagerImpl.java:initialize(78)) - No pipeline exists in current db
2021-11-25 02:27:43,104 [Listener at 127.0.0.1/40685] INFO  algorithms.LeaderChoosePolicyFactory (LeaderChoosePolicyFactory.java:getPolicy(57)) - Create leader choose policy of type org.apache.hadoop.hdds.scm.pipeline.leader.choose.algorithms.MinLeaderCountChoosePolicy
2021-11-25 02:27:43,104 [Listener at 127.0.0.1/40685] INFO  ha.SCMServiceManager (SCMServiceManager.java:register(43)) - Registering service BackgroundPipelineCreator.
2021-11-25 02:27:43,104 [Listener at 127.0.0.1/40685] INFO  pipeline.BackgroundPipelineCreator (BackgroundPipelineCreator.java:start(130)) - Starting RatisPipelineUtilsThread.
2021-11-25 02:27:43,109 [Listener at 127.0.0.1/40685] INFO  algorithms.PipelineChoosePolicyFactory (PipelineChoosePolicyFactory.java:createPipelineChoosePolicyFromClass(73)) - Create pipeline choose policy of type org.apache.hadoop.hdds.scm.pipeline.choose.algorithms.RandomPipelineChoosePolicy
2021-11-25 02:27:43,110 [Listener at 127.0.0.1/40685] INFO  ha.SCMServiceManager (SCMServiceManager.java:register(43)) - Registering service SCMBlockDeletingService.
2021-11-25 02:27:43,110 [Listener at 127.0.0.1/40685] INFO  ha.SCMServiceManager (SCMServiceManager.java:register(43)) - Registering service ReplicationManager.
2021-11-25 02:27:43,110 [Listener at 127.0.0.1/40685] INFO  container.ReplicationManager (ReplicationManager.java:start(319)) - Starting Replication Monitor Thread.
2021-11-25 02:27:43,119 [Listener at 127.0.0.1/40685] INFO  safemode.ContainerSafeModeRule (ContainerSafeModeRule.java:<init>(89)) - containers with one replica threshold count 0
2021-11-25 02:27:43,119 [Listener at 127.0.0.1/40685] INFO  safemode.HealthyPipelineSafeModeRule (HealthyPipelineSafeModeRule.java:initializeRule(156)) - Total pipeline count is 0, healthy pipeline threshold count is 1
2021-11-25 02:27:43,120 [Listener at 127.0.0.1/40685] INFO  safemode.OneReplicaPipelineSafeModeRule (OneReplicaPipelineSafeModeRule.java:initializeRule(180)) - Total pipeline count is 0, pipeline's with at least one datanode reported threshold count is 0
2021-11-25 02:27:43,138 [ReplicationMonitor] INFO  container.ReplicationManager (ReplicationManager.java:processAll(371)) - Replication Monitor Thread took 0 milliseconds for processing 0 containers.
2021-11-25 02:27:43,154 [Listener at 127.0.0.1/40685] INFO  ipc.CallQueueManager (CallQueueManager.java:<init>(90)) - Using callQueue: class java.util.concurrent.LinkedBlockingQueue, queueCapacity: 2000, scheduler: class org.apache.hadoop.ipc.DefaultRpcScheduler, ipcBackoff: false.
2021-11-25 02:27:43,178 [Socket Reader #1 for port 0] INFO  ipc.Server (Server.java:run(1265)) - Starting Socket Reader #1 for port 0
2021-11-25 02:27:43,182 [Listener at 0.0.0.0/38213] INFO  ipc.CallQueueManager (CallQueueManager.java:<init>(90)) - Using callQueue: class java.util.concurrent.LinkedBlockingQueue, queueCapacity: 2000, scheduler: class org.apache.hadoop.ipc.DefaultRpcScheduler, ipcBackoff: false.
2021-11-25 02:27:43,209 [Socket Reader #1 for port 0] INFO  ipc.Server (Server.java:run(1265)) - Starting Socket Reader #1 for port 0
2021-11-25 02:27:43,214 [Listener at 0.0.0.0/38033] INFO  ipc.CallQueueManager (CallQueueManager.java:<init>(90)) - Using callQueue: class java.util.concurrent.LinkedBlockingQueue, queueCapacity: 2000, scheduler: class org.apache.hadoop.ipc.DefaultRpcScheduler, ipcBackoff: false.
2021-11-25 02:27:43,225 [Socket Reader #1 for port 0] INFO  ipc.Server (Server.java:run(1265)) - Starting Socket Reader #1 for port 0
2021-11-25 02:27:43,303 [Listener at 0.0.0.0/42593] INFO  algorithms.ContainerPlacementPolicyFactory (ContainerPlacementPolicyFactory.java:getPolicy(60)) - Create container placement policy of type org.apache.hadoop.hdds.scm.container.placement.algorithms.SCMContainerPlacementRandom
2021-11-25 02:27:43,329 [Listener at 0.0.0.0/42593] INFO  server.StorageContainerManager (StorageContainerManager.java:<init>(388)) - 
Container Balancer status:
Key                            Value
Running                        false
Container Balancer Configuration values:
Key                                                Value
Threshold                                          0.1
Max Datanodes to Involve per Iteration(ratio)      0.2
Max Size to Move per Iteration                     30GB
Max Size Entering Target per Iteration             1GB
Max Size Leaving Source per Iteration              1GB

2021-11-25 02:27:43,337 [Listener at 0.0.0.0/42593] WARN  events.EventQueue (EventQueue.java:fireEvent(194)) - No event handler registered for event TypedEvent{payloadType=SafeModeStatus, name='Safe mode status'}
2021-11-25 02:27:43,338 [Listener at 0.0.0.0/42593] INFO  ha.SCMContext (SCMContext.java:updateSafeModeStatus(205)) - Update SafeModeStatus from SafeModeStatus{safeModeStatus=true, preCheckPassed=false} to SafeModeStatus{safeModeStatus=true, preCheckPassed=false}.
2021-11-25 02:27:43,338 [Listener at 0.0.0.0/42593] INFO  server.StorageContainerManager (StorageContainerManager.java:start(1303)) - StorageContainerLocationProtocol RPC server is listening at /0.0.0.0:42593
2021-11-25 02:27:43,340 [Listener at 0.0.0.0/42593] WARN  impl.MetricsConfig (MetricsConfig.java:loadFirst(136)) - Cannot locate configuration: tried hadoop-metrics2-storagecontainermanager.properties,hadoop-metrics2.properties
2021-11-25 02:27:43,341 [Listener at 0.0.0.0/42593] INFO  impl.MetricsSystemImpl (MetricsSystemImpl.java:startTimer(378)) - Scheduled Metric snapshot period at 10 second(s).
2021-11-25 02:27:43,341 [Listener at 0.0.0.0/42593] INFO  impl.MetricsSystemImpl (MetricsSystemImpl.java:start(191)) - StorageContainerManager metrics system started
2021-11-25 02:27:43,360 [Listener at 0.0.0.0/42593] INFO  impl.MetricsSinkAdapter (MetricsSinkAdapter.java:start(204)) - Sink prometheus started
2021-11-25 02:27:43,373 [Listener at 0.0.0.0/42593] INFO  impl.MetricsSystemImpl (MetricsSystemImpl.java:registerSink(305)) - Registered sink prometheus
2021-11-25 02:27:43,442 [Listener at 0.0.0.0/42593] INFO  server.SCMClientProtocolServer (SCMClientProtocolServer.java:start(164)) - RPC server for Client  is listening at /0.0.0.0:42593
2021-11-25 02:27:43,457 [IPC Server Responder] INFO  ipc.Server (Server.java:run(1507)) - IPC Server Responder: starting
2021-11-25 02:27:43,501 [IPC Server listener on 0] INFO  ipc.Server (Server.java:run(1344)) - IPC Server listener on 0: starting
2021-11-25 02:27:43,629 [Listener at 0.0.0.0/42593] INFO  server.StorageContainerManager (StorageContainerManager.java:start(1318)) - ScmBlockLocationProtocol RPC server is listening at /0.0.0.0:38033
2021-11-25 02:27:43,630 [Listener at 0.0.0.0/42593] INFO  server.SCMBlockProtocolServer (SCMBlockProtocolServer.java:start(151)) - RPC server for Block Protocol is listening at /0.0.0.0:38033
2021-11-25 02:27:43,631 [IPC Server Responder] INFO  ipc.Server (Server.java:run(1507)) - IPC Server Responder: starting
2021-11-25 02:27:43,653 [IPC Server listener on 0] INFO  ipc.Server (Server.java:run(1344)) - IPC Server listener on 0: starting
2021-11-25 02:27:43,818 [Listener at 0.0.0.0/42593] INFO  server.StorageContainerManager (StorageContainerManager.java:start(1324)) - ScmDatanodeProtocl RPC server is listening at /0.0.0.0:38213
2021-11-25 02:27:43,818 [Listener at 0.0.0.0/42593] INFO  server.SCMDatanodeProtocolServer (SCMDatanodeProtocolServer.java:start(181)) - RPC server for DataNodes is listening at /0.0.0.0:38213
2021-11-25 02:27:43,819 [IPC Server Responder] INFO  ipc.Server (Server.java:run(1507)) - IPC Server Responder: starting
2021-11-25 02:27:43,819 [IPC Server listener on 0] INFO  ipc.Server (Server.java:run(1344)) - IPC Server listener on 0: starting
2021-11-25 02:27:43,925 [org.apache.hadoop.util.JvmPauseMonitor$Monitor@5ee4c633] INFO  util.JvmPauseMonitor (JvmPauseMonitor.java:run(188)) - Starting JVM pause monitor
2021-11-25 02:27:43,926 [Listener at 0.0.0.0/42593] INFO  http.BaseHttpServer (BaseHttpServer.java:newHttpServer2BuilderForOzone(209)) - Starting Web-server for scm at: http://0.0.0.0:0
2021-11-25 02:27:43,926 [Listener at 0.0.0.0/42593] INFO  http.BaseHttpServer (BaseHttpServer.java:<init>(107)) - Hadoop Security Enabled: false Ozone Security Enabled: false Ozone HTTP Security Enabled: false 
2021-11-25 02:27:43,927 [Listener at 0.0.0.0/42593] INFO  server.AuthenticationFilter (AuthenticationFilter.java:constructSecretProvider(240)) - Unable to initialize FileSignerSecretProvider, falling back to use random secrets.
2021-11-25 02:27:43,937 [Listener at 0.0.0.0/42593] WARN  http.HttpRequestLog (HttpRequestLog.java:getRequestLog(103)) - Jetty request log can only be enabled using Log4j
2021-11-25 02:27:43,938 [Listener at 0.0.0.0/42593] INFO  http.HttpServer2 (HttpServer2.java:addGlobalFilter(1030)) - Added global filter 'safety' (class=org.apache.hadoop.hdds.server.http.HttpServer2$QuotingInputFilter)
2021-11-25 02:27:43,939 [Listener at 0.0.0.0/42593] INFO  http.HttpServer2 (HttpServer2.java:addFilter(1006)) - Added filter static_user_filter (class=org.apache.hadoop.http.lib.StaticUserWebFilter$StaticUserFilter) to context scm
2021-11-25 02:27:43,939 [Listener at 0.0.0.0/42593] INFO  http.HttpServer2 (HttpServer2.java:addFilter(1014)) - Added filter static_user_filter (class=org.apache.hadoop.http.lib.StaticUserWebFilter$StaticUserFilter) to context static
2021-11-25 02:27:43,939 [Listener at 0.0.0.0/42593] INFO  http.HttpServer2 (HttpServer2.java:addFilter(1014)) - Added filter static_user_filter (class=org.apache.hadoop.http.lib.StaticUserWebFilter$StaticUserFilter) to context logs
2021-11-25 02:27:43,940 [Listener at 0.0.0.0/42593] INFO  http.HttpServer2 (HttpServer2.java:bindListener(1249)) - Jetty bound to port 45949
2021-11-25 02:27:43,940 [Listener at 0.0.0.0/42593] INFO  server.Server (Server.java:doStart(375)) - jetty-9.4.43.v20210629; built: 2021-06-30T11:07:22.254Z; git: 526006ecfa3af7f1a27ef3a288e2bef7ea9dd7e8; jvm 1.8.0_292-b10
2021-11-25 02:27:43,981 [Listener at 0.0.0.0/42593] INFO  server.session (DefaultSessionIdManager.java:doStart(334)) - DefaultSessionIdManager workerName=node0
2021-11-25 02:27:43,982 [Listener at 0.0.0.0/42593] INFO  server.session (DefaultSessionIdManager.java:doStart(339)) - No SessionScavenger set, using defaults
2021-11-25 02:27:43,982 [Listener at 0.0.0.0/42593] INFO  server.session (HouseKeeper.java:startScavenging(132)) - node0 Scavenging every 660000ms
2021-11-25 02:27:43,983 [Listener at 0.0.0.0/42593] INFO  handler.ContextHandler (ContextHandler.java:doStart(915)) - Started o.e.j.s.ServletContextHandler@71b326bf{logs,/logs,file:///home/runner/work/ozone/ozone/hadoop-ozone/integration-test/target/log,AVAILABLE}
2021-11-25 02:27:43,983 [Listener at 0.0.0.0/42593] INFO  handler.ContextHandler (ContextHandler.java:doStart(915)) - Started o.e.j.s.ServletContextHandler@1beb4a0d{static,/static,file:///home/runner/work/ozone/ozone/hadoop-ozone/integration-test/target/test-classes/webapps/static,AVAILABLE}
2021-11-25 02:27:43,999 [Listener at 0.0.0.0/42593] INFO  handler.ContextHandler (ContextHandler.java:doStart(915)) - Started o.e.j.w.WebAppContext@18973d91{scm,/,file:///home/runner/work/ozone/ozone/hadoop-ozone/integration-test/target/test-classes/webapps/scm/,AVAILABLE}{file:/home/runner/work/ozone/ozone/hadoop-ozone/integration-test/target/test-classes/webapps/scm}
2021-11-25 02:27:44,002 [Listener at 0.0.0.0/42593] INFO  server.AbstractConnector (AbstractConnector.java:doStart(331)) - Started ServerConnector@5938eb23{HTTP/1.1, (http/1.1)}{0.0.0.0:45949}
2021-11-25 02:27:44,002 [Listener at 0.0.0.0/42593] INFO  server.Server (Server.java:doStart(415)) - Started @85847ms
2021-11-25 02:27:44,002 [Listener at 0.0.0.0/42593] WARN  impl.MetricsSystemImpl (MetricsSystemImpl.java:register(279)) - Sink prometheus already exists!
2021-11-25 02:27:44,003 [Listener at 0.0.0.0/42593] INFO  http.BaseHttpServer (BaseHttpServer.java:updateConnectorAddress(329)) - HTTP server of scm listening at http://0.0.0.0:45949
2021-11-25 02:27:44,017 [Listener at 0.0.0.0/42593] WARN  server.ServerUtils (ServerUtils.java:getDBPath(225)) - ozone.om.db.dirs is not configured. We recommend adding this setting. Falling back to ozone.metadata.dirs instead.
2021-11-25 02:27:44,019 [Listener at 0.0.0.0/42593] INFO  ha.OMHANodeDetails (OMHANodeDetails.java:loadOMHAConfig(112)) - ozone.om.internal.service.id is not defined, falling back to ozone.om.service.ids to find serviceID for OzoneManager if it is HA enabled cluster
2021-11-25 02:27:44,020 [Listener at 0.0.0.0/42593] INFO  ha.OMHANodeDetails (OMHANodeDetails.java:loadOMHAConfig(217)) - Configuration does not have ozone.om.address set. Falling back to the default OM address /127.0.0.1:0
2021-11-25 02:27:44,020 [Listener at 0.0.0.0/42593] INFO  ha.OMHANodeDetails (OMHANodeDetails.java:getOMNodeDetailsForNonHA(245)) - OM Service ID is not set. Setting it to the default ID: omServiceIdDefault
2021-11-25 02:27:44,020 [Listener at 0.0.0.0/42593] INFO  ha.OMHANodeDetails (OMHANodeDetails.java:getOMNodeDetailsForNonHA(252)) - OM Node ID is not set. Setting it to the default ID: om1
2021-11-25 02:27:44,020 [Listener at 0.0.0.0/42593] WARN  server.ServerUtils (ServerUtils.java:getDBPath(225)) - ozone.om.db.dirs is not configured. We recommend adding this setting. Falling back to ozone.metadata.dirs instead.
2021-11-25 02:27:44,029 [Listener at 0.0.0.0/42593] INFO  upgrade.AbstractLayoutVersionManager (AbstractLayoutVersionManager.java:init(79)) - Initializing Layout version manager with metadata layout = INITIAL_VERSION (version = 0), software layout = INITIAL_VERSION (version = 0)
2021-11-25 02:27:44,241 [Listener at 0.0.0.0/42593] INFO  reflections.Reflections (Reflections.java:scan(232)) - Reflections took 208 ms to scan 2 urls, producing 132 keys and 344 values [using 2 cores]
2021-11-25 02:27:44,242 [Listener at 0.0.0.0/42593] INFO  upgrade.OMLayoutVersionManager (OMLayoutVersionManager.java:lambda$0(115)) - Skipping Upgrade Action MockOmUpgradeAction since it has been finalized.
2021-11-25 02:27:44,242 [Listener at 0.0.0.0/42593] WARN  server.ServerUtils (ServerUtils.java:getDBPath(225)) - ozone.om.db.dirs is not configured. We recommend adding this setting. Falling back to ozone.metadata.dirs instead.
2021-11-25 02:27:44,284 [Listener at 0.0.0.0/42593] WARN  server.ServerUtils (ServerUtils.java:getDBPath(225)) - ozone.om.db.dirs is not configured. We recommend adding this setting. Falling back to ozone.metadata.dirs instead.
2021-11-25 02:27:44,284 [Listener at 0.0.0.0/42593] INFO  codec.OmKeyInfoCodec (OmKeyInfoCodec.java:<init>(50)) - OmKeyInfoCodec ignorePipeline = true
2021-11-25 02:27:44,285 [Listener at 0.0.0.0/42593] INFO  codec.RepeatedOmKeyInfoCodec (RepeatedOmKeyInfoCodec.java:<init>(42)) - RepeatedOmKeyInfoCodec ignorePipeline = true
2021-11-25 02:27:44,762 [Listener at 0.0.0.0/42593] INFO  om.OzoneManager (OzoneManager.java:addS3GVolumeToDB(3609)) - Created Volume s3v With Owner runner required for S3Gateway operations.
2021-11-25 02:27:44,763 [Listener at 0.0.0.0/42593] WARN  server.ServerUtils (ServerUtils.java:getDefaultRatisDirectory(237)) - Storage directory for Ratis is not configured. It is a good idea to map this to an SSD disk. Falling back to ozone.metadata.dirs
2021-11-25 02:27:44,769 [Listener at 0.0.0.0/42593] WARN  utils.OzoneManagerRatisUtils (OzoneManagerRatisUtils.java:getOMRatisSnapshotDirectory(425)) - ozone.om.ratis.snapshot.dir is not configured. Falling back to ozone.metadata.dirs config
2021-11-25 02:27:44,770 [Listener at 0.0.0.0/42593] WARN  impl.MetricRegistriesImpl (MetricRegistriesImpl.java:addReporterRegistration(111)) - New reporters are added after registries were created. Some metrics will be missing from the reporter. Please add reporter before adding any new registry.
2021-11-25 02:27:44,770 [Listener at 0.0.0.0/42593] WARN  impl.MetricRegistriesImpl (MetricRegistriesImpl.java:addReporterRegistration(111)) - New reporters are added after registries were created. Some metrics will be missing from the reporter. Please add reporter before adding any new registry.
2021-11-25 02:27:44,770 [Listener at 0.0.0.0/42593] WARN  server.ServerUtils (ServerUtils.java:getDefaultRatisDirectory(237)) - Storage directory for Ratis is not configured. It is a good idea to map this to an SSD disk. Falling back to ozone.metadata.dirs
2021-11-25 02:27:44,771 [Listener at 0.0.0.0/42593] INFO  ratis.OzoneManagerRatisServer (OzoneManagerRatisServer.java:<init>(159)) - Instantiating OM Ratis server with groupID: omServiceIdDefault and peers: localhost:9872
2021-11-25 02:27:44,779 [Listener at 0.0.0.0/42593] INFO  ratis.OzoneManagerStateMachine (OzoneManagerStateMachine.java:loadSnapshotInfoFromDB(605)) - LastAppliedIndex is set from TransactionInfo from OM DB as (t:0, i:~)
2021-11-25 02:27:44,786 [Listener at 0.0.0.0/42593] INFO  server.RaftServer (ConfUtils.java:logGet(44)) - raft.rpc.type = GRPC (default)
2021-11-25 02:27:44,786 [Listener at 0.0.0.0/42593] INFO  grpc.GrpcFactory (GrpcFactory.java:checkPooledByteBufAllocatorUseCacheForAllThreads(48)) - PERFORMANCE WARNING: useCacheForAllThreads is true that may cause Netty to create a lot garbage objects and, as a result, trigger GC.
	It is recommended to disable useCacheForAllThreads by setting -Dorg.apache.ratis.thirdparty.io.netty.allocator.useCacheForAllThreads=false in command line.
2021-11-25 02:27:44,787 [Listener at 0.0.0.0/42593] INFO  grpc.GrpcConfigKeys (ConfUtils.java:logGet(44)) - raft.grpc.admin.port = -1 (default)
2021-11-25 02:27:44,787 [Listener at 0.0.0.0/42593] INFO  grpc.GrpcConfigKeys (ConfUtils.java:logGet(44)) - raft.grpc.server.port = 9872 (custom)
2021-11-25 02:27:44,787 [Listener at 0.0.0.0/42593] INFO  grpc.GrpcConfigKeys (ConfUtils.java:logGet(44)) - raft.grpc.client.port = -1 (default)
2021-11-25 02:27:44,787 [Listener at 0.0.0.0/42593] INFO  grpc.GrpcConfigKeys (ConfUtils.java:logGet(44)) - raft.grpc.server.port = 9872 (custom)
2021-11-25 02:27:44,787 [Listener at 0.0.0.0/42593] INFO  grpc.GrpcConfigKeys (ConfUtils.java:logGet(44)) - raft.grpc.server.port = 9872 (custom)
2021-11-25 02:27:44,787 [Listener at 0.0.0.0/42593] INFO  server.GrpcService (ConfUtils.java:logGet(44)) - raft.grpc.message.size.max = 33554432 (custom)
2021-11-25 02:27:44,787 [Listener at 0.0.0.0/42593] INFO  server.RaftServerConfigKeys (ConfUtils.java:logGet(44)) - raft.server.log.appender.buffer.byte-limit = 33554432 (custom)
2021-11-25 02:27:44,788 [Listener at 0.0.0.0/42593] INFO  server.GrpcService (ConfUtils.java:logGet(44)) - raft.grpc.flow.control.window = 1MB (=1048576) (default)
2021-11-25 02:27:44,788 [Listener at 0.0.0.0/42593] INFO  server.RaftServerConfigKeys (ConfUtils.java:logGet(44)) - raft.server.rpc.request.timeout = 3000ms (default)
2021-11-25 02:27:44,789 [Listener at 0.0.0.0/42593] INFO  impl.DataStreamServerImpl (ConfUtils.java:logGet(44)) - raft.datastream.type = DISABLED (default)
2021-11-25 02:27:44,797 [Listener at 0.0.0.0/42593] INFO  server.RaftServerConfigKeys (ConfUtils.java:logGet(44)) - raft.server.rpc.slowness.timeout = 120s (custom)
2021-11-25 02:27:44,798 [Listener at 0.0.0.0/42593] INFO  server.RaftServerConfigKeys (ConfUtils.java:logGet(44)) - raft.server.leaderelection.leader.step-down.wait-time = 10s (default)
2021-11-25 02:27:44,798 [Listener at 0.0.0.0/42593] INFO  server.RaftServerConfigKeys (ConfUtils.java:logGet(44)) - raft.server.storage.dir = [/home/runner/work/ozone/ozone/hadoop-ozone/integration-test/target/test-dir/MiniOzoneClusterImpl-bf1a4df1-220d-4f19-a3f2-d6f00535f443/ozone-meta/ratis] (custom)
2021-11-25 02:27:44,813 [Listener at 0.0.0.0/42593] INFO  server.RaftServer (RaftServerProxy.java:addNew(95)) - om1: addNew group-C5BA1605619E:[om1|rpc:localhost:9872|priority:0] returns group-C5BA1605619E:java.util.concurrent.CompletableFuture@5b49ebb2[Not completed]
2021-11-25 02:27:44,814 [pool-296-thread-1] INFO  server.RaftServer$Division (RaftServerImpl.java:<init>(184)) - om1: new RaftServerImpl for group-C5BA1605619E:[om1|rpc:localhost:9872|priority:0] with OzoneManagerStateMachine:uninitialized
2021-11-25 02:27:44,814 [Listener at 0.0.0.0/42593] INFO  om.OzoneManager (OzoneManager.java:initializeRatisServer(1771)) - OzoneManager Ratis server initialized at port 9872
2021-11-25 02:27:44,822 [Listener at 0.0.0.0/42593] INFO  ipc.CallQueueManager (CallQueueManager.java:<init>(90)) - Using callQueue: class java.util.concurrent.LinkedBlockingQueue, queueCapacity: 2000, scheduler: class org.apache.hadoop.ipc.DefaultRpcScheduler, ipcBackoff: false.
2021-11-25 02:27:44,814 [pool-296-thread-1] INFO  server.RaftServerConfigKeys (ConfUtils.java:logGet(44)) - raft.server.rpc.timeout.min = 1s (custom)
2021-11-25 02:27:44,829 [pool-296-thread-1] INFO  server.RaftServerConfigKeys (ConfUtils.java:logGet(44)) - raft.server.rpc.timeout.max = 1200ms (custom)
2021-11-25 02:27:44,829 [pool-296-thread-1] INFO  server.RaftServerConfigKeys (ConfUtils.java:logGet(44)) - raft.server.rpc.sleep.time = 25ms (default)
2021-11-25 02:27:44,829 [Socket Reader #1 for port 0] INFO  ipc.Server (Server.java:run(1265)) - Starting Socket Reader #1 for port 0
2021-11-25 02:27:44,837 [pool-296-thread-1] INFO  server.RaftServerConfigKeys (ConfUtils.java:logGet(44)) - raft.server.rpc.slowness.timeout = 120s (custom)
2021-11-25 02:27:44,837 [pool-296-thread-1] INFO  server.RaftServerConfigKeys (ConfUtils.java:logGet(44)) - raft.server.leaderelection.leader.step-down.wait-time = 10s (default)
2021-11-25 02:27:44,837 [pool-296-thread-1] INFO  server.RaftServerConfigKeys (ConfUtils.java:logGet(44)) - raft.server.sleep.deviation.threshold = 300ms (default)
2021-11-25 02:27:44,838 [pool-296-thread-1] INFO  server.RaftServerConfigKeys (ConfUtils.java:logGet(44)) - raft.server.log.appender.install.snapshot.enabled = false (custom)
2021-11-25 02:27:44,838 [pool-296-thread-1] INFO  server.RaftServer$Division (ServerState.java:<init>(105)) - om1@group-C5BA1605619E: ConfigurationManager, init=-1: [om1|rpc:localhost:9872|priority:0], old=null, confs=<EMPTY_MAP>
2021-11-25 02:27:44,838 [pool-296-thread-1] INFO  server.RaftServerConfigKeys (ConfUtils.java:logGet(44)) - raft.server.storage.dir = [/home/runner/work/ozone/ozone/hadoop-ozone/integration-test/target/test-dir/MiniOzoneClusterImpl-bf1a4df1-220d-4f19-a3f2-d6f00535f443/ozone-meta/ratis] (custom)
2021-11-25 02:27:44,838 [pool-296-thread-1] INFO  server.RaftServerConfigKeys (ConfUtils.java:logGet(44)) - raft.server.log.corruption.policy = EXCEPTION (default)
2021-11-25 02:27:44,838 [pool-296-thread-1] INFO  server.RaftServerConfigKeys (ConfUtils.java:logGet(44)) - raft.server.storage.free-space.min = 0MB (=0) (default)
2021-11-25 02:27:44,838 [pool-296-thread-1] INFO  storage.RaftStorageDirectory (RaftStorageDirectoryImpl.java:analyzeStorage(135)) - The storage directory /home/runner/work/ozone/ozone/hadoop-ozone/integration-test/target/test-dir/MiniOzoneClusterImpl-bf1a4df1-220d-4f19-a3f2-d6f00535f443/ozone-meta/ratis/bf265839-605b-3f16-9796-c5ba1605619e does not exist. Creating ...
2021-11-25 02:27:44,847 [pool-296-thread-1] INFO  storage.RaftStorageDirectory (RaftStorageDirectoryImpl.java:tryLock(230)) - Lock on /home/runner/work/ozone/ozone/hadoop-ozone/integration-test/target/test-dir/MiniOzoneClusterImpl-bf1a4df1-220d-4f19-a3f2-d6f00535f443/ozone-meta/ratis/bf265839-605b-3f16-9796-c5ba1605619e/in_use.lock acquired by nodename 2062@fv-az12-931
2021-11-25 02:27:44,848 [pool-296-thread-1] INFO  storage.RaftStorage (RaftStorageImpl.java:format(89)) - Storage directory /home/runner/work/ozone/ozone/hadoop-ozone/integration-test/target/test-dir/MiniOzoneClusterImpl-bf1a4df1-220d-4f19-a3f2-d6f00535f443/ozone-meta/ratis/bf265839-605b-3f16-9796-c5ba1605619e has been successfully formatted.
2021-11-25 02:27:44,849 [pool-296-thread-1] INFO  server.RaftServerConfigKeys (ConfUtils.java:logGet(44)) - raft.server.notification.no-leader.timeout = 120s (custom)
2021-11-25 02:27:44,849 [pool-296-thread-1] INFO  server.RaftServerConfigKeys (ConfUtils.java:logGet(44)) - raft.server.log.use.memory = false (default)
2021-11-25 02:27:44,849 [pool-296-thread-1] INFO  server.RaftServerConfigKeys (ConfUtils.java:logGet(44)) - raft.server.log.purge.gap = 1000000 (custom)
2021-11-25 02:27:44,849 [pool-296-thread-1] INFO  server.RaftServerConfigKeys (ConfUtils.java:logGet(44)) - raft.server.log.appender.buffer.byte-limit = 33554432 (custom)
2021-11-25 02:27:44,849 [pool-296-thread-1] INFO  server.RaftServerConfigKeys (ConfUtils.java:logGet(44)) - raft.server.log.segment.size.max = 4194304 (custom)
2021-11-25 02:27:44,850 [pool-296-thread-1] INFO  server.RaftServerConfigKeys (ConfUtils.java:logGet(44)) - raft.server.log.segment.cache.num.max = 2 (custom)
2021-11-25 02:27:44,850 [pool-296-thread-1] INFO  server.RaftServerConfigKeys (ConfUtils.java:logGet(44)) - raft.server.log.segment.cache.size.max = 200MB (=209715200) (default)
2021-11-25 02:27:44,850 [pool-296-thread-1] INFO  segmented.SegmentedRaftLogWorker (SegmentedRaftLogWorker.java:<init>(182)) - new om1@group-C5BA1605619E-SegmentedRaftLogWorker for RaftStorageImpl:Storage Directory /home/runner/work/ozone/ozone/hadoop-ozone/integration-test/target/test-dir/MiniOzoneClusterImpl-bf1a4df1-220d-4f19-a3f2-d6f00535f443/ozone-meta/ratis/bf265839-605b-3f16-9796-c5ba1605619e
2021-11-25 02:27:44,850 [pool-296-thread-1] INFO  server.RaftServerConfigKeys (ConfUtils.java:logGet(44)) - raft.server.log.queue.byte-limit = 64MB (=67108864) (default)
2021-11-25 02:27:44,850 [pool-296-thread-1] INFO  server.RaftServerConfigKeys (ConfUtils.java:logGet(44)) - raft.server.log.queue.element-limit = 4096 (default)
2021-11-25 02:27:44,850 [pool-296-thread-1] INFO  server.RaftServerConfigKeys (ConfUtils.java:logGet(44)) - raft.server.log.segment.size.max = 4194304 (custom)
2021-11-25 02:27:44,850 [pool-296-thread-1] INFO  server.RaftServerConfigKeys (ConfUtils.java:logGet(44)) - raft.server.log.preallocated.size = 4194304 (custom)
2021-11-25 02:27:44,850 [pool-296-thread-1] INFO  server.RaftServerConfigKeys (ConfUtils.java:logGet(44)) - raft.server.log.force.sync.num = 128 (default)
2021-11-25 02:27:44,850 [pool-296-thread-1] INFO  server.RaftServerConfigKeys (ConfUtils.java:logGet(44)) - raft.server.log.statemachine.data.sync = true (default)
2021-11-25 02:27:44,850 [pool-296-thread-1] INFO  server.RaftServerConfigKeys (ConfUtils.java:logGet(44)) - raft.server.log.statemachine.data.sync.timeout = 10s (default)
2021-11-25 02:27:44,850 [pool-296-thread-1] INFO  server.RaftServerConfigKeys (ConfUtils.java:logGet(44)) - raft.server.log.statemachine.data.sync.timeout.retry = -1 (default)
2021-11-25 02:27:44,854 [pool-296-thread-1] INFO  server.RaftServerConfigKeys (ConfUtils.java:logGet(44)) - raft.server.log.write.buffer.size = 64KB (=65536) (default)
2021-11-25 02:27:44,854 [pool-296-thread-1] INFO  server.RaftServerConfigKeys (ConfUtils.java:logGet(44)) - raft.server.log.statemachine.data.caching.enabled = false (default)
2021-11-25 02:27:44,854 [pool-296-thread-1] INFO  segmented.SegmentedRaftLogWorker (SegmentedRaftLogWorker.java:lambda$new$0(133)) - om1@group-C5BA1605619E-SegmentedRaftLogWorker: flushIndex: setUnconditionally 0 -> -1
2021-11-25 02:27:44,854 [pool-296-thread-1] INFO  segmented.SegmentedRaftLogWorker (SegmentedRaftLogWorker.java:lambda$new$0(133)) - om1@group-C5BA1605619E-SegmentedRaftLogWorker: safeCacheEvictIndex: setUnconditionally 0 -> -1
2021-11-25 02:27:44,865 [pool-296-thread-1] INFO  server.RaftServerConfigKeys (ConfUtils.java:logGet(44)) - raft.server.snapshot.auto.trigger.enabled = true (custom)
2021-11-25 02:27:44,865 [pool-296-thread-1] INFO  server.RaftServerConfigKeys (ConfUtils.java:logGet(44)) - raft.server.snapshot.auto.trigger.threshold = 400000 (default)
2021-11-25 02:27:44,866 [pool-296-thread-1] INFO  server.RaftServerConfigKeys (ConfUtils.java:logGet(44)) - raft.server.snapshot.retention.file.num = -1 (default)
2021-11-25 02:27:44,866 [pool-296-thread-1] INFO  server.RaftServerConfigKeys (ConfUtils.java:logGet(44)) - raft.server.log.purge.upto.snapshot.index = true (custom)
2021-11-25 02:27:44,866 [pool-296-thread-1] INFO  server.RaftServerConfigKeys (ConfUtils.java:logGet(44)) - raft.server.retrycache.expirytime = 300s (custom)
2021-11-25 02:27:44,866 [pool-296-thread-1] INFO  server.RaftServerConfigKeys (ConfUtils.java:logGet(44)) - raft.server.retrycache.statistics.expirytime = 100μs (default)
2021-11-25 02:27:44,886 [Listener at 127.0.0.1/44827] INFO  om.OzoneManager (OzoneManager.java:initFSOLayout(3786)) - Configured ozone.om.metadata.layout=SIMPLE and disabled optimized OM FS operations
2021-11-25 02:27:44,893 [Listener at 127.0.0.1/44827] INFO  impl.MetricsSystemImpl (MetricsSystemImpl.java:init(158)) - OzoneManager metrics system started (again)
2021-11-25 02:27:44,948 [Listener at 127.0.0.1/44827] INFO  om.OzoneManager (OzoneManager.java:start(1365)) - OzoneManager RPC server is listening at localhost/127.0.0.1:44827
2021-11-25 02:27:44,953 [Listener at 127.0.0.1/44827] INFO  ratis.OzoneManagerRatisServer (OzoneManagerRatisServer.java:start(516)) - Starting OzoneManagerRatisServer om1 at port 9872
2021-11-25 02:27:44,954 [Listener at 127.0.0.1/44827] INFO  server.RaftServer$Division (RaftServerImpl.java:start(301)) - om1@group-C5BA1605619E: start as a follower, conf=-1: [om1|rpc:localhost:9872|priority:0], old=null
2021-11-25 02:27:44,954 [Listener at 127.0.0.1/44827] INFO  server.RaftServer$Division (RaftServerImpl.java:setRole(290)) - om1@group-C5BA1605619E: changes role from      null to FOLLOWER at term 0 for startAsFollower
2021-11-25 02:27:44,954 [Listener at 127.0.0.1/44827] INFO  impl.RoleInfo (RoleInfo.java:updateAndGet(130)) - om1: start om1@group-C5BA1605619E-FollowerState
2021-11-25 02:27:45,001 [Listener at 127.0.0.1/44827] INFO  util.JmxRegister (JmxRegister.java:tryRegister(44)) - Successfully registered JMX Bean with object name Ratis:service=RaftServer,group=group-C5BA1605619E,id=om1
2021-11-25 02:27:45,008 [Listener at 127.0.0.1/44827] INFO  server.RaftServer (RaftServerProxy.java:lambda$start$5(374)) - om1: start RPC server
2021-11-25 02:27:45,038 [Listener at 127.0.0.1/44827] INFO  server.GrpcService (GrpcService.java:startImpl(253)) - om1: GrpcService started, listening on 9872
2021-11-25 02:27:45,047 [Listener at 127.0.0.1/44827] INFO  om.OzoneManager (OzoneManager.java:start(1381)) - Version File has different layout version (0) than OM DB (null). That is expected if this OM has never been finalized to a newer layout version.
2021-11-25 02:27:45,048 [org.apache.ratis.util.JvmPauseMonitor$$Lambda$533/113722330@6ccc0395] INFO  util.JvmPauseMonitor (JvmPauseMonitor.java:run(103)) - JvmPauseMonitor-om1: Started
2021-11-25 02:27:45,095 [Listener at 127.0.0.1/44827] INFO  http.BaseHttpServer (BaseHttpServer.java:newHttpServer2BuilderForOzone(209)) - Starting Web-server for ozoneManager at: http://0.0.0.0:0
2021-11-25 02:27:45,095 [Listener at 127.0.0.1/44827] INFO  http.BaseHttpServer (BaseHttpServer.java:<init>(107)) - Hadoop Security Enabled: false Ozone Security Enabled: false Ozone HTTP Security Enabled: false 
2021-11-25 02:27:45,096 [Listener at 127.0.0.1/44827] INFO  server.AuthenticationFilter (AuthenticationFilter.java:constructSecretProvider(240)) - Unable to initialize FileSignerSecretProvider, falling back to use random secrets.
2021-11-25 02:27:45,117 [Listener at 127.0.0.1/44827] WARN  http.HttpRequestLog (HttpRequestLog.java:getRequestLog(103)) - Jetty request log can only be enabled using Log4j
2021-11-25 02:27:45,121 [Listener at 127.0.0.1/44827] INFO  http.HttpServer2 (HttpServer2.java:addGlobalFilter(1030)) - Added global filter 'safety' (class=org.apache.hadoop.hdds.server.http.HttpServer2$QuotingInputFilter)
2021-11-25 02:27:45,122 [Listener at 127.0.0.1/44827] INFO  http.HttpServer2 (HttpServer2.java:addFilter(1006)) - Added filter static_user_filter (class=org.apache.hadoop.http.lib.StaticUserWebFilter$StaticUserFilter) to context ozoneManager
2021-11-25 02:27:45,122 [Listener at 127.0.0.1/44827] INFO  http.HttpServer2 (HttpServer2.java:addFilter(1014)) - Added filter static_user_filter (class=org.apache.hadoop.http.lib.StaticUserWebFilter$StaticUserFilter) to context logs
2021-11-25 02:27:45,122 [Listener at 127.0.0.1/44827] INFO  http.HttpServer2 (HttpServer2.java:addFilter(1014)) - Added filter static_user_filter (class=org.apache.hadoop.http.lib.StaticUserWebFilter$StaticUserFilter) to context static
2021-11-25 02:27:45,122 [Listener at 127.0.0.1/44827] INFO  http.HttpServer2 (HttpServer2.java:bindListener(1249)) - Jetty bound to port 34195
2021-11-25 02:27:45,123 [Listener at 127.0.0.1/44827] INFO  server.Server (Server.java:doStart(375)) - jetty-9.4.43.v20210629; built: 2021-06-30T11:07:22.254Z; git: 526006ecfa3af7f1a27ef3a288e2bef7ea9dd7e8; jvm 1.8.0_292-b10
2021-11-25 02:27:45,130 [Listener at 127.0.0.1/44827] INFO  server.session (DefaultSessionIdManager.java:doStart(334)) - DefaultSessionIdManager workerName=node0
2021-11-25 02:27:45,131 [Listener at 127.0.0.1/44827] INFO  server.session (DefaultSessionIdManager.java:doStart(339)) - No SessionScavenger set, using defaults
2021-11-25 02:27:45,131 [Listener at 127.0.0.1/44827] INFO  server.session (HouseKeeper.java:startScavenging(132)) - node0 Scavenging every 600000ms
2021-11-25 02:27:45,132 [Listener at 127.0.0.1/44827] INFO  handler.ContextHandler (ContextHandler.java:doStart(915)) - Started o.e.j.s.ServletContextHandler@cb784b5{logs,/logs,file:///home/runner/work/ozone/ozone/hadoop-ozone/integration-test/target/log,AVAILABLE}
2021-11-25 02:27:45,133 [Listener at 127.0.0.1/44827] INFO  handler.ContextHandler (ContextHandler.java:doStart(915)) - Started o.e.j.s.ServletContextHandler@330e8ce8{static,/static,file:///home/runner/work/ozone/ozone/hadoop-ozone/integration-test/target/test-classes/webapps/static,AVAILABLE}
2021-11-25 02:27:45,138 [Listener at 127.0.0.1/44827] INFO  handler.ContextHandler (ContextHandler.java:doStart(915)) - Started o.e.j.w.WebAppContext@4d746bab{ozoneManager,/,file:///home/runner/work/ozone/ozone/hadoop-ozone/integration-test/target/test-classes/webapps/ozoneManager/,AVAILABLE}{file:/home/runner/work/ozone/ozone/hadoop-ozone/integration-test/target/test-classes/webapps/ozoneManager}
2021-11-25 02:27:45,153 [Listener at 127.0.0.1/44827] INFO  server.AbstractConnector (AbstractConnector.java:doStart(331)) - Started ServerConnector@152502a3{HTTP/1.1, (http/1.1)}{0.0.0.0:34195}
2021-11-25 02:27:45,154 [Listener at 127.0.0.1/44827] INFO  server.Server (Server.java:doStart(415)) - Started @86999ms
2021-11-25 02:27:45,154 [Listener at 127.0.0.1/44827] WARN  impl.MetricsSystemImpl (MetricsSystemImpl.java:register(279)) - Sink prometheus already exists!
2021-11-25 02:27:45,159 [Listener at 127.0.0.1/44827] INFO  http.BaseHttpServer (BaseHttpServer.java:updateConnectorAddress(329)) - HTTP server of ozoneManager listening at http://0.0.0.0:34195
2021-11-25 02:27:45,181 [IPC Server Responder] INFO  ipc.Server (Server.java:run(1507)) - IPC Server Responder: starting
2021-11-25 02:27:45,213 [IPC Server listener on 0] INFO  ipc.Server (Server.java:run(1344)) - IPC Server listener on 0: starting
2021-11-25 02:27:45,236 [Listener at 127.0.0.1/44827] INFO  om.OzoneManager (OzoneManager.java:startTrashEmptier(1729)) - Trash Interval set to 0. Files deleted will not move to trash
2021-11-25 02:27:45,269 [org.apache.hadoop.util.JvmPauseMonitor$Monitor@5900ee88] INFO  util.JvmPauseMonitor (JvmPauseMonitor.java:run(188)) - Starting JVM pause monitor
2021-11-25 02:27:45,319 [Listener at 127.0.0.1/44827] WARN  impl.MetricRegistriesImpl (MetricRegistriesImpl.java:addReporterRegistration(111)) - New reporters are added after registries were created. Some metrics will be missing from the reporter. Please add reporter before adding any new registry.
2021-11-25 02:27:45,329 [Listener at 127.0.0.1/44827] WARN  impl.MetricRegistriesImpl (MetricRegistriesImpl.java:addReporterRegistration(111)) - New reporters are added after registries were created. Some metrics will be missing from the reporter. Please add reporter before adding any new registry.
2021-11-25 02:27:45,330 [Listener at 127.0.0.1/44827] INFO  impl.MetricsSystemImpl (MetricsSystemImpl.java:init(158)) - HddsDatanode metrics system started (again)
2021-11-25 02:27:45,407 [Listener at 127.0.0.1/44827] INFO  ozone.HddsDatanodeService (HddsDatanodeService.java:start(234)) - HddsDatanodeService host:fv-az12-931.exdb2aeach2ezidoxz41lk3bwg.cx.internal.cloudapp.net ip:10.1.0.13
2021-11-25 02:27:45,512 [Listener at 127.0.0.1/44827] INFO  upgrade.AbstractLayoutVersionManager (AbstractLayoutVersionManager.java:init(79)) - Initializing Layout version manager with metadata layout = SCM_HA (version = 2), software layout = SCM_HA (version = 2)
2021-11-25 02:27:45,665 [Listener at 127.0.0.1/44827] INFO  reflections.Reflections (Reflections.java:scan(232)) - Reflections took 152 ms to scan 7 urls, producing 119 keys and 279 values 
2021-11-25 02:27:45,667 [Listener at 127.0.0.1/44827] INFO  statemachine.DatanodeStateMachine (DatanodeStateMachine.java:getEndPointTaskThreadPoolSize(219)) - Datanode State Machine Task Thread Pool size 2
2021-11-25 02:27:45,668 [Listener at 127.0.0.1/44827] INFO  volume.HddsVolume (HddsVolume.java:<init>(120)) - Creating HddsVolume: /home/runner/work/ozone/ozone/hadoop-ozone/integration-test/target/test-dir/MiniOzoneClusterImpl-bf1a4df1-220d-4f19-a3f2-d6f00535f443/datanode-0/data-0/containers/hdds of storage type : DISK capacity : 9223372036854775807
2021-11-25 02:27:45,669 [Listener at 127.0.0.1/44827] INFO  volume.MutableVolumeSet (MutableVolumeSet.java:initializeVolumeSet(168)) - Added Volume : /home/runner/work/ozone/ozone/hadoop-ozone/integration-test/target/test-dir/MiniOzoneClusterImpl-bf1a4df1-220d-4f19-a3f2-d6f00535f443/datanode-0/data-0/containers/hdds to VolumeSet
2021-11-25 02:27:45,669 [Listener at 127.0.0.1/44827] INFO  volume.ThrottledAsyncChecker (ThrottledAsyncChecker.java:schedule(141)) - Scheduling a check for /home/runner/work/ozone/ozone/hadoop-ozone/integration-test/target/test-dir/MiniOzoneClusterImpl-bf1a4df1-220d-4f19-a3f2-d6f00535f443/datanode-0/data-0/containers/hdds
2021-11-25 02:27:45,729 [Listener at 127.0.0.1/44827] INFO  volume.StorageVolumeChecker (StorageVolumeChecker.java:checkAllVolumes(202)) - Scheduled health check for volume /home/runner/work/ozone/ozone/hadoop-ozone/integration-test/target/test-dir/MiniOzoneClusterImpl-bf1a4df1-220d-4f19-a3f2-d6f00535f443/datanode-0/data-0/containers/hdds
2021-11-25 02:27:45,783 [Listener at 127.0.0.1/44827] INFO  volume.MutableVolumeSet (MutableVolumeSet.java:initializeVolumeSet(168)) - Added Volume : /home/runner/work/ozone/ozone/hadoop-ozone/integration-test/target/test-dir/MiniOzoneClusterImpl-bf1a4df1-220d-4f19-a3f2-d6f00535f443/datanode-0/data/ratis to VolumeSet
2021-11-25 02:27:45,790 [Listener at 127.0.0.1/44827] INFO  volume.ThrottledAsyncChecker (ThrottledAsyncChecker.java:schedule(141)) - Scheduling a check for /home/runner/work/ozone/ozone/hadoop-ozone/integration-test/target/test-dir/MiniOzoneClusterImpl-bf1a4df1-220d-4f19-a3f2-d6f00535f443/datanode-0/data/ratis
2021-11-25 02:27:45,790 [Listener at 127.0.0.1/44827] INFO  volume.StorageVolumeChecker (StorageVolumeChecker.java:checkAllVolumes(202)) - Scheduled health check for volume /home/runner/work/ozone/ozone/hadoop-ozone/integration-test/target/test-dir/MiniOzoneClusterImpl-bf1a4df1-220d-4f19-a3f2-d6f00535f443/datanode-0/data/ratis
2021-11-25 02:27:45,861 [Thread-723] INFO  ozoneimpl.ContainerReader (ContainerReader.java:readVolume(172)) - Finish verifying containers on volume /home/runner/work/ozone/ozone/hadoop-ozone/integration-test/target/test-dir/MiniOzoneClusterImpl-bf1a4df1-220d-4f19-a3f2-d6f00535f443/datanode-0/data-0/containers/hdds
2021-11-25 02:27:45,863 [Listener at 127.0.0.1/44827] INFO  ozoneimpl.OzoneContainer (OzoneContainer.java:buildContainerSet(236)) - Build ContainerSet costs 0s
2021-11-25 02:27:45,867 [Listener at 127.0.0.1/44827] INFO  server.RaftServer (ConfUtils.java:logGet(44)) - raft.rpc.type = GRPC (default)
2021-11-25 02:27:45,867 [Listener at 127.0.0.1/44827] INFO  grpc.GrpcFactory (GrpcFactory.java:checkPooledByteBufAllocatorUseCacheForAllThreads(48)) - PERFORMANCE WARNING: useCacheForAllThreads is true that may cause Netty to create a lot garbage objects and, as a result, trigger GC.
	It is recommended to disable useCacheForAllThreads by setting -Dorg.apache.ratis.thirdparty.io.netty.allocator.useCacheForAllThreads=false in command line.
2021-11-25 02:27:45,868 [Listener at 127.0.0.1/44827] INFO  grpc.GrpcConfigKeys (ConfUtils.java:logGet(44)) - raft.grpc.admin.port = 0 (custom)
2021-11-25 02:27:45,868 [Listener at 127.0.0.1/44827] INFO  grpc.GrpcConfigKeys (ConfUtils.java:logGet(44)) - raft.grpc.client.port = 0 (custom)
2021-11-25 02:27:45,869 [Listener at 127.0.0.1/44827] INFO  grpc.GrpcConfigKeys (ConfUtils.java:logGet(44)) - raft.grpc.server.port = 0 (default)
2021-11-25 02:27:45,869 [Listener at 127.0.0.1/44827] INFO  server.GrpcService (ConfUtils.java:logGet(44)) - raft.grpc.message.size.max = 32MB (=33554432) (custom)
2021-11-25 02:27:45,869 [Listener at 127.0.0.1/44827] INFO  server.RaftServerConfigKeys (ConfUtils.java:logGet(44)) - raft.server.log.appender.buffer.byte-limit = 33554432 (custom)
2021-11-25 02:27:45,869 [Listener at 127.0.0.1/44827] INFO  server.GrpcService (ConfUtils.java:logGet(44)) - raft.grpc.flow.control.window = 5MB (=5242880) (custom)
2021-11-25 02:27:45,869 [Listener at 127.0.0.1/44827] INFO  server.RaftServerConfigKeys (ConfUtils.java:logGet(44)) - raft.server.rpc.request.timeout = 3000ms (default)
2021-11-25 02:27:45,870 [Listener at 127.0.0.1/44827] INFO  impl.DataStreamServerImpl (ConfUtils.java:logGet(44)) - raft.datastream.type = DISABLED (default)
2021-11-25 02:27:45,871 [Listener at 127.0.0.1/44827] INFO  server.RaftServerConfigKeys (ConfUtils.java:logGet(44)) - raft.server.rpc.slowness.timeout = 300000ms (custom)
2021-11-25 02:27:45,871 [Listener at 127.0.0.1/44827] INFO  server.RaftServerConfigKeys (ConfUtils.java:logGet(44)) - raft.server.leaderelection.leader.step-down.wait-time = 10s (default)
2021-11-25 02:27:45,871 [Listener at 127.0.0.1/44827] INFO  server.RaftServerConfigKeys (ConfUtils.java:logGet(44)) - raft.server.storage.dir = [/home/runner/work/ozone/ozone/hadoop-ozone/integration-test/target/test-dir/MiniOzoneClusterImpl-bf1a4df1-220d-4f19-a3f2-d6f00535f443/datanode-0/data/ratis] (custom)
2021-11-25 02:27:45,875 [Listener at 127.0.0.1/44827] INFO  http.BaseHttpServer (BaseHttpServer.java:newHttpServer2BuilderForOzone(209)) - Starting Web-server for hddsDatanode at: http://0.0.0.0:0
2021-11-25 02:27:45,875 [Listener at 127.0.0.1/44827] INFO  http.BaseHttpServer (BaseHttpServer.java:<init>(107)) - Hadoop Security Enabled: false Ozone Security Enabled: false Ozone HTTP Security Enabled: false 
2021-11-25 02:27:45,876 [Listener at 127.0.0.1/44827] INFO  server.AuthenticationFilter (AuthenticationFilter.java:constructSecretProvider(240)) - Unable to initialize FileSignerSecretProvider, falling back to use random secrets.
2021-11-25 02:27:45,881 [Listener at 127.0.0.1/44827] WARN  http.HttpRequestLog (HttpRequestLog.java:getRequestLog(103)) - Jetty request log can only be enabled using Log4j
2021-11-25 02:27:45,914 [Listener at 127.0.0.1/44827] INFO  http.HttpServer2 (HttpServer2.java:addGlobalFilter(1030)) - Added global filter 'safety' (class=org.apache.hadoop.hdds.server.http.HttpServer2$QuotingInputFilter)
2021-11-25 02:27:45,915 [Listener at 127.0.0.1/44827] INFO  http.HttpServer2 (HttpServer2.java:addFilter(1006)) - Added filter static_user_filter (class=org.apache.hadoop.http.lib.StaticUserWebFilter$StaticUserFilter) to context hddsDatanode
2021-11-25 02:27:45,915 [Listener at 127.0.0.1/44827] INFO  http.HttpServer2 (HttpServer2.java:addFilter(1014)) - Added filter static_user_filter (class=org.apache.hadoop.http.lib.StaticUserWebFilter$StaticUserFilter) to context logs
2021-11-25 02:27:45,915 [Listener at 127.0.0.1/44827] INFO  http.HttpServer2 (HttpServer2.java:addFilter(1014)) - Added filter static_user_filter (class=org.apache.hadoop.http.lib.StaticUserWebFilter$StaticUserFilter) to context static
2021-11-25 02:27:45,929 [Listener at 127.0.0.1/44827] INFO  http.HttpServer2 (HttpServer2.java:bindListener(1249)) - Jetty bound to port 37413
2021-11-25 02:27:45,930 [Listener at 127.0.0.1/44827] INFO  server.Server (Server.java:doStart(375)) - jetty-9.4.43.v20210629; built: 2021-06-30T11:07:22.254Z; git: 526006ecfa3af7f1a27ef3a288e2bef7ea9dd7e8; jvm 1.8.0_292-b10
2021-11-25 02:27:46,049 [Listener at 127.0.0.1/44827] INFO  server.session (DefaultSessionIdManager.java:doStart(334)) - DefaultSessionIdManager workerName=node0
2021-11-25 02:27:46,049 [Listener at 127.0.0.1/44827] INFO  server.session (DefaultSessionIdManager.java:doStart(339)) - No SessionScavenger set, using defaults
2021-11-25 02:27:46,049 [Listener at 127.0.0.1/44827] INFO  server.session (HouseKeeper.java:startScavenging(132)) - node0 Scavenging every 600000ms
2021-11-25 02:27:46,060 [Listener at 127.0.0.1/44827] INFO  handler.ContextHandler (ContextHandler.java:doStart(915)) - Started o.e.j.s.ServletContextHandler@7fe008b0{logs,/logs,file:///home/runner/work/ozone/ozone/hadoop-ozone/integration-test/target/log,AVAILABLE}
2021-11-25 02:27:46,060 [Listener at 127.0.0.1/44827] INFO  handler.ContextHandler (ContextHandler.java:doStart(915)) - Started o.e.j.s.ServletContextHandler@3c066b66{static,/static,jar:file:/home/runner/.m2/repository/org/apache/ozone/hdds-container-service/1.2.0-SNAPSHOT/hdds-container-service-1.2.0-SNAPSHOT.jar!/webapps/static,AVAILABLE}
2021-11-25 02:27:46,200 [om1@group-C5BA1605619E-FollowerState] INFO  impl.FollowerState (FollowerState.java:run(134)) - om1@group-C5BA1605619E-FollowerState: change to CANDIDATE, lastRpcElapsedTime:1245679064ns, electionTimeout:1185ms
2021-11-25 02:27:46,200 [om1@group-C5BA1605619E-FollowerState] INFO  impl.RoleInfo (RoleInfo.java:shutdownFollowerState(108)) - om1: shutdown om1@group-C5BA1605619E-FollowerState
2021-11-25 02:27:46,200 [om1@group-C5BA1605619E-FollowerState] INFO  server.RaftServer$Division (RaftServerImpl.java:setRole(290)) - om1@group-C5BA1605619E: changes role from  FOLLOWER to CANDIDATE at term 0 for changeToCandidate
2021-11-25 02:27:46,200 [om1@group-C5BA1605619E-FollowerState] INFO  server.RaftServerConfigKeys (ConfUtils.java:logGet(44)) - raft.server.leaderelection.pre-vote = false (custom)
2021-11-25 02:27:46,200 [om1@group-C5BA1605619E-FollowerState] INFO  impl.RoleInfo (RoleInfo.java:updateAndGet(130)) - om1: start om1@group-C5BA1605619E-LeaderElection25
2021-11-25 02:27:46,202 [Listener at 127.0.0.1/44827] INFO  handler.ContextHandler (ContextHandler.java:doStart(915)) - Started o.e.j.w.WebAppContext@2488fd50{hddsDatanode,/,file:///tmp/jetty-0_0_0_0-37413-hdds-container-service-1_2_0-SNAPSHOT_jar-_-any-3888206586640065988/webapp/,AVAILABLE}{jar:file:/home/runner/.m2/repository/org/apache/ozone/hdds-container-service/1.2.0-SNAPSHOT/hdds-container-service-1.2.0-SNAPSHOT.jar!/webapps/hddsDatanode}
2021-11-25 02:27:46,229 [om1@group-C5BA1605619E-LeaderElection25] INFO  impl.LeaderElection (LeaderElection.java:askForVotes(306)) - om1@group-C5BA1605619E-LeaderElection25 ELECTION round 0: submit vote requests at term 1 for -1: [om1|rpc:localhost:9872|priority:0], old=null
2021-11-25 02:27:46,229 [om1@group-C5BA1605619E-LeaderElection25] INFO  impl.LeaderElection (LeaderElection.java:askForVotes(308)) - om1@group-C5BA1605619E-LeaderElection25 ELECTION round 0: result PASSED (term=1)
2021-11-25 02:27:46,229 [om1@group-C5BA1605619E-LeaderElection25] INFO  impl.RoleInfo (RoleInfo.java:shutdownLeaderElection(121)) - om1: shutdown om1@group-C5BA1605619E-LeaderElection25
2021-11-25 02:27:46,229 [om1@group-C5BA1605619E-LeaderElection25] INFO  server.RaftServer$Division (RaftServerImpl.java:setRole(290)) - om1@group-C5BA1605619E: changes role from CANDIDATE to LEADER at term 1 for changeToLeader
2021-11-25 02:27:46,229 [om1@group-C5BA1605619E-LeaderElection25] INFO  server.RaftServer$Division (ServerState.java:setLeader(285)) - om1@group-C5BA1605619E: change Leader from null to om1 at term 1 for becomeLeader, leader elected after 1380ms
2021-11-25 02:27:46,229 [om1@group-C5BA1605619E-LeaderElection25] INFO  server.RaftServerConfigKeys (ConfUtils.java:logGet(44)) - raft.server.staging.catchup.gap = 1000 (default)
2021-11-25 02:27:46,229 [om1@group-C5BA1605619E-LeaderElection25] INFO  server.RaftServerConfigKeys (ConfUtils.java:logGet(44)) - raft.server.write.element-limit = 4096 (default)
2021-11-25 02:27:46,229 [om1@group-C5BA1605619E-LeaderElection25] INFO  server.RaftServerConfigKeys (ConfUtils.java:logGet(44)) - raft.server.write.byte-limit = 64MB (=67108864) (default)
2021-11-25 02:27:46,229 [om1@group-C5BA1605619E-LeaderElection25] INFO  server.RaftServerConfigKeys (ConfUtils.java:logGet(44)) - raft.server.watch.timeout = 10s (default)
2021-11-25 02:27:46,230 [om1@group-C5BA1605619E-LeaderElection25] INFO  server.RaftServerConfigKeys (ConfUtils.java:logGet(44)) - raft.server.watch.timeout.denomination = 1s (default)
2021-11-25 02:27:46,230 [om1@group-C5BA1605619E-LeaderElection25] INFO  server.RaftServerConfigKeys (ConfUtils.java:logGet(44)) - raft.server.watch.element-limit = 65536 (default)
2021-11-25 02:27:46,230 [om1@group-C5BA1605619E-LeaderElection25] INFO  server.RaftServerConfigKeys (ConfUtils.java:logGet(44)) - raft.server.write.element-limit = 4096 (default)
2021-11-25 02:27:46,230 [om1@group-C5BA1605619E-LeaderElection25] INFO  server.RaftServerConfigKeys (ConfUtils.java:logGet(44)) - raft.server.write.follower.gap.ratio.max = -1.0 (default)
2021-11-25 02:27:46,230 [om1@group-C5BA1605619E-LeaderElection25] INFO  impl.RoleInfo (RoleInfo.java:updateAndGet(130)) - om1: start om1@group-C5BA1605619E-LeaderStateImpl
2021-11-25 02:27:46,230 [om1@group-C5BA1605619E-LeaderElection25] INFO  segmented.SegmentedRaftLogWorker (SegmentedRaftLogWorker.java:startLogSegment(394)) - om1@group-C5BA1605619E-SegmentedRaftLogWorker: Starting segment from index:0
2021-11-25 02:27:46,239 [om1@group-C5BA1605619E-SegmentedRaftLogWorker] INFO  segmented.SegmentedRaftLogWorker (SegmentedRaftLogWorker.java:execute(601)) - om1@group-C5BA1605619E-SegmentedRaftLogWorker: created new log segment /home/runner/work/ozone/ozone/hadoop-ozone/integration-test/target/test-dir/MiniOzoneClusterImpl-bf1a4df1-220d-4f19-a3f2-d6f00535f443/ozone-meta/ratis/bf265839-605b-3f16-9796-c5ba1605619e/current/log_inprogress_0
2021-11-25 02:27:46,252 [om1@group-C5BA1605619E-LeaderElection25] INFO  server.RaftServer$Division (ServerState.java:setRaftConf(387)) - om1@group-C5BA1605619E: set configuration 0: [om1|rpc:localhost:9872|admin:|client:|dataStream:|priority:0], old=null
2021-11-25 02:27:46,257 [Listener at 127.0.0.1/44827] INFO  server.AbstractConnector (AbstractConnector.java:doStart(331)) - Started ServerConnector@72c7381{HTTP/1.1, (http/1.1)}{0.0.0.0:37413}
2021-11-25 02:27:46,258 [Listener at 127.0.0.1/44827] INFO  server.Server (Server.java:doStart(415)) - Started @88103ms
2021-11-25 02:27:46,258 [Listener at 127.0.0.1/44827] WARN  impl.MetricsSystemImpl (MetricsSystemImpl.java:register(279)) - Sink prometheus already exists!
2021-11-25 02:27:46,262 [Listener at 127.0.0.1/44827] INFO  http.BaseHttpServer (BaseHttpServer.java:updateConnectorAddress(329)) - HTTP server of hddsDatanode listening at http://0.0.0.0:37413
2021-11-25 02:27:46,281 [Listener at 127.0.0.1/44827] WARN  impl.MetricRegistriesImpl (MetricRegistriesImpl.java:addReporterRegistration(111)) - New reporters are added after registries were created. Some metrics will be missing from the reporter. Please add reporter before adding any new registry.
2021-11-25 02:27:46,282 [Listener at 127.0.0.1/44827] WARN  impl.MetricRegistriesImpl (MetricRegistriesImpl.java:addReporterRegistration(111)) - New reporters are added after registries were created. Some metrics will be missing from the reporter. Please add reporter before adding any new registry.
2021-11-25 02:27:46,282 [Listener at 127.0.0.1/44827] INFO  impl.MetricsSystemImpl (MetricsSystemImpl.java:init(158)) - HddsDatanode metrics system started (again)
2021-11-25 02:27:46,295 [om1@group-C5BA1605619E-StateMachineUpdater] INFO  ratis.OzoneManagerStateMachine (OzoneManagerStateMachine.java:notifyConfigurationChanged(188)) - Received Configuration change notification from Ratis. New Peer list:
[id: "om1"
address: "localhost:9872"
]
2021-11-25 02:27:46,297 [Datanode State Machine Daemon Thread] INFO  statemachine.DatanodeStateMachine (DatanodeStateMachine.java:lambda$startDaemon$0(467)) - Ozone container server started.
2021-11-25 02:27:46,409 [Listener at 127.0.0.1/44827] INFO  ozone.HddsDatanodeService (HddsDatanodeService.java:start(234)) - HddsDatanodeService host:fv-az12-931.exdb2aeach2ezidoxz41lk3bwg.cx.internal.cloudapp.net ip:10.1.0.13
2021-11-25 02:27:46,477 [org.apache.hadoop.util.JvmPauseMonitor$Monitor@7206ad4e] INFO  util.JvmPauseMonitor (JvmPauseMonitor.java:run(188)) - Starting JVM pause monitor
2021-11-25 02:27:46,483 [Datanode State Machine Task Thread - 0] INFO  datanode.InitDatanodeState (InitDatanodeState.java:persistContainerDatanodeDetails(145)) - DatanodeDetails is persisted to /home/runner/work/ozone/ozone/hadoop-ozone/integration-test/target/test-dir/MiniOzoneClusterImpl-bf1a4df1-220d-4f19-a3f2-d6f00535f443/datanode-0/meta/datanode.id
2021-11-25 02:27:46,490 [Listener at 127.0.0.1/44827] INFO  upgrade.AbstractLayoutVersionManager (AbstractLayoutVersionManager.java:init(79)) - Initializing Layout version manager with metadata layout = SCM_HA (version = 2), software layout = SCM_HA (version = 2)
2021-11-25 02:27:46,674 [Listener at 127.0.0.1/44827] INFO  reflections.Reflections (Reflections.java:scan(232)) - Reflections took 182 ms to scan 7 urls, producing 119 keys and 279 values 
2021-11-25 02:27:46,675 [Listener at 127.0.0.1/44827] INFO  statemachine.DatanodeStateMachine (DatanodeStateMachine.java:getEndPointTaskThreadPoolSize(219)) - Datanode State Machine Task Thread Pool size 2
2021-11-25 02:27:46,698 [Listener at 127.0.0.1/44827] INFO  volume.HddsVolume (HddsVolume.java:<init>(120)) - Creating HddsVolume: /home/runner/work/ozone/ozone/hadoop-ozone/integration-test/target/test-dir/MiniOzoneClusterImpl-bf1a4df1-220d-4f19-a3f2-d6f00535f443/datanode-1/data-0/containers/hdds of storage type : DISK capacity : 9223372036854775807
2021-11-25 02:27:46,699 [Listener at 127.0.0.1/44827] INFO  volume.MutableVolumeSet (MutableVolumeSet.java:initializeVolumeSet(168)) - Added Volume : /home/runner/work/ozone/ozone/hadoop-ozone/integration-test/target/test-dir/MiniOzoneClusterImpl-bf1a4df1-220d-4f19-a3f2-d6f00535f443/datanode-1/data-0/containers/hdds to VolumeSet
2021-11-25 02:27:46,699 [Listener at 127.0.0.1/44827] INFO  volume.ThrottledAsyncChecker (ThrottledAsyncChecker.java:schedule(141)) - Scheduling a check for /home/runner/work/ozone/ozone/hadoop-ozone/integration-test/target/test-dir/MiniOzoneClusterImpl-bf1a4df1-220d-4f19-a3f2-d6f00535f443/datanode-1/data-0/containers/hdds
2021-11-25 02:27:46,721 [Listener at 127.0.0.1/44827] INFO  volume.StorageVolumeChecker (StorageVolumeChecker.java:checkAllVolumes(202)) - Scheduled health check for volume /home/runner/work/ozone/ozone/hadoop-ozone/integration-test/target/test-dir/MiniOzoneClusterImpl-bf1a4df1-220d-4f19-a3f2-d6f00535f443/datanode-1/data-0/containers/hdds
2021-11-25 02:27:46,782 [Listener at 127.0.0.1/44827] INFO  volume.MutableVolumeSet (MutableVolumeSet.java:initializeVolumeSet(168)) - Added Volume : /home/runner/work/ozone/ozone/hadoop-ozone/integration-test/target/test-dir/MiniOzoneClusterImpl-bf1a4df1-220d-4f19-a3f2-d6f00535f443/datanode-1/data/ratis to VolumeSet
2021-11-25 02:27:46,782 [Listener at 127.0.0.1/44827] INFO  volume.ThrottledAsyncChecker (ThrottledAsyncChecker.java:schedule(141)) - Scheduling a check for /home/runner/work/ozone/ozone/hadoop-ozone/integration-test/target/test-dir/MiniOzoneClusterImpl-bf1a4df1-220d-4f19-a3f2-d6f00535f443/datanode-1/data/ratis
2021-11-25 02:27:46,782 [Listener at 127.0.0.1/44827] INFO  volume.StorageVolumeChecker (StorageVolumeChecker.java:checkAllVolumes(202)) - Scheduled health check for volume /home/runner/work/ozone/ozone/hadoop-ozone/integration-test/target/test-dir/MiniOzoneClusterImpl-bf1a4df1-220d-4f19-a3f2-d6f00535f443/datanode-1/data/ratis
2021-11-25 02:27:46,865 [Thread-737] INFO  ozoneimpl.ContainerReader (ContainerReader.java:readVolume(172)) - Finish verifying containers on volume /home/runner/work/ozone/ozone/hadoop-ozone/integration-test/target/test-dir/MiniOzoneClusterImpl-bf1a4df1-220d-4f19-a3f2-d6f00535f443/datanode-1/data-0/containers/hdds
2021-11-25 02:27:46,865 [Listener at 127.0.0.1/44827] INFO  ozoneimpl.OzoneContainer (OzoneContainer.java:buildContainerSet(236)) - Build ContainerSet costs 0s
2021-11-25 02:27:46,868 [Listener at 127.0.0.1/44827] INFO  server.RaftServer (ConfUtils.java:logGet(44)) - raft.rpc.type = GRPC (default)
2021-11-25 02:27:46,889 [Listener at 127.0.0.1/44827] INFO  grpc.GrpcFactory (GrpcFactory.java:checkPooledByteBufAllocatorUseCacheForAllThreads(48)) - PERFORMANCE WARNING: useCacheForAllThreads is true that may cause Netty to create a lot garbage objects and, as a result, trigger GC.
	It is recommended to disable useCacheForAllThreads by setting -Dorg.apache.ratis.thirdparty.io.netty.allocator.useCacheForAllThreads=false in command line.
2021-11-25 02:27:46,890 [Listener at 127.0.0.1/44827] INFO  grpc.GrpcConfigKeys (ConfUtils.java:logGet(44)) - raft.grpc.admin.port = 0 (custom)
2021-11-25 02:27:46,890 [Listener at 127.0.0.1/44827] INFO  grpc.GrpcConfigKeys (ConfUtils.java:logGet(44)) - raft.grpc.client.port = 0 (custom)
2021-11-25 02:27:46,890 [Listener at 127.0.0.1/44827] INFO  grpc.GrpcConfigKeys (ConfUtils.java:logGet(44)) - raft.grpc.server.port = 0 (default)
2021-11-25 02:27:46,890 [Listener at 127.0.0.1/44827] INFO  server.GrpcService (ConfUtils.java:logGet(44)) - raft.grpc.message.size.max = 32MB (=33554432) (custom)
2021-11-25 02:27:46,890 [Listener at 127.0.0.1/44827] INFO  server.RaftServerConfigKeys (ConfUtils.java:logGet(44)) - raft.server.log.appender.buffer.byte-limit = 33554432 (custom)
2021-11-25 02:27:46,892 [Listener at 127.0.0.1/44827] INFO  server.GrpcService (ConfUtils.java:logGet(44)) - raft.grpc.flow.control.window = 5MB (=5242880) (custom)
2021-11-25 02:27:46,892 [Listener at 127.0.0.1/44827] INFO  server.RaftServerConfigKeys (ConfUtils.java:logGet(44)) - raft.server.rpc.request.timeout = 3000ms (default)
2021-11-25 02:27:46,895 [Listener at 127.0.0.1/44827] INFO  impl.DataStreamServerImpl (ConfUtils.java:logGet(44)) - raft.datastream.type = DISABLED (default)
2021-11-25 02:27:46,896 [Listener at 127.0.0.1/44827] INFO  server.RaftServerConfigKeys (ConfUtils.java:logGet(44)) - raft.server.rpc.slowness.timeout = 300000ms (custom)
2021-11-25 02:27:46,899 [Listener at 127.0.0.1/44827] INFO  server.RaftServerConfigKeys (ConfUtils.java:logGet(44)) - raft.server.leaderelection.leader.step-down.wait-time = 10s (default)
2021-11-25 02:27:46,903 [Listener at 127.0.0.1/44827] INFO  server.RaftServerConfigKeys (ConfUtils.java:logGet(44)) - raft.server.storage.dir = [/home/runner/work/ozone/ozone/hadoop-ozone/integration-test/target/test-dir/MiniOzoneClusterImpl-bf1a4df1-220d-4f19-a3f2-d6f00535f443/datanode-1/data/ratis] (custom)
2021-11-25 02:27:46,926 [Listener at 127.0.0.1/44827] INFO  http.BaseHttpServer (BaseHttpServer.java:newHttpServer2BuilderForOzone(209)) - Starting Web-server for hddsDatanode at: http://0.0.0.0:0
2021-11-25 02:27:46,926 [Listener at 127.0.0.1/44827] INFO  http.BaseHttpServer (BaseHttpServer.java:<init>(107)) - Hadoop Security Enabled: false Ozone Security Enabled: false Ozone HTTP Security Enabled: false 
2021-11-25 02:27:46,927 [Listener at 127.0.0.1/44827] INFO  server.AuthenticationFilter (AuthenticationFilter.java:constructSecretProvider(240)) - Unable to initialize FileSignerSecretProvider, falling back to use random secrets.
2021-11-25 02:27:46,941 [Listener at 127.0.0.1/44827] WARN  http.HttpRequestLog (HttpRequestLog.java:getRequestLog(103)) - Jetty request log can only be enabled using Log4j
2021-11-25 02:27:46,942 [Listener at 127.0.0.1/44827] INFO  http.HttpServer2 (HttpServer2.java:addGlobalFilter(1030)) - Added global filter 'safety' (class=org.apache.hadoop.hdds.server.http.HttpServer2$QuotingInputFilter)
2021-11-25 02:27:46,943 [Listener at 127.0.0.1/44827] INFO  http.HttpServer2 (HttpServer2.java:addFilter(1006)) - Added filter static_user_filter (class=org.apache.hadoop.http.lib.StaticUserWebFilter$StaticUserFilter) to context hddsDatanode
2021-11-25 02:27:46,943 [Listener at 127.0.0.1/44827] INFO  http.HttpServer2 (HttpServer2.java:addFilter(1014)) - Added filter static_user_filter (class=org.apache.hadoop.http.lib.StaticUserWebFilter$StaticUserFilter) to context static
2021-11-25 02:27:46,943 [Listener at 127.0.0.1/44827] INFO  http.HttpServer2 (HttpServer2.java:addFilter(1014)) - Added filter static_user_filter (class=org.apache.hadoop.http.lib.StaticUserWebFilter$StaticUserFilter) to context logs
2021-11-25 02:27:46,944 [Listener at 127.0.0.1/44827] INFO  http.HttpServer2 (HttpServer2.java:bindListener(1249)) - Jetty bound to port 40527
2021-11-25 02:27:46,944 [Listener at 127.0.0.1/44827] INFO  server.Server (Server.java:doStart(375)) - jetty-9.4.43.v20210629; built: 2021-06-30T11:07:22.254Z; git: 526006ecfa3af7f1a27ef3a288e2bef7ea9dd7e8; jvm 1.8.0_292-b10
2021-11-25 02:27:46,978 [Listener at 127.0.0.1/44827] INFO  server.session (DefaultSessionIdManager.java:doStart(334)) - DefaultSessionIdManager workerName=node0
2021-11-25 02:27:46,978 [Listener at 127.0.0.1/44827] INFO  server.session (DefaultSessionIdManager.java:doStart(339)) - No SessionScavenger set, using defaults
2021-11-25 02:27:46,978 [Listener at 127.0.0.1/44827] INFO  server.session (HouseKeeper.java:startScavenging(132)) - node0 Scavenging every 660000ms
2021-11-25 02:27:46,979 [Listener at 127.0.0.1/44827] INFO  handler.ContextHandler (ContextHandler.java:doStart(915)) - Started o.e.j.s.ServletContextHandler@54d8147d{logs,/logs,file:///home/runner/work/ozone/ozone/hadoop-ozone/integration-test/target/log,AVAILABLE}
2021-11-25 02:27:46,979 [Listener at 127.0.0.1/44827] INFO  handler.ContextHandler (ContextHandler.java:doStart(915)) - Started o.e.j.s.ServletContextHandler@44851ef1{static,/static,jar:file:/home/runner/.m2/repository/org/apache/ozone/hdds-container-service/1.2.0-SNAPSHOT/hdds-container-service-1.2.0-SNAPSHOT.jar!/webapps/static,AVAILABLE}
2021-11-25 02:27:47,146 [Listener at 127.0.0.1/44827] INFO  handler.ContextHandler (ContextHandler.java:doStart(915)) - Started o.e.j.w.WebAppContext@28c67405{hddsDatanode,/,file:///tmp/jetty-0_0_0_0-40527-hdds-container-service-1_2_0-SNAPSHOT_jar-_-any-3147320136950537606/webapp/,AVAILABLE}{jar:file:/home/runner/.m2/repository/org/apache/ozone/hdds-container-service/1.2.0-SNAPSHOT/hdds-container-service-1.2.0-SNAPSHOT.jar!/webapps/hddsDatanode}
2021-11-25 02:27:47,166 [Listener at 127.0.0.1/44827] INFO  server.AbstractConnector (AbstractConnector.java:doStart(331)) - Started ServerConnector@24da3c3b{HTTP/1.1, (http/1.1)}{0.0.0.0:40527}
2021-11-25 02:27:47,166 [Listener at 127.0.0.1/44827] INFO  server.Server (Server.java:doStart(415)) - Started @89012ms
2021-11-25 02:27:47,167 [Listener at 127.0.0.1/44827] WARN  impl.MetricsSystemImpl (MetricsSystemImpl.java:register(279)) - Sink prometheus already exists!
2021-11-25 02:27:47,167 [Listener at 127.0.0.1/44827] INFO  http.BaseHttpServer (BaseHttpServer.java:updateConnectorAddress(329)) - HTTP server of hddsDatanode listening at http://0.0.0.0:40527
2021-11-25 02:27:47,169 [Listener at 127.0.0.1/44827] WARN  impl.MetricRegistriesImpl (MetricRegistriesImpl.java:addReporterRegistration(111)) - New reporters are added after registries were created. Some metrics will be missing from the reporter. Please add reporter before adding any new registry.
2021-11-25 02:27:47,170 [Listener at 127.0.0.1/44827] WARN  impl.MetricRegistriesImpl (MetricRegistriesImpl.java:addReporterRegistration(111)) - New reporters are added after registries were created. Some metrics will be missing from the reporter. Please add reporter before adding any new registry.
2021-11-25 02:27:47,170 [Listener at 127.0.0.1/44827] INFO  impl.MetricsSystemImpl (MetricsSystemImpl.java:init(158)) - HddsDatanode metrics system started (again)
2021-11-25 02:27:47,177 [Datanode State Machine Daemon Thread] INFO  statemachine.DatanodeStateMachine (DatanodeStateMachine.java:lambda$startDaemon$0(467)) - Ozone container server started.
2021-11-25 02:27:47,189 [org.apache.hadoop.util.JvmPauseMonitor$Monitor@3005f94b] INFO  util.JvmPauseMonitor (JvmPauseMonitor.java:run(188)) - Starting JVM pause monitor
2021-11-25 02:27:47,196 [Datanode State Machine Task Thread - 0] INFO  datanode.InitDatanodeState (InitDatanodeState.java:persistContainerDatanodeDetails(145)) - DatanodeDetails is persisted to /home/runner/work/ozone/ozone/hadoop-ozone/integration-test/target/test-dir/MiniOzoneClusterImpl-bf1a4df1-220d-4f19-a3f2-d6f00535f443/datanode-1/meta/datanode.id
2021-11-25 02:27:47,231 [Listener at 127.0.0.1/44827] INFO  ozone.HddsDatanodeService (HddsDatanodeService.java:start(234)) - HddsDatanodeService host:fv-az12-931.exdb2aeach2ezidoxz41lk3bwg.cx.internal.cloudapp.net ip:10.1.0.13
2021-11-25 02:27:47,338 [Listener at 127.0.0.1/44827] INFO  upgrade.AbstractLayoutVersionManager (AbstractLayoutVersionManager.java:init(79)) - Initializing Layout version manager with metadata layout = SCM_HA (version = 2), software layout = SCM_HA (version = 2)
2021-11-25 02:27:47,510 [Listener at 127.0.0.1/44827] INFO  reflections.Reflections (Reflections.java:scan(232)) - Reflections took 170 ms to scan 7 urls, producing 119 keys and 279 values 
2021-11-25 02:27:47,515 [Listener at 127.0.0.1/44827] INFO  statemachine.DatanodeStateMachine (DatanodeStateMachine.java:getEndPointTaskThreadPoolSize(219)) - Datanode State Machine Task Thread Pool size 2
2021-11-25 02:27:47,534 [Listener at 127.0.0.1/44827] INFO  volume.HddsVolume (HddsVolume.java:<init>(120)) - Creating HddsVolume: /home/runner/work/ozone/ozone/hadoop-ozone/integration-test/target/test-dir/MiniOzoneClusterImpl-bf1a4df1-220d-4f19-a3f2-d6f00535f443/datanode-2/data-0/containers/hdds of storage type : DISK capacity : 9223372036854775807
2021-11-25 02:27:47,536 [Listener at 127.0.0.1/44827] INFO  volume.MutableVolumeSet (MutableVolumeSet.java:initializeVolumeSet(168)) - Added Volume : /home/runner/work/ozone/ozone/hadoop-ozone/integration-test/target/test-dir/MiniOzoneClusterImpl-bf1a4df1-220d-4f19-a3f2-d6f00535f443/datanode-2/data-0/containers/hdds to VolumeSet
2021-11-25 02:27:47,536 [Listener at 127.0.0.1/44827] INFO  volume.ThrottledAsyncChecker (ThrottledAsyncChecker.java:schedule(141)) - Scheduling a check for /home/runner/work/ozone/ozone/hadoop-ozone/integration-test/target/test-dir/MiniOzoneClusterImpl-bf1a4df1-220d-4f19-a3f2-d6f00535f443/datanode-2/data-0/containers/hdds
2021-11-25 02:27:47,574 [Listener at 127.0.0.1/44827] INFO  volume.StorageVolumeChecker (StorageVolumeChecker.java:checkAllVolumes(202)) - Scheduled health check for volume /home/runner/work/ozone/ozone/hadoop-ozone/integration-test/target/test-dir/MiniOzoneClusterImpl-bf1a4df1-220d-4f19-a3f2-d6f00535f443/datanode-2/data-0/containers/hdds
2021-11-25 02:27:47,608 [Listener at 127.0.0.1/44827] INFO  volume.MutableVolumeSet (MutableVolumeSet.java:initializeVolumeSet(168)) - Added Volume : /home/runner/work/ozone/ozone/hadoop-ozone/integration-test/target/test-dir/MiniOzoneClusterImpl-bf1a4df1-220d-4f19-a3f2-d6f00535f443/datanode-2/data/ratis to VolumeSet
2021-11-25 02:27:47,625 [Listener at 127.0.0.1/44827] INFO  volume.ThrottledAsyncChecker (ThrottledAsyncChecker.java:schedule(141)) - Scheduling a check for /home/runner/work/ozone/ozone/hadoop-ozone/integration-test/target/test-dir/MiniOzoneClusterImpl-bf1a4df1-220d-4f19-a3f2-d6f00535f443/datanode-2/data/ratis
2021-11-25 02:27:47,626 [Listener at 127.0.0.1/44827] INFO  volume.StorageVolumeChecker (StorageVolumeChecker.java:checkAllVolumes(202)) - Scheduled health check for volume /home/runner/work/ozone/ozone/hadoop-ozone/integration-test/target/test-dir/MiniOzoneClusterImpl-bf1a4df1-220d-4f19-a3f2-d6f00535f443/datanode-2/data/ratis
2021-11-25 02:27:47,689 [Thread-749] INFO  ozoneimpl.ContainerReader (ContainerReader.java:readVolume(172)) - Finish verifying containers on volume /home/runner/work/ozone/ozone/hadoop-ozone/integration-test/target/test-dir/MiniOzoneClusterImpl-bf1a4df1-220d-4f19-a3f2-d6f00535f443/datanode-2/data-0/containers/hdds
2021-11-25 02:27:47,690 [Listener at 127.0.0.1/44827] INFO  ozoneimpl.OzoneContainer (OzoneContainer.java:buildContainerSet(236)) - Build ContainerSet costs 0s
2021-11-25 02:27:47,693 [Listener at 127.0.0.1/44827] INFO  server.RaftServer (ConfUtils.java:logGet(44)) - raft.rpc.type = GRPC (default)
2021-11-25 02:27:47,697 [Listener at 127.0.0.1/44827] INFO  grpc.GrpcFactory (GrpcFactory.java:checkPooledByteBufAllocatorUseCacheForAllThreads(48)) - PERFORMANCE WARNING: useCacheForAllThreads is true that may cause Netty to create a lot garbage objects and, as a result, trigger GC.
	It is recommended to disable useCacheForAllThreads by setting -Dorg.apache.ratis.thirdparty.io.netty.allocator.useCacheForAllThreads=false in command line.
2021-11-25 02:27:47,697 [Listener at 127.0.0.1/44827] INFO  grpc.GrpcConfigKeys (ConfUtils.java:logGet(44)) - raft.grpc.admin.port = 0 (custom)
2021-11-25 02:27:47,697 [Listener at 127.0.0.1/44827] INFO  grpc.GrpcConfigKeys (ConfUtils.java:logGet(44)) - raft.grpc.client.port = 0 (custom)
2021-11-25 02:27:47,697 [Listener at 127.0.0.1/44827] INFO  grpc.GrpcConfigKeys (ConfUtils.java:logGet(44)) - raft.grpc.server.port = 0 (default)
2021-11-25 02:27:47,697 [Listener at 127.0.0.1/44827] INFO  server.GrpcService (ConfUtils.java:logGet(44)) - raft.grpc.message.size.max = 32MB (=33554432) (custom)
2021-11-25 02:27:47,713 [Listener at 127.0.0.1/44827] INFO  server.RaftServerConfigKeys (ConfUtils.java:logGet(44)) - raft.server.log.appender.buffer.byte-limit = 33554432 (custom)
2021-11-25 02:27:47,717 [Listener at 127.0.0.1/44827] INFO  server.GrpcService (ConfUtils.java:logGet(44)) - raft.grpc.flow.control.window = 5MB (=5242880) (custom)
2021-11-25 02:27:47,718 [Listener at 127.0.0.1/44827] INFO  server.RaftServerConfigKeys (ConfUtils.java:logGet(44)) - raft.server.rpc.request.timeout = 3000ms (default)
2021-11-25 02:27:47,719 [Listener at 127.0.0.1/44827] INFO  impl.DataStreamServerImpl (ConfUtils.java:logGet(44)) - raft.datastream.type = DISABLED (default)
2021-11-25 02:27:47,722 [Listener at 127.0.0.1/44827] INFO  server.RaftServerConfigKeys (ConfUtils.java:logGet(44)) - raft.server.rpc.slowness.timeout = 300000ms (custom)
2021-11-25 02:27:47,722 [Listener at 127.0.0.1/44827] INFO  server.RaftServerConfigKeys (ConfUtils.java:logGet(44)) - raft.server.leaderelection.leader.step-down.wait-time = 10s (default)
2021-11-25 02:27:47,722 [Listener at 127.0.0.1/44827] INFO  server.RaftServerConfigKeys (ConfUtils.java:logGet(44)) - raft.server.storage.dir = [/home/runner/work/ozone/ozone/hadoop-ozone/integration-test/target/test-dir/MiniOzoneClusterImpl-bf1a4df1-220d-4f19-a3f2-d6f00535f443/datanode-2/data/ratis] (custom)
2021-11-25 02:27:47,725 [Listener at 127.0.0.1/44827] INFO  http.BaseHttpServer (BaseHttpServer.java:newHttpServer2BuilderForOzone(209)) - Starting Web-server for hddsDatanode at: http://0.0.0.0:0
2021-11-25 02:27:47,725 [Listener at 127.0.0.1/44827] INFO  http.BaseHttpServer (BaseHttpServer.java:<init>(107)) - Hadoop Security Enabled: false Ozone Security Enabled: false Ozone HTTP Security Enabled: false 
2021-11-25 02:27:47,727 [Listener at 127.0.0.1/44827] INFO  server.AuthenticationFilter (AuthenticationFilter.java:constructSecretProvider(240)) - Unable to initialize FileSignerSecretProvider, falling back to use random secrets.
2021-11-25 02:27:47,727 [Listener at 127.0.0.1/44827] WARN  http.HttpRequestLog (HttpRequestLog.java:getRequestLog(103)) - Jetty request log can only be enabled using Log4j
2021-11-25 02:27:47,728 [Listener at 127.0.0.1/44827] INFO  http.HttpServer2 (HttpServer2.java:addGlobalFilter(1030)) - Added global filter 'safety' (class=org.apache.hadoop.hdds.server.http.HttpServer2$QuotingInputFilter)
2021-11-25 02:27:47,729 [Listener at 127.0.0.1/44827] INFO  http.HttpServer2 (HttpServer2.java:addFilter(1006)) - Added filter static_user_filter (class=org.apache.hadoop.http.lib.StaticUserWebFilter$StaticUserFilter) to context hddsDatanode
2021-11-25 02:27:47,729 [Listener at 127.0.0.1/44827] INFO  http.HttpServer2 (HttpServer2.java:addFilter(1014)) - Added filter static_user_filter (class=org.apache.hadoop.http.lib.StaticUserWebFilter$StaticUserFilter) to context static
2021-11-25 02:27:47,729 [Listener at 127.0.0.1/44827] INFO  http.HttpServer2 (HttpServer2.java:addFilter(1014)) - Added filter static_user_filter (class=org.apache.hadoop.http.lib.StaticUserWebFilter$StaticUserFilter) to context logs
2021-11-25 02:27:47,738 [Listener at 127.0.0.1/44827] INFO  http.HttpServer2 (HttpServer2.java:bindListener(1249)) - Jetty bound to port 39961
2021-11-25 02:27:47,738 [Listener at 127.0.0.1/44827] INFO  server.Server (Server.java:doStart(375)) - jetty-9.4.43.v20210629; built: 2021-06-30T11:07:22.254Z; git: 526006ecfa3af7f1a27ef3a288e2bef7ea9dd7e8; jvm 1.8.0_292-b10
2021-11-25 02:27:47,777 [Listener at 127.0.0.1/44827] INFO  server.session (DefaultSessionIdManager.java:doStart(334)) - DefaultSessionIdManager workerName=node0
2021-11-25 02:27:47,777 [Listener at 127.0.0.1/44827] INFO  server.session (DefaultSessionIdManager.java:doStart(339)) - No SessionScavenger set, using defaults
2021-11-25 02:27:47,777 [Listener at 127.0.0.1/44827] INFO  server.session (HouseKeeper.java:startScavenging(132)) - node0 Scavenging every 600000ms
2021-11-25 02:27:47,779 [Listener at 127.0.0.1/44827] INFO  handler.ContextHandler (ContextHandler.java:doStart(915)) - Started o.e.j.s.ServletContextHandler@70bf2681{logs,/logs,file:///home/runner/work/ozone/ozone/hadoop-ozone/integration-test/target/log,AVAILABLE}
2021-11-25 02:27:47,779 [Listener at 127.0.0.1/44827] INFO  handler.ContextHandler (ContextHandler.java:doStart(915)) - Started o.e.j.s.ServletContextHandler@115c112{static,/static,jar:file:/home/runner/.m2/repository/org/apache/ozone/hdds-container-service/1.2.0-SNAPSHOT/hdds-container-service-1.2.0-SNAPSHOT.jar!/webapps/static,AVAILABLE}
2021-11-25 02:27:47,923 [Listener at 127.0.0.1/44827] INFO  handler.ContextHandler (ContextHandler.java:doStart(915)) - Started o.e.j.w.WebAppContext@ba0b690{hddsDatanode,/,file:///tmp/jetty-0_0_0_0-39961-hdds-container-service-1_2_0-SNAPSHOT_jar-_-any-634669896710249426/webapp/,AVAILABLE}{jar:file:/home/runner/.m2/repository/org/apache/ozone/hdds-container-service/1.2.0-SNAPSHOT/hdds-container-service-1.2.0-SNAPSHOT.jar!/webapps/hddsDatanode}
2021-11-25 02:27:47,925 [Listener at 127.0.0.1/44827] INFO  server.AbstractConnector (AbstractConnector.java:doStart(331)) - Started ServerConnector@7fa0e13a{HTTP/1.1, (http/1.1)}{0.0.0.0:39961}
2021-11-25 02:27:47,925 [Listener at 127.0.0.1/44827] INFO  server.Server (Server.java:doStart(415)) - Started @89771ms
2021-11-25 02:27:47,926 [Listener at 127.0.0.1/44827] WARN  impl.MetricsSystemImpl (MetricsSystemImpl.java:register(279)) - Sink prometheus already exists!
2021-11-25 02:27:47,927 [Listener at 127.0.0.1/44827] INFO  http.BaseHttpServer (BaseHttpServer.java:updateConnectorAddress(329)) - HTTP server of hddsDatanode listening at http://0.0.0.0:39961
2021-11-25 02:27:47,931 [Listener at 127.0.0.1/44827] WARN  impl.MetricRegistriesImpl (MetricRegistriesImpl.java:addReporterRegistration(111)) - New reporters are added after registries were created. Some metrics will be missing from the reporter. Please add reporter before adding any new registry.
2021-11-25 02:27:47,931 [Listener at 127.0.0.1/44827] WARN  impl.MetricRegistriesImpl (MetricRegistriesImpl.java:addReporterRegistration(111)) - New reporters are added after registries were created. Some metrics will be missing from the reporter. Please add reporter before adding any new registry.
2021-11-25 02:27:47,931 [Listener at 127.0.0.1/44827] INFO  impl.MetricsSystemImpl (MetricsSystemImpl.java:init(158)) - HddsDatanode metrics system started (again)
2021-11-25 02:27:47,937 [Datanode State Machine Daemon Thread] INFO  statemachine.DatanodeStateMachine (DatanodeStateMachine.java:lambda$startDaemon$0(467)) - Ozone container server started.
2021-11-25 02:27:47,982 [org.apache.hadoop.util.JvmPauseMonitor$Monitor@69df0cdb] INFO  util.JvmPauseMonitor (JvmPauseMonitor.java:run(188)) - Starting JVM pause monitor
2021-11-25 02:27:47,993 [Listener at 127.0.0.1/44827] INFO  ozone.HddsDatanodeService (HddsDatanodeService.java:start(234)) - HddsDatanodeService host:fv-az12-931.exdb2aeach2ezidoxz41lk3bwg.cx.internal.cloudapp.net ip:10.1.0.13
2021-11-25 02:27:48,020 [Datanode State Machine Task Thread - 0] INFO  datanode.InitDatanodeState (InitDatanodeState.java:persistContainerDatanodeDetails(145)) - DatanodeDetails is persisted to /home/runner/work/ozone/ozone/hadoop-ozone/integration-test/target/test-dir/MiniOzoneClusterImpl-bf1a4df1-220d-4f19-a3f2-d6f00535f443/datanode-2/meta/datanode.id
2021-11-25 02:27:48,064 [Listener at 127.0.0.1/44827] INFO  upgrade.AbstractLayoutVersionManager (AbstractLayoutVersionManager.java:init(79)) - Initializing Layout version manager with metadata layout = SCM_HA (version = 2), software layout = SCM_HA (version = 2)
2021-11-25 02:27:48,173 [Listener at 127.0.0.1/44827] INFO  reflections.Reflections (Reflections.java:scan(232)) - Reflections took 107 ms to scan 7 urls, producing 119 keys and 279 values 
2021-11-25 02:27:48,185 [Listener at 127.0.0.1/44827] INFO  statemachine.DatanodeStateMachine (DatanodeStateMachine.java:getEndPointTaskThreadPoolSize(219)) - Datanode State Machine Task Thread Pool size 2
2021-11-25 02:27:48,187 [Listener at 127.0.0.1/44827] INFO  volume.HddsVolume (HddsVolume.java:<init>(120)) - Creating HddsVolume: /home/runner/work/ozone/ozone/hadoop-ozone/integration-test/target/test-dir/MiniOzoneClusterImpl-bf1a4df1-220d-4f19-a3f2-d6f00535f443/datanode-3/data-0/containers/hdds of storage type : DISK capacity : 9223372036854775807
2021-11-25 02:27:48,188 [Listener at 127.0.0.1/44827] INFO  volume.MutableVolumeSet (MutableVolumeSet.java:initializeVolumeSet(168)) - Added Volume : /home/runner/work/ozone/ozone/hadoop-ozone/integration-test/target/test-dir/MiniOzoneClusterImpl-bf1a4df1-220d-4f19-a3f2-d6f00535f443/datanode-3/data-0/containers/hdds to VolumeSet
2021-11-25 02:27:48,188 [Listener at 127.0.0.1/44827] INFO  volume.ThrottledAsyncChecker (ThrottledAsyncChecker.java:schedule(141)) - Scheduling a check for /home/runner/work/ozone/ozone/hadoop-ozone/integration-test/target/test-dir/MiniOzoneClusterImpl-bf1a4df1-220d-4f19-a3f2-d6f00535f443/datanode-3/data-0/containers/hdds
2021-11-25 02:27:48,213 [Listener at 127.0.0.1/44827] INFO  volume.StorageVolumeChecker (StorageVolumeChecker.java:checkAllVolumes(202)) - Scheduled health check for volume /home/runner/work/ozone/ozone/hadoop-ozone/integration-test/target/test-dir/MiniOzoneClusterImpl-bf1a4df1-220d-4f19-a3f2-d6f00535f443/datanode-3/data-0/containers/hdds
2021-11-25 02:27:48,261 [Listener at 127.0.0.1/44827] INFO  volume.MutableVolumeSet (MutableVolumeSet.java:initializeVolumeSet(168)) - Added Volume : /home/runner/work/ozone/ozone/hadoop-ozone/integration-test/target/test-dir/MiniOzoneClusterImpl-bf1a4df1-220d-4f19-a3f2-d6f00535f443/datanode-3/data/ratis to VolumeSet
2021-11-25 02:27:48,261 [Listener at 127.0.0.1/44827] INFO  volume.ThrottledAsyncChecker (ThrottledAsyncChecker.java:schedule(141)) - Scheduling a check for /home/runner/work/ozone/ozone/hadoop-ozone/integration-test/target/test-dir/MiniOzoneClusterImpl-bf1a4df1-220d-4f19-a3f2-d6f00535f443/datanode-3/data/ratis
2021-11-25 02:27:48,272 [Listener at 127.0.0.1/44827] INFO  volume.StorageVolumeChecker (StorageVolumeChecker.java:checkAllVolumes(202)) - Scheduled health check for volume /home/runner/work/ozone/ozone/hadoop-ozone/integration-test/target/test-dir/MiniOzoneClusterImpl-bf1a4df1-220d-4f19-a3f2-d6f00535f443/datanode-3/data/ratis
2021-11-25 02:27:48,338 [Thread-761] INFO  ozoneimpl.ContainerReader (ContainerReader.java:readVolume(172)) - Finish verifying containers on volume /home/runner/work/ozone/ozone/hadoop-ozone/integration-test/target/test-dir/MiniOzoneClusterImpl-bf1a4df1-220d-4f19-a3f2-d6f00535f443/datanode-3/data-0/containers/hdds
2021-11-25 02:27:48,348 [Listener at 127.0.0.1/44827] INFO  ozoneimpl.OzoneContainer (OzoneContainer.java:buildContainerSet(236)) - Build ContainerSet costs 0s
2021-11-25 02:27:48,356 [Listener at 127.0.0.1/44827] INFO  server.RaftServer (ConfUtils.java:logGet(44)) - raft.rpc.type = GRPC (default)
2021-11-25 02:27:48,360 [Listener at 127.0.0.1/44827] INFO  grpc.GrpcFactory (GrpcFactory.java:checkPooledByteBufAllocatorUseCacheForAllThreads(48)) - PERFORMANCE WARNING: useCacheForAllThreads is true that may cause Netty to create a lot garbage objects and, as a result, trigger GC.
	It is recommended to disable useCacheForAllThreads by setting -Dorg.apache.ratis.thirdparty.io.netty.allocator.useCacheForAllThreads=false in command line.
2021-11-25 02:27:48,365 [Listener at 127.0.0.1/44827] INFO  grpc.GrpcConfigKeys (ConfUtils.java:logGet(44)) - raft.grpc.admin.port = 0 (custom)
2021-11-25 02:27:48,366 [Listener at 127.0.0.1/44827] INFO  grpc.GrpcConfigKeys (ConfUtils.java:logGet(44)) - raft.grpc.client.port = 0 (custom)
2021-11-25 02:27:48,366 [Listener at 127.0.0.1/44827] INFO  grpc.GrpcConfigKeys (ConfUtils.java:logGet(44)) - raft.grpc.server.port = 0 (default)
2021-11-25 02:27:48,366 [Listener at 127.0.0.1/44827] INFO  server.GrpcService (ConfUtils.java:logGet(44)) - raft.grpc.message.size.max = 32MB (=33554432) (custom)
2021-11-25 02:27:48,366 [Listener at 127.0.0.1/44827] INFO  server.RaftServerConfigKeys (ConfUtils.java:logGet(44)) - raft.server.log.appender.buffer.byte-limit = 33554432 (custom)
2021-11-25 02:27:48,366 [Listener at 127.0.0.1/44827] INFO  server.GrpcService (ConfUtils.java:logGet(44)) - raft.grpc.flow.control.window = 5MB (=5242880) (custom)
2021-11-25 02:27:48,366 [Listener at 127.0.0.1/44827] INFO  server.RaftServerConfigKeys (ConfUtils.java:logGet(44)) - raft.server.rpc.request.timeout = 3000ms (default)
2021-11-25 02:27:48,367 [Listener at 127.0.0.1/44827] INFO  impl.DataStreamServerImpl (ConfUtils.java:logGet(44)) - raft.datastream.type = DISABLED (default)
2021-11-25 02:27:48,368 [Listener at 127.0.0.1/44827] INFO  server.RaftServerConfigKeys (ConfUtils.java:logGet(44)) - raft.server.rpc.slowness.timeout = 300000ms (custom)
2021-11-25 02:27:48,368 [Listener at 127.0.0.1/44827] INFO  server.RaftServerConfigKeys (ConfUtils.java:logGet(44)) - raft.server.leaderelection.leader.step-down.wait-time = 10s (default)
2021-11-25 02:27:48,368 [Listener at 127.0.0.1/44827] INFO  server.RaftServerConfigKeys (ConfUtils.java:logGet(44)) - raft.server.storage.dir = [/home/runner/work/ozone/ozone/hadoop-ozone/integration-test/target/test-dir/MiniOzoneClusterImpl-bf1a4df1-220d-4f19-a3f2-d6f00535f443/datanode-3/data/ratis] (custom)
2021-11-25 02:27:48,378 [Listener at 127.0.0.1/44827] INFO  http.BaseHttpServer (BaseHttpServer.java:newHttpServer2BuilderForOzone(209)) - Starting Web-server for hddsDatanode at: http://0.0.0.0:0
2021-11-25 02:27:48,379 [Listener at 127.0.0.1/44827] INFO  http.BaseHttpServer (BaseHttpServer.java:<init>(107)) - Hadoop Security Enabled: false Ozone Security Enabled: false Ozone HTTP Security Enabled: false 
2021-11-25 02:27:48,380 [Listener at 127.0.0.1/44827] INFO  server.AuthenticationFilter (AuthenticationFilter.java:constructSecretProvider(240)) - Unable to initialize FileSignerSecretProvider, falling back to use random secrets.
2021-11-25 02:27:48,385 [Listener at 127.0.0.1/44827] WARN  http.HttpRequestLog (HttpRequestLog.java:getRequestLog(103)) - Jetty request log can only be enabled using Log4j
2021-11-25 02:27:48,386 [Listener at 127.0.0.1/44827] INFO  http.HttpServer2 (HttpServer2.java:addGlobalFilter(1030)) - Added global filter 'safety' (class=org.apache.hadoop.hdds.server.http.HttpServer2$QuotingInputFilter)
2021-11-25 02:27:48,387 [Listener at 127.0.0.1/44827] INFO  http.HttpServer2 (HttpServer2.java:addFilter(1006)) - Added filter static_user_filter (class=org.apache.hadoop.http.lib.StaticUserWebFilter$StaticUserFilter) to context hddsDatanode
2021-11-25 02:27:48,387 [Listener at 127.0.0.1/44827] INFO  http.HttpServer2 (HttpServer2.java:addFilter(1014)) - Added filter static_user_filter (class=org.apache.hadoop.http.lib.StaticUserWebFilter$StaticUserFilter) to context static
2021-11-25 02:27:48,387 [Listener at 127.0.0.1/44827] INFO  http.HttpServer2 (HttpServer2.java:addFilter(1014)) - Added filter static_user_filter (class=org.apache.hadoop.http.lib.StaticUserWebFilter$StaticUserFilter) to context logs
2021-11-25 02:27:48,389 [Listener at 127.0.0.1/44827] INFO  http.HttpServer2 (HttpServer2.java:bindListener(1249)) - Jetty bound to port 46279
2021-11-25 02:27:48,389 [Listener at 127.0.0.1/44827] INFO  server.Server (Server.java:doStart(375)) - jetty-9.4.43.v20210629; built: 2021-06-30T11:07:22.254Z; git: 526006ecfa3af7f1a27ef3a288e2bef7ea9dd7e8; jvm 1.8.0_292-b10
2021-11-25 02:27:48,410 [Listener at 127.0.0.1/44827] INFO  server.session (DefaultSessionIdManager.java:doStart(334)) - DefaultSessionIdManager workerName=node0
2021-11-25 02:27:48,410 [Listener at 127.0.0.1/44827] INFO  server.session (DefaultSessionIdManager.java:doStart(339)) - No SessionScavenger set, using defaults
2021-11-25 02:27:48,410 [Listener at 127.0.0.1/44827] INFO  server.session (HouseKeeper.java:startScavenging(132)) - node0 Scavenging every 660000ms
2021-11-25 02:27:48,411 [Listener at 127.0.0.1/44827] INFO  handler.ContextHandler (ContextHandler.java:doStart(915)) - Started o.e.j.s.ServletContextHandler@68a62f4d{logs,/logs,file:///home/runner/work/ozone/ozone/hadoop-ozone/integration-test/target/log,AVAILABLE}
2021-11-25 02:27:48,411 [Listener at 127.0.0.1/44827] INFO  handler.ContextHandler (ContextHandler.java:doStart(915)) - Started o.e.j.s.ServletContextHandler@304035e4{static,/static,jar:file:/home/runner/.m2/repository/org/apache/ozone/hdds-container-service/1.2.0-SNAPSHOT/hdds-container-service-1.2.0-SNAPSHOT.jar!/webapps/static,AVAILABLE}
2021-11-25 02:27:48,545 [EndpointStateMachine task thread for /0.0.0.0:38213 - 0 ] INFO  ozoneimpl.OzoneContainer (OzoneContainer.java:start(304)) - Attempting to start container services.
2021-11-25 02:27:48,545 [EndpointStateMachine task thread for /0.0.0.0:38213 - 0 ] INFO  ozoneimpl.OzoneContainer (OzoneContainer.java:startContainerScrub(249)) - Background container scanner has been disabled.
2021-11-25 02:27:48,549 [EndpointStateMachine task thread for /0.0.0.0:38213 - 0 ] INFO  replication.ReplicationServer (ReplicationServer.java:start(107)) - ReplicationServer is started using port 42223
2021-11-25 02:27:48,550 [EndpointStateMachine task thread for /0.0.0.0:38213 - 0 ] INFO  ratis.XceiverServerRatis (XceiverServerRatis.java:start(484)) - Starting XceiverServerRatis 7b8694ed-f626-45d7-ad92-ba79cd2bf69c
2021-11-25 02:27:48,550 [EndpointStateMachine task thread for /0.0.0.0:38213 - 0 ] INFO  server.RaftServer (RaftServerProxy.java:lambda$start$5(374)) - 7b8694ed-f626-45d7-ad92-ba79cd2bf69c: start RPC server
2021-11-25 02:27:48,561 [EndpointStateMachine task thread for /0.0.0.0:38213 - 0 ] INFO  server.GrpcService (GrpcService.java:startImpl(253)) - 7b8694ed-f626-45d7-ad92-ba79cd2bf69c: GrpcService started, listening on 33171
2021-11-25 02:27:48,571 [EndpointStateMachine task thread for /0.0.0.0:38213 - 0 ] INFO  ratis.XceiverServerRatis (XceiverServerRatis.java:getRealPort(505)) - XceiverServerRatis 7b8694ed-f626-45d7-ad92-ba79cd2bf69c is started using port 33171 for RATIS
2021-11-25 02:27:48,571 [EndpointStateMachine task thread for /0.0.0.0:38213 - 0 ] INFO  ratis.XceiverServerRatis (XceiverServerRatis.java:getRealPort(505)) - XceiverServerRatis 7b8694ed-f626-45d7-ad92-ba79cd2bf69c is started using port 33171 for RATIS_ADMIN
2021-11-25 02:27:48,571 [EndpointStateMachine task thread for /0.0.0.0:38213 - 0 ] INFO  ratis.XceiverServerRatis (XceiverServerRatis.java:getRealPort(505)) - XceiverServerRatis 7b8694ed-f626-45d7-ad92-ba79cd2bf69c is started using port 33171 for RATIS_SERVER
2021-11-25 02:27:48,575 [EndpointStateMachine task thread for /0.0.0.0:38213 - 0 ] INFO  server.XceiverServerGrpc (XceiverServerGrpc.java:start(135)) - XceiverServerGrpc 7b8694ed-f626-45d7-ad92-ba79cd2bf69c is started using port 39971
2021-11-25 02:27:48,598 [Listener at 127.0.0.1/44827] INFO  handler.ContextHandler (ContextHandler.java:doStart(915)) - Started o.e.j.w.WebAppContext@101c85d6{hddsDatanode,/,file:///tmp/jetty-0_0_0_0-46279-hdds-container-service-1_2_0-SNAPSHOT_jar-_-any-6052427822166044876/webapp/,AVAILABLE}{jar:file:/home/runner/.m2/repository/org/apache/ozone/hdds-container-service/1.2.0-SNAPSHOT/hdds-container-service-1.2.0-SNAPSHOT.jar!/webapps/hddsDatanode}
2021-11-25 02:27:48,599 [org.apache.ratis.util.JvmPauseMonitor$$Lambda$533/113722330@4e3d3358] INFO  util.JvmPauseMonitor (JvmPauseMonitor.java:run(103)) - JvmPauseMonitor-7b8694ed-f626-45d7-ad92-ba79cd2bf69c: Started
2021-11-25 02:27:48,614 [Listener at 127.0.0.1/44827] INFO  server.AbstractConnector (AbstractConnector.java:doStart(331)) - Started ServerConnector@5dba3635{HTTP/1.1, (http/1.1)}{0.0.0.0:46279}
2021-11-25 02:27:48,614 [Listener at 127.0.0.1/44827] INFO  server.Server (Server.java:doStart(415)) - Started @90459ms
2021-11-25 02:27:48,614 [Listener at 127.0.0.1/44827] WARN  impl.MetricsSystemImpl (MetricsSystemImpl.java:register(279)) - Sink prometheus already exists!
2021-11-25 02:27:48,615 [Listener at 127.0.0.1/44827] INFO  http.BaseHttpServer (BaseHttpServer.java:updateConnectorAddress(329)) - HTTP server of hddsDatanode listening at http://0.0.0.0:46279
2021-11-25 02:27:48,621 [Listener at 127.0.0.1/44827] WARN  impl.MetricRegistriesImpl (MetricRegistriesImpl.java:addReporterRegistration(111)) - New reporters are added after registries were created. Some metrics will be missing from the reporter. Please add reporter before adding any new registry.
2021-11-25 02:27:48,622 [Listener at 127.0.0.1/44827] WARN  impl.MetricRegistriesImpl (MetricRegistriesImpl.java:addReporterRegistration(111)) - New reporters are added after registries were created. Some metrics will be missing from the reporter. Please add reporter before adding any new registry.
2021-11-25 02:27:48,622 [Listener at 127.0.0.1/44827] INFO  impl.MetricsSystemImpl (MetricsSystemImpl.java:init(158)) - HddsDatanode metrics system started (again)
2021-11-25 02:27:48,641 [Datanode State Machine Daemon Thread] INFO  statemachine.DatanodeStateMachine (DatanodeStateMachine.java:lambda$startDaemon$0(467)) - Ozone container server started.
2021-11-25 02:27:48,677 [org.apache.hadoop.util.JvmPauseMonitor$Monitor@417cf1e7] INFO  util.JvmPauseMonitor (JvmPauseMonitor.java:run(188)) - Starting JVM pause monitor
2021-11-25 02:27:48,697 [Datanode State Machine Task Thread - 0] INFO  datanode.InitDatanodeState (InitDatanodeState.java:persistContainerDatanodeDetails(145)) - DatanodeDetails is persisted to /home/runner/work/ozone/ozone/hadoop-ozone/integration-test/target/test-dir/MiniOzoneClusterImpl-bf1a4df1-220d-4f19-a3f2-d6f00535f443/datanode-3/meta/datanode.id
2021-11-25 02:27:48,700 [Listener at 127.0.0.1/44827] INFO  ozone.HddsDatanodeService (HddsDatanodeService.java:start(234)) - HddsDatanodeService host:fv-az12-931.exdb2aeach2ezidoxz41lk3bwg.cx.internal.cloudapp.net ip:10.1.0.13
2021-11-25 02:27:48,776 [Listener at 127.0.0.1/44827] INFO  upgrade.AbstractLayoutVersionManager (AbstractLayoutVersionManager.java:init(79)) - Initializing Layout version manager with metadata layout = SCM_HA (version = 2), software layout = SCM_HA (version = 2)
2021-11-25 02:27:48,905 [Listener at 127.0.0.1/44827] INFO  reflections.Reflections (Reflections.java:scan(232)) - Reflections took 120 ms to scan 7 urls, producing 119 keys and 279 values 
2021-11-25 02:27:48,927 [Listener at 127.0.0.1/44827] INFO  statemachine.DatanodeStateMachine (DatanodeStateMachine.java:getEndPointTaskThreadPoolSize(219)) - Datanode State Machine Task Thread Pool size 2
2021-11-25 02:27:48,938 [Listener at 127.0.0.1/44827] INFO  volume.HddsVolume (HddsVolume.java:<init>(120)) - Creating HddsVolume: /home/runner/work/ozone/ozone/hadoop-ozone/integration-test/target/test-dir/MiniOzoneClusterImpl-bf1a4df1-220d-4f19-a3f2-d6f00535f443/datanode-4/data-0/containers/hdds of storage type : DISK capacity : 9223372036854775807
2021-11-25 02:27:48,938 [Listener at 127.0.0.1/44827] INFO  volume.MutableVolumeSet (MutableVolumeSet.java:initializeVolumeSet(168)) - Added Volume : /home/runner/work/ozone/ozone/hadoop-ozone/integration-test/target/test-dir/MiniOzoneClusterImpl-bf1a4df1-220d-4f19-a3f2-d6f00535f443/datanode-4/data-0/containers/hdds to VolumeSet
2021-11-25 02:27:48,938 [Listener at 127.0.0.1/44827] INFO  volume.ThrottledAsyncChecker (ThrottledAsyncChecker.java:schedule(141)) - Scheduling a check for /home/runner/work/ozone/ozone/hadoop-ozone/integration-test/target/test-dir/MiniOzoneClusterImpl-bf1a4df1-220d-4f19-a3f2-d6f00535f443/datanode-4/data-0/containers/hdds
2021-11-25 02:27:48,951 [Listener at 127.0.0.1/44827] INFO  volume.StorageVolumeChecker (StorageVolumeChecker.java:checkAllVolumes(202)) - Scheduled health check for volume /home/runner/work/ozone/ozone/hadoop-ozone/integration-test/target/test-dir/MiniOzoneClusterImpl-bf1a4df1-220d-4f19-a3f2-d6f00535f443/datanode-4/data-0/containers/hdds
2021-11-25 02:27:49,030 [Listener at 127.0.0.1/44827] INFO  volume.MutableVolumeSet (MutableVolumeSet.java:initializeVolumeSet(168)) - Added Volume : /home/runner/work/ozone/ozone/hadoop-ozone/integration-test/target/test-dir/MiniOzoneClusterImpl-bf1a4df1-220d-4f19-a3f2-d6f00535f443/datanode-4/data/ratis to VolumeSet
2021-11-25 02:27:49,031 [Listener at 127.0.0.1/44827] INFO  volume.ThrottledAsyncChecker (ThrottledAsyncChecker.java:schedule(141)) - Scheduling a check for /home/runner/work/ozone/ozone/hadoop-ozone/integration-test/target/test-dir/MiniOzoneClusterImpl-bf1a4df1-220d-4f19-a3f2-d6f00535f443/datanode-4/data/ratis
2021-11-25 02:27:49,031 [Listener at 127.0.0.1/44827] INFO  volume.StorageVolumeChecker (StorageVolumeChecker.java:checkAllVolumes(202)) - Scheduled health check for volume /home/runner/work/ozone/ozone/hadoop-ozone/integration-test/target/test-dir/MiniOzoneClusterImpl-bf1a4df1-220d-4f19-a3f2-d6f00535f443/datanode-4/data/ratis
2021-11-25 02:27:49,072 [Thread-777] INFO  ozoneimpl.ContainerReader (ContainerReader.java:readVolume(172)) - Finish verifying containers on volume /home/runner/work/ozone/ozone/hadoop-ozone/integration-test/target/test-dir/MiniOzoneClusterImpl-bf1a4df1-220d-4f19-a3f2-d6f00535f443/datanode-4/data-0/containers/hdds
2021-11-25 02:27:49,072 [Listener at 127.0.0.1/44827] INFO  ozoneimpl.OzoneContainer (OzoneContainer.java:buildContainerSet(236)) - Build ContainerSet costs 0s
2021-11-25 02:27:49,074 [Listener at 127.0.0.1/44827] INFO  server.RaftServer (ConfUtils.java:logGet(44)) - raft.rpc.type = GRPC (default)
2021-11-25 02:27:49,074 [Listener at 127.0.0.1/44827] INFO  grpc.GrpcFactory (GrpcFactory.java:checkPooledByteBufAllocatorUseCacheForAllThreads(48)) - PERFORMANCE WARNING: useCacheForAllThreads is true that may cause Netty to create a lot garbage objects and, as a result, trigger GC.
	It is recommended to disable useCacheForAllThreads by setting -Dorg.apache.ratis.thirdparty.io.netty.allocator.useCacheForAllThreads=false in command line.
2021-11-25 02:27:49,075 [Listener at 127.0.0.1/44827] INFO  grpc.GrpcConfigKeys (ConfUtils.java:logGet(44)) - raft.grpc.admin.port = 0 (custom)
2021-11-25 02:27:49,075 [Listener at 127.0.0.1/44827] INFO  grpc.GrpcConfigKeys (ConfUtils.java:logGet(44)) - raft.grpc.client.port = 0 (custom)
2021-11-25 02:27:49,075 [Listener at 127.0.0.1/44827] INFO  grpc.GrpcConfigKeys (ConfUtils.java:logGet(44)) - raft.grpc.server.port = 0 (default)
2021-11-25 02:27:49,075 [Listener at 127.0.0.1/44827] INFO  server.GrpcService (ConfUtils.java:logGet(44)) - raft.grpc.message.size.max = 32MB (=33554432) (custom)
2021-11-25 02:27:49,075 [Listener at 127.0.0.1/44827] INFO  server.RaftServerConfigKeys (ConfUtils.java:logGet(44)) - raft.server.log.appender.buffer.byte-limit = 33554432 (custom)
2021-11-25 02:27:49,075 [Listener at 127.0.0.1/44827] INFO  server.GrpcService (ConfUtils.java:logGet(44)) - raft.grpc.flow.control.window = 5MB (=5242880) (custom)
2021-11-25 02:27:49,075 [Listener at 127.0.0.1/44827] INFO  server.RaftServerConfigKeys (ConfUtils.java:logGet(44)) - raft.server.rpc.request.timeout = 3000ms (default)
2021-11-25 02:27:49,076 [Listener at 127.0.0.1/44827] INFO  impl.DataStreamServerImpl (ConfUtils.java:logGet(44)) - raft.datastream.type = DISABLED (default)
2021-11-25 02:27:49,077 [Listener at 127.0.0.1/44827] INFO  server.RaftServerConfigKeys (ConfUtils.java:logGet(44)) - raft.server.rpc.slowness.timeout = 300000ms (custom)
2021-11-25 02:27:49,077 [Listener at 127.0.0.1/44827] INFO  server.RaftServerConfigKeys (ConfUtils.java:logGet(44)) - raft.server.leaderelection.leader.step-down.wait-time = 10s (default)
2021-11-25 02:27:49,077 [Listener at 127.0.0.1/44827] INFO  server.RaftServerConfigKeys (ConfUtils.java:logGet(44)) - raft.server.storage.dir = [/home/runner/work/ozone/ozone/hadoop-ozone/integration-test/target/test-dir/MiniOzoneClusterImpl-bf1a4df1-220d-4f19-a3f2-d6f00535f443/datanode-4/data/ratis] (custom)
2021-11-25 02:27:49,130 [Listener at 127.0.0.1/44827] INFO  http.BaseHttpServer (BaseHttpServer.java:newHttpServer2BuilderForOzone(209)) - Starting Web-server for hddsDatanode at: http://0.0.0.0:0
2021-11-25 02:27:49,131 [Listener at 127.0.0.1/44827] INFO  http.BaseHttpServer (BaseHttpServer.java:<init>(107)) - Hadoop Security Enabled: false Ozone Security Enabled: false Ozone HTTP Security Enabled: false 
2021-11-25 02:27:49,149 [Listener at 127.0.0.1/44827] INFO  server.AuthenticationFilter (AuthenticationFilter.java:constructSecretProvider(240)) - Unable to initialize FileSignerSecretProvider, falling back to use random secrets.
2021-11-25 02:27:49,153 [Listener at 127.0.0.1/44827] WARN  http.HttpRequestLog (HttpRequestLog.java:getRequestLog(103)) - Jetty request log can only be enabled using Log4j
2021-11-25 02:27:49,175 [Listener at 127.0.0.1/44827] INFO  http.HttpServer2 (HttpServer2.java:addGlobalFilter(1030)) - Added global filter 'safety' (class=org.apache.hadoop.hdds.server.http.HttpServer2$QuotingInputFilter)
2021-11-25 02:27:49,176 [Listener at 127.0.0.1/44827] INFO  http.HttpServer2 (HttpServer2.java:addFilter(1006)) - Added filter static_user_filter (class=org.apache.hadoop.http.lib.StaticUserWebFilter$StaticUserFilter) to context hddsDatanode
2021-11-25 02:27:49,176 [Listener at 127.0.0.1/44827] INFO  http.HttpServer2 (HttpServer2.java:addFilter(1014)) - Added filter static_user_filter (class=org.apache.hadoop.http.lib.StaticUserWebFilter$StaticUserFilter) to context logs
2021-11-25 02:27:49,177 [Listener at 127.0.0.1/44827] INFO  http.HttpServer2 (HttpServer2.java:addFilter(1014)) - Added filter static_user_filter (class=org.apache.hadoop.http.lib.StaticUserWebFilter$StaticUserFilter) to context static
2021-11-25 02:27:49,177 [Listener at 127.0.0.1/44827] INFO  http.HttpServer2 (HttpServer2.java:bindListener(1249)) - Jetty bound to port 37117
2021-11-25 02:27:49,177 [Listener at 127.0.0.1/44827] INFO  server.Server (Server.java:doStart(375)) - jetty-9.4.43.v20210629; built: 2021-06-30T11:07:22.254Z; git: 526006ecfa3af7f1a27ef3a288e2bef7ea9dd7e8; jvm 1.8.0_292-b10
2021-11-25 02:27:49,255 [Listener at 127.0.0.1/44827] INFO  server.session (DefaultSessionIdManager.java:doStart(334)) - DefaultSessionIdManager workerName=node0
2021-11-25 02:27:49,255 [Listener at 127.0.0.1/44827] INFO  server.session (DefaultSessionIdManager.java:doStart(339)) - No SessionScavenger set, using defaults
2021-11-25 02:27:49,255 [Listener at 127.0.0.1/44827] INFO  server.session (HouseKeeper.java:startScavenging(132)) - node0 Scavenging every 600000ms
2021-11-25 02:27:49,258 [Listener at 127.0.0.1/44827] INFO  handler.ContextHandler (ContextHandler.java:doStart(915)) - Started o.e.j.s.ServletContextHandler@cc1247a{logs,/logs,file:///home/runner/work/ozone/ozone/hadoop-ozone/integration-test/target/log,AVAILABLE}
2021-11-25 02:27:49,259 [Listener at 127.0.0.1/44827] INFO  handler.ContextHandler (ContextHandler.java:doStart(915)) - Started o.e.j.s.ServletContextHandler@3f30805d{static,/static,jar:file:/home/runner/.m2/repository/org/apache/ozone/hdds-container-service/1.2.0-SNAPSHOT/hdds-container-service-1.2.0-SNAPSHOT.jar!/webapps/static,AVAILABLE}
2021-11-25 02:27:49,307 [EndpointStateMachine task thread for /0.0.0.0:38213 - 0 ] INFO  ozoneimpl.OzoneContainer (OzoneContainer.java:start(304)) - Attempting to start container services.
2021-11-25 02:27:49,307 [EndpointStateMachine task thread for /0.0.0.0:38213 - 0 ] INFO  ozoneimpl.OzoneContainer (OzoneContainer.java:startContainerScrub(249)) - Background container scanner has been disabled.
2021-11-25 02:27:49,308 [EndpointStateMachine task thread for /0.0.0.0:38213 - 0 ] INFO  replication.ReplicationServer (ReplicationServer.java:start(107)) - ReplicationServer is started using port 38601
2021-11-25 02:27:49,310 [EndpointStateMachine task thread for /0.0.0.0:38213 - 0 ] INFO  ratis.XceiverServerRatis (XceiverServerRatis.java:start(484)) - Starting XceiverServerRatis a8a586c2-f99e-4cfe-9d52-03ddcdbedb28
2021-11-25 02:27:49,314 [EndpointStateMachine task thread for /0.0.0.0:38213 - 0 ] INFO  server.RaftServer (RaftServerProxy.java:lambda$start$5(374)) - a8a586c2-f99e-4cfe-9d52-03ddcdbedb28: start RPC server
2021-11-25 02:27:49,325 [EndpointStateMachine task thread for /0.0.0.0:38213 - 0 ] INFO  server.GrpcService (GrpcService.java:startImpl(253)) - a8a586c2-f99e-4cfe-9d52-03ddcdbedb28: GrpcService started, listening on 36737
2021-11-25 02:27:49,341 [EndpointStateMachine task thread for /0.0.0.0:38213 - 0 ] INFO  ratis.XceiverServerRatis (XceiverServerRatis.java:getRealPort(505)) - XceiverServerRatis a8a586c2-f99e-4cfe-9d52-03ddcdbedb28 is started using port 36737 for RATIS
2021-11-25 02:27:49,341 [EndpointStateMachine task thread for /0.0.0.0:38213 - 0 ] INFO  ratis.XceiverServerRatis (XceiverServerRatis.java:getRealPort(505)) - XceiverServerRatis a8a586c2-f99e-4cfe-9d52-03ddcdbedb28 is started using port 36737 for RATIS_ADMIN
2021-11-25 02:27:49,341 [EndpointStateMachine task thread for /0.0.0.0:38213 - 0 ] INFO  ratis.XceiverServerRatis (XceiverServerRatis.java:getRealPort(505)) - XceiverServerRatis a8a586c2-f99e-4cfe-9d52-03ddcdbedb28 is started using port 36737 for RATIS_SERVER
2021-11-25 02:27:49,349 [EndpointStateMachine task thread for /0.0.0.0:38213 - 0 ] INFO  server.XceiverServerGrpc (XceiverServerGrpc.java:start(135)) - XceiverServerGrpc a8a586c2-f99e-4cfe-9d52-03ddcdbedb28 is started using port 38157
2021-11-25 02:27:49,369 [org.apache.ratis.util.JvmPauseMonitor$$Lambda$533/113722330@670176a5] INFO  util.JvmPauseMonitor (JvmPauseMonitor.java:run(103)) - JvmPauseMonitor-a8a586c2-f99e-4cfe-9d52-03ddcdbedb28: Started
2021-11-25 02:27:49,418 [Listener at 127.0.0.1/44827] INFO  handler.ContextHandler (ContextHandler.java:doStart(915)) - Started o.e.j.w.WebAppContext@61ac4f69{hddsDatanode,/,file:///tmp/jetty-0_0_0_0-37117-hdds-container-service-1_2_0-SNAPSHOT_jar-_-any-276205721339194340/webapp/,AVAILABLE}{jar:file:/home/runner/.m2/repository/org/apache/ozone/hdds-container-service/1.2.0-SNAPSHOT/hdds-container-service-1.2.0-SNAPSHOT.jar!/webapps/hddsDatanode}
2021-11-25 02:27:49,426 [Listener at 127.0.0.1/44827] INFO  server.AbstractConnector (AbstractConnector.java:doStart(331)) - Started ServerConnector@3a50b75c{HTTP/1.1, (http/1.1)}{0.0.0.0:37117}
2021-11-25 02:27:49,430 [Listener at 127.0.0.1/44827] INFO  server.Server (Server.java:doStart(415)) - Started @91275ms
2021-11-25 02:27:49,430 [Listener at 127.0.0.1/44827] WARN  impl.MetricsSystemImpl (MetricsSystemImpl.java:register(279)) - Sink prometheus already exists!
2021-11-25 02:27:49,433 [Listener at 127.0.0.1/44827] INFO  http.BaseHttpServer (BaseHttpServer.java:updateConnectorAddress(329)) - HTTP server of hddsDatanode listening at http://0.0.0.0:37117
2021-11-25 02:27:49,449 [Listener at 127.0.0.1/44827] WARN  impl.MetricRegistriesImpl (MetricRegistriesImpl.java:addReporterRegistration(111)) - New reporters are added after registries were created. Some metrics will be missing from the reporter. Please add reporter before adding any new registry.
2021-11-25 02:27:49,450 [Listener at 127.0.0.1/44827] WARN  impl.MetricRegistriesImpl (MetricRegistriesImpl.java:addReporterRegistration(111)) - New reporters are added after registries were created. Some metrics will be missing from the reporter. Please add reporter before adding any new registry.
2021-11-25 02:27:49,450 [Listener at 127.0.0.1/44827] INFO  impl.MetricsSystemImpl (MetricsSystemImpl.java:init(158)) - HddsDatanode metrics system started (again)
2021-11-25 02:27:49,461 [Datanode State Machine Daemon Thread] INFO  statemachine.DatanodeStateMachine (DatanodeStateMachine.java:lambda$startDaemon$0(467)) - Ozone container server started.
2021-11-25 02:27:49,537 [Listener at 127.0.0.1/44827] INFO  ozone.HddsDatanodeService (HddsDatanodeService.java:start(234)) - HddsDatanodeService host:fv-az12-931.exdb2aeach2ezidoxz41lk3bwg.cx.internal.cloudapp.net ip:10.1.0.13
2021-11-25 02:27:49,593 [org.apache.hadoop.util.JvmPauseMonitor$Monitor@21d79d88] INFO  util.JvmPauseMonitor (JvmPauseMonitor.java:run(188)) - Starting JVM pause monitor
2021-11-25 02:27:49,605 [Listener at 127.0.0.1/44827] INFO  upgrade.AbstractLayoutVersionManager (AbstractLayoutVersionManager.java:init(79)) - Initializing Layout version manager with metadata layout = SCM_HA (version = 2), software layout = SCM_HA (version = 2)
2021-11-25 02:27:49,612 [Datanode State Machine Task Thread - 0] INFO  datanode.InitDatanodeState (InitDatanodeState.java:persistContainerDatanodeDetails(145)) - DatanodeDetails is persisted to /home/runner/work/ozone/ozone/hadoop-ozone/integration-test/target/test-dir/MiniOzoneClusterImpl-bf1a4df1-220d-4f19-a3f2-d6f00535f443/datanode-4/meta/datanode.id
2021-11-25 02:27:49,668 [Listener at 127.0.0.1/44827] INFO  reflections.Reflections (Reflections.java:scan(232)) - Reflections took 58 ms to scan 7 urls, producing 119 keys and 279 values 
2021-11-25 02:27:49,671 [Listener at 127.0.0.1/44827] INFO  statemachine.DatanodeStateMachine (DatanodeStateMachine.java:getEndPointTaskThreadPoolSize(219)) - Datanode State Machine Task Thread Pool size 2
2021-11-25 02:27:49,672 [Listener at 127.0.0.1/44827] INFO  volume.HddsVolume (HddsVolume.java:<init>(120)) - Creating HddsVolume: /home/runner/work/ozone/ozone/hadoop-ozone/integration-test/target/test-dir/MiniOzoneClusterImpl-bf1a4df1-220d-4f19-a3f2-d6f00535f443/datanode-5/data-0/containers/hdds of storage type : DISK capacity : 9223372036854775807
2021-11-25 02:27:49,672 [Listener at 127.0.0.1/44827] INFO  volume.MutableVolumeSet (MutableVolumeSet.java:initializeVolumeSet(168)) - Added Volume : /home/runner/work/ozone/ozone/hadoop-ozone/integration-test/target/test-dir/MiniOzoneClusterImpl-bf1a4df1-220d-4f19-a3f2-d6f00535f443/datanode-5/data-0/containers/hdds to VolumeSet
2021-11-25 02:27:49,672 [Listener at 127.0.0.1/44827] INFO  volume.ThrottledAsyncChecker (ThrottledAsyncChecker.java:schedule(141)) - Scheduling a check for /home/runner/work/ozone/ozone/hadoop-ozone/integration-test/target/test-dir/MiniOzoneClusterImpl-bf1a4df1-220d-4f19-a3f2-d6f00535f443/datanode-5/data-0/containers/hdds
2021-11-25 02:27:49,674 [Listener at 127.0.0.1/44827] INFO  volume.StorageVolumeChecker (StorageVolumeChecker.java:checkAllVolumes(202)) - Scheduled health check for volume /home/runner/work/ozone/ozone/hadoop-ozone/integration-test/target/test-dir/MiniOzoneClusterImpl-bf1a4df1-220d-4f19-a3f2-d6f00535f443/datanode-5/data-0/containers/hdds
2021-11-25 02:27:49,692 [Listener at 127.0.0.1/44827] INFO  volume.MutableVolumeSet (MutableVolumeSet.java:initializeVolumeSet(168)) - Added Volume : /home/runner/work/ozone/ozone/hadoop-ozone/integration-test/target/test-dir/MiniOzoneClusterImpl-bf1a4df1-220d-4f19-a3f2-d6f00535f443/datanode-5/data/ratis to VolumeSet
2021-11-25 02:27:49,719 [Listener at 127.0.0.1/44827] INFO  volume.ThrottledAsyncChecker (ThrottledAsyncChecker.java:schedule(141)) - Scheduling a check for /home/runner/work/ozone/ozone/hadoop-ozone/integration-test/target/test-dir/MiniOzoneClusterImpl-bf1a4df1-220d-4f19-a3f2-d6f00535f443/datanode-5/data/ratis
2021-11-25 02:27:49,719 [Listener at 127.0.0.1/44827] INFO  volume.StorageVolumeChecker (StorageVolumeChecker.java:checkAllVolumes(202)) - Scheduled health check for volume /home/runner/work/ozone/ozone/hadoop-ozone/integration-test/target/test-dir/MiniOzoneClusterImpl-bf1a4df1-220d-4f19-a3f2-d6f00535f443/datanode-5/data/ratis
2021-11-25 02:27:49,782 [Thread-792] INFO  ozoneimpl.ContainerReader (ContainerReader.java:readVolume(172)) - Finish verifying containers on volume /home/runner/work/ozone/ozone/hadoop-ozone/integration-test/target/test-dir/MiniOzoneClusterImpl-bf1a4df1-220d-4f19-a3f2-d6f00535f443/datanode-5/data-0/containers/hdds
2021-11-25 02:27:49,782 [Listener at 127.0.0.1/44827] INFO  ozoneimpl.OzoneContainer (OzoneContainer.java:buildContainerSet(236)) - Build ContainerSet costs 0s
2021-11-25 02:27:49,784 [Listener at 127.0.0.1/44827] INFO  server.RaftServer (ConfUtils.java:logGet(44)) - raft.rpc.type = GRPC (default)
2021-11-25 02:27:49,784 [Listener at 127.0.0.1/44827] INFO  grpc.GrpcFactory (GrpcFactory.java:checkPooledByteBufAllocatorUseCacheForAllThreads(48)) - PERFORMANCE WARNING: useCacheForAllThreads is true that may cause Netty to create a lot garbage objects and, as a result, trigger GC.
	It is recommended to disable useCacheForAllThreads by setting -Dorg.apache.ratis.thirdparty.io.netty.allocator.useCacheForAllThreads=false in command line.
2021-11-25 02:27:49,784 [Listener at 127.0.0.1/44827] INFO  grpc.GrpcConfigKeys (ConfUtils.java:logGet(44)) - raft.grpc.admin.port = 0 (custom)
2021-11-25 02:27:49,785 [Listener at 127.0.0.1/44827] INFO  grpc.GrpcConfigKeys (ConfUtils.java:logGet(44)) - raft.grpc.client.port = 0 (custom)
2021-11-25 02:27:49,785 [Listener at 127.0.0.1/44827] INFO  grpc.GrpcConfigKeys (ConfUtils.java:logGet(44)) - raft.grpc.server.port = 0 (default)
2021-11-25 02:27:49,785 [Listener at 127.0.0.1/44827] INFO  server.GrpcService (ConfUtils.java:logGet(44)) - raft.grpc.message.size.max = 32MB (=33554432) (custom)
2021-11-25 02:27:49,785 [Listener at 127.0.0.1/44827] INFO  server.RaftServerConfigKeys (ConfUtils.java:logGet(44)) - raft.server.log.appender.buffer.byte-limit = 33554432 (custom)
2021-11-25 02:27:49,785 [Listener at 127.0.0.1/44827] INFO  server.GrpcService (ConfUtils.java:logGet(44)) - raft.grpc.flow.control.window = 5MB (=5242880) (custom)
2021-11-25 02:27:49,785 [Listener at 127.0.0.1/44827] INFO  server.RaftServerConfigKeys (ConfUtils.java:logGet(44)) - raft.server.rpc.request.timeout = 3000ms (default)
2021-11-25 02:27:49,786 [Listener at 127.0.0.1/44827] INFO  impl.DataStreamServerImpl (ConfUtils.java:logGet(44)) - raft.datastream.type = DISABLED (default)
2021-11-25 02:27:49,786 [Listener at 127.0.0.1/44827] INFO  server.RaftServerConfigKeys (ConfUtils.java:logGet(44)) - raft.server.rpc.slowness.timeout = 300000ms (custom)
2021-11-25 02:27:49,787 [Listener at 127.0.0.1/44827] INFO  server.RaftServerConfigKeys (ConfUtils.java:logGet(44)) - raft.server.leaderelection.leader.step-down.wait-time = 10s (default)
2021-11-25 02:27:49,787 [Listener at 127.0.0.1/44827] INFO  server.RaftServerConfigKeys (ConfUtils.java:logGet(44)) - raft.server.storage.dir = [/home/runner/work/ozone/ozone/hadoop-ozone/integration-test/target/test-dir/MiniOzoneClusterImpl-bf1a4df1-220d-4f19-a3f2-d6f00535f443/datanode-5/data/ratis] (custom)
2021-11-25 02:27:49,793 [Listener at 127.0.0.1/44827] INFO  http.BaseHttpServer (BaseHttpServer.java:newHttpServer2BuilderForOzone(209)) - Starting Web-server for hddsDatanode at: http://0.0.0.0:0
2021-11-25 02:27:49,793 [Listener at 127.0.0.1/44827] INFO  http.BaseHttpServer (BaseHttpServer.java:<init>(107)) - Hadoop Security Enabled: false Ozone Security Enabled: false Ozone HTTP Security Enabled: false 
2021-11-25 02:27:49,813 [Listener at 127.0.0.1/44827] INFO  server.AuthenticationFilter (AuthenticationFilter.java:constructSecretProvider(240)) - Unable to initialize FileSignerSecretProvider, falling back to use random secrets.
2021-11-25 02:27:49,815 [Listener at 127.0.0.1/44827] WARN  http.HttpRequestLog (HttpRequestLog.java:getRequestLog(103)) - Jetty request log can only be enabled using Log4j
2021-11-25 02:27:49,816 [Listener at 127.0.0.1/44827] INFO  http.HttpServer2 (HttpServer2.java:addGlobalFilter(1030)) - Added global filter 'safety' (class=org.apache.hadoop.hdds.server.http.HttpServer2$QuotingInputFilter)
2021-11-25 02:27:49,817 [Listener at 127.0.0.1/44827] INFO  http.HttpServer2 (HttpServer2.java:addFilter(1006)) - Added filter static_user_filter (class=org.apache.hadoop.http.lib.StaticUserWebFilter$StaticUserFilter) to context hddsDatanode
2021-11-25 02:27:49,817 [Listener at 127.0.0.1/44827] INFO  http.HttpServer2 (HttpServer2.java:addFilter(1014)) - Added filter static_user_filter (class=org.apache.hadoop.http.lib.StaticUserWebFilter$StaticUserFilter) to context static
2021-11-25 02:27:49,821 [Listener at 127.0.0.1/44827] INFO  http.HttpServer2 (HttpServer2.java:addFilter(1014)) - Added filter static_user_filter (class=org.apache.hadoop.http.lib.StaticUserWebFilter$StaticUserFilter) to context logs
2021-11-25 02:27:49,822 [Listener at 127.0.0.1/44827] INFO  http.HttpServer2 (HttpServer2.java:bindListener(1249)) - Jetty bound to port 32841
2021-11-25 02:27:49,823 [Listener at 127.0.0.1/44827] INFO  server.Server (Server.java:doStart(375)) - jetty-9.4.43.v20210629; built: 2021-06-30T11:07:22.254Z; git: 526006ecfa3af7f1a27ef3a288e2bef7ea9dd7e8; jvm 1.8.0_292-b10
2021-11-25 02:27:49,843 [Listener at 127.0.0.1/44827] INFO  server.session (DefaultSessionIdManager.java:doStart(334)) - DefaultSessionIdManager workerName=node0
2021-11-25 02:27:49,843 [Listener at 127.0.0.1/44827] INFO  server.session (DefaultSessionIdManager.java:doStart(339)) - No SessionScavenger set, using defaults
2021-11-25 02:27:49,843 [Listener at 127.0.0.1/44827] INFO  server.session (HouseKeeper.java:startScavenging(132)) - node0 Scavenging every 600000ms
2021-11-25 02:27:49,874 [Listener at 127.0.0.1/44827] INFO  handler.ContextHandler (ContextHandler.java:doStart(915)) - Started o.e.j.s.ServletContextHandler@3978cbe6{logs,/logs,file:///home/runner/work/ozone/ozone/hadoop-ozone/integration-test/target/log,AVAILABLE}
2021-11-25 02:27:49,874 [Listener at 127.0.0.1/44827] INFO  handler.ContextHandler (ContextHandler.java:doStart(915)) - Started o.e.j.s.ServletContextHandler@318e5309{static,/static,jar:file:/home/runner/.m2/repository/org/apache/ozone/hdds-container-service/1.2.0-SNAPSHOT/hdds-container-service-1.2.0-SNAPSHOT.jar!/webapps/static,AVAILABLE}
2021-11-25 02:27:50,008 [Listener at 127.0.0.1/44827] INFO  handler.ContextHandler (ContextHandler.java:doStart(915)) - Started o.e.j.w.WebAppContext@383878c5{hddsDatanode,/,file:///tmp/jetty-0_0_0_0-32841-hdds-container-service-1_2_0-SNAPSHOT_jar-_-any-6445325166242274304/webapp/,AVAILABLE}{jar:file:/home/runner/.m2/repository/org/apache/ozone/hdds-container-service/1.2.0-SNAPSHOT/hdds-container-service-1.2.0-SNAPSHOT.jar!/webapps/hddsDatanode}
2021-11-25 02:27:50,056 [Listener at 127.0.0.1/44827] INFO  server.AbstractConnector (AbstractConnector.java:doStart(331)) - Started ServerConnector@4e29ac60{HTTP/1.1, (http/1.1)}{0.0.0.0:32841}
2021-11-25 02:27:50,056 [Listener at 127.0.0.1/44827] INFO  server.Server (Server.java:doStart(415)) - Started @91902ms
2021-11-25 02:27:50,057 [Listener at 127.0.0.1/44827] WARN  impl.MetricsSystemImpl (MetricsSystemImpl.java:register(279)) - Sink prometheus already exists!
2021-11-25 02:27:50,057 [Listener at 127.0.0.1/44827] INFO  http.BaseHttpServer (BaseHttpServer.java:updateConnectorAddress(329)) - HTTP server of hddsDatanode listening at http://0.0.0.0:32841
2021-11-25 02:27:50,064 [Listener at 127.0.0.1/44827] WARN  impl.MetricRegistriesImpl (MetricRegistriesImpl.java:addReporterRegistration(111)) - New reporters are added after registries were created. Some metrics will be missing from the reporter. Please add reporter before adding any new registry.
2021-11-25 02:27:50,064 [Listener at 127.0.0.1/44827] WARN  impl.MetricRegistriesImpl (MetricRegistriesImpl.java:addReporterRegistration(111)) - New reporters are added after registries were created. Some metrics will be missing from the reporter. Please add reporter before adding any new registry.
2021-11-25 02:27:50,064 [Listener at 127.0.0.1/44827] INFO  impl.MetricsSystemImpl (MetricsSystemImpl.java:init(158)) - HddsDatanode metrics system started (again)
2021-11-25 02:27:50,082 [Datanode State Machine Daemon Thread] INFO  statemachine.DatanodeStateMachine (DatanodeStateMachine.java:lambda$startDaemon$0(467)) - Ozone container server started.
2021-11-25 02:27:50,094 [EndpointStateMachine task thread for /0.0.0.0:38213 - 0 ] INFO  ozoneimpl.OzoneContainer (OzoneContainer.java:start(304)) - Attempting to start container services.
2021-11-25 02:27:50,094 [EndpointStateMachine task thread for /0.0.0.0:38213 - 0 ] INFO  ozoneimpl.OzoneContainer (OzoneContainer.java:startContainerScrub(249)) - Background container scanner has been disabled.
2021-11-25 02:27:50,095 [EndpointStateMachine task thread for /0.0.0.0:38213 - 0 ] INFO  replication.ReplicationServer (ReplicationServer.java:start(107)) - ReplicationServer is started using port 36327
2021-11-25 02:27:50,134 [EndpointStateMachine task thread for /0.0.0.0:38213 - 0 ] INFO  ratis.XceiverServerRatis (XceiverServerRatis.java:start(484)) - Starting XceiverServerRatis e8e4a09d-b55f-46fb-afd1-8638ca612560
2021-11-25 02:27:50,136 [Listener at 127.0.0.1/44827] INFO  ozone.HddsDatanodeService (HddsDatanodeService.java:start(234)) - HddsDatanodeService host:fv-az12-931.exdb2aeach2ezidoxz41lk3bwg.cx.internal.cloudapp.net ip:10.1.0.13
2021-11-25 02:27:50,142 [org.apache.hadoop.util.JvmPauseMonitor$Monitor@10535dad] INFO  util.JvmPauseMonitor (JvmPauseMonitor.java:run(188)) - Starting JVM pause monitor
2021-11-25 02:27:50,161 [EndpointStateMachine task thread for /0.0.0.0:38213 - 0 ] INFO  server.RaftServer (RaftServerProxy.java:lambda$start$5(374)) - e8e4a09d-b55f-46fb-afd1-8638ca612560: start RPC server
2021-11-25 02:27:50,163 [EndpointStateMachine task thread for /0.0.0.0:38213 - 0 ] INFO  server.GrpcService (GrpcService.java:startImpl(253)) - e8e4a09d-b55f-46fb-afd1-8638ca612560: GrpcService started, listening on 42859
2021-11-25 02:27:50,171 [Datanode State Machine Task Thread - 0] INFO  datanode.InitDatanodeState (InitDatanodeState.java:persistContainerDatanodeDetails(145)) - DatanodeDetails is persisted to /home/runner/work/ozone/ozone/hadoop-ozone/integration-test/target/test-dir/MiniOzoneClusterImpl-bf1a4df1-220d-4f19-a3f2-d6f00535f443/datanode-5/meta/datanode.id
2021-11-25 02:27:50,187 [EndpointStateMachine task thread for /0.0.0.0:38213 - 0 ] INFO  ratis.XceiverServerRatis (XceiverServerRatis.java:getRealPort(505)) - XceiverServerRatis e8e4a09d-b55f-46fb-afd1-8638ca612560 is started using port 42859 for RATIS
2021-11-25 02:27:50,187 [EndpointStateMachine task thread for /0.0.0.0:38213 - 0 ] INFO  ratis.XceiverServerRatis (XceiverServerRatis.java:getRealPort(505)) - XceiverServerRatis e8e4a09d-b55f-46fb-afd1-8638ca612560 is started using port 42859 for RATIS_ADMIN
2021-11-25 02:27:50,187 [EndpointStateMachine task thread for /0.0.0.0:38213 - 0 ] INFO  ratis.XceiverServerRatis (XceiverServerRatis.java:getRealPort(505)) - XceiverServerRatis e8e4a09d-b55f-46fb-afd1-8638ca612560 is started using port 42859 for RATIS_SERVER
2021-11-25 02:27:50,187 [EndpointStateMachine task thread for /0.0.0.0:38213 - 0 ] INFO  server.XceiverServerGrpc (XceiverServerGrpc.java:start(135)) - XceiverServerGrpc e8e4a09d-b55f-46fb-afd1-8638ca612560 is started using port 40621
2021-11-25 02:27:50,214 [Listener at 127.0.0.1/44827] INFO  upgrade.AbstractLayoutVersionManager (AbstractLayoutVersionManager.java:init(79)) - Initializing Layout version manager with metadata layout = SCM_HA (version = 2), software layout = SCM_HA (version = 2)
2021-11-25 02:27:50,217 [org.apache.ratis.util.JvmPauseMonitor$$Lambda$533/113722330@779ff89b] INFO  util.JvmPauseMonitor (JvmPauseMonitor.java:run(103)) - JvmPauseMonitor-e8e4a09d-b55f-46fb-afd1-8638ca612560: Started
2021-11-25 02:27:50,338 [Listener at 127.0.0.1/44827] INFO  reflections.Reflections (Reflections.java:scan(232)) - Reflections took 123 ms to scan 7 urls, producing 119 keys and 279 values 
2021-11-25 02:27:50,343 [Listener at 127.0.0.1/44827] INFO  statemachine.DatanodeStateMachine (DatanodeStateMachine.java:getEndPointTaskThreadPoolSize(219)) - Datanode State Machine Task Thread Pool size 2
2021-11-25 02:27:50,361 [Listener at 127.0.0.1/44827] INFO  volume.HddsVolume (HddsVolume.java:<init>(120)) - Creating HddsVolume: /home/runner/work/ozone/ozone/hadoop-ozone/integration-test/target/test-dir/MiniOzoneClusterImpl-bf1a4df1-220d-4f19-a3f2-d6f00535f443/datanode-6/data-0/containers/hdds of storage type : DISK capacity : 9223372036854775807
2021-11-25 02:27:50,362 [Listener at 127.0.0.1/44827] INFO  volume.MutableVolumeSet (MutableVolumeSet.java:initializeVolumeSet(168)) - Added Volume : /home/runner/work/ozone/ozone/hadoop-ozone/integration-test/target/test-dir/MiniOzoneClusterImpl-bf1a4df1-220d-4f19-a3f2-d6f00535f443/datanode-6/data-0/containers/hdds to VolumeSet
2021-11-25 02:27:50,362 [Listener at 127.0.0.1/44827] INFO  volume.ThrottledAsyncChecker (ThrottledAsyncChecker.java:schedule(141)) - Scheduling a check for /home/runner/work/ozone/ozone/hadoop-ozone/integration-test/target/test-dir/MiniOzoneClusterImpl-bf1a4df1-220d-4f19-a3f2-d6f00535f443/datanode-6/data-0/containers/hdds
2021-11-25 02:27:50,377 [Listener at 127.0.0.1/44827] INFO  volume.StorageVolumeChecker (StorageVolumeChecker.java:checkAllVolumes(202)) - Scheduled health check for volume /home/runner/work/ozone/ozone/hadoop-ozone/integration-test/target/test-dir/MiniOzoneClusterImpl-bf1a4df1-220d-4f19-a3f2-d6f00535f443/datanode-6/data-0/containers/hdds
2021-11-25 02:27:50,409 [Listener at 127.0.0.1/44827] INFO  volume.MutableVolumeSet (MutableVolumeSet.java:initializeVolumeSet(168)) - Added Volume : /home/runner/work/ozone/ozone/hadoop-ozone/integration-test/target/test-dir/MiniOzoneClusterImpl-bf1a4df1-220d-4f19-a3f2-d6f00535f443/datanode-6/data/ratis to VolumeSet
2021-11-25 02:27:50,433 [Listener at 127.0.0.1/44827] INFO  volume.ThrottledAsyncChecker (ThrottledAsyncChecker.java:schedule(141)) - Scheduling a check for /home/runner/work/ozone/ozone/hadoop-ozone/integration-test/target/test-dir/MiniOzoneClusterImpl-bf1a4df1-220d-4f19-a3f2-d6f00535f443/datanode-6/data/ratis
2021-11-25 02:27:50,434 [Listener at 127.0.0.1/44827] INFO  volume.StorageVolumeChecker (StorageVolumeChecker.java:checkAllVolumes(202)) - Scheduled health check for volume /home/runner/work/ozone/ozone/hadoop-ozone/integration-test/target/test-dir/MiniOzoneClusterImpl-bf1a4df1-220d-4f19-a3f2-d6f00535f443/datanode-6/data/ratis
2021-11-25 02:27:50,472 [Thread-807] INFO  ozoneimpl.ContainerReader (ContainerReader.java:readVolume(172)) - Finish verifying containers on volume /home/runner/work/ozone/ozone/hadoop-ozone/integration-test/target/test-dir/MiniOzoneClusterImpl-bf1a4df1-220d-4f19-a3f2-d6f00535f443/datanode-6/data-0/containers/hdds
2021-11-25 02:27:50,472 [Listener at 127.0.0.1/44827] INFO  ozoneimpl.OzoneContainer (OzoneContainer.java:buildContainerSet(236)) - Build ContainerSet costs 0s
2021-11-25 02:27:50,475 [Listener at 127.0.0.1/44827] INFO  server.RaftServer (ConfUtils.java:logGet(44)) - raft.rpc.type = GRPC (default)
2021-11-25 02:27:50,475 [Listener at 127.0.0.1/44827] INFO  grpc.GrpcFactory (GrpcFactory.java:checkPooledByteBufAllocatorUseCacheForAllThreads(48)) - PERFORMANCE WARNING: useCacheForAllThreads is true that may cause Netty to create a lot garbage objects and, as a result, trigger GC.
	It is recommended to disable useCacheForAllThreads by setting -Dorg.apache.ratis.thirdparty.io.netty.allocator.useCacheForAllThreads=false in command line.
2021-11-25 02:27:50,475 [Listener at 127.0.0.1/44827] INFO  grpc.GrpcConfigKeys (ConfUtils.java:logGet(44)) - raft.grpc.admin.port = 0 (custom)
2021-11-25 02:27:50,475 [Listener at 127.0.0.1/44827] INFO  grpc.GrpcConfigKeys (ConfUtils.java:logGet(44)) - raft.grpc.client.port = 0 (custom)
2021-11-25 02:27:50,475 [Listener at 127.0.0.1/44827] INFO  grpc.GrpcConfigKeys (ConfUtils.java:logGet(44)) - raft.grpc.server.port = 0 (default)
2021-11-25 02:27:50,476 [Listener at 127.0.0.1/44827] INFO  server.GrpcService (ConfUtils.java:logGet(44)) - raft.grpc.message.size.max = 32MB (=33554432) (custom)
2021-11-25 02:27:50,476 [Listener at 127.0.0.1/44827] INFO  server.RaftServerConfigKeys (ConfUtils.java:logGet(44)) - raft.server.log.appender.buffer.byte-limit = 33554432 (custom)
2021-11-25 02:27:50,476 [Listener at 127.0.0.1/44827] INFO  server.GrpcService (ConfUtils.java:logGet(44)) - raft.grpc.flow.control.window = 5MB (=5242880) (custom)
2021-11-25 02:27:50,476 [Listener at 127.0.0.1/44827] INFO  server.RaftServerConfigKeys (ConfUtils.java:logGet(44)) - raft.server.rpc.request.timeout = 3000ms (default)
2021-11-25 02:27:50,477 [Listener at 127.0.0.1/44827] INFO  impl.DataStreamServerImpl (ConfUtils.java:logGet(44)) - raft.datastream.type = DISABLED (default)
2021-11-25 02:27:50,477 [Listener at 127.0.0.1/44827] INFO  server.RaftServerConfigKeys (ConfUtils.java:logGet(44)) - raft.server.rpc.slowness.timeout = 300000ms (custom)
2021-11-25 02:27:50,478 [Listener at 127.0.0.1/44827] INFO  server.RaftServerConfigKeys (ConfUtils.java:logGet(44)) - raft.server.leaderelection.leader.step-down.wait-time = 10s (default)
2021-11-25 02:27:50,478 [Listener at 127.0.0.1/44827] INFO  server.RaftServerConfigKeys (ConfUtils.java:logGet(44)) - raft.server.storage.dir = [/home/runner/work/ozone/ozone/hadoop-ozone/integration-test/target/test-dir/MiniOzoneClusterImpl-bf1a4df1-220d-4f19-a3f2-d6f00535f443/datanode-6/data/ratis] (custom)
2021-11-25 02:27:50,482 [Listener at 127.0.0.1/44827] INFO  http.BaseHttpServer (BaseHttpServer.java:newHttpServer2BuilderForOzone(209)) - Starting Web-server for hddsDatanode at: http://0.0.0.0:0
2021-11-25 02:27:50,482 [Listener at 127.0.0.1/44827] INFO  http.BaseHttpServer (BaseHttpServer.java:<init>(107)) - Hadoop Security Enabled: false Ozone Security Enabled: false Ozone HTTP Security Enabled: false 
2021-11-25 02:27:50,483 [Listener at 127.0.0.1/44827] INFO  server.AuthenticationFilter (AuthenticationFilter.java:constructSecretProvider(240)) - Unable to initialize FileSignerSecretProvider, falling back to use random secrets.
2021-11-25 02:27:50,484 [Listener at 127.0.0.1/44827] WARN  http.HttpRequestLog (HttpRequestLog.java:getRequestLog(103)) - Jetty request log can only be enabled using Log4j
2021-11-25 02:27:50,484 [Listener at 127.0.0.1/44827] INFO  http.HttpServer2 (HttpServer2.java:addGlobalFilter(1030)) - Added global filter 'safety' (class=org.apache.hadoop.hdds.server.http.HttpServer2$QuotingInputFilter)
2021-11-25 02:27:50,485 [Listener at 127.0.0.1/44827] INFO  http.HttpServer2 (HttpServer2.java:addFilter(1006)) - Added filter static_user_filter (class=org.apache.hadoop.http.lib.StaticUserWebFilter$StaticUserFilter) to context hddsDatanode
2021-11-25 02:27:50,485 [Listener at 127.0.0.1/44827] INFO  http.HttpServer2 (HttpServer2.java:addFilter(1014)) - Added filter static_user_filter (class=org.apache.hadoop.http.lib.StaticUserWebFilter$StaticUserFilter) to context logs
2021-11-25 02:27:50,485 [Listener at 127.0.0.1/44827] INFO  http.HttpServer2 (HttpServer2.java:addFilter(1014)) - Added filter static_user_filter (class=org.apache.hadoop.http.lib.StaticUserWebFilter$StaticUserFilter) to context static
2021-11-25 02:27:50,486 [Listener at 127.0.0.1/44827] INFO  http.HttpServer2 (HttpServer2.java:bindListener(1249)) - Jetty bound to port 40561
2021-11-25 02:27:50,486 [Listener at 127.0.0.1/44827] INFO  server.Server (Server.java:doStart(375)) - jetty-9.4.43.v20210629; built: 2021-06-30T11:07:22.254Z; git: 526006ecfa3af7f1a27ef3a288e2bef7ea9dd7e8; jvm 1.8.0_292-b10
2021-11-25 02:27:50,541 [IPC Server handler 1 on default port 38213] INFO  net.NetworkTopologyImpl (NetworkTopologyImpl.java:add(112)) - Added a new node: /default-rack/7b8694ed-f626-45d7-ad92-ba79cd2bf69c
2021-11-25 02:27:50,541 [Listener at 127.0.0.1/44827] INFO  server.session (DefaultSessionIdManager.java:doStart(334)) - DefaultSessionIdManager workerName=node0
2021-11-25 02:27:50,542 [Listener at 127.0.0.1/44827] INFO  server.session (DefaultSessionIdManager.java:doStart(339)) - No SessionScavenger set, using defaults
2021-11-25 02:27:50,541 [IPC Server handler 1 on default port 38213] INFO  node.SCMNodeManager (SCMNodeManager.java:register(389)) - Registered Data node : 7b8694ed-f626-45d7-ad92-ba79cd2bf69c{ip: 10.1.0.13, host: fv-az12-931.exdb2aeach2ezidoxz41lk3bwg.cx.internal.cloudapp.net, ports: [REPLICATION=42223, RATIS=33171, RATIS_ADMIN=33171, RATIS_SERVER=33171, STANDALONE=39971], networkLocation: /default-rack, certSerialId: null, persistedOpState: null, persistedOpStateExpiryEpochSec: 0}
2021-11-25 02:27:50,549 [Listener at 127.0.0.1/44827] INFO  server.session (HouseKeeper.java:startScavenging(132)) - node0 Scavenging every 660000ms
2021-11-25 02:27:50,581 [Listener at 127.0.0.1/44827] INFO  handler.ContextHandler (ContextHandler.java:doStart(915)) - Started o.e.j.s.ServletContextHandler@87a5f58{logs,/logs,file:///home/runner/work/ozone/ozone/hadoop-ozone/integration-test/target/log,AVAILABLE}
2021-11-25 02:27:50,581 [Listener at 127.0.0.1/44827] INFO  handler.ContextHandler (ContextHandler.java:doStart(915)) - Started o.e.j.s.ServletContextHandler@15ee1971{static,/static,jar:file:/home/runner/.m2/repository/org/apache/ozone/hdds-container-service/1.2.0-SNAPSHOT/hdds-container-service-1.2.0-SNAPSHOT.jar!/webapps/static,AVAILABLE}
2021-11-25 02:27:50,602 [EventQueue-NodeRegistrationContainerReportForContainerSafeModeRule] INFO  safemode.SCMSafeModeManager (SCMSafeModeManager.java:validateSafeModeExitRules(204)) - ContainerSafeModeRule rule is successfully validated
2021-11-25 02:27:50,602 [EventQueue-NodeRegistrationContainerReportForDataNodeSafeModeRule] INFO  safemode.SCMSafeModeManager (DataNodeSafeModeRule.java:process(71)) - SCM in safe mode. 1 DataNodes registered, 3 required.
2021-11-25 02:27:50,622 [EventQueue-NewNodeForNewNodeHandler] INFO  pipeline.BackgroundPipelineCreator (BackgroundPipelineCreator.java:notifyEventTriggered(285)) - trigger a one-shot run on RatisPipelineUtilsThread.
2021-11-25 02:27:50,623 [RatisPipelineUtilsThread - 0] INFO  pipeline.RatisPipelineProvider (RatisPipelineProvider.java:lambda$create$0(183)) - Sending CreatePipelineCommand for pipeline:PipelineID=613c6e4d-57c4-4797-acf3-714dc092e474 to datanode:7b8694ed-f626-45d7-ad92-ba79cd2bf69c
2021-11-25 02:27:50,624 [RatisPipelineUtilsThread - 0] INFO  pipeline.PipelineStateManagerImpl (PipelineStateManagerImpl.java:addPipeline(101)) - Created pipeline Pipeline[ Id: 613c6e4d-57c4-4797-acf3-714dc092e474, Nodes: 7b8694ed-f626-45d7-ad92-ba79cd2bf69c{ip: 10.1.0.13, host: fv-az12-931.exdb2aeach2ezidoxz41lk3bwg.cx.internal.cloudapp.net, ports: [REPLICATION=42223, RATIS=33171, RATIS_ADMIN=33171, RATIS_SERVER=33171, STANDALONE=39971], networkLocation: /default-rack, certSerialId: null, persistedOpState: IN_SERVICE, persistedOpStateExpiryEpochSec: 0}, ReplicationConfig: RATIS/ONE, State:ALLOCATED, leaderId:, CreationTimestamp2021-11-25T02:27:50.623Z[Etc/UTC]].
2021-11-25 02:27:50,625 [EventQueue-PipelineReportForOneReplicaPipelineSafeModeRule] INFO  safemode.SCMSafeModeManager (SCMSafeModeManager.java:validateSafeModeExitRules(204)) - AtleastOneDatanodeReportedRule rule is successfully validated
2021-11-25 02:27:50,725 [EndpointStateMachine task thread for /0.0.0.0:38213 - 0 ] INFO  ozoneimpl.OzoneContainer (OzoneContainer.java:start(304)) - Attempting to start container services.
2021-11-25 02:27:50,726 [EndpointStateMachine task thread for /0.0.0.0:38213 - 0 ] INFO  ozoneimpl.OzoneContainer (OzoneContainer.java:startContainerScrub(249)) - Background container scanner has been disabled.
2021-11-25 02:27:50,726 [EndpointStateMachine task thread for /0.0.0.0:38213 - 0 ] INFO  replication.ReplicationServer (ReplicationServer.java:start(107)) - ReplicationServer is started using port 41733
2021-11-25 02:27:50,749 [EndpointStateMachine task thread for /0.0.0.0:38213 - 0 ] INFO  ratis.XceiverServerRatis (XceiverServerRatis.java:start(484)) - Starting XceiverServerRatis 36951ec6-8ca2-46f2-ac0d-c1eb1dc0de60
2021-11-25 02:27:50,794 [Listener at 127.0.0.1/44827] INFO  handler.ContextHandler (ContextHandler.java:doStart(915)) - Started o.e.j.w.WebAppContext@306b2912{hddsDatanode,/,file:///tmp/jetty-0_0_0_0-40561-hdds-container-service-1_2_0-SNAPSHOT_jar-_-any-4947371959422585757/webapp/,AVAILABLE}{jar:file:/home/runner/.m2/repository/org/apache/ozone/hdds-container-service/1.2.0-SNAPSHOT/hdds-container-service-1.2.0-SNAPSHOT.jar!/webapps/hddsDatanode}
2021-11-25 02:27:50,803 [EndpointStateMachine task thread for /0.0.0.0:38213 - 0 ] INFO  server.RaftServer (RaftServerProxy.java:lambda$start$5(374)) - 36951ec6-8ca2-46f2-ac0d-c1eb1dc0de60: start RPC server
2021-11-25 02:27:50,804 [EndpointStateMachine task thread for /0.0.0.0:38213 - 0 ] INFO  server.GrpcService (GrpcService.java:startImpl(253)) - 36951ec6-8ca2-46f2-ac0d-c1eb1dc0de60: GrpcService started, listening on 41073
2021-11-25 02:27:50,804 [EndpointStateMachine task thread for /0.0.0.0:38213 - 0 ] INFO  ratis.XceiverServerRatis (XceiverServerRatis.java:getRealPort(505)) - XceiverServerRatis 36951ec6-8ca2-46f2-ac0d-c1eb1dc0de60 is started using port 41073 for RATIS
2021-11-25 02:27:50,804 [EndpointStateMachine task thread for /0.0.0.0:38213 - 0 ] INFO  ratis.XceiverServerRatis (XceiverServerRatis.java:getRealPort(505)) - XceiverServerRatis 36951ec6-8ca2-46f2-ac0d-c1eb1dc0de60 is started using port 41073 for RATIS_ADMIN
2021-11-25 02:27:50,804 [EndpointStateMachine task thread for /0.0.0.0:38213 - 0 ] INFO  ratis.XceiverServerRatis (XceiverServerRatis.java:getRealPort(505)) - XceiverServerRatis 36951ec6-8ca2-46f2-ac0d-c1eb1dc0de60 is started using port 41073 for RATIS_SERVER
2021-11-25 02:27:50,829 [EndpointStateMachine task thread for /0.0.0.0:38213 - 0 ] INFO  server.XceiverServerGrpc (XceiverServerGrpc.java:start(135)) - XceiverServerGrpc 36951ec6-8ca2-46f2-ac0d-c1eb1dc0de60 is started using port 36189
2021-11-25 02:27:50,830 [Listener at 127.0.0.1/44827] INFO  server.AbstractConnector (AbstractConnector.java:doStart(331)) - Started ServerConnector@561d8d03{HTTP/1.1, (http/1.1)}{0.0.0.0:40561}
2021-11-25 02:27:50,830 [Listener at 127.0.0.1/44827] INFO  server.Server (Server.java:doStart(415)) - Started @92675ms
2021-11-25 02:27:50,830 [Listener at 127.0.0.1/44827] WARN  impl.MetricsSystemImpl (MetricsSystemImpl.java:register(279)) - Sink prometheus already exists!
2021-11-25 02:27:50,837 [org.apache.ratis.util.JvmPauseMonitor$$Lambda$533/113722330@48877149] INFO  util.JvmPauseMonitor (JvmPauseMonitor.java:run(103)) - JvmPauseMonitor-36951ec6-8ca2-46f2-ac0d-c1eb1dc0de60: Started
2021-11-25 02:27:50,853 [Listener at 127.0.0.1/44827] INFO  http.BaseHttpServer (BaseHttpServer.java:updateConnectorAddress(329)) - HTTP server of hddsDatanode listening at http://0.0.0.0:40561
2021-11-25 02:27:50,854 [Listener at 127.0.0.1/44827] WARN  impl.MetricRegistriesImpl (MetricRegistriesImpl.java:addReporterRegistration(111)) - New reporters are added after registries were created. Some metrics will be missing from the reporter. Please add reporter before adding any new registry.
2021-11-25 02:27:50,854 [Listener at 127.0.0.1/44827] WARN  impl.MetricRegistriesImpl (MetricRegistriesImpl.java:addReporterRegistration(111)) - New reporters are added after registries were created. Some metrics will be missing from the reporter. Please add reporter before adding any new registry.
2021-11-25 02:27:50,854 [Listener at 127.0.0.1/44827] INFO  impl.MetricsSystemImpl (MetricsSystemImpl.java:init(158)) - HddsDatanode metrics system started (again)
2021-11-25 02:27:50,861 [Datanode State Machine Daemon Thread] INFO  statemachine.DatanodeStateMachine (DatanodeStateMachine.java:lambda$startDaemon$0(467)) - Ozone container server started.
2021-11-25 02:27:50,930 [org.apache.hadoop.util.JvmPauseMonitor$Monitor@3ea70b5d] INFO  util.JvmPauseMonitor (JvmPauseMonitor.java:run(188)) - Starting JVM pause monitor
2021-11-25 02:27:50,966 [Datanode State Machine Task Thread - 0] INFO  datanode.InitDatanodeState (InitDatanodeState.java:persistContainerDatanodeDetails(145)) - DatanodeDetails is persisted to /home/runner/work/ozone/ozone/hadoop-ozone/integration-test/target/test-dir/MiniOzoneClusterImpl-bf1a4df1-220d-4f19-a3f2-d6f00535f443/datanode-6/meta/datanode.id
2021-11-25 02:27:50,987 [Listener at 127.0.0.1/44827] INFO  ozone.HddsDatanodeService (HddsDatanodeService.java:start(234)) - HddsDatanodeService host:fv-az12-931.exdb2aeach2ezidoxz41lk3bwg.cx.internal.cloudapp.net ip:10.1.0.13
2021-11-25 02:27:51,068 [Listener at 127.0.0.1/44827] INFO  upgrade.AbstractLayoutVersionManager (AbstractLayoutVersionManager.java:init(79)) - Initializing Layout version manager with metadata layout = SCM_HA (version = 2), software layout = SCM_HA (version = 2)
2021-11-25 02:27:51,156 [Listener at 127.0.0.1/44827] INFO  reflections.Reflections (Reflections.java:scan(232)) - Reflections took 86 ms to scan 7 urls, producing 119 keys and 279 values 
2021-11-25 02:27:51,158 [Listener at 127.0.0.1/44827] INFO  statemachine.DatanodeStateMachine (DatanodeStateMachine.java:getEndPointTaskThreadPoolSize(219)) - Datanode State Machine Task Thread Pool size 2
2021-11-25 02:27:51,159 [Listener at 127.0.0.1/44827] INFO  volume.HddsVolume (HddsVolume.java:<init>(120)) - Creating HddsVolume: /home/runner/work/ozone/ozone/hadoop-ozone/integration-test/target/test-dir/MiniOzoneClusterImpl-bf1a4df1-220d-4f19-a3f2-d6f00535f443/datanode-7/data-0/containers/hdds of storage type : DISK capacity : 9223372036854775807
2021-11-25 02:27:51,160 [Listener at 127.0.0.1/44827] INFO  volume.MutableVolumeSet (MutableVolumeSet.java:initializeVolumeSet(168)) - Added Volume : /home/runner/work/ozone/ozone/hadoop-ozone/integration-test/target/test-dir/MiniOzoneClusterImpl-bf1a4df1-220d-4f19-a3f2-d6f00535f443/datanode-7/data-0/containers/hdds to VolumeSet
2021-11-25 02:27:51,160 [Listener at 127.0.0.1/44827] INFO  volume.ThrottledAsyncChecker (ThrottledAsyncChecker.java:schedule(141)) - Scheduling a check for /home/runner/work/ozone/ozone/hadoop-ozone/integration-test/target/test-dir/MiniOzoneClusterImpl-bf1a4df1-220d-4f19-a3f2-d6f00535f443/datanode-7/data-0/containers/hdds
2021-11-25 02:27:51,160 [Listener at 127.0.0.1/44827] INFO  volume.StorageVolumeChecker (StorageVolumeChecker.java:checkAllVolumes(202)) - Scheduled health check for volume /home/runner/work/ozone/ozone/hadoop-ozone/integration-test/target/test-dir/MiniOzoneClusterImpl-bf1a4df1-220d-4f19-a3f2-d6f00535f443/datanode-7/data-0/containers/hdds
2021-11-25 02:27:51,193 [Listener at 127.0.0.1/44827] INFO  volume.MutableVolumeSet (MutableVolumeSet.java:initializeVolumeSet(168)) - Added Volume : /home/runner/work/ozone/ozone/hadoop-ozone/integration-test/target/test-dir/MiniOzoneClusterImpl-bf1a4df1-220d-4f19-a3f2-d6f00535f443/datanode-7/data/ratis to VolumeSet
2021-11-25 02:27:51,198 [IPC Server handler 1 on default port 38213] INFO  net.NetworkTopologyImpl (NetworkTopologyImpl.java:add(112)) - Added a new node: /default-rack/a8a586c2-f99e-4cfe-9d52-03ddcdbedb28
2021-11-25 02:27:51,206 [Listener at 127.0.0.1/44827] INFO  volume.ThrottledAsyncChecker (ThrottledAsyncChecker.java:schedule(141)) - Scheduling a check for /home/runner/work/ozone/ozone/hadoop-ozone/integration-test/target/test-dir/MiniOzoneClusterImpl-bf1a4df1-220d-4f19-a3f2-d6f00535f443/datanode-7/data/ratis
2021-11-25 02:27:51,206 [IPC Server handler 1 on default port 38213] INFO  node.SCMNodeManager (SCMNodeManager.java:register(389)) - Registered Data node : a8a586c2-f99e-4cfe-9d52-03ddcdbedb28{ip: 10.1.0.13, host: fv-az12-931.exdb2aeach2ezidoxz41lk3bwg.cx.internal.cloudapp.net, ports: [REPLICATION=38601, RATIS=36737, RATIS_ADMIN=36737, RATIS_SERVER=36737, STANDALONE=38157], networkLocation: /default-rack, certSerialId: null, persistedOpState: null, persistedOpStateExpiryEpochSec: 0}
2021-11-25 02:27:51,207 [EventQueue-NewNodeForNewNodeHandler] INFO  pipeline.BackgroundPipelineCreator (BackgroundPipelineCreator.java:notifyEventTriggered(285)) - trigger a one-shot run on RatisPipelineUtilsThread.
2021-11-25 02:27:51,213 [Listener at 127.0.0.1/44827] INFO  volume.StorageVolumeChecker (StorageVolumeChecker.java:checkAllVolumes(202)) - Scheduled health check for volume /home/runner/work/ozone/ozone/hadoop-ozone/integration-test/target/test-dir/MiniOzoneClusterImpl-bf1a4df1-220d-4f19-a3f2-d6f00535f443/datanode-7/data/ratis
2021-11-25 02:27:51,218 [EventQueue-NodeRegistrationContainerReportForDataNodeSafeModeRule] INFO  safemode.SCMSafeModeManager (DataNodeSafeModeRule.java:process(71)) - SCM in safe mode. 2 DataNodes registered, 3 required.
2021-11-25 02:27:51,219 [RatisPipelineUtilsThread - 0] INFO  pipeline.RatisPipelineProvider (RatisPipelineProvider.java:lambda$create$0(183)) - Sending CreatePipelineCommand for pipeline:PipelineID=dfdd88c3-25de-4d41-966b-fd35ad8b3ca6 to datanode:a8a586c2-f99e-4cfe-9d52-03ddcdbedb28
2021-11-25 02:27:51,219 [RatisPipelineUtilsThread - 0] INFO  pipeline.PipelineStateManagerImpl (PipelineStateManagerImpl.java:addPipeline(101)) - Created pipeline Pipeline[ Id: dfdd88c3-25de-4d41-966b-fd35ad8b3ca6, Nodes: a8a586c2-f99e-4cfe-9d52-03ddcdbedb28{ip: 10.1.0.13, host: fv-az12-931.exdb2aeach2ezidoxz41lk3bwg.cx.internal.cloudapp.net, ports: [REPLICATION=38601, RATIS=36737, RATIS_ADMIN=36737, RATIS_SERVER=36737, STANDALONE=38157], networkLocation: /default-rack, certSerialId: null, persistedOpState: IN_SERVICE, persistedOpStateExpiryEpochSec: 0}, ReplicationConfig: RATIS/ONE, State:ALLOCATED, leaderId:, CreationTimestamp2021-11-25T02:27:51.219Z[Etc/UTC]].
2021-11-25 02:27:51,249 [Thread-830] INFO  ozoneimpl.ContainerReader (ContainerReader.java:readVolume(172)) - Finish verifying containers on volume /home/runner/work/ozone/ozone/hadoop-ozone/integration-test/target/test-dir/MiniOzoneClusterImpl-bf1a4df1-220d-4f19-a3f2-d6f00535f443/datanode-7/data-0/containers/hdds
2021-11-25 02:27:51,249 [Listener at 127.0.0.1/44827] INFO  ozoneimpl.OzoneContainer (OzoneContainer.java:buildContainerSet(236)) - Build ContainerSet costs 0s
2021-11-25 02:27:51,251 [Listener at 127.0.0.1/44827] INFO  server.RaftServer (ConfUtils.java:logGet(44)) - raft.rpc.type = GRPC (default)
2021-11-25 02:27:51,252 [Listener at 127.0.0.1/44827] INFO  grpc.GrpcFactory (GrpcFactory.java:checkPooledByteBufAllocatorUseCacheForAllThreads(48)) - PERFORMANCE WARNING: useCacheForAllThreads is true that may cause Netty to create a lot garbage objects and, as a result, trigger GC.
	It is recommended to disable useCacheForAllThreads by setting -Dorg.apache.ratis.thirdparty.io.netty.allocator.useCacheForAllThreads=false in command line.
2021-11-25 02:27:51,252 [Listener at 127.0.0.1/44827] INFO  grpc.GrpcConfigKeys (ConfUtils.java:logGet(44)) - raft.grpc.admin.port = 0 (custom)
2021-11-25 02:27:51,252 [Listener at 127.0.0.1/44827] INFO  grpc.GrpcConfigKeys (ConfUtils.java:logGet(44)) - raft.grpc.client.port = 0 (custom)
2021-11-25 02:27:51,252 [Listener at 127.0.0.1/44827] INFO  grpc.GrpcConfigKeys (ConfUtils.java:logGet(44)) - raft.grpc.server.port = 0 (default)
2021-11-25 02:27:51,252 [Listener at 127.0.0.1/44827] INFO  server.GrpcService (ConfUtils.java:logGet(44)) - raft.grpc.message.size.max = 32MB (=33554432) (custom)
2021-11-25 02:27:51,252 [Listener at 127.0.0.1/44827] INFO  server.RaftServerConfigKeys (ConfUtils.java:logGet(44)) - raft.server.log.appender.buffer.byte-limit = 33554432 (custom)
2021-11-25 02:27:51,252 [Listener at 127.0.0.1/44827] INFO  server.GrpcService (ConfUtils.java:logGet(44)) - raft.grpc.flow.control.window = 5MB (=5242880) (custom)
2021-11-25 02:27:51,253 [Listener at 127.0.0.1/44827] INFO  server.RaftServerConfigKeys (ConfUtils.java:logGet(44)) - raft.server.rpc.request.timeout = 3000ms (default)
2021-11-25 02:27:51,254 [Listener at 127.0.0.1/44827] INFO  impl.DataStreamServerImpl (ConfUtils.java:logGet(44)) - raft.datastream.type = DISABLED (default)
2021-11-25 02:27:51,254 [Listener at 127.0.0.1/44827] INFO  server.RaftServerConfigKeys (ConfUtils.java:logGet(44)) - raft.server.rpc.slowness.timeout = 300000ms (custom)
2021-11-25 02:27:51,254 [Listener at 127.0.0.1/44827] INFO  server.RaftServerConfigKeys (ConfUtils.java:logGet(44)) - raft.server.leaderelection.leader.step-down.wait-time = 10s (default)
2021-11-25 02:27:51,254 [Listener at 127.0.0.1/44827] INFO  server.RaftServerConfigKeys (ConfUtils.java:logGet(44)) - raft.server.storage.dir = [/home/runner/work/ozone/ozone/hadoop-ozone/integration-test/target/test-dir/MiniOzoneClusterImpl-bf1a4df1-220d-4f19-a3f2-d6f00535f443/datanode-7/data/ratis] (custom)
2021-11-25 02:27:51,278 [Listener at 127.0.0.1/44827] INFO  http.BaseHttpServer (BaseHttpServer.java:newHttpServer2BuilderForOzone(209)) - Starting Web-server for hddsDatanode at: http://0.0.0.0:0
2021-11-25 02:27:51,278 [Listener at 127.0.0.1/44827] INFO  http.BaseHttpServer (BaseHttpServer.java:<init>(107)) - Hadoop Security Enabled: false Ozone Security Enabled: false Ozone HTTP Security Enabled: false 
2021-11-25 02:27:51,295 [Listener at 127.0.0.1/44827] INFO  server.AuthenticationFilter (AuthenticationFilter.java:constructSecretProvider(240)) - Unable to initialize FileSignerSecretProvider, falling back to use random secrets.
2021-11-25 02:27:51,296 [Listener at 127.0.0.1/44827] WARN  http.HttpRequestLog (HttpRequestLog.java:getRequestLog(103)) - Jetty request log can only be enabled using Log4j
2021-11-25 02:27:51,297 [Listener at 127.0.0.1/44827] INFO  http.HttpServer2 (HttpServer2.java:addGlobalFilter(1030)) - Added global filter 'safety' (class=org.apache.hadoop.hdds.server.http.HttpServer2$QuotingInputFilter)
2021-11-25 02:27:51,297 [Listener at 127.0.0.1/44827] INFO  http.HttpServer2 (HttpServer2.java:addFilter(1006)) - Added filter static_user_filter (class=org.apache.hadoop.http.lib.StaticUserWebFilter$StaticUserFilter) to context hddsDatanode
2021-11-25 02:27:51,298 [Listener at 127.0.0.1/44827] INFO  http.HttpServer2 (HttpServer2.java:addFilter(1014)) - Added filter static_user_filter (class=org.apache.hadoop.http.lib.StaticUserWebFilter$StaticUserFilter) to context logs
2021-11-25 02:27:51,298 [Listener at 127.0.0.1/44827] INFO  http.HttpServer2 (HttpServer2.java:addFilter(1014)) - Added filter static_user_filter (class=org.apache.hadoop.http.lib.StaticUserWebFilter$StaticUserFilter) to context static
2021-11-25 02:27:51,298 [Listener at 127.0.0.1/44827] INFO  http.HttpServer2 (HttpServer2.java:bindListener(1249)) - Jetty bound to port 42515
2021-11-25 02:27:51,299 [Listener at 127.0.0.1/44827] INFO  server.Server (Server.java:doStart(375)) - jetty-9.4.43.v20210629; built: 2021-06-30T11:07:22.254Z; git: 526006ecfa3af7f1a27ef3a288e2bef7ea9dd7e8; jvm 1.8.0_292-b10
2021-11-25 02:27:51,366 [Listener at 127.0.0.1/44827] INFO  server.session (DefaultSessionIdManager.java:doStart(334)) - DefaultSessionIdManager workerName=node0
2021-11-25 02:27:51,367 [Listener at 127.0.0.1/44827] INFO  server.session (DefaultSessionIdManager.java:doStart(339)) - No SessionScavenger set, using defaults
2021-11-25 02:27:51,367 [Listener at 127.0.0.1/44827] INFO  server.session (HouseKeeper.java:startScavenging(132)) - node0 Scavenging every 600000ms
2021-11-25 02:27:51,368 [Listener at 127.0.0.1/44827] INFO  handler.ContextHandler (ContextHandler.java:doStart(915)) - Started o.e.j.s.ServletContextHandler@5601e212{logs,/logs,file:///home/runner/work/ozone/ozone/hadoop-ozone/integration-test/target/log,AVAILABLE}
2021-11-25 02:27:51,368 [Listener at 127.0.0.1/44827] INFO  handler.ContextHandler (ContextHandler.java:doStart(915)) - Started o.e.j.s.ServletContextHandler@261f2904{static,/static,jar:file:/home/runner/.m2/repository/org/apache/ozone/hdds-container-service/1.2.0-SNAPSHOT/hdds-container-service-1.2.0-SNAPSHOT.jar!/webapps/static,AVAILABLE}
2021-11-25 02:27:51,531 [Listener at 127.0.0.1/44827] INFO  handler.ContextHandler (ContextHandler.java:doStart(915)) - Started o.e.j.w.WebAppContext@6b1d60b3{hddsDatanode,/,file:///tmp/jetty-0_0_0_0-42515-hdds-container-service-1_2_0-SNAPSHOT_jar-_-any-2543539046274012309/webapp/,AVAILABLE}{jar:file:/home/runner/.m2/repository/org/apache/ozone/hdds-container-service/1.2.0-SNAPSHOT/hdds-container-service-1.2.0-SNAPSHOT.jar!/webapps/hddsDatanode}
2021-11-25 02:27:51,568 [Listener at 127.0.0.1/44827] INFO  server.AbstractConnector (AbstractConnector.java:doStart(331)) - Started ServerConnector@31a78026{HTTP/1.1, (http/1.1)}{0.0.0.0:42515}
2021-11-25 02:27:51,568 [Listener at 127.0.0.1/44827] INFO  server.Server (Server.java:doStart(415)) - Started @93414ms
2021-11-25 02:27:51,568 [Listener at 127.0.0.1/44827] WARN  impl.MetricsSystemImpl (MetricsSystemImpl.java:register(279)) - Sink prometheus already exists!
2021-11-25 02:27:51,577 [Listener at 127.0.0.1/44827] INFO  http.BaseHttpServer (BaseHttpServer.java:updateConnectorAddress(329)) - HTTP server of hddsDatanode listening at http://0.0.0.0:42515
2021-11-25 02:27:51,589 [Datanode State Machine Daemon Thread] INFO  statemachine.DatanodeStateMachine (DatanodeStateMachine.java:lambda$startDaemon$0(467)) - Ozone container server started.
2021-11-25 02:27:51,589 [Listener at 127.0.0.1/44827] WARN  impl.MetricRegistriesImpl (MetricRegistriesImpl.java:addReporterRegistration(111)) - New reporters are added after registries were created. Some metrics will be missing from the reporter. Please add reporter before adding any new registry.
2021-11-25 02:27:51,625 [Listener at 127.0.0.1/44827] WARN  impl.MetricRegistriesImpl (MetricRegistriesImpl.java:addReporterRegistration(111)) - New reporters are added after registries were created. Some metrics will be missing from the reporter. Please add reporter before adding any new registry.
2021-11-25 02:27:51,626 [Listener at 127.0.0.1/44827] INFO  impl.MetricsSystemImpl (MetricsSystemImpl.java:init(158)) - HddsDatanode metrics system started (again)
2021-11-25 02:27:51,667 [Listener at 127.0.0.1/44827] INFO  ozone.HddsDatanodeService (HddsDatanodeService.java:start(234)) - HddsDatanodeService host:fv-az12-931.exdb2aeach2ezidoxz41lk3bwg.cx.internal.cloudapp.net ip:10.1.0.13
2021-11-25 02:27:51,681 [EndpointStateMachine task thread for /0.0.0.0:38213 - 0 ] INFO  ozoneimpl.OzoneContainer (OzoneContainer.java:start(304)) - Attempting to start container services.
2021-11-25 02:27:51,681 [EndpointStateMachine task thread for /0.0.0.0:38213 - 0 ] INFO  ozoneimpl.OzoneContainer (OzoneContainer.java:startContainerScrub(249)) - Background container scanner has been disabled.
2021-11-25 02:27:51,682 [EndpointStateMachine task thread for /0.0.0.0:38213 - 0 ] INFO  replication.ReplicationServer (ReplicationServer.java:start(107)) - ReplicationServer is started using port 35695
2021-11-25 02:27:51,719 [EndpointStateMachine task thread for /0.0.0.0:38213 - 0 ] INFO  ratis.XceiverServerRatis (XceiverServerRatis.java:start(484)) - Starting XceiverServerRatis a77dd090-2963-4745-95fa-35573f312ffb
2021-11-25 02:27:51,731 [Listener at 127.0.0.1/44827] INFO  upgrade.AbstractLayoutVersionManager (AbstractLayoutVersionManager.java:init(79)) - Initializing Layout version manager with metadata layout = SCM_HA (version = 2), software layout = SCM_HA (version = 2)
2021-11-25 02:27:51,753 [EndpointStateMachine task thread for /0.0.0.0:38213 - 0 ] INFO  server.RaftServer (RaftServerProxy.java:lambda$start$5(374)) - a77dd090-2963-4745-95fa-35573f312ffb: start RPC server
2021-11-25 02:27:51,754 [EndpointStateMachine task thread for /0.0.0.0:38213 - 0 ] INFO  server.GrpcService (GrpcService.java:startImpl(253)) - a77dd090-2963-4745-95fa-35573f312ffb: GrpcService started, listening on 36541
2021-11-25 02:27:51,769 [EndpointStateMachine task thread for /0.0.0.0:38213 - 0 ] INFO  ratis.XceiverServerRatis (XceiverServerRatis.java:getRealPort(505)) - XceiverServerRatis a77dd090-2963-4745-95fa-35573f312ffb is started using port 36541 for RATIS
2021-11-25 02:27:51,769 [EndpointStateMachine task thread for /0.0.0.0:38213 - 0 ] INFO  ratis.XceiverServerRatis (XceiverServerRatis.java:getRealPort(505)) - XceiverServerRatis a77dd090-2963-4745-95fa-35573f312ffb is started using port 36541 for RATIS_ADMIN
2021-11-25 02:27:51,769 [EndpointStateMachine task thread for /0.0.0.0:38213 - 0 ] INFO  ratis.XceiverServerRatis (XceiverServerRatis.java:getRealPort(505)) - XceiverServerRatis a77dd090-2963-4745-95fa-35573f312ffb is started using port 36541 for RATIS_SERVER
2021-11-25 02:27:51,777 [EndpointStateMachine task thread for /0.0.0.0:38213 - 0 ] INFO  server.XceiverServerGrpc (XceiverServerGrpc.java:start(135)) - XceiverServerGrpc a77dd090-2963-4745-95fa-35573f312ffb is started using port 43867
2021-11-25 02:27:51,783 [org.apache.hadoop.util.JvmPauseMonitor$Monitor@1a6d6fb0] INFO  util.JvmPauseMonitor (JvmPauseMonitor.java:run(188)) - Starting JVM pause monitor
2021-11-25 02:27:51,811 [Datanode State Machine Task Thread - 0] INFO  datanode.InitDatanodeState (InitDatanodeState.java:persistContainerDatanodeDetails(145)) - DatanodeDetails is persisted to /home/runner/work/ozone/ozone/hadoop-ozone/integration-test/target/test-dir/MiniOzoneClusterImpl-bf1a4df1-220d-4f19-a3f2-d6f00535f443/datanode-7/meta/datanode.id
2021-11-25 02:27:51,814 [org.apache.ratis.util.JvmPauseMonitor$$Lambda$533/113722330@4625c4f] INFO  util.JvmPauseMonitor (JvmPauseMonitor.java:run(103)) - JvmPauseMonitor-a77dd090-2963-4745-95fa-35573f312ffb: Started
2021-11-25 02:27:51,852 [Listener at 127.0.0.1/44827] INFO  reflections.Reflections (Reflections.java:scan(232)) - Reflections took 119 ms to scan 7 urls, producing 119 keys and 279 values 
2021-11-25 02:27:51,861 [Listener at 127.0.0.1/44827] INFO  statemachine.DatanodeStateMachine (DatanodeStateMachine.java:getEndPointTaskThreadPoolSize(219)) - Datanode State Machine Task Thread Pool size 2
2021-11-25 02:27:51,862 [Listener at 127.0.0.1/44827] INFO  volume.HddsVolume (HddsVolume.java:<init>(120)) - Creating HddsVolume: /home/runner/work/ozone/ozone/hadoop-ozone/integration-test/target/test-dir/MiniOzoneClusterImpl-bf1a4df1-220d-4f19-a3f2-d6f00535f443/datanode-8/data-0/containers/hdds of storage type : DISK capacity : 9223372036854775807
2021-11-25 02:27:51,862 [Listener at 127.0.0.1/44827] INFO  volume.MutableVolumeSet (MutableVolumeSet.java:initializeVolumeSet(168)) - Added Volume : /home/runner/work/ozone/ozone/hadoop-ozone/integration-test/target/test-dir/MiniOzoneClusterImpl-bf1a4df1-220d-4f19-a3f2-d6f00535f443/datanode-8/data-0/containers/hdds to VolumeSet
2021-11-25 02:27:51,862 [Listener at 127.0.0.1/44827] INFO  volume.ThrottledAsyncChecker (ThrottledAsyncChecker.java:schedule(141)) - Scheduling a check for /home/runner/work/ozone/ozone/hadoop-ozone/integration-test/target/test-dir/MiniOzoneClusterImpl-bf1a4df1-220d-4f19-a3f2-d6f00535f443/datanode-8/data-0/containers/hdds
2021-11-25 02:27:51,863 [Listener at 127.0.0.1/44827] INFO  volume.StorageVolumeChecker (StorageVolumeChecker.java:checkAllVolumes(202)) - Scheduled health check for volume /home/runner/work/ozone/ozone/hadoop-ozone/integration-test/target/test-dir/MiniOzoneClusterImpl-bf1a4df1-220d-4f19-a3f2-d6f00535f443/datanode-8/data-0/containers/hdds
2021-11-25 02:27:51,891 [Listener at 127.0.0.1/44827] INFO  volume.MutableVolumeSet (MutableVolumeSet.java:initializeVolumeSet(168)) - Added Volume : /home/runner/work/ozone/ozone/hadoop-ozone/integration-test/target/test-dir/MiniOzoneClusterImpl-bf1a4df1-220d-4f19-a3f2-d6f00535f443/datanode-8/data/ratis to VolumeSet
2021-11-25 02:27:51,891 [Listener at 127.0.0.1/44827] INFO  volume.ThrottledAsyncChecker (ThrottledAsyncChecker.java:schedule(141)) - Scheduling a check for /home/runner/work/ozone/ozone/hadoop-ozone/integration-test/target/test-dir/MiniOzoneClusterImpl-bf1a4df1-220d-4f19-a3f2-d6f00535f443/datanode-8/data/ratis
2021-11-25 02:27:51,901 [Listener at 127.0.0.1/44827] INFO  volume.StorageVolumeChecker (StorageVolumeChecker.java:checkAllVolumes(202)) - Scheduled health check for volume /home/runner/work/ozone/ozone/hadoop-ozone/integration-test/target/test-dir/MiniOzoneClusterImpl-bf1a4df1-220d-4f19-a3f2-d6f00535f443/datanode-8/data/ratis
2021-11-25 02:27:51,965 [Thread-845] INFO  ozoneimpl.ContainerReader (ContainerReader.java:readVolume(172)) - Finish verifying containers on volume /home/runner/work/ozone/ozone/hadoop-ozone/integration-test/target/test-dir/MiniOzoneClusterImpl-bf1a4df1-220d-4f19-a3f2-d6f00535f443/datanode-8/data-0/containers/hdds
2021-11-25 02:27:51,973 [Listener at 127.0.0.1/44827] INFO  ozoneimpl.OzoneContainer (OzoneContainer.java:buildContainerSet(236)) - Build ContainerSet costs 0s
2021-11-25 02:27:51,982 [Listener at 127.0.0.1/44827] INFO  server.RaftServer (ConfUtils.java:logGet(44)) - raft.rpc.type = GRPC (default)
2021-11-25 02:27:51,982 [Listener at 127.0.0.1/44827] INFO  grpc.GrpcFactory (GrpcFactory.java:checkPooledByteBufAllocatorUseCacheForAllThreads(48)) - PERFORMANCE WARNING: useCacheForAllThreads is true that may cause Netty to create a lot garbage objects and, as a result, trigger GC.
	It is recommended to disable useCacheForAllThreads by setting -Dorg.apache.ratis.thirdparty.io.netty.allocator.useCacheForAllThreads=false in command line.
2021-11-25 02:27:51,982 [Listener at 127.0.0.1/44827] INFO  grpc.GrpcConfigKeys (ConfUtils.java:logGet(44)) - raft.grpc.admin.port = 0 (custom)
2021-11-25 02:27:51,983 [IPC Server handler 0 on default port 38213] INFO  net.NetworkTopologyImpl (NetworkTopologyImpl.java:add(112)) - Added a new node: /default-rack/e8e4a09d-b55f-46fb-afd1-8638ca612560
2021-11-25 02:27:51,984 [IPC Server handler 0 on default port 38213] INFO  node.SCMNodeManager (SCMNodeManager.java:register(389)) - Registered Data node : e8e4a09d-b55f-46fb-afd1-8638ca612560{ip: 10.1.0.13, host: fv-az12-931.exdb2aeach2ezidoxz41lk3bwg.cx.internal.cloudapp.net, ports: [REPLICATION=36327, RATIS=42859, RATIS_ADMIN=42859, RATIS_SERVER=42859, STANDALONE=40621], networkLocation: /default-rack, certSerialId: null, persistedOpState: null, persistedOpStateExpiryEpochSec: 0}
2021-11-25 02:27:51,984 [EventQueue-NewNodeForNewNodeHandler] INFO  pipeline.BackgroundPipelineCreator (BackgroundPipelineCreator.java:notifyEventTriggered(285)) - trigger a one-shot run on RatisPipelineUtilsThread.
2021-11-25 02:27:51,985 [Listener at 127.0.0.1/44827] INFO  grpc.GrpcConfigKeys (ConfUtils.java:logGet(44)) - raft.grpc.client.port = 0 (custom)
2021-11-25 02:27:51,985 [Listener at 127.0.0.1/44827] INFO  grpc.GrpcConfigKeys (ConfUtils.java:logGet(44)) - raft.grpc.server.port = 0 (default)
2021-11-25 02:27:51,986 [Listener at 127.0.0.1/44827] INFO  server.GrpcService (ConfUtils.java:logGet(44)) - raft.grpc.message.size.max = 32MB (=33554432) (custom)
2021-11-25 02:27:51,986 [Listener at 127.0.0.1/44827] INFO  server.RaftServerConfigKeys (ConfUtils.java:logGet(44)) - raft.server.log.appender.buffer.byte-limit = 33554432 (custom)
2021-11-25 02:27:51,986 [Listener at 127.0.0.1/44827] INFO  server.GrpcService (ConfUtils.java:logGet(44)) - raft.grpc.flow.control.window = 5MB (=5242880) (custom)
2021-11-25 02:27:51,986 [Listener at 127.0.0.1/44827] INFO  server.RaftServerConfigKeys (ConfUtils.java:logGet(44)) - raft.server.rpc.request.timeout = 3000ms (default)
2021-11-25 02:27:51,991 [Listener at 127.0.0.1/44827] INFO  impl.DataStreamServerImpl (ConfUtils.java:logGet(44)) - raft.datastream.type = DISABLED (default)
2021-11-25 02:27:51,992 [RatisPipelineUtilsThread - 0] INFO  pipeline.RatisPipelineProvider (RatisPipelineProvider.java:lambda$create$0(183)) - Sending CreatePipelineCommand for pipeline:PipelineID=488de05d-509c-436f-b5b5-064e13e4dc9e to datanode:e8e4a09d-b55f-46fb-afd1-8638ca612560
2021-11-25 02:27:51,992 [RatisPipelineUtilsThread - 0] INFO  pipeline.PipelineStateManagerImpl (PipelineStateManagerImpl.java:addPipeline(101)) - Created pipeline Pipeline[ Id: 488de05d-509c-436f-b5b5-064e13e4dc9e, Nodes: e8e4a09d-b55f-46fb-afd1-8638ca612560{ip: 10.1.0.13, host: fv-az12-931.exdb2aeach2ezidoxz41lk3bwg.cx.internal.cloudapp.net, ports: [REPLICATION=36327, RATIS=42859, RATIS_ADMIN=42859, RATIS_SERVER=42859, STANDALONE=40621], networkLocation: /default-rack, certSerialId: null, persistedOpState: IN_SERVICE, persistedOpStateExpiryEpochSec: 0}, ReplicationConfig: RATIS/ONE, State:ALLOCATED, leaderId:, CreationTimestamp2021-11-25T02:27:51.992Z[Etc/UTC]].
2021-11-25 02:27:51,991 [EventQueue-NodeRegistrationContainerReportForDataNodeSafeModeRule] INFO  safemode.SCMSafeModeManager (DataNodeSafeModeRule.java:process(71)) - SCM in safe mode. 3 DataNodes registered, 3 required.
2021-11-25 02:27:51,993 [EventQueue-NodeRegistrationContainerReportForDataNodeSafeModeRule] INFO  safemode.SCMSafeModeManager (SCMSafeModeManager.java:validateSafeModeExitRules(204)) - DataNodeSafeModeRule rule is successfully validated
2021-11-25 02:27:51,993 [EventQueue-NodeRegistrationContainerReportForDataNodeSafeModeRule] INFO  safemode.SCMSafeModeManager (SCMSafeModeManager.java:completePreCheck(233)) - All SCM safe mode pre check rules have passed
2021-11-25 02:27:51,992 [Listener at 127.0.0.1/44827] INFO  server.RaftServerConfigKeys (ConfUtils.java:logGet(44)) - raft.server.rpc.slowness.timeout = 300000ms (custom)
2021-11-25 02:27:51,993 [Listener at 127.0.0.1/44827] INFO  server.RaftServerConfigKeys (ConfUtils.java:logGet(44)) - raft.server.leaderelection.leader.step-down.wait-time = 10s (default)
2021-11-25 02:27:51,993 [Listener at 127.0.0.1/44827] INFO  server.RaftServerConfigKeys (ConfUtils.java:logGet(44)) - raft.server.storage.dir = [/home/runner/work/ozone/ozone/hadoop-ozone/integration-test/target/test-dir/MiniOzoneClusterImpl-bf1a4df1-220d-4f19-a3f2-d6f00535f443/datanode-8/data/ratis] (custom)
2021-11-25 02:27:51,993 [EventQueue-NodeRegistrationContainerReportForDataNodeSafeModeRule] WARN  events.EventQueue (EventQueue.java:fireEvent(194)) - No event handler registered for event TypedEvent{payloadType=SafeModeStatus, name='Safe mode status'}
2021-11-25 02:27:51,998 [EventQueue-NodeRegistrationContainerReportForDataNodeSafeModeRule] INFO  ha.SCMContext (SCMContext.java:updateSafeModeStatus(205)) - Update SafeModeStatus from SafeModeStatus{safeModeStatus=true, preCheckPassed=false} to SafeModeStatus{safeModeStatus=true, preCheckPassed=true}.
2021-11-25 02:27:51,998 [EventQueue-NodeRegistrationContainerReportForDataNodeSafeModeRule] INFO  pipeline.BackgroundPipelineCreator (BackgroundPipelineCreator.java:notifyEventTriggered(285)) - trigger a one-shot run on RatisPipelineUtilsThread.
2021-11-25 02:27:51,998 [RatisPipelineUtilsThread - 0] INFO  pipeline.RatisPipelineProvider (RatisPipelineProvider.java:lambda$create$0(183)) - Sending CreatePipelineCommand for pipeline:PipelineID=d4289eb7-cbdd-466a-ac91-8550d68c7491 to datanode:7b8694ed-f626-45d7-ad92-ba79cd2bf69c
2021-11-25 02:27:51,998 [RatisPipelineUtilsThread - 0] INFO  pipeline.RatisPipelineProvider (RatisPipelineProvider.java:lambda$create$0(183)) - Sending CreatePipelineCommand for pipeline:PipelineID=d4289eb7-cbdd-466a-ac91-8550d68c7491 to datanode:a8a586c2-f99e-4cfe-9d52-03ddcdbedb28
2021-11-25 02:27:51,998 [RatisPipelineUtilsThread - 0] INFO  pipeline.RatisPipelineProvider (RatisPipelineProvider.java:lambda$create$0(183)) - Sending CreatePipelineCommand for pipeline:PipelineID=d4289eb7-cbdd-466a-ac91-8550d68c7491 to datanode:e8e4a09d-b55f-46fb-afd1-8638ca612560
2021-11-25 02:27:51,999 [RatisPipelineUtilsThread - 0] INFO  pipeline.PipelineStateManagerImpl (PipelineStateManagerImpl.java:addPipeline(101)) - Created pipeline Pipeline[ Id: d4289eb7-cbdd-466a-ac91-8550d68c7491, Nodes: 7b8694ed-f626-45d7-ad92-ba79cd2bf69c{ip: 10.1.0.13, host: fv-az12-931.exdb2aeach2ezidoxz41lk3bwg.cx.internal.cloudapp.net, ports: [REPLICATION=42223, RATIS=33171, RATIS_ADMIN=33171, RATIS_SERVER=33171, STANDALONE=39971], networkLocation: /default-rack, certSerialId: null, persistedOpState: IN_SERVICE, persistedOpStateExpiryEpochSec: 0}a8a586c2-f99e-4cfe-9d52-03ddcdbedb28{ip: 10.1.0.13, host: fv-az12-931.exdb2aeach2ezidoxz41lk3bwg.cx.internal.cloudapp.net, ports: [REPLICATION=38601, RATIS=36737, RATIS_ADMIN=36737, RATIS_SERVER=36737, STANDALONE=38157], networkLocation: /default-rack, certSerialId: null, persistedOpState: IN_SERVICE, persistedOpStateExpiryEpochSec: 0}e8e4a09d-b55f-46fb-afd1-8638ca612560{ip: 10.1.0.13, host: fv-az12-931.exdb2aeach2ezidoxz41lk3bwg.cx.internal.cloudapp.net, ports: [REPLICATION=36327, RATIS=42859, RATIS_ADMIN=42859, RATIS_SERVER=42859, STANDALONE=40621], networkLocation: /default-rack, certSerialId: null, persistedOpState: IN_SERVICE, persistedOpStateExpiryEpochSec: 0}, ReplicationConfig: RATIS/THREE, State:ALLOCATED, leaderId:, CreationTimestamp2021-11-25T02:27:51.998Z[Etc/UTC]].
2021-11-25 02:27:52,014 [Listener at 127.0.0.1/44827] INFO  http.BaseHttpServer (BaseHttpServer.java:newHttpServer2BuilderForOzone(209)) - Starting Web-server for hddsDatanode at: http://0.0.0.0:0
2021-11-25 02:27:52,014 [Listener at 127.0.0.1/44827] INFO  http.BaseHttpServer (BaseHttpServer.java:<init>(107)) - Hadoop Security Enabled: false Ozone Security Enabled: false Ozone HTTP Security Enabled: false 
2021-11-25 02:27:52,015 [Listener at 127.0.0.1/44827] INFO  server.AuthenticationFilter (AuthenticationFilter.java:constructSecretProvider(240)) - Unable to initialize FileSignerSecretProvider, falling back to use random secrets.
2021-11-25 02:27:52,033 [Listener at 127.0.0.1/44827] WARN  http.HttpRequestLog (HttpRequestLog.java:getRequestLog(103)) - Jetty request log can only be enabled using Log4j
2021-11-25 02:27:52,034 [Listener at 127.0.0.1/44827] INFO  http.HttpServer2 (HttpServer2.java:addGlobalFilter(1030)) - Added global filter 'safety' (class=org.apache.hadoop.hdds.server.http.HttpServer2$QuotingInputFilter)
2021-11-25 02:27:52,035 [Listener at 127.0.0.1/44827] INFO  http.HttpServer2 (HttpServer2.java:addFilter(1006)) - Added filter static_user_filter (class=org.apache.hadoop.http.lib.StaticUserWebFilter$StaticUserFilter) to context hddsDatanode
2021-11-25 02:27:52,035 [Listener at 127.0.0.1/44827] INFO  http.HttpServer2 (HttpServer2.java:addFilter(1014)) - Added filter static_user_filter (class=org.apache.hadoop.http.lib.StaticUserWebFilter$StaticUserFilter) to context logs
2021-11-25 02:27:52,035 [Listener at 127.0.0.1/44827] INFO  http.HttpServer2 (HttpServer2.java:addFilter(1014)) - Added filter static_user_filter (class=org.apache.hadoop.http.lib.StaticUserWebFilter$StaticUserFilter) to context static
2021-11-25 02:27:52,035 [Listener at 127.0.0.1/44827] INFO  http.HttpServer2 (HttpServer2.java:bindListener(1249)) - Jetty bound to port 44929
2021-11-25 02:27:52,036 [Listener at 127.0.0.1/44827] INFO  server.Server (Server.java:doStart(375)) - jetty-9.4.43.v20210629; built: 2021-06-30T11:07:22.254Z; git: 526006ecfa3af7f1a27ef3a288e2bef7ea9dd7e8; jvm 1.8.0_292-b10
2021-11-25 02:27:52,042 [Listener at 127.0.0.1/44827] INFO  server.session (DefaultSessionIdManager.java:doStart(334)) - DefaultSessionIdManager workerName=node0
2021-11-25 02:27:52,042 [Listener at 127.0.0.1/44827] INFO  server.session (DefaultSessionIdManager.java:doStart(339)) - No SessionScavenger set, using defaults
2021-11-25 02:27:52,043 [Listener at 127.0.0.1/44827] INFO  server.session (HouseKeeper.java:startScavenging(132)) - node0 Scavenging every 660000ms
2021-11-25 02:27:52,050 [Listener at 127.0.0.1/44827] INFO  handler.ContextHandler (ContextHandler.java:doStart(915)) - Started o.e.j.s.ServletContextHandler@69587ec9{logs,/logs,file:///home/runner/work/ozone/ozone/hadoop-ozone/integration-test/target/log,AVAILABLE}
2021-11-25 02:27:52,050 [Listener at 127.0.0.1/44827] INFO  handler.ContextHandler (ContextHandler.java:doStart(915)) - Started o.e.j.s.ServletContextHandler@65a5d53a{static,/static,jar:file:/home/runner/.m2/repository/org/apache/ozone/hdds-container-service/1.2.0-SNAPSHOT/hdds-container-service-1.2.0-SNAPSHOT.jar!/webapps/static,AVAILABLE}
2021-11-25 02:27:52,161 [Listener at 127.0.0.1/44827] INFO  handler.ContextHandler (ContextHandler.java:doStart(915)) - Started o.e.j.w.WebAppContext@1984d4ff{hddsDatanode,/,file:///tmp/jetty-0_0_0_0-44929-hdds-container-service-1_2_0-SNAPSHOT_jar-_-any-2993958252605441569/webapp/,AVAILABLE}{jar:file:/home/runner/.m2/repository/org/apache/ozone/hdds-container-service/1.2.0-SNAPSHOT/hdds-container-service-1.2.0-SNAPSHOT.jar!/webapps/hddsDatanode}
2021-11-25 02:27:52,193 [Listener at 127.0.0.1/44827] INFO  server.AbstractConnector (AbstractConnector.java:doStart(331)) - Started ServerConnector@288710bd{HTTP/1.1, (http/1.1)}{0.0.0.0:44929}
2021-11-25 02:27:52,193 [Listener at 127.0.0.1/44827] INFO  server.Server (Server.java:doStart(415)) - Started @94039ms
2021-11-25 02:27:52,193 [Listener at 127.0.0.1/44827] WARN  impl.MetricsSystemImpl (MetricsSystemImpl.java:register(279)) - Sink prometheus already exists!
2021-11-25 02:27:52,196 [Listener at 127.0.0.1/44827] INFO  http.BaseHttpServer (BaseHttpServer.java:updateConnectorAddress(329)) - HTTP server of hddsDatanode listening at http://0.0.0.0:44929
2021-11-25 02:27:52,197 [EndpointStateMachine task thread for /0.0.0.0:38213 - 0 ] INFO  ozoneimpl.OzoneContainer (OzoneContainer.java:start(304)) - Attempting to start container services.
2021-11-25 02:27:52,197 [EndpointStateMachine task thread for /0.0.0.0:38213 - 0 ] INFO  ozoneimpl.OzoneContainer (OzoneContainer.java:startContainerScrub(249)) - Background container scanner has been disabled.
2021-11-25 02:27:52,198 [EndpointStateMachine task thread for /0.0.0.0:38213 - 0 ] INFO  replication.ReplicationServer (ReplicationServer.java:start(107)) - ReplicationServer is started using port 33917
2021-11-25 02:27:52,206 [EndpointStateMachine task thread for /0.0.0.0:38213 - 0 ] INFO  ratis.XceiverServerRatis (XceiverServerRatis.java:start(484)) - Starting XceiverServerRatis afe6738c-795d-4ad9-911f-77efc98b0ab7
2021-11-25 02:27:52,209 [EndpointStateMachine task thread for /0.0.0.0:38213 - 0 ] INFO  server.RaftServer (RaftServerProxy.java:lambda$start$5(374)) - afe6738c-795d-4ad9-911f-77efc98b0ab7: start RPC server
2021-11-25 02:27:52,214 [EndpointStateMachine task thread for /0.0.0.0:38213 - 0 ] INFO  server.GrpcService (GrpcService.java:startImpl(253)) - afe6738c-795d-4ad9-911f-77efc98b0ab7: GrpcService started, listening on 38867
2021-11-25 02:27:52,225 [EndpointStateMachine task thread for /0.0.0.0:38213 - 0 ] INFO  ratis.XceiverServerRatis (XceiverServerRatis.java:getRealPort(505)) - XceiverServerRatis afe6738c-795d-4ad9-911f-77efc98b0ab7 is started using port 38867 for RATIS
2021-11-25 02:27:52,225 [EndpointStateMachine task thread for /0.0.0.0:38213 - 0 ] INFO  ratis.XceiverServerRatis (XceiverServerRatis.java:getRealPort(505)) - XceiverServerRatis afe6738c-795d-4ad9-911f-77efc98b0ab7 is started using port 38867 for RATIS_ADMIN
2021-11-25 02:27:52,225 [EndpointStateMachine task thread for /0.0.0.0:38213 - 0 ] INFO  ratis.XceiverServerRatis (XceiverServerRatis.java:getRealPort(505)) - XceiverServerRatis afe6738c-795d-4ad9-911f-77efc98b0ab7 is started using port 38867 for RATIS_SERVER
2021-11-25 02:27:52,226 [EndpointStateMachine task thread for /0.0.0.0:38213 - 0 ] INFO  server.XceiverServerGrpc (XceiverServerGrpc.java:start(135)) - XceiverServerGrpc afe6738c-795d-4ad9-911f-77efc98b0ab7 is started using port 40389
2021-11-25 02:27:52,228 [org.apache.ratis.util.JvmPauseMonitor$$Lambda$533/113722330@b902022] INFO  util.JvmPauseMonitor (JvmPauseMonitor.java:run(103)) - JvmPauseMonitor-afe6738c-795d-4ad9-911f-77efc98b0ab7: Started
2021-11-25 02:27:52,234 [Listener at 127.0.0.1/44827] INFO  ozone.MiniOzoneClusterImpl (MiniOzoneClusterImpl.java:lambda$waitForClusterToBeReady$0(235)) - Waiting for nodes to be ready. Got 3 of 9 DN Heartbeats.
2021-11-25 02:27:52,234 [Listener at 127.0.0.1/44827] INFO  ozone.MiniOzoneClusterImpl (MiniOzoneClusterImpl.java:lambda$waitForClusterToBeReady$0(238)) - Waiting for cluster to exit safe mode
2021-11-25 02:27:52,234 [Listener at 127.0.0.1/44827] INFO  ozone.MiniOzoneClusterImpl (MiniOzoneClusterImpl.java:lambda$waitForClusterToBeReady$0(240)) - SCM became leader
2021-11-25 02:27:52,234 [Datanode State Machine Daemon Thread] INFO  statemachine.DatanodeStateMachine (DatanodeStateMachine.java:lambda$startDaemon$0(467)) - Ozone container server started.
2021-11-25 02:27:52,257 [org.apache.hadoop.util.JvmPauseMonitor$Monitor@7f18c3da] INFO  util.JvmPauseMonitor (JvmPauseMonitor.java:run(188)) - Starting JVM pause monitor
2021-11-25 02:27:52,292 [Datanode State Machine Task Thread - 0] INFO  datanode.InitDatanodeState (InitDatanodeState.java:persistContainerDatanodeDetails(145)) - DatanodeDetails is persisted to /home/runner/work/ozone/ozone/hadoop-ozone/integration-test/target/test-dir/MiniOzoneClusterImpl-bf1a4df1-220d-4f19-a3f2-d6f00535f443/datanode-8/meta/datanode.id
2021-11-25 02:27:52,686 [IPC Server handler 3 on default port 38213] INFO  net.NetworkTopologyImpl (NetworkTopologyImpl.java:add(112)) - Added a new node: /default-rack/36951ec6-8ca2-46f2-ac0d-c1eb1dc0de60
2021-11-25 02:27:52,686 [IPC Server handler 3 on default port 38213] INFO  node.SCMNodeManager (SCMNodeManager.java:register(389)) - Registered Data node : 36951ec6-8ca2-46f2-ac0d-c1eb1dc0de60{ip: 10.1.0.13, host: fv-az12-931.exdb2aeach2ezidoxz41lk3bwg.cx.internal.cloudapp.net, ports: [REPLICATION=41733, RATIS=41073, RATIS_ADMIN=41073, RATIS_SERVER=41073, STANDALONE=36189], networkLocation: /default-rack, certSerialId: null, persistedOpState: null, persistedOpStateExpiryEpochSec: 0}
2021-11-25 02:27:52,686 [EventQueue-NewNodeForNewNodeHandler] INFO  pipeline.BackgroundPipelineCreator (BackgroundPipelineCreator.java:notifyEventTriggered(285)) - trigger a one-shot run on RatisPipelineUtilsThread.
2021-11-25 02:27:52,687 [RatisPipelineUtilsThread - 0] INFO  pipeline.RatisPipelineProvider (RatisPipelineProvider.java:lambda$create$0(183)) - Sending CreatePipelineCommand for pipeline:PipelineID=e3e2d47c-bc47-4aee-b1a7-8cdc086c1751 to datanode:36951ec6-8ca2-46f2-ac0d-c1eb1dc0de60
2021-11-25 02:27:52,687 [RatisPipelineUtilsThread - 0] INFO  pipeline.PipelineStateManagerImpl (PipelineStateManagerImpl.java:addPipeline(101)) - Created pipeline Pipeline[ Id: e3e2d47c-bc47-4aee-b1a7-8cdc086c1751, Nodes: 36951ec6-8ca2-46f2-ac0d-c1eb1dc0de60{ip: 10.1.0.13, host: fv-az12-931.exdb2aeach2ezidoxz41lk3bwg.cx.internal.cloudapp.net, ports: [REPLICATION=41733, RATIS=41073, RATIS_ADMIN=41073, RATIS_SERVER=41073, STANDALONE=36189], networkLocation: /default-rack, certSerialId: null, persistedOpState: IN_SERVICE, persistedOpStateExpiryEpochSec: 0}, ReplicationConfig: RATIS/ONE, State:ALLOCATED, leaderId:, CreationTimestamp2021-11-25T02:27:52.687Z[Etc/UTC]].
2021-11-25 02:27:52,949 [EndpointStateMachine task thread for /0.0.0.0:38213 - 0 ] INFO  ozoneimpl.OzoneContainer (OzoneContainer.java:start(304)) - Attempting to start container services.
2021-11-25 02:27:52,950 [EndpointStateMachine task thread for /0.0.0.0:38213 - 0 ] INFO  ozoneimpl.OzoneContainer (OzoneContainer.java:startContainerScrub(249)) - Background container scanner has been disabled.
2021-11-25 02:27:52,953 [EndpointStateMachine task thread for /0.0.0.0:38213 - 0 ] INFO  replication.ReplicationServer (ReplicationServer.java:start(107)) - ReplicationServer is started using port 38039
2021-11-25 02:27:52,955 [EndpointStateMachine task thread for /0.0.0.0:38213 - 0 ] INFO  ratis.XceiverServerRatis (XceiverServerRatis.java:start(484)) - Starting XceiverServerRatis e244018c-c6e8-4e9d-8a67-72ce71f64a2e
2021-11-25 02:27:52,955 [EndpointStateMachine task thread for /0.0.0.0:38213 - 0 ] INFO  server.RaftServer (RaftServerProxy.java:lambda$start$5(374)) - e244018c-c6e8-4e9d-8a67-72ce71f64a2e: start RPC server
2021-11-25 02:27:52,960 [EndpointStateMachine task thread for /0.0.0.0:38213 - 0 ] INFO  server.GrpcService (GrpcService.java:startImpl(253)) - e244018c-c6e8-4e9d-8a67-72ce71f64a2e: GrpcService started, listening on 35819
2021-11-25 02:27:52,976 [EndpointStateMachine task thread for /0.0.0.0:38213 - 0 ] INFO  ratis.XceiverServerRatis (XceiverServerRatis.java:getRealPort(505)) - XceiverServerRatis e244018c-c6e8-4e9d-8a67-72ce71f64a2e is started using port 35819 for RATIS
2021-11-25 02:27:52,977 [EndpointStateMachine task thread for /0.0.0.0:38213 - 0 ] INFO  ratis.XceiverServerRatis (XceiverServerRatis.java:getRealPort(505)) - XceiverServerRatis e244018c-c6e8-4e9d-8a67-72ce71f64a2e is started using port 35819 for RATIS_ADMIN
2021-11-25 02:27:52,977 [EndpointStateMachine task thread for /0.0.0.0:38213 - 0 ] INFO  ratis.XceiverServerRatis (XceiverServerRatis.java:getRealPort(505)) - XceiverServerRatis e244018c-c6e8-4e9d-8a67-72ce71f64a2e is started using port 35819 for RATIS_SERVER
2021-11-25 02:27:52,988 [EndpointStateMachine task thread for /0.0.0.0:38213 - 0 ] INFO  server.XceiverServerGrpc (XceiverServerGrpc.java:start(135)) - XceiverServerGrpc e244018c-c6e8-4e9d-8a67-72ce71f64a2e is started using port 42747
2021-11-25 02:27:53,002 [org.apache.ratis.util.JvmPauseMonitor$$Lambda$533/113722330@494170a1] INFO  util.JvmPauseMonitor (JvmPauseMonitor.java:run(103)) - JvmPauseMonitor-e244018c-c6e8-4e9d-8a67-72ce71f64a2e: Started
2021-11-25 02:27:53,234 [Listener at 127.0.0.1/44827] INFO  ozone.MiniOzoneClusterImpl (MiniOzoneClusterImpl.java:lambda$waitForClusterToBeReady$0(235)) - Waiting for nodes to be ready. Got 4 of 9 DN Heartbeats.
2021-11-25 02:27:53,234 [Listener at 127.0.0.1/44827] INFO  ozone.MiniOzoneClusterImpl (MiniOzoneClusterImpl.java:lambda$waitForClusterToBeReady$0(238)) - Waiting for cluster to exit safe mode
2021-11-25 02:27:53,234 [Listener at 127.0.0.1/44827] INFO  ozone.MiniOzoneClusterImpl (MiniOzoneClusterImpl.java:lambda$waitForClusterToBeReady$0(240)) - SCM became leader
2021-11-25 02:27:53,491 [Command processor thread] INFO  server.RaftServer (RaftServerProxy.java:addNew(95)) - 7b8694ed-f626-45d7-ad92-ba79cd2bf69c: addNew group-714DC092E474:[7b8694ed-f626-45d7-ad92-ba79cd2bf69c|rpc:10.1.0.13:33171|priority:1] returns group-714DC092E474:java.util.concurrent.CompletableFuture@5df1cecf[Not completed]
2021-11-25 02:27:53,531 [pool-309-thread-1] INFO  server.RaftServer$Division (RaftServerImpl.java:<init>(184)) - 7b8694ed-f626-45d7-ad92-ba79cd2bf69c: new RaftServerImpl for group-714DC092E474:[7b8694ed-f626-45d7-ad92-ba79cd2bf69c|rpc:10.1.0.13:33171|priority:1] with ContainerStateMachine:uninitialized
2021-11-25 02:27:53,545 [pool-309-thread-1] INFO  server.RaftServerConfigKeys (ConfUtils.java:logGet(44)) - raft.server.rpc.timeout.min = 5s (custom)
2021-11-25 02:27:53,546 [pool-309-thread-1] INFO  server.RaftServerConfigKeys (ConfUtils.java:logGet(44)) - raft.server.rpc.timeout.max = 5200ms (custom)
2021-11-25 02:27:53,546 [pool-309-thread-1] INFO  server.RaftServerConfigKeys (ConfUtils.java:logGet(44)) - raft.server.rpc.sleep.time = 25ms (default)
2021-11-25 02:27:53,546 [pool-309-thread-1] INFO  server.RaftServerConfigKeys (ConfUtils.java:logGet(44)) - raft.server.rpc.slowness.timeout = 300000ms (custom)
2021-11-25 02:27:53,546 [pool-309-thread-1] INFO  server.RaftServerConfigKeys (ConfUtils.java:logGet(44)) - raft.server.leaderelection.leader.step-down.wait-time = 10s (default)
2021-11-25 02:27:53,546 [pool-309-thread-1] INFO  server.RaftServerConfigKeys (ConfUtils.java:logGet(44)) - raft.server.sleep.deviation.threshold = 300ms (default)
2021-11-25 02:27:53,546 [pool-309-thread-1] INFO  server.RaftServerConfigKeys (ConfUtils.java:logGet(44)) - raft.server.log.appender.install.snapshot.enabled = false (custom)
2021-11-25 02:27:53,546 [pool-309-thread-1] INFO  server.RaftServer$Division (ServerState.java:<init>(105)) - 7b8694ed-f626-45d7-ad92-ba79cd2bf69c@group-714DC092E474: ConfigurationManager, init=-1: [7b8694ed-f626-45d7-ad92-ba79cd2bf69c|rpc:10.1.0.13:33171|priority:1], old=null, confs=<EMPTY_MAP>
2021-11-25 02:27:53,546 [pool-309-thread-1] INFO  server.RaftServerConfigKeys (ConfUtils.java:logGet(44)) - raft.server.storage.dir = [/home/runner/work/ozone/ozone/hadoop-ozone/integration-test/target/test-dir/MiniOzoneClusterImpl-bf1a4df1-220d-4f19-a3f2-d6f00535f443/datanode-0/data/ratis] (custom)
2021-11-25 02:27:53,546 [pool-309-thread-1] INFO  server.RaftServerConfigKeys (ConfUtils.java:logGet(44)) - raft.server.log.corruption.policy = EXCEPTION (default)
2021-11-25 02:27:53,546 [pool-309-thread-1] INFO  server.RaftServerConfigKeys (ConfUtils.java:logGet(44)) - raft.server.storage.free-space.min = 0MB (=0) (default)
2021-11-25 02:27:53,547 [pool-309-thread-1] INFO  storage.RaftStorageDirectory (RaftStorageDirectoryImpl.java:analyzeStorage(135)) - The storage directory /home/runner/work/ozone/ozone/hadoop-ozone/integration-test/target/test-dir/MiniOzoneClusterImpl-bf1a4df1-220d-4f19-a3f2-d6f00535f443/datanode-0/data/ratis/613c6e4d-57c4-4797-acf3-714dc092e474 does not exist. Creating ...
2021-11-25 02:27:53,553 [pool-309-thread-1] INFO  storage.RaftStorageDirectory (RaftStorageDirectoryImpl.java:tryLock(230)) - Lock on /home/runner/work/ozone/ozone/hadoop-ozone/integration-test/target/test-dir/MiniOzoneClusterImpl-bf1a4df1-220d-4f19-a3f2-d6f00535f443/datanode-0/data/ratis/613c6e4d-57c4-4797-acf3-714dc092e474/in_use.lock acquired by nodename 2062@fv-az12-931
2021-11-25 02:27:53,558 [pool-309-thread-1] INFO  storage.RaftStorage (RaftStorageImpl.java:format(89)) - Storage directory /home/runner/work/ozone/ozone/hadoop-ozone/integration-test/target/test-dir/MiniOzoneClusterImpl-bf1a4df1-220d-4f19-a3f2-d6f00535f443/datanode-0/data/ratis/613c6e4d-57c4-4797-acf3-714dc092e474 has been successfully formatted.
2021-11-25 02:27:53,592 [pool-309-thread-1] INFO  ratis.ContainerStateMachine (ContainerStateMachine.java:loadSnapshot(224)) - group-714DC092E474: The snapshot info is null. Setting the last applied indexto:(t:0, i:~)
2021-11-25 02:27:53,593 [pool-309-thread-1] INFO  server.RaftServerConfigKeys (ConfUtils.java:logGet(44)) - raft.server.notification.no-leader.timeout = 300000ms (custom)
2021-11-25 02:27:53,593 [pool-309-thread-1] INFO  server.RaftServerConfigKeys (ConfUtils.java:logGet(44)) - raft.server.log.use.memory = false (default)
2021-11-25 02:27:53,593 [pool-309-thread-1] INFO  server.RaftServerConfigKeys (ConfUtils.java:logGet(44)) - raft.server.log.purge.gap = 1000000 (custom)
2021-11-25 02:27:53,593 [pool-309-thread-1] INFO  server.RaftServerConfigKeys (ConfUtils.java:logGet(44)) - raft.server.log.appender.buffer.byte-limit = 33554432 (custom)
2021-11-25 02:27:53,594 [EventQueue-PipelineReportForPipelineReportHandler] INFO  pipeline.PipelineManagerImpl (PipelineManagerImpl.java:openPipeline(289)) - Pipeline Pipeline[ Id: 613c6e4d-57c4-4797-acf3-714dc092e474, Nodes: 7b8694ed-f626-45d7-ad92-ba79cd2bf69c{ip: 10.1.0.13, host: fv-az12-931.exdb2aeach2ezidoxz41lk3bwg.cx.internal.cloudapp.net, ports: [REPLICATION=42223, RATIS=33171, RATIS_ADMIN=33171, RATIS_SERVER=33171, STANDALONE=39971], networkLocation: /default-rack, certSerialId: null, persistedOpState: IN_SERVICE, persistedOpStateExpiryEpochSec: 0}, ReplicationConfig: RATIS/ONE, State:ALLOCATED, leaderId:7b8694ed-f626-45d7-ad92-ba79cd2bf69c, CreationTimestamp2021-11-25T02:27:50.623Z[Etc/UTC]] moved to OPEN state
2021-11-25 02:27:53,594 [pool-309-thread-1] INFO  server.RaftServerConfigKeys (ConfUtils.java:logGet(44)) - raft.server.log.segment.size.max = 1048576 (custom)
2021-11-25 02:27:53,594 [pool-309-thread-1] INFO  server.RaftServerConfigKeys (ConfUtils.java:logGet(44)) - raft.server.log.segment.cache.num.max = 2 (custom)
2021-11-25 02:27:53,594 [pool-309-thread-1] INFO  server.RaftServerConfigKeys (ConfUtils.java:logGet(44)) - raft.server.log.segment.cache.size.max = 200MB (=209715200) (default)
2021-11-25 02:27:53,594 [pool-309-thread-1] INFO  segmented.SegmentedRaftLogWorker (SegmentedRaftLogWorker.java:<init>(182)) - new 7b8694ed-f626-45d7-ad92-ba79cd2bf69c@group-714DC092E474-SegmentedRaftLogWorker for RaftStorageImpl:Storage Directory /home/runner/work/ozone/ozone/hadoop-ozone/integration-test/target/test-dir/MiniOzoneClusterImpl-bf1a4df1-220d-4f19-a3f2-d6f00535f443/datanode-0/data/ratis/613c6e4d-57c4-4797-acf3-714dc092e474
2021-11-25 02:27:53,594 [pool-309-thread-1] INFO  server.RaftServerConfigKeys (ConfUtils.java:logGet(44)) - raft.server.log.queue.byte-limit = 2147483647 (custom)
2021-11-25 02:27:53,594 [pool-309-thread-1] INFO  server.RaftServerConfigKeys (ConfUtils.java:logGet(44)) - raft.server.log.queue.element-limit = 1024 (custom)
2021-11-25 02:27:53,594 [pool-309-thread-1] INFO  server.RaftServerConfigKeys (ConfUtils.java:logGet(44)) - raft.server.log.segment.size.max = 1048576 (custom)
2021-11-25 02:27:53,594 [pool-309-thread-1] INFO  server.RaftServerConfigKeys (ConfUtils.java:logGet(44)) - raft.server.log.preallocated.size = 16384 (custom)
2021-11-25 02:27:53,594 [pool-309-thread-1] INFO  server.RaftServerConfigKeys (ConfUtils.java:logGet(44)) - raft.server.log.force.sync.num = 128 (default)
2021-11-25 02:27:53,594 [pool-309-thread-1] INFO  server.RaftServerConfigKeys (ConfUtils.java:logGet(44)) - raft.server.log.statemachine.data.sync = true (default)
2021-11-25 02:27:53,595 [pool-309-thread-1] INFO  server.RaftServerConfigKeys (ConfUtils.java:logGet(44)) - raft.server.log.statemachine.data.sync.timeout = 10s (default)
2021-11-25 02:27:53,595 [pool-309-thread-1] INFO  server.RaftServerConfigKeys (ConfUtils.java:logGet(44)) - raft.server.log.statemachine.data.sync.timeout.retry = -1 (default)
2021-11-25 02:27:53,596 [pool-309-thread-1] INFO  server.RaftServerConfigKeys (ConfUtils.java:logGet(44)) - raft.server.log.write.buffer.size = 1048576 (custom)
2021-11-25 02:27:53,596 [pool-309-thread-1] INFO  server.RaftServerConfigKeys (ConfUtils.java:logGet(44)) - raft.server.log.statemachine.data.caching.enabled = true (custom)
2021-11-25 02:27:53,596 [pool-309-thread-1] INFO  segmented.SegmentedRaftLogWorker (SegmentedRaftLogWorker.java:lambda$new$0(133)) - 7b8694ed-f626-45d7-ad92-ba79cd2bf69c@group-714DC092E474-SegmentedRaftLogWorker: flushIndex: setUnconditionally 0 -> -1
2021-11-25 02:27:53,596 [pool-309-thread-1] INFO  segmented.SegmentedRaftLogWorker (SegmentedRaftLogWorker.java:lambda$new$0(133)) - 7b8694ed-f626-45d7-ad92-ba79cd2bf69c@group-714DC092E474-SegmentedRaftLogWorker: safeCacheEvictIndex: setUnconditionally 0 -> -1
2021-11-25 02:27:53,609 [pool-309-thread-1] INFO  server.RaftServerConfigKeys (ConfUtils.java:logGet(44)) - raft.server.snapshot.auto.trigger.enabled = true (custom)
2021-11-25 02:27:53,609 [pool-309-thread-1] INFO  server.RaftServerConfigKeys (ConfUtils.java:logGet(44)) - raft.server.snapshot.auto.trigger.threshold = 10000 (custom)
2021-11-25 02:27:53,613 [pool-309-thread-1] INFO  server.RaftServerConfigKeys (ConfUtils.java:logGet(44)) - raft.server.snapshot.retention.file.num = 5 (custom)
2021-11-25 02:27:53,613 [pool-309-thread-1] INFO  server.RaftServerConfigKeys (ConfUtils.java:logGet(44)) - raft.server.log.purge.upto.snapshot.index = false (default)
2021-11-25 02:27:53,637 [pool-309-thread-1] INFO  server.RaftServerConfigKeys (ConfUtils.java:logGet(44)) - raft.server.retrycache.expirytime = 600000ms (custom)
2021-11-25 02:27:53,637 [pool-309-thread-1] INFO  server.RaftServerConfigKeys (ConfUtils.java:logGet(44)) - raft.server.retrycache.statistics.expirytime = 100μs (default)
2021-11-25 02:27:53,639 [pool-309-thread-1] INFO  server.RaftServer$Division (RaftServerImpl.java:start(301)) - 7b8694ed-f626-45d7-ad92-ba79cd2bf69c@group-714DC092E474: start as a follower, conf=-1: [7b8694ed-f626-45d7-ad92-ba79cd2bf69c|rpc:10.1.0.13:33171|priority:1], old=null
2021-11-25 02:27:53,639 [pool-309-thread-1] INFO  server.RaftServer$Division (RaftServerImpl.java:setRole(290)) - 7b8694ed-f626-45d7-ad92-ba79cd2bf69c@group-714DC092E474: changes role from      null to FOLLOWER at term 0 for startAsFollower
2021-11-25 02:27:53,639 [pool-309-thread-1] INFO  impl.RoleInfo (RoleInfo.java:updateAndGet(130)) - 7b8694ed-f626-45d7-ad92-ba79cd2bf69c: start 7b8694ed-f626-45d7-ad92-ba79cd2bf69c@group-714DC092E474-FollowerState
2021-11-25 02:27:53,639 [pool-309-thread-1] INFO  util.JmxRegister (JmxRegister.java:tryRegister(44)) - Successfully registered JMX Bean with object name Ratis:service=RaftServer,group=group-714DC092E474,id=7b8694ed-f626-45d7-ad92-ba79cd2bf69c
2021-11-25 02:27:53,643 [Command processor thread] INFO  ratis.XceiverServerRatis (XceiverServerRatis.java:addGroup(768)) - Created group PipelineID=613c6e4d-57c4-4797-acf3-714dc092e474
2021-11-25 02:27:53,643 [Command processor thread] INFO  commandhandler.CreatePipelineCommandHandler (CreatePipelineCommandHandler.java:handle(106)) - Created Pipeline RATIS ONE PipelineID=613c6e4d-57c4-4797-acf3-714dc092e474.
2021-11-25 02:27:53,643 [Command processor thread] INFO  server.RaftServer (RaftServerProxy.java:addNew(95)) - 7b8694ed-f626-45d7-ad92-ba79cd2bf69c: addNew group-8550D68C7491:[e8e4a09d-b55f-46fb-afd1-8638ca612560|rpc:10.1.0.13:42859|priority:1, 7b8694ed-f626-45d7-ad92-ba79cd2bf69c|rpc:10.1.0.13:33171|priority:0, a8a586c2-f99e-4cfe-9d52-03ddcdbedb28|rpc:10.1.0.13:36737|priority:0] returns group-8550D68C7491:java.util.concurrent.CompletableFuture@59ce51a9[Not completed]
2021-11-25 02:27:53,644 [pool-309-thread-1] INFO  server.RaftServer$Division (RaftServerImpl.java:<init>(184)) - 7b8694ed-f626-45d7-ad92-ba79cd2bf69c: new RaftServerImpl for group-8550D68C7491:[e8e4a09d-b55f-46fb-afd1-8638ca612560|rpc:10.1.0.13:42859|priority:1, 7b8694ed-f626-45d7-ad92-ba79cd2bf69c|rpc:10.1.0.13:33171|priority:0, a8a586c2-f99e-4cfe-9d52-03ddcdbedb28|rpc:10.1.0.13:36737|priority:0] with ContainerStateMachine:uninitialized
2021-11-25 02:27:53,644 [pool-309-thread-1] INFO  server.RaftServerConfigKeys (ConfUtils.java:logGet(44)) - raft.server.rpc.timeout.min = 5s (custom)
2021-11-25 02:27:53,644 [pool-309-thread-1] INFO  server.RaftServerConfigKeys (ConfUtils.java:logGet(44)) - raft.server.rpc.timeout.max = 5200ms (custom)
2021-11-25 02:27:53,644 [pool-309-thread-1] INFO  server.RaftServerConfigKeys (ConfUtils.java:logGet(44)) - raft.server.rpc.sleep.time = 25ms (default)
2021-11-25 02:27:53,644 [pool-309-thread-1] INFO  server.RaftServerConfigKeys (ConfUtils.java:logGet(44)) - raft.server.rpc.slowness.timeout = 300000ms (custom)
2021-11-25 02:27:53,644 [pool-309-thread-1] INFO  server.RaftServerConfigKeys (ConfUtils.java:logGet(44)) - raft.server.leaderelection.leader.step-down.wait-time = 10s (default)
2021-11-25 02:27:53,644 [pool-309-thread-1] INFO  server.RaftServerConfigKeys (ConfUtils.java:logGet(44)) - raft.server.sleep.deviation.threshold = 300ms (default)
2021-11-25 02:27:53,644 [pool-309-thread-1] INFO  server.RaftServerConfigKeys (ConfUtils.java:logGet(44)) - raft.server.log.appender.install.snapshot.enabled = false (custom)
2021-11-25 02:27:53,644 [pool-309-thread-1] INFO  server.RaftServer$Division (ServerState.java:<init>(105)) - 7b8694ed-f626-45d7-ad92-ba79cd2bf69c@group-8550D68C7491: ConfigurationManager, init=-1: [e8e4a09d-b55f-46fb-afd1-8638ca612560|rpc:10.1.0.13:42859|priority:1, 7b8694ed-f626-45d7-ad92-ba79cd2bf69c|rpc:10.1.0.13:33171|priority:0, a8a586c2-f99e-4cfe-9d52-03ddcdbedb28|rpc:10.1.0.13:36737|priority:0], old=null, confs=<EMPTY_MAP>
2021-11-25 02:27:53,644 [pool-309-thread-1] INFO  server.RaftServerConfigKeys (ConfUtils.java:logGet(44)) - raft.server.storage.dir = [/home/runner/work/ozone/ozone/hadoop-ozone/integration-test/target/test-dir/MiniOzoneClusterImpl-bf1a4df1-220d-4f19-a3f2-d6f00535f443/datanode-0/data/ratis] (custom)
2021-11-25 02:27:53,644 [pool-309-thread-1] INFO  server.RaftServerConfigKeys (ConfUtils.java:logGet(44)) - raft.server.log.corruption.policy = EXCEPTION (default)
2021-11-25 02:27:53,644 [pool-309-thread-1] INFO  server.RaftServerConfigKeys (ConfUtils.java:logGet(44)) - raft.server.storage.free-space.min = 0MB (=0) (default)
2021-11-25 02:27:53,644 [pool-309-thread-1] INFO  storage.RaftStorageDirectory (RaftStorageDirectoryImpl.java:analyzeStorage(135)) - The storage directory /home/runner/work/ozone/ozone/hadoop-ozone/integration-test/target/test-dir/MiniOzoneClusterImpl-bf1a4df1-220d-4f19-a3f2-d6f00535f443/datanode-0/data/ratis/d4289eb7-cbdd-466a-ac91-8550d68c7491 does not exist. Creating ...
2021-11-25 02:27:53,646 [pool-309-thread-1] INFO  storage.RaftStorageDirectory (RaftStorageDirectoryImpl.java:tryLock(230)) - Lock on /home/runner/work/ozone/ozone/hadoop-ozone/integration-test/target/test-dir/MiniOzoneClusterImpl-bf1a4df1-220d-4f19-a3f2-d6f00535f443/datanode-0/data/ratis/d4289eb7-cbdd-466a-ac91-8550d68c7491/in_use.lock acquired by nodename 2062@fv-az12-931
2021-11-25 02:27:53,647 [IPC Server handler 5 on default port 38213] INFO  net.NetworkTopologyImpl (NetworkTopologyImpl.java:add(112)) - Added a new node: /default-rack/a77dd090-2963-4745-95fa-35573f312ffb
2021-11-25 02:27:53,647 [IPC Server handler 5 on default port 38213] INFO  node.SCMNodeManager (SCMNodeManager.java:register(389)) - Registered Data node : a77dd090-2963-4745-95fa-35573f312ffb{ip: 10.1.0.13, host: fv-az12-931.exdb2aeach2ezidoxz41lk3bwg.cx.internal.cloudapp.net, ports: [REPLICATION=35695, RATIS=36541, RATIS_ADMIN=36541, RATIS_SERVER=36541, STANDALONE=43867], networkLocation: /default-rack, certSerialId: null, persistedOpState: null, persistedOpStateExpiryEpochSec: 0}
2021-11-25 02:27:53,647 [pool-309-thread-1] INFO  storage.RaftStorage (RaftStorageImpl.java:format(89)) - Storage directory /home/runner/work/ozone/ozone/hadoop-ozone/integration-test/target/test-dir/MiniOzoneClusterImpl-bf1a4df1-220d-4f19-a3f2-d6f00535f443/datanode-0/data/ratis/d4289eb7-cbdd-466a-ac91-8550d68c7491 has been successfully formatted.
2021-11-25 02:27:53,648 [EventQueue-NewNodeForNewNodeHandler] INFO  pipeline.BackgroundPipelineCreator (BackgroundPipelineCreator.java:notifyEventTriggered(285)) - trigger a one-shot run on RatisPipelineUtilsThread.
2021-11-25 02:27:53,648 [RatisPipelineUtilsThread - 0] INFO  pipeline.RatisPipelineProvider (RatisPipelineProvider.java:lambda$create$0(183)) - Sending CreatePipelineCommand for pipeline:PipelineID=eae6cecd-c833-4b37-9e39-343f4c7f3807 to datanode:a77dd090-2963-4745-95fa-35573f312ffb
2021-11-25 02:27:53,648 [pool-309-thread-1] INFO  ratis.ContainerStateMachine (ContainerStateMachine.java:loadSnapshot(224)) - group-8550D68C7491: The snapshot info is null. Setting the last applied indexto:(t:0, i:~)
2021-11-25 02:27:53,649 [RatisPipelineUtilsThread - 0] INFO  pipeline.PipelineStateManagerImpl (PipelineStateManagerImpl.java:addPipeline(101)) - Created pipeline Pipeline[ Id: eae6cecd-c833-4b37-9e39-343f4c7f3807, Nodes: a77dd090-2963-4745-95fa-35573f312ffb{ip: 10.1.0.13, host: fv-az12-931.exdb2aeach2ezidoxz41lk3bwg.cx.internal.cloudapp.net, ports: [REPLICATION=35695, RATIS=36541, RATIS_ADMIN=36541, RATIS_SERVER=36541, STANDALONE=43867], networkLocation: /default-rack, certSerialId: null, persistedOpState: IN_SERVICE, persistedOpStateExpiryEpochSec: 0}, ReplicationConfig: RATIS/ONE, State:ALLOCATED, leaderId:, CreationTimestamp2021-11-25T02:27:53.648Z[Etc/UTC]].
2021-11-25 02:27:53,649 [pool-309-thread-1] INFO  server.RaftServerConfigKeys (ConfUtils.java:logGet(44)) - raft.server.notification.no-leader.timeout = 300000ms (custom)
2021-11-25 02:27:53,649 [pool-309-thread-1] INFO  server.RaftServerConfigKeys (ConfUtils.java:logGet(44)) - raft.server.log.use.memory = false (default)
2021-11-25 02:27:53,649 [pool-309-thread-1] INFO  server.RaftServerConfigKeys (ConfUtils.java:logGet(44)) - raft.server.log.purge.gap = 1000000 (custom)
2021-11-25 02:27:53,649 [pool-309-thread-1] INFO  server.RaftServerConfigKeys (ConfUtils.java:logGet(44)) - raft.server.log.appender.buffer.byte-limit = 33554432 (custom)
2021-11-25 02:27:53,649 [pool-309-thread-1] INFO  server.RaftServerConfigKeys (ConfUtils.java:logGet(44)) - raft.server.log.segment.size.max = 1048576 (custom)
2021-11-25 02:27:53,649 [pool-309-thread-1] INFO  server.RaftServerConfigKeys (ConfUtils.java:logGet(44)) - raft.server.log.segment.cache.num.max = 2 (custom)
2021-11-25 02:27:53,649 [pool-309-thread-1] INFO  server.RaftServerConfigKeys (ConfUtils.java:logGet(44)) - raft.server.log.segment.cache.size.max = 200MB (=209715200) (default)
2021-11-25 02:27:53,650 [pool-309-thread-1] INFO  segmented.SegmentedRaftLogWorker (SegmentedRaftLogWorker.java:<init>(182)) - new 7b8694ed-f626-45d7-ad92-ba79cd2bf69c@group-8550D68C7491-SegmentedRaftLogWorker for RaftStorageImpl:Storage Directory /home/runner/work/ozone/ozone/hadoop-ozone/integration-test/target/test-dir/MiniOzoneClusterImpl-bf1a4df1-220d-4f19-a3f2-d6f00535f443/datanode-0/data/ratis/d4289eb7-cbdd-466a-ac91-8550d68c7491
2021-11-25 02:27:53,650 [pool-309-thread-1] INFO  server.RaftServerConfigKeys (ConfUtils.java:logGet(44)) - raft.server.log.queue.byte-limit = 2147483647 (custom)
2021-11-25 02:27:53,650 [pool-309-thread-1] INFO  server.RaftServerConfigKeys (ConfUtils.java:logGet(44)) - raft.server.log.queue.element-limit = 1024 (custom)
2021-11-25 02:27:53,650 [pool-309-thread-1] INFO  server.RaftServerConfigKeys (ConfUtils.java:logGet(44)) - raft.server.log.segment.size.max = 1048576 (custom)
2021-11-25 02:27:53,650 [pool-309-thread-1] INFO  server.RaftServerConfigKeys (ConfUtils.java:logGet(44)) - raft.server.log.preallocated.size = 16384 (custom)
2021-11-25 02:27:53,650 [pool-309-thread-1] INFO  server.RaftServerConfigKeys (ConfUtils.java:logGet(44)) - raft.server.log.force.sync.num = 128 (default)
2021-11-25 02:27:53,650 [pool-309-thread-1] INFO  server.RaftServerConfigKeys (ConfUtils.java:logGet(44)) - raft.server.log.statemachine.data.sync = true (default)
2021-11-25 02:27:53,650 [pool-309-thread-1] INFO  server.RaftServerConfigKeys (ConfUtils.java:logGet(44)) - raft.server.log.statemachine.data.sync.timeout = 10s (default)
2021-11-25 02:27:53,650 [pool-309-thread-1] INFO  server.RaftServerConfigKeys (ConfUtils.java:logGet(44)) - raft.server.log.statemachine.data.sync.timeout.retry = -1 (default)
2021-11-25 02:27:53,651 [pool-309-thread-1] INFO  server.RaftServerConfigKeys (ConfUtils.java:logGet(44)) - raft.server.log.write.buffer.size = 1048576 (custom)
2021-11-25 02:27:53,652 [pool-309-thread-1] INFO  server.RaftServerConfigKeys (ConfUtils.java:logGet(44)) - raft.server.log.statemachine.data.caching.enabled = true (custom)
2021-11-25 02:27:53,652 [pool-309-thread-1] INFO  segmented.SegmentedRaftLogWorker (SegmentedRaftLogWorker.java:lambda$new$0(133)) - 7b8694ed-f626-45d7-ad92-ba79cd2bf69c@group-8550D68C7491-SegmentedRaftLogWorker: flushIndex: setUnconditionally 0 -> -1
2021-11-25 02:27:53,652 [pool-309-thread-1] INFO  segmented.SegmentedRaftLogWorker (SegmentedRaftLogWorker.java:lambda$new$0(133)) - 7b8694ed-f626-45d7-ad92-ba79cd2bf69c@group-8550D68C7491-SegmentedRaftLogWorker: safeCacheEvictIndex: setUnconditionally 0 -> -1
2021-11-25 02:27:53,653 [pool-309-thread-1] INFO  server.RaftServerConfigKeys (ConfUtils.java:logGet(44)) - raft.server.snapshot.auto.trigger.enabled = true (custom)
2021-11-25 02:27:53,653 [pool-309-thread-1] INFO  server.RaftServerConfigKeys (ConfUtils.java:logGet(44)) - raft.server.snapshot.auto.trigger.threshold = 10000 (custom)
2021-11-25 02:27:53,653 [pool-309-thread-1] INFO  server.RaftServerConfigKeys (ConfUtils.java:logGet(44)) - raft.server.snapshot.retention.file.num = 5 (custom)
2021-11-25 02:27:53,653 [pool-309-thread-1] INFO  server.RaftServerConfigKeys (ConfUtils.java:logGet(44)) - raft.server.log.purge.upto.snapshot.index = false (default)
2021-11-25 02:27:53,653 [pool-309-thread-1] INFO  server.RaftServerConfigKeys (ConfUtils.java:logGet(44)) - raft.server.retrycache.expirytime = 600000ms (custom)
2021-11-25 02:27:53,653 [pool-309-thread-1] INFO  server.RaftServerConfigKeys (ConfUtils.java:logGet(44)) - raft.server.retrycache.statistics.expirytime = 100μs (default)
2021-11-25 02:27:53,655 [pool-309-thread-1] INFO  server.RaftServer$Division (RaftServerImpl.java:start(301)) - 7b8694ed-f626-45d7-ad92-ba79cd2bf69c@group-8550D68C7491: start as a follower, conf=-1: [e8e4a09d-b55f-46fb-afd1-8638ca612560|rpc:10.1.0.13:42859|priority:1, 7b8694ed-f626-45d7-ad92-ba79cd2bf69c|rpc:10.1.0.13:33171|priority:0, a8a586c2-f99e-4cfe-9d52-03ddcdbedb28|rpc:10.1.0.13:36737|priority:0], old=null
2021-11-25 02:27:53,655 [pool-309-thread-1] INFO  server.RaftServer$Division (RaftServerImpl.java:setRole(290)) - 7b8694ed-f626-45d7-ad92-ba79cd2bf69c@group-8550D68C7491: changes role from      null to FOLLOWER at term 0 for startAsFollower
2021-11-25 02:27:53,655 [pool-309-thread-1] INFO  impl.RoleInfo (RoleInfo.java:updateAndGet(130)) - 7b8694ed-f626-45d7-ad92-ba79cd2bf69c: start 7b8694ed-f626-45d7-ad92-ba79cd2bf69c@group-8550D68C7491-FollowerState
2021-11-25 02:27:53,655 [pool-309-thread-1] INFO  util.JmxRegister (JmxRegister.java:tryRegister(44)) - Successfully registered JMX Bean with object name Ratis:service=RaftServer,group=group-8550D68C7491,id=7b8694ed-f626-45d7-ad92-ba79cd2bf69c
2021-11-25 02:27:53,656 [Command processor thread] INFO  ratis.XceiverServerRatis (XceiverServerRatis.java:addGroup(768)) - Created group PipelineID=d4289eb7-cbdd-466a-ac91-8550d68c7491
2021-11-25 02:27:53,667 [grpc-default-executor-1] INFO  server.RaftServer (RaftServerProxy.java:addNew(95)) - a8a586c2-f99e-4cfe-9d52-03ddcdbedb28: addNew group-8550D68C7491:[e8e4a09d-b55f-46fb-afd1-8638ca612560|rpc:10.1.0.13:42859|dataStream:|priority:1, 7b8694ed-f626-45d7-ad92-ba79cd2bf69c|rpc:10.1.0.13:33171|dataStream:|priority:0, a8a586c2-f99e-4cfe-9d52-03ddcdbedb28|rpc:10.1.0.13:36737|dataStream:|priority:0] returns group-8550D68C7491:java.util.concurrent.CompletableFuture@11adba4f[Not completed]
2021-11-25 02:27:53,670 [pool-328-thread-1] INFO  server.RaftServer$Division (RaftServerImpl.java:<init>(184)) - a8a586c2-f99e-4cfe-9d52-03ddcdbedb28: new RaftServerImpl for group-8550D68C7491:[e8e4a09d-b55f-46fb-afd1-8638ca612560|rpc:10.1.0.13:42859|dataStream:|priority:1, 7b8694ed-f626-45d7-ad92-ba79cd2bf69c|rpc:10.1.0.13:33171|dataStream:|priority:0, a8a586c2-f99e-4cfe-9d52-03ddcdbedb28|rpc:10.1.0.13:36737|dataStream:|priority:0] with ContainerStateMachine:uninitialized
2021-11-25 02:27:53,670 [pool-328-thread-1] INFO  server.RaftServerConfigKeys (ConfUtils.java:logGet(44)) - raft.server.rpc.timeout.min = 5s (custom)
2021-11-25 02:27:53,670 [pool-328-thread-1] INFO  server.RaftServerConfigKeys (ConfUtils.java:logGet(44)) - raft.server.rpc.timeout.max = 5200ms (custom)
2021-11-25 02:27:53,670 [pool-328-thread-1] INFO  server.RaftServerConfigKeys (ConfUtils.java:logGet(44)) - raft.server.rpc.sleep.time = 25ms (default)
2021-11-25 02:27:53,671 [pool-328-thread-1] INFO  server.RaftServerConfigKeys (ConfUtils.java:logGet(44)) - raft.server.rpc.slowness.timeout = 300000ms (custom)
2021-11-25 02:27:53,671 [pool-328-thread-1] INFO  server.RaftServerConfigKeys (ConfUtils.java:logGet(44)) - raft.server.leaderelection.leader.step-down.wait-time = 10s (default)
2021-11-25 02:27:53,671 [pool-328-thread-1] INFO  server.RaftServerConfigKeys (ConfUtils.java:logGet(44)) - raft.server.sleep.deviation.threshold = 300ms (default)
2021-11-25 02:27:53,671 [pool-328-thread-1] INFO  server.RaftServerConfigKeys (ConfUtils.java:logGet(44)) - raft.server.log.appender.install.snapshot.enabled = false (custom)
2021-11-25 02:27:53,671 [pool-328-thread-1] INFO  server.RaftServer$Division (ServerState.java:<init>(105)) - a8a586c2-f99e-4cfe-9d52-03ddcdbedb28@group-8550D68C7491: ConfigurationManager, init=-1: [e8e4a09d-b55f-46fb-afd1-8638ca612560|rpc:10.1.0.13:42859|dataStream:|priority:1, 7b8694ed-f626-45d7-ad92-ba79cd2bf69c|rpc:10.1.0.13:33171|dataStream:|priority:0, a8a586c2-f99e-4cfe-9d52-03ddcdbedb28|rpc:10.1.0.13:36737|dataStream:|priority:0], old=null, confs=<EMPTY_MAP>
2021-11-25 02:27:53,671 [pool-328-thread-1] INFO  server.RaftServerConfigKeys (ConfUtils.java:logGet(44)) - raft.server.storage.dir = [/home/runner/work/ozone/ozone/hadoop-ozone/integration-test/target/test-dir/MiniOzoneClusterImpl-bf1a4df1-220d-4f19-a3f2-d6f00535f443/datanode-1/data/ratis] (custom)
2021-11-25 02:27:53,671 [pool-328-thread-1] INFO  server.RaftServerConfigKeys (ConfUtils.java:logGet(44)) - raft.server.log.corruption.policy = EXCEPTION (default)
2021-11-25 02:27:53,671 [pool-328-thread-1] INFO  server.RaftServerConfigKeys (ConfUtils.java:logGet(44)) - raft.server.storage.free-space.min = 0MB (=0) (default)
2021-11-25 02:27:53,671 [pool-328-thread-1] INFO  storage.RaftStorageDirectory (RaftStorageDirectoryImpl.java:analyzeStorage(135)) - The storage directory /home/runner/work/ozone/ozone/hadoop-ozone/integration-test/target/test-dir/MiniOzoneClusterImpl-bf1a4df1-220d-4f19-a3f2-d6f00535f443/datanode-1/data/ratis/d4289eb7-cbdd-466a-ac91-8550d68c7491 does not exist. Creating ...
2021-11-25 02:27:53,695 [pool-328-thread-1] INFO  storage.RaftStorageDirectory (RaftStorageDirectoryImpl.java:tryLock(230)) - Lock on /home/runner/work/ozone/ozone/hadoop-ozone/integration-test/target/test-dir/MiniOzoneClusterImpl-bf1a4df1-220d-4f19-a3f2-d6f00535f443/datanode-1/data/ratis/d4289eb7-cbdd-466a-ac91-8550d68c7491/in_use.lock acquired by nodename 2062@fv-az12-931
2021-11-25 02:27:53,707 [pool-328-thread-1] INFO  storage.RaftStorage (RaftStorageImpl.java:format(89)) - Storage directory /home/runner/work/ozone/ozone/hadoop-ozone/integration-test/target/test-dir/MiniOzoneClusterImpl-bf1a4df1-220d-4f19-a3f2-d6f00535f443/datanode-1/data/ratis/d4289eb7-cbdd-466a-ac91-8550d68c7491 has been successfully formatted.
2021-11-25 02:27:53,747 [EventQueue-OpenPipelineForHealthyPipelineSafeModeRule] INFO  safemode.SCMSafeModeManager (HealthyPipelineSafeModeRule.java:process(124)) - SCM in safe mode. Healthy pipelines reported count is 0, required healthy pipeline reported count is 1
2021-11-25 02:27:53,747 [EventQueue-OpenPipelineForHealthyPipelineSafeModeRule] INFO  safemode.SCMSafeModeManager (HealthyPipelineSafeModeRule.java:process(124)) - SCM in safe mode. Healthy pipelines reported count is 0, required healthy pipeline reported count is 1
2021-11-25 02:27:53,747 [pool-328-thread-1] INFO  ratis.ContainerStateMachine (ContainerStateMachine.java:loadSnapshot(224)) - group-8550D68C7491: The snapshot info is null. Setting the last applied indexto:(t:0, i:~)
2021-11-25 02:27:53,761 [pool-328-thread-1] INFO  server.RaftServerConfigKeys (ConfUtils.java:logGet(44)) - raft.server.notification.no-leader.timeout = 300000ms (custom)
2021-11-25 02:27:53,761 [pool-328-thread-1] INFO  server.RaftServerConfigKeys (ConfUtils.java:logGet(44)) - raft.server.log.use.memory = false (default)
2021-11-25 02:27:53,762 [pool-328-thread-1] INFO  server.RaftServerConfigKeys (ConfUtils.java:logGet(44)) - raft.server.log.purge.gap = 1000000 (custom)
2021-11-25 02:27:53,762 [pool-328-thread-1] INFO  server.RaftServerConfigKeys (ConfUtils.java:logGet(44)) - raft.server.log.appender.buffer.byte-limit = 33554432 (custom)
2021-11-25 02:27:53,762 [pool-328-thread-1] INFO  server.RaftServerConfigKeys (ConfUtils.java:logGet(44)) - raft.server.log.segment.size.max = 1048576 (custom)
2021-11-25 02:27:53,762 [pool-328-thread-1] INFO  server.RaftServerConfigKeys (ConfUtils.java:logGet(44)) - raft.server.log.segment.cache.num.max = 2 (custom)
2021-11-25 02:27:53,762 [pool-328-thread-1] INFO  server.RaftServerConfigKeys (ConfUtils.java:logGet(44)) - raft.server.log.segment.cache.size.max = 200MB (=209715200) (default)
2021-11-25 02:27:53,762 [pool-328-thread-1] INFO  segmented.SegmentedRaftLogWorker (SegmentedRaftLogWorker.java:<init>(182)) - new a8a586c2-f99e-4cfe-9d52-03ddcdbedb28@group-8550D68C7491-SegmentedRaftLogWorker for RaftStorageImpl:Storage Directory /home/runner/work/ozone/ozone/hadoop-ozone/integration-test/target/test-dir/MiniOzoneClusterImpl-bf1a4df1-220d-4f19-a3f2-d6f00535f443/datanode-1/data/ratis/d4289eb7-cbdd-466a-ac91-8550d68c7491
2021-11-25 02:27:53,762 [pool-328-thread-1] INFO  server.RaftServerConfigKeys (ConfUtils.java:logGet(44)) - raft.server.log.queue.byte-limit = 2147483647 (custom)
2021-11-25 02:27:53,762 [pool-328-thread-1] INFO  server.RaftServerConfigKeys (ConfUtils.java:logGet(44)) - raft.server.log.queue.element-limit = 1024 (custom)
2021-11-25 02:27:53,762 [pool-328-thread-1] INFO  server.RaftServerConfigKeys (ConfUtils.java:logGet(44)) - raft.server.log.segment.size.max = 1048576 (custom)
2021-11-25 02:27:53,763 [pool-328-thread-1] INFO  server.RaftServerConfigKeys (ConfUtils.java:logGet(44)) - raft.server.log.preallocated.size = 16384 (custom)
2021-11-25 02:27:53,763 [pool-328-thread-1] INFO  server.RaftServerConfigKeys (ConfUtils.java:logGet(44)) - raft.server.log.force.sync.num = 128 (default)
2021-11-25 02:27:53,763 [pool-328-thread-1] INFO  server.RaftServerConfigKeys (ConfUtils.java:logGet(44)) - raft.server.log.statemachine.data.sync = true (default)
2021-11-25 02:27:53,763 [pool-328-thread-1] INFO  server.RaftServerConfigKeys (ConfUtils.java:logGet(44)) - raft.server.log.statemachine.data.sync.timeout = 10s (default)
2021-11-25 02:27:53,763 [pool-328-thread-1] INFO  server.RaftServerConfigKeys (ConfUtils.java:logGet(44)) - raft.server.log.statemachine.data.sync.timeout.retry = -1 (default)
2021-11-25 02:27:53,764 [pool-328-thread-1] INFO  server.RaftServerConfigKeys (ConfUtils.java:logGet(44)) - raft.server.log.write.buffer.size = 1048576 (custom)
2021-11-25 02:27:53,764 [pool-328-thread-1] INFO  server.RaftServerConfigKeys (ConfUtils.java:logGet(44)) - raft.server.log.statemachine.data.caching.enabled = true (custom)
2021-11-25 02:27:53,764 [pool-328-thread-1] INFO  segmented.SegmentedRaftLogWorker (SegmentedRaftLogWorker.java:lambda$new$0(133)) - a8a586c2-f99e-4cfe-9d52-03ddcdbedb28@group-8550D68C7491-SegmentedRaftLogWorker: flushIndex: setUnconditionally 0 -> -1
2021-11-25 02:27:53,764 [pool-328-thread-1] INFO  segmented.SegmentedRaftLogWorker (SegmentedRaftLogWorker.java:lambda$new$0(133)) - a8a586c2-f99e-4cfe-9d52-03ddcdbedb28@group-8550D68C7491-SegmentedRaftLogWorker: safeCacheEvictIndex: setUnconditionally 0 -> -1
2021-11-25 02:27:53,774 [pool-328-thread-1] INFO  server.RaftServerConfigKeys (ConfUtils.java:logGet(44)) - raft.server.snapshot.auto.trigger.enabled = true (custom)
2021-11-25 02:27:53,774 [pool-328-thread-1] INFO  server.RaftServerConfigKeys (ConfUtils.java:logGet(44)) - raft.server.snapshot.auto.trigger.threshold = 10000 (custom)
2021-11-25 02:27:53,774 [pool-328-thread-1] INFO  server.RaftServerConfigKeys (ConfUtils.java:logGet(44)) - raft.server.snapshot.retention.file.num = 5 (custom)
2021-11-25 02:27:53,774 [pool-328-thread-1] INFO  server.RaftServerConfigKeys (ConfUtils.java:logGet(44)) - raft.server.log.purge.upto.snapshot.index = false (default)
2021-11-25 02:27:53,775 [pool-328-thread-1] INFO  server.RaftServerConfigKeys (ConfUtils.java:logGet(44)) - raft.server.retrycache.expirytime = 600000ms (custom)
2021-11-25 02:27:53,775 [pool-328-thread-1] INFO  server.RaftServerConfigKeys (ConfUtils.java:logGet(44)) - raft.server.retrycache.statistics.expirytime = 100μs (default)
2021-11-25 02:27:53,776 [pool-328-thread-1] INFO  server.RaftServer$Division (RaftServerImpl.java:start(301)) - a8a586c2-f99e-4cfe-9d52-03ddcdbedb28@group-8550D68C7491: start as a follower, conf=-1: [e8e4a09d-b55f-46fb-afd1-8638ca612560|rpc:10.1.0.13:42859|dataStream:|priority:1, 7b8694ed-f626-45d7-ad92-ba79cd2bf69c|rpc:10.1.0.13:33171|dataStream:|priority:0, a8a586c2-f99e-4cfe-9d52-03ddcdbedb28|rpc:10.1.0.13:36737|dataStream:|priority:0], old=null
2021-11-25 02:27:53,776 [pool-328-thread-1] INFO  server.RaftServer$Division (RaftServerImpl.java:setRole(290)) - a8a586c2-f99e-4cfe-9d52-03ddcdbedb28@group-8550D68C7491: changes role from      null to FOLLOWER at term 0 for startAsFollower
2021-11-25 02:27:53,776 [pool-328-thread-1] INFO  impl.RoleInfo (RoleInfo.java:updateAndGet(130)) - a8a586c2-f99e-4cfe-9d52-03ddcdbedb28: start a8a586c2-f99e-4cfe-9d52-03ddcdbedb28@group-8550D68C7491-FollowerState
2021-11-25 02:27:53,777 [pool-328-thread-1] INFO  util.JmxRegister (JmxRegister.java:tryRegister(44)) - Successfully registered JMX Bean with object name Ratis:service=RaftServer,group=group-8550D68C7491,id=a8a586c2-f99e-4cfe-9d52-03ddcdbedb28
2021-11-25 02:27:53,923 [EndpointStateMachine task thread for /0.0.0.0:38213 - 0 ] INFO  ozoneimpl.OzoneContainer (OzoneContainer.java:start(304)) - Attempting to start container services.
2021-11-25 02:27:53,923 [EndpointStateMachine task thread for /0.0.0.0:38213 - 0 ] INFO  ozoneimpl.OzoneContainer (OzoneContainer.java:startContainerScrub(249)) - Background container scanner has been disabled.
2021-11-25 02:27:53,924 [EndpointStateMachine task thread for /0.0.0.0:38213 - 0 ] INFO  replication.ReplicationServer (ReplicationServer.java:start(107)) - ReplicationServer is started using port 45767
2021-11-25 02:27:53,931 [EndpointStateMachine task thread for /0.0.0.0:38213 - 0 ] INFO  ratis.XceiverServerRatis (XceiverServerRatis.java:start(484)) - Starting XceiverServerRatis 85323f18-cee6-4044-8995-00f3d4f90ee3
2021-11-25 02:27:53,954 [EndpointStateMachine task thread for /0.0.0.0:38213 - 0 ] INFO  server.RaftServer (RaftServerProxy.java:lambda$start$5(374)) - 85323f18-cee6-4044-8995-00f3d4f90ee3: start RPC server
2021-11-25 02:27:53,954 [EndpointStateMachine task thread for /0.0.0.0:38213 - 0 ] INFO  server.GrpcService (GrpcService.java:startImpl(253)) - 85323f18-cee6-4044-8995-00f3d4f90ee3: GrpcService started, listening on 44439
2021-11-25 02:27:53,954 [EndpointStateMachine task thread for /0.0.0.0:38213 - 0 ] INFO  ratis.XceiverServerRatis (XceiverServerRatis.java:getRealPort(505)) - XceiverServerRatis 85323f18-cee6-4044-8995-00f3d4f90ee3 is started using port 44439 for RATIS
2021-11-25 02:27:53,955 [EndpointStateMachine task thread for /0.0.0.0:38213 - 0 ] INFO  ratis.XceiverServerRatis (XceiverServerRatis.java:getRealPort(505)) - XceiverServerRatis 85323f18-cee6-4044-8995-00f3d4f90ee3 is started using port 44439 for RATIS_ADMIN
2021-11-25 02:27:53,955 [EndpointStateMachine task thread for /0.0.0.0:38213 - 0 ] INFO  ratis.XceiverServerRatis (XceiverServerRatis.java:getRealPort(505)) - XceiverServerRatis 85323f18-cee6-4044-8995-00f3d4f90ee3 is started using port 44439 for RATIS_SERVER
2021-11-25 02:27:53,955 [EndpointStateMachine task thread for /0.0.0.0:38213 - 0 ] INFO  server.XceiverServerGrpc (XceiverServerGrpc.java:start(135)) - XceiverServerGrpc 85323f18-cee6-4044-8995-00f3d4f90ee3 is started using port 46257
2021-11-25 02:27:53,985 [org.apache.ratis.util.JvmPauseMonitor$$Lambda$533/113722330@4f804565] INFO  util.JvmPauseMonitor (JvmPauseMonitor.java:run(103)) - JvmPauseMonitor-85323f18-cee6-4044-8995-00f3d4f90ee3: Started
2021-11-25 02:27:53,988 [grpc-default-executor-1] INFO  server.RaftServer (RaftServerProxy.java:addNew(95)) - e8e4a09d-b55f-46fb-afd1-8638ca612560: addNew group-8550D68C7491:[e8e4a09d-b55f-46fb-afd1-8638ca612560|rpc:10.1.0.13:42859|dataStream:|priority:1, 7b8694ed-f626-45d7-ad92-ba79cd2bf69c|rpc:10.1.0.13:33171|dataStream:|priority:0, a8a586c2-f99e-4cfe-9d52-03ddcdbedb28|rpc:10.1.0.13:36737|dataStream:|priority:0] returns group-8550D68C7491:java.util.concurrent.CompletableFuture@781c778[Not completed]
2021-11-25 02:27:53,989 [pool-347-thread-1] INFO  server.RaftServer$Division (RaftServerImpl.java:<init>(184)) - e8e4a09d-b55f-46fb-afd1-8638ca612560: new RaftServerImpl for group-8550D68C7491:[e8e4a09d-b55f-46fb-afd1-8638ca612560|rpc:10.1.0.13:42859|dataStream:|priority:1, 7b8694ed-f626-45d7-ad92-ba79cd2bf69c|rpc:10.1.0.13:33171|dataStream:|priority:0, a8a586c2-f99e-4cfe-9d52-03ddcdbedb28|rpc:10.1.0.13:36737|dataStream:|priority:0] with ContainerStateMachine:uninitialized
2021-11-25 02:27:53,991 [pool-347-thread-1] INFO  server.RaftServerConfigKeys (ConfUtils.java:logGet(44)) - raft.server.rpc.timeout.min = 5s (custom)
2021-11-25 02:27:53,991 [pool-347-thread-1] INFO  server.RaftServerConfigKeys (ConfUtils.java:logGet(44)) - raft.server.rpc.timeout.max = 5200ms (custom)
2021-11-25 02:27:53,991 [pool-347-thread-1] INFO  server.RaftServerConfigKeys (ConfUtils.java:logGet(44)) - raft.server.rpc.sleep.time = 25ms (default)
2021-11-25 02:27:53,991 [pool-347-thread-1] INFO  server.RaftServerConfigKeys (ConfUtils.java:logGet(44)) - raft.server.rpc.slowness.timeout = 300000ms (custom)
2021-11-25 02:27:53,991 [pool-347-thread-1] INFO  server.RaftServerConfigKeys (ConfUtils.java:logGet(44)) - raft.server.leaderelection.leader.step-down.wait-time = 10s (default)
2021-11-25 02:27:53,992 [pool-347-thread-1] INFO  server.RaftServerConfigKeys (ConfUtils.java:logGet(44)) - raft.server.sleep.deviation.threshold = 300ms (default)
2021-11-25 02:27:53,992 [pool-347-thread-1] INFO  server.RaftServerConfigKeys (ConfUtils.java:logGet(44)) - raft.server.log.appender.install.snapshot.enabled = false (custom)
2021-11-25 02:27:53,992 [pool-347-thread-1] INFO  server.RaftServer$Division (ServerState.java:<init>(105)) - e8e4a09d-b55f-46fb-afd1-8638ca612560@group-8550D68C7491: ConfigurationManager, init=-1: [e8e4a09d-b55f-46fb-afd1-8638ca612560|rpc:10.1.0.13:42859|dataStream:|priority:1, 7b8694ed-f626-45d7-ad92-ba79cd2bf69c|rpc:10.1.0.13:33171|dataStream:|priority:0, a8a586c2-f99e-4cfe-9d52-03ddcdbedb28|rpc:10.1.0.13:36737|dataStream:|priority:0], old=null, confs=<EMPTY_MAP>
2021-11-25 02:27:53,992 [pool-347-thread-1] INFO  server.RaftServerConfigKeys (ConfUtils.java:logGet(44)) - raft.server.storage.dir = [/home/runner/work/ozone/ozone/hadoop-ozone/integration-test/target/test-dir/MiniOzoneClusterImpl-bf1a4df1-220d-4f19-a3f2-d6f00535f443/datanode-2/data/ratis] (custom)
2021-11-25 02:27:53,992 [pool-347-thread-1] INFO  server.RaftServerConfigKeys (ConfUtils.java:logGet(44)) - raft.server.log.corruption.policy = EXCEPTION (default)
2021-11-25 02:27:53,992 [pool-347-thread-1] INFO  server.RaftServerConfigKeys (ConfUtils.java:logGet(44)) - raft.server.storage.free-space.min = 0MB (=0) (default)
2021-11-25 02:27:53,992 [pool-347-thread-1] INFO  storage.RaftStorageDirectory (RaftStorageDirectoryImpl.java:analyzeStorage(135)) - The storage directory /home/runner/work/ozone/ozone/hadoop-ozone/integration-test/target/test-dir/MiniOzoneClusterImpl-bf1a4df1-220d-4f19-a3f2-d6f00535f443/datanode-2/data/ratis/d4289eb7-cbdd-466a-ac91-8550d68c7491 does not exist. Creating ...
2021-11-25 02:27:54,022 [pool-347-thread-1] INFO  storage.RaftStorageDirectory (RaftStorageDirectoryImpl.java:tryLock(230)) - Lock on /home/runner/work/ozone/ozone/hadoop-ozone/integration-test/target/test-dir/MiniOzoneClusterImpl-bf1a4df1-220d-4f19-a3f2-d6f00535f443/datanode-2/data/ratis/d4289eb7-cbdd-466a-ac91-8550d68c7491/in_use.lock acquired by nodename 2062@fv-az12-931
2021-11-25 02:27:54,028 [pool-347-thread-1] INFO  storage.RaftStorage (RaftStorageImpl.java:format(89)) - Storage directory /home/runner/work/ozone/ozone/hadoop-ozone/integration-test/target/test-dir/MiniOzoneClusterImpl-bf1a4df1-220d-4f19-a3f2-d6f00535f443/datanode-2/data/ratis/d4289eb7-cbdd-466a-ac91-8550d68c7491 has been successfully formatted.
2021-11-25 02:27:54,038 [pool-347-thread-1] INFO  ratis.ContainerStateMachine (ContainerStateMachine.java:loadSnapshot(224)) - group-8550D68C7491: The snapshot info is null. Setting the last applied indexto:(t:0, i:~)
2021-11-25 02:27:54,057 [pool-347-thread-1] INFO  server.RaftServerConfigKeys (ConfUtils.java:logGet(44)) - raft.server.notification.no-leader.timeout = 300000ms (custom)
2021-11-25 02:27:54,058 [pool-347-thread-1] INFO  server.RaftServerConfigKeys (ConfUtils.java:logGet(44)) - raft.server.log.use.memory = false (default)
2021-11-25 02:27:54,058 [pool-347-thread-1] INFO  server.RaftServerConfigKeys (ConfUtils.java:logGet(44)) - raft.server.log.purge.gap = 1000000 (custom)
2021-11-25 02:27:54,058 [pool-347-thread-1] INFO  server.RaftServerConfigKeys (ConfUtils.java:logGet(44)) - raft.server.log.appender.buffer.byte-limit = 33554432 (custom)
2021-11-25 02:27:54,058 [pool-347-thread-1] INFO  server.RaftServerConfigKeys (ConfUtils.java:logGet(44)) - raft.server.log.segment.size.max = 1048576 (custom)
2021-11-25 02:27:54,058 [pool-347-thread-1] INFO  server.RaftServerConfigKeys (ConfUtils.java:logGet(44)) - raft.server.log.segment.cache.num.max = 2 (custom)
2021-11-25 02:27:54,058 [pool-347-thread-1] INFO  server.RaftServerConfigKeys (ConfUtils.java:logGet(44)) - raft.server.log.segment.cache.size.max = 200MB (=209715200) (default)
2021-11-25 02:27:54,058 [pool-347-thread-1] INFO  segmented.SegmentedRaftLogWorker (SegmentedRaftLogWorker.java:<init>(182)) - new e8e4a09d-b55f-46fb-afd1-8638ca612560@group-8550D68C7491-SegmentedRaftLogWorker for RaftStorageImpl:Storage Directory /home/runner/work/ozone/ozone/hadoop-ozone/integration-test/target/test-dir/MiniOzoneClusterImpl-bf1a4df1-220d-4f19-a3f2-d6f00535f443/datanode-2/data/ratis/d4289eb7-cbdd-466a-ac91-8550d68c7491
2021-11-25 02:27:54,059 [pool-347-thread-1] INFO  server.RaftServerConfigKeys (ConfUtils.java:logGet(44)) - raft.server.log.queue.byte-limit = 2147483647 (custom)
2021-11-25 02:27:54,059 [pool-347-thread-1] INFO  server.RaftServerConfigKeys (ConfUtils.java:logGet(44)) - raft.server.log.queue.element-limit = 1024 (custom)
2021-11-25 02:27:54,059 [pool-347-thread-1] INFO  server.RaftServerConfigKeys (ConfUtils.java:logGet(44)) - raft.server.log.segment.size.max = 1048576 (custom)
2021-11-25 02:27:54,059 [pool-347-thread-1] INFO  server.RaftServerConfigKeys (ConfUtils.java:logGet(44)) - raft.server.log.preallocated.size = 16384 (custom)
2021-11-25 02:27:54,059 [pool-347-thread-1] INFO  server.RaftServerConfigKeys (ConfUtils.java:logGet(44)) - raft.server.log.force.sync.num = 128 (default)
2021-11-25 02:27:54,059 [pool-347-thread-1] INFO  server.RaftServerConfigKeys (ConfUtils.java:logGet(44)) - raft.server.log.statemachine.data.sync = true (default)
2021-11-25 02:27:54,059 [pool-347-thread-1] INFO  server.RaftServerConfigKeys (ConfUtils.java:logGet(44)) - raft.server.log.statemachine.data.sync.timeout = 10s (default)
2021-11-25 02:27:54,059 [pool-347-thread-1] INFO  server.RaftServerConfigKeys (ConfUtils.java:logGet(44)) - raft.server.log.statemachine.data.sync.timeout.retry = -1 (default)
2021-11-25 02:27:54,060 [pool-347-thread-1] INFO  server.RaftServerConfigKeys (ConfUtils.java:logGet(44)) - raft.server.log.write.buffer.size = 1048576 (custom)
2021-11-25 02:27:54,060 [pool-347-thread-1] INFO  server.RaftServerConfigKeys (ConfUtils.java:logGet(44)) - raft.server.log.statemachine.data.caching.enabled = true (custom)
2021-11-25 02:27:54,061 [pool-347-thread-1] INFO  segmented.SegmentedRaftLogWorker (SegmentedRaftLogWorker.java:lambda$new$0(133)) - e8e4a09d-b55f-46fb-afd1-8638ca612560@group-8550D68C7491-SegmentedRaftLogWorker: flushIndex: setUnconditionally 0 -> -1
2021-11-25 02:27:54,061 [pool-347-thread-1] INFO  segmented.SegmentedRaftLogWorker (SegmentedRaftLogWorker.java:lambda$new$0(133)) - e8e4a09d-b55f-46fb-afd1-8638ca612560@group-8550D68C7491-SegmentedRaftLogWorker: safeCacheEvictIndex: setUnconditionally 0 -> -1
2021-11-25 02:27:54,085 [pool-347-thread-1] INFO  server.RaftServerConfigKeys (ConfUtils.java:logGet(44)) - raft.server.snapshot.auto.trigger.enabled = true (custom)
2021-11-25 02:27:54,086 [pool-347-thread-1] INFO  server.RaftServerConfigKeys (ConfUtils.java:logGet(44)) - raft.server.snapshot.auto.trigger.threshold = 10000 (custom)
2021-11-25 02:27:54,086 [pool-347-thread-1] INFO  server.RaftServerConfigKeys (ConfUtils.java:logGet(44)) - raft.server.snapshot.retention.file.num = 5 (custom)
2021-11-25 02:27:54,086 [pool-347-thread-1] INFO  server.RaftServerConfigKeys (ConfUtils.java:logGet(44)) - raft.server.log.purge.upto.snapshot.index = false (default)
2021-11-25 02:27:54,086 [pool-347-thread-1] INFO  server.RaftServerConfigKeys (ConfUtils.java:logGet(44)) - raft.server.retrycache.expirytime = 600000ms (custom)
2021-11-25 02:27:54,086 [pool-347-thread-1] INFO  server.RaftServerConfigKeys (ConfUtils.java:logGet(44)) - raft.server.retrycache.statistics.expirytime = 100μs (default)
2021-11-25 02:27:54,087 [pool-347-thread-1] INFO  server.RaftServer$Division (RaftServerImpl.java:start(301)) - e8e4a09d-b55f-46fb-afd1-8638ca612560@group-8550D68C7491: start as a follower, conf=-1: [e8e4a09d-b55f-46fb-afd1-8638ca612560|rpc:10.1.0.13:42859|dataStream:|priority:1, 7b8694ed-f626-45d7-ad92-ba79cd2bf69c|rpc:10.1.0.13:33171|dataStream:|priority:0, a8a586c2-f99e-4cfe-9d52-03ddcdbedb28|rpc:10.1.0.13:36737|dataStream:|priority:0], old=null
2021-11-25 02:27:54,087 [pool-347-thread-1] INFO  server.RaftServer$Division (RaftServerImpl.java:setRole(290)) - e8e4a09d-b55f-46fb-afd1-8638ca612560@group-8550D68C7491: changes role from      null to FOLLOWER at term 0 for startAsFollower
2021-11-25 02:27:54,087 [pool-347-thread-1] INFO  impl.RoleInfo (RoleInfo.java:updateAndGet(130)) - e8e4a09d-b55f-46fb-afd1-8638ca612560: start e8e4a09d-b55f-46fb-afd1-8638ca612560@group-8550D68C7491-FollowerState
2021-11-25 02:27:54,097 [pool-347-thread-1] INFO  util.JmxRegister (JmxRegister.java:tryRegister(44)) - Successfully registered JMX Bean with object name Ratis:service=RaftServer,group=group-8550D68C7491,id=e8e4a09d-b55f-46fb-afd1-8638ca612560
2021-11-25 02:27:54,140 [Command processor thread] INFO  commandhandler.CreatePipelineCommandHandler (CreatePipelineCommandHandler.java:handle(106)) - Created Pipeline RATIS THREE PipelineID=d4289eb7-cbdd-466a-ac91-8550d68c7491.
2021-11-25 02:27:54,146 [IPC Server handler 3 on default port 38213] INFO  net.NetworkTopologyImpl (NetworkTopologyImpl.java:add(112)) - Added a new node: /default-rack/afe6738c-795d-4ad9-911f-77efc98b0ab7
2021-11-25 02:27:54,146 [IPC Server handler 3 on default port 38213] INFO  node.SCMNodeManager (SCMNodeManager.java:register(389)) - Registered Data node : afe6738c-795d-4ad9-911f-77efc98b0ab7{ip: 10.1.0.13, host: fv-az12-931.exdb2aeach2ezidoxz41lk3bwg.cx.internal.cloudapp.net, ports: [REPLICATION=33917, RATIS=38867, RATIS_ADMIN=38867, RATIS_SERVER=38867, STANDALONE=40389], networkLocation: /default-rack, certSerialId: null, persistedOpState: null, persistedOpStateExpiryEpochSec: 0}
2021-11-25 02:27:54,147 [EventQueue-NewNodeForNewNodeHandler] INFO  pipeline.BackgroundPipelineCreator (BackgroundPipelineCreator.java:notifyEventTriggered(285)) - trigger a one-shot run on RatisPipelineUtilsThread.
2021-11-25 02:27:54,147 [RatisPipelineUtilsThread - 0] INFO  pipeline.RatisPipelineProvider (RatisPipelineProvider.java:lambda$create$0(183)) - Sending CreatePipelineCommand for pipeline:PipelineID=5a289687-df57-4218-9e2d-cd6ce24bc511 to datanode:afe6738c-795d-4ad9-911f-77efc98b0ab7
2021-11-25 02:27:54,148 [RatisPipelineUtilsThread - 0] INFO  pipeline.PipelineStateManagerImpl (PipelineStateManagerImpl.java:addPipeline(101)) - Created pipeline Pipeline[ Id: 5a289687-df57-4218-9e2d-cd6ce24bc511, Nodes: afe6738c-795d-4ad9-911f-77efc98b0ab7{ip: 10.1.0.13, host: fv-az12-931.exdb2aeach2ezidoxz41lk3bwg.cx.internal.cloudapp.net, ports: [REPLICATION=33917, RATIS=38867, RATIS_ADMIN=38867, RATIS_SERVER=38867, STANDALONE=40389], networkLocation: /default-rack, certSerialId: null, persistedOpState: IN_SERVICE, persistedOpStateExpiryEpochSec: 0}, ReplicationConfig: RATIS/ONE, State:ALLOCATED, leaderId:, CreationTimestamp2021-11-25T02:27:54.147Z[Etc/UTC]].
2021-11-25 02:27:54,148 [RatisPipelineUtilsThread - 0] INFO  pipeline.RatisPipelineProvider (RatisPipelineProvider.java:lambda$create$0(183)) - Sending CreatePipelineCommand for pipeline:PipelineID=efb5a97a-2d66-44bc-b408-58d710ec61b9 to datanode:36951ec6-8ca2-46f2-ac0d-c1eb1dc0de60
2021-11-25 02:27:54,148 [RatisPipelineUtilsThread - 0] INFO  pipeline.RatisPipelineProvider (RatisPipelineProvider.java:lambda$create$0(183)) - Sending CreatePipelineCommand for pipeline:PipelineID=efb5a97a-2d66-44bc-b408-58d710ec61b9 to datanode:afe6738c-795d-4ad9-911f-77efc98b0ab7
2021-11-25 02:27:54,148 [RatisPipelineUtilsThread - 0] INFO  pipeline.RatisPipelineProvider (RatisPipelineProvider.java:lambda$create$0(183)) - Sending CreatePipelineCommand for pipeline:PipelineID=efb5a97a-2d66-44bc-b408-58d710ec61b9 to datanode:a77dd090-2963-4745-95fa-35573f312ffb
2021-11-25 02:27:54,148 [RatisPipelineUtilsThread - 0] INFO  pipeline.PipelineStateManagerImpl (PipelineStateManagerImpl.java:addPipeline(101)) - Created pipeline Pipeline[ Id: efb5a97a-2d66-44bc-b408-58d710ec61b9, Nodes: 36951ec6-8ca2-46f2-ac0d-c1eb1dc0de60{ip: 10.1.0.13, host: fv-az12-931.exdb2aeach2ezidoxz41lk3bwg.cx.internal.cloudapp.net, ports: [REPLICATION=41733, RATIS=41073, RATIS_ADMIN=41073, RATIS_SERVER=41073, STANDALONE=36189], networkLocation: /default-rack, certSerialId: null, persistedOpState: IN_SERVICE, persistedOpStateExpiryEpochSec: 0}afe6738c-795d-4ad9-911f-77efc98b0ab7{ip: 10.1.0.13, host: fv-az12-931.exdb2aeach2ezidoxz41lk3bwg.cx.internal.cloudapp.net, ports: [REPLICATION=33917, RATIS=38867, RATIS_ADMIN=38867, RATIS_SERVER=38867, STANDALONE=40389], networkLocation: /default-rack, certSerialId: null, persistedOpState: IN_SERVICE, persistedOpStateExpiryEpochSec: 0}a77dd090-2963-4745-95fa-35573f312ffb{ip: 10.1.0.13, host: fv-az12-931.exdb2aeach2ezidoxz41lk3bwg.cx.internal.cloudapp.net, ports: [REPLICATION=35695, RATIS=36541, RATIS_ADMIN=36541, RATIS_SERVER=36541, STANDALONE=43867], networkLocation: /default-rack, certSerialId: null, persistedOpState: IN_SERVICE, persistedOpStateExpiryEpochSec: 0}, ReplicationConfig: RATIS/THREE, State:ALLOCATED, leaderId:, CreationTimestamp2021-11-25T02:27:54.148Z[Etc/UTC]].
2021-11-25 02:27:54,194 [Command processor thread] INFO  server.RaftServer (RaftServerProxy.java:addNew(95)) - a8a586c2-f99e-4cfe-9d52-03ddcdbedb28: addNew group-FD35AD8B3CA6:[a8a586c2-f99e-4cfe-9d52-03ddcdbedb28|rpc:10.1.0.13:36737|priority:1] returns group-FD35AD8B3CA6:java.util.concurrent.CompletableFuture@5726d68b[Not completed]
2021-11-25 02:27:54,194 [pool-328-thread-1] INFO  server.RaftServer$Division (RaftServerImpl.java:<init>(184)) - a8a586c2-f99e-4cfe-9d52-03ddcdbedb28: new RaftServerImpl for group-FD35AD8B3CA6:[a8a586c2-f99e-4cfe-9d52-03ddcdbedb28|rpc:10.1.0.13:36737|priority:1] with ContainerStateMachine:uninitialized
2021-11-25 02:27:54,194 [pool-328-thread-1] INFO  server.RaftServerConfigKeys (ConfUtils.java:logGet(44)) - raft.server.rpc.timeout.min = 5s (custom)
2021-11-25 02:27:54,195 [pool-328-thread-1] INFO  server.RaftServerConfigKeys (ConfUtils.java:logGet(44)) - raft.server.rpc.timeout.max = 5200ms (custom)
2021-11-25 02:27:54,195 [pool-328-thread-1] INFO  server.RaftServerConfigKeys (ConfUtils.java:logGet(44)) - raft.server.rpc.sleep.time = 25ms (default)
2021-11-25 02:27:54,195 [pool-328-thread-1] INFO  server.RaftServerConfigKeys (ConfUtils.java:logGet(44)) - raft.server.rpc.slowness.timeout = 300000ms (custom)
2021-11-25 02:27:54,195 [pool-328-thread-1] INFO  server.RaftServerConfigKeys (ConfUtils.java:logGet(44)) - raft.server.leaderelection.leader.step-down.wait-time = 10s (default)
2021-11-25 02:27:54,195 [pool-328-thread-1] INFO  server.RaftServerConfigKeys (ConfUtils.java:logGet(44)) - raft.server.sleep.deviation.threshold = 300ms (default)
2021-11-25 02:27:54,195 [pool-328-thread-1] INFO  server.RaftServerConfigKeys (ConfUtils.java:logGet(44)) - raft.server.log.appender.install.snapshot.enabled = false (custom)
2021-11-25 02:27:54,195 [pool-328-thread-1] INFO  server.RaftServer$Division (ServerState.java:<init>(105)) - a8a586c2-f99e-4cfe-9d52-03ddcdbedb28@group-FD35AD8B3CA6: ConfigurationManager, init=-1: [a8a586c2-f99e-4cfe-9d52-03ddcdbedb28|rpc:10.1.0.13:36737|priority:1], old=null, confs=<EMPTY_MAP>
2021-11-25 02:27:54,195 [pool-328-thread-1] INFO  server.RaftServerConfigKeys (ConfUtils.java:logGet(44)) - raft.server.storage.dir = [/home/runner/work/ozone/ozone/hadoop-ozone/integration-test/target/test-dir/MiniOzoneClusterImpl-bf1a4df1-220d-4f19-a3f2-d6f00535f443/datanode-1/data/ratis] (custom)
2021-11-25 02:27:54,195 [pool-328-thread-1] INFO  server.RaftServerConfigKeys (ConfUtils.java:logGet(44)) - raft.server.log.corruption.policy = EXCEPTION (default)
2021-11-25 02:27:54,195 [pool-328-thread-1] INFO  server.RaftServerConfigKeys (ConfUtils.java:logGet(44)) - raft.server.storage.free-space.min = 0MB (=0) (default)
2021-11-25 02:27:54,195 [pool-328-thread-1] INFO  storage.RaftStorageDirectory (RaftStorageDirectoryImpl.java:analyzeStorage(135)) - The storage directory /home/runner/work/ozone/ozone/hadoop-ozone/integration-test/target/test-dir/MiniOzoneClusterImpl-bf1a4df1-220d-4f19-a3f2-d6f00535f443/datanode-1/data/ratis/dfdd88c3-25de-4d41-966b-fd35ad8b3ca6 does not exist. Creating ...
2021-11-25 02:27:54,197 [pool-328-thread-1] INFO  storage.RaftStorageDirectory (RaftStorageDirectoryImpl.java:tryLock(230)) - Lock on /home/runner/work/ozone/ozone/hadoop-ozone/integration-test/target/test-dir/MiniOzoneClusterImpl-bf1a4df1-220d-4f19-a3f2-d6f00535f443/datanode-1/data/ratis/dfdd88c3-25de-4d41-966b-fd35ad8b3ca6/in_use.lock acquired by nodename 2062@fv-az12-931
2021-11-25 02:27:54,202 [pool-328-thread-1] INFO  storage.RaftStorage (RaftStorageImpl.java:format(89)) - Storage directory /home/runner/work/ozone/ozone/hadoop-ozone/integration-test/target/test-dir/MiniOzoneClusterImpl-bf1a4df1-220d-4f19-a3f2-d6f00535f443/datanode-1/data/ratis/dfdd88c3-25de-4d41-966b-fd35ad8b3ca6 has been successfully formatted.
2021-11-25 02:27:54,203 [pool-328-thread-1] INFO  ratis.ContainerStateMachine (ContainerStateMachine.java:loadSnapshot(224)) - group-FD35AD8B3CA6: The snapshot info is null. Setting the last applied indexto:(t:0, i:~)
2021-11-25 02:27:54,204 [pool-328-thread-1] INFO  server.RaftServerConfigKeys (ConfUtils.java:logGet(44)) - raft.server.notification.no-leader.timeout = 300000ms (custom)
2021-11-25 02:27:54,204 [pool-328-thread-1] INFO  server.RaftServerConfigKeys (ConfUtils.java:logGet(44)) - raft.server.log.use.memory = false (default)
2021-11-25 02:27:54,204 [pool-328-thread-1] INFO  server.RaftServerConfigKeys (ConfUtils.java:logGet(44)) - raft.server.log.purge.gap = 1000000 (custom)
2021-11-25 02:27:54,204 [EventQueue-PipelineReportForPipelineReportHandler] INFO  pipeline.PipelineManagerImpl (PipelineManagerImpl.java:openPipeline(289)) - Pipeline Pipeline[ Id: dfdd88c3-25de-4d41-966b-fd35ad8b3ca6, Nodes: a8a586c2-f99e-4cfe-9d52-03ddcdbedb28{ip: 10.1.0.13, host: fv-az12-931.exdb2aeach2ezidoxz41lk3bwg.cx.internal.cloudapp.net, ports: [REPLICATION=38601, RATIS=36737, RATIS_ADMIN=36737, RATIS_SERVER=36737, STANDALONE=38157], networkLocation: /default-rack, certSerialId: null, persistedOpState: IN_SERVICE, persistedOpStateExpiryEpochSec: 0}, ReplicationConfig: RATIS/ONE, State:ALLOCATED, leaderId:a8a586c2-f99e-4cfe-9d52-03ddcdbedb28, CreationTimestamp2021-11-25T02:27:51.219Z[Etc/UTC]] moved to OPEN state
2021-11-25 02:27:54,205 [pool-328-thread-1] INFO  server.RaftServerConfigKeys (ConfUtils.java:logGet(44)) - raft.server.log.appender.buffer.byte-limit = 33554432 (custom)
2021-11-25 02:27:54,205 [pool-328-thread-1] INFO  server.RaftServerConfigKeys (ConfUtils.java:logGet(44)) - raft.server.log.segment.size.max = 1048576 (custom)
2021-11-25 02:27:54,206 [pool-328-thread-1] INFO  server.RaftServerConfigKeys (ConfUtils.java:logGet(44)) - raft.server.log.segment.cache.num.max = 2 (custom)
2021-11-25 02:27:54,206 [pool-328-thread-1] INFO  server.RaftServerConfigKeys (ConfUtils.java:logGet(44)) - raft.server.log.segment.cache.size.max = 200MB (=209715200) (default)
2021-11-25 02:27:54,206 [pool-328-thread-1] INFO  segmented.SegmentedRaftLogWorker (SegmentedRaftLogWorker.java:<init>(182)) - new a8a586c2-f99e-4cfe-9d52-03ddcdbedb28@group-FD35AD8B3CA6-SegmentedRaftLogWorker for RaftStorageImpl:Storage Directory /home/runner/work/ozone/ozone/hadoop-ozone/integration-test/target/test-dir/MiniOzoneClusterImpl-bf1a4df1-220d-4f19-a3f2-d6f00535f443/datanode-1/data/ratis/dfdd88c3-25de-4d41-966b-fd35ad8b3ca6
2021-11-25 02:27:54,206 [pool-328-thread-1] INFO  server.RaftServerConfigKeys (ConfUtils.java:logGet(44)) - raft.server.log.queue.byte-limit = 2147483647 (custom)
2021-11-25 02:27:54,206 [pool-328-thread-1] INFO  server.RaftServerConfigKeys (ConfUtils.java:logGet(44)) - raft.server.log.queue.element-limit = 1024 (custom)
2021-11-25 02:27:54,206 [pool-328-thread-1] INFO  server.RaftServerConfigKeys (ConfUtils.java:logGet(44)) - raft.server.log.segment.size.max = 1048576 (custom)
2021-11-25 02:27:54,206 [pool-328-thread-1] INFO  server.RaftServerConfigKeys (ConfUtils.java:logGet(44)) - raft.server.log.preallocated.size = 16384 (custom)
2021-11-25 02:27:54,206 [pool-328-thread-1] INFO  server.RaftServerConfigKeys (ConfUtils.java:logGet(44)) - raft.server.log.force.sync.num = 128 (default)
2021-11-25 02:27:54,206 [pool-328-thread-1] INFO  server.RaftServerConfigKeys (ConfUtils.java:logGet(44)) - raft.server.log.statemachine.data.sync = true (default)
2021-11-25 02:27:54,206 [pool-328-thread-1] INFO  server.RaftServerConfigKeys (ConfUtils.java:logGet(44)) - raft.server.log.statemachine.data.sync.timeout = 10s (default)
2021-11-25 02:27:54,206 [pool-328-thread-1] INFO  server.RaftServerConfigKeys (ConfUtils.java:logGet(44)) - raft.server.log.statemachine.data.sync.timeout.retry = -1 (default)
2021-11-25 02:27:54,207 [EventQueue-OpenPipelineForHealthyPipelineSafeModeRule] INFO  safemode.SCMSafeModeManager (HealthyPipelineSafeModeRule.java:process(124)) - SCM in safe mode. Healthy pipelines reported count is 0, required healthy pipeline reported count is 1
2021-11-25 02:27:54,209 [pool-328-thread-1] INFO  server.RaftServerConfigKeys (ConfUtils.java:logGet(44)) - raft.server.log.write.buffer.size = 1048576 (custom)
2021-11-25 02:27:54,218 [pool-328-thread-1] INFO  server.RaftServerConfigKeys (ConfUtils.java:logGet(44)) - raft.server.log.statemachine.data.caching.enabled = true (custom)
2021-11-25 02:27:54,221 [pool-328-thread-1] INFO  segmented.SegmentedRaftLogWorker (SegmentedRaftLogWorker.java:lambda$new$0(133)) - a8a586c2-f99e-4cfe-9d52-03ddcdbedb28@group-FD35AD8B3CA6-SegmentedRaftLogWorker: flushIndex: setUnconditionally 0 -> -1
2021-11-25 02:27:54,221 [pool-328-thread-1] INFO  segmented.SegmentedRaftLogWorker (SegmentedRaftLogWorker.java:lambda$new$0(133)) - a8a586c2-f99e-4cfe-9d52-03ddcdbedb28@group-FD35AD8B3CA6-SegmentedRaftLogWorker: safeCacheEvictIndex: setUnconditionally 0 -> -1
2021-11-25 02:27:54,233 [pool-328-thread-1] INFO  server.RaftServerConfigKeys (ConfUtils.java:logGet(44)) - raft.server.snapshot.auto.trigger.enabled = true (custom)
2021-11-25 02:27:54,233 [pool-328-thread-1] INFO  server.RaftServerConfigKeys (ConfUtils.java:logGet(44)) - raft.server.snapshot.auto.trigger.threshold = 10000 (custom)
2021-11-25 02:27:54,234 [pool-328-thread-1] INFO  server.RaftServerConfigKeys (ConfUtils.java:logGet(44)) - raft.server.snapshot.retention.file.num = 5 (custom)
2021-11-25 02:27:54,234 [pool-328-thread-1] INFO  server.RaftServerConfigKeys (ConfUtils.java:logGet(44)) - raft.server.log.purge.upto.snapshot.index = false (default)
2021-11-25 02:27:54,234 [pool-328-thread-1] INFO  server.RaftServerConfigKeys (ConfUtils.java:logGet(44)) - raft.server.retrycache.expirytime = 600000ms (custom)
2021-11-25 02:27:54,234 [pool-328-thread-1] INFO  server.RaftServerConfigKeys (ConfUtils.java:logGet(44)) - raft.server.retrycache.statistics.expirytime = 100μs (default)
2021-11-25 02:27:54,235 [Listener at 127.0.0.1/44827] INFO  ozone.MiniOzoneClusterImpl (MiniOzoneClusterImpl.java:lambda$waitForClusterToBeReady$0(235)) - Waiting for nodes to be ready. Got 6 of 9 DN Heartbeats.
2021-11-25 02:27:54,235 [Listener at 127.0.0.1/44827] INFO  ozone.MiniOzoneClusterImpl (MiniOzoneClusterImpl.java:lambda$waitForClusterToBeReady$0(238)) - Waiting for cluster to exit safe mode
2021-11-25 02:27:54,235 [Listener at 127.0.0.1/44827] INFO  ozone.MiniOzoneClusterImpl (MiniOzoneClusterImpl.java:lambda$waitForClusterToBeReady$0(240)) - SCM became leader
2021-11-25 02:27:54,236 [pool-328-thread-1] INFO  server.RaftServer$Division (RaftServerImpl.java:start(301)) - a8a586c2-f99e-4cfe-9d52-03ddcdbedb28@group-FD35AD8B3CA6: start as a follower, conf=-1: [a8a586c2-f99e-4cfe-9d52-03ddcdbedb28|rpc:10.1.0.13:36737|priority:1], old=null
2021-11-25 02:27:54,236 [pool-328-thread-1] INFO  server.RaftServer$Division (RaftServerImpl.java:setRole(290)) - a8a586c2-f99e-4cfe-9d52-03ddcdbedb28@group-FD35AD8B3CA6: changes role from      null to FOLLOWER at term 0 for startAsFollower
2021-11-25 02:27:54,236 [pool-328-thread-1] INFO  impl.RoleInfo (RoleInfo.java:updateAndGet(130)) - a8a586c2-f99e-4cfe-9d52-03ddcdbedb28: start a8a586c2-f99e-4cfe-9d52-03ddcdbedb28@group-FD35AD8B3CA6-FollowerState
2021-11-25 02:27:54,249 [pool-328-thread-1] INFO  util.JmxRegister (JmxRegister.java:tryRegister(44)) - Successfully registered JMX Bean with object name Ratis:service=RaftServer,group=group-FD35AD8B3CA6,id=a8a586c2-f99e-4cfe-9d52-03ddcdbedb28
2021-11-25 02:27:54,254 [Command processor thread] INFO  ratis.XceiverServerRatis (XceiverServerRatis.java:addGroup(768)) - Created group PipelineID=dfdd88c3-25de-4d41-966b-fd35ad8b3ca6
2021-11-25 02:27:54,254 [Command processor thread] INFO  commandhandler.CreatePipelineCommandHandler (CreatePipelineCommandHandler.java:handle(106)) - Created Pipeline RATIS ONE PipelineID=dfdd88c3-25de-4d41-966b-fd35ad8b3ca6.
2021-11-25 02:27:54,305 [EndpointStateMachine task thread for /0.0.0.0:38213 - 0 ] INFO  ozoneimpl.OzoneContainer (OzoneContainer.java:start(304)) - Attempting to start container services.
2021-11-25 02:27:54,305 [EndpointStateMachine task thread for /0.0.0.0:38213 - 0 ] INFO  ozoneimpl.OzoneContainer (OzoneContainer.java:startContainerScrub(249)) - Background container scanner has been disabled.
2021-11-25 02:27:54,306 [EndpointStateMachine task thread for /0.0.0.0:38213 - 0 ] INFO  replication.ReplicationServer (ReplicationServer.java:start(107)) - ReplicationServer is started using port 40639
2021-11-25 02:27:54,322 [EndpointStateMachine task thread for /0.0.0.0:38213 - 0 ] INFO  ratis.XceiverServerRatis (XceiverServerRatis.java:start(484)) - Starting XceiverServerRatis 270b4571-6830-404f-969d-140ad9dcfc29
2021-11-25 02:27:54,391 [EndpointStateMachine task thread for /0.0.0.0:38213 - 0 ] INFO  server.RaftServer (RaftServerProxy.java:lambda$start$5(374)) - 270b4571-6830-404f-969d-140ad9dcfc29: start RPC server
2021-11-25 02:27:54,414 [EndpointStateMachine task thread for /0.0.0.0:38213 - 0 ] INFO  server.GrpcService (GrpcService.java:startImpl(253)) - 270b4571-6830-404f-969d-140ad9dcfc29: GrpcService started, listening on 46697
2021-11-25 02:27:54,414 [EndpointStateMachine task thread for /0.0.0.0:38213 - 0 ] INFO  ratis.XceiverServerRatis (XceiverServerRatis.java:getRealPort(505)) - XceiverServerRatis 270b4571-6830-404f-969d-140ad9dcfc29 is started using port 46697 for RATIS
2021-11-25 02:27:54,414 [EndpointStateMachine task thread for /0.0.0.0:38213 - 0 ] INFO  ratis.XceiverServerRatis (XceiverServerRatis.java:getRealPort(505)) - XceiverServerRatis 270b4571-6830-404f-969d-140ad9dcfc29 is started using port 46697 for RATIS_ADMIN
2021-11-25 02:27:54,414 [EndpointStateMachine task thread for /0.0.0.0:38213 - 0 ] INFO  ratis.XceiverServerRatis (XceiverServerRatis.java:getRealPort(505)) - XceiverServerRatis 270b4571-6830-404f-969d-140ad9dcfc29 is started using port 46697 for RATIS_SERVER
2021-11-25 02:27:54,414 [EndpointStateMachine task thread for /0.0.0.0:38213 - 0 ] INFO  server.XceiverServerGrpc (XceiverServerGrpc.java:start(135)) - XceiverServerGrpc 270b4571-6830-404f-969d-140ad9dcfc29 is started using port 41821
2021-11-25 02:27:54,447 [org.apache.ratis.util.JvmPauseMonitor$$Lambda$533/113722330@2c79a2c3] INFO  util.JvmPauseMonitor (JvmPauseMonitor.java:run(103)) - JvmPauseMonitor-270b4571-6830-404f-969d-140ad9dcfc29: Started
2021-11-25 02:27:54,934 [IPC Server handler 1 on default port 38213] INFO  net.NetworkTopologyImpl (NetworkTopologyImpl.java:add(112)) - Added a new node: /default-rack/e244018c-c6e8-4e9d-8a67-72ce71f64a2e
2021-11-25 02:27:54,934 [IPC Server handler 1 on default port 38213] INFO  node.SCMNodeManager (SCMNodeManager.java:register(389)) - Registered Data node : e244018c-c6e8-4e9d-8a67-72ce71f64a2e{ip: 10.1.0.13, host: fv-az12-931.exdb2aeach2ezidoxz41lk3bwg.cx.internal.cloudapp.net, ports: [REPLICATION=38039, RATIS=35819, RATIS_ADMIN=35819, RATIS_SERVER=35819, STANDALONE=42747], networkLocation: /default-rack, certSerialId: null, persistedOpState: null, persistedOpStateExpiryEpochSec: 0}
2021-11-25 02:27:54,935 [EventQueue-NewNodeForNewNodeHandler] INFO  pipeline.BackgroundPipelineCreator (BackgroundPipelineCreator.java:notifyEventTriggered(285)) - trigger a one-shot run on RatisPipelineUtilsThread.
2021-11-25 02:27:54,935 [RatisPipelineUtilsThread - 0] INFO  pipeline.RatisPipelineProvider (RatisPipelineProvider.java:lambda$create$0(183)) - Sending CreatePipelineCommand for pipeline:PipelineID=8342e067-880c-4984-89cb-c3ee588e8b9f to datanode:e244018c-c6e8-4e9d-8a67-72ce71f64a2e
2021-11-25 02:27:54,936 [RatisPipelineUtilsThread - 0] INFO  pipeline.PipelineStateManagerImpl (PipelineStateManagerImpl.java:addPipeline(101)) - Created pipeline Pipeline[ Id: 8342e067-880c-4984-89cb-c3ee588e8b9f, Nodes: e244018c-c6e8-4e9d-8a67-72ce71f64a2e{ip: 10.1.0.13, host: fv-az12-931.exdb2aeach2ezidoxz41lk3bwg.cx.internal.cloudapp.net, ports: [REPLICATION=38039, RATIS=35819, RATIS_ADMIN=35819, RATIS_SERVER=35819, STANDALONE=42747], networkLocation: /default-rack, certSerialId: null, persistedOpState: IN_SERVICE, persistedOpStateExpiryEpochSec: 0}, ReplicationConfig: RATIS/ONE, State:ALLOCATED, leaderId:, CreationTimestamp2021-11-25T02:27:54.935Z[Etc/UTC]].
2021-11-25 02:27:54,982 [Command processor thread] INFO  server.RaftServer (RaftServerProxy.java:addNew(95)) - e8e4a09d-b55f-46fb-afd1-8638ca612560: addNew group-064E13E4DC9E:[e8e4a09d-b55f-46fb-afd1-8638ca612560|rpc:10.1.0.13:42859|priority:1] returns group-064E13E4DC9E:java.util.concurrent.CompletableFuture@2cb0bc30[Not completed]
2021-11-25 02:27:54,983 [pool-347-thread-1] INFO  server.RaftServer$Division (RaftServerImpl.java:<init>(184)) - e8e4a09d-b55f-46fb-afd1-8638ca612560: new RaftServerImpl for group-064E13E4DC9E:[e8e4a09d-b55f-46fb-afd1-8638ca612560|rpc:10.1.0.13:42859|priority:1] with ContainerStateMachine:uninitialized
2021-11-25 02:27:54,983 [pool-347-thread-1] INFO  server.RaftServerConfigKeys (ConfUtils.java:logGet(44)) - raft.server.rpc.timeout.min = 5s (custom)
2021-11-25 02:27:54,983 [pool-347-thread-1] INFO  server.RaftServerConfigKeys (ConfUtils.java:logGet(44)) - raft.server.rpc.timeout.max = 5200ms (custom)
2021-11-25 02:27:54,983 [pool-347-thread-1] INFO  server.RaftServerConfigKeys (ConfUtils.java:logGet(44)) - raft.server.rpc.sleep.time = 25ms (default)
2021-11-25 02:27:54,983 [pool-347-thread-1] INFO  server.RaftServerConfigKeys (ConfUtils.java:logGet(44)) - raft.server.rpc.slowness.timeout = 300000ms (custom)
2021-11-25 02:27:54,983 [pool-347-thread-1] INFO  server.RaftServerConfigKeys (ConfUtils.java:logGet(44)) - raft.server.leaderelection.leader.step-down.wait-time = 10s (default)
2021-11-25 02:27:54,983 [pool-347-thread-1] INFO  server.RaftServerConfigKeys (ConfUtils.java:logGet(44)) - raft.server.sleep.deviation.threshold = 300ms (default)
2021-11-25 02:27:54,984 [pool-347-thread-1] INFO  server.RaftServerConfigKeys (ConfUtils.java:logGet(44)) - raft.server.log.appender.install.snapshot.enabled = false (custom)
2021-11-25 02:27:54,984 [pool-347-thread-1] INFO  server.RaftServer$Division (ServerState.java:<init>(105)) - e8e4a09d-b55f-46fb-afd1-8638ca612560@group-064E13E4DC9E: ConfigurationManager, init=-1: [e8e4a09d-b55f-46fb-afd1-8638ca612560|rpc:10.1.0.13:42859|priority:1], old=null, confs=<EMPTY_MAP>
2021-11-25 02:27:54,984 [pool-347-thread-1] INFO  server.RaftServerConfigKeys (ConfUtils.java:logGet(44)) - raft.server.storage.dir = [/home/runner/work/ozone/ozone/hadoop-ozone/integration-test/target/test-dir/MiniOzoneClusterImpl-bf1a4df1-220d-4f19-a3f2-d6f00535f443/datanode-2/data/ratis] (custom)
2021-11-25 02:27:54,984 [pool-347-thread-1] INFO  server.RaftServerConfigKeys (ConfUtils.java:logGet(44)) - raft.server.log.corruption.policy = EXCEPTION (default)
2021-11-25 02:27:54,984 [pool-347-thread-1] INFO  server.RaftServerConfigKeys (ConfUtils.java:logGet(44)) - raft.server.storage.free-space.min = 0MB (=0) (default)
2021-11-25 02:27:54,984 [pool-347-thread-1] INFO  storage.RaftStorageDirectory (RaftStorageDirectoryImpl.java:analyzeStorage(135)) - The storage directory /home/runner/work/ozone/ozone/hadoop-ozone/integration-test/target/test-dir/MiniOzoneClusterImpl-bf1a4df1-220d-4f19-a3f2-d6f00535f443/datanode-2/data/ratis/488de05d-509c-436f-b5b5-064e13e4dc9e does not exist. Creating ...
2021-11-25 02:27:54,991 [pool-347-thread-1] INFO  storage.RaftStorageDirectory (RaftStorageDirectoryImpl.java:tryLock(230)) - Lock on /home/runner/work/ozone/ozone/hadoop-ozone/integration-test/target/test-dir/MiniOzoneClusterImpl-bf1a4df1-220d-4f19-a3f2-d6f00535f443/datanode-2/data/ratis/488de05d-509c-436f-b5b5-064e13e4dc9e/in_use.lock acquired by nodename 2062@fv-az12-931
2021-11-25 02:27:54,992 [pool-347-thread-1] INFO  storage.RaftStorage (RaftStorageImpl.java:format(89)) - Storage directory /home/runner/work/ozone/ozone/hadoop-ozone/integration-test/target/test-dir/MiniOzoneClusterImpl-bf1a4df1-220d-4f19-a3f2-d6f00535f443/datanode-2/data/ratis/488de05d-509c-436f-b5b5-064e13e4dc9e has been successfully formatted.
2021-11-25 02:27:54,993 [EventQueue-PipelineReportForPipelineReportHandler] INFO  pipeline.PipelineManagerImpl (PipelineManagerImpl.java:openPipeline(289)) - Pipeline Pipeline[ Id: 488de05d-509c-436f-b5b5-064e13e4dc9e, Nodes: e8e4a09d-b55f-46fb-afd1-8638ca612560{ip: 10.1.0.13, host: fv-az12-931.exdb2aeach2ezidoxz41lk3bwg.cx.internal.cloudapp.net, ports: [REPLICATION=36327, RATIS=42859, RATIS_ADMIN=42859, RATIS_SERVER=42859, STANDALONE=40621], networkLocation: /default-rack, certSerialId: null, persistedOpState: IN_SERVICE, persistedOpStateExpiryEpochSec: 0}, ReplicationConfig: RATIS/ONE, State:ALLOCATED, leaderId:e8e4a09d-b55f-46fb-afd1-8638ca612560, CreationTimestamp2021-11-25T02:27:51.992Z[Etc/UTC]] moved to OPEN state
2021-11-25 02:27:54,994 [EventQueue-OpenPipelineForHealthyPipelineSafeModeRule] INFO  safemode.SCMSafeModeManager (HealthyPipelineSafeModeRule.java:process(124)) - SCM in safe mode. Healthy pipelines reported count is 0, required healthy pipeline reported count is 1
2021-11-25 02:27:54,995 [pool-347-thread-1] INFO  ratis.ContainerStateMachine (ContainerStateMachine.java:loadSnapshot(224)) - group-064E13E4DC9E: The snapshot info is null. Setting the last applied indexto:(t:0, i:~)
2021-11-25 02:27:54,995 [pool-347-thread-1] INFO  server.RaftServerConfigKeys (ConfUtils.java:logGet(44)) - raft.server.notification.no-leader.timeout = 300000ms (custom)
2021-11-25 02:27:54,995 [pool-347-thread-1] INFO  server.RaftServerConfigKeys (ConfUtils.java:logGet(44)) - raft.server.log.use.memory = false (default)
2021-11-25 02:27:54,995 [pool-347-thread-1] INFO  server.RaftServerConfigKeys (ConfUtils.java:logGet(44)) - raft.server.log.purge.gap = 1000000 (custom)
2021-11-25 02:27:54,995 [pool-347-thread-1] INFO  server.RaftServerConfigKeys (ConfUtils.java:logGet(44)) - raft.server.log.appender.buffer.byte-limit = 33554432 (custom)
2021-11-25 02:27:54,995 [pool-347-thread-1] INFO  server.RaftServerConfigKeys (ConfUtils.java:logGet(44)) - raft.server.log.segment.size.max = 1048576 (custom)
2021-11-25 02:27:54,996 [pool-347-thread-1] INFO  server.RaftServerConfigKeys (ConfUtils.java:logGet(44)) - raft.server.log.segment.cache.num.max = 2 (custom)
2021-11-25 02:27:54,996 [pool-347-thread-1] INFO  server.RaftServerConfigKeys (ConfUtils.java:logGet(44)) - raft.server.log.segment.cache.size.max = 200MB (=209715200) (default)
2021-11-25 02:27:54,996 [pool-347-thread-1] INFO  segmented.SegmentedRaftLogWorker (SegmentedRaftLogWorker.java:<init>(182)) - new e8e4a09d-b55f-46fb-afd1-8638ca612560@group-064E13E4DC9E-SegmentedRaftLogWorker for RaftStorageImpl:Storage Directory /home/runner/work/ozone/ozone/hadoop-ozone/integration-test/target/test-dir/MiniOzoneClusterImpl-bf1a4df1-220d-4f19-a3f2-d6f00535f443/datanode-2/data/ratis/488de05d-509c-436f-b5b5-064e13e4dc9e
2021-11-25 02:27:54,996 [pool-347-thread-1] INFO  server.RaftServerConfigKeys (ConfUtils.java:logGet(44)) - raft.server.log.queue.byte-limit = 2147483647 (custom)
2021-11-25 02:27:54,996 [pool-347-thread-1] INFO  server.RaftServerConfigKeys (ConfUtils.java:logGet(44)) - raft.server.log.queue.element-limit = 1024 (custom)
2021-11-25 02:27:54,996 [pool-347-thread-1] INFO  server.RaftServerConfigKeys (ConfUtils.java:logGet(44)) - raft.server.log.segment.size.max = 1048576 (custom)
2021-11-25 02:27:54,996 [pool-347-thread-1] INFO  server.RaftServerConfigKeys (ConfUtils.java:logGet(44)) - raft.server.log.preallocated.size = 16384 (custom)
2021-11-25 02:27:54,996 [pool-347-thread-1] INFO  server.RaftServerConfigKeys (ConfUtils.java:logGet(44)) - raft.server.log.force.sync.num = 128 (default)
2021-11-25 02:27:54,996 [pool-347-thread-1] INFO  server.RaftServerConfigKeys (ConfUtils.java:logGet(44)) - raft.server.log.statemachine.data.sync = true (default)
2021-11-25 02:27:54,996 [pool-347-thread-1] INFO  server.RaftServerConfigKeys (ConfUtils.java:logGet(44)) - raft.server.log.statemachine.data.sync.timeout = 10s (default)
2021-11-25 02:27:54,996 [pool-347-thread-1] INFO  server.RaftServerConfigKeys (ConfUtils.java:logGet(44)) - raft.server.log.statemachine.data.sync.timeout.retry = -1 (default)
2021-11-25 02:27:54,997 [pool-347-thread-1] INFO  server.RaftServerConfigKeys (ConfUtils.java:logGet(44)) - raft.server.log.write.buffer.size = 1048576 (custom)
2021-11-25 02:27:54,998 [pool-347-thread-1] INFO  server.RaftServerConfigKeys (ConfUtils.java:logGet(44)) - raft.server.log.statemachine.data.caching.enabled = true (custom)
2021-11-25 02:27:55,003 [pool-347-thread-1] INFO  segmented.SegmentedRaftLogWorker (SegmentedRaftLogWorker.java:lambda$new$0(133)) - e8e4a09d-b55f-46fb-afd1-8638ca612560@group-064E13E4DC9E-SegmentedRaftLogWorker: flushIndex: setUnconditionally 0 -> -1
2021-11-25 02:27:55,006 [pool-347-thread-1] INFO  segmented.SegmentedRaftLogWorker (SegmentedRaftLogWorker.java:lambda$new$0(133)) - e8e4a09d-b55f-46fb-afd1-8638ca612560@group-064E13E4DC9E-SegmentedRaftLogWorker: safeCacheEvictIndex: setUnconditionally 0 -> -1
2021-11-25 02:27:55,025 [pool-347-thread-1] INFO  server.RaftServerConfigKeys (ConfUtils.java:logGet(44)) - raft.server.snapshot.auto.trigger.enabled = true (custom)
2021-11-25 02:27:55,025 [pool-347-thread-1] INFO  server.RaftServerConfigKeys (ConfUtils.java:logGet(44)) - raft.server.snapshot.auto.trigger.threshold = 10000 (custom)
2021-11-25 02:27:55,026 [pool-347-thread-1] INFO  server.RaftServerConfigKeys (ConfUtils.java:logGet(44)) - raft.server.snapshot.retention.file.num = 5 (custom)
2021-11-25 02:27:55,026 [pool-347-thread-1] INFO  server.RaftServerConfigKeys (ConfUtils.java:logGet(44)) - raft.server.log.purge.upto.snapshot.index = false (default)
2021-11-25 02:27:55,026 [pool-347-thread-1] INFO  server.RaftServerConfigKeys (ConfUtils.java:logGet(44)) - raft.server.retrycache.expirytime = 600000ms (custom)
2021-11-25 02:27:55,026 [pool-347-thread-1] INFO  server.RaftServerConfigKeys (ConfUtils.java:logGet(44)) - raft.server.retrycache.statistics.expirytime = 100μs (default)
2021-11-25 02:27:55,027 [pool-347-thread-1] INFO  server.RaftServer$Division (RaftServerImpl.java:start(301)) - e8e4a09d-b55f-46fb-afd1-8638ca612560@group-064E13E4DC9E: start as a follower, conf=-1: [e8e4a09d-b55f-46fb-afd1-8638ca612560|rpc:10.1.0.13:42859|priority:1], old=null
2021-11-25 02:27:55,027 [pool-347-thread-1] INFO  server.RaftServer$Division (RaftServerImpl.java:setRole(290)) - e8e4a09d-b55f-46fb-afd1-8638ca612560@group-064E13E4DC9E: changes role from      null to FOLLOWER at term 0 for startAsFollower
2021-11-25 02:27:55,027 [pool-347-thread-1] INFO  impl.RoleInfo (RoleInfo.java:updateAndGet(130)) - e8e4a09d-b55f-46fb-afd1-8638ca612560: start e8e4a09d-b55f-46fb-afd1-8638ca612560@group-064E13E4DC9E-FollowerState
2021-11-25 02:27:55,028 [pool-347-thread-1] INFO  util.JmxRegister (JmxRegister.java:tryRegister(44)) - Successfully registered JMX Bean with object name Ratis:service=RaftServer,group=group-064E13E4DC9E,id=e8e4a09d-b55f-46fb-afd1-8638ca612560
2021-11-25 02:27:55,040 [Command processor thread] INFO  ratis.XceiverServerRatis (XceiverServerRatis.java:addGroup(768)) - Created group PipelineID=488de05d-509c-436f-b5b5-064e13e4dc9e
2021-11-25 02:27:55,040 [Command processor thread] INFO  commandhandler.CreatePipelineCommandHandler (CreatePipelineCommandHandler.java:handle(106)) - Created Pipeline RATIS ONE PipelineID=488de05d-509c-436f-b5b5-064e13e4dc9e.
2021-11-25 02:27:55,237 [Listener at 127.0.0.1/44827] INFO  ozone.MiniOzoneClusterImpl (MiniOzoneClusterImpl.java:lambda$waitForClusterToBeReady$0(235)) - Waiting for nodes to be ready. Got 7 of 9 DN Heartbeats.
2021-11-25 02:27:55,238 [Listener at 127.0.0.1/44827] INFO  ozone.MiniOzoneClusterImpl (MiniOzoneClusterImpl.java:lambda$waitForClusterToBeReady$0(238)) - Waiting for cluster to exit safe mode
2021-11-25 02:27:55,238 [Listener at 127.0.0.1/44827] INFO  ozone.MiniOzoneClusterImpl (MiniOzoneClusterImpl.java:lambda$waitForClusterToBeReady$0(240)) - SCM became leader
2021-11-25 02:27:55,682 [Command processor thread] INFO  server.RaftServer (RaftServerProxy.java:addNew(95)) - 36951ec6-8ca2-46f2-ac0d-c1eb1dc0de60: addNew group-8CDC086C1751:[36951ec6-8ca2-46f2-ac0d-c1eb1dc0de60|rpc:10.1.0.13:41073|priority:1] returns group-8CDC086C1751:java.util.concurrent.CompletableFuture@6f82d82b[Not completed]
2021-11-25 02:27:55,683 [pool-366-thread-1] INFO  server.RaftServer$Division (RaftServerImpl.java:<init>(184)) - 36951ec6-8ca2-46f2-ac0d-c1eb1dc0de60: new RaftServerImpl for group-8CDC086C1751:[36951ec6-8ca2-46f2-ac0d-c1eb1dc0de60|rpc:10.1.0.13:41073|priority:1] with ContainerStateMachine:uninitialized
2021-11-25 02:27:55,683 [pool-366-thread-1] INFO  server.RaftServerConfigKeys (ConfUtils.java:logGet(44)) - raft.server.rpc.timeout.min = 5s (custom)
2021-11-25 02:27:55,684 [pool-366-thread-1] INFO  server.RaftServerConfigKeys (ConfUtils.java:logGet(44)) - raft.server.rpc.timeout.max = 5200ms (custom)
2021-11-25 02:27:55,684 [pool-366-thread-1] INFO  server.RaftServerConfigKeys (ConfUtils.java:logGet(44)) - raft.server.rpc.sleep.time = 25ms (default)
2021-11-25 02:27:55,684 [pool-366-thread-1] INFO  server.RaftServerConfigKeys (ConfUtils.java:logGet(44)) - raft.server.rpc.slowness.timeout = 300000ms (custom)
2021-11-25 02:27:55,684 [pool-366-thread-1] INFO  server.RaftServerConfigKeys (ConfUtils.java:logGet(44)) - raft.server.leaderelection.leader.step-down.wait-time = 10s (default)
2021-11-25 02:27:55,684 [pool-366-thread-1] INFO  server.RaftServerConfigKeys (ConfUtils.java:logGet(44)) - raft.server.sleep.deviation.threshold = 300ms (default)
2021-11-25 02:27:55,684 [pool-366-thread-1] INFO  server.RaftServerConfigKeys (ConfUtils.java:logGet(44)) - raft.server.log.appender.install.snapshot.enabled = false (custom)
2021-11-25 02:27:55,684 [pool-366-thread-1] INFO  server.RaftServer$Division (ServerState.java:<init>(105)) - 36951ec6-8ca2-46f2-ac0d-c1eb1dc0de60@group-8CDC086C1751: ConfigurationManager, init=-1: [36951ec6-8ca2-46f2-ac0d-c1eb1dc0de60|rpc:10.1.0.13:41073|priority:1], old=null, confs=<EMPTY_MAP>
2021-11-25 02:27:55,684 [pool-366-thread-1] INFO  server.RaftServerConfigKeys (ConfUtils.java:logGet(44)) - raft.server.storage.dir = [/home/runner/work/ozone/ozone/hadoop-ozone/integration-test/target/test-dir/MiniOzoneClusterImpl-bf1a4df1-220d-4f19-a3f2-d6f00535f443/datanode-3/data/ratis] (custom)
2021-11-25 02:27:55,684 [pool-366-thread-1] INFO  server.RaftServerConfigKeys (ConfUtils.java:logGet(44)) - raft.server.log.corruption.policy = EXCEPTION (default)
2021-11-25 02:27:55,684 [pool-366-thread-1] INFO  server.RaftServerConfigKeys (ConfUtils.java:logGet(44)) - raft.server.storage.free-space.min = 0MB (=0) (default)
2021-11-25 02:27:55,684 [pool-366-thread-1] INFO  storage.RaftStorageDirectory (RaftStorageDirectoryImpl.java:analyzeStorage(135)) - The storage directory /home/runner/work/ozone/ozone/hadoop-ozone/integration-test/target/test-dir/MiniOzoneClusterImpl-bf1a4df1-220d-4f19-a3f2-d6f00535f443/datanode-3/data/ratis/e3e2d47c-bc47-4aee-b1a7-8cdc086c1751 does not exist. Creating ...
2021-11-25 02:27:55,697 [pool-366-thread-1] INFO  storage.RaftStorageDirectory (RaftStorageDirectoryImpl.java:tryLock(230)) - Lock on /home/runner/work/ozone/ozone/hadoop-ozone/integration-test/target/test-dir/MiniOzoneClusterImpl-bf1a4df1-220d-4f19-a3f2-d6f00535f443/datanode-3/data/ratis/e3e2d47c-bc47-4aee-b1a7-8cdc086c1751/in_use.lock acquired by nodename 2062@fv-az12-931
2021-11-25 02:27:55,714 [pool-366-thread-1] INFO  storage.RaftStorage (RaftStorageImpl.java:format(89)) - Storage directory /home/runner/work/ozone/ozone/hadoop-ozone/integration-test/target/test-dir/MiniOzoneClusterImpl-bf1a4df1-220d-4f19-a3f2-d6f00535f443/datanode-3/data/ratis/e3e2d47c-bc47-4aee-b1a7-8cdc086c1751 has been successfully formatted.
2021-11-25 02:27:55,741 [pool-366-thread-1] INFO  ratis.ContainerStateMachine (ContainerStateMachine.java:loadSnapshot(224)) - group-8CDC086C1751: The snapshot info is null. Setting the last applied indexto:(t:0, i:~)
2021-11-25 02:27:55,742 [pool-366-thread-1] INFO  server.RaftServerConfigKeys (ConfUtils.java:logGet(44)) - raft.server.notification.no-leader.timeout = 300000ms (custom)
2021-11-25 02:27:55,742 [pool-366-thread-1] INFO  server.RaftServerConfigKeys (ConfUtils.java:logGet(44)) - raft.server.log.use.memory = false (default)
2021-11-25 02:27:55,742 [pool-366-thread-1] INFO  server.RaftServerConfigKeys (ConfUtils.java:logGet(44)) - raft.server.log.purge.gap = 1000000 (custom)
2021-11-25 02:27:55,742 [EventQueue-PipelineReportForPipelineReportHandler] INFO  pipeline.PipelineManagerImpl (PipelineManagerImpl.java:openPipeline(289)) - Pipeline Pipeline[ Id: e3e2d47c-bc47-4aee-b1a7-8cdc086c1751, Nodes: 36951ec6-8ca2-46f2-ac0d-c1eb1dc0de60{ip: 10.1.0.13, host: fv-az12-931.exdb2aeach2ezidoxz41lk3bwg.cx.internal.cloudapp.net, ports: [REPLICATION=41733, RATIS=41073, RATIS_ADMIN=41073, RATIS_SERVER=41073, STANDALONE=36189], networkLocation: /default-rack, certSerialId: null, persistedOpState: IN_SERVICE, persistedOpStateExpiryEpochSec: 0}, ReplicationConfig: RATIS/ONE, State:ALLOCATED, leaderId:36951ec6-8ca2-46f2-ac0d-c1eb1dc0de60, CreationTimestamp2021-11-25T02:27:52.687Z[Etc/UTC]] moved to OPEN state
2021-11-25 02:27:55,743 [EventQueue-OpenPipelineForHealthyPipelineSafeModeRule] INFO  safemode.SCMSafeModeManager (HealthyPipelineSafeModeRule.java:process(124)) - SCM in safe mode. Healthy pipelines reported count is 0, required healthy pipeline reported count is 1
2021-11-25 02:27:55,744 [pool-366-thread-1] INFO  server.RaftServerConfigKeys (ConfUtils.java:logGet(44)) - raft.server.log.appender.buffer.byte-limit = 33554432 (custom)
2021-11-25 02:27:55,744 [pool-366-thread-1] INFO  server.RaftServerConfigKeys (ConfUtils.java:logGet(44)) - raft.server.log.segment.size.max = 1048576 (custom)
2021-11-25 02:27:55,744 [pool-366-thread-1] INFO  server.RaftServerConfigKeys (ConfUtils.java:logGet(44)) - raft.server.log.segment.cache.num.max = 2 (custom)
2021-11-25 02:27:55,744 [pool-366-thread-1] INFO  server.RaftServerConfigKeys (ConfUtils.java:logGet(44)) - raft.server.log.segment.cache.size.max = 200MB (=209715200) (default)
2021-11-25 02:27:55,744 [pool-366-thread-1] INFO  segmented.SegmentedRaftLogWorker (SegmentedRaftLogWorker.java:<init>(182)) - new 36951ec6-8ca2-46f2-ac0d-c1eb1dc0de60@group-8CDC086C1751-SegmentedRaftLogWorker for RaftStorageImpl:Storage Directory /home/runner/work/ozone/ozone/hadoop-ozone/integration-test/target/test-dir/MiniOzoneClusterImpl-bf1a4df1-220d-4f19-a3f2-d6f00535f443/datanode-3/data/ratis/e3e2d47c-bc47-4aee-b1a7-8cdc086c1751
2021-11-25 02:27:55,745 [pool-366-thread-1] INFO  server.RaftServerConfigKeys (ConfUtils.java:logGet(44)) - raft.server.log.queue.byte-limit = 2147483647 (custom)
2021-11-25 02:27:55,745 [pool-366-thread-1] INFO  server.RaftServerConfigKeys (ConfUtils.java:logGet(44)) - raft.server.log.queue.element-limit = 1024 (custom)
2021-11-25 02:27:55,745 [pool-366-thread-1] INFO  server.RaftServerConfigKeys (ConfUtils.java:logGet(44)) - raft.server.log.segment.size.max = 1048576 (custom)
2021-11-25 02:27:55,745 [pool-366-thread-1] INFO  server.RaftServerConfigKeys (ConfUtils.java:logGet(44)) - raft.server.log.preallocated.size = 16384 (custom)
2021-11-25 02:27:55,745 [pool-366-thread-1] INFO  server.RaftServerConfigKeys (ConfUtils.java:logGet(44)) - raft.server.log.force.sync.num = 128 (default)
2021-11-25 02:27:55,745 [pool-366-thread-1] INFO  server.RaftServerConfigKeys (ConfUtils.java:logGet(44)) - raft.server.log.statemachine.data.sync = true (default)
2021-11-25 02:27:55,745 [pool-366-thread-1] INFO  server.RaftServerConfigKeys (ConfUtils.java:logGet(44)) - raft.server.log.statemachine.data.sync.timeout = 10s (default)
2021-11-25 02:27:55,745 [pool-366-thread-1] INFO  server.RaftServerConfigKeys (ConfUtils.java:logGet(44)) - raft.server.log.statemachine.data.sync.timeout.retry = -1 (default)
2021-11-25 02:27:55,748 [pool-366-thread-1] INFO  server.RaftServerConfigKeys (ConfUtils.java:logGet(44)) - raft.server.log.write.buffer.size = 1048576 (custom)
2021-11-25 02:27:55,748 [pool-366-thread-1] INFO  server.RaftServerConfigKeys (ConfUtils.java:logGet(44)) - raft.server.log.statemachine.data.caching.enabled = true (custom)
2021-11-25 02:27:55,749 [pool-366-thread-1] INFO  segmented.SegmentedRaftLogWorker (SegmentedRaftLogWorker.java:lambda$new$0(133)) - 36951ec6-8ca2-46f2-ac0d-c1eb1dc0de60@group-8CDC086C1751-SegmentedRaftLogWorker: flushIndex: setUnconditionally 0 -> -1
2021-11-25 02:27:55,753 [pool-366-thread-1] INFO  segmented.SegmentedRaftLogWorker (SegmentedRaftLogWorker.java:lambda$new$0(133)) - 36951ec6-8ca2-46f2-ac0d-c1eb1dc0de60@group-8CDC086C1751-SegmentedRaftLogWorker: safeCacheEvictIndex: setUnconditionally 0 -> -1
2021-11-25 02:27:55,765 [pool-366-thread-1] INFO  server.RaftServerConfigKeys (ConfUtils.java:logGet(44)) - raft.server.snapshot.auto.trigger.enabled = true (custom)
2021-11-25 02:27:55,765 [pool-366-thread-1] INFO  server.RaftServerConfigKeys (ConfUtils.java:logGet(44)) - raft.server.snapshot.auto.trigger.threshold = 10000 (custom)
2021-11-25 02:27:55,766 [pool-366-thread-1] INFO  server.RaftServerConfigKeys (ConfUtils.java:logGet(44)) - raft.server.snapshot.retention.file.num = 5 (custom)
2021-11-25 02:27:55,766 [pool-366-thread-1] INFO  server.RaftServerConfigKeys (ConfUtils.java:logGet(44)) - raft.server.log.purge.upto.snapshot.index = false (default)
2021-11-25 02:27:55,766 [pool-366-thread-1] INFO  server.RaftServerConfigKeys (ConfUtils.java:logGet(44)) - raft.server.retrycache.expirytime = 600000ms (custom)
2021-11-25 02:27:55,766 [pool-366-thread-1] INFO  server.RaftServerConfigKeys (ConfUtils.java:logGet(44)) - raft.server.retrycache.statistics.expirytime = 100μs (default)
2021-11-25 02:27:55,767 [pool-366-thread-1] INFO  server.RaftServer$Division (RaftServerImpl.java:start(301)) - 36951ec6-8ca2-46f2-ac0d-c1eb1dc0de60@group-8CDC086C1751: start as a follower, conf=-1: [36951ec6-8ca2-46f2-ac0d-c1eb1dc0de60|rpc:10.1.0.13:41073|priority:1], old=null
2021-11-25 02:27:55,767 [pool-366-thread-1] INFO  server.RaftServer$Division (RaftServerImpl.java:setRole(290)) - 36951ec6-8ca2-46f2-ac0d-c1eb1dc0de60@group-8CDC086C1751: changes role from      null to FOLLOWER at term 0 for startAsFollower
2021-11-25 02:27:55,767 [pool-366-thread-1] INFO  impl.RoleInfo (RoleInfo.java:updateAndGet(130)) - 36951ec6-8ca2-46f2-ac0d-c1eb1dc0de60: start 36951ec6-8ca2-46f2-ac0d-c1eb1dc0de60@group-8CDC086C1751-FollowerState
2021-11-25 02:27:55,777 [pool-366-thread-1] INFO  util.JmxRegister (JmxRegister.java:tryRegister(44)) - Successfully registered JMX Bean with object name Ratis:service=RaftServer,group=group-8CDC086C1751,id=36951ec6-8ca2-46f2-ac0d-c1eb1dc0de60
2021-11-25 02:27:55,777 [Command processor thread] INFO  ratis.XceiverServerRatis (XceiverServerRatis.java:addGroup(768)) - Created group PipelineID=e3e2d47c-bc47-4aee-b1a7-8cdc086c1751
2021-11-25 02:27:55,778 [Command processor thread] INFO  commandhandler.CreatePipelineCommandHandler (CreatePipelineCommandHandler.java:handle(106)) - Created Pipeline RATIS ONE PipelineID=e3e2d47c-bc47-4aee-b1a7-8cdc086c1751.
2021-11-25 02:27:55,778 [Command processor thread] INFO  server.RaftServer (RaftServerProxy.java:addNew(95)) - 36951ec6-8ca2-46f2-ac0d-c1eb1dc0de60: addNew group-58D710EC61B9:[afe6738c-795d-4ad9-911f-77efc98b0ab7|rpc:10.1.0.13:38867|priority:1, 36951ec6-8ca2-46f2-ac0d-c1eb1dc0de60|rpc:10.1.0.13:41073|priority:0, a77dd090-2963-4745-95fa-35573f312ffb|rpc:10.1.0.13:36541|priority:0] returns group-58D710EC61B9:java.util.concurrent.CompletableFuture@6bbd4103[Not completed]
2021-11-25 02:27:55,779 [pool-366-thread-1] INFO  server.RaftServer$Division (RaftServerImpl.java:<init>(184)) - 36951ec6-8ca2-46f2-ac0d-c1eb1dc0de60: new RaftServerImpl for group-58D710EC61B9:[afe6738c-795d-4ad9-911f-77efc98b0ab7|rpc:10.1.0.13:38867|priority:1, 36951ec6-8ca2-46f2-ac0d-c1eb1dc0de60|rpc:10.1.0.13:41073|priority:0, a77dd090-2963-4745-95fa-35573f312ffb|rpc:10.1.0.13:36541|priority:0] with ContainerStateMachine:uninitialized
2021-11-25 02:27:55,779 [pool-366-thread-1] INFO  server.RaftServerConfigKeys (ConfUtils.java:logGet(44)) - raft.server.rpc.timeout.min = 5s (custom)
2021-11-25 02:27:55,779 [pool-366-thread-1] INFO  server.RaftServerConfigKeys (ConfUtils.java:logGet(44)) - raft.server.rpc.timeout.max = 5200ms (custom)
2021-11-25 02:27:55,779 [pool-366-thread-1] INFO  server.RaftServerConfigKeys (ConfUtils.java:logGet(44)) - raft.server.rpc.sleep.time = 25ms (default)
2021-11-25 02:27:55,779 [pool-366-thread-1] INFO  server.RaftServerConfigKeys (ConfUtils.java:logGet(44)) - raft.server.rpc.slowness.timeout = 300000ms (custom)
2021-11-25 02:27:55,779 [pool-366-thread-1] INFO  server.RaftServerConfigKeys (ConfUtils.java:logGet(44)) - raft.server.leaderelection.leader.step-down.wait-time = 10s (default)
2021-11-25 02:27:55,779 [pool-366-thread-1] INFO  server.RaftServerConfigKeys (ConfUtils.java:logGet(44)) - raft.server.sleep.deviation.threshold = 300ms (default)
2021-11-25 02:27:55,779 [pool-366-thread-1] INFO  server.RaftServerConfigKeys (ConfUtils.java:logGet(44)) - raft.server.log.appender.install.snapshot.enabled = false (custom)
2021-11-25 02:27:55,779 [pool-366-thread-1] INFO  server.RaftServer$Division (ServerState.java:<init>(105)) - 36951ec6-8ca2-46f2-ac0d-c1eb1dc0de60@group-58D710EC61B9: ConfigurationManager, init=-1: [afe6738c-795d-4ad9-911f-77efc98b0ab7|rpc:10.1.0.13:38867|priority:1, 36951ec6-8ca2-46f2-ac0d-c1eb1dc0de60|rpc:10.1.0.13:41073|priority:0, a77dd090-2963-4745-95fa-35573f312ffb|rpc:10.1.0.13:36541|priority:0], old=null, confs=<EMPTY_MAP>
2021-11-25 02:27:55,779 [pool-366-thread-1] INFO  server.RaftServerConfigKeys (ConfUtils.java:logGet(44)) - raft.server.storage.dir = [/home/runner/work/ozone/ozone/hadoop-ozone/integration-test/target/test-dir/MiniOzoneClusterImpl-bf1a4df1-220d-4f19-a3f2-d6f00535f443/datanode-3/data/ratis] (custom)
2021-11-25 02:27:55,779 [pool-366-thread-1] INFO  server.RaftServerConfigKeys (ConfUtils.java:logGet(44)) - raft.server.log.corruption.policy = EXCEPTION (default)
2021-11-25 02:27:55,779 [pool-366-thread-1] INFO  server.RaftServerConfigKeys (ConfUtils.java:logGet(44)) - raft.server.storage.free-space.min = 0MB (=0) (default)
2021-11-25 02:27:55,779 [pool-366-thread-1] INFO  storage.RaftStorageDirectory (RaftStorageDirectoryImpl.java:analyzeStorage(135)) - The storage directory /home/runner/work/ozone/ozone/hadoop-ozone/integration-test/target/test-dir/MiniOzoneClusterImpl-bf1a4df1-220d-4f19-a3f2-d6f00535f443/datanode-3/data/ratis/efb5a97a-2d66-44bc-b408-58d710ec61b9 does not exist. Creating ...
2021-11-25 02:27:55,785 [pool-366-thread-1] INFO  storage.RaftStorageDirectory (RaftStorageDirectoryImpl.java:tryLock(230)) - Lock on /home/runner/work/ozone/ozone/hadoop-ozone/integration-test/target/test-dir/MiniOzoneClusterImpl-bf1a4df1-220d-4f19-a3f2-d6f00535f443/datanode-3/data/ratis/efb5a97a-2d66-44bc-b408-58d710ec61b9/in_use.lock acquired by nodename 2062@fv-az12-931
2021-11-25 02:27:55,788 [IPC Server handler 11 on default port 38213] INFO  net.NetworkTopologyImpl (NetworkTopologyImpl.java:add(112)) - Added a new node: /default-rack/85323f18-cee6-4044-8995-00f3d4f90ee3
2021-11-25 02:27:55,788 [IPC Server handler 11 on default port 38213] INFO  node.SCMNodeManager (SCMNodeManager.java:register(389)) - Registered Data node : 85323f18-cee6-4044-8995-00f3d4f90ee3{ip: 10.1.0.13, host: fv-az12-931.exdb2aeach2ezidoxz41lk3bwg.cx.internal.cloudapp.net, ports: [REPLICATION=45767, RATIS=44439, RATIS_ADMIN=44439, RATIS_SERVER=44439, STANDALONE=46257], networkLocation: /default-rack, certSerialId: null, persistedOpState: null, persistedOpStateExpiryEpochSec: 0}
2021-11-25 02:27:55,788 [EventQueue-NewNodeForNewNodeHandler] INFO  pipeline.BackgroundPipelineCreator (BackgroundPipelineCreator.java:notifyEventTriggered(285)) - trigger a one-shot run on RatisPipelineUtilsThread.
2021-11-25 02:27:55,789 [RatisPipelineUtilsThread - 0] INFO  pipeline.RatisPipelineProvider (RatisPipelineProvider.java:lambda$create$0(183)) - Sending CreatePipelineCommand for pipeline:PipelineID=75a857ac-5f62-441e-b42f-eca14b6af402 to datanode:85323f18-cee6-4044-8995-00f3d4f90ee3
2021-11-25 02:27:55,789 [RatisPipelineUtilsThread - 0] INFO  pipeline.PipelineStateManagerImpl (PipelineStateManagerImpl.java:addPipeline(101)) - Created pipeline Pipeline[ Id: 75a857ac-5f62-441e-b42f-eca14b6af402, Nodes: 85323f18-cee6-4044-8995-00f3d4f90ee3{ip: 10.1.0.13, host: fv-az12-931.exdb2aeach2ezidoxz41lk3bwg.cx.internal.cloudapp.net, ports: [REPLICATION=45767, RATIS=44439, RATIS_ADMIN=44439, RATIS_SERVER=44439, STANDALONE=46257], networkLocation: /default-rack, certSerialId: null, persistedOpState: IN_SERVICE, persistedOpStateExpiryEpochSec: 0}, ReplicationConfig: RATIS/ONE, State:ALLOCATED, leaderId:, CreationTimestamp2021-11-25T02:27:55.789Z[Etc/UTC]].
2021-11-25 02:27:55,803 [pool-366-thread-1] INFO  storage.RaftStorage (RaftStorageImpl.java:format(89)) - Storage directory /home/runner/work/ozone/ozone/hadoop-ozone/integration-test/target/test-dir/MiniOzoneClusterImpl-bf1a4df1-220d-4f19-a3f2-d6f00535f443/datanode-3/data/ratis/efb5a97a-2d66-44bc-b408-58d710ec61b9 has been successfully formatted.
2021-11-25 02:27:55,805 [pool-366-thread-1] INFO  ratis.ContainerStateMachine (ContainerStateMachine.java:loadSnapshot(224)) - group-58D710EC61B9: The snapshot info is null. Setting the last applied indexto:(t:0, i:~)
2021-11-25 02:27:55,806 [pool-366-thread-1] INFO  server.RaftServerConfigKeys (ConfUtils.java:logGet(44)) - raft.server.notification.no-leader.timeout = 300000ms (custom)
2021-11-25 02:27:55,807 [pool-366-thread-1] INFO  server.RaftServerConfigKeys (ConfUtils.java:logGet(44)) - raft.server.log.use.memory = false (default)
2021-11-25 02:27:55,807 [pool-366-thread-1] INFO  server.RaftServerConfigKeys (ConfUtils.java:logGet(44)) - raft.server.log.purge.gap = 1000000 (custom)
2021-11-25 02:27:55,807 [pool-366-thread-1] INFO  server.RaftServerConfigKeys (ConfUtils.java:logGet(44)) - raft.server.log.appender.buffer.byte-limit = 33554432 (custom)
2021-11-25 02:27:55,807 [pool-366-thread-1] INFO  server.RaftServerConfigKeys (ConfUtils.java:logGet(44)) - raft.server.log.segment.size.max = 1048576 (custom)
2021-11-25 02:27:55,807 [pool-366-thread-1] INFO  server.RaftServerConfigKeys (ConfUtils.java:logGet(44)) - raft.server.log.segment.cache.num.max = 2 (custom)
2021-11-25 02:27:55,807 [pool-366-thread-1] INFO  server.RaftServerConfigKeys (ConfUtils.java:logGet(44)) - raft.server.log.segment.cache.size.max = 200MB (=209715200) (default)
2021-11-25 02:27:55,807 [pool-366-thread-1] INFO  segmented.SegmentedRaftLogWorker (SegmentedRaftLogWorker.java:<init>(182)) - new 36951ec6-8ca2-46f2-ac0d-c1eb1dc0de60@group-58D710EC61B9-SegmentedRaftLogWorker for RaftStorageImpl:Storage Directory /home/runner/work/ozone/ozone/hadoop-ozone/integration-test/target/test-dir/MiniOzoneClusterImpl-bf1a4df1-220d-4f19-a3f2-d6f00535f443/datanode-3/data/ratis/efb5a97a-2d66-44bc-b408-58d710ec61b9
2021-11-25 02:27:55,807 [pool-366-thread-1] INFO  server.RaftServerConfigKeys (ConfUtils.java:logGet(44)) - raft.server.log.queue.byte-limit = 2147483647 (custom)
2021-11-25 02:27:55,807 [pool-366-thread-1] INFO  server.RaftServerConfigKeys (ConfUtils.java:logGet(44)) - raft.server.log.queue.element-limit = 1024 (custom)
2021-11-25 02:27:55,807 [pool-366-thread-1] INFO  server.RaftServerConfigKeys (ConfUtils.java:logGet(44)) - raft.server.log.segment.size.max = 1048576 (custom)
2021-11-25 02:27:55,807 [pool-366-thread-1] INFO  server.RaftServerConfigKeys (ConfUtils.java:logGet(44)) - raft.server.log.preallocated.size = 16384 (custom)
2021-11-25 02:27:55,808 [pool-366-thread-1] INFO  server.RaftServerConfigKeys (ConfUtils.java:logGet(44)) - raft.server.log.force.sync.num = 128 (default)
2021-11-25 02:27:55,808 [pool-366-thread-1] INFO  server.RaftServerConfigKeys (ConfUtils.java:logGet(44)) - raft.server.log.statemachine.data.sync = true (default)
2021-11-25 02:27:55,808 [pool-366-thread-1] INFO  server.RaftServerConfigKeys (ConfUtils.java:logGet(44)) - raft.server.log.statemachine.data.sync.timeout = 10s (default)
2021-11-25 02:27:55,808 [pool-366-thread-1] INFO  server.RaftServerConfigKeys (ConfUtils.java:logGet(44)) - raft.server.log.statemachine.data.sync.timeout.retry = -1 (default)
2021-11-25 02:27:55,810 [pool-366-thread-1] INFO  server.RaftServerConfigKeys (ConfUtils.java:logGet(44)) - raft.server.log.write.buffer.size = 1048576 (custom)
2021-11-25 02:27:55,817 [EventQueue-OpenPipelineForHealthyPipelineSafeModeRule] INFO  safemode.SCMSafeModeManager (HealthyPipelineSafeModeRule.java:process(124)) - SCM in safe mode. Healthy pipelines reported count is 0, required healthy pipeline reported count is 1
2021-11-25 02:27:55,829 [pool-366-thread-1] INFO  server.RaftServerConfigKeys (ConfUtils.java:logGet(44)) - raft.server.log.statemachine.data.caching.enabled = true (custom)
2021-11-25 02:27:55,829 [pool-366-thread-1] INFO  segmented.SegmentedRaftLogWorker (SegmentedRaftLogWorker.java:lambda$new$0(133)) - 36951ec6-8ca2-46f2-ac0d-c1eb1dc0de60@group-58D710EC61B9-SegmentedRaftLogWorker: flushIndex: setUnconditionally 0 -> -1
2021-11-25 02:27:55,830 [pool-366-thread-1] INFO  segmented.SegmentedRaftLogWorker (SegmentedRaftLogWorker.java:lambda$new$0(133)) - 36951ec6-8ca2-46f2-ac0d-c1eb1dc0de60@group-58D710EC61B9-SegmentedRaftLogWorker: safeCacheEvictIndex: setUnconditionally 0 -> -1
2021-11-25 02:27:55,849 [pool-366-thread-1] INFO  server.RaftServerConfigKeys (ConfUtils.java:logGet(44)) - raft.server.snapshot.auto.trigger.enabled = true (custom)
2021-11-25 02:27:55,849 [pool-366-thread-1] INFO  server.RaftServerConfigKeys (ConfUtils.java:logGet(44)) - raft.server.snapshot.auto.trigger.threshold = 10000 (custom)
2021-11-25 02:27:55,849 [pool-366-thread-1] INFO  server.RaftServerConfigKeys (ConfUtils.java:logGet(44)) - raft.server.snapshot.retention.file.num = 5 (custom)
2021-11-25 02:27:55,850 [pool-366-thread-1] INFO  server.RaftServerConfigKeys (ConfUtils.java:logGet(44)) - raft.server.log.purge.upto.snapshot.index = false (default)
2021-11-25 02:27:55,850 [pool-366-thread-1] INFO  server.RaftServerConfigKeys (ConfUtils.java:logGet(44)) - raft.server.retrycache.expirytime = 600000ms (custom)
2021-11-25 02:27:55,850 [pool-366-thread-1] INFO  server.RaftServerConfigKeys (ConfUtils.java:logGet(44)) - raft.server.retrycache.statistics.expirytime = 100μs (default)
2021-11-25 02:27:55,851 [pool-366-thread-1] INFO  server.RaftServer$Division (RaftServerImpl.java:start(301)) - 36951ec6-8ca2-46f2-ac0d-c1eb1dc0de60@group-58D710EC61B9: start as a follower, conf=-1: [afe6738c-795d-4ad9-911f-77efc98b0ab7|rpc:10.1.0.13:38867|priority:1, 36951ec6-8ca2-46f2-ac0d-c1eb1dc0de60|rpc:10.1.0.13:41073|priority:0, a77dd090-2963-4745-95fa-35573f312ffb|rpc:10.1.0.13:36541|priority:0], old=null
2021-11-25 02:27:55,851 [pool-366-thread-1] INFO  server.RaftServer$Division (RaftServerImpl.java:setRole(290)) - 36951ec6-8ca2-46f2-ac0d-c1eb1dc0de60@group-58D710EC61B9: changes role from      null to FOLLOWER at term 0 for startAsFollower
2021-11-25 02:27:55,851 [pool-366-thread-1] INFO  impl.RoleInfo (RoleInfo.java:updateAndGet(130)) - 36951ec6-8ca2-46f2-ac0d-c1eb1dc0de60: start 36951ec6-8ca2-46f2-ac0d-c1eb1dc0de60@group-58D710EC61B9-FollowerState
2021-11-25 02:27:55,866 [pool-366-thread-1] INFO  util.JmxRegister (JmxRegister.java:tryRegister(44)) - Successfully registered JMX Bean with object name Ratis:service=RaftServer,group=group-58D710EC61B9,id=36951ec6-8ca2-46f2-ac0d-c1eb1dc0de60
2021-11-25 02:27:55,874 [Command processor thread] INFO  ratis.XceiverServerRatis (XceiverServerRatis.java:addGroup(768)) - Created group PipelineID=efb5a97a-2d66-44bc-b408-58d710ec61b9
2021-11-25 02:27:55,906 [grpc-default-executor-1] INFO  server.RaftServer (RaftServerProxy.java:addNew(95)) - afe6738c-795d-4ad9-911f-77efc98b0ab7: addNew group-58D710EC61B9:[afe6738c-795d-4ad9-911f-77efc98b0ab7|rpc:10.1.0.13:38867|dataStream:|priority:1, 36951ec6-8ca2-46f2-ac0d-c1eb1dc0de60|rpc:10.1.0.13:41073|dataStream:|priority:0, a77dd090-2963-4745-95fa-35573f312ffb|rpc:10.1.0.13:36541|dataStream:|priority:0] returns group-58D710EC61B9:java.util.concurrent.CompletableFuture@e1dddca[Not completed]
2021-11-25 02:27:55,919 [pool-404-thread-1] INFO  server.RaftServer$Division (RaftServerImpl.java:<init>(184)) - afe6738c-795d-4ad9-911f-77efc98b0ab7: new RaftServerImpl for group-58D710EC61B9:[afe6738c-795d-4ad9-911f-77efc98b0ab7|rpc:10.1.0.13:38867|dataStream:|priority:1, 36951ec6-8ca2-46f2-ac0d-c1eb1dc0de60|rpc:10.1.0.13:41073|dataStream:|priority:0, a77dd090-2963-4745-95fa-35573f312ffb|rpc:10.1.0.13:36541|dataStream:|priority:0] with ContainerStateMachine:uninitialized
2021-11-25 02:27:55,919 [pool-404-thread-1] INFO  server.RaftServerConfigKeys (ConfUtils.java:logGet(44)) - raft.server.rpc.timeout.min = 5s (custom)
2021-11-25 02:27:55,920 [pool-404-thread-1] INFO  server.RaftServerConfigKeys (ConfUtils.java:logGet(44)) - raft.server.rpc.timeout.max = 5200ms (custom)
2021-11-25 02:27:55,923 [pool-404-thread-1] INFO  server.RaftServerConfigKeys (ConfUtils.java:logGet(44)) - raft.server.rpc.sleep.time = 25ms (default)
2021-11-25 02:27:55,923 [pool-404-thread-1] INFO  server.RaftServerConfigKeys (ConfUtils.java:logGet(44)) - raft.server.rpc.slowness.timeout = 300000ms (custom)
2021-11-25 02:27:55,924 [pool-404-thread-1] INFO  server.RaftServerConfigKeys (ConfUtils.java:logGet(44)) - raft.server.leaderelection.leader.step-down.wait-time = 10s (default)
2021-11-25 02:27:55,924 [pool-404-thread-1] INFO  server.RaftServerConfigKeys (ConfUtils.java:logGet(44)) - raft.server.sleep.deviation.threshold = 300ms (default)
2021-11-25 02:27:55,924 [pool-404-thread-1] INFO  server.RaftServerConfigKeys (ConfUtils.java:logGet(44)) - raft.server.log.appender.install.snapshot.enabled = false (custom)
2021-11-25 02:27:55,924 [pool-404-thread-1] INFO  server.RaftServer$Division (ServerState.java:<init>(105)) - afe6738c-795d-4ad9-911f-77efc98b0ab7@group-58D710EC61B9: ConfigurationManager, init=-1: [afe6738c-795d-4ad9-911f-77efc98b0ab7|rpc:10.1.0.13:38867|dataStream:|priority:1, 36951ec6-8ca2-46f2-ac0d-c1eb1dc0de60|rpc:10.1.0.13:41073|dataStream:|priority:0, a77dd090-2963-4745-95fa-35573f312ffb|rpc:10.1.0.13:36541|dataStream:|priority:0], old=null, confs=<EMPTY_MAP>
2021-11-25 02:27:55,924 [pool-404-thread-1] INFO  server.RaftServerConfigKeys (ConfUtils.java:logGet(44)) - raft.server.storage.dir = [/home/runner/work/ozone/ozone/hadoop-ozone/integration-test/target/test-dir/MiniOzoneClusterImpl-bf1a4df1-220d-4f19-a3f2-d6f00535f443/datanode-5/data/ratis] (custom)
2021-11-25 02:27:55,925 [pool-404-thread-1] INFO  server.RaftServerConfigKeys (ConfUtils.java:logGet(44)) - raft.server.log.corruption.policy = EXCEPTION (default)
2021-11-25 02:27:55,925 [pool-404-thread-1] INFO  server.RaftServerConfigKeys (ConfUtils.java:logGet(44)) - raft.server.storage.free-space.min = 0MB (=0) (default)
2021-11-25 02:27:55,925 [pool-404-thread-1] INFO  storage.RaftStorageDirectory (RaftStorageDirectoryImpl.java:analyzeStorage(135)) - The storage directory /home/runner/work/ozone/ozone/hadoop-ozone/integration-test/target/test-dir/MiniOzoneClusterImpl-bf1a4df1-220d-4f19-a3f2-d6f00535f443/datanode-5/data/ratis/efb5a97a-2d66-44bc-b408-58d710ec61b9 does not exist. Creating ...
2021-11-25 02:27:55,933 [pool-404-thread-1] INFO  storage.RaftStorageDirectory (RaftStorageDirectoryImpl.java:tryLock(230)) - Lock on /home/runner/work/ozone/ozone/hadoop-ozone/integration-test/target/test-dir/MiniOzoneClusterImpl-bf1a4df1-220d-4f19-a3f2-d6f00535f443/datanode-5/data/ratis/efb5a97a-2d66-44bc-b408-58d710ec61b9/in_use.lock acquired by nodename 2062@fv-az12-931
2021-11-25 02:27:55,935 [pool-404-thread-1] INFO  storage.RaftStorage (RaftStorageImpl.java:format(89)) - Storage directory /home/runner/work/ozone/ozone/hadoop-ozone/integration-test/target/test-dir/MiniOzoneClusterImpl-bf1a4df1-220d-4f19-a3f2-d6f00535f443/datanode-5/data/ratis/efb5a97a-2d66-44bc-b408-58d710ec61b9 has been successfully formatted.
2021-11-25 02:27:55,935 [pool-404-thread-1] INFO  ratis.ContainerStateMachine (ContainerStateMachine.java:loadSnapshot(224)) - group-58D710EC61B9: The snapshot info is null. Setting the last applied indexto:(t:0, i:~)
2021-11-25 02:27:55,949 [pool-404-thread-1] INFO  server.RaftServerConfigKeys (ConfUtils.java:logGet(44)) - raft.server.notification.no-leader.timeout = 300000ms (custom)
2021-11-25 02:27:55,949 [pool-404-thread-1] INFO  server.RaftServerConfigKeys (ConfUtils.java:logGet(44)) - raft.server.log.use.memory = false (default)
2021-11-25 02:27:55,949 [pool-404-thread-1] INFO  server.RaftServerConfigKeys (ConfUtils.java:logGet(44)) - raft.server.log.purge.gap = 1000000 (custom)
2021-11-25 02:27:55,949 [pool-404-thread-1] INFO  server.RaftServerConfigKeys (ConfUtils.java:logGet(44)) - raft.server.log.appender.buffer.byte-limit = 33554432 (custom)
2021-11-25 02:27:55,949 [pool-404-thread-1] INFO  server.RaftServerConfigKeys (ConfUtils.java:logGet(44)) - raft.server.log.segment.size.max = 1048576 (custom)
2021-11-25 02:27:55,950 [pool-404-thread-1] INFO  server.RaftServerConfigKeys (ConfUtils.java:logGet(44)) - raft.server.log.segment.cache.num.max = 2 (custom)
2021-11-25 02:27:55,950 [pool-404-thread-1] INFO  server.RaftServerConfigKeys (ConfUtils.java:logGet(44)) - raft.server.log.segment.cache.size.max = 200MB (=209715200) (default)
2021-11-25 02:27:55,950 [pool-404-thread-1] INFO  segmented.SegmentedRaftLogWorker (SegmentedRaftLogWorker.java:<init>(182)) - new afe6738c-795d-4ad9-911f-77efc98b0ab7@group-58D710EC61B9-SegmentedRaftLogWorker for RaftStorageImpl:Storage Directory /home/runner/work/ozone/ozone/hadoop-ozone/integration-test/target/test-dir/MiniOzoneClusterImpl-bf1a4df1-220d-4f19-a3f2-d6f00535f443/datanode-5/data/ratis/efb5a97a-2d66-44bc-b408-58d710ec61b9
2021-11-25 02:27:55,950 [pool-404-thread-1] INFO  server.RaftServerConfigKeys (ConfUtils.java:logGet(44)) - raft.server.log.queue.byte-limit = 2147483647 (custom)
2021-11-25 02:27:55,950 [pool-404-thread-1] INFO  server.RaftServerConfigKeys (ConfUtils.java:logGet(44)) - raft.server.log.queue.element-limit = 1024 (custom)
2021-11-25 02:27:55,950 [pool-404-thread-1] INFO  server.RaftServerConfigKeys (ConfUtils.java:logGet(44)) - raft.server.log.segment.size.max = 1048576 (custom)
2021-11-25 02:27:55,950 [pool-404-thread-1] INFO  server.RaftServerConfigKeys (ConfUtils.java:logGet(44)) - raft.server.log.preallocated.size = 16384 (custom)
2021-11-25 02:27:55,950 [pool-404-thread-1] INFO  server.RaftServerConfigKeys (ConfUtils.java:logGet(44)) - raft.server.log.force.sync.num = 128 (default)
2021-11-25 02:27:55,950 [pool-404-thread-1] INFO  server.RaftServerConfigKeys (ConfUtils.java:logGet(44)) - raft.server.log.statemachine.data.sync = true (default)
2021-11-25 02:27:55,950 [pool-404-thread-1] INFO  server.RaftServerConfigKeys (ConfUtils.java:logGet(44)) - raft.server.log.statemachine.data.sync.timeout = 10s (default)
2021-11-25 02:27:55,950 [pool-404-thread-1] INFO  server.RaftServerConfigKeys (ConfUtils.java:logGet(44)) - raft.server.log.statemachine.data.sync.timeout.retry = -1 (default)
2021-11-25 02:27:55,951 [pool-404-thread-1] INFO  server.RaftServerConfigKeys (ConfUtils.java:logGet(44)) - raft.server.log.write.buffer.size = 1048576 (custom)
2021-11-25 02:27:55,952 [pool-404-thread-1] INFO  server.RaftServerConfigKeys (ConfUtils.java:logGet(44)) - raft.server.log.statemachine.data.caching.enabled = true (custom)
2021-11-25 02:27:55,952 [pool-404-thread-1] INFO  segmented.SegmentedRaftLogWorker (SegmentedRaftLogWorker.java:lambda$new$0(133)) - afe6738c-795d-4ad9-911f-77efc98b0ab7@group-58D710EC61B9-SegmentedRaftLogWorker: flushIndex: setUnconditionally 0 -> -1
2021-11-25 02:27:55,952 [pool-404-thread-1] INFO  segmented.SegmentedRaftLogWorker (SegmentedRaftLogWorker.java:lambda$new$0(133)) - afe6738c-795d-4ad9-911f-77efc98b0ab7@group-58D710EC61B9-SegmentedRaftLogWorker: safeCacheEvictIndex: setUnconditionally 0 -> -1
2021-11-25 02:27:55,961 [pool-404-thread-1] INFO  server.RaftServerConfigKeys (ConfUtils.java:logGet(44)) - raft.server.snapshot.auto.trigger.enabled = true (custom)
2021-11-25 02:27:55,961 [pool-404-thread-1] INFO  server.RaftServerConfigKeys (ConfUtils.java:logGet(44)) - raft.server.snapshot.auto.trigger.threshold = 10000 (custom)
2021-11-25 02:27:55,962 [pool-404-thread-1] INFO  server.RaftServerConfigKeys (ConfUtils.java:logGet(44)) - raft.server.snapshot.retention.file.num = 5 (custom)
2021-11-25 02:27:55,962 [pool-404-thread-1] INFO  server.RaftServerConfigKeys (ConfUtils.java:logGet(44)) - raft.server.log.purge.upto.snapshot.index = false (default)
2021-11-25 02:27:55,962 [pool-404-thread-1] INFO  server.RaftServerConfigKeys (ConfUtils.java:logGet(44)) - raft.server.retrycache.expirytime = 600000ms (custom)
2021-11-25 02:27:55,962 [pool-404-thread-1] INFO  server.RaftServerConfigKeys (ConfUtils.java:logGet(44)) - raft.server.retrycache.statistics.expirytime = 100μs (default)
2021-11-25 02:27:55,963 [pool-404-thread-1] INFO  server.RaftServer$Division (RaftServerImpl.java:start(301)) - afe6738c-795d-4ad9-911f-77efc98b0ab7@group-58D710EC61B9: start as a follower, conf=-1: [afe6738c-795d-4ad9-911f-77efc98b0ab7|rpc:10.1.0.13:38867|dataStream:|priority:1, 36951ec6-8ca2-46f2-ac0d-c1eb1dc0de60|rpc:10.1.0.13:41073|dataStream:|priority:0, a77dd090-2963-4745-95fa-35573f312ffb|rpc:10.1.0.13:36541|dataStream:|priority:0], old=null
2021-11-25 02:27:55,963 [pool-404-thread-1] INFO  server.RaftServer$Division (RaftServerImpl.java:setRole(290)) - afe6738c-795d-4ad9-911f-77efc98b0ab7@group-58D710EC61B9: changes role from      null to FOLLOWER at term 0 for startAsFollower
2021-11-25 02:27:55,963 [pool-404-thread-1] INFO  impl.RoleInfo (RoleInfo.java:updateAndGet(130)) - afe6738c-795d-4ad9-911f-77efc98b0ab7: start afe6738c-795d-4ad9-911f-77efc98b0ab7@group-58D710EC61B9-FollowerState
2021-11-25 02:27:55,963 [pool-404-thread-1] INFO  util.JmxRegister (JmxRegister.java:tryRegister(44)) - Successfully registered JMX Bean with object name Ratis:service=RaftServer,group=group-58D710EC61B9,id=afe6738c-795d-4ad9-911f-77efc98b0ab7
2021-11-25 02:27:56,053 [grpc-default-executor-1] INFO  server.RaftServer (RaftServerProxy.java:addNew(95)) - a77dd090-2963-4745-95fa-35573f312ffb: addNew group-58D710EC61B9:[afe6738c-795d-4ad9-911f-77efc98b0ab7|rpc:10.1.0.13:38867|dataStream:|priority:1, 36951ec6-8ca2-46f2-ac0d-c1eb1dc0de60|rpc:10.1.0.13:41073|dataStream:|priority:0, a77dd090-2963-4745-95fa-35573f312ffb|rpc:10.1.0.13:36541|dataStream:|priority:0] returns group-58D710EC61B9:java.util.concurrent.CompletableFuture@1af2d97b[Not completed]
2021-11-25 02:27:56,054 [pool-385-thread-1] INFO  server.RaftServer$Division (RaftServerImpl.java:<init>(184)) - a77dd090-2963-4745-95fa-35573f312ffb: new RaftServerImpl for group-58D710EC61B9:[afe6738c-795d-4ad9-911f-77efc98b0ab7|rpc:10.1.0.13:38867|dataStream:|priority:1, 36951ec6-8ca2-46f2-ac0d-c1eb1dc0de60|rpc:10.1.0.13:41073|dataStream:|priority:0, a77dd090-2963-4745-95fa-35573f312ffb|rpc:10.1.0.13:36541|dataStream:|priority:0] with ContainerStateMachine:uninitialized
2021-11-25 02:27:56,055 [pool-385-thread-1] INFO  server.RaftServerConfigKeys (ConfUtils.java:logGet(44)) - raft.server.rpc.timeout.min = 5s (custom)
2021-11-25 02:27:56,055 [pool-385-thread-1] INFO  server.RaftServerConfigKeys (ConfUtils.java:logGet(44)) - raft.server.rpc.timeout.max = 5200ms (custom)
2021-11-25 02:27:56,055 [pool-385-thread-1] INFO  server.RaftServerConfigKeys (ConfUtils.java:logGet(44)) - raft.server.rpc.sleep.time = 25ms (default)
2021-11-25 02:27:56,055 [pool-385-thread-1] INFO  server.RaftServerConfigKeys (ConfUtils.java:logGet(44)) - raft.server.rpc.slowness.timeout = 300000ms (custom)
2021-11-25 02:27:56,056 [pool-385-thread-1] INFO  server.RaftServerConfigKeys (ConfUtils.java:logGet(44)) - raft.server.leaderelection.leader.step-down.wait-time = 10s (default)
2021-11-25 02:27:56,056 [pool-385-thread-1] INFO  server.RaftServerConfigKeys (ConfUtils.java:logGet(44)) - raft.server.sleep.deviation.threshold = 300ms (default)
2021-11-25 02:27:56,056 [pool-385-thread-1] INFO  server.RaftServerConfigKeys (ConfUtils.java:logGet(44)) - raft.server.log.appender.install.snapshot.enabled = false (custom)
2021-11-25 02:27:56,056 [pool-385-thread-1] INFO  server.RaftServer$Division (ServerState.java:<init>(105)) - a77dd090-2963-4745-95fa-35573f312ffb@group-58D710EC61B9: ConfigurationManager, init=-1: [afe6738c-795d-4ad9-911f-77efc98b0ab7|rpc:10.1.0.13:38867|dataStream:|priority:1, 36951ec6-8ca2-46f2-ac0d-c1eb1dc0de60|rpc:10.1.0.13:41073|dataStream:|priority:0, a77dd090-2963-4745-95fa-35573f312ffb|rpc:10.1.0.13:36541|dataStream:|priority:0], old=null, confs=<EMPTY_MAP>
2021-11-25 02:27:56,056 [pool-385-thread-1] INFO  server.RaftServerConfigKeys (ConfUtils.java:logGet(44)) - raft.server.storage.dir = [/home/runner/work/ozone/ozone/hadoop-ozone/integration-test/target/test-dir/MiniOzoneClusterImpl-bf1a4df1-220d-4f19-a3f2-d6f00535f443/datanode-4/data/ratis] (custom)
2021-11-25 02:27:56,056 [pool-385-thread-1] INFO  server.RaftServerConfigKeys (ConfUtils.java:logGet(44)) - raft.server.log.corruption.policy = EXCEPTION (default)
2021-11-25 02:27:56,056 [pool-385-thread-1] INFO  server.RaftServerConfigKeys (ConfUtils.java:logGet(44)) - raft.server.storage.free-space.min = 0MB (=0) (default)
2021-11-25 02:27:56,056 [pool-385-thread-1] INFO  storage.RaftStorageDirectory (RaftStorageDirectoryImpl.java:analyzeStorage(135)) - The storage directory /home/runner/work/ozone/ozone/hadoop-ozone/integration-test/target/test-dir/MiniOzoneClusterImpl-bf1a4df1-220d-4f19-a3f2-d6f00535f443/datanode-4/data/ratis/efb5a97a-2d66-44bc-b408-58d710ec61b9 does not exist. Creating ...
2021-11-25 02:27:56,064 [pool-385-thread-1] INFO  storage.RaftStorageDirectory (RaftStorageDirectoryImpl.java:tryLock(230)) - Lock on /home/runner/work/ozone/ozone/hadoop-ozone/integration-test/target/test-dir/MiniOzoneClusterImpl-bf1a4df1-220d-4f19-a3f2-d6f00535f443/datanode-4/data/ratis/efb5a97a-2d66-44bc-b408-58d710ec61b9/in_use.lock acquired by nodename 2062@fv-az12-931
2021-11-25 02:27:56,065 [pool-385-thread-1] INFO  storage.RaftStorage (RaftStorageImpl.java:format(89)) - Storage directory /home/runner/work/ozone/ozone/hadoop-ozone/integration-test/target/test-dir/MiniOzoneClusterImpl-bf1a4df1-220d-4f19-a3f2-d6f00535f443/datanode-4/data/ratis/efb5a97a-2d66-44bc-b408-58d710ec61b9 has been successfully formatted.
2021-11-25 02:27:56,067 [pool-385-thread-1] INFO  ratis.ContainerStateMachine (ContainerStateMachine.java:loadSnapshot(224)) - group-58D710EC61B9: The snapshot info is null. Setting the last applied indexto:(t:0, i:~)
2021-11-25 02:27:56,067 [pool-385-thread-1] INFO  server.RaftServerConfigKeys (ConfUtils.java:logGet(44)) - raft.server.notification.no-leader.timeout = 300000ms (custom)
2021-11-25 02:27:56,067 [pool-385-thread-1] INFO  server.RaftServerConfigKeys (ConfUtils.java:logGet(44)) - raft.server.log.use.memory = false (default)
2021-11-25 02:27:56,067 [pool-385-thread-1] INFO  server.RaftServerConfigKeys (ConfUtils.java:logGet(44)) - raft.server.log.purge.gap = 1000000 (custom)
2021-11-25 02:27:56,067 [pool-385-thread-1] INFO  server.RaftServerConfigKeys (ConfUtils.java:logGet(44)) - raft.server.log.appender.buffer.byte-limit = 33554432 (custom)
2021-11-25 02:27:56,067 [pool-385-thread-1] INFO  server.RaftServerConfigKeys (ConfUtils.java:logGet(44)) - raft.server.log.segment.size.max = 1048576 (custom)
2021-11-25 02:27:56,068 [pool-385-thread-1] INFO  server.RaftServerConfigKeys (ConfUtils.java:logGet(44)) - raft.server.log.segment.cache.num.max = 2 (custom)
2021-11-25 02:27:56,068 [pool-385-thread-1] INFO  server.RaftServerConfigKeys (ConfUtils.java:logGet(44)) - raft.server.log.segment.cache.size.max = 200MB (=209715200) (default)
2021-11-25 02:27:56,068 [pool-385-thread-1] INFO  segmented.SegmentedRaftLogWorker (SegmentedRaftLogWorker.java:<init>(182)) - new a77dd090-2963-4745-95fa-35573f312ffb@group-58D710EC61B9-SegmentedRaftLogWorker for RaftStorageImpl:Storage Directory /home/runner/work/ozone/ozone/hadoop-ozone/integration-test/target/test-dir/MiniOzoneClusterImpl-bf1a4df1-220d-4f19-a3f2-d6f00535f443/datanode-4/data/ratis/efb5a97a-2d66-44bc-b408-58d710ec61b9
2021-11-25 02:27:56,068 [pool-385-thread-1] INFO  server.RaftServerConfigKeys (ConfUtils.java:logGet(44)) - raft.server.log.queue.byte-limit = 2147483647 (custom)
2021-11-25 02:27:56,068 [pool-385-thread-1] INFO  server.RaftServerConfigKeys (ConfUtils.java:logGet(44)) - raft.server.log.queue.element-limit = 1024 (custom)
2021-11-25 02:27:56,068 [pool-385-thread-1] INFO  server.RaftServerConfigKeys (ConfUtils.java:logGet(44)) - raft.server.log.segment.size.max = 1048576 (custom)
2021-11-25 02:27:56,068 [pool-385-thread-1] INFO  server.RaftServerConfigKeys (ConfUtils.java:logGet(44)) - raft.server.log.preallocated.size = 16384 (custom)
2021-11-25 02:27:56,068 [pool-385-thread-1] INFO  server.RaftServerConfigKeys (ConfUtils.java:logGet(44)) - raft.server.log.force.sync.num = 128 (default)
2021-11-25 02:27:56,068 [pool-385-thread-1] INFO  server.RaftServerConfigKeys (ConfUtils.java:logGet(44)) - raft.server.log.statemachine.data.sync = true (default)
2021-11-25 02:27:56,068 [pool-385-thread-1] INFO  server.RaftServerConfigKeys (ConfUtils.java:logGet(44)) - raft.server.log.statemachine.data.sync.timeout = 10s (default)
2021-11-25 02:27:56,068 [pool-385-thread-1] INFO  server.RaftServerConfigKeys (ConfUtils.java:logGet(44)) - raft.server.log.statemachine.data.sync.timeout.retry = -1 (default)
2021-11-25 02:27:56,069 [pool-385-thread-1] INFO  server.RaftServerConfigKeys (ConfUtils.java:logGet(44)) - raft.server.log.write.buffer.size = 1048576 (custom)
2021-11-25 02:27:56,069 [pool-385-thread-1] INFO  server.RaftServerConfigKeys (ConfUtils.java:logGet(44)) - raft.server.log.statemachine.data.caching.enabled = true (custom)
2021-11-25 02:27:56,069 [pool-385-thread-1] INFO  segmented.SegmentedRaftLogWorker (SegmentedRaftLogWorker.java:lambda$new$0(133)) - a77dd090-2963-4745-95fa-35573f312ffb@group-58D710EC61B9-SegmentedRaftLogWorker: flushIndex: setUnconditionally 0 -> -1
2021-11-25 02:27:56,069 [pool-385-thread-1] INFO  segmented.SegmentedRaftLogWorker (SegmentedRaftLogWorker.java:lambda$new$0(133)) - a77dd090-2963-4745-95fa-35573f312ffb@group-58D710EC61B9-SegmentedRaftLogWorker: safeCacheEvictIndex: setUnconditionally 0 -> -1
2021-11-25 02:27:56,072 [pool-385-thread-1] INFO  server.RaftServerConfigKeys (ConfUtils.java:logGet(44)) - raft.server.snapshot.auto.trigger.enabled = true (custom)
2021-11-25 02:27:56,072 [pool-385-thread-1] INFO  server.RaftServerConfigKeys (ConfUtils.java:logGet(44)) - raft.server.snapshot.auto.trigger.threshold = 10000 (custom)
2021-11-25 02:27:56,072 [pool-385-thread-1] INFO  server.RaftServerConfigKeys (ConfUtils.java:logGet(44)) - raft.server.snapshot.retention.file.num = 5 (custom)
2021-11-25 02:27:56,072 [pool-385-thread-1] INFO  server.RaftServerConfigKeys (ConfUtils.java:logGet(44)) - raft.server.log.purge.upto.snapshot.index = false (default)
2021-11-25 02:27:56,072 [pool-385-thread-1] INFO  server.RaftServerConfigKeys (ConfUtils.java:logGet(44)) - raft.server.retrycache.expirytime = 600000ms (custom)
2021-11-25 02:27:56,072 [pool-385-thread-1] INFO  server.RaftServerConfigKeys (ConfUtils.java:logGet(44)) - raft.server.retrycache.statistics.expirytime = 100μs (default)
2021-11-25 02:27:56,074 [pool-385-thread-1] INFO  server.RaftServer$Division (RaftServerImpl.java:start(301)) - a77dd090-2963-4745-95fa-35573f312ffb@group-58D710EC61B9: start as a follower, conf=-1: [afe6738c-795d-4ad9-911f-77efc98b0ab7|rpc:10.1.0.13:38867|dataStream:|priority:1, 36951ec6-8ca2-46f2-ac0d-c1eb1dc0de60|rpc:10.1.0.13:41073|dataStream:|priority:0, a77dd090-2963-4745-95fa-35573f312ffb|rpc:10.1.0.13:36541|dataStream:|priority:0], old=null
2021-11-25 02:27:56,074 [pool-385-thread-1] INFO  server.RaftServer$Division (RaftServerImpl.java:setRole(290)) - a77dd090-2963-4745-95fa-35573f312ffb@group-58D710EC61B9: changes role from      null to FOLLOWER at term 0 for startAsFollower
2021-11-25 02:27:56,074 [pool-385-thread-1] INFO  impl.RoleInfo (RoleInfo.java:updateAndGet(130)) - a77dd090-2963-4745-95fa-35573f312ffb: start a77dd090-2963-4745-95fa-35573f312ffb@group-58D710EC61B9-FollowerState
2021-11-25 02:27:56,074 [pool-385-thread-1] INFO  util.JmxRegister (JmxRegister.java:tryRegister(44)) - Successfully registered JMX Bean with object name Ratis:service=RaftServer,group=group-58D710EC61B9,id=a77dd090-2963-4745-95fa-35573f312ffb
2021-11-25 02:27:56,102 [Command processor thread] INFO  commandhandler.CreatePipelineCommandHandler (CreatePipelineCommandHandler.java:handle(106)) - Created Pipeline RATIS THREE PipelineID=efb5a97a-2d66-44bc-b408-58d710ec61b9.
2021-11-25 02:27:56,238 [Listener at 127.0.0.1/44827] INFO  ozone.MiniOzoneClusterImpl (MiniOzoneClusterImpl.java:lambda$waitForClusterToBeReady$0(235)) - Waiting for nodes to be ready. Got 8 of 9 DN Heartbeats.
2021-11-25 02:27:56,238 [Listener at 127.0.0.1/44827] INFO  ozone.MiniOzoneClusterImpl (MiniOzoneClusterImpl.java:lambda$waitForClusterToBeReady$0(238)) - Waiting for cluster to exit safe mode
2021-11-25 02:27:56,238 [Listener at 127.0.0.1/44827] INFO  ozone.MiniOzoneClusterImpl (MiniOzoneClusterImpl.java:lambda$waitForClusterToBeReady$0(240)) - SCM became leader
2021-11-25 02:27:56,259 [IPC Server handler 6 on default port 38213] INFO  net.NetworkTopologyImpl (NetworkTopologyImpl.java:add(112)) - Added a new node: /default-rack/270b4571-6830-404f-969d-140ad9dcfc29
2021-11-25 02:27:56,259 [IPC Server handler 6 on default port 38213] INFO  node.SCMNodeManager (SCMNodeManager.java:register(389)) - Registered Data node : 270b4571-6830-404f-969d-140ad9dcfc29{ip: 10.1.0.13, host: fv-az12-931.exdb2aeach2ezidoxz41lk3bwg.cx.internal.cloudapp.net, ports: [REPLICATION=40639, RATIS=46697, RATIS_ADMIN=46697, RATIS_SERVER=46697, STANDALONE=41821], networkLocation: /default-rack, certSerialId: null, persistedOpState: null, persistedOpStateExpiryEpochSec: 0}
2021-11-25 02:27:56,259 [EventQueue-NewNodeForNewNodeHandler] INFO  pipeline.BackgroundPipelineCreator (BackgroundPipelineCreator.java:notifyEventTriggered(285)) - trigger a one-shot run on RatisPipelineUtilsThread.
2021-11-25 02:27:56,260 [RatisPipelineUtilsThread - 0] INFO  pipeline.RatisPipelineProvider (RatisPipelineProvider.java:lambda$create$0(183)) - Sending CreatePipelineCommand for pipeline:PipelineID=7a48c42b-f28c-4c78-97fe-9fee27c1b290 to datanode:270b4571-6830-404f-969d-140ad9dcfc29
2021-11-25 02:27:56,260 [RatisPipelineUtilsThread - 0] INFO  pipeline.PipelineStateManagerImpl (PipelineStateManagerImpl.java:addPipeline(101)) - Created pipeline Pipeline[ Id: 7a48c42b-f28c-4c78-97fe-9fee27c1b290, Nodes: 270b4571-6830-404f-969d-140ad9dcfc29{ip: 10.1.0.13, host: fv-az12-931.exdb2aeach2ezidoxz41lk3bwg.cx.internal.cloudapp.net, ports: [REPLICATION=40639, RATIS=46697, RATIS_ADMIN=46697, RATIS_SERVER=46697, STANDALONE=41821], networkLocation: /default-rack, certSerialId: null, persistedOpState: IN_SERVICE, persistedOpStateExpiryEpochSec: 0}, ReplicationConfig: RATIS/ONE, State:ALLOCATED, leaderId:, CreationTimestamp2021-11-25T02:27:56.260Z[Etc/UTC]].
2021-11-25 02:27:56,261 [RatisPipelineUtilsThread - 0] INFO  pipeline.RatisPipelineProvider (RatisPipelineProvider.java:lambda$create$0(183)) - Sending CreatePipelineCommand for pipeline:PipelineID=700eb4dc-98a2-4baa-8b7d-7b4fbfa5af04 to datanode:e244018c-c6e8-4e9d-8a67-72ce71f64a2e
2021-11-25 02:27:56,261 [RatisPipelineUtilsThread - 0] INFO  pipeline.RatisPipelineProvider (RatisPipelineProvider.java:lambda$create$0(183)) - Sending CreatePipelineCommand for pipeline:PipelineID=700eb4dc-98a2-4baa-8b7d-7b4fbfa5af04 to datanode:270b4571-6830-404f-969d-140ad9dcfc29
2021-11-25 02:27:56,261 [RatisPipelineUtilsThread - 0] INFO  pipeline.RatisPipelineProvider (RatisPipelineProvider.java:lambda$create$0(183)) - Sending CreatePipelineCommand for pipeline:PipelineID=700eb4dc-98a2-4baa-8b7d-7b4fbfa5af04 to datanode:85323f18-cee6-4044-8995-00f3d4f90ee3
2021-11-25 02:27:56,261 [RatisPipelineUtilsThread - 0] INFO  pipeline.PipelineStateManagerImpl (PipelineStateManagerImpl.java:addPipeline(101)) - Created pipeline Pipeline[ Id: 700eb4dc-98a2-4baa-8b7d-7b4fbfa5af04, Nodes: e244018c-c6e8-4e9d-8a67-72ce71f64a2e{ip: 10.1.0.13, host: fv-az12-931.exdb2aeach2ezidoxz41lk3bwg.cx.internal.cloudapp.net, ports: [REPLICATION=38039, RATIS=35819, RATIS_ADMIN=35819, RATIS_SERVER=35819, STANDALONE=42747], networkLocation: /default-rack, certSerialId: null, persistedOpState: IN_SERVICE, persistedOpStateExpiryEpochSec: 0}270b4571-6830-404f-969d-140ad9dcfc29{ip: 10.1.0.13, host: fv-az12-931.exdb2aeach2ezidoxz41lk3bwg.cx.internal.cloudapp.net, ports: [REPLICATION=40639, RATIS=46697, RATIS_ADMIN=46697, RATIS_SERVER=46697, STANDALONE=41821], networkLocation: /default-rack, certSerialId: null, persistedOpState: IN_SERVICE, persistedOpStateExpiryEpochSec: 0}85323f18-cee6-4044-8995-00f3d4f90ee3{ip: 10.1.0.13, host: fv-az12-931.exdb2aeach2ezidoxz41lk3bwg.cx.internal.cloudapp.net, ports: [REPLICATION=45767, RATIS=44439, RATIS_ADMIN=44439, RATIS_SERVER=44439, STANDALONE=46257], networkLocation: /default-rack, certSerialId: null, persistedOpState: IN_SERVICE, persistedOpStateExpiryEpochSec: 0}, ReplicationConfig: RATIS/THREE, State:ALLOCATED, leaderId:, CreationTimestamp2021-11-25T02:27:56.261Z[Etc/UTC]].
2021-11-25 02:27:56,597 [Command processor thread] INFO  server.RaftServer (RaftServerProxy.java:addNew(95)) - a77dd090-2963-4745-95fa-35573f312ffb: addNew group-343F4C7F3807:[a77dd090-2963-4745-95fa-35573f312ffb|rpc:10.1.0.13:36541|priority:1] returns group-343F4C7F3807:java.util.concurrent.CompletableFuture@3b50397e[Not completed]
2021-11-25 02:27:56,598 [pool-385-thread-1] INFO  server.RaftServer$Division (RaftServerImpl.java:<init>(184)) - a77dd090-2963-4745-95fa-35573f312ffb: new RaftServerImpl for group-343F4C7F3807:[a77dd090-2963-4745-95fa-35573f312ffb|rpc:10.1.0.13:36541|priority:1] with ContainerStateMachine:uninitialized
2021-11-25 02:27:56,599 [pool-385-thread-1] INFO  server.RaftServerConfigKeys (ConfUtils.java:logGet(44)) - raft.server.rpc.timeout.min = 5s (custom)
2021-11-25 02:27:56,599 [pool-385-thread-1] INFO  server.RaftServerConfigKeys (ConfUtils.java:logGet(44)) - raft.server.rpc.timeout.max = 5200ms (custom)
2021-11-25 02:27:56,599 [pool-385-thread-1] INFO  server.RaftServerConfigKeys (ConfUtils.java:logGet(44)) - raft.server.rpc.sleep.time = 25ms (default)
2021-11-25 02:27:56,599 [pool-385-thread-1] INFO  server.RaftServerConfigKeys (ConfUtils.java:logGet(44)) - raft.server.rpc.slowness.timeout = 300000ms (custom)
2021-11-25 02:27:56,599 [pool-385-thread-1] INFO  server.RaftServerConfigKeys (ConfUtils.java:logGet(44)) - raft.server.leaderelection.leader.step-down.wait-time = 10s (default)
2021-11-25 02:27:56,599 [pool-385-thread-1] INFO  server.RaftServerConfigKeys (ConfUtils.java:logGet(44)) - raft.server.sleep.deviation.threshold = 300ms (default)
2021-11-25 02:27:56,599 [pool-385-thread-1] INFO  server.RaftServerConfigKeys (ConfUtils.java:logGet(44)) - raft.server.log.appender.install.snapshot.enabled = false (custom)
2021-11-25 02:27:56,599 [pool-385-thread-1] INFO  server.RaftServer$Division (ServerState.java:<init>(105)) - a77dd090-2963-4745-95fa-35573f312ffb@group-343F4C7F3807: ConfigurationManager, init=-1: [a77dd090-2963-4745-95fa-35573f312ffb|rpc:10.1.0.13:36541|priority:1], old=null, confs=<EMPTY_MAP>
2021-11-25 02:27:56,599 [pool-385-thread-1] INFO  server.RaftServerConfigKeys (ConfUtils.java:logGet(44)) - raft.server.storage.dir = [/home/runner/work/ozone/ozone/hadoop-ozone/integration-test/target/test-dir/MiniOzoneClusterImpl-bf1a4df1-220d-4f19-a3f2-d6f00535f443/datanode-4/data/ratis] (custom)
2021-11-25 02:27:56,599 [pool-385-thread-1] INFO  server.RaftServerConfigKeys (ConfUtils.java:logGet(44)) - raft.server.log.corruption.policy = EXCEPTION (default)
2021-11-25 02:27:56,599 [pool-385-thread-1] INFO  server.RaftServerConfigKeys (ConfUtils.java:logGet(44)) - raft.server.storage.free-space.min = 0MB (=0) (default)
2021-11-25 02:27:56,599 [pool-385-thread-1] INFO  storage.RaftStorageDirectory (RaftStorageDirectoryImpl.java:analyzeStorage(135)) - The storage directory /home/runner/work/ozone/ozone/hadoop-ozone/integration-test/target/test-dir/MiniOzoneClusterImpl-bf1a4df1-220d-4f19-a3f2-d6f00535f443/datanode-4/data/ratis/eae6cecd-c833-4b37-9e39-343f4c7f3807 does not exist. Creating ...
2021-11-25 02:27:56,605 [pool-385-thread-1] INFO  storage.RaftStorageDirectory (RaftStorageDirectoryImpl.java:tryLock(230)) - Lock on /home/runner/work/ozone/ozone/hadoop-ozone/integration-test/target/test-dir/MiniOzoneClusterImpl-bf1a4df1-220d-4f19-a3f2-d6f00535f443/datanode-4/data/ratis/eae6cecd-c833-4b37-9e39-343f4c7f3807/in_use.lock acquired by nodename 2062@fv-az12-931
2021-11-25 02:27:56,607 [pool-385-thread-1] INFO  storage.RaftStorage (RaftStorageImpl.java:format(89)) - Storage directory /home/runner/work/ozone/ozone/hadoop-ozone/integration-test/target/test-dir/MiniOzoneClusterImpl-bf1a4df1-220d-4f19-a3f2-d6f00535f443/datanode-4/data/ratis/eae6cecd-c833-4b37-9e39-343f4c7f3807 has been successfully formatted.
2021-11-25 02:27:56,608 [pool-385-thread-1] INFO  ratis.ContainerStateMachine (ContainerStateMachine.java:loadSnapshot(224)) - group-343F4C7F3807: The snapshot info is null. Setting the last applied indexto:(t:0, i:~)
2021-11-25 02:27:56,608 [pool-385-thread-1] INFO  server.RaftServerConfigKeys (ConfUtils.java:logGet(44)) - raft.server.notification.no-leader.timeout = 300000ms (custom)
2021-11-25 02:27:56,608 [pool-385-thread-1] INFO  server.RaftServerConfigKeys (ConfUtils.java:logGet(44)) - raft.server.log.use.memory = false (default)
2021-11-25 02:27:56,608 [pool-385-thread-1] INFO  server.RaftServerConfigKeys (ConfUtils.java:logGet(44)) - raft.server.log.purge.gap = 1000000 (custom)
2021-11-25 02:27:56,608 [pool-385-thread-1] INFO  server.RaftServerConfigKeys (ConfUtils.java:logGet(44)) - raft.server.log.appender.buffer.byte-limit = 33554432 (custom)
2021-11-25 02:27:56,608 [pool-385-thread-1] INFO  server.RaftServerConfigKeys (ConfUtils.java:logGet(44)) - raft.server.log.segment.size.max = 1048576 (custom)
2021-11-25 02:27:56,609 [EventQueue-PipelineReportForPipelineReportHandler] INFO  pipeline.PipelineManagerImpl (PipelineManagerImpl.java:openPipeline(289)) - Pipeline Pipeline[ Id: eae6cecd-c833-4b37-9e39-343f4c7f3807, Nodes: a77dd090-2963-4745-95fa-35573f312ffb{ip: 10.1.0.13, host: fv-az12-931.exdb2aeach2ezidoxz41lk3bwg.cx.internal.cloudapp.net, ports: [REPLICATION=35695, RATIS=36541, RATIS_ADMIN=36541, RATIS_SERVER=36541, STANDALONE=43867], networkLocation: /default-rack, certSerialId: null, persistedOpState: IN_SERVICE, persistedOpStateExpiryEpochSec: 0}, ReplicationConfig: RATIS/ONE, State:ALLOCATED, leaderId:a77dd090-2963-4745-95fa-35573f312ffb, CreationTimestamp2021-11-25T02:27:53.648Z[Etc/UTC]] moved to OPEN state
2021-11-25 02:27:56,610 [EventQueue-OpenPipelineForHealthyPipelineSafeModeRule] INFO  safemode.SCMSafeModeManager (HealthyPipelineSafeModeRule.java:process(124)) - SCM in safe mode. Healthy pipelines reported count is 0, required healthy pipeline reported count is 1
2021-11-25 02:27:56,610 [pool-385-thread-1] INFO  server.RaftServerConfigKeys (ConfUtils.java:logGet(44)) - raft.server.log.segment.cache.num.max = 2 (custom)
2021-11-25 02:27:56,610 [pool-385-thread-1] INFO  server.RaftServerConfigKeys (ConfUtils.java:logGet(44)) - raft.server.log.segment.cache.size.max = 200MB (=209715200) (default)
2021-11-25 02:27:56,610 [pool-385-thread-1] INFO  segmented.SegmentedRaftLogWorker (SegmentedRaftLogWorker.java:<init>(182)) - new a77dd090-2963-4745-95fa-35573f312ffb@group-343F4C7F3807-SegmentedRaftLogWorker for RaftStorageImpl:Storage Directory /home/runner/work/ozone/ozone/hadoop-ozone/integration-test/target/test-dir/MiniOzoneClusterImpl-bf1a4df1-220d-4f19-a3f2-d6f00535f443/datanode-4/data/ratis/eae6cecd-c833-4b37-9e39-343f4c7f3807
2021-11-25 02:27:56,610 [pool-385-thread-1] INFO  server.RaftServerConfigKeys (ConfUtils.java:logGet(44)) - raft.server.log.queue.byte-limit = 2147483647 (custom)
2021-11-25 02:27:56,610 [pool-385-thread-1] INFO  server.RaftServerConfigKeys (ConfUtils.java:logGet(44)) - raft.server.log.queue.element-limit = 1024 (custom)
2021-11-25 02:27:56,610 [pool-385-thread-1] INFO  server.RaftServerConfigKeys (ConfUtils.java:logGet(44)) - raft.server.log.segment.size.max = 1048576 (custom)
2021-11-25 02:27:56,610 [pool-385-thread-1] INFO  server.RaftServerConfigKeys (ConfUtils.java:logGet(44)) - raft.server.log.preallocated.size = 16384 (custom)
2021-11-25 02:27:56,610 [pool-385-thread-1] INFO  server.RaftServerConfigKeys (ConfUtils.java:logGet(44)) - raft.server.log.force.sync.num = 128 (default)
2021-11-25 02:27:56,610 [pool-385-thread-1] INFO  server.RaftServerConfigKeys (ConfUtils.java:logGet(44)) - raft.server.log.statemachine.data.sync = true (default)
2021-11-25 02:27:56,610 [pool-385-thread-1] INFO  server.RaftServerConfigKeys (ConfUtils.java:logGet(44)) - raft.server.log.statemachine.data.sync.timeout = 10s (default)
2021-11-25 02:27:56,610 [pool-385-thread-1] INFO  server.RaftServerConfigKeys (ConfUtils.java:logGet(44)) - raft.server.log.statemachine.data.sync.timeout.retry = -1 (default)
2021-11-25 02:27:56,611 [pool-385-thread-1] INFO  server.RaftServerConfigKeys (ConfUtils.java:logGet(44)) - raft.server.log.write.buffer.size = 1048576 (custom)
2021-11-25 02:27:56,612 [pool-385-thread-1] INFO  server.RaftServerConfigKeys (ConfUtils.java:logGet(44)) - raft.server.log.statemachine.data.caching.enabled = true (custom)
2021-11-25 02:27:56,612 [pool-385-thread-1] INFO  segmented.SegmentedRaftLogWorker (SegmentedRaftLogWorker.java:lambda$new$0(133)) - a77dd090-2963-4745-95fa-35573f312ffb@group-343F4C7F3807-SegmentedRaftLogWorker: flushIndex: setUnconditionally 0 -> -1
2021-11-25 02:27:56,612 [pool-385-thread-1] INFO  segmented.SegmentedRaftLogWorker (SegmentedRaftLogWorker.java:lambda$new$0(133)) - a77dd090-2963-4745-95fa-35573f312ffb@group-343F4C7F3807-SegmentedRaftLogWorker: safeCacheEvictIndex: setUnconditionally 0 -> -1
2021-11-25 02:27:56,641 [pool-385-thread-1] INFO  server.RaftServerConfigKeys (ConfUtils.java:logGet(44)) - raft.server.snapshot.auto.trigger.enabled = true (custom)
2021-11-25 02:27:56,641 [pool-385-thread-1] INFO  server.RaftServerConfigKeys (ConfUtils.java:logGet(44)) - raft.server.snapshot.auto.trigger.threshold = 10000 (custom)
2021-11-25 02:27:56,641 [pool-385-thread-1] INFO  server.RaftServerConfigKeys (ConfUtils.java:logGet(44)) - raft.server.snapshot.retention.file.num = 5 (custom)
2021-11-25 02:27:56,642 [pool-385-thread-1] INFO  server.RaftServerConfigKeys (ConfUtils.java:logGet(44)) - raft.server.log.purge.upto.snapshot.index = false (default)
2021-11-25 02:27:56,642 [pool-385-thread-1] INFO  server.RaftServerConfigKeys (ConfUtils.java:logGet(44)) - raft.server.retrycache.expirytime = 600000ms (custom)
2021-11-25 02:27:56,642 [pool-385-thread-1] INFO  server.RaftServerConfigKeys (ConfUtils.java:logGet(44)) - raft.server.retrycache.statistics.expirytime = 100μs (default)
2021-11-25 02:27:56,643 [pool-385-thread-1] INFO  server.RaftServer$Division (RaftServerImpl.java:start(301)) - a77dd090-2963-4745-95fa-35573f312ffb@group-343F4C7F3807: start as a follower, conf=-1: [a77dd090-2963-4745-95fa-35573f312ffb|rpc:10.1.0.13:36541|priority:1], old=null
2021-11-25 02:27:56,643 [pool-385-thread-1] INFO  server.RaftServer$Division (RaftServerImpl.java:setRole(290)) - a77dd090-2963-4745-95fa-35573f312ffb@group-343F4C7F3807: changes role from      null to FOLLOWER at term 0 for startAsFollower
2021-11-25 02:27:56,643 [pool-385-thread-1] INFO  impl.RoleInfo (RoleInfo.java:updateAndGet(130)) - a77dd090-2963-4745-95fa-35573f312ffb: start a77dd090-2963-4745-95fa-35573f312ffb@group-343F4C7F3807-FollowerState
2021-11-25 02:27:56,645 [pool-385-thread-1] INFO  util.JmxRegister (JmxRegister.java:tryRegister(44)) - Successfully registered JMX Bean with object name Ratis:service=RaftServer,group=group-343F4C7F3807,id=a77dd090-2963-4745-95fa-35573f312ffb
2021-11-25 02:27:56,655 [Command processor thread] INFO  ratis.XceiverServerRatis (XceiverServerRatis.java:addGroup(768)) - Created group PipelineID=eae6cecd-c833-4b37-9e39-343f4c7f3807
2021-11-25 02:27:56,655 [Command processor thread] INFO  commandhandler.CreatePipelineCommandHandler (CreatePipelineCommandHandler.java:handle(106)) - Created Pipeline RATIS ONE PipelineID=eae6cecd-c833-4b37-9e39-343f4c7f3807.
2021-11-25 02:27:57,150 [Command processor thread] INFO  server.RaftServer (RaftServerProxy.java:addNew(95)) - afe6738c-795d-4ad9-911f-77efc98b0ab7: addNew group-CD6CE24BC511:[afe6738c-795d-4ad9-911f-77efc98b0ab7|rpc:10.1.0.13:38867|priority:1] returns group-CD6CE24BC511:java.util.concurrent.CompletableFuture@49c3c1fe[Not completed]
2021-11-25 02:27:57,150 [pool-404-thread-1] INFO  server.RaftServer$Division (RaftServerImpl.java:<init>(184)) - afe6738c-795d-4ad9-911f-77efc98b0ab7: new RaftServerImpl for group-CD6CE24BC511:[afe6738c-795d-4ad9-911f-77efc98b0ab7|rpc:10.1.0.13:38867|priority:1] with ContainerStateMachine:uninitialized
2021-11-25 02:27:57,151 [pool-404-thread-1] INFO  server.RaftServerConfigKeys (ConfUtils.java:logGet(44)) - raft.server.rpc.timeout.min = 5s (custom)
2021-11-25 02:27:57,151 [pool-404-thread-1] INFO  server.RaftServerConfigKeys (ConfUtils.java:logGet(44)) - raft.server.rpc.timeout.max = 5200ms (custom)
2021-11-25 02:27:57,151 [pool-404-thread-1] INFO  server.RaftServerConfigKeys (ConfUtils.java:logGet(44)) - raft.server.rpc.sleep.time = 25ms (default)
2021-11-25 02:27:57,151 [pool-404-thread-1] INFO  server.RaftServerConfigKeys (ConfUtils.java:logGet(44)) - raft.server.rpc.slowness.timeout = 300000ms (custom)
2021-11-25 02:27:57,151 [pool-404-thread-1] INFO  server.RaftServerConfigKeys (ConfUtils.java:logGet(44)) - raft.server.leaderelection.leader.step-down.wait-time = 10s (default)
2021-11-25 02:27:57,151 [pool-404-thread-1] INFO  server.RaftServerConfigKeys (ConfUtils.java:logGet(44)) - raft.server.sleep.deviation.threshold = 300ms (default)
2021-11-25 02:27:57,151 [pool-404-thread-1] INFO  server.RaftServerConfigKeys (ConfUtils.java:logGet(44)) - raft.server.log.appender.install.snapshot.enabled = false (custom)
2021-11-25 02:27:57,151 [pool-404-thread-1] INFO  server.RaftServer$Division (ServerState.java:<init>(105)) - afe6738c-795d-4ad9-911f-77efc98b0ab7@group-CD6CE24BC511: ConfigurationManager, init=-1: [afe6738c-795d-4ad9-911f-77efc98b0ab7|rpc:10.1.0.13:38867|priority:1], old=null, confs=<EMPTY_MAP>
2021-11-25 02:27:57,151 [pool-404-thread-1] INFO  server.RaftServerConfigKeys (ConfUtils.java:logGet(44)) - raft.server.storage.dir = [/home/runner/work/ozone/ozone/hadoop-ozone/integration-test/target/test-dir/MiniOzoneClusterImpl-bf1a4df1-220d-4f19-a3f2-d6f00535f443/datanode-5/data/ratis] (custom)
2021-11-25 02:27:57,151 [pool-404-thread-1] INFO  server.RaftServerConfigKeys (ConfUtils.java:logGet(44)) - raft.server.log.corruption.policy = EXCEPTION (default)
2021-11-25 02:27:57,151 [pool-404-thread-1] INFO  server.RaftServerConfigKeys (ConfUtils.java:logGet(44)) - raft.server.storage.free-space.min = 0MB (=0) (default)
2021-11-25 02:27:57,151 [pool-404-thread-1] INFO  storage.RaftStorageDirectory (RaftStorageDirectoryImpl.java:analyzeStorage(135)) - The storage directory /home/runner/work/ozone/ozone/hadoop-ozone/integration-test/target/test-dir/MiniOzoneClusterImpl-bf1a4df1-220d-4f19-a3f2-d6f00535f443/datanode-5/data/ratis/5a289687-df57-4218-9e2d-cd6ce24bc511 does not exist. Creating ...
2021-11-25 02:27:57,153 [pool-404-thread-1] INFO  storage.RaftStorageDirectory (RaftStorageDirectoryImpl.java:tryLock(230)) - Lock on /home/runner/work/ozone/ozone/hadoop-ozone/integration-test/target/test-dir/MiniOzoneClusterImpl-bf1a4df1-220d-4f19-a3f2-d6f00535f443/datanode-5/data/ratis/5a289687-df57-4218-9e2d-cd6ce24bc511/in_use.lock acquired by nodename 2062@fv-az12-931
2021-11-25 02:27:57,155 [pool-404-thread-1] INFO  storage.RaftStorage (RaftStorageImpl.java:format(89)) - Storage directory /home/runner/work/ozone/ozone/hadoop-ozone/integration-test/target/test-dir/MiniOzoneClusterImpl-bf1a4df1-220d-4f19-a3f2-d6f00535f443/datanode-5/data/ratis/5a289687-df57-4218-9e2d-cd6ce24bc511 has been successfully formatted.
2021-11-25 02:27:57,155 [pool-404-thread-1] INFO  ratis.ContainerStateMachine (ContainerStateMachine.java:loadSnapshot(224)) - group-CD6CE24BC511: The snapshot info is null. Setting the last applied indexto:(t:0, i:~)
2021-11-25 02:27:57,156 [pool-404-thread-1] INFO  server.RaftServerConfigKeys (ConfUtils.java:logGet(44)) - raft.server.notification.no-leader.timeout = 300000ms (custom)
2021-11-25 02:27:57,156 [pool-404-thread-1] INFO  server.RaftServerConfigKeys (ConfUtils.java:logGet(44)) - raft.server.log.use.memory = false (default)
2021-11-25 02:27:57,156 [pool-404-thread-1] INFO  server.RaftServerConfigKeys (ConfUtils.java:logGet(44)) - raft.server.log.purge.gap = 1000000 (custom)
2021-11-25 02:27:57,156 [pool-404-thread-1] INFO  server.RaftServerConfigKeys (ConfUtils.java:logGet(44)) - raft.server.log.appender.buffer.byte-limit = 33554432 (custom)
2021-11-25 02:27:57,156 [pool-404-thread-1] INFO  server.RaftServerConfigKeys (ConfUtils.java:logGet(44)) - raft.server.log.segment.size.max = 1048576 (custom)
2021-11-25 02:27:57,156 [pool-404-thread-1] INFO  server.RaftServerConfigKeys (ConfUtils.java:logGet(44)) - raft.server.log.segment.cache.num.max = 2 (custom)
2021-11-25 02:27:57,156 [pool-404-thread-1] INFO  server.RaftServerConfigKeys (ConfUtils.java:logGet(44)) - raft.server.log.segment.cache.size.max = 200MB (=209715200) (default)
2021-11-25 02:27:57,156 [pool-404-thread-1] INFO  segmented.SegmentedRaftLogWorker (SegmentedRaftLogWorker.java:<init>(182)) - new afe6738c-795d-4ad9-911f-77efc98b0ab7@group-CD6CE24BC511-SegmentedRaftLogWorker for RaftStorageImpl:Storage Directory /home/runner/work/ozone/ozone/hadoop-ozone/integration-test/target/test-dir/MiniOzoneClusterImpl-bf1a4df1-220d-4f19-a3f2-d6f00535f443/datanode-5/data/ratis/5a289687-df57-4218-9e2d-cd6ce24bc511
2021-11-25 02:27:57,157 [pool-404-thread-1] INFO  server.RaftServerConfigKeys (ConfUtils.java:logGet(44)) - raft.server.log.queue.byte-limit = 2147483647 (custom)
2021-11-25 02:27:57,157 [pool-404-thread-1] INFO  server.RaftServerConfigKeys (ConfUtils.java:logGet(44)) - raft.server.log.queue.element-limit = 1024 (custom)
2021-11-25 02:27:57,157 [pool-404-thread-1] INFO  server.RaftServerConfigKeys (ConfUtils.java:logGet(44)) - raft.server.log.segment.size.max = 1048576 (custom)
2021-11-25 02:27:57,157 [pool-404-thread-1] INFO  server.RaftServerConfigKeys (ConfUtils.java:logGet(44)) - raft.server.log.preallocated.size = 16384 (custom)
2021-11-25 02:27:57,157 [pool-404-thread-1] INFO  server.RaftServerConfigKeys (ConfUtils.java:logGet(44)) - raft.server.log.force.sync.num = 128 (default)
2021-11-25 02:27:57,157 [pool-404-thread-1] INFO  server.RaftServerConfigKeys (ConfUtils.java:logGet(44)) - raft.server.log.statemachine.data.sync = true (default)
2021-11-25 02:27:57,157 [pool-404-thread-1] INFO  server.RaftServerConfigKeys (ConfUtils.java:logGet(44)) - raft.server.log.statemachine.data.sync.timeout = 10s (default)
2021-11-25 02:27:57,157 [pool-404-thread-1] INFO  server.RaftServerConfigKeys (ConfUtils.java:logGet(44)) - raft.server.log.statemachine.data.sync.timeout.retry = -1 (default)
2021-11-25 02:27:57,160 [EventQueue-PipelineReportForPipelineReportHandler] INFO  pipeline.PipelineManagerImpl (PipelineManagerImpl.java:openPipeline(289)) - Pipeline Pipeline[ Id: 5a289687-df57-4218-9e2d-cd6ce24bc511, Nodes: afe6738c-795d-4ad9-911f-77efc98b0ab7{ip: 10.1.0.13, host: fv-az12-931.exdb2aeach2ezidoxz41lk3bwg.cx.internal.cloudapp.net, ports: [REPLICATION=33917, RATIS=38867, RATIS_ADMIN=38867, RATIS_SERVER=38867, STANDALONE=40389], networkLocation: /default-rack, certSerialId: null, persistedOpState: IN_SERVICE, persistedOpStateExpiryEpochSec: 0}, ReplicationConfig: RATIS/ONE, State:ALLOCATED, leaderId:afe6738c-795d-4ad9-911f-77efc98b0ab7, CreationTimestamp2021-11-25T02:27:54.147Z[Etc/UTC]] moved to OPEN state
2021-11-25 02:27:57,160 [EventQueue-OpenPipelineForHealthyPipelineSafeModeRule] INFO  safemode.SCMSafeModeManager (HealthyPipelineSafeModeRule.java:process(124)) - SCM in safe mode. Healthy pipelines reported count is 0, required healthy pipeline reported count is 1
2021-11-25 02:27:57,161 [pool-404-thread-1] INFO  server.RaftServerConfigKeys (ConfUtils.java:logGet(44)) - raft.server.log.write.buffer.size = 1048576 (custom)
2021-11-25 02:27:57,162 [pool-404-thread-1] INFO  server.RaftServerConfigKeys (ConfUtils.java:logGet(44)) - raft.server.log.statemachine.data.caching.enabled = true (custom)
2021-11-25 02:27:57,163 [pool-404-thread-1] INFO  segmented.SegmentedRaftLogWorker (SegmentedRaftLogWorker.java:lambda$new$0(133)) - afe6738c-795d-4ad9-911f-77efc98b0ab7@group-CD6CE24BC511-SegmentedRaftLogWorker: flushIndex: setUnconditionally 0 -> -1
2021-11-25 02:27:57,163 [pool-404-thread-1] INFO  segmented.SegmentedRaftLogWorker (SegmentedRaftLogWorker.java:lambda$new$0(133)) - afe6738c-795d-4ad9-911f-77efc98b0ab7@group-CD6CE24BC511-SegmentedRaftLogWorker: safeCacheEvictIndex: setUnconditionally 0 -> -1
2021-11-25 02:27:57,166 [pool-404-thread-1] INFO  server.RaftServerConfigKeys (ConfUtils.java:logGet(44)) - raft.server.snapshot.auto.trigger.enabled = true (custom)
2021-11-25 02:27:57,166 [pool-404-thread-1] INFO  server.RaftServerConfigKeys (ConfUtils.java:logGet(44)) - raft.server.snapshot.auto.trigger.threshold = 10000 (custom)
2021-11-25 02:27:57,166 [pool-404-thread-1] INFO  server.RaftServerConfigKeys (ConfUtils.java:logGet(44)) - raft.server.snapshot.retention.file.num = 5 (custom)
2021-11-25 02:27:57,166 [pool-404-thread-1] INFO  server.RaftServerConfigKeys (ConfUtils.java:logGet(44)) - raft.server.log.purge.upto.snapshot.index = false (default)
2021-11-25 02:27:57,176 [pool-404-thread-1] INFO  server.RaftServerConfigKeys (ConfUtils.java:logGet(44)) - raft.server.retrycache.expirytime = 600000ms (custom)
2021-11-25 02:27:57,176 [pool-404-thread-1] INFO  server.RaftServerConfigKeys (ConfUtils.java:logGet(44)) - raft.server.retrycache.statistics.expirytime = 100μs (default)
2021-11-25 02:27:57,178 [pool-404-thread-1] INFO  server.RaftServer$Division (RaftServerImpl.java:start(301)) - afe6738c-795d-4ad9-911f-77efc98b0ab7@group-CD6CE24BC511: start as a follower, conf=-1: [afe6738c-795d-4ad9-911f-77efc98b0ab7|rpc:10.1.0.13:38867|priority:1], old=null
2021-11-25 02:27:57,181 [pool-404-thread-1] INFO  server.RaftServer$Division (RaftServerImpl.java:setRole(290)) - afe6738c-795d-4ad9-911f-77efc98b0ab7@group-CD6CE24BC511: changes role from      null to FOLLOWER at term 0 for startAsFollower
2021-11-25 02:27:57,181 [pool-404-thread-1] INFO  impl.RoleInfo (RoleInfo.java:updateAndGet(130)) - afe6738c-795d-4ad9-911f-77efc98b0ab7: start afe6738c-795d-4ad9-911f-77efc98b0ab7@group-CD6CE24BC511-FollowerState
2021-11-25 02:27:57,182 [pool-404-thread-1] INFO  util.JmxRegister (JmxRegister.java:tryRegister(44)) - Successfully registered JMX Bean with object name Ratis:service=RaftServer,group=group-CD6CE24BC511,id=afe6738c-795d-4ad9-911f-77efc98b0ab7
2021-11-25 02:27:57,185 [Command processor thread] INFO  ratis.XceiverServerRatis (XceiverServerRatis.java:addGroup(768)) - Created group PipelineID=5a289687-df57-4218-9e2d-cd6ce24bc511
2021-11-25 02:27:57,185 [Command processor thread] INFO  commandhandler.CreatePipelineCommandHandler (CreatePipelineCommandHandler.java:handle(106)) - Created Pipeline RATIS ONE PipelineID=5a289687-df57-4218-9e2d-cd6ce24bc511.
2021-11-25 02:27:57,238 [Listener at 127.0.0.1/44827] INFO  ozone.MiniOzoneClusterImpl (MiniOzoneClusterImpl.java:lambda$waitForClusterToBeReady$0(235)) - Nodes are ready. Got 9 of 9 DN Heartbeats.
2021-11-25 02:27:57,239 [Listener at 127.0.0.1/44827] INFO  ozone.MiniOzoneClusterImpl (MiniOzoneClusterImpl.java:lambda$waitForClusterToBeReady$0(238)) - Waiting for cluster to exit safe mode
2021-11-25 02:27:57,239 [Listener at 127.0.0.1/44827] INFO  ozone.MiniOzoneClusterImpl (MiniOzoneClusterImpl.java:lambda$waitForClusterToBeReady$0(240)) - SCM became leader
2021-11-25 02:27:57,937 [Command processor thread] INFO  server.RaftServer (RaftServerProxy.java:addNew(95)) - e244018c-c6e8-4e9d-8a67-72ce71f64a2e: addNew group-C3EE588E8B9F:[e244018c-c6e8-4e9d-8a67-72ce71f64a2e|rpc:10.1.0.13:35819|priority:1] returns group-C3EE588E8B9F:java.util.concurrent.CompletableFuture@256833c1[Not completed]
2021-11-25 02:27:57,943 [pool-423-thread-1] INFO  server.RaftServer$Division (RaftServerImpl.java:<init>(184)) - e244018c-c6e8-4e9d-8a67-72ce71f64a2e: new RaftServerImpl for group-C3EE588E8B9F:[e244018c-c6e8-4e9d-8a67-72ce71f64a2e|rpc:10.1.0.13:35819|priority:1] with ContainerStateMachine:uninitialized
2021-11-25 02:27:57,947 [pool-423-thread-1] INFO  server.RaftServerConfigKeys (ConfUtils.java:logGet(44)) - raft.server.rpc.timeout.min = 5s (custom)
2021-11-25 02:27:57,947 [pool-423-thread-1] INFO  server.RaftServerConfigKeys (ConfUtils.java:logGet(44)) - raft.server.rpc.timeout.max = 5200ms (custom)
2021-11-25 02:27:57,947 [pool-423-thread-1] INFO  server.RaftServerConfigKeys (ConfUtils.java:logGet(44)) - raft.server.rpc.sleep.time = 25ms (default)
2021-11-25 02:27:57,947 [pool-423-thread-1] INFO  server.RaftServerConfigKeys (ConfUtils.java:logGet(44)) - raft.server.rpc.slowness.timeout = 300000ms (custom)
2021-11-25 02:27:57,947 [pool-423-thread-1] INFO  server.RaftServerConfigKeys (ConfUtils.java:logGet(44)) - raft.server.leaderelection.leader.step-down.wait-time = 10s (default)
2021-11-25 02:27:57,947 [pool-423-thread-1] INFO  server.RaftServerConfigKeys (ConfUtils.java:logGet(44)) - raft.server.sleep.deviation.threshold = 300ms (default)
2021-11-25 02:27:57,948 [pool-423-thread-1] INFO  server.RaftServerConfigKeys (ConfUtils.java:logGet(44)) - raft.server.log.appender.install.snapshot.enabled = false (custom)
2021-11-25 02:27:57,948 [pool-423-thread-1] INFO  server.RaftServer$Division (ServerState.java:<init>(105)) - e244018c-c6e8-4e9d-8a67-72ce71f64a2e@group-C3EE588E8B9F: ConfigurationManager, init=-1: [e244018c-c6e8-4e9d-8a67-72ce71f64a2e|rpc:10.1.0.13:35819|priority:1], old=null, confs=<EMPTY_MAP>
2021-11-25 02:27:57,948 [pool-423-thread-1] INFO  server.RaftServerConfigKeys (ConfUtils.java:logGet(44)) - raft.server.storage.dir = [/home/runner/work/ozone/ozone/hadoop-ozone/integration-test/target/test-dir/MiniOzoneClusterImpl-bf1a4df1-220d-4f19-a3f2-d6f00535f443/datanode-6/data/ratis] (custom)
2021-11-25 02:27:57,948 [pool-423-thread-1] INFO  server.RaftServerConfigKeys (ConfUtils.java:logGet(44)) - raft.server.log.corruption.policy = EXCEPTION (default)
2021-11-25 02:27:57,948 [pool-423-thread-1] INFO  server.RaftServerConfigKeys (ConfUtils.java:logGet(44)) - raft.server.storage.free-space.min = 0MB (=0) (default)
2021-11-25 02:27:57,948 [pool-423-thread-1] INFO  storage.RaftStorageDirectory (RaftStorageDirectoryImpl.java:analyzeStorage(135)) - The storage directory /home/runner/work/ozone/ozone/hadoop-ozone/integration-test/target/test-dir/MiniOzoneClusterImpl-bf1a4df1-220d-4f19-a3f2-d6f00535f443/datanode-6/data/ratis/8342e067-880c-4984-89cb-c3ee588e8b9f does not exist. Creating ...
2021-11-25 02:27:57,952 [pool-423-thread-1] INFO  storage.RaftStorageDirectory (RaftStorageDirectoryImpl.java:tryLock(230)) - Lock on /home/runner/work/ozone/ozone/hadoop-ozone/integration-test/target/test-dir/MiniOzoneClusterImpl-bf1a4df1-220d-4f19-a3f2-d6f00535f443/datanode-6/data/ratis/8342e067-880c-4984-89cb-c3ee588e8b9f/in_use.lock acquired by nodename 2062@fv-az12-931
2021-11-25 02:27:57,957 [pool-423-thread-1] INFO  storage.RaftStorage (RaftStorageImpl.java:format(89)) - Storage directory /home/runner/work/ozone/ozone/hadoop-ozone/integration-test/target/test-dir/MiniOzoneClusterImpl-bf1a4df1-220d-4f19-a3f2-d6f00535f443/datanode-6/data/ratis/8342e067-880c-4984-89cb-c3ee588e8b9f has been successfully formatted.
2021-11-25 02:27:57,959 [pool-423-thread-1] INFO  ratis.ContainerStateMachine (ContainerStateMachine.java:loadSnapshot(224)) - group-C3EE588E8B9F: The snapshot info is null. Setting the last applied indexto:(t:0, i:~)
2021-11-25 02:27:57,959 [pool-423-thread-1] INFO  server.RaftServerConfigKeys (ConfUtils.java:logGet(44)) - raft.server.notification.no-leader.timeout = 300000ms (custom)
2021-11-25 02:27:57,959 [pool-423-thread-1] INFO  server.RaftServerConfigKeys (ConfUtils.java:logGet(44)) - raft.server.log.use.memory = false (default)
2021-11-25 02:27:57,960 [pool-423-thread-1] INFO  server.RaftServerConfigKeys (ConfUtils.java:logGet(44)) - raft.server.log.purge.gap = 1000000 (custom)
2021-11-25 02:27:57,960 [pool-423-thread-1] INFO  server.RaftServerConfigKeys (ConfUtils.java:logGet(44)) - raft.server.log.appender.buffer.byte-limit = 33554432 (custom)
2021-11-25 02:27:57,960 [pool-423-thread-1] INFO  server.RaftServerConfigKeys (ConfUtils.java:logGet(44)) - raft.server.log.segment.size.max = 1048576 (custom)
2021-11-25 02:27:57,960 [pool-423-thread-1] INFO  server.RaftServerConfigKeys (ConfUtils.java:logGet(44)) - raft.server.log.segment.cache.num.max = 2 (custom)
2021-11-25 02:27:57,961 [pool-423-thread-1] INFO  server.RaftServerConfigKeys (ConfUtils.java:logGet(44)) - raft.server.log.segment.cache.size.max = 200MB (=209715200) (default)
2021-11-25 02:27:57,961 [pool-423-thread-1] INFO  segmented.SegmentedRaftLogWorker (SegmentedRaftLogWorker.java:<init>(182)) - new e244018c-c6e8-4e9d-8a67-72ce71f64a2e@group-C3EE588E8B9F-SegmentedRaftLogWorker for RaftStorageImpl:Storage Directory /home/runner/work/ozone/ozone/hadoop-ozone/integration-test/target/test-dir/MiniOzoneClusterImpl-bf1a4df1-220d-4f19-a3f2-d6f00535f443/datanode-6/data/ratis/8342e067-880c-4984-89cb-c3ee588e8b9f
2021-11-25 02:27:57,961 [pool-423-thread-1] INFO  server.RaftServerConfigKeys (ConfUtils.java:logGet(44)) - raft.server.log.queue.byte-limit = 2147483647 (custom)
2021-11-25 02:27:57,961 [pool-423-thread-1] INFO  server.RaftServerConfigKeys (ConfUtils.java:logGet(44)) - raft.server.log.queue.element-limit = 1024 (custom)
2021-11-25 02:27:57,961 [pool-423-thread-1] INFO  server.RaftServerConfigKeys (ConfUtils.java:logGet(44)) - raft.server.log.segment.size.max = 1048576 (custom)
2021-11-25 02:27:57,961 [pool-423-thread-1] INFO  server.RaftServerConfigKeys (ConfUtils.java:logGet(44)) - raft.server.log.preallocated.size = 16384 (custom)
2021-11-25 02:27:57,961 [pool-423-thread-1] INFO  server.RaftServerConfigKeys (ConfUtils.java:logGet(44)) - raft.server.log.force.sync.num = 128 (default)
2021-11-25 02:27:57,961 [pool-423-thread-1] INFO  server.RaftServerConfigKeys (ConfUtils.java:logGet(44)) - raft.server.log.statemachine.data.sync = true (default)
2021-11-25 02:27:57,961 [pool-423-thread-1] INFO  server.RaftServerConfigKeys (ConfUtils.java:logGet(44)) - raft.server.log.statemachine.data.sync.timeout = 10s (default)
2021-11-25 02:27:57,961 [pool-423-thread-1] INFO  server.RaftServerConfigKeys (ConfUtils.java:logGet(44)) - raft.server.log.statemachine.data.sync.timeout.retry = -1 (default)
2021-11-25 02:27:57,962 [pool-423-thread-1] INFO  server.RaftServerConfigKeys (ConfUtils.java:logGet(44)) - raft.server.log.write.buffer.size = 1048576 (custom)
2021-11-25 02:27:57,962 [pool-423-thread-1] INFO  server.RaftServerConfigKeys (ConfUtils.java:logGet(44)) - raft.server.log.statemachine.data.caching.enabled = true (custom)
2021-11-25 02:27:57,963 [pool-423-thread-1] INFO  segmented.SegmentedRaftLogWorker (SegmentedRaftLogWorker.java:lambda$new$0(133)) - e244018c-c6e8-4e9d-8a67-72ce71f64a2e@group-C3EE588E8B9F-SegmentedRaftLogWorker: flushIndex: setUnconditionally 0 -> -1
2021-11-25 02:27:57,963 [pool-423-thread-1] INFO  segmented.SegmentedRaftLogWorker (SegmentedRaftLogWorker.java:lambda$new$0(133)) - e244018c-c6e8-4e9d-8a67-72ce71f64a2e@group-C3EE588E8B9F-SegmentedRaftLogWorker: safeCacheEvictIndex: setUnconditionally 0 -> -1
2021-11-25 02:27:57,963 [pool-423-thread-1] INFO  server.RaftServerConfigKeys (ConfUtils.java:logGet(44)) - raft.server.snapshot.auto.trigger.enabled = true (custom)
2021-11-25 02:27:57,963 [pool-423-thread-1] INFO  server.RaftServerConfigKeys (ConfUtils.java:logGet(44)) - raft.server.snapshot.auto.trigger.threshold = 10000 (custom)
2021-11-25 02:27:57,963 [pool-423-thread-1] INFO  server.RaftServerConfigKeys (ConfUtils.java:logGet(44)) - raft.server.snapshot.retention.file.num = 5 (custom)
2021-11-25 02:27:57,963 [pool-423-thread-1] INFO  server.RaftServerConfigKeys (ConfUtils.java:logGet(44)) - raft.server.log.purge.upto.snapshot.index = false (default)
2021-11-25 02:27:57,963 [pool-423-thread-1] INFO  server.RaftServerConfigKeys (ConfUtils.java:logGet(44)) - raft.server.retrycache.expirytime = 600000ms (custom)
2021-11-25 02:27:57,963 [pool-423-thread-1] INFO  server.RaftServerConfigKeys (ConfUtils.java:logGet(44)) - raft.server.retrycache.statistics.expirytime = 100μs (default)
2021-11-25 02:27:57,964 [pool-423-thread-1] INFO  server.RaftServer$Division (RaftServerImpl.java:start(301)) - e244018c-c6e8-4e9d-8a67-72ce71f64a2e@group-C3EE588E8B9F: start as a follower, conf=-1: [e244018c-c6e8-4e9d-8a67-72ce71f64a2e|rpc:10.1.0.13:35819|priority:1], old=null
2021-11-25 02:27:57,965 [pool-423-thread-1] INFO  server.RaftServer$Division (RaftServerImpl.java:setRole(290)) - e244018c-c6e8-4e9d-8a67-72ce71f64a2e@group-C3EE588E8B9F: changes role from      null to FOLLOWER at term 0 for startAsFollower
2021-11-25 02:27:57,965 [pool-423-thread-1] INFO  impl.RoleInfo (RoleInfo.java:updateAndGet(130)) - e244018c-c6e8-4e9d-8a67-72ce71f64a2e: start e244018c-c6e8-4e9d-8a67-72ce71f64a2e@group-C3EE588E8B9F-FollowerState
2021-11-25 02:27:57,965 [pool-423-thread-1] INFO  util.JmxRegister (JmxRegister.java:tryRegister(44)) - Successfully registered JMX Bean with object name Ratis:service=RaftServer,group=group-C3EE588E8B9F,id=e244018c-c6e8-4e9d-8a67-72ce71f64a2e
2021-11-25 02:27:57,968 [EventQueue-PipelineReportForPipelineReportHandler] INFO  pipeline.PipelineManagerImpl (PipelineManagerImpl.java:openPipeline(289)) - Pipeline Pipeline[ Id: 8342e067-880c-4984-89cb-c3ee588e8b9f, Nodes: e244018c-c6e8-4e9d-8a67-72ce71f64a2e{ip: 10.1.0.13, host: fv-az12-931.exdb2aeach2ezidoxz41lk3bwg.cx.internal.cloudapp.net, ports: [REPLICATION=38039, RATIS=35819, RATIS_ADMIN=35819, RATIS_SERVER=35819, STANDALONE=42747], networkLocation: /default-rack, certSerialId: null, persistedOpState: IN_SERVICE, persistedOpStateExpiryEpochSec: 0}, ReplicationConfig: RATIS/ONE, State:ALLOCATED, leaderId:e244018c-c6e8-4e9d-8a67-72ce71f64a2e, CreationTimestamp2021-11-25T02:27:54.935Z[Etc/UTC]] moved to OPEN state
2021-11-25 02:27:57,969 [EventQueue-OpenPipelineForHealthyPipelineSafeModeRule] INFO  safemode.SCMSafeModeManager (HealthyPipelineSafeModeRule.java:process(124)) - SCM in safe mode. Healthy pipelines reported count is 0, required healthy pipeline reported count is 1
2021-11-25 02:27:57,970 [Command processor thread] INFO  ratis.XceiverServerRatis (XceiverServerRatis.java:addGroup(768)) - Created group PipelineID=8342e067-880c-4984-89cb-c3ee588e8b9f
2021-11-25 02:27:57,970 [Command processor thread] INFO  commandhandler.CreatePipelineCommandHandler (CreatePipelineCommandHandler.java:handle(106)) - Created Pipeline RATIS ONE PipelineID=8342e067-880c-4984-89cb-c3ee588e8b9f.
2021-11-25 02:27:57,971 [Command processor thread] INFO  server.RaftServer (RaftServerProxy.java:addNew(95)) - e244018c-c6e8-4e9d-8a67-72ce71f64a2e: addNew group-7B4FBFA5AF04:[270b4571-6830-404f-969d-140ad9dcfc29|rpc:10.1.0.13:46697|priority:0, 85323f18-cee6-4044-8995-00f3d4f90ee3|rpc:10.1.0.13:44439|priority:1, e244018c-c6e8-4e9d-8a67-72ce71f64a2e|rpc:10.1.0.13:35819|priority:0] returns group-7B4FBFA5AF04:java.util.concurrent.CompletableFuture@2157b3b4[Not completed]
2021-11-25 02:27:57,971 [pool-423-thread-1] INFO  server.RaftServer$Division (RaftServerImpl.java:<init>(184)) - e244018c-c6e8-4e9d-8a67-72ce71f64a2e: new RaftServerImpl for group-7B4FBFA5AF04:[270b4571-6830-404f-969d-140ad9dcfc29|rpc:10.1.0.13:46697|priority:0, 85323f18-cee6-4044-8995-00f3d4f90ee3|rpc:10.1.0.13:44439|priority:1, e244018c-c6e8-4e9d-8a67-72ce71f64a2e|rpc:10.1.0.13:35819|priority:0] with ContainerStateMachine:uninitialized
2021-11-25 02:27:57,971 [pool-423-thread-1] INFO  server.RaftServerConfigKeys (ConfUtils.java:logGet(44)) - raft.server.rpc.timeout.min = 5s (custom)
2021-11-25 02:27:57,971 [pool-423-thread-1] INFO  server.RaftServerConfigKeys (ConfUtils.java:logGet(44)) - raft.server.rpc.timeout.max = 5200ms (custom)
2021-11-25 02:27:57,972 [pool-423-thread-1] INFO  server.RaftServerConfigKeys (ConfUtils.java:logGet(44)) - raft.server.rpc.sleep.time = 25ms (default)
2021-11-25 02:27:57,972 [pool-423-thread-1] INFO  server.RaftServerConfigKeys (ConfUtils.java:logGet(44)) - raft.server.rpc.slowness.timeout = 300000ms (custom)
2021-11-25 02:27:57,972 [pool-423-thread-1] INFO  server.RaftServerConfigKeys (ConfUtils.java:logGet(44)) - raft.server.leaderelection.leader.step-down.wait-time = 10s (default)
2021-11-25 02:27:57,972 [pool-423-thread-1] INFO  server.RaftServerConfigKeys (ConfUtils.java:logGet(44)) - raft.server.sleep.deviation.threshold = 300ms (default)
2021-11-25 02:27:57,972 [pool-423-thread-1] INFO  server.RaftServerConfigKeys (ConfUtils.java:logGet(44)) - raft.server.log.appender.install.snapshot.enabled = false (custom)
2021-11-25 02:27:57,972 [pool-423-thread-1] INFO  server.RaftServer$Division (ServerState.java:<init>(105)) - e244018c-c6e8-4e9d-8a67-72ce71f64a2e@group-7B4FBFA5AF04: ConfigurationManager, init=-1: [270b4571-6830-404f-969d-140ad9dcfc29|rpc:10.1.0.13:46697|priority:0, 85323f18-cee6-4044-8995-00f3d4f90ee3|rpc:10.1.0.13:44439|priority:1, e244018c-c6e8-4e9d-8a67-72ce71f64a2e|rpc:10.1.0.13:35819|priority:0], old=null, confs=<EMPTY_MAP>
2021-11-25 02:27:57,972 [pool-423-thread-1] INFO  server.RaftServerConfigKeys (ConfUtils.java:logGet(44)) - raft.server.storage.dir = [/home/runner/work/ozone/ozone/hadoop-ozone/integration-test/target/test-dir/MiniOzoneClusterImpl-bf1a4df1-220d-4f19-a3f2-d6f00535f443/datanode-6/data/ratis] (custom)
2021-11-25 02:27:57,972 [pool-423-thread-1] INFO  server.RaftServerConfigKeys (ConfUtils.java:logGet(44)) - raft.server.log.corruption.policy = EXCEPTION (default)
2021-11-25 02:27:57,972 [pool-423-thread-1] INFO  server.RaftServerConfigKeys (ConfUtils.java:logGet(44)) - raft.server.storage.free-space.min = 0MB (=0) (default)
2021-11-25 02:27:57,972 [pool-423-thread-1] INFO  storage.RaftStorageDirectory (RaftStorageDirectoryImpl.java:analyzeStorage(135)) - The storage directory /home/runner/work/ozone/ozone/hadoop-ozone/integration-test/target/test-dir/MiniOzoneClusterImpl-bf1a4df1-220d-4f19-a3f2-d6f00535f443/datanode-6/data/ratis/700eb4dc-98a2-4baa-8b7d-7b4fbfa5af04 does not exist. Creating ...
2021-11-25 02:27:57,981 [pool-423-thread-1] INFO  storage.RaftStorageDirectory (RaftStorageDirectoryImpl.java:tryLock(230)) - Lock on /home/runner/work/ozone/ozone/hadoop-ozone/integration-test/target/test-dir/MiniOzoneClusterImpl-bf1a4df1-220d-4f19-a3f2-d6f00535f443/datanode-6/data/ratis/700eb4dc-98a2-4baa-8b7d-7b4fbfa5af04/in_use.lock acquired by nodename 2062@fv-az12-931
2021-11-25 02:27:57,989 [pool-423-thread-1] INFO  storage.RaftStorage (RaftStorageImpl.java:format(89)) - Storage directory /home/runner/work/ozone/ozone/hadoop-ozone/integration-test/target/test-dir/MiniOzoneClusterImpl-bf1a4df1-220d-4f19-a3f2-d6f00535f443/datanode-6/data/ratis/700eb4dc-98a2-4baa-8b7d-7b4fbfa5af04 has been successfully formatted.
2021-11-25 02:27:57,991 [EventQueue-OpenPipelineForHealthyPipelineSafeModeRule] INFO  safemode.SCMSafeModeManager (HealthyPipelineSafeModeRule.java:process(124)) - SCM in safe mode. Healthy pipelines reported count is 0, required healthy pipeline reported count is 1
2021-11-25 02:27:57,991 [pool-423-thread-1] INFO  ratis.ContainerStateMachine (ContainerStateMachine.java:loadSnapshot(224)) - group-7B4FBFA5AF04: The snapshot info is null. Setting the last applied indexto:(t:0, i:~)
2021-11-25 02:27:57,991 [pool-423-thread-1] INFO  server.RaftServerConfigKeys (ConfUtils.java:logGet(44)) - raft.server.notification.no-leader.timeout = 300000ms (custom)
2021-11-25 02:27:57,991 [pool-423-thread-1] INFO  server.RaftServerConfigKeys (ConfUtils.java:logGet(44)) - raft.server.log.use.memory = false (default)
2021-11-25 02:27:57,991 [pool-423-thread-1] INFO  server.RaftServerConfigKeys (ConfUtils.java:logGet(44)) - raft.server.log.purge.gap = 1000000 (custom)
2021-11-25 02:27:57,991 [pool-423-thread-1] INFO  server.RaftServerConfigKeys (ConfUtils.java:logGet(44)) - raft.server.log.appender.buffer.byte-limit = 33554432 (custom)
2021-11-25 02:27:57,992 [pool-423-thread-1] INFO  server.RaftServerConfigKeys (ConfUtils.java:logGet(44)) - raft.server.log.segment.size.max = 1048576 (custom)
2021-11-25 02:27:57,992 [pool-423-thread-1] INFO  server.RaftServerConfigKeys (ConfUtils.java:logGet(44)) - raft.server.log.segment.cache.num.max = 2 (custom)
2021-11-25 02:27:57,992 [pool-423-thread-1] INFO  server.RaftServerConfigKeys (ConfUtils.java:logGet(44)) - raft.server.log.segment.cache.size.max = 200MB (=209715200) (default)
2021-11-25 02:27:57,992 [pool-423-thread-1] INFO  segmented.SegmentedRaftLogWorker (SegmentedRaftLogWorker.java:<init>(182)) - new e244018c-c6e8-4e9d-8a67-72ce71f64a2e@group-7B4FBFA5AF04-SegmentedRaftLogWorker for RaftStorageImpl:Storage Directory /home/runner/work/ozone/ozone/hadoop-ozone/integration-test/target/test-dir/MiniOzoneClusterImpl-bf1a4df1-220d-4f19-a3f2-d6f00535f443/datanode-6/data/ratis/700eb4dc-98a2-4baa-8b7d-7b4fbfa5af04
2021-11-25 02:27:57,992 [pool-423-thread-1] INFO  server.RaftServerConfigKeys (ConfUtils.java:logGet(44)) - raft.server.log.queue.byte-limit = 2147483647 (custom)
2021-11-25 02:27:57,992 [pool-423-thread-1] INFO  server.RaftServerConfigKeys (ConfUtils.java:logGet(44)) - raft.server.log.queue.element-limit = 1024 (custom)
2021-11-25 02:27:57,992 [pool-423-thread-1] INFO  server.RaftServerConfigKeys (ConfUtils.java:logGet(44)) - raft.server.log.segment.size.max = 1048576 (custom)
2021-11-25 02:27:57,992 [pool-423-thread-1] INFO  server.RaftServerConfigKeys (ConfUtils.java:logGet(44)) - raft.server.log.preallocated.size = 16384 (custom)
2021-11-25 02:27:57,992 [pool-423-thread-1] INFO  server.RaftServerConfigKeys (ConfUtils.java:logGet(44)) - raft.server.log.force.sync.num = 128 (default)
2021-11-25 02:27:57,993 [pool-423-thread-1] INFO  server.RaftServerConfigKeys (ConfUtils.java:logGet(44)) - raft.server.log.statemachine.data.sync = true (default)
2021-11-25 02:27:57,993 [pool-423-thread-1] INFO  server.RaftServerConfigKeys (ConfUtils.java:logGet(44)) - raft.server.log.statemachine.data.sync.timeout = 10s (default)
2021-11-25 02:27:57,993 [pool-423-thread-1] INFO  server.RaftServerConfigKeys (ConfUtils.java:logGet(44)) - raft.server.log.statemachine.data.sync.timeout.retry = -1 (default)
2021-11-25 02:27:57,994 [pool-423-thread-1] INFO  server.RaftServerConfigKeys (ConfUtils.java:logGet(44)) - raft.server.log.write.buffer.size = 1048576 (custom)
2021-11-25 02:27:57,994 [pool-423-thread-1] INFO  server.RaftServerConfigKeys (ConfUtils.java:logGet(44)) - raft.server.log.statemachine.data.caching.enabled = true (custom)
2021-11-25 02:27:57,999 [pool-423-thread-1] INFO  segmented.SegmentedRaftLogWorker (SegmentedRaftLogWorker.java:lambda$new$0(133)) - e244018c-c6e8-4e9d-8a67-72ce71f64a2e@group-7B4FBFA5AF04-SegmentedRaftLogWorker: flushIndex: setUnconditionally 0 -> -1
2021-11-25 02:27:58,000 [pool-423-thread-1] INFO  segmented.SegmentedRaftLogWorker (SegmentedRaftLogWorker.java:lambda$new$0(133)) - e244018c-c6e8-4e9d-8a67-72ce71f64a2e@group-7B4FBFA5AF04-SegmentedRaftLogWorker: safeCacheEvictIndex: setUnconditionally 0 -> -1
2021-11-25 02:27:58,000 [pool-423-thread-1] INFO  server.RaftServerConfigKeys (ConfUtils.java:logGet(44)) - raft.server.snapshot.auto.trigger.enabled = true (custom)
2021-11-25 02:27:58,000 [pool-423-thread-1] INFO  server.RaftServerConfigKeys (ConfUtils.java:logGet(44)) - raft.server.snapshot.auto.trigger.threshold = 10000 (custom)
2021-11-25 02:27:58,000 [pool-423-thread-1] INFO  server.RaftServerConfigKeys (ConfUtils.java:logGet(44)) - raft.server.snapshot.retention.file.num = 5 (custom)
2021-11-25 02:27:58,000 [pool-423-thread-1] INFO  server.RaftServerConfigKeys (ConfUtils.java:logGet(44)) - raft.server.log.purge.upto.snapshot.index = false (default)
2021-11-25 02:27:58,000 [pool-423-thread-1] INFO  server.RaftServerConfigKeys (ConfUtils.java:logGet(44)) - raft.server.retrycache.expirytime = 600000ms (custom)
2021-11-25 02:27:58,000 [pool-423-thread-1] INFO  server.RaftServerConfigKeys (ConfUtils.java:logGet(44)) - raft.server.retrycache.statistics.expirytime = 100μs (default)
2021-11-25 02:27:58,001 [pool-423-thread-1] INFO  server.RaftServer$Division (RaftServerImpl.java:start(301)) - e244018c-c6e8-4e9d-8a67-72ce71f64a2e@group-7B4FBFA5AF04: start as a follower, conf=-1: [270b4571-6830-404f-969d-140ad9dcfc29|rpc:10.1.0.13:46697|priority:0, 85323f18-cee6-4044-8995-00f3d4f90ee3|rpc:10.1.0.13:44439|priority:1, e244018c-c6e8-4e9d-8a67-72ce71f64a2e|rpc:10.1.0.13:35819|priority:0], old=null
2021-11-25 02:27:58,001 [pool-423-thread-1] INFO  server.RaftServer$Division (RaftServerImpl.java:setRole(290)) - e244018c-c6e8-4e9d-8a67-72ce71f64a2e@group-7B4FBFA5AF04: changes role from      null to FOLLOWER at term 0 for startAsFollower
2021-11-25 02:27:58,002 [pool-423-thread-1] INFO  impl.RoleInfo (RoleInfo.java:updateAndGet(130)) - e244018c-c6e8-4e9d-8a67-72ce71f64a2e: start e244018c-c6e8-4e9d-8a67-72ce71f64a2e@group-7B4FBFA5AF04-FollowerState
2021-11-25 02:27:58,009 [pool-423-thread-1] INFO  util.JmxRegister (JmxRegister.java:tryRegister(44)) - Successfully registered JMX Bean with object name Ratis:service=RaftServer,group=group-7B4FBFA5AF04,id=e244018c-c6e8-4e9d-8a67-72ce71f64a2e
2021-11-25 02:27:58,027 [Command processor thread] INFO  ratis.XceiverServerRatis (XceiverServerRatis.java:addGroup(768)) - Created group PipelineID=700eb4dc-98a2-4baa-8b7d-7b4fbfa5af04
2021-11-25 02:27:58,045 [grpc-default-executor-1] INFO  server.RaftServer (RaftServerProxy.java:addNew(95)) - 270b4571-6830-404f-969d-140ad9dcfc29: addNew group-7B4FBFA5AF04:[270b4571-6830-404f-969d-140ad9dcfc29|rpc:10.1.0.13:46697|dataStream:|priority:0, 85323f18-cee6-4044-8995-00f3d4f90ee3|rpc:10.1.0.13:44439|dataStream:|priority:1, e244018c-c6e8-4e9d-8a67-72ce71f64a2e|rpc:10.1.0.13:35819|dataStream:|priority:0] returns group-7B4FBFA5AF04:java.util.concurrent.CompletableFuture@5243422f[Not completed]
2021-11-25 02:27:58,085 [pool-461-thread-1] INFO  server.RaftServer$Division (RaftServerImpl.java:<init>(184)) - 270b4571-6830-404f-969d-140ad9dcfc29: new RaftServerImpl for group-7B4FBFA5AF04:[270b4571-6830-404f-969d-140ad9dcfc29|rpc:10.1.0.13:46697|dataStream:|priority:0, 85323f18-cee6-4044-8995-00f3d4f90ee3|rpc:10.1.0.13:44439|dataStream:|priority:1, e244018c-c6e8-4e9d-8a67-72ce71f64a2e|rpc:10.1.0.13:35819|dataStream:|priority:0] with ContainerStateMachine:uninitialized
2021-11-25 02:27:58,125 [pool-461-thread-1] INFO  server.RaftServerConfigKeys (ConfUtils.java:logGet(44)) - raft.server.rpc.timeout.min = 5s (custom)
2021-11-25 02:27:58,126 [pool-461-thread-1] INFO  server.RaftServerConfigKeys (ConfUtils.java:logGet(44)) - raft.server.rpc.timeout.max = 5200ms (custom)
2021-11-25 02:27:58,126 [pool-461-thread-1] INFO  server.RaftServerConfigKeys (ConfUtils.java:logGet(44)) - raft.server.rpc.sleep.time = 25ms (default)
2021-11-25 02:27:58,126 [pool-461-thread-1] INFO  server.RaftServerConfigKeys (ConfUtils.java:logGet(44)) - raft.server.rpc.slowness.timeout = 300000ms (custom)
2021-11-25 02:27:58,126 [pool-461-thread-1] INFO  server.RaftServerConfigKeys (ConfUtils.java:logGet(44)) - raft.server.leaderelection.leader.step-down.wait-time = 10s (default)
2021-11-25 02:27:58,126 [pool-461-thread-1] INFO  server.RaftServerConfigKeys (ConfUtils.java:logGet(44)) - raft.server.sleep.deviation.threshold = 300ms (default)
2021-11-25 02:27:58,126 [pool-461-thread-1] INFO  server.RaftServerConfigKeys (ConfUtils.java:logGet(44)) - raft.server.log.appender.install.snapshot.enabled = false (custom)
2021-11-25 02:27:58,126 [pool-461-thread-1] INFO  server.RaftServer$Division (ServerState.java:<init>(105)) - 270b4571-6830-404f-969d-140ad9dcfc29@group-7B4FBFA5AF04: ConfigurationManager, init=-1: [270b4571-6830-404f-969d-140ad9dcfc29|rpc:10.1.0.13:46697|dataStream:|priority:0, 85323f18-cee6-4044-8995-00f3d4f90ee3|rpc:10.1.0.13:44439|dataStream:|priority:1, e244018c-c6e8-4e9d-8a67-72ce71f64a2e|rpc:10.1.0.13:35819|dataStream:|priority:0], old=null, confs=<EMPTY_MAP>
2021-11-25 02:27:58,126 [pool-461-thread-1] INFO  server.RaftServerConfigKeys (ConfUtils.java:logGet(44)) - raft.server.storage.dir = [/home/runner/work/ozone/ozone/hadoop-ozone/integration-test/target/test-dir/MiniOzoneClusterImpl-bf1a4df1-220d-4f19-a3f2-d6f00535f443/datanode-8/data/ratis] (custom)
2021-11-25 02:27:58,126 [pool-461-thread-1] INFO  server.RaftServerConfigKeys (ConfUtils.java:logGet(44)) - raft.server.log.corruption.policy = EXCEPTION (default)
2021-11-25 02:27:58,126 [pool-461-thread-1] INFO  server.RaftServerConfigKeys (ConfUtils.java:logGet(44)) - raft.server.storage.free-space.min = 0MB (=0) (default)
2021-11-25 02:27:58,126 [pool-461-thread-1] INFO  storage.RaftStorageDirectory (RaftStorageDirectoryImpl.java:analyzeStorage(135)) - The storage directory /home/runner/work/ozone/ozone/hadoop-ozone/integration-test/target/test-dir/MiniOzoneClusterImpl-bf1a4df1-220d-4f19-a3f2-d6f00535f443/datanode-8/data/ratis/700eb4dc-98a2-4baa-8b7d-7b4fbfa5af04 does not exist. Creating ...
2021-11-25 02:27:58,127 [pool-461-thread-1] INFO  storage.RaftStorageDirectory (RaftStorageDirectoryImpl.java:tryLock(230)) - Lock on /home/runner/work/ozone/ozone/hadoop-ozone/integration-test/target/test-dir/MiniOzoneClusterImpl-bf1a4df1-220d-4f19-a3f2-d6f00535f443/datanode-8/data/ratis/700eb4dc-98a2-4baa-8b7d-7b4fbfa5af04/in_use.lock acquired by nodename 2062@fv-az12-931
2021-11-25 02:27:58,128 [pool-461-thread-1] INFO  storage.RaftStorage (RaftStorageImpl.java:format(89)) - Storage directory /home/runner/work/ozone/ozone/hadoop-ozone/integration-test/target/test-dir/MiniOzoneClusterImpl-bf1a4df1-220d-4f19-a3f2-d6f00535f443/datanode-8/data/ratis/700eb4dc-98a2-4baa-8b7d-7b4fbfa5af04 has been successfully formatted.
2021-11-25 02:27:58,129 [pool-461-thread-1] INFO  ratis.ContainerStateMachine (ContainerStateMachine.java:loadSnapshot(224)) - group-7B4FBFA5AF04: The snapshot info is null. Setting the last applied indexto:(t:0, i:~)
2021-11-25 02:27:58,145 [pool-461-thread-1] INFO  server.RaftServerConfigKeys (ConfUtils.java:logGet(44)) - raft.server.notification.no-leader.timeout = 300000ms (custom)
2021-11-25 02:27:58,145 [pool-461-thread-1] INFO  server.RaftServerConfigKeys (ConfUtils.java:logGet(44)) - raft.server.log.use.memory = false (default)
2021-11-25 02:27:58,146 [pool-461-thread-1] INFO  server.RaftServerConfigKeys (ConfUtils.java:logGet(44)) - raft.server.log.purge.gap = 1000000 (custom)
2021-11-25 02:27:58,146 [pool-461-thread-1] INFO  server.RaftServerConfigKeys (ConfUtils.java:logGet(44)) - raft.server.log.appender.buffer.byte-limit = 33554432 (custom)
2021-11-25 02:27:58,146 [pool-461-thread-1] INFO  server.RaftServerConfigKeys (ConfUtils.java:logGet(44)) - raft.server.log.segment.size.max = 1048576 (custom)
2021-11-25 02:27:58,146 [pool-461-thread-1] INFO  server.RaftServerConfigKeys (ConfUtils.java:logGet(44)) - raft.server.log.segment.cache.num.max = 2 (custom)
2021-11-25 02:27:58,146 [pool-461-thread-1] INFO  server.RaftServerConfigKeys (ConfUtils.java:logGet(44)) - raft.server.log.segment.cache.size.max = 200MB (=209715200) (default)
2021-11-25 02:27:58,146 [pool-461-thread-1] INFO  segmented.SegmentedRaftLogWorker (SegmentedRaftLogWorker.java:<init>(182)) - new 270b4571-6830-404f-969d-140ad9dcfc29@group-7B4FBFA5AF04-SegmentedRaftLogWorker for RaftStorageImpl:Storage Directory /home/runner/work/ozone/ozone/hadoop-ozone/integration-test/target/test-dir/MiniOzoneClusterImpl-bf1a4df1-220d-4f19-a3f2-d6f00535f443/datanode-8/data/ratis/700eb4dc-98a2-4baa-8b7d-7b4fbfa5af04
2021-11-25 02:27:58,146 [pool-461-thread-1] INFO  server.RaftServerConfigKeys (ConfUtils.java:logGet(44)) - raft.server.log.queue.byte-limit = 2147483647 (custom)
2021-11-25 02:27:58,146 [pool-461-thread-1] INFO  server.RaftServerConfigKeys (ConfUtils.java:logGet(44)) - raft.server.log.queue.element-limit = 1024 (custom)
2021-11-25 02:27:58,146 [pool-461-thread-1] INFO  server.RaftServerConfigKeys (ConfUtils.java:logGet(44)) - raft.server.log.segment.size.max = 1048576 (custom)
2021-11-25 02:27:58,146 [pool-461-thread-1] INFO  server.RaftServerConfigKeys (ConfUtils.java:logGet(44)) - raft.server.log.preallocated.size = 16384 (custom)
2021-11-25 02:27:58,147 [pool-461-thread-1] INFO  server.RaftServerConfigKeys (ConfUtils.java:logGet(44)) - raft.server.log.force.sync.num = 128 (default)
2021-11-25 02:27:58,147 [pool-461-thread-1] INFO  server.RaftServerConfigKeys (ConfUtils.java:logGet(44)) - raft.server.log.statemachine.data.sync = true (default)
2021-11-25 02:27:58,147 [pool-461-thread-1] INFO  server.RaftServerConfigKeys (ConfUtils.java:logGet(44)) - raft.server.log.statemachine.data.sync.timeout = 10s (default)
2021-11-25 02:27:58,147 [pool-461-thread-1] INFO  server.RaftServerConfigKeys (ConfUtils.java:logGet(44)) - raft.server.log.statemachine.data.sync.timeout.retry = -1 (default)
2021-11-25 02:27:58,148 [pool-461-thread-1] INFO  server.RaftServerConfigKeys (ConfUtils.java:logGet(44)) - raft.server.log.write.buffer.size = 1048576 (custom)
2021-11-25 02:27:58,148 [pool-461-thread-1] INFO  server.RaftServerConfigKeys (ConfUtils.java:logGet(44)) - raft.server.log.statemachine.data.caching.enabled = true (custom)
2021-11-25 02:27:58,148 [pool-461-thread-1] INFO  segmented.SegmentedRaftLogWorker (SegmentedRaftLogWorker.java:lambda$new$0(133)) - 270b4571-6830-404f-969d-140ad9dcfc29@group-7B4FBFA5AF04-SegmentedRaftLogWorker: flushIndex: setUnconditionally 0 -> -1
2021-11-25 02:27:58,149 [pool-461-thread-1] INFO  segmented.SegmentedRaftLogWorker (SegmentedRaftLogWorker.java:lambda$new$0(133)) - 270b4571-6830-404f-969d-140ad9dcfc29@group-7B4FBFA5AF04-SegmentedRaftLogWorker: safeCacheEvictIndex: setUnconditionally 0 -> -1
2021-11-25 02:27:58,154 [pool-461-thread-1] INFO  server.RaftServerConfigKeys (ConfUtils.java:logGet(44)) - raft.server.snapshot.auto.trigger.enabled = true (custom)
2021-11-25 02:27:58,154 [pool-461-thread-1] INFO  server.RaftServerConfigKeys (ConfUtils.java:logGet(44)) - raft.server.snapshot.auto.trigger.threshold = 10000 (custom)
2021-11-25 02:27:58,154 [pool-461-thread-1] INFO  server.RaftServerConfigKeys (ConfUtils.java:logGet(44)) - raft.server.snapshot.retention.file.num = 5 (custom)
2021-11-25 02:27:58,154 [pool-461-thread-1] INFO  server.RaftServerConfigKeys (ConfUtils.java:logGet(44)) - raft.server.log.purge.upto.snapshot.index = false (default)
2021-11-25 02:27:58,154 [pool-461-thread-1] INFO  server.RaftServerConfigKeys (ConfUtils.java:logGet(44)) - raft.server.retrycache.expirytime = 600000ms (custom)
2021-11-25 02:27:58,154 [pool-461-thread-1] INFO  server.RaftServerConfigKeys (ConfUtils.java:logGet(44)) - raft.server.retrycache.statistics.expirytime = 100μs (default)
2021-11-25 02:27:58,155 [pool-461-thread-1] INFO  server.RaftServer$Division (RaftServerImpl.java:start(301)) - 270b4571-6830-404f-969d-140ad9dcfc29@group-7B4FBFA5AF04: start as a follower, conf=-1: [270b4571-6830-404f-969d-140ad9dcfc29|rpc:10.1.0.13:46697|dataStream:|priority:0, 85323f18-cee6-4044-8995-00f3d4f90ee3|rpc:10.1.0.13:44439|dataStream:|priority:1, e244018c-c6e8-4e9d-8a67-72ce71f64a2e|rpc:10.1.0.13:35819|dataStream:|priority:0], old=null
2021-11-25 02:27:58,155 [pool-461-thread-1] INFO  server.RaftServer$Division (RaftServerImpl.java:setRole(290)) - 270b4571-6830-404f-969d-140ad9dcfc29@group-7B4FBFA5AF04: changes role from      null to FOLLOWER at term 0 for startAsFollower
2021-11-25 02:27:58,155 [pool-461-thread-1] INFO  impl.RoleInfo (RoleInfo.java:updateAndGet(130)) - 270b4571-6830-404f-969d-140ad9dcfc29: start 270b4571-6830-404f-969d-140ad9dcfc29@group-7B4FBFA5AF04-FollowerState
2021-11-25 02:27:58,158 [pool-461-thread-1] INFO  util.JmxRegister (JmxRegister.java:tryRegister(44)) - Successfully registered JMX Bean with object name Ratis:service=RaftServer,group=group-7B4FBFA5AF04,id=270b4571-6830-404f-969d-140ad9dcfc29
2021-11-25 02:27:58,217 [grpc-default-executor-1] INFO  server.RaftServer (RaftServerProxy.java:addNew(95)) - 85323f18-cee6-4044-8995-00f3d4f90ee3: addNew group-7B4FBFA5AF04:[270b4571-6830-404f-969d-140ad9dcfc29|rpc:10.1.0.13:46697|dataStream:|priority:0, 85323f18-cee6-4044-8995-00f3d4f90ee3|rpc:10.1.0.13:44439|dataStream:|priority:1, e244018c-c6e8-4e9d-8a67-72ce71f64a2e|rpc:10.1.0.13:35819|dataStream:|priority:0] returns group-7B4FBFA5AF04:java.util.concurrent.CompletableFuture@74fc4c8b[Not completed]
2021-11-25 02:27:58,218 [pool-442-thread-1] INFO  server.RaftServer$Division (RaftServerImpl.java:<init>(184)) - 85323f18-cee6-4044-8995-00f3d4f90ee3: new RaftServerImpl for group-7B4FBFA5AF04:[270b4571-6830-404f-969d-140ad9dcfc29|rpc:10.1.0.13:46697|dataStream:|priority:0, 85323f18-cee6-4044-8995-00f3d4f90ee3|rpc:10.1.0.13:44439|dataStream:|priority:1, e244018c-c6e8-4e9d-8a67-72ce71f64a2e|rpc:10.1.0.13:35819|dataStream:|priority:0] with ContainerStateMachine:uninitialized
2021-11-25 02:27:58,219 [pool-442-thread-1] INFO  server.RaftServerConfigKeys (ConfUtils.java:logGet(44)) - raft.server.rpc.timeout.min = 5s (custom)
2021-11-25 02:27:58,219 [pool-442-thread-1] INFO  server.RaftServerConfigKeys (ConfUtils.java:logGet(44)) - raft.server.rpc.timeout.max = 5200ms (custom)
2021-11-25 02:27:58,219 [pool-442-thread-1] INFO  server.RaftServerConfigKeys (ConfUtils.java:logGet(44)) - raft.server.rpc.sleep.time = 25ms (default)
2021-11-25 02:27:58,219 [pool-442-thread-1] INFO  server.RaftServerConfigKeys (ConfUtils.java:logGet(44)) - raft.server.rpc.slowness.timeout = 300000ms (custom)
2021-11-25 02:27:58,219 [pool-442-thread-1] INFO  server.RaftServerConfigKeys (ConfUtils.java:logGet(44)) - raft.server.leaderelection.leader.step-down.wait-time = 10s (default)
2021-11-25 02:27:58,219 [pool-442-thread-1] INFO  server.RaftServerConfigKeys (ConfUtils.java:logGet(44)) - raft.server.sleep.deviation.threshold = 300ms (default)
2021-11-25 02:27:58,219 [pool-442-thread-1] INFO  server.RaftServerConfigKeys (ConfUtils.java:logGet(44)) - raft.server.log.appender.install.snapshot.enabled = false (custom)
2021-11-25 02:27:58,219 [pool-442-thread-1] INFO  server.RaftServer$Division (ServerState.java:<init>(105)) - 85323f18-cee6-4044-8995-00f3d4f90ee3@group-7B4FBFA5AF04: ConfigurationManager, init=-1: [270b4571-6830-404f-969d-140ad9dcfc29|rpc:10.1.0.13:46697|dataStream:|priority:0, 85323f18-cee6-4044-8995-00f3d4f90ee3|rpc:10.1.0.13:44439|dataStream:|priority:1, e244018c-c6e8-4e9d-8a67-72ce71f64a2e|rpc:10.1.0.13:35819|dataStream:|priority:0], old=null, confs=<EMPTY_MAP>
2021-11-25 02:27:58,219 [pool-442-thread-1] INFO  server.RaftServerConfigKeys (ConfUtils.java:logGet(44)) - raft.server.storage.dir = [/home/runner/work/ozone/ozone/hadoop-ozone/integration-test/target/test-dir/MiniOzoneClusterImpl-bf1a4df1-220d-4f19-a3f2-d6f00535f443/datanode-7/data/ratis] (custom)
2021-11-25 02:27:58,219 [pool-442-thread-1] INFO  server.RaftServerConfigKeys (ConfUtils.java:logGet(44)) - raft.server.log.corruption.policy = EXCEPTION (default)
2021-11-25 02:27:58,219 [pool-442-thread-1] INFO  server.RaftServerConfigKeys (ConfUtils.java:logGet(44)) - raft.server.storage.free-space.min = 0MB (=0) (default)
2021-11-25 02:27:58,220 [pool-442-thread-1] INFO  storage.RaftStorageDirectory (RaftStorageDirectoryImpl.java:analyzeStorage(135)) - The storage directory /home/runner/work/ozone/ozone/hadoop-ozone/integration-test/target/test-dir/MiniOzoneClusterImpl-bf1a4df1-220d-4f19-a3f2-d6f00535f443/datanode-7/data/ratis/700eb4dc-98a2-4baa-8b7d-7b4fbfa5af04 does not exist. Creating ...
2021-11-25 02:27:58,225 [pool-442-thread-1] INFO  storage.RaftStorageDirectory (RaftStorageDirectoryImpl.java:tryLock(230)) - Lock on /home/runner/work/ozone/ozone/hadoop-ozone/integration-test/target/test-dir/MiniOzoneClusterImpl-bf1a4df1-220d-4f19-a3f2-d6f00535f443/datanode-7/data/ratis/700eb4dc-98a2-4baa-8b7d-7b4fbfa5af04/in_use.lock acquired by nodename 2062@fv-az12-931
2021-11-25 02:27:58,239 [Listener at 127.0.0.1/44827] INFO  ozone.MiniOzoneClusterImpl (MiniOzoneClusterImpl.java:lambda$waitForClusterToBeReady$0(235)) - Nodes are ready. Got 9 of 9 DN Heartbeats.
2021-11-25 02:27:58,239 [Listener at 127.0.0.1/44827] INFO  ozone.MiniOzoneClusterImpl (MiniOzoneClusterImpl.java:lambda$waitForClusterToBeReady$0(238)) - Waiting for cluster to exit safe mode
2021-11-25 02:27:58,239 [Listener at 127.0.0.1/44827] INFO  ozone.MiniOzoneClusterImpl (MiniOzoneClusterImpl.java:lambda$waitForClusterToBeReady$0(240)) - SCM became leader
2021-11-25 02:27:58,248 [pool-442-thread-1] INFO  storage.RaftStorage (RaftStorageImpl.java:format(89)) - Storage directory /home/runner/work/ozone/ozone/hadoop-ozone/integration-test/target/test-dir/MiniOzoneClusterImpl-bf1a4df1-220d-4f19-a3f2-d6f00535f443/datanode-7/data/ratis/700eb4dc-98a2-4baa-8b7d-7b4fbfa5af04 has been successfully formatted.
2021-11-25 02:27:58,250 [pool-442-thread-1] INFO  ratis.ContainerStateMachine (ContainerStateMachine.java:loadSnapshot(224)) - group-7B4FBFA5AF04: The snapshot info is null. Setting the last applied indexto:(t:0, i:~)
2021-11-25 02:27:58,250 [pool-442-thread-1] INFO  server.RaftServerConfigKeys (ConfUtils.java:logGet(44)) - raft.server.notification.no-leader.timeout = 300000ms (custom)
2021-11-25 02:27:58,250 [pool-442-thread-1] INFO  server.RaftServerConfigKeys (ConfUtils.java:logGet(44)) - raft.server.log.use.memory = false (default)
2021-11-25 02:27:58,251 [pool-442-thread-1] INFO  server.RaftServerConfigKeys (ConfUtils.java:logGet(44)) - raft.server.log.purge.gap = 1000000 (custom)
2021-11-25 02:27:58,251 [pool-442-thread-1] INFO  server.RaftServerConfigKeys (ConfUtils.java:logGet(44)) - raft.server.log.appender.buffer.byte-limit = 33554432 (custom)
2021-11-25 02:27:58,251 [pool-442-thread-1] INFO  server.RaftServerConfigKeys (ConfUtils.java:logGet(44)) - raft.server.log.segment.size.max = 1048576 (custom)
2021-11-25 02:27:58,251 [pool-442-thread-1] INFO  server.RaftServerConfigKeys (ConfUtils.java:logGet(44)) - raft.server.log.segment.cache.num.max = 2 (custom)
2021-11-25 02:27:58,256 [pool-442-thread-1] INFO  server.RaftServerConfigKeys (ConfUtils.java:logGet(44)) - raft.server.log.segment.cache.size.max = 200MB (=209715200) (default)
2021-11-25 02:27:58,256 [pool-442-thread-1] INFO  segmented.SegmentedRaftLogWorker (SegmentedRaftLogWorker.java:<init>(182)) - new 85323f18-cee6-4044-8995-00f3d4f90ee3@group-7B4FBFA5AF04-SegmentedRaftLogWorker for RaftStorageImpl:Storage Directory /home/runner/work/ozone/ozone/hadoop-ozone/integration-test/target/test-dir/MiniOzoneClusterImpl-bf1a4df1-220d-4f19-a3f2-d6f00535f443/datanode-7/data/ratis/700eb4dc-98a2-4baa-8b7d-7b4fbfa5af04
2021-11-25 02:27:58,256 [pool-442-thread-1] INFO  server.RaftServerConfigKeys (ConfUtils.java:logGet(44)) - raft.server.log.queue.byte-limit = 2147483647 (custom)
2021-11-25 02:27:58,256 [pool-442-thread-1] INFO  server.RaftServerConfigKeys (ConfUtils.java:logGet(44)) - raft.server.log.queue.element-limit = 1024 (custom)
2021-11-25 02:27:58,258 [pool-442-thread-1] INFO  server.RaftServerConfigKeys (ConfUtils.java:logGet(44)) - raft.server.log.segment.size.max = 1048576 (custom)
2021-11-25 02:27:58,258 [pool-442-thread-1] INFO  server.RaftServerConfigKeys (ConfUtils.java:logGet(44)) - raft.server.log.preallocated.size = 16384 (custom)
2021-11-25 02:27:58,258 [pool-442-thread-1] INFO  server.RaftServerConfigKeys (ConfUtils.java:logGet(44)) - raft.server.log.force.sync.num = 128 (default)
2021-11-25 02:27:58,258 [pool-442-thread-1] INFO  server.RaftServerConfigKeys (ConfUtils.java:logGet(44)) - raft.server.log.statemachine.data.sync = true (default)
2021-11-25 02:27:58,258 [pool-442-thread-1] INFO  server.RaftServerConfigKeys (ConfUtils.java:logGet(44)) - raft.server.log.statemachine.data.sync.timeout = 10s (default)
2021-11-25 02:27:58,259 [pool-442-thread-1] INFO  server.RaftServerConfigKeys (ConfUtils.java:logGet(44)) - raft.server.log.statemachine.data.sync.timeout.retry = -1 (default)
2021-11-25 02:27:58,260 [pool-442-thread-1] INFO  server.RaftServerConfigKeys (ConfUtils.java:logGet(44)) - raft.server.log.write.buffer.size = 1048576 (custom)
2021-11-25 02:27:58,260 [pool-442-thread-1] INFO  server.RaftServerConfigKeys (ConfUtils.java:logGet(44)) - raft.server.log.statemachine.data.caching.enabled = true (custom)
2021-11-25 02:27:58,262 [pool-442-thread-1] INFO  segmented.SegmentedRaftLogWorker (SegmentedRaftLogWorker.java:lambda$new$0(133)) - 85323f18-cee6-4044-8995-00f3d4f90ee3@group-7B4FBFA5AF04-SegmentedRaftLogWorker: flushIndex: setUnconditionally 0 -> -1
2021-11-25 02:27:58,262 [pool-442-thread-1] INFO  segmented.SegmentedRaftLogWorker (SegmentedRaftLogWorker.java:lambda$new$0(133)) - 85323f18-cee6-4044-8995-00f3d4f90ee3@group-7B4FBFA5AF04-SegmentedRaftLogWorker: safeCacheEvictIndex: setUnconditionally 0 -> -1
2021-11-25 02:27:58,280 [pool-442-thread-1] INFO  server.RaftServerConfigKeys (ConfUtils.java:logGet(44)) - raft.server.snapshot.auto.trigger.enabled = true (custom)
2021-11-25 02:27:58,280 [pool-442-thread-1] INFO  server.RaftServerConfigKeys (ConfUtils.java:logGet(44)) - raft.server.snapshot.auto.trigger.threshold = 10000 (custom)
2021-11-25 02:27:58,281 [pool-442-thread-1] INFO  server.RaftServerConfigKeys (ConfUtils.java:logGet(44)) - raft.server.snapshot.retention.file.num = 5 (custom)
2021-11-25 02:27:58,281 [pool-442-thread-1] INFO  server.RaftServerConfigKeys (ConfUtils.java:logGet(44)) - raft.server.log.purge.upto.snapshot.index = false (default)
2021-11-25 02:27:58,281 [pool-442-thread-1] INFO  server.RaftServerConfigKeys (ConfUtils.java:logGet(44)) - raft.server.retrycache.expirytime = 600000ms (custom)
2021-11-25 02:27:58,281 [pool-442-thread-1] INFO  server.RaftServerConfigKeys (ConfUtils.java:logGet(44)) - raft.server.retrycache.statistics.expirytime = 100μs (default)
2021-11-25 02:27:58,282 [pool-442-thread-1] INFO  server.RaftServer$Division (RaftServerImpl.java:start(301)) - 85323f18-cee6-4044-8995-00f3d4f90ee3@group-7B4FBFA5AF04: start as a follower, conf=-1: [270b4571-6830-404f-969d-140ad9dcfc29|rpc:10.1.0.13:46697|dataStream:|priority:0, 85323f18-cee6-4044-8995-00f3d4f90ee3|rpc:10.1.0.13:44439|dataStream:|priority:1, e244018c-c6e8-4e9d-8a67-72ce71f64a2e|rpc:10.1.0.13:35819|dataStream:|priority:0], old=null
2021-11-25 02:27:58,283 [pool-442-thread-1] INFO  server.RaftServer$Division (RaftServerImpl.java:setRole(290)) - 85323f18-cee6-4044-8995-00f3d4f90ee3@group-7B4FBFA5AF04: changes role from      null to FOLLOWER at term 0 for startAsFollower
2021-11-25 02:27:58,283 [pool-442-thread-1] INFO  impl.RoleInfo (RoleInfo.java:updateAndGet(130)) - 85323f18-cee6-4044-8995-00f3d4f90ee3: start 85323f18-cee6-4044-8995-00f3d4f90ee3@group-7B4FBFA5AF04-FollowerState
2021-11-25 02:27:58,293 [pool-442-thread-1] INFO  util.JmxRegister (JmxRegister.java:tryRegister(44)) - Successfully registered JMX Bean with object name Ratis:service=RaftServer,group=group-7B4FBFA5AF04,id=85323f18-cee6-4044-8995-00f3d4f90ee3
2021-11-25 02:27:58,341 [Command processor thread] INFO  commandhandler.CreatePipelineCommandHandler (CreatePipelineCommandHandler.java:handle(106)) - Created Pipeline RATIS THREE PipelineID=700eb4dc-98a2-4baa-8b7d-7b4fbfa5af04.
2021-11-25 02:27:58,657 [7b8694ed-f626-45d7-ad92-ba79cd2bf69c@group-8550D68C7491-FollowerState] INFO  impl.FollowerState (FollowerState.java:run(134)) - 7b8694ed-f626-45d7-ad92-ba79cd2bf69c@group-8550D68C7491-FollowerState: change to CANDIDATE, lastRpcElapsedTime:5002004806ns, electionTimeout:5001ms
2021-11-25 02:27:58,657 [7b8694ed-f626-45d7-ad92-ba79cd2bf69c@group-8550D68C7491-FollowerState] INFO  impl.RoleInfo (RoleInfo.java:shutdownFollowerState(108)) - 7b8694ed-f626-45d7-ad92-ba79cd2bf69c: shutdown 7b8694ed-f626-45d7-ad92-ba79cd2bf69c@group-8550D68C7491-FollowerState
2021-11-25 02:27:58,657 [7b8694ed-f626-45d7-ad92-ba79cd2bf69c@group-8550D68C7491-FollowerState] INFO  server.RaftServer$Division (RaftServerImpl.java:setRole(290)) - 7b8694ed-f626-45d7-ad92-ba79cd2bf69c@group-8550D68C7491: changes role from  FOLLOWER to CANDIDATE at term 0 for changeToCandidate
2021-11-25 02:27:58,659 [7b8694ed-f626-45d7-ad92-ba79cd2bf69c@group-714DC092E474-FollowerState] INFO  impl.FollowerState (FollowerState.java:run(134)) - 7b8694ed-f626-45d7-ad92-ba79cd2bf69c@group-714DC092E474-FollowerState: change to CANDIDATE, lastRpcElapsedTime:5020161885ns, electionTimeout:5019ms
2021-11-25 02:27:58,659 [7b8694ed-f626-45d7-ad92-ba79cd2bf69c@group-714DC092E474-FollowerState] INFO  impl.RoleInfo (RoleInfo.java:shutdownFollowerState(108)) - 7b8694ed-f626-45d7-ad92-ba79cd2bf69c: shutdown 7b8694ed-f626-45d7-ad92-ba79cd2bf69c@group-714DC092E474-FollowerState
2021-11-25 02:27:58,659 [7b8694ed-f626-45d7-ad92-ba79cd2bf69c@group-714DC092E474-FollowerState] INFO  server.RaftServer$Division (RaftServerImpl.java:setRole(290)) - 7b8694ed-f626-45d7-ad92-ba79cd2bf69c@group-714DC092E474: changes role from  FOLLOWER to CANDIDATE at term 0 for changeToCandidate
2021-11-25 02:27:58,659 [7b8694ed-f626-45d7-ad92-ba79cd2bf69c@group-714DC092E474-FollowerState] INFO  server.RaftServerConfigKeys (ConfUtils.java:logGet(44)) - raft.server.leaderelection.pre-vote = false (custom)
2021-11-25 02:27:58,660 [7b8694ed-f626-45d7-ad92-ba79cd2bf69c@group-714DC092E474-FollowerState] INFO  impl.RoleInfo (RoleInfo.java:updateAndGet(130)) - 7b8694ed-f626-45d7-ad92-ba79cd2bf69c: start 7b8694ed-f626-45d7-ad92-ba79cd2bf69c@group-714DC092E474-LeaderElection27
2021-11-25 02:27:58,660 [7b8694ed-f626-45d7-ad92-ba79cd2bf69c@group-8550D68C7491-FollowerState] INFO  server.RaftServerConfigKeys (ConfUtils.java:logGet(44)) - raft.server.leaderelection.pre-vote = false (custom)
2021-11-25 02:27:58,660 [7b8694ed-f626-45d7-ad92-ba79cd2bf69c@group-8550D68C7491-FollowerState] INFO  impl.RoleInfo (RoleInfo.java:updateAndGet(130)) - 7b8694ed-f626-45d7-ad92-ba79cd2bf69c: start 7b8694ed-f626-45d7-ad92-ba79cd2bf69c@group-8550D68C7491-LeaderElection26
2021-11-25 02:27:58,690 [7b8694ed-f626-45d7-ad92-ba79cd2bf69c@group-714DC092E474-LeaderElection27] INFO  impl.LeaderElection (LeaderElection.java:askForVotes(306)) - 7b8694ed-f626-45d7-ad92-ba79cd2bf69c@group-714DC092E474-LeaderElection27 ELECTION round 0: submit vote requests at term 1 for -1: [7b8694ed-f626-45d7-ad92-ba79cd2bf69c|rpc:10.1.0.13:33171|priority:1], old=null
2021-11-25 02:27:58,690 [7b8694ed-f626-45d7-ad92-ba79cd2bf69c@group-714DC092E474-LeaderElection27] INFO  impl.LeaderElection (LeaderElection.java:askForVotes(308)) - 7b8694ed-f626-45d7-ad92-ba79cd2bf69c@group-714DC092E474-LeaderElection27 ELECTION round 0: result PASSED (term=1)
2021-11-25 02:27:58,690 [7b8694ed-f626-45d7-ad92-ba79cd2bf69c@group-714DC092E474-LeaderElection27] INFO  impl.RoleInfo (RoleInfo.java:shutdownLeaderElection(121)) - 7b8694ed-f626-45d7-ad92-ba79cd2bf69c: shutdown 7b8694ed-f626-45d7-ad92-ba79cd2bf69c@group-714DC092E474-LeaderElection27
2021-11-25 02:27:58,691 [7b8694ed-f626-45d7-ad92-ba79cd2bf69c@group-714DC092E474-LeaderElection27] INFO  server.RaftServer$Division (RaftServerImpl.java:setRole(290)) - 7b8694ed-f626-45d7-ad92-ba79cd2bf69c@group-714DC092E474: changes role from CANDIDATE to LEADER at term 1 for changeToLeader
2021-11-25 02:27:58,691 [7b8694ed-f626-45d7-ad92-ba79cd2bf69c@group-714DC092E474-LeaderElection27] INFO  ratis.XceiverServerRatis (XceiverServerRatis.java:handleLeaderChangedNotification(866)) - Leader change notification received for group: group-714DC092E474 with new leaderId: 7b8694ed-f626-45d7-ad92-ba79cd2bf69c
2021-11-25 02:27:58,691 [7b8694ed-f626-45d7-ad92-ba79cd2bf69c@group-714DC092E474-LeaderElection27] INFO  server.RaftServer$Division (ServerState.java:setLeader(285)) - 7b8694ed-f626-45d7-ad92-ba79cd2bf69c@group-714DC092E474: change Leader from null to 7b8694ed-f626-45d7-ad92-ba79cd2bf69c at term 1 for becomeLeader, leader elected after 5097ms
2021-11-25 02:27:58,691 [7b8694ed-f626-45d7-ad92-ba79cd2bf69c@group-714DC092E474-LeaderElection27] INFO  server.RaftServerConfigKeys (ConfUtils.java:logGet(44)) - raft.server.staging.catchup.gap = 1000 (default)
2021-11-25 02:27:58,691 [7b8694ed-f626-45d7-ad92-ba79cd2bf69c@group-714DC092E474-LeaderElection27] INFO  server.RaftServerConfigKeys (ConfUtils.java:logGet(44)) - raft.server.write.element-limit = 1024 (custom)
2021-11-25 02:27:58,691 [7b8694ed-f626-45d7-ad92-ba79cd2bf69c@group-714DC092E474-LeaderElection27] INFO  server.RaftServerConfigKeys (ConfUtils.java:logGet(44)) - raft.server.write.byte-limit = 1024 M (=1073741824) (custom)
2021-11-25 02:27:58,691 [7b8694ed-f626-45d7-ad92-ba79cd2bf69c@group-714DC092E474-LeaderElection27] INFO  server.RaftServerConfigKeys (ConfUtils.java:logGet(44)) - raft.server.watch.timeout = 3000ms (custom)
2021-11-25 02:27:58,692 [7b8694ed-f626-45d7-ad92-ba79cd2bf69c@group-714DC092E474-LeaderElection27] INFO  server.RaftServerConfigKeys (ConfUtils.java:logGet(44)) - raft.server.watch.timeout.denomination = 1s (default)
2021-11-25 02:27:58,692 [7b8694ed-f626-45d7-ad92-ba79cd2bf69c@group-714DC092E474-LeaderElection27] INFO  server.RaftServerConfigKeys (ConfUtils.java:logGet(44)) - raft.server.watch.element-limit = 65536 (default)
2021-11-25 02:27:58,692 [7b8694ed-f626-45d7-ad92-ba79cd2bf69c@group-714DC092E474-LeaderElection27] INFO  server.RaftServerConfigKeys (ConfUtils.java:logGet(44)) - raft.server.write.element-limit = 1024 (custom)
2021-11-25 02:27:58,692 [7b8694ed-f626-45d7-ad92-ba79cd2bf69c@group-714DC092E474-LeaderElection27] INFO  server.RaftServerConfigKeys (ConfUtils.java:logGet(44)) - raft.server.write.follower.gap.ratio.max = -1.0 (default)
2021-11-25 02:27:58,692 [7b8694ed-f626-45d7-ad92-ba79cd2bf69c@group-714DC092E474-LeaderElection27] INFO  impl.RoleInfo (RoleInfo.java:updateAndGet(130)) - 7b8694ed-f626-45d7-ad92-ba79cd2bf69c: start 7b8694ed-f626-45d7-ad92-ba79cd2bf69c@group-714DC092E474-LeaderStateImpl
2021-11-25 02:27:58,692 [7b8694ed-f626-45d7-ad92-ba79cd2bf69c@group-714DC092E474-LeaderElection27] INFO  segmented.SegmentedRaftLogWorker (SegmentedRaftLogWorker.java:startLogSegment(394)) - 7b8694ed-f626-45d7-ad92-ba79cd2bf69c@group-714DC092E474-SegmentedRaftLogWorker: Starting segment from index:0
2021-11-25 02:27:58,703 [7b8694ed-f626-45d7-ad92-ba79cd2bf69c@group-714DC092E474-SegmentedRaftLogWorker] INFO  segmented.SegmentedRaftLogWorker (SegmentedRaftLogWorker.java:execute(601)) - 7b8694ed-f626-45d7-ad92-ba79cd2bf69c@group-714DC092E474-SegmentedRaftLogWorker: created new log segment /home/runner/work/ozone/ozone/hadoop-ozone/integration-test/target/test-dir/MiniOzoneClusterImpl-bf1a4df1-220d-4f19-a3f2-d6f00535f443/datanode-0/data/ratis/613c6e4d-57c4-4797-acf3-714dc092e474/current/log_inprogress_0
2021-11-25 02:27:58,713 [EventQueue-OpenPipelineForHealthyPipelineSafeModeRule] INFO  safemode.SCMSafeModeManager (HealthyPipelineSafeModeRule.java:process(124)) - SCM in safe mode. Healthy pipelines reported count is 0, required healthy pipeline reported count is 1
2021-11-25 02:27:58,721 [7b8694ed-f626-45d7-ad92-ba79cd2bf69c@group-714DC092E474-LeaderElection27] INFO  server.RaftServer$Division (ServerState.java:setRaftConf(387)) - 7b8694ed-f626-45d7-ad92-ba79cd2bf69c@group-714DC092E474: set configuration 0: [7b8694ed-f626-45d7-ad92-ba79cd2bf69c|rpc:10.1.0.13:33171|dataStream:|priority:1], old=null
2021-11-25 02:27:58,724 [7b8694ed-f626-45d7-ad92-ba79cd2bf69c@group-8550D68C7491-LeaderElection26] INFO  impl.LeaderElection (LeaderElection.java:askForVotes(306)) - 7b8694ed-f626-45d7-ad92-ba79cd2bf69c@group-8550D68C7491-LeaderElection26 ELECTION round 0: submit vote requests at term 1 for -1: [e8e4a09d-b55f-46fb-afd1-8638ca612560|rpc:10.1.0.13:42859|priority:1, 7b8694ed-f626-45d7-ad92-ba79cd2bf69c|rpc:10.1.0.13:33171|priority:0, a8a586c2-f99e-4cfe-9d52-03ddcdbedb28|rpc:10.1.0.13:36737|priority:0], old=null
2021-11-25 02:27:58,784 [Command processor thread] INFO  server.RaftServer (RaftServerProxy.java:addNew(95)) - 85323f18-cee6-4044-8995-00f3d4f90ee3: addNew group-ECA14B6AF402:[85323f18-cee6-4044-8995-00f3d4f90ee3|rpc:10.1.0.13:44439|priority:1] returns group-ECA14B6AF402:java.util.concurrent.CompletableFuture@16c4a109[Not completed]
2021-11-25 02:27:58,788 [a8a586c2-f99e-4cfe-9d52-03ddcdbedb28@group-8550D68C7491-FollowerState] INFO  impl.FollowerState (FollowerState.java:run(134)) - a8a586c2-f99e-4cfe-9d52-03ddcdbedb28@group-8550D68C7491-FollowerState: change to CANDIDATE, lastRpcElapsedTime:5012198806ns, electionTimeout:5011ms
2021-11-25 02:27:58,789 [a8a586c2-f99e-4cfe-9d52-03ddcdbedb28@group-8550D68C7491-FollowerState] INFO  impl.RoleInfo (RoleInfo.java:shutdownFollowerState(108)) - a8a586c2-f99e-4cfe-9d52-03ddcdbedb28: shutdown a8a586c2-f99e-4cfe-9d52-03ddcdbedb28@group-8550D68C7491-FollowerState
2021-11-25 02:27:58,789 [a8a586c2-f99e-4cfe-9d52-03ddcdbedb28@group-8550D68C7491-FollowerState] INFO  server.RaftServer$Division (RaftServerImpl.java:setRole(290)) - a8a586c2-f99e-4cfe-9d52-03ddcdbedb28@group-8550D68C7491: changes role from  FOLLOWER to CANDIDATE at term 0 for changeToCandidate
2021-11-25 02:27:58,802 [a8a586c2-f99e-4cfe-9d52-03ddcdbedb28@group-8550D68C7491-FollowerState] INFO  server.RaftServerConfigKeys (ConfUtils.java:logGet(44)) - raft.server.leaderelection.pre-vote = false (custom)
2021-11-25 02:27:58,802 [a8a586c2-f99e-4cfe-9d52-03ddcdbedb28@group-8550D68C7491-FollowerState] INFO  impl.RoleInfo (RoleInfo.java:updateAndGet(130)) - a8a586c2-f99e-4cfe-9d52-03ddcdbedb28: start a8a586c2-f99e-4cfe-9d52-03ddcdbedb28@group-8550D68C7491-LeaderElection28
2021-11-25 02:27:58,816 [pool-442-thread-1] INFO  server.RaftServer$Division (RaftServerImpl.java:<init>(184)) - 85323f18-cee6-4044-8995-00f3d4f90ee3: new RaftServerImpl for group-ECA14B6AF402:[85323f18-cee6-4044-8995-00f3d4f90ee3|rpc:10.1.0.13:44439|priority:1] with ContainerStateMachine:uninitialized
2021-11-25 02:27:58,816 [pool-442-thread-1] INFO  server.RaftServerConfigKeys (ConfUtils.java:logGet(44)) - raft.server.rpc.timeout.min = 5s (custom)
2021-11-25 02:27:58,816 [pool-442-thread-1] INFO  server.RaftServerConfigKeys (ConfUtils.java:logGet(44)) - raft.server.rpc.timeout.max = 5200ms (custom)
2021-11-25 02:27:58,816 [pool-442-thread-1] INFO  server.RaftServerConfigKeys (ConfUtils.java:logGet(44)) - raft.server.rpc.sleep.time = 25ms (default)
2021-11-25 02:27:58,816 [pool-442-thread-1] INFO  server.RaftServerConfigKeys (ConfUtils.java:logGet(44)) - raft.server.rpc.slowness.timeout = 300000ms (custom)
2021-11-25 02:27:58,816 [pool-442-thread-1] INFO  server.RaftServerConfigKeys (ConfUtils.java:logGet(44)) - raft.server.leaderelection.leader.step-down.wait-time = 10s (default)
2021-11-25 02:27:58,816 [pool-442-thread-1] INFO  server.RaftServerConfigKeys (ConfUtils.java:logGet(44)) - raft.server.sleep.deviation.threshold = 300ms (default)
2021-11-25 02:27:58,816 [pool-442-thread-1] INFO  server.RaftServerConfigKeys (ConfUtils.java:logGet(44)) - raft.server.log.appender.install.snapshot.enabled = false (custom)
2021-11-25 02:27:58,816 [pool-442-thread-1] INFO  server.RaftServer$Division (ServerState.java:<init>(105)) - 85323f18-cee6-4044-8995-00f3d4f90ee3@group-ECA14B6AF402: ConfigurationManager, init=-1: [85323f18-cee6-4044-8995-00f3d4f90ee3|rpc:10.1.0.13:44439|priority:1], old=null, confs=<EMPTY_MAP>
2021-11-25 02:27:58,816 [pool-442-thread-1] INFO  server.RaftServerConfigKeys (ConfUtils.java:logGet(44)) - raft.server.storage.dir = [/home/runner/work/ozone/ozone/hadoop-ozone/integration-test/target/test-dir/MiniOzoneClusterImpl-bf1a4df1-220d-4f19-a3f2-d6f00535f443/datanode-7/data/ratis] (custom)
2021-11-25 02:27:58,817 [pool-442-thread-1] INFO  server.RaftServerConfigKeys (ConfUtils.java:logGet(44)) - raft.server.log.corruption.policy = EXCEPTION (default)
2021-11-25 02:27:58,817 [pool-442-thread-1] INFO  server.RaftServerConfigKeys (ConfUtils.java:logGet(44)) - raft.server.storage.free-space.min = 0MB (=0) (default)
2021-11-25 02:27:58,817 [pool-442-thread-1] INFO  storage.RaftStorageDirectory (RaftStorageDirectoryImpl.java:analyzeStorage(135)) - The storage directory /home/runner/work/ozone/ozone/hadoop-ozone/integration-test/target/test-dir/MiniOzoneClusterImpl-bf1a4df1-220d-4f19-a3f2-d6f00535f443/datanode-7/data/ratis/75a857ac-5f62-441e-b42f-eca14b6af402 does not exist. Creating ...
2021-11-25 02:27:58,822 [pool-442-thread-1] INFO  storage.RaftStorageDirectory (RaftStorageDirectoryImpl.java:tryLock(230)) - Lock on /home/runner/work/ozone/ozone/hadoop-ozone/integration-test/target/test-dir/MiniOzoneClusterImpl-bf1a4df1-220d-4f19-a3f2-d6f00535f443/datanode-7/data/ratis/75a857ac-5f62-441e-b42f-eca14b6af402/in_use.lock acquired by nodename 2062@fv-az12-931
2021-11-25 02:27:58,826 [pool-442-thread-1] INFO  storage.RaftStorage (RaftStorageImpl.java:format(89)) - Storage directory /home/runner/work/ozone/ozone/hadoop-ozone/integration-test/target/test-dir/MiniOzoneClusterImpl-bf1a4df1-220d-4f19-a3f2-d6f00535f443/datanode-7/data/ratis/75a857ac-5f62-441e-b42f-eca14b6af402 has been successfully formatted.
2021-11-25 02:27:58,826 [pool-442-thread-1] INFO  ratis.ContainerStateMachine (ContainerStateMachine.java:loadSnapshot(224)) - group-ECA14B6AF402: The snapshot info is null. Setting the last applied indexto:(t:0, i:~)
2021-11-25 02:27:58,826 [pool-442-thread-1] INFO  server.RaftServerConfigKeys (ConfUtils.java:logGet(44)) - raft.server.notification.no-leader.timeout = 300000ms (custom)
2021-11-25 02:27:58,826 [pool-442-thread-1] INFO  server.RaftServerConfigKeys (ConfUtils.java:logGet(44)) - raft.server.log.use.memory = false (default)
2021-11-25 02:27:58,826 [pool-442-thread-1] INFO  server.RaftServerConfigKeys (ConfUtils.java:logGet(44)) - raft.server.log.purge.gap = 1000000 (custom)
2021-11-25 02:27:58,826 [pool-442-thread-1] INFO  server.RaftServerConfigKeys (ConfUtils.java:logGet(44)) - raft.server.log.appender.buffer.byte-limit = 33554432 (custom)
2021-11-25 02:27:58,826 [pool-442-thread-1] INFO  server.RaftServerConfigKeys (ConfUtils.java:logGet(44)) - raft.server.log.segment.size.max = 1048576 (custom)
2021-11-25 02:27:58,827 [pool-442-thread-1] INFO  server.RaftServerConfigKeys (ConfUtils.java:logGet(44)) - raft.server.log.segment.cache.num.max = 2 (custom)
2021-11-25 02:27:58,827 [pool-442-thread-1] INFO  server.RaftServerConfigKeys (ConfUtils.java:logGet(44)) - raft.server.log.segment.cache.size.max = 200MB (=209715200) (default)
2021-11-25 02:27:58,827 [pool-442-thread-1] INFO  segmented.SegmentedRaftLogWorker (SegmentedRaftLogWorker.java:<init>(182)) - new 85323f18-cee6-4044-8995-00f3d4f90ee3@group-ECA14B6AF402-SegmentedRaftLogWorker for RaftStorageImpl:Storage Directory /home/runner/work/ozone/ozone/hadoop-ozone/integration-test/target/test-dir/MiniOzoneClusterImpl-bf1a4df1-220d-4f19-a3f2-d6f00535f443/datanode-7/data/ratis/75a857ac-5f62-441e-b42f-eca14b6af402
2021-11-25 02:27:58,827 [pool-442-thread-1] INFO  server.RaftServerConfigKeys (ConfUtils.java:logGet(44)) - raft.server.log.queue.byte-limit = 2147483647 (custom)
2021-11-25 02:27:58,827 [pool-442-thread-1] INFO  server.RaftServerConfigKeys (ConfUtils.java:logGet(44)) - raft.server.log.queue.element-limit = 1024 (custom)
2021-11-25 02:27:58,827 [pool-442-thread-1] INFO  server.RaftServerConfigKeys (ConfUtils.java:logGet(44)) - raft.server.log.segment.size.max = 1048576 (custom)
2021-11-25 02:27:58,827 [pool-442-thread-1] INFO  server.RaftServerConfigKeys (ConfUtils.java:logGet(44)) - raft.server.log.preallocated.size = 16384 (custom)
2021-11-25 02:27:58,827 [pool-442-thread-1] INFO  server.RaftServerConfigKeys (ConfUtils.java:logGet(44)) - raft.server.log.force.sync.num = 128 (default)
2021-11-25 02:27:58,827 [pool-442-thread-1] INFO  server.RaftServerConfigKeys (ConfUtils.java:logGet(44)) - raft.server.log.statemachine.data.sync = true (default)
2021-11-25 02:27:58,827 [pool-442-thread-1] INFO  server.RaftServerConfigKeys (ConfUtils.java:logGet(44)) - raft.server.log.statemachine.data.sync.timeout = 10s (default)
2021-11-25 02:27:58,827 [pool-442-thread-1] INFO  server.RaftServerConfigKeys (ConfUtils.java:logGet(44)) - raft.server.log.statemachine.data.sync.timeout.retry = -1 (default)
2021-11-25 02:27:58,828 [pool-442-thread-1] INFO  server.RaftServerConfigKeys (ConfUtils.java:logGet(44)) - raft.server.log.write.buffer.size = 1048576 (custom)
2021-11-25 02:27:58,828 [pool-442-thread-1] INFO  server.RaftServerConfigKeys (ConfUtils.java:logGet(44)) - raft.server.log.statemachine.data.caching.enabled = true (custom)
2021-11-25 02:27:58,829 [pool-442-thread-1] INFO  segmented.SegmentedRaftLogWorker (SegmentedRaftLogWorker.java:lambda$new$0(133)) - 85323f18-cee6-4044-8995-00f3d4f90ee3@group-ECA14B6AF402-SegmentedRaftLogWorker: flushIndex: setUnconditionally 0 -> -1
2021-11-25 02:27:58,829 [pool-442-thread-1] INFO  segmented.SegmentedRaftLogWorker (SegmentedRaftLogWorker.java:lambda$new$0(133)) - 85323f18-cee6-4044-8995-00f3d4f90ee3@group-ECA14B6AF402-SegmentedRaftLogWorker: safeCacheEvictIndex: setUnconditionally 0 -> -1
2021-11-25 02:27:58,833 [pool-442-thread-1] INFO  server.RaftServerConfigKeys (ConfUtils.java:logGet(44)) - raft.server.snapshot.auto.trigger.enabled = true (custom)
2021-11-25 02:27:58,833 [pool-442-thread-1] INFO  server.RaftServerConfigKeys (ConfUtils.java:logGet(44)) - raft.server.snapshot.auto.trigger.threshold = 10000 (custom)
2021-11-25 02:27:58,838 [EventQueue-PipelineReportForPipelineReportHandler] INFO  pipeline.PipelineManagerImpl (PipelineManagerImpl.java:openPipeline(289)) - Pipeline Pipeline[ Id: 75a857ac-5f62-441e-b42f-eca14b6af402, Nodes: 85323f18-cee6-4044-8995-00f3d4f90ee3{ip: 10.1.0.13, host: fv-az12-931.exdb2aeach2ezidoxz41lk3bwg.cx.internal.cloudapp.net, ports: [REPLICATION=45767, RATIS=44439, RATIS_ADMIN=44439, RATIS_SERVER=44439, STANDALONE=46257], networkLocation: /default-rack, certSerialId: null, persistedOpState: IN_SERVICE, persistedOpStateExpiryEpochSec: 0}, ReplicationConfig: RATIS/ONE, State:ALLOCATED, leaderId:85323f18-cee6-4044-8995-00f3d4f90ee3, CreationTimestamp2021-11-25T02:27:55.789Z[Etc/UTC]] moved to OPEN state
2021-11-25 02:27:58,839 [EventQueue-OpenPipelineForHealthyPipelineSafeModeRule] INFO  safemode.SCMSafeModeManager (HealthyPipelineSafeModeRule.java:process(124)) - SCM in safe mode. Healthy pipelines reported count is 0, required healthy pipeline reported count is 1
2021-11-25 02:27:58,839 [pool-442-thread-1] INFO  server.RaftServerConfigKeys (ConfUtils.java:logGet(44)) - raft.server.snapshot.retention.file.num = 5 (custom)
2021-11-25 02:27:58,841 [pool-442-thread-1] INFO  server.RaftServerConfigKeys (ConfUtils.java:logGet(44)) - raft.server.log.purge.upto.snapshot.index = false (default)
2021-11-25 02:27:58,841 [pool-442-thread-1] INFO  server.RaftServerConfigKeys (ConfUtils.java:logGet(44)) - raft.server.retrycache.expirytime = 600000ms (custom)
2021-11-25 02:27:58,841 [pool-442-thread-1] INFO  server.RaftServerConfigKeys (ConfUtils.java:logGet(44)) - raft.server.retrycache.statistics.expirytime = 100μs (default)
2021-11-25 02:27:58,842 [pool-442-thread-1] INFO  server.RaftServer$Division (RaftServerImpl.java:start(301)) - 85323f18-cee6-4044-8995-00f3d4f90ee3@group-ECA14B6AF402: start as a follower, conf=-1: [85323f18-cee6-4044-8995-00f3d4f90ee3|rpc:10.1.0.13:44439|priority:1], old=null
2021-11-25 02:27:58,842 [pool-442-thread-1] INFO  server.RaftServer$Division (RaftServerImpl.java:setRole(290)) - 85323f18-cee6-4044-8995-00f3d4f90ee3@group-ECA14B6AF402: changes role from      null to FOLLOWER at term 0 for startAsFollower
2021-11-25 02:27:58,842 [pool-442-thread-1] INFO  impl.RoleInfo (RoleInfo.java:updateAndGet(130)) - 85323f18-cee6-4044-8995-00f3d4f90ee3: start 85323f18-cee6-4044-8995-00f3d4f90ee3@group-ECA14B6AF402-FollowerState
2021-11-25 02:27:58,867 [grpc-default-executor-1] INFO  server.RaftServer$Division (RaftServerImpl.java:requestVote(1046)) - a8a586c2-f99e-4cfe-9d52-03ddcdbedb28@group-8550D68C7491: receive requestVote(ELECTION, 7b8694ed-f626-45d7-ad92-ba79cd2bf69c, group-8550D68C7491, 1, (t:0, i:0))
2021-11-25 02:27:58,868 [grpc-default-executor-2] INFO  server.RaftServer$Division (RaftServerImpl.java:requestVote(1046)) - e8e4a09d-b55f-46fb-afd1-8638ca612560@group-8550D68C7491: receive requestVote(ELECTION, 7b8694ed-f626-45d7-ad92-ba79cd2bf69c, group-8550D68C7491, 1, (t:0, i:0))
2021-11-25 02:27:58,868 [grpc-default-executor-2] INFO  impl.VoteContext (VoteContext.java:log(48)) - e8e4a09d-b55f-46fb-afd1-8638ca612560@group-8550D68C7491-FOLLOWER: reject ELECTION from 7b8694ed-f626-45d7-ad92-ba79cd2bf69c: our priority 1 > candidate's priority 0
2021-11-25 02:27:58,868 [grpc-default-executor-2] INFO  server.RaftServer$Division (RaftServerImpl.java:setRole(290)) - e8e4a09d-b55f-46fb-afd1-8638ca612560@group-8550D68C7491: changes role from  FOLLOWER to FOLLOWER at term 1 for candidate:7b8694ed-f626-45d7-ad92-ba79cd2bf69c
2021-11-25 02:27:58,868 [grpc-default-executor-2] INFO  impl.RoleInfo (RoleInfo.java:shutdownFollowerState(108)) - e8e4a09d-b55f-46fb-afd1-8638ca612560: shutdown e8e4a09d-b55f-46fb-afd1-8638ca612560@group-8550D68C7491-FollowerState
2021-11-25 02:27:58,868 [grpc-default-executor-2] INFO  impl.RoleInfo (RoleInfo.java:updateAndGet(130)) - e8e4a09d-b55f-46fb-afd1-8638ca612560: start e8e4a09d-b55f-46fb-afd1-8638ca612560@group-8550D68C7491-FollowerState
2021-11-25 02:27:58,868 [e8e4a09d-b55f-46fb-afd1-8638ca612560@group-8550D68C7491-FollowerState] INFO  impl.FollowerState (FollowerState.java:run(143)) - e8e4a09d-b55f-46fb-afd1-8638ca612560@group-8550D68C7491-FollowerState was interrupted: {}
java.lang.InterruptedException: sleep interrupted
	at java.lang.Thread.sleep(Native Method)
	at java.lang.Thread.sleep(Thread.java:340)
	at java.util.concurrent.TimeUnit.sleep(TimeUnit.java:386)
	at org.apache.ratis.util.TimeDuration.sleep(TimeDuration.java:324)
	at org.apache.ratis.util.TimeDuration.sleep(TimeDuration.java:309)
	at org.apache.ratis.server.impl.FollowerState.run(FollowerState.java:118)
2021-11-25 02:27:58,869 [pool-442-thread-1] INFO  util.JmxRegister (JmxRegister.java:tryRegister(44)) - Successfully registered JMX Bean with object name Ratis:service=RaftServer,group=group-ECA14B6AF402,id=85323f18-cee6-4044-8995-00f3d4f90ee3
2021-11-25 02:27:58,869 [grpc-default-executor-1] INFO  impl.VoteContext (VoteContext.java:log(48)) - a8a586c2-f99e-4cfe-9d52-03ddcdbedb28@group-8550D68C7491-CANDIDATE: reject ELECTION from 7b8694ed-f626-45d7-ad92-ba79cd2bf69c: already has voted for a8a586c2-f99e-4cfe-9d52-03ddcdbedb28 at current term 1
2021-11-25 02:27:58,869 [grpc-default-executor-1] INFO  server.RaftServer$Division (RaftServerImpl.java:requestVote(1078)) - a8a586c2-f99e-4cfe-9d52-03ddcdbedb28@group-8550D68C7491 replies to ELECTION vote request: 7b8694ed-f626-45d7-ad92-ba79cd2bf69c<-a8a586c2-f99e-4cfe-9d52-03ddcdbedb28#0:FAIL-t1. Peer's state: a8a586c2-f99e-4cfe-9d52-03ddcdbedb28@group-8550D68C7491:t1, leader=null, voted=a8a586c2-f99e-4cfe-9d52-03ddcdbedb28, raftlog=a8a586c2-f99e-4cfe-9d52-03ddcdbedb28@group-8550D68C7491-SegmentedRaftLog:OPENED:c-1, conf=-1: [e8e4a09d-b55f-46fb-afd1-8638ca612560|rpc:10.1.0.13:42859|dataStream:|priority:1, 7b8694ed-f626-45d7-ad92-ba79cd2bf69c|rpc:10.1.0.13:33171|dataStream:|priority:0, a8a586c2-f99e-4cfe-9d52-03ddcdbedb28|rpc:10.1.0.13:36737|dataStream:|priority:0], old=null
2021-11-25 02:27:58,869 [a8a586c2-f99e-4cfe-9d52-03ddcdbedb28@group-8550D68C7491-LeaderElection28] INFO  impl.LeaderElection (LeaderElection.java:askForVotes(306)) - a8a586c2-f99e-4cfe-9d52-03ddcdbedb28@group-8550D68C7491-LeaderElection28 ELECTION round 0: submit vote requests at term 1 for -1: [e8e4a09d-b55f-46fb-afd1-8638ca612560|rpc:10.1.0.13:42859|dataStream:|priority:1, 7b8694ed-f626-45d7-ad92-ba79cd2bf69c|rpc:10.1.0.13:33171|dataStream:|priority:0, a8a586c2-f99e-4cfe-9d52-03ddcdbedb28|rpc:10.1.0.13:36737|dataStream:|priority:0], old=null
2021-11-25 02:27:58,872 [grpc-default-executor-2] INFO  server.RaftServer$Division (RaftServerImpl.java:requestVote(1078)) - e8e4a09d-b55f-46fb-afd1-8638ca612560@group-8550D68C7491 replies to ELECTION vote request: 7b8694ed-f626-45d7-ad92-ba79cd2bf69c<-e8e4a09d-b55f-46fb-afd1-8638ca612560#0:FAIL-t1. Peer's state: e8e4a09d-b55f-46fb-afd1-8638ca612560@group-8550D68C7491:t1, leader=null, voted=null, raftlog=e8e4a09d-b55f-46fb-afd1-8638ca612560@group-8550D68C7491-SegmentedRaftLog:OPENED:c-1, conf=-1: [e8e4a09d-b55f-46fb-afd1-8638ca612560|rpc:10.1.0.13:42859|dataStream:|priority:1, 7b8694ed-f626-45d7-ad92-ba79cd2bf69c|rpc:10.1.0.13:33171|dataStream:|priority:0, a8a586c2-f99e-4cfe-9d52-03ddcdbedb28|rpc:10.1.0.13:36737|dataStream:|priority:0], old=null
2021-11-25 02:27:58,903 [grpc-default-executor-2] INFO  server.RaftServer$Division (RaftServerImpl.java:requestVote(1046)) - e8e4a09d-b55f-46fb-afd1-8638ca612560@group-8550D68C7491: receive requestVote(ELECTION, a8a586c2-f99e-4cfe-9d52-03ddcdbedb28, group-8550D68C7491, 1, (t:0, i:0))
2021-11-25 02:27:58,903 [grpc-default-executor-2] INFO  impl.VoteContext (VoteContext.java:log(48)) - e8e4a09d-b55f-46fb-afd1-8638ca612560@group-8550D68C7491-FOLLOWER: reject ELECTION from a8a586c2-f99e-4cfe-9d52-03ddcdbedb28: our priority 1 > candidate's priority 0
2021-11-25 02:27:58,903 [grpc-default-executor-2] INFO  server.RaftServer$Division (RaftServerImpl.java:setRole(290)) - e8e4a09d-b55f-46fb-afd1-8638ca612560@group-8550D68C7491: changes role from  FOLLOWER to FOLLOWER at term 1 for candidate:a8a586c2-f99e-4cfe-9d52-03ddcdbedb28
2021-11-25 02:27:58,903 [grpc-default-executor-2] INFO  impl.RoleInfo (RoleInfo.java:shutdownFollowerState(108)) - e8e4a09d-b55f-46fb-afd1-8638ca612560: shutdown e8e4a09d-b55f-46fb-afd1-8638ca612560@group-8550D68C7491-FollowerState
2021-11-25 02:27:58,903 [grpc-default-executor-2] INFO  impl.RoleInfo (RoleInfo.java:updateAndGet(130)) - e8e4a09d-b55f-46fb-afd1-8638ca612560: start e8e4a09d-b55f-46fb-afd1-8638ca612560@group-8550D68C7491-FollowerState
2021-11-25 02:27:58,903 [e8e4a09d-b55f-46fb-afd1-8638ca612560@group-8550D68C7491-FollowerState] INFO  impl.FollowerState (FollowerState.java:run(143)) - e8e4a09d-b55f-46fb-afd1-8638ca612560@group-8550D68C7491-FollowerState was interrupted: {}
java.lang.InterruptedException: sleep interrupted
	at java.lang.Thread.sleep(Native Method)
	at java.lang.Thread.sleep(Thread.java:340)
	at java.util.concurrent.TimeUnit.sleep(TimeUnit.java:386)
	at org.apache.ratis.util.TimeDuration.sleep(TimeDuration.java:324)
	at org.apache.ratis.util.TimeDuration.sleep(TimeDuration.java:309)
	at org.apache.ratis.server.impl.FollowerState.run(FollowerState.java:118)
2021-11-25 02:27:58,905 [grpc-default-executor-2] INFO  server.RaftServer$Division (RaftServerImpl.java:requestVote(1078)) - e8e4a09d-b55f-46fb-afd1-8638ca612560@group-8550D68C7491 replies to ELECTION vote request: a8a586c2-f99e-4cfe-9d52-03ddcdbedb28<-e8e4a09d-b55f-46fb-afd1-8638ca612560#0:FAIL-t1. Peer's state: e8e4a09d-b55f-46fb-afd1-8638ca612560@group-8550D68C7491:t1, leader=null, voted=null, raftlog=e8e4a09d-b55f-46fb-afd1-8638ca612560@group-8550D68C7491-SegmentedRaftLog:OPENED:c-1, conf=-1: [e8e4a09d-b55f-46fb-afd1-8638ca612560|rpc:10.1.0.13:42859|dataStream:|priority:1, 7b8694ed-f626-45d7-ad92-ba79cd2bf69c|rpc:10.1.0.13:33171|dataStream:|priority:0, a8a586c2-f99e-4cfe-9d52-03ddcdbedb28|rpc:10.1.0.13:36737|dataStream:|priority:0], old=null
2021-11-25 02:27:58,910 [a8a586c2-f99e-4cfe-9d52-03ddcdbedb28@group-8550D68C7491-LeaderElection28] INFO  impl.LeaderElection (LeaderElection.java:logAndReturn(89)) - a8a586c2-f99e-4cfe-9d52-03ddcdbedb28@group-8550D68C7491-LeaderElection28: ELECTION REJECTED received 1 response(s) and 0 exception(s):
2021-11-25 02:27:58,910 [a8a586c2-f99e-4cfe-9d52-03ddcdbedb28@group-8550D68C7491-LeaderElection28] INFO  impl.LeaderElection (LeaderElection.java:logAndReturn(93)) -   Response 0: a8a586c2-f99e-4cfe-9d52-03ddcdbedb28<-e8e4a09d-b55f-46fb-afd1-8638ca612560#0:FAIL-t1
2021-11-25 02:27:58,910 [a8a586c2-f99e-4cfe-9d52-03ddcdbedb28@group-8550D68C7491-LeaderElection28] INFO  impl.LeaderElection (LeaderElection.java:askForVotes(308)) - a8a586c2-f99e-4cfe-9d52-03ddcdbedb28@group-8550D68C7491-LeaderElection28 ELECTION round 0: result REJECTED
2021-11-25 02:27:58,910 [a8a586c2-f99e-4cfe-9d52-03ddcdbedb28@group-8550D68C7491-LeaderElection28] INFO  server.RaftServer$Division (RaftServerImpl.java:setRole(290)) - a8a586c2-f99e-4cfe-9d52-03ddcdbedb28@group-8550D68C7491: changes role from CANDIDATE to FOLLOWER at term 1 for REJECTED
2021-11-25 02:27:58,910 [a8a586c2-f99e-4cfe-9d52-03ddcdbedb28@group-8550D68C7491-LeaderElection28] INFO  impl.RoleInfo (RoleInfo.java:shutdownLeaderElection(121)) - a8a586c2-f99e-4cfe-9d52-03ddcdbedb28: shutdown a8a586c2-f99e-4cfe-9d52-03ddcdbedb28@group-8550D68C7491-LeaderElection28
2021-11-25 02:27:58,910 [a8a586c2-f99e-4cfe-9d52-03ddcdbedb28@group-8550D68C7491-LeaderElection28] INFO  impl.RoleInfo (RoleInfo.java:updateAndGet(130)) - a8a586c2-f99e-4cfe-9d52-03ddcdbedb28: start a8a586c2-f99e-4cfe-9d52-03ddcdbedb28@group-8550D68C7491-FollowerState
2021-11-25 02:27:58,942 [Command processor thread] INFO  ratis.XceiverServerRatis (XceiverServerRatis.java:addGroup(768)) - Created group PipelineID=75a857ac-5f62-441e-b42f-eca14b6af402
2021-11-25 02:27:58,942 [Command processor thread] INFO  commandhandler.CreatePipelineCommandHandler (CreatePipelineCommandHandler.java:handle(106)) - Created Pipeline RATIS ONE PipelineID=75a857ac-5f62-441e-b42f-eca14b6af402.
2021-11-25 02:27:58,952 [7b8694ed-f626-45d7-ad92-ba79cd2bf69c@group-8550D68C7491-LeaderElection26] INFO  impl.LeaderElection (LeaderElection.java:logAndReturn(89)) - 7b8694ed-f626-45d7-ad92-ba79cd2bf69c@group-8550D68C7491-LeaderElection26: ELECTION REJECTED received 2 response(s) and 0 exception(s):
2021-11-25 02:27:58,953 [7b8694ed-f626-45d7-ad92-ba79cd2bf69c@group-8550D68C7491-LeaderElection26] INFO  impl.LeaderElection (LeaderElection.java:logAndReturn(93)) -   Response 0: 7b8694ed-f626-45d7-ad92-ba79cd2bf69c<-e8e4a09d-b55f-46fb-afd1-8638ca612560#0:FAIL-t1
2021-11-25 02:27:58,953 [7b8694ed-f626-45d7-ad92-ba79cd2bf69c@group-8550D68C7491-LeaderElection26] INFO  impl.LeaderElection (LeaderElection.java:logAndReturn(93)) -   Response 1: 7b8694ed-f626-45d7-ad92-ba79cd2bf69c<-a8a586c2-f99e-4cfe-9d52-03ddcdbedb28#0:FAIL-t1
2021-11-25 02:27:58,953 [7b8694ed-f626-45d7-ad92-ba79cd2bf69c@group-8550D68C7491-LeaderElection26] INFO  impl.LeaderElection (LeaderElection.java:askForVotes(308)) - 7b8694ed-f626-45d7-ad92-ba79cd2bf69c@group-8550D68C7491-LeaderElection26 ELECTION round 0: result REJECTED
2021-11-25 02:27:58,953 [7b8694ed-f626-45d7-ad92-ba79cd2bf69c@group-8550D68C7491-LeaderElection26] INFO  server.RaftServer$Division (RaftServerImpl.java:setRole(290)) - 7b8694ed-f626-45d7-ad92-ba79cd2bf69c@group-8550D68C7491: changes role from CANDIDATE to FOLLOWER at term 1 for REJECTED
2021-11-25 02:27:58,953 [7b8694ed-f626-45d7-ad92-ba79cd2bf69c@group-8550D68C7491-LeaderElection26] INFO  impl.RoleInfo (RoleInfo.java:shutdownLeaderElection(121)) - 7b8694ed-f626-45d7-ad92-ba79cd2bf69c: shutdown 7b8694ed-f626-45d7-ad92-ba79cd2bf69c@group-8550D68C7491-LeaderElection26
2021-11-25 02:27:58,953 [7b8694ed-f626-45d7-ad92-ba79cd2bf69c@group-8550D68C7491-LeaderElection26] INFO  impl.RoleInfo (RoleInfo.java:updateAndGet(130)) - 7b8694ed-f626-45d7-ad92-ba79cd2bf69c: start 7b8694ed-f626-45d7-ad92-ba79cd2bf69c@group-8550D68C7491-FollowerState
2021-11-25 02:27:58,985 [grpc-default-executor-2] INFO  server.RaftServer$Division (RaftServerImpl.java:requestVote(1046)) - 7b8694ed-f626-45d7-ad92-ba79cd2bf69c@group-8550D68C7491: receive requestVote(ELECTION, a8a586c2-f99e-4cfe-9d52-03ddcdbedb28, group-8550D68C7491, 1, (t:0, i:0))
2021-11-25 02:27:58,985 [grpc-default-executor-2] INFO  impl.VoteContext (VoteContext.java:log(48)) - 7b8694ed-f626-45d7-ad92-ba79cd2bf69c@group-8550D68C7491-FOLLOWER: reject ELECTION from a8a586c2-f99e-4cfe-9d52-03ddcdbedb28: already has voted for 7b8694ed-f626-45d7-ad92-ba79cd2bf69c at current term 1
2021-11-25 02:27:58,985 [grpc-default-executor-2] INFO  server.RaftServer$Division (RaftServerImpl.java:requestVote(1078)) - 7b8694ed-f626-45d7-ad92-ba79cd2bf69c@group-8550D68C7491 replies to ELECTION vote request: a8a586c2-f99e-4cfe-9d52-03ddcdbedb28<-7b8694ed-f626-45d7-ad92-ba79cd2bf69c#0:FAIL-t1. Peer's state: 7b8694ed-f626-45d7-ad92-ba79cd2bf69c@group-8550D68C7491:t1, leader=null, voted=7b8694ed-f626-45d7-ad92-ba79cd2bf69c, raftlog=7b8694ed-f626-45d7-ad92-ba79cd2bf69c@group-8550D68C7491-SegmentedRaftLog:OPENED:c-1, conf=-1: [e8e4a09d-b55f-46fb-afd1-8638ca612560|rpc:10.1.0.13:42859|priority:1, 7b8694ed-f626-45d7-ad92-ba79cd2bf69c|rpc:10.1.0.13:33171|priority:0, a8a586c2-f99e-4cfe-9d52-03ddcdbedb28|rpc:10.1.0.13:36737|priority:0], old=null
2021-11-25 02:27:59,245 [Listener at 127.0.0.1/44827] INFO  ozone.MiniOzoneClusterImpl (MiniOzoneClusterImpl.java:lambda$waitForClusterToBeReady$0(235)) - Nodes are ready. Got 9 of 9 DN Heartbeats.
2021-11-25 02:27:59,246 [Listener at 127.0.0.1/44827] INFO  ozone.MiniOzoneClusterImpl (MiniOzoneClusterImpl.java:lambda$waitForClusterToBeReady$0(238)) - Waiting for cluster to exit safe mode
2021-11-25 02:27:59,246 [Listener at 127.0.0.1/44827] INFO  ozone.MiniOzoneClusterImpl (MiniOzoneClusterImpl.java:lambda$waitForClusterToBeReady$0(240)) - SCM became leader
2021-11-25 02:27:59,258 [Command processor thread] INFO  server.RaftServer (RaftServerProxy.java:addNew(95)) - 270b4571-6830-404f-969d-140ad9dcfc29: addNew group-9FEE27C1B290:[270b4571-6830-404f-969d-140ad9dcfc29|rpc:10.1.0.13:46697|priority:1] returns group-9FEE27C1B290:java.util.concurrent.CompletableFuture@529c6b22[Not completed]
2021-11-25 02:27:59,259 [pool-461-thread-1] INFO  server.RaftServer$Division (RaftServerImpl.java:<init>(184)) - 270b4571-6830-404f-969d-140ad9dcfc29: new RaftServerImpl for group-9FEE27C1B290:[270b4571-6830-404f-969d-140ad9dcfc29|rpc:10.1.0.13:46697|priority:1] with ContainerStateMachine:uninitialized
2021-11-25 02:27:59,259 [pool-461-thread-1] INFO  server.RaftServerConfigKeys (ConfUtils.java:logGet(44)) - raft.server.rpc.timeout.min = 5s (custom)
2021-11-25 02:27:59,259 [pool-461-thread-1] INFO  server.RaftServerConfigKeys (ConfUtils.java:logGet(44)) - raft.server.rpc.timeout.max = 5200ms (custom)
2021-11-25 02:27:59,259 [pool-461-thread-1] INFO  server.RaftServerConfigKeys (ConfUtils.java:logGet(44)) - raft.server.rpc.sleep.time = 25ms (default)
2021-11-25 02:27:59,259 [pool-461-thread-1] INFO  server.RaftServerConfigKeys (ConfUtils.java:logGet(44)) - raft.server.rpc.slowness.timeout = 300000ms (custom)
2021-11-25 02:27:59,259 [pool-461-thread-1] INFO  server.RaftServerConfigKeys (ConfUtils.java:logGet(44)) - raft.server.leaderelection.leader.step-down.wait-time = 10s (default)
2021-11-25 02:27:59,259 [pool-461-thread-1] INFO  server.RaftServerConfigKeys (ConfUtils.java:logGet(44)) - raft.server.sleep.deviation.threshold = 300ms (default)
2021-11-25 02:27:59,259 [pool-461-thread-1] INFO  server.RaftServerConfigKeys (ConfUtils.java:logGet(44)) - raft.server.log.appender.install.snapshot.enabled = false (custom)
2021-11-25 02:27:59,259 [pool-461-thread-1] INFO  server.RaftServer$Division (ServerState.java:<init>(105)) - 270b4571-6830-404f-969d-140ad9dcfc29@group-9FEE27C1B290: ConfigurationManager, init=-1: [270b4571-6830-404f-969d-140ad9dcfc29|rpc:10.1.0.13:46697|priority:1], old=null, confs=<EMPTY_MAP>
2021-11-25 02:27:59,260 [pool-461-thread-1] INFO  server.RaftServerConfigKeys (ConfUtils.java:logGet(44)) - raft.server.storage.dir = [/home/runner/work/ozone/ozone/hadoop-ozone/integration-test/target/test-dir/MiniOzoneClusterImpl-bf1a4df1-220d-4f19-a3f2-d6f00535f443/datanode-8/data/ratis] (custom)
2021-11-25 02:27:59,260 [pool-461-thread-1] INFO  server.RaftServerConfigKeys (ConfUtils.java:logGet(44)) - raft.server.log.corruption.policy = EXCEPTION (default)
2021-11-25 02:27:59,260 [pool-461-thread-1] INFO  server.RaftServerConfigKeys (ConfUtils.java:logGet(44)) - raft.server.storage.free-space.min = 0MB (=0) (default)
2021-11-25 02:27:59,261 [pool-461-thread-1] INFO  storage.RaftStorageDirectory (RaftStorageDirectoryImpl.java:analyzeStorage(135)) - The storage directory /home/runner/work/ozone/ozone/hadoop-ozone/integration-test/target/test-dir/MiniOzoneClusterImpl-bf1a4df1-220d-4f19-a3f2-d6f00535f443/datanode-8/data/ratis/7a48c42b-f28c-4c78-97fe-9fee27c1b290 does not exist. Creating ...
2021-11-25 02:27:59,262 [pool-461-thread-1] INFO  storage.RaftStorageDirectory (RaftStorageDirectoryImpl.java:tryLock(230)) - Lock on /home/runner/work/ozone/ozone/hadoop-ozone/integration-test/target/test-dir/MiniOzoneClusterImpl-bf1a4df1-220d-4f19-a3f2-d6f00535f443/datanode-8/data/ratis/7a48c42b-f28c-4c78-97fe-9fee27c1b290/in_use.lock acquired by nodename 2062@fv-az12-931
2021-11-25 02:27:59,264 [pool-461-thread-1] INFO  storage.RaftStorage (RaftStorageImpl.java:format(89)) - Storage directory /home/runner/work/ozone/ozone/hadoop-ozone/integration-test/target/test-dir/MiniOzoneClusterImpl-bf1a4df1-220d-4f19-a3f2-d6f00535f443/datanode-8/data/ratis/7a48c42b-f28c-4c78-97fe-9fee27c1b290 has been successfully formatted.
2021-11-25 02:27:59,265 [pool-461-thread-1] INFO  ratis.ContainerStateMachine (ContainerStateMachine.java:loadSnapshot(224)) - group-9FEE27C1B290: The snapshot info is null. Setting the last applied indexto:(t:0, i:~)
2021-11-25 02:27:59,265 [pool-461-thread-1] INFO  server.RaftServerConfigKeys (ConfUtils.java:logGet(44)) - raft.server.notification.no-leader.timeout = 300000ms (custom)
2021-11-25 02:27:59,269 [pool-461-thread-1] INFO  server.RaftServerConfigKeys (ConfUtils.java:logGet(44)) - raft.server.log.use.memory = false (default)
2021-11-25 02:27:59,270 [pool-461-thread-1] INFO  server.RaftServerConfigKeys (ConfUtils.java:logGet(44)) - raft.server.log.purge.gap = 1000000 (custom)
2021-11-25 02:27:59,270 [pool-461-thread-1] INFO  server.RaftServerConfigKeys (ConfUtils.java:logGet(44)) - raft.server.log.appender.buffer.byte-limit = 33554432 (custom)
2021-11-25 02:27:59,270 [pool-461-thread-1] INFO  server.RaftServerConfigKeys (ConfUtils.java:logGet(44)) - raft.server.log.segment.size.max = 1048576 (custom)
2021-11-25 02:27:59,270 [pool-461-thread-1] INFO  server.RaftServerConfigKeys (ConfUtils.java:logGet(44)) - raft.server.log.segment.cache.num.max = 2 (custom)
2021-11-25 02:27:59,270 [pool-461-thread-1] INFO  server.RaftServerConfigKeys (ConfUtils.java:logGet(44)) - raft.server.log.segment.cache.size.max = 200MB (=209715200) (default)
2021-11-25 02:27:59,270 [pool-461-thread-1] INFO  segmented.SegmentedRaftLogWorker (SegmentedRaftLogWorker.java:<init>(182)) - new 270b4571-6830-404f-969d-140ad9dcfc29@group-9FEE27C1B290-SegmentedRaftLogWorker for RaftStorageImpl:Storage Directory /home/runner/work/ozone/ozone/hadoop-ozone/integration-test/target/test-dir/MiniOzoneClusterImpl-bf1a4df1-220d-4f19-a3f2-d6f00535f443/datanode-8/data/ratis/7a48c42b-f28c-4c78-97fe-9fee27c1b290
2021-11-25 02:27:59,270 [pool-461-thread-1] INFO  server.RaftServerConfigKeys (ConfUtils.java:logGet(44)) - raft.server.log.queue.byte-limit = 2147483647 (custom)
2021-11-25 02:27:59,270 [pool-461-thread-1] INFO  server.RaftServerConfigKeys (ConfUtils.java:logGet(44)) - raft.server.log.queue.element-limit = 1024 (custom)
2021-11-25 02:27:59,270 [pool-461-thread-1] INFO  server.RaftServerConfigKeys (ConfUtils.java:logGet(44)) - raft.server.log.segment.size.max = 1048576 (custom)
2021-11-25 02:27:59,271 [pool-461-thread-1] INFO  server.RaftServerConfigKeys (ConfUtils.java:logGet(44)) - raft.server.log.preallocated.size = 16384 (custom)
2021-11-25 02:27:59,271 [pool-461-thread-1] INFO  server.RaftServerConfigKeys (ConfUtils.java:logGet(44)) - raft.server.log.force.sync.num = 128 (default)
2021-11-25 02:27:59,271 [pool-461-thread-1] INFO  server.RaftServerConfigKeys (ConfUtils.java:logGet(44)) - raft.server.log.statemachine.data.sync = true (default)
2021-11-25 02:27:59,271 [pool-461-thread-1] INFO  server.RaftServerConfigKeys (ConfUtils.java:logGet(44)) - raft.server.log.statemachine.data.sync.timeout = 10s (default)
2021-11-25 02:27:59,271 [pool-461-thread-1] INFO  server.RaftServerConfigKeys (ConfUtils.java:logGet(44)) - raft.server.log.statemachine.data.sync.timeout.retry = -1 (default)
2021-11-25 02:27:59,272 [pool-461-thread-1] INFO  server.RaftServerConfigKeys (ConfUtils.java:logGet(44)) - raft.server.log.write.buffer.size = 1048576 (custom)
2021-11-25 02:27:59,272 [pool-461-thread-1] INFO  server.RaftServerConfigKeys (ConfUtils.java:logGet(44)) - raft.server.log.statemachine.data.caching.enabled = true (custom)
2021-11-25 02:27:59,273 [pool-461-thread-1] INFO  segmented.SegmentedRaftLogWorker (SegmentedRaftLogWorker.java:lambda$new$0(133)) - 270b4571-6830-404f-969d-140ad9dcfc29@group-9FEE27C1B290-SegmentedRaftLogWorker: flushIndex: setUnconditionally 0 -> -1
2021-11-25 02:27:59,273 [pool-461-thread-1] INFO  segmented.SegmentedRaftLogWorker (SegmentedRaftLogWorker.java:lambda$new$0(133)) - 270b4571-6830-404f-969d-140ad9dcfc29@group-9FEE27C1B290-SegmentedRaftLogWorker: safeCacheEvictIndex: setUnconditionally 0 -> -1
2021-11-25 02:27:59,265 [EventQueue-PipelineReportForPipelineReportHandler] INFO  pipeline.PipelineManagerImpl (PipelineManagerImpl.java:openPipeline(289)) - Pipeline Pipeline[ Id: 7a48c42b-f28c-4c78-97fe-9fee27c1b290, Nodes: 270b4571-6830-404f-969d-140ad9dcfc29{ip: 10.1.0.13, host: fv-az12-931.exdb2aeach2ezidoxz41lk3bwg.cx.internal.cloudapp.net, ports: [REPLICATION=40639, RATIS=46697, RATIS_ADMIN=46697, RATIS_SERVER=46697, STANDALONE=41821], networkLocation: /default-rack, certSerialId: null, persistedOpState: IN_SERVICE, persistedOpStateExpiryEpochSec: 0}, ReplicationConfig: RATIS/ONE, State:ALLOCATED, leaderId:270b4571-6830-404f-969d-140ad9dcfc29, CreationTimestamp2021-11-25T02:27:56.260Z[Etc/UTC]] moved to OPEN state
2021-11-25 02:27:59,274 [EventQueue-OpenPipelineForHealthyPipelineSafeModeRule] INFO  safemode.SCMSafeModeManager (HealthyPipelineSafeModeRule.java:process(124)) - SCM in safe mode. Healthy pipelines reported count is 0, required healthy pipeline reported count is 1
2021-11-25 02:27:59,278 [pool-461-thread-1] INFO  server.RaftServerConfigKeys (ConfUtils.java:logGet(44)) - raft.server.snapshot.auto.trigger.enabled = true (custom)
2021-11-25 02:27:59,278 [pool-461-thread-1] INFO  server.RaftServerConfigKeys (ConfUtils.java:logGet(44)) - raft.server.snapshot.auto.trigger.threshold = 10000 (custom)
2021-11-25 02:27:59,278 [pool-461-thread-1] INFO  server.RaftServerConfigKeys (ConfUtils.java:logGet(44)) - raft.server.snapshot.retention.file.num = 5 (custom)
2021-11-25 02:27:59,278 [pool-461-thread-1] INFO  server.RaftServerConfigKeys (ConfUtils.java:logGet(44)) - raft.server.log.purge.upto.snapshot.index = false (default)
2021-11-25 02:27:59,278 [pool-461-thread-1] INFO  server.RaftServerConfigKeys (ConfUtils.java:logGet(44)) - raft.server.retrycache.expirytime = 600000ms (custom)
2021-11-25 02:27:59,278 [pool-461-thread-1] INFO  server.RaftServerConfigKeys (ConfUtils.java:logGet(44)) - raft.server.retrycache.statistics.expirytime = 100μs (default)
2021-11-25 02:27:59,280 [pool-461-thread-1] INFO  server.RaftServer$Division (RaftServerImpl.java:start(301)) - 270b4571-6830-404f-969d-140ad9dcfc29@group-9FEE27C1B290: start as a follower, conf=-1: [270b4571-6830-404f-969d-140ad9dcfc29|rpc:10.1.0.13:46697|priority:1], old=null
2021-11-25 02:27:59,280 [pool-461-thread-1] INFO  server.RaftServer$Division (RaftServerImpl.java:setRole(290)) - 270b4571-6830-404f-969d-140ad9dcfc29@group-9FEE27C1B290: changes role from      null to FOLLOWER at term 0 for startAsFollower
2021-11-25 02:27:59,280 [pool-461-thread-1] INFO  impl.RoleInfo (RoleInfo.java:updateAndGet(130)) - 270b4571-6830-404f-969d-140ad9dcfc29: start 270b4571-6830-404f-969d-140ad9dcfc29@group-9FEE27C1B290-FollowerState
2021-11-25 02:27:59,280 [pool-461-thread-1] INFO  util.JmxRegister (JmxRegister.java:tryRegister(44)) - Successfully registered JMX Bean with object name Ratis:service=RaftServer,group=group-9FEE27C1B290,id=270b4571-6830-404f-969d-140ad9dcfc29
2021-11-25 02:27:59,281 [Command processor thread] INFO  ratis.XceiverServerRatis (XceiverServerRatis.java:addGroup(768)) - Created group PipelineID=7a48c42b-f28c-4c78-97fe-9fee27c1b290
2021-11-25 02:27:59,281 [Command processor thread] INFO  commandhandler.CreatePipelineCommandHandler (CreatePipelineCommandHandler.java:handle(106)) - Created Pipeline RATIS ONE PipelineID=7a48c42b-f28c-4c78-97fe-9fee27c1b290.
2021-11-25 02:27:59,308 [a8a586c2-f99e-4cfe-9d52-03ddcdbedb28@group-FD35AD8B3CA6-FollowerState] INFO  impl.FollowerState (FollowerState.java:run(134)) - a8a586c2-f99e-4cfe-9d52-03ddcdbedb28@group-FD35AD8B3CA6-FollowerState: change to CANDIDATE, lastRpcElapsedTime:5072235495ns, electionTimeout:5055ms
2021-11-25 02:27:59,309 [a8a586c2-f99e-4cfe-9d52-03ddcdbedb28@group-FD35AD8B3CA6-FollowerState] INFO  impl.RoleInfo (RoleInfo.java:shutdownFollowerState(108)) - a8a586c2-f99e-4cfe-9d52-03ddcdbedb28: shutdown a8a586c2-f99e-4cfe-9d52-03ddcdbedb28@group-FD35AD8B3CA6-FollowerState
2021-11-25 02:27:59,309 [a8a586c2-f99e-4cfe-9d52-03ddcdbedb28@group-FD35AD8B3CA6-FollowerState] INFO  server.RaftServer$Division (RaftServerImpl.java:setRole(290)) - a8a586c2-f99e-4cfe-9d52-03ddcdbedb28@group-FD35AD8B3CA6: changes role from  FOLLOWER to CANDIDATE at term 0 for changeToCandidate
2021-11-25 02:27:59,309 [a8a586c2-f99e-4cfe-9d52-03ddcdbedb28@group-FD35AD8B3CA6-FollowerState] INFO  server.RaftServerConfigKeys (ConfUtils.java:logGet(44)) - raft.server.leaderelection.pre-vote = false (custom)
2021-11-25 02:27:59,309 [a8a586c2-f99e-4cfe-9d52-03ddcdbedb28@group-FD35AD8B3CA6-FollowerState] INFO  impl.RoleInfo (RoleInfo.java:updateAndGet(130)) - a8a586c2-f99e-4cfe-9d52-03ddcdbedb28: start a8a586c2-f99e-4cfe-9d52-03ddcdbedb28@group-FD35AD8B3CA6-LeaderElection29
2021-11-25 02:27:59,364 [a8a586c2-f99e-4cfe-9d52-03ddcdbedb28@group-FD35AD8B3CA6-LeaderElection29] INFO  impl.LeaderElection (LeaderElection.java:askForVotes(306)) - a8a586c2-f99e-4cfe-9d52-03ddcdbedb28@group-FD35AD8B3CA6-LeaderElection29 ELECTION round 0: submit vote requests at term 1 for -1: [a8a586c2-f99e-4cfe-9d52-03ddcdbedb28|rpc:10.1.0.13:36737|priority:1], old=null
2021-11-25 02:27:59,364 [a8a586c2-f99e-4cfe-9d52-03ddcdbedb28@group-FD35AD8B3CA6-LeaderElection29] INFO  impl.LeaderElection (LeaderElection.java:askForVotes(308)) - a8a586c2-f99e-4cfe-9d52-03ddcdbedb28@group-FD35AD8B3CA6-LeaderElection29 ELECTION round 0: result PASSED (term=1)
2021-11-25 02:27:59,364 [a8a586c2-f99e-4cfe-9d52-03ddcdbedb28@group-FD35AD8B3CA6-LeaderElection29] INFO  impl.RoleInfo (RoleInfo.java:shutdownLeaderElection(121)) - a8a586c2-f99e-4cfe-9d52-03ddcdbedb28: shutdown a8a586c2-f99e-4cfe-9d52-03ddcdbedb28@group-FD35AD8B3CA6-LeaderElection29
2021-11-25 02:27:59,364 [a8a586c2-f99e-4cfe-9d52-03ddcdbedb28@group-FD35AD8B3CA6-LeaderElection29] INFO  server.RaftServer$Division (RaftServerImpl.java:setRole(290)) - a8a586c2-f99e-4cfe-9d52-03ddcdbedb28@group-FD35AD8B3CA6: changes role from CANDIDATE to LEADER at term 1 for changeToLeader
2021-11-25 02:27:59,364 [a8a586c2-f99e-4cfe-9d52-03ddcdbedb28@group-FD35AD8B3CA6-LeaderElection29] INFO  ratis.XceiverServerRatis (XceiverServerRatis.java:handleLeaderChangedNotification(866)) - Leader change notification received for group: group-FD35AD8B3CA6 with new leaderId: a8a586c2-f99e-4cfe-9d52-03ddcdbedb28
2021-11-25 02:27:59,364 [a8a586c2-f99e-4cfe-9d52-03ddcdbedb28@group-FD35AD8B3CA6-LeaderElection29] INFO  server.RaftServer$Division (ServerState.java:setLeader(285)) - a8a586c2-f99e-4cfe-9d52-03ddcdbedb28@group-FD35AD8B3CA6: change Leader from null to a8a586c2-f99e-4cfe-9d52-03ddcdbedb28 at term 1 for becomeLeader, leader elected after 5160ms
2021-11-25 02:27:59,364 [a8a586c2-f99e-4cfe-9d52-03ddcdbedb28@group-FD35AD8B3CA6-LeaderElection29] INFO  server.RaftServerConfigKeys (ConfUtils.java:logGet(44)) - raft.server.staging.catchup.gap = 1000 (default)
2021-11-25 02:27:59,365 [a8a586c2-f99e-4cfe-9d52-03ddcdbedb28@group-FD35AD8B3CA6-LeaderElection29] INFO  server.RaftServerConfigKeys (ConfUtils.java:logGet(44)) - raft.server.write.element-limit = 1024 (custom)
2021-11-25 02:27:59,365 [a8a586c2-f99e-4cfe-9d52-03ddcdbedb28@group-FD35AD8B3CA6-LeaderElection29] INFO  server.RaftServerConfigKeys (ConfUtils.java:logGet(44)) - raft.server.write.byte-limit = 1024 M (=1073741824) (custom)
2021-11-25 02:27:59,365 [a8a586c2-f99e-4cfe-9d52-03ddcdbedb28@group-FD35AD8B3CA6-LeaderElection29] INFO  server.RaftServerConfigKeys (ConfUtils.java:logGet(44)) - raft.server.watch.timeout = 3000ms (custom)
2021-11-25 02:27:59,365 [a8a586c2-f99e-4cfe-9d52-03ddcdbedb28@group-FD35AD8B3CA6-LeaderElection29] INFO  server.RaftServerConfigKeys (ConfUtils.java:logGet(44)) - raft.server.watch.timeout.denomination = 1s (default)
2021-11-25 02:27:59,365 [a8a586c2-f99e-4cfe-9d52-03ddcdbedb28@group-FD35AD8B3CA6-LeaderElection29] INFO  server.RaftServerConfigKeys (ConfUtils.java:logGet(44)) - raft.server.watch.element-limit = 65536 (default)
2021-11-25 02:27:59,365 [a8a586c2-f99e-4cfe-9d52-03ddcdbedb28@group-FD35AD8B3CA6-LeaderElection29] INFO  server.RaftServerConfigKeys (ConfUtils.java:logGet(44)) - raft.server.write.element-limit = 1024 (custom)
2021-11-25 02:27:59,365 [a8a586c2-f99e-4cfe-9d52-03ddcdbedb28@group-FD35AD8B3CA6-LeaderElection29] INFO  server.RaftServerConfigKeys (ConfUtils.java:logGet(44)) - raft.server.write.follower.gap.ratio.max = -1.0 (default)
2021-11-25 02:27:59,365 [a8a586c2-f99e-4cfe-9d52-03ddcdbedb28@group-FD35AD8B3CA6-LeaderElection29] INFO  impl.RoleInfo (RoleInfo.java:updateAndGet(130)) - a8a586c2-f99e-4cfe-9d52-03ddcdbedb28: start a8a586c2-f99e-4cfe-9d52-03ddcdbedb28@group-FD35AD8B3CA6-LeaderStateImpl
2021-11-25 02:27:59,366 [a8a586c2-f99e-4cfe-9d52-03ddcdbedb28@group-FD35AD8B3CA6-LeaderElection29] INFO  segmented.SegmentedRaftLogWorker (SegmentedRaftLogWorker.java:startLogSegment(394)) - a8a586c2-f99e-4cfe-9d52-03ddcdbedb28@group-FD35AD8B3CA6-SegmentedRaftLogWorker: Starting segment from index:0
2021-11-25 02:27:59,368 [EventQueue-OpenPipelineForHealthyPipelineSafeModeRule] INFO  safemode.SCMSafeModeManager (HealthyPipelineSafeModeRule.java:process(124)) - SCM in safe mode. Healthy pipelines reported count is 0, required healthy pipeline reported count is 1
2021-11-25 02:27:59,370 [a8a586c2-f99e-4cfe-9d52-03ddcdbedb28@group-FD35AD8B3CA6-SegmentedRaftLogWorker] INFO  segmented.SegmentedRaftLogWorker (SegmentedRaftLogWorker.java:execute(601)) - a8a586c2-f99e-4cfe-9d52-03ddcdbedb28@group-FD35AD8B3CA6-SegmentedRaftLogWorker: created new log segment /home/runner/work/ozone/ozone/hadoop-ozone/integration-test/target/test-dir/MiniOzoneClusterImpl-bf1a4df1-220d-4f19-a3f2-d6f00535f443/datanode-1/data/ratis/dfdd88c3-25de-4d41-966b-fd35ad8b3ca6/current/log_inprogress_0
2021-11-25 02:27:59,379 [a8a586c2-f99e-4cfe-9d52-03ddcdbedb28@group-FD35AD8B3CA6-LeaderElection29] INFO  server.RaftServer$Division (ServerState.java:setRaftConf(387)) - a8a586c2-f99e-4cfe-9d52-03ddcdbedb28@group-FD35AD8B3CA6: set configuration 0: [a8a586c2-f99e-4cfe-9d52-03ddcdbedb28|rpc:10.1.0.13:36737|dataStream:|priority:1], old=null
2021-11-25 02:28:00,032 [e8e4a09d-b55f-46fb-afd1-8638ca612560@group-064E13E4DC9E-FollowerState] INFO  impl.FollowerState (FollowerState.java:run(134)) - e8e4a09d-b55f-46fb-afd1-8638ca612560@group-064E13E4DC9E-FollowerState: change to CANDIDATE, lastRpcElapsedTime:5004480426ns, electionTimeout:5001ms
2021-11-25 02:28:00,032 [e8e4a09d-b55f-46fb-afd1-8638ca612560@group-064E13E4DC9E-FollowerState] INFO  impl.RoleInfo (RoleInfo.java:shutdownFollowerState(108)) - e8e4a09d-b55f-46fb-afd1-8638ca612560: shutdown e8e4a09d-b55f-46fb-afd1-8638ca612560@group-064E13E4DC9E-FollowerState
2021-11-25 02:28:00,032 [e8e4a09d-b55f-46fb-afd1-8638ca612560@group-064E13E4DC9E-FollowerState] INFO  server.RaftServer$Division (RaftServerImpl.java:setRole(290)) - e8e4a09d-b55f-46fb-afd1-8638ca612560@group-064E13E4DC9E: changes role from  FOLLOWER to CANDIDATE at term 0 for changeToCandidate
2021-11-25 02:28:00,034 [e8e4a09d-b55f-46fb-afd1-8638ca612560@group-064E13E4DC9E-FollowerState] INFO  server.RaftServerConfigKeys (ConfUtils.java:logGet(44)) - raft.server.leaderelection.pre-vote = false (custom)
2021-11-25 02:28:00,034 [e8e4a09d-b55f-46fb-afd1-8638ca612560@group-064E13E4DC9E-FollowerState] INFO  impl.RoleInfo (RoleInfo.java:updateAndGet(130)) - e8e4a09d-b55f-46fb-afd1-8638ca612560: start e8e4a09d-b55f-46fb-afd1-8638ca612560@group-064E13E4DC9E-LeaderElection30
2021-11-25 02:28:00,057 [e8e4a09d-b55f-46fb-afd1-8638ca612560@group-064E13E4DC9E-LeaderElection30] INFO  impl.LeaderElection (LeaderElection.java:askForVotes(306)) - e8e4a09d-b55f-46fb-afd1-8638ca612560@group-064E13E4DC9E-LeaderElection30 ELECTION round 0: submit vote requests at term 1 for -1: [e8e4a09d-b55f-46fb-afd1-8638ca612560|rpc:10.1.0.13:42859|priority:1], old=null
2021-11-25 02:28:00,057 [e8e4a09d-b55f-46fb-afd1-8638ca612560@group-064E13E4DC9E-LeaderElection30] INFO  impl.LeaderElection (LeaderElection.java:askForVotes(308)) - e8e4a09d-b55f-46fb-afd1-8638ca612560@group-064E13E4DC9E-LeaderElection30 ELECTION round 0: result PASSED (term=1)
2021-11-25 02:28:00,057 [e8e4a09d-b55f-46fb-afd1-8638ca612560@group-064E13E4DC9E-LeaderElection30] INFO  impl.RoleInfo (RoleInfo.java:shutdownLeaderElection(121)) - e8e4a09d-b55f-46fb-afd1-8638ca612560: shutdown e8e4a09d-b55f-46fb-afd1-8638ca612560@group-064E13E4DC9E-LeaderElection30
2021-11-25 02:28:00,057 [e8e4a09d-b55f-46fb-afd1-8638ca612560@group-064E13E4DC9E-LeaderElection30] INFO  server.RaftServer$Division (RaftServerImpl.java:setRole(290)) - e8e4a09d-b55f-46fb-afd1-8638ca612560@group-064E13E4DC9E: changes role from CANDIDATE to LEADER at term 1 for changeToLeader
2021-11-25 02:28:00,057 [e8e4a09d-b55f-46fb-afd1-8638ca612560@group-064E13E4DC9E-LeaderElection30] INFO  ratis.XceiverServerRatis (XceiverServerRatis.java:handleLeaderChangedNotification(866)) - Leader change notification received for group: group-064E13E4DC9E with new leaderId: e8e4a09d-b55f-46fb-afd1-8638ca612560
2021-11-25 02:28:00,057 [e8e4a09d-b55f-46fb-afd1-8638ca612560@group-064E13E4DC9E-LeaderElection30] INFO  server.RaftServer$Division (ServerState.java:setLeader(285)) - e8e4a09d-b55f-46fb-afd1-8638ca612560@group-064E13E4DC9E: change Leader from null to e8e4a09d-b55f-46fb-afd1-8638ca612560 at term 1 for becomeLeader, leader elected after 5062ms
2021-11-25 02:28:00,057 [e8e4a09d-b55f-46fb-afd1-8638ca612560@group-064E13E4DC9E-LeaderElection30] INFO  server.RaftServerConfigKeys (ConfUtils.java:logGet(44)) - raft.server.staging.catchup.gap = 1000 (default)
2021-11-25 02:28:00,057 [e8e4a09d-b55f-46fb-afd1-8638ca612560@group-064E13E4DC9E-LeaderElection30] INFO  server.RaftServerConfigKeys (ConfUtils.java:logGet(44)) - raft.server.write.element-limit = 1024 (custom)
2021-11-25 02:28:00,058 [e8e4a09d-b55f-46fb-afd1-8638ca612560@group-064E13E4DC9E-LeaderElection30] INFO  server.RaftServerConfigKeys (ConfUtils.java:logGet(44)) - raft.server.write.byte-limit = 1024 M (=1073741824) (custom)
2021-11-25 02:28:00,058 [e8e4a09d-b55f-46fb-afd1-8638ca612560@group-064E13E4DC9E-LeaderElection30] INFO  server.RaftServerConfigKeys (ConfUtils.java:logGet(44)) - raft.server.watch.timeout = 3000ms (custom)
2021-11-25 02:28:00,059 [EventQueue-OpenPipelineForHealthyPipelineSafeModeRule] INFO  safemode.SCMSafeModeManager (HealthyPipelineSafeModeRule.java:process(124)) - SCM in safe mode. Healthy pipelines reported count is 0, required healthy pipeline reported count is 1
2021-11-25 02:28:00,060 [e8e4a09d-b55f-46fb-afd1-8638ca612560@group-064E13E4DC9E-LeaderElection30] INFO  server.RaftServerConfigKeys (ConfUtils.java:logGet(44)) - raft.server.watch.timeout.denomination = 1s (default)
2021-11-25 02:28:00,060 [e8e4a09d-b55f-46fb-afd1-8638ca612560@group-064E13E4DC9E-LeaderElection30] INFO  server.RaftServerConfigKeys (ConfUtils.java:logGet(44)) - raft.server.watch.element-limit = 65536 (default)
2021-11-25 02:28:00,060 [e8e4a09d-b55f-46fb-afd1-8638ca612560@group-064E13E4DC9E-LeaderElection30] INFO  server.RaftServerConfigKeys (ConfUtils.java:logGet(44)) - raft.server.write.element-limit = 1024 (custom)
2021-11-25 02:28:00,060 [e8e4a09d-b55f-46fb-afd1-8638ca612560@group-064E13E4DC9E-LeaderElection30] INFO  server.RaftServerConfigKeys (ConfUtils.java:logGet(44)) - raft.server.write.follower.gap.ratio.max = -1.0 (default)
2021-11-25 02:28:00,060 [e8e4a09d-b55f-46fb-afd1-8638ca612560@group-064E13E4DC9E-LeaderElection30] INFO  impl.RoleInfo (RoleInfo.java:updateAndGet(130)) - e8e4a09d-b55f-46fb-afd1-8638ca612560: start e8e4a09d-b55f-46fb-afd1-8638ca612560@group-064E13E4DC9E-LeaderStateImpl
2021-11-25 02:28:00,061 [e8e4a09d-b55f-46fb-afd1-8638ca612560@group-064E13E4DC9E-LeaderElection30] INFO  segmented.SegmentedRaftLogWorker (SegmentedRaftLogWorker.java:startLogSegment(394)) - e8e4a09d-b55f-46fb-afd1-8638ca612560@group-064E13E4DC9E-SegmentedRaftLogWorker: Starting segment from index:0
2021-11-25 02:28:00,062 [e8e4a09d-b55f-46fb-afd1-8638ca612560@group-064E13E4DC9E-SegmentedRaftLogWorker] INFO  segmented.SegmentedRaftLogWorker (SegmentedRaftLogWorker.java:execute(601)) - e8e4a09d-b55f-46fb-afd1-8638ca612560@group-064E13E4DC9E-SegmentedRaftLogWorker: created new log segment /home/runner/work/ozone/ozone/hadoop-ozone/integration-test/target/test-dir/MiniOzoneClusterImpl-bf1a4df1-220d-4f19-a3f2-d6f00535f443/datanode-2/data/ratis/488de05d-509c-436f-b5b5-064e13e4dc9e/current/log_inprogress_0
2021-11-25 02:28:00,066 [e8e4a09d-b55f-46fb-afd1-8638ca612560@group-064E13E4DC9E-LeaderElection30] INFO  server.RaftServer$Division (ServerState.java:setRaftConf(387)) - e8e4a09d-b55f-46fb-afd1-8638ca612560@group-064E13E4DC9E: set configuration 0: [e8e4a09d-b55f-46fb-afd1-8638ca612560|rpc:10.1.0.13:42859|dataStream:|priority:1], old=null
2021-11-25 02:28:00,246 [Listener at 127.0.0.1/44827] INFO  ozone.MiniOzoneClusterImpl (MiniOzoneClusterImpl.java:lambda$waitForClusterToBeReady$0(235)) - Nodes are ready. Got 9 of 9 DN Heartbeats.
2021-11-25 02:28:00,246 [Listener at 127.0.0.1/44827] INFO  ozone.MiniOzoneClusterImpl (MiniOzoneClusterImpl.java:lambda$waitForClusterToBeReady$0(238)) - Waiting for cluster to exit safe mode
2021-11-25 02:28:00,246 [Listener at 127.0.0.1/44827] INFO  ozone.MiniOzoneClusterImpl (MiniOzoneClusterImpl.java:lambda$waitForClusterToBeReady$0(240)) - SCM became leader
2021-11-25 02:28:00,857 [36951ec6-8ca2-46f2-ac0d-c1eb1dc0de60@group-8CDC086C1751-FollowerState] INFO  impl.FollowerState (FollowerState.java:run(134)) - 36951ec6-8ca2-46f2-ac0d-c1eb1dc0de60@group-8CDC086C1751-FollowerState: change to CANDIDATE, lastRpcElapsedTime:5090051365ns, electionTimeout:5077ms
2021-11-25 02:28:00,858 [36951ec6-8ca2-46f2-ac0d-c1eb1dc0de60@group-8CDC086C1751-FollowerState] INFO  impl.RoleInfo (RoleInfo.java:shutdownFollowerState(108)) - 36951ec6-8ca2-46f2-ac0d-c1eb1dc0de60: shutdown 36951ec6-8ca2-46f2-ac0d-c1eb1dc0de60@group-8CDC086C1751-FollowerState
2021-11-25 02:28:00,858 [36951ec6-8ca2-46f2-ac0d-c1eb1dc0de60@group-8CDC086C1751-FollowerState] INFO  server.RaftServer$Division (RaftServerImpl.java:setRole(290)) - 36951ec6-8ca2-46f2-ac0d-c1eb1dc0de60@group-8CDC086C1751: changes role from  FOLLOWER to CANDIDATE at term 0 for changeToCandidate
2021-11-25 02:28:00,859 [36951ec6-8ca2-46f2-ac0d-c1eb1dc0de60@group-8CDC086C1751-FollowerState] INFO  server.RaftServerConfigKeys (ConfUtils.java:logGet(44)) - raft.server.leaderelection.pre-vote = false (custom)
2021-11-25 02:28:00,859 [36951ec6-8ca2-46f2-ac0d-c1eb1dc0de60@group-8CDC086C1751-FollowerState] INFO  impl.RoleInfo (RoleInfo.java:updateAndGet(130)) - 36951ec6-8ca2-46f2-ac0d-c1eb1dc0de60: start 36951ec6-8ca2-46f2-ac0d-c1eb1dc0de60@group-8CDC086C1751-LeaderElection31
2021-11-25 02:28:00,885 [36951ec6-8ca2-46f2-ac0d-c1eb1dc0de60@group-8CDC086C1751-LeaderElection31] INFO  impl.LeaderElection (LeaderElection.java:askForVotes(306)) - 36951ec6-8ca2-46f2-ac0d-c1eb1dc0de60@group-8CDC086C1751-LeaderElection31 ELECTION round 0: submit vote requests at term 1 for -1: [36951ec6-8ca2-46f2-ac0d-c1eb1dc0de60|rpc:10.1.0.13:41073|priority:1], old=null
2021-11-25 02:28:00,886 [36951ec6-8ca2-46f2-ac0d-c1eb1dc0de60@group-8CDC086C1751-LeaderElection31] INFO  impl.LeaderElection (LeaderElection.java:askForVotes(308)) - 36951ec6-8ca2-46f2-ac0d-c1eb1dc0de60@group-8CDC086C1751-LeaderElection31 ELECTION round 0: result PASSED (term=1)
2021-11-25 02:28:00,886 [36951ec6-8ca2-46f2-ac0d-c1eb1dc0de60@group-8CDC086C1751-LeaderElection31] INFO  impl.RoleInfo (RoleInfo.java:shutdownLeaderElection(121)) - 36951ec6-8ca2-46f2-ac0d-c1eb1dc0de60: shutdown 36951ec6-8ca2-46f2-ac0d-c1eb1dc0de60@group-8CDC086C1751-LeaderElection31
2021-11-25 02:28:00,886 [36951ec6-8ca2-46f2-ac0d-c1eb1dc0de60@group-8CDC086C1751-LeaderElection31] INFO  server.RaftServer$Division (RaftServerImpl.java:setRole(290)) - 36951ec6-8ca2-46f2-ac0d-c1eb1dc0de60@group-8CDC086C1751: changes role from CANDIDATE to LEADER at term 1 for changeToLeader
2021-11-25 02:28:00,886 [36951ec6-8ca2-46f2-ac0d-c1eb1dc0de60@group-8CDC086C1751-LeaderElection31] INFO  ratis.XceiverServerRatis (XceiverServerRatis.java:handleLeaderChangedNotification(866)) - Leader change notification received for group: group-8CDC086C1751 with new leaderId: 36951ec6-8ca2-46f2-ac0d-c1eb1dc0de60
2021-11-25 02:28:00,887 [36951ec6-8ca2-46f2-ac0d-c1eb1dc0de60@group-8CDC086C1751-LeaderElection31] INFO  server.RaftServer$Division (ServerState.java:setLeader(285)) - 36951ec6-8ca2-46f2-ac0d-c1eb1dc0de60@group-8CDC086C1751: change Leader from null to 36951ec6-8ca2-46f2-ac0d-c1eb1dc0de60 at term 1 for becomeLeader, leader elected after 5144ms
2021-11-25 02:28:00,888 [36951ec6-8ca2-46f2-ac0d-c1eb1dc0de60@group-8CDC086C1751-LeaderElection31] INFO  server.RaftServerConfigKeys (ConfUtils.java:logGet(44)) - raft.server.staging.catchup.gap = 1000 (default)
2021-11-25 02:28:00,888 [EventQueue-OpenPipelineForHealthyPipelineSafeModeRule] INFO  safemode.SCMSafeModeManager (HealthyPipelineSafeModeRule.java:process(124)) - SCM in safe mode. Healthy pipelines reported count is 0, required healthy pipeline reported count is 1
2021-11-25 02:28:00,891 [36951ec6-8ca2-46f2-ac0d-c1eb1dc0de60@group-8CDC086C1751-LeaderElection31] INFO  server.RaftServerConfigKeys (ConfUtils.java:logGet(44)) - raft.server.write.element-limit = 1024 (custom)
2021-11-25 02:28:00,891 [36951ec6-8ca2-46f2-ac0d-c1eb1dc0de60@group-8CDC086C1751-LeaderElection31] INFO  server.RaftServerConfigKeys (ConfUtils.java:logGet(44)) - raft.server.write.byte-limit = 1024 M (=1073741824) (custom)
2021-11-25 02:28:00,891 [36951ec6-8ca2-46f2-ac0d-c1eb1dc0de60@group-8CDC086C1751-LeaderElection31] INFO  server.RaftServerConfigKeys (ConfUtils.java:logGet(44)) - raft.server.watch.timeout = 3000ms (custom)
2021-11-25 02:28:00,895 [36951ec6-8ca2-46f2-ac0d-c1eb1dc0de60@group-8CDC086C1751-LeaderElection31] INFO  server.RaftServerConfigKeys (ConfUtils.java:logGet(44)) - raft.server.watch.timeout.denomination = 1s (default)
2021-11-25 02:28:00,895 [36951ec6-8ca2-46f2-ac0d-c1eb1dc0de60@group-8CDC086C1751-LeaderElection31] INFO  server.RaftServerConfigKeys (ConfUtils.java:logGet(44)) - raft.server.watch.element-limit = 65536 (default)
2021-11-25 02:28:00,895 [36951ec6-8ca2-46f2-ac0d-c1eb1dc0de60@group-8CDC086C1751-LeaderElection31] INFO  server.RaftServerConfigKeys (ConfUtils.java:logGet(44)) - raft.server.write.element-limit = 1024 (custom)
2021-11-25 02:28:00,896 [36951ec6-8ca2-46f2-ac0d-c1eb1dc0de60@group-8CDC086C1751-LeaderElection31] INFO  server.RaftServerConfigKeys (ConfUtils.java:logGet(44)) - raft.server.write.follower.gap.ratio.max = -1.0 (default)
2021-11-25 02:28:00,896 [36951ec6-8ca2-46f2-ac0d-c1eb1dc0de60@group-8CDC086C1751-LeaderElection31] INFO  impl.RoleInfo (RoleInfo.java:updateAndGet(130)) - 36951ec6-8ca2-46f2-ac0d-c1eb1dc0de60: start 36951ec6-8ca2-46f2-ac0d-c1eb1dc0de60@group-8CDC086C1751-LeaderStateImpl
2021-11-25 02:28:00,896 [36951ec6-8ca2-46f2-ac0d-c1eb1dc0de60@group-8CDC086C1751-LeaderElection31] INFO  segmented.SegmentedRaftLogWorker (SegmentedRaftLogWorker.java:startLogSegment(394)) - 36951ec6-8ca2-46f2-ac0d-c1eb1dc0de60@group-8CDC086C1751-SegmentedRaftLogWorker: Starting segment from index:0
2021-11-25 02:28:00,903 [36951ec6-8ca2-46f2-ac0d-c1eb1dc0de60@group-8CDC086C1751-SegmentedRaftLogWorker] INFO  segmented.SegmentedRaftLogWorker (SegmentedRaftLogWorker.java:execute(601)) - 36951ec6-8ca2-46f2-ac0d-c1eb1dc0de60@group-8CDC086C1751-SegmentedRaftLogWorker: created new log segment /home/runner/work/ozone/ozone/hadoop-ozone/integration-test/target/test-dir/MiniOzoneClusterImpl-bf1a4df1-220d-4f19-a3f2-d6f00535f443/datanode-3/data/ratis/e3e2d47c-bc47-4aee-b1a7-8cdc086c1751/current/log_inprogress_0
2021-11-25 02:28:00,907 [36951ec6-8ca2-46f2-ac0d-c1eb1dc0de60@group-8CDC086C1751-LeaderElection31] INFO  server.RaftServer$Division (ServerState.java:setRaftConf(387)) - 36951ec6-8ca2-46f2-ac0d-c1eb1dc0de60@group-8CDC086C1751: set configuration 0: [36951ec6-8ca2-46f2-ac0d-c1eb1dc0de60|rpc:10.1.0.13:41073|dataStream:|priority:1], old=null
2021-11-25 02:28:01,006 [36951ec6-8ca2-46f2-ac0d-c1eb1dc0de60@group-58D710EC61B9-FollowerState] INFO  impl.FollowerState (FollowerState.java:run(134)) - 36951ec6-8ca2-46f2-ac0d-c1eb1dc0de60@group-58D710EC61B9-FollowerState: change to CANDIDATE, lastRpcElapsedTime:5154566999ns, electionTimeout:5139ms
2021-11-25 02:28:01,006 [36951ec6-8ca2-46f2-ac0d-c1eb1dc0de60@group-58D710EC61B9-FollowerState] INFO  impl.RoleInfo (RoleInfo.java:shutdownFollowerState(108)) - 36951ec6-8ca2-46f2-ac0d-c1eb1dc0de60: shutdown 36951ec6-8ca2-46f2-ac0d-c1eb1dc0de60@group-58D710EC61B9-FollowerState
2021-11-25 02:28:01,006 [36951ec6-8ca2-46f2-ac0d-c1eb1dc0de60@group-58D710EC61B9-FollowerState] INFO  server.RaftServer$Division (RaftServerImpl.java:setRole(290)) - 36951ec6-8ca2-46f2-ac0d-c1eb1dc0de60@group-58D710EC61B9: changes role from  FOLLOWER to CANDIDATE at term 0 for changeToCandidate
2021-11-25 02:28:01,006 [36951ec6-8ca2-46f2-ac0d-c1eb1dc0de60@group-58D710EC61B9-FollowerState] INFO  server.RaftServerConfigKeys (ConfUtils.java:logGet(44)) - raft.server.leaderelection.pre-vote = false (custom)
2021-11-25 02:28:01,006 [36951ec6-8ca2-46f2-ac0d-c1eb1dc0de60@group-58D710EC61B9-FollowerState] INFO  impl.RoleInfo (RoleInfo.java:updateAndGet(130)) - 36951ec6-8ca2-46f2-ac0d-c1eb1dc0de60: start 36951ec6-8ca2-46f2-ac0d-c1eb1dc0de60@group-58D710EC61B9-LeaderElection32
2021-11-25 02:28:01,028 [afe6738c-795d-4ad9-911f-77efc98b0ab7@group-58D710EC61B9-FollowerState] INFO  impl.FollowerState (FollowerState.java:run(134)) - afe6738c-795d-4ad9-911f-77efc98b0ab7@group-58D710EC61B9-FollowerState: change to CANDIDATE, lastRpcElapsedTime:5064982217ns, electionTimeout:5063ms
2021-11-25 02:28:01,028 [afe6738c-795d-4ad9-911f-77efc98b0ab7@group-58D710EC61B9-FollowerState] INFO  impl.RoleInfo (RoleInfo.java:shutdownFollowerState(108)) - afe6738c-795d-4ad9-911f-77efc98b0ab7: shutdown afe6738c-795d-4ad9-911f-77efc98b0ab7@group-58D710EC61B9-FollowerState
2021-11-25 02:28:01,028 [afe6738c-795d-4ad9-911f-77efc98b0ab7@group-58D710EC61B9-FollowerState] INFO  server.RaftServer$Division (RaftServerImpl.java:setRole(290)) - afe6738c-795d-4ad9-911f-77efc98b0ab7@group-58D710EC61B9: changes role from  FOLLOWER to CANDIDATE at term 0 for changeToCandidate
2021-11-25 02:28:01,030 [afe6738c-795d-4ad9-911f-77efc98b0ab7@group-58D710EC61B9-FollowerState] INFO  server.RaftServerConfigKeys (ConfUtils.java:logGet(44)) - raft.server.leaderelection.pre-vote = false (custom)
2021-11-25 02:28:01,030 [afe6738c-795d-4ad9-911f-77efc98b0ab7@group-58D710EC61B9-FollowerState] INFO  impl.RoleInfo (RoleInfo.java:updateAndGet(130)) - afe6738c-795d-4ad9-911f-77efc98b0ab7: start afe6738c-795d-4ad9-911f-77efc98b0ab7@group-58D710EC61B9-LeaderElection33
2021-11-25 02:28:01,047 [36951ec6-8ca2-46f2-ac0d-c1eb1dc0de60@group-58D710EC61B9-LeaderElection32] INFO  impl.LeaderElection (LeaderElection.java:askForVotes(306)) - 36951ec6-8ca2-46f2-ac0d-c1eb1dc0de60@group-58D710EC61B9-LeaderElection32 ELECTION round 0: submit vote requests at term 1 for -1: [afe6738c-795d-4ad9-911f-77efc98b0ab7|rpc:10.1.0.13:38867|priority:1, 36951ec6-8ca2-46f2-ac0d-c1eb1dc0de60|rpc:10.1.0.13:41073|priority:0, a77dd090-2963-4745-95fa-35573f312ffb|rpc:10.1.0.13:36541|priority:0], old=null
2021-11-25 02:28:01,063 [afe6738c-795d-4ad9-911f-77efc98b0ab7@group-58D710EC61B9-LeaderElection33] INFO  impl.LeaderElection (LeaderElection.java:askForVotes(306)) - afe6738c-795d-4ad9-911f-77efc98b0ab7@group-58D710EC61B9-LeaderElection33 ELECTION round 0: submit vote requests at term 1 for -1: [afe6738c-795d-4ad9-911f-77efc98b0ab7|rpc:10.1.0.13:38867|dataStream:|priority:1, 36951ec6-8ca2-46f2-ac0d-c1eb1dc0de60|rpc:10.1.0.13:41073|dataStream:|priority:0, a77dd090-2963-4745-95fa-35573f312ffb|rpc:10.1.0.13:36541|dataStream:|priority:0], old=null
2021-11-25 02:28:01,119 [grpc-default-executor-1] INFO  server.RaftServer$Division (RaftServerImpl.java:requestVote(1046)) - 36951ec6-8ca2-46f2-ac0d-c1eb1dc0de60@group-58D710EC61B9: receive requestVote(ELECTION, afe6738c-795d-4ad9-911f-77efc98b0ab7, group-58D710EC61B9, 1, (t:0, i:0))
2021-11-25 02:28:01,119 [grpc-default-executor-0] INFO  server.RaftServer$Division (RaftServerImpl.java:requestVote(1046)) - afe6738c-795d-4ad9-911f-77efc98b0ab7@group-58D710EC61B9: receive requestVote(ELECTION, 36951ec6-8ca2-46f2-ac0d-c1eb1dc0de60, group-58D710EC61B9, 1, (t:0, i:0))
2021-11-25 02:28:01,119 [grpc-default-executor-0] INFO  impl.VoteContext (VoteContext.java:log(48)) - afe6738c-795d-4ad9-911f-77efc98b0ab7@group-58D710EC61B9-CANDIDATE: reject ELECTION from 36951ec6-8ca2-46f2-ac0d-c1eb1dc0de60: already has voted for afe6738c-795d-4ad9-911f-77efc98b0ab7 at current term 1
2021-11-25 02:28:01,119 [grpc-default-executor-0] INFO  server.RaftServer$Division (RaftServerImpl.java:requestVote(1078)) - afe6738c-795d-4ad9-911f-77efc98b0ab7@group-58D710EC61B9 replies to ELECTION vote request: 36951ec6-8ca2-46f2-ac0d-c1eb1dc0de60<-afe6738c-795d-4ad9-911f-77efc98b0ab7#0:FAIL-t1. Peer's state: afe6738c-795d-4ad9-911f-77efc98b0ab7@group-58D710EC61B9:t1, leader=null, voted=afe6738c-795d-4ad9-911f-77efc98b0ab7, raftlog=afe6738c-795d-4ad9-911f-77efc98b0ab7@group-58D710EC61B9-SegmentedRaftLog:OPENED:c-1, conf=-1: [afe6738c-795d-4ad9-911f-77efc98b0ab7|rpc:10.1.0.13:38867|dataStream:|priority:1, 36951ec6-8ca2-46f2-ac0d-c1eb1dc0de60|rpc:10.1.0.13:41073|dataStream:|priority:0, a77dd090-2963-4745-95fa-35573f312ffb|rpc:10.1.0.13:36541|dataStream:|priority:0], old=null
2021-11-25 02:28:01,147 [grpc-default-executor-2] INFO  server.RaftServer$Division (RaftServerImpl.java:requestVote(1046)) - a77dd090-2963-4745-95fa-35573f312ffb@group-58D710EC61B9: receive requestVote(ELECTION, 36951ec6-8ca2-46f2-ac0d-c1eb1dc0de60, group-58D710EC61B9, 1, (t:0, i:0))
2021-11-25 02:28:01,147 [grpc-default-executor-2] INFO  impl.VoteContext (VoteContext.java:log(48)) - a77dd090-2963-4745-95fa-35573f312ffb@group-58D710EC61B9-FOLLOWER: accept ELECTION from 36951ec6-8ca2-46f2-ac0d-c1eb1dc0de60: our priority 0 <= candidate's priority 0
2021-11-25 02:28:01,147 [grpc-default-executor-2] INFO  server.RaftServer$Division (RaftServerImpl.java:setRole(290)) - a77dd090-2963-4745-95fa-35573f312ffb@group-58D710EC61B9: changes role from  FOLLOWER to FOLLOWER at term 1 for candidate:36951ec6-8ca2-46f2-ac0d-c1eb1dc0de60
2021-11-25 02:28:01,147 [grpc-default-executor-2] INFO  impl.RoleInfo (RoleInfo.java:shutdownFollowerState(108)) - a77dd090-2963-4745-95fa-35573f312ffb: shutdown a77dd090-2963-4745-95fa-35573f312ffb@group-58D710EC61B9-FollowerState
2021-11-25 02:28:01,147 [grpc-default-executor-2] INFO  impl.RoleInfo (RoleInfo.java:updateAndGet(130)) - a77dd090-2963-4745-95fa-35573f312ffb: start a77dd090-2963-4745-95fa-35573f312ffb@group-58D710EC61B9-FollowerState
2021-11-25 02:28:01,149 [a77dd090-2963-4745-95fa-35573f312ffb@group-58D710EC61B9-FollowerState] INFO  impl.FollowerState (FollowerState.java:run(143)) - a77dd090-2963-4745-95fa-35573f312ffb@group-58D710EC61B9-FollowerState was interrupted: {}
java.lang.InterruptedException: sleep interrupted
	at java.lang.Thread.sleep(Native Method)
	at java.lang.Thread.sleep(Thread.java:340)
	at java.util.concurrent.TimeUnit.sleep(TimeUnit.java:386)
	at org.apache.ratis.util.TimeDuration.sleep(TimeDuration.java:324)
	at org.apache.ratis.util.TimeDuration.sleep(TimeDuration.java:309)
	at org.apache.ratis.server.impl.FollowerState.run(FollowerState.java:118)
2021-11-25 02:28:01,150 [grpc-default-executor-1] INFO  impl.VoteContext (VoteContext.java:log(48)) - 36951ec6-8ca2-46f2-ac0d-c1eb1dc0de60@group-58D710EC61B9-CANDIDATE: reject ELECTION from afe6738c-795d-4ad9-911f-77efc98b0ab7: already has voted for 36951ec6-8ca2-46f2-ac0d-c1eb1dc0de60 at current term 1
2021-11-25 02:28:01,150 [grpc-default-executor-1] INFO  server.RaftServer$Division (RaftServerImpl.java:requestVote(1078)) - 36951ec6-8ca2-46f2-ac0d-c1eb1dc0de60@group-58D710EC61B9 replies to ELECTION vote request: afe6738c-795d-4ad9-911f-77efc98b0ab7<-36951ec6-8ca2-46f2-ac0d-c1eb1dc0de60#0:FAIL-t1. Peer's state: 36951ec6-8ca2-46f2-ac0d-c1eb1dc0de60@group-58D710EC61B9:t1, leader=null, voted=36951ec6-8ca2-46f2-ac0d-c1eb1dc0de60, raftlog=36951ec6-8ca2-46f2-ac0d-c1eb1dc0de60@group-58D710EC61B9-SegmentedRaftLog:OPENED:c-1, conf=-1: [afe6738c-795d-4ad9-911f-77efc98b0ab7|rpc:10.1.0.13:38867|priority:1, 36951ec6-8ca2-46f2-ac0d-c1eb1dc0de60|rpc:10.1.0.13:41073|priority:0, a77dd090-2963-4745-95fa-35573f312ffb|rpc:10.1.0.13:36541|priority:0], old=null
2021-11-25 02:28:01,185 [36951ec6-8ca2-46f2-ac0d-c1eb1dc0de60@group-58D710EC61B9-LeaderElection32] INFO  impl.LeaderElection (LeaderElection.java:logAndReturn(89)) - 36951ec6-8ca2-46f2-ac0d-c1eb1dc0de60@group-58D710EC61B9-LeaderElection32: ELECTION REJECTED received 1 response(s) and 0 exception(s):
2021-11-25 02:28:01,185 [36951ec6-8ca2-46f2-ac0d-c1eb1dc0de60@group-58D710EC61B9-LeaderElection32] INFO  impl.LeaderElection (LeaderElection.java:logAndReturn(93)) -   Response 0: 36951ec6-8ca2-46f2-ac0d-c1eb1dc0de60<-afe6738c-795d-4ad9-911f-77efc98b0ab7#0:FAIL-t1
2021-11-25 02:28:01,185 [36951ec6-8ca2-46f2-ac0d-c1eb1dc0de60@group-58D710EC61B9-LeaderElection32] INFO  impl.LeaderElection (LeaderElection.java:askForVotes(308)) - 36951ec6-8ca2-46f2-ac0d-c1eb1dc0de60@group-58D710EC61B9-LeaderElection32 ELECTION round 0: result REJECTED
2021-11-25 02:28:01,185 [36951ec6-8ca2-46f2-ac0d-c1eb1dc0de60@group-58D710EC61B9-LeaderElection32] INFO  server.RaftServer$Division (RaftServerImpl.java:setRole(290)) - 36951ec6-8ca2-46f2-ac0d-c1eb1dc0de60@group-58D710EC61B9: changes role from CANDIDATE to FOLLOWER at term 1 for REJECTED
2021-11-25 02:28:01,185 [36951ec6-8ca2-46f2-ac0d-c1eb1dc0de60@group-58D710EC61B9-LeaderElection32] INFO  impl.RoleInfo (RoleInfo.java:shutdownLeaderElection(121)) - 36951ec6-8ca2-46f2-ac0d-c1eb1dc0de60: shutdown 36951ec6-8ca2-46f2-ac0d-c1eb1dc0de60@group-58D710EC61B9-LeaderElection32
2021-11-25 02:28:01,185 [36951ec6-8ca2-46f2-ac0d-c1eb1dc0de60@group-58D710EC61B9-LeaderElection32] INFO  impl.RoleInfo (RoleInfo.java:updateAndGet(130)) - 36951ec6-8ca2-46f2-ac0d-c1eb1dc0de60: start 36951ec6-8ca2-46f2-ac0d-c1eb1dc0de60@group-58D710EC61B9-FollowerState
2021-11-25 02:28:01,192 [grpc-default-executor-2] INFO  server.RaftServer$Division (RaftServerImpl.java:requestVote(1078)) - a77dd090-2963-4745-95fa-35573f312ffb@group-58D710EC61B9 replies to ELECTION vote request: 36951ec6-8ca2-46f2-ac0d-c1eb1dc0de60<-a77dd090-2963-4745-95fa-35573f312ffb#0:OK-t1. Peer's state: a77dd090-2963-4745-95fa-35573f312ffb@group-58D710EC61B9:t1, leader=null, voted=36951ec6-8ca2-46f2-ac0d-c1eb1dc0de60, raftlog=a77dd090-2963-4745-95fa-35573f312ffb@group-58D710EC61B9-SegmentedRaftLog:OPENED:c-1, conf=-1: [afe6738c-795d-4ad9-911f-77efc98b0ab7|rpc:10.1.0.13:38867|dataStream:|priority:1, 36951ec6-8ca2-46f2-ac0d-c1eb1dc0de60|rpc:10.1.0.13:41073|dataStream:|priority:0, a77dd090-2963-4745-95fa-35573f312ffb|rpc:10.1.0.13:36541|dataStream:|priority:0], old=null
2021-11-25 02:28:01,200 [grpc-default-executor-2] INFO  server.RaftServer$Division (RaftServerImpl.java:requestVote(1046)) - a77dd090-2963-4745-95fa-35573f312ffb@group-58D710EC61B9: receive requestVote(ELECTION, afe6738c-795d-4ad9-911f-77efc98b0ab7, group-58D710EC61B9, 1, (t:0, i:0))
2021-11-25 02:28:01,200 [grpc-default-executor-2] INFO  impl.VoteContext (VoteContext.java:log(48)) - a77dd090-2963-4745-95fa-35573f312ffb@group-58D710EC61B9-FOLLOWER: reject ELECTION from afe6738c-795d-4ad9-911f-77efc98b0ab7: already has voted for 36951ec6-8ca2-46f2-ac0d-c1eb1dc0de60 at current term 1
2021-11-25 02:28:01,200 [grpc-default-executor-2] INFO  server.RaftServer$Division (RaftServerImpl.java:requestVote(1078)) - a77dd090-2963-4745-95fa-35573f312ffb@group-58D710EC61B9 replies to ELECTION vote request: afe6738c-795d-4ad9-911f-77efc98b0ab7<-a77dd090-2963-4745-95fa-35573f312ffb#0:FAIL-t1. Peer's state: a77dd090-2963-4745-95fa-35573f312ffb@group-58D710EC61B9:t1, leader=null, voted=36951ec6-8ca2-46f2-ac0d-c1eb1dc0de60, raftlog=a77dd090-2963-4745-95fa-35573f312ffb@group-58D710EC61B9-SegmentedRaftLog:OPENED:c-1, conf=-1: [afe6738c-795d-4ad9-911f-77efc98b0ab7|rpc:10.1.0.13:38867|dataStream:|priority:1, 36951ec6-8ca2-46f2-ac0d-c1eb1dc0de60|rpc:10.1.0.13:41073|dataStream:|priority:0, a77dd090-2963-4745-95fa-35573f312ffb|rpc:10.1.0.13:36541|dataStream:|priority:0], old=null
2021-11-25 02:28:01,204 [afe6738c-795d-4ad9-911f-77efc98b0ab7@group-58D710EC61B9-LeaderElection33] INFO  impl.LeaderElection (LeaderElection.java:logAndReturn(89)) - afe6738c-795d-4ad9-911f-77efc98b0ab7@group-58D710EC61B9-LeaderElection33: ELECTION REJECTED received 2 response(s) and 0 exception(s):
2021-11-25 02:28:01,204 [afe6738c-795d-4ad9-911f-77efc98b0ab7@group-58D710EC61B9-LeaderElection33] INFO  impl.LeaderElection (LeaderElection.java:logAndReturn(93)) -   Response 0: afe6738c-795d-4ad9-911f-77efc98b0ab7<-36951ec6-8ca2-46f2-ac0d-c1eb1dc0de60#0:FAIL-t1
2021-11-25 02:28:01,204 [afe6738c-795d-4ad9-911f-77efc98b0ab7@group-58D710EC61B9-LeaderElection33] INFO  impl.LeaderElection (LeaderElection.java:logAndReturn(93)) -   Response 1: afe6738c-795d-4ad9-911f-77efc98b0ab7<-a77dd090-2963-4745-95fa-35573f312ffb#0:FAIL-t1
2021-11-25 02:28:01,204 [afe6738c-795d-4ad9-911f-77efc98b0ab7@group-58D710EC61B9-LeaderElection33] INFO  impl.LeaderElection (LeaderElection.java:askForVotes(308)) - afe6738c-795d-4ad9-911f-77efc98b0ab7@group-58D710EC61B9-LeaderElection33 ELECTION round 0: result REJECTED
2021-11-25 02:28:01,204 [afe6738c-795d-4ad9-911f-77efc98b0ab7@group-58D710EC61B9-LeaderElection33] INFO  server.RaftServer$Division (RaftServerImpl.java:setRole(290)) - afe6738c-795d-4ad9-911f-77efc98b0ab7@group-58D710EC61B9: changes role from CANDIDATE to FOLLOWER at term 1 for REJECTED
2021-11-25 02:28:01,204 [afe6738c-795d-4ad9-911f-77efc98b0ab7@group-58D710EC61B9-LeaderElection33] INFO  impl.RoleInfo (RoleInfo.java:shutdownLeaderElection(121)) - afe6738c-795d-4ad9-911f-77efc98b0ab7: shutdown afe6738c-795d-4ad9-911f-77efc98b0ab7@group-58D710EC61B9-LeaderElection33
2021-11-25 02:28:01,204 [afe6738c-795d-4ad9-911f-77efc98b0ab7@group-58D710EC61B9-LeaderElection33] INFO  impl.RoleInfo (RoleInfo.java:updateAndGet(130)) - afe6738c-795d-4ad9-911f-77efc98b0ab7: start afe6738c-795d-4ad9-911f-77efc98b0ab7@group-58D710EC61B9-FollowerState
2021-11-25 02:28:01,247 [Listener at 127.0.0.1/44827] INFO  ozone.MiniOzoneClusterImpl (MiniOzoneClusterImpl.java:lambda$waitForClusterToBeReady$0(235)) - Nodes are ready. Got 9 of 9 DN Heartbeats.
2021-11-25 02:28:01,247 [Listener at 127.0.0.1/44827] INFO  ozone.MiniOzoneClusterImpl (MiniOzoneClusterImpl.java:lambda$waitForClusterToBeReady$0(238)) - Waiting for cluster to exit safe mode
2021-11-25 02:28:01,247 [Listener at 127.0.0.1/44827] INFO  ozone.MiniOzoneClusterImpl (MiniOzoneClusterImpl.java:lambda$waitForClusterToBeReady$0(240)) - SCM became leader
2021-11-25 02:28:01,802 [a77dd090-2963-4745-95fa-35573f312ffb@group-343F4C7F3807-FollowerState] INFO  impl.FollowerState (FollowerState.java:run(134)) - a77dd090-2963-4745-95fa-35573f312ffb@group-343F4C7F3807-FollowerState: change to CANDIDATE, lastRpcElapsedTime:5159374443ns, electionTimeout:5156ms
2021-11-25 02:28:01,803 [a77dd090-2963-4745-95fa-35573f312ffb@group-343F4C7F3807-FollowerState] INFO  impl.RoleInfo (RoleInfo.java:shutdownFollowerState(108)) - a77dd090-2963-4745-95fa-35573f312ffb: shutdown a77dd090-2963-4745-95fa-35573f312ffb@group-343F4C7F3807-FollowerState
2021-11-25 02:28:01,803 [a77dd090-2963-4745-95fa-35573f312ffb@group-343F4C7F3807-FollowerState] INFO  server.RaftServer$Division (RaftServerImpl.java:setRole(290)) - a77dd090-2963-4745-95fa-35573f312ffb@group-343F4C7F3807: changes role from  FOLLOWER to CANDIDATE at term 0 for changeToCandidate
2021-11-25 02:28:01,805 [a77dd090-2963-4745-95fa-35573f312ffb@group-343F4C7F3807-FollowerState] INFO  server.RaftServerConfigKeys (ConfUtils.java:logGet(44)) - raft.server.leaderelection.pre-vote = false (custom)
2021-11-25 02:28:01,805 [a77dd090-2963-4745-95fa-35573f312ffb@group-343F4C7F3807-FollowerState] INFO  impl.RoleInfo (RoleInfo.java:updateAndGet(130)) - a77dd090-2963-4745-95fa-35573f312ffb: start a77dd090-2963-4745-95fa-35573f312ffb@group-343F4C7F3807-LeaderElection34
2021-11-25 02:28:01,821 [a77dd090-2963-4745-95fa-35573f312ffb@group-343F4C7F3807-LeaderElection34] INFO  impl.LeaderElection (LeaderElection.java:askForVotes(306)) - a77dd090-2963-4745-95fa-35573f312ffb@group-343F4C7F3807-LeaderElection34 ELECTION round 0: submit vote requests at term 1 for -1: [a77dd090-2963-4745-95fa-35573f312ffb|rpc:10.1.0.13:36541|priority:1], old=null
2021-11-25 02:28:01,822 [a77dd090-2963-4745-95fa-35573f312ffb@group-343F4C7F3807-LeaderElection34] INFO  impl.LeaderElection (LeaderElection.java:askForVotes(308)) - a77dd090-2963-4745-95fa-35573f312ffb@group-343F4C7F3807-LeaderElection34 ELECTION round 0: result PASSED (term=1)
2021-11-25 02:28:01,822 [a77dd090-2963-4745-95fa-35573f312ffb@group-343F4C7F3807-LeaderElection34] INFO  impl.RoleInfo (RoleInfo.java:shutdownLeaderElection(121)) - a77dd090-2963-4745-95fa-35573f312ffb: shutdown a77dd090-2963-4745-95fa-35573f312ffb@group-343F4C7F3807-LeaderElection34
2021-11-25 02:28:01,822 [a77dd090-2963-4745-95fa-35573f312ffb@group-343F4C7F3807-LeaderElection34] INFO  server.RaftServer$Division (RaftServerImpl.java:setRole(290)) - a77dd090-2963-4745-95fa-35573f312ffb@group-343F4C7F3807: changes role from CANDIDATE to LEADER at term 1 for changeToLeader
2021-11-25 02:28:01,822 [a77dd090-2963-4745-95fa-35573f312ffb@group-343F4C7F3807-LeaderElection34] INFO  ratis.XceiverServerRatis (XceiverServerRatis.java:handleLeaderChangedNotification(866)) - Leader change notification received for group: group-343F4C7F3807 with new leaderId: a77dd090-2963-4745-95fa-35573f312ffb
2021-11-25 02:28:01,822 [a77dd090-2963-4745-95fa-35573f312ffb@group-343F4C7F3807-LeaderElection34] INFO  server.RaftServer$Division (ServerState.java:setLeader(285)) - a77dd090-2963-4745-95fa-35573f312ffb@group-343F4C7F3807: change Leader from null to a77dd090-2963-4745-95fa-35573f312ffb at term 1 for becomeLeader, leader elected after 5214ms
2021-11-25 02:28:01,825 [EventQueue-OpenPipelineForHealthyPipelineSafeModeRule] INFO  safemode.SCMSafeModeManager (HealthyPipelineSafeModeRule.java:process(124)) - SCM in safe mode. Healthy pipelines reported count is 0, required healthy pipeline reported count is 1
2021-11-25 02:28:01,830 [a77dd090-2963-4745-95fa-35573f312ffb@group-343F4C7F3807-LeaderElection34] INFO  server.RaftServerConfigKeys (ConfUtils.java:logGet(44)) - raft.server.staging.catchup.gap = 1000 (default)
2021-11-25 02:28:01,831 [a77dd090-2963-4745-95fa-35573f312ffb@group-343F4C7F3807-LeaderElection34] INFO  server.RaftServerConfigKeys (ConfUtils.java:logGet(44)) - raft.server.write.element-limit = 1024 (custom)
2021-11-25 02:28:01,831 [a77dd090-2963-4745-95fa-35573f312ffb@group-343F4C7F3807-LeaderElection34] INFO  server.RaftServerConfigKeys (ConfUtils.java:logGet(44)) - raft.server.write.byte-limit = 1024 M (=1073741824) (custom)
2021-11-25 02:28:01,831 [a77dd090-2963-4745-95fa-35573f312ffb@group-343F4C7F3807-LeaderElection34] INFO  server.RaftServerConfigKeys (ConfUtils.java:logGet(44)) - raft.server.watch.timeout = 3000ms (custom)
2021-11-25 02:28:01,831 [a77dd090-2963-4745-95fa-35573f312ffb@group-343F4C7F3807-LeaderElection34] INFO  server.RaftServerConfigKeys (ConfUtils.java:logGet(44)) - raft.server.watch.timeout.denomination = 1s (default)
2021-11-25 02:28:01,831 [a77dd090-2963-4745-95fa-35573f312ffb@group-343F4C7F3807-LeaderElection34] INFO  server.RaftServerConfigKeys (ConfUtils.java:logGet(44)) - raft.server.watch.element-limit = 65536 (default)
2021-11-25 02:28:01,832 [a77dd090-2963-4745-95fa-35573f312ffb@group-343F4C7F3807-LeaderElection34] INFO  server.RaftServerConfigKeys (ConfUtils.java:logGet(44)) - raft.server.write.element-limit = 1024 (custom)
2021-11-25 02:28:01,832 [a77dd090-2963-4745-95fa-35573f312ffb@group-343F4C7F3807-LeaderElection34] INFO  server.RaftServerConfigKeys (ConfUtils.java:logGet(44)) - raft.server.write.follower.gap.ratio.max = -1.0 (default)
2021-11-25 02:28:01,832 [a77dd090-2963-4745-95fa-35573f312ffb@group-343F4C7F3807-LeaderElection34] INFO  impl.RoleInfo (RoleInfo.java:updateAndGet(130)) - a77dd090-2963-4745-95fa-35573f312ffb: start a77dd090-2963-4745-95fa-35573f312ffb@group-343F4C7F3807-LeaderStateImpl
2021-11-25 02:28:01,832 [a77dd090-2963-4745-95fa-35573f312ffb@group-343F4C7F3807-LeaderElection34] INFO  segmented.SegmentedRaftLogWorker (SegmentedRaftLogWorker.java:startLogSegment(394)) - a77dd090-2963-4745-95fa-35573f312ffb@group-343F4C7F3807-SegmentedRaftLogWorker: Starting segment from index:0
2021-11-25 02:28:01,837 [a77dd090-2963-4745-95fa-35573f312ffb@group-343F4C7F3807-SegmentedRaftLogWorker] INFO  segmented.SegmentedRaftLogWorker (SegmentedRaftLogWorker.java:execute(601)) - a77dd090-2963-4745-95fa-35573f312ffb@group-343F4C7F3807-SegmentedRaftLogWorker: created new log segment /home/runner/work/ozone/ozone/hadoop-ozone/integration-test/target/test-dir/MiniOzoneClusterImpl-bf1a4df1-220d-4f19-a3f2-d6f00535f443/datanode-4/data/ratis/eae6cecd-c833-4b37-9e39-343f4c7f3807/current/log_inprogress_0
2021-11-25 02:28:01,866 [a77dd090-2963-4745-95fa-35573f312ffb@group-343F4C7F3807-LeaderElection34] INFO  server.RaftServer$Division (ServerState.java:setRaftConf(387)) - a77dd090-2963-4745-95fa-35573f312ffb@group-343F4C7F3807: set configuration 0: [a77dd090-2963-4745-95fa-35573f312ffb|rpc:10.1.0.13:36541|dataStream:|priority:1], old=null
2021-11-25 02:28:02,196 [afe6738c-795d-4ad9-911f-77efc98b0ab7@group-CD6CE24BC511-FollowerState] INFO  impl.FollowerState (FollowerState.java:run(134)) - afe6738c-795d-4ad9-911f-77efc98b0ab7@group-CD6CE24BC511-FollowerState: change to CANDIDATE, lastRpcElapsedTime:5014612518ns, electionTimeout:5014ms
2021-11-25 02:28:02,196 [afe6738c-795d-4ad9-911f-77efc98b0ab7@group-CD6CE24BC511-FollowerState] INFO  impl.RoleInfo (RoleInfo.java:shutdownFollowerState(108)) - afe6738c-795d-4ad9-911f-77efc98b0ab7: shutdown afe6738c-795d-4ad9-911f-77efc98b0ab7@group-CD6CE24BC511-FollowerState
2021-11-25 02:28:02,196 [afe6738c-795d-4ad9-911f-77efc98b0ab7@group-CD6CE24BC511-FollowerState] INFO  server.RaftServer$Division (RaftServerImpl.java:setRole(290)) - afe6738c-795d-4ad9-911f-77efc98b0ab7@group-CD6CE24BC511: changes role from  FOLLOWER to CANDIDATE at term 0 for changeToCandidate
2021-11-25 02:28:02,196 [afe6738c-795d-4ad9-911f-77efc98b0ab7@group-CD6CE24BC511-FollowerState] INFO  server.RaftServerConfigKeys (ConfUtils.java:logGet(44)) - raft.server.leaderelection.pre-vote = false (custom)
2021-11-25 02:28:02,197 [afe6738c-795d-4ad9-911f-77efc98b0ab7@group-CD6CE24BC511-FollowerState] INFO  impl.RoleInfo (RoleInfo.java:updateAndGet(130)) - afe6738c-795d-4ad9-911f-77efc98b0ab7: start afe6738c-795d-4ad9-911f-77efc98b0ab7@group-CD6CE24BC511-LeaderElection35
2021-11-25 02:28:02,222 [afe6738c-795d-4ad9-911f-77efc98b0ab7@group-CD6CE24BC511-LeaderElection35] INFO  impl.LeaderElection (LeaderElection.java:askForVotes(306)) - afe6738c-795d-4ad9-911f-77efc98b0ab7@group-CD6CE24BC511-LeaderElection35 ELECTION round 0: submit vote requests at term 1 for -1: [afe6738c-795d-4ad9-911f-77efc98b0ab7|rpc:10.1.0.13:38867|priority:1], old=null
2021-11-25 02:28:02,222 [afe6738c-795d-4ad9-911f-77efc98b0ab7@group-CD6CE24BC511-LeaderElection35] INFO  impl.LeaderElection (LeaderElection.java:askForVotes(308)) - afe6738c-795d-4ad9-911f-77efc98b0ab7@group-CD6CE24BC511-LeaderElection35 ELECTION round 0: result PASSED (term=1)
2021-11-25 02:28:02,222 [afe6738c-795d-4ad9-911f-77efc98b0ab7@group-CD6CE24BC511-LeaderElection35] INFO  impl.RoleInfo (RoleInfo.java:shutdownLeaderElection(121)) - afe6738c-795d-4ad9-911f-77efc98b0ab7: shutdown afe6738c-795d-4ad9-911f-77efc98b0ab7@group-CD6CE24BC511-LeaderElection35
2021-11-25 02:28:02,222 [afe6738c-795d-4ad9-911f-77efc98b0ab7@group-CD6CE24BC511-LeaderElection35] INFO  server.RaftServer$Division (RaftServerImpl.java:setRole(290)) - afe6738c-795d-4ad9-911f-77efc98b0ab7@group-CD6CE24BC511: changes role from CANDIDATE to LEADER at term 1 for changeToLeader
2021-11-25 02:28:02,223 [afe6738c-795d-4ad9-911f-77efc98b0ab7@group-CD6CE24BC511-LeaderElection35] INFO  ratis.XceiverServerRatis (XceiverServerRatis.java:handleLeaderChangedNotification(866)) - Leader change notification received for group: group-CD6CE24BC511 with new leaderId: afe6738c-795d-4ad9-911f-77efc98b0ab7
2021-11-25 02:28:02,223 [afe6738c-795d-4ad9-911f-77efc98b0ab7@group-CD6CE24BC511-LeaderElection35] INFO  server.RaftServer$Division (ServerState.java:setLeader(285)) - afe6738c-795d-4ad9-911f-77efc98b0ab7@group-CD6CE24BC511: change Leader from null to afe6738c-795d-4ad9-911f-77efc98b0ab7 at term 1 for becomeLeader, leader elected after 5066ms
2021-11-25 02:28:02,223 [afe6738c-795d-4ad9-911f-77efc98b0ab7@group-CD6CE24BC511-LeaderElection35] INFO  server.RaftServerConfigKeys (ConfUtils.java:logGet(44)) - raft.server.staging.catchup.gap = 1000 (default)
2021-11-25 02:28:02,223 [afe6738c-795d-4ad9-911f-77efc98b0ab7@group-CD6CE24BC511-LeaderElection35] INFO  server.RaftServerConfigKeys (ConfUtils.java:logGet(44)) - raft.server.write.element-limit = 1024 (custom)
2021-11-25 02:28:02,223 [afe6738c-795d-4ad9-911f-77efc98b0ab7@group-CD6CE24BC511-LeaderElection35] INFO  server.RaftServerConfigKeys (ConfUtils.java:logGet(44)) - raft.server.write.byte-limit = 1024 M (=1073741824) (custom)
2021-11-25 02:28:02,223 [afe6738c-795d-4ad9-911f-77efc98b0ab7@group-CD6CE24BC511-LeaderElection35] INFO  server.RaftServerConfigKeys (ConfUtils.java:logGet(44)) - raft.server.watch.timeout = 3000ms (custom)
2021-11-25 02:28:02,223 [afe6738c-795d-4ad9-911f-77efc98b0ab7@group-CD6CE24BC511-LeaderElection35] INFO  server.RaftServerConfigKeys (ConfUtils.java:logGet(44)) - raft.server.watch.timeout.denomination = 1s (default)
2021-11-25 02:28:02,224 [afe6738c-795d-4ad9-911f-77efc98b0ab7@group-CD6CE24BC511-LeaderElection35] INFO  server.RaftServerConfigKeys (ConfUtils.java:logGet(44)) - raft.server.watch.element-limit = 65536 (default)
2021-11-25 02:28:02,224 [afe6738c-795d-4ad9-911f-77efc98b0ab7@group-CD6CE24BC511-LeaderElection35] INFO  server.RaftServerConfigKeys (ConfUtils.java:logGet(44)) - raft.server.write.element-limit = 1024 (custom)
2021-11-25 02:28:02,224 [afe6738c-795d-4ad9-911f-77efc98b0ab7@group-CD6CE24BC511-LeaderElection35] INFO  server.RaftServerConfigKeys (ConfUtils.java:logGet(44)) - raft.server.write.follower.gap.ratio.max = -1.0 (default)
2021-11-25 02:28:02,224 [EventQueue-OpenPipelineForHealthyPipelineSafeModeRule] INFO  safemode.SCMSafeModeManager (HealthyPipelineSafeModeRule.java:process(124)) - SCM in safe mode. Healthy pipelines reported count is 0, required healthy pipeline reported count is 1
2021-11-25 02:28:02,234 [afe6738c-795d-4ad9-911f-77efc98b0ab7@group-CD6CE24BC511-LeaderElection35] INFO  impl.RoleInfo (RoleInfo.java:updateAndGet(130)) - afe6738c-795d-4ad9-911f-77efc98b0ab7: start afe6738c-795d-4ad9-911f-77efc98b0ab7@group-CD6CE24BC511-LeaderStateImpl
2021-11-25 02:28:02,234 [afe6738c-795d-4ad9-911f-77efc98b0ab7@group-CD6CE24BC511-LeaderElection35] INFO  segmented.SegmentedRaftLogWorker (SegmentedRaftLogWorker.java:startLogSegment(394)) - afe6738c-795d-4ad9-911f-77efc98b0ab7@group-CD6CE24BC511-SegmentedRaftLogWorker: Starting segment from index:0
2021-11-25 02:28:02,235 [afe6738c-795d-4ad9-911f-77efc98b0ab7@group-CD6CE24BC511-SegmentedRaftLogWorker] INFO  segmented.SegmentedRaftLogWorker (SegmentedRaftLogWorker.java:execute(601)) - afe6738c-795d-4ad9-911f-77efc98b0ab7@group-CD6CE24BC511-SegmentedRaftLogWorker: created new log segment /home/runner/work/ozone/ozone/hadoop-ozone/integration-test/target/test-dir/MiniOzoneClusterImpl-bf1a4df1-220d-4f19-a3f2-d6f00535f443/datanode-5/data/ratis/5a289687-df57-4218-9e2d-cd6ce24bc511/current/log_inprogress_0
2021-11-25 02:28:02,247 [afe6738c-795d-4ad9-911f-77efc98b0ab7@group-CD6CE24BC511-LeaderElection35] INFO  server.RaftServer$Division (ServerState.java:setRaftConf(387)) - afe6738c-795d-4ad9-911f-77efc98b0ab7@group-CD6CE24BC511: set configuration 0: [afe6738c-795d-4ad9-911f-77efc98b0ab7|rpc:10.1.0.13:38867|dataStream:|priority:1], old=null
2021-11-25 02:28:02,248 [Listener at 127.0.0.1/44827] INFO  ozone.MiniOzoneClusterImpl (MiniOzoneClusterImpl.java:lambda$waitForClusterToBeReady$0(235)) - Nodes are ready. Got 9 of 9 DN Heartbeats.
2021-11-25 02:28:02,248 [Listener at 127.0.0.1/44827] INFO  ozone.MiniOzoneClusterImpl (MiniOzoneClusterImpl.java:lambda$waitForClusterToBeReady$0(238)) - Waiting for cluster to exit safe mode
2021-11-25 02:28:02,248 [Listener at 127.0.0.1/44827] INFO  ozone.MiniOzoneClusterImpl (MiniOzoneClusterImpl.java:lambda$waitForClusterToBeReady$0(240)) - SCM became leader
2021-11-25 02:28:03,089 [e244018c-c6e8-4e9d-8a67-72ce71f64a2e@group-C3EE588E8B9F-FollowerState] INFO  impl.FollowerState (FollowerState.java:run(134)) - e244018c-c6e8-4e9d-8a67-72ce71f64a2e@group-C3EE588E8B9F-FollowerState: change to CANDIDATE, lastRpcElapsedTime:5124711597ns, electionTimeout:5116ms
2021-11-25 02:28:03,090 [e244018c-c6e8-4e9d-8a67-72ce71f64a2e@group-C3EE588E8B9F-FollowerState] INFO  impl.RoleInfo (RoleInfo.java:shutdownFollowerState(108)) - e244018c-c6e8-4e9d-8a67-72ce71f64a2e: shutdown e244018c-c6e8-4e9d-8a67-72ce71f64a2e@group-C3EE588E8B9F-FollowerState
2021-11-25 02:28:03,090 [e244018c-c6e8-4e9d-8a67-72ce71f64a2e@group-C3EE588E8B9F-FollowerState] INFO  server.RaftServer$Division (RaftServerImpl.java:setRole(290)) - e244018c-c6e8-4e9d-8a67-72ce71f64a2e@group-C3EE588E8B9F: changes role from  FOLLOWER to CANDIDATE at term 0 for changeToCandidate
2021-11-25 02:28:03,091 [e244018c-c6e8-4e9d-8a67-72ce71f64a2e@group-C3EE588E8B9F-FollowerState] INFO  server.RaftServerConfigKeys (ConfUtils.java:logGet(44)) - raft.server.leaderelection.pre-vote = false (custom)
2021-11-25 02:28:03,091 [e244018c-c6e8-4e9d-8a67-72ce71f64a2e@group-C3EE588E8B9F-FollowerState] INFO  impl.RoleInfo (RoleInfo.java:updateAndGet(130)) - e244018c-c6e8-4e9d-8a67-72ce71f64a2e: start e244018c-c6e8-4e9d-8a67-72ce71f64a2e@group-C3EE588E8B9F-LeaderElection36
2021-11-25 02:28:03,108 [e244018c-c6e8-4e9d-8a67-72ce71f64a2e@group-C3EE588E8B9F-LeaderElection36] INFO  impl.LeaderElection (LeaderElection.java:askForVotes(306)) - e244018c-c6e8-4e9d-8a67-72ce71f64a2e@group-C3EE588E8B9F-LeaderElection36 ELECTION round 0: submit vote requests at term 1 for -1: [e244018c-c6e8-4e9d-8a67-72ce71f64a2e|rpc:10.1.0.13:35819|priority:1], old=null
2021-11-25 02:28:03,109 [e244018c-c6e8-4e9d-8a67-72ce71f64a2e@group-C3EE588E8B9F-LeaderElection36] INFO  impl.LeaderElection (LeaderElection.java:askForVotes(308)) - e244018c-c6e8-4e9d-8a67-72ce71f64a2e@group-C3EE588E8B9F-LeaderElection36 ELECTION round 0: result PASSED (term=1)
2021-11-25 02:28:03,109 [e244018c-c6e8-4e9d-8a67-72ce71f64a2e@group-C3EE588E8B9F-LeaderElection36] INFO  impl.RoleInfo (RoleInfo.java:shutdownLeaderElection(121)) - e244018c-c6e8-4e9d-8a67-72ce71f64a2e: shutdown e244018c-c6e8-4e9d-8a67-72ce71f64a2e@group-C3EE588E8B9F-LeaderElection36
2021-11-25 02:28:03,109 [e244018c-c6e8-4e9d-8a67-72ce71f64a2e@group-C3EE588E8B9F-LeaderElection36] INFO  server.RaftServer$Division (RaftServerImpl.java:setRole(290)) - e244018c-c6e8-4e9d-8a67-72ce71f64a2e@group-C3EE588E8B9F: changes role from CANDIDATE to LEADER at term 1 for changeToLeader
2021-11-25 02:28:03,109 [e244018c-c6e8-4e9d-8a67-72ce71f64a2e@group-C3EE588E8B9F-LeaderElection36] INFO  ratis.XceiverServerRatis (XceiverServerRatis.java:handleLeaderChangedNotification(866)) - Leader change notification received for group: group-C3EE588E8B9F with new leaderId: e244018c-c6e8-4e9d-8a67-72ce71f64a2e
2021-11-25 02:28:03,109 [e244018c-c6e8-4e9d-8a67-72ce71f64a2e@group-C3EE588E8B9F-LeaderElection36] INFO  server.RaftServer$Division (ServerState.java:setLeader(285)) - e244018c-c6e8-4e9d-8a67-72ce71f64a2e@group-C3EE588E8B9F: change Leader from null to e244018c-c6e8-4e9d-8a67-72ce71f64a2e at term 1 for becomeLeader, leader elected after 5149ms
2021-11-25 02:28:03,109 [e244018c-c6e8-4e9d-8a67-72ce71f64a2e@group-C3EE588E8B9F-LeaderElection36] INFO  server.RaftServerConfigKeys (ConfUtils.java:logGet(44)) - raft.server.staging.catchup.gap = 1000 (default)
2021-11-25 02:28:03,110 [e244018c-c6e8-4e9d-8a67-72ce71f64a2e@group-C3EE588E8B9F-LeaderElection36] INFO  server.RaftServerConfigKeys (ConfUtils.java:logGet(44)) - raft.server.write.element-limit = 1024 (custom)
2021-11-25 02:28:03,110 [EventQueue-OpenPipelineForHealthyPipelineSafeModeRule] INFO  safemode.SCMSafeModeManager (HealthyPipelineSafeModeRule.java:process(124)) - SCM in safe mode. Healthy pipelines reported count is 0, required healthy pipeline reported count is 1
2021-11-25 02:28:03,111 [e244018c-c6e8-4e9d-8a67-72ce71f64a2e@group-C3EE588E8B9F-LeaderElection36] INFO  server.RaftServerConfigKeys (ConfUtils.java:logGet(44)) - raft.server.write.byte-limit = 1024 M (=1073741824) (custom)
2021-11-25 02:28:03,111 [e244018c-c6e8-4e9d-8a67-72ce71f64a2e@group-C3EE588E8B9F-LeaderElection36] INFO  server.RaftServerConfigKeys (ConfUtils.java:logGet(44)) - raft.server.watch.timeout = 3000ms (custom)
2021-11-25 02:28:03,111 [e244018c-c6e8-4e9d-8a67-72ce71f64a2e@group-C3EE588E8B9F-LeaderElection36] INFO  server.RaftServerConfigKeys (ConfUtils.java:logGet(44)) - raft.server.watch.timeout.denomination = 1s (default)
2021-11-25 02:28:03,111 [e244018c-c6e8-4e9d-8a67-72ce71f64a2e@group-C3EE588E8B9F-LeaderElection36] INFO  server.RaftServerConfigKeys (ConfUtils.java:logGet(44)) - raft.server.watch.element-limit = 65536 (default)
2021-11-25 02:28:03,111 [e244018c-c6e8-4e9d-8a67-72ce71f64a2e@group-C3EE588E8B9F-LeaderElection36] INFO  server.RaftServerConfigKeys (ConfUtils.java:logGet(44)) - raft.server.write.element-limit = 1024 (custom)
2021-11-25 02:28:03,111 [e244018c-c6e8-4e9d-8a67-72ce71f64a2e@group-C3EE588E8B9F-LeaderElection36] INFO  server.RaftServerConfigKeys (ConfUtils.java:logGet(44)) - raft.server.write.follower.gap.ratio.max = -1.0 (default)
2021-11-25 02:28:03,112 [e244018c-c6e8-4e9d-8a67-72ce71f64a2e@group-C3EE588E8B9F-LeaderElection36] INFO  impl.RoleInfo (RoleInfo.java:updateAndGet(130)) - e244018c-c6e8-4e9d-8a67-72ce71f64a2e: start e244018c-c6e8-4e9d-8a67-72ce71f64a2e@group-C3EE588E8B9F-LeaderStateImpl
2021-11-25 02:28:03,112 [e244018c-c6e8-4e9d-8a67-72ce71f64a2e@group-C3EE588E8B9F-LeaderElection36] INFO  segmented.SegmentedRaftLogWorker (SegmentedRaftLogWorker.java:startLogSegment(394)) - e244018c-c6e8-4e9d-8a67-72ce71f64a2e@group-C3EE588E8B9F-SegmentedRaftLogWorker: Starting segment from index:0
2021-11-25 02:28:03,114 [e244018c-c6e8-4e9d-8a67-72ce71f64a2e@group-C3EE588E8B9F-LeaderElection36] INFO  server.RaftServer$Division (ServerState.java:setRaftConf(387)) - e244018c-c6e8-4e9d-8a67-72ce71f64a2e@group-C3EE588E8B9F: set configuration 0: [e244018c-c6e8-4e9d-8a67-72ce71f64a2e|rpc:10.1.0.13:35819|dataStream:|priority:1], old=null
2021-11-25 02:28:03,125 [e244018c-c6e8-4e9d-8a67-72ce71f64a2e@group-C3EE588E8B9F-SegmentedRaftLogWorker] INFO  segmented.SegmentedRaftLogWorker (SegmentedRaftLogWorker.java:execute(601)) - e244018c-c6e8-4e9d-8a67-72ce71f64a2e@group-C3EE588E8B9F-SegmentedRaftLogWorker: created new log segment /home/runner/work/ozone/ozone/hadoop-ozone/integration-test/target/test-dir/MiniOzoneClusterImpl-bf1a4df1-220d-4f19-a3f2-d6f00535f443/datanode-6/data/ratis/8342e067-880c-4984-89cb-c3ee588e8b9f/current/log_inprogress_0
2021-11-25 02:28:03,212 [e244018c-c6e8-4e9d-8a67-72ce71f64a2e@group-7B4FBFA5AF04-FollowerState] INFO  impl.FollowerState (FollowerState.java:run(134)) - e244018c-c6e8-4e9d-8a67-72ce71f64a2e@group-7B4FBFA5AF04-FollowerState: change to CANDIDATE, lastRpcElapsedTime:5210654842ns, electionTimeout:5199ms
2021-11-25 02:28:03,212 [e244018c-c6e8-4e9d-8a67-72ce71f64a2e@group-7B4FBFA5AF04-FollowerState] INFO  impl.RoleInfo (RoleInfo.java:shutdownFollowerState(108)) - e244018c-c6e8-4e9d-8a67-72ce71f64a2e: shutdown e244018c-c6e8-4e9d-8a67-72ce71f64a2e@group-7B4FBFA5AF04-FollowerState
2021-11-25 02:28:03,213 [e244018c-c6e8-4e9d-8a67-72ce71f64a2e@group-7B4FBFA5AF04-FollowerState] INFO  server.RaftServer$Division (RaftServerImpl.java:setRole(290)) - e244018c-c6e8-4e9d-8a67-72ce71f64a2e@group-7B4FBFA5AF04: changes role from  FOLLOWER to CANDIDATE at term 0 for changeToCandidate
2021-11-25 02:28:03,213 [e244018c-c6e8-4e9d-8a67-72ce71f64a2e@group-7B4FBFA5AF04-FollowerState] INFO  server.RaftServerConfigKeys (ConfUtils.java:logGet(44)) - raft.server.leaderelection.pre-vote = false (custom)
2021-11-25 02:28:03,213 [e244018c-c6e8-4e9d-8a67-72ce71f64a2e@group-7B4FBFA5AF04-FollowerState] INFO  impl.RoleInfo (RoleInfo.java:updateAndGet(130)) - e244018c-c6e8-4e9d-8a67-72ce71f64a2e: start e244018c-c6e8-4e9d-8a67-72ce71f64a2e@group-7B4FBFA5AF04-LeaderElection37
2021-11-25 02:28:03,246 [e244018c-c6e8-4e9d-8a67-72ce71f64a2e@group-7B4FBFA5AF04-LeaderElection37] INFO  impl.LeaderElection (LeaderElection.java:askForVotes(306)) - e244018c-c6e8-4e9d-8a67-72ce71f64a2e@group-7B4FBFA5AF04-LeaderElection37 ELECTION round 0: submit vote requests at term 1 for -1: [270b4571-6830-404f-969d-140ad9dcfc29|rpc:10.1.0.13:46697|priority:0, 85323f18-cee6-4044-8995-00f3d4f90ee3|rpc:10.1.0.13:44439|priority:1, e244018c-c6e8-4e9d-8a67-72ce71f64a2e|rpc:10.1.0.13:35819|priority:0], old=null
2021-11-25 02:28:03,248 [Listener at 127.0.0.1/44827] INFO  ozone.MiniOzoneClusterImpl (MiniOzoneClusterImpl.java:lambda$waitForClusterToBeReady$0(235)) - Nodes are ready. Got 9 of 9 DN Heartbeats.
2021-11-25 02:28:03,248 [Listener at 127.0.0.1/44827] INFO  ozone.MiniOzoneClusterImpl (MiniOzoneClusterImpl.java:lambda$waitForClusterToBeReady$0(238)) - Waiting for cluster to exit safe mode
2021-11-25 02:28:03,248 [Listener at 127.0.0.1/44827] INFO  ozone.MiniOzoneClusterImpl (MiniOzoneClusterImpl.java:lambda$waitForClusterToBeReady$0(240)) - SCM became leader
2021-11-25 02:28:03,272 [grpc-default-executor-2] INFO  server.RaftServer$Division (RaftServerImpl.java:requestVote(1046)) - 270b4571-6830-404f-969d-140ad9dcfc29@group-7B4FBFA5AF04: receive requestVote(ELECTION, e244018c-c6e8-4e9d-8a67-72ce71f64a2e, group-7B4FBFA5AF04, 1, (t:0, i:0))
2021-11-25 02:28:03,273 [grpc-default-executor-2] INFO  impl.VoteContext (VoteContext.java:log(48)) - 270b4571-6830-404f-969d-140ad9dcfc29@group-7B4FBFA5AF04-FOLLOWER: accept ELECTION from e244018c-c6e8-4e9d-8a67-72ce71f64a2e: our priority 0 <= candidate's priority 0
2021-11-25 02:28:03,273 [grpc-default-executor-2] INFO  server.RaftServer$Division (RaftServerImpl.java:setRole(290)) - 270b4571-6830-404f-969d-140ad9dcfc29@group-7B4FBFA5AF04: changes role from  FOLLOWER to FOLLOWER at term 1 for candidate:e244018c-c6e8-4e9d-8a67-72ce71f64a2e
2021-11-25 02:28:03,273 [grpc-default-executor-2] INFO  impl.RoleInfo (RoleInfo.java:shutdownFollowerState(108)) - 270b4571-6830-404f-969d-140ad9dcfc29: shutdown 270b4571-6830-404f-969d-140ad9dcfc29@group-7B4FBFA5AF04-FollowerState
2021-11-25 02:28:03,273 [grpc-default-executor-2] INFO  impl.RoleInfo (RoleInfo.java:updateAndGet(130)) - 270b4571-6830-404f-969d-140ad9dcfc29: start 270b4571-6830-404f-969d-140ad9dcfc29@group-7B4FBFA5AF04-FollowerState
2021-11-25 02:28:03,273 [270b4571-6830-404f-969d-140ad9dcfc29@group-7B4FBFA5AF04-FollowerState] INFO  impl.FollowerState (FollowerState.java:run(143)) - 270b4571-6830-404f-969d-140ad9dcfc29@group-7B4FBFA5AF04-FollowerState was interrupted: {}
java.lang.InterruptedException: sleep interrupted
	at java.lang.Thread.sleep(Native Method)
	at java.lang.Thread.sleep(Thread.java:340)
	at java.util.concurrent.TimeUnit.sleep(TimeUnit.java:386)
	at org.apache.ratis.util.TimeDuration.sleep(TimeDuration.java:324)
	at org.apache.ratis.util.TimeDuration.sleep(TimeDuration.java:309)
	at org.apache.ratis.server.impl.FollowerState.run(FollowerState.java:118)
2021-11-25 02:28:03,274 [grpc-default-executor-2] INFO  server.RaftServer$Division (RaftServerImpl.java:requestVote(1078)) - 270b4571-6830-404f-969d-140ad9dcfc29@group-7B4FBFA5AF04 replies to ELECTION vote request: e244018c-c6e8-4e9d-8a67-72ce71f64a2e<-270b4571-6830-404f-969d-140ad9dcfc29#0:OK-t1. Peer's state: 270b4571-6830-404f-969d-140ad9dcfc29@group-7B4FBFA5AF04:t1, leader=null, voted=e244018c-c6e8-4e9d-8a67-72ce71f64a2e, raftlog=270b4571-6830-404f-969d-140ad9dcfc29@group-7B4FBFA5AF04-SegmentedRaftLog:OPENED:c-1, conf=-1: [270b4571-6830-404f-969d-140ad9dcfc29|rpc:10.1.0.13:46697|dataStream:|priority:0, 85323f18-cee6-4044-8995-00f3d4f90ee3|rpc:10.1.0.13:44439|dataStream:|priority:1, e244018c-c6e8-4e9d-8a67-72ce71f64a2e|rpc:10.1.0.13:35819|dataStream:|priority:0], old=null
2021-11-25 02:28:03,299 [grpc-default-executor-2] INFO  server.RaftServer$Division (RaftServerImpl.java:requestVote(1046)) - 85323f18-cee6-4044-8995-00f3d4f90ee3@group-7B4FBFA5AF04: receive requestVote(ELECTION, e244018c-c6e8-4e9d-8a67-72ce71f64a2e, group-7B4FBFA5AF04, 1, (t:0, i:0))
2021-11-25 02:28:03,299 [grpc-default-executor-2] INFO  impl.VoteContext (VoteContext.java:log(48)) - 85323f18-cee6-4044-8995-00f3d4f90ee3@group-7B4FBFA5AF04-FOLLOWER: reject ELECTION from e244018c-c6e8-4e9d-8a67-72ce71f64a2e: our priority 1 > candidate's priority 0
2021-11-25 02:28:03,299 [grpc-default-executor-2] INFO  server.RaftServer$Division (RaftServerImpl.java:setRole(290)) - 85323f18-cee6-4044-8995-00f3d4f90ee3@group-7B4FBFA5AF04: changes role from  FOLLOWER to FOLLOWER at term 1 for candidate:e244018c-c6e8-4e9d-8a67-72ce71f64a2e
2021-11-25 02:28:03,299 [grpc-default-executor-2] INFO  impl.RoleInfo (RoleInfo.java:shutdownFollowerState(108)) - 85323f18-cee6-4044-8995-00f3d4f90ee3: shutdown 85323f18-cee6-4044-8995-00f3d4f90ee3@group-7B4FBFA5AF04-FollowerState
2021-11-25 02:28:03,299 [grpc-default-executor-2] INFO  impl.RoleInfo (RoleInfo.java:updateAndGet(130)) - 85323f18-cee6-4044-8995-00f3d4f90ee3: start 85323f18-cee6-4044-8995-00f3d4f90ee3@group-7B4FBFA5AF04-FollowerState
2021-11-25 02:28:03,309 [85323f18-cee6-4044-8995-00f3d4f90ee3@group-7B4FBFA5AF04-FollowerState] INFO  impl.FollowerState (FollowerState.java:run(143)) - 85323f18-cee6-4044-8995-00f3d4f90ee3@group-7B4FBFA5AF04-FollowerState was interrupted: {}
java.lang.InterruptedException: sleep interrupted
	at java.lang.Thread.sleep(Native Method)
	at java.lang.Thread.sleep(Thread.java:340)
	at java.util.concurrent.TimeUnit.sleep(TimeUnit.java:386)
	at org.apache.ratis.util.TimeDuration.sleep(TimeDuration.java:324)
	at org.apache.ratis.util.TimeDuration.sleep(TimeDuration.java:309)
	at org.apache.ratis.server.impl.FollowerState.run(FollowerState.java:118)
2021-11-25 02:28:03,324 [grpc-default-executor-2] INFO  server.RaftServer$Division (RaftServerImpl.java:requestVote(1078)) - 85323f18-cee6-4044-8995-00f3d4f90ee3@group-7B4FBFA5AF04 replies to ELECTION vote request: e244018c-c6e8-4e9d-8a67-72ce71f64a2e<-85323f18-cee6-4044-8995-00f3d4f90ee3#0:FAIL-t1. Peer's state: 85323f18-cee6-4044-8995-00f3d4f90ee3@group-7B4FBFA5AF04:t1, leader=null, voted=null, raftlog=85323f18-cee6-4044-8995-00f3d4f90ee3@group-7B4FBFA5AF04-SegmentedRaftLog:OPENED:c-1, conf=-1: [270b4571-6830-404f-969d-140ad9dcfc29|rpc:10.1.0.13:46697|dataStream:|priority:0, 85323f18-cee6-4044-8995-00f3d4f90ee3|rpc:10.1.0.13:44439|dataStream:|priority:1, e244018c-c6e8-4e9d-8a67-72ce71f64a2e|rpc:10.1.0.13:35819|dataStream:|priority:0], old=null
2021-11-25 02:28:03,330 [e244018c-c6e8-4e9d-8a67-72ce71f64a2e@group-7B4FBFA5AF04-LeaderElection37] INFO  impl.LeaderElection (LeaderElection.java:logAndReturn(89)) - e244018c-c6e8-4e9d-8a67-72ce71f64a2e@group-7B4FBFA5AF04-LeaderElection37: ELECTION REJECTED received 2 response(s) and 0 exception(s):
2021-11-25 02:28:03,330 [e244018c-c6e8-4e9d-8a67-72ce71f64a2e@group-7B4FBFA5AF04-LeaderElection37] INFO  impl.LeaderElection (LeaderElection.java:logAndReturn(93)) -   Response 0: e244018c-c6e8-4e9d-8a67-72ce71f64a2e<-270b4571-6830-404f-969d-140ad9dcfc29#0:OK-t1
2021-11-25 02:28:03,330 [e244018c-c6e8-4e9d-8a67-72ce71f64a2e@group-7B4FBFA5AF04-LeaderElection37] INFO  impl.LeaderElection (LeaderElection.java:logAndReturn(93)) -   Response 1: e244018c-c6e8-4e9d-8a67-72ce71f64a2e<-85323f18-cee6-4044-8995-00f3d4f90ee3#0:FAIL-t1
2021-11-25 02:28:03,330 [e244018c-c6e8-4e9d-8a67-72ce71f64a2e@group-7B4FBFA5AF04-LeaderElection37] INFO  impl.LeaderElection (LeaderElection.java:askForVotes(308)) - e244018c-c6e8-4e9d-8a67-72ce71f64a2e@group-7B4FBFA5AF04-LeaderElection37 ELECTION round 0: result REJECTED
2021-11-25 02:28:03,330 [e244018c-c6e8-4e9d-8a67-72ce71f64a2e@group-7B4FBFA5AF04-LeaderElection37] INFO  server.RaftServer$Division (RaftServerImpl.java:setRole(290)) - e244018c-c6e8-4e9d-8a67-72ce71f64a2e@group-7B4FBFA5AF04: changes role from CANDIDATE to FOLLOWER at term 1 for REJECTED
2021-11-25 02:28:03,330 [e244018c-c6e8-4e9d-8a67-72ce71f64a2e@group-7B4FBFA5AF04-LeaderElection37] INFO  impl.RoleInfo (RoleInfo.java:shutdownLeaderElection(121)) - e244018c-c6e8-4e9d-8a67-72ce71f64a2e: shutdown e244018c-c6e8-4e9d-8a67-72ce71f64a2e@group-7B4FBFA5AF04-LeaderElection37
2021-11-25 02:28:03,330 [e244018c-c6e8-4e9d-8a67-72ce71f64a2e@group-7B4FBFA5AF04-LeaderElection37] INFO  impl.RoleInfo (RoleInfo.java:updateAndGet(130)) - e244018c-c6e8-4e9d-8a67-72ce71f64a2e: start e244018c-c6e8-4e9d-8a67-72ce71f64a2e@group-7B4FBFA5AF04-FollowerState
2021-11-25 02:28:03,989 [85323f18-cee6-4044-8995-00f3d4f90ee3@group-ECA14B6AF402-FollowerState] INFO  impl.FollowerState (FollowerState.java:run(134)) - 85323f18-cee6-4044-8995-00f3d4f90ee3@group-ECA14B6AF402-FollowerState: change to CANDIDATE, lastRpcElapsedTime:5146915513ns, electionTimeout:5096ms
2021-11-25 02:28:03,989 [85323f18-cee6-4044-8995-00f3d4f90ee3@group-ECA14B6AF402-FollowerState] INFO  impl.RoleInfo (RoleInfo.java:shutdownFollowerState(108)) - 85323f18-cee6-4044-8995-00f3d4f90ee3: shutdown 85323f18-cee6-4044-8995-00f3d4f90ee3@group-ECA14B6AF402-FollowerState
2021-11-25 02:28:03,989 [85323f18-cee6-4044-8995-00f3d4f90ee3@group-ECA14B6AF402-FollowerState] INFO  server.RaftServer$Division (RaftServerImpl.java:setRole(290)) - 85323f18-cee6-4044-8995-00f3d4f90ee3@group-ECA14B6AF402: changes role from  FOLLOWER to CANDIDATE at term 0 for changeToCandidate
2021-11-25 02:28:03,991 [85323f18-cee6-4044-8995-00f3d4f90ee3@group-ECA14B6AF402-FollowerState] INFO  server.RaftServerConfigKeys (ConfUtils.java:logGet(44)) - raft.server.leaderelection.pre-vote = false (custom)
2021-11-25 02:28:03,991 [85323f18-cee6-4044-8995-00f3d4f90ee3@group-ECA14B6AF402-FollowerState] INFO  impl.RoleInfo (RoleInfo.java:updateAndGet(130)) - 85323f18-cee6-4044-8995-00f3d4f90ee3: start 85323f18-cee6-4044-8995-00f3d4f90ee3@group-ECA14B6AF402-LeaderElection38
2021-11-25 02:28:04,005 [a8a586c2-f99e-4cfe-9d52-03ddcdbedb28@group-8550D68C7491-FollowerState] INFO  impl.FollowerState (FollowerState.java:run(134)) - a8a586c2-f99e-4cfe-9d52-03ddcdbedb28@group-8550D68C7491-FollowerState: change to CANDIDATE, lastRpcElapsedTime:5094418596ns, electionTimeout:5036ms
2021-11-25 02:28:04,005 [a8a586c2-f99e-4cfe-9d52-03ddcdbedb28@group-8550D68C7491-FollowerState] INFO  impl.RoleInfo (RoleInfo.java:shutdownFollowerState(108)) - a8a586c2-f99e-4cfe-9d52-03ddcdbedb28: shutdown a8a586c2-f99e-4cfe-9d52-03ddcdbedb28@group-8550D68C7491-FollowerState
2021-11-25 02:28:04,005 [a8a586c2-f99e-4cfe-9d52-03ddcdbedb28@group-8550D68C7491-FollowerState] INFO  server.RaftServer$Division (RaftServerImpl.java:setRole(290)) - a8a586c2-f99e-4cfe-9d52-03ddcdbedb28@group-8550D68C7491: changes role from  FOLLOWER to CANDIDATE at term 1 for changeToCandidate
2021-11-25 02:28:04,005 [a8a586c2-f99e-4cfe-9d52-03ddcdbedb28@group-8550D68C7491-FollowerState] INFO  server.RaftServerConfigKeys (ConfUtils.java:logGet(44)) - raft.server.leaderelection.pre-vote = false (custom)
2021-11-25 02:28:04,005 [a8a586c2-f99e-4cfe-9d52-03ddcdbedb28@group-8550D68C7491-FollowerState] INFO  impl.RoleInfo (RoleInfo.java:updateAndGet(130)) - a8a586c2-f99e-4cfe-9d52-03ddcdbedb28: start a8a586c2-f99e-4cfe-9d52-03ddcdbedb28@group-8550D68C7491-LeaderElection39
2021-11-25 02:28:04,016 [85323f18-cee6-4044-8995-00f3d4f90ee3@group-ECA14B6AF402-LeaderElection38] INFO  impl.LeaderElection (LeaderElection.java:askForVotes(306)) - 85323f18-cee6-4044-8995-00f3d4f90ee3@group-ECA14B6AF402-LeaderElection38 ELECTION round 0: submit vote requests at term 1 for -1: [85323f18-cee6-4044-8995-00f3d4f90ee3|rpc:10.1.0.13:44439|priority:1], old=null
2021-11-25 02:28:04,016 [85323f18-cee6-4044-8995-00f3d4f90ee3@group-ECA14B6AF402-LeaderElection38] INFO  impl.LeaderElection (LeaderElection.java:askForVotes(308)) - 85323f18-cee6-4044-8995-00f3d4f90ee3@group-ECA14B6AF402-LeaderElection38 ELECTION round 0: result PASSED (term=1)
2021-11-25 02:28:04,016 [85323f18-cee6-4044-8995-00f3d4f90ee3@group-ECA14B6AF402-LeaderElection38] INFO  impl.RoleInfo (RoleInfo.java:shutdownLeaderElection(121)) - 85323f18-cee6-4044-8995-00f3d4f90ee3: shutdown 85323f18-cee6-4044-8995-00f3d4f90ee3@group-ECA14B6AF402-LeaderElection38
2021-11-25 02:28:04,017 [85323f18-cee6-4044-8995-00f3d4f90ee3@group-ECA14B6AF402-LeaderElection38] INFO  server.RaftServer$Division (RaftServerImpl.java:setRole(290)) - 85323f18-cee6-4044-8995-00f3d4f90ee3@group-ECA14B6AF402: changes role from CANDIDATE to LEADER at term 1 for changeToLeader
2021-11-25 02:28:04,017 [85323f18-cee6-4044-8995-00f3d4f90ee3@group-ECA14B6AF402-LeaderElection38] INFO  ratis.XceiverServerRatis (XceiverServerRatis.java:handleLeaderChangedNotification(866)) - Leader change notification received for group: group-ECA14B6AF402 with new leaderId: 85323f18-cee6-4044-8995-00f3d4f90ee3
2021-11-25 02:28:04,021 [85323f18-cee6-4044-8995-00f3d4f90ee3@group-ECA14B6AF402-LeaderElection38] INFO  server.RaftServer$Division (ServerState.java:setLeader(285)) - 85323f18-cee6-4044-8995-00f3d4f90ee3@group-ECA14B6AF402: change Leader from null to 85323f18-cee6-4044-8995-00f3d4f90ee3 at term 1 for becomeLeader, leader elected after 5190ms
2021-11-25 02:28:04,022 [85323f18-cee6-4044-8995-00f3d4f90ee3@group-ECA14B6AF402-LeaderElection38] INFO  server.RaftServerConfigKeys (ConfUtils.java:logGet(44)) - raft.server.staging.catchup.gap = 1000 (default)
2021-11-25 02:28:04,026 [EventQueue-OpenPipelineForHealthyPipelineSafeModeRule] INFO  safemode.SCMSafeModeManager (HealthyPipelineSafeModeRule.java:process(124)) - SCM in safe mode. Healthy pipelines reported count is 0, required healthy pipeline reported count is 1
2021-11-25 02:28:04,033 [85323f18-cee6-4044-8995-00f3d4f90ee3@group-ECA14B6AF402-LeaderElection38] INFO  server.RaftServerConfigKeys (ConfUtils.java:logGet(44)) - raft.server.write.element-limit = 1024 (custom)
2021-11-25 02:28:04,034 [85323f18-cee6-4044-8995-00f3d4f90ee3@group-ECA14B6AF402-LeaderElection38] INFO  server.RaftServerConfigKeys (ConfUtils.java:logGet(44)) - raft.server.write.byte-limit = 1024 M (=1073741824) (custom)
2021-11-25 02:28:04,034 [85323f18-cee6-4044-8995-00f3d4f90ee3@group-ECA14B6AF402-LeaderElection38] INFO  server.RaftServerConfigKeys (ConfUtils.java:logGet(44)) - raft.server.watch.timeout = 3000ms (custom)
2021-11-25 02:28:04,034 [85323f18-cee6-4044-8995-00f3d4f90ee3@group-ECA14B6AF402-LeaderElection38] INFO  server.RaftServerConfigKeys (ConfUtils.java:logGet(44)) - raft.server.watch.timeout.denomination = 1s (default)
2021-11-25 02:28:04,034 [85323f18-cee6-4044-8995-00f3d4f90ee3@group-ECA14B6AF402-LeaderElection38] INFO  server.RaftServerConfigKeys (ConfUtils.java:logGet(44)) - raft.server.watch.element-limit = 65536 (default)
2021-11-25 02:28:04,034 [85323f18-cee6-4044-8995-00f3d4f90ee3@group-ECA14B6AF402-LeaderElection38] INFO  server.RaftServerConfigKeys (ConfUtils.java:logGet(44)) - raft.server.write.element-limit = 1024 (custom)
2021-11-25 02:28:04,034 [85323f18-cee6-4044-8995-00f3d4f90ee3@group-ECA14B6AF402-LeaderElection38] INFO  server.RaftServerConfigKeys (ConfUtils.java:logGet(44)) - raft.server.write.follower.gap.ratio.max = -1.0 (default)
2021-11-25 02:28:04,034 [85323f18-cee6-4044-8995-00f3d4f90ee3@group-ECA14B6AF402-LeaderElection38] INFO  impl.RoleInfo (RoleInfo.java:updateAndGet(130)) - 85323f18-cee6-4044-8995-00f3d4f90ee3: start 85323f18-cee6-4044-8995-00f3d4f90ee3@group-ECA14B6AF402-LeaderStateImpl
2021-11-25 02:28:04,035 [85323f18-cee6-4044-8995-00f3d4f90ee3@group-ECA14B6AF402-LeaderElection38] INFO  segmented.SegmentedRaftLogWorker (SegmentedRaftLogWorker.java:startLogSegment(394)) - 85323f18-cee6-4044-8995-00f3d4f90ee3@group-ECA14B6AF402-SegmentedRaftLogWorker: Starting segment from index:0
2021-11-25 02:28:04,043 [85323f18-cee6-4044-8995-00f3d4f90ee3@group-ECA14B6AF402-SegmentedRaftLogWorker] INFO  segmented.SegmentedRaftLogWorker (SegmentedRaftLogWorker.java:execute(601)) - 85323f18-cee6-4044-8995-00f3d4f90ee3@group-ECA14B6AF402-SegmentedRaftLogWorker: created new log segment /home/runner/work/ozone/ozone/hadoop-ozone/integration-test/target/test-dir/MiniOzoneClusterImpl-bf1a4df1-220d-4f19-a3f2-d6f00535f443/datanode-7/data/ratis/75a857ac-5f62-441e-b42f-eca14b6af402/current/log_inprogress_0
2021-11-25 02:28:04,044 [a8a586c2-f99e-4cfe-9d52-03ddcdbedb28@group-8550D68C7491-LeaderElection39] INFO  impl.LeaderElection (LeaderElection.java:askForVotes(306)) - a8a586c2-f99e-4cfe-9d52-03ddcdbedb28@group-8550D68C7491-LeaderElection39 ELECTION round 0: submit vote requests at term 2 for -1: [e8e4a09d-b55f-46fb-afd1-8638ca612560|rpc:10.1.0.13:42859|dataStream:|priority:1, 7b8694ed-f626-45d7-ad92-ba79cd2bf69c|rpc:10.1.0.13:33171|dataStream:|priority:0, a8a586c2-f99e-4cfe-9d52-03ddcdbedb28|rpc:10.1.0.13:36737|dataStream:|priority:0], old=null
2021-11-25 02:28:04,077 [7b8694ed-f626-45d7-ad92-ba79cd2bf69c@group-8550D68C7491-FollowerState] INFO  impl.FollowerState (FollowerState.java:run(134)) - 7b8694ed-f626-45d7-ad92-ba79cd2bf69c@group-8550D68C7491-FollowerState: change to CANDIDATE, lastRpcElapsedTime:5124052487ns, electionTimeout:5107ms
2021-11-25 02:28:04,077 [7b8694ed-f626-45d7-ad92-ba79cd2bf69c@group-8550D68C7491-FollowerState] INFO  impl.RoleInfo (RoleInfo.java:shutdownFollowerState(108)) - 7b8694ed-f626-45d7-ad92-ba79cd2bf69c: shutdown 7b8694ed-f626-45d7-ad92-ba79cd2bf69c@group-8550D68C7491-FollowerState
2021-11-25 02:28:04,077 [7b8694ed-f626-45d7-ad92-ba79cd2bf69c@group-8550D68C7491-FollowerState] INFO  server.RaftServer$Division (RaftServerImpl.java:setRole(290)) - 7b8694ed-f626-45d7-ad92-ba79cd2bf69c@group-8550D68C7491: changes role from  FOLLOWER to CANDIDATE at term 1 for changeToCandidate
2021-11-25 02:28:04,077 [7b8694ed-f626-45d7-ad92-ba79cd2bf69c@group-8550D68C7491-FollowerState] INFO  server.RaftServerConfigKeys (ConfUtils.java:logGet(44)) - raft.server.leaderelection.pre-vote = false (custom)
2021-11-25 02:28:04,077 [7b8694ed-f626-45d7-ad92-ba79cd2bf69c@group-8550D68C7491-FollowerState] INFO  impl.RoleInfo (RoleInfo.java:updateAndGet(130)) - 7b8694ed-f626-45d7-ad92-ba79cd2bf69c: start 7b8694ed-f626-45d7-ad92-ba79cd2bf69c@group-8550D68C7491-LeaderElection40
2021-11-25 02:28:04,081 [85323f18-cee6-4044-8995-00f3d4f90ee3@group-ECA14B6AF402-LeaderElection38] INFO  server.RaftServer$Division (ServerState.java:setRaftConf(387)) - 85323f18-cee6-4044-8995-00f3d4f90ee3@group-ECA14B6AF402: set configuration 0: [85323f18-cee6-4044-8995-00f3d4f90ee3|rpc:10.1.0.13:44439|dataStream:|priority:1], old=null
2021-11-25 02:28:04,115 [grpc-default-executor-2] INFO  server.RaftServer$Division (RaftServerImpl.java:requestVote(1046)) - e8e4a09d-b55f-46fb-afd1-8638ca612560@group-8550D68C7491: receive requestVote(ELECTION, a8a586c2-f99e-4cfe-9d52-03ddcdbedb28, group-8550D68C7491, 2, (t:0, i:0))
2021-11-25 02:28:04,115 [grpc-default-executor-2] INFO  impl.VoteContext (VoteContext.java:log(48)) - e8e4a09d-b55f-46fb-afd1-8638ca612560@group-8550D68C7491-FOLLOWER: reject ELECTION from a8a586c2-f99e-4cfe-9d52-03ddcdbedb28: our priority 1 > candidate's priority 0
2021-11-25 02:28:04,115 [grpc-default-executor-2] INFO  server.RaftServer$Division (RaftServerImpl.java:setRole(290)) - e8e4a09d-b55f-46fb-afd1-8638ca612560@group-8550D68C7491: changes role from  FOLLOWER to FOLLOWER at term 2 for candidate:a8a586c2-f99e-4cfe-9d52-03ddcdbedb28
2021-11-25 02:28:04,115 [grpc-default-executor-2] INFO  impl.RoleInfo (RoleInfo.java:shutdownFollowerState(108)) - e8e4a09d-b55f-46fb-afd1-8638ca612560: shutdown e8e4a09d-b55f-46fb-afd1-8638ca612560@group-8550D68C7491-FollowerState
2021-11-25 02:28:04,115 [grpc-default-executor-2] INFO  impl.RoleInfo (RoleInfo.java:updateAndGet(130)) - e8e4a09d-b55f-46fb-afd1-8638ca612560: start e8e4a09d-b55f-46fb-afd1-8638ca612560@group-8550D68C7491-FollowerState
2021-11-25 02:28:04,121 [grpc-default-executor-1] INFO  server.RaftServer$Division (RaftServerImpl.java:requestVote(1046)) - 7b8694ed-f626-45d7-ad92-ba79cd2bf69c@group-8550D68C7491: receive requestVote(ELECTION, a8a586c2-f99e-4cfe-9d52-03ddcdbedb28, group-8550D68C7491, 2, (t:0, i:0))
2021-11-25 02:28:04,130 [7b8694ed-f626-45d7-ad92-ba79cd2bf69c@group-8550D68C7491-LeaderElection40] INFO  impl.LeaderElection (LeaderElection.java:askForVotes(306)) - 7b8694ed-f626-45d7-ad92-ba79cd2bf69c@group-8550D68C7491-LeaderElection40 ELECTION round 0: submit vote requests at term 2 for -1: [e8e4a09d-b55f-46fb-afd1-8638ca612560|rpc:10.1.0.13:42859|priority:1, 7b8694ed-f626-45d7-ad92-ba79cd2bf69c|rpc:10.1.0.13:33171|priority:0, a8a586c2-f99e-4cfe-9d52-03ddcdbedb28|rpc:10.1.0.13:36737|priority:0], old=null
2021-11-25 02:28:04,130 [grpc-default-executor-1] INFO  impl.VoteContext (VoteContext.java:log(48)) - 7b8694ed-f626-45d7-ad92-ba79cd2bf69c@group-8550D68C7491-CANDIDATE: reject ELECTION from a8a586c2-f99e-4cfe-9d52-03ddcdbedb28: already has voted for 7b8694ed-f626-45d7-ad92-ba79cd2bf69c at current term 2
2021-11-25 02:28:04,130 [grpc-default-executor-1] INFO  server.RaftServer$Division (RaftServerImpl.java:requestVote(1078)) - 7b8694ed-f626-45d7-ad92-ba79cd2bf69c@group-8550D68C7491 replies to ELECTION vote request: a8a586c2-f99e-4cfe-9d52-03ddcdbedb28<-7b8694ed-f626-45d7-ad92-ba79cd2bf69c#0:FAIL-t2. Peer's state: 7b8694ed-f626-45d7-ad92-ba79cd2bf69c@group-8550D68C7491:t2, leader=null, voted=7b8694ed-f626-45d7-ad92-ba79cd2bf69c, raftlog=7b8694ed-f626-45d7-ad92-ba79cd2bf69c@group-8550D68C7491-SegmentedRaftLog:OPENED:c-1, conf=-1: [e8e4a09d-b55f-46fb-afd1-8638ca612560|rpc:10.1.0.13:42859|priority:1, 7b8694ed-f626-45d7-ad92-ba79cd2bf69c|rpc:10.1.0.13:33171|priority:0, a8a586c2-f99e-4cfe-9d52-03ddcdbedb28|rpc:10.1.0.13:36737|priority:0], old=null
2021-11-25 02:28:04,131 [grpc-default-executor-2] INFO  server.RaftServer$Division (RaftServerImpl.java:requestVote(1078)) - e8e4a09d-b55f-46fb-afd1-8638ca612560@group-8550D68C7491 replies to ELECTION vote request: a8a586c2-f99e-4cfe-9d52-03ddcdbedb28<-e8e4a09d-b55f-46fb-afd1-8638ca612560#0:FAIL-t2. Peer's state: e8e4a09d-b55f-46fb-afd1-8638ca612560@group-8550D68C7491:t2, leader=null, voted=null, raftlog=e8e4a09d-b55f-46fb-afd1-8638ca612560@group-8550D68C7491-SegmentedRaftLog:OPENED:c-1, conf=-1: [e8e4a09d-b55f-46fb-afd1-8638ca612560|rpc:10.1.0.13:42859|dataStream:|priority:1, 7b8694ed-f626-45d7-ad92-ba79cd2bf69c|rpc:10.1.0.13:33171|dataStream:|priority:0, a8a586c2-f99e-4cfe-9d52-03ddcdbedb28|rpc:10.1.0.13:36737|dataStream:|priority:0], old=null
2021-11-25 02:28:04,132 [e8e4a09d-b55f-46fb-afd1-8638ca612560@group-8550D68C7491-FollowerState] INFO  impl.FollowerState (FollowerState.java:run(134)) - e8e4a09d-b55f-46fb-afd1-8638ca612560@group-8550D68C7491-FollowerState: change to CANDIDATE, lastRpcElapsedTime:5228589615ns, electionTimeout:5133ms
2021-11-25 02:28:04,196 [grpc-default-executor-2] INFO  server.RaftServer$Division (RaftServerImpl.java:requestVote(1046)) - a8a586c2-f99e-4cfe-9d52-03ddcdbedb28@group-8550D68C7491: receive requestVote(ELECTION, 7b8694ed-f626-45d7-ad92-ba79cd2bf69c, group-8550D68C7491, 2, (t:0, i:0))
2021-11-25 02:28:04,196 [grpc-default-executor-2] INFO  impl.VoteContext (VoteContext.java:log(48)) - a8a586c2-f99e-4cfe-9d52-03ddcdbedb28@group-8550D68C7491-CANDIDATE: reject ELECTION from 7b8694ed-f626-45d7-ad92-ba79cd2bf69c: already has voted for a8a586c2-f99e-4cfe-9d52-03ddcdbedb28 at current term 2
2021-11-25 02:28:04,196 [a8a586c2-f99e-4cfe-9d52-03ddcdbedb28@group-8550D68C7491-LeaderElection39] INFO  impl.LeaderElection (LeaderElection.java:logAndReturn(89)) - a8a586c2-f99e-4cfe-9d52-03ddcdbedb28@group-8550D68C7491-LeaderElection39: ELECTION REJECTED received 2 response(s) and 0 exception(s):
2021-11-25 02:28:04,196 [a8a586c2-f99e-4cfe-9d52-03ddcdbedb28@group-8550D68C7491-LeaderElection39] INFO  impl.LeaderElection (LeaderElection.java:logAndReturn(93)) -   Response 0: a8a586c2-f99e-4cfe-9d52-03ddcdbedb28<-e8e4a09d-b55f-46fb-afd1-8638ca612560#0:FAIL-t2
2021-11-25 02:28:04,196 [grpc-default-executor-2] INFO  server.RaftServer$Division (RaftServerImpl.java:requestVote(1078)) - a8a586c2-f99e-4cfe-9d52-03ddcdbedb28@group-8550D68C7491 replies to ELECTION vote request: 7b8694ed-f626-45d7-ad92-ba79cd2bf69c<-a8a586c2-f99e-4cfe-9d52-03ddcdbedb28#0:FAIL-t2. Peer's state: a8a586c2-f99e-4cfe-9d52-03ddcdbedb28@group-8550D68C7491:t2, leader=null, voted=a8a586c2-f99e-4cfe-9d52-03ddcdbedb28, raftlog=a8a586c2-f99e-4cfe-9d52-03ddcdbedb28@group-8550D68C7491-SegmentedRaftLog:OPENED:c-1, conf=-1: [e8e4a09d-b55f-46fb-afd1-8638ca612560|rpc:10.1.0.13:42859|dataStream:|priority:1, 7b8694ed-f626-45d7-ad92-ba79cd2bf69c|rpc:10.1.0.13:33171|dataStream:|priority:0, a8a586c2-f99e-4cfe-9d52-03ddcdbedb28|rpc:10.1.0.13:36737|dataStream:|priority:0], old=null
2021-11-25 02:28:04,205 [a8a586c2-f99e-4cfe-9d52-03ddcdbedb28@group-8550D68C7491-LeaderElection39] INFO  impl.LeaderElection (LeaderElection.java:logAndReturn(93)) -   Response 1: a8a586c2-f99e-4cfe-9d52-03ddcdbedb28<-7b8694ed-f626-45d7-ad92-ba79cd2bf69c#0:FAIL-t2
2021-11-25 02:28:04,208 [a8a586c2-f99e-4cfe-9d52-03ddcdbedb28@group-8550D68C7491-LeaderElection39] INFO  impl.LeaderElection (LeaderElection.java:askForVotes(308)) - a8a586c2-f99e-4cfe-9d52-03ddcdbedb28@group-8550D68C7491-LeaderElection39 ELECTION round 0: result REJECTED
2021-11-25 02:28:04,208 [a8a586c2-f99e-4cfe-9d52-03ddcdbedb28@group-8550D68C7491-LeaderElection39] INFO  server.RaftServer$Division (RaftServerImpl.java:setRole(290)) - a8a586c2-f99e-4cfe-9d52-03ddcdbedb28@group-8550D68C7491: changes role from CANDIDATE to FOLLOWER at term 2 for REJECTED
2021-11-25 02:28:04,208 [a8a586c2-f99e-4cfe-9d52-03ddcdbedb28@group-8550D68C7491-LeaderElection39] INFO  impl.RoleInfo (RoleInfo.java:shutdownLeaderElection(121)) - a8a586c2-f99e-4cfe-9d52-03ddcdbedb28: shutdown a8a586c2-f99e-4cfe-9d52-03ddcdbedb28@group-8550D68C7491-LeaderElection39
2021-11-25 02:28:04,208 [a8a586c2-f99e-4cfe-9d52-03ddcdbedb28@group-8550D68C7491-LeaderElection39] INFO  impl.RoleInfo (RoleInfo.java:updateAndGet(130)) - a8a586c2-f99e-4cfe-9d52-03ddcdbedb28: start a8a586c2-f99e-4cfe-9d52-03ddcdbedb28@group-8550D68C7491-FollowerState
2021-11-25 02:28:04,201 [grpc-default-executor-1] INFO  server.RaftServer$Division (RaftServerImpl.java:requestVote(1046)) - e8e4a09d-b55f-46fb-afd1-8638ca612560@group-8550D68C7491: receive requestVote(ELECTION, 7b8694ed-f626-45d7-ad92-ba79cd2bf69c, group-8550D68C7491, 2, (t:0, i:0))
2021-11-25 02:28:04,243 [e8e4a09d-b55f-46fb-afd1-8638ca612560@group-8550D68C7491-FollowerState] INFO  impl.RoleInfo (RoleInfo.java:shutdownFollowerState(108)) - e8e4a09d-b55f-46fb-afd1-8638ca612560: shutdown e8e4a09d-b55f-46fb-afd1-8638ca612560@group-8550D68C7491-FollowerState
2021-11-25 02:28:04,243 [e8e4a09d-b55f-46fb-afd1-8638ca612560@group-8550D68C7491-FollowerState] INFO  server.RaftServer$Division (RaftServerImpl.java:setRole(290)) - e8e4a09d-b55f-46fb-afd1-8638ca612560@group-8550D68C7491: changes role from  FOLLOWER to CANDIDATE at term 2 for changeToCandidate
2021-11-25 02:28:04,243 [e8e4a09d-b55f-46fb-afd1-8638ca612560@group-8550D68C7491-FollowerState] INFO  server.RaftServerConfigKeys (ConfUtils.java:logGet(44)) - raft.server.leaderelection.pre-vote = false (custom)
2021-11-25 02:28:04,243 [e8e4a09d-b55f-46fb-afd1-8638ca612560@group-8550D68C7491-FollowerState] INFO  impl.RoleInfo (RoleInfo.java:updateAndGet(130)) - e8e4a09d-b55f-46fb-afd1-8638ca612560: start e8e4a09d-b55f-46fb-afd1-8638ca612560@group-8550D68C7491-LeaderElection41
2021-11-25 02:28:04,243 [e8e4a09d-b55f-46fb-afd1-8638ca612560@group-8550D68C7491-FollowerState] INFO  impl.FollowerState (FollowerState.java:run(143)) - e8e4a09d-b55f-46fb-afd1-8638ca612560@group-8550D68C7491-FollowerState was interrupted: {}
java.lang.InterruptedException: sleep interrupted
	at java.lang.Thread.sleep(Native Method)
	at java.lang.Thread.sleep(Thread.java:340)
	at java.util.concurrent.TimeUnit.sleep(TimeUnit.java:386)
	at org.apache.ratis.util.TimeDuration.sleep(TimeDuration.java:324)
	at org.apache.ratis.util.TimeDuration.sleep(TimeDuration.java:309)
	at org.apache.ratis.server.impl.FollowerState.run(FollowerState.java:118)
2021-11-25 02:28:04,249 [Listener at 127.0.0.1/44827] INFO  ozone.MiniOzoneClusterImpl (MiniOzoneClusterImpl.java:lambda$waitForClusterToBeReady$0(235)) - Nodes are ready. Got 9 of 9 DN Heartbeats.
2021-11-25 02:28:04,249 [Listener at 127.0.0.1/44827] INFO  ozone.MiniOzoneClusterImpl (MiniOzoneClusterImpl.java:lambda$waitForClusterToBeReady$0(238)) - Waiting for cluster to exit safe mode
2021-11-25 02:28:04,249 [Listener at 127.0.0.1/44827] INFO  ozone.MiniOzoneClusterImpl (MiniOzoneClusterImpl.java:lambda$waitForClusterToBeReady$0(240)) - SCM became leader
2021-11-25 02:28:04,261 [grpc-default-executor-1] INFO  impl.VoteContext (VoteContext.java:log(48)) - e8e4a09d-b55f-46fb-afd1-8638ca612560@group-8550D68C7491-CANDIDATE: reject ELECTION from 7b8694ed-f626-45d7-ad92-ba79cd2bf69c: our priority 1 > candidate's priority 0
2021-11-25 02:28:04,264 [grpc-default-executor-1] INFO  server.RaftServer$Division (RaftServerImpl.java:setRole(290)) - e8e4a09d-b55f-46fb-afd1-8638ca612560@group-8550D68C7491: changes role from CANDIDATE to FOLLOWER at term 2 for candidate:7b8694ed-f626-45d7-ad92-ba79cd2bf69c
2021-11-25 02:28:04,264 [grpc-default-executor-1] INFO  impl.RoleInfo (RoleInfo.java:shutdownLeaderElection(121)) - e8e4a09d-b55f-46fb-afd1-8638ca612560: shutdown e8e4a09d-b55f-46fb-afd1-8638ca612560@group-8550D68C7491-LeaderElection41
2021-11-25 02:28:04,264 [grpc-default-executor-1] INFO  impl.RoleInfo (RoleInfo.java:updateAndGet(130)) - e8e4a09d-b55f-46fb-afd1-8638ca612560: start e8e4a09d-b55f-46fb-afd1-8638ca612560@group-8550D68C7491-FollowerState
2021-11-25 02:28:04,265 [grpc-default-executor-1] INFO  server.RaftServer$Division (RaftServerImpl.java:requestVote(1078)) - e8e4a09d-b55f-46fb-afd1-8638ca612560@group-8550D68C7491 replies to ELECTION vote request: 7b8694ed-f626-45d7-ad92-ba79cd2bf69c<-e8e4a09d-b55f-46fb-afd1-8638ca612560#0:FAIL-t2. Peer's state: e8e4a09d-b55f-46fb-afd1-8638ca612560@group-8550D68C7491:t2, leader=null, voted=null, raftlog=e8e4a09d-b55f-46fb-afd1-8638ca612560@group-8550D68C7491-SegmentedRaftLog:OPENED:c-1, conf=-1: [e8e4a09d-b55f-46fb-afd1-8638ca612560|rpc:10.1.0.13:42859|dataStream:|priority:1, 7b8694ed-f626-45d7-ad92-ba79cd2bf69c|rpc:10.1.0.13:33171|dataStream:|priority:0, a8a586c2-f99e-4cfe-9d52-03ddcdbedb28|rpc:10.1.0.13:36737|dataStream:|priority:0], old=null
2021-11-25 02:28:04,271 [7b8694ed-f626-45d7-ad92-ba79cd2bf69c@group-8550D68C7491-LeaderElection40] INFO  impl.LeaderElection (LeaderElection.java:logAndReturn(89)) - 7b8694ed-f626-45d7-ad92-ba79cd2bf69c@group-8550D68C7491-LeaderElection40: ELECTION REJECTED received 2 response(s) and 0 exception(s):
2021-11-25 02:28:04,271 [7b8694ed-f626-45d7-ad92-ba79cd2bf69c@group-8550D68C7491-LeaderElection40] INFO  impl.LeaderElection (LeaderElection.java:logAndReturn(93)) -   Response 0: 7b8694ed-f626-45d7-ad92-ba79cd2bf69c<-e8e4a09d-b55f-46fb-afd1-8638ca612560#0:FAIL-t2
2021-11-25 02:28:04,271 [7b8694ed-f626-45d7-ad92-ba79cd2bf69c@group-8550D68C7491-LeaderElection40] INFO  impl.LeaderElection (LeaderElection.java:logAndReturn(93)) -   Response 1: 7b8694ed-f626-45d7-ad92-ba79cd2bf69c<-a8a586c2-f99e-4cfe-9d52-03ddcdbedb28#0:FAIL-t2
2021-11-25 02:28:04,271 [7b8694ed-f626-45d7-ad92-ba79cd2bf69c@group-8550D68C7491-LeaderElection40] INFO  impl.LeaderElection (LeaderElection.java:askForVotes(308)) - 7b8694ed-f626-45d7-ad92-ba79cd2bf69c@group-8550D68C7491-LeaderElection40 ELECTION round 0: result REJECTED
2021-11-25 02:28:04,271 [7b8694ed-f626-45d7-ad92-ba79cd2bf69c@group-8550D68C7491-LeaderElection40] INFO  server.RaftServer$Division (RaftServerImpl.java:setRole(290)) - 7b8694ed-f626-45d7-ad92-ba79cd2bf69c@group-8550D68C7491: changes role from CANDIDATE to FOLLOWER at term 2 for REJECTED
2021-11-25 02:28:04,271 [7b8694ed-f626-45d7-ad92-ba79cd2bf69c@group-8550D68C7491-LeaderElection40] INFO  impl.RoleInfo (RoleInfo.java:shutdownLeaderElection(121)) - 7b8694ed-f626-45d7-ad92-ba79cd2bf69c: shutdown 7b8694ed-f626-45d7-ad92-ba79cd2bf69c@group-8550D68C7491-LeaderElection40
2021-11-25 02:28:04,271 [7b8694ed-f626-45d7-ad92-ba79cd2bf69c@group-8550D68C7491-LeaderElection40] INFO  impl.RoleInfo (RoleInfo.java:updateAndGet(130)) - 7b8694ed-f626-45d7-ad92-ba79cd2bf69c: start 7b8694ed-f626-45d7-ad92-ba79cd2bf69c@group-8550D68C7491-FollowerState
2021-11-25 02:28:04,300 [e8e4a09d-b55f-46fb-afd1-8638ca612560@group-8550D68C7491-LeaderElection41] INFO  impl.LeaderElection (LeaderElection.java:run(230)) - e8e4a09d-b55f-46fb-afd1-8638ca612560@group-8550D68C7491-LeaderElection41: skip running since this is already CLOSING
2021-11-25 02:28:04,451 [270b4571-6830-404f-969d-140ad9dcfc29@group-9FEE27C1B290-FollowerState] INFO  impl.FollowerState (FollowerState.java:run(134)) - 270b4571-6830-404f-969d-140ad9dcfc29@group-9FEE27C1B290-FollowerState: change to CANDIDATE, lastRpcElapsedTime:5170899047ns, electionTimeout:5170ms
2021-11-25 02:28:04,451 [270b4571-6830-404f-969d-140ad9dcfc29@group-9FEE27C1B290-FollowerState] INFO  impl.RoleInfo (RoleInfo.java:shutdownFollowerState(108)) - 270b4571-6830-404f-969d-140ad9dcfc29: shutdown 270b4571-6830-404f-969d-140ad9dcfc29@group-9FEE27C1B290-FollowerState
2021-11-25 02:28:04,451 [270b4571-6830-404f-969d-140ad9dcfc29@group-9FEE27C1B290-FollowerState] INFO  server.RaftServer$Division (RaftServerImpl.java:setRole(290)) - 270b4571-6830-404f-969d-140ad9dcfc29@group-9FEE27C1B290: changes role from  FOLLOWER to CANDIDATE at term 0 for changeToCandidate
2021-11-25 02:28:04,451 [270b4571-6830-404f-969d-140ad9dcfc29@group-9FEE27C1B290-FollowerState] INFO  server.RaftServerConfigKeys (ConfUtils.java:logGet(44)) - raft.server.leaderelection.pre-vote = false (custom)
2021-11-25 02:28:04,451 [270b4571-6830-404f-969d-140ad9dcfc29@group-9FEE27C1B290-FollowerState] INFO  impl.RoleInfo (RoleInfo.java:updateAndGet(130)) - 270b4571-6830-404f-969d-140ad9dcfc29: start 270b4571-6830-404f-969d-140ad9dcfc29@group-9FEE27C1B290-LeaderElection42
2021-11-25 02:28:04,473 [270b4571-6830-404f-969d-140ad9dcfc29@group-9FEE27C1B290-LeaderElection42] INFO  impl.LeaderElection (LeaderElection.java:askForVotes(306)) - 270b4571-6830-404f-969d-140ad9dcfc29@group-9FEE27C1B290-LeaderElection42 ELECTION round 0: submit vote requests at term 1 for -1: [270b4571-6830-404f-969d-140ad9dcfc29|rpc:10.1.0.13:46697|priority:1], old=null
2021-11-25 02:28:04,477 [270b4571-6830-404f-969d-140ad9dcfc29@group-9FEE27C1B290-LeaderElection42] INFO  impl.LeaderElection (LeaderElection.java:askForVotes(308)) - 270b4571-6830-404f-969d-140ad9dcfc29@group-9FEE27C1B290-LeaderElection42 ELECTION round 0: result PASSED (term=1)
2021-11-25 02:28:04,477 [270b4571-6830-404f-969d-140ad9dcfc29@group-9FEE27C1B290-LeaderElection42] INFO  impl.RoleInfo (RoleInfo.java:shutdownLeaderElection(121)) - 270b4571-6830-404f-969d-140ad9dcfc29: shutdown 270b4571-6830-404f-969d-140ad9dcfc29@group-9FEE27C1B290-LeaderElection42
2021-11-25 02:28:04,477 [270b4571-6830-404f-969d-140ad9dcfc29@group-9FEE27C1B290-LeaderElection42] INFO  server.RaftServer$Division (RaftServerImpl.java:setRole(290)) - 270b4571-6830-404f-969d-140ad9dcfc29@group-9FEE27C1B290: changes role from CANDIDATE to LEADER at term 1 for changeToLeader
2021-11-25 02:28:04,478 [270b4571-6830-404f-969d-140ad9dcfc29@group-9FEE27C1B290-LeaderElection42] INFO  ratis.XceiverServerRatis (XceiverServerRatis.java:handleLeaderChangedNotification(866)) - Leader change notification received for group: group-9FEE27C1B290 with new leaderId: 270b4571-6830-404f-969d-140ad9dcfc29
2021-11-25 02:28:04,478 [270b4571-6830-404f-969d-140ad9dcfc29@group-9FEE27C1B290-LeaderElection42] INFO  server.RaftServer$Division (ServerState.java:setLeader(285)) - 270b4571-6830-404f-969d-140ad9dcfc29@group-9FEE27C1B290: change Leader from null to 270b4571-6830-404f-969d-140ad9dcfc29 at term 1 for becomeLeader, leader elected after 5212ms
2021-11-25 02:28:04,498 [270b4571-6830-404f-969d-140ad9dcfc29@group-9FEE27C1B290-LeaderElection42] INFO  server.RaftServerConfigKeys (ConfUtils.java:logGet(44)) - raft.server.staging.catchup.gap = 1000 (default)
2021-11-25 02:28:04,498 [270b4571-6830-404f-969d-140ad9dcfc29@group-9FEE27C1B290-LeaderElection42] INFO  server.RaftServerConfigKeys (ConfUtils.java:logGet(44)) - raft.server.write.element-limit = 1024 (custom)
2021-11-25 02:28:04,498 [270b4571-6830-404f-969d-140ad9dcfc29@group-9FEE27C1B290-LeaderElection42] INFO  server.RaftServerConfigKeys (ConfUtils.java:logGet(44)) - raft.server.write.byte-limit = 1024 M (=1073741824) (custom)
2021-11-25 02:28:04,498 [270b4571-6830-404f-969d-140ad9dcfc29@group-9FEE27C1B290-LeaderElection42] INFO  server.RaftServerConfigKeys (ConfUtils.java:logGet(44)) - raft.server.watch.timeout = 3000ms (custom)
2021-11-25 02:28:04,498 [270b4571-6830-404f-969d-140ad9dcfc29@group-9FEE27C1B290-LeaderElection42] INFO  server.RaftServerConfigKeys (ConfUtils.java:logGet(44)) - raft.server.watch.timeout.denomination = 1s (default)
2021-11-25 02:28:04,498 [270b4571-6830-404f-969d-140ad9dcfc29@group-9FEE27C1B290-LeaderElection42] INFO  server.RaftServerConfigKeys (ConfUtils.java:logGet(44)) - raft.server.watch.element-limit = 65536 (default)
2021-11-25 02:28:04,498 [270b4571-6830-404f-969d-140ad9dcfc29@group-9FEE27C1B290-LeaderElection42] INFO  server.RaftServerConfigKeys (ConfUtils.java:logGet(44)) - raft.server.write.element-limit = 1024 (custom)
2021-11-25 02:28:04,498 [270b4571-6830-404f-969d-140ad9dcfc29@group-9FEE27C1B290-LeaderElection42] INFO  server.RaftServerConfigKeys (ConfUtils.java:logGet(44)) - raft.server.write.follower.gap.ratio.max = -1.0 (default)
2021-11-25 02:28:04,499 [270b4571-6830-404f-969d-140ad9dcfc29@group-9FEE27C1B290-LeaderElection42] INFO  impl.RoleInfo (RoleInfo.java:updateAndGet(130)) - 270b4571-6830-404f-969d-140ad9dcfc29: start 270b4571-6830-404f-969d-140ad9dcfc29@group-9FEE27C1B290-LeaderStateImpl
2021-11-25 02:28:04,499 [270b4571-6830-404f-969d-140ad9dcfc29@group-9FEE27C1B290-LeaderElection42] INFO  segmented.SegmentedRaftLogWorker (SegmentedRaftLogWorker.java:startLogSegment(394)) - 270b4571-6830-404f-969d-140ad9dcfc29@group-9FEE27C1B290-SegmentedRaftLogWorker: Starting segment from index:0
2021-11-25 02:28:04,497 [EventQueue-OpenPipelineForHealthyPipelineSafeModeRule] INFO  safemode.SCMSafeModeManager (HealthyPipelineSafeModeRule.java:process(124)) - SCM in safe mode. Healthy pipelines reported count is 0, required healthy pipeline reported count is 1
2021-11-25 02:28:04,500 [270b4571-6830-404f-969d-140ad9dcfc29@group-9FEE27C1B290-SegmentedRaftLogWorker] INFO  segmented.SegmentedRaftLogWorker (SegmentedRaftLogWorker.java:execute(601)) - 270b4571-6830-404f-969d-140ad9dcfc29@group-9FEE27C1B290-SegmentedRaftLogWorker: created new log segment /home/runner/work/ozone/ozone/hadoop-ozone/integration-test/target/test-dir/MiniOzoneClusterImpl-bf1a4df1-220d-4f19-a3f2-d6f00535f443/datanode-8/data/ratis/7a48c42b-f28c-4c78-97fe-9fee27c1b290/current/log_inprogress_0
2021-11-25 02:28:04,509 [270b4571-6830-404f-969d-140ad9dcfc29@group-9FEE27C1B290-LeaderElection42] INFO  server.RaftServer$Division (ServerState.java:setRaftConf(387)) - 270b4571-6830-404f-969d-140ad9dcfc29@group-9FEE27C1B290: set configuration 0: [270b4571-6830-404f-969d-140ad9dcfc29|rpc:10.1.0.13:46697|dataStream:|priority:1], old=null
2021-11-25 02:28:05,249 [Listener at 127.0.0.1/44827] INFO  ozone.MiniOzoneClusterImpl (MiniOzoneClusterImpl.java:lambda$waitForClusterToBeReady$0(235)) - Nodes are ready. Got 9 of 9 DN Heartbeats.
2021-11-25 02:28:05,250 [Listener at 127.0.0.1/44827] INFO  ozone.MiniOzoneClusterImpl (MiniOzoneClusterImpl.java:lambda$waitForClusterToBeReady$0(238)) - Waiting for cluster to exit safe mode
2021-11-25 02:28:05,250 [Listener at 127.0.0.1/44827] INFO  ozone.MiniOzoneClusterImpl (MiniOzoneClusterImpl.java:lambda$waitForClusterToBeReady$0(240)) - SCM became leader
2021-11-25 02:28:06,254 [Listener at 127.0.0.1/44827] INFO  ozone.MiniOzoneClusterImpl (MiniOzoneClusterImpl.java:lambda$waitForClusterToBeReady$0(235)) - Nodes are ready. Got 9 of 9 DN Heartbeats.
2021-11-25 02:28:06,254 [Listener at 127.0.0.1/44827] INFO  ozone.MiniOzoneClusterImpl (MiniOzoneClusterImpl.java:lambda$waitForClusterToBeReady$0(238)) - Waiting for cluster to exit safe mode
2021-11-25 02:28:06,254 [Listener at 127.0.0.1/44827] INFO  ozone.MiniOzoneClusterImpl (MiniOzoneClusterImpl.java:lambda$waitForClusterToBeReady$0(240)) - SCM became leader
2021-11-25 02:28:06,276 [36951ec6-8ca2-46f2-ac0d-c1eb1dc0de60@group-58D710EC61B9-FollowerState] INFO  impl.FollowerState (FollowerState.java:run(134)) - 36951ec6-8ca2-46f2-ac0d-c1eb1dc0de60@group-58D710EC61B9-FollowerState: change to CANDIDATE, lastRpcElapsedTime:5090312247ns, electionTimeout:5082ms
2021-11-25 02:28:06,276 [36951ec6-8ca2-46f2-ac0d-c1eb1dc0de60@group-58D710EC61B9-FollowerState] INFO  impl.RoleInfo (RoleInfo.java:shutdownFollowerState(108)) - 36951ec6-8ca2-46f2-ac0d-c1eb1dc0de60: shutdown 36951ec6-8ca2-46f2-ac0d-c1eb1dc0de60@group-58D710EC61B9-FollowerState
2021-11-25 02:28:06,276 [36951ec6-8ca2-46f2-ac0d-c1eb1dc0de60@group-58D710EC61B9-FollowerState] INFO  server.RaftServer$Division (RaftServerImpl.java:setRole(290)) - 36951ec6-8ca2-46f2-ac0d-c1eb1dc0de60@group-58D710EC61B9: changes role from  FOLLOWER to CANDIDATE at term 1 for changeToCandidate
2021-11-25 02:28:06,276 [36951ec6-8ca2-46f2-ac0d-c1eb1dc0de60@group-58D710EC61B9-FollowerState] INFO  server.RaftServerConfigKeys (ConfUtils.java:logGet(44)) - raft.server.leaderelection.pre-vote = false (custom)
2021-11-25 02:28:06,276 [36951ec6-8ca2-46f2-ac0d-c1eb1dc0de60@group-58D710EC61B9-FollowerState] INFO  impl.RoleInfo (RoleInfo.java:updateAndGet(130)) - 36951ec6-8ca2-46f2-ac0d-c1eb1dc0de60: start 36951ec6-8ca2-46f2-ac0d-c1eb1dc0de60@group-58D710EC61B9-LeaderElection43
2021-11-25 02:28:06,289 [afe6738c-795d-4ad9-911f-77efc98b0ab7@group-58D710EC61B9-FollowerState] INFO  impl.FollowerState (FollowerState.java:run(134)) - afe6738c-795d-4ad9-911f-77efc98b0ab7@group-58D710EC61B9-FollowerState: change to CANDIDATE, lastRpcElapsedTime:5084676092ns, electionTimeout:5080ms
2021-11-25 02:28:06,289 [afe6738c-795d-4ad9-911f-77efc98b0ab7@group-58D710EC61B9-FollowerState] INFO  impl.RoleInfo (RoleInfo.java:shutdownFollowerState(108)) - afe6738c-795d-4ad9-911f-77efc98b0ab7: shutdown afe6738c-795d-4ad9-911f-77efc98b0ab7@group-58D710EC61B9-FollowerState
2021-11-25 02:28:06,289 [afe6738c-795d-4ad9-911f-77efc98b0ab7@group-58D710EC61B9-FollowerState] INFO  server.RaftServer$Division (RaftServerImpl.java:setRole(290)) - afe6738c-795d-4ad9-911f-77efc98b0ab7@group-58D710EC61B9: changes role from  FOLLOWER to CANDIDATE at term 1 for changeToCandidate
2021-11-25 02:28:06,302 [a77dd090-2963-4745-95fa-35573f312ffb@group-58D710EC61B9-FollowerState] INFO  impl.FollowerState (FollowerState.java:run(134)) - a77dd090-2963-4745-95fa-35573f312ffb@group-58D710EC61B9-FollowerState: change to CANDIDATE, lastRpcElapsedTime:5110114942ns, electionTimeout:5107ms
2021-11-25 02:28:06,303 [a77dd090-2963-4745-95fa-35573f312ffb@group-58D710EC61B9-FollowerState] INFO  impl.RoleInfo (RoleInfo.java:shutdownFollowerState(108)) - a77dd090-2963-4745-95fa-35573f312ffb: shutdown a77dd090-2963-4745-95fa-35573f312ffb@group-58D710EC61B9-FollowerState
2021-11-25 02:28:06,303 [a77dd090-2963-4745-95fa-35573f312ffb@group-58D710EC61B9-FollowerState] INFO  server.RaftServer$Division (RaftServerImpl.java:setRole(290)) - a77dd090-2963-4745-95fa-35573f312ffb@group-58D710EC61B9: changes role from  FOLLOWER to CANDIDATE at term 1 for changeToCandidate
2021-11-25 02:28:06,303 [a77dd090-2963-4745-95fa-35573f312ffb@group-58D710EC61B9-FollowerState] INFO  server.RaftServerConfigKeys (ConfUtils.java:logGet(44)) - raft.server.leaderelection.pre-vote = false (custom)
2021-11-25 02:28:06,303 [a77dd090-2963-4745-95fa-35573f312ffb@group-58D710EC61B9-FollowerState] INFO  impl.RoleInfo (RoleInfo.java:updateAndGet(130)) - a77dd090-2963-4745-95fa-35573f312ffb: start a77dd090-2963-4745-95fa-35573f312ffb@group-58D710EC61B9-LeaderElection45
2021-11-25 02:28:06,318 [afe6738c-795d-4ad9-911f-77efc98b0ab7@group-58D710EC61B9-FollowerState] INFO  server.RaftServerConfigKeys (ConfUtils.java:logGet(44)) - raft.server.leaderelection.pre-vote = false (custom)
2021-11-25 02:28:06,319 [afe6738c-795d-4ad9-911f-77efc98b0ab7@group-58D710EC61B9-FollowerState] INFO  impl.RoleInfo (RoleInfo.java:updateAndGet(130)) - afe6738c-795d-4ad9-911f-77efc98b0ab7: start afe6738c-795d-4ad9-911f-77efc98b0ab7@group-58D710EC61B9-LeaderElection44
2021-11-25 02:28:06,353 [afe6738c-795d-4ad9-911f-77efc98b0ab7@group-58D710EC61B9-LeaderElection44] INFO  impl.LeaderElection (LeaderElection.java:askForVotes(306)) - afe6738c-795d-4ad9-911f-77efc98b0ab7@group-58D710EC61B9-LeaderElection44 ELECTION round 0: submit vote requests at term 2 for -1: [afe6738c-795d-4ad9-911f-77efc98b0ab7|rpc:10.1.0.13:38867|dataStream:|priority:1, 36951ec6-8ca2-46f2-ac0d-c1eb1dc0de60|rpc:10.1.0.13:41073|dataStream:|priority:0, a77dd090-2963-4745-95fa-35573f312ffb|rpc:10.1.0.13:36541|dataStream:|priority:0], old=null
2021-11-25 02:28:06,369 [a77dd090-2963-4745-95fa-35573f312ffb@group-58D710EC61B9-LeaderElection45] INFO  impl.LeaderElection (LeaderElection.java:askForVotes(306)) - a77dd090-2963-4745-95fa-35573f312ffb@group-58D710EC61B9-LeaderElection45 ELECTION round 0: submit vote requests at term 2 for -1: [afe6738c-795d-4ad9-911f-77efc98b0ab7|rpc:10.1.0.13:38867|dataStream:|priority:1, 36951ec6-8ca2-46f2-ac0d-c1eb1dc0de60|rpc:10.1.0.13:41073|dataStream:|priority:0, a77dd090-2963-4745-95fa-35573f312ffb|rpc:10.1.0.13:36541|dataStream:|priority:0], old=null
2021-11-25 02:28:06,389 [36951ec6-8ca2-46f2-ac0d-c1eb1dc0de60@group-58D710EC61B9-LeaderElection43] INFO  impl.LeaderElection (LeaderElection.java:askForVotes(306)) - 36951ec6-8ca2-46f2-ac0d-c1eb1dc0de60@group-58D710EC61B9-LeaderElection43 ELECTION round 0: submit vote requests at term 2 for -1: [afe6738c-795d-4ad9-911f-77efc98b0ab7|rpc:10.1.0.13:38867|priority:1, 36951ec6-8ca2-46f2-ac0d-c1eb1dc0de60|rpc:10.1.0.13:41073|priority:0, a77dd090-2963-4745-95fa-35573f312ffb|rpc:10.1.0.13:36541|priority:0], old=null
2021-11-25 02:28:06,423 [grpc-default-executor-1] INFO  server.RaftServer$Division (RaftServerImpl.java:requestVote(1046)) - 36951ec6-8ca2-46f2-ac0d-c1eb1dc0de60@group-58D710EC61B9: receive requestVote(ELECTION, afe6738c-795d-4ad9-911f-77efc98b0ab7, group-58D710EC61B9, 2, (t:0, i:0))
2021-11-25 02:28:06,423 [grpc-default-executor-1] INFO  impl.VoteContext (VoteContext.java:log(48)) - 36951ec6-8ca2-46f2-ac0d-c1eb1dc0de60@group-58D710EC61B9-CANDIDATE: reject ELECTION from afe6738c-795d-4ad9-911f-77efc98b0ab7: already has voted for 36951ec6-8ca2-46f2-ac0d-c1eb1dc0de60 at current term 2
2021-11-25 02:28:06,423 [grpc-default-executor-2] INFO  server.RaftServer$Division (RaftServerImpl.java:requestVote(1046)) - a77dd090-2963-4745-95fa-35573f312ffb@group-58D710EC61B9: receive requestVote(ELECTION, afe6738c-795d-4ad9-911f-77efc98b0ab7, group-58D710EC61B9, 2, (t:0, i:0))
2021-11-25 02:28:06,423 [grpc-default-executor-2] INFO  impl.VoteContext (VoteContext.java:log(48)) - a77dd090-2963-4745-95fa-35573f312ffb@group-58D710EC61B9-CANDIDATE: reject ELECTION from afe6738c-795d-4ad9-911f-77efc98b0ab7: already has voted for a77dd090-2963-4745-95fa-35573f312ffb at current term 2
2021-11-25 02:28:06,423 [grpc-default-executor-2] INFO  server.RaftServer$Division (RaftServerImpl.java:requestVote(1078)) - a77dd090-2963-4745-95fa-35573f312ffb@group-58D710EC61B9 replies to ELECTION vote request: afe6738c-795d-4ad9-911f-77efc98b0ab7<-a77dd090-2963-4745-95fa-35573f312ffb#0:FAIL-t2. Peer's state: a77dd090-2963-4745-95fa-35573f312ffb@group-58D710EC61B9:t2, leader=null, voted=a77dd090-2963-4745-95fa-35573f312ffb, raftlog=a77dd090-2963-4745-95fa-35573f312ffb@group-58D710EC61B9-SegmentedRaftLog:OPENED:c-1, conf=-1: [afe6738c-795d-4ad9-911f-77efc98b0ab7|rpc:10.1.0.13:38867|dataStream:|priority:1, 36951ec6-8ca2-46f2-ac0d-c1eb1dc0de60|rpc:10.1.0.13:41073|dataStream:|priority:0, a77dd090-2963-4745-95fa-35573f312ffb|rpc:10.1.0.13:36541|dataStream:|priority:0], old=null
2021-11-25 02:28:06,423 [grpc-default-executor-1] INFO  server.RaftServer$Division (RaftServerImpl.java:requestVote(1078)) - 36951ec6-8ca2-46f2-ac0d-c1eb1dc0de60@group-58D710EC61B9 replies to ELECTION vote request: afe6738c-795d-4ad9-911f-77efc98b0ab7<-36951ec6-8ca2-46f2-ac0d-c1eb1dc0de60#0:FAIL-t2. Peer's state: 36951ec6-8ca2-46f2-ac0d-c1eb1dc0de60@group-58D710EC61B9:t2, leader=null, voted=36951ec6-8ca2-46f2-ac0d-c1eb1dc0de60, raftlog=36951ec6-8ca2-46f2-ac0d-c1eb1dc0de60@group-58D710EC61B9-SegmentedRaftLog:OPENED:c-1, conf=-1: [afe6738c-795d-4ad9-911f-77efc98b0ab7|rpc:10.1.0.13:38867|priority:1, 36951ec6-8ca2-46f2-ac0d-c1eb1dc0de60|rpc:10.1.0.13:41073|priority:0, a77dd090-2963-4745-95fa-35573f312ffb|rpc:10.1.0.13:36541|priority:0], old=null
2021-11-25 02:28:06,423 [grpc-default-executor-0] INFO  server.RaftServer$Division (RaftServerImpl.java:requestVote(1046)) - afe6738c-795d-4ad9-911f-77efc98b0ab7@group-58D710EC61B9: receive requestVote(ELECTION, a77dd090-2963-4745-95fa-35573f312ffb, group-58D710EC61B9, 2, (t:0, i:0))
2021-11-25 02:28:06,426 [grpc-default-executor-0] INFO  impl.VoteContext (VoteContext.java:log(48)) - afe6738c-795d-4ad9-911f-77efc98b0ab7@group-58D710EC61B9-CANDIDATE: reject ELECTION from a77dd090-2963-4745-95fa-35573f312ffb: already has voted for afe6738c-795d-4ad9-911f-77efc98b0ab7 at current term 2
2021-11-25 02:28:06,426 [grpc-default-executor-0] INFO  server.RaftServer$Division (RaftServerImpl.java:requestVote(1078)) - afe6738c-795d-4ad9-911f-77efc98b0ab7@group-58D710EC61B9 replies to ELECTION vote request: a77dd090-2963-4745-95fa-35573f312ffb<-afe6738c-795d-4ad9-911f-77efc98b0ab7#0:FAIL-t2. Peer's state: afe6738c-795d-4ad9-911f-77efc98b0ab7@group-58D710EC61B9:t2, leader=null, voted=afe6738c-795d-4ad9-911f-77efc98b0ab7, raftlog=afe6738c-795d-4ad9-911f-77efc98b0ab7@group-58D710EC61B9-SegmentedRaftLog:OPENED:c-1, conf=-1: [afe6738c-795d-4ad9-911f-77efc98b0ab7|rpc:10.1.0.13:38867|dataStream:|priority:1, 36951ec6-8ca2-46f2-ac0d-c1eb1dc0de60|rpc:10.1.0.13:41073|dataStream:|priority:0, a77dd090-2963-4745-95fa-35573f312ffb|rpc:10.1.0.13:36541|dataStream:|priority:0], old=null
2021-11-25 02:28:06,427 [afe6738c-795d-4ad9-911f-77efc98b0ab7@group-58D710EC61B9-LeaderElection44] INFO  impl.LeaderElection (LeaderElection.java:logAndReturn(89)) - afe6738c-795d-4ad9-911f-77efc98b0ab7@group-58D710EC61B9-LeaderElection44: ELECTION REJECTED received 2 response(s) and 0 exception(s):
2021-11-25 02:28:06,427 [afe6738c-795d-4ad9-911f-77efc98b0ab7@group-58D710EC61B9-LeaderElection44] INFO  impl.LeaderElection (LeaderElection.java:logAndReturn(93)) -   Response 0: afe6738c-795d-4ad9-911f-77efc98b0ab7<-36951ec6-8ca2-46f2-ac0d-c1eb1dc0de60#0:FAIL-t2
2021-11-25 02:28:06,427 [afe6738c-795d-4ad9-911f-77efc98b0ab7@group-58D710EC61B9-LeaderElection44] INFO  impl.LeaderElection (LeaderElection.java:logAndReturn(93)) -   Response 1: afe6738c-795d-4ad9-911f-77efc98b0ab7<-a77dd090-2963-4745-95fa-35573f312ffb#0:FAIL-t2
2021-11-25 02:28:06,427 [afe6738c-795d-4ad9-911f-77efc98b0ab7@group-58D710EC61B9-LeaderElection44] INFO  impl.LeaderElection (LeaderElection.java:askForVotes(308)) - afe6738c-795d-4ad9-911f-77efc98b0ab7@group-58D710EC61B9-LeaderElection44 ELECTION round 0: result REJECTED
2021-11-25 02:28:06,427 [afe6738c-795d-4ad9-911f-77efc98b0ab7@group-58D710EC61B9-LeaderElection44] INFO  server.RaftServer$Division (RaftServerImpl.java:setRole(290)) - afe6738c-795d-4ad9-911f-77efc98b0ab7@group-58D710EC61B9: changes role from CANDIDATE to FOLLOWER at term 2 for REJECTED
2021-11-25 02:28:06,427 [afe6738c-795d-4ad9-911f-77efc98b0ab7@group-58D710EC61B9-LeaderElection44] INFO  impl.RoleInfo (RoleInfo.java:shutdownLeaderElection(121)) - afe6738c-795d-4ad9-911f-77efc98b0ab7: shutdown afe6738c-795d-4ad9-911f-77efc98b0ab7@group-58D710EC61B9-LeaderElection44
2021-11-25 02:28:06,427 [afe6738c-795d-4ad9-911f-77efc98b0ab7@group-58D710EC61B9-LeaderElection44] INFO  impl.RoleInfo (RoleInfo.java:updateAndGet(130)) - afe6738c-795d-4ad9-911f-77efc98b0ab7: start afe6738c-795d-4ad9-911f-77efc98b0ab7@group-58D710EC61B9-FollowerState
2021-11-25 02:28:06,464 [a77dd090-2963-4745-95fa-35573f312ffb@group-58D710EC61B9-LeaderElection45] INFO  impl.LeaderElection (LeaderElection.java:logAndReturn(89)) - a77dd090-2963-4745-95fa-35573f312ffb@group-58D710EC61B9-LeaderElection45: ELECTION REJECTED received 1 response(s) and 0 exception(s):
2021-11-25 02:28:06,464 [a77dd090-2963-4745-95fa-35573f312ffb@group-58D710EC61B9-LeaderElection45] INFO  impl.LeaderElection (LeaderElection.java:logAndReturn(93)) -   Response 0: a77dd090-2963-4745-95fa-35573f312ffb<-afe6738c-795d-4ad9-911f-77efc98b0ab7#0:FAIL-t2
2021-11-25 02:28:06,464 [a77dd090-2963-4745-95fa-35573f312ffb@group-58D710EC61B9-LeaderElection45] INFO  impl.LeaderElection (LeaderElection.java:askForVotes(308)) - a77dd090-2963-4745-95fa-35573f312ffb@group-58D710EC61B9-LeaderElection45 ELECTION round 0: result REJECTED
2021-11-25 02:28:06,464 [a77dd090-2963-4745-95fa-35573f312ffb@group-58D710EC61B9-LeaderElection45] INFO  server.RaftServer$Division (RaftServerImpl.java:setRole(290)) - a77dd090-2963-4745-95fa-35573f312ffb@group-58D710EC61B9: changes role from CANDIDATE to FOLLOWER at term 2 for REJECTED
2021-11-25 02:28:06,464 [a77dd090-2963-4745-95fa-35573f312ffb@group-58D710EC61B9-LeaderElection45] INFO  impl.RoleInfo (RoleInfo.java:shutdownLeaderElection(121)) - a77dd090-2963-4745-95fa-35573f312ffb: shutdown a77dd090-2963-4745-95fa-35573f312ffb@group-58D710EC61B9-LeaderElection45
2021-11-25 02:28:06,464 [a77dd090-2963-4745-95fa-35573f312ffb@group-58D710EC61B9-LeaderElection45] INFO  impl.RoleInfo (RoleInfo.java:updateAndGet(130)) - a77dd090-2963-4745-95fa-35573f312ffb: start a77dd090-2963-4745-95fa-35573f312ffb@group-58D710EC61B9-FollowerState
2021-11-25 02:28:06,475 [grpc-default-executor-1] INFO  server.RaftServer$Division (RaftServerImpl.java:requestVote(1046)) - a77dd090-2963-4745-95fa-35573f312ffb@group-58D710EC61B9: receive requestVote(ELECTION, 36951ec6-8ca2-46f2-ac0d-c1eb1dc0de60, group-58D710EC61B9, 2, (t:0, i:0))
2021-11-25 02:28:06,475 [grpc-default-executor-1] INFO  impl.VoteContext (VoteContext.java:log(48)) - a77dd090-2963-4745-95fa-35573f312ffb@group-58D710EC61B9-FOLLOWER: reject ELECTION from 36951ec6-8ca2-46f2-ac0d-c1eb1dc0de60: already has voted for a77dd090-2963-4745-95fa-35573f312ffb at current term 2
2021-11-25 02:28:06,475 [grpc-default-executor-1] INFO  server.RaftServer$Division (RaftServerImpl.java:requestVote(1078)) - a77dd090-2963-4745-95fa-35573f312ffb@group-58D710EC61B9 replies to ELECTION vote request: 36951ec6-8ca2-46f2-ac0d-c1eb1dc0de60<-a77dd090-2963-4745-95fa-35573f312ffb#0:FAIL-t2. Peer's state: a77dd090-2963-4745-95fa-35573f312ffb@group-58D710EC61B9:t2, leader=null, voted=a77dd090-2963-4745-95fa-35573f312ffb, raftlog=a77dd090-2963-4745-95fa-35573f312ffb@group-58D710EC61B9-SegmentedRaftLog:OPENED:c-1, conf=-1: [afe6738c-795d-4ad9-911f-77efc98b0ab7|rpc:10.1.0.13:38867|dataStream:|priority:1, 36951ec6-8ca2-46f2-ac0d-c1eb1dc0de60|rpc:10.1.0.13:41073|dataStream:|priority:0, a77dd090-2963-4745-95fa-35573f312ffb|rpc:10.1.0.13:36541|dataStream:|priority:0], old=null
2021-11-25 02:28:06,483 [grpc-default-executor-3] INFO  server.RaftServer$Division (RaftServerImpl.java:requestVote(1046)) - afe6738c-795d-4ad9-911f-77efc98b0ab7@group-58D710EC61B9: receive requestVote(ELECTION, 36951ec6-8ca2-46f2-ac0d-c1eb1dc0de60, group-58D710EC61B9, 2, (t:0, i:0))
2021-11-25 02:28:06,483 [grpc-default-executor-3] INFO  impl.VoteContext (VoteContext.java:log(48)) - afe6738c-795d-4ad9-911f-77efc98b0ab7@group-58D710EC61B9-FOLLOWER: reject ELECTION from 36951ec6-8ca2-46f2-ac0d-c1eb1dc0de60: already has voted for afe6738c-795d-4ad9-911f-77efc98b0ab7 at current term 2
2021-11-25 02:28:06,483 [grpc-default-executor-3] INFO  server.RaftServer$Division (RaftServerImpl.java:requestVote(1078)) - afe6738c-795d-4ad9-911f-77efc98b0ab7@group-58D710EC61B9 replies to ELECTION vote request: 36951ec6-8ca2-46f2-ac0d-c1eb1dc0de60<-afe6738c-795d-4ad9-911f-77efc98b0ab7#0:FAIL-t2. Peer's state: afe6738c-795d-4ad9-911f-77efc98b0ab7@group-58D710EC61B9:t2, leader=null, voted=afe6738c-795d-4ad9-911f-77efc98b0ab7, raftlog=afe6738c-795d-4ad9-911f-77efc98b0ab7@group-58D710EC61B9-SegmentedRaftLog:OPENED:c-1, conf=-1: [afe6738c-795d-4ad9-911f-77efc98b0ab7|rpc:10.1.0.13:38867|dataStream:|priority:1, 36951ec6-8ca2-46f2-ac0d-c1eb1dc0de60|rpc:10.1.0.13:41073|dataStream:|priority:0, a77dd090-2963-4745-95fa-35573f312ffb|rpc:10.1.0.13:36541|dataStream:|priority:0], old=null
2021-11-25 02:28:06,485 [grpc-default-executor-1] INFO  server.RaftServer$Division (RaftServerImpl.java:requestVote(1046)) - 36951ec6-8ca2-46f2-ac0d-c1eb1dc0de60@group-58D710EC61B9: receive requestVote(ELECTION, a77dd090-2963-4745-95fa-35573f312ffb, group-58D710EC61B9, 2, (t:0, i:0))
2021-11-25 02:28:06,485 [grpc-default-executor-1] INFO  impl.VoteContext (VoteContext.java:log(48)) - 36951ec6-8ca2-46f2-ac0d-c1eb1dc0de60@group-58D710EC61B9-CANDIDATE: reject ELECTION from a77dd090-2963-4745-95fa-35573f312ffb: already has voted for 36951ec6-8ca2-46f2-ac0d-c1eb1dc0de60 at current term 2
2021-11-25 02:28:06,485 [grpc-default-executor-1] INFO  server.RaftServer$Division (RaftServerImpl.java:requestVote(1078)) - 36951ec6-8ca2-46f2-ac0d-c1eb1dc0de60@group-58D710EC61B9 replies to ELECTION vote request: a77dd090-2963-4745-95fa-35573f312ffb<-36951ec6-8ca2-46f2-ac0d-c1eb1dc0de60#0:FAIL-t2. Peer's state: 36951ec6-8ca2-46f2-ac0d-c1eb1dc0de60@group-58D710EC61B9:t2, leader=null, voted=36951ec6-8ca2-46f2-ac0d-c1eb1dc0de60, raftlog=36951ec6-8ca2-46f2-ac0d-c1eb1dc0de60@group-58D710EC61B9-SegmentedRaftLog:OPENED:c-1, conf=-1: [afe6738c-795d-4ad9-911f-77efc98b0ab7|rpc:10.1.0.13:38867|priority:1, 36951ec6-8ca2-46f2-ac0d-c1eb1dc0de60|rpc:10.1.0.13:41073|priority:0, a77dd090-2963-4745-95fa-35573f312ffb|rpc:10.1.0.13:36541|priority:0], old=null
2021-11-25 02:28:06,490 [36951ec6-8ca2-46f2-ac0d-c1eb1dc0de60@group-58D710EC61B9-LeaderElection43] INFO  impl.LeaderElection (LeaderElection.java:logAndReturn(89)) - 36951ec6-8ca2-46f2-ac0d-c1eb1dc0de60@group-58D710EC61B9-LeaderElection43: ELECTION REJECTED received 1 response(s) and 0 exception(s):
2021-11-25 02:28:06,490 [36951ec6-8ca2-46f2-ac0d-c1eb1dc0de60@group-58D710EC61B9-LeaderElection43] INFO  impl.LeaderElection (LeaderElection.java:logAndReturn(93)) -   Response 0: 36951ec6-8ca2-46f2-ac0d-c1eb1dc0de60<-afe6738c-795d-4ad9-911f-77efc98b0ab7#0:FAIL-t2
2021-11-25 02:28:06,490 [36951ec6-8ca2-46f2-ac0d-c1eb1dc0de60@group-58D710EC61B9-LeaderElection43] INFO  impl.LeaderElection (LeaderElection.java:askForVotes(308)) - 36951ec6-8ca2-46f2-ac0d-c1eb1dc0de60@group-58D710EC61B9-LeaderElection43 ELECTION round 0: result REJECTED
2021-11-25 02:28:06,490 [36951ec6-8ca2-46f2-ac0d-c1eb1dc0de60@group-58D710EC61B9-LeaderElection43] INFO  server.RaftServer$Division (RaftServerImpl.java:setRole(290)) - 36951ec6-8ca2-46f2-ac0d-c1eb1dc0de60@group-58D710EC61B9: changes role from CANDIDATE to FOLLOWER at term 2 for REJECTED
2021-11-25 02:28:06,490 [36951ec6-8ca2-46f2-ac0d-c1eb1dc0de60@group-58D710EC61B9-LeaderElection43] INFO  impl.RoleInfo (RoleInfo.java:shutdownLeaderElection(121)) - 36951ec6-8ca2-46f2-ac0d-c1eb1dc0de60: shutdown 36951ec6-8ca2-46f2-ac0d-c1eb1dc0de60@group-58D710EC61B9-LeaderElection43
2021-11-25 02:28:06,490 [36951ec6-8ca2-46f2-ac0d-c1eb1dc0de60@group-58D710EC61B9-LeaderElection43] INFO  impl.RoleInfo (RoleInfo.java:updateAndGet(130)) - 36951ec6-8ca2-46f2-ac0d-c1eb1dc0de60: start 36951ec6-8ca2-46f2-ac0d-c1eb1dc0de60@group-58D710EC61B9-FollowerState
2021-11-25 02:28:07,254 [Listener at 127.0.0.1/44827] INFO  ozone.MiniOzoneClusterImpl (MiniOzoneClusterImpl.java:lambda$waitForClusterToBeReady$0(235)) - Nodes are ready. Got 9 of 9 DN Heartbeats.
2021-11-25 02:28:07,254 [Listener at 127.0.0.1/44827] INFO  ozone.MiniOzoneClusterImpl (MiniOzoneClusterImpl.java:lambda$waitForClusterToBeReady$0(238)) - Waiting for cluster to exit safe mode
2021-11-25 02:28:07,254 [Listener at 127.0.0.1/44827] INFO  ozone.MiniOzoneClusterImpl (MiniOzoneClusterImpl.java:lambda$waitForClusterToBeReady$0(240)) - SCM became leader
2021-11-25 02:28:08,255 [Listener at 127.0.0.1/44827] INFO  ozone.MiniOzoneClusterImpl (MiniOzoneClusterImpl.java:lambda$waitForClusterToBeReady$0(235)) - Nodes are ready. Got 9 of 9 DN Heartbeats.
2021-11-25 02:28:08,255 [Listener at 127.0.0.1/44827] INFO  ozone.MiniOzoneClusterImpl (MiniOzoneClusterImpl.java:lambda$waitForClusterToBeReady$0(238)) - Waiting for cluster to exit safe mode
2021-11-25 02:28:08,255 [Listener at 127.0.0.1/44827] INFO  ozone.MiniOzoneClusterImpl (MiniOzoneClusterImpl.java:lambda$waitForClusterToBeReady$0(240)) - SCM became leader
2021-11-25 02:28:08,314 [270b4571-6830-404f-969d-140ad9dcfc29@group-7B4FBFA5AF04-FollowerState] INFO  impl.FollowerState (FollowerState.java:run(134)) - 270b4571-6830-404f-969d-140ad9dcfc29@group-7B4FBFA5AF04-FollowerState: change to CANDIDATE, lastRpcElapsedTime:5039317939ns, electionTimeout:5037ms
2021-11-25 02:28:08,314 [270b4571-6830-404f-969d-140ad9dcfc29@group-7B4FBFA5AF04-FollowerState] INFO  impl.RoleInfo (RoleInfo.java:shutdownFollowerState(108)) - 270b4571-6830-404f-969d-140ad9dcfc29: shutdown 270b4571-6830-404f-969d-140ad9dcfc29@group-7B4FBFA5AF04-FollowerState
2021-11-25 02:28:08,314 [270b4571-6830-404f-969d-140ad9dcfc29@group-7B4FBFA5AF04-FollowerState] INFO  server.RaftServer$Division (RaftServerImpl.java:setRole(290)) - 270b4571-6830-404f-969d-140ad9dcfc29@group-7B4FBFA5AF04: changes role from  FOLLOWER to CANDIDATE at term 1 for changeToCandidate
2021-11-25 02:28:08,314 [270b4571-6830-404f-969d-140ad9dcfc29@group-7B4FBFA5AF04-FollowerState] INFO  server.RaftServerConfigKeys (ConfUtils.java:logGet(44)) - raft.server.leaderelection.pre-vote = false (custom)
2021-11-25 02:28:08,314 [270b4571-6830-404f-969d-140ad9dcfc29@group-7B4FBFA5AF04-FollowerState] INFO  impl.RoleInfo (RoleInfo.java:updateAndGet(130)) - 270b4571-6830-404f-969d-140ad9dcfc29: start 270b4571-6830-404f-969d-140ad9dcfc29@group-7B4FBFA5AF04-LeaderElection46
2021-11-25 02:28:08,352 [270b4571-6830-404f-969d-140ad9dcfc29@group-7B4FBFA5AF04-LeaderElection46] INFO  impl.LeaderElection (LeaderElection.java:askForVotes(306)) - 270b4571-6830-404f-969d-140ad9dcfc29@group-7B4FBFA5AF04-LeaderElection46 ELECTION round 0: submit vote requests at term 2 for -1: [270b4571-6830-404f-969d-140ad9dcfc29|rpc:10.1.0.13:46697|dataStream:|priority:0, 85323f18-cee6-4044-8995-00f3d4f90ee3|rpc:10.1.0.13:44439|dataStream:|priority:1, e244018c-c6e8-4e9d-8a67-72ce71f64a2e|rpc:10.1.0.13:35819|dataStream:|priority:0], old=null
2021-11-25 02:28:08,416 [grpc-default-executor-1] INFO  server.RaftServer$Division (RaftServerImpl.java:requestVote(1046)) - 85323f18-cee6-4044-8995-00f3d4f90ee3@group-7B4FBFA5AF04: receive requestVote(ELECTION, 270b4571-6830-404f-969d-140ad9dcfc29, group-7B4FBFA5AF04, 2, (t:0, i:0))
2021-11-25 02:28:08,417 [grpc-default-executor-1] INFO  impl.VoteContext (VoteContext.java:log(48)) - 85323f18-cee6-4044-8995-00f3d4f90ee3@group-7B4FBFA5AF04-FOLLOWER: reject ELECTION from 270b4571-6830-404f-969d-140ad9dcfc29: our priority 1 > candidate's priority 0
2021-11-25 02:28:08,417 [grpc-default-executor-1] INFO  server.RaftServer$Division (RaftServerImpl.java:setRole(290)) - 85323f18-cee6-4044-8995-00f3d4f90ee3@group-7B4FBFA5AF04: changes role from  FOLLOWER to FOLLOWER at term 2 for candidate:270b4571-6830-404f-969d-140ad9dcfc29
2021-11-25 02:28:08,417 [grpc-default-executor-1] INFO  impl.RoleInfo (RoleInfo.java:shutdownFollowerState(108)) - 85323f18-cee6-4044-8995-00f3d4f90ee3: shutdown 85323f18-cee6-4044-8995-00f3d4f90ee3@group-7B4FBFA5AF04-FollowerState
2021-11-25 02:28:08,417 [grpc-default-executor-1] INFO  impl.RoleInfo (RoleInfo.java:updateAndGet(130)) - 85323f18-cee6-4044-8995-00f3d4f90ee3: start 85323f18-cee6-4044-8995-00f3d4f90ee3@group-7B4FBFA5AF04-FollowerState
2021-11-25 02:28:08,417 [85323f18-cee6-4044-8995-00f3d4f90ee3@group-7B4FBFA5AF04-FollowerState] INFO  impl.FollowerState (FollowerState.java:run(143)) - 85323f18-cee6-4044-8995-00f3d4f90ee3@group-7B4FBFA5AF04-FollowerState was interrupted: {}
java.lang.InterruptedException: sleep interrupted
	at java.lang.Thread.sleep(Native Method)
	at java.lang.Thread.sleep(Thread.java:340)
	at java.util.concurrent.TimeUnit.sleep(TimeUnit.java:386)
	at org.apache.ratis.util.TimeDuration.sleep(TimeDuration.java:324)
	at org.apache.ratis.util.TimeDuration.sleep(TimeDuration.java:309)
	at org.apache.ratis.server.impl.FollowerState.run(FollowerState.java:118)
2021-11-25 02:28:08,419 [grpc-default-executor-1] INFO  server.RaftServer$Division (RaftServerImpl.java:requestVote(1078)) - 85323f18-cee6-4044-8995-00f3d4f90ee3@group-7B4FBFA5AF04 replies to ELECTION vote request: 270b4571-6830-404f-969d-140ad9dcfc29<-85323f18-cee6-4044-8995-00f3d4f90ee3#0:FAIL-t2. Peer's state: 85323f18-cee6-4044-8995-00f3d4f90ee3@group-7B4FBFA5AF04:t2, leader=null, voted=null, raftlog=85323f18-cee6-4044-8995-00f3d4f90ee3@group-7B4FBFA5AF04-SegmentedRaftLog:OPENED:c-1, conf=-1: [270b4571-6830-404f-969d-140ad9dcfc29|rpc:10.1.0.13:46697|dataStream:|priority:0, 85323f18-cee6-4044-8995-00f3d4f90ee3|rpc:10.1.0.13:44439|dataStream:|priority:1, e244018c-c6e8-4e9d-8a67-72ce71f64a2e|rpc:10.1.0.13:35819|dataStream:|priority:0], old=null
2021-11-25 02:28:08,433 [e244018c-c6e8-4e9d-8a67-72ce71f64a2e@group-7B4FBFA5AF04-FollowerState] INFO  impl.FollowerState (FollowerState.java:run(134)) - e244018c-c6e8-4e9d-8a67-72ce71f64a2e@group-7B4FBFA5AF04-FollowerState: change to CANDIDATE, lastRpcElapsedTime:5102867263ns, electionTimeout:5078ms
2021-11-25 02:28:08,433 [e244018c-c6e8-4e9d-8a67-72ce71f64a2e@group-7B4FBFA5AF04-FollowerState] INFO  impl.RoleInfo (RoleInfo.java:shutdownFollowerState(108)) - e244018c-c6e8-4e9d-8a67-72ce71f64a2e: shutdown e244018c-c6e8-4e9d-8a67-72ce71f64a2e@group-7B4FBFA5AF04-FollowerState
2021-11-25 02:28:08,433 [e244018c-c6e8-4e9d-8a67-72ce71f64a2e@group-7B4FBFA5AF04-FollowerState] INFO  server.RaftServer$Division (RaftServerImpl.java:setRole(290)) - e244018c-c6e8-4e9d-8a67-72ce71f64a2e@group-7B4FBFA5AF04: changes role from  FOLLOWER to CANDIDATE at term 1 for changeToCandidate
2021-11-25 02:28:08,433 [e244018c-c6e8-4e9d-8a67-72ce71f64a2e@group-7B4FBFA5AF04-FollowerState] INFO  server.RaftServerConfigKeys (ConfUtils.java:logGet(44)) - raft.server.leaderelection.pre-vote = false (custom)
2021-11-25 02:28:08,433 [e244018c-c6e8-4e9d-8a67-72ce71f64a2e@group-7B4FBFA5AF04-FollowerState] INFO  impl.RoleInfo (RoleInfo.java:updateAndGet(130)) - e244018c-c6e8-4e9d-8a67-72ce71f64a2e: start e244018c-c6e8-4e9d-8a67-72ce71f64a2e@group-7B4FBFA5AF04-LeaderElection47
2021-11-25 02:28:08,456 [grpc-default-executor-1] INFO  server.RaftServer$Division (RaftServerImpl.java:requestVote(1046)) - e244018c-c6e8-4e9d-8a67-72ce71f64a2e@group-7B4FBFA5AF04: receive requestVote(ELECTION, 270b4571-6830-404f-969d-140ad9dcfc29, group-7B4FBFA5AF04, 2, (t:0, i:0))
2021-11-25 02:28:08,457 [grpc-default-executor-1] INFO  impl.VoteContext (VoteContext.java:log(48)) - e244018c-c6e8-4e9d-8a67-72ce71f64a2e@group-7B4FBFA5AF04-CANDIDATE: accept ELECTION from 270b4571-6830-404f-969d-140ad9dcfc29: our priority 0 <= candidate's priority 0
2021-11-25 02:28:08,457 [grpc-default-executor-1] INFO  server.RaftServer$Division (RaftServerImpl.java:setRole(290)) - e244018c-c6e8-4e9d-8a67-72ce71f64a2e@group-7B4FBFA5AF04: changes role from CANDIDATE to FOLLOWER at term 2 for candidate:270b4571-6830-404f-969d-140ad9dcfc29
2021-11-25 02:28:08,457 [grpc-default-executor-1] INFO  impl.RoleInfo (RoleInfo.java:shutdownLeaderElection(121)) - e244018c-c6e8-4e9d-8a67-72ce71f64a2e: shutdown e244018c-c6e8-4e9d-8a67-72ce71f64a2e@group-7B4FBFA5AF04-LeaderElection47
2021-11-25 02:28:08,457 [grpc-default-executor-1] INFO  impl.RoleInfo (RoleInfo.java:updateAndGet(130)) - e244018c-c6e8-4e9d-8a67-72ce71f64a2e: start e244018c-c6e8-4e9d-8a67-72ce71f64a2e@group-7B4FBFA5AF04-FollowerState
2021-11-25 02:28:08,460 [grpc-default-executor-1] INFO  server.RaftServer$Division (RaftServerImpl.java:requestVote(1078)) - e244018c-c6e8-4e9d-8a67-72ce71f64a2e@group-7B4FBFA5AF04 replies to ELECTION vote request: 270b4571-6830-404f-969d-140ad9dcfc29<-e244018c-c6e8-4e9d-8a67-72ce71f64a2e#0:OK-t2. Peer's state: e244018c-c6e8-4e9d-8a67-72ce71f64a2e@group-7B4FBFA5AF04:t2, leader=null, voted=270b4571-6830-404f-969d-140ad9dcfc29, raftlog=e244018c-c6e8-4e9d-8a67-72ce71f64a2e@group-7B4FBFA5AF04-SegmentedRaftLog:OPENED:c-1, conf=-1: [270b4571-6830-404f-969d-140ad9dcfc29|rpc:10.1.0.13:46697|priority:0, 85323f18-cee6-4044-8995-00f3d4f90ee3|rpc:10.1.0.13:44439|priority:1, e244018c-c6e8-4e9d-8a67-72ce71f64a2e|rpc:10.1.0.13:35819|priority:0], old=null
2021-11-25 02:28:08,469 [270b4571-6830-404f-969d-140ad9dcfc29@group-7B4FBFA5AF04-LeaderElection46] INFO  impl.LeaderElection (LeaderElection.java:logAndReturn(89)) - 270b4571-6830-404f-969d-140ad9dcfc29@group-7B4FBFA5AF04-LeaderElection46: ELECTION REJECTED received 1 response(s) and 0 exception(s):
2021-11-25 02:28:08,469 [e244018c-c6e8-4e9d-8a67-72ce71f64a2e@group-7B4FBFA5AF04-LeaderElection47] INFO  impl.LeaderElection (LeaderElection.java:run(230)) - e244018c-c6e8-4e9d-8a67-72ce71f64a2e@group-7B4FBFA5AF04-LeaderElection47: skip running since this is already CLOSING
2021-11-25 02:28:08,469 [270b4571-6830-404f-969d-140ad9dcfc29@group-7B4FBFA5AF04-LeaderElection46] INFO  impl.LeaderElection (LeaderElection.java:logAndReturn(93)) -   Response 0: 270b4571-6830-404f-969d-140ad9dcfc29<-85323f18-cee6-4044-8995-00f3d4f90ee3#0:FAIL-t2
2021-11-25 02:28:08,470 [270b4571-6830-404f-969d-140ad9dcfc29@group-7B4FBFA5AF04-LeaderElection46] INFO  impl.LeaderElection (LeaderElection.java:askForVotes(308)) - 270b4571-6830-404f-969d-140ad9dcfc29@group-7B4FBFA5AF04-LeaderElection46 ELECTION round 0: result REJECTED
2021-11-25 02:28:08,470 [270b4571-6830-404f-969d-140ad9dcfc29@group-7B4FBFA5AF04-LeaderElection46] INFO  server.RaftServer$Division (RaftServerImpl.java:setRole(290)) - 270b4571-6830-404f-969d-140ad9dcfc29@group-7B4FBFA5AF04: changes role from CANDIDATE to FOLLOWER at term 2 for REJECTED
2021-11-25 02:28:08,470 [270b4571-6830-404f-969d-140ad9dcfc29@group-7B4FBFA5AF04-LeaderElection46] INFO  impl.RoleInfo (RoleInfo.java:shutdownLeaderElection(121)) - 270b4571-6830-404f-969d-140ad9dcfc29: shutdown 270b4571-6830-404f-969d-140ad9dcfc29@group-7B4FBFA5AF04-LeaderElection46
2021-11-25 02:28:08,470 [270b4571-6830-404f-969d-140ad9dcfc29@group-7B4FBFA5AF04-LeaderElection46] INFO  impl.RoleInfo (RoleInfo.java:updateAndGet(130)) - 270b4571-6830-404f-969d-140ad9dcfc29: start 270b4571-6830-404f-969d-140ad9dcfc29@group-7B4FBFA5AF04-FollowerState
2021-11-25 02:28:09,257 [Listener at 127.0.0.1/44827] INFO  ozone.MiniOzoneClusterImpl (MiniOzoneClusterImpl.java:lambda$waitForClusterToBeReady$0(235)) - Nodes are ready. Got 9 of 9 DN Heartbeats.
2021-11-25 02:28:09,257 [Listener at 127.0.0.1/44827] INFO  ozone.MiniOzoneClusterImpl (MiniOzoneClusterImpl.java:lambda$waitForClusterToBeReady$0(238)) - Waiting for cluster to exit safe mode
2021-11-25 02:28:09,257 [Listener at 127.0.0.1/44827] INFO  ozone.MiniOzoneClusterImpl (MiniOzoneClusterImpl.java:lambda$waitForClusterToBeReady$0(240)) - SCM became leader
2021-11-25 02:28:09,316 [e8e4a09d-b55f-46fb-afd1-8638ca612560@group-8550D68C7491-FollowerState] INFO  impl.FollowerState (FollowerState.java:run(134)) - e8e4a09d-b55f-46fb-afd1-8638ca612560@group-8550D68C7491-FollowerState: change to CANDIDATE, lastRpcElapsedTime:5052369663ns, electionTimeout:5042ms
2021-11-25 02:28:09,316 [e8e4a09d-b55f-46fb-afd1-8638ca612560@group-8550D68C7491-FollowerState] INFO  impl.RoleInfo (RoleInfo.java:shutdownFollowerState(108)) - e8e4a09d-b55f-46fb-afd1-8638ca612560: shutdown e8e4a09d-b55f-46fb-afd1-8638ca612560@group-8550D68C7491-FollowerState
2021-11-25 02:28:09,316 [e8e4a09d-b55f-46fb-afd1-8638ca612560@group-8550D68C7491-FollowerState] INFO  server.RaftServer$Division (RaftServerImpl.java:setRole(290)) - e8e4a09d-b55f-46fb-afd1-8638ca612560@group-8550D68C7491: changes role from  FOLLOWER to CANDIDATE at term 2 for changeToCandidate
2021-11-25 02:28:09,316 [e8e4a09d-b55f-46fb-afd1-8638ca612560@group-8550D68C7491-FollowerState] INFO  server.RaftServerConfigKeys (ConfUtils.java:logGet(44)) - raft.server.leaderelection.pre-vote = false (custom)
2021-11-25 02:28:09,317 [e8e4a09d-b55f-46fb-afd1-8638ca612560@group-8550D68C7491-FollowerState] INFO  impl.RoleInfo (RoleInfo.java:updateAndGet(130)) - e8e4a09d-b55f-46fb-afd1-8638ca612560: start e8e4a09d-b55f-46fb-afd1-8638ca612560@group-8550D68C7491-LeaderElection48
2021-11-25 02:28:09,344 [a8a586c2-f99e-4cfe-9d52-03ddcdbedb28@group-8550D68C7491-FollowerState] INFO  impl.FollowerState (FollowerState.java:run(134)) - a8a586c2-f99e-4cfe-9d52-03ddcdbedb28@group-8550D68C7491-FollowerState: change to CANDIDATE, lastRpcElapsedTime:5135676382ns, electionTimeout:5130ms
2021-11-25 02:28:09,344 [a8a586c2-f99e-4cfe-9d52-03ddcdbedb28@group-8550D68C7491-FollowerState] INFO  impl.RoleInfo (RoleInfo.java:shutdownFollowerState(108)) - a8a586c2-f99e-4cfe-9d52-03ddcdbedb28: shutdown a8a586c2-f99e-4cfe-9d52-03ddcdbedb28@group-8550D68C7491-FollowerState
2021-11-25 02:28:09,344 [a8a586c2-f99e-4cfe-9d52-03ddcdbedb28@group-8550D68C7491-FollowerState] INFO  server.RaftServer$Division (RaftServerImpl.java:setRole(290)) - a8a586c2-f99e-4cfe-9d52-03ddcdbedb28@group-8550D68C7491: changes role from  FOLLOWER to CANDIDATE at term 2 for changeToCandidate
2021-11-25 02:28:09,344 [a8a586c2-f99e-4cfe-9d52-03ddcdbedb28@group-8550D68C7491-FollowerState] INFO  server.RaftServerConfigKeys (ConfUtils.java:logGet(44)) - raft.server.leaderelection.pre-vote = false (custom)
2021-11-25 02:28:09,344 [a8a586c2-f99e-4cfe-9d52-03ddcdbedb28@group-8550D68C7491-FollowerState] INFO  impl.RoleInfo (RoleInfo.java:updateAndGet(130)) - a8a586c2-f99e-4cfe-9d52-03ddcdbedb28: start a8a586c2-f99e-4cfe-9d52-03ddcdbedb28@group-8550D68C7491-LeaderElection49
2021-11-25 02:28:09,345 [e8e4a09d-b55f-46fb-afd1-8638ca612560@group-8550D68C7491-LeaderElection48] INFO  impl.LeaderElection (LeaderElection.java:askForVotes(306)) - e8e4a09d-b55f-46fb-afd1-8638ca612560@group-8550D68C7491-LeaderElection48 ELECTION round 0: submit vote requests at term 3 for -1: [e8e4a09d-b55f-46fb-afd1-8638ca612560|rpc:10.1.0.13:42859|dataStream:|priority:1, 7b8694ed-f626-45d7-ad92-ba79cd2bf69c|rpc:10.1.0.13:33171|dataStream:|priority:0, a8a586c2-f99e-4cfe-9d52-03ddcdbedb28|rpc:10.1.0.13:36737|dataStream:|priority:0], old=null
2021-11-25 02:28:09,373 [a8a586c2-f99e-4cfe-9d52-03ddcdbedb28@group-8550D68C7491-LeaderElection49] INFO  impl.LeaderElection (LeaderElection.java:askForVotes(306)) - a8a586c2-f99e-4cfe-9d52-03ddcdbedb28@group-8550D68C7491-LeaderElection49 ELECTION round 0: submit vote requests at term 3 for -1: [e8e4a09d-b55f-46fb-afd1-8638ca612560|rpc:10.1.0.13:42859|dataStream:|priority:1, 7b8694ed-f626-45d7-ad92-ba79cd2bf69c|rpc:10.1.0.13:33171|dataStream:|priority:0, a8a586c2-f99e-4cfe-9d52-03ddcdbedb28|rpc:10.1.0.13:36737|dataStream:|priority:0], old=null
2021-11-25 02:28:09,389 [grpc-default-executor-1] INFO  server.RaftServer$Division (RaftServerImpl.java:requestVote(1046)) - e8e4a09d-b55f-46fb-afd1-8638ca612560@group-8550D68C7491: receive requestVote(ELECTION, a8a586c2-f99e-4cfe-9d52-03ddcdbedb28, group-8550D68C7491, 3, (t:0, i:0))
2021-11-25 02:28:09,389 [grpc-default-executor-1] INFO  impl.VoteContext (VoteContext.java:log(48)) - e8e4a09d-b55f-46fb-afd1-8638ca612560@group-8550D68C7491-CANDIDATE: reject ELECTION from a8a586c2-f99e-4cfe-9d52-03ddcdbedb28: already has voted for e8e4a09d-b55f-46fb-afd1-8638ca612560 at current term 3
2021-11-25 02:28:09,389 [grpc-default-executor-1] INFO  server.RaftServer$Division (RaftServerImpl.java:requestVote(1078)) - e8e4a09d-b55f-46fb-afd1-8638ca612560@group-8550D68C7491 replies to ELECTION vote request: a8a586c2-f99e-4cfe-9d52-03ddcdbedb28<-e8e4a09d-b55f-46fb-afd1-8638ca612560#0:FAIL-t3. Peer's state: e8e4a09d-b55f-46fb-afd1-8638ca612560@group-8550D68C7491:t3, leader=null, voted=e8e4a09d-b55f-46fb-afd1-8638ca612560, raftlog=e8e4a09d-b55f-46fb-afd1-8638ca612560@group-8550D68C7491-SegmentedRaftLog:OPENED:c-1, conf=-1: [e8e4a09d-b55f-46fb-afd1-8638ca612560|rpc:10.1.0.13:42859|dataStream:|priority:1, 7b8694ed-f626-45d7-ad92-ba79cd2bf69c|rpc:10.1.0.13:33171|dataStream:|priority:0, a8a586c2-f99e-4cfe-9d52-03ddcdbedb28|rpc:10.1.0.13:36737|dataStream:|priority:0], old=null
2021-11-25 02:28:09,392 [a8a586c2-f99e-4cfe-9d52-03ddcdbedb28@group-8550D68C7491-LeaderElection49] INFO  impl.LeaderElection (LeaderElection.java:logAndReturn(89)) - a8a586c2-f99e-4cfe-9d52-03ddcdbedb28@group-8550D68C7491-LeaderElection49: ELECTION REJECTED received 1 response(s) and 0 exception(s):
2021-11-25 02:28:09,392 [a8a586c2-f99e-4cfe-9d52-03ddcdbedb28@group-8550D68C7491-LeaderElection49] INFO  impl.LeaderElection (LeaderElection.java:logAndReturn(93)) -   Response 0: a8a586c2-f99e-4cfe-9d52-03ddcdbedb28<-e8e4a09d-b55f-46fb-afd1-8638ca612560#0:FAIL-t3
2021-11-25 02:28:09,392 [a8a586c2-f99e-4cfe-9d52-03ddcdbedb28@group-8550D68C7491-LeaderElection49] INFO  impl.LeaderElection (LeaderElection.java:askForVotes(308)) - a8a586c2-f99e-4cfe-9d52-03ddcdbedb28@group-8550D68C7491-LeaderElection49 ELECTION round 0: result REJECTED
2021-11-25 02:28:09,392 [a8a586c2-f99e-4cfe-9d52-03ddcdbedb28@group-8550D68C7491-LeaderElection49] INFO  server.RaftServer$Division (RaftServerImpl.java:setRole(290)) - a8a586c2-f99e-4cfe-9d52-03ddcdbedb28@group-8550D68C7491: changes role from CANDIDATE to FOLLOWER at term 3 for REJECTED
2021-11-25 02:28:09,392 [a8a586c2-f99e-4cfe-9d52-03ddcdbedb28@group-8550D68C7491-LeaderElection49] INFO  impl.RoleInfo (RoleInfo.java:shutdownLeaderElection(121)) - a8a586c2-f99e-4cfe-9d52-03ddcdbedb28: shutdown a8a586c2-f99e-4cfe-9d52-03ddcdbedb28@group-8550D68C7491-LeaderElection49
2021-11-25 02:28:09,392 [a8a586c2-f99e-4cfe-9d52-03ddcdbedb28@group-8550D68C7491-LeaderElection49] INFO  impl.RoleInfo (RoleInfo.java:updateAndGet(130)) - a8a586c2-f99e-4cfe-9d52-03ddcdbedb28: start a8a586c2-f99e-4cfe-9d52-03ddcdbedb28@group-8550D68C7491-FollowerState
2021-11-25 02:28:09,403 [grpc-default-executor-1] INFO  server.RaftServer$Division (RaftServerImpl.java:requestVote(1046)) - 7b8694ed-f626-45d7-ad92-ba79cd2bf69c@group-8550D68C7491: receive requestVote(ELECTION, a8a586c2-f99e-4cfe-9d52-03ddcdbedb28, group-8550D68C7491, 3, (t:0, i:0))
2021-11-25 02:28:09,403 [grpc-default-executor-1] INFO  impl.VoteContext (VoteContext.java:log(48)) - 7b8694ed-f626-45d7-ad92-ba79cd2bf69c@group-8550D68C7491-FOLLOWER: accept ELECTION from a8a586c2-f99e-4cfe-9d52-03ddcdbedb28: our priority 0 <= candidate's priority 0
2021-11-25 02:28:09,403 [grpc-default-executor-1] INFO  server.RaftServer$Division (RaftServerImpl.java:setRole(290)) - 7b8694ed-f626-45d7-ad92-ba79cd2bf69c@group-8550D68C7491: changes role from  FOLLOWER to FOLLOWER at term 3 for candidate:a8a586c2-f99e-4cfe-9d52-03ddcdbedb28
2021-11-25 02:28:09,403 [grpc-default-executor-1] INFO  impl.RoleInfo (RoleInfo.java:shutdownFollowerState(108)) - 7b8694ed-f626-45d7-ad92-ba79cd2bf69c: shutdown 7b8694ed-f626-45d7-ad92-ba79cd2bf69c@group-8550D68C7491-FollowerState
2021-11-25 02:28:09,403 [grpc-default-executor-1] INFO  impl.RoleInfo (RoleInfo.java:updateAndGet(130)) - 7b8694ed-f626-45d7-ad92-ba79cd2bf69c: start 7b8694ed-f626-45d7-ad92-ba79cd2bf69c@group-8550D68C7491-FollowerState
2021-11-25 02:28:09,404 [7b8694ed-f626-45d7-ad92-ba79cd2bf69c@group-8550D68C7491-FollowerState] INFO  impl.FollowerState (FollowerState.java:run(143)) - 7b8694ed-f626-45d7-ad92-ba79cd2bf69c@group-8550D68C7491-FollowerState was interrupted: {}
java.lang.InterruptedException: sleep interrupted
	at java.lang.Thread.sleep(Native Method)
	at java.lang.Thread.sleep(Thread.java:340)
	at java.util.concurrent.TimeUnit.sleep(TimeUnit.java:386)
	at org.apache.ratis.util.TimeDuration.sleep(TimeDuration.java:324)
	at org.apache.ratis.util.TimeDuration.sleep(TimeDuration.java:309)
	at org.apache.ratis.server.impl.FollowerState.run(FollowerState.java:118)
2021-11-25 02:28:09,405 [grpc-default-executor-3] INFO  server.RaftServer$Division (RaftServerImpl.java:requestVote(1046)) - a8a586c2-f99e-4cfe-9d52-03ddcdbedb28@group-8550D68C7491: receive requestVote(ELECTION, e8e4a09d-b55f-46fb-afd1-8638ca612560, group-8550D68C7491, 3, (t:0, i:0))
2021-11-25 02:28:09,405 [grpc-default-executor-3] INFO  impl.VoteContext (VoteContext.java:log(48)) - a8a586c2-f99e-4cfe-9d52-03ddcdbedb28@group-8550D68C7491-FOLLOWER: reject ELECTION from e8e4a09d-b55f-46fb-afd1-8638ca612560: already has voted for a8a586c2-f99e-4cfe-9d52-03ddcdbedb28 at current term 3
2021-11-25 02:28:09,406 [grpc-default-executor-3] INFO  server.RaftServer$Division (RaftServerImpl.java:requestVote(1078)) - a8a586c2-f99e-4cfe-9d52-03ddcdbedb28@group-8550D68C7491 replies to ELECTION vote request: e8e4a09d-b55f-46fb-afd1-8638ca612560<-a8a586c2-f99e-4cfe-9d52-03ddcdbedb28#0:FAIL-t3. Peer's state: a8a586c2-f99e-4cfe-9d52-03ddcdbedb28@group-8550D68C7491:t3, leader=null, voted=a8a586c2-f99e-4cfe-9d52-03ddcdbedb28, raftlog=a8a586c2-f99e-4cfe-9d52-03ddcdbedb28@group-8550D68C7491-SegmentedRaftLog:OPENED:c-1, conf=-1: [e8e4a09d-b55f-46fb-afd1-8638ca612560|rpc:10.1.0.13:42859|dataStream:|priority:1, 7b8694ed-f626-45d7-ad92-ba79cd2bf69c|rpc:10.1.0.13:33171|dataStream:|priority:0, a8a586c2-f99e-4cfe-9d52-03ddcdbedb28|rpc:10.1.0.13:36737|dataStream:|priority:0], old=null
2021-11-25 02:28:09,415 [grpc-default-executor-3] INFO  server.RaftServer$Division (RaftServerImpl.java:requestVote(1046)) - 7b8694ed-f626-45d7-ad92-ba79cd2bf69c@group-8550D68C7491: receive requestVote(ELECTION, e8e4a09d-b55f-46fb-afd1-8638ca612560, group-8550D68C7491, 3, (t:0, i:0))
2021-11-25 02:28:09,440 [grpc-default-executor-1] INFO  server.RaftServer$Division (RaftServerImpl.java:requestVote(1078)) - 7b8694ed-f626-45d7-ad92-ba79cd2bf69c@group-8550D68C7491 replies to ELECTION vote request: a8a586c2-f99e-4cfe-9d52-03ddcdbedb28<-7b8694ed-f626-45d7-ad92-ba79cd2bf69c#0:OK-t3. Peer's state: 7b8694ed-f626-45d7-ad92-ba79cd2bf69c@group-8550D68C7491:t3, leader=null, voted=a8a586c2-f99e-4cfe-9d52-03ddcdbedb28, raftlog=7b8694ed-f626-45d7-ad92-ba79cd2bf69c@group-8550D68C7491-SegmentedRaftLog:OPENED:c-1, conf=-1: [e8e4a09d-b55f-46fb-afd1-8638ca612560|rpc:10.1.0.13:42859|priority:1, 7b8694ed-f626-45d7-ad92-ba79cd2bf69c|rpc:10.1.0.13:33171|priority:0, a8a586c2-f99e-4cfe-9d52-03ddcdbedb28|rpc:10.1.0.13:36737|priority:0], old=null
2021-11-25 02:28:09,441 [grpc-default-executor-3] INFO  impl.VoteContext (VoteContext.java:log(48)) - 7b8694ed-f626-45d7-ad92-ba79cd2bf69c@group-8550D68C7491-FOLLOWER: reject ELECTION from e8e4a09d-b55f-46fb-afd1-8638ca612560: already has voted for a8a586c2-f99e-4cfe-9d52-03ddcdbedb28 at current term 3
2021-11-25 02:28:09,441 [grpc-default-executor-3] INFO  server.RaftServer$Division (RaftServerImpl.java:requestVote(1078)) - 7b8694ed-f626-45d7-ad92-ba79cd2bf69c@group-8550D68C7491 replies to ELECTION vote request: e8e4a09d-b55f-46fb-afd1-8638ca612560<-7b8694ed-f626-45d7-ad92-ba79cd2bf69c#0:FAIL-t3. Peer's state: 7b8694ed-f626-45d7-ad92-ba79cd2bf69c@group-8550D68C7491:t3, leader=null, voted=a8a586c2-f99e-4cfe-9d52-03ddcdbedb28, raftlog=7b8694ed-f626-45d7-ad92-ba79cd2bf69c@group-8550D68C7491-SegmentedRaftLog:OPENED:c-1, conf=-1: [e8e4a09d-b55f-46fb-afd1-8638ca612560|rpc:10.1.0.13:42859|priority:1, 7b8694ed-f626-45d7-ad92-ba79cd2bf69c|rpc:10.1.0.13:33171|priority:0, a8a586c2-f99e-4cfe-9d52-03ddcdbedb28|rpc:10.1.0.13:36737|priority:0], old=null
2021-11-25 02:28:09,443 [e8e4a09d-b55f-46fb-afd1-8638ca612560@group-8550D68C7491-LeaderElection48] INFO  impl.LeaderElection (LeaderElection.java:logAndReturn(89)) - e8e4a09d-b55f-46fb-afd1-8638ca612560@group-8550D68C7491-LeaderElection48: ELECTION REJECTED received 2 response(s) and 0 exception(s):
2021-11-25 02:28:09,443 [e8e4a09d-b55f-46fb-afd1-8638ca612560@group-8550D68C7491-LeaderElection48] INFO  impl.LeaderElection (LeaderElection.java:logAndReturn(93)) -   Response 0: e8e4a09d-b55f-46fb-afd1-8638ca612560<-7b8694ed-f626-45d7-ad92-ba79cd2bf69c#0:FAIL-t3
2021-11-25 02:28:09,443 [e8e4a09d-b55f-46fb-afd1-8638ca612560@group-8550D68C7491-LeaderElection48] INFO  impl.LeaderElection (LeaderElection.java:logAndReturn(93)) -   Response 1: e8e4a09d-b55f-46fb-afd1-8638ca612560<-a8a586c2-f99e-4cfe-9d52-03ddcdbedb28#0:FAIL-t3
2021-11-25 02:28:09,443 [e8e4a09d-b55f-46fb-afd1-8638ca612560@group-8550D68C7491-LeaderElection48] INFO  impl.LeaderElection (LeaderElection.java:askForVotes(308)) - e8e4a09d-b55f-46fb-afd1-8638ca612560@group-8550D68C7491-LeaderElection48 ELECTION round 0: result REJECTED
2021-11-25 02:28:09,443 [e8e4a09d-b55f-46fb-afd1-8638ca612560@group-8550D68C7491-LeaderElection48] INFO  server.RaftServer$Division (RaftServerImpl.java:setRole(290)) - e8e4a09d-b55f-46fb-afd1-8638ca612560@group-8550D68C7491: changes role from CANDIDATE to FOLLOWER at term 3 for REJECTED
2021-11-25 02:28:09,443 [e8e4a09d-b55f-46fb-afd1-8638ca612560@group-8550D68C7491-LeaderElection48] INFO  impl.RoleInfo (RoleInfo.java:shutdownLeaderElection(121)) - e8e4a09d-b55f-46fb-afd1-8638ca612560: shutdown e8e4a09d-b55f-46fb-afd1-8638ca612560@group-8550D68C7491-LeaderElection48
2021-11-25 02:28:09,444 [e8e4a09d-b55f-46fb-afd1-8638ca612560@group-8550D68C7491-LeaderElection48] INFO  impl.RoleInfo (RoleInfo.java:updateAndGet(130)) - e8e4a09d-b55f-46fb-afd1-8638ca612560: start e8e4a09d-b55f-46fb-afd1-8638ca612560@group-8550D68C7491-FollowerState
2021-11-25 02:28:10,258 [Listener at 127.0.0.1/44827] INFO  ozone.MiniOzoneClusterImpl (MiniOzoneClusterImpl.java:lambda$waitForClusterToBeReady$0(235)) - Nodes are ready. Got 9 of 9 DN Heartbeats.
2021-11-25 02:28:10,258 [Listener at 127.0.0.1/44827] INFO  ozone.MiniOzoneClusterImpl (MiniOzoneClusterImpl.java:lambda$waitForClusterToBeReady$0(238)) - Waiting for cluster to exit safe mode
2021-11-25 02:28:10,258 [Listener at 127.0.0.1/44827] INFO  ozone.MiniOzoneClusterImpl (MiniOzoneClusterImpl.java:lambda$waitForClusterToBeReady$0(240)) - SCM became leader
2021-11-25 02:28:11,258 [Listener at 127.0.0.1/44827] INFO  ozone.MiniOzoneClusterImpl (MiniOzoneClusterImpl.java:lambda$waitForClusterToBeReady$0(235)) - Nodes are ready. Got 9 of 9 DN Heartbeats.
2021-11-25 02:28:11,258 [Listener at 127.0.0.1/44827] INFO  ozone.MiniOzoneClusterImpl (MiniOzoneClusterImpl.java:lambda$waitForClusterToBeReady$0(238)) - Waiting for cluster to exit safe mode
2021-11-25 02:28:11,258 [Listener at 127.0.0.1/44827] INFO  ozone.MiniOzoneClusterImpl (MiniOzoneClusterImpl.java:lambda$waitForClusterToBeReady$0(240)) - SCM became leader
2021-11-25 02:28:11,489 [a77dd090-2963-4745-95fa-35573f312ffb@group-58D710EC61B9-FollowerState] INFO  impl.FollowerState (FollowerState.java:run(134)) - a77dd090-2963-4745-95fa-35573f312ffb@group-58D710EC61B9-FollowerState: change to CANDIDATE, lastRpcElapsedTime:5025672494ns, electionTimeout:5000ms
2021-11-25 02:28:11,490 [a77dd090-2963-4745-95fa-35573f312ffb@group-58D710EC61B9-FollowerState] INFO  impl.RoleInfo (RoleInfo.java:shutdownFollowerState(108)) - a77dd090-2963-4745-95fa-35573f312ffb: shutdown a77dd090-2963-4745-95fa-35573f312ffb@group-58D710EC61B9-FollowerState
2021-11-25 02:28:11,490 [a77dd090-2963-4745-95fa-35573f312ffb@group-58D710EC61B9-FollowerState] INFO  server.RaftServer$Division (RaftServerImpl.java:setRole(290)) - a77dd090-2963-4745-95fa-35573f312ffb@group-58D710EC61B9: changes role from  FOLLOWER to CANDIDATE at term 2 for changeToCandidate
2021-11-25 02:28:11,490 [a77dd090-2963-4745-95fa-35573f312ffb@group-58D710EC61B9-FollowerState] INFO  server.RaftServerConfigKeys (ConfUtils.java:logGet(44)) - raft.server.leaderelection.pre-vote = false (custom)
2021-11-25 02:28:11,490 [a77dd090-2963-4745-95fa-35573f312ffb@group-58D710EC61B9-FollowerState] INFO  impl.RoleInfo (RoleInfo.java:updateAndGet(130)) - a77dd090-2963-4745-95fa-35573f312ffb: start a77dd090-2963-4745-95fa-35573f312ffb@group-58D710EC61B9-LeaderElection50
2021-11-25 02:28:11,511 [a77dd090-2963-4745-95fa-35573f312ffb@group-58D710EC61B9-LeaderElection50] INFO  impl.LeaderElection (LeaderElection.java:askForVotes(306)) - a77dd090-2963-4745-95fa-35573f312ffb@group-58D710EC61B9-LeaderElection50 ELECTION round 0: submit vote requests at term 3 for -1: [afe6738c-795d-4ad9-911f-77efc98b0ab7|rpc:10.1.0.13:38867|dataStream:|priority:1, 36951ec6-8ca2-46f2-ac0d-c1eb1dc0de60|rpc:10.1.0.13:41073|dataStream:|priority:0, a77dd090-2963-4745-95fa-35573f312ffb|rpc:10.1.0.13:36541|dataStream:|priority:0], old=null
2021-11-25 02:28:11,524 [grpc-default-executor-3] INFO  server.RaftServer$Division (RaftServerImpl.java:requestVote(1046)) - afe6738c-795d-4ad9-911f-77efc98b0ab7@group-58D710EC61B9: receive requestVote(ELECTION, a77dd090-2963-4745-95fa-35573f312ffb, group-58D710EC61B9, 3, (t:0, i:0))
2021-11-25 02:28:11,524 [grpc-default-executor-3] INFO  impl.VoteContext (VoteContext.java:log(48)) - afe6738c-795d-4ad9-911f-77efc98b0ab7@group-58D710EC61B9-FOLLOWER: reject ELECTION from a77dd090-2963-4745-95fa-35573f312ffb: our priority 1 > candidate's priority 0
2021-11-25 02:28:11,524 [grpc-default-executor-3] INFO  server.RaftServer$Division (RaftServerImpl.java:setRole(290)) - afe6738c-795d-4ad9-911f-77efc98b0ab7@group-58D710EC61B9: changes role from  FOLLOWER to FOLLOWER at term 3 for candidate:a77dd090-2963-4745-95fa-35573f312ffb
2021-11-25 02:28:11,524 [grpc-default-executor-3] INFO  impl.RoleInfo (RoleInfo.java:shutdownFollowerState(108)) - afe6738c-795d-4ad9-911f-77efc98b0ab7: shutdown afe6738c-795d-4ad9-911f-77efc98b0ab7@group-58D710EC61B9-FollowerState
2021-11-25 02:28:11,533 [grpc-default-executor-3] INFO  impl.RoleInfo (RoleInfo.java:updateAndGet(130)) - afe6738c-795d-4ad9-911f-77efc98b0ab7: start afe6738c-795d-4ad9-911f-77efc98b0ab7@group-58D710EC61B9-FollowerState
2021-11-25 02:28:11,534 [afe6738c-795d-4ad9-911f-77efc98b0ab7@group-58D710EC61B9-FollowerState] INFO  impl.FollowerState (FollowerState.java:run(143)) - afe6738c-795d-4ad9-911f-77efc98b0ab7@group-58D710EC61B9-FollowerState was interrupted: {}
java.lang.InterruptedException: sleep interrupted
	at java.lang.Thread.sleep(Native Method)
	at java.lang.Thread.sleep(Thread.java:340)
	at java.util.concurrent.TimeUnit.sleep(TimeUnit.java:386)
	at org.apache.ratis.util.TimeDuration.sleep(TimeDuration.java:324)
	at org.apache.ratis.util.TimeDuration.sleep(TimeDuration.java:309)
	at org.apache.ratis.server.impl.FollowerState.run(FollowerState.java:118)
2021-11-25 02:28:11,535 [grpc-default-executor-1] INFO  server.RaftServer$Division (RaftServerImpl.java:requestVote(1046)) - 36951ec6-8ca2-46f2-ac0d-c1eb1dc0de60@group-58D710EC61B9: receive requestVote(ELECTION, a77dd090-2963-4745-95fa-35573f312ffb, group-58D710EC61B9, 3, (t:0, i:0))
2021-11-25 02:28:11,535 [grpc-default-executor-1] INFO  impl.VoteContext (VoteContext.java:log(48)) - 36951ec6-8ca2-46f2-ac0d-c1eb1dc0de60@group-58D710EC61B9-FOLLOWER: accept ELECTION from a77dd090-2963-4745-95fa-35573f312ffb: our priority 0 <= candidate's priority 0
2021-11-25 02:28:11,535 [grpc-default-executor-1] INFO  server.RaftServer$Division (RaftServerImpl.java:setRole(290)) - 36951ec6-8ca2-46f2-ac0d-c1eb1dc0de60@group-58D710EC61B9: changes role from  FOLLOWER to FOLLOWER at term 3 for candidate:a77dd090-2963-4745-95fa-35573f312ffb
2021-11-25 02:28:11,535 [grpc-default-executor-1] INFO  impl.RoleInfo (RoleInfo.java:shutdownFollowerState(108)) - 36951ec6-8ca2-46f2-ac0d-c1eb1dc0de60: shutdown 36951ec6-8ca2-46f2-ac0d-c1eb1dc0de60@group-58D710EC61B9-FollowerState
2021-11-25 02:28:11,545 [grpc-default-executor-1] INFO  impl.RoleInfo (RoleInfo.java:updateAndGet(130)) - 36951ec6-8ca2-46f2-ac0d-c1eb1dc0de60: start 36951ec6-8ca2-46f2-ac0d-c1eb1dc0de60@group-58D710EC61B9-FollowerState
2021-11-25 02:28:11,545 [36951ec6-8ca2-46f2-ac0d-c1eb1dc0de60@group-58D710EC61B9-FollowerState] INFO  impl.FollowerState (FollowerState.java:run(143)) - 36951ec6-8ca2-46f2-ac0d-c1eb1dc0de60@group-58D710EC61B9-FollowerState was interrupted: {}
java.lang.InterruptedException: sleep interrupted
	at java.lang.Thread.sleep(Native Method)
	at java.lang.Thread.sleep(Thread.java:340)
	at java.util.concurrent.TimeUnit.sleep(TimeUnit.java:386)
	at org.apache.ratis.util.TimeDuration.sleep(TimeDuration.java:324)
	at org.apache.ratis.util.TimeDuration.sleep(TimeDuration.java:309)
	at org.apache.ratis.server.impl.FollowerState.run(FollowerState.java:118)
2021-11-25 02:28:11,546 [grpc-default-executor-3] INFO  server.RaftServer$Division (RaftServerImpl.java:requestVote(1078)) - afe6738c-795d-4ad9-911f-77efc98b0ab7@group-58D710EC61B9 replies to ELECTION vote request: a77dd090-2963-4745-95fa-35573f312ffb<-afe6738c-795d-4ad9-911f-77efc98b0ab7#0:FAIL-t3. Peer's state: afe6738c-795d-4ad9-911f-77efc98b0ab7@group-58D710EC61B9:t3, leader=null, voted=null, raftlog=afe6738c-795d-4ad9-911f-77efc98b0ab7@group-58D710EC61B9-SegmentedRaftLog:OPENED:c-1, conf=-1: [afe6738c-795d-4ad9-911f-77efc98b0ab7|rpc:10.1.0.13:38867|dataStream:|priority:1, 36951ec6-8ca2-46f2-ac0d-c1eb1dc0de60|rpc:10.1.0.13:41073|dataStream:|priority:0, a77dd090-2963-4745-95fa-35573f312ffb|rpc:10.1.0.13:36541|dataStream:|priority:0], old=null
2021-11-25 02:28:11,549 [grpc-default-executor-1] INFO  server.RaftServer$Division (RaftServerImpl.java:requestVote(1078)) - 36951ec6-8ca2-46f2-ac0d-c1eb1dc0de60@group-58D710EC61B9 replies to ELECTION vote request: a77dd090-2963-4745-95fa-35573f312ffb<-36951ec6-8ca2-46f2-ac0d-c1eb1dc0de60#0:OK-t3. Peer's state: 36951ec6-8ca2-46f2-ac0d-c1eb1dc0de60@group-58D710EC61B9:t3, leader=null, voted=a77dd090-2963-4745-95fa-35573f312ffb, raftlog=36951ec6-8ca2-46f2-ac0d-c1eb1dc0de60@group-58D710EC61B9-SegmentedRaftLog:OPENED:c-1, conf=-1: [afe6738c-795d-4ad9-911f-77efc98b0ab7|rpc:10.1.0.13:38867|priority:1, 36951ec6-8ca2-46f2-ac0d-c1eb1dc0de60|rpc:10.1.0.13:41073|priority:0, a77dd090-2963-4745-95fa-35573f312ffb|rpc:10.1.0.13:36541|priority:0], old=null
2021-11-25 02:28:11,572 [a77dd090-2963-4745-95fa-35573f312ffb@group-58D710EC61B9-LeaderElection50] INFO  impl.LeaderElection (LeaderElection.java:logAndReturn(89)) - a77dd090-2963-4745-95fa-35573f312ffb@group-58D710EC61B9-LeaderElection50: ELECTION REJECTED received 1 response(s) and 0 exception(s):
2021-11-25 02:28:11,572 [a77dd090-2963-4745-95fa-35573f312ffb@group-58D710EC61B9-LeaderElection50] INFO  impl.LeaderElection (LeaderElection.java:logAndReturn(93)) -   Response 0: a77dd090-2963-4745-95fa-35573f312ffb<-afe6738c-795d-4ad9-911f-77efc98b0ab7#0:FAIL-t3
2021-11-25 02:28:11,572 [a77dd090-2963-4745-95fa-35573f312ffb@group-58D710EC61B9-LeaderElection50] INFO  impl.LeaderElection (LeaderElection.java:askForVotes(308)) - a77dd090-2963-4745-95fa-35573f312ffb@group-58D710EC61B9-LeaderElection50 ELECTION round 0: result REJECTED
2021-11-25 02:28:11,572 [a77dd090-2963-4745-95fa-35573f312ffb@group-58D710EC61B9-LeaderElection50] INFO  server.RaftServer$Division (RaftServerImpl.java:setRole(290)) - a77dd090-2963-4745-95fa-35573f312ffb@group-58D710EC61B9: changes role from CANDIDATE to FOLLOWER at term 3 for REJECTED
2021-11-25 02:28:11,572 [a77dd090-2963-4745-95fa-35573f312ffb@group-58D710EC61B9-LeaderElection50] INFO  impl.RoleInfo (RoleInfo.java:shutdownLeaderElection(121)) - a77dd090-2963-4745-95fa-35573f312ffb: shutdown a77dd090-2963-4745-95fa-35573f312ffb@group-58D710EC61B9-LeaderElection50
2021-11-25 02:28:11,572 [a77dd090-2963-4745-95fa-35573f312ffb@group-58D710EC61B9-LeaderElection50] INFO  impl.RoleInfo (RoleInfo.java:updateAndGet(130)) - a77dd090-2963-4745-95fa-35573f312ffb: start a77dd090-2963-4745-95fa-35573f312ffb@group-58D710EC61B9-FollowerState
2021-11-25 02:28:12,259 [Listener at 127.0.0.1/44827] INFO  ozone.MiniOzoneClusterImpl (MiniOzoneClusterImpl.java:lambda$waitForClusterToBeReady$0(235)) - Nodes are ready. Got 9 of 9 DN Heartbeats.
2021-11-25 02:28:12,259 [Listener at 127.0.0.1/44827] INFO  ozone.MiniOzoneClusterImpl (MiniOzoneClusterImpl.java:lambda$waitForClusterToBeReady$0(238)) - Waiting for cluster to exit safe mode
2021-11-25 02:28:12,259 [Listener at 127.0.0.1/44827] INFO  ozone.MiniOzoneClusterImpl (MiniOzoneClusterImpl.java:lambda$waitForClusterToBeReady$0(240)) - SCM became leader
2021-11-25 02:28:13,259 [Listener at 127.0.0.1/44827] INFO  ozone.MiniOzoneClusterImpl (MiniOzoneClusterImpl.java:lambda$waitForClusterToBeReady$0(235)) - Nodes are ready. Got 9 of 9 DN Heartbeats.
2021-11-25 02:28:13,260 [Listener at 127.0.0.1/44827] INFO  ozone.MiniOzoneClusterImpl (MiniOzoneClusterImpl.java:lambda$waitForClusterToBeReady$0(238)) - Waiting for cluster to exit safe mode
2021-11-25 02:28:13,260 [Listener at 127.0.0.1/44827] INFO  ozone.MiniOzoneClusterImpl (MiniOzoneClusterImpl.java:lambda$waitForClusterToBeReady$0(240)) - SCM became leader
2021-11-25 02:28:13,483 [e244018c-c6e8-4e9d-8a67-72ce71f64a2e@group-7B4FBFA5AF04-FollowerState] INFO  impl.FollowerState (FollowerState.java:run(134)) - e244018c-c6e8-4e9d-8a67-72ce71f64a2e@group-7B4FBFA5AF04-FollowerState: change to CANDIDATE, lastRpcElapsedTime:5023172662ns, electionTimeout:5005ms
2021-11-25 02:28:13,483 [e244018c-c6e8-4e9d-8a67-72ce71f64a2e@group-7B4FBFA5AF04-FollowerState] INFO  impl.RoleInfo (RoleInfo.java:shutdownFollowerState(108)) - e244018c-c6e8-4e9d-8a67-72ce71f64a2e: shutdown e244018c-c6e8-4e9d-8a67-72ce71f64a2e@group-7B4FBFA5AF04-FollowerState
2021-11-25 02:28:13,483 [e244018c-c6e8-4e9d-8a67-72ce71f64a2e@group-7B4FBFA5AF04-FollowerState] INFO  server.RaftServer$Division (RaftServerImpl.java:setRole(290)) - e244018c-c6e8-4e9d-8a67-72ce71f64a2e@group-7B4FBFA5AF04: changes role from  FOLLOWER to CANDIDATE at term 2 for changeToCandidate
2021-11-25 02:28:13,483 [e244018c-c6e8-4e9d-8a67-72ce71f64a2e@group-7B4FBFA5AF04-FollowerState] INFO  server.RaftServerConfigKeys (ConfUtils.java:logGet(44)) - raft.server.leaderelection.pre-vote = false (custom)
2021-11-25 02:28:13,483 [e244018c-c6e8-4e9d-8a67-72ce71f64a2e@group-7B4FBFA5AF04-FollowerState] INFO  impl.RoleInfo (RoleInfo.java:updateAndGet(130)) - e244018c-c6e8-4e9d-8a67-72ce71f64a2e: start e244018c-c6e8-4e9d-8a67-72ce71f64a2e@group-7B4FBFA5AF04-LeaderElection51
2021-11-25 02:28:13,511 [85323f18-cee6-4044-8995-00f3d4f90ee3@group-7B4FBFA5AF04-FollowerState] INFO  impl.FollowerState (FollowerState.java:run(134)) - 85323f18-cee6-4044-8995-00f3d4f90ee3@group-7B4FBFA5AF04-FollowerState: change to CANDIDATE, lastRpcElapsedTime:5094391462ns, electionTimeout:5072ms
2021-11-25 02:28:13,512 [85323f18-cee6-4044-8995-00f3d4f90ee3@group-7B4FBFA5AF04-FollowerState] INFO  impl.RoleInfo (RoleInfo.java:shutdownFollowerState(108)) - 85323f18-cee6-4044-8995-00f3d4f90ee3: shutdown 85323f18-cee6-4044-8995-00f3d4f90ee3@group-7B4FBFA5AF04-FollowerState
2021-11-25 02:28:13,512 [85323f18-cee6-4044-8995-00f3d4f90ee3@group-7B4FBFA5AF04-FollowerState] INFO  server.RaftServer$Division (RaftServerImpl.java:setRole(290)) - 85323f18-cee6-4044-8995-00f3d4f90ee3@group-7B4FBFA5AF04: changes role from  FOLLOWER to CANDIDATE at term 2 for changeToCandidate
2021-11-25 02:28:13,512 [85323f18-cee6-4044-8995-00f3d4f90ee3@group-7B4FBFA5AF04-FollowerState] INFO  server.RaftServerConfigKeys (ConfUtils.java:logGet(44)) - raft.server.leaderelection.pre-vote = false (custom)
2021-11-25 02:28:13,512 [85323f18-cee6-4044-8995-00f3d4f90ee3@group-7B4FBFA5AF04-FollowerState] INFO  impl.RoleInfo (RoleInfo.java:updateAndGet(130)) - 85323f18-cee6-4044-8995-00f3d4f90ee3: start 85323f18-cee6-4044-8995-00f3d4f90ee3@group-7B4FBFA5AF04-LeaderElection52
2021-11-25 02:28:13,521 [e244018c-c6e8-4e9d-8a67-72ce71f64a2e@group-7B4FBFA5AF04-LeaderElection51] INFO  impl.LeaderElection (LeaderElection.java:askForVotes(306)) - e244018c-c6e8-4e9d-8a67-72ce71f64a2e@group-7B4FBFA5AF04-LeaderElection51 ELECTION round 0: submit vote requests at term 3 for -1: [270b4571-6830-404f-969d-140ad9dcfc29|rpc:10.1.0.13:46697|priority:0, 85323f18-cee6-4044-8995-00f3d4f90ee3|rpc:10.1.0.13:44439|priority:1, e244018c-c6e8-4e9d-8a67-72ce71f64a2e|rpc:10.1.0.13:35819|priority:0], old=null
2021-11-25 02:28:13,551 [grpc-default-executor-1] INFO  server.RaftServer$Division (RaftServerImpl.java:requestVote(1046)) - 270b4571-6830-404f-969d-140ad9dcfc29@group-7B4FBFA5AF04: receive requestVote(ELECTION, e244018c-c6e8-4e9d-8a67-72ce71f64a2e, group-7B4FBFA5AF04, 3, (t:0, i:0))
2021-11-25 02:28:13,551 [grpc-default-executor-1] INFO  impl.VoteContext (VoteContext.java:log(48)) - 270b4571-6830-404f-969d-140ad9dcfc29@group-7B4FBFA5AF04-FOLLOWER: accept ELECTION from e244018c-c6e8-4e9d-8a67-72ce71f64a2e: our priority 0 <= candidate's priority 0
2021-11-25 02:28:13,551 [grpc-default-executor-1] INFO  server.RaftServer$Division (RaftServerImpl.java:setRole(290)) - 270b4571-6830-404f-969d-140ad9dcfc29@group-7B4FBFA5AF04: changes role from  FOLLOWER to FOLLOWER at term 3 for candidate:e244018c-c6e8-4e9d-8a67-72ce71f64a2e
2021-11-25 02:28:13,551 [grpc-default-executor-1] INFO  impl.RoleInfo (RoleInfo.java:shutdownFollowerState(108)) - 270b4571-6830-404f-969d-140ad9dcfc29: shutdown 270b4571-6830-404f-969d-140ad9dcfc29@group-7B4FBFA5AF04-FollowerState
2021-11-25 02:28:13,551 [grpc-default-executor-1] INFO  impl.RoleInfo (RoleInfo.java:updateAndGet(130)) - 270b4571-6830-404f-969d-140ad9dcfc29: start 270b4571-6830-404f-969d-140ad9dcfc29@group-7B4FBFA5AF04-FollowerState
2021-11-25 02:28:13,552 [270b4571-6830-404f-969d-140ad9dcfc29@group-7B4FBFA5AF04-FollowerState] INFO  impl.FollowerState (FollowerState.java:run(143)) - 270b4571-6830-404f-969d-140ad9dcfc29@group-7B4FBFA5AF04-FollowerState was interrupted: {}
java.lang.InterruptedException: sleep interrupted
	at java.lang.Thread.sleep(Native Method)
	at java.lang.Thread.sleep(Thread.java:340)
	at java.util.concurrent.TimeUnit.sleep(TimeUnit.java:386)
	at org.apache.ratis.util.TimeDuration.sleep(TimeDuration.java:324)
	at org.apache.ratis.util.TimeDuration.sleep(TimeDuration.java:309)
	at org.apache.ratis.server.impl.FollowerState.run(FollowerState.java:118)
2021-11-25 02:28:13,554 [85323f18-cee6-4044-8995-00f3d4f90ee3@group-7B4FBFA5AF04-LeaderElection52] INFO  impl.LeaderElection (LeaderElection.java:askForVotes(306)) - 85323f18-cee6-4044-8995-00f3d4f90ee3@group-7B4FBFA5AF04-LeaderElection52 ELECTION round 0: submit vote requests at term 3 for -1: [270b4571-6830-404f-969d-140ad9dcfc29|rpc:10.1.0.13:46697|dataStream:|priority:0, 85323f18-cee6-4044-8995-00f3d4f90ee3|rpc:10.1.0.13:44439|dataStream:|priority:1, e244018c-c6e8-4e9d-8a67-72ce71f64a2e|rpc:10.1.0.13:35819|dataStream:|priority:0], old=null
2021-11-25 02:28:13,562 [grpc-default-executor-3] INFO  server.RaftServer$Division (RaftServerImpl.java:requestVote(1046)) - 85323f18-cee6-4044-8995-00f3d4f90ee3@group-7B4FBFA5AF04: receive requestVote(ELECTION, e244018c-c6e8-4e9d-8a67-72ce71f64a2e, group-7B4FBFA5AF04, 3, (t:0, i:0))
2021-11-25 02:28:13,562 [grpc-default-executor-3] INFO  impl.VoteContext (VoteContext.java:log(48)) - 85323f18-cee6-4044-8995-00f3d4f90ee3@group-7B4FBFA5AF04-CANDIDATE: reject ELECTION from e244018c-c6e8-4e9d-8a67-72ce71f64a2e: already has voted for 85323f18-cee6-4044-8995-00f3d4f90ee3 at current term 3
2021-11-25 02:28:13,562 [grpc-default-executor-3] INFO  server.RaftServer$Division (RaftServerImpl.java:requestVote(1078)) - 85323f18-cee6-4044-8995-00f3d4f90ee3@group-7B4FBFA5AF04 replies to ELECTION vote request: e244018c-c6e8-4e9d-8a67-72ce71f64a2e<-85323f18-cee6-4044-8995-00f3d4f90ee3#0:FAIL-t3. Peer's state: 85323f18-cee6-4044-8995-00f3d4f90ee3@group-7B4FBFA5AF04:t3, leader=null, voted=85323f18-cee6-4044-8995-00f3d4f90ee3, raftlog=85323f18-cee6-4044-8995-00f3d4f90ee3@group-7B4FBFA5AF04-SegmentedRaftLog:OPENED:c-1, conf=-1: [270b4571-6830-404f-969d-140ad9dcfc29|rpc:10.1.0.13:46697|dataStream:|priority:0, 85323f18-cee6-4044-8995-00f3d4f90ee3|rpc:10.1.0.13:44439|dataStream:|priority:1, e244018c-c6e8-4e9d-8a67-72ce71f64a2e|rpc:10.1.0.13:35819|dataStream:|priority:0], old=null
2021-11-25 02:28:13,566 [e244018c-c6e8-4e9d-8a67-72ce71f64a2e@group-7B4FBFA5AF04-LeaderElection51] INFO  impl.LeaderElection (LeaderElection.java:logAndReturn(89)) - e244018c-c6e8-4e9d-8a67-72ce71f64a2e@group-7B4FBFA5AF04-LeaderElection51: ELECTION REJECTED received 1 response(s) and 0 exception(s):
2021-11-25 02:28:13,566 [e244018c-c6e8-4e9d-8a67-72ce71f64a2e@group-7B4FBFA5AF04-LeaderElection51] INFO  impl.LeaderElection (LeaderElection.java:logAndReturn(93)) -   Response 0: e244018c-c6e8-4e9d-8a67-72ce71f64a2e<-85323f18-cee6-4044-8995-00f3d4f90ee3#0:FAIL-t3
2021-11-25 02:28:13,568 [grpc-default-executor-1] INFO  server.RaftServer$Division (RaftServerImpl.java:requestVote(1078)) - 270b4571-6830-404f-969d-140ad9dcfc29@group-7B4FBFA5AF04 replies to ELECTION vote request: e244018c-c6e8-4e9d-8a67-72ce71f64a2e<-270b4571-6830-404f-969d-140ad9dcfc29#0:OK-t3. Peer's state: 270b4571-6830-404f-969d-140ad9dcfc29@group-7B4FBFA5AF04:t3, leader=null, voted=e244018c-c6e8-4e9d-8a67-72ce71f64a2e, raftlog=270b4571-6830-404f-969d-140ad9dcfc29@group-7B4FBFA5AF04-SegmentedRaftLog:OPENED:c-1, conf=-1: [270b4571-6830-404f-969d-140ad9dcfc29|rpc:10.1.0.13:46697|dataStream:|priority:0, 85323f18-cee6-4044-8995-00f3d4f90ee3|rpc:10.1.0.13:44439|dataStream:|priority:1, e244018c-c6e8-4e9d-8a67-72ce71f64a2e|rpc:10.1.0.13:35819|dataStream:|priority:0], old=null
2021-11-25 02:28:13,633 [e244018c-c6e8-4e9d-8a67-72ce71f64a2e@group-7B4FBFA5AF04-LeaderElection51] INFO  impl.LeaderElection (LeaderElection.java:askForVotes(308)) - e244018c-c6e8-4e9d-8a67-72ce71f64a2e@group-7B4FBFA5AF04-LeaderElection51 ELECTION round 0: result REJECTED
2021-11-25 02:28:13,634 [e244018c-c6e8-4e9d-8a67-72ce71f64a2e@group-7B4FBFA5AF04-LeaderElection51] INFO  server.RaftServer$Division (RaftServerImpl.java:setRole(290)) - e244018c-c6e8-4e9d-8a67-72ce71f64a2e@group-7B4FBFA5AF04: changes role from CANDIDATE to FOLLOWER at term 3 for REJECTED
2021-11-25 02:28:13,634 [e244018c-c6e8-4e9d-8a67-72ce71f64a2e@group-7B4FBFA5AF04-LeaderElection51] INFO  impl.RoleInfo (RoleInfo.java:shutdownLeaderElection(121)) - e244018c-c6e8-4e9d-8a67-72ce71f64a2e: shutdown e244018c-c6e8-4e9d-8a67-72ce71f64a2e@group-7B4FBFA5AF04-LeaderElection51
2021-11-25 02:28:13,634 [e244018c-c6e8-4e9d-8a67-72ce71f64a2e@group-7B4FBFA5AF04-LeaderElection51] INFO  impl.RoleInfo (RoleInfo.java:updateAndGet(130)) - e244018c-c6e8-4e9d-8a67-72ce71f64a2e: start e244018c-c6e8-4e9d-8a67-72ce71f64a2e@group-7B4FBFA5AF04-FollowerState
2021-11-25 02:28:13,637 [grpc-default-executor-1] INFO  server.RaftServer$Division (RaftServerImpl.java:requestVote(1046)) - 270b4571-6830-404f-969d-140ad9dcfc29@group-7B4FBFA5AF04: receive requestVote(ELECTION, 85323f18-cee6-4044-8995-00f3d4f90ee3, group-7B4FBFA5AF04, 3, (t:0, i:0))
2021-11-25 02:28:13,637 [grpc-default-executor-1] INFO  impl.VoteContext (VoteContext.java:log(48)) - 270b4571-6830-404f-969d-140ad9dcfc29@group-7B4FBFA5AF04-FOLLOWER: reject ELECTION from 85323f18-cee6-4044-8995-00f3d4f90ee3: already has voted for e244018c-c6e8-4e9d-8a67-72ce71f64a2e at current term 3
2021-11-25 02:28:13,638 [grpc-default-executor-1] INFO  server.RaftServer$Division (RaftServerImpl.java:requestVote(1078)) - 270b4571-6830-404f-969d-140ad9dcfc29@group-7B4FBFA5AF04 replies to ELECTION vote request: 85323f18-cee6-4044-8995-00f3d4f90ee3<-270b4571-6830-404f-969d-140ad9dcfc29#0:FAIL-t3. Peer's state: 270b4571-6830-404f-969d-140ad9dcfc29@group-7B4FBFA5AF04:t3, leader=null, voted=e244018c-c6e8-4e9d-8a67-72ce71f64a2e, raftlog=270b4571-6830-404f-969d-140ad9dcfc29@group-7B4FBFA5AF04-SegmentedRaftLog:OPENED:c-1, conf=-1: [270b4571-6830-404f-969d-140ad9dcfc29|rpc:10.1.0.13:46697|dataStream:|priority:0, 85323f18-cee6-4044-8995-00f3d4f90ee3|rpc:10.1.0.13:44439|dataStream:|priority:1, e244018c-c6e8-4e9d-8a67-72ce71f64a2e|rpc:10.1.0.13:35819|dataStream:|priority:0], old=null
2021-11-25 02:28:13,711 [grpc-default-executor-1] INFO  server.RaftServer$Division (RaftServerImpl.java:requestVote(1046)) - e244018c-c6e8-4e9d-8a67-72ce71f64a2e@group-7B4FBFA5AF04: receive requestVote(ELECTION, 85323f18-cee6-4044-8995-00f3d4f90ee3, group-7B4FBFA5AF04, 3, (t:0, i:0))
2021-11-25 02:28:13,711 [grpc-default-executor-1] INFO  impl.VoteContext (VoteContext.java:log(48)) - e244018c-c6e8-4e9d-8a67-72ce71f64a2e@group-7B4FBFA5AF04-FOLLOWER: reject ELECTION from 85323f18-cee6-4044-8995-00f3d4f90ee3: already has voted for e244018c-c6e8-4e9d-8a67-72ce71f64a2e at current term 3
2021-11-25 02:28:13,712 [grpc-default-executor-1] INFO  server.RaftServer$Division (RaftServerImpl.java:requestVote(1078)) - e244018c-c6e8-4e9d-8a67-72ce71f64a2e@group-7B4FBFA5AF04 replies to ELECTION vote request: 85323f18-cee6-4044-8995-00f3d4f90ee3<-e244018c-c6e8-4e9d-8a67-72ce71f64a2e#0:FAIL-t3. Peer's state: e244018c-c6e8-4e9d-8a67-72ce71f64a2e@group-7B4FBFA5AF04:t3, leader=null, voted=e244018c-c6e8-4e9d-8a67-72ce71f64a2e, raftlog=e244018c-c6e8-4e9d-8a67-72ce71f64a2e@group-7B4FBFA5AF04-SegmentedRaftLog:OPENED:c-1, conf=-1: [270b4571-6830-404f-969d-140ad9dcfc29|rpc:10.1.0.13:46697|priority:0, 85323f18-cee6-4044-8995-00f3d4f90ee3|rpc:10.1.0.13:44439|priority:1, e244018c-c6e8-4e9d-8a67-72ce71f64a2e|rpc:10.1.0.13:35819|priority:0], old=null
2021-11-25 02:28:13,715 [85323f18-cee6-4044-8995-00f3d4f90ee3@group-7B4FBFA5AF04-LeaderElection52] INFO  impl.LeaderElection (LeaderElection.java:logAndReturn(89)) - 85323f18-cee6-4044-8995-00f3d4f90ee3@group-7B4FBFA5AF04-LeaderElection52: ELECTION REJECTED received 2 response(s) and 0 exception(s):
2021-11-25 02:28:13,715 [85323f18-cee6-4044-8995-00f3d4f90ee3@group-7B4FBFA5AF04-LeaderElection52] INFO  impl.LeaderElection (LeaderElection.java:logAndReturn(93)) -   Response 0: 85323f18-cee6-4044-8995-00f3d4f90ee3<-270b4571-6830-404f-969d-140ad9dcfc29#0:FAIL-t3
2021-11-25 02:28:13,715 [85323f18-cee6-4044-8995-00f3d4f90ee3@group-7B4FBFA5AF04-LeaderElection52] INFO  impl.LeaderElection (LeaderElection.java:logAndReturn(93)) -   Response 1: 85323f18-cee6-4044-8995-00f3d4f90ee3<-e244018c-c6e8-4e9d-8a67-72ce71f64a2e#0:FAIL-t3
2021-11-25 02:28:13,715 [85323f18-cee6-4044-8995-00f3d4f90ee3@group-7B4FBFA5AF04-LeaderElection52] INFO  impl.LeaderElection (LeaderElection.java:askForVotes(308)) - 85323f18-cee6-4044-8995-00f3d4f90ee3@group-7B4FBFA5AF04-LeaderElection52 ELECTION round 0: result REJECTED
2021-11-25 02:28:13,715 [85323f18-cee6-4044-8995-00f3d4f90ee3@group-7B4FBFA5AF04-LeaderElection52] INFO  server.RaftServer$Division (RaftServerImpl.java:setRole(290)) - 85323f18-cee6-4044-8995-00f3d4f90ee3@group-7B4FBFA5AF04: changes role from CANDIDATE to FOLLOWER at term 3 for REJECTED
2021-11-25 02:28:13,715 [85323f18-cee6-4044-8995-00f3d4f90ee3@group-7B4FBFA5AF04-LeaderElection52] INFO  impl.RoleInfo (RoleInfo.java:shutdownLeaderElection(121)) - 85323f18-cee6-4044-8995-00f3d4f90ee3: shutdown 85323f18-cee6-4044-8995-00f3d4f90ee3@group-7B4FBFA5AF04-LeaderElection52
2021-11-25 02:28:13,715 [85323f18-cee6-4044-8995-00f3d4f90ee3@group-7B4FBFA5AF04-LeaderElection52] INFO  impl.RoleInfo (RoleInfo.java:updateAndGet(130)) - 85323f18-cee6-4044-8995-00f3d4f90ee3: start 85323f18-cee6-4044-8995-00f3d4f90ee3@group-7B4FBFA5AF04-FollowerState
2021-11-25 02:28:14,260 [Listener at 127.0.0.1/44827] INFO  ozone.MiniOzoneClusterImpl (MiniOzoneClusterImpl.java:lambda$waitForClusterToBeReady$0(235)) - Nodes are ready. Got 9 of 9 DN Heartbeats.
2021-11-25 02:28:14,260 [Listener at 127.0.0.1/44827] INFO  ozone.MiniOzoneClusterImpl (MiniOzoneClusterImpl.java:lambda$waitForClusterToBeReady$0(238)) - Waiting for cluster to exit safe mode
2021-11-25 02:28:14,260 [Listener at 127.0.0.1/44827] INFO  ozone.MiniOzoneClusterImpl (MiniOzoneClusterImpl.java:lambda$waitForClusterToBeReady$0(240)) - SCM became leader
2021-11-25 02:28:14,443 [a8a586c2-f99e-4cfe-9d52-03ddcdbedb28@group-8550D68C7491-FollowerState] INFO  impl.FollowerState (FollowerState.java:run(134)) - a8a586c2-f99e-4cfe-9d52-03ddcdbedb28@group-8550D68C7491-FollowerState: change to CANDIDATE, lastRpcElapsedTime:5051221034ns, electionTimeout:5034ms
2021-11-25 02:28:14,444 [a8a586c2-f99e-4cfe-9d52-03ddcdbedb28@group-8550D68C7491-FollowerState] INFO  impl.RoleInfo (RoleInfo.java:shutdownFollowerState(108)) - a8a586c2-f99e-4cfe-9d52-03ddcdbedb28: shutdown a8a586c2-f99e-4cfe-9d52-03ddcdbedb28@group-8550D68C7491-FollowerState
2021-11-25 02:28:14,444 [a8a586c2-f99e-4cfe-9d52-03ddcdbedb28@group-8550D68C7491-FollowerState] INFO  server.RaftServer$Division (RaftServerImpl.java:setRole(290)) - a8a586c2-f99e-4cfe-9d52-03ddcdbedb28@group-8550D68C7491: changes role from  FOLLOWER to CANDIDATE at term 3 for changeToCandidate
2021-11-25 02:28:14,444 [a8a586c2-f99e-4cfe-9d52-03ddcdbedb28@group-8550D68C7491-FollowerState] INFO  server.RaftServerConfigKeys (ConfUtils.java:logGet(44)) - raft.server.leaderelection.pre-vote = false (custom)
2021-11-25 02:28:14,444 [a8a586c2-f99e-4cfe-9d52-03ddcdbedb28@group-8550D68C7491-FollowerState] INFO  impl.RoleInfo (RoleInfo.java:updateAndGet(130)) - a8a586c2-f99e-4cfe-9d52-03ddcdbedb28: start a8a586c2-f99e-4cfe-9d52-03ddcdbedb28@group-8550D68C7491-LeaderElection53
2021-11-25 02:28:14,446 [a8a586c2-f99e-4cfe-9d52-03ddcdbedb28@group-8550D68C7491-LeaderElection53] INFO  impl.LeaderElection (LeaderElection.java:askForVotes(306)) - a8a586c2-f99e-4cfe-9d52-03ddcdbedb28@group-8550D68C7491-LeaderElection53 ELECTION round 0: submit vote requests at term 4 for -1: [e8e4a09d-b55f-46fb-afd1-8638ca612560|rpc:10.1.0.13:42859|dataStream:|priority:1, 7b8694ed-f626-45d7-ad92-ba79cd2bf69c|rpc:10.1.0.13:33171|dataStream:|priority:0, a8a586c2-f99e-4cfe-9d52-03ddcdbedb28|rpc:10.1.0.13:36737|dataStream:|priority:0], old=null
2021-11-25 02:28:14,449 [grpc-default-executor-1] INFO  server.RaftServer$Division (RaftServerImpl.java:requestVote(1046)) - e8e4a09d-b55f-46fb-afd1-8638ca612560@group-8550D68C7491: receive requestVote(ELECTION, a8a586c2-f99e-4cfe-9d52-03ddcdbedb28, group-8550D68C7491, 4, (t:0, i:0))
2021-11-25 02:28:14,450 [grpc-default-executor-1] INFO  impl.VoteContext (VoteContext.java:log(48)) - e8e4a09d-b55f-46fb-afd1-8638ca612560@group-8550D68C7491-FOLLOWER: reject ELECTION from a8a586c2-f99e-4cfe-9d52-03ddcdbedb28: our priority 1 > candidate's priority 0
2021-11-25 02:28:14,450 [grpc-default-executor-1] INFO  server.RaftServer$Division (RaftServerImpl.java:setRole(290)) - e8e4a09d-b55f-46fb-afd1-8638ca612560@group-8550D68C7491: changes role from  FOLLOWER to FOLLOWER at term 4 for candidate:a8a586c2-f99e-4cfe-9d52-03ddcdbedb28
2021-11-25 02:28:14,450 [grpc-default-executor-1] INFO  impl.RoleInfo (RoleInfo.java:shutdownFollowerState(108)) - e8e4a09d-b55f-46fb-afd1-8638ca612560: shutdown e8e4a09d-b55f-46fb-afd1-8638ca612560@group-8550D68C7491-FollowerState
2021-11-25 02:28:14,459 [grpc-default-executor-3] INFO  server.RaftServer$Division (RaftServerImpl.java:requestVote(1046)) - 7b8694ed-f626-45d7-ad92-ba79cd2bf69c@group-8550D68C7491: receive requestVote(ELECTION, a8a586c2-f99e-4cfe-9d52-03ddcdbedb28, group-8550D68C7491, 4, (t:0, i:0))
2021-11-25 02:28:14,459 [grpc-default-executor-3] INFO  impl.VoteContext (VoteContext.java:log(48)) - 7b8694ed-f626-45d7-ad92-ba79cd2bf69c@group-8550D68C7491-FOLLOWER: accept ELECTION from a8a586c2-f99e-4cfe-9d52-03ddcdbedb28: our priority 0 <= candidate's priority 0
2021-11-25 02:28:14,459 [grpc-default-executor-3] INFO  server.RaftServer$Division (RaftServerImpl.java:setRole(290)) - 7b8694ed-f626-45d7-ad92-ba79cd2bf69c@group-8550D68C7491: changes role from  FOLLOWER to FOLLOWER at term 4 for candidate:a8a586c2-f99e-4cfe-9d52-03ddcdbedb28
2021-11-25 02:28:14,459 [grpc-default-executor-3] INFO  impl.RoleInfo (RoleInfo.java:shutdownFollowerState(108)) - 7b8694ed-f626-45d7-ad92-ba79cd2bf69c: shutdown 7b8694ed-f626-45d7-ad92-ba79cd2bf69c@group-8550D68C7491-FollowerState
2021-11-25 02:28:14,459 [grpc-default-executor-3] INFO  impl.RoleInfo (RoleInfo.java:updateAndGet(130)) - 7b8694ed-f626-45d7-ad92-ba79cd2bf69c: start 7b8694ed-f626-45d7-ad92-ba79cd2bf69c@group-8550D68C7491-FollowerState
2021-11-25 02:28:14,459 [7b8694ed-f626-45d7-ad92-ba79cd2bf69c@group-8550D68C7491-FollowerState] INFO  impl.FollowerState (FollowerState.java:run(143)) - 7b8694ed-f626-45d7-ad92-ba79cd2bf69c@group-8550D68C7491-FollowerState was interrupted: {}
java.lang.InterruptedException: sleep interrupted
	at java.lang.Thread.sleep(Native Method)
	at java.lang.Thread.sleep(Thread.java:340)
	at java.util.concurrent.TimeUnit.sleep(TimeUnit.java:386)
	at org.apache.ratis.util.TimeDuration.sleep(TimeDuration.java:324)
	at org.apache.ratis.util.TimeDuration.sleep(TimeDuration.java:309)
	at org.apache.ratis.server.impl.FollowerState.run(FollowerState.java:118)
2021-11-25 02:28:14,467 [grpc-default-executor-1] INFO  impl.RoleInfo (RoleInfo.java:updateAndGet(130)) - e8e4a09d-b55f-46fb-afd1-8638ca612560: start e8e4a09d-b55f-46fb-afd1-8638ca612560@group-8550D68C7491-FollowerState
2021-11-25 02:28:14,467 [e8e4a09d-b55f-46fb-afd1-8638ca612560@group-8550D68C7491-FollowerState] INFO  impl.FollowerState (FollowerState.java:run(143)) - e8e4a09d-b55f-46fb-afd1-8638ca612560@group-8550D68C7491-FollowerState was interrupted: {}
java.lang.InterruptedException: sleep interrupted
	at java.lang.Thread.sleep(Native Method)
	at java.lang.Thread.sleep(Thread.java:340)
	at java.util.concurrent.TimeUnit.sleep(TimeUnit.java:386)
	at org.apache.ratis.util.TimeDuration.sleep(TimeDuration.java:324)
	at org.apache.ratis.util.TimeDuration.sleep(TimeDuration.java:309)
	at org.apache.ratis.server.impl.FollowerState.run(FollowerState.java:118)
2021-11-25 02:28:14,467 [grpc-default-executor-3] INFO  server.RaftServer$Division (RaftServerImpl.java:requestVote(1078)) - 7b8694ed-f626-45d7-ad92-ba79cd2bf69c@group-8550D68C7491 replies to ELECTION vote request: a8a586c2-f99e-4cfe-9d52-03ddcdbedb28<-7b8694ed-f626-45d7-ad92-ba79cd2bf69c#0:OK-t4. Peer's state: 7b8694ed-f626-45d7-ad92-ba79cd2bf69c@group-8550D68C7491:t4, leader=null, voted=a8a586c2-f99e-4cfe-9d52-03ddcdbedb28, raftlog=7b8694ed-f626-45d7-ad92-ba79cd2bf69c@group-8550D68C7491-SegmentedRaftLog:OPENED:c-1, conf=-1: [e8e4a09d-b55f-46fb-afd1-8638ca612560|rpc:10.1.0.13:42859|priority:1, 7b8694ed-f626-45d7-ad92-ba79cd2bf69c|rpc:10.1.0.13:33171|priority:0, a8a586c2-f99e-4cfe-9d52-03ddcdbedb28|rpc:10.1.0.13:36737|priority:0], old=null
2021-11-25 02:28:14,507 [grpc-default-executor-1] INFO  server.RaftServer$Division (RaftServerImpl.java:requestVote(1078)) - e8e4a09d-b55f-46fb-afd1-8638ca612560@group-8550D68C7491 replies to ELECTION vote request: a8a586c2-f99e-4cfe-9d52-03ddcdbedb28<-e8e4a09d-b55f-46fb-afd1-8638ca612560#0:FAIL-t4. Peer's state: e8e4a09d-b55f-46fb-afd1-8638ca612560@group-8550D68C7491:t4, leader=null, voted=null, raftlog=e8e4a09d-b55f-46fb-afd1-8638ca612560@group-8550D68C7491-SegmentedRaftLog:OPENED:c-1, conf=-1: [e8e4a09d-b55f-46fb-afd1-8638ca612560|rpc:10.1.0.13:42859|dataStream:|priority:1, 7b8694ed-f626-45d7-ad92-ba79cd2bf69c|rpc:10.1.0.13:33171|dataStream:|priority:0, a8a586c2-f99e-4cfe-9d52-03ddcdbedb28|rpc:10.1.0.13:36737|dataStream:|priority:0], old=null
2021-11-25 02:28:14,508 [a8a586c2-f99e-4cfe-9d52-03ddcdbedb28@group-8550D68C7491-LeaderElection53] INFO  impl.LeaderElection (LeaderElection.java:logAndReturn(89)) - a8a586c2-f99e-4cfe-9d52-03ddcdbedb28@group-8550D68C7491-LeaderElection53: ELECTION REJECTED received 2 response(s) and 0 exception(s):
2021-11-25 02:28:14,508 [a8a586c2-f99e-4cfe-9d52-03ddcdbedb28@group-8550D68C7491-LeaderElection53] INFO  impl.LeaderElection (LeaderElection.java:logAndReturn(93)) -   Response 0: a8a586c2-f99e-4cfe-9d52-03ddcdbedb28<-e8e4a09d-b55f-46fb-afd1-8638ca612560#0:FAIL-t4
2021-11-25 02:28:14,508 [a8a586c2-f99e-4cfe-9d52-03ddcdbedb28@group-8550D68C7491-LeaderElection53] INFO  impl.LeaderElection (LeaderElection.java:logAndReturn(93)) -   Response 1: a8a586c2-f99e-4cfe-9d52-03ddcdbedb28<-7b8694ed-f626-45d7-ad92-ba79cd2bf69c#0:OK-t4
2021-11-25 02:28:14,508 [a8a586c2-f99e-4cfe-9d52-03ddcdbedb28@group-8550D68C7491-LeaderElection53] INFO  impl.LeaderElection (LeaderElection.java:askForVotes(308)) - a8a586c2-f99e-4cfe-9d52-03ddcdbedb28@group-8550D68C7491-LeaderElection53 ELECTION round 0: result REJECTED
2021-11-25 02:28:14,508 [a8a586c2-f99e-4cfe-9d52-03ddcdbedb28@group-8550D68C7491-LeaderElection53] INFO  server.RaftServer$Division (RaftServerImpl.java:setRole(290)) - a8a586c2-f99e-4cfe-9d52-03ddcdbedb28@group-8550D68C7491: changes role from CANDIDATE to FOLLOWER at term 4 for REJECTED
2021-11-25 02:28:14,508 [a8a586c2-f99e-4cfe-9d52-03ddcdbedb28@group-8550D68C7491-LeaderElection53] INFO  impl.RoleInfo (RoleInfo.java:shutdownLeaderElection(121)) - a8a586c2-f99e-4cfe-9d52-03ddcdbedb28: shutdown a8a586c2-f99e-4cfe-9d52-03ddcdbedb28@group-8550D68C7491-LeaderElection53
2021-11-25 02:28:14,509 [a8a586c2-f99e-4cfe-9d52-03ddcdbedb28@group-8550D68C7491-LeaderElection53] INFO  impl.RoleInfo (RoleInfo.java:updateAndGet(130)) - a8a586c2-f99e-4cfe-9d52-03ddcdbedb28: start a8a586c2-f99e-4cfe-9d52-03ddcdbedb28@group-8550D68C7491-FollowerState
2021-11-25 02:28:15,260 [Listener at 127.0.0.1/44827] INFO  ozone.MiniOzoneClusterImpl (MiniOzoneClusterImpl.java:lambda$waitForClusterToBeReady$0(235)) - Nodes are ready. Got 9 of 9 DN Heartbeats.
2021-11-25 02:28:15,261 [Listener at 127.0.0.1/44827] INFO  ozone.MiniOzoneClusterImpl (MiniOzoneClusterImpl.java:lambda$waitForClusterToBeReady$0(238)) - Waiting for cluster to exit safe mode
2021-11-25 02:28:15,261 [Listener at 127.0.0.1/44827] INFO  ozone.MiniOzoneClusterImpl (MiniOzoneClusterImpl.java:lambda$waitForClusterToBeReady$0(240)) - SCM became leader
2021-11-25 02:28:16,261 [Listener at 127.0.0.1/44827] INFO  ozone.MiniOzoneClusterImpl (MiniOzoneClusterImpl.java:lambda$waitForClusterToBeReady$0(235)) - Nodes are ready. Got 9 of 9 DN Heartbeats.
2021-11-25 02:28:16,261 [Listener at 127.0.0.1/44827] INFO  ozone.MiniOzoneClusterImpl (MiniOzoneClusterImpl.java:lambda$waitForClusterToBeReady$0(238)) - Waiting for cluster to exit safe mode
2021-11-25 02:28:16,261 [Listener at 127.0.0.1/44827] INFO  ozone.MiniOzoneClusterImpl (MiniOzoneClusterImpl.java:lambda$waitForClusterToBeReady$0(240)) - SCM became leader
2021-11-25 02:28:16,597 [36951ec6-8ca2-46f2-ac0d-c1eb1dc0de60@group-58D710EC61B9-FollowerState] INFO  impl.FollowerState (FollowerState.java:run(134)) - 36951ec6-8ca2-46f2-ac0d-c1eb1dc0de60@group-58D710EC61B9-FollowerState: change to CANDIDATE, lastRpcElapsedTime:5047565691ns, electionTimeout:5025ms
2021-11-25 02:28:16,597 [36951ec6-8ca2-46f2-ac0d-c1eb1dc0de60@group-58D710EC61B9-FollowerState] INFO  impl.RoleInfo (RoleInfo.java:shutdownFollowerState(108)) - 36951ec6-8ca2-46f2-ac0d-c1eb1dc0de60: shutdown 36951ec6-8ca2-46f2-ac0d-c1eb1dc0de60@group-58D710EC61B9-FollowerState
2021-11-25 02:28:16,597 [36951ec6-8ca2-46f2-ac0d-c1eb1dc0de60@group-58D710EC61B9-FollowerState] INFO  server.RaftServer$Division (RaftServerImpl.java:setRole(290)) - 36951ec6-8ca2-46f2-ac0d-c1eb1dc0de60@group-58D710EC61B9: changes role from  FOLLOWER to CANDIDATE at term 3 for changeToCandidate
2021-11-25 02:28:16,597 [36951ec6-8ca2-46f2-ac0d-c1eb1dc0de60@group-58D710EC61B9-FollowerState] INFO  server.RaftServerConfigKeys (ConfUtils.java:logGet(44)) - raft.server.leaderelection.pre-vote = false (custom)
2021-11-25 02:28:16,597 [36951ec6-8ca2-46f2-ac0d-c1eb1dc0de60@group-58D710EC61B9-FollowerState] INFO  impl.RoleInfo (RoleInfo.java:updateAndGet(130)) - 36951ec6-8ca2-46f2-ac0d-c1eb1dc0de60: start 36951ec6-8ca2-46f2-ac0d-c1eb1dc0de60@group-58D710EC61B9-LeaderElection54
2021-11-25 02:28:16,633 [36951ec6-8ca2-46f2-ac0d-c1eb1dc0de60@group-58D710EC61B9-LeaderElection54] INFO  impl.LeaderElection (LeaderElection.java:askForVotes(306)) - 36951ec6-8ca2-46f2-ac0d-c1eb1dc0de60@group-58D710EC61B9-LeaderElection54 ELECTION round 0: submit vote requests at term 4 for -1: [afe6738c-795d-4ad9-911f-77efc98b0ab7|rpc:10.1.0.13:38867|priority:1, 36951ec6-8ca2-46f2-ac0d-c1eb1dc0de60|rpc:10.1.0.13:41073|priority:0, a77dd090-2963-4745-95fa-35573f312ffb|rpc:10.1.0.13:36541|priority:0], old=null
2021-11-25 02:28:16,648 [grpc-default-executor-1] INFO  server.RaftServer$Division (RaftServerImpl.java:requestVote(1046)) - afe6738c-795d-4ad9-911f-77efc98b0ab7@group-58D710EC61B9: receive requestVote(ELECTION, 36951ec6-8ca2-46f2-ac0d-c1eb1dc0de60, group-58D710EC61B9, 4, (t:0, i:0))
2021-11-25 02:28:16,648 [grpc-default-executor-1] INFO  impl.VoteContext (VoteContext.java:log(48)) - afe6738c-795d-4ad9-911f-77efc98b0ab7@group-58D710EC61B9-FOLLOWER: reject ELECTION from 36951ec6-8ca2-46f2-ac0d-c1eb1dc0de60: our priority 1 > candidate's priority 0
2021-11-25 02:28:16,648 [grpc-default-executor-1] INFO  server.RaftServer$Division (RaftServerImpl.java:setRole(290)) - afe6738c-795d-4ad9-911f-77efc98b0ab7@group-58D710EC61B9: changes role from  FOLLOWER to FOLLOWER at term 4 for candidate:36951ec6-8ca2-46f2-ac0d-c1eb1dc0de60
2021-11-25 02:28:16,648 [grpc-default-executor-1] INFO  impl.RoleInfo (RoleInfo.java:shutdownFollowerState(108)) - afe6738c-795d-4ad9-911f-77efc98b0ab7: shutdown afe6738c-795d-4ad9-911f-77efc98b0ab7@group-58D710EC61B9-FollowerState
2021-11-25 02:28:16,658 [grpc-default-executor-1] INFO  impl.RoleInfo (RoleInfo.java:updateAndGet(130)) - afe6738c-795d-4ad9-911f-77efc98b0ab7: start afe6738c-795d-4ad9-911f-77efc98b0ab7@group-58D710EC61B9-FollowerState
2021-11-25 02:28:16,658 [afe6738c-795d-4ad9-911f-77efc98b0ab7@group-58D710EC61B9-FollowerState] INFO  impl.FollowerState (FollowerState.java:run(143)) - afe6738c-795d-4ad9-911f-77efc98b0ab7@group-58D710EC61B9-FollowerState was interrupted: {}
java.lang.InterruptedException: sleep interrupted
	at java.lang.Thread.sleep(Native Method)
	at java.lang.Thread.sleep(Thread.java:340)
	at java.util.concurrent.TimeUnit.sleep(TimeUnit.java:386)
	at org.apache.ratis.util.TimeDuration.sleep(TimeDuration.java:324)
	at org.apache.ratis.util.TimeDuration.sleep(TimeDuration.java:309)
	at org.apache.ratis.server.impl.FollowerState.run(FollowerState.java:118)
2021-11-25 02:28:16,663 [grpc-default-executor-1] INFO  server.RaftServer$Division (RaftServerImpl.java:requestVote(1078)) - afe6738c-795d-4ad9-911f-77efc98b0ab7@group-58D710EC61B9 replies to ELECTION vote request: 36951ec6-8ca2-46f2-ac0d-c1eb1dc0de60<-afe6738c-795d-4ad9-911f-77efc98b0ab7#0:FAIL-t4. Peer's state: afe6738c-795d-4ad9-911f-77efc98b0ab7@group-58D710EC61B9:t4, leader=null, voted=null, raftlog=afe6738c-795d-4ad9-911f-77efc98b0ab7@group-58D710EC61B9-SegmentedRaftLog:OPENED:c-1, conf=-1: [afe6738c-795d-4ad9-911f-77efc98b0ab7|rpc:10.1.0.13:38867|dataStream:|priority:1, 36951ec6-8ca2-46f2-ac0d-c1eb1dc0de60|rpc:10.1.0.13:41073|dataStream:|priority:0, a77dd090-2963-4745-95fa-35573f312ffb|rpc:10.1.0.13:36541|dataStream:|priority:0], old=null
2021-11-25 02:28:16,664 [36951ec6-8ca2-46f2-ac0d-c1eb1dc0de60@group-58D710EC61B9-LeaderElection54] INFO  impl.LeaderElection (LeaderElection.java:logAndReturn(89)) - 36951ec6-8ca2-46f2-ac0d-c1eb1dc0de60@group-58D710EC61B9-LeaderElection54: ELECTION REJECTED received 1 response(s) and 0 exception(s):
2021-11-25 02:28:16,664 [36951ec6-8ca2-46f2-ac0d-c1eb1dc0de60@group-58D710EC61B9-LeaderElection54] INFO  impl.LeaderElection (LeaderElection.java:logAndReturn(93)) -   Response 0: 36951ec6-8ca2-46f2-ac0d-c1eb1dc0de60<-afe6738c-795d-4ad9-911f-77efc98b0ab7#0:FAIL-t4
2021-11-25 02:28:16,664 [36951ec6-8ca2-46f2-ac0d-c1eb1dc0de60@group-58D710EC61B9-LeaderElection54] INFO  impl.LeaderElection (LeaderElection.java:askForVotes(308)) - 36951ec6-8ca2-46f2-ac0d-c1eb1dc0de60@group-58D710EC61B9-LeaderElection54 ELECTION round 0: result REJECTED
2021-11-25 02:28:16,665 [36951ec6-8ca2-46f2-ac0d-c1eb1dc0de60@group-58D710EC61B9-LeaderElection54] INFO  server.RaftServer$Division (RaftServerImpl.java:setRole(290)) - 36951ec6-8ca2-46f2-ac0d-c1eb1dc0de60@group-58D710EC61B9: changes role from CANDIDATE to FOLLOWER at term 4 for REJECTED
2021-11-25 02:28:16,665 [36951ec6-8ca2-46f2-ac0d-c1eb1dc0de60@group-58D710EC61B9-LeaderElection54] INFO  impl.RoleInfo (RoleInfo.java:shutdownLeaderElection(121)) - 36951ec6-8ca2-46f2-ac0d-c1eb1dc0de60: shutdown 36951ec6-8ca2-46f2-ac0d-c1eb1dc0de60@group-58D710EC61B9-LeaderElection54
2021-11-25 02:28:16,665 [36951ec6-8ca2-46f2-ac0d-c1eb1dc0de60@group-58D710EC61B9-LeaderElection54] INFO  impl.RoleInfo (RoleInfo.java:updateAndGet(130)) - 36951ec6-8ca2-46f2-ac0d-c1eb1dc0de60: start 36951ec6-8ca2-46f2-ac0d-c1eb1dc0de60@group-58D710EC61B9-FollowerState
2021-11-25 02:28:16,665 [grpc-default-executor-1] INFO  server.RaftServer$Division (RaftServerImpl.java:requestVote(1046)) - a77dd090-2963-4745-95fa-35573f312ffb@group-58D710EC61B9: receive requestVote(ELECTION, 36951ec6-8ca2-46f2-ac0d-c1eb1dc0de60, group-58D710EC61B9, 4, (t:0, i:0))
2021-11-25 02:28:16,665 [grpc-default-executor-1] INFO  impl.VoteContext (VoteContext.java:log(48)) - a77dd090-2963-4745-95fa-35573f312ffb@group-58D710EC61B9-FOLLOWER: accept ELECTION from 36951ec6-8ca2-46f2-ac0d-c1eb1dc0de60: our priority 0 <= candidate's priority 0
2021-11-25 02:28:16,665 [grpc-default-executor-1] INFO  server.RaftServer$Division (RaftServerImpl.java:setRole(290)) - a77dd090-2963-4745-95fa-35573f312ffb@group-58D710EC61B9: changes role from  FOLLOWER to FOLLOWER at term 4 for candidate:36951ec6-8ca2-46f2-ac0d-c1eb1dc0de60
2021-11-25 02:28:16,665 [grpc-default-executor-1] INFO  impl.RoleInfo (RoleInfo.java:shutdownFollowerState(108)) - a77dd090-2963-4745-95fa-35573f312ffb: shutdown a77dd090-2963-4745-95fa-35573f312ffb@group-58D710EC61B9-FollowerState
2021-11-25 02:28:16,677 [grpc-default-executor-1] INFO  impl.RoleInfo (RoleInfo.java:updateAndGet(130)) - a77dd090-2963-4745-95fa-35573f312ffb: start a77dd090-2963-4745-95fa-35573f312ffb@group-58D710EC61B9-FollowerState
2021-11-25 02:28:16,677 [a77dd090-2963-4745-95fa-35573f312ffb@group-58D710EC61B9-FollowerState] INFO  impl.FollowerState (FollowerState.java:run(143)) - a77dd090-2963-4745-95fa-35573f312ffb@group-58D710EC61B9-FollowerState was interrupted: {}
java.lang.InterruptedException: sleep interrupted
	at java.lang.Thread.sleep(Native Method)
	at java.lang.Thread.sleep(Thread.java:340)
	at java.util.concurrent.TimeUnit.sleep(TimeUnit.java:386)
	at org.apache.ratis.util.TimeDuration.sleep(TimeDuration.java:324)
	at org.apache.ratis.util.TimeDuration.sleep(TimeDuration.java:309)
	at org.apache.ratis.server.impl.FollowerState.run(FollowerState.java:118)
2021-11-25 02:28:16,686 [grpc-default-executor-1] INFO  server.RaftServer$Division (RaftServerImpl.java:requestVote(1078)) - a77dd090-2963-4745-95fa-35573f312ffb@group-58D710EC61B9 replies to ELECTION vote request: 36951ec6-8ca2-46f2-ac0d-c1eb1dc0de60<-a77dd090-2963-4745-95fa-35573f312ffb#0:OK-t4. Peer's state: a77dd090-2963-4745-95fa-35573f312ffb@group-58D710EC61B9:t4, leader=null, voted=36951ec6-8ca2-46f2-ac0d-c1eb1dc0de60, raftlog=a77dd090-2963-4745-95fa-35573f312ffb@group-58D710EC61B9-SegmentedRaftLog:OPENED:c-1, conf=-1: [afe6738c-795d-4ad9-911f-77efc98b0ab7|rpc:10.1.0.13:38867|dataStream:|priority:1, 36951ec6-8ca2-46f2-ac0d-c1eb1dc0de60|rpc:10.1.0.13:41073|dataStream:|priority:0, a77dd090-2963-4745-95fa-35573f312ffb|rpc:10.1.0.13:36541|dataStream:|priority:0], old=null
2021-11-25 02:28:17,262 [Listener at 127.0.0.1/44827] INFO  ozone.MiniOzoneClusterImpl (MiniOzoneClusterImpl.java:lambda$waitForClusterToBeReady$0(235)) - Nodes are ready. Got 9 of 9 DN Heartbeats.
2021-11-25 02:28:17,262 [Listener at 127.0.0.1/44827] INFO  ozone.MiniOzoneClusterImpl (MiniOzoneClusterImpl.java:lambda$waitForClusterToBeReady$0(238)) - Waiting for cluster to exit safe mode
2021-11-25 02:28:17,262 [Listener at 127.0.0.1/44827] INFO  ozone.MiniOzoneClusterImpl (MiniOzoneClusterImpl.java:lambda$waitForClusterToBeReady$0(240)) - SCM became leader
2021-11-25 02:28:18,262 [Listener at 127.0.0.1/44827] INFO  ozone.MiniOzoneClusterImpl (MiniOzoneClusterImpl.java:lambda$waitForClusterToBeReady$0(235)) - Nodes are ready. Got 9 of 9 DN Heartbeats.
2021-11-25 02:28:18,263 [Listener at 127.0.0.1/44827] INFO  ozone.MiniOzoneClusterImpl (MiniOzoneClusterImpl.java:lambda$waitForClusterToBeReady$0(238)) - Waiting for cluster to exit safe mode
2021-11-25 02:28:18,263 [Listener at 127.0.0.1/44827] INFO  ozone.MiniOzoneClusterImpl (MiniOzoneClusterImpl.java:lambda$waitForClusterToBeReady$0(240)) - SCM became leader
2021-11-25 02:28:18,862 [85323f18-cee6-4044-8995-00f3d4f90ee3@group-7B4FBFA5AF04-FollowerState] INFO  impl.FollowerState (FollowerState.java:run(134)) - 85323f18-cee6-4044-8995-00f3d4f90ee3@group-7B4FBFA5AF04-FollowerState: change to CANDIDATE, lastRpcElapsedTime:5146866459ns, electionTimeout:5134ms
2021-11-25 02:28:18,862 [85323f18-cee6-4044-8995-00f3d4f90ee3@group-7B4FBFA5AF04-FollowerState] INFO  impl.RoleInfo (RoleInfo.java:shutdownFollowerState(108)) - 85323f18-cee6-4044-8995-00f3d4f90ee3: shutdown 85323f18-cee6-4044-8995-00f3d4f90ee3@group-7B4FBFA5AF04-FollowerState
2021-11-25 02:28:18,862 [85323f18-cee6-4044-8995-00f3d4f90ee3@group-7B4FBFA5AF04-FollowerState] INFO  server.RaftServer$Division (RaftServerImpl.java:setRole(290)) - 85323f18-cee6-4044-8995-00f3d4f90ee3@group-7B4FBFA5AF04: changes role from  FOLLOWER to CANDIDATE at term 3 for changeToCandidate
2021-11-25 02:28:18,862 [85323f18-cee6-4044-8995-00f3d4f90ee3@group-7B4FBFA5AF04-FollowerState] INFO  server.RaftServerConfigKeys (ConfUtils.java:logGet(44)) - raft.server.leaderelection.pre-vote = false (custom)
2021-11-25 02:28:18,862 [85323f18-cee6-4044-8995-00f3d4f90ee3@group-7B4FBFA5AF04-FollowerState] INFO  impl.RoleInfo (RoleInfo.java:updateAndGet(130)) - 85323f18-cee6-4044-8995-00f3d4f90ee3: start 85323f18-cee6-4044-8995-00f3d4f90ee3@group-7B4FBFA5AF04-LeaderElection55
2021-11-25 02:28:18,881 [85323f18-cee6-4044-8995-00f3d4f90ee3@group-7B4FBFA5AF04-LeaderElection55] INFO  impl.LeaderElection (LeaderElection.java:askForVotes(306)) - 85323f18-cee6-4044-8995-00f3d4f90ee3@group-7B4FBFA5AF04-LeaderElection55 ELECTION round 0: submit vote requests at term 4 for -1: [270b4571-6830-404f-969d-140ad9dcfc29|rpc:10.1.0.13:46697|dataStream:|priority:0, 85323f18-cee6-4044-8995-00f3d4f90ee3|rpc:10.1.0.13:44439|dataStream:|priority:1, e244018c-c6e8-4e9d-8a67-72ce71f64a2e|rpc:10.1.0.13:35819|dataStream:|priority:0], old=null
2021-11-25 02:28:18,891 [grpc-default-executor-1] INFO  server.RaftServer$Division (RaftServerImpl.java:requestVote(1046)) - 270b4571-6830-404f-969d-140ad9dcfc29@group-7B4FBFA5AF04: receive requestVote(ELECTION, 85323f18-cee6-4044-8995-00f3d4f90ee3, group-7B4FBFA5AF04, 4, (t:0, i:0))
2021-11-25 02:28:18,891 [grpc-default-executor-1] INFO  impl.VoteContext (VoteContext.java:log(48)) - 270b4571-6830-404f-969d-140ad9dcfc29@group-7B4FBFA5AF04-FOLLOWER: accept ELECTION from 85323f18-cee6-4044-8995-00f3d4f90ee3: our priority 0 <= candidate's priority 1
2021-11-25 02:28:18,891 [grpc-default-executor-1] INFO  server.RaftServer$Division (RaftServerImpl.java:setRole(290)) - 270b4571-6830-404f-969d-140ad9dcfc29@group-7B4FBFA5AF04: changes role from  FOLLOWER to FOLLOWER at term 4 for candidate:85323f18-cee6-4044-8995-00f3d4f90ee3
2021-11-25 02:28:18,892 [grpc-default-executor-1] INFO  impl.RoleInfo (RoleInfo.java:shutdownFollowerState(108)) - 270b4571-6830-404f-969d-140ad9dcfc29: shutdown 270b4571-6830-404f-969d-140ad9dcfc29@group-7B4FBFA5AF04-FollowerState
2021-11-25 02:28:18,893 [grpc-default-executor-1] INFO  impl.RoleInfo (RoleInfo.java:updateAndGet(130)) - 270b4571-6830-404f-969d-140ad9dcfc29: start 270b4571-6830-404f-969d-140ad9dcfc29@group-7B4FBFA5AF04-FollowerState
2021-11-25 02:28:18,893 [270b4571-6830-404f-969d-140ad9dcfc29@group-7B4FBFA5AF04-FollowerState] INFO  impl.FollowerState (FollowerState.java:run(143)) - 270b4571-6830-404f-969d-140ad9dcfc29@group-7B4FBFA5AF04-FollowerState was interrupted: {}
java.lang.InterruptedException: sleep interrupted
	at java.lang.Thread.sleep(Native Method)
	at java.lang.Thread.sleep(Thread.java:340)
	at java.util.concurrent.TimeUnit.sleep(TimeUnit.java:386)
	at org.apache.ratis.util.TimeDuration.sleep(TimeDuration.java:324)
	at org.apache.ratis.util.TimeDuration.sleep(TimeDuration.java:309)
	at org.apache.ratis.server.impl.FollowerState.run(FollowerState.java:118)
2021-11-25 02:28:18,896 [grpc-default-executor-3] INFO  server.RaftServer$Division (RaftServerImpl.java:requestVote(1046)) - e244018c-c6e8-4e9d-8a67-72ce71f64a2e@group-7B4FBFA5AF04: receive requestVote(ELECTION, 85323f18-cee6-4044-8995-00f3d4f90ee3, group-7B4FBFA5AF04, 4, (t:0, i:0))
2021-11-25 02:28:18,896 [grpc-default-executor-3] INFO  impl.VoteContext (VoteContext.java:log(48)) - e244018c-c6e8-4e9d-8a67-72ce71f64a2e@group-7B4FBFA5AF04-FOLLOWER: accept ELECTION from 85323f18-cee6-4044-8995-00f3d4f90ee3: our priority 0 <= candidate's priority 1
2021-11-25 02:28:18,896 [grpc-default-executor-3] INFO  server.RaftServer$Division (RaftServerImpl.java:setRole(290)) - e244018c-c6e8-4e9d-8a67-72ce71f64a2e@group-7B4FBFA5AF04: changes role from  FOLLOWER to FOLLOWER at term 4 for candidate:85323f18-cee6-4044-8995-00f3d4f90ee3
2021-11-25 02:28:18,896 [grpc-default-executor-3] INFO  impl.RoleInfo (RoleInfo.java:shutdownFollowerState(108)) - e244018c-c6e8-4e9d-8a67-72ce71f64a2e: shutdown e244018c-c6e8-4e9d-8a67-72ce71f64a2e@group-7B4FBFA5AF04-FollowerState
2021-11-25 02:28:18,902 [grpc-default-executor-3] INFO  impl.RoleInfo (RoleInfo.java:updateAndGet(130)) - e244018c-c6e8-4e9d-8a67-72ce71f64a2e: start e244018c-c6e8-4e9d-8a67-72ce71f64a2e@group-7B4FBFA5AF04-FollowerState
2021-11-25 02:28:18,904 [grpc-default-executor-3] INFO  server.RaftServer$Division (RaftServerImpl.java:requestVote(1078)) - e244018c-c6e8-4e9d-8a67-72ce71f64a2e@group-7B4FBFA5AF04 replies to ELECTION vote request: 85323f18-cee6-4044-8995-00f3d4f90ee3<-e244018c-c6e8-4e9d-8a67-72ce71f64a2e#0:OK-t4. Peer's state: e244018c-c6e8-4e9d-8a67-72ce71f64a2e@group-7B4FBFA5AF04:t4, leader=null, voted=85323f18-cee6-4044-8995-00f3d4f90ee3, raftlog=e244018c-c6e8-4e9d-8a67-72ce71f64a2e@group-7B4FBFA5AF04-SegmentedRaftLog:OPENED:c-1, conf=-1: [270b4571-6830-404f-969d-140ad9dcfc29|rpc:10.1.0.13:46697|priority:0, 85323f18-cee6-4044-8995-00f3d4f90ee3|rpc:10.1.0.13:44439|priority:1, e244018c-c6e8-4e9d-8a67-72ce71f64a2e|rpc:10.1.0.13:35819|priority:0], old=null
2021-11-25 02:28:18,904 [grpc-default-executor-1] INFO  server.RaftServer$Division (RaftServerImpl.java:requestVote(1078)) - 270b4571-6830-404f-969d-140ad9dcfc29@group-7B4FBFA5AF04 replies to ELECTION vote request: 85323f18-cee6-4044-8995-00f3d4f90ee3<-270b4571-6830-404f-969d-140ad9dcfc29#0:OK-t4. Peer's state: 270b4571-6830-404f-969d-140ad9dcfc29@group-7B4FBFA5AF04:t4, leader=null, voted=85323f18-cee6-4044-8995-00f3d4f90ee3, raftlog=270b4571-6830-404f-969d-140ad9dcfc29@group-7B4FBFA5AF04-SegmentedRaftLog:OPENED:c-1, conf=-1: [270b4571-6830-404f-969d-140ad9dcfc29|rpc:10.1.0.13:46697|dataStream:|priority:0, 85323f18-cee6-4044-8995-00f3d4f90ee3|rpc:10.1.0.13:44439|dataStream:|priority:1, e244018c-c6e8-4e9d-8a67-72ce71f64a2e|rpc:10.1.0.13:35819|dataStream:|priority:0], old=null
2021-11-25 02:28:18,905 [e244018c-c6e8-4e9d-8a67-72ce71f64a2e@group-7B4FBFA5AF04-FollowerState] INFO  impl.FollowerState (FollowerState.java:run(134)) - e244018c-c6e8-4e9d-8a67-72ce71f64a2e@group-7B4FBFA5AF04-FollowerState: change to CANDIDATE, lastRpcElapsedTime:5271521083ns, electionTimeout:5198ms
2021-11-25 02:28:18,905 [e244018c-c6e8-4e9d-8a67-72ce71f64a2e@group-7B4FBFA5AF04-FollowerState] INFO  impl.RoleInfo (RoleInfo.java:shutdownFollowerState(108)) - e244018c-c6e8-4e9d-8a67-72ce71f64a2e: shutdown e244018c-c6e8-4e9d-8a67-72ce71f64a2e@group-7B4FBFA5AF04-FollowerState
2021-11-25 02:28:18,905 [e244018c-c6e8-4e9d-8a67-72ce71f64a2e@group-7B4FBFA5AF04-FollowerState] INFO  server.RaftServer$Division (RaftServerImpl.java:setRole(290)) - e244018c-c6e8-4e9d-8a67-72ce71f64a2e@group-7B4FBFA5AF04: changes role from  FOLLOWER to CANDIDATE at term 4 for changeToCandidate
2021-11-25 02:28:18,905 [e244018c-c6e8-4e9d-8a67-72ce71f64a2e@group-7B4FBFA5AF04-FollowerState] INFO  server.RaftServerConfigKeys (ConfUtils.java:logGet(44)) - raft.server.leaderelection.pre-vote = false (custom)
2021-11-25 02:28:18,905 [e244018c-c6e8-4e9d-8a67-72ce71f64a2e@group-7B4FBFA5AF04-FollowerState] INFO  impl.RoleInfo (RoleInfo.java:updateAndGet(130)) - e244018c-c6e8-4e9d-8a67-72ce71f64a2e: start e244018c-c6e8-4e9d-8a67-72ce71f64a2e@group-7B4FBFA5AF04-LeaderElection56
2021-11-25 02:28:18,913 [e244018c-c6e8-4e9d-8a67-72ce71f64a2e@group-7B4FBFA5AF04-FollowerState] INFO  impl.FollowerState (FollowerState.java:run(143)) - e244018c-c6e8-4e9d-8a67-72ce71f64a2e@group-7B4FBFA5AF04-FollowerState was interrupted: {}
java.lang.InterruptedException: sleep interrupted
	at java.lang.Thread.sleep(Native Method)
	at java.lang.Thread.sleep(Thread.java:340)
	at java.util.concurrent.TimeUnit.sleep(TimeUnit.java:386)
	at org.apache.ratis.util.TimeDuration.sleep(TimeDuration.java:324)
	at org.apache.ratis.util.TimeDuration.sleep(TimeDuration.java:309)
	at org.apache.ratis.server.impl.FollowerState.run(FollowerState.java:118)
2021-11-25 02:28:18,918 [85323f18-cee6-4044-8995-00f3d4f90ee3@group-7B4FBFA5AF04-LeaderElection55] INFO  impl.LeaderElection (LeaderElection.java:logAndReturn(89)) - 85323f18-cee6-4044-8995-00f3d4f90ee3@group-7B4FBFA5AF04-LeaderElection55: ELECTION PASSED received 1 response(s) and 0 exception(s):
2021-11-25 02:28:18,918 [85323f18-cee6-4044-8995-00f3d4f90ee3@group-7B4FBFA5AF04-LeaderElection55] INFO  impl.LeaderElection (LeaderElection.java:logAndReturn(93)) -   Response 0: 85323f18-cee6-4044-8995-00f3d4f90ee3<-e244018c-c6e8-4e9d-8a67-72ce71f64a2e#0:OK-t4
2021-11-25 02:28:18,918 [85323f18-cee6-4044-8995-00f3d4f90ee3@group-7B4FBFA5AF04-LeaderElection55] INFO  impl.LeaderElection (LeaderElection.java:askForVotes(308)) - 85323f18-cee6-4044-8995-00f3d4f90ee3@group-7B4FBFA5AF04-LeaderElection55 ELECTION round 0: result PASSED
2021-11-25 02:28:18,918 [85323f18-cee6-4044-8995-00f3d4f90ee3@group-7B4FBFA5AF04-LeaderElection55] INFO  impl.RoleInfo (RoleInfo.java:shutdownLeaderElection(121)) - 85323f18-cee6-4044-8995-00f3d4f90ee3: shutdown 85323f18-cee6-4044-8995-00f3d4f90ee3@group-7B4FBFA5AF04-LeaderElection55
2021-11-25 02:28:18,918 [85323f18-cee6-4044-8995-00f3d4f90ee3@group-7B4FBFA5AF04-LeaderElection55] INFO  server.RaftServer$Division (RaftServerImpl.java:setRole(290)) - 85323f18-cee6-4044-8995-00f3d4f90ee3@group-7B4FBFA5AF04: changes role from CANDIDATE to LEADER at term 4 for changeToLeader
2021-11-25 02:28:18,918 [85323f18-cee6-4044-8995-00f3d4f90ee3@group-7B4FBFA5AF04-LeaderElection55] INFO  ratis.XceiverServerRatis (XceiverServerRatis.java:handleLeaderChangedNotification(866)) - Leader change notification received for group: group-7B4FBFA5AF04 with new leaderId: 85323f18-cee6-4044-8995-00f3d4f90ee3
2021-11-25 02:28:18,918 [85323f18-cee6-4044-8995-00f3d4f90ee3@group-7B4FBFA5AF04-LeaderElection55] INFO  server.RaftServer$Division (ServerState.java:setLeader(285)) - 85323f18-cee6-4044-8995-00f3d4f90ee3@group-7B4FBFA5AF04: change Leader from null to 85323f18-cee6-4044-8995-00f3d4f90ee3 at term 4 for becomeLeader, leader elected after 20667ms
2021-11-25 02:28:18,918 [85323f18-cee6-4044-8995-00f3d4f90ee3@group-7B4FBFA5AF04-LeaderElection55] INFO  server.RaftServerConfigKeys (ConfUtils.java:logGet(44)) - raft.server.staging.catchup.gap = 1000 (default)
2021-11-25 02:28:18,918 [85323f18-cee6-4044-8995-00f3d4f90ee3@group-7B4FBFA5AF04-LeaderElection55] INFO  server.RaftServerConfigKeys (ConfUtils.java:logGet(44)) - raft.server.write.element-limit = 1024 (custom)
2021-11-25 02:28:18,918 [85323f18-cee6-4044-8995-00f3d4f90ee3@group-7B4FBFA5AF04-LeaderElection55] INFO  server.RaftServerConfigKeys (ConfUtils.java:logGet(44)) - raft.server.write.byte-limit = 1024 M (=1073741824) (custom)
2021-11-25 02:28:18,919 [85323f18-cee6-4044-8995-00f3d4f90ee3@group-7B4FBFA5AF04-LeaderElection55] INFO  server.RaftServerConfigKeys (ConfUtils.java:logGet(44)) - raft.server.watch.timeout = 3000ms (custom)
2021-11-25 02:28:18,919 [85323f18-cee6-4044-8995-00f3d4f90ee3@group-7B4FBFA5AF04-LeaderElection55] INFO  server.RaftServerConfigKeys (ConfUtils.java:logGet(44)) - raft.server.watch.timeout.denomination = 1s (default)
2021-11-25 02:28:18,919 [85323f18-cee6-4044-8995-00f3d4f90ee3@group-7B4FBFA5AF04-LeaderElection55] INFO  server.RaftServerConfigKeys (ConfUtils.java:logGet(44)) - raft.server.watch.element-limit = 65536 (default)
2021-11-25 02:28:18,919 [85323f18-cee6-4044-8995-00f3d4f90ee3@group-7B4FBFA5AF04-LeaderElection55] INFO  server.RaftServerConfigKeys (ConfUtils.java:logGet(44)) - raft.server.write.element-limit = 1024 (custom)
2021-11-25 02:28:18,919 [85323f18-cee6-4044-8995-00f3d4f90ee3@group-7B4FBFA5AF04-LeaderElection55] INFO  server.RaftServerConfigKeys (ConfUtils.java:logGet(44)) - raft.server.write.follower.gap.ratio.max = -1.0 (default)
2021-11-25 02:28:18,919 [85323f18-cee6-4044-8995-00f3d4f90ee3@group-7B4FBFA5AF04-LeaderElection55] INFO  server.RaftServerConfigKeys (ConfUtils.java:logGet(44)) - raft.server.log.appender.snapshot.chunk.size.max = 16MB (=16777216) (default)
2021-11-25 02:28:18,919 [85323f18-cee6-4044-8995-00f3d4f90ee3@group-7B4FBFA5AF04-LeaderElection55] INFO  server.RaftServerConfigKeys (ConfUtils.java:logGet(44)) - raft.server.log.appender.buffer.byte-limit = 33554432 (custom)
2021-11-25 02:28:18,919 [85323f18-cee6-4044-8995-00f3d4f90ee3@group-7B4FBFA5AF04-LeaderElection55] INFO  server.RaftServerConfigKeys (ConfUtils.java:logGet(44)) - raft.server.log.appender.buffer.element-limit = 1 (custom)
2021-11-25 02:28:18,919 [85323f18-cee6-4044-8995-00f3d4f90ee3@group-7B4FBFA5AF04-LeaderElection55] INFO  grpc.GrpcConfigKeys (ConfUtils.java:logGet(44)) - raft.grpc.server.leader.outstanding.appends.max = 128 (default)
2021-11-25 02:28:18,919 [85323f18-cee6-4044-8995-00f3d4f90ee3@group-7B4FBFA5AF04-LeaderElection55] INFO  server.RaftServerConfigKeys (ConfUtils.java:logGet(44)) - raft.server.rpc.request.timeout = 3000ms (default)
2021-11-25 02:28:18,919 [85323f18-cee6-4044-8995-00f3d4f90ee3@group-7B4FBFA5AF04-LeaderElection55] INFO  server.RaftServerConfigKeys (ConfUtils.java:logGet(44)) - raft.server.log.appender.install.snapshot.enabled = false (custom)
2021-11-25 02:28:18,920 [85323f18-cee6-4044-8995-00f3d4f90ee3@group-7B4FBFA5AF04-LeaderElection55] INFO  server.RaftServerConfigKeys (ConfUtils.java:logGet(44)) - raft.server.log.appender.snapshot.chunk.size.max = 16MB (=16777216) (default)
2021-11-25 02:28:18,920 [85323f18-cee6-4044-8995-00f3d4f90ee3@group-7B4FBFA5AF04-LeaderElection55] INFO  server.RaftServerConfigKeys (ConfUtils.java:logGet(44)) - raft.server.log.appender.buffer.byte-limit = 33554432 (custom)
2021-11-25 02:28:18,921 [85323f18-cee6-4044-8995-00f3d4f90ee3@group-7B4FBFA5AF04-LeaderElection55] INFO  server.RaftServerConfigKeys (ConfUtils.java:logGet(44)) - raft.server.log.appender.buffer.element-limit = 1 (custom)
2021-11-25 02:28:18,921 [85323f18-cee6-4044-8995-00f3d4f90ee3@group-7B4FBFA5AF04-LeaderElection55] INFO  grpc.GrpcConfigKeys (ConfUtils.java:logGet(44)) - raft.grpc.server.leader.outstanding.appends.max = 128 (default)
2021-11-25 02:28:18,921 [85323f18-cee6-4044-8995-00f3d4f90ee3@group-7B4FBFA5AF04-LeaderElection55] INFO  server.RaftServerConfigKeys (ConfUtils.java:logGet(44)) - raft.server.rpc.request.timeout = 3000ms (default)
2021-11-25 02:28:18,921 [85323f18-cee6-4044-8995-00f3d4f90ee3@group-7B4FBFA5AF04-LeaderElection55] INFO  server.RaftServerConfigKeys (ConfUtils.java:logGet(44)) - raft.server.log.appender.install.snapshot.enabled = false (custom)
2021-11-25 02:28:18,922 [85323f18-cee6-4044-8995-00f3d4f90ee3@group-7B4FBFA5AF04-LeaderElection55] INFO  impl.RoleInfo (RoleInfo.java:updateAndGet(130)) - 85323f18-cee6-4044-8995-00f3d4f90ee3: start 85323f18-cee6-4044-8995-00f3d4f90ee3@group-7B4FBFA5AF04-LeaderStateImpl
2021-11-25 02:28:18,923 [EventQueue-PipelineReportForPipelineReportHandler] INFO  pipeline.PipelineManagerImpl (PipelineManagerImpl.java:openPipeline(289)) - Pipeline Pipeline[ Id: 700eb4dc-98a2-4baa-8b7d-7b4fbfa5af04, Nodes: e244018c-c6e8-4e9d-8a67-72ce71f64a2e{ip: 10.1.0.13, host: fv-az12-931.exdb2aeach2ezidoxz41lk3bwg.cx.internal.cloudapp.net, ports: [REPLICATION=38039, RATIS=35819, RATIS_ADMIN=35819, RATIS_SERVER=35819, STANDALONE=42747], networkLocation: /default-rack, certSerialId: null, persistedOpState: IN_SERVICE, persistedOpStateExpiryEpochSec: 0}270b4571-6830-404f-969d-140ad9dcfc29{ip: 10.1.0.13, host: fv-az12-931.exdb2aeach2ezidoxz41lk3bwg.cx.internal.cloudapp.net, ports: [REPLICATION=40639, RATIS=46697, RATIS_ADMIN=46697, RATIS_SERVER=46697, STANDALONE=41821], networkLocation: /default-rack, certSerialId: null, persistedOpState: IN_SERVICE, persistedOpStateExpiryEpochSec: 0}85323f18-cee6-4044-8995-00f3d4f90ee3{ip: 10.1.0.13, host: fv-az12-931.exdb2aeach2ezidoxz41lk3bwg.cx.internal.cloudapp.net, ports: [REPLICATION=45767, RATIS=44439, RATIS_ADMIN=44439, RATIS_SERVER=44439, STANDALONE=46257], networkLocation: /default-rack, certSerialId: null, persistedOpState: IN_SERVICE, persistedOpStateExpiryEpochSec: 0}, ReplicationConfig: RATIS/THREE, State:ALLOCATED, leaderId:85323f18-cee6-4044-8995-00f3d4f90ee3, CreationTimestamp2021-11-25T02:27:56.261Z[Etc/UTC]] moved to OPEN state
2021-11-25 02:28:18,923 [85323f18-cee6-4044-8995-00f3d4f90ee3@group-7B4FBFA5AF04-LeaderElection55] INFO  segmented.SegmentedRaftLogWorker (SegmentedRaftLogWorker.java:startLogSegment(394)) - 85323f18-cee6-4044-8995-00f3d4f90ee3@group-7B4FBFA5AF04-SegmentedRaftLogWorker: Starting segment from index:0
2021-11-25 02:28:18,923 [EventQueue-OpenPipelineForHealthyPipelineSafeModeRule] INFO  safemode.SCMSafeModeManager (HealthyPipelineSafeModeRule.java:process(124)) - SCM in safe mode. Healthy pipelines reported count is 1, required healthy pipeline reported count is 1
2021-11-25 02:28:18,923 [EventQueue-OpenPipelineForHealthyPipelineSafeModeRule] INFO  safemode.SCMSafeModeManager (SCMSafeModeManager.java:validateSafeModeExitRules(204)) - HealthyPipelineSafeModeRule rule is successfully validated
2021-11-25 02:28:18,923 [EventQueue-OpenPipelineForHealthyPipelineSafeModeRule] INFO  safemode.SCMSafeModeManager (SCMSafeModeManager.java:validateSafeModeExitRules(219)) - ScmSafeModeManager, all rules are successfully validated
2021-11-25 02:28:18,924 [EventQueue-OpenPipelineForHealthyPipelineSafeModeRule] INFO  safemode.SCMSafeModeManager (SCMSafeModeManager.java:exitSafeMode(248)) - SCM exiting safe mode.
2021-11-25 02:28:18,924 [EventQueue-OpenPipelineForHealthyPipelineSafeModeRule] WARN  events.EventQueue (EventQueue.java:fireEvent(194)) - No event handler registered for event TypedEvent{payloadType=SafeModeStatus, name='Safe mode status'}
2021-11-25 02:28:18,924 [EventQueue-OpenPipelineForHealthyPipelineSafeModeRule] INFO  ha.SCMContext (SCMContext.java:updateSafeModeStatus(205)) - Update SafeModeStatus from SafeModeStatus{safeModeStatus=true, preCheckPassed=true} to SafeModeStatus{safeModeStatus=false, preCheckPassed=true}.
2021-11-25 02:28:18,924 [EventQueue-OpenPipelineForHealthyPipelineSafeModeRule] INFO  pipeline.BackgroundPipelineCreator (BackgroundPipelineCreator.java:notifyStatusChanged(264)) - Service BackgroundPipelineCreator transitions to RUNNING.
2021-11-25 02:28:18,924 [EventQueue-OpenPipelineForHealthyPipelineSafeModeRule] INFO  container.ReplicationManager (ReplicationManager.java:notifyStatusChanged(1756)) - Service ReplicationManager transitions to RUNNING.
2021-11-25 02:28:18,925 [85323f18-cee6-4044-8995-00f3d4f90ee3@group-7B4FBFA5AF04-SegmentedRaftLogWorker] INFO  segmented.SegmentedRaftLogWorker (SegmentedRaftLogWorker.java:execute(601)) - 85323f18-cee6-4044-8995-00f3d4f90ee3@group-7B4FBFA5AF04-SegmentedRaftLogWorker: created new log segment /home/runner/work/ozone/ozone/hadoop-ozone/integration-test/target/test-dir/MiniOzoneClusterImpl-bf1a4df1-220d-4f19-a3f2-d6f00535f443/datanode-7/data/ratis/700eb4dc-98a2-4baa-8b7d-7b4fbfa5af04/current/log_inprogress_0
2021-11-25 02:28:18,930 [e244018c-c6e8-4e9d-8a67-72ce71f64a2e@group-7B4FBFA5AF04-LeaderElection56] INFO  impl.LeaderElection (LeaderElection.java:askForVotes(306)) - e244018c-c6e8-4e9d-8a67-72ce71f64a2e@group-7B4FBFA5AF04-LeaderElection56 ELECTION round 0: submit vote requests at term 5 for -1: [270b4571-6830-404f-969d-140ad9dcfc29|rpc:10.1.0.13:46697|priority:0, 85323f18-cee6-4044-8995-00f3d4f90ee3|rpc:10.1.0.13:44439|priority:1, e244018c-c6e8-4e9d-8a67-72ce71f64a2e|rpc:10.1.0.13:35819|priority:0], old=null
2021-11-25 02:28:18,938 [grpc-default-executor-3] INFO  server.RaftServer$Division (RaftServerImpl.java:requestVote(1046)) - 270b4571-6830-404f-969d-140ad9dcfc29@group-7B4FBFA5AF04: receive requestVote(ELECTION, e244018c-c6e8-4e9d-8a67-72ce71f64a2e, group-7B4FBFA5AF04, 5, (t:0, i:0))
2021-11-25 02:28:18,938 [grpc-default-executor-3] INFO  impl.VoteContext (VoteContext.java:log(48)) - 270b4571-6830-404f-969d-140ad9dcfc29@group-7B4FBFA5AF04-FOLLOWER: accept ELECTION from e244018c-c6e8-4e9d-8a67-72ce71f64a2e: our priority 0 <= candidate's priority 0
2021-11-25 02:28:18,938 [grpc-default-executor-3] INFO  server.RaftServer$Division (RaftServerImpl.java:setRole(290)) - 270b4571-6830-404f-969d-140ad9dcfc29@group-7B4FBFA5AF04: changes role from  FOLLOWER to FOLLOWER at term 5 for candidate:e244018c-c6e8-4e9d-8a67-72ce71f64a2e
2021-11-25 02:28:18,938 [grpc-default-executor-3] INFO  impl.RoleInfo (RoleInfo.java:shutdownFollowerState(108)) - 270b4571-6830-404f-969d-140ad9dcfc29: shutdown 270b4571-6830-404f-969d-140ad9dcfc29@group-7B4FBFA5AF04-FollowerState
2021-11-25 02:28:18,944 [grpc-default-executor-0] INFO  server.RaftServer$Division (RaftServerImpl.java:requestVote(1046)) - 85323f18-cee6-4044-8995-00f3d4f90ee3@group-7B4FBFA5AF04: receive requestVote(ELECTION, e244018c-c6e8-4e9d-8a67-72ce71f64a2e, group-7B4FBFA5AF04, 5, (t:0, i:0))
2021-11-25 02:28:18,951 [85323f18-cee6-4044-8995-00f3d4f90ee3@group-7B4FBFA5AF04-LeaderElection55] INFO  server.RaftServer$Division (ServerState.java:setRaftConf(387)) - 85323f18-cee6-4044-8995-00f3d4f90ee3@group-7B4FBFA5AF04: set configuration 0: [270b4571-6830-404f-969d-140ad9dcfc29|rpc:10.1.0.13:46697|dataStream:|priority:0, 85323f18-cee6-4044-8995-00f3d4f90ee3|rpc:10.1.0.13:44439|dataStream:|priority:1, e244018c-c6e8-4e9d-8a67-72ce71f64a2e|rpc:10.1.0.13:35819|dataStream:|priority:0], old=null
2021-11-25 02:28:18,951 [grpc-default-executor-0] INFO  impl.VoteContext (VoteContext.java:log(48)) - 85323f18-cee6-4044-8995-00f3d4f90ee3@group-7B4FBFA5AF04-LEADER: reject ELECTION from e244018c-c6e8-4e9d-8a67-72ce71f64a2e: our last entry (t:4, i:0) > candidate's last entry (t:0, i:0)
2021-11-25 02:28:18,951 [grpc-default-executor-0] INFO  server.RaftServer$Division (ServerState.java:setLeader(285)) - 85323f18-cee6-4044-8995-00f3d4f90ee3@group-7B4FBFA5AF04: change Leader from 85323f18-cee6-4044-8995-00f3d4f90ee3 to null at term 5 for updateCurrentTerm
2021-11-25 02:28:18,951 [grpc-default-executor-0] INFO  server.RaftServer$Division (RaftServerImpl.java:setRole(290)) - 85323f18-cee6-4044-8995-00f3d4f90ee3@group-7B4FBFA5AF04: changes role from    LEADER to FOLLOWER at term 5 for candidate:e244018c-c6e8-4e9d-8a67-72ce71f64a2e
2021-11-25 02:28:18,951 [grpc-default-executor-0] INFO  impl.RoleInfo (RoleInfo.java:shutdownLeaderState(91)) - 85323f18-cee6-4044-8995-00f3d4f90ee3: shutdown 85323f18-cee6-4044-8995-00f3d4f90ee3@group-7B4FBFA5AF04-LeaderStateImpl
2021-11-25 02:28:18,951 [grpc-default-executor-0] INFO  impl.PendingRequests (PendingRequests.java:sendNotLeaderResponses(282)) - 85323f18-cee6-4044-8995-00f3d4f90ee3@group-7B4FBFA5AF04-PendingRequests: sendNotLeaderResponses
2021-11-25 02:28:18,951 [grpc-default-executor-3] INFO  impl.RoleInfo (RoleInfo.java:updateAndGet(130)) - 270b4571-6830-404f-969d-140ad9dcfc29: start 270b4571-6830-404f-969d-140ad9dcfc29@group-7B4FBFA5AF04-FollowerState
2021-11-25 02:28:18,951 [270b4571-6830-404f-969d-140ad9dcfc29@group-7B4FBFA5AF04-FollowerState] INFO  impl.FollowerState (FollowerState.java:run(143)) - 270b4571-6830-404f-969d-140ad9dcfc29@group-7B4FBFA5AF04-FollowerState was interrupted: {}
java.lang.InterruptedException: sleep interrupted
	at java.lang.Thread.sleep(Native Method)
	at java.lang.Thread.sleep(Thread.java:340)
	at java.util.concurrent.TimeUnit.sleep(TimeUnit.java:386)
	at org.apache.ratis.util.TimeDuration.sleep(TimeDuration.java:324)
	at org.apache.ratis.util.TimeDuration.sleep(TimeDuration.java:309)
	at org.apache.ratis.server.impl.FollowerState.run(FollowerState.java:118)
2021-11-25 02:28:18,965 [85323f18-cee6-4044-8995-00f3d4f90ee3@group-7B4FBFA5AF04->e244018c-c6e8-4e9d-8a67-72ce71f64a2e-GrpcLogAppender-LogAppenderDaemon] WARN  server.GrpcLogAppender (GrpcLogAppender.java:mayWait(177)) - 85323f18-cee6-4044-8995-00f3d4f90ee3@group-7B4FBFA5AF04->e244018c-c6e8-4e9d-8a67-72ce71f64a2e-GrpcLogAppender: Wait interrupted by java.lang.InterruptedException
2021-11-25 02:28:18,966 [grpc-default-executor-0] INFO  impl.RoleInfo (RoleInfo.java:updateAndGet(130)) - 85323f18-cee6-4044-8995-00f3d4f90ee3: start 85323f18-cee6-4044-8995-00f3d4f90ee3@group-7B4FBFA5AF04-FollowerState
2021-11-25 02:28:18,966 [grpc-default-executor-3] INFO  server.RaftServer$Division (RaftServerImpl.java:requestVote(1078)) - 270b4571-6830-404f-969d-140ad9dcfc29@group-7B4FBFA5AF04 replies to ELECTION vote request: e244018c-c6e8-4e9d-8a67-72ce71f64a2e<-270b4571-6830-404f-969d-140ad9dcfc29#0:OK-t5. Peer's state: 270b4571-6830-404f-969d-140ad9dcfc29@group-7B4FBFA5AF04:t5, leader=null, voted=e244018c-c6e8-4e9d-8a67-72ce71f64a2e, raftlog=270b4571-6830-404f-969d-140ad9dcfc29@group-7B4FBFA5AF04-SegmentedRaftLog:OPENED:c-1, conf=-1: [270b4571-6830-404f-969d-140ad9dcfc29|rpc:10.1.0.13:46697|dataStream:|priority:0, 85323f18-cee6-4044-8995-00f3d4f90ee3|rpc:10.1.0.13:44439|dataStream:|priority:1, e244018c-c6e8-4e9d-8a67-72ce71f64a2e|rpc:10.1.0.13:35819|dataStream:|priority:0], old=null
2021-11-25 02:28:18,966 [grpc-default-executor-2] INFO  server.GrpcServerProtocolService (GrpcServerProtocolService.java:onCompleted(140)) - e244018c-c6e8-4e9d-8a67-72ce71f64a2e: Completed APPEND_ENTRIES, lastRequest: null
2021-11-25 02:28:18,975 [grpc-default-executor-0] INFO  server.RaftServer$Division (RaftServerImpl.java:requestVote(1078)) - 85323f18-cee6-4044-8995-00f3d4f90ee3@group-7B4FBFA5AF04 replies to ELECTION vote request: e244018c-c6e8-4e9d-8a67-72ce71f64a2e<-85323f18-cee6-4044-8995-00f3d4f90ee3#0:FAIL-t5. Peer's state: 85323f18-cee6-4044-8995-00f3d4f90ee3@group-7B4FBFA5AF04:t5, leader=null, voted=null, raftlog=85323f18-cee6-4044-8995-00f3d4f90ee3@group-7B4FBFA5AF04-SegmentedRaftLog:OPENED:c-1, conf=0: [270b4571-6830-404f-969d-140ad9dcfc29|rpc:10.1.0.13:46697|dataStream:|priority:0, 85323f18-cee6-4044-8995-00f3d4f90ee3|rpc:10.1.0.13:44439|dataStream:|priority:1, e244018c-c6e8-4e9d-8a67-72ce71f64a2e|rpc:10.1.0.13:35819|dataStream:|priority:0], old=null
2021-11-25 02:28:18,975 [grpc-default-executor-1] INFO  server.GrpcLogAppender (GrpcLogAppender.java:onCompleted(346)) - 85323f18-cee6-4044-8995-00f3d4f90ee3@group-7B4FBFA5AF04->e244018c-c6e8-4e9d-8a67-72ce71f64a2e-AppendLogResponseHandler: follower responses appendEntries COMPLETED
2021-11-25 02:28:18,975 [grpc-default-executor-1] INFO  leader.FollowerInfo (FollowerInfoImpl.java:lambda$new$0(47)) - 85323f18-cee6-4044-8995-00f3d4f90ee3@group-7B4FBFA5AF04->e244018c-c6e8-4e9d-8a67-72ce71f64a2e: nextIndex: updateUnconditionally 1 -> 0
2021-11-25 02:28:19,009 [e244018c-c6e8-4e9d-8a67-72ce71f64a2e@group-7B4FBFA5AF04-LeaderElection56] INFO  impl.LeaderElection (LeaderElection.java:logAndReturn(89)) - e244018c-c6e8-4e9d-8a67-72ce71f64a2e@group-7B4FBFA5AF04-LeaderElection56: ELECTION REJECTED received 2 response(s) and 0 exception(s):
2021-11-25 02:28:19,009 [e244018c-c6e8-4e9d-8a67-72ce71f64a2e@group-7B4FBFA5AF04-LeaderElection56] INFO  impl.LeaderElection (LeaderElection.java:logAndReturn(93)) -   Response 0: e244018c-c6e8-4e9d-8a67-72ce71f64a2e<-270b4571-6830-404f-969d-140ad9dcfc29#0:OK-t5
2021-11-25 02:28:19,009 [e244018c-c6e8-4e9d-8a67-72ce71f64a2e@group-7B4FBFA5AF04-LeaderElection56] INFO  impl.LeaderElection (LeaderElection.java:logAndReturn(93)) -   Response 1: e244018c-c6e8-4e9d-8a67-72ce71f64a2e<-85323f18-cee6-4044-8995-00f3d4f90ee3#0:FAIL-t5
2021-11-25 02:28:19,009 [e244018c-c6e8-4e9d-8a67-72ce71f64a2e@group-7B4FBFA5AF04-LeaderElection56] INFO  impl.LeaderElection (LeaderElection.java:askForVotes(308)) - e244018c-c6e8-4e9d-8a67-72ce71f64a2e@group-7B4FBFA5AF04-LeaderElection56 ELECTION round 0: result REJECTED
2021-11-25 02:28:19,009 [e244018c-c6e8-4e9d-8a67-72ce71f64a2e@group-7B4FBFA5AF04-LeaderElection56] INFO  server.RaftServer$Division (RaftServerImpl.java:setRole(290)) - e244018c-c6e8-4e9d-8a67-72ce71f64a2e@group-7B4FBFA5AF04: changes role from CANDIDATE to FOLLOWER at term 5 for REJECTED
2021-11-25 02:28:19,009 [e244018c-c6e8-4e9d-8a67-72ce71f64a2e@group-7B4FBFA5AF04-LeaderElection56] INFO  impl.RoleInfo (RoleInfo.java:shutdownLeaderElection(121)) - e244018c-c6e8-4e9d-8a67-72ce71f64a2e: shutdown e244018c-c6e8-4e9d-8a67-72ce71f64a2e@group-7B4FBFA5AF04-LeaderElection56
2021-11-25 02:28:19,009 [e244018c-c6e8-4e9d-8a67-72ce71f64a2e@group-7B4FBFA5AF04-LeaderElection56] INFO  impl.RoleInfo (RoleInfo.java:updateAndGet(130)) - e244018c-c6e8-4e9d-8a67-72ce71f64a2e: start e244018c-c6e8-4e9d-8a67-72ce71f64a2e@group-7B4FBFA5AF04-FollowerState
2021-11-25 02:28:19,263 [Listener at 127.0.0.1/44827] INFO  ozone.MiniOzoneClusterImpl (MiniOzoneClusterImpl.java:lambda$waitForClusterToBeReady$0(235)) - Nodes are ready. Got 9 of 9 DN Heartbeats.
2021-11-25 02:28:19,263 [Listener at 127.0.0.1/44827] INFO  ozone.MiniOzoneClusterImpl (MiniOzoneClusterImpl.java:lambda$waitForClusterToBeReady$0(238)) - Cluster exits safe mode
2021-11-25 02:28:19,263 [Listener at 127.0.0.1/44827] INFO  ozone.MiniOzoneClusterImpl (MiniOzoneClusterImpl.java:lambda$waitForClusterToBeReady$0(240)) - SCM became leader
2021-11-25 02:28:19,265 [Listener at 127.0.0.1/44827] INFO  rpc.RpcClient (RpcClient.java:createVolume(389)) - Creating Volume: watchforcommithandlingtest, with runner as owner and space quota set to -1 bytes, counts quota set to -1
2021-11-25 02:28:19,346 [OM StateMachine ApplyTransaction Thread - 0] INFO  volume.OMVolumeCreateRequest (OMVolumeCreateRequest.java:validateAndUpdateCache(195)) - created volume:watchforcommithandlingtest for user:runner
2021-11-25 02:28:19,390 [Listener at 127.0.0.1/44827] INFO  rpc.RpcClient (RpcClient.java:createBucket(549)) - Creating Bucket: watchforcommithandlingtest/watchforcommithandlingtest, with Versioning false and Storage Type set to DISK and Encryption set to false 
2021-11-25 02:28:19,398 [Listener at 127.0.0.1/44827] INFO  ozone.MiniOzoneClusterImpl (MiniOzoneClusterImpl.java:getStorageContainerLocationClient(346)) - Creating StorageContainerLocationProtocol RPC client with address /0.0.0.0:42593
2021-11-25 02:28:19,440 [IPC Server handler 1 on default port 42593] INFO  ha.SequenceIdGenerator (SequenceIdGenerator.java:getNextId(127)) - Allocate a batch for containerId, change lastId from 0 to 1000.
2021-11-25 02:28:19,581 [a8a586c2-f99e-4cfe-9d52-03ddcdbedb28@group-8550D68C7491-FollowerState] INFO  impl.FollowerState (FollowerState.java:run(134)) - a8a586c2-f99e-4cfe-9d52-03ddcdbedb28@group-8550D68C7491-FollowerState: change to CANDIDATE, lastRpcElapsedTime:5072191323ns, electionTimeout:5063ms
2021-11-25 02:28:19,581 [a8a586c2-f99e-4cfe-9d52-03ddcdbedb28@group-8550D68C7491-FollowerState] INFO  impl.RoleInfo (RoleInfo.java:shutdownFollowerState(108)) - a8a586c2-f99e-4cfe-9d52-03ddcdbedb28: shutdown a8a586c2-f99e-4cfe-9d52-03ddcdbedb28@group-8550D68C7491-FollowerState
2021-11-25 02:28:19,581 [a8a586c2-f99e-4cfe-9d52-03ddcdbedb28@group-8550D68C7491-FollowerState] INFO  server.RaftServer$Division (RaftServerImpl.java:setRole(290)) - a8a586c2-f99e-4cfe-9d52-03ddcdbedb28@group-8550D68C7491: changes role from  FOLLOWER to CANDIDATE at term 4 for changeToCandidate
2021-11-25 02:28:19,581 [a8a586c2-f99e-4cfe-9d52-03ddcdbedb28@group-8550D68C7491-FollowerState] INFO  server.RaftServerConfigKeys (ConfUtils.java:logGet(44)) - raft.server.leaderelection.pre-vote = false (custom)
2021-11-25 02:28:19,581 [a8a586c2-f99e-4cfe-9d52-03ddcdbedb28@group-8550D68C7491-FollowerState] INFO  impl.RoleInfo (RoleInfo.java:updateAndGet(130)) - a8a586c2-f99e-4cfe-9d52-03ddcdbedb28: start a8a586c2-f99e-4cfe-9d52-03ddcdbedb28@group-8550D68C7491-LeaderElection57
2021-11-25 02:28:19,618 [a8a586c2-f99e-4cfe-9d52-03ddcdbedb28@group-8550D68C7491-LeaderElection57] INFO  impl.LeaderElection (LeaderElection.java:askForVotes(306)) - a8a586c2-f99e-4cfe-9d52-03ddcdbedb28@group-8550D68C7491-LeaderElection57 ELECTION round 0: submit vote requests at term 5 for -1: [e8e4a09d-b55f-46fb-afd1-8638ca612560|rpc:10.1.0.13:42859|dataStream:|priority:1, 7b8694ed-f626-45d7-ad92-ba79cd2bf69c|rpc:10.1.0.13:33171|dataStream:|priority:0, a8a586c2-f99e-4cfe-9d52-03ddcdbedb28|rpc:10.1.0.13:36737|dataStream:|priority:0], old=null
2021-11-25 02:28:19,624 [grpc-default-executor-0] INFO  server.RaftServer$Division (RaftServerImpl.java:requestVote(1046)) - e8e4a09d-b55f-46fb-afd1-8638ca612560@group-8550D68C7491: receive requestVote(ELECTION, a8a586c2-f99e-4cfe-9d52-03ddcdbedb28, group-8550D68C7491, 5, (t:0, i:0))
2021-11-25 02:28:19,624 [grpc-default-executor-0] INFO  impl.VoteContext (VoteContext.java:log(48)) - e8e4a09d-b55f-46fb-afd1-8638ca612560@group-8550D68C7491-FOLLOWER: reject ELECTION from a8a586c2-f99e-4cfe-9d52-03ddcdbedb28: our priority 1 > candidate's priority 0
2021-11-25 02:28:19,624 [grpc-default-executor-0] INFO  server.RaftServer$Division (RaftServerImpl.java:setRole(290)) - e8e4a09d-b55f-46fb-afd1-8638ca612560@group-8550D68C7491: changes role from  FOLLOWER to FOLLOWER at term 5 for candidate:a8a586c2-f99e-4cfe-9d52-03ddcdbedb28
2021-11-25 02:28:19,624 [grpc-default-executor-0] INFO  impl.RoleInfo (RoleInfo.java:shutdownFollowerState(108)) - e8e4a09d-b55f-46fb-afd1-8638ca612560: shutdown e8e4a09d-b55f-46fb-afd1-8638ca612560@group-8550D68C7491-FollowerState
2021-11-25 02:28:19,624 [grpc-default-executor-0] INFO  impl.RoleInfo (RoleInfo.java:updateAndGet(130)) - e8e4a09d-b55f-46fb-afd1-8638ca612560: start e8e4a09d-b55f-46fb-afd1-8638ca612560@group-8550D68C7491-FollowerState
2021-11-25 02:28:19,624 [e8e4a09d-b55f-46fb-afd1-8638ca612560@group-8550D68C7491-FollowerState] INFO  impl.FollowerState (FollowerState.java:run(143)) - e8e4a09d-b55f-46fb-afd1-8638ca612560@group-8550D68C7491-FollowerState was interrupted: {}
java.lang.InterruptedException: sleep interrupted
	at java.lang.Thread.sleep(Native Method)
	at java.lang.Thread.sleep(Thread.java:340)
	at java.util.concurrent.TimeUnit.sleep(TimeUnit.java:386)
	at org.apache.ratis.util.TimeDuration.sleep(TimeDuration.java:324)
	at org.apache.ratis.util.TimeDuration.sleep(TimeDuration.java:309)
	at org.apache.ratis.server.impl.FollowerState.run(FollowerState.java:118)
2021-11-25 02:28:19,644 [grpc-default-executor-1] INFO  server.RaftServer$Division (RaftServerImpl.java:requestVote(1046)) - 7b8694ed-f626-45d7-ad92-ba79cd2bf69c@group-8550D68C7491: receive requestVote(ELECTION, a8a586c2-f99e-4cfe-9d52-03ddcdbedb28, group-8550D68C7491, 5, (t:0, i:0))
2021-11-25 02:28:19,644 [grpc-default-executor-1] INFO  impl.VoteContext (VoteContext.java:log(48)) - 7b8694ed-f626-45d7-ad92-ba79cd2bf69c@group-8550D68C7491-FOLLOWER: accept ELECTION from a8a586c2-f99e-4cfe-9d52-03ddcdbedb28: our priority 0 <= candidate's priority 0
2021-11-25 02:28:19,644 [grpc-default-executor-1] INFO  server.RaftServer$Division (RaftServerImpl.java:setRole(290)) - 7b8694ed-f626-45d7-ad92-ba79cd2bf69c@group-8550D68C7491: changes role from  FOLLOWER to FOLLOWER at term 5 for candidate:a8a586c2-f99e-4cfe-9d52-03ddcdbedb28
2021-11-25 02:28:19,644 [grpc-default-executor-1] INFO  impl.RoleInfo (RoleInfo.java:shutdownFollowerState(108)) - 7b8694ed-f626-45d7-ad92-ba79cd2bf69c: shutdown 7b8694ed-f626-45d7-ad92-ba79cd2bf69c@group-8550D68C7491-FollowerState
2021-11-25 02:28:19,654 [grpc-default-executor-1] INFO  impl.RoleInfo (RoleInfo.java:updateAndGet(130)) - 7b8694ed-f626-45d7-ad92-ba79cd2bf69c: start 7b8694ed-f626-45d7-ad92-ba79cd2bf69c@group-8550D68C7491-FollowerState
2021-11-25 02:28:19,654 [7b8694ed-f626-45d7-ad92-ba79cd2bf69c@group-8550D68C7491-FollowerState] INFO  impl.FollowerState (FollowerState.java:run(143)) - 7b8694ed-f626-45d7-ad92-ba79cd2bf69c@group-8550D68C7491-FollowerState was interrupted: {}
java.lang.InterruptedException: sleep interrupted
	at java.lang.Thread.sleep(Native Method)
	at java.lang.Thread.sleep(Thread.java:340)
	at java.util.concurrent.TimeUnit.sleep(TimeUnit.java:386)
	at org.apache.ratis.util.TimeDuration.sleep(TimeDuration.java:324)
	at org.apache.ratis.util.TimeDuration.sleep(TimeDuration.java:309)
	at org.apache.ratis.server.impl.FollowerState.run(FollowerState.java:118)
2021-11-25 02:28:19,655 [grpc-default-executor-0] INFO  server.RaftServer$Division (RaftServerImpl.java:requestVote(1078)) - e8e4a09d-b55f-46fb-afd1-8638ca612560@group-8550D68C7491 replies to ELECTION vote request: a8a586c2-f99e-4cfe-9d52-03ddcdbedb28<-e8e4a09d-b55f-46fb-afd1-8638ca612560#0:FAIL-t5. Peer's state: e8e4a09d-b55f-46fb-afd1-8638ca612560@group-8550D68C7491:t5, leader=null, voted=null, raftlog=e8e4a09d-b55f-46fb-afd1-8638ca612560@group-8550D68C7491-SegmentedRaftLog:OPENED:c-1, conf=-1: [e8e4a09d-b55f-46fb-afd1-8638ca612560|rpc:10.1.0.13:42859|dataStream:|priority:1, 7b8694ed-f626-45d7-ad92-ba79cd2bf69c|rpc:10.1.0.13:33171|dataStream:|priority:0, a8a586c2-f99e-4cfe-9d52-03ddcdbedb28|rpc:10.1.0.13:36737|dataStream:|priority:0], old=null
2021-11-25 02:28:19,666 [a8a586c2-f99e-4cfe-9d52-03ddcdbedb28@group-8550D68C7491-LeaderElection57] INFO  impl.LeaderElection (LeaderElection.java:logAndReturn(89)) - a8a586c2-f99e-4cfe-9d52-03ddcdbedb28@group-8550D68C7491-LeaderElection57: ELECTION REJECTED received 1 response(s) and 0 exception(s):
2021-11-25 02:28:19,666 [a8a586c2-f99e-4cfe-9d52-03ddcdbedb28@group-8550D68C7491-LeaderElection57] INFO  impl.LeaderElection (LeaderElection.java:logAndReturn(93)) -   Response 0: a8a586c2-f99e-4cfe-9d52-03ddcdbedb28<-e8e4a09d-b55f-46fb-afd1-8638ca612560#0:FAIL-t5
2021-11-25 02:28:19,666 [a8a586c2-f99e-4cfe-9d52-03ddcdbedb28@group-8550D68C7491-LeaderElection57] INFO  impl.LeaderElection (LeaderElection.java:askForVotes(308)) - a8a586c2-f99e-4cfe-9d52-03ddcdbedb28@group-8550D68C7491-LeaderElection57 ELECTION round 0: result REJECTED
2021-11-25 02:28:19,666 [a8a586c2-f99e-4cfe-9d52-03ddcdbedb28@group-8550D68C7491-LeaderElection57] INFO  server.RaftServer$Division (RaftServerImpl.java:setRole(290)) - a8a586c2-f99e-4cfe-9d52-03ddcdbedb28@group-8550D68C7491: changes role from CANDIDATE to FOLLOWER at term 5 for REJECTED
2021-11-25 02:28:19,666 [a8a586c2-f99e-4cfe-9d52-03ddcdbedb28@group-8550D68C7491-LeaderElection57] INFO  impl.RoleInfo (RoleInfo.java:shutdownLeaderElection(121)) - a8a586c2-f99e-4cfe-9d52-03ddcdbedb28: shutdown a8a586c2-f99e-4cfe-9d52-03ddcdbedb28@group-8550D68C7491-LeaderElection57
2021-11-25 02:28:19,666 [a8a586c2-f99e-4cfe-9d52-03ddcdbedb28@group-8550D68C7491-LeaderElection57] INFO  impl.RoleInfo (RoleInfo.java:updateAndGet(130)) - a8a586c2-f99e-4cfe-9d52-03ddcdbedb28: start a8a586c2-f99e-4cfe-9d52-03ddcdbedb28@group-8550D68C7491-FollowerState
2021-11-25 02:28:19,667 [grpc-default-executor-1] INFO  server.RaftServer$Division (RaftServerImpl.java:requestVote(1078)) - 7b8694ed-f626-45d7-ad92-ba79cd2bf69c@group-8550D68C7491 replies to ELECTION vote request: a8a586c2-f99e-4cfe-9d52-03ddcdbedb28<-7b8694ed-f626-45d7-ad92-ba79cd2bf69c#0:OK-t5. Peer's state: 7b8694ed-f626-45d7-ad92-ba79cd2bf69c@group-8550D68C7491:t5, leader=null, voted=a8a586c2-f99e-4cfe-9d52-03ddcdbedb28, raftlog=7b8694ed-f626-45d7-ad92-ba79cd2bf69c@group-8550D68C7491-SegmentedRaftLog:OPENED:c-1, conf=-1: [e8e4a09d-b55f-46fb-afd1-8638ca612560|rpc:10.1.0.13:42859|priority:1, 7b8694ed-f626-45d7-ad92-ba79cd2bf69c|rpc:10.1.0.13:33171|priority:0, a8a586c2-f99e-4cfe-9d52-03ddcdbedb28|rpc:10.1.0.13:36737|priority:0], old=null
2021-11-25 02:28:21,780 [afe6738c-795d-4ad9-911f-77efc98b0ab7@group-58D710EC61B9-FollowerState] INFO  impl.FollowerState (FollowerState.java:run(134)) - afe6738c-795d-4ad9-911f-77efc98b0ab7@group-58D710EC61B9-FollowerState: change to CANDIDATE, lastRpcElapsedTime:5122090005ns, electionTimeout:5118ms
2021-11-25 02:28:21,780 [afe6738c-795d-4ad9-911f-77efc98b0ab7@group-58D710EC61B9-FollowerState] INFO  impl.RoleInfo (RoleInfo.java:shutdownFollowerState(108)) - afe6738c-795d-4ad9-911f-77efc98b0ab7: shutdown afe6738c-795d-4ad9-911f-77efc98b0ab7@group-58D710EC61B9-FollowerState
2021-11-25 02:28:21,781 [afe6738c-795d-4ad9-911f-77efc98b0ab7@group-58D710EC61B9-FollowerState] INFO  server.RaftServer$Division (RaftServerImpl.java:setRole(290)) - afe6738c-795d-4ad9-911f-77efc98b0ab7@group-58D710EC61B9: changes role from  FOLLOWER to CANDIDATE at term 4 for changeToCandidate
2021-11-25 02:28:21,781 [afe6738c-795d-4ad9-911f-77efc98b0ab7@group-58D710EC61B9-FollowerState] INFO  server.RaftServerConfigKeys (ConfUtils.java:logGet(44)) - raft.server.leaderelection.pre-vote = false (custom)
2021-11-25 02:28:21,781 [afe6738c-795d-4ad9-911f-77efc98b0ab7@group-58D710EC61B9-FollowerState] INFO  impl.RoleInfo (RoleInfo.java:updateAndGet(130)) - afe6738c-795d-4ad9-911f-77efc98b0ab7: start afe6738c-795d-4ad9-911f-77efc98b0ab7@group-58D710EC61B9-LeaderElection58
2021-11-25 02:28:21,789 [afe6738c-795d-4ad9-911f-77efc98b0ab7@group-58D710EC61B9-LeaderElection58] INFO  impl.LeaderElection (LeaderElection.java:askForVotes(306)) - afe6738c-795d-4ad9-911f-77efc98b0ab7@group-58D710EC61B9-LeaderElection58 ELECTION round 0: submit vote requests at term 5 for -1: [afe6738c-795d-4ad9-911f-77efc98b0ab7|rpc:10.1.0.13:38867|dataStream:|priority:1, 36951ec6-8ca2-46f2-ac0d-c1eb1dc0de60|rpc:10.1.0.13:41073|dataStream:|priority:0, a77dd090-2963-4745-95fa-35573f312ffb|rpc:10.1.0.13:36541|dataStream:|priority:0], old=null
2021-11-25 02:28:21,791 [36951ec6-8ca2-46f2-ac0d-c1eb1dc0de60@group-58D710EC61B9-FollowerState] INFO  impl.FollowerState (FollowerState.java:run(134)) - 36951ec6-8ca2-46f2-ac0d-c1eb1dc0de60@group-58D710EC61B9-FollowerState: change to CANDIDATE, lastRpcElapsedTime:5125963842ns, electionTimeout:5113ms
2021-11-25 02:28:21,791 [36951ec6-8ca2-46f2-ac0d-c1eb1dc0de60@group-58D710EC61B9-FollowerState] INFO  impl.RoleInfo (RoleInfo.java:shutdownFollowerState(108)) - 36951ec6-8ca2-46f2-ac0d-c1eb1dc0de60: shutdown 36951ec6-8ca2-46f2-ac0d-c1eb1dc0de60@group-58D710EC61B9-FollowerState
2021-11-25 02:28:21,791 [36951ec6-8ca2-46f2-ac0d-c1eb1dc0de60@group-58D710EC61B9-FollowerState] INFO  server.RaftServer$Division (RaftServerImpl.java:setRole(290)) - 36951ec6-8ca2-46f2-ac0d-c1eb1dc0de60@group-58D710EC61B9: changes role from  FOLLOWER to CANDIDATE at term 4 for changeToCandidate
2021-11-25 02:28:21,791 [36951ec6-8ca2-46f2-ac0d-c1eb1dc0de60@group-58D710EC61B9-FollowerState] INFO  server.RaftServerConfigKeys (ConfUtils.java:logGet(44)) - raft.server.leaderelection.pre-vote = false (custom)
2021-11-25 02:28:21,791 [36951ec6-8ca2-46f2-ac0d-c1eb1dc0de60@group-58D710EC61B9-FollowerState] INFO  impl.RoleInfo (RoleInfo.java:updateAndGet(130)) - 36951ec6-8ca2-46f2-ac0d-c1eb1dc0de60: start 36951ec6-8ca2-46f2-ac0d-c1eb1dc0de60@group-58D710EC61B9-LeaderElection59
2021-11-25 02:28:21,793 [grpc-default-executor-1] INFO  server.RaftServer$Division (RaftServerImpl.java:requestVote(1046)) - 36951ec6-8ca2-46f2-ac0d-c1eb1dc0de60@group-58D710EC61B9: receive requestVote(ELECTION, afe6738c-795d-4ad9-911f-77efc98b0ab7, group-58D710EC61B9, 5, (t:0, i:0))
2021-11-25 02:28:21,796 [grpc-default-executor-1] INFO  impl.VoteContext (VoteContext.java:log(48)) - 36951ec6-8ca2-46f2-ac0d-c1eb1dc0de60@group-58D710EC61B9-CANDIDATE: accept ELECTION from afe6738c-795d-4ad9-911f-77efc98b0ab7: our priority 0 <= candidate's priority 1
2021-11-25 02:28:21,796 [grpc-default-executor-1] INFO  server.RaftServer$Division (RaftServerImpl.java:setRole(290)) - 36951ec6-8ca2-46f2-ac0d-c1eb1dc0de60@group-58D710EC61B9: changes role from CANDIDATE to FOLLOWER at term 5 for candidate:afe6738c-795d-4ad9-911f-77efc98b0ab7
2021-11-25 02:28:21,796 [grpc-default-executor-1] INFO  impl.RoleInfo (RoleInfo.java:shutdownLeaderElection(121)) - 36951ec6-8ca2-46f2-ac0d-c1eb1dc0de60: shutdown 36951ec6-8ca2-46f2-ac0d-c1eb1dc0de60@group-58D710EC61B9-LeaderElection59
2021-11-25 02:28:21,796 [36951ec6-8ca2-46f2-ac0d-c1eb1dc0de60@group-58D710EC61B9-LeaderElection59] INFO  impl.LeaderElection (LeaderElection.java:run(230)) - 36951ec6-8ca2-46f2-ac0d-c1eb1dc0de60@group-58D710EC61B9-LeaderElection59: skip running since this is already CLOSING
2021-11-25 02:28:21,802 [grpc-default-executor-1] INFO  impl.RoleInfo (RoleInfo.java:updateAndGet(130)) - 36951ec6-8ca2-46f2-ac0d-c1eb1dc0de60: start 36951ec6-8ca2-46f2-ac0d-c1eb1dc0de60@group-58D710EC61B9-FollowerState
2021-11-25 02:28:21,803 [grpc-default-executor-0] INFO  server.RaftServer$Division (RaftServerImpl.java:requestVote(1046)) - a77dd090-2963-4745-95fa-35573f312ffb@group-58D710EC61B9: receive requestVote(ELECTION, afe6738c-795d-4ad9-911f-77efc98b0ab7, group-58D710EC61B9, 5, (t:0, i:0))
2021-11-25 02:28:21,803 [grpc-default-executor-0] INFO  impl.VoteContext (VoteContext.java:log(48)) - a77dd090-2963-4745-95fa-35573f312ffb@group-58D710EC61B9-FOLLOWER: accept ELECTION from afe6738c-795d-4ad9-911f-77efc98b0ab7: our priority 0 <= candidate's priority 1
2021-11-25 02:28:21,803 [grpc-default-executor-0] INFO  server.RaftServer$Division (RaftServerImpl.java:setRole(290)) - a77dd090-2963-4745-95fa-35573f312ffb@group-58D710EC61B9: changes role from  FOLLOWER to FOLLOWER at term 5 for candidate:afe6738c-795d-4ad9-911f-77efc98b0ab7
2021-11-25 02:28:21,803 [grpc-default-executor-0] INFO  impl.RoleInfo (RoleInfo.java:shutdownFollowerState(108)) - a77dd090-2963-4745-95fa-35573f312ffb: shutdown a77dd090-2963-4745-95fa-35573f312ffb@group-58D710EC61B9-FollowerState
2021-11-25 02:28:21,804 [grpc-default-executor-0] INFO  impl.RoleInfo (RoleInfo.java:updateAndGet(130)) - a77dd090-2963-4745-95fa-35573f312ffb: start a77dd090-2963-4745-95fa-35573f312ffb@group-58D710EC61B9-FollowerState
2021-11-25 02:28:21,804 [a77dd090-2963-4745-95fa-35573f312ffb@group-58D710EC61B9-FollowerState] INFO  impl.FollowerState (FollowerState.java:run(143)) - a77dd090-2963-4745-95fa-35573f312ffb@group-58D710EC61B9-FollowerState was interrupted: {}
java.lang.InterruptedException: sleep interrupted
	at java.lang.Thread.sleep(Native Method)
	at java.lang.Thread.sleep(Thread.java:340)
	at java.util.concurrent.TimeUnit.sleep(TimeUnit.java:386)
	at org.apache.ratis.util.TimeDuration.sleep(TimeDuration.java:324)
	at org.apache.ratis.util.TimeDuration.sleep(TimeDuration.java:309)
	at org.apache.ratis.server.impl.FollowerState.run(FollowerState.java:118)
2021-11-25 02:28:21,805 [grpc-default-executor-1] INFO  server.RaftServer$Division (RaftServerImpl.java:requestVote(1078)) - 36951ec6-8ca2-46f2-ac0d-c1eb1dc0de60@group-58D710EC61B9 replies to ELECTION vote request: afe6738c-795d-4ad9-911f-77efc98b0ab7<-36951ec6-8ca2-46f2-ac0d-c1eb1dc0de60#0:OK-t5. Peer's state: 36951ec6-8ca2-46f2-ac0d-c1eb1dc0de60@group-58D710EC61B9:t5, leader=null, voted=afe6738c-795d-4ad9-911f-77efc98b0ab7, raftlog=36951ec6-8ca2-46f2-ac0d-c1eb1dc0de60@group-58D710EC61B9-SegmentedRaftLog:OPENED:c-1, conf=-1: [afe6738c-795d-4ad9-911f-77efc98b0ab7|rpc:10.1.0.13:38867|priority:1, 36951ec6-8ca2-46f2-ac0d-c1eb1dc0de60|rpc:10.1.0.13:41073|priority:0, a77dd090-2963-4745-95fa-35573f312ffb|rpc:10.1.0.13:36541|priority:0], old=null
2021-11-25 02:28:21,806 [afe6738c-795d-4ad9-911f-77efc98b0ab7@group-58D710EC61B9-LeaderElection58] INFO  impl.LeaderElection (LeaderElection.java:logAndReturn(89)) - afe6738c-795d-4ad9-911f-77efc98b0ab7@group-58D710EC61B9-LeaderElection58: ELECTION PASSED received 1 response(s) and 0 exception(s):
2021-11-25 02:28:21,806 [afe6738c-795d-4ad9-911f-77efc98b0ab7@group-58D710EC61B9-LeaderElection58] INFO  impl.LeaderElection (LeaderElection.java:logAndReturn(93)) -   Response 0: afe6738c-795d-4ad9-911f-77efc98b0ab7<-36951ec6-8ca2-46f2-ac0d-c1eb1dc0de60#0:OK-t5
2021-11-25 02:28:21,806 [afe6738c-795d-4ad9-911f-77efc98b0ab7@group-58D710EC61B9-LeaderElection58] INFO  impl.LeaderElection (LeaderElection.java:askForVotes(308)) - afe6738c-795d-4ad9-911f-77efc98b0ab7@group-58D710EC61B9-LeaderElection58 ELECTION round 0: result PASSED
2021-11-25 02:28:21,806 [afe6738c-795d-4ad9-911f-77efc98b0ab7@group-58D710EC61B9-LeaderElection58] INFO  impl.RoleInfo (RoleInfo.java:shutdownLeaderElection(121)) - afe6738c-795d-4ad9-911f-77efc98b0ab7: shutdown afe6738c-795d-4ad9-911f-77efc98b0ab7@group-58D710EC61B9-LeaderElection58
2021-11-25 02:28:21,806 [afe6738c-795d-4ad9-911f-77efc98b0ab7@group-58D710EC61B9-LeaderElection58] INFO  server.RaftServer$Division (RaftServerImpl.java:setRole(290)) - afe6738c-795d-4ad9-911f-77efc98b0ab7@group-58D710EC61B9: changes role from CANDIDATE to LEADER at term 5 for changeToLeader
2021-11-25 02:28:21,806 [afe6738c-795d-4ad9-911f-77efc98b0ab7@group-58D710EC61B9-LeaderElection58] INFO  ratis.XceiverServerRatis (XceiverServerRatis.java:handleLeaderChangedNotification(866)) - Leader change notification received for group: group-58D710EC61B9 with new leaderId: afe6738c-795d-4ad9-911f-77efc98b0ab7
2021-11-25 02:28:21,806 [afe6738c-795d-4ad9-911f-77efc98b0ab7@group-58D710EC61B9-LeaderElection58] INFO  server.RaftServer$Division (ServerState.java:setLeader(285)) - afe6738c-795d-4ad9-911f-77efc98b0ab7@group-58D710EC61B9: change Leader from null to afe6738c-795d-4ad9-911f-77efc98b0ab7 at term 5 for becomeLeader, leader elected after 25857ms
2021-11-25 02:28:21,806 [afe6738c-795d-4ad9-911f-77efc98b0ab7@group-58D710EC61B9-LeaderElection58] INFO  server.RaftServerConfigKeys (ConfUtils.java:logGet(44)) - raft.server.staging.catchup.gap = 1000 (default)
2021-11-25 02:28:21,807 [afe6738c-795d-4ad9-911f-77efc98b0ab7@group-58D710EC61B9-LeaderElection58] INFO  server.RaftServerConfigKeys (ConfUtils.java:logGet(44)) - raft.server.write.element-limit = 1024 (custom)
2021-11-25 02:28:21,807 [afe6738c-795d-4ad9-911f-77efc98b0ab7@group-58D710EC61B9-LeaderElection58] INFO  server.RaftServerConfigKeys (ConfUtils.java:logGet(44)) - raft.server.write.byte-limit = 1024 M (=1073741824) (custom)
2021-11-25 02:28:21,807 [afe6738c-795d-4ad9-911f-77efc98b0ab7@group-58D710EC61B9-LeaderElection58] INFO  server.RaftServerConfigKeys (ConfUtils.java:logGet(44)) - raft.server.watch.timeout = 3000ms (custom)
2021-11-25 02:28:21,807 [afe6738c-795d-4ad9-911f-77efc98b0ab7@group-58D710EC61B9-LeaderElection58] INFO  server.RaftServerConfigKeys (ConfUtils.java:logGet(44)) - raft.server.watch.timeout.denomination = 1s (default)
2021-11-25 02:28:21,807 [afe6738c-795d-4ad9-911f-77efc98b0ab7@group-58D710EC61B9-LeaderElection58] INFO  server.RaftServerConfigKeys (ConfUtils.java:logGet(44)) - raft.server.watch.element-limit = 65536 (default)
2021-11-25 02:28:21,807 [afe6738c-795d-4ad9-911f-77efc98b0ab7@group-58D710EC61B9-LeaderElection58] INFO  server.RaftServerConfigKeys (ConfUtils.java:logGet(44)) - raft.server.write.element-limit = 1024 (custom)
2021-11-25 02:28:21,807 [afe6738c-795d-4ad9-911f-77efc98b0ab7@group-58D710EC61B9-LeaderElection58] INFO  server.RaftServerConfigKeys (ConfUtils.java:logGet(44)) - raft.server.write.follower.gap.ratio.max = -1.0 (default)
2021-11-25 02:28:21,807 [afe6738c-795d-4ad9-911f-77efc98b0ab7@group-58D710EC61B9-LeaderElection58] INFO  server.RaftServerConfigKeys (ConfUtils.java:logGet(44)) - raft.server.log.appender.snapshot.chunk.size.max = 16MB (=16777216) (default)
2021-11-25 02:28:21,808 [afe6738c-795d-4ad9-911f-77efc98b0ab7@group-58D710EC61B9-LeaderElection58] INFO  server.RaftServerConfigKeys (ConfUtils.java:logGet(44)) - raft.server.log.appender.buffer.byte-limit = 33554432 (custom)
2021-11-25 02:28:21,808 [afe6738c-795d-4ad9-911f-77efc98b0ab7@group-58D710EC61B9-LeaderElection58] INFO  server.RaftServerConfigKeys (ConfUtils.java:logGet(44)) - raft.server.log.appender.buffer.element-limit = 1 (custom)
2021-11-25 02:28:21,808 [afe6738c-795d-4ad9-911f-77efc98b0ab7@group-58D710EC61B9-LeaderElection58] INFO  grpc.GrpcConfigKeys (ConfUtils.java:logGet(44)) - raft.grpc.server.leader.outstanding.appends.max = 128 (default)
2021-11-25 02:28:21,808 [afe6738c-795d-4ad9-911f-77efc98b0ab7@group-58D710EC61B9-LeaderElection58] INFO  server.RaftServerConfigKeys (ConfUtils.java:logGet(44)) - raft.server.rpc.request.timeout = 3000ms (default)
2021-11-25 02:28:21,808 [afe6738c-795d-4ad9-911f-77efc98b0ab7@group-58D710EC61B9-LeaderElection58] INFO  server.RaftServerConfigKeys (ConfUtils.java:logGet(44)) - raft.server.log.appender.install.snapshot.enabled = false (custom)
2021-11-25 02:28:21,809 [afe6738c-795d-4ad9-911f-77efc98b0ab7@group-58D710EC61B9-LeaderElection58] INFO  server.RaftServerConfigKeys (ConfUtils.java:logGet(44)) - raft.server.log.appender.snapshot.chunk.size.max = 16MB (=16777216) (default)
2021-11-25 02:28:21,809 [afe6738c-795d-4ad9-911f-77efc98b0ab7@group-58D710EC61B9-LeaderElection58] INFO  server.RaftServerConfigKeys (ConfUtils.java:logGet(44)) - raft.server.log.appender.buffer.byte-limit = 33554432 (custom)
2021-11-25 02:28:21,809 [afe6738c-795d-4ad9-911f-77efc98b0ab7@group-58D710EC61B9-LeaderElection58] INFO  server.RaftServerConfigKeys (ConfUtils.java:logGet(44)) - raft.server.log.appender.buffer.element-limit = 1 (custom)
2021-11-25 02:28:21,810 [afe6738c-795d-4ad9-911f-77efc98b0ab7@group-58D710EC61B9-LeaderElection58] INFO  grpc.GrpcConfigKeys (ConfUtils.java:logGet(44)) - raft.grpc.server.leader.outstanding.appends.max = 128 (default)
2021-11-25 02:28:21,810 [afe6738c-795d-4ad9-911f-77efc98b0ab7@group-58D710EC61B9-LeaderElection58] INFO  server.RaftServerConfigKeys (ConfUtils.java:logGet(44)) - raft.server.rpc.request.timeout = 3000ms (default)
2021-11-25 02:28:21,810 [afe6738c-795d-4ad9-911f-77efc98b0ab7@group-58D710EC61B9-LeaderElection58] INFO  server.RaftServerConfigKeys (ConfUtils.java:logGet(44)) - raft.server.log.appender.install.snapshot.enabled = false (custom)
2021-11-25 02:28:21,810 [grpc-default-executor-0] INFO  server.RaftServer$Division (RaftServerImpl.java:requestVote(1078)) - a77dd090-2963-4745-95fa-35573f312ffb@group-58D710EC61B9 replies to ELECTION vote request: afe6738c-795d-4ad9-911f-77efc98b0ab7<-a77dd090-2963-4745-95fa-35573f312ffb#0:OK-t5. Peer's state: a77dd090-2963-4745-95fa-35573f312ffb@group-58D710EC61B9:t5, leader=null, voted=afe6738c-795d-4ad9-911f-77efc98b0ab7, raftlog=a77dd090-2963-4745-95fa-35573f312ffb@group-58D710EC61B9-SegmentedRaftLog:OPENED:c-1, conf=-1: [afe6738c-795d-4ad9-911f-77efc98b0ab7|rpc:10.1.0.13:38867|dataStream:|priority:1, 36951ec6-8ca2-46f2-ac0d-c1eb1dc0de60|rpc:10.1.0.13:41073|dataStream:|priority:0, a77dd090-2963-4745-95fa-35573f312ffb|rpc:10.1.0.13:36541|dataStream:|priority:0], old=null
2021-11-25 02:28:21,812 [afe6738c-795d-4ad9-911f-77efc98b0ab7@group-58D710EC61B9-LeaderElection58] INFO  impl.RoleInfo (RoleInfo.java:updateAndGet(130)) - afe6738c-795d-4ad9-911f-77efc98b0ab7: start afe6738c-795d-4ad9-911f-77efc98b0ab7@group-58D710EC61B9-LeaderStateImpl
2021-11-25 02:28:21,812 [afe6738c-795d-4ad9-911f-77efc98b0ab7@group-58D710EC61B9-LeaderElection58] INFO  segmented.SegmentedRaftLogWorker (SegmentedRaftLogWorker.java:startLogSegment(394)) - afe6738c-795d-4ad9-911f-77efc98b0ab7@group-58D710EC61B9-SegmentedRaftLogWorker: Starting segment from index:0
2021-11-25 02:28:21,814 [afe6738c-795d-4ad9-911f-77efc98b0ab7@group-58D710EC61B9-SegmentedRaftLogWorker] INFO  segmented.SegmentedRaftLogWorker (SegmentedRaftLogWorker.java:execute(601)) - afe6738c-795d-4ad9-911f-77efc98b0ab7@group-58D710EC61B9-SegmentedRaftLogWorker: created new log segment /home/runner/work/ozone/ozone/hadoop-ozone/integration-test/target/test-dir/MiniOzoneClusterImpl-bf1a4df1-220d-4f19-a3f2-d6f00535f443/datanode-5/data/ratis/efb5a97a-2d66-44bc-b408-58d710ec61b9/current/log_inprogress_0
2021-11-25 02:28:21,815 [EventQueue-PipelineReportForPipelineReportHandler] INFO  pipeline.PipelineManagerImpl (PipelineManagerImpl.java:openPipeline(289)) - Pipeline Pipeline[ Id: efb5a97a-2d66-44bc-b408-58d710ec61b9, Nodes: 36951ec6-8ca2-46f2-ac0d-c1eb1dc0de60{ip: 10.1.0.13, host: fv-az12-931.exdb2aeach2ezidoxz41lk3bwg.cx.internal.cloudapp.net, ports: [REPLICATION=41733, RATIS=41073, RATIS_ADMIN=41073, RATIS_SERVER=41073, STANDALONE=36189], networkLocation: /default-rack, certSerialId: null, persistedOpState: IN_SERVICE, persistedOpStateExpiryEpochSec: 0}afe6738c-795d-4ad9-911f-77efc98b0ab7{ip: 10.1.0.13, host: fv-az12-931.exdb2aeach2ezidoxz41lk3bwg.cx.internal.cloudapp.net, ports: [REPLICATION=33917, RATIS=38867, RATIS_ADMIN=38867, RATIS_SERVER=38867, STANDALONE=40389], networkLocation: /default-rack, certSerialId: null, persistedOpState: IN_SERVICE, persistedOpStateExpiryEpochSec: 0}a77dd090-2963-4745-95fa-35573f312ffb{ip: 10.1.0.13, host: fv-az12-931.exdb2aeach2ezidoxz41lk3bwg.cx.internal.cloudapp.net, ports: [REPLICATION=35695, RATIS=36541, RATIS_ADMIN=36541, RATIS_SERVER=36541, STANDALONE=43867], networkLocation: /default-rack, certSerialId: null, persistedOpState: IN_SERVICE, persistedOpStateExpiryEpochSec: 0}, ReplicationConfig: RATIS/THREE, State:ALLOCATED, leaderId:afe6738c-795d-4ad9-911f-77efc98b0ab7, CreationTimestamp2021-11-25T02:27:54.148Z[Etc/UTC]] moved to OPEN state
2021-11-25 02:28:21,864 [grpc-default-executor-0] INFO  ratis.XceiverServerRatis (XceiverServerRatis.java:handleLeaderChangedNotification(866)) - Leader change notification received for group: group-58D710EC61B9 with new leaderId: afe6738c-795d-4ad9-911f-77efc98b0ab7
2021-11-25 02:28:21,864 [grpc-default-executor-0] INFO  server.RaftServer$Division (ServerState.java:setLeader(285)) - a77dd090-2963-4745-95fa-35573f312ffb@group-58D710EC61B9: change Leader from null to afe6738c-795d-4ad9-911f-77efc98b0ab7 at term 5 for appendEntries, leader elected after 25797ms
2021-11-25 02:28:21,875 [grpc-default-executor-3] INFO  ratis.XceiverServerRatis (XceiverServerRatis.java:handleLeaderChangedNotification(866)) - Leader change notification received for group: group-58D710EC61B9 with new leaderId: afe6738c-795d-4ad9-911f-77efc98b0ab7
2021-11-25 02:28:21,875 [grpc-default-executor-3] INFO  server.RaftServer$Division (ServerState.java:setLeader(285)) - 36951ec6-8ca2-46f2-ac0d-c1eb1dc0de60@group-58D710EC61B9: change Leader from null to afe6738c-795d-4ad9-911f-77efc98b0ab7 at term 5 for appendEntries, leader elected after 26068ms
2021-11-25 02:28:21,922 [afe6738c-795d-4ad9-911f-77efc98b0ab7@group-58D710EC61B9-LeaderElection58] INFO  server.RaftServer$Division (ServerState.java:setRaftConf(387)) - afe6738c-795d-4ad9-911f-77efc98b0ab7@group-58D710EC61B9: set configuration 0: [afe6738c-795d-4ad9-911f-77efc98b0ab7|rpc:10.1.0.13:38867|dataStream:|priority:1, 36951ec6-8ca2-46f2-ac0d-c1eb1dc0de60|rpc:10.1.0.13:41073|dataStream:|priority:0, a77dd090-2963-4745-95fa-35573f312ffb|rpc:10.1.0.13:36541|dataStream:|priority:0], old=null
2021-11-25 02:28:21,922 [grpc-default-executor-0] INFO  server.RaftServer$Division (ServerState.java:setRaftConf(387)) - a77dd090-2963-4745-95fa-35573f312ffb@group-58D710EC61B9: set configuration 0: [afe6738c-795d-4ad9-911f-77efc98b0ab7|rpc:10.1.0.13:38867|dataStream:|priority:1, 36951ec6-8ca2-46f2-ac0d-c1eb1dc0de60|rpc:10.1.0.13:41073|dataStream:|priority:0, a77dd090-2963-4745-95fa-35573f312ffb|rpc:10.1.0.13:36541|dataStream:|priority:0], old=null
2021-11-25 02:28:21,923 [grpc-default-executor-0] INFO  segmented.SegmentedRaftLogWorker (SegmentedRaftLogWorker.java:startLogSegment(394)) - a77dd090-2963-4745-95fa-35573f312ffb@group-58D710EC61B9-SegmentedRaftLogWorker: Starting segment from index:0
2021-11-25 02:28:21,930 [a77dd090-2963-4745-95fa-35573f312ffb@group-58D710EC61B9-SegmentedRaftLogWorker] INFO  segmented.SegmentedRaftLogWorker (SegmentedRaftLogWorker.java:execute(601)) - a77dd090-2963-4745-95fa-35573f312ffb@group-58D710EC61B9-SegmentedRaftLogWorker: created new log segment /home/runner/work/ozone/ozone/hadoop-ozone/integration-test/target/test-dir/MiniOzoneClusterImpl-bf1a4df1-220d-4f19-a3f2-d6f00535f443/datanode-4/data/ratis/efb5a97a-2d66-44bc-b408-58d710ec61b9/current/log_inprogress_0
2021-11-25 02:28:21,947 [grpc-default-executor-3] INFO  server.RaftServer$Division (ServerState.java:setRaftConf(387)) - 36951ec6-8ca2-46f2-ac0d-c1eb1dc0de60@group-58D710EC61B9: set configuration 0: [afe6738c-795d-4ad9-911f-77efc98b0ab7|rpc:10.1.0.13:38867|dataStream:|priority:1, 36951ec6-8ca2-46f2-ac0d-c1eb1dc0de60|rpc:10.1.0.13:41073|dataStream:|priority:0, a77dd090-2963-4745-95fa-35573f312ffb|rpc:10.1.0.13:36541|dataStream:|priority:0], old=null
2021-11-25 02:28:21,947 [grpc-default-executor-3] INFO  segmented.SegmentedRaftLogWorker (SegmentedRaftLogWorker.java:startLogSegment(394)) - 36951ec6-8ca2-46f2-ac0d-c1eb1dc0de60@group-58D710EC61B9-SegmentedRaftLogWorker: Starting segment from index:0
2021-11-25 02:28:21,949 [36951ec6-8ca2-46f2-ac0d-c1eb1dc0de60@group-58D710EC61B9-SegmentedRaftLogWorker] INFO  segmented.SegmentedRaftLogWorker (SegmentedRaftLogWorker.java:execute(601)) - 36951ec6-8ca2-46f2-ac0d-c1eb1dc0de60@group-58D710EC61B9-SegmentedRaftLogWorker: created new log segment /home/runner/work/ozone/ozone/hadoop-ozone/integration-test/target/test-dir/MiniOzoneClusterImpl-bf1a4df1-220d-4f19-a3f2-d6f00535f443/datanode-3/data/ratis/efb5a97a-2d66-44bc-b408-58d710ec61b9/current/log_inprogress_0
2021-11-25 02:28:23,980 [270b4571-6830-404f-969d-140ad9dcfc29@group-7B4FBFA5AF04-FollowerState] INFO  impl.FollowerState (FollowerState.java:run(134)) - 270b4571-6830-404f-969d-140ad9dcfc29@group-7B4FBFA5AF04-FollowerState: change to CANDIDATE, lastRpcElapsedTime:5014578242ns, electionTimeout:5004ms
2021-11-25 02:28:23,980 [270b4571-6830-404f-969d-140ad9dcfc29@group-7B4FBFA5AF04-FollowerState] INFO  impl.RoleInfo (RoleInfo.java:shutdownFollowerState(108)) - 270b4571-6830-404f-969d-140ad9dcfc29: shutdown 270b4571-6830-404f-969d-140ad9dcfc29@group-7B4FBFA5AF04-FollowerState
2021-11-25 02:28:23,980 [270b4571-6830-404f-969d-140ad9dcfc29@group-7B4FBFA5AF04-FollowerState] INFO  server.RaftServer$Division (RaftServerImpl.java:setRole(290)) - 270b4571-6830-404f-969d-140ad9dcfc29@group-7B4FBFA5AF04: changes role from  FOLLOWER to CANDIDATE at term 5 for changeToCandidate
2021-11-25 02:28:23,981 [270b4571-6830-404f-969d-140ad9dcfc29@group-7B4FBFA5AF04-FollowerState] INFO  server.RaftServerConfigKeys (ConfUtils.java:logGet(44)) - raft.server.leaderelection.pre-vote = false (custom)
2021-11-25 02:28:23,981 [270b4571-6830-404f-969d-140ad9dcfc29@group-7B4FBFA5AF04-FollowerState] INFO  impl.RoleInfo (RoleInfo.java:updateAndGet(130)) - 270b4571-6830-404f-969d-140ad9dcfc29: start 270b4571-6830-404f-969d-140ad9dcfc29@group-7B4FBFA5AF04-LeaderElection60
2021-11-25 02:28:23,987 [270b4571-6830-404f-969d-140ad9dcfc29@group-7B4FBFA5AF04-LeaderElection60] INFO  impl.LeaderElection (LeaderElection.java:askForVotes(306)) - 270b4571-6830-404f-969d-140ad9dcfc29@group-7B4FBFA5AF04-LeaderElection60 ELECTION round 0: submit vote requests at term 6 for -1: [270b4571-6830-404f-969d-140ad9dcfc29|rpc:10.1.0.13:46697|dataStream:|priority:0, 85323f18-cee6-4044-8995-00f3d4f90ee3|rpc:10.1.0.13:44439|dataStream:|priority:1, e244018c-c6e8-4e9d-8a67-72ce71f64a2e|rpc:10.1.0.13:35819|dataStream:|priority:0], old=null
2021-11-25 02:28:24,013 [85323f18-cee6-4044-8995-00f3d4f90ee3@group-7B4FBFA5AF04-FollowerState] INFO  impl.FollowerState (FollowerState.java:run(134)) - 85323f18-cee6-4044-8995-00f3d4f90ee3@group-7B4FBFA5AF04-FollowerState: change to CANDIDATE, lastRpcElapsedTime:5047446764ns, electionTimeout:5005ms
2021-11-25 02:28:24,013 [85323f18-cee6-4044-8995-00f3d4f90ee3@group-7B4FBFA5AF04-FollowerState] INFO  impl.RoleInfo (RoleInfo.java:shutdownFollowerState(108)) - 85323f18-cee6-4044-8995-00f3d4f90ee3: shutdown 85323f18-cee6-4044-8995-00f3d4f90ee3@group-7B4FBFA5AF04-FollowerState
2021-11-25 02:28:24,013 [85323f18-cee6-4044-8995-00f3d4f90ee3@group-7B4FBFA5AF04-FollowerState] INFO  server.RaftServer$Division (RaftServerImpl.java:setRole(290)) - 85323f18-cee6-4044-8995-00f3d4f90ee3@group-7B4FBFA5AF04: changes role from  FOLLOWER to CANDIDATE at term 5 for changeToCandidate
2021-11-25 02:28:24,013 [85323f18-cee6-4044-8995-00f3d4f90ee3@group-7B4FBFA5AF04-FollowerState] INFO  server.RaftServerConfigKeys (ConfUtils.java:logGet(44)) - raft.server.leaderelection.pre-vote = false (custom)
2021-11-25 02:28:24,013 [85323f18-cee6-4044-8995-00f3d4f90ee3@group-7B4FBFA5AF04-FollowerState] INFO  impl.RoleInfo (RoleInfo.java:updateAndGet(130)) - 85323f18-cee6-4044-8995-00f3d4f90ee3: start 85323f18-cee6-4044-8995-00f3d4f90ee3@group-7B4FBFA5AF04-LeaderElection61
2021-11-25 02:28:24,013 [grpc-default-executor-3] INFO  server.RaftServer$Division (RaftServerImpl.java:requestVote(1046)) - 85323f18-cee6-4044-8995-00f3d4f90ee3@group-7B4FBFA5AF04: receive requestVote(ELECTION, 270b4571-6830-404f-969d-140ad9dcfc29, group-7B4FBFA5AF04, 6, (t:0, i:0))
2021-11-25 02:28:24,037 [grpc-default-executor-3] INFO  impl.VoteContext (VoteContext.java:log(48)) - 85323f18-cee6-4044-8995-00f3d4f90ee3@group-7B4FBFA5AF04-CANDIDATE: reject ELECTION from 270b4571-6830-404f-969d-140ad9dcfc29: our last entry (t:4, i:0) > candidate's last entry (t:0, i:0)
2021-11-25 02:28:24,038 [grpc-default-executor-3] INFO  server.RaftServer$Division (RaftServerImpl.java:setRole(290)) - 85323f18-cee6-4044-8995-00f3d4f90ee3@group-7B4FBFA5AF04: changes role from CANDIDATE to FOLLOWER at term 6 for candidate:270b4571-6830-404f-969d-140ad9dcfc29
2021-11-25 02:28:24,038 [grpc-default-executor-3] INFO  impl.RoleInfo (RoleInfo.java:shutdownLeaderElection(121)) - 85323f18-cee6-4044-8995-00f3d4f90ee3: shutdown 85323f18-cee6-4044-8995-00f3d4f90ee3@group-7B4FBFA5AF04-LeaderElection61
2021-11-25 02:28:24,038 [grpc-default-executor-3] INFO  impl.RoleInfo (RoleInfo.java:updateAndGet(130)) - 85323f18-cee6-4044-8995-00f3d4f90ee3: start 85323f18-cee6-4044-8995-00f3d4f90ee3@group-7B4FBFA5AF04-FollowerState
2021-11-25 02:28:24,038 [85323f18-cee6-4044-8995-00f3d4f90ee3@group-7B4FBFA5AF04-LeaderElection61] INFO  impl.LeaderElection (LeaderElection.java:run(230)) - 85323f18-cee6-4044-8995-00f3d4f90ee3@group-7B4FBFA5AF04-LeaderElection61: skip running since this is already CLOSING
2021-11-25 02:28:24,044 [grpc-default-executor-0] INFO  server.RaftServer$Division (RaftServerImpl.java:requestVote(1046)) - e244018c-c6e8-4e9d-8a67-72ce71f64a2e@group-7B4FBFA5AF04: receive requestVote(ELECTION, 270b4571-6830-404f-969d-140ad9dcfc29, group-7B4FBFA5AF04, 6, (t:0, i:0))
2021-11-25 02:28:24,045 [grpc-default-executor-0] INFO  impl.VoteContext (VoteContext.java:log(48)) - e244018c-c6e8-4e9d-8a67-72ce71f64a2e@group-7B4FBFA5AF04-FOLLOWER: accept ELECTION from 270b4571-6830-404f-969d-140ad9dcfc29: our priority 0 <= candidate's priority 0
2021-11-25 02:28:24,045 [grpc-default-executor-0] INFO  server.RaftServer$Division (RaftServerImpl.java:setRole(290)) - e244018c-c6e8-4e9d-8a67-72ce71f64a2e@group-7B4FBFA5AF04: changes role from  FOLLOWER to FOLLOWER at term 6 for candidate:270b4571-6830-404f-969d-140ad9dcfc29
2021-11-25 02:28:24,045 [grpc-default-executor-0] INFO  impl.RoleInfo (RoleInfo.java:shutdownFollowerState(108)) - e244018c-c6e8-4e9d-8a67-72ce71f64a2e: shutdown e244018c-c6e8-4e9d-8a67-72ce71f64a2e@group-7B4FBFA5AF04-FollowerState
2021-11-25 02:28:24,046 [grpc-default-executor-0] INFO  impl.RoleInfo (RoleInfo.java:updateAndGet(130)) - e244018c-c6e8-4e9d-8a67-72ce71f64a2e: start e244018c-c6e8-4e9d-8a67-72ce71f64a2e@group-7B4FBFA5AF04-FollowerState
2021-11-25 02:28:24,049 [e244018c-c6e8-4e9d-8a67-72ce71f64a2e@group-7B4FBFA5AF04-FollowerState] INFO  impl.FollowerState (FollowerState.java:run(143)) - e244018c-c6e8-4e9d-8a67-72ce71f64a2e@group-7B4FBFA5AF04-FollowerState was interrupted: {}
java.lang.InterruptedException: sleep interrupted
	at java.lang.Thread.sleep(Native Method)
	at java.lang.Thread.sleep(Thread.java:340)
	at java.util.concurrent.TimeUnit.sleep(TimeUnit.java:386)
	at org.apache.ratis.util.TimeDuration.sleep(TimeDuration.java:324)
	at org.apache.ratis.util.TimeDuration.sleep(TimeDuration.java:309)
	at org.apache.ratis.server.impl.FollowerState.run(FollowerState.java:118)
2021-11-25 02:28:24,050 [grpc-default-executor-3] INFO  server.RaftServer$Division (RaftServerImpl.java:requestVote(1078)) - 85323f18-cee6-4044-8995-00f3d4f90ee3@group-7B4FBFA5AF04 replies to ELECTION vote request: 270b4571-6830-404f-969d-140ad9dcfc29<-85323f18-cee6-4044-8995-00f3d4f90ee3#0:FAIL-t6. Peer's state: 85323f18-cee6-4044-8995-00f3d4f90ee3@group-7B4FBFA5AF04:t6, leader=null, voted=null, raftlog=85323f18-cee6-4044-8995-00f3d4f90ee3@group-7B4FBFA5AF04-SegmentedRaftLog:OPENED:c-1, conf=0: [270b4571-6830-404f-969d-140ad9dcfc29|rpc:10.1.0.13:46697|dataStream:|priority:0, 85323f18-cee6-4044-8995-00f3d4f90ee3|rpc:10.1.0.13:44439|dataStream:|priority:1, e244018c-c6e8-4e9d-8a67-72ce71f64a2e|rpc:10.1.0.13:35819|dataStream:|priority:0], old=null
2021-11-25 02:28:24,051 [grpc-default-executor-0] INFO  server.RaftServer$Division (RaftServerImpl.java:requestVote(1078)) - e244018c-c6e8-4e9d-8a67-72ce71f64a2e@group-7B4FBFA5AF04 replies to ELECTION vote request: 270b4571-6830-404f-969d-140ad9dcfc29<-e244018c-c6e8-4e9d-8a67-72ce71f64a2e#0:OK-t6. Peer's state: e244018c-c6e8-4e9d-8a67-72ce71f64a2e@group-7B4FBFA5AF04:t6, leader=null, voted=270b4571-6830-404f-969d-140ad9dcfc29, raftlog=e244018c-c6e8-4e9d-8a67-72ce71f64a2e@group-7B4FBFA5AF04-SegmentedRaftLog:OPENED:c-1, conf=-1: [270b4571-6830-404f-969d-140ad9dcfc29|rpc:10.1.0.13:46697|priority:0, 85323f18-cee6-4044-8995-00f3d4f90ee3|rpc:10.1.0.13:44439|priority:1, e244018c-c6e8-4e9d-8a67-72ce71f64a2e|rpc:10.1.0.13:35819|priority:0], old=null
2021-11-25 02:28:24,051 [270b4571-6830-404f-969d-140ad9dcfc29@group-7B4FBFA5AF04-LeaderElection60] INFO  impl.LeaderElection (LeaderElection.java:logAndReturn(89)) - 270b4571-6830-404f-969d-140ad9dcfc29@group-7B4FBFA5AF04-LeaderElection60: ELECTION REJECTED received 1 response(s) and 0 exception(s):
2021-11-25 02:28:24,051 [270b4571-6830-404f-969d-140ad9dcfc29@group-7B4FBFA5AF04-LeaderElection60] INFO  impl.LeaderElection (LeaderElection.java:logAndReturn(93)) -   Response 0: 270b4571-6830-404f-969d-140ad9dcfc29<-85323f18-cee6-4044-8995-00f3d4f90ee3#0:FAIL-t6
2021-11-25 02:28:24,051 [270b4571-6830-404f-969d-140ad9dcfc29@group-7B4FBFA5AF04-LeaderElection60] INFO  impl.LeaderElection (LeaderElection.java:askForVotes(308)) - 270b4571-6830-404f-969d-140ad9dcfc29@group-7B4FBFA5AF04-LeaderElection60 ELECTION round 0: result REJECTED
2021-11-25 02:28:24,051 [270b4571-6830-404f-969d-140ad9dcfc29@group-7B4FBFA5AF04-LeaderElection60] INFO  server.RaftServer$Division (RaftServerImpl.java:setRole(290)) - 270b4571-6830-404f-969d-140ad9dcfc29@group-7B4FBFA5AF04: changes role from CANDIDATE to FOLLOWER at term 6 for REJECTED
2021-11-25 02:28:24,051 [270b4571-6830-404f-969d-140ad9dcfc29@group-7B4FBFA5AF04-LeaderElection60] INFO  impl.RoleInfo (RoleInfo.java:shutdownLeaderElection(121)) - 270b4571-6830-404f-969d-140ad9dcfc29: shutdown 270b4571-6830-404f-969d-140ad9dcfc29@group-7B4FBFA5AF04-LeaderElection60
2021-11-25 02:28:24,051 [270b4571-6830-404f-969d-140ad9dcfc29@group-7B4FBFA5AF04-LeaderElection60] INFO  impl.RoleInfo (RoleInfo.java:updateAndGet(130)) - 270b4571-6830-404f-969d-140ad9dcfc29: start 270b4571-6830-404f-969d-140ad9dcfc29@group-7B4FBFA5AF04-FollowerState
2021-11-25 02:28:24,704 [e8e4a09d-b55f-46fb-afd1-8638ca612560@group-8550D68C7491-FollowerState] INFO  impl.FollowerState (FollowerState.java:run(134)) - e8e4a09d-b55f-46fb-afd1-8638ca612560@group-8550D68C7491-FollowerState: change to CANDIDATE, lastRpcElapsedTime:5079979681ns, electionTimeout:5049ms
2021-11-25 02:28:24,704 [e8e4a09d-b55f-46fb-afd1-8638ca612560@group-8550D68C7491-FollowerState] INFO  impl.RoleInfo (RoleInfo.java:shutdownFollowerState(108)) - e8e4a09d-b55f-46fb-afd1-8638ca612560: shutdown e8e4a09d-b55f-46fb-afd1-8638ca612560@group-8550D68C7491-FollowerState
2021-11-25 02:28:24,704 [e8e4a09d-b55f-46fb-afd1-8638ca612560@group-8550D68C7491-FollowerState] INFO  server.RaftServer$Division (RaftServerImpl.java:setRole(290)) - e8e4a09d-b55f-46fb-afd1-8638ca612560@group-8550D68C7491: changes role from  FOLLOWER to CANDIDATE at term 5 for changeToCandidate
2021-11-25 02:28:24,704 [e8e4a09d-b55f-46fb-afd1-8638ca612560@group-8550D68C7491-FollowerState] INFO  server.RaftServerConfigKeys (ConfUtils.java:logGet(44)) - raft.server.leaderelection.pre-vote = false (custom)
2021-11-25 02:28:24,704 [e8e4a09d-b55f-46fb-afd1-8638ca612560@group-8550D68C7491-FollowerState] INFO  impl.RoleInfo (RoleInfo.java:updateAndGet(130)) - e8e4a09d-b55f-46fb-afd1-8638ca612560: start e8e4a09d-b55f-46fb-afd1-8638ca612560@group-8550D68C7491-LeaderElection62
2021-11-25 02:28:24,720 [e8e4a09d-b55f-46fb-afd1-8638ca612560@group-8550D68C7491-LeaderElection62] INFO  impl.LeaderElection (LeaderElection.java:askForVotes(306)) - e8e4a09d-b55f-46fb-afd1-8638ca612560@group-8550D68C7491-LeaderElection62 ELECTION round 0: submit vote requests at term 6 for -1: [e8e4a09d-b55f-46fb-afd1-8638ca612560|rpc:10.1.0.13:42859|dataStream:|priority:1, 7b8694ed-f626-45d7-ad92-ba79cd2bf69c|rpc:10.1.0.13:33171|dataStream:|priority:0, a8a586c2-f99e-4cfe-9d52-03ddcdbedb28|rpc:10.1.0.13:36737|dataStream:|priority:0], old=null
2021-11-25 02:28:24,758 [grpc-default-executor-0] INFO  server.RaftServer$Division (RaftServerImpl.java:requestVote(1046)) - 7b8694ed-f626-45d7-ad92-ba79cd2bf69c@group-8550D68C7491: receive requestVote(ELECTION, e8e4a09d-b55f-46fb-afd1-8638ca612560, group-8550D68C7491, 6, (t:0, i:0))
2021-11-25 02:28:24,758 [grpc-default-executor-0] INFO  impl.VoteContext (VoteContext.java:log(48)) - 7b8694ed-f626-45d7-ad92-ba79cd2bf69c@group-8550D68C7491-FOLLOWER: accept ELECTION from e8e4a09d-b55f-46fb-afd1-8638ca612560: our priority 0 <= candidate's priority 1
2021-11-25 02:28:24,758 [grpc-default-executor-0] INFO  server.RaftServer$Division (RaftServerImpl.java:setRole(290)) - 7b8694ed-f626-45d7-ad92-ba79cd2bf69c@group-8550D68C7491: changes role from  FOLLOWER to FOLLOWER at term 6 for candidate:e8e4a09d-b55f-46fb-afd1-8638ca612560
2021-11-25 02:28:24,758 [grpc-default-executor-0] INFO  impl.RoleInfo (RoleInfo.java:shutdownFollowerState(108)) - 7b8694ed-f626-45d7-ad92-ba79cd2bf69c: shutdown 7b8694ed-f626-45d7-ad92-ba79cd2bf69c@group-8550D68C7491-FollowerState
2021-11-25 02:28:24,765 [grpc-default-executor-0] INFO  impl.RoleInfo (RoleInfo.java:updateAndGet(130)) - 7b8694ed-f626-45d7-ad92-ba79cd2bf69c: start 7b8694ed-f626-45d7-ad92-ba79cd2bf69c@group-8550D68C7491-FollowerState
2021-11-25 02:28:24,772 [a8a586c2-f99e-4cfe-9d52-03ddcdbedb28@group-8550D68C7491-FollowerState] INFO  impl.FollowerState (FollowerState.java:run(134)) - a8a586c2-f99e-4cfe-9d52-03ddcdbedb28@group-8550D68C7491-FollowerState: change to CANDIDATE, lastRpcElapsedTime:5106113938ns, electionTimeout:5094ms
2021-11-25 02:28:24,772 [a8a586c2-f99e-4cfe-9d52-03ddcdbedb28@group-8550D68C7491-FollowerState] INFO  impl.RoleInfo (RoleInfo.java:shutdownFollowerState(108)) - a8a586c2-f99e-4cfe-9d52-03ddcdbedb28: shutdown a8a586c2-f99e-4cfe-9d52-03ddcdbedb28@group-8550D68C7491-FollowerState
2021-11-25 02:28:24,772 [a8a586c2-f99e-4cfe-9d52-03ddcdbedb28@group-8550D68C7491-FollowerState] INFO  server.RaftServer$Division (RaftServerImpl.java:setRole(290)) - a8a586c2-f99e-4cfe-9d52-03ddcdbedb28@group-8550D68C7491: changes role from  FOLLOWER to CANDIDATE at term 5 for changeToCandidate
2021-11-25 02:28:24,772 [a8a586c2-f99e-4cfe-9d52-03ddcdbedb28@group-8550D68C7491-FollowerState] INFO  server.RaftServerConfigKeys (ConfUtils.java:logGet(44)) - raft.server.leaderelection.pre-vote = false (custom)
2021-11-25 02:28:24,772 [a8a586c2-f99e-4cfe-9d52-03ddcdbedb28@group-8550D68C7491-FollowerState] INFO  impl.RoleInfo (RoleInfo.java:updateAndGet(130)) - a8a586c2-f99e-4cfe-9d52-03ddcdbedb28: start a8a586c2-f99e-4cfe-9d52-03ddcdbedb28@group-8550D68C7491-LeaderElection63
2021-11-25 02:28:24,773 [7b8694ed-f626-45d7-ad92-ba79cd2bf69c@group-8550D68C7491-FollowerState] INFO  impl.FollowerState (FollowerState.java:run(143)) - 7b8694ed-f626-45d7-ad92-ba79cd2bf69c@group-8550D68C7491-FollowerState was interrupted: {}
java.lang.InterruptedException: sleep interrupted
	at java.lang.Thread.sleep(Native Method)
	at java.lang.Thread.sleep(Thread.java:340)
	at java.util.concurrent.TimeUnit.sleep(TimeUnit.java:386)
	at org.apache.ratis.util.TimeDuration.sleep(TimeDuration.java:324)
	at org.apache.ratis.util.TimeDuration.sleep(TimeDuration.java:309)
	at org.apache.ratis.server.impl.FollowerState.run(FollowerState.java:118)
2021-11-25 02:28:24,773 [grpc-default-executor-0] INFO  server.RaftServer$Division (RaftServerImpl.java:requestVote(1078)) - 7b8694ed-f626-45d7-ad92-ba79cd2bf69c@group-8550D68C7491 replies to ELECTION vote request: e8e4a09d-b55f-46fb-afd1-8638ca612560<-7b8694ed-f626-45d7-ad92-ba79cd2bf69c#0:OK-t6. Peer's state: 7b8694ed-f626-45d7-ad92-ba79cd2bf69c@group-8550D68C7491:t6, leader=null, voted=e8e4a09d-b55f-46fb-afd1-8638ca612560, raftlog=7b8694ed-f626-45d7-ad92-ba79cd2bf69c@group-8550D68C7491-SegmentedRaftLog:OPENED:c-1, conf=-1: [e8e4a09d-b55f-46fb-afd1-8638ca612560|rpc:10.1.0.13:42859|priority:1, 7b8694ed-f626-45d7-ad92-ba79cd2bf69c|rpc:10.1.0.13:33171|priority:0, a8a586c2-f99e-4cfe-9d52-03ddcdbedb28|rpc:10.1.0.13:36737|priority:0], old=null
2021-11-25 02:28:24,794 [e8e4a09d-b55f-46fb-afd1-8638ca612560@group-8550D68C7491-LeaderElection62] INFO  impl.LeaderElection (LeaderElection.java:logAndReturn(89)) - e8e4a09d-b55f-46fb-afd1-8638ca612560@group-8550D68C7491-LeaderElection62: ELECTION PASSED received 1 response(s) and 0 exception(s):
2021-11-25 02:28:24,794 [e8e4a09d-b55f-46fb-afd1-8638ca612560@group-8550D68C7491-LeaderElection62] INFO  impl.LeaderElection (LeaderElection.java:logAndReturn(93)) -   Response 0: e8e4a09d-b55f-46fb-afd1-8638ca612560<-7b8694ed-f626-45d7-ad92-ba79cd2bf69c#0:OK-t6
2021-11-25 02:28:24,794 [e8e4a09d-b55f-46fb-afd1-8638ca612560@group-8550D68C7491-LeaderElection62] INFO  impl.LeaderElection (LeaderElection.java:askForVotes(308)) - e8e4a09d-b55f-46fb-afd1-8638ca612560@group-8550D68C7491-LeaderElection62 ELECTION round 0: result PASSED
2021-11-25 02:28:24,794 [e8e4a09d-b55f-46fb-afd1-8638ca612560@group-8550D68C7491-LeaderElection62] INFO  impl.RoleInfo (RoleInfo.java:shutdownLeaderElection(121)) - e8e4a09d-b55f-46fb-afd1-8638ca612560: shutdown e8e4a09d-b55f-46fb-afd1-8638ca612560@group-8550D68C7491-LeaderElection62
2021-11-25 02:28:24,794 [e8e4a09d-b55f-46fb-afd1-8638ca612560@group-8550D68C7491-LeaderElection62] INFO  server.RaftServer$Division (RaftServerImpl.java:setRole(290)) - e8e4a09d-b55f-46fb-afd1-8638ca612560@group-8550D68C7491: changes role from CANDIDATE to LEADER at term 6 for changeToLeader
2021-11-25 02:28:24,794 [grpc-default-executor-0] INFO  server.RaftServer$Division (RaftServerImpl.java:requestVote(1046)) - a8a586c2-f99e-4cfe-9d52-03ddcdbedb28@group-8550D68C7491: receive requestVote(ELECTION, e8e4a09d-b55f-46fb-afd1-8638ca612560, group-8550D68C7491, 6, (t:0, i:0))
2021-11-25 02:28:24,795 [grpc-default-executor-0] INFO  impl.VoteContext (VoteContext.java:log(48)) - a8a586c2-f99e-4cfe-9d52-03ddcdbedb28@group-8550D68C7491-CANDIDATE: accept ELECTION from e8e4a09d-b55f-46fb-afd1-8638ca612560: our priority 0 <= candidate's priority 1
2021-11-25 02:28:24,795 [grpc-default-executor-0] INFO  server.RaftServer$Division (RaftServerImpl.java:setRole(290)) - a8a586c2-f99e-4cfe-9d52-03ddcdbedb28@group-8550D68C7491: changes role from CANDIDATE to FOLLOWER at term 6 for candidate:e8e4a09d-b55f-46fb-afd1-8638ca612560
2021-11-25 02:28:24,795 [grpc-default-executor-0] INFO  impl.RoleInfo (RoleInfo.java:shutdownLeaderElection(121)) - a8a586c2-f99e-4cfe-9d52-03ddcdbedb28: shutdown a8a586c2-f99e-4cfe-9d52-03ddcdbedb28@group-8550D68C7491-LeaderElection63
2021-11-25 02:28:24,795 [grpc-default-executor-0] INFO  impl.RoleInfo (RoleInfo.java:updateAndGet(130)) - a8a586c2-f99e-4cfe-9d52-03ddcdbedb28: start a8a586c2-f99e-4cfe-9d52-03ddcdbedb28@group-8550D68C7491-FollowerState
2021-11-25 02:28:24,795 [e8e4a09d-b55f-46fb-afd1-8638ca612560@group-8550D68C7491-LeaderElection62] INFO  ratis.XceiverServerRatis (XceiverServerRatis.java:handleLeaderChangedNotification(866)) - Leader change notification received for group: group-8550D68C7491 with new leaderId: e8e4a09d-b55f-46fb-afd1-8638ca612560
2021-11-25 02:28:24,795 [a8a586c2-f99e-4cfe-9d52-03ddcdbedb28@group-8550D68C7491-LeaderElection63] INFO  impl.LeaderElection (LeaderElection.java:run(230)) - a8a586c2-f99e-4cfe-9d52-03ddcdbedb28@group-8550D68C7491-LeaderElection63: skip running since this is already CLOSING
2021-11-25 02:28:24,797 [e8e4a09d-b55f-46fb-afd1-8638ca612560@group-8550D68C7491-LeaderElection62] INFO  server.RaftServer$Division (ServerState.java:setLeader(285)) - e8e4a09d-b55f-46fb-afd1-8638ca612560@group-8550D68C7491: change Leader from null to e8e4a09d-b55f-46fb-afd1-8638ca612560 at term 6 for becomeLeader, leader elected after 30737ms
2021-11-25 02:28:24,797 [e8e4a09d-b55f-46fb-afd1-8638ca612560@group-8550D68C7491-LeaderElection62] INFO  server.RaftServerConfigKeys (ConfUtils.java:logGet(44)) - raft.server.staging.catchup.gap = 1000 (default)
2021-11-25 02:28:24,798 [e8e4a09d-b55f-46fb-afd1-8638ca612560@group-8550D68C7491-LeaderElection62] INFO  server.RaftServerConfigKeys (ConfUtils.java:logGet(44)) - raft.server.write.element-limit = 1024 (custom)
2021-11-25 02:28:24,798 [e8e4a09d-b55f-46fb-afd1-8638ca612560@group-8550D68C7491-LeaderElection62] INFO  server.RaftServerConfigKeys (ConfUtils.java:logGet(44)) - raft.server.write.byte-limit = 1024 M (=1073741824) (custom)
2021-11-25 02:28:24,798 [e8e4a09d-b55f-46fb-afd1-8638ca612560@group-8550D68C7491-LeaderElection62] INFO  server.RaftServerConfigKeys (ConfUtils.java:logGet(44)) - raft.server.watch.timeout = 3000ms (custom)
2021-11-25 02:28:24,798 [e8e4a09d-b55f-46fb-afd1-8638ca612560@group-8550D68C7491-LeaderElection62] INFO  server.RaftServerConfigKeys (ConfUtils.java:logGet(44)) - raft.server.watch.timeout.denomination = 1s (default)
2021-11-25 02:28:24,798 [e8e4a09d-b55f-46fb-afd1-8638ca612560@group-8550D68C7491-LeaderElection62] INFO  server.RaftServerConfigKeys (ConfUtils.java:logGet(44)) - raft.server.watch.element-limit = 65536 (default)
2021-11-25 02:28:24,798 [e8e4a09d-b55f-46fb-afd1-8638ca612560@group-8550D68C7491-LeaderElection62] INFO  server.RaftServerConfigKeys (ConfUtils.java:logGet(44)) - raft.server.write.element-limit = 1024 (custom)
2021-11-25 02:28:24,798 [e8e4a09d-b55f-46fb-afd1-8638ca612560@group-8550D68C7491-LeaderElection62] INFO  server.RaftServerConfigKeys (ConfUtils.java:logGet(44)) - raft.server.write.follower.gap.ratio.max = -1.0 (default)
2021-11-25 02:28:24,798 [e8e4a09d-b55f-46fb-afd1-8638ca612560@group-8550D68C7491-LeaderElection62] INFO  server.RaftServerConfigKeys (ConfUtils.java:logGet(44)) - raft.server.log.appender.snapshot.chunk.size.max = 16MB (=16777216) (default)
2021-11-25 02:28:24,798 [e8e4a09d-b55f-46fb-afd1-8638ca612560@group-8550D68C7491-LeaderElection62] INFO  server.RaftServerConfigKeys (ConfUtils.java:logGet(44)) - raft.server.log.appender.buffer.byte-limit = 33554432 (custom)
2021-11-25 02:28:24,799 [e8e4a09d-b55f-46fb-afd1-8638ca612560@group-8550D68C7491-LeaderElection62] INFO  server.RaftServerConfigKeys (ConfUtils.java:logGet(44)) - raft.server.log.appender.buffer.element-limit = 1 (custom)
2021-11-25 02:28:24,799 [e8e4a09d-b55f-46fb-afd1-8638ca612560@group-8550D68C7491-LeaderElection62] INFO  grpc.GrpcConfigKeys (ConfUtils.java:logGet(44)) - raft.grpc.server.leader.outstanding.appends.max = 128 (default)
2021-11-25 02:28:24,799 [e8e4a09d-b55f-46fb-afd1-8638ca612560@group-8550D68C7491-LeaderElection62] INFO  server.RaftServerConfigKeys (ConfUtils.java:logGet(44)) - raft.server.rpc.request.timeout = 3000ms (default)
2021-11-25 02:28:24,799 [e8e4a09d-b55f-46fb-afd1-8638ca612560@group-8550D68C7491-LeaderElection62] INFO  server.RaftServerConfigKeys (ConfUtils.java:logGet(44)) - raft.server.log.appender.install.snapshot.enabled = false (custom)
2021-11-25 02:28:24,801 [EventQueue-PipelineReportForPipelineReportHandler] INFO  pipeline.PipelineManagerImpl (PipelineManagerImpl.java:openPipeline(289)) - Pipeline Pipeline[ Id: d4289eb7-cbdd-466a-ac91-8550d68c7491, Nodes: 7b8694ed-f626-45d7-ad92-ba79cd2bf69c{ip: 10.1.0.13, host: fv-az12-931.exdb2aeach2ezidoxz41lk3bwg.cx.internal.cloudapp.net, ports: [REPLICATION=42223, RATIS=33171, RATIS_ADMIN=33171, RATIS_SERVER=33171, STANDALONE=39971], networkLocation: /default-rack, certSerialId: null, persistedOpState: IN_SERVICE, persistedOpStateExpiryEpochSec: 0}a8a586c2-f99e-4cfe-9d52-03ddcdbedb28{ip: 10.1.0.13, host: fv-az12-931.exdb2aeach2ezidoxz41lk3bwg.cx.internal.cloudapp.net, ports: [REPLICATION=38601, RATIS=36737, RATIS_ADMIN=36737, RATIS_SERVER=36737, STANDALONE=38157], networkLocation: /default-rack, certSerialId: null, persistedOpState: IN_SERVICE, persistedOpStateExpiryEpochSec: 0}e8e4a09d-b55f-46fb-afd1-8638ca612560{ip: 10.1.0.13, host: fv-az12-931.exdb2aeach2ezidoxz41lk3bwg.cx.internal.cloudapp.net, ports: [REPLICATION=36327, RATIS=42859, RATIS_ADMIN=42859, RATIS_SERVER=42859, STANDALONE=40621], networkLocation: /default-rack, certSerialId: null, persistedOpState: IN_SERVICE, persistedOpStateExpiryEpochSec: 0}, ReplicationConfig: RATIS/THREE, State:ALLOCATED, leaderId:e8e4a09d-b55f-46fb-afd1-8638ca612560, CreationTimestamp2021-11-25T02:27:51.998Z[Etc/UTC]] moved to OPEN state
2021-11-25 02:28:24,805 [e8e4a09d-b55f-46fb-afd1-8638ca612560@group-8550D68C7491-LeaderElection62] INFO  server.RaftServerConfigKeys (ConfUtils.java:logGet(44)) - raft.server.log.appender.snapshot.chunk.size.max = 16MB (=16777216) (default)
2021-11-25 02:28:24,806 [e8e4a09d-b55f-46fb-afd1-8638ca612560@group-8550D68C7491-LeaderElection62] INFO  server.RaftServerConfigKeys (ConfUtils.java:logGet(44)) - raft.server.log.appender.buffer.byte-limit = 33554432 (custom)
2021-11-25 02:28:24,806 [e8e4a09d-b55f-46fb-afd1-8638ca612560@group-8550D68C7491-LeaderElection62] INFO  server.RaftServerConfigKeys (ConfUtils.java:logGet(44)) - raft.server.log.appender.buffer.element-limit = 1 (custom)
2021-11-25 02:28:24,806 [e8e4a09d-b55f-46fb-afd1-8638ca612560@group-8550D68C7491-LeaderElection62] INFO  grpc.GrpcConfigKeys (ConfUtils.java:logGet(44)) - raft.grpc.server.leader.outstanding.appends.max = 128 (default)
2021-11-25 02:28:24,806 [e8e4a09d-b55f-46fb-afd1-8638ca612560@group-8550D68C7491-LeaderElection62] INFO  server.RaftServerConfigKeys (ConfUtils.java:logGet(44)) - raft.server.rpc.request.timeout = 3000ms (default)
2021-11-25 02:28:24,806 [e8e4a09d-b55f-46fb-afd1-8638ca612560@group-8550D68C7491-LeaderElection62] INFO  server.RaftServerConfigKeys (ConfUtils.java:logGet(44)) - raft.server.log.appender.install.snapshot.enabled = false (custom)
2021-11-25 02:28:24,806 [grpc-default-executor-0] INFO  server.RaftServer$Division (RaftServerImpl.java:requestVote(1078)) - a8a586c2-f99e-4cfe-9d52-03ddcdbedb28@group-8550D68C7491 replies to ELECTION vote request: e8e4a09d-b55f-46fb-afd1-8638ca612560<-a8a586c2-f99e-4cfe-9d52-03ddcdbedb28#0:OK-t6. Peer's state: a8a586c2-f99e-4cfe-9d52-03ddcdbedb28@group-8550D68C7491:t6, leader=null, voted=e8e4a09d-b55f-46fb-afd1-8638ca612560, raftlog=a8a586c2-f99e-4cfe-9d52-03ddcdbedb28@group-8550D68C7491-SegmentedRaftLog:OPENED:c-1, conf=-1: [e8e4a09d-b55f-46fb-afd1-8638ca612560|rpc:10.1.0.13:42859|dataStream:|priority:1, 7b8694ed-f626-45d7-ad92-ba79cd2bf69c|rpc:10.1.0.13:33171|dataStream:|priority:0, a8a586c2-f99e-4cfe-9d52-03ddcdbedb28|rpc:10.1.0.13:36737|dataStream:|priority:0], old=null
2021-11-25 02:28:24,807 [e8e4a09d-b55f-46fb-afd1-8638ca612560@group-8550D68C7491-LeaderElection62] INFO  impl.RoleInfo (RoleInfo.java:updateAndGet(130)) - e8e4a09d-b55f-46fb-afd1-8638ca612560: start e8e4a09d-b55f-46fb-afd1-8638ca612560@group-8550D68C7491-LeaderStateImpl
2021-11-25 02:28:24,809 [e8e4a09d-b55f-46fb-afd1-8638ca612560@group-8550D68C7491-LeaderElection62] INFO  segmented.SegmentedRaftLogWorker (SegmentedRaftLogWorker.java:startLogSegment(394)) - e8e4a09d-b55f-46fb-afd1-8638ca612560@group-8550D68C7491-SegmentedRaftLogWorker: Starting segment from index:0
2021-11-25 02:28:24,811 [e8e4a09d-b55f-46fb-afd1-8638ca612560@group-8550D68C7491-SegmentedRaftLogWorker] INFO  segmented.SegmentedRaftLogWorker (SegmentedRaftLogWorker.java:execute(601)) - e8e4a09d-b55f-46fb-afd1-8638ca612560@group-8550D68C7491-SegmentedRaftLogWorker: created new log segment /home/runner/work/ozone/ozone/hadoop-ozone/integration-test/target/test-dir/MiniOzoneClusterImpl-bf1a4df1-220d-4f19-a3f2-d6f00535f443/datanode-2/data/ratis/d4289eb7-cbdd-466a-ac91-8550d68c7491/current/log_inprogress_0
2021-11-25 02:28:24,846 [grpc-default-executor-3] INFO  ratis.XceiverServerRatis (XceiverServerRatis.java:handleLeaderChangedNotification(866)) - Leader change notification received for group: group-8550D68C7491 with new leaderId: e8e4a09d-b55f-46fb-afd1-8638ca612560
2021-11-25 02:28:24,846 [grpc-default-executor-3] INFO  server.RaftServer$Division (ServerState.java:setLeader(285)) - a8a586c2-f99e-4cfe-9d52-03ddcdbedb28@group-8550D68C7491: change Leader from null to e8e4a09d-b55f-46fb-afd1-8638ca612560 at term 6 for appendEntries, leader elected after 31084ms
2021-11-25 02:28:24,874 [e8e4a09d-b55f-46fb-afd1-8638ca612560@group-8550D68C7491-LeaderElection62] INFO  server.RaftServer$Division (ServerState.java:setRaftConf(387)) - e8e4a09d-b55f-46fb-afd1-8638ca612560@group-8550D68C7491: set configuration 0: [e8e4a09d-b55f-46fb-afd1-8638ca612560|rpc:10.1.0.13:42859|dataStream:|priority:1, 7b8694ed-f626-45d7-ad92-ba79cd2bf69c|rpc:10.1.0.13:33171|dataStream:|priority:0, a8a586c2-f99e-4cfe-9d52-03ddcdbedb28|rpc:10.1.0.13:36737|dataStream:|priority:0], old=null
2021-11-25 02:28:24,901 [grpc-default-executor-1] INFO  ratis.XceiverServerRatis (XceiverServerRatis.java:handleLeaderChangedNotification(866)) - Leader change notification received for group: group-8550D68C7491 with new leaderId: e8e4a09d-b55f-46fb-afd1-8638ca612560
2021-11-25 02:28:24,901 [grpc-default-executor-1] INFO  server.RaftServer$Division (ServerState.java:setLeader(285)) - 7b8694ed-f626-45d7-ad92-ba79cd2bf69c@group-8550D68C7491: change Leader from null to e8e4a09d-b55f-46fb-afd1-8638ca612560 at term 6 for appendEntries, leader elected after 31252ms
2021-11-25 02:28:24,924 [grpc-default-executor-3] INFO  server.RaftServer$Division (ServerState.java:setRaftConf(387)) - a8a586c2-f99e-4cfe-9d52-03ddcdbedb28@group-8550D68C7491: set configuration 0: [e8e4a09d-b55f-46fb-afd1-8638ca612560|rpc:10.1.0.13:42859|dataStream:|priority:1, 7b8694ed-f626-45d7-ad92-ba79cd2bf69c|rpc:10.1.0.13:33171|dataStream:|priority:0, a8a586c2-f99e-4cfe-9d52-03ddcdbedb28|rpc:10.1.0.13:36737|dataStream:|priority:0], old=null
2021-11-25 02:28:24,925 [grpc-default-executor-3] INFO  segmented.SegmentedRaftLogWorker (SegmentedRaftLogWorker.java:startLogSegment(394)) - a8a586c2-f99e-4cfe-9d52-03ddcdbedb28@group-8550D68C7491-SegmentedRaftLogWorker: Starting segment from index:0
2021-11-25 02:28:24,925 [grpc-default-executor-1] INFO  server.RaftServer$Division (ServerState.java:setRaftConf(387)) - 7b8694ed-f626-45d7-ad92-ba79cd2bf69c@group-8550D68C7491: set configuration 0: [e8e4a09d-b55f-46fb-afd1-8638ca612560|rpc:10.1.0.13:42859|dataStream:|priority:1, 7b8694ed-f626-45d7-ad92-ba79cd2bf69c|rpc:10.1.0.13:33171|dataStream:|priority:0, a8a586c2-f99e-4cfe-9d52-03ddcdbedb28|rpc:10.1.0.13:36737|dataStream:|priority:0], old=null
2021-11-25 02:28:24,926 [grpc-default-executor-1] INFO  segmented.SegmentedRaftLogWorker (SegmentedRaftLogWorker.java:startLogSegment(394)) - 7b8694ed-f626-45d7-ad92-ba79cd2bf69c@group-8550D68C7491-SegmentedRaftLogWorker: Starting segment from index:0
2021-11-25 02:28:24,927 [a8a586c2-f99e-4cfe-9d52-03ddcdbedb28@group-8550D68C7491-SegmentedRaftLogWorker] INFO  segmented.SegmentedRaftLogWorker (SegmentedRaftLogWorker.java:execute(601)) - a8a586c2-f99e-4cfe-9d52-03ddcdbedb28@group-8550D68C7491-SegmentedRaftLogWorker: created new log segment /home/runner/work/ozone/ozone/hadoop-ozone/integration-test/target/test-dir/MiniOzoneClusterImpl-bf1a4df1-220d-4f19-a3f2-d6f00535f443/datanode-1/data/ratis/d4289eb7-cbdd-466a-ac91-8550d68c7491/current/log_inprogress_0
2021-11-25 02:28:24,928 [7b8694ed-f626-45d7-ad92-ba79cd2bf69c@group-8550D68C7491-SegmentedRaftLogWorker] INFO  segmented.SegmentedRaftLogWorker (SegmentedRaftLogWorker.java:execute(601)) - 7b8694ed-f626-45d7-ad92-ba79cd2bf69c@group-8550D68C7491-SegmentedRaftLogWorker: created new log segment /home/runner/work/ozone/ozone/hadoop-ozone/integration-test/target/test-dir/MiniOzoneClusterImpl-bf1a4df1-220d-4f19-a3f2-d6f00535f443/datanode-0/data/ratis/d4289eb7-cbdd-466a-ac91-8550d68c7491/current/log_inprogress_0
2021-11-25 02:28:29,085 [85323f18-cee6-4044-8995-00f3d4f90ee3@group-7B4FBFA5AF04-FollowerState] INFO  impl.FollowerState (FollowerState.java:run(134)) - 85323f18-cee6-4044-8995-00f3d4f90ee3@group-7B4FBFA5AF04-FollowerState: change to CANDIDATE, lastRpcElapsedTime:5046867541ns, electionTimeout:5022ms
2021-11-25 02:28:29,085 [85323f18-cee6-4044-8995-00f3d4f90ee3@group-7B4FBFA5AF04-FollowerState] INFO  impl.RoleInfo (RoleInfo.java:shutdownFollowerState(108)) - 85323f18-cee6-4044-8995-00f3d4f90ee3: shutdown 85323f18-cee6-4044-8995-00f3d4f90ee3@group-7B4FBFA5AF04-FollowerState
2021-11-25 02:28:29,085 [85323f18-cee6-4044-8995-00f3d4f90ee3@group-7B4FBFA5AF04-FollowerState] INFO  server.RaftServer$Division (RaftServerImpl.java:setRole(290)) - 85323f18-cee6-4044-8995-00f3d4f90ee3@group-7B4FBFA5AF04: changes role from  FOLLOWER to CANDIDATE at term 6 for changeToCandidate
2021-11-25 02:28:29,085 [85323f18-cee6-4044-8995-00f3d4f90ee3@group-7B4FBFA5AF04-FollowerState] INFO  server.RaftServerConfigKeys (ConfUtils.java:logGet(44)) - raft.server.leaderelection.pre-vote = false (custom)
2021-11-25 02:28:29,085 [85323f18-cee6-4044-8995-00f3d4f90ee3@group-7B4FBFA5AF04-FollowerState] INFO  impl.RoleInfo (RoleInfo.java:updateAndGet(130)) - 85323f18-cee6-4044-8995-00f3d4f90ee3: start 85323f18-cee6-4044-8995-00f3d4f90ee3@group-7B4FBFA5AF04-LeaderElection64
2021-11-25 02:28:29,099 [270b4571-6830-404f-969d-140ad9dcfc29@group-7B4FBFA5AF04-FollowerState] INFO  impl.FollowerState (FollowerState.java:run(134)) - 270b4571-6830-404f-969d-140ad9dcfc29@group-7B4FBFA5AF04-FollowerState: change to CANDIDATE, lastRpcElapsedTime:5047442046ns, electionTimeout:5037ms
2021-11-25 02:28:29,099 [270b4571-6830-404f-969d-140ad9dcfc29@group-7B4FBFA5AF04-FollowerState] INFO  impl.RoleInfo (RoleInfo.java:shutdownFollowerState(108)) - 270b4571-6830-404f-969d-140ad9dcfc29: shutdown 270b4571-6830-404f-969d-140ad9dcfc29@group-7B4FBFA5AF04-FollowerState
2021-11-25 02:28:29,099 [270b4571-6830-404f-969d-140ad9dcfc29@group-7B4FBFA5AF04-FollowerState] INFO  server.RaftServer$Division (RaftServerImpl.java:setRole(290)) - 270b4571-6830-404f-969d-140ad9dcfc29@group-7B4FBFA5AF04: changes role from  FOLLOWER to CANDIDATE at term 6 for changeToCandidate
2021-11-25 02:28:29,101 [270b4571-6830-404f-969d-140ad9dcfc29@group-7B4FBFA5AF04-FollowerState] INFO  server.RaftServerConfigKeys (ConfUtils.java:logGet(44)) - raft.server.leaderelection.pre-vote = false (custom)
2021-11-25 02:28:29,101 [270b4571-6830-404f-969d-140ad9dcfc29@group-7B4FBFA5AF04-FollowerState] INFO  impl.RoleInfo (RoleInfo.java:updateAndGet(130)) - 270b4571-6830-404f-969d-140ad9dcfc29: start 270b4571-6830-404f-969d-140ad9dcfc29@group-7B4FBFA5AF04-LeaderElection65
2021-11-25 02:28:29,109 [85323f18-cee6-4044-8995-00f3d4f90ee3@group-7B4FBFA5AF04-LeaderElection64] INFO  impl.LeaderElection (LeaderElection.java:askForVotes(306)) - 85323f18-cee6-4044-8995-00f3d4f90ee3@group-7B4FBFA5AF04-LeaderElection64 ELECTION round 0: submit vote requests at term 7 for 0: [270b4571-6830-404f-969d-140ad9dcfc29|rpc:10.1.0.13:46697|dataStream:|priority:0, 85323f18-cee6-4044-8995-00f3d4f90ee3|rpc:10.1.0.13:44439|dataStream:|priority:1, e244018c-c6e8-4e9d-8a67-72ce71f64a2e|rpc:10.1.0.13:35819|dataStream:|priority:0], old=null
2021-11-25 02:28:29,112 [270b4571-6830-404f-969d-140ad9dcfc29@group-7B4FBFA5AF04-LeaderElection65] INFO  impl.LeaderElection (LeaderElection.java:askForVotes(306)) - 270b4571-6830-404f-969d-140ad9dcfc29@group-7B4FBFA5AF04-LeaderElection65 ELECTION round 0: submit vote requests at term 7 for -1: [270b4571-6830-404f-969d-140ad9dcfc29|rpc:10.1.0.13:46697|dataStream:|priority:0, 85323f18-cee6-4044-8995-00f3d4f90ee3|rpc:10.1.0.13:44439|dataStream:|priority:1, e244018c-c6e8-4e9d-8a67-72ce71f64a2e|rpc:10.1.0.13:35819|dataStream:|priority:0], old=null
2021-11-25 02:28:29,118 [grpc-default-executor-3] INFO  server.RaftServer$Division (RaftServerImpl.java:requestVote(1046)) - 270b4571-6830-404f-969d-140ad9dcfc29@group-7B4FBFA5AF04: receive requestVote(ELECTION, 85323f18-cee6-4044-8995-00f3d4f90ee3, group-7B4FBFA5AF04, 7, (t:4, i:0))
2021-11-25 02:28:29,118 [grpc-default-executor-3] INFO  impl.VoteContext (VoteContext.java:log(48)) - 270b4571-6830-404f-969d-140ad9dcfc29@group-7B4FBFA5AF04-CANDIDATE: reject ELECTION from 85323f18-cee6-4044-8995-00f3d4f90ee3: already has voted for 270b4571-6830-404f-969d-140ad9dcfc29 at current term 7
2021-11-25 02:28:29,118 [grpc-default-executor-3] INFO  server.RaftServer$Division (RaftServerImpl.java:requestVote(1078)) - 270b4571-6830-404f-969d-140ad9dcfc29@group-7B4FBFA5AF04 replies to ELECTION vote request: 85323f18-cee6-4044-8995-00f3d4f90ee3<-270b4571-6830-404f-969d-140ad9dcfc29#0:FAIL-t7. Peer's state: 270b4571-6830-404f-969d-140ad9dcfc29@group-7B4FBFA5AF04:t7, leader=null, voted=270b4571-6830-404f-969d-140ad9dcfc29, raftlog=270b4571-6830-404f-969d-140ad9dcfc29@group-7B4FBFA5AF04-SegmentedRaftLog:OPENED:c-1, conf=-1: [270b4571-6830-404f-969d-140ad9dcfc29|rpc:10.1.0.13:46697|dataStream:|priority:0, 85323f18-cee6-4044-8995-00f3d4f90ee3|rpc:10.1.0.13:44439|dataStream:|priority:1, e244018c-c6e8-4e9d-8a67-72ce71f64a2e|rpc:10.1.0.13:35819|dataStream:|priority:0], old=null
2021-11-25 02:28:29,138 [grpc-default-executor-3] INFO  server.RaftServer$Division (RaftServerImpl.java:requestVote(1046)) - 85323f18-cee6-4044-8995-00f3d4f90ee3@group-7B4FBFA5AF04: receive requestVote(ELECTION, 270b4571-6830-404f-969d-140ad9dcfc29, group-7B4FBFA5AF04, 7, (t:0, i:0))
2021-11-25 02:28:29,138 [grpc-default-executor-3] INFO  impl.VoteContext (VoteContext.java:log(48)) - 85323f18-cee6-4044-8995-00f3d4f90ee3@group-7B4FBFA5AF04-CANDIDATE: reject ELECTION from 270b4571-6830-404f-969d-140ad9dcfc29: already has voted for 85323f18-cee6-4044-8995-00f3d4f90ee3 at current term 7
2021-11-25 02:28:29,138 [grpc-default-executor-3] INFO  server.RaftServer$Division (RaftServerImpl.java:requestVote(1078)) - 85323f18-cee6-4044-8995-00f3d4f90ee3@group-7B4FBFA5AF04 replies to ELECTION vote request: 270b4571-6830-404f-969d-140ad9dcfc29<-85323f18-cee6-4044-8995-00f3d4f90ee3#0:FAIL-t7. Peer's state: 85323f18-cee6-4044-8995-00f3d4f90ee3@group-7B4FBFA5AF04:t7, leader=null, voted=85323f18-cee6-4044-8995-00f3d4f90ee3, raftlog=85323f18-cee6-4044-8995-00f3d4f90ee3@group-7B4FBFA5AF04-SegmentedRaftLog:OPENED:c-1, conf=0: [270b4571-6830-404f-969d-140ad9dcfc29|rpc:10.1.0.13:46697|dataStream:|priority:0, 85323f18-cee6-4044-8995-00f3d4f90ee3|rpc:10.1.0.13:44439|dataStream:|priority:1, e244018c-c6e8-4e9d-8a67-72ce71f64a2e|rpc:10.1.0.13:35819|dataStream:|priority:0], old=null
2021-11-25 02:28:29,149 [270b4571-6830-404f-969d-140ad9dcfc29@group-7B4FBFA5AF04-LeaderElection65] INFO  impl.LeaderElection (LeaderElection.java:logAndReturn(89)) - 270b4571-6830-404f-969d-140ad9dcfc29@group-7B4FBFA5AF04-LeaderElection65: ELECTION REJECTED received 1 response(s) and 0 exception(s):
2021-11-25 02:28:29,150 [270b4571-6830-404f-969d-140ad9dcfc29@group-7B4FBFA5AF04-LeaderElection65] INFO  impl.LeaderElection (LeaderElection.java:logAndReturn(93)) -   Response 0: 270b4571-6830-404f-969d-140ad9dcfc29<-85323f18-cee6-4044-8995-00f3d4f90ee3#0:FAIL-t7
2021-11-25 02:28:29,150 [270b4571-6830-404f-969d-140ad9dcfc29@group-7B4FBFA5AF04-LeaderElection65] INFO  impl.LeaderElection (LeaderElection.java:askForVotes(308)) - 270b4571-6830-404f-969d-140ad9dcfc29@group-7B4FBFA5AF04-LeaderElection65 ELECTION round 0: result REJECTED
2021-11-25 02:28:29,150 [270b4571-6830-404f-969d-140ad9dcfc29@group-7B4FBFA5AF04-LeaderElection65] INFO  server.RaftServer$Division (RaftServerImpl.java:setRole(290)) - 270b4571-6830-404f-969d-140ad9dcfc29@group-7B4FBFA5AF04: changes role from CANDIDATE to FOLLOWER at term 7 for REJECTED
2021-11-25 02:28:29,150 [270b4571-6830-404f-969d-140ad9dcfc29@group-7B4FBFA5AF04-LeaderElection65] INFO  impl.RoleInfo (RoleInfo.java:shutdownLeaderElection(121)) - 270b4571-6830-404f-969d-140ad9dcfc29: shutdown 270b4571-6830-404f-969d-140ad9dcfc29@group-7B4FBFA5AF04-LeaderElection65
2021-11-25 02:28:29,150 [270b4571-6830-404f-969d-140ad9dcfc29@group-7B4FBFA5AF04-LeaderElection65] INFO  impl.RoleInfo (RoleInfo.java:updateAndGet(130)) - 270b4571-6830-404f-969d-140ad9dcfc29: start 270b4571-6830-404f-969d-140ad9dcfc29@group-7B4FBFA5AF04-FollowerState
2021-11-25 02:28:29,153 [grpc-default-executor-3] INFO  server.RaftServer$Division (RaftServerImpl.java:requestVote(1046)) - e244018c-c6e8-4e9d-8a67-72ce71f64a2e@group-7B4FBFA5AF04: receive requestVote(ELECTION, 270b4571-6830-404f-969d-140ad9dcfc29, group-7B4FBFA5AF04, 7, (t:0, i:0))
2021-11-25 02:28:29,153 [grpc-default-executor-3] INFO  impl.VoteContext (VoteContext.java:log(48)) - e244018c-c6e8-4e9d-8a67-72ce71f64a2e@group-7B4FBFA5AF04-FOLLOWER: accept ELECTION from 270b4571-6830-404f-969d-140ad9dcfc29: our priority 0 <= candidate's priority 0
2021-11-25 02:28:29,153 [grpc-default-executor-3] INFO  server.RaftServer$Division (RaftServerImpl.java:setRole(290)) - e244018c-c6e8-4e9d-8a67-72ce71f64a2e@group-7B4FBFA5AF04: changes role from  FOLLOWER to FOLLOWER at term 7 for candidate:270b4571-6830-404f-969d-140ad9dcfc29
2021-11-25 02:28:29,153 [grpc-default-executor-3] INFO  impl.RoleInfo (RoleInfo.java:shutdownFollowerState(108)) - e244018c-c6e8-4e9d-8a67-72ce71f64a2e: shutdown e244018c-c6e8-4e9d-8a67-72ce71f64a2e@group-7B4FBFA5AF04-FollowerState
2021-11-25 02:28:29,162 [grpc-default-executor-3] INFO  impl.RoleInfo (RoleInfo.java:updateAndGet(130)) - e244018c-c6e8-4e9d-8a67-72ce71f64a2e: start e244018c-c6e8-4e9d-8a67-72ce71f64a2e@group-7B4FBFA5AF04-FollowerState
2021-11-25 02:28:29,162 [e244018c-c6e8-4e9d-8a67-72ce71f64a2e@group-7B4FBFA5AF04-FollowerState] INFO  impl.FollowerState (FollowerState.java:run(143)) - e244018c-c6e8-4e9d-8a67-72ce71f64a2e@group-7B4FBFA5AF04-FollowerState was interrupted: {}
java.lang.InterruptedException: sleep interrupted
	at java.lang.Thread.sleep(Native Method)
	at java.lang.Thread.sleep(Thread.java:340)
	at java.util.concurrent.TimeUnit.sleep(TimeUnit.java:386)
	at org.apache.ratis.util.TimeDuration.sleep(TimeDuration.java:324)
	at org.apache.ratis.util.TimeDuration.sleep(TimeDuration.java:309)
	at org.apache.ratis.server.impl.FollowerState.run(FollowerState.java:118)
2021-11-25 02:28:29,163 [grpc-default-executor-0] INFO  server.RaftServer$Division (RaftServerImpl.java:requestVote(1046)) - e244018c-c6e8-4e9d-8a67-72ce71f64a2e@group-7B4FBFA5AF04: receive requestVote(ELECTION, 85323f18-cee6-4044-8995-00f3d4f90ee3, group-7B4FBFA5AF04, 7, (t:4, i:0))
2021-11-25 02:28:29,166 [grpc-default-executor-3] INFO  server.RaftServer$Division (RaftServerImpl.java:requestVote(1078)) - e244018c-c6e8-4e9d-8a67-72ce71f64a2e@group-7B4FBFA5AF04 replies to ELECTION vote request: 270b4571-6830-404f-969d-140ad9dcfc29<-e244018c-c6e8-4e9d-8a67-72ce71f64a2e#0:OK-t7. Peer's state: e244018c-c6e8-4e9d-8a67-72ce71f64a2e@group-7B4FBFA5AF04:t7, leader=null, voted=270b4571-6830-404f-969d-140ad9dcfc29, raftlog=e244018c-c6e8-4e9d-8a67-72ce71f64a2e@group-7B4FBFA5AF04-SegmentedRaftLog:OPENED:c-1, conf=-1: [270b4571-6830-404f-969d-140ad9dcfc29|rpc:10.1.0.13:46697|priority:0, 85323f18-cee6-4044-8995-00f3d4f90ee3|rpc:10.1.0.13:44439|priority:1, e244018c-c6e8-4e9d-8a67-72ce71f64a2e|rpc:10.1.0.13:35819|priority:0], old=null
2021-11-25 02:28:29,166 [grpc-default-executor-0] INFO  impl.VoteContext (VoteContext.java:log(48)) - e244018c-c6e8-4e9d-8a67-72ce71f64a2e@group-7B4FBFA5AF04-FOLLOWER: reject ELECTION from 85323f18-cee6-4044-8995-00f3d4f90ee3: already has voted for 270b4571-6830-404f-969d-140ad9dcfc29 at current term 7
2021-11-25 02:28:29,166 [grpc-default-executor-0] INFO  server.RaftServer$Division (RaftServerImpl.java:requestVote(1078)) - e244018c-c6e8-4e9d-8a67-72ce71f64a2e@group-7B4FBFA5AF04 replies to ELECTION vote request: 85323f18-cee6-4044-8995-00f3d4f90ee3<-e244018c-c6e8-4e9d-8a67-72ce71f64a2e#0:FAIL-t7. Peer's state: e244018c-c6e8-4e9d-8a67-72ce71f64a2e@group-7B4FBFA5AF04:t7, leader=null, voted=270b4571-6830-404f-969d-140ad9dcfc29, raftlog=e244018c-c6e8-4e9d-8a67-72ce71f64a2e@group-7B4FBFA5AF04-SegmentedRaftLog:OPENED:c-1, conf=-1: [270b4571-6830-404f-969d-140ad9dcfc29|rpc:10.1.0.13:46697|priority:0, 85323f18-cee6-4044-8995-00f3d4f90ee3|rpc:10.1.0.13:44439|priority:1, e244018c-c6e8-4e9d-8a67-72ce71f64a2e|rpc:10.1.0.13:35819|priority:0], old=null
2021-11-25 02:28:29,177 [85323f18-cee6-4044-8995-00f3d4f90ee3@group-7B4FBFA5AF04-LeaderElection64] INFO  impl.LeaderElection (LeaderElection.java:logAndReturn(89)) - 85323f18-cee6-4044-8995-00f3d4f90ee3@group-7B4FBFA5AF04-LeaderElection64: ELECTION REJECTED received 2 response(s) and 0 exception(s):
2021-11-25 02:28:29,177 [85323f18-cee6-4044-8995-00f3d4f90ee3@group-7B4FBFA5AF04-LeaderElection64] INFO  impl.LeaderElection (LeaderElection.java:logAndReturn(93)) -   Response 0: 85323f18-cee6-4044-8995-00f3d4f90ee3<-270b4571-6830-404f-969d-140ad9dcfc29#0:FAIL-t7
2021-11-25 02:28:29,178 [85323f18-cee6-4044-8995-00f3d4f90ee3@group-7B4FBFA5AF04-LeaderElection64] INFO  impl.LeaderElection (LeaderElection.java:logAndReturn(93)) -   Response 1: 85323f18-cee6-4044-8995-00f3d4f90ee3<-e244018c-c6e8-4e9d-8a67-72ce71f64a2e#0:FAIL-t7
2021-11-25 02:28:29,178 [85323f18-cee6-4044-8995-00f3d4f90ee3@group-7B4FBFA5AF04-LeaderElection64] INFO  impl.LeaderElection (LeaderElection.java:askForVotes(308)) - 85323f18-cee6-4044-8995-00f3d4f90ee3@group-7B4FBFA5AF04-LeaderElection64 ELECTION round 0: result REJECTED
2021-11-25 02:28:29,178 [85323f18-cee6-4044-8995-00f3d4f90ee3@group-7B4FBFA5AF04-LeaderElection64] INFO  server.RaftServer$Division (RaftServerImpl.java:setRole(290)) - 85323f18-cee6-4044-8995-00f3d4f90ee3@group-7B4FBFA5AF04: changes role from CANDIDATE to FOLLOWER at term 7 for REJECTED
2021-11-25 02:28:29,178 [85323f18-cee6-4044-8995-00f3d4f90ee3@group-7B4FBFA5AF04-LeaderElection64] INFO  impl.RoleInfo (RoleInfo.java:shutdownLeaderElection(121)) - 85323f18-cee6-4044-8995-00f3d4f90ee3: shutdown 85323f18-cee6-4044-8995-00f3d4f90ee3@group-7B4FBFA5AF04-LeaderElection64
2021-11-25 02:28:29,178 [85323f18-cee6-4044-8995-00f3d4f90ee3@group-7B4FBFA5AF04-LeaderElection64] INFO  impl.RoleInfo (RoleInfo.java:updateAndGet(130)) - 85323f18-cee6-4044-8995-00f3d4f90ee3: start 85323f18-cee6-4044-8995-00f3d4f90ee3@group-7B4FBFA5AF04-FollowerState
2021-11-25 02:28:30,282 [Listener at 127.0.0.1/44827] INFO  ozone.MiniOzoneClusterImpl (MiniOzoneClusterImpl.java:shutdown(453)) - Shutting down the Mini Ozone Cluster
2021-11-25 02:28:30,283 [Listener at 127.0.0.1/44827] INFO  ozone.MiniOzoneClusterImpl (MiniOzoneClusterImpl.java:stop(468)) - Stopping the Mini Ozone Cluster
2021-11-25 02:28:30,283 [Listener at 127.0.0.1/44827] INFO  ozone.MiniOzoneClusterImpl (MiniOzoneClusterImpl.java:stopOM(550)) - Stopping the OzoneManager
2021-11-25 02:28:30,283 [Listener at 127.0.0.1/44827] INFO  om.OzoneManager (OzoneManager.java:stop(1830)) - om1[localhost:0]: Stopping Ozone Manager
2021-11-25 02:28:30,283 [Listener at 127.0.0.1/44827] INFO  ipc.Server (Server.java:stop(3414)) - Stopping server on 44827
2021-11-25 02:28:30,289 [IPC Server listener on 0] INFO  ipc.Server (Server.java:run(1376)) - Stopping IPC Server listener on 0
2021-11-25 02:28:30,289 [IPC Server Responder] INFO  ipc.Server (Server.java:run(1512)) - Stopping IPC Server Responder
2021-11-25 02:28:30,290 [Listener at 127.0.0.1/44827] INFO  server.RaftServer (RaftServerProxy.java:lambda$close$6(391)) - om1: close
2021-11-25 02:28:30,290 [Listener at 127.0.0.1/44827] INFO  server.RaftServer$Division (RaftServerImpl.java:lambda$close$4(412)) - om1@group-C5BA1605619E: shutdown
2021-11-25 02:28:30,290 [Listener at 127.0.0.1/44827] INFO  util.JmxRegister (JmxRegister.java:unregister(73)) - Successfully un-registered JMX Bean with object name Ratis:service=RaftServer,group=group-C5BA1605619E,id=om1
2021-11-25 02:28:30,290 [Listener at 127.0.0.1/44827] INFO  impl.RoleInfo (RoleInfo.java:shutdownLeaderState(91)) - om1: shutdown om1@group-C5BA1605619E-LeaderStateImpl
2021-11-25 02:28:30,290 [Listener at 127.0.0.1/44827] INFO  impl.PendingRequests (PendingRequests.java:sendNotLeaderResponses(282)) - om1@group-C5BA1605619E-PendingRequests: sendNotLeaderResponses
2021-11-25 02:28:30,331 [Listener at 127.0.0.1/44827] INFO  impl.StateMachineUpdater (StateMachineUpdater.java:stopAndJoin(149)) - om1@group-C5BA1605619E-StateMachineUpdater: set stopIndex = 4
2021-11-25 02:28:30,332 [om1@group-C5BA1605619E-StateMachineUpdater] INFO  ratis.OzoneManagerStateMachine (OzoneManagerStateMachine.java:takeSnapshot(417)) - Current Snapshot Index (t:1, i:4)
2021-11-25 02:28:30,332 [om1@group-C5BA1605619E-StateMachineUpdater] INFO  impl.StateMachineUpdater (StateMachineUpdater.java:takeSnapshot(281)) - om1@group-C5BA1605619E-StateMachineUpdater: Took a snapshot at index 4
2021-11-25 02:28:30,332 [om1@group-C5BA1605619E-StateMachineUpdater] INFO  impl.StateMachineUpdater (StateMachineUpdater.java:lambda$new$0(89)) - om1@group-C5BA1605619E-StateMachineUpdater: snapshotIndex: updateIncreasingly -1 -> 4
2021-11-25 02:28:30,332 [om1@group-C5BA1605619E-StateMachineUpdater] INFO  ratis.OzoneManagerStateMachine (OzoneManagerStateMachine.java:close(471)) - StateMachine has shutdown. Shutdown OzoneManager if not already shutdown.
2021-11-25 02:28:30,332 [Listener at 127.0.0.1/44827] INFO  server.RaftServer$Division (ServerState.java:close(419)) - om1@group-C5BA1605619E: closes. applyIndex: 4
2021-11-25 02:28:30,333 [om1@group-C5BA1605619E-SegmentedRaftLogWorker] INFO  segmented.SegmentedRaftLogWorker (SegmentedRaftLogWorker.java:run(327)) - om1@group-C5BA1605619E-SegmentedRaftLogWorker was interrupted, exiting. There are 0 tasks remaining in the queue.
2021-11-25 02:28:30,345 [Listener at 127.0.0.1/44827] INFO  segmented.SegmentedRaftLogWorker (SegmentedRaftLogWorker.java:close(237)) - om1@group-C5BA1605619E-SegmentedRaftLogWorker close()
2021-11-25 02:28:30,378 [Listener at 127.0.0.1/44827] INFO  server.GrpcService (GrpcService.java:closeImpl(262)) - om1: shutdown server with port 9872 now
2021-11-25 02:28:30,379 [Listener at 127.0.0.1/44827] INFO  server.GrpcService (GrpcService.java:closeImpl(271)) - om1: shutdown server with port 9872 successfully
2021-11-25 02:28:30,379 [org.apache.ratis.util.JvmPauseMonitor$$Lambda$533/113722330@6ccc0395] INFO  util.JvmPauseMonitor (JvmPauseMonitor.java:run(109)) - JvmPauseMonitor-om1: Stopped
2021-11-25 02:28:30,381 [Listener at 127.0.0.1/44827] INFO  ratis.OzoneManagerDoubleBuffer (OzoneManagerDoubleBuffer.java:stop(437)) - Stopping OMDoubleBuffer flush thread
2021-11-25 02:28:30,382 [OMDoubleBufferFlushThread] INFO  ratis.OzoneManagerDoubleBuffer (OzoneManagerDoubleBuffer.java:flushTransactions(356)) - OMDoubleBuffer flush thread OMDoubleBufferFlushThread is interrupted and will exit. OMDoubleBufferFlushThread
2021-11-25 02:28:30,382 [Listener at 127.0.0.1/44827] INFO  utils.BackgroundService (BackgroundService.java:shutdown(132)) - Shutting down service KeyDeletingService
2021-11-25 02:28:30,386 [Listener at 127.0.0.1/44827] INFO  utils.BackgroundService (BackgroundService.java:shutdown(132)) - Shutting down service DirectoryDeletingService
2021-11-25 02:28:30,405 [Listener at 127.0.0.1/44827] INFO  handler.ContextHandler (ContextHandler.java:doStop(1153)) - Stopped o.e.j.w.WebAppContext@4d746bab{ozoneManager,/,null,STOPPED}{file:/home/runner/work/ozone/ozone/hadoop-ozone/integration-test/target/test-classes/webapps/ozoneManager}
2021-11-25 02:28:30,406 [Listener at 127.0.0.1/44827] INFO  server.AbstractConnector (AbstractConnector.java:doStop(381)) - Stopped ServerConnector@152502a3{HTTP/1.1, (http/1.1)}{0.0.0.0:0}
2021-11-25 02:28:30,406 [Listener at 127.0.0.1/44827] INFO  server.session (HouseKeeper.java:stopScavenging(149)) - node0 Stopped scavenging
2021-11-25 02:28:30,406 [Listener at 127.0.0.1/44827] INFO  handler.ContextHandler (ContextHandler.java:doStop(1153)) - Stopped o.e.j.s.ServletContextHandler@330e8ce8{static,/static,file:///home/runner/work/ozone/ozone/hadoop-ozone/integration-test/target/test-classes/webapps/static,STOPPED}
2021-11-25 02:28:30,406 [Listener at 127.0.0.1/44827] INFO  handler.ContextHandler (ContextHandler.java:doStop(1153)) - Stopped o.e.j.s.ServletContextHandler@cb784b5{logs,/logs,file:///home/runner/work/ozone/ozone/hadoop-ozone/integration-test/target/log,STOPPED}
2021-11-25 02:28:30,412 [Listener at 127.0.0.1/44827] INFO  ozone.MiniOzoneClusterImpl (MiniOzoneClusterImpl.java:stopDatanodes(527)) - Stopping the HddsDatanodes
2021-11-25 02:28:34,186 [85323f18-cee6-4044-8995-00f3d4f90ee3@group-7B4FBFA5AF04-FollowerState] INFO  impl.FollowerState (FollowerState.java:run(134)) - 85323f18-cee6-4044-8995-00f3d4f90ee3@group-7B4FBFA5AF04-FollowerState: change to CANDIDATE, lastRpcElapsedTime:5007973942ns, electionTimeout:5007ms
2021-11-25 02:28:34,186 [85323f18-cee6-4044-8995-00f3d4f90ee3@group-7B4FBFA5AF04-FollowerState] INFO  impl.RoleInfo (RoleInfo.java:shutdownFollowerState(108)) - 85323f18-cee6-4044-8995-00f3d4f90ee3: shutdown 85323f18-cee6-4044-8995-00f3d4f90ee3@group-7B4FBFA5AF04-FollowerState
2021-11-25 02:28:34,186 [85323f18-cee6-4044-8995-00f3d4f90ee3@group-7B4FBFA5AF04-FollowerState] INFO  server.RaftServer$Division (RaftServerImpl.java:setRole(290)) - 85323f18-cee6-4044-8995-00f3d4f90ee3@group-7B4FBFA5AF04: changes role from  FOLLOWER to CANDIDATE at term 7 for changeToCandidate
2021-11-25 02:28:34,186 [85323f18-cee6-4044-8995-00f3d4f90ee3@group-7B4FBFA5AF04-FollowerState] INFO  server.RaftServerConfigKeys (ConfUtils.java:logGet(44)) - raft.server.leaderelection.pre-vote = false (custom)
2021-11-25 02:28:34,186 [85323f18-cee6-4044-8995-00f3d4f90ee3@group-7B4FBFA5AF04-FollowerState] INFO  impl.RoleInfo (RoleInfo.java:updateAndGet(130)) - 85323f18-cee6-4044-8995-00f3d4f90ee3: start 85323f18-cee6-4044-8995-00f3d4f90ee3@group-7B4FBFA5AF04-LeaderElection66
2021-11-25 02:28:34,214 [85323f18-cee6-4044-8995-00f3d4f90ee3@group-7B4FBFA5AF04-LeaderElection66] INFO  impl.LeaderElection (LeaderElection.java:askForVotes(306)) - 85323f18-cee6-4044-8995-00f3d4f90ee3@group-7B4FBFA5AF04-LeaderElection66 ELECTION round 0: submit vote requests at term 8 for 0: [270b4571-6830-404f-969d-140ad9dcfc29|rpc:10.1.0.13:46697|dataStream:|priority:0, 85323f18-cee6-4044-8995-00f3d4f90ee3|rpc:10.1.0.13:44439|dataStream:|priority:1, e244018c-c6e8-4e9d-8a67-72ce71f64a2e|rpc:10.1.0.13:35819|dataStream:|priority:0], old=null
2021-11-25 02:28:34,223 [grpc-default-executor-0] INFO  server.RaftServer$Division (RaftServerImpl.java:requestVote(1046)) - 270b4571-6830-404f-969d-140ad9dcfc29@group-7B4FBFA5AF04: receive requestVote(ELECTION, 85323f18-cee6-4044-8995-00f3d4f90ee3, group-7B4FBFA5AF04, 8, (t:4, i:0))
2021-11-25 02:28:34,223 [grpc-default-executor-0] INFO  impl.VoteContext (VoteContext.java:log(48)) - 270b4571-6830-404f-969d-140ad9dcfc29@group-7B4FBFA5AF04-FOLLOWER: accept ELECTION from 85323f18-cee6-4044-8995-00f3d4f90ee3: our last entry null < candidate's last entry (t:4, i:0)
2021-11-25 02:28:34,223 [grpc-default-executor-0] INFO  server.RaftServer$Division (RaftServerImpl.java:setRole(290)) - 270b4571-6830-404f-969d-140ad9dcfc29@group-7B4FBFA5AF04: changes role from  FOLLOWER to FOLLOWER at term 8 for candidate:85323f18-cee6-4044-8995-00f3d4f90ee3
2021-11-25 02:28:34,223 [grpc-default-executor-0] INFO  impl.RoleInfo (RoleInfo.java:shutdownFollowerState(108)) - 270b4571-6830-404f-969d-140ad9dcfc29: shutdown 270b4571-6830-404f-969d-140ad9dcfc29@group-7B4FBFA5AF04-FollowerState
2021-11-25 02:28:34,236 [grpc-default-executor-0] INFO  impl.RoleInfo (RoleInfo.java:updateAndGet(130)) - 270b4571-6830-404f-969d-140ad9dcfc29: start 270b4571-6830-404f-969d-140ad9dcfc29@group-7B4FBFA5AF04-FollowerState
2021-11-25 02:28:34,238 [270b4571-6830-404f-969d-140ad9dcfc29@group-7B4FBFA5AF04-FollowerState] INFO  impl.FollowerState (FollowerState.java:run(143)) - 270b4571-6830-404f-969d-140ad9dcfc29@group-7B4FBFA5AF04-FollowerState was interrupted: {}
java.lang.InterruptedException: sleep interrupted
	at java.lang.Thread.sleep(Native Method)
	at java.lang.Thread.sleep(Thread.java:340)
	at java.util.concurrent.TimeUnit.sleep(TimeUnit.java:386)
	at org.apache.ratis.util.TimeDuration.sleep(TimeDuration.java:324)
	at org.apache.ratis.util.TimeDuration.sleep(TimeDuration.java:309)
	at org.apache.ratis.server.impl.FollowerState.run(FollowerState.java:118)
2021-11-25 02:28:34,248 [grpc-default-executor-3] INFO  server.RaftServer$Division (RaftServerImpl.java:requestVote(1046)) - e244018c-c6e8-4e9d-8a67-72ce71f64a2e@group-7B4FBFA5AF04: receive requestVote(ELECTION, 85323f18-cee6-4044-8995-00f3d4f90ee3, group-7B4FBFA5AF04, 8, (t:4, i:0))
2021-11-25 02:28:34,248 [grpc-default-executor-3] INFO  impl.VoteContext (VoteContext.java:log(48)) - e244018c-c6e8-4e9d-8a67-72ce71f64a2e@group-7B4FBFA5AF04-FOLLOWER: accept ELECTION from 85323f18-cee6-4044-8995-00f3d4f90ee3: our last entry null < candidate's last entry (t:4, i:0)
2021-11-25 02:28:34,248 [grpc-default-executor-3] INFO  server.RaftServer$Division (RaftServerImpl.java:setRole(290)) - e244018c-c6e8-4e9d-8a67-72ce71f64a2e@group-7B4FBFA5AF04: changes role from  FOLLOWER to FOLLOWER at term 8 for candidate:85323f18-cee6-4044-8995-00f3d4f90ee3
2021-11-25 02:28:34,248 [grpc-default-executor-3] INFO  impl.RoleInfo (RoleInfo.java:shutdownFollowerState(108)) - e244018c-c6e8-4e9d-8a67-72ce71f64a2e: shutdown e244018c-c6e8-4e9d-8a67-72ce71f64a2e@group-7B4FBFA5AF04-FollowerState
2021-11-25 02:28:34,248 [grpc-default-executor-3] INFO  impl.RoleInfo (RoleInfo.java:updateAndGet(130)) - e244018c-c6e8-4e9d-8a67-72ce71f64a2e: start e244018c-c6e8-4e9d-8a67-72ce71f64a2e@group-7B4FBFA5AF04-FollowerState
2021-11-25 02:28:34,249 [e244018c-c6e8-4e9d-8a67-72ce71f64a2e@group-7B4FBFA5AF04-FollowerState] INFO  impl.FollowerState (FollowerState.java:run(143)) - e244018c-c6e8-4e9d-8a67-72ce71f64a2e@group-7B4FBFA5AF04-FollowerState was interrupted: {}
java.lang.InterruptedException: sleep interrupted
	at java.lang.Thread.sleep(Native Method)
	at java.lang.Thread.sleep(Thread.java:340)
	at java.util.concurrent.TimeUnit.sleep(TimeUnit.java:386)
	at org.apache.ratis.util.TimeDuration.sleep(TimeDuration.java:324)
	at org.apache.ratis.util.TimeDuration.sleep(TimeDuration.java:309)
	at org.apache.ratis.server.impl.FollowerState.run(FollowerState.java:118)
2021-11-25 02:28:34,254 [grpc-default-executor-0] INFO  server.RaftServer$Division (RaftServerImpl.java:requestVote(1078)) - 270b4571-6830-404f-969d-140ad9dcfc29@group-7B4FBFA5AF04 replies to ELECTION vote request: 85323f18-cee6-4044-8995-00f3d4f90ee3<-270b4571-6830-404f-969d-140ad9dcfc29#0:OK-t8. Peer's state: 270b4571-6830-404f-969d-140ad9dcfc29@group-7B4FBFA5AF04:t8, leader=null, voted=85323f18-cee6-4044-8995-00f3d4f90ee3, raftlog=270b4571-6830-404f-969d-140ad9dcfc29@group-7B4FBFA5AF04-SegmentedRaftLog:OPENED:c-1, conf=-1: [270b4571-6830-404f-969d-140ad9dcfc29|rpc:10.1.0.13:46697|dataStream:|priority:0, 85323f18-cee6-4044-8995-00f3d4f90ee3|rpc:10.1.0.13:44439|dataStream:|priority:1, e244018c-c6e8-4e9d-8a67-72ce71f64a2e|rpc:10.1.0.13:35819|dataStream:|priority:0], old=null
2021-11-25 02:28:34,254 [grpc-default-executor-3] INFO  server.RaftServer$Division (RaftServerImpl.java:requestVote(1078)) - e244018c-c6e8-4e9d-8a67-72ce71f64a2e@group-7B4FBFA5AF04 replies to ELECTION vote request: 85323f18-cee6-4044-8995-00f3d4f90ee3<-e244018c-c6e8-4e9d-8a67-72ce71f64a2e#0:OK-t8. Peer's state: e244018c-c6e8-4e9d-8a67-72ce71f64a2e@group-7B4FBFA5AF04:t8, leader=null, voted=85323f18-cee6-4044-8995-00f3d4f90ee3, raftlog=e244018c-c6e8-4e9d-8a67-72ce71f64a2e@group-7B4FBFA5AF04-SegmentedRaftLog:OPENED:c-1, conf=-1: [270b4571-6830-404f-969d-140ad9dcfc29|rpc:10.1.0.13:46697|priority:0, 85323f18-cee6-4044-8995-00f3d4f90ee3|rpc:10.1.0.13:44439|priority:1, e244018c-c6e8-4e9d-8a67-72ce71f64a2e|rpc:10.1.0.13:35819|priority:0], old=null
2021-11-25 02:28:34,258 [85323f18-cee6-4044-8995-00f3d4f90ee3@group-7B4FBFA5AF04-LeaderElection66] INFO  impl.LeaderElection (LeaderElection.java:logAndReturn(89)) - 85323f18-cee6-4044-8995-00f3d4f90ee3@group-7B4FBFA5AF04-LeaderElection66: ELECTION PASSED received 1 response(s) and 0 exception(s):
2021-11-25 02:28:34,258 [85323f18-cee6-4044-8995-00f3d4f90ee3@group-7B4FBFA5AF04-LeaderElection66] INFO  impl.LeaderElection (LeaderElection.java:logAndReturn(93)) -   Response 0: 85323f18-cee6-4044-8995-00f3d4f90ee3<-270b4571-6830-404f-969d-140ad9dcfc29#0:OK-t8
2021-11-25 02:28:34,258 [85323f18-cee6-4044-8995-00f3d4f90ee3@group-7B4FBFA5AF04-LeaderElection66] INFO  impl.LeaderElection (LeaderElection.java:askForVotes(308)) - 85323f18-cee6-4044-8995-00f3d4f90ee3@group-7B4FBFA5AF04-LeaderElection66 ELECTION round 0: result PASSED
2021-11-25 02:28:34,258 [85323f18-cee6-4044-8995-00f3d4f90ee3@group-7B4FBFA5AF04-LeaderElection66] INFO  impl.RoleInfo (RoleInfo.java:shutdownLeaderElection(121)) - 85323f18-cee6-4044-8995-00f3d4f90ee3: shutdown 85323f18-cee6-4044-8995-00f3d4f90ee3@group-7B4FBFA5AF04-LeaderElection66
2021-11-25 02:28:34,258 [85323f18-cee6-4044-8995-00f3d4f90ee3@group-7B4FBFA5AF04-LeaderElection66] INFO  server.RaftServer$Division (RaftServerImpl.java:setRole(290)) - 85323f18-cee6-4044-8995-00f3d4f90ee3@group-7B4FBFA5AF04: changes role from CANDIDATE to LEADER at term 8 for changeToLeader
2021-11-25 02:28:34,258 [85323f18-cee6-4044-8995-00f3d4f90ee3@group-7B4FBFA5AF04-LeaderElection66] INFO  ratis.XceiverServerRatis (XceiverServerRatis.java:handleLeaderChangedNotification(866)) - Leader change notification received for group: group-7B4FBFA5AF04 with new leaderId: 85323f18-cee6-4044-8995-00f3d4f90ee3
2021-11-25 02:28:34,259 [85323f18-cee6-4044-8995-00f3d4f90ee3@group-7B4FBFA5AF04-LeaderElection66] INFO  server.RaftServer$Division (ServerState.java:setLeader(285)) - 85323f18-cee6-4044-8995-00f3d4f90ee3@group-7B4FBFA5AF04: change Leader from null to 85323f18-cee6-4044-8995-00f3d4f90ee3 at term 8 for becomeLeader, leader elected after 15307ms
2021-11-25 02:28:34,259 [85323f18-cee6-4044-8995-00f3d4f90ee3@group-7B4FBFA5AF04-LeaderElection66] INFO  server.RaftServerConfigKeys (ConfUtils.java:logGet(44)) - raft.server.staging.catchup.gap = 1000 (default)
2021-11-25 02:28:34,259 [85323f18-cee6-4044-8995-00f3d4f90ee3@group-7B4FBFA5AF04-LeaderElection66] INFO  server.RaftServerConfigKeys (ConfUtils.java:logGet(44)) - raft.server.write.element-limit = 1024 (custom)
2021-11-25 02:28:34,259 [85323f18-cee6-4044-8995-00f3d4f90ee3@group-7B4FBFA5AF04-LeaderElection66] INFO  server.RaftServerConfigKeys (ConfUtils.java:logGet(44)) - raft.server.write.byte-limit = 1024 M (=1073741824) (custom)
2021-11-25 02:28:34,259 [85323f18-cee6-4044-8995-00f3d4f90ee3@group-7B4FBFA5AF04-LeaderElection66] INFO  server.RaftServerConfigKeys (ConfUtils.java:logGet(44)) - raft.server.watch.timeout = 3000ms (custom)
2021-11-25 02:28:34,259 [85323f18-cee6-4044-8995-00f3d4f90ee3@group-7B4FBFA5AF04-LeaderElection66] INFO  server.RaftServerConfigKeys (ConfUtils.java:logGet(44)) - raft.server.watch.timeout.denomination = 1s (default)
2021-11-25 02:28:34,259 [85323f18-cee6-4044-8995-00f3d4f90ee3@group-7B4FBFA5AF04-LeaderElection66] INFO  server.RaftServerConfigKeys (ConfUtils.java:logGet(44)) - raft.server.watch.element-limit = 65536 (default)
2021-11-25 02:28:34,260 [85323f18-cee6-4044-8995-00f3d4f90ee3@group-7B4FBFA5AF04-LeaderElection66] INFO  server.RaftServerConfigKeys (ConfUtils.java:logGet(44)) - raft.server.write.element-limit = 1024 (custom)
2021-11-25 02:28:34,260 [85323f18-cee6-4044-8995-00f3d4f90ee3@group-7B4FBFA5AF04-LeaderElection66] INFO  server.RaftServerConfigKeys (ConfUtils.java:logGet(44)) - raft.server.write.follower.gap.ratio.max = -1.0 (default)
2021-11-25 02:28:34,260 [85323f18-cee6-4044-8995-00f3d4f90ee3@group-7B4FBFA5AF04-LeaderElection66] INFO  server.RaftServerConfigKeys (ConfUtils.java:logGet(44)) - raft.server.log.appender.snapshot.chunk.size.max = 16MB (=16777216) (default)
2021-11-25 02:28:34,260 [85323f18-cee6-4044-8995-00f3d4f90ee3@group-7B4FBFA5AF04-LeaderElection66] INFO  server.RaftServerConfigKeys (ConfUtils.java:logGet(44)) - raft.server.log.appender.buffer.byte-limit = 33554432 (custom)
2021-11-25 02:28:34,260 [85323f18-cee6-4044-8995-00f3d4f90ee3@group-7B4FBFA5AF04-LeaderElection66] INFO  server.RaftServerConfigKeys (ConfUtils.java:logGet(44)) - raft.server.log.appender.buffer.element-limit = 1 (custom)
2021-11-25 02:28:34,260 [85323f18-cee6-4044-8995-00f3d4f90ee3@group-7B4FBFA5AF04-LeaderElection66] INFO  grpc.GrpcConfigKeys (ConfUtils.java:logGet(44)) - raft.grpc.server.leader.outstanding.appends.max = 128 (default)
2021-11-25 02:28:34,260 [85323f18-cee6-4044-8995-00f3d4f90ee3@group-7B4FBFA5AF04-LeaderElection66] INFO  server.RaftServerConfigKeys (ConfUtils.java:logGet(44)) - raft.server.rpc.request.timeout = 3000ms (default)
2021-11-25 02:28:34,260 [85323f18-cee6-4044-8995-00f3d4f90ee3@group-7B4FBFA5AF04-LeaderElection66] INFO  server.RaftServerConfigKeys (ConfUtils.java:logGet(44)) - raft.server.log.appender.install.snapshot.enabled = false (custom)
2021-11-25 02:28:34,261 [85323f18-cee6-4044-8995-00f3d4f90ee3@group-7B4FBFA5AF04-LeaderElection66] INFO  server.RaftServerConfigKeys (ConfUtils.java:logGet(44)) - raft.server.log.appender.snapshot.chunk.size.max = 16MB (=16777216) (default)
2021-11-25 02:28:34,261 [85323f18-cee6-4044-8995-00f3d4f90ee3@group-7B4FBFA5AF04-LeaderElection66] INFO  server.RaftServerConfigKeys (ConfUtils.java:logGet(44)) - raft.server.log.appender.buffer.byte-limit = 33554432 (custom)
2021-11-25 02:28:34,261 [85323f18-cee6-4044-8995-00f3d4f90ee3@group-7B4FBFA5AF04-LeaderElection66] INFO  server.RaftServerConfigKeys (ConfUtils.java:logGet(44)) - raft.server.log.appender.buffer.element-limit = 1 (custom)
2021-11-25 02:28:34,261 [85323f18-cee6-4044-8995-00f3d4f90ee3@group-7B4FBFA5AF04-LeaderElection66] INFO  grpc.GrpcConfigKeys (ConfUtils.java:logGet(44)) - raft.grpc.server.leader.outstanding.appends.max = 128 (default)
2021-11-25 02:28:34,261 [85323f18-cee6-4044-8995-00f3d4f90ee3@group-7B4FBFA5AF04-LeaderElection66] INFO  server.RaftServerConfigKeys (ConfUtils.java:logGet(44)) - raft.server.rpc.request.timeout = 3000ms (default)
2021-11-25 02:28:34,262 [85323f18-cee6-4044-8995-00f3d4f90ee3@group-7B4FBFA5AF04-LeaderElection66] INFO  server.RaftServerConfigKeys (ConfUtils.java:logGet(44)) - raft.server.log.appender.install.snapshot.enabled = false (custom)
2021-11-25 02:28:34,266 [85323f18-cee6-4044-8995-00f3d4f90ee3@group-7B4FBFA5AF04-LeaderElection66] INFO  impl.RoleInfo (RoleInfo.java:updateAndGet(130)) - 85323f18-cee6-4044-8995-00f3d4f90ee3: start 85323f18-cee6-4044-8995-00f3d4f90ee3@group-7B4FBFA5AF04-LeaderStateImpl
2021-11-25 02:28:34,268 [85323f18-cee6-4044-8995-00f3d4f90ee3@group-7B4FBFA5AF04-LeaderElection66] INFO  segmented.SegmentedRaftLogWorker (SegmentedRaftLogWorker.java:rollLogSegment(399)) - 85323f18-cee6-4044-8995-00f3d4f90ee3@group-7B4FBFA5AF04-SegmentedRaftLogWorker: Rolling segment log-0_0 to index:0
2021-11-25 02:28:34,270 [85323f18-cee6-4044-8995-00f3d4f90ee3@group-7B4FBFA5AF04-SegmentedRaftLogWorker] INFO  segmented.SegmentedRaftLogWorker (SegmentedRaftLogWorker.java:execute(558)) - 85323f18-cee6-4044-8995-00f3d4f90ee3@group-7B4FBFA5AF04-SegmentedRaftLogWorker: Rolled log segment from /home/runner/work/ozone/ozone/hadoop-ozone/integration-test/target/test-dir/MiniOzoneClusterImpl-bf1a4df1-220d-4f19-a3f2-d6f00535f443/datanode-7/data/ratis/700eb4dc-98a2-4baa-8b7d-7b4fbfa5af04/current/log_inprogress_0 to /home/runner/work/ozone/ozone/hadoop-ozone/integration-test/target/test-dir/MiniOzoneClusterImpl-bf1a4df1-220d-4f19-a3f2-d6f00535f443/datanode-7/data/ratis/700eb4dc-98a2-4baa-8b7d-7b4fbfa5af04/current/log_0-0
2021-11-25 02:28:34,271 [85323f18-cee6-4044-8995-00f3d4f90ee3@group-7B4FBFA5AF04-SegmentedRaftLogWorker] INFO  segmented.SegmentedRaftLogWorker (SegmentedRaftLogWorker.java:execute(601)) - 85323f18-cee6-4044-8995-00f3d4f90ee3@group-7B4FBFA5AF04-SegmentedRaftLogWorker: created new log segment /home/runner/work/ozone/ozone/hadoop-ozone/integration-test/target/test-dir/MiniOzoneClusterImpl-bf1a4df1-220d-4f19-a3f2-d6f00535f443/datanode-7/data/ratis/700eb4dc-98a2-4baa-8b7d-7b4fbfa5af04/current/log_inprogress_1
2021-11-25 02:28:34,286 [85323f18-cee6-4044-8995-00f3d4f90ee3@group-7B4FBFA5AF04-LeaderElection66] INFO  server.RaftServer$Division (ServerState.java:setRaftConf(387)) - 85323f18-cee6-4044-8995-00f3d4f90ee3@group-7B4FBFA5AF04: set configuration 1: [270b4571-6830-404f-969d-140ad9dcfc29|rpc:10.1.0.13:46697|dataStream:|priority:0, 85323f18-cee6-4044-8995-00f3d4f90ee3|rpc:10.1.0.13:44439|dataStream:|priority:1, e244018c-c6e8-4e9d-8a67-72ce71f64a2e|rpc:10.1.0.13:35819|dataStream:|priority:0], old=null
2021-11-25 02:28:34,292 [grpc-default-executor-0] INFO  ratis.XceiverServerRatis (XceiverServerRatis.java:handleLeaderChangedNotification(866)) - Leader change notification received for group: group-7B4FBFA5AF04 with new leaderId: 85323f18-cee6-4044-8995-00f3d4f90ee3
2021-11-25 02:28:34,292 [grpc-default-executor-0] INFO  server.RaftServer$Division (ServerState.java:setLeader(285)) - 270b4571-6830-404f-969d-140ad9dcfc29@group-7B4FBFA5AF04: change Leader from null to 85323f18-cee6-4044-8995-00f3d4f90ee3 at term 8 for appendEntries, leader elected after 36146ms
2021-11-25 02:28:34,292 [grpc-default-executor-0] INFO  server.RaftServer$Division (RaftServerImpl.java:checkInconsistentAppendEntries(1322)) - 270b4571-6830-404f-969d-140ad9dcfc29@group-7B4FBFA5AF04: Failed appendEntries as previous log entry ((t:4, i:0)) is not found
2021-11-25 02:28:34,293 [grpc-default-executor-0] INFO  server.RaftServer$Division (RaftServerImpl.java:checkInconsistentAppendEntries(1288)) - 270b4571-6830-404f-969d-140ad9dcfc29@group-7B4FBFA5AF04: inconsistency entries. Reply:85323f18-cee6-4044-8995-00f3d4f90ee3<-270b4571-6830-404f-969d-140ad9dcfc29#0:FAIL-t8,INCONSISTENCY,nextIndex=0,followerCommit=-1
2021-11-25 02:28:34,297 [grpc-default-executor-3] INFO  ratis.XceiverServerRatis (XceiverServerRatis.java:handleLeaderChangedNotification(866)) - Leader change notification received for group: group-7B4FBFA5AF04 with new leaderId: 85323f18-cee6-4044-8995-00f3d4f90ee3
2021-11-25 02:28:34,297 [grpc-default-executor-3] INFO  server.RaftServer$Division (ServerState.java:setLeader(285)) - e244018c-c6e8-4e9d-8a67-72ce71f64a2e@group-7B4FBFA5AF04: change Leader from null to 85323f18-cee6-4044-8995-00f3d4f90ee3 at term 8 for appendEntries, leader elected after 36305ms
2021-11-25 02:28:34,297 [grpc-default-executor-3] INFO  server.RaftServer$Division (RaftServerImpl.java:checkInconsistentAppendEntries(1322)) - e244018c-c6e8-4e9d-8a67-72ce71f64a2e@group-7B4FBFA5AF04: Failed appendEntries as previous log entry ((t:4, i:0)) is not found
2021-11-25 02:28:34,297 [grpc-default-executor-3] INFO  server.RaftServer$Division (RaftServerImpl.java:checkInconsistentAppendEntries(1288)) - e244018c-c6e8-4e9d-8a67-72ce71f64a2e@group-7B4FBFA5AF04: inconsistency entries. Reply:85323f18-cee6-4044-8995-00f3d4f90ee3<-e244018c-c6e8-4e9d-8a67-72ce71f64a2e#0:FAIL-t8,INCONSISTENCY,nextIndex=0,followerCommit=-1
2021-11-25 02:28:34,298 [grpc-default-executor-1] INFO  leader.FollowerInfo (FollowerInfoImpl.java:lambda$new$0(47)) - 85323f18-cee6-4044-8995-00f3d4f90ee3@group-7B4FBFA5AF04->270b4571-6830-404f-969d-140ad9dcfc29: nextIndex: updateUnconditionally 2 -> 0
2021-11-25 02:28:34,299 [grpc-default-executor-3] INFO  leader.FollowerInfo (FollowerInfoImpl.java:lambda$new$0(47)) - 85323f18-cee6-4044-8995-00f3d4f90ee3@group-7B4FBFA5AF04->e244018c-c6e8-4e9d-8a67-72ce71f64a2e: nextIndex: updateUnconditionally 2 -> 0
2021-11-25 02:28:34,299 [grpc-default-executor-1] INFO  server.RaftServer$Division (RaftServerImpl.java:checkInconsistentAppendEntries(1322)) - e244018c-c6e8-4e9d-8a67-72ce71f64a2e@group-7B4FBFA5AF04: Failed appendEntries as previous log entry ((t:4, i:0)) is not found
2021-11-25 02:28:34,299 [grpc-default-executor-1] INFO  server.RaftServer$Division (RaftServerImpl.java:checkInconsistentAppendEntries(1288)) - e244018c-c6e8-4e9d-8a67-72ce71f64a2e@group-7B4FBFA5AF04: inconsistency entries. Reply:85323f18-cee6-4044-8995-00f3d4f90ee3<-e244018c-c6e8-4e9d-8a67-72ce71f64a2e#1:FAIL-t8,INCONSISTENCY,nextIndex=0,followerCommit=-1
2021-11-25 02:28:34,310 [grpc-default-executor-0] INFO  server.RaftServer$Division (RaftServerImpl.java:checkInconsistentAppendEntries(1322)) - 270b4571-6830-404f-969d-140ad9dcfc29@group-7B4FBFA5AF04: Failed appendEntries as previous log entry ((t:4, i:0)) is not found
2021-11-25 02:28:34,310 [grpc-default-executor-0] INFO  server.RaftServer$Division (RaftServerImpl.java:checkInconsistentAppendEntries(1288)) - 270b4571-6830-404f-969d-140ad9dcfc29@group-7B4FBFA5AF04: inconsistency entries. Reply:85323f18-cee6-4044-8995-00f3d4f90ee3<-270b4571-6830-404f-969d-140ad9dcfc29#1:FAIL-t8,INCONSISTENCY,nextIndex=0,followerCommit=-1
2021-11-25 02:28:34,316 [grpc-default-executor-0] INFO  server.RaftServer$Division (ServerState.java:setRaftConf(387)) - 270b4571-6830-404f-969d-140ad9dcfc29@group-7B4FBFA5AF04: set configuration 0: [270b4571-6830-404f-969d-140ad9dcfc29|rpc:10.1.0.13:46697|dataStream:|priority:0, 85323f18-cee6-4044-8995-00f3d4f90ee3|rpc:10.1.0.13:44439|dataStream:|priority:1, e244018c-c6e8-4e9d-8a67-72ce71f64a2e|rpc:10.1.0.13:35819|dataStream:|priority:0], old=null
2021-11-25 02:28:34,316 [grpc-default-executor-0] INFO  segmented.SegmentedRaftLogWorker (SegmentedRaftLogWorker.java:startLogSegment(394)) - 270b4571-6830-404f-969d-140ad9dcfc29@group-7B4FBFA5AF04-SegmentedRaftLogWorker: Starting segment from index:0
2021-11-25 02:28:34,316 [grpc-default-executor-0] INFO  server.RaftServer$Division (ServerState.java:setRaftConf(387)) - 270b4571-6830-404f-969d-140ad9dcfc29@group-7B4FBFA5AF04: set configuration 1: [270b4571-6830-404f-969d-140ad9dcfc29|rpc:10.1.0.13:46697|dataStream:|priority:0, 85323f18-cee6-4044-8995-00f3d4f90ee3|rpc:10.1.0.13:44439|dataStream:|priority:1, e244018c-c6e8-4e9d-8a67-72ce71f64a2e|rpc:10.1.0.13:35819|dataStream:|priority:0], old=null
2021-11-25 02:28:34,317 [grpc-default-executor-0] INFO  segmented.SegmentedRaftLogWorker (SegmentedRaftLogWorker.java:rollLogSegment(399)) - 270b4571-6830-404f-969d-140ad9dcfc29@group-7B4FBFA5AF04-SegmentedRaftLogWorker: Rolling segment log-0_0 to index:0
2021-11-25 02:28:34,318 [270b4571-6830-404f-969d-140ad9dcfc29@group-7B4FBFA5AF04-SegmentedRaftLogWorker] INFO  segmented.SegmentedRaftLogWorker (SegmentedRaftLogWorker.java:execute(601)) - 270b4571-6830-404f-969d-140ad9dcfc29@group-7B4FBFA5AF04-SegmentedRaftLogWorker: created new log segment /home/runner/work/ozone/ozone/hadoop-ozone/integration-test/target/test-dir/MiniOzoneClusterImpl-bf1a4df1-220d-4f19-a3f2-d6f00535f443/datanode-8/data/ratis/700eb4dc-98a2-4baa-8b7d-7b4fbfa5af04/current/log_inprogress_0
2021-11-25 02:28:34,327 [grpc-default-executor-2] INFO  leader.FollowerInfo (FollowerInfoImpl.java:lambda$new$0(47)) - 85323f18-cee6-4044-8995-00f3d4f90ee3@group-7B4FBFA5AF04->e244018c-c6e8-4e9d-8a67-72ce71f64a2e: nextIndex: updateUnconditionally 2 -> 0
2021-11-25 02:28:34,327 [grpc-default-executor-1] INFO  leader.FollowerInfo (FollowerInfoImpl.java:lambda$new$0(47)) - 85323f18-cee6-4044-8995-00f3d4f90ee3@group-7B4FBFA5AF04->270b4571-6830-404f-969d-140ad9dcfc29: nextIndex: updateUnconditionally 2 -> 0
2021-11-25 02:28:34,327 [270b4571-6830-404f-969d-140ad9dcfc29@group-7B4FBFA5AF04-SegmentedRaftLogWorker] INFO  segmented.SegmentedRaftLogWorker (SegmentedRaftLogWorker.java:execute(558)) - 270b4571-6830-404f-969d-140ad9dcfc29@group-7B4FBFA5AF04-SegmentedRaftLogWorker: Rolled log segment from /home/runner/work/ozone/ozone/hadoop-ozone/integration-test/target/test-dir/MiniOzoneClusterImpl-bf1a4df1-220d-4f19-a3f2-d6f00535f443/datanode-8/data/ratis/700eb4dc-98a2-4baa-8b7d-7b4fbfa5af04/current/log_inprogress_0 to /home/runner/work/ozone/ozone/hadoop-ozone/integration-test/target/test-dir/MiniOzoneClusterImpl-bf1a4df1-220d-4f19-a3f2-d6f00535f443/datanode-8/data/ratis/700eb4dc-98a2-4baa-8b7d-7b4fbfa5af04/current/log_0-0
2021-11-25 02:28:34,351 [270b4571-6830-404f-969d-140ad9dcfc29@group-7B4FBFA5AF04-SegmentedRaftLogWorker] INFO  segmented.SegmentedRaftLogWorker (SegmentedRaftLogWorker.java:execute(601)) - 270b4571-6830-404f-969d-140ad9dcfc29@group-7B4FBFA5AF04-SegmentedRaftLogWorker: created new log segment /home/runner/work/ozone/ozone/hadoop-ozone/integration-test/target/test-dir/MiniOzoneClusterImpl-bf1a4df1-220d-4f19-a3f2-d6f00535f443/datanode-8/data/ratis/700eb4dc-98a2-4baa-8b7d-7b4fbfa5af04/current/log_inprogress_1
2021-11-25 02:28:34,351 [grpc-default-executor-1] INFO  server.RaftServer$Division (ServerState.java:setRaftConf(387)) - 270b4571-6830-404f-969d-140ad9dcfc29@group-7B4FBFA5AF04: set configuration 0: [270b4571-6830-404f-969d-140ad9dcfc29|rpc:10.1.0.13:46697|dataStream:|priority:0, 85323f18-cee6-4044-8995-00f3d4f90ee3|rpc:10.1.0.13:44439|dataStream:|priority:1, e244018c-c6e8-4e9d-8a67-72ce71f64a2e|rpc:10.1.0.13:35819|dataStream:|priority:0], old=null
2021-11-25 02:28:34,351 [grpc-default-executor-3] INFO  server.RaftServer$Division (ServerState.java:setRaftConf(387)) - e244018c-c6e8-4e9d-8a67-72ce71f64a2e@group-7B4FBFA5AF04: set configuration 0: [270b4571-6830-404f-969d-140ad9dcfc29|rpc:10.1.0.13:46697|dataStream:|priority:0, 85323f18-cee6-4044-8995-00f3d4f90ee3|rpc:10.1.0.13:44439|dataStream:|priority:1, e244018c-c6e8-4e9d-8a67-72ce71f64a2e|rpc:10.1.0.13:35819|dataStream:|priority:0], old=null
2021-11-25 02:28:34,352 [grpc-default-executor-3] INFO  segmented.SegmentedRaftLogWorker (SegmentedRaftLogWorker.java:startLogSegment(394)) - e244018c-c6e8-4e9d-8a67-72ce71f64a2e@group-7B4FBFA5AF04-SegmentedRaftLogWorker: Starting segment from index:0
2021-11-25 02:28:34,371 [grpc-default-executor-3] INFO  server.RaftServer$Division (ServerState.java:setRaftConf(387)) - e244018c-c6e8-4e9d-8a67-72ce71f64a2e@group-7B4FBFA5AF04: set configuration 1: [270b4571-6830-404f-969d-140ad9dcfc29|rpc:10.1.0.13:46697|dataStream:|priority:0, 85323f18-cee6-4044-8995-00f3d4f90ee3|rpc:10.1.0.13:44439|dataStream:|priority:1, e244018c-c6e8-4e9d-8a67-72ce71f64a2e|rpc:10.1.0.13:35819|dataStream:|priority:0], old=null
2021-11-25 02:28:34,372 [grpc-default-executor-3] INFO  segmented.SegmentedRaftLogWorker (SegmentedRaftLogWorker.java:rollLogSegment(399)) - e244018c-c6e8-4e9d-8a67-72ce71f64a2e@group-7B4FBFA5AF04-SegmentedRaftLogWorker: Rolling segment log-0_0 to index:0
2021-11-25 02:28:34,373 [e244018c-c6e8-4e9d-8a67-72ce71f64a2e@group-7B4FBFA5AF04-SegmentedRaftLogWorker] INFO  segmented.SegmentedRaftLogWorker (SegmentedRaftLogWorker.java:execute(601)) - e244018c-c6e8-4e9d-8a67-72ce71f64a2e@group-7B4FBFA5AF04-SegmentedRaftLogWorker: created new log segment /home/runner/work/ozone/ozone/hadoop-ozone/integration-test/target/test-dir/MiniOzoneClusterImpl-bf1a4df1-220d-4f19-a3f2-d6f00535f443/datanode-6/data/ratis/700eb4dc-98a2-4baa-8b7d-7b4fbfa5af04/current/log_inprogress_0
2021-11-25 02:28:34,373 [grpc-default-executor-3] INFO  server.RaftServer$Division (ServerState.java:setRaftConf(387)) - e244018c-c6e8-4e9d-8a67-72ce71f64a2e@group-7B4FBFA5AF04: set configuration 0: [270b4571-6830-404f-969d-140ad9dcfc29|rpc:10.1.0.13:46697|dataStream:|priority:0, 85323f18-cee6-4044-8995-00f3d4f90ee3|rpc:10.1.0.13:44439|dataStream:|priority:1, e244018c-c6e8-4e9d-8a67-72ce71f64a2e|rpc:10.1.0.13:35819|dataStream:|priority:0], old=null
2021-11-25 02:28:34,380 [e244018c-c6e8-4e9d-8a67-72ce71f64a2e@group-7B4FBFA5AF04-SegmentedRaftLogWorker] INFO  segmented.SegmentedRaftLogWorker (SegmentedRaftLogWorker.java:execute(558)) - e244018c-c6e8-4e9d-8a67-72ce71f64a2e@group-7B4FBFA5AF04-SegmentedRaftLogWorker: Rolled log segment from /home/runner/work/ozone/ozone/hadoop-ozone/integration-test/target/test-dir/MiniOzoneClusterImpl-bf1a4df1-220d-4f19-a3f2-d6f00535f443/datanode-6/data/ratis/700eb4dc-98a2-4baa-8b7d-7b4fbfa5af04/current/log_inprogress_0 to /home/runner/work/ozone/ozone/hadoop-ozone/integration-test/target/test-dir/MiniOzoneClusterImpl-bf1a4df1-220d-4f19-a3f2-d6f00535f443/datanode-6/data/ratis/700eb4dc-98a2-4baa-8b7d-7b4fbfa5af04/current/log_0-0
2021-11-25 02:28:34,382 [grpc-default-executor-1] INFO  server.RaftServer$Division (ServerState.java:setRaftConf(387)) - 270b4571-6830-404f-969d-140ad9dcfc29@group-7B4FBFA5AF04: set configuration 1: [270b4571-6830-404f-969d-140ad9dcfc29|rpc:10.1.0.13:46697|dataStream:|priority:0, 85323f18-cee6-4044-8995-00f3d4f90ee3|rpc:10.1.0.13:44439|dataStream:|priority:1, e244018c-c6e8-4e9d-8a67-72ce71f64a2e|rpc:10.1.0.13:35819|dataStream:|priority:0], old=null
2021-11-25 02:28:34,383 [e244018c-c6e8-4e9d-8a67-72ce71f64a2e@group-7B4FBFA5AF04-SegmentedRaftLogWorker] INFO  segmented.SegmentedRaftLogWorker (SegmentedRaftLogWorker.java:execute(601)) - e244018c-c6e8-4e9d-8a67-72ce71f64a2e@group-7B4FBFA5AF04-SegmentedRaftLogWorker: created new log segment /home/runner/work/ozone/ozone/hadoop-ozone/integration-test/target/test-dir/MiniOzoneClusterImpl-bf1a4df1-220d-4f19-a3f2-d6f00535f443/datanode-6/data/ratis/700eb4dc-98a2-4baa-8b7d-7b4fbfa5af04/current/log_inprogress_1
2021-11-25 02:28:34,390 [grpc-default-executor-3] INFO  server.RaftServer$Division (ServerState.java:setRaftConf(387)) - e244018c-c6e8-4e9d-8a67-72ce71f64a2e@group-7B4FBFA5AF04: set configuration 1: [270b4571-6830-404f-969d-140ad9dcfc29|rpc:10.1.0.13:46697|dataStream:|priority:0, 85323f18-cee6-4044-8995-00f3d4f90ee3|rpc:10.1.0.13:44439|dataStream:|priority:1, e244018c-c6e8-4e9d-8a67-72ce71f64a2e|rpc:10.1.0.13:35819|dataStream:|priority:0], old=null
2021-11-25 02:28:35,421 [Listener at 127.0.0.1/44827] INFO  ozoneimpl.OzoneContainer (OzoneContainer.java:stop(325)) - Attempting to stop container services.
2021-11-25 02:28:35,426 [Listener at 127.0.0.1/44827] INFO  server.RaftServer (RaftServerProxy.java:lambda$close$6(391)) - a77dd090-2963-4745-95fa-35573f312ffb: close
2021-11-25 02:28:35,426 [Listener at 127.0.0.1/44827] INFO  server.RaftServer$Division (RaftServerImpl.java:lambda$close$4(412)) - a77dd090-2963-4745-95fa-35573f312ffb@group-343F4C7F3807: shutdown
2021-11-25 02:28:35,426 [Listener at 127.0.0.1/44827] INFO  util.JmxRegister (JmxRegister.java:unregister(73)) - Successfully un-registered JMX Bean with object name Ratis:service=RaftServer,group=group-343F4C7F3807,id=a77dd090-2963-4745-95fa-35573f312ffb
2021-11-25 02:28:35,426 [Listener at 127.0.0.1/44827] INFO  impl.RoleInfo (RoleInfo.java:shutdownLeaderState(91)) - a77dd090-2963-4745-95fa-35573f312ffb: shutdown a77dd090-2963-4745-95fa-35573f312ffb@group-343F4C7F3807-LeaderStateImpl
2021-11-25 02:28:35,426 [Listener at 127.0.0.1/44827] INFO  impl.PendingRequests (PendingRequests.java:sendNotLeaderResponses(282)) - a77dd090-2963-4745-95fa-35573f312ffb@group-343F4C7F3807-PendingRequests: sendNotLeaderResponses
2021-11-25 02:28:35,429 [Listener at 127.0.0.1/44827] INFO  impl.StateMachineUpdater (StateMachineUpdater.java:stopAndJoin(149)) - a77dd090-2963-4745-95fa-35573f312ffb@group-343F4C7F3807-StateMachineUpdater: set stopIndex = 0
2021-11-25 02:28:35,430 [a77dd090-2963-4745-95fa-35573f312ffb@group-343F4C7F3807-StateMachineUpdater] INFO  ratis.ContainerStateMachine (ContainerStateMachine.java:takeSnapshot(292)) - group-343F4C7F3807: Taking a snapshot at:(t:1, i:0) file /home/runner/work/ozone/ozone/hadoop-ozone/integration-test/target/test-dir/MiniOzoneClusterImpl-bf1a4df1-220d-4f19-a3f2-d6f00535f443/datanode-4/data/ratis/eae6cecd-c833-4b37-9e39-343f4c7f3807/sm/snapshot.1_0
2021-11-25 02:28:35,431 [a77dd090-2963-4745-95fa-35573f312ffb@group-343F4C7F3807-StateMachineUpdater] INFO  ratis.ContainerStateMachine (ContainerStateMachine.java:takeSnapshot(303)) - group-343F4C7F3807: Finished taking a snapshot at:(t:1, i:0) file:/home/runner/work/ozone/ozone/hadoop-ozone/integration-test/target/test-dir/MiniOzoneClusterImpl-bf1a4df1-220d-4f19-a3f2-d6f00535f443/datanode-4/data/ratis/eae6cecd-c833-4b37-9e39-343f4c7f3807/sm/snapshot.1_0 took: 2 ms
2021-11-25 02:28:35,431 [a77dd090-2963-4745-95fa-35573f312ffb@group-343F4C7F3807-StateMachineUpdater] INFO  impl.StateMachineUpdater (StateMachineUpdater.java:takeSnapshot(281)) - a77dd090-2963-4745-95fa-35573f312ffb@group-343F4C7F3807-StateMachineUpdater: Took a snapshot at index 0
2021-11-25 02:28:35,431 [a77dd090-2963-4745-95fa-35573f312ffb@group-343F4C7F3807-StateMachineUpdater] INFO  impl.StateMachineUpdater (StateMachineUpdater.java:lambda$new$0(89)) - a77dd090-2963-4745-95fa-35573f312ffb@group-343F4C7F3807-StateMachineUpdater: snapshotIndex: updateIncreasingly -1 -> 0
2021-11-25 02:28:35,432 [Listener at 127.0.0.1/44827] INFO  server.RaftServer$Division (ServerState.java:close(419)) - a77dd090-2963-4745-95fa-35573f312ffb@group-343F4C7F3807: closes. applyIndex: 0
2021-11-25 02:28:35,432 [a77dd090-2963-4745-95fa-35573f312ffb@group-343F4C7F3807-SegmentedRaftLogWorker] INFO  segmented.SegmentedRaftLogWorker (SegmentedRaftLogWorker.java:run(327)) - a77dd090-2963-4745-95fa-35573f312ffb@group-343F4C7F3807-SegmentedRaftLogWorker was interrupted, exiting. There are 0 tasks remaining in the queue.
2021-11-25 02:28:35,434 [Listener at 127.0.0.1/44827] INFO  segmented.SegmentedRaftLogWorker (SegmentedRaftLogWorker.java:close(237)) - a77dd090-2963-4745-95fa-35573f312ffb@group-343F4C7F3807-SegmentedRaftLogWorker close()
2021-11-25 02:28:35,435 [Listener at 127.0.0.1/44827] INFO  server.RaftServer$Division (RaftServerImpl.java:lambda$close$4(412)) - a77dd090-2963-4745-95fa-35573f312ffb@group-58D710EC61B9: shutdown
2021-11-25 02:28:35,436 [Listener at 127.0.0.1/44827] INFO  util.JmxRegister (JmxRegister.java:unregister(73)) - Successfully un-registered JMX Bean with object name Ratis:service=RaftServer,group=group-58D710EC61B9,id=a77dd090-2963-4745-95fa-35573f312ffb
2021-11-25 02:28:35,436 [Listener at 127.0.0.1/44827] INFO  impl.RoleInfo (RoleInfo.java:shutdownFollowerState(108)) - a77dd090-2963-4745-95fa-35573f312ffb: shutdown a77dd090-2963-4745-95fa-35573f312ffb@group-58D710EC61B9-FollowerState
2021-11-25 02:28:35,436 [Listener at 127.0.0.1/44827] INFO  impl.StateMachineUpdater (StateMachineUpdater.java:stopAndJoin(149)) - a77dd090-2963-4745-95fa-35573f312ffb@group-58D710EC61B9-StateMachineUpdater: set stopIndex = 0
2021-11-25 02:28:35,436 [a77dd090-2963-4745-95fa-35573f312ffb@group-58D710EC61B9-StateMachineUpdater] INFO  ratis.ContainerStateMachine (ContainerStateMachine.java:takeSnapshot(292)) - group-58D710EC61B9: Taking a snapshot at:(t:5, i:0) file /home/runner/work/ozone/ozone/hadoop-ozone/integration-test/target/test-dir/MiniOzoneClusterImpl-bf1a4df1-220d-4f19-a3f2-d6f00535f443/datanode-4/data/ratis/efb5a97a-2d66-44bc-b408-58d710ec61b9/sm/snapshot.5_0
2021-11-25 02:28:35,436 [a77dd090-2963-4745-95fa-35573f312ffb@group-58D710EC61B9-FollowerState] INFO  impl.FollowerState (FollowerState.java:run(143)) - a77dd090-2963-4745-95fa-35573f312ffb@group-58D710EC61B9-FollowerState was interrupted: {}
java.lang.InterruptedException: sleep interrupted
	at java.lang.Thread.sleep(Native Method)
	at java.lang.Thread.sleep(Thread.java:340)
	at java.util.concurrent.TimeUnit.sleep(TimeUnit.java:386)
	at org.apache.ratis.util.TimeDuration.sleep(TimeDuration.java:324)
	at org.apache.ratis.util.TimeDuration.sleep(TimeDuration.java:309)
	at org.apache.ratis.server.impl.FollowerState.run(FollowerState.java:118)
2021-11-25 02:28:35,438 [a77dd090-2963-4745-95fa-35573f312ffb@group-58D710EC61B9-StateMachineUpdater] INFO  ratis.ContainerStateMachine (ContainerStateMachine.java:takeSnapshot(303)) - group-58D710EC61B9: Finished taking a snapshot at:(t:5, i:0) file:/home/runner/work/ozone/ozone/hadoop-ozone/integration-test/target/test-dir/MiniOzoneClusterImpl-bf1a4df1-220d-4f19-a3f2-d6f00535f443/datanode-4/data/ratis/efb5a97a-2d66-44bc-b408-58d710ec61b9/sm/snapshot.5_0 took: 1 ms
2021-11-25 02:28:35,438 [a77dd090-2963-4745-95fa-35573f312ffb@group-58D710EC61B9-StateMachineUpdater] INFO  impl.StateMachineUpdater (StateMachineUpdater.java:takeSnapshot(281)) - a77dd090-2963-4745-95fa-35573f312ffb@group-58D710EC61B9-StateMachineUpdater: Took a snapshot at index 0
2021-11-25 02:28:35,438 [a77dd090-2963-4745-95fa-35573f312ffb@group-58D710EC61B9-StateMachineUpdater] INFO  impl.StateMachineUpdater (StateMachineUpdater.java:lambda$new$0(89)) - a77dd090-2963-4745-95fa-35573f312ffb@group-58D710EC61B9-StateMachineUpdater: snapshotIndex: updateIncreasingly -1 -> 0
2021-11-25 02:28:35,438 [Listener at 127.0.0.1/44827] INFO  server.RaftServer$Division (ServerState.java:close(419)) - a77dd090-2963-4745-95fa-35573f312ffb@group-58D710EC61B9: closes. applyIndex: 0
2021-11-25 02:28:35,438 [a77dd090-2963-4745-95fa-35573f312ffb@group-58D710EC61B9-SegmentedRaftLogWorker] INFO  segmented.SegmentedRaftLogWorker (SegmentedRaftLogWorker.java:run(327)) - a77dd090-2963-4745-95fa-35573f312ffb@group-58D710EC61B9-SegmentedRaftLogWorker was interrupted, exiting. There are 0 tasks remaining in the queue.
2021-11-25 02:28:35,440 [Listener at 127.0.0.1/44827] INFO  segmented.SegmentedRaftLogWorker (SegmentedRaftLogWorker.java:close(237)) - a77dd090-2963-4745-95fa-35573f312ffb@group-58D710EC61B9-SegmentedRaftLogWorker close()
2021-11-25 02:28:35,441 [Listener at 127.0.0.1/44827] INFO  server.GrpcService (GrpcService.java:closeImpl(262)) - a77dd090-2963-4745-95fa-35573f312ffb: shutdown server with port 36541 now
2021-11-25 02:28:35,447 [grpc-default-executor-2] WARN  server.GrpcServerProtocolService (LogUtils.java:warn(122)) - a77dd090-2963-4745-95fa-35573f312ffb: installSnapshot onError, lastRequest: afe6738c-795d-4ad9-911f-77efc98b0ab7->a77dd090-2963-4745-95fa-35573f312ffb#1-t5,previous=(t:0, i:0),leaderCommit=-1,initializing? true,entries: size=1, first=(t:5, i:0), CONFIGURATIONENTRY: org.apache.ratis.thirdparty.io.grpc.StatusRuntimeException: CANCELLED: client cancelled
2021-11-25 02:28:35,455 [grpc-default-executor-1] WARN  server.GrpcLogAppender (LogUtils.java:warn(122)) - afe6738c-795d-4ad9-911f-77efc98b0ab7@group-58D710EC61B9->a77dd090-2963-4745-95fa-35573f312ffb-AppendLogResponseHandler: Failed appendEntries: org.apache.ratis.thirdparty.io.grpc.StatusRuntimeException: CANCELLED: HTTP/2 error code: CANCEL
Received Rst Stream
2021-11-25 02:28:35,455 [grpc-default-executor-1] WARN  server.GrpcLogAppender (GrpcLogAppender.java:resetClient(110)) - afe6738c-795d-4ad9-911f-77efc98b0ab7@group-58D710EC61B9->a77dd090-2963-4745-95fa-35573f312ffb-GrpcLogAppender: Leader has not got in touch with Follower afe6738c-795d-4ad9-911f-77efc98b0ab7@group-58D710EC61B9->a77dd090-2963-4745-95fa-35573f312ffb(c0,m0,n1, attendVote=true, lastRpcSendTime=929, lastRpcResponseTime=925) yet, just keep nextIndex unchanged and retry.
2021-11-25 02:28:35,471 [Listener at 127.0.0.1/44827] INFO  server.GrpcService (GrpcService.java:closeImpl(271)) - a77dd090-2963-4745-95fa-35573f312ffb: shutdown server with port 36541 successfully
2021-11-25 02:28:35,471 [org.apache.ratis.util.JvmPauseMonitor$$Lambda$533/113722330@4625c4f] INFO  util.JvmPauseMonitor (JvmPauseMonitor.java:run(109)) - JvmPauseMonitor-a77dd090-2963-4745-95fa-35573f312ffb: Stopped
2021-11-25 02:28:35,475 [Listener at 127.0.0.1/44827] INFO  utils.BackgroundService (BackgroundService.java:shutdown(132)) - Shutting down service BlockDeletingService
2021-11-25 02:28:35,488 [ForkJoinPool.commonPool-worker-1] INFO  ozoneimpl.OzoneContainer (OzoneContainer.java:stop(325)) - Attempting to stop container services.
2021-11-25 02:28:35,489 [ForkJoinPool.commonPool-worker-1] INFO  server.RaftServer (RaftServerProxy.java:lambda$close$6(391)) - e8e4a09d-b55f-46fb-afd1-8638ca612560: close
2021-11-25 02:28:35,490 [ForkJoinPool.commonPool-worker-1] INFO  server.RaftServer$Division (RaftServerImpl.java:lambda$close$4(412)) - e8e4a09d-b55f-46fb-afd1-8638ca612560@group-064E13E4DC9E: shutdown
2021-11-25 02:28:35,490 [ForkJoinPool.commonPool-worker-1] INFO  util.JmxRegister (JmxRegister.java:unregister(73)) - Successfully un-registered JMX Bean with object name Ratis:service=RaftServer,group=group-064E13E4DC9E,id=e8e4a09d-b55f-46fb-afd1-8638ca612560
2021-11-25 02:28:35,490 [ForkJoinPool.commonPool-worker-1] INFO  impl.RoleInfo (RoleInfo.java:shutdownLeaderState(91)) - e8e4a09d-b55f-46fb-afd1-8638ca612560: shutdown e8e4a09d-b55f-46fb-afd1-8638ca612560@group-064E13E4DC9E-LeaderStateImpl
2021-11-25 02:28:35,490 [ForkJoinPool.commonPool-worker-1] INFO  impl.PendingRequests (PendingRequests.java:sendNotLeaderResponses(282)) - e8e4a09d-b55f-46fb-afd1-8638ca612560@group-064E13E4DC9E-PendingRequests: sendNotLeaderResponses
2021-11-25 02:28:35,491 [ForkJoinPool.commonPool-worker-1] INFO  impl.StateMachineUpdater (StateMachineUpdater.java:stopAndJoin(149)) - e8e4a09d-b55f-46fb-afd1-8638ca612560@group-064E13E4DC9E-StateMachineUpdater: set stopIndex = 0
2021-11-25 02:28:35,491 [e8e4a09d-b55f-46fb-afd1-8638ca612560@group-064E13E4DC9E-StateMachineUpdater] INFO  ratis.ContainerStateMachine (ContainerStateMachine.java:takeSnapshot(292)) - group-064E13E4DC9E: Taking a snapshot at:(t:1, i:0) file /home/runner/work/ozone/ozone/hadoop-ozone/integration-test/target/test-dir/MiniOzoneClusterImpl-bf1a4df1-220d-4f19-a3f2-d6f00535f443/datanode-2/data/ratis/488de05d-509c-436f-b5b5-064e13e4dc9e/sm/snapshot.1_0
2021-11-25 02:28:35,492 [e8e4a09d-b55f-46fb-afd1-8638ca612560@group-064E13E4DC9E-StateMachineUpdater] INFO  ratis.ContainerStateMachine (ContainerStateMachine.java:takeSnapshot(303)) - group-064E13E4DC9E: Finished taking a snapshot at:(t:1, i:0) file:/home/runner/work/ozone/ozone/hadoop-ozone/integration-test/target/test-dir/MiniOzoneClusterImpl-bf1a4df1-220d-4f19-a3f2-d6f00535f443/datanode-2/data/ratis/488de05d-509c-436f-b5b5-064e13e4dc9e/sm/snapshot.1_0 took: 1 ms
2021-11-25 02:28:35,492 [e8e4a09d-b55f-46fb-afd1-8638ca612560@group-064E13E4DC9E-StateMachineUpdater] INFO  impl.StateMachineUpdater (StateMachineUpdater.java:takeSnapshot(281)) - e8e4a09d-b55f-46fb-afd1-8638ca612560@group-064E13E4DC9E-StateMachineUpdater: Took a snapshot at index 0
2021-11-25 02:28:35,492 [e8e4a09d-b55f-46fb-afd1-8638ca612560@group-064E13E4DC9E-StateMachineUpdater] INFO  impl.StateMachineUpdater (StateMachineUpdater.java:lambda$new$0(89)) - e8e4a09d-b55f-46fb-afd1-8638ca612560@group-064E13E4DC9E-StateMachineUpdater: snapshotIndex: updateIncreasingly -1 -> 0
2021-11-25 02:28:35,492 [ForkJoinPool.commonPool-worker-1] INFO  server.RaftServer$Division (ServerState.java:close(419)) - e8e4a09d-b55f-46fb-afd1-8638ca612560@group-064E13E4DC9E: closes. applyIndex: 0
2021-11-25 02:28:35,493 [e8e4a09d-b55f-46fb-afd1-8638ca612560@group-064E13E4DC9E-SegmentedRaftLogWorker] INFO  segmented.SegmentedRaftLogWorker (SegmentedRaftLogWorker.java:run(327)) - e8e4a09d-b55f-46fb-afd1-8638ca612560@group-064E13E4DC9E-SegmentedRaftLogWorker was interrupted, exiting. There are 0 tasks remaining in the queue.
2021-11-25 02:28:35,515 [ForkJoinPool.commonPool-worker-1] INFO  segmented.SegmentedRaftLogWorker (SegmentedRaftLogWorker.java:close(237)) - e8e4a09d-b55f-46fb-afd1-8638ca612560@group-064E13E4DC9E-SegmentedRaftLogWorker close()
2021-11-25 02:28:35,516 [ForkJoinPool.commonPool-worker-1] INFO  server.RaftServer$Division (RaftServerImpl.java:lambda$close$4(412)) - e8e4a09d-b55f-46fb-afd1-8638ca612560@group-8550D68C7491: shutdown
2021-11-25 02:28:35,516 [ForkJoinPool.commonPool-worker-1] INFO  util.JmxRegister (JmxRegister.java:unregister(73)) - Successfully un-registered JMX Bean with object name Ratis:service=RaftServer,group=group-8550D68C7491,id=e8e4a09d-b55f-46fb-afd1-8638ca612560
2021-11-25 02:28:35,516 [ForkJoinPool.commonPool-worker-1] INFO  impl.RoleInfo (RoleInfo.java:shutdownLeaderState(91)) - e8e4a09d-b55f-46fb-afd1-8638ca612560: shutdown e8e4a09d-b55f-46fb-afd1-8638ca612560@group-8550D68C7491-LeaderStateImpl
2021-11-25 02:28:35,517 [ForkJoinPool.commonPool-worker-1] INFO  impl.PendingRequests (PendingRequests.java:sendNotLeaderResponses(282)) - e8e4a09d-b55f-46fb-afd1-8638ca612560@group-8550D68C7491-PendingRequests: sendNotLeaderResponses
2021-11-25 02:28:35,517 [ForkJoinPool.commonPool-worker-1] INFO  impl.StateMachineUpdater (StateMachineUpdater.java:stopAndJoin(149)) - e8e4a09d-b55f-46fb-afd1-8638ca612560@group-8550D68C7491-StateMachineUpdater: set stopIndex = 0
2021-11-25 02:28:35,518 [e8e4a09d-b55f-46fb-afd1-8638ca612560@group-8550D68C7491-StateMachineUpdater] INFO  ratis.ContainerStateMachine (ContainerStateMachine.java:takeSnapshot(292)) - group-8550D68C7491: Taking a snapshot at:(t:6, i:0) file /home/runner/work/ozone/ozone/hadoop-ozone/integration-test/target/test-dir/MiniOzoneClusterImpl-bf1a4df1-220d-4f19-a3f2-d6f00535f443/datanode-2/data/ratis/d4289eb7-cbdd-466a-ac91-8550d68c7491/sm/snapshot.6_0
2021-11-25 02:28:35,519 [e8e4a09d-b55f-46fb-afd1-8638ca612560@group-8550D68C7491-StateMachineUpdater] INFO  ratis.ContainerStateMachine (ContainerStateMachine.java:takeSnapshot(303)) - group-8550D68C7491: Finished taking a snapshot at:(t:6, i:0) file:/home/runner/work/ozone/ozone/hadoop-ozone/integration-test/target/test-dir/MiniOzoneClusterImpl-bf1a4df1-220d-4f19-a3f2-d6f00535f443/datanode-2/data/ratis/d4289eb7-cbdd-466a-ac91-8550d68c7491/sm/snapshot.6_0 took: 1 ms
2021-11-25 02:28:35,519 [e8e4a09d-b55f-46fb-afd1-8638ca612560@group-8550D68C7491-StateMachineUpdater] INFO  impl.StateMachineUpdater (StateMachineUpdater.java:takeSnapshot(281)) - e8e4a09d-b55f-46fb-afd1-8638ca612560@group-8550D68C7491-StateMachineUpdater: Took a snapshot at index 0
2021-11-25 02:28:35,519 [e8e4a09d-b55f-46fb-afd1-8638ca612560@group-8550D68C7491-StateMachineUpdater] INFO  impl.StateMachineUpdater (StateMachineUpdater.java:lambda$new$0(89)) - e8e4a09d-b55f-46fb-afd1-8638ca612560@group-8550D68C7491-StateMachineUpdater: snapshotIndex: updateIncreasingly -1 -> 0
2021-11-25 02:28:35,519 [ForkJoinPool.commonPool-worker-1] INFO  server.RaftServer$Division (ServerState.java:close(419)) - e8e4a09d-b55f-46fb-afd1-8638ca612560@group-8550D68C7491: closes. applyIndex: 0
2021-11-25 02:28:35,519 [e8e4a09d-b55f-46fb-afd1-8638ca612560@group-8550D68C7491-SegmentedRaftLogWorker] INFO  segmented.SegmentedRaftLogWorker (SegmentedRaftLogWorker.java:run(327)) - e8e4a09d-b55f-46fb-afd1-8638ca612560@group-8550D68C7491-SegmentedRaftLogWorker was interrupted, exiting. There are 0 tasks remaining in the queue.
2021-11-25 02:28:35,520 [ForkJoinPool.commonPool-worker-1] INFO  segmented.SegmentedRaftLogWorker (SegmentedRaftLogWorker.java:close(237)) - e8e4a09d-b55f-46fb-afd1-8638ca612560@group-8550D68C7491-SegmentedRaftLogWorker close()
2021-11-25 02:28:35,525 [ForkJoinPool.commonPool-worker-1] INFO  server.GrpcService (GrpcService.java:closeImpl(262)) - e8e4a09d-b55f-46fb-afd1-8638ca612560: shutdown server with port 42859 now
2021-11-25 02:28:35,530 [e8e4a09d-b55f-46fb-afd1-8638ca612560@group-8550D68C7491->a8a586c2-f99e-4cfe-9d52-03ddcdbedb28-GrpcLogAppender-LogAppenderDaemon] WARN  server.GrpcLogAppender (GrpcLogAppender.java:mayWait(177)) - e8e4a09d-b55f-46fb-afd1-8638ca612560@group-8550D68C7491->a8a586c2-f99e-4cfe-9d52-03ddcdbedb28-GrpcLogAppender: Wait interrupted by java.lang.InterruptedException
2021-11-25 02:28:35,530 [e8e4a09d-b55f-46fb-afd1-8638ca612560@group-8550D68C7491->7b8694ed-f626-45d7-ad92-ba79cd2bf69c-GrpcLogAppender-LogAppenderDaemon] WARN  server.GrpcLogAppender (GrpcLogAppender.java:mayWait(177)) - e8e4a09d-b55f-46fb-afd1-8638ca612560@group-8550D68C7491->7b8694ed-f626-45d7-ad92-ba79cd2bf69c-GrpcLogAppender: Wait interrupted by java.lang.InterruptedException
2021-11-25 02:28:35,531 [grpc-default-executor-1] INFO  server.GrpcServerProtocolService (GrpcServerProtocolService.java:onCompleted(140)) - 7b8694ed-f626-45d7-ad92-ba79cd2bf69c: Completed APPEND_ENTRIES, lastRequest: e8e4a09d-b55f-46fb-afd1-8638ca612560->7b8694ed-f626-45d7-ad92-ba79cd2bf69c#1-t6,previous=(t:0, i:0),leaderCommit=0,initializing? true,entries: size=1, first=(t:6, i:0), CONFIGURATIONENTRY
2021-11-25 02:28:35,532 [grpc-default-executor-3] INFO  server.GrpcServerProtocolService (GrpcServerProtocolService.java:onCompleted(140)) - a8a586c2-f99e-4cfe-9d52-03ddcdbedb28: Completed APPEND_ENTRIES, lastRequest: e8e4a09d-b55f-46fb-afd1-8638ca612560->a8a586c2-f99e-4cfe-9d52-03ddcdbedb28#1-t6,previous=(t:0, i:0),leaderCommit=-1,initializing? true,entries: size=1, first=(t:6, i:0), CONFIGURATIONENTRY
2021-11-25 02:28:35,533 [grpc-default-executor-3] INFO  server.GrpcLogAppender (GrpcLogAppender.java:onCompleted(346)) - e8e4a09d-b55f-46fb-afd1-8638ca612560@group-8550D68C7491->7b8694ed-f626-45d7-ad92-ba79cd2bf69c-AppendLogResponseHandler: follower responses appendEntries COMPLETED
2021-11-25 02:28:35,534 [grpc-default-executor-3] WARN  server.GrpcLogAppender (GrpcLogAppender.java:resetClient(116)) - e8e4a09d-b55f-46fb-afd1-8638ca612560@group-8550D68C7491->7b8694ed-f626-45d7-ad92-ba79cd2bf69c-GrpcLogAppender: Failed to getClient for 7b8694ed-f626-45d7-ad92-ba79cd2bf69c
org.apache.ratis.protocol.exceptions.AlreadyClosedException: e8e4a09d-b55f-46fb-afd1-8638ca612560 is already CLOSED
	at org.apache.ratis.util.PeerProxyMap$PeerAndProxy.getProxy(PeerProxyMap.java:60)
	at org.apache.ratis.util.PeerProxyMap.getProxy(PeerProxyMap.java:114)
	at org.apache.ratis.grpc.server.GrpcLogAppender.getClient(GrpcLogAppender.java:95)
	at org.apache.ratis.grpc.server.GrpcLogAppender.resetClient(GrpcLogAppender.java:100)
	at org.apache.ratis.grpc.server.GrpcLogAppender.access$500(GrpcLogAppender.java:53)
	at org.apache.ratis.grpc.server.GrpcLogAppender$AppendLogResponseHandler.onCompleted(GrpcLogAppender.java:347)
	at org.apache.ratis.thirdparty.io.grpc.stub.ClientCalls$StreamObserverToCallListenerAdapter.onClose(ClientCalls.java:476)
	at org.apache.ratis.thirdparty.io.grpc.internal.ClientCallImpl.closeObserver(ClientCallImpl.java:616)
	at org.apache.ratis.thirdparty.io.grpc.internal.ClientCallImpl.access$300(ClientCallImpl.java:69)
	at org.apache.ratis.thirdparty.io.grpc.internal.ClientCallImpl$ClientStreamListenerImpl$1StreamClosed.runInternal(ClientCallImpl.java:802)
	at org.apache.ratis.thirdparty.io.grpc.internal.ClientCallImpl$ClientStreamListenerImpl$1StreamClosed.runInContext(ClientCallImpl.java:781)
	at org.apache.ratis.thirdparty.io.grpc.internal.ContextRunnable.run(ContextRunnable.java:37)
	at org.apache.ratis.thirdparty.io.grpc.internal.SerializingExecutor.run(SerializingExecutor.java:123)
	at java.util.concurrent.ThreadPoolExecutor.runWorker(ThreadPoolExecutor.java:1149)
	at java.util.concurrent.ThreadPoolExecutor$Worker.run(ThreadPoolExecutor.java:624)
	at java.lang.Thread.run(Thread.java:748)
2021-11-25 02:28:35,534 [grpc-default-executor-1] INFO  server.GrpcLogAppender (GrpcLogAppender.java:onCompleted(346)) - e8e4a09d-b55f-46fb-afd1-8638ca612560@group-8550D68C7491->a8a586c2-f99e-4cfe-9d52-03ddcdbedb28-AppendLogResponseHandler: follower responses appendEntries COMPLETED
2021-11-25 02:28:35,536 [grpc-default-executor-1] WARN  server.GrpcLogAppender (GrpcLogAppender.java:resetClient(116)) - e8e4a09d-b55f-46fb-afd1-8638ca612560@group-8550D68C7491->a8a586c2-f99e-4cfe-9d52-03ddcdbedb28-GrpcLogAppender: Failed to getClient for a8a586c2-f99e-4cfe-9d52-03ddcdbedb28
org.apache.ratis.protocol.exceptions.AlreadyClosedException: e8e4a09d-b55f-46fb-afd1-8638ca612560 is already CLOSED
	at org.apache.ratis.util.PeerProxyMap$PeerAndProxy.getProxy(PeerProxyMap.java:60)
	at org.apache.ratis.util.PeerProxyMap.getProxy(PeerProxyMap.java:114)
	at org.apache.ratis.grpc.server.GrpcLogAppender.getClient(GrpcLogAppender.java:95)
	at org.apache.ratis.grpc.server.GrpcLogAppender.resetClient(GrpcLogAppender.java:100)
	at org.apache.ratis.grpc.server.GrpcLogAppender.access$500(GrpcLogAppender.java:53)
	at org.apache.ratis.grpc.server.GrpcLogAppender$AppendLogResponseHandler.onCompleted(GrpcLogAppender.java:347)
	at org.apache.ratis.thirdparty.io.grpc.stub.ClientCalls$StreamObserverToCallListenerAdapter.onClose(ClientCalls.java:476)
	at org.apache.ratis.thirdparty.io.grpc.internal.ClientCallImpl.closeObserver(ClientCallImpl.java:616)
	at org.apache.ratis.thirdparty.io.grpc.internal.ClientCallImpl.access$300(ClientCallImpl.java:69)
	at org.apache.ratis.thirdparty.io.grpc.internal.ClientCallImpl$ClientStreamListenerImpl$1StreamClosed.runInternal(ClientCallImpl.java:802)
	at org.apache.ratis.thirdparty.io.grpc.internal.ClientCallImpl$ClientStreamListenerImpl$1StreamClosed.runInContext(ClientCallImpl.java:781)
	at org.apache.ratis.thirdparty.io.grpc.internal.ContextRunnable.run(ContextRunnable.java:37)
	at org.apache.ratis.thirdparty.io.grpc.internal.SerializingExecutor.run(SerializingExecutor.java:123)
	at java.util.concurrent.ThreadPoolExecutor.runWorker(ThreadPoolExecutor.java:1149)
	at java.util.concurrent.ThreadPoolExecutor$Worker.run(ThreadPoolExecutor.java:624)
	at java.lang.Thread.run(Thread.java:748)
2021-11-25 02:28:35,537 [ForkJoinPool.commonPool-worker-1] INFO  server.GrpcService (GrpcService.java:closeImpl(271)) - e8e4a09d-b55f-46fb-afd1-8638ca612560: shutdown server with port 42859 successfully
2021-11-25 02:28:35,537 [org.apache.ratis.util.JvmPauseMonitor$$Lambda$533/113722330@779ff89b] INFO  util.JvmPauseMonitor (JvmPauseMonitor.java:run(109)) - JvmPauseMonitor-e8e4a09d-b55f-46fb-afd1-8638ca612560: Stopped
2021-11-25 02:28:35,559 [ForkJoinPool.commonPool-worker-1] INFO  utils.BackgroundService (BackgroundService.java:shutdown(132)) - Shutting down service BlockDeletingService
2021-11-25 02:28:37,057 [grpc-default-executor-1] WARN  server.GrpcLogAppender (LogUtils.java:warn(122)) - afe6738c-795d-4ad9-911f-77efc98b0ab7@group-58D710EC61B9->a77dd090-2963-4745-95fa-35573f312ffb-AppendLogResponseHandler: Failed appendEntries: org.apache.ratis.thirdparty.io.grpc.StatusRuntimeException: UNAVAILABLE: io exception
2021-11-25 02:28:37,057 [grpc-default-executor-1] WARN  server.GrpcLogAppender (GrpcLogAppender.java:resetClient(110)) - afe6738c-795d-4ad9-911f-77efc98b0ab7@group-58D710EC61B9->a77dd090-2963-4745-95fa-35573f312ffb-GrpcLogAppender: Leader has not got in touch with Follower afe6738c-795d-4ad9-911f-77efc98b0ab7@group-58D710EC61B9->a77dd090-2963-4745-95fa-35573f312ffb(c0,m0,n1, attendVote=true, lastRpcSendTime=1, lastRpcResponseTime=2527) yet, just keep nextIndex unchanged and retry.
2021-11-25 02:28:38,516 [Listener at 127.0.0.1/44827] INFO  statemachine.DatanodeStateMachine (DatanodeStateMachine.java:stopDaemon(526)) - Ozone container server stopped.
2021-11-25 02:28:38,517 [Listener at 127.0.0.1/44827] INFO  handler.ContextHandler (ContextHandler.java:doStop(1153)) - Stopped o.e.j.w.WebAppContext@61ac4f69{hddsDatanode,/,null,STOPPED}{jar:file:/home/runner/.m2/repository/org/apache/ozone/hdds-container-service/1.2.0-SNAPSHOT/hdds-container-service-1.2.0-SNAPSHOT.jar!/webapps/hddsDatanode}
2021-11-25 02:28:38,518 [Listener at 127.0.0.1/44827] INFO  server.AbstractConnector (AbstractConnector.java:doStop(381)) - Stopped ServerConnector@3a50b75c{HTTP/1.1, (http/1.1)}{0.0.0.0:0}
2021-11-25 02:28:38,518 [Listener at 127.0.0.1/44827] INFO  server.session (HouseKeeper.java:stopScavenging(149)) - node0 Stopped scavenging
2021-11-25 02:28:38,518 [Listener at 127.0.0.1/44827] INFO  handler.ContextHandler (ContextHandler.java:doStop(1153)) - Stopped o.e.j.s.ServletContextHandler@3f30805d{static,/static,jar:file:/home/runner/.m2/repository/org/apache/ozone/hdds-container-service/1.2.0-SNAPSHOT/hdds-container-service-1.2.0-SNAPSHOT.jar!/webapps/static,STOPPED}
2021-11-25 02:28:38,518 [Listener at 127.0.0.1/44827] INFO  handler.ContextHandler (ContextHandler.java:doStop(1153)) - Stopped o.e.j.s.ServletContextHandler@cc1247a{logs,/logs,file:///home/runner/work/ozone/ozone/hadoop-ozone/integration-test/target/log,STOPPED}
2021-11-25 02:28:38,623 [ForkJoinPool.commonPool-worker-1] INFO  statemachine.DatanodeStateMachine (DatanodeStateMachine.java:stopDaemon(526)) - Ozone container server stopped.
2021-11-25 02:28:38,626 [ForkJoinPool.commonPool-worker-1] INFO  handler.ContextHandler (ContextHandler.java:doStop(1153)) - Stopped o.e.j.w.WebAppContext@ba0b690{hddsDatanode,/,null,STOPPED}{jar:file:/home/runner/.m2/repository/org/apache/ozone/hdds-container-service/1.2.0-SNAPSHOT/hdds-container-service-1.2.0-SNAPSHOT.jar!/webapps/hddsDatanode}
2021-11-25 02:28:38,630 [ForkJoinPool.commonPool-worker-1] INFO  server.AbstractConnector (AbstractConnector.java:doStop(381)) - Stopped ServerConnector@7fa0e13a{HTTP/1.1, (http/1.1)}{0.0.0.0:0}
2021-11-25 02:28:38,630 [ForkJoinPool.commonPool-worker-1] INFO  server.session (HouseKeeper.java:stopScavenging(149)) - node0 Stopped scavenging
2021-11-25 02:28:38,631 [ForkJoinPool.commonPool-worker-1] INFO  handler.ContextHandler (ContextHandler.java:doStop(1153)) - Stopped o.e.j.s.ServletContextHandler@115c112{static,/static,jar:file:/home/runner/.m2/repository/org/apache/ozone/hdds-container-service/1.2.0-SNAPSHOT/hdds-container-service-1.2.0-SNAPSHOT.jar!/webapps/static,STOPPED}
2021-11-25 02:28:38,632 [ForkJoinPool.commonPool-worker-1] INFO  handler.ContextHandler (ContextHandler.java:doStop(1153)) - Stopped o.e.j.s.ServletContextHandler@70bf2681{logs,/logs,file:///home/runner/work/ozone/ozone/hadoop-ozone/integration-test/target/log,STOPPED}
2021-11-25 02:28:39,557 [grpc-default-executor-3] WARN  server.GrpcLogAppender (LogUtils.java:warn(122)) - afe6738c-795d-4ad9-911f-77efc98b0ab7@group-58D710EC61B9->a77dd090-2963-4745-95fa-35573f312ffb-AppendLogResponseHandler: Failed appendEntries: org.apache.ratis.thirdparty.io.grpc.StatusRuntimeException: UNAVAILABLE: io exception
2021-11-25 02:28:39,558 [grpc-default-executor-3] WARN  server.GrpcLogAppender (GrpcLogAppender.java:resetClient(110)) - afe6738c-795d-4ad9-911f-77efc98b0ab7@group-58D710EC61B9->a77dd090-2963-4745-95fa-35573f312ffb-GrpcLogAppender: Leader has not got in touch with Follower afe6738c-795d-4ad9-911f-77efc98b0ab7@group-58D710EC61B9->a77dd090-2963-4745-95fa-35573f312ffb(c0,m0,n1, attendVote=true, lastRpcSendTime=2502, lastRpcResponseTime=5028) yet, just keep nextIndex unchanged and retry.
2021-11-25 02:28:40,220 [a8a586c2-f99e-4cfe-9d52-03ddcdbedb28@group-8550D68C7491-FollowerState] INFO  impl.FollowerState (FollowerState.java:run(134)) - a8a586c2-f99e-4cfe-9d52-03ddcdbedb28@group-8550D68C7491-FollowerState: change to CANDIDATE, lastRpcElapsedTime:5153013644ns, electionTimeout:5131ms
2021-11-25 02:28:40,220 [a8a586c2-f99e-4cfe-9d52-03ddcdbedb28@group-8550D68C7491-FollowerState] INFO  impl.RoleInfo (RoleInfo.java:shutdownFollowerState(108)) - a8a586c2-f99e-4cfe-9d52-03ddcdbedb28: shutdown a8a586c2-f99e-4cfe-9d52-03ddcdbedb28@group-8550D68C7491-FollowerState
2021-11-25 02:28:40,220 [a8a586c2-f99e-4cfe-9d52-03ddcdbedb28@group-8550D68C7491-FollowerState] INFO  server.RaftServer$Division (RaftServerImpl.java:setRole(290)) - a8a586c2-f99e-4cfe-9d52-03ddcdbedb28@group-8550D68C7491: changes role from  FOLLOWER to CANDIDATE at term 6 for changeToCandidate
2021-11-25 02:28:40,220 [a8a586c2-f99e-4cfe-9d52-03ddcdbedb28@group-8550D68C7491-FollowerState] INFO  server.RaftServerConfigKeys (ConfUtils.java:logGet(44)) - raft.server.leaderelection.pre-vote = false (custom)
2021-11-25 02:28:40,220 [a8a586c2-f99e-4cfe-9d52-03ddcdbedb28@group-8550D68C7491-FollowerState] INFO  impl.RoleInfo (RoleInfo.java:updateAndGet(130)) - a8a586c2-f99e-4cfe-9d52-03ddcdbedb28: start a8a586c2-f99e-4cfe-9d52-03ddcdbedb28@group-8550D68C7491-LeaderElection67
2021-11-25 02:28:40,221 [a8a586c2-f99e-4cfe-9d52-03ddcdbedb28@group-8550D68C7491-LeaderElection67] INFO  server.RaftServer$Division (ServerState.java:setLeader(285)) - a8a586c2-f99e-4cfe-9d52-03ddcdbedb28@group-8550D68C7491: change Leader from e8e4a09d-b55f-46fb-afd1-8638ca612560 to null at term 6 for ELECTION
2021-11-25 02:28:40,243 [a8a586c2-f99e-4cfe-9d52-03ddcdbedb28@group-8550D68C7491-LeaderElection67] INFO  impl.LeaderElection (LeaderElection.java:askForVotes(306)) - a8a586c2-f99e-4cfe-9d52-03ddcdbedb28@group-8550D68C7491-LeaderElection67 ELECTION round 0: submit vote requests at term 7 for 0: [e8e4a09d-b55f-46fb-afd1-8638ca612560|rpc:10.1.0.13:42859|dataStream:|priority:1, 7b8694ed-f626-45d7-ad92-ba79cd2bf69c|rpc:10.1.0.13:33171|dataStream:|priority:0, a8a586c2-f99e-4cfe-9d52-03ddcdbedb28|rpc:10.1.0.13:36737|dataStream:|priority:0], old=null
2021-11-25 02:28:40,277 [a8a586c2-f99e-4cfe-9d52-03ddcdbedb28@group-8550D68C7491-LeaderElection67] INFO  impl.LeaderElection (LogUtils.java:infoOrTrace(137)) - a8a586c2-f99e-4cfe-9d52-03ddcdbedb28@group-8550D68C7491-LeaderElection67 got exception when requesting votes: java.util.concurrent.ExecutionException: org.apache.ratis.thirdparty.io.grpc.StatusRuntimeException: UNAVAILABLE: io exception
2021-11-25 02:28:40,287 [grpc-default-executor-3] INFO  server.RaftServer$Division (RaftServerImpl.java:requestVote(1046)) - 7b8694ed-f626-45d7-ad92-ba79cd2bf69c@group-8550D68C7491: receive requestVote(ELECTION, a8a586c2-f99e-4cfe-9d52-03ddcdbedb28, group-8550D68C7491, 7, (t:6, i:0))
2021-11-25 02:28:40,288 [grpc-default-executor-3] INFO  impl.VoteContext (VoteContext.java:log(48)) - 7b8694ed-f626-45d7-ad92-ba79cd2bf69c@group-8550D68C7491-FOLLOWER: accept ELECTION from a8a586c2-f99e-4cfe-9d52-03ddcdbedb28: our priority 0 <= candidate's priority 0
2021-11-25 02:28:40,288 [grpc-default-executor-3] INFO  server.RaftServer$Division (ServerState.java:setLeader(285)) - 7b8694ed-f626-45d7-ad92-ba79cd2bf69c@group-8550D68C7491: change Leader from e8e4a09d-b55f-46fb-afd1-8638ca612560 to null at term 7 for updateCurrentTerm
2021-11-25 02:28:40,288 [grpc-default-executor-3] INFO  server.RaftServer$Division (RaftServerImpl.java:setRole(290)) - 7b8694ed-f626-45d7-ad92-ba79cd2bf69c@group-8550D68C7491: changes role from  FOLLOWER to FOLLOWER at term 7 for candidate:a8a586c2-f99e-4cfe-9d52-03ddcdbedb28
2021-11-25 02:28:40,288 [grpc-default-executor-3] INFO  impl.RoleInfo (RoleInfo.java:shutdownFollowerState(108)) - 7b8694ed-f626-45d7-ad92-ba79cd2bf69c: shutdown 7b8694ed-f626-45d7-ad92-ba79cd2bf69c@group-8550D68C7491-FollowerState
2021-11-25 02:28:40,288 [grpc-default-executor-3] INFO  impl.RoleInfo (RoleInfo.java:updateAndGet(130)) - 7b8694ed-f626-45d7-ad92-ba79cd2bf69c: start 7b8694ed-f626-45d7-ad92-ba79cd2bf69c@group-8550D68C7491-FollowerState
2021-11-25 02:28:40,288 [7b8694ed-f626-45d7-ad92-ba79cd2bf69c@group-8550D68C7491-FollowerState] INFO  impl.FollowerState (FollowerState.java:run(143)) - 7b8694ed-f626-45d7-ad92-ba79cd2bf69c@group-8550D68C7491-FollowerState was interrupted: {}
java.lang.InterruptedException: sleep interrupted
	at java.lang.Thread.sleep(Native Method)
	at java.lang.Thread.sleep(Thread.java:340)
	at java.util.concurrent.TimeUnit.sleep(TimeUnit.java:386)
	at org.apache.ratis.util.TimeDuration.sleep(TimeDuration.java:324)
	at org.apache.ratis.util.TimeDuration.sleep(TimeDuration.java:309)
	at org.apache.ratis.server.impl.FollowerState.run(FollowerState.java:118)
2021-11-25 02:28:40,307 [grpc-default-executor-3] INFO  server.RaftServer$Division (RaftServerImpl.java:requestVote(1078)) - 7b8694ed-f626-45d7-ad92-ba79cd2bf69c@group-8550D68C7491 replies to ELECTION vote request: a8a586c2-f99e-4cfe-9d52-03ddcdbedb28<-7b8694ed-f626-45d7-ad92-ba79cd2bf69c#0:OK-t7. Peer's state: 7b8694ed-f626-45d7-ad92-ba79cd2bf69c@group-8550D68C7491:t7, leader=null, voted=a8a586c2-f99e-4cfe-9d52-03ddcdbedb28, raftlog=7b8694ed-f626-45d7-ad92-ba79cd2bf69c@group-8550D68C7491-SegmentedRaftLog:OPENED:c0, conf=0: [e8e4a09d-b55f-46fb-afd1-8638ca612560|rpc:10.1.0.13:42859|dataStream:|priority:1, 7b8694ed-f626-45d7-ad92-ba79cd2bf69c|rpc:10.1.0.13:33171|dataStream:|priority:0, a8a586c2-f99e-4cfe-9d52-03ddcdbedb28|rpc:10.1.0.13:36737|dataStream:|priority:0], old=null
2021-11-25 02:28:40,308 [a8a586c2-f99e-4cfe-9d52-03ddcdbedb28@group-8550D68C7491-LeaderElection67] INFO  impl.LeaderElection (LeaderElection.java:logAndReturn(89)) - a8a586c2-f99e-4cfe-9d52-03ddcdbedb28@group-8550D68C7491-LeaderElection67: ELECTION PASSED received 1 response(s) and 1 exception(s):
2021-11-25 02:28:40,309 [a8a586c2-f99e-4cfe-9d52-03ddcdbedb28@group-8550D68C7491-LeaderElection67] INFO  impl.LeaderElection (LeaderElection.java:logAndReturn(93)) -   Response 0: a8a586c2-f99e-4cfe-9d52-03ddcdbedb28<-7b8694ed-f626-45d7-ad92-ba79cd2bf69c#0:OK-t7
2021-11-25 02:28:40,309 [a8a586c2-f99e-4cfe-9d52-03ddcdbedb28@group-8550D68C7491-LeaderElection67] INFO  impl.LeaderElection (LogUtils.java:infoOrTrace(137)) -   Exception 1: java.util.concurrent.ExecutionException: org.apache.ratis.thirdparty.io.grpc.StatusRuntimeException: UNAVAILABLE: io exception
2021-11-25 02:28:40,309 [a8a586c2-f99e-4cfe-9d52-03ddcdbedb28@group-8550D68C7491-LeaderElection67] INFO  impl.LeaderElection (LeaderElection.java:askForVotes(308)) - a8a586c2-f99e-4cfe-9d52-03ddcdbedb28@group-8550D68C7491-LeaderElection67 ELECTION round 0: result PASSED
2021-11-25 02:28:40,309 [a8a586c2-f99e-4cfe-9d52-03ddcdbedb28@group-8550D68C7491-LeaderElection67] INFO  impl.RoleInfo (RoleInfo.java:shutdownLeaderElection(121)) - a8a586c2-f99e-4cfe-9d52-03ddcdbedb28: shutdown a8a586c2-f99e-4cfe-9d52-03ddcdbedb28@group-8550D68C7491-LeaderElection67
2021-11-25 02:28:40,309 [a8a586c2-f99e-4cfe-9d52-03ddcdbedb28@group-8550D68C7491-LeaderElection67] INFO  server.RaftServer$Division (RaftServerImpl.java:setRole(290)) - a8a586c2-f99e-4cfe-9d52-03ddcdbedb28@group-8550D68C7491: changes role from CANDIDATE to LEADER at term 7 for changeToLeader
2021-11-25 02:28:40,309 [a8a586c2-f99e-4cfe-9d52-03ddcdbedb28@group-8550D68C7491-LeaderElection67] INFO  ratis.XceiverServerRatis (XceiverServerRatis.java:handleLeaderChangedNotification(866)) - Leader change notification received for group: group-8550D68C7491 with new leaderId: a8a586c2-f99e-4cfe-9d52-03ddcdbedb28
2021-11-25 02:28:40,309 [a8a586c2-f99e-4cfe-9d52-03ddcdbedb28@group-8550D68C7491-LeaderElection67] INFO  server.RaftServer$Division (ServerState.java:setLeader(285)) - a8a586c2-f99e-4cfe-9d52-03ddcdbedb28@group-8550D68C7491: change Leader from null to a8a586c2-f99e-4cfe-9d52-03ddcdbedb28 at term 7 for becomeLeader, leader elected after 88ms
2021-11-25 02:28:40,309 [a8a586c2-f99e-4cfe-9d52-03ddcdbedb28@group-8550D68C7491-LeaderElection67] INFO  server.RaftServerConfigKeys (ConfUtils.java:logGet(44)) - raft.server.staging.catchup.gap = 1000 (default)
2021-11-25 02:28:40,309 [a8a586c2-f99e-4cfe-9d52-03ddcdbedb28@group-8550D68C7491-LeaderElection67] INFO  server.RaftServerConfigKeys (ConfUtils.java:logGet(44)) - raft.server.write.element-limit = 1024 (custom)
2021-11-25 02:28:40,309 [a8a586c2-f99e-4cfe-9d52-03ddcdbedb28@group-8550D68C7491-LeaderElection67] INFO  server.RaftServerConfigKeys (ConfUtils.java:logGet(44)) - raft.server.write.byte-limit = 1024 M (=1073741824) (custom)
2021-11-25 02:28:40,310 [a8a586c2-f99e-4cfe-9d52-03ddcdbedb28@group-8550D68C7491-LeaderElection67] INFO  server.RaftServerConfigKeys (ConfUtils.java:logGet(44)) - raft.server.watch.timeout = 3000ms (custom)
2021-11-25 02:28:40,310 [a8a586c2-f99e-4cfe-9d52-03ddcdbedb28@group-8550D68C7491-LeaderElection67] INFO  server.RaftServerConfigKeys (ConfUtils.java:logGet(44)) - raft.server.watch.timeout.denomination = 1s (default)
2021-11-25 02:28:40,310 [a8a586c2-f99e-4cfe-9d52-03ddcdbedb28@group-8550D68C7491-LeaderElection67] INFO  server.RaftServerConfigKeys (ConfUtils.java:logGet(44)) - raft.server.watch.element-limit = 65536 (default)
2021-11-25 02:28:40,310 [a8a586c2-f99e-4cfe-9d52-03ddcdbedb28@group-8550D68C7491-LeaderElection67] INFO  server.RaftServerConfigKeys (ConfUtils.java:logGet(44)) - raft.server.write.element-limit = 1024 (custom)
2021-11-25 02:28:40,310 [a8a586c2-f99e-4cfe-9d52-03ddcdbedb28@group-8550D68C7491-LeaderElection67] INFO  server.RaftServerConfigKeys (ConfUtils.java:logGet(44)) - raft.server.write.follower.gap.ratio.max = -1.0 (default)
2021-11-25 02:28:40,310 [a8a586c2-f99e-4cfe-9d52-03ddcdbedb28@group-8550D68C7491-LeaderElection67] INFO  server.RaftServerConfigKeys (ConfUtils.java:logGet(44)) - raft.server.log.appender.snapshot.chunk.size.max = 16MB (=16777216) (default)
2021-11-25 02:28:40,310 [a8a586c2-f99e-4cfe-9d52-03ddcdbedb28@group-8550D68C7491-LeaderElection67] INFO  server.RaftServerConfigKeys (ConfUtils.java:logGet(44)) - raft.server.log.appender.buffer.byte-limit = 33554432 (custom)
2021-11-25 02:28:40,310 [a8a586c2-f99e-4cfe-9d52-03ddcdbedb28@group-8550D68C7491-LeaderElection67] INFO  server.RaftServerConfigKeys (ConfUtils.java:logGet(44)) - raft.server.log.appender.buffer.element-limit = 1 (custom)
2021-11-25 02:28:40,310 [a8a586c2-f99e-4cfe-9d52-03ddcdbedb28@group-8550D68C7491-LeaderElection67] INFO  grpc.GrpcConfigKeys (ConfUtils.java:logGet(44)) - raft.grpc.server.leader.outstanding.appends.max = 128 (default)
2021-11-25 02:28:40,310 [a8a586c2-f99e-4cfe-9d52-03ddcdbedb28@group-8550D68C7491-LeaderElection67] INFO  server.RaftServerConfigKeys (ConfUtils.java:logGet(44)) - raft.server.rpc.request.timeout = 3000ms (default)
2021-11-25 02:28:40,310 [a8a586c2-f99e-4cfe-9d52-03ddcdbedb28@group-8550D68C7491-LeaderElection67] INFO  server.RaftServerConfigKeys (ConfUtils.java:logGet(44)) - raft.server.log.appender.install.snapshot.enabled = false (custom)
2021-11-25 02:28:40,311 [a8a586c2-f99e-4cfe-9d52-03ddcdbedb28@group-8550D68C7491-LeaderElection67] INFO  server.RaftServerConfigKeys (ConfUtils.java:logGet(44)) - raft.server.log.appender.snapshot.chunk.size.max = 16MB (=16777216) (default)
2021-11-25 02:28:40,311 [a8a586c2-f99e-4cfe-9d52-03ddcdbedb28@group-8550D68C7491-LeaderElection67] INFO  server.RaftServerConfigKeys (ConfUtils.java:logGet(44)) - raft.server.log.appender.buffer.byte-limit = 33554432 (custom)
2021-11-25 02:28:40,311 [a8a586c2-f99e-4cfe-9d52-03ddcdbedb28@group-8550D68C7491-LeaderElection67] INFO  server.RaftServerConfigKeys (ConfUtils.java:logGet(44)) - raft.server.log.appender.buffer.element-limit = 1 (custom)
2021-11-25 02:28:40,312 [a8a586c2-f99e-4cfe-9d52-03ddcdbedb28@group-8550D68C7491-LeaderElection67] INFO  grpc.GrpcConfigKeys (ConfUtils.java:logGet(44)) - raft.grpc.server.leader.outstanding.appends.max = 128 (default)
2021-11-25 02:28:40,312 [a8a586c2-f99e-4cfe-9d52-03ddcdbedb28@group-8550D68C7491-LeaderElection67] INFO  server.RaftServerConfigKeys (ConfUtils.java:logGet(44)) - raft.server.rpc.request.timeout = 3000ms (default)
2021-11-25 02:28:40,312 [a8a586c2-f99e-4cfe-9d52-03ddcdbedb28@group-8550D68C7491-LeaderElection67] INFO  server.RaftServerConfigKeys (ConfUtils.java:logGet(44)) - raft.server.log.appender.install.snapshot.enabled = false (custom)
2021-11-25 02:28:40,313 [a8a586c2-f99e-4cfe-9d52-03ddcdbedb28@group-8550D68C7491-LeaderElection67] INFO  impl.RoleInfo (RoleInfo.java:updateAndGet(130)) - a8a586c2-f99e-4cfe-9d52-03ddcdbedb28: start a8a586c2-f99e-4cfe-9d52-03ddcdbedb28@group-8550D68C7491-LeaderStateImpl
2021-11-25 02:28:40,313 [a8a586c2-f99e-4cfe-9d52-03ddcdbedb28@group-8550D68C7491-LeaderElection67] INFO  segmented.SegmentedRaftLogWorker (SegmentedRaftLogWorker.java:rollLogSegment(399)) - a8a586c2-f99e-4cfe-9d52-03ddcdbedb28@group-8550D68C7491-SegmentedRaftLogWorker: Rolling segment log-0_0 to index:0
2021-11-25 02:28:40,314 [a8a586c2-f99e-4cfe-9d52-03ddcdbedb28@group-8550D68C7491-SegmentedRaftLogWorker] INFO  segmented.SegmentedRaftLogWorker (SegmentedRaftLogWorker.java:execute(558)) - a8a586c2-f99e-4cfe-9d52-03ddcdbedb28@group-8550D68C7491-SegmentedRaftLogWorker: Rolled log segment from /home/runner/work/ozone/ozone/hadoop-ozone/integration-test/target/test-dir/MiniOzoneClusterImpl-bf1a4df1-220d-4f19-a3f2-d6f00535f443/datanode-1/data/ratis/d4289eb7-cbdd-466a-ac91-8550d68c7491/current/log_inprogress_0 to /home/runner/work/ozone/ozone/hadoop-ozone/integration-test/target/test-dir/MiniOzoneClusterImpl-bf1a4df1-220d-4f19-a3f2-d6f00535f443/datanode-1/data/ratis/d4289eb7-cbdd-466a-ac91-8550d68c7491/current/log_0-0
2021-11-25 02:28:40,316 [a8a586c2-f99e-4cfe-9d52-03ddcdbedb28@group-8550D68C7491-SegmentedRaftLogWorker] INFO  segmented.SegmentedRaftLogWorker (SegmentedRaftLogWorker.java:execute(601)) - a8a586c2-f99e-4cfe-9d52-03ddcdbedb28@group-8550D68C7491-SegmentedRaftLogWorker: created new log segment /home/runner/work/ozone/ozone/hadoop-ozone/integration-test/target/test-dir/MiniOzoneClusterImpl-bf1a4df1-220d-4f19-a3f2-d6f00535f443/datanode-1/data/ratis/d4289eb7-cbdd-466a-ac91-8550d68c7491/current/log_inprogress_1
2021-11-25 02:28:40,362 [grpc-default-executor-1] INFO  ratis.XceiverServerRatis (XceiverServerRatis.java:handleLeaderChangedNotification(866)) - Leader change notification received for group: group-8550D68C7491 with new leaderId: a8a586c2-f99e-4cfe-9d52-03ddcdbedb28
2021-11-25 02:28:40,363 [grpc-default-executor-1] INFO  server.RaftServer$Division (ServerState.java:setLeader(285)) - 7b8694ed-f626-45d7-ad92-ba79cd2bf69c@group-8550D68C7491: change Leader from null to a8a586c2-f99e-4cfe-9d52-03ddcdbedb28 at term 7 for appendEntries, leader elected after 74ms
2021-11-25 02:28:40,401 [a8a586c2-f99e-4cfe-9d52-03ddcdbedb28@group-8550D68C7491-LeaderElection67] INFO  server.RaftServer$Division (ServerState.java:setRaftConf(387)) - a8a586c2-f99e-4cfe-9d52-03ddcdbedb28@group-8550D68C7491: set configuration 1: [e8e4a09d-b55f-46fb-afd1-8638ca612560|rpc:10.1.0.13:42859|dataStream:|priority:1, 7b8694ed-f626-45d7-ad92-ba79cd2bf69c|rpc:10.1.0.13:33171|dataStream:|priority:0, a8a586c2-f99e-4cfe-9d52-03ddcdbedb28|rpc:10.1.0.13:36737|dataStream:|priority:0], old=null
2021-11-25 02:28:40,404 [grpc-default-executor-3] WARN  server.GrpcLogAppender (LogUtils.java:warn(122)) - a8a586c2-f99e-4cfe-9d52-03ddcdbedb28@group-8550D68C7491->e8e4a09d-b55f-46fb-afd1-8638ca612560-AppendLogResponseHandler: Failed appendEntries: org.apache.ratis.thirdparty.io.grpc.StatusRuntimeException: UNAVAILABLE: io exception
2021-11-25 02:28:40,405 [grpc-default-executor-3] WARN  server.GrpcLogAppender (GrpcLogAppender.java:resetClient(110)) - a8a586c2-f99e-4cfe-9d52-03ddcdbedb28@group-8550D68C7491->e8e4a09d-b55f-46fb-afd1-8638ca612560-GrpcLogAppender: Leader has not got in touch with Follower a8a586c2-f99e-4cfe-9d52-03ddcdbedb28@group-8550D68C7491->e8e4a09d-b55f-46fb-afd1-8638ca612560(c-1,m0,n1, attendVote=true, lastRpcSendTime=5295, lastRpcResponseTime=5295) yet, just keep nextIndex unchanged and retry.
2021-11-25 02:28:40,407 [grpc-default-executor-3] WARN  server.GrpcLogAppender (LogUtils.java:warn(122)) - a8a586c2-f99e-4cfe-9d52-03ddcdbedb28@group-8550D68C7491->e8e4a09d-b55f-46fb-afd1-8638ca612560-AppendLogResponseHandler: Failed appendEntries: org.apache.ratis.thirdparty.io.grpc.StatusRuntimeException: UNAVAILABLE: io exception
2021-11-25 02:28:40,407 [grpc-default-executor-3] WARN  server.GrpcLogAppender (GrpcLogAppender.java:resetClient(110)) - a8a586c2-f99e-4cfe-9d52-03ddcdbedb28@group-8550D68C7491->e8e4a09d-b55f-46fb-afd1-8638ca612560-GrpcLogAppender: Leader has not got in touch with Follower a8a586c2-f99e-4cfe-9d52-03ddcdbedb28@group-8550D68C7491->e8e4a09d-b55f-46fb-afd1-8638ca612560(c-1,m0,n2, attendVote=true, lastRpcSendTime=1, lastRpcResponseTime=5297) yet, just keep nextIndex unchanged and retry.
2021-11-25 02:28:40,439 [grpc-default-executor-1] INFO  server.RaftServer$Division (ServerState.java:setRaftConf(387)) - 7b8694ed-f626-45d7-ad92-ba79cd2bf69c@group-8550D68C7491: set configuration 1: [e8e4a09d-b55f-46fb-afd1-8638ca612560|rpc:10.1.0.13:42859|dataStream:|priority:1, 7b8694ed-f626-45d7-ad92-ba79cd2bf69c|rpc:10.1.0.13:33171|dataStream:|priority:0, a8a586c2-f99e-4cfe-9d52-03ddcdbedb28|rpc:10.1.0.13:36737|dataStream:|priority:0], old=null
2021-11-25 02:28:40,440 [grpc-default-executor-1] INFO  segmented.SegmentedRaftLogWorker (SegmentedRaftLogWorker.java:rollLogSegment(399)) - 7b8694ed-f626-45d7-ad92-ba79cd2bf69c@group-8550D68C7491-SegmentedRaftLogWorker: Rolling segment log-0_0 to index:0
2021-11-25 02:28:40,440 [7b8694ed-f626-45d7-ad92-ba79cd2bf69c@group-8550D68C7491-SegmentedRaftLogWorker] INFO  segmented.SegmentedRaftLogWorker (SegmentedRaftLogWorker.java:execute(558)) - 7b8694ed-f626-45d7-ad92-ba79cd2bf69c@group-8550D68C7491-SegmentedRaftLogWorker: Rolled log segment from /home/runner/work/ozone/ozone/hadoop-ozone/integration-test/target/test-dir/MiniOzoneClusterImpl-bf1a4df1-220d-4f19-a3f2-d6f00535f443/datanode-0/data/ratis/d4289eb7-cbdd-466a-ac91-8550d68c7491/current/log_inprogress_0 to /home/runner/work/ozone/ozone/hadoop-ozone/integration-test/target/test-dir/MiniOzoneClusterImpl-bf1a4df1-220d-4f19-a3f2-d6f00535f443/datanode-0/data/ratis/d4289eb7-cbdd-466a-ac91-8550d68c7491/current/log_0-0
2021-11-25 02:28:40,443 [7b8694ed-f626-45d7-ad92-ba79cd2bf69c@group-8550D68C7491-SegmentedRaftLogWorker] INFO  segmented.SegmentedRaftLogWorker (SegmentedRaftLogWorker.java:execute(601)) - 7b8694ed-f626-45d7-ad92-ba79cd2bf69c@group-8550D68C7491-SegmentedRaftLogWorker: created new log segment /home/runner/work/ozone/ozone/hadoop-ozone/integration-test/target/test-dir/MiniOzoneClusterImpl-bf1a4df1-220d-4f19-a3f2-d6f00535f443/datanode-0/data/ratis/d4289eb7-cbdd-466a-ac91-8550d68c7491/current/log_inprogress_1
2021-11-25 02:28:40,480 [grpc-default-executor-1] WARN  server.GrpcLogAppender (LogUtils.java:warn(122)) - a8a586c2-f99e-4cfe-9d52-03ddcdbedb28@group-8550D68C7491->e8e4a09d-b55f-46fb-afd1-8638ca612560-AppendLogResponseHandler: Failed appendEntries: org.apache.ratis.thirdparty.io.grpc.StatusRuntimeException: UNAVAILABLE: io exception
2021-11-25 02:28:40,481 [grpc-default-executor-1] WARN  server.GrpcLogAppender (GrpcLogAppender.java:resetClient(110)) - a8a586c2-f99e-4cfe-9d52-03ddcdbedb28@group-8550D68C7491->e8e4a09d-b55f-46fb-afd1-8638ca612560-GrpcLogAppender: Leader has not got in touch with Follower a8a586c2-f99e-4cfe-9d52-03ddcdbedb28@group-8550D68C7491->e8e4a09d-b55f-46fb-afd1-8638ca612560(c-1,m0,n3, attendVote=true, lastRpcSendTime=0, lastRpcResponseTime=5371) yet, just keep nextIndex unchanged and retry.
2021-11-25 02:28:42,070 [grpc-default-executor-1] WARN  server.GrpcLogAppender (LogUtils.java:warn(122)) - afe6738c-795d-4ad9-911f-77efc98b0ab7@group-58D710EC61B9->a77dd090-2963-4745-95fa-35573f312ffb-AppendLogResponseHandler: Failed appendEntries: org.apache.ratis.thirdparty.io.grpc.StatusRuntimeException: UNAVAILABLE: io exception
2021-11-25 02:28:42,070 [grpc-default-executor-1] WARN  server.GrpcLogAppender (GrpcLogAppender.java:resetClient(110)) - afe6738c-795d-4ad9-911f-77efc98b0ab7@group-58D710EC61B9->a77dd090-2963-4745-95fa-35573f312ffb-GrpcLogAppender: Leader has not got in touch with Follower afe6738c-795d-4ad9-911f-77efc98b0ab7@group-58D710EC61B9->a77dd090-2963-4745-95fa-35573f312ffb(c0,m0,n1, attendVote=true, lastRpcSendTime=0, lastRpcResponseTime=7540) yet, just keep nextIndex unchanged and retry.
2021-11-25 02:28:42,993 [grpc-default-executor-1] WARN  server.GrpcLogAppender (LogUtils.java:warn(122)) - a8a586c2-f99e-4cfe-9d52-03ddcdbedb28@group-8550D68C7491->e8e4a09d-b55f-46fb-afd1-8638ca612560-AppendLogResponseHandler: Failed appendEntries: org.apache.ratis.thirdparty.io.grpc.StatusRuntimeException: UNAVAILABLE: io exception
2021-11-25 02:28:42,994 [grpc-default-executor-1] WARN  server.GrpcLogAppender (GrpcLogAppender.java:resetClient(110)) - a8a586c2-f99e-4cfe-9d52-03ddcdbedb28@group-8550D68C7491->e8e4a09d-b55f-46fb-afd1-8638ca612560-GrpcLogAppender: Leader has not got in touch with Follower a8a586c2-f99e-4cfe-9d52-03ddcdbedb28@group-8550D68C7491->e8e4a09d-b55f-46fb-afd1-8638ca612560(c-1,m0,n3, attendVote=true, lastRpcSendTime=1, lastRpcResponseTime=7883) yet, just keep nextIndex unchanged and retry.
2021-11-25 02:28:43,523 [Listener at 127.0.0.1/44827] INFO  ozoneimpl.OzoneContainer (OzoneContainer.java:stop(325)) - Attempting to stop container services.
2021-11-25 02:28:43,524 [Listener at 127.0.0.1/44827] INFO  server.RaftServer (RaftServerProxy.java:lambda$close$6(391)) - afe6738c-795d-4ad9-911f-77efc98b0ab7: close
2021-11-25 02:28:43,524 [Listener at 127.0.0.1/44827] INFO  server.RaftServer$Division (RaftServerImpl.java:lambda$close$4(412)) - afe6738c-795d-4ad9-911f-77efc98b0ab7@group-CD6CE24BC511: shutdown
2021-11-25 02:28:43,524 [Listener at 127.0.0.1/44827] INFO  util.JmxRegister (JmxRegister.java:unregister(73)) - Successfully un-registered JMX Bean with object name Ratis:service=RaftServer,group=group-CD6CE24BC511,id=afe6738c-795d-4ad9-911f-77efc98b0ab7
2021-11-25 02:28:43,524 [Listener at 127.0.0.1/44827] INFO  impl.RoleInfo (RoleInfo.java:shutdownLeaderState(91)) - afe6738c-795d-4ad9-911f-77efc98b0ab7: shutdown afe6738c-795d-4ad9-911f-77efc98b0ab7@group-CD6CE24BC511-LeaderStateImpl
2021-11-25 02:28:43,525 [Listener at 127.0.0.1/44827] INFO  impl.PendingRequests (PendingRequests.java:sendNotLeaderResponses(282)) - afe6738c-795d-4ad9-911f-77efc98b0ab7@group-CD6CE24BC511-PendingRequests: sendNotLeaderResponses
2021-11-25 02:28:43,526 [afe6738c-795d-4ad9-911f-77efc98b0ab7@group-CD6CE24BC511-StateMachineUpdater] INFO  ratis.ContainerStateMachine (ContainerStateMachine.java:takeSnapshot(292)) - group-CD6CE24BC511: Taking a snapshot at:(t:1, i:0) file /home/runner/work/ozone/ozone/hadoop-ozone/integration-test/target/test-dir/MiniOzoneClusterImpl-bf1a4df1-220d-4f19-a3f2-d6f00535f443/datanode-5/data/ratis/5a289687-df57-4218-9e2d-cd6ce24bc511/sm/snapshot.1_0
2021-11-25 02:28:43,526 [Listener at 127.0.0.1/44827] INFO  impl.StateMachineUpdater (StateMachineUpdater.java:stopAndJoin(149)) - afe6738c-795d-4ad9-911f-77efc98b0ab7@group-CD6CE24BC511-StateMachineUpdater: set stopIndex = 0
2021-11-25 02:28:43,527 [afe6738c-795d-4ad9-911f-77efc98b0ab7@group-CD6CE24BC511-StateMachineUpdater] INFO  ratis.ContainerStateMachine (ContainerStateMachine.java:takeSnapshot(303)) - group-CD6CE24BC511: Finished taking a snapshot at:(t:1, i:0) file:/home/runner/work/ozone/ozone/hadoop-ozone/integration-test/target/test-dir/MiniOzoneClusterImpl-bf1a4df1-220d-4f19-a3f2-d6f00535f443/datanode-5/data/ratis/5a289687-df57-4218-9e2d-cd6ce24bc511/sm/snapshot.1_0 took: 1 ms
2021-11-25 02:28:43,527 [afe6738c-795d-4ad9-911f-77efc98b0ab7@group-CD6CE24BC511-StateMachineUpdater] INFO  impl.StateMachineUpdater (StateMachineUpdater.java:takeSnapshot(281)) - afe6738c-795d-4ad9-911f-77efc98b0ab7@group-CD6CE24BC511-StateMachineUpdater: Took a snapshot at index 0
2021-11-25 02:28:43,527 [afe6738c-795d-4ad9-911f-77efc98b0ab7@group-CD6CE24BC511-StateMachineUpdater] INFO  impl.StateMachineUpdater (StateMachineUpdater.java:lambda$new$0(89)) - afe6738c-795d-4ad9-911f-77efc98b0ab7@group-CD6CE24BC511-StateMachineUpdater: snapshotIndex: updateIncreasingly -1 -> 0
2021-11-25 02:28:43,527 [Listener at 127.0.0.1/44827] INFO  server.RaftServer$Division (ServerState.java:close(419)) - afe6738c-795d-4ad9-911f-77efc98b0ab7@group-CD6CE24BC511: closes. applyIndex: 0
2021-11-25 02:28:43,528 [afe6738c-795d-4ad9-911f-77efc98b0ab7@group-CD6CE24BC511-SegmentedRaftLogWorker] INFO  segmented.SegmentedRaftLogWorker (SegmentedRaftLogWorker.java:run(327)) - afe6738c-795d-4ad9-911f-77efc98b0ab7@group-CD6CE24BC511-SegmentedRaftLogWorker was interrupted, exiting. There are 0 tasks remaining in the queue.
2021-11-25 02:28:43,557 [Listener at 127.0.0.1/44827] INFO  segmented.SegmentedRaftLogWorker (SegmentedRaftLogWorker.java:close(237)) - afe6738c-795d-4ad9-911f-77efc98b0ab7@group-CD6CE24BC511-SegmentedRaftLogWorker close()
2021-11-25 02:28:43,559 [Listener at 127.0.0.1/44827] INFO  server.RaftServer$Division (RaftServerImpl.java:lambda$close$4(412)) - afe6738c-795d-4ad9-911f-77efc98b0ab7@group-58D710EC61B9: shutdown
2021-11-25 02:28:43,559 [Listener at 127.0.0.1/44827] INFO  util.JmxRegister (JmxRegister.java:unregister(73)) - Successfully un-registered JMX Bean with object name Ratis:service=RaftServer,group=group-58D710EC61B9,id=afe6738c-795d-4ad9-911f-77efc98b0ab7
2021-11-25 02:28:43,559 [Listener at 127.0.0.1/44827] INFO  impl.RoleInfo (RoleInfo.java:shutdownLeaderState(91)) - afe6738c-795d-4ad9-911f-77efc98b0ab7: shutdown afe6738c-795d-4ad9-911f-77efc98b0ab7@group-58D710EC61B9-LeaderStateImpl
2021-11-25 02:28:43,559 [Listener at 127.0.0.1/44827] INFO  impl.PendingRequests (PendingRequests.java:sendNotLeaderResponses(282)) - afe6738c-795d-4ad9-911f-77efc98b0ab7@group-58D710EC61B9-PendingRequests: sendNotLeaderResponses
2021-11-25 02:28:43,560 [afe6738c-795d-4ad9-911f-77efc98b0ab7@group-58D710EC61B9->36951ec6-8ca2-46f2-ac0d-c1eb1dc0de60-GrpcLogAppender-LogAppenderDaemon] WARN  server.GrpcLogAppender (GrpcLogAppender.java:mayWait(177)) - afe6738c-795d-4ad9-911f-77efc98b0ab7@group-58D710EC61B9->36951ec6-8ca2-46f2-ac0d-c1eb1dc0de60-GrpcLogAppender: Wait interrupted by java.lang.InterruptedException
2021-11-25 02:28:43,561 [afe6738c-795d-4ad9-911f-77efc98b0ab7@group-58D710EC61B9-StateMachineUpdater] INFO  ratis.ContainerStateMachine (ContainerStateMachine.java:takeSnapshot(292)) - group-58D710EC61B9: Taking a snapshot at:(t:5, i:0) file /home/runner/work/ozone/ozone/hadoop-ozone/integration-test/target/test-dir/MiniOzoneClusterImpl-bf1a4df1-220d-4f19-a3f2-d6f00535f443/datanode-5/data/ratis/efb5a97a-2d66-44bc-b408-58d710ec61b9/sm/snapshot.5_0
2021-11-25 02:28:43,561 [Listener at 127.0.0.1/44827] INFO  impl.StateMachineUpdater (StateMachineUpdater.java:stopAndJoin(149)) - afe6738c-795d-4ad9-911f-77efc98b0ab7@group-58D710EC61B9-StateMachineUpdater: set stopIndex = 0
2021-11-25 02:28:43,562 [grpc-default-executor-1] INFO  server.GrpcServerProtocolService (GrpcServerProtocolService.java:onCompleted(140)) - 36951ec6-8ca2-46f2-ac0d-c1eb1dc0de60: Completed APPEND_ENTRIES, lastRequest: afe6738c-795d-4ad9-911f-77efc98b0ab7->36951ec6-8ca2-46f2-ac0d-c1eb1dc0de60#1-t5,previous=(t:0, i:0),leaderCommit=-1,initializing? true,entries: size=1, first=(t:5, i:0), CONFIGURATIONENTRY
2021-11-25 02:28:43,562 [afe6738c-795d-4ad9-911f-77efc98b0ab7@group-58D710EC61B9-StateMachineUpdater] INFO  ratis.ContainerStateMachine (ContainerStateMachine.java:takeSnapshot(303)) - group-58D710EC61B9: Finished taking a snapshot at:(t:5, i:0) file:/home/runner/work/ozone/ozone/hadoop-ozone/integration-test/target/test-dir/MiniOzoneClusterImpl-bf1a4df1-220d-4f19-a3f2-d6f00535f443/datanode-5/data/ratis/efb5a97a-2d66-44bc-b408-58d710ec61b9/sm/snapshot.5_0 took: 1 ms
2021-11-25 02:28:43,563 [afe6738c-795d-4ad9-911f-77efc98b0ab7@group-58D710EC61B9-StateMachineUpdater] INFO  impl.StateMachineUpdater (StateMachineUpdater.java:takeSnapshot(281)) - afe6738c-795d-4ad9-911f-77efc98b0ab7@group-58D710EC61B9-StateMachineUpdater: Took a snapshot at index 0
2021-11-25 02:28:43,563 [afe6738c-795d-4ad9-911f-77efc98b0ab7@group-58D710EC61B9-StateMachineUpdater] INFO  impl.StateMachineUpdater (StateMachineUpdater.java:lambda$new$0(89)) - afe6738c-795d-4ad9-911f-77efc98b0ab7@group-58D710EC61B9-StateMachineUpdater: snapshotIndex: updateIncreasingly -1 -> 0
2021-11-25 02:28:43,563 [Listener at 127.0.0.1/44827] INFO  server.RaftServer$Division (ServerState.java:close(419)) - afe6738c-795d-4ad9-911f-77efc98b0ab7@group-58D710EC61B9: closes. applyIndex: 0
2021-11-25 02:28:43,563 [afe6738c-795d-4ad9-911f-77efc98b0ab7@group-58D710EC61B9-SegmentedRaftLogWorker] INFO  segmented.SegmentedRaftLogWorker (SegmentedRaftLogWorker.java:run(327)) - afe6738c-795d-4ad9-911f-77efc98b0ab7@group-58D710EC61B9-SegmentedRaftLogWorker was interrupted, exiting. There are 0 tasks remaining in the queue.
2021-11-25 02:28:43,566 [Listener at 127.0.0.1/44827] INFO  segmented.SegmentedRaftLogWorker (SegmentedRaftLogWorker.java:close(237)) - afe6738c-795d-4ad9-911f-77efc98b0ab7@group-58D710EC61B9-SegmentedRaftLogWorker close()
2021-11-25 02:28:43,567 [Listener at 127.0.0.1/44827] INFO  server.GrpcService (GrpcService.java:closeImpl(262)) - afe6738c-795d-4ad9-911f-77efc98b0ab7: shutdown server with port 38867 now
2021-11-25 02:28:43,569 [Listener at 127.0.0.1/44827] INFO  server.GrpcService (GrpcService.java:closeImpl(271)) - afe6738c-795d-4ad9-911f-77efc98b0ab7: shutdown server with port 38867 successfully
2021-11-25 02:28:43,570 [org.apache.ratis.util.JvmPauseMonitor$$Lambda$533/113722330@b902022] INFO  util.JvmPauseMonitor (JvmPauseMonitor.java:run(109)) - JvmPauseMonitor-afe6738c-795d-4ad9-911f-77efc98b0ab7: Stopped
2021-11-25 02:28:43,582 [Listener at 127.0.0.1/44827] INFO  utils.BackgroundService (BackgroundService.java:shutdown(132)) - Shutting down service BlockDeletingService
2021-11-25 02:28:43,591 [grpc-default-executor-1] INFO  server.GrpcLogAppender (GrpcLogAppender.java:onCompleted(346)) - afe6738c-795d-4ad9-911f-77efc98b0ab7@group-58D710EC61B9->36951ec6-8ca2-46f2-ac0d-c1eb1dc0de60-AppendLogResponseHandler: follower responses appendEntries COMPLETED
2021-11-25 02:28:43,595 [grpc-default-executor-1] WARN  server.GrpcLogAppender (GrpcLogAppender.java:resetClient(116)) - afe6738c-795d-4ad9-911f-77efc98b0ab7@group-58D710EC61B9->36951ec6-8ca2-46f2-ac0d-c1eb1dc0de60-GrpcLogAppender: Failed to getClient for 36951ec6-8ca2-46f2-ac0d-c1eb1dc0de60
org.apache.ratis.protocol.exceptions.AlreadyClosedException: afe6738c-795d-4ad9-911f-77efc98b0ab7 is already CLOSED
	at org.apache.ratis.util.PeerProxyMap$PeerAndProxy.getProxy(PeerProxyMap.java:60)
	at org.apache.ratis.util.PeerProxyMap.getProxy(PeerProxyMap.java:114)
	at org.apache.ratis.grpc.server.GrpcLogAppender.getClient(GrpcLogAppender.java:95)
	at org.apache.ratis.grpc.server.GrpcLogAppender.resetClient(GrpcLogAppender.java:100)
	at org.apache.ratis.grpc.server.GrpcLogAppender.access$500(GrpcLogAppender.java:53)
	at org.apache.ratis.grpc.server.GrpcLogAppender$AppendLogResponseHandler.onCompleted(GrpcLogAppender.java:347)
	at org.apache.ratis.thirdparty.io.grpc.stub.ClientCalls$StreamObserverToCallListenerAdapter.onClose(ClientCalls.java:476)
	at org.apache.ratis.thirdparty.io.grpc.internal.ClientCallImpl.closeObserver(ClientCallImpl.java:616)
	at org.apache.ratis.thirdparty.io.grpc.internal.ClientCallImpl.access$300(ClientCallImpl.java:69)
	at org.apache.ratis.thirdparty.io.grpc.internal.ClientCallImpl$ClientStreamListenerImpl$1StreamClosed.runInternal(ClientCallImpl.java:802)
	at org.apache.ratis.thirdparty.io.grpc.internal.ClientCallImpl$ClientStreamListenerImpl$1StreamClosed.runInContext(ClientCallImpl.java:781)
	at org.apache.ratis.thirdparty.io.grpc.internal.ContextRunnable.run(ContextRunnable.java:37)
	at org.apache.ratis.thirdparty.io.grpc.internal.SerializingExecutor.run(SerializingExecutor.java:123)
	at java.util.concurrent.ThreadPoolExecutor.runWorker(ThreadPoolExecutor.java:1149)
	at java.util.concurrent.ThreadPoolExecutor$Worker.run(ThreadPoolExecutor.java:624)
	at java.lang.Thread.run(Thread.java:748)
2021-11-25 02:28:43,639 [ForkJoinPool.commonPool-worker-1] INFO  ozoneimpl.OzoneContainer (OzoneContainer.java:stop(325)) - Attempting to stop container services.
2021-11-25 02:28:43,639 [ForkJoinPool.commonPool-worker-1] INFO  server.RaftServer (RaftServerProxy.java:lambda$close$6(391)) - 36951ec6-8ca2-46f2-ac0d-c1eb1dc0de60: close
2021-11-25 02:28:43,639 [ForkJoinPool.commonPool-worker-1] INFO  server.RaftServer$Division (RaftServerImpl.java:lambda$close$4(412)) - 36951ec6-8ca2-46f2-ac0d-c1eb1dc0de60@group-8CDC086C1751: shutdown
2021-11-25 02:28:43,640 [ForkJoinPool.commonPool-worker-1] INFO  util.JmxRegister (JmxRegister.java:unregister(73)) - Successfully un-registered JMX Bean with object name Ratis:service=RaftServer,group=group-8CDC086C1751,id=36951ec6-8ca2-46f2-ac0d-c1eb1dc0de60
2021-11-25 02:28:43,640 [ForkJoinPool.commonPool-worker-1] INFO  impl.RoleInfo (RoleInfo.java:shutdownLeaderState(91)) - 36951ec6-8ca2-46f2-ac0d-c1eb1dc0de60: shutdown 36951ec6-8ca2-46f2-ac0d-c1eb1dc0de60@group-8CDC086C1751-LeaderStateImpl
2021-11-25 02:28:43,640 [ForkJoinPool.commonPool-worker-1] INFO  impl.PendingRequests (PendingRequests.java:sendNotLeaderResponses(282)) - 36951ec6-8ca2-46f2-ac0d-c1eb1dc0de60@group-8CDC086C1751-PendingRequests: sendNotLeaderResponses
2021-11-25 02:28:43,640 [ForkJoinPool.commonPool-worker-1] INFO  impl.StateMachineUpdater (StateMachineUpdater.java:stopAndJoin(149)) - 36951ec6-8ca2-46f2-ac0d-c1eb1dc0de60@group-8CDC086C1751-StateMachineUpdater: set stopIndex = 0
2021-11-25 02:28:43,641 [36951ec6-8ca2-46f2-ac0d-c1eb1dc0de60@group-8CDC086C1751-StateMachineUpdater] INFO  ratis.ContainerStateMachine (ContainerStateMachine.java:takeSnapshot(292)) - group-8CDC086C1751: Taking a snapshot at:(t:1, i:0) file /home/runner/work/ozone/ozone/hadoop-ozone/integration-test/target/test-dir/MiniOzoneClusterImpl-bf1a4df1-220d-4f19-a3f2-d6f00535f443/datanode-3/data/ratis/e3e2d47c-bc47-4aee-b1a7-8cdc086c1751/sm/snapshot.1_0
2021-11-25 02:28:43,641 [36951ec6-8ca2-46f2-ac0d-c1eb1dc0de60@group-8CDC086C1751-StateMachineUpdater] INFO  ratis.ContainerStateMachine (ContainerStateMachine.java:takeSnapshot(303)) - group-8CDC086C1751: Finished taking a snapshot at:(t:1, i:0) file:/home/runner/work/ozone/ozone/hadoop-ozone/integration-test/target/test-dir/MiniOzoneClusterImpl-bf1a4df1-220d-4f19-a3f2-d6f00535f443/datanode-3/data/ratis/e3e2d47c-bc47-4aee-b1a7-8cdc086c1751/sm/snapshot.1_0 took: 1 ms
2021-11-25 02:28:43,645 [36951ec6-8ca2-46f2-ac0d-c1eb1dc0de60@group-8CDC086C1751-StateMachineUpdater] INFO  impl.StateMachineUpdater (StateMachineUpdater.java:takeSnapshot(281)) - 36951ec6-8ca2-46f2-ac0d-c1eb1dc0de60@group-8CDC086C1751-StateMachineUpdater: Took a snapshot at index 0
2021-11-25 02:28:43,646 [36951ec6-8ca2-46f2-ac0d-c1eb1dc0de60@group-8CDC086C1751-StateMachineUpdater] INFO  impl.StateMachineUpdater (StateMachineUpdater.java:lambda$new$0(89)) - 36951ec6-8ca2-46f2-ac0d-c1eb1dc0de60@group-8CDC086C1751-StateMachineUpdater: snapshotIndex: updateIncreasingly -1 -> 0
2021-11-25 02:28:43,649 [ForkJoinPool.commonPool-worker-1] INFO  server.RaftServer$Division (ServerState.java:close(419)) - 36951ec6-8ca2-46f2-ac0d-c1eb1dc0de60@group-8CDC086C1751: closes. applyIndex: 0
2021-11-25 02:28:43,649 [36951ec6-8ca2-46f2-ac0d-c1eb1dc0de60@group-8CDC086C1751-SegmentedRaftLogWorker] INFO  segmented.SegmentedRaftLogWorker (SegmentedRaftLogWorker.java:run(327)) - 36951ec6-8ca2-46f2-ac0d-c1eb1dc0de60@group-8CDC086C1751-SegmentedRaftLogWorker was interrupted, exiting. There are 0 tasks remaining in the queue.
2021-11-25 02:28:43,657 [ForkJoinPool.commonPool-worker-1] INFO  segmented.SegmentedRaftLogWorker (SegmentedRaftLogWorker.java:close(237)) - 36951ec6-8ca2-46f2-ac0d-c1eb1dc0de60@group-8CDC086C1751-SegmentedRaftLogWorker close()
2021-11-25 02:28:43,661 [ForkJoinPool.commonPool-worker-1] INFO  server.RaftServer$Division (RaftServerImpl.java:lambda$close$4(412)) - 36951ec6-8ca2-46f2-ac0d-c1eb1dc0de60@group-58D710EC61B9: shutdown
2021-11-25 02:28:43,661 [ForkJoinPool.commonPool-worker-1] INFO  util.JmxRegister (JmxRegister.java:unregister(73)) - Successfully un-registered JMX Bean with object name Ratis:service=RaftServer,group=group-58D710EC61B9,id=36951ec6-8ca2-46f2-ac0d-c1eb1dc0de60
2021-11-25 02:28:43,661 [ForkJoinPool.commonPool-worker-1] INFO  impl.RoleInfo (RoleInfo.java:shutdownFollowerState(108)) - 36951ec6-8ca2-46f2-ac0d-c1eb1dc0de60: shutdown 36951ec6-8ca2-46f2-ac0d-c1eb1dc0de60@group-58D710EC61B9-FollowerState
2021-11-25 02:28:43,661 [ForkJoinPool.commonPool-worker-1] INFO  impl.StateMachineUpdater (StateMachineUpdater.java:stopAndJoin(149)) - 36951ec6-8ca2-46f2-ac0d-c1eb1dc0de60@group-58D710EC61B9-StateMachineUpdater: set stopIndex = 0
2021-11-25 02:28:43,661 [36951ec6-8ca2-46f2-ac0d-c1eb1dc0de60@group-58D710EC61B9-FollowerState] INFO  impl.FollowerState (FollowerState.java:run(143)) - 36951ec6-8ca2-46f2-ac0d-c1eb1dc0de60@group-58D710EC61B9-FollowerState was interrupted: {}
java.lang.InterruptedException: sleep interrupted
	at java.lang.Thread.sleep(Native Method)
	at java.lang.Thread.sleep(Thread.java:340)
	at java.util.concurrent.TimeUnit.sleep(TimeUnit.java:386)
	at org.apache.ratis.util.TimeDuration.sleep(TimeDuration.java:324)
	at org.apache.ratis.util.TimeDuration.sleep(TimeDuration.java:309)
	at org.apache.ratis.server.impl.FollowerState.run(FollowerState.java:118)
2021-11-25 02:28:43,661 [36951ec6-8ca2-46f2-ac0d-c1eb1dc0de60@group-58D710EC61B9-StateMachineUpdater] INFO  ratis.ContainerStateMachine (ContainerStateMachine.java:takeSnapshot(292)) - group-58D710EC61B9: Taking a snapshot at:(t:5, i:0) file /home/runner/work/ozone/ozone/hadoop-ozone/integration-test/target/test-dir/MiniOzoneClusterImpl-bf1a4df1-220d-4f19-a3f2-d6f00535f443/datanode-3/data/ratis/efb5a97a-2d66-44bc-b408-58d710ec61b9/sm/snapshot.5_0
2021-11-25 02:28:43,665 [36951ec6-8ca2-46f2-ac0d-c1eb1dc0de60@group-58D710EC61B9-StateMachineUpdater] INFO  ratis.ContainerStateMachine (ContainerStateMachine.java:takeSnapshot(303)) - group-58D710EC61B9: Finished taking a snapshot at:(t:5, i:0) file:/home/runner/work/ozone/ozone/hadoop-ozone/integration-test/target/test-dir/MiniOzoneClusterImpl-bf1a4df1-220d-4f19-a3f2-d6f00535f443/datanode-3/data/ratis/efb5a97a-2d66-44bc-b408-58d710ec61b9/sm/snapshot.5_0 took: 4 ms
2021-11-25 02:28:43,665 [36951ec6-8ca2-46f2-ac0d-c1eb1dc0de60@group-58D710EC61B9-StateMachineUpdater] INFO  impl.StateMachineUpdater (StateMachineUpdater.java:takeSnapshot(281)) - 36951ec6-8ca2-46f2-ac0d-c1eb1dc0de60@group-58D710EC61B9-StateMachineUpdater: Took a snapshot at index 0
2021-11-25 02:28:43,665 [36951ec6-8ca2-46f2-ac0d-c1eb1dc0de60@group-58D710EC61B9-StateMachineUpdater] INFO  impl.StateMachineUpdater (StateMachineUpdater.java:lambda$new$0(89)) - 36951ec6-8ca2-46f2-ac0d-c1eb1dc0de60@group-58D710EC61B9-StateMachineUpdater: snapshotIndex: updateIncreasingly -1 -> 0
2021-11-25 02:28:43,666 [ForkJoinPool.commonPool-worker-1] INFO  server.RaftServer$Division (ServerState.java:close(419)) - 36951ec6-8ca2-46f2-ac0d-c1eb1dc0de60@group-58D710EC61B9: closes. applyIndex: 0
2021-11-25 02:28:43,666 [36951ec6-8ca2-46f2-ac0d-c1eb1dc0de60@group-58D710EC61B9-SegmentedRaftLogWorker] INFO  segmented.SegmentedRaftLogWorker (SegmentedRaftLogWorker.java:run(327)) - 36951ec6-8ca2-46f2-ac0d-c1eb1dc0de60@group-58D710EC61B9-SegmentedRaftLogWorker was interrupted, exiting. There are 0 tasks remaining in the queue.
2021-11-25 02:28:43,671 [ForkJoinPool.commonPool-worker-1] INFO  segmented.SegmentedRaftLogWorker (SegmentedRaftLogWorker.java:close(237)) - 36951ec6-8ca2-46f2-ac0d-c1eb1dc0de60@group-58D710EC61B9-SegmentedRaftLogWorker close()
2021-11-25 02:28:43,672 [ForkJoinPool.commonPool-worker-1] INFO  server.GrpcService (GrpcService.java:closeImpl(262)) - 36951ec6-8ca2-46f2-ac0d-c1eb1dc0de60: shutdown server with port 41073 now
2021-11-25 02:28:43,677 [ForkJoinPool.commonPool-worker-1] INFO  server.GrpcService (GrpcService.java:closeImpl(271)) - 36951ec6-8ca2-46f2-ac0d-c1eb1dc0de60: shutdown server with port 41073 successfully
2021-11-25 02:28:43,678 [org.apache.ratis.util.JvmPauseMonitor$$Lambda$533/113722330@48877149] INFO  util.JvmPauseMonitor (JvmPauseMonitor.java:run(109)) - JvmPauseMonitor-36951ec6-8ca2-46f2-ac0d-c1eb1dc0de60: Stopped
2021-11-25 02:28:43,745 [ForkJoinPool.commonPool-worker-1] INFO  utils.BackgroundService (BackgroundService.java:shutdown(132)) - Shutting down service BlockDeletingService
2021-11-25 02:28:45,498 [grpc-default-executor-1] WARN  server.GrpcLogAppender (LogUtils.java:warn(122)) - a8a586c2-f99e-4cfe-9d52-03ddcdbedb28@group-8550D68C7491->e8e4a09d-b55f-46fb-afd1-8638ca612560-AppendLogResponseHandler: Failed appendEntries: org.apache.ratis.thirdparty.io.grpc.StatusRuntimeException: UNAVAILABLE: io exception
2021-11-25 02:28:45,499 [grpc-default-executor-1] WARN  server.GrpcLogAppender (GrpcLogAppender.java:resetClient(110)) - a8a586c2-f99e-4cfe-9d52-03ddcdbedb28@group-8550D68C7491->e8e4a09d-b55f-46fb-afd1-8638ca612560-GrpcLogAppender: Leader has not got in touch with Follower a8a586c2-f99e-4cfe-9d52-03ddcdbedb28@group-8550D68C7491->e8e4a09d-b55f-46fb-afd1-8638ca612560(c-1,m0,n3, attendVote=true, lastRpcSendTime=2506, lastRpcResponseTime=10388) yet, just keep nextIndex unchanged and retry.
2021-11-25 02:28:46,617 [Listener at 127.0.0.1/44827] INFO  statemachine.DatanodeStateMachine (DatanodeStateMachine.java:stopDaemon(526)) - Ozone container server stopped.
2021-11-25 02:28:46,618 [Listener at 127.0.0.1/44827] INFO  handler.ContextHandler (ContextHandler.java:doStop(1153)) - Stopped o.e.j.w.WebAppContext@383878c5{hddsDatanode,/,null,STOPPED}{jar:file:/home/runner/.m2/repository/org/apache/ozone/hdds-container-service/1.2.0-SNAPSHOT/hdds-container-service-1.2.0-SNAPSHOT.jar!/webapps/hddsDatanode}
2021-11-25 02:28:46,619 [Listener at 127.0.0.1/44827] INFO  server.AbstractConnector (AbstractConnector.java:doStop(381)) - Stopped ServerConnector@4e29ac60{HTTP/1.1, (http/1.1)}{0.0.0.0:0}
2021-11-25 02:28:46,619 [Listener at 127.0.0.1/44827] INFO  server.session (HouseKeeper.java:stopScavenging(149)) - node0 Stopped scavenging
2021-11-25 02:28:46,620 [Listener at 127.0.0.1/44827] INFO  handler.ContextHandler (ContextHandler.java:doStop(1153)) - Stopped o.e.j.s.ServletContextHandler@318e5309{static,/static,jar:file:/home/runner/.m2/repository/org/apache/ozone/hdds-container-service/1.2.0-SNAPSHOT/hdds-container-service-1.2.0-SNAPSHOT.jar!/webapps/static,STOPPED}
2021-11-25 02:28:46,620 [Listener at 127.0.0.1/44827] INFO  handler.ContextHandler (ContextHandler.java:doStop(1153)) - Stopped o.e.j.s.ServletContextHandler@3978cbe6{logs,/logs,file:///home/runner/work/ozone/ozone/hadoop-ozone/integration-test/target/log,STOPPED}
2021-11-25 02:28:46,780 [ForkJoinPool.commonPool-worker-1] INFO  statemachine.DatanodeStateMachine (DatanodeStateMachine.java:stopDaemon(526)) - Ozone container server stopped.
2021-11-25 02:28:46,794 [ForkJoinPool.commonPool-worker-1] INFO  handler.ContextHandler (ContextHandler.java:doStop(1153)) - Stopped o.e.j.w.WebAppContext@101c85d6{hddsDatanode,/,null,STOPPED}{jar:file:/home/runner/.m2/repository/org/apache/ozone/hdds-container-service/1.2.0-SNAPSHOT/hdds-container-service-1.2.0-SNAPSHOT.jar!/webapps/hddsDatanode}
2021-11-25 02:28:46,802 [ForkJoinPool.commonPool-worker-1] INFO  server.AbstractConnector (AbstractConnector.java:doStop(381)) - Stopped ServerConnector@5dba3635{HTTP/1.1, (http/1.1)}{0.0.0.0:0}
2021-11-25 02:28:46,802 [ForkJoinPool.commonPool-worker-1] INFO  server.session (HouseKeeper.java:stopScavenging(149)) - node0 Stopped scavenging
2021-11-25 02:28:46,812 [ForkJoinPool.commonPool-worker-1] INFO  handler.ContextHandler (ContextHandler.java:doStop(1153)) - Stopped o.e.j.s.ServletContextHandler@304035e4{static,/static,jar:file:/home/runner/.m2/repository/org/apache/ozone/hdds-container-service/1.2.0-SNAPSHOT/hdds-container-service-1.2.0-SNAPSHOT.jar!/webapps/static,STOPPED}
2021-11-25 02:28:46,813 [ForkJoinPool.commonPool-worker-1] INFO  handler.ContextHandler (ContextHandler.java:doStop(1153)) - Stopped o.e.j.s.ServletContextHandler@68a62f4d{logs,/logs,file:///home/runner/work/ozone/ozone/hadoop-ozone/integration-test/target/log,STOPPED}
2021-11-25 02:28:48,002 [grpc-default-executor-1] WARN  server.GrpcLogAppender (LogUtils.java:warn(122)) - a8a586c2-f99e-4cfe-9d52-03ddcdbedb28@group-8550D68C7491->e8e4a09d-b55f-46fb-afd1-8638ca612560-AppendLogResponseHandler: Failed appendEntries: org.apache.ratis.thirdparty.io.grpc.StatusRuntimeException: UNAVAILABLE: io exception
2021-11-25 02:28:48,003 [grpc-default-executor-1] WARN  server.GrpcLogAppender (GrpcLogAppender.java:resetClient(110)) - a8a586c2-f99e-4cfe-9d52-03ddcdbedb28@group-8550D68C7491->e8e4a09d-b55f-46fb-afd1-8638ca612560-GrpcLogAppender: Leader has not got in touch with Follower a8a586c2-f99e-4cfe-9d52-03ddcdbedb28@group-8550D68C7491->e8e4a09d-b55f-46fb-afd1-8638ca612560(c-1,m0,n3, attendVote=true, lastRpcSendTime=0, lastRpcResponseTime=12893) yet, just keep nextIndex unchanged and retry.
2021-11-25 02:28:50,503 [grpc-default-executor-1] WARN  server.GrpcLogAppender (LogUtils.java:warn(122)) - a8a586c2-f99e-4cfe-9d52-03ddcdbedb28@group-8550D68C7491->e8e4a09d-b55f-46fb-afd1-8638ca612560-AppendLogResponseHandler: Failed appendEntries: org.apache.ratis.thirdparty.io.grpc.StatusRuntimeException: UNAVAILABLE: io exception
2021-11-25 02:28:50,504 [grpc-default-executor-1] WARN  server.GrpcLogAppender (GrpcLogAppender.java:resetClient(110)) - a8a586c2-f99e-4cfe-9d52-03ddcdbedb28@group-8550D68C7491->e8e4a09d-b55f-46fb-afd1-8638ca612560-GrpcLogAppender: Leader has not got in touch with Follower a8a586c2-f99e-4cfe-9d52-03ddcdbedb28@group-8550D68C7491->e8e4a09d-b55f-46fb-afd1-8638ca612560(c-1,m0,n3, attendVote=true, lastRpcSendTime=2501, lastRpcResponseTime=15394) yet, just keep nextIndex unchanged and retry.
2021-11-25 02:28:51,630 [Listener at 127.0.0.1/44827] INFO  ozoneimpl.OzoneContainer (OzoneContainer.java:stop(325)) - Attempting to stop container services.
2021-11-25 02:28:51,631 [Listener at 127.0.0.1/44827] INFO  server.RaftServer (RaftServerProxy.java:lambda$close$6(391)) - 85323f18-cee6-4044-8995-00f3d4f90ee3: close
2021-11-25 02:28:51,631 [Listener at 127.0.0.1/44827] INFO  server.RaftServer$Division (RaftServerImpl.java:lambda$close$4(412)) - 85323f18-cee6-4044-8995-00f3d4f90ee3@group-7B4FBFA5AF04: shutdown
2021-11-25 02:28:51,632 [Listener at 127.0.0.1/44827] INFO  util.JmxRegister (JmxRegister.java:unregister(73)) - Successfully un-registered JMX Bean with object name Ratis:service=RaftServer,group=group-7B4FBFA5AF04,id=85323f18-cee6-4044-8995-00f3d4f90ee3
2021-11-25 02:28:51,632 [Listener at 127.0.0.1/44827] INFO  impl.RoleInfo (RoleInfo.java:shutdownLeaderState(91)) - 85323f18-cee6-4044-8995-00f3d4f90ee3: shutdown 85323f18-cee6-4044-8995-00f3d4f90ee3@group-7B4FBFA5AF04-LeaderStateImpl
2021-11-25 02:28:51,632 [85323f18-cee6-4044-8995-00f3d4f90ee3@group-7B4FBFA5AF04->270b4571-6830-404f-969d-140ad9dcfc29-GrpcLogAppender-LogAppenderDaemon] WARN  server.GrpcLogAppender (GrpcLogAppender.java:mayWait(177)) - 85323f18-cee6-4044-8995-00f3d4f90ee3@group-7B4FBFA5AF04->270b4571-6830-404f-969d-140ad9dcfc29-GrpcLogAppender: Wait interrupted by java.lang.InterruptedException
2021-11-25 02:28:51,632 [85323f18-cee6-4044-8995-00f3d4f90ee3@group-7B4FBFA5AF04->e244018c-c6e8-4e9d-8a67-72ce71f64a2e-GrpcLogAppender-LogAppenderDaemon] WARN  server.GrpcLogAppender (GrpcLogAppender.java:mayWait(177)) - 85323f18-cee6-4044-8995-00f3d4f90ee3@group-7B4FBFA5AF04->e244018c-c6e8-4e9d-8a67-72ce71f64a2e-GrpcLogAppender: Wait interrupted by java.lang.InterruptedException
2021-11-25 02:28:51,633 [grpc-default-executor-1] INFO  server.GrpcServerProtocolService (GrpcServerProtocolService.java:onCompleted(140)) - 270b4571-6830-404f-969d-140ad9dcfc29: Completed APPEND_ENTRIES, lastRequest: 85323f18-cee6-4044-8995-00f3d4f90ee3->270b4571-6830-404f-969d-140ad9dcfc29#6-t8,previous=(t:8, i:1),leaderCommit=1,initializing? true,entries: size=1, first=(t:8, i:2), METADATAENTRY(c:1)
2021-11-25 02:28:51,633 [grpc-default-executor-3] INFO  server.GrpcServerProtocolService (GrpcServerProtocolService.java:onCompleted(140)) - e244018c-c6e8-4e9d-8a67-72ce71f64a2e: Completed APPEND_ENTRIES, lastRequest: 85323f18-cee6-4044-8995-00f3d4f90ee3->e244018c-c6e8-4e9d-8a67-72ce71f64a2e#6-t8,previous=(t:8, i:1),leaderCommit=1,initializing? true,entries: size=1, first=(t:8, i:2), METADATAENTRY(c:1)
2021-11-25 02:28:51,634 [grpc-default-executor-2] INFO  server.GrpcLogAppender (GrpcLogAppender.java:onCompleted(346)) - 85323f18-cee6-4044-8995-00f3d4f90ee3@group-7B4FBFA5AF04->e244018c-c6e8-4e9d-8a67-72ce71f64a2e-AppendLogResponseHandler: follower responses appendEntries COMPLETED
2021-11-25 02:28:51,634 [grpc-default-executor-2] INFO  leader.FollowerInfo (FollowerInfoImpl.java:lambda$new$0(47)) - 85323f18-cee6-4044-8995-00f3d4f90ee3@group-7B4FBFA5AF04->e244018c-c6e8-4e9d-8a67-72ce71f64a2e: nextIndex: updateUnconditionally 3 -> 2
2021-11-25 02:28:51,634 [grpc-default-executor-3] INFO  server.GrpcLogAppender (GrpcLogAppender.java:onCompleted(346)) - 85323f18-cee6-4044-8995-00f3d4f90ee3@group-7B4FBFA5AF04->270b4571-6830-404f-969d-140ad9dcfc29-AppendLogResponseHandler: follower responses appendEntries COMPLETED
2021-11-25 02:28:51,634 [grpc-default-executor-3] INFO  leader.FollowerInfo (FollowerInfoImpl.java:lambda$new$0(47)) - 85323f18-cee6-4044-8995-00f3d4f90ee3@group-7B4FBFA5AF04->270b4571-6830-404f-969d-140ad9dcfc29: nextIndex: updateUnconditionally 3 -> 2
2021-11-25 02:28:51,632 [Listener at 127.0.0.1/44827] INFO  impl.PendingRequests (PendingRequests.java:sendNotLeaderResponses(282)) - 85323f18-cee6-4044-8995-00f3d4f90ee3@group-7B4FBFA5AF04-PendingRequests: sendNotLeaderResponses
2021-11-25 02:28:51,644 [85323f18-cee6-4044-8995-00f3d4f90ee3@group-7B4FBFA5AF04-StateMachineUpdater] INFO  ratis.ContainerStateMachine (ContainerStateMachine.java:takeSnapshot(292)) - group-7B4FBFA5AF04: Taking a snapshot at:(t:8, i:2) file /home/runner/work/ozone/ozone/hadoop-ozone/integration-test/target/test-dir/MiniOzoneClusterImpl-bf1a4df1-220d-4f19-a3f2-d6f00535f443/datanode-7/data/ratis/700eb4dc-98a2-4baa-8b7d-7b4fbfa5af04/sm/snapshot.8_2
2021-11-25 02:28:51,645 [Listener at 127.0.0.1/44827] INFO  impl.StateMachineUpdater (StateMachineUpdater.java:stopAndJoin(149)) - 85323f18-cee6-4044-8995-00f3d4f90ee3@group-7B4FBFA5AF04-StateMachineUpdater: set stopIndex = 2
2021-11-25 02:28:51,646 [85323f18-cee6-4044-8995-00f3d4f90ee3@group-7B4FBFA5AF04-StateMachineUpdater] INFO  ratis.ContainerStateMachine (ContainerStateMachine.java:takeSnapshot(303)) - group-7B4FBFA5AF04: Finished taking a snapshot at:(t:8, i:2) file:/home/runner/work/ozone/ozone/hadoop-ozone/integration-test/target/test-dir/MiniOzoneClusterImpl-bf1a4df1-220d-4f19-a3f2-d6f00535f443/datanode-7/data/ratis/700eb4dc-98a2-4baa-8b7d-7b4fbfa5af04/sm/snapshot.8_2 took: 2 ms
2021-11-25 02:28:51,647 [85323f18-cee6-4044-8995-00f3d4f90ee3@group-7B4FBFA5AF04-StateMachineUpdater] INFO  impl.StateMachineUpdater (StateMachineUpdater.java:takeSnapshot(281)) - 85323f18-cee6-4044-8995-00f3d4f90ee3@group-7B4FBFA5AF04-StateMachineUpdater: Took a snapshot at index 2
2021-11-25 02:28:51,647 [85323f18-cee6-4044-8995-00f3d4f90ee3@group-7B4FBFA5AF04-StateMachineUpdater] INFO  impl.StateMachineUpdater (StateMachineUpdater.java:lambda$new$0(89)) - 85323f18-cee6-4044-8995-00f3d4f90ee3@group-7B4FBFA5AF04-StateMachineUpdater: snapshotIndex: updateIncreasingly -1 -> 2
2021-11-25 02:28:51,665 [Listener at 127.0.0.1/44827] INFO  server.RaftServer$Division (ServerState.java:close(419)) - 85323f18-cee6-4044-8995-00f3d4f90ee3@group-7B4FBFA5AF04: closes. applyIndex: 2
2021-11-25 02:28:51,666 [85323f18-cee6-4044-8995-00f3d4f90ee3@group-7B4FBFA5AF04-SegmentedRaftLogWorker] INFO  segmented.SegmentedRaftLogWorker (SegmentedRaftLogWorker.java:run(327)) - 85323f18-cee6-4044-8995-00f3d4f90ee3@group-7B4FBFA5AF04-SegmentedRaftLogWorker was interrupted, exiting. There are 0 tasks remaining in the queue.
2021-11-25 02:28:51,667 [Listener at 127.0.0.1/44827] INFO  segmented.SegmentedRaftLogWorker (SegmentedRaftLogWorker.java:close(237)) - 85323f18-cee6-4044-8995-00f3d4f90ee3@group-7B4FBFA5AF04-SegmentedRaftLogWorker close()
2021-11-25 02:28:51,673 [Listener at 127.0.0.1/44827] INFO  server.RaftServer$Division (RaftServerImpl.java:lambda$close$4(412)) - 85323f18-cee6-4044-8995-00f3d4f90ee3@group-ECA14B6AF402: shutdown
2021-11-25 02:28:51,674 [Listener at 127.0.0.1/44827] INFO  util.JmxRegister (JmxRegister.java:unregister(73)) - Successfully un-registered JMX Bean with object name Ratis:service=RaftServer,group=group-ECA14B6AF402,id=85323f18-cee6-4044-8995-00f3d4f90ee3
2021-11-25 02:28:51,674 [Listener at 127.0.0.1/44827] INFO  impl.RoleInfo (RoleInfo.java:shutdownLeaderState(91)) - 85323f18-cee6-4044-8995-00f3d4f90ee3: shutdown 85323f18-cee6-4044-8995-00f3d4f90ee3@group-ECA14B6AF402-LeaderStateImpl
2021-11-25 02:28:51,674 [Listener at 127.0.0.1/44827] INFO  impl.PendingRequests (PendingRequests.java:sendNotLeaderResponses(282)) - 85323f18-cee6-4044-8995-00f3d4f90ee3@group-ECA14B6AF402-PendingRequests: sendNotLeaderResponses
2021-11-25 02:28:51,675 [85323f18-cee6-4044-8995-00f3d4f90ee3@group-ECA14B6AF402-StateMachineUpdater] INFO  ratis.ContainerStateMachine (ContainerStateMachine.java:takeSnapshot(292)) - group-ECA14B6AF402: Taking a snapshot at:(t:1, i:0) file /home/runner/work/ozone/ozone/hadoop-ozone/integration-test/target/test-dir/MiniOzoneClusterImpl-bf1a4df1-220d-4f19-a3f2-d6f00535f443/datanode-7/data/ratis/75a857ac-5f62-441e-b42f-eca14b6af402/sm/snapshot.1_0
2021-11-25 02:28:51,675 [Listener at 127.0.0.1/44827] INFO  impl.StateMachineUpdater (StateMachineUpdater.java:stopAndJoin(149)) - 85323f18-cee6-4044-8995-00f3d4f90ee3@group-ECA14B6AF402-StateMachineUpdater: set stopIndex = 0
2021-11-25 02:28:51,676 [85323f18-cee6-4044-8995-00f3d4f90ee3@group-ECA14B6AF402-StateMachineUpdater] INFO  ratis.ContainerStateMachine (ContainerStateMachine.java:takeSnapshot(303)) - group-ECA14B6AF402: Finished taking a snapshot at:(t:1, i:0) file:/home/runner/work/ozone/ozone/hadoop-ozone/integration-test/target/test-dir/MiniOzoneClusterImpl-bf1a4df1-220d-4f19-a3f2-d6f00535f443/datanode-7/data/ratis/75a857ac-5f62-441e-b42f-eca14b6af402/sm/snapshot.1_0 took: 2 ms
2021-11-25 02:28:51,676 [85323f18-cee6-4044-8995-00f3d4f90ee3@group-ECA14B6AF402-StateMachineUpdater] INFO  impl.StateMachineUpdater (StateMachineUpdater.java:takeSnapshot(281)) - 85323f18-cee6-4044-8995-00f3d4f90ee3@group-ECA14B6AF402-StateMachineUpdater: Took a snapshot at index 0
2021-11-25 02:28:51,676 [85323f18-cee6-4044-8995-00f3d4f90ee3@group-ECA14B6AF402-StateMachineUpdater] INFO  impl.StateMachineUpdater (StateMachineUpdater.java:lambda$new$0(89)) - 85323f18-cee6-4044-8995-00f3d4f90ee3@group-ECA14B6AF402-StateMachineUpdater: snapshotIndex: updateIncreasingly -1 -> 0
2021-11-25 02:28:51,677 [Listener at 127.0.0.1/44827] INFO  server.RaftServer$Division (ServerState.java:close(419)) - 85323f18-cee6-4044-8995-00f3d4f90ee3@group-ECA14B6AF402: closes. applyIndex: 0
2021-11-25 02:28:51,677 [85323f18-cee6-4044-8995-00f3d4f90ee3@group-ECA14B6AF402-SegmentedRaftLogWorker] INFO  segmented.SegmentedRaftLogWorker (SegmentedRaftLogWorker.java:run(327)) - 85323f18-cee6-4044-8995-00f3d4f90ee3@group-ECA14B6AF402-SegmentedRaftLogWorker was interrupted, exiting. There are 0 tasks remaining in the queue.
2021-11-25 02:28:51,685 [Listener at 127.0.0.1/44827] INFO  segmented.SegmentedRaftLogWorker (SegmentedRaftLogWorker.java:close(237)) - 85323f18-cee6-4044-8995-00f3d4f90ee3@group-ECA14B6AF402-SegmentedRaftLogWorker close()
2021-11-25 02:28:51,686 [Listener at 127.0.0.1/44827] INFO  server.GrpcService (GrpcService.java:closeImpl(262)) - 85323f18-cee6-4044-8995-00f3d4f90ee3: shutdown server with port 44439 now
2021-11-25 02:28:51,709 [Listener at 127.0.0.1/44827] INFO  server.GrpcService (GrpcService.java:closeImpl(271)) - 85323f18-cee6-4044-8995-00f3d4f90ee3: shutdown server with port 44439 successfully
2021-11-25 02:28:51,741 [org.apache.ratis.util.JvmPauseMonitor$$Lambda$533/113722330@4f804565] INFO  util.JvmPauseMonitor (JvmPauseMonitor.java:run(109)) - JvmPauseMonitor-85323f18-cee6-4044-8995-00f3d4f90ee3: Stopped
2021-11-25 02:28:51,742 [Listener at 127.0.0.1/44827] INFO  utils.BackgroundService (BackgroundService.java:shutdown(132)) - Shutting down service BlockDeletingService
2021-11-25 02:28:51,815 [ForkJoinPool.commonPool-worker-1] INFO  ozoneimpl.OzoneContainer (OzoneContainer.java:stop(325)) - Attempting to stop container services.
2021-11-25 02:28:51,816 [ForkJoinPool.commonPool-worker-1] INFO  server.RaftServer (RaftServerProxy.java:lambda$close$6(391)) - 7b8694ed-f626-45d7-ad92-ba79cd2bf69c: close
2021-11-25 02:28:51,816 [ForkJoinPool.commonPool-worker-1] INFO  server.RaftServer$Division (RaftServerImpl.java:lambda$close$4(412)) - 7b8694ed-f626-45d7-ad92-ba79cd2bf69c@group-8550D68C7491: shutdown
2021-11-25 02:28:51,816 [ForkJoinPool.commonPool-worker-1] INFO  util.JmxRegister (JmxRegister.java:unregister(73)) - Successfully un-registered JMX Bean with object name Ratis:service=RaftServer,group=group-8550D68C7491,id=7b8694ed-f626-45d7-ad92-ba79cd2bf69c
2021-11-25 02:28:51,816 [ForkJoinPool.commonPool-worker-1] INFO  impl.RoleInfo (RoleInfo.java:shutdownFollowerState(108)) - 7b8694ed-f626-45d7-ad92-ba79cd2bf69c: shutdown 7b8694ed-f626-45d7-ad92-ba79cd2bf69c@group-8550D68C7491-FollowerState
2021-11-25 02:28:51,816 [ForkJoinPool.commonPool-worker-1] INFO  impl.StateMachineUpdater (StateMachineUpdater.java:stopAndJoin(149)) - 7b8694ed-f626-45d7-ad92-ba79cd2bf69c@group-8550D68C7491-StateMachineUpdater: set stopIndex = 2
2021-11-25 02:28:51,817 [7b8694ed-f626-45d7-ad92-ba79cd2bf69c@group-8550D68C7491-FollowerState] INFO  impl.FollowerState (FollowerState.java:run(143)) - 7b8694ed-f626-45d7-ad92-ba79cd2bf69c@group-8550D68C7491-FollowerState was interrupted: {}
java.lang.InterruptedException: sleep interrupted
	at java.lang.Thread.sleep(Native Method)
	at java.lang.Thread.sleep(Thread.java:340)
	at java.util.concurrent.TimeUnit.sleep(TimeUnit.java:386)
	at org.apache.ratis.util.TimeDuration.sleep(TimeDuration.java:324)
	at org.apache.ratis.util.TimeDuration.sleep(TimeDuration.java:309)
	at org.apache.ratis.server.impl.FollowerState.run(FollowerState.java:118)
2021-11-25 02:28:51,817 [7b8694ed-f626-45d7-ad92-ba79cd2bf69c@group-8550D68C7491-StateMachineUpdater] INFO  ratis.ContainerStateMachine (ContainerStateMachine.java:takeSnapshot(292)) - group-8550D68C7491: Taking a snapshot at:(t:7, i:2) file /home/runner/work/ozone/ozone/hadoop-ozone/integration-test/target/test-dir/MiniOzoneClusterImpl-bf1a4df1-220d-4f19-a3f2-d6f00535f443/datanode-0/data/ratis/d4289eb7-cbdd-466a-ac91-8550d68c7491/sm/snapshot.7_2
2021-11-25 02:28:51,818 [7b8694ed-f626-45d7-ad92-ba79cd2bf69c@group-8550D68C7491-StateMachineUpdater] INFO  ratis.ContainerStateMachine (ContainerStateMachine.java:takeSnapshot(303)) - group-8550D68C7491: Finished taking a snapshot at:(t:7, i:2) file:/home/runner/work/ozone/ozone/hadoop-ozone/integration-test/target/test-dir/MiniOzoneClusterImpl-bf1a4df1-220d-4f19-a3f2-d6f00535f443/datanode-0/data/ratis/d4289eb7-cbdd-466a-ac91-8550d68c7491/sm/snapshot.7_2 took: 1 ms
2021-11-25 02:28:51,818 [7b8694ed-f626-45d7-ad92-ba79cd2bf69c@group-8550D68C7491-StateMachineUpdater] INFO  impl.StateMachineUpdater (StateMachineUpdater.java:takeSnapshot(281)) - 7b8694ed-f626-45d7-ad92-ba79cd2bf69c@group-8550D68C7491-StateMachineUpdater: Took a snapshot at index 2
2021-11-25 02:28:51,818 [7b8694ed-f626-45d7-ad92-ba79cd2bf69c@group-8550D68C7491-StateMachineUpdater] INFO  impl.StateMachineUpdater (StateMachineUpdater.java:lambda$new$0(89)) - 7b8694ed-f626-45d7-ad92-ba79cd2bf69c@group-8550D68C7491-StateMachineUpdater: snapshotIndex: updateIncreasingly -1 -> 2
2021-11-25 02:28:51,819 [ForkJoinPool.commonPool-worker-1] INFO  server.RaftServer$Division (ServerState.java:close(419)) - 7b8694ed-f626-45d7-ad92-ba79cd2bf69c@group-8550D68C7491: closes. applyIndex: 2
2021-11-25 02:28:51,819 [7b8694ed-f626-45d7-ad92-ba79cd2bf69c@group-8550D68C7491-SegmentedRaftLogWorker] INFO  segmented.SegmentedRaftLogWorker (SegmentedRaftLogWorker.java:run(327)) - 7b8694ed-f626-45d7-ad92-ba79cd2bf69c@group-8550D68C7491-SegmentedRaftLogWorker was interrupted, exiting. There are 0 tasks remaining in the queue.
2021-11-25 02:28:51,819 [ForkJoinPool.commonPool-worker-1] INFO  segmented.SegmentedRaftLogWorker (SegmentedRaftLogWorker.java:close(237)) - 7b8694ed-f626-45d7-ad92-ba79cd2bf69c@group-8550D68C7491-SegmentedRaftLogWorker close()
2021-11-25 02:28:51,819 [ForkJoinPool.commonPool-worker-1] INFO  server.RaftServer$Division (RaftServerImpl.java:lambda$close$4(412)) - 7b8694ed-f626-45d7-ad92-ba79cd2bf69c@group-714DC092E474: shutdown
2021-11-25 02:28:51,819 [ForkJoinPool.commonPool-worker-1] INFO  util.JmxRegister (JmxRegister.java:unregister(73)) - Successfully un-registered JMX Bean with object name Ratis:service=RaftServer,group=group-714DC092E474,id=7b8694ed-f626-45d7-ad92-ba79cd2bf69c
2021-11-25 02:28:51,819 [ForkJoinPool.commonPool-worker-1] INFO  impl.RoleInfo (RoleInfo.java:shutdownLeaderState(91)) - 7b8694ed-f626-45d7-ad92-ba79cd2bf69c: shutdown 7b8694ed-f626-45d7-ad92-ba79cd2bf69c@group-714DC092E474-LeaderStateImpl
2021-11-25 02:28:51,820 [ForkJoinPool.commonPool-worker-1] INFO  impl.PendingRequests (PendingRequests.java:sendNotLeaderResponses(282)) - 7b8694ed-f626-45d7-ad92-ba79cd2bf69c@group-714DC092E474-PendingRequests: sendNotLeaderResponses
2021-11-25 02:28:51,820 [7b8694ed-f626-45d7-ad92-ba79cd2bf69c@group-714DC092E474-StateMachineUpdater] INFO  ratis.ContainerStateMachine (ContainerStateMachine.java:takeSnapshot(292)) - group-714DC092E474: Taking a snapshot at:(t:1, i:0) file /home/runner/work/ozone/ozone/hadoop-ozone/integration-test/target/test-dir/MiniOzoneClusterImpl-bf1a4df1-220d-4f19-a3f2-d6f00535f443/datanode-0/data/ratis/613c6e4d-57c4-4797-acf3-714dc092e474/sm/snapshot.1_0
2021-11-25 02:28:51,821 [ForkJoinPool.commonPool-worker-1] INFO  impl.StateMachineUpdater (StateMachineUpdater.java:stopAndJoin(149)) - 7b8694ed-f626-45d7-ad92-ba79cd2bf69c@group-714DC092E474-StateMachineUpdater: set stopIndex = 0
2021-11-25 02:28:51,821 [7b8694ed-f626-45d7-ad92-ba79cd2bf69c@group-714DC092E474-StateMachineUpdater] INFO  ratis.ContainerStateMachine (ContainerStateMachine.java:takeSnapshot(303)) - group-714DC092E474: Finished taking a snapshot at:(t:1, i:0) file:/home/runner/work/ozone/ozone/hadoop-ozone/integration-test/target/test-dir/MiniOzoneClusterImpl-bf1a4df1-220d-4f19-a3f2-d6f00535f443/datanode-0/data/ratis/613c6e4d-57c4-4797-acf3-714dc092e474/sm/snapshot.1_0 took: 1 ms
2021-11-25 02:28:51,821 [7b8694ed-f626-45d7-ad92-ba79cd2bf69c@group-714DC092E474-StateMachineUpdater] INFO  impl.StateMachineUpdater (StateMachineUpdater.java:takeSnapshot(281)) - 7b8694ed-f626-45d7-ad92-ba79cd2bf69c@group-714DC092E474-StateMachineUpdater: Took a snapshot at index 0
2021-11-25 02:28:51,821 [7b8694ed-f626-45d7-ad92-ba79cd2bf69c@group-714DC092E474-StateMachineUpdater] INFO  impl.StateMachineUpdater (StateMachineUpdater.java:lambda$new$0(89)) - 7b8694ed-f626-45d7-ad92-ba79cd2bf69c@group-714DC092E474-StateMachineUpdater: snapshotIndex: updateIncreasingly -1 -> 0
2021-11-25 02:28:51,822 [ForkJoinPool.commonPool-worker-1] INFO  server.RaftServer$Division (ServerState.java:close(419)) - 7b8694ed-f626-45d7-ad92-ba79cd2bf69c@group-714DC092E474: closes. applyIndex: 0
2021-11-25 02:28:51,822 [7b8694ed-f626-45d7-ad92-ba79cd2bf69c@group-714DC092E474-SegmentedRaftLogWorker] INFO  segmented.SegmentedRaftLogWorker (SegmentedRaftLogWorker.java:run(327)) - 7b8694ed-f626-45d7-ad92-ba79cd2bf69c@group-714DC092E474-SegmentedRaftLogWorker was interrupted, exiting. There are 0 tasks remaining in the queue.
2021-11-25 02:28:51,822 [ForkJoinPool.commonPool-worker-1] INFO  segmented.SegmentedRaftLogWorker (SegmentedRaftLogWorker.java:close(237)) - 7b8694ed-f626-45d7-ad92-ba79cd2bf69c@group-714DC092E474-SegmentedRaftLogWorker close()
2021-11-25 02:28:51,822 [ForkJoinPool.commonPool-worker-1] INFO  server.GrpcService (GrpcService.java:closeImpl(262)) - 7b8694ed-f626-45d7-ad92-ba79cd2bf69c: shutdown server with port 33171 now
2021-11-25 02:28:51,835 [ForkJoinPool.commonPool-worker-1] INFO  server.GrpcService (GrpcService.java:closeImpl(271)) - 7b8694ed-f626-45d7-ad92-ba79cd2bf69c: shutdown server with port 33171 successfully
2021-11-25 02:28:51,835 [org.apache.ratis.util.JvmPauseMonitor$$Lambda$533/113722330@4e3d3358] INFO  util.JvmPauseMonitor (JvmPauseMonitor.java:run(109)) - JvmPauseMonitor-7b8694ed-f626-45d7-ad92-ba79cd2bf69c: Stopped
2021-11-25 02:28:51,837 [grpc-default-executor-1] WARN  server.GrpcServerProtocolService (LogUtils.java:warn(122)) - 7b8694ed-f626-45d7-ad92-ba79cd2bf69c: installSnapshot onError, lastRequest: a8a586c2-f99e-4cfe-9d52-03ddcdbedb28->7b8694ed-f626-45d7-ad92-ba79cd2bf69c#2-t7,previous=(t:7, i:1),leaderCommit=1,initializing? true,entries: size=1, first=(t:7, i:2), METADATAENTRY(c:1): org.apache.ratis.thirdparty.io.grpc.StatusRuntimeException: CANCELLED: client cancelled
2021-11-25 02:28:51,838 [grpc-default-executor-0] WARN  server.GrpcLogAppender (LogUtils.java:warn(122)) - a8a586c2-f99e-4cfe-9d52-03ddcdbedb28@group-8550D68C7491->7b8694ed-f626-45d7-ad92-ba79cd2bf69c-AppendLogResponseHandler: Failed appendEntries: org.apache.ratis.thirdparty.io.grpc.StatusRuntimeException: CANCELLED: HTTP/2 error code: CANCEL
Received Rst Stream
2021-11-25 02:28:51,838 [grpc-default-executor-0] INFO  leader.FollowerInfo (FollowerInfoImpl.java:lambda$new$0(47)) - a8a586c2-f99e-4cfe-9d52-03ddcdbedb28@group-8550D68C7491->7b8694ed-f626-45d7-ad92-ba79cd2bf69c: nextIndex: updateUnconditionally 3 -> 2
2021-11-25 02:28:51,842 [grpc-default-executor-1] WARN  server.GrpcLogAppender (LogUtils.java:warn(122)) - a8a586c2-f99e-4cfe-9d52-03ddcdbedb28@group-8550D68C7491->7b8694ed-f626-45d7-ad92-ba79cd2bf69c-AppendLogResponseHandler: Failed appendEntries: org.apache.ratis.thirdparty.io.grpc.StatusRuntimeException: UNAVAILABLE: io exception
2021-11-25 02:28:51,842 [grpc-default-executor-1] INFO  leader.FollowerInfo (FollowerInfoImpl.java:lambda$new$0(47)) - a8a586c2-f99e-4cfe-9d52-03ddcdbedb28@group-8550D68C7491->7b8694ed-f626-45d7-ad92-ba79cd2bf69c: nextIndex: updateUnconditionally 3 -> 2
2021-11-25 02:28:51,864 [ForkJoinPool.commonPool-worker-1] INFO  utils.BackgroundService (BackgroundService.java:shutdown(132)) - Shutting down service BlockDeletingService
2021-11-25 02:28:53,024 [grpc-default-executor-1] WARN  server.GrpcLogAppender (LogUtils.java:warn(122)) - a8a586c2-f99e-4cfe-9d52-03ddcdbedb28@group-8550D68C7491->e8e4a09d-b55f-46fb-afd1-8638ca612560-AppendLogResponseHandler: Failed appendEntries: org.apache.ratis.thirdparty.io.grpc.StatusRuntimeException: UNAVAILABLE: io exception
2021-11-25 02:28:53,025 [grpc-default-executor-1] WARN  server.GrpcLogAppender (GrpcLogAppender.java:resetClient(110)) - a8a586c2-f99e-4cfe-9d52-03ddcdbedb28@group-8550D68C7491->e8e4a09d-b55f-46fb-afd1-8638ca612560-GrpcLogAppender: Leader has not got in touch with Follower a8a586c2-f99e-4cfe-9d52-03ddcdbedb28@group-8550D68C7491->e8e4a09d-b55f-46fb-afd1-8638ca612560(c-1,m0,n3, attendVote=true, lastRpcSendTime=2520, lastRpcResponseTime=17914) yet, just keep nextIndex unchanged and retry.
2021-11-25 02:28:54,342 [grpc-default-executor-1] WARN  server.GrpcLogAppender (LogUtils.java:warn(122)) - a8a586c2-f99e-4cfe-9d52-03ddcdbedb28@group-8550D68C7491->7b8694ed-f626-45d7-ad92-ba79cd2bf69c-AppendLogResponseHandler: Failed appendEntries: org.apache.ratis.thirdparty.io.grpc.StatusRuntimeException: UNAVAILABLE: io exception
2021-11-25 02:28:54,342 [grpc-default-executor-1] INFO  leader.FollowerInfo (FollowerInfoImpl.java:lambda$new$0(47)) - a8a586c2-f99e-4cfe-9d52-03ddcdbedb28@group-8550D68C7491->7b8694ed-f626-45d7-ad92-ba79cd2bf69c: nextIndex: updateUnconditionally 3 -> 2
2021-11-25 02:28:54,795 [Listener at 127.0.0.1/44827] INFO  statemachine.DatanodeStateMachine (DatanodeStateMachine.java:stopDaemon(526)) - Ozone container server stopped.
2021-11-25 02:28:54,796 [Listener at 127.0.0.1/44827] INFO  handler.ContextHandler (ContextHandler.java:doStop(1153)) - Stopped o.e.j.w.WebAppContext@6b1d60b3{hddsDatanode,/,null,STOPPED}{jar:file:/home/runner/.m2/repository/org/apache/ozone/hdds-container-service/1.2.0-SNAPSHOT/hdds-container-service-1.2.0-SNAPSHOT.jar!/webapps/hddsDatanode}
2021-11-25 02:28:54,798 [Listener at 127.0.0.1/44827] INFO  server.AbstractConnector (AbstractConnector.java:doStop(381)) - Stopped ServerConnector@31a78026{HTTP/1.1, (http/1.1)}{0.0.0.0:0}
2021-11-25 02:28:54,798 [Listener at 127.0.0.1/44827] INFO  server.session (HouseKeeper.java:stopScavenging(149)) - node0 Stopped scavenging
2021-11-25 02:28:54,798 [Listener at 127.0.0.1/44827] INFO  handler.ContextHandler (ContextHandler.java:doStop(1153)) - Stopped o.e.j.s.ServletContextHandler@261f2904{static,/static,jar:file:/home/runner/.m2/repository/org/apache/ozone/hdds-container-service/1.2.0-SNAPSHOT/hdds-container-service-1.2.0-SNAPSHOT.jar!/webapps/static,STOPPED}
2021-11-25 02:28:54,798 [Listener at 127.0.0.1/44827] INFO  handler.ContextHandler (ContextHandler.java:doStop(1153)) - Stopped o.e.j.s.ServletContextHandler@5601e212{logs,/logs,file:///home/runner/work/ozone/ozone/hadoop-ozone/integration-test/target/log,STOPPED}
2021-11-25 02:28:54,935 [ForkJoinPool.commonPool-worker-1] INFO  statemachine.DatanodeStateMachine (DatanodeStateMachine.java:stopDaemon(526)) - Ozone container server stopped.
2021-11-25 02:28:54,949 [ForkJoinPool.commonPool-worker-1] INFO  handler.ContextHandler (ContextHandler.java:doStop(1153)) - Stopped o.e.j.w.WebAppContext@2488fd50{hddsDatanode,/,null,STOPPED}{jar:file:/home/runner/.m2/repository/org/apache/ozone/hdds-container-service/1.2.0-SNAPSHOT/hdds-container-service-1.2.0-SNAPSHOT.jar!/webapps/hddsDatanode}
2021-11-25 02:28:54,965 [ForkJoinPool.commonPool-worker-1] INFO  server.AbstractConnector (AbstractConnector.java:doStop(381)) - Stopped ServerConnector@72c7381{HTTP/1.1, (http/1.1)}{0.0.0.0:0}
2021-11-25 02:28:54,966 [ForkJoinPool.commonPool-worker-1] INFO  server.session (HouseKeeper.java:stopScavenging(149)) - node0 Stopped scavenging
2021-11-25 02:28:54,970 [ForkJoinPool.commonPool-worker-1] INFO  handler.ContextHandler (ContextHandler.java:doStop(1153)) - Stopped o.e.j.s.ServletContextHandler@3c066b66{static,/static,jar:file:/home/runner/.m2/repository/org/apache/ozone/hdds-container-service/1.2.0-SNAPSHOT/hdds-container-service-1.2.0-SNAPSHOT.jar!/webapps/static,STOPPED}
2021-11-25 02:28:54,971 [ForkJoinPool.commonPool-worker-1] INFO  handler.ContextHandler (ContextHandler.java:doStop(1153)) - Stopped o.e.j.s.ServletContextHandler@7fe008b0{logs,/logs,file:///home/runner/work/ozone/ozone/hadoop-ozone/integration-test/target/log,STOPPED}
2021-11-25 02:28:55,532 [grpc-default-executor-1] WARN  server.GrpcLogAppender (LogUtils.java:warn(122)) - a8a586c2-f99e-4cfe-9d52-03ddcdbedb28@group-8550D68C7491->e8e4a09d-b55f-46fb-afd1-8638ca612560-AppendLogResponseHandler: Failed appendEntries: org.apache.ratis.thirdparty.io.grpc.StatusRuntimeException: UNAVAILABLE: io exception
2021-11-25 02:28:55,533 [grpc-default-executor-1] WARN  server.GrpcLogAppender (GrpcLogAppender.java:resetClient(110)) - a8a586c2-f99e-4cfe-9d52-03ddcdbedb28@group-8550D68C7491->e8e4a09d-b55f-46fb-afd1-8638ca612560-GrpcLogAppender: Leader has not got in touch with Follower a8a586c2-f99e-4cfe-9d52-03ddcdbedb28@group-8550D68C7491->e8e4a09d-b55f-46fb-afd1-8638ca612560(c-1,m0,n3, attendVote=true, lastRpcSendTime=0, lastRpcResponseTime=20423) yet, just keep nextIndex unchanged and retry.
2021-11-25 02:28:56,116 [a8a586c2-f99e-4cfe-9d52-03ddcdbedb28@group-8550D68C7491-LeaderStateImpl] WARN  server.RaftServer$Division (LeaderStateImpl.java:checkLeadership(974)) - a8a586c2-f99e-4cfe-9d52-03ddcdbedb28@group-8550D68C7491-LeaderStateImpl: Lost leadership on term: 7. Election timeout: 5200ms. In charge for: 15806ms. Conf: 1: [e8e4a09d-b55f-46fb-afd1-8638ca612560|rpc:10.1.0.13:42859|dataStream:|priority:1, 7b8694ed-f626-45d7-ad92-ba79cd2bf69c|rpc:10.1.0.13:33171|dataStream:|priority:0, a8a586c2-f99e-4cfe-9d52-03ddcdbedb28|rpc:10.1.0.13:36737|dataStream:|priority:0], old=null
2021-11-25 02:28:56,116 [a8a586c2-f99e-4cfe-9d52-03ddcdbedb28@group-8550D68C7491-LeaderStateImpl] WARN  server.RaftServer$Division (LeaderStateImpl.java:lambda$checkLeadership$15(978)) - Follower a8a586c2-f99e-4cfe-9d52-03ddcdbedb28@group-8550D68C7491->e8e4a09d-b55f-46fb-afd1-8638ca612560(c-1,m0,n3, attendVote=true, lastRpcSendTime=583, lastRpcResponseTime=21005)
2021-11-25 02:28:56,116 [a8a586c2-f99e-4cfe-9d52-03ddcdbedb28@group-8550D68C7491-LeaderStateImpl] WARN  server.RaftServer$Division (LeaderStateImpl.java:lambda$checkLeadership$15(978)) - Follower a8a586c2-f99e-4cfe-9d52-03ddcdbedb28@group-8550D68C7491->7b8694ed-f626-45d7-ad92-ba79cd2bf69c(c2,m2,n2, attendVote=true, lastRpcSendTime=1774, lastRpcResponseTime=5489)
2021-11-25 02:28:56,116 [a8a586c2-f99e-4cfe-9d52-03ddcdbedb28@group-8550D68C7491-LeaderStateImpl] INFO  server.RaftServer$Division (RaftServerImpl.java:setRole(290)) - a8a586c2-f99e-4cfe-9d52-03ddcdbedb28@group-8550D68C7491: changes role from    LEADER to FOLLOWER at term 7 for StepDownReason:LOST_MAJORITY_HEARTBEATS
2021-11-25 02:28:56,116 [a8a586c2-f99e-4cfe-9d52-03ddcdbedb28@group-8550D68C7491-LeaderStateImpl] INFO  impl.RoleInfo (RoleInfo.java:shutdownLeaderState(91)) - a8a586c2-f99e-4cfe-9d52-03ddcdbedb28: shutdown a8a586c2-f99e-4cfe-9d52-03ddcdbedb28@group-8550D68C7491-LeaderStateImpl
2021-11-25 02:28:56,116 [a8a586c2-f99e-4cfe-9d52-03ddcdbedb28@group-8550D68C7491-LeaderStateImpl] INFO  impl.PendingRequests (PendingRequests.java:sendNotLeaderResponses(282)) - a8a586c2-f99e-4cfe-9d52-03ddcdbedb28@group-8550D68C7491-PendingRequests: sendNotLeaderResponses
2021-11-25 02:28:56,117 [a8a586c2-f99e-4cfe-9d52-03ddcdbedb28@group-8550D68C7491-LeaderStateImpl] INFO  impl.RoleInfo (RoleInfo.java:updateAndGet(130)) - a8a586c2-f99e-4cfe-9d52-03ddcdbedb28: start a8a586c2-f99e-4cfe-9d52-03ddcdbedb28@group-8550D68C7491-FollowerState
2021-11-25 02:28:56,129 [a8a586c2-f99e-4cfe-9d52-03ddcdbedb28@group-8550D68C7491->7b8694ed-f626-45d7-ad92-ba79cd2bf69c-GrpcLogAppender-LogAppenderDaemon] WARN  server.GrpcLogAppender (GrpcLogAppender.java:mayWait(177)) - a8a586c2-f99e-4cfe-9d52-03ddcdbedb28@group-8550D68C7491->7b8694ed-f626-45d7-ad92-ba79cd2bf69c-GrpcLogAppender: Wait interrupted by java.lang.InterruptedException
2021-11-25 02:28:59,602 [270b4571-6830-404f-969d-140ad9dcfc29@group-7B4FBFA5AF04-FollowerState] INFO  impl.FollowerState (FollowerState.java:run(134)) - 270b4571-6830-404f-969d-140ad9dcfc29@group-7B4FBFA5AF04-FollowerState: change to CANDIDATE, lastRpcElapsedTime:10020510678ns, electionTimeout:5029ms
2021-11-25 02:28:59,602 [270b4571-6830-404f-969d-140ad9dcfc29@group-7B4FBFA5AF04-FollowerState] INFO  impl.RoleInfo (RoleInfo.java:shutdownFollowerState(108)) - 270b4571-6830-404f-969d-140ad9dcfc29: shutdown 270b4571-6830-404f-969d-140ad9dcfc29@group-7B4FBFA5AF04-FollowerState
2021-11-25 02:28:59,602 [270b4571-6830-404f-969d-140ad9dcfc29@group-7B4FBFA5AF04-FollowerState] INFO  server.RaftServer$Division (RaftServerImpl.java:setRole(290)) - 270b4571-6830-404f-969d-140ad9dcfc29@group-7B4FBFA5AF04: changes role from  FOLLOWER to CANDIDATE at term 8 for changeToCandidate
2021-11-25 02:28:59,602 [270b4571-6830-404f-969d-140ad9dcfc29@group-7B4FBFA5AF04-FollowerState] INFO  server.RaftServerConfigKeys (ConfUtils.java:logGet(44)) - raft.server.leaderelection.pre-vote = false (custom)
2021-11-25 02:28:59,602 [270b4571-6830-404f-969d-140ad9dcfc29@group-7B4FBFA5AF04-FollowerState] INFO  impl.RoleInfo (RoleInfo.java:updateAndGet(130)) - 270b4571-6830-404f-969d-140ad9dcfc29: start 270b4571-6830-404f-969d-140ad9dcfc29@group-7B4FBFA5AF04-LeaderElection68
2021-11-25 02:28:59,614 [270b4571-6830-404f-969d-140ad9dcfc29@group-7B4FBFA5AF04-LeaderElection68] INFO  server.RaftServer$Division (ServerState.java:setLeader(285)) - 270b4571-6830-404f-969d-140ad9dcfc29@group-7B4FBFA5AF04: change Leader from 85323f18-cee6-4044-8995-00f3d4f90ee3 to null at term 8 for ELECTION
2021-11-25 02:28:59,617 [270b4571-6830-404f-969d-140ad9dcfc29@group-7B4FBFA5AF04-LeaderElection68] INFO  impl.LeaderElection (LeaderElection.java:askForVotes(306)) - 270b4571-6830-404f-969d-140ad9dcfc29@group-7B4FBFA5AF04-LeaderElection68 ELECTION round 0: submit vote requests at term 9 for 1: [270b4571-6830-404f-969d-140ad9dcfc29|rpc:10.1.0.13:46697|dataStream:|priority:0, 85323f18-cee6-4044-8995-00f3d4f90ee3|rpc:10.1.0.13:44439|dataStream:|priority:1, e244018c-c6e8-4e9d-8a67-72ce71f64a2e|rpc:10.1.0.13:35819|dataStream:|priority:0], old=null
2021-11-25 02:28:59,649 [270b4571-6830-404f-969d-140ad9dcfc29@group-7B4FBFA5AF04-LeaderElection68] INFO  impl.LeaderElection (LogUtils.java:infoOrTrace(137)) - 270b4571-6830-404f-969d-140ad9dcfc29@group-7B4FBFA5AF04-LeaderElection68 got exception when requesting votes: java.util.concurrent.ExecutionException: org.apache.ratis.thirdparty.io.grpc.StatusRuntimeException: UNAVAILABLE: io exception
2021-11-25 02:28:59,651 [grpc-default-executor-1] INFO  server.RaftServer$Division (RaftServerImpl.java:requestVote(1046)) - e244018c-c6e8-4e9d-8a67-72ce71f64a2e@group-7B4FBFA5AF04: receive requestVote(ELECTION, 270b4571-6830-404f-969d-140ad9dcfc29, group-7B4FBFA5AF04, 9, (t:8, i:2))
2021-11-25 02:28:59,652 [grpc-default-executor-1] INFO  impl.VoteContext (VoteContext.java:log(48)) - e244018c-c6e8-4e9d-8a67-72ce71f64a2e@group-7B4FBFA5AF04-FOLLOWER: accept ELECTION from 270b4571-6830-404f-969d-140ad9dcfc29: our priority 0 <= candidate's priority 0
2021-11-25 02:28:59,652 [grpc-default-executor-1] INFO  server.RaftServer$Division (ServerState.java:setLeader(285)) - e244018c-c6e8-4e9d-8a67-72ce71f64a2e@group-7B4FBFA5AF04: change Leader from 85323f18-cee6-4044-8995-00f3d4f90ee3 to null at term 9 for updateCurrentTerm
2021-11-25 02:28:59,652 [grpc-default-executor-1] INFO  server.RaftServer$Division (RaftServerImpl.java:setRole(290)) - e244018c-c6e8-4e9d-8a67-72ce71f64a2e@group-7B4FBFA5AF04: changes role from  FOLLOWER to FOLLOWER at term 9 for candidate:270b4571-6830-404f-969d-140ad9dcfc29
2021-11-25 02:28:59,652 [grpc-default-executor-1] INFO  impl.RoleInfo (RoleInfo.java:shutdownFollowerState(108)) - e244018c-c6e8-4e9d-8a67-72ce71f64a2e: shutdown e244018c-c6e8-4e9d-8a67-72ce71f64a2e@group-7B4FBFA5AF04-FollowerState
2021-11-25 02:28:59,652 [grpc-default-executor-1] INFO  impl.RoleInfo (RoleInfo.java:updateAndGet(130)) - e244018c-c6e8-4e9d-8a67-72ce71f64a2e: start e244018c-c6e8-4e9d-8a67-72ce71f64a2e@group-7B4FBFA5AF04-FollowerState
2021-11-25 02:28:59,652 [e244018c-c6e8-4e9d-8a67-72ce71f64a2e@group-7B4FBFA5AF04-FollowerState] INFO  impl.FollowerState (FollowerState.java:run(143)) - e244018c-c6e8-4e9d-8a67-72ce71f64a2e@group-7B4FBFA5AF04-FollowerState was interrupted: {}
java.lang.InterruptedException: sleep interrupted
	at java.lang.Thread.sleep(Native Method)
	at java.lang.Thread.sleep(Thread.java:340)
	at java.util.concurrent.TimeUnit.sleep(TimeUnit.java:386)
	at org.apache.ratis.util.TimeDuration.sleep(TimeDuration.java:324)
	at org.apache.ratis.util.TimeDuration.sleep(TimeDuration.java:309)
	at org.apache.ratis.server.impl.FollowerState.run(FollowerState.java:118)
2021-11-25 02:28:59,673 [grpc-default-executor-1] INFO  server.RaftServer$Division (RaftServerImpl.java:requestVote(1078)) - e244018c-c6e8-4e9d-8a67-72ce71f64a2e@group-7B4FBFA5AF04 replies to ELECTION vote request: 270b4571-6830-404f-969d-140ad9dcfc29<-e244018c-c6e8-4e9d-8a67-72ce71f64a2e#0:OK-t9. Peer's state: e244018c-c6e8-4e9d-8a67-72ce71f64a2e@group-7B4FBFA5AF04:t9, leader=null, voted=270b4571-6830-404f-969d-140ad9dcfc29, raftlog=e244018c-c6e8-4e9d-8a67-72ce71f64a2e@group-7B4FBFA5AF04-SegmentedRaftLog:OPENED:c2, conf=1: [270b4571-6830-404f-969d-140ad9dcfc29|rpc:10.1.0.13:46697|dataStream:|priority:0, 85323f18-cee6-4044-8995-00f3d4f90ee3|rpc:10.1.0.13:44439|dataStream:|priority:1, e244018c-c6e8-4e9d-8a67-72ce71f64a2e|rpc:10.1.0.13:35819|dataStream:|priority:0], old=null
2021-11-25 02:28:59,675 [270b4571-6830-404f-969d-140ad9dcfc29@group-7B4FBFA5AF04-LeaderElection68] INFO  impl.LeaderElection (LeaderElection.java:logAndReturn(89)) - 270b4571-6830-404f-969d-140ad9dcfc29@group-7B4FBFA5AF04-LeaderElection68: ELECTION PASSED received 1 response(s) and 1 exception(s):
2021-11-25 02:28:59,675 [270b4571-6830-404f-969d-140ad9dcfc29@group-7B4FBFA5AF04-LeaderElection68] INFO  impl.LeaderElection (LeaderElection.java:logAndReturn(93)) -   Response 0: 270b4571-6830-404f-969d-140ad9dcfc29<-e244018c-c6e8-4e9d-8a67-72ce71f64a2e#0:OK-t9
2021-11-25 02:28:59,675 [270b4571-6830-404f-969d-140ad9dcfc29@group-7B4FBFA5AF04-LeaderElection68] INFO  impl.LeaderElection (LogUtils.java:infoOrTrace(137)) -   Exception 1: java.util.concurrent.ExecutionException: org.apache.ratis.thirdparty.io.grpc.StatusRuntimeException: UNAVAILABLE: io exception
2021-11-25 02:28:59,675 [270b4571-6830-404f-969d-140ad9dcfc29@group-7B4FBFA5AF04-LeaderElection68] INFO  impl.LeaderElection (LeaderElection.java:askForVotes(308)) - 270b4571-6830-404f-969d-140ad9dcfc29@group-7B4FBFA5AF04-LeaderElection68 ELECTION round 0: result PASSED
2021-11-25 02:28:59,675 [270b4571-6830-404f-969d-140ad9dcfc29@group-7B4FBFA5AF04-LeaderElection68] INFO  impl.RoleInfo (RoleInfo.java:shutdownLeaderElection(121)) - 270b4571-6830-404f-969d-140ad9dcfc29: shutdown 270b4571-6830-404f-969d-140ad9dcfc29@group-7B4FBFA5AF04-LeaderElection68
2021-11-25 02:28:59,675 [270b4571-6830-404f-969d-140ad9dcfc29@group-7B4FBFA5AF04-LeaderElection68] INFO  server.RaftServer$Division (RaftServerImpl.java:setRole(290)) - 270b4571-6830-404f-969d-140ad9dcfc29@group-7B4FBFA5AF04: changes role from CANDIDATE to LEADER at term 9 for changeToLeader
2021-11-25 02:28:59,675 [270b4571-6830-404f-969d-140ad9dcfc29@group-7B4FBFA5AF04-LeaderElection68] INFO  ratis.XceiverServerRatis (XceiverServerRatis.java:handleLeaderChangedNotification(866)) - Leader change notification received for group: group-7B4FBFA5AF04 with new leaderId: 270b4571-6830-404f-969d-140ad9dcfc29
2021-11-25 02:28:59,675 [270b4571-6830-404f-969d-140ad9dcfc29@group-7B4FBFA5AF04-LeaderElection68] INFO  server.RaftServer$Division (ServerState.java:setLeader(285)) - 270b4571-6830-404f-969d-140ad9dcfc29@group-7B4FBFA5AF04: change Leader from null to 270b4571-6830-404f-969d-140ad9dcfc29 at term 9 for becomeLeader, leader elected after 60ms
2021-11-25 02:28:59,675 [270b4571-6830-404f-969d-140ad9dcfc29@group-7B4FBFA5AF04-LeaderElection68] INFO  server.RaftServerConfigKeys (ConfUtils.java:logGet(44)) - raft.server.staging.catchup.gap = 1000 (default)
2021-11-25 02:28:59,675 [270b4571-6830-404f-969d-140ad9dcfc29@group-7B4FBFA5AF04-LeaderElection68] INFO  server.RaftServerConfigKeys (ConfUtils.java:logGet(44)) - raft.server.write.element-limit = 1024 (custom)
2021-11-25 02:28:59,675 [270b4571-6830-404f-969d-140ad9dcfc29@group-7B4FBFA5AF04-LeaderElection68] INFO  server.RaftServerConfigKeys (ConfUtils.java:logGet(44)) - raft.server.write.byte-limit = 1024 M (=1073741824) (custom)
2021-11-25 02:28:59,676 [270b4571-6830-404f-969d-140ad9dcfc29@group-7B4FBFA5AF04-LeaderElection68] INFO  server.RaftServerConfigKeys (ConfUtils.java:logGet(44)) - raft.server.watch.timeout = 3000ms (custom)
2021-11-25 02:28:59,676 [270b4571-6830-404f-969d-140ad9dcfc29@group-7B4FBFA5AF04-LeaderElection68] INFO  server.RaftServerConfigKeys (ConfUtils.java:logGet(44)) - raft.server.watch.timeout.denomination = 1s (default)
2021-11-25 02:28:59,676 [270b4571-6830-404f-969d-140ad9dcfc29@group-7B4FBFA5AF04-LeaderElection68] INFO  server.RaftServerConfigKeys (ConfUtils.java:logGet(44)) - raft.server.watch.element-limit = 65536 (default)
2021-11-25 02:28:59,676 [270b4571-6830-404f-969d-140ad9dcfc29@group-7B4FBFA5AF04-LeaderElection68] INFO  server.RaftServerConfigKeys (ConfUtils.java:logGet(44)) - raft.server.write.element-limit = 1024 (custom)
2021-11-25 02:28:59,676 [270b4571-6830-404f-969d-140ad9dcfc29@group-7B4FBFA5AF04-LeaderElection68] INFO  server.RaftServerConfigKeys (ConfUtils.java:logGet(44)) - raft.server.write.follower.gap.ratio.max = -1.0 (default)
2021-11-25 02:28:59,676 [270b4571-6830-404f-969d-140ad9dcfc29@group-7B4FBFA5AF04-LeaderElection68] INFO  server.RaftServerConfigKeys (ConfUtils.java:logGet(44)) - raft.server.log.appender.snapshot.chunk.size.max = 16MB (=16777216) (default)
2021-11-25 02:28:59,676 [270b4571-6830-404f-969d-140ad9dcfc29@group-7B4FBFA5AF04-LeaderElection68] INFO  server.RaftServerConfigKeys (ConfUtils.java:logGet(44)) - raft.server.log.appender.buffer.byte-limit = 33554432 (custom)
2021-11-25 02:28:59,676 [270b4571-6830-404f-969d-140ad9dcfc29@group-7B4FBFA5AF04-LeaderElection68] INFO  server.RaftServerConfigKeys (ConfUtils.java:logGet(44)) - raft.server.log.appender.buffer.element-limit = 1 (custom)
2021-11-25 02:28:59,676 [270b4571-6830-404f-969d-140ad9dcfc29@group-7B4FBFA5AF04-LeaderElection68] INFO  grpc.GrpcConfigKeys (ConfUtils.java:logGet(44)) - raft.grpc.server.leader.outstanding.appends.max = 128 (default)
2021-11-25 02:28:59,676 [270b4571-6830-404f-969d-140ad9dcfc29@group-7B4FBFA5AF04-LeaderElection68] INFO  server.RaftServerConfigKeys (ConfUtils.java:logGet(44)) - raft.server.rpc.request.timeout = 3000ms (default)
2021-11-25 02:28:59,676 [270b4571-6830-404f-969d-140ad9dcfc29@group-7B4FBFA5AF04-LeaderElection68] INFO  server.RaftServerConfigKeys (ConfUtils.java:logGet(44)) - raft.server.log.appender.install.snapshot.enabled = false (custom)
2021-11-25 02:28:59,677 [270b4571-6830-404f-969d-140ad9dcfc29@group-7B4FBFA5AF04-LeaderElection68] INFO  server.RaftServerConfigKeys (ConfUtils.java:logGet(44)) - raft.server.log.appender.snapshot.chunk.size.max = 16MB (=16777216) (default)
2021-11-25 02:28:59,679 [270b4571-6830-404f-969d-140ad9dcfc29@group-7B4FBFA5AF04-LeaderElection68] INFO  server.RaftServerConfigKeys (ConfUtils.java:logGet(44)) - raft.server.log.appender.buffer.byte-limit = 33554432 (custom)
2021-11-25 02:28:59,679 [270b4571-6830-404f-969d-140ad9dcfc29@group-7B4FBFA5AF04-LeaderElection68] INFO  server.RaftServerConfigKeys (ConfUtils.java:logGet(44)) - raft.server.log.appender.buffer.element-limit = 1 (custom)
2021-11-25 02:28:59,687 [270b4571-6830-404f-969d-140ad9dcfc29@group-7B4FBFA5AF04-LeaderElection68] INFO  grpc.GrpcConfigKeys (ConfUtils.java:logGet(44)) - raft.grpc.server.leader.outstanding.appends.max = 128 (default)
2021-11-25 02:28:59,688 [270b4571-6830-404f-969d-140ad9dcfc29@group-7B4FBFA5AF04-LeaderElection68] INFO  server.RaftServerConfigKeys (ConfUtils.java:logGet(44)) - raft.server.rpc.request.timeout = 3000ms (default)
2021-11-25 02:28:59,688 [270b4571-6830-404f-969d-140ad9dcfc29@group-7B4FBFA5AF04-LeaderElection68] INFO  server.RaftServerConfigKeys (ConfUtils.java:logGet(44)) - raft.server.log.appender.install.snapshot.enabled = false (custom)
2021-11-25 02:28:59,694 [270b4571-6830-404f-969d-140ad9dcfc29@group-7B4FBFA5AF04-LeaderElection68] INFO  impl.RoleInfo (RoleInfo.java:updateAndGet(130)) - 270b4571-6830-404f-969d-140ad9dcfc29: start 270b4571-6830-404f-969d-140ad9dcfc29@group-7B4FBFA5AF04-LeaderStateImpl
2021-11-25 02:28:59,697 [270b4571-6830-404f-969d-140ad9dcfc29@group-7B4FBFA5AF04-LeaderElection68] INFO  segmented.SegmentedRaftLogWorker (SegmentedRaftLogWorker.java:rollLogSegment(399)) - 270b4571-6830-404f-969d-140ad9dcfc29@group-7B4FBFA5AF04-SegmentedRaftLogWorker: Rolling segment log-1_2 to index:2
2021-11-25 02:28:59,697 [270b4571-6830-404f-969d-140ad9dcfc29@group-7B4FBFA5AF04-SegmentedRaftLogWorker] INFO  segmented.SegmentedRaftLogWorker (SegmentedRaftLogWorker.java:execute(558)) - 270b4571-6830-404f-969d-140ad9dcfc29@group-7B4FBFA5AF04-SegmentedRaftLogWorker: Rolled log segment from /home/runner/work/ozone/ozone/hadoop-ozone/integration-test/target/test-dir/MiniOzoneClusterImpl-bf1a4df1-220d-4f19-a3f2-d6f00535f443/datanode-8/data/ratis/700eb4dc-98a2-4baa-8b7d-7b4fbfa5af04/current/log_inprogress_1 to /home/runner/work/ozone/ozone/hadoop-ozone/integration-test/target/test-dir/MiniOzoneClusterImpl-bf1a4df1-220d-4f19-a3f2-d6f00535f443/datanode-8/data/ratis/700eb4dc-98a2-4baa-8b7d-7b4fbfa5af04/current/log_1-2
2021-11-25 02:28:59,699 [270b4571-6830-404f-969d-140ad9dcfc29@group-7B4FBFA5AF04-SegmentedRaftLogWorker] INFO  segmented.SegmentedRaftLogWorker (SegmentedRaftLogWorker.java:execute(601)) - 270b4571-6830-404f-969d-140ad9dcfc29@group-7B4FBFA5AF04-SegmentedRaftLogWorker: created new log segment /home/runner/work/ozone/ozone/hadoop-ozone/integration-test/target/test-dir/MiniOzoneClusterImpl-bf1a4df1-220d-4f19-a3f2-d6f00535f443/datanode-8/data/ratis/700eb4dc-98a2-4baa-8b7d-7b4fbfa5af04/current/log_inprogress_3
2021-11-25 02:28:59,716 [grpc-default-executor-0] INFO  ratis.XceiverServerRatis (XceiverServerRatis.java:handleLeaderChangedNotification(866)) - Leader change notification received for group: group-7B4FBFA5AF04 with new leaderId: 270b4571-6830-404f-969d-140ad9dcfc29
2021-11-25 02:28:59,716 [grpc-default-executor-0] INFO  server.RaftServer$Division (ServerState.java:setLeader(285)) - e244018c-c6e8-4e9d-8a67-72ce71f64a2e@group-7B4FBFA5AF04: change Leader from null to 270b4571-6830-404f-969d-140ad9dcfc29 at term 9 for appendEntries, leader elected after 64ms
2021-11-25 02:28:59,733 [270b4571-6830-404f-969d-140ad9dcfc29@group-7B4FBFA5AF04-LeaderElection68] INFO  server.RaftServer$Division (ServerState.java:setRaftConf(387)) - 270b4571-6830-404f-969d-140ad9dcfc29@group-7B4FBFA5AF04: set configuration 3: [270b4571-6830-404f-969d-140ad9dcfc29|rpc:10.1.0.13:46697|dataStream:|priority:0, 85323f18-cee6-4044-8995-00f3d4f90ee3|rpc:10.1.0.13:44439|dataStream:|priority:1, e244018c-c6e8-4e9d-8a67-72ce71f64a2e|rpc:10.1.0.13:35819|dataStream:|priority:0], old=null
2021-11-25 02:28:59,734 [grpc-default-executor-0] INFO  server.RaftServer$Division (ServerState.java:setRaftConf(387)) - e244018c-c6e8-4e9d-8a67-72ce71f64a2e@group-7B4FBFA5AF04: set configuration 3: [270b4571-6830-404f-969d-140ad9dcfc29|rpc:10.1.0.13:46697|dataStream:|priority:0, 85323f18-cee6-4044-8995-00f3d4f90ee3|rpc:10.1.0.13:44439|dataStream:|priority:1, e244018c-c6e8-4e9d-8a67-72ce71f64a2e|rpc:10.1.0.13:35819|dataStream:|priority:0], old=null
2021-11-25 02:28:59,734 [grpc-default-executor-0] INFO  segmented.SegmentedRaftLogWorker (SegmentedRaftLogWorker.java:rollLogSegment(399)) - e244018c-c6e8-4e9d-8a67-72ce71f64a2e@group-7B4FBFA5AF04-SegmentedRaftLogWorker: Rolling segment log-1_2 to index:2
2021-11-25 02:28:59,735 [grpc-default-executor-1] WARN  server.GrpcLogAppender (LogUtils.java:warn(122)) - 270b4571-6830-404f-969d-140ad9dcfc29@group-7B4FBFA5AF04->85323f18-cee6-4044-8995-00f3d4f90ee3-AppendLogResponseHandler: Failed appendEntries: org.apache.ratis.thirdparty.io.grpc.StatusRuntimeException: UNAVAILABLE: io exception
2021-11-25 02:28:59,738 [grpc-default-executor-1] WARN  server.GrpcLogAppender (GrpcLogAppender.java:resetClient(110)) - 270b4571-6830-404f-969d-140ad9dcfc29@group-7B4FBFA5AF04->85323f18-cee6-4044-8995-00f3d4f90ee3-GrpcLogAppender: Leader has not got in touch with Follower 270b4571-6830-404f-969d-140ad9dcfc29@group-7B4FBFA5AF04->85323f18-cee6-4044-8995-00f3d4f90ee3(c-1,m0,n4, attendVote=true, lastRpcSendTime=3, lastRpcResponseTime=5261) yet, just keep nextIndex unchanged and retry.
2021-11-25 02:28:59,738 [e244018c-c6e8-4e9d-8a67-72ce71f64a2e@group-7B4FBFA5AF04-SegmentedRaftLogWorker] INFO  segmented.SegmentedRaftLogWorker (SegmentedRaftLogWorker.java:execute(558)) - e244018c-c6e8-4e9d-8a67-72ce71f64a2e@group-7B4FBFA5AF04-SegmentedRaftLogWorker: Rolled log segment from /home/runner/work/ozone/ozone/hadoop-ozone/integration-test/target/test-dir/MiniOzoneClusterImpl-bf1a4df1-220d-4f19-a3f2-d6f00535f443/datanode-6/data/ratis/700eb4dc-98a2-4baa-8b7d-7b4fbfa5af04/current/log_inprogress_1 to /home/runner/work/ozone/ozone/hadoop-ozone/integration-test/target/test-dir/MiniOzoneClusterImpl-bf1a4df1-220d-4f19-a3f2-d6f00535f443/datanode-6/data/ratis/700eb4dc-98a2-4baa-8b7d-7b4fbfa5af04/current/log_1-2
2021-11-25 02:28:59,745 [e244018c-c6e8-4e9d-8a67-72ce71f64a2e@group-7B4FBFA5AF04-SegmentedRaftLogWorker] INFO  segmented.SegmentedRaftLogWorker (SegmentedRaftLogWorker.java:execute(601)) - e244018c-c6e8-4e9d-8a67-72ce71f64a2e@group-7B4FBFA5AF04-SegmentedRaftLogWorker: created new log segment /home/runner/work/ozone/ozone/hadoop-ozone/integration-test/target/test-dir/MiniOzoneClusterImpl-bf1a4df1-220d-4f19-a3f2-d6f00535f443/datanode-6/data/ratis/700eb4dc-98a2-4baa-8b7d-7b4fbfa5af04/current/log_inprogress_3
2021-11-25 02:28:59,802 [Listener at 127.0.0.1/44827] INFO  ozoneimpl.OzoneContainer (OzoneContainer.java:stop(325)) - Attempting to stop container services.
2021-11-25 02:28:59,810 [Listener at 127.0.0.1/44827] INFO  server.RaftServer (RaftServerProxy.java:lambda$close$6(391)) - 270b4571-6830-404f-969d-140ad9dcfc29: close
2021-11-25 02:28:59,810 [Listener at 127.0.0.1/44827] INFO  server.RaftServer$Division (RaftServerImpl.java:lambda$close$4(412)) - 270b4571-6830-404f-969d-140ad9dcfc29@group-9FEE27C1B290: shutdown
2021-11-25 02:28:59,810 [Listener at 127.0.0.1/44827] INFO  util.JmxRegister (JmxRegister.java:unregister(73)) - Successfully un-registered JMX Bean with object name Ratis:service=RaftServer,group=group-9FEE27C1B290,id=270b4571-6830-404f-969d-140ad9dcfc29
2021-11-25 02:28:59,810 [Listener at 127.0.0.1/44827] INFO  impl.RoleInfo (RoleInfo.java:shutdownLeaderState(91)) - 270b4571-6830-404f-969d-140ad9dcfc29: shutdown 270b4571-6830-404f-969d-140ad9dcfc29@group-9FEE27C1B290-LeaderStateImpl
2021-11-25 02:28:59,811 [Listener at 127.0.0.1/44827] INFO  impl.PendingRequests (PendingRequests.java:sendNotLeaderResponses(282)) - 270b4571-6830-404f-969d-140ad9dcfc29@group-9FEE27C1B290-PendingRequests: sendNotLeaderResponses
2021-11-25 02:28:59,811 [Listener at 127.0.0.1/44827] INFO  impl.StateMachineUpdater (StateMachineUpdater.java:stopAndJoin(149)) - 270b4571-6830-404f-969d-140ad9dcfc29@group-9FEE27C1B290-StateMachineUpdater: set stopIndex = 0
2021-11-25 02:28:59,814 [270b4571-6830-404f-969d-140ad9dcfc29@group-9FEE27C1B290-StateMachineUpdater] INFO  ratis.ContainerStateMachine (ContainerStateMachine.java:takeSnapshot(292)) - group-9FEE27C1B290: Taking a snapshot at:(t:1, i:0) file /home/runner/work/ozone/ozone/hadoop-ozone/integration-test/target/test-dir/MiniOzoneClusterImpl-bf1a4df1-220d-4f19-a3f2-d6f00535f443/datanode-8/data/ratis/7a48c42b-f28c-4c78-97fe-9fee27c1b290/sm/snapshot.1_0
2021-11-25 02:28:59,815 [270b4571-6830-404f-969d-140ad9dcfc29@group-9FEE27C1B290-StateMachineUpdater] INFO  ratis.ContainerStateMachine (ContainerStateMachine.java:takeSnapshot(303)) - group-9FEE27C1B290: Finished taking a snapshot at:(t:1, i:0) file:/home/runner/work/ozone/ozone/hadoop-ozone/integration-test/target/test-dir/MiniOzoneClusterImpl-bf1a4df1-220d-4f19-a3f2-d6f00535f443/datanode-8/data/ratis/7a48c42b-f28c-4c78-97fe-9fee27c1b290/sm/snapshot.1_0 took: 1 ms
2021-11-25 02:28:59,815 [270b4571-6830-404f-969d-140ad9dcfc29@group-9FEE27C1B290-StateMachineUpdater] INFO  impl.StateMachineUpdater (StateMachineUpdater.java:takeSnapshot(281)) - 270b4571-6830-404f-969d-140ad9dcfc29@group-9FEE27C1B290-StateMachineUpdater: Took a snapshot at index 0
2021-11-25 02:28:59,815 [270b4571-6830-404f-969d-140ad9dcfc29@group-9FEE27C1B290-StateMachineUpdater] INFO  impl.StateMachineUpdater (StateMachineUpdater.java:lambda$new$0(89)) - 270b4571-6830-404f-969d-140ad9dcfc29@group-9FEE27C1B290-StateMachineUpdater: snapshotIndex: updateIncreasingly -1 -> 0
2021-11-25 02:28:59,816 [Listener at 127.0.0.1/44827] INFO  server.RaftServer$Division (ServerState.java:close(419)) - 270b4571-6830-404f-969d-140ad9dcfc29@group-9FEE27C1B290: closes. applyIndex: 0
2021-11-25 02:28:59,816 [grpc-default-executor-1] WARN  server.GrpcLogAppender (LogUtils.java:warn(122)) - 270b4571-6830-404f-969d-140ad9dcfc29@group-7B4FBFA5AF04->85323f18-cee6-4044-8995-00f3d4f90ee3-AppendLogResponseHandler: Failed appendEntries: org.apache.ratis.thirdparty.io.grpc.StatusRuntimeException: UNAVAILABLE: io exception
2021-11-25 02:28:59,816 [grpc-default-executor-1] WARN  server.GrpcLogAppender (GrpcLogAppender.java:resetClient(110)) - 270b4571-6830-404f-969d-140ad9dcfc29@group-7B4FBFA5AF04->85323f18-cee6-4044-8995-00f3d4f90ee3-GrpcLogAppender: Leader has not got in touch with Follower 270b4571-6830-404f-969d-140ad9dcfc29@group-7B4FBFA5AF04->85323f18-cee6-4044-8995-00f3d4f90ee3(c-1,m0,n5, attendVote=true, lastRpcSendTime=0, lastRpcResponseTime=5340) yet, just keep nextIndex unchanged and retry.
2021-11-25 02:28:59,852 [EventQueue-StaleNodeForStaleNodeHandler] INFO  node.StaleNodeHandler (StaleNodeHandler.java:onMessage(58)) - Datanode e8e4a09d-b55f-46fb-afd1-8638ca612560{ip: 10.1.0.13, host: fv-az12-931.exdb2aeach2ezidoxz41lk3bwg.cx.internal.cloudapp.net, ports: [REPLICATION=36327, RATIS=42859, RATIS_ADMIN=42859, RATIS_SERVER=42859, STANDALONE=40621], networkLocation: /default-rack, certSerialId: null, persistedOpState: IN_SERVICE, persistedOpStateExpiryEpochSec: 0} moved to stale state. Finalizing its pipelines [PipelineID=488de05d-509c-436f-b5b5-064e13e4dc9e, PipelineID=d4289eb7-cbdd-466a-ac91-8550d68c7491]
2021-11-25 02:28:59,855 [EventQueue-StaleNodeForStaleNodeHandler] INFO  pipeline.PipelineManagerImpl (PipelineManagerImpl.java:closePipeline(349)) - Pipeline Pipeline[ Id: 488de05d-509c-436f-b5b5-064e13e4dc9e, Nodes: e8e4a09d-b55f-46fb-afd1-8638ca612560{ip: 10.1.0.13, host: fv-az12-931.exdb2aeach2ezidoxz41lk3bwg.cx.internal.cloudapp.net, ports: [REPLICATION=36327, RATIS=42859, RATIS_ADMIN=42859, RATIS_SERVER=42859, STANDALONE=40621], networkLocation: /default-rack, certSerialId: null, persistedOpState: IN_SERVICE, persistedOpStateExpiryEpochSec: 0}, ReplicationConfig: RATIS/ONE, State:OPEN, leaderId:e8e4a09d-b55f-46fb-afd1-8638ca612560, CreationTimestamp2021-11-25T02:27:51.992Z[Etc/UTC]] moved to CLOSED state
2021-11-25 02:28:59,856 [EventQueue-StaleNodeForStaleNodeHandler] INFO  pipeline.PipelineManagerImpl (PipelineManagerImpl.java:closePipeline(349)) - Pipeline Pipeline[ Id: d4289eb7-cbdd-466a-ac91-8550d68c7491, Nodes: 7b8694ed-f626-45d7-ad92-ba79cd2bf69c{ip: 10.1.0.13, host: fv-az12-931.exdb2aeach2ezidoxz41lk3bwg.cx.internal.cloudapp.net, ports: [REPLICATION=42223, RATIS=33171, RATIS_ADMIN=33171, RATIS_SERVER=33171, STANDALONE=39971], networkLocation: /default-rack, certSerialId: null, persistedOpState: IN_SERVICE, persistedOpStateExpiryEpochSec: 0}a8a586c2-f99e-4cfe-9d52-03ddcdbedb28{ip: 10.1.0.13, host: fv-az12-931.exdb2aeach2ezidoxz41lk3bwg.cx.internal.cloudapp.net, ports: [REPLICATION=38601, RATIS=36737, RATIS_ADMIN=36737, RATIS_SERVER=36737, STANDALONE=38157], networkLocation: /default-rack, certSerialId: null, persistedOpState: IN_SERVICE, persistedOpStateExpiryEpochSec: 0}e8e4a09d-b55f-46fb-afd1-8638ca612560{ip: 10.1.0.13, host: fv-az12-931.exdb2aeach2ezidoxz41lk3bwg.cx.internal.cloudapp.net, ports: [REPLICATION=36327, RATIS=42859, RATIS_ADMIN=42859, RATIS_SERVER=42859, STANDALONE=40621], networkLocation: /default-rack, certSerialId: null, persistedOpState: IN_SERVICE, persistedOpStateExpiryEpochSec: 0}, ReplicationConfig: RATIS/THREE, State:OPEN, leaderId:a8a586c2-f99e-4cfe-9d52-03ddcdbedb28, CreationTimestamp2021-11-25T02:27:51.998Z[Etc/UTC]] moved to CLOSED state
2021-11-25 02:28:59,861 [270b4571-6830-404f-969d-140ad9dcfc29@group-9FEE27C1B290-SegmentedRaftLogWorker] INFO  segmented.SegmentedRaftLogWorker (SegmentedRaftLogWorker.java:run(327)) - 270b4571-6830-404f-969d-140ad9dcfc29@group-9FEE27C1B290-SegmentedRaftLogWorker was interrupted, exiting. There are 0 tasks remaining in the queue.
2021-11-25 02:28:59,865 [Listener at 127.0.0.1/44827] INFO  segmented.SegmentedRaftLogWorker (SegmentedRaftLogWorker.java:close(237)) - 270b4571-6830-404f-969d-140ad9dcfc29@group-9FEE27C1B290-SegmentedRaftLogWorker close()
2021-11-25 02:28:59,866 [Listener at 127.0.0.1/44827] INFO  server.RaftServer$Division (RaftServerImpl.java:lambda$close$4(412)) - 270b4571-6830-404f-969d-140ad9dcfc29@group-7B4FBFA5AF04: shutdown
2021-11-25 02:28:59,866 [Listener at 127.0.0.1/44827] INFO  util.JmxRegister (JmxRegister.java:unregister(73)) - Successfully un-registered JMX Bean with object name Ratis:service=RaftServer,group=group-7B4FBFA5AF04,id=270b4571-6830-404f-969d-140ad9dcfc29
2021-11-25 02:28:59,866 [Listener at 127.0.0.1/44827] INFO  impl.RoleInfo (RoleInfo.java:shutdownLeaderState(91)) - 270b4571-6830-404f-969d-140ad9dcfc29: shutdown 270b4571-6830-404f-969d-140ad9dcfc29@group-7B4FBFA5AF04-LeaderStateImpl
2021-11-25 02:28:59,866 [Listener at 127.0.0.1/44827] INFO  impl.PendingRequests (PendingRequests.java:sendNotLeaderResponses(282)) - 270b4571-6830-404f-969d-140ad9dcfc29@group-7B4FBFA5AF04-PendingRequests: sendNotLeaderResponses
2021-11-25 02:28:59,868 [Listener at 127.0.0.1/44827] INFO  impl.StateMachineUpdater (StateMachineUpdater.java:stopAndJoin(149)) - 270b4571-6830-404f-969d-140ad9dcfc29@group-7B4FBFA5AF04-StateMachineUpdater: set stopIndex = 3
2021-11-25 02:28:59,869 [270b4571-6830-404f-969d-140ad9dcfc29@group-7B4FBFA5AF04-StateMachineUpdater] INFO  ratis.ContainerStateMachine (ContainerStateMachine.java:takeSnapshot(292)) - group-7B4FBFA5AF04: Taking a snapshot at:(t:9, i:3) file /home/runner/work/ozone/ozone/hadoop-ozone/integration-test/target/test-dir/MiniOzoneClusterImpl-bf1a4df1-220d-4f19-a3f2-d6f00535f443/datanode-8/data/ratis/700eb4dc-98a2-4baa-8b7d-7b4fbfa5af04/sm/snapshot.9_3
2021-11-25 02:28:59,870 [270b4571-6830-404f-969d-140ad9dcfc29@group-7B4FBFA5AF04-StateMachineUpdater] INFO  ratis.ContainerStateMachine (ContainerStateMachine.java:takeSnapshot(303)) - group-7B4FBFA5AF04: Finished taking a snapshot at:(t:9, i:3) file:/home/runner/work/ozone/ozone/hadoop-ozone/integration-test/target/test-dir/MiniOzoneClusterImpl-bf1a4df1-220d-4f19-a3f2-d6f00535f443/datanode-8/data/ratis/700eb4dc-98a2-4baa-8b7d-7b4fbfa5af04/sm/snapshot.9_3 took: 1 ms
2021-11-25 02:28:59,870 [270b4571-6830-404f-969d-140ad9dcfc29@group-7B4FBFA5AF04-StateMachineUpdater] INFO  impl.StateMachineUpdater (StateMachineUpdater.java:takeSnapshot(281)) - 270b4571-6830-404f-969d-140ad9dcfc29@group-7B4FBFA5AF04-StateMachineUpdater: Took a snapshot at index 3
2021-11-25 02:28:59,870 [270b4571-6830-404f-969d-140ad9dcfc29@group-7B4FBFA5AF04-StateMachineUpdater] INFO  impl.StateMachineUpdater (StateMachineUpdater.java:lambda$new$0(89)) - 270b4571-6830-404f-969d-140ad9dcfc29@group-7B4FBFA5AF04-StateMachineUpdater: snapshotIndex: updateIncreasingly -1 -> 3
2021-11-25 02:28:59,870 [Listener at 127.0.0.1/44827] INFO  server.RaftServer$Division (ServerState.java:close(419)) - 270b4571-6830-404f-969d-140ad9dcfc29@group-7B4FBFA5AF04: closes. applyIndex: 3
2021-11-25 02:28:59,871 [270b4571-6830-404f-969d-140ad9dcfc29@group-7B4FBFA5AF04-SegmentedRaftLogWorker] INFO  segmented.SegmentedRaftLogWorker (SegmentedRaftLogWorker.java:run(327)) - 270b4571-6830-404f-969d-140ad9dcfc29@group-7B4FBFA5AF04-SegmentedRaftLogWorker was interrupted, exiting. There are 0 tasks remaining in the queue.
2021-11-25 02:28:59,872 [270b4571-6830-404f-969d-140ad9dcfc29@group-7B4FBFA5AF04->e244018c-c6e8-4e9d-8a67-72ce71f64a2e-GrpcLogAppender-LogAppenderDaemon] WARN  server.GrpcLogAppender (GrpcLogAppender.java:mayWait(177)) - 270b4571-6830-404f-969d-140ad9dcfc29@group-7B4FBFA5AF04->e244018c-c6e8-4e9d-8a67-72ce71f64a2e-GrpcLogAppender: Wait interrupted by java.lang.InterruptedException
2021-11-25 02:28:59,872 [Listener at 127.0.0.1/44827] INFO  segmented.SegmentedRaftLogWorker (SegmentedRaftLogWorker.java:close(237)) - 270b4571-6830-404f-969d-140ad9dcfc29@group-7B4FBFA5AF04-SegmentedRaftLogWorker close()
2021-11-25 02:28:59,872 [Listener at 127.0.0.1/44827] INFO  server.GrpcService (GrpcService.java:closeImpl(262)) - 270b4571-6830-404f-969d-140ad9dcfc29: shutdown server with port 46697 now
2021-11-25 02:28:59,873 [grpc-default-executor-1] INFO  server.GrpcServerProtocolService (GrpcServerProtocolService.java:onCompleted(140)) - e244018c-c6e8-4e9d-8a67-72ce71f64a2e: Completed APPEND_ENTRIES, lastRequest: 270b4571-6830-404f-969d-140ad9dcfc29->e244018c-c6e8-4e9d-8a67-72ce71f64a2e#2-t9,previous=(t:9, i:3),leaderCommit=3,initializing? true,entries: size=1, first=(t:9, i:4), METADATAENTRY(c:3)
2021-11-25 02:28:59,873 [grpc-default-executor-0] INFO  server.GrpcLogAppender (GrpcLogAppender.java:onCompleted(346)) - 270b4571-6830-404f-969d-140ad9dcfc29@group-7B4FBFA5AF04->e244018c-c6e8-4e9d-8a67-72ce71f64a2e-AppendLogResponseHandler: follower responses appendEntries COMPLETED
2021-11-25 02:28:59,877 [Listener at 127.0.0.1/44827] INFO  server.GrpcService (GrpcService.java:closeImpl(271)) - 270b4571-6830-404f-969d-140ad9dcfc29: shutdown server with port 46697 successfully
2021-11-25 02:28:59,897 [org.apache.ratis.util.JvmPauseMonitor$$Lambda$533/113722330@2c79a2c3] INFO  util.JvmPauseMonitor (JvmPauseMonitor.java:run(109)) - JvmPauseMonitor-270b4571-6830-404f-969d-140ad9dcfc29: Stopped
2021-11-25 02:28:59,898 [Listener at 127.0.0.1/44827] INFO  utils.BackgroundService (BackgroundService.java:shutdown(132)) - Shutting down service BlockDeletingService
2021-11-25 02:28:59,897 [270b4571-6830-404f-969d-140ad9dcfc29@group-7B4FBFA5AF04->85323f18-cee6-4044-8995-00f3d4f90ee3-GrpcLogAppender-LogAppenderDaemon] ERROR leader.LogAppenderDaemon (LogAppenderDaemon.java:run(86)) - 270b4571-6830-404f-969d-140ad9dcfc29@group-7B4FBFA5AF04->85323f18-cee6-4044-8995-00f3d4f90ee3-GrpcLogAppender-LogAppenderDaemon failed
java.lang.IllegalArgumentException: 270b4571-6830-404f-969d-140ad9dcfc29@group-7B4FBFA5AF04-SegmentedRaftLog is expected to be opened but it is CLOSED
	at org.apache.ratis.util.OpenCloseState.assertOpen(OpenCloseState.java:63)
	at org.apache.ratis.server.raftlog.RaftLogBase.checkLogState(RaftLogBase.java:107)
	at org.apache.ratis.server.raftlog.segmented.SegmentedRaftLog.getTermIndex(SegmentedRaftLog.java:322)
	at org.apache.ratis.server.leader.LogAppenderBase.getPrevious(LogAppenderBase.java:110)
	at org.apache.ratis.server.leader.LogAppenderBase.newAppendEntriesRequest(LogAppenderBase.java:128)
	at org.apache.ratis.grpc.server.GrpcLogAppender.appendLog(GrpcLogAppender.java:213)
	at org.apache.ratis.grpc.server.GrpcLogAppender.run(GrpcLogAppender.java:147)
	at org.apache.ratis.server.leader.LogAppenderDaemon.run(LogAppenderDaemon.java:77)
	at java.lang.Thread.run(Thread.java:748)
Caused by: org.apache.ratis.util.OpenCloseState$CloseTrace: Close 270b4571-6830-404f-969d-140ad9dcfc29@group-7B4FBFA5AF04-SegmentedRaftLog
	at org.apache.ratis.util.OpenCloseState.lambda$close$1(OpenCloseState.java:109)
	at java.util.concurrent.atomic.AtomicReference.getAndUpdate(AtomicReference.java:160)
	at org.apache.ratis.util.OpenCloseState.close(OpenCloseState.java:109)
	at org.apache.ratis.server.raftlog.RaftLogBase.close(RaftLogBase.java:356)
	at org.apache.ratis.server.raftlog.segmented.SegmentedRaftLog.close(SegmentedRaftLog.java:505)
	at org.apache.ratis.server.impl.ServerState.close(ServerState.java:421)
	at org.apache.ratis.server.impl.RaftServerImpl.lambda$close$4(RaftServerImpl.java:434)
	at org.apache.ratis.util.LifeCycle.lambda$checkStateAndClose$4(LifeCycle.java:299)
	at org.apache.ratis.util.LifeCycle.checkStateAndClose(LifeCycle.java:319)
	at org.apache.ratis.util.LifeCycle.checkStateAndClose(LifeCycle.java:297)
	at org.apache.ratis.server.impl.RaftServerImpl.close(RaftServerImpl.java:411)
	at org.apache.ratis.server.impl.RaftServerProxy$ImplMap.close(RaftServerProxy.java:129)
	at org.apache.ratis.server.impl.RaftServerProxy$ImplMap.lambda$close$0(RaftServerProxy.java:117)
	at java.util.stream.ForEachOps$ForEachOp$OfRef.accept(ForEachOps.java:183)
	at java.util.concurrent.ConcurrentHashMap$EntrySpliterator.forEachRemaining(ConcurrentHashMap.java:3606)
	at java.util.stream.AbstractPipeline.copyInto(AbstractPipeline.java:482)
	at java.util.stream.ForEachOps$ForEachTask.compute(ForEachOps.java:290)
	at java.util.concurrent.CountedCompleter.exec(CountedCompleter.java:731)
	at java.util.concurrent.ForkJoinTask.doExec(ForkJoinTask.java:289)
	at java.util.concurrent.ForkJoinPool.helpComplete(ForkJoinPool.java:1870)
	at java.util.concurrent.ForkJoinPool.externalHelpComplete(ForkJoinPool.java:2467)
	at java.util.concurrent.ForkJoinTask.externalAwaitDone(ForkJoinTask.java:324)
	at java.util.concurrent.ForkJoinTask.doInvoke(ForkJoinTask.java:405)
	at java.util.concurrent.ForkJoinTask.invoke(ForkJoinTask.java:734)
	at java.util.stream.ForEachOps$ForEachOp.evaluateParallel(ForEachOps.java:159)
	at java.util.stream.ForEachOps$ForEachOp$OfRef.evaluateParallel(ForEachOps.java:173)
	at java.util.stream.AbstractPipeline.evaluate(AbstractPipeline.java:233)
	at java.util.stream.ReferencePipeline.forEach(ReferencePipeline.java:485)
	at java.util.stream.ReferencePipeline$Head.forEach(ReferencePipeline.java:650)
	at org.apache.ratis.server.impl.RaftServerProxy$ImplMap.close(RaftServerProxy.java:117)
	at org.apache.ratis.server.impl.RaftServerProxy.lambda$close$6(RaftServerProxy.java:392)
	at org.apache.ratis.util.LifeCycle.lambda$checkStateAndClose$4(LifeCycle.java:299)
	at org.apache.ratis.util.LifeCycle.checkStateAndClose(LifeCycle.java:319)
	at org.apache.ratis.util.LifeCycle.checkStateAndClose(LifeCycle.java:297)
	at org.apache.ratis.server.impl.RaftServerProxy.close(RaftServerProxy.java:390)
	at org.apache.hadoop.ozone.container.common.transport.server.ratis.XceiverServerRatis.stop(XceiverServerRatis.java:516)
	at org.apache.hadoop.ozone.container.ozoneimpl.OzoneContainer.stop(OzoneContainer.java:328)
	at org.apache.hadoop.ozone.container.common.statemachine.DatanodeStateMachine.close(DatanodeStateMachine.java:380)
	at org.apache.hadoop.ozone.container.common.statemachine.DatanodeStateMachine.stopDaemon(DatanodeStateMachine.java:525)
	at org.apache.hadoop.ozone.HddsDatanodeService.stop(HddsDatanodeService.java:587)
	at org.apache.hadoop.ozone.MiniOzoneClusterImpl.stopDatanode(MiniOzoneClusterImpl.java:535)
	at java.util.stream.ForEachOps$ForEachOp$OfRef.accept(ForEachOps.java:183)
	at java.util.ArrayList$ArrayListSpliterator.forEachRemaining(ArrayList.java:1384)
	at java.util.stream.AbstractPipeline.copyInto(AbstractPipeline.java:482)
	at java.util.stream.ForEachOps$ForEachTask.compute(ForEachOps.java:290)
	at java.util.concurrent.CountedCompleter.exec(CountedCompleter.java:731)
	at java.util.concurrent.ForkJoinTask.doExec(ForkJoinTask.java:289)
	at java.util.concurrent.ForkJoinPool.helpComplete(ForkJoinPool.java:1870)
	at java.util.concurrent.ForkJoinPool.externalHelpComplete(ForkJoinPool.java:2467)
	at java.util.concurrent.ForkJoinTask.externalAwaitDone(ForkJoinTask.java:324)
	at java.util.concurrent.ForkJoinTask.doInvoke(ForkJoinTask.java:405)
	at java.util.concurrent.ForkJoinTask.invoke(ForkJoinTask.java:734)
	at java.util.stream.ForEachOps$ForEachOp.evaluateParallel(ForEachOps.java:159)
	at java.util.stream.ForEachOps$ForEachOp$OfRef.evaluateParallel(ForEachOps.java:173)
	at java.util.stream.AbstractPipeline.evaluate(AbstractPipeline.java:233)
	at java.util.stream.ReferencePipeline.forEach(ReferencePipeline.java:485)
	at java.util.stream.ReferencePipeline$Head.forEach(ReferencePipeline.java:650)
	at org.apache.hadoop.ozone.MiniOzoneClusterImpl.stopDatanodes(MiniOzoneClusterImpl.java:529)
	at org.apache.hadoop.ozone.MiniOzoneClusterImpl.stop(MiniOzoneClusterImpl.java:470)
	at org.apache.hadoop.ozone.MiniOzoneClusterImpl.shutdown(MiniOzoneClusterImpl.java:457)
	at org.apache.hadoop.ozone.client.rpc.TestWatchForCommit.shutdown(TestWatchForCommit.java:163)
	at sun.reflect.NativeMethodAccessorImpl.invoke0(Native Method)
	at sun.reflect.NativeMethodAccessorImpl.invoke(NativeMethodAccessorImpl.java:62)
	at sun.reflect.DelegatingMethodAccessorImpl.invoke(DelegatingMethodAccessorImpl.java:43)
	at java.lang.reflect.Method.invoke(Method.java:498)
	at org.junit.runners.model.FrameworkMethod$1.runReflectiveCall(FrameworkMethod.java:59)
	at org.junit.internal.runners.model.ReflectiveCallable.run(ReflectiveCallable.java:12)
	at org.junit.runners.model.FrameworkMethod.invokeExplosively(FrameworkMethod.java:56)
	at org.junit.internal.runners.statements.RunAfters.invokeMethod(RunAfters.java:46)
	at org.junit.internal.runners.statements.RunAfters.evaluate(RunAfters.java:33)
	at org.junit.runners.ParentRunner$3.evaluate(ParentRunner.java:306)
	at org.junit.runners.BlockJUnit4ClassRunner$1.evaluate(BlockJUnit4ClassRunner.java:100)
	at org.junit.runners.ParentRunner.runLeaf(ParentRunner.java:366)
	at org.junit.runners.BlockJUnit4ClassRunner.runChild(BlockJUnit4ClassRunner.java:103)
	at org.junit.runners.BlockJUnit4ClassRunner.runChild(BlockJUnit4ClassRunner.java:63)
	at org.junit.runners.ParentRunner$4.run(ParentRunner.java:331)
	at org.junit.runners.ParentRunner$1.schedule(ParentRunner.java:79)
	at org.junit.runners.ParentRunner.runChildren(ParentRunner.java:329)
	at org.junit.runners.ParentRunner.access$100(ParentRunner.java:66)
	at org.junit.runners.ParentRunner$2.evaluate(ParentRunner.java:293)
	at org.junit.runners.ParentRunner$3.evaluate(ParentRunner.java:306)
	at org.junit.runners.ParentRunner.run(ParentRunner.java:413)
	at org.junit.runner.JUnitCore.run(JUnitCore.java:137)
	at org.junit.runner.JUnitCore.run(JUnitCore.java:115)
	at org.junit.vintage.engine.execution.RunnerExecutor.execute(RunnerExecutor.java:43)
	at java.util.stream.ForEachOps$ForEachOp$OfRef.accept(ForEachOps.java:183)
	at java.util.stream.ReferencePipeline$3$1.accept(ReferencePipeline.java:193)
	at java.util.Iterator.forEachRemaining(Iterator.java:116)
	at java.util.Spliterators$IteratorSpliterator.forEachRemaining(Spliterators.java:1801)
	at java.util.stream.AbstractPipeline.copyInto(AbstractPipeline.java:482)
	at java.util.stream.AbstractPipeline.wrapAndCopyInto(AbstractPipeline.java:472)
	at java.util.stream.ForEachOps$ForEachOp.evaluateSequential(ForEachOps.java:150)
	at java.util.stream.ForEachOps$ForEachOp$OfRef.evaluateSequential(ForEachOps.java:173)
	at java.util.stream.AbstractPipeline.evaluate(AbstractPipeline.java:234)
	at java.util.stream.ReferencePipeline.forEach(ReferencePipeline.java:485)
	at org.junit.vintage.engine.VintageTestEngine.executeAllChildren(VintageTestEngine.java:82)
	at org.junit.vintage.engine.VintageTestEngine.execute(VintageTestEngine.java:73)
	at org.junit.platform.launcher.core.EngineExecutionOrchestrator.execute(EngineExecutionOrchestrator.java:108)
	at org.junit.platform.launcher.core.EngineExecutionOrchestrator.execute(EngineExecutionOrchestrator.java:88)
	at org.junit.platform.launcher.core.EngineExecutionOrchestrator.lambda$execute$0(EngineExecutionOrchestrator.java:54)
	at org.junit.platform.launcher.core.EngineExecutionOrchestrator.withInterceptedStreams(EngineExecutionOrchestrator.java:67)
	at org.junit.platform.launcher.core.EngineExecutionOrchestrator.execute(EngineExecutionOrchestrator.java:52)
	at org.junit.platform.launcher.core.DefaultLauncher.execute(DefaultLauncher.java:96)
	at org.junit.platform.launcher.core.DefaultLauncher.execute(DefaultLauncher.java:75)
	at org.apache.maven.surefire.junitplatform.JUnitPlatformProvider.invokeAllTests(JUnitPlatformProvider.java:142)
	at org.apache.maven.surefire.junitplatform.JUnitPlatformProvider.invoke(JUnitPlatformProvider.java:113)
	at org.apache.maven.surefire.booter.ForkedBooter.invokeProviderInSameClassLoader(ForkedBooter.java:384)
	at org.apache.maven.surefire.booter.ForkedBooter.runSuitesInProcess(ForkedBooter.java:345)
	at org.apache.maven.surefire.booter.ForkedBooter.execute(ForkedBooter.java:126)
	at org.apache.maven.surefire.booter.ForkedBooter.main(ForkedBooter.java:418)
2021-11-25 02:28:59,882 [grpc-default-executor-0] WARN  server.GrpcLogAppender (GrpcLogAppender.java:resetClient(116)) - 270b4571-6830-404f-969d-140ad9dcfc29@group-7B4FBFA5AF04->e244018c-c6e8-4e9d-8a67-72ce71f64a2e-GrpcLogAppender: Failed to getClient for e244018c-c6e8-4e9d-8a67-72ce71f64a2e
org.apache.ratis.protocol.exceptions.AlreadyClosedException: 270b4571-6830-404f-969d-140ad9dcfc29 is already CLOSED
	at org.apache.ratis.util.PeerProxyMap$PeerAndProxy.getProxy(PeerProxyMap.java:60)
	at org.apache.ratis.util.PeerProxyMap.getProxy(PeerProxyMap.java:114)
	at org.apache.ratis.grpc.server.GrpcLogAppender.getClient(GrpcLogAppender.java:95)
	at org.apache.ratis.grpc.server.GrpcLogAppender.resetClient(GrpcLogAppender.java:100)
	at org.apache.ratis.grpc.server.GrpcLogAppender.access$500(GrpcLogAppender.java:53)
	at org.apache.ratis.grpc.server.GrpcLogAppender$AppendLogResponseHandler.onCompleted(GrpcLogAppender.java:347)
	at org.apache.ratis.thirdparty.io.grpc.stub.ClientCalls$StreamObserverToCallListenerAdapter.onClose(ClientCalls.java:476)
	at org.apache.ratis.thirdparty.io.grpc.internal.ClientCallImpl.closeObserver(ClientCallImpl.java:616)
	at org.apache.ratis.thirdparty.io.grpc.internal.ClientCallImpl.access$300(ClientCallImpl.java:69)
	at org.apache.ratis.thirdparty.io.grpc.internal.ClientCallImpl$ClientStreamListenerImpl$1StreamClosed.runInternal(ClientCallImpl.java:802)
	at org.apache.ratis.thirdparty.io.grpc.internal.ClientCallImpl$ClientStreamListenerImpl$1StreamClosed.runInContext(ClientCallImpl.java:781)
	at org.apache.ratis.thirdparty.io.grpc.internal.ContextRunnable.run(ContextRunnable.java:37)
	at org.apache.ratis.thirdparty.io.grpc.internal.SerializingExecutor.run(SerializingExecutor.java:123)
	at java.util.concurrent.ThreadPoolExecutor.runWorker(ThreadPoolExecutor.java:1149)
	at java.util.concurrent.ThreadPoolExecutor$Worker.run(ThreadPoolExecutor.java:624)
	at java.lang.Thread.run(Thread.java:748)
2021-11-25 02:28:59,938 [EventQueue-StaleNodeForStaleNodeHandler] INFO  node.StaleNodeHandler (StaleNodeHandler.java:onMessage(58)) - Datanode a77dd090-2963-4745-95fa-35573f312ffb{ip: 10.1.0.13, host: fv-az12-931.exdb2aeach2ezidoxz41lk3bwg.cx.internal.cloudapp.net, ports: [REPLICATION=35695, RATIS=36541, RATIS_ADMIN=36541, RATIS_SERVER=36541, STANDALONE=43867], networkLocation: /default-rack, certSerialId: null, persistedOpState: IN_SERVICE, persistedOpStateExpiryEpochSec: 0} moved to stale state. Finalizing its pipelines [PipelineID=eae6cecd-c833-4b37-9e39-343f4c7f3807, PipelineID=efb5a97a-2d66-44bc-b408-58d710ec61b9]
2021-11-25 02:28:59,938 [EventQueue-StaleNodeForStaleNodeHandler] INFO  pipeline.PipelineManagerImpl (PipelineManagerImpl.java:closePipeline(349)) - Pipeline Pipeline[ Id: eae6cecd-c833-4b37-9e39-343f4c7f3807, Nodes: a77dd090-2963-4745-95fa-35573f312ffb{ip: 10.1.0.13, host: fv-az12-931.exdb2aeach2ezidoxz41lk3bwg.cx.internal.cloudapp.net, ports: [REPLICATION=35695, RATIS=36541, RATIS_ADMIN=36541, RATIS_SERVER=36541, STANDALONE=43867], networkLocation: /default-rack, certSerialId: null, persistedOpState: IN_SERVICE, persistedOpStateExpiryEpochSec: 0}, ReplicationConfig: RATIS/ONE, State:OPEN, leaderId:a77dd090-2963-4745-95fa-35573f312ffb, CreationTimestamp2021-11-25T02:27:53.648Z[Etc/UTC]] moved to CLOSED state
2021-11-25 02:28:59,939 [EventQueue-StaleNodeForStaleNodeHandler] INFO  pipeline.PipelineManagerImpl (PipelineManagerImpl.java:closePipeline(349)) - Pipeline Pipeline[ Id: efb5a97a-2d66-44bc-b408-58d710ec61b9, Nodes: 36951ec6-8ca2-46f2-ac0d-c1eb1dc0de60{ip: 10.1.0.13, host: fv-az12-931.exdb2aeach2ezidoxz41lk3bwg.cx.internal.cloudapp.net, ports: [REPLICATION=41733, RATIS=41073, RATIS_ADMIN=41073, RATIS_SERVER=41073, STANDALONE=36189], networkLocation: /default-rack, certSerialId: null, persistedOpState: IN_SERVICE, persistedOpStateExpiryEpochSec: 0}afe6738c-795d-4ad9-911f-77efc98b0ab7{ip: 10.1.0.13, host: fv-az12-931.exdb2aeach2ezidoxz41lk3bwg.cx.internal.cloudapp.net, ports: [REPLICATION=33917, RATIS=38867, RATIS_ADMIN=38867, RATIS_SERVER=38867, STANDALONE=40389], networkLocation: /default-rack, certSerialId: null, persistedOpState: IN_SERVICE, persistedOpStateExpiryEpochSec: 0}a77dd090-2963-4745-95fa-35573f312ffb{ip: 10.1.0.13, host: fv-az12-931.exdb2aeach2ezidoxz41lk3bwg.cx.internal.cloudapp.net, ports: [REPLICATION=35695, RATIS=36541, RATIS_ADMIN=36541, RATIS_SERVER=36541, STANDALONE=43867], networkLocation: /default-rack, certSerialId: null, persistedOpState: IN_SERVICE, persistedOpStateExpiryEpochSec: 0}, ReplicationConfig: RATIS/THREE, State:OPEN, leaderId:afe6738c-795d-4ad9-911f-77efc98b0ab7, CreationTimestamp2021-11-25T02:27:54.148Z[Etc/UTC]] moved to CLOSED state
2021-11-25 02:29:00,003 [ForkJoinPool.commonPool-worker-1] INFO  ozoneimpl.OzoneContainer (OzoneContainer.java:stop(325)) - Attempting to stop container services.
2021-11-25 02:29:00,004 [ForkJoinPool.commonPool-worker-1] INFO  server.RaftServer (RaftServerProxy.java:lambda$close$6(391)) - a8a586c2-f99e-4cfe-9d52-03ddcdbedb28: close
2021-11-25 02:29:00,004 [ForkJoinPool.commonPool-worker-1] INFO  server.RaftServer$Division (RaftServerImpl.java:lambda$close$4(412)) - a8a586c2-f99e-4cfe-9d52-03ddcdbedb28@group-FD35AD8B3CA6: shutdown
2021-11-25 02:29:00,004 [ForkJoinPool.commonPool-worker-1] INFO  util.JmxRegister (JmxRegister.java:unregister(73)) - Successfully un-registered JMX Bean with object name Ratis:service=RaftServer,group=group-FD35AD8B3CA6,id=a8a586c2-f99e-4cfe-9d52-03ddcdbedb28
2021-11-25 02:29:00,004 [ForkJoinPool.commonPool-worker-1] INFO  impl.RoleInfo (RoleInfo.java:shutdownLeaderState(91)) - a8a586c2-f99e-4cfe-9d52-03ddcdbedb28: shutdown a8a586c2-f99e-4cfe-9d52-03ddcdbedb28@group-FD35AD8B3CA6-LeaderStateImpl
2021-11-25 02:29:00,004 [ForkJoinPool.commonPool-worker-1] INFO  impl.PendingRequests (PendingRequests.java:sendNotLeaderResponses(282)) - a8a586c2-f99e-4cfe-9d52-03ddcdbedb28@group-FD35AD8B3CA6-PendingRequests: sendNotLeaderResponses
2021-11-25 02:29:00,005 [ForkJoinPool.commonPool-worker-1] INFO  impl.StateMachineUpdater (StateMachineUpdater.java:stopAndJoin(149)) - a8a586c2-f99e-4cfe-9d52-03ddcdbedb28@group-FD35AD8B3CA6-StateMachineUpdater: set stopIndex = 0
2021-11-25 02:29:00,005 [a8a586c2-f99e-4cfe-9d52-03ddcdbedb28@group-FD35AD8B3CA6-StateMachineUpdater] INFO  ratis.ContainerStateMachine (ContainerStateMachine.java:takeSnapshot(292)) - group-FD35AD8B3CA6: Taking a snapshot at:(t:1, i:0) file /home/runner/work/ozone/ozone/hadoop-ozone/integration-test/target/test-dir/MiniOzoneClusterImpl-bf1a4df1-220d-4f19-a3f2-d6f00535f443/datanode-1/data/ratis/dfdd88c3-25de-4d41-966b-fd35ad8b3ca6/sm/snapshot.1_0
2021-11-25 02:29:00,006 [a8a586c2-f99e-4cfe-9d52-03ddcdbedb28@group-FD35AD8B3CA6-StateMachineUpdater] INFO  ratis.ContainerStateMachine (ContainerStateMachine.java:takeSnapshot(303)) - group-FD35AD8B3CA6: Finished taking a snapshot at:(t:1, i:0) file:/home/runner/work/ozone/ozone/hadoop-ozone/integration-test/target/test-dir/MiniOzoneClusterImpl-bf1a4df1-220d-4f19-a3f2-d6f00535f443/datanode-1/data/ratis/dfdd88c3-25de-4d41-966b-fd35ad8b3ca6/sm/snapshot.1_0 took: 1 ms
2021-11-25 02:29:00,007 [a8a586c2-f99e-4cfe-9d52-03ddcdbedb28@group-FD35AD8B3CA6-StateMachineUpdater] INFO  impl.StateMachineUpdater (StateMachineUpdater.java:takeSnapshot(281)) - a8a586c2-f99e-4cfe-9d52-03ddcdbedb28@group-FD35AD8B3CA6-StateMachineUpdater: Took a snapshot at index 0
2021-11-25 02:29:00,007 [a8a586c2-f99e-4cfe-9d52-03ddcdbedb28@group-FD35AD8B3CA6-StateMachineUpdater] INFO  impl.StateMachineUpdater (StateMachineUpdater.java:lambda$new$0(89)) - a8a586c2-f99e-4cfe-9d52-03ddcdbedb28@group-FD35AD8B3CA6-StateMachineUpdater: snapshotIndex: updateIncreasingly -1 -> 0
2021-11-25 02:29:00,007 [ForkJoinPool.commonPool-worker-1] INFO  server.RaftServer$Division (ServerState.java:close(419)) - a8a586c2-f99e-4cfe-9d52-03ddcdbedb28@group-FD35AD8B3CA6: closes. applyIndex: 0
2021-11-25 02:29:00,007 [a8a586c2-f99e-4cfe-9d52-03ddcdbedb28@group-FD35AD8B3CA6-SegmentedRaftLogWorker] INFO  segmented.SegmentedRaftLogWorker (SegmentedRaftLogWorker.java:run(327)) - a8a586c2-f99e-4cfe-9d52-03ddcdbedb28@group-FD35AD8B3CA6-SegmentedRaftLogWorker was interrupted, exiting. There are 0 tasks remaining in the queue.
2021-11-25 02:29:00,008 [ForkJoinPool.commonPool-worker-1] INFO  segmented.SegmentedRaftLogWorker (SegmentedRaftLogWorker.java:close(237)) - a8a586c2-f99e-4cfe-9d52-03ddcdbedb28@group-FD35AD8B3CA6-SegmentedRaftLogWorker close()
2021-11-25 02:29:00,008 [ForkJoinPool.commonPool-worker-1] INFO  server.RaftServer$Division (RaftServerImpl.java:lambda$close$4(412)) - a8a586c2-f99e-4cfe-9d52-03ddcdbedb28@group-8550D68C7491: shutdown
2021-11-25 02:29:00,008 [ForkJoinPool.commonPool-worker-1] INFO  util.JmxRegister (JmxRegister.java:unregister(73)) - Successfully un-registered JMX Bean with object name Ratis:service=RaftServer,group=group-8550D68C7491,id=a8a586c2-f99e-4cfe-9d52-03ddcdbedb28
2021-11-25 02:29:00,008 [ForkJoinPool.commonPool-worker-1] INFO  impl.RoleInfo (RoleInfo.java:shutdownFollowerState(108)) - a8a586c2-f99e-4cfe-9d52-03ddcdbedb28: shutdown a8a586c2-f99e-4cfe-9d52-03ddcdbedb28@group-8550D68C7491-FollowerState
2021-11-25 02:29:00,008 [ForkJoinPool.commonPool-worker-1] INFO  impl.StateMachineUpdater (StateMachineUpdater.java:stopAndJoin(149)) - a8a586c2-f99e-4cfe-9d52-03ddcdbedb28@group-8550D68C7491-StateMachineUpdater: set stopIndex = 2
2021-11-25 02:29:00,008 [a8a586c2-f99e-4cfe-9d52-03ddcdbedb28@group-8550D68C7491-StateMachineUpdater] INFO  ratis.ContainerStateMachine (ContainerStateMachine.java:takeSnapshot(292)) - group-8550D68C7491: Taking a snapshot at:(t:7, i:2) file /home/runner/work/ozone/ozone/hadoop-ozone/integration-test/target/test-dir/MiniOzoneClusterImpl-bf1a4df1-220d-4f19-a3f2-d6f00535f443/datanode-1/data/ratis/d4289eb7-cbdd-466a-ac91-8550d68c7491/sm/snapshot.7_2
2021-11-25 02:29:00,009 [a8a586c2-f99e-4cfe-9d52-03ddcdbedb28@group-8550D68C7491-StateMachineUpdater] INFO  ratis.ContainerStateMachine (ContainerStateMachine.java:takeSnapshot(303)) - group-8550D68C7491: Finished taking a snapshot at:(t:7, i:2) file:/home/runner/work/ozone/ozone/hadoop-ozone/integration-test/target/test-dir/MiniOzoneClusterImpl-bf1a4df1-220d-4f19-a3f2-d6f00535f443/datanode-1/data/ratis/d4289eb7-cbdd-466a-ac91-8550d68c7491/sm/snapshot.7_2 took: 0 ms
2021-11-25 02:29:00,009 [a8a586c2-f99e-4cfe-9d52-03ddcdbedb28@group-8550D68C7491-StateMachineUpdater] INFO  impl.StateMachineUpdater (StateMachineUpdater.java:takeSnapshot(281)) - a8a586c2-f99e-4cfe-9d52-03ddcdbedb28@group-8550D68C7491-StateMachineUpdater: Took a snapshot at index 2
2021-11-25 02:29:00,009 [a8a586c2-f99e-4cfe-9d52-03ddcdbedb28@group-8550D68C7491-StateMachineUpdater] INFO  impl.StateMachineUpdater (StateMachineUpdater.java:lambda$new$0(89)) - a8a586c2-f99e-4cfe-9d52-03ddcdbedb28@group-8550D68C7491-StateMachineUpdater: snapshotIndex: updateIncreasingly -1 -> 2
2021-11-25 02:29:00,009 [ForkJoinPool.commonPool-worker-1] INFO  server.RaftServer$Division (ServerState.java:close(419)) - a8a586c2-f99e-4cfe-9d52-03ddcdbedb28@group-8550D68C7491: closes. applyIndex: 2
2021-11-25 02:29:00,010 [a8a586c2-f99e-4cfe-9d52-03ddcdbedb28@group-8550D68C7491-SegmentedRaftLogWorker] INFO  segmented.SegmentedRaftLogWorker (SegmentedRaftLogWorker.java:run(327)) - a8a586c2-f99e-4cfe-9d52-03ddcdbedb28@group-8550D68C7491-SegmentedRaftLogWorker was interrupted, exiting. There are 0 tasks remaining in the queue.
2021-11-25 02:29:00,010 [ForkJoinPool.commonPool-worker-1] INFO  segmented.SegmentedRaftLogWorker (SegmentedRaftLogWorker.java:close(237)) - a8a586c2-f99e-4cfe-9d52-03ddcdbedb28@group-8550D68C7491-SegmentedRaftLogWorker close()
2021-11-25 02:29:00,010 [ForkJoinPool.commonPool-worker-1] INFO  server.GrpcService (GrpcService.java:closeImpl(262)) - a8a586c2-f99e-4cfe-9d52-03ddcdbedb28: shutdown server with port 36737 now
2021-11-25 02:29:00,017 [ForkJoinPool.commonPool-worker-1] INFO  server.GrpcService (GrpcService.java:closeImpl(271)) - a8a586c2-f99e-4cfe-9d52-03ddcdbedb28: shutdown server with port 36737 successfully
2021-11-25 02:29:00,018 [org.apache.ratis.util.JvmPauseMonitor$$Lambda$533/113722330@670176a5] INFO  util.JvmPauseMonitor (JvmPauseMonitor.java:run(109)) - JvmPauseMonitor-a8a586c2-f99e-4cfe-9d52-03ddcdbedb28: Stopped
2021-11-25 02:29:00,029 [a8a586c2-f99e-4cfe-9d52-03ddcdbedb28@group-8550D68C7491-FollowerState] INFO  impl.FollowerState (FollowerState.java:run(143)) - a8a586c2-f99e-4cfe-9d52-03ddcdbedb28@group-8550D68C7491-FollowerState was interrupted: {}
java.lang.InterruptedException: sleep interrupted
	at java.lang.Thread.sleep(Native Method)
	at java.lang.Thread.sleep(Thread.java:340)
	at java.util.concurrent.TimeUnit.sleep(TimeUnit.java:386)
	at org.apache.ratis.util.TimeDuration.sleep(TimeDuration.java:324)
	at org.apache.ratis.util.TimeDuration.sleep(TimeDuration.java:309)
	at org.apache.ratis.server.impl.FollowerState.run(FollowerState.java:118)
2021-11-25 02:29:00,067 [ForkJoinPool.commonPool-worker-1] INFO  utils.BackgroundService (BackgroundService.java:shutdown(132)) - Shutting down service BlockDeletingService
2021-11-25 02:29:02,814 [java.util.concurrent.ThreadPoolExecutor$Worker@4e615bbf[State = -1, empty queue]] WARN  server.GrpcLogAppender (GrpcLogAppender.java:timeoutAppendRequest(246)) - 270b4571-6830-404f-969d-140ad9dcfc29@group-7B4FBFA5AF04->e244018c-c6e8-4e9d-8a67-72ce71f64a2e-GrpcLogAppender:  appendEntries Timeout, request=AppendEntriesRequest:cid=2,entriesCount=1,lastEntry=(t:9, i:4)
2021-11-25 02:29:02,926 [Listener at 127.0.0.1/44827] INFO  statemachine.DatanodeStateMachine (DatanodeStateMachine.java:stopDaemon(526)) - Ozone container server stopped.
2021-11-25 02:29:02,927 [Listener at 127.0.0.1/44827] INFO  handler.ContextHandler (ContextHandler.java:doStop(1153)) - Stopped o.e.j.w.WebAppContext@1984d4ff{hddsDatanode,/,null,STOPPED}{jar:file:/home/runner/.m2/repository/org/apache/ozone/hdds-container-service/1.2.0-SNAPSHOT/hdds-container-service-1.2.0-SNAPSHOT.jar!/webapps/hddsDatanode}
2021-11-25 02:29:02,928 [Listener at 127.0.0.1/44827] INFO  server.AbstractConnector (AbstractConnector.java:doStop(381)) - Stopped ServerConnector@288710bd{HTTP/1.1, (http/1.1)}{0.0.0.0:0}
2021-11-25 02:29:02,928 [Listener at 127.0.0.1/44827] INFO  server.session (HouseKeeper.java:stopScavenging(149)) - node0 Stopped scavenging
2021-11-25 02:29:02,928 [Listener at 127.0.0.1/44827] INFO  handler.ContextHandler (ContextHandler.java:doStop(1153)) - Stopped o.e.j.s.ServletContextHandler@65a5d53a{static,/static,jar:file:/home/runner/.m2/repository/org/apache/ozone/hdds-container-service/1.2.0-SNAPSHOT/hdds-container-service-1.2.0-SNAPSHOT.jar!/webapps/static,STOPPED}
2021-11-25 02:29:02,929 [Listener at 127.0.0.1/44827] INFO  handler.ContextHandler (ContextHandler.java:doStop(1153)) - Stopped o.e.j.s.ServletContextHandler@69587ec9{logs,/logs,file:///home/runner/work/ozone/ozone/hadoop-ozone/integration-test/target/log,STOPPED}
2021-11-25 02:29:03,098 [ForkJoinPool.commonPool-worker-1] INFO  statemachine.DatanodeStateMachine (DatanodeStateMachine.java:stopDaemon(526)) - Ozone container server stopped.
2021-11-25 02:29:03,101 [ForkJoinPool.commonPool-worker-1] INFO  handler.ContextHandler (ContextHandler.java:doStop(1153)) - Stopped o.e.j.w.WebAppContext@28c67405{hddsDatanode,/,null,STOPPED}{jar:file:/home/runner/.m2/repository/org/apache/ozone/hdds-container-service/1.2.0-SNAPSHOT/hdds-container-service-1.2.0-SNAPSHOT.jar!/webapps/hddsDatanode}
2021-11-25 02:29:03,138 [ForkJoinPool.commonPool-worker-1] INFO  server.AbstractConnector (AbstractConnector.java:doStop(381)) - Stopped ServerConnector@24da3c3b{HTTP/1.1, (http/1.1)}{0.0.0.0:0}
2021-11-25 02:29:03,138 [ForkJoinPool.commonPool-worker-1] INFO  server.session (HouseKeeper.java:stopScavenging(149)) - node0 Stopped scavenging
2021-11-25 02:29:03,142 [ForkJoinPool.commonPool-worker-1] INFO  handler.ContextHandler (ContextHandler.java:doStop(1153)) - Stopped o.e.j.s.ServletContextHandler@44851ef1{static,/static,jar:file:/home/runner/.m2/repository/org/apache/ozone/hdds-container-service/1.2.0-SNAPSHOT/hdds-container-service-1.2.0-SNAPSHOT.jar!/webapps/static,STOPPED}
2021-11-25 02:29:03,142 [ForkJoinPool.commonPool-worker-1] INFO  handler.ContextHandler (ContextHandler.java:doStop(1153)) - Stopped o.e.j.s.ServletContextHandler@54d8147d{logs,/logs,file:///home/runner/work/ozone/ozone/hadoop-ozone/integration-test/target/log,STOPPED}
2021-11-25 02:29:07,893 [EventQueue-StaleNodeForStaleNodeHandler] INFO  node.StaleNodeHandler (StaleNodeHandler.java:onMessage(58)) - Datanode afe6738c-795d-4ad9-911f-77efc98b0ab7{ip: 10.1.0.13, host: fv-az12-931.exdb2aeach2ezidoxz41lk3bwg.cx.internal.cloudapp.net, ports: [REPLICATION=33917, RATIS=38867, RATIS_ADMIN=38867, RATIS_SERVER=38867, STANDALONE=40389], networkLocation: /default-rack, certSerialId: null, persistedOpState: IN_SERVICE, persistedOpStateExpiryEpochSec: 0} moved to stale state. Finalizing its pipelines [PipelineID=5a289687-df57-4218-9e2d-cd6ce24bc511, PipelineID=efb5a97a-2d66-44bc-b408-58d710ec61b9]
2021-11-25 02:29:07,894 [EventQueue-StaleNodeForStaleNodeHandler] INFO  pipeline.PipelineManagerImpl (PipelineManagerImpl.java:closePipeline(349)) - Pipeline Pipeline[ Id: 5a289687-df57-4218-9e2d-cd6ce24bc511, Nodes: afe6738c-795d-4ad9-911f-77efc98b0ab7{ip: 10.1.0.13, host: fv-az12-931.exdb2aeach2ezidoxz41lk3bwg.cx.internal.cloudapp.net, ports: [REPLICATION=33917, RATIS=38867, RATIS_ADMIN=38867, RATIS_SERVER=38867, STANDALONE=40389], networkLocation: /default-rack, certSerialId: null, persistedOpState: IN_SERVICE, persistedOpStateExpiryEpochSec: 0}, ReplicationConfig: RATIS/ONE, State:OPEN, leaderId:afe6738c-795d-4ad9-911f-77efc98b0ab7, CreationTimestamp2021-11-25T02:27:54.147Z[Etc/UTC]] moved to CLOSED state
2021-11-25 02:29:07,934 [Listener at 127.0.0.1/44827] INFO  ozoneimpl.OzoneContainer (OzoneContainer.java:stop(325)) - Attempting to stop container services.
2021-11-25 02:29:07,936 [Listener at 127.0.0.1/44827] INFO  server.RaftServer (RaftServerProxy.java:lambda$close$6(391)) - e244018c-c6e8-4e9d-8a67-72ce71f64a2e: close
2021-11-25 02:29:07,942 [Listener at 127.0.0.1/44827] INFO  server.RaftServer$Division (RaftServerImpl.java:lambda$close$4(412)) - e244018c-c6e8-4e9d-8a67-72ce71f64a2e@group-C3EE588E8B9F: shutdown
2021-11-25 02:29:07,942 [Listener at 127.0.0.1/44827] INFO  util.JmxRegister (JmxRegister.java:unregister(73)) - Successfully un-registered JMX Bean with object name Ratis:service=RaftServer,group=group-C3EE588E8B9F,id=e244018c-c6e8-4e9d-8a67-72ce71f64a2e
2021-11-25 02:29:07,943 [Listener at 127.0.0.1/44827] INFO  impl.RoleInfo (RoleInfo.java:shutdownLeaderState(91)) - e244018c-c6e8-4e9d-8a67-72ce71f64a2e: shutdown e244018c-c6e8-4e9d-8a67-72ce71f64a2e@group-C3EE588E8B9F-LeaderStateImpl
2021-11-25 02:29:07,943 [Listener at 127.0.0.1/44827] INFO  impl.PendingRequests (PendingRequests.java:sendNotLeaderResponses(282)) - e244018c-c6e8-4e9d-8a67-72ce71f64a2e@group-C3EE588E8B9F-PendingRequests: sendNotLeaderResponses
2021-11-25 02:29:07,944 [Listener at 127.0.0.1/44827] INFO  impl.StateMachineUpdater (StateMachineUpdater.java:stopAndJoin(149)) - e244018c-c6e8-4e9d-8a67-72ce71f64a2e@group-C3EE588E8B9F-StateMachineUpdater: set stopIndex = 0
2021-11-25 02:29:07,946 [e244018c-c6e8-4e9d-8a67-72ce71f64a2e@group-C3EE588E8B9F-StateMachineUpdater] INFO  ratis.ContainerStateMachine (ContainerStateMachine.java:takeSnapshot(292)) - group-C3EE588E8B9F: Taking a snapshot at:(t:1, i:0) file /home/runner/work/ozone/ozone/hadoop-ozone/integration-test/target/test-dir/MiniOzoneClusterImpl-bf1a4df1-220d-4f19-a3f2-d6f00535f443/datanode-6/data/ratis/8342e067-880c-4984-89cb-c3ee588e8b9f/sm/snapshot.1_0
2021-11-25 02:29:07,947 [e244018c-c6e8-4e9d-8a67-72ce71f64a2e@group-C3EE588E8B9F-StateMachineUpdater] INFO  ratis.ContainerStateMachine (ContainerStateMachine.java:takeSnapshot(303)) - group-C3EE588E8B9F: Finished taking a snapshot at:(t:1, i:0) file:/home/runner/work/ozone/ozone/hadoop-ozone/integration-test/target/test-dir/MiniOzoneClusterImpl-bf1a4df1-220d-4f19-a3f2-d6f00535f443/datanode-6/data/ratis/8342e067-880c-4984-89cb-c3ee588e8b9f/sm/snapshot.1_0 took: 1 ms
2021-11-25 02:29:07,947 [e244018c-c6e8-4e9d-8a67-72ce71f64a2e@group-C3EE588E8B9F-StateMachineUpdater] INFO  impl.StateMachineUpdater (StateMachineUpdater.java:takeSnapshot(281)) - e244018c-c6e8-4e9d-8a67-72ce71f64a2e@group-C3EE588E8B9F-StateMachineUpdater: Took a snapshot at index 0
2021-11-25 02:29:07,947 [e244018c-c6e8-4e9d-8a67-72ce71f64a2e@group-C3EE588E8B9F-StateMachineUpdater] INFO  impl.StateMachineUpdater (StateMachineUpdater.java:lambda$new$0(89)) - e244018c-c6e8-4e9d-8a67-72ce71f64a2e@group-C3EE588E8B9F-StateMachineUpdater: snapshotIndex: updateIncreasingly -1 -> 0
2021-11-25 02:29:07,948 [Listener at 127.0.0.1/44827] INFO  server.RaftServer$Division (ServerState.java:close(419)) - e244018c-c6e8-4e9d-8a67-72ce71f64a2e@group-C3EE588E8B9F: closes. applyIndex: 0
2021-11-25 02:29:07,948 [e244018c-c6e8-4e9d-8a67-72ce71f64a2e@group-C3EE588E8B9F-SegmentedRaftLogWorker] INFO  segmented.SegmentedRaftLogWorker (SegmentedRaftLogWorker.java:run(327)) - e244018c-c6e8-4e9d-8a67-72ce71f64a2e@group-C3EE588E8B9F-SegmentedRaftLogWorker was interrupted, exiting. There are 0 tasks remaining in the queue.
2021-11-25 02:29:07,948 [Listener at 127.0.0.1/44827] INFO  segmented.SegmentedRaftLogWorker (SegmentedRaftLogWorker.java:close(237)) - e244018c-c6e8-4e9d-8a67-72ce71f64a2e@group-C3EE588E8B9F-SegmentedRaftLogWorker close()
2021-11-25 02:29:07,948 [Listener at 127.0.0.1/44827] INFO  server.RaftServer$Division (RaftServerImpl.java:lambda$close$4(412)) - e244018c-c6e8-4e9d-8a67-72ce71f64a2e@group-7B4FBFA5AF04: shutdown
2021-11-25 02:29:07,949 [Listener at 127.0.0.1/44827] INFO  util.JmxRegister (JmxRegister.java:unregister(73)) - Successfully un-registered JMX Bean with object name Ratis:service=RaftServer,group=group-7B4FBFA5AF04,id=e244018c-c6e8-4e9d-8a67-72ce71f64a2e
2021-11-25 02:29:07,949 [Listener at 127.0.0.1/44827] INFO  impl.RoleInfo (RoleInfo.java:shutdownFollowerState(108)) - e244018c-c6e8-4e9d-8a67-72ce71f64a2e: shutdown e244018c-c6e8-4e9d-8a67-72ce71f64a2e@group-7B4FBFA5AF04-FollowerState
2021-11-25 02:29:07,949 [e244018c-c6e8-4e9d-8a67-72ce71f64a2e@group-7B4FBFA5AF04-FollowerState] INFO  impl.FollowerState (FollowerState.java:run(143)) - e244018c-c6e8-4e9d-8a67-72ce71f64a2e@group-7B4FBFA5AF04-FollowerState was interrupted: {}
java.lang.InterruptedException: sleep interrupted
	at java.lang.Thread.sleep(Native Method)
	at java.lang.Thread.sleep(Thread.java:340)
	at java.util.concurrent.TimeUnit.sleep(TimeUnit.java:386)
	at org.apache.ratis.util.TimeDuration.sleep(TimeDuration.java:324)
	at org.apache.ratis.util.TimeDuration.sleep(TimeDuration.java:309)
	at org.apache.ratis.server.impl.FollowerState.run(FollowerState.java:118)
2021-11-25 02:29:07,950 [e244018c-c6e8-4e9d-8a67-72ce71f64a2e@group-7B4FBFA5AF04-StateMachineUpdater] INFO  ratis.ContainerStateMachine (ContainerStateMachine.java:takeSnapshot(292)) - group-7B4FBFA5AF04: Taking a snapshot at:(t:9, i:3) file /home/runner/work/ozone/ozone/hadoop-ozone/integration-test/target/test-dir/MiniOzoneClusterImpl-bf1a4df1-220d-4f19-a3f2-d6f00535f443/datanode-6/data/ratis/700eb4dc-98a2-4baa-8b7d-7b4fbfa5af04/sm/snapshot.9_3
2021-11-25 02:29:07,950 [Listener at 127.0.0.1/44827] INFO  impl.StateMachineUpdater (StateMachineUpdater.java:stopAndJoin(149)) - e244018c-c6e8-4e9d-8a67-72ce71f64a2e@group-7B4FBFA5AF04-StateMachineUpdater: set stopIndex = 3
2021-11-25 02:29:07,950 [e244018c-c6e8-4e9d-8a67-72ce71f64a2e@group-7B4FBFA5AF04-StateMachineUpdater] INFO  ratis.ContainerStateMachine (ContainerStateMachine.java:takeSnapshot(303)) - group-7B4FBFA5AF04: Finished taking a snapshot at:(t:9, i:3) file:/home/runner/work/ozone/ozone/hadoop-ozone/integration-test/target/test-dir/MiniOzoneClusterImpl-bf1a4df1-220d-4f19-a3f2-d6f00535f443/datanode-6/data/ratis/700eb4dc-98a2-4baa-8b7d-7b4fbfa5af04/sm/snapshot.9_3 took: 1 ms
2021-11-25 02:29:07,951 [e244018c-c6e8-4e9d-8a67-72ce71f64a2e@group-7B4FBFA5AF04-StateMachineUpdater] INFO  impl.StateMachineUpdater (StateMachineUpdater.java:takeSnapshot(281)) - e244018c-c6e8-4e9d-8a67-72ce71f64a2e@group-7B4FBFA5AF04-StateMachineUpdater: Took a snapshot at index 3
2021-11-25 02:29:07,951 [e244018c-c6e8-4e9d-8a67-72ce71f64a2e@group-7B4FBFA5AF04-StateMachineUpdater] INFO  impl.StateMachineUpdater (StateMachineUpdater.java:lambda$new$0(89)) - e244018c-c6e8-4e9d-8a67-72ce71f64a2e@group-7B4FBFA5AF04-StateMachineUpdater: snapshotIndex: updateIncreasingly -1 -> 3
2021-11-25 02:29:07,951 [Listener at 127.0.0.1/44827] INFO  server.RaftServer$Division (ServerState.java:close(419)) - e244018c-c6e8-4e9d-8a67-72ce71f64a2e@group-7B4FBFA5AF04: closes. applyIndex: 3
2021-11-25 02:29:07,951 [e244018c-c6e8-4e9d-8a67-72ce71f64a2e@group-7B4FBFA5AF04-SegmentedRaftLogWorker] INFO  segmented.SegmentedRaftLogWorker (SegmentedRaftLogWorker.java:run(327)) - e244018c-c6e8-4e9d-8a67-72ce71f64a2e@group-7B4FBFA5AF04-SegmentedRaftLogWorker was interrupted, exiting. There are 0 tasks remaining in the queue.
2021-11-25 02:29:07,981 [Listener at 127.0.0.1/44827] INFO  segmented.SegmentedRaftLogWorker (SegmentedRaftLogWorker.java:close(237)) - e244018c-c6e8-4e9d-8a67-72ce71f64a2e@group-7B4FBFA5AF04-SegmentedRaftLogWorker close()
2021-11-25 02:29:07,981 [Listener at 127.0.0.1/44827] INFO  server.GrpcService (GrpcService.java:closeImpl(262)) - e244018c-c6e8-4e9d-8a67-72ce71f64a2e: shutdown server with port 35819 now
2021-11-25 02:29:07,994 [EventQueue-StaleNodeForStaleNodeHandler] INFO  node.StaleNodeHandler (StaleNodeHandler.java:onMessage(58)) - Datanode 36951ec6-8ca2-46f2-ac0d-c1eb1dc0de60{ip: 10.1.0.13, host: fv-az12-931.exdb2aeach2ezidoxz41lk3bwg.cx.internal.cloudapp.net, ports: [REPLICATION=41733, RATIS=41073, RATIS_ADMIN=41073, RATIS_SERVER=41073, STANDALONE=36189], networkLocation: /default-rack, certSerialId: null, persistedOpState: IN_SERVICE, persistedOpStateExpiryEpochSec: 0} moved to stale state. Finalizing its pipelines [PipelineID=e3e2d47c-bc47-4aee-b1a7-8cdc086c1751, PipelineID=efb5a97a-2d66-44bc-b408-58d710ec61b9]
2021-11-25 02:29:07,995 [EventQueue-StaleNodeForStaleNodeHandler] INFO  pipeline.PipelineManagerImpl (PipelineManagerImpl.java:closePipeline(349)) - Pipeline Pipeline[ Id: e3e2d47c-bc47-4aee-b1a7-8cdc086c1751, Nodes: 36951ec6-8ca2-46f2-ac0d-c1eb1dc0de60{ip: 10.1.0.13, host: fv-az12-931.exdb2aeach2ezidoxz41lk3bwg.cx.internal.cloudapp.net, ports: [REPLICATION=41733, RATIS=41073, RATIS_ADMIN=41073, RATIS_SERVER=41073, STANDALONE=36189], networkLocation: /default-rack, certSerialId: null, persistedOpState: IN_SERVICE, persistedOpStateExpiryEpochSec: 0}, ReplicationConfig: RATIS/ONE, State:OPEN, leaderId:36951ec6-8ca2-46f2-ac0d-c1eb1dc0de60, CreationTimestamp2021-11-25T02:27:52.687Z[Etc/UTC]] moved to CLOSED state
2021-11-25 02:29:08,015 [grpc-default-executor-1] WARN  client.GrpcClientProtocolService (LogUtils.java:warn(122)) - 1-OrderedRequestStreamObserver1: onError: org.apache.ratis.thirdparty.io.grpc.StatusRuntimeException: CANCELLED: client cancelled
2021-11-25 02:29:08,053 [Listener at 127.0.0.1/44827] INFO  server.GrpcService (GrpcService.java:closeImpl(271)) - e244018c-c6e8-4e9d-8a67-72ce71f64a2e: shutdown server with port 35819 successfully
2021-11-25 02:29:08,054 [org.apache.ratis.util.JvmPauseMonitor$$Lambda$533/113722330@494170a1] INFO  util.JvmPauseMonitor (JvmPauseMonitor.java:run(109)) - JvmPauseMonitor-e244018c-c6e8-4e9d-8a67-72ce71f64a2e: Stopped
2021-11-25 02:29:08,055 [Listener at 127.0.0.1/44827] INFO  utils.BackgroundService (BackgroundService.java:shutdown(132)) - Shutting down service BlockDeletingService
2021-11-25 02:29:11,085 [Listener at 127.0.0.1/44827] INFO  statemachine.DatanodeStateMachine (DatanodeStateMachine.java:stopDaemon(526)) - Ozone container server stopped.
2021-11-25 02:29:11,086 [Listener at 127.0.0.1/44827] INFO  handler.ContextHandler (ContextHandler.java:doStop(1153)) - Stopped o.e.j.w.WebAppContext@306b2912{hddsDatanode,/,null,STOPPED}{jar:file:/home/runner/.m2/repository/org/apache/ozone/hdds-container-service/1.2.0-SNAPSHOT/hdds-container-service-1.2.0-SNAPSHOT.jar!/webapps/hddsDatanode}
2021-11-25 02:29:11,089 [Listener at 127.0.0.1/44827] INFO  server.AbstractConnector (AbstractConnector.java:doStop(381)) - Stopped ServerConnector@561d8d03{HTTP/1.1, (http/1.1)}{0.0.0.0:0}
2021-11-25 02:29:11,090 [Listener at 127.0.0.1/44827] INFO  server.session (HouseKeeper.java:stopScavenging(149)) - node0 Stopped scavenging
2021-11-25 02:29:11,090 [Listener at 127.0.0.1/44827] INFO  handler.ContextHandler (ContextHandler.java:doStop(1153)) - Stopped o.e.j.s.ServletContextHandler@15ee1971{static,/static,jar:file:/home/runner/.m2/repository/org/apache/ozone/hdds-container-service/1.2.0-SNAPSHOT/hdds-container-service-1.2.0-SNAPSHOT.jar!/webapps/static,STOPPED}
2021-11-25 02:29:11,092 [Listener at 127.0.0.1/44827] INFO  handler.ContextHandler (ContextHandler.java:doStop(1153)) - Stopped o.e.j.s.ServletContextHandler@87a5f58{logs,/logs,file:///home/runner/work/ozone/ozone/hadoop-ozone/integration-test/target/log,STOPPED}
2021-11-25 02:29:11,094 [Listener at 127.0.0.1/44827] INFO  ozone.MiniOzoneClusterImpl (MiniOzoneClusterImpl.java:stopSCM(542)) - Stopping the StorageContainerManager
2021-11-25 02:29:11,095 [Listener at 127.0.0.1/44827] INFO  server.StorageContainerManager (StorageContainerManager.java:stop(1395)) - Stopping Container Balancer service.
2021-11-25 02:29:11,095 [Listener at 127.0.0.1/44827] INFO  balancer.ContainerBalancer (ContainerBalancer.java:stop(709)) - Container Balancer is not running.
2021-11-25 02:29:11,095 [Listener at 127.0.0.1/44827] INFO  server.StorageContainerManager (StorageContainerManager.java:stop(1402)) - Stopping Replication Manager Service.
2021-11-25 02:29:11,095 [Listener at 127.0.0.1/44827] INFO  container.ReplicationManager (ReplicationManager.java:stop(350)) - Stopping Replication Monitor Thread.
2021-11-25 02:29:11,096 [Listener at 127.0.0.1/44827] INFO  server.StorageContainerManager (StorageContainerManager.java:stop(1409)) - Stopping the Datanode Admin Monitor.
2021-11-25 02:29:11,096 [Listener at 127.0.0.1/44827] INFO  server.StorageContainerManager (StorageContainerManager.java:stop(1416)) - Stopping Lease Manager of the command watchers
2021-11-25 02:29:11,096 [Listener at 127.0.0.1/44827] INFO  server.StorageContainerManager (StorageContainerManager.java:stop(1423)) - Stopping datanode service RPC server
2021-11-25 02:29:11,096 [Listener at 127.0.0.1/44827] INFO  server.SCMDatanodeProtocolServer (SCMDatanodeProtocolServer.java:stop(389)) - Stopping the RPC server for DataNodes
2021-11-25 02:29:11,096 [Listener at 127.0.0.1/44827] INFO  ipc.Server (Server.java:stop(3414)) - Stopping server on 38213
2021-11-25 02:29:11,099 [IPC Server listener on 0] INFO  ipc.Server (Server.java:run(1376)) - Stopping IPC Server listener on 0
2021-11-25 02:29:11,130 [IPC Server Responder] INFO  ipc.Server (Server.java:run(1512)) - Stopping IPC Server Responder
2021-11-25 02:29:11,208 [SCM Heartbeat Processing Thread - 0] WARN  node.NodeStateManager (NodeStateManager.java:scheduleNextHealthCheck(799)) - Current Thread is interrupted, shutting down HB processing thread for Node Manager.
2021-11-25 02:29:11,209 [Listener at 127.0.0.1/44827] INFO  server.StorageContainerManager (StorageContainerManager.java:stop(1431)) - Stopping block service RPC server
2021-11-25 02:29:11,209 [Listener at 127.0.0.1/44827] INFO  server.SCMBlockProtocolServer (SCMBlockProtocolServer.java:stop(160)) - Stopping the RPC server for Block Protocol
2021-11-25 02:29:11,209 [Listener at 127.0.0.1/44827] INFO  ipc.Server (Server.java:stop(3414)) - Stopping server on 38033
2021-11-25 02:29:11,219 [IPC Server listener on 0] INFO  ipc.Server (Server.java:run(1376)) - Stopping IPC Server listener on 0
2021-11-25 02:29:11,219 [Listener at 127.0.0.1/44827] INFO  server.StorageContainerManager (StorageContainerManager.java:stop(1438)) - Stopping the StorageContainerLocationProtocol RPC server
2021-11-25 02:29:11,219 [IPC Server Responder] INFO  ipc.Server (Server.java:run(1512)) - Stopping IPC Server Responder
2021-11-25 02:29:11,219 [Listener at 127.0.0.1/44827] INFO  server.SCMClientProtocolServer (SCMClientProtocolServer.java:stop(173)) - Stopping the RPC server for Client Protocol
2021-11-25 02:29:11,220 [Listener at 127.0.0.1/44827] INFO  ipc.Server (Server.java:stop(3414)) - Stopping server on 42593
2021-11-25 02:29:11,258 [IPC Server listener on 0] INFO  ipc.Server (Server.java:run(1376)) - Stopping IPC Server listener on 0
2021-11-25 02:29:11,258 [Listener at 127.0.0.1/44827] INFO  server.StorageContainerManager (StorageContainerManager.java:stop(1445)) - Stopping Storage Container Manager HTTP server.
2021-11-25 02:29:11,259 [Listener at 127.0.0.1/44827] INFO  handler.ContextHandler (ContextHandler.java:doStop(1153)) - Stopped o.e.j.w.WebAppContext@18973d91{scm,/,null,STOPPED}{file:/home/runner/work/ozone/ozone/hadoop-ozone/integration-test/target/test-classes/webapps/scm}
2021-11-25 02:29:11,259 [IPC Server Responder] INFO  ipc.Server (Server.java:run(1512)) - Stopping IPC Server Responder
2021-11-25 02:29:11,266 [Listener at 127.0.0.1/44827] INFO  server.AbstractConnector (AbstractConnector.java:doStop(381)) - Stopped ServerConnector@5938eb23{HTTP/1.1, (http/1.1)}{0.0.0.0:0}
2021-11-25 02:29:11,266 [Listener at 127.0.0.1/44827] INFO  server.session (HouseKeeper.java:stopScavenging(149)) - node0 Stopped scavenging
2021-11-25 02:29:11,266 [Listener at 127.0.0.1/44827] INFO  handler.ContextHandler (ContextHandler.java:doStop(1153)) - Stopped o.e.j.s.ServletContextHandler@1beb4a0d{static,/static,file:///home/runner/work/ozone/ozone/hadoop-ozone/integration-test/target/test-classes/webapps/static,STOPPED}
2021-11-25 02:29:11,266 [Listener at 127.0.0.1/44827] INFO  handler.ContextHandler (ContextHandler.java:doStop(1153)) - Stopped o.e.j.s.ServletContextHandler@71b326bf{logs,/logs,file:///home/runner/work/ozone/ozone/hadoop-ozone/integration-test/target/log,STOPPED}
2021-11-25 02:29:11,277 [Listener at 127.0.0.1/44827] INFO  server.StorageContainerManager (StorageContainerManager.java:stop(1456)) - Stopping Block Manager Service.
2021-11-25 02:29:11,277 [Listener at 127.0.0.1/44827] INFO  utils.BackgroundService (BackgroundService.java:shutdown(132)) - Shutting down service SCMBlockDeletingService
2021-11-25 02:29:11,278 [Listener at 127.0.0.1/44827] INFO  utils.BackgroundService (BackgroundService.java:shutdown(132)) - Shutting down service SCMBlockDeletingService
2021-11-25 02:29:11,324 [Listener at 127.0.0.1/44827] INFO  server.StorageContainerManager (StorageContainerManager.java:stop(1483)) - Stopping SCM Event Queue.
2021-11-25 02:29:11,331 [Listener at 127.0.0.1/44827] INFO  server.StorageContainerManager (StorageContainerManager.java:stop(1494)) - Stopping SCM HA services.
2021-11-25 02:29:11,332 [Listener at 127.0.0.1/44827] INFO  pipeline.BackgroundPipelineCreator (BackgroundPipelineCreator.java:stop(158)) - Stopping RatisPipelineUtilsThread.
2021-11-25 02:29:11,336 [Listener at 127.0.0.1/44827] INFO  server.StorageContainerManager (StorageContainerManager.java:stop(1504)) - Stopping SCM MetadataStore.
2021-11-25 02:29:11,338 [Listener at 127.0.0.1/44827] INFO  impl.MetricsSystemImpl (MetricsSystemImpl.java:stop(210)) - Stopping HddsDatanode metrics system...
2021-11-25 02:29:11,376 [prometheus] INFO  impl.MetricsSinkAdapter (MetricsSinkAdapter.java:publishMetricsFromQueue(141)) - prometheus thread interrupted.
2021-11-25 02:29:11,377 [Listener at 127.0.0.1/44827] INFO  impl.MetricsSystemImpl (MetricsSystemImpl.java:stop(216)) - HddsDatanode metrics system stopped.
]]></system-out>
  </testcase>
  <testcase name="testWatchForCommitForGroupMismatchException" classname="org.apache.hadoop.ozone.client.rpc.TestWatchForCommit" time="64.532"/>
  <testcase name="test2WayCommitForTimeoutException" classname="org.apache.hadoop.ozone.client.rpc.TestWatchForCommit" time="72.559"/>
</testsuite>