<?xml version="1.0" encoding="UTF-8"?>
<testsuite xmlns:xsi="http://www.w3.org/2001/XMLSchema-instance" xsi:noNamespaceSchemaLocation="https://maven.apache.org/surefire/maven-surefire-plugin/xsd/surefire-test-report.xsd" name="org.apache.hadoop.ozone.TestMiniOzoneCluster" time="226.274" tests="5" errors="1" skipped="0" failures="0">
  <properties>
    <property name="awt.toolkit" value="sun.awt.X11.XToolkit"/>
    <property name="file.encoding.pkg" value="sun.io"/>
    <property name="java.specification.version" value="1.8"/>
    <property name="sun.cpu.isalist" value=""/>
    <property name="sun.jnu.encoding" value="UTF-8"/>
    <property name="java.class.path" value="/home/runner/work/ozone/ozone/hadoop-ozone/integration-test/target/test-classes:/home/runner/work/ozone/ozone/hadoop-ozone/integration-test/target/classes:/home/runner/.m2/repository/org/apache/ozone/ozone-common/1.2.0-SNAPSHOT/ozone-common-1.2.0-SNAPSHOT.jar:/home/runner/.m2/repository/org/apache/commons/commons-compress/1.20/commons-compress-1.20.jar:/home/runner/.m2/repository/org/apache/ozone/hdds-common/1.2.0-SNAPSHOT/hdds-common-1.2.0-SNAPSHOT.jar:/home/runner/.m2/repository/org/apache/ozone/hdds-client/1.2.0-SNAPSHOT/hdds-client-1.2.0-SNAPSHOT.jar:/home/runner/.m2/repository/org/apache/ozone/ozone-interface-client/1.2.0-SNAPSHOT/ozone-interface-client-1.2.0-SNAPSHOT.jar:/home/runner/.m2/repository/org/apache/ozone/hdds-server-framework/1.2.0-SNAPSHOT/hdds-server-framework-1.2.0-SNAPSHOT.jar:/home/runner/.m2/repository/org/apache/ozone/hdds-interface-server/1.2.0-SNAPSHOT/hdds-interface-server-1.2.0-SNAPSHOT.jar:/home/runner/.m2/repository/org/eclipse/jetty/jetty-servlet/9.4.43.v20210629/jetty-servlet-9.4.43.v20210629.jar:/home/runner/.m2/repository/org/eclipse/jetty/jetty-security/9.4.43.v20210629/jetty-security-9.4.43.v20210629.jar:/home/runner/.m2/repository/org/rocksdb/rocksdbjni/6.20.3/rocksdbjni-6.20.3.jar:/home/runner/.m2/repository/io/prometheus/simpleclient_dropwizard/0.7.0/simpleclient_dropwizard-0.7.0.jar:/home/runner/.m2/repository/io/prometheus/simpleclient/0.7.0/simpleclient-0.7.0.jar:/home/runner/.m2/repository/io/prometheus/simpleclient_common/0.7.0/simpleclient_common-0.7.0.jar:/home/runner/.m2/repository/com/fasterxml/jackson/datatype/jackson-datatype-jsr310/2.12.1/jackson-datatype-jsr310-2.12.1.jar:/home/runner/.m2/repository/org/apache/ozone/hdds-test-utils/1.2.0-SNAPSHOT/hdds-test-utils-1.2.0-SNAPSHOT.jar:/home/runner/.m2/repository/com/google/guava/guava/30.1.1-jre/guava-30.1.1-jre.jar:/home/runner/.m2/repository/com/google/guava/failureaccess/1.0.1/failureaccess-1.0.1.jar:/home/runner/.m2/repository/com/google/guava/listenablefuture/9999.0-empty-to-avoid-conflict-with-guava/listenablefuture-9999.0-empty-to-avoid-conflict-with-guava.jar:/home/runner/.m2/repository/com/google/code/findbugs/jsr305/3.0.0/jsr305-3.0.0.jar:/home/runner/.m2/repository/org/checkerframework/checker-qual/3.8.0/checker-qual-3.8.0.jar:/home/runner/.m2/repository/com/google/errorprone/error_prone_annotations/2.2.0/error_prone_annotations-2.2.0.jar:/home/runner/.m2/repository/com/google/j2objc/j2objc-annotations/1.3/j2objc-annotations-1.3.jar:/home/runner/.m2/repository/commons-io/commons-io/2.8.0/commons-io-2.8.0.jar:/home/runner/.m2/repository/commons-logging/commons-logging/1.2/commons-logging-1.2.jar:/home/runner/.m2/repository/log4j/log4j/1.2.17/log4j-1.2.17.jar:/home/runner/.m2/repository/org/slf4j/slf4j-api/1.7.30/slf4j-api-1.7.30.jar:/home/runner/.m2/repository/org/apache/ozone/hdds-server-scm/1.2.0-SNAPSHOT/hdds-server-scm-1.2.0-SNAPSHOT.jar:/home/runner/.m2/repository/org/apache/ozone/hdds-container-service/1.2.0-SNAPSHOT/hdds-container-service-1.2.0-SNAPSHOT.jar:/home/runner/.m2/repository/org/apache/ozone/hdds-hadoop-dependency-server/1.2.0-SNAPSHOT/hdds-hadoop-dependency-server-1.2.0-SNAPSHOT.jar:/home/runner/.m2/repository/org/apache/hadoop/hadoop-hdfs/3.3.1/hadoop-hdfs-3.3.1.jar:/home/runner/.m2/repository/io/dropwizard/metrics/metrics-core/3.2.4/metrics-core-3.2.4.jar:/home/runner/.m2/repository/org/apache/hadoop/hadoop-hdfs-client/3.3.1/hadoop-hdfs-client-3.3.1.jar:/home/runner/.m2/repository/org/bouncycastle/bcprov-jdk15on/1.67/bcprov-jdk15on-1.67.jar:/home/runner/.m2/repository/com/google/protobuf/protobuf-java/2.5.0/protobuf-java-2.5.0.jar:/home/runner/.m2/repository/org/apache/ozone/ozone-manager/1.2.0-SNAPSHOT/ozone-manager-1.2.0-SNAPSHOT.jar:/home/runner/.m2/repository/org/aspectj/aspectjrt/1.8.9/aspectjrt-1.8.9.jar:/home/runner/.m2/repository/org/aspectj/aspectjweaver/1.8.9/aspectjweaver-1.8.9.jar:/home/runner/.m2/repository/org/apache/ozone/hdds-interface-client/1.2.0-SNAPSHOT/hdds-interface-client-1.2.0-SNAPSHOT.jar:/home/runner/.m2/repository/org/apache/hadoop/thirdparty/hadoop-shaded-protobuf_3_7/1.1.1/hadoop-shaded-protobuf_3_7-1.1.1.jar:/home/runner/.m2/repository/org/apache/ozone/ozone-interface-storage/1.2.0-SNAPSHOT/ozone-interface-storage-1.2.0-SNAPSHOT.jar:/home/runner/.m2/repository/org/reflections/reflections/0.9.11/reflections-0.9.11.jar:/home/runner/.m2/repository/org/apache/hadoop/hadoop-minikdc/3.3.1/hadoop-minikdc-3.3.1.jar:/home/runner/.m2/repository/org/apache/kerby/kerb-simplekdc/1.0.1/kerb-simplekdc-1.0.1.jar:/home/runner/.m2/repository/org/apache/kerby/kerb-client/1.0.1/kerb-client-1.0.1.jar:/home/runner/.m2/repository/org/apache/kerby/kerby-config/1.0.1/kerby-config-1.0.1.jar:/home/runner/.m2/repository/org/apache/kerby/kerb-common/1.0.1/kerb-common-1.0.1.jar:/home/runner/.m2/repository/org/apache/kerby/kerb-crypto/1.0.1/kerb-crypto-1.0.1.jar:/home/runner/.m2/repository/org/apache/kerby/kerb-util/1.0.1/kerb-util-1.0.1.jar:/home/runner/.m2/repository/org/apache/kerby/token-provider/1.0.1/token-provider-1.0.1.jar:/home/runner/.m2/repository/org/apache/kerby/kerb-admin/1.0.1/kerb-admin-1.0.1.jar:/home/runner/.m2/repository/org/apache/kerby/kerb-server/1.0.1/kerb-server-1.0.1.jar:/home/runner/.m2/repository/org/apache/kerby/kerb-identity/1.0.1/kerb-identity-1.0.1.jar:/home/runner/.m2/repository/org/apache/kerby/kerby-xdr/1.0.1/kerby-xdr-1.0.1.jar:/home/runner/.m2/repository/org/slf4j/slf4j-log4j12/1.7.30/slf4j-log4j12-1.7.30.jar:/home/runner/.m2/repository/org/apache/ozone/ozone-s3gateway/1.2.0-SNAPSHOT/ozone-s3gateway-1.2.0-SNAPSHOT.jar:/home/runner/.m2/repository/org/javassist/javassist/3.21.0-GA/javassist-3.21.0-GA.jar:/home/runner/.m2/repository/org/jboss/weld/servlet/weld-servlet/2.4.7.Final/weld-servlet-2.4.7.Final.jar:/home/runner/.m2/repository/org/glassfish/jersey/containers/jersey-container-servlet-core/2.33/jersey-container-servlet-core-2.33.jar:/home/runner/.m2/repository/org/glassfish/hk2/external/jakarta.inject/2.6.1/jakarta.inject-2.6.1.jar:/home/runner/.m2/repository/org/glassfish/jersey/core/jersey-common/2.33/jersey-common-2.33.jar:/home/runner/.m2/repository/jakarta/ws/rs/jakarta.ws.rs-api/2.1.6/jakarta.ws.rs-api-2.1.6.jar:/home/runner/.m2/repository/org/glassfish/jersey/ext/cdi/jersey-cdi1x/2.33/jersey-cdi1x-2.33.jar:/home/runner/.m2/repository/org/glassfish/jersey/inject/jersey-hk2/2.33/jersey-hk2-2.33.jar:/home/runner/.m2/repository/org/glassfish/hk2/hk2-locator/2.6.1/hk2-locator-2.6.1.jar:/home/runner/.m2/repository/org/glassfish/jersey/media/jersey-media-jaxb/2.33/jersey-media-jaxb-2.33.jar:/home/runner/.m2/repository/org/glassfish/hk2/osgi-resource-locator/1.0.3/osgi-resource-locator-1.0.3.jar:/home/runner/.m2/repository/org/glassfish/hk2/hk2-api/2.5.0/hk2-api-2.5.0.jar:/home/runner/.m2/repository/org/glassfish/hk2/hk2-utils/2.5.0/hk2-utils-2.5.0.jar:/home/runner/.m2/repository/org/glassfish/hk2/external/aopalliance-repackaged/2.5.0/aopalliance-repackaged-2.5.0.jar:/home/runner/.m2/repository/com/fasterxml/jackson/dataformat/jackson-dataformat-xml/2.12.1/jackson-dataformat-xml-2.12.1.jar:/home/runner/.m2/repository/com/fasterxml/jackson/core/jackson-core/2.12.1/jackson-core-2.12.1.jar:/home/runner/.m2/repository/com/fasterxml/jackson/module/jackson-module-jaxb-annotations/2.12.1/jackson-module-jaxb-annotations-2.12.1.jar:/home/runner/.m2/repository/jakarta/xml/bind/jakarta.xml.bind-api/2.3.2/jakarta.xml.bind-api-2.3.2.jar:/home/runner/.m2/repository/org/codehaus/woodstox/stax2-api/3.1.4/stax2-api-3.1.4.jar:/home/runner/.m2/repository/com/fasterxml/woodstox/woodstox-core/5.0.3/woodstox-core-5.0.3.jar:/home/runner/.m2/repository/javax/enterprise/cdi-api/1.2/cdi-api-1.2.jar:/home/runner/.m2/repository/javax/el/javax.el-api/3.0.0/javax.el-api-3.0.0.jar:/home/runner/.m2/repository/javax/interceptor/javax.interceptor-api/1.2/javax.interceptor-api-1.2.jar:/home/runner/.m2/repository/javax/inject/javax.inject/1/javax.inject-1.jar:/home/runner/.m2/repository/javax/xml/bind/jaxb-api/2.3.0/jaxb-api-2.3.0.jar:/home/runner/.m2/repository/org/glassfish/jaxb/jaxb-runtime/2.3.0.1/jaxb-runtime-2.3.0.1.jar:/home/runner/.m2/repository/org/glassfish/jaxb/jaxb-core/2.3.0.1/jaxb-core-2.3.0.1.jar:/home/runner/.m2/repository/org/glassfish/jaxb/txw2/2.3.0.1/txw2-2.3.0.1.jar:/home/runner/.m2/repository/com/sun/istack/istack-commons-runtime/3.0.5/istack-commons-runtime-3.0.5.jar:/home/runner/.m2/repository/org/jvnet/staxex/stax-ex/1.7.8/stax-ex-1.7.8.jar:/home/runner/.m2/repository/com/sun/xml/fastinfoset/FastInfoset/1.2.13/FastInfoset-1.2.13.jar:/home/runner/.m2/repository/javax/activation/activation/1.1.1/activation-1.1.1.jar:/home/runner/.m2/repository/org/apache/ozone/ozone-csi/1.2.0-SNAPSHOT/ozone-csi-1.2.0-SNAPSHOT.jar:/home/runner/.m2/repository/com/google/protobuf/protobuf-java-util/3.12.0/protobuf-java-util-3.12.0.jar:/home/runner/.m2/repository/com/google/code/gson/gson/2.2.4/gson-2.2.4.jar:/home/runner/.m2/repository/org/apache/ozone/hdds-config/1.2.0-SNAPSHOT/hdds-config-1.2.0-SNAPSHOT.jar:/home/runner/.m2/repository/io/grpc/grpc-netty/1.33.0/grpc-netty-1.33.0.jar:/home/runner/.m2/repository/io/grpc/grpc-core/1.33.0/grpc-core-1.33.0.jar:/home/runner/.m2/repository/com/google/android/annotations/4.1.1.4/annotations-4.1.1.4.jar:/home/runner/.m2/repository/io/netty/netty-codec-http2/4.1.63.Final/netty-codec-http2-4.1.63.Final.jar:/home/runner/.m2/repository/io/netty/netty-codec-http/4.1.63.Final/netty-codec-http-4.1.63.Final.jar:/home/runner/.m2/repository/io/netty/netty-handler-proxy/4.1.63.Final/netty-handler-proxy-4.1.63.Final.jar:/home/runner/.m2/repository/io/netty/netty-codec-socks/4.1.63.Final/netty-codec-socks-4.1.63.Final.jar:/home/runner/.m2/repository/io/perfmark/perfmark-api/0.19.0/perfmark-api-0.19.0.jar:/home/runner/.m2/repository/org/codehaus/mojo/animal-sniffer-annotations/1.18/animal-sniffer-annotations-1.18.jar:/home/runner/.m2/repository/io/netty/netty-transport-native-epoll/4.1.63.Final/netty-transport-native-epoll-4.1.63.Final.jar:/home/runner/.m2/repository/io/netty/netty-common/4.1.63.Final/netty-common-4.1.63.Final.jar:/home/runner/.m2/repository/io/netty/netty-buffer/4.1.63.Final/netty-buffer-4.1.63.Final.jar:/home/runner/.m2/repository/io/netty/netty-transport-native-unix-common/4.1.63.Final/netty-transport-native-unix-common-4.1.63.Final.jar:/home/runner/.m2/repository/io/grpc/grpc-protobuf/1.33.0/grpc-protobuf-1.33.0.jar:/home/runner/.m2/repository/io/grpc/grpc-api/1.33.0/grpc-api-1.33.0.jar:/home/runner/.m2/repository/io/grpc/grpc-context/1.33.0/grpc-context-1.33.0.jar:/home/runner/.m2/repository/com/google/api/grpc/proto-google-common-protos/1.17.0/proto-google-common-protos-1.17.0.jar:/home/runner/.m2/repository/io/grpc/grpc-protobuf-lite/1.33.0/grpc-protobuf-lite-1.33.0.jar:/home/runner/.m2/repository/io/grpc/grpc-stub/1.33.0/grpc-stub-1.33.0.jar:/home/runner/.m2/repository/org/apache/ozone/ozone-recon/1.2.0-SNAPSHOT/ozone-recon-1.2.0-SNAPSHOT.jar:/home/runner/.m2/repository/org/apache/ozone/ozone-reconcodegen/1.2.0-SNAPSHOT/ozone-reconcodegen-1.2.0-SNAPSHOT.jar:/home/runner/.m2/repository/com/google/inject/extensions/guice-multibindings/4.0/guice-multibindings-4.0.jar:/home/runner/.m2/repository/com/google/inject/guice/4.0/guice-4.0.jar:/home/runner/.m2/repository/aopalliance/aopalliance/1.0/aopalliance-1.0.jar:/home/runner/.m2/repository/com/google/inject/extensions/guice-assistedinject/4.0/guice-assistedinject-4.0.jar:/home/runner/.m2/repository/com/google/inject/extensions/guice-servlet/4.0/guice-servlet-4.0.jar:/home/runner/.m2/repository/org/glassfish/jersey/containers/jersey-container-servlet/2.33/jersey-container-servlet-2.33.jar:/home/runner/.m2/repository/org/glassfish/hk2/guice-bridge/2.5.0/guice-bridge-2.5.0.jar:/home/runner/.m2/repository/org/glassfish/jersey/core/jersey-server/2.33/jersey-server-2.33.jar:/home/runner/.m2/repository/org/glassfish/jersey/core/jersey-client/2.33/jersey-client-2.33.jar:/home/runner/.m2/repository/jakarta/annotation/jakarta.annotation-api/1.3.5/jakarta.annotation-api-1.3.5.jar:/home/runner/.m2/repository/jakarta/validation/jakarta.validation-api/2.0.2/jakarta.validation-api-2.0.2.jar:/home/runner/.m2/repository/org/glassfish/jersey/media/jersey-media-json-jackson/2.33/jersey-media-json-jackson-2.33.jar:/home/runner/.m2/repository/org/glassfish/jersey/ext/jersey-entity-filtering/2.33/jersey-entity-filtering-2.33.jar:/home/runner/.m2/repository/org/jooq/jooq/3.11.10/jooq-3.11.10.jar:/home/runner/.m2/repository/org/jooq/jooq-meta/3.11.10/jooq-meta-3.11.10.jar:/home/runner/.m2/repository/org/jooq/jooq-codegen/3.11.10/jooq-codegen-3.11.10.jar:/home/runner/.m2/repository/com/jolbox/bonecp/0.8.0.RELEASE/bonecp-0.8.0.RELEASE.jar:/home/runner/.m2/repository/org/apache/derby/derby/10.14.2.0/derby-10.14.2.0.jar:/home/runner/.m2/repository/org/xerial/sqlite-jdbc/3.25.2/sqlite-jdbc-3.25.2.jar:/home/runner/.m2/repository/org/springframework/spring-jdbc/5.2.11.RELEASE/spring-jdbc-5.2.11.RELEASE.jar:/home/runner/.m2/repository/org/springframework/spring-beans/5.2.11.RELEASE/spring-beans-5.2.11.RELEASE.jar:/home/runner/.m2/repository/org/springframework/spring-core/5.2.11.RELEASE/spring-core-5.2.11.RELEASE.jar:/home/runner/.m2/repository/org/springframework/spring-jcl/5.2.11.RELEASE/spring-jcl-5.2.11.RELEASE.jar:/home/runner/.m2/repository/org/springframework/spring-tx/5.2.11.RELEASE/spring-tx-5.2.11.RELEASE.jar:/home/runner/.m2/repository/org/apache/ozone/ozone-client/1.2.0-SNAPSHOT/ozone-client-1.2.0-SNAPSHOT.jar:/home/runner/.m2/repository/org/apache/ozone/ozone-filesystem/1.2.0-SNAPSHOT/ozone-filesystem-1.2.0-SNAPSHOT.jar:/home/runner/.m2/repository/org/apache/ozone/ozone-filesystem-common/1.2.0-SNAPSHOT/ozone-filesystem-common-1.2.0-SNAPSHOT.jar:/home/runner/.m2/repository/org/apache/ozone/ozone-tools/1.2.0-SNAPSHOT/ozone-tools-1.2.0-SNAPSHOT.jar:/home/runner/.m2/repository/org/apache/ratis/ratis-tools/2.1.0-03f3b68-SNAPSHOT/ratis-tools-2.1.0-03f3b68-SNAPSHOT.jar:/home/runner/.m2/repository/com/amazonaws/aws-java-sdk-core/1.11.901/aws-java-sdk-core-1.11.901.jar:/home/runner/.m2/repository/org/apache/httpcomponents/httpclient/4.5.13/httpclient-4.5.13.jar:/home/runner/.m2/repository/org/apache/httpcomponents/httpcore/4.4.13/httpcore-4.4.13.jar:/home/runner/.m2/repository/software/amazon/ion/ion-java/1.0.2/ion-java-1.0.2.jar:/home/runner/.m2/repository/com/fasterxml/jackson/dataformat/jackson-dataformat-cbor/2.12.1/jackson-dataformat-cbor-2.12.1.jar:/home/runner/.m2/repository/joda-time/joda-time/2.8.1/joda-time-2.8.1.jar:/home/runner/.m2/repository/com/amazonaws/aws-java-sdk-s3/1.11.901/aws-java-sdk-s3-1.11.901.jar:/home/runner/.m2/repository/com/amazonaws/aws-java-sdk-kms/1.11.901/aws-java-sdk-kms-1.11.901.jar:/home/runner/.m2/repository/com/amazonaws/jmespath-java/1.11.901/jmespath-java-1.11.901.jar:/home/runner/.m2/repository/org/kohsuke/metainf-services/metainf-services/1.8/metainf-services-1.8.jar:/home/runner/.m2/repository/org/apache/ozone/hdds-tools/1.2.0-SNAPSHOT/hdds-tools-1.2.0-SNAPSHOT.jar:/home/runner/.m2/repository/commons-cli/commons-cli/1.2/commons-cli-1.2.jar:/home/runner/.m2/repository/org/apache/commons/commons-lang3/3.7/commons-lang3-3.7.jar:/home/runner/.m2/repository/org/apache/ozone/ozone-manager/1.2.0-SNAPSHOT/ozone-manager-1.2.0-SNAPSHOT-tests.jar:/home/runner/.m2/repository/org/apache/ozone/hdds-common/1.2.0-SNAPSHOT/hdds-common-1.2.0-SNAPSHOT-tests.jar:/home/runner/.m2/repository/org/apache/ozone/hdds-hadoop-dependency-client/1.2.0-SNAPSHOT/hdds-hadoop-dependency-client-1.2.0-SNAPSHOT.jar:/home/runner/.m2/repository/info/picocli/picocli/4.4.0/picocli-4.4.0.jar:/home/runner/.m2/repository/com/fasterxml/jackson/core/jackson-annotations/2.12.1/jackson-annotations-2.12.1.jar:/home/runner/.m2/repository/javax/annotation/javax.annotation-api/1.2/javax.annotation-api-1.2.jar:/home/runner/.m2/repository/org/apache/ratis/ratis-server/2.1.0-03f3b68-SNAPSHOT/ratis-server-2.1.0-03f3b68-SNAPSHOT.jar:/home/runner/.m2/repository/org/apache/ratis/ratis-client/2.1.0-03f3b68-SNAPSHOT/ratis-client-2.1.0-03f3b68-SNAPSHOT.jar:/home/runner/.m2/repository/org/apache/ratis/ratis-server-api/2.1.0-03f3b68-SNAPSHOT/ratis-server-api-2.1.0-03f3b68-SNAPSHOT.jar:/home/runner/.m2/repository/org/apache/ratis/ratis-metrics/2.1.0-03f3b68-SNAPSHOT/ratis-metrics-2.1.0-03f3b68-SNAPSHOT.jar:/home/runner/.m2/repository/org/apache/ratis/ratis-netty/2.1.0-03f3b68-SNAPSHOT/ratis-netty-2.1.0-03f3b68-SNAPSHOT.jar:/home/runner/.m2/repository/org/apache/ratis/ratis-grpc/2.1.0-03f3b68-SNAPSHOT/ratis-grpc-2.1.0-03f3b68-SNAPSHOT.jar:/home/runner/.m2/repository/org/apache/logging/log4j/log4j-api/2.13.3/log4j-api-2.13.3.jar:/home/runner/.m2/repository/org/apache/logging/log4j/log4j-core/2.13.3/log4j-core-2.13.3.jar:/home/runner/.m2/repository/com/lmax/disruptor/3.4.2/disruptor-3.4.2.jar:/home/runner/.m2/repository/org/apache/commons/commons-pool2/2.6.0/commons-pool2-2.6.0.jar:/home/runner/.m2/repository/org/bouncycastle/bcpkix-jdk15on/1.67/bcpkix-jdk15on-1.67.jar:/home/runner/.m2/repository/commons-validator/commons-validator/1.6/commons-validator-1.6.jar:/home/runner/.m2/repository/commons-beanutils/commons-beanutils/1.9.4/commons-beanutils-1.9.4.jar:/home/runner/.m2/repository/commons-digester/commons-digester/1.8.1/commons-digester-1.8.1.jar:/home/runner/.m2/repository/commons-collections/commons-collections/3.2.2/commons-collections-3.2.2.jar:/home/runner/.m2/repository/io/jaegertracing/jaeger-client/1.6.0/jaeger-client-1.6.0.jar:/home/runner/.m2/repository/io/jaegertracing/jaeger-thrift/1.6.0/jaeger-thrift-1.6.0.jar:/home/runner/.m2/repository/org/apache/thrift/libthrift/0.14.1/libthrift-0.14.1.jar:/home/runner/.m2/repository/com/squareup/okhttp3/okhttp/4.9.0/okhttp-4.9.0.jar:/home/runner/.m2/repository/com/squareup/okio/okio/2.8.0/okio-2.8.0.jar:/home/runner/.m2/repository/io/jaegertracing/jaeger-core/1.6.0/jaeger-core-1.6.0.jar:/home/runner/.m2/repository/io/jaegertracing/jaeger-tracerresolver/1.6.0/jaeger-tracerresolver-1.6.0.jar:/home/runner/.m2/repository/io/opentracing/contrib/opentracing-tracerresolver/0.1.8/opentracing-tracerresolver-0.1.8.jar:/home/runner/.m2/repository/org/jetbrains/kotlin/kotlin-stdlib/1.4.31/kotlin-stdlib-1.4.31.jar:/home/runner/.m2/repository/org/jetbrains/kotlin/kotlin-stdlib-common/1.4.31/kotlin-stdlib-common-1.4.31.jar:/home/runner/.m2/repository/org/jetbrains/annotations/13.0/annotations-13.0.jar:/home/runner/.m2/repository/io/opentracing/opentracing-util/0.33.0/opentracing-util-0.33.0.jar:/home/runner/.m2/repository/io/opentracing/opentracing-api/0.33.0/opentracing-api-0.33.0.jar:/home/runner/.m2/repository/io/opentracing/opentracing-noop/0.33.0/opentracing-noop-0.33.0.jar:/home/runner/.m2/repository/org/yaml/snakeyaml/1.26/snakeyaml-1.26.jar:/home/runner/.m2/repository/org/apache/ozone/hdds-interface-admin/1.2.0-SNAPSHOT/hdds-interface-admin-1.2.0-SNAPSHOT.jar:/home/runner/.m2/repository/junit/junit/4.13.1/junit-4.13.1.jar:/home/runner/.m2/repository/org/hamcrest/hamcrest-core/1.3/hamcrest-core-1.3.jar:/home/runner/.m2/repository/org/junit/jupiter/junit-jupiter-api/5.7.0/junit-jupiter-api-5.7.0.jar:/home/runner/.m2/repository/org/apiguardian/apiguardian-api/1.1.0/apiguardian-api-1.1.0.jar:/home/runner/.m2/repository/org/opentest4j/opentest4j/1.2.0/opentest4j-1.2.0.jar:/home/runner/.m2/repository/org/junit/platform/junit-platform-commons/1.7.0/junit-platform-commons-1.7.0.jar:/home/runner/.m2/repository/org/junit/jupiter/junit-jupiter-engine/5.7.0/junit-jupiter-engine-5.7.0.jar:/home/runner/.m2/repository/org/junit/platform/junit-platform-engine/1.7.0/junit-platform-engine-1.7.0.jar:/home/runner/.m2/repository/org/junit/vintage/junit-vintage-engine/5.7.0/junit-vintage-engine-5.7.0.jar:/home/runner/.m2/repository/org/junit/platform/junit-platform-launcher/1.7.0/junit-platform-launcher-1.7.0.jar:/home/runner/.m2/repository/org/openjdk/jmh/jmh-core/1.19/jmh-core-1.19.jar:/home/runner/.m2/repository/net/sf/jopt-simple/jopt-simple/4.6/jopt-simple-4.6.jar:/home/runner/.m2/repository/org/apache/commons/commons-math3/3.1.1/commons-math3-3.1.1.jar:/home/runner/.m2/repository/org/openjdk/jmh/jmh-generator-annprocess/1.19/jmh-generator-annprocess-1.19.jar:/home/runner/.m2/repository/org/mockito/mockito-core/2.28.2/mockito-core-2.28.2.jar:/home/runner/.m2/repository/net/bytebuddy/byte-buddy/1.9.10/byte-buddy-1.9.10.jar:/home/runner/.m2/repository/net/bytebuddy/byte-buddy-agent/1.9.10/byte-buddy-agent-1.9.10.jar:/home/runner/.m2/repository/org/objenesis/objenesis/1.0/objenesis-1.0.jar:/home/runner/.m2/repository/org/apache/hadoop/hadoop-kms/3.3.1/hadoop-kms-3.3.1.jar:/home/runner/.m2/repository/org/apache/hadoop/hadoop-auth/3.3.1/hadoop-auth-3.3.1.jar:/home/runner/.m2/repository/com/nimbusds/nimbus-jose-jwt/7.9/nimbus-jose-jwt-7.9.jar:/home/runner/.m2/repository/com/github/stephenc/jcip/jcip-annotations/1.0-1/jcip-annotations-1.0-1.jar:/home/runner/.m2/repository/net/minidev/json-smart/2.3/json-smart-2.3.jar:/home/runner/.m2/repository/net/minidev/accessors-smart/1.2/accessors-smart-1.2.jar:/home/runner/.m2/repository/org/ow2/asm/asm/5.0.4/asm-5.0.4.jar:/home/runner/.m2/repository/org/apache/zookeeper/zookeeper/3.5.6/zookeeper-3.5.6.jar:/home/runner/.m2/repository/org/apache/zookeeper/zookeeper-jute/3.5.6/zookeeper-jute-3.5.6.jar:/home/runner/.m2/repository/org/apache/yetus/audience-annotations/0.5.0/audience-annotations-0.5.0.jar:/home/runner/.m2/repository/org/apache/curator/curator-framework/4.2.0/curator-framework-4.2.0.jar:/home/runner/.m2/repository/org/apache/hadoop/thirdparty/hadoop-shaded-guava/1.1.1/hadoop-shaded-guava-1.1.1.jar:/home/runner/.m2/repository/com/sun/jersey/jersey-core/1.19/jersey-core-1.19.jar:/home/runner/.m2/repository/javax/ws/rs/jsr311-api/1.1.1/jsr311-api-1.1.1.jar:/home/runner/.m2/repository/com/sun/jersey/jersey-server/1.19/jersey-server-1.19.jar:/home/runner/.m2/repository/javax/servlet/javax.servlet-api/3.1.0/javax.servlet-api-3.1.0.jar:/home/runner/.m2/repository/org/eclipse/jetty/jetty-server/9.4.43.v20210629/jetty-server-9.4.43.v20210629.jar:/home/runner/.m2/repository/org/eclipse/jetty/jetty-http/9.4.43.v20210629/jetty-http-9.4.43.v20210629.jar:/home/runner/.m2/repository/org/eclipse/jetty/jetty-io/9.4.43.v20210629/jetty-io-9.4.43.v20210629.jar:/home/runner/.m2/repository/org/eclipse/jetty/jetty-webapp/9.4.43.v20210629/jetty-webapp-9.4.43.v20210629.jar:/home/runner/.m2/repository/org/eclipse/jetty/jetty-xml/9.4.43.v20210629/jetty-xml-9.4.43.v20210629.jar:/home/runner/.m2/repository/org/apache/hadoop/hadoop-common/3.3.1/hadoop-common-3.3.1.jar:/home/runner/.m2/repository/commons-net/commons-net/3.6/commons-net-3.6.jar:/home/runner/.m2/repository/jakarta/activation/jakarta.activation-api/1.2.1/jakarta.activation-api-1.2.1.jar:/home/runner/.m2/repository/com/sun/jersey/jersey-servlet/1.19/jersey-servlet-1.19.jar:/home/runner/.m2/repository/com/sun/jersey/jersey-json/1.19/jersey-json-1.19.jar:/home/runner/.m2/repository/org/codehaus/jettison/jettison/1.1/jettison-1.1.jar:/home/runner/.m2/repository/com/sun/xml/bind/jaxb-impl/2.2.3-1/jaxb-impl-2.2.3-1.jar:/home/runner/.m2/repository/org/codehaus/jackson/jackson-jaxrs/1.9.2/jackson-jaxrs-1.9.2.jar:/home/runner/.m2/repository/org/codehaus/jackson/jackson-xc/1.9.2/jackson-xc-1.9.2.jar:/home/runner/.m2/repository/org/apache/commons/commons-configuration2/2.1.1/commons-configuration2-2.1.1.jar:/home/runner/.m2/repository/org/apache/commons/commons-text/1.4/commons-text-1.4.jar:/home/runner/.m2/repository/com/google/re2j/re2j/1.1/re2j-1.1.jar:/home/runner/.m2/repository/com/jcraft/jsch/0.1.54/jsch-0.1.54.jar:/home/runner/.m2/repository/org/apache/curator/curator-client/4.2.0/curator-client-4.2.0.jar:/home/runner/.m2/repository/org/apache/curator/curator-recipes/4.2.0/curator-recipes-4.2.0.jar:/home/runner/.m2/repository/org/apache/kerby/kerb-core/1.0.1/kerb-core-1.0.1.jar:/home/runner/.m2/repository/org/apache/kerby/kerby-pkix/1.0.1/kerby-pkix-1.0.1.jar:/home/runner/.m2/repository/org/apache/kerby/kerby-asn1/1.0.1/kerby-asn1-1.0.1.jar:/home/runner/.m2/repository/org/apache/kerby/kerby-util/1.0.1/kerby-util-1.0.1.jar:/home/runner/.m2/repository/dnsjava/dnsjava/2.1.7/dnsjava-2.1.7.jar:/home/runner/.m2/repository/org/xerial/snappy/snappy-java/1.1.8.2/snappy-java-1.1.8.2.jar:/home/runner/.m2/repository/org/slf4j/jul-to-slf4j/1.7.30/jul-to-slf4j-1.7.30.jar:/home/runner/.m2/repository/org/eclipse/jetty/jetty-util/9.4.43.v20210629/jetty-util-9.4.43.v20210629.jar:/home/runner/.m2/repository/com/fasterxml/jackson/core/jackson-databind/2.12.1/jackson-databind-2.12.1.jar:/home/runner/.m2/repository/org/apache/hadoop/hadoop-kms/3.3.1/hadoop-kms-3.3.1-tests.jar:/home/runner/.m2/repository/org/apache/ozone/hdds-server-scm/1.2.0-SNAPSHOT/hdds-server-scm-1.2.0-SNAPSHOT-tests.jar:/home/runner/.m2/repository/org/apache/ozone/hdds-container-service/1.2.0-SNAPSHOT/hdds-container-service-1.2.0-SNAPSHOT-tests.jar:/home/runner/.m2/repository/commons-codec/commons-codec/1.11/commons-codec-1.11.jar:/home/runner/.m2/repository/io/netty/netty-transport/4.1.63.Final/netty-transport-4.1.63.Final.jar:/home/runner/.m2/repository/io/netty/netty-resolver/4.1.63.Final/netty-resolver-4.1.63.Final.jar:/home/runner/.m2/repository/io/netty/netty-codec/4.1.63.Final/netty-codec-4.1.63.Final.jar:/home/runner/.m2/repository/io/netty/netty-handler/4.1.63.Final/netty-handler-4.1.63.Final.jar:/home/runner/.m2/repository/org/apache/ozone/hdds-hadoop-dependency-test/1.2.0-SNAPSHOT/hdds-hadoop-dependency-test-1.2.0-SNAPSHOT.jar:/home/runner/.m2/repository/org/apache/hadoop/hadoop-common/3.3.1/hadoop-common-3.3.1-tests.jar:/home/runner/.m2/repository/org/assertj/assertj-core/3.12.2/assertj-core-3.12.2.jar:/home/runner/.m2/repository/org/apache/hadoop/hadoop-hdfs/3.3.1/hadoop-hdfs-3.3.1-tests.jar:/home/runner/.m2/repository/org/eclipse/jetty/jetty-util-ajax/9.4.43.v20210629/jetty-util-ajax-9.4.43.v20210629.jar:/home/runner/.m2/repository/commons-daemon/commons-daemon/1.0.13/commons-daemon-1.0.13.jar:/home/runner/.m2/repository/io/netty/netty/3.10.6.Final/netty-3.10.6.Final.jar:/home/runner/.m2/repository/io/netty/netty-all/4.1.63.Final/netty-all-4.1.63.Final.jar:/home/runner/.m2/repository/org/apache/htrace/htrace-core4/4.1.0-incubating/htrace-core4-4.1.0-incubating.jar:/home/runner/.m2/repository/org/fusesource/leveldbjni/leveldbjni-all/1.8/leveldbjni-all-1.8.jar:/home/runner/.m2/repository/org/apache/hadoop/hadoop-distcp/3.3.1/hadoop-distcp-3.3.1.jar:/home/runner/.m2/repository/org/apache/hadoop/hadoop-mapreduce-client-jobclient/3.3.1/hadoop-mapreduce-client-jobclient-3.3.1.jar:/home/runner/.m2/repository/org/apache/hadoop/hadoop-mapreduce-client-common/3.3.1/hadoop-mapreduce-client-common-3.3.1.jar:/home/runner/.m2/repository/org/apache/hadoop/hadoop-yarn-common/3.3.1/hadoop-yarn-common-3.3.1.jar:/home/runner/.m2/repository/org/apache/hadoop/hadoop-yarn-api/3.3.1/hadoop-yarn-api-3.3.1.jar:/home/runner/.m2/repository/com/sun/jersey/jersey-client/1.19/jersey-client-1.19.jar:/home/runner/.m2/repository/com/sun/jersey/contribs/jersey-guice/1.19/jersey-guice-1.19.jar:/home/runner/.m2/repository/com/fasterxml/jackson/jaxrs/jackson-jaxrs-json-provider/2.12.1/jackson-jaxrs-json-provider-2.12.1.jar:/home/runner/.m2/repository/com/fasterxml/jackson/jaxrs/jackson-jaxrs-base/2.12.1/jackson-jaxrs-base-2.12.1.jar:/home/runner/.m2/repository/org/apache/hadoop/hadoop-yarn-client/3.3.1/hadoop-yarn-client-3.3.1.jar:/home/runner/.m2/repository/org/eclipse/jetty/websocket/websocket-client/9.4.40.v20210413/websocket-client-9.4.40.v20210413.jar:/home/runner/.m2/repository/org/eclipse/jetty/jetty-client/9.4.40.v20210413/jetty-client-9.4.40.v20210413.jar:/home/runner/.m2/repository/org/eclipse/jetty/websocket/websocket-common/9.4.40.v20210413/websocket-common-9.4.40.v20210413.jar:/home/runner/.m2/repository/org/eclipse/jetty/websocket/websocket-api/9.4.40.v20210413/websocket-api-9.4.40.v20210413.jar:/home/runner/.m2/repository/org/jline/jline/3.9.0/jline-3.9.0.jar:/home/runner/.m2/repository/org/apache/hadoop/hadoop-mapreduce-client-core/3.3.1/hadoop-mapreduce-client-core-3.3.1.jar:/home/runner/.m2/repository/org/apache/avro/avro/1.7.7/avro-1.7.7.jar:/home/runner/.m2/repository/org/codehaus/jackson/jackson-core-asl/1.9.13/jackson-core-asl-1.9.13.jar:/home/runner/.m2/repository/org/codehaus/jackson/jackson-mapper-asl/1.9.13/jackson-mapper-asl-1.9.13.jar:/home/runner/.m2/repository/com/thoughtworks/paranamer/paranamer/2.3/paranamer-2.3.jar:/home/runner/.m2/repository/org/apache/hadoop/hadoop-annotations/3.3.1/hadoop-annotations-3.3.1.jar:/usr/lib/jvm/adoptopenjdk-8-hotspot-amd64/jre/../lib/tools.jar:/home/runner/.m2/repository/org/apache/hadoop/hadoop-distcp/3.3.1/hadoop-distcp-3.3.1-tests.jar:/home/runner/.m2/repository/org/apache/ratis/ratis-common/2.1.0-03f3b68-SNAPSHOT/ratis-common-2.1.0-03f3b68-SNAPSHOT.jar:/home/runner/.m2/repository/org/apache/ratis/ratis-thirdparty-misc/0.7.0/ratis-thirdparty-misc-0.7.0.jar:/home/runner/.m2/repository/org/apache/ratis/ratis-proto/2.1.0-03f3b68-SNAPSHOT/ratis-proto-2.1.0-03f3b68-SNAPSHOT.jar:"/>
    <property name="java.vm.vendor" value="AdoptOpenJDK"/>
    <property name="sun.arch.data.model" value="64"/>
    <property name="test.build.dir" value="/home/runner/work/ozone/ozone/hadoop-ozone/integration-test/target/test-dir"/>
    <property name="test.cache.data" value=""/>
    <property name="java.vendor.url" value="https://adoptopenjdk.net/"/>
    <property name="user.timezone" value=""/>
    <property name="java.vm.specification.version" value="1.8"/>
    <property name="os.name" value="Linux"/>
    <property name="test.build.data" value="/home/runner/work/ozone/ozone/hadoop-ozone/integration-test/target/test-dir"/>
    <property name="sun.java.launcher" value="SUN_STANDARD"/>
    <property name="sun.boot.library.path" value="/usr/lib/jvm/adoptopenjdk-8-hotspot-amd64/jre/lib/amd64"/>
    <property name="sun.java.command" value="/home/runner/work/ozone/ozone/hadoop-ozone/integration-test/target/surefire/surefirebooter1781562595643259873.jar /home/runner/work/ozone/ozone/hadoop-ozone/integration-test/target/surefire 2021-08-23T12-48-57_871-jvmRun1 surefire2270953698222621061tmp surefire_506114872291970728034tmp"/>
    <property name="surefire.test.class.path" value="/home/runner/work/ozone/ozone/hadoop-ozone/integration-test/target/test-classes:/home/runner/work/ozone/ozone/hadoop-ozone/integration-test/target/classes:/home/runner/.m2/repository/org/apache/ozone/ozone-common/1.2.0-SNAPSHOT/ozone-common-1.2.0-SNAPSHOT.jar:/home/runner/.m2/repository/org/apache/commons/commons-compress/1.20/commons-compress-1.20.jar:/home/runner/.m2/repository/org/apache/ozone/hdds-common/1.2.0-SNAPSHOT/hdds-common-1.2.0-SNAPSHOT.jar:/home/runner/.m2/repository/org/apache/ozone/hdds-client/1.2.0-SNAPSHOT/hdds-client-1.2.0-SNAPSHOT.jar:/home/runner/.m2/repository/org/apache/ozone/ozone-interface-client/1.2.0-SNAPSHOT/ozone-interface-client-1.2.0-SNAPSHOT.jar:/home/runner/.m2/repository/org/apache/ozone/hdds-server-framework/1.2.0-SNAPSHOT/hdds-server-framework-1.2.0-SNAPSHOT.jar:/home/runner/.m2/repository/org/apache/ozone/hdds-interface-server/1.2.0-SNAPSHOT/hdds-interface-server-1.2.0-SNAPSHOT.jar:/home/runner/.m2/repository/org/eclipse/jetty/jetty-servlet/9.4.43.v20210629/jetty-servlet-9.4.43.v20210629.jar:/home/runner/.m2/repository/org/eclipse/jetty/jetty-security/9.4.43.v20210629/jetty-security-9.4.43.v20210629.jar:/home/runner/.m2/repository/org/rocksdb/rocksdbjni/6.20.3/rocksdbjni-6.20.3.jar:/home/runner/.m2/repository/io/prometheus/simpleclient_dropwizard/0.7.0/simpleclient_dropwizard-0.7.0.jar:/home/runner/.m2/repository/io/prometheus/simpleclient/0.7.0/simpleclient-0.7.0.jar:/home/runner/.m2/repository/io/prometheus/simpleclient_common/0.7.0/simpleclient_common-0.7.0.jar:/home/runner/.m2/repository/com/fasterxml/jackson/datatype/jackson-datatype-jsr310/2.12.1/jackson-datatype-jsr310-2.12.1.jar:/home/runner/.m2/repository/org/apache/ozone/hdds-test-utils/1.2.0-SNAPSHOT/hdds-test-utils-1.2.0-SNAPSHOT.jar:/home/runner/.m2/repository/com/google/guava/guava/30.1.1-jre/guava-30.1.1-jre.jar:/home/runner/.m2/repository/com/google/guava/failureaccess/1.0.1/failureaccess-1.0.1.jar:/home/runner/.m2/repository/com/google/guava/listenablefuture/9999.0-empty-to-avoid-conflict-with-guava/listenablefuture-9999.0-empty-to-avoid-conflict-with-guava.jar:/home/runner/.m2/repository/com/google/code/findbugs/jsr305/3.0.0/jsr305-3.0.0.jar:/home/runner/.m2/repository/org/checkerframework/checker-qual/3.8.0/checker-qual-3.8.0.jar:/home/runner/.m2/repository/com/google/errorprone/error_prone_annotations/2.2.0/error_prone_annotations-2.2.0.jar:/home/runner/.m2/repository/com/google/j2objc/j2objc-annotations/1.3/j2objc-annotations-1.3.jar:/home/runner/.m2/repository/commons-io/commons-io/2.8.0/commons-io-2.8.0.jar:/home/runner/.m2/repository/commons-logging/commons-logging/1.2/commons-logging-1.2.jar:/home/runner/.m2/repository/log4j/log4j/1.2.17/log4j-1.2.17.jar:/home/runner/.m2/repository/org/slf4j/slf4j-api/1.7.30/slf4j-api-1.7.30.jar:/home/runner/.m2/repository/org/apache/ozone/hdds-server-scm/1.2.0-SNAPSHOT/hdds-server-scm-1.2.0-SNAPSHOT.jar:/home/runner/.m2/repository/org/apache/ozone/hdds-container-service/1.2.0-SNAPSHOT/hdds-container-service-1.2.0-SNAPSHOT.jar:/home/runner/.m2/repository/org/apache/ozone/hdds-hadoop-dependency-server/1.2.0-SNAPSHOT/hdds-hadoop-dependency-server-1.2.0-SNAPSHOT.jar:/home/runner/.m2/repository/org/apache/hadoop/hadoop-hdfs/3.3.1/hadoop-hdfs-3.3.1.jar:/home/runner/.m2/repository/io/dropwizard/metrics/metrics-core/3.2.4/metrics-core-3.2.4.jar:/home/runner/.m2/repository/org/apache/hadoop/hadoop-hdfs-client/3.3.1/hadoop-hdfs-client-3.3.1.jar:/home/runner/.m2/repository/org/bouncycastle/bcprov-jdk15on/1.67/bcprov-jdk15on-1.67.jar:/home/runner/.m2/repository/com/google/protobuf/protobuf-java/2.5.0/protobuf-java-2.5.0.jar:/home/runner/.m2/repository/org/apache/ozone/ozone-manager/1.2.0-SNAPSHOT/ozone-manager-1.2.0-SNAPSHOT.jar:/home/runner/.m2/repository/org/aspectj/aspectjrt/1.8.9/aspectjrt-1.8.9.jar:/home/runner/.m2/repository/org/aspectj/aspectjweaver/1.8.9/aspectjweaver-1.8.9.jar:/home/runner/.m2/repository/org/apache/ozone/hdds-interface-client/1.2.0-SNAPSHOT/hdds-interface-client-1.2.0-SNAPSHOT.jar:/home/runner/.m2/repository/org/apache/hadoop/thirdparty/hadoop-shaded-protobuf_3_7/1.1.1/hadoop-shaded-protobuf_3_7-1.1.1.jar:/home/runner/.m2/repository/org/apache/ozone/ozone-interface-storage/1.2.0-SNAPSHOT/ozone-interface-storage-1.2.0-SNAPSHOT.jar:/home/runner/.m2/repository/org/reflections/reflections/0.9.11/reflections-0.9.11.jar:/home/runner/.m2/repository/org/apache/hadoop/hadoop-minikdc/3.3.1/hadoop-minikdc-3.3.1.jar:/home/runner/.m2/repository/org/apache/kerby/kerb-simplekdc/1.0.1/kerb-simplekdc-1.0.1.jar:/home/runner/.m2/repository/org/apache/kerby/kerb-client/1.0.1/kerb-client-1.0.1.jar:/home/runner/.m2/repository/org/apache/kerby/kerby-config/1.0.1/kerby-config-1.0.1.jar:/home/runner/.m2/repository/org/apache/kerby/kerb-common/1.0.1/kerb-common-1.0.1.jar:/home/runner/.m2/repository/org/apache/kerby/kerb-crypto/1.0.1/kerb-crypto-1.0.1.jar:/home/runner/.m2/repository/org/apache/kerby/kerb-util/1.0.1/kerb-util-1.0.1.jar:/home/runner/.m2/repository/org/apache/kerby/token-provider/1.0.1/token-provider-1.0.1.jar:/home/runner/.m2/repository/org/apache/kerby/kerb-admin/1.0.1/kerb-admin-1.0.1.jar:/home/runner/.m2/repository/org/apache/kerby/kerb-server/1.0.1/kerb-server-1.0.1.jar:/home/runner/.m2/repository/org/apache/kerby/kerb-identity/1.0.1/kerb-identity-1.0.1.jar:/home/runner/.m2/repository/org/apache/kerby/kerby-xdr/1.0.1/kerby-xdr-1.0.1.jar:/home/runner/.m2/repository/org/slf4j/slf4j-log4j12/1.7.30/slf4j-log4j12-1.7.30.jar:/home/runner/.m2/repository/org/apache/ozone/ozone-s3gateway/1.2.0-SNAPSHOT/ozone-s3gateway-1.2.0-SNAPSHOT.jar:/home/runner/.m2/repository/org/javassist/javassist/3.21.0-GA/javassist-3.21.0-GA.jar:/home/runner/.m2/repository/org/jboss/weld/servlet/weld-servlet/2.4.7.Final/weld-servlet-2.4.7.Final.jar:/home/runner/.m2/repository/org/glassfish/jersey/containers/jersey-container-servlet-core/2.33/jersey-container-servlet-core-2.33.jar:/home/runner/.m2/repository/org/glassfish/hk2/external/jakarta.inject/2.6.1/jakarta.inject-2.6.1.jar:/home/runner/.m2/repository/org/glassfish/jersey/core/jersey-common/2.33/jersey-common-2.33.jar:/home/runner/.m2/repository/jakarta/ws/rs/jakarta.ws.rs-api/2.1.6/jakarta.ws.rs-api-2.1.6.jar:/home/runner/.m2/repository/org/glassfish/jersey/ext/cdi/jersey-cdi1x/2.33/jersey-cdi1x-2.33.jar:/home/runner/.m2/repository/org/glassfish/jersey/inject/jersey-hk2/2.33/jersey-hk2-2.33.jar:/home/runner/.m2/repository/org/glassfish/hk2/hk2-locator/2.6.1/hk2-locator-2.6.1.jar:/home/runner/.m2/repository/org/glassfish/jersey/media/jersey-media-jaxb/2.33/jersey-media-jaxb-2.33.jar:/home/runner/.m2/repository/org/glassfish/hk2/osgi-resource-locator/1.0.3/osgi-resource-locator-1.0.3.jar:/home/runner/.m2/repository/org/glassfish/hk2/hk2-api/2.5.0/hk2-api-2.5.0.jar:/home/runner/.m2/repository/org/glassfish/hk2/hk2-utils/2.5.0/hk2-utils-2.5.0.jar:/home/runner/.m2/repository/org/glassfish/hk2/external/aopalliance-repackaged/2.5.0/aopalliance-repackaged-2.5.0.jar:/home/runner/.m2/repository/com/fasterxml/jackson/dataformat/jackson-dataformat-xml/2.12.1/jackson-dataformat-xml-2.12.1.jar:/home/runner/.m2/repository/com/fasterxml/jackson/core/jackson-core/2.12.1/jackson-core-2.12.1.jar:/home/runner/.m2/repository/com/fasterxml/jackson/module/jackson-module-jaxb-annotations/2.12.1/jackson-module-jaxb-annotations-2.12.1.jar:/home/runner/.m2/repository/jakarta/xml/bind/jakarta.xml.bind-api/2.3.2/jakarta.xml.bind-api-2.3.2.jar:/home/runner/.m2/repository/org/codehaus/woodstox/stax2-api/3.1.4/stax2-api-3.1.4.jar:/home/runner/.m2/repository/com/fasterxml/woodstox/woodstox-core/5.0.3/woodstox-core-5.0.3.jar:/home/runner/.m2/repository/javax/enterprise/cdi-api/1.2/cdi-api-1.2.jar:/home/runner/.m2/repository/javax/el/javax.el-api/3.0.0/javax.el-api-3.0.0.jar:/home/runner/.m2/repository/javax/interceptor/javax.interceptor-api/1.2/javax.interceptor-api-1.2.jar:/home/runner/.m2/repository/javax/inject/javax.inject/1/javax.inject-1.jar:/home/runner/.m2/repository/javax/xml/bind/jaxb-api/2.3.0/jaxb-api-2.3.0.jar:/home/runner/.m2/repository/org/glassfish/jaxb/jaxb-runtime/2.3.0.1/jaxb-runtime-2.3.0.1.jar:/home/runner/.m2/repository/org/glassfish/jaxb/jaxb-core/2.3.0.1/jaxb-core-2.3.0.1.jar:/home/runner/.m2/repository/org/glassfish/jaxb/txw2/2.3.0.1/txw2-2.3.0.1.jar:/home/runner/.m2/repository/com/sun/istack/istack-commons-runtime/3.0.5/istack-commons-runtime-3.0.5.jar:/home/runner/.m2/repository/org/jvnet/staxex/stax-ex/1.7.8/stax-ex-1.7.8.jar:/home/runner/.m2/repository/com/sun/xml/fastinfoset/FastInfoset/1.2.13/FastInfoset-1.2.13.jar:/home/runner/.m2/repository/javax/activation/activation/1.1.1/activation-1.1.1.jar:/home/runner/.m2/repository/org/apache/ozone/ozone-csi/1.2.0-SNAPSHOT/ozone-csi-1.2.0-SNAPSHOT.jar:/home/runner/.m2/repository/com/google/protobuf/protobuf-java-util/3.12.0/protobuf-java-util-3.12.0.jar:/home/runner/.m2/repository/com/google/code/gson/gson/2.2.4/gson-2.2.4.jar:/home/runner/.m2/repository/org/apache/ozone/hdds-config/1.2.0-SNAPSHOT/hdds-config-1.2.0-SNAPSHOT.jar:/home/runner/.m2/repository/io/grpc/grpc-netty/1.33.0/grpc-netty-1.33.0.jar:/home/runner/.m2/repository/io/grpc/grpc-core/1.33.0/grpc-core-1.33.0.jar:/home/runner/.m2/repository/com/google/android/annotations/4.1.1.4/annotations-4.1.1.4.jar:/home/runner/.m2/repository/io/netty/netty-codec-http2/4.1.63.Final/netty-codec-http2-4.1.63.Final.jar:/home/runner/.m2/repository/io/netty/netty-codec-http/4.1.63.Final/netty-codec-http-4.1.63.Final.jar:/home/runner/.m2/repository/io/netty/netty-handler-proxy/4.1.63.Final/netty-handler-proxy-4.1.63.Final.jar:/home/runner/.m2/repository/io/netty/netty-codec-socks/4.1.63.Final/netty-codec-socks-4.1.63.Final.jar:/home/runner/.m2/repository/io/perfmark/perfmark-api/0.19.0/perfmark-api-0.19.0.jar:/home/runner/.m2/repository/org/codehaus/mojo/animal-sniffer-annotations/1.18/animal-sniffer-annotations-1.18.jar:/home/runner/.m2/repository/io/netty/netty-transport-native-epoll/4.1.63.Final/netty-transport-native-epoll-4.1.63.Final.jar:/home/runner/.m2/repository/io/netty/netty-common/4.1.63.Final/netty-common-4.1.63.Final.jar:/home/runner/.m2/repository/io/netty/netty-buffer/4.1.63.Final/netty-buffer-4.1.63.Final.jar:/home/runner/.m2/repository/io/netty/netty-transport-native-unix-common/4.1.63.Final/netty-transport-native-unix-common-4.1.63.Final.jar:/home/runner/.m2/repository/io/grpc/grpc-protobuf/1.33.0/grpc-protobuf-1.33.0.jar:/home/runner/.m2/repository/io/grpc/grpc-api/1.33.0/grpc-api-1.33.0.jar:/home/runner/.m2/repository/io/grpc/grpc-context/1.33.0/grpc-context-1.33.0.jar:/home/runner/.m2/repository/com/google/api/grpc/proto-google-common-protos/1.17.0/proto-google-common-protos-1.17.0.jar:/home/runner/.m2/repository/io/grpc/grpc-protobuf-lite/1.33.0/grpc-protobuf-lite-1.33.0.jar:/home/runner/.m2/repository/io/grpc/grpc-stub/1.33.0/grpc-stub-1.33.0.jar:/home/runner/.m2/repository/org/apache/ozone/ozone-recon/1.2.0-SNAPSHOT/ozone-recon-1.2.0-SNAPSHOT.jar:/home/runner/.m2/repository/org/apache/ozone/ozone-reconcodegen/1.2.0-SNAPSHOT/ozone-reconcodegen-1.2.0-SNAPSHOT.jar:/home/runner/.m2/repository/com/google/inject/extensions/guice-multibindings/4.0/guice-multibindings-4.0.jar:/home/runner/.m2/repository/com/google/inject/guice/4.0/guice-4.0.jar:/home/runner/.m2/repository/aopalliance/aopalliance/1.0/aopalliance-1.0.jar:/home/runner/.m2/repository/com/google/inject/extensions/guice-assistedinject/4.0/guice-assistedinject-4.0.jar:/home/runner/.m2/repository/com/google/inject/extensions/guice-servlet/4.0/guice-servlet-4.0.jar:/home/runner/.m2/repository/org/glassfish/jersey/containers/jersey-container-servlet/2.33/jersey-container-servlet-2.33.jar:/home/runner/.m2/repository/org/glassfish/hk2/guice-bridge/2.5.0/guice-bridge-2.5.0.jar:/home/runner/.m2/repository/org/glassfish/jersey/core/jersey-server/2.33/jersey-server-2.33.jar:/home/runner/.m2/repository/org/glassfish/jersey/core/jersey-client/2.33/jersey-client-2.33.jar:/home/runner/.m2/repository/jakarta/annotation/jakarta.annotation-api/1.3.5/jakarta.annotation-api-1.3.5.jar:/home/runner/.m2/repository/jakarta/validation/jakarta.validation-api/2.0.2/jakarta.validation-api-2.0.2.jar:/home/runner/.m2/repository/org/glassfish/jersey/media/jersey-media-json-jackson/2.33/jersey-media-json-jackson-2.33.jar:/home/runner/.m2/repository/org/glassfish/jersey/ext/jersey-entity-filtering/2.33/jersey-entity-filtering-2.33.jar:/home/runner/.m2/repository/org/jooq/jooq/3.11.10/jooq-3.11.10.jar:/home/runner/.m2/repository/org/jooq/jooq-meta/3.11.10/jooq-meta-3.11.10.jar:/home/runner/.m2/repository/org/jooq/jooq-codegen/3.11.10/jooq-codegen-3.11.10.jar:/home/runner/.m2/repository/com/jolbox/bonecp/0.8.0.RELEASE/bonecp-0.8.0.RELEASE.jar:/home/runner/.m2/repository/org/apache/derby/derby/10.14.2.0/derby-10.14.2.0.jar:/home/runner/.m2/repository/org/xerial/sqlite-jdbc/3.25.2/sqlite-jdbc-3.25.2.jar:/home/runner/.m2/repository/org/springframework/spring-jdbc/5.2.11.RELEASE/spring-jdbc-5.2.11.RELEASE.jar:/home/runner/.m2/repository/org/springframework/spring-beans/5.2.11.RELEASE/spring-beans-5.2.11.RELEASE.jar:/home/runner/.m2/repository/org/springframework/spring-core/5.2.11.RELEASE/spring-core-5.2.11.RELEASE.jar:/home/runner/.m2/repository/org/springframework/spring-jcl/5.2.11.RELEASE/spring-jcl-5.2.11.RELEASE.jar:/home/runner/.m2/repository/org/springframework/spring-tx/5.2.11.RELEASE/spring-tx-5.2.11.RELEASE.jar:/home/runner/.m2/repository/org/apache/ozone/ozone-client/1.2.0-SNAPSHOT/ozone-client-1.2.0-SNAPSHOT.jar:/home/runner/.m2/repository/org/apache/ozone/ozone-filesystem/1.2.0-SNAPSHOT/ozone-filesystem-1.2.0-SNAPSHOT.jar:/home/runner/.m2/repository/org/apache/ozone/ozone-filesystem-common/1.2.0-SNAPSHOT/ozone-filesystem-common-1.2.0-SNAPSHOT.jar:/home/runner/.m2/repository/org/apache/ozone/ozone-tools/1.2.0-SNAPSHOT/ozone-tools-1.2.0-SNAPSHOT.jar:/home/runner/.m2/repository/org/apache/ratis/ratis-tools/2.1.0-03f3b68-SNAPSHOT/ratis-tools-2.1.0-03f3b68-SNAPSHOT.jar:/home/runner/.m2/repository/com/amazonaws/aws-java-sdk-core/1.11.901/aws-java-sdk-core-1.11.901.jar:/home/runner/.m2/repository/org/apache/httpcomponents/httpclient/4.5.13/httpclient-4.5.13.jar:/home/runner/.m2/repository/org/apache/httpcomponents/httpcore/4.4.13/httpcore-4.4.13.jar:/home/runner/.m2/repository/software/amazon/ion/ion-java/1.0.2/ion-java-1.0.2.jar:/home/runner/.m2/repository/com/fasterxml/jackson/dataformat/jackson-dataformat-cbor/2.12.1/jackson-dataformat-cbor-2.12.1.jar:/home/runner/.m2/repository/joda-time/joda-time/2.8.1/joda-time-2.8.1.jar:/home/runner/.m2/repository/com/amazonaws/aws-java-sdk-s3/1.11.901/aws-java-sdk-s3-1.11.901.jar:/home/runner/.m2/repository/com/amazonaws/aws-java-sdk-kms/1.11.901/aws-java-sdk-kms-1.11.901.jar:/home/runner/.m2/repository/com/amazonaws/jmespath-java/1.11.901/jmespath-java-1.11.901.jar:/home/runner/.m2/repository/org/kohsuke/metainf-services/metainf-services/1.8/metainf-services-1.8.jar:/home/runner/.m2/repository/org/apache/ozone/hdds-tools/1.2.0-SNAPSHOT/hdds-tools-1.2.0-SNAPSHOT.jar:/home/runner/.m2/repository/commons-cli/commons-cli/1.2/commons-cli-1.2.jar:/home/runner/.m2/repository/org/apache/commons/commons-lang3/3.7/commons-lang3-3.7.jar:/home/runner/.m2/repository/org/apache/ozone/ozone-manager/1.2.0-SNAPSHOT/ozone-manager-1.2.0-SNAPSHOT-tests.jar:/home/runner/.m2/repository/org/apache/ozone/hdds-common/1.2.0-SNAPSHOT/hdds-common-1.2.0-SNAPSHOT-tests.jar:/home/runner/.m2/repository/org/apache/ozone/hdds-hadoop-dependency-client/1.2.0-SNAPSHOT/hdds-hadoop-dependency-client-1.2.0-SNAPSHOT.jar:/home/runner/.m2/repository/info/picocli/picocli/4.4.0/picocli-4.4.0.jar:/home/runner/.m2/repository/com/fasterxml/jackson/core/jackson-annotations/2.12.1/jackson-annotations-2.12.1.jar:/home/runner/.m2/repository/javax/annotation/javax.annotation-api/1.2/javax.annotation-api-1.2.jar:/home/runner/.m2/repository/org/apache/ratis/ratis-server/2.1.0-03f3b68-SNAPSHOT/ratis-server-2.1.0-03f3b68-SNAPSHOT.jar:/home/runner/.m2/repository/org/apache/ratis/ratis-client/2.1.0-03f3b68-SNAPSHOT/ratis-client-2.1.0-03f3b68-SNAPSHOT.jar:/home/runner/.m2/repository/org/apache/ratis/ratis-server-api/2.1.0-03f3b68-SNAPSHOT/ratis-server-api-2.1.0-03f3b68-SNAPSHOT.jar:/home/runner/.m2/repository/org/apache/ratis/ratis-metrics/2.1.0-03f3b68-SNAPSHOT/ratis-metrics-2.1.0-03f3b68-SNAPSHOT.jar:/home/runner/.m2/repository/org/apache/ratis/ratis-netty/2.1.0-03f3b68-SNAPSHOT/ratis-netty-2.1.0-03f3b68-SNAPSHOT.jar:/home/runner/.m2/repository/org/apache/ratis/ratis-grpc/2.1.0-03f3b68-SNAPSHOT/ratis-grpc-2.1.0-03f3b68-SNAPSHOT.jar:/home/runner/.m2/repository/org/apache/logging/log4j/log4j-api/2.13.3/log4j-api-2.13.3.jar:/home/runner/.m2/repository/org/apache/logging/log4j/log4j-core/2.13.3/log4j-core-2.13.3.jar:/home/runner/.m2/repository/com/lmax/disruptor/3.4.2/disruptor-3.4.2.jar:/home/runner/.m2/repository/org/apache/commons/commons-pool2/2.6.0/commons-pool2-2.6.0.jar:/home/runner/.m2/repository/org/bouncycastle/bcpkix-jdk15on/1.67/bcpkix-jdk15on-1.67.jar:/home/runner/.m2/repository/commons-validator/commons-validator/1.6/commons-validator-1.6.jar:/home/runner/.m2/repository/commons-beanutils/commons-beanutils/1.9.4/commons-beanutils-1.9.4.jar:/home/runner/.m2/repository/commons-digester/commons-digester/1.8.1/commons-digester-1.8.1.jar:/home/runner/.m2/repository/commons-collections/commons-collections/3.2.2/commons-collections-3.2.2.jar:/home/runner/.m2/repository/io/jaegertracing/jaeger-client/1.6.0/jaeger-client-1.6.0.jar:/home/runner/.m2/repository/io/jaegertracing/jaeger-thrift/1.6.0/jaeger-thrift-1.6.0.jar:/home/runner/.m2/repository/org/apache/thrift/libthrift/0.14.1/libthrift-0.14.1.jar:/home/runner/.m2/repository/com/squareup/okhttp3/okhttp/4.9.0/okhttp-4.9.0.jar:/home/runner/.m2/repository/com/squareup/okio/okio/2.8.0/okio-2.8.0.jar:/home/runner/.m2/repository/io/jaegertracing/jaeger-core/1.6.0/jaeger-core-1.6.0.jar:/home/runner/.m2/repository/io/jaegertracing/jaeger-tracerresolver/1.6.0/jaeger-tracerresolver-1.6.0.jar:/home/runner/.m2/repository/io/opentracing/contrib/opentracing-tracerresolver/0.1.8/opentracing-tracerresolver-0.1.8.jar:/home/runner/.m2/repository/org/jetbrains/kotlin/kotlin-stdlib/1.4.31/kotlin-stdlib-1.4.31.jar:/home/runner/.m2/repository/org/jetbrains/kotlin/kotlin-stdlib-common/1.4.31/kotlin-stdlib-common-1.4.31.jar:/home/runner/.m2/repository/org/jetbrains/annotations/13.0/annotations-13.0.jar:/home/runner/.m2/repository/io/opentracing/opentracing-util/0.33.0/opentracing-util-0.33.0.jar:/home/runner/.m2/repository/io/opentracing/opentracing-api/0.33.0/opentracing-api-0.33.0.jar:/home/runner/.m2/repository/io/opentracing/opentracing-noop/0.33.0/opentracing-noop-0.33.0.jar:/home/runner/.m2/repository/org/yaml/snakeyaml/1.26/snakeyaml-1.26.jar:/home/runner/.m2/repository/org/apache/ozone/hdds-interface-admin/1.2.0-SNAPSHOT/hdds-interface-admin-1.2.0-SNAPSHOT.jar:/home/runner/.m2/repository/junit/junit/4.13.1/junit-4.13.1.jar:/home/runner/.m2/repository/org/hamcrest/hamcrest-core/1.3/hamcrest-core-1.3.jar:/home/runner/.m2/repository/org/junit/jupiter/junit-jupiter-api/5.7.0/junit-jupiter-api-5.7.0.jar:/home/runner/.m2/repository/org/apiguardian/apiguardian-api/1.1.0/apiguardian-api-1.1.0.jar:/home/runner/.m2/repository/org/opentest4j/opentest4j/1.2.0/opentest4j-1.2.0.jar:/home/runner/.m2/repository/org/junit/platform/junit-platform-commons/1.7.0/junit-platform-commons-1.7.0.jar:/home/runner/.m2/repository/org/junit/jupiter/junit-jupiter-engine/5.7.0/junit-jupiter-engine-5.7.0.jar:/home/runner/.m2/repository/org/junit/platform/junit-platform-engine/1.7.0/junit-platform-engine-1.7.0.jar:/home/runner/.m2/repository/org/junit/vintage/junit-vintage-engine/5.7.0/junit-vintage-engine-5.7.0.jar:/home/runner/.m2/repository/org/junit/platform/junit-platform-launcher/1.7.0/junit-platform-launcher-1.7.0.jar:/home/runner/.m2/repository/org/openjdk/jmh/jmh-core/1.19/jmh-core-1.19.jar:/home/runner/.m2/repository/net/sf/jopt-simple/jopt-simple/4.6/jopt-simple-4.6.jar:/home/runner/.m2/repository/org/apache/commons/commons-math3/3.1.1/commons-math3-3.1.1.jar:/home/runner/.m2/repository/org/openjdk/jmh/jmh-generator-annprocess/1.19/jmh-generator-annprocess-1.19.jar:/home/runner/.m2/repository/org/mockito/mockito-core/2.28.2/mockito-core-2.28.2.jar:/home/runner/.m2/repository/net/bytebuddy/byte-buddy/1.9.10/byte-buddy-1.9.10.jar:/home/runner/.m2/repository/net/bytebuddy/byte-buddy-agent/1.9.10/byte-buddy-agent-1.9.10.jar:/home/runner/.m2/repository/org/objenesis/objenesis/1.0/objenesis-1.0.jar:/home/runner/.m2/repository/org/apache/hadoop/hadoop-kms/3.3.1/hadoop-kms-3.3.1.jar:/home/runner/.m2/repository/org/apache/hadoop/hadoop-auth/3.3.1/hadoop-auth-3.3.1.jar:/home/runner/.m2/repository/com/nimbusds/nimbus-jose-jwt/7.9/nimbus-jose-jwt-7.9.jar:/home/runner/.m2/repository/com/github/stephenc/jcip/jcip-annotations/1.0-1/jcip-annotations-1.0-1.jar:/home/runner/.m2/repository/net/minidev/json-smart/2.3/json-smart-2.3.jar:/home/runner/.m2/repository/net/minidev/accessors-smart/1.2/accessors-smart-1.2.jar:/home/runner/.m2/repository/org/ow2/asm/asm/5.0.4/asm-5.0.4.jar:/home/runner/.m2/repository/org/apache/zookeeper/zookeeper/3.5.6/zookeeper-3.5.6.jar:/home/runner/.m2/repository/org/apache/zookeeper/zookeeper-jute/3.5.6/zookeeper-jute-3.5.6.jar:/home/runner/.m2/repository/org/apache/yetus/audience-annotations/0.5.0/audience-annotations-0.5.0.jar:/home/runner/.m2/repository/org/apache/curator/curator-framework/4.2.0/curator-framework-4.2.0.jar:/home/runner/.m2/repository/org/apache/hadoop/thirdparty/hadoop-shaded-guava/1.1.1/hadoop-shaded-guava-1.1.1.jar:/home/runner/.m2/repository/com/sun/jersey/jersey-core/1.19/jersey-core-1.19.jar:/home/runner/.m2/repository/javax/ws/rs/jsr311-api/1.1.1/jsr311-api-1.1.1.jar:/home/runner/.m2/repository/com/sun/jersey/jersey-server/1.19/jersey-server-1.19.jar:/home/runner/.m2/repository/javax/servlet/javax.servlet-api/3.1.0/javax.servlet-api-3.1.0.jar:/home/runner/.m2/repository/org/eclipse/jetty/jetty-server/9.4.43.v20210629/jetty-server-9.4.43.v20210629.jar:/home/runner/.m2/repository/org/eclipse/jetty/jetty-http/9.4.43.v20210629/jetty-http-9.4.43.v20210629.jar:/home/runner/.m2/repository/org/eclipse/jetty/jetty-io/9.4.43.v20210629/jetty-io-9.4.43.v20210629.jar:/home/runner/.m2/repository/org/eclipse/jetty/jetty-webapp/9.4.43.v20210629/jetty-webapp-9.4.43.v20210629.jar:/home/runner/.m2/repository/org/eclipse/jetty/jetty-xml/9.4.43.v20210629/jetty-xml-9.4.43.v20210629.jar:/home/runner/.m2/repository/org/apache/hadoop/hadoop-common/3.3.1/hadoop-common-3.3.1.jar:/home/runner/.m2/repository/commons-net/commons-net/3.6/commons-net-3.6.jar:/home/runner/.m2/repository/jakarta/activation/jakarta.activation-api/1.2.1/jakarta.activation-api-1.2.1.jar:/home/runner/.m2/repository/com/sun/jersey/jersey-servlet/1.19/jersey-servlet-1.19.jar:/home/runner/.m2/repository/com/sun/jersey/jersey-json/1.19/jersey-json-1.19.jar:/home/runner/.m2/repository/org/codehaus/jettison/jettison/1.1/jettison-1.1.jar:/home/runner/.m2/repository/com/sun/xml/bind/jaxb-impl/2.2.3-1/jaxb-impl-2.2.3-1.jar:/home/runner/.m2/repository/org/codehaus/jackson/jackson-jaxrs/1.9.2/jackson-jaxrs-1.9.2.jar:/home/runner/.m2/repository/org/codehaus/jackson/jackson-xc/1.9.2/jackson-xc-1.9.2.jar:/home/runner/.m2/repository/org/apache/commons/commons-configuration2/2.1.1/commons-configuration2-2.1.1.jar:/home/runner/.m2/repository/org/apache/commons/commons-text/1.4/commons-text-1.4.jar:/home/runner/.m2/repository/com/google/re2j/re2j/1.1/re2j-1.1.jar:/home/runner/.m2/repository/com/jcraft/jsch/0.1.54/jsch-0.1.54.jar:/home/runner/.m2/repository/org/apache/curator/curator-client/4.2.0/curator-client-4.2.0.jar:/home/runner/.m2/repository/org/apache/curator/curator-recipes/4.2.0/curator-recipes-4.2.0.jar:/home/runner/.m2/repository/org/apache/kerby/kerb-core/1.0.1/kerb-core-1.0.1.jar:/home/runner/.m2/repository/org/apache/kerby/kerby-pkix/1.0.1/kerby-pkix-1.0.1.jar:/home/runner/.m2/repository/org/apache/kerby/kerby-asn1/1.0.1/kerby-asn1-1.0.1.jar:/home/runner/.m2/repository/org/apache/kerby/kerby-util/1.0.1/kerby-util-1.0.1.jar:/home/runner/.m2/repository/dnsjava/dnsjava/2.1.7/dnsjava-2.1.7.jar:/home/runner/.m2/repository/org/xerial/snappy/snappy-java/1.1.8.2/snappy-java-1.1.8.2.jar:/home/runner/.m2/repository/org/slf4j/jul-to-slf4j/1.7.30/jul-to-slf4j-1.7.30.jar:/home/runner/.m2/repository/org/eclipse/jetty/jetty-util/9.4.43.v20210629/jetty-util-9.4.43.v20210629.jar:/home/runner/.m2/repository/com/fasterxml/jackson/core/jackson-databind/2.12.1/jackson-databind-2.12.1.jar:/home/runner/.m2/repository/org/apache/hadoop/hadoop-kms/3.3.1/hadoop-kms-3.3.1-tests.jar:/home/runner/.m2/repository/org/apache/ozone/hdds-server-scm/1.2.0-SNAPSHOT/hdds-server-scm-1.2.0-SNAPSHOT-tests.jar:/home/runner/.m2/repository/org/apache/ozone/hdds-container-service/1.2.0-SNAPSHOT/hdds-container-service-1.2.0-SNAPSHOT-tests.jar:/home/runner/.m2/repository/commons-codec/commons-codec/1.11/commons-codec-1.11.jar:/home/runner/.m2/repository/io/netty/netty-transport/4.1.63.Final/netty-transport-4.1.63.Final.jar:/home/runner/.m2/repository/io/netty/netty-resolver/4.1.63.Final/netty-resolver-4.1.63.Final.jar:/home/runner/.m2/repository/io/netty/netty-codec/4.1.63.Final/netty-codec-4.1.63.Final.jar:/home/runner/.m2/repository/io/netty/netty-handler/4.1.63.Final/netty-handler-4.1.63.Final.jar:/home/runner/.m2/repository/org/apache/ozone/hdds-hadoop-dependency-test/1.2.0-SNAPSHOT/hdds-hadoop-dependency-test-1.2.0-SNAPSHOT.jar:/home/runner/.m2/repository/org/apache/hadoop/hadoop-common/3.3.1/hadoop-common-3.3.1-tests.jar:/home/runner/.m2/repository/org/assertj/assertj-core/3.12.2/assertj-core-3.12.2.jar:/home/runner/.m2/repository/org/apache/hadoop/hadoop-hdfs/3.3.1/hadoop-hdfs-3.3.1-tests.jar:/home/runner/.m2/repository/org/eclipse/jetty/jetty-util-ajax/9.4.43.v20210629/jetty-util-ajax-9.4.43.v20210629.jar:/home/runner/.m2/repository/commons-daemon/commons-daemon/1.0.13/commons-daemon-1.0.13.jar:/home/runner/.m2/repository/io/netty/netty/3.10.6.Final/netty-3.10.6.Final.jar:/home/runner/.m2/repository/io/netty/netty-all/4.1.63.Final/netty-all-4.1.63.Final.jar:/home/runner/.m2/repository/org/apache/htrace/htrace-core4/4.1.0-incubating/htrace-core4-4.1.0-incubating.jar:/home/runner/.m2/repository/org/fusesource/leveldbjni/leveldbjni-all/1.8/leveldbjni-all-1.8.jar:/home/runner/.m2/repository/org/apache/hadoop/hadoop-distcp/3.3.1/hadoop-distcp-3.3.1.jar:/home/runner/.m2/repository/org/apache/hadoop/hadoop-mapreduce-client-jobclient/3.3.1/hadoop-mapreduce-client-jobclient-3.3.1.jar:/home/runner/.m2/repository/org/apache/hadoop/hadoop-mapreduce-client-common/3.3.1/hadoop-mapreduce-client-common-3.3.1.jar:/home/runner/.m2/repository/org/apache/hadoop/hadoop-yarn-common/3.3.1/hadoop-yarn-common-3.3.1.jar:/home/runner/.m2/repository/org/apache/hadoop/hadoop-yarn-api/3.3.1/hadoop-yarn-api-3.3.1.jar:/home/runner/.m2/repository/com/sun/jersey/jersey-client/1.19/jersey-client-1.19.jar:/home/runner/.m2/repository/com/sun/jersey/contribs/jersey-guice/1.19/jersey-guice-1.19.jar:/home/runner/.m2/repository/com/fasterxml/jackson/jaxrs/jackson-jaxrs-json-provider/2.12.1/jackson-jaxrs-json-provider-2.12.1.jar:/home/runner/.m2/repository/com/fasterxml/jackson/jaxrs/jackson-jaxrs-base/2.12.1/jackson-jaxrs-base-2.12.1.jar:/home/runner/.m2/repository/org/apache/hadoop/hadoop-yarn-client/3.3.1/hadoop-yarn-client-3.3.1.jar:/home/runner/.m2/repository/org/eclipse/jetty/websocket/websocket-client/9.4.40.v20210413/websocket-client-9.4.40.v20210413.jar:/home/runner/.m2/repository/org/eclipse/jetty/jetty-client/9.4.40.v20210413/jetty-client-9.4.40.v20210413.jar:/home/runner/.m2/repository/org/eclipse/jetty/websocket/websocket-common/9.4.40.v20210413/websocket-common-9.4.40.v20210413.jar:/home/runner/.m2/repository/org/eclipse/jetty/websocket/websocket-api/9.4.40.v20210413/websocket-api-9.4.40.v20210413.jar:/home/runner/.m2/repository/org/jline/jline/3.9.0/jline-3.9.0.jar:/home/runner/.m2/repository/org/apache/hadoop/hadoop-mapreduce-client-core/3.3.1/hadoop-mapreduce-client-core-3.3.1.jar:/home/runner/.m2/repository/org/apache/avro/avro/1.7.7/avro-1.7.7.jar:/home/runner/.m2/repository/org/codehaus/jackson/jackson-core-asl/1.9.13/jackson-core-asl-1.9.13.jar:/home/runner/.m2/repository/org/codehaus/jackson/jackson-mapper-asl/1.9.13/jackson-mapper-asl-1.9.13.jar:/home/runner/.m2/repository/com/thoughtworks/paranamer/paranamer/2.3/paranamer-2.3.jar:/home/runner/.m2/repository/org/apache/hadoop/hadoop-annotations/3.3.1/hadoop-annotations-3.3.1.jar:/usr/lib/jvm/adoptopenjdk-8-hotspot-amd64/jre/../lib/tools.jar:/home/runner/.m2/repository/org/apache/hadoop/hadoop-distcp/3.3.1/hadoop-distcp-3.3.1-tests.jar:/home/runner/.m2/repository/org/apache/ratis/ratis-common/2.1.0-03f3b68-SNAPSHOT/ratis-common-2.1.0-03f3b68-SNAPSHOT.jar:/home/runner/.m2/repository/org/apache/ratis/ratis-thirdparty-misc/0.7.0/ratis-thirdparty-misc-0.7.0.jar:/home/runner/.m2/repository/org/apache/ratis/ratis-proto/2.1.0-03f3b68-SNAPSHOT/ratis-proto-2.1.0-03f3b68-SNAPSHOT.jar:"/>
    <property name="sun.cpu.endian" value="little"/>
    <property name="user.home" value="/home/runner"/>
    <property name="user.language" value="en"/>
    <property name="java.specification.vendor" value="Oracle Corporation"/>
    <property name="java.home" value="/usr/lib/jvm/adoptopenjdk-8-hotspot-amd64/jre"/>
    <property name="java.security.krb5.conf" value="/home/runner/work/ozone/ozone/hadoop-ozone/integration-test/target/test-classes/krb5.conf"/>
    <property name="basedir" value="/home/runner/work/ozone/ozone/hadoop-ozone/integration-test"/>
    <property name="file.separator" value="/"/>
    <property name="line.separator" value="&#10;"/>
    <property name="java.vm.specification.vendor" value="Oracle Corporation"/>
    <property name="java.specification.name" value="Java Platform API Specification"/>
    <property name="java.awt.graphicsenv" value="sun.awt.X11GraphicsEnvironment"/>
    <property name="skip.installnpx" value="true"/>
    <property name="surefire.real.class.path" value="/home/runner/work/ozone/ozone/hadoop-ozone/integration-test/target/surefire/surefirebooter1781562595643259873.jar:/home/runner/.m2/repository/org/jacoco/org.jacoco.agent/0.8.5/org.jacoco.agent-0.8.5-runtime.jar"/>
    <property name="hadoop.log.dir" value="/home/runner/work/ozone/ozone/hadoop-ozone/integration-test/target/log"/>
    <property name="sun.boot.class.path" value="/usr/lib/jvm/adoptopenjdk-8-hotspot-amd64/jre/lib/resources.jar:/usr/lib/jvm/adoptopenjdk-8-hotspot-amd64/jre/lib/rt.jar:/usr/lib/jvm/adoptopenjdk-8-hotspot-amd64/jre/lib/sunrsasign.jar:/usr/lib/jvm/adoptopenjdk-8-hotspot-amd64/jre/lib/jsse.jar:/usr/lib/jvm/adoptopenjdk-8-hotspot-amd64/jre/lib/jce.jar:/usr/lib/jvm/adoptopenjdk-8-hotspot-amd64/jre/lib/charsets.jar:/usr/lib/jvm/adoptopenjdk-8-hotspot-amd64/jre/lib/jfr.jar:/usr/lib/jvm/adoptopenjdk-8-hotspot-amd64/jre/classes"/>
    <property name="sun.management.compiler" value="HotSpot 64-Bit Tiered Compilers"/>
    <property name="skip.npx" value="true"/>
    <property name="java.runtime.version" value="1.8.0_292-b10"/>
    <property name="java.net.preferIPv4Stack" value="true"/>
    <property name="user.name" value="runner"/>
    <property name="path.separator" value=":"/>
    <property name="java.security.egd" value="file:///dev/urandom"/>
    <property name="os.version" value="5.4.0-1055-azure"/>
    <property name="java.endorsed.dirs" value="/usr/lib/jvm/adoptopenjdk-8-hotspot-amd64/jre/lib/endorsed"/>
    <property name="java.runtime.name" value="OpenJDK Runtime Environment"/>
    <property name="file.encoding" value="UTF-8"/>
    <property name="java.vm.name" value="OpenJDK 64-Bit Server VM"/>
    <property name="test.build.webapps" value=""/>
    <property name="localRepository" value="/home/runner/.m2/repository"/>
    <property name="java.vendor.url.bug" value="https://github.com/AdoptOpenJDK/openjdk-support/issues"/>
    <property name="java.io.tmpdir" value="/tmp"/>
    <property name="require.test.libhadoop" value=""/>
    <property name="java.version" value="1.8.0_292"/>
    <property name="user.dir" value="/home/runner/work/ozone/ozone/hadoop-ozone/integration-test"/>
    <property name="os.arch" value="amd64"/>
    <property name="java.vm.specification.name" value="Java Virtual Machine Specification"/>
    <property name="test.build.classes" value="/home/runner/work/ozone/ozone/hadoop-ozone/integration-test/target/test-classes"/>
    <property name="java.awt.printerjob" value="sun.print.PSPrinterJob"/>
    <property name="sun.os.patch.level" value="unknown"/>
    <property name="hadoop.tmp.dir" value="/home/runner/work/ozone/ozone/hadoop-ozone/integration-test/target/tmp"/>
    <property name="java.library.path" value="/usr/java/packages/lib/amd64:/usr/lib64:/lib64:/lib:/usr/lib"/>
    <property name="java.vm.info" value="mixed mode"/>
    <property name="java.vendor" value="AdoptOpenJDK"/>
    <property name="java.vm.version" value="25.292-b10"/>
    <property name="java.ext.dirs" value="/usr/lib/jvm/adoptopenjdk-8-hotspot-amd64/jre/lib/ext:/usr/java/packages/lib/ext"/>
    <property name="sun.io.unicode.encoding" value="UnicodeLittle"/>
    <property name="java.class.version" value="52.0"/>
  </properties>
  <testcase name="testMultipleDataDirs" classname="org.apache.hadoop.ozone.TestMiniOzoneCluster" time="21.175"/>
  <testcase name="testStartMultipleDatanodes" classname="org.apache.hadoop.ozone.TestMiniOzoneCluster" time="76.263">
    <error message="test timed out after 60000 milliseconds" type="org.junit.runners.model.TestTimedOutException">org.junit.runners.model.TestTimedOutException: test timed out after 60000 milliseconds
	at java.lang.Thread.sleep(Native Method)
	at org.apache.ozone.test.GenericTestUtils.waitFor(GenericTestUtils.java:218)
	at org.apache.hadoop.ozone.MiniOzoneClusterImpl.waitForClusterToBeReady(MiniOzoneClusterImpl.java:228)
	at org.apache.hadoop.ozone.TestMiniOzoneCluster.testStartMultipleDatanodes(TestMiniOzoneCluster.java:117)
	at sun.reflect.NativeMethodAccessorImpl.invoke0(Native Method)
	at sun.reflect.NativeMethodAccessorImpl.invoke(NativeMethodAccessorImpl.java:62)
	at sun.reflect.DelegatingMethodAccessorImpl.invoke(DelegatingMethodAccessorImpl.java:43)
	at java.lang.reflect.Method.invoke(Method.java:498)
	at org.junit.runners.model.FrameworkMethod$1.runReflectiveCall(FrameworkMethod.java:59)
	at org.junit.internal.runners.model.ReflectiveCallable.run(ReflectiveCallable.java:12)
	at org.junit.runners.model.FrameworkMethod.invokeExplosively(FrameworkMethod.java:56)
	at org.junit.internal.runners.statements.InvokeMethod.evaluate(InvokeMethod.java:17)
	at org.junit.internal.runners.statements.FailOnTimeout$CallableStatement.call(FailOnTimeout.java:288)
	at org.junit.internal.runners.statements.FailOnTimeout$CallableStatement.call(FailOnTimeout.java:282)
	at java.util.concurrent.FutureTask.run(FutureTask.java:266)
	at java.lang.Thread.run(Thread.java:748)
</error>
    <system-out><![CDATA[2021-08-23 13:57:36,922 [Time-limited test] WARN  server.ServerUtils (ServerUtils.java:getScmDbDir(148)) - ozone.scm.db.dirs is not configured. We recommend adding this setting. Falling back to ozone.metadata.dirs instead.
2021-08-23 13:57:36,925 [Time-limited test] INFO  ha.SCMHANodeDetails (SCMHANodeDetails.java:loadSCMHAConfig(157)) - ServiceID for StorageContainerManager is null
2021-08-23 13:57:36,925 [Time-limited test] INFO  ha.SCMHANodeDetails (SCMHANodeDetails.java:loadSCMHAConfig(162)) - ozone.scm.default.service.id is not defined, falling back to ozone.scm.service.ids to find serviceID for StorageContainerManager if it is HA enabled cluster
2021-08-23 13:57:36,926 [Time-limited test] WARN  server.ServerUtils (ServerUtils.java:getScmDbDir(148)) - ozone.scm.db.dirs is not configured. We recommend adding this setting. Falling back to ozone.metadata.dirs instead.
2021-08-23 13:57:36,930 [Time-limited test] INFO  upgrade.AbstractLayoutVersionManager (AbstractLayoutVersionManager.java:init(70)) - Initializing Layout version manager with metadata layout = SCM_HA (version = 2), software layout = SCM_HA (version = 2)
2021-08-23 13:57:37,022 [Time-limited test] INFO  reflections.Reflections (Reflections.java:scan(232)) - Reflections took 91 ms to scan 7 urls, producing 120 keys and 275 values 
2021-08-23 13:57:37,023 [Time-limited test] WARN  utils.HAUtils (HAUtils.java:getMetaDir(342)) - ozone.scm.db.dirs is not configured. We recommend adding this setting. Falling back to ozone.metadata.dirs instead.
2021-08-23 13:57:37,032 [Time-limited test] WARN  db.DBStoreBuilder (DBStoreBuilder.java:applyDBDefinition(145)) - ozone.scm.db.dirs is not configured. We recommend adding this setting. Falling back to ozone.metadata.dirs instead.
2021-08-23 13:57:37,128 [Time-limited test] INFO  net.NodeSchemaLoader (NodeSchemaLoader.java:loadSchemaFromFile(129)) - Loading schema from [jar:file:/home/runner/.m2/repository/org/apache/ozone/hdds-common/1.2.0-SNAPSHOT/hdds-common-1.2.0-SNAPSHOT.jar!/network-topology-default.xml]
2021-08-23 13:57:37,128 [Time-limited test] INFO  net.NodeSchemaLoader (NodeSchemaLoader.java:loadSchema(176)) - Loading network topology layer schema file
2021-08-23 13:57:37,132 [Time-limited test] INFO  ha.SequenceIdGenerator (SequenceIdGenerator.java:upgradeToSequenceId(327)) - upgrade localId to 107544261427200000
2021-08-23 13:57:37,132 [Time-limited test] INFO  ha.SequenceIdGenerator (SequenceIdGenerator.java:upgradeToSequenceId(337)) - upgrade delTxnId to 0
2021-08-23 13:57:37,132 [Time-limited test] INFO  ha.SequenceIdGenerator (SequenceIdGenerator.java:upgradeToSequenceId(351)) - upgrade containerId to 0
2021-08-23 13:57:37,132 [Time-limited test] INFO  ha.SequenceIdGenerator (SequenceIdGenerator.java:<init>(217)) - Init the HA SequenceIdGenerator.
2021-08-23 13:57:37,133 [Time-limited test] WARN  server.ServerUtils (ServerUtils.java:sanitizeUserArgs(73)) - ozone.scm.stale.node.interval value = 300000 is larger than max = 100000 based on the key value of ozone.scm.heartbeat.thread.interval, reset to the max value 100000.
2021-08-23 13:57:37,133 [Time-limited test] WARN  server.ServerUtils (ServerUtils.java:sanitizeUserArgs(73)) - ozone.scm.stale.node.interval value = 300000 is larger than max = 100000 based on the key value of ozone.scm.heartbeat.thread.interval, reset to the max value 100000.
2021-08-23 13:57:37,136 [Time-limited test] INFO  node.SCMNodeManager (SCMNodeManager.java:<init>(145)) - Entering startup safe mode.
2021-08-23 13:57:37,138 [Time-limited test] INFO  algorithms.ContainerPlacementPolicyFactory (ContainerPlacementPolicyFactory.java:getPolicy(60)) - Create container placement policy of type org.apache.hadoop.hdds.scm.container.placement.algorithms.SCMContainerPlacementRandom
2021-08-23 13:57:37,138 [Time-limited test] INFO  pipeline.PipelineStateManager (PipelineStateManagerV2Impl.java:initialize(78)) - No pipeline exists in current db
2021-08-23 13:57:37,138 [Time-limited test] INFO  algorithms.LeaderChoosePolicyFactory (LeaderChoosePolicyFactory.java:getPolicy(57)) - Create leader choose policy of type org.apache.hadoop.hdds.scm.pipeline.leader.choose.algorithms.MinLeaderCountChoosePolicy
2021-08-23 13:57:37,144 [Time-limited test] INFO  ha.SCMServiceManager (SCMServiceManager.java:register(43)) - Registering service BackgroundPipelineCreator.
2021-08-23 13:57:37,144 [Time-limited test] INFO  pipeline.BackgroundPipelineCreator (BackgroundPipelineCreatorV2.java:start(130)) - Starting RatisPipelineUtilsThread.
2021-08-23 13:57:37,145 [Time-limited test] INFO  algorithms.PipelineChoosePolicyFactory (PipelineChoosePolicyFactory.java:createPipelineChoosePolicyFromClass(73)) - Create pipeline choose policy of type org.apache.hadoop.hdds.scm.pipeline.choose.algorithms.RandomPipelineChoosePolicy
2021-08-23 13:57:37,145 [Time-limited test] INFO  ha.SCMServiceManager (SCMServiceManager.java:register(43)) - Registering service SCMBlockDeletingService.
2021-08-23 13:57:37,145 [Time-limited test] INFO  ha.SCMServiceManager (SCMServiceManager.java:register(43)) - Registering service ReplicationManager.
2021-08-23 13:57:37,146 [Time-limited test] INFO  container.ReplicationManager (ReplicationManager.java:start(307)) - Starting Replication Monitor Thread.
2021-08-23 13:57:37,147 [Time-limited test] INFO  safemode.ContainerSafeModeRule (ContainerSafeModeRule.java:<init>(89)) - containers with one replica threshold count 0
2021-08-23 13:57:37,148 [Time-limited test] INFO  safemode.HealthyPipelineSafeModeRule (HealthyPipelineSafeModeRule.java:initializeRule(156)) - Total pipeline count is 0, healthy pipeline threshold count is 1
2021-08-23 13:57:37,148 [Time-limited test] INFO  safemode.OneReplicaPipelineSafeModeRule (OneReplicaPipelineSafeModeRule.java:initializeRule(180)) - Total pipeline count is 0, pipeline's with at least one datanode reported threshold count is 0
2021-08-23 13:57:37,152 [Time-limited test] INFO  ipc.CallQueueManager (CallQueueManager.java:<init>(90)) - Using callQueue: class java.util.concurrent.LinkedBlockingQueue, queueCapacity: 2000, scheduler: class org.apache.hadoop.ipc.DefaultRpcScheduler, ipcBackoff: false.
2021-08-23 13:57:37,155 [Socket Reader #1 for port 0] INFO  ipc.Server (Server.java:run(1265)) - Starting Socket Reader #1 for port 0
2021-08-23 13:57:37,160 [Listener at 0.0.0.0/46017] INFO  ipc.CallQueueManager (CallQueueManager.java:<init>(90)) - Using callQueue: class java.util.concurrent.LinkedBlockingQueue, queueCapacity: 2000, scheduler: class org.apache.hadoop.ipc.DefaultRpcScheduler, ipcBackoff: false.
2021-08-23 13:57:37,167 [Socket Reader #1 for port 0] INFO  ipc.Server (Server.java:run(1265)) - Starting Socket Reader #1 for port 0
2021-08-23 13:57:37,167 [ReplicationMonitor] INFO  container.ReplicationManager (ReplicationManager.java:processAll(359)) - Replication Monitor Thread took 0 milliseconds for processing 0 containers.
2021-08-23 13:57:37,168 [Listener at 0.0.0.0/37907] INFO  ipc.CallQueueManager (CallQueueManager.java:<init>(90)) - Using callQueue: class java.util.concurrent.LinkedBlockingQueue, queueCapacity: 2000, scheduler: class org.apache.hadoop.ipc.DefaultRpcScheduler, ipcBackoff: false.
2021-08-23 13:57:37,180 [Socket Reader #1 for port 0] INFO  ipc.Server (Server.java:run(1265)) - Starting Socket Reader #1 for port 0
2021-08-23 13:57:37,214 [Listener at 0.0.0.0/38029] INFO  algorithms.ContainerPlacementPolicyFactory (ContainerPlacementPolicyFactory.java:getPolicy(60)) - Create container placement policy of type org.apache.hadoop.hdds.scm.container.placement.algorithms.SCMContainerPlacementRandom
2021-08-23 13:57:37,215 [Listener at 0.0.0.0/38029] INFO  server.StorageContainerManager (StorageContainerManager.java:<init>(387)) - 
Container Balancer status:
Key                            Value
Running                        false
Container Balancer Configuration values:
Key                                                Value
Threshold                                          0.1
Max Datanodes to Involve per Iteration(ratio)      0.5
Max Size to Move per Iteration                     10737418240B

2021-08-23 13:57:37,215 [Listener at 0.0.0.0/38029] WARN  events.EventQueue (EventQueue.java:fireEvent(194)) - No event handler registered for event TypedEvent{payloadType=SafeModeStatus, name='Safe mode status'}
2021-08-23 13:57:37,215 [Listener at 0.0.0.0/38029] INFO  ha.SCMContext (SCMContext.java:updateSafeModeStatus(205)) - Update SafeModeStatus from SafeModeStatus{safeModeStatus=true, preCheckPassed=false} to SafeModeStatus{safeModeStatus=true, preCheckPassed=false}.
2021-08-23 13:57:37,215 [Listener at 0.0.0.0/38029] INFO  server.StorageContainerManager (StorageContainerManager.java:start(1255)) - StorageContainerLocationProtocol RPC server is listening at /0.0.0.0:38029
2021-08-23 13:57:37,229 [Listener at 0.0.0.0/38029] WARN  impl.MetricsConfig (MetricsConfig.java:loadFirst(136)) - Cannot locate configuration: tried hadoop-metrics2-storagecontainermanager.properties,hadoop-metrics2.properties
2021-08-23 13:57:37,231 [Listener at 0.0.0.0/38029] INFO  impl.MetricsSystemImpl (MetricsSystemImpl.java:startTimer(378)) - Scheduled Metric snapshot period at 10 second(s).
2021-08-23 13:57:37,231 [Listener at 0.0.0.0/38029] INFO  impl.MetricsSystemImpl (MetricsSystemImpl.java:start(191)) - StorageContainerManager metrics system started
2021-08-23 13:57:37,240 [Listener at 0.0.0.0/38029] INFO  impl.MetricsSinkAdapter (MetricsSinkAdapter.java:start(204)) - Sink prometheus started
2021-08-23 13:57:37,241 [Listener at 0.0.0.0/38029] INFO  impl.MetricsSystemImpl (MetricsSystemImpl.java:registerSink(305)) - Registered sink prometheus
2021-08-23 13:57:37,264 [Listener at 0.0.0.0/38029] INFO  server.SCMClientProtocolServer (SCMClientProtocolServer.java:start(164)) - RPC server for Client  is listening at /0.0.0.0:38029
2021-08-23 13:57:37,264 [IPC Server Responder] INFO  ipc.Server (Server.java:run(1507)) - IPC Server Responder: starting
2021-08-23 13:57:37,265 [IPC Server listener on 0] INFO  ipc.Server (Server.java:run(1344)) - IPC Server listener on 0: starting
2021-08-23 13:57:37,267 [Listener at 0.0.0.0/38029] INFO  server.StorageContainerManager (StorageContainerManager.java:start(1272)) - ScmBlockLocationProtocol RPC server is listening at /0.0.0.0:37907
2021-08-23 13:57:37,267 [Listener at 0.0.0.0/38029] INFO  server.SCMBlockProtocolServer (SCMBlockProtocolServer.java:start(151)) - RPC server for Block Protocol is listening at /0.0.0.0:37907
2021-08-23 13:57:37,268 [IPC Server Responder] INFO  ipc.Server (Server.java:run(1507)) - IPC Server Responder: starting
2021-08-23 13:57:37,268 [IPC Server listener on 0] INFO  ipc.Server (Server.java:run(1344)) - IPC Server listener on 0: starting
2021-08-23 13:57:37,281 [Listener at 0.0.0.0/38029] INFO  server.StorageContainerManager (StorageContainerManager.java:start(1278)) - ScmDatanodeProtocl RPC server is listening at /0.0.0.0:46017
2021-08-23 13:57:37,281 [Listener at 0.0.0.0/38029] INFO  server.SCMDatanodeProtocolServer (SCMDatanodeProtocolServer.java:start(181)) - RPC server for DataNodes is listening at /0.0.0.0:46017
2021-08-23 13:57:37,282 [IPC Server Responder] INFO  ipc.Server (Server.java:run(1507)) - IPC Server Responder: starting
2021-08-23 13:57:37,282 [IPC Server listener on 0] INFO  ipc.Server (Server.java:run(1344)) - IPC Server listener on 0: starting
2021-08-23 13:57:37,290 [Listener at 0.0.0.0/38029] INFO  http.BaseHttpServer (BaseHttpServer.java:newHttpServer2BuilderForOzone(209)) - Starting Web-server for scm at: http://0.0.0.0:0
2021-08-23 13:57:37,290 [Listener at 0.0.0.0/38029] INFO  http.BaseHttpServer (BaseHttpServer.java:<init>(107)) - Hadoop Security Enabled: false Ozone Security Enabled: false Ozone HTTP Security Enabled: false 
2021-08-23 13:57:37,292 [Listener at 0.0.0.0/38029] INFO  server.AuthenticationFilter (AuthenticationFilter.java:constructSecretProvider(240)) - Unable to initialize FileSignerSecretProvider, falling back to use random secrets.
2021-08-23 13:57:37,293 [org.apache.hadoop.util.JvmPauseMonitor$Monitor@2ab25eb8] INFO  util.JvmPauseMonitor (JvmPauseMonitor.java:run(188)) - Starting JVM pause monitor
2021-08-23 13:57:37,296 [Listener at 0.0.0.0/38029] WARN  http.HttpRequestLog (HttpRequestLog.java:getRequestLog(103)) - Jetty request log can only be enabled using Log4j
2021-08-23 13:57:37,299 [Listener at 0.0.0.0/38029] INFO  http.HttpServer2 (HttpServer2.java:addGlobalFilter(1030)) - Added global filter 'safety' (class=org.apache.hadoop.hdds.server.http.HttpServer2$QuotingInputFilter)
2021-08-23 13:57:37,300 [Listener at 0.0.0.0/38029] INFO  http.HttpServer2 (HttpServer2.java:addFilter(1006)) - Added filter static_user_filter (class=org.apache.hadoop.http.lib.StaticUserWebFilter$StaticUserFilter) to context scm
2021-08-23 13:57:37,300 [Listener at 0.0.0.0/38029] INFO  http.HttpServer2 (HttpServer2.java:addFilter(1014)) - Added filter static_user_filter (class=org.apache.hadoop.http.lib.StaticUserWebFilter$StaticUserFilter) to context logs
2021-08-23 13:57:37,300 [Listener at 0.0.0.0/38029] INFO  http.HttpServer2 (HttpServer2.java:addFilter(1014)) - Added filter static_user_filter (class=org.apache.hadoop.http.lib.StaticUserWebFilter$StaticUserFilter) to context static
2021-08-23 13:57:37,301 [Listener at 0.0.0.0/38029] INFO  http.HttpServer2 (HttpServer2.java:bindListener(1249)) - Jetty bound to port 39265
2021-08-23 13:57:37,301 [Listener at 0.0.0.0/38029] INFO  server.Server (Server.java:doStart(375)) - jetty-9.4.43.v20210629; built: 2021-06-30T11:07:22.254Z; git: 526006ecfa3af7f1a27ef3a288e2bef7ea9dd7e8; jvm 1.8.0_292-b10
2021-08-23 13:57:37,303 [Listener at 0.0.0.0/38029] INFO  server.session (DefaultSessionIdManager.java:doStart(334)) - DefaultSessionIdManager workerName=node0
2021-08-23 13:57:37,303 [Listener at 0.0.0.0/38029] INFO  server.session (DefaultSessionIdManager.java:doStart(339)) - No SessionScavenger set, using defaults
2021-08-23 13:57:37,303 [Listener at 0.0.0.0/38029] INFO  server.session (HouseKeeper.java:startScavenging(132)) - node0 Scavenging every 600000ms
2021-08-23 13:57:37,304 [Listener at 0.0.0.0/38029] INFO  handler.ContextHandler (ContextHandler.java:doStart(915)) - Started o.e.j.s.ServletContextHandler@2ae971ef{logs,/logs,file:///home/runner/work/ozone/ozone/hadoop-ozone/integration-test/target/log,AVAILABLE}
2021-08-23 13:57:37,304 [Listener at 0.0.0.0/38029] INFO  handler.ContextHandler (ContextHandler.java:doStart(915)) - Started o.e.j.s.ServletContextHandler@2d4d3916{static,/static,file:///home/runner/work/ozone/ozone/hadoop-ozone/integration-test/target/test-classes/webapps/static,AVAILABLE}
2021-08-23 13:57:37,308 [Listener at 0.0.0.0/38029] INFO  handler.ContextHandler (ContextHandler.java:doStart(915)) - Started o.e.j.w.WebAppContext@39172e6c{scm,/,file:///home/runner/work/ozone/ozone/hadoop-ozone/integration-test/target/test-classes/webapps/scm/,AVAILABLE}{file:/home/runner/work/ozone/ozone/hadoop-ozone/integration-test/target/test-classes/webapps/scm}
2021-08-23 13:57:37,312 [Listener at 0.0.0.0/38029] INFO  server.AbstractConnector (AbstractConnector.java:doStart(331)) - Started ServerConnector@49faacfa{HTTP/1.1, (http/1.1)}{0.0.0.0:39265}
2021-08-23 13:57:37,314 [Listener at 0.0.0.0/38029] INFO  server.Server (Server.java:doStart(415)) - Started @22660ms
2021-08-23 13:57:37,314 [Listener at 0.0.0.0/38029] WARN  impl.MetricsSystemImpl (MetricsSystemImpl.java:register(279)) - Sink prometheus already exists!
2021-08-23 13:57:37,315 [Listener at 0.0.0.0/38029] INFO  http.BaseHttpServer (BaseHttpServer.java:updateConnectorAddress(329)) - HTTP server of scm listening at http://0.0.0.0:39265
2021-08-23 13:57:37,315 [Listener at 0.0.0.0/38029] WARN  server.ServerUtils (ServerUtils.java:getDBPath(225)) - ozone.om.db.dirs is not configured. We recommend adding this setting. Falling back to ozone.metadata.dirs instead.
2021-08-23 13:57:37,321 [Listener at 0.0.0.0/38029] INFO  ha.OMHANodeDetails (OMHANodeDetails.java:loadOMHAConfig(112)) - ozone.om.internal.service.id is not defined, falling back to ozone.om.service.ids to find serviceID for OzoneManager if it is HA enabled cluster
2021-08-23 13:57:37,321 [Listener at 0.0.0.0/38029] INFO  ha.OMHANodeDetails (OMHANodeDetails.java:loadOMHAConfig(219)) - Configuration does not have ozone.om.address set. Falling back to the default OM address /127.0.0.1:0
2021-08-23 13:57:37,321 [Listener at 0.0.0.0/38029] INFO  ha.OMHANodeDetails (OMHANodeDetails.java:getOMNodeDetails(247)) - OM Service ID is not set. Setting it to the default ID: omServiceIdDefault
2021-08-23 13:57:37,321 [Listener at 0.0.0.0/38029] INFO  ha.OMHANodeDetails (OMHANodeDetails.java:getOMNodeDetails(254)) - OM Node ID is not set. Setting it to the default ID: om1
2021-08-23 13:57:37,321 [Listener at 0.0.0.0/38029] WARN  server.ServerUtils (ServerUtils.java:getDBPath(225)) - ozone.om.db.dirs is not configured. We recommend adding this setting. Falling back to ozone.metadata.dirs instead.
2021-08-23 13:57:37,321 [Listener at 0.0.0.0/38029] INFO  upgrade.AbstractLayoutVersionManager (AbstractLayoutVersionManager.java:init(70)) - Initializing Layout version manager with metadata layout = INITIAL_VERSION (version = 0), software layout = INITIAL_VERSION (version = 0)
2021-08-23 13:57:37,380 [Listener at 0.0.0.0/38029] INFO  reflections.Reflections (Reflections.java:scan(232)) - Reflections took 53 ms to scan 2 urls, producing 131 keys and 342 values [using 2 cores]
2021-08-23 13:57:37,380 [Listener at 0.0.0.0/38029] INFO  upgrade.OMLayoutVersionManager (OMLayoutVersionManager.java:lambda$0(116)) - Skipping Upgrade Action MockOmUpgradeAction since it has been finalized.
2021-08-23 13:57:37,380 [Listener at 0.0.0.0/38029] WARN  server.ServerUtils (ServerUtils.java:getDBPath(225)) - ozone.om.db.dirs is not configured. We recommend adding this setting. Falling back to ozone.metadata.dirs instead.
2021-08-23 13:57:37,401 [Listener at 0.0.0.0/38029] WARN  server.ServerUtils (ServerUtils.java:getDBPath(225)) - ozone.om.db.dirs is not configured. We recommend adding this setting. Falling back to ozone.metadata.dirs instead.
2021-08-23 13:57:37,401 [Listener at 0.0.0.0/38029] INFO  codec.OmKeyInfoCodec (OmKeyInfoCodec.java:<init>(51)) - OmKeyInfoCodec ignorePipeline = true
2021-08-23 13:57:37,402 [Listener at 0.0.0.0/38029] INFO  codec.RepeatedOmKeyInfoCodec (RepeatedOmKeyInfoCodec.java:<init>(42)) - RepeatedOmKeyInfoCodec ignorePipeline = true
2021-08-23 13:57:37,504 [Listener at 0.0.0.0/38029] INFO  om.OzoneManager (OzoneManager.java:addS3GVolumeToDB(4115)) - Created Volume s3v With Owner runner required for S3Gateway operations.
2021-08-23 13:57:37,504 [Listener at 0.0.0.0/38029] WARN  server.ServerUtils (ServerUtils.java:getDefaultRatisDirectory(237)) - Storage directory for Ratis is not configured. It is a good idea to map this to an SSD disk. Falling back to ozone.metadata.dirs
2021-08-23 13:57:37,504 [Listener at 0.0.0.0/38029] WARN  utils.OzoneManagerRatisUtils (OzoneManagerRatisUtils.java:getOMRatisSnapshotDirectory(391)) - ozone.om.ratis.snapshot.dir is not configured. Falling back to ozone.metadata.dirs config
2021-08-23 13:57:37,505 [Listener at 0.0.0.0/38029] WARN  server.ServerUtils (ServerUtils.java:getDefaultRatisDirectory(237)) - Storage directory for Ratis is not configured. It is a good idea to map this to an SSD disk. Falling back to ozone.metadata.dirs
2021-08-23 13:57:37,506 [Listener at 0.0.0.0/38029] INFO  ratis.OzoneManagerRatisServer (OzoneManagerRatisServer.java:<init>(158)) - Instantiating OM Ratis server with groupID: omServiceIdDefault and peers: localhost:9872
2021-08-23 13:57:37,506 [Listener at 0.0.0.0/38029] INFO  ratis.OzoneManagerStateMachine (OzoneManagerStateMachine.java:loadSnapshotInfoFromDB(605)) - LastAppliedIndex is set from TransactionInfo from OM DB as (t:0, i:~)
2021-08-23 13:57:37,506 [Listener at 0.0.0.0/38029] INFO  server.RaftServer (ConfUtils.java:logGet(44)) - raft.rpc.type = GRPC (default)
2021-08-23 13:57:37,507 [Listener at 0.0.0.0/38029] INFO  grpc.GrpcFactory (GrpcFactory.java:checkPooledByteBufAllocatorUseCacheForAllThreads(48)) - PERFORMANCE WARNING: useCacheForAllThreads is true that may cause Netty to create a lot garbage objects and, as a result, trigger GC.
	It is recommended to disable useCacheForAllThreads by setting -Dorg.apache.ratis.thirdparty.io.netty.allocator.useCacheForAllThreads=false in command line.
2021-08-23 13:57:37,507 [Listener at 0.0.0.0/38029] INFO  grpc.GrpcConfigKeys (ConfUtils.java:logGet(44)) - raft.grpc.admin.port = -1 (default)
2021-08-23 13:57:37,507 [Listener at 0.0.0.0/38029] INFO  grpc.GrpcConfigKeys (ConfUtils.java:logGet(44)) - raft.grpc.server.port = 9872 (custom)
2021-08-23 13:57:37,507 [Listener at 0.0.0.0/38029] INFO  grpc.GrpcConfigKeys (ConfUtils.java:logGet(44)) - raft.grpc.client.port = -1 (default)
2021-08-23 13:57:37,507 [Listener at 0.0.0.0/38029] INFO  grpc.GrpcConfigKeys (ConfUtils.java:logGet(44)) - raft.grpc.server.port = 9872 (custom)
2021-08-23 13:57:37,507 [Listener at 0.0.0.0/38029] INFO  grpc.GrpcConfigKeys (ConfUtils.java:logGet(44)) - raft.grpc.server.port = 9872 (custom)
2021-08-23 13:57:37,507 [Listener at 0.0.0.0/38029] INFO  server.GrpcService (ConfUtils.java:logGet(44)) - raft.grpc.message.size.max = 33554432 (custom)
2021-08-23 13:57:37,507 [Listener at 0.0.0.0/38029] INFO  server.RaftServerConfigKeys (ConfUtils.java:logGet(44)) - raft.server.log.appender.buffer.byte-limit = 33554432 (custom)
2021-08-23 13:57:37,507 [Listener at 0.0.0.0/38029] INFO  server.GrpcService (ConfUtils.java:logGet(44)) - raft.grpc.flow.control.window = 1MB (=1048576) (default)
2021-08-23 13:57:37,507 [Listener at 0.0.0.0/38029] INFO  server.RaftServerConfigKeys (ConfUtils.java:logGet(44)) - raft.server.rpc.request.timeout = 3000ms (default)
2021-08-23 13:57:37,509 [Listener at 0.0.0.0/38029] INFO  impl.DataStreamServerImpl (ConfUtils.java:logGet(44)) - raft.datastream.type = DISABLED (default)
2021-08-23 13:57:37,509 [Listener at 0.0.0.0/38029] INFO  server.RaftServerConfigKeys (ConfUtils.java:logGet(44)) - raft.server.rpc.slowness.timeout = 120s (custom)
2021-08-23 13:57:37,509 [Listener at 0.0.0.0/38029] INFO  server.RaftServerConfigKeys (ConfUtils.java:logGet(44)) - raft.server.leaderelection.leader.step-down.wait-time = 10s (default)
2021-08-23 13:57:37,509 [Listener at 0.0.0.0/38029] INFO  server.RaftServerConfigKeys (ConfUtils.java:logGet(44)) - raft.server.storage.dir = [/home/runner/work/ozone/ozone/hadoop-ozone/integration-test/target/test-dir/MiniOzoneClusterImpl-f0cf9c5c-e004-47d7-a6a1-b11a210091d6/ozone-meta/ratis] (custom)
2021-08-23 13:57:37,514 [Listener at 0.0.0.0/38029] INFO  server.RaftServer (RaftServerProxy.java:addNew(95)) - om1: addNew group-C5BA1605619E:[om1|rpc:localhost:9872|priority:0] returns group-C5BA1605619E:java.util.concurrent.CompletableFuture@5352fb2d[Not completed]
2021-08-23 13:57:37,514 [Listener at 0.0.0.0/38029] INFO  om.OzoneManager (OzoneManager.java:initializeRatisServer(1573)) - OzoneManager Ratis server initialized at port 9872
2021-08-23 13:57:37,520 [pool-109-thread-1] INFO  server.RaftServer$Division (RaftServerImpl.java:<init>(181)) - om1: new RaftServerImpl for group-C5BA1605619E:[om1|rpc:localhost:9872|priority:0] with OzoneManagerStateMachine:uninitialized
2021-08-23 13:57:37,521 [Listener at 0.0.0.0/38029] INFO  ipc.CallQueueManager (CallQueueManager.java:<init>(90)) - Using callQueue: class java.util.concurrent.LinkedBlockingQueue, queueCapacity: 2000, scheduler: class org.apache.hadoop.ipc.DefaultRpcScheduler, ipcBackoff: false.
2021-08-23 13:57:37,522 [pool-109-thread-1] INFO  server.RaftServerConfigKeys (ConfUtils.java:logGet(44)) - raft.server.rpc.timeout.min = 1s (custom)
2021-08-23 13:57:37,522 [pool-109-thread-1] INFO  server.RaftServerConfigKeys (ConfUtils.java:logGet(44)) - raft.server.rpc.timeout.max = 1200ms (custom)
2021-08-23 13:57:37,522 [pool-109-thread-1] INFO  server.RaftServerConfigKeys (ConfUtils.java:logGet(44)) - raft.server.rpc.sleep.time = 25ms (default)
2021-08-23 13:57:37,522 [pool-109-thread-1] INFO  server.RaftServerConfigKeys (ConfUtils.java:logGet(44)) - raft.server.rpc.slowness.timeout = 120s (custom)
2021-08-23 13:57:37,522 [pool-109-thread-1] INFO  server.RaftServerConfigKeys (ConfUtils.java:logGet(44)) - raft.server.leaderelection.leader.step-down.wait-time = 10s (default)
2021-08-23 13:57:37,522 [pool-109-thread-1] INFO  server.RaftServerConfigKeys (ConfUtils.java:logGet(44)) - raft.server.sleep.deviation.threshold = 300ms (default)
2021-08-23 13:57:37,522 [pool-109-thread-1] INFO  server.RaftServerConfigKeys (ConfUtils.java:logGet(44)) - raft.server.log.appender.install.snapshot.enabled = false (custom)
2021-08-23 13:57:37,522 [pool-109-thread-1] INFO  server.RaftServer$Division (ServerState.java:<init>(105)) - om1@group-C5BA1605619E: ConfigurationManager, init=-1: [om1|rpc:localhost:9872|priority:0], old=null, confs=<EMPTY_MAP>
2021-08-23 13:57:37,522 [pool-109-thread-1] INFO  server.RaftServerConfigKeys (ConfUtils.java:logGet(44)) - raft.server.storage.dir = [/home/runner/work/ozone/ozone/hadoop-ozone/integration-test/target/test-dir/MiniOzoneClusterImpl-f0cf9c5c-e004-47d7-a6a1-b11a210091d6/ozone-meta/ratis] (custom)
2021-08-23 13:57:37,522 [pool-109-thread-1] INFO  server.RaftServerConfigKeys (ConfUtils.java:logGet(44)) - raft.server.log.corruption.policy = EXCEPTION (default)
2021-08-23 13:57:37,522 [pool-109-thread-1] INFO  server.RaftServerConfigKeys (ConfUtils.java:logGet(44)) - raft.server.storage.free-space.min = 0MB (=0) (default)
2021-08-23 13:57:37,523 [pool-109-thread-1] INFO  storage.RaftStorageDirectory (RaftStorageDirectoryImpl.java:analyzeStorage(135)) - The storage directory /home/runner/work/ozone/ozone/hadoop-ozone/integration-test/target/test-dir/MiniOzoneClusterImpl-f0cf9c5c-e004-47d7-a6a1-b11a210091d6/ozone-meta/ratis/bf265839-605b-3f16-9796-c5ba1605619e does not exist. Creating ...
2021-08-23 13:57:37,523 [Socket Reader #1 for port 0] INFO  ipc.Server (Server.java:run(1265)) - Starting Socket Reader #1 for port 0
2021-08-23 13:57:37,524 [pool-109-thread-1] INFO  storage.RaftStorageDirectory (RaftStorageDirectoryImpl.java:tryLock(230)) - Lock on /home/runner/work/ozone/ozone/hadoop-ozone/integration-test/target/test-dir/MiniOzoneClusterImpl-f0cf9c5c-e004-47d7-a6a1-b11a210091d6/ozone-meta/ratis/bf265839-605b-3f16-9796-c5ba1605619e/in_use.lock acquired by nodename 27762@fv-az50-135
2021-08-23 13:57:37,526 [pool-109-thread-1] INFO  storage.RaftStorage (RaftStorageImpl.java:format(89)) - Storage directory /home/runner/work/ozone/ozone/hadoop-ozone/integration-test/target/test-dir/MiniOzoneClusterImpl-f0cf9c5c-e004-47d7-a6a1-b11a210091d6/ozone-meta/ratis/bf265839-605b-3f16-9796-c5ba1605619e has been successfully formatted.
2021-08-23 13:57:37,526 [pool-109-thread-1] INFO  server.RaftServerConfigKeys (ConfUtils.java:logGet(44)) - raft.server.notification.no-leader.timeout = 120s (custom)
2021-08-23 13:57:37,526 [pool-109-thread-1] INFO  server.RaftServerConfigKeys (ConfUtils.java:logGet(44)) - raft.server.log.use.memory = false (default)
2021-08-23 13:57:37,526 [pool-109-thread-1] INFO  server.RaftServerConfigKeys (ConfUtils.java:logGet(44)) - raft.server.log.purge.gap = 1000000 (custom)
2021-08-23 13:57:37,526 [pool-109-thread-1] INFO  server.RaftServerConfigKeys (ConfUtils.java:logGet(44)) - raft.server.log.appender.buffer.byte-limit = 33554432 (custom)
2021-08-23 13:57:37,526 [pool-109-thread-1] INFO  server.RaftServerConfigKeys (ConfUtils.java:logGet(44)) - raft.server.log.segment.size.max = 4194304 (custom)
2021-08-23 13:57:37,527 [pool-109-thread-1] INFO  server.RaftServerConfigKeys (ConfUtils.java:logGet(44)) - raft.server.log.segment.cache.num.max = 2 (custom)
2021-08-23 13:57:37,527 [pool-109-thread-1] INFO  server.RaftServerConfigKeys (ConfUtils.java:logGet(44)) - raft.server.log.segment.cache.size.max = 200MB (=209715200) (default)
2021-08-23 13:57:37,527 [pool-109-thread-1] INFO  segmented.SegmentedRaftLogWorker (SegmentedRaftLogWorker.java:<init>(182)) - new om1@group-C5BA1605619E-SegmentedRaftLogWorker for RaftStorageImpl:Storage Directory /home/runner/work/ozone/ozone/hadoop-ozone/integration-test/target/test-dir/MiniOzoneClusterImpl-f0cf9c5c-e004-47d7-a6a1-b11a210091d6/ozone-meta/ratis/bf265839-605b-3f16-9796-c5ba1605619e
2021-08-23 13:57:37,527 [pool-109-thread-1] INFO  server.RaftServerConfigKeys (ConfUtils.java:logGet(44)) - raft.server.log.queue.byte-limit = 64MB (=67108864) (default)
2021-08-23 13:57:37,527 [pool-109-thread-1] INFO  server.RaftServerConfigKeys (ConfUtils.java:logGet(44)) - raft.server.log.queue.element-limit = 4096 (default)
2021-08-23 13:57:37,527 [pool-109-thread-1] INFO  server.RaftServerConfigKeys (ConfUtils.java:logGet(44)) - raft.server.log.segment.size.max = 4194304 (custom)
2021-08-23 13:57:37,527 [pool-109-thread-1] INFO  server.RaftServerConfigKeys (ConfUtils.java:logGet(44)) - raft.server.log.preallocated.size = 4194304 (custom)
2021-08-23 13:57:37,527 [pool-109-thread-1] INFO  server.RaftServerConfigKeys (ConfUtils.java:logGet(44)) - raft.server.log.force.sync.num = 128 (default)
2021-08-23 13:57:37,527 [pool-109-thread-1] INFO  server.RaftServerConfigKeys (ConfUtils.java:logGet(44)) - raft.server.log.statemachine.data.sync = true (default)
2021-08-23 13:57:37,527 [pool-109-thread-1] INFO  server.RaftServerConfigKeys (ConfUtils.java:logGet(44)) - raft.server.log.statemachine.data.sync.timeout = 10s (default)
2021-08-23 13:57:37,527 [pool-109-thread-1] INFO  server.RaftServerConfigKeys (ConfUtils.java:logGet(44)) - raft.server.log.statemachine.data.sync.timeout.retry = -1 (default)
2021-08-23 13:57:37,528 [pool-109-thread-1] INFO  server.RaftServerConfigKeys (ConfUtils.java:logGet(44)) - raft.server.log.write.buffer.size = 64KB (=65536) (default)
2021-08-23 13:57:37,528 [pool-109-thread-1] INFO  server.RaftServerConfigKeys (ConfUtils.java:logGet(44)) - raft.server.log.statemachine.data.caching.enabled = false (default)
2021-08-23 13:57:37,529 [pool-109-thread-1] INFO  segmented.SegmentedRaftLogWorker (SegmentedRaftLogWorker.java:lambda$new$0(133)) - om1@group-C5BA1605619E-SegmentedRaftLogWorker: flushIndex: setUnconditionally 0 -> -1
2021-08-23 13:57:37,529 [pool-109-thread-1] INFO  segmented.SegmentedRaftLogWorker (SegmentedRaftLogWorker.java:lambda$new$0(133)) - om1@group-C5BA1605619E-SegmentedRaftLogWorker: safeCacheEvictIndex: setUnconditionally 0 -> -1
2021-08-23 13:57:37,536 [pool-109-thread-1] INFO  server.RaftServerConfigKeys (ConfUtils.java:logGet(44)) - raft.server.snapshot.auto.trigger.enabled = true (custom)
2021-08-23 13:57:37,536 [pool-109-thread-1] INFO  server.RaftServerConfigKeys (ConfUtils.java:logGet(44)) - raft.server.snapshot.auto.trigger.threshold = 400000 (default)
2021-08-23 13:57:37,536 [pool-109-thread-1] INFO  server.RaftServerConfigKeys (ConfUtils.java:logGet(44)) - raft.server.snapshot.retention.file.num = -1 (default)
2021-08-23 13:57:37,536 [pool-109-thread-1] INFO  server.RaftServerConfigKeys (ConfUtils.java:logGet(44)) - raft.server.log.purge.upto.snapshot.index = true (custom)
2021-08-23 13:57:37,536 [pool-109-thread-1] INFO  server.RaftServerConfigKeys (ConfUtils.java:logGet(44)) - raft.server.retrycache.expirytime = 300s (custom)
2021-08-23 13:57:37,536 [pool-109-thread-1] INFO  server.RaftServerConfigKeys (ConfUtils.java:logGet(44)) - raft.server.retrycache.statistics.expirytime = 100μs (default)
2021-08-23 13:57:37,554 [Listener at 127.0.0.1/37189] INFO  om.OzoneManager (OzoneManager.java:initFSOLayout(4321)) - Configured ozone.om.metadata.layout=SIMPLE and disabled optimized OM FS operations
2021-08-23 13:57:37,556 [Listener at 127.0.0.1/37189] INFO  impl.MetricsSystemImpl (MetricsSystemImpl.java:init(158)) - OzoneManager metrics system started (again)
2021-08-23 13:57:37,568 [Listener at 127.0.0.1/37189] INFO  om.OzoneManager (OzoneManager.java:start(1270)) - OzoneManager RPC server is listening at localhost/127.0.0.1:37189
2021-08-23 13:57:37,569 [Listener at 127.0.0.1/37189] INFO  ratis.OzoneManagerRatisServer (OzoneManagerRatisServer.java:start(516)) - Starting OzoneManagerRatisServer om1 at port 9872
2021-08-23 13:57:37,569 [Listener at 127.0.0.1/37189] INFO  server.RaftServer$Division (RaftServerImpl.java:start(296)) - om1@group-C5BA1605619E: start as a follower, conf=-1: [om1|rpc:localhost:9872|priority:0], old=null
2021-08-23 13:57:37,569 [Listener at 127.0.0.1/37189] INFO  server.RaftServer$Division (RaftServerImpl.java:setRole(285)) - om1@group-C5BA1605619E: changes role from      null to FOLLOWER at term 0 for startAsFollower
2021-08-23 13:57:37,569 [Listener at 127.0.0.1/37189] INFO  impl.RoleInfo (RoleInfo.java:updateAndGet(130)) - om1: start om1@group-C5BA1605619E-FollowerState
2021-08-23 13:57:37,578 [Listener at 127.0.0.1/37189] INFO  util.JmxRegister (JmxRegister.java:tryRegister(44)) - Successfully registered JMX Bean with object name Ratis:service=RaftServer,group=group-C5BA1605619E,id=om1
2021-08-23 13:57:37,579 [Listener at 127.0.0.1/37189] INFO  server.RaftServer (RaftServerProxy.java:lambda$start$5(374)) - om1: start RPC server
2021-08-23 13:57:37,581 [Listener at 127.0.0.1/37189] INFO  server.GrpcService (GrpcService.java:startImpl(253)) - om1: GrpcService started, listening on 9872
2021-08-23 13:57:37,588 [Listener at 127.0.0.1/37189] INFO  om.OzoneManager (OzoneManager.java:start(1288)) - Version File has different layout version (0) than OM DB (null). That is expected if this OM has never been finalized to a newer layout version.
2021-08-23 13:57:37,590 [org.apache.ratis.util.JvmPauseMonitor$$Lambda$531/776043543@4c64f665] INFO  util.JvmPauseMonitor (JvmPauseMonitor.java:run(103)) - JvmPauseMonitor-om1: Started
2021-08-23 13:57:37,591 [Listener at 127.0.0.1/37189] INFO  http.BaseHttpServer (BaseHttpServer.java:newHttpServer2BuilderForOzone(209)) - Starting Web-server for ozoneManager at: http://0.0.0.0:0
2021-08-23 13:57:37,591 [Listener at 127.0.0.1/37189] INFO  http.BaseHttpServer (BaseHttpServer.java:<init>(107)) - Hadoop Security Enabled: false Ozone Security Enabled: false Ozone HTTP Security Enabled: false 
2021-08-23 13:57:37,592 [Listener at 127.0.0.1/37189] INFO  server.AuthenticationFilter (AuthenticationFilter.java:constructSecretProvider(240)) - Unable to initialize FileSignerSecretProvider, falling back to use random secrets.
2021-08-23 13:57:37,593 [Listener at 127.0.0.1/37189] WARN  http.HttpRequestLog (HttpRequestLog.java:getRequestLog(103)) - Jetty request log can only be enabled using Log4j
2021-08-23 13:57:37,594 [Listener at 127.0.0.1/37189] INFO  http.HttpServer2 (HttpServer2.java:addGlobalFilter(1030)) - Added global filter 'safety' (class=org.apache.hadoop.hdds.server.http.HttpServer2$QuotingInputFilter)
2021-08-23 13:57:37,594 [Listener at 127.0.0.1/37189] INFO  http.HttpServer2 (HttpServer2.java:addFilter(1006)) - Added filter static_user_filter (class=org.apache.hadoop.http.lib.StaticUserWebFilter$StaticUserFilter) to context ozoneManager
2021-08-23 13:57:37,594 [Listener at 127.0.0.1/37189] INFO  http.HttpServer2 (HttpServer2.java:addFilter(1014)) - Added filter static_user_filter (class=org.apache.hadoop.http.lib.StaticUserWebFilter$StaticUserFilter) to context static
2021-08-23 13:57:37,595 [Listener at 127.0.0.1/37189] INFO  http.HttpServer2 (HttpServer2.java:addFilter(1014)) - Added filter static_user_filter (class=org.apache.hadoop.http.lib.StaticUserWebFilter$StaticUserFilter) to context logs
2021-08-23 13:57:37,595 [Listener at 127.0.0.1/37189] INFO  http.HttpServer2 (HttpServer2.java:bindListener(1249)) - Jetty bound to port 43281
2021-08-23 13:57:37,595 [Listener at 127.0.0.1/37189] INFO  server.Server (Server.java:doStart(375)) - jetty-9.4.43.v20210629; built: 2021-06-30T11:07:22.254Z; git: 526006ecfa3af7f1a27ef3a288e2bef7ea9dd7e8; jvm 1.8.0_292-b10
2021-08-23 13:57:37,597 [Listener at 127.0.0.1/37189] INFO  server.session (DefaultSessionIdManager.java:doStart(334)) - DefaultSessionIdManager workerName=node0
2021-08-23 13:57:37,597 [Listener at 127.0.0.1/37189] INFO  server.session (DefaultSessionIdManager.java:doStart(339)) - No SessionScavenger set, using defaults
2021-08-23 13:57:37,597 [Listener at 127.0.0.1/37189] INFO  server.session (HouseKeeper.java:startScavenging(132)) - node0 Scavenging every 600000ms
2021-08-23 13:57:37,600 [Listener at 127.0.0.1/37189] INFO  handler.ContextHandler (ContextHandler.java:doStart(915)) - Started o.e.j.s.ServletContextHandler@1ed8223e{logs,/logs,file:///home/runner/work/ozone/ozone/hadoop-ozone/integration-test/target/log,AVAILABLE}
2021-08-23 13:57:37,601 [Listener at 127.0.0.1/37189] INFO  handler.ContextHandler (ContextHandler.java:doStart(915)) - Started o.e.j.s.ServletContextHandler@153e9a2e{static,/static,file:///home/runner/work/ozone/ozone/hadoop-ozone/integration-test/target/test-classes/webapps/static,AVAILABLE}
2021-08-23 13:57:37,604 [Listener at 127.0.0.1/37189] INFO  handler.ContextHandler (ContextHandler.java:doStart(915)) - Started o.e.j.w.WebAppContext@142f6254{ozoneManager,/,file:///home/runner/work/ozone/ozone/hadoop-ozone/integration-test/target/test-classes/webapps/ozoneManager/,AVAILABLE}{file:/home/runner/work/ozone/ozone/hadoop-ozone/integration-test/target/test-classes/webapps/ozoneManager}
2021-08-23 13:57:37,611 [Listener at 127.0.0.1/37189] INFO  server.AbstractConnector (AbstractConnector.java:doStart(331)) - Started ServerConnector@129f11d8{HTTP/1.1, (http/1.1)}{0.0.0.0:43281}
2021-08-23 13:57:37,611 [Listener at 127.0.0.1/37189] INFO  server.Server (Server.java:doStart(415)) - Started @22957ms
2021-08-23 13:57:37,611 [Listener at 127.0.0.1/37189] WARN  impl.MetricsSystemImpl (MetricsSystemImpl.java:register(279)) - Sink prometheus already exists!
2021-08-23 13:57:37,612 [Listener at 127.0.0.1/37189] INFO  http.BaseHttpServer (BaseHttpServer.java:updateConnectorAddress(329)) - HTTP server of ozoneManager listening at http://0.0.0.0:43281
2021-08-23 13:57:37,612 [IPC Server Responder] INFO  ipc.Server (Server.java:run(1507)) - IPC Server Responder: starting
2021-08-23 13:57:37,612 [IPC Server listener on 0] INFO  ipc.Server (Server.java:run(1344)) - IPC Server listener on 0: starting
2021-08-23 13:57:37,615 [Listener at 127.0.0.1/37189] INFO  om.OzoneManager (OzoneManager.java:startTrashEmptier(1531)) - Trash Interval set to 0. Files deleted will not move to trash
2021-08-23 13:57:37,625 [org.apache.hadoop.util.JvmPauseMonitor$Monitor@1e531eba] INFO  util.JvmPauseMonitor (JvmPauseMonitor.java:run(188)) - Starting JVM pause monitor
2021-08-23 13:57:37,632 [Listener at 127.0.0.1/37189] WARN  impl.MetricRegistriesImpl (MetricRegistriesImpl.java:addReporterRegistration(111)) - New reporters are added after registries were created. Some metrics will be missing from the reporter. Please add reporter before adding any new registry.
2021-08-23 13:57:37,637 [Listener at 127.0.0.1/37189] WARN  impl.MetricRegistriesImpl (MetricRegistriesImpl.java:addReporterRegistration(111)) - New reporters are added after registries were created. Some metrics will be missing from the reporter. Please add reporter before adding any new registry.
2021-08-23 13:57:37,637 [Listener at 127.0.0.1/37189] INFO  impl.MetricsSystemImpl (MetricsSystemImpl.java:init(158)) - HddsDatanode metrics system started (again)
2021-08-23 13:57:37,652 [Listener at 127.0.0.1/37189] INFO  ozone.HddsDatanodeService (HddsDatanodeService.java:start(234)) - HddsDatanodeService host:fv-az50-135.grzltbmokehuzjyc5b133kdqgh.cx.internal.cloudapp.net ip:10.1.0.21
2021-08-23 13:57:37,675 [Listener at 127.0.0.1/37189] INFO  upgrade.AbstractLayoutVersionManager (AbstractLayoutVersionManager.java:init(70)) - Initializing Layout version manager with metadata layout = SCM_HA (version = 2), software layout = SCM_HA (version = 2)
2021-08-23 13:57:37,756 [Listener at 127.0.0.1/37189] INFO  reflections.Reflections (Reflections.java:scan(232)) - Reflections took 80 ms to scan 7 urls, producing 120 keys and 275 values 
2021-08-23 13:57:37,761 [Listener at 127.0.0.1/37189] INFO  volume.HddsVolume (HddsVolume.java:<init>(120)) - Creating HddsVolume: /home/runner/work/ozone/ozone/hadoop-ozone/integration-test/target/test-dir/MiniOzoneClusterImpl-f0cf9c5c-e004-47d7-a6a1-b11a210091d6/datanode-0/data-0/containers/hdds of storage type : DISK capacity : 9223372036854775807
2021-08-23 13:57:37,761 [Listener at 127.0.0.1/37189] INFO  volume.MutableVolumeSet (MutableVolumeSet.java:initializeVolumeSet(181)) - Added Volume : /home/runner/work/ozone/ozone/hadoop-ozone/integration-test/target/test-dir/MiniOzoneClusterImpl-f0cf9c5c-e004-47d7-a6a1-b11a210091d6/datanode-0/data-0/containers/hdds to VolumeSet
2021-08-23 13:57:37,761 [Listener at 127.0.0.1/37189] INFO  volume.ThrottledAsyncChecker (ThrottledAsyncChecker.java:schedule(141)) - Scheduling a check for /home/runner/work/ozone/ozone/hadoop-ozone/integration-test/target/test-dir/MiniOzoneClusterImpl-f0cf9c5c-e004-47d7-a6a1-b11a210091d6/datanode-0/data-0/containers/hdds
2021-08-23 13:57:37,762 [Listener at 127.0.0.1/37189] INFO  volume.StorageVolumeChecker (StorageVolumeChecker.java:checkAllVolumes(202)) - Scheduled health check for volume /home/runner/work/ozone/ozone/hadoop-ozone/integration-test/target/test-dir/MiniOzoneClusterImpl-f0cf9c5c-e004-47d7-a6a1-b11a210091d6/datanode-0/data-0/containers/hdds
2021-08-23 13:57:37,775 [Listener at 127.0.0.1/37189] INFO  volume.MutableVolumeSet (MutableVolumeSet.java:initializeVolumeSet(181)) - Added Volume : /home/runner/work/ozone/ozone/hadoop-ozone/integration-test/target/test-dir/MiniOzoneClusterImpl-f0cf9c5c-e004-47d7-a6a1-b11a210091d6/datanode-0/data/ratis to VolumeSet
2021-08-23 13:57:37,775 [Listener at 127.0.0.1/37189] INFO  volume.ThrottledAsyncChecker (ThrottledAsyncChecker.java:schedule(141)) - Scheduling a check for /home/runner/work/ozone/ozone/hadoop-ozone/integration-test/target/test-dir/MiniOzoneClusterImpl-f0cf9c5c-e004-47d7-a6a1-b11a210091d6/datanode-0/data/ratis
2021-08-23 13:57:37,775 [Listener at 127.0.0.1/37189] INFO  volume.StorageVolumeChecker (StorageVolumeChecker.java:checkAllVolumes(202)) - Scheduled health check for volume /home/runner/work/ozone/ozone/hadoop-ozone/integration-test/target/test-dir/MiniOzoneClusterImpl-f0cf9c5c-e004-47d7-a6a1-b11a210091d6/datanode-0/data/ratis
2021-08-23 13:57:37,787 [Listener at 127.0.0.1/37189] INFO  ozoneimpl.ContainerReader (ContainerReader.java:<init>(98)) - Running in upgrade mode:true
2021-08-23 13:57:37,787 [Thread-282] INFO  ozoneimpl.ContainerReader (ContainerReader.java:readVolume(142)) - Start to verify containers on volume /home/runner/work/ozone/ozone/hadoop-ozone/integration-test/target/test-dir/MiniOzoneClusterImpl-f0cf9c5c-e004-47d7-a6a1-b11a210091d6/datanode-0/data-0/containers/hdds
2021-08-23 13:57:37,787 [Thread-282] INFO  ozoneimpl.ContainerReader (ContainerReader.java:readVolume(174)) - Finish verifying containers on volume /home/runner/work/ozone/ozone/hadoop-ozone/integration-test/target/test-dir/MiniOzoneClusterImpl-f0cf9c5c-e004-47d7-a6a1-b11a210091d6/datanode-0/data-0/containers/hdds
2021-08-23 13:57:37,787 [Listener at 127.0.0.1/37189] INFO  ozoneimpl.OzoneContainer (OzoneContainer.java:buildContainerSet(237)) - Build ContainerSet costs 0s
2021-08-23 13:57:37,790 [Listener at 127.0.0.1/37189] INFO  server.RaftServer (ConfUtils.java:logGet(44)) - raft.rpc.type = GRPC (default)
2021-08-23 13:57:37,790 [Listener at 127.0.0.1/37189] INFO  grpc.GrpcFactory (GrpcFactory.java:checkPooledByteBufAllocatorUseCacheForAllThreads(48)) - PERFORMANCE WARNING: useCacheForAllThreads is true that may cause Netty to create a lot garbage objects and, as a result, trigger GC.
	It is recommended to disable useCacheForAllThreads by setting -Dorg.apache.ratis.thirdparty.io.netty.allocator.useCacheForAllThreads=false in command line.
2021-08-23 13:57:37,790 [Listener at 127.0.0.1/37189] INFO  grpc.GrpcConfigKeys (ConfUtils.java:logGet(44)) - raft.grpc.admin.port = 0 (custom)
2021-08-23 13:57:37,791 [Listener at 127.0.0.1/37189] INFO  grpc.GrpcConfigKeys (ConfUtils.java:logGet(44)) - raft.grpc.client.port = 0 (custom)
2021-08-23 13:57:37,791 [Listener at 127.0.0.1/37189] INFO  grpc.GrpcConfigKeys (ConfUtils.java:logGet(44)) - raft.grpc.server.port = 0 (default)
2021-08-23 13:57:37,791 [Listener at 127.0.0.1/37189] INFO  server.GrpcService (ConfUtils.java:logGet(44)) - raft.grpc.message.size.max = 32MB (=33554432) (custom)
2021-08-23 13:57:37,791 [Listener at 127.0.0.1/37189] INFO  server.RaftServerConfigKeys (ConfUtils.java:logGet(44)) - raft.server.log.appender.buffer.byte-limit = 33554432 (custom)
2021-08-23 13:57:37,791 [Listener at 127.0.0.1/37189] INFO  server.GrpcService (ConfUtils.java:logGet(44)) - raft.grpc.flow.control.window = 5MB (=5242880) (custom)
2021-08-23 13:57:37,791 [Listener at 127.0.0.1/37189] INFO  server.RaftServerConfigKeys (ConfUtils.java:logGet(44)) - raft.server.rpc.request.timeout = 60s (custom)
2021-08-23 13:57:37,792 [Listener at 127.0.0.1/37189] INFO  impl.DataStreamServerImpl (ConfUtils.java:logGet(44)) - raft.datastream.type = DISABLED (default)
2021-08-23 13:57:37,792 [Listener at 127.0.0.1/37189] INFO  server.RaftServerConfigKeys (ConfUtils.java:logGet(44)) - raft.server.rpc.slowness.timeout = 300s (custom)
2021-08-23 13:57:37,792 [Listener at 127.0.0.1/37189] INFO  server.RaftServerConfigKeys (ConfUtils.java:logGet(44)) - raft.server.leaderelection.leader.step-down.wait-time = 10s (default)
2021-08-23 13:57:37,793 [Listener at 127.0.0.1/37189] INFO  server.RaftServerConfigKeys (ConfUtils.java:logGet(44)) - raft.server.storage.dir = [/home/runner/work/ozone/ozone/hadoop-ozone/integration-test/target/test-dir/MiniOzoneClusterImpl-f0cf9c5c-e004-47d7-a6a1-b11a210091d6/datanode-0/data/ratis] (custom)
2021-08-23 13:57:37,796 [Listener at 127.0.0.1/37189] INFO  http.BaseHttpServer (BaseHttpServer.java:newHttpServer2BuilderForOzone(209)) - Starting Web-server for hddsDatanode at: http://0.0.0.0:0
2021-08-23 13:57:37,796 [Listener at 127.0.0.1/37189] INFO  http.BaseHttpServer (BaseHttpServer.java:<init>(107)) - Hadoop Security Enabled: false Ozone Security Enabled: false Ozone HTTP Security Enabled: false 
2021-08-23 13:57:37,797 [Listener at 127.0.0.1/37189] INFO  server.AuthenticationFilter (AuthenticationFilter.java:constructSecretProvider(240)) - Unable to initialize FileSignerSecretProvider, falling back to use random secrets.
2021-08-23 13:57:37,808 [Listener at 127.0.0.1/37189] WARN  http.HttpRequestLog (HttpRequestLog.java:getRequestLog(103)) - Jetty request log can only be enabled using Log4j
2021-08-23 13:57:37,809 [Listener at 127.0.0.1/37189] INFO  http.HttpServer2 (HttpServer2.java:addGlobalFilter(1030)) - Added global filter 'safety' (class=org.apache.hadoop.hdds.server.http.HttpServer2$QuotingInputFilter)
2021-08-23 13:57:37,810 [Listener at 127.0.0.1/37189] INFO  http.HttpServer2 (HttpServer2.java:addFilter(1006)) - Added filter static_user_filter (class=org.apache.hadoop.http.lib.StaticUserWebFilter$StaticUserFilter) to context hddsDatanode
2021-08-23 13:57:37,810 [Listener at 127.0.0.1/37189] INFO  http.HttpServer2 (HttpServer2.java:addFilter(1014)) - Added filter static_user_filter (class=org.apache.hadoop.http.lib.StaticUserWebFilter$StaticUserFilter) to context static
2021-08-23 13:57:37,810 [Listener at 127.0.0.1/37189] INFO  http.HttpServer2 (HttpServer2.java:addFilter(1014)) - Added filter static_user_filter (class=org.apache.hadoop.http.lib.StaticUserWebFilter$StaticUserFilter) to context logs
2021-08-23 13:57:37,810 [Listener at 127.0.0.1/37189] INFO  http.HttpServer2 (HttpServer2.java:bindListener(1249)) - Jetty bound to port 38883
2021-08-23 13:57:37,810 [Listener at 127.0.0.1/37189] INFO  server.Server (Server.java:doStart(375)) - jetty-9.4.43.v20210629; built: 2021-06-30T11:07:22.254Z; git: 526006ecfa3af7f1a27ef3a288e2bef7ea9dd7e8; jvm 1.8.0_292-b10
2021-08-23 13:57:37,860 [Listener at 127.0.0.1/37189] INFO  server.session (DefaultSessionIdManager.java:doStart(334)) - DefaultSessionIdManager workerName=node0
2021-08-23 13:57:37,861 [Listener at 127.0.0.1/37189] INFO  server.session (DefaultSessionIdManager.java:doStart(339)) - No SessionScavenger set, using defaults
2021-08-23 13:57:37,861 [Listener at 127.0.0.1/37189] INFO  server.session (HouseKeeper.java:startScavenging(132)) - node0 Scavenging every 600000ms
2021-08-23 13:57:37,865 [Listener at 127.0.0.1/37189] INFO  handler.ContextHandler (ContextHandler.java:doStart(915)) - Started o.e.j.s.ServletContextHandler@7da199fd{logs,/logs,file:///home/runner/work/ozone/ozone/hadoop-ozone/integration-test/target/log,AVAILABLE}
2021-08-23 13:57:37,865 [Listener at 127.0.0.1/37189] INFO  handler.ContextHandler (ContextHandler.java:doStart(915)) - Started o.e.j.s.ServletContextHandler@320617fc{static,/static,jar:file:/home/runner/.m2/repository/org/apache/ozone/hdds-container-service/1.2.0-SNAPSHOT/hdds-container-service-1.2.0-SNAPSHOT.jar!/webapps/static,AVAILABLE}
2021-08-23 13:57:37,945 [Listener at 127.0.0.1/37189] INFO  handler.ContextHandler (ContextHandler.java:doStart(915)) - Started o.e.j.w.WebAppContext@6d5cf2ad{hddsDatanode,/,file:///tmp/jetty-0_0_0_0-38883-hdds-container-service-1_2_0-SNAPSHOT_jar-_-any-3681814715177595607/webapp/,AVAILABLE}{jar:file:/home/runner/.m2/repository/org/apache/ozone/hdds-container-service/1.2.0-SNAPSHOT/hdds-container-service-1.2.0-SNAPSHOT.jar!/webapps/hddsDatanode}
2021-08-23 13:57:37,948 [Listener at 127.0.0.1/37189] INFO  server.AbstractConnector (AbstractConnector.java:doStart(331)) - Started ServerConnector@53118edc{HTTP/1.1, (http/1.1)}{0.0.0.0:38883}
2021-08-23 13:57:37,948 [Listener at 127.0.0.1/37189] INFO  server.Server (Server.java:doStart(415)) - Started @23294ms
2021-08-23 13:57:37,948 [Listener at 127.0.0.1/37189] WARN  impl.MetricsSystemImpl (MetricsSystemImpl.java:register(279)) - Sink prometheus already exists!
2021-08-23 13:57:37,949 [Listener at 127.0.0.1/37189] INFO  http.BaseHttpServer (BaseHttpServer.java:updateConnectorAddress(329)) - HTTP server of hddsDatanode listening at http://0.0.0.0:38883
2021-08-23 13:57:37,957 [Listener at 127.0.0.1/37189] WARN  impl.MetricRegistriesImpl (MetricRegistriesImpl.java:addReporterRegistration(111)) - New reporters are added after registries were created. Some metrics will be missing from the reporter. Please add reporter before adding any new registry.
2021-08-23 13:57:37,957 [Listener at 127.0.0.1/37189] WARN  impl.MetricRegistriesImpl (MetricRegistriesImpl.java:addReporterRegistration(111)) - New reporters are added after registries were created. Some metrics will be missing from the reporter. Please add reporter before adding any new registry.
2021-08-23 13:57:37,957 [Listener at 127.0.0.1/37189] INFO  impl.MetricsSystemImpl (MetricsSystemImpl.java:init(158)) - HddsDatanode metrics system started (again)
2021-08-23 13:57:37,982 [Listener at 127.0.0.1/37189] INFO  ozone.HddsDatanodeService (HddsDatanodeService.java:start(234)) - HddsDatanodeService host:fv-az50-135.grzltbmokehuzjyc5b133kdqgh.cx.internal.cloudapp.net ip:10.1.0.21
2021-08-23 13:57:37,998 [org.apache.hadoop.util.JvmPauseMonitor$Monitor@7ca87840] INFO  util.JvmPauseMonitor (JvmPauseMonitor.java:run(188)) - Starting JVM pause monitor
2021-08-23 13:57:38,016 [Datanode State Machine Task Thread - 0] INFO  datanode.InitDatanodeState (InitDatanodeState.java:persistContainerDatanodeDetails(145)) - DatanodeDetails is persisted to /home/runner/work/ozone/ozone/hadoop-ozone/integration-test/target/test-dir/MiniOzoneClusterImpl-f0cf9c5c-e004-47d7-a6a1-b11a210091d6/datanode-0/meta/datanode.id
2021-08-23 13:57:38,021 [Listener at 127.0.0.1/37189] INFO  upgrade.AbstractLayoutVersionManager (AbstractLayoutVersionManager.java:init(70)) - Initializing Layout version manager with metadata layout = SCM_HA (version = 2), software layout = SCM_HA (version = 2)
2021-08-23 13:57:38,085 [Listener at 127.0.0.1/37189] INFO  reflections.Reflections (Reflections.java:scan(232)) - Reflections took 62 ms to scan 7 urls, producing 120 keys and 275 values 
2021-08-23 13:57:38,098 [Listener at 127.0.0.1/37189] INFO  volume.HddsVolume (HddsVolume.java:<init>(120)) - Creating HddsVolume: /home/runner/work/ozone/ozone/hadoop-ozone/integration-test/target/test-dir/MiniOzoneClusterImpl-f0cf9c5c-e004-47d7-a6a1-b11a210091d6/datanode-1/data-0/containers/hdds of storage type : DISK capacity : 9223372036854775807
2021-08-23 13:57:38,098 [Listener at 127.0.0.1/37189] INFO  volume.MutableVolumeSet (MutableVolumeSet.java:initializeVolumeSet(181)) - Added Volume : /home/runner/work/ozone/ozone/hadoop-ozone/integration-test/target/test-dir/MiniOzoneClusterImpl-f0cf9c5c-e004-47d7-a6a1-b11a210091d6/datanode-1/data-0/containers/hdds to VolumeSet
2021-08-23 13:57:38,098 [Listener at 127.0.0.1/37189] INFO  volume.ThrottledAsyncChecker (ThrottledAsyncChecker.java:schedule(141)) - Scheduling a check for /home/runner/work/ozone/ozone/hadoop-ozone/integration-test/target/test-dir/MiniOzoneClusterImpl-f0cf9c5c-e004-47d7-a6a1-b11a210091d6/datanode-1/data-0/containers/hdds
2021-08-23 13:57:38,115 [Listener at 127.0.0.1/37189] INFO  volume.StorageVolumeChecker (StorageVolumeChecker.java:checkAllVolumes(202)) - Scheduled health check for volume /home/runner/work/ozone/ozone/hadoop-ozone/integration-test/target/test-dir/MiniOzoneClusterImpl-f0cf9c5c-e004-47d7-a6a1-b11a210091d6/datanode-1/data-0/containers/hdds
2021-08-23 13:57:38,136 [Listener at 127.0.0.1/37189] INFO  volume.MutableVolumeSet (MutableVolumeSet.java:initializeVolumeSet(181)) - Added Volume : /home/runner/work/ozone/ozone/hadoop-ozone/integration-test/target/test-dir/MiniOzoneClusterImpl-f0cf9c5c-e004-47d7-a6a1-b11a210091d6/datanode-1/data/ratis to VolumeSet
2021-08-23 13:57:38,136 [Listener at 127.0.0.1/37189] INFO  volume.ThrottledAsyncChecker (ThrottledAsyncChecker.java:schedule(141)) - Scheduling a check for /home/runner/work/ozone/ozone/hadoop-ozone/integration-test/target/test-dir/MiniOzoneClusterImpl-f0cf9c5c-e004-47d7-a6a1-b11a210091d6/datanode-1/data/ratis
2021-08-23 13:57:38,137 [Listener at 127.0.0.1/37189] INFO  volume.StorageVolumeChecker (StorageVolumeChecker.java:checkAllVolumes(202)) - Scheduled health check for volume /home/runner/work/ozone/ozone/hadoop-ozone/integration-test/target/test-dir/MiniOzoneClusterImpl-f0cf9c5c-e004-47d7-a6a1-b11a210091d6/datanode-1/data/ratis
2021-08-23 13:57:38,167 [Listener at 127.0.0.1/37189] INFO  ozoneimpl.ContainerReader (ContainerReader.java:<init>(98)) - Running in upgrade mode:true
2021-08-23 13:57:38,168 [Thread-294] INFO  ozoneimpl.ContainerReader (ContainerReader.java:readVolume(142)) - Start to verify containers on volume /home/runner/work/ozone/ozone/hadoop-ozone/integration-test/target/test-dir/MiniOzoneClusterImpl-f0cf9c5c-e004-47d7-a6a1-b11a210091d6/datanode-1/data-0/containers/hdds
2021-08-23 13:57:38,168 [Thread-294] INFO  ozoneimpl.ContainerReader (ContainerReader.java:readVolume(174)) - Finish verifying containers on volume /home/runner/work/ozone/ozone/hadoop-ozone/integration-test/target/test-dir/MiniOzoneClusterImpl-f0cf9c5c-e004-47d7-a6a1-b11a210091d6/datanode-1/data-0/containers/hdds
2021-08-23 13:57:38,168 [Listener at 127.0.0.1/37189] INFO  ozoneimpl.OzoneContainer (OzoneContainer.java:buildContainerSet(237)) - Build ContainerSet costs 0s
2021-08-23 13:57:38,170 [Listener at 127.0.0.1/37189] INFO  server.RaftServer (ConfUtils.java:logGet(44)) - raft.rpc.type = GRPC (default)
2021-08-23 13:57:38,170 [Listener at 127.0.0.1/37189] INFO  grpc.GrpcFactory (GrpcFactory.java:checkPooledByteBufAllocatorUseCacheForAllThreads(48)) - PERFORMANCE WARNING: useCacheForAllThreads is true that may cause Netty to create a lot garbage objects and, as a result, trigger GC.
	It is recommended to disable useCacheForAllThreads by setting -Dorg.apache.ratis.thirdparty.io.netty.allocator.useCacheForAllThreads=false in command line.
2021-08-23 13:57:38,171 [Listener at 127.0.0.1/37189] INFO  grpc.GrpcConfigKeys (ConfUtils.java:logGet(44)) - raft.grpc.admin.port = 0 (custom)
2021-08-23 13:57:38,171 [Listener at 127.0.0.1/37189] INFO  grpc.GrpcConfigKeys (ConfUtils.java:logGet(44)) - raft.grpc.client.port = 0 (custom)
2021-08-23 13:57:38,171 [Listener at 127.0.0.1/37189] INFO  grpc.GrpcConfigKeys (ConfUtils.java:logGet(44)) - raft.grpc.server.port = 0 (default)
2021-08-23 13:57:38,171 [Listener at 127.0.0.1/37189] INFO  server.GrpcService (ConfUtils.java:logGet(44)) - raft.grpc.message.size.max = 32MB (=33554432) (custom)
2021-08-23 13:57:38,171 [Listener at 127.0.0.1/37189] INFO  server.RaftServerConfigKeys (ConfUtils.java:logGet(44)) - raft.server.log.appender.buffer.byte-limit = 33554432 (custom)
2021-08-23 13:57:38,171 [Listener at 127.0.0.1/37189] INFO  server.GrpcService (ConfUtils.java:logGet(44)) - raft.grpc.flow.control.window = 5MB (=5242880) (custom)
2021-08-23 13:57:38,171 [Listener at 127.0.0.1/37189] INFO  server.RaftServerConfigKeys (ConfUtils.java:logGet(44)) - raft.server.rpc.request.timeout = 60s (custom)
2021-08-23 13:57:38,172 [Listener at 127.0.0.1/37189] INFO  impl.DataStreamServerImpl (ConfUtils.java:logGet(44)) - raft.datastream.type = DISABLED (default)
2021-08-23 13:57:38,172 [Listener at 127.0.0.1/37189] INFO  server.RaftServerConfigKeys (ConfUtils.java:logGet(44)) - raft.server.rpc.slowness.timeout = 300s (custom)
2021-08-23 13:57:38,172 [Listener at 127.0.0.1/37189] INFO  server.RaftServerConfigKeys (ConfUtils.java:logGet(44)) - raft.server.leaderelection.leader.step-down.wait-time = 10s (default)
2021-08-23 13:57:38,172 [Listener at 127.0.0.1/37189] INFO  server.RaftServerConfigKeys (ConfUtils.java:logGet(44)) - raft.server.storage.dir = [/home/runner/work/ozone/ozone/hadoop-ozone/integration-test/target/test-dir/MiniOzoneClusterImpl-f0cf9c5c-e004-47d7-a6a1-b11a210091d6/datanode-1/data/ratis] (custom)
2021-08-23 13:57:38,180 [Listener at 127.0.0.1/37189] INFO  http.BaseHttpServer (BaseHttpServer.java:newHttpServer2BuilderForOzone(209)) - Starting Web-server for hddsDatanode at: http://0.0.0.0:0
2021-08-23 13:57:38,180 [Listener at 127.0.0.1/37189] INFO  http.BaseHttpServer (BaseHttpServer.java:<init>(107)) - Hadoop Security Enabled: false Ozone Security Enabled: false Ozone HTTP Security Enabled: false 
2021-08-23 13:57:38,182 [Listener at 127.0.0.1/37189] INFO  server.AuthenticationFilter (AuthenticationFilter.java:constructSecretProvider(240)) - Unable to initialize FileSignerSecretProvider, falling back to use random secrets.
2021-08-23 13:57:38,182 [Listener at 127.0.0.1/37189] WARN  http.HttpRequestLog (HttpRequestLog.java:getRequestLog(103)) - Jetty request log can only be enabled using Log4j
2021-08-23 13:57:38,183 [Listener at 127.0.0.1/37189] INFO  http.HttpServer2 (HttpServer2.java:addGlobalFilter(1030)) - Added global filter 'safety' (class=org.apache.hadoop.hdds.server.http.HttpServer2$QuotingInputFilter)
2021-08-23 13:57:38,183 [Listener at 127.0.0.1/37189] INFO  http.HttpServer2 (HttpServer2.java:addFilter(1006)) - Added filter static_user_filter (class=org.apache.hadoop.http.lib.StaticUserWebFilter$StaticUserFilter) to context hddsDatanode
2021-08-23 13:57:38,183 [Listener at 127.0.0.1/37189] INFO  http.HttpServer2 (HttpServer2.java:addFilter(1014)) - Added filter static_user_filter (class=org.apache.hadoop.http.lib.StaticUserWebFilter$StaticUserFilter) to context static
2021-08-23 13:57:38,184 [Listener at 127.0.0.1/37189] INFO  http.HttpServer2 (HttpServer2.java:addFilter(1014)) - Added filter static_user_filter (class=org.apache.hadoop.http.lib.StaticUserWebFilter$StaticUserFilter) to context logs
2021-08-23 13:57:38,184 [Listener at 127.0.0.1/37189] INFO  http.HttpServer2 (HttpServer2.java:bindListener(1249)) - Jetty bound to port 32879
2021-08-23 13:57:38,184 [Listener at 127.0.0.1/37189] INFO  server.Server (Server.java:doStart(375)) - jetty-9.4.43.v20210629; built: 2021-06-30T11:07:22.254Z; git: 526006ecfa3af7f1a27ef3a288e2bef7ea9dd7e8; jvm 1.8.0_292-b10
2021-08-23 13:57:38,186 [Listener at 127.0.0.1/37189] INFO  server.session (DefaultSessionIdManager.java:doStart(334)) - DefaultSessionIdManager workerName=node0
2021-08-23 13:57:38,186 [Listener at 127.0.0.1/37189] INFO  server.session (DefaultSessionIdManager.java:doStart(339)) - No SessionScavenger set, using defaults
2021-08-23 13:57:38,186 [Listener at 127.0.0.1/37189] INFO  server.session (HouseKeeper.java:startScavenging(132)) - node0 Scavenging every 660000ms
2021-08-23 13:57:38,192 [Listener at 127.0.0.1/37189] INFO  handler.ContextHandler (ContextHandler.java:doStart(915)) - Started o.e.j.s.ServletContextHandler@5b0a1c3c{logs,/logs,file:///home/runner/work/ozone/ozone/hadoop-ozone/integration-test/target/log,AVAILABLE}
2021-08-23 13:57:38,193 [Listener at 127.0.0.1/37189] INFO  handler.ContextHandler (ContextHandler.java:doStart(915)) - Started o.e.j.s.ServletContextHandler@3cd4b086{static,/static,jar:file:/home/runner/.m2/repository/org/apache/ozone/hdds-container-service/1.2.0-SNAPSHOT/hdds-container-service-1.2.0-SNAPSHOT.jar!/webapps/static,AVAILABLE}
2021-08-23 13:57:38,247 [Listener at 127.0.0.1/37189] INFO  handler.ContextHandler (ContextHandler.java:doStart(915)) - Started o.e.j.w.WebAppContext@1b2eb9fd{hddsDatanode,/,file:///tmp/jetty-0_0_0_0-32879-hdds-container-service-1_2_0-SNAPSHOT_jar-_-any-5337116358381227524/webapp/,AVAILABLE}{jar:file:/home/runner/.m2/repository/org/apache/ozone/hdds-container-service/1.2.0-SNAPSHOT/hdds-container-service-1.2.0-SNAPSHOT.jar!/webapps/hddsDatanode}
2021-08-23 13:57:38,248 [Listener at 127.0.0.1/37189] INFO  server.AbstractConnector (AbstractConnector.java:doStart(331)) - Started ServerConnector@bd2a670{HTTP/1.1, (http/1.1)}{0.0.0.0:32879}
2021-08-23 13:57:38,249 [Listener at 127.0.0.1/37189] INFO  server.Server (Server.java:doStart(415)) - Started @23595ms
2021-08-23 13:57:38,249 [Listener at 127.0.0.1/37189] WARN  impl.MetricsSystemImpl (MetricsSystemImpl.java:register(279)) - Sink prometheus already exists!
2021-08-23 13:57:38,249 [Listener at 127.0.0.1/37189] INFO  http.BaseHttpServer (BaseHttpServer.java:updateConnectorAddress(329)) - HTTP server of hddsDatanode listening at http://0.0.0.0:32879
2021-08-23 13:57:38,250 [Listener at 127.0.0.1/37189] WARN  impl.MetricRegistriesImpl (MetricRegistriesImpl.java:addReporterRegistration(111)) - New reporters are added after registries were created. Some metrics will be missing from the reporter. Please add reporter before adding any new registry.
2021-08-23 13:57:38,250 [Listener at 127.0.0.1/37189] WARN  impl.MetricRegistriesImpl (MetricRegistriesImpl.java:addReporterRegistration(111)) - New reporters are added after registries were created. Some metrics will be missing from the reporter. Please add reporter before adding any new registry.
2021-08-23 13:57:38,250 [Listener at 127.0.0.1/37189] INFO  impl.MetricsSystemImpl (MetricsSystemImpl.java:init(158)) - HddsDatanode metrics system started (again)
2021-08-23 13:57:38,320 [org.apache.hadoop.util.JvmPauseMonitor$Monitor@7c2e080f] INFO  util.JvmPauseMonitor (JvmPauseMonitor.java:run(188)) - Starting JVM pause monitor
2021-08-23 13:57:38,340 [Listener at 127.0.0.1/37189] INFO  ozone.HddsDatanodeService (HddsDatanodeService.java:start(234)) - HddsDatanodeService host:fv-az50-135.grzltbmokehuzjyc5b133kdqgh.cx.internal.cloudapp.net ip:10.1.0.21
2021-08-23 13:57:38,350 [Datanode State Machine Task Thread - 0] INFO  datanode.InitDatanodeState (InitDatanodeState.java:persistContainerDatanodeDetails(145)) - DatanodeDetails is persisted to /home/runner/work/ozone/ozone/hadoop-ozone/integration-test/target/test-dir/MiniOzoneClusterImpl-f0cf9c5c-e004-47d7-a6a1-b11a210091d6/datanode-1/meta/datanode.id
2021-08-23 13:57:38,368 [Listener at 127.0.0.1/37189] INFO  upgrade.AbstractLayoutVersionManager (AbstractLayoutVersionManager.java:init(70)) - Initializing Layout version manager with metadata layout = SCM_HA (version = 2), software layout = SCM_HA (version = 2)
2021-08-23 13:57:38,411 [Listener at 127.0.0.1/37189] INFO  reflections.Reflections (Reflections.java:scan(232)) - Reflections took 42 ms to scan 7 urls, producing 120 keys and 275 values 
2021-08-23 13:57:38,418 [Listener at 127.0.0.1/37189] INFO  volume.HddsVolume (HddsVolume.java:<init>(120)) - Creating HddsVolume: /home/runner/work/ozone/ozone/hadoop-ozone/integration-test/target/test-dir/MiniOzoneClusterImpl-f0cf9c5c-e004-47d7-a6a1-b11a210091d6/datanode-2/data-0/containers/hdds of storage type : DISK capacity : 9223372036854775807
2021-08-23 13:57:38,418 [Listener at 127.0.0.1/37189] INFO  volume.MutableVolumeSet (MutableVolumeSet.java:initializeVolumeSet(181)) - Added Volume : /home/runner/work/ozone/ozone/hadoop-ozone/integration-test/target/test-dir/MiniOzoneClusterImpl-f0cf9c5c-e004-47d7-a6a1-b11a210091d6/datanode-2/data-0/containers/hdds to VolumeSet
2021-08-23 13:57:38,418 [Listener at 127.0.0.1/37189] INFO  volume.ThrottledAsyncChecker (ThrottledAsyncChecker.java:schedule(141)) - Scheduling a check for /home/runner/work/ozone/ozone/hadoop-ozone/integration-test/target/test-dir/MiniOzoneClusterImpl-f0cf9c5c-e004-47d7-a6a1-b11a210091d6/datanode-2/data-0/containers/hdds
2021-08-23 13:57:38,421 [Listener at 127.0.0.1/37189] INFO  volume.StorageVolumeChecker (StorageVolumeChecker.java:checkAllVolumes(202)) - Scheduled health check for volume /home/runner/work/ozone/ozone/hadoop-ozone/integration-test/target/test-dir/MiniOzoneClusterImpl-f0cf9c5c-e004-47d7-a6a1-b11a210091d6/datanode-2/data-0/containers/hdds
2021-08-23 13:57:38,435 [Listener at 127.0.0.1/37189] INFO  volume.MutableVolumeSet (MutableVolumeSet.java:initializeVolumeSet(181)) - Added Volume : /home/runner/work/ozone/ozone/hadoop-ozone/integration-test/target/test-dir/MiniOzoneClusterImpl-f0cf9c5c-e004-47d7-a6a1-b11a210091d6/datanode-2/data/ratis to VolumeSet
2021-08-23 13:57:38,435 [Listener at 127.0.0.1/37189] INFO  volume.ThrottledAsyncChecker (ThrottledAsyncChecker.java:schedule(141)) - Scheduling a check for /home/runner/work/ozone/ozone/hadoop-ozone/integration-test/target/test-dir/MiniOzoneClusterImpl-f0cf9c5c-e004-47d7-a6a1-b11a210091d6/datanode-2/data/ratis
2021-08-23 13:57:38,436 [Listener at 127.0.0.1/37189] INFO  volume.StorageVolumeChecker (StorageVolumeChecker.java:checkAllVolumes(202)) - Scheduled health check for volume /home/runner/work/ozone/ozone/hadoop-ozone/integration-test/target/test-dir/MiniOzoneClusterImpl-f0cf9c5c-e004-47d7-a6a1-b11a210091d6/datanode-2/data/ratis
2021-08-23 13:57:38,448 [Listener at 127.0.0.1/37189] INFO  ozoneimpl.ContainerReader (ContainerReader.java:<init>(98)) - Running in upgrade mode:true
2021-08-23 13:57:38,448 [Thread-306] INFO  ozoneimpl.ContainerReader (ContainerReader.java:readVolume(142)) - Start to verify containers on volume /home/runner/work/ozone/ozone/hadoop-ozone/integration-test/target/test-dir/MiniOzoneClusterImpl-f0cf9c5c-e004-47d7-a6a1-b11a210091d6/datanode-2/data-0/containers/hdds
2021-08-23 13:57:38,448 [Thread-306] INFO  ozoneimpl.ContainerReader (ContainerReader.java:readVolume(174)) - Finish verifying containers on volume /home/runner/work/ozone/ozone/hadoop-ozone/integration-test/target/test-dir/MiniOzoneClusterImpl-f0cf9c5c-e004-47d7-a6a1-b11a210091d6/datanode-2/data-0/containers/hdds
2021-08-23 13:57:38,449 [Listener at 127.0.0.1/37189] INFO  ozoneimpl.OzoneContainer (OzoneContainer.java:buildContainerSet(237)) - Build ContainerSet costs 0s
2021-08-23 13:57:38,451 [Listener at 127.0.0.1/37189] INFO  server.RaftServer (ConfUtils.java:logGet(44)) - raft.rpc.type = GRPC (default)
2021-08-23 13:57:38,451 [Listener at 127.0.0.1/37189] INFO  grpc.GrpcFactory (GrpcFactory.java:checkPooledByteBufAllocatorUseCacheForAllThreads(48)) - PERFORMANCE WARNING: useCacheForAllThreads is true that may cause Netty to create a lot garbage objects and, as a result, trigger GC.
	It is recommended to disable useCacheForAllThreads by setting -Dorg.apache.ratis.thirdparty.io.netty.allocator.useCacheForAllThreads=false in command line.
2021-08-23 13:57:38,451 [Listener at 127.0.0.1/37189] INFO  grpc.GrpcConfigKeys (ConfUtils.java:logGet(44)) - raft.grpc.admin.port = 0 (custom)
2021-08-23 13:57:38,451 [Listener at 127.0.0.1/37189] INFO  grpc.GrpcConfigKeys (ConfUtils.java:logGet(44)) - raft.grpc.client.port = 0 (custom)
2021-08-23 13:57:38,451 [Listener at 127.0.0.1/37189] INFO  grpc.GrpcConfigKeys (ConfUtils.java:logGet(44)) - raft.grpc.server.port = 0 (default)
2021-08-23 13:57:38,451 [Listener at 127.0.0.1/37189] INFO  server.GrpcService (ConfUtils.java:logGet(44)) - raft.grpc.message.size.max = 32MB (=33554432) (custom)
2021-08-23 13:57:38,451 [Listener at 127.0.0.1/37189] INFO  server.RaftServerConfigKeys (ConfUtils.java:logGet(44)) - raft.server.log.appender.buffer.byte-limit = 33554432 (custom)
2021-08-23 13:57:38,451 [Listener at 127.0.0.1/37189] INFO  server.GrpcService (ConfUtils.java:logGet(44)) - raft.grpc.flow.control.window = 5MB (=5242880) (custom)
2021-08-23 13:57:38,452 [Listener at 127.0.0.1/37189] INFO  server.RaftServerConfigKeys (ConfUtils.java:logGet(44)) - raft.server.rpc.request.timeout = 60s (custom)
2021-08-23 13:57:38,454 [Listener at 127.0.0.1/37189] INFO  impl.DataStreamServerImpl (ConfUtils.java:logGet(44)) - raft.datastream.type = DISABLED (default)
2021-08-23 13:57:38,455 [Listener at 127.0.0.1/37189] INFO  server.RaftServerConfigKeys (ConfUtils.java:logGet(44)) - raft.server.rpc.slowness.timeout = 300s (custom)
2021-08-23 13:57:38,455 [Listener at 127.0.0.1/37189] INFO  server.RaftServerConfigKeys (ConfUtils.java:logGet(44)) - raft.server.leaderelection.leader.step-down.wait-time = 10s (default)
2021-08-23 13:57:38,455 [Listener at 127.0.0.1/37189] INFO  server.RaftServerConfigKeys (ConfUtils.java:logGet(44)) - raft.server.storage.dir = [/home/runner/work/ozone/ozone/hadoop-ozone/integration-test/target/test-dir/MiniOzoneClusterImpl-f0cf9c5c-e004-47d7-a6a1-b11a210091d6/datanode-2/data/ratis] (custom)
2021-08-23 13:57:38,465 [Listener at 127.0.0.1/37189] INFO  http.BaseHttpServer (BaseHttpServer.java:newHttpServer2BuilderForOzone(209)) - Starting Web-server for hddsDatanode at: http://0.0.0.0:0
2021-08-23 13:57:38,466 [Listener at 127.0.0.1/37189] INFO  http.BaseHttpServer (BaseHttpServer.java:<init>(107)) - Hadoop Security Enabled: false Ozone Security Enabled: false Ozone HTTP Security Enabled: false 
2021-08-23 13:57:38,467 [Listener at 127.0.0.1/37189] INFO  server.AuthenticationFilter (AuthenticationFilter.java:constructSecretProvider(240)) - Unable to initialize FileSignerSecretProvider, falling back to use random secrets.
2021-08-23 13:57:38,476 [Listener at 127.0.0.1/37189] WARN  http.HttpRequestLog (HttpRequestLog.java:getRequestLog(103)) - Jetty request log can only be enabled using Log4j
2021-08-23 13:57:38,477 [Listener at 127.0.0.1/37189] INFO  http.HttpServer2 (HttpServer2.java:addGlobalFilter(1030)) - Added global filter 'safety' (class=org.apache.hadoop.hdds.server.http.HttpServer2$QuotingInputFilter)
2021-08-23 13:57:38,477 [Listener at 127.0.0.1/37189] INFO  http.HttpServer2 (HttpServer2.java:addFilter(1006)) - Added filter static_user_filter (class=org.apache.hadoop.http.lib.StaticUserWebFilter$StaticUserFilter) to context hddsDatanode
2021-08-23 13:57:38,478 [Listener at 127.0.0.1/37189] INFO  http.HttpServer2 (HttpServer2.java:addFilter(1014)) - Added filter static_user_filter (class=org.apache.hadoop.http.lib.StaticUserWebFilter$StaticUserFilter) to context logs
2021-08-23 13:57:38,478 [Listener at 127.0.0.1/37189] INFO  http.HttpServer2 (HttpServer2.java:addFilter(1014)) - Added filter static_user_filter (class=org.apache.hadoop.http.lib.StaticUserWebFilter$StaticUserFilter) to context static
2021-08-23 13:57:38,478 [Listener at 127.0.0.1/37189] INFO  http.HttpServer2 (HttpServer2.java:bindListener(1249)) - Jetty bound to port 39347
2021-08-23 13:57:38,478 [Listener at 127.0.0.1/37189] INFO  server.Server (Server.java:doStart(375)) - jetty-9.4.43.v20210629; built: 2021-06-30T11:07:22.254Z; git: 526006ecfa3af7f1a27ef3a288e2bef7ea9dd7e8; jvm 1.8.0_292-b10
2021-08-23 13:57:38,552 [Listener at 127.0.0.1/37189] INFO  server.session (DefaultSessionIdManager.java:doStart(334)) - DefaultSessionIdManager workerName=node0
2021-08-23 13:57:38,552 [Listener at 127.0.0.1/37189] INFO  server.session (DefaultSessionIdManager.java:doStart(339)) - No SessionScavenger set, using defaults
2021-08-23 13:57:38,553 [Listener at 127.0.0.1/37189] INFO  server.session (HouseKeeper.java:startScavenging(132)) - node0 Scavenging every 600000ms
2021-08-23 13:57:38,560 [Listener at 127.0.0.1/37189] INFO  handler.ContextHandler (ContextHandler.java:doStart(915)) - Started o.e.j.s.ServletContextHandler@1c6790c3{logs,/logs,file:///home/runner/work/ozone/ozone/hadoop-ozone/integration-test/target/log,AVAILABLE}
2021-08-23 13:57:38,562 [Listener at 127.0.0.1/37189] INFO  handler.ContextHandler (ContextHandler.java:doStart(915)) - Started o.e.j.s.ServletContextHandler@3f16245f{static,/static,jar:file:/home/runner/.m2/repository/org/apache/ozone/hdds-container-service/1.2.0-SNAPSHOT/hdds-container-service-1.2.0-SNAPSHOT.jar!/webapps/static,AVAILABLE}
2021-08-23 13:57:38,602 [Listener at 127.0.0.1/37189] INFO  handler.ContextHandler (ContextHandler.java:doStart(915)) - Started o.e.j.w.WebAppContext@2b753e14{hddsDatanode,/,file:///tmp/jetty-0_0_0_0-39347-hdds-container-service-1_2_0-SNAPSHOT_jar-_-any-6945894354009292731/webapp/,AVAILABLE}{jar:file:/home/runner/.m2/repository/org/apache/ozone/hdds-container-service/1.2.0-SNAPSHOT/hdds-container-service-1.2.0-SNAPSHOT.jar!/webapps/hddsDatanode}
2021-08-23 13:57:38,604 [Listener at 127.0.0.1/37189] INFO  server.AbstractConnector (AbstractConnector.java:doStart(331)) - Started ServerConnector@216bc066{HTTP/1.1, (http/1.1)}{0.0.0.0:39347}
2021-08-23 13:57:38,604 [Listener at 127.0.0.1/37189] INFO  server.Server (Server.java:doStart(415)) - Started @23950ms
2021-08-23 13:57:38,604 [Listener at 127.0.0.1/37189] WARN  impl.MetricsSystemImpl (MetricsSystemImpl.java:register(279)) - Sink prometheus already exists!
2021-08-23 13:57:38,605 [Listener at 127.0.0.1/37189] INFO  http.BaseHttpServer (BaseHttpServer.java:updateConnectorAddress(329)) - HTTP server of hddsDatanode listening at http://0.0.0.0:39347
2021-08-23 13:57:38,605 [Listener at 127.0.0.1/37189] INFO  ozone.MiniOzoneClusterImpl (MiniOzoneClusterImpl.java:lambda$waitForClusterToBeReady$0(235)) - Waiting for nodes to be ready. Got 0 of 3 DN Heartbeats.
2021-08-23 13:57:38,605 [Listener at 127.0.0.1/37189] INFO  ozone.MiniOzoneClusterImpl (MiniOzoneClusterImpl.java:lambda$waitForClusterToBeReady$0(238)) - Waiting for cluster to exit safe mode
2021-08-23 13:57:38,605 [Listener at 127.0.0.1/37189] INFO  ozone.MiniOzoneClusterImpl (MiniOzoneClusterImpl.java:lambda$waitForClusterToBeReady$0(240)) - SCM became leader
2021-08-23 13:57:38,608 [org.apache.hadoop.util.JvmPauseMonitor$Monitor@1865e44] INFO  util.JvmPauseMonitor (JvmPauseMonitor.java:run(188)) - Starting JVM pause monitor
2021-08-23 13:57:38,616 [Datanode State Machine Task Thread - 0] INFO  datanode.InitDatanodeState (InitDatanodeState.java:persistContainerDatanodeDetails(145)) - DatanodeDetails is persisted to /home/runner/work/ozone/ozone/hadoop-ozone/integration-test/target/test-dir/MiniOzoneClusterImpl-f0cf9c5c-e004-47d7-a6a1-b11a210091d6/datanode-2/meta/datanode.id
2021-08-23 13:57:38,707 [om1@group-C5BA1605619E-FollowerState] INFO  impl.FollowerState (FollowerState.java:run(134)) - om1@group-C5BA1605619E-FollowerState: change to CANDIDATE, lastRpcElapsedTime:1138147311ns, electionTimeout:1129ms
2021-08-23 13:57:38,707 [om1@group-C5BA1605619E-FollowerState] INFO  impl.RoleInfo (RoleInfo.java:shutdownFollowerState(108)) - om1: shutdown om1@group-C5BA1605619E-FollowerState
2021-08-23 13:57:38,708 [om1@group-C5BA1605619E-FollowerState] INFO  server.RaftServer$Division (RaftServerImpl.java:setRole(285)) - om1@group-C5BA1605619E: changes role from  FOLLOWER to CANDIDATE at term 0 for changeToCandidate
2021-08-23 13:57:38,708 [om1@group-C5BA1605619E-FollowerState] INFO  server.RaftServerConfigKeys (ConfUtils.java:logGet(44)) - raft.server.leaderelection.pre-vote = false (custom)
2021-08-23 13:57:38,708 [om1@group-C5BA1605619E-FollowerState] INFO  impl.RoleInfo (RoleInfo.java:updateAndGet(130)) - om1: start om1@group-C5BA1605619E-LeaderElection3
2021-08-23 13:57:38,714 [om1@group-C5BA1605619E-LeaderElection3] INFO  impl.LeaderElection (LeaderElection.java:askForVotes(306)) - om1@group-C5BA1605619E-LeaderElection3 ELECTION round 0: submit vote requests at term 1 for -1: [om1|rpc:localhost:9872|priority:0], old=null
2021-08-23 13:57:38,715 [om1@group-C5BA1605619E-LeaderElection3] INFO  impl.LeaderElection (LeaderElection.java:askForVotes(308)) - om1@group-C5BA1605619E-LeaderElection3 ELECTION round 0: result PASSED (term=1)
2021-08-23 13:57:38,715 [om1@group-C5BA1605619E-LeaderElection3] INFO  impl.RoleInfo (RoleInfo.java:shutdownLeaderElection(121)) - om1: shutdown om1@group-C5BA1605619E-LeaderElection3
2021-08-23 13:57:38,715 [om1@group-C5BA1605619E-LeaderElection3] INFO  server.RaftServer$Division (RaftServerImpl.java:setRole(285)) - om1@group-C5BA1605619E: changes role from CANDIDATE to LEADER at term 1 for changeToLeader
2021-08-23 13:57:38,715 [om1@group-C5BA1605619E-LeaderElection3] INFO  server.RaftServer$Division (ServerState.java:setLeader(285)) - om1@group-C5BA1605619E: change Leader from null to om1 at term 1 for becomeLeader, leader elected after 1188ms
2021-08-23 13:57:38,715 [om1@group-C5BA1605619E-LeaderElection3] INFO  server.RaftServerConfigKeys (ConfUtils.java:logGet(44)) - raft.server.staging.catchup.gap = 1000 (default)
2021-08-23 13:57:38,715 [om1@group-C5BA1605619E-LeaderElection3] INFO  server.RaftServerConfigKeys (ConfUtils.java:logGet(44)) - raft.server.write.element-limit = 4096 (default)
2021-08-23 13:57:38,715 [om1@group-C5BA1605619E-LeaderElection3] INFO  server.RaftServerConfigKeys (ConfUtils.java:logGet(44)) - raft.server.write.byte-limit = 64MB (=67108864) (default)
2021-08-23 13:57:38,716 [om1@group-C5BA1605619E-LeaderElection3] INFO  server.RaftServerConfigKeys (ConfUtils.java:logGet(44)) - raft.server.watch.timeout = 10s (default)
2021-08-23 13:57:38,717 [om1@group-C5BA1605619E-LeaderElection3] INFO  server.RaftServerConfigKeys (ConfUtils.java:logGet(44)) - raft.server.watch.timeout.denomination = 1s (default)
2021-08-23 13:57:38,717 [om1@group-C5BA1605619E-LeaderElection3] INFO  server.RaftServerConfigKeys (ConfUtils.java:logGet(44)) - raft.server.watch.element-limit = 65536 (default)
2021-08-23 13:57:38,717 [om1@group-C5BA1605619E-LeaderElection3] INFO  impl.RoleInfo (RoleInfo.java:updateAndGet(130)) - om1: start om1@group-C5BA1605619E-LeaderStateImpl
2021-08-23 13:57:38,717 [om1@group-C5BA1605619E-LeaderElection3] INFO  segmented.SegmentedRaftLogWorker (SegmentedRaftLogWorker.java:startLogSegment(394)) - om1@group-C5BA1605619E-SegmentedRaftLogWorker: Starting segment from index:0
2021-08-23 13:57:38,723 [om1@group-C5BA1605619E-SegmentedRaftLogWorker] INFO  segmented.SegmentedRaftLogWorker (SegmentedRaftLogWorker.java:execute(601)) - om1@group-C5BA1605619E-SegmentedRaftLogWorker: created new log segment /home/runner/work/ozone/ozone/hadoop-ozone/integration-test/target/test-dir/MiniOzoneClusterImpl-f0cf9c5c-e004-47d7-a6a1-b11a210091d6/ozone-meta/ratis/bf265839-605b-3f16-9796-c5ba1605619e/current/log_inprogress_0
2021-08-23 13:57:38,729 [om1@group-C5BA1605619E-LeaderElection3] INFO  server.RaftServer$Division (ServerState.java:setRaftConf(387)) - om1@group-C5BA1605619E: set configuration 0: [om1|rpc:localhost:9872|admin:|client:|dataStream:|priority:0], old=null
2021-08-23 13:57:38,730 [om1@group-C5BA1605619E-StateMachineUpdater] INFO  ratis.OzoneManagerStateMachine (OzoneManagerStateMachine.java:notifyConfigurationChanged(188)) - Received Configuration change notification from Ratis. New Peer list:
[id: "om1"
address: "localhost:9872"
]
2021-08-23 13:57:39,606 [Listener at 127.0.0.1/37189] INFO  ozone.MiniOzoneClusterImpl (MiniOzoneClusterImpl.java:lambda$waitForClusterToBeReady$0(235)) - Waiting for nodes to be ready. Got 0 of 3 DN Heartbeats.
2021-08-23 13:57:39,606 [Listener at 127.0.0.1/37189] INFO  ozone.MiniOzoneClusterImpl (MiniOzoneClusterImpl.java:lambda$waitForClusterToBeReady$0(238)) - Waiting for cluster to exit safe mode
2021-08-23 13:57:39,606 [Listener at 127.0.0.1/37189] INFO  ozone.MiniOzoneClusterImpl (MiniOzoneClusterImpl.java:lambda$waitForClusterToBeReady$0(240)) - SCM became leader
2021-08-23 13:57:40,013 [EndpointStateMachine task thread for /0.0.0.0:46017 - 0 ] INFO  ozoneimpl.OzoneContainer (OzoneContainer.java:start(305)) - Attempting to start container services.
2021-08-23 13:57:40,013 [EndpointStateMachine task thread for /0.0.0.0:46017 - 0 ] INFO  ozoneimpl.OzoneContainer (OzoneContainer.java:startContainerScrub(250)) - Background container scanner has been disabled.
2021-08-23 13:57:40,016 [EndpointStateMachine task thread for /0.0.0.0:46017 - 0 ] INFO  replication.ReplicationServer (ReplicationServer.java:start(107)) - ReplicationServer is started using port 44573
2021-08-23 13:57:40,017 [EndpointStateMachine task thread for /0.0.0.0:46017 - 0 ] INFO  ratis.XceiverServerRatis (XceiverServerRatis.java:start(482)) - Starting XceiverServerRatis 63f50bcb-c19d-440a-9268-3e58db776ca2
2021-08-23 13:57:40,017 [EndpointStateMachine task thread for /0.0.0.0:46017 - 0 ] INFO  server.RaftServer (RaftServerProxy.java:lambda$start$5(374)) - 63f50bcb-c19d-440a-9268-3e58db776ca2: start RPC server
2021-08-23 13:57:40,021 [EndpointStateMachine task thread for /0.0.0.0:46017 - 0 ] INFO  server.GrpcService (GrpcService.java:startImpl(253)) - 63f50bcb-c19d-440a-9268-3e58db776ca2: GrpcService started, listening on 45411
2021-08-23 13:57:40,024 [EndpointStateMachine task thread for /0.0.0.0:46017 - 0 ] INFO  ratis.XceiverServerRatis (XceiverServerRatis.java:getRealPort(503)) - XceiverServerRatis 63f50bcb-c19d-440a-9268-3e58db776ca2 is started using port 45411 for RATIS
2021-08-23 13:57:40,024 [EndpointStateMachine task thread for /0.0.0.0:46017 - 0 ] INFO  ratis.XceiverServerRatis (XceiverServerRatis.java:getRealPort(503)) - XceiverServerRatis 63f50bcb-c19d-440a-9268-3e58db776ca2 is started using port 45411 for RATIS_ADMIN
2021-08-23 13:57:40,024 [EndpointStateMachine task thread for /0.0.0.0:46017 - 0 ] INFO  ratis.XceiverServerRatis (XceiverServerRatis.java:getRealPort(503)) - XceiverServerRatis 63f50bcb-c19d-440a-9268-3e58db776ca2 is started using port 45411 for RATIS_SERVER
2021-08-23 13:57:40,028 [org.apache.ratis.util.JvmPauseMonitor$$Lambda$531/776043543@2ca841dc] INFO  util.JvmPauseMonitor (JvmPauseMonitor.java:run(103)) - JvmPauseMonitor-63f50bcb-c19d-440a-9268-3e58db776ca2: Started
2021-08-23 13:57:40,028 [EndpointStateMachine task thread for /0.0.0.0:46017 - 0 ] INFO  server.XceiverServerGrpc (XceiverServerGrpc.java:start(135)) - XceiverServerGrpc 63f50bcb-c19d-440a-9268-3e58db776ca2 is started using port 42009
2021-08-23 13:57:40,325 [EndpointStateMachine task thread for /0.0.0.0:46017 - 0 ] INFO  ozoneimpl.OzoneContainer (OzoneContainer.java:start(305)) - Attempting to start container services.
2021-08-23 13:57:40,325 [EndpointStateMachine task thread for /0.0.0.0:46017 - 0 ] INFO  ozoneimpl.OzoneContainer (OzoneContainer.java:startContainerScrub(250)) - Background container scanner has been disabled.
2021-08-23 13:57:40,327 [EndpointStateMachine task thread for /0.0.0.0:46017 - 0 ] INFO  replication.ReplicationServer (ReplicationServer.java:start(107)) - ReplicationServer is started using port 45867
2021-08-23 13:57:40,328 [EndpointStateMachine task thread for /0.0.0.0:46017 - 0 ] INFO  ratis.XceiverServerRatis (XceiverServerRatis.java:start(482)) - Starting XceiverServerRatis 69717ffb-fc74-4ecd-b9ae-1b12a8ad2a81
2021-08-23 13:57:40,332 [EndpointStateMachine task thread for /0.0.0.0:46017 - 0 ] INFO  server.RaftServer (RaftServerProxy.java:lambda$start$5(374)) - 69717ffb-fc74-4ecd-b9ae-1b12a8ad2a81: start RPC server
2021-08-23 13:57:40,338 [EndpointStateMachine task thread for /0.0.0.0:46017 - 0 ] INFO  server.GrpcService (GrpcService.java:startImpl(253)) - 69717ffb-fc74-4ecd-b9ae-1b12a8ad2a81: GrpcService started, listening on 43551
2021-08-23 13:57:40,339 [EndpointStateMachine task thread for /0.0.0.0:46017 - 0 ] INFO  ratis.XceiverServerRatis (XceiverServerRatis.java:getRealPort(503)) - XceiverServerRatis 69717ffb-fc74-4ecd-b9ae-1b12a8ad2a81 is started using port 43551 for RATIS
2021-08-23 13:57:40,339 [EndpointStateMachine task thread for /0.0.0.0:46017 - 0 ] INFO  ratis.XceiverServerRatis (XceiverServerRatis.java:getRealPort(503)) - XceiverServerRatis 69717ffb-fc74-4ecd-b9ae-1b12a8ad2a81 is started using port 43551 for RATIS_ADMIN
2021-08-23 13:57:40,339 [EndpointStateMachine task thread for /0.0.0.0:46017 - 0 ] INFO  ratis.XceiverServerRatis (XceiverServerRatis.java:getRealPort(503)) - XceiverServerRatis 69717ffb-fc74-4ecd-b9ae-1b12a8ad2a81 is started using port 43551 for RATIS_SERVER
2021-08-23 13:57:40,340 [org.apache.ratis.util.JvmPauseMonitor$$Lambda$531/776043543@16b71d50] INFO  util.JvmPauseMonitor (JvmPauseMonitor.java:run(103)) - JvmPauseMonitor-69717ffb-fc74-4ecd-b9ae-1b12a8ad2a81: Started
2021-08-23 13:57:40,341 [EndpointStateMachine task thread for /0.0.0.0:46017 - 0 ] INFO  server.XceiverServerGrpc (XceiverServerGrpc.java:start(135)) - XceiverServerGrpc 69717ffb-fc74-4ecd-b9ae-1b12a8ad2a81 is started using port 38095
2021-08-23 13:57:40,606 [Listener at 127.0.0.1/37189] INFO  ozone.MiniOzoneClusterImpl (MiniOzoneClusterImpl.java:lambda$waitForClusterToBeReady$0(235)) - Waiting for nodes to be ready. Got 0 of 3 DN Heartbeats.
2021-08-23 13:57:40,606 [Listener at 127.0.0.1/37189] INFO  ozone.MiniOzoneClusterImpl (MiniOzoneClusterImpl.java:lambda$waitForClusterToBeReady$0(238)) - Waiting for cluster to exit safe mode
2021-08-23 13:57:40,606 [Listener at 127.0.0.1/37189] INFO  ozone.MiniOzoneClusterImpl (MiniOzoneClusterImpl.java:lambda$waitForClusterToBeReady$0(240)) - SCM became leader
2021-08-23 13:57:40,620 [EndpointStateMachine task thread for /0.0.0.0:46017 - 0 ] INFO  ozoneimpl.OzoneContainer (OzoneContainer.java:start(305)) - Attempting to start container services.
2021-08-23 13:57:40,620 [EndpointStateMachine task thread for /0.0.0.0:46017 - 0 ] INFO  ozoneimpl.OzoneContainer (OzoneContainer.java:startContainerScrub(250)) - Background container scanner has been disabled.
2021-08-23 13:57:40,623 [EndpointStateMachine task thread for /0.0.0.0:46017 - 0 ] INFO  replication.ReplicationServer (ReplicationServer.java:start(107)) - ReplicationServer is started using port 36087
2021-08-23 13:57:40,623 [EndpointStateMachine task thread for /0.0.0.0:46017 - 0 ] INFO  ratis.XceiverServerRatis (XceiverServerRatis.java:start(482)) - Starting XceiverServerRatis d10c596a-eed6-4646-883b-fed8c4bff5b3
2021-08-23 13:57:40,628 [EndpointStateMachine task thread for /0.0.0.0:46017 - 0 ] INFO  server.RaftServer (RaftServerProxy.java:lambda$start$5(374)) - d10c596a-eed6-4646-883b-fed8c4bff5b3: start RPC server
2021-08-23 13:57:40,635 [EndpointStateMachine task thread for /0.0.0.0:46017 - 0 ] INFO  server.GrpcService (GrpcService.java:startImpl(253)) - d10c596a-eed6-4646-883b-fed8c4bff5b3: GrpcService started, listening on 35343
2021-08-23 13:57:40,636 [EndpointStateMachine task thread for /0.0.0.0:46017 - 0 ] INFO  ratis.XceiverServerRatis (XceiverServerRatis.java:getRealPort(503)) - XceiverServerRatis d10c596a-eed6-4646-883b-fed8c4bff5b3 is started using port 35343 for RATIS
2021-08-23 13:57:40,636 [EndpointStateMachine task thread for /0.0.0.0:46017 - 0 ] INFO  ratis.XceiverServerRatis (XceiverServerRatis.java:getRealPort(503)) - XceiverServerRatis d10c596a-eed6-4646-883b-fed8c4bff5b3 is started using port 35343 for RATIS_ADMIN
2021-08-23 13:57:40,636 [EndpointStateMachine task thread for /0.0.0.0:46017 - 0 ] INFO  ratis.XceiverServerRatis (XceiverServerRatis.java:getRealPort(503)) - XceiverServerRatis d10c596a-eed6-4646-883b-fed8c4bff5b3 is started using port 35343 for RATIS_SERVER
2021-08-23 13:57:40,638 [org.apache.ratis.util.JvmPauseMonitor$$Lambda$531/776043543@17c1dc13] INFO  util.JvmPauseMonitor (JvmPauseMonitor.java:run(103)) - JvmPauseMonitor-d10c596a-eed6-4646-883b-fed8c4bff5b3: Started
2021-08-23 13:57:40,638 [EndpointStateMachine task thread for /0.0.0.0:46017 - 0 ] INFO  server.XceiverServerGrpc (XceiverServerGrpc.java:start(135)) - XceiverServerGrpc d10c596a-eed6-4646-883b-fed8c4bff5b3 is started using port 33845
2021-08-23 13:57:41,607 [Listener at 127.0.0.1/37189] INFO  ozone.MiniOzoneClusterImpl (MiniOzoneClusterImpl.java:lambda$waitForClusterToBeReady$0(235)) - Waiting for nodes to be ready. Got 0 of 3 DN Heartbeats.
2021-08-23 13:57:41,607 [Listener at 127.0.0.1/37189] INFO  ozone.MiniOzoneClusterImpl (MiniOzoneClusterImpl.java:lambda$waitForClusterToBeReady$0(238)) - Waiting for cluster to exit safe mode
2021-08-23 13:57:41,607 [Listener at 127.0.0.1/37189] INFO  ozone.MiniOzoneClusterImpl (MiniOzoneClusterImpl.java:lambda$waitForClusterToBeReady$0(240)) - SCM became leader
2021-08-23 13:57:42,000 [IPC Server handler 2 on default port 46017] INFO  net.NetworkTopologyImpl (NetworkTopologyImpl.java:add(112)) - Added a new node: /default-rack/63f50bcb-c19d-440a-9268-3e58db776ca2
2021-08-23 13:57:42,000 [IPC Server handler 2 on default port 46017] INFO  node.SCMNodeManager (SCMNodeManager.java:register(390)) - Registered Data node : 63f50bcb-c19d-440a-9268-3e58db776ca2{ip: 10.1.0.21, host: fv-az50-135.grzltbmokehuzjyc5b133kdqgh.cx.internal.cloudapp.net, ports: [REPLICATION=44573, RATIS=45411, RATIS_ADMIN=45411, RATIS_SERVER=45411, STANDALONE=42009], networkLocation: /default-rack, certSerialId: null, persistedOpState: null, persistedOpStateExpiryEpochSec: 0}
2021-08-23 13:57:42,004 [EventQueue-NodeRegistrationContainerReportForContainerSafeModeRule] INFO  safemode.SCMSafeModeManager (SCMSafeModeManager.java:validateSafeModeExitRules(204)) - ContainerSafeModeRule rule is successfully validated
2021-08-23 13:57:42,004 [EventQueue-NodeRegistrationContainerReportForDataNodeSafeModeRule] INFO  safemode.SCMSafeModeManager (DataNodeSafeModeRule.java:process(71)) - SCM in safe mode. 1 DataNodes registered, 3 required.
2021-08-23 13:57:42,010 [EventQueue-NewNodeForNewNodeHandler] INFO  pipeline.BackgroundPipelineCreator (BackgroundPipelineCreatorV2.java:notifyEventTriggered(285)) - trigger a one-shot run on RatisPipelineUtilsThread.
2021-08-23 13:57:42,010 [RatisPipelineUtilsThread - 0] INFO  pipeline.RatisPipelineProvider (RatisPipelineProvider.java:lambda$create$0(183)) - Sending CreatePipelineCommand for pipeline:PipelineID=0b9a5ed2-9c20-406c-b97d-5d0db39c0413 to datanode:63f50bcb-c19d-440a-9268-3e58db776ca2
2021-08-23 13:57:42,010 [EventQueue-PipelineReportForOneReplicaPipelineSafeModeRule] INFO  safemode.SCMSafeModeManager (SCMSafeModeManager.java:validateSafeModeExitRules(204)) - AtleastOneDatanodeReportedRule rule is successfully validated
2021-08-23 13:57:42,011 [RatisPipelineUtilsThread - 0] INFO  pipeline.PipelineStateManager (PipelineStateManagerV2Impl.java:addPipeline(101)) - Created pipeline Pipeline[ Id: 0b9a5ed2-9c20-406c-b97d-5d0db39c0413, Nodes: 63f50bcb-c19d-440a-9268-3e58db776ca2{ip: 10.1.0.21, host: fv-az50-135.grzltbmokehuzjyc5b133kdqgh.cx.internal.cloudapp.net, ports: [REPLICATION=44573, RATIS=45411, RATIS_ADMIN=45411, RATIS_SERVER=45411, STANDALONE=42009], networkLocation: /default-rack, certSerialId: null, persistedOpState: IN_SERVICE, persistedOpStateExpiryEpochSec: 0}, ReplicationConfig: RATIS/ONE, State:ALLOCATED, leaderId:, CreationTimestamp2021-08-23T13:57:42.010Z[Etc/UTC]].
2021-08-23 13:57:42,323 [IPC Server handler 0 on default port 46017] INFO  net.NetworkTopologyImpl (NetworkTopologyImpl.java:add(112)) - Added a new node: /default-rack/69717ffb-fc74-4ecd-b9ae-1b12a8ad2a81
2021-08-23 13:57:42,324 [IPC Server handler 0 on default port 46017] INFO  node.SCMNodeManager (SCMNodeManager.java:register(390)) - Registered Data node : 69717ffb-fc74-4ecd-b9ae-1b12a8ad2a81{ip: 10.1.0.21, host: fv-az50-135.grzltbmokehuzjyc5b133kdqgh.cx.internal.cloudapp.net, ports: [REPLICATION=45867, RATIS=43551, RATIS_ADMIN=43551, RATIS_SERVER=43551, STANDALONE=38095], networkLocation: /default-rack, certSerialId: null, persistedOpState: null, persistedOpStateExpiryEpochSec: 0}
2021-08-23 13:57:42,324 [EventQueue-NewNodeForNewNodeHandler] INFO  pipeline.BackgroundPipelineCreator (BackgroundPipelineCreatorV2.java:notifyEventTriggered(285)) - trigger a one-shot run on RatisPipelineUtilsThread.
2021-08-23 13:57:42,324 [EventQueue-NodeRegistrationContainerReportForDataNodeSafeModeRule] INFO  safemode.SCMSafeModeManager (DataNodeSafeModeRule.java:process(71)) - SCM in safe mode. 2 DataNodes registered, 3 required.
2021-08-23 13:57:42,330 [RatisPipelineUtilsThread - 0] INFO  pipeline.RatisPipelineProvider (RatisPipelineProvider.java:lambda$create$0(183)) - Sending CreatePipelineCommand for pipeline:PipelineID=48a614f6-881a-4308-9275-744d6a31dbb6 to datanode:69717ffb-fc74-4ecd-b9ae-1b12a8ad2a81
2021-08-23 13:57:42,331 [RatisPipelineUtilsThread - 0] INFO  pipeline.PipelineStateManager (PipelineStateManagerV2Impl.java:addPipeline(101)) - Created pipeline Pipeline[ Id: 48a614f6-881a-4308-9275-744d6a31dbb6, Nodes: 69717ffb-fc74-4ecd-b9ae-1b12a8ad2a81{ip: 10.1.0.21, host: fv-az50-135.grzltbmokehuzjyc5b133kdqgh.cx.internal.cloudapp.net, ports: [REPLICATION=45867, RATIS=43551, RATIS_ADMIN=43551, RATIS_SERVER=43551, STANDALONE=38095], networkLocation: /default-rack, certSerialId: null, persistedOpState: IN_SERVICE, persistedOpStateExpiryEpochSec: 0}, ReplicationConfig: RATIS/ONE, State:ALLOCATED, leaderId:, CreationTimestamp2021-08-23T13:57:42.330Z[Etc/UTC]].
2021-08-23 13:57:42,607 [Listener at 127.0.0.1/37189] INFO  ozone.MiniOzoneClusterImpl (MiniOzoneClusterImpl.java:lambda$waitForClusterToBeReady$0(235)) - Waiting for nodes to be ready. Got 2 of 3 DN Heartbeats.
2021-08-23 13:57:42,607 [Listener at 127.0.0.1/37189] INFO  ozone.MiniOzoneClusterImpl (MiniOzoneClusterImpl.java:lambda$waitForClusterToBeReady$0(238)) - Waiting for cluster to exit safe mode
2021-08-23 13:57:42,607 [Listener at 127.0.0.1/37189] INFO  ozone.MiniOzoneClusterImpl (MiniOzoneClusterImpl.java:lambda$waitForClusterToBeReady$0(240)) - SCM became leader
2021-08-23 13:57:42,611 [IPC Server handler 1 on default port 46017] INFO  net.NetworkTopologyImpl (NetworkTopologyImpl.java:add(112)) - Added a new node: /default-rack/d10c596a-eed6-4646-883b-fed8c4bff5b3
2021-08-23 13:57:42,612 [IPC Server handler 1 on default port 46017] INFO  node.SCMNodeManager (SCMNodeManager.java:register(390)) - Registered Data node : d10c596a-eed6-4646-883b-fed8c4bff5b3{ip: 10.1.0.21, host: fv-az50-135.grzltbmokehuzjyc5b133kdqgh.cx.internal.cloudapp.net, ports: [REPLICATION=36087, RATIS=35343, RATIS_ADMIN=35343, RATIS_SERVER=35343, STANDALONE=33845], networkLocation: /default-rack, certSerialId: null, persistedOpState: null, persistedOpStateExpiryEpochSec: 0}
2021-08-23 13:57:42,612 [EventQueue-NewNodeForNewNodeHandler] INFO  pipeline.BackgroundPipelineCreator (BackgroundPipelineCreatorV2.java:notifyEventTriggered(285)) - trigger a one-shot run on RatisPipelineUtilsThread.
2021-08-23 13:57:42,613 [RatisPipelineUtilsThread - 0] INFO  pipeline.RatisPipelineProvider (RatisPipelineProvider.java:lambda$create$0(183)) - Sending CreatePipelineCommand for pipeline:PipelineID=653195c0-76dc-4e2d-9821-c4a94b7c7631 to datanode:d10c596a-eed6-4646-883b-fed8c4bff5b3
2021-08-23 13:57:42,613 [RatisPipelineUtilsThread - 0] INFO  pipeline.PipelineStateManager (PipelineStateManagerV2Impl.java:addPipeline(101)) - Created pipeline Pipeline[ Id: 653195c0-76dc-4e2d-9821-c4a94b7c7631, Nodes: d10c596a-eed6-4646-883b-fed8c4bff5b3{ip: 10.1.0.21, host: fv-az50-135.grzltbmokehuzjyc5b133kdqgh.cx.internal.cloudapp.net, ports: [REPLICATION=36087, RATIS=35343, RATIS_ADMIN=35343, RATIS_SERVER=35343, STANDALONE=33845], networkLocation: /default-rack, certSerialId: null, persistedOpState: IN_SERVICE, persistedOpStateExpiryEpochSec: 0}, ReplicationConfig: RATIS/ONE, State:ALLOCATED, leaderId:, CreationTimestamp2021-08-23T13:57:42.613Z[Etc/UTC]].
2021-08-23 13:57:42,614 [EventQueue-NodeRegistrationContainerReportForDataNodeSafeModeRule] INFO  safemode.SCMSafeModeManager (DataNodeSafeModeRule.java:process(71)) - SCM in safe mode. 3 DataNodes registered, 3 required.
2021-08-23 13:57:42,614 [EventQueue-NodeRegistrationContainerReportForDataNodeSafeModeRule] INFO  safemode.SCMSafeModeManager (SCMSafeModeManager.java:validateSafeModeExitRules(204)) - DataNodeSafeModeRule rule is successfully validated
2021-08-23 13:57:42,614 [EventQueue-NodeRegistrationContainerReportForDataNodeSafeModeRule] INFO  safemode.SCMSafeModeManager (SCMSafeModeManager.java:completePreCheck(233)) - All SCM safe mode pre check rules have passed
2021-08-23 13:57:42,614 [EventQueue-NodeRegistrationContainerReportForDataNodeSafeModeRule] WARN  events.EventQueue (EventQueue.java:fireEvent(194)) - No event handler registered for event TypedEvent{payloadType=SafeModeStatus, name='Safe mode status'}
2021-08-23 13:57:42,614 [EventQueue-NodeRegistrationContainerReportForDataNodeSafeModeRule] INFO  ha.SCMContext (SCMContext.java:updateSafeModeStatus(205)) - Update SafeModeStatus from SafeModeStatus{safeModeStatus=true, preCheckPassed=false} to SafeModeStatus{safeModeStatus=true, preCheckPassed=true}.
2021-08-23 13:57:42,614 [EventQueue-NodeRegistrationContainerReportForDataNodeSafeModeRule] INFO  pipeline.BackgroundPipelineCreator (BackgroundPipelineCreatorV2.java:notifyEventTriggered(285)) - trigger a one-shot run on RatisPipelineUtilsThread.
2021-08-23 13:57:42,619 [RatisPipelineUtilsThread - 0] INFO  pipeline.RatisPipelineProvider (RatisPipelineProvider.java:lambda$create$0(183)) - Sending CreatePipelineCommand for pipeline:PipelineID=fd191343-85c8-447d-ad07-098e0c4d619c to datanode:63f50bcb-c19d-440a-9268-3e58db776ca2
2021-08-23 13:57:42,622 [RatisPipelineUtilsThread - 0] INFO  pipeline.RatisPipelineProvider (RatisPipelineProvider.java:lambda$create$0(183)) - Sending CreatePipelineCommand for pipeline:PipelineID=fd191343-85c8-447d-ad07-098e0c4d619c to datanode:69717ffb-fc74-4ecd-b9ae-1b12a8ad2a81
2021-08-23 13:57:42,622 [RatisPipelineUtilsThread - 0] INFO  pipeline.RatisPipelineProvider (RatisPipelineProvider.java:lambda$create$0(183)) - Sending CreatePipelineCommand for pipeline:PipelineID=fd191343-85c8-447d-ad07-098e0c4d619c to datanode:d10c596a-eed6-4646-883b-fed8c4bff5b3
2021-08-23 13:57:42,625 [RatisPipelineUtilsThread - 0] INFO  pipeline.PipelineStateManager (PipelineStateManagerV2Impl.java:addPipeline(101)) - Created pipeline Pipeline[ Id: fd191343-85c8-447d-ad07-098e0c4d619c, Nodes: 63f50bcb-c19d-440a-9268-3e58db776ca2{ip: 10.1.0.21, host: fv-az50-135.grzltbmokehuzjyc5b133kdqgh.cx.internal.cloudapp.net, ports: [REPLICATION=44573, RATIS=45411, RATIS_ADMIN=45411, RATIS_SERVER=45411, STANDALONE=42009], networkLocation: /default-rack, certSerialId: null, persistedOpState: IN_SERVICE, persistedOpStateExpiryEpochSec: 0}69717ffb-fc74-4ecd-b9ae-1b12a8ad2a81{ip: 10.1.0.21, host: fv-az50-135.grzltbmokehuzjyc5b133kdqgh.cx.internal.cloudapp.net, ports: [REPLICATION=45867, RATIS=43551, RATIS_ADMIN=43551, RATIS_SERVER=43551, STANDALONE=38095], networkLocation: /default-rack, certSerialId: null, persistedOpState: IN_SERVICE, persistedOpStateExpiryEpochSec: 0}d10c596a-eed6-4646-883b-fed8c4bff5b3{ip: 10.1.0.21, host: fv-az50-135.grzltbmokehuzjyc5b133kdqgh.cx.internal.cloudapp.net, ports: [REPLICATION=36087, RATIS=35343, RATIS_ADMIN=35343, RATIS_SERVER=35343, STANDALONE=33845], networkLocation: /default-rack, certSerialId: null, persistedOpState: IN_SERVICE, persistedOpStateExpiryEpochSec: 0}, ReplicationConfig: RATIS/THREE, State:ALLOCATED, leaderId:, CreationTimestamp2021-08-23T13:57:42.619Z[Etc/UTC]].
2021-08-23 13:57:43,608 [Listener at 127.0.0.1/37189] INFO  ozone.MiniOzoneClusterImpl (MiniOzoneClusterImpl.java:lambda$waitForClusterToBeReady$0(235)) - Nodes are ready. Got 3 of 3 DN Heartbeats.
2021-08-23 13:57:43,608 [Listener at 127.0.0.1/37189] INFO  ozone.MiniOzoneClusterImpl (MiniOzoneClusterImpl.java:lambda$waitForClusterToBeReady$0(238)) - Waiting for cluster to exit safe mode
2021-08-23 13:57:43,608 [Listener at 127.0.0.1/37189] INFO  ozone.MiniOzoneClusterImpl (MiniOzoneClusterImpl.java:lambda$waitForClusterToBeReady$0(240)) - SCM became leader
2021-08-23 13:57:44,608 [Listener at 127.0.0.1/37189] INFO  ozone.MiniOzoneClusterImpl (MiniOzoneClusterImpl.java:lambda$waitForClusterToBeReady$0(235)) - Nodes are ready. Got 3 of 3 DN Heartbeats.
2021-08-23 13:57:44,608 [Listener at 127.0.0.1/37189] INFO  ozone.MiniOzoneClusterImpl (MiniOzoneClusterImpl.java:lambda$waitForClusterToBeReady$0(238)) - Waiting for cluster to exit safe mode
2021-08-23 13:57:44,608 [Listener at 127.0.0.1/37189] INFO  ozone.MiniOzoneClusterImpl (MiniOzoneClusterImpl.java:lambda$waitForClusterToBeReady$0(240)) - SCM became leader
2021-08-23 13:57:45,000 [Command processor thread] INFO  server.RaftServer (RaftServerProxy.java:addNew(95)) - 63f50bcb-c19d-440a-9268-3e58db776ca2: addNew group-5D0DB39C0413:[63f50bcb-c19d-440a-9268-3e58db776ca2|rpc:10.1.0.21:45411|priority:1] returns group-5D0DB39C0413:java.util.concurrent.CompletableFuture@4eefff93[Not completed]
2021-08-23 13:57:45,008 [pool-123-thread-1] INFO  server.RaftServer$Division (RaftServerImpl.java:<init>(181)) - 63f50bcb-c19d-440a-9268-3e58db776ca2: new RaftServerImpl for group-5D0DB39C0413:[63f50bcb-c19d-440a-9268-3e58db776ca2|rpc:10.1.0.21:45411|priority:1] with ContainerStateMachine:uninitialized
2021-08-23 13:57:45,009 [pool-123-thread-1] INFO  server.RaftServerConfigKeys (ConfUtils.java:logGet(44)) - raft.server.rpc.timeout.min = 5s (custom)
2021-08-23 13:57:45,009 [pool-123-thread-1] INFO  server.RaftServerConfigKeys (ConfUtils.java:logGet(44)) - raft.server.rpc.timeout.max = 5200ms (custom)
2021-08-23 13:57:45,009 [pool-123-thread-1] INFO  server.RaftServerConfigKeys (ConfUtils.java:logGet(44)) - raft.server.rpc.sleep.time = 25ms (default)
2021-08-23 13:57:45,009 [pool-123-thread-1] INFO  server.RaftServerConfigKeys (ConfUtils.java:logGet(44)) - raft.server.rpc.slowness.timeout = 300s (custom)
2021-08-23 13:57:45,009 [pool-123-thread-1] INFO  server.RaftServerConfigKeys (ConfUtils.java:logGet(44)) - raft.server.leaderelection.leader.step-down.wait-time = 10s (default)
2021-08-23 13:57:45,009 [pool-123-thread-1] INFO  server.RaftServerConfigKeys (ConfUtils.java:logGet(44)) - raft.server.sleep.deviation.threshold = 300ms (default)
2021-08-23 13:57:45,009 [pool-123-thread-1] INFO  server.RaftServerConfigKeys (ConfUtils.java:logGet(44)) - raft.server.log.appender.install.snapshot.enabled = false (custom)
2021-08-23 13:57:45,009 [pool-123-thread-1] INFO  server.RaftServer$Division (ServerState.java:<init>(105)) - 63f50bcb-c19d-440a-9268-3e58db776ca2@group-5D0DB39C0413: ConfigurationManager, init=-1: [63f50bcb-c19d-440a-9268-3e58db776ca2|rpc:10.1.0.21:45411|priority:1], old=null, confs=<EMPTY_MAP>
2021-08-23 13:57:45,010 [pool-123-thread-1] INFO  server.RaftServerConfigKeys (ConfUtils.java:logGet(44)) - raft.server.storage.dir = [/home/runner/work/ozone/ozone/hadoop-ozone/integration-test/target/test-dir/MiniOzoneClusterImpl-f0cf9c5c-e004-47d7-a6a1-b11a210091d6/datanode-0/data/ratis] (custom)
2021-08-23 13:57:45,010 [pool-123-thread-1] INFO  server.RaftServerConfigKeys (ConfUtils.java:logGet(44)) - raft.server.log.corruption.policy = EXCEPTION (default)
2021-08-23 13:57:45,010 [pool-123-thread-1] INFO  server.RaftServerConfigKeys (ConfUtils.java:logGet(44)) - raft.server.storage.free-space.min = 0MB (=0) (default)
2021-08-23 13:57:45,010 [pool-123-thread-1] INFO  storage.RaftStorageDirectory (RaftStorageDirectoryImpl.java:analyzeStorage(135)) - The storage directory /home/runner/work/ozone/ozone/hadoop-ozone/integration-test/target/test-dir/MiniOzoneClusterImpl-f0cf9c5c-e004-47d7-a6a1-b11a210091d6/datanode-0/data/ratis/0b9a5ed2-9c20-406c-b97d-5d0db39c0413 does not exist. Creating ...
2021-08-23 13:57:45,012 [pool-123-thread-1] INFO  storage.RaftStorageDirectory (RaftStorageDirectoryImpl.java:tryLock(230)) - Lock on /home/runner/work/ozone/ozone/hadoop-ozone/integration-test/target/test-dir/MiniOzoneClusterImpl-f0cf9c5c-e004-47d7-a6a1-b11a210091d6/datanode-0/data/ratis/0b9a5ed2-9c20-406c-b97d-5d0db39c0413/in_use.lock acquired by nodename 27762@fv-az50-135
2021-08-23 13:57:45,013 [pool-123-thread-1] INFO  storage.RaftStorage (RaftStorageImpl.java:format(89)) - Storage directory /home/runner/work/ozone/ozone/hadoop-ozone/integration-test/target/test-dir/MiniOzoneClusterImpl-f0cf9c5c-e004-47d7-a6a1-b11a210091d6/datanode-0/data/ratis/0b9a5ed2-9c20-406c-b97d-5d0db39c0413 has been successfully formatted.
2021-08-23 13:57:45,014 [Datanode State Machine Thread - 0] WARN  statemachine.StateContext (StateContext.java:execute(621)) - No available thread in pool for past 1 seconds.
2021-08-23 13:57:45,017 [EventQueue-PipelineReportForPipelineReportHandler] INFO  pipeline.PipelineManagerImpl (PipelineManagerImpl.java:openPipeline(283)) - Pipeline Pipeline[ Id: 0b9a5ed2-9c20-406c-b97d-5d0db39c0413, Nodes: 63f50bcb-c19d-440a-9268-3e58db776ca2{ip: 10.1.0.21, host: fv-az50-135.grzltbmokehuzjyc5b133kdqgh.cx.internal.cloudapp.net, ports: [REPLICATION=44573, RATIS=45411, RATIS_ADMIN=45411, RATIS_SERVER=45411, STANDALONE=42009], networkLocation: /default-rack, certSerialId: null, persistedOpState: IN_SERVICE, persistedOpStateExpiryEpochSec: 0}, ReplicationConfig: RATIS/ONE, State:ALLOCATED, leaderId:63f50bcb-c19d-440a-9268-3e58db776ca2, CreationTimestamp2021-08-23T13:57:42.010Z[Etc/UTC]] moved to OPEN state
2021-08-23 13:57:45,016 [pool-123-thread-1] INFO  ratis.ContainerStateMachine (ContainerStateMachine.java:loadSnapshot(225)) - group-5D0DB39C0413: The snapshot info is null. Setting the last applied indexto:(t:0, i:~)
2021-08-23 13:57:45,026 [pool-123-thread-1] INFO  server.RaftServerConfigKeys (ConfUtils.java:logGet(44)) - raft.server.notification.no-leader.timeout = 300s (custom)
2021-08-23 13:57:45,026 [pool-123-thread-1] INFO  server.RaftServerConfigKeys (ConfUtils.java:logGet(44)) - raft.server.log.use.memory = false (default)
2021-08-23 13:57:45,026 [pool-123-thread-1] INFO  server.RaftServerConfigKeys (ConfUtils.java:logGet(44)) - raft.server.log.purge.gap = 1000000 (custom)
2021-08-23 13:57:45,026 [pool-123-thread-1] INFO  server.RaftServerConfigKeys (ConfUtils.java:logGet(44)) - raft.server.log.appender.buffer.byte-limit = 33554432 (custom)
2021-08-23 13:57:45,027 [pool-123-thread-1] INFO  server.RaftServerConfigKeys (ConfUtils.java:logGet(44)) - raft.server.log.segment.size.max = 1048576 (custom)
2021-08-23 13:57:45,027 [pool-123-thread-1] INFO  server.RaftServerConfigKeys (ConfUtils.java:logGet(44)) - raft.server.log.segment.cache.num.max = 2 (custom)
2021-08-23 13:57:45,027 [pool-123-thread-1] INFO  server.RaftServerConfigKeys (ConfUtils.java:logGet(44)) - raft.server.log.segment.cache.size.max = 200MB (=209715200) (default)
2021-08-23 13:57:45,027 [pool-123-thread-1] INFO  segmented.SegmentedRaftLogWorker (SegmentedRaftLogWorker.java:<init>(182)) - new 63f50bcb-c19d-440a-9268-3e58db776ca2@group-5D0DB39C0413-SegmentedRaftLogWorker for RaftStorageImpl:Storage Directory /home/runner/work/ozone/ozone/hadoop-ozone/integration-test/target/test-dir/MiniOzoneClusterImpl-f0cf9c5c-e004-47d7-a6a1-b11a210091d6/datanode-0/data/ratis/0b9a5ed2-9c20-406c-b97d-5d0db39c0413
2021-08-23 13:57:45,027 [pool-123-thread-1] INFO  server.RaftServerConfigKeys (ConfUtils.java:logGet(44)) - raft.server.log.queue.byte-limit = 2147483647 (custom)
2021-08-23 13:57:45,028 [pool-123-thread-1] INFO  server.RaftServerConfigKeys (ConfUtils.java:logGet(44)) - raft.server.log.queue.element-limit = 1024 (custom)
2021-08-23 13:57:45,028 [pool-123-thread-1] INFO  server.RaftServerConfigKeys (ConfUtils.java:logGet(44)) - raft.server.log.segment.size.max = 1048576 (custom)
2021-08-23 13:57:45,028 [pool-123-thread-1] INFO  server.RaftServerConfigKeys (ConfUtils.java:logGet(44)) - raft.server.log.preallocated.size = 16384 (custom)
2021-08-23 13:57:45,028 [pool-123-thread-1] INFO  server.RaftServerConfigKeys (ConfUtils.java:logGet(44)) - raft.server.log.force.sync.num = 128 (default)
2021-08-23 13:57:45,028 [pool-123-thread-1] INFO  server.RaftServerConfigKeys (ConfUtils.java:logGet(44)) - raft.server.log.statemachine.data.sync = true (default)
2021-08-23 13:57:45,028 [pool-123-thread-1] INFO  server.RaftServerConfigKeys (ConfUtils.java:logGet(44)) - raft.server.log.statemachine.data.sync.timeout = 10s (default)
2021-08-23 13:57:45,028 [pool-123-thread-1] INFO  server.RaftServerConfigKeys (ConfUtils.java:logGet(44)) - raft.server.log.statemachine.data.sync.timeout.retry = -1 (default)
2021-08-23 13:57:45,029 [pool-123-thread-1] INFO  server.RaftServerConfigKeys (ConfUtils.java:logGet(44)) - raft.server.log.write.buffer.size = 1048576 (custom)
2021-08-23 13:57:45,033 [EventQueue-OpenPipelineForHealthyPipelineSafeModeRule] INFO  safemode.SCMSafeModeManager (HealthyPipelineSafeModeRule.java:process(124)) - SCM in safe mode. Healthy pipelines reported count is 0, required healthy pipeline reported count is 1
2021-08-23 13:57:45,033 [pool-123-thread-1] INFO  server.RaftServerConfigKeys (ConfUtils.java:logGet(44)) - raft.server.log.statemachine.data.caching.enabled = true (custom)
2021-08-23 13:57:45,034 [pool-123-thread-1] INFO  segmented.SegmentedRaftLogWorker (SegmentedRaftLogWorker.java:lambda$new$0(133)) - 63f50bcb-c19d-440a-9268-3e58db776ca2@group-5D0DB39C0413-SegmentedRaftLogWorker: flushIndex: setUnconditionally 0 -> -1
2021-08-23 13:57:45,034 [pool-123-thread-1] INFO  segmented.SegmentedRaftLogWorker (SegmentedRaftLogWorker.java:lambda$new$0(133)) - 63f50bcb-c19d-440a-9268-3e58db776ca2@group-5D0DB39C0413-SegmentedRaftLogWorker: safeCacheEvictIndex: setUnconditionally 0 -> -1
2021-08-23 13:57:45,034 [pool-123-thread-1] INFO  server.RaftServerConfigKeys (ConfUtils.java:logGet(44)) - raft.server.snapshot.auto.trigger.enabled = true (custom)
2021-08-23 13:57:45,034 [pool-123-thread-1] INFO  server.RaftServerConfigKeys (ConfUtils.java:logGet(44)) - raft.server.snapshot.auto.trigger.threshold = 10000 (custom)
2021-08-23 13:57:45,034 [pool-123-thread-1] INFO  server.RaftServerConfigKeys (ConfUtils.java:logGet(44)) - raft.server.snapshot.retention.file.num = 5 (custom)
2021-08-23 13:57:45,034 [pool-123-thread-1] INFO  server.RaftServerConfigKeys (ConfUtils.java:logGet(44)) - raft.server.log.purge.upto.snapshot.index = false (default)
2021-08-23 13:57:45,034 [pool-123-thread-1] INFO  server.RaftServerConfigKeys (ConfUtils.java:logGet(44)) - raft.server.retrycache.expirytime = 600000ms (custom)
2021-08-23 13:57:45,034 [pool-123-thread-1] INFO  server.RaftServerConfigKeys (ConfUtils.java:logGet(44)) - raft.server.retrycache.statistics.expirytime = 100μs (default)
2021-08-23 13:57:45,041 [pool-123-thread-1] INFO  server.RaftServer$Division (RaftServerImpl.java:start(296)) - 63f50bcb-c19d-440a-9268-3e58db776ca2@group-5D0DB39C0413: start as a follower, conf=-1: [63f50bcb-c19d-440a-9268-3e58db776ca2|rpc:10.1.0.21:45411|priority:1], old=null
2021-08-23 13:57:45,041 [pool-123-thread-1] INFO  server.RaftServer$Division (RaftServerImpl.java:setRole(285)) - 63f50bcb-c19d-440a-9268-3e58db776ca2@group-5D0DB39C0413: changes role from      null to FOLLOWER at term 0 for startAsFollower
2021-08-23 13:57:45,041 [pool-123-thread-1] INFO  impl.RoleInfo (RoleInfo.java:updateAndGet(130)) - 63f50bcb-c19d-440a-9268-3e58db776ca2: start 63f50bcb-c19d-440a-9268-3e58db776ca2@group-5D0DB39C0413-FollowerState
2021-08-23 13:57:45,048 [pool-123-thread-1] INFO  util.JmxRegister (JmxRegister.java:tryRegister(44)) - Successfully registered JMX Bean with object name Ratis:service=RaftServer,group=group-5D0DB39C0413,id=63f50bcb-c19d-440a-9268-3e58db776ca2
2021-08-23 13:57:45,052 [Command processor thread] INFO  ratis.XceiverServerRatis (XceiverServerRatis.java:addGroup(763)) - Created group PipelineID=0b9a5ed2-9c20-406c-b97d-5d0db39c0413
2021-08-23 13:57:45,052 [Command processor thread] INFO  commandhandler.CreatePipelineCommandHandler (CreatePipelineCommandHandler.java:handle(106)) - Created Pipeline RATIS ONE PipelineID=0b9a5ed2-9c20-406c-b97d-5d0db39c0413.
2021-08-23 13:57:45,052 [Command processor thread] INFO  server.RaftServer (RaftServerProxy.java:addNew(95)) - 63f50bcb-c19d-440a-9268-3e58db776ca2: addNew group-098E0C4D619C:[63f50bcb-c19d-440a-9268-3e58db776ca2|rpc:10.1.0.21:45411|priority:0, d10c596a-eed6-4646-883b-fed8c4bff5b3|rpc:10.1.0.21:35343|priority:0, 69717ffb-fc74-4ecd-b9ae-1b12a8ad2a81|rpc:10.1.0.21:43551|priority:1] returns group-098E0C4D619C:java.util.concurrent.CompletableFuture@4ad07296[Not completed]
2021-08-23 13:57:45,053 [pool-123-thread-1] INFO  server.RaftServer$Division (RaftServerImpl.java:<init>(181)) - 63f50bcb-c19d-440a-9268-3e58db776ca2: new RaftServerImpl for group-098E0C4D619C:[63f50bcb-c19d-440a-9268-3e58db776ca2|rpc:10.1.0.21:45411|priority:0, d10c596a-eed6-4646-883b-fed8c4bff5b3|rpc:10.1.0.21:35343|priority:0, 69717ffb-fc74-4ecd-b9ae-1b12a8ad2a81|rpc:10.1.0.21:43551|priority:1] with ContainerStateMachine:uninitialized
2021-08-23 13:57:45,053 [pool-123-thread-1] INFO  server.RaftServerConfigKeys (ConfUtils.java:logGet(44)) - raft.server.rpc.timeout.min = 5s (custom)
2021-08-23 13:57:45,053 [pool-123-thread-1] INFO  server.RaftServerConfigKeys (ConfUtils.java:logGet(44)) - raft.server.rpc.timeout.max = 5200ms (custom)
2021-08-23 13:57:45,053 [pool-123-thread-1] INFO  server.RaftServerConfigKeys (ConfUtils.java:logGet(44)) - raft.server.rpc.sleep.time = 25ms (default)
2021-08-23 13:57:45,053 [pool-123-thread-1] INFO  server.RaftServerConfigKeys (ConfUtils.java:logGet(44)) - raft.server.rpc.slowness.timeout = 300s (custom)
2021-08-23 13:57:45,053 [pool-123-thread-1] INFO  server.RaftServerConfigKeys (ConfUtils.java:logGet(44)) - raft.server.leaderelection.leader.step-down.wait-time = 10s (default)
2021-08-23 13:57:45,053 [pool-123-thread-1] INFO  server.RaftServerConfigKeys (ConfUtils.java:logGet(44)) - raft.server.sleep.deviation.threshold = 300ms (default)
2021-08-23 13:57:45,053 [pool-123-thread-1] INFO  server.RaftServerConfigKeys (ConfUtils.java:logGet(44)) - raft.server.log.appender.install.snapshot.enabled = false (custom)
2021-08-23 13:57:45,054 [pool-123-thread-1] INFO  server.RaftServer$Division (ServerState.java:<init>(105)) - 63f50bcb-c19d-440a-9268-3e58db776ca2@group-098E0C4D619C: ConfigurationManager, init=-1: [63f50bcb-c19d-440a-9268-3e58db776ca2|rpc:10.1.0.21:45411|priority:0, d10c596a-eed6-4646-883b-fed8c4bff5b3|rpc:10.1.0.21:35343|priority:0, 69717ffb-fc74-4ecd-b9ae-1b12a8ad2a81|rpc:10.1.0.21:43551|priority:1], old=null, confs=<EMPTY_MAP>
2021-08-23 13:57:45,054 [pool-123-thread-1] INFO  server.RaftServerConfigKeys (ConfUtils.java:logGet(44)) - raft.server.storage.dir = [/home/runner/work/ozone/ozone/hadoop-ozone/integration-test/target/test-dir/MiniOzoneClusterImpl-f0cf9c5c-e004-47d7-a6a1-b11a210091d6/datanode-0/data/ratis] (custom)
2021-08-23 13:57:45,054 [pool-123-thread-1] INFO  server.RaftServerConfigKeys (ConfUtils.java:logGet(44)) - raft.server.log.corruption.policy = EXCEPTION (default)
2021-08-23 13:57:45,054 [pool-123-thread-1] INFO  server.RaftServerConfigKeys (ConfUtils.java:logGet(44)) - raft.server.storage.free-space.min = 0MB (=0) (default)
2021-08-23 13:57:45,054 [pool-123-thread-1] INFO  storage.RaftStorageDirectory (RaftStorageDirectoryImpl.java:analyzeStorage(135)) - The storage directory /home/runner/work/ozone/ozone/hadoop-ozone/integration-test/target/test-dir/MiniOzoneClusterImpl-f0cf9c5c-e004-47d7-a6a1-b11a210091d6/datanode-0/data/ratis/fd191343-85c8-447d-ad07-098e0c4d619c does not exist. Creating ...
2021-08-23 13:57:45,055 [pool-123-thread-1] INFO  storage.RaftStorageDirectory (RaftStorageDirectoryImpl.java:tryLock(230)) - Lock on /home/runner/work/ozone/ozone/hadoop-ozone/integration-test/target/test-dir/MiniOzoneClusterImpl-f0cf9c5c-e004-47d7-a6a1-b11a210091d6/datanode-0/data/ratis/fd191343-85c8-447d-ad07-098e0c4d619c/in_use.lock acquired by nodename 27762@fv-az50-135
2021-08-23 13:57:45,056 [pool-123-thread-1] INFO  storage.RaftStorage (RaftStorageImpl.java:format(89)) - Storage directory /home/runner/work/ozone/ozone/hadoop-ozone/integration-test/target/test-dir/MiniOzoneClusterImpl-f0cf9c5c-e004-47d7-a6a1-b11a210091d6/datanode-0/data/ratis/fd191343-85c8-447d-ad07-098e0c4d619c has been successfully formatted.
2021-08-23 13:57:45,057 [Datanode State Machine Thread - 0] WARN  statemachine.StateContext (StateContext.java:execute(621)) - No available thread in pool for past 1 seconds.
2021-08-23 13:57:45,058 [pool-123-thread-1] INFO  ratis.ContainerStateMachine (ContainerStateMachine.java:loadSnapshot(225)) - group-098E0C4D619C: The snapshot info is null. Setting the last applied indexto:(t:0, i:~)
2021-08-23 13:57:45,058 [pool-123-thread-1] INFO  server.RaftServerConfigKeys (ConfUtils.java:logGet(44)) - raft.server.notification.no-leader.timeout = 300s (custom)
2021-08-23 13:57:45,058 [pool-123-thread-1] INFO  server.RaftServerConfigKeys (ConfUtils.java:logGet(44)) - raft.server.log.use.memory = false (default)
2021-08-23 13:57:45,058 [pool-123-thread-1] INFO  server.RaftServerConfigKeys (ConfUtils.java:logGet(44)) - raft.server.log.purge.gap = 1000000 (custom)
2021-08-23 13:57:45,058 [pool-123-thread-1] INFO  server.RaftServerConfigKeys (ConfUtils.java:logGet(44)) - raft.server.log.appender.buffer.byte-limit = 33554432 (custom)
2021-08-23 13:57:45,061 [EventQueue-OpenPipelineForHealthyPipelineSafeModeRule] INFO  safemode.SCMSafeModeManager (HealthyPipelineSafeModeRule.java:process(124)) - SCM in safe mode. Healthy pipelines reported count is 0, required healthy pipeline reported count is 1
2021-08-23 13:57:45,061 [pool-123-thread-1] INFO  server.RaftServerConfigKeys (ConfUtils.java:logGet(44)) - raft.server.log.segment.size.max = 1048576 (custom)
2021-08-23 13:57:45,061 [pool-123-thread-1] INFO  server.RaftServerConfigKeys (ConfUtils.java:logGet(44)) - raft.server.log.segment.cache.num.max = 2 (custom)
2021-08-23 13:57:45,061 [pool-123-thread-1] INFO  server.RaftServerConfigKeys (ConfUtils.java:logGet(44)) - raft.server.log.segment.cache.size.max = 200MB (=209715200) (default)
2021-08-23 13:57:45,061 [pool-123-thread-1] INFO  segmented.SegmentedRaftLogWorker (SegmentedRaftLogWorker.java:<init>(182)) - new 63f50bcb-c19d-440a-9268-3e58db776ca2@group-098E0C4D619C-SegmentedRaftLogWorker for RaftStorageImpl:Storage Directory /home/runner/work/ozone/ozone/hadoop-ozone/integration-test/target/test-dir/MiniOzoneClusterImpl-f0cf9c5c-e004-47d7-a6a1-b11a210091d6/datanode-0/data/ratis/fd191343-85c8-447d-ad07-098e0c4d619c
2021-08-23 13:57:45,062 [pool-123-thread-1] INFO  server.RaftServerConfigKeys (ConfUtils.java:logGet(44)) - raft.server.log.queue.byte-limit = 2147483647 (custom)
2021-08-23 13:57:45,062 [pool-123-thread-1] INFO  server.RaftServerConfigKeys (ConfUtils.java:logGet(44)) - raft.server.log.queue.element-limit = 1024 (custom)
2021-08-23 13:57:45,062 [pool-123-thread-1] INFO  server.RaftServerConfigKeys (ConfUtils.java:logGet(44)) - raft.server.log.segment.size.max = 1048576 (custom)
2021-08-23 13:57:45,062 [pool-123-thread-1] INFO  server.RaftServerConfigKeys (ConfUtils.java:logGet(44)) - raft.server.log.preallocated.size = 16384 (custom)
2021-08-23 13:57:45,062 [pool-123-thread-1] INFO  server.RaftServerConfigKeys (ConfUtils.java:logGet(44)) - raft.server.log.force.sync.num = 128 (default)
2021-08-23 13:57:45,062 [pool-123-thread-1] INFO  server.RaftServerConfigKeys (ConfUtils.java:logGet(44)) - raft.server.log.statemachine.data.sync = true (default)
2021-08-23 13:57:45,062 [pool-123-thread-1] INFO  server.RaftServerConfigKeys (ConfUtils.java:logGet(44)) - raft.server.log.statemachine.data.sync.timeout = 10s (default)
2021-08-23 13:57:45,062 [pool-123-thread-1] INFO  server.RaftServerConfigKeys (ConfUtils.java:logGet(44)) - raft.server.log.statemachine.data.sync.timeout.retry = -1 (default)
2021-08-23 13:57:45,063 [pool-123-thread-1] INFO  server.RaftServerConfigKeys (ConfUtils.java:logGet(44)) - raft.server.log.write.buffer.size = 1048576 (custom)
2021-08-23 13:57:45,064 [pool-123-thread-1] INFO  server.RaftServerConfigKeys (ConfUtils.java:logGet(44)) - raft.server.log.statemachine.data.caching.enabled = true (custom)
2021-08-23 13:57:45,064 [pool-123-thread-1] INFO  segmented.SegmentedRaftLogWorker (SegmentedRaftLogWorker.java:lambda$new$0(133)) - 63f50bcb-c19d-440a-9268-3e58db776ca2@group-098E0C4D619C-SegmentedRaftLogWorker: flushIndex: setUnconditionally 0 -> -1
2021-08-23 13:57:45,064 [pool-123-thread-1] INFO  segmented.SegmentedRaftLogWorker (SegmentedRaftLogWorker.java:lambda$new$0(133)) - 63f50bcb-c19d-440a-9268-3e58db776ca2@group-098E0C4D619C-SegmentedRaftLogWorker: safeCacheEvictIndex: setUnconditionally 0 -> -1
2021-08-23 13:57:45,066 [pool-123-thread-1] INFO  server.RaftServerConfigKeys (ConfUtils.java:logGet(44)) - raft.server.snapshot.auto.trigger.enabled = true (custom)
2021-08-23 13:57:45,066 [pool-123-thread-1] INFO  server.RaftServerConfigKeys (ConfUtils.java:logGet(44)) - raft.server.snapshot.auto.trigger.threshold = 10000 (custom)
2021-08-23 13:57:45,066 [pool-123-thread-1] INFO  server.RaftServerConfigKeys (ConfUtils.java:logGet(44)) - raft.server.snapshot.retention.file.num = 5 (custom)
2021-08-23 13:57:45,066 [pool-123-thread-1] INFO  server.RaftServerConfigKeys (ConfUtils.java:logGet(44)) - raft.server.log.purge.upto.snapshot.index = false (default)
2021-08-23 13:57:45,066 [pool-123-thread-1] INFO  server.RaftServerConfigKeys (ConfUtils.java:logGet(44)) - raft.server.retrycache.expirytime = 600000ms (custom)
2021-08-23 13:57:45,066 [pool-123-thread-1] INFO  server.RaftServerConfigKeys (ConfUtils.java:logGet(44)) - raft.server.retrycache.statistics.expirytime = 100μs (default)
2021-08-23 13:57:45,067 [pool-123-thread-1] INFO  server.RaftServer$Division (RaftServerImpl.java:start(296)) - 63f50bcb-c19d-440a-9268-3e58db776ca2@group-098E0C4D619C: start as a follower, conf=-1: [63f50bcb-c19d-440a-9268-3e58db776ca2|rpc:10.1.0.21:45411|priority:0, d10c596a-eed6-4646-883b-fed8c4bff5b3|rpc:10.1.0.21:35343|priority:0, 69717ffb-fc74-4ecd-b9ae-1b12a8ad2a81|rpc:10.1.0.21:43551|priority:1], old=null
2021-08-23 13:57:45,069 [pool-123-thread-1] INFO  server.RaftServer$Division (RaftServerImpl.java:setRole(285)) - 63f50bcb-c19d-440a-9268-3e58db776ca2@group-098E0C4D619C: changes role from      null to FOLLOWER at term 0 for startAsFollower
2021-08-23 13:57:45,069 [pool-123-thread-1] INFO  impl.RoleInfo (RoleInfo.java:updateAndGet(130)) - 63f50bcb-c19d-440a-9268-3e58db776ca2: start 63f50bcb-c19d-440a-9268-3e58db776ca2@group-098E0C4D619C-FollowerState
2021-08-23 13:57:45,071 [pool-123-thread-1] INFO  util.JmxRegister (JmxRegister.java:tryRegister(44)) - Successfully registered JMX Bean with object name Ratis:service=RaftServer,group=group-098E0C4D619C,id=63f50bcb-c19d-440a-9268-3e58db776ca2
2021-08-23 13:57:45,076 [Command processor thread] INFO  ratis.XceiverServerRatis (XceiverServerRatis.java:addGroup(763)) - Created group PipelineID=fd191343-85c8-447d-ad07-098e0c4d619c
2021-08-23 13:57:45,321 [Command processor thread] INFO  server.RaftServer (RaftServerProxy.java:addNew(95)) - 69717ffb-fc74-4ecd-b9ae-1b12a8ad2a81: addNew group-744D6A31DBB6:[69717ffb-fc74-4ecd-b9ae-1b12a8ad2a81|rpc:10.1.0.21:43551|priority:1] returns group-744D6A31DBB6:java.util.concurrent.CompletableFuture@45c78809[Not completed]
2021-08-23 13:57:45,322 [pool-142-thread-1] INFO  server.RaftServer$Division (RaftServerImpl.java:<init>(181)) - 69717ffb-fc74-4ecd-b9ae-1b12a8ad2a81: new RaftServerImpl for group-744D6A31DBB6:[69717ffb-fc74-4ecd-b9ae-1b12a8ad2a81|rpc:10.1.0.21:43551|priority:1] with ContainerStateMachine:uninitialized
2021-08-23 13:57:45,328 [pool-142-thread-1] INFO  server.RaftServerConfigKeys (ConfUtils.java:logGet(44)) - raft.server.rpc.timeout.min = 5s (custom)
2021-08-23 13:57:45,330 [pool-142-thread-1] INFO  server.RaftServerConfigKeys (ConfUtils.java:logGet(44)) - raft.server.rpc.timeout.max = 5200ms (custom)
2021-08-23 13:57:45,334 [pool-142-thread-1] INFO  server.RaftServerConfigKeys (ConfUtils.java:logGet(44)) - raft.server.rpc.sleep.time = 25ms (default)
2021-08-23 13:57:45,334 [pool-142-thread-1] INFO  server.RaftServerConfigKeys (ConfUtils.java:logGet(44)) - raft.server.rpc.slowness.timeout = 300s (custom)
2021-08-23 13:57:45,334 [pool-142-thread-1] INFO  server.RaftServerConfigKeys (ConfUtils.java:logGet(44)) - raft.server.leaderelection.leader.step-down.wait-time = 10s (default)
2021-08-23 13:57:45,334 [pool-142-thread-1] INFO  server.RaftServerConfigKeys (ConfUtils.java:logGet(44)) - raft.server.sleep.deviation.threshold = 300ms (default)
2021-08-23 13:57:45,334 [pool-142-thread-1] INFO  server.RaftServerConfigKeys (ConfUtils.java:logGet(44)) - raft.server.log.appender.install.snapshot.enabled = false (custom)
2021-08-23 13:57:45,334 [pool-142-thread-1] INFO  server.RaftServer$Division (ServerState.java:<init>(105)) - 69717ffb-fc74-4ecd-b9ae-1b12a8ad2a81@group-744D6A31DBB6: ConfigurationManager, init=-1: [69717ffb-fc74-4ecd-b9ae-1b12a8ad2a81|rpc:10.1.0.21:43551|priority:1], old=null, confs=<EMPTY_MAP>
2021-08-23 13:57:45,335 [pool-142-thread-1] INFO  server.RaftServerConfigKeys (ConfUtils.java:logGet(44)) - raft.server.storage.dir = [/home/runner/work/ozone/ozone/hadoop-ozone/integration-test/target/test-dir/MiniOzoneClusterImpl-f0cf9c5c-e004-47d7-a6a1-b11a210091d6/datanode-1/data/ratis] (custom)
2021-08-23 13:57:45,335 [pool-142-thread-1] INFO  server.RaftServerConfigKeys (ConfUtils.java:logGet(44)) - raft.server.log.corruption.policy = EXCEPTION (default)
2021-08-23 13:57:45,335 [pool-142-thread-1] INFO  server.RaftServerConfigKeys (ConfUtils.java:logGet(44)) - raft.server.storage.free-space.min = 0MB (=0) (default)
2021-08-23 13:57:45,335 [pool-142-thread-1] INFO  storage.RaftStorageDirectory (RaftStorageDirectoryImpl.java:analyzeStorage(135)) - The storage directory /home/runner/work/ozone/ozone/hadoop-ozone/integration-test/target/test-dir/MiniOzoneClusterImpl-f0cf9c5c-e004-47d7-a6a1-b11a210091d6/datanode-1/data/ratis/48a614f6-881a-4308-9275-744d6a31dbb6 does not exist. Creating ...
2021-08-23 13:57:45,336 [pool-142-thread-1] INFO  storage.RaftStorageDirectory (RaftStorageDirectoryImpl.java:tryLock(230)) - Lock on /home/runner/work/ozone/ozone/hadoop-ozone/integration-test/target/test-dir/MiniOzoneClusterImpl-f0cf9c5c-e004-47d7-a6a1-b11a210091d6/datanode-1/data/ratis/48a614f6-881a-4308-9275-744d6a31dbb6/in_use.lock acquired by nodename 27762@fv-az50-135
2021-08-23 13:57:45,348 [pool-142-thread-1] INFO  storage.RaftStorage (RaftStorageImpl.java:format(89)) - Storage directory /home/runner/work/ozone/ozone/hadoop-ozone/integration-test/target/test-dir/MiniOzoneClusterImpl-f0cf9c5c-e004-47d7-a6a1-b11a210091d6/datanode-1/data/ratis/48a614f6-881a-4308-9275-744d6a31dbb6 has been successfully formatted.
2021-08-23 13:57:45,349 [pool-142-thread-1] INFO  ratis.ContainerStateMachine (ContainerStateMachine.java:loadSnapshot(225)) - group-744D6A31DBB6: The snapshot info is null. Setting the last applied indexto:(t:0, i:~)
2021-08-23 13:57:45,349 [pool-142-thread-1] INFO  server.RaftServerConfigKeys (ConfUtils.java:logGet(44)) - raft.server.notification.no-leader.timeout = 300s (custom)
2021-08-23 13:57:45,349 [pool-142-thread-1] INFO  server.RaftServerConfigKeys (ConfUtils.java:logGet(44)) - raft.server.log.use.memory = false (default)
2021-08-23 13:57:45,349 [pool-142-thread-1] INFO  server.RaftServerConfigKeys (ConfUtils.java:logGet(44)) - raft.server.log.purge.gap = 1000000 (custom)
2021-08-23 13:57:45,349 [pool-142-thread-1] INFO  server.RaftServerConfigKeys (ConfUtils.java:logGet(44)) - raft.server.log.appender.buffer.byte-limit = 33554432 (custom)
2021-08-23 13:57:45,349 [pool-142-thread-1] INFO  server.RaftServerConfigKeys (ConfUtils.java:logGet(44)) - raft.server.log.segment.size.max = 1048576 (custom)
2021-08-23 13:57:45,350 [pool-142-thread-1] INFO  server.RaftServerConfigKeys (ConfUtils.java:logGet(44)) - raft.server.log.segment.cache.num.max = 2 (custom)
2021-08-23 13:57:45,350 [pool-142-thread-1] INFO  server.RaftServerConfigKeys (ConfUtils.java:logGet(44)) - raft.server.log.segment.cache.size.max = 200MB (=209715200) (default)
2021-08-23 13:57:45,350 [pool-142-thread-1] INFO  segmented.SegmentedRaftLogWorker (SegmentedRaftLogWorker.java:<init>(182)) - new 69717ffb-fc74-4ecd-b9ae-1b12a8ad2a81@group-744D6A31DBB6-SegmentedRaftLogWorker for RaftStorageImpl:Storage Directory /home/runner/work/ozone/ozone/hadoop-ozone/integration-test/target/test-dir/MiniOzoneClusterImpl-f0cf9c5c-e004-47d7-a6a1-b11a210091d6/datanode-1/data/ratis/48a614f6-881a-4308-9275-744d6a31dbb6
2021-08-23 13:57:45,350 [pool-142-thread-1] INFO  server.RaftServerConfigKeys (ConfUtils.java:logGet(44)) - raft.server.log.queue.byte-limit = 2147483647 (custom)
2021-08-23 13:57:45,350 [pool-142-thread-1] INFO  server.RaftServerConfigKeys (ConfUtils.java:logGet(44)) - raft.server.log.queue.element-limit = 1024 (custom)
2021-08-23 13:57:45,350 [pool-142-thread-1] INFO  server.RaftServerConfigKeys (ConfUtils.java:logGet(44)) - raft.server.log.segment.size.max = 1048576 (custom)
2021-08-23 13:57:45,350 [pool-142-thread-1] INFO  server.RaftServerConfigKeys (ConfUtils.java:logGet(44)) - raft.server.log.preallocated.size = 16384 (custom)
2021-08-23 13:57:45,350 [pool-142-thread-1] INFO  server.RaftServerConfigKeys (ConfUtils.java:logGet(44)) - raft.server.log.force.sync.num = 128 (default)
2021-08-23 13:57:45,350 [pool-142-thread-1] INFO  server.RaftServerConfigKeys (ConfUtils.java:logGet(44)) - raft.server.log.statemachine.data.sync = true (default)
2021-08-23 13:57:45,350 [pool-142-thread-1] INFO  server.RaftServerConfigKeys (ConfUtils.java:logGet(44)) - raft.server.log.statemachine.data.sync.timeout = 10s (default)
2021-08-23 13:57:45,350 [pool-142-thread-1] INFO  server.RaftServerConfigKeys (ConfUtils.java:logGet(44)) - raft.server.log.statemachine.data.sync.timeout.retry = -1 (default)
2021-08-23 13:57:45,351 [pool-142-thread-1] INFO  server.RaftServerConfigKeys (ConfUtils.java:logGet(44)) - raft.server.log.write.buffer.size = 1048576 (custom)
2021-08-23 13:57:45,351 [pool-142-thread-1] INFO  server.RaftServerConfigKeys (ConfUtils.java:logGet(44)) - raft.server.log.statemachine.data.caching.enabled = true (custom)
2021-08-23 13:57:45,351 [pool-142-thread-1] INFO  segmented.SegmentedRaftLogWorker (SegmentedRaftLogWorker.java:lambda$new$0(133)) - 69717ffb-fc74-4ecd-b9ae-1b12a8ad2a81@group-744D6A31DBB6-SegmentedRaftLogWorker: flushIndex: setUnconditionally 0 -> -1
2021-08-23 13:57:45,351 [pool-142-thread-1] INFO  segmented.SegmentedRaftLogWorker (SegmentedRaftLogWorker.java:lambda$new$0(133)) - 69717ffb-fc74-4ecd-b9ae-1b12a8ad2a81@group-744D6A31DBB6-SegmentedRaftLogWorker: safeCacheEvictIndex: setUnconditionally 0 -> -1
2021-08-23 13:57:45,364 [pool-142-thread-1] INFO  server.RaftServerConfigKeys (ConfUtils.java:logGet(44)) - raft.server.snapshot.auto.trigger.enabled = true (custom)
2021-08-23 13:57:45,364 [pool-142-thread-1] INFO  server.RaftServerConfigKeys (ConfUtils.java:logGet(44)) - raft.server.snapshot.auto.trigger.threshold = 10000 (custom)
2021-08-23 13:57:45,364 [pool-142-thread-1] INFO  server.RaftServerConfigKeys (ConfUtils.java:logGet(44)) - raft.server.snapshot.retention.file.num = 5 (custom)
2021-08-23 13:57:45,364 [pool-142-thread-1] INFO  server.RaftServerConfigKeys (ConfUtils.java:logGet(44)) - raft.server.log.purge.upto.snapshot.index = false (default)
2021-08-23 13:57:45,365 [pool-142-thread-1] INFO  server.RaftServerConfigKeys (ConfUtils.java:logGet(44)) - raft.server.retrycache.expirytime = 600000ms (custom)
2021-08-23 13:57:45,365 [pool-142-thread-1] INFO  server.RaftServerConfigKeys (ConfUtils.java:logGet(44)) - raft.server.retrycache.statistics.expirytime = 100μs (default)
2021-08-23 13:57:45,366 [pool-142-thread-1] INFO  server.RaftServer$Division (RaftServerImpl.java:start(296)) - 69717ffb-fc74-4ecd-b9ae-1b12a8ad2a81@group-744D6A31DBB6: start as a follower, conf=-1: [69717ffb-fc74-4ecd-b9ae-1b12a8ad2a81|rpc:10.1.0.21:43551|priority:1], old=null
2021-08-23 13:57:45,366 [pool-142-thread-1] INFO  server.RaftServer$Division (RaftServerImpl.java:setRole(285)) - 69717ffb-fc74-4ecd-b9ae-1b12a8ad2a81@group-744D6A31DBB6: changes role from      null to FOLLOWER at term 0 for startAsFollower
2021-08-23 13:57:45,366 [pool-142-thread-1] INFO  impl.RoleInfo (RoleInfo.java:updateAndGet(130)) - 69717ffb-fc74-4ecd-b9ae-1b12a8ad2a81: start 69717ffb-fc74-4ecd-b9ae-1b12a8ad2a81@group-744D6A31DBB6-FollowerState
2021-08-23 13:57:45,372 [pool-142-thread-1] INFO  util.JmxRegister (JmxRegister.java:tryRegister(44)) - Successfully registered JMX Bean with object name Ratis:service=RaftServer,group=group-744D6A31DBB6,id=69717ffb-fc74-4ecd-b9ae-1b12a8ad2a81
2021-08-23 13:57:45,352 [Datanode State Machine Thread - 0] WARN  statemachine.StateContext (StateContext.java:execute(621)) - No available thread in pool for past 1 seconds.
2021-08-23 13:57:45,377 [Command processor thread] INFO  ratis.XceiverServerRatis (XceiverServerRatis.java:addGroup(763)) - Created group PipelineID=48a614f6-881a-4308-9275-744d6a31dbb6
2021-08-23 13:57:45,377 [EventQueue-PipelineReportForPipelineReportHandler] INFO  pipeline.PipelineManagerImpl (PipelineManagerImpl.java:openPipeline(283)) - Pipeline Pipeline[ Id: 48a614f6-881a-4308-9275-744d6a31dbb6, Nodes: 69717ffb-fc74-4ecd-b9ae-1b12a8ad2a81{ip: 10.1.0.21, host: fv-az50-135.grzltbmokehuzjyc5b133kdqgh.cx.internal.cloudapp.net, ports: [REPLICATION=45867, RATIS=43551, RATIS_ADMIN=43551, RATIS_SERVER=43551, STANDALONE=38095], networkLocation: /default-rack, certSerialId: null, persistedOpState: IN_SERVICE, persistedOpStateExpiryEpochSec: 0}, ReplicationConfig: RATIS/ONE, State:ALLOCATED, leaderId:69717ffb-fc74-4ecd-b9ae-1b12a8ad2a81, CreationTimestamp2021-08-23T13:57:42.330Z[Etc/UTC]] moved to OPEN state
2021-08-23 13:57:45,378 [EventQueue-OpenPipelineForHealthyPipelineSafeModeRule] INFO  safemode.SCMSafeModeManager (HealthyPipelineSafeModeRule.java:process(124)) - SCM in safe mode. Healthy pipelines reported count is 0, required healthy pipeline reported count is 1
2021-08-23 13:57:45,377 [Command processor thread] INFO  commandhandler.CreatePipelineCommandHandler (CreatePipelineCommandHandler.java:handle(106)) - Created Pipeline RATIS ONE PipelineID=48a614f6-881a-4308-9275-744d6a31dbb6.
2021-08-23 13:57:45,379 [Command processor thread] INFO  server.RaftServer (RaftServerProxy.java:addNew(95)) - 69717ffb-fc74-4ecd-b9ae-1b12a8ad2a81: addNew group-098E0C4D619C:[63f50bcb-c19d-440a-9268-3e58db776ca2|rpc:10.1.0.21:45411|priority:0, d10c596a-eed6-4646-883b-fed8c4bff5b3|rpc:10.1.0.21:35343|priority:0, 69717ffb-fc74-4ecd-b9ae-1b12a8ad2a81|rpc:10.1.0.21:43551|priority:1] returns group-098E0C4D619C:java.util.concurrent.CompletableFuture@41f80469[Not completed]
2021-08-23 13:57:45,380 [pool-142-thread-1] INFO  server.RaftServer$Division (RaftServerImpl.java:<init>(181)) - 69717ffb-fc74-4ecd-b9ae-1b12a8ad2a81: new RaftServerImpl for group-098E0C4D619C:[63f50bcb-c19d-440a-9268-3e58db776ca2|rpc:10.1.0.21:45411|priority:0, d10c596a-eed6-4646-883b-fed8c4bff5b3|rpc:10.1.0.21:35343|priority:0, 69717ffb-fc74-4ecd-b9ae-1b12a8ad2a81|rpc:10.1.0.21:43551|priority:1] with ContainerStateMachine:uninitialized
2021-08-23 13:57:45,380 [pool-142-thread-1] INFO  server.RaftServerConfigKeys (ConfUtils.java:logGet(44)) - raft.server.rpc.timeout.min = 5s (custom)
2021-08-23 13:57:45,380 [pool-142-thread-1] INFO  server.RaftServerConfigKeys (ConfUtils.java:logGet(44)) - raft.server.rpc.timeout.max = 5200ms (custom)
2021-08-23 13:57:45,380 [pool-142-thread-1] INFO  server.RaftServerConfigKeys (ConfUtils.java:logGet(44)) - raft.server.rpc.sleep.time = 25ms (default)
2021-08-23 13:57:45,381 [pool-142-thread-1] INFO  server.RaftServerConfigKeys (ConfUtils.java:logGet(44)) - raft.server.rpc.slowness.timeout = 300s (custom)
2021-08-23 13:57:45,381 [pool-142-thread-1] INFO  server.RaftServerConfigKeys (ConfUtils.java:logGet(44)) - raft.server.leaderelection.leader.step-down.wait-time = 10s (default)
2021-08-23 13:57:45,381 [pool-142-thread-1] INFO  server.RaftServerConfigKeys (ConfUtils.java:logGet(44)) - raft.server.sleep.deviation.threshold = 300ms (default)
2021-08-23 13:57:45,381 [pool-142-thread-1] INFO  server.RaftServerConfigKeys (ConfUtils.java:logGet(44)) - raft.server.log.appender.install.snapshot.enabled = false (custom)
2021-08-23 13:57:45,381 [pool-142-thread-1] INFO  server.RaftServer$Division (ServerState.java:<init>(105)) - 69717ffb-fc74-4ecd-b9ae-1b12a8ad2a81@group-098E0C4D619C: ConfigurationManager, init=-1: [63f50bcb-c19d-440a-9268-3e58db776ca2|rpc:10.1.0.21:45411|priority:0, d10c596a-eed6-4646-883b-fed8c4bff5b3|rpc:10.1.0.21:35343|priority:0, 69717ffb-fc74-4ecd-b9ae-1b12a8ad2a81|rpc:10.1.0.21:43551|priority:1], old=null, confs=<EMPTY_MAP>
2021-08-23 13:57:45,381 [pool-142-thread-1] INFO  server.RaftServerConfigKeys (ConfUtils.java:logGet(44)) - raft.server.storage.dir = [/home/runner/work/ozone/ozone/hadoop-ozone/integration-test/target/test-dir/MiniOzoneClusterImpl-f0cf9c5c-e004-47d7-a6a1-b11a210091d6/datanode-1/data/ratis] (custom)
2021-08-23 13:57:45,381 [pool-142-thread-1] INFO  server.RaftServerConfigKeys (ConfUtils.java:logGet(44)) - raft.server.log.corruption.policy = EXCEPTION (default)
2021-08-23 13:57:45,381 [pool-142-thread-1] INFO  server.RaftServerConfigKeys (ConfUtils.java:logGet(44)) - raft.server.storage.free-space.min = 0MB (=0) (default)
2021-08-23 13:57:45,381 [pool-142-thread-1] INFO  storage.RaftStorageDirectory (RaftStorageDirectoryImpl.java:analyzeStorage(135)) - The storage directory /home/runner/work/ozone/ozone/hadoop-ozone/integration-test/target/test-dir/MiniOzoneClusterImpl-f0cf9c5c-e004-47d7-a6a1-b11a210091d6/datanode-1/data/ratis/fd191343-85c8-447d-ad07-098e0c4d619c does not exist. Creating ...
2021-08-23 13:57:45,382 [pool-142-thread-1] INFO  storage.RaftStorageDirectory (RaftStorageDirectoryImpl.java:tryLock(230)) - Lock on /home/runner/work/ozone/ozone/hadoop-ozone/integration-test/target/test-dir/MiniOzoneClusterImpl-f0cf9c5c-e004-47d7-a6a1-b11a210091d6/datanode-1/data/ratis/fd191343-85c8-447d-ad07-098e0c4d619c/in_use.lock acquired by nodename 27762@fv-az50-135
2021-08-23 13:57:45,384 [pool-142-thread-1] INFO  storage.RaftStorage (RaftStorageImpl.java:format(89)) - Storage directory /home/runner/work/ozone/ozone/hadoop-ozone/integration-test/target/test-dir/MiniOzoneClusterImpl-f0cf9c5c-e004-47d7-a6a1-b11a210091d6/datanode-1/data/ratis/fd191343-85c8-447d-ad07-098e0c4d619c has been successfully formatted.
2021-08-23 13:57:45,384 [pool-142-thread-1] INFO  ratis.ContainerStateMachine (ContainerStateMachine.java:loadSnapshot(225)) - group-098E0C4D619C: The snapshot info is null. Setting the last applied indexto:(t:0, i:~)
2021-08-23 13:57:45,384 [pool-142-thread-1] INFO  server.RaftServerConfigKeys (ConfUtils.java:logGet(44)) - raft.server.notification.no-leader.timeout = 300s (custom)
2021-08-23 13:57:45,384 [pool-142-thread-1] INFO  server.RaftServerConfigKeys (ConfUtils.java:logGet(44)) - raft.server.log.use.memory = false (default)
2021-08-23 13:57:45,384 [Datanode State Machine Thread - 0] WARN  statemachine.StateContext (StateContext.java:execute(621)) - No available thread in pool for past 1 seconds.
2021-08-23 13:57:45,384 [pool-142-thread-1] INFO  server.RaftServerConfigKeys (ConfUtils.java:logGet(44)) - raft.server.log.purge.gap = 1000000 (custom)
2021-08-23 13:57:45,384 [pool-142-thread-1] INFO  server.RaftServerConfigKeys (ConfUtils.java:logGet(44)) - raft.server.log.appender.buffer.byte-limit = 33554432 (custom)
2021-08-23 13:57:45,385 [pool-142-thread-1] INFO  server.RaftServerConfigKeys (ConfUtils.java:logGet(44)) - raft.server.log.segment.size.max = 1048576 (custom)
2021-08-23 13:57:45,385 [pool-142-thread-1] INFO  server.RaftServerConfigKeys (ConfUtils.java:logGet(44)) - raft.server.log.segment.cache.num.max = 2 (custom)
2021-08-23 13:57:45,385 [pool-142-thread-1] INFO  server.RaftServerConfigKeys (ConfUtils.java:logGet(44)) - raft.server.log.segment.cache.size.max = 200MB (=209715200) (default)
2021-08-23 13:57:45,385 [pool-142-thread-1] INFO  segmented.SegmentedRaftLogWorker (SegmentedRaftLogWorker.java:<init>(182)) - new 69717ffb-fc74-4ecd-b9ae-1b12a8ad2a81@group-098E0C4D619C-SegmentedRaftLogWorker for RaftStorageImpl:Storage Directory /home/runner/work/ozone/ozone/hadoop-ozone/integration-test/target/test-dir/MiniOzoneClusterImpl-f0cf9c5c-e004-47d7-a6a1-b11a210091d6/datanode-1/data/ratis/fd191343-85c8-447d-ad07-098e0c4d619c
2021-08-23 13:57:45,385 [pool-142-thread-1] INFO  server.RaftServerConfigKeys (ConfUtils.java:logGet(44)) - raft.server.log.queue.byte-limit = 2147483647 (custom)
2021-08-23 13:57:45,385 [pool-142-thread-1] INFO  server.RaftServerConfigKeys (ConfUtils.java:logGet(44)) - raft.server.log.queue.element-limit = 1024 (custom)
2021-08-23 13:57:45,385 [pool-142-thread-1] INFO  server.RaftServerConfigKeys (ConfUtils.java:logGet(44)) - raft.server.log.segment.size.max = 1048576 (custom)
2021-08-23 13:57:45,385 [pool-142-thread-1] INFO  server.RaftServerConfigKeys (ConfUtils.java:logGet(44)) - raft.server.log.preallocated.size = 16384 (custom)
2021-08-23 13:57:45,385 [pool-142-thread-1] INFO  server.RaftServerConfigKeys (ConfUtils.java:logGet(44)) - raft.server.log.force.sync.num = 128 (default)
2021-08-23 13:57:45,385 [pool-142-thread-1] INFO  server.RaftServerConfigKeys (ConfUtils.java:logGet(44)) - raft.server.log.statemachine.data.sync = true (default)
2021-08-23 13:57:45,385 [pool-142-thread-1] INFO  server.RaftServerConfigKeys (ConfUtils.java:logGet(44)) - raft.server.log.statemachine.data.sync.timeout = 10s (default)
2021-08-23 13:57:45,385 [pool-142-thread-1] INFO  server.RaftServerConfigKeys (ConfUtils.java:logGet(44)) - raft.server.log.statemachine.data.sync.timeout.retry = -1 (default)
2021-08-23 13:57:45,386 [pool-142-thread-1] INFO  server.RaftServerConfigKeys (ConfUtils.java:logGet(44)) - raft.server.log.write.buffer.size = 1048576 (custom)
2021-08-23 13:57:45,386 [pool-142-thread-1] INFO  server.RaftServerConfigKeys (ConfUtils.java:logGet(44)) - raft.server.log.statemachine.data.caching.enabled = true (custom)
2021-08-23 13:57:45,386 [pool-142-thread-1] INFO  segmented.SegmentedRaftLogWorker (SegmentedRaftLogWorker.java:lambda$new$0(133)) - 69717ffb-fc74-4ecd-b9ae-1b12a8ad2a81@group-098E0C4D619C-SegmentedRaftLogWorker: flushIndex: setUnconditionally 0 -> -1
2021-08-23 13:57:45,386 [pool-142-thread-1] INFO  segmented.SegmentedRaftLogWorker (SegmentedRaftLogWorker.java:lambda$new$0(133)) - 69717ffb-fc74-4ecd-b9ae-1b12a8ad2a81@group-098E0C4D619C-SegmentedRaftLogWorker: safeCacheEvictIndex: setUnconditionally 0 -> -1
2021-08-23 13:57:45,396 [pool-142-thread-1] INFO  server.RaftServerConfigKeys (ConfUtils.java:logGet(44)) - raft.server.snapshot.auto.trigger.enabled = true (custom)
2021-08-23 13:57:45,396 [pool-142-thread-1] INFO  server.RaftServerConfigKeys (ConfUtils.java:logGet(44)) - raft.server.snapshot.auto.trigger.threshold = 10000 (custom)
2021-08-23 13:57:45,396 [pool-142-thread-1] INFO  server.RaftServerConfigKeys (ConfUtils.java:logGet(44)) - raft.server.snapshot.retention.file.num = 5 (custom)
2021-08-23 13:57:45,396 [pool-142-thread-1] INFO  server.RaftServerConfigKeys (ConfUtils.java:logGet(44)) - raft.server.log.purge.upto.snapshot.index = false (default)
2021-08-23 13:57:45,396 [pool-142-thread-1] INFO  server.RaftServerConfigKeys (ConfUtils.java:logGet(44)) - raft.server.retrycache.expirytime = 600000ms (custom)
2021-08-23 13:57:45,396 [pool-142-thread-1] INFO  server.RaftServerConfigKeys (ConfUtils.java:logGet(44)) - raft.server.retrycache.statistics.expirytime = 100μs (default)
2021-08-23 13:57:45,397 [pool-142-thread-1] INFO  server.RaftServer$Division (RaftServerImpl.java:start(296)) - 69717ffb-fc74-4ecd-b9ae-1b12a8ad2a81@group-098E0C4D619C: start as a follower, conf=-1: [63f50bcb-c19d-440a-9268-3e58db776ca2|rpc:10.1.0.21:45411|priority:0, d10c596a-eed6-4646-883b-fed8c4bff5b3|rpc:10.1.0.21:35343|priority:0, 69717ffb-fc74-4ecd-b9ae-1b12a8ad2a81|rpc:10.1.0.21:43551|priority:1], old=null
2021-08-23 13:57:45,397 [pool-142-thread-1] INFO  server.RaftServer$Division (RaftServerImpl.java:setRole(285)) - 69717ffb-fc74-4ecd-b9ae-1b12a8ad2a81@group-098E0C4D619C: changes role from      null to FOLLOWER at term 0 for startAsFollower
2021-08-23 13:57:45,397 [pool-142-thread-1] INFO  impl.RoleInfo (RoleInfo.java:updateAndGet(130)) - 69717ffb-fc74-4ecd-b9ae-1b12a8ad2a81: start 69717ffb-fc74-4ecd-b9ae-1b12a8ad2a81@group-098E0C4D619C-FollowerState
2021-08-23 13:57:45,398 [pool-142-thread-1] INFO  util.JmxRegister (JmxRegister.java:tryRegister(44)) - Successfully registered JMX Bean with object name Ratis:service=RaftServer,group=group-098E0C4D619C,id=69717ffb-fc74-4ecd-b9ae-1b12a8ad2a81
2021-08-23 13:57:45,405 [Command processor thread] INFO  ratis.XceiverServerRatis (XceiverServerRatis.java:addGroup(763)) - Created group PipelineID=fd191343-85c8-447d-ad07-098e0c4d619c
2021-08-23 13:57:45,409 [EventQueue-OpenPipelineForHealthyPipelineSafeModeRule] INFO  safemode.SCMSafeModeManager (HealthyPipelineSafeModeRule.java:process(124)) - SCM in safe mode. Healthy pipelines reported count is 0, required healthy pipeline reported count is 1
2021-08-23 13:57:45,609 [Listener at 127.0.0.1/37189] INFO  ozone.MiniOzoneClusterImpl (MiniOzoneClusterImpl.java:lambda$waitForClusterToBeReady$0(235)) - Nodes are ready. Got 3 of 3 DN Heartbeats.
2021-08-23 13:57:45,609 [Listener at 127.0.0.1/37189] INFO  ozone.MiniOzoneClusterImpl (MiniOzoneClusterImpl.java:lambda$waitForClusterToBeReady$0(238)) - Waiting for cluster to exit safe mode
2021-08-23 13:57:45,609 [Listener at 127.0.0.1/37189] INFO  ozone.MiniOzoneClusterImpl (MiniOzoneClusterImpl.java:lambda$waitForClusterToBeReady$0(240)) - SCM became leader
2021-08-23 13:57:45,611 [Command processor thread] INFO  server.RaftServer (RaftServerProxy.java:addNew(95)) - d10c596a-eed6-4646-883b-fed8c4bff5b3: addNew group-C4A94B7C7631:[d10c596a-eed6-4646-883b-fed8c4bff5b3|rpc:10.1.0.21:35343|priority:1] returns group-C4A94B7C7631:java.util.concurrent.CompletableFuture@5edb1016[Not completed]
2021-08-23 13:57:45,633 [pool-161-thread-1] INFO  server.RaftServer$Division (RaftServerImpl.java:<init>(181)) - d10c596a-eed6-4646-883b-fed8c4bff5b3: new RaftServerImpl for group-C4A94B7C7631:[d10c596a-eed6-4646-883b-fed8c4bff5b3|rpc:10.1.0.21:35343|priority:1] with ContainerStateMachine:uninitialized
2021-08-23 13:57:45,643 [pool-161-thread-1] INFO  server.RaftServerConfigKeys (ConfUtils.java:logGet(44)) - raft.server.rpc.timeout.min = 5s (custom)
2021-08-23 13:57:45,643 [pool-161-thread-1] INFO  server.RaftServerConfigKeys (ConfUtils.java:logGet(44)) - raft.server.rpc.timeout.max = 5200ms (custom)
2021-08-23 13:57:45,643 [pool-161-thread-1] INFO  server.RaftServerConfigKeys (ConfUtils.java:logGet(44)) - raft.server.rpc.sleep.time = 25ms (default)
2021-08-23 13:57:45,643 [pool-161-thread-1] INFO  server.RaftServerConfigKeys (ConfUtils.java:logGet(44)) - raft.server.rpc.slowness.timeout = 300s (custom)
2021-08-23 13:57:45,643 [pool-161-thread-1] INFO  server.RaftServerConfigKeys (ConfUtils.java:logGet(44)) - raft.server.leaderelection.leader.step-down.wait-time = 10s (default)
2021-08-23 13:57:45,643 [pool-161-thread-1] INFO  server.RaftServerConfigKeys (ConfUtils.java:logGet(44)) - raft.server.sleep.deviation.threshold = 300ms (default)
2021-08-23 13:57:45,643 [pool-161-thread-1] INFO  server.RaftServerConfigKeys (ConfUtils.java:logGet(44)) - raft.server.log.appender.install.snapshot.enabled = false (custom)
2021-08-23 13:57:45,643 [pool-161-thread-1] INFO  server.RaftServer$Division (ServerState.java:<init>(105)) - d10c596a-eed6-4646-883b-fed8c4bff5b3@group-C4A94B7C7631: ConfigurationManager, init=-1: [d10c596a-eed6-4646-883b-fed8c4bff5b3|rpc:10.1.0.21:35343|priority:1], old=null, confs=<EMPTY_MAP>
2021-08-23 13:57:45,644 [pool-161-thread-1] INFO  server.RaftServerConfigKeys (ConfUtils.java:logGet(44)) - raft.server.storage.dir = [/home/runner/work/ozone/ozone/hadoop-ozone/integration-test/target/test-dir/MiniOzoneClusterImpl-f0cf9c5c-e004-47d7-a6a1-b11a210091d6/datanode-2/data/ratis] (custom)
2021-08-23 13:57:45,644 [pool-161-thread-1] INFO  server.RaftServerConfigKeys (ConfUtils.java:logGet(44)) - raft.server.log.corruption.policy = EXCEPTION (default)
2021-08-23 13:57:45,644 [pool-161-thread-1] INFO  server.RaftServerConfigKeys (ConfUtils.java:logGet(44)) - raft.server.storage.free-space.min = 0MB (=0) (default)
2021-08-23 13:57:45,644 [pool-161-thread-1] INFO  storage.RaftStorageDirectory (RaftStorageDirectoryImpl.java:analyzeStorage(135)) - The storage directory /home/runner/work/ozone/ozone/hadoop-ozone/integration-test/target/test-dir/MiniOzoneClusterImpl-f0cf9c5c-e004-47d7-a6a1-b11a210091d6/datanode-2/data/ratis/653195c0-76dc-4e2d-9821-c4a94b7c7631 does not exist. Creating ...
2021-08-23 13:57:45,646 [pool-161-thread-1] INFO  storage.RaftStorageDirectory (RaftStorageDirectoryImpl.java:tryLock(230)) - Lock on /home/runner/work/ozone/ozone/hadoop-ozone/integration-test/target/test-dir/MiniOzoneClusterImpl-f0cf9c5c-e004-47d7-a6a1-b11a210091d6/datanode-2/data/ratis/653195c0-76dc-4e2d-9821-c4a94b7c7631/in_use.lock acquired by nodename 27762@fv-az50-135
2021-08-23 13:57:45,647 [pool-161-thread-1] INFO  storage.RaftStorage (RaftStorageImpl.java:format(89)) - Storage directory /home/runner/work/ozone/ozone/hadoop-ozone/integration-test/target/test-dir/MiniOzoneClusterImpl-f0cf9c5c-e004-47d7-a6a1-b11a210091d6/datanode-2/data/ratis/653195c0-76dc-4e2d-9821-c4a94b7c7631 has been successfully formatted.
2021-08-23 13:57:45,656 [pool-161-thread-1] INFO  ratis.ContainerStateMachine (ContainerStateMachine.java:loadSnapshot(225)) - group-C4A94B7C7631: The snapshot info is null. Setting the last applied indexto:(t:0, i:~)
2021-08-23 13:57:45,656 [pool-161-thread-1] INFO  server.RaftServerConfigKeys (ConfUtils.java:logGet(44)) - raft.server.notification.no-leader.timeout = 300s (custom)
2021-08-23 13:57:45,656 [pool-161-thread-1] INFO  server.RaftServerConfigKeys (ConfUtils.java:logGet(44)) - raft.server.log.use.memory = false (default)
2021-08-23 13:57:45,656 [pool-161-thread-1] INFO  server.RaftServerConfigKeys (ConfUtils.java:logGet(44)) - raft.server.log.purge.gap = 1000000 (custom)
2021-08-23 13:57:45,656 [pool-161-thread-1] INFO  server.RaftServerConfigKeys (ConfUtils.java:logGet(44)) - raft.server.log.appender.buffer.byte-limit = 33554432 (custom)
2021-08-23 13:57:45,656 [Datanode State Machine Thread - 0] WARN  statemachine.StateContext (StateContext.java:execute(621)) - No available thread in pool for past 1 seconds.
2021-08-23 13:57:45,657 [pool-161-thread-1] INFO  server.RaftServerConfigKeys (ConfUtils.java:logGet(44)) - raft.server.log.segment.size.max = 1048576 (custom)
2021-08-23 13:57:45,658 [pool-161-thread-1] INFO  server.RaftServerConfigKeys (ConfUtils.java:logGet(44)) - raft.server.log.segment.cache.num.max = 2 (custom)
2021-08-23 13:57:45,658 [EventQueue-PipelineReportForPipelineReportHandler] INFO  pipeline.PipelineManagerImpl (PipelineManagerImpl.java:openPipeline(283)) - Pipeline Pipeline[ Id: 653195c0-76dc-4e2d-9821-c4a94b7c7631, Nodes: d10c596a-eed6-4646-883b-fed8c4bff5b3{ip: 10.1.0.21, host: fv-az50-135.grzltbmokehuzjyc5b133kdqgh.cx.internal.cloudapp.net, ports: [REPLICATION=36087, RATIS=35343, RATIS_ADMIN=35343, RATIS_SERVER=35343, STANDALONE=33845], networkLocation: /default-rack, certSerialId: null, persistedOpState: IN_SERVICE, persistedOpStateExpiryEpochSec: 0}, ReplicationConfig: RATIS/ONE, State:ALLOCATED, leaderId:d10c596a-eed6-4646-883b-fed8c4bff5b3, CreationTimestamp2021-08-23T13:57:42.613Z[Etc/UTC]] moved to OPEN state
2021-08-23 13:57:45,659 [EventQueue-OpenPipelineForHealthyPipelineSafeModeRule] INFO  safemode.SCMSafeModeManager (HealthyPipelineSafeModeRule.java:process(124)) - SCM in safe mode. Healthy pipelines reported count is 0, required healthy pipeline reported count is 1
2021-08-23 13:57:45,659 [pool-161-thread-1] INFO  server.RaftServerConfigKeys (ConfUtils.java:logGet(44)) - raft.server.log.segment.cache.size.max = 200MB (=209715200) (default)
2021-08-23 13:57:45,660 [pool-161-thread-1] INFO  segmented.SegmentedRaftLogWorker (SegmentedRaftLogWorker.java:<init>(182)) - new d10c596a-eed6-4646-883b-fed8c4bff5b3@group-C4A94B7C7631-SegmentedRaftLogWorker for RaftStorageImpl:Storage Directory /home/runner/work/ozone/ozone/hadoop-ozone/integration-test/target/test-dir/MiniOzoneClusterImpl-f0cf9c5c-e004-47d7-a6a1-b11a210091d6/datanode-2/data/ratis/653195c0-76dc-4e2d-9821-c4a94b7c7631
2021-08-23 13:57:45,661 [pool-161-thread-1] INFO  server.RaftServerConfigKeys (ConfUtils.java:logGet(44)) - raft.server.log.queue.byte-limit = 2147483647 (custom)
2021-08-23 13:57:45,661 [pool-161-thread-1] INFO  server.RaftServerConfigKeys (ConfUtils.java:logGet(44)) - raft.server.log.queue.element-limit = 1024 (custom)
2021-08-23 13:57:45,661 [pool-161-thread-1] INFO  server.RaftServerConfigKeys (ConfUtils.java:logGet(44)) - raft.server.log.segment.size.max = 1048576 (custom)
2021-08-23 13:57:45,661 [pool-161-thread-1] INFO  server.RaftServerConfigKeys (ConfUtils.java:logGet(44)) - raft.server.log.preallocated.size = 16384 (custom)
2021-08-23 13:57:45,661 [pool-161-thread-1] INFO  server.RaftServerConfigKeys (ConfUtils.java:logGet(44)) - raft.server.log.force.sync.num = 128 (default)
2021-08-23 13:57:45,661 [pool-161-thread-1] INFO  server.RaftServerConfigKeys (ConfUtils.java:logGet(44)) - raft.server.log.statemachine.data.sync = true (default)
2021-08-23 13:57:45,661 [pool-161-thread-1] INFO  server.RaftServerConfigKeys (ConfUtils.java:logGet(44)) - raft.server.log.statemachine.data.sync.timeout = 10s (default)
2021-08-23 13:57:45,661 [pool-161-thread-1] INFO  server.RaftServerConfigKeys (ConfUtils.java:logGet(44)) - raft.server.log.statemachine.data.sync.timeout.retry = -1 (default)
2021-08-23 13:57:45,662 [pool-161-thread-1] INFO  server.RaftServerConfigKeys (ConfUtils.java:logGet(44)) - raft.server.log.write.buffer.size = 1048576 (custom)
2021-08-23 13:57:45,662 [pool-161-thread-1] INFO  server.RaftServerConfigKeys (ConfUtils.java:logGet(44)) - raft.server.log.statemachine.data.caching.enabled = true (custom)
2021-08-23 13:57:45,662 [pool-161-thread-1] INFO  segmented.SegmentedRaftLogWorker (SegmentedRaftLogWorker.java:lambda$new$0(133)) - d10c596a-eed6-4646-883b-fed8c4bff5b3@group-C4A94B7C7631-SegmentedRaftLogWorker: flushIndex: setUnconditionally 0 -> -1
2021-08-23 13:57:45,662 [pool-161-thread-1] INFO  segmented.SegmentedRaftLogWorker (SegmentedRaftLogWorker.java:lambda$new$0(133)) - d10c596a-eed6-4646-883b-fed8c4bff5b3@group-C4A94B7C7631-SegmentedRaftLogWorker: safeCacheEvictIndex: setUnconditionally 0 -> -1
2021-08-23 13:57:45,662 [pool-161-thread-1] INFO  server.RaftServerConfigKeys (ConfUtils.java:logGet(44)) - raft.server.snapshot.auto.trigger.enabled = true (custom)
2021-08-23 13:57:45,662 [pool-161-thread-1] INFO  server.RaftServerConfigKeys (ConfUtils.java:logGet(44)) - raft.server.snapshot.auto.trigger.threshold = 10000 (custom)
2021-08-23 13:57:45,662 [pool-161-thread-1] INFO  server.RaftServerConfigKeys (ConfUtils.java:logGet(44)) - raft.server.snapshot.retention.file.num = 5 (custom)
2021-08-23 13:57:45,663 [pool-161-thread-1] INFO  server.RaftServerConfigKeys (ConfUtils.java:logGet(44)) - raft.server.log.purge.upto.snapshot.index = false (default)
2021-08-23 13:57:45,663 [pool-161-thread-1] INFO  server.RaftServerConfigKeys (ConfUtils.java:logGet(44)) - raft.server.retrycache.expirytime = 600000ms (custom)
2021-08-23 13:57:45,663 [pool-161-thread-1] INFO  server.RaftServerConfigKeys (ConfUtils.java:logGet(44)) - raft.server.retrycache.statistics.expirytime = 100μs (default)
2021-08-23 13:57:45,665 [pool-161-thread-1] INFO  server.RaftServer$Division (RaftServerImpl.java:start(296)) - d10c596a-eed6-4646-883b-fed8c4bff5b3@group-C4A94B7C7631: start as a follower, conf=-1: [d10c596a-eed6-4646-883b-fed8c4bff5b3|rpc:10.1.0.21:35343|priority:1], old=null
2021-08-23 13:57:45,671 [pool-161-thread-1] INFO  server.RaftServer$Division (RaftServerImpl.java:setRole(285)) - d10c596a-eed6-4646-883b-fed8c4bff5b3@group-C4A94B7C7631: changes role from      null to FOLLOWER at term 0 for startAsFollower
2021-08-23 13:57:45,672 [pool-161-thread-1] INFO  impl.RoleInfo (RoleInfo.java:updateAndGet(130)) - d10c596a-eed6-4646-883b-fed8c4bff5b3: start d10c596a-eed6-4646-883b-fed8c4bff5b3@group-C4A94B7C7631-FollowerState
2021-08-23 13:57:45,684 [pool-161-thread-1] INFO  util.JmxRegister (JmxRegister.java:tryRegister(44)) - Successfully registered JMX Bean with object name Ratis:service=RaftServer,group=group-C4A94B7C7631,id=d10c596a-eed6-4646-883b-fed8c4bff5b3
2021-08-23 13:57:45,692 [Command processor thread] INFO  ratis.XceiverServerRatis (XceiverServerRatis.java:addGroup(763)) - Created group PipelineID=653195c0-76dc-4e2d-9821-c4a94b7c7631
2021-08-23 13:57:45,705 [Command processor thread] INFO  commandhandler.CreatePipelineCommandHandler (CreatePipelineCommandHandler.java:handle(106)) - Created Pipeline RATIS ONE PipelineID=653195c0-76dc-4e2d-9821-c4a94b7c7631.
2021-08-23 13:57:45,706 [Command processor thread] INFO  server.RaftServer (RaftServerProxy.java:addNew(95)) - d10c596a-eed6-4646-883b-fed8c4bff5b3: addNew group-098E0C4D619C:[63f50bcb-c19d-440a-9268-3e58db776ca2|rpc:10.1.0.21:45411|priority:0, d10c596a-eed6-4646-883b-fed8c4bff5b3|rpc:10.1.0.21:35343|priority:0, 69717ffb-fc74-4ecd-b9ae-1b12a8ad2a81|rpc:10.1.0.21:43551|priority:1] returns group-098E0C4D619C:java.util.concurrent.CompletableFuture@5ae49f15[Not completed]
2021-08-23 13:57:45,707 [pool-161-thread-1] INFO  server.RaftServer$Division (RaftServerImpl.java:<init>(181)) - d10c596a-eed6-4646-883b-fed8c4bff5b3: new RaftServerImpl for group-098E0C4D619C:[63f50bcb-c19d-440a-9268-3e58db776ca2|rpc:10.1.0.21:45411|priority:0, d10c596a-eed6-4646-883b-fed8c4bff5b3|rpc:10.1.0.21:35343|priority:0, 69717ffb-fc74-4ecd-b9ae-1b12a8ad2a81|rpc:10.1.0.21:43551|priority:1] with ContainerStateMachine:uninitialized
2021-08-23 13:57:45,707 [pool-161-thread-1] INFO  server.RaftServerConfigKeys (ConfUtils.java:logGet(44)) - raft.server.rpc.timeout.min = 5s (custom)
2021-08-23 13:57:45,707 [pool-161-thread-1] INFO  server.RaftServerConfigKeys (ConfUtils.java:logGet(44)) - raft.server.rpc.timeout.max = 5200ms (custom)
2021-08-23 13:57:45,707 [pool-161-thread-1] INFO  server.RaftServerConfigKeys (ConfUtils.java:logGet(44)) - raft.server.rpc.sleep.time = 25ms (default)
2021-08-23 13:57:45,707 [pool-161-thread-1] INFO  server.RaftServerConfigKeys (ConfUtils.java:logGet(44)) - raft.server.rpc.slowness.timeout = 300s (custom)
2021-08-23 13:57:45,707 [pool-161-thread-1] INFO  server.RaftServerConfigKeys (ConfUtils.java:logGet(44)) - raft.server.leaderelection.leader.step-down.wait-time = 10s (default)
2021-08-23 13:57:45,707 [pool-161-thread-1] INFO  server.RaftServerConfigKeys (ConfUtils.java:logGet(44)) - raft.server.sleep.deviation.threshold = 300ms (default)
2021-08-23 13:57:45,707 [pool-161-thread-1] INFO  server.RaftServerConfigKeys (ConfUtils.java:logGet(44)) - raft.server.log.appender.install.snapshot.enabled = false (custom)
2021-08-23 13:57:45,707 [pool-161-thread-1] INFO  server.RaftServer$Division (ServerState.java:<init>(105)) - d10c596a-eed6-4646-883b-fed8c4bff5b3@group-098E0C4D619C: ConfigurationManager, init=-1: [63f50bcb-c19d-440a-9268-3e58db776ca2|rpc:10.1.0.21:45411|priority:0, d10c596a-eed6-4646-883b-fed8c4bff5b3|rpc:10.1.0.21:35343|priority:0, 69717ffb-fc74-4ecd-b9ae-1b12a8ad2a81|rpc:10.1.0.21:43551|priority:1], old=null, confs=<EMPTY_MAP>
2021-08-23 13:57:45,707 [pool-161-thread-1] INFO  server.RaftServerConfigKeys (ConfUtils.java:logGet(44)) - raft.server.storage.dir = [/home/runner/work/ozone/ozone/hadoop-ozone/integration-test/target/test-dir/MiniOzoneClusterImpl-f0cf9c5c-e004-47d7-a6a1-b11a210091d6/datanode-2/data/ratis] (custom)
2021-08-23 13:57:45,707 [pool-161-thread-1] INFO  server.RaftServerConfigKeys (ConfUtils.java:logGet(44)) - raft.server.log.corruption.policy = EXCEPTION (default)
2021-08-23 13:57:45,707 [pool-161-thread-1] INFO  server.RaftServerConfigKeys (ConfUtils.java:logGet(44)) - raft.server.storage.free-space.min = 0MB (=0) (default)
2021-08-23 13:57:45,707 [pool-161-thread-1] INFO  storage.RaftStorageDirectory (RaftStorageDirectoryImpl.java:analyzeStorage(135)) - The storage directory /home/runner/work/ozone/ozone/hadoop-ozone/integration-test/target/test-dir/MiniOzoneClusterImpl-f0cf9c5c-e004-47d7-a6a1-b11a210091d6/datanode-2/data/ratis/fd191343-85c8-447d-ad07-098e0c4d619c does not exist. Creating ...
2021-08-23 13:57:45,708 [pool-161-thread-1] INFO  storage.RaftStorageDirectory (RaftStorageDirectoryImpl.java:tryLock(230)) - Lock on /home/runner/work/ozone/ozone/hadoop-ozone/integration-test/target/test-dir/MiniOzoneClusterImpl-f0cf9c5c-e004-47d7-a6a1-b11a210091d6/datanode-2/data/ratis/fd191343-85c8-447d-ad07-098e0c4d619c/in_use.lock acquired by nodename 27762@fv-az50-135
2021-08-23 13:57:45,709 [pool-161-thread-1] INFO  storage.RaftStorage (RaftStorageImpl.java:format(89)) - Storage directory /home/runner/work/ozone/ozone/hadoop-ozone/integration-test/target/test-dir/MiniOzoneClusterImpl-f0cf9c5c-e004-47d7-a6a1-b11a210091d6/datanode-2/data/ratis/fd191343-85c8-447d-ad07-098e0c4d619c has been successfully formatted.
2021-08-23 13:57:45,710 [pool-161-thread-1] INFO  ratis.ContainerStateMachine (ContainerStateMachine.java:loadSnapshot(225)) - group-098E0C4D619C: The snapshot info is null. Setting the last applied indexto:(t:0, i:~)
2021-08-23 13:57:45,710 [pool-161-thread-1] INFO  server.RaftServerConfigKeys (ConfUtils.java:logGet(44)) - raft.server.notification.no-leader.timeout = 300s (custom)
2021-08-23 13:57:45,710 [Datanode State Machine Thread - 0] WARN  statemachine.StateContext (StateContext.java:execute(621)) - No available thread in pool for past 1 seconds.
2021-08-23 13:57:45,710 [pool-161-thread-1] INFO  server.RaftServerConfigKeys (ConfUtils.java:logGet(44)) - raft.server.log.use.memory = false (default)
2021-08-23 13:57:45,711 [pool-161-thread-1] INFO  server.RaftServerConfigKeys (ConfUtils.java:logGet(44)) - raft.server.log.purge.gap = 1000000 (custom)
2021-08-23 13:57:45,711 [pool-161-thread-1] INFO  server.RaftServerConfigKeys (ConfUtils.java:logGet(44)) - raft.server.log.appender.buffer.byte-limit = 33554432 (custom)
2021-08-23 13:57:45,712 [EventQueue-OpenPipelineForHealthyPipelineSafeModeRule] INFO  safemode.SCMSafeModeManager (HealthyPipelineSafeModeRule.java:process(124)) - SCM in safe mode. Healthy pipelines reported count is 0, required healthy pipeline reported count is 1
2021-08-23 13:57:45,712 [pool-161-thread-1] INFO  server.RaftServerConfigKeys (ConfUtils.java:logGet(44)) - raft.server.log.segment.size.max = 1048576 (custom)
2021-08-23 13:57:45,712 [pool-161-thread-1] INFO  server.RaftServerConfigKeys (ConfUtils.java:logGet(44)) - raft.server.log.segment.cache.num.max = 2 (custom)
2021-08-23 13:57:45,712 [pool-161-thread-1] INFO  server.RaftServerConfigKeys (ConfUtils.java:logGet(44)) - raft.server.log.segment.cache.size.max = 200MB (=209715200) (default)
2021-08-23 13:57:45,712 [pool-161-thread-1] INFO  segmented.SegmentedRaftLogWorker (SegmentedRaftLogWorker.java:<init>(182)) - new d10c596a-eed6-4646-883b-fed8c4bff5b3@group-098E0C4D619C-SegmentedRaftLogWorker for RaftStorageImpl:Storage Directory /home/runner/work/ozone/ozone/hadoop-ozone/integration-test/target/test-dir/MiniOzoneClusterImpl-f0cf9c5c-e004-47d7-a6a1-b11a210091d6/datanode-2/data/ratis/fd191343-85c8-447d-ad07-098e0c4d619c
2021-08-23 13:57:45,712 [pool-161-thread-1] INFO  server.RaftServerConfigKeys (ConfUtils.java:logGet(44)) - raft.server.log.queue.byte-limit = 2147483647 (custom)
2021-08-23 13:57:45,712 [pool-161-thread-1] INFO  server.RaftServerConfigKeys (ConfUtils.java:logGet(44)) - raft.server.log.queue.element-limit = 1024 (custom)
2021-08-23 13:57:45,713 [pool-161-thread-1] INFO  server.RaftServerConfigKeys (ConfUtils.java:logGet(44)) - raft.server.log.segment.size.max = 1048576 (custom)
2021-08-23 13:57:45,713 [pool-161-thread-1] INFO  server.RaftServerConfigKeys (ConfUtils.java:logGet(44)) - raft.server.log.preallocated.size = 16384 (custom)
2021-08-23 13:57:45,713 [pool-161-thread-1] INFO  server.RaftServerConfigKeys (ConfUtils.java:logGet(44)) - raft.server.log.force.sync.num = 128 (default)
2021-08-23 13:57:45,713 [pool-161-thread-1] INFO  server.RaftServerConfigKeys (ConfUtils.java:logGet(44)) - raft.server.log.statemachine.data.sync = true (default)
2021-08-23 13:57:45,713 [pool-161-thread-1] INFO  server.RaftServerConfigKeys (ConfUtils.java:logGet(44)) - raft.server.log.statemachine.data.sync.timeout = 10s (default)
2021-08-23 13:57:45,713 [pool-161-thread-1] INFO  server.RaftServerConfigKeys (ConfUtils.java:logGet(44)) - raft.server.log.statemachine.data.sync.timeout.retry = -1 (default)
2021-08-23 13:57:45,713 [pool-161-thread-1] INFO  server.RaftServerConfigKeys (ConfUtils.java:logGet(44)) - raft.server.log.write.buffer.size = 1048576 (custom)
2021-08-23 13:57:45,714 [pool-161-thread-1] INFO  server.RaftServerConfigKeys (ConfUtils.java:logGet(44)) - raft.server.log.statemachine.data.caching.enabled = true (custom)
2021-08-23 13:57:45,714 [pool-161-thread-1] INFO  segmented.SegmentedRaftLogWorker (SegmentedRaftLogWorker.java:lambda$new$0(133)) - d10c596a-eed6-4646-883b-fed8c4bff5b3@group-098E0C4D619C-SegmentedRaftLogWorker: flushIndex: setUnconditionally 0 -> -1
2021-08-23 13:57:45,714 [pool-161-thread-1] INFO  segmented.SegmentedRaftLogWorker (SegmentedRaftLogWorker.java:lambda$new$0(133)) - d10c596a-eed6-4646-883b-fed8c4bff5b3@group-098E0C4D619C-SegmentedRaftLogWorker: safeCacheEvictIndex: setUnconditionally 0 -> -1
2021-08-23 13:57:45,716 [pool-161-thread-1] INFO  server.RaftServerConfigKeys (ConfUtils.java:logGet(44)) - raft.server.snapshot.auto.trigger.enabled = true (custom)
2021-08-23 13:57:45,716 [pool-161-thread-1] INFO  server.RaftServerConfigKeys (ConfUtils.java:logGet(44)) - raft.server.snapshot.auto.trigger.threshold = 10000 (custom)
2021-08-23 13:57:45,716 [pool-161-thread-1] INFO  server.RaftServerConfigKeys (ConfUtils.java:logGet(44)) - raft.server.snapshot.retention.file.num = 5 (custom)
2021-08-23 13:57:45,716 [pool-161-thread-1] INFO  server.RaftServerConfigKeys (ConfUtils.java:logGet(44)) - raft.server.log.purge.upto.snapshot.index = false (default)
2021-08-23 13:57:45,716 [pool-161-thread-1] INFO  server.RaftServerConfigKeys (ConfUtils.java:logGet(44)) - raft.server.retrycache.expirytime = 600000ms (custom)
2021-08-23 13:57:45,716 [pool-161-thread-1] INFO  server.RaftServerConfigKeys (ConfUtils.java:logGet(44)) - raft.server.retrycache.statistics.expirytime = 100μs (default)
2021-08-23 13:57:45,718 [pool-161-thread-1] INFO  server.RaftServer$Division (RaftServerImpl.java:start(296)) - d10c596a-eed6-4646-883b-fed8c4bff5b3@group-098E0C4D619C: start as a follower, conf=-1: [63f50bcb-c19d-440a-9268-3e58db776ca2|rpc:10.1.0.21:45411|priority:0, d10c596a-eed6-4646-883b-fed8c4bff5b3|rpc:10.1.0.21:35343|priority:0, 69717ffb-fc74-4ecd-b9ae-1b12a8ad2a81|rpc:10.1.0.21:43551|priority:1], old=null
2021-08-23 13:57:45,718 [pool-161-thread-1] INFO  server.RaftServer$Division (RaftServerImpl.java:setRole(285)) - d10c596a-eed6-4646-883b-fed8c4bff5b3@group-098E0C4D619C: changes role from      null to FOLLOWER at term 0 for startAsFollower
2021-08-23 13:57:45,718 [pool-161-thread-1] INFO  impl.RoleInfo (RoleInfo.java:updateAndGet(130)) - d10c596a-eed6-4646-883b-fed8c4bff5b3: start d10c596a-eed6-4646-883b-fed8c4bff5b3@group-098E0C4D619C-FollowerState
2021-08-23 13:57:45,730 [pool-161-thread-1] INFO  util.JmxRegister (JmxRegister.java:tryRegister(44)) - Successfully registered JMX Bean with object name Ratis:service=RaftServer,group=group-098E0C4D619C,id=d10c596a-eed6-4646-883b-fed8c4bff5b3
2021-08-23 13:57:45,736 [Command processor thread] INFO  ratis.XceiverServerRatis (XceiverServerRatis.java:addGroup(763)) - Created group PipelineID=fd191343-85c8-447d-ad07-098e0c4d619c
2021-08-23 13:57:45,805 [Command processor thread] INFO  commandhandler.CreatePipelineCommandHandler (CreatePipelineCommandHandler.java:handle(106)) - Created Pipeline RATIS THREE PipelineID=fd191343-85c8-447d-ad07-098e0c4d619c.
2021-08-23 13:57:45,840 [Command processor thread] INFO  commandhandler.CreatePipelineCommandHandler (CreatePipelineCommandHandler.java:handle(106)) - Created Pipeline RATIS THREE PipelineID=fd191343-85c8-447d-ad07-098e0c4d619c.
2021-08-23 13:57:45,857 [Command processor thread] INFO  commandhandler.CreatePipelineCommandHandler (CreatePipelineCommandHandler.java:handle(106)) - Created Pipeline RATIS THREE PipelineID=fd191343-85c8-447d-ad07-098e0c4d619c.
2021-08-23 13:57:46,609 [Listener at 127.0.0.1/37189] INFO  ozone.MiniOzoneClusterImpl (MiniOzoneClusterImpl.java:lambda$waitForClusterToBeReady$0(235)) - Nodes are ready. Got 3 of 3 DN Heartbeats.
2021-08-23 13:57:46,609 [Listener at 127.0.0.1/37189] INFO  ozone.MiniOzoneClusterImpl (MiniOzoneClusterImpl.java:lambda$waitForClusterToBeReady$0(238)) - Waiting for cluster to exit safe mode
2021-08-23 13:57:46,609 [Listener at 127.0.0.1/37189] INFO  ozone.MiniOzoneClusterImpl (MiniOzoneClusterImpl.java:lambda$waitForClusterToBeReady$0(240)) - SCM became leader
2021-08-23 13:57:47,610 [Listener at 127.0.0.1/37189] INFO  ozone.MiniOzoneClusterImpl (MiniOzoneClusterImpl.java:lambda$waitForClusterToBeReady$0(235)) - Nodes are ready. Got 3 of 3 DN Heartbeats.
2021-08-23 13:57:47,610 [Listener at 127.0.0.1/37189] INFO  ozone.MiniOzoneClusterImpl (MiniOzoneClusterImpl.java:lambda$waitForClusterToBeReady$0(238)) - Waiting for cluster to exit safe mode
2021-08-23 13:57:47,610 [Listener at 127.0.0.1/37189] INFO  ozone.MiniOzoneClusterImpl (MiniOzoneClusterImpl.java:lambda$waitForClusterToBeReady$0(240)) - SCM became leader
2021-08-23 13:57:48,610 [Listener at 127.0.0.1/37189] INFO  ozone.MiniOzoneClusterImpl (MiniOzoneClusterImpl.java:lambda$waitForClusterToBeReady$0(235)) - Nodes are ready. Got 3 of 3 DN Heartbeats.
2021-08-23 13:57:48,610 [Listener at 127.0.0.1/37189] INFO  ozone.MiniOzoneClusterImpl (MiniOzoneClusterImpl.java:lambda$waitForClusterToBeReady$0(238)) - Waiting for cluster to exit safe mode
2021-08-23 13:57:48,610 [Listener at 127.0.0.1/37189] INFO  ozone.MiniOzoneClusterImpl (MiniOzoneClusterImpl.java:lambda$waitForClusterToBeReady$0(240)) - SCM became leader
2021-08-23 13:57:49,611 [Listener at 127.0.0.1/37189] INFO  ozone.MiniOzoneClusterImpl (MiniOzoneClusterImpl.java:lambda$waitForClusterToBeReady$0(235)) - Nodes are ready. Got 3 of 3 DN Heartbeats.
2021-08-23 13:57:49,611 [Listener at 127.0.0.1/37189] INFO  ozone.MiniOzoneClusterImpl (MiniOzoneClusterImpl.java:lambda$waitForClusterToBeReady$0(238)) - Waiting for cluster to exit safe mode
2021-08-23 13:57:49,611 [Listener at 127.0.0.1/37189] INFO  ozone.MiniOzoneClusterImpl (MiniOzoneClusterImpl.java:lambda$waitForClusterToBeReady$0(240)) - SCM became leader
2021-08-23 13:57:50,113 [63f50bcb-c19d-440a-9268-3e58db776ca2@group-5D0DB39C0413-FollowerState] INFO  impl.FollowerState (FollowerState.java:run(134)) - 63f50bcb-c19d-440a-9268-3e58db776ca2@group-5D0DB39C0413-FollowerState: change to CANDIDATE, lastRpcElapsedTime:5072158131ns, electionTimeout:5065ms
2021-08-23 13:57:50,113 [63f50bcb-c19d-440a-9268-3e58db776ca2@group-5D0DB39C0413-FollowerState] INFO  impl.RoleInfo (RoleInfo.java:shutdownFollowerState(108)) - 63f50bcb-c19d-440a-9268-3e58db776ca2: shutdown 63f50bcb-c19d-440a-9268-3e58db776ca2@group-5D0DB39C0413-FollowerState
2021-08-23 13:57:50,114 [63f50bcb-c19d-440a-9268-3e58db776ca2@group-5D0DB39C0413-FollowerState] INFO  server.RaftServer$Division (RaftServerImpl.java:setRole(285)) - 63f50bcb-c19d-440a-9268-3e58db776ca2@group-5D0DB39C0413: changes role from  FOLLOWER to CANDIDATE at term 0 for changeToCandidate
2021-08-23 13:57:50,114 [63f50bcb-c19d-440a-9268-3e58db776ca2@group-5D0DB39C0413-FollowerState] INFO  server.RaftServerConfigKeys (ConfUtils.java:logGet(44)) - raft.server.leaderelection.pre-vote = false (custom)
2021-08-23 13:57:50,114 [63f50bcb-c19d-440a-9268-3e58db776ca2@group-5D0DB39C0413-FollowerState] INFO  impl.RoleInfo (RoleInfo.java:updateAndGet(130)) - 63f50bcb-c19d-440a-9268-3e58db776ca2: start 63f50bcb-c19d-440a-9268-3e58db776ca2@group-5D0DB39C0413-LeaderElection4
2021-08-23 13:57:50,124 [63f50bcb-c19d-440a-9268-3e58db776ca2@group-5D0DB39C0413-LeaderElection4] INFO  impl.LeaderElection (LeaderElection.java:askForVotes(306)) - 63f50bcb-c19d-440a-9268-3e58db776ca2@group-5D0DB39C0413-LeaderElection4 ELECTION round 0: submit vote requests at term 1 for -1: [63f50bcb-c19d-440a-9268-3e58db776ca2|rpc:10.1.0.21:45411|priority:1], old=null
2021-08-23 13:57:50,124 [63f50bcb-c19d-440a-9268-3e58db776ca2@group-5D0DB39C0413-LeaderElection4] INFO  impl.LeaderElection (LeaderElection.java:askForVotes(308)) - 63f50bcb-c19d-440a-9268-3e58db776ca2@group-5D0DB39C0413-LeaderElection4 ELECTION round 0: result PASSED (term=1)
2021-08-23 13:57:50,124 [63f50bcb-c19d-440a-9268-3e58db776ca2@group-5D0DB39C0413-LeaderElection4] INFO  impl.RoleInfo (RoleInfo.java:shutdownLeaderElection(121)) - 63f50bcb-c19d-440a-9268-3e58db776ca2: shutdown 63f50bcb-c19d-440a-9268-3e58db776ca2@group-5D0DB39C0413-LeaderElection4
2021-08-23 13:57:50,124 [63f50bcb-c19d-440a-9268-3e58db776ca2@group-5D0DB39C0413-LeaderElection4] INFO  server.RaftServer$Division (RaftServerImpl.java:setRole(285)) - 63f50bcb-c19d-440a-9268-3e58db776ca2@group-5D0DB39C0413: changes role from CANDIDATE to LEADER at term 1 for changeToLeader
2021-08-23 13:57:50,124 [63f50bcb-c19d-440a-9268-3e58db776ca2@group-5D0DB39C0413-LeaderElection4] INFO  ratis.XceiverServerRatis (XceiverServerRatis.java:handleLeaderChangedNotification(861)) - Leader change notification received for group: group-5D0DB39C0413 with new leaderId: 63f50bcb-c19d-440a-9268-3e58db776ca2
2021-08-23 13:57:50,125 [63f50bcb-c19d-440a-9268-3e58db776ca2@group-5D0DB39C0413-LeaderElection4] INFO  server.RaftServer$Division (ServerState.java:setLeader(285)) - 63f50bcb-c19d-440a-9268-3e58db776ca2@group-5D0DB39C0413: change Leader from null to 63f50bcb-c19d-440a-9268-3e58db776ca2 at term 1 for becomeLeader, leader elected after 5100ms
2021-08-23 13:57:50,128 [EventQueue-OpenPipelineForHealthyPipelineSafeModeRule] INFO  safemode.SCMSafeModeManager (HealthyPipelineSafeModeRule.java:process(124)) - SCM in safe mode. Healthy pipelines reported count is 0, required healthy pipeline reported count is 1
2021-08-23 13:57:50,132 [63f50bcb-c19d-440a-9268-3e58db776ca2@group-5D0DB39C0413-LeaderElection4] INFO  server.RaftServerConfigKeys (ConfUtils.java:logGet(44)) - raft.server.staging.catchup.gap = 1000 (default)
2021-08-23 13:57:50,140 [63f50bcb-c19d-440a-9268-3e58db776ca2@group-5D0DB39C0413-LeaderElection4] INFO  server.RaftServerConfigKeys (ConfUtils.java:logGet(44)) - raft.server.write.element-limit = 1024 (custom)
2021-08-23 13:57:50,140 [63f50bcb-c19d-440a-9268-3e58db776ca2@group-5D0DB39C0413-LeaderElection4] INFO  server.RaftServerConfigKeys (ConfUtils.java:logGet(44)) - raft.server.write.byte-limit = 1024 M (=1073741824) (custom)
2021-08-23 13:57:50,141 [63f50bcb-c19d-440a-9268-3e58db776ca2@group-5D0DB39C0413-LeaderElection4] INFO  server.RaftServerConfigKeys (ConfUtils.java:logGet(44)) - raft.server.watch.timeout = 180s (custom)
2021-08-23 13:57:50,141 [63f50bcb-c19d-440a-9268-3e58db776ca2@group-5D0DB39C0413-LeaderElection4] INFO  server.RaftServerConfigKeys (ConfUtils.java:logGet(44)) - raft.server.watch.timeout.denomination = 1s (default)
2021-08-23 13:57:50,141 [63f50bcb-c19d-440a-9268-3e58db776ca2@group-5D0DB39C0413-LeaderElection4] INFO  server.RaftServerConfigKeys (ConfUtils.java:logGet(44)) - raft.server.watch.element-limit = 65536 (default)
2021-08-23 13:57:50,141 [63f50bcb-c19d-440a-9268-3e58db776ca2@group-5D0DB39C0413-LeaderElection4] INFO  impl.RoleInfo (RoleInfo.java:updateAndGet(130)) - 63f50bcb-c19d-440a-9268-3e58db776ca2: start 63f50bcb-c19d-440a-9268-3e58db776ca2@group-5D0DB39C0413-LeaderStateImpl
2021-08-23 13:57:50,141 [63f50bcb-c19d-440a-9268-3e58db776ca2@group-5D0DB39C0413-LeaderElection4] INFO  segmented.SegmentedRaftLogWorker (SegmentedRaftLogWorker.java:startLogSegment(394)) - 63f50bcb-c19d-440a-9268-3e58db776ca2@group-5D0DB39C0413-SegmentedRaftLogWorker: Starting segment from index:0
2021-08-23 13:57:50,146 [63f50bcb-c19d-440a-9268-3e58db776ca2@group-5D0DB39C0413-LeaderElection4] INFO  server.RaftServer$Division (ServerState.java:setRaftConf(387)) - 63f50bcb-c19d-440a-9268-3e58db776ca2@group-5D0DB39C0413: set configuration 0: [63f50bcb-c19d-440a-9268-3e58db776ca2|rpc:10.1.0.21:45411|dataStream:|priority:1], old=null
2021-08-23 13:57:50,147 [63f50bcb-c19d-440a-9268-3e58db776ca2@group-5D0DB39C0413-SegmentedRaftLogWorker] INFO  segmented.SegmentedRaftLogWorker (SegmentedRaftLogWorker.java:execute(601)) - 63f50bcb-c19d-440a-9268-3e58db776ca2@group-5D0DB39C0413-SegmentedRaftLogWorker: created new log segment /home/runner/work/ozone/ozone/hadoop-ozone/integration-test/target/test-dir/MiniOzoneClusterImpl-f0cf9c5c-e004-47d7-a6a1-b11a210091d6/datanode-0/data/ratis/0b9a5ed2-9c20-406c-b97d-5d0db39c0413/current/log_inprogress_0
2021-08-23 13:57:50,168 [63f50bcb-c19d-440a-9268-3e58db776ca2@group-098E0C4D619C-FollowerState] INFO  impl.FollowerState (FollowerState.java:run(134)) - 63f50bcb-c19d-440a-9268-3e58db776ca2@group-098E0C4D619C-FollowerState: change to CANDIDATE, lastRpcElapsedTime:5099595770ns, electionTimeout:5092ms
2021-08-23 13:57:50,169 [63f50bcb-c19d-440a-9268-3e58db776ca2@group-098E0C4D619C-FollowerState] INFO  impl.RoleInfo (RoleInfo.java:shutdownFollowerState(108)) - 63f50bcb-c19d-440a-9268-3e58db776ca2: shutdown 63f50bcb-c19d-440a-9268-3e58db776ca2@group-098E0C4D619C-FollowerState
2021-08-23 13:57:50,169 [63f50bcb-c19d-440a-9268-3e58db776ca2@group-098E0C4D619C-FollowerState] INFO  server.RaftServer$Division (RaftServerImpl.java:setRole(285)) - 63f50bcb-c19d-440a-9268-3e58db776ca2@group-098E0C4D619C: changes role from  FOLLOWER to CANDIDATE at term 0 for changeToCandidate
2021-08-23 13:57:50,169 [63f50bcb-c19d-440a-9268-3e58db776ca2@group-098E0C4D619C-FollowerState] INFO  server.RaftServerConfigKeys (ConfUtils.java:logGet(44)) - raft.server.leaderelection.pre-vote = false (custom)
2021-08-23 13:57:50,169 [63f50bcb-c19d-440a-9268-3e58db776ca2@group-098E0C4D619C-FollowerState] INFO  impl.RoleInfo (RoleInfo.java:updateAndGet(130)) - 63f50bcb-c19d-440a-9268-3e58db776ca2: start 63f50bcb-c19d-440a-9268-3e58db776ca2@group-098E0C4D619C-LeaderElection5
2021-08-23 13:57:50,178 [63f50bcb-c19d-440a-9268-3e58db776ca2@group-098E0C4D619C-LeaderElection5] INFO  impl.LeaderElection (LeaderElection.java:askForVotes(306)) - 63f50bcb-c19d-440a-9268-3e58db776ca2@group-098E0C4D619C-LeaderElection5 ELECTION round 0: submit vote requests at term 1 for -1: [63f50bcb-c19d-440a-9268-3e58db776ca2|rpc:10.1.0.21:45411|priority:0, d10c596a-eed6-4646-883b-fed8c4bff5b3|rpc:10.1.0.21:35343|priority:0, 69717ffb-fc74-4ecd-b9ae-1b12a8ad2a81|rpc:10.1.0.21:43551|priority:1], old=null
2021-08-23 13:57:50,230 [grpc-default-executor-2] INFO  server.RaftServer$Division (RaftServerImpl.java:requestVote(1043)) - d10c596a-eed6-4646-883b-fed8c4bff5b3@group-098E0C4D619C: receive requestVote(ELECTION, 63f50bcb-c19d-440a-9268-3e58db776ca2, group-098E0C4D619C, 1, (t:0, i:0))
2021-08-23 13:57:50,232 [grpc-default-executor-2] INFO  impl.VoteContext (VoteContext.java:log(48)) - d10c596a-eed6-4646-883b-fed8c4bff5b3@group-098E0C4D619C-FOLLOWER: accept ELECTION from 63f50bcb-c19d-440a-9268-3e58db776ca2: our priority 0 <= candidate's priority 0
2021-08-23 13:57:50,233 [grpc-default-executor-2] INFO  server.RaftServer$Division (RaftServerImpl.java:setRole(285)) - d10c596a-eed6-4646-883b-fed8c4bff5b3@group-098E0C4D619C: changes role from  FOLLOWER to FOLLOWER at term 1 for candidate:63f50bcb-c19d-440a-9268-3e58db776ca2
2021-08-23 13:57:50,233 [grpc-default-executor-2] INFO  impl.RoleInfo (RoleInfo.java:shutdownFollowerState(108)) - d10c596a-eed6-4646-883b-fed8c4bff5b3: shutdown d10c596a-eed6-4646-883b-fed8c4bff5b3@group-098E0C4D619C-FollowerState
2021-08-23 13:57:50,233 [grpc-default-executor-2] INFO  impl.RoleInfo (RoleInfo.java:updateAndGet(130)) - d10c596a-eed6-4646-883b-fed8c4bff5b3: start d10c596a-eed6-4646-883b-fed8c4bff5b3@group-098E0C4D619C-FollowerState
2021-08-23 13:57:50,233 [d10c596a-eed6-4646-883b-fed8c4bff5b3@group-098E0C4D619C-FollowerState] INFO  impl.FollowerState (FollowerState.java:run(143)) - d10c596a-eed6-4646-883b-fed8c4bff5b3@group-098E0C4D619C-FollowerState was interrupted: {}
java.lang.InterruptedException: sleep interrupted
	at java.lang.Thread.sleep(Native Method)
	at java.lang.Thread.sleep(Thread.java:340)
	at java.util.concurrent.TimeUnit.sleep(TimeUnit.java:386)
	at org.apache.ratis.util.TimeDuration.sleep(TimeDuration.java:324)
	at org.apache.ratis.util.TimeDuration.sleep(TimeDuration.java:309)
	at org.apache.ratis.server.impl.FollowerState.run(FollowerState.java:118)
2021-08-23 13:57:50,246 [grpc-default-executor-1] INFO  server.RaftServer$Division (RaftServerImpl.java:requestVote(1043)) - 69717ffb-fc74-4ecd-b9ae-1b12a8ad2a81@group-098E0C4D619C: receive requestVote(ELECTION, 63f50bcb-c19d-440a-9268-3e58db776ca2, group-098E0C4D619C, 1, (t:0, i:0))
2021-08-23 13:57:50,247 [grpc-default-executor-1] INFO  impl.VoteContext (VoteContext.java:log(48)) - 69717ffb-fc74-4ecd-b9ae-1b12a8ad2a81@group-098E0C4D619C-FOLLOWER: reject ELECTION from 63f50bcb-c19d-440a-9268-3e58db776ca2: our priority 1 > candidate's priority 0
2021-08-23 13:57:50,247 [grpc-default-executor-1] INFO  server.RaftServer$Division (RaftServerImpl.java:setRole(285)) - 69717ffb-fc74-4ecd-b9ae-1b12a8ad2a81@group-098E0C4D619C: changes role from  FOLLOWER to FOLLOWER at term 1 for candidate:63f50bcb-c19d-440a-9268-3e58db776ca2
2021-08-23 13:57:50,247 [grpc-default-executor-1] INFO  impl.RoleInfo (RoleInfo.java:shutdownFollowerState(108)) - 69717ffb-fc74-4ecd-b9ae-1b12a8ad2a81: shutdown 69717ffb-fc74-4ecd-b9ae-1b12a8ad2a81@group-098E0C4D619C-FollowerState
2021-08-23 13:57:50,247 [grpc-default-executor-1] INFO  impl.RoleInfo (RoleInfo.java:updateAndGet(130)) - 69717ffb-fc74-4ecd-b9ae-1b12a8ad2a81: start 69717ffb-fc74-4ecd-b9ae-1b12a8ad2a81@group-098E0C4D619C-FollowerState
2021-08-23 13:57:50,247 [69717ffb-fc74-4ecd-b9ae-1b12a8ad2a81@group-098E0C4D619C-FollowerState] INFO  impl.FollowerState (FollowerState.java:run(143)) - 69717ffb-fc74-4ecd-b9ae-1b12a8ad2a81@group-098E0C4D619C-FollowerState was interrupted: {}
java.lang.InterruptedException: sleep interrupted
	at java.lang.Thread.sleep(Native Method)
	at java.lang.Thread.sleep(Thread.java:340)
	at java.util.concurrent.TimeUnit.sleep(TimeUnit.java:386)
	at org.apache.ratis.util.TimeDuration.sleep(TimeDuration.java:324)
	at org.apache.ratis.util.TimeDuration.sleep(TimeDuration.java:309)
	at org.apache.ratis.server.impl.FollowerState.run(FollowerState.java:118)
2021-08-23 13:57:50,252 [grpc-default-executor-2] INFO  server.RaftServer$Division (RaftServerImpl.java:requestVote(1075)) - d10c596a-eed6-4646-883b-fed8c4bff5b3@group-098E0C4D619C replies to ELECTION vote request: 63f50bcb-c19d-440a-9268-3e58db776ca2<-d10c596a-eed6-4646-883b-fed8c4bff5b3#0:OK-t1. Peer's state: d10c596a-eed6-4646-883b-fed8c4bff5b3@group-098E0C4D619C:t1, leader=null, voted=63f50bcb-c19d-440a-9268-3e58db776ca2, raftlog=d10c596a-eed6-4646-883b-fed8c4bff5b3@group-098E0C4D619C-SegmentedRaftLog:OPENED:c-1,f-1,i0, conf=-1: [63f50bcb-c19d-440a-9268-3e58db776ca2|rpc:10.1.0.21:45411|priority:0, d10c596a-eed6-4646-883b-fed8c4bff5b3|rpc:10.1.0.21:35343|priority:0, 69717ffb-fc74-4ecd-b9ae-1b12a8ad2a81|rpc:10.1.0.21:43551|priority:1], old=null
2021-08-23 13:57:50,261 [grpc-default-executor-1] INFO  server.RaftServer$Division (RaftServerImpl.java:requestVote(1075)) - 69717ffb-fc74-4ecd-b9ae-1b12a8ad2a81@group-098E0C4D619C replies to ELECTION vote request: 63f50bcb-c19d-440a-9268-3e58db776ca2<-69717ffb-fc74-4ecd-b9ae-1b12a8ad2a81#0:FAIL-t1. Peer's state: 69717ffb-fc74-4ecd-b9ae-1b12a8ad2a81@group-098E0C4D619C:t1, leader=null, voted=null, raftlog=69717ffb-fc74-4ecd-b9ae-1b12a8ad2a81@group-098E0C4D619C-SegmentedRaftLog:OPENED:c-1,f-1,i0, conf=-1: [63f50bcb-c19d-440a-9268-3e58db776ca2|rpc:10.1.0.21:45411|priority:0, d10c596a-eed6-4646-883b-fed8c4bff5b3|rpc:10.1.0.21:35343|priority:0, 69717ffb-fc74-4ecd-b9ae-1b12a8ad2a81|rpc:10.1.0.21:43551|priority:1], old=null
2021-08-23 13:57:50,275 [63f50bcb-c19d-440a-9268-3e58db776ca2@group-098E0C4D619C-LeaderElection5] INFO  impl.LeaderElection (LeaderElection.java:logAndReturn(89)) - 63f50bcb-c19d-440a-9268-3e58db776ca2@group-098E0C4D619C-LeaderElection5: ELECTION REJECTED received 2 response(s) and 0 exception(s):
2021-08-23 13:57:50,276 [63f50bcb-c19d-440a-9268-3e58db776ca2@group-098E0C4D619C-LeaderElection5] INFO  impl.LeaderElection (LeaderElection.java:logAndReturn(93)) -   Response 0: 63f50bcb-c19d-440a-9268-3e58db776ca2<-d10c596a-eed6-4646-883b-fed8c4bff5b3#0:OK-t1
2021-08-23 13:57:50,276 [63f50bcb-c19d-440a-9268-3e58db776ca2@group-098E0C4D619C-LeaderElection5] INFO  impl.LeaderElection (LeaderElection.java:logAndReturn(93)) -   Response 1: 63f50bcb-c19d-440a-9268-3e58db776ca2<-69717ffb-fc74-4ecd-b9ae-1b12a8ad2a81#0:FAIL-t1
2021-08-23 13:57:50,276 [63f50bcb-c19d-440a-9268-3e58db776ca2@group-098E0C4D619C-LeaderElection5] INFO  impl.LeaderElection (LeaderElection.java:askForVotes(308)) - 63f50bcb-c19d-440a-9268-3e58db776ca2@group-098E0C4D619C-LeaderElection5 ELECTION round 0: result REJECTED
2021-08-23 13:57:50,276 [63f50bcb-c19d-440a-9268-3e58db776ca2@group-098E0C4D619C-LeaderElection5] INFO  server.RaftServer$Division (RaftServerImpl.java:setRole(285)) - 63f50bcb-c19d-440a-9268-3e58db776ca2@group-098E0C4D619C: changes role from CANDIDATE to FOLLOWER at term 1 for REJECTED
2021-08-23 13:57:50,276 [63f50bcb-c19d-440a-9268-3e58db776ca2@group-098E0C4D619C-LeaderElection5] INFO  impl.RoleInfo (RoleInfo.java:shutdownLeaderElection(121)) - 63f50bcb-c19d-440a-9268-3e58db776ca2: shutdown 63f50bcb-c19d-440a-9268-3e58db776ca2@group-098E0C4D619C-LeaderElection5
2021-08-23 13:57:50,276 [63f50bcb-c19d-440a-9268-3e58db776ca2@group-098E0C4D619C-LeaderElection5] INFO  impl.RoleInfo (RoleInfo.java:updateAndGet(130)) - 63f50bcb-c19d-440a-9268-3e58db776ca2: start 63f50bcb-c19d-440a-9268-3e58db776ca2@group-098E0C4D619C-FollowerState
2021-08-23 13:57:50,411 [69717ffb-fc74-4ecd-b9ae-1b12a8ad2a81@group-744D6A31DBB6-FollowerState] INFO  impl.FollowerState (FollowerState.java:run(134)) - 69717ffb-fc74-4ecd-b9ae-1b12a8ad2a81@group-744D6A31DBB6-FollowerState: change to CANDIDATE, lastRpcElapsedTime:5045543292ns, electionTimeout:5032ms
2021-08-23 13:57:50,412 [69717ffb-fc74-4ecd-b9ae-1b12a8ad2a81@group-744D6A31DBB6-FollowerState] INFO  impl.RoleInfo (RoleInfo.java:shutdownFollowerState(108)) - 69717ffb-fc74-4ecd-b9ae-1b12a8ad2a81: shutdown 69717ffb-fc74-4ecd-b9ae-1b12a8ad2a81@group-744D6A31DBB6-FollowerState
2021-08-23 13:57:50,412 [69717ffb-fc74-4ecd-b9ae-1b12a8ad2a81@group-744D6A31DBB6-FollowerState] INFO  server.RaftServer$Division (RaftServerImpl.java:setRole(285)) - 69717ffb-fc74-4ecd-b9ae-1b12a8ad2a81@group-744D6A31DBB6: changes role from  FOLLOWER to CANDIDATE at term 0 for changeToCandidate
2021-08-23 13:57:50,412 [69717ffb-fc74-4ecd-b9ae-1b12a8ad2a81@group-744D6A31DBB6-FollowerState] INFO  server.RaftServerConfigKeys (ConfUtils.java:logGet(44)) - raft.server.leaderelection.pre-vote = false (custom)
2021-08-23 13:57:50,412 [69717ffb-fc74-4ecd-b9ae-1b12a8ad2a81@group-744D6A31DBB6-FollowerState] INFO  impl.RoleInfo (RoleInfo.java:updateAndGet(130)) - 69717ffb-fc74-4ecd-b9ae-1b12a8ad2a81: start 69717ffb-fc74-4ecd-b9ae-1b12a8ad2a81@group-744D6A31DBB6-LeaderElection6
2021-08-23 13:57:50,422 [69717ffb-fc74-4ecd-b9ae-1b12a8ad2a81@group-744D6A31DBB6-LeaderElection6] INFO  impl.LeaderElection (LeaderElection.java:askForVotes(306)) - 69717ffb-fc74-4ecd-b9ae-1b12a8ad2a81@group-744D6A31DBB6-LeaderElection6 ELECTION round 0: submit vote requests at term 1 for -1: [69717ffb-fc74-4ecd-b9ae-1b12a8ad2a81|rpc:10.1.0.21:43551|priority:1], old=null
2021-08-23 13:57:50,422 [69717ffb-fc74-4ecd-b9ae-1b12a8ad2a81@group-744D6A31DBB6-LeaderElection6] INFO  impl.LeaderElection (LeaderElection.java:askForVotes(308)) - 69717ffb-fc74-4ecd-b9ae-1b12a8ad2a81@group-744D6A31DBB6-LeaderElection6 ELECTION round 0: result PASSED (term=1)
2021-08-23 13:57:50,422 [69717ffb-fc74-4ecd-b9ae-1b12a8ad2a81@group-744D6A31DBB6-LeaderElection6] INFO  impl.RoleInfo (RoleInfo.java:shutdownLeaderElection(121)) - 69717ffb-fc74-4ecd-b9ae-1b12a8ad2a81: shutdown 69717ffb-fc74-4ecd-b9ae-1b12a8ad2a81@group-744D6A31DBB6-LeaderElection6
2021-08-23 13:57:50,422 [69717ffb-fc74-4ecd-b9ae-1b12a8ad2a81@group-744D6A31DBB6-LeaderElection6] INFO  server.RaftServer$Division (RaftServerImpl.java:setRole(285)) - 69717ffb-fc74-4ecd-b9ae-1b12a8ad2a81@group-744D6A31DBB6: changes role from CANDIDATE to LEADER at term 1 for changeToLeader
2021-08-23 13:57:50,422 [69717ffb-fc74-4ecd-b9ae-1b12a8ad2a81@group-744D6A31DBB6-LeaderElection6] INFO  ratis.XceiverServerRatis (XceiverServerRatis.java:handleLeaderChangedNotification(861)) - Leader change notification received for group: group-744D6A31DBB6 with new leaderId: 69717ffb-fc74-4ecd-b9ae-1b12a8ad2a81
2021-08-23 13:57:50,423 [Datanode State Machine Thread - 0] WARN  statemachine.StateContext (StateContext.java:execute(621)) - No available thread in pool for past 1 seconds.
2021-08-23 13:57:50,424 [69717ffb-fc74-4ecd-b9ae-1b12a8ad2a81@group-744D6A31DBB6-LeaderElection6] INFO  server.RaftServer$Division (ServerState.java:setLeader(285)) - 69717ffb-fc74-4ecd-b9ae-1b12a8ad2a81@group-744D6A31DBB6: change Leader from null to 69717ffb-fc74-4ecd-b9ae-1b12a8ad2a81 at term 1 for becomeLeader, leader elected after 5073ms
2021-08-23 13:57:50,425 [EventQueue-OpenPipelineForHealthyPipelineSafeModeRule] INFO  safemode.SCMSafeModeManager (HealthyPipelineSafeModeRule.java:process(124)) - SCM in safe mode. Healthy pipelines reported count is 0, required healthy pipeline reported count is 1
2021-08-23 13:57:50,426 [69717ffb-fc74-4ecd-b9ae-1b12a8ad2a81@group-744D6A31DBB6-LeaderElection6] INFO  server.RaftServerConfigKeys (ConfUtils.java:logGet(44)) - raft.server.staging.catchup.gap = 1000 (default)
2021-08-23 13:57:50,426 [69717ffb-fc74-4ecd-b9ae-1b12a8ad2a81@group-744D6A31DBB6-LeaderElection6] INFO  server.RaftServerConfigKeys (ConfUtils.java:logGet(44)) - raft.server.write.element-limit = 1024 (custom)
2021-08-23 13:57:50,426 [69717ffb-fc74-4ecd-b9ae-1b12a8ad2a81@group-744D6A31DBB6-LeaderElection6] INFO  server.RaftServerConfigKeys (ConfUtils.java:logGet(44)) - raft.server.write.byte-limit = 1024 M (=1073741824) (custom)
2021-08-23 13:57:50,426 [69717ffb-fc74-4ecd-b9ae-1b12a8ad2a81@group-744D6A31DBB6-LeaderElection6] INFO  server.RaftServerConfigKeys (ConfUtils.java:logGet(44)) - raft.server.watch.timeout = 180s (custom)
2021-08-23 13:57:50,426 [69717ffb-fc74-4ecd-b9ae-1b12a8ad2a81@group-744D6A31DBB6-LeaderElection6] INFO  server.RaftServerConfigKeys (ConfUtils.java:logGet(44)) - raft.server.watch.timeout.denomination = 1s (default)
2021-08-23 13:57:50,426 [69717ffb-fc74-4ecd-b9ae-1b12a8ad2a81@group-744D6A31DBB6-LeaderElection6] INFO  server.RaftServerConfigKeys (ConfUtils.java:logGet(44)) - raft.server.watch.element-limit = 65536 (default)
2021-08-23 13:57:50,427 [69717ffb-fc74-4ecd-b9ae-1b12a8ad2a81@group-744D6A31DBB6-LeaderElection6] INFO  impl.RoleInfo (RoleInfo.java:updateAndGet(130)) - 69717ffb-fc74-4ecd-b9ae-1b12a8ad2a81: start 69717ffb-fc74-4ecd-b9ae-1b12a8ad2a81@group-744D6A31DBB6-LeaderStateImpl
2021-08-23 13:57:50,427 [69717ffb-fc74-4ecd-b9ae-1b12a8ad2a81@group-744D6A31DBB6-LeaderElection6] INFO  segmented.SegmentedRaftLogWorker (SegmentedRaftLogWorker.java:startLogSegment(394)) - 69717ffb-fc74-4ecd-b9ae-1b12a8ad2a81@group-744D6A31DBB6-SegmentedRaftLogWorker: Starting segment from index:0
2021-08-23 13:57:50,431 [69717ffb-fc74-4ecd-b9ae-1b12a8ad2a81@group-744D6A31DBB6-SegmentedRaftLogWorker] INFO  segmented.SegmentedRaftLogWorker (SegmentedRaftLogWorker.java:execute(601)) - 69717ffb-fc74-4ecd-b9ae-1b12a8ad2a81@group-744D6A31DBB6-SegmentedRaftLogWorker: created new log segment /home/runner/work/ozone/ozone/hadoop-ozone/integration-test/target/test-dir/MiniOzoneClusterImpl-f0cf9c5c-e004-47d7-a6a1-b11a210091d6/datanode-1/data/ratis/48a614f6-881a-4308-9275-744d6a31dbb6/current/log_inprogress_0
2021-08-23 13:57:50,431 [69717ffb-fc74-4ecd-b9ae-1b12a8ad2a81@group-744D6A31DBB6-LeaderElection6] INFO  server.RaftServer$Division (ServerState.java:setRaftConf(387)) - 69717ffb-fc74-4ecd-b9ae-1b12a8ad2a81@group-744D6A31DBB6: set configuration 0: [69717ffb-fc74-4ecd-b9ae-1b12a8ad2a81|rpc:10.1.0.21:43551|dataStream:|priority:1], old=null
2021-08-23 13:57:50,611 [Listener at 127.0.0.1/37189] INFO  ozone.MiniOzoneClusterImpl (MiniOzoneClusterImpl.java:lambda$waitForClusterToBeReady$0(235)) - Nodes are ready. Got 3 of 3 DN Heartbeats.
2021-08-23 13:57:50,611 [Listener at 127.0.0.1/37189] INFO  ozone.MiniOzoneClusterImpl (MiniOzoneClusterImpl.java:lambda$waitForClusterToBeReady$0(238)) - Waiting for cluster to exit safe mode
2021-08-23 13:57:50,611 [Listener at 127.0.0.1/37189] INFO  ozone.MiniOzoneClusterImpl (MiniOzoneClusterImpl.java:lambda$waitForClusterToBeReady$0(240)) - SCM became leader
2021-08-23 13:57:50,783 [d10c596a-eed6-4646-883b-fed8c4bff5b3@group-C4A94B7C7631-FollowerState] INFO  impl.FollowerState (FollowerState.java:run(134)) - d10c596a-eed6-4646-883b-fed8c4bff5b3@group-C4A94B7C7631-FollowerState: change to CANDIDATE, lastRpcElapsedTime:5111436272ns, electionTimeout:5091ms
2021-08-23 13:57:50,783 [d10c596a-eed6-4646-883b-fed8c4bff5b3@group-C4A94B7C7631-FollowerState] INFO  impl.RoleInfo (RoleInfo.java:shutdownFollowerState(108)) - d10c596a-eed6-4646-883b-fed8c4bff5b3: shutdown d10c596a-eed6-4646-883b-fed8c4bff5b3@group-C4A94B7C7631-FollowerState
2021-08-23 13:57:50,783 [d10c596a-eed6-4646-883b-fed8c4bff5b3@group-C4A94B7C7631-FollowerState] INFO  server.RaftServer$Division (RaftServerImpl.java:setRole(285)) - d10c596a-eed6-4646-883b-fed8c4bff5b3@group-C4A94B7C7631: changes role from  FOLLOWER to CANDIDATE at term 0 for changeToCandidate
2021-08-23 13:57:50,784 [d10c596a-eed6-4646-883b-fed8c4bff5b3@group-C4A94B7C7631-FollowerState] INFO  server.RaftServerConfigKeys (ConfUtils.java:logGet(44)) - raft.server.leaderelection.pre-vote = false (custom)
2021-08-23 13:57:50,784 [d10c596a-eed6-4646-883b-fed8c4bff5b3@group-C4A94B7C7631-FollowerState] INFO  impl.RoleInfo (RoleInfo.java:updateAndGet(130)) - d10c596a-eed6-4646-883b-fed8c4bff5b3: start d10c596a-eed6-4646-883b-fed8c4bff5b3@group-C4A94B7C7631-LeaderElection7
2021-08-23 13:57:50,793 [d10c596a-eed6-4646-883b-fed8c4bff5b3@group-C4A94B7C7631-LeaderElection7] INFO  impl.LeaderElection (LeaderElection.java:askForVotes(306)) - d10c596a-eed6-4646-883b-fed8c4bff5b3@group-C4A94B7C7631-LeaderElection7 ELECTION round 0: submit vote requests at term 1 for -1: [d10c596a-eed6-4646-883b-fed8c4bff5b3|rpc:10.1.0.21:35343|priority:1], old=null
2021-08-23 13:57:50,793 [d10c596a-eed6-4646-883b-fed8c4bff5b3@group-C4A94B7C7631-LeaderElection7] INFO  impl.LeaderElection (LeaderElection.java:askForVotes(308)) - d10c596a-eed6-4646-883b-fed8c4bff5b3@group-C4A94B7C7631-LeaderElection7 ELECTION round 0: result PASSED (term=1)
2021-08-23 13:57:50,793 [d10c596a-eed6-4646-883b-fed8c4bff5b3@group-C4A94B7C7631-LeaderElection7] INFO  impl.RoleInfo (RoleInfo.java:shutdownLeaderElection(121)) - d10c596a-eed6-4646-883b-fed8c4bff5b3: shutdown d10c596a-eed6-4646-883b-fed8c4bff5b3@group-C4A94B7C7631-LeaderElection7
2021-08-23 13:57:50,793 [d10c596a-eed6-4646-883b-fed8c4bff5b3@group-C4A94B7C7631-LeaderElection7] INFO  server.RaftServer$Division (RaftServerImpl.java:setRole(285)) - d10c596a-eed6-4646-883b-fed8c4bff5b3@group-C4A94B7C7631: changes role from CANDIDATE to LEADER at term 1 for changeToLeader
2021-08-23 13:57:50,793 [d10c596a-eed6-4646-883b-fed8c4bff5b3@group-C4A94B7C7631-LeaderElection7] INFO  ratis.XceiverServerRatis (XceiverServerRatis.java:handleLeaderChangedNotification(861)) - Leader change notification received for group: group-C4A94B7C7631 with new leaderId: d10c596a-eed6-4646-883b-fed8c4bff5b3
2021-08-23 13:57:50,795 [Datanode State Machine Thread - 0] WARN  statemachine.StateContext (StateContext.java:execute(621)) - No available thread in pool for past 1 seconds.
2021-08-23 13:57:50,796 [EventQueue-OpenPipelineForHealthyPipelineSafeModeRule] INFO  safemode.SCMSafeModeManager (HealthyPipelineSafeModeRule.java:process(124)) - SCM in safe mode. Healthy pipelines reported count is 0, required healthy pipeline reported count is 1
2021-08-23 13:57:50,797 [d10c596a-eed6-4646-883b-fed8c4bff5b3@group-C4A94B7C7631-LeaderElection7] INFO  server.RaftServer$Division (ServerState.java:setLeader(285)) - d10c596a-eed6-4646-883b-fed8c4bff5b3@group-C4A94B7C7631: change Leader from null to d10c596a-eed6-4646-883b-fed8c4bff5b3 at term 1 for becomeLeader, leader elected after 5137ms
2021-08-23 13:57:50,797 [d10c596a-eed6-4646-883b-fed8c4bff5b3@group-C4A94B7C7631-LeaderElection7] INFO  server.RaftServerConfigKeys (ConfUtils.java:logGet(44)) - raft.server.staging.catchup.gap = 1000 (default)
2021-08-23 13:57:50,798 [d10c596a-eed6-4646-883b-fed8c4bff5b3@group-C4A94B7C7631-LeaderElection7] INFO  server.RaftServerConfigKeys (ConfUtils.java:logGet(44)) - raft.server.write.element-limit = 1024 (custom)
2021-08-23 13:57:50,799 [d10c596a-eed6-4646-883b-fed8c4bff5b3@group-C4A94B7C7631-LeaderElection7] INFO  server.RaftServerConfigKeys (ConfUtils.java:logGet(44)) - raft.server.write.byte-limit = 1024 M (=1073741824) (custom)
2021-08-23 13:57:50,807 [d10c596a-eed6-4646-883b-fed8c4bff5b3@group-C4A94B7C7631-LeaderElection7] INFO  server.RaftServerConfigKeys (ConfUtils.java:logGet(44)) - raft.server.watch.timeout = 180s (custom)
2021-08-23 13:57:50,807 [d10c596a-eed6-4646-883b-fed8c4bff5b3@group-C4A94B7C7631-LeaderElection7] INFO  server.RaftServerConfigKeys (ConfUtils.java:logGet(44)) - raft.server.watch.timeout.denomination = 1s (default)
2021-08-23 13:57:50,808 [d10c596a-eed6-4646-883b-fed8c4bff5b3@group-C4A94B7C7631-LeaderElection7] INFO  server.RaftServerConfigKeys (ConfUtils.java:logGet(44)) - raft.server.watch.element-limit = 65536 (default)
2021-08-23 13:57:50,808 [d10c596a-eed6-4646-883b-fed8c4bff5b3@group-C4A94B7C7631-LeaderElection7] INFO  impl.RoleInfo (RoleInfo.java:updateAndGet(130)) - d10c596a-eed6-4646-883b-fed8c4bff5b3: start d10c596a-eed6-4646-883b-fed8c4bff5b3@group-C4A94B7C7631-LeaderStateImpl
2021-08-23 13:57:50,809 [d10c596a-eed6-4646-883b-fed8c4bff5b3@group-C4A94B7C7631-LeaderElection7] INFO  segmented.SegmentedRaftLogWorker (SegmentedRaftLogWorker.java:startLogSegment(394)) - d10c596a-eed6-4646-883b-fed8c4bff5b3@group-C4A94B7C7631-SegmentedRaftLogWorker: Starting segment from index:0
2021-08-23 13:57:50,810 [d10c596a-eed6-4646-883b-fed8c4bff5b3@group-C4A94B7C7631-SegmentedRaftLogWorker] INFO  segmented.SegmentedRaftLogWorker (SegmentedRaftLogWorker.java:execute(601)) - d10c596a-eed6-4646-883b-fed8c4bff5b3@group-C4A94B7C7631-SegmentedRaftLogWorker: created new log segment /home/runner/work/ozone/ozone/hadoop-ozone/integration-test/target/test-dir/MiniOzoneClusterImpl-f0cf9c5c-e004-47d7-a6a1-b11a210091d6/datanode-2/data/ratis/653195c0-76dc-4e2d-9821-c4a94b7c7631/current/log_inprogress_0
2021-08-23 13:57:50,812 [d10c596a-eed6-4646-883b-fed8c4bff5b3@group-C4A94B7C7631-LeaderElection7] INFO  server.RaftServer$Division (ServerState.java:setRaftConf(387)) - d10c596a-eed6-4646-883b-fed8c4bff5b3@group-C4A94B7C7631: set configuration 0: [d10c596a-eed6-4646-883b-fed8c4bff5b3|rpc:10.1.0.21:35343|dataStream:|priority:1], old=null
2021-08-23 13:57:51,612 [Listener at 127.0.0.1/37189] INFO  ozone.MiniOzoneClusterImpl (MiniOzoneClusterImpl.java:lambda$waitForClusterToBeReady$0(235)) - Nodes are ready. Got 3 of 3 DN Heartbeats.
2021-08-23 13:57:51,612 [Listener at 127.0.0.1/37189] INFO  ozone.MiniOzoneClusterImpl (MiniOzoneClusterImpl.java:lambda$waitForClusterToBeReady$0(238)) - Waiting for cluster to exit safe mode
2021-08-23 13:57:51,612 [Listener at 127.0.0.1/37189] INFO  ozone.MiniOzoneClusterImpl (MiniOzoneClusterImpl.java:lambda$waitForClusterToBeReady$0(240)) - SCM became leader
2021-08-23 13:57:52,612 [Listener at 127.0.0.1/37189] INFO  ozone.MiniOzoneClusterImpl (MiniOzoneClusterImpl.java:lambda$waitForClusterToBeReady$0(235)) - Nodes are ready. Got 3 of 3 DN Heartbeats.
2021-08-23 13:57:52,612 [Listener at 127.0.0.1/37189] INFO  ozone.MiniOzoneClusterImpl (MiniOzoneClusterImpl.java:lambda$waitForClusterToBeReady$0(238)) - Waiting for cluster to exit safe mode
2021-08-23 13:57:52,613 [Listener at 127.0.0.1/37189] INFO  ozone.MiniOzoneClusterImpl (MiniOzoneClusterImpl.java:lambda$waitForClusterToBeReady$0(240)) - SCM became leader
2021-08-23 13:57:53,613 [Listener at 127.0.0.1/37189] INFO  ozone.MiniOzoneClusterImpl (MiniOzoneClusterImpl.java:lambda$waitForClusterToBeReady$0(235)) - Nodes are ready. Got 3 of 3 DN Heartbeats.
2021-08-23 13:57:53,613 [Listener at 127.0.0.1/37189] INFO  ozone.MiniOzoneClusterImpl (MiniOzoneClusterImpl.java:lambda$waitForClusterToBeReady$0(238)) - Waiting for cluster to exit safe mode
2021-08-23 13:57:53,613 [Listener at 127.0.0.1/37189] INFO  ozone.MiniOzoneClusterImpl (MiniOzoneClusterImpl.java:lambda$waitForClusterToBeReady$0(240)) - SCM became leader
2021-08-23 13:57:54,613 [Listener at 127.0.0.1/37189] INFO  ozone.MiniOzoneClusterImpl (MiniOzoneClusterImpl.java:lambda$waitForClusterToBeReady$0(235)) - Nodes are ready. Got 3 of 3 DN Heartbeats.
2021-08-23 13:57:54,613 [Listener at 127.0.0.1/37189] INFO  ozone.MiniOzoneClusterImpl (MiniOzoneClusterImpl.java:lambda$waitForClusterToBeReady$0(238)) - Waiting for cluster to exit safe mode
2021-08-23 13:57:54,613 [Listener at 127.0.0.1/37189] INFO  ozone.MiniOzoneClusterImpl (MiniOzoneClusterImpl.java:lambda$waitForClusterToBeReady$0(240)) - SCM became leader
2021-08-23 13:57:55,296 [63f50bcb-c19d-440a-9268-3e58db776ca2@group-098E0C4D619C-FollowerState] INFO  impl.FollowerState (FollowerState.java:run(134)) - 63f50bcb-c19d-440a-9268-3e58db776ca2@group-098E0C4D619C-FollowerState: change to CANDIDATE, lastRpcElapsedTime:5020130646ns, electionTimeout:5013ms
2021-08-23 13:57:55,296 [63f50bcb-c19d-440a-9268-3e58db776ca2@group-098E0C4D619C-FollowerState] INFO  impl.RoleInfo (RoleInfo.java:shutdownFollowerState(108)) - 63f50bcb-c19d-440a-9268-3e58db776ca2: shutdown 63f50bcb-c19d-440a-9268-3e58db776ca2@group-098E0C4D619C-FollowerState
2021-08-23 13:57:55,296 [63f50bcb-c19d-440a-9268-3e58db776ca2@group-098E0C4D619C-FollowerState] INFO  server.RaftServer$Division (RaftServerImpl.java:setRole(285)) - 63f50bcb-c19d-440a-9268-3e58db776ca2@group-098E0C4D619C: changes role from  FOLLOWER to CANDIDATE at term 1 for changeToCandidate
2021-08-23 13:57:55,296 [63f50bcb-c19d-440a-9268-3e58db776ca2@group-098E0C4D619C-FollowerState] INFO  server.RaftServerConfigKeys (ConfUtils.java:logGet(44)) - raft.server.leaderelection.pre-vote = false (custom)
2021-08-23 13:57:55,297 [63f50bcb-c19d-440a-9268-3e58db776ca2@group-098E0C4D619C-FollowerState] INFO  impl.RoleInfo (RoleInfo.java:updateAndGet(130)) - 63f50bcb-c19d-440a-9268-3e58db776ca2: start 63f50bcb-c19d-440a-9268-3e58db776ca2@group-098E0C4D619C-LeaderElection8
2021-08-23 13:57:55,302 [63f50bcb-c19d-440a-9268-3e58db776ca2@group-098E0C4D619C-LeaderElection8] INFO  impl.LeaderElection (LeaderElection.java:askForVotes(306)) - 63f50bcb-c19d-440a-9268-3e58db776ca2@group-098E0C4D619C-LeaderElection8 ELECTION round 0: submit vote requests at term 2 for -1: [63f50bcb-c19d-440a-9268-3e58db776ca2|rpc:10.1.0.21:45411|priority:0, d10c596a-eed6-4646-883b-fed8c4bff5b3|rpc:10.1.0.21:35343|priority:0, 69717ffb-fc74-4ecd-b9ae-1b12a8ad2a81|rpc:10.1.0.21:43551|priority:1], old=null
2021-08-23 13:57:55,313 [grpc-default-executor-2] INFO  server.RaftServer$Division (RaftServerImpl.java:requestVote(1043)) - d10c596a-eed6-4646-883b-fed8c4bff5b3@group-098E0C4D619C: receive requestVote(ELECTION, 63f50bcb-c19d-440a-9268-3e58db776ca2, group-098E0C4D619C, 2, (t:0, i:0))
2021-08-23 13:57:55,313 [grpc-default-executor-2] INFO  impl.VoteContext (VoteContext.java:log(48)) - d10c596a-eed6-4646-883b-fed8c4bff5b3@group-098E0C4D619C-FOLLOWER: accept ELECTION from 63f50bcb-c19d-440a-9268-3e58db776ca2: our priority 0 <= candidate's priority 0
2021-08-23 13:57:55,313 [grpc-default-executor-2] INFO  server.RaftServer$Division (RaftServerImpl.java:setRole(285)) - d10c596a-eed6-4646-883b-fed8c4bff5b3@group-098E0C4D619C: changes role from  FOLLOWER to FOLLOWER at term 2 for candidate:63f50bcb-c19d-440a-9268-3e58db776ca2
2021-08-23 13:57:55,313 [grpc-default-executor-2] INFO  impl.RoleInfo (RoleInfo.java:shutdownFollowerState(108)) - d10c596a-eed6-4646-883b-fed8c4bff5b3: shutdown d10c596a-eed6-4646-883b-fed8c4bff5b3@group-098E0C4D619C-FollowerState
2021-08-23 13:57:55,313 [grpc-default-executor-2] INFO  impl.RoleInfo (RoleInfo.java:updateAndGet(130)) - d10c596a-eed6-4646-883b-fed8c4bff5b3: start d10c596a-eed6-4646-883b-fed8c4bff5b3@group-098E0C4D619C-FollowerState
2021-08-23 13:57:55,316 [d10c596a-eed6-4646-883b-fed8c4bff5b3@group-098E0C4D619C-FollowerState] INFO  impl.FollowerState (FollowerState.java:run(143)) - d10c596a-eed6-4646-883b-fed8c4bff5b3@group-098E0C4D619C-FollowerState was interrupted: {}
java.lang.InterruptedException: sleep interrupted
	at java.lang.Thread.sleep(Native Method)
	at java.lang.Thread.sleep(Thread.java:340)
	at java.util.concurrent.TimeUnit.sleep(TimeUnit.java:386)
	at org.apache.ratis.util.TimeDuration.sleep(TimeDuration.java:324)
	at org.apache.ratis.util.TimeDuration.sleep(TimeDuration.java:309)
	at org.apache.ratis.server.impl.FollowerState.run(FollowerState.java:118)
2021-08-23 13:57:55,317 [grpc-default-executor-2] INFO  server.RaftServer$Division (RaftServerImpl.java:requestVote(1075)) - d10c596a-eed6-4646-883b-fed8c4bff5b3@group-098E0C4D619C replies to ELECTION vote request: 63f50bcb-c19d-440a-9268-3e58db776ca2<-d10c596a-eed6-4646-883b-fed8c4bff5b3#0:OK-t2. Peer's state: d10c596a-eed6-4646-883b-fed8c4bff5b3@group-098E0C4D619C:t2, leader=null, voted=63f50bcb-c19d-440a-9268-3e58db776ca2, raftlog=d10c596a-eed6-4646-883b-fed8c4bff5b3@group-098E0C4D619C-SegmentedRaftLog:OPENED:c-1,f-1,i0, conf=-1: [63f50bcb-c19d-440a-9268-3e58db776ca2|rpc:10.1.0.21:45411|priority:0, d10c596a-eed6-4646-883b-fed8c4bff5b3|rpc:10.1.0.21:35343|priority:0, 69717ffb-fc74-4ecd-b9ae-1b12a8ad2a81|rpc:10.1.0.21:43551|priority:1], old=null
2021-08-23 13:57:55,323 [grpc-default-executor-2] INFO  server.RaftServer$Division (RaftServerImpl.java:requestVote(1043)) - 69717ffb-fc74-4ecd-b9ae-1b12a8ad2a81@group-098E0C4D619C: receive requestVote(ELECTION, 63f50bcb-c19d-440a-9268-3e58db776ca2, group-098E0C4D619C, 2, (t:0, i:0))
2021-08-23 13:57:55,324 [grpc-default-executor-2] INFO  impl.VoteContext (VoteContext.java:log(48)) - 69717ffb-fc74-4ecd-b9ae-1b12a8ad2a81@group-098E0C4D619C-FOLLOWER: reject ELECTION from 63f50bcb-c19d-440a-9268-3e58db776ca2: our priority 1 > candidate's priority 0
2021-08-23 13:57:55,324 [grpc-default-executor-2] INFO  server.RaftServer$Division (RaftServerImpl.java:setRole(285)) - 69717ffb-fc74-4ecd-b9ae-1b12a8ad2a81@group-098E0C4D619C: changes role from  FOLLOWER to FOLLOWER at term 2 for candidate:63f50bcb-c19d-440a-9268-3e58db776ca2
2021-08-23 13:57:55,324 [grpc-default-executor-2] INFO  impl.RoleInfo (RoleInfo.java:shutdownFollowerState(108)) - 69717ffb-fc74-4ecd-b9ae-1b12a8ad2a81: shutdown 69717ffb-fc74-4ecd-b9ae-1b12a8ad2a81@group-098E0C4D619C-FollowerState
2021-08-23 13:57:55,324 [grpc-default-executor-2] INFO  impl.RoleInfo (RoleInfo.java:updateAndGet(130)) - 69717ffb-fc74-4ecd-b9ae-1b12a8ad2a81: start 69717ffb-fc74-4ecd-b9ae-1b12a8ad2a81@group-098E0C4D619C-FollowerState
2021-08-23 13:57:55,324 [69717ffb-fc74-4ecd-b9ae-1b12a8ad2a81@group-098E0C4D619C-FollowerState] INFO  impl.FollowerState (FollowerState.java:run(143)) - 69717ffb-fc74-4ecd-b9ae-1b12a8ad2a81@group-098E0C4D619C-FollowerState was interrupted: {}
java.lang.InterruptedException: sleep interrupted
	at java.lang.Thread.sleep(Native Method)
	at java.lang.Thread.sleep(Thread.java:340)
	at java.util.concurrent.TimeUnit.sleep(TimeUnit.java:386)
	at org.apache.ratis.util.TimeDuration.sleep(TimeDuration.java:324)
	at org.apache.ratis.util.TimeDuration.sleep(TimeDuration.java:309)
	at org.apache.ratis.server.impl.FollowerState.run(FollowerState.java:118)
2021-08-23 13:57:55,332 [grpc-default-executor-2] INFO  server.RaftServer$Division (RaftServerImpl.java:requestVote(1075)) - 69717ffb-fc74-4ecd-b9ae-1b12a8ad2a81@group-098E0C4D619C replies to ELECTION vote request: 63f50bcb-c19d-440a-9268-3e58db776ca2<-69717ffb-fc74-4ecd-b9ae-1b12a8ad2a81#0:FAIL-t2. Peer's state: 69717ffb-fc74-4ecd-b9ae-1b12a8ad2a81@group-098E0C4D619C:t2, leader=null, voted=null, raftlog=69717ffb-fc74-4ecd-b9ae-1b12a8ad2a81@group-098E0C4D619C-SegmentedRaftLog:OPENED:c-1,f-1,i0, conf=-1: [63f50bcb-c19d-440a-9268-3e58db776ca2|rpc:10.1.0.21:45411|priority:0, d10c596a-eed6-4646-883b-fed8c4bff5b3|rpc:10.1.0.21:35343|priority:0, 69717ffb-fc74-4ecd-b9ae-1b12a8ad2a81|rpc:10.1.0.21:43551|priority:1], old=null
2021-08-23 13:57:55,334 [63f50bcb-c19d-440a-9268-3e58db776ca2@group-098E0C4D619C-LeaderElection8] INFO  impl.LeaderElection (LeaderElection.java:logAndReturn(89)) - 63f50bcb-c19d-440a-9268-3e58db776ca2@group-098E0C4D619C-LeaderElection8: ELECTION REJECTED received 2 response(s) and 0 exception(s):
2021-08-23 13:57:55,334 [63f50bcb-c19d-440a-9268-3e58db776ca2@group-098E0C4D619C-LeaderElection8] INFO  impl.LeaderElection (LeaderElection.java:logAndReturn(93)) -   Response 0: 63f50bcb-c19d-440a-9268-3e58db776ca2<-d10c596a-eed6-4646-883b-fed8c4bff5b3#0:OK-t2
2021-08-23 13:57:55,334 [63f50bcb-c19d-440a-9268-3e58db776ca2@group-098E0C4D619C-LeaderElection8] INFO  impl.LeaderElection (LeaderElection.java:logAndReturn(93)) -   Response 1: 63f50bcb-c19d-440a-9268-3e58db776ca2<-69717ffb-fc74-4ecd-b9ae-1b12a8ad2a81#0:FAIL-t2
2021-08-23 13:57:55,335 [63f50bcb-c19d-440a-9268-3e58db776ca2@group-098E0C4D619C-LeaderElection8] INFO  impl.LeaderElection (LeaderElection.java:askForVotes(308)) - 63f50bcb-c19d-440a-9268-3e58db776ca2@group-098E0C4D619C-LeaderElection8 ELECTION round 0: result REJECTED
2021-08-23 13:57:55,335 [63f50bcb-c19d-440a-9268-3e58db776ca2@group-098E0C4D619C-LeaderElection8] INFO  server.RaftServer$Division (RaftServerImpl.java:setRole(285)) - 63f50bcb-c19d-440a-9268-3e58db776ca2@group-098E0C4D619C: changes role from CANDIDATE to FOLLOWER at term 2 for REJECTED
2021-08-23 13:57:55,335 [63f50bcb-c19d-440a-9268-3e58db776ca2@group-098E0C4D619C-LeaderElection8] INFO  impl.RoleInfo (RoleInfo.java:shutdownLeaderElection(121)) - 63f50bcb-c19d-440a-9268-3e58db776ca2: shutdown 63f50bcb-c19d-440a-9268-3e58db776ca2@group-098E0C4D619C-LeaderElection8
2021-08-23 13:57:55,335 [63f50bcb-c19d-440a-9268-3e58db776ca2@group-098E0C4D619C-LeaderElection8] INFO  impl.RoleInfo (RoleInfo.java:updateAndGet(130)) - 63f50bcb-c19d-440a-9268-3e58db776ca2: start 63f50bcb-c19d-440a-9268-3e58db776ca2@group-098E0C4D619C-FollowerState
2021-08-23 13:57:55,614 [Listener at 127.0.0.1/37189] INFO  ozone.MiniOzoneClusterImpl (MiniOzoneClusterImpl.java:lambda$waitForClusterToBeReady$0(235)) - Nodes are ready. Got 3 of 3 DN Heartbeats.
2021-08-23 13:57:55,614 [Listener at 127.0.0.1/37189] INFO  ozone.MiniOzoneClusterImpl (MiniOzoneClusterImpl.java:lambda$waitForClusterToBeReady$0(238)) - Waiting for cluster to exit safe mode
2021-08-23 13:57:55,614 [Listener at 127.0.0.1/37189] INFO  ozone.MiniOzoneClusterImpl (MiniOzoneClusterImpl.java:lambda$waitForClusterToBeReady$0(240)) - SCM became leader
2021-08-23 13:57:56,615 [Listener at 127.0.0.1/37189] INFO  ozone.MiniOzoneClusterImpl (MiniOzoneClusterImpl.java:lambda$waitForClusterToBeReady$0(235)) - Nodes are ready. Got 3 of 3 DN Heartbeats.
2021-08-23 13:57:56,615 [Listener at 127.0.0.1/37189] INFO  ozone.MiniOzoneClusterImpl (MiniOzoneClusterImpl.java:lambda$waitForClusterToBeReady$0(238)) - Waiting for cluster to exit safe mode
2021-08-23 13:57:56,615 [Listener at 127.0.0.1/37189] INFO  ozone.MiniOzoneClusterImpl (MiniOzoneClusterImpl.java:lambda$waitForClusterToBeReady$0(240)) - SCM became leader
2021-08-23 13:57:57,615 [Listener at 127.0.0.1/37189] INFO  ozone.MiniOzoneClusterImpl (MiniOzoneClusterImpl.java:lambda$waitForClusterToBeReady$0(235)) - Nodes are ready. Got 3 of 3 DN Heartbeats.
2021-08-23 13:57:57,615 [Listener at 127.0.0.1/37189] INFO  ozone.MiniOzoneClusterImpl (MiniOzoneClusterImpl.java:lambda$waitForClusterToBeReady$0(238)) - Waiting for cluster to exit safe mode
2021-08-23 13:57:57,615 [Listener at 127.0.0.1/37189] INFO  ozone.MiniOzoneClusterImpl (MiniOzoneClusterImpl.java:lambda$waitForClusterToBeReady$0(240)) - SCM became leader
2021-08-23 13:57:58,616 [Listener at 127.0.0.1/37189] INFO  ozone.MiniOzoneClusterImpl (MiniOzoneClusterImpl.java:lambda$waitForClusterToBeReady$0(235)) - Nodes are ready. Got 3 of 3 DN Heartbeats.
2021-08-23 13:57:58,616 [Listener at 127.0.0.1/37189] INFO  ozone.MiniOzoneClusterImpl (MiniOzoneClusterImpl.java:lambda$waitForClusterToBeReady$0(238)) - Waiting for cluster to exit safe mode
2021-08-23 13:57:58,616 [Listener at 127.0.0.1/37189] INFO  ozone.MiniOzoneClusterImpl (MiniOzoneClusterImpl.java:lambda$waitForClusterToBeReady$0(240)) - SCM became leader
2021-08-23 13:57:59,616 [Listener at 127.0.0.1/37189] INFO  ozone.MiniOzoneClusterImpl (MiniOzoneClusterImpl.java:lambda$waitForClusterToBeReady$0(235)) - Nodes are ready. Got 3 of 3 DN Heartbeats.
2021-08-23 13:57:59,616 [Listener at 127.0.0.1/37189] INFO  ozone.MiniOzoneClusterImpl (MiniOzoneClusterImpl.java:lambda$waitForClusterToBeReady$0(238)) - Waiting for cluster to exit safe mode
2021-08-23 13:57:59,616 [Listener at 127.0.0.1/37189] INFO  ozone.MiniOzoneClusterImpl (MiniOzoneClusterImpl.java:lambda$waitForClusterToBeReady$0(240)) - SCM became leader
2021-08-23 13:58:00,347 [63f50bcb-c19d-440a-9268-3e58db776ca2@group-098E0C4D619C-FollowerState] INFO  impl.FollowerState (FollowerState.java:run(134)) - 63f50bcb-c19d-440a-9268-3e58db776ca2@group-098E0C4D619C-FollowerState: change to CANDIDATE, lastRpcElapsedTime:5011968734ns, electionTimeout:5006ms
2021-08-23 13:58:00,347 [63f50bcb-c19d-440a-9268-3e58db776ca2@group-098E0C4D619C-FollowerState] INFO  impl.RoleInfo (RoleInfo.java:shutdownFollowerState(108)) - 63f50bcb-c19d-440a-9268-3e58db776ca2: shutdown 63f50bcb-c19d-440a-9268-3e58db776ca2@group-098E0C4D619C-FollowerState
2021-08-23 13:58:00,347 [63f50bcb-c19d-440a-9268-3e58db776ca2@group-098E0C4D619C-FollowerState] INFO  server.RaftServer$Division (RaftServerImpl.java:setRole(285)) - 63f50bcb-c19d-440a-9268-3e58db776ca2@group-098E0C4D619C: changes role from  FOLLOWER to CANDIDATE at term 2 for changeToCandidate
2021-08-23 13:58:00,348 [63f50bcb-c19d-440a-9268-3e58db776ca2@group-098E0C4D619C-FollowerState] INFO  server.RaftServerConfigKeys (ConfUtils.java:logGet(44)) - raft.server.leaderelection.pre-vote = false (custom)
2021-08-23 13:58:00,348 [63f50bcb-c19d-440a-9268-3e58db776ca2@group-098E0C4D619C-FollowerState] INFO  impl.RoleInfo (RoleInfo.java:updateAndGet(130)) - 63f50bcb-c19d-440a-9268-3e58db776ca2: start 63f50bcb-c19d-440a-9268-3e58db776ca2@group-098E0C4D619C-LeaderElection9
2021-08-23 13:58:00,358 [63f50bcb-c19d-440a-9268-3e58db776ca2@group-098E0C4D619C-LeaderElection9] INFO  impl.LeaderElection (LeaderElection.java:askForVotes(306)) - 63f50bcb-c19d-440a-9268-3e58db776ca2@group-098E0C4D619C-LeaderElection9 ELECTION round 0: submit vote requests at term 3 for -1: [63f50bcb-c19d-440a-9268-3e58db776ca2|rpc:10.1.0.21:45411|priority:0, d10c596a-eed6-4646-883b-fed8c4bff5b3|rpc:10.1.0.21:35343|priority:0, 69717ffb-fc74-4ecd-b9ae-1b12a8ad2a81|rpc:10.1.0.21:43551|priority:1], old=null
2021-08-23 13:58:00,367 [grpc-default-executor-2] INFO  server.RaftServer$Division (RaftServerImpl.java:requestVote(1043)) - d10c596a-eed6-4646-883b-fed8c4bff5b3@group-098E0C4D619C: receive requestVote(ELECTION, 63f50bcb-c19d-440a-9268-3e58db776ca2, group-098E0C4D619C, 3, (t:0, i:0))
2021-08-23 13:58:00,367 [grpc-default-executor-2] INFO  impl.VoteContext (VoteContext.java:log(48)) - d10c596a-eed6-4646-883b-fed8c4bff5b3@group-098E0C4D619C-FOLLOWER: accept ELECTION from 63f50bcb-c19d-440a-9268-3e58db776ca2: our priority 0 <= candidate's priority 0
2021-08-23 13:58:00,367 [grpc-default-executor-2] INFO  server.RaftServer$Division (RaftServerImpl.java:setRole(285)) - d10c596a-eed6-4646-883b-fed8c4bff5b3@group-098E0C4D619C: changes role from  FOLLOWER to FOLLOWER at term 3 for candidate:63f50bcb-c19d-440a-9268-3e58db776ca2
2021-08-23 13:58:00,367 [grpc-default-executor-2] INFO  impl.RoleInfo (RoleInfo.java:shutdownFollowerState(108)) - d10c596a-eed6-4646-883b-fed8c4bff5b3: shutdown d10c596a-eed6-4646-883b-fed8c4bff5b3@group-098E0C4D619C-FollowerState
2021-08-23 13:58:00,367 [grpc-default-executor-2] INFO  impl.RoleInfo (RoleInfo.java:updateAndGet(130)) - d10c596a-eed6-4646-883b-fed8c4bff5b3: start d10c596a-eed6-4646-883b-fed8c4bff5b3@group-098E0C4D619C-FollowerState
2021-08-23 13:58:00,367 [d10c596a-eed6-4646-883b-fed8c4bff5b3@group-098E0C4D619C-FollowerState] INFO  impl.FollowerState (FollowerState.java:run(143)) - d10c596a-eed6-4646-883b-fed8c4bff5b3@group-098E0C4D619C-FollowerState was interrupted: {}
java.lang.InterruptedException: sleep interrupted
	at java.lang.Thread.sleep(Native Method)
	at java.lang.Thread.sleep(Thread.java:340)
	at java.util.concurrent.TimeUnit.sleep(TimeUnit.java:386)
	at org.apache.ratis.util.TimeDuration.sleep(TimeDuration.java:324)
	at org.apache.ratis.util.TimeDuration.sleep(TimeDuration.java:309)
	at org.apache.ratis.server.impl.FollowerState.run(FollowerState.java:118)
2021-08-23 13:58:00,371 [grpc-default-executor-2] INFO  server.RaftServer$Division (RaftServerImpl.java:requestVote(1075)) - d10c596a-eed6-4646-883b-fed8c4bff5b3@group-098E0C4D619C replies to ELECTION vote request: 63f50bcb-c19d-440a-9268-3e58db776ca2<-d10c596a-eed6-4646-883b-fed8c4bff5b3#0:OK-t3. Peer's state: d10c596a-eed6-4646-883b-fed8c4bff5b3@group-098E0C4D619C:t3, leader=null, voted=63f50bcb-c19d-440a-9268-3e58db776ca2, raftlog=d10c596a-eed6-4646-883b-fed8c4bff5b3@group-098E0C4D619C-SegmentedRaftLog:OPENED:c-1,f-1,i0, conf=-1: [63f50bcb-c19d-440a-9268-3e58db776ca2|rpc:10.1.0.21:45411|priority:0, d10c596a-eed6-4646-883b-fed8c4bff5b3|rpc:10.1.0.21:35343|priority:0, 69717ffb-fc74-4ecd-b9ae-1b12a8ad2a81|rpc:10.1.0.21:43551|priority:1], old=null
2021-08-23 13:58:00,378 [grpc-default-executor-2] INFO  server.RaftServer$Division (RaftServerImpl.java:requestVote(1043)) - 69717ffb-fc74-4ecd-b9ae-1b12a8ad2a81@group-098E0C4D619C: receive requestVote(ELECTION, 63f50bcb-c19d-440a-9268-3e58db776ca2, group-098E0C4D619C, 3, (t:0, i:0))
2021-08-23 13:58:00,379 [grpc-default-executor-2] INFO  impl.VoteContext (VoteContext.java:log(48)) - 69717ffb-fc74-4ecd-b9ae-1b12a8ad2a81@group-098E0C4D619C-FOLLOWER: reject ELECTION from 63f50bcb-c19d-440a-9268-3e58db776ca2: our priority 1 > candidate's priority 0
2021-08-23 13:58:00,379 [grpc-default-executor-2] INFO  server.RaftServer$Division (RaftServerImpl.java:setRole(285)) - 69717ffb-fc74-4ecd-b9ae-1b12a8ad2a81@group-098E0C4D619C: changes role from  FOLLOWER to FOLLOWER at term 3 for candidate:63f50bcb-c19d-440a-9268-3e58db776ca2
2021-08-23 13:58:00,379 [grpc-default-executor-2] INFO  impl.RoleInfo (RoleInfo.java:shutdownFollowerState(108)) - 69717ffb-fc74-4ecd-b9ae-1b12a8ad2a81: shutdown 69717ffb-fc74-4ecd-b9ae-1b12a8ad2a81@group-098E0C4D619C-FollowerState
2021-08-23 13:58:00,379 [grpc-default-executor-2] INFO  impl.RoleInfo (RoleInfo.java:updateAndGet(130)) - 69717ffb-fc74-4ecd-b9ae-1b12a8ad2a81: start 69717ffb-fc74-4ecd-b9ae-1b12a8ad2a81@group-098E0C4D619C-FollowerState
2021-08-23 13:58:00,379 [69717ffb-fc74-4ecd-b9ae-1b12a8ad2a81@group-098E0C4D619C-FollowerState] INFO  impl.FollowerState (FollowerState.java:run(143)) - 69717ffb-fc74-4ecd-b9ae-1b12a8ad2a81@group-098E0C4D619C-FollowerState was interrupted: {}
java.lang.InterruptedException: sleep interrupted
	at java.lang.Thread.sleep(Native Method)
	at java.lang.Thread.sleep(Thread.java:340)
	at java.util.concurrent.TimeUnit.sleep(TimeUnit.java:386)
	at org.apache.ratis.util.TimeDuration.sleep(TimeDuration.java:324)
	at org.apache.ratis.util.TimeDuration.sleep(TimeDuration.java:309)
	at org.apache.ratis.server.impl.FollowerState.run(FollowerState.java:118)
2021-08-23 13:58:00,381 [grpc-default-executor-2] INFO  server.RaftServer$Division (RaftServerImpl.java:requestVote(1075)) - 69717ffb-fc74-4ecd-b9ae-1b12a8ad2a81@group-098E0C4D619C replies to ELECTION vote request: 63f50bcb-c19d-440a-9268-3e58db776ca2<-69717ffb-fc74-4ecd-b9ae-1b12a8ad2a81#0:FAIL-t3. Peer's state: 69717ffb-fc74-4ecd-b9ae-1b12a8ad2a81@group-098E0C4D619C:t3, leader=null, voted=null, raftlog=69717ffb-fc74-4ecd-b9ae-1b12a8ad2a81@group-098E0C4D619C-SegmentedRaftLog:OPENED:c-1,f-1,i0, conf=-1: [63f50bcb-c19d-440a-9268-3e58db776ca2|rpc:10.1.0.21:45411|priority:0, d10c596a-eed6-4646-883b-fed8c4bff5b3|rpc:10.1.0.21:35343|priority:0, 69717ffb-fc74-4ecd-b9ae-1b12a8ad2a81|rpc:10.1.0.21:43551|priority:1], old=null
2021-08-23 13:58:00,382 [63f50bcb-c19d-440a-9268-3e58db776ca2@group-098E0C4D619C-LeaderElection9] INFO  impl.LeaderElection (LeaderElection.java:logAndReturn(89)) - 63f50bcb-c19d-440a-9268-3e58db776ca2@group-098E0C4D619C-LeaderElection9: ELECTION REJECTED received 2 response(s) and 0 exception(s):
2021-08-23 13:58:00,382 [63f50bcb-c19d-440a-9268-3e58db776ca2@group-098E0C4D619C-LeaderElection9] INFO  impl.LeaderElection (LeaderElection.java:logAndReturn(93)) -   Response 0: 63f50bcb-c19d-440a-9268-3e58db776ca2<-d10c596a-eed6-4646-883b-fed8c4bff5b3#0:OK-t3
2021-08-23 13:58:00,382 [63f50bcb-c19d-440a-9268-3e58db776ca2@group-098E0C4D619C-LeaderElection9] INFO  impl.LeaderElection (LeaderElection.java:logAndReturn(93)) -   Response 1: 63f50bcb-c19d-440a-9268-3e58db776ca2<-69717ffb-fc74-4ecd-b9ae-1b12a8ad2a81#0:FAIL-t3
2021-08-23 13:58:00,382 [63f50bcb-c19d-440a-9268-3e58db776ca2@group-098E0C4D619C-LeaderElection9] INFO  impl.LeaderElection (LeaderElection.java:askForVotes(308)) - 63f50bcb-c19d-440a-9268-3e58db776ca2@group-098E0C4D619C-LeaderElection9 ELECTION round 0: result REJECTED
2021-08-23 13:58:00,382 [63f50bcb-c19d-440a-9268-3e58db776ca2@group-098E0C4D619C-LeaderElection9] INFO  server.RaftServer$Division (RaftServerImpl.java:setRole(285)) - 63f50bcb-c19d-440a-9268-3e58db776ca2@group-098E0C4D619C: changes role from CANDIDATE to FOLLOWER at term 3 for REJECTED
2021-08-23 13:58:00,382 [63f50bcb-c19d-440a-9268-3e58db776ca2@group-098E0C4D619C-LeaderElection9] INFO  impl.RoleInfo (RoleInfo.java:shutdownLeaderElection(121)) - 63f50bcb-c19d-440a-9268-3e58db776ca2: shutdown 63f50bcb-c19d-440a-9268-3e58db776ca2@group-098E0C4D619C-LeaderElection9
2021-08-23 13:58:00,382 [63f50bcb-c19d-440a-9268-3e58db776ca2@group-098E0C4D619C-LeaderElection9] INFO  impl.RoleInfo (RoleInfo.java:updateAndGet(130)) - 63f50bcb-c19d-440a-9268-3e58db776ca2: start 63f50bcb-c19d-440a-9268-3e58db776ca2@group-098E0C4D619C-FollowerState
2021-08-23 13:58:00,617 [Listener at 127.0.0.1/37189] INFO  ozone.MiniOzoneClusterImpl (MiniOzoneClusterImpl.java:lambda$waitForClusterToBeReady$0(235)) - Nodes are ready. Got 3 of 3 DN Heartbeats.
2021-08-23 13:58:00,617 [Listener at 127.0.0.1/37189] INFO  ozone.MiniOzoneClusterImpl (MiniOzoneClusterImpl.java:lambda$waitForClusterToBeReady$0(238)) - Waiting for cluster to exit safe mode
2021-08-23 13:58:00,617 [Listener at 127.0.0.1/37189] INFO  ozone.MiniOzoneClusterImpl (MiniOzoneClusterImpl.java:lambda$waitForClusterToBeReady$0(240)) - SCM became leader
2021-08-23 13:58:01,618 [Listener at 127.0.0.1/37189] INFO  ozone.MiniOzoneClusterImpl (MiniOzoneClusterImpl.java:lambda$waitForClusterToBeReady$0(235)) - Nodes are ready. Got 3 of 3 DN Heartbeats.
2021-08-23 13:58:01,618 [Listener at 127.0.0.1/37189] INFO  ozone.MiniOzoneClusterImpl (MiniOzoneClusterImpl.java:lambda$waitForClusterToBeReady$0(238)) - Waiting for cluster to exit safe mode
2021-08-23 13:58:01,618 [Listener at 127.0.0.1/37189] INFO  ozone.MiniOzoneClusterImpl (MiniOzoneClusterImpl.java:lambda$waitForClusterToBeReady$0(240)) - SCM became leader
2021-08-23 13:58:02,618 [Listener at 127.0.0.1/37189] INFO  ozone.MiniOzoneClusterImpl (MiniOzoneClusterImpl.java:lambda$waitForClusterToBeReady$0(235)) - Nodes are ready. Got 3 of 3 DN Heartbeats.
2021-08-23 13:58:02,618 [Listener at 127.0.0.1/37189] INFO  ozone.MiniOzoneClusterImpl (MiniOzoneClusterImpl.java:lambda$waitForClusterToBeReady$0(238)) - Waiting for cluster to exit safe mode
2021-08-23 13:58:02,618 [Listener at 127.0.0.1/37189] INFO  ozone.MiniOzoneClusterImpl (MiniOzoneClusterImpl.java:lambda$waitForClusterToBeReady$0(240)) - SCM became leader
2021-08-23 13:58:03,618 [Listener at 127.0.0.1/37189] INFO  ozone.MiniOzoneClusterImpl (MiniOzoneClusterImpl.java:lambda$waitForClusterToBeReady$0(235)) - Nodes are ready. Got 3 of 3 DN Heartbeats.
2021-08-23 13:58:03,619 [Listener at 127.0.0.1/37189] INFO  ozone.MiniOzoneClusterImpl (MiniOzoneClusterImpl.java:lambda$waitForClusterToBeReady$0(238)) - Waiting for cluster to exit safe mode
2021-08-23 13:58:03,619 [Listener at 127.0.0.1/37189] INFO  ozone.MiniOzoneClusterImpl (MiniOzoneClusterImpl.java:lambda$waitForClusterToBeReady$0(240)) - SCM became leader
2021-08-23 13:58:04,619 [Listener at 127.0.0.1/37189] INFO  ozone.MiniOzoneClusterImpl (MiniOzoneClusterImpl.java:lambda$waitForClusterToBeReady$0(235)) - Nodes are ready. Got 3 of 3 DN Heartbeats.
2021-08-23 13:58:04,619 [Listener at 127.0.0.1/37189] INFO  ozone.MiniOzoneClusterImpl (MiniOzoneClusterImpl.java:lambda$waitForClusterToBeReady$0(238)) - Waiting for cluster to exit safe mode
2021-08-23 13:58:04,619 [Listener at 127.0.0.1/37189] INFO  ozone.MiniOzoneClusterImpl (MiniOzoneClusterImpl.java:lambda$waitForClusterToBeReady$0(240)) - SCM became leader
2021-08-23 13:58:05,509 [d10c596a-eed6-4646-883b-fed8c4bff5b3@group-098E0C4D619C-FollowerState] INFO  impl.FollowerState (FollowerState.java:run(134)) - d10c596a-eed6-4646-883b-fed8c4bff5b3@group-098E0C4D619C-FollowerState: change to CANDIDATE, lastRpcElapsedTime:5138690759ns, electionTimeout:5137ms
2021-08-23 13:58:05,510 [d10c596a-eed6-4646-883b-fed8c4bff5b3@group-098E0C4D619C-FollowerState] INFO  impl.RoleInfo (RoleInfo.java:shutdownFollowerState(108)) - d10c596a-eed6-4646-883b-fed8c4bff5b3: shutdown d10c596a-eed6-4646-883b-fed8c4bff5b3@group-098E0C4D619C-FollowerState
2021-08-23 13:58:05,510 [d10c596a-eed6-4646-883b-fed8c4bff5b3@group-098E0C4D619C-FollowerState] INFO  server.RaftServer$Division (RaftServerImpl.java:setRole(285)) - d10c596a-eed6-4646-883b-fed8c4bff5b3@group-098E0C4D619C: changes role from  FOLLOWER to CANDIDATE at term 3 for changeToCandidate
2021-08-23 13:58:05,510 [d10c596a-eed6-4646-883b-fed8c4bff5b3@group-098E0C4D619C-FollowerState] INFO  server.RaftServerConfigKeys (ConfUtils.java:logGet(44)) - raft.server.leaderelection.pre-vote = false (custom)
2021-08-23 13:58:05,510 [d10c596a-eed6-4646-883b-fed8c4bff5b3@group-098E0C4D619C-FollowerState] INFO  impl.RoleInfo (RoleInfo.java:updateAndGet(130)) - d10c596a-eed6-4646-883b-fed8c4bff5b3: start d10c596a-eed6-4646-883b-fed8c4bff5b3@group-098E0C4D619C-LeaderElection10
2021-08-23 13:58:05,518 [d10c596a-eed6-4646-883b-fed8c4bff5b3@group-098E0C4D619C-LeaderElection10] INFO  impl.LeaderElection (LeaderElection.java:askForVotes(306)) - d10c596a-eed6-4646-883b-fed8c4bff5b3@group-098E0C4D619C-LeaderElection10 ELECTION round 0: submit vote requests at term 4 for -1: [63f50bcb-c19d-440a-9268-3e58db776ca2|rpc:10.1.0.21:45411|priority:0, d10c596a-eed6-4646-883b-fed8c4bff5b3|rpc:10.1.0.21:35343|priority:0, 69717ffb-fc74-4ecd-b9ae-1b12a8ad2a81|rpc:10.1.0.21:43551|priority:1], old=null
2021-08-23 13:58:05,523 [69717ffb-fc74-4ecd-b9ae-1b12a8ad2a81@group-098E0C4D619C-FollowerState] INFO  impl.FollowerState (FollowerState.java:run(134)) - 69717ffb-fc74-4ecd-b9ae-1b12a8ad2a81@group-098E0C4D619C-FollowerState: change to CANDIDATE, lastRpcElapsedTime:5144084163ns, electionTimeout:5138ms
2021-08-23 13:58:05,523 [69717ffb-fc74-4ecd-b9ae-1b12a8ad2a81@group-098E0C4D619C-FollowerState] INFO  impl.RoleInfo (RoleInfo.java:shutdownFollowerState(108)) - 69717ffb-fc74-4ecd-b9ae-1b12a8ad2a81: shutdown 69717ffb-fc74-4ecd-b9ae-1b12a8ad2a81@group-098E0C4D619C-FollowerState
2021-08-23 13:58:05,523 [69717ffb-fc74-4ecd-b9ae-1b12a8ad2a81@group-098E0C4D619C-FollowerState] INFO  server.RaftServer$Division (RaftServerImpl.java:setRole(285)) - 69717ffb-fc74-4ecd-b9ae-1b12a8ad2a81@group-098E0C4D619C: changes role from  FOLLOWER to CANDIDATE at term 3 for changeToCandidate
2021-08-23 13:58:05,523 [69717ffb-fc74-4ecd-b9ae-1b12a8ad2a81@group-098E0C4D619C-FollowerState] INFO  server.RaftServerConfigKeys (ConfUtils.java:logGet(44)) - raft.server.leaderelection.pre-vote = false (custom)
2021-08-23 13:58:05,523 [69717ffb-fc74-4ecd-b9ae-1b12a8ad2a81@group-098E0C4D619C-FollowerState] INFO  impl.RoleInfo (RoleInfo.java:updateAndGet(130)) - 69717ffb-fc74-4ecd-b9ae-1b12a8ad2a81: start 69717ffb-fc74-4ecd-b9ae-1b12a8ad2a81@group-098E0C4D619C-LeaderElection11
2021-08-23 13:58:05,534 [grpc-default-executor-2] INFO  server.RaftServer$Division (RaftServerImpl.java:requestVote(1043)) - 63f50bcb-c19d-440a-9268-3e58db776ca2@group-098E0C4D619C: receive requestVote(ELECTION, d10c596a-eed6-4646-883b-fed8c4bff5b3, group-098E0C4D619C, 4, (t:0, i:0))
2021-08-23 13:58:05,534 [grpc-default-executor-2] INFO  impl.VoteContext (VoteContext.java:log(48)) - 63f50bcb-c19d-440a-9268-3e58db776ca2@group-098E0C4D619C-FOLLOWER: accept ELECTION from d10c596a-eed6-4646-883b-fed8c4bff5b3: our priority 0 <= candidate's priority 0
2021-08-23 13:58:05,534 [grpc-default-executor-2] INFO  server.RaftServer$Division (RaftServerImpl.java:setRole(285)) - 63f50bcb-c19d-440a-9268-3e58db776ca2@group-098E0C4D619C: changes role from  FOLLOWER to FOLLOWER at term 4 for candidate:d10c596a-eed6-4646-883b-fed8c4bff5b3
2021-08-23 13:58:05,534 [grpc-default-executor-2] INFO  impl.RoleInfo (RoleInfo.java:shutdownFollowerState(108)) - 63f50bcb-c19d-440a-9268-3e58db776ca2: shutdown 63f50bcb-c19d-440a-9268-3e58db776ca2@group-098E0C4D619C-FollowerState
2021-08-23 13:58:05,535 [grpc-default-executor-2] INFO  impl.RoleInfo (RoleInfo.java:updateAndGet(130)) - 63f50bcb-c19d-440a-9268-3e58db776ca2: start 63f50bcb-c19d-440a-9268-3e58db776ca2@group-098E0C4D619C-FollowerState
2021-08-23 13:58:05,535 [63f50bcb-c19d-440a-9268-3e58db776ca2@group-098E0C4D619C-FollowerState] INFO  impl.FollowerState (FollowerState.java:run(143)) - 63f50bcb-c19d-440a-9268-3e58db776ca2@group-098E0C4D619C-FollowerState was interrupted: {}
java.lang.InterruptedException: sleep interrupted
	at java.lang.Thread.sleep(Native Method)
	at java.lang.Thread.sleep(Thread.java:340)
	at java.util.concurrent.TimeUnit.sleep(TimeUnit.java:386)
	at org.apache.ratis.util.TimeDuration.sleep(TimeDuration.java:324)
	at org.apache.ratis.util.TimeDuration.sleep(TimeDuration.java:309)
	at org.apache.ratis.server.impl.FollowerState.run(FollowerState.java:118)
2021-08-23 13:58:05,537 [69717ffb-fc74-4ecd-b9ae-1b12a8ad2a81@group-098E0C4D619C-LeaderElection11] INFO  impl.LeaderElection (LeaderElection.java:askForVotes(306)) - 69717ffb-fc74-4ecd-b9ae-1b12a8ad2a81@group-098E0C4D619C-LeaderElection11 ELECTION round 0: submit vote requests at term 4 for -1: [63f50bcb-c19d-440a-9268-3e58db776ca2|rpc:10.1.0.21:45411|priority:0, d10c596a-eed6-4646-883b-fed8c4bff5b3|rpc:10.1.0.21:35343|priority:0, 69717ffb-fc74-4ecd-b9ae-1b12a8ad2a81|rpc:10.1.0.21:43551|priority:1], old=null
2021-08-23 13:58:05,538 [grpc-default-executor-2] INFO  server.RaftServer$Division (RaftServerImpl.java:requestVote(1075)) - 63f50bcb-c19d-440a-9268-3e58db776ca2@group-098E0C4D619C replies to ELECTION vote request: d10c596a-eed6-4646-883b-fed8c4bff5b3<-63f50bcb-c19d-440a-9268-3e58db776ca2#0:OK-t4. Peer's state: 63f50bcb-c19d-440a-9268-3e58db776ca2@group-098E0C4D619C:t4, leader=null, voted=d10c596a-eed6-4646-883b-fed8c4bff5b3, raftlog=63f50bcb-c19d-440a-9268-3e58db776ca2@group-098E0C4D619C-SegmentedRaftLog:OPENED:c-1,f-1,i0, conf=-1: [63f50bcb-c19d-440a-9268-3e58db776ca2|rpc:10.1.0.21:45411|priority:0, d10c596a-eed6-4646-883b-fed8c4bff5b3|rpc:10.1.0.21:35343|priority:0, 69717ffb-fc74-4ecd-b9ae-1b12a8ad2a81|rpc:10.1.0.21:43551|priority:1], old=null
2021-08-23 13:58:05,558 [grpc-default-executor-2] INFO  server.RaftServer$Division (RaftServerImpl.java:requestVote(1043)) - 69717ffb-fc74-4ecd-b9ae-1b12a8ad2a81@group-098E0C4D619C: receive requestVote(ELECTION, d10c596a-eed6-4646-883b-fed8c4bff5b3, group-098E0C4D619C, 4, (t:0, i:0))
2021-08-23 13:58:05,558 [grpc-default-executor-2] INFO  impl.VoteContext (VoteContext.java:log(48)) - 69717ffb-fc74-4ecd-b9ae-1b12a8ad2a81@group-098E0C4D619C-CANDIDATE: reject ELECTION from d10c596a-eed6-4646-883b-fed8c4bff5b3: already has voted for 69717ffb-fc74-4ecd-b9ae-1b12a8ad2a81 at current term 4
2021-08-23 13:58:05,558 [grpc-default-executor-2] INFO  server.RaftServer$Division (RaftServerImpl.java:requestVote(1075)) - 69717ffb-fc74-4ecd-b9ae-1b12a8ad2a81@group-098E0C4D619C replies to ELECTION vote request: d10c596a-eed6-4646-883b-fed8c4bff5b3<-69717ffb-fc74-4ecd-b9ae-1b12a8ad2a81#0:FAIL-t4. Peer's state: 69717ffb-fc74-4ecd-b9ae-1b12a8ad2a81@group-098E0C4D619C:t4, leader=null, voted=69717ffb-fc74-4ecd-b9ae-1b12a8ad2a81, raftlog=69717ffb-fc74-4ecd-b9ae-1b12a8ad2a81@group-098E0C4D619C-SegmentedRaftLog:OPENED:c-1,f-1,i0, conf=-1: [63f50bcb-c19d-440a-9268-3e58db776ca2|rpc:10.1.0.21:45411|priority:0, d10c596a-eed6-4646-883b-fed8c4bff5b3|rpc:10.1.0.21:35343|priority:0, 69717ffb-fc74-4ecd-b9ae-1b12a8ad2a81|rpc:10.1.0.21:43551|priority:1], old=null
2021-08-23 13:58:05,562 [d10c596a-eed6-4646-883b-fed8c4bff5b3@group-098E0C4D619C-LeaderElection10] INFO  impl.LeaderElection (LeaderElection.java:logAndReturn(89)) - d10c596a-eed6-4646-883b-fed8c4bff5b3@group-098E0C4D619C-LeaderElection10: ELECTION REJECTED received 2 response(s) and 0 exception(s):
2021-08-23 13:58:05,562 [d10c596a-eed6-4646-883b-fed8c4bff5b3@group-098E0C4D619C-LeaderElection10] INFO  impl.LeaderElection (LeaderElection.java:logAndReturn(93)) -   Response 0: d10c596a-eed6-4646-883b-fed8c4bff5b3<-63f50bcb-c19d-440a-9268-3e58db776ca2#0:OK-t4
2021-08-23 13:58:05,562 [d10c596a-eed6-4646-883b-fed8c4bff5b3@group-098E0C4D619C-LeaderElection10] INFO  impl.LeaderElection (LeaderElection.java:logAndReturn(93)) -   Response 1: d10c596a-eed6-4646-883b-fed8c4bff5b3<-69717ffb-fc74-4ecd-b9ae-1b12a8ad2a81#0:FAIL-t4
2021-08-23 13:58:05,562 [d10c596a-eed6-4646-883b-fed8c4bff5b3@group-098E0C4D619C-LeaderElection10] INFO  impl.LeaderElection (LeaderElection.java:askForVotes(308)) - d10c596a-eed6-4646-883b-fed8c4bff5b3@group-098E0C4D619C-LeaderElection10 ELECTION round 0: result REJECTED
2021-08-23 13:58:05,562 [d10c596a-eed6-4646-883b-fed8c4bff5b3@group-098E0C4D619C-LeaderElection10] INFO  server.RaftServer$Division (RaftServerImpl.java:setRole(285)) - d10c596a-eed6-4646-883b-fed8c4bff5b3@group-098E0C4D619C: changes role from CANDIDATE to FOLLOWER at term 4 for REJECTED
2021-08-23 13:58:05,562 [d10c596a-eed6-4646-883b-fed8c4bff5b3@group-098E0C4D619C-LeaderElection10] INFO  impl.RoleInfo (RoleInfo.java:shutdownLeaderElection(121)) - d10c596a-eed6-4646-883b-fed8c4bff5b3: shutdown d10c596a-eed6-4646-883b-fed8c4bff5b3@group-098E0C4D619C-LeaderElection10
2021-08-23 13:58:05,562 [d10c596a-eed6-4646-883b-fed8c4bff5b3@group-098E0C4D619C-LeaderElection10] INFO  impl.RoleInfo (RoleInfo.java:updateAndGet(130)) - d10c596a-eed6-4646-883b-fed8c4bff5b3: start d10c596a-eed6-4646-883b-fed8c4bff5b3@group-098E0C4D619C-FollowerState
2021-08-23 13:58:05,576 [grpc-default-executor-2] INFO  server.RaftServer$Division (RaftServerImpl.java:requestVote(1043)) - 63f50bcb-c19d-440a-9268-3e58db776ca2@group-098E0C4D619C: receive requestVote(ELECTION, 69717ffb-fc74-4ecd-b9ae-1b12a8ad2a81, group-098E0C4D619C, 4, (t:0, i:0))
2021-08-23 13:58:05,578 [grpc-default-executor-2] INFO  impl.VoteContext (VoteContext.java:log(48)) - 63f50bcb-c19d-440a-9268-3e58db776ca2@group-098E0C4D619C-FOLLOWER: reject ELECTION from 69717ffb-fc74-4ecd-b9ae-1b12a8ad2a81: already has voted for d10c596a-eed6-4646-883b-fed8c4bff5b3 at current term 4
2021-08-23 13:58:05,578 [grpc-default-executor-2] INFO  server.RaftServer$Division (RaftServerImpl.java:requestVote(1075)) - 63f50bcb-c19d-440a-9268-3e58db776ca2@group-098E0C4D619C replies to ELECTION vote request: 69717ffb-fc74-4ecd-b9ae-1b12a8ad2a81<-63f50bcb-c19d-440a-9268-3e58db776ca2#0:FAIL-t4. Peer's state: 63f50bcb-c19d-440a-9268-3e58db776ca2@group-098E0C4D619C:t4, leader=null, voted=d10c596a-eed6-4646-883b-fed8c4bff5b3, raftlog=63f50bcb-c19d-440a-9268-3e58db776ca2@group-098E0C4D619C-SegmentedRaftLog:OPENED:c-1,f-1,i0, conf=-1: [63f50bcb-c19d-440a-9268-3e58db776ca2|rpc:10.1.0.21:45411|priority:0, d10c596a-eed6-4646-883b-fed8c4bff5b3|rpc:10.1.0.21:35343|priority:0, 69717ffb-fc74-4ecd-b9ae-1b12a8ad2a81|rpc:10.1.0.21:43551|priority:1], old=null
2021-08-23 13:58:05,580 [grpc-default-executor-1] INFO  server.RaftServer$Division (RaftServerImpl.java:requestVote(1043)) - d10c596a-eed6-4646-883b-fed8c4bff5b3@group-098E0C4D619C: receive requestVote(ELECTION, 69717ffb-fc74-4ecd-b9ae-1b12a8ad2a81, group-098E0C4D619C, 4, (t:0, i:0))
2021-08-23 13:58:05,584 [grpc-default-executor-1] INFO  impl.VoteContext (VoteContext.java:log(48)) - d10c596a-eed6-4646-883b-fed8c4bff5b3@group-098E0C4D619C-FOLLOWER: reject ELECTION from 69717ffb-fc74-4ecd-b9ae-1b12a8ad2a81: already has voted for d10c596a-eed6-4646-883b-fed8c4bff5b3 at current term 4
2021-08-23 13:58:05,584 [grpc-default-executor-1] INFO  server.RaftServer$Division (RaftServerImpl.java:requestVote(1075)) - d10c596a-eed6-4646-883b-fed8c4bff5b3@group-098E0C4D619C replies to ELECTION vote request: 69717ffb-fc74-4ecd-b9ae-1b12a8ad2a81<-d10c596a-eed6-4646-883b-fed8c4bff5b3#0:FAIL-t4. Peer's state: d10c596a-eed6-4646-883b-fed8c4bff5b3@group-098E0C4D619C:t4, leader=null, voted=d10c596a-eed6-4646-883b-fed8c4bff5b3, raftlog=d10c596a-eed6-4646-883b-fed8c4bff5b3@group-098E0C4D619C-SegmentedRaftLog:OPENED:c-1,f-1,i0, conf=-1: [63f50bcb-c19d-440a-9268-3e58db776ca2|rpc:10.1.0.21:45411|priority:0, d10c596a-eed6-4646-883b-fed8c4bff5b3|rpc:10.1.0.21:35343|priority:0, 69717ffb-fc74-4ecd-b9ae-1b12a8ad2a81|rpc:10.1.0.21:43551|priority:1], old=null
2021-08-23 13:58:05,590 [69717ffb-fc74-4ecd-b9ae-1b12a8ad2a81@group-098E0C4D619C-LeaderElection11] INFO  impl.LeaderElection (LeaderElection.java:logAndReturn(89)) - 69717ffb-fc74-4ecd-b9ae-1b12a8ad2a81@group-098E0C4D619C-LeaderElection11: ELECTION REJECTED received 2 response(s) and 0 exception(s):
2021-08-23 13:58:05,592 [69717ffb-fc74-4ecd-b9ae-1b12a8ad2a81@group-098E0C4D619C-LeaderElection11] INFO  impl.LeaderElection (LeaderElection.java:logAndReturn(93)) -   Response 0: 69717ffb-fc74-4ecd-b9ae-1b12a8ad2a81<-63f50bcb-c19d-440a-9268-3e58db776ca2#0:FAIL-t4
2021-08-23 13:58:05,592 [69717ffb-fc74-4ecd-b9ae-1b12a8ad2a81@group-098E0C4D619C-LeaderElection11] INFO  impl.LeaderElection (LeaderElection.java:logAndReturn(93)) -   Response 1: 69717ffb-fc74-4ecd-b9ae-1b12a8ad2a81<-d10c596a-eed6-4646-883b-fed8c4bff5b3#0:FAIL-t4
2021-08-23 13:58:05,592 [69717ffb-fc74-4ecd-b9ae-1b12a8ad2a81@group-098E0C4D619C-LeaderElection11] INFO  impl.LeaderElection (LeaderElection.java:askForVotes(308)) - 69717ffb-fc74-4ecd-b9ae-1b12a8ad2a81@group-098E0C4D619C-LeaderElection11 ELECTION round 0: result REJECTED
2021-08-23 13:58:05,592 [69717ffb-fc74-4ecd-b9ae-1b12a8ad2a81@group-098E0C4D619C-LeaderElection11] INFO  server.RaftServer$Division (RaftServerImpl.java:setRole(285)) - 69717ffb-fc74-4ecd-b9ae-1b12a8ad2a81@group-098E0C4D619C: changes role from CANDIDATE to FOLLOWER at term 4 for REJECTED
2021-08-23 13:58:05,592 [69717ffb-fc74-4ecd-b9ae-1b12a8ad2a81@group-098E0C4D619C-LeaderElection11] INFO  impl.RoleInfo (RoleInfo.java:shutdownLeaderElection(121)) - 69717ffb-fc74-4ecd-b9ae-1b12a8ad2a81: shutdown 69717ffb-fc74-4ecd-b9ae-1b12a8ad2a81@group-098E0C4D619C-LeaderElection11
2021-08-23 13:58:05,592 [69717ffb-fc74-4ecd-b9ae-1b12a8ad2a81@group-098E0C4D619C-LeaderElection11] INFO  impl.RoleInfo (RoleInfo.java:updateAndGet(130)) - 69717ffb-fc74-4ecd-b9ae-1b12a8ad2a81: start 69717ffb-fc74-4ecd-b9ae-1b12a8ad2a81@group-098E0C4D619C-FollowerState
2021-08-23 13:58:05,619 [Listener at 127.0.0.1/37189] INFO  ozone.MiniOzoneClusterImpl (MiniOzoneClusterImpl.java:lambda$waitForClusterToBeReady$0(235)) - Nodes are ready. Got 3 of 3 DN Heartbeats.
2021-08-23 13:58:05,620 [Listener at 127.0.0.1/37189] INFO  ozone.MiniOzoneClusterImpl (MiniOzoneClusterImpl.java:lambda$waitForClusterToBeReady$0(238)) - Waiting for cluster to exit safe mode
2021-08-23 13:58:05,620 [Listener at 127.0.0.1/37189] INFO  ozone.MiniOzoneClusterImpl (MiniOzoneClusterImpl.java:lambda$waitForClusterToBeReady$0(240)) - SCM became leader
2021-08-23 13:58:06,621 [Listener at 127.0.0.1/37189] INFO  ozone.MiniOzoneClusterImpl (MiniOzoneClusterImpl.java:lambda$waitForClusterToBeReady$0(235)) - Nodes are ready. Got 3 of 3 DN Heartbeats.
2021-08-23 13:58:06,621 [Listener at 127.0.0.1/37189] INFO  ozone.MiniOzoneClusterImpl (MiniOzoneClusterImpl.java:lambda$waitForClusterToBeReady$0(238)) - Waiting for cluster to exit safe mode
2021-08-23 13:58:06,621 [Listener at 127.0.0.1/37189] INFO  ozone.MiniOzoneClusterImpl (MiniOzoneClusterImpl.java:lambda$waitForClusterToBeReady$0(240)) - SCM became leader
2021-08-23 13:58:07,621 [Listener at 127.0.0.1/37189] INFO  ozone.MiniOzoneClusterImpl (MiniOzoneClusterImpl.java:lambda$waitForClusterToBeReady$0(235)) - Nodes are ready. Got 3 of 3 DN Heartbeats.
2021-08-23 13:58:07,621 [Listener at 127.0.0.1/37189] INFO  ozone.MiniOzoneClusterImpl (MiniOzoneClusterImpl.java:lambda$waitForClusterToBeReady$0(238)) - Waiting for cluster to exit safe mode
2021-08-23 13:58:07,621 [Listener at 127.0.0.1/37189] INFO  ozone.MiniOzoneClusterImpl (MiniOzoneClusterImpl.java:lambda$waitForClusterToBeReady$0(240)) - SCM became leader
2021-08-23 13:58:08,622 [Listener at 127.0.0.1/37189] INFO  ozone.MiniOzoneClusterImpl (MiniOzoneClusterImpl.java:lambda$waitForClusterToBeReady$0(235)) - Nodes are ready. Got 3 of 3 DN Heartbeats.
2021-08-23 13:58:08,622 [Listener at 127.0.0.1/37189] INFO  ozone.MiniOzoneClusterImpl (MiniOzoneClusterImpl.java:lambda$waitForClusterToBeReady$0(238)) - Waiting for cluster to exit safe mode
2021-08-23 13:58:08,622 [Listener at 127.0.0.1/37189] INFO  ozone.MiniOzoneClusterImpl (MiniOzoneClusterImpl.java:lambda$waitForClusterToBeReady$0(240)) - SCM became leader
2021-08-23 13:58:09,622 [Listener at 127.0.0.1/37189] INFO  ozone.MiniOzoneClusterImpl (MiniOzoneClusterImpl.java:lambda$waitForClusterToBeReady$0(235)) - Nodes are ready. Got 3 of 3 DN Heartbeats.
2021-08-23 13:58:09,622 [Listener at 127.0.0.1/37189] INFO  ozone.MiniOzoneClusterImpl (MiniOzoneClusterImpl.java:lambda$waitForClusterToBeReady$0(238)) - Waiting for cluster to exit safe mode
2021-08-23 13:58:09,622 [Listener at 127.0.0.1/37189] INFO  ozone.MiniOzoneClusterImpl (MiniOzoneClusterImpl.java:lambda$waitForClusterToBeReady$0(240)) - SCM became leader
2021-08-23 13:58:10,623 [Listener at 127.0.0.1/37189] INFO  ozone.MiniOzoneClusterImpl (MiniOzoneClusterImpl.java:lambda$waitForClusterToBeReady$0(235)) - Nodes are ready. Got 3 of 3 DN Heartbeats.
2021-08-23 13:58:10,623 [Listener at 127.0.0.1/37189] INFO  ozone.MiniOzoneClusterImpl (MiniOzoneClusterImpl.java:lambda$waitForClusterToBeReady$0(238)) - Waiting for cluster to exit safe mode
2021-08-23 13:58:10,623 [Listener at 127.0.0.1/37189] INFO  ozone.MiniOzoneClusterImpl (MiniOzoneClusterImpl.java:lambda$waitForClusterToBeReady$0(240)) - SCM became leader
2021-08-23 13:58:10,651 [d10c596a-eed6-4646-883b-fed8c4bff5b3@group-098E0C4D619C-FollowerState] INFO  impl.FollowerState (FollowerState.java:run(134)) - d10c596a-eed6-4646-883b-fed8c4bff5b3@group-098E0C4D619C-FollowerState: change to CANDIDATE, lastRpcElapsedTime:5089038034ns, electionTimeout:5088ms
2021-08-23 13:58:10,651 [d10c596a-eed6-4646-883b-fed8c4bff5b3@group-098E0C4D619C-FollowerState] INFO  impl.RoleInfo (RoleInfo.java:shutdownFollowerState(108)) - d10c596a-eed6-4646-883b-fed8c4bff5b3: shutdown d10c596a-eed6-4646-883b-fed8c4bff5b3@group-098E0C4D619C-FollowerState
2021-08-23 13:58:10,651 [d10c596a-eed6-4646-883b-fed8c4bff5b3@group-098E0C4D619C-FollowerState] INFO  server.RaftServer$Division (RaftServerImpl.java:setRole(285)) - d10c596a-eed6-4646-883b-fed8c4bff5b3@group-098E0C4D619C: changes role from  FOLLOWER to CANDIDATE at term 4 for changeToCandidate
2021-08-23 13:58:10,651 [d10c596a-eed6-4646-883b-fed8c4bff5b3@group-098E0C4D619C-FollowerState] INFO  server.RaftServerConfigKeys (ConfUtils.java:logGet(44)) - raft.server.leaderelection.pre-vote = false (custom)
2021-08-23 13:58:10,652 [d10c596a-eed6-4646-883b-fed8c4bff5b3@group-098E0C4D619C-FollowerState] INFO  impl.RoleInfo (RoleInfo.java:updateAndGet(130)) - d10c596a-eed6-4646-883b-fed8c4bff5b3: start d10c596a-eed6-4646-883b-fed8c4bff5b3@group-098E0C4D619C-LeaderElection12
2021-08-23 13:58:10,658 [d10c596a-eed6-4646-883b-fed8c4bff5b3@group-098E0C4D619C-LeaderElection12] INFO  impl.LeaderElection (LeaderElection.java:askForVotes(306)) - d10c596a-eed6-4646-883b-fed8c4bff5b3@group-098E0C4D619C-LeaderElection12 ELECTION round 0: submit vote requests at term 5 for -1: [63f50bcb-c19d-440a-9268-3e58db776ca2|rpc:10.1.0.21:45411|priority:0, d10c596a-eed6-4646-883b-fed8c4bff5b3|rpc:10.1.0.21:35343|priority:0, 69717ffb-fc74-4ecd-b9ae-1b12a8ad2a81|rpc:10.1.0.21:43551|priority:1], old=null
2021-08-23 13:58:10,664 [grpc-default-executor-1] INFO  server.RaftServer$Division (RaftServerImpl.java:requestVote(1043)) - 63f50bcb-c19d-440a-9268-3e58db776ca2@group-098E0C4D619C: receive requestVote(ELECTION, d10c596a-eed6-4646-883b-fed8c4bff5b3, group-098E0C4D619C, 5, (t:0, i:0))
2021-08-23 13:58:10,665 [grpc-default-executor-1] INFO  impl.VoteContext (VoteContext.java:log(48)) - 63f50bcb-c19d-440a-9268-3e58db776ca2@group-098E0C4D619C-FOLLOWER: accept ELECTION from d10c596a-eed6-4646-883b-fed8c4bff5b3: our priority 0 <= candidate's priority 0
2021-08-23 13:58:10,665 [grpc-default-executor-1] INFO  server.RaftServer$Division (RaftServerImpl.java:setRole(285)) - 63f50bcb-c19d-440a-9268-3e58db776ca2@group-098E0C4D619C: changes role from  FOLLOWER to FOLLOWER at term 5 for candidate:d10c596a-eed6-4646-883b-fed8c4bff5b3
2021-08-23 13:58:10,665 [grpc-default-executor-1] INFO  impl.RoleInfo (RoleInfo.java:shutdownFollowerState(108)) - 63f50bcb-c19d-440a-9268-3e58db776ca2: shutdown 63f50bcb-c19d-440a-9268-3e58db776ca2@group-098E0C4D619C-FollowerState
2021-08-23 13:58:10,665 [grpc-default-executor-1] INFO  impl.RoleInfo (RoleInfo.java:updateAndGet(130)) - 63f50bcb-c19d-440a-9268-3e58db776ca2: start 63f50bcb-c19d-440a-9268-3e58db776ca2@group-098E0C4D619C-FollowerState
2021-08-23 13:58:10,665 [63f50bcb-c19d-440a-9268-3e58db776ca2@group-098E0C4D619C-FollowerState] INFO  impl.FollowerState (FollowerState.java:run(143)) - 63f50bcb-c19d-440a-9268-3e58db776ca2@group-098E0C4D619C-FollowerState was interrupted: {}
java.lang.InterruptedException: sleep interrupted
	at java.lang.Thread.sleep(Native Method)
	at java.lang.Thread.sleep(Thread.java:340)
	at java.util.concurrent.TimeUnit.sleep(TimeUnit.java:386)
	at org.apache.ratis.util.TimeDuration.sleep(TimeDuration.java:324)
	at org.apache.ratis.util.TimeDuration.sleep(TimeDuration.java:309)
	at org.apache.ratis.server.impl.FollowerState.run(FollowerState.java:118)
2021-08-23 13:58:10,668 [grpc-default-executor-1] INFO  server.RaftServer$Division (RaftServerImpl.java:requestVote(1075)) - 63f50bcb-c19d-440a-9268-3e58db776ca2@group-098E0C4D619C replies to ELECTION vote request: d10c596a-eed6-4646-883b-fed8c4bff5b3<-63f50bcb-c19d-440a-9268-3e58db776ca2#0:OK-t5. Peer's state: 63f50bcb-c19d-440a-9268-3e58db776ca2@group-098E0C4D619C:t5, leader=null, voted=d10c596a-eed6-4646-883b-fed8c4bff5b3, raftlog=63f50bcb-c19d-440a-9268-3e58db776ca2@group-098E0C4D619C-SegmentedRaftLog:OPENED:c-1,f-1,i0, conf=-1: [63f50bcb-c19d-440a-9268-3e58db776ca2|rpc:10.1.0.21:45411|priority:0, d10c596a-eed6-4646-883b-fed8c4bff5b3|rpc:10.1.0.21:35343|priority:0, 69717ffb-fc74-4ecd-b9ae-1b12a8ad2a81|rpc:10.1.0.21:43551|priority:1], old=null
2021-08-23 13:58:10,671 [grpc-default-executor-1] INFO  server.RaftServer$Division (RaftServerImpl.java:requestVote(1043)) - 69717ffb-fc74-4ecd-b9ae-1b12a8ad2a81@group-098E0C4D619C: receive requestVote(ELECTION, d10c596a-eed6-4646-883b-fed8c4bff5b3, group-098E0C4D619C, 5, (t:0, i:0))
2021-08-23 13:58:10,671 [grpc-default-executor-1] INFO  impl.VoteContext (VoteContext.java:log(48)) - 69717ffb-fc74-4ecd-b9ae-1b12a8ad2a81@group-098E0C4D619C-FOLLOWER: reject ELECTION from d10c596a-eed6-4646-883b-fed8c4bff5b3: our priority 1 > candidate's priority 0
2021-08-23 13:58:10,671 [grpc-default-executor-1] INFO  server.RaftServer$Division (RaftServerImpl.java:setRole(285)) - 69717ffb-fc74-4ecd-b9ae-1b12a8ad2a81@group-098E0C4D619C: changes role from  FOLLOWER to FOLLOWER at term 5 for candidate:d10c596a-eed6-4646-883b-fed8c4bff5b3
2021-08-23 13:58:10,671 [grpc-default-executor-1] INFO  impl.RoleInfo (RoleInfo.java:shutdownFollowerState(108)) - 69717ffb-fc74-4ecd-b9ae-1b12a8ad2a81: shutdown 69717ffb-fc74-4ecd-b9ae-1b12a8ad2a81@group-098E0C4D619C-FollowerState
2021-08-23 13:58:10,671 [grpc-default-executor-1] INFO  impl.RoleInfo (RoleInfo.java:updateAndGet(130)) - 69717ffb-fc74-4ecd-b9ae-1b12a8ad2a81: start 69717ffb-fc74-4ecd-b9ae-1b12a8ad2a81@group-098E0C4D619C-FollowerState
2021-08-23 13:58:10,671 [69717ffb-fc74-4ecd-b9ae-1b12a8ad2a81@group-098E0C4D619C-FollowerState] INFO  impl.FollowerState (FollowerState.java:run(143)) - 69717ffb-fc74-4ecd-b9ae-1b12a8ad2a81@group-098E0C4D619C-FollowerState was interrupted: {}
java.lang.InterruptedException: sleep interrupted
	at java.lang.Thread.sleep(Native Method)
	at java.lang.Thread.sleep(Thread.java:340)
	at java.util.concurrent.TimeUnit.sleep(TimeUnit.java:386)
	at org.apache.ratis.util.TimeDuration.sleep(TimeDuration.java:324)
	at org.apache.ratis.util.TimeDuration.sleep(TimeDuration.java:309)
	at org.apache.ratis.server.impl.FollowerState.run(FollowerState.java:118)
2021-08-23 13:58:10,673 [grpc-default-executor-1] INFO  server.RaftServer$Division (RaftServerImpl.java:requestVote(1075)) - 69717ffb-fc74-4ecd-b9ae-1b12a8ad2a81@group-098E0C4D619C replies to ELECTION vote request: d10c596a-eed6-4646-883b-fed8c4bff5b3<-69717ffb-fc74-4ecd-b9ae-1b12a8ad2a81#0:FAIL-t5. Peer's state: 69717ffb-fc74-4ecd-b9ae-1b12a8ad2a81@group-098E0C4D619C:t5, leader=null, voted=null, raftlog=69717ffb-fc74-4ecd-b9ae-1b12a8ad2a81@group-098E0C4D619C-SegmentedRaftLog:OPENED:c-1,f-1,i0, conf=-1: [63f50bcb-c19d-440a-9268-3e58db776ca2|rpc:10.1.0.21:45411|priority:0, d10c596a-eed6-4646-883b-fed8c4bff5b3|rpc:10.1.0.21:35343|priority:0, 69717ffb-fc74-4ecd-b9ae-1b12a8ad2a81|rpc:10.1.0.21:43551|priority:1], old=null
2021-08-23 13:58:10,676 [d10c596a-eed6-4646-883b-fed8c4bff5b3@group-098E0C4D619C-LeaderElection12] INFO  impl.LeaderElection (LeaderElection.java:logAndReturn(89)) - d10c596a-eed6-4646-883b-fed8c4bff5b3@group-098E0C4D619C-LeaderElection12: ELECTION REJECTED received 2 response(s) and 0 exception(s):
2021-08-23 13:58:10,676 [d10c596a-eed6-4646-883b-fed8c4bff5b3@group-098E0C4D619C-LeaderElection12] INFO  impl.LeaderElection (LeaderElection.java:logAndReturn(93)) -   Response 0: d10c596a-eed6-4646-883b-fed8c4bff5b3<-63f50bcb-c19d-440a-9268-3e58db776ca2#0:OK-t5
2021-08-23 13:58:10,676 [d10c596a-eed6-4646-883b-fed8c4bff5b3@group-098E0C4D619C-LeaderElection12] INFO  impl.LeaderElection (LeaderElection.java:logAndReturn(93)) -   Response 1: d10c596a-eed6-4646-883b-fed8c4bff5b3<-69717ffb-fc74-4ecd-b9ae-1b12a8ad2a81#0:FAIL-t5
2021-08-23 13:58:10,676 [d10c596a-eed6-4646-883b-fed8c4bff5b3@group-098E0C4D619C-LeaderElection12] INFO  impl.LeaderElection (LeaderElection.java:askForVotes(308)) - d10c596a-eed6-4646-883b-fed8c4bff5b3@group-098E0C4D619C-LeaderElection12 ELECTION round 0: result REJECTED
2021-08-23 13:58:10,676 [d10c596a-eed6-4646-883b-fed8c4bff5b3@group-098E0C4D619C-LeaderElection12] INFO  server.RaftServer$Division (RaftServerImpl.java:setRole(285)) - d10c596a-eed6-4646-883b-fed8c4bff5b3@group-098E0C4D619C: changes role from CANDIDATE to FOLLOWER at term 5 for REJECTED
2021-08-23 13:58:10,676 [d10c596a-eed6-4646-883b-fed8c4bff5b3@group-098E0C4D619C-LeaderElection12] INFO  impl.RoleInfo (RoleInfo.java:shutdownLeaderElection(121)) - d10c596a-eed6-4646-883b-fed8c4bff5b3: shutdown d10c596a-eed6-4646-883b-fed8c4bff5b3@group-098E0C4D619C-LeaderElection12
2021-08-23 13:58:10,676 [d10c596a-eed6-4646-883b-fed8c4bff5b3@group-098E0C4D619C-LeaderElection12] INFO  impl.RoleInfo (RoleInfo.java:updateAndGet(130)) - d10c596a-eed6-4646-883b-fed8c4bff5b3: start d10c596a-eed6-4646-883b-fed8c4bff5b3@group-098E0C4D619C-FollowerState
2021-08-23 13:58:11,623 [Listener at 127.0.0.1/37189] INFO  ozone.MiniOzoneClusterImpl (MiniOzoneClusterImpl.java:lambda$waitForClusterToBeReady$0(235)) - Nodes are ready. Got 3 of 3 DN Heartbeats.
2021-08-23 13:58:11,624 [Listener at 127.0.0.1/37189] INFO  ozone.MiniOzoneClusterImpl (MiniOzoneClusterImpl.java:lambda$waitForClusterToBeReady$0(238)) - Waiting for cluster to exit safe mode
2021-08-23 13:58:11,624 [Listener at 127.0.0.1/37189] INFO  ozone.MiniOzoneClusterImpl (MiniOzoneClusterImpl.java:lambda$waitForClusterToBeReady$0(240)) - SCM became leader
2021-08-23 13:58:12,624 [Listener at 127.0.0.1/37189] INFO  ozone.MiniOzoneClusterImpl (MiniOzoneClusterImpl.java:lambda$waitForClusterToBeReady$0(235)) - Nodes are ready. Got 3 of 3 DN Heartbeats.
2021-08-23 13:58:12,625 [Listener at 127.0.0.1/37189] INFO  ozone.MiniOzoneClusterImpl (MiniOzoneClusterImpl.java:lambda$waitForClusterToBeReady$0(238)) - Waiting for cluster to exit safe mode
2021-08-23 13:58:12,625 [Listener at 127.0.0.1/37189] INFO  ozone.MiniOzoneClusterImpl (MiniOzoneClusterImpl.java:lambda$waitForClusterToBeReady$0(240)) - SCM became leader
2021-08-23 13:58:13,625 [Listener at 127.0.0.1/37189] INFO  ozone.MiniOzoneClusterImpl (MiniOzoneClusterImpl.java:lambda$waitForClusterToBeReady$0(235)) - Nodes are ready. Got 3 of 3 DN Heartbeats.
2021-08-23 13:58:13,625 [Listener at 127.0.0.1/37189] INFO  ozone.MiniOzoneClusterImpl (MiniOzoneClusterImpl.java:lambda$waitForClusterToBeReady$0(238)) - Waiting for cluster to exit safe mode
2021-08-23 13:58:13,625 [Listener at 127.0.0.1/37189] INFO  ozone.MiniOzoneClusterImpl (MiniOzoneClusterImpl.java:lambda$waitForClusterToBeReady$0(240)) - SCM became leader
2021-08-23 13:58:14,625 [Listener at 127.0.0.1/37189] INFO  ozone.MiniOzoneClusterImpl (MiniOzoneClusterImpl.java:lambda$waitForClusterToBeReady$0(235)) - Nodes are ready. Got 3 of 3 DN Heartbeats.
2021-08-23 13:58:14,625 [Listener at 127.0.0.1/37189] INFO  ozone.MiniOzoneClusterImpl (MiniOzoneClusterImpl.java:lambda$waitForClusterToBeReady$0(238)) - Waiting for cluster to exit safe mode
2021-08-23 13:58:14,626 [Listener at 127.0.0.1/37189] INFO  ozone.MiniOzoneClusterImpl (MiniOzoneClusterImpl.java:lambda$waitForClusterToBeReady$0(240)) - SCM became leader
2021-08-23 13:58:15,626 [Listener at 127.0.0.1/37189] INFO  ozone.MiniOzoneClusterImpl (MiniOzoneClusterImpl.java:lambda$waitForClusterToBeReady$0(235)) - Nodes are ready. Got 3 of 3 DN Heartbeats.
2021-08-23 13:58:15,626 [Listener at 127.0.0.1/37189] INFO  ozone.MiniOzoneClusterImpl (MiniOzoneClusterImpl.java:lambda$waitForClusterToBeReady$0(238)) - Waiting for cluster to exit safe mode
2021-08-23 13:58:15,626 [Listener at 127.0.0.1/37189] INFO  ozone.MiniOzoneClusterImpl (MiniOzoneClusterImpl.java:lambda$waitForClusterToBeReady$0(240)) - SCM became leader
2021-08-23 13:58:15,788 [d10c596a-eed6-4646-883b-fed8c4bff5b3@group-098E0C4D619C-FollowerState] INFO  impl.FollowerState (FollowerState.java:run(134)) - d10c596a-eed6-4646-883b-fed8c4bff5b3@group-098E0C4D619C-FollowerState: change to CANDIDATE, lastRpcElapsedTime:5112432438ns, electionTimeout:5104ms
2021-08-23 13:58:15,788 [d10c596a-eed6-4646-883b-fed8c4bff5b3@group-098E0C4D619C-FollowerState] INFO  impl.RoleInfo (RoleInfo.java:shutdownFollowerState(108)) - d10c596a-eed6-4646-883b-fed8c4bff5b3: shutdown d10c596a-eed6-4646-883b-fed8c4bff5b3@group-098E0C4D619C-FollowerState
2021-08-23 13:58:15,788 [d10c596a-eed6-4646-883b-fed8c4bff5b3@group-098E0C4D619C-FollowerState] INFO  server.RaftServer$Division (RaftServerImpl.java:setRole(285)) - d10c596a-eed6-4646-883b-fed8c4bff5b3@group-098E0C4D619C: changes role from  FOLLOWER to CANDIDATE at term 5 for changeToCandidate
2021-08-23 13:58:15,789 [d10c596a-eed6-4646-883b-fed8c4bff5b3@group-098E0C4D619C-FollowerState] INFO  server.RaftServerConfigKeys (ConfUtils.java:logGet(44)) - raft.server.leaderelection.pre-vote = false (custom)
2021-08-23 13:58:15,789 [d10c596a-eed6-4646-883b-fed8c4bff5b3@group-098E0C4D619C-FollowerState] INFO  impl.RoleInfo (RoleInfo.java:updateAndGet(130)) - d10c596a-eed6-4646-883b-fed8c4bff5b3: start d10c596a-eed6-4646-883b-fed8c4bff5b3@group-098E0C4D619C-LeaderElection13
2021-08-23 13:58:15,797 [d10c596a-eed6-4646-883b-fed8c4bff5b3@group-098E0C4D619C-LeaderElection13] INFO  impl.LeaderElection (LeaderElection.java:askForVotes(306)) - d10c596a-eed6-4646-883b-fed8c4bff5b3@group-098E0C4D619C-LeaderElection13 ELECTION round 0: submit vote requests at term 6 for -1: [63f50bcb-c19d-440a-9268-3e58db776ca2|rpc:10.1.0.21:45411|priority:0, d10c596a-eed6-4646-883b-fed8c4bff5b3|rpc:10.1.0.21:35343|priority:0, 69717ffb-fc74-4ecd-b9ae-1b12a8ad2a81|rpc:10.1.0.21:43551|priority:1], old=null
2021-08-23 13:58:15,802 [grpc-default-executor-1] INFO  server.RaftServer$Division (RaftServerImpl.java:requestVote(1043)) - 63f50bcb-c19d-440a-9268-3e58db776ca2@group-098E0C4D619C: receive requestVote(ELECTION, d10c596a-eed6-4646-883b-fed8c4bff5b3, group-098E0C4D619C, 6, (t:0, i:0))
2021-08-23 13:58:15,802 [grpc-default-executor-1] INFO  impl.VoteContext (VoteContext.java:log(48)) - 63f50bcb-c19d-440a-9268-3e58db776ca2@group-098E0C4D619C-FOLLOWER: accept ELECTION from d10c596a-eed6-4646-883b-fed8c4bff5b3: our priority 0 <= candidate's priority 0
2021-08-23 13:58:15,802 [grpc-default-executor-1] INFO  server.RaftServer$Division (RaftServerImpl.java:setRole(285)) - 63f50bcb-c19d-440a-9268-3e58db776ca2@group-098E0C4D619C: changes role from  FOLLOWER to FOLLOWER at term 6 for candidate:d10c596a-eed6-4646-883b-fed8c4bff5b3
2021-08-23 13:58:15,802 [grpc-default-executor-1] INFO  impl.RoleInfo (RoleInfo.java:shutdownFollowerState(108)) - 63f50bcb-c19d-440a-9268-3e58db776ca2: shutdown 63f50bcb-c19d-440a-9268-3e58db776ca2@group-098E0C4D619C-FollowerState
2021-08-23 13:58:15,802 [grpc-default-executor-1] INFO  impl.RoleInfo (RoleInfo.java:updateAndGet(130)) - 63f50bcb-c19d-440a-9268-3e58db776ca2: start 63f50bcb-c19d-440a-9268-3e58db776ca2@group-098E0C4D619C-FollowerState
2021-08-23 13:58:15,802 [63f50bcb-c19d-440a-9268-3e58db776ca2@group-098E0C4D619C-FollowerState] INFO  impl.FollowerState (FollowerState.java:run(143)) - 63f50bcb-c19d-440a-9268-3e58db776ca2@group-098E0C4D619C-FollowerState was interrupted: {}
java.lang.InterruptedException: sleep interrupted
	at java.lang.Thread.sleep(Native Method)
	at java.lang.Thread.sleep(Thread.java:340)
	at java.util.concurrent.TimeUnit.sleep(TimeUnit.java:386)
	at org.apache.ratis.util.TimeDuration.sleep(TimeDuration.java:324)
	at org.apache.ratis.util.TimeDuration.sleep(TimeDuration.java:309)
	at org.apache.ratis.server.impl.FollowerState.run(FollowerState.java:118)
2021-08-23 13:58:15,810 [grpc-default-executor-2] INFO  server.RaftServer$Division (RaftServerImpl.java:requestVote(1043)) - 69717ffb-fc74-4ecd-b9ae-1b12a8ad2a81@group-098E0C4D619C: receive requestVote(ELECTION, d10c596a-eed6-4646-883b-fed8c4bff5b3, group-098E0C4D619C, 6, (t:0, i:0))
2021-08-23 13:58:15,810 [grpc-default-executor-2] INFO  impl.VoteContext (VoteContext.java:log(48)) - 69717ffb-fc74-4ecd-b9ae-1b12a8ad2a81@group-098E0C4D619C-FOLLOWER: reject ELECTION from d10c596a-eed6-4646-883b-fed8c4bff5b3: our priority 1 > candidate's priority 0
2021-08-23 13:58:15,810 [grpc-default-executor-2] INFO  server.RaftServer$Division (RaftServerImpl.java:setRole(285)) - 69717ffb-fc74-4ecd-b9ae-1b12a8ad2a81@group-098E0C4D619C: changes role from  FOLLOWER to FOLLOWER at term 6 for candidate:d10c596a-eed6-4646-883b-fed8c4bff5b3
2021-08-23 13:58:15,810 [grpc-default-executor-2] INFO  impl.RoleInfo (RoleInfo.java:shutdownFollowerState(108)) - 69717ffb-fc74-4ecd-b9ae-1b12a8ad2a81: shutdown 69717ffb-fc74-4ecd-b9ae-1b12a8ad2a81@group-098E0C4D619C-FollowerState
2021-08-23 13:58:15,810 [grpc-default-executor-2] INFO  impl.RoleInfo (RoleInfo.java:updateAndGet(130)) - 69717ffb-fc74-4ecd-b9ae-1b12a8ad2a81: start 69717ffb-fc74-4ecd-b9ae-1b12a8ad2a81@group-098E0C4D619C-FollowerState
2021-08-23 13:58:15,810 [69717ffb-fc74-4ecd-b9ae-1b12a8ad2a81@group-098E0C4D619C-FollowerState] INFO  impl.FollowerState (FollowerState.java:run(143)) - 69717ffb-fc74-4ecd-b9ae-1b12a8ad2a81@group-098E0C4D619C-FollowerState was interrupted: {}
java.lang.InterruptedException: sleep interrupted
	at java.lang.Thread.sleep(Native Method)
	at java.lang.Thread.sleep(Thread.java:340)
	at java.util.concurrent.TimeUnit.sleep(TimeUnit.java:386)
	at org.apache.ratis.util.TimeDuration.sleep(TimeDuration.java:324)
	at org.apache.ratis.util.TimeDuration.sleep(TimeDuration.java:309)
	at org.apache.ratis.server.impl.FollowerState.run(FollowerState.java:118)
2021-08-23 13:58:15,816 [grpc-default-executor-1] INFO  server.RaftServer$Division (RaftServerImpl.java:requestVote(1075)) - 63f50bcb-c19d-440a-9268-3e58db776ca2@group-098E0C4D619C replies to ELECTION vote request: d10c596a-eed6-4646-883b-fed8c4bff5b3<-63f50bcb-c19d-440a-9268-3e58db776ca2#0:OK-t6. Peer's state: 63f50bcb-c19d-440a-9268-3e58db776ca2@group-098E0C4D619C:t6, leader=null, voted=d10c596a-eed6-4646-883b-fed8c4bff5b3, raftlog=63f50bcb-c19d-440a-9268-3e58db776ca2@group-098E0C4D619C-SegmentedRaftLog:OPENED:c-1,f-1,i0, conf=-1: [63f50bcb-c19d-440a-9268-3e58db776ca2|rpc:10.1.0.21:45411|priority:0, d10c596a-eed6-4646-883b-fed8c4bff5b3|rpc:10.1.0.21:35343|priority:0, 69717ffb-fc74-4ecd-b9ae-1b12a8ad2a81|rpc:10.1.0.21:43551|priority:1], old=null
2021-08-23 13:58:15,817 [grpc-default-executor-2] INFO  server.RaftServer$Division (RaftServerImpl.java:requestVote(1075)) - 69717ffb-fc74-4ecd-b9ae-1b12a8ad2a81@group-098E0C4D619C replies to ELECTION vote request: d10c596a-eed6-4646-883b-fed8c4bff5b3<-69717ffb-fc74-4ecd-b9ae-1b12a8ad2a81#0:FAIL-t6. Peer's state: 69717ffb-fc74-4ecd-b9ae-1b12a8ad2a81@group-098E0C4D619C:t6, leader=null, voted=null, raftlog=69717ffb-fc74-4ecd-b9ae-1b12a8ad2a81@group-098E0C4D619C-SegmentedRaftLog:OPENED:c-1,f-1,i0, conf=-1: [63f50bcb-c19d-440a-9268-3e58db776ca2|rpc:10.1.0.21:45411|priority:0, d10c596a-eed6-4646-883b-fed8c4bff5b3|rpc:10.1.0.21:35343|priority:0, 69717ffb-fc74-4ecd-b9ae-1b12a8ad2a81|rpc:10.1.0.21:43551|priority:1], old=null
2021-08-23 13:58:15,820 [d10c596a-eed6-4646-883b-fed8c4bff5b3@group-098E0C4D619C-LeaderElection13] INFO  impl.LeaderElection (LeaderElection.java:logAndReturn(89)) - d10c596a-eed6-4646-883b-fed8c4bff5b3@group-098E0C4D619C-LeaderElection13: ELECTION REJECTED received 1 response(s) and 0 exception(s):
2021-08-23 13:58:15,820 [d10c596a-eed6-4646-883b-fed8c4bff5b3@group-098E0C4D619C-LeaderElection13] INFO  impl.LeaderElection (LeaderElection.java:logAndReturn(93)) -   Response 0: d10c596a-eed6-4646-883b-fed8c4bff5b3<-69717ffb-fc74-4ecd-b9ae-1b12a8ad2a81#0:FAIL-t6
2021-08-23 13:58:15,820 [d10c596a-eed6-4646-883b-fed8c4bff5b3@group-098E0C4D619C-LeaderElection13] INFO  impl.LeaderElection (LeaderElection.java:askForVotes(308)) - d10c596a-eed6-4646-883b-fed8c4bff5b3@group-098E0C4D619C-LeaderElection13 ELECTION round 0: result REJECTED
2021-08-23 13:58:15,821 [d10c596a-eed6-4646-883b-fed8c4bff5b3@group-098E0C4D619C-LeaderElection13] INFO  server.RaftServer$Division (RaftServerImpl.java:setRole(285)) - d10c596a-eed6-4646-883b-fed8c4bff5b3@group-098E0C4D619C: changes role from CANDIDATE to FOLLOWER at term 6 for REJECTED
2021-08-23 13:58:15,821 [d10c596a-eed6-4646-883b-fed8c4bff5b3@group-098E0C4D619C-LeaderElection13] INFO  impl.RoleInfo (RoleInfo.java:shutdownLeaderElection(121)) - d10c596a-eed6-4646-883b-fed8c4bff5b3: shutdown d10c596a-eed6-4646-883b-fed8c4bff5b3@group-098E0C4D619C-LeaderElection13
2021-08-23 13:58:15,821 [d10c596a-eed6-4646-883b-fed8c4bff5b3@group-098E0C4D619C-LeaderElection13] INFO  impl.RoleInfo (RoleInfo.java:updateAndGet(130)) - d10c596a-eed6-4646-883b-fed8c4bff5b3: start d10c596a-eed6-4646-883b-fed8c4bff5b3@group-098E0C4D619C-FollowerState
2021-08-23 13:58:16,626 [Listener at 127.0.0.1/37189] INFO  ozone.MiniOzoneClusterImpl (MiniOzoneClusterImpl.java:lambda$waitForClusterToBeReady$0(235)) - Nodes are ready. Got 3 of 3 DN Heartbeats.
2021-08-23 13:58:16,627 [Listener at 127.0.0.1/37189] INFO  ozone.MiniOzoneClusterImpl (MiniOzoneClusterImpl.java:lambda$waitForClusterToBeReady$0(238)) - Waiting for cluster to exit safe mode
2021-08-23 13:58:16,627 [Listener at 127.0.0.1/37189] INFO  ozone.MiniOzoneClusterImpl (MiniOzoneClusterImpl.java:lambda$waitForClusterToBeReady$0(240)) - SCM became leader
2021-08-23 13:58:17,627 [Listener at 127.0.0.1/37189] INFO  ozone.MiniOzoneClusterImpl (MiniOzoneClusterImpl.java:lambda$waitForClusterToBeReady$0(235)) - Nodes are ready. Got 3 of 3 DN Heartbeats.
2021-08-23 13:58:17,627 [Listener at 127.0.0.1/37189] INFO  ozone.MiniOzoneClusterImpl (MiniOzoneClusterImpl.java:lambda$waitForClusterToBeReady$0(238)) - Waiting for cluster to exit safe mode
2021-08-23 13:58:17,627 [Listener at 127.0.0.1/37189] INFO  ozone.MiniOzoneClusterImpl (MiniOzoneClusterImpl.java:lambda$waitForClusterToBeReady$0(240)) - SCM became leader
2021-08-23 13:58:18,628 [Listener at 127.0.0.1/37189] INFO  ozone.MiniOzoneClusterImpl (MiniOzoneClusterImpl.java:lambda$waitForClusterToBeReady$0(235)) - Nodes are ready. Got 3 of 3 DN Heartbeats.
2021-08-23 13:58:18,628 [Listener at 127.0.0.1/37189] INFO  ozone.MiniOzoneClusterImpl (MiniOzoneClusterImpl.java:lambda$waitForClusterToBeReady$0(238)) - Waiting for cluster to exit safe mode
2021-08-23 13:58:18,628 [Listener at 127.0.0.1/37189] INFO  ozone.MiniOzoneClusterImpl (MiniOzoneClusterImpl.java:lambda$waitForClusterToBeReady$0(240)) - SCM became leader
2021-08-23 13:58:19,628 [Listener at 127.0.0.1/37189] INFO  ozone.MiniOzoneClusterImpl (MiniOzoneClusterImpl.java:lambda$waitForClusterToBeReady$0(235)) - Nodes are ready. Got 3 of 3 DN Heartbeats.
2021-08-23 13:58:19,628 [Listener at 127.0.0.1/37189] INFO  ozone.MiniOzoneClusterImpl (MiniOzoneClusterImpl.java:lambda$waitForClusterToBeReady$0(238)) - Waiting for cluster to exit safe mode
2021-08-23 13:58:19,628 [Listener at 127.0.0.1/37189] INFO  ozone.MiniOzoneClusterImpl (MiniOzoneClusterImpl.java:lambda$waitForClusterToBeReady$0(240)) - SCM became leader
2021-08-23 13:58:20,629 [Listener at 127.0.0.1/37189] INFO  ozone.MiniOzoneClusterImpl (MiniOzoneClusterImpl.java:lambda$waitForClusterToBeReady$0(235)) - Nodes are ready. Got 3 of 3 DN Heartbeats.
2021-08-23 13:58:20,629 [Listener at 127.0.0.1/37189] INFO  ozone.MiniOzoneClusterImpl (MiniOzoneClusterImpl.java:lambda$waitForClusterToBeReady$0(238)) - Waiting for cluster to exit safe mode
2021-08-23 13:58:20,629 [Listener at 127.0.0.1/37189] INFO  ozone.MiniOzoneClusterImpl (MiniOzoneClusterImpl.java:lambda$waitForClusterToBeReady$0(240)) - SCM became leader
2021-08-23 13:58:20,955 [d10c596a-eed6-4646-883b-fed8c4bff5b3@group-098E0C4D619C-FollowerState] INFO  impl.FollowerState (FollowerState.java:run(134)) - d10c596a-eed6-4646-883b-fed8c4bff5b3@group-098E0C4D619C-FollowerState: change to CANDIDATE, lastRpcElapsedTime:5134278110ns, electionTimeout:5131ms
2021-08-23 13:58:20,955 [d10c596a-eed6-4646-883b-fed8c4bff5b3@group-098E0C4D619C-FollowerState] INFO  impl.RoleInfo (RoleInfo.java:shutdownFollowerState(108)) - d10c596a-eed6-4646-883b-fed8c4bff5b3: shutdown d10c596a-eed6-4646-883b-fed8c4bff5b3@group-098E0C4D619C-FollowerState
2021-08-23 13:58:20,955 [d10c596a-eed6-4646-883b-fed8c4bff5b3@group-098E0C4D619C-FollowerState] INFO  server.RaftServer$Division (RaftServerImpl.java:setRole(285)) - d10c596a-eed6-4646-883b-fed8c4bff5b3@group-098E0C4D619C: changes role from  FOLLOWER to CANDIDATE at term 6 for changeToCandidate
2021-08-23 13:58:20,955 [d10c596a-eed6-4646-883b-fed8c4bff5b3@group-098E0C4D619C-FollowerState] INFO  server.RaftServerConfigKeys (ConfUtils.java:logGet(44)) - raft.server.leaderelection.pre-vote = false (custom)
2021-08-23 13:58:20,955 [d10c596a-eed6-4646-883b-fed8c4bff5b3@group-098E0C4D619C-FollowerState] INFO  impl.RoleInfo (RoleInfo.java:updateAndGet(130)) - d10c596a-eed6-4646-883b-fed8c4bff5b3: start d10c596a-eed6-4646-883b-fed8c4bff5b3@group-098E0C4D619C-LeaderElection14
2021-08-23 13:58:20,963 [d10c596a-eed6-4646-883b-fed8c4bff5b3@group-098E0C4D619C-LeaderElection14] INFO  impl.LeaderElection (LeaderElection.java:askForVotes(306)) - d10c596a-eed6-4646-883b-fed8c4bff5b3@group-098E0C4D619C-LeaderElection14 ELECTION round 0: submit vote requests at term 7 for -1: [63f50bcb-c19d-440a-9268-3e58db776ca2|rpc:10.1.0.21:45411|priority:0, d10c596a-eed6-4646-883b-fed8c4bff5b3|rpc:10.1.0.21:35343|priority:0, 69717ffb-fc74-4ecd-b9ae-1b12a8ad2a81|rpc:10.1.0.21:43551|priority:1], old=null
2021-08-23 13:58:20,969 [grpc-default-executor-1] INFO  server.RaftServer$Division (RaftServerImpl.java:requestVote(1043)) - 63f50bcb-c19d-440a-9268-3e58db776ca2@group-098E0C4D619C: receive requestVote(ELECTION, d10c596a-eed6-4646-883b-fed8c4bff5b3, group-098E0C4D619C, 7, (t:0, i:0))
2021-08-23 13:58:20,969 [grpc-default-executor-1] INFO  impl.VoteContext (VoteContext.java:log(48)) - 63f50bcb-c19d-440a-9268-3e58db776ca2@group-098E0C4D619C-FOLLOWER: accept ELECTION from d10c596a-eed6-4646-883b-fed8c4bff5b3: our priority 0 <= candidate's priority 0
2021-08-23 13:58:20,969 [grpc-default-executor-1] INFO  server.RaftServer$Division (RaftServerImpl.java:setRole(285)) - 63f50bcb-c19d-440a-9268-3e58db776ca2@group-098E0C4D619C: changes role from  FOLLOWER to FOLLOWER at term 7 for candidate:d10c596a-eed6-4646-883b-fed8c4bff5b3
2021-08-23 13:58:20,969 [grpc-default-executor-1] INFO  impl.RoleInfo (RoleInfo.java:shutdownFollowerState(108)) - 63f50bcb-c19d-440a-9268-3e58db776ca2: shutdown 63f50bcb-c19d-440a-9268-3e58db776ca2@group-098E0C4D619C-FollowerState
2021-08-23 13:58:20,969 [grpc-default-executor-1] INFO  impl.RoleInfo (RoleInfo.java:updateAndGet(130)) - 63f50bcb-c19d-440a-9268-3e58db776ca2: start 63f50bcb-c19d-440a-9268-3e58db776ca2@group-098E0C4D619C-FollowerState
2021-08-23 13:58:20,969 [63f50bcb-c19d-440a-9268-3e58db776ca2@group-098E0C4D619C-FollowerState] INFO  impl.FollowerState (FollowerState.java:run(143)) - 63f50bcb-c19d-440a-9268-3e58db776ca2@group-098E0C4D619C-FollowerState was interrupted: {}
java.lang.InterruptedException: sleep interrupted
	at java.lang.Thread.sleep(Native Method)
	at java.lang.Thread.sleep(Thread.java:340)
	at java.util.concurrent.TimeUnit.sleep(TimeUnit.java:386)
	at org.apache.ratis.util.TimeDuration.sleep(TimeDuration.java:324)
	at org.apache.ratis.util.TimeDuration.sleep(TimeDuration.java:309)
	at org.apache.ratis.server.impl.FollowerState.run(FollowerState.java:118)
2021-08-23 13:58:20,974 [grpc-default-executor-1] INFO  server.RaftServer$Division (RaftServerImpl.java:requestVote(1075)) - 63f50bcb-c19d-440a-9268-3e58db776ca2@group-098E0C4D619C replies to ELECTION vote request: d10c596a-eed6-4646-883b-fed8c4bff5b3<-63f50bcb-c19d-440a-9268-3e58db776ca2#0:OK-t7. Peer's state: 63f50bcb-c19d-440a-9268-3e58db776ca2@group-098E0C4D619C:t7, leader=null, voted=d10c596a-eed6-4646-883b-fed8c4bff5b3, raftlog=63f50bcb-c19d-440a-9268-3e58db776ca2@group-098E0C4D619C-SegmentedRaftLog:OPENED:c-1,f-1,i0, conf=-1: [63f50bcb-c19d-440a-9268-3e58db776ca2|rpc:10.1.0.21:45411|priority:0, d10c596a-eed6-4646-883b-fed8c4bff5b3|rpc:10.1.0.21:35343|priority:0, 69717ffb-fc74-4ecd-b9ae-1b12a8ad2a81|rpc:10.1.0.21:43551|priority:1], old=null
2021-08-23 13:58:20,977 [grpc-default-executor-2] INFO  server.RaftServer$Division (RaftServerImpl.java:requestVote(1043)) - 69717ffb-fc74-4ecd-b9ae-1b12a8ad2a81@group-098E0C4D619C: receive requestVote(ELECTION, d10c596a-eed6-4646-883b-fed8c4bff5b3, group-098E0C4D619C, 7, (t:0, i:0))
2021-08-23 13:58:20,977 [grpc-default-executor-2] INFO  impl.VoteContext (VoteContext.java:log(48)) - 69717ffb-fc74-4ecd-b9ae-1b12a8ad2a81@group-098E0C4D619C-FOLLOWER: reject ELECTION from d10c596a-eed6-4646-883b-fed8c4bff5b3: our priority 1 > candidate's priority 0
2021-08-23 13:58:20,977 [grpc-default-executor-2] INFO  server.RaftServer$Division (RaftServerImpl.java:setRole(285)) - 69717ffb-fc74-4ecd-b9ae-1b12a8ad2a81@group-098E0C4D619C: changes role from  FOLLOWER to FOLLOWER at term 7 for candidate:d10c596a-eed6-4646-883b-fed8c4bff5b3
2021-08-23 13:58:20,977 [grpc-default-executor-2] INFO  impl.RoleInfo (RoleInfo.java:shutdownFollowerState(108)) - 69717ffb-fc74-4ecd-b9ae-1b12a8ad2a81: shutdown 69717ffb-fc74-4ecd-b9ae-1b12a8ad2a81@group-098E0C4D619C-FollowerState
2021-08-23 13:58:20,977 [grpc-default-executor-2] INFO  impl.RoleInfo (RoleInfo.java:updateAndGet(130)) - 69717ffb-fc74-4ecd-b9ae-1b12a8ad2a81: start 69717ffb-fc74-4ecd-b9ae-1b12a8ad2a81@group-098E0C4D619C-FollowerState
2021-08-23 13:58:20,977 [69717ffb-fc74-4ecd-b9ae-1b12a8ad2a81@group-098E0C4D619C-FollowerState] INFO  impl.FollowerState (FollowerState.java:run(143)) - 69717ffb-fc74-4ecd-b9ae-1b12a8ad2a81@group-098E0C4D619C-FollowerState was interrupted: {}
java.lang.InterruptedException: sleep interrupted
	at java.lang.Thread.sleep(Native Method)
	at java.lang.Thread.sleep(Thread.java:340)
	at java.util.concurrent.TimeUnit.sleep(TimeUnit.java:386)
	at org.apache.ratis.util.TimeDuration.sleep(TimeDuration.java:324)
	at org.apache.ratis.util.TimeDuration.sleep(TimeDuration.java:309)
	at org.apache.ratis.server.impl.FollowerState.run(FollowerState.java:118)
2021-08-23 13:58:20,981 [grpc-default-executor-2] INFO  server.RaftServer$Division (RaftServerImpl.java:requestVote(1075)) - 69717ffb-fc74-4ecd-b9ae-1b12a8ad2a81@group-098E0C4D619C replies to ELECTION vote request: d10c596a-eed6-4646-883b-fed8c4bff5b3<-69717ffb-fc74-4ecd-b9ae-1b12a8ad2a81#0:FAIL-t7. Peer's state: 69717ffb-fc74-4ecd-b9ae-1b12a8ad2a81@group-098E0C4D619C:t7, leader=null, voted=null, raftlog=69717ffb-fc74-4ecd-b9ae-1b12a8ad2a81@group-098E0C4D619C-SegmentedRaftLog:OPENED:c-1,f-1,i0, conf=-1: [63f50bcb-c19d-440a-9268-3e58db776ca2|rpc:10.1.0.21:45411|priority:0, d10c596a-eed6-4646-883b-fed8c4bff5b3|rpc:10.1.0.21:35343|priority:0, 69717ffb-fc74-4ecd-b9ae-1b12a8ad2a81|rpc:10.1.0.21:43551|priority:1], old=null
2021-08-23 13:58:20,982 [d10c596a-eed6-4646-883b-fed8c4bff5b3@group-098E0C4D619C-LeaderElection14] INFO  impl.LeaderElection (LeaderElection.java:logAndReturn(89)) - d10c596a-eed6-4646-883b-fed8c4bff5b3@group-098E0C4D619C-LeaderElection14: ELECTION REJECTED received 2 response(s) and 0 exception(s):
2021-08-23 13:58:20,982 [d10c596a-eed6-4646-883b-fed8c4bff5b3@group-098E0C4D619C-LeaderElection14] INFO  impl.LeaderElection (LeaderElection.java:logAndReturn(93)) -   Response 0: d10c596a-eed6-4646-883b-fed8c4bff5b3<-63f50bcb-c19d-440a-9268-3e58db776ca2#0:OK-t7
2021-08-23 13:58:20,982 [d10c596a-eed6-4646-883b-fed8c4bff5b3@group-098E0C4D619C-LeaderElection14] INFO  impl.LeaderElection (LeaderElection.java:logAndReturn(93)) -   Response 1: d10c596a-eed6-4646-883b-fed8c4bff5b3<-69717ffb-fc74-4ecd-b9ae-1b12a8ad2a81#0:FAIL-t7
2021-08-23 13:58:20,982 [d10c596a-eed6-4646-883b-fed8c4bff5b3@group-098E0C4D619C-LeaderElection14] INFO  impl.LeaderElection (LeaderElection.java:askForVotes(308)) - d10c596a-eed6-4646-883b-fed8c4bff5b3@group-098E0C4D619C-LeaderElection14 ELECTION round 0: result REJECTED
2021-08-23 13:58:20,982 [d10c596a-eed6-4646-883b-fed8c4bff5b3@group-098E0C4D619C-LeaderElection14] INFO  server.RaftServer$Division (RaftServerImpl.java:setRole(285)) - d10c596a-eed6-4646-883b-fed8c4bff5b3@group-098E0C4D619C: changes role from CANDIDATE to FOLLOWER at term 7 for REJECTED
2021-08-23 13:58:20,982 [d10c596a-eed6-4646-883b-fed8c4bff5b3@group-098E0C4D619C-LeaderElection14] INFO  impl.RoleInfo (RoleInfo.java:shutdownLeaderElection(121)) - d10c596a-eed6-4646-883b-fed8c4bff5b3: shutdown d10c596a-eed6-4646-883b-fed8c4bff5b3@group-098E0C4D619C-LeaderElection14
2021-08-23 13:58:20,982 [d10c596a-eed6-4646-883b-fed8c4bff5b3@group-098E0C4D619C-LeaderElection14] INFO  impl.RoleInfo (RoleInfo.java:updateAndGet(130)) - d10c596a-eed6-4646-883b-fed8c4bff5b3: start d10c596a-eed6-4646-883b-fed8c4bff5b3@group-098E0C4D619C-FollowerState
2021-08-23 13:58:21,629 [Listener at 127.0.0.1/37189] INFO  ozone.MiniOzoneClusterImpl (MiniOzoneClusterImpl.java:lambda$waitForClusterToBeReady$0(235)) - Nodes are ready. Got 3 of 3 DN Heartbeats.
2021-08-23 13:58:21,630 [Listener at 127.0.0.1/37189] INFO  ozone.MiniOzoneClusterImpl (MiniOzoneClusterImpl.java:lambda$waitForClusterToBeReady$0(238)) - Waiting for cluster to exit safe mode
2021-08-23 13:58:21,630 [Listener at 127.0.0.1/37189] INFO  ozone.MiniOzoneClusterImpl (MiniOzoneClusterImpl.java:lambda$waitForClusterToBeReady$0(240)) - SCM became leader
2021-08-23 13:58:22,630 [Listener at 127.0.0.1/37189] INFO  ozone.MiniOzoneClusterImpl (MiniOzoneClusterImpl.java:lambda$waitForClusterToBeReady$0(235)) - Nodes are ready. Got 3 of 3 DN Heartbeats.
2021-08-23 13:58:22,631 [Listener at 127.0.0.1/37189] INFO  ozone.MiniOzoneClusterImpl (MiniOzoneClusterImpl.java:lambda$waitForClusterToBeReady$0(238)) - Waiting for cluster to exit safe mode
2021-08-23 13:58:22,631 [Listener at 127.0.0.1/37189] INFO  ozone.MiniOzoneClusterImpl (MiniOzoneClusterImpl.java:lambda$waitForClusterToBeReady$0(240)) - SCM became leader
2021-08-23 13:58:23,631 [Listener at 127.0.0.1/37189] INFO  ozone.MiniOzoneClusterImpl (MiniOzoneClusterImpl.java:lambda$waitForClusterToBeReady$0(235)) - Nodes are ready. Got 3 of 3 DN Heartbeats.
2021-08-23 13:58:23,631 [Listener at 127.0.0.1/37189] INFO  ozone.MiniOzoneClusterImpl (MiniOzoneClusterImpl.java:lambda$waitForClusterToBeReady$0(238)) - Waiting for cluster to exit safe mode
2021-08-23 13:58:23,631 [Listener at 127.0.0.1/37189] INFO  ozone.MiniOzoneClusterImpl (MiniOzoneClusterImpl.java:lambda$waitForClusterToBeReady$0(240)) - SCM became leader
2021-08-23 13:58:24,631 [Listener at 127.0.0.1/37189] INFO  ozone.MiniOzoneClusterImpl (MiniOzoneClusterImpl.java:lambda$waitForClusterToBeReady$0(235)) - Nodes are ready. Got 3 of 3 DN Heartbeats.
2021-08-23 13:58:24,631 [Listener at 127.0.0.1/37189] INFO  ozone.MiniOzoneClusterImpl (MiniOzoneClusterImpl.java:lambda$waitForClusterToBeReady$0(238)) - Waiting for cluster to exit safe mode
2021-08-23 13:58:24,631 [Listener at 127.0.0.1/37189] INFO  ozone.MiniOzoneClusterImpl (MiniOzoneClusterImpl.java:lambda$waitForClusterToBeReady$0(240)) - SCM became leader
2021-08-23 13:58:25,632 [Listener at 127.0.0.1/37189] INFO  ozone.MiniOzoneClusterImpl (MiniOzoneClusterImpl.java:lambda$waitForClusterToBeReady$0(235)) - Nodes are ready. Got 3 of 3 DN Heartbeats.
2021-08-23 13:58:25,632 [Listener at 127.0.0.1/37189] INFO  ozone.MiniOzoneClusterImpl (MiniOzoneClusterImpl.java:lambda$waitForClusterToBeReady$0(238)) - Waiting for cluster to exit safe mode
2021-08-23 13:58:25,632 [Listener at 127.0.0.1/37189] INFO  ozone.MiniOzoneClusterImpl (MiniOzoneClusterImpl.java:lambda$waitForClusterToBeReady$0(240)) - SCM became leader
2021-08-23 13:58:26,127 [d10c596a-eed6-4646-883b-fed8c4bff5b3@group-098E0C4D619C-FollowerState] INFO  impl.FollowerState (FollowerState.java:run(134)) - d10c596a-eed6-4646-883b-fed8c4bff5b3@group-098E0C4D619C-FollowerState: change to CANDIDATE, lastRpcElapsedTime:5145017067ns, electionTimeout:5135ms
2021-08-23 13:58:26,127 [d10c596a-eed6-4646-883b-fed8c4bff5b3@group-098E0C4D619C-FollowerState] INFO  impl.RoleInfo (RoleInfo.java:shutdownFollowerState(108)) - d10c596a-eed6-4646-883b-fed8c4bff5b3: shutdown d10c596a-eed6-4646-883b-fed8c4bff5b3@group-098E0C4D619C-FollowerState
2021-08-23 13:58:26,127 [d10c596a-eed6-4646-883b-fed8c4bff5b3@group-098E0C4D619C-FollowerState] INFO  server.RaftServer$Division (RaftServerImpl.java:setRole(285)) - d10c596a-eed6-4646-883b-fed8c4bff5b3@group-098E0C4D619C: changes role from  FOLLOWER to CANDIDATE at term 7 for changeToCandidate
2021-08-23 13:58:26,128 [d10c596a-eed6-4646-883b-fed8c4bff5b3@group-098E0C4D619C-FollowerState] INFO  server.RaftServerConfigKeys (ConfUtils.java:logGet(44)) - raft.server.leaderelection.pre-vote = false (custom)
2021-08-23 13:58:26,128 [d10c596a-eed6-4646-883b-fed8c4bff5b3@group-098E0C4D619C-FollowerState] INFO  impl.RoleInfo (RoleInfo.java:updateAndGet(130)) - d10c596a-eed6-4646-883b-fed8c4bff5b3: start d10c596a-eed6-4646-883b-fed8c4bff5b3@group-098E0C4D619C-LeaderElection15
2021-08-23 13:58:26,133 [69717ffb-fc74-4ecd-b9ae-1b12a8ad2a81@group-098E0C4D619C-FollowerState] INFO  impl.FollowerState (FollowerState.java:run(134)) - 69717ffb-fc74-4ecd-b9ae-1b12a8ad2a81@group-098E0C4D619C-FollowerState: change to CANDIDATE, lastRpcElapsedTime:5155851876ns, electionTimeout:5152ms
2021-08-23 13:58:26,133 [69717ffb-fc74-4ecd-b9ae-1b12a8ad2a81@group-098E0C4D619C-FollowerState] INFO  impl.RoleInfo (RoleInfo.java:shutdownFollowerState(108)) - 69717ffb-fc74-4ecd-b9ae-1b12a8ad2a81: shutdown 69717ffb-fc74-4ecd-b9ae-1b12a8ad2a81@group-098E0C4D619C-FollowerState
2021-08-23 13:58:26,133 [69717ffb-fc74-4ecd-b9ae-1b12a8ad2a81@group-098E0C4D619C-FollowerState] INFO  server.RaftServer$Division (RaftServerImpl.java:setRole(285)) - 69717ffb-fc74-4ecd-b9ae-1b12a8ad2a81@group-098E0C4D619C: changes role from  FOLLOWER to CANDIDATE at term 7 for changeToCandidate
2021-08-23 13:58:26,133 [69717ffb-fc74-4ecd-b9ae-1b12a8ad2a81@group-098E0C4D619C-FollowerState] INFO  server.RaftServerConfigKeys (ConfUtils.java:logGet(44)) - raft.server.leaderelection.pre-vote = false (custom)
2021-08-23 13:58:26,133 [69717ffb-fc74-4ecd-b9ae-1b12a8ad2a81@group-098E0C4D619C-FollowerState] INFO  impl.RoleInfo (RoleInfo.java:updateAndGet(130)) - 69717ffb-fc74-4ecd-b9ae-1b12a8ad2a81: start 69717ffb-fc74-4ecd-b9ae-1b12a8ad2a81@group-098E0C4D619C-LeaderElection16
2021-08-23 13:58:26,135 [d10c596a-eed6-4646-883b-fed8c4bff5b3@group-098E0C4D619C-LeaderElection15] INFO  impl.LeaderElection (LeaderElection.java:askForVotes(306)) - d10c596a-eed6-4646-883b-fed8c4bff5b3@group-098E0C4D619C-LeaderElection15 ELECTION round 0: submit vote requests at term 8 for -1: [63f50bcb-c19d-440a-9268-3e58db776ca2|rpc:10.1.0.21:45411|priority:0, d10c596a-eed6-4646-883b-fed8c4bff5b3|rpc:10.1.0.21:35343|priority:0, 69717ffb-fc74-4ecd-b9ae-1b12a8ad2a81|rpc:10.1.0.21:43551|priority:1], old=null
2021-08-23 13:58:26,136 [69717ffb-fc74-4ecd-b9ae-1b12a8ad2a81@group-098E0C4D619C-LeaderElection16] INFO  impl.LeaderElection (LeaderElection.java:askForVotes(306)) - 69717ffb-fc74-4ecd-b9ae-1b12a8ad2a81@group-098E0C4D619C-LeaderElection16 ELECTION round 0: submit vote requests at term 8 for -1: [63f50bcb-c19d-440a-9268-3e58db776ca2|rpc:10.1.0.21:45411|priority:0, d10c596a-eed6-4646-883b-fed8c4bff5b3|rpc:10.1.0.21:35343|priority:0, 69717ffb-fc74-4ecd-b9ae-1b12a8ad2a81|rpc:10.1.0.21:43551|priority:1], old=null
2021-08-23 13:58:26,153 [grpc-default-executor-2] INFO  server.RaftServer$Division (RaftServerImpl.java:requestVote(1043)) - 63f50bcb-c19d-440a-9268-3e58db776ca2@group-098E0C4D619C: receive requestVote(ELECTION, d10c596a-eed6-4646-883b-fed8c4bff5b3, group-098E0C4D619C, 8, (t:0, i:0))
2021-08-23 13:58:26,153 [grpc-default-executor-2] INFO  impl.VoteContext (VoteContext.java:log(48)) - 63f50bcb-c19d-440a-9268-3e58db776ca2@group-098E0C4D619C-FOLLOWER: accept ELECTION from d10c596a-eed6-4646-883b-fed8c4bff5b3: our priority 0 <= candidate's priority 0
2021-08-23 13:58:26,153 [grpc-default-executor-2] INFO  server.RaftServer$Division (RaftServerImpl.java:setRole(285)) - 63f50bcb-c19d-440a-9268-3e58db776ca2@group-098E0C4D619C: changes role from  FOLLOWER to FOLLOWER at term 8 for candidate:d10c596a-eed6-4646-883b-fed8c4bff5b3
2021-08-23 13:58:26,153 [grpc-default-executor-2] INFO  impl.RoleInfo (RoleInfo.java:shutdownFollowerState(108)) - 63f50bcb-c19d-440a-9268-3e58db776ca2: shutdown 63f50bcb-c19d-440a-9268-3e58db776ca2@group-098E0C4D619C-FollowerState
2021-08-23 13:58:26,153 [grpc-default-executor-2] INFO  impl.RoleInfo (RoleInfo.java:updateAndGet(130)) - 63f50bcb-c19d-440a-9268-3e58db776ca2: start 63f50bcb-c19d-440a-9268-3e58db776ca2@group-098E0C4D619C-FollowerState
2021-08-23 13:58:26,153 [grpc-default-executor-1] INFO  server.RaftServer$Division (RaftServerImpl.java:requestVote(1043)) - 69717ffb-fc74-4ecd-b9ae-1b12a8ad2a81@group-098E0C4D619C: receive requestVote(ELECTION, d10c596a-eed6-4646-883b-fed8c4bff5b3, group-098E0C4D619C, 8, (t:0, i:0))
2021-08-23 13:58:26,153 [grpc-default-executor-0] INFO  server.RaftServer$Division (RaftServerImpl.java:requestVote(1043)) - 63f50bcb-c19d-440a-9268-3e58db776ca2@group-098E0C4D619C: receive requestVote(ELECTION, 69717ffb-fc74-4ecd-b9ae-1b12a8ad2a81, group-098E0C4D619C, 8, (t:0, i:0))
2021-08-23 13:58:26,153 [63f50bcb-c19d-440a-9268-3e58db776ca2@group-098E0C4D619C-FollowerState] INFO  impl.FollowerState (FollowerState.java:run(143)) - 63f50bcb-c19d-440a-9268-3e58db776ca2@group-098E0C4D619C-FollowerState was interrupted: {}
java.lang.InterruptedException: sleep interrupted
	at java.lang.Thread.sleep(Native Method)
	at java.lang.Thread.sleep(Thread.java:340)
	at java.util.concurrent.TimeUnit.sleep(TimeUnit.java:386)
	at org.apache.ratis.util.TimeDuration.sleep(TimeDuration.java:324)
	at org.apache.ratis.util.TimeDuration.sleep(TimeDuration.java:309)
	at org.apache.ratis.server.impl.FollowerState.run(FollowerState.java:118)
2021-08-23 13:58:26,153 [grpc-default-executor-1] INFO  impl.VoteContext (VoteContext.java:log(48)) - 69717ffb-fc74-4ecd-b9ae-1b12a8ad2a81@group-098E0C4D619C-CANDIDATE: reject ELECTION from d10c596a-eed6-4646-883b-fed8c4bff5b3: already has voted for 69717ffb-fc74-4ecd-b9ae-1b12a8ad2a81 at current term 8
2021-08-23 13:58:26,153 [grpc-default-executor-1] INFO  server.RaftServer$Division (RaftServerImpl.java:requestVote(1075)) - 69717ffb-fc74-4ecd-b9ae-1b12a8ad2a81@group-098E0C4D619C replies to ELECTION vote request: d10c596a-eed6-4646-883b-fed8c4bff5b3<-69717ffb-fc74-4ecd-b9ae-1b12a8ad2a81#0:FAIL-t8. Peer's state: 69717ffb-fc74-4ecd-b9ae-1b12a8ad2a81@group-098E0C4D619C:t8, leader=null, voted=69717ffb-fc74-4ecd-b9ae-1b12a8ad2a81, raftlog=69717ffb-fc74-4ecd-b9ae-1b12a8ad2a81@group-098E0C4D619C-SegmentedRaftLog:OPENED:c-1,f-1,i0, conf=-1: [63f50bcb-c19d-440a-9268-3e58db776ca2|rpc:10.1.0.21:45411|priority:0, d10c596a-eed6-4646-883b-fed8c4bff5b3|rpc:10.1.0.21:35343|priority:0, 69717ffb-fc74-4ecd-b9ae-1b12a8ad2a81|rpc:10.1.0.21:43551|priority:1], old=null
2021-08-23 13:58:26,158 [d10c596a-eed6-4646-883b-fed8c4bff5b3@group-098E0C4D619C-LeaderElection15] INFO  impl.LeaderElection (LeaderElection.java:logAndReturn(89)) - d10c596a-eed6-4646-883b-fed8c4bff5b3@group-098E0C4D619C-LeaderElection15: ELECTION REJECTED received 1 response(s) and 0 exception(s):
2021-08-23 13:58:26,158 [d10c596a-eed6-4646-883b-fed8c4bff5b3@group-098E0C4D619C-LeaderElection15] INFO  impl.LeaderElection (LeaderElection.java:logAndReturn(93)) -   Response 0: d10c596a-eed6-4646-883b-fed8c4bff5b3<-69717ffb-fc74-4ecd-b9ae-1b12a8ad2a81#0:FAIL-t8
2021-08-23 13:58:26,158 [d10c596a-eed6-4646-883b-fed8c4bff5b3@group-098E0C4D619C-LeaderElection15] INFO  impl.LeaderElection (LeaderElection.java:askForVotes(308)) - d10c596a-eed6-4646-883b-fed8c4bff5b3@group-098E0C4D619C-LeaderElection15 ELECTION round 0: result REJECTED
2021-08-23 13:58:26,158 [d10c596a-eed6-4646-883b-fed8c4bff5b3@group-098E0C4D619C-LeaderElection15] INFO  server.RaftServer$Division (RaftServerImpl.java:setRole(285)) - d10c596a-eed6-4646-883b-fed8c4bff5b3@group-098E0C4D619C: changes role from CANDIDATE to FOLLOWER at term 8 for REJECTED
2021-08-23 13:58:26,159 [d10c596a-eed6-4646-883b-fed8c4bff5b3@group-098E0C4D619C-LeaderElection15] INFO  impl.RoleInfo (RoleInfo.java:shutdownLeaderElection(121)) - d10c596a-eed6-4646-883b-fed8c4bff5b3: shutdown d10c596a-eed6-4646-883b-fed8c4bff5b3@group-098E0C4D619C-LeaderElection15
2021-08-23 13:58:26,159 [d10c596a-eed6-4646-883b-fed8c4bff5b3@group-098E0C4D619C-LeaderElection15] INFO  impl.RoleInfo (RoleInfo.java:updateAndGet(130)) - d10c596a-eed6-4646-883b-fed8c4bff5b3: start d10c596a-eed6-4646-883b-fed8c4bff5b3@group-098E0C4D619C-FollowerState
2021-08-23 13:58:26,159 [grpc-default-executor-2] INFO  server.RaftServer$Division (RaftServerImpl.java:requestVote(1075)) - 63f50bcb-c19d-440a-9268-3e58db776ca2@group-098E0C4D619C replies to ELECTION vote request: d10c596a-eed6-4646-883b-fed8c4bff5b3<-63f50bcb-c19d-440a-9268-3e58db776ca2#0:OK-t8. Peer's state: 63f50bcb-c19d-440a-9268-3e58db776ca2@group-098E0C4D619C:t8, leader=null, voted=d10c596a-eed6-4646-883b-fed8c4bff5b3, raftlog=63f50bcb-c19d-440a-9268-3e58db776ca2@group-098E0C4D619C-SegmentedRaftLog:OPENED:c-1,f-1,i0, conf=-1: [63f50bcb-c19d-440a-9268-3e58db776ca2|rpc:10.1.0.21:45411|priority:0, d10c596a-eed6-4646-883b-fed8c4bff5b3|rpc:10.1.0.21:35343|priority:0, 69717ffb-fc74-4ecd-b9ae-1b12a8ad2a81|rpc:10.1.0.21:43551|priority:1], old=null
2021-08-23 13:58:26,160 [grpc-default-executor-1] INFO  server.RaftServer$Division (RaftServerImpl.java:requestVote(1043)) - d10c596a-eed6-4646-883b-fed8c4bff5b3@group-098E0C4D619C: receive requestVote(ELECTION, 69717ffb-fc74-4ecd-b9ae-1b12a8ad2a81, group-098E0C4D619C, 8, (t:0, i:0))
2021-08-23 13:58:26,160 [grpc-default-executor-1] INFO  impl.VoteContext (VoteContext.java:log(48)) - d10c596a-eed6-4646-883b-fed8c4bff5b3@group-098E0C4D619C-FOLLOWER: reject ELECTION from 69717ffb-fc74-4ecd-b9ae-1b12a8ad2a81: already has voted for d10c596a-eed6-4646-883b-fed8c4bff5b3 at current term 8
2021-08-23 13:58:26,160 [grpc-default-executor-1] INFO  server.RaftServer$Division (RaftServerImpl.java:requestVote(1075)) - d10c596a-eed6-4646-883b-fed8c4bff5b3@group-098E0C4D619C replies to ELECTION vote request: 69717ffb-fc74-4ecd-b9ae-1b12a8ad2a81<-d10c596a-eed6-4646-883b-fed8c4bff5b3#0:FAIL-t8. Peer's state: d10c596a-eed6-4646-883b-fed8c4bff5b3@group-098E0C4D619C:t8, leader=null, voted=d10c596a-eed6-4646-883b-fed8c4bff5b3, raftlog=d10c596a-eed6-4646-883b-fed8c4bff5b3@group-098E0C4D619C-SegmentedRaftLog:OPENED:c-1,f-1,i0, conf=-1: [63f50bcb-c19d-440a-9268-3e58db776ca2|rpc:10.1.0.21:45411|priority:0, d10c596a-eed6-4646-883b-fed8c4bff5b3|rpc:10.1.0.21:35343|priority:0, 69717ffb-fc74-4ecd-b9ae-1b12a8ad2a81|rpc:10.1.0.21:43551|priority:1], old=null
2021-08-23 13:58:26,161 [grpc-default-executor-0] INFO  impl.VoteContext (VoteContext.java:log(48)) - 63f50bcb-c19d-440a-9268-3e58db776ca2@group-098E0C4D619C-FOLLOWER: reject ELECTION from 69717ffb-fc74-4ecd-b9ae-1b12a8ad2a81: already has voted for d10c596a-eed6-4646-883b-fed8c4bff5b3 at current term 8
2021-08-23 13:58:26,162 [grpc-default-executor-0] INFO  server.RaftServer$Division (RaftServerImpl.java:requestVote(1075)) - 63f50bcb-c19d-440a-9268-3e58db776ca2@group-098E0C4D619C replies to ELECTION vote request: 69717ffb-fc74-4ecd-b9ae-1b12a8ad2a81<-63f50bcb-c19d-440a-9268-3e58db776ca2#0:FAIL-t8. Peer's state: 63f50bcb-c19d-440a-9268-3e58db776ca2@group-098E0C4D619C:t8, leader=null, voted=d10c596a-eed6-4646-883b-fed8c4bff5b3, raftlog=63f50bcb-c19d-440a-9268-3e58db776ca2@group-098E0C4D619C-SegmentedRaftLog:OPENED:c-1,f-1,i0, conf=-1: [63f50bcb-c19d-440a-9268-3e58db776ca2|rpc:10.1.0.21:45411|priority:0, d10c596a-eed6-4646-883b-fed8c4bff5b3|rpc:10.1.0.21:35343|priority:0, 69717ffb-fc74-4ecd-b9ae-1b12a8ad2a81|rpc:10.1.0.21:43551|priority:1], old=null
2021-08-23 13:58:26,163 [69717ffb-fc74-4ecd-b9ae-1b12a8ad2a81@group-098E0C4D619C-LeaderElection16] INFO  impl.LeaderElection (LeaderElection.java:logAndReturn(89)) - 69717ffb-fc74-4ecd-b9ae-1b12a8ad2a81@group-098E0C4D619C-LeaderElection16: ELECTION REJECTED received 2 response(s) and 0 exception(s):
2021-08-23 13:58:26,163 [69717ffb-fc74-4ecd-b9ae-1b12a8ad2a81@group-098E0C4D619C-LeaderElection16] INFO  impl.LeaderElection (LeaderElection.java:logAndReturn(93)) -   Response 0: 69717ffb-fc74-4ecd-b9ae-1b12a8ad2a81<-d10c596a-eed6-4646-883b-fed8c4bff5b3#0:FAIL-t8
2021-08-23 13:58:26,163 [69717ffb-fc74-4ecd-b9ae-1b12a8ad2a81@group-098E0C4D619C-LeaderElection16] INFO  impl.LeaderElection (LeaderElection.java:logAndReturn(93)) -   Response 1: 69717ffb-fc74-4ecd-b9ae-1b12a8ad2a81<-63f50bcb-c19d-440a-9268-3e58db776ca2#0:FAIL-t8
2021-08-23 13:58:26,163 [69717ffb-fc74-4ecd-b9ae-1b12a8ad2a81@group-098E0C4D619C-LeaderElection16] INFO  impl.LeaderElection (LeaderElection.java:askForVotes(308)) - 69717ffb-fc74-4ecd-b9ae-1b12a8ad2a81@group-098E0C4D619C-LeaderElection16 ELECTION round 0: result REJECTED
2021-08-23 13:58:26,164 [69717ffb-fc74-4ecd-b9ae-1b12a8ad2a81@group-098E0C4D619C-LeaderElection16] INFO  server.RaftServer$Division (RaftServerImpl.java:setRole(285)) - 69717ffb-fc74-4ecd-b9ae-1b12a8ad2a81@group-098E0C4D619C: changes role from CANDIDATE to FOLLOWER at term 8 for REJECTED
2021-08-23 13:58:26,164 [69717ffb-fc74-4ecd-b9ae-1b12a8ad2a81@group-098E0C4D619C-LeaderElection16] INFO  impl.RoleInfo (RoleInfo.java:shutdownLeaderElection(121)) - 69717ffb-fc74-4ecd-b9ae-1b12a8ad2a81: shutdown 69717ffb-fc74-4ecd-b9ae-1b12a8ad2a81@group-098E0C4D619C-LeaderElection16
2021-08-23 13:58:26,164 [69717ffb-fc74-4ecd-b9ae-1b12a8ad2a81@group-098E0C4D619C-LeaderElection16] INFO  impl.RoleInfo (RoleInfo.java:updateAndGet(130)) - 69717ffb-fc74-4ecd-b9ae-1b12a8ad2a81: start 69717ffb-fc74-4ecd-b9ae-1b12a8ad2a81@group-098E0C4D619C-FollowerState
2021-08-23 13:58:26,632 [Listener at 127.0.0.1/37189] INFO  ozone.MiniOzoneClusterImpl (MiniOzoneClusterImpl.java:lambda$waitForClusterToBeReady$0(235)) - Nodes are ready. Got 3 of 3 DN Heartbeats.
2021-08-23 13:58:26,633 [Listener at 127.0.0.1/37189] INFO  ozone.MiniOzoneClusterImpl (MiniOzoneClusterImpl.java:lambda$waitForClusterToBeReady$0(238)) - Waiting for cluster to exit safe mode
2021-08-23 13:58:26,633 [Listener at 127.0.0.1/37189] INFO  ozone.MiniOzoneClusterImpl (MiniOzoneClusterImpl.java:lambda$waitForClusterToBeReady$0(240)) - SCM became leader
2021-08-23 13:58:27,633 [Listener at 127.0.0.1/37189] INFO  ozone.MiniOzoneClusterImpl (MiniOzoneClusterImpl.java:lambda$waitForClusterToBeReady$0(235)) - Nodes are ready. Got 3 of 3 DN Heartbeats.
2021-08-23 13:58:27,633 [Listener at 127.0.0.1/37189] INFO  ozone.MiniOzoneClusterImpl (MiniOzoneClusterImpl.java:lambda$waitForClusterToBeReady$0(238)) - Waiting for cluster to exit safe mode
2021-08-23 13:58:27,633 [Listener at 127.0.0.1/37189] INFO  ozone.MiniOzoneClusterImpl (MiniOzoneClusterImpl.java:lambda$waitForClusterToBeReady$0(240)) - SCM became leader
2021-08-23 13:58:28,633 [Listener at 127.0.0.1/37189] INFO  ozone.MiniOzoneClusterImpl (MiniOzoneClusterImpl.java:lambda$waitForClusterToBeReady$0(235)) - Nodes are ready. Got 3 of 3 DN Heartbeats.
2021-08-23 13:58:28,634 [Listener at 127.0.0.1/37189] INFO  ozone.MiniOzoneClusterImpl (MiniOzoneClusterImpl.java:lambda$waitForClusterToBeReady$0(238)) - Waiting for cluster to exit safe mode
2021-08-23 13:58:28,634 [Listener at 127.0.0.1/37189] INFO  ozone.MiniOzoneClusterImpl (MiniOzoneClusterImpl.java:lambda$waitForClusterToBeReady$0(240)) - SCM became leader
2021-08-23 13:58:29,634 [Listener at 127.0.0.1/37189] INFO  ozone.MiniOzoneClusterImpl (MiniOzoneClusterImpl.java:lambda$waitForClusterToBeReady$0(235)) - Nodes are ready. Got 3 of 3 DN Heartbeats.
2021-08-23 13:58:29,634 [Listener at 127.0.0.1/37189] INFO  ozone.MiniOzoneClusterImpl (MiniOzoneClusterImpl.java:lambda$waitForClusterToBeReady$0(238)) - Waiting for cluster to exit safe mode
2021-08-23 13:58:29,634 [Listener at 127.0.0.1/37189] INFO  ozone.MiniOzoneClusterImpl (MiniOzoneClusterImpl.java:lambda$waitForClusterToBeReady$0(240)) - SCM became leader
2021-08-23 13:58:30,634 [Listener at 127.0.0.1/37189] INFO  ozone.MiniOzoneClusterImpl (MiniOzoneClusterImpl.java:lambda$waitForClusterToBeReady$0(235)) - Nodes are ready. Got 3 of 3 DN Heartbeats.
2021-08-23 13:58:30,635 [Listener at 127.0.0.1/37189] INFO  ozone.MiniOzoneClusterImpl (MiniOzoneClusterImpl.java:lambda$waitForClusterToBeReady$0(238)) - Waiting for cluster to exit safe mode
2021-08-23 13:58:30,635 [Listener at 127.0.0.1/37189] INFO  ozone.MiniOzoneClusterImpl (MiniOzoneClusterImpl.java:lambda$waitForClusterToBeReady$0(240)) - SCM became leader
2021-08-23 13:58:31,227 [63f50bcb-c19d-440a-9268-3e58db776ca2@group-098E0C4D619C-FollowerState] INFO  impl.FollowerState (FollowerState.java:run(134)) - 63f50bcb-c19d-440a-9268-3e58db776ca2@group-098E0C4D619C-FollowerState: change to CANDIDATE, lastRpcElapsedTime:5068326941ns, electionTimeout:5068ms
2021-08-23 13:58:31,227 [63f50bcb-c19d-440a-9268-3e58db776ca2@group-098E0C4D619C-FollowerState] INFO  impl.RoleInfo (RoleInfo.java:shutdownFollowerState(108)) - 63f50bcb-c19d-440a-9268-3e58db776ca2: shutdown 63f50bcb-c19d-440a-9268-3e58db776ca2@group-098E0C4D619C-FollowerState
2021-08-23 13:58:31,227 [63f50bcb-c19d-440a-9268-3e58db776ca2@group-098E0C4D619C-FollowerState] INFO  server.RaftServer$Division (RaftServerImpl.java:setRole(285)) - 63f50bcb-c19d-440a-9268-3e58db776ca2@group-098E0C4D619C: changes role from  FOLLOWER to CANDIDATE at term 8 for changeToCandidate
2021-08-23 13:58:31,228 [63f50bcb-c19d-440a-9268-3e58db776ca2@group-098E0C4D619C-FollowerState] INFO  server.RaftServerConfigKeys (ConfUtils.java:logGet(44)) - raft.server.leaderelection.pre-vote = false (custom)
2021-08-23 13:58:31,228 [63f50bcb-c19d-440a-9268-3e58db776ca2@group-098E0C4D619C-FollowerState] INFO  impl.RoleInfo (RoleInfo.java:updateAndGet(130)) - 63f50bcb-c19d-440a-9268-3e58db776ca2: start 63f50bcb-c19d-440a-9268-3e58db776ca2@group-098E0C4D619C-LeaderElection17
2021-08-23 13:58:31,235 [63f50bcb-c19d-440a-9268-3e58db776ca2@group-098E0C4D619C-LeaderElection17] INFO  impl.LeaderElection (LeaderElection.java:askForVotes(306)) - 63f50bcb-c19d-440a-9268-3e58db776ca2@group-098E0C4D619C-LeaderElection17 ELECTION round 0: submit vote requests at term 9 for -1: [63f50bcb-c19d-440a-9268-3e58db776ca2|rpc:10.1.0.21:45411|priority:0, d10c596a-eed6-4646-883b-fed8c4bff5b3|rpc:10.1.0.21:35343|priority:0, 69717ffb-fc74-4ecd-b9ae-1b12a8ad2a81|rpc:10.1.0.21:43551|priority:1], old=null
2021-08-23 13:58:31,240 [grpc-default-executor-0] INFO  server.RaftServer$Division (RaftServerImpl.java:requestVote(1043)) - d10c596a-eed6-4646-883b-fed8c4bff5b3@group-098E0C4D619C: receive requestVote(ELECTION, 63f50bcb-c19d-440a-9268-3e58db776ca2, group-098E0C4D619C, 9, (t:0, i:0))
2021-08-23 13:58:31,241 [grpc-default-executor-0] INFO  impl.VoteContext (VoteContext.java:log(48)) - d10c596a-eed6-4646-883b-fed8c4bff5b3@group-098E0C4D619C-FOLLOWER: accept ELECTION from 63f50bcb-c19d-440a-9268-3e58db776ca2: our priority 0 <= candidate's priority 0
2021-08-23 13:58:31,241 [grpc-default-executor-0] INFO  server.RaftServer$Division (RaftServerImpl.java:setRole(285)) - d10c596a-eed6-4646-883b-fed8c4bff5b3@group-098E0C4D619C: changes role from  FOLLOWER to FOLLOWER at term 9 for candidate:63f50bcb-c19d-440a-9268-3e58db776ca2
2021-08-23 13:58:31,241 [grpc-default-executor-0] INFO  impl.RoleInfo (RoleInfo.java:shutdownFollowerState(108)) - d10c596a-eed6-4646-883b-fed8c4bff5b3: shutdown d10c596a-eed6-4646-883b-fed8c4bff5b3@group-098E0C4D619C-FollowerState
2021-08-23 13:58:31,241 [grpc-default-executor-0] INFO  impl.RoleInfo (RoleInfo.java:updateAndGet(130)) - d10c596a-eed6-4646-883b-fed8c4bff5b3: start d10c596a-eed6-4646-883b-fed8c4bff5b3@group-098E0C4D619C-FollowerState
2021-08-23 13:58:31,241 [d10c596a-eed6-4646-883b-fed8c4bff5b3@group-098E0C4D619C-FollowerState] INFO  impl.FollowerState (FollowerState.java:run(143)) - d10c596a-eed6-4646-883b-fed8c4bff5b3@group-098E0C4D619C-FollowerState was interrupted: {}
java.lang.InterruptedException: sleep interrupted
	at java.lang.Thread.sleep(Native Method)
	at java.lang.Thread.sleep(Thread.java:340)
	at java.util.concurrent.TimeUnit.sleep(TimeUnit.java:386)
	at org.apache.ratis.util.TimeDuration.sleep(TimeDuration.java:324)
	at org.apache.ratis.util.TimeDuration.sleep(TimeDuration.java:309)
	at org.apache.ratis.server.impl.FollowerState.run(FollowerState.java:118)
2021-08-23 13:58:31,242 [grpc-default-executor-0] INFO  server.RaftServer$Division (RaftServerImpl.java:requestVote(1075)) - d10c596a-eed6-4646-883b-fed8c4bff5b3@group-098E0C4D619C replies to ELECTION vote request: 63f50bcb-c19d-440a-9268-3e58db776ca2<-d10c596a-eed6-4646-883b-fed8c4bff5b3#0:OK-t9. Peer's state: d10c596a-eed6-4646-883b-fed8c4bff5b3@group-098E0C4D619C:t9, leader=null, voted=63f50bcb-c19d-440a-9268-3e58db776ca2, raftlog=d10c596a-eed6-4646-883b-fed8c4bff5b3@group-098E0C4D619C-SegmentedRaftLog:OPENED:c-1,f-1,i0, conf=-1: [63f50bcb-c19d-440a-9268-3e58db776ca2|rpc:10.1.0.21:45411|priority:0, d10c596a-eed6-4646-883b-fed8c4bff5b3|rpc:10.1.0.21:35343|priority:0, 69717ffb-fc74-4ecd-b9ae-1b12a8ad2a81|rpc:10.1.0.21:43551|priority:1], old=null
2021-08-23 13:58:31,246 [grpc-default-executor-0] INFO  server.RaftServer$Division (RaftServerImpl.java:requestVote(1043)) - 69717ffb-fc74-4ecd-b9ae-1b12a8ad2a81@group-098E0C4D619C: receive requestVote(ELECTION, 63f50bcb-c19d-440a-9268-3e58db776ca2, group-098E0C4D619C, 9, (t:0, i:0))
2021-08-23 13:58:31,246 [grpc-default-executor-0] INFO  impl.VoteContext (VoteContext.java:log(48)) - 69717ffb-fc74-4ecd-b9ae-1b12a8ad2a81@group-098E0C4D619C-FOLLOWER: reject ELECTION from 63f50bcb-c19d-440a-9268-3e58db776ca2: our priority 1 > candidate's priority 0
2021-08-23 13:58:31,246 [grpc-default-executor-0] INFO  server.RaftServer$Division (RaftServerImpl.java:setRole(285)) - 69717ffb-fc74-4ecd-b9ae-1b12a8ad2a81@group-098E0C4D619C: changes role from  FOLLOWER to FOLLOWER at term 9 for candidate:63f50bcb-c19d-440a-9268-3e58db776ca2
2021-08-23 13:58:31,246 [grpc-default-executor-0] INFO  impl.RoleInfo (RoleInfo.java:shutdownFollowerState(108)) - 69717ffb-fc74-4ecd-b9ae-1b12a8ad2a81: shutdown 69717ffb-fc74-4ecd-b9ae-1b12a8ad2a81@group-098E0C4D619C-FollowerState
2021-08-23 13:58:31,246 [grpc-default-executor-0] INFO  impl.RoleInfo (RoleInfo.java:updateAndGet(130)) - 69717ffb-fc74-4ecd-b9ae-1b12a8ad2a81: start 69717ffb-fc74-4ecd-b9ae-1b12a8ad2a81@group-098E0C4D619C-FollowerState
2021-08-23 13:58:31,247 [69717ffb-fc74-4ecd-b9ae-1b12a8ad2a81@group-098E0C4D619C-FollowerState] INFO  impl.FollowerState (FollowerState.java:run(143)) - 69717ffb-fc74-4ecd-b9ae-1b12a8ad2a81@group-098E0C4D619C-FollowerState was interrupted: {}
java.lang.InterruptedException: sleep interrupted
	at java.lang.Thread.sleep(Native Method)
	at java.lang.Thread.sleep(Thread.java:340)
	at java.util.concurrent.TimeUnit.sleep(TimeUnit.java:386)
	at org.apache.ratis.util.TimeDuration.sleep(TimeDuration.java:324)
	at org.apache.ratis.util.TimeDuration.sleep(TimeDuration.java:309)
	at org.apache.ratis.server.impl.FollowerState.run(FollowerState.java:118)
2021-08-23 13:58:31,252 [grpc-default-executor-0] INFO  server.RaftServer$Division (RaftServerImpl.java:requestVote(1075)) - 69717ffb-fc74-4ecd-b9ae-1b12a8ad2a81@group-098E0C4D619C replies to ELECTION vote request: 63f50bcb-c19d-440a-9268-3e58db776ca2<-69717ffb-fc74-4ecd-b9ae-1b12a8ad2a81#0:FAIL-t9. Peer's state: 69717ffb-fc74-4ecd-b9ae-1b12a8ad2a81@group-098E0C4D619C:t9, leader=null, voted=null, raftlog=69717ffb-fc74-4ecd-b9ae-1b12a8ad2a81@group-098E0C4D619C-SegmentedRaftLog:OPENED:c-1,f-1,i0, conf=-1: [63f50bcb-c19d-440a-9268-3e58db776ca2|rpc:10.1.0.21:45411|priority:0, d10c596a-eed6-4646-883b-fed8c4bff5b3|rpc:10.1.0.21:35343|priority:0, 69717ffb-fc74-4ecd-b9ae-1b12a8ad2a81|rpc:10.1.0.21:43551|priority:1], old=null
2021-08-23 13:58:31,254 [63f50bcb-c19d-440a-9268-3e58db776ca2@group-098E0C4D619C-LeaderElection17] INFO  impl.LeaderElection (LeaderElection.java:logAndReturn(89)) - 63f50bcb-c19d-440a-9268-3e58db776ca2@group-098E0C4D619C-LeaderElection17: ELECTION REJECTED received 2 response(s) and 0 exception(s):
2021-08-23 13:58:31,254 [63f50bcb-c19d-440a-9268-3e58db776ca2@group-098E0C4D619C-LeaderElection17] INFO  impl.LeaderElection (LeaderElection.java:logAndReturn(93)) -   Response 0: 63f50bcb-c19d-440a-9268-3e58db776ca2<-d10c596a-eed6-4646-883b-fed8c4bff5b3#0:OK-t9
2021-08-23 13:58:31,254 [63f50bcb-c19d-440a-9268-3e58db776ca2@group-098E0C4D619C-LeaderElection17] INFO  impl.LeaderElection (LeaderElection.java:logAndReturn(93)) -   Response 1: 63f50bcb-c19d-440a-9268-3e58db776ca2<-69717ffb-fc74-4ecd-b9ae-1b12a8ad2a81#0:FAIL-t9
2021-08-23 13:58:31,254 [63f50bcb-c19d-440a-9268-3e58db776ca2@group-098E0C4D619C-LeaderElection17] INFO  impl.LeaderElection (LeaderElection.java:askForVotes(308)) - 63f50bcb-c19d-440a-9268-3e58db776ca2@group-098E0C4D619C-LeaderElection17 ELECTION round 0: result REJECTED
2021-08-23 13:58:31,255 [63f50bcb-c19d-440a-9268-3e58db776ca2@group-098E0C4D619C-LeaderElection17] INFO  server.RaftServer$Division (RaftServerImpl.java:setRole(285)) - 63f50bcb-c19d-440a-9268-3e58db776ca2@group-098E0C4D619C: changes role from CANDIDATE to FOLLOWER at term 9 for REJECTED
2021-08-23 13:58:31,255 [63f50bcb-c19d-440a-9268-3e58db776ca2@group-098E0C4D619C-LeaderElection17] INFO  impl.RoleInfo (RoleInfo.java:shutdownLeaderElection(121)) - 63f50bcb-c19d-440a-9268-3e58db776ca2: shutdown 63f50bcb-c19d-440a-9268-3e58db776ca2@group-098E0C4D619C-LeaderElection17
2021-08-23 13:58:31,255 [63f50bcb-c19d-440a-9268-3e58db776ca2@group-098E0C4D619C-LeaderElection17] INFO  impl.RoleInfo (RoleInfo.java:updateAndGet(130)) - 63f50bcb-c19d-440a-9268-3e58db776ca2: start 63f50bcb-c19d-440a-9268-3e58db776ca2@group-098E0C4D619C-FollowerState
2021-08-23 13:58:31,635 [Listener at 127.0.0.1/37189] INFO  ozone.MiniOzoneClusterImpl (MiniOzoneClusterImpl.java:lambda$waitForClusterToBeReady$0(235)) - Nodes are ready. Got 3 of 3 DN Heartbeats.
2021-08-23 13:58:31,636 [Listener at 127.0.0.1/37189] INFO  ozone.MiniOzoneClusterImpl (MiniOzoneClusterImpl.java:lambda$waitForClusterToBeReady$0(238)) - Waiting for cluster to exit safe mode
2021-08-23 13:58:31,636 [Listener at 127.0.0.1/37189] INFO  ozone.MiniOzoneClusterImpl (MiniOzoneClusterImpl.java:lambda$waitForClusterToBeReady$0(240)) - SCM became leader
2021-08-23 13:58:32,636 [Listener at 127.0.0.1/37189] INFO  ozone.MiniOzoneClusterImpl (MiniOzoneClusterImpl.java:lambda$waitForClusterToBeReady$0(235)) - Nodes are ready. Got 3 of 3 DN Heartbeats.
2021-08-23 13:58:32,636 [Listener at 127.0.0.1/37189] INFO  ozone.MiniOzoneClusterImpl (MiniOzoneClusterImpl.java:lambda$waitForClusterToBeReady$0(238)) - Waiting for cluster to exit safe mode
2021-08-23 13:58:32,636 [Listener at 127.0.0.1/37189] INFO  ozone.MiniOzoneClusterImpl (MiniOzoneClusterImpl.java:lambda$waitForClusterToBeReady$0(240)) - SCM became leader
2021-08-23 13:58:33,637 [Listener at 127.0.0.1/37189] INFO  ozone.MiniOzoneClusterImpl (MiniOzoneClusterImpl.java:lambda$waitForClusterToBeReady$0(235)) - Nodes are ready. Got 3 of 3 DN Heartbeats.
2021-08-23 13:58:33,637 [Listener at 127.0.0.1/37189] INFO  ozone.MiniOzoneClusterImpl (MiniOzoneClusterImpl.java:lambda$waitForClusterToBeReady$0(238)) - Waiting for cluster to exit safe mode
2021-08-23 13:58:33,637 [Listener at 127.0.0.1/37189] INFO  ozone.MiniOzoneClusterImpl (MiniOzoneClusterImpl.java:lambda$waitForClusterToBeReady$0(240)) - SCM became leader
2021-08-23 13:58:34,637 [Listener at 127.0.0.1/37189] INFO  ozone.MiniOzoneClusterImpl (MiniOzoneClusterImpl.java:lambda$waitForClusterToBeReady$0(235)) - Nodes are ready. Got 3 of 3 DN Heartbeats.
2021-08-23 13:58:34,637 [Listener at 127.0.0.1/37189] INFO  ozone.MiniOzoneClusterImpl (MiniOzoneClusterImpl.java:lambda$waitForClusterToBeReady$0(238)) - Waiting for cluster to exit safe mode
2021-08-23 13:58:34,637 [Listener at 127.0.0.1/37189] INFO  ozone.MiniOzoneClusterImpl (MiniOzoneClusterImpl.java:lambda$waitForClusterToBeReady$0(240)) - SCM became leader
2021-08-23 13:58:35,638 [Listener at 127.0.0.1/37189] INFO  ozone.MiniOzoneClusterImpl (MiniOzoneClusterImpl.java:lambda$waitForClusterToBeReady$0(235)) - Nodes are ready. Got 3 of 3 DN Heartbeats.
2021-08-23 13:58:35,638 [Listener at 127.0.0.1/37189] INFO  ozone.MiniOzoneClusterImpl (MiniOzoneClusterImpl.java:lambda$waitForClusterToBeReady$0(238)) - Waiting for cluster to exit safe mode
2021-08-23 13:58:35,638 [Listener at 127.0.0.1/37189] INFO  ozone.MiniOzoneClusterImpl (MiniOzoneClusterImpl.java:lambda$waitForClusterToBeReady$0(240)) - SCM became leader
2021-08-23 13:58:36,324 [63f50bcb-c19d-440a-9268-3e58db776ca2@group-098E0C4D619C-FollowerState] INFO  impl.FollowerState (FollowerState.java:run(134)) - 63f50bcb-c19d-440a-9268-3e58db776ca2@group-098E0C4D619C-FollowerState: change to CANDIDATE, lastRpcElapsedTime:5068676109ns, electionTimeout:5068ms
2021-08-23 13:58:36,324 [63f50bcb-c19d-440a-9268-3e58db776ca2@group-098E0C4D619C-FollowerState] INFO  impl.RoleInfo (RoleInfo.java:shutdownFollowerState(108)) - 63f50bcb-c19d-440a-9268-3e58db776ca2: shutdown 63f50bcb-c19d-440a-9268-3e58db776ca2@group-098E0C4D619C-FollowerState
2021-08-23 13:58:36,324 [63f50bcb-c19d-440a-9268-3e58db776ca2@group-098E0C4D619C-FollowerState] INFO  server.RaftServer$Division (RaftServerImpl.java:setRole(285)) - 63f50bcb-c19d-440a-9268-3e58db776ca2@group-098E0C4D619C: changes role from  FOLLOWER to CANDIDATE at term 9 for changeToCandidate
2021-08-23 13:58:36,324 [63f50bcb-c19d-440a-9268-3e58db776ca2@group-098E0C4D619C-FollowerState] INFO  server.RaftServerConfigKeys (ConfUtils.java:logGet(44)) - raft.server.leaderelection.pre-vote = false (custom)
2021-08-23 13:58:36,324 [63f50bcb-c19d-440a-9268-3e58db776ca2@group-098E0C4D619C-FollowerState] INFO  impl.RoleInfo (RoleInfo.java:updateAndGet(130)) - 63f50bcb-c19d-440a-9268-3e58db776ca2: start 63f50bcb-c19d-440a-9268-3e58db776ca2@group-098E0C4D619C-LeaderElection18
2021-08-23 13:58:36,329 [63f50bcb-c19d-440a-9268-3e58db776ca2@group-098E0C4D619C-LeaderElection18] INFO  impl.LeaderElection (LeaderElection.java:askForVotes(306)) - 63f50bcb-c19d-440a-9268-3e58db776ca2@group-098E0C4D619C-LeaderElection18 ELECTION round 0: submit vote requests at term 10 for -1: [63f50bcb-c19d-440a-9268-3e58db776ca2|rpc:10.1.0.21:45411|priority:0, d10c596a-eed6-4646-883b-fed8c4bff5b3|rpc:10.1.0.21:35343|priority:0, 69717ffb-fc74-4ecd-b9ae-1b12a8ad2a81|rpc:10.1.0.21:43551|priority:1], old=null
2021-08-23 13:58:36,336 [grpc-default-executor-0] INFO  server.RaftServer$Division (RaftServerImpl.java:requestVote(1043)) - d10c596a-eed6-4646-883b-fed8c4bff5b3@group-098E0C4D619C: receive requestVote(ELECTION, 63f50bcb-c19d-440a-9268-3e58db776ca2, group-098E0C4D619C, 10, (t:0, i:0))
2021-08-23 13:58:36,337 [grpc-default-executor-0] INFO  impl.VoteContext (VoteContext.java:log(48)) - d10c596a-eed6-4646-883b-fed8c4bff5b3@group-098E0C4D619C-FOLLOWER: accept ELECTION from 63f50bcb-c19d-440a-9268-3e58db776ca2: our priority 0 <= candidate's priority 0
2021-08-23 13:58:36,337 [grpc-default-executor-0] INFO  server.RaftServer$Division (RaftServerImpl.java:setRole(285)) - d10c596a-eed6-4646-883b-fed8c4bff5b3@group-098E0C4D619C: changes role from  FOLLOWER to FOLLOWER at term 10 for candidate:63f50bcb-c19d-440a-9268-3e58db776ca2
2021-08-23 13:58:36,337 [grpc-default-executor-0] INFO  impl.RoleInfo (RoleInfo.java:shutdownFollowerState(108)) - d10c596a-eed6-4646-883b-fed8c4bff5b3: shutdown d10c596a-eed6-4646-883b-fed8c4bff5b3@group-098E0C4D619C-FollowerState
2021-08-23 13:58:36,337 [grpc-default-executor-0] INFO  impl.RoleInfo (RoleInfo.java:updateAndGet(130)) - d10c596a-eed6-4646-883b-fed8c4bff5b3: start d10c596a-eed6-4646-883b-fed8c4bff5b3@group-098E0C4D619C-FollowerState
2021-08-23 13:58:36,337 [d10c596a-eed6-4646-883b-fed8c4bff5b3@group-098E0C4D619C-FollowerState] INFO  impl.FollowerState (FollowerState.java:run(143)) - d10c596a-eed6-4646-883b-fed8c4bff5b3@group-098E0C4D619C-FollowerState was interrupted: {}
java.lang.InterruptedException: sleep interrupted
	at java.lang.Thread.sleep(Native Method)
	at java.lang.Thread.sleep(Thread.java:340)
	at java.util.concurrent.TimeUnit.sleep(TimeUnit.java:386)
	at org.apache.ratis.util.TimeDuration.sleep(TimeDuration.java:324)
	at org.apache.ratis.util.TimeDuration.sleep(TimeDuration.java:309)
	at org.apache.ratis.server.impl.FollowerState.run(FollowerState.java:118)
2021-08-23 13:58:36,343 [grpc-default-executor-0] INFO  server.RaftServer$Division (RaftServerImpl.java:requestVote(1075)) - d10c596a-eed6-4646-883b-fed8c4bff5b3@group-098E0C4D619C replies to ELECTION vote request: 63f50bcb-c19d-440a-9268-3e58db776ca2<-d10c596a-eed6-4646-883b-fed8c4bff5b3#0:OK-t10. Peer's state: d10c596a-eed6-4646-883b-fed8c4bff5b3@group-098E0C4D619C:t10, leader=null, voted=63f50bcb-c19d-440a-9268-3e58db776ca2, raftlog=d10c596a-eed6-4646-883b-fed8c4bff5b3@group-098E0C4D619C-SegmentedRaftLog:OPENED:c-1,f-1,i0, conf=-1: [63f50bcb-c19d-440a-9268-3e58db776ca2|rpc:10.1.0.21:45411|priority:0, d10c596a-eed6-4646-883b-fed8c4bff5b3|rpc:10.1.0.21:35343|priority:0, 69717ffb-fc74-4ecd-b9ae-1b12a8ad2a81|rpc:10.1.0.21:43551|priority:1], old=null
2021-08-23 13:58:36,346 [grpc-default-executor-1] INFO  server.RaftServer$Division (RaftServerImpl.java:requestVote(1043)) - 69717ffb-fc74-4ecd-b9ae-1b12a8ad2a81@group-098E0C4D619C: receive requestVote(ELECTION, 63f50bcb-c19d-440a-9268-3e58db776ca2, group-098E0C4D619C, 10, (t:0, i:0))
2021-08-23 13:58:36,347 [grpc-default-executor-1] INFO  impl.VoteContext (VoteContext.java:log(48)) - 69717ffb-fc74-4ecd-b9ae-1b12a8ad2a81@group-098E0C4D619C-FOLLOWER: reject ELECTION from 63f50bcb-c19d-440a-9268-3e58db776ca2: our priority 1 > candidate's priority 0
2021-08-23 13:58:36,347 [grpc-default-executor-1] INFO  server.RaftServer$Division (RaftServerImpl.java:setRole(285)) - 69717ffb-fc74-4ecd-b9ae-1b12a8ad2a81@group-098E0C4D619C: changes role from  FOLLOWER to FOLLOWER at term 10 for candidate:63f50bcb-c19d-440a-9268-3e58db776ca2
2021-08-23 13:58:36,347 [grpc-default-executor-1] INFO  impl.RoleInfo (RoleInfo.java:shutdownFollowerState(108)) - 69717ffb-fc74-4ecd-b9ae-1b12a8ad2a81: shutdown 69717ffb-fc74-4ecd-b9ae-1b12a8ad2a81@group-098E0C4D619C-FollowerState
2021-08-23 13:58:36,347 [grpc-default-executor-1] INFO  impl.RoleInfo (RoleInfo.java:updateAndGet(130)) - 69717ffb-fc74-4ecd-b9ae-1b12a8ad2a81: start 69717ffb-fc74-4ecd-b9ae-1b12a8ad2a81@group-098E0C4D619C-FollowerState
2021-08-23 13:58:36,347 [69717ffb-fc74-4ecd-b9ae-1b12a8ad2a81@group-098E0C4D619C-FollowerState] INFO  impl.FollowerState (FollowerState.java:run(143)) - 69717ffb-fc74-4ecd-b9ae-1b12a8ad2a81@group-098E0C4D619C-FollowerState was interrupted: {}
java.lang.InterruptedException: sleep interrupted
	at java.lang.Thread.sleep(Native Method)
	at java.lang.Thread.sleep(Thread.java:340)
	at java.util.concurrent.TimeUnit.sleep(TimeUnit.java:386)
	at org.apache.ratis.util.TimeDuration.sleep(TimeDuration.java:324)
	at org.apache.ratis.util.TimeDuration.sleep(TimeDuration.java:309)
	at org.apache.ratis.server.impl.FollowerState.run(FollowerState.java:118)
2021-08-23 13:58:36,352 [grpc-default-executor-1] INFO  server.RaftServer$Division (RaftServerImpl.java:requestVote(1075)) - 69717ffb-fc74-4ecd-b9ae-1b12a8ad2a81@group-098E0C4D619C replies to ELECTION vote request: 63f50bcb-c19d-440a-9268-3e58db776ca2<-69717ffb-fc74-4ecd-b9ae-1b12a8ad2a81#0:FAIL-t10. Peer's state: 69717ffb-fc74-4ecd-b9ae-1b12a8ad2a81@group-098E0C4D619C:t10, leader=null, voted=null, raftlog=69717ffb-fc74-4ecd-b9ae-1b12a8ad2a81@group-098E0C4D619C-SegmentedRaftLog:OPENED:c-1,f-1,i0, conf=-1: [63f50bcb-c19d-440a-9268-3e58db776ca2|rpc:10.1.0.21:45411|priority:0, d10c596a-eed6-4646-883b-fed8c4bff5b3|rpc:10.1.0.21:35343|priority:0, 69717ffb-fc74-4ecd-b9ae-1b12a8ad2a81|rpc:10.1.0.21:43551|priority:1], old=null
2021-08-23 13:58:36,353 [63f50bcb-c19d-440a-9268-3e58db776ca2@group-098E0C4D619C-LeaderElection18] INFO  impl.LeaderElection (LeaderElection.java:logAndReturn(89)) - 63f50bcb-c19d-440a-9268-3e58db776ca2@group-098E0C4D619C-LeaderElection18: ELECTION REJECTED received 2 response(s) and 0 exception(s):
2021-08-23 13:58:36,353 [63f50bcb-c19d-440a-9268-3e58db776ca2@group-098E0C4D619C-LeaderElection18] INFO  impl.LeaderElection (LeaderElection.java:logAndReturn(93)) -   Response 0: 63f50bcb-c19d-440a-9268-3e58db776ca2<-d10c596a-eed6-4646-883b-fed8c4bff5b3#0:OK-t10
2021-08-23 13:58:36,353 [63f50bcb-c19d-440a-9268-3e58db776ca2@group-098E0C4D619C-LeaderElection18] INFO  impl.LeaderElection (LeaderElection.java:logAndReturn(93)) -   Response 1: 63f50bcb-c19d-440a-9268-3e58db776ca2<-69717ffb-fc74-4ecd-b9ae-1b12a8ad2a81#0:FAIL-t10
2021-08-23 13:58:36,353 [63f50bcb-c19d-440a-9268-3e58db776ca2@group-098E0C4D619C-LeaderElection18] INFO  impl.LeaderElection (LeaderElection.java:askForVotes(308)) - 63f50bcb-c19d-440a-9268-3e58db776ca2@group-098E0C4D619C-LeaderElection18 ELECTION round 0: result REJECTED
2021-08-23 13:58:36,353 [63f50bcb-c19d-440a-9268-3e58db776ca2@group-098E0C4D619C-LeaderElection18] INFO  server.RaftServer$Division (RaftServerImpl.java:setRole(285)) - 63f50bcb-c19d-440a-9268-3e58db776ca2@group-098E0C4D619C: changes role from CANDIDATE to FOLLOWER at term 10 for REJECTED
2021-08-23 13:58:36,353 [63f50bcb-c19d-440a-9268-3e58db776ca2@group-098E0C4D619C-LeaderElection18] INFO  impl.RoleInfo (RoleInfo.java:shutdownLeaderElection(121)) - 63f50bcb-c19d-440a-9268-3e58db776ca2: shutdown 63f50bcb-c19d-440a-9268-3e58db776ca2@group-098E0C4D619C-LeaderElection18
2021-08-23 13:58:36,353 [63f50bcb-c19d-440a-9268-3e58db776ca2@group-098E0C4D619C-LeaderElection18] INFO  impl.RoleInfo (RoleInfo.java:updateAndGet(130)) - 63f50bcb-c19d-440a-9268-3e58db776ca2: start 63f50bcb-c19d-440a-9268-3e58db776ca2@group-098E0C4D619C-FollowerState
2021-08-23 13:58:36,638 [Listener at 127.0.0.1/37189] INFO  ozone.MiniOzoneClusterImpl (MiniOzoneClusterImpl.java:lambda$waitForClusterToBeReady$0(235)) - Nodes are ready. Got 3 of 3 DN Heartbeats.
2021-08-23 13:58:36,639 [Listener at 127.0.0.1/37189] INFO  ozone.MiniOzoneClusterImpl (MiniOzoneClusterImpl.java:lambda$waitForClusterToBeReady$0(238)) - Waiting for cluster to exit safe mode
2021-08-23 13:58:36,639 [Listener at 127.0.0.1/37189] INFO  ozone.MiniOzoneClusterImpl (MiniOzoneClusterImpl.java:lambda$waitForClusterToBeReady$0(240)) - SCM became leader
2021-08-23 13:58:36,922 [Time-limited test] INFO  ozone.MiniOzoneClusterImpl (MiniOzoneClusterImpl.java:shutdown(453)) - Shutting down the Mini Ozone Cluster
2021-08-23 13:58:36,922 [Time-limited test] INFO  ozone.MiniOzoneClusterImpl (MiniOzoneClusterImpl.java:stop(468)) - Stopping the Mini Ozone Cluster
2021-08-23 13:58:36,922 [Time-limited test] INFO  ozone.MiniOzoneClusterImpl (MiniOzoneClusterImpl.java:stopOM(550)) - Stopping the OzoneManager
2021-08-23 13:58:36,923 [Time-limited test] INFO  om.OzoneManager (OzoneManager.java:stop(1632)) - Stopping Ozone Manager
2021-08-23 13:58:36,923 [Time-limited test] INFO  ipc.Server (Server.java:stop(3414)) - Stopping server on 37189
2021-08-23 13:58:36,926 [IPC Server listener on 0] INFO  ipc.Server (Server.java:run(1376)) - Stopping IPC Server listener on 0
2021-08-23 13:58:36,926 [IPC Server Responder] INFO  ipc.Server (Server.java:run(1512)) - Stopping IPC Server Responder
2021-08-23 13:58:36,927 [Time-limited test] INFO  server.RaftServer (RaftServerProxy.java:lambda$close$6(391)) - om1: close
2021-08-23 13:58:36,928 [Time-limited test] INFO  server.RaftServer$Division (RaftServerImpl.java:lambda$close$4(407)) - om1@group-C5BA1605619E: shutdown
2021-08-23 13:58:36,928 [Time-limited test] INFO  util.JmxRegister (JmxRegister.java:unregister(73)) - Successfully un-registered JMX Bean with object name Ratis:service=RaftServer,group=group-C5BA1605619E,id=om1
2021-08-23 13:58:36,928 [Time-limited test] INFO  impl.RoleInfo (RoleInfo.java:shutdownLeaderState(91)) - om1: shutdown om1@group-C5BA1605619E-LeaderStateImpl
2021-08-23 13:58:36,928 [Time-limited test] INFO  impl.PendingRequests (PendingRequests.java:sendNotLeaderResponses(282)) - om1@group-C5BA1605619E-PendingRequests: sendNotLeaderResponses
2021-08-23 13:58:36,928 [Time-limited test] INFO  impl.StateMachineUpdater (StateMachineUpdater.java:stopAndJoin(149)) - om1@group-C5BA1605619E-StateMachineUpdater: set stopIndex = 0
2021-08-23 13:58:36,929 [om1@group-C5BA1605619E-StateMachineUpdater] INFO  ratis.OzoneManagerStateMachine (OzoneManagerStateMachine.java:takeSnapshot(417)) - Current Snapshot Index (t:1, i:0)
2021-08-23 13:58:36,929 [om1@group-C5BA1605619E-StateMachineUpdater] INFO  impl.StateMachineUpdater (StateMachineUpdater.java:takeSnapshot(281)) - om1@group-C5BA1605619E-StateMachineUpdater: Took a snapshot at index 0
2021-08-23 13:58:36,929 [om1@group-C5BA1605619E-StateMachineUpdater] INFO  impl.StateMachineUpdater (StateMachineUpdater.java:lambda$new$0(89)) - om1@group-C5BA1605619E-StateMachineUpdater: snapshotIndex: updateIncreasingly -1 -> 0
2021-08-23 13:58:36,929 [om1@group-C5BA1605619E-StateMachineUpdater] INFO  ratis.OzoneManagerStateMachine (OzoneManagerStateMachine.java:close(471)) - StateMachine has shutdown. Shutdown OzoneManager if not already shutdown.
2021-08-23 13:58:36,929 [Time-limited test] INFO  server.RaftServer$Division (ServerState.java:close(419)) - om1@group-C5BA1605619E: closes. applyIndex: 0
2021-08-23 13:58:36,929 [om1@group-C5BA1605619E-SegmentedRaftLogWorker] INFO  segmented.SegmentedRaftLogWorker (SegmentedRaftLogWorker.java:run(327)) - om1@group-C5BA1605619E-SegmentedRaftLogWorker was interrupted, exiting. There are 0 tasks remaining in the queue.
2021-08-23 13:58:36,930 [Time-limited test] INFO  segmented.SegmentedRaftLogWorker (SegmentedRaftLogWorker.java:close(237)) - om1@group-C5BA1605619E-SegmentedRaftLogWorker close()
2021-08-23 13:58:36,931 [Time-limited test] INFO  server.GrpcService (GrpcService.java:closeImpl(262)) - om1: shutdown server with port 9872 now
2021-08-23 13:58:36,932 [Time-limited test] INFO  server.GrpcService (GrpcService.java:closeImpl(271)) - om1: shutdown server with port 9872 successfully
2021-08-23 13:58:36,932 [org.apache.ratis.util.JvmPauseMonitor$$Lambda$531/776043543@4c64f665] INFO  util.JvmPauseMonitor (JvmPauseMonitor.java:run(109)) - JvmPauseMonitor-om1: Stopped
2021-08-23 13:58:36,932 [Time-limited test] INFO  ratis.OzoneManagerDoubleBuffer (OzoneManagerDoubleBuffer.java:stop(437)) - Stopping OMDoubleBuffer flush thread
2021-08-23 13:58:36,934 [OMDoubleBufferFlushThread] INFO  ratis.OzoneManagerDoubleBuffer (OzoneManagerDoubleBuffer.java:flushTransactions(356)) - OMDoubleBuffer flush thread OMDoubleBufferFlushThread is interrupted and will exit. OMDoubleBufferFlushThread
2021-08-23 13:58:36,935 [Time-limited test] INFO  utils.BackgroundService (BackgroundService.java:shutdown(132)) - Shutting down service KeyDeletingService
2021-08-23 13:58:36,936 [Time-limited test] INFO  handler.ContextHandler (ContextHandler.java:doStop(1153)) - Stopped o.e.j.w.WebAppContext@142f6254{ozoneManager,/,null,STOPPED}{file:/home/runner/work/ozone/ozone/hadoop-ozone/integration-test/target/test-classes/webapps/ozoneManager}
2021-08-23 13:58:36,936 [Time-limited test] INFO  server.AbstractConnector (AbstractConnector.java:doStop(381)) - Stopped ServerConnector@129f11d8{HTTP/1.1, (http/1.1)}{0.0.0.0:0}
2021-08-23 13:58:36,937 [Time-limited test] INFO  server.session (HouseKeeper.java:stopScavenging(149)) - node0 Stopped scavenging
2021-08-23 13:58:36,937 [Time-limited test] INFO  handler.ContextHandler (ContextHandler.java:doStop(1153)) - Stopped o.e.j.s.ServletContextHandler@153e9a2e{static,/static,file:///home/runner/work/ozone/ozone/hadoop-ozone/integration-test/target/test-classes/webapps/static,STOPPED}
2021-08-23 13:58:36,939 [Time-limited test] INFO  handler.ContextHandler (ContextHandler.java:doStop(1153)) - Stopped o.e.j.s.ServletContextHandler@1ed8223e{logs,/logs,file:///home/runner/work/ozone/ozone/hadoop-ozone/integration-test/target/log,STOPPED}
2021-08-23 13:58:36,942 [Time-limited test] INFO  ozone.MiniOzoneClusterImpl (MiniOzoneClusterImpl.java:stopDatanodes(527)) - Stopping the HddsDatanodes
2021-08-23 13:58:37,144 [Datanode State Machine Thread - 0] INFO  statemachine.DatanodeStateMachine (DatanodeStateMachine.java:lambda$startDaemon$0(457)) - Ozone container server started.
2021-08-23 13:58:37,440 [Datanode State Machine Thread - 0] INFO  statemachine.DatanodeStateMachine (DatanodeStateMachine.java:lambda$startDaemon$0(457)) - Ozone container server started.
2021-08-23 13:58:41,372 [69717ffb-fc74-4ecd-b9ae-1b12a8ad2a81@group-098E0C4D619C-FollowerState] INFO  impl.FollowerState (FollowerState.java:run(134)) - 69717ffb-fc74-4ecd-b9ae-1b12a8ad2a81@group-098E0C4D619C-FollowerState: change to CANDIDATE, lastRpcElapsedTime:5024791132ns, electionTimeout:5020ms
2021-08-23 13:58:41,372 [69717ffb-fc74-4ecd-b9ae-1b12a8ad2a81@group-098E0C4D619C-FollowerState] INFO  impl.RoleInfo (RoleInfo.java:shutdownFollowerState(108)) - 69717ffb-fc74-4ecd-b9ae-1b12a8ad2a81: shutdown 69717ffb-fc74-4ecd-b9ae-1b12a8ad2a81@group-098E0C4D619C-FollowerState
2021-08-23 13:58:41,372 [69717ffb-fc74-4ecd-b9ae-1b12a8ad2a81@group-098E0C4D619C-FollowerState] INFO  server.RaftServer$Division (RaftServerImpl.java:setRole(285)) - 69717ffb-fc74-4ecd-b9ae-1b12a8ad2a81@group-098E0C4D619C: changes role from  FOLLOWER to CANDIDATE at term 10 for changeToCandidate
2021-08-23 13:58:41,372 [69717ffb-fc74-4ecd-b9ae-1b12a8ad2a81@group-098E0C4D619C-FollowerState] INFO  server.RaftServerConfigKeys (ConfUtils.java:logGet(44)) - raft.server.leaderelection.pre-vote = false (custom)
2021-08-23 13:58:41,372 [69717ffb-fc74-4ecd-b9ae-1b12a8ad2a81@group-098E0C4D619C-FollowerState] INFO  impl.RoleInfo (RoleInfo.java:updateAndGet(130)) - 69717ffb-fc74-4ecd-b9ae-1b12a8ad2a81: start 69717ffb-fc74-4ecd-b9ae-1b12a8ad2a81@group-098E0C4D619C-LeaderElection19
2021-08-23 13:58:41,379 [69717ffb-fc74-4ecd-b9ae-1b12a8ad2a81@group-098E0C4D619C-LeaderElection19] INFO  impl.LeaderElection (LeaderElection.java:askForVotes(306)) - 69717ffb-fc74-4ecd-b9ae-1b12a8ad2a81@group-098E0C4D619C-LeaderElection19 ELECTION round 0: submit vote requests at term 11 for -1: [63f50bcb-c19d-440a-9268-3e58db776ca2|rpc:10.1.0.21:45411|priority:0, d10c596a-eed6-4646-883b-fed8c4bff5b3|rpc:10.1.0.21:35343|priority:0, 69717ffb-fc74-4ecd-b9ae-1b12a8ad2a81|rpc:10.1.0.21:43551|priority:1], old=null
2021-08-23 13:58:41,384 [grpc-default-executor-1] INFO  server.RaftServer$Division (RaftServerImpl.java:requestVote(1043)) - 63f50bcb-c19d-440a-9268-3e58db776ca2@group-098E0C4D619C: receive requestVote(ELECTION, 69717ffb-fc74-4ecd-b9ae-1b12a8ad2a81, group-098E0C4D619C, 11, (t:0, i:0))
2021-08-23 13:58:41,385 [grpc-default-executor-1] INFO  impl.VoteContext (VoteContext.java:log(48)) - 63f50bcb-c19d-440a-9268-3e58db776ca2@group-098E0C4D619C-FOLLOWER: accept ELECTION from 69717ffb-fc74-4ecd-b9ae-1b12a8ad2a81: our priority 0 <= candidate's priority 1
2021-08-23 13:58:41,385 [grpc-default-executor-1] INFO  server.RaftServer$Division (RaftServerImpl.java:setRole(285)) - 63f50bcb-c19d-440a-9268-3e58db776ca2@group-098E0C4D619C: changes role from  FOLLOWER to FOLLOWER at term 11 for candidate:69717ffb-fc74-4ecd-b9ae-1b12a8ad2a81
2021-08-23 13:58:41,385 [grpc-default-executor-1] INFO  impl.RoleInfo (RoleInfo.java:shutdownFollowerState(108)) - 63f50bcb-c19d-440a-9268-3e58db776ca2: shutdown 63f50bcb-c19d-440a-9268-3e58db776ca2@group-098E0C4D619C-FollowerState
2021-08-23 13:58:41,385 [grpc-default-executor-1] INFO  impl.RoleInfo (RoleInfo.java:updateAndGet(130)) - 63f50bcb-c19d-440a-9268-3e58db776ca2: start 63f50bcb-c19d-440a-9268-3e58db776ca2@group-098E0C4D619C-FollowerState
2021-08-23 13:58:41,385 [63f50bcb-c19d-440a-9268-3e58db776ca2@group-098E0C4D619C-FollowerState] INFO  impl.FollowerState (FollowerState.java:run(143)) - 63f50bcb-c19d-440a-9268-3e58db776ca2@group-098E0C4D619C-FollowerState was interrupted: {}
java.lang.InterruptedException: sleep interrupted
	at java.lang.Thread.sleep(Native Method)
	at java.lang.Thread.sleep(Thread.java:340)
	at java.util.concurrent.TimeUnit.sleep(TimeUnit.java:386)
	at org.apache.ratis.util.TimeDuration.sleep(TimeDuration.java:324)
	at org.apache.ratis.util.TimeDuration.sleep(TimeDuration.java:309)
	at org.apache.ratis.server.impl.FollowerState.run(FollowerState.java:118)
2021-08-23 13:58:41,390 [grpc-default-executor-1] INFO  server.RaftServer$Division (RaftServerImpl.java:requestVote(1075)) - 63f50bcb-c19d-440a-9268-3e58db776ca2@group-098E0C4D619C replies to ELECTION vote request: 69717ffb-fc74-4ecd-b9ae-1b12a8ad2a81<-63f50bcb-c19d-440a-9268-3e58db776ca2#0:OK-t11. Peer's state: 63f50bcb-c19d-440a-9268-3e58db776ca2@group-098E0C4D619C:t11, leader=null, voted=69717ffb-fc74-4ecd-b9ae-1b12a8ad2a81, raftlog=63f50bcb-c19d-440a-9268-3e58db776ca2@group-098E0C4D619C-SegmentedRaftLog:OPENED:c-1,f-1,i0, conf=-1: [63f50bcb-c19d-440a-9268-3e58db776ca2|rpc:10.1.0.21:45411|priority:0, d10c596a-eed6-4646-883b-fed8c4bff5b3|rpc:10.1.0.21:35343|priority:0, 69717ffb-fc74-4ecd-b9ae-1b12a8ad2a81|rpc:10.1.0.21:43551|priority:1], old=null
2021-08-23 13:58:41,395 [69717ffb-fc74-4ecd-b9ae-1b12a8ad2a81@group-098E0C4D619C-LeaderElection19] INFO  impl.LeaderElection (LeaderElection.java:logAndReturn(89)) - 69717ffb-fc74-4ecd-b9ae-1b12a8ad2a81@group-098E0C4D619C-LeaderElection19: ELECTION PASSED received 1 response(s) and 0 exception(s):
2021-08-23 13:58:41,395 [grpc-default-executor-1] INFO  server.RaftServer$Division (RaftServerImpl.java:requestVote(1043)) - d10c596a-eed6-4646-883b-fed8c4bff5b3@group-098E0C4D619C: receive requestVote(ELECTION, 69717ffb-fc74-4ecd-b9ae-1b12a8ad2a81, group-098E0C4D619C, 11, (t:0, i:0))
2021-08-23 13:58:41,395 [69717ffb-fc74-4ecd-b9ae-1b12a8ad2a81@group-098E0C4D619C-LeaderElection19] INFO  impl.LeaderElection (LeaderElection.java:logAndReturn(93)) -   Response 0: 69717ffb-fc74-4ecd-b9ae-1b12a8ad2a81<-63f50bcb-c19d-440a-9268-3e58db776ca2#0:OK-t11
2021-08-23 13:58:41,399 [69717ffb-fc74-4ecd-b9ae-1b12a8ad2a81@group-098E0C4D619C-LeaderElection19] INFO  impl.LeaderElection (LeaderElection.java:askForVotes(308)) - 69717ffb-fc74-4ecd-b9ae-1b12a8ad2a81@group-098E0C4D619C-LeaderElection19 ELECTION round 0: result PASSED
2021-08-23 13:58:41,399 [69717ffb-fc74-4ecd-b9ae-1b12a8ad2a81@group-098E0C4D619C-LeaderElection19] INFO  impl.RoleInfo (RoleInfo.java:shutdownLeaderElection(121)) - 69717ffb-fc74-4ecd-b9ae-1b12a8ad2a81: shutdown 69717ffb-fc74-4ecd-b9ae-1b12a8ad2a81@group-098E0C4D619C-LeaderElection19
2021-08-23 13:58:41,399 [69717ffb-fc74-4ecd-b9ae-1b12a8ad2a81@group-098E0C4D619C-LeaderElection19] INFO  server.RaftServer$Division (RaftServerImpl.java:setRole(285)) - 69717ffb-fc74-4ecd-b9ae-1b12a8ad2a81@group-098E0C4D619C: changes role from CANDIDATE to LEADER at term 11 for changeToLeader
2021-08-23 13:58:41,399 [69717ffb-fc74-4ecd-b9ae-1b12a8ad2a81@group-098E0C4D619C-LeaderElection19] INFO  ratis.XceiverServerRatis (XceiverServerRatis.java:handleLeaderChangedNotification(861)) - Leader change notification received for group: group-098E0C4D619C with new leaderId: 69717ffb-fc74-4ecd-b9ae-1b12a8ad2a81
2021-08-23 13:58:41,399 [69717ffb-fc74-4ecd-b9ae-1b12a8ad2a81@group-098E0C4D619C-LeaderElection19] INFO  server.RaftServer$Division (ServerState.java:setLeader(285)) - 69717ffb-fc74-4ecd-b9ae-1b12a8ad2a81@group-098E0C4D619C: change Leader from null to 69717ffb-fc74-4ecd-b9ae-1b12a8ad2a81 at term 11 for becomeLeader, leader elected after 56015ms
2021-08-23 13:58:41,399 [69717ffb-fc74-4ecd-b9ae-1b12a8ad2a81@group-098E0C4D619C-LeaderElection19] INFO  server.RaftServerConfigKeys (ConfUtils.java:logGet(44)) - raft.server.staging.catchup.gap = 1000 (default)
2021-08-23 13:58:41,399 [grpc-default-executor-1] INFO  impl.VoteContext (VoteContext.java:log(48)) - d10c596a-eed6-4646-883b-fed8c4bff5b3@group-098E0C4D619C-FOLLOWER: accept ELECTION from 69717ffb-fc74-4ecd-b9ae-1b12a8ad2a81: our priority 0 <= candidate's priority 1
2021-08-23 13:58:41,400 [69717ffb-fc74-4ecd-b9ae-1b12a8ad2a81@group-098E0C4D619C-LeaderElection19] INFO  server.RaftServerConfigKeys (ConfUtils.java:logGet(44)) - raft.server.write.element-limit = 1024 (custom)
2021-08-23 13:58:41,400 [grpc-default-executor-1] INFO  server.RaftServer$Division (RaftServerImpl.java:setRole(285)) - d10c596a-eed6-4646-883b-fed8c4bff5b3@group-098E0C4D619C: changes role from  FOLLOWER to FOLLOWER at term 11 for candidate:69717ffb-fc74-4ecd-b9ae-1b12a8ad2a81
2021-08-23 13:58:41,400 [grpc-default-executor-1] INFO  impl.RoleInfo (RoleInfo.java:shutdownFollowerState(108)) - d10c596a-eed6-4646-883b-fed8c4bff5b3: shutdown d10c596a-eed6-4646-883b-fed8c4bff5b3@group-098E0C4D619C-FollowerState
2021-08-23 13:58:41,400 [grpc-default-executor-1] INFO  impl.RoleInfo (RoleInfo.java:updateAndGet(130)) - d10c596a-eed6-4646-883b-fed8c4bff5b3: start d10c596a-eed6-4646-883b-fed8c4bff5b3@group-098E0C4D619C-FollowerState
2021-08-23 13:58:41,400 [69717ffb-fc74-4ecd-b9ae-1b12a8ad2a81@group-098E0C4D619C-LeaderElection19] INFO  server.RaftServerConfigKeys (ConfUtils.java:logGet(44)) - raft.server.write.byte-limit = 1024 M (=1073741824) (custom)
2021-08-23 13:58:41,400 [d10c596a-eed6-4646-883b-fed8c4bff5b3@group-098E0C4D619C-FollowerState] INFO  impl.FollowerState (FollowerState.java:run(143)) - d10c596a-eed6-4646-883b-fed8c4bff5b3@group-098E0C4D619C-FollowerState was interrupted: {}
java.lang.InterruptedException: sleep interrupted
	at java.lang.Thread.sleep(Native Method)
	at java.lang.Thread.sleep(Thread.java:340)
	at java.util.concurrent.TimeUnit.sleep(TimeUnit.java:386)
	at org.apache.ratis.util.TimeDuration.sleep(TimeDuration.java:324)
	at org.apache.ratis.util.TimeDuration.sleep(TimeDuration.java:309)
	at org.apache.ratis.server.impl.FollowerState.run(FollowerState.java:118)
2021-08-23 13:58:41,400 [69717ffb-fc74-4ecd-b9ae-1b12a8ad2a81@group-098E0C4D619C-LeaderElection19] INFO  server.RaftServerConfigKeys (ConfUtils.java:logGet(44)) - raft.server.watch.timeout = 180s (custom)
2021-08-23 13:58:41,405 [69717ffb-fc74-4ecd-b9ae-1b12a8ad2a81@group-098E0C4D619C-LeaderElection19] INFO  server.RaftServerConfigKeys (ConfUtils.java:logGet(44)) - raft.server.watch.timeout.denomination = 1s (default)
2021-08-23 13:58:41,405 [grpc-default-executor-1] INFO  server.RaftServer$Division (RaftServerImpl.java:requestVote(1075)) - d10c596a-eed6-4646-883b-fed8c4bff5b3@group-098E0C4D619C replies to ELECTION vote request: 69717ffb-fc74-4ecd-b9ae-1b12a8ad2a81<-d10c596a-eed6-4646-883b-fed8c4bff5b3#0:OK-t11. Peer's state: d10c596a-eed6-4646-883b-fed8c4bff5b3@group-098E0C4D619C:t11, leader=null, voted=69717ffb-fc74-4ecd-b9ae-1b12a8ad2a81, raftlog=d10c596a-eed6-4646-883b-fed8c4bff5b3@group-098E0C4D619C-SegmentedRaftLog:OPENED:c-1,f-1,i0, conf=-1: [63f50bcb-c19d-440a-9268-3e58db776ca2|rpc:10.1.0.21:45411|priority:0, d10c596a-eed6-4646-883b-fed8c4bff5b3|rpc:10.1.0.21:35343|priority:0, 69717ffb-fc74-4ecd-b9ae-1b12a8ad2a81|rpc:10.1.0.21:43551|priority:1], old=null
2021-08-23 13:58:41,405 [69717ffb-fc74-4ecd-b9ae-1b12a8ad2a81@group-098E0C4D619C-LeaderElection19] INFO  server.RaftServerConfigKeys (ConfUtils.java:logGet(44)) - raft.server.watch.element-limit = 65536 (default)
2021-08-23 13:58:41,418 [69717ffb-fc74-4ecd-b9ae-1b12a8ad2a81@group-098E0C4D619C-LeaderElection19] INFO  server.RaftServerConfigKeys (ConfUtils.java:logGet(44)) - raft.server.log.appender.snapshot.chunk.size.max = 16MB (=16777216) (default)
2021-08-23 13:58:41,418 [69717ffb-fc74-4ecd-b9ae-1b12a8ad2a81@group-098E0C4D619C-LeaderElection19] INFO  server.RaftServerConfigKeys (ConfUtils.java:logGet(44)) - raft.server.log.appender.buffer.byte-limit = 33554432 (custom)
2021-08-23 13:58:41,419 [69717ffb-fc74-4ecd-b9ae-1b12a8ad2a81@group-098E0C4D619C-LeaderElection19] INFO  server.RaftServerConfigKeys (ConfUtils.java:logGet(44)) - raft.server.log.appender.buffer.element-limit = 1 (custom)
2021-08-23 13:58:41,421 [69717ffb-fc74-4ecd-b9ae-1b12a8ad2a81@group-098E0C4D619C-LeaderElection19] INFO  grpc.GrpcConfigKeys (ConfUtils.java:logGet(44)) - raft.grpc.server.leader.outstanding.appends.max = 128 (default)
2021-08-23 13:58:41,421 [69717ffb-fc74-4ecd-b9ae-1b12a8ad2a81@group-098E0C4D619C-LeaderElection19] INFO  server.RaftServerConfigKeys (ConfUtils.java:logGet(44)) - raft.server.rpc.request.timeout = 60s (custom)
2021-08-23 13:58:41,421 [69717ffb-fc74-4ecd-b9ae-1b12a8ad2a81@group-098E0C4D619C-LeaderElection19] INFO  server.RaftServerConfigKeys (ConfUtils.java:logGet(44)) - raft.server.log.appender.install.snapshot.enabled = false (custom)
2021-08-23 13:58:41,426 [69717ffb-fc74-4ecd-b9ae-1b12a8ad2a81@group-098E0C4D619C-LeaderElection19] INFO  server.RaftServerConfigKeys (ConfUtils.java:logGet(44)) - raft.server.log.appender.snapshot.chunk.size.max = 16MB (=16777216) (default)
2021-08-23 13:58:41,426 [69717ffb-fc74-4ecd-b9ae-1b12a8ad2a81@group-098E0C4D619C-LeaderElection19] INFO  server.RaftServerConfigKeys (ConfUtils.java:logGet(44)) - raft.server.log.appender.buffer.byte-limit = 33554432 (custom)
2021-08-23 13:58:41,426 [69717ffb-fc74-4ecd-b9ae-1b12a8ad2a81@group-098E0C4D619C-LeaderElection19] INFO  server.RaftServerConfigKeys (ConfUtils.java:logGet(44)) - raft.server.log.appender.buffer.element-limit = 1 (custom)
2021-08-23 13:58:41,426 [69717ffb-fc74-4ecd-b9ae-1b12a8ad2a81@group-098E0C4D619C-LeaderElection19] INFO  grpc.GrpcConfigKeys (ConfUtils.java:logGet(44)) - raft.grpc.server.leader.outstanding.appends.max = 128 (default)
2021-08-23 13:58:41,426 [69717ffb-fc74-4ecd-b9ae-1b12a8ad2a81@group-098E0C4D619C-LeaderElection19] INFO  server.RaftServerConfigKeys (ConfUtils.java:logGet(44)) - raft.server.rpc.request.timeout = 60s (custom)
2021-08-23 13:58:41,426 [69717ffb-fc74-4ecd-b9ae-1b12a8ad2a81@group-098E0C4D619C-LeaderElection19] INFO  server.RaftServerConfigKeys (ConfUtils.java:logGet(44)) - raft.server.log.appender.install.snapshot.enabled = false (custom)
2021-08-23 13:58:41,427 [69717ffb-fc74-4ecd-b9ae-1b12a8ad2a81@group-098E0C4D619C-LeaderElection19] INFO  impl.RoleInfo (RoleInfo.java:updateAndGet(130)) - 69717ffb-fc74-4ecd-b9ae-1b12a8ad2a81: start 69717ffb-fc74-4ecd-b9ae-1b12a8ad2a81@group-098E0C4D619C-LeaderStateImpl
2021-08-23 13:58:41,429 [69717ffb-fc74-4ecd-b9ae-1b12a8ad2a81@group-098E0C4D619C-LeaderElection19] INFO  segmented.SegmentedRaftLogWorker (SegmentedRaftLogWorker.java:startLogSegment(394)) - 69717ffb-fc74-4ecd-b9ae-1b12a8ad2a81@group-098E0C4D619C-SegmentedRaftLogWorker: Starting segment from index:0
2021-08-23 13:58:41,431 [69717ffb-fc74-4ecd-b9ae-1b12a8ad2a81@group-098E0C4D619C-SegmentedRaftLogWorker] INFO  segmented.SegmentedRaftLogWorker (SegmentedRaftLogWorker.java:execute(601)) - 69717ffb-fc74-4ecd-b9ae-1b12a8ad2a81@group-098E0C4D619C-SegmentedRaftLogWorker: created new log segment /home/runner/work/ozone/ozone/hadoop-ozone/integration-test/target/test-dir/MiniOzoneClusterImpl-f0cf9c5c-e004-47d7-a6a1-b11a210091d6/datanode-1/data/ratis/fd191343-85c8-447d-ad07-098e0c4d619c/current/log_inprogress_0
2021-08-23 13:58:41,452 [69717ffb-fc74-4ecd-b9ae-1b12a8ad2a81@group-098E0C4D619C-LeaderElection19] INFO  server.RaftServer$Division (ServerState.java:setRaftConf(387)) - 69717ffb-fc74-4ecd-b9ae-1b12a8ad2a81@group-098E0C4D619C: set configuration 0: [63f50bcb-c19d-440a-9268-3e58db776ca2|rpc:10.1.0.21:45411|dataStream:|priority:0, d10c596a-eed6-4646-883b-fed8c4bff5b3|rpc:10.1.0.21:35343|dataStream:|priority:0, 69717ffb-fc74-4ecd-b9ae-1b12a8ad2a81|rpc:10.1.0.21:43551|dataStream:|priority:1], old=null
2021-08-23 13:58:41,457 [grpc-default-executor-0] INFO  ratis.XceiverServerRatis (XceiverServerRatis.java:handleLeaderChangedNotification(861)) - Leader change notification received for group: group-098E0C4D619C with new leaderId: 69717ffb-fc74-4ecd-b9ae-1b12a8ad2a81
2021-08-23 13:58:41,457 [grpc-default-executor-0] INFO  server.RaftServer$Division (ServerState.java:setLeader(285)) - 63f50bcb-c19d-440a-9268-3e58db776ca2@group-098E0C4D619C: change Leader from null to 69717ffb-fc74-4ecd-b9ae-1b12a8ad2a81 at term 11 for appendEntries, leader elected after 56398ms
2021-08-23 13:58:41,472 [grpc-default-executor-1] INFO  ratis.XceiverServerRatis (XceiverServerRatis.java:handleLeaderChangedNotification(861)) - Leader change notification received for group: group-098E0C4D619C with new leaderId: 69717ffb-fc74-4ecd-b9ae-1b12a8ad2a81
2021-08-23 13:58:41,473 [grpc-default-executor-1] INFO  server.RaftServer$Division (ServerState.java:setLeader(285)) - d10c596a-eed6-4646-883b-fed8c4bff5b3@group-098E0C4D619C: change Leader from null to 69717ffb-fc74-4ecd-b9ae-1b12a8ad2a81 at term 11 for appendEntries, leader elected after 55762ms
2021-08-23 13:58:41,479 [grpc-default-executor-1] INFO  server.RaftServer$Division (ServerState.java:setRaftConf(387)) - d10c596a-eed6-4646-883b-fed8c4bff5b3@group-098E0C4D619C: set configuration 0: [63f50bcb-c19d-440a-9268-3e58db776ca2|rpc:10.1.0.21:45411|dataStream:|priority:0, d10c596a-eed6-4646-883b-fed8c4bff5b3|rpc:10.1.0.21:35343|dataStream:|priority:0, 69717ffb-fc74-4ecd-b9ae-1b12a8ad2a81|rpc:10.1.0.21:43551|dataStream:|priority:1], old=null
2021-08-23 13:58:41,480 [grpc-default-executor-1] INFO  segmented.SegmentedRaftLogWorker (SegmentedRaftLogWorker.java:startLogSegment(394)) - d10c596a-eed6-4646-883b-fed8c4bff5b3@group-098E0C4D619C-SegmentedRaftLogWorker: Starting segment from index:0
2021-08-23 13:58:41,481 [grpc-default-executor-0] INFO  server.RaftServer$Division (ServerState.java:setRaftConf(387)) - 63f50bcb-c19d-440a-9268-3e58db776ca2@group-098E0C4D619C: set configuration 0: [63f50bcb-c19d-440a-9268-3e58db776ca2|rpc:10.1.0.21:45411|dataStream:|priority:0, d10c596a-eed6-4646-883b-fed8c4bff5b3|rpc:10.1.0.21:35343|dataStream:|priority:0, 69717ffb-fc74-4ecd-b9ae-1b12a8ad2a81|rpc:10.1.0.21:43551|dataStream:|priority:1], old=null
2021-08-23 13:58:41,482 [grpc-default-executor-0] INFO  segmented.SegmentedRaftLogWorker (SegmentedRaftLogWorker.java:startLogSegment(394)) - 63f50bcb-c19d-440a-9268-3e58db776ca2@group-098E0C4D619C-SegmentedRaftLogWorker: Starting segment from index:0
2021-08-23 13:58:41,482 [d10c596a-eed6-4646-883b-fed8c4bff5b3@group-098E0C4D619C-SegmentedRaftLogWorker] INFO  segmented.SegmentedRaftLogWorker (SegmentedRaftLogWorker.java:execute(601)) - d10c596a-eed6-4646-883b-fed8c4bff5b3@group-098E0C4D619C-SegmentedRaftLogWorker: created new log segment /home/runner/work/ozone/ozone/hadoop-ozone/integration-test/target/test-dir/MiniOzoneClusterImpl-f0cf9c5c-e004-47d7-a6a1-b11a210091d6/datanode-2/data/ratis/fd191343-85c8-447d-ad07-098e0c4d619c/current/log_inprogress_0
2021-08-23 13:58:41,483 [63f50bcb-c19d-440a-9268-3e58db776ca2@group-098E0C4D619C-SegmentedRaftLogWorker] INFO  segmented.SegmentedRaftLogWorker (SegmentedRaftLogWorker.java:execute(601)) - 63f50bcb-c19d-440a-9268-3e58db776ca2@group-098E0C4D619C-SegmentedRaftLogWorker: created new log segment /home/runner/work/ozone/ozone/hadoop-ozone/integration-test/target/test-dir/MiniOzoneClusterImpl-f0cf9c5c-e004-47d7-a6a1-b11a210091d6/datanode-0/data/ratis/fd191343-85c8-447d-ad07-098e0c4d619c/current/log_inprogress_0
2021-08-23 13:58:41,943 [Time-limited test] INFO  ozoneimpl.OzoneContainer (OzoneContainer.java:stop(326)) - Attempting to stop container services.
2021-08-23 13:58:41,943 [ForkJoinPool.commonPool-worker-1] INFO  ozoneimpl.OzoneContainer (OzoneContainer.java:stop(326)) - Attempting to stop container services.
2021-08-23 13:58:41,944 [ForkJoinPool.commonPool-worker-1] INFO  server.RaftServer (RaftServerProxy.java:lambda$close$6(391)) - 63f50bcb-c19d-440a-9268-3e58db776ca2: close
2021-08-23 13:58:41,944 [ForkJoinPool.commonPool-worker-1] INFO  server.RaftServer$Division (RaftServerImpl.java:lambda$close$4(407)) - 63f50bcb-c19d-440a-9268-3e58db776ca2@group-098E0C4D619C: shutdown
2021-08-23 13:58:41,944 [ForkJoinPool.commonPool-worker-1] INFO  util.JmxRegister (JmxRegister.java:unregister(73)) - Successfully un-registered JMX Bean with object name Ratis:service=RaftServer,group=group-098E0C4D619C,id=63f50bcb-c19d-440a-9268-3e58db776ca2
2021-08-23 13:58:41,944 [ForkJoinPool.commonPool-worker-1] INFO  impl.RoleInfo (RoleInfo.java:shutdownFollowerState(108)) - 63f50bcb-c19d-440a-9268-3e58db776ca2: shutdown 63f50bcb-c19d-440a-9268-3e58db776ca2@group-098E0C4D619C-FollowerState
2021-08-23 13:58:41,944 [ForkJoinPool.commonPool-worker-1] INFO  impl.StateMachineUpdater (StateMachineUpdater.java:stopAndJoin(149)) - 63f50bcb-c19d-440a-9268-3e58db776ca2@group-098E0C4D619C-StateMachineUpdater: set stopIndex = 0
2021-08-23 13:58:41,944 [63f50bcb-c19d-440a-9268-3e58db776ca2@group-098E0C4D619C-FollowerState] INFO  impl.FollowerState (FollowerState.java:run(143)) - 63f50bcb-c19d-440a-9268-3e58db776ca2@group-098E0C4D619C-FollowerState was interrupted: {}
java.lang.InterruptedException: sleep interrupted
	at java.lang.Thread.sleep(Native Method)
	at java.lang.Thread.sleep(Thread.java:340)
	at java.util.concurrent.TimeUnit.sleep(TimeUnit.java:386)
	at org.apache.ratis.util.TimeDuration.sleep(TimeDuration.java:324)
	at org.apache.ratis.util.TimeDuration.sleep(TimeDuration.java:309)
	at org.apache.ratis.server.impl.FollowerState.run(FollowerState.java:118)
2021-08-23 13:58:41,945 [63f50bcb-c19d-440a-9268-3e58db776ca2@group-098E0C4D619C-StateMachineUpdater] INFO  ratis.ContainerStateMachine (ContainerStateMachine.java:takeSnapshot(293)) - group-098E0C4D619C: Taking a snapshot at:(t:11, i:0) file /home/runner/work/ozone/ozone/hadoop-ozone/integration-test/target/test-dir/MiniOzoneClusterImpl-f0cf9c5c-e004-47d7-a6a1-b11a210091d6/datanode-0/data/ratis/fd191343-85c8-447d-ad07-098e0c4d619c/sm/snapshot.11_0
2021-08-23 13:58:41,945 [63f50bcb-c19d-440a-9268-3e58db776ca2@group-098E0C4D619C-StateMachineUpdater] INFO  ratis.ContainerStateMachine (ContainerStateMachine.java:takeSnapshot(304)) - group-098E0C4D619C: Finished taking a snapshot at:(t:11, i:0) file:/home/runner/work/ozone/ozone/hadoop-ozone/integration-test/target/test-dir/MiniOzoneClusterImpl-f0cf9c5c-e004-47d7-a6a1-b11a210091d6/datanode-0/data/ratis/fd191343-85c8-447d-ad07-098e0c4d619c/sm/snapshot.11_0 took: 1 ms
2021-08-23 13:58:41,946 [63f50bcb-c19d-440a-9268-3e58db776ca2@group-098E0C4D619C-StateMachineUpdater] INFO  impl.StateMachineUpdater (StateMachineUpdater.java:takeSnapshot(281)) - 63f50bcb-c19d-440a-9268-3e58db776ca2@group-098E0C4D619C-StateMachineUpdater: Took a snapshot at index 0
2021-08-23 13:58:41,946 [63f50bcb-c19d-440a-9268-3e58db776ca2@group-098E0C4D619C-StateMachineUpdater] INFO  impl.StateMachineUpdater (StateMachineUpdater.java:lambda$new$0(89)) - 63f50bcb-c19d-440a-9268-3e58db776ca2@group-098E0C4D619C-StateMachineUpdater: snapshotIndex: updateIncreasingly -1 -> 0
2021-08-23 13:58:41,946 [Time-limited test] INFO  server.RaftServer (RaftServerProxy.java:lambda$close$6(391)) - 69717ffb-fc74-4ecd-b9ae-1b12a8ad2a81: close
2021-08-23 13:58:41,946 [Time-limited test] INFO  server.RaftServer$Division (RaftServerImpl.java:lambda$close$4(407)) - 69717ffb-fc74-4ecd-b9ae-1b12a8ad2a81@group-098E0C4D619C: shutdown
2021-08-23 13:58:41,947 [Time-limited test] INFO  util.JmxRegister (JmxRegister.java:unregister(73)) - Successfully un-registered JMX Bean with object name Ratis:service=RaftServer,group=group-098E0C4D619C,id=69717ffb-fc74-4ecd-b9ae-1b12a8ad2a81
2021-08-23 13:58:41,947 [Time-limited test] INFO  impl.RoleInfo (RoleInfo.java:shutdownLeaderState(91)) - 69717ffb-fc74-4ecd-b9ae-1b12a8ad2a81: shutdown 69717ffb-fc74-4ecd-b9ae-1b12a8ad2a81@group-098E0C4D619C-LeaderStateImpl
2021-08-23 13:58:41,947 [Time-limited test] INFO  impl.PendingRequests (PendingRequests.java:sendNotLeaderResponses(282)) - 69717ffb-fc74-4ecd-b9ae-1b12a8ad2a81@group-098E0C4D619C-PendingRequests: sendNotLeaderResponses
2021-08-23 13:58:41,947 [Time-limited test] INFO  impl.StateMachineUpdater (StateMachineUpdater.java:stopAndJoin(149)) - 69717ffb-fc74-4ecd-b9ae-1b12a8ad2a81@group-098E0C4D619C-StateMachineUpdater: set stopIndex = 0
2021-08-23 13:58:41,948 [69717ffb-fc74-4ecd-b9ae-1b12a8ad2a81@group-098E0C4D619C-StateMachineUpdater] INFO  ratis.ContainerStateMachine (ContainerStateMachine.java:takeSnapshot(293)) - group-098E0C4D619C: Taking a snapshot at:(t:11, i:0) file /home/runner/work/ozone/ozone/hadoop-ozone/integration-test/target/test-dir/MiniOzoneClusterImpl-f0cf9c5c-e004-47d7-a6a1-b11a210091d6/datanode-1/data/ratis/fd191343-85c8-447d-ad07-098e0c4d619c/sm/snapshot.11_0
2021-08-23 13:58:41,948 [ForkJoinPool.commonPool-worker-1] INFO  server.RaftServer$Division (ServerState.java:close(419)) - 63f50bcb-c19d-440a-9268-3e58db776ca2@group-098E0C4D619C: closes. applyIndex: 0
2021-08-23 13:58:41,948 [63f50bcb-c19d-440a-9268-3e58db776ca2@group-098E0C4D619C-SegmentedRaftLogWorker] INFO  segmented.SegmentedRaftLogWorker (SegmentedRaftLogWorker.java:run(327)) - 63f50bcb-c19d-440a-9268-3e58db776ca2@group-098E0C4D619C-SegmentedRaftLogWorker was interrupted, exiting. There are 0 tasks remaining in the queue.
2021-08-23 13:58:41,948 [69717ffb-fc74-4ecd-b9ae-1b12a8ad2a81@group-098E0C4D619C-StateMachineUpdater] INFO  ratis.ContainerStateMachine (ContainerStateMachine.java:takeSnapshot(304)) - group-098E0C4D619C: Finished taking a snapshot at:(t:11, i:0) file:/home/runner/work/ozone/ozone/hadoop-ozone/integration-test/target/test-dir/MiniOzoneClusterImpl-f0cf9c5c-e004-47d7-a6a1-b11a210091d6/datanode-1/data/ratis/fd191343-85c8-447d-ad07-098e0c4d619c/sm/snapshot.11_0 took: 0 ms
2021-08-23 13:58:41,948 [69717ffb-fc74-4ecd-b9ae-1b12a8ad2a81@group-098E0C4D619C-StateMachineUpdater] INFO  impl.StateMachineUpdater (StateMachineUpdater.java:takeSnapshot(281)) - 69717ffb-fc74-4ecd-b9ae-1b12a8ad2a81@group-098E0C4D619C-StateMachineUpdater: Took a snapshot at index 0
2021-08-23 13:58:41,948 [69717ffb-fc74-4ecd-b9ae-1b12a8ad2a81@group-098E0C4D619C-StateMachineUpdater] INFO  impl.StateMachineUpdater (StateMachineUpdater.java:lambda$new$0(89)) - 69717ffb-fc74-4ecd-b9ae-1b12a8ad2a81@group-098E0C4D619C-StateMachineUpdater: snapshotIndex: updateIncreasingly -1 -> 0
2021-08-23 13:58:41,949 [ForkJoinPool.commonPool-worker-1] INFO  segmented.SegmentedRaftLogWorker (SegmentedRaftLogWorker.java:close(237)) - 63f50bcb-c19d-440a-9268-3e58db776ca2@group-098E0C4D619C-SegmentedRaftLogWorker close()
2021-08-23 13:58:41,950 [69717ffb-fc74-4ecd-b9ae-1b12a8ad2a81@group-098E0C4D619C->d10c596a-eed6-4646-883b-fed8c4bff5b3-GrpcLogAppender-LogAppenderDaemon] WARN  server.GrpcLogAppender (GrpcLogAppender.java:mayWait(175)) - 69717ffb-fc74-4ecd-b9ae-1b12a8ad2a81@group-098E0C4D619C->d10c596a-eed6-4646-883b-fed8c4bff5b3-GrpcLogAppender: Wait interrupted by java.lang.InterruptedException
2021-08-23 13:58:41,952 [grpc-default-executor-0] INFO  server.GrpcServerProtocolService (GrpcServerProtocolService.java:onCompleted(140)) - d10c596a-eed6-4646-883b-fed8c4bff5b3: Completed APPEND_ENTRIES, lastRequest: 69717ffb-fc74-4ecd-b9ae-1b12a8ad2a81->d10c596a-eed6-4646-883b-fed8c4bff5b3#1-t11,previous=(t:0, i:0),leaderCommit=0,initializing? true,entries: size=1, first=(t:11, i:0), CONFIGURATIONENTRY
2021-08-23 13:58:41,953 [Time-limited test] INFO  server.RaftServer$Division (ServerState.java:close(419)) - 69717ffb-fc74-4ecd-b9ae-1b12a8ad2a81@group-098E0C4D619C: closes. applyIndex: 0
2021-08-23 13:58:41,953 [69717ffb-fc74-4ecd-b9ae-1b12a8ad2a81@group-098E0C4D619C-SegmentedRaftLogWorker] INFO  segmented.SegmentedRaftLogWorker (SegmentedRaftLogWorker.java:run(327)) - 69717ffb-fc74-4ecd-b9ae-1b12a8ad2a81@group-098E0C4D619C-SegmentedRaftLogWorker was interrupted, exiting. There are 0 tasks remaining in the queue.
2021-08-23 13:58:41,952 [grpc-default-executor-1] INFO  server.GrpcLogAppender (GrpcLogAppender.java:onCompleted(344)) - 69717ffb-fc74-4ecd-b9ae-1b12a8ad2a81@group-098E0C4D619C->d10c596a-eed6-4646-883b-fed8c4bff5b3-AppendLogResponseHandler: follower responses appendEntries COMPLETED
2021-08-23 13:58:41,956 [grpc-default-executor-1] INFO  leader.FollowerInfo (FollowerInfoImpl.java:lambda$new$0(46)) - 69717ffb-fc74-4ecd-b9ae-1b12a8ad2a81@group-098E0C4D619C->d10c596a-eed6-4646-883b-fed8c4bff5b3: nextIndex: updateUnconditionally 1 -> 0
2021-08-23 13:58:41,952 [69717ffb-fc74-4ecd-b9ae-1b12a8ad2a81@group-098E0C4D619C->63f50bcb-c19d-440a-9268-3e58db776ca2-GrpcLogAppender-LogAppenderDaemon] WARN  server.GrpcLogAppender (GrpcLogAppender.java:mayWait(175)) - 69717ffb-fc74-4ecd-b9ae-1b12a8ad2a81@group-098E0C4D619C->63f50bcb-c19d-440a-9268-3e58db776ca2-GrpcLogAppender: Wait interrupted by java.lang.InterruptedException
2021-08-23 13:58:41,956 [ForkJoinPool.commonPool-worker-1] INFO  server.RaftServer$Division (RaftServerImpl.java:lambda$close$4(407)) - 63f50bcb-c19d-440a-9268-3e58db776ca2@group-5D0DB39C0413: shutdown
2021-08-23 13:58:41,956 [ForkJoinPool.commonPool-worker-1] INFO  util.JmxRegister (JmxRegister.java:unregister(73)) - Successfully un-registered JMX Bean with object name Ratis:service=RaftServer,group=group-5D0DB39C0413,id=63f50bcb-c19d-440a-9268-3e58db776ca2
2021-08-23 13:58:41,956 [ForkJoinPool.commonPool-worker-1] INFO  impl.RoleInfo (RoleInfo.java:shutdownLeaderState(91)) - 63f50bcb-c19d-440a-9268-3e58db776ca2: shutdown 63f50bcb-c19d-440a-9268-3e58db776ca2@group-5D0DB39C0413-LeaderStateImpl
2021-08-23 13:58:41,957 [grpc-default-executor-0] INFO  server.GrpcServerProtocolService (GrpcServerProtocolService.java:onCompleted(140)) - 63f50bcb-c19d-440a-9268-3e58db776ca2: Completed APPEND_ENTRIES, lastRequest: 69717ffb-fc74-4ecd-b9ae-1b12a8ad2a81->63f50bcb-c19d-440a-9268-3e58db776ca2#1-t11,previous=(t:0, i:0),leaderCommit=0,initializing? true,entries: size=1, first=(t:11, i:0), CONFIGURATIONENTRY
2021-08-23 13:58:41,957 [ForkJoinPool.commonPool-worker-1] INFO  impl.PendingRequests (PendingRequests.java:sendNotLeaderResponses(282)) - 63f50bcb-c19d-440a-9268-3e58db776ca2@group-5D0DB39C0413-PendingRequests: sendNotLeaderResponses
2021-08-23 13:58:41,959 [ForkJoinPool.commonPool-worker-1] INFO  impl.StateMachineUpdater (StateMachineUpdater.java:stopAndJoin(149)) - 63f50bcb-c19d-440a-9268-3e58db776ca2@group-5D0DB39C0413-StateMachineUpdater: set stopIndex = 0
2021-08-23 13:58:41,960 [grpc-default-executor-1] INFO  server.GrpcLogAppender (GrpcLogAppender.java:onCompleted(344)) - 69717ffb-fc74-4ecd-b9ae-1b12a8ad2a81@group-098E0C4D619C->63f50bcb-c19d-440a-9268-3e58db776ca2-AppendLogResponseHandler: follower responses appendEntries COMPLETED
2021-08-23 13:58:41,960 [grpc-default-executor-1] INFO  leader.FollowerInfo (FollowerInfoImpl.java:lambda$new$0(46)) - 69717ffb-fc74-4ecd-b9ae-1b12a8ad2a81@group-098E0C4D619C->63f50bcb-c19d-440a-9268-3e58db776ca2: nextIndex: updateUnconditionally 1 -> 0
2021-08-23 13:58:41,964 [63f50bcb-c19d-440a-9268-3e58db776ca2@group-5D0DB39C0413-StateMachineUpdater] INFO  ratis.ContainerStateMachine (ContainerStateMachine.java:takeSnapshot(293)) - group-5D0DB39C0413: Taking a snapshot at:(t:1, i:0) file /home/runner/work/ozone/ozone/hadoop-ozone/integration-test/target/test-dir/MiniOzoneClusterImpl-f0cf9c5c-e004-47d7-a6a1-b11a210091d6/datanode-0/data/ratis/0b9a5ed2-9c20-406c-b97d-5d0db39c0413/sm/snapshot.1_0
2021-08-23 13:58:41,964 [Time-limited test] INFO  segmented.SegmentedRaftLogWorker (SegmentedRaftLogWorker.java:close(237)) - 69717ffb-fc74-4ecd-b9ae-1b12a8ad2a81@group-098E0C4D619C-SegmentedRaftLogWorker close()
2021-08-23 13:58:41,965 [63f50bcb-c19d-440a-9268-3e58db776ca2@group-5D0DB39C0413-StateMachineUpdater] INFO  ratis.ContainerStateMachine (ContainerStateMachine.java:takeSnapshot(304)) - group-5D0DB39C0413: Finished taking a snapshot at:(t:1, i:0) file:/home/runner/work/ozone/ozone/hadoop-ozone/integration-test/target/test-dir/MiniOzoneClusterImpl-f0cf9c5c-e004-47d7-a6a1-b11a210091d6/datanode-0/data/ratis/0b9a5ed2-9c20-406c-b97d-5d0db39c0413/sm/snapshot.1_0 took: 5 ms
2021-08-23 13:58:41,965 [63f50bcb-c19d-440a-9268-3e58db776ca2@group-5D0DB39C0413-StateMachineUpdater] INFO  impl.StateMachineUpdater (StateMachineUpdater.java:takeSnapshot(281)) - 63f50bcb-c19d-440a-9268-3e58db776ca2@group-5D0DB39C0413-StateMachineUpdater: Took a snapshot at index 0
2021-08-23 13:58:41,965 [63f50bcb-c19d-440a-9268-3e58db776ca2@group-5D0DB39C0413-StateMachineUpdater] INFO  impl.StateMachineUpdater (StateMachineUpdater.java:lambda$new$0(89)) - 63f50bcb-c19d-440a-9268-3e58db776ca2@group-5D0DB39C0413-StateMachineUpdater: snapshotIndex: updateIncreasingly -1 -> 0
2021-08-23 13:58:41,965 [ForkJoinPool.commonPool-worker-1] INFO  server.RaftServer$Division (ServerState.java:close(419)) - 63f50bcb-c19d-440a-9268-3e58db776ca2@group-5D0DB39C0413: closes. applyIndex: 0
2021-08-23 13:58:41,965 [63f50bcb-c19d-440a-9268-3e58db776ca2@group-5D0DB39C0413-SegmentedRaftLogWorker] INFO  segmented.SegmentedRaftLogWorker (SegmentedRaftLogWorker.java:run(327)) - 63f50bcb-c19d-440a-9268-3e58db776ca2@group-5D0DB39C0413-SegmentedRaftLogWorker was interrupted, exiting. There are 0 tasks remaining in the queue.
2021-08-23 13:58:41,968 [ForkJoinPool.commonPool-worker-1] INFO  segmented.SegmentedRaftLogWorker (SegmentedRaftLogWorker.java:close(237)) - 63f50bcb-c19d-440a-9268-3e58db776ca2@group-5D0DB39C0413-SegmentedRaftLogWorker close()
2021-08-23 13:58:41,969 [Time-limited test] INFO  server.RaftServer$Division (RaftServerImpl.java:lambda$close$4(407)) - 69717ffb-fc74-4ecd-b9ae-1b12a8ad2a81@group-744D6A31DBB6: shutdown
2021-08-23 13:58:41,969 [Time-limited test] INFO  util.JmxRegister (JmxRegister.java:unregister(73)) - Successfully un-registered JMX Bean with object name Ratis:service=RaftServer,group=group-744D6A31DBB6,id=69717ffb-fc74-4ecd-b9ae-1b12a8ad2a81
2021-08-23 13:58:41,969 [Time-limited test] INFO  impl.RoleInfo (RoleInfo.java:shutdownLeaderState(91)) - 69717ffb-fc74-4ecd-b9ae-1b12a8ad2a81: shutdown 69717ffb-fc74-4ecd-b9ae-1b12a8ad2a81@group-744D6A31DBB6-LeaderStateImpl
2021-08-23 13:58:41,969 [Time-limited test] INFO  impl.PendingRequests (PendingRequests.java:sendNotLeaderResponses(282)) - 69717ffb-fc74-4ecd-b9ae-1b12a8ad2a81@group-744D6A31DBB6-PendingRequests: sendNotLeaderResponses
2021-08-23 13:58:41,970 [Time-limited test] INFO  impl.StateMachineUpdater (StateMachineUpdater.java:stopAndJoin(149)) - 69717ffb-fc74-4ecd-b9ae-1b12a8ad2a81@group-744D6A31DBB6-StateMachineUpdater: set stopIndex = 0
2021-08-23 13:58:41,970 [69717ffb-fc74-4ecd-b9ae-1b12a8ad2a81@group-744D6A31DBB6-StateMachineUpdater] INFO  ratis.ContainerStateMachine (ContainerStateMachine.java:takeSnapshot(293)) - group-744D6A31DBB6: Taking a snapshot at:(t:1, i:0) file /home/runner/work/ozone/ozone/hadoop-ozone/integration-test/target/test-dir/MiniOzoneClusterImpl-f0cf9c5c-e004-47d7-a6a1-b11a210091d6/datanode-1/data/ratis/48a614f6-881a-4308-9275-744d6a31dbb6/sm/snapshot.1_0
2021-08-23 13:58:41,970 [ForkJoinPool.commonPool-worker-1] INFO  server.GrpcService (GrpcService.java:closeImpl(262)) - 63f50bcb-c19d-440a-9268-3e58db776ca2: shutdown server with port 45411 now
2021-08-23 13:58:41,971 [69717ffb-fc74-4ecd-b9ae-1b12a8ad2a81@group-744D6A31DBB6-StateMachineUpdater] INFO  ratis.ContainerStateMachine (ContainerStateMachine.java:takeSnapshot(304)) - group-744D6A31DBB6: Finished taking a snapshot at:(t:1, i:0) file:/home/runner/work/ozone/ozone/hadoop-ozone/integration-test/target/test-dir/MiniOzoneClusterImpl-f0cf9c5c-e004-47d7-a6a1-b11a210091d6/datanode-1/data/ratis/48a614f6-881a-4308-9275-744d6a31dbb6/sm/snapshot.1_0 took: 1 ms
2021-08-23 13:58:41,971 [69717ffb-fc74-4ecd-b9ae-1b12a8ad2a81@group-744D6A31DBB6-StateMachineUpdater] INFO  impl.StateMachineUpdater (StateMachineUpdater.java:takeSnapshot(281)) - 69717ffb-fc74-4ecd-b9ae-1b12a8ad2a81@group-744D6A31DBB6-StateMachineUpdater: Took a snapshot at index 0
2021-08-23 13:58:41,971 [69717ffb-fc74-4ecd-b9ae-1b12a8ad2a81@group-744D6A31DBB6-StateMachineUpdater] INFO  impl.StateMachineUpdater (StateMachineUpdater.java:lambda$new$0(89)) - 69717ffb-fc74-4ecd-b9ae-1b12a8ad2a81@group-744D6A31DBB6-StateMachineUpdater: snapshotIndex: updateIncreasingly -1 -> 0
2021-08-23 13:58:41,972 [Time-limited test] INFO  server.RaftServer$Division (ServerState.java:close(419)) - 69717ffb-fc74-4ecd-b9ae-1b12a8ad2a81@group-744D6A31DBB6: closes. applyIndex: 0
2021-08-23 13:58:41,972 [69717ffb-fc74-4ecd-b9ae-1b12a8ad2a81@group-744D6A31DBB6-SegmentedRaftLogWorker] INFO  segmented.SegmentedRaftLogWorker (SegmentedRaftLogWorker.java:run(327)) - 69717ffb-fc74-4ecd-b9ae-1b12a8ad2a81@group-744D6A31DBB6-SegmentedRaftLogWorker was interrupted, exiting. There are 0 tasks remaining in the queue.
2021-08-23 13:58:41,978 [Time-limited test] INFO  segmented.SegmentedRaftLogWorker (SegmentedRaftLogWorker.java:close(237)) - 69717ffb-fc74-4ecd-b9ae-1b12a8ad2a81@group-744D6A31DBB6-SegmentedRaftLogWorker close()
2021-08-23 13:58:41,982 [Time-limited test] INFO  server.GrpcService (GrpcService.java:closeImpl(262)) - 69717ffb-fc74-4ecd-b9ae-1b12a8ad2a81: shutdown server with port 43551 now
2021-08-23 13:58:41,983 [ForkJoinPool.commonPool-worker-1] INFO  server.GrpcService (GrpcService.java:closeImpl(271)) - 63f50bcb-c19d-440a-9268-3e58db776ca2: shutdown server with port 45411 successfully
2021-08-23 13:58:41,984 [org.apache.ratis.util.JvmPauseMonitor$$Lambda$531/776043543@2ca841dc] INFO  util.JvmPauseMonitor (JvmPauseMonitor.java:run(109)) - JvmPauseMonitor-63f50bcb-c19d-440a-9268-3e58db776ca2: Stopped
2021-08-23 13:58:41,984 [ForkJoinPool.commonPool-worker-1] INFO  utils.BackgroundService (BackgroundService.java:shutdown(132)) - Shutting down service BlockDeletingService
2021-08-23 13:58:41,989 [Time-limited test] INFO  server.GrpcService (GrpcService.java:closeImpl(271)) - 69717ffb-fc74-4ecd-b9ae-1b12a8ad2a81: shutdown server with port 43551 successfully
2021-08-23 13:58:41,989 [org.apache.ratis.util.JvmPauseMonitor$$Lambda$531/776043543@16b71d50] INFO  util.JvmPauseMonitor (JvmPauseMonitor.java:run(109)) - JvmPauseMonitor-69717ffb-fc74-4ecd-b9ae-1b12a8ad2a81: Stopped
2021-08-23 13:58:41,994 [Time-limited test] INFO  utils.BackgroundService (BackgroundService.java:shutdown(132)) - Shutting down service BlockDeletingService
2021-08-23 13:58:44,991 [ForkJoinPool.commonPool-worker-1] INFO  statemachine.DatanodeStateMachine (DatanodeStateMachine.java:stopDaemon(515)) - Ozone container server stopped.
2021-08-23 13:58:44,992 [ForkJoinPool.commonPool-worker-1] INFO  handler.ContextHandler (ContextHandler.java:doStop(1153)) - Stopped o.e.j.w.WebAppContext@6d5cf2ad{hddsDatanode,/,null,STOPPED}{jar:file:/home/runner/.m2/repository/org/apache/ozone/hdds-container-service/1.2.0-SNAPSHOT/hdds-container-service-1.2.0-SNAPSHOT.jar!/webapps/hddsDatanode}
2021-08-23 13:58:44,993 [ForkJoinPool.commonPool-worker-1] INFO  server.AbstractConnector (AbstractConnector.java:doStop(381)) - Stopped ServerConnector@53118edc{HTTP/1.1, (http/1.1)}{0.0.0.0:0}
2021-08-23 13:58:44,993 [ForkJoinPool.commonPool-worker-1] INFO  server.session (HouseKeeper.java:stopScavenging(149)) - node0 Stopped scavenging
2021-08-23 13:58:44,993 [ForkJoinPool.commonPool-worker-1] INFO  handler.ContextHandler (ContextHandler.java:doStop(1153)) - Stopped o.e.j.s.ServletContextHandler@320617fc{static,/static,jar:file:/home/runner/.m2/repository/org/apache/ozone/hdds-container-service/1.2.0-SNAPSHOT/hdds-container-service-1.2.0-SNAPSHOT.jar!/webapps/static,STOPPED}
2021-08-23 13:58:44,993 [ForkJoinPool.commonPool-worker-1] INFO  handler.ContextHandler (ContextHandler.java:doStop(1153)) - Stopped o.e.j.s.ServletContextHandler@7da199fd{logs,/logs,file:///home/runner/work/ozone/ozone/hadoop-ozone/integration-test/target/log,STOPPED}
2021-08-23 13:58:45,002 [Time-limited test] INFO  statemachine.DatanodeStateMachine (DatanodeStateMachine.java:stopDaemon(515)) - Ozone container server stopped.
2021-08-23 13:58:45,004 [Time-limited test] INFO  handler.ContextHandler (ContextHandler.java:doStop(1153)) - Stopped o.e.j.w.WebAppContext@1b2eb9fd{hddsDatanode,/,null,STOPPED}{jar:file:/home/runner/.m2/repository/org/apache/ozone/hdds-container-service/1.2.0-SNAPSHOT/hdds-container-service-1.2.0-SNAPSHOT.jar!/webapps/hddsDatanode}
2021-08-23 13:58:45,004 [Time-limited test] INFO  server.AbstractConnector (AbstractConnector.java:doStop(381)) - Stopped ServerConnector@bd2a670{HTTP/1.1, (http/1.1)}{0.0.0.0:0}
2021-08-23 13:58:45,005 [Time-limited test] INFO  server.session (HouseKeeper.java:stopScavenging(149)) - node0 Stopped scavenging
2021-08-23 13:58:45,006 [Time-limited test] INFO  handler.ContextHandler (ContextHandler.java:doStop(1153)) - Stopped o.e.j.s.ServletContextHandler@3cd4b086{static,/static,jar:file:/home/runner/.m2/repository/org/apache/ozone/hdds-container-service/1.2.0-SNAPSHOT/hdds-container-service-1.2.0-SNAPSHOT.jar!/webapps/static,STOPPED}
2021-08-23 13:58:45,007 [Time-limited test] INFO  handler.ContextHandler (ContextHandler.java:doStop(1153)) - Stopped o.e.j.s.ServletContextHandler@5b0a1c3c{logs,/logs,file:///home/runner/work/ozone/ozone/hadoop-ozone/integration-test/target/log,STOPPED}
2021-08-23 13:58:45,829 [Datanode State Machine Thread - 0] INFO  statemachine.DatanodeStateMachine (DatanodeStateMachine.java:lambda$startDaemon$0(457)) - Ozone container server started.
2021-08-23 13:58:49,995 [ForkJoinPool.commonPool-worker-1] INFO  ozoneimpl.OzoneContainer (OzoneContainer.java:stop(326)) - Attempting to stop container services.
2021-08-23 13:58:49,996 [ForkJoinPool.commonPool-worker-1] INFO  server.RaftServer (RaftServerProxy.java:lambda$close$6(391)) - d10c596a-eed6-4646-883b-fed8c4bff5b3: close
2021-08-23 13:58:49,997 [ForkJoinPool.commonPool-worker-1] INFO  server.RaftServer$Division (RaftServerImpl.java:lambda$close$4(407)) - d10c596a-eed6-4646-883b-fed8c4bff5b3@group-C4A94B7C7631: shutdown
2021-08-23 13:58:49,997 [ForkJoinPool.commonPool-worker-1] INFO  util.JmxRegister (JmxRegister.java:unregister(73)) - Successfully un-registered JMX Bean with object name Ratis:service=RaftServer,group=group-C4A94B7C7631,id=d10c596a-eed6-4646-883b-fed8c4bff5b3
2021-08-23 13:58:49,997 [ForkJoinPool.commonPool-worker-1] INFO  impl.RoleInfo (RoleInfo.java:shutdownLeaderState(91)) - d10c596a-eed6-4646-883b-fed8c4bff5b3: shutdown d10c596a-eed6-4646-883b-fed8c4bff5b3@group-C4A94B7C7631-LeaderStateImpl
2021-08-23 13:58:49,997 [ForkJoinPool.commonPool-worker-1] INFO  impl.PendingRequests (PendingRequests.java:sendNotLeaderResponses(282)) - d10c596a-eed6-4646-883b-fed8c4bff5b3@group-C4A94B7C7631-PendingRequests: sendNotLeaderResponses
2021-08-23 13:58:49,997 [ForkJoinPool.commonPool-worker-1] INFO  impl.StateMachineUpdater (StateMachineUpdater.java:stopAndJoin(149)) - d10c596a-eed6-4646-883b-fed8c4bff5b3@group-C4A94B7C7631-StateMachineUpdater: set stopIndex = 0
2021-08-23 13:58:49,998 [d10c596a-eed6-4646-883b-fed8c4bff5b3@group-C4A94B7C7631-StateMachineUpdater] INFO  ratis.ContainerStateMachine (ContainerStateMachine.java:takeSnapshot(293)) - group-C4A94B7C7631: Taking a snapshot at:(t:1, i:0) file /home/runner/work/ozone/ozone/hadoop-ozone/integration-test/target/test-dir/MiniOzoneClusterImpl-f0cf9c5c-e004-47d7-a6a1-b11a210091d6/datanode-2/data/ratis/653195c0-76dc-4e2d-9821-c4a94b7c7631/sm/snapshot.1_0
2021-08-23 13:58:49,999 [d10c596a-eed6-4646-883b-fed8c4bff5b3@group-C4A94B7C7631-StateMachineUpdater] INFO  ratis.ContainerStateMachine (ContainerStateMachine.java:takeSnapshot(304)) - group-C4A94B7C7631: Finished taking a snapshot at:(t:1, i:0) file:/home/runner/work/ozone/ozone/hadoop-ozone/integration-test/target/test-dir/MiniOzoneClusterImpl-f0cf9c5c-e004-47d7-a6a1-b11a210091d6/datanode-2/data/ratis/653195c0-76dc-4e2d-9821-c4a94b7c7631/sm/snapshot.1_0 took: 1 ms
2021-08-23 13:58:49,999 [d10c596a-eed6-4646-883b-fed8c4bff5b3@group-C4A94B7C7631-StateMachineUpdater] INFO  impl.StateMachineUpdater (StateMachineUpdater.java:takeSnapshot(281)) - d10c596a-eed6-4646-883b-fed8c4bff5b3@group-C4A94B7C7631-StateMachineUpdater: Took a snapshot at index 0
2021-08-23 13:58:49,999 [d10c596a-eed6-4646-883b-fed8c4bff5b3@group-C4A94B7C7631-StateMachineUpdater] INFO  impl.StateMachineUpdater (StateMachineUpdater.java:lambda$new$0(89)) - d10c596a-eed6-4646-883b-fed8c4bff5b3@group-C4A94B7C7631-StateMachineUpdater: snapshotIndex: updateIncreasingly -1 -> 0
2021-08-23 13:58:50,000 [ForkJoinPool.commonPool-worker-1] INFO  server.RaftServer$Division (ServerState.java:close(419)) - d10c596a-eed6-4646-883b-fed8c4bff5b3@group-C4A94B7C7631: closes. applyIndex: 0
2021-08-23 13:58:50,000 [d10c596a-eed6-4646-883b-fed8c4bff5b3@group-C4A94B7C7631-SegmentedRaftLogWorker] INFO  segmented.SegmentedRaftLogWorker (SegmentedRaftLogWorker.java:run(327)) - d10c596a-eed6-4646-883b-fed8c4bff5b3@group-C4A94B7C7631-SegmentedRaftLogWorker was interrupted, exiting. There are 0 tasks remaining in the queue.
2021-08-23 13:58:50,001 [ForkJoinPool.commonPool-worker-1] INFO  segmented.SegmentedRaftLogWorker (SegmentedRaftLogWorker.java:close(237)) - d10c596a-eed6-4646-883b-fed8c4bff5b3@group-C4A94B7C7631-SegmentedRaftLogWorker close()
2021-08-23 13:58:50,004 [ForkJoinPool.commonPool-worker-1] INFO  server.RaftServer$Division (RaftServerImpl.java:lambda$close$4(407)) - d10c596a-eed6-4646-883b-fed8c4bff5b3@group-098E0C4D619C: shutdown
2021-08-23 13:58:50,005 [ForkJoinPool.commonPool-worker-1] INFO  util.JmxRegister (JmxRegister.java:unregister(73)) - Successfully un-registered JMX Bean with object name Ratis:service=RaftServer,group=group-098E0C4D619C,id=d10c596a-eed6-4646-883b-fed8c4bff5b3
2021-08-23 13:58:50,005 [ForkJoinPool.commonPool-worker-1] INFO  impl.RoleInfo (RoleInfo.java:shutdownFollowerState(108)) - d10c596a-eed6-4646-883b-fed8c4bff5b3: shutdown d10c596a-eed6-4646-883b-fed8c4bff5b3@group-098E0C4D619C-FollowerState
2021-08-23 13:58:50,005 [d10c596a-eed6-4646-883b-fed8c4bff5b3@group-098E0C4D619C-FollowerState] INFO  impl.FollowerState (FollowerState.java:run(143)) - d10c596a-eed6-4646-883b-fed8c4bff5b3@group-098E0C4D619C-FollowerState was interrupted: {}
java.lang.InterruptedException: sleep interrupted
	at java.lang.Thread.sleep(Native Method)
	at java.lang.Thread.sleep(Thread.java:340)
	at java.util.concurrent.TimeUnit.sleep(TimeUnit.java:386)
	at org.apache.ratis.util.TimeDuration.sleep(TimeDuration.java:324)
	at org.apache.ratis.util.TimeDuration.sleep(TimeDuration.java:309)
	at org.apache.ratis.server.impl.FollowerState.run(FollowerState.java:118)
2021-08-23 13:58:50,005 [d10c596a-eed6-4646-883b-fed8c4bff5b3@group-098E0C4D619C-StateMachineUpdater] INFO  ratis.ContainerStateMachine (ContainerStateMachine.java:takeSnapshot(293)) - group-098E0C4D619C: Taking a snapshot at:(t:11, i:0) file /home/runner/work/ozone/ozone/hadoop-ozone/integration-test/target/test-dir/MiniOzoneClusterImpl-f0cf9c5c-e004-47d7-a6a1-b11a210091d6/datanode-2/data/ratis/fd191343-85c8-447d-ad07-098e0c4d619c/sm/snapshot.11_0
2021-08-23 13:58:50,007 [ForkJoinPool.commonPool-worker-1] INFO  impl.StateMachineUpdater (StateMachineUpdater.java:stopAndJoin(149)) - d10c596a-eed6-4646-883b-fed8c4bff5b3@group-098E0C4D619C-StateMachineUpdater: set stopIndex = 0
2021-08-23 13:58:50,008 [d10c596a-eed6-4646-883b-fed8c4bff5b3@group-098E0C4D619C-StateMachineUpdater] INFO  ratis.ContainerStateMachine (ContainerStateMachine.java:takeSnapshot(304)) - group-098E0C4D619C: Finished taking a snapshot at:(t:11, i:0) file:/home/runner/work/ozone/ozone/hadoop-ozone/integration-test/target/test-dir/MiniOzoneClusterImpl-f0cf9c5c-e004-47d7-a6a1-b11a210091d6/datanode-2/data/ratis/fd191343-85c8-447d-ad07-098e0c4d619c/sm/snapshot.11_0 took: 3 ms
2021-08-23 13:58:50,008 [d10c596a-eed6-4646-883b-fed8c4bff5b3@group-098E0C4D619C-StateMachineUpdater] INFO  impl.StateMachineUpdater (StateMachineUpdater.java:takeSnapshot(281)) - d10c596a-eed6-4646-883b-fed8c4bff5b3@group-098E0C4D619C-StateMachineUpdater: Took a snapshot at index 0
2021-08-23 13:58:50,008 [d10c596a-eed6-4646-883b-fed8c4bff5b3@group-098E0C4D619C-StateMachineUpdater] INFO  impl.StateMachineUpdater (StateMachineUpdater.java:lambda$new$0(89)) - d10c596a-eed6-4646-883b-fed8c4bff5b3@group-098E0C4D619C-StateMachineUpdater: snapshotIndex: updateIncreasingly -1 -> 0
2021-08-23 13:58:50,008 [ForkJoinPool.commonPool-worker-1] INFO  server.RaftServer$Division (ServerState.java:close(419)) - d10c596a-eed6-4646-883b-fed8c4bff5b3@group-098E0C4D619C: closes. applyIndex: 0
2021-08-23 13:58:50,009 [d10c596a-eed6-4646-883b-fed8c4bff5b3@group-098E0C4D619C-SegmentedRaftLogWorker] INFO  segmented.SegmentedRaftLogWorker (SegmentedRaftLogWorker.java:run(327)) - d10c596a-eed6-4646-883b-fed8c4bff5b3@group-098E0C4D619C-SegmentedRaftLogWorker was interrupted, exiting. There are 0 tasks remaining in the queue.
2021-08-23 13:58:50,009 [ForkJoinPool.commonPool-worker-1] INFO  segmented.SegmentedRaftLogWorker (SegmentedRaftLogWorker.java:close(237)) - d10c596a-eed6-4646-883b-fed8c4bff5b3@group-098E0C4D619C-SegmentedRaftLogWorker close()
2021-08-23 13:58:50,010 [ForkJoinPool.commonPool-worker-1] INFO  server.GrpcService (GrpcService.java:closeImpl(262)) - d10c596a-eed6-4646-883b-fed8c4bff5b3: shutdown server with port 35343 now
2021-08-23 13:58:50,010 [ForkJoinPool.commonPool-worker-1] INFO  server.GrpcService (GrpcService.java:closeImpl(271)) - d10c596a-eed6-4646-883b-fed8c4bff5b3: shutdown server with port 35343 successfully
2021-08-23 13:58:50,010 [org.apache.ratis.util.JvmPauseMonitor$$Lambda$531/776043543@17c1dc13] INFO  util.JvmPauseMonitor (JvmPauseMonitor.java:run(109)) - JvmPauseMonitor-d10c596a-eed6-4646-883b-fed8c4bff5b3: Stopped
2021-08-23 13:58:50,024 [ForkJoinPool.commonPool-worker-1] INFO  utils.BackgroundService (BackgroundService.java:shutdown(132)) - Shutting down service BlockDeletingService
2021-08-23 13:58:53,029 [ForkJoinPool.commonPool-worker-1] INFO  statemachine.DatanodeStateMachine (DatanodeStateMachine.java:stopDaemon(515)) - Ozone container server stopped.
2021-08-23 13:58:53,030 [ForkJoinPool.commonPool-worker-1] INFO  handler.ContextHandler (ContextHandler.java:doStop(1153)) - Stopped o.e.j.w.WebAppContext@2b753e14{hddsDatanode,/,null,STOPPED}{jar:file:/home/runner/.m2/repository/org/apache/ozone/hdds-container-service/1.2.0-SNAPSHOT/hdds-container-service-1.2.0-SNAPSHOT.jar!/webapps/hddsDatanode}
2021-08-23 13:58:53,032 [ForkJoinPool.commonPool-worker-1] INFO  server.AbstractConnector (AbstractConnector.java:doStop(381)) - Stopped ServerConnector@216bc066{HTTP/1.1, (http/1.1)}{0.0.0.0:0}
2021-08-23 13:58:53,032 [ForkJoinPool.commonPool-worker-1] INFO  server.session (HouseKeeper.java:stopScavenging(149)) - node0 Stopped scavenging
2021-08-23 13:58:53,032 [ForkJoinPool.commonPool-worker-1] INFO  handler.ContextHandler (ContextHandler.java:doStop(1153)) - Stopped o.e.j.s.ServletContextHandler@3f16245f{static,/static,jar:file:/home/runner/.m2/repository/org/apache/ozone/hdds-container-service/1.2.0-SNAPSHOT/hdds-container-service-1.2.0-SNAPSHOT.jar!/webapps/static,STOPPED}
2021-08-23 13:58:53,033 [ForkJoinPool.commonPool-worker-1] INFO  handler.ContextHandler (ContextHandler.java:doStop(1153)) - Stopped o.e.j.s.ServletContextHandler@1c6790c3{logs,/logs,file:///home/runner/work/ozone/ozone/hadoop-ozone/integration-test/target/log,STOPPED}
2021-08-23 13:58:53,034 [Time-limited test] INFO  ozone.MiniOzoneClusterImpl (MiniOzoneClusterImpl.java:stopSCM(542)) - Stopping the StorageContainerManager
2021-08-23 13:58:53,034 [Time-limited test] INFO  server.StorageContainerManager (StorageContainerManager.java:stop(1349)) - Stopping Container Balancer service.
2021-08-23 13:58:53,034 [Time-limited test] INFO  balancer.ContainerBalancer (ContainerBalancer.java:stop(720)) - Container Balancer is not running.
2021-08-23 13:58:53,034 [Time-limited test] INFO  server.StorageContainerManager (StorageContainerManager.java:stop(1356)) - Stopping Replication Manager Service.
2021-08-23 13:58:53,034 [Time-limited test] INFO  container.ReplicationManager (ReplicationManager.java:stop(338)) - Stopping Replication Monitor Thread.
2021-08-23 13:58:53,034 [Time-limited test] INFO  server.StorageContainerManager (StorageContainerManager.java:stop(1363)) - Stopping the Datanode Admin Monitor.
2021-08-23 13:58:53,034 [Time-limited test] INFO  server.StorageContainerManager (StorageContainerManager.java:stop(1370)) - Stopping Lease Manager of the command watchers
2021-08-23 13:58:53,034 [Time-limited test] INFO  server.StorageContainerManager (StorageContainerManager.java:stop(1377)) - Stopping datanode service RPC server
2021-08-23 13:58:53,034 [Time-limited test] INFO  server.SCMDatanodeProtocolServer (SCMDatanodeProtocolServer.java:stop(389)) - Stopping the RPC server for DataNodes
2021-08-23 13:58:53,035 [Time-limited test] INFO  ipc.Server (Server.java:stop(3414)) - Stopping server on 46017
2021-08-23 13:58:53,039 [IPC Server listener on 0] INFO  ipc.Server (Server.java:run(1376)) - Stopping IPC Server listener on 0
2021-08-23 13:58:53,039 [IPC Server Responder] INFO  ipc.Server (Server.java:run(1512)) - Stopping IPC Server Responder
2021-08-23 13:58:53,089 [SCM Heartbeat Processing Thread - 0] WARN  node.NodeStateManager (NodeStateManager.java:scheduleNextHealthCheck(799)) - Current Thread is interrupted, shutting down HB processing thread for Node Manager.
2021-08-23 13:58:53,089 [Time-limited test] INFO  server.StorageContainerManager (StorageContainerManager.java:stop(1385)) - Stopping block service RPC server
2021-08-23 13:58:53,089 [Time-limited test] INFO  server.SCMBlockProtocolServer (SCMBlockProtocolServer.java:stop(160)) - Stopping the RPC server for Block Protocol
2021-08-23 13:58:53,090 [Time-limited test] INFO  ipc.Server (Server.java:stop(3414)) - Stopping server on 37907
2021-08-23 13:58:53,092 [Time-limited test] INFO  server.StorageContainerManager (StorageContainerManager.java:stop(1392)) - Stopping the StorageContainerLocationProtocol RPC server
2021-08-23 13:58:53,092 [Time-limited test] INFO  server.SCMClientProtocolServer (SCMClientProtocolServer.java:stop(173)) - Stopping the RPC server for Client Protocol
2021-08-23 13:58:53,092 [IPC Server Responder] INFO  ipc.Server (Server.java:run(1512)) - Stopping IPC Server Responder
2021-08-23 13:58:53,092 [IPC Server listener on 0] INFO  ipc.Server (Server.java:run(1376)) - Stopping IPC Server listener on 0
2021-08-23 13:58:53,092 [Time-limited test] INFO  ipc.Server (Server.java:stop(3414)) - Stopping server on 38029
2021-08-23 13:58:53,094 [Time-limited test] INFO  server.StorageContainerManager (StorageContainerManager.java:stop(1399)) - Stopping Storage Container Manager HTTP server.
2021-08-23 13:58:53,094 [IPC Server Responder] INFO  ipc.Server (Server.java:run(1512)) - Stopping IPC Server Responder
2021-08-23 13:58:53,094 [IPC Server listener on 0] INFO  ipc.Server (Server.java:run(1376)) - Stopping IPC Server listener on 0
2021-08-23 13:58:53,096 [Time-limited test] INFO  handler.ContextHandler (ContextHandler.java:doStop(1153)) - Stopped o.e.j.w.WebAppContext@39172e6c{scm,/,null,STOPPED}{file:/home/runner/work/ozone/ozone/hadoop-ozone/integration-test/target/test-classes/webapps/scm}
2021-08-23 13:58:53,097 [Time-limited test] INFO  server.AbstractConnector (AbstractConnector.java:doStop(381)) - Stopped ServerConnector@49faacfa{HTTP/1.1, (http/1.1)}{0.0.0.0:0}
2021-08-23 13:58:53,097 [Time-limited test] INFO  server.session (HouseKeeper.java:stopScavenging(149)) - node0 Stopped scavenging
2021-08-23 13:58:53,098 [Time-limited test] INFO  handler.ContextHandler (ContextHandler.java:doStop(1153)) - Stopped o.e.j.s.ServletContextHandler@2d4d3916{static,/static,file:///home/runner/work/ozone/ozone/hadoop-ozone/integration-test/target/test-classes/webapps/static,STOPPED}
2021-08-23 13:58:53,098 [Time-limited test] INFO  handler.ContextHandler (ContextHandler.java:doStop(1153)) - Stopped o.e.j.s.ServletContextHandler@2ae971ef{logs,/logs,file:///home/runner/work/ozone/ozone/hadoop-ozone/integration-test/target/log,STOPPED}
2021-08-23 13:58:53,099 [Time-limited test] INFO  server.StorageContainerManager (StorageContainerManager.java:stop(1410)) - Stopping Block Manager Service.
2021-08-23 13:58:53,099 [Time-limited test] INFO  utils.BackgroundService (BackgroundService.java:shutdown(132)) - Shutting down service SCMBlockDeletingService
2021-08-23 13:58:53,099 [Time-limited test] INFO  utils.BackgroundService (BackgroundService.java:shutdown(132)) - Shutting down service SCMBlockDeletingService
2021-08-23 13:58:53,099 [Time-limited test] INFO  server.StorageContainerManager (StorageContainerManager.java:stop(1437)) - Stopping SCM Event Queue.
2021-08-23 13:58:53,107 [Time-limited test] INFO  server.StorageContainerManager (StorageContainerManager.java:stop(1448)) - Stopping SCM HA services.
2021-08-23 13:58:53,107 [Time-limited test] INFO  pipeline.BackgroundPipelineCreator (BackgroundPipelineCreatorV2.java:stop(158)) - Stopping RatisPipelineUtilsThread.
2021-08-23 13:58:53,107 [Time-limited test] INFO  server.StorageContainerManager (StorageContainerManager.java:stop(1458)) - Stopping SCM MetadataStore.
2021-08-23 13:58:53,109 [Time-limited test] INFO  impl.MetricsSystemImpl (MetricsSystemImpl.java:stop(210)) - Stopping HddsDatanode metrics system...
2021-08-23 13:58:53,119 [prometheus] INFO  impl.MetricsSinkAdapter (MetricsSinkAdapter.java:publishMetricsFromQueue(141)) - prometheus thread interrupted.
2021-08-23 13:58:53,119 [Time-limited test] INFO  impl.MetricsSystemImpl (MetricsSystemImpl.java:stop(216)) - HddsDatanode metrics system stopped.
]]></system-out>
  </testcase>
  <testcase name="testDNstartAfterSCM" classname="org.apache.hadoop.ozone.TestMiniOzoneCluster" time="109.151"/>
  <testcase name="testDatanodeIDPersistent" classname="org.apache.hadoop.ozone.TestMiniOzoneCluster" time="0.08"/>
  <testcase name="testContainerRandomPort" classname="org.apache.hadoop.ozone.TestMiniOzoneCluster" time="19.4"/>
</testsuite>