<?xml version="1.0" encoding="UTF-8"?>
<testsuite xmlns:xsi="http://www.w3.org/2001/XMLSchema-instance" xsi:noNamespaceSchemaLocation="https://maven.apache.org/surefire/maven-surefire-plugin/xsd/surefire-test-report.xsd" name="org.apache.hadoop.ozone.client.rpc.TestOzoneClientRetriesOnException" time="85.578" tests="2" errors="0" skipped="0" failures="1">
  <properties>
    <property name="awt.toolkit" value="sun.awt.X11.XToolkit"/>
    <property name="file.encoding.pkg" value="sun.io"/>
    <property name="java.specification.version" value="1.8"/>
    <property name="sun.cpu.isalist" value=""/>
    <property name="sun.jnu.encoding" value="ANSI_X3.4-1968"/>
    <property name="java.class.path" value="/github/workspace/mnt/ozone/hadoop-ozone/integration-test/target/test-classes:/github/workspace/mnt/ozone/hadoop-ozone/integration-test/target/classes:/home/user/.m2/repository/org/apache/hadoop/hadoop-ozone-common/1.1.0-SNAPSHOT/hadoop-ozone-common-1.1.0-SNAPSHOT.jar:/home/user/.m2/repository/org/apache/commons/commons-compress/1.4.1/commons-compress-1.4.1.jar:/home/user/.m2/repository/org/tukaani/xz/1.0/xz-1.0.jar:/home/user/.m2/repository/org/apache/hadoop/hadoop-hdds-common/1.1.0-SNAPSHOT/hadoop-hdds-common-1.1.0-SNAPSHOT.jar:/home/user/.m2/repository/org/apache/hadoop/hadoop-hdds-client/1.1.0-SNAPSHOT/hadoop-hdds-client-1.1.0-SNAPSHOT.jar:/home/user/.m2/repository/org/apache/hadoop/hadoop-ozone-interface-client/1.1.0-SNAPSHOT/hadoop-ozone-interface-client-1.1.0-SNAPSHOT.jar:/home/user/.m2/repository/org/apache/hadoop/hadoop-hdds-test-utils/1.1.0-SNAPSHOT/hadoop-hdds-test-utils-1.1.0-SNAPSHOT.jar:/home/user/.m2/repository/com/google/guava/guava/28.2-jre/guava-28.2-jre.jar:/home/user/.m2/repository/com/google/guava/failureaccess/1.0.1/failureaccess-1.0.1.jar:/home/user/.m2/repository/com/google/guava/listenablefuture/9999.0-empty-to-avoid-conflict-with-guava/listenablefuture-9999.0-empty-to-avoid-conflict-with-guava.jar:/home/user/.m2/repository/com/google/code/findbugs/jsr305/3.0.0/jsr305-3.0.0.jar:/home/user/.m2/repository/org/checkerframework/checker-qual/2.10.0/checker-qual-2.10.0.jar:/home/user/.m2/repository/com/google/errorprone/error_prone_annotations/2.2.0/error_prone_annotations-2.2.0.jar:/home/user/.m2/repository/com/google/j2objc/j2objc-annotations/1.3/j2objc-annotations-1.3.jar:/home/user/.m2/repository/commons-io/commons-io/2.5/commons-io-2.5.jar:/home/user/.m2/repository/commons-logging/commons-logging/1.2/commons-logging-1.2.jar:/home/user/.m2/repository/log4j/log4j/1.2.17/log4j-1.2.17.jar:/home/user/.m2/repository/org/slf4j/slf4j-api/1.7.30/slf4j-api-1.7.30.jar:/home/user/.m2/repository/org/apache/hadoop/hadoop-hdds-server-scm/1.1.0-SNAPSHOT/hadoop-hdds-server-scm-1.1.0-SNAPSHOT.jar:/home/user/.m2/repository/org/apache/hadoop/hadoop-hdds-container-service/1.1.0-SNAPSHOT/hadoop-hdds-container-service-1.1.0-SNAPSHOT.jar:/home/user/.m2/repository/org/apache/hadoop/hadoop-hdds-hadoop-dependency-server/1.1.0-SNAPSHOT/hadoop-hdds-hadoop-dependency-server-1.1.0-SNAPSHOT.jar:/home/user/.m2/repository/org/apache/hadoop/hadoop-hdfs/3.2.1/hadoop-hdfs-3.2.1.jar:/home/user/.m2/repository/org/apache/hadoop/hadoop-hdds-server-framework/1.1.0-SNAPSHOT/hadoop-hdds-server-framework-1.1.0-SNAPSHOT.jar:/home/user/.m2/repository/org/apache/hadoop/hadoop-hdds-interface-server/1.1.0-SNAPSHOT/hadoop-hdds-interface-server-1.1.0-SNAPSHOT.jar:/home/user/.m2/repository/org/apache/hadoop/hadoop-hdds-interface-admin/1.1.0-SNAPSHOT/hadoop-hdds-interface-admin-1.1.0-SNAPSHOT.jar:/home/user/.m2/repository/org/eclipse/jetty/jetty-servlet/9.4.34.v20201102/jetty-servlet-9.4.34.v20201102.jar:/home/user/.m2/repository/org/eclipse/jetty/jetty-security/9.4.34.v20201102/jetty-security-9.4.34.v20201102.jar:/home/user/.m2/repository/org/rocksdb/rocksdbjni/6.8.1/rocksdbjni-6.8.1.jar:/home/user/.m2/repository/io/prometheus/simpleclient_dropwizard/0.7.0/simpleclient_dropwizard-0.7.0.jar:/home/user/.m2/repository/io/prometheus/simpleclient/0.7.0/simpleclient-0.7.0.jar:/home/user/.m2/repository/io/prometheus/simpleclient_common/0.7.0/simpleclient_common-0.7.0.jar:/home/user/.m2/repository/com/fasterxml/jackson/datatype/jackson-datatype-jsr310/2.10.3/jackson-datatype-jsr310-2.10.3.jar:/home/user/.m2/repository/io/dropwizard/metrics/metrics-core/3.2.4/metrics-core-3.2.4.jar:/home/user/.m2/repository/org/apache/hadoop/hadoop-hdfs-client/3.2.1/hadoop-hdfs-client-3.2.1.jar:/home/user/.m2/repository/org/bouncycastle/bcprov-jdk15on/1.60/bcprov-jdk15on-1.60.jar:/home/user/.m2/repository/org/apache/hadoop/hadoop-ozone-ozone-manager/1.1.0-SNAPSHOT/hadoop-ozone-ozone-manager-1.1.0-SNAPSHOT.jar:/home/user/.m2/repository/org/apache/hadoop/hadoop-hdds-interface-client/1.1.0-SNAPSHOT/hadoop-hdds-interface-client-1.1.0-SNAPSHOT.jar:/home/user/.m2/repository/org/apache/ratis/ratis-thirdparty-misc/0.6.0-SNAPSHOT/ratis-thirdparty-misc-0.6.0-SNAPSHOT.jar:/home/user/.m2/repository/org/apache/hadoop/hadoop-ozone-interface-storage/1.1.0-SNAPSHOT/hadoop-ozone-interface-storage-1.1.0-SNAPSHOT.jar:/home/user/.m2/repository/org/apache/hadoop/hadoop-minikdc/3.2.1/hadoop-minikdc-3.2.1.jar:/home/user/.m2/repository/org/apache/kerby/kerb-simplekdc/1.0.1/kerb-simplekdc-1.0.1.jar:/home/user/.m2/repository/org/apache/kerby/kerb-client/1.0.1/kerb-client-1.0.1.jar:/home/user/.m2/repository/org/apache/kerby/kerby-config/1.0.1/kerby-config-1.0.1.jar:/home/user/.m2/repository/org/apache/kerby/kerb-core/1.0.1/kerb-core-1.0.1.jar:/home/user/.m2/repository/org/apache/kerby/kerby-pkix/1.0.1/kerby-pkix-1.0.1.jar:/home/user/.m2/repository/org/apache/kerby/kerby-asn1/1.0.1/kerby-asn1-1.0.1.jar:/home/user/.m2/repository/org/apache/kerby/kerby-util/1.0.1/kerby-util-1.0.1.jar:/home/user/.m2/repository/org/apache/kerby/kerb-common/1.0.1/kerb-common-1.0.1.jar:/home/user/.m2/repository/org/apache/kerby/kerb-crypto/1.0.1/kerb-crypto-1.0.1.jar:/home/user/.m2/repository/org/apache/kerby/kerb-util/1.0.1/kerb-util-1.0.1.jar:/home/user/.m2/repository/org/apache/kerby/token-provider/1.0.1/token-provider-1.0.1.jar:/home/user/.m2/repository/org/apache/kerby/kerb-admin/1.0.1/kerb-admin-1.0.1.jar:/home/user/.m2/repository/org/apache/kerby/kerb-server/1.0.1/kerb-server-1.0.1.jar:/home/user/.m2/repository/org/apache/kerby/kerb-identity/1.0.1/kerb-identity-1.0.1.jar:/home/user/.m2/repository/org/apache/kerby/kerby-xdr/1.0.1/kerby-xdr-1.0.1.jar:/home/user/.m2/repository/org/slf4j/slf4j-log4j12/1.7.30/slf4j-log4j12-1.7.30.jar:/home/user/.m2/repository/org/apache/hadoop/hadoop-ozone-s3gateway/1.1.0-SNAPSHOT/hadoop-ozone-s3gateway-1.1.0-SNAPSHOT.jar:/home/user/.m2/repository/org/jboss/weld/servlet/weld-servlet/2.4.7.Final/weld-servlet-2.4.7.Final.jar:/home/user/.m2/repository/org/glassfish/jersey/containers/jersey-container-servlet-core/2.27/jersey-container-servlet-core-2.27.jar:/home/user/.m2/repository/org/glassfish/hk2/external/javax.inject/2.5.0-b42/javax.inject-2.5.0-b42.jar:/home/user/.m2/repository/org/glassfish/jersey/core/jersey-common/2.27/jersey-common-2.27.jar:/home/user/.m2/repository/org/glassfish/hk2/osgi-resource-locator/1.0.1/osgi-resource-locator-1.0.1.jar:/home/user/.m2/repository/javax/ws/rs/javax.ws.rs-api/2.1/javax.ws.rs-api-2.1.jar:/home/user/.m2/repository/org/glassfish/jersey/ext/cdi/jersey-cdi1x/2.27/jersey-cdi1x-2.27.jar:/home/user/.m2/repository/org/glassfish/jersey/inject/jersey-hk2/2.27/jersey-hk2-2.27.jar:/home/user/.m2/repository/org/glassfish/hk2/hk2-locator/2.5.0-b42/hk2-locator-2.5.0-b42.jar:/home/user/.m2/repository/org/javassist/javassist/3.22.0-CR2/javassist-3.22.0-CR2.jar:/home/user/.m2/repository/org/glassfish/hk2/hk2-api/2.5.0/hk2-api-2.5.0.jar:/home/user/.m2/repository/org/glassfish/hk2/external/jakarta.inject/2.5.0/jakarta.inject-2.5.0.jar:/home/user/.m2/repository/org/glassfish/hk2/hk2-utils/2.5.0/hk2-utils-2.5.0.jar:/home/user/.m2/repository/jakarta/annotation/jakarta.annotation-api/1.3.4/jakarta.annotation-api-1.3.4.jar:/home/user/.m2/repository/org/glassfish/hk2/external/aopalliance-repackaged/2.5.0/aopalliance-repackaged-2.5.0.jar:/home/user/.m2/repository/com/fasterxml/jackson/dataformat/jackson-dataformat-xml/2.10.3/jackson-dataformat-xml-2.10.3.jar:/home/user/.m2/repository/com/fasterxml/jackson/core/jackson-core/2.10.3/jackson-core-2.10.3.jar:/home/user/.m2/repository/com/fasterxml/jackson/module/jackson-module-jaxb-annotations/2.10.3/jackson-module-jaxb-annotations-2.10.3.jar:/home/user/.m2/repository/jakarta/xml/bind/jakarta.xml.bind-api/2.3.2/jakarta.xml.bind-api-2.3.2.jar:/home/user/.m2/repository/jakarta/activation/jakarta.activation-api/1.2.1/jakarta.activation-api-1.2.1.jar:/home/user/.m2/repository/org/codehaus/woodstox/stax2-api/3.1.4/stax2-api-3.1.4.jar:/home/user/.m2/repository/com/fasterxml/woodstox/woodstox-core/5.0.3/woodstox-core-5.0.3.jar:/home/user/.m2/repository/javax/enterprise/cdi-api/1.2/cdi-api-1.2.jar:/home/user/.m2/repository/javax/el/javax.el-api/3.0.0/javax.el-api-3.0.0.jar:/home/user/.m2/repository/javax/interceptor/javax.interceptor-api/1.2/javax.interceptor-api-1.2.jar:/home/user/.m2/repository/javax/inject/javax.inject/1/javax.inject-1.jar:/home/user/.m2/repository/com/sun/xml/bind/jaxb-impl/2.3.0.1/jaxb-impl-2.3.0.1.jar:/home/user/.m2/repository/com/sun/xml/bind/jaxb-core/2.3.0.1/jaxb-core-2.3.0.1.jar:/home/user/.m2/repository/javax/xml/bind/jaxb-api/2.3.0/jaxb-api-2.3.0.jar:/home/user/.m2/repository/javax/activation/activation/1.1.1/activation-1.1.1.jar:/home/user/.m2/repository/org/apache/hadoop/hadoop-ozone-csi/1.1.0-SNAPSHOT/hadoop-ozone-csi-1.1.0-SNAPSHOT.jar:/home/user/.m2/repository/com/google/protobuf/protobuf-java-util/3.11.0/protobuf-java-util-3.11.0.jar:/home/user/.m2/repository/com/google/code/gson/gson/2.2.4/gson-2.2.4.jar:/home/user/.m2/repository/org/apache/hadoop/hadoop-hdds-config/1.1.0-SNAPSHOT/hadoop-hdds-config-1.1.0-SNAPSHOT.jar:/home/user/.m2/repository/com/google/protobuf/protobuf-java/2.5.0/protobuf-java-2.5.0.jar:/home/user/.m2/repository/io/grpc/grpc-netty/1.29.0/grpc-netty-1.29.0.jar:/home/user/.m2/repository/io/grpc/grpc-core/1.29.0/grpc-core-1.29.0.jar:/home/user/.m2/repository/com/google/android/annotations/4.1.1.4/annotations-4.1.1.4.jar:/home/user/.m2/repository/io/perfmark/perfmark-api/0.19.0/perfmark-api-0.19.0.jar:/home/user/.m2/repository/io/netty/netty-codec-http2/4.1.48.Final/netty-codec-http2-4.1.48.Final.jar:/home/user/.m2/repository/io/netty/netty-codec/4.1.48.Final/netty-codec-4.1.48.Final.jar:/home/user/.m2/repository/io/netty/netty-handler/4.1.48.Final/netty-handler-4.1.48.Final.jar:/home/user/.m2/repository/io/netty/netty-codec-http/4.1.48.Final/netty-codec-http-4.1.48.Final.jar:/home/user/.m2/repository/io/netty/netty-handler-proxy/4.1.48.Final/netty-handler-proxy-4.1.48.Final.jar:/home/user/.m2/repository/io/netty/netty-codec-socks/4.1.48.Final/netty-codec-socks-4.1.48.Final.jar:/home/user/.m2/repository/io/netty/netty-transport-native-epoll/4.1.48.Final/netty-transport-native-epoll-4.1.48.Final.jar:/home/user/.m2/repository/io/netty/netty-common/4.1.48.Final/netty-common-4.1.48.Final.jar:/home/user/.m2/repository/io/netty/netty-buffer/4.1.48.Final/netty-buffer-4.1.48.Final.jar:/home/user/.m2/repository/io/netty/netty-transport/4.1.48.Final/netty-transport-4.1.48.Final.jar:/home/user/.m2/repository/io/netty/netty-resolver/4.1.48.Final/netty-resolver-4.1.48.Final.jar:/home/user/.m2/repository/io/netty/netty-transport-native-unix-common/4.1.48.Final/netty-transport-native-unix-common-4.1.48.Final.jar:/home/user/.m2/repository/io/grpc/grpc-protobuf/1.29.0/grpc-protobuf-1.29.0.jar:/home/user/.m2/repository/io/grpc/grpc-api/1.29.0/grpc-api-1.29.0.jar:/home/user/.m2/repository/io/grpc/grpc-context/1.29.0/grpc-context-1.29.0.jar:/home/user/.m2/repository/org/codehaus/mojo/animal-sniffer-annotations/1.18/animal-sniffer-annotations-1.18.jar:/home/user/.m2/repository/com/google/api/grpc/proto-google-common-protos/1.17.0/proto-google-common-protos-1.17.0.jar:/home/user/.m2/repository/io/grpc/grpc-protobuf-lite/1.29.0/grpc-protobuf-lite-1.29.0.jar:/home/user/.m2/repository/io/grpc/grpc-stub/1.29.0/grpc-stub-1.29.0.jar:/home/user/.m2/repository/org/apache/hadoop/hadoop-ozone-recon/1.1.0-SNAPSHOT/hadoop-ozone-recon-1.1.0-SNAPSHOT.jar:/home/user/.m2/repository/org/apache/hadoop/hadoop-ozone-reconcodegen/1.1.0-SNAPSHOT/hadoop-ozone-reconcodegen-1.1.0-SNAPSHOT.jar:/home/user/.m2/repository/com/google/inject/extensions/guice-multibindings/4.0/guice-multibindings-4.0.jar:/home/user/.m2/repository/com/google/inject/guice/4.0/guice-4.0.jar:/home/user/.m2/repository/aopalliance/aopalliance/1.0/aopalliance-1.0.jar:/home/user/.m2/repository/com/google/inject/extensions/guice-assistedinject/4.0/guice-assistedinject-4.0.jar:/home/user/.m2/repository/com/google/inject/extensions/guice-servlet/4.0/guice-servlet-4.0.jar:/home/user/.m2/repository/org/glassfish/jersey/containers/jersey-container-servlet/2.27/jersey-container-servlet-2.27.jar:/home/user/.m2/repository/org/glassfish/hk2/guice-bridge/2.5.0/guice-bridge-2.5.0.jar:/home/user/.m2/repository/org/glassfish/jersey/core/jersey-server/2.27/jersey-server-2.27.jar:/home/user/.m2/repository/org/glassfish/jersey/core/jersey-client/2.27/jersey-client-2.27.jar:/home/user/.m2/repository/org/glassfish/jersey/media/jersey-media-jaxb/2.27/jersey-media-jaxb-2.27.jar:/home/user/.m2/repository/javax/validation/validation-api/1.1.0.Final/validation-api-1.1.0.Final.jar:/home/user/.m2/repository/org/glassfish/jersey/media/jersey-media-json-jackson/2.27/jersey-media-json-jackson-2.27.jar:/home/user/.m2/repository/org/glassfish/jersey/ext/jersey-entity-filtering/2.27/jersey-entity-filtering-2.27.jar:/home/user/.m2/repository/org/jooq/jooq/3.11.10/jooq-3.11.10.jar:/home/user/.m2/repository/org/jooq/jooq-meta/3.11.10/jooq-meta-3.11.10.jar:/home/user/.m2/repository/org/jooq/jooq-codegen/3.11.10/jooq-codegen-3.11.10.jar:/home/user/.m2/repository/com/jolbox/bonecp/0.8.0.RELEASE/bonecp-0.8.0.RELEASE.jar:/home/user/.m2/repository/org/apache/derby/derby/10.14.2.0/derby-10.14.2.0.jar:/home/user/.m2/repository/org/xerial/sqlite-jdbc/3.25.2/sqlite-jdbc-3.25.2.jar:/home/user/.m2/repository/org/springframework/spring-jdbc/5.2.5.RELEASE/spring-jdbc-5.2.5.RELEASE.jar:/home/user/.m2/repository/org/springframework/spring-beans/5.2.5.RELEASE/spring-beans-5.2.5.RELEASE.jar:/home/user/.m2/repository/org/springframework/spring-core/5.2.5.RELEASE/spring-core-5.2.5.RELEASE.jar:/home/user/.m2/repository/org/springframework/spring-jcl/5.2.5.RELEASE/spring-jcl-5.2.5.RELEASE.jar:/home/user/.m2/repository/org/springframework/spring-tx/5.2.5.RELEASE/spring-tx-5.2.5.RELEASE.jar:/home/user/.m2/repository/org/apache/hadoop/hadoop-ozone-client/1.1.0-SNAPSHOT/hadoop-ozone-client-1.1.0-SNAPSHOT.jar:/home/user/.m2/repository/org/apache/hadoop/hadoop-ozone-filesystem/1.1.0-SNAPSHOT/hadoop-ozone-filesystem-1.1.0-SNAPSHOT.jar:/home/user/.m2/repository/org/apache/hadoop/hadoop-ozone-filesystem-common/1.1.0-SNAPSHOT/hadoop-ozone-filesystem-common-1.1.0-SNAPSHOT.jar:/home/user/.m2/repository/org/apache/hadoop/hadoop-ozone-tools/1.1.0-SNAPSHOT/hadoop-ozone-tools-1.1.0-SNAPSHOT.jar:/home/user/.m2/repository/org/apache/ratis/ratis-tools/1.1.0-913f5a4-SNAPSHOT/ratis-tools-1.1.0-913f5a4-SNAPSHOT.jar:/home/user/.m2/repository/org/apache/ratis/ratis-proto/1.1.0-913f5a4-SNAPSHOT/ratis-proto-1.1.0-913f5a4-SNAPSHOT.jar:/home/user/.m2/repository/org/apache/ratis/ratis-common/1.1.0-913f5a4-SNAPSHOT/ratis-common-1.1.0-913f5a4-SNAPSHOT.jar:/home/user/.m2/repository/com/amazonaws/aws-java-sdk-core/1.11.901/aws-java-sdk-core-1.11.901.jar:/home/user/.m2/repository/org/apache/httpcomponents/httpclient/4.5.13/httpclient-4.5.13.jar:/home/user/.m2/repository/org/apache/httpcomponents/httpcore/4.4.13/httpcore-4.4.13.jar:/home/user/.m2/repository/software/amazon/ion/ion-java/1.0.2/ion-java-1.0.2.jar:/home/user/.m2/repository/com/fasterxml/jackson/dataformat/jackson-dataformat-cbor/2.10.3/jackson-dataformat-cbor-2.10.3.jar:/home/user/.m2/repository/joda-time/joda-time/2.8.1/joda-time-2.8.1.jar:/home/user/.m2/repository/com/amazonaws/aws-java-sdk-s3/1.11.901/aws-java-sdk-s3-1.11.901.jar:/home/user/.m2/repository/com/amazonaws/aws-java-sdk-kms/1.11.901/aws-java-sdk-kms-1.11.901.jar:/home/user/.m2/repository/com/amazonaws/jmespath-java/1.11.901/jmespath-java-1.11.901.jar:/home/user/.m2/repository/org/kohsuke/metainf-services/metainf-services/1.8/metainf-services-1.8.jar:/home/user/.m2/repository/org/apache/hadoop/hadoop-hdds-tools/1.1.0-SNAPSHOT/hadoop-hdds-tools-1.1.0-SNAPSHOT.jar:/home/user/.m2/repository/commons-cli/commons-cli/1.2/commons-cli-1.2.jar:/home/user/.m2/repository/org/apache/commons/commons-lang3/3.7/commons-lang3-3.7.jar:/home/user/.m2/repository/org/apache/hadoop/hadoop-ozone-ozone-manager/1.1.0-SNAPSHOT/hadoop-ozone-ozone-manager-1.1.0-SNAPSHOT-tests.jar:/home/user/.m2/repository/org/apache/hadoop/hadoop-hdds-common/1.1.0-SNAPSHOT/hadoop-hdds-common-1.1.0-SNAPSHOT-tests.jar:/home/user/.m2/repository/org/apache/hadoop/hadoop-hdds-hadoop-dependency-client/1.1.0-SNAPSHOT/hadoop-hdds-hadoop-dependency-client-1.1.0-SNAPSHOT.jar:/home/user/.m2/repository/info/picocli/picocli/4.4.0/picocli-4.4.0.jar:/home/user/.m2/repository/com/fasterxml/jackson/core/jackson-annotations/2.10.3/jackson-annotations-2.10.3.jar:/home/user/.m2/repository/javax/annotation/javax.annotation-api/1.2/javax.annotation-api-1.2.jar:/home/user/.m2/repository/org/fusesource/leveldbjni/leveldbjni-all/1.8/leveldbjni-all-1.8.jar:/home/user/.m2/repository/org/apache/ratis/ratis-server/1.1.0-913f5a4-SNAPSHOT/ratis-server-1.1.0-913f5a4-SNAPSHOT.jar:/home/user/.m2/repository/org/apache/ratis/ratis-client/1.1.0-913f5a4-SNAPSHOT/ratis-client-1.1.0-913f5a4-SNAPSHOT.jar:/home/user/.m2/repository/org/apache/ratis/ratis-metrics/1.1.0-913f5a4-SNAPSHOT/ratis-metrics-1.1.0-913f5a4-SNAPSHOT.jar:/home/user/.m2/repository/org/apache/ratis/ratis-netty/1.1.0-913f5a4-SNAPSHOT/ratis-netty-1.1.0-913f5a4-SNAPSHOT.jar:/home/user/.m2/repository/org/apache/ratis/ratis-grpc/1.1.0-913f5a4-SNAPSHOT/ratis-grpc-1.1.0-913f5a4-SNAPSHOT.jar:/home/user/.m2/repository/org/apache/logging/log4j/log4j-api/2.13.3/log4j-api-2.13.3.jar:/home/user/.m2/repository/org/apache/logging/log4j/log4j-core/2.13.3/log4j-core-2.13.3.jar:/home/user/.m2/repository/com/lmax/disruptor/3.4.2/disruptor-3.4.2.jar:/home/user/.m2/repository/org/apache/commons/commons-pool2/2.6.0/commons-pool2-2.6.0.jar:/home/user/.m2/repository/org/bouncycastle/bcpkix-jdk15on/1.60/bcpkix-jdk15on-1.60.jar:/home/user/.m2/repository/commons-validator/commons-validator/1.6/commons-validator-1.6.jar:/home/user/.m2/repository/commons-beanutils/commons-beanutils/1.9.4/commons-beanutils-1.9.4.jar:/home/user/.m2/repository/commons-digester/commons-digester/1.8.1/commons-digester-1.8.1.jar:/home/user/.m2/repository/commons-collections/commons-collections/3.2.2/commons-collections-3.2.2.jar:/home/user/.m2/repository/io/jaegertracing/jaeger-client/1.2.0/jaeger-client-1.2.0.jar:/home/user/.m2/repository/io/jaegertracing/jaeger-thrift/1.2.0/jaeger-thrift-1.2.0.jar:/home/user/.m2/repository/org/apache/thrift/libthrift/0.13.0/libthrift-0.13.0.jar:/home/user/.m2/repository/com/squareup/okhttp3/okhttp/4.2.2/okhttp-4.2.2.jar:/home/user/.m2/repository/com/squareup/okio/okio/2.2.2/okio-2.2.2.jar:/home/user/.m2/repository/org/jetbrains/kotlin/kotlin-stdlib/1.3.50/kotlin-stdlib-1.3.50.jar:/home/user/.m2/repository/org/jetbrains/kotlin/kotlin-stdlib-common/1.3.50/kotlin-stdlib-common-1.3.50.jar:/home/user/.m2/repository/org/jetbrains/annotations/13.0/annotations-13.0.jar:/home/user/.m2/repository/io/jaegertracing/jaeger-core/1.2.0/jaeger-core-1.2.0.jar:/home/user/.m2/repository/io/jaegertracing/jaeger-tracerresolver/1.2.0/jaeger-tracerresolver-1.2.0.jar:/home/user/.m2/repository/io/opentracing/contrib/opentracing-tracerresolver/0.1.8/opentracing-tracerresolver-0.1.8.jar:/home/user/.m2/repository/io/opentracing/opentracing-util/0.33.0/opentracing-util-0.33.0.jar:/home/user/.m2/repository/io/opentracing/opentracing-api/0.33.0/opentracing-api-0.33.0.jar:/home/user/.m2/repository/io/opentracing/opentracing-noop/0.33.0/opentracing-noop-0.33.0.jar:/home/user/.m2/repository/org/yaml/snakeyaml/1.26/snakeyaml-1.26.jar:/home/user/.m2/repository/junit/junit/4.11/junit-4.11.jar:/home/user/.m2/repository/org/hamcrest/hamcrest-core/1.3/hamcrest-core-1.3.jar:/home/user/.m2/repository/org/openjdk/jmh/jmh-core/1.19/jmh-core-1.19.jar:/home/user/.m2/repository/net/sf/jopt-simple/jopt-simple/4.6/jopt-simple-4.6.jar:/home/user/.m2/repository/org/apache/commons/commons-math3/3.1.1/commons-math3-3.1.1.jar:/home/user/.m2/repository/org/openjdk/jmh/jmh-generator-annprocess/1.19/jmh-generator-annprocess-1.19.jar:/home/user/.m2/repository/org/mockito/mockito-all/1.8.5/mockito-all-1.8.5.jar:/home/user/.m2/repository/org/apache/hadoop/hadoop-kms/3.2.1/hadoop-kms-3.2.1.jar:/home/user/.m2/repository/org/apache/hadoop/hadoop-auth/3.2.1/hadoop-auth-3.2.1.jar:/home/user/.m2/repository/com/nimbusds/nimbus-jose-jwt/7.9/nimbus-jose-jwt-7.9.jar:/home/user/.m2/repository/com/github/stephenc/jcip/jcip-annotations/1.0-1/jcip-annotations-1.0-1.jar:/home/user/.m2/repository/net/minidev/json-smart/2.3/json-smart-2.3.jar:/home/user/.m2/repository/net/minidev/accessors-smart/1.2/accessors-smart-1.2.jar:/home/user/.m2/repository/org/ow2/asm/asm/5.0.4/asm-5.0.4.jar:/home/user/.m2/repository/org/apache/zookeeper/zookeeper/3.4.13/zookeeper-3.4.13.jar:/home/user/.m2/repository/org/apache/yetus/audience-annotations/0.5.0/audience-annotations-0.5.0.jar:/home/user/.m2/repository/org/apache/curator/curator-framework/2.13.0/curator-framework-2.13.0.jar:/home/user/.m2/repository/com/sun/jersey/jersey-core/1.19/jersey-core-1.19.jar:/home/user/.m2/repository/javax/ws/rs/jsr311-api/1.1.1/jsr311-api-1.1.1.jar:/home/user/.m2/repository/com/sun/jersey/jersey-server/1.19/jersey-server-1.19.jar:/home/user/.m2/repository/javax/servlet/javax.servlet-api/3.1.0/javax.servlet-api-3.1.0.jar:/home/user/.m2/repository/org/eclipse/jetty/jetty-server/9.4.34.v20201102/jetty-server-9.4.34.v20201102.jar:/home/user/.m2/repository/org/eclipse/jetty/jetty-http/9.4.34.v20201102/jetty-http-9.4.34.v20201102.jar:/home/user/.m2/repository/org/eclipse/jetty/jetty-io/9.4.34.v20201102/jetty-io-9.4.34.v20201102.jar:/home/user/.m2/repository/org/eclipse/jetty/jetty-webapp/9.4.34.v20201102/jetty-webapp-9.4.34.v20201102.jar:/home/user/.m2/repository/org/eclipse/jetty/jetty-xml/9.4.34.v20201102/jetty-xml-9.4.34.v20201102.jar:/home/user/.m2/repository/org/apache/hadoop/hadoop-common/3.2.1/hadoop-common-3.2.1.jar:/home/user/.m2/repository/commons-net/commons-net/3.6/commons-net-3.6.jar:/home/user/.m2/repository/com/sun/jersey/jersey-servlet/1.19/jersey-servlet-1.19.jar:/home/user/.m2/repository/com/sun/jersey/jersey-json/1.19/jersey-json-1.19.jar:/home/user/.m2/repository/org/codehaus/jettison/jettison/1.1/jettison-1.1.jar:/home/user/.m2/repository/org/codehaus/jackson/jackson-jaxrs/1.9.2/jackson-jaxrs-1.9.2.jar:/home/user/.m2/repository/org/codehaus/jackson/jackson-xc/1.9.2/jackson-xc-1.9.2.jar:/home/user/.m2/repository/org/apache/commons/commons-configuration2/2.1.1/commons-configuration2-2.1.1.jar:/home/user/.m2/repository/org/apache/commons/commons-text/1.4/commons-text-1.4.jar:/home/user/.m2/repository/com/google/re2j/re2j/1.1/re2j-1.1.jar:/home/user/.m2/repository/com/jcraft/jsch/0.1.54/jsch-0.1.54.jar:/home/user/.m2/repository/org/apache/curator/curator-client/2.13.0/curator-client-2.13.0.jar:/home/user/.m2/repository/org/apache/curator/curator-recipes/2.13.0/curator-recipes-2.13.0.jar:/home/user/.m2/repository/dnsjava/dnsjava/2.1.7/dnsjava-2.1.7.jar:/home/user/.m2/repository/org/slf4j/jul-to-slf4j/1.7.30/jul-to-slf4j-1.7.30.jar:/home/user/.m2/repository/org/eclipse/jetty/jetty-util/9.4.34.v20201102/jetty-util-9.4.34.v20201102.jar:/home/user/.m2/repository/com/fasterxml/jackson/core/jackson-databind/2.10.3/jackson-databind-2.10.3.jar:/home/user/.m2/repository/org/apache/hadoop/hadoop-kms/3.2.1/hadoop-kms-3.2.1-tests.jar:/home/user/.m2/repository/org/apache/hadoop/hadoop-hdds-server-scm/1.1.0-SNAPSHOT/hadoop-hdds-server-scm-1.1.0-SNAPSHOT-tests.jar:/home/user/.m2/repository/org/apache/hadoop/hadoop-hdds-container-service/1.1.0-SNAPSHOT/hadoop-hdds-container-service-1.1.0-SNAPSHOT-tests.jar:/home/user/.m2/repository/commons-codec/commons-codec/1.11/commons-codec-1.11.jar:/home/user/.m2/repository/org/apache/hadoop/hadoop-hdds-hadoop-dependency-test/1.1.0-SNAPSHOT/hadoop-hdds-hadoop-dependency-test-1.1.0-SNAPSHOT.jar:/home/user/.m2/repository/org/apache/hadoop/hadoop-common/3.2.1/hadoop-common-3.2.1-tests.jar:/home/user/.m2/repository/org/apache/hadoop/hadoop-hdfs/3.2.1/hadoop-hdfs-3.2.1-tests.jar:/home/user/.m2/repository/org/eclipse/jetty/jetty-util-ajax/9.4.34.v20201102/jetty-util-ajax-9.4.34.v20201102.jar:/home/user/.m2/repository/commons-daemon/commons-daemon/1.0.13/commons-daemon-1.0.13.jar:/home/user/.m2/repository/io/netty/netty/3.10.5.Final/netty-3.10.5.Final.jar:/home/user/.m2/repository/io/netty/netty-all/4.1.48.Final/netty-all-4.1.48.Final.jar:/home/user/.m2/repository/org/apache/htrace/htrace-core4/4.1.0-incubating/htrace-core4-4.1.0-incubating.jar:/home/user/.m2/repository/org/apache/hadoop/hadoop-distcp/3.2.1/hadoop-distcp-3.2.1.jar:/home/user/.m2/repository/org/apache/hadoop/hadoop-mapreduce-client-jobclient/3.2.1/hadoop-mapreduce-client-jobclient-3.2.1.jar:/home/user/.m2/repository/org/apache/hadoop/hadoop-mapreduce-client-common/3.2.1/hadoop-mapreduce-client-common-3.2.1.jar:/home/user/.m2/repository/org/apache/hadoop/hadoop-yarn-common/3.2.1/hadoop-yarn-common-3.2.1.jar:/home/user/.m2/repository/org/apache/hadoop/hadoop-yarn-api/3.2.1/hadoop-yarn-api-3.2.1.jar:/home/user/.m2/repository/com/sun/jersey/jersey-client/1.19/jersey-client-1.19.jar:/home/user/.m2/repository/com/sun/jersey/contribs/jersey-guice/1.19/jersey-guice-1.19.jar:/home/user/.m2/repository/com/fasterxml/jackson/jaxrs/jackson-jaxrs-json-provider/2.10.3/jackson-jaxrs-json-provider-2.10.3.jar:/home/user/.m2/repository/com/fasterxml/jackson/jaxrs/jackson-jaxrs-base/2.10.3/jackson-jaxrs-base-2.10.3.jar:/home/user/.m2/repository/org/apache/hadoop/hadoop-yarn-client/3.2.1/hadoop-yarn-client-3.2.1.jar:/home/user/.m2/repository/org/apache/hadoop/hadoop-mapreduce-client-core/3.2.1/hadoop-mapreduce-client-core-3.2.1.jar:/home/user/.m2/repository/org/apache/avro/avro/1.7.7/avro-1.7.7.jar:/home/user/.m2/repository/org/codehaus/jackson/jackson-core-asl/1.9.13/jackson-core-asl-1.9.13.jar:/home/user/.m2/repository/org/codehaus/jackson/jackson-mapper-asl/1.9.13/jackson-mapper-asl-1.9.13.jar:/home/user/.m2/repository/com/thoughtworks/paranamer/paranamer/2.3/paranamer-2.3.jar:/home/user/.m2/repository/org/xerial/snappy/snappy-java/1.0.5/snappy-java-1.0.5.jar:/home/user/.m2/repository/org/apache/hadoop/hadoop-annotations/3.2.1/hadoop-annotations-3.2.1.jar:/usr/lib/jvm/java-1.8.0-openjdk-1.8.0.232.b09-0.el7_7.x86_64/jre/../lib/tools.jar:/home/user/.m2/repository/org/apache/hadoop/hadoop-distcp/3.2.1/hadoop-distcp-3.2.1-tests.jar:"/>
    <property name="java.vm.vendor" value="Oracle Corporation"/>
    <property name="sun.arch.data.model" value="64"/>
    <property name="test.build.dir" value="/github/workspace/mnt/ozone/hadoop-ozone/integration-test/target/test-dir"/>
    <property name="test.cache.data" value=""/>
    <property name="java.vendor.url" value="http://java.oracle.com/"/>
    <property name="user.timezone" value=""/>
    <property name="java.vm.specification.version" value="1.8"/>
    <property name="os.name" value="Linux"/>
    <property name="test.build.data" value="/github/workspace/mnt/ozone/hadoop-ozone/integration-test/target/test-dir"/>
    <property name="user.country" value="US"/>
    <property name="sun.java.launcher" value="SUN_STANDARD"/>
    <property name="sun.boot.library.path" value="/usr/lib/jvm/java-1.8.0-openjdk-1.8.0.232.b09-0.el7_7.x86_64/jre/lib/amd64"/>
    <property name="sun.java.command" value="/github/workspace/mnt/ozone/hadoop-ozone/integration-test/target/surefire/surefirebooter6609350148355498921.jar /github/workspace/mnt/ozone/hadoop-ozone/integration-test/target/surefire 2020-12-08T14-32-52_386-jvmRun1 surefire1952055430076347800tmp surefire_133532147457586421553tmp"/>
    <property name="surefire.test.class.path" value="/github/workspace/mnt/ozone/hadoop-ozone/integration-test/target/test-classes:/github/workspace/mnt/ozone/hadoop-ozone/integration-test/target/classes:/home/user/.m2/repository/org/apache/hadoop/hadoop-ozone-common/1.1.0-SNAPSHOT/hadoop-ozone-common-1.1.0-SNAPSHOT.jar:/home/user/.m2/repository/org/apache/commons/commons-compress/1.4.1/commons-compress-1.4.1.jar:/home/user/.m2/repository/org/tukaani/xz/1.0/xz-1.0.jar:/home/user/.m2/repository/org/apache/hadoop/hadoop-hdds-common/1.1.0-SNAPSHOT/hadoop-hdds-common-1.1.0-SNAPSHOT.jar:/home/user/.m2/repository/org/apache/hadoop/hadoop-hdds-client/1.1.0-SNAPSHOT/hadoop-hdds-client-1.1.0-SNAPSHOT.jar:/home/user/.m2/repository/org/apache/hadoop/hadoop-ozone-interface-client/1.1.0-SNAPSHOT/hadoop-ozone-interface-client-1.1.0-SNAPSHOT.jar:/home/user/.m2/repository/org/apache/hadoop/hadoop-hdds-test-utils/1.1.0-SNAPSHOT/hadoop-hdds-test-utils-1.1.0-SNAPSHOT.jar:/home/user/.m2/repository/com/google/guava/guava/28.2-jre/guava-28.2-jre.jar:/home/user/.m2/repository/com/google/guava/failureaccess/1.0.1/failureaccess-1.0.1.jar:/home/user/.m2/repository/com/google/guava/listenablefuture/9999.0-empty-to-avoid-conflict-with-guava/listenablefuture-9999.0-empty-to-avoid-conflict-with-guava.jar:/home/user/.m2/repository/com/google/code/findbugs/jsr305/3.0.0/jsr305-3.0.0.jar:/home/user/.m2/repository/org/checkerframework/checker-qual/2.10.0/checker-qual-2.10.0.jar:/home/user/.m2/repository/com/google/errorprone/error_prone_annotations/2.2.0/error_prone_annotations-2.2.0.jar:/home/user/.m2/repository/com/google/j2objc/j2objc-annotations/1.3/j2objc-annotations-1.3.jar:/home/user/.m2/repository/commons-io/commons-io/2.5/commons-io-2.5.jar:/home/user/.m2/repository/commons-logging/commons-logging/1.2/commons-logging-1.2.jar:/home/user/.m2/repository/log4j/log4j/1.2.17/log4j-1.2.17.jar:/home/user/.m2/repository/org/slf4j/slf4j-api/1.7.30/slf4j-api-1.7.30.jar:/home/user/.m2/repository/org/apache/hadoop/hadoop-hdds-server-scm/1.1.0-SNAPSHOT/hadoop-hdds-server-scm-1.1.0-SNAPSHOT.jar:/home/user/.m2/repository/org/apache/hadoop/hadoop-hdds-container-service/1.1.0-SNAPSHOT/hadoop-hdds-container-service-1.1.0-SNAPSHOT.jar:/home/user/.m2/repository/org/apache/hadoop/hadoop-hdds-hadoop-dependency-server/1.1.0-SNAPSHOT/hadoop-hdds-hadoop-dependency-server-1.1.0-SNAPSHOT.jar:/home/user/.m2/repository/org/apache/hadoop/hadoop-hdfs/3.2.1/hadoop-hdfs-3.2.1.jar:/home/user/.m2/repository/org/apache/hadoop/hadoop-hdds-server-framework/1.1.0-SNAPSHOT/hadoop-hdds-server-framework-1.1.0-SNAPSHOT.jar:/home/user/.m2/repository/org/apache/hadoop/hadoop-hdds-interface-server/1.1.0-SNAPSHOT/hadoop-hdds-interface-server-1.1.0-SNAPSHOT.jar:/home/user/.m2/repository/org/apache/hadoop/hadoop-hdds-interface-admin/1.1.0-SNAPSHOT/hadoop-hdds-interface-admin-1.1.0-SNAPSHOT.jar:/home/user/.m2/repository/org/eclipse/jetty/jetty-servlet/9.4.34.v20201102/jetty-servlet-9.4.34.v20201102.jar:/home/user/.m2/repository/org/eclipse/jetty/jetty-security/9.4.34.v20201102/jetty-security-9.4.34.v20201102.jar:/home/user/.m2/repository/org/rocksdb/rocksdbjni/6.8.1/rocksdbjni-6.8.1.jar:/home/user/.m2/repository/io/prometheus/simpleclient_dropwizard/0.7.0/simpleclient_dropwizard-0.7.0.jar:/home/user/.m2/repository/io/prometheus/simpleclient/0.7.0/simpleclient-0.7.0.jar:/home/user/.m2/repository/io/prometheus/simpleclient_common/0.7.0/simpleclient_common-0.7.0.jar:/home/user/.m2/repository/com/fasterxml/jackson/datatype/jackson-datatype-jsr310/2.10.3/jackson-datatype-jsr310-2.10.3.jar:/home/user/.m2/repository/io/dropwizard/metrics/metrics-core/3.2.4/metrics-core-3.2.4.jar:/home/user/.m2/repository/org/apache/hadoop/hadoop-hdfs-client/3.2.1/hadoop-hdfs-client-3.2.1.jar:/home/user/.m2/repository/org/bouncycastle/bcprov-jdk15on/1.60/bcprov-jdk15on-1.60.jar:/home/user/.m2/repository/org/apache/hadoop/hadoop-ozone-ozone-manager/1.1.0-SNAPSHOT/hadoop-ozone-ozone-manager-1.1.0-SNAPSHOT.jar:/home/user/.m2/repository/org/apache/hadoop/hadoop-hdds-interface-client/1.1.0-SNAPSHOT/hadoop-hdds-interface-client-1.1.0-SNAPSHOT.jar:/home/user/.m2/repository/org/apache/ratis/ratis-thirdparty-misc/0.6.0-SNAPSHOT/ratis-thirdparty-misc-0.6.0-SNAPSHOT.jar:/home/user/.m2/repository/org/apache/hadoop/hadoop-ozone-interface-storage/1.1.0-SNAPSHOT/hadoop-ozone-interface-storage-1.1.0-SNAPSHOT.jar:/home/user/.m2/repository/org/apache/hadoop/hadoop-minikdc/3.2.1/hadoop-minikdc-3.2.1.jar:/home/user/.m2/repository/org/apache/kerby/kerb-simplekdc/1.0.1/kerb-simplekdc-1.0.1.jar:/home/user/.m2/repository/org/apache/kerby/kerb-client/1.0.1/kerb-client-1.0.1.jar:/home/user/.m2/repository/org/apache/kerby/kerby-config/1.0.1/kerby-config-1.0.1.jar:/home/user/.m2/repository/org/apache/kerby/kerb-core/1.0.1/kerb-core-1.0.1.jar:/home/user/.m2/repository/org/apache/kerby/kerby-pkix/1.0.1/kerby-pkix-1.0.1.jar:/home/user/.m2/repository/org/apache/kerby/kerby-asn1/1.0.1/kerby-asn1-1.0.1.jar:/home/user/.m2/repository/org/apache/kerby/kerby-util/1.0.1/kerby-util-1.0.1.jar:/home/user/.m2/repository/org/apache/kerby/kerb-common/1.0.1/kerb-common-1.0.1.jar:/home/user/.m2/repository/org/apache/kerby/kerb-crypto/1.0.1/kerb-crypto-1.0.1.jar:/home/user/.m2/repository/org/apache/kerby/kerb-util/1.0.1/kerb-util-1.0.1.jar:/home/user/.m2/repository/org/apache/kerby/token-provider/1.0.1/token-provider-1.0.1.jar:/home/user/.m2/repository/org/apache/kerby/kerb-admin/1.0.1/kerb-admin-1.0.1.jar:/home/user/.m2/repository/org/apache/kerby/kerb-server/1.0.1/kerb-server-1.0.1.jar:/home/user/.m2/repository/org/apache/kerby/kerb-identity/1.0.1/kerb-identity-1.0.1.jar:/home/user/.m2/repository/org/apache/kerby/kerby-xdr/1.0.1/kerby-xdr-1.0.1.jar:/home/user/.m2/repository/org/slf4j/slf4j-log4j12/1.7.30/slf4j-log4j12-1.7.30.jar:/home/user/.m2/repository/org/apache/hadoop/hadoop-ozone-s3gateway/1.1.0-SNAPSHOT/hadoop-ozone-s3gateway-1.1.0-SNAPSHOT.jar:/home/user/.m2/repository/org/jboss/weld/servlet/weld-servlet/2.4.7.Final/weld-servlet-2.4.7.Final.jar:/home/user/.m2/repository/org/glassfish/jersey/containers/jersey-container-servlet-core/2.27/jersey-container-servlet-core-2.27.jar:/home/user/.m2/repository/org/glassfish/hk2/external/javax.inject/2.5.0-b42/javax.inject-2.5.0-b42.jar:/home/user/.m2/repository/org/glassfish/jersey/core/jersey-common/2.27/jersey-common-2.27.jar:/home/user/.m2/repository/org/glassfish/hk2/osgi-resource-locator/1.0.1/osgi-resource-locator-1.0.1.jar:/home/user/.m2/repository/javax/ws/rs/javax.ws.rs-api/2.1/javax.ws.rs-api-2.1.jar:/home/user/.m2/repository/org/glassfish/jersey/ext/cdi/jersey-cdi1x/2.27/jersey-cdi1x-2.27.jar:/home/user/.m2/repository/org/glassfish/jersey/inject/jersey-hk2/2.27/jersey-hk2-2.27.jar:/home/user/.m2/repository/org/glassfish/hk2/hk2-locator/2.5.0-b42/hk2-locator-2.5.0-b42.jar:/home/user/.m2/repository/org/javassist/javassist/3.22.0-CR2/javassist-3.22.0-CR2.jar:/home/user/.m2/repository/org/glassfish/hk2/hk2-api/2.5.0/hk2-api-2.5.0.jar:/home/user/.m2/repository/org/glassfish/hk2/external/jakarta.inject/2.5.0/jakarta.inject-2.5.0.jar:/home/user/.m2/repository/org/glassfish/hk2/hk2-utils/2.5.0/hk2-utils-2.5.0.jar:/home/user/.m2/repository/jakarta/annotation/jakarta.annotation-api/1.3.4/jakarta.annotation-api-1.3.4.jar:/home/user/.m2/repository/org/glassfish/hk2/external/aopalliance-repackaged/2.5.0/aopalliance-repackaged-2.5.0.jar:/home/user/.m2/repository/com/fasterxml/jackson/dataformat/jackson-dataformat-xml/2.10.3/jackson-dataformat-xml-2.10.3.jar:/home/user/.m2/repository/com/fasterxml/jackson/core/jackson-core/2.10.3/jackson-core-2.10.3.jar:/home/user/.m2/repository/com/fasterxml/jackson/module/jackson-module-jaxb-annotations/2.10.3/jackson-module-jaxb-annotations-2.10.3.jar:/home/user/.m2/repository/jakarta/xml/bind/jakarta.xml.bind-api/2.3.2/jakarta.xml.bind-api-2.3.2.jar:/home/user/.m2/repository/jakarta/activation/jakarta.activation-api/1.2.1/jakarta.activation-api-1.2.1.jar:/home/user/.m2/repository/org/codehaus/woodstox/stax2-api/3.1.4/stax2-api-3.1.4.jar:/home/user/.m2/repository/com/fasterxml/woodstox/woodstox-core/5.0.3/woodstox-core-5.0.3.jar:/home/user/.m2/repository/javax/enterprise/cdi-api/1.2/cdi-api-1.2.jar:/home/user/.m2/repository/javax/el/javax.el-api/3.0.0/javax.el-api-3.0.0.jar:/home/user/.m2/repository/javax/interceptor/javax.interceptor-api/1.2/javax.interceptor-api-1.2.jar:/home/user/.m2/repository/javax/inject/javax.inject/1/javax.inject-1.jar:/home/user/.m2/repository/com/sun/xml/bind/jaxb-impl/2.3.0.1/jaxb-impl-2.3.0.1.jar:/home/user/.m2/repository/com/sun/xml/bind/jaxb-core/2.3.0.1/jaxb-core-2.3.0.1.jar:/home/user/.m2/repository/javax/xml/bind/jaxb-api/2.3.0/jaxb-api-2.3.0.jar:/home/user/.m2/repository/javax/activation/activation/1.1.1/activation-1.1.1.jar:/home/user/.m2/repository/org/apache/hadoop/hadoop-ozone-csi/1.1.0-SNAPSHOT/hadoop-ozone-csi-1.1.0-SNAPSHOT.jar:/home/user/.m2/repository/com/google/protobuf/protobuf-java-util/3.11.0/protobuf-java-util-3.11.0.jar:/home/user/.m2/repository/com/google/code/gson/gson/2.2.4/gson-2.2.4.jar:/home/user/.m2/repository/org/apache/hadoop/hadoop-hdds-config/1.1.0-SNAPSHOT/hadoop-hdds-config-1.1.0-SNAPSHOT.jar:/home/user/.m2/repository/com/google/protobuf/protobuf-java/2.5.0/protobuf-java-2.5.0.jar:/home/user/.m2/repository/io/grpc/grpc-netty/1.29.0/grpc-netty-1.29.0.jar:/home/user/.m2/repository/io/grpc/grpc-core/1.29.0/grpc-core-1.29.0.jar:/home/user/.m2/repository/com/google/android/annotations/4.1.1.4/annotations-4.1.1.4.jar:/home/user/.m2/repository/io/perfmark/perfmark-api/0.19.0/perfmark-api-0.19.0.jar:/home/user/.m2/repository/io/netty/netty-codec-http2/4.1.48.Final/netty-codec-http2-4.1.48.Final.jar:/home/user/.m2/repository/io/netty/netty-codec/4.1.48.Final/netty-codec-4.1.48.Final.jar:/home/user/.m2/repository/io/netty/netty-handler/4.1.48.Final/netty-handler-4.1.48.Final.jar:/home/user/.m2/repository/io/netty/netty-codec-http/4.1.48.Final/netty-codec-http-4.1.48.Final.jar:/home/user/.m2/repository/io/netty/netty-handler-proxy/4.1.48.Final/netty-handler-proxy-4.1.48.Final.jar:/home/user/.m2/repository/io/netty/netty-codec-socks/4.1.48.Final/netty-codec-socks-4.1.48.Final.jar:/home/user/.m2/repository/io/netty/netty-transport-native-epoll/4.1.48.Final/netty-transport-native-epoll-4.1.48.Final.jar:/home/user/.m2/repository/io/netty/netty-common/4.1.48.Final/netty-common-4.1.48.Final.jar:/home/user/.m2/repository/io/netty/netty-buffer/4.1.48.Final/netty-buffer-4.1.48.Final.jar:/home/user/.m2/repository/io/netty/netty-transport/4.1.48.Final/netty-transport-4.1.48.Final.jar:/home/user/.m2/repository/io/netty/netty-resolver/4.1.48.Final/netty-resolver-4.1.48.Final.jar:/home/user/.m2/repository/io/netty/netty-transport-native-unix-common/4.1.48.Final/netty-transport-native-unix-common-4.1.48.Final.jar:/home/user/.m2/repository/io/grpc/grpc-protobuf/1.29.0/grpc-protobuf-1.29.0.jar:/home/user/.m2/repository/io/grpc/grpc-api/1.29.0/grpc-api-1.29.0.jar:/home/user/.m2/repository/io/grpc/grpc-context/1.29.0/grpc-context-1.29.0.jar:/home/user/.m2/repository/org/codehaus/mojo/animal-sniffer-annotations/1.18/animal-sniffer-annotations-1.18.jar:/home/user/.m2/repository/com/google/api/grpc/proto-google-common-protos/1.17.0/proto-google-common-protos-1.17.0.jar:/home/user/.m2/repository/io/grpc/grpc-protobuf-lite/1.29.0/grpc-protobuf-lite-1.29.0.jar:/home/user/.m2/repository/io/grpc/grpc-stub/1.29.0/grpc-stub-1.29.0.jar:/home/user/.m2/repository/org/apache/hadoop/hadoop-ozone-recon/1.1.0-SNAPSHOT/hadoop-ozone-recon-1.1.0-SNAPSHOT.jar:/home/user/.m2/repository/org/apache/hadoop/hadoop-ozone-reconcodegen/1.1.0-SNAPSHOT/hadoop-ozone-reconcodegen-1.1.0-SNAPSHOT.jar:/home/user/.m2/repository/com/google/inject/extensions/guice-multibindings/4.0/guice-multibindings-4.0.jar:/home/user/.m2/repository/com/google/inject/guice/4.0/guice-4.0.jar:/home/user/.m2/repository/aopalliance/aopalliance/1.0/aopalliance-1.0.jar:/home/user/.m2/repository/com/google/inject/extensions/guice-assistedinject/4.0/guice-assistedinject-4.0.jar:/home/user/.m2/repository/com/google/inject/extensions/guice-servlet/4.0/guice-servlet-4.0.jar:/home/user/.m2/repository/org/glassfish/jersey/containers/jersey-container-servlet/2.27/jersey-container-servlet-2.27.jar:/home/user/.m2/repository/org/glassfish/hk2/guice-bridge/2.5.0/guice-bridge-2.5.0.jar:/home/user/.m2/repository/org/glassfish/jersey/core/jersey-server/2.27/jersey-server-2.27.jar:/home/user/.m2/repository/org/glassfish/jersey/core/jersey-client/2.27/jersey-client-2.27.jar:/home/user/.m2/repository/org/glassfish/jersey/media/jersey-media-jaxb/2.27/jersey-media-jaxb-2.27.jar:/home/user/.m2/repository/javax/validation/validation-api/1.1.0.Final/validation-api-1.1.0.Final.jar:/home/user/.m2/repository/org/glassfish/jersey/media/jersey-media-json-jackson/2.27/jersey-media-json-jackson-2.27.jar:/home/user/.m2/repository/org/glassfish/jersey/ext/jersey-entity-filtering/2.27/jersey-entity-filtering-2.27.jar:/home/user/.m2/repository/org/jooq/jooq/3.11.10/jooq-3.11.10.jar:/home/user/.m2/repository/org/jooq/jooq-meta/3.11.10/jooq-meta-3.11.10.jar:/home/user/.m2/repository/org/jooq/jooq-codegen/3.11.10/jooq-codegen-3.11.10.jar:/home/user/.m2/repository/com/jolbox/bonecp/0.8.0.RELEASE/bonecp-0.8.0.RELEASE.jar:/home/user/.m2/repository/org/apache/derby/derby/10.14.2.0/derby-10.14.2.0.jar:/home/user/.m2/repository/org/xerial/sqlite-jdbc/3.25.2/sqlite-jdbc-3.25.2.jar:/home/user/.m2/repository/org/springframework/spring-jdbc/5.2.5.RELEASE/spring-jdbc-5.2.5.RELEASE.jar:/home/user/.m2/repository/org/springframework/spring-beans/5.2.5.RELEASE/spring-beans-5.2.5.RELEASE.jar:/home/user/.m2/repository/org/springframework/spring-core/5.2.5.RELEASE/spring-core-5.2.5.RELEASE.jar:/home/user/.m2/repository/org/springframework/spring-jcl/5.2.5.RELEASE/spring-jcl-5.2.5.RELEASE.jar:/home/user/.m2/repository/org/springframework/spring-tx/5.2.5.RELEASE/spring-tx-5.2.5.RELEASE.jar:/home/user/.m2/repository/org/apache/hadoop/hadoop-ozone-client/1.1.0-SNAPSHOT/hadoop-ozone-client-1.1.0-SNAPSHOT.jar:/home/user/.m2/repository/org/apache/hadoop/hadoop-ozone-filesystem/1.1.0-SNAPSHOT/hadoop-ozone-filesystem-1.1.0-SNAPSHOT.jar:/home/user/.m2/repository/org/apache/hadoop/hadoop-ozone-filesystem-common/1.1.0-SNAPSHOT/hadoop-ozone-filesystem-common-1.1.0-SNAPSHOT.jar:/home/user/.m2/repository/org/apache/hadoop/hadoop-ozone-tools/1.1.0-SNAPSHOT/hadoop-ozone-tools-1.1.0-SNAPSHOT.jar:/home/user/.m2/repository/org/apache/ratis/ratis-tools/1.1.0-913f5a4-SNAPSHOT/ratis-tools-1.1.0-913f5a4-SNAPSHOT.jar:/home/user/.m2/repository/org/apache/ratis/ratis-proto/1.1.0-913f5a4-SNAPSHOT/ratis-proto-1.1.0-913f5a4-SNAPSHOT.jar:/home/user/.m2/repository/org/apache/ratis/ratis-common/1.1.0-913f5a4-SNAPSHOT/ratis-common-1.1.0-913f5a4-SNAPSHOT.jar:/home/user/.m2/repository/com/amazonaws/aws-java-sdk-core/1.11.901/aws-java-sdk-core-1.11.901.jar:/home/user/.m2/repository/org/apache/httpcomponents/httpclient/4.5.13/httpclient-4.5.13.jar:/home/user/.m2/repository/org/apache/httpcomponents/httpcore/4.4.13/httpcore-4.4.13.jar:/home/user/.m2/repository/software/amazon/ion/ion-java/1.0.2/ion-java-1.0.2.jar:/home/user/.m2/repository/com/fasterxml/jackson/dataformat/jackson-dataformat-cbor/2.10.3/jackson-dataformat-cbor-2.10.3.jar:/home/user/.m2/repository/joda-time/joda-time/2.8.1/joda-time-2.8.1.jar:/home/user/.m2/repository/com/amazonaws/aws-java-sdk-s3/1.11.901/aws-java-sdk-s3-1.11.901.jar:/home/user/.m2/repository/com/amazonaws/aws-java-sdk-kms/1.11.901/aws-java-sdk-kms-1.11.901.jar:/home/user/.m2/repository/com/amazonaws/jmespath-java/1.11.901/jmespath-java-1.11.901.jar:/home/user/.m2/repository/org/kohsuke/metainf-services/metainf-services/1.8/metainf-services-1.8.jar:/home/user/.m2/repository/org/apache/hadoop/hadoop-hdds-tools/1.1.0-SNAPSHOT/hadoop-hdds-tools-1.1.0-SNAPSHOT.jar:/home/user/.m2/repository/commons-cli/commons-cli/1.2/commons-cli-1.2.jar:/home/user/.m2/repository/org/apache/commons/commons-lang3/3.7/commons-lang3-3.7.jar:/home/user/.m2/repository/org/apache/hadoop/hadoop-ozone-ozone-manager/1.1.0-SNAPSHOT/hadoop-ozone-ozone-manager-1.1.0-SNAPSHOT-tests.jar:/home/user/.m2/repository/org/apache/hadoop/hadoop-hdds-common/1.1.0-SNAPSHOT/hadoop-hdds-common-1.1.0-SNAPSHOT-tests.jar:/home/user/.m2/repository/org/apache/hadoop/hadoop-hdds-hadoop-dependency-client/1.1.0-SNAPSHOT/hadoop-hdds-hadoop-dependency-client-1.1.0-SNAPSHOT.jar:/home/user/.m2/repository/info/picocli/picocli/4.4.0/picocli-4.4.0.jar:/home/user/.m2/repository/com/fasterxml/jackson/core/jackson-annotations/2.10.3/jackson-annotations-2.10.3.jar:/home/user/.m2/repository/javax/annotation/javax.annotation-api/1.2/javax.annotation-api-1.2.jar:/home/user/.m2/repository/org/fusesource/leveldbjni/leveldbjni-all/1.8/leveldbjni-all-1.8.jar:/home/user/.m2/repository/org/apache/ratis/ratis-server/1.1.0-913f5a4-SNAPSHOT/ratis-server-1.1.0-913f5a4-SNAPSHOT.jar:/home/user/.m2/repository/org/apache/ratis/ratis-client/1.1.0-913f5a4-SNAPSHOT/ratis-client-1.1.0-913f5a4-SNAPSHOT.jar:/home/user/.m2/repository/org/apache/ratis/ratis-metrics/1.1.0-913f5a4-SNAPSHOT/ratis-metrics-1.1.0-913f5a4-SNAPSHOT.jar:/home/user/.m2/repository/org/apache/ratis/ratis-netty/1.1.0-913f5a4-SNAPSHOT/ratis-netty-1.1.0-913f5a4-SNAPSHOT.jar:/home/user/.m2/repository/org/apache/ratis/ratis-grpc/1.1.0-913f5a4-SNAPSHOT/ratis-grpc-1.1.0-913f5a4-SNAPSHOT.jar:/home/user/.m2/repository/org/apache/logging/log4j/log4j-api/2.13.3/log4j-api-2.13.3.jar:/home/user/.m2/repository/org/apache/logging/log4j/log4j-core/2.13.3/log4j-core-2.13.3.jar:/home/user/.m2/repository/com/lmax/disruptor/3.4.2/disruptor-3.4.2.jar:/home/user/.m2/repository/org/apache/commons/commons-pool2/2.6.0/commons-pool2-2.6.0.jar:/home/user/.m2/repository/org/bouncycastle/bcpkix-jdk15on/1.60/bcpkix-jdk15on-1.60.jar:/home/user/.m2/repository/commons-validator/commons-validator/1.6/commons-validator-1.6.jar:/home/user/.m2/repository/commons-beanutils/commons-beanutils/1.9.4/commons-beanutils-1.9.4.jar:/home/user/.m2/repository/commons-digester/commons-digester/1.8.1/commons-digester-1.8.1.jar:/home/user/.m2/repository/commons-collections/commons-collections/3.2.2/commons-collections-3.2.2.jar:/home/user/.m2/repository/io/jaegertracing/jaeger-client/1.2.0/jaeger-client-1.2.0.jar:/home/user/.m2/repository/io/jaegertracing/jaeger-thrift/1.2.0/jaeger-thrift-1.2.0.jar:/home/user/.m2/repository/org/apache/thrift/libthrift/0.13.0/libthrift-0.13.0.jar:/home/user/.m2/repository/com/squareup/okhttp3/okhttp/4.2.2/okhttp-4.2.2.jar:/home/user/.m2/repository/com/squareup/okio/okio/2.2.2/okio-2.2.2.jar:/home/user/.m2/repository/org/jetbrains/kotlin/kotlin-stdlib/1.3.50/kotlin-stdlib-1.3.50.jar:/home/user/.m2/repository/org/jetbrains/kotlin/kotlin-stdlib-common/1.3.50/kotlin-stdlib-common-1.3.50.jar:/home/user/.m2/repository/org/jetbrains/annotations/13.0/annotations-13.0.jar:/home/user/.m2/repository/io/jaegertracing/jaeger-core/1.2.0/jaeger-core-1.2.0.jar:/home/user/.m2/repository/io/jaegertracing/jaeger-tracerresolver/1.2.0/jaeger-tracerresolver-1.2.0.jar:/home/user/.m2/repository/io/opentracing/contrib/opentracing-tracerresolver/0.1.8/opentracing-tracerresolver-0.1.8.jar:/home/user/.m2/repository/io/opentracing/opentracing-util/0.33.0/opentracing-util-0.33.0.jar:/home/user/.m2/repository/io/opentracing/opentracing-api/0.33.0/opentracing-api-0.33.0.jar:/home/user/.m2/repository/io/opentracing/opentracing-noop/0.33.0/opentracing-noop-0.33.0.jar:/home/user/.m2/repository/org/yaml/snakeyaml/1.26/snakeyaml-1.26.jar:/home/user/.m2/repository/junit/junit/4.11/junit-4.11.jar:/home/user/.m2/repository/org/hamcrest/hamcrest-core/1.3/hamcrest-core-1.3.jar:/home/user/.m2/repository/org/openjdk/jmh/jmh-core/1.19/jmh-core-1.19.jar:/home/user/.m2/repository/net/sf/jopt-simple/jopt-simple/4.6/jopt-simple-4.6.jar:/home/user/.m2/repository/org/apache/commons/commons-math3/3.1.1/commons-math3-3.1.1.jar:/home/user/.m2/repository/org/openjdk/jmh/jmh-generator-annprocess/1.19/jmh-generator-annprocess-1.19.jar:/home/user/.m2/repository/org/mockito/mockito-all/1.8.5/mockito-all-1.8.5.jar:/home/user/.m2/repository/org/apache/hadoop/hadoop-kms/3.2.1/hadoop-kms-3.2.1.jar:/home/user/.m2/repository/org/apache/hadoop/hadoop-auth/3.2.1/hadoop-auth-3.2.1.jar:/home/user/.m2/repository/com/nimbusds/nimbus-jose-jwt/7.9/nimbus-jose-jwt-7.9.jar:/home/user/.m2/repository/com/github/stephenc/jcip/jcip-annotations/1.0-1/jcip-annotations-1.0-1.jar:/home/user/.m2/repository/net/minidev/json-smart/2.3/json-smart-2.3.jar:/home/user/.m2/repository/net/minidev/accessors-smart/1.2/accessors-smart-1.2.jar:/home/user/.m2/repository/org/ow2/asm/asm/5.0.4/asm-5.0.4.jar:/home/user/.m2/repository/org/apache/zookeeper/zookeeper/3.4.13/zookeeper-3.4.13.jar:/home/user/.m2/repository/org/apache/yetus/audience-annotations/0.5.0/audience-annotations-0.5.0.jar:/home/user/.m2/repository/org/apache/curator/curator-framework/2.13.0/curator-framework-2.13.0.jar:/home/user/.m2/repository/com/sun/jersey/jersey-core/1.19/jersey-core-1.19.jar:/home/user/.m2/repository/javax/ws/rs/jsr311-api/1.1.1/jsr311-api-1.1.1.jar:/home/user/.m2/repository/com/sun/jersey/jersey-server/1.19/jersey-server-1.19.jar:/home/user/.m2/repository/javax/servlet/javax.servlet-api/3.1.0/javax.servlet-api-3.1.0.jar:/home/user/.m2/repository/org/eclipse/jetty/jetty-server/9.4.34.v20201102/jetty-server-9.4.34.v20201102.jar:/home/user/.m2/repository/org/eclipse/jetty/jetty-http/9.4.34.v20201102/jetty-http-9.4.34.v20201102.jar:/home/user/.m2/repository/org/eclipse/jetty/jetty-io/9.4.34.v20201102/jetty-io-9.4.34.v20201102.jar:/home/user/.m2/repository/org/eclipse/jetty/jetty-webapp/9.4.34.v20201102/jetty-webapp-9.4.34.v20201102.jar:/home/user/.m2/repository/org/eclipse/jetty/jetty-xml/9.4.34.v20201102/jetty-xml-9.4.34.v20201102.jar:/home/user/.m2/repository/org/apache/hadoop/hadoop-common/3.2.1/hadoop-common-3.2.1.jar:/home/user/.m2/repository/commons-net/commons-net/3.6/commons-net-3.6.jar:/home/user/.m2/repository/com/sun/jersey/jersey-servlet/1.19/jersey-servlet-1.19.jar:/home/user/.m2/repository/com/sun/jersey/jersey-json/1.19/jersey-json-1.19.jar:/home/user/.m2/repository/org/codehaus/jettison/jettison/1.1/jettison-1.1.jar:/home/user/.m2/repository/org/codehaus/jackson/jackson-jaxrs/1.9.2/jackson-jaxrs-1.9.2.jar:/home/user/.m2/repository/org/codehaus/jackson/jackson-xc/1.9.2/jackson-xc-1.9.2.jar:/home/user/.m2/repository/org/apache/commons/commons-configuration2/2.1.1/commons-configuration2-2.1.1.jar:/home/user/.m2/repository/org/apache/commons/commons-text/1.4/commons-text-1.4.jar:/home/user/.m2/repository/com/google/re2j/re2j/1.1/re2j-1.1.jar:/home/user/.m2/repository/com/jcraft/jsch/0.1.54/jsch-0.1.54.jar:/home/user/.m2/repository/org/apache/curator/curator-client/2.13.0/curator-client-2.13.0.jar:/home/user/.m2/repository/org/apache/curator/curator-recipes/2.13.0/curator-recipes-2.13.0.jar:/home/user/.m2/repository/dnsjava/dnsjava/2.1.7/dnsjava-2.1.7.jar:/home/user/.m2/repository/org/slf4j/jul-to-slf4j/1.7.30/jul-to-slf4j-1.7.30.jar:/home/user/.m2/repository/org/eclipse/jetty/jetty-util/9.4.34.v20201102/jetty-util-9.4.34.v20201102.jar:/home/user/.m2/repository/com/fasterxml/jackson/core/jackson-databind/2.10.3/jackson-databind-2.10.3.jar:/home/user/.m2/repository/org/apache/hadoop/hadoop-kms/3.2.1/hadoop-kms-3.2.1-tests.jar:/home/user/.m2/repository/org/apache/hadoop/hadoop-hdds-server-scm/1.1.0-SNAPSHOT/hadoop-hdds-server-scm-1.1.0-SNAPSHOT-tests.jar:/home/user/.m2/repository/org/apache/hadoop/hadoop-hdds-container-service/1.1.0-SNAPSHOT/hadoop-hdds-container-service-1.1.0-SNAPSHOT-tests.jar:/home/user/.m2/repository/commons-codec/commons-codec/1.11/commons-codec-1.11.jar:/home/user/.m2/repository/org/apache/hadoop/hadoop-hdds-hadoop-dependency-test/1.1.0-SNAPSHOT/hadoop-hdds-hadoop-dependency-test-1.1.0-SNAPSHOT.jar:/home/user/.m2/repository/org/apache/hadoop/hadoop-common/3.2.1/hadoop-common-3.2.1-tests.jar:/home/user/.m2/repository/org/apache/hadoop/hadoop-hdfs/3.2.1/hadoop-hdfs-3.2.1-tests.jar:/home/user/.m2/repository/org/eclipse/jetty/jetty-util-ajax/9.4.34.v20201102/jetty-util-ajax-9.4.34.v20201102.jar:/home/user/.m2/repository/commons-daemon/commons-daemon/1.0.13/commons-daemon-1.0.13.jar:/home/user/.m2/repository/io/netty/netty/3.10.5.Final/netty-3.10.5.Final.jar:/home/user/.m2/repository/io/netty/netty-all/4.1.48.Final/netty-all-4.1.48.Final.jar:/home/user/.m2/repository/org/apache/htrace/htrace-core4/4.1.0-incubating/htrace-core4-4.1.0-incubating.jar:/home/user/.m2/repository/org/apache/hadoop/hadoop-distcp/3.2.1/hadoop-distcp-3.2.1.jar:/home/user/.m2/repository/org/apache/hadoop/hadoop-mapreduce-client-jobclient/3.2.1/hadoop-mapreduce-client-jobclient-3.2.1.jar:/home/user/.m2/repository/org/apache/hadoop/hadoop-mapreduce-client-common/3.2.1/hadoop-mapreduce-client-common-3.2.1.jar:/home/user/.m2/repository/org/apache/hadoop/hadoop-yarn-common/3.2.1/hadoop-yarn-common-3.2.1.jar:/home/user/.m2/repository/org/apache/hadoop/hadoop-yarn-api/3.2.1/hadoop-yarn-api-3.2.1.jar:/home/user/.m2/repository/com/sun/jersey/jersey-client/1.19/jersey-client-1.19.jar:/home/user/.m2/repository/com/sun/jersey/contribs/jersey-guice/1.19/jersey-guice-1.19.jar:/home/user/.m2/repository/com/fasterxml/jackson/jaxrs/jackson-jaxrs-json-provider/2.10.3/jackson-jaxrs-json-provider-2.10.3.jar:/home/user/.m2/repository/com/fasterxml/jackson/jaxrs/jackson-jaxrs-base/2.10.3/jackson-jaxrs-base-2.10.3.jar:/home/user/.m2/repository/org/apache/hadoop/hadoop-yarn-client/3.2.1/hadoop-yarn-client-3.2.1.jar:/home/user/.m2/repository/org/apache/hadoop/hadoop-mapreduce-client-core/3.2.1/hadoop-mapreduce-client-core-3.2.1.jar:/home/user/.m2/repository/org/apache/avro/avro/1.7.7/avro-1.7.7.jar:/home/user/.m2/repository/org/codehaus/jackson/jackson-core-asl/1.9.13/jackson-core-asl-1.9.13.jar:/home/user/.m2/repository/org/codehaus/jackson/jackson-mapper-asl/1.9.13/jackson-mapper-asl-1.9.13.jar:/home/user/.m2/repository/com/thoughtworks/paranamer/paranamer/2.3/paranamer-2.3.jar:/home/user/.m2/repository/org/xerial/snappy/snappy-java/1.0.5/snappy-java-1.0.5.jar:/home/user/.m2/repository/org/apache/hadoop/hadoop-annotations/3.2.1/hadoop-annotations-3.2.1.jar:/usr/lib/jvm/java-1.8.0-openjdk-1.8.0.232.b09-0.el7_7.x86_64/jre/../lib/tools.jar:/home/user/.m2/repository/org/apache/hadoop/hadoop-distcp/3.2.1/hadoop-distcp-3.2.1-tests.jar:"/>
    <property name="sun.cpu.endian" value="little"/>
    <property name="user.home" value="/home/user"/>
    <property name="user.language" value="en"/>
    <property name="java.specification.vendor" value="Oracle Corporation"/>
    <property name="java.home" value="/usr/lib/jvm/java-1.8.0-openjdk-1.8.0.232.b09-0.el7_7.x86_64/jre"/>
    <property name="java.security.krb5.conf" value="/github/workspace/mnt/ozone/hadoop-ozone/integration-test/target/test-classes/krb5.conf"/>
    <property name="basedir" value="/github/workspace/mnt/ozone/hadoop-ozone/integration-test"/>
    <property name="file.separator" value="/"/>
    <property name="line.separator" value="&#10;"/>
    <property name="java.vm.specification.vendor" value="Oracle Corporation"/>
    <property name="java.specification.name" value="Java Platform API Specification"/>
    <property name="java.awt.graphicsenv" value="sun.awt.X11GraphicsEnvironment"/>
    <property name="skip.installnpx" value="true"/>
    <property name="surefire.real.class.path" value="/github/workspace/mnt/ozone/hadoop-ozone/integration-test/target/surefire/surefirebooter6609350148355498921.jar:/home/user/.m2/repository/org/jacoco/org.jacoco.agent/0.8.5/org.jacoco.agent-0.8.5-runtime.jar"/>
    <property name="hadoop.log.dir" value="/github/workspace/mnt/ozone/hadoop-ozone/integration-test/target/log"/>
    <property name="sun.boot.class.path" value="/usr/lib/jvm/java-1.8.0-openjdk-1.8.0.232.b09-0.el7_7.x86_64/jre/lib/resources.jar:/usr/lib/jvm/java-1.8.0-openjdk-1.8.0.232.b09-0.el7_7.x86_64/jre/lib/rt.jar:/usr/lib/jvm/java-1.8.0-openjdk-1.8.0.232.b09-0.el7_7.x86_64/jre/lib/sunrsasign.jar:/usr/lib/jvm/java-1.8.0-openjdk-1.8.0.232.b09-0.el7_7.x86_64/jre/lib/jsse.jar:/usr/lib/jvm/java-1.8.0-openjdk-1.8.0.232.b09-0.el7_7.x86_64/jre/lib/jce.jar:/usr/lib/jvm/java-1.8.0-openjdk-1.8.0.232.b09-0.el7_7.x86_64/jre/lib/charsets.jar:/usr/lib/jvm/java-1.8.0-openjdk-1.8.0.232.b09-0.el7_7.x86_64/jre/lib/jfr.jar:/usr/lib/jvm/java-1.8.0-openjdk-1.8.0.232.b09-0.el7_7.x86_64/jre/classes"/>
    <property name="sun.management.compiler" value="HotSpot 64-Bit Tiered Compilers"/>
    <property name="skip.npx" value="true"/>
    <property name="java.runtime.version" value="1.8.0_232-b09"/>
    <property name="java.net.preferIPv4Stack" value="true"/>
    <property name="user.name" value="jenkins1001"/>
    <property name="path.separator" value=":"/>
    <property name="java.security.egd" value="file:///dev/urandom"/>
    <property name="os.version" value="5.4.0-1031-azure"/>
    <property name="java.endorsed.dirs" value="/usr/lib/jvm/java-1.8.0-openjdk-1.8.0.232.b09-0.el7_7.x86_64/jre/lib/endorsed"/>
    <property name="java.runtime.name" value="OpenJDK Runtime Environment"/>
    <property name="file.encoding" value="ANSI_X3.4-1968"/>
    <property name="java.vm.name" value="OpenJDK 64-Bit Server VM"/>
    <property name="test.build.webapps" value=""/>
    <property name="localRepository" value="/home/user/.m2/repository"/>
    <property name="java.vendor.url.bug" value="http://bugreport.sun.com/bugreport/"/>
    <property name="java.io.tmpdir" value="/tmp"/>
    <property name="require.test.libhadoop" value=""/>
    <property name="java.version" value="1.8.0_232"/>
    <property name="user.dir" value="/github/workspace/mnt/ozone/hadoop-ozone/integration-test"/>
    <property name="os.arch" value="amd64"/>
    <property name="java.vm.specification.name" value="Java Virtual Machine Specification"/>
    <property name="test.build.classes" value="/github/workspace/mnt/ozone/hadoop-ozone/integration-test/target/test-classes"/>
    <property name="java.awt.printerjob" value="sun.print.PSPrinterJob"/>
    <property name="sun.os.patch.level" value="unknown"/>
    <property name="hadoop.tmp.dir" value="/github/workspace/mnt/ozone/hadoop-ozone/integration-test/target/tmp"/>
    <property name="java.library.path" value="/usr/lib:/usr/java/packages/lib/amd64:/usr/lib64:/lib64:/lib:/usr/lib"/>
    <property name="java.vm.info" value="mixed mode"/>
    <property name="java.vendor" value="Oracle Corporation"/>
    <property name="java.vm.version" value="25.232-b09"/>
    <property name="java.ext.dirs" value="/usr/lib/jvm/java-1.8.0-openjdk-1.8.0.232.b09-0.el7_7.x86_64/jre/lib/ext:/usr/java/packages/lib/ext"/>
    <property name="sun.io.unicode.encoding" value="UnicodeLittle"/>
    <property name="java.class.version" value="52.0"/>
  </properties>
  <testcase name="testGroupMismatchExceptionHandling" classname="org.apache.hadoop.ozone.client.rpc.TestOzoneClientRetriesOnException" time="42.571"/>
  <testcase name="testMaxRetriesByOzoneClient" classname="org.apache.hadoop.ozone.client.rpc.TestOzoneClientRetriesOnException" time="42.789">
    <failure message="Expected exception not thrown" type="java.lang.AssertionError">java.lang.AssertionError: Expected exception not thrown
	at org.junit.Assert.fail(Assert.java:88)
	at org.apache.hadoop.ozone.client.rpc.TestOzoneClientRetriesOnException.testMaxRetriesByOzoneClient(TestOzoneClientRetriesOnException.java:235)
	at sun.reflect.NativeMethodAccessorImpl.invoke0(Native Method)
	at sun.reflect.NativeMethodAccessorImpl.invoke(NativeMethodAccessorImpl.java:62)
	at sun.reflect.DelegatingMethodAccessorImpl.invoke(DelegatingMethodAccessorImpl.java:43)
	at java.lang.reflect.Method.invoke(Method.java:498)
	at org.junit.runners.model.FrameworkMethod$1.runReflectiveCall(FrameworkMethod.java:47)
	at org.junit.internal.runners.model.ReflectiveCallable.run(ReflectiveCallable.java:12)
	at org.junit.runners.model.FrameworkMethod.invokeExplosively(FrameworkMethod.java:44)
	at org.junit.internal.runners.statements.InvokeMethod.evaluate(InvokeMethod.java:17)
	at org.junit.internal.runners.statements.RunBefores.evaluate(RunBefores.java:26)
	at org.junit.internal.runners.statements.RunAfters.evaluate(RunAfters.java:27)
	at org.junit.internal.runners.statements.FailOnTimeout$StatementThread.run(FailOnTimeout.java:74)
</failure>
    <system-out><![CDATA[2020-12-08 14:46:33,987 [Thread-358] WARN  server.ServerUtils (ServerUtils.java:getScmDbDir(148)) - ozone.scm.db.dirs is not configured. We recommend adding this setting. Falling back to ozone.metadata.dirs instead.
2020-12-08 14:46:33,989 [Thread-358] WARN  server.ServerUtils (ServerUtils.java:getScmDbDir(148)) - ozone.scm.db.dirs is not configured. We recommend adding this setting. Falling back to ozone.metadata.dirs instead.
2020-12-08 14:46:33,990 [Thread-358] WARN  db.DBStoreBuilder (DBStoreBuilder.java:applyDBDefinition(145)) - ozone.scm.db.dirs is not configured. We recommend adding this setting. Falling back to ozone.metadata.dirs instead.
2020-12-08 14:46:34,012 [Thread-358] INFO  net.NodeSchemaLoader (NodeSchemaLoader.java:loadSchemaFromFile(126)) - Loading file from sun.misc.CompoundEnumeration@713d774d
2020-12-08 14:46:34,012 [Thread-358] INFO  net.NodeSchemaLoader (NodeSchemaLoader.java:loadSchema(172)) - Loading network topology layer schema file
2020-12-08 14:46:34,015 [Thread-358] WARN  server.ServerUtils (ServerUtils.java:sanitizeUserArgs(73)) - ozone.scm.stale.node.interval value = 300000 is larger than max = 100000 based on the key value of ozone.scm.heartbeat.thread.interval, reset to the max value 100000.
2020-12-08 14:46:34,015 [Thread-358] WARN  server.ServerUtils (ServerUtils.java:sanitizeUserArgs(73)) - ozone.scm.stale.node.interval value = 300000 is larger than max = 100000 based on the key value of ozone.scm.heartbeat.thread.interval, reset to the max value 100000.
2020-12-08 14:46:34,016 [Thread-358] INFO  node.SCMNodeManager (SCMNodeManager.java:<init>(123)) - Entering startup safe mode.
2020-12-08 14:46:34,016 [Thread-358] INFO  algorithms.ContainerPlacementPolicyFactory (ContainerPlacementPolicyFactory.java:getPolicy(60)) - Create container placement policy of type org.apache.hadoop.hdds.scm.container.placement.algorithms.SCMContainerPlacementRandom
2020-12-08 14:46:34,020 [Thread-358] INFO  algorithms.LeaderChoosePolicyFactory (LeaderChoosePolicyFactory.java:getPolicy(57)) - Create leader choose policy of type org.apache.hadoop.hdds.scm.pipeline.leader.choose.algorithms.DefaultLeaderChoosePolicy
2020-12-08 14:46:34,020 [Thread-358] INFO  pipeline.SCMPipelineManager (SCMPipelineManager.java:initializePipelineState(161)) - No pipeline exists in current db
2020-12-08 14:46:34,022 [Thread-358] INFO  algorithms.PipelineChoosePolicyFactory (PipelineChoosePolicyFactory.java:createPipelineChoosePolicyFromClass(75)) - Create pipeline choose policy of type org.apache.hadoop.hdds.scm.pipeline.choose.algorithms.RandomPipelineChoosePolicy
2020-12-08 14:46:34,024 [Thread-358] INFO  safemode.HealthyPipelineSafeModeRule (HealthyPipelineSafeModeRule.java:<init>(89)) - Total pipeline count is 0, healthy pipeline threshold count is 0
2020-12-08 14:46:34,025 [Thread-358] INFO  safemode.OneReplicaPipelineSafeModeRule (OneReplicaPipelineSafeModeRule.java:<init>(84)) - Total pipeline count is 0, pipeline's with at least one datanode reported threshold count is 0
2020-12-08 14:46:34,027 [Thread-358] INFO  ipc.CallQueueManager (CallQueueManager.java:<init>(84)) - Using callQueue: class java.util.concurrent.LinkedBlockingQueue, queueCapacity: 2000, scheduler: class org.apache.hadoop.ipc.DefaultRpcScheduler, ipcBackoff: false.
2020-12-08 14:46:34,027 [Socket Reader #1 for port 0] INFO  ipc.Server (Server.java:run(1219)) - Starting Socket Reader #1 for port 0
2020-12-08 14:46:34,032 [Listener at 0.0.0.0/44523] INFO  ipc.CallQueueManager (CallQueueManager.java:<init>(84)) - Using callQueue: class java.util.concurrent.LinkedBlockingQueue, queueCapacity: 2000, scheduler: class org.apache.hadoop.ipc.DefaultRpcScheduler, ipcBackoff: false.
2020-12-08 14:46:34,033 [Socket Reader #1 for port 0] INFO  ipc.Server (Server.java:run(1219)) - Starting Socket Reader #1 for port 0
2020-12-08 14:46:34,034 [Listener at 0.0.0.0/39189] INFO  ipc.CallQueueManager (CallQueueManager.java:<init>(84)) - Using callQueue: class java.util.concurrent.LinkedBlockingQueue, queueCapacity: 2000, scheduler: class org.apache.hadoop.ipc.DefaultRpcScheduler, ipcBackoff: false.
2020-12-08 14:46:34,034 [Socket Reader #1 for port 0] INFO  ipc.Server (Server.java:run(1219)) - Starting Socket Reader #1 for port 0
2020-12-08 14:46:34,044 [Listener at 0.0.0.0/41095] INFO  http.BaseHttpServer (BaseHttpServer.java:newHttpServer2BuilderForOzone(207)) - Starting Web-server for scm at: http://0.0.0.0:0
2020-12-08 14:46:34,044 [Listener at 0.0.0.0/41095] INFO  http.BaseHttpServer (BaseHttpServer.java:<init>(106)) - Hadoop Security Enabled: false Ozone Security Enabled: false Ozone HTTP Security Enabled: false 
2020-12-08 14:46:34,046 [Listener at 0.0.0.0/41095] INFO  server.AuthenticationFilter (AuthenticationFilter.java:constructSecretProvider(240)) - Unable to initialize FileSignerSecretProvider, falling back to use random secrets.
2020-12-08 14:46:34,047 [Listener at 0.0.0.0/41095] WARN  http.HttpRequestLog (HttpRequestLog.java:getRequestLog(103)) - Jetty request log can only be enabled using Log4j
2020-12-08 14:46:34,048 [Listener at 0.0.0.0/41095] INFO  http.HttpServer2 (HttpServer2.java:addGlobalFilter(1019)) - Added global filter 'safety' (class=org.apache.hadoop.hdds.server.http.HttpServer2$QuotingInputFilter)
2020-12-08 14:46:34,049 [Listener at 0.0.0.0/41095] INFO  http.HttpServer2 (HttpServer2.java:addFilter(995)) - Added filter static_user_filter (class=org.apache.hadoop.http.lib.StaticUserWebFilter$StaticUserFilter) to context scm
2020-12-08 14:46:34,049 [Listener at 0.0.0.0/41095] INFO  http.HttpServer2 (HttpServer2.java:addFilter(1003)) - Added filter static_user_filter (class=org.apache.hadoop.http.lib.StaticUserWebFilter$StaticUserFilter) to context static
2020-12-08 14:46:34,049 [Listener at 0.0.0.0/41095] INFO  http.HttpServer2 (HttpServer2.java:addFilter(1003)) - Added filter static_user_filter (class=org.apache.hadoop.http.lib.StaticUserWebFilter$StaticUserFilter) to context logs
2020-12-08 14:46:34,053 [Listener at 0.0.0.0/41095] INFO  server.StorageContainerManager (StorageContainerManager.java:start(789)) - StorageContainerLocationProtocol RPC server is listening at /0.0.0.0:41095
2020-12-08 14:46:34,054 [Listener at 0.0.0.0/41095] WARN  impl.MetricsConfig (MetricsConfig.java:loadFirst(134)) - Cannot locate configuration: tried hadoop-metrics2-storagecontainermanager.properties,hadoop-metrics2.properties
2020-12-08 14:46:34,055 [Listener at 0.0.0.0/41095] INFO  impl.MetricsSystemImpl (MetricsSystemImpl.java:startTimer(374)) - Scheduled Metric snapshot period at 10 second(s).
2020-12-08 14:46:34,056 [Listener at 0.0.0.0/41095] INFO  impl.MetricsSystemImpl (MetricsSystemImpl.java:start(191)) - StorageContainerManager metrics system started
2020-12-08 14:46:34,076 [Listener at 0.0.0.0/41095] WARN  impl.MetricsSystemImpl (MetricsSystemImpl.java:register(276)) - Sink prometheus already exists!
2020-12-08 14:46:34,087 [Listener at 0.0.0.0/41095] INFO  server.SCMClientProtocolServer (SCMClientProtocolServer.java:start(159)) - RPC server for Client  is listening at /0.0.0.0:41095
2020-12-08 14:46:34,087 [IPC Server Responder] INFO  ipc.Server (Server.java:run(1460)) - IPC Server Responder: starting
2020-12-08 14:46:34,087 [IPC Server listener on 0] INFO  ipc.Server (Server.java:run(1298)) - IPC Server listener on 0: starting
2020-12-08 14:46:34,091 [Listener at 0.0.0.0/41095] INFO  server.StorageContainerManager (StorageContainerManager.java:start(801)) - ScmBlockLocationProtocol RPC server is listening at /0.0.0.0:39189
2020-12-08 14:46:34,091 [Listener at 0.0.0.0/41095] INFO  server.SCMBlockProtocolServer (SCMBlockProtocolServer.java:start(150)) - RPC server for Block Protocol is listening at /0.0.0.0:39189
2020-12-08 14:46:34,094 [IPC Server Responder] INFO  ipc.Server (Server.java:run(1460)) - IPC Server Responder: starting
2020-12-08 14:46:34,096 [IPC Server listener on 0] INFO  ipc.Server (Server.java:run(1298)) - IPC Server listener on 0: starting
2020-12-08 14:46:34,102 [Listener at 0.0.0.0/41095] INFO  server.StorageContainerManager (StorageContainerManager.java:start(807)) - ScmDatanodeProtocl RPC server is listening at /0.0.0.0:44523
2020-12-08 14:46:34,102 [Listener at 0.0.0.0/41095] INFO  server.SCMDatanodeProtocolServer (SCMDatanodeProtocolServer.java:start(174)) - RPC server for DataNodes is listening at /0.0.0.0:44523
2020-12-08 14:46:34,102 [IPC Server Responder] INFO  ipc.Server (Server.java:run(1460)) - IPC Server Responder: starting
2020-12-08 14:46:34,103 [IPC Server listener on 0] INFO  ipc.Server (Server.java:run(1298)) - IPC Server listener on 0: starting
2020-12-08 14:46:34,114 [Listener at 0.0.0.0/41095] INFO  http.HttpServer2 (HttpServer2.java:bindListener(1237)) - Jetty bound to port 43589
2020-12-08 14:46:34,114 [Listener at 0.0.0.0/41095] INFO  server.Server (Server.java:doStart(375)) - jetty-9.4.34.v20201102; built: 2020-11-02T14:15:39.302Z; git: e46af88704a893fc12cb0e3bf46e2c7b48a009e7; jvm 1.8.0_232-b09
2020-12-08 14:46:34,116 [Listener at 0.0.0.0/41095] INFO  server.session (DefaultSessionIdManager.java:doStart(334)) - DefaultSessionIdManager workerName=node0
2020-12-08 14:46:34,116 [Listener at 0.0.0.0/41095] INFO  server.session (DefaultSessionIdManager.java:doStart(339)) - No SessionScavenger set, using defaults
2020-12-08 14:46:34,117 [Listener at 0.0.0.0/41095] INFO  server.session (HouseKeeper.java:startScavenging(132)) - node0 Scavenging every 600000ms
2020-12-08 14:46:34,121 [Listener at 0.0.0.0/41095] INFO  handler.ContextHandler (ContextHandler.java:doStart(916)) - Started o.e.j.s.ServletContextHandler@73584c54{logs,/logs,file:///github/workspace/mnt/ozone/hadoop-ozone/integration-test/target/log,AVAILABLE}
2020-12-08 14:46:34,121 [Listener at 0.0.0.0/41095] INFO  handler.ContextHandler (ContextHandler.java:doStart(916)) - Started o.e.j.s.ServletContextHandler@4e06d335{static,/static,file:///github/workspace/mnt/ozone/hadoop-ozone/integration-test/target/test-classes/webapps/static,AVAILABLE}
2020-12-08 14:46:34,125 [Listener at 0.0.0.0/41095] INFO  handler.ContextHandler (ContextHandler.java:doStart(916)) - Started o.e.j.w.WebAppContext@1b85414f{scm,/,file:///github/workspace/mnt/ozone/hadoop-ozone/integration-test/target/test-classes/webapps/scm/,AVAILABLE}{file:/github/workspace/mnt/ozone/hadoop-ozone/integration-test/target/test-classes/webapps/scm}
2020-12-08 14:46:34,125 [Listener at 0.0.0.0/41095] INFO  server.AbstractConnector (AbstractConnector.java:doStart(331)) - Started ServerConnector@6e08942f{HTTP/1.1, (http/1.1)}{0.0.0.0:43589}
2020-12-08 14:46:34,126 [Listener at 0.0.0.0/41095] INFO  server.Server (Server.java:doStart(415)) - Started @43584ms
2020-12-08 14:46:34,126 [Listener at 0.0.0.0/41095] WARN  impl.MetricsSystemImpl (MetricsSystemImpl.java:register(276)) - Sink prometheus already exists!
2020-12-08 14:46:34,255 [Listener at 0.0.0.0/41095] INFO  http.BaseHttpServer (BaseHttpServer.java:updateConnectorAddress(327)) - HTTP server of scm listening at http://0.0.0.0:43589
2020-12-08 14:46:34,256 [Listener at 0.0.0.0/41095] WARN  server.ServerUtils (ServerUtils.java:getDBPath(225)) - ozone.om.db.dirs is not configured. We recommend adding this setting. Falling back to ozone.metadata.dirs instead.
2020-12-08 14:46:34,256 [org.apache.hadoop.util.JvmPauseMonitor$Monitor@7cd08585] INFO  util.JvmPauseMonitor (JvmPauseMonitor.java:run(188)) - Starting JVM pause monitor
2020-12-08 14:46:34,258 [Listener at 0.0.0.0/41095] INFO  ha.OMHANodeDetails (OMHANodeDetails.java:loadOMHAConfig(104)) - ozone.om.internal.service.id is not defined, falling back to ozone.om.service.ids to find serviceID for OzoneManager if it is HA enabled cluster
2020-12-08 14:46:34,258 [Listener at 0.0.0.0/41095] INFO  ha.OMHANodeDetails (OMHANodeDetails.java:loadOMHAConfig(213)) - Configuration either no ozone.om.address set. Falling back to the default OM address /127.0.0.1:0
2020-12-08 14:46:34,258 [Listener at 0.0.0.0/41095] INFO  ha.OMHANodeDetails (OMHANodeDetails.java:getOMNodeDetails(241)) - OM Service ID is not set. Setting it to the default ID: omServiceIdDefault
2020-12-08 14:46:34,258 [Listener at 0.0.0.0/41095] WARN  server.ServerUtils (ServerUtils.java:getDBPath(225)) - ozone.om.db.dirs is not configured. We recommend adding this setting. Falling back to ozone.metadata.dirs instead.
2020-12-08 14:46:34,259 [Listener at 0.0.0.0/41095] WARN  server.ServerUtils (ServerUtils.java:getDBPath(225)) - ozone.om.db.dirs is not configured. We recommend adding this setting. Falling back to ozone.metadata.dirs instead.
2020-12-08 14:46:34,267 [Listener at 0.0.0.0/41095] WARN  server.ServerUtils (ServerUtils.java:getDBPath(225)) - ozone.om.db.dirs is not configured. We recommend adding this setting. Falling back to ozone.metadata.dirs instead.
2020-12-08 14:46:34,268 [Listener at 0.0.0.0/41095] INFO  codec.OmKeyInfoCodec (OmKeyInfoCodec.java:<init>(41)) - OmKeyInfoCodec ignorePipeline = true
2020-12-08 14:46:34,268 [Listener at 0.0.0.0/41095] INFO  codec.RepeatedOmKeyInfoCodec (RepeatedOmKeyInfoCodec.java:<init>(40)) - RepeatedOmKeyInfoCodec ignorePipeline = true
2020-12-08 14:46:34,321 [Listener at 0.0.0.0/41095] INFO  om.OzoneManager (OzoneManager.java:addS3GVolumeToDB(3737)) - Created Volume s3v With Owner jenkins1001 required for S3Gateway operations.
2020-12-08 14:46:34,324 [Listener at 0.0.0.0/41095] INFO  ipc.CallQueueManager (CallQueueManager.java:<init>(84)) - Using callQueue: class java.util.concurrent.LinkedBlockingQueue, queueCapacity: 2000, scheduler: class org.apache.hadoop.ipc.DefaultRpcScheduler, ipcBackoff: false.
2020-12-08 14:46:34,325 [Socket Reader #1 for port 0] INFO  ipc.Server (Server.java:run(1219)) - Starting Socket Reader #1 for port 0
2020-12-08 14:46:34,341 [Listener at 127.0.0.1/38785] INFO  impl.MetricsSystemImpl (MetricsSystemImpl.java:init(158)) - OzoneManager metrics system started (again)
2020-12-08 14:46:34,342 [Listener at 127.0.0.1/38785] INFO  om.OzoneManager (OzoneManager.java:start(1145)) - OzoneManager RPC server is listening at localhost/127.0.0.1:38785
2020-12-08 14:46:34,346 [Listener at 127.0.0.1/38785] INFO  http.BaseHttpServer (BaseHttpServer.java:newHttpServer2BuilderForOzone(207)) - Starting Web-server for ozoneManager at: http://0.0.0.0:0
2020-12-08 14:46:34,346 [Listener at 127.0.0.1/38785] INFO  http.BaseHttpServer (BaseHttpServer.java:<init>(106)) - Hadoop Security Enabled: false Ozone Security Enabled: false Ozone HTTP Security Enabled: false 
2020-12-08 14:46:34,347 [Listener at 127.0.0.1/38785] INFO  server.AuthenticationFilter (AuthenticationFilter.java:constructSecretProvider(240)) - Unable to initialize FileSignerSecretProvider, falling back to use random secrets.
2020-12-08 14:46:34,348 [Listener at 127.0.0.1/38785] WARN  http.HttpRequestLog (HttpRequestLog.java:getRequestLog(103)) - Jetty request log can only be enabled using Log4j
2020-12-08 14:46:34,349 [Listener at 127.0.0.1/38785] INFO  http.HttpServer2 (HttpServer2.java:addGlobalFilter(1019)) - Added global filter 'safety' (class=org.apache.hadoop.hdds.server.http.HttpServer2$QuotingInputFilter)
2020-12-08 14:46:34,350 [Listener at 127.0.0.1/38785] INFO  http.HttpServer2 (HttpServer2.java:addFilter(995)) - Added filter static_user_filter (class=org.apache.hadoop.http.lib.StaticUserWebFilter$StaticUserFilter) to context ozoneManager
2020-12-08 14:46:34,350 [Listener at 127.0.0.1/38785] INFO  http.HttpServer2 (HttpServer2.java:addFilter(1003)) - Added filter static_user_filter (class=org.apache.hadoop.http.lib.StaticUserWebFilter$StaticUserFilter) to context logs
2020-12-08 14:46:34,350 [Listener at 127.0.0.1/38785] INFO  http.HttpServer2 (HttpServer2.java:addFilter(1003)) - Added filter static_user_filter (class=org.apache.hadoop.http.lib.StaticUserWebFilter$StaticUserFilter) to context static
2020-12-08 14:46:34,350 [Listener at 127.0.0.1/38785] INFO  http.HttpServer2 (HttpServer2.java:bindListener(1237)) - Jetty bound to port 34659
2020-12-08 14:46:34,350 [Listener at 127.0.0.1/38785] INFO  server.Server (Server.java:doStart(375)) - jetty-9.4.34.v20201102; built: 2020-11-02T14:15:39.302Z; git: e46af88704a893fc12cb0e3bf46e2c7b48a009e7; jvm 1.8.0_232-b09
2020-12-08 14:46:34,353 [Listener at 127.0.0.1/38785] INFO  server.session (DefaultSessionIdManager.java:doStart(334)) - DefaultSessionIdManager workerName=node0
2020-12-08 14:46:34,354 [Listener at 127.0.0.1/38785] INFO  server.session (DefaultSessionIdManager.java:doStart(339)) - No SessionScavenger set, using defaults
2020-12-08 14:46:34,354 [Listener at 127.0.0.1/38785] INFO  server.session (HouseKeeper.java:startScavenging(132)) - node0 Scavenging every 660000ms
2020-12-08 14:46:34,354 [Listener at 127.0.0.1/38785] INFO  handler.ContextHandler (ContextHandler.java:doStart(916)) - Started o.e.j.s.ServletContextHandler@335d9f4b{logs,/logs,file:///github/workspace/mnt/ozone/hadoop-ozone/integration-test/target/log,AVAILABLE}
2020-12-08 14:46:34,355 [Listener at 127.0.0.1/38785] INFO  handler.ContextHandler (ContextHandler.java:doStart(916)) - Started o.e.j.s.ServletContextHandler@40e5d4fc{static,/static,file:///github/workspace/mnt/ozone/hadoop-ozone/integration-test/target/test-classes/webapps/static,AVAILABLE}
2020-12-08 14:46:34,358 [Listener at 127.0.0.1/38785] INFO  handler.ContextHandler (ContextHandler.java:doStart(916)) - Started o.e.j.w.WebAppContext@1818da9{ozoneManager,/,file:///github/workspace/mnt/ozone/hadoop-ozone/integration-test/target/test-classes/webapps/ozoneManager/,AVAILABLE}{file:/github/workspace/mnt/ozone/hadoop-ozone/integration-test/target/test-classes/webapps/ozoneManager}
2020-12-08 14:46:34,360 [Listener at 127.0.0.1/38785] INFO  server.AbstractConnector (AbstractConnector.java:doStart(331)) - Started ServerConnector@5304210b{HTTP/1.1, (http/1.1)}{0.0.0.0:34659}
2020-12-08 14:46:34,361 [Listener at 127.0.0.1/38785] INFO  server.Server (Server.java:doStart(415)) - Started @43819ms
2020-12-08 14:46:34,361 [Listener at 127.0.0.1/38785] WARN  impl.MetricsSystemImpl (MetricsSystemImpl.java:register(276)) - Sink prometheus already exists!
2020-12-08 14:46:34,364 [Listener at 127.0.0.1/38785] INFO  http.BaseHttpServer (BaseHttpServer.java:updateConnectorAddress(327)) - HTTP server of ozoneManager listening at http://0.0.0.0:34659
2020-12-08 14:46:34,365 [IPC Server Responder] INFO  ipc.Server (Server.java:run(1460)) - IPC Server Responder: starting
2020-12-08 14:46:34,365 [IPC Server listener on 0] INFO  ipc.Server (Server.java:run(1298)) - IPC Server listener on 0: starting
2020-12-08 14:46:34,376 [Listener at 127.0.0.1/38785] INFO  om.OzoneManager (OzoneManager.java:startTrashEmptier(1270)) - Trash Interval set to 0. Files deleted will not move to trash
2020-12-08 14:46:34,389 [org.apache.hadoop.util.JvmPauseMonitor$Monitor@63beba4d] INFO  util.JvmPauseMonitor (JvmPauseMonitor.java:run(188)) - Starting JVM pause monitor
2020-12-08 14:46:34,406 [Listener at 127.0.0.1/38785] INFO  impl.MetricsSystemImpl (MetricsSystemImpl.java:init(158)) - HddsDatanode metrics system started (again)
2020-12-08 14:46:34,407 [Listener at 127.0.0.1/38785] INFO  ozone.HddsDatanodeService (HddsDatanodeService.java:start(217)) - HddsDatanodeService host:68facfb2a37d ip:172.17.0.2
2020-12-08 14:46:34,411 [Listener at 127.0.0.1/38785] INFO  volume.HddsVolume (HddsVolume.java:<init>(176)) - Creating Volume: /github/workspace/mnt/ozone/hadoop-ozone/integration-test/target/test-dir/MiniOzoneClusterImpl-cfd0bfd1-2e20-40f2-b3a5-c30c0e76baf6/datanode-0/data-0/containers/hdds of storage type : DISK and capacity : 9223372036854775807
2020-12-08 14:46:34,411 [Listener at 127.0.0.1/38785] INFO  volume.MutableVolumeSet (MutableVolumeSet.java:initializeVolumeSet(179)) - Added Volume : /github/workspace/mnt/ozone/hadoop-ozone/integration-test/target/test-dir/MiniOzoneClusterImpl-cfd0bfd1-2e20-40f2-b3a5-c30c0e76baf6/datanode-0/data-0/containers/hdds to VolumeSet
2020-12-08 14:46:34,412 [Listener at 127.0.0.1/38785] INFO  volume.ThrottledAsyncChecker (ThrottledAsyncChecker.java:schedule(141)) - Scheduling a check for /github/workspace/mnt/ozone/hadoop-ozone/integration-test/target/test-dir/MiniOzoneClusterImpl-cfd0bfd1-2e20-40f2-b3a5-c30c0e76baf6/datanode-0/data-0/containers/hdds
2020-12-08 14:46:34,412 [Listener at 127.0.0.1/38785] INFO  volume.HddsVolumeChecker (HddsVolumeChecker.java:checkAllVolumes(200)) - Scheduled health check for volume /github/workspace/mnt/ozone/hadoop-ozone/integration-test/target/test-dir/MiniOzoneClusterImpl-cfd0bfd1-2e20-40f2-b3a5-c30c0e76baf6/datanode-0/data-0/containers/hdds
2020-12-08 14:46:34,426 [Thread-481] INFO  ozoneimpl.ContainerReader (ContainerReader.java:readVolume(123)) - Start to verify containers on volume /github/workspace/mnt/ozone/hadoop-ozone/integration-test/target/test-dir/MiniOzoneClusterImpl-cfd0bfd1-2e20-40f2-b3a5-c30c0e76baf6/datanode-0/data-0/containers/hdds
2020-12-08 14:46:34,426 [Thread-481] INFO  ozoneimpl.ContainerReader (ContainerReader.java:readVolume(148)) - Finish verifying containers on volume /github/workspace/mnt/ozone/hadoop-ozone/integration-test/target/test-dir/MiniOzoneClusterImpl-cfd0bfd1-2e20-40f2-b3a5-c30c0e76baf6/datanode-0/data-0/containers/hdds
2020-12-08 14:46:34,426 [Listener at 127.0.0.1/38785] INFO  ozoneimpl.OzoneContainer (OzoneContainer.java:buildContainerSet(194)) - Build ContainerSet costs 0s
2020-12-08 14:46:34,429 [Listener at 127.0.0.1/38785] INFO  impl.RaftServerProxy (ConfUtils.java:logGet(44)) - raft.rpc.type = GRPC (default)
2020-12-08 14:46:34,429 [Listener at 127.0.0.1/38785] INFO  grpc.GrpcFactory (GrpcFactory.java:checkPooledByteBufAllocatorUseCacheForAllThreads(45)) - PERFORMANCE WARNING: useCacheForAllThreads is true that may cause Netty to create a lot garbage objects and, as a result, trigger GC.
	It is recommended to disable useCacheForAllThreads by setting -Dorg.apache.ratis.thirdparty.io.netty.allocator.useCacheForAllThreads=false in command line.
2020-12-08 14:46:34,429 [Listener at 127.0.0.1/38785] INFO  grpc.GrpcConfigKeys (ConfUtils.java:logGet(44)) - raft.grpc.server.port = 0 (default)
2020-12-08 14:46:34,429 [Listener at 127.0.0.1/38785] INFO  server.GrpcService (ConfUtils.java:logGet(44)) - raft.grpc.message.size.max = 32MB (=33554432) (custom)
2020-12-08 14:46:34,429 [Listener at 127.0.0.1/38785] INFO  server.RaftServerConfigKeys (ConfUtils.java:logGet(44)) - raft.server.log.appender.buffer.byte-limit = 33554432 (custom)
2020-12-08 14:46:34,430 [Listener at 127.0.0.1/38785] INFO  server.GrpcService (ConfUtils.java:logGet(44)) - raft.grpc.flow.control.window = 5MB (=5242880) (custom)
2020-12-08 14:46:34,430 [Listener at 127.0.0.1/38785] INFO  server.RaftServerConfigKeys (ConfUtils.java:logGet(44)) - raft.server.rpc.request.timeout = 60s (custom)
2020-12-08 14:46:34,431 [Listener at 127.0.0.1/38785] INFO  impl.DataStreamServerImpl (ConfUtils.java:logGet(44)) - raft.datastream.type = DISABLED (default)
2020-12-08 14:46:34,431 [Listener at 127.0.0.1/38785] INFO  server.RaftServerConfigKeys (ConfUtils.java:logGet(44)) - raft.server.storage.dir = [/github/workspace/mnt/ozone/hadoop-ozone/integration-test/target/test-dir/MiniOzoneClusterImpl-cfd0bfd1-2e20-40f2-b3a5-c30c0e76baf6/datanode-0/data/ratis] (custom)
2020-12-08 14:46:34,441 [Listener at 127.0.0.1/38785] INFO  http.BaseHttpServer (BaseHttpServer.java:newHttpServer2BuilderForOzone(207)) - Starting Web-server for hddsDatanode at: http://0.0.0.0:0
2020-12-08 14:46:34,441 [Listener at 127.0.0.1/38785] INFO  http.BaseHttpServer (BaseHttpServer.java:<init>(106)) - Hadoop Security Enabled: false Ozone Security Enabled: false Ozone HTTP Security Enabled: false 
2020-12-08 14:46:34,442 [Listener at 127.0.0.1/38785] INFO  server.AuthenticationFilter (AuthenticationFilter.java:constructSecretProvider(240)) - Unable to initialize FileSignerSecretProvider, falling back to use random secrets.
2020-12-08 14:46:34,444 [Listener at 127.0.0.1/38785] WARN  http.HttpRequestLog (HttpRequestLog.java:getRequestLog(103)) - Jetty request log can only be enabled using Log4j
2020-12-08 14:46:34,445 [Listener at 127.0.0.1/38785] INFO  http.HttpServer2 (HttpServer2.java:addGlobalFilter(1019)) - Added global filter 'safety' (class=org.apache.hadoop.hdds.server.http.HttpServer2$QuotingInputFilter)
2020-12-08 14:46:34,446 [Listener at 127.0.0.1/38785] INFO  http.HttpServer2 (HttpServer2.java:addFilter(995)) - Added filter static_user_filter (class=org.apache.hadoop.http.lib.StaticUserWebFilter$StaticUserFilter) to context hddsDatanode
2020-12-08 14:46:34,446 [Listener at 127.0.0.1/38785] INFO  http.HttpServer2 (HttpServer2.java:addFilter(1003)) - Added filter static_user_filter (class=org.apache.hadoop.http.lib.StaticUserWebFilter$StaticUserFilter) to context static
2020-12-08 14:46:34,446 [Listener at 127.0.0.1/38785] INFO  http.HttpServer2 (HttpServer2.java:addFilter(1003)) - Added filter static_user_filter (class=org.apache.hadoop.http.lib.StaticUserWebFilter$StaticUserFilter) to context logs
2020-12-08 14:46:34,447 [Listener at 127.0.0.1/38785] INFO  http.HttpServer2 (HttpServer2.java:bindListener(1237)) - Jetty bound to port 38207
2020-12-08 14:46:34,447 [Listener at 127.0.0.1/38785] INFO  server.Server (Server.java:doStart(375)) - jetty-9.4.34.v20201102; built: 2020-11-02T14:15:39.302Z; git: e46af88704a893fc12cb0e3bf46e2c7b48a009e7; jvm 1.8.0_232-b09
2020-12-08 14:46:34,448 [Listener at 127.0.0.1/38785] INFO  server.session (DefaultSessionIdManager.java:doStart(334)) - DefaultSessionIdManager workerName=node0
2020-12-08 14:46:34,448 [Listener at 127.0.0.1/38785] INFO  server.session (DefaultSessionIdManager.java:doStart(339)) - No SessionScavenger set, using defaults
2020-12-08 14:46:34,449 [Listener at 127.0.0.1/38785] INFO  server.session (HouseKeeper.java:startScavenging(132)) - node0 Scavenging every 600000ms
2020-12-08 14:46:34,449 [Listener at 127.0.0.1/38785] INFO  handler.ContextHandler (ContextHandler.java:doStart(916)) - Started o.e.j.s.ServletContextHandler@39a7621b{logs,/logs,file:///github/workspace/mnt/ozone/hadoop-ozone/integration-test/target/log,AVAILABLE}
2020-12-08 14:46:34,450 [Listener at 127.0.0.1/38785] INFO  handler.ContextHandler (ContextHandler.java:doStart(916)) - Started o.e.j.s.ServletContextHandler@65fcb3e8{static,/static,jar:file:/home/user/.m2/repository/org/apache/hadoop/hadoop-hdds-container-service/1.1.0-SNAPSHOT/hadoop-hdds-container-service-1.1.0-SNAPSHOT.jar!/webapps/static,AVAILABLE}
2020-12-08 14:46:34,601 [Listener at 127.0.0.1/38785] INFO  handler.ContextHandler (ContextHandler.java:doStart(916)) - Started o.e.j.w.WebAppContext@1a55c450{hddsDatanode,/,file:///tmp/jetty-0_0_0_0-38207-hadoop-hdds-container-service-1_1_0-SNAPSHOT_jar-_-any-4640142634372930575/webapp/,AVAILABLE}{jar:file:/home/user/.m2/repository/org/apache/hadoop/hadoop-hdds-container-service/1.1.0-SNAPSHOT/hadoop-hdds-container-service-1.1.0-SNAPSHOT.jar!/webapps/hddsDatanode}
2020-12-08 14:46:34,602 [Listener at 127.0.0.1/38785] INFO  server.AbstractConnector (AbstractConnector.java:doStart(331)) - Started ServerConnector@774530e9{HTTP/1.1, (http/1.1)}{0.0.0.0:38207}
2020-12-08 14:46:34,602 [Listener at 127.0.0.1/38785] INFO  server.Server (Server.java:doStart(415)) - Started @44060ms
2020-12-08 14:46:34,602 [Listener at 127.0.0.1/38785] WARN  impl.MetricsSystemImpl (MetricsSystemImpl.java:register(276)) - Sink prometheus already exists!
2020-12-08 14:46:34,606 [Listener at 127.0.0.1/38785] INFO  http.BaseHttpServer (BaseHttpServer.java:updateConnectorAddress(327)) - HTTP server of hddsDatanode listening at http://0.0.0.0:38207
2020-12-08 14:46:34,606 [Listener at 127.0.0.1/38785] INFO  impl.MetricsSystemImpl (MetricsSystemImpl.java:init(158)) - HddsDatanode metrics system started (again)
2020-12-08 14:46:34,609 [Listener at 127.0.0.1/38785] INFO  ozone.HddsDatanodeService (HddsDatanodeService.java:start(217)) - HddsDatanodeService host:68facfb2a37d ip:172.17.0.2
2020-12-08 14:46:34,611 [Listener at 127.0.0.1/38785] INFO  volume.HddsVolume (HddsVolume.java:<init>(176)) - Creating Volume: /github/workspace/mnt/ozone/hadoop-ozone/integration-test/target/test-dir/MiniOzoneClusterImpl-cfd0bfd1-2e20-40f2-b3a5-c30c0e76baf6/datanode-1/data-0/containers/hdds of storage type : DISK and capacity : 9223372036854775807
2020-12-08 14:46:34,611 [Listener at 127.0.0.1/38785] INFO  volume.MutableVolumeSet (MutableVolumeSet.java:initializeVolumeSet(179)) - Added Volume : /github/workspace/mnt/ozone/hadoop-ozone/integration-test/target/test-dir/MiniOzoneClusterImpl-cfd0bfd1-2e20-40f2-b3a5-c30c0e76baf6/datanode-1/data-0/containers/hdds to VolumeSet
2020-12-08 14:46:34,611 [Listener at 127.0.0.1/38785] INFO  volume.ThrottledAsyncChecker (ThrottledAsyncChecker.java:schedule(141)) - Scheduling a check for /github/workspace/mnt/ozone/hadoop-ozone/integration-test/target/test-dir/MiniOzoneClusterImpl-cfd0bfd1-2e20-40f2-b3a5-c30c0e76baf6/datanode-1/data-0/containers/hdds
2020-12-08 14:46:34,611 [org.apache.hadoop.util.JvmPauseMonitor$Monitor@5cb69f6f] INFO  util.JvmPauseMonitor (JvmPauseMonitor.java:run(188)) - Starting JVM pause monitor
2020-12-08 14:46:34,613 [Datanode State Machine Task Thread - 0] INFO  datanode.InitDatanodeState (InitDatanodeState.java:persistContainerDatanodeDetails(145)) - DatanodeDetails is persisted to /github/workspace/mnt/ozone/hadoop-ozone/integration-test/target/test-dir/MiniOzoneClusterImpl-cfd0bfd1-2e20-40f2-b3a5-c30c0e76baf6/datanode-0/meta/datanode.id
2020-12-08 14:46:34,614 [Listener at 127.0.0.1/38785] INFO  volume.HddsVolumeChecker (HddsVolumeChecker.java:checkAllVolumes(200)) - Scheduled health check for volume /github/workspace/mnt/ozone/hadoop-ozone/integration-test/target/test-dir/MiniOzoneClusterImpl-cfd0bfd1-2e20-40f2-b3a5-c30c0e76baf6/datanode-1/data-0/containers/hdds
2020-12-08 14:46:34,627 [Thread-492] INFO  ozoneimpl.ContainerReader (ContainerReader.java:readVolume(123)) - Start to verify containers on volume /github/workspace/mnt/ozone/hadoop-ozone/integration-test/target/test-dir/MiniOzoneClusterImpl-cfd0bfd1-2e20-40f2-b3a5-c30c0e76baf6/datanode-1/data-0/containers/hdds
2020-12-08 14:46:34,627 [Thread-492] INFO  ozoneimpl.ContainerReader (ContainerReader.java:readVolume(148)) - Finish verifying containers on volume /github/workspace/mnt/ozone/hadoop-ozone/integration-test/target/test-dir/MiniOzoneClusterImpl-cfd0bfd1-2e20-40f2-b3a5-c30c0e76baf6/datanode-1/data-0/containers/hdds
2020-12-08 14:46:34,627 [Listener at 127.0.0.1/38785] INFO  ozoneimpl.OzoneContainer (OzoneContainer.java:buildContainerSet(194)) - Build ContainerSet costs 0s
2020-12-08 14:46:34,629 [Listener at 127.0.0.1/38785] INFO  impl.RaftServerProxy (ConfUtils.java:logGet(44)) - raft.rpc.type = GRPC (default)
2020-12-08 14:46:34,630 [Listener at 127.0.0.1/38785] INFO  grpc.GrpcFactory (GrpcFactory.java:checkPooledByteBufAllocatorUseCacheForAllThreads(45)) - PERFORMANCE WARNING: useCacheForAllThreads is true that may cause Netty to create a lot garbage objects and, as a result, trigger GC.
	It is recommended to disable useCacheForAllThreads by setting -Dorg.apache.ratis.thirdparty.io.netty.allocator.useCacheForAllThreads=false in command line.
2020-12-08 14:46:34,630 [Listener at 127.0.0.1/38785] INFO  grpc.GrpcConfigKeys (ConfUtils.java:logGet(44)) - raft.grpc.server.port = 0 (default)
2020-12-08 14:46:34,630 [Listener at 127.0.0.1/38785] INFO  server.GrpcService (ConfUtils.java:logGet(44)) - raft.grpc.message.size.max = 32MB (=33554432) (custom)
2020-12-08 14:46:34,630 [Listener at 127.0.0.1/38785] INFO  server.RaftServerConfigKeys (ConfUtils.java:logGet(44)) - raft.server.log.appender.buffer.byte-limit = 33554432 (custom)
2020-12-08 14:46:34,630 [Listener at 127.0.0.1/38785] INFO  server.GrpcService (ConfUtils.java:logGet(44)) - raft.grpc.flow.control.window = 5MB (=5242880) (custom)
2020-12-08 14:46:34,630 [Listener at 127.0.0.1/38785] INFO  server.RaftServerConfigKeys (ConfUtils.java:logGet(44)) - raft.server.rpc.request.timeout = 60s (custom)
2020-12-08 14:46:34,631 [Listener at 127.0.0.1/38785] INFO  impl.DataStreamServerImpl (ConfUtils.java:logGet(44)) - raft.datastream.type = DISABLED (default)
2020-12-08 14:46:34,632 [Listener at 127.0.0.1/38785] INFO  server.RaftServerConfigKeys (ConfUtils.java:logGet(44)) - raft.server.storage.dir = [/github/workspace/mnt/ozone/hadoop-ozone/integration-test/target/test-dir/MiniOzoneClusterImpl-cfd0bfd1-2e20-40f2-b3a5-c30c0e76baf6/datanode-1/data/ratis] (custom)
2020-12-08 14:46:34,639 [Listener at 127.0.0.1/38785] INFO  http.BaseHttpServer (BaseHttpServer.java:newHttpServer2BuilderForOzone(207)) - Starting Web-server for hddsDatanode at: http://0.0.0.0:0
2020-12-08 14:46:34,639 [Listener at 127.0.0.1/38785] INFO  http.BaseHttpServer (BaseHttpServer.java:<init>(106)) - Hadoop Security Enabled: false Ozone Security Enabled: false Ozone HTTP Security Enabled: false 
2020-12-08 14:46:34,640 [Listener at 127.0.0.1/38785] INFO  server.AuthenticationFilter (AuthenticationFilter.java:constructSecretProvider(240)) - Unable to initialize FileSignerSecretProvider, falling back to use random secrets.
2020-12-08 14:46:34,641 [Listener at 127.0.0.1/38785] WARN  http.HttpRequestLog (HttpRequestLog.java:getRequestLog(103)) - Jetty request log can only be enabled using Log4j
2020-12-08 14:46:34,641 [Listener at 127.0.0.1/38785] INFO  http.HttpServer2 (HttpServer2.java:addGlobalFilter(1019)) - Added global filter 'safety' (class=org.apache.hadoop.hdds.server.http.HttpServer2$QuotingInputFilter)
2020-12-08 14:46:34,642 [Listener at 127.0.0.1/38785] INFO  http.HttpServer2 (HttpServer2.java:addFilter(995)) - Added filter static_user_filter (class=org.apache.hadoop.http.lib.StaticUserWebFilter$StaticUserFilter) to context hddsDatanode
2020-12-08 14:46:34,642 [Listener at 127.0.0.1/38785] INFO  http.HttpServer2 (HttpServer2.java:addFilter(1003)) - Added filter static_user_filter (class=org.apache.hadoop.http.lib.StaticUserWebFilter$StaticUserFilter) to context static
2020-12-08 14:46:34,642 [Listener at 127.0.0.1/38785] INFO  http.HttpServer2 (HttpServer2.java:addFilter(1003)) - Added filter static_user_filter (class=org.apache.hadoop.http.lib.StaticUserWebFilter$StaticUserFilter) to context logs
2020-12-08 14:46:34,643 [Listener at 127.0.0.1/38785] INFO  http.HttpServer2 (HttpServer2.java:bindListener(1237)) - Jetty bound to port 46871
2020-12-08 14:46:34,643 [Listener at 127.0.0.1/38785] INFO  server.Server (Server.java:doStart(375)) - jetty-9.4.34.v20201102; built: 2020-11-02T14:15:39.302Z; git: e46af88704a893fc12cb0e3bf46e2c7b48a009e7; jvm 1.8.0_232-b09
2020-12-08 14:46:34,646 [Listener at 127.0.0.1/38785] INFO  server.session (DefaultSessionIdManager.java:doStart(334)) - DefaultSessionIdManager workerName=node0
2020-12-08 14:46:34,647 [Listener at 127.0.0.1/38785] INFO  server.session (DefaultSessionIdManager.java:doStart(339)) - No SessionScavenger set, using defaults
2020-12-08 14:46:34,647 [Listener at 127.0.0.1/38785] INFO  server.session (HouseKeeper.java:startScavenging(132)) - node0 Scavenging every 600000ms
2020-12-08 14:46:34,648 [Listener at 127.0.0.1/38785] INFO  handler.ContextHandler (ContextHandler.java:doStart(916)) - Started o.e.j.s.ServletContextHandler@1f56f03b{logs,/logs,file:///github/workspace/mnt/ozone/hadoop-ozone/integration-test/target/log,AVAILABLE}
2020-12-08 14:46:34,648 [Listener at 127.0.0.1/38785] INFO  handler.ContextHandler (ContextHandler.java:doStart(916)) - Started o.e.j.s.ServletContextHandler@34e9441e{static,/static,jar:file:/home/user/.m2/repository/org/apache/hadoop/hadoop-hdds-container-service/1.1.0-SNAPSHOT/hadoop-hdds-container-service-1.1.0-SNAPSHOT.jar!/webapps/static,AVAILABLE}
2020-12-08 14:46:34,805 [Listener at 127.0.0.1/38785] INFO  handler.ContextHandler (ContextHandler.java:doStart(916)) - Started o.e.j.w.WebAppContext@9e9f285{hddsDatanode,/,file:///tmp/jetty-0_0_0_0-46871-hadoop-hdds-container-service-1_1_0-SNAPSHOT_jar-_-any-8284507886780683751/webapp/,AVAILABLE}{jar:file:/home/user/.m2/repository/org/apache/hadoop/hadoop-hdds-container-service/1.1.0-SNAPSHOT/hadoop-hdds-container-service-1.1.0-SNAPSHOT.jar!/webapps/hddsDatanode}
2020-12-08 14:46:34,807 [Listener at 127.0.0.1/38785] INFO  server.AbstractConnector (AbstractConnector.java:doStart(331)) - Started ServerConnector@3b2d89da{HTTP/1.1, (http/1.1)}{0.0.0.0:46871}
2020-12-08 14:46:34,807 [Listener at 127.0.0.1/38785] INFO  server.Server (Server.java:doStart(415)) - Started @44265ms
2020-12-08 14:46:34,807 [Listener at 127.0.0.1/38785] WARN  impl.MetricsSystemImpl (MetricsSystemImpl.java:register(276)) - Sink prometheus already exists!
2020-12-08 14:46:34,811 [Listener at 127.0.0.1/38785] INFO  http.BaseHttpServer (BaseHttpServer.java:updateConnectorAddress(327)) - HTTP server of hddsDatanode listening at http://0.0.0.0:46871
2020-12-08 14:46:34,812 [Listener at 127.0.0.1/38785] INFO  impl.MetricsSystemImpl (MetricsSystemImpl.java:init(158)) - HddsDatanode metrics system started (again)
2020-12-08 14:46:34,813 [Listener at 127.0.0.1/38785] INFO  ozone.HddsDatanodeService (HddsDatanodeService.java:start(217)) - HddsDatanodeService host:68facfb2a37d ip:172.17.0.2
2020-12-08 14:46:34,817 [Listener at 127.0.0.1/38785] INFO  volume.HddsVolume (HddsVolume.java:<init>(176)) - Creating Volume: /github/workspace/mnt/ozone/hadoop-ozone/integration-test/target/test-dir/MiniOzoneClusterImpl-cfd0bfd1-2e20-40f2-b3a5-c30c0e76baf6/datanode-2/data-0/containers/hdds of storage type : DISK and capacity : 9223372036854775807
2020-12-08 14:46:34,820 [Listener at 127.0.0.1/38785] INFO  volume.MutableVolumeSet (MutableVolumeSet.java:initializeVolumeSet(179)) - Added Volume : /github/workspace/mnt/ozone/hadoop-ozone/integration-test/target/test-dir/MiniOzoneClusterImpl-cfd0bfd1-2e20-40f2-b3a5-c30c0e76baf6/datanode-2/data-0/containers/hdds to VolumeSet
2020-12-08 14:46:34,820 [Listener at 127.0.0.1/38785] INFO  volume.ThrottledAsyncChecker (ThrottledAsyncChecker.java:schedule(141)) - Scheduling a check for /github/workspace/mnt/ozone/hadoop-ozone/integration-test/target/test-dir/MiniOzoneClusterImpl-cfd0bfd1-2e20-40f2-b3a5-c30c0e76baf6/datanode-2/data-0/containers/hdds
2020-12-08 14:46:34,822 [Listener at 127.0.0.1/38785] INFO  volume.HddsVolumeChecker (HddsVolumeChecker.java:checkAllVolumes(200)) - Scheduled health check for volume /github/workspace/mnt/ozone/hadoop-ozone/integration-test/target/test-dir/MiniOzoneClusterImpl-cfd0bfd1-2e20-40f2-b3a5-c30c0e76baf6/datanode-2/data-0/containers/hdds
2020-12-08 14:46:34,835 [org.apache.hadoop.util.JvmPauseMonitor$Monitor@4c713477] INFO  util.JvmPauseMonitor (JvmPauseMonitor.java:run(188)) - Starting JVM pause monitor
2020-12-08 14:46:34,838 [Datanode State Machine Task Thread - 0] INFO  datanode.InitDatanodeState (InitDatanodeState.java:persistContainerDatanodeDetails(145)) - DatanodeDetails is persisted to /github/workspace/mnt/ozone/hadoop-ozone/integration-test/target/test-dir/MiniOzoneClusterImpl-cfd0bfd1-2e20-40f2-b3a5-c30c0e76baf6/datanode-1/meta/datanode.id
2020-12-08 14:46:34,842 [Thread-503] INFO  ozoneimpl.ContainerReader (ContainerReader.java:readVolume(123)) - Start to verify containers on volume /github/workspace/mnt/ozone/hadoop-ozone/integration-test/target/test-dir/MiniOzoneClusterImpl-cfd0bfd1-2e20-40f2-b3a5-c30c0e76baf6/datanode-2/data-0/containers/hdds
2020-12-08 14:46:34,842 [Thread-503] INFO  ozoneimpl.ContainerReader (ContainerReader.java:readVolume(148)) - Finish verifying containers on volume /github/workspace/mnt/ozone/hadoop-ozone/integration-test/target/test-dir/MiniOzoneClusterImpl-cfd0bfd1-2e20-40f2-b3a5-c30c0e76baf6/datanode-2/data-0/containers/hdds
2020-12-08 14:46:34,842 [Listener at 127.0.0.1/38785] INFO  ozoneimpl.OzoneContainer (OzoneContainer.java:buildContainerSet(194)) - Build ContainerSet costs 0s
2020-12-08 14:46:34,844 [Listener at 127.0.0.1/38785] INFO  impl.RaftServerProxy (ConfUtils.java:logGet(44)) - raft.rpc.type = GRPC (default)
2020-12-08 14:46:34,844 [Listener at 127.0.0.1/38785] INFO  grpc.GrpcFactory (GrpcFactory.java:checkPooledByteBufAllocatorUseCacheForAllThreads(45)) - PERFORMANCE WARNING: useCacheForAllThreads is true that may cause Netty to create a lot garbage objects and, as a result, trigger GC.
	It is recommended to disable useCacheForAllThreads by setting -Dorg.apache.ratis.thirdparty.io.netty.allocator.useCacheForAllThreads=false in command line.
2020-12-08 14:46:34,844 [Listener at 127.0.0.1/38785] INFO  grpc.GrpcConfigKeys (ConfUtils.java:logGet(44)) - raft.grpc.server.port = 0 (default)
2020-12-08 14:46:34,844 [Listener at 127.0.0.1/38785] INFO  server.GrpcService (ConfUtils.java:logGet(44)) - raft.grpc.message.size.max = 32MB (=33554432) (custom)
2020-12-08 14:46:34,844 [Listener at 127.0.0.1/38785] INFO  server.RaftServerConfigKeys (ConfUtils.java:logGet(44)) - raft.server.log.appender.buffer.byte-limit = 33554432 (custom)
2020-12-08 14:46:34,844 [Listener at 127.0.0.1/38785] INFO  server.GrpcService (ConfUtils.java:logGet(44)) - raft.grpc.flow.control.window = 5MB (=5242880) (custom)
2020-12-08 14:46:34,844 [Listener at 127.0.0.1/38785] INFO  server.RaftServerConfigKeys (ConfUtils.java:logGet(44)) - raft.server.rpc.request.timeout = 60s (custom)
2020-12-08 14:46:34,845 [Listener at 127.0.0.1/38785] INFO  impl.DataStreamServerImpl (ConfUtils.java:logGet(44)) - raft.datastream.type = DISABLED (default)
2020-12-08 14:46:34,845 [Listener at 127.0.0.1/38785] INFO  server.RaftServerConfigKeys (ConfUtils.java:logGet(44)) - raft.server.storage.dir = [/github/workspace/mnt/ozone/hadoop-ozone/integration-test/target/test-dir/MiniOzoneClusterImpl-cfd0bfd1-2e20-40f2-b3a5-c30c0e76baf6/datanode-2/data/ratis] (custom)
2020-12-08 14:46:34,850 [Listener at 127.0.0.1/38785] INFO  http.BaseHttpServer (BaseHttpServer.java:newHttpServer2BuilderForOzone(207)) - Starting Web-server for hddsDatanode at: http://0.0.0.0:0
2020-12-08 14:46:34,850 [Listener at 127.0.0.1/38785] INFO  http.BaseHttpServer (BaseHttpServer.java:<init>(106)) - Hadoop Security Enabled: false Ozone Security Enabled: false Ozone HTTP Security Enabled: false 
2020-12-08 14:46:34,851 [Listener at 127.0.0.1/38785] INFO  server.AuthenticationFilter (AuthenticationFilter.java:constructSecretProvider(240)) - Unable to initialize FileSignerSecretProvider, falling back to use random secrets.
2020-12-08 14:46:34,852 [Listener at 127.0.0.1/38785] WARN  http.HttpRequestLog (HttpRequestLog.java:getRequestLog(103)) - Jetty request log can only be enabled using Log4j
2020-12-08 14:46:34,852 [Listener at 127.0.0.1/38785] INFO  http.HttpServer2 (HttpServer2.java:addGlobalFilter(1019)) - Added global filter 'safety' (class=org.apache.hadoop.hdds.server.http.HttpServer2$QuotingInputFilter)
2020-12-08 14:46:34,853 [Listener at 127.0.0.1/38785] INFO  http.HttpServer2 (HttpServer2.java:addFilter(995)) - Added filter static_user_filter (class=org.apache.hadoop.http.lib.StaticUserWebFilter$StaticUserFilter) to context hddsDatanode
2020-12-08 14:46:34,853 [Listener at 127.0.0.1/38785] INFO  http.HttpServer2 (HttpServer2.java:addFilter(1003)) - Added filter static_user_filter (class=org.apache.hadoop.http.lib.StaticUserWebFilter$StaticUserFilter) to context static
2020-12-08 14:46:34,853 [Listener at 127.0.0.1/38785] INFO  http.HttpServer2 (HttpServer2.java:addFilter(1003)) - Added filter static_user_filter (class=org.apache.hadoop.http.lib.StaticUserWebFilter$StaticUserFilter) to context logs
2020-12-08 14:46:34,854 [Listener at 127.0.0.1/38785] INFO  http.HttpServer2 (HttpServer2.java:bindListener(1237)) - Jetty bound to port 45017
2020-12-08 14:46:34,854 [Listener at 127.0.0.1/38785] INFO  server.Server (Server.java:doStart(375)) - jetty-9.4.34.v20201102; built: 2020-11-02T14:15:39.302Z; git: e46af88704a893fc12cb0e3bf46e2c7b48a009e7; jvm 1.8.0_232-b09
2020-12-08 14:46:34,856 [Listener at 127.0.0.1/38785] INFO  server.session (DefaultSessionIdManager.java:doStart(334)) - DefaultSessionIdManager workerName=node0
2020-12-08 14:46:34,856 [Listener at 127.0.0.1/38785] INFO  server.session (DefaultSessionIdManager.java:doStart(339)) - No SessionScavenger set, using defaults
2020-12-08 14:46:34,856 [Listener at 127.0.0.1/38785] INFO  server.session (HouseKeeper.java:startScavenging(132)) - node0 Scavenging every 660000ms
2020-12-08 14:46:34,860 [Listener at 127.0.0.1/38785] INFO  handler.ContextHandler (ContextHandler.java:doStart(916)) - Started o.e.j.s.ServletContextHandler@f9ad937{logs,/logs,file:///github/workspace/mnt/ozone/hadoop-ozone/integration-test/target/log,AVAILABLE}
2020-12-08 14:46:34,860 [Listener at 127.0.0.1/38785] INFO  handler.ContextHandler (ContextHandler.java:doStart(916)) - Started o.e.j.s.ServletContextHandler@22fa7f11{static,/static,jar:file:/home/user/.m2/repository/org/apache/hadoop/hadoop-hdds-container-service/1.1.0-SNAPSHOT/hadoop-hdds-container-service-1.1.0-SNAPSHOT.jar!/webapps/static,AVAILABLE}
2020-12-08 14:46:35,024 [Listener at 127.0.0.1/38785] INFO  handler.ContextHandler (ContextHandler.java:doStart(916)) - Started o.e.j.w.WebAppContext@525d5b1c{hddsDatanode,/,file:///tmp/jetty-0_0_0_0-45017-hadoop-hdds-container-service-1_1_0-SNAPSHOT_jar-_-any-4068487840011134882/webapp/,AVAILABLE}{jar:file:/home/user/.m2/repository/org/apache/hadoop/hadoop-hdds-container-service/1.1.0-SNAPSHOT/hadoop-hdds-container-service-1.1.0-SNAPSHOT.jar!/webapps/hddsDatanode}
2020-12-08 14:46:35,025 [Listener at 127.0.0.1/38785] INFO  server.AbstractConnector (AbstractConnector.java:doStart(331)) - Started ServerConnector@7ab6d20d{HTTP/1.1, (http/1.1)}{0.0.0.0:45017}
2020-12-08 14:46:35,025 [Listener at 127.0.0.1/38785] INFO  server.Server (Server.java:doStart(415)) - Started @44483ms
2020-12-08 14:46:35,025 [Listener at 127.0.0.1/38785] WARN  impl.MetricsSystemImpl (MetricsSystemImpl.java:register(276)) - Sink prometheus already exists!
2020-12-08 14:46:35,030 [Listener at 127.0.0.1/38785] INFO  http.BaseHttpServer (BaseHttpServer.java:updateConnectorAddress(327)) - HTTP server of hddsDatanode listening at http://0.0.0.0:45017
2020-12-08 14:46:35,032 [Listener at 127.0.0.1/38785] INFO  impl.MetricsSystemImpl (MetricsSystemImpl.java:init(158)) - HddsDatanode metrics system started (again)
2020-12-08 14:46:35,034 [Listener at 127.0.0.1/38785] INFO  ozone.HddsDatanodeService (HddsDatanodeService.java:start(217)) - HddsDatanodeService host:68facfb2a37d ip:172.17.0.2
2020-12-08 14:46:35,036 [Listener at 127.0.0.1/38785] INFO  volume.HddsVolume (HddsVolume.java:<init>(176)) - Creating Volume: /github/workspace/mnt/ozone/hadoop-ozone/integration-test/target/test-dir/MiniOzoneClusterImpl-cfd0bfd1-2e20-40f2-b3a5-c30c0e76baf6/datanode-3/data-0/containers/hdds of storage type : DISK and capacity : 9223372036854775807
2020-12-08 14:46:35,036 [Listener at 127.0.0.1/38785] INFO  volume.MutableVolumeSet (MutableVolumeSet.java:initializeVolumeSet(179)) - Added Volume : /github/workspace/mnt/ozone/hadoop-ozone/integration-test/target/test-dir/MiniOzoneClusterImpl-cfd0bfd1-2e20-40f2-b3a5-c30c0e76baf6/datanode-3/data-0/containers/hdds to VolumeSet
2020-12-08 14:46:35,036 [Listener at 127.0.0.1/38785] INFO  volume.ThrottledAsyncChecker (ThrottledAsyncChecker.java:schedule(141)) - Scheduling a check for /github/workspace/mnt/ozone/hadoop-ozone/integration-test/target/test-dir/MiniOzoneClusterImpl-cfd0bfd1-2e20-40f2-b3a5-c30c0e76baf6/datanode-3/data-0/containers/hdds
2020-12-08 14:46:35,040 [org.apache.hadoop.util.JvmPauseMonitor$Monitor@6c6a0731] INFO  util.JvmPauseMonitor (JvmPauseMonitor.java:run(188)) - Starting JVM pause monitor
2020-12-08 14:46:35,040 [Listener at 127.0.0.1/38785] INFO  volume.HddsVolumeChecker (HddsVolumeChecker.java:checkAllVolumes(200)) - Scheduled health check for volume /github/workspace/mnt/ozone/hadoop-ozone/integration-test/target/test-dir/MiniOzoneClusterImpl-cfd0bfd1-2e20-40f2-b3a5-c30c0e76baf6/datanode-3/data-0/containers/hdds
2020-12-08 14:46:35,041 [Datanode State Machine Task Thread - 0] INFO  datanode.InitDatanodeState (InitDatanodeState.java:persistContainerDatanodeDetails(145)) - DatanodeDetails is persisted to /github/workspace/mnt/ozone/hadoop-ozone/integration-test/target/test-dir/MiniOzoneClusterImpl-cfd0bfd1-2e20-40f2-b3a5-c30c0e76baf6/datanode-2/meta/datanode.id
2020-12-08 14:46:35,057 [Thread-514] INFO  ozoneimpl.ContainerReader (ContainerReader.java:readVolume(123)) - Start to verify containers on volume /github/workspace/mnt/ozone/hadoop-ozone/integration-test/target/test-dir/MiniOzoneClusterImpl-cfd0bfd1-2e20-40f2-b3a5-c30c0e76baf6/datanode-3/data-0/containers/hdds
2020-12-08 14:46:35,057 [Thread-514] INFO  ozoneimpl.ContainerReader (ContainerReader.java:readVolume(148)) - Finish verifying containers on volume /github/workspace/mnt/ozone/hadoop-ozone/integration-test/target/test-dir/MiniOzoneClusterImpl-cfd0bfd1-2e20-40f2-b3a5-c30c0e76baf6/datanode-3/data-0/containers/hdds
2020-12-08 14:46:35,057 [Listener at 127.0.0.1/38785] INFO  ozoneimpl.OzoneContainer (OzoneContainer.java:buildContainerSet(194)) - Build ContainerSet costs 0s
2020-12-08 14:46:35,061 [Listener at 127.0.0.1/38785] INFO  impl.RaftServerProxy (ConfUtils.java:logGet(44)) - raft.rpc.type = GRPC (default)
2020-12-08 14:46:35,061 [Listener at 127.0.0.1/38785] INFO  grpc.GrpcFactory (GrpcFactory.java:checkPooledByteBufAllocatorUseCacheForAllThreads(45)) - PERFORMANCE WARNING: useCacheForAllThreads is true that may cause Netty to create a lot garbage objects and, as a result, trigger GC.
	It is recommended to disable useCacheForAllThreads by setting -Dorg.apache.ratis.thirdparty.io.netty.allocator.useCacheForAllThreads=false in command line.
2020-12-08 14:46:35,061 [Listener at 127.0.0.1/38785] INFO  grpc.GrpcConfigKeys (ConfUtils.java:logGet(44)) - raft.grpc.server.port = 0 (default)
2020-12-08 14:46:35,062 [Listener at 127.0.0.1/38785] INFO  server.GrpcService (ConfUtils.java:logGet(44)) - raft.grpc.message.size.max = 32MB (=33554432) (custom)
2020-12-08 14:46:35,062 [Listener at 127.0.0.1/38785] INFO  server.RaftServerConfigKeys (ConfUtils.java:logGet(44)) - raft.server.log.appender.buffer.byte-limit = 33554432 (custom)
2020-12-08 14:46:35,062 [Listener at 127.0.0.1/38785] INFO  server.GrpcService (ConfUtils.java:logGet(44)) - raft.grpc.flow.control.window = 5MB (=5242880) (custom)
2020-12-08 14:46:35,062 [Listener at 127.0.0.1/38785] INFO  server.RaftServerConfigKeys (ConfUtils.java:logGet(44)) - raft.server.rpc.request.timeout = 60s (custom)
2020-12-08 14:46:35,063 [Listener at 127.0.0.1/38785] INFO  impl.DataStreamServerImpl (ConfUtils.java:logGet(44)) - raft.datastream.type = DISABLED (default)
2020-12-08 14:46:35,063 [Listener at 127.0.0.1/38785] INFO  server.RaftServerConfigKeys (ConfUtils.java:logGet(44)) - raft.server.storage.dir = [/github/workspace/mnt/ozone/hadoop-ozone/integration-test/target/test-dir/MiniOzoneClusterImpl-cfd0bfd1-2e20-40f2-b3a5-c30c0e76baf6/datanode-3/data/ratis] (custom)
2020-12-08 14:46:35,194 [Listener at 127.0.0.1/38785] INFO  http.BaseHttpServer (BaseHttpServer.java:newHttpServer2BuilderForOzone(207)) - Starting Web-server for hddsDatanode at: http://0.0.0.0:0
2020-12-08 14:46:35,194 [Listener at 127.0.0.1/38785] INFO  http.BaseHttpServer (BaseHttpServer.java:<init>(106)) - Hadoop Security Enabled: false Ozone Security Enabled: false Ozone HTTP Security Enabled: false 
2020-12-08 14:46:35,195 [Listener at 127.0.0.1/38785] INFO  server.AuthenticationFilter (AuthenticationFilter.java:constructSecretProvider(240)) - Unable to initialize FileSignerSecretProvider, falling back to use random secrets.
2020-12-08 14:46:35,195 [Listener at 127.0.0.1/38785] WARN  http.HttpRequestLog (HttpRequestLog.java:getRequestLog(103)) - Jetty request log can only be enabled using Log4j
2020-12-08 14:46:35,196 [Listener at 127.0.0.1/38785] INFO  http.HttpServer2 (HttpServer2.java:addGlobalFilter(1019)) - Added global filter 'safety' (class=org.apache.hadoop.hdds.server.http.HttpServer2$QuotingInputFilter)
2020-12-08 14:46:35,197 [Listener at 127.0.0.1/38785] INFO  http.HttpServer2 (HttpServer2.java:addFilter(995)) - Added filter static_user_filter (class=org.apache.hadoop.http.lib.StaticUserWebFilter$StaticUserFilter) to context hddsDatanode
2020-12-08 14:46:35,197 [Listener at 127.0.0.1/38785] INFO  http.HttpServer2 (HttpServer2.java:addFilter(1003)) - Added filter static_user_filter (class=org.apache.hadoop.http.lib.StaticUserWebFilter$StaticUserFilter) to context logs
2020-12-08 14:46:35,197 [Listener at 127.0.0.1/38785] INFO  http.HttpServer2 (HttpServer2.java:addFilter(1003)) - Added filter static_user_filter (class=org.apache.hadoop.http.lib.StaticUserWebFilter$StaticUserFilter) to context static
2020-12-08 14:46:35,197 [Listener at 127.0.0.1/38785] INFO  http.HttpServer2 (HttpServer2.java:bindListener(1237)) - Jetty bound to port 38349
2020-12-08 14:46:35,197 [Listener at 127.0.0.1/38785] INFO  server.Server (Server.java:doStart(375)) - jetty-9.4.34.v20201102; built: 2020-11-02T14:15:39.302Z; git: e46af88704a893fc12cb0e3bf46e2c7b48a009e7; jvm 1.8.0_232-b09
2020-12-08 14:46:35,199 [Listener at 127.0.0.1/38785] INFO  server.session (DefaultSessionIdManager.java:doStart(334)) - DefaultSessionIdManager workerName=node0
2020-12-08 14:46:35,200 [Listener at 127.0.0.1/38785] INFO  server.session (DefaultSessionIdManager.java:doStart(339)) - No SessionScavenger set, using defaults
2020-12-08 14:46:35,200 [Listener at 127.0.0.1/38785] INFO  server.session (HouseKeeper.java:startScavenging(132)) - node0 Scavenging every 660000ms
2020-12-08 14:46:35,202 [Listener at 127.0.0.1/38785] INFO  handler.ContextHandler (ContextHandler.java:doStart(916)) - Started o.e.j.s.ServletContextHandler@2b434d20{logs,/logs,file:///github/workspace/mnt/ozone/hadoop-ozone/integration-test/target/log,AVAILABLE}
2020-12-08 14:46:35,202 [Listener at 127.0.0.1/38785] INFO  handler.ContextHandler (ContextHandler.java:doStart(916)) - Started o.e.j.s.ServletContextHandler@ce11242{static,/static,jar:file:/home/user/.m2/repository/org/apache/hadoop/hadoop-hdds-container-service/1.1.0-SNAPSHOT/hadoop-hdds-container-service-1.1.0-SNAPSHOT.jar!/webapps/static,AVAILABLE}
2020-12-08 14:46:35,362 [Listener at 127.0.0.1/38785] INFO  handler.ContextHandler (ContextHandler.java:doStart(916)) - Started o.e.j.w.WebAppContext@17d4faba{hddsDatanode,/,file:///tmp/jetty-0_0_0_0-38349-hadoop-hdds-container-service-1_1_0-SNAPSHOT_jar-_-any-5491976447677889174/webapp/,AVAILABLE}{jar:file:/home/user/.m2/repository/org/apache/hadoop/hadoop-hdds-container-service/1.1.0-SNAPSHOT/hadoop-hdds-container-service-1.1.0-SNAPSHOT.jar!/webapps/hddsDatanode}
2020-12-08 14:46:35,367 [Listener at 127.0.0.1/38785] INFO  server.AbstractConnector (AbstractConnector.java:doStart(331)) - Started ServerConnector@46b8a834{HTTP/1.1, (http/1.1)}{0.0.0.0:38349}
2020-12-08 14:46:35,368 [Listener at 127.0.0.1/38785] INFO  server.Server (Server.java:doStart(415)) - Started @44826ms
2020-12-08 14:46:35,368 [Listener at 127.0.0.1/38785] WARN  impl.MetricsSystemImpl (MetricsSystemImpl.java:register(276)) - Sink prometheus already exists!
2020-12-08 14:46:35,371 [Listener at 127.0.0.1/38785] INFO  http.BaseHttpServer (BaseHttpServer.java:updateConnectorAddress(327)) - HTTP server of hddsDatanode listening at http://0.0.0.0:38349
2020-12-08 14:46:35,374 [Listener at 127.0.0.1/38785] INFO  impl.MetricsSystemImpl (MetricsSystemImpl.java:init(158)) - HddsDatanode metrics system started (again)
2020-12-08 14:46:35,376 [Listener at 127.0.0.1/38785] INFO  ozone.HddsDatanodeService (HddsDatanodeService.java:start(217)) - HddsDatanodeService host:68facfb2a37d ip:172.17.0.2
2020-12-08 14:46:35,380 [org.apache.hadoop.util.JvmPauseMonitor$Monitor@4dc192d7] INFO  util.JvmPauseMonitor (JvmPauseMonitor.java:run(188)) - Starting JVM pause monitor
2020-12-08 14:46:35,380 [Listener at 127.0.0.1/38785] INFO  volume.HddsVolume (HddsVolume.java:<init>(176)) - Creating Volume: /github/workspace/mnt/ozone/hadoop-ozone/integration-test/target/test-dir/MiniOzoneClusterImpl-cfd0bfd1-2e20-40f2-b3a5-c30c0e76baf6/datanode-4/data-0/containers/hdds of storage type : DISK and capacity : 9223372036854775807
2020-12-08 14:46:35,380 [Listener at 127.0.0.1/38785] INFO  volume.MutableVolumeSet (MutableVolumeSet.java:initializeVolumeSet(179)) - Added Volume : /github/workspace/mnt/ozone/hadoop-ozone/integration-test/target/test-dir/MiniOzoneClusterImpl-cfd0bfd1-2e20-40f2-b3a5-c30c0e76baf6/datanode-4/data-0/containers/hdds to VolumeSet
2020-12-08 14:46:35,380 [Listener at 127.0.0.1/38785] INFO  volume.ThrottledAsyncChecker (ThrottledAsyncChecker.java:schedule(141)) - Scheduling a check for /github/workspace/mnt/ozone/hadoop-ozone/integration-test/target/test-dir/MiniOzoneClusterImpl-cfd0bfd1-2e20-40f2-b3a5-c30c0e76baf6/datanode-4/data-0/containers/hdds
2020-12-08 14:46:35,385 [Datanode State Machine Task Thread - 0] INFO  datanode.InitDatanodeState (InitDatanodeState.java:persistContainerDatanodeDetails(145)) - DatanodeDetails is persisted to /github/workspace/mnt/ozone/hadoop-ozone/integration-test/target/test-dir/MiniOzoneClusterImpl-cfd0bfd1-2e20-40f2-b3a5-c30c0e76baf6/datanode-3/meta/datanode.id
2020-12-08 14:46:35,385 [Listener at 127.0.0.1/38785] INFO  volume.HddsVolumeChecker (HddsVolumeChecker.java:checkAllVolumes(200)) - Scheduled health check for volume /github/workspace/mnt/ozone/hadoop-ozone/integration-test/target/test-dir/MiniOzoneClusterImpl-cfd0bfd1-2e20-40f2-b3a5-c30c0e76baf6/datanode-4/data-0/containers/hdds
2020-12-08 14:46:35,400 [Thread-525] INFO  ozoneimpl.ContainerReader (ContainerReader.java:readVolume(123)) - Start to verify containers on volume /github/workspace/mnt/ozone/hadoop-ozone/integration-test/target/test-dir/MiniOzoneClusterImpl-cfd0bfd1-2e20-40f2-b3a5-c30c0e76baf6/datanode-4/data-0/containers/hdds
2020-12-08 14:46:35,400 [Thread-525] INFO  ozoneimpl.ContainerReader (ContainerReader.java:readVolume(148)) - Finish verifying containers on volume /github/workspace/mnt/ozone/hadoop-ozone/integration-test/target/test-dir/MiniOzoneClusterImpl-cfd0bfd1-2e20-40f2-b3a5-c30c0e76baf6/datanode-4/data-0/containers/hdds
2020-12-08 14:46:35,400 [Listener at 127.0.0.1/38785] INFO  ozoneimpl.OzoneContainer (OzoneContainer.java:buildContainerSet(194)) - Build ContainerSet costs 0s
2020-12-08 14:46:35,402 [Listener at 127.0.0.1/38785] INFO  impl.RaftServerProxy (ConfUtils.java:logGet(44)) - raft.rpc.type = GRPC (default)
2020-12-08 14:46:35,402 [Listener at 127.0.0.1/38785] INFO  grpc.GrpcFactory (GrpcFactory.java:checkPooledByteBufAllocatorUseCacheForAllThreads(45)) - PERFORMANCE WARNING: useCacheForAllThreads is true that may cause Netty to create a lot garbage objects and, as a result, trigger GC.
	It is recommended to disable useCacheForAllThreads by setting -Dorg.apache.ratis.thirdparty.io.netty.allocator.useCacheForAllThreads=false in command line.
2020-12-08 14:46:35,403 [Listener at 127.0.0.1/38785] INFO  grpc.GrpcConfigKeys (ConfUtils.java:logGet(44)) - raft.grpc.server.port = 0 (default)
2020-12-08 14:46:35,403 [Listener at 127.0.0.1/38785] INFO  server.GrpcService (ConfUtils.java:logGet(44)) - raft.grpc.message.size.max = 32MB (=33554432) (custom)
2020-12-08 14:46:35,403 [Listener at 127.0.0.1/38785] INFO  server.RaftServerConfigKeys (ConfUtils.java:logGet(44)) - raft.server.log.appender.buffer.byte-limit = 33554432 (custom)
2020-12-08 14:46:35,403 [Listener at 127.0.0.1/38785] INFO  server.GrpcService (ConfUtils.java:logGet(44)) - raft.grpc.flow.control.window = 5MB (=5242880) (custom)
2020-12-08 14:46:35,403 [Listener at 127.0.0.1/38785] INFO  server.RaftServerConfigKeys (ConfUtils.java:logGet(44)) - raft.server.rpc.request.timeout = 60s (custom)
2020-12-08 14:46:35,405 [Listener at 127.0.0.1/38785] INFO  impl.DataStreamServerImpl (ConfUtils.java:logGet(44)) - raft.datastream.type = DISABLED (default)
2020-12-08 14:46:35,405 [Listener at 127.0.0.1/38785] INFO  server.RaftServerConfigKeys (ConfUtils.java:logGet(44)) - raft.server.storage.dir = [/github/workspace/mnt/ozone/hadoop-ozone/integration-test/target/test-dir/MiniOzoneClusterImpl-cfd0bfd1-2e20-40f2-b3a5-c30c0e76baf6/datanode-4/data/ratis] (custom)
2020-12-08 14:46:35,411 [Listener at 127.0.0.1/38785] INFO  http.BaseHttpServer (BaseHttpServer.java:newHttpServer2BuilderForOzone(207)) - Starting Web-server for hddsDatanode at: http://0.0.0.0:0
2020-12-08 14:46:35,412 [Listener at 127.0.0.1/38785] INFO  http.BaseHttpServer (BaseHttpServer.java:<init>(106)) - Hadoop Security Enabled: false Ozone Security Enabled: false Ozone HTTP Security Enabled: false 
2020-12-08 14:46:35,413 [Listener at 127.0.0.1/38785] INFO  server.AuthenticationFilter (AuthenticationFilter.java:constructSecretProvider(240)) - Unable to initialize FileSignerSecretProvider, falling back to use random secrets.
2020-12-08 14:46:35,413 [Listener at 127.0.0.1/38785] WARN  http.HttpRequestLog (HttpRequestLog.java:getRequestLog(103)) - Jetty request log can only be enabled using Log4j
2020-12-08 14:46:35,414 [Listener at 127.0.0.1/38785] INFO  http.HttpServer2 (HttpServer2.java:addGlobalFilter(1019)) - Added global filter 'safety' (class=org.apache.hadoop.hdds.server.http.HttpServer2$QuotingInputFilter)
2020-12-08 14:46:35,415 [Listener at 127.0.0.1/38785] INFO  http.HttpServer2 (HttpServer2.java:addFilter(995)) - Added filter static_user_filter (class=org.apache.hadoop.http.lib.StaticUserWebFilter$StaticUserFilter) to context hddsDatanode
2020-12-08 14:46:35,415 [Listener at 127.0.0.1/38785] INFO  http.HttpServer2 (HttpServer2.java:addFilter(1003)) - Added filter static_user_filter (class=org.apache.hadoop.http.lib.StaticUserWebFilter$StaticUserFilter) to context logs
2020-12-08 14:46:35,415 [Listener at 127.0.0.1/38785] INFO  http.HttpServer2 (HttpServer2.java:addFilter(1003)) - Added filter static_user_filter (class=org.apache.hadoop.http.lib.StaticUserWebFilter$StaticUserFilter) to context static
2020-12-08 14:46:35,415 [Listener at 127.0.0.1/38785] INFO  http.HttpServer2 (HttpServer2.java:bindListener(1237)) - Jetty bound to port 37167
2020-12-08 14:46:35,416 [Listener at 127.0.0.1/38785] INFO  server.Server (Server.java:doStart(375)) - jetty-9.4.34.v20201102; built: 2020-11-02T14:15:39.302Z; git: e46af88704a893fc12cb0e3bf46e2c7b48a009e7; jvm 1.8.0_232-b09
2020-12-08 14:46:35,417 [Listener at 127.0.0.1/38785] INFO  server.session (DefaultSessionIdManager.java:doStart(334)) - DefaultSessionIdManager workerName=node0
2020-12-08 14:46:35,417 [Listener at 127.0.0.1/38785] INFO  server.session (DefaultSessionIdManager.java:doStart(339)) - No SessionScavenger set, using defaults
2020-12-08 14:46:35,417 [Listener at 127.0.0.1/38785] INFO  server.session (HouseKeeper.java:startScavenging(132)) - node0 Scavenging every 600000ms
2020-12-08 14:46:35,418 [Listener at 127.0.0.1/38785] INFO  handler.ContextHandler (ContextHandler.java:doStart(916)) - Started o.e.j.s.ServletContextHandler@6348c258{logs,/logs,file:///github/workspace/mnt/ozone/hadoop-ozone/integration-test/target/log,AVAILABLE}
2020-12-08 14:46:35,418 [Listener at 127.0.0.1/38785] INFO  handler.ContextHandler (ContextHandler.java:doStart(916)) - Started o.e.j.s.ServletContextHandler@2b9a91f8{static,/static,jar:file:/home/user/.m2/repository/org/apache/hadoop/hadoop-hdds-container-service/1.1.0-SNAPSHOT/hadoop-hdds-container-service-1.1.0-SNAPSHOT.jar!/webapps/static,AVAILABLE}
2020-12-08 14:46:35,582 [Listener at 127.0.0.1/38785] INFO  handler.ContextHandler (ContextHandler.java:doStart(916)) - Started o.e.j.w.WebAppContext@3e04803c{hddsDatanode,/,file:///tmp/jetty-0_0_0_0-37167-hadoop-hdds-container-service-1_1_0-SNAPSHOT_jar-_-any-3796009408755797621/webapp/,AVAILABLE}{jar:file:/home/user/.m2/repository/org/apache/hadoop/hadoop-hdds-container-service/1.1.0-SNAPSHOT/hadoop-hdds-container-service-1.1.0-SNAPSHOT.jar!/webapps/hddsDatanode}
2020-12-08 14:46:35,584 [Listener at 127.0.0.1/38785] INFO  server.AbstractConnector (AbstractConnector.java:doStart(331)) - Started ServerConnector@50bd8bd6{HTTP/1.1, (http/1.1)}{0.0.0.0:37167}
2020-12-08 14:46:35,584 [Listener at 127.0.0.1/38785] INFO  server.Server (Server.java:doStart(415)) - Started @45042ms
2020-12-08 14:46:35,584 [Listener at 127.0.0.1/38785] WARN  impl.MetricsSystemImpl (MetricsSystemImpl.java:register(276)) - Sink prometheus already exists!
2020-12-08 14:46:35,587 [Listener at 127.0.0.1/38785] INFO  http.BaseHttpServer (BaseHttpServer.java:updateConnectorAddress(327)) - HTTP server of hddsDatanode listening at http://0.0.0.0:37167
2020-12-08 14:46:35,588 [Listener at 127.0.0.1/38785] INFO  impl.MetricsSystemImpl (MetricsSystemImpl.java:init(158)) - HddsDatanode metrics system started (again)
2020-12-08 14:46:35,590 [Listener at 127.0.0.1/38785] INFO  ozone.HddsDatanodeService (HddsDatanodeService.java:start(217)) - HddsDatanodeService host:68facfb2a37d ip:172.17.0.2
2020-12-08 14:46:35,591 [Listener at 127.0.0.1/38785] INFO  volume.HddsVolume (HddsVolume.java:<init>(176)) - Creating Volume: /github/workspace/mnt/ozone/hadoop-ozone/integration-test/target/test-dir/MiniOzoneClusterImpl-cfd0bfd1-2e20-40f2-b3a5-c30c0e76baf6/datanode-5/data-0/containers/hdds of storage type : DISK and capacity : 9223372036854775807
2020-12-08 14:46:35,591 [Listener at 127.0.0.1/38785] INFO  volume.MutableVolumeSet (MutableVolumeSet.java:initializeVolumeSet(179)) - Added Volume : /github/workspace/mnt/ozone/hadoop-ozone/integration-test/target/test-dir/MiniOzoneClusterImpl-cfd0bfd1-2e20-40f2-b3a5-c30c0e76baf6/datanode-5/data-0/containers/hdds to VolumeSet
2020-12-08 14:46:35,591 [Listener at 127.0.0.1/38785] INFO  volume.ThrottledAsyncChecker (ThrottledAsyncChecker.java:schedule(141)) - Scheduling a check for /github/workspace/mnt/ozone/hadoop-ozone/integration-test/target/test-dir/MiniOzoneClusterImpl-cfd0bfd1-2e20-40f2-b3a5-c30c0e76baf6/datanode-5/data-0/containers/hdds
2020-12-08 14:46:35,592 [Listener at 127.0.0.1/38785] INFO  volume.HddsVolumeChecker (HddsVolumeChecker.java:checkAllVolumes(200)) - Scheduled health check for volume /github/workspace/mnt/ozone/hadoop-ozone/integration-test/target/test-dir/MiniOzoneClusterImpl-cfd0bfd1-2e20-40f2-b3a5-c30c0e76baf6/datanode-5/data-0/containers/hdds
2020-12-08 14:46:35,608 [org.apache.hadoop.util.JvmPauseMonitor$Monitor@4f91058c] INFO  util.JvmPauseMonitor (JvmPauseMonitor.java:run(188)) - Starting JVM pause monitor
2020-12-08 14:46:35,616 [Datanode State Machine Task Thread - 0] INFO  datanode.InitDatanodeState (InitDatanodeState.java:persistContainerDatanodeDetails(145)) - DatanodeDetails is persisted to /github/workspace/mnt/ozone/hadoop-ozone/integration-test/target/test-dir/MiniOzoneClusterImpl-cfd0bfd1-2e20-40f2-b3a5-c30c0e76baf6/datanode-4/meta/datanode.id
2020-12-08 14:46:35,618 [Thread-536] INFO  ozoneimpl.ContainerReader (ContainerReader.java:readVolume(123)) - Start to verify containers on volume /github/workspace/mnt/ozone/hadoop-ozone/integration-test/target/test-dir/MiniOzoneClusterImpl-cfd0bfd1-2e20-40f2-b3a5-c30c0e76baf6/datanode-5/data-0/containers/hdds
2020-12-08 14:46:35,618 [Thread-536] INFO  ozoneimpl.ContainerReader (ContainerReader.java:readVolume(148)) - Finish verifying containers on volume /github/workspace/mnt/ozone/hadoop-ozone/integration-test/target/test-dir/MiniOzoneClusterImpl-cfd0bfd1-2e20-40f2-b3a5-c30c0e76baf6/datanode-5/data-0/containers/hdds
2020-12-08 14:46:35,618 [Listener at 127.0.0.1/38785] INFO  ozoneimpl.OzoneContainer (OzoneContainer.java:buildContainerSet(194)) - Build ContainerSet costs 0s
2020-12-08 14:46:35,624 [Listener at 127.0.0.1/38785] INFO  impl.RaftServerProxy (ConfUtils.java:logGet(44)) - raft.rpc.type = GRPC (default)
2020-12-08 14:46:35,625 [Listener at 127.0.0.1/38785] INFO  grpc.GrpcFactory (GrpcFactory.java:checkPooledByteBufAllocatorUseCacheForAllThreads(45)) - PERFORMANCE WARNING: useCacheForAllThreads is true that may cause Netty to create a lot garbage objects and, as a result, trigger GC.
	It is recommended to disable useCacheForAllThreads by setting -Dorg.apache.ratis.thirdparty.io.netty.allocator.useCacheForAllThreads=false in command line.
2020-12-08 14:46:35,625 [Listener at 127.0.0.1/38785] INFO  grpc.GrpcConfigKeys (ConfUtils.java:logGet(44)) - raft.grpc.server.port = 0 (default)
2020-12-08 14:46:35,625 [Listener at 127.0.0.1/38785] INFO  server.GrpcService (ConfUtils.java:logGet(44)) - raft.grpc.message.size.max = 32MB (=33554432) (custom)
2020-12-08 14:46:35,626 [Listener at 127.0.0.1/38785] INFO  server.RaftServerConfigKeys (ConfUtils.java:logGet(44)) - raft.server.log.appender.buffer.byte-limit = 33554432 (custom)
2020-12-08 14:46:35,626 [Listener at 127.0.0.1/38785] INFO  server.GrpcService (ConfUtils.java:logGet(44)) - raft.grpc.flow.control.window = 5MB (=5242880) (custom)
2020-12-08 14:46:35,626 [Listener at 127.0.0.1/38785] INFO  server.RaftServerConfigKeys (ConfUtils.java:logGet(44)) - raft.server.rpc.request.timeout = 60s (custom)
2020-12-08 14:46:35,627 [Listener at 127.0.0.1/38785] INFO  impl.DataStreamServerImpl (ConfUtils.java:logGet(44)) - raft.datastream.type = DISABLED (default)
2020-12-08 14:46:35,629 [Listener at 127.0.0.1/38785] INFO  server.RaftServerConfigKeys (ConfUtils.java:logGet(44)) - raft.server.storage.dir = [/github/workspace/mnt/ozone/hadoop-ozone/integration-test/target/test-dir/MiniOzoneClusterImpl-cfd0bfd1-2e20-40f2-b3a5-c30c0e76baf6/datanode-5/data/ratis] (custom)
2020-12-08 14:46:35,638 [Listener at 127.0.0.1/38785] INFO  http.BaseHttpServer (BaseHttpServer.java:newHttpServer2BuilderForOzone(207)) - Starting Web-server for hddsDatanode at: http://0.0.0.0:0
2020-12-08 14:46:35,638 [Listener at 127.0.0.1/38785] INFO  http.BaseHttpServer (BaseHttpServer.java:<init>(106)) - Hadoop Security Enabled: false Ozone Security Enabled: false Ozone HTTP Security Enabled: false 
2020-12-08 14:46:35,639 [Listener at 127.0.0.1/38785] INFO  server.AuthenticationFilter (AuthenticationFilter.java:constructSecretProvider(240)) - Unable to initialize FileSignerSecretProvider, falling back to use random secrets.
2020-12-08 14:46:35,644 [Listener at 127.0.0.1/38785] WARN  http.HttpRequestLog (HttpRequestLog.java:getRequestLog(103)) - Jetty request log can only be enabled using Log4j
2020-12-08 14:46:35,644 [Listener at 127.0.0.1/38785] INFO  http.HttpServer2 (HttpServer2.java:addGlobalFilter(1019)) - Added global filter 'safety' (class=org.apache.hadoop.hdds.server.http.HttpServer2$QuotingInputFilter)
2020-12-08 14:46:35,645 [Listener at 127.0.0.1/38785] INFO  http.HttpServer2 (HttpServer2.java:addFilter(995)) - Added filter static_user_filter (class=org.apache.hadoop.http.lib.StaticUserWebFilter$StaticUserFilter) to context hddsDatanode
2020-12-08 14:46:35,646 [Listener at 127.0.0.1/38785] INFO  http.HttpServer2 (HttpServer2.java:addFilter(1003)) - Added filter static_user_filter (class=org.apache.hadoop.http.lib.StaticUserWebFilter$StaticUserFilter) to context static
2020-12-08 14:46:35,646 [Listener at 127.0.0.1/38785] INFO  http.HttpServer2 (HttpServer2.java:addFilter(1003)) - Added filter static_user_filter (class=org.apache.hadoop.http.lib.StaticUserWebFilter$StaticUserFilter) to context logs
2020-12-08 14:46:35,646 [Listener at 127.0.0.1/38785] INFO  http.HttpServer2 (HttpServer2.java:bindListener(1237)) - Jetty bound to port 35561
2020-12-08 14:46:35,646 [Listener at 127.0.0.1/38785] INFO  server.Server (Server.java:doStart(375)) - jetty-9.4.34.v20201102; built: 2020-11-02T14:15:39.302Z; git: e46af88704a893fc12cb0e3bf46e2c7b48a009e7; jvm 1.8.0_232-b09
2020-12-08 14:46:35,649 [Listener at 127.0.0.1/38785] INFO  server.session (DefaultSessionIdManager.java:doStart(334)) - DefaultSessionIdManager workerName=node0
2020-12-08 14:46:35,649 [Listener at 127.0.0.1/38785] INFO  server.session (DefaultSessionIdManager.java:doStart(339)) - No SessionScavenger set, using defaults
2020-12-08 14:46:35,649 [Listener at 127.0.0.1/38785] INFO  server.session (HouseKeeper.java:startScavenging(132)) - node0 Scavenging every 600000ms
2020-12-08 14:46:35,650 [Listener at 127.0.0.1/38785] INFO  handler.ContextHandler (ContextHandler.java:doStart(916)) - Started o.e.j.s.ServletContextHandler@48438178{logs,/logs,file:///github/workspace/mnt/ozone/hadoop-ozone/integration-test/target/log,AVAILABLE}
2020-12-08 14:46:35,650 [Listener at 127.0.0.1/38785] INFO  handler.ContextHandler (ContextHandler.java:doStart(916)) - Started o.e.j.s.ServletContextHandler@271ff16e{static,/static,jar:file:/home/user/.m2/repository/org/apache/hadoop/hadoop-hdds-container-service/1.1.0-SNAPSHOT/hadoop-hdds-container-service-1.1.0-SNAPSHOT.jar!/webapps/static,AVAILABLE}
2020-12-08 14:46:35,837 [Listener at 127.0.0.1/38785] INFO  handler.ContextHandler (ContextHandler.java:doStart(916)) - Started o.e.j.w.WebAppContext@19125cc4{hddsDatanode,/,file:///tmp/jetty-0_0_0_0-35561-hadoop-hdds-container-service-1_1_0-SNAPSHOT_jar-_-any-7034940975343044120/webapp/,AVAILABLE}{jar:file:/home/user/.m2/repository/org/apache/hadoop/hadoop-hdds-container-service/1.1.0-SNAPSHOT/hadoop-hdds-container-service-1.1.0-SNAPSHOT.jar!/webapps/hddsDatanode}
2020-12-08 14:46:35,838 [Listener at 127.0.0.1/38785] INFO  server.AbstractConnector (AbstractConnector.java:doStart(331)) - Started ServerConnector@7c42ee43{HTTP/1.1, (http/1.1)}{0.0.0.0:35561}
2020-12-08 14:46:35,838 [Listener at 127.0.0.1/38785] INFO  server.Server (Server.java:doStart(415)) - Started @45296ms
2020-12-08 14:46:35,838 [Listener at 127.0.0.1/38785] WARN  impl.MetricsSystemImpl (MetricsSystemImpl.java:register(276)) - Sink prometheus already exists!
2020-12-08 14:46:35,850 [Listener at 127.0.0.1/38785] INFO  http.BaseHttpServer (BaseHttpServer.java:updateConnectorAddress(327)) - HTTP server of hddsDatanode listening at http://0.0.0.0:35561
2020-12-08 14:46:35,851 [Listener at 127.0.0.1/38785] INFO  impl.MetricsSystemImpl (MetricsSystemImpl.java:init(158)) - HddsDatanode metrics system started (again)
2020-12-08 14:46:35,853 [Listener at 127.0.0.1/38785] INFO  ozone.HddsDatanodeService (HddsDatanodeService.java:start(217)) - HddsDatanodeService host:68facfb2a37d ip:172.17.0.2
2020-12-08 14:46:35,856 [org.apache.hadoop.util.JvmPauseMonitor$Monitor@60168c36] INFO  util.JvmPauseMonitor (JvmPauseMonitor.java:run(188)) - Starting JVM pause monitor
2020-12-08 14:46:35,856 [Listener at 127.0.0.1/38785] INFO  volume.HddsVolume (HddsVolume.java:<init>(176)) - Creating Volume: /github/workspace/mnt/ozone/hadoop-ozone/integration-test/target/test-dir/MiniOzoneClusterImpl-cfd0bfd1-2e20-40f2-b3a5-c30c0e76baf6/datanode-6/data-0/containers/hdds of storage type : DISK and capacity : 9223372036854775807
2020-12-08 14:46:35,857 [Listener at 127.0.0.1/38785] INFO  volume.MutableVolumeSet (MutableVolumeSet.java:initializeVolumeSet(179)) - Added Volume : /github/workspace/mnt/ozone/hadoop-ozone/integration-test/target/test-dir/MiniOzoneClusterImpl-cfd0bfd1-2e20-40f2-b3a5-c30c0e76baf6/datanode-6/data-0/containers/hdds to VolumeSet
2020-12-08 14:46:35,857 [Listener at 127.0.0.1/38785] INFO  volume.ThrottledAsyncChecker (ThrottledAsyncChecker.java:schedule(141)) - Scheduling a check for /github/workspace/mnt/ozone/hadoop-ozone/integration-test/target/test-dir/MiniOzoneClusterImpl-cfd0bfd1-2e20-40f2-b3a5-c30c0e76baf6/datanode-6/data-0/containers/hdds
2020-12-08 14:46:35,858 [Datanode State Machine Task Thread - 0] INFO  datanode.InitDatanodeState (InitDatanodeState.java:persistContainerDatanodeDetails(145)) - DatanodeDetails is persisted to /github/workspace/mnt/ozone/hadoop-ozone/integration-test/target/test-dir/MiniOzoneClusterImpl-cfd0bfd1-2e20-40f2-b3a5-c30c0e76baf6/datanode-5/meta/datanode.id
2020-12-08 14:46:35,858 [Listener at 127.0.0.1/38785] INFO  volume.HddsVolumeChecker (HddsVolumeChecker.java:checkAllVolumes(200)) - Scheduled health check for volume /github/workspace/mnt/ozone/hadoop-ozone/integration-test/target/test-dir/MiniOzoneClusterImpl-cfd0bfd1-2e20-40f2-b3a5-c30c0e76baf6/datanode-6/data-0/containers/hdds
2020-12-08 14:46:35,871 [Thread-547] INFO  ozoneimpl.ContainerReader (ContainerReader.java:readVolume(123)) - Start to verify containers on volume /github/workspace/mnt/ozone/hadoop-ozone/integration-test/target/test-dir/MiniOzoneClusterImpl-cfd0bfd1-2e20-40f2-b3a5-c30c0e76baf6/datanode-6/data-0/containers/hdds
2020-12-08 14:46:35,871 [Thread-547] INFO  ozoneimpl.ContainerReader (ContainerReader.java:readVolume(148)) - Finish verifying containers on volume /github/workspace/mnt/ozone/hadoop-ozone/integration-test/target/test-dir/MiniOzoneClusterImpl-cfd0bfd1-2e20-40f2-b3a5-c30c0e76baf6/datanode-6/data-0/containers/hdds
2020-12-08 14:46:35,872 [Listener at 127.0.0.1/38785] INFO  ozoneimpl.OzoneContainer (OzoneContainer.java:buildContainerSet(194)) - Build ContainerSet costs 0s
2020-12-08 14:46:35,874 [Listener at 127.0.0.1/38785] INFO  impl.RaftServerProxy (ConfUtils.java:logGet(44)) - raft.rpc.type = GRPC (default)
2020-12-08 14:46:35,874 [Listener at 127.0.0.1/38785] INFO  grpc.GrpcFactory (GrpcFactory.java:checkPooledByteBufAllocatorUseCacheForAllThreads(45)) - PERFORMANCE WARNING: useCacheForAllThreads is true that may cause Netty to create a lot garbage objects and, as a result, trigger GC.
	It is recommended to disable useCacheForAllThreads by setting -Dorg.apache.ratis.thirdparty.io.netty.allocator.useCacheForAllThreads=false in command line.
2020-12-08 14:46:35,874 [Listener at 127.0.0.1/38785] INFO  grpc.GrpcConfigKeys (ConfUtils.java:logGet(44)) - raft.grpc.server.port = 0 (default)
2020-12-08 14:46:35,874 [Listener at 127.0.0.1/38785] INFO  server.GrpcService (ConfUtils.java:logGet(44)) - raft.grpc.message.size.max = 32MB (=33554432) (custom)
2020-12-08 14:46:35,874 [Listener at 127.0.0.1/38785] INFO  server.RaftServerConfigKeys (ConfUtils.java:logGet(44)) - raft.server.log.appender.buffer.byte-limit = 33554432 (custom)
2020-12-08 14:46:35,874 [Listener at 127.0.0.1/38785] INFO  server.GrpcService (ConfUtils.java:logGet(44)) - raft.grpc.flow.control.window = 5MB (=5242880) (custom)
2020-12-08 14:46:35,874 [Listener at 127.0.0.1/38785] INFO  server.RaftServerConfigKeys (ConfUtils.java:logGet(44)) - raft.server.rpc.request.timeout = 60s (custom)
2020-12-08 14:46:35,875 [Listener at 127.0.0.1/38785] INFO  impl.DataStreamServerImpl (ConfUtils.java:logGet(44)) - raft.datastream.type = DISABLED (default)
2020-12-08 14:46:35,875 [Listener at 127.0.0.1/38785] INFO  server.RaftServerConfigKeys (ConfUtils.java:logGet(44)) - raft.server.storage.dir = [/github/workspace/mnt/ozone/hadoop-ozone/integration-test/target/test-dir/MiniOzoneClusterImpl-cfd0bfd1-2e20-40f2-b3a5-c30c0e76baf6/datanode-6/data/ratis] (custom)
2020-12-08 14:46:35,880 [Listener at 127.0.0.1/38785] INFO  http.BaseHttpServer (BaseHttpServer.java:newHttpServer2BuilderForOzone(207)) - Starting Web-server for hddsDatanode at: http://0.0.0.0:0
2020-12-08 14:46:35,880 [Listener at 127.0.0.1/38785] INFO  http.BaseHttpServer (BaseHttpServer.java:<init>(106)) - Hadoop Security Enabled: false Ozone Security Enabled: false Ozone HTTP Security Enabled: false 
2020-12-08 14:46:35,881 [Listener at 127.0.0.1/38785] INFO  server.AuthenticationFilter (AuthenticationFilter.java:constructSecretProvider(240)) - Unable to initialize FileSignerSecretProvider, falling back to use random secrets.
2020-12-08 14:46:35,882 [Listener at 127.0.0.1/38785] WARN  http.HttpRequestLog (HttpRequestLog.java:getRequestLog(103)) - Jetty request log can only be enabled using Log4j
2020-12-08 14:46:35,883 [Listener at 127.0.0.1/38785] INFO  http.HttpServer2 (HttpServer2.java:addGlobalFilter(1019)) - Added global filter 'safety' (class=org.apache.hadoop.hdds.server.http.HttpServer2$QuotingInputFilter)
2020-12-08 14:46:35,884 [Listener at 127.0.0.1/38785] INFO  http.HttpServer2 (HttpServer2.java:addFilter(995)) - Added filter static_user_filter (class=org.apache.hadoop.http.lib.StaticUserWebFilter$StaticUserFilter) to context hddsDatanode
2020-12-08 14:46:35,884 [Listener at 127.0.0.1/38785] INFO  http.HttpServer2 (HttpServer2.java:addFilter(1003)) - Added filter static_user_filter (class=org.apache.hadoop.http.lib.StaticUserWebFilter$StaticUserFilter) to context logs
2020-12-08 14:46:35,884 [Listener at 127.0.0.1/38785] INFO  http.HttpServer2 (HttpServer2.java:addFilter(1003)) - Added filter static_user_filter (class=org.apache.hadoop.http.lib.StaticUserWebFilter$StaticUserFilter) to context static
2020-12-08 14:46:35,884 [Listener at 127.0.0.1/38785] INFO  http.HttpServer2 (HttpServer2.java:bindListener(1237)) - Jetty bound to port 43937
2020-12-08 14:46:35,884 [Listener at 127.0.0.1/38785] INFO  server.Server (Server.java:doStart(375)) - jetty-9.4.34.v20201102; built: 2020-11-02T14:15:39.302Z; git: e46af88704a893fc12cb0e3bf46e2c7b48a009e7; jvm 1.8.0_232-b09
2020-12-08 14:46:35,888 [Listener at 127.0.0.1/38785] INFO  server.session (DefaultSessionIdManager.java:doStart(334)) - DefaultSessionIdManager workerName=node0
2020-12-08 14:46:35,888 [Listener at 127.0.0.1/38785] INFO  server.session (DefaultSessionIdManager.java:doStart(339)) - No SessionScavenger set, using defaults
2020-12-08 14:46:35,888 [Listener at 127.0.0.1/38785] INFO  server.session (HouseKeeper.java:startScavenging(132)) - node0 Scavenging every 660000ms
2020-12-08 14:46:35,889 [Listener at 127.0.0.1/38785] INFO  handler.ContextHandler (ContextHandler.java:doStart(916)) - Started o.e.j.s.ServletContextHandler@4e23ea4d{logs,/logs,file:///github/workspace/mnt/ozone/hadoop-ozone/integration-test/target/log,AVAILABLE}
2020-12-08 14:46:35,889 [Listener at 127.0.0.1/38785] INFO  handler.ContextHandler (ContextHandler.java:doStart(916)) - Started o.e.j.s.ServletContextHandler@a2a2de4{static,/static,jar:file:/home/user/.m2/repository/org/apache/hadoop/hadoop-hdds-container-service/1.1.0-SNAPSHOT/hadoop-hdds-container-service-1.1.0-SNAPSHOT.jar!/webapps/static,AVAILABLE}
2020-12-08 14:46:36,056 [Listener at 127.0.0.1/38785] INFO  handler.ContextHandler (ContextHandler.java:doStart(916)) - Started o.e.j.w.WebAppContext@45f110c8{hddsDatanode,/,file:///tmp/jetty-0_0_0_0-43937-hadoop-hdds-container-service-1_1_0-SNAPSHOT_jar-_-any-898383424492940608/webapp/,AVAILABLE}{jar:file:/home/user/.m2/repository/org/apache/hadoop/hadoop-hdds-container-service/1.1.0-SNAPSHOT/hadoop-hdds-container-service-1.1.0-SNAPSHOT.jar!/webapps/hddsDatanode}
2020-12-08 14:46:36,057 [Listener at 127.0.0.1/38785] INFO  server.AbstractConnector (AbstractConnector.java:doStart(331)) - Started ServerConnector@b205d1{HTTP/1.1, (http/1.1)}{0.0.0.0:43937}
2020-12-08 14:46:36,057 [Listener at 127.0.0.1/38785] INFO  server.Server (Server.java:doStart(415)) - Started @45515ms
2020-12-08 14:46:36,057 [Listener at 127.0.0.1/38785] WARN  impl.MetricsSystemImpl (MetricsSystemImpl.java:register(276)) - Sink prometheus already exists!
2020-12-08 14:46:36,062 [Listener at 127.0.0.1/38785] INFO  http.BaseHttpServer (BaseHttpServer.java:updateConnectorAddress(327)) - HTTP server of hddsDatanode listening at http://0.0.0.0:43937
2020-12-08 14:46:36,063 [Listener at 127.0.0.1/38785] INFO  ozone.MiniOzoneClusterImpl (MiniOzoneClusterImpl.java:lambda$waitForClusterToBeReady$0(178)) - Waiting for nodes to be ready. Got 0 of 7 DN Heartbeats.
2020-12-08 14:46:36,063 [Listener at 127.0.0.1/38785] INFO  ozone.MiniOzoneClusterImpl (MiniOzoneClusterImpl.java:lambda$waitForClusterToBeReady$0(181)) - Waiting for cluster to exit safe mode
2020-12-08 14:46:36,072 [org.apache.hadoop.util.JvmPauseMonitor$Monitor@1e2ad90d] INFO  util.JvmPauseMonitor (JvmPauseMonitor.java:run(188)) - Starting JVM pause monitor
2020-12-08 14:46:36,075 [Datanode State Machine Task Thread - 0] INFO  datanode.InitDatanodeState (InitDatanodeState.java:persistContainerDatanodeDetails(145)) - DatanodeDetails is persisted to /github/workspace/mnt/ozone/hadoop-ozone/integration-test/target/test-dir/MiniOzoneClusterImpl-cfd0bfd1-2e20-40f2-b3a5-c30c0e76baf6/datanode-6/meta/datanode.id
2020-12-08 14:46:36,618 [EndpointStateMachine task thread for /0.0.0.0:44523 - 0 ] INFO  ozoneimpl.OzoneContainer (OzoneContainer.java:start(243)) - Attempting to start container services.
2020-12-08 14:46:36,618 [EndpointStateMachine task thread for /0.0.0.0:44523 - 0 ] INFO  ozoneimpl.OzoneContainer (OzoneContainer.java:startContainerScrub(207)) - Background container scanner has been disabled.
2020-12-08 14:46:36,619 [EndpointStateMachine task thread for /0.0.0.0:44523 - 0 ] INFO  ratis.XceiverServerRatis (XceiverServerRatis.java:start(456)) - Starting XceiverServerRatis 4c010680-8565-4d64-a077-2e0de5ba36c4 at port 0
2020-12-08 14:46:36,630 [EndpointStateMachine task thread for /0.0.0.0:44523 - 0 ] INFO  impl.RaftServerProxy (RaftServerProxy.java:lambda$start$3(321)) - 4c010680-8565-4d64-a077-2e0de5ba36c4: start RPC server
2020-12-08 14:46:36,631 [EndpointStateMachine task thread for /0.0.0.0:44523 - 0 ] INFO  server.GrpcService (GrpcService.java:startImpl(177)) - 4c010680-8565-4d64-a077-2e0de5ba36c4: GrpcService started, listening on 0.0.0.0/0.0.0.0:39775
2020-12-08 14:46:36,631 [EndpointStateMachine task thread for /0.0.0.0:44523 - 0 ] INFO  ratis.XceiverServerRatis (XceiverServerRatis.java:start(468)) - XceiverServerRatis 4c010680-8565-4d64-a077-2e0de5ba36c4 is started using port 39775
2020-12-08 14:46:36,631 [org.apache.ratis.server.JvmPauseMonitor@667ec29f-Monitor] INFO  server.RaftServerConfigKeys (ConfUtils.java:logGet(44)) - raft.server.leaderelection.leader.step-down.wait-time = 10s (default)
2020-12-08 14:46:36,632 [EndpointStateMachine task thread for /0.0.0.0:44523 - 0 ] INFO  server.XceiverServerGrpc (XceiverServerGrpc.java:start(145)) - XceiverServerGrpc 4c010680-8565-4d64-a077-2e0de5ba36c4 is started using port 39679
2020-12-08 14:46:36,632 [org.apache.ratis.server.JvmPauseMonitor@667ec29f-Monitor] INFO  server.RaftServerConfigKeys (ConfUtils.java:logGet(44)) - raft.server.rpc.slowness.timeout = 300s (custom)
2020-12-08 14:46:36,632 [org.apache.ratis.server.JvmPauseMonitor@667ec29f-Monitor] INFO  server.JvmPauseMonitor (JvmPauseMonitor.java:run(129)) - Starting Ratis JVM pause monitor
2020-12-08 14:46:36,843 [EndpointStateMachine task thread for /0.0.0.0:44523 - 0 ] INFO  ozoneimpl.OzoneContainer (OzoneContainer.java:start(243)) - Attempting to start container services.
2020-12-08 14:46:36,844 [EndpointStateMachine task thread for /0.0.0.0:44523 - 0 ] INFO  ozoneimpl.OzoneContainer (OzoneContainer.java:startContainerScrub(207)) - Background container scanner has been disabled.
2020-12-08 14:46:36,844 [EndpointStateMachine task thread for /0.0.0.0:44523 - 0 ] INFO  ratis.XceiverServerRatis (XceiverServerRatis.java:start(456)) - Starting XceiverServerRatis 96090a9c-2d18-4831-8bfc-5d3d956af2b2 at port 0
2020-12-08 14:46:36,848 [EndpointStateMachine task thread for /0.0.0.0:44523 - 0 ] INFO  impl.RaftServerProxy (RaftServerProxy.java:lambda$start$3(321)) - 96090a9c-2d18-4831-8bfc-5d3d956af2b2: start RPC server
2020-12-08 14:46:36,848 [EndpointStateMachine task thread for /0.0.0.0:44523 - 0 ] INFO  server.GrpcService (GrpcService.java:startImpl(177)) - 96090a9c-2d18-4831-8bfc-5d3d956af2b2: GrpcService started, listening on 0.0.0.0/0.0.0.0:44413
2020-12-08 14:46:36,850 [EndpointStateMachine task thread for /0.0.0.0:44523 - 0 ] INFO  ratis.XceiverServerRatis (XceiverServerRatis.java:start(468)) - XceiverServerRatis 96090a9c-2d18-4831-8bfc-5d3d956af2b2 is started using port 44413
2020-12-08 14:46:36,850 [EndpointStateMachine task thread for /0.0.0.0:44523 - 0 ] INFO  server.XceiverServerGrpc (XceiverServerGrpc.java:start(145)) - XceiverServerGrpc 96090a9c-2d18-4831-8bfc-5d3d956af2b2 is started using port 45115
2020-12-08 14:46:36,851 [org.apache.ratis.server.JvmPauseMonitor@1feb8ba2-Monitor] INFO  server.RaftServerConfigKeys (ConfUtils.java:logGet(44)) - raft.server.leaderelection.leader.step-down.wait-time = 10s (default)
2020-12-08 14:46:36,851 [org.apache.ratis.server.JvmPauseMonitor@1feb8ba2-Monitor] INFO  server.RaftServerConfigKeys (ConfUtils.java:logGet(44)) - raft.server.rpc.slowness.timeout = 300s (custom)
2020-12-08 14:46:36,851 [org.apache.ratis.server.JvmPauseMonitor@1feb8ba2-Monitor] INFO  server.JvmPauseMonitor (JvmPauseMonitor.java:run(129)) - Starting Ratis JVM pause monitor
2020-12-08 14:46:37,043 [EndpointStateMachine task thread for /0.0.0.0:44523 - 0 ] INFO  ozoneimpl.OzoneContainer (OzoneContainer.java:start(243)) - Attempting to start container services.
2020-12-08 14:46:37,044 [EndpointStateMachine task thread for /0.0.0.0:44523 - 0 ] INFO  ozoneimpl.OzoneContainer (OzoneContainer.java:startContainerScrub(207)) - Background container scanner has been disabled.
2020-12-08 14:46:37,044 [EndpointStateMachine task thread for /0.0.0.0:44523 - 0 ] INFO  ratis.XceiverServerRatis (XceiverServerRatis.java:start(456)) - Starting XceiverServerRatis e7bab1e1-cb53-462e-811b-33706ea421b6 at port 0
2020-12-08 14:46:37,045 [EndpointStateMachine task thread for /0.0.0.0:44523 - 0 ] INFO  impl.RaftServerProxy (RaftServerProxy.java:lambda$start$3(321)) - e7bab1e1-cb53-462e-811b-33706ea421b6: start RPC server
2020-12-08 14:46:37,046 [EndpointStateMachine task thread for /0.0.0.0:44523 - 0 ] INFO  server.GrpcService (GrpcService.java:startImpl(177)) - e7bab1e1-cb53-462e-811b-33706ea421b6: GrpcService started, listening on 0.0.0.0/0.0.0.0:36527
2020-12-08 14:46:37,046 [EndpointStateMachine task thread for /0.0.0.0:44523 - 0 ] INFO  ratis.XceiverServerRatis (XceiverServerRatis.java:start(468)) - XceiverServerRatis e7bab1e1-cb53-462e-811b-33706ea421b6 is started using port 36527
2020-12-08 14:46:37,049 [EndpointStateMachine task thread for /0.0.0.0:44523 - 0 ] INFO  server.XceiverServerGrpc (XceiverServerGrpc.java:start(145)) - XceiverServerGrpc e7bab1e1-cb53-462e-811b-33706ea421b6 is started using port 36351
2020-12-08 14:46:37,051 [org.apache.ratis.server.JvmPauseMonitor@188a0fde-Monitor] INFO  server.RaftServerConfigKeys (ConfUtils.java:logGet(44)) - raft.server.leaderelection.leader.step-down.wait-time = 10s (default)
2020-12-08 14:46:37,052 [org.apache.ratis.server.JvmPauseMonitor@188a0fde-Monitor] INFO  server.RaftServerConfigKeys (ConfUtils.java:logGet(44)) - raft.server.rpc.slowness.timeout = 300s (custom)
2020-12-08 14:46:37,052 [org.apache.ratis.server.JvmPauseMonitor@188a0fde-Monitor] INFO  server.JvmPauseMonitor (JvmPauseMonitor.java:run(129)) - Starting Ratis JVM pause monitor
2020-12-08 14:46:37,063 [Listener at 127.0.0.1/38785] INFO  ozone.MiniOzoneClusterImpl (MiniOzoneClusterImpl.java:lambda$waitForClusterToBeReady$0(178)) - Waiting for nodes to be ready. Got 0 of 7 DN Heartbeats.
2020-12-08 14:46:37,063 [Listener at 127.0.0.1/38785] INFO  ozone.MiniOzoneClusterImpl (MiniOzoneClusterImpl.java:lambda$waitForClusterToBeReady$0(181)) - Waiting for cluster to exit safe mode
2020-12-08 14:46:37,384 [EndpointStateMachine task thread for /0.0.0.0:44523 - 0 ] INFO  ozoneimpl.OzoneContainer (OzoneContainer.java:start(243)) - Attempting to start container services.
2020-12-08 14:46:37,384 [EndpointStateMachine task thread for /0.0.0.0:44523 - 0 ] INFO  ozoneimpl.OzoneContainer (OzoneContainer.java:startContainerScrub(207)) - Background container scanner has been disabled.
2020-12-08 14:46:37,385 [EndpointStateMachine task thread for /0.0.0.0:44523 - 0 ] INFO  ratis.XceiverServerRatis (XceiverServerRatis.java:start(456)) - Starting XceiverServerRatis e06d1ff1-a20f-4588-91bb-f8f9c9d2192c at port 0
2020-12-08 14:46:37,386 [EndpointStateMachine task thread for /0.0.0.0:44523 - 0 ] INFO  impl.RaftServerProxy (RaftServerProxy.java:lambda$start$3(321)) - e06d1ff1-a20f-4588-91bb-f8f9c9d2192c: start RPC server
2020-12-08 14:46:37,386 [EndpointStateMachine task thread for /0.0.0.0:44523 - 0 ] INFO  server.GrpcService (GrpcService.java:startImpl(177)) - e06d1ff1-a20f-4588-91bb-f8f9c9d2192c: GrpcService started, listening on 0.0.0.0/0.0.0.0:39309
2020-12-08 14:46:37,387 [EndpointStateMachine task thread for /0.0.0.0:44523 - 0 ] INFO  ratis.XceiverServerRatis (XceiverServerRatis.java:start(468)) - XceiverServerRatis e06d1ff1-a20f-4588-91bb-f8f9c9d2192c is started using port 39309
2020-12-08 14:46:37,387 [EndpointStateMachine task thread for /0.0.0.0:44523 - 0 ] INFO  server.XceiverServerGrpc (XceiverServerGrpc.java:start(145)) - XceiverServerGrpc e06d1ff1-a20f-4588-91bb-f8f9c9d2192c is started using port 33839
2020-12-08 14:46:37,387 [org.apache.ratis.server.JvmPauseMonitor@447fa20-Monitor] INFO  server.RaftServerConfigKeys (ConfUtils.java:logGet(44)) - raft.server.leaderelection.leader.step-down.wait-time = 10s (default)
2020-12-08 14:46:37,388 [org.apache.ratis.server.JvmPauseMonitor@447fa20-Monitor] INFO  server.RaftServerConfigKeys (ConfUtils.java:logGet(44)) - raft.server.rpc.slowness.timeout = 300s (custom)
2020-12-08 14:46:37,388 [org.apache.ratis.server.JvmPauseMonitor@447fa20-Monitor] INFO  server.JvmPauseMonitor (JvmPauseMonitor.java:run(129)) - Starting Ratis JVM pause monitor
2020-12-08 14:46:37,612 [EndpointStateMachine task thread for /0.0.0.0:44523 - 0 ] INFO  ozoneimpl.OzoneContainer (OzoneContainer.java:start(243)) - Attempting to start container services.
2020-12-08 14:46:37,612 [EndpointStateMachine task thread for /0.0.0.0:44523 - 0 ] INFO  ozoneimpl.OzoneContainer (OzoneContainer.java:startContainerScrub(207)) - Background container scanner has been disabled.
2020-12-08 14:46:37,612 [EndpointStateMachine task thread for /0.0.0.0:44523 - 0 ] INFO  ratis.XceiverServerRatis (XceiverServerRatis.java:start(456)) - Starting XceiverServerRatis 197ed019-3b66-4a5a-8ebb-716a9f0e2ab5 at port 0
2020-12-08 14:46:37,613 [EndpointStateMachine task thread for /0.0.0.0:44523 - 0 ] INFO  impl.RaftServerProxy (RaftServerProxy.java:lambda$start$3(321)) - 197ed019-3b66-4a5a-8ebb-716a9f0e2ab5: start RPC server
2020-12-08 14:46:37,614 [EndpointStateMachine task thread for /0.0.0.0:44523 - 0 ] INFO  server.GrpcService (GrpcService.java:startImpl(177)) - 197ed019-3b66-4a5a-8ebb-716a9f0e2ab5: GrpcService started, listening on 0.0.0.0/0.0.0.0:37931
2020-12-08 14:46:37,614 [EndpointStateMachine task thread for /0.0.0.0:44523 - 0 ] INFO  ratis.XceiverServerRatis (XceiverServerRatis.java:start(468)) - XceiverServerRatis 197ed019-3b66-4a5a-8ebb-716a9f0e2ab5 is started using port 37931
2020-12-08 14:46:37,615 [org.apache.ratis.server.JvmPauseMonitor@4adf5f27-Monitor] INFO  server.RaftServerConfigKeys (ConfUtils.java:logGet(44)) - raft.server.leaderelection.leader.step-down.wait-time = 10s (default)
2020-12-08 14:46:37,616 [org.apache.ratis.server.JvmPauseMonitor@4adf5f27-Monitor] INFO  server.RaftServerConfigKeys (ConfUtils.java:logGet(44)) - raft.server.rpc.slowness.timeout = 300s (custom)
2020-12-08 14:46:37,616 [EndpointStateMachine task thread for /0.0.0.0:44523 - 0 ] INFO  server.XceiverServerGrpc (XceiverServerGrpc.java:start(145)) - XceiverServerGrpc 197ed019-3b66-4a5a-8ebb-716a9f0e2ab5 is started using port 34141
2020-12-08 14:46:37,616 [org.apache.ratis.server.JvmPauseMonitor@4adf5f27-Monitor] INFO  server.JvmPauseMonitor (JvmPauseMonitor.java:run(129)) - Starting Ratis JVM pause monitor
2020-12-08 14:46:37,859 [EndpointStateMachine task thread for /0.0.0.0:44523 - 0 ] INFO  ozoneimpl.OzoneContainer (OzoneContainer.java:start(243)) - Attempting to start container services.
2020-12-08 14:46:37,859 [EndpointStateMachine task thread for /0.0.0.0:44523 - 0 ] INFO  ozoneimpl.OzoneContainer (OzoneContainer.java:startContainerScrub(207)) - Background container scanner has been disabled.
2020-12-08 14:46:37,860 [EndpointStateMachine task thread for /0.0.0.0:44523 - 0 ] INFO  ratis.XceiverServerRatis (XceiverServerRatis.java:start(456)) - Starting XceiverServerRatis bba845ab-d614-4a63-bf49-d4775724033f at port 0
2020-12-08 14:46:37,860 [EndpointStateMachine task thread for /0.0.0.0:44523 - 0 ] INFO  impl.RaftServerProxy (RaftServerProxy.java:lambda$start$3(321)) - bba845ab-d614-4a63-bf49-d4775724033f: start RPC server
2020-12-08 14:46:37,861 [EndpointStateMachine task thread for /0.0.0.0:44523 - 0 ] INFO  server.GrpcService (GrpcService.java:startImpl(177)) - bba845ab-d614-4a63-bf49-d4775724033f: GrpcService started, listening on 0.0.0.0/0.0.0.0:35129
2020-12-08 14:46:37,862 [EndpointStateMachine task thread for /0.0.0.0:44523 - 0 ] INFO  ratis.XceiverServerRatis (XceiverServerRatis.java:start(468)) - XceiverServerRatis bba845ab-d614-4a63-bf49-d4775724033f is started using port 35129
2020-12-08 14:46:37,863 [EndpointStateMachine task thread for /0.0.0.0:44523 - 0 ] INFO  server.XceiverServerGrpc (XceiverServerGrpc.java:start(145)) - XceiverServerGrpc bba845ab-d614-4a63-bf49-d4775724033f is started using port 42281
2020-12-08 14:46:37,867 [org.apache.ratis.server.JvmPauseMonitor@3746d0ec-Monitor] INFO  server.RaftServerConfigKeys (ConfUtils.java:logGet(44)) - raft.server.leaderelection.leader.step-down.wait-time = 10s (default)
2020-12-08 14:46:37,868 [org.apache.ratis.server.JvmPauseMonitor@3746d0ec-Monitor] INFO  server.RaftServerConfigKeys (ConfUtils.java:logGet(44)) - raft.server.rpc.slowness.timeout = 300s (custom)
2020-12-08 14:46:37,868 [org.apache.ratis.server.JvmPauseMonitor@3746d0ec-Monitor] INFO  server.JvmPauseMonitor (JvmPauseMonitor.java:run(129)) - Starting Ratis JVM pause monitor
2020-12-08 14:46:38,064 [Listener at 127.0.0.1/38785] INFO  ozone.MiniOzoneClusterImpl (MiniOzoneClusterImpl.java:lambda$waitForClusterToBeReady$0(178)) - Waiting for nodes to be ready. Got 0 of 7 DN Heartbeats.
2020-12-08 14:46:38,064 [Listener at 127.0.0.1/38785] INFO  ozone.MiniOzoneClusterImpl (MiniOzoneClusterImpl.java:lambda$waitForClusterToBeReady$0(181)) - Waiting for cluster to exit safe mode
2020-12-08 14:46:38,075 [EndpointStateMachine task thread for /0.0.0.0:44523 - 0 ] INFO  ozoneimpl.OzoneContainer (OzoneContainer.java:start(243)) - Attempting to start container services.
2020-12-08 14:46:38,075 [EndpointStateMachine task thread for /0.0.0.0:44523 - 0 ] INFO  ozoneimpl.OzoneContainer (OzoneContainer.java:startContainerScrub(207)) - Background container scanner has been disabled.
2020-12-08 14:46:38,075 [EndpointStateMachine task thread for /0.0.0.0:44523 - 0 ] INFO  ratis.XceiverServerRatis (XceiverServerRatis.java:start(456)) - Starting XceiverServerRatis 56e78f60-04c2-4b0b-90ce-c38122db5462 at port 0
2020-12-08 14:46:38,078 [EndpointStateMachine task thread for /0.0.0.0:44523 - 0 ] INFO  impl.RaftServerProxy (RaftServerProxy.java:lambda$start$3(321)) - 56e78f60-04c2-4b0b-90ce-c38122db5462: start RPC server
2020-12-08 14:46:38,079 [EndpointStateMachine task thread for /0.0.0.0:44523 - 0 ] INFO  server.GrpcService (GrpcService.java:startImpl(177)) - 56e78f60-04c2-4b0b-90ce-c38122db5462: GrpcService started, listening on 0.0.0.0/0.0.0.0:33181
2020-12-08 14:46:38,079 [EndpointStateMachine task thread for /0.0.0.0:44523 - 0 ] INFO  ratis.XceiverServerRatis (XceiverServerRatis.java:start(468)) - XceiverServerRatis 56e78f60-04c2-4b0b-90ce-c38122db5462 is started using port 33181
2020-12-08 14:46:38,080 [org.apache.ratis.server.JvmPauseMonitor@6d036a9d-Monitor] INFO  server.RaftServerConfigKeys (ConfUtils.java:logGet(44)) - raft.server.leaderelection.leader.step-down.wait-time = 10s (default)
2020-12-08 14:46:38,080 [org.apache.ratis.server.JvmPauseMonitor@6d036a9d-Monitor] INFO  server.RaftServerConfigKeys (ConfUtils.java:logGet(44)) - raft.server.rpc.slowness.timeout = 300s (custom)
2020-12-08 14:46:38,081 [org.apache.ratis.server.JvmPauseMonitor@6d036a9d-Monitor] INFO  server.JvmPauseMonitor (JvmPauseMonitor.java:run(129)) - Starting Ratis JVM pause monitor
2020-12-08 14:46:38,080 [EndpointStateMachine task thread for /0.0.0.0:44523 - 0 ] INFO  server.XceiverServerGrpc (XceiverServerGrpc.java:start(145)) - XceiverServerGrpc 56e78f60-04c2-4b0b-90ce-c38122db5462 is started using port 39891
2020-12-08 14:46:38,611 [IPC Server handler 2 on default port 44523] INFO  net.NetworkTopologyImpl (NetworkTopologyImpl.java:add(111)) - Added a new node: /default-rack/4c010680-8565-4d64-a077-2e0de5ba36c4
2020-12-08 14:46:38,614 [IPC Server handler 2 on default port 44523] INFO  node.SCMNodeManager (SCMNodeManager.java:register(341)) - Registered Data node : 4c010680-8565-4d64-a077-2e0de5ba36c4{ip: 172.17.0.2, host: 68facfb2a37d, networkLocation: /default-rack, certSerialId: null, persistedOpState: IN_SERVICE, persistedOpStateExpiryEpochSec: 0}
2020-12-08 14:46:38,615 [EventQueue-NodeRegistrationContainerReportForContainerSafeModeRule] INFO  safemode.SCMSafeModeManager (SCMSafeModeManager.java:validateSafeModeExitRules(214)) - ContainerSafeModeRule rule is successfully validated
2020-12-08 14:46:38,615 [EventQueue-NodeRegistrationContainerReportForDataNodeSafeModeRule] INFO  safemode.SCMSafeModeManager (DataNodeSafeModeRule.java:process(71)) - SCM in safe mode. 1 DataNodes registered, 1 required.
2020-12-08 14:46:38,616 [RatisPipelineUtilsThread] INFO  pipeline.RatisPipelineProvider (RatisPipelineProvider.java:lambda$create$0(161)) - Sending CreatePipelineCommand for pipeline:PipelineID=3b7928d0-2109-423a-9782-1a944cdf527b to datanode:4c010680-8565-4d64-a077-2e0de5ba36c4
2020-12-08 14:46:38,620 [EventQueue-PipelineReportForOneReplicaPipelineSafeModeRule] INFO  safemode.SCMSafeModeManager (SCMSafeModeManager.java:validateSafeModeExitRules(214)) - AtleastOneDatanodeReportedRule rule is successfully validated
2020-12-08 14:46:38,620 [EventQueue-NodeRegistrationContainerReportForDataNodeSafeModeRule] INFO  safemode.SCMSafeModeManager (SCMSafeModeManager.java:validateSafeModeExitRules(214)) - DataNodeSafeModeRule rule is successfully validated
2020-12-08 14:46:38,620 [EventQueue-NodeRegistrationContainerReportForDataNodeSafeModeRule] INFO  safemode.SCMSafeModeManager (SCMSafeModeManager.java:completePreCheck(242)) - All SCM safe mode pre check rules have passed
2020-12-08 14:46:38,620 [RatisPipelineUtilsThread] INFO  pipeline.PipelineStateManager (PipelineStateManager.java:addPipeline(54)) - Created pipeline Pipeline[ Id: 3b7928d0-2109-423a-9782-1a944cdf527b, Nodes: 4c010680-8565-4d64-a077-2e0de5ba36c4{ip: 172.17.0.2, host: 68facfb2a37d, networkLocation: /default-rack, certSerialId: null, persistedOpState: IN_SERVICE, persistedOpStateExpiryEpochSec: 0}, Type:RATIS, Factor:ONE, State:ALLOCATED, leaderId:, CreationTimestamp2020-12-08T14:46:38.616Z]
2020-12-08 14:46:38,621 [RatisPipelineUtilsThread] WARN  pipeline.PipelinePlacementPolicy (PipelinePlacementPolicy.java:filterViableNodes(139)) - Pipeline creation failed due to no sufficient healthy datanodes. Required 3. Found 1.
2020-12-08 14:46:38,837 [IPC Server handler 3 on default port 44523] INFO  net.NetworkTopologyImpl (NetworkTopologyImpl.java:add(111)) - Added a new node: /default-rack/96090a9c-2d18-4831-8bfc-5d3d956af2b2
2020-12-08 14:46:38,837 [IPC Server handler 3 on default port 44523] INFO  node.SCMNodeManager (SCMNodeManager.java:register(341)) - Registered Data node : 96090a9c-2d18-4831-8bfc-5d3d956af2b2{ip: 172.17.0.2, host: 68facfb2a37d, networkLocation: /default-rack, certSerialId: null, persistedOpState: IN_SERVICE, persistedOpStateExpiryEpochSec: 0}
2020-12-08 14:46:38,837 [EventQueue-NodeRegistrationContainerReportForContainerSafeModeRule] INFO  safemode.SCMSafeModeManager (SCMSafeModeManager.java:validateSafeModeExitRules(214)) - ContainerSafeModeRule rule is successfully validated
2020-12-08 14:46:38,838 [EventQueue-PipelineReportForOneReplicaPipelineSafeModeRule] INFO  safemode.SCMSafeModeManager (SCMSafeModeManager.java:validateSafeModeExitRules(214)) - AtleastOneDatanodeReportedRule rule is successfully validated
2020-12-08 14:46:38,838 [EventQueue-NodeRegistrationContainerReportForDataNodeSafeModeRule] INFO  safemode.SCMSafeModeManager (SCMSafeModeManager.java:validateSafeModeExitRules(214)) - DataNodeSafeModeRule rule is successfully validated
2020-12-08 14:46:38,838 [RatisPipelineUtilsThread] INFO  pipeline.RatisPipelineProvider (RatisPipelineProvider.java:lambda$create$0(161)) - Sending CreatePipelineCommand for pipeline:PipelineID=f2b1e072-b900-4449-9412-97fdb82827d5 to datanode:96090a9c-2d18-4831-8bfc-5d3d956af2b2
2020-12-08 14:46:38,839 [RatisPipelineUtilsThread] INFO  pipeline.PipelineStateManager (PipelineStateManager.java:addPipeline(54)) - Created pipeline Pipeline[ Id: f2b1e072-b900-4449-9412-97fdb82827d5, Nodes: 96090a9c-2d18-4831-8bfc-5d3d956af2b2{ip: 172.17.0.2, host: 68facfb2a37d, networkLocation: /default-rack, certSerialId: null, persistedOpState: IN_SERVICE, persistedOpStateExpiryEpochSec: 0}, Type:RATIS, Factor:ONE, State:ALLOCATED, leaderId:, CreationTimestamp2020-12-08T14:46:38.838Z]
2020-12-08 14:46:38,839 [RatisPipelineUtilsThread] WARN  pipeline.PipelinePlacementPolicy (PipelinePlacementPolicy.java:filterViableNodes(139)) - Pipeline creation failed due to no sufficient healthy datanodes. Required 3. Found 2.
2020-12-08 14:46:39,042 [IPC Server handler 4 on default port 44523] INFO  net.NetworkTopologyImpl (NetworkTopologyImpl.java:add(111)) - Added a new node: /default-rack/e7bab1e1-cb53-462e-811b-33706ea421b6
2020-12-08 14:46:39,042 [IPC Server handler 4 on default port 44523] INFO  node.SCMNodeManager (SCMNodeManager.java:register(341)) - Registered Data node : e7bab1e1-cb53-462e-811b-33706ea421b6{ip: 172.17.0.2, host: 68facfb2a37d, networkLocation: /default-rack, certSerialId: null, persistedOpState: IN_SERVICE, persistedOpStateExpiryEpochSec: 0}
2020-12-08 14:46:39,042 [EventQueue-NodeRegistrationContainerReportForContainerSafeModeRule] INFO  safemode.SCMSafeModeManager (SCMSafeModeManager.java:validateSafeModeExitRules(214)) - ContainerSafeModeRule rule is successfully validated
2020-12-08 14:46:39,043 [EventQueue-PipelineReportForOneReplicaPipelineSafeModeRule] INFO  safemode.SCMSafeModeManager (SCMSafeModeManager.java:validateSafeModeExitRules(214)) - AtleastOneDatanodeReportedRule rule is successfully validated
2020-12-08 14:46:39,044 [EventQueue-NodeRegistrationContainerReportForDataNodeSafeModeRule] INFO  safemode.SCMSafeModeManager (SCMSafeModeManager.java:validateSafeModeExitRules(214)) - DataNodeSafeModeRule rule is successfully validated
2020-12-08 14:46:39,044 [RatisPipelineUtilsThread] INFO  pipeline.RatisPipelineProvider (RatisPipelineProvider.java:lambda$create$0(161)) - Sending CreatePipelineCommand for pipeline:PipelineID=1d03f5db-0716-4910-b075-bd06936a4b22 to datanode:e7bab1e1-cb53-462e-811b-33706ea421b6
2020-12-08 14:46:39,045 [RatisPipelineUtilsThread] INFO  pipeline.PipelineStateManager (PipelineStateManager.java:addPipeline(54)) - Created pipeline Pipeline[ Id: 1d03f5db-0716-4910-b075-bd06936a4b22, Nodes: e7bab1e1-cb53-462e-811b-33706ea421b6{ip: 172.17.0.2, host: 68facfb2a37d, networkLocation: /default-rack, certSerialId: null, persistedOpState: IN_SERVICE, persistedOpStateExpiryEpochSec: 0}, Type:RATIS, Factor:ONE, State:ALLOCATED, leaderId:, CreationTimestamp2020-12-08T14:46:39.044Z]
2020-12-08 14:46:39,045 [RatisPipelineUtilsThread] INFO  pipeline.RatisPipelineProvider (RatisPipelineProvider.java:lambda$create$0(161)) - Sending CreatePipelineCommand for pipeline:PipelineID=2a4f07f3-31a7-4c26-acdb-ae8bfc6110d3 to datanode:4c010680-8565-4d64-a077-2e0de5ba36c4
2020-12-08 14:46:39,046 [RatisPipelineUtilsThread] INFO  pipeline.RatisPipelineProvider (RatisPipelineProvider.java:lambda$create$0(161)) - Sending CreatePipelineCommand for pipeline:PipelineID=2a4f07f3-31a7-4c26-acdb-ae8bfc6110d3 to datanode:96090a9c-2d18-4831-8bfc-5d3d956af2b2
2020-12-08 14:46:39,046 [RatisPipelineUtilsThread] INFO  pipeline.RatisPipelineProvider (RatisPipelineProvider.java:lambda$create$0(161)) - Sending CreatePipelineCommand for pipeline:PipelineID=2a4f07f3-31a7-4c26-acdb-ae8bfc6110d3 to datanode:e7bab1e1-cb53-462e-811b-33706ea421b6
2020-12-08 14:46:39,046 [RatisPipelineUtilsThread] INFO  pipeline.PipelineStateManager (PipelineStateManager.java:addPipeline(54)) - Created pipeline Pipeline[ Id: 2a4f07f3-31a7-4c26-acdb-ae8bfc6110d3, Nodes: 4c010680-8565-4d64-a077-2e0de5ba36c4{ip: 172.17.0.2, host: 68facfb2a37d, networkLocation: /default-rack, certSerialId: null, persistedOpState: IN_SERVICE, persistedOpStateExpiryEpochSec: 0}96090a9c-2d18-4831-8bfc-5d3d956af2b2{ip: 172.17.0.2, host: 68facfb2a37d, networkLocation: /default-rack, certSerialId: null, persistedOpState: IN_SERVICE, persistedOpStateExpiryEpochSec: 0}e7bab1e1-cb53-462e-811b-33706ea421b6{ip: 172.17.0.2, host: 68facfb2a37d, networkLocation: /default-rack, certSerialId: null, persistedOpState: IN_SERVICE, persistedOpStateExpiryEpochSec: 0}, Type:RATIS, Factor:THREE, State:ALLOCATED, leaderId:, CreationTimestamp2020-12-08T14:46:39.045Z]
2020-12-08 14:46:39,064 [Listener at 127.0.0.1/38785] INFO  ozone.MiniOzoneClusterImpl (MiniOzoneClusterImpl.java:lambda$waitForClusterToBeReady$0(178)) - Waiting for nodes to be ready. Got 3 of 7 DN Heartbeats.
2020-12-08 14:46:39,064 [Listener at 127.0.0.1/38785] INFO  ozone.MiniOzoneClusterImpl (MiniOzoneClusterImpl.java:lambda$waitForClusterToBeReady$0(181)) - Waiting for cluster to exit safe mode
2020-12-08 14:46:39,383 [IPC Server handler 0 on default port 44523] INFO  net.NetworkTopologyImpl (NetworkTopologyImpl.java:add(111)) - Added a new node: /default-rack/e06d1ff1-a20f-4588-91bb-f8f9c9d2192c
2020-12-08 14:46:39,384 [IPC Server handler 0 on default port 44523] INFO  node.SCMNodeManager (SCMNodeManager.java:register(341)) - Registered Data node : e06d1ff1-a20f-4588-91bb-f8f9c9d2192c{ip: 172.17.0.2, host: 68facfb2a37d, networkLocation: /default-rack, certSerialId: null, persistedOpState: IN_SERVICE, persistedOpStateExpiryEpochSec: 0}
2020-12-08 14:46:39,384 [EventQueue-NodeRegistrationContainerReportForContainerSafeModeRule] INFO  safemode.SCMSafeModeManager (SCMSafeModeManager.java:validateSafeModeExitRules(214)) - ContainerSafeModeRule rule is successfully validated
2020-12-08 14:46:39,385 [EventQueue-NodeRegistrationContainerReportForDataNodeSafeModeRule] INFO  safemode.SCMSafeModeManager (SCMSafeModeManager.java:validateSafeModeExitRules(214)) - DataNodeSafeModeRule rule is successfully validated
2020-12-08 14:46:39,385 [EventQueue-PipelineReportForOneReplicaPipelineSafeModeRule] INFO  safemode.SCMSafeModeManager (SCMSafeModeManager.java:validateSafeModeExitRules(214)) - AtleastOneDatanodeReportedRule rule is successfully validated
2020-12-08 14:46:39,385 [RatisPipelineUtilsThread] INFO  pipeline.RatisPipelineProvider (RatisPipelineProvider.java:lambda$create$0(161)) - Sending CreatePipelineCommand for pipeline:PipelineID=3e443ad5-7cfe-4886-a437-d809ffeca223 to datanode:e06d1ff1-a20f-4588-91bb-f8f9c9d2192c
2020-12-08 14:46:39,386 [RatisPipelineUtilsThread] INFO  pipeline.PipelineStateManager (PipelineStateManager.java:addPipeline(54)) - Created pipeline Pipeline[ Id: 3e443ad5-7cfe-4886-a437-d809ffeca223, Nodes: e06d1ff1-a20f-4588-91bb-f8f9c9d2192c{ip: 172.17.0.2, host: 68facfb2a37d, networkLocation: /default-rack, certSerialId: null, persistedOpState: IN_SERVICE, persistedOpStateExpiryEpochSec: 0}, Type:RATIS, Factor:ONE, State:ALLOCATED, leaderId:, CreationTimestamp2020-12-08T14:46:39.385Z]
2020-12-08 14:46:39,609 [IPC Server handler 1 on default port 44523] INFO  net.NetworkTopologyImpl (NetworkTopologyImpl.java:add(111)) - Added a new node: /default-rack/197ed019-3b66-4a5a-8ebb-716a9f0e2ab5
2020-12-08 14:46:39,609 [IPC Server handler 1 on default port 44523] INFO  node.SCMNodeManager (SCMNodeManager.java:register(341)) - Registered Data node : 197ed019-3b66-4a5a-8ebb-716a9f0e2ab5{ip: 172.17.0.2, host: 68facfb2a37d, networkLocation: /default-rack, certSerialId: null, persistedOpState: IN_SERVICE, persistedOpStateExpiryEpochSec: 0}
2020-12-08 14:46:39,610 [RatisPipelineUtilsThread] INFO  pipeline.RatisPipelineProvider (RatisPipelineProvider.java:lambda$create$0(161)) - Sending CreatePipelineCommand for pipeline:PipelineID=2c8f51b3-ea37-4368-9537-65ffe85408c7 to datanode:197ed019-3b66-4a5a-8ebb-716a9f0e2ab5
2020-12-08 14:46:39,610 [EventQueue-NodeRegistrationContainerReportForContainerSafeModeRule] INFO  safemode.SCMSafeModeManager (SCMSafeModeManager.java:validateSafeModeExitRules(214)) - ContainerSafeModeRule rule is successfully validated
2020-12-08 14:46:39,610 [EventQueue-NodeRegistrationContainerReportForDataNodeSafeModeRule] INFO  safemode.SCMSafeModeManager (SCMSafeModeManager.java:validateSafeModeExitRules(214)) - DataNodeSafeModeRule rule is successfully validated
2020-12-08 14:46:39,610 [EventQueue-PipelineReportForOneReplicaPipelineSafeModeRule] INFO  safemode.SCMSafeModeManager (SCMSafeModeManager.java:validateSafeModeExitRules(214)) - AtleastOneDatanodeReportedRule rule is successfully validated
2020-12-08 14:46:39,610 [RatisPipelineUtilsThread] INFO  pipeline.PipelineStateManager (PipelineStateManager.java:addPipeline(54)) - Created pipeline Pipeline[ Id: 2c8f51b3-ea37-4368-9537-65ffe85408c7, Nodes: 197ed019-3b66-4a5a-8ebb-716a9f0e2ab5{ip: 172.17.0.2, host: 68facfb2a37d, networkLocation: /default-rack, certSerialId: null, persistedOpState: IN_SERVICE, persistedOpStateExpiryEpochSec: 0}, Type:RATIS, Factor:ONE, State:ALLOCATED, leaderId:, CreationTimestamp2020-12-08T14:46:39.610Z]
2020-12-08 14:46:39,857 [IPC Server handler 4 on default port 44523] INFO  net.NetworkTopologyImpl (NetworkTopologyImpl.java:add(111)) - Added a new node: /default-rack/bba845ab-d614-4a63-bf49-d4775724033f
2020-12-08 14:46:39,858 [IPC Server handler 4 on default port 44523] INFO  node.SCMNodeManager (SCMNodeManager.java:register(341)) - Registered Data node : bba845ab-d614-4a63-bf49-d4775724033f{ip: 172.17.0.2, host: 68facfb2a37d, networkLocation: /default-rack, certSerialId: null, persistedOpState: IN_SERVICE, persistedOpStateExpiryEpochSec: 0}
2020-12-08 14:46:39,858 [RatisPipelineUtilsThread] INFO  pipeline.RatisPipelineProvider (RatisPipelineProvider.java:lambda$create$0(161)) - Sending CreatePipelineCommand for pipeline:PipelineID=9fdef4d8-79ef-4402-848d-90eac9c2894e to datanode:bba845ab-d614-4a63-bf49-d4775724033f
2020-12-08 14:46:39,858 [EventQueue-NodeRegistrationContainerReportForContainerSafeModeRule] INFO  safemode.SCMSafeModeManager (SCMSafeModeManager.java:validateSafeModeExitRules(214)) - ContainerSafeModeRule rule is successfully validated
2020-12-08 14:46:39,859 [EventQueue-PipelineReportForOneReplicaPipelineSafeModeRule] INFO  safemode.SCMSafeModeManager (SCMSafeModeManager.java:validateSafeModeExitRules(214)) - AtleastOneDatanodeReportedRule rule is successfully validated
2020-12-08 14:46:39,859 [EventQueue-NodeRegistrationContainerReportForDataNodeSafeModeRule] INFO  safemode.SCMSafeModeManager (SCMSafeModeManager.java:validateSafeModeExitRules(214)) - DataNodeSafeModeRule rule is successfully validated
2020-12-08 14:46:39,859 [RatisPipelineUtilsThread] INFO  pipeline.PipelineStateManager (PipelineStateManager.java:addPipeline(54)) - Created pipeline Pipeline[ Id: 9fdef4d8-79ef-4402-848d-90eac9c2894e, Nodes: bba845ab-d614-4a63-bf49-d4775724033f{ip: 172.17.0.2, host: 68facfb2a37d, networkLocation: /default-rack, certSerialId: null, persistedOpState: IN_SERVICE, persistedOpStateExpiryEpochSec: 0}, Type:RATIS, Factor:ONE, State:ALLOCATED, leaderId:, CreationTimestamp2020-12-08T14:46:39.858Z]
2020-12-08 14:46:39,860 [RatisPipelineUtilsThread] INFO  pipeline.RatisPipelineProvider (RatisPipelineProvider.java:lambda$create$0(161)) - Sending CreatePipelineCommand for pipeline:PipelineID=b06d860b-ea87-4438-ac4a-37e6dba041d2 to datanode:197ed019-3b66-4a5a-8ebb-716a9f0e2ab5
2020-12-08 14:46:39,860 [RatisPipelineUtilsThread] INFO  pipeline.RatisPipelineProvider (RatisPipelineProvider.java:lambda$create$0(161)) - Sending CreatePipelineCommand for pipeline:PipelineID=b06d860b-ea87-4438-ac4a-37e6dba041d2 to datanode:bba845ab-d614-4a63-bf49-d4775724033f
2020-12-08 14:46:39,861 [RatisPipelineUtilsThread] INFO  pipeline.RatisPipelineProvider (RatisPipelineProvider.java:lambda$create$0(161)) - Sending CreatePipelineCommand for pipeline:PipelineID=b06d860b-ea87-4438-ac4a-37e6dba041d2 to datanode:e06d1ff1-a20f-4588-91bb-f8f9c9d2192c
2020-12-08 14:46:39,861 [RatisPipelineUtilsThread] INFO  pipeline.PipelineStateManager (PipelineStateManager.java:addPipeline(54)) - Created pipeline Pipeline[ Id: b06d860b-ea87-4438-ac4a-37e6dba041d2, Nodes: 197ed019-3b66-4a5a-8ebb-716a9f0e2ab5{ip: 172.17.0.2, host: 68facfb2a37d, networkLocation: /default-rack, certSerialId: null, persistedOpState: IN_SERVICE, persistedOpStateExpiryEpochSec: 0}bba845ab-d614-4a63-bf49-d4775724033f{ip: 172.17.0.2, host: 68facfb2a37d, networkLocation: /default-rack, certSerialId: null, persistedOpState: IN_SERVICE, persistedOpStateExpiryEpochSec: 0}e06d1ff1-a20f-4588-91bb-f8f9c9d2192c{ip: 172.17.0.2, host: 68facfb2a37d, networkLocation: /default-rack, certSerialId: null, persistedOpState: IN_SERVICE, persistedOpStateExpiryEpochSec: 0}, Type:RATIS, Factor:THREE, State:ALLOCATED, leaderId:, CreationTimestamp2020-12-08T14:46:39.860Z]
2020-12-08 14:46:40,064 [Listener at 127.0.0.1/38785] INFO  ozone.MiniOzoneClusterImpl (MiniOzoneClusterImpl.java:lambda$waitForClusterToBeReady$0(178)) - Waiting for nodes to be ready. Got 6 of 7 DN Heartbeats.
2020-12-08 14:46:40,065 [Listener at 127.0.0.1/38785] INFO  ozone.MiniOzoneClusterImpl (MiniOzoneClusterImpl.java:lambda$waitForClusterToBeReady$0(181)) - Waiting for cluster to exit safe mode
2020-12-08 14:46:40,073 [IPC Server handler 5 on default port 44523] INFO  net.NetworkTopologyImpl (NetworkTopologyImpl.java:add(111)) - Added a new node: /default-rack/56e78f60-04c2-4b0b-90ce-c38122db5462
2020-12-08 14:46:40,074 [IPC Server handler 5 on default port 44523] INFO  node.SCMNodeManager (SCMNodeManager.java:register(341)) - Registered Data node : 56e78f60-04c2-4b0b-90ce-c38122db5462{ip: 172.17.0.2, host: 68facfb2a37d, networkLocation: /default-rack, certSerialId: null, persistedOpState: IN_SERVICE, persistedOpStateExpiryEpochSec: 0}
2020-12-08 14:46:40,075 [EventQueue-PipelineReportForOneReplicaPipelineSafeModeRule] INFO  safemode.SCMSafeModeManager (SCMSafeModeManager.java:validateSafeModeExitRules(214)) - AtleastOneDatanodeReportedRule rule is successfully validated
2020-12-08 14:46:40,075 [EventQueue-NodeRegistrationContainerReportForContainerSafeModeRule] INFO  safemode.SCMSafeModeManager (SCMSafeModeManager.java:validateSafeModeExitRules(214)) - ContainerSafeModeRule rule is successfully validated
2020-12-08 14:46:40,075 [EventQueue-NodeRegistrationContainerReportForDataNodeSafeModeRule] INFO  safemode.SCMSafeModeManager (SCMSafeModeManager.java:validateSafeModeExitRules(214)) - DataNodeSafeModeRule rule is successfully validated
2020-12-08 14:46:40,076 [RatisPipelineUtilsThread] INFO  pipeline.RatisPipelineProvider (RatisPipelineProvider.java:lambda$create$0(161)) - Sending CreatePipelineCommand for pipeline:PipelineID=29100af8-f690-4ee9-8414-8b94e86a2cf7 to datanode:56e78f60-04c2-4b0b-90ce-c38122db5462
2020-12-08 14:46:40,076 [RatisPipelineUtilsThread] INFO  pipeline.PipelineStateManager (PipelineStateManager.java:addPipeline(54)) - Created pipeline Pipeline[ Id: 29100af8-f690-4ee9-8414-8b94e86a2cf7, Nodes: 56e78f60-04c2-4b0b-90ce-c38122db5462{ip: 172.17.0.2, host: 68facfb2a37d, networkLocation: /default-rack, certSerialId: null, persistedOpState: IN_SERVICE, persistedOpStateExpiryEpochSec: 0}, Type:RATIS, Factor:ONE, State:ALLOCATED, leaderId:, CreationTimestamp2020-12-08T14:46:40.076Z]
2020-12-08 14:46:41,065 [Listener at 127.0.0.1/38785] INFO  ozone.MiniOzoneClusterImpl (MiniOzoneClusterImpl.java:lambda$waitForClusterToBeReady$0(178)) - Nodes are ready. Got 7 of 7 DN Heartbeats.
2020-12-08 14:46:41,065 [Listener at 127.0.0.1/38785] INFO  ozone.MiniOzoneClusterImpl (MiniOzoneClusterImpl.java:lambda$waitForClusterToBeReady$0(181)) - Waiting for cluster to exit safe mode
2020-12-08 14:46:41,612 [Command processor thread] INFO  impl.RaftServerProxy (RaftServerProxy.java:addNew(93)) - 4c010680-8565-4d64-a077-2e0de5ba36c4: addNew group-1A944CDF527B:[4c010680-8565-4d64-a077-2e0de5ba36c4|rpc:172.17.0.2:39775] returns group-1A944CDF527B:java.util.concurrent.CompletableFuture@663ff36e[Not completed]
2020-12-08 14:46:41,614 [pool-177-thread-1] INFO  impl.RaftServerImpl (RaftServerImpl.java:<init>(121)) - 4c010680-8565-4d64-a077-2e0de5ba36c4: new RaftServerImpl for group-1A944CDF527B:[4c010680-8565-4d64-a077-2e0de5ba36c4|rpc:172.17.0.2:39775] with ContainerStateMachine:uninitialized
2020-12-08 14:46:41,615 [pool-177-thread-1] INFO  server.RaftServerConfigKeys (ConfUtils.java:logGet(44)) - raft.server.rpc.timeout.min = 5s (custom)
2020-12-08 14:46:41,615 [pool-177-thread-1] INFO  server.RaftServerConfigKeys (ConfUtils.java:logGet(44)) - raft.server.rpc.timeout.max = 5200ms (custom)
2020-12-08 14:46:41,616 [pool-177-thread-1] INFO  server.RaftServerConfigKeys (ConfUtils.java:logGet(44)) - raft.server.rpc.slowness.timeout = 300s (custom)
2020-12-08 14:46:41,616 [pool-177-thread-1] INFO  server.RaftServerConfigKeys (ConfUtils.java:logGet(44)) - raft.server.leaderelection.leader.step-down.wait-time = 10s (default)
2020-12-08 14:46:41,616 [pool-177-thread-1] INFO  server.RaftServerConfigKeys (ConfUtils.java:logGet(44)) - raft.server.sleep.deviation.threshold = 300 (default)
2020-12-08 14:46:41,616 [pool-177-thread-1] INFO  server.RaftServerConfigKeys (ConfUtils.java:logGet(44)) - raft.server.log.appender.install.snapshot.enabled = false (custom)
2020-12-08 14:46:41,616 [pool-177-thread-1] INFO  impl.RaftServerImpl (ServerState.java:<init>(104)) - 4c010680-8565-4d64-a077-2e0de5ba36c4@group-1A944CDF527B: ConfigurationManager, init=-1: [4c010680-8565-4d64-a077-2e0de5ba36c4|rpc:172.17.0.2:39775], old=null, confs=<EMPTY_MAP>
2020-12-08 14:46:41,616 [pool-177-thread-1] INFO  server.RaftServerConfigKeys (ConfUtils.java:logGet(44)) - raft.server.storage.dir = [/github/workspace/mnt/ozone/hadoop-ozone/integration-test/target/test-dir/MiniOzoneClusterImpl-cfd0bfd1-2e20-40f2-b3a5-c30c0e76baf6/datanode-0/data/ratis] (custom)
2020-12-08 14:46:41,616 [pool-177-thread-1] INFO  server.RaftServerConfigKeys (ConfUtils.java:logGet(44)) - raft.server.log.corruption.policy = EXCEPTION (default)
2020-12-08 14:46:41,616 [pool-177-thread-1] INFO  storage.RaftStorageDirectory (RaftStorageDirectory.java:analyzeStorage(261)) - The storage directory /github/workspace/mnt/ozone/hadoop-ozone/integration-test/target/test-dir/MiniOzoneClusterImpl-cfd0bfd1-2e20-40f2-b3a5-c30c0e76baf6/datanode-0/data/ratis/3b7928d0-2109-423a-9782-1a944cdf527b does not exist. Creating ...
2020-12-08 14:46:41,617 [pool-177-thread-1] INFO  storage.RaftStorageDirectory (RaftStorageDirectory.java:tryLock(343)) - Lock on /github/workspace/mnt/ozone/hadoop-ozone/integration-test/target/test-dir/MiniOzoneClusterImpl-cfd0bfd1-2e20-40f2-b3a5-c30c0e76baf6/datanode-0/data/ratis/3b7928d0-2109-423a-9782-1a944cdf527b/in_use.lock acquired by nodename 15020@68facfb2a37d
2020-12-08 14:46:41,618 [pool-177-thread-1] INFO  storage.RaftStorage (RaftStorage.java:format(85)) - Storage directory /github/workspace/mnt/ozone/hadoop-ozone/integration-test/target/test-dir/MiniOzoneClusterImpl-cfd0bfd1-2e20-40f2-b3a5-c30c0e76baf6/datanode-0/data/ratis/3b7928d0-2109-423a-9782-1a944cdf527b has been successfully formatted.
2020-12-08 14:46:41,619 [pool-177-thread-1] INFO  ratis.ContainerStateMachine (ContainerStateMachine.java:loadSnapshot(225)) - group-1A944CDF527B: The snapshot info is null. Setting the last applied indexto:(t:0, i:~)
2020-12-08 14:46:41,622 [EventQueue-PipelineReportForPipelineReportHandler] INFO  pipeline.PipelineStateManager (PipelineStateManager.java:openPipeline(132)) - Pipeline Pipeline[ Id: 3b7928d0-2109-423a-9782-1a944cdf527b, Nodes: 4c010680-8565-4d64-a077-2e0de5ba36c4{ip: 172.17.0.2, host: 68facfb2a37d, networkLocation: /default-rack, certSerialId: null, persistedOpState: IN_SERVICE, persistedOpStateExpiryEpochSec: 0}, Type:RATIS, Factor:ONE, State:ALLOCATED, leaderId:4c010680-8565-4d64-a077-2e0de5ba36c4, CreationTimestamp2020-12-08T14:46:38.616Z] moved to OPEN state
2020-12-08 14:46:41,622 [pool-177-thread-1] INFO  server.RaftServerConfigKeys (ConfUtils.java:logGet(44)) - raft.server.notification.no-leader.timeout = 300s (custom)
2020-12-08 14:46:41,622 [EventQueue-PipelineReportForOneReplicaPipelineSafeModeRule] INFO  safemode.SCMSafeModeManager (SCMSafeModeManager.java:validateSafeModeExitRules(214)) - AtleastOneDatanodeReportedRule rule is successfully validated
2020-12-08 14:46:41,622 [pool-177-thread-1] INFO  server.RaftServerConfigKeys (ConfUtils.java:logGet(44)) - raft.server.log.use.memory = false (default)
2020-12-08 14:46:41,623 [pool-177-thread-1] INFO  server.RaftServerConfigKeys (ConfUtils.java:logGet(44)) - raft.server.log.purge.gap = 1000000 (custom)
2020-12-08 14:46:41,623 [pool-177-thread-1] INFO  metrics.RatisMetrics (RatisMetrics.java:lambda$create$0(36)) - Creating Metrics Registry : ratis.log_worker.4c010680-8565-4d64-a077-2e0de5ba36c4@group-1A944CDF527B
2020-12-08 14:46:41,623 [EventQueue-OpenPipelineForHealthyPipelineSafeModeRule] INFO  safemode.SCMSafeModeManager (HealthyPipelineSafeModeRule.java:process(128)) - SCM in safe mode. Healthy pipelines reported count is 0, required healthy pipeline reported count is 1
2020-12-08 14:46:41,626 [pool-177-thread-1] INFO  server.RaftServerConfigKeys (ConfUtils.java:logGet(44)) - raft.server.log.appender.buffer.byte-limit = 33554432 (custom)
2020-12-08 14:46:41,626 [pool-177-thread-1] INFO  server.RaftServerConfigKeys (ConfUtils.java:logGet(44)) - raft.server.log.segment.size.max = 1048576 (custom)
2020-12-08 14:46:41,627 [pool-177-thread-1] INFO  server.RaftServerConfigKeys (ConfUtils.java:logGet(44)) - raft.server.log.segment.cache.num.max = 2 (custom)
2020-12-08 14:46:41,627 [pool-177-thread-1] INFO  segmented.SegmentedRaftLogWorker (SegmentedRaftLogWorker.java:<init>(180)) - new 4c010680-8565-4d64-a077-2e0de5ba36c4@group-1A944CDF527B-SegmentedRaftLogWorker for RaftStorage:Storage Directory /github/workspace/mnt/ozone/hadoop-ozone/integration-test/target/test-dir/MiniOzoneClusterImpl-cfd0bfd1-2e20-40f2-b3a5-c30c0e76baf6/datanode-0/data/ratis/3b7928d0-2109-423a-9782-1a944cdf527b
2020-12-08 14:46:41,627 [pool-177-thread-1] INFO  server.RaftServerConfigKeys (ConfUtils.java:logGet(44)) - raft.server.log.queue.byte-limit = 2147483647 (custom)
2020-12-08 14:46:41,627 [pool-177-thread-1] INFO  server.RaftServerConfigKeys (ConfUtils.java:logGet(44)) - raft.server.log.queue.element-limit = 1024 (custom)
2020-12-08 14:46:41,627 [pool-177-thread-1] INFO  server.RaftServerConfigKeys (ConfUtils.java:logGet(44)) - raft.server.log.segment.size.max = 1048576 (custom)
2020-12-08 14:46:41,627 [pool-177-thread-1] INFO  server.RaftServerConfigKeys (ConfUtils.java:logGet(44)) - raft.server.log.preallocated.size = 16384 (custom)
2020-12-08 14:46:41,627 [pool-177-thread-1] INFO  server.RaftServerConfigKeys (ConfUtils.java:logGet(44)) - raft.server.log.write.buffer.size = 1048576 (custom)
2020-12-08 14:46:41,627 [pool-177-thread-1] INFO  server.RaftServerConfigKeys (ConfUtils.java:logGet(44)) - raft.server.log.force.sync.num = 128 (default)
2020-12-08 14:46:41,627 [pool-177-thread-1] INFO  server.RaftServerConfigKeys (ConfUtils.java:logGet(44)) - raft.server.log.statemachine.data.sync = true (default)
2020-12-08 14:46:41,628 [pool-177-thread-1] INFO  server.RaftServerConfigKeys (ConfUtils.java:logGet(44)) - raft.server.log.statemachine.data.sync.timeout = 10s (default)
2020-12-08 14:46:41,628 [pool-177-thread-1] INFO  server.RaftServerConfigKeys (ConfUtils.java:logGet(44)) - raft.server.log.statemachine.data.sync.timeout.retry = -1 (default)
2020-12-08 14:46:41,629 [pool-177-thread-1] INFO  server.RaftServerConfigKeys (ConfUtils.java:logGet(44)) - raft.server.log.statemachine.data.caching.enabled = true (custom)
2020-12-08 14:46:41,630 [pool-177-thread-1] INFO  segmented.SegmentedRaftLogWorker (SegmentedRaftLogWorker.java:lambda$new$0(129)) - 4c010680-8565-4d64-a077-2e0de5ba36c4@group-1A944CDF527B-SegmentedRaftLogWorker: flushIndex: setUnconditionally 0 -> -1
2020-12-08 14:46:41,630 [pool-177-thread-1] INFO  segmented.SegmentedRaftLogWorker (SegmentedRaftLogWorker.java:lambda$new$0(129)) - 4c010680-8565-4d64-a077-2e0de5ba36c4@group-1A944CDF527B-SegmentedRaftLogWorker: safeCacheEvictIndex: setUnconditionally 0 -> -1
2020-12-08 14:46:41,630 [pool-177-thread-1] INFO  server.RaftServerConfigKeys (ConfUtils.java:logGet(44)) - raft.server.snapshot.auto.trigger.enabled = true (custom)
2020-12-08 14:46:41,630 [pool-177-thread-1] INFO  server.RaftServerConfigKeys (ConfUtils.java:logGet(44)) - raft.server.snapshot.auto.trigger.threshold = 10000 (custom)
2020-12-08 14:46:41,630 [pool-177-thread-1] INFO  server.RaftServerConfigKeys (ConfUtils.java:logGet(44)) - raft.server.snapshot.retention.file.num = 5 (custom)
2020-12-08 14:46:41,630 [pool-177-thread-1] INFO  server.RaftServerConfigKeys (ConfUtils.java:logGet(44)) - raft.server.log.purge.upto.snapshot.index = false (default)
2020-12-08 14:46:41,630 [pool-177-thread-1] INFO  server.RaftServerConfigKeys (ConfUtils.java:logGet(44)) - raft.server.retrycache.expirytime = 600000ms (custom)
2020-12-08 14:46:41,630 [pool-177-thread-1] INFO  metrics.RatisMetrics (RatisMetrics.java:lambda$create$0(36)) - Creating Metrics Registry : ratis.leader_election.4c010680-8565-4d64-a077-2e0de5ba36c4@group-1A944CDF527B
2020-12-08 14:46:41,631 [pool-177-thread-1] INFO  metrics.RatisMetrics (RatisMetrics.java:lambda$create$0(36)) - Creating Metrics Registry : ratis.server.4c010680-8565-4d64-a077-2e0de5ba36c4@group-1A944CDF527B
2020-12-08 14:46:41,632 [pool-177-thread-1] INFO  impl.RaftServerImpl (RaftServerImpl.java:start(215)) - 4c010680-8565-4d64-a077-2e0de5ba36c4@group-1A944CDF527B: start as a follower, conf=-1: [4c010680-8565-4d64-a077-2e0de5ba36c4|rpc:172.17.0.2:39775], old=null
2020-12-08 14:46:41,632 [pool-177-thread-1] INFO  impl.RaftServerImpl (RaftServerImpl.java:setRole(204)) - 4c010680-8565-4d64-a077-2e0de5ba36c4@group-1A944CDF527B: changes role from      null to FOLLOWER at term 0 for startAsFollower
2020-12-08 14:46:41,632 [pool-177-thread-1] INFO  impl.RoleInfo (RoleInfo.java:updateAndGet(143)) - 4c010680-8565-4d64-a077-2e0de5ba36c4: start 4c010680-8565-4d64-a077-2e0de5ba36c4@group-1A944CDF527B-FollowerState
2020-12-08 14:46:41,632 [pool-177-thread-1] INFO  util.JmxRegister (JmxRegister.java:tryRegister(44)) - Successfully registered JMX Bean with object name Ratis:service=RaftServer,group=group-1A944CDF527B,id=4c010680-8565-4d64-a077-2e0de5ba36c4
2020-12-08 14:46:41,633 [pool-177-thread-1] INFO  metrics.RatisMetrics (RatisMetrics.java:lambda$create$0(36)) - Creating Metrics Registry : ratis.state_machine.4c010680-8565-4d64-a077-2e0de5ba36c4@group-1A944CDF527B
2020-12-08 14:46:41,636 [Command processor thread] INFO  commandhandler.CreatePipelineCommandHandler (CreatePipelineCommandHandler.java:handle(106)) - Created Pipeline RATIS ONE PipelineID=3b7928d0-2109-423a-9782-1a944cdf527b.
2020-12-08 14:46:41,636 [Command processor thread] INFO  impl.RaftServerProxy (RaftServerProxy.java:addNew(93)) - 4c010680-8565-4d64-a077-2e0de5ba36c4: addNew group-AE8BFC6110D3:[96090a9c-2d18-4831-8bfc-5d3d956af2b2|rpc:172.17.0.2:44413, 4c010680-8565-4d64-a077-2e0de5ba36c4|rpc:172.17.0.2:39775, e7bab1e1-cb53-462e-811b-33706ea421b6|rpc:172.17.0.2:36527] returns group-AE8BFC6110D3:java.util.concurrent.CompletableFuture@62006b71[Not completed]
2020-12-08 14:46:41,637 [pool-177-thread-1] INFO  impl.RaftServerImpl (RaftServerImpl.java:<init>(121)) - 4c010680-8565-4d64-a077-2e0de5ba36c4: new RaftServerImpl for group-AE8BFC6110D3:[96090a9c-2d18-4831-8bfc-5d3d956af2b2|rpc:172.17.0.2:44413, 4c010680-8565-4d64-a077-2e0de5ba36c4|rpc:172.17.0.2:39775, e7bab1e1-cb53-462e-811b-33706ea421b6|rpc:172.17.0.2:36527] with ContainerStateMachine:uninitialized
2020-12-08 14:46:41,637 [pool-177-thread-1] INFO  server.RaftServerConfigKeys (ConfUtils.java:logGet(44)) - raft.server.rpc.timeout.min = 5s (custom)
2020-12-08 14:46:41,637 [pool-177-thread-1] INFO  server.RaftServerConfigKeys (ConfUtils.java:logGet(44)) - raft.server.rpc.timeout.max = 5200ms (custom)
2020-12-08 14:46:41,637 [pool-177-thread-1] INFO  server.RaftServerConfigKeys (ConfUtils.java:logGet(44)) - raft.server.rpc.slowness.timeout = 300s (custom)
2020-12-08 14:46:41,637 [pool-177-thread-1] INFO  server.RaftServerConfigKeys (ConfUtils.java:logGet(44)) - raft.server.leaderelection.leader.step-down.wait-time = 10s (default)
2020-12-08 14:46:41,637 [pool-177-thread-1] INFO  server.RaftServerConfigKeys (ConfUtils.java:logGet(44)) - raft.server.sleep.deviation.threshold = 300 (default)
2020-12-08 14:46:41,637 [pool-177-thread-1] INFO  server.RaftServerConfigKeys (ConfUtils.java:logGet(44)) - raft.server.log.appender.install.snapshot.enabled = false (custom)
2020-12-08 14:46:41,637 [pool-177-thread-1] INFO  impl.RaftServerImpl (ServerState.java:<init>(104)) - 4c010680-8565-4d64-a077-2e0de5ba36c4@group-AE8BFC6110D3: ConfigurationManager, init=-1: [96090a9c-2d18-4831-8bfc-5d3d956af2b2|rpc:172.17.0.2:44413, 4c010680-8565-4d64-a077-2e0de5ba36c4|rpc:172.17.0.2:39775, e7bab1e1-cb53-462e-811b-33706ea421b6|rpc:172.17.0.2:36527], old=null, confs=<EMPTY_MAP>
2020-12-08 14:46:41,637 [pool-177-thread-1] INFO  server.RaftServerConfigKeys (ConfUtils.java:logGet(44)) - raft.server.storage.dir = [/github/workspace/mnt/ozone/hadoop-ozone/integration-test/target/test-dir/MiniOzoneClusterImpl-cfd0bfd1-2e20-40f2-b3a5-c30c0e76baf6/datanode-0/data/ratis] (custom)
2020-12-08 14:46:41,637 [pool-177-thread-1] INFO  server.RaftServerConfigKeys (ConfUtils.java:logGet(44)) - raft.server.log.corruption.policy = EXCEPTION (default)
2020-12-08 14:46:41,637 [pool-177-thread-1] INFO  storage.RaftStorageDirectory (RaftStorageDirectory.java:analyzeStorage(261)) - The storage directory /github/workspace/mnt/ozone/hadoop-ozone/integration-test/target/test-dir/MiniOzoneClusterImpl-cfd0bfd1-2e20-40f2-b3a5-c30c0e76baf6/datanode-0/data/ratis/2a4f07f3-31a7-4c26-acdb-ae8bfc6110d3 does not exist. Creating ...
2020-12-08 14:46:41,638 [pool-177-thread-1] INFO  storage.RaftStorageDirectory (RaftStorageDirectory.java:tryLock(343)) - Lock on /github/workspace/mnt/ozone/hadoop-ozone/integration-test/target/test-dir/MiniOzoneClusterImpl-cfd0bfd1-2e20-40f2-b3a5-c30c0e76baf6/datanode-0/data/ratis/2a4f07f3-31a7-4c26-acdb-ae8bfc6110d3/in_use.lock acquired by nodename 15020@68facfb2a37d
2020-12-08 14:46:41,639 [pool-177-thread-1] INFO  storage.RaftStorage (RaftStorage.java:format(85)) - Storage directory /github/workspace/mnt/ozone/hadoop-ozone/integration-test/target/test-dir/MiniOzoneClusterImpl-cfd0bfd1-2e20-40f2-b3a5-c30c0e76baf6/datanode-0/data/ratis/2a4f07f3-31a7-4c26-acdb-ae8bfc6110d3 has been successfully formatted.
2020-12-08 14:46:41,640 [pool-177-thread-1] INFO  ratis.ContainerStateMachine (ContainerStateMachine.java:loadSnapshot(225)) - group-AE8BFC6110D3: The snapshot info is null. Setting the last applied indexto:(t:0, i:~)
2020-12-08 14:46:41,640 [pool-177-thread-1] INFO  server.RaftServerConfigKeys (ConfUtils.java:logGet(44)) - raft.server.notification.no-leader.timeout = 300s (custom)
2020-12-08 14:46:41,640 [EventQueue-PipelineReportForOneReplicaPipelineSafeModeRule] INFO  safemode.SCMSafeModeManager (SCMSafeModeManager.java:validateSafeModeExitRules(214)) - AtleastOneDatanodeReportedRule rule is successfully validated
2020-12-08 14:46:41,641 [EventQueue-OpenPipelineForHealthyPipelineSafeModeRule] INFO  safemode.SCMSafeModeManager (HealthyPipelineSafeModeRule.java:process(128)) - SCM in safe mode. Healthy pipelines reported count is 0, required healthy pipeline reported count is 1
2020-12-08 14:46:41,641 [pool-177-thread-1] INFO  server.RaftServerConfigKeys (ConfUtils.java:logGet(44)) - raft.server.log.use.memory = false (default)
2020-12-08 14:46:41,641 [pool-177-thread-1] INFO  server.RaftServerConfigKeys (ConfUtils.java:logGet(44)) - raft.server.log.purge.gap = 1000000 (custom)
2020-12-08 14:46:41,641 [pool-177-thread-1] INFO  metrics.RatisMetrics (RatisMetrics.java:lambda$create$0(36)) - Creating Metrics Registry : ratis.log_worker.4c010680-8565-4d64-a077-2e0de5ba36c4@group-AE8BFC6110D3
2020-12-08 14:46:41,641 [pool-177-thread-1] INFO  server.RaftServerConfigKeys (ConfUtils.java:logGet(44)) - raft.server.log.appender.buffer.byte-limit = 33554432 (custom)
2020-12-08 14:46:41,641 [pool-177-thread-1] INFO  server.RaftServerConfigKeys (ConfUtils.java:logGet(44)) - raft.server.log.segment.size.max = 1048576 (custom)
2020-12-08 14:46:41,642 [pool-177-thread-1] INFO  server.RaftServerConfigKeys (ConfUtils.java:logGet(44)) - raft.server.log.segment.cache.num.max = 2 (custom)
2020-12-08 14:46:41,642 [pool-177-thread-1] INFO  segmented.SegmentedRaftLogWorker (SegmentedRaftLogWorker.java:<init>(180)) - new 4c010680-8565-4d64-a077-2e0de5ba36c4@group-AE8BFC6110D3-SegmentedRaftLogWorker for RaftStorage:Storage Directory /github/workspace/mnt/ozone/hadoop-ozone/integration-test/target/test-dir/MiniOzoneClusterImpl-cfd0bfd1-2e20-40f2-b3a5-c30c0e76baf6/datanode-0/data/ratis/2a4f07f3-31a7-4c26-acdb-ae8bfc6110d3
2020-12-08 14:46:41,642 [pool-177-thread-1] INFO  server.RaftServerConfigKeys (ConfUtils.java:logGet(44)) - raft.server.log.queue.byte-limit = 2147483647 (custom)
2020-12-08 14:46:41,642 [pool-177-thread-1] INFO  server.RaftServerConfigKeys (ConfUtils.java:logGet(44)) - raft.server.log.queue.element-limit = 1024 (custom)
2020-12-08 14:46:41,642 [pool-177-thread-1] INFO  server.RaftServerConfigKeys (ConfUtils.java:logGet(44)) - raft.server.log.segment.size.max = 1048576 (custom)
2020-12-08 14:46:41,642 [pool-177-thread-1] INFO  server.RaftServerConfigKeys (ConfUtils.java:logGet(44)) - raft.server.log.preallocated.size = 16384 (custom)
2020-12-08 14:46:41,642 [pool-177-thread-1] INFO  server.RaftServerConfigKeys (ConfUtils.java:logGet(44)) - raft.server.log.write.buffer.size = 1048576 (custom)
2020-12-08 14:46:41,642 [pool-177-thread-1] INFO  server.RaftServerConfigKeys (ConfUtils.java:logGet(44)) - raft.server.log.force.sync.num = 128 (default)
2020-12-08 14:46:41,642 [pool-177-thread-1] INFO  server.RaftServerConfigKeys (ConfUtils.java:logGet(44)) - raft.server.log.statemachine.data.sync = true (default)
2020-12-08 14:46:41,642 [pool-177-thread-1] INFO  server.RaftServerConfigKeys (ConfUtils.java:logGet(44)) - raft.server.log.statemachine.data.sync.timeout = 10s (default)
2020-12-08 14:46:41,642 [pool-177-thread-1] INFO  server.RaftServerConfigKeys (ConfUtils.java:logGet(44)) - raft.server.log.statemachine.data.sync.timeout.retry = -1 (default)
2020-12-08 14:46:41,644 [pool-177-thread-1] INFO  server.RaftServerConfigKeys (ConfUtils.java:logGet(44)) - raft.server.log.statemachine.data.caching.enabled = true (custom)
2020-12-08 14:46:41,645 [pool-177-thread-1] INFO  segmented.SegmentedRaftLogWorker (SegmentedRaftLogWorker.java:lambda$new$0(129)) - 4c010680-8565-4d64-a077-2e0de5ba36c4@group-AE8BFC6110D3-SegmentedRaftLogWorker: flushIndex: setUnconditionally 0 -> -1
2020-12-08 14:46:41,645 [pool-177-thread-1] INFO  segmented.SegmentedRaftLogWorker (SegmentedRaftLogWorker.java:lambda$new$0(129)) - 4c010680-8565-4d64-a077-2e0de5ba36c4@group-AE8BFC6110D3-SegmentedRaftLogWorker: safeCacheEvictIndex: setUnconditionally 0 -> -1
2020-12-08 14:46:41,645 [pool-177-thread-1] INFO  server.RaftServerConfigKeys (ConfUtils.java:logGet(44)) - raft.server.snapshot.auto.trigger.enabled = true (custom)
2020-12-08 14:46:41,645 [pool-177-thread-1] INFO  server.RaftServerConfigKeys (ConfUtils.java:logGet(44)) - raft.server.snapshot.auto.trigger.threshold = 10000 (custom)
2020-12-08 14:46:41,645 [pool-177-thread-1] INFO  server.RaftServerConfigKeys (ConfUtils.java:logGet(44)) - raft.server.snapshot.retention.file.num = 5 (custom)
2020-12-08 14:46:41,645 [pool-177-thread-1] INFO  server.RaftServerConfigKeys (ConfUtils.java:logGet(44)) - raft.server.log.purge.upto.snapshot.index = false (default)
2020-12-08 14:46:41,645 [pool-177-thread-1] INFO  server.RaftServerConfigKeys (ConfUtils.java:logGet(44)) - raft.server.retrycache.expirytime = 600000ms (custom)
2020-12-08 14:46:41,645 [pool-177-thread-1] INFO  metrics.RatisMetrics (RatisMetrics.java:lambda$create$0(36)) - Creating Metrics Registry : ratis.leader_election.4c010680-8565-4d64-a077-2e0de5ba36c4@group-AE8BFC6110D3
2020-12-08 14:46:41,646 [pool-177-thread-1] INFO  metrics.RatisMetrics (RatisMetrics.java:lambda$create$0(36)) - Creating Metrics Registry : ratis.server.4c010680-8565-4d64-a077-2e0de5ba36c4@group-AE8BFC6110D3
2020-12-08 14:46:41,647 [pool-177-thread-1] INFO  impl.RaftServerImpl (RaftServerImpl.java:start(215)) - 4c010680-8565-4d64-a077-2e0de5ba36c4@group-AE8BFC6110D3: start as a follower, conf=-1: [96090a9c-2d18-4831-8bfc-5d3d956af2b2|rpc:172.17.0.2:44413, 4c010680-8565-4d64-a077-2e0de5ba36c4|rpc:172.17.0.2:39775, e7bab1e1-cb53-462e-811b-33706ea421b6|rpc:172.17.0.2:36527], old=null
2020-12-08 14:46:41,647 [pool-177-thread-1] INFO  impl.RaftServerImpl (RaftServerImpl.java:setRole(204)) - 4c010680-8565-4d64-a077-2e0de5ba36c4@group-AE8BFC6110D3: changes role from      null to FOLLOWER at term 0 for startAsFollower
2020-12-08 14:46:41,647 [pool-177-thread-1] INFO  impl.RoleInfo (RoleInfo.java:updateAndGet(143)) - 4c010680-8565-4d64-a077-2e0de5ba36c4: start 4c010680-8565-4d64-a077-2e0de5ba36c4@group-AE8BFC6110D3-FollowerState
2020-12-08 14:46:41,647 [pool-177-thread-1] INFO  util.JmxRegister (JmxRegister.java:tryRegister(44)) - Successfully registered JMX Bean with object name Ratis:service=RaftServer,group=group-AE8BFC6110D3,id=4c010680-8565-4d64-a077-2e0de5ba36c4
2020-12-08 14:46:41,647 [pool-177-thread-1] INFO  metrics.RatisMetrics (RatisMetrics.java:lambda$create$0(36)) - Creating Metrics Registry : ratis.state_machine.4c010680-8565-4d64-a077-2e0de5ba36c4@group-AE8BFC6110D3
2020-12-08 14:46:41,651 [Command processor thread] INFO  metrics.RatisMetrics (RatisMetrics.java:lambda$create$0(36)) - Creating Metrics Registry : ratis.client_message_metrics.client-25C664FF1F24->96090a9c-2d18-4831-8bfc-5d3d956af2b2
2020-12-08 14:46:41,659 [grpc-default-executor-1] INFO  metrics.RatisMetrics (RatisMetrics.java:lambda$create$0(36)) - Creating Metrics Registry : ratis.server_message_metrics.96090a9c-2d18-4831-8bfc-5d3d956af2b2
2020-12-08 14:46:41,661 [grpc-default-executor-1] INFO  impl.RaftServerProxy (RaftServerProxy.java:addNew(93)) - 96090a9c-2d18-4831-8bfc-5d3d956af2b2: addNew group-AE8BFC6110D3:[96090a9c-2d18-4831-8bfc-5d3d956af2b2|rpc:172.17.0.2:44413|dataStream:, 4c010680-8565-4d64-a077-2e0de5ba36c4|rpc:172.17.0.2:39775|dataStream:, e7bab1e1-cb53-462e-811b-33706ea421b6|rpc:172.17.0.2:36527|dataStream:] returns group-AE8BFC6110D3:java.util.concurrent.CompletableFuture@1f0ea8c9[Not completed]
2020-12-08 14:46:41,664 [pool-193-thread-1] INFO  impl.RaftServerImpl (RaftServerImpl.java:<init>(121)) - 96090a9c-2d18-4831-8bfc-5d3d956af2b2: new RaftServerImpl for group-AE8BFC6110D3:[96090a9c-2d18-4831-8bfc-5d3d956af2b2|rpc:172.17.0.2:44413|dataStream:, 4c010680-8565-4d64-a077-2e0de5ba36c4|rpc:172.17.0.2:39775|dataStream:, e7bab1e1-cb53-462e-811b-33706ea421b6|rpc:172.17.0.2:36527|dataStream:] with ContainerStateMachine:uninitialized
2020-12-08 14:46:41,665 [pool-193-thread-1] INFO  server.RaftServerConfigKeys (ConfUtils.java:logGet(44)) - raft.server.rpc.timeout.min = 5s (custom)
2020-12-08 14:46:41,665 [pool-193-thread-1] INFO  server.RaftServerConfigKeys (ConfUtils.java:logGet(44)) - raft.server.rpc.timeout.max = 5200ms (custom)
2020-12-08 14:46:41,665 [pool-193-thread-1] INFO  server.RaftServerConfigKeys (ConfUtils.java:logGet(44)) - raft.server.rpc.slowness.timeout = 300s (custom)
2020-12-08 14:46:41,665 [pool-193-thread-1] INFO  server.RaftServerConfigKeys (ConfUtils.java:logGet(44)) - raft.server.leaderelection.leader.step-down.wait-time = 10s (default)
2020-12-08 14:46:41,665 [pool-193-thread-1] INFO  server.RaftServerConfigKeys (ConfUtils.java:logGet(44)) - raft.server.sleep.deviation.threshold = 300 (default)
2020-12-08 14:46:41,665 [pool-193-thread-1] INFO  server.RaftServerConfigKeys (ConfUtils.java:logGet(44)) - raft.server.log.appender.install.snapshot.enabled = false (custom)
2020-12-08 14:46:41,665 [pool-193-thread-1] INFO  impl.RaftServerImpl (ServerState.java:<init>(104)) - 96090a9c-2d18-4831-8bfc-5d3d956af2b2@group-AE8BFC6110D3: ConfigurationManager, init=-1: [96090a9c-2d18-4831-8bfc-5d3d956af2b2|rpc:172.17.0.2:44413|dataStream:, 4c010680-8565-4d64-a077-2e0de5ba36c4|rpc:172.17.0.2:39775|dataStream:, e7bab1e1-cb53-462e-811b-33706ea421b6|rpc:172.17.0.2:36527|dataStream:], old=null, confs=<EMPTY_MAP>
2020-12-08 14:46:41,665 [pool-193-thread-1] INFO  server.RaftServerConfigKeys (ConfUtils.java:logGet(44)) - raft.server.storage.dir = [/github/workspace/mnt/ozone/hadoop-ozone/integration-test/target/test-dir/MiniOzoneClusterImpl-cfd0bfd1-2e20-40f2-b3a5-c30c0e76baf6/datanode-1/data/ratis] (custom)
2020-12-08 14:46:41,665 [pool-193-thread-1] INFO  server.RaftServerConfigKeys (ConfUtils.java:logGet(44)) - raft.server.log.corruption.policy = EXCEPTION (default)
2020-12-08 14:46:41,666 [pool-193-thread-1] INFO  storage.RaftStorageDirectory (RaftStorageDirectory.java:analyzeStorage(261)) - The storage directory /github/workspace/mnt/ozone/hadoop-ozone/integration-test/target/test-dir/MiniOzoneClusterImpl-cfd0bfd1-2e20-40f2-b3a5-c30c0e76baf6/datanode-1/data/ratis/2a4f07f3-31a7-4c26-acdb-ae8bfc6110d3 does not exist. Creating ...
2020-12-08 14:46:41,667 [pool-193-thread-1] INFO  storage.RaftStorageDirectory (RaftStorageDirectory.java:tryLock(343)) - Lock on /github/workspace/mnt/ozone/hadoop-ozone/integration-test/target/test-dir/MiniOzoneClusterImpl-cfd0bfd1-2e20-40f2-b3a5-c30c0e76baf6/datanode-1/data/ratis/2a4f07f3-31a7-4c26-acdb-ae8bfc6110d3/in_use.lock acquired by nodename 15020@68facfb2a37d
2020-12-08 14:46:41,668 [pool-193-thread-1] INFO  storage.RaftStorage (RaftStorage.java:format(85)) - Storage directory /github/workspace/mnt/ozone/hadoop-ozone/integration-test/target/test-dir/MiniOzoneClusterImpl-cfd0bfd1-2e20-40f2-b3a5-c30c0e76baf6/datanode-1/data/ratis/2a4f07f3-31a7-4c26-acdb-ae8bfc6110d3 has been successfully formatted.
2020-12-08 14:46:41,668 [pool-193-thread-1] INFO  ratis.ContainerStateMachine (ContainerStateMachine.java:loadSnapshot(225)) - group-AE8BFC6110D3: The snapshot info is null. Setting the last applied indexto:(t:0, i:~)
2020-12-08 14:46:41,669 [pool-193-thread-1] INFO  server.RaftServerConfigKeys (ConfUtils.java:logGet(44)) - raft.server.notification.no-leader.timeout = 300s (custom)
2020-12-08 14:46:41,669 [pool-193-thread-1] INFO  server.RaftServerConfigKeys (ConfUtils.java:logGet(44)) - raft.server.log.use.memory = false (default)
2020-12-08 14:46:41,669 [pool-193-thread-1] INFO  server.RaftServerConfigKeys (ConfUtils.java:logGet(44)) - raft.server.log.purge.gap = 1000000 (custom)
2020-12-08 14:46:41,669 [pool-193-thread-1] INFO  metrics.RatisMetrics (RatisMetrics.java:lambda$create$0(36)) - Creating Metrics Registry : ratis.log_worker.96090a9c-2d18-4831-8bfc-5d3d956af2b2@group-AE8BFC6110D3
2020-12-08 14:46:41,669 [EventQueue-PipelineReportForOneReplicaPipelineSafeModeRule] INFO  safemode.SCMSafeModeManager (SCMSafeModeManager.java:validateSafeModeExitRules(214)) - AtleastOneDatanodeReportedRule rule is successfully validated
2020-12-08 14:46:41,669 [pool-193-thread-1] INFO  server.RaftServerConfigKeys (ConfUtils.java:logGet(44)) - raft.server.log.appender.buffer.byte-limit = 33554432 (custom)
2020-12-08 14:46:41,670 [pool-193-thread-1] INFO  server.RaftServerConfigKeys (ConfUtils.java:logGet(44)) - raft.server.log.segment.size.max = 1048576 (custom)
2020-12-08 14:46:41,670 [pool-193-thread-1] INFO  server.RaftServerConfigKeys (ConfUtils.java:logGet(44)) - raft.server.log.segment.cache.num.max = 2 (custom)
2020-12-08 14:46:41,670 [pool-193-thread-1] INFO  segmented.SegmentedRaftLogWorker (SegmentedRaftLogWorker.java:<init>(180)) - new 96090a9c-2d18-4831-8bfc-5d3d956af2b2@group-AE8BFC6110D3-SegmentedRaftLogWorker for RaftStorage:Storage Directory /github/workspace/mnt/ozone/hadoop-ozone/integration-test/target/test-dir/MiniOzoneClusterImpl-cfd0bfd1-2e20-40f2-b3a5-c30c0e76baf6/datanode-1/data/ratis/2a4f07f3-31a7-4c26-acdb-ae8bfc6110d3
2020-12-08 14:46:41,670 [pool-193-thread-1] INFO  server.RaftServerConfigKeys (ConfUtils.java:logGet(44)) - raft.server.log.queue.byte-limit = 2147483647 (custom)
2020-12-08 14:46:41,670 [pool-193-thread-1] INFO  server.RaftServerConfigKeys (ConfUtils.java:logGet(44)) - raft.server.log.queue.element-limit = 1024 (custom)
2020-12-08 14:46:41,670 [pool-193-thread-1] INFO  server.RaftServerConfigKeys (ConfUtils.java:logGet(44)) - raft.server.log.segment.size.max = 1048576 (custom)
2020-12-08 14:46:41,671 [pool-193-thread-1] INFO  server.RaftServerConfigKeys (ConfUtils.java:logGet(44)) - raft.server.log.preallocated.size = 16384 (custom)
2020-12-08 14:46:41,671 [pool-193-thread-1] INFO  server.RaftServerConfigKeys (ConfUtils.java:logGet(44)) - raft.server.log.write.buffer.size = 1048576 (custom)
2020-12-08 14:46:41,671 [pool-193-thread-1] INFO  server.RaftServerConfigKeys (ConfUtils.java:logGet(44)) - raft.server.log.force.sync.num = 128 (default)
2020-12-08 14:46:41,671 [pool-193-thread-1] INFO  server.RaftServerConfigKeys (ConfUtils.java:logGet(44)) - raft.server.log.statemachine.data.sync = true (default)
2020-12-08 14:46:41,671 [pool-193-thread-1] INFO  server.RaftServerConfigKeys (ConfUtils.java:logGet(44)) - raft.server.log.statemachine.data.sync.timeout = 10s (default)
2020-12-08 14:46:41,671 [pool-193-thread-1] INFO  server.RaftServerConfigKeys (ConfUtils.java:logGet(44)) - raft.server.log.statemachine.data.sync.timeout.retry = -1 (default)
2020-12-08 14:46:41,673 [pool-193-thread-1] INFO  server.RaftServerConfigKeys (ConfUtils.java:logGet(44)) - raft.server.log.statemachine.data.caching.enabled = true (custom)
2020-12-08 14:46:41,673 [pool-193-thread-1] INFO  segmented.SegmentedRaftLogWorker (SegmentedRaftLogWorker.java:lambda$new$0(129)) - 96090a9c-2d18-4831-8bfc-5d3d956af2b2@group-AE8BFC6110D3-SegmentedRaftLogWorker: flushIndex: setUnconditionally 0 -> -1
2020-12-08 14:46:41,673 [pool-193-thread-1] INFO  segmented.SegmentedRaftLogWorker (SegmentedRaftLogWorker.java:lambda$new$0(129)) - 96090a9c-2d18-4831-8bfc-5d3d956af2b2@group-AE8BFC6110D3-SegmentedRaftLogWorker: safeCacheEvictIndex: setUnconditionally 0 -> -1
2020-12-08 14:46:41,673 [pool-193-thread-1] INFO  server.RaftServerConfigKeys (ConfUtils.java:logGet(44)) - raft.server.snapshot.auto.trigger.enabled = true (custom)
2020-12-08 14:46:41,673 [pool-193-thread-1] INFO  server.RaftServerConfigKeys (ConfUtils.java:logGet(44)) - raft.server.snapshot.auto.trigger.threshold = 10000 (custom)
2020-12-08 14:46:41,673 [pool-193-thread-1] INFO  server.RaftServerConfigKeys (ConfUtils.java:logGet(44)) - raft.server.snapshot.retention.file.num = 5 (custom)
2020-12-08 14:46:41,673 [pool-193-thread-1] INFO  server.RaftServerConfigKeys (ConfUtils.java:logGet(44)) - raft.server.log.purge.upto.snapshot.index = false (default)
2020-12-08 14:46:41,673 [pool-193-thread-1] INFO  server.RaftServerConfigKeys (ConfUtils.java:logGet(44)) - raft.server.retrycache.expirytime = 600000ms (custom)
2020-12-08 14:46:41,673 [pool-193-thread-1] INFO  metrics.RatisMetrics (RatisMetrics.java:lambda$create$0(36)) - Creating Metrics Registry : ratis.leader_election.96090a9c-2d18-4831-8bfc-5d3d956af2b2@group-AE8BFC6110D3
2020-12-08 14:46:41,674 [pool-193-thread-1] INFO  metrics.RatisMetrics (RatisMetrics.java:lambda$create$0(36)) - Creating Metrics Registry : ratis.server.96090a9c-2d18-4831-8bfc-5d3d956af2b2@group-AE8BFC6110D3
2020-12-08 14:46:41,675 [pool-193-thread-1] INFO  impl.RaftServerImpl (RaftServerImpl.java:start(215)) - 96090a9c-2d18-4831-8bfc-5d3d956af2b2@group-AE8BFC6110D3: start as a follower, conf=-1: [96090a9c-2d18-4831-8bfc-5d3d956af2b2|rpc:172.17.0.2:44413|dataStream:, 4c010680-8565-4d64-a077-2e0de5ba36c4|rpc:172.17.0.2:39775|dataStream:, e7bab1e1-cb53-462e-811b-33706ea421b6|rpc:172.17.0.2:36527|dataStream:], old=null
2020-12-08 14:46:41,675 [pool-193-thread-1] INFO  impl.RaftServerImpl (RaftServerImpl.java:setRole(204)) - 96090a9c-2d18-4831-8bfc-5d3d956af2b2@group-AE8BFC6110D3: changes role from      null to FOLLOWER at term 0 for startAsFollower
2020-12-08 14:46:41,675 [pool-193-thread-1] INFO  impl.RoleInfo (RoleInfo.java:updateAndGet(143)) - 96090a9c-2d18-4831-8bfc-5d3d956af2b2: start 96090a9c-2d18-4831-8bfc-5d3d956af2b2@group-AE8BFC6110D3-FollowerState
2020-12-08 14:46:41,675 [pool-193-thread-1] INFO  util.JmxRegister (JmxRegister.java:tryRegister(44)) - Successfully registered JMX Bean with object name Ratis:service=RaftServer,group=group-AE8BFC6110D3,id=96090a9c-2d18-4831-8bfc-5d3d956af2b2
2020-12-08 14:46:41,675 [pool-193-thread-1] INFO  metrics.RatisMetrics (RatisMetrics.java:lambda$create$0(36)) - Creating Metrics Registry : ratis.state_machine.96090a9c-2d18-4831-8bfc-5d3d956af2b2@group-AE8BFC6110D3
2020-12-08 14:46:41,686 [Command processor thread] INFO  metrics.RatisMetrics (RatisMetrics.java:lambda$create$0(36)) - Creating Metrics Registry : ratis.client_message_metrics.client-BDF0102596D4->e7bab1e1-cb53-462e-811b-33706ea421b6
2020-12-08 14:46:41,691 [grpc-default-executor-1] INFO  metrics.RatisMetrics (RatisMetrics.java:lambda$create$0(36)) - Creating Metrics Registry : ratis.server_message_metrics.e7bab1e1-cb53-462e-811b-33706ea421b6
2020-12-08 14:46:41,694 [grpc-default-executor-1] INFO  impl.RaftServerProxy (RaftServerProxy.java:addNew(93)) - e7bab1e1-cb53-462e-811b-33706ea421b6: addNew group-AE8BFC6110D3:[96090a9c-2d18-4831-8bfc-5d3d956af2b2|rpc:172.17.0.2:44413|dataStream:, 4c010680-8565-4d64-a077-2e0de5ba36c4|rpc:172.17.0.2:39775|dataStream:, e7bab1e1-cb53-462e-811b-33706ea421b6|rpc:172.17.0.2:36527|dataStream:] returns group-AE8BFC6110D3:java.util.concurrent.CompletableFuture@1fbf43a3[Not completed]
2020-12-08 14:46:41,695 [pool-209-thread-1] INFO  impl.RaftServerImpl (RaftServerImpl.java:<init>(121)) - e7bab1e1-cb53-462e-811b-33706ea421b6: new RaftServerImpl for group-AE8BFC6110D3:[96090a9c-2d18-4831-8bfc-5d3d956af2b2|rpc:172.17.0.2:44413|dataStream:, 4c010680-8565-4d64-a077-2e0de5ba36c4|rpc:172.17.0.2:39775|dataStream:, e7bab1e1-cb53-462e-811b-33706ea421b6|rpc:172.17.0.2:36527|dataStream:] with ContainerStateMachine:uninitialized
2020-12-08 14:46:41,695 [pool-209-thread-1] INFO  server.RaftServerConfigKeys (ConfUtils.java:logGet(44)) - raft.server.rpc.timeout.min = 5s (custom)
2020-12-08 14:46:41,696 [pool-209-thread-1] INFO  server.RaftServerConfigKeys (ConfUtils.java:logGet(44)) - raft.server.rpc.timeout.max = 5200ms (custom)
2020-12-08 14:46:41,697 [pool-209-thread-1] INFO  server.RaftServerConfigKeys (ConfUtils.java:logGet(44)) - raft.server.rpc.slowness.timeout = 300s (custom)
2020-12-08 14:46:41,697 [pool-209-thread-1] INFO  server.RaftServerConfigKeys (ConfUtils.java:logGet(44)) - raft.server.leaderelection.leader.step-down.wait-time = 10s (default)
2020-12-08 14:46:41,698 [pool-209-thread-1] INFO  server.RaftServerConfigKeys (ConfUtils.java:logGet(44)) - raft.server.sleep.deviation.threshold = 300 (default)
2020-12-08 14:46:41,698 [pool-209-thread-1] INFO  server.RaftServerConfigKeys (ConfUtils.java:logGet(44)) - raft.server.log.appender.install.snapshot.enabled = false (custom)
2020-12-08 14:46:41,698 [pool-209-thread-1] INFO  impl.RaftServerImpl (ServerState.java:<init>(104)) - e7bab1e1-cb53-462e-811b-33706ea421b6@group-AE8BFC6110D3: ConfigurationManager, init=-1: [96090a9c-2d18-4831-8bfc-5d3d956af2b2|rpc:172.17.0.2:44413|dataStream:, 4c010680-8565-4d64-a077-2e0de5ba36c4|rpc:172.17.0.2:39775|dataStream:, e7bab1e1-cb53-462e-811b-33706ea421b6|rpc:172.17.0.2:36527|dataStream:], old=null, confs=<EMPTY_MAP>
2020-12-08 14:46:41,698 [pool-209-thread-1] INFO  server.RaftServerConfigKeys (ConfUtils.java:logGet(44)) - raft.server.storage.dir = [/github/workspace/mnt/ozone/hadoop-ozone/integration-test/target/test-dir/MiniOzoneClusterImpl-cfd0bfd1-2e20-40f2-b3a5-c30c0e76baf6/datanode-2/data/ratis] (custom)
2020-12-08 14:46:41,698 [pool-209-thread-1] INFO  server.RaftServerConfigKeys (ConfUtils.java:logGet(44)) - raft.server.log.corruption.policy = EXCEPTION (default)
2020-12-08 14:46:41,698 [pool-209-thread-1] INFO  storage.RaftStorageDirectory (RaftStorageDirectory.java:analyzeStorage(261)) - The storage directory /github/workspace/mnt/ozone/hadoop-ozone/integration-test/target/test-dir/MiniOzoneClusterImpl-cfd0bfd1-2e20-40f2-b3a5-c30c0e76baf6/datanode-2/data/ratis/2a4f07f3-31a7-4c26-acdb-ae8bfc6110d3 does not exist. Creating ...
2020-12-08 14:46:41,700 [pool-209-thread-1] INFO  storage.RaftStorageDirectory (RaftStorageDirectory.java:tryLock(343)) - Lock on /github/workspace/mnt/ozone/hadoop-ozone/integration-test/target/test-dir/MiniOzoneClusterImpl-cfd0bfd1-2e20-40f2-b3a5-c30c0e76baf6/datanode-2/data/ratis/2a4f07f3-31a7-4c26-acdb-ae8bfc6110d3/in_use.lock acquired by nodename 15020@68facfb2a37d
2020-12-08 14:46:41,701 [pool-209-thread-1] INFO  storage.RaftStorage (RaftStorage.java:format(85)) - Storage directory /github/workspace/mnt/ozone/hadoop-ozone/integration-test/target/test-dir/MiniOzoneClusterImpl-cfd0bfd1-2e20-40f2-b3a5-c30c0e76baf6/datanode-2/data/ratis/2a4f07f3-31a7-4c26-acdb-ae8bfc6110d3 has been successfully formatted.
2020-12-08 14:46:41,702 [pool-209-thread-1] INFO  ratis.ContainerStateMachine (ContainerStateMachine.java:loadSnapshot(225)) - group-AE8BFC6110D3: The snapshot info is null. Setting the last applied indexto:(t:0, i:~)
2020-12-08 14:46:41,703 [pool-209-thread-1] INFO  server.RaftServerConfigKeys (ConfUtils.java:logGet(44)) - raft.server.notification.no-leader.timeout = 300s (custom)
2020-12-08 14:46:41,703 [pool-209-thread-1] INFO  server.RaftServerConfigKeys (ConfUtils.java:logGet(44)) - raft.server.log.use.memory = false (default)
2020-12-08 14:46:41,703 [pool-209-thread-1] INFO  server.RaftServerConfigKeys (ConfUtils.java:logGet(44)) - raft.server.log.purge.gap = 1000000 (custom)
2020-12-08 14:46:41,703 [pool-209-thread-1] INFO  metrics.RatisMetrics (RatisMetrics.java:lambda$create$0(36)) - Creating Metrics Registry : ratis.log_worker.e7bab1e1-cb53-462e-811b-33706ea421b6@group-AE8BFC6110D3
2020-12-08 14:46:41,703 [pool-209-thread-1] INFO  server.RaftServerConfigKeys (ConfUtils.java:logGet(44)) - raft.server.log.appender.buffer.byte-limit = 33554432 (custom)
2020-12-08 14:46:41,703 [pool-209-thread-1] INFO  server.RaftServerConfigKeys (ConfUtils.java:logGet(44)) - raft.server.log.segment.size.max = 1048576 (custom)
2020-12-08 14:46:41,704 [pool-209-thread-1] INFO  server.RaftServerConfigKeys (ConfUtils.java:logGet(44)) - raft.server.log.segment.cache.num.max = 2 (custom)
2020-12-08 14:46:41,704 [pool-209-thread-1] INFO  segmented.SegmentedRaftLogWorker (SegmentedRaftLogWorker.java:<init>(180)) - new e7bab1e1-cb53-462e-811b-33706ea421b6@group-AE8BFC6110D3-SegmentedRaftLogWorker for RaftStorage:Storage Directory /github/workspace/mnt/ozone/hadoop-ozone/integration-test/target/test-dir/MiniOzoneClusterImpl-cfd0bfd1-2e20-40f2-b3a5-c30c0e76baf6/datanode-2/data/ratis/2a4f07f3-31a7-4c26-acdb-ae8bfc6110d3
2020-12-08 14:46:41,704 [pool-209-thread-1] INFO  server.RaftServerConfigKeys (ConfUtils.java:logGet(44)) - raft.server.log.queue.byte-limit = 2147483647 (custom)
2020-12-08 14:46:41,704 [pool-209-thread-1] INFO  server.RaftServerConfigKeys (ConfUtils.java:logGet(44)) - raft.server.log.queue.element-limit = 1024 (custom)
2020-12-08 14:46:41,704 [pool-209-thread-1] INFO  server.RaftServerConfigKeys (ConfUtils.java:logGet(44)) - raft.server.log.segment.size.max = 1048576 (custom)
2020-12-08 14:46:41,704 [pool-209-thread-1] INFO  server.RaftServerConfigKeys (ConfUtils.java:logGet(44)) - raft.server.log.preallocated.size = 16384 (custom)
2020-12-08 14:46:41,704 [pool-209-thread-1] INFO  server.RaftServerConfigKeys (ConfUtils.java:logGet(44)) - raft.server.log.write.buffer.size = 1048576 (custom)
2020-12-08 14:46:41,704 [pool-209-thread-1] INFO  server.RaftServerConfigKeys (ConfUtils.java:logGet(44)) - raft.server.log.force.sync.num = 128 (default)
2020-12-08 14:46:41,704 [pool-209-thread-1] INFO  server.RaftServerConfigKeys (ConfUtils.java:logGet(44)) - raft.server.log.statemachine.data.sync = true (default)
2020-12-08 14:46:41,704 [pool-209-thread-1] INFO  server.RaftServerConfigKeys (ConfUtils.java:logGet(44)) - raft.server.log.statemachine.data.sync.timeout = 10s (default)
2020-12-08 14:46:41,704 [pool-209-thread-1] INFO  server.RaftServerConfigKeys (ConfUtils.java:logGet(44)) - raft.server.log.statemachine.data.sync.timeout.retry = -1 (default)
2020-12-08 14:46:41,706 [EventQueue-PipelineReportForOneReplicaPipelineSafeModeRule] INFO  safemode.SCMSafeModeManager (SCMSafeModeManager.java:validateSafeModeExitRules(214)) - AtleastOneDatanodeReportedRule rule is successfully validated
2020-12-08 14:46:41,708 [pool-209-thread-1] INFO  server.RaftServerConfigKeys (ConfUtils.java:logGet(44)) - raft.server.log.statemachine.data.caching.enabled = true (custom)
2020-12-08 14:46:41,708 [pool-209-thread-1] INFO  segmented.SegmentedRaftLogWorker (SegmentedRaftLogWorker.java:lambda$new$0(129)) - e7bab1e1-cb53-462e-811b-33706ea421b6@group-AE8BFC6110D3-SegmentedRaftLogWorker: flushIndex: setUnconditionally 0 -> -1
2020-12-08 14:46:41,708 [pool-209-thread-1] INFO  segmented.SegmentedRaftLogWorker (SegmentedRaftLogWorker.java:lambda$new$0(129)) - e7bab1e1-cb53-462e-811b-33706ea421b6@group-AE8BFC6110D3-SegmentedRaftLogWorker: safeCacheEvictIndex: setUnconditionally 0 -> -1
2020-12-08 14:46:41,708 [pool-209-thread-1] INFO  server.RaftServerConfigKeys (ConfUtils.java:logGet(44)) - raft.server.snapshot.auto.trigger.enabled = true (custom)
2020-12-08 14:46:41,708 [pool-209-thread-1] INFO  server.RaftServerConfigKeys (ConfUtils.java:logGet(44)) - raft.server.snapshot.auto.trigger.threshold = 10000 (custom)
2020-12-08 14:46:41,708 [pool-209-thread-1] INFO  server.RaftServerConfigKeys (ConfUtils.java:logGet(44)) - raft.server.snapshot.retention.file.num = 5 (custom)
2020-12-08 14:46:41,708 [pool-209-thread-1] INFO  server.RaftServerConfigKeys (ConfUtils.java:logGet(44)) - raft.server.log.purge.upto.snapshot.index = false (default)
2020-12-08 14:46:41,708 [pool-209-thread-1] INFO  server.RaftServerConfigKeys (ConfUtils.java:logGet(44)) - raft.server.retrycache.expirytime = 600000ms (custom)
2020-12-08 14:46:41,709 [pool-209-thread-1] INFO  metrics.RatisMetrics (RatisMetrics.java:lambda$create$0(36)) - Creating Metrics Registry : ratis.leader_election.e7bab1e1-cb53-462e-811b-33706ea421b6@group-AE8BFC6110D3
2020-12-08 14:46:41,709 [pool-209-thread-1] INFO  metrics.RatisMetrics (RatisMetrics.java:lambda$create$0(36)) - Creating Metrics Registry : ratis.server.e7bab1e1-cb53-462e-811b-33706ea421b6@group-AE8BFC6110D3
2020-12-08 14:46:41,710 [pool-209-thread-1] INFO  impl.RaftServerImpl (RaftServerImpl.java:start(215)) - e7bab1e1-cb53-462e-811b-33706ea421b6@group-AE8BFC6110D3: start as a follower, conf=-1: [96090a9c-2d18-4831-8bfc-5d3d956af2b2|rpc:172.17.0.2:44413|dataStream:, 4c010680-8565-4d64-a077-2e0de5ba36c4|rpc:172.17.0.2:39775|dataStream:, e7bab1e1-cb53-462e-811b-33706ea421b6|rpc:172.17.0.2:36527|dataStream:], old=null
2020-12-08 14:46:41,710 [pool-209-thread-1] INFO  impl.RaftServerImpl (RaftServerImpl.java:setRole(204)) - e7bab1e1-cb53-462e-811b-33706ea421b6@group-AE8BFC6110D3: changes role from      null to FOLLOWER at term 0 for startAsFollower
2020-12-08 14:46:41,710 [pool-209-thread-1] INFO  impl.RoleInfo (RoleInfo.java:updateAndGet(143)) - e7bab1e1-cb53-462e-811b-33706ea421b6: start e7bab1e1-cb53-462e-811b-33706ea421b6@group-AE8BFC6110D3-FollowerState
2020-12-08 14:46:41,710 [pool-209-thread-1] INFO  util.JmxRegister (JmxRegister.java:tryRegister(44)) - Successfully registered JMX Bean with object name Ratis:service=RaftServer,group=group-AE8BFC6110D3,id=e7bab1e1-cb53-462e-811b-33706ea421b6
2020-12-08 14:46:41,710 [pool-209-thread-1] INFO  metrics.RatisMetrics (RatisMetrics.java:lambda$create$0(36)) - Creating Metrics Registry : ratis.state_machine.e7bab1e1-cb53-462e-811b-33706ea421b6@group-AE8BFC6110D3
2020-12-08 14:46:41,714 [Command processor thread] INFO  commandhandler.CreatePipelineCommandHandler (CreatePipelineCommandHandler.java:handle(106)) - Created Pipeline RATIS THREE PipelineID=2a4f07f3-31a7-4c26-acdb-ae8bfc6110d3.
2020-12-08 14:46:41,835 [Command processor thread] INFO  impl.RaftServerProxy (RaftServerProxy.java:addNew(93)) - 96090a9c-2d18-4831-8bfc-5d3d956af2b2: addNew group-97FDB82827D5:[96090a9c-2d18-4831-8bfc-5d3d956af2b2|rpc:172.17.0.2:44413] returns group-97FDB82827D5:java.util.concurrent.CompletableFuture@41b17618[Not completed]
2020-12-08 14:46:41,836 [pool-193-thread-1] INFO  impl.RaftServerImpl (RaftServerImpl.java:<init>(121)) - 96090a9c-2d18-4831-8bfc-5d3d956af2b2: new RaftServerImpl for group-97FDB82827D5:[96090a9c-2d18-4831-8bfc-5d3d956af2b2|rpc:172.17.0.2:44413] with ContainerStateMachine:uninitialized
2020-12-08 14:46:41,836 [pool-193-thread-1] INFO  server.RaftServerConfigKeys (ConfUtils.java:logGet(44)) - raft.server.rpc.timeout.min = 5s (custom)
2020-12-08 14:46:41,836 [pool-193-thread-1] INFO  server.RaftServerConfigKeys (ConfUtils.java:logGet(44)) - raft.server.rpc.timeout.max = 5200ms (custom)
2020-12-08 14:46:41,837 [pool-193-thread-1] INFO  server.RaftServerConfigKeys (ConfUtils.java:logGet(44)) - raft.server.rpc.slowness.timeout = 300s (custom)
2020-12-08 14:46:41,837 [pool-193-thread-1] INFO  server.RaftServerConfigKeys (ConfUtils.java:logGet(44)) - raft.server.leaderelection.leader.step-down.wait-time = 10s (default)
2020-12-08 14:46:41,837 [pool-193-thread-1] INFO  server.RaftServerConfigKeys (ConfUtils.java:logGet(44)) - raft.server.sleep.deviation.threshold = 300 (default)
2020-12-08 14:46:41,837 [pool-193-thread-1] INFO  server.RaftServerConfigKeys (ConfUtils.java:logGet(44)) - raft.server.log.appender.install.snapshot.enabled = false (custom)
2020-12-08 14:46:41,837 [pool-193-thread-1] INFO  impl.RaftServerImpl (ServerState.java:<init>(104)) - 96090a9c-2d18-4831-8bfc-5d3d956af2b2@group-97FDB82827D5: ConfigurationManager, init=-1: [96090a9c-2d18-4831-8bfc-5d3d956af2b2|rpc:172.17.0.2:44413], old=null, confs=<EMPTY_MAP>
2020-12-08 14:46:41,837 [pool-193-thread-1] INFO  server.RaftServerConfigKeys (ConfUtils.java:logGet(44)) - raft.server.storage.dir = [/github/workspace/mnt/ozone/hadoop-ozone/integration-test/target/test-dir/MiniOzoneClusterImpl-cfd0bfd1-2e20-40f2-b3a5-c30c0e76baf6/datanode-1/data/ratis] (custom)
2020-12-08 14:46:41,838 [pool-193-thread-1] INFO  server.RaftServerConfigKeys (ConfUtils.java:logGet(44)) - raft.server.log.corruption.policy = EXCEPTION (default)
2020-12-08 14:46:41,838 [pool-193-thread-1] INFO  storage.RaftStorageDirectory (RaftStorageDirectory.java:analyzeStorage(261)) - The storage directory /github/workspace/mnt/ozone/hadoop-ozone/integration-test/target/test-dir/MiniOzoneClusterImpl-cfd0bfd1-2e20-40f2-b3a5-c30c0e76baf6/datanode-1/data/ratis/f2b1e072-b900-4449-9412-97fdb82827d5 does not exist. Creating ...
2020-12-08 14:46:41,839 [pool-193-thread-1] INFO  storage.RaftStorageDirectory (RaftStorageDirectory.java:tryLock(343)) - Lock on /github/workspace/mnt/ozone/hadoop-ozone/integration-test/target/test-dir/MiniOzoneClusterImpl-cfd0bfd1-2e20-40f2-b3a5-c30c0e76baf6/datanode-1/data/ratis/f2b1e072-b900-4449-9412-97fdb82827d5/in_use.lock acquired by nodename 15020@68facfb2a37d
2020-12-08 14:46:41,840 [pool-193-thread-1] INFO  storage.RaftStorage (RaftStorage.java:format(85)) - Storage directory /github/workspace/mnt/ozone/hadoop-ozone/integration-test/target/test-dir/MiniOzoneClusterImpl-cfd0bfd1-2e20-40f2-b3a5-c30c0e76baf6/datanode-1/data/ratis/f2b1e072-b900-4449-9412-97fdb82827d5 has been successfully formatted.
2020-12-08 14:46:41,840 [pool-193-thread-1] INFO  ratis.ContainerStateMachine (ContainerStateMachine.java:loadSnapshot(225)) - group-97FDB82827D5: The snapshot info is null. Setting the last applied indexto:(t:0, i:~)
2020-12-08 14:46:41,840 [pool-193-thread-1] INFO  server.RaftServerConfigKeys (ConfUtils.java:logGet(44)) - raft.server.notification.no-leader.timeout = 300s (custom)
2020-12-08 14:46:41,840 [pool-193-thread-1] INFO  server.RaftServerConfigKeys (ConfUtils.java:logGet(44)) - raft.server.log.use.memory = false (default)
2020-12-08 14:46:41,841 [pool-193-thread-1] INFO  server.RaftServerConfigKeys (ConfUtils.java:logGet(44)) - raft.server.log.purge.gap = 1000000 (custom)
2020-12-08 14:46:41,841 [pool-193-thread-1] INFO  metrics.RatisMetrics (RatisMetrics.java:lambda$create$0(36)) - Creating Metrics Registry : ratis.log_worker.96090a9c-2d18-4831-8bfc-5d3d956af2b2@group-97FDB82827D5
2020-12-08 14:46:41,841 [EventQueue-PipelineReportForOneReplicaPipelineSafeModeRule] INFO  safemode.SCMSafeModeManager (SCMSafeModeManager.java:validateSafeModeExitRules(214)) - AtleastOneDatanodeReportedRule rule is successfully validated
2020-12-08 14:46:41,842 [EventQueue-PipelineReportForPipelineReportHandler] INFO  pipeline.PipelineStateManager (PipelineStateManager.java:openPipeline(132)) - Pipeline Pipeline[ Id: f2b1e072-b900-4449-9412-97fdb82827d5, Nodes: 96090a9c-2d18-4831-8bfc-5d3d956af2b2{ip: 172.17.0.2, host: 68facfb2a37d, networkLocation: /default-rack, certSerialId: null, persistedOpState: IN_SERVICE, persistedOpStateExpiryEpochSec: 0}, Type:RATIS, Factor:ONE, State:ALLOCATED, leaderId:96090a9c-2d18-4831-8bfc-5d3d956af2b2, CreationTimestamp2020-12-08T14:46:38.838Z] moved to OPEN state
2020-12-08 14:46:41,842 [EventQueue-OpenPipelineForHealthyPipelineSafeModeRule] INFO  safemode.SCMSafeModeManager (HealthyPipelineSafeModeRule.java:process(128)) - SCM in safe mode. Healthy pipelines reported count is 0, required healthy pipeline reported count is 1
2020-12-08 14:46:41,842 [pool-193-thread-1] INFO  server.RaftServerConfigKeys (ConfUtils.java:logGet(44)) - raft.server.log.appender.buffer.byte-limit = 33554432 (custom)
2020-12-08 14:46:41,843 [pool-193-thread-1] INFO  server.RaftServerConfigKeys (ConfUtils.java:logGet(44)) - raft.server.log.segment.size.max = 1048576 (custom)
2020-12-08 14:46:41,844 [pool-193-thread-1] INFO  server.RaftServerConfigKeys (ConfUtils.java:logGet(44)) - raft.server.log.segment.cache.num.max = 2 (custom)
2020-12-08 14:46:41,844 [pool-193-thread-1] INFO  segmented.SegmentedRaftLogWorker (SegmentedRaftLogWorker.java:<init>(180)) - new 96090a9c-2d18-4831-8bfc-5d3d956af2b2@group-97FDB82827D5-SegmentedRaftLogWorker for RaftStorage:Storage Directory /github/workspace/mnt/ozone/hadoop-ozone/integration-test/target/test-dir/MiniOzoneClusterImpl-cfd0bfd1-2e20-40f2-b3a5-c30c0e76baf6/datanode-1/data/ratis/f2b1e072-b900-4449-9412-97fdb82827d5
2020-12-08 14:46:41,844 [pool-193-thread-1] INFO  server.RaftServerConfigKeys (ConfUtils.java:logGet(44)) - raft.server.log.queue.byte-limit = 2147483647 (custom)
2020-12-08 14:46:41,844 [pool-193-thread-1] INFO  server.RaftServerConfigKeys (ConfUtils.java:logGet(44)) - raft.server.log.queue.element-limit = 1024 (custom)
2020-12-08 14:46:41,844 [pool-193-thread-1] INFO  server.RaftServerConfigKeys (ConfUtils.java:logGet(44)) - raft.server.log.segment.size.max = 1048576 (custom)
2020-12-08 14:46:41,844 [pool-193-thread-1] INFO  server.RaftServerConfigKeys (ConfUtils.java:logGet(44)) - raft.server.log.preallocated.size = 16384 (custom)
2020-12-08 14:46:41,844 [pool-193-thread-1] INFO  server.RaftServerConfigKeys (ConfUtils.java:logGet(44)) - raft.server.log.write.buffer.size = 1048576 (custom)
2020-12-08 14:46:41,844 [pool-193-thread-1] INFO  server.RaftServerConfigKeys (ConfUtils.java:logGet(44)) - raft.server.log.force.sync.num = 128 (default)
2020-12-08 14:46:41,844 [pool-193-thread-1] INFO  server.RaftServerConfigKeys (ConfUtils.java:logGet(44)) - raft.server.log.statemachine.data.sync = true (default)
2020-12-08 14:46:41,844 [pool-193-thread-1] INFO  server.RaftServerConfigKeys (ConfUtils.java:logGet(44)) - raft.server.log.statemachine.data.sync.timeout = 10s (default)
2020-12-08 14:46:41,844 [pool-193-thread-1] INFO  server.RaftServerConfigKeys (ConfUtils.java:logGet(44)) - raft.server.log.statemachine.data.sync.timeout.retry = -1 (default)
2020-12-08 14:46:41,846 [pool-193-thread-1] INFO  server.RaftServerConfigKeys (ConfUtils.java:logGet(44)) - raft.server.log.statemachine.data.caching.enabled = true (custom)
2020-12-08 14:46:41,847 [pool-193-thread-1] INFO  segmented.SegmentedRaftLogWorker (SegmentedRaftLogWorker.java:lambda$new$0(129)) - 96090a9c-2d18-4831-8bfc-5d3d956af2b2@group-97FDB82827D5-SegmentedRaftLogWorker: flushIndex: setUnconditionally 0 -> -1
2020-12-08 14:46:41,847 [pool-193-thread-1] INFO  segmented.SegmentedRaftLogWorker (SegmentedRaftLogWorker.java:lambda$new$0(129)) - 96090a9c-2d18-4831-8bfc-5d3d956af2b2@group-97FDB82827D5-SegmentedRaftLogWorker: safeCacheEvictIndex: setUnconditionally 0 -> -1
2020-12-08 14:46:41,847 [pool-193-thread-1] INFO  server.RaftServerConfigKeys (ConfUtils.java:logGet(44)) - raft.server.snapshot.auto.trigger.enabled = true (custom)
2020-12-08 14:46:41,847 [pool-193-thread-1] INFO  server.RaftServerConfigKeys (ConfUtils.java:logGet(44)) - raft.server.snapshot.auto.trigger.threshold = 10000 (custom)
2020-12-08 14:46:41,847 [pool-193-thread-1] INFO  server.RaftServerConfigKeys (ConfUtils.java:logGet(44)) - raft.server.snapshot.retention.file.num = 5 (custom)
2020-12-08 14:46:41,847 [pool-193-thread-1] INFO  server.RaftServerConfigKeys (ConfUtils.java:logGet(44)) - raft.server.log.purge.upto.snapshot.index = false (default)
2020-12-08 14:46:41,847 [pool-193-thread-1] INFO  server.RaftServerConfigKeys (ConfUtils.java:logGet(44)) - raft.server.retrycache.expirytime = 600000ms (custom)
2020-12-08 14:46:41,847 [pool-193-thread-1] INFO  metrics.RatisMetrics (RatisMetrics.java:lambda$create$0(36)) - Creating Metrics Registry : ratis.leader_election.96090a9c-2d18-4831-8bfc-5d3d956af2b2@group-97FDB82827D5
2020-12-08 14:46:41,848 [pool-193-thread-1] INFO  metrics.RatisMetrics (RatisMetrics.java:lambda$create$0(36)) - Creating Metrics Registry : ratis.server.96090a9c-2d18-4831-8bfc-5d3d956af2b2@group-97FDB82827D5
2020-12-08 14:46:41,849 [pool-193-thread-1] INFO  impl.RaftServerImpl (RaftServerImpl.java:start(215)) - 96090a9c-2d18-4831-8bfc-5d3d956af2b2@group-97FDB82827D5: start as a follower, conf=-1: [96090a9c-2d18-4831-8bfc-5d3d956af2b2|rpc:172.17.0.2:44413], old=null
2020-12-08 14:46:41,849 [pool-193-thread-1] INFO  impl.RaftServerImpl (RaftServerImpl.java:setRole(204)) - 96090a9c-2d18-4831-8bfc-5d3d956af2b2@group-97FDB82827D5: changes role from      null to FOLLOWER at term 0 for startAsFollower
2020-12-08 14:46:41,849 [pool-193-thread-1] INFO  impl.RoleInfo (RoleInfo.java:updateAndGet(143)) - 96090a9c-2d18-4831-8bfc-5d3d956af2b2: start 96090a9c-2d18-4831-8bfc-5d3d956af2b2@group-97FDB82827D5-FollowerState
2020-12-08 14:46:41,853 [pool-193-thread-1] INFO  util.JmxRegister (JmxRegister.java:tryRegister(44)) - Successfully registered JMX Bean with object name Ratis:service=RaftServer,group=group-97FDB82827D5,id=96090a9c-2d18-4831-8bfc-5d3d956af2b2
2020-12-08 14:46:41,853 [pool-193-thread-1] INFO  metrics.RatisMetrics (RatisMetrics.java:lambda$create$0(36)) - Creating Metrics Registry : ratis.state_machine.96090a9c-2d18-4831-8bfc-5d3d956af2b2@group-97FDB82827D5
2020-12-08 14:46:41,854 [Command processor thread] INFO  commandhandler.CreatePipelineCommandHandler (CreatePipelineCommandHandler.java:handle(106)) - Created Pipeline RATIS ONE PipelineID=f2b1e072-b900-4449-9412-97fdb82827d5.
2020-12-08 14:46:42,040 [Command processor thread] INFO  impl.RaftServerProxy (RaftServerProxy.java:addNew(93)) - e7bab1e1-cb53-462e-811b-33706ea421b6: addNew group-BD06936A4B22:[e7bab1e1-cb53-462e-811b-33706ea421b6|rpc:172.17.0.2:36527] returns group-BD06936A4B22:java.util.concurrent.CompletableFuture@7f80baec[Not completed]
2020-12-08 14:46:42,042 [pool-209-thread-1] INFO  impl.RaftServerImpl (RaftServerImpl.java:<init>(121)) - e7bab1e1-cb53-462e-811b-33706ea421b6: new RaftServerImpl for group-BD06936A4B22:[e7bab1e1-cb53-462e-811b-33706ea421b6|rpc:172.17.0.2:36527] with ContainerStateMachine:uninitialized
2020-12-08 14:46:42,042 [pool-209-thread-1] INFO  server.RaftServerConfigKeys (ConfUtils.java:logGet(44)) - raft.server.rpc.timeout.min = 5s (custom)
2020-12-08 14:46:42,042 [pool-209-thread-1] INFO  server.RaftServerConfigKeys (ConfUtils.java:logGet(44)) - raft.server.rpc.timeout.max = 5200ms (custom)
2020-12-08 14:46:42,042 [pool-209-thread-1] INFO  server.RaftServerConfigKeys (ConfUtils.java:logGet(44)) - raft.server.rpc.slowness.timeout = 300s (custom)
2020-12-08 14:46:42,042 [pool-209-thread-1] INFO  server.RaftServerConfigKeys (ConfUtils.java:logGet(44)) - raft.server.leaderelection.leader.step-down.wait-time = 10s (default)
2020-12-08 14:46:42,042 [pool-209-thread-1] INFO  server.RaftServerConfigKeys (ConfUtils.java:logGet(44)) - raft.server.sleep.deviation.threshold = 300 (default)
2020-12-08 14:46:42,042 [pool-209-thread-1] INFO  server.RaftServerConfigKeys (ConfUtils.java:logGet(44)) - raft.server.log.appender.install.snapshot.enabled = false (custom)
2020-12-08 14:46:42,043 [pool-209-thread-1] INFO  impl.RaftServerImpl (ServerState.java:<init>(104)) - e7bab1e1-cb53-462e-811b-33706ea421b6@group-BD06936A4B22: ConfigurationManager, init=-1: [e7bab1e1-cb53-462e-811b-33706ea421b6|rpc:172.17.0.2:36527], old=null, confs=<EMPTY_MAP>
2020-12-08 14:46:42,043 [pool-209-thread-1] INFO  server.RaftServerConfigKeys (ConfUtils.java:logGet(44)) - raft.server.storage.dir = [/github/workspace/mnt/ozone/hadoop-ozone/integration-test/target/test-dir/MiniOzoneClusterImpl-cfd0bfd1-2e20-40f2-b3a5-c30c0e76baf6/datanode-2/data/ratis] (custom)
2020-12-08 14:46:42,043 [pool-209-thread-1] INFO  server.RaftServerConfigKeys (ConfUtils.java:logGet(44)) - raft.server.log.corruption.policy = EXCEPTION (default)
2020-12-08 14:46:42,043 [pool-209-thread-1] INFO  storage.RaftStorageDirectory (RaftStorageDirectory.java:analyzeStorage(261)) - The storage directory /github/workspace/mnt/ozone/hadoop-ozone/integration-test/target/test-dir/MiniOzoneClusterImpl-cfd0bfd1-2e20-40f2-b3a5-c30c0e76baf6/datanode-2/data/ratis/1d03f5db-0716-4910-b075-bd06936a4b22 does not exist. Creating ...
2020-12-08 14:46:42,045 [pool-209-thread-1] INFO  storage.RaftStorageDirectory (RaftStorageDirectory.java:tryLock(343)) - Lock on /github/workspace/mnt/ozone/hadoop-ozone/integration-test/target/test-dir/MiniOzoneClusterImpl-cfd0bfd1-2e20-40f2-b3a5-c30c0e76baf6/datanode-2/data/ratis/1d03f5db-0716-4910-b075-bd06936a4b22/in_use.lock acquired by nodename 15020@68facfb2a37d
2020-12-08 14:46:42,046 [pool-209-thread-1] INFO  storage.RaftStorage (RaftStorage.java:format(85)) - Storage directory /github/workspace/mnt/ozone/hadoop-ozone/integration-test/target/test-dir/MiniOzoneClusterImpl-cfd0bfd1-2e20-40f2-b3a5-c30c0e76baf6/datanode-2/data/ratis/1d03f5db-0716-4910-b075-bd06936a4b22 has been successfully formatted.
2020-12-08 14:46:42,047 [pool-209-thread-1] INFO  ratis.ContainerStateMachine (ContainerStateMachine.java:loadSnapshot(225)) - group-BD06936A4B22: The snapshot info is null. Setting the last applied indexto:(t:0, i:~)
2020-12-08 14:46:42,047 [pool-209-thread-1] INFO  server.RaftServerConfigKeys (ConfUtils.java:logGet(44)) - raft.server.notification.no-leader.timeout = 300s (custom)
2020-12-08 14:46:42,048 [pool-209-thread-1] INFO  server.RaftServerConfigKeys (ConfUtils.java:logGet(44)) - raft.server.log.use.memory = false (default)
2020-12-08 14:46:42,048 [EventQueue-PipelineReportForPipelineReportHandler] INFO  pipeline.PipelineStateManager (PipelineStateManager.java:openPipeline(132)) - Pipeline Pipeline[ Id: 1d03f5db-0716-4910-b075-bd06936a4b22, Nodes: e7bab1e1-cb53-462e-811b-33706ea421b6{ip: 172.17.0.2, host: 68facfb2a37d, networkLocation: /default-rack, certSerialId: null, persistedOpState: IN_SERVICE, persistedOpStateExpiryEpochSec: 0}, Type:RATIS, Factor:ONE, State:ALLOCATED, leaderId:e7bab1e1-cb53-462e-811b-33706ea421b6, CreationTimestamp2020-12-08T14:46:39.044Z] moved to OPEN state
2020-12-08 14:46:42,048 [EventQueue-PipelineReportForOneReplicaPipelineSafeModeRule] INFO  safemode.SCMSafeModeManager (SCMSafeModeManager.java:validateSafeModeExitRules(214)) - AtleastOneDatanodeReportedRule rule is successfully validated
2020-12-08 14:46:42,049 [EventQueue-OpenPipelineForHealthyPipelineSafeModeRule] INFO  safemode.SCMSafeModeManager (HealthyPipelineSafeModeRule.java:process(128)) - SCM in safe mode. Healthy pipelines reported count is 0, required healthy pipeline reported count is 1
2020-12-08 14:46:42,048 [pool-209-thread-1] INFO  server.RaftServerConfigKeys (ConfUtils.java:logGet(44)) - raft.server.log.purge.gap = 1000000 (custom)
2020-12-08 14:46:42,050 [pool-209-thread-1] INFO  metrics.RatisMetrics (RatisMetrics.java:lambda$create$0(36)) - Creating Metrics Registry : ratis.log_worker.e7bab1e1-cb53-462e-811b-33706ea421b6@group-BD06936A4B22
2020-12-08 14:46:42,050 [pool-209-thread-1] INFO  server.RaftServerConfigKeys (ConfUtils.java:logGet(44)) - raft.server.log.appender.buffer.byte-limit = 33554432 (custom)
2020-12-08 14:46:42,050 [pool-209-thread-1] INFO  server.RaftServerConfigKeys (ConfUtils.java:logGet(44)) - raft.server.log.segment.size.max = 1048576 (custom)
2020-12-08 14:46:42,051 [pool-209-thread-1] INFO  server.RaftServerConfigKeys (ConfUtils.java:logGet(44)) - raft.server.log.segment.cache.num.max = 2 (custom)
2020-12-08 14:46:42,051 [pool-209-thread-1] INFO  segmented.SegmentedRaftLogWorker (SegmentedRaftLogWorker.java:<init>(180)) - new e7bab1e1-cb53-462e-811b-33706ea421b6@group-BD06936A4B22-SegmentedRaftLogWorker for RaftStorage:Storage Directory /github/workspace/mnt/ozone/hadoop-ozone/integration-test/target/test-dir/MiniOzoneClusterImpl-cfd0bfd1-2e20-40f2-b3a5-c30c0e76baf6/datanode-2/data/ratis/1d03f5db-0716-4910-b075-bd06936a4b22
2020-12-08 14:46:42,051 [pool-209-thread-1] INFO  server.RaftServerConfigKeys (ConfUtils.java:logGet(44)) - raft.server.log.queue.byte-limit = 2147483647 (custom)
2020-12-08 14:46:42,051 [pool-209-thread-1] INFO  server.RaftServerConfigKeys (ConfUtils.java:logGet(44)) - raft.server.log.queue.element-limit = 1024 (custom)
2020-12-08 14:46:42,051 [pool-209-thread-1] INFO  server.RaftServerConfigKeys (ConfUtils.java:logGet(44)) - raft.server.log.segment.size.max = 1048576 (custom)
2020-12-08 14:46:42,051 [pool-209-thread-1] INFO  server.RaftServerConfigKeys (ConfUtils.java:logGet(44)) - raft.server.log.preallocated.size = 16384 (custom)
2020-12-08 14:46:42,052 [pool-209-thread-1] INFO  server.RaftServerConfigKeys (ConfUtils.java:logGet(44)) - raft.server.log.write.buffer.size = 1048576 (custom)
2020-12-08 14:46:42,053 [pool-209-thread-1] INFO  server.RaftServerConfigKeys (ConfUtils.java:logGet(44)) - raft.server.log.force.sync.num = 128 (default)
2020-12-08 14:46:42,053 [pool-209-thread-1] INFO  server.RaftServerConfigKeys (ConfUtils.java:logGet(44)) - raft.server.log.statemachine.data.sync = true (default)
2020-12-08 14:46:42,053 [pool-209-thread-1] INFO  server.RaftServerConfigKeys (ConfUtils.java:logGet(44)) - raft.server.log.statemachine.data.sync.timeout = 10s (default)
2020-12-08 14:46:42,053 [pool-209-thread-1] INFO  server.RaftServerConfigKeys (ConfUtils.java:logGet(44)) - raft.server.log.statemachine.data.sync.timeout.retry = -1 (default)
2020-12-08 14:46:42,055 [pool-209-thread-1] INFO  server.RaftServerConfigKeys (ConfUtils.java:logGet(44)) - raft.server.log.statemachine.data.caching.enabled = true (custom)
2020-12-08 14:46:42,055 [pool-209-thread-1] INFO  segmented.SegmentedRaftLogWorker (SegmentedRaftLogWorker.java:lambda$new$0(129)) - e7bab1e1-cb53-462e-811b-33706ea421b6@group-BD06936A4B22-SegmentedRaftLogWorker: flushIndex: setUnconditionally 0 -> -1
2020-12-08 14:46:42,055 [pool-209-thread-1] INFO  segmented.SegmentedRaftLogWorker (SegmentedRaftLogWorker.java:lambda$new$0(129)) - e7bab1e1-cb53-462e-811b-33706ea421b6@group-BD06936A4B22-SegmentedRaftLogWorker: safeCacheEvictIndex: setUnconditionally 0 -> -1
2020-12-08 14:46:42,056 [pool-209-thread-1] INFO  server.RaftServerConfigKeys (ConfUtils.java:logGet(44)) - raft.server.snapshot.auto.trigger.enabled = true (custom)
2020-12-08 14:46:42,056 [pool-209-thread-1] INFO  server.RaftServerConfigKeys (ConfUtils.java:logGet(44)) - raft.server.snapshot.auto.trigger.threshold = 10000 (custom)
2020-12-08 14:46:42,056 [pool-209-thread-1] INFO  server.RaftServerConfigKeys (ConfUtils.java:logGet(44)) - raft.server.snapshot.retention.file.num = 5 (custom)
2020-12-08 14:46:42,056 [pool-209-thread-1] INFO  server.RaftServerConfigKeys (ConfUtils.java:logGet(44)) - raft.server.log.purge.upto.snapshot.index = false (default)
2020-12-08 14:46:42,056 [pool-209-thread-1] INFO  server.RaftServerConfigKeys (ConfUtils.java:logGet(44)) - raft.server.retrycache.expirytime = 600000ms (custom)
2020-12-08 14:46:42,056 [pool-209-thread-1] INFO  metrics.RatisMetrics (RatisMetrics.java:lambda$create$0(36)) - Creating Metrics Registry : ratis.leader_election.e7bab1e1-cb53-462e-811b-33706ea421b6@group-BD06936A4B22
2020-12-08 14:46:42,056 [pool-209-thread-1] INFO  metrics.RatisMetrics (RatisMetrics.java:lambda$create$0(36)) - Creating Metrics Registry : ratis.server.e7bab1e1-cb53-462e-811b-33706ea421b6@group-BD06936A4B22
2020-12-08 14:46:42,057 [pool-209-thread-1] INFO  impl.RaftServerImpl (RaftServerImpl.java:start(215)) - e7bab1e1-cb53-462e-811b-33706ea421b6@group-BD06936A4B22: start as a follower, conf=-1: [e7bab1e1-cb53-462e-811b-33706ea421b6|rpc:172.17.0.2:36527], old=null
2020-12-08 14:46:42,057 [pool-209-thread-1] INFO  impl.RaftServerImpl (RaftServerImpl.java:setRole(204)) - e7bab1e1-cb53-462e-811b-33706ea421b6@group-BD06936A4B22: changes role from      null to FOLLOWER at term 0 for startAsFollower
2020-12-08 14:46:42,057 [pool-209-thread-1] INFO  impl.RoleInfo (RoleInfo.java:updateAndGet(143)) - e7bab1e1-cb53-462e-811b-33706ea421b6: start e7bab1e1-cb53-462e-811b-33706ea421b6@group-BD06936A4B22-FollowerState
2020-12-08 14:46:42,063 [pool-209-thread-1] INFO  util.JmxRegister (JmxRegister.java:tryRegister(44)) - Successfully registered JMX Bean with object name Ratis:service=RaftServer,group=group-BD06936A4B22,id=e7bab1e1-cb53-462e-811b-33706ea421b6
2020-12-08 14:46:42,063 [pool-209-thread-1] INFO  metrics.RatisMetrics (RatisMetrics.java:lambda$create$0(36)) - Creating Metrics Registry : ratis.state_machine.e7bab1e1-cb53-462e-811b-33706ea421b6@group-BD06936A4B22
2020-12-08 14:46:42,063 [Command processor thread] INFO  commandhandler.CreatePipelineCommandHandler (CreatePipelineCommandHandler.java:handle(106)) - Created Pipeline RATIS ONE PipelineID=1d03f5db-0716-4910-b075-bd06936a4b22.
2020-12-08 14:46:42,066 [Listener at 127.0.0.1/38785] INFO  ozone.MiniOzoneClusterImpl (MiniOzoneClusterImpl.java:lambda$waitForClusterToBeReady$0(178)) - Nodes are ready. Got 7 of 7 DN Heartbeats.
2020-12-08 14:46:42,066 [Listener at 127.0.0.1/38785] INFO  ozone.MiniOzoneClusterImpl (MiniOzoneClusterImpl.java:lambda$waitForClusterToBeReady$0(181)) - Waiting for cluster to exit safe mode
2020-12-08 14:46:42,383 [Command processor thread] INFO  impl.RaftServerProxy (RaftServerProxy.java:addNew(93)) - e06d1ff1-a20f-4588-91bb-f8f9c9d2192c: addNew group-D809FFECA223:[e06d1ff1-a20f-4588-91bb-f8f9c9d2192c|rpc:172.17.0.2:39309] returns group-D809FFECA223:java.util.concurrent.CompletableFuture@17dd192e[Not completed]
2020-12-08 14:46:42,386 [pool-225-thread-1] INFO  impl.RaftServerImpl (RaftServerImpl.java:<init>(121)) - e06d1ff1-a20f-4588-91bb-f8f9c9d2192c: new RaftServerImpl for group-D809FFECA223:[e06d1ff1-a20f-4588-91bb-f8f9c9d2192c|rpc:172.17.0.2:39309] with ContainerStateMachine:uninitialized
2020-12-08 14:46:42,387 [pool-225-thread-1] INFO  server.RaftServerConfigKeys (ConfUtils.java:logGet(44)) - raft.server.rpc.timeout.min = 5s (custom)
2020-12-08 14:46:42,387 [pool-225-thread-1] INFO  server.RaftServerConfigKeys (ConfUtils.java:logGet(44)) - raft.server.rpc.timeout.max = 5200ms (custom)
2020-12-08 14:46:42,388 [pool-225-thread-1] INFO  server.RaftServerConfigKeys (ConfUtils.java:logGet(44)) - raft.server.rpc.slowness.timeout = 300s (custom)
2020-12-08 14:46:42,388 [pool-225-thread-1] INFO  server.RaftServerConfigKeys (ConfUtils.java:logGet(44)) - raft.server.leaderelection.leader.step-down.wait-time = 10s (default)
2020-12-08 14:46:42,388 [pool-225-thread-1] INFO  server.RaftServerConfigKeys (ConfUtils.java:logGet(44)) - raft.server.sleep.deviation.threshold = 300 (default)
2020-12-08 14:46:42,388 [pool-225-thread-1] INFO  server.RaftServerConfigKeys (ConfUtils.java:logGet(44)) - raft.server.log.appender.install.snapshot.enabled = false (custom)
2020-12-08 14:46:42,388 [pool-225-thread-1] INFO  impl.RaftServerImpl (ServerState.java:<init>(104)) - e06d1ff1-a20f-4588-91bb-f8f9c9d2192c@group-D809FFECA223: ConfigurationManager, init=-1: [e06d1ff1-a20f-4588-91bb-f8f9c9d2192c|rpc:172.17.0.2:39309], old=null, confs=<EMPTY_MAP>
2020-12-08 14:46:42,388 [pool-225-thread-1] INFO  server.RaftServerConfigKeys (ConfUtils.java:logGet(44)) - raft.server.storage.dir = [/github/workspace/mnt/ozone/hadoop-ozone/integration-test/target/test-dir/MiniOzoneClusterImpl-cfd0bfd1-2e20-40f2-b3a5-c30c0e76baf6/datanode-3/data/ratis] (custom)
2020-12-08 14:46:42,388 [pool-225-thread-1] INFO  server.RaftServerConfigKeys (ConfUtils.java:logGet(44)) - raft.server.log.corruption.policy = EXCEPTION (default)
2020-12-08 14:46:42,389 [pool-225-thread-1] INFO  storage.RaftStorageDirectory (RaftStorageDirectory.java:analyzeStorage(261)) - The storage directory /github/workspace/mnt/ozone/hadoop-ozone/integration-test/target/test-dir/MiniOzoneClusterImpl-cfd0bfd1-2e20-40f2-b3a5-c30c0e76baf6/datanode-3/data/ratis/3e443ad5-7cfe-4886-a437-d809ffeca223 does not exist. Creating ...
2020-12-08 14:46:42,390 [pool-225-thread-1] INFO  storage.RaftStorageDirectory (RaftStorageDirectory.java:tryLock(343)) - Lock on /github/workspace/mnt/ozone/hadoop-ozone/integration-test/target/test-dir/MiniOzoneClusterImpl-cfd0bfd1-2e20-40f2-b3a5-c30c0e76baf6/datanode-3/data/ratis/3e443ad5-7cfe-4886-a437-d809ffeca223/in_use.lock acquired by nodename 15020@68facfb2a37d
2020-12-08 14:46:42,392 [pool-225-thread-1] INFO  storage.RaftStorage (RaftStorage.java:format(85)) - Storage directory /github/workspace/mnt/ozone/hadoop-ozone/integration-test/target/test-dir/MiniOzoneClusterImpl-cfd0bfd1-2e20-40f2-b3a5-c30c0e76baf6/datanode-3/data/ratis/3e443ad5-7cfe-4886-a437-d809ffeca223 has been successfully formatted.
2020-12-08 14:46:42,393 [pool-225-thread-1] INFO  ratis.ContainerStateMachine (ContainerStateMachine.java:loadSnapshot(225)) - group-D809FFECA223: The snapshot info is null. Setting the last applied indexto:(t:0, i:~)
2020-12-08 14:46:42,393 [pool-225-thread-1] INFO  server.RaftServerConfigKeys (ConfUtils.java:logGet(44)) - raft.server.notification.no-leader.timeout = 300s (custom)
2020-12-08 14:46:42,394 [EventQueue-PipelineReportForPipelineReportHandler] INFO  pipeline.PipelineStateManager (PipelineStateManager.java:openPipeline(132)) - Pipeline Pipeline[ Id: 3e443ad5-7cfe-4886-a437-d809ffeca223, Nodes: e06d1ff1-a20f-4588-91bb-f8f9c9d2192c{ip: 172.17.0.2, host: 68facfb2a37d, networkLocation: /default-rack, certSerialId: null, persistedOpState: IN_SERVICE, persistedOpStateExpiryEpochSec: 0}, Type:RATIS, Factor:ONE, State:ALLOCATED, leaderId:e06d1ff1-a20f-4588-91bb-f8f9c9d2192c, CreationTimestamp2020-12-08T14:46:39.385Z] moved to OPEN state
2020-12-08 14:46:42,394 [pool-225-thread-1] INFO  server.RaftServerConfigKeys (ConfUtils.java:logGet(44)) - raft.server.log.use.memory = false (default)
2020-12-08 14:46:42,394 [pool-225-thread-1] INFO  server.RaftServerConfigKeys (ConfUtils.java:logGet(44)) - raft.server.log.purge.gap = 1000000 (custom)
2020-12-08 14:46:42,394 [pool-225-thread-1] INFO  metrics.RatisMetrics (RatisMetrics.java:lambda$create$0(36)) - Creating Metrics Registry : ratis.log_worker.e06d1ff1-a20f-4588-91bb-f8f9c9d2192c@group-D809FFECA223
2020-12-08 14:46:42,394 [EventQueue-OpenPipelineForHealthyPipelineSafeModeRule] INFO  safemode.SCMSafeModeManager (HealthyPipelineSafeModeRule.java:process(128)) - SCM in safe mode. Healthy pipelines reported count is 0, required healthy pipeline reported count is 1
2020-12-08 14:46:42,394 [EventQueue-PipelineReportForOneReplicaPipelineSafeModeRule] INFO  safemode.SCMSafeModeManager (SCMSafeModeManager.java:validateSafeModeExitRules(214)) - AtleastOneDatanodeReportedRule rule is successfully validated
2020-12-08 14:46:42,394 [pool-225-thread-1] INFO  server.RaftServerConfigKeys (ConfUtils.java:logGet(44)) - raft.server.log.appender.buffer.byte-limit = 33554432 (custom)
2020-12-08 14:46:42,395 [pool-225-thread-1] INFO  server.RaftServerConfigKeys (ConfUtils.java:logGet(44)) - raft.server.log.segment.size.max = 1048576 (custom)
2020-12-08 14:46:42,396 [pool-225-thread-1] INFO  server.RaftServerConfigKeys (ConfUtils.java:logGet(44)) - raft.server.log.segment.cache.num.max = 2 (custom)
2020-12-08 14:46:42,396 [pool-225-thread-1] INFO  segmented.SegmentedRaftLogWorker (SegmentedRaftLogWorker.java:<init>(180)) - new e06d1ff1-a20f-4588-91bb-f8f9c9d2192c@group-D809FFECA223-SegmentedRaftLogWorker for RaftStorage:Storage Directory /github/workspace/mnt/ozone/hadoop-ozone/integration-test/target/test-dir/MiniOzoneClusterImpl-cfd0bfd1-2e20-40f2-b3a5-c30c0e76baf6/datanode-3/data/ratis/3e443ad5-7cfe-4886-a437-d809ffeca223
2020-12-08 14:46:42,396 [pool-225-thread-1] INFO  server.RaftServerConfigKeys (ConfUtils.java:logGet(44)) - raft.server.log.queue.byte-limit = 2147483647 (custom)
2020-12-08 14:46:42,396 [pool-225-thread-1] INFO  server.RaftServerConfigKeys (ConfUtils.java:logGet(44)) - raft.server.log.queue.element-limit = 1024 (custom)
2020-12-08 14:46:42,396 [pool-225-thread-1] INFO  server.RaftServerConfigKeys (ConfUtils.java:logGet(44)) - raft.server.log.segment.size.max = 1048576 (custom)
2020-12-08 14:46:42,396 [pool-225-thread-1] INFO  server.RaftServerConfigKeys (ConfUtils.java:logGet(44)) - raft.server.log.preallocated.size = 16384 (custom)
2020-12-08 14:46:42,396 [pool-225-thread-1] INFO  server.RaftServerConfigKeys (ConfUtils.java:logGet(44)) - raft.server.log.write.buffer.size = 1048576 (custom)
2020-12-08 14:46:42,396 [pool-225-thread-1] INFO  server.RaftServerConfigKeys (ConfUtils.java:logGet(44)) - raft.server.log.force.sync.num = 128 (default)
2020-12-08 14:46:42,396 [pool-225-thread-1] INFO  server.RaftServerConfigKeys (ConfUtils.java:logGet(44)) - raft.server.log.statemachine.data.sync = true (default)
2020-12-08 14:46:42,396 [pool-225-thread-1] INFO  server.RaftServerConfigKeys (ConfUtils.java:logGet(44)) - raft.server.log.statemachine.data.sync.timeout = 10s (default)
2020-12-08 14:46:42,396 [pool-225-thread-1] INFO  server.RaftServerConfigKeys (ConfUtils.java:logGet(44)) - raft.server.log.statemachine.data.sync.timeout.retry = -1 (default)
2020-12-08 14:46:42,398 [pool-225-thread-1] INFO  server.RaftServerConfigKeys (ConfUtils.java:logGet(44)) - raft.server.log.statemachine.data.caching.enabled = true (custom)
2020-12-08 14:46:42,398 [pool-225-thread-1] INFO  segmented.SegmentedRaftLogWorker (SegmentedRaftLogWorker.java:lambda$new$0(129)) - e06d1ff1-a20f-4588-91bb-f8f9c9d2192c@group-D809FFECA223-SegmentedRaftLogWorker: flushIndex: setUnconditionally 0 -> -1
2020-12-08 14:46:42,398 [pool-225-thread-1] INFO  segmented.SegmentedRaftLogWorker (SegmentedRaftLogWorker.java:lambda$new$0(129)) - e06d1ff1-a20f-4588-91bb-f8f9c9d2192c@group-D809FFECA223-SegmentedRaftLogWorker: safeCacheEvictIndex: setUnconditionally 0 -> -1
2020-12-08 14:46:42,402 [pool-225-thread-1] INFO  server.RaftServerConfigKeys (ConfUtils.java:logGet(44)) - raft.server.snapshot.auto.trigger.enabled = true (custom)
2020-12-08 14:46:42,403 [pool-225-thread-1] INFO  server.RaftServerConfigKeys (ConfUtils.java:logGet(44)) - raft.server.snapshot.auto.trigger.threshold = 10000 (custom)
2020-12-08 14:46:42,403 [pool-225-thread-1] INFO  server.RaftServerConfigKeys (ConfUtils.java:logGet(44)) - raft.server.snapshot.retention.file.num = 5 (custom)
2020-12-08 14:46:42,403 [pool-225-thread-1] INFO  server.RaftServerConfigKeys (ConfUtils.java:logGet(44)) - raft.server.log.purge.upto.snapshot.index = false (default)
2020-12-08 14:46:42,403 [pool-225-thread-1] INFO  server.RaftServerConfigKeys (ConfUtils.java:logGet(44)) - raft.server.retrycache.expirytime = 600000ms (custom)
2020-12-08 14:46:42,403 [pool-225-thread-1] INFO  metrics.RatisMetrics (RatisMetrics.java:lambda$create$0(36)) - Creating Metrics Registry : ratis.leader_election.e06d1ff1-a20f-4588-91bb-f8f9c9d2192c@group-D809FFECA223
2020-12-08 14:46:42,403 [pool-225-thread-1] INFO  metrics.RatisMetrics (RatisMetrics.java:lambda$create$0(36)) - Creating Metrics Registry : ratis.server.e06d1ff1-a20f-4588-91bb-f8f9c9d2192c@group-D809FFECA223
2020-12-08 14:46:42,404 [pool-225-thread-1] INFO  impl.RaftServerImpl (RaftServerImpl.java:start(215)) - e06d1ff1-a20f-4588-91bb-f8f9c9d2192c@group-D809FFECA223: start as a follower, conf=-1: [e06d1ff1-a20f-4588-91bb-f8f9c9d2192c|rpc:172.17.0.2:39309], old=null
2020-12-08 14:46:42,404 [pool-225-thread-1] INFO  impl.RaftServerImpl (RaftServerImpl.java:setRole(204)) - e06d1ff1-a20f-4588-91bb-f8f9c9d2192c@group-D809FFECA223: changes role from      null to FOLLOWER at term 0 for startAsFollower
2020-12-08 14:46:42,404 [pool-225-thread-1] INFO  impl.RoleInfo (RoleInfo.java:updateAndGet(143)) - e06d1ff1-a20f-4588-91bb-f8f9c9d2192c: start e06d1ff1-a20f-4588-91bb-f8f9c9d2192c@group-D809FFECA223-FollowerState
2020-12-08 14:46:42,405 [pool-225-thread-1] INFO  util.JmxRegister (JmxRegister.java:tryRegister(44)) - Successfully registered JMX Bean with object name Ratis:service=RaftServer,group=group-D809FFECA223,id=e06d1ff1-a20f-4588-91bb-f8f9c9d2192c
2020-12-08 14:46:42,405 [pool-225-thread-1] INFO  metrics.RatisMetrics (RatisMetrics.java:lambda$create$0(36)) - Creating Metrics Registry : ratis.state_machine.e06d1ff1-a20f-4588-91bb-f8f9c9d2192c@group-D809FFECA223
2020-12-08 14:46:42,406 [Command processor thread] INFO  commandhandler.CreatePipelineCommandHandler (CreatePipelineCommandHandler.java:handle(106)) - Created Pipeline RATIS ONE PipelineID=3e443ad5-7cfe-4886-a437-d809ffeca223.
2020-12-08 14:46:42,406 [Command processor thread] INFO  impl.RaftServerProxy (RaftServerProxy.java:addNew(93)) - e06d1ff1-a20f-4588-91bb-f8f9c9d2192c: addNew group-37E6DBA041D2:[197ed019-3b66-4a5a-8ebb-716a9f0e2ab5|rpc:172.17.0.2:37931, bba845ab-d614-4a63-bf49-d4775724033f|rpc:172.17.0.2:35129, e06d1ff1-a20f-4588-91bb-f8f9c9d2192c|rpc:172.17.0.2:39309] returns group-37E6DBA041D2:java.util.concurrent.CompletableFuture@13e28f0d[Not completed]
2020-12-08 14:46:42,407 [pool-225-thread-1] INFO  impl.RaftServerImpl (RaftServerImpl.java:<init>(121)) - e06d1ff1-a20f-4588-91bb-f8f9c9d2192c: new RaftServerImpl for group-37E6DBA041D2:[197ed019-3b66-4a5a-8ebb-716a9f0e2ab5|rpc:172.17.0.2:37931, bba845ab-d614-4a63-bf49-d4775724033f|rpc:172.17.0.2:35129, e06d1ff1-a20f-4588-91bb-f8f9c9d2192c|rpc:172.17.0.2:39309] with ContainerStateMachine:uninitialized
2020-12-08 14:46:42,407 [pool-225-thread-1] INFO  server.RaftServerConfigKeys (ConfUtils.java:logGet(44)) - raft.server.rpc.timeout.min = 5s (custom)
2020-12-08 14:46:42,407 [pool-225-thread-1] INFO  server.RaftServerConfigKeys (ConfUtils.java:logGet(44)) - raft.server.rpc.timeout.max = 5200ms (custom)
2020-12-08 14:46:42,407 [pool-225-thread-1] INFO  server.RaftServerConfigKeys (ConfUtils.java:logGet(44)) - raft.server.rpc.slowness.timeout = 300s (custom)
2020-12-08 14:46:42,407 [pool-225-thread-1] INFO  server.RaftServerConfigKeys (ConfUtils.java:logGet(44)) - raft.server.leaderelection.leader.step-down.wait-time = 10s (default)
2020-12-08 14:46:42,407 [pool-225-thread-1] INFO  server.RaftServerConfigKeys (ConfUtils.java:logGet(44)) - raft.server.sleep.deviation.threshold = 300 (default)
2020-12-08 14:46:42,407 [pool-225-thread-1] INFO  server.RaftServerConfigKeys (ConfUtils.java:logGet(44)) - raft.server.log.appender.install.snapshot.enabled = false (custom)
2020-12-08 14:46:42,407 [pool-225-thread-1] INFO  impl.RaftServerImpl (ServerState.java:<init>(104)) - e06d1ff1-a20f-4588-91bb-f8f9c9d2192c@group-37E6DBA041D2: ConfigurationManager, init=-1: [197ed019-3b66-4a5a-8ebb-716a9f0e2ab5|rpc:172.17.0.2:37931, bba845ab-d614-4a63-bf49-d4775724033f|rpc:172.17.0.2:35129, e06d1ff1-a20f-4588-91bb-f8f9c9d2192c|rpc:172.17.0.2:39309], old=null, confs=<EMPTY_MAP>
2020-12-08 14:46:42,407 [pool-225-thread-1] INFO  server.RaftServerConfigKeys (ConfUtils.java:logGet(44)) - raft.server.storage.dir = [/github/workspace/mnt/ozone/hadoop-ozone/integration-test/target/test-dir/MiniOzoneClusterImpl-cfd0bfd1-2e20-40f2-b3a5-c30c0e76baf6/datanode-3/data/ratis] (custom)
2020-12-08 14:46:42,407 [pool-225-thread-1] INFO  server.RaftServerConfigKeys (ConfUtils.java:logGet(44)) - raft.server.log.corruption.policy = EXCEPTION (default)
2020-12-08 14:46:42,407 [pool-225-thread-1] INFO  storage.RaftStorageDirectory (RaftStorageDirectory.java:analyzeStorage(261)) - The storage directory /github/workspace/mnt/ozone/hadoop-ozone/integration-test/target/test-dir/MiniOzoneClusterImpl-cfd0bfd1-2e20-40f2-b3a5-c30c0e76baf6/datanode-3/data/ratis/b06d860b-ea87-4438-ac4a-37e6dba041d2 does not exist. Creating ...
2020-12-08 14:46:42,409 [pool-225-thread-1] INFO  storage.RaftStorageDirectory (RaftStorageDirectory.java:tryLock(343)) - Lock on /github/workspace/mnt/ozone/hadoop-ozone/integration-test/target/test-dir/MiniOzoneClusterImpl-cfd0bfd1-2e20-40f2-b3a5-c30c0e76baf6/datanode-3/data/ratis/b06d860b-ea87-4438-ac4a-37e6dba041d2/in_use.lock acquired by nodename 15020@68facfb2a37d
2020-12-08 14:46:42,409 [pool-225-thread-1] INFO  storage.RaftStorage (RaftStorage.java:format(85)) - Storage directory /github/workspace/mnt/ozone/hadoop-ozone/integration-test/target/test-dir/MiniOzoneClusterImpl-cfd0bfd1-2e20-40f2-b3a5-c30c0e76baf6/datanode-3/data/ratis/b06d860b-ea87-4438-ac4a-37e6dba041d2 has been successfully formatted.
2020-12-08 14:46:42,410 [pool-225-thread-1] INFO  ratis.ContainerStateMachine (ContainerStateMachine.java:loadSnapshot(225)) - group-37E6DBA041D2: The snapshot info is null. Setting the last applied indexto:(t:0, i:~)
2020-12-08 14:46:42,410 [pool-225-thread-1] INFO  server.RaftServerConfigKeys (ConfUtils.java:logGet(44)) - raft.server.notification.no-leader.timeout = 300s (custom)
2020-12-08 14:46:42,410 [pool-225-thread-1] INFO  server.RaftServerConfigKeys (ConfUtils.java:logGet(44)) - raft.server.log.use.memory = false (default)
2020-12-08 14:46:42,410 [pool-225-thread-1] INFO  server.RaftServerConfigKeys (ConfUtils.java:logGet(44)) - raft.server.log.purge.gap = 1000000 (custom)
2020-12-08 14:46:42,410 [pool-225-thread-1] INFO  metrics.RatisMetrics (RatisMetrics.java:lambda$create$0(36)) - Creating Metrics Registry : ratis.log_worker.e06d1ff1-a20f-4588-91bb-f8f9c9d2192c@group-37E6DBA041D2
2020-12-08 14:46:42,410 [pool-225-thread-1] INFO  server.RaftServerConfigKeys (ConfUtils.java:logGet(44)) - raft.server.log.appender.buffer.byte-limit = 33554432 (custom)
2020-12-08 14:46:42,410 [pool-225-thread-1] INFO  server.RaftServerConfigKeys (ConfUtils.java:logGet(44)) - raft.server.log.segment.size.max = 1048576 (custom)
2020-12-08 14:46:42,411 [EventQueue-PipelineReportForOneReplicaPipelineSafeModeRule] INFO  safemode.SCMSafeModeManager (SCMSafeModeManager.java:validateSafeModeExitRules(214)) - AtleastOneDatanodeReportedRule rule is successfully validated
2020-12-08 14:46:42,411 [pool-225-thread-1] INFO  server.RaftServerConfigKeys (ConfUtils.java:logGet(44)) - raft.server.log.segment.cache.num.max = 2 (custom)
2020-12-08 14:46:42,411 [pool-225-thread-1] INFO  segmented.SegmentedRaftLogWorker (SegmentedRaftLogWorker.java:<init>(180)) - new e06d1ff1-a20f-4588-91bb-f8f9c9d2192c@group-37E6DBA041D2-SegmentedRaftLogWorker for RaftStorage:Storage Directory /github/workspace/mnt/ozone/hadoop-ozone/integration-test/target/test-dir/MiniOzoneClusterImpl-cfd0bfd1-2e20-40f2-b3a5-c30c0e76baf6/datanode-3/data/ratis/b06d860b-ea87-4438-ac4a-37e6dba041d2
2020-12-08 14:46:42,411 [pool-225-thread-1] INFO  server.RaftServerConfigKeys (ConfUtils.java:logGet(44)) - raft.server.log.queue.byte-limit = 2147483647 (custom)
2020-12-08 14:46:42,411 [EventQueue-OpenPipelineForHealthyPipelineSafeModeRule] INFO  safemode.SCMSafeModeManager (HealthyPipelineSafeModeRule.java:process(128)) - SCM in safe mode. Healthy pipelines reported count is 0, required healthy pipeline reported count is 1
2020-12-08 14:46:42,411 [pool-225-thread-1] INFO  server.RaftServerConfigKeys (ConfUtils.java:logGet(44)) - raft.server.log.queue.element-limit = 1024 (custom)
2020-12-08 14:46:42,411 [pool-225-thread-1] INFO  server.RaftServerConfigKeys (ConfUtils.java:logGet(44)) - raft.server.log.segment.size.max = 1048576 (custom)
2020-12-08 14:46:42,411 [pool-225-thread-1] INFO  server.RaftServerConfigKeys (ConfUtils.java:logGet(44)) - raft.server.log.preallocated.size = 16384 (custom)
2020-12-08 14:46:42,411 [pool-225-thread-1] INFO  server.RaftServerConfigKeys (ConfUtils.java:logGet(44)) - raft.server.log.write.buffer.size = 1048576 (custom)
2020-12-08 14:46:42,412 [pool-225-thread-1] INFO  server.RaftServerConfigKeys (ConfUtils.java:logGet(44)) - raft.server.log.force.sync.num = 128 (default)
2020-12-08 14:46:42,412 [pool-225-thread-1] INFO  server.RaftServerConfigKeys (ConfUtils.java:logGet(44)) - raft.server.log.statemachine.data.sync = true (default)
2020-12-08 14:46:42,412 [pool-225-thread-1] INFO  server.RaftServerConfigKeys (ConfUtils.java:logGet(44)) - raft.server.log.statemachine.data.sync.timeout = 10s (default)
2020-12-08 14:46:42,412 [pool-225-thread-1] INFO  server.RaftServerConfigKeys (ConfUtils.java:logGet(44)) - raft.server.log.statemachine.data.sync.timeout.retry = -1 (default)
2020-12-08 14:46:42,413 [pool-225-thread-1] INFO  server.RaftServerConfigKeys (ConfUtils.java:logGet(44)) - raft.server.log.statemachine.data.caching.enabled = true (custom)
2020-12-08 14:46:42,414 [pool-225-thread-1] INFO  segmented.SegmentedRaftLogWorker (SegmentedRaftLogWorker.java:lambda$new$0(129)) - e06d1ff1-a20f-4588-91bb-f8f9c9d2192c@group-37E6DBA041D2-SegmentedRaftLogWorker: flushIndex: setUnconditionally 0 -> -1
2020-12-08 14:46:42,414 [pool-225-thread-1] INFO  segmented.SegmentedRaftLogWorker (SegmentedRaftLogWorker.java:lambda$new$0(129)) - e06d1ff1-a20f-4588-91bb-f8f9c9d2192c@group-37E6DBA041D2-SegmentedRaftLogWorker: safeCacheEvictIndex: setUnconditionally 0 -> -1
2020-12-08 14:46:42,416 [pool-225-thread-1] INFO  server.RaftServerConfigKeys (ConfUtils.java:logGet(44)) - raft.server.snapshot.auto.trigger.enabled = true (custom)
2020-12-08 14:46:42,417 [pool-225-thread-1] INFO  server.RaftServerConfigKeys (ConfUtils.java:logGet(44)) - raft.server.snapshot.auto.trigger.threshold = 10000 (custom)
2020-12-08 14:46:42,417 [pool-225-thread-1] INFO  server.RaftServerConfigKeys (ConfUtils.java:logGet(44)) - raft.server.snapshot.retention.file.num = 5 (custom)
2020-12-08 14:46:42,417 [pool-225-thread-1] INFO  server.RaftServerConfigKeys (ConfUtils.java:logGet(44)) - raft.server.log.purge.upto.snapshot.index = false (default)
2020-12-08 14:46:42,417 [pool-225-thread-1] INFO  server.RaftServerConfigKeys (ConfUtils.java:logGet(44)) - raft.server.retrycache.expirytime = 600000ms (custom)
2020-12-08 14:46:42,417 [pool-225-thread-1] INFO  metrics.RatisMetrics (RatisMetrics.java:lambda$create$0(36)) - Creating Metrics Registry : ratis.leader_election.e06d1ff1-a20f-4588-91bb-f8f9c9d2192c@group-37E6DBA041D2
2020-12-08 14:46:42,417 [pool-225-thread-1] INFO  metrics.RatisMetrics (RatisMetrics.java:lambda$create$0(36)) - Creating Metrics Registry : ratis.server.e06d1ff1-a20f-4588-91bb-f8f9c9d2192c@group-37E6DBA041D2
2020-12-08 14:46:42,418 [pool-225-thread-1] INFO  impl.RaftServerImpl (RaftServerImpl.java:start(215)) - e06d1ff1-a20f-4588-91bb-f8f9c9d2192c@group-37E6DBA041D2: start as a follower, conf=-1: [197ed019-3b66-4a5a-8ebb-716a9f0e2ab5|rpc:172.17.0.2:37931, bba845ab-d614-4a63-bf49-d4775724033f|rpc:172.17.0.2:35129, e06d1ff1-a20f-4588-91bb-f8f9c9d2192c|rpc:172.17.0.2:39309], old=null
2020-12-08 14:46:42,418 [pool-225-thread-1] INFO  impl.RaftServerImpl (RaftServerImpl.java:setRole(204)) - e06d1ff1-a20f-4588-91bb-f8f9c9d2192c@group-37E6DBA041D2: changes role from      null to FOLLOWER at term 0 for startAsFollower
2020-12-08 14:46:42,418 [pool-225-thread-1] INFO  impl.RoleInfo (RoleInfo.java:updateAndGet(143)) - e06d1ff1-a20f-4588-91bb-f8f9c9d2192c: start e06d1ff1-a20f-4588-91bb-f8f9c9d2192c@group-37E6DBA041D2-FollowerState
2020-12-08 14:46:42,419 [pool-225-thread-1] INFO  util.JmxRegister (JmxRegister.java:tryRegister(44)) - Successfully registered JMX Bean with object name Ratis:service=RaftServer,group=group-37E6DBA041D2,id=e06d1ff1-a20f-4588-91bb-f8f9c9d2192c
2020-12-08 14:46:42,419 [pool-225-thread-1] INFO  metrics.RatisMetrics (RatisMetrics.java:lambda$create$0(36)) - Creating Metrics Registry : ratis.state_machine.e06d1ff1-a20f-4588-91bb-f8f9c9d2192c@group-37E6DBA041D2
2020-12-08 14:46:42,421 [Command processor thread] INFO  metrics.RatisMetrics (RatisMetrics.java:lambda$create$0(36)) - Creating Metrics Registry : ratis.client_message_metrics.client-855491DB1364->197ed019-3b66-4a5a-8ebb-716a9f0e2ab5
2020-12-08 14:46:42,428 [grpc-default-executor-1] INFO  metrics.RatisMetrics (RatisMetrics.java:lambda$create$0(36)) - Creating Metrics Registry : ratis.server_message_metrics.197ed019-3b66-4a5a-8ebb-716a9f0e2ab5
2020-12-08 14:46:42,430 [grpc-default-executor-1] INFO  impl.RaftServerProxy (RaftServerProxy.java:addNew(93)) - 197ed019-3b66-4a5a-8ebb-716a9f0e2ab5: addNew group-37E6DBA041D2:[197ed019-3b66-4a5a-8ebb-716a9f0e2ab5|rpc:172.17.0.2:37931|dataStream:, bba845ab-d614-4a63-bf49-d4775724033f|rpc:172.17.0.2:35129|dataStream:, e06d1ff1-a20f-4588-91bb-f8f9c9d2192c|rpc:172.17.0.2:39309|dataStream:] returns group-37E6DBA041D2:java.util.concurrent.CompletableFuture@1e156525[Not completed]
2020-12-08 14:46:42,431 [pool-241-thread-1] INFO  impl.RaftServerImpl (RaftServerImpl.java:<init>(121)) - 197ed019-3b66-4a5a-8ebb-716a9f0e2ab5: new RaftServerImpl for group-37E6DBA041D2:[197ed019-3b66-4a5a-8ebb-716a9f0e2ab5|rpc:172.17.0.2:37931|dataStream:, bba845ab-d614-4a63-bf49-d4775724033f|rpc:172.17.0.2:35129|dataStream:, e06d1ff1-a20f-4588-91bb-f8f9c9d2192c|rpc:172.17.0.2:39309|dataStream:] with ContainerStateMachine:uninitialized
2020-12-08 14:46:42,431 [pool-241-thread-1] INFO  server.RaftServerConfigKeys (ConfUtils.java:logGet(44)) - raft.server.rpc.timeout.min = 5s (custom)
2020-12-08 14:46:42,431 [pool-241-thread-1] INFO  server.RaftServerConfigKeys (ConfUtils.java:logGet(44)) - raft.server.rpc.timeout.max = 5200ms (custom)
2020-12-08 14:46:42,431 [pool-241-thread-1] INFO  server.RaftServerConfigKeys (ConfUtils.java:logGet(44)) - raft.server.rpc.slowness.timeout = 300s (custom)
2020-12-08 14:46:42,431 [pool-241-thread-1] INFO  server.RaftServerConfigKeys (ConfUtils.java:logGet(44)) - raft.server.leaderelection.leader.step-down.wait-time = 10s (default)
2020-12-08 14:46:42,432 [pool-241-thread-1] INFO  server.RaftServerConfigKeys (ConfUtils.java:logGet(44)) - raft.server.sleep.deviation.threshold = 300 (default)
2020-12-08 14:46:42,432 [pool-241-thread-1] INFO  server.RaftServerConfigKeys (ConfUtils.java:logGet(44)) - raft.server.log.appender.install.snapshot.enabled = false (custom)
2020-12-08 14:46:42,432 [pool-241-thread-1] INFO  impl.RaftServerImpl (ServerState.java:<init>(104)) - 197ed019-3b66-4a5a-8ebb-716a9f0e2ab5@group-37E6DBA041D2: ConfigurationManager, init=-1: [197ed019-3b66-4a5a-8ebb-716a9f0e2ab5|rpc:172.17.0.2:37931|dataStream:, bba845ab-d614-4a63-bf49-d4775724033f|rpc:172.17.0.2:35129|dataStream:, e06d1ff1-a20f-4588-91bb-f8f9c9d2192c|rpc:172.17.0.2:39309|dataStream:], old=null, confs=<EMPTY_MAP>
2020-12-08 14:46:42,432 [pool-241-thread-1] INFO  server.RaftServerConfigKeys (ConfUtils.java:logGet(44)) - raft.server.storage.dir = [/github/workspace/mnt/ozone/hadoop-ozone/integration-test/target/test-dir/MiniOzoneClusterImpl-cfd0bfd1-2e20-40f2-b3a5-c30c0e76baf6/datanode-4/data/ratis] (custom)
2020-12-08 14:46:42,432 [pool-241-thread-1] INFO  server.RaftServerConfigKeys (ConfUtils.java:logGet(44)) - raft.server.log.corruption.policy = EXCEPTION (default)
2020-12-08 14:46:42,432 [pool-241-thread-1] INFO  storage.RaftStorageDirectory (RaftStorageDirectory.java:analyzeStorage(261)) - The storage directory /github/workspace/mnt/ozone/hadoop-ozone/integration-test/target/test-dir/MiniOzoneClusterImpl-cfd0bfd1-2e20-40f2-b3a5-c30c0e76baf6/datanode-4/data/ratis/b06d860b-ea87-4438-ac4a-37e6dba041d2 does not exist. Creating ...
2020-12-08 14:46:42,433 [pool-241-thread-1] INFO  storage.RaftStorageDirectory (RaftStorageDirectory.java:tryLock(343)) - Lock on /github/workspace/mnt/ozone/hadoop-ozone/integration-test/target/test-dir/MiniOzoneClusterImpl-cfd0bfd1-2e20-40f2-b3a5-c30c0e76baf6/datanode-4/data/ratis/b06d860b-ea87-4438-ac4a-37e6dba041d2/in_use.lock acquired by nodename 15020@68facfb2a37d
2020-12-08 14:46:42,435 [pool-241-thread-1] INFO  storage.RaftStorage (RaftStorage.java:format(85)) - Storage directory /github/workspace/mnt/ozone/hadoop-ozone/integration-test/target/test-dir/MiniOzoneClusterImpl-cfd0bfd1-2e20-40f2-b3a5-c30c0e76baf6/datanode-4/data/ratis/b06d860b-ea87-4438-ac4a-37e6dba041d2 has been successfully formatted.
2020-12-08 14:46:42,436 [pool-241-thread-1] INFO  ratis.ContainerStateMachine (ContainerStateMachine.java:loadSnapshot(225)) - group-37E6DBA041D2: The snapshot info is null. Setting the last applied indexto:(t:0, i:~)
2020-12-08 14:46:42,436 [pool-241-thread-1] INFO  server.RaftServerConfigKeys (ConfUtils.java:logGet(44)) - raft.server.notification.no-leader.timeout = 300s (custom)
2020-12-08 14:46:42,437 [EventQueue-PipelineReportForOneReplicaPipelineSafeModeRule] INFO  safemode.SCMSafeModeManager (SCMSafeModeManager.java:validateSafeModeExitRules(214)) - AtleastOneDatanodeReportedRule rule is successfully validated
2020-12-08 14:46:42,438 [pool-241-thread-1] INFO  server.RaftServerConfigKeys (ConfUtils.java:logGet(44)) - raft.server.log.use.memory = false (default)
2020-12-08 14:46:42,438 [pool-241-thread-1] INFO  server.RaftServerConfigKeys (ConfUtils.java:logGet(44)) - raft.server.log.purge.gap = 1000000 (custom)
2020-12-08 14:46:42,438 [pool-241-thread-1] INFO  metrics.RatisMetrics (RatisMetrics.java:lambda$create$0(36)) - Creating Metrics Registry : ratis.log_worker.197ed019-3b66-4a5a-8ebb-716a9f0e2ab5@group-37E6DBA041D2
2020-12-08 14:46:42,438 [pool-241-thread-1] INFO  server.RaftServerConfigKeys (ConfUtils.java:logGet(44)) - raft.server.log.appender.buffer.byte-limit = 33554432 (custom)
2020-12-08 14:46:42,438 [pool-241-thread-1] INFO  server.RaftServerConfigKeys (ConfUtils.java:logGet(44)) - raft.server.log.segment.size.max = 1048576 (custom)
2020-12-08 14:46:42,439 [pool-241-thread-1] INFO  server.RaftServerConfigKeys (ConfUtils.java:logGet(44)) - raft.server.log.segment.cache.num.max = 2 (custom)
2020-12-08 14:46:42,439 [pool-241-thread-1] INFO  segmented.SegmentedRaftLogWorker (SegmentedRaftLogWorker.java:<init>(180)) - new 197ed019-3b66-4a5a-8ebb-716a9f0e2ab5@group-37E6DBA041D2-SegmentedRaftLogWorker for RaftStorage:Storage Directory /github/workspace/mnt/ozone/hadoop-ozone/integration-test/target/test-dir/MiniOzoneClusterImpl-cfd0bfd1-2e20-40f2-b3a5-c30c0e76baf6/datanode-4/data/ratis/b06d860b-ea87-4438-ac4a-37e6dba041d2
2020-12-08 14:46:42,439 [pool-241-thread-1] INFO  server.RaftServerConfigKeys (ConfUtils.java:logGet(44)) - raft.server.log.queue.byte-limit = 2147483647 (custom)
2020-12-08 14:46:42,439 [pool-241-thread-1] INFO  server.RaftServerConfigKeys (ConfUtils.java:logGet(44)) - raft.server.log.queue.element-limit = 1024 (custom)
2020-12-08 14:46:42,439 [pool-241-thread-1] INFO  server.RaftServerConfigKeys (ConfUtils.java:logGet(44)) - raft.server.log.segment.size.max = 1048576 (custom)
2020-12-08 14:46:42,439 [pool-241-thread-1] INFO  server.RaftServerConfigKeys (ConfUtils.java:logGet(44)) - raft.server.log.preallocated.size = 16384 (custom)
2020-12-08 14:46:42,439 [pool-241-thread-1] INFO  server.RaftServerConfigKeys (ConfUtils.java:logGet(44)) - raft.server.log.write.buffer.size = 1048576 (custom)
2020-12-08 14:46:42,439 [pool-241-thread-1] INFO  server.RaftServerConfigKeys (ConfUtils.java:logGet(44)) - raft.server.log.force.sync.num = 128 (default)
2020-12-08 14:46:42,439 [pool-241-thread-1] INFO  server.RaftServerConfigKeys (ConfUtils.java:logGet(44)) - raft.server.log.statemachine.data.sync = true (default)
2020-12-08 14:46:42,439 [pool-241-thread-1] INFO  server.RaftServerConfigKeys (ConfUtils.java:logGet(44)) - raft.server.log.statemachine.data.sync.timeout = 10s (default)
2020-12-08 14:46:42,439 [pool-241-thread-1] INFO  server.RaftServerConfigKeys (ConfUtils.java:logGet(44)) - raft.server.log.statemachine.data.sync.timeout.retry = -1 (default)
2020-12-08 14:46:42,440 [pool-241-thread-1] INFO  server.RaftServerConfigKeys (ConfUtils.java:logGet(44)) - raft.server.log.statemachine.data.caching.enabled = true (custom)
2020-12-08 14:46:42,441 [pool-241-thread-1] INFO  segmented.SegmentedRaftLogWorker (SegmentedRaftLogWorker.java:lambda$new$0(129)) - 197ed019-3b66-4a5a-8ebb-716a9f0e2ab5@group-37E6DBA041D2-SegmentedRaftLogWorker: flushIndex: setUnconditionally 0 -> -1
2020-12-08 14:46:42,441 [pool-241-thread-1] INFO  segmented.SegmentedRaftLogWorker (SegmentedRaftLogWorker.java:lambda$new$0(129)) - 197ed019-3b66-4a5a-8ebb-716a9f0e2ab5@group-37E6DBA041D2-SegmentedRaftLogWorker: safeCacheEvictIndex: setUnconditionally 0 -> -1
2020-12-08 14:46:42,441 [pool-241-thread-1] INFO  server.RaftServerConfigKeys (ConfUtils.java:logGet(44)) - raft.server.snapshot.auto.trigger.enabled = true (custom)
2020-12-08 14:46:42,441 [pool-241-thread-1] INFO  server.RaftServerConfigKeys (ConfUtils.java:logGet(44)) - raft.server.snapshot.auto.trigger.threshold = 10000 (custom)
2020-12-08 14:46:42,441 [pool-241-thread-1] INFO  server.RaftServerConfigKeys (ConfUtils.java:logGet(44)) - raft.server.snapshot.retention.file.num = 5 (custom)
2020-12-08 14:46:42,441 [pool-241-thread-1] INFO  server.RaftServerConfigKeys (ConfUtils.java:logGet(44)) - raft.server.log.purge.upto.snapshot.index = false (default)
2020-12-08 14:46:42,441 [pool-241-thread-1] INFO  server.RaftServerConfigKeys (ConfUtils.java:logGet(44)) - raft.server.retrycache.expirytime = 600000ms (custom)
2020-12-08 14:46:42,441 [pool-241-thread-1] INFO  metrics.RatisMetrics (RatisMetrics.java:lambda$create$0(36)) - Creating Metrics Registry : ratis.leader_election.197ed019-3b66-4a5a-8ebb-716a9f0e2ab5@group-37E6DBA041D2
2020-12-08 14:46:42,441 [pool-241-thread-1] INFO  metrics.RatisMetrics (RatisMetrics.java:lambda$create$0(36)) - Creating Metrics Registry : ratis.server.197ed019-3b66-4a5a-8ebb-716a9f0e2ab5@group-37E6DBA041D2
2020-12-08 14:46:42,442 [pool-241-thread-1] INFO  impl.RaftServerImpl (RaftServerImpl.java:start(215)) - 197ed019-3b66-4a5a-8ebb-716a9f0e2ab5@group-37E6DBA041D2: start as a follower, conf=-1: [197ed019-3b66-4a5a-8ebb-716a9f0e2ab5|rpc:172.17.0.2:37931|dataStream:, bba845ab-d614-4a63-bf49-d4775724033f|rpc:172.17.0.2:35129|dataStream:, e06d1ff1-a20f-4588-91bb-f8f9c9d2192c|rpc:172.17.0.2:39309|dataStream:], old=null
2020-12-08 14:46:42,442 [pool-241-thread-1] INFO  impl.RaftServerImpl (RaftServerImpl.java:setRole(204)) - 197ed019-3b66-4a5a-8ebb-716a9f0e2ab5@group-37E6DBA041D2: changes role from      null to FOLLOWER at term 0 for startAsFollower
2020-12-08 14:46:42,442 [pool-241-thread-1] INFO  impl.RoleInfo (RoleInfo.java:updateAndGet(143)) - 197ed019-3b66-4a5a-8ebb-716a9f0e2ab5: start 197ed019-3b66-4a5a-8ebb-716a9f0e2ab5@group-37E6DBA041D2-FollowerState
2020-12-08 14:46:42,443 [pool-241-thread-1] INFO  util.JmxRegister (JmxRegister.java:tryRegister(44)) - Successfully registered JMX Bean with object name Ratis:service=RaftServer,group=group-37E6DBA041D2,id=197ed019-3b66-4a5a-8ebb-716a9f0e2ab5
2020-12-08 14:46:42,443 [pool-241-thread-1] INFO  metrics.RatisMetrics (RatisMetrics.java:lambda$create$0(36)) - Creating Metrics Registry : ratis.state_machine.197ed019-3b66-4a5a-8ebb-716a9f0e2ab5@group-37E6DBA041D2
2020-12-08 14:46:42,456 [Command processor thread] INFO  metrics.RatisMetrics (RatisMetrics.java:lambda$create$0(36)) - Creating Metrics Registry : ratis.client_message_metrics.client-27295E015573->bba845ab-d614-4a63-bf49-d4775724033f
2020-12-08 14:46:42,461 [grpc-default-executor-1] INFO  metrics.RatisMetrics (RatisMetrics.java:lambda$create$0(36)) - Creating Metrics Registry : ratis.server_message_metrics.bba845ab-d614-4a63-bf49-d4775724033f
2020-12-08 14:46:42,467 [grpc-default-executor-1] INFO  impl.RaftServerProxy (RaftServerProxy.java:addNew(93)) - bba845ab-d614-4a63-bf49-d4775724033f: addNew group-37E6DBA041D2:[197ed019-3b66-4a5a-8ebb-716a9f0e2ab5|rpc:172.17.0.2:37931|dataStream:, bba845ab-d614-4a63-bf49-d4775724033f|rpc:172.17.0.2:35129|dataStream:, e06d1ff1-a20f-4588-91bb-f8f9c9d2192c|rpc:172.17.0.2:39309|dataStream:] returns group-37E6DBA041D2:java.util.concurrent.CompletableFuture@4a6ac0f[Not completed]
2020-12-08 14:46:42,468 [pool-257-thread-1] INFO  impl.RaftServerImpl (RaftServerImpl.java:<init>(121)) - bba845ab-d614-4a63-bf49-d4775724033f: new RaftServerImpl for group-37E6DBA041D2:[197ed019-3b66-4a5a-8ebb-716a9f0e2ab5|rpc:172.17.0.2:37931|dataStream:, bba845ab-d614-4a63-bf49-d4775724033f|rpc:172.17.0.2:35129|dataStream:, e06d1ff1-a20f-4588-91bb-f8f9c9d2192c|rpc:172.17.0.2:39309|dataStream:] with ContainerStateMachine:uninitialized
2020-12-08 14:46:42,468 [pool-257-thread-1] INFO  server.RaftServerConfigKeys (ConfUtils.java:logGet(44)) - raft.server.rpc.timeout.min = 5s (custom)
2020-12-08 14:46:42,468 [pool-257-thread-1] INFO  server.RaftServerConfigKeys (ConfUtils.java:logGet(44)) - raft.server.rpc.timeout.max = 5200ms (custom)
2020-12-08 14:46:42,469 [pool-257-thread-1] INFO  server.RaftServerConfigKeys (ConfUtils.java:logGet(44)) - raft.server.rpc.slowness.timeout = 300s (custom)
2020-12-08 14:46:42,469 [pool-257-thread-1] INFO  server.RaftServerConfigKeys (ConfUtils.java:logGet(44)) - raft.server.leaderelection.leader.step-down.wait-time = 10s (default)
2020-12-08 14:46:42,469 [pool-257-thread-1] INFO  server.RaftServerConfigKeys (ConfUtils.java:logGet(44)) - raft.server.sleep.deviation.threshold = 300 (default)
2020-12-08 14:46:42,469 [pool-257-thread-1] INFO  server.RaftServerConfigKeys (ConfUtils.java:logGet(44)) - raft.server.log.appender.install.snapshot.enabled = false (custom)
2020-12-08 14:46:42,469 [pool-257-thread-1] INFO  impl.RaftServerImpl (ServerState.java:<init>(104)) - bba845ab-d614-4a63-bf49-d4775724033f@group-37E6DBA041D2: ConfigurationManager, init=-1: [197ed019-3b66-4a5a-8ebb-716a9f0e2ab5|rpc:172.17.0.2:37931|dataStream:, bba845ab-d614-4a63-bf49-d4775724033f|rpc:172.17.0.2:35129|dataStream:, e06d1ff1-a20f-4588-91bb-f8f9c9d2192c|rpc:172.17.0.2:39309|dataStream:], old=null, confs=<EMPTY_MAP>
2020-12-08 14:46:42,469 [pool-257-thread-1] INFO  server.RaftServerConfigKeys (ConfUtils.java:logGet(44)) - raft.server.storage.dir = [/github/workspace/mnt/ozone/hadoop-ozone/integration-test/target/test-dir/MiniOzoneClusterImpl-cfd0bfd1-2e20-40f2-b3a5-c30c0e76baf6/datanode-5/data/ratis] (custom)
2020-12-08 14:46:42,469 [pool-257-thread-1] INFO  server.RaftServerConfigKeys (ConfUtils.java:logGet(44)) - raft.server.log.corruption.policy = EXCEPTION (default)
2020-12-08 14:46:42,469 [pool-257-thread-1] INFO  storage.RaftStorageDirectory (RaftStorageDirectory.java:analyzeStorage(261)) - The storage directory /github/workspace/mnt/ozone/hadoop-ozone/integration-test/target/test-dir/MiniOzoneClusterImpl-cfd0bfd1-2e20-40f2-b3a5-c30c0e76baf6/datanode-5/data/ratis/b06d860b-ea87-4438-ac4a-37e6dba041d2 does not exist. Creating ...
2020-12-08 14:46:42,476 [pool-257-thread-1] INFO  storage.RaftStorageDirectory (RaftStorageDirectory.java:tryLock(343)) - Lock on /github/workspace/mnt/ozone/hadoop-ozone/integration-test/target/test-dir/MiniOzoneClusterImpl-cfd0bfd1-2e20-40f2-b3a5-c30c0e76baf6/datanode-5/data/ratis/b06d860b-ea87-4438-ac4a-37e6dba041d2/in_use.lock acquired by nodename 15020@68facfb2a37d
2020-12-08 14:46:42,477 [pool-257-thread-1] INFO  storage.RaftStorage (RaftStorage.java:format(85)) - Storage directory /github/workspace/mnt/ozone/hadoop-ozone/integration-test/target/test-dir/MiniOzoneClusterImpl-cfd0bfd1-2e20-40f2-b3a5-c30c0e76baf6/datanode-5/data/ratis/b06d860b-ea87-4438-ac4a-37e6dba041d2 has been successfully formatted.
2020-12-08 14:46:42,479 [pool-257-thread-1] INFO  ratis.ContainerStateMachine (ContainerStateMachine.java:loadSnapshot(225)) - group-37E6DBA041D2: The snapshot info is null. Setting the last applied indexto:(t:0, i:~)
2020-12-08 14:46:42,479 [EventQueue-PipelineReportForOneReplicaPipelineSafeModeRule] INFO  safemode.SCMSafeModeManager (SCMSafeModeManager.java:validateSafeModeExitRules(214)) - AtleastOneDatanodeReportedRule rule is successfully validated
2020-12-08 14:46:42,480 [pool-257-thread-1] INFO  server.RaftServerConfigKeys (ConfUtils.java:logGet(44)) - raft.server.notification.no-leader.timeout = 300s (custom)
2020-12-08 14:46:42,480 [pool-257-thread-1] INFO  server.RaftServerConfigKeys (ConfUtils.java:logGet(44)) - raft.server.log.use.memory = false (default)
2020-12-08 14:46:42,480 [pool-257-thread-1] INFO  server.RaftServerConfigKeys (ConfUtils.java:logGet(44)) - raft.server.log.purge.gap = 1000000 (custom)
2020-12-08 14:46:42,480 [pool-257-thread-1] INFO  metrics.RatisMetrics (RatisMetrics.java:lambda$create$0(36)) - Creating Metrics Registry : ratis.log_worker.bba845ab-d614-4a63-bf49-d4775724033f@group-37E6DBA041D2
2020-12-08 14:46:42,480 [pool-257-thread-1] INFO  server.RaftServerConfigKeys (ConfUtils.java:logGet(44)) - raft.server.log.appender.buffer.byte-limit = 33554432 (custom)
2020-12-08 14:46:42,480 [pool-257-thread-1] INFO  server.RaftServerConfigKeys (ConfUtils.java:logGet(44)) - raft.server.log.segment.size.max = 1048576 (custom)
2020-12-08 14:46:42,480 [pool-257-thread-1] INFO  server.RaftServerConfigKeys (ConfUtils.java:logGet(44)) - raft.server.log.segment.cache.num.max = 2 (custom)
2020-12-08 14:46:42,481 [pool-257-thread-1] INFO  segmented.SegmentedRaftLogWorker (SegmentedRaftLogWorker.java:<init>(180)) - new bba845ab-d614-4a63-bf49-d4775724033f@group-37E6DBA041D2-SegmentedRaftLogWorker for RaftStorage:Storage Directory /github/workspace/mnt/ozone/hadoop-ozone/integration-test/target/test-dir/MiniOzoneClusterImpl-cfd0bfd1-2e20-40f2-b3a5-c30c0e76baf6/datanode-5/data/ratis/b06d860b-ea87-4438-ac4a-37e6dba041d2
2020-12-08 14:46:42,481 [pool-257-thread-1] INFO  server.RaftServerConfigKeys (ConfUtils.java:logGet(44)) - raft.server.log.queue.byte-limit = 2147483647 (custom)
2020-12-08 14:46:42,481 [pool-257-thread-1] INFO  server.RaftServerConfigKeys (ConfUtils.java:logGet(44)) - raft.server.log.queue.element-limit = 1024 (custom)
2020-12-08 14:46:42,481 [pool-257-thread-1] INFO  server.RaftServerConfigKeys (ConfUtils.java:logGet(44)) - raft.server.log.segment.size.max = 1048576 (custom)
2020-12-08 14:46:42,481 [pool-257-thread-1] INFO  server.RaftServerConfigKeys (ConfUtils.java:logGet(44)) - raft.server.log.preallocated.size = 16384 (custom)
2020-12-08 14:46:42,482 [pool-257-thread-1] INFO  server.RaftServerConfigKeys (ConfUtils.java:logGet(44)) - raft.server.log.write.buffer.size = 1048576 (custom)
2020-12-08 14:46:42,483 [pool-257-thread-1] INFO  server.RaftServerConfigKeys (ConfUtils.java:logGet(44)) - raft.server.log.force.sync.num = 128 (default)
2020-12-08 14:46:42,483 [pool-257-thread-1] INFO  server.RaftServerConfigKeys (ConfUtils.java:logGet(44)) - raft.server.log.statemachine.data.sync = true (default)
2020-12-08 14:46:42,483 [pool-257-thread-1] INFO  server.RaftServerConfigKeys (ConfUtils.java:logGet(44)) - raft.server.log.statemachine.data.sync.timeout = 10s (default)
2020-12-08 14:46:42,483 [pool-257-thread-1] INFO  server.RaftServerConfigKeys (ConfUtils.java:logGet(44)) - raft.server.log.statemachine.data.sync.timeout.retry = -1 (default)
2020-12-08 14:46:42,486 [pool-257-thread-1] INFO  server.RaftServerConfigKeys (ConfUtils.java:logGet(44)) - raft.server.log.statemachine.data.caching.enabled = true (custom)
2020-12-08 14:46:42,486 [pool-257-thread-1] INFO  segmented.SegmentedRaftLogWorker (SegmentedRaftLogWorker.java:lambda$new$0(129)) - bba845ab-d614-4a63-bf49-d4775724033f@group-37E6DBA041D2-SegmentedRaftLogWorker: flushIndex: setUnconditionally 0 -> -1
2020-12-08 14:46:42,486 [pool-257-thread-1] INFO  segmented.SegmentedRaftLogWorker (SegmentedRaftLogWorker.java:lambda$new$0(129)) - bba845ab-d614-4a63-bf49-d4775724033f@group-37E6DBA041D2-SegmentedRaftLogWorker: safeCacheEvictIndex: setUnconditionally 0 -> -1
2020-12-08 14:46:42,486 [pool-257-thread-1] INFO  server.RaftServerConfigKeys (ConfUtils.java:logGet(44)) - raft.server.snapshot.auto.trigger.enabled = true (custom)
2020-12-08 14:46:42,486 [pool-257-thread-1] INFO  server.RaftServerConfigKeys (ConfUtils.java:logGet(44)) - raft.server.snapshot.auto.trigger.threshold = 10000 (custom)
2020-12-08 14:46:42,486 [pool-257-thread-1] INFO  server.RaftServerConfigKeys (ConfUtils.java:logGet(44)) - raft.server.snapshot.retention.file.num = 5 (custom)
2020-12-08 14:46:42,486 [pool-257-thread-1] INFO  server.RaftServerConfigKeys (ConfUtils.java:logGet(44)) - raft.server.log.purge.upto.snapshot.index = false (default)
2020-12-08 14:46:42,486 [pool-257-thread-1] INFO  server.RaftServerConfigKeys (ConfUtils.java:logGet(44)) - raft.server.retrycache.expirytime = 600000ms (custom)
2020-12-08 14:46:42,487 [pool-257-thread-1] INFO  metrics.RatisMetrics (RatisMetrics.java:lambda$create$0(36)) - Creating Metrics Registry : ratis.leader_election.bba845ab-d614-4a63-bf49-d4775724033f@group-37E6DBA041D2
2020-12-08 14:46:42,487 [pool-257-thread-1] INFO  metrics.RatisMetrics (RatisMetrics.java:lambda$create$0(36)) - Creating Metrics Registry : ratis.server.bba845ab-d614-4a63-bf49-d4775724033f@group-37E6DBA041D2
2020-12-08 14:46:42,488 [pool-257-thread-1] INFO  impl.RaftServerImpl (RaftServerImpl.java:start(215)) - bba845ab-d614-4a63-bf49-d4775724033f@group-37E6DBA041D2: start as a follower, conf=-1: [197ed019-3b66-4a5a-8ebb-716a9f0e2ab5|rpc:172.17.0.2:37931|dataStream:, bba845ab-d614-4a63-bf49-d4775724033f|rpc:172.17.0.2:35129|dataStream:, e06d1ff1-a20f-4588-91bb-f8f9c9d2192c|rpc:172.17.0.2:39309|dataStream:], old=null
2020-12-08 14:46:42,488 [pool-257-thread-1] INFO  impl.RaftServerImpl (RaftServerImpl.java:setRole(204)) - bba845ab-d614-4a63-bf49-d4775724033f@group-37E6DBA041D2: changes role from      null to FOLLOWER at term 0 for startAsFollower
2020-12-08 14:46:42,488 [pool-257-thread-1] INFO  impl.RoleInfo (RoleInfo.java:updateAndGet(143)) - bba845ab-d614-4a63-bf49-d4775724033f: start bba845ab-d614-4a63-bf49-d4775724033f@group-37E6DBA041D2-FollowerState
2020-12-08 14:46:42,488 [pool-257-thread-1] INFO  util.JmxRegister (JmxRegister.java:tryRegister(44)) - Successfully registered JMX Bean with object name Ratis:service=RaftServer,group=group-37E6DBA041D2,id=bba845ab-d614-4a63-bf49-d4775724033f
2020-12-08 14:46:42,488 [pool-257-thread-1] INFO  metrics.RatisMetrics (RatisMetrics.java:lambda$create$0(36)) - Creating Metrics Registry : ratis.state_machine.bba845ab-d614-4a63-bf49-d4775724033f@group-37E6DBA041D2
2020-12-08 14:46:42,493 [Command processor thread] INFO  commandhandler.CreatePipelineCommandHandler (CreatePipelineCommandHandler.java:handle(106)) - Created Pipeline RATIS THREE PipelineID=b06d860b-ea87-4438-ac4a-37e6dba041d2.
2020-12-08 14:46:42,608 [Command processor thread] INFO  impl.RaftServerProxy (RaftServerProxy.java:addNew(93)) - 197ed019-3b66-4a5a-8ebb-716a9f0e2ab5: addNew group-65FFE85408C7:[197ed019-3b66-4a5a-8ebb-716a9f0e2ab5|rpc:172.17.0.2:37931] returns group-65FFE85408C7:java.util.concurrent.CompletableFuture@1c97f7ff[Not completed]
2020-12-08 14:46:42,610 [pool-241-thread-1] INFO  impl.RaftServerImpl (RaftServerImpl.java:<init>(121)) - 197ed019-3b66-4a5a-8ebb-716a9f0e2ab5: new RaftServerImpl for group-65FFE85408C7:[197ed019-3b66-4a5a-8ebb-716a9f0e2ab5|rpc:172.17.0.2:37931] with ContainerStateMachine:uninitialized
2020-12-08 14:46:42,610 [pool-241-thread-1] INFO  server.RaftServerConfigKeys (ConfUtils.java:logGet(44)) - raft.server.rpc.timeout.min = 5s (custom)
2020-12-08 14:46:42,610 [pool-241-thread-1] INFO  server.RaftServerConfigKeys (ConfUtils.java:logGet(44)) - raft.server.rpc.timeout.max = 5200ms (custom)
2020-12-08 14:46:42,610 [pool-241-thread-1] INFO  server.RaftServerConfigKeys (ConfUtils.java:logGet(44)) - raft.server.rpc.slowness.timeout = 300s (custom)
2020-12-08 14:46:42,610 [pool-241-thread-1] INFO  server.RaftServerConfigKeys (ConfUtils.java:logGet(44)) - raft.server.leaderelection.leader.step-down.wait-time = 10s (default)
2020-12-08 14:46:42,610 [pool-241-thread-1] INFO  server.RaftServerConfigKeys (ConfUtils.java:logGet(44)) - raft.server.sleep.deviation.threshold = 300 (default)
2020-12-08 14:46:42,610 [pool-241-thread-1] INFO  server.RaftServerConfigKeys (ConfUtils.java:logGet(44)) - raft.server.log.appender.install.snapshot.enabled = false (custom)
2020-12-08 14:46:42,610 [pool-241-thread-1] INFO  impl.RaftServerImpl (ServerState.java:<init>(104)) - 197ed019-3b66-4a5a-8ebb-716a9f0e2ab5@group-65FFE85408C7: ConfigurationManager, init=-1: [197ed019-3b66-4a5a-8ebb-716a9f0e2ab5|rpc:172.17.0.2:37931], old=null, confs=<EMPTY_MAP>
2020-12-08 14:46:42,610 [pool-241-thread-1] INFO  server.RaftServerConfigKeys (ConfUtils.java:logGet(44)) - raft.server.storage.dir = [/github/workspace/mnt/ozone/hadoop-ozone/integration-test/target/test-dir/MiniOzoneClusterImpl-cfd0bfd1-2e20-40f2-b3a5-c30c0e76baf6/datanode-4/data/ratis] (custom)
2020-12-08 14:46:42,611 [pool-241-thread-1] INFO  server.RaftServerConfigKeys (ConfUtils.java:logGet(44)) - raft.server.log.corruption.policy = EXCEPTION (default)
2020-12-08 14:46:42,611 [pool-241-thread-1] INFO  storage.RaftStorageDirectory (RaftStorageDirectory.java:analyzeStorage(261)) - The storage directory /github/workspace/mnt/ozone/hadoop-ozone/integration-test/target/test-dir/MiniOzoneClusterImpl-cfd0bfd1-2e20-40f2-b3a5-c30c0e76baf6/datanode-4/data/ratis/2c8f51b3-ea37-4368-9537-65ffe85408c7 does not exist. Creating ...
2020-12-08 14:46:42,612 [pool-241-thread-1] INFO  storage.RaftStorageDirectory (RaftStorageDirectory.java:tryLock(343)) - Lock on /github/workspace/mnt/ozone/hadoop-ozone/integration-test/target/test-dir/MiniOzoneClusterImpl-cfd0bfd1-2e20-40f2-b3a5-c30c0e76baf6/datanode-4/data/ratis/2c8f51b3-ea37-4368-9537-65ffe85408c7/in_use.lock acquired by nodename 15020@68facfb2a37d
2020-12-08 14:46:42,614 [pool-241-thread-1] INFO  storage.RaftStorage (RaftStorage.java:format(85)) - Storage directory /github/workspace/mnt/ozone/hadoop-ozone/integration-test/target/test-dir/MiniOzoneClusterImpl-cfd0bfd1-2e20-40f2-b3a5-c30c0e76baf6/datanode-4/data/ratis/2c8f51b3-ea37-4368-9537-65ffe85408c7 has been successfully formatted.
2020-12-08 14:46:42,614 [pool-241-thread-1] INFO  ratis.ContainerStateMachine (ContainerStateMachine.java:loadSnapshot(225)) - group-65FFE85408C7: The snapshot info is null. Setting the last applied indexto:(t:0, i:~)
2020-12-08 14:46:42,615 [pool-241-thread-1] INFO  server.RaftServerConfigKeys (ConfUtils.java:logGet(44)) - raft.server.notification.no-leader.timeout = 300s (custom)
2020-12-08 14:46:42,616 [EventQueue-PipelineReportForPipelineReportHandler] INFO  pipeline.PipelineStateManager (PipelineStateManager.java:openPipeline(132)) - Pipeline Pipeline[ Id: 2c8f51b3-ea37-4368-9537-65ffe85408c7, Nodes: 197ed019-3b66-4a5a-8ebb-716a9f0e2ab5{ip: 172.17.0.2, host: 68facfb2a37d, networkLocation: /default-rack, certSerialId: null, persistedOpState: IN_SERVICE, persistedOpStateExpiryEpochSec: 0}, Type:RATIS, Factor:ONE, State:ALLOCATED, leaderId:197ed019-3b66-4a5a-8ebb-716a9f0e2ab5, CreationTimestamp2020-12-08T14:46:39.610Z] moved to OPEN state
2020-12-08 14:46:42,616 [pool-241-thread-1] INFO  server.RaftServerConfigKeys (ConfUtils.java:logGet(44)) - raft.server.log.use.memory = false (default)
2020-12-08 14:46:42,616 [pool-241-thread-1] INFO  server.RaftServerConfigKeys (ConfUtils.java:logGet(44)) - raft.server.log.purge.gap = 1000000 (custom)
2020-12-08 14:46:42,616 [pool-241-thread-1] INFO  metrics.RatisMetrics (RatisMetrics.java:lambda$create$0(36)) - Creating Metrics Registry : ratis.log_worker.197ed019-3b66-4a5a-8ebb-716a9f0e2ab5@group-65FFE85408C7
2020-12-08 14:46:42,616 [EventQueue-PipelineReportForOneReplicaPipelineSafeModeRule] INFO  safemode.SCMSafeModeManager (SCMSafeModeManager.java:validateSafeModeExitRules(214)) - AtleastOneDatanodeReportedRule rule is successfully validated
2020-12-08 14:46:42,618 [pool-241-thread-1] INFO  server.RaftServerConfigKeys (ConfUtils.java:logGet(44)) - raft.server.log.appender.buffer.byte-limit = 33554432 (custom)
2020-12-08 14:46:42,617 [EventQueue-OpenPipelineForHealthyPipelineSafeModeRule] INFO  safemode.SCMSafeModeManager (HealthyPipelineSafeModeRule.java:process(128)) - SCM in safe mode. Healthy pipelines reported count is 0, required healthy pipeline reported count is 1
2020-12-08 14:46:42,618 [pool-241-thread-1] INFO  server.RaftServerConfigKeys (ConfUtils.java:logGet(44)) - raft.server.log.segment.size.max = 1048576 (custom)
2020-12-08 14:46:42,618 [pool-241-thread-1] INFO  server.RaftServerConfigKeys (ConfUtils.java:logGet(44)) - raft.server.log.segment.cache.num.max = 2 (custom)
2020-12-08 14:46:42,618 [pool-241-thread-1] INFO  segmented.SegmentedRaftLogWorker (SegmentedRaftLogWorker.java:<init>(180)) - new 197ed019-3b66-4a5a-8ebb-716a9f0e2ab5@group-65FFE85408C7-SegmentedRaftLogWorker for RaftStorage:Storage Directory /github/workspace/mnt/ozone/hadoop-ozone/integration-test/target/test-dir/MiniOzoneClusterImpl-cfd0bfd1-2e20-40f2-b3a5-c30c0e76baf6/datanode-4/data/ratis/2c8f51b3-ea37-4368-9537-65ffe85408c7
2020-12-08 14:46:42,618 [pool-241-thread-1] INFO  server.RaftServerConfigKeys (ConfUtils.java:logGet(44)) - raft.server.log.queue.byte-limit = 2147483647 (custom)
2020-12-08 14:46:42,619 [pool-241-thread-1] INFO  server.RaftServerConfigKeys (ConfUtils.java:logGet(44)) - raft.server.log.queue.element-limit = 1024 (custom)
2020-12-08 14:46:42,619 [pool-241-thread-1] INFO  server.RaftServerConfigKeys (ConfUtils.java:logGet(44)) - raft.server.log.segment.size.max = 1048576 (custom)
2020-12-08 14:46:42,619 [pool-241-thread-1] INFO  server.RaftServerConfigKeys (ConfUtils.java:logGet(44)) - raft.server.log.preallocated.size = 16384 (custom)
2020-12-08 14:46:42,619 [pool-241-thread-1] INFO  server.RaftServerConfigKeys (ConfUtils.java:logGet(44)) - raft.server.log.write.buffer.size = 1048576 (custom)
2020-12-08 14:46:42,619 [pool-241-thread-1] INFO  server.RaftServerConfigKeys (ConfUtils.java:logGet(44)) - raft.server.log.force.sync.num = 128 (default)
2020-12-08 14:46:42,619 [pool-241-thread-1] INFO  server.RaftServerConfigKeys (ConfUtils.java:logGet(44)) - raft.server.log.statemachine.data.sync = true (default)
2020-12-08 14:46:42,619 [pool-241-thread-1] INFO  server.RaftServerConfigKeys (ConfUtils.java:logGet(44)) - raft.server.log.statemachine.data.sync.timeout = 10s (default)
2020-12-08 14:46:42,619 [pool-241-thread-1] INFO  server.RaftServerConfigKeys (ConfUtils.java:logGet(44)) - raft.server.log.statemachine.data.sync.timeout.retry = -1 (default)
2020-12-08 14:46:42,620 [pool-241-thread-1] INFO  server.RaftServerConfigKeys (ConfUtils.java:logGet(44)) - raft.server.log.statemachine.data.caching.enabled = true (custom)
2020-12-08 14:46:42,620 [pool-241-thread-1] INFO  segmented.SegmentedRaftLogWorker (SegmentedRaftLogWorker.java:lambda$new$0(129)) - 197ed019-3b66-4a5a-8ebb-716a9f0e2ab5@group-65FFE85408C7-SegmentedRaftLogWorker: flushIndex: setUnconditionally 0 -> -1
2020-12-08 14:46:42,620 [pool-241-thread-1] INFO  segmented.SegmentedRaftLogWorker (SegmentedRaftLogWorker.java:lambda$new$0(129)) - 197ed019-3b66-4a5a-8ebb-716a9f0e2ab5@group-65FFE85408C7-SegmentedRaftLogWorker: safeCacheEvictIndex: setUnconditionally 0 -> -1
2020-12-08 14:46:42,621 [pool-241-thread-1] INFO  server.RaftServerConfigKeys (ConfUtils.java:logGet(44)) - raft.server.snapshot.auto.trigger.enabled = true (custom)
2020-12-08 14:46:42,621 [pool-241-thread-1] INFO  server.RaftServerConfigKeys (ConfUtils.java:logGet(44)) - raft.server.snapshot.auto.trigger.threshold = 10000 (custom)
2020-12-08 14:46:42,621 [pool-241-thread-1] INFO  server.RaftServerConfigKeys (ConfUtils.java:logGet(44)) - raft.server.snapshot.retention.file.num = 5 (custom)
2020-12-08 14:46:42,621 [pool-241-thread-1] INFO  server.RaftServerConfigKeys (ConfUtils.java:logGet(44)) - raft.server.log.purge.upto.snapshot.index = false (default)
2020-12-08 14:46:42,621 [pool-241-thread-1] INFO  server.RaftServerConfigKeys (ConfUtils.java:logGet(44)) - raft.server.retrycache.expirytime = 600000ms (custom)
2020-12-08 14:46:42,621 [pool-241-thread-1] INFO  metrics.RatisMetrics (RatisMetrics.java:lambda$create$0(36)) - Creating Metrics Registry : ratis.leader_election.197ed019-3b66-4a5a-8ebb-716a9f0e2ab5@group-65FFE85408C7
2020-12-08 14:46:42,621 [pool-241-thread-1] INFO  metrics.RatisMetrics (RatisMetrics.java:lambda$create$0(36)) - Creating Metrics Registry : ratis.server.197ed019-3b66-4a5a-8ebb-716a9f0e2ab5@group-65FFE85408C7
2020-12-08 14:46:42,622 [pool-241-thread-1] INFO  impl.RaftServerImpl (RaftServerImpl.java:start(215)) - 197ed019-3b66-4a5a-8ebb-716a9f0e2ab5@group-65FFE85408C7: start as a follower, conf=-1: [197ed019-3b66-4a5a-8ebb-716a9f0e2ab5|rpc:172.17.0.2:37931], old=null
2020-12-08 14:46:42,622 [pool-241-thread-1] INFO  impl.RaftServerImpl (RaftServerImpl.java:setRole(204)) - 197ed019-3b66-4a5a-8ebb-716a9f0e2ab5@group-65FFE85408C7: changes role from      null to FOLLOWER at term 0 for startAsFollower
2020-12-08 14:46:42,622 [pool-241-thread-1] INFO  impl.RoleInfo (RoleInfo.java:updateAndGet(143)) - 197ed019-3b66-4a5a-8ebb-716a9f0e2ab5: start 197ed019-3b66-4a5a-8ebb-716a9f0e2ab5@group-65FFE85408C7-FollowerState
2020-12-08 14:46:42,622 [pool-241-thread-1] INFO  util.JmxRegister (JmxRegister.java:tryRegister(44)) - Successfully registered JMX Bean with object name Ratis:service=RaftServer,group=group-65FFE85408C7,id=197ed019-3b66-4a5a-8ebb-716a9f0e2ab5
2020-12-08 14:46:42,623 [pool-241-thread-1] INFO  metrics.RatisMetrics (RatisMetrics.java:lambda$create$0(36)) - Creating Metrics Registry : ratis.state_machine.197ed019-3b66-4a5a-8ebb-716a9f0e2ab5@group-65FFE85408C7
2020-12-08 14:46:42,623 [Command processor thread] INFO  commandhandler.CreatePipelineCommandHandler (CreatePipelineCommandHandler.java:handle(106)) - Created Pipeline RATIS ONE PipelineID=2c8f51b3-ea37-4368-9537-65ffe85408c7.
2020-12-08 14:46:42,856 [Command processor thread] INFO  impl.RaftServerProxy (RaftServerProxy.java:addNew(93)) - bba845ab-d614-4a63-bf49-d4775724033f: addNew group-90EAC9C2894E:[bba845ab-d614-4a63-bf49-d4775724033f|rpc:172.17.0.2:35129] returns group-90EAC9C2894E:java.util.concurrent.CompletableFuture@3b71e208[Not completed]
2020-12-08 14:46:42,857 [pool-257-thread-1] INFO  impl.RaftServerImpl (RaftServerImpl.java:<init>(121)) - bba845ab-d614-4a63-bf49-d4775724033f: new RaftServerImpl for group-90EAC9C2894E:[bba845ab-d614-4a63-bf49-d4775724033f|rpc:172.17.0.2:35129] with ContainerStateMachine:uninitialized
2020-12-08 14:46:42,857 [pool-257-thread-1] INFO  server.RaftServerConfigKeys (ConfUtils.java:logGet(44)) - raft.server.rpc.timeout.min = 5s (custom)
2020-12-08 14:46:42,857 [pool-257-thread-1] INFO  server.RaftServerConfigKeys (ConfUtils.java:logGet(44)) - raft.server.rpc.timeout.max = 5200ms (custom)
2020-12-08 14:46:42,858 [pool-257-thread-1] INFO  server.RaftServerConfigKeys (ConfUtils.java:logGet(44)) - raft.server.rpc.slowness.timeout = 300s (custom)
2020-12-08 14:46:42,858 [pool-257-thread-1] INFO  server.RaftServerConfigKeys (ConfUtils.java:logGet(44)) - raft.server.leaderelection.leader.step-down.wait-time = 10s (default)
2020-12-08 14:46:42,858 [pool-257-thread-1] INFO  server.RaftServerConfigKeys (ConfUtils.java:logGet(44)) - raft.server.sleep.deviation.threshold = 300 (default)
2020-12-08 14:46:42,858 [pool-257-thread-1] INFO  server.RaftServerConfigKeys (ConfUtils.java:logGet(44)) - raft.server.log.appender.install.snapshot.enabled = false (custom)
2020-12-08 14:46:42,858 [pool-257-thread-1] INFO  impl.RaftServerImpl (ServerState.java:<init>(104)) - bba845ab-d614-4a63-bf49-d4775724033f@group-90EAC9C2894E: ConfigurationManager, init=-1: [bba845ab-d614-4a63-bf49-d4775724033f|rpc:172.17.0.2:35129], old=null, confs=<EMPTY_MAP>
2020-12-08 14:46:42,858 [pool-257-thread-1] INFO  server.RaftServerConfigKeys (ConfUtils.java:logGet(44)) - raft.server.storage.dir = [/github/workspace/mnt/ozone/hadoop-ozone/integration-test/target/test-dir/MiniOzoneClusterImpl-cfd0bfd1-2e20-40f2-b3a5-c30c0e76baf6/datanode-5/data/ratis] (custom)
2020-12-08 14:46:42,858 [pool-257-thread-1] INFO  server.RaftServerConfigKeys (ConfUtils.java:logGet(44)) - raft.server.log.corruption.policy = EXCEPTION (default)
2020-12-08 14:46:42,858 [pool-257-thread-1] INFO  storage.RaftStorageDirectory (RaftStorageDirectory.java:analyzeStorage(261)) - The storage directory /github/workspace/mnt/ozone/hadoop-ozone/integration-test/target/test-dir/MiniOzoneClusterImpl-cfd0bfd1-2e20-40f2-b3a5-c30c0e76baf6/datanode-5/data/ratis/9fdef4d8-79ef-4402-848d-90eac9c2894e does not exist. Creating ...
2020-12-08 14:46:42,860 [pool-257-thread-1] INFO  storage.RaftStorageDirectory (RaftStorageDirectory.java:tryLock(343)) - Lock on /github/workspace/mnt/ozone/hadoop-ozone/integration-test/target/test-dir/MiniOzoneClusterImpl-cfd0bfd1-2e20-40f2-b3a5-c30c0e76baf6/datanode-5/data/ratis/9fdef4d8-79ef-4402-848d-90eac9c2894e/in_use.lock acquired by nodename 15020@68facfb2a37d
2020-12-08 14:46:42,861 [pool-257-thread-1] INFO  storage.RaftStorage (RaftStorage.java:format(85)) - Storage directory /github/workspace/mnt/ozone/hadoop-ozone/integration-test/target/test-dir/MiniOzoneClusterImpl-cfd0bfd1-2e20-40f2-b3a5-c30c0e76baf6/datanode-5/data/ratis/9fdef4d8-79ef-4402-848d-90eac9c2894e has been successfully formatted.
2020-12-08 14:46:42,861 [pool-257-thread-1] INFO  ratis.ContainerStateMachine (ContainerStateMachine.java:loadSnapshot(225)) - group-90EAC9C2894E: The snapshot info is null. Setting the last applied indexto:(t:0, i:~)
2020-12-08 14:46:42,861 [pool-257-thread-1] INFO  server.RaftServerConfigKeys (ConfUtils.java:logGet(44)) - raft.server.notification.no-leader.timeout = 300s (custom)
2020-12-08 14:46:42,862 [pool-257-thread-1] INFO  server.RaftServerConfigKeys (ConfUtils.java:logGet(44)) - raft.server.log.use.memory = false (default)
2020-12-08 14:46:42,862 [pool-257-thread-1] INFO  server.RaftServerConfigKeys (ConfUtils.java:logGet(44)) - raft.server.log.purge.gap = 1000000 (custom)
2020-12-08 14:46:42,862 [pool-257-thread-1] INFO  metrics.RatisMetrics (RatisMetrics.java:lambda$create$0(36)) - Creating Metrics Registry : ratis.log_worker.bba845ab-d614-4a63-bf49-d4775724033f@group-90EAC9C2894E
2020-12-08 14:46:42,862 [pool-257-thread-1] INFO  server.RaftServerConfigKeys (ConfUtils.java:logGet(44)) - raft.server.log.appender.buffer.byte-limit = 33554432 (custom)
2020-12-08 14:46:42,862 [pool-257-thread-1] INFO  server.RaftServerConfigKeys (ConfUtils.java:logGet(44)) - raft.server.log.segment.size.max = 1048576 (custom)
2020-12-08 14:46:42,862 [EventQueue-PipelineReportForPipelineReportHandler] INFO  pipeline.PipelineStateManager (PipelineStateManager.java:openPipeline(132)) - Pipeline Pipeline[ Id: 9fdef4d8-79ef-4402-848d-90eac9c2894e, Nodes: bba845ab-d614-4a63-bf49-d4775724033f{ip: 172.17.0.2, host: 68facfb2a37d, networkLocation: /default-rack, certSerialId: null, persistedOpState: IN_SERVICE, persistedOpStateExpiryEpochSec: 0}, Type:RATIS, Factor:ONE, State:ALLOCATED, leaderId:bba845ab-d614-4a63-bf49-d4775724033f, CreationTimestamp2020-12-08T14:46:39.858Z] moved to OPEN state
2020-12-08 14:46:42,863 [pool-257-thread-1] INFO  server.RaftServerConfigKeys (ConfUtils.java:logGet(44)) - raft.server.log.segment.cache.num.max = 2 (custom)
2020-12-08 14:46:42,863 [pool-257-thread-1] INFO  segmented.SegmentedRaftLogWorker (SegmentedRaftLogWorker.java:<init>(180)) - new bba845ab-d614-4a63-bf49-d4775724033f@group-90EAC9C2894E-SegmentedRaftLogWorker for RaftStorage:Storage Directory /github/workspace/mnt/ozone/hadoop-ozone/integration-test/target/test-dir/MiniOzoneClusterImpl-cfd0bfd1-2e20-40f2-b3a5-c30c0e76baf6/datanode-5/data/ratis/9fdef4d8-79ef-4402-848d-90eac9c2894e
2020-12-08 14:46:42,863 [pool-257-thread-1] INFO  server.RaftServerConfigKeys (ConfUtils.java:logGet(44)) - raft.server.log.queue.byte-limit = 2147483647 (custom)
2020-12-08 14:46:42,863 [pool-257-thread-1] INFO  server.RaftServerConfigKeys (ConfUtils.java:logGet(44)) - raft.server.log.queue.element-limit = 1024 (custom)
2020-12-08 14:46:42,863 [EventQueue-OpenPipelineForHealthyPipelineSafeModeRule] INFO  safemode.SCMSafeModeManager (HealthyPipelineSafeModeRule.java:process(128)) - SCM in safe mode. Healthy pipelines reported count is 0, required healthy pipeline reported count is 1
2020-12-08 14:46:42,868 [pool-257-thread-1] INFO  server.RaftServerConfigKeys (ConfUtils.java:logGet(44)) - raft.server.log.segment.size.max = 1048576 (custom)
2020-12-08 14:46:42,863 [EventQueue-PipelineReportForOneReplicaPipelineSafeModeRule] INFO  safemode.SCMSafeModeManager (SCMSafeModeManager.java:validateSafeModeExitRules(214)) - AtleastOneDatanodeReportedRule rule is successfully validated
2020-12-08 14:46:42,869 [pool-257-thread-1] INFO  server.RaftServerConfigKeys (ConfUtils.java:logGet(44)) - raft.server.log.preallocated.size = 16384 (custom)
2020-12-08 14:46:42,869 [pool-257-thread-1] INFO  server.RaftServerConfigKeys (ConfUtils.java:logGet(44)) - raft.server.log.write.buffer.size = 1048576 (custom)
2020-12-08 14:46:42,869 [pool-257-thread-1] INFO  server.RaftServerConfigKeys (ConfUtils.java:logGet(44)) - raft.server.log.force.sync.num = 128 (default)
2020-12-08 14:46:42,869 [pool-257-thread-1] INFO  server.RaftServerConfigKeys (ConfUtils.java:logGet(44)) - raft.server.log.statemachine.data.sync = true (default)
2020-12-08 14:46:42,869 [pool-257-thread-1] INFO  server.RaftServerConfigKeys (ConfUtils.java:logGet(44)) - raft.server.log.statemachine.data.sync.timeout = 10s (default)
2020-12-08 14:46:42,869 [pool-257-thread-1] INFO  server.RaftServerConfigKeys (ConfUtils.java:logGet(44)) - raft.server.log.statemachine.data.sync.timeout.retry = -1 (default)
2020-12-08 14:46:42,871 [pool-257-thread-1] INFO  server.RaftServerConfigKeys (ConfUtils.java:logGet(44)) - raft.server.log.statemachine.data.caching.enabled = true (custom)
2020-12-08 14:46:42,874 [pool-257-thread-1] INFO  segmented.SegmentedRaftLogWorker (SegmentedRaftLogWorker.java:lambda$new$0(129)) - bba845ab-d614-4a63-bf49-d4775724033f@group-90EAC9C2894E-SegmentedRaftLogWorker: flushIndex: setUnconditionally 0 -> -1
2020-12-08 14:46:42,874 [pool-257-thread-1] INFO  segmented.SegmentedRaftLogWorker (SegmentedRaftLogWorker.java:lambda$new$0(129)) - bba845ab-d614-4a63-bf49-d4775724033f@group-90EAC9C2894E-SegmentedRaftLogWorker: safeCacheEvictIndex: setUnconditionally 0 -> -1
2020-12-08 14:46:42,874 [pool-257-thread-1] INFO  server.RaftServerConfigKeys (ConfUtils.java:logGet(44)) - raft.server.snapshot.auto.trigger.enabled = true (custom)
2020-12-08 14:46:42,874 [pool-257-thread-1] INFO  server.RaftServerConfigKeys (ConfUtils.java:logGet(44)) - raft.server.snapshot.auto.trigger.threshold = 10000 (custom)
2020-12-08 14:46:42,874 [pool-257-thread-1] INFO  server.RaftServerConfigKeys (ConfUtils.java:logGet(44)) - raft.server.snapshot.retention.file.num = 5 (custom)
2020-12-08 14:46:42,874 [pool-257-thread-1] INFO  server.RaftServerConfigKeys (ConfUtils.java:logGet(44)) - raft.server.log.purge.upto.snapshot.index = false (default)
2020-12-08 14:46:42,874 [pool-257-thread-1] INFO  server.RaftServerConfigKeys (ConfUtils.java:logGet(44)) - raft.server.retrycache.expirytime = 600000ms (custom)
2020-12-08 14:46:42,874 [pool-257-thread-1] INFO  metrics.RatisMetrics (RatisMetrics.java:lambda$create$0(36)) - Creating Metrics Registry : ratis.leader_election.bba845ab-d614-4a63-bf49-d4775724033f@group-90EAC9C2894E
2020-12-08 14:46:42,875 [pool-257-thread-1] INFO  metrics.RatisMetrics (RatisMetrics.java:lambda$create$0(36)) - Creating Metrics Registry : ratis.server.bba845ab-d614-4a63-bf49-d4775724033f@group-90EAC9C2894E
2020-12-08 14:46:42,876 [pool-257-thread-1] INFO  impl.RaftServerImpl (RaftServerImpl.java:start(215)) - bba845ab-d614-4a63-bf49-d4775724033f@group-90EAC9C2894E: start as a follower, conf=-1: [bba845ab-d614-4a63-bf49-d4775724033f|rpc:172.17.0.2:35129], old=null
2020-12-08 14:46:42,876 [pool-257-thread-1] INFO  impl.RaftServerImpl (RaftServerImpl.java:setRole(204)) - bba845ab-d614-4a63-bf49-d4775724033f@group-90EAC9C2894E: changes role from      null to FOLLOWER at term 0 for startAsFollower
2020-12-08 14:46:42,876 [pool-257-thread-1] INFO  impl.RoleInfo (RoleInfo.java:updateAndGet(143)) - bba845ab-d614-4a63-bf49-d4775724033f: start bba845ab-d614-4a63-bf49-d4775724033f@group-90EAC9C2894E-FollowerState
2020-12-08 14:46:42,876 [pool-257-thread-1] INFO  util.JmxRegister (JmxRegister.java:tryRegister(44)) - Successfully registered JMX Bean with object name Ratis:service=RaftServer,group=group-90EAC9C2894E,id=bba845ab-d614-4a63-bf49-d4775724033f
2020-12-08 14:46:42,876 [pool-257-thread-1] INFO  metrics.RatisMetrics (RatisMetrics.java:lambda$create$0(36)) - Creating Metrics Registry : ratis.state_machine.bba845ab-d614-4a63-bf49-d4775724033f@group-90EAC9C2894E
2020-12-08 14:46:42,878 [Command processor thread] INFO  commandhandler.CreatePipelineCommandHandler (CreatePipelineCommandHandler.java:handle(106)) - Created Pipeline RATIS ONE PipelineID=9fdef4d8-79ef-4402-848d-90eac9c2894e.
2020-12-08 14:46:43,066 [Listener at 127.0.0.1/38785] INFO  ozone.MiniOzoneClusterImpl (MiniOzoneClusterImpl.java:lambda$waitForClusterToBeReady$0(178)) - Nodes are ready. Got 7 of 7 DN Heartbeats.
2020-12-08 14:46:43,066 [Listener at 127.0.0.1/38785] INFO  ozone.MiniOzoneClusterImpl (MiniOzoneClusterImpl.java:lambda$waitForClusterToBeReady$0(181)) - Waiting for cluster to exit safe mode
2020-12-08 14:46:43,074 [Command processor thread] INFO  impl.RaftServerProxy (RaftServerProxy.java:addNew(93)) - 56e78f60-04c2-4b0b-90ce-c38122db5462: addNew group-8B94E86A2CF7:[56e78f60-04c2-4b0b-90ce-c38122db5462|rpc:172.17.0.2:33181] returns group-8B94E86A2CF7:java.util.concurrent.CompletableFuture@47ca1559[Not completed]
2020-12-08 14:46:43,076 [pool-273-thread-1] INFO  impl.RaftServerImpl (RaftServerImpl.java:<init>(121)) - 56e78f60-04c2-4b0b-90ce-c38122db5462: new RaftServerImpl for group-8B94E86A2CF7:[56e78f60-04c2-4b0b-90ce-c38122db5462|rpc:172.17.0.2:33181] with ContainerStateMachine:uninitialized
2020-12-08 14:46:43,076 [pool-273-thread-1] INFO  server.RaftServerConfigKeys (ConfUtils.java:logGet(44)) - raft.server.rpc.timeout.min = 5s (custom)
2020-12-08 14:46:43,076 [pool-273-thread-1] INFO  server.RaftServerConfigKeys (ConfUtils.java:logGet(44)) - raft.server.rpc.timeout.max = 5200ms (custom)
2020-12-08 14:46:43,076 [pool-273-thread-1] INFO  server.RaftServerConfigKeys (ConfUtils.java:logGet(44)) - raft.server.rpc.slowness.timeout = 300s (custom)
2020-12-08 14:46:43,076 [pool-273-thread-1] INFO  server.RaftServerConfigKeys (ConfUtils.java:logGet(44)) - raft.server.leaderelection.leader.step-down.wait-time = 10s (default)
2020-12-08 14:46:43,076 [pool-273-thread-1] INFO  server.RaftServerConfigKeys (ConfUtils.java:logGet(44)) - raft.server.sleep.deviation.threshold = 300 (default)
2020-12-08 14:46:43,076 [pool-273-thread-1] INFO  server.RaftServerConfigKeys (ConfUtils.java:logGet(44)) - raft.server.log.appender.install.snapshot.enabled = false (custom)
2020-12-08 14:46:43,076 [pool-273-thread-1] INFO  impl.RaftServerImpl (ServerState.java:<init>(104)) - 56e78f60-04c2-4b0b-90ce-c38122db5462@group-8B94E86A2CF7: ConfigurationManager, init=-1: [56e78f60-04c2-4b0b-90ce-c38122db5462|rpc:172.17.0.2:33181], old=null, confs=<EMPTY_MAP>
2020-12-08 14:46:43,076 [pool-273-thread-1] INFO  server.RaftServerConfigKeys (ConfUtils.java:logGet(44)) - raft.server.storage.dir = [/github/workspace/mnt/ozone/hadoop-ozone/integration-test/target/test-dir/MiniOzoneClusterImpl-cfd0bfd1-2e20-40f2-b3a5-c30c0e76baf6/datanode-6/data/ratis] (custom)
2020-12-08 14:46:43,077 [pool-273-thread-1] INFO  server.RaftServerConfigKeys (ConfUtils.java:logGet(44)) - raft.server.log.corruption.policy = EXCEPTION (default)
2020-12-08 14:46:43,077 [pool-273-thread-1] INFO  storage.RaftStorageDirectory (RaftStorageDirectory.java:analyzeStorage(261)) - The storage directory /github/workspace/mnt/ozone/hadoop-ozone/integration-test/target/test-dir/MiniOzoneClusterImpl-cfd0bfd1-2e20-40f2-b3a5-c30c0e76baf6/datanode-6/data/ratis/29100af8-f690-4ee9-8414-8b94e86a2cf7 does not exist. Creating ...
2020-12-08 14:46:43,078 [pool-273-thread-1] INFO  storage.RaftStorageDirectory (RaftStorageDirectory.java:tryLock(343)) - Lock on /github/workspace/mnt/ozone/hadoop-ozone/integration-test/target/test-dir/MiniOzoneClusterImpl-cfd0bfd1-2e20-40f2-b3a5-c30c0e76baf6/datanode-6/data/ratis/29100af8-f690-4ee9-8414-8b94e86a2cf7/in_use.lock acquired by nodename 15020@68facfb2a37d
2020-12-08 14:46:43,079 [pool-273-thread-1] INFO  storage.RaftStorage (RaftStorage.java:format(85)) - Storage directory /github/workspace/mnt/ozone/hadoop-ozone/integration-test/target/test-dir/MiniOzoneClusterImpl-cfd0bfd1-2e20-40f2-b3a5-c30c0e76baf6/datanode-6/data/ratis/29100af8-f690-4ee9-8414-8b94e86a2cf7 has been successfully formatted.
2020-12-08 14:46:43,081 [pool-273-thread-1] INFO  ratis.ContainerStateMachine (ContainerStateMachine.java:loadSnapshot(225)) - group-8B94E86A2CF7: The snapshot info is null. Setting the last applied indexto:(t:0, i:~)
2020-12-08 14:46:43,081 [pool-273-thread-1] INFO  server.RaftServerConfigKeys (ConfUtils.java:logGet(44)) - raft.server.notification.no-leader.timeout = 300s (custom)
2020-12-08 14:46:43,081 [pool-273-thread-1] INFO  server.RaftServerConfigKeys (ConfUtils.java:logGet(44)) - raft.server.log.use.memory = false (default)
2020-12-08 14:46:43,081 [pool-273-thread-1] INFO  server.RaftServerConfigKeys (ConfUtils.java:logGet(44)) - raft.server.log.purge.gap = 1000000 (custom)
2020-12-08 14:46:43,081 [pool-273-thread-1] INFO  metrics.RatisMetrics (RatisMetrics.java:lambda$create$0(36)) - Creating Metrics Registry : ratis.log_worker.56e78f60-04c2-4b0b-90ce-c38122db5462@group-8B94E86A2CF7
2020-12-08 14:46:43,081 [pool-273-thread-1] INFO  server.RaftServerConfigKeys (ConfUtils.java:logGet(44)) - raft.server.log.appender.buffer.byte-limit = 33554432 (custom)
2020-12-08 14:46:43,081 [pool-273-thread-1] INFO  server.RaftServerConfigKeys (ConfUtils.java:logGet(44)) - raft.server.log.segment.size.max = 1048576 (custom)
2020-12-08 14:46:43,082 [pool-273-thread-1] INFO  server.RaftServerConfigKeys (ConfUtils.java:logGet(44)) - raft.server.log.segment.cache.num.max = 2 (custom)
2020-12-08 14:46:43,082 [pool-273-thread-1] INFO  segmented.SegmentedRaftLogWorker (SegmentedRaftLogWorker.java:<init>(180)) - new 56e78f60-04c2-4b0b-90ce-c38122db5462@group-8B94E86A2CF7-SegmentedRaftLogWorker for RaftStorage:Storage Directory /github/workspace/mnt/ozone/hadoop-ozone/integration-test/target/test-dir/MiniOzoneClusterImpl-cfd0bfd1-2e20-40f2-b3a5-c30c0e76baf6/datanode-6/data/ratis/29100af8-f690-4ee9-8414-8b94e86a2cf7
2020-12-08 14:46:43,082 [pool-273-thread-1] INFO  server.RaftServerConfigKeys (ConfUtils.java:logGet(44)) - raft.server.log.queue.byte-limit = 2147483647 (custom)
2020-12-08 14:46:43,082 [pool-273-thread-1] INFO  server.RaftServerConfigKeys (ConfUtils.java:logGet(44)) - raft.server.log.queue.element-limit = 1024 (custom)
2020-12-08 14:46:43,082 [pool-273-thread-1] INFO  server.RaftServerConfigKeys (ConfUtils.java:logGet(44)) - raft.server.log.segment.size.max = 1048576 (custom)
2020-12-08 14:46:43,082 [pool-273-thread-1] INFO  server.RaftServerConfigKeys (ConfUtils.java:logGet(44)) - raft.server.log.preallocated.size = 16384 (custom)
2020-12-08 14:46:43,082 [EventQueue-PipelineReportForOneReplicaPipelineSafeModeRule] INFO  safemode.SCMSafeModeManager (SCMSafeModeManager.java:validateSafeModeExitRules(214)) - AtleastOneDatanodeReportedRule rule is successfully validated
2020-12-08 14:46:43,082 [EventQueue-PipelineReportForPipelineReportHandler] INFO  pipeline.PipelineStateManager (PipelineStateManager.java:openPipeline(132)) - Pipeline Pipeline[ Id: 29100af8-f690-4ee9-8414-8b94e86a2cf7, Nodes: 56e78f60-04c2-4b0b-90ce-c38122db5462{ip: 172.17.0.2, host: 68facfb2a37d, networkLocation: /default-rack, certSerialId: null, persistedOpState: IN_SERVICE, persistedOpStateExpiryEpochSec: 0}, Type:RATIS, Factor:ONE, State:ALLOCATED, leaderId:56e78f60-04c2-4b0b-90ce-c38122db5462, CreationTimestamp2020-12-08T14:46:40.076Z] moved to OPEN state
2020-12-08 14:46:43,083 [pool-273-thread-1] INFO  server.RaftServerConfigKeys (ConfUtils.java:logGet(44)) - raft.server.log.write.buffer.size = 1048576 (custom)
2020-12-08 14:46:43,083 [pool-273-thread-1] INFO  server.RaftServerConfigKeys (ConfUtils.java:logGet(44)) - raft.server.log.force.sync.num = 128 (default)
2020-12-08 14:46:43,083 [pool-273-thread-1] INFO  server.RaftServerConfigKeys (ConfUtils.java:logGet(44)) - raft.server.log.statemachine.data.sync = true (default)
2020-12-08 14:46:43,083 [pool-273-thread-1] INFO  server.RaftServerConfigKeys (ConfUtils.java:logGet(44)) - raft.server.log.statemachine.data.sync.timeout = 10s (default)
2020-12-08 14:46:43,083 [pool-273-thread-1] INFO  server.RaftServerConfigKeys (ConfUtils.java:logGet(44)) - raft.server.log.statemachine.data.sync.timeout.retry = -1 (default)
2020-12-08 14:46:43,083 [EventQueue-OpenPipelineForHealthyPipelineSafeModeRule] INFO  safemode.SCMSafeModeManager (HealthyPipelineSafeModeRule.java:process(128)) - SCM in safe mode. Healthy pipelines reported count is 0, required healthy pipeline reported count is 1
2020-12-08 14:46:43,085 [pool-273-thread-1] INFO  server.RaftServerConfigKeys (ConfUtils.java:logGet(44)) - raft.server.log.statemachine.data.caching.enabled = true (custom)
2020-12-08 14:46:43,086 [pool-273-thread-1] INFO  segmented.SegmentedRaftLogWorker (SegmentedRaftLogWorker.java:lambda$new$0(129)) - 56e78f60-04c2-4b0b-90ce-c38122db5462@group-8B94E86A2CF7-SegmentedRaftLogWorker: flushIndex: setUnconditionally 0 -> -1
2020-12-08 14:46:43,086 [pool-273-thread-1] INFO  segmented.SegmentedRaftLogWorker (SegmentedRaftLogWorker.java:lambda$new$0(129)) - 56e78f60-04c2-4b0b-90ce-c38122db5462@group-8B94E86A2CF7-SegmentedRaftLogWorker: safeCacheEvictIndex: setUnconditionally 0 -> -1
2020-12-08 14:46:43,089 [pool-273-thread-1] INFO  server.RaftServerConfigKeys (ConfUtils.java:logGet(44)) - raft.server.snapshot.auto.trigger.enabled = true (custom)
2020-12-08 14:46:43,089 [pool-273-thread-1] INFO  server.RaftServerConfigKeys (ConfUtils.java:logGet(44)) - raft.server.snapshot.auto.trigger.threshold = 10000 (custom)
2020-12-08 14:46:43,090 [pool-273-thread-1] INFO  server.RaftServerConfigKeys (ConfUtils.java:logGet(44)) - raft.server.snapshot.retention.file.num = 5 (custom)
2020-12-08 14:46:43,090 [pool-273-thread-1] INFO  server.RaftServerConfigKeys (ConfUtils.java:logGet(44)) - raft.server.log.purge.upto.snapshot.index = false (default)
2020-12-08 14:46:43,090 [pool-273-thread-1] INFO  server.RaftServerConfigKeys (ConfUtils.java:logGet(44)) - raft.server.retrycache.expirytime = 600000ms (custom)
2020-12-08 14:46:43,090 [pool-273-thread-1] INFO  metrics.RatisMetrics (RatisMetrics.java:lambda$create$0(36)) - Creating Metrics Registry : ratis.leader_election.56e78f60-04c2-4b0b-90ce-c38122db5462@group-8B94E86A2CF7
2020-12-08 14:46:43,090 [pool-273-thread-1] INFO  metrics.RatisMetrics (RatisMetrics.java:lambda$create$0(36)) - Creating Metrics Registry : ratis.server.56e78f60-04c2-4b0b-90ce-c38122db5462@group-8B94E86A2CF7
2020-12-08 14:46:43,091 [pool-273-thread-1] INFO  impl.RaftServerImpl (RaftServerImpl.java:start(215)) - 56e78f60-04c2-4b0b-90ce-c38122db5462@group-8B94E86A2CF7: start as a follower, conf=-1: [56e78f60-04c2-4b0b-90ce-c38122db5462|rpc:172.17.0.2:33181], old=null
2020-12-08 14:46:43,091 [pool-273-thread-1] INFO  impl.RaftServerImpl (RaftServerImpl.java:setRole(204)) - 56e78f60-04c2-4b0b-90ce-c38122db5462@group-8B94E86A2CF7: changes role from      null to FOLLOWER at term 0 for startAsFollower
2020-12-08 14:46:43,091 [pool-273-thread-1] INFO  impl.RoleInfo (RoleInfo.java:updateAndGet(143)) - 56e78f60-04c2-4b0b-90ce-c38122db5462: start 56e78f60-04c2-4b0b-90ce-c38122db5462@group-8B94E86A2CF7-FollowerState
2020-12-08 14:46:43,092 [pool-273-thread-1] INFO  util.JmxRegister (JmxRegister.java:tryRegister(44)) - Successfully registered JMX Bean with object name Ratis:service=RaftServer,group=group-8B94E86A2CF7,id=56e78f60-04c2-4b0b-90ce-c38122db5462
2020-12-08 14:46:43,092 [pool-273-thread-1] INFO  metrics.RatisMetrics (RatisMetrics.java:lambda$create$0(36)) - Creating Metrics Registry : ratis.state_machine.56e78f60-04c2-4b0b-90ce-c38122db5462@group-8B94E86A2CF7
2020-12-08 14:46:43,098 [Command processor thread] INFO  commandhandler.CreatePipelineCommandHandler (CreatePipelineCommandHandler.java:handle(106)) - Created Pipeline RATIS ONE PipelineID=29100af8-f690-4ee9-8414-8b94e86a2cf7.
2020-12-08 14:46:44,067 [Listener at 127.0.0.1/38785] INFO  ozone.MiniOzoneClusterImpl (MiniOzoneClusterImpl.java:lambda$waitForClusterToBeReady$0(178)) - Nodes are ready. Got 7 of 7 DN Heartbeats.
2020-12-08 14:46:44,067 [Listener at 127.0.0.1/38785] INFO  ozone.MiniOzoneClusterImpl (MiniOzoneClusterImpl.java:lambda$waitForClusterToBeReady$0(181)) - Waiting for cluster to exit safe mode
2020-12-08 14:46:45,067 [Listener at 127.0.0.1/38785] INFO  ozone.MiniOzoneClusterImpl (MiniOzoneClusterImpl.java:lambda$waitForClusterToBeReady$0(178)) - Nodes are ready. Got 7 of 7 DN Heartbeats.
2020-12-08 14:46:45,067 [Listener at 127.0.0.1/38785] INFO  ozone.MiniOzoneClusterImpl (MiniOzoneClusterImpl.java:lambda$waitForClusterToBeReady$0(181)) - Waiting for cluster to exit safe mode
2020-12-08 14:46:46,068 [Listener at 127.0.0.1/38785] INFO  ozone.MiniOzoneClusterImpl (MiniOzoneClusterImpl.java:lambda$waitForClusterToBeReady$0(178)) - Nodes are ready. Got 7 of 7 DN Heartbeats.
2020-12-08 14:46:46,068 [Listener at 127.0.0.1/38785] INFO  ozone.MiniOzoneClusterImpl (MiniOzoneClusterImpl.java:lambda$waitForClusterToBeReady$0(181)) - Waiting for cluster to exit safe mode
2020-12-08 14:46:46,655 [Thread-589] INFO  impl.FollowerState (FollowerState.java:run(128)) - 4c010680-8565-4d64-a077-2e0de5ba36c4@group-1A944CDF527B-FollowerState: change to CANDIDATE, lastRpcTime:5022ms, electionTimeout:5022ms
2020-12-08 14:46:46,655 [Thread-589] INFO  impl.RoleInfo (RoleInfo.java:shutdownFollowerState(121)) - 4c010680-8565-4d64-a077-2e0de5ba36c4: shutdown 4c010680-8565-4d64-a077-2e0de5ba36c4@group-1A944CDF527B-FollowerState
2020-12-08 14:46:46,655 [Thread-589] INFO  impl.RaftServerImpl (RaftServerImpl.java:setRole(204)) - 4c010680-8565-4d64-a077-2e0de5ba36c4@group-1A944CDF527B: changes role from  FOLLOWER to CANDIDATE at term 0 for changeToCandidate
2020-12-08 14:46:46,655 [Thread-589] INFO  impl.RoleInfo (RoleInfo.java:updateAndGet(143)) - 4c010680-8565-4d64-a077-2e0de5ba36c4: start 4c010680-8565-4d64-a077-2e0de5ba36c4@group-1A944CDF527B-LeaderElection12
2020-12-08 14:46:46,660 [4c010680-8565-4d64-a077-2e0de5ba36c4@group-1A944CDF527B-LeaderElection12] INFO  impl.LeaderElection (LeaderElection.java:askForVotes(215)) - 4c010680-8565-4d64-a077-2e0de5ba36c4@group-1A944CDF527B-LeaderElection12: begin an election at term 1 for -1: [4c010680-8565-4d64-a077-2e0de5ba36c4|rpc:172.17.0.2:39775], old=null
2020-12-08 14:46:46,661 [4c010680-8565-4d64-a077-2e0de5ba36c4@group-1A944CDF527B-LeaderElection12] INFO  impl.RoleInfo (RoleInfo.java:shutdownLeaderElection(134)) - 4c010680-8565-4d64-a077-2e0de5ba36c4: shutdown 4c010680-8565-4d64-a077-2e0de5ba36c4@group-1A944CDF527B-LeaderElection12
2020-12-08 14:46:46,661 [4c010680-8565-4d64-a077-2e0de5ba36c4@group-1A944CDF527B-LeaderElection12] INFO  impl.RaftServerImpl (RaftServerImpl.java:setRole(204)) - 4c010680-8565-4d64-a077-2e0de5ba36c4@group-1A944CDF527B: changes role from CANDIDATE to LEADER at term 1 for changeToLeader
2020-12-08 14:46:46,661 [4c010680-8565-4d64-a077-2e0de5ba36c4@group-1A944CDF527B-LeaderElection12] INFO  ratis.XceiverServerRatis (XceiverServerRatis.java:handleLeaderChangedNotification(854)) - Leader change notification received for group: group-1A944CDF527B with new leaderId: 4c010680-8565-4d64-a077-2e0de5ba36c4
2020-12-08 14:46:46,661 [4c010680-8565-4d64-a077-2e0de5ba36c4@group-1A944CDF527B-LeaderElection12] INFO  impl.RaftServerImpl (ServerState.java:setLeader(256)) - 4c010680-8565-4d64-a077-2e0de5ba36c4@group-1A944CDF527B: change Leader from null to 4c010680-8565-4d64-a077-2e0de5ba36c4 at term 1 for becomeLeader, leader elected after 5039ms
2020-12-08 14:46:46,661 [4c010680-8565-4d64-a077-2e0de5ba36c4@group-1A944CDF527B-LeaderElection12] INFO  server.RaftServerConfigKeys (ConfUtils.java:logGet(44)) - raft.server.staging.catchup.gap = 1000 (default)
2020-12-08 14:46:46,662 [4c010680-8565-4d64-a077-2e0de5ba36c4@group-1A944CDF527B-LeaderElection12] INFO  server.RaftServerConfigKeys (ConfUtils.java:logGet(44)) - raft.server.rpc.sleep.time = 25ms (default)
2020-12-08 14:46:46,662 [4c010680-8565-4d64-a077-2e0de5ba36c4@group-1A944CDF527B-LeaderElection12] INFO  metrics.RatisMetrics (RatisMetrics.java:lambda$create$0(36)) - Creating Metrics Registry : ratis.log_appender.4c010680-8565-4d64-a077-2e0de5ba36c4@group-1A944CDF527B
2020-12-08 14:46:46,662 [EventQueue-OpenPipelineForHealthyPipelineSafeModeRule] INFO  safemode.SCMSafeModeManager (HealthyPipelineSafeModeRule.java:process(128)) - SCM in safe mode. Healthy pipelines reported count is 0, required healthy pipeline reported count is 1
2020-12-08 14:46:46,662 [EventQueue-PipelineReportForOneReplicaPipelineSafeModeRule] INFO  safemode.SCMSafeModeManager (SCMSafeModeManager.java:validateSafeModeExitRules(214)) - AtleastOneDatanodeReportedRule rule is successfully validated
2020-12-08 14:46:46,662 [4c010680-8565-4d64-a077-2e0de5ba36c4@group-1A944CDF527B-LeaderElection12] INFO  server.RaftServerConfigKeys (ConfUtils.java:logGet(44)) - raft.server.write.element-limit = 1024 (custom)
2020-12-08 14:46:46,662 [4c010680-8565-4d64-a077-2e0de5ba36c4@group-1A944CDF527B-LeaderElection12] INFO  server.RaftServerConfigKeys (ConfUtils.java:logGet(44)) - raft.server.write.byte-limit = 1073741824 (custom)
2020-12-08 14:46:46,663 [4c010680-8565-4d64-a077-2e0de5ba36c4@group-1A944CDF527B-LeaderElection12] INFO  server.RaftServerConfigKeys (ConfUtils.java:logGet(44)) - raft.server.watch.timeout = 180s (custom)
2020-12-08 14:46:46,663 [4c010680-8565-4d64-a077-2e0de5ba36c4@group-1A944CDF527B-LeaderElection12] INFO  server.RaftServerConfigKeys (ConfUtils.java:logGet(44)) - raft.server.watch.timeout.denomination = 1s (default)
2020-12-08 14:46:46,663 [4c010680-8565-4d64-a077-2e0de5ba36c4@group-1A944CDF527B-LeaderElection12] INFO  server.RaftServerConfigKeys (ConfUtils.java:logGet(44)) - raft.server.watch.element-limit = 65536 (default)
2020-12-08 14:46:46,664 [4c010680-8565-4d64-a077-2e0de5ba36c4@group-1A944CDF527B-LeaderElection12] INFO  impl.RoleInfo (RoleInfo.java:updateAndGet(143)) - 4c010680-8565-4d64-a077-2e0de5ba36c4: start 4c010680-8565-4d64-a077-2e0de5ba36c4@group-1A944CDF527B-LeaderState
2020-12-08 14:46:46,665 [4c010680-8565-4d64-a077-2e0de5ba36c4@group-1A944CDF527B-LeaderElection12] INFO  segmented.SegmentedRaftLogWorker (SegmentedRaftLogWorker.java:startLogSegment(398)) - 4c010680-8565-4d64-a077-2e0de5ba36c4@group-1A944CDF527B-SegmentedRaftLogWorker: Starting segment from index:0
2020-12-08 14:46:46,666 [4c010680-8565-4d64-a077-2e0de5ba36c4@group-1A944CDF527B-LeaderElection12] INFO  impl.RaftServerImpl (ServerState.java:setRaftConf(374)) - 4c010680-8565-4d64-a077-2e0de5ba36c4@group-1A944CDF527B: set configuration 0: [4c010680-8565-4d64-a077-2e0de5ba36c4|rpc:172.17.0.2:39775|dataStream:], old=null at 0
2020-12-08 14:46:46,667 [4c010680-8565-4d64-a077-2e0de5ba36c4@group-1A944CDF527B-SegmentedRaftLogWorker] INFO  segmented.SegmentedRaftLogWorker (SegmentedRaftLogWorker.java:execute(597)) - 4c010680-8565-4d64-a077-2e0de5ba36c4@group-1A944CDF527B-SegmentedRaftLogWorker: created new log segment /github/workspace/mnt/ozone/hadoop-ozone/integration-test/target/test-dir/MiniOzoneClusterImpl-cfd0bfd1-2e20-40f2-b3a5-c30c0e76baf6/datanode-0/data/ratis/3b7928d0-2109-423a-9782-1a944cdf527b/current/log_inprogress_0
2020-12-08 14:46:46,712 [Thread-596] INFO  impl.FollowerState (FollowerState.java:run(128)) - e7bab1e1-cb53-462e-811b-33706ea421b6@group-AE8BFC6110D3-FollowerState: change to CANDIDATE, lastRpcTime:5002ms, electionTimeout:5001ms
2020-12-08 14:46:46,713 [Thread-596] INFO  impl.RoleInfo (RoleInfo.java:shutdownFollowerState(121)) - e7bab1e1-cb53-462e-811b-33706ea421b6: shutdown e7bab1e1-cb53-462e-811b-33706ea421b6@group-AE8BFC6110D3-FollowerState
2020-12-08 14:46:46,713 [Thread-596] INFO  impl.RaftServerImpl (RaftServerImpl.java:setRole(204)) - e7bab1e1-cb53-462e-811b-33706ea421b6@group-AE8BFC6110D3: changes role from  FOLLOWER to CANDIDATE at term 0 for changeToCandidate
2020-12-08 14:46:46,713 [Thread-596] INFO  impl.RoleInfo (RoleInfo.java:updateAndGet(143)) - e7bab1e1-cb53-462e-811b-33706ea421b6: start e7bab1e1-cb53-462e-811b-33706ea421b6@group-AE8BFC6110D3-LeaderElection13
2020-12-08 14:46:46,716 [e7bab1e1-cb53-462e-811b-33706ea421b6@group-AE8BFC6110D3-LeaderElection13] INFO  impl.LeaderElection (LeaderElection.java:askForVotes(215)) - e7bab1e1-cb53-462e-811b-33706ea421b6@group-AE8BFC6110D3-LeaderElection13: begin an election at term 1 for -1: [96090a9c-2d18-4831-8bfc-5d3d956af2b2|rpc:172.17.0.2:44413|dataStream:, 4c010680-8565-4d64-a077-2e0de5ba36c4|rpc:172.17.0.2:39775|dataStream:, e7bab1e1-cb53-462e-811b-33706ea421b6|rpc:172.17.0.2:36527|dataStream:], old=null
2020-12-08 14:46:46,730 [grpc-default-executor-1] INFO  impl.RaftServerImpl (RaftServerImpl.java:setRole(204)) - 96090a9c-2d18-4831-8bfc-5d3d956af2b2@group-AE8BFC6110D3: changes role from  FOLLOWER to FOLLOWER at term 1 for recognizeCandidate:e7bab1e1-cb53-462e-811b-33706ea421b6
2020-12-08 14:46:46,730 [grpc-default-executor-1] INFO  impl.RoleInfo (RoleInfo.java:shutdownFollowerState(121)) - 96090a9c-2d18-4831-8bfc-5d3d956af2b2: shutdown 96090a9c-2d18-4831-8bfc-5d3d956af2b2@group-AE8BFC6110D3-FollowerState
2020-12-08 14:46:46,730 [grpc-default-executor-1] INFO  impl.RoleInfo (RoleInfo.java:updateAndGet(143)) - 96090a9c-2d18-4831-8bfc-5d3d956af2b2: start 96090a9c-2d18-4831-8bfc-5d3d956af2b2@group-AE8BFC6110D3-FollowerState
2020-12-08 14:46:46,730 [Thread-593] INFO  impl.FollowerState (FollowerState.java:run(137)) - 96090a9c-2d18-4831-8bfc-5d3d956af2b2@group-AE8BFC6110D3-FollowerState was interrupted: {}
java.lang.InterruptedException: sleep interrupted
	at java.lang.Thread.sleep(Native Method)
	at org.apache.ratis.util.JavaUtils.sleep(JavaUtils.java:250)
	at org.apache.ratis.server.impl.FollowerState.run(FollowerState.java:116)
2020-12-08 14:46:46,736 [grpc-default-executor-0] INFO  metrics.RatisMetrics (RatisMetrics.java:lambda$create$0(36)) - Creating Metrics Registry : ratis.server_message_metrics.4c010680-8565-4d64-a077-2e0de5ba36c4
2020-12-08 14:46:46,737 [grpc-default-executor-1] INFO  impl.RaftServerImpl (RaftServerImpl.java:requestVote(963)) -  FOLLOWER 96090a9c-2d18-4831-8bfc-5d3d956af2b2@group-AE8BFC6110D3:t1, leader=null, voted=null, raftlog=96090a9c-2d18-4831-8bfc-5d3d956af2b2@group-AE8BFC6110D3-SegmentedRaftLog:OPENED:c-1,f-1,i0, conf=-1: [96090a9c-2d18-4831-8bfc-5d3d956af2b2|rpc:172.17.0.2:44413|dataStream:, 4c010680-8565-4d64-a077-2e0de5ba36c4|rpc:172.17.0.2:39775|dataStream:, e7bab1e1-cb53-462e-811b-33706ea421b6|rpc:172.17.0.2:36527|dataStream:], old=null RUNNING priority:0 candidate:e7bab1e1-cb53-462e-811b-33706ea421b6|rpc:172.17.0.2:36527|dataStream: candidatePriority:0 compare:0
2020-12-08 14:46:46,741 [grpc-default-executor-0] INFO  impl.RaftServerImpl (RaftServerImpl.java:setRole(204)) - 4c010680-8565-4d64-a077-2e0de5ba36c4@group-AE8BFC6110D3: changes role from  FOLLOWER to FOLLOWER at term 1 for recognizeCandidate:e7bab1e1-cb53-462e-811b-33706ea421b6
2020-12-08 14:46:46,741 [grpc-default-executor-0] INFO  impl.RoleInfo (RoleInfo.java:shutdownFollowerState(121)) - 4c010680-8565-4d64-a077-2e0de5ba36c4: shutdown 4c010680-8565-4d64-a077-2e0de5ba36c4@group-AE8BFC6110D3-FollowerState
2020-12-08 14:46:46,741 [grpc-default-executor-0] INFO  impl.RoleInfo (RoleInfo.java:updateAndGet(143)) - 4c010680-8565-4d64-a077-2e0de5ba36c4: start 4c010680-8565-4d64-a077-2e0de5ba36c4@group-AE8BFC6110D3-FollowerState
2020-12-08 14:46:46,741 [Thread-591] INFO  impl.FollowerState (FollowerState.java:run(137)) - 4c010680-8565-4d64-a077-2e0de5ba36c4@group-AE8BFC6110D3-FollowerState was interrupted: {}
java.lang.InterruptedException: sleep interrupted
	at java.lang.Thread.sleep(Native Method)
	at org.apache.ratis.util.JavaUtils.sleep(JavaUtils.java:250)
	at org.apache.ratis.server.impl.FollowerState.run(FollowerState.java:116)
2020-12-08 14:46:46,744 [grpc-default-executor-0] INFO  impl.RaftServerImpl (RaftServerImpl.java:requestVote(963)) -  FOLLOWER 4c010680-8565-4d64-a077-2e0de5ba36c4@group-AE8BFC6110D3:t1, leader=null, voted=null, raftlog=4c010680-8565-4d64-a077-2e0de5ba36c4@group-AE8BFC6110D3-SegmentedRaftLog:OPENED:c-1,f-1,i0, conf=-1: [96090a9c-2d18-4831-8bfc-5d3d956af2b2|rpc:172.17.0.2:44413, 4c010680-8565-4d64-a077-2e0de5ba36c4|rpc:172.17.0.2:39775, e7bab1e1-cb53-462e-811b-33706ea421b6|rpc:172.17.0.2:36527], old=null RUNNING priority:0 candidate:e7bab1e1-cb53-462e-811b-33706ea421b6|rpc:172.17.0.2:36527 candidatePriority:0 compare:0
2020-12-08 14:46:46,745 [e7bab1e1-cb53-462e-811b-33706ea421b6@group-AE8BFC6110D3-LeaderElection13] INFO  impl.LeaderElection (LeaderElection.java:logAndReturn(65)) - e7bab1e1-cb53-462e-811b-33706ea421b6@group-AE8BFC6110D3-LeaderElection13: Election PASSED; received 1 response(s) [e7bab1e1-cb53-462e-811b-33706ea421b6<-96090a9c-2d18-4831-8bfc-5d3d956af2b2#0:OK-t1] and 0 exception(s); e7bab1e1-cb53-462e-811b-33706ea421b6@group-AE8BFC6110D3:t1, leader=null, voted=e7bab1e1-cb53-462e-811b-33706ea421b6, raftlog=e7bab1e1-cb53-462e-811b-33706ea421b6@group-AE8BFC6110D3-SegmentedRaftLog:OPENED:c-1,f-1,i0, conf=-1: [96090a9c-2d18-4831-8bfc-5d3d956af2b2|rpc:172.17.0.2:44413|dataStream:, 4c010680-8565-4d64-a077-2e0de5ba36c4|rpc:172.17.0.2:39775|dataStream:, e7bab1e1-cb53-462e-811b-33706ea421b6|rpc:172.17.0.2:36527|dataStream:], old=null
2020-12-08 14:46:46,745 [e7bab1e1-cb53-462e-811b-33706ea421b6@group-AE8BFC6110D3-LeaderElection13] INFO  impl.RoleInfo (RoleInfo.java:shutdownLeaderElection(134)) - e7bab1e1-cb53-462e-811b-33706ea421b6: shutdown e7bab1e1-cb53-462e-811b-33706ea421b6@group-AE8BFC6110D3-LeaderElection13
2020-12-08 14:46:46,745 [e7bab1e1-cb53-462e-811b-33706ea421b6@group-AE8BFC6110D3-LeaderElection13] INFO  impl.RaftServerImpl (RaftServerImpl.java:setRole(204)) - e7bab1e1-cb53-462e-811b-33706ea421b6@group-AE8BFC6110D3: changes role from CANDIDATE to LEADER at term 1 for changeToLeader
2020-12-08 14:46:46,745 [e7bab1e1-cb53-462e-811b-33706ea421b6@group-AE8BFC6110D3-LeaderElection13] INFO  ratis.XceiverServerRatis (XceiverServerRatis.java:handleLeaderChangedNotification(854)) - Leader change notification received for group: group-AE8BFC6110D3 with new leaderId: e7bab1e1-cb53-462e-811b-33706ea421b6
2020-12-08 14:46:46,745 [e7bab1e1-cb53-462e-811b-33706ea421b6@group-AE8BFC6110D3-LeaderElection13] INFO  impl.RaftServerImpl (ServerState.java:setLeader(256)) - e7bab1e1-cb53-462e-811b-33706ea421b6@group-AE8BFC6110D3: change Leader from null to e7bab1e1-cb53-462e-811b-33706ea421b6 at term 1 for becomeLeader, leader elected after 5042ms
2020-12-08 14:46:46,745 [e7bab1e1-cb53-462e-811b-33706ea421b6@group-AE8BFC6110D3-LeaderElection13] INFO  server.RaftServerConfigKeys (ConfUtils.java:logGet(44)) - raft.server.staging.catchup.gap = 1000 (default)
2020-12-08 14:46:46,745 [e7bab1e1-cb53-462e-811b-33706ea421b6@group-AE8BFC6110D3-LeaderElection13] INFO  server.RaftServerConfigKeys (ConfUtils.java:logGet(44)) - raft.server.rpc.sleep.time = 25ms (default)
2020-12-08 14:46:46,745 [e7bab1e1-cb53-462e-811b-33706ea421b6@group-AE8BFC6110D3-LeaderElection13] INFO  metrics.RatisMetrics (RatisMetrics.java:lambda$create$0(36)) - Creating Metrics Registry : ratis.log_appender.e7bab1e1-cb53-462e-811b-33706ea421b6@group-AE8BFC6110D3
2020-12-08 14:46:46,746 [e7bab1e1-cb53-462e-811b-33706ea421b6@group-AE8BFC6110D3-LeaderElection13] INFO  server.RaftServerConfigKeys (ConfUtils.java:logGet(44)) - raft.server.write.element-limit = 1024 (custom)
2020-12-08 14:46:46,746 [e7bab1e1-cb53-462e-811b-33706ea421b6@group-AE8BFC6110D3-LeaderElection13] INFO  server.RaftServerConfigKeys (ConfUtils.java:logGet(44)) - raft.server.write.byte-limit = 1073741824 (custom)
2020-12-08 14:46:46,746 [e7bab1e1-cb53-462e-811b-33706ea421b6@group-AE8BFC6110D3-LeaderElection13] INFO  server.RaftServerConfigKeys (ConfUtils.java:logGet(44)) - raft.server.watch.timeout = 180s (custom)
2020-12-08 14:46:46,746 [e7bab1e1-cb53-462e-811b-33706ea421b6@group-AE8BFC6110D3-LeaderElection13] INFO  server.RaftServerConfigKeys (ConfUtils.java:logGet(44)) - raft.server.watch.timeout.denomination = 1s (default)
2020-12-08 14:46:46,746 [e7bab1e1-cb53-462e-811b-33706ea421b6@group-AE8BFC6110D3-LeaderElection13] INFO  server.RaftServerConfigKeys (ConfUtils.java:logGet(44)) - raft.server.watch.element-limit = 65536 (default)
2020-12-08 14:46:46,746 [e7bab1e1-cb53-462e-811b-33706ea421b6@group-AE8BFC6110D3-LeaderElection13] INFO  server.RaftServerConfigKeys (ConfUtils.java:logGet(44)) - raft.server.log.appender.snapshot.chunk.size.max = 16MB (=16777216) (default)
2020-12-08 14:46:46,746 [e7bab1e1-cb53-462e-811b-33706ea421b6@group-AE8BFC6110D3-LeaderElection13] INFO  server.RaftServerConfigKeys (ConfUtils.java:logGet(44)) - raft.server.log.appender.buffer.byte-limit = 33554432 (custom)
2020-12-08 14:46:46,747 [e7bab1e1-cb53-462e-811b-33706ea421b6@group-AE8BFC6110D3-LeaderElection13] INFO  server.RaftServerConfigKeys (ConfUtils.java:logGet(44)) - raft.server.log.appender.buffer.element-limit = 1 (custom)
2020-12-08 14:46:46,747 [e7bab1e1-cb53-462e-811b-33706ea421b6@group-AE8BFC6110D3-LeaderElection13] INFO  grpc.GrpcConfigKeys (ConfUtils.java:logGet(44)) - raft.grpc.server.leader.outstanding.appends.max = 128 (default)
2020-12-08 14:46:46,747 [e7bab1e1-cb53-462e-811b-33706ea421b6@group-AE8BFC6110D3-LeaderElection13] INFO  server.RaftServerConfigKeys (ConfUtils.java:logGet(44)) - raft.server.rpc.request.timeout = 60s (custom)
2020-12-08 14:46:46,747 [e7bab1e1-cb53-462e-811b-33706ea421b6@group-AE8BFC6110D3-LeaderElection13] INFO  server.RaftServerConfigKeys (ConfUtils.java:logGet(44)) - raft.server.log.appender.install.snapshot.enabled = false (custom)
2020-12-08 14:46:46,748 [e7bab1e1-cb53-462e-811b-33706ea421b6@group-AE8BFC6110D3-LeaderElection13] INFO  metrics.RatisMetrics (RatisMetrics.java:lambda$create$0(36)) - Creating Metrics Registry : ratis_grpc.log_appender.e7bab1e1-cb53-462e-811b-33706ea421b6@group-AE8BFC6110D3
2020-12-08 14:46:46,749 [e7bab1e1-cb53-462e-811b-33706ea421b6@group-AE8BFC6110D3-LeaderElection13] INFO  server.RaftServerConfigKeys (ConfUtils.java:logGet(44)) - raft.server.log.appender.snapshot.chunk.size.max = 16MB (=16777216) (default)
2020-12-08 14:46:46,750 [e7bab1e1-cb53-462e-811b-33706ea421b6@group-AE8BFC6110D3-LeaderElection13] INFO  server.RaftServerConfigKeys (ConfUtils.java:logGet(44)) - raft.server.log.appender.buffer.byte-limit = 33554432 (custom)
2020-12-08 14:46:46,750 [e7bab1e1-cb53-462e-811b-33706ea421b6@group-AE8BFC6110D3-LeaderElection13] INFO  server.RaftServerConfigKeys (ConfUtils.java:logGet(44)) - raft.server.log.appender.buffer.element-limit = 1 (custom)
2020-12-08 14:46:46,750 [e7bab1e1-cb53-462e-811b-33706ea421b6@group-AE8BFC6110D3-LeaderElection13] INFO  grpc.GrpcConfigKeys (ConfUtils.java:logGet(44)) - raft.grpc.server.leader.outstanding.appends.max = 128 (default)
2020-12-08 14:46:46,750 [EventQueue-OpenPipelineForHealthyPipelineSafeModeRule] INFO  safemode.SCMSafeModeManager (HealthyPipelineSafeModeRule.java:process(128)) - SCM in safe mode. Healthy pipelines reported count is 0, required healthy pipeline reported count is 1
2020-12-08 14:46:46,750 [EventQueue-PipelineReportForOneReplicaPipelineSafeModeRule] INFO  safemode.SCMSafeModeManager (SCMSafeModeManager.java:validateSafeModeExitRules(214)) - AtleastOneDatanodeReportedRule rule is successfully validated
2020-12-08 14:46:46,750 [EventQueue-PipelineReportForPipelineReportHandler] INFO  pipeline.PipelineStateManager (PipelineStateManager.java:openPipeline(132)) - Pipeline Pipeline[ Id: 2a4f07f3-31a7-4c26-acdb-ae8bfc6110d3, Nodes: 4c010680-8565-4d64-a077-2e0de5ba36c4{ip: 172.17.0.2, host: 68facfb2a37d, networkLocation: /default-rack, certSerialId: null, persistedOpState: IN_SERVICE, persistedOpStateExpiryEpochSec: 0}96090a9c-2d18-4831-8bfc-5d3d956af2b2{ip: 172.17.0.2, host: 68facfb2a37d, networkLocation: /default-rack, certSerialId: null, persistedOpState: IN_SERVICE, persistedOpStateExpiryEpochSec: 0}e7bab1e1-cb53-462e-811b-33706ea421b6{ip: 172.17.0.2, host: 68facfb2a37d, networkLocation: /default-rack, certSerialId: null, persistedOpState: IN_SERVICE, persistedOpStateExpiryEpochSec: 0}, Type:RATIS, Factor:THREE, State:ALLOCATED, leaderId:e7bab1e1-cb53-462e-811b-33706ea421b6, CreationTimestamp2020-12-08T14:46:39.045Z] moved to OPEN state
2020-12-08 14:46:46,750 [e7bab1e1-cb53-462e-811b-33706ea421b6@group-AE8BFC6110D3-LeaderElection13] INFO  server.RaftServerConfigKeys (ConfUtils.java:logGet(44)) - raft.server.rpc.request.timeout = 60s (custom)
2020-12-08 14:46:46,751 [e7bab1e1-cb53-462e-811b-33706ea421b6@group-AE8BFC6110D3-LeaderElection13] INFO  server.RaftServerConfigKeys (ConfUtils.java:logGet(44)) - raft.server.log.appender.install.snapshot.enabled = false (custom)
2020-12-08 14:46:46,751 [EventQueue-OpenPipelineForHealthyPipelineSafeModeRule] INFO  safemode.SCMSafeModeManager (HealthyPipelineSafeModeRule.java:process(128)) - SCM in safe mode. Healthy pipelines reported count is 1, required healthy pipeline reported count is 1
2020-12-08 14:46:46,752 [EventQueue-OpenPipelineForHealthyPipelineSafeModeRule] INFO  safemode.SCMSafeModeManager (SCMSafeModeManager.java:validateSafeModeExitRules(214)) - HealthyPipelineSafeModeRule rule is successfully validated
2020-12-08 14:46:46,752 [EventQueue-OpenPipelineForHealthyPipelineSafeModeRule] INFO  safemode.SCMSafeModeManager (SCMSafeModeManager.java:validateSafeModeExitRules(228)) - ScmSafeModeManager, all rules are successfully validated
2020-12-08 14:46:46,752 [EventQueue-OpenPipelineForHealthyPipelineSafeModeRule] INFO  safemode.SCMSafeModeManager (SCMSafeModeManager.java:exitSafeMode(257)) - SCM exiting safe mode.
2020-12-08 14:46:46,764 [e7bab1e1-cb53-462e-811b-33706ea421b6@group-AE8BFC6110D3-LeaderElection13] INFO  impl.RoleInfo (RoleInfo.java:updateAndGet(143)) - e7bab1e1-cb53-462e-811b-33706ea421b6: start e7bab1e1-cb53-462e-811b-33706ea421b6@group-AE8BFC6110D3-LeaderState
2020-12-08 14:46:46,764 [e7bab1e1-cb53-462e-811b-33706ea421b6@group-AE8BFC6110D3-LeaderElection13] INFO  segmented.SegmentedRaftLogWorker (SegmentedRaftLogWorker.java:startLogSegment(398)) - e7bab1e1-cb53-462e-811b-33706ea421b6@group-AE8BFC6110D3-SegmentedRaftLogWorker: Starting segment from index:0
2020-12-08 14:46:46,765 [e7bab1e1-cb53-462e-811b-33706ea421b6@group-AE8BFC6110D3-SegmentedRaftLogWorker] INFO  segmented.SegmentedRaftLogWorker (SegmentedRaftLogWorker.java:execute(597)) - e7bab1e1-cb53-462e-811b-33706ea421b6@group-AE8BFC6110D3-SegmentedRaftLogWorker: created new log segment /github/workspace/mnt/ozone/hadoop-ozone/integration-test/target/test-dir/MiniOzoneClusterImpl-cfd0bfd1-2e20-40f2-b3a5-c30c0e76baf6/datanode-2/data/ratis/2a4f07f3-31a7-4c26-acdb-ae8bfc6110d3/current/log_inprogress_0
2020-12-08 14:46:46,765 [e7bab1e1-cb53-462e-811b-33706ea421b6@group-AE8BFC6110D3-LeaderElection13] INFO  impl.RaftServerImpl (ServerState.java:setRaftConf(374)) - e7bab1e1-cb53-462e-811b-33706ea421b6@group-AE8BFC6110D3: set configuration 0: [96090a9c-2d18-4831-8bfc-5d3d956af2b2|rpc:172.17.0.2:44413|dataStream:, 4c010680-8565-4d64-a077-2e0de5ba36c4|rpc:172.17.0.2:39775|dataStream:, e7bab1e1-cb53-462e-811b-33706ea421b6|rpc:172.17.0.2:36527|dataStream:], old=null at 0
2020-12-08 14:46:46,775 [grpc-default-executor-0] INFO  ratis.XceiverServerRatis (XceiverServerRatis.java:handleLeaderChangedNotification(854)) - Leader change notification received for group: group-AE8BFC6110D3 with new leaderId: e7bab1e1-cb53-462e-811b-33706ea421b6
2020-12-08 14:46:46,775 [grpc-default-executor-0] INFO  impl.RaftServerImpl (ServerState.java:setLeader(256)) - 4c010680-8565-4d64-a077-2e0de5ba36c4@group-AE8BFC6110D3: change Leader from null to e7bab1e1-cb53-462e-811b-33706ea421b6 at term 1 for appendEntries, leader elected after 5135ms
2020-12-08 14:46:46,784 [grpc-default-executor-2] INFO  ratis.XceiverServerRatis (XceiverServerRatis.java:handleLeaderChangedNotification(854)) - Leader change notification received for group: group-AE8BFC6110D3 with new leaderId: e7bab1e1-cb53-462e-811b-33706ea421b6
2020-12-08 14:46:46,784 [grpc-default-executor-2] INFO  impl.RaftServerImpl (ServerState.java:setLeader(256)) - 96090a9c-2d18-4831-8bfc-5d3d956af2b2@group-AE8BFC6110D3: change Leader from null to e7bab1e1-cb53-462e-811b-33706ea421b6 at term 1 for appendEntries, leader elected after 5115ms
2020-12-08 14:46:46,786 [grpc-default-executor-2] INFO  impl.RaftServerImpl (ServerState.java:setRaftConf(374)) - 96090a9c-2d18-4831-8bfc-5d3d956af2b2@group-AE8BFC6110D3: set configuration 0: [96090a9c-2d18-4831-8bfc-5d3d956af2b2|rpc:172.17.0.2:44413|dataStream:, 4c010680-8565-4d64-a077-2e0de5ba36c4|rpc:172.17.0.2:39775|dataStream:, e7bab1e1-cb53-462e-811b-33706ea421b6|rpc:172.17.0.2:36527|dataStream:], old=null at 0
2020-12-08 14:46:46,786 [grpc-default-executor-2] INFO  segmented.SegmentedRaftLogWorker (SegmentedRaftLogWorker.java:startLogSegment(398)) - 96090a9c-2d18-4831-8bfc-5d3d956af2b2@group-AE8BFC6110D3-SegmentedRaftLogWorker: Starting segment from index:0
2020-12-08 14:46:46,789 [96090a9c-2d18-4831-8bfc-5d3d956af2b2@group-AE8BFC6110D3-SegmentedRaftLogWorker] INFO  segmented.SegmentedRaftLogWorker (SegmentedRaftLogWorker.java:execute(597)) - 96090a9c-2d18-4831-8bfc-5d3d956af2b2@group-AE8BFC6110D3-SegmentedRaftLogWorker: created new log segment /github/workspace/mnt/ozone/hadoop-ozone/integration-test/target/test-dir/MiniOzoneClusterImpl-cfd0bfd1-2e20-40f2-b3a5-c30c0e76baf6/datanode-1/data/ratis/2a4f07f3-31a7-4c26-acdb-ae8bfc6110d3/current/log_inprogress_0
2020-12-08 14:46:46,790 [grpc-default-executor-2] INFO  impl.RaftServerImpl (ServerState.java:setRaftConf(374)) - 4c010680-8565-4d64-a077-2e0de5ba36c4@group-AE8BFC6110D3: set configuration 0: [96090a9c-2d18-4831-8bfc-5d3d956af2b2|rpc:172.17.0.2:44413|dataStream:, 4c010680-8565-4d64-a077-2e0de5ba36c4|rpc:172.17.0.2:39775|dataStream:, e7bab1e1-cb53-462e-811b-33706ea421b6|rpc:172.17.0.2:36527|dataStream:], old=null at 0
2020-12-08 14:46:46,791 [grpc-default-executor-2] INFO  segmented.SegmentedRaftLogWorker (SegmentedRaftLogWorker.java:startLogSegment(398)) - 4c010680-8565-4d64-a077-2e0de5ba36c4@group-AE8BFC6110D3-SegmentedRaftLogWorker: Starting segment from index:0
2020-12-08 14:46:46,792 [4c010680-8565-4d64-a077-2e0de5ba36c4@group-AE8BFC6110D3-SegmentedRaftLogWorker] INFO  segmented.SegmentedRaftLogWorker (SegmentedRaftLogWorker.java:execute(597)) - 4c010680-8565-4d64-a077-2e0de5ba36c4@group-AE8BFC6110D3-SegmentedRaftLogWorker: created new log segment /github/workspace/mnt/ozone/hadoop-ozone/integration-test/target/test-dir/MiniOzoneClusterImpl-cfd0bfd1-2e20-40f2-b3a5-c30c0e76baf6/datanode-0/data/ratis/2a4f07f3-31a7-4c26-acdb-ae8bfc6110d3/current/log_inprogress_0
2020-12-08 14:46:46,945 [Thread-599] INFO  impl.FollowerState (FollowerState.java:run(128)) - 96090a9c-2d18-4831-8bfc-5d3d956af2b2@group-97FDB82827D5-FollowerState: change to CANDIDATE, lastRpcTime:5095ms, electionTimeout:5091ms
2020-12-08 14:46:46,945 [Thread-599] INFO  impl.RoleInfo (RoleInfo.java:shutdownFollowerState(121)) - 96090a9c-2d18-4831-8bfc-5d3d956af2b2: shutdown 96090a9c-2d18-4831-8bfc-5d3d956af2b2@group-97FDB82827D5-FollowerState
2020-12-08 14:46:46,945 [Thread-599] INFO  impl.RaftServerImpl (RaftServerImpl.java:setRole(204)) - 96090a9c-2d18-4831-8bfc-5d3d956af2b2@group-97FDB82827D5: changes role from  FOLLOWER to CANDIDATE at term 0 for changeToCandidate
2020-12-08 14:46:46,945 [Thread-599] INFO  impl.RoleInfo (RoleInfo.java:updateAndGet(143)) - 96090a9c-2d18-4831-8bfc-5d3d956af2b2: start 96090a9c-2d18-4831-8bfc-5d3d956af2b2@group-97FDB82827D5-LeaderElection14
2020-12-08 14:46:46,949 [96090a9c-2d18-4831-8bfc-5d3d956af2b2@group-97FDB82827D5-LeaderElection14] INFO  impl.LeaderElection (LeaderElection.java:askForVotes(215)) - 96090a9c-2d18-4831-8bfc-5d3d956af2b2@group-97FDB82827D5-LeaderElection14: begin an election at term 1 for -1: [96090a9c-2d18-4831-8bfc-5d3d956af2b2|rpc:172.17.0.2:44413], old=null
2020-12-08 14:46:46,949 [96090a9c-2d18-4831-8bfc-5d3d956af2b2@group-97FDB82827D5-LeaderElection14] INFO  impl.RoleInfo (RoleInfo.java:shutdownLeaderElection(134)) - 96090a9c-2d18-4831-8bfc-5d3d956af2b2: shutdown 96090a9c-2d18-4831-8bfc-5d3d956af2b2@group-97FDB82827D5-LeaderElection14
2020-12-08 14:46:46,949 [96090a9c-2d18-4831-8bfc-5d3d956af2b2@group-97FDB82827D5-LeaderElection14] INFO  impl.RaftServerImpl (RaftServerImpl.java:setRole(204)) - 96090a9c-2d18-4831-8bfc-5d3d956af2b2@group-97FDB82827D5: changes role from CANDIDATE to LEADER at term 1 for changeToLeader
2020-12-08 14:46:46,949 [96090a9c-2d18-4831-8bfc-5d3d956af2b2@group-97FDB82827D5-LeaderElection14] INFO  ratis.XceiverServerRatis (XceiverServerRatis.java:handleLeaderChangedNotification(854)) - Leader change notification received for group: group-97FDB82827D5 with new leaderId: 96090a9c-2d18-4831-8bfc-5d3d956af2b2
2020-12-08 14:46:46,949 [96090a9c-2d18-4831-8bfc-5d3d956af2b2@group-97FDB82827D5-LeaderElection14] INFO  impl.RaftServerImpl (ServerState.java:setLeader(256)) - 96090a9c-2d18-4831-8bfc-5d3d956af2b2@group-97FDB82827D5: change Leader from null to 96090a9c-2d18-4831-8bfc-5d3d956af2b2 at term 1 for becomeLeader, leader elected after 5108ms
2020-12-08 14:46:46,949 [96090a9c-2d18-4831-8bfc-5d3d956af2b2@group-97FDB82827D5-LeaderElection14] INFO  server.RaftServerConfigKeys (ConfUtils.java:logGet(44)) - raft.server.staging.catchup.gap = 1000 (default)
2020-12-08 14:46:46,949 [96090a9c-2d18-4831-8bfc-5d3d956af2b2@group-97FDB82827D5-LeaderElection14] INFO  server.RaftServerConfigKeys (ConfUtils.java:logGet(44)) - raft.server.rpc.sleep.time = 25ms (default)
2020-12-08 14:46:46,950 [96090a9c-2d18-4831-8bfc-5d3d956af2b2@group-97FDB82827D5-LeaderElection14] INFO  metrics.RatisMetrics (RatisMetrics.java:lambda$create$0(36)) - Creating Metrics Registry : ratis.log_appender.96090a9c-2d18-4831-8bfc-5d3d956af2b2@group-97FDB82827D5
2020-12-08 14:46:46,950 [96090a9c-2d18-4831-8bfc-5d3d956af2b2@group-97FDB82827D5-LeaderElection14] INFO  server.RaftServerConfigKeys (ConfUtils.java:logGet(44)) - raft.server.write.element-limit = 1024 (custom)
2020-12-08 14:46:46,950 [96090a9c-2d18-4831-8bfc-5d3d956af2b2@group-97FDB82827D5-LeaderElection14] INFO  server.RaftServerConfigKeys (ConfUtils.java:logGet(44)) - raft.server.write.byte-limit = 1073741824 (custom)
2020-12-08 14:46:46,951 [96090a9c-2d18-4831-8bfc-5d3d956af2b2@group-97FDB82827D5-LeaderElection14] INFO  server.RaftServerConfigKeys (ConfUtils.java:logGet(44)) - raft.server.watch.timeout = 180s (custom)
2020-12-08 14:46:46,951 [96090a9c-2d18-4831-8bfc-5d3d956af2b2@group-97FDB82827D5-LeaderElection14] INFO  server.RaftServerConfigKeys (ConfUtils.java:logGet(44)) - raft.server.watch.timeout.denomination = 1s (default)
2020-12-08 14:46:46,951 [96090a9c-2d18-4831-8bfc-5d3d956af2b2@group-97FDB82827D5-LeaderElection14] INFO  server.RaftServerConfigKeys (ConfUtils.java:logGet(44)) - raft.server.watch.element-limit = 65536 (default)
2020-12-08 14:46:46,951 [96090a9c-2d18-4831-8bfc-5d3d956af2b2@group-97FDB82827D5-LeaderElection14] INFO  impl.RoleInfo (RoleInfo.java:updateAndGet(143)) - 96090a9c-2d18-4831-8bfc-5d3d956af2b2: start 96090a9c-2d18-4831-8bfc-5d3d956af2b2@group-97FDB82827D5-LeaderState
2020-12-08 14:46:46,951 [96090a9c-2d18-4831-8bfc-5d3d956af2b2@group-97FDB82827D5-LeaderElection14] INFO  segmented.SegmentedRaftLogWorker (SegmentedRaftLogWorker.java:startLogSegment(398)) - 96090a9c-2d18-4831-8bfc-5d3d956af2b2@group-97FDB82827D5-SegmentedRaftLogWorker: Starting segment from index:0
2020-12-08 14:46:46,952 [96090a9c-2d18-4831-8bfc-5d3d956af2b2@group-97FDB82827D5-LeaderElection14] INFO  impl.RaftServerImpl (ServerState.java:setRaftConf(374)) - 96090a9c-2d18-4831-8bfc-5d3d956af2b2@group-97FDB82827D5: set configuration 0: [96090a9c-2d18-4831-8bfc-5d3d956af2b2|rpc:172.17.0.2:44413|dataStream:], old=null at 0
2020-12-08 14:46:46,953 [96090a9c-2d18-4831-8bfc-5d3d956af2b2@group-97FDB82827D5-SegmentedRaftLogWorker] INFO  segmented.SegmentedRaftLogWorker (SegmentedRaftLogWorker.java:execute(597)) - 96090a9c-2d18-4831-8bfc-5d3d956af2b2@group-97FDB82827D5-SegmentedRaftLogWorker: created new log segment /github/workspace/mnt/ozone/hadoop-ozone/integration-test/target/test-dir/MiniOzoneClusterImpl-cfd0bfd1-2e20-40f2-b3a5-c30c0e76baf6/datanode-1/data/ratis/f2b1e072-b900-4449-9412-97fdb82827d5/current/log_inprogress_0
2020-12-08 14:46:47,068 [Listener at 127.0.0.1/38785] INFO  ozone.MiniOzoneClusterImpl (MiniOzoneClusterImpl.java:lambda$waitForClusterToBeReady$0(178)) - Nodes are ready. Got 7 of 7 DN Heartbeats.
2020-12-08 14:46:47,069 [Listener at 127.0.0.1/38785] INFO  ozone.MiniOzoneClusterImpl (MiniOzoneClusterImpl.java:lambda$waitForClusterToBeReady$0(181)) - Cluster exits safe mode
2020-12-08 14:46:47,081 [Listener at 127.0.0.1/38785] INFO  rpc.RpcClient (RpcClient.java:createVolume(272)) - Creating Volume: testblockoutputstreamwithretries, with jenkins1001 as owner.
2020-12-08 14:46:47,083 [IPC Server handler 0 on default port 38785] INFO  volume.OMVolumeCreateRequest (OMVolumeCreateRequest.java:validateAndUpdateCache(196)) - created volume:testblockoutputstreamwithretries for user:jenkins1001
2020-12-08 14:46:47,087 [Listener at 127.0.0.1/38785] INFO  rpc.RpcClient (RpcClient.java:createBucket(425)) - Creating Bucket: testblockoutputstreamwithretries/testblockoutputstreamwithretries, with Versioning false and Storage Type set to DISK and Encryption set to false 
2020-12-08 14:46:47,110 [Listener at 127.0.0.1/38785] INFO  metrics.RatisMetrics (RatisMetrics.java:lambda$create$0(36)) - Creating Metrics Registry : ratis.client_message_metrics.client-394BBA563E92->56e78f60-04c2-4b0b-90ce-c38122db5462
2020-12-08 14:46:47,116 [grpc-default-executor-2] INFO  metrics.RatisMetrics (RatisMetrics.java:lambda$create$0(36)) - Creating Metrics Registry : ratis.server_message_metrics.56e78f60-04c2-4b0b-90ce-c38122db5462
2020-12-08 14:46:47,166 [Thread-601] INFO  impl.FollowerState (FollowerState.java:run(128)) - e7bab1e1-cb53-462e-811b-33706ea421b6@group-BD06936A4B22-FollowerState: change to CANDIDATE, lastRpcTime:5109ms, electionTimeout:5103ms
2020-12-08 14:46:47,167 [Thread-601] INFO  impl.RoleInfo (RoleInfo.java:shutdownFollowerState(121)) - e7bab1e1-cb53-462e-811b-33706ea421b6: shutdown e7bab1e1-cb53-462e-811b-33706ea421b6@group-BD06936A4B22-FollowerState
2020-12-08 14:46:47,167 [Thread-601] INFO  impl.RaftServerImpl (RaftServerImpl.java:setRole(204)) - e7bab1e1-cb53-462e-811b-33706ea421b6@group-BD06936A4B22: changes role from  FOLLOWER to CANDIDATE at term 0 for changeToCandidate
2020-12-08 14:46:47,167 [Thread-601] INFO  impl.RoleInfo (RoleInfo.java:updateAndGet(143)) - e7bab1e1-cb53-462e-811b-33706ea421b6: start e7bab1e1-cb53-462e-811b-33706ea421b6@group-BD06936A4B22-LeaderElection15
2020-12-08 14:46:47,172 [e7bab1e1-cb53-462e-811b-33706ea421b6@group-BD06936A4B22-LeaderElection15] INFO  impl.LeaderElection (LeaderElection.java:askForVotes(215)) - e7bab1e1-cb53-462e-811b-33706ea421b6@group-BD06936A4B22-LeaderElection15: begin an election at term 1 for -1: [e7bab1e1-cb53-462e-811b-33706ea421b6|rpc:172.17.0.2:36527], old=null
2020-12-08 14:46:47,172 [e7bab1e1-cb53-462e-811b-33706ea421b6@group-BD06936A4B22-LeaderElection15] INFO  impl.RoleInfo (RoleInfo.java:shutdownLeaderElection(134)) - e7bab1e1-cb53-462e-811b-33706ea421b6: shutdown e7bab1e1-cb53-462e-811b-33706ea421b6@group-BD06936A4B22-LeaderElection15
2020-12-08 14:46:47,173 [e7bab1e1-cb53-462e-811b-33706ea421b6@group-BD06936A4B22-LeaderElection15] INFO  impl.RaftServerImpl (RaftServerImpl.java:setRole(204)) - e7bab1e1-cb53-462e-811b-33706ea421b6@group-BD06936A4B22: changes role from CANDIDATE to LEADER at term 1 for changeToLeader
2020-12-08 14:46:47,173 [e7bab1e1-cb53-462e-811b-33706ea421b6@group-BD06936A4B22-LeaderElection15] INFO  ratis.XceiverServerRatis (XceiverServerRatis.java:handleLeaderChangedNotification(854)) - Leader change notification received for group: group-BD06936A4B22 with new leaderId: e7bab1e1-cb53-462e-811b-33706ea421b6
2020-12-08 14:46:47,173 [e7bab1e1-cb53-462e-811b-33706ea421b6@group-BD06936A4B22-LeaderElection15] INFO  impl.RaftServerImpl (ServerState.java:setLeader(256)) - e7bab1e1-cb53-462e-811b-33706ea421b6@group-BD06936A4B22: change Leader from null to e7bab1e1-cb53-462e-811b-33706ea421b6 at term 1 for becomeLeader, leader elected after 5125ms
2020-12-08 14:46:47,173 [e7bab1e1-cb53-462e-811b-33706ea421b6@group-BD06936A4B22-LeaderElection15] INFO  server.RaftServerConfigKeys (ConfUtils.java:logGet(44)) - raft.server.staging.catchup.gap = 1000 (default)
2020-12-08 14:46:47,173 [e7bab1e1-cb53-462e-811b-33706ea421b6@group-BD06936A4B22-LeaderElection15] INFO  server.RaftServerConfigKeys (ConfUtils.java:logGet(44)) - raft.server.rpc.sleep.time = 25ms (default)
2020-12-08 14:46:47,173 [e7bab1e1-cb53-462e-811b-33706ea421b6@group-BD06936A4B22-LeaderElection15] INFO  metrics.RatisMetrics (RatisMetrics.java:lambda$create$0(36)) - Creating Metrics Registry : ratis.log_appender.e7bab1e1-cb53-462e-811b-33706ea421b6@group-BD06936A4B22
2020-12-08 14:46:47,173 [e7bab1e1-cb53-462e-811b-33706ea421b6@group-BD06936A4B22-LeaderElection15] INFO  server.RaftServerConfigKeys (ConfUtils.java:logGet(44)) - raft.server.write.element-limit = 1024 (custom)
2020-12-08 14:46:47,173 [e7bab1e1-cb53-462e-811b-33706ea421b6@group-BD06936A4B22-LeaderElection15] INFO  server.RaftServerConfigKeys (ConfUtils.java:logGet(44)) - raft.server.write.byte-limit = 1073741824 (custom)
2020-12-08 14:46:47,174 [e7bab1e1-cb53-462e-811b-33706ea421b6@group-BD06936A4B22-LeaderElection15] INFO  server.RaftServerConfigKeys (ConfUtils.java:logGet(44)) - raft.server.watch.timeout = 180s (custom)
2020-12-08 14:46:47,174 [e7bab1e1-cb53-462e-811b-33706ea421b6@group-BD06936A4B22-LeaderElection15] INFO  server.RaftServerConfigKeys (ConfUtils.java:logGet(44)) - raft.server.watch.timeout.denomination = 1s (default)
2020-12-08 14:46:47,174 [e7bab1e1-cb53-462e-811b-33706ea421b6@group-BD06936A4B22-LeaderElection15] INFO  server.RaftServerConfigKeys (ConfUtils.java:logGet(44)) - raft.server.watch.element-limit = 65536 (default)
2020-12-08 14:46:47,174 [e7bab1e1-cb53-462e-811b-33706ea421b6@group-BD06936A4B22-LeaderElection15] INFO  impl.RoleInfo (RoleInfo.java:updateAndGet(143)) - e7bab1e1-cb53-462e-811b-33706ea421b6: start e7bab1e1-cb53-462e-811b-33706ea421b6@group-BD06936A4B22-LeaderState
2020-12-08 14:46:47,174 [e7bab1e1-cb53-462e-811b-33706ea421b6@group-BD06936A4B22-LeaderElection15] INFO  segmented.SegmentedRaftLogWorker (SegmentedRaftLogWorker.java:startLogSegment(398)) - e7bab1e1-cb53-462e-811b-33706ea421b6@group-BD06936A4B22-SegmentedRaftLogWorker: Starting segment from index:0
2020-12-08 14:46:47,175 [e7bab1e1-cb53-462e-811b-33706ea421b6@group-BD06936A4B22-LeaderElection15] INFO  impl.RaftServerImpl (ServerState.java:setRaftConf(374)) - e7bab1e1-cb53-462e-811b-33706ea421b6@group-BD06936A4B22: set configuration 0: [e7bab1e1-cb53-462e-811b-33706ea421b6|rpc:172.17.0.2:36527|dataStream:], old=null at 0
2020-12-08 14:46:47,175 [e7bab1e1-cb53-462e-811b-33706ea421b6@group-BD06936A4B22-SegmentedRaftLogWorker] INFO  segmented.SegmentedRaftLogWorker (SegmentedRaftLogWorker.java:execute(597)) - e7bab1e1-cb53-462e-811b-33706ea421b6@group-BD06936A4B22-SegmentedRaftLogWorker: created new log segment /github/workspace/mnt/ozone/hadoop-ozone/integration-test/target/test-dir/MiniOzoneClusterImpl-cfd0bfd1-2e20-40f2-b3a5-c30c0e76baf6/datanode-2/data/ratis/1d03f5db-0716-4910-b075-bd06936a4b22/current/log_inprogress_0
2020-12-08 14:46:47,484 [Thread-607] INFO  impl.FollowerState (FollowerState.java:run(128)) - 197ed019-3b66-4a5a-8ebb-716a9f0e2ab5@group-37E6DBA041D2-FollowerState: change to CANDIDATE, lastRpcTime:5042ms, electionTimeout:5041ms
2020-12-08 14:46:47,485 [Thread-607] INFO  impl.RoleInfo (RoleInfo.java:shutdownFollowerState(121)) - 197ed019-3b66-4a5a-8ebb-716a9f0e2ab5: shutdown 197ed019-3b66-4a5a-8ebb-716a9f0e2ab5@group-37E6DBA041D2-FollowerState
2020-12-08 14:46:47,485 [Thread-607] INFO  impl.RaftServerImpl (RaftServerImpl.java:setRole(204)) - 197ed019-3b66-4a5a-8ebb-716a9f0e2ab5@group-37E6DBA041D2: changes role from  FOLLOWER to CANDIDATE at term 0 for changeToCandidate
2020-12-08 14:46:47,485 [Thread-607] INFO  impl.RoleInfo (RoleInfo.java:updateAndGet(143)) - 197ed019-3b66-4a5a-8ebb-716a9f0e2ab5: start 197ed019-3b66-4a5a-8ebb-716a9f0e2ab5@group-37E6DBA041D2-LeaderElection16
2020-12-08 14:46:47,488 [197ed019-3b66-4a5a-8ebb-716a9f0e2ab5@group-37E6DBA041D2-LeaderElection16] INFO  impl.LeaderElection (LeaderElection.java:askForVotes(215)) - 197ed019-3b66-4a5a-8ebb-716a9f0e2ab5@group-37E6DBA041D2-LeaderElection16: begin an election at term 1 for -1: [197ed019-3b66-4a5a-8ebb-716a9f0e2ab5|rpc:172.17.0.2:37931|dataStream:, bba845ab-d614-4a63-bf49-d4775724033f|rpc:172.17.0.2:35129|dataStream:, e06d1ff1-a20f-4588-91bb-f8f9c9d2192c|rpc:172.17.0.2:39309|dataStream:], old=null
2020-12-08 14:46:47,497 [grpc-default-executor-0] INFO  impl.RaftServerImpl (RaftServerImpl.java:setRole(204)) - bba845ab-d614-4a63-bf49-d4775724033f@group-37E6DBA041D2: changes role from  FOLLOWER to FOLLOWER at term 1 for recognizeCandidate:197ed019-3b66-4a5a-8ebb-716a9f0e2ab5
2020-12-08 14:46:47,497 [grpc-default-executor-0] INFO  impl.RoleInfo (RoleInfo.java:shutdownFollowerState(121)) - bba845ab-d614-4a63-bf49-d4775724033f: shutdown bba845ab-d614-4a63-bf49-d4775724033f@group-37E6DBA041D2-FollowerState
2020-12-08 14:46:47,497 [grpc-default-executor-0] INFO  impl.RoleInfo (RoleInfo.java:updateAndGet(143)) - bba845ab-d614-4a63-bf49-d4775724033f: start bba845ab-d614-4a63-bf49-d4775724033f@group-37E6DBA041D2-FollowerState
2020-12-08 14:46:47,497 [grpc-default-executor-2] INFO  metrics.RatisMetrics (RatisMetrics.java:lambda$create$0(36)) - Creating Metrics Registry : ratis.server_message_metrics.e06d1ff1-a20f-4588-91bb-f8f9c9d2192c
2020-12-08 14:46:47,498 [Thread-610] INFO  impl.FollowerState (FollowerState.java:run(137)) - bba845ab-d614-4a63-bf49-d4775724033f@group-37E6DBA041D2-FollowerState was interrupted: {}
java.lang.InterruptedException: sleep interrupted
	at java.lang.Thread.sleep(Native Method)
	at org.apache.ratis.util.JavaUtils.sleep(JavaUtils.java:250)
	at org.apache.ratis.server.impl.FollowerState.run(FollowerState.java:116)
2020-12-08 14:46:47,504 [grpc-default-executor-0] INFO  impl.RaftServerImpl (RaftServerImpl.java:requestVote(963)) -  FOLLOWER bba845ab-d614-4a63-bf49-d4775724033f@group-37E6DBA041D2:t1, leader=null, voted=null, raftlog=bba845ab-d614-4a63-bf49-d4775724033f@group-37E6DBA041D2-SegmentedRaftLog:OPENED:c-1,f-1,i0, conf=-1: [197ed019-3b66-4a5a-8ebb-716a9f0e2ab5|rpc:172.17.0.2:37931|dataStream:, bba845ab-d614-4a63-bf49-d4775724033f|rpc:172.17.0.2:35129|dataStream:, e06d1ff1-a20f-4588-91bb-f8f9c9d2192c|rpc:172.17.0.2:39309|dataStream:], old=null RUNNING priority:0 candidate:197ed019-3b66-4a5a-8ebb-716a9f0e2ab5|rpc:172.17.0.2:37931|dataStream: candidatePriority:0 compare:0
2020-12-08 14:46:47,504 [grpc-default-executor-2] INFO  impl.RaftServerImpl (RaftServerImpl.java:setRole(204)) - e06d1ff1-a20f-4588-91bb-f8f9c9d2192c@group-37E6DBA041D2: changes role from  FOLLOWER to FOLLOWER at term 1 for recognizeCandidate:197ed019-3b66-4a5a-8ebb-716a9f0e2ab5
2020-12-08 14:46:47,504 [grpc-default-executor-2] INFO  impl.RoleInfo (RoleInfo.java:shutdownFollowerState(121)) - e06d1ff1-a20f-4588-91bb-f8f9c9d2192c: shutdown e06d1ff1-a20f-4588-91bb-f8f9c9d2192c@group-37E6DBA041D2-FollowerState
2020-12-08 14:46:47,504 [grpc-default-executor-2] INFO  impl.RoleInfo (RoleInfo.java:updateAndGet(143)) - e06d1ff1-a20f-4588-91bb-f8f9c9d2192c: start e06d1ff1-a20f-4588-91bb-f8f9c9d2192c@group-37E6DBA041D2-FollowerState
2020-12-08 14:46:47,505 [Thread-605] INFO  impl.FollowerState (FollowerState.java:run(137)) - e06d1ff1-a20f-4588-91bb-f8f9c9d2192c@group-37E6DBA041D2-FollowerState was interrupted: {}
java.lang.InterruptedException: sleep interrupted
	at java.lang.Thread.sleep(Native Method)
	at org.apache.ratis.util.JavaUtils.sleep(JavaUtils.java:250)
	at org.apache.ratis.server.impl.FollowerState.run(FollowerState.java:116)
2020-12-08 14:46:47,505 [grpc-default-executor-2] INFO  impl.RaftServerImpl (RaftServerImpl.java:requestVote(963)) -  FOLLOWER e06d1ff1-a20f-4588-91bb-f8f9c9d2192c@group-37E6DBA041D2:t1, leader=null, voted=null, raftlog=e06d1ff1-a20f-4588-91bb-f8f9c9d2192c@group-37E6DBA041D2-SegmentedRaftLog:OPENED:c-1,f-1,i0, conf=-1: [197ed019-3b66-4a5a-8ebb-716a9f0e2ab5|rpc:172.17.0.2:37931, bba845ab-d614-4a63-bf49-d4775724033f|rpc:172.17.0.2:35129, e06d1ff1-a20f-4588-91bb-f8f9c9d2192c|rpc:172.17.0.2:39309], old=null RUNNING priority:0 candidate:197ed019-3b66-4a5a-8ebb-716a9f0e2ab5|rpc:172.17.0.2:37931 candidatePriority:0 compare:0
2020-12-08 14:46:47,516 [197ed019-3b66-4a5a-8ebb-716a9f0e2ab5@group-37E6DBA041D2-LeaderElection16] INFO  impl.LeaderElection (LeaderElection.java:logAndReturn(65)) - 197ed019-3b66-4a5a-8ebb-716a9f0e2ab5@group-37E6DBA041D2-LeaderElection16: Election PASSED; received 1 response(s) [197ed019-3b66-4a5a-8ebb-716a9f0e2ab5<-bba845ab-d614-4a63-bf49-d4775724033f#0:OK-t1] and 0 exception(s); 197ed019-3b66-4a5a-8ebb-716a9f0e2ab5@group-37E6DBA041D2:t1, leader=null, voted=197ed019-3b66-4a5a-8ebb-716a9f0e2ab5, raftlog=197ed019-3b66-4a5a-8ebb-716a9f0e2ab5@group-37E6DBA041D2-SegmentedRaftLog:OPENED:c-1,f-1,i0, conf=-1: [197ed019-3b66-4a5a-8ebb-716a9f0e2ab5|rpc:172.17.0.2:37931|dataStream:, bba845ab-d614-4a63-bf49-d4775724033f|rpc:172.17.0.2:35129|dataStream:, e06d1ff1-a20f-4588-91bb-f8f9c9d2192c|rpc:172.17.0.2:39309|dataStream:], old=null
2020-12-08 14:46:47,516 [197ed019-3b66-4a5a-8ebb-716a9f0e2ab5@group-37E6DBA041D2-LeaderElection16] INFO  impl.RoleInfo (RoleInfo.java:shutdownLeaderElection(134)) - 197ed019-3b66-4a5a-8ebb-716a9f0e2ab5: shutdown 197ed019-3b66-4a5a-8ebb-716a9f0e2ab5@group-37E6DBA041D2-LeaderElection16
2020-12-08 14:46:47,516 [197ed019-3b66-4a5a-8ebb-716a9f0e2ab5@group-37E6DBA041D2-LeaderElection16] INFO  impl.RaftServerImpl (RaftServerImpl.java:setRole(204)) - 197ed019-3b66-4a5a-8ebb-716a9f0e2ab5@group-37E6DBA041D2: changes role from CANDIDATE to LEADER at term 1 for changeToLeader
2020-12-08 14:46:47,516 [197ed019-3b66-4a5a-8ebb-716a9f0e2ab5@group-37E6DBA041D2-LeaderElection16] INFO  ratis.XceiverServerRatis (XceiverServerRatis.java:handleLeaderChangedNotification(854)) - Leader change notification received for group: group-37E6DBA041D2 with new leaderId: 197ed019-3b66-4a5a-8ebb-716a9f0e2ab5
2020-12-08 14:46:47,516 [197ed019-3b66-4a5a-8ebb-716a9f0e2ab5@group-37E6DBA041D2-LeaderElection16] INFO  impl.RaftServerImpl (ServerState.java:setLeader(256)) - 197ed019-3b66-4a5a-8ebb-716a9f0e2ab5@group-37E6DBA041D2: change Leader from null to 197ed019-3b66-4a5a-8ebb-716a9f0e2ab5 at term 1 for becomeLeader, leader elected after 5079ms
2020-12-08 14:46:47,516 [197ed019-3b66-4a5a-8ebb-716a9f0e2ab5@group-37E6DBA041D2-LeaderElection16] INFO  server.RaftServerConfigKeys (ConfUtils.java:logGet(44)) - raft.server.staging.catchup.gap = 1000 (default)
2020-12-08 14:46:47,516 [197ed019-3b66-4a5a-8ebb-716a9f0e2ab5@group-37E6DBA041D2-LeaderElection16] INFO  server.RaftServerConfigKeys (ConfUtils.java:logGet(44)) - raft.server.rpc.sleep.time = 25ms (default)
2020-12-08 14:46:47,516 [197ed019-3b66-4a5a-8ebb-716a9f0e2ab5@group-37E6DBA041D2-LeaderElection16] INFO  metrics.RatisMetrics (RatisMetrics.java:lambda$create$0(36)) - Creating Metrics Registry : ratis.log_appender.197ed019-3b66-4a5a-8ebb-716a9f0e2ab5@group-37E6DBA041D2
2020-12-08 14:46:47,516 [197ed019-3b66-4a5a-8ebb-716a9f0e2ab5@group-37E6DBA041D2-LeaderElection16] INFO  server.RaftServerConfigKeys (ConfUtils.java:logGet(44)) - raft.server.write.element-limit = 1024 (custom)
2020-12-08 14:46:47,516 [197ed019-3b66-4a5a-8ebb-716a9f0e2ab5@group-37E6DBA041D2-LeaderElection16] INFO  server.RaftServerConfigKeys (ConfUtils.java:logGet(44)) - raft.server.write.byte-limit = 1073741824 (custom)
2020-12-08 14:46:47,517 [197ed019-3b66-4a5a-8ebb-716a9f0e2ab5@group-37E6DBA041D2-LeaderElection16] INFO  server.RaftServerConfigKeys (ConfUtils.java:logGet(44)) - raft.server.watch.timeout = 180s (custom)
2020-12-08 14:46:47,517 [197ed019-3b66-4a5a-8ebb-716a9f0e2ab5@group-37E6DBA041D2-LeaderElection16] INFO  server.RaftServerConfigKeys (ConfUtils.java:logGet(44)) - raft.server.watch.timeout.denomination = 1s (default)
2020-12-08 14:46:47,517 [197ed019-3b66-4a5a-8ebb-716a9f0e2ab5@group-37E6DBA041D2-LeaderElection16] INFO  server.RaftServerConfigKeys (ConfUtils.java:logGet(44)) - raft.server.watch.element-limit = 65536 (default)
2020-12-08 14:46:47,517 [197ed019-3b66-4a5a-8ebb-716a9f0e2ab5@group-37E6DBA041D2-LeaderElection16] INFO  server.RaftServerConfigKeys (ConfUtils.java:logGet(44)) - raft.server.log.appender.snapshot.chunk.size.max = 16MB (=16777216) (default)
2020-12-08 14:46:47,517 [197ed019-3b66-4a5a-8ebb-716a9f0e2ab5@group-37E6DBA041D2-LeaderElection16] INFO  server.RaftServerConfigKeys (ConfUtils.java:logGet(44)) - raft.server.log.appender.buffer.byte-limit = 33554432 (custom)
2020-12-08 14:46:47,517 [197ed019-3b66-4a5a-8ebb-716a9f0e2ab5@group-37E6DBA041D2-LeaderElection16] INFO  server.RaftServerConfigKeys (ConfUtils.java:logGet(44)) - raft.server.log.appender.buffer.element-limit = 1 (custom)
2020-12-08 14:46:47,517 [197ed019-3b66-4a5a-8ebb-716a9f0e2ab5@group-37E6DBA041D2-LeaderElection16] INFO  grpc.GrpcConfigKeys (ConfUtils.java:logGet(44)) - raft.grpc.server.leader.outstanding.appends.max = 128 (default)
2020-12-08 14:46:47,517 [197ed019-3b66-4a5a-8ebb-716a9f0e2ab5@group-37E6DBA041D2-LeaderElection16] INFO  server.RaftServerConfigKeys (ConfUtils.java:logGet(44)) - raft.server.rpc.request.timeout = 60s (custom)
2020-12-08 14:46:47,517 [197ed019-3b66-4a5a-8ebb-716a9f0e2ab5@group-37E6DBA041D2-LeaderElection16] INFO  server.RaftServerConfigKeys (ConfUtils.java:logGet(44)) - raft.server.log.appender.install.snapshot.enabled = false (custom)
2020-12-08 14:46:47,517 [197ed019-3b66-4a5a-8ebb-716a9f0e2ab5@group-37E6DBA041D2-LeaderElection16] INFO  metrics.RatisMetrics (RatisMetrics.java:lambda$create$0(36)) - Creating Metrics Registry : ratis_grpc.log_appender.197ed019-3b66-4a5a-8ebb-716a9f0e2ab5@group-37E6DBA041D2
2020-12-08 14:46:47,518 [EventQueue-PipelineReportForPipelineReportHandler] INFO  pipeline.PipelineStateManager (PipelineStateManager.java:openPipeline(132)) - Pipeline Pipeline[ Id: b06d860b-ea87-4438-ac4a-37e6dba041d2, Nodes: 197ed019-3b66-4a5a-8ebb-716a9f0e2ab5{ip: 172.17.0.2, host: 68facfb2a37d, networkLocation: /default-rack, certSerialId: null, persistedOpState: IN_SERVICE, persistedOpStateExpiryEpochSec: 0}bba845ab-d614-4a63-bf49-d4775724033f{ip: 172.17.0.2, host: 68facfb2a37d, networkLocation: /default-rack, certSerialId: null, persistedOpState: IN_SERVICE, persistedOpStateExpiryEpochSec: 0}e06d1ff1-a20f-4588-91bb-f8f9c9d2192c{ip: 172.17.0.2, host: 68facfb2a37d, networkLocation: /default-rack, certSerialId: null, persistedOpState: IN_SERVICE, persistedOpStateExpiryEpochSec: 0}, Type:RATIS, Factor:THREE, State:ALLOCATED, leaderId:197ed019-3b66-4a5a-8ebb-716a9f0e2ab5, CreationTimestamp2020-12-08T14:46:39.860Z] moved to OPEN state
2020-12-08 14:46:47,519 [197ed019-3b66-4a5a-8ebb-716a9f0e2ab5@group-37E6DBA041D2-LeaderElection16] INFO  server.RaftServerConfigKeys (ConfUtils.java:logGet(44)) - raft.server.log.appender.snapshot.chunk.size.max = 16MB (=16777216) (default)
2020-12-08 14:46:47,521 [197ed019-3b66-4a5a-8ebb-716a9f0e2ab5@group-37E6DBA041D2-LeaderElection16] INFO  server.RaftServerConfigKeys (ConfUtils.java:logGet(44)) - raft.server.log.appender.buffer.byte-limit = 33554432 (custom)
2020-12-08 14:46:47,521 [197ed019-3b66-4a5a-8ebb-716a9f0e2ab5@group-37E6DBA041D2-LeaderElection16] INFO  server.RaftServerConfigKeys (ConfUtils.java:logGet(44)) - raft.server.log.appender.buffer.element-limit = 1 (custom)
2020-12-08 14:46:47,521 [197ed019-3b66-4a5a-8ebb-716a9f0e2ab5@group-37E6DBA041D2-LeaderElection16] INFO  grpc.GrpcConfigKeys (ConfUtils.java:logGet(44)) - raft.grpc.server.leader.outstanding.appends.max = 128 (default)
2020-12-08 14:46:47,521 [197ed019-3b66-4a5a-8ebb-716a9f0e2ab5@group-37E6DBA041D2-LeaderElection16] INFO  server.RaftServerConfigKeys (ConfUtils.java:logGet(44)) - raft.server.rpc.request.timeout = 60s (custom)
2020-12-08 14:46:47,522 [197ed019-3b66-4a5a-8ebb-716a9f0e2ab5@group-37E6DBA041D2-LeaderElection16] INFO  server.RaftServerConfigKeys (ConfUtils.java:logGet(44)) - raft.server.log.appender.install.snapshot.enabled = false (custom)
2020-12-08 14:46:47,522 [197ed019-3b66-4a5a-8ebb-716a9f0e2ab5@group-37E6DBA041D2-LeaderElection16] INFO  impl.RoleInfo (RoleInfo.java:updateAndGet(143)) - 197ed019-3b66-4a5a-8ebb-716a9f0e2ab5: start 197ed019-3b66-4a5a-8ebb-716a9f0e2ab5@group-37E6DBA041D2-LeaderState
2020-12-08 14:46:47,523 [197ed019-3b66-4a5a-8ebb-716a9f0e2ab5@group-37E6DBA041D2-LeaderElection16] INFO  segmented.SegmentedRaftLogWorker (SegmentedRaftLogWorker.java:startLogSegment(398)) - 197ed019-3b66-4a5a-8ebb-716a9f0e2ab5@group-37E6DBA041D2-SegmentedRaftLogWorker: Starting segment from index:0
2020-12-08 14:46:47,524 [197ed019-3b66-4a5a-8ebb-716a9f0e2ab5@group-37E6DBA041D2-SegmentedRaftLogWorker] INFO  segmented.SegmentedRaftLogWorker (SegmentedRaftLogWorker.java:execute(597)) - 197ed019-3b66-4a5a-8ebb-716a9f0e2ab5@group-37E6DBA041D2-SegmentedRaftLogWorker: created new log segment /github/workspace/mnt/ozone/hadoop-ozone/integration-test/target/test-dir/MiniOzoneClusterImpl-cfd0bfd1-2e20-40f2-b3a5-c30c0e76baf6/datanode-4/data/ratis/b06d860b-ea87-4438-ac4a-37e6dba041d2/current/log_inprogress_0
2020-12-08 14:46:47,528 [197ed019-3b66-4a5a-8ebb-716a9f0e2ab5@group-37E6DBA041D2-LeaderElection16] INFO  impl.RaftServerImpl (ServerState.java:setRaftConf(374)) - 197ed019-3b66-4a5a-8ebb-716a9f0e2ab5@group-37E6DBA041D2: set configuration 0: [197ed019-3b66-4a5a-8ebb-716a9f0e2ab5|rpc:172.17.0.2:37931|dataStream:, bba845ab-d614-4a63-bf49-d4775724033f|rpc:172.17.0.2:35129|dataStream:, e06d1ff1-a20f-4588-91bb-f8f9c9d2192c|rpc:172.17.0.2:39309|dataStream:], old=null at 0
2020-12-08 14:46:47,537 [grpc-default-executor-2] INFO  ratis.XceiverServerRatis (XceiverServerRatis.java:handleLeaderChangedNotification(854)) - Leader change notification received for group: group-37E6DBA041D2 with new leaderId: 197ed019-3b66-4a5a-8ebb-716a9f0e2ab5
2020-12-08 14:46:47,537 [grpc-default-executor-2] INFO  impl.RaftServerImpl (ServerState.java:setLeader(256)) - bba845ab-d614-4a63-bf49-d4775724033f@group-37E6DBA041D2: change Leader from null to 197ed019-3b66-4a5a-8ebb-716a9f0e2ab5 at term 1 for appendEntries, leader elected after 5057ms
2020-12-08 14:46:47,543 [grpc-default-executor-0] INFO  ratis.XceiverServerRatis (XceiverServerRatis.java:handleLeaderChangedNotification(854)) - Leader change notification received for group: group-37E6DBA041D2 with new leaderId: 197ed019-3b66-4a5a-8ebb-716a9f0e2ab5
2020-12-08 14:46:47,543 [grpc-default-executor-0] INFO  impl.RaftServerImpl (ServerState.java:setLeader(256)) - e06d1ff1-a20f-4588-91bb-f8f9c9d2192c@group-37E6DBA041D2: change Leader from null to 197ed019-3b66-4a5a-8ebb-716a9f0e2ab5 at term 1 for appendEntries, leader elected after 5133ms
2020-12-08 14:46:47,543 [grpc-default-executor-2] INFO  impl.RaftServerImpl (ServerState.java:setRaftConf(374)) - bba845ab-d614-4a63-bf49-d4775724033f@group-37E6DBA041D2: set configuration 0: [197ed019-3b66-4a5a-8ebb-716a9f0e2ab5|rpc:172.17.0.2:37931|dataStream:, bba845ab-d614-4a63-bf49-d4775724033f|rpc:172.17.0.2:35129|dataStream:, e06d1ff1-a20f-4588-91bb-f8f9c9d2192c|rpc:172.17.0.2:39309|dataStream:], old=null at 0
2020-12-08 14:46:47,543 [grpc-default-executor-2] INFO  segmented.SegmentedRaftLogWorker (SegmentedRaftLogWorker.java:startLogSegment(398)) - bba845ab-d614-4a63-bf49-d4775724033f@group-37E6DBA041D2-SegmentedRaftLogWorker: Starting segment from index:0
2020-12-08 14:46:47,545 [grpc-default-executor-0] INFO  impl.RaftServerImpl (ServerState.java:setRaftConf(374)) - e06d1ff1-a20f-4588-91bb-f8f9c9d2192c@group-37E6DBA041D2: set configuration 0: [197ed019-3b66-4a5a-8ebb-716a9f0e2ab5|rpc:172.17.0.2:37931|dataStream:, bba845ab-d614-4a63-bf49-d4775724033f|rpc:172.17.0.2:35129|dataStream:, e06d1ff1-a20f-4588-91bb-f8f9c9d2192c|rpc:172.17.0.2:39309|dataStream:], old=null at 0
2020-12-08 14:46:47,546 [grpc-default-executor-0] INFO  segmented.SegmentedRaftLogWorker (SegmentedRaftLogWorker.java:startLogSegment(398)) - e06d1ff1-a20f-4588-91bb-f8f9c9d2192c@group-37E6DBA041D2-SegmentedRaftLogWorker: Starting segment from index:0
2020-12-08 14:46:47,547 [bba845ab-d614-4a63-bf49-d4775724033f@group-37E6DBA041D2-SegmentedRaftLogWorker] INFO  segmented.SegmentedRaftLogWorker (SegmentedRaftLogWorker.java:execute(597)) - bba845ab-d614-4a63-bf49-d4775724033f@group-37E6DBA041D2-SegmentedRaftLogWorker: created new log segment /github/workspace/mnt/ozone/hadoop-ozone/integration-test/target/test-dir/MiniOzoneClusterImpl-cfd0bfd1-2e20-40f2-b3a5-c30c0e76baf6/datanode-5/data/ratis/b06d860b-ea87-4438-ac4a-37e6dba041d2/current/log_inprogress_0
2020-12-08 14:46:47,547 [e06d1ff1-a20f-4588-91bb-f8f9c9d2192c@group-37E6DBA041D2-SegmentedRaftLogWorker] INFO  segmented.SegmentedRaftLogWorker (SegmentedRaftLogWorker.java:execute(597)) - e06d1ff1-a20f-4588-91bb-f8f9c9d2192c@group-37E6DBA041D2-SegmentedRaftLogWorker: created new log segment /github/workspace/mnt/ozone/hadoop-ozone/integration-test/target/test-dir/MiniOzoneClusterImpl-cfd0bfd1-2e20-40f2-b3a5-c30c0e76baf6/datanode-3/data/ratis/b06d860b-ea87-4438-ac4a-37e6dba041d2/current/log_inprogress_0
2020-12-08 14:46:47,605 [Thread-603] INFO  impl.FollowerState (FollowerState.java:run(128)) - e06d1ff1-a20f-4588-91bb-f8f9c9d2192c@group-D809FFECA223-FollowerState: change to CANDIDATE, lastRpcTime:5200ms, electionTimeout:5199ms
2020-12-08 14:46:47,605 [Thread-603] INFO  impl.RoleInfo (RoleInfo.java:shutdownFollowerState(121)) - e06d1ff1-a20f-4588-91bb-f8f9c9d2192c: shutdown e06d1ff1-a20f-4588-91bb-f8f9c9d2192c@group-D809FFECA223-FollowerState
2020-12-08 14:46:47,605 [Thread-603] INFO  impl.RaftServerImpl (RaftServerImpl.java:setRole(204)) - e06d1ff1-a20f-4588-91bb-f8f9c9d2192c@group-D809FFECA223: changes role from  FOLLOWER to CANDIDATE at term 0 for changeToCandidate
2020-12-08 14:46:47,605 [Thread-603] INFO  impl.RoleInfo (RoleInfo.java:updateAndGet(143)) - e06d1ff1-a20f-4588-91bb-f8f9c9d2192c: start e06d1ff1-a20f-4588-91bb-f8f9c9d2192c@group-D809FFECA223-LeaderElection17
2020-12-08 14:46:47,608 [e06d1ff1-a20f-4588-91bb-f8f9c9d2192c@group-D809FFECA223-LeaderElection17] INFO  impl.LeaderElection (LeaderElection.java:askForVotes(215)) - e06d1ff1-a20f-4588-91bb-f8f9c9d2192c@group-D809FFECA223-LeaderElection17: begin an election at term 1 for -1: [e06d1ff1-a20f-4588-91bb-f8f9c9d2192c|rpc:172.17.0.2:39309], old=null
2020-12-08 14:46:47,608 [e06d1ff1-a20f-4588-91bb-f8f9c9d2192c@group-D809FFECA223-LeaderElection17] INFO  impl.RoleInfo (RoleInfo.java:shutdownLeaderElection(134)) - e06d1ff1-a20f-4588-91bb-f8f9c9d2192c: shutdown e06d1ff1-a20f-4588-91bb-f8f9c9d2192c@group-D809FFECA223-LeaderElection17
2020-12-08 14:46:47,608 [e06d1ff1-a20f-4588-91bb-f8f9c9d2192c@group-D809FFECA223-LeaderElection17] INFO  impl.RaftServerImpl (RaftServerImpl.java:setRole(204)) - e06d1ff1-a20f-4588-91bb-f8f9c9d2192c@group-D809FFECA223: changes role from CANDIDATE to LEADER at term 1 for changeToLeader
2020-12-08 14:46:47,608 [e06d1ff1-a20f-4588-91bb-f8f9c9d2192c@group-D809FFECA223-LeaderElection17] INFO  ratis.XceiverServerRatis (XceiverServerRatis.java:handleLeaderChangedNotification(854)) - Leader change notification received for group: group-D809FFECA223 with new leaderId: e06d1ff1-a20f-4588-91bb-f8f9c9d2192c
2020-12-08 14:46:47,609 [e06d1ff1-a20f-4588-91bb-f8f9c9d2192c@group-D809FFECA223-LeaderElection17] INFO  impl.RaftServerImpl (ServerState.java:setLeader(256)) - e06d1ff1-a20f-4588-91bb-f8f9c9d2192c@group-D809FFECA223: change Leader from null to e06d1ff1-a20f-4588-91bb-f8f9c9d2192c at term 1 for becomeLeader, leader elected after 5215ms
2020-12-08 14:46:47,609 [e06d1ff1-a20f-4588-91bb-f8f9c9d2192c@group-D809FFECA223-LeaderElection17] INFO  server.RaftServerConfigKeys (ConfUtils.java:logGet(44)) - raft.server.staging.catchup.gap = 1000 (default)
2020-12-08 14:46:47,609 [e06d1ff1-a20f-4588-91bb-f8f9c9d2192c@group-D809FFECA223-LeaderElection17] INFO  server.RaftServerConfigKeys (ConfUtils.java:logGet(44)) - raft.server.rpc.sleep.time = 25ms (default)
2020-12-08 14:46:47,610 [e06d1ff1-a20f-4588-91bb-f8f9c9d2192c@group-D809FFECA223-LeaderElection17] INFO  metrics.RatisMetrics (RatisMetrics.java:lambda$create$0(36)) - Creating Metrics Registry : ratis.log_appender.e06d1ff1-a20f-4588-91bb-f8f9c9d2192c@group-D809FFECA223
2020-12-08 14:46:47,611 [e06d1ff1-a20f-4588-91bb-f8f9c9d2192c@group-D809FFECA223-LeaderElection17] INFO  server.RaftServerConfigKeys (ConfUtils.java:logGet(44)) - raft.server.write.element-limit = 1024 (custom)
2020-12-08 14:46:47,611 [e06d1ff1-a20f-4588-91bb-f8f9c9d2192c@group-D809FFECA223-LeaderElection17] INFO  server.RaftServerConfigKeys (ConfUtils.java:logGet(44)) - raft.server.write.byte-limit = 1073741824 (custom)
2020-12-08 14:46:47,612 [e06d1ff1-a20f-4588-91bb-f8f9c9d2192c@group-D809FFECA223-LeaderElection17] INFO  server.RaftServerConfigKeys (ConfUtils.java:logGet(44)) - raft.server.watch.timeout = 180s (custom)
2020-12-08 14:46:47,612 [e06d1ff1-a20f-4588-91bb-f8f9c9d2192c@group-D809FFECA223-LeaderElection17] INFO  server.RaftServerConfigKeys (ConfUtils.java:logGet(44)) - raft.server.watch.timeout.denomination = 1s (default)
2020-12-08 14:46:47,612 [e06d1ff1-a20f-4588-91bb-f8f9c9d2192c@group-D809FFECA223-LeaderElection17] INFO  server.RaftServerConfigKeys (ConfUtils.java:logGet(44)) - raft.server.watch.element-limit = 65536 (default)
2020-12-08 14:46:47,612 [e06d1ff1-a20f-4588-91bb-f8f9c9d2192c@group-D809FFECA223-LeaderElection17] INFO  impl.RoleInfo (RoleInfo.java:updateAndGet(143)) - e06d1ff1-a20f-4588-91bb-f8f9c9d2192c: start e06d1ff1-a20f-4588-91bb-f8f9c9d2192c@group-D809FFECA223-LeaderState
2020-12-08 14:46:47,612 [e06d1ff1-a20f-4588-91bb-f8f9c9d2192c@group-D809FFECA223-LeaderElection17] INFO  segmented.SegmentedRaftLogWorker (SegmentedRaftLogWorker.java:startLogSegment(398)) - e06d1ff1-a20f-4588-91bb-f8f9c9d2192c@group-D809FFECA223-SegmentedRaftLogWorker: Starting segment from index:0
2020-12-08 14:46:47,613 [e06d1ff1-a20f-4588-91bb-f8f9c9d2192c@group-D809FFECA223-LeaderElection17] INFO  impl.RaftServerImpl (ServerState.java:setRaftConf(374)) - e06d1ff1-a20f-4588-91bb-f8f9c9d2192c@group-D809FFECA223: set configuration 0: [e06d1ff1-a20f-4588-91bb-f8f9c9d2192c|rpc:172.17.0.2:39309|dataStream:], old=null at 0
2020-12-08 14:46:47,614 [e06d1ff1-a20f-4588-91bb-f8f9c9d2192c@group-D809FFECA223-SegmentedRaftLogWorker] INFO  segmented.SegmentedRaftLogWorker (SegmentedRaftLogWorker.java:execute(597)) - e06d1ff1-a20f-4588-91bb-f8f9c9d2192c@group-D809FFECA223-SegmentedRaftLogWorker: created new log segment /github/workspace/mnt/ozone/hadoop-ozone/integration-test/target/test-dir/MiniOzoneClusterImpl-cfd0bfd1-2e20-40f2-b3a5-c30c0e76baf6/datanode-3/data/ratis/3e443ad5-7cfe-4886-a437-d809ffeca223/current/log_inprogress_0
2020-12-08 14:46:47,646 [Thread-613] INFO  impl.FollowerState (FollowerState.java:run(128)) - 197ed019-3b66-4a5a-8ebb-716a9f0e2ab5@group-65FFE85408C7-FollowerState: change to CANDIDATE, lastRpcTime:5024ms, electionTimeout:5023ms
2020-12-08 14:46:47,647 [Thread-613] INFO  impl.RoleInfo (RoleInfo.java:shutdownFollowerState(121)) - 197ed019-3b66-4a5a-8ebb-716a9f0e2ab5: shutdown 197ed019-3b66-4a5a-8ebb-716a9f0e2ab5@group-65FFE85408C7-FollowerState
2020-12-08 14:46:47,647 [Thread-613] INFO  impl.RaftServerImpl (RaftServerImpl.java:setRole(204)) - 197ed019-3b66-4a5a-8ebb-716a9f0e2ab5@group-65FFE85408C7: changes role from  FOLLOWER to CANDIDATE at term 0 for changeToCandidate
2020-12-08 14:46:47,647 [Thread-613] INFO  impl.RoleInfo (RoleInfo.java:updateAndGet(143)) - 197ed019-3b66-4a5a-8ebb-716a9f0e2ab5: start 197ed019-3b66-4a5a-8ebb-716a9f0e2ab5@group-65FFE85408C7-LeaderElection18
2020-12-08 14:46:47,649 [197ed019-3b66-4a5a-8ebb-716a9f0e2ab5@group-65FFE85408C7-LeaderElection18] INFO  impl.LeaderElection (LeaderElection.java:askForVotes(215)) - 197ed019-3b66-4a5a-8ebb-716a9f0e2ab5@group-65FFE85408C7-LeaderElection18: begin an election at term 1 for -1: [197ed019-3b66-4a5a-8ebb-716a9f0e2ab5|rpc:172.17.0.2:37931], old=null
2020-12-08 14:46:47,649 [197ed019-3b66-4a5a-8ebb-716a9f0e2ab5@group-65FFE85408C7-LeaderElection18] INFO  impl.RoleInfo (RoleInfo.java:shutdownLeaderElection(134)) - 197ed019-3b66-4a5a-8ebb-716a9f0e2ab5: shutdown 197ed019-3b66-4a5a-8ebb-716a9f0e2ab5@group-65FFE85408C7-LeaderElection18
2020-12-08 14:46:47,650 [197ed019-3b66-4a5a-8ebb-716a9f0e2ab5@group-65FFE85408C7-LeaderElection18] INFO  impl.RaftServerImpl (RaftServerImpl.java:setRole(204)) - 197ed019-3b66-4a5a-8ebb-716a9f0e2ab5@group-65FFE85408C7: changes role from CANDIDATE to LEADER at term 1 for changeToLeader
2020-12-08 14:46:47,650 [197ed019-3b66-4a5a-8ebb-716a9f0e2ab5@group-65FFE85408C7-LeaderElection18] INFO  ratis.XceiverServerRatis (XceiverServerRatis.java:handleLeaderChangedNotification(854)) - Leader change notification received for group: group-65FFE85408C7 with new leaderId: 197ed019-3b66-4a5a-8ebb-716a9f0e2ab5
2020-12-08 14:46:47,650 [197ed019-3b66-4a5a-8ebb-716a9f0e2ab5@group-65FFE85408C7-LeaderElection18] INFO  impl.RaftServerImpl (ServerState.java:setLeader(256)) - 197ed019-3b66-4a5a-8ebb-716a9f0e2ab5@group-65FFE85408C7: change Leader from null to 197ed019-3b66-4a5a-8ebb-716a9f0e2ab5 at term 1 for becomeLeader, leader elected after 5035ms
2020-12-08 14:46:47,650 [197ed019-3b66-4a5a-8ebb-716a9f0e2ab5@group-65FFE85408C7-LeaderElection18] INFO  server.RaftServerConfigKeys (ConfUtils.java:logGet(44)) - raft.server.staging.catchup.gap = 1000 (default)
2020-12-08 14:46:47,650 [197ed019-3b66-4a5a-8ebb-716a9f0e2ab5@group-65FFE85408C7-LeaderElection18] INFO  server.RaftServerConfigKeys (ConfUtils.java:logGet(44)) - raft.server.rpc.sleep.time = 25ms (default)
2020-12-08 14:46:47,650 [197ed019-3b66-4a5a-8ebb-716a9f0e2ab5@group-65FFE85408C7-LeaderElection18] INFO  metrics.RatisMetrics (RatisMetrics.java:lambda$create$0(36)) - Creating Metrics Registry : ratis.log_appender.197ed019-3b66-4a5a-8ebb-716a9f0e2ab5@group-65FFE85408C7
2020-12-08 14:46:47,650 [197ed019-3b66-4a5a-8ebb-716a9f0e2ab5@group-65FFE85408C7-LeaderElection18] INFO  server.RaftServerConfigKeys (ConfUtils.java:logGet(44)) - raft.server.write.element-limit = 1024 (custom)
2020-12-08 14:46:47,650 [197ed019-3b66-4a5a-8ebb-716a9f0e2ab5@group-65FFE85408C7-LeaderElection18] INFO  server.RaftServerConfigKeys (ConfUtils.java:logGet(44)) - raft.server.write.byte-limit = 1073741824 (custom)
2020-12-08 14:46:47,651 [197ed019-3b66-4a5a-8ebb-716a9f0e2ab5@group-65FFE85408C7-LeaderElection18] INFO  server.RaftServerConfigKeys (ConfUtils.java:logGet(44)) - raft.server.watch.timeout = 180s (custom)
2020-12-08 14:46:47,651 [197ed019-3b66-4a5a-8ebb-716a9f0e2ab5@group-65FFE85408C7-LeaderElection18] INFO  server.RaftServerConfigKeys (ConfUtils.java:logGet(44)) - raft.server.watch.timeout.denomination = 1s (default)
2020-12-08 14:46:47,651 [197ed019-3b66-4a5a-8ebb-716a9f0e2ab5@group-65FFE85408C7-LeaderElection18] INFO  server.RaftServerConfigKeys (ConfUtils.java:logGet(44)) - raft.server.watch.element-limit = 65536 (default)
2020-12-08 14:46:47,651 [197ed019-3b66-4a5a-8ebb-716a9f0e2ab5@group-65FFE85408C7-LeaderElection18] INFO  impl.RoleInfo (RoleInfo.java:updateAndGet(143)) - 197ed019-3b66-4a5a-8ebb-716a9f0e2ab5: start 197ed019-3b66-4a5a-8ebb-716a9f0e2ab5@group-65FFE85408C7-LeaderState
2020-12-08 14:46:47,651 [197ed019-3b66-4a5a-8ebb-716a9f0e2ab5@group-65FFE85408C7-LeaderElection18] INFO  segmented.SegmentedRaftLogWorker (SegmentedRaftLogWorker.java:startLogSegment(398)) - 197ed019-3b66-4a5a-8ebb-716a9f0e2ab5@group-65FFE85408C7-SegmentedRaftLogWorker: Starting segment from index:0
2020-12-08 14:46:47,651 [197ed019-3b66-4a5a-8ebb-716a9f0e2ab5@group-65FFE85408C7-LeaderElection18] INFO  impl.RaftServerImpl (ServerState.java:setRaftConf(374)) - 197ed019-3b66-4a5a-8ebb-716a9f0e2ab5@group-65FFE85408C7: set configuration 0: [197ed019-3b66-4a5a-8ebb-716a9f0e2ab5|rpc:172.17.0.2:37931|dataStream:], old=null at 0
2020-12-08 14:46:47,652 [197ed019-3b66-4a5a-8ebb-716a9f0e2ab5@group-65FFE85408C7-SegmentedRaftLogWorker] INFO  segmented.SegmentedRaftLogWorker (SegmentedRaftLogWorker.java:execute(597)) - 197ed019-3b66-4a5a-8ebb-716a9f0e2ab5@group-65FFE85408C7-SegmentedRaftLogWorker: created new log segment /github/workspace/mnt/ozone/hadoop-ozone/integration-test/target/test-dir/MiniOzoneClusterImpl-cfd0bfd1-2e20-40f2-b3a5-c30c0e76baf6/datanode-4/data/ratis/2c8f51b3-ea37-4368-9537-65ffe85408c7/current/log_inprogress_0
2020-12-08 14:46:47,923 [Thread-615] INFO  impl.FollowerState (FollowerState.java:run(128)) - bba845ab-d614-4a63-bf49-d4775724033f@group-90EAC9C2894E-FollowerState: change to CANDIDATE, lastRpcTime:5047ms, electionTimeout:5046ms
2020-12-08 14:46:47,924 [Thread-615] INFO  impl.RoleInfo (RoleInfo.java:shutdownFollowerState(121)) - bba845ab-d614-4a63-bf49-d4775724033f: shutdown bba845ab-d614-4a63-bf49-d4775724033f@group-90EAC9C2894E-FollowerState
2020-12-08 14:46:47,924 [Thread-615] INFO  impl.RaftServerImpl (RaftServerImpl.java:setRole(204)) - bba845ab-d614-4a63-bf49-d4775724033f@group-90EAC9C2894E: changes role from  FOLLOWER to CANDIDATE at term 0 for changeToCandidate
2020-12-08 14:46:47,924 [Thread-615] INFO  impl.RoleInfo (RoleInfo.java:updateAndGet(143)) - bba845ab-d614-4a63-bf49-d4775724033f: start bba845ab-d614-4a63-bf49-d4775724033f@group-90EAC9C2894E-LeaderElection19
2020-12-08 14:46:47,927 [bba845ab-d614-4a63-bf49-d4775724033f@group-90EAC9C2894E-LeaderElection19] INFO  impl.LeaderElection (LeaderElection.java:askForVotes(215)) - bba845ab-d614-4a63-bf49-d4775724033f@group-90EAC9C2894E-LeaderElection19: begin an election at term 1 for -1: [bba845ab-d614-4a63-bf49-d4775724033f|rpc:172.17.0.2:35129], old=null
2020-12-08 14:46:47,927 [bba845ab-d614-4a63-bf49-d4775724033f@group-90EAC9C2894E-LeaderElection19] INFO  impl.RoleInfo (RoleInfo.java:shutdownLeaderElection(134)) - bba845ab-d614-4a63-bf49-d4775724033f: shutdown bba845ab-d614-4a63-bf49-d4775724033f@group-90EAC9C2894E-LeaderElection19
2020-12-08 14:46:47,927 [bba845ab-d614-4a63-bf49-d4775724033f@group-90EAC9C2894E-LeaderElection19] INFO  impl.RaftServerImpl (RaftServerImpl.java:setRole(204)) - bba845ab-d614-4a63-bf49-d4775724033f@group-90EAC9C2894E: changes role from CANDIDATE to LEADER at term 1 for changeToLeader
2020-12-08 14:46:47,927 [bba845ab-d614-4a63-bf49-d4775724033f@group-90EAC9C2894E-LeaderElection19] INFO  ratis.XceiverServerRatis (XceiverServerRatis.java:handleLeaderChangedNotification(854)) - Leader change notification received for group: group-90EAC9C2894E with new leaderId: bba845ab-d614-4a63-bf49-d4775724033f
2020-12-08 14:46:47,928 [bba845ab-d614-4a63-bf49-d4775724033f@group-90EAC9C2894E-LeaderElection19] INFO  impl.RaftServerImpl (ServerState.java:setLeader(256)) - bba845ab-d614-4a63-bf49-d4775724033f@group-90EAC9C2894E: change Leader from null to bba845ab-d614-4a63-bf49-d4775724033f at term 1 for becomeLeader, leader elected after 5065ms
2020-12-08 14:46:47,932 [bba845ab-d614-4a63-bf49-d4775724033f@group-90EAC9C2894E-LeaderElection19] INFO  server.RaftServerConfigKeys (ConfUtils.java:logGet(44)) - raft.server.staging.catchup.gap = 1000 (default)
2020-12-08 14:46:47,932 [bba845ab-d614-4a63-bf49-d4775724033f@group-90EAC9C2894E-LeaderElection19] INFO  server.RaftServerConfigKeys (ConfUtils.java:logGet(44)) - raft.server.rpc.sleep.time = 25ms (default)
2020-12-08 14:46:47,932 [bba845ab-d614-4a63-bf49-d4775724033f@group-90EAC9C2894E-LeaderElection19] INFO  metrics.RatisMetrics (RatisMetrics.java:lambda$create$0(36)) - Creating Metrics Registry : ratis.log_appender.bba845ab-d614-4a63-bf49-d4775724033f@group-90EAC9C2894E
2020-12-08 14:46:47,932 [bba845ab-d614-4a63-bf49-d4775724033f@group-90EAC9C2894E-LeaderElection19] INFO  server.RaftServerConfigKeys (ConfUtils.java:logGet(44)) - raft.server.write.element-limit = 1024 (custom)
2020-12-08 14:46:47,932 [bba845ab-d614-4a63-bf49-d4775724033f@group-90EAC9C2894E-LeaderElection19] INFO  server.RaftServerConfigKeys (ConfUtils.java:logGet(44)) - raft.server.write.byte-limit = 1073741824 (custom)
2020-12-08 14:46:47,933 [bba845ab-d614-4a63-bf49-d4775724033f@group-90EAC9C2894E-LeaderElection19] INFO  server.RaftServerConfigKeys (ConfUtils.java:logGet(44)) - raft.server.watch.timeout = 180s (custom)
2020-12-08 14:46:47,933 [bba845ab-d614-4a63-bf49-d4775724033f@group-90EAC9C2894E-LeaderElection19] INFO  server.RaftServerConfigKeys (ConfUtils.java:logGet(44)) - raft.server.watch.timeout.denomination = 1s (default)
2020-12-08 14:46:47,933 [bba845ab-d614-4a63-bf49-d4775724033f@group-90EAC9C2894E-LeaderElection19] INFO  server.RaftServerConfigKeys (ConfUtils.java:logGet(44)) - raft.server.watch.element-limit = 65536 (default)
2020-12-08 14:46:47,933 [bba845ab-d614-4a63-bf49-d4775724033f@group-90EAC9C2894E-LeaderElection19] INFO  impl.RoleInfo (RoleInfo.java:updateAndGet(143)) - bba845ab-d614-4a63-bf49-d4775724033f: start bba845ab-d614-4a63-bf49-d4775724033f@group-90EAC9C2894E-LeaderState
2020-12-08 14:46:47,933 [bba845ab-d614-4a63-bf49-d4775724033f@group-90EAC9C2894E-LeaderElection19] INFO  segmented.SegmentedRaftLogWorker (SegmentedRaftLogWorker.java:startLogSegment(398)) - bba845ab-d614-4a63-bf49-d4775724033f@group-90EAC9C2894E-SegmentedRaftLogWorker: Starting segment from index:0
2020-12-08 14:46:47,933 [bba845ab-d614-4a63-bf49-d4775724033f@group-90EAC9C2894E-LeaderElection19] INFO  impl.RaftServerImpl (ServerState.java:setRaftConf(374)) - bba845ab-d614-4a63-bf49-d4775724033f@group-90EAC9C2894E: set configuration 0: [bba845ab-d614-4a63-bf49-d4775724033f|rpc:172.17.0.2:35129|dataStream:], old=null at 0
2020-12-08 14:46:47,936 [bba845ab-d614-4a63-bf49-d4775724033f@group-90EAC9C2894E-SegmentedRaftLogWorker] INFO  segmented.SegmentedRaftLogWorker (SegmentedRaftLogWorker.java:execute(597)) - bba845ab-d614-4a63-bf49-d4775724033f@group-90EAC9C2894E-SegmentedRaftLogWorker: created new log segment /github/workspace/mnt/ozone/hadoop-ozone/integration-test/target/test-dir/MiniOzoneClusterImpl-cfd0bfd1-2e20-40f2-b3a5-c30c0e76baf6/datanode-5/data/ratis/9fdef4d8-79ef-4402-848d-90eac9c2894e/current/log_inprogress_0
2020-12-08 14:46:48,205 [Thread-617] INFO  impl.FollowerState (FollowerState.java:run(128)) - 56e78f60-04c2-4b0b-90ce-c38122db5462@group-8B94E86A2CF7-FollowerState: change to CANDIDATE, lastRpcTime:5113ms, electionTimeout:5112ms
2020-12-08 14:46:48,205 [Thread-617] INFO  impl.RoleInfo (RoleInfo.java:shutdownFollowerState(121)) - 56e78f60-04c2-4b0b-90ce-c38122db5462: shutdown 56e78f60-04c2-4b0b-90ce-c38122db5462@group-8B94E86A2CF7-FollowerState
2020-12-08 14:46:48,205 [Thread-617] INFO  impl.RaftServerImpl (RaftServerImpl.java:setRole(204)) - 56e78f60-04c2-4b0b-90ce-c38122db5462@group-8B94E86A2CF7: changes role from  FOLLOWER to CANDIDATE at term 0 for changeToCandidate
2020-12-08 14:46:48,205 [Thread-617] INFO  impl.RoleInfo (RoleInfo.java:updateAndGet(143)) - 56e78f60-04c2-4b0b-90ce-c38122db5462: start 56e78f60-04c2-4b0b-90ce-c38122db5462@group-8B94E86A2CF7-LeaderElection20
2020-12-08 14:46:48,210 [56e78f60-04c2-4b0b-90ce-c38122db5462@group-8B94E86A2CF7-LeaderElection20] INFO  impl.LeaderElection (LeaderElection.java:askForVotes(215)) - 56e78f60-04c2-4b0b-90ce-c38122db5462@group-8B94E86A2CF7-LeaderElection20: begin an election at term 1 for -1: [56e78f60-04c2-4b0b-90ce-c38122db5462|rpc:172.17.0.2:33181], old=null
2020-12-08 14:46:48,210 [56e78f60-04c2-4b0b-90ce-c38122db5462@group-8B94E86A2CF7-LeaderElection20] INFO  impl.RoleInfo (RoleInfo.java:shutdownLeaderElection(134)) - 56e78f60-04c2-4b0b-90ce-c38122db5462: shutdown 56e78f60-04c2-4b0b-90ce-c38122db5462@group-8B94E86A2CF7-LeaderElection20
2020-12-08 14:46:48,210 [56e78f60-04c2-4b0b-90ce-c38122db5462@group-8B94E86A2CF7-LeaderElection20] INFO  impl.RaftServerImpl (RaftServerImpl.java:setRole(204)) - 56e78f60-04c2-4b0b-90ce-c38122db5462@group-8B94E86A2CF7: changes role from CANDIDATE to LEADER at term 1 for changeToLeader
2020-12-08 14:46:48,210 [56e78f60-04c2-4b0b-90ce-c38122db5462@group-8B94E86A2CF7-LeaderElection20] INFO  ratis.XceiverServerRatis (XceiverServerRatis.java:handleLeaderChangedNotification(854)) - Leader change notification received for group: group-8B94E86A2CF7 with new leaderId: 56e78f60-04c2-4b0b-90ce-c38122db5462
2020-12-08 14:46:48,211 [56e78f60-04c2-4b0b-90ce-c38122db5462@group-8B94E86A2CF7-LeaderElection20] INFO  impl.RaftServerImpl (ServerState.java:setLeader(256)) - 56e78f60-04c2-4b0b-90ce-c38122db5462@group-8B94E86A2CF7: change Leader from null to 56e78f60-04c2-4b0b-90ce-c38122db5462 at term 1 for becomeLeader, leader elected after 5129ms
2020-12-08 14:46:48,211 [56e78f60-04c2-4b0b-90ce-c38122db5462@group-8B94E86A2CF7-LeaderElection20] INFO  server.RaftServerConfigKeys (ConfUtils.java:logGet(44)) - raft.server.staging.catchup.gap = 1000 (default)
2020-12-08 14:46:48,212 [56e78f60-04c2-4b0b-90ce-c38122db5462@group-8B94E86A2CF7-LeaderElection20] INFO  server.RaftServerConfigKeys (ConfUtils.java:logGet(44)) - raft.server.rpc.sleep.time = 25ms (default)
2020-12-08 14:46:48,212 [56e78f60-04c2-4b0b-90ce-c38122db5462@group-8B94E86A2CF7-LeaderElection20] INFO  metrics.RatisMetrics (RatisMetrics.java:lambda$create$0(36)) - Creating Metrics Registry : ratis.log_appender.56e78f60-04c2-4b0b-90ce-c38122db5462@group-8B94E86A2CF7
2020-12-08 14:46:48,213 [56e78f60-04c2-4b0b-90ce-c38122db5462@group-8B94E86A2CF7-LeaderElection20] INFO  server.RaftServerConfigKeys (ConfUtils.java:logGet(44)) - raft.server.write.element-limit = 1024 (custom)
2020-12-08 14:46:48,213 [56e78f60-04c2-4b0b-90ce-c38122db5462@group-8B94E86A2CF7-LeaderElection20] INFO  server.RaftServerConfigKeys (ConfUtils.java:logGet(44)) - raft.server.write.byte-limit = 1073741824 (custom)
2020-12-08 14:46:48,213 [56e78f60-04c2-4b0b-90ce-c38122db5462@group-8B94E86A2CF7-LeaderElection20] INFO  server.RaftServerConfigKeys (ConfUtils.java:logGet(44)) - raft.server.watch.timeout = 180s (custom)
2020-12-08 14:46:48,213 [56e78f60-04c2-4b0b-90ce-c38122db5462@group-8B94E86A2CF7-LeaderElection20] INFO  server.RaftServerConfigKeys (ConfUtils.java:logGet(44)) - raft.server.watch.timeout.denomination = 1s (default)
2020-12-08 14:46:48,214 [56e78f60-04c2-4b0b-90ce-c38122db5462@group-8B94E86A2CF7-LeaderElection20] INFO  server.RaftServerConfigKeys (ConfUtils.java:logGet(44)) - raft.server.watch.element-limit = 65536 (default)
2020-12-08 14:46:48,214 [56e78f60-04c2-4b0b-90ce-c38122db5462@group-8B94E86A2CF7-LeaderElection20] INFO  impl.RoleInfo (RoleInfo.java:updateAndGet(143)) - 56e78f60-04c2-4b0b-90ce-c38122db5462: start 56e78f60-04c2-4b0b-90ce-c38122db5462@group-8B94E86A2CF7-LeaderState
2020-12-08 14:46:48,214 [56e78f60-04c2-4b0b-90ce-c38122db5462@group-8B94E86A2CF7-LeaderElection20] INFO  segmented.SegmentedRaftLogWorker (SegmentedRaftLogWorker.java:startLogSegment(398)) - 56e78f60-04c2-4b0b-90ce-c38122db5462@group-8B94E86A2CF7-SegmentedRaftLogWorker: Starting segment from index:0
2020-12-08 14:46:48,215 [56e78f60-04c2-4b0b-90ce-c38122db5462@group-8B94E86A2CF7-LeaderElection20] INFO  impl.RaftServerImpl (ServerState.java:setRaftConf(374)) - 56e78f60-04c2-4b0b-90ce-c38122db5462@group-8B94E86A2CF7: set configuration 0: [56e78f60-04c2-4b0b-90ce-c38122db5462|rpc:172.17.0.2:33181|dataStream:], old=null at 0
2020-12-08 14:46:48,216 [56e78f60-04c2-4b0b-90ce-c38122db5462@group-8B94E86A2CF7-SegmentedRaftLogWorker] INFO  segmented.SegmentedRaftLogWorker (SegmentedRaftLogWorker.java:execute(597)) - 56e78f60-04c2-4b0b-90ce-c38122db5462@group-8B94E86A2CF7-SegmentedRaftLogWorker: created new log segment /github/workspace/mnt/ozone/hadoop-ozone/integration-test/target/test-dir/MiniOzoneClusterImpl-cfd0bfd1-2e20-40f2-b3a5-c30c0e76baf6/datanode-6/data/ratis/29100af8-f690-4ee9-8414-8b94e86a2cf7/current/log_inprogress_0
2020-12-08 14:46:49,765 [EventQueue-Delayed safe mode statusForReplicationManager] INFO  container.ReplicationManager (ReplicationManager.java:start(186)) - Starting Replication Monitor Thread.
2020-12-08 14:46:49,771 [ReplicationMonitor] INFO  container.ReplicationManager (ReplicationManager.java:run(250)) - Replication Monitor Thread took 0 milliseconds for processing 3 containers.
2020-12-08 14:46:53,957 [Listener at 127.0.0.1/38785] INFO  metrics.RatisMetrics (RatisMetrics.java:lambda$create$0(36)) - Creating Metrics Registry : ratis.client_message_metrics.client-9C212DD67016->e06d1ff1-a20f-4588-91bb-f8f9c9d2192c
2020-12-08 14:46:54,028 [Listener at 127.0.0.1/38785] INFO  metrics.RatisMetrics (RatisMetrics.java:lambda$create$0(36)) - Creating Metrics Registry : ratis.client_message_metrics.client-1B64192F088D->56e78f60-04c2-4b0b-90ce-c38122db5462
2020-12-08 14:46:54,064 [EventQueue-CloseContainerForCloseContainerEventHandler] INFO  container.CloseContainerEventHandler (CloseContainerEventHandler.java:onMessage(61)) - Close container Event triggered for container : #1
2020-12-08 14:46:54,065 [EventQueue-CloseContainerForCloseContainerEventHandler] INFO  container.CloseContainerEventHandler (CloseContainerEventHandler.java:onMessage(61)) - Close container Event triggered for container : #2
2020-12-08 14:46:54,065 [EventQueue-CloseContainerForCloseContainerEventHandler] INFO  container.CloseContainerEventHandler (CloseContainerEventHandler.java:onMessage(61)) - Close container Event triggered for container : #3
2020-12-08 14:46:56,002 [RatisApplyTransactionExecutor 2] INFO  keyvalue.KeyValueContainer (KeyValueContainer.java:flushAndSyncDB(388)) - Container 2 is synced with bcsId 0.
2020-12-08 14:46:56,003 [RatisApplyTransactionExecutor 2] INFO  keyvalue.KeyValueContainer (KeyValueContainer.java:flushAndSyncDB(388)) - Container 2 is synced with bcsId 0.
2020-12-08 14:46:56,005 [RatisApplyTransactionExecutor 2] INFO  keyvalue.KeyValueContainer (KeyValueContainer.java:close(326)) - Container 2 is closed with bcsId 0.
2020-12-08 14:46:56,006 [EventQueue-IncrementalContainerReportForIncrementalContainerReportHandler] INFO  container.IncrementalContainerReportHandler (AbstractContainerReportHandler.java:updateContainerState(215)) - Moving container #2 to CLOSED state, datanode e06d1ff1-a20f-4588-91bb-f8f9c9d2192c{ip: 172.17.0.2, host: 68facfb2a37d, networkLocation: /default-rack, certSerialId: null, persistedOpState: IN_SERVICE, persistedOpStateExpiryEpochSec: 0} reported CLOSED replica.
2020-12-08 14:46:56,029 [RatisApplyTransactionExecutor 1] INFO  keyvalue.KeyValueContainer (KeyValueContainer.java:flushAndSyncDB(388)) - Container 1 is synced with bcsId 13.
2020-12-08 14:46:56,029 [RatisApplyTransactionExecutor 1] INFO  keyvalue.KeyValueContainer (KeyValueContainer.java:flushAndSyncDB(388)) - Container 1 is synced with bcsId 13.
2020-12-08 14:46:56,036 [RatisApplyTransactionExecutor 1] INFO  keyvalue.KeyValueContainer (KeyValueContainer.java:close(326)) - Container 1 is closed with bcsId 13.
2020-12-08 14:46:56,037 [EventQueue-IncrementalContainerReportForIncrementalContainerReportHandler] INFO  container.IncrementalContainerReportHandler (AbstractContainerReportHandler.java:updateContainerState(215)) - Moving container #1 to CLOSED state, datanode 56e78f60-04c2-4b0b-90ce-c38122db5462{ip: 172.17.0.2, host: 68facfb2a37d, networkLocation: /default-rack, certSerialId: null, persistedOpState: IN_SERVICE, persistedOpStateExpiryEpochSec: 0} reported CLOSED replica.
2020-12-08 14:46:56,041 [RatisApplyTransactionExecutor 3] INFO  keyvalue.KeyValueContainer (KeyValueContainer.java:flushAndSyncDB(388)) - Container 3 is synced with bcsId 0.
2020-12-08 14:46:56,041 [RatisApplyTransactionExecutor 3] INFO  keyvalue.KeyValueContainer (KeyValueContainer.java:flushAndSyncDB(388)) - Container 3 is synced with bcsId 0.
2020-12-08 14:46:56,043 [RatisApplyTransactionExecutor 3] INFO  keyvalue.KeyValueContainer (KeyValueContainer.java:close(326)) - Container 3 is closed with bcsId 0.
2020-12-08 14:46:56,044 [EventQueue-IncrementalContainerReportForIncrementalContainerReportHandler] INFO  container.IncrementalContainerReportHandler (AbstractContainerReportHandler.java:updateContainerState(215)) - Moving container #3 to CLOSED state, datanode 56e78f60-04c2-4b0b-90ce-c38122db5462{ip: 172.17.0.2, host: 68facfb2a37d, networkLocation: /default-rack, certSerialId: null, persistedOpState: IN_SERVICE, persistedOpStateExpiryEpochSec: 0} reported CLOSED replica.
14:46:56.072 [grpc-default-executor-2] ERROR DNAudit - user=null | ip=null | op=WRITE_CHUNK {blockData=conID: 1 locID: 105345109662367747 bcsId: 13} | ret=FAILURE
org.apache.hadoop.hdds.scm.container.common.helpers.ContainerNotOpenException: Container 1 in CLOSED state
	at org.apache.hadoop.ozone.container.common.impl.HddsDispatcher.validateContainerCommand(HddsDispatcher.java:484) ~[hadoop-hdds-container-service-1.1.0-SNAPSHOT.jar:?]
	at org.apache.hadoop.ozone.container.common.transport.server.ratis.ContainerStateMachine.startTransaction(ContainerStateMachine.java:319) ~[hadoop-hdds-container-service-1.1.0-SNAPSHOT.jar:?]
	at org.apache.ratis.server.impl.RaftServerImpl.submitClientRequestAsync(RaftServerImpl.java:723) ~[ratis-server-1.1.0-913f5a4-SNAPSHOT.jar:1.1.0-913f5a4-SNAPSHOT]
	at org.apache.ratis.server.impl.RaftServerProxy.lambda$submitClientRequestAsync$7(RaftServerProxy.java:364) ~[ratis-server-1.1.0-913f5a4-SNAPSHOT.jar:1.1.0-913f5a4-SNAPSHOT]
	at org.apache.ratis.server.impl.RaftServerProxy.lambda$null$5(RaftServerProxy.java:359) ~[ratis-server-1.1.0-913f5a4-SNAPSHOT.jar:1.1.0-913f5a4-SNAPSHOT]
	at org.apache.ratis.util.JavaUtils.callAsUnchecked(JavaUtils.java:116) ~[ratis-common-1.1.0-913f5a4-SNAPSHOT.jar:1.1.0-913f5a4-SNAPSHOT]
	at org.apache.ratis.server.impl.RaftServerProxy.lambda$submitRequest$6(RaftServerProxy.java:359) ~[ratis-server-1.1.0-913f5a4-SNAPSHOT.jar:1.1.0-913f5a4-SNAPSHOT]
	at java.util.concurrent.CompletableFuture.uniComposeStage(CompletableFuture.java:995) ~[?:1.8.0_232]
	at java.util.concurrent.CompletableFuture.thenCompose(CompletableFuture.java:2137) ~[?:1.8.0_232]
	at org.apache.ratis.server.impl.RaftServerProxy.submitRequest(RaftServerProxy.java:358) ~[ratis-server-1.1.0-913f5a4-SNAPSHOT.jar:1.1.0-913f5a4-SNAPSHOT]
	at org.apache.ratis.server.impl.RaftServerProxy.submitClientRequestAsync(RaftServerProxy.java:364) ~[ratis-server-1.1.0-913f5a4-SNAPSHOT.jar:1.1.0-913f5a4-SNAPSHOT]
	at org.apache.ratis.grpc.client.GrpcClientProtocolService$RequestStreamObserver.processClientRequest(GrpcClientProtocolService.java:231) ~[ratis-grpc-1.1.0-913f5a4-SNAPSHOT.jar:1.1.0-913f5a4-SNAPSHOT]
	at org.apache.ratis.grpc.client.GrpcClientProtocolService$OrderedRequestStreamObserver.processClientRequest(GrpcClientProtocolService.java:337) ~[ratis-grpc-1.1.0-913f5a4-SNAPSHOT.jar:1.1.0-913f5a4-SNAPSHOT]
	at org.apache.ratis.util.SlidingWindow$Server.processRequestsFromHead(SlidingWindow.java:429) [ratis-common-1.1.0-913f5a4-SNAPSHOT.jar:1.1.0-913f5a4-SNAPSHOT]
	at org.apache.ratis.util.SlidingWindow$Server.receivedRequest(SlidingWindow.java:421) [ratis-common-1.1.0-913f5a4-SNAPSHOT.jar:1.1.0-913f5a4-SNAPSHOT]
	at org.apache.ratis.grpc.client.GrpcClientProtocolService$OrderedRequestStreamObserver.processClientRequest(GrpcClientProtocolService.java:361) [ratis-grpc-1.1.0-913f5a4-SNAPSHOT.jar:1.1.0-913f5a4-SNAPSHOT]
	at org.apache.ratis.grpc.client.GrpcClientProtocolService$RequestStreamObserver.onNext(GrpcClientProtocolService.java:251) [ratis-grpc-1.1.0-913f5a4-SNAPSHOT.jar:1.1.0-913f5a4-SNAPSHOT]
	at org.apache.ratis.grpc.client.GrpcClientProtocolService$RequestStreamObserver.onNext(GrpcClientProtocolService.java:174) [ratis-grpc-1.1.0-913f5a4-SNAPSHOT.jar:1.1.0-913f5a4-SNAPSHOT]
	at org.apache.ratis.thirdparty.io.grpc.stub.ServerCalls$StreamingServerCallHandler$StreamingServerCallListener.onMessage(ServerCalls.java:251) [ratis-thirdparty-misc-0.6.0-SNAPSHOT.jar:0.6.0-SNAPSHOT]
	at org.apache.ratis.thirdparty.io.grpc.ForwardingServerCallListener.onMessage(ForwardingServerCallListener.java:33) [ratis-thirdparty-misc-0.6.0-SNAPSHOT.jar:0.6.0-SNAPSHOT]
	at org.apache.ratis.thirdparty.io.grpc.internal.ServerCallImpl$ServerStreamListenerImpl.messagesAvailableInternal(ServerCallImpl.java:309) [ratis-thirdparty-misc-0.6.0-SNAPSHOT.jar:0.6.0-SNAPSHOT]
	at org.apache.ratis.thirdparty.io.grpc.internal.ServerCallImpl$ServerStreamListenerImpl.messagesAvailable(ServerCallImpl.java:292) [ratis-thirdparty-misc-0.6.0-SNAPSHOT.jar:0.6.0-SNAPSHOT]
	at org.apache.ratis.thirdparty.io.grpc.internal.ServerImpl$JumpToApplicationThreadServerStreamListener$1MessagesAvailable.runInContext(ServerImpl.java:783) [ratis-thirdparty-misc-0.6.0-SNAPSHOT.jar:0.6.0-SNAPSHOT]
	at org.apache.ratis.thirdparty.io.grpc.internal.ContextRunnable.run(ContextRunnable.java:37) [ratis-thirdparty-misc-0.6.0-SNAPSHOT.jar:0.6.0-SNAPSHOT]
	at org.apache.ratis.thirdparty.io.grpc.internal.SerializingExecutor.run(SerializingExecutor.java:123) [ratis-thirdparty-misc-0.6.0-SNAPSHOT.jar:0.6.0-SNAPSHOT]
	at java.util.concurrent.ThreadPoolExecutor.runWorker(ThreadPoolExecutor.java:1149) [?:1.8.0_232]
	at java.util.concurrent.ThreadPoolExecutor$Worker.run(ThreadPoolExecutor.java:624) [?:1.8.0_232]
	at java.lang.Thread.run(Thread.java:748) [?:1.8.0_232]
14:46:56.100 [grpc-default-executor-2] ERROR DNAudit - user=null | ip=null | op=WRITE_CHUNK {blockData=conID: 1 locID: 105345109662367747 bcsId: 13} | ret=FAILURE
org.apache.hadoop.hdds.scm.container.common.helpers.ContainerNotOpenException: Container 1 in CLOSED state
	at org.apache.hadoop.ozone.container.common.impl.HddsDispatcher.validateContainerCommand(HddsDispatcher.java:484) ~[hadoop-hdds-container-service-1.1.0-SNAPSHOT.jar:?]
	at org.apache.hadoop.ozone.container.common.transport.server.ratis.ContainerStateMachine.startTransaction(ContainerStateMachine.java:319) ~[hadoop-hdds-container-service-1.1.0-SNAPSHOT.jar:?]
	at org.apache.ratis.server.impl.RaftServerImpl.submitClientRequestAsync(RaftServerImpl.java:723) ~[ratis-server-1.1.0-913f5a4-SNAPSHOT.jar:1.1.0-913f5a4-SNAPSHOT]
	at org.apache.ratis.server.impl.RaftServerProxy.lambda$submitClientRequestAsync$7(RaftServerProxy.java:364) ~[ratis-server-1.1.0-913f5a4-SNAPSHOT.jar:1.1.0-913f5a4-SNAPSHOT]
	at org.apache.ratis.server.impl.RaftServerProxy.lambda$null$5(RaftServerProxy.java:359) ~[ratis-server-1.1.0-913f5a4-SNAPSHOT.jar:1.1.0-913f5a4-SNAPSHOT]
	at org.apache.ratis.util.JavaUtils.callAsUnchecked(JavaUtils.java:116) ~[ratis-common-1.1.0-913f5a4-SNAPSHOT.jar:1.1.0-913f5a4-SNAPSHOT]
	at org.apache.ratis.server.impl.RaftServerProxy.lambda$submitRequest$6(RaftServerProxy.java:359) ~[ratis-server-1.1.0-913f5a4-SNAPSHOT.jar:1.1.0-913f5a4-SNAPSHOT]
	at java.util.concurrent.CompletableFuture.uniComposeStage(CompletableFuture.java:995) ~[?:1.8.0_232]
	at java.util.concurrent.CompletableFuture.thenCompose(CompletableFuture.java:2137) ~[?:1.8.0_232]
	at org.apache.ratis.server.impl.RaftServerProxy.submitRequest(RaftServerProxy.java:358) ~[ratis-server-1.1.0-913f5a4-SNAPSHOT.jar:1.1.0-913f5a4-SNAPSHOT]
	at org.apache.ratis.server.impl.RaftServerProxy.submitClientRequestAsync(RaftServerProxy.java:364) ~[ratis-server-1.1.0-913f5a4-SNAPSHOT.jar:1.1.0-913f5a4-SNAPSHOT]
	at org.apache.ratis.grpc.client.GrpcClientProtocolService$RequestStreamObserver.processClientRequest(GrpcClientProtocolService.java:231) ~[ratis-grpc-1.1.0-913f5a4-SNAPSHOT.jar:1.1.0-913f5a4-SNAPSHOT]
	at org.apache.ratis.grpc.client.GrpcClientProtocolService$OrderedRequestStreamObserver.processClientRequest(GrpcClientProtocolService.java:337) ~[ratis-grpc-1.1.0-913f5a4-SNAPSHOT.jar:1.1.0-913f5a4-SNAPSHOT]
	at org.apache.ratis.util.SlidingWindow$Server.processRequestsFromHead(SlidingWindow.java:429) [ratis-common-1.1.0-913f5a4-SNAPSHOT.jar:1.1.0-913f5a4-SNAPSHOT]
	at org.apache.ratis.util.SlidingWindow$Server.receivedRequest(SlidingWindow.java:421) [ratis-common-1.1.0-913f5a4-SNAPSHOT.jar:1.1.0-913f5a4-SNAPSHOT]
	at org.apache.ratis.grpc.client.GrpcClientProtocolService$OrderedRequestStreamObserver.processClientRequest(GrpcClientProtocolService.java:361) [ratis-grpc-1.1.0-913f5a4-SNAPSHOT.jar:1.1.0-913f5a4-SNAPSHOT]
	at org.apache.ratis.grpc.client.GrpcClientProtocolService$RequestStreamObserver.onNext(GrpcClientProtocolService.java:251) [ratis-grpc-1.1.0-913f5a4-SNAPSHOT.jar:1.1.0-913f5a4-SNAPSHOT]
	at org.apache.ratis.grpc.client.GrpcClientProtocolService$RequestStreamObserver.onNext(GrpcClientProtocolService.java:174) [ratis-grpc-1.1.0-913f5a4-SNAPSHOT.jar:1.1.0-913f5a4-SNAPSHOT]
	at org.apache.ratis.thirdparty.io.grpc.stub.ServerCalls$StreamingServerCallHandler$StreamingServerCallListener.onMessage(ServerCalls.java:251) [ratis-thirdparty-misc-0.6.0-SNAPSHOT.jar:0.6.0-SNAPSHOT]
	at org.apache.ratis.thirdparty.io.grpc.ForwardingServerCallListener.onMessage(ForwardingServerCallListener.java:33) [ratis-thirdparty-misc-0.6.0-SNAPSHOT.jar:0.6.0-SNAPSHOT]
	at org.apache.ratis.thirdparty.io.grpc.internal.ServerCallImpl$ServerStreamListenerImpl.messagesAvailableInternal(ServerCallImpl.java:309) [ratis-thirdparty-misc-0.6.0-SNAPSHOT.jar:0.6.0-SNAPSHOT]
	at org.apache.ratis.thirdparty.io.grpc.internal.ServerCallImpl$ServerStreamListenerImpl.messagesAvailable(ServerCallImpl.java:292) [ratis-thirdparty-misc-0.6.0-SNAPSHOT.jar:0.6.0-SNAPSHOT]
	at org.apache.ratis.thirdparty.io.grpc.internal.ServerImpl$JumpToApplicationThreadServerStreamListener$1MessagesAvailable.runInContext(ServerImpl.java:783) [ratis-thirdparty-misc-0.6.0-SNAPSHOT.jar:0.6.0-SNAPSHOT]
	at org.apache.ratis.thirdparty.io.grpc.internal.ContextRunnable.run(ContextRunnable.java:37) [ratis-thirdparty-misc-0.6.0-SNAPSHOT.jar:0.6.0-SNAPSHOT]
	at org.apache.ratis.thirdparty.io.grpc.internal.SerializingExecutor.run(SerializingExecutor.java:123) [ratis-thirdparty-misc-0.6.0-SNAPSHOT.jar:0.6.0-SNAPSHOT]
	at java.util.concurrent.ThreadPoolExecutor.runWorker(ThreadPoolExecutor.java:1149) [?:1.8.0_232]
	at java.util.concurrent.ThreadPoolExecutor$Worker.run(ThreadPoolExecutor.java:624) [?:1.8.0_232]
	at java.lang.Thread.run(Thread.java:748) [?:1.8.0_232]
2020-12-08 14:46:56,101 [grpc-default-executor-0] ERROR storage.BlockOutputStream (BlockOutputStream.java:lambda$writeChunkToContainer$3(677)) - writing chunk failed 105345109662367747_chunk_5 blockID conID: 1 locID: 105345109662367747 bcsId: 13 with exception org.apache.ratis.protocol.exceptions.StateMachineException: org.apache.hadoop.hdds.scm.container.common.helpers.ContainerNotOpenException from Server 56e78f60-04c2-4b0b-90ce-c38122db5462@group-8B94E86A2CF7: Container 1 in CLOSED state
2020-12-08 14:46:56,120 [grpc-default-executor-2] ERROR storage.BlockOutputStream (BlockOutputStream.java:lambda$writeChunkToContainer$3(677)) - writing chunk failed 105345109662367747_chunk_6 blockID conID: 1 locID: 105345109662367747 bcsId: 13 with exception org.apache.ratis.protocol.exceptions.StateMachineException: org.apache.hadoop.hdds.scm.container.common.helpers.ContainerNotOpenException from Server 56e78f60-04c2-4b0b-90ce-c38122db5462@group-8B94E86A2CF7: Container 1 in CLOSED state
14:46:56.124 [grpc-default-executor-0] ERROR DNAudit - user=null | ip=null | op=PUT_BLOCK {blockData=[blockId=conID: 1 locID: 105345109662367747 bcsId: 0,size=600]} | ret=FAILURE
org.apache.hadoop.hdds.scm.container.common.helpers.ContainerNotOpenException: Container 1 in CLOSED state
	at org.apache.hadoop.ozone.container.common.impl.HddsDispatcher.validateContainerCommand(HddsDispatcher.java:484) ~[hadoop-hdds-container-service-1.1.0-SNAPSHOT.jar:?]
	at org.apache.hadoop.ozone.container.common.transport.server.ratis.ContainerStateMachine.startTransaction(ContainerStateMachine.java:319) ~[hadoop-hdds-container-service-1.1.0-SNAPSHOT.jar:?]
	at org.apache.ratis.server.impl.RaftServerImpl.submitClientRequestAsync(RaftServerImpl.java:723) ~[ratis-server-1.1.0-913f5a4-SNAPSHOT.jar:1.1.0-913f5a4-SNAPSHOT]
	at org.apache.ratis.server.impl.RaftServerProxy.lambda$submitClientRequestAsync$7(RaftServerProxy.java:364) ~[ratis-server-1.1.0-913f5a4-SNAPSHOT.jar:1.1.0-913f5a4-SNAPSHOT]
	at org.apache.ratis.server.impl.RaftServerProxy.lambda$null$5(RaftServerProxy.java:359) ~[ratis-server-1.1.0-913f5a4-SNAPSHOT.jar:1.1.0-913f5a4-SNAPSHOT]
	at org.apache.ratis.util.JavaUtils.callAsUnchecked(JavaUtils.java:116) ~[ratis-common-1.1.0-913f5a4-SNAPSHOT.jar:1.1.0-913f5a4-SNAPSHOT]
	at org.apache.ratis.server.impl.RaftServerProxy.lambda$submitRequest$6(RaftServerProxy.java:359) ~[ratis-server-1.1.0-913f5a4-SNAPSHOT.jar:1.1.0-913f5a4-SNAPSHOT]
	at java.util.concurrent.CompletableFuture.uniComposeStage(CompletableFuture.java:995) ~[?:1.8.0_232]
	at java.util.concurrent.CompletableFuture.thenCompose(CompletableFuture.java:2137) ~[?:1.8.0_232]
	at org.apache.ratis.server.impl.RaftServerProxy.submitRequest(RaftServerProxy.java:358) ~[ratis-server-1.1.0-913f5a4-SNAPSHOT.jar:1.1.0-913f5a4-SNAPSHOT]
	at org.apache.ratis.server.impl.RaftServerProxy.submitClientRequestAsync(RaftServerProxy.java:364) ~[ratis-server-1.1.0-913f5a4-SNAPSHOT.jar:1.1.0-913f5a4-SNAPSHOT]
	at org.apache.ratis.grpc.client.GrpcClientProtocolService$RequestStreamObserver.processClientRequest(GrpcClientProtocolService.java:231) ~[ratis-grpc-1.1.0-913f5a4-SNAPSHOT.jar:1.1.0-913f5a4-SNAPSHOT]
	at org.apache.ratis.grpc.client.GrpcClientProtocolService$OrderedRequestStreamObserver.processClientRequest(GrpcClientProtocolService.java:337) ~[ratis-grpc-1.1.0-913f5a4-SNAPSHOT.jar:1.1.0-913f5a4-SNAPSHOT]
	at org.apache.ratis.util.SlidingWindow$Server.processRequestsFromHead(SlidingWindow.java:429) [ratis-common-1.1.0-913f5a4-SNAPSHOT.jar:1.1.0-913f5a4-SNAPSHOT]
	at org.apache.ratis.util.SlidingWindow$Server.receivedRequest(SlidingWindow.java:421) [ratis-common-1.1.0-913f5a4-SNAPSHOT.jar:1.1.0-913f5a4-SNAPSHOT]
	at org.apache.ratis.grpc.client.GrpcClientProtocolService$OrderedRequestStreamObserver.processClientRequest(GrpcClientProtocolService.java:361) [ratis-grpc-1.1.0-913f5a4-SNAPSHOT.jar:1.1.0-913f5a4-SNAPSHOT]
	at org.apache.ratis.grpc.client.GrpcClientProtocolService$RequestStreamObserver.onNext(GrpcClientProtocolService.java:251) [ratis-grpc-1.1.0-913f5a4-SNAPSHOT.jar:1.1.0-913f5a4-SNAPSHOT]
	at org.apache.ratis.grpc.client.GrpcClientProtocolService$RequestStreamObserver.onNext(GrpcClientProtocolService.java:174) [ratis-grpc-1.1.0-913f5a4-SNAPSHOT.jar:1.1.0-913f5a4-SNAPSHOT]
	at org.apache.ratis.thirdparty.io.grpc.stub.ServerCalls$StreamingServerCallHandler$StreamingServerCallListener.onMessage(ServerCalls.java:251) [ratis-thirdparty-misc-0.6.0-SNAPSHOT.jar:0.6.0-SNAPSHOT]
	at org.apache.ratis.thirdparty.io.grpc.ForwardingServerCallListener.onMessage(ForwardingServerCallListener.java:33) [ratis-thirdparty-misc-0.6.0-SNAPSHOT.jar:0.6.0-SNAPSHOT]
	at org.apache.ratis.thirdparty.io.grpc.internal.ServerCallImpl$ServerStreamListenerImpl.messagesAvailableInternal(ServerCallImpl.java:309) [ratis-thirdparty-misc-0.6.0-SNAPSHOT.jar:0.6.0-SNAPSHOT]
	at org.apache.ratis.thirdparty.io.grpc.internal.ServerCallImpl$ServerStreamListenerImpl.messagesAvailable(ServerCallImpl.java:292) [ratis-thirdparty-misc-0.6.0-SNAPSHOT.jar:0.6.0-SNAPSHOT]
	at org.apache.ratis.thirdparty.io.grpc.internal.ServerImpl$JumpToApplicationThreadServerStreamListener$1MessagesAvailable.runInContext(ServerImpl.java:783) [ratis-thirdparty-misc-0.6.0-SNAPSHOT.jar:0.6.0-SNAPSHOT]
	at org.apache.ratis.thirdparty.io.grpc.internal.ContextRunnable.run(ContextRunnable.java:37) [ratis-thirdparty-misc-0.6.0-SNAPSHOT.jar:0.6.0-SNAPSHOT]
	at org.apache.ratis.thirdparty.io.grpc.internal.SerializingExecutor.run(SerializingExecutor.java:123) [ratis-thirdparty-misc-0.6.0-SNAPSHOT.jar:0.6.0-SNAPSHOT]
	at java.util.concurrent.ThreadPoolExecutor.runWorker(ThreadPoolExecutor.java:1149) [?:1.8.0_232]
	at java.util.concurrent.ThreadPoolExecutor$Worker.run(ThreadPoolExecutor.java:624) [?:1.8.0_232]
	at java.lang.Thread.run(Thread.java:748) [?:1.8.0_232]
14:46:56.128 [grpc-default-executor-0] ERROR DNAudit - user=null | ip=null | op=WRITE_CHUNK {blockData=conID: 1 locID: 105345109662367747 bcsId: 13} | ret=FAILURE
org.apache.hadoop.hdds.scm.container.common.helpers.ContainerNotOpenException: Container 1 in CLOSED state
	at org.apache.hadoop.ozone.container.common.impl.HddsDispatcher.validateContainerCommand(HddsDispatcher.java:484) ~[hadoop-hdds-container-service-1.1.0-SNAPSHOT.jar:?]
	at org.apache.hadoop.ozone.container.common.transport.server.ratis.ContainerStateMachine.startTransaction(ContainerStateMachine.java:319) ~[hadoop-hdds-container-service-1.1.0-SNAPSHOT.jar:?]
	at org.apache.ratis.server.impl.RaftServerImpl.submitClientRequestAsync(RaftServerImpl.java:723) ~[ratis-server-1.1.0-913f5a4-SNAPSHOT.jar:1.1.0-913f5a4-SNAPSHOT]
	at org.apache.ratis.server.impl.RaftServerProxy.lambda$submitClientRequestAsync$7(RaftServerProxy.java:364) ~[ratis-server-1.1.0-913f5a4-SNAPSHOT.jar:1.1.0-913f5a4-SNAPSHOT]
	at org.apache.ratis.server.impl.RaftServerProxy.lambda$null$5(RaftServerProxy.java:359) ~[ratis-server-1.1.0-913f5a4-SNAPSHOT.jar:1.1.0-913f5a4-SNAPSHOT]
	at org.apache.ratis.util.JavaUtils.callAsUnchecked(JavaUtils.java:116) ~[ratis-common-1.1.0-913f5a4-SNAPSHOT.jar:1.1.0-913f5a4-SNAPSHOT]
	at org.apache.ratis.server.impl.RaftServerProxy.lambda$submitRequest$6(RaftServerProxy.java:359) ~[ratis-server-1.1.0-913f5a4-SNAPSHOT.jar:1.1.0-913f5a4-SNAPSHOT]
	at java.util.concurrent.CompletableFuture.uniComposeStage(CompletableFuture.java:995) ~[?:1.8.0_232]
	at java.util.concurrent.CompletableFuture.thenCompose(CompletableFuture.java:2137) ~[?:1.8.0_232]
	at org.apache.ratis.server.impl.RaftServerProxy.submitRequest(RaftServerProxy.java:358) ~[ratis-server-1.1.0-913f5a4-SNAPSHOT.jar:1.1.0-913f5a4-SNAPSHOT]
	at org.apache.ratis.server.impl.RaftServerProxy.submitClientRequestAsync(RaftServerProxy.java:364) ~[ratis-server-1.1.0-913f5a4-SNAPSHOT.jar:1.1.0-913f5a4-SNAPSHOT]
	at org.apache.ratis.grpc.client.GrpcClientProtocolService$RequestStreamObserver.processClientRequest(GrpcClientProtocolService.java:231) ~[ratis-grpc-1.1.0-913f5a4-SNAPSHOT.jar:1.1.0-913f5a4-SNAPSHOT]
	at org.apache.ratis.grpc.client.GrpcClientProtocolService$OrderedRequestStreamObserver.processClientRequest(GrpcClientProtocolService.java:337) ~[ratis-grpc-1.1.0-913f5a4-SNAPSHOT.jar:1.1.0-913f5a4-SNAPSHOT]
	at org.apache.ratis.util.SlidingWindow$Server.processRequestsFromHead(SlidingWindow.java:429) [ratis-common-1.1.0-913f5a4-SNAPSHOT.jar:1.1.0-913f5a4-SNAPSHOT]
	at org.apache.ratis.util.SlidingWindow$Server.receivedRequest(SlidingWindow.java:421) [ratis-common-1.1.0-913f5a4-SNAPSHOT.jar:1.1.0-913f5a4-SNAPSHOT]
	at org.apache.ratis.grpc.client.GrpcClientProtocolService$OrderedRequestStreamObserver.processClientRequest(GrpcClientProtocolService.java:361) [ratis-grpc-1.1.0-913f5a4-SNAPSHOT.jar:1.1.0-913f5a4-SNAPSHOT]
	at org.apache.ratis.grpc.client.GrpcClientProtocolService$RequestStreamObserver.onNext(GrpcClientProtocolService.java:251) [ratis-grpc-1.1.0-913f5a4-SNAPSHOT.jar:1.1.0-913f5a4-SNAPSHOT]
	at org.apache.ratis.grpc.client.GrpcClientProtocolService$RequestStreamObserver.onNext(GrpcClientProtocolService.java:174) [ratis-grpc-1.1.0-913f5a4-SNAPSHOT.jar:1.1.0-913f5a4-SNAPSHOT]
	at org.apache.ratis.thirdparty.io.grpc.stub.ServerCalls$StreamingServerCallHandler$StreamingServerCallListener.onMessage(ServerCalls.java:251) [ratis-thirdparty-misc-0.6.0-SNAPSHOT.jar:0.6.0-SNAPSHOT]
	at org.apache.ratis.thirdparty.io.grpc.ForwardingServerCallListener.onMessage(ForwardingServerCallListener.java:33) [ratis-thirdparty-misc-0.6.0-SNAPSHOT.jar:0.6.0-SNAPSHOT]
	at org.apache.ratis.thirdparty.io.grpc.internal.ServerCallImpl$ServerStreamListenerImpl.messagesAvailableInternal(ServerCallImpl.java:309) [ratis-thirdparty-misc-0.6.0-SNAPSHOT.jar:0.6.0-SNAPSHOT]
	at org.apache.ratis.thirdparty.io.grpc.internal.ServerCallImpl$ServerStreamListenerImpl.messagesAvailable(ServerCallImpl.java:292) [ratis-thirdparty-misc-0.6.0-SNAPSHOT.jar:0.6.0-SNAPSHOT]
	at org.apache.ratis.thirdparty.io.grpc.internal.ServerImpl$JumpToApplicationThreadServerStreamListener$1MessagesAvailable.runInContext(ServerImpl.java:783) [ratis-thirdparty-misc-0.6.0-SNAPSHOT.jar:0.6.0-SNAPSHOT]
	at org.apache.ratis.thirdparty.io.grpc.internal.ContextRunnable.run(ContextRunnable.java:37) [ratis-thirdparty-misc-0.6.0-SNAPSHOT.jar:0.6.0-SNAPSHOT]
	at org.apache.ratis.thirdparty.io.grpc.internal.SerializingExecutor.run(SerializingExecutor.java:123) [ratis-thirdparty-misc-0.6.0-SNAPSHOT.jar:0.6.0-SNAPSHOT]
	at java.util.concurrent.ThreadPoolExecutor.runWorker(ThreadPoolExecutor.java:1149) [?:1.8.0_232]
	at java.util.concurrent.ThreadPoolExecutor$Worker.run(ThreadPoolExecutor.java:624) [?:1.8.0_232]
	at java.lang.Thread.run(Thread.java:748) [?:1.8.0_232]
14:46:56.135 [grpc-default-executor-0] ERROR DNAudit - user=null | ip=null | op=WRITE_CHUNK {blockData=conID: 1 locID: 105345109662367747 bcsId: 13} | ret=FAILURE
org.apache.hadoop.hdds.scm.container.common.helpers.ContainerNotOpenException: Container 1 in CLOSED state
	at org.apache.hadoop.ozone.container.common.impl.HddsDispatcher.validateContainerCommand(HddsDispatcher.java:484) ~[hadoop-hdds-container-service-1.1.0-SNAPSHOT.jar:?]
	at org.apache.hadoop.ozone.container.common.transport.server.ratis.ContainerStateMachine.startTransaction(ContainerStateMachine.java:319) ~[hadoop-hdds-container-service-1.1.0-SNAPSHOT.jar:?]
	at org.apache.ratis.server.impl.RaftServerImpl.submitClientRequestAsync(RaftServerImpl.java:723) ~[ratis-server-1.1.0-913f5a4-SNAPSHOT.jar:1.1.0-913f5a4-SNAPSHOT]
	at org.apache.ratis.server.impl.RaftServerProxy.lambda$submitClientRequestAsync$7(RaftServerProxy.java:364) ~[ratis-server-1.1.0-913f5a4-SNAPSHOT.jar:1.1.0-913f5a4-SNAPSHOT]
	at org.apache.ratis.server.impl.RaftServerProxy.lambda$null$5(RaftServerProxy.java:359) ~[ratis-server-1.1.0-913f5a4-SNAPSHOT.jar:1.1.0-913f5a4-SNAPSHOT]
	at org.apache.ratis.util.JavaUtils.callAsUnchecked(JavaUtils.java:116) ~[ratis-common-1.1.0-913f5a4-SNAPSHOT.jar:1.1.0-913f5a4-SNAPSHOT]
	at org.apache.ratis.server.impl.RaftServerProxy.lambda$submitRequest$6(RaftServerProxy.java:359) ~[ratis-server-1.1.0-913f5a4-SNAPSHOT.jar:1.1.0-913f5a4-SNAPSHOT]
	at java.util.concurrent.CompletableFuture.uniComposeStage(CompletableFuture.java:995) ~[?:1.8.0_232]
	at java.util.concurrent.CompletableFuture.thenCompose(CompletableFuture.java:2137) ~[?:1.8.0_232]
	at org.apache.ratis.server.impl.RaftServerProxy.submitRequest(RaftServerProxy.java:358) ~[ratis-server-1.1.0-913f5a4-SNAPSHOT.jar:1.1.0-913f5a4-SNAPSHOT]
	at org.apache.ratis.server.impl.RaftServerProxy.submitClientRequestAsync(RaftServerProxy.java:364) ~[ratis-server-1.1.0-913f5a4-SNAPSHOT.jar:1.1.0-913f5a4-SNAPSHOT]
	at org.apache.ratis.grpc.client.GrpcClientProtocolService$RequestStreamObserver.processClientRequest(GrpcClientProtocolService.java:231) ~[ratis-grpc-1.1.0-913f5a4-SNAPSHOT.jar:1.1.0-913f5a4-SNAPSHOT]
	at org.apache.ratis.grpc.client.GrpcClientProtocolService$OrderedRequestStreamObserver.processClientRequest(GrpcClientProtocolService.java:337) ~[ratis-grpc-1.1.0-913f5a4-SNAPSHOT.jar:1.1.0-913f5a4-SNAPSHOT]
	at org.apache.ratis.util.SlidingWindow$Server.processRequestsFromHead(SlidingWindow.java:429) [ratis-common-1.1.0-913f5a4-SNAPSHOT.jar:1.1.0-913f5a4-SNAPSHOT]
	at org.apache.ratis.util.SlidingWindow$Server.receivedRequest(SlidingWindow.java:421) [ratis-common-1.1.0-913f5a4-SNAPSHOT.jar:1.1.0-913f5a4-SNAPSHOT]
	at org.apache.ratis.grpc.client.GrpcClientProtocolService$OrderedRequestStreamObserver.processClientRequest(GrpcClientProtocolService.java:361) [ratis-grpc-1.1.0-913f5a4-SNAPSHOT.jar:1.1.0-913f5a4-SNAPSHOT]
	at org.apache.ratis.grpc.client.GrpcClientProtocolService$RequestStreamObserver.onNext(GrpcClientProtocolService.java:251) [ratis-grpc-1.1.0-913f5a4-SNAPSHOT.jar:1.1.0-913f5a4-SNAPSHOT]
	at org.apache.ratis.grpc.client.GrpcClientProtocolService$RequestStreamObserver.onNext(GrpcClientProtocolService.java:174) [ratis-grpc-1.1.0-913f5a4-SNAPSHOT.jar:1.1.0-913f5a4-SNAPSHOT]
	at org.apache.ratis.thirdparty.io.grpc.stub.ServerCalls$StreamingServerCallHandler$StreamingServerCallListener.onMessage(ServerCalls.java:251) [ratis-thirdparty-misc-0.6.0-SNAPSHOT.jar:0.6.0-SNAPSHOT]
	at org.apache.ratis.thirdparty.io.grpc.ForwardingServerCallListener.onMessage(ForwardingServerCallListener.java:33) [ratis-thirdparty-misc-0.6.0-SNAPSHOT.jar:0.6.0-SNAPSHOT]
	at org.apache.ratis.thirdparty.io.grpc.internal.ServerCallImpl$ServerStreamListenerImpl.messagesAvailableInternal(ServerCallImpl.java:309) [ratis-thirdparty-misc-0.6.0-SNAPSHOT.jar:0.6.0-SNAPSHOT]
	at org.apache.ratis.thirdparty.io.grpc.internal.ServerCallImpl$ServerStreamListenerImpl.messagesAvailable(ServerCallImpl.java:292) [ratis-thirdparty-misc-0.6.0-SNAPSHOT.jar:0.6.0-SNAPSHOT]
	at org.apache.ratis.thirdparty.io.grpc.internal.ServerImpl$JumpToApplicationThreadServerStreamListener$1MessagesAvailable.runInContext(ServerImpl.java:783) [ratis-thirdparty-misc-0.6.0-SNAPSHOT.jar:0.6.0-SNAPSHOT]
	at org.apache.ratis.thirdparty.io.grpc.internal.ContextRunnable.run(ContextRunnable.java:37) [ratis-thirdparty-misc-0.6.0-SNAPSHOT.jar:0.6.0-SNAPSHOT]
	at org.apache.ratis.thirdparty.io.grpc.internal.SerializingExecutor.run(SerializingExecutor.java:123) [ratis-thirdparty-misc-0.6.0-SNAPSHOT.jar:0.6.0-SNAPSHOT]
	at java.util.concurrent.ThreadPoolExecutor.runWorker(ThreadPoolExecutor.java:1149) [?:1.8.0_232]
	at java.util.concurrent.ThreadPoolExecutor$Worker.run(ThreadPoolExecutor.java:624) [?:1.8.0_232]
	at java.lang.Thread.run(Thread.java:748) [?:1.8.0_232]
14:46:56.144 [grpc-default-executor-0] ERROR DNAudit - user=null | ip=null | op=PUT_BLOCK {blockData=[blockId=conID: 1 locID: 105345109662367747 bcsId: 0,size=800]} | ret=FAILURE
org.apache.hadoop.hdds.scm.container.common.helpers.ContainerNotOpenException: Container 1 in CLOSED state
	at org.apache.hadoop.ozone.container.common.impl.HddsDispatcher.validateContainerCommand(HddsDispatcher.java:484) ~[hadoop-hdds-container-service-1.1.0-SNAPSHOT.jar:?]
	at org.apache.hadoop.ozone.container.common.transport.server.ratis.ContainerStateMachine.startTransaction(ContainerStateMachine.java:319) ~[hadoop-hdds-container-service-1.1.0-SNAPSHOT.jar:?]
	at org.apache.ratis.server.impl.RaftServerImpl.submitClientRequestAsync(RaftServerImpl.java:723) ~[ratis-server-1.1.0-913f5a4-SNAPSHOT.jar:1.1.0-913f5a4-SNAPSHOT]
	at org.apache.ratis.server.impl.RaftServerProxy.lambda$submitClientRequestAsync$7(RaftServerProxy.java:364) ~[ratis-server-1.1.0-913f5a4-SNAPSHOT.jar:1.1.0-913f5a4-SNAPSHOT]
	at org.apache.ratis.server.impl.RaftServerProxy.lambda$null$5(RaftServerProxy.java:359) ~[ratis-server-1.1.0-913f5a4-SNAPSHOT.jar:1.1.0-913f5a4-SNAPSHOT]
	at org.apache.ratis.util.JavaUtils.callAsUnchecked(JavaUtils.java:116) ~[ratis-common-1.1.0-913f5a4-SNAPSHOT.jar:1.1.0-913f5a4-SNAPSHOT]
	at org.apache.ratis.server.impl.RaftServerProxy.lambda$submitRequest$6(RaftServerProxy.java:359) ~[ratis-server-1.1.0-913f5a4-SNAPSHOT.jar:1.1.0-913f5a4-SNAPSHOT]
	at java.util.concurrent.CompletableFuture.uniComposeStage(CompletableFuture.java:995) ~[?:1.8.0_232]
	at java.util.concurrent.CompletableFuture.thenCompose(CompletableFuture.java:2137) ~[?:1.8.0_232]
	at org.apache.ratis.server.impl.RaftServerProxy.submitRequest(RaftServerProxy.java:358) ~[ratis-server-1.1.0-913f5a4-SNAPSHOT.jar:1.1.0-913f5a4-SNAPSHOT]
	at org.apache.ratis.server.impl.RaftServerProxy.submitClientRequestAsync(RaftServerProxy.java:364) ~[ratis-server-1.1.0-913f5a4-SNAPSHOT.jar:1.1.0-913f5a4-SNAPSHOT]
	at org.apache.ratis.grpc.client.GrpcClientProtocolService$RequestStreamObserver.processClientRequest(GrpcClientProtocolService.java:231) ~[ratis-grpc-1.1.0-913f5a4-SNAPSHOT.jar:1.1.0-913f5a4-SNAPSHOT]
	at org.apache.ratis.grpc.client.GrpcClientProtocolService$OrderedRequestStreamObserver.processClientRequest(GrpcClientProtocolService.java:337) ~[ratis-grpc-1.1.0-913f5a4-SNAPSHOT.jar:1.1.0-913f5a4-SNAPSHOT]
	at org.apache.ratis.util.SlidingWindow$Server.processRequestsFromHead(SlidingWindow.java:429) [ratis-common-1.1.0-913f5a4-SNAPSHOT.jar:1.1.0-913f5a4-SNAPSHOT]
	at org.apache.ratis.util.SlidingWindow$Server.receivedRequest(SlidingWindow.java:421) [ratis-common-1.1.0-913f5a4-SNAPSHOT.jar:1.1.0-913f5a4-SNAPSHOT]
	at org.apache.ratis.grpc.client.GrpcClientProtocolService$OrderedRequestStreamObserver.processClientRequest(GrpcClientProtocolService.java:361) [ratis-grpc-1.1.0-913f5a4-SNAPSHOT.jar:1.1.0-913f5a4-SNAPSHOT]
	at org.apache.ratis.grpc.client.GrpcClientProtocolService$RequestStreamObserver.onNext(GrpcClientProtocolService.java:251) [ratis-grpc-1.1.0-913f5a4-SNAPSHOT.jar:1.1.0-913f5a4-SNAPSHOT]
	at org.apache.ratis.grpc.client.GrpcClientProtocolService$RequestStreamObserver.onNext(GrpcClientProtocolService.java:174) [ratis-grpc-1.1.0-913f5a4-SNAPSHOT.jar:1.1.0-913f5a4-SNAPSHOT]
	at org.apache.ratis.thirdparty.io.grpc.stub.ServerCalls$StreamingServerCallHandler$StreamingServerCallListener.onMessage(ServerCalls.java:251) [ratis-thirdparty-misc-0.6.0-SNAPSHOT.jar:0.6.0-SNAPSHOT]
	at org.apache.ratis.thirdparty.io.grpc.ForwardingServerCallListener.onMessage(ForwardingServerCallListener.java:33) [ratis-thirdparty-misc-0.6.0-SNAPSHOT.jar:0.6.0-SNAPSHOT]
	at org.apache.ratis.thirdparty.io.grpc.internal.ServerCallImpl$ServerStreamListenerImpl.messagesAvailableInternal(ServerCallImpl.java:309) [ratis-thirdparty-misc-0.6.0-SNAPSHOT.jar:0.6.0-SNAPSHOT]
	at org.apache.ratis.thirdparty.io.grpc.internal.ServerCallImpl$ServerStreamListenerImpl.messagesAvailable(ServerCallImpl.java:292) [ratis-thirdparty-misc-0.6.0-SNAPSHOT.jar:0.6.0-SNAPSHOT]
	at org.apache.ratis.thirdparty.io.grpc.internal.ServerImpl$JumpToApplicationThreadServerStreamListener$1MessagesAvailable.runInContext(ServerImpl.java:783) [ratis-thirdparty-misc-0.6.0-SNAPSHOT.jar:0.6.0-SNAPSHOT]
	at org.apache.ratis.thirdparty.io.grpc.internal.ContextRunnable.run(ContextRunnable.java:37) [ratis-thirdparty-misc-0.6.0-SNAPSHOT.jar:0.6.0-SNAPSHOT]
	at org.apache.ratis.thirdparty.io.grpc.internal.SerializingExecutor.run(SerializingExecutor.java:123) [ratis-thirdparty-misc-0.6.0-SNAPSHOT.jar:0.6.0-SNAPSHOT]
	at java.util.concurrent.ThreadPoolExecutor.runWorker(ThreadPoolExecutor.java:1149) [?:1.8.0_232]
	at java.util.concurrent.ThreadPoolExecutor$Worker.run(ThreadPoolExecutor.java:624) [?:1.8.0_232]
	at java.lang.Thread.run(Thread.java:748) [?:1.8.0_232]
2020-12-08 14:46:56,155 [grpc-default-executor-0] ERROR storage.BlockOutputStream (BlockOutputStream.java:lambda$writeChunkToContainer$3(677)) - writing chunk failed 105345109662367747_chunk_7 blockID conID: 1 locID: 105345109662367747 bcsId: 13 with exception org.apache.ratis.protocol.exceptions.StateMachineException: org.apache.hadoop.hdds.scm.container.common.helpers.ContainerNotOpenException from Server 56e78f60-04c2-4b0b-90ce-c38122db5462@group-8B94E86A2CF7: Container 1 in CLOSED state
2020-12-08 14:46:56,163 [grpc-default-executor-0] ERROR storage.BlockOutputStream (BlockOutputStream.java:lambda$writeChunkToContainer$3(677)) - writing chunk failed 105345109662367747_chunk_8 blockID conID: 1 locID: 105345109662367747 bcsId: 13 with exception org.apache.ratis.protocol.exceptions.StateMachineException: org.apache.hadoop.hdds.scm.container.common.helpers.ContainerNotOpenException from Server 56e78f60-04c2-4b0b-90ce-c38122db5462@group-8B94E86A2CF7: Container 1 in CLOSED state
2020-12-08 14:46:56,168 [Listener at 127.0.0.1/38785] INFO  metrics.RatisMetrics (RatisMetrics.java:lambda$create$0(36)) - Creating Metrics Registry : ratis.client_message_metrics.client-AA35A0B44D6C->e06d1ff1-a20f-4588-91bb-f8f9c9d2192c
14:46:56.182 [grpc-default-executor-0] ERROR DNAudit - user=null | ip=null | op=WRITE_CHUNK {blockData=conID: 2 locID: 105345109662367748 bcsId: 0} | ret=FAILURE
org.apache.hadoop.hdds.scm.container.common.helpers.ContainerNotOpenException: Container 2 in CLOSED state
	at org.apache.hadoop.ozone.container.common.impl.HddsDispatcher.validateContainerCommand(HddsDispatcher.java:484) ~[hadoop-hdds-container-service-1.1.0-SNAPSHOT.jar:?]
	at org.apache.hadoop.ozone.container.common.transport.server.ratis.ContainerStateMachine.startTransaction(ContainerStateMachine.java:319) ~[hadoop-hdds-container-service-1.1.0-SNAPSHOT.jar:?]
	at org.apache.ratis.server.impl.RaftServerImpl.submitClientRequestAsync(RaftServerImpl.java:723) ~[ratis-server-1.1.0-913f5a4-SNAPSHOT.jar:1.1.0-913f5a4-SNAPSHOT]
	at org.apache.ratis.server.impl.RaftServerProxy.lambda$submitClientRequestAsync$7(RaftServerProxy.java:364) ~[ratis-server-1.1.0-913f5a4-SNAPSHOT.jar:1.1.0-913f5a4-SNAPSHOT]
	at org.apache.ratis.server.impl.RaftServerProxy.lambda$null$5(RaftServerProxy.java:359) ~[ratis-server-1.1.0-913f5a4-SNAPSHOT.jar:1.1.0-913f5a4-SNAPSHOT]
	at org.apache.ratis.util.JavaUtils.callAsUnchecked(JavaUtils.java:116) ~[ratis-common-1.1.0-913f5a4-SNAPSHOT.jar:1.1.0-913f5a4-SNAPSHOT]
	at org.apache.ratis.server.impl.RaftServerProxy.lambda$submitRequest$6(RaftServerProxy.java:359) ~[ratis-server-1.1.0-913f5a4-SNAPSHOT.jar:1.1.0-913f5a4-SNAPSHOT]
	at java.util.concurrent.CompletableFuture.uniComposeStage(CompletableFuture.java:995) ~[?:1.8.0_232]
	at java.util.concurrent.CompletableFuture.thenCompose(CompletableFuture.java:2137) ~[?:1.8.0_232]
	at org.apache.ratis.server.impl.RaftServerProxy.submitRequest(RaftServerProxy.java:358) ~[ratis-server-1.1.0-913f5a4-SNAPSHOT.jar:1.1.0-913f5a4-SNAPSHOT]
	at org.apache.ratis.server.impl.RaftServerProxy.submitClientRequestAsync(RaftServerProxy.java:364) ~[ratis-server-1.1.0-913f5a4-SNAPSHOT.jar:1.1.0-913f5a4-SNAPSHOT]
	at org.apache.ratis.grpc.client.GrpcClientProtocolService$RequestStreamObserver.processClientRequest(GrpcClientProtocolService.java:231) ~[ratis-grpc-1.1.0-913f5a4-SNAPSHOT.jar:1.1.0-913f5a4-SNAPSHOT]
	at org.apache.ratis.grpc.client.GrpcClientProtocolService$OrderedRequestStreamObserver.processClientRequest(GrpcClientProtocolService.java:337) ~[ratis-grpc-1.1.0-913f5a4-SNAPSHOT.jar:1.1.0-913f5a4-SNAPSHOT]
	at org.apache.ratis.util.SlidingWindow$Server.processRequestsFromHead(SlidingWindow.java:429) [ratis-common-1.1.0-913f5a4-SNAPSHOT.jar:1.1.0-913f5a4-SNAPSHOT]
	at org.apache.ratis.util.SlidingWindow$Server.receivedRequest(SlidingWindow.java:421) [ratis-common-1.1.0-913f5a4-SNAPSHOT.jar:1.1.0-913f5a4-SNAPSHOT]
	at org.apache.ratis.grpc.client.GrpcClientProtocolService$OrderedRequestStreamObserver.processClientRequest(GrpcClientProtocolService.java:361) [ratis-grpc-1.1.0-913f5a4-SNAPSHOT.jar:1.1.0-913f5a4-SNAPSHOT]
	at org.apache.ratis.grpc.client.GrpcClientProtocolService$RequestStreamObserver.onNext(GrpcClientProtocolService.java:251) [ratis-grpc-1.1.0-913f5a4-SNAPSHOT.jar:1.1.0-913f5a4-SNAPSHOT]
	at org.apache.ratis.grpc.client.GrpcClientProtocolService$RequestStreamObserver.onNext(GrpcClientProtocolService.java:174) [ratis-grpc-1.1.0-913f5a4-SNAPSHOT.jar:1.1.0-913f5a4-SNAPSHOT]
	at org.apache.ratis.thirdparty.io.grpc.stub.ServerCalls$StreamingServerCallHandler$StreamingServerCallListener.onMessage(ServerCalls.java:251) [ratis-thirdparty-misc-0.6.0-SNAPSHOT.jar:0.6.0-SNAPSHOT]
	at org.apache.ratis.thirdparty.io.grpc.ForwardingServerCallListener.onMessage(ForwardingServerCallListener.java:33) [ratis-thirdparty-misc-0.6.0-SNAPSHOT.jar:0.6.0-SNAPSHOT]
	at org.apache.ratis.thirdparty.io.grpc.internal.ServerCallImpl$ServerStreamListenerImpl.messagesAvailableInternal(ServerCallImpl.java:309) [ratis-thirdparty-misc-0.6.0-SNAPSHOT.jar:0.6.0-SNAPSHOT]
	at org.apache.ratis.thirdparty.io.grpc.internal.ServerCallImpl$ServerStreamListenerImpl.messagesAvailable(ServerCallImpl.java:292) [ratis-thirdparty-misc-0.6.0-SNAPSHOT.jar:0.6.0-SNAPSHOT]
	at org.apache.ratis.thirdparty.io.grpc.internal.ServerImpl$JumpToApplicationThreadServerStreamListener$1MessagesAvailable.runInContext(ServerImpl.java:783) [ratis-thirdparty-misc-0.6.0-SNAPSHOT.jar:0.6.0-SNAPSHOT]
	at org.apache.ratis.thirdparty.io.grpc.internal.ContextRunnable.run(ContextRunnable.java:37) [ratis-thirdparty-misc-0.6.0-SNAPSHOT.jar:0.6.0-SNAPSHOT]
	at org.apache.ratis.thirdparty.io.grpc.internal.SerializingExecutor.run(SerializingExecutor.java:123) [ratis-thirdparty-misc-0.6.0-SNAPSHOT.jar:0.6.0-SNAPSHOT]
	at java.util.concurrent.ThreadPoolExecutor.runWorker(ThreadPoolExecutor.java:1149) [?:1.8.0_232]
	at java.util.concurrent.ThreadPoolExecutor$Worker.run(ThreadPoolExecutor.java:624) [?:1.8.0_232]
	at java.lang.Thread.run(Thread.java:748) [?:1.8.0_232]
14:46:56.183 [grpc-default-executor-0] ERROR DNAudit - user=null | ip=null | op=WRITE_CHUNK {blockData=conID: 2 locID: 105345109662367748 bcsId: 0} | ret=FAILURE
org.apache.hadoop.hdds.scm.container.common.helpers.ContainerNotOpenException: Container 2 in CLOSED state
	at org.apache.hadoop.ozone.container.common.impl.HddsDispatcher.validateContainerCommand(HddsDispatcher.java:484) ~[hadoop-hdds-container-service-1.1.0-SNAPSHOT.jar:?]
	at org.apache.hadoop.ozone.container.common.transport.server.ratis.ContainerStateMachine.startTransaction(ContainerStateMachine.java:319) ~[hadoop-hdds-container-service-1.1.0-SNAPSHOT.jar:?]
	at org.apache.ratis.server.impl.RaftServerImpl.submitClientRequestAsync(RaftServerImpl.java:723) ~[ratis-server-1.1.0-913f5a4-SNAPSHOT.jar:1.1.0-913f5a4-SNAPSHOT]
	at org.apache.ratis.server.impl.RaftServerProxy.lambda$submitClientRequestAsync$7(RaftServerProxy.java:364) ~[ratis-server-1.1.0-913f5a4-SNAPSHOT.jar:1.1.0-913f5a4-SNAPSHOT]
	at org.apache.ratis.server.impl.RaftServerProxy.lambda$null$5(RaftServerProxy.java:359) ~[ratis-server-1.1.0-913f5a4-SNAPSHOT.jar:1.1.0-913f5a4-SNAPSHOT]
	at org.apache.ratis.util.JavaUtils.callAsUnchecked(JavaUtils.java:116) ~[ratis-common-1.1.0-913f5a4-SNAPSHOT.jar:1.1.0-913f5a4-SNAPSHOT]
	at org.apache.ratis.server.impl.RaftServerProxy.lambda$submitRequest$6(RaftServerProxy.java:359) ~[ratis-server-1.1.0-913f5a4-SNAPSHOT.jar:1.1.0-913f5a4-SNAPSHOT]
	at java.util.concurrent.CompletableFuture.uniComposeStage(CompletableFuture.java:995) ~[?:1.8.0_232]
	at java.util.concurrent.CompletableFuture.thenCompose(CompletableFuture.java:2137) ~[?:1.8.0_232]
	at org.apache.ratis.server.impl.RaftServerProxy.submitRequest(RaftServerProxy.java:358) ~[ratis-server-1.1.0-913f5a4-SNAPSHOT.jar:1.1.0-913f5a4-SNAPSHOT]
	at org.apache.ratis.server.impl.RaftServerProxy.submitClientRequestAsync(RaftServerProxy.java:364) ~[ratis-server-1.1.0-913f5a4-SNAPSHOT.jar:1.1.0-913f5a4-SNAPSHOT]
	at org.apache.ratis.grpc.client.GrpcClientProtocolService$RequestStreamObserver.processClientRequest(GrpcClientProtocolService.java:231) ~[ratis-grpc-1.1.0-913f5a4-SNAPSHOT.jar:1.1.0-913f5a4-SNAPSHOT]
	at org.apache.ratis.grpc.client.GrpcClientProtocolService$OrderedRequestStreamObserver.processClientRequest(GrpcClientProtocolService.java:337) ~[ratis-grpc-1.1.0-913f5a4-SNAPSHOT.jar:1.1.0-913f5a4-SNAPSHOT]
	at org.apache.ratis.util.SlidingWindow$Server.processRequestsFromHead(SlidingWindow.java:429) [ratis-common-1.1.0-913f5a4-SNAPSHOT.jar:1.1.0-913f5a4-SNAPSHOT]
	at org.apache.ratis.util.SlidingWindow$Server.receivedRequest(SlidingWindow.java:421) [ratis-common-1.1.0-913f5a4-SNAPSHOT.jar:1.1.0-913f5a4-SNAPSHOT]
	at org.apache.ratis.grpc.client.GrpcClientProtocolService$OrderedRequestStreamObserver.processClientRequest(GrpcClientProtocolService.java:361) [ratis-grpc-1.1.0-913f5a4-SNAPSHOT.jar:1.1.0-913f5a4-SNAPSHOT]
	at org.apache.ratis.grpc.client.GrpcClientProtocolService$RequestStreamObserver.onNext(GrpcClientProtocolService.java:251) [ratis-grpc-1.1.0-913f5a4-SNAPSHOT.jar:1.1.0-913f5a4-SNAPSHOT]
	at org.apache.ratis.grpc.client.GrpcClientProtocolService$RequestStreamObserver.onNext(GrpcClientProtocolService.java:174) [ratis-grpc-1.1.0-913f5a4-SNAPSHOT.jar:1.1.0-913f5a4-SNAPSHOT]
	at org.apache.ratis.thirdparty.io.grpc.stub.ServerCalls$StreamingServerCallHandler$StreamingServerCallListener.onMessage(ServerCalls.java:251) [ratis-thirdparty-misc-0.6.0-SNAPSHOT.jar:0.6.0-SNAPSHOT]
	at org.apache.ratis.thirdparty.io.grpc.ForwardingServerCallListener.onMessage(ForwardingServerCallListener.java:33) [ratis-thirdparty-misc-0.6.0-SNAPSHOT.jar:0.6.0-SNAPSHOT]
	at org.apache.ratis.thirdparty.io.grpc.internal.ServerCallImpl$ServerStreamListenerImpl.messagesAvailableInternal(ServerCallImpl.java:309) [ratis-thirdparty-misc-0.6.0-SNAPSHOT.jar:0.6.0-SNAPSHOT]
	at org.apache.ratis.thirdparty.io.grpc.internal.ServerCallImpl$ServerStreamListenerImpl.messagesAvailable(ServerCallImpl.java:292) [ratis-thirdparty-misc-0.6.0-SNAPSHOT.jar:0.6.0-SNAPSHOT]
	at org.apache.ratis.thirdparty.io.grpc.internal.ServerImpl$JumpToApplicationThreadServerStreamListener$1MessagesAvailable.runInContext(ServerImpl.java:783) [ratis-thirdparty-misc-0.6.0-SNAPSHOT.jar:0.6.0-SNAPSHOT]
	at org.apache.ratis.thirdparty.io.grpc.internal.ContextRunnable.run(ContextRunnable.java:37) [ratis-thirdparty-misc-0.6.0-SNAPSHOT.jar:0.6.0-SNAPSHOT]
	at org.apache.ratis.thirdparty.io.grpc.internal.SerializingExecutor.run(SerializingExecutor.java:123) [ratis-thirdparty-misc-0.6.0-SNAPSHOT.jar:0.6.0-SNAPSHOT]
	at java.util.concurrent.ThreadPoolExecutor.runWorker(ThreadPoolExecutor.java:1149) [?:1.8.0_232]
	at java.util.concurrent.ThreadPoolExecutor$Worker.run(ThreadPoolExecutor.java:624) [?:1.8.0_232]
	at java.lang.Thread.run(Thread.java:748) [?:1.8.0_232]
14:46:56.184 [grpc-default-executor-0] ERROR DNAudit - user=null | ip=null | op=PUT_BLOCK {blockData=[blockId=conID: 2 locID: 105345109662367748 bcsId: 0,size=200]} | ret=FAILURE
org.apache.hadoop.hdds.scm.container.common.helpers.ContainerNotOpenException: Container 2 in CLOSED state
	at org.apache.hadoop.ozone.container.common.impl.HddsDispatcher.validateContainerCommand(HddsDispatcher.java:484) ~[hadoop-hdds-container-service-1.1.0-SNAPSHOT.jar:?]
	at org.apache.hadoop.ozone.container.common.transport.server.ratis.ContainerStateMachine.startTransaction(ContainerStateMachine.java:319) ~[hadoop-hdds-container-service-1.1.0-SNAPSHOT.jar:?]
	at org.apache.ratis.server.impl.RaftServerImpl.submitClientRequestAsync(RaftServerImpl.java:723) ~[ratis-server-1.1.0-913f5a4-SNAPSHOT.jar:1.1.0-913f5a4-SNAPSHOT]
	at org.apache.ratis.server.impl.RaftServerProxy.lambda$submitClientRequestAsync$7(RaftServerProxy.java:364) ~[ratis-server-1.1.0-913f5a4-SNAPSHOT.jar:1.1.0-913f5a4-SNAPSHOT]
	at org.apache.ratis.server.impl.RaftServerProxy.lambda$null$5(RaftServerProxy.java:359) ~[ratis-server-1.1.0-913f5a4-SNAPSHOT.jar:1.1.0-913f5a4-SNAPSHOT]
	at org.apache.ratis.util.JavaUtils.callAsUnchecked(JavaUtils.java:116) ~[ratis-common-1.1.0-913f5a4-SNAPSHOT.jar:1.1.0-913f5a4-SNAPSHOT]
	at org.apache.ratis.server.impl.RaftServerProxy.lambda$submitRequest$6(RaftServerProxy.java:359) ~[ratis-server-1.1.0-913f5a4-SNAPSHOT.jar:1.1.0-913f5a4-SNAPSHOT]
	at java.util.concurrent.CompletableFuture.uniComposeStage(CompletableFuture.java:995) ~[?:1.8.0_232]
	at java.util.concurrent.CompletableFuture.thenCompose(CompletableFuture.java:2137) ~[?:1.8.0_232]
	at org.apache.ratis.server.impl.RaftServerProxy.submitRequest(RaftServerProxy.java:358) ~[ratis-server-1.1.0-913f5a4-SNAPSHOT.jar:1.1.0-913f5a4-SNAPSHOT]
	at org.apache.ratis.server.impl.RaftServerProxy.submitClientRequestAsync(RaftServerProxy.java:364) ~[ratis-server-1.1.0-913f5a4-SNAPSHOT.jar:1.1.0-913f5a4-SNAPSHOT]
	at org.apache.ratis.grpc.client.GrpcClientProtocolService$RequestStreamObserver.processClientRequest(GrpcClientProtocolService.java:231) ~[ratis-grpc-1.1.0-913f5a4-SNAPSHOT.jar:1.1.0-913f5a4-SNAPSHOT]
	at org.apache.ratis.grpc.client.GrpcClientProtocolService$OrderedRequestStreamObserver.processClientRequest(GrpcClientProtocolService.java:337) ~[ratis-grpc-1.1.0-913f5a4-SNAPSHOT.jar:1.1.0-913f5a4-SNAPSHOT]
	at org.apache.ratis.util.SlidingWindow$Server.processRequestsFromHead(SlidingWindow.java:429) [ratis-common-1.1.0-913f5a4-SNAPSHOT.jar:1.1.0-913f5a4-SNAPSHOT]
	at org.apache.ratis.util.SlidingWindow$Server.receivedRequest(SlidingWindow.java:421) [ratis-common-1.1.0-913f5a4-SNAPSHOT.jar:1.1.0-913f5a4-SNAPSHOT]
	at org.apache.ratis.grpc.client.GrpcClientProtocolService$OrderedRequestStreamObserver.processClientRequest(GrpcClientProtocolService.java:361) [ratis-grpc-1.1.0-913f5a4-SNAPSHOT.jar:1.1.0-913f5a4-SNAPSHOT]
	at org.apache.ratis.grpc.client.GrpcClientProtocolService$RequestStreamObserver.onNext(GrpcClientProtocolService.java:251) [ratis-grpc-1.1.0-913f5a4-SNAPSHOT.jar:1.1.0-913f5a4-SNAPSHOT]
	at org.apache.ratis.grpc.client.GrpcClientProtocolService$RequestStreamObserver.onNext(GrpcClientProtocolService.java:174) [ratis-grpc-1.1.0-913f5a4-SNAPSHOT.jar:1.1.0-913f5a4-SNAPSHOT]
	at org.apache.ratis.thirdparty.io.grpc.stub.ServerCalls$StreamingServerCallHandler$StreamingServerCallListener.onMessage(ServerCalls.java:251) [ratis-thirdparty-misc-0.6.0-SNAPSHOT.jar:0.6.0-SNAPSHOT]
	at org.apache.ratis.thirdparty.io.grpc.ForwardingServerCallListener.onMessage(ForwardingServerCallListener.java:33) [ratis-thirdparty-misc-0.6.0-SNAPSHOT.jar:0.6.0-SNAPSHOT]
	at org.apache.ratis.thirdparty.io.grpc.internal.ServerCallImpl$ServerStreamListenerImpl.messagesAvailableInternal(ServerCallImpl.java:309) [ratis-thirdparty-misc-0.6.0-SNAPSHOT.jar:0.6.0-SNAPSHOT]
	at org.apache.ratis.thirdparty.io.grpc.internal.ServerCallImpl$ServerStreamListenerImpl.messagesAvailable(ServerCallImpl.java:292) [ratis-thirdparty-misc-0.6.0-SNAPSHOT.jar:0.6.0-SNAPSHOT]
	at org.apache.ratis.thirdparty.io.grpc.internal.ServerImpl$JumpToApplicationThreadServerStreamListener$1MessagesAvailable.runInContext(ServerImpl.java:783) [ratis-thirdparty-misc-0.6.0-SNAPSHOT.jar:0.6.0-SNAPSHOT]
	at org.apache.ratis.thirdparty.io.grpc.internal.ContextRunnable.run(ContextRunnable.java:37) [ratis-thirdparty-misc-0.6.0-SNAPSHOT.jar:0.6.0-SNAPSHOT]
	at org.apache.ratis.thirdparty.io.grpc.internal.SerializingExecutor.run(SerializingExecutor.java:123) [ratis-thirdparty-misc-0.6.0-SNAPSHOT.jar:0.6.0-SNAPSHOT]
	at java.util.concurrent.ThreadPoolExecutor.runWorker(ThreadPoolExecutor.java:1149) [?:1.8.0_232]
	at java.util.concurrent.ThreadPoolExecutor$Worker.run(ThreadPoolExecutor.java:624) [?:1.8.0_232]
	at java.lang.Thread.run(Thread.java:748) [?:1.8.0_232]
14:46:56.185 [grpc-default-executor-0] ERROR DNAudit - user=null | ip=null | op=WRITE_CHUNK {blockData=conID: 2 locID: 105345109662367748 bcsId: 0} | ret=FAILURE
org.apache.hadoop.hdds.scm.container.common.helpers.ContainerNotOpenException: Container 2 in CLOSED state
	at org.apache.hadoop.ozone.container.common.impl.HddsDispatcher.validateContainerCommand(HddsDispatcher.java:484) ~[hadoop-hdds-container-service-1.1.0-SNAPSHOT.jar:?]
	at org.apache.hadoop.ozone.container.common.transport.server.ratis.ContainerStateMachine.startTransaction(ContainerStateMachine.java:319) ~[hadoop-hdds-container-service-1.1.0-SNAPSHOT.jar:?]
	at org.apache.ratis.server.impl.RaftServerImpl.submitClientRequestAsync(RaftServerImpl.java:723) ~[ratis-server-1.1.0-913f5a4-SNAPSHOT.jar:1.1.0-913f5a4-SNAPSHOT]
	at org.apache.ratis.server.impl.RaftServerProxy.lambda$submitClientRequestAsync$7(RaftServerProxy.java:364) ~[ratis-server-1.1.0-913f5a4-SNAPSHOT.jar:1.1.0-913f5a4-SNAPSHOT]
	at org.apache.ratis.server.impl.RaftServerProxy.lambda$null$5(RaftServerProxy.java:359) ~[ratis-server-1.1.0-913f5a4-SNAPSHOT.jar:1.1.0-913f5a4-SNAPSHOT]
	at org.apache.ratis.util.JavaUtils.callAsUnchecked(JavaUtils.java:116) ~[ratis-common-1.1.0-913f5a4-SNAPSHOT.jar:1.1.0-913f5a4-SNAPSHOT]
	at org.apache.ratis.server.impl.RaftServerProxy.lambda$submitRequest$6(RaftServerProxy.java:359) ~[ratis-server-1.1.0-913f5a4-SNAPSHOT.jar:1.1.0-913f5a4-SNAPSHOT]
	at java.util.concurrent.CompletableFuture.uniComposeStage(CompletableFuture.java:995) ~[?:1.8.0_232]
	at java.util.concurrent.CompletableFuture.thenCompose(CompletableFuture.java:2137) ~[?:1.8.0_232]
	at org.apache.ratis.server.impl.RaftServerProxy.submitRequest(RaftServerProxy.java:358) ~[ratis-server-1.1.0-913f5a4-SNAPSHOT.jar:1.1.0-913f5a4-SNAPSHOT]
	at org.apache.ratis.server.impl.RaftServerProxy.submitClientRequestAsync(RaftServerProxy.java:364) ~[ratis-server-1.1.0-913f5a4-SNAPSHOT.jar:1.1.0-913f5a4-SNAPSHOT]
	at org.apache.ratis.grpc.client.GrpcClientProtocolService$RequestStreamObserver.processClientRequest(GrpcClientProtocolService.java:231) ~[ratis-grpc-1.1.0-913f5a4-SNAPSHOT.jar:1.1.0-913f5a4-SNAPSHOT]
	at org.apache.ratis.grpc.client.GrpcClientProtocolService$OrderedRequestStreamObserver.processClientRequest(GrpcClientProtocolService.java:337) ~[ratis-grpc-1.1.0-913f5a4-SNAPSHOT.jar:1.1.0-913f5a4-SNAPSHOT]
	at org.apache.ratis.util.SlidingWindow$Server.processRequestsFromHead(SlidingWindow.java:429) [ratis-common-1.1.0-913f5a4-SNAPSHOT.jar:1.1.0-913f5a4-SNAPSHOT]
	at org.apache.ratis.util.SlidingWindow$Server.receivedRequest(SlidingWindow.java:421) [ratis-common-1.1.0-913f5a4-SNAPSHOT.jar:1.1.0-913f5a4-SNAPSHOT]
	at org.apache.ratis.grpc.client.GrpcClientProtocolService$OrderedRequestStreamObserver.processClientRequest(GrpcClientProtocolService.java:361) [ratis-grpc-1.1.0-913f5a4-SNAPSHOT.jar:1.1.0-913f5a4-SNAPSHOT]
	at org.apache.ratis.grpc.client.GrpcClientProtocolService$RequestStreamObserver.onNext(GrpcClientProtocolService.java:251) [ratis-grpc-1.1.0-913f5a4-SNAPSHOT.jar:1.1.0-913f5a4-SNAPSHOT]
	at org.apache.ratis.grpc.client.GrpcClientProtocolService$RequestStreamObserver.onNext(GrpcClientProtocolService.java:174) [ratis-grpc-1.1.0-913f5a4-SNAPSHOT.jar:1.1.0-913f5a4-SNAPSHOT]
	at org.apache.ratis.thirdparty.io.grpc.stub.ServerCalls$StreamingServerCallHandler$StreamingServerCallListener.onMessage(ServerCalls.java:251) [ratis-thirdparty-misc-0.6.0-SNAPSHOT.jar:0.6.0-SNAPSHOT]
	at org.apache.ratis.thirdparty.io.grpc.ForwardingServerCallListener.onMessage(ForwardingServerCallListener.java:33) [ratis-thirdparty-misc-0.6.0-SNAPSHOT.jar:0.6.0-SNAPSHOT]
	at org.apache.ratis.thirdparty.io.grpc.internal.ServerCallImpl$ServerStreamListenerImpl.messagesAvailableInternal(ServerCallImpl.java:309) [ratis-thirdparty-misc-0.6.0-SNAPSHOT.jar:0.6.0-SNAPSHOT]
	at org.apache.ratis.thirdparty.io.grpc.internal.ServerCallImpl$ServerStreamListenerImpl.messagesAvailable(ServerCallImpl.java:292) [ratis-thirdparty-misc-0.6.0-SNAPSHOT.jar:0.6.0-SNAPSHOT]
	at org.apache.ratis.thirdparty.io.grpc.internal.ServerImpl$JumpToApplicationThreadServerStreamListener$1MessagesAvailable.runInContext(ServerImpl.java:783) [ratis-thirdparty-misc-0.6.0-SNAPSHOT.jar:0.6.0-SNAPSHOT]
	at org.apache.ratis.thirdparty.io.grpc.internal.ContextRunnable.run(ContextRunnable.java:37) [ratis-thirdparty-misc-0.6.0-SNAPSHOT.jar:0.6.0-SNAPSHOT]
	at org.apache.ratis.thirdparty.io.grpc.internal.SerializingExecutor.run(SerializingExecutor.java:123) [ratis-thirdparty-misc-0.6.0-SNAPSHOT.jar:0.6.0-SNAPSHOT]
	at java.util.concurrent.ThreadPoolExecutor.runWorker(ThreadPoolExecutor.java:1149) [?:1.8.0_232]
	at java.util.concurrent.ThreadPoolExecutor$Worker.run(ThreadPoolExecutor.java:624) [?:1.8.0_232]
	at java.lang.Thread.run(Thread.java:748) [?:1.8.0_232]
14:46:56.187 [grpc-default-executor-0] ERROR DNAudit - user=null | ip=null | op=WRITE_CHUNK {blockData=conID: 2 locID: 105345109662367748 bcsId: 0} | ret=FAILURE
org.apache.hadoop.hdds.scm.container.common.helpers.ContainerNotOpenException: Container 2 in CLOSED state
	at org.apache.hadoop.ozone.container.common.impl.HddsDispatcher.validateContainerCommand(HddsDispatcher.java:484) ~[hadoop-hdds-container-service-1.1.0-SNAPSHOT.jar:?]
	at org.apache.hadoop.ozone.container.common.transport.server.ratis.ContainerStateMachine.startTransaction(ContainerStateMachine.java:319) ~[hadoop-hdds-container-service-1.1.0-SNAPSHOT.jar:?]
	at org.apache.ratis.server.impl.RaftServerImpl.submitClientRequestAsync(RaftServerImpl.java:723) ~[ratis-server-1.1.0-913f5a4-SNAPSHOT.jar:1.1.0-913f5a4-SNAPSHOT]
	at org.apache.ratis.server.impl.RaftServerProxy.lambda$submitClientRequestAsync$7(RaftServerProxy.java:364) ~[ratis-server-1.1.0-913f5a4-SNAPSHOT.jar:1.1.0-913f5a4-SNAPSHOT]
	at org.apache.ratis.server.impl.RaftServerProxy.lambda$null$5(RaftServerProxy.java:359) ~[ratis-server-1.1.0-913f5a4-SNAPSHOT.jar:1.1.0-913f5a4-SNAPSHOT]
	at org.apache.ratis.util.JavaUtils.callAsUnchecked(JavaUtils.java:116) ~[ratis-common-1.1.0-913f5a4-SNAPSHOT.jar:1.1.0-913f5a4-SNAPSHOT]
	at org.apache.ratis.server.impl.RaftServerProxy.lambda$submitRequest$6(RaftServerProxy.java:359) ~[ratis-server-1.1.0-913f5a4-SNAPSHOT.jar:1.1.0-913f5a4-SNAPSHOT]
	at java.util.concurrent.CompletableFuture.uniComposeStage(CompletableFuture.java:995) ~[?:1.8.0_232]
	at java.util.concurrent.CompletableFuture.thenCompose(CompletableFuture.java:2137) ~[?:1.8.0_232]
	at org.apache.ratis.server.impl.RaftServerProxy.submitRequest(RaftServerProxy.java:358) ~[ratis-server-1.1.0-913f5a4-SNAPSHOT.jar:1.1.0-913f5a4-SNAPSHOT]
	at org.apache.ratis.server.impl.RaftServerProxy.submitClientRequestAsync(RaftServerProxy.java:364) ~[ratis-server-1.1.0-913f5a4-SNAPSHOT.jar:1.1.0-913f5a4-SNAPSHOT]
	at org.apache.ratis.grpc.client.GrpcClientProtocolService$RequestStreamObserver.processClientRequest(GrpcClientProtocolService.java:231) ~[ratis-grpc-1.1.0-913f5a4-SNAPSHOT.jar:1.1.0-913f5a4-SNAPSHOT]
	at org.apache.ratis.grpc.client.GrpcClientProtocolService$OrderedRequestStreamObserver.processClientRequest(GrpcClientProtocolService.java:337) ~[ratis-grpc-1.1.0-913f5a4-SNAPSHOT.jar:1.1.0-913f5a4-SNAPSHOT]
	at org.apache.ratis.util.SlidingWindow$Server.processRequestsFromHead(SlidingWindow.java:429) [ratis-common-1.1.0-913f5a4-SNAPSHOT.jar:1.1.0-913f5a4-SNAPSHOT]
	at org.apache.ratis.util.SlidingWindow$Server.receivedRequest(SlidingWindow.java:421) [ratis-common-1.1.0-913f5a4-SNAPSHOT.jar:1.1.0-913f5a4-SNAPSHOT]
	at org.apache.ratis.grpc.client.GrpcClientProtocolService$OrderedRequestStreamObserver.processClientRequest(GrpcClientProtocolService.java:361) [ratis-grpc-1.1.0-913f5a4-SNAPSHOT.jar:1.1.0-913f5a4-SNAPSHOT]
	at org.apache.ratis.grpc.client.GrpcClientProtocolService$RequestStreamObserver.onNext(GrpcClientProtocolService.java:251) [ratis-grpc-1.1.0-913f5a4-SNAPSHOT.jar:1.1.0-913f5a4-SNAPSHOT]
	at org.apache.ratis.grpc.client.GrpcClientProtocolService$RequestStreamObserver.onNext(GrpcClientProtocolService.java:174) [ratis-grpc-1.1.0-913f5a4-SNAPSHOT.jar:1.1.0-913f5a4-SNAPSHOT]
	at org.apache.ratis.thirdparty.io.grpc.stub.ServerCalls$StreamingServerCallHandler$StreamingServerCallListener.onMessage(ServerCalls.java:251) [ratis-thirdparty-misc-0.6.0-SNAPSHOT.jar:0.6.0-SNAPSHOT]
	at org.apache.ratis.thirdparty.io.grpc.ForwardingServerCallListener.onMessage(ForwardingServerCallListener.java:33) [ratis-thirdparty-misc-0.6.0-SNAPSHOT.jar:0.6.0-SNAPSHOT]
	at org.apache.ratis.thirdparty.io.grpc.internal.ServerCallImpl$ServerStreamListenerImpl.messagesAvailableInternal(ServerCallImpl.java:309) [ratis-thirdparty-misc-0.6.0-SNAPSHOT.jar:0.6.0-SNAPSHOT]
	at org.apache.ratis.thirdparty.io.grpc.internal.ServerCallImpl$ServerStreamListenerImpl.messagesAvailable(ServerCallImpl.java:292) [ratis-thirdparty-misc-0.6.0-SNAPSHOT.jar:0.6.0-SNAPSHOT]
	at org.apache.ratis.thirdparty.io.grpc.internal.ServerImpl$JumpToApplicationThreadServerStreamListener$1MessagesAvailable.runInContext(ServerImpl.java:783) [ratis-thirdparty-misc-0.6.0-SNAPSHOT.jar:0.6.0-SNAPSHOT]
	at org.apache.ratis.thirdparty.io.grpc.internal.ContextRunnable.run(ContextRunnable.java:37) [ratis-thirdparty-misc-0.6.0-SNAPSHOT.jar:0.6.0-SNAPSHOT]
	at org.apache.ratis.thirdparty.io.grpc.internal.SerializingExecutor.run(SerializingExecutor.java:123) [ratis-thirdparty-misc-0.6.0-SNAPSHOT.jar:0.6.0-SNAPSHOT]
	at java.util.concurrent.ThreadPoolExecutor.runWorker(ThreadPoolExecutor.java:1149) [?:1.8.0_232]
	at java.util.concurrent.ThreadPoolExecutor$Worker.run(ThreadPoolExecutor.java:624) [?:1.8.0_232]
	at java.lang.Thread.run(Thread.java:748) [?:1.8.0_232]
2020-12-08 14:46:56,196 [grpc-default-executor-2] ERROR storage.BlockOutputStream (BlockOutputStream.java:lambda$writeChunkToContainer$3(677)) - writing chunk failed 105345109662367748_chunk_1 blockID conID: 2 locID: 105345109662367748 bcsId: 0 with exception org.apache.ratis.protocol.exceptions.StateMachineException: org.apache.hadoop.hdds.scm.container.common.helpers.ContainerNotOpenException from Server e06d1ff1-a20f-4588-91bb-f8f9c9d2192c@group-D809FFECA223: Container 2 in CLOSED state
2020-12-08 14:46:56,198 [grpc-default-executor-2] ERROR storage.BlockOutputStream (BlockOutputStream.java:lambda$writeChunkToContainer$3(677)) - writing chunk failed 105345109662367748_chunk_2 blockID conID: 2 locID: 105345109662367748 bcsId: 0 with exception org.apache.ratis.protocol.exceptions.StateMachineException: org.apache.hadoop.hdds.scm.container.common.helpers.ContainerNotOpenException from Server e06d1ff1-a20f-4588-91bb-f8f9c9d2192c@group-D809FFECA223: Container 2 in CLOSED state
14:46:56.202 [grpc-default-executor-0] ERROR DNAudit - user=null | ip=null | op=PUT_BLOCK {blockData=[blockId=conID: 2 locID: 105345109662367748 bcsId: 0,size=400]} | ret=FAILURE
org.apache.hadoop.hdds.scm.container.common.helpers.ContainerNotOpenException: Container 2 in CLOSED state
	at org.apache.hadoop.ozone.container.common.impl.HddsDispatcher.validateContainerCommand(HddsDispatcher.java:484) ~[hadoop-hdds-container-service-1.1.0-SNAPSHOT.jar:?]
	at org.apache.hadoop.ozone.container.common.transport.server.ratis.ContainerStateMachine.startTransaction(ContainerStateMachine.java:319) ~[hadoop-hdds-container-service-1.1.0-SNAPSHOT.jar:?]
	at org.apache.ratis.server.impl.RaftServerImpl.submitClientRequestAsync(RaftServerImpl.java:723) ~[ratis-server-1.1.0-913f5a4-SNAPSHOT.jar:1.1.0-913f5a4-SNAPSHOT]
	at org.apache.ratis.server.impl.RaftServerProxy.lambda$submitClientRequestAsync$7(RaftServerProxy.java:364) ~[ratis-server-1.1.0-913f5a4-SNAPSHOT.jar:1.1.0-913f5a4-SNAPSHOT]
	at org.apache.ratis.server.impl.RaftServerProxy.lambda$null$5(RaftServerProxy.java:359) ~[ratis-server-1.1.0-913f5a4-SNAPSHOT.jar:1.1.0-913f5a4-SNAPSHOT]
	at org.apache.ratis.util.JavaUtils.callAsUnchecked(JavaUtils.java:116) ~[ratis-common-1.1.0-913f5a4-SNAPSHOT.jar:1.1.0-913f5a4-SNAPSHOT]
	at org.apache.ratis.server.impl.RaftServerProxy.lambda$submitRequest$6(RaftServerProxy.java:359) ~[ratis-server-1.1.0-913f5a4-SNAPSHOT.jar:1.1.0-913f5a4-SNAPSHOT]
	at java.util.concurrent.CompletableFuture.uniComposeStage(CompletableFuture.java:995) ~[?:1.8.0_232]
	at java.util.concurrent.CompletableFuture.thenCompose(CompletableFuture.java:2137) ~[?:1.8.0_232]
	at org.apache.ratis.server.impl.RaftServerProxy.submitRequest(RaftServerProxy.java:358) ~[ratis-server-1.1.0-913f5a4-SNAPSHOT.jar:1.1.0-913f5a4-SNAPSHOT]
	at org.apache.ratis.server.impl.RaftServerProxy.submitClientRequestAsync(RaftServerProxy.java:364) ~[ratis-server-1.1.0-913f5a4-SNAPSHOT.jar:1.1.0-913f5a4-SNAPSHOT]
	at org.apache.ratis.grpc.client.GrpcClientProtocolService$RequestStreamObserver.processClientRequest(GrpcClientProtocolService.java:231) ~[ratis-grpc-1.1.0-913f5a4-SNAPSHOT.jar:1.1.0-913f5a4-SNAPSHOT]
	at org.apache.ratis.grpc.client.GrpcClientProtocolService$OrderedRequestStreamObserver.processClientRequest(GrpcClientProtocolService.java:337) ~[ratis-grpc-1.1.0-913f5a4-SNAPSHOT.jar:1.1.0-913f5a4-SNAPSHOT]
	at org.apache.ratis.util.SlidingWindow$Server.processRequestsFromHead(SlidingWindow.java:429) [ratis-common-1.1.0-913f5a4-SNAPSHOT.jar:1.1.0-913f5a4-SNAPSHOT]
	at org.apache.ratis.util.SlidingWindow$Server.receivedRequest(SlidingWindow.java:421) [ratis-common-1.1.0-913f5a4-SNAPSHOT.jar:1.1.0-913f5a4-SNAPSHOT]
	at org.apache.ratis.grpc.client.GrpcClientProtocolService$OrderedRequestStreamObserver.processClientRequest(GrpcClientProtocolService.java:361) [ratis-grpc-1.1.0-913f5a4-SNAPSHOT.jar:1.1.0-913f5a4-SNAPSHOT]
	at org.apache.ratis.grpc.client.GrpcClientProtocolService$RequestStreamObserver.onNext(GrpcClientProtocolService.java:251) [ratis-grpc-1.1.0-913f5a4-SNAPSHOT.jar:1.1.0-913f5a4-SNAPSHOT]
	at org.apache.ratis.grpc.client.GrpcClientProtocolService$RequestStreamObserver.onNext(GrpcClientProtocolService.java:174) [ratis-grpc-1.1.0-913f5a4-SNAPSHOT.jar:1.1.0-913f5a4-SNAPSHOT]
	at org.apache.ratis.thirdparty.io.grpc.stub.ServerCalls$StreamingServerCallHandler$StreamingServerCallListener.onMessage(ServerCalls.java:251) [ratis-thirdparty-misc-0.6.0-SNAPSHOT.jar:0.6.0-SNAPSHOT]
	at org.apache.ratis.thirdparty.io.grpc.ForwardingServerCallListener.onMessage(ForwardingServerCallListener.java:33) [ratis-thirdparty-misc-0.6.0-SNAPSHOT.jar:0.6.0-SNAPSHOT]
	at org.apache.ratis.thirdparty.io.grpc.internal.ServerCallImpl$ServerStreamListenerImpl.messagesAvailableInternal(ServerCallImpl.java:309) [ratis-thirdparty-misc-0.6.0-SNAPSHOT.jar:0.6.0-SNAPSHOT]
	at org.apache.ratis.thirdparty.io.grpc.internal.ServerCallImpl$ServerStreamListenerImpl.messagesAvailable(ServerCallImpl.java:292) [ratis-thirdparty-misc-0.6.0-SNAPSHOT.jar:0.6.0-SNAPSHOT]
	at org.apache.ratis.thirdparty.io.grpc.internal.ServerImpl$JumpToApplicationThreadServerStreamListener$1MessagesAvailable.runInContext(ServerImpl.java:783) [ratis-thirdparty-misc-0.6.0-SNAPSHOT.jar:0.6.0-SNAPSHOT]
	at org.apache.ratis.thirdparty.io.grpc.internal.ContextRunnable.run(ContextRunnable.java:37) [ratis-thirdparty-misc-0.6.0-SNAPSHOT.jar:0.6.0-SNAPSHOT]
	at org.apache.ratis.thirdparty.io.grpc.internal.SerializingExecutor.run(SerializingExecutor.java:123) [ratis-thirdparty-misc-0.6.0-SNAPSHOT.jar:0.6.0-SNAPSHOT]
	at java.util.concurrent.ThreadPoolExecutor.runWorker(ThreadPoolExecutor.java:1149) [?:1.8.0_232]
	at java.util.concurrent.ThreadPoolExecutor$Worker.run(ThreadPoolExecutor.java:624) [?:1.8.0_232]
	at java.lang.Thread.run(Thread.java:748) [?:1.8.0_232]
2020-12-08 14:46:56,217 [grpc-default-executor-0] ERROR storage.BlockOutputStream (BlockOutputStream.java:lambda$writeChunkToContainer$3(677)) - writing chunk failed 105345109662367748_chunk_3 blockID conID: 2 locID: 105345109662367748 bcsId: 0 with exception org.apache.ratis.protocol.exceptions.StateMachineException: org.apache.hadoop.hdds.scm.container.common.helpers.ContainerNotOpenException from Server e06d1ff1-a20f-4588-91bb-f8f9c9d2192c@group-D809FFECA223: Container 2 in CLOSED state
2020-12-08 14:46:56,219 [grpc-default-executor-0] ERROR storage.BlockOutputStream (BlockOutputStream.java:lambda$writeChunkToContainer$3(677)) - writing chunk failed 105345109662367748_chunk_4 blockID conID: 2 locID: 105345109662367748 bcsId: 0 with exception org.apache.ratis.protocol.exceptions.StateMachineException: org.apache.hadoop.hdds.scm.container.common.helpers.ContainerNotOpenException from Server e06d1ff1-a20f-4588-91bb-f8f9c9d2192c@group-D809FFECA223: Container 2 in CLOSED state
14:46:56.225 [grpc-default-executor-0] ERROR DNAudit - user=null | ip=null | op=WRITE_CHUNK {blockData=conID: 3 locID: 105345109662367749 bcsId: 0} | ret=FAILURE
org.apache.hadoop.hdds.scm.container.common.helpers.ContainerNotOpenException: Container 3 in CLOSED state
	at org.apache.hadoop.ozone.container.common.impl.HddsDispatcher.validateContainerCommand(HddsDispatcher.java:484) ~[hadoop-hdds-container-service-1.1.0-SNAPSHOT.jar:?]
	at org.apache.hadoop.ozone.container.common.transport.server.ratis.ContainerStateMachine.startTransaction(ContainerStateMachine.java:319) ~[hadoop-hdds-container-service-1.1.0-SNAPSHOT.jar:?]
	at org.apache.ratis.server.impl.RaftServerImpl.submitClientRequestAsync(RaftServerImpl.java:723) ~[ratis-server-1.1.0-913f5a4-SNAPSHOT.jar:1.1.0-913f5a4-SNAPSHOT]
	at org.apache.ratis.server.impl.RaftServerProxy.lambda$submitClientRequestAsync$7(RaftServerProxy.java:364) ~[ratis-server-1.1.0-913f5a4-SNAPSHOT.jar:1.1.0-913f5a4-SNAPSHOT]
	at org.apache.ratis.server.impl.RaftServerProxy.lambda$null$5(RaftServerProxy.java:359) ~[ratis-server-1.1.0-913f5a4-SNAPSHOT.jar:1.1.0-913f5a4-SNAPSHOT]
	at org.apache.ratis.util.JavaUtils.callAsUnchecked(JavaUtils.java:116) ~[ratis-common-1.1.0-913f5a4-SNAPSHOT.jar:1.1.0-913f5a4-SNAPSHOT]
	at org.apache.ratis.server.impl.RaftServerProxy.lambda$submitRequest$6(RaftServerProxy.java:359) ~[ratis-server-1.1.0-913f5a4-SNAPSHOT.jar:1.1.0-913f5a4-SNAPSHOT]
	at java.util.concurrent.CompletableFuture.uniComposeStage(CompletableFuture.java:995) ~[?:1.8.0_232]
	at java.util.concurrent.CompletableFuture.thenCompose(CompletableFuture.java:2137) ~[?:1.8.0_232]
	at org.apache.ratis.server.impl.RaftServerProxy.submitRequest(RaftServerProxy.java:358) ~[ratis-server-1.1.0-913f5a4-SNAPSHOT.jar:1.1.0-913f5a4-SNAPSHOT]
	at org.apache.ratis.server.impl.RaftServerProxy.submitClientRequestAsync(RaftServerProxy.java:364) ~[ratis-server-1.1.0-913f5a4-SNAPSHOT.jar:1.1.0-913f5a4-SNAPSHOT]
	at org.apache.ratis.grpc.client.GrpcClientProtocolService$RequestStreamObserver.processClientRequest(GrpcClientProtocolService.java:231) ~[ratis-grpc-1.1.0-913f5a4-SNAPSHOT.jar:1.1.0-913f5a4-SNAPSHOT]
	at org.apache.ratis.grpc.client.GrpcClientProtocolService$OrderedRequestStreamObserver.processClientRequest(GrpcClientProtocolService.java:337) ~[ratis-grpc-1.1.0-913f5a4-SNAPSHOT.jar:1.1.0-913f5a4-SNAPSHOT]
	at org.apache.ratis.util.SlidingWindow$Server.processRequestsFromHead(SlidingWindow.java:429) [ratis-common-1.1.0-913f5a4-SNAPSHOT.jar:1.1.0-913f5a4-SNAPSHOT]
	at org.apache.ratis.util.SlidingWindow$Server.receivedRequest(SlidingWindow.java:421) [ratis-common-1.1.0-913f5a4-SNAPSHOT.jar:1.1.0-913f5a4-SNAPSHOT]
	at org.apache.ratis.grpc.client.GrpcClientProtocolService$OrderedRequestStreamObserver.processClientRequest(GrpcClientProtocolService.java:361) [ratis-grpc-1.1.0-913f5a4-SNAPSHOT.jar:1.1.0-913f5a4-SNAPSHOT]
	at org.apache.ratis.grpc.client.GrpcClientProtocolService$RequestStreamObserver.onNext(GrpcClientProtocolService.java:251) [ratis-grpc-1.1.0-913f5a4-SNAPSHOT.jar:1.1.0-913f5a4-SNAPSHOT]
	at org.apache.ratis.grpc.client.GrpcClientProtocolService$RequestStreamObserver.onNext(GrpcClientProtocolService.java:174) [ratis-grpc-1.1.0-913f5a4-SNAPSHOT.jar:1.1.0-913f5a4-SNAPSHOT]
	at org.apache.ratis.thirdparty.io.grpc.stub.ServerCalls$StreamingServerCallHandler$StreamingServerCallListener.onMessage(ServerCalls.java:251) [ratis-thirdparty-misc-0.6.0-SNAPSHOT.jar:0.6.0-SNAPSHOT]
	at org.apache.ratis.thirdparty.io.grpc.ForwardingServerCallListener.onMessage(ForwardingServerCallListener.java:33) [ratis-thirdparty-misc-0.6.0-SNAPSHOT.jar:0.6.0-SNAPSHOT]
	at org.apache.ratis.thirdparty.io.grpc.internal.ServerCallImpl$ServerStreamListenerImpl.messagesAvailableInternal(ServerCallImpl.java:309) [ratis-thirdparty-misc-0.6.0-SNAPSHOT.jar:0.6.0-SNAPSHOT]
	at org.apache.ratis.thirdparty.io.grpc.internal.ServerCallImpl$ServerStreamListenerImpl.messagesAvailable(ServerCallImpl.java:292) [ratis-thirdparty-misc-0.6.0-SNAPSHOT.jar:0.6.0-SNAPSHOT]
	at org.apache.ratis.thirdparty.io.grpc.internal.ServerImpl$JumpToApplicationThreadServerStreamListener$1MessagesAvailable.runInContext(ServerImpl.java:783) [ratis-thirdparty-misc-0.6.0-SNAPSHOT.jar:0.6.0-SNAPSHOT]
	at org.apache.ratis.thirdparty.io.grpc.internal.ContextRunnable.run(ContextRunnable.java:37) [ratis-thirdparty-misc-0.6.0-SNAPSHOT.jar:0.6.0-SNAPSHOT]
	at org.apache.ratis.thirdparty.io.grpc.internal.SerializingExecutor.run(SerializingExecutor.java:123) [ratis-thirdparty-misc-0.6.0-SNAPSHOT.jar:0.6.0-SNAPSHOT]
	at java.util.concurrent.ThreadPoolExecutor.runWorker(ThreadPoolExecutor.java:1149) [?:1.8.0_232]
	at java.util.concurrent.ThreadPoolExecutor$Worker.run(ThreadPoolExecutor.java:624) [?:1.8.0_232]
	at java.lang.Thread.run(Thread.java:748) [?:1.8.0_232]
14:46:56.228 [grpc-default-executor-0] ERROR DNAudit - user=null | ip=null | op=WRITE_CHUNK {blockData=conID: 3 locID: 105345109662367749 bcsId: 0} | ret=FAILURE
org.apache.hadoop.hdds.scm.container.common.helpers.ContainerNotOpenException: Container 3 in CLOSED state
	at org.apache.hadoop.ozone.container.common.impl.HddsDispatcher.validateContainerCommand(HddsDispatcher.java:484) ~[hadoop-hdds-container-service-1.1.0-SNAPSHOT.jar:?]
	at org.apache.hadoop.ozone.container.common.transport.server.ratis.ContainerStateMachine.startTransaction(ContainerStateMachine.java:319) ~[hadoop-hdds-container-service-1.1.0-SNAPSHOT.jar:?]
	at org.apache.ratis.server.impl.RaftServerImpl.submitClientRequestAsync(RaftServerImpl.java:723) ~[ratis-server-1.1.0-913f5a4-SNAPSHOT.jar:1.1.0-913f5a4-SNAPSHOT]
	at org.apache.ratis.server.impl.RaftServerProxy.lambda$submitClientRequestAsync$7(RaftServerProxy.java:364) ~[ratis-server-1.1.0-913f5a4-SNAPSHOT.jar:1.1.0-913f5a4-SNAPSHOT]
	at org.apache.ratis.server.impl.RaftServerProxy.lambda$null$5(RaftServerProxy.java:359) ~[ratis-server-1.1.0-913f5a4-SNAPSHOT.jar:1.1.0-913f5a4-SNAPSHOT]
	at org.apache.ratis.util.JavaUtils.callAsUnchecked(JavaUtils.java:116) ~[ratis-common-1.1.0-913f5a4-SNAPSHOT.jar:1.1.0-913f5a4-SNAPSHOT]
	at org.apache.ratis.server.impl.RaftServerProxy.lambda$submitRequest$6(RaftServerProxy.java:359) ~[ratis-server-1.1.0-913f5a4-SNAPSHOT.jar:1.1.0-913f5a4-SNAPSHOT]
	at java.util.concurrent.CompletableFuture.uniComposeStage(CompletableFuture.java:995) ~[?:1.8.0_232]
	at java.util.concurrent.CompletableFuture.thenCompose(CompletableFuture.java:2137) ~[?:1.8.0_232]
	at org.apache.ratis.server.impl.RaftServerProxy.submitRequest(RaftServerProxy.java:358) ~[ratis-server-1.1.0-913f5a4-SNAPSHOT.jar:1.1.0-913f5a4-SNAPSHOT]
	at org.apache.ratis.server.impl.RaftServerProxy.submitClientRequestAsync(RaftServerProxy.java:364) ~[ratis-server-1.1.0-913f5a4-SNAPSHOT.jar:1.1.0-913f5a4-SNAPSHOT]
	at org.apache.ratis.grpc.client.GrpcClientProtocolService$RequestStreamObserver.processClientRequest(GrpcClientProtocolService.java:231) ~[ratis-grpc-1.1.0-913f5a4-SNAPSHOT.jar:1.1.0-913f5a4-SNAPSHOT]
	at org.apache.ratis.grpc.client.GrpcClientProtocolService$OrderedRequestStreamObserver.processClientRequest(GrpcClientProtocolService.java:337) ~[ratis-grpc-1.1.0-913f5a4-SNAPSHOT.jar:1.1.0-913f5a4-SNAPSHOT]
	at org.apache.ratis.util.SlidingWindow$Server.processRequestsFromHead(SlidingWindow.java:429) [ratis-common-1.1.0-913f5a4-SNAPSHOT.jar:1.1.0-913f5a4-SNAPSHOT]
	at org.apache.ratis.util.SlidingWindow$Server.receivedRequest(SlidingWindow.java:421) [ratis-common-1.1.0-913f5a4-SNAPSHOT.jar:1.1.0-913f5a4-SNAPSHOT]
	at org.apache.ratis.grpc.client.GrpcClientProtocolService$OrderedRequestStreamObserver.processClientRequest(GrpcClientProtocolService.java:361) [ratis-grpc-1.1.0-913f5a4-SNAPSHOT.jar:1.1.0-913f5a4-SNAPSHOT]
	at org.apache.ratis.grpc.client.GrpcClientProtocolService$RequestStreamObserver.onNext(GrpcClientProtocolService.java:251) [ratis-grpc-1.1.0-913f5a4-SNAPSHOT.jar:1.1.0-913f5a4-SNAPSHOT]
	at org.apache.ratis.grpc.client.GrpcClientProtocolService$RequestStreamObserver.onNext(GrpcClientProtocolService.java:174) [ratis-grpc-1.1.0-913f5a4-SNAPSHOT.jar:1.1.0-913f5a4-SNAPSHOT]
	at org.apache.ratis.thirdparty.io.grpc.stub.ServerCalls$StreamingServerCallHandler$StreamingServerCallListener.onMessage(ServerCalls.java:251) [ratis-thirdparty-misc-0.6.0-SNAPSHOT.jar:0.6.0-SNAPSHOT]
	at org.apache.ratis.thirdparty.io.grpc.ForwardingServerCallListener.onMessage(ForwardingServerCallListener.java:33) [ratis-thirdparty-misc-0.6.0-SNAPSHOT.jar:0.6.0-SNAPSHOT]
	at org.apache.ratis.thirdparty.io.grpc.internal.ServerCallImpl$ServerStreamListenerImpl.messagesAvailableInternal(ServerCallImpl.java:309) [ratis-thirdparty-misc-0.6.0-SNAPSHOT.jar:0.6.0-SNAPSHOT]
	at org.apache.ratis.thirdparty.io.grpc.internal.ServerCallImpl$ServerStreamListenerImpl.messagesAvailable(ServerCallImpl.java:292) [ratis-thirdparty-misc-0.6.0-SNAPSHOT.jar:0.6.0-SNAPSHOT]
	at org.apache.ratis.thirdparty.io.grpc.internal.ServerImpl$JumpToApplicationThreadServerStreamListener$1MessagesAvailable.runInContext(ServerImpl.java:783) [ratis-thirdparty-misc-0.6.0-SNAPSHOT.jar:0.6.0-SNAPSHOT]
	at org.apache.ratis.thirdparty.io.grpc.internal.ContextRunnable.run(ContextRunnable.java:37) [ratis-thirdparty-misc-0.6.0-SNAPSHOT.jar:0.6.0-SNAPSHOT]
	at org.apache.ratis.thirdparty.io.grpc.internal.SerializingExecutor.run(SerializingExecutor.java:123) [ratis-thirdparty-misc-0.6.0-SNAPSHOT.jar:0.6.0-SNAPSHOT]
	at java.util.concurrent.ThreadPoolExecutor.runWorker(ThreadPoolExecutor.java:1149) [?:1.8.0_232]
	at java.util.concurrent.ThreadPoolExecutor$Worker.run(ThreadPoolExecutor.java:624) [?:1.8.0_232]
	at java.lang.Thread.run(Thread.java:748) [?:1.8.0_232]
2020-12-08 14:46:56,235 [grpc-default-executor-2] ERROR storage.BlockOutputStream (BlockOutputStream.java:lambda$writeChunkToContainer$3(677)) - writing chunk failed 105345109662367749_chunk_1 blockID conID: 3 locID: 105345109662367749 bcsId: 0 with exception org.apache.ratis.protocol.exceptions.StateMachineException: org.apache.hadoop.hdds.scm.container.common.helpers.ContainerNotOpenException from Server 56e78f60-04c2-4b0b-90ce-c38122db5462@group-8B94E86A2CF7: Container 3 in CLOSED state
14:46:56.235 [grpc-default-executor-0] ERROR DNAudit - user=null | ip=null | op=PUT_BLOCK {blockData=[blockId=conID: 3 locID: 105345109662367749 bcsId: 0,size=200]} | ret=FAILURE
org.apache.hadoop.hdds.scm.container.common.helpers.ContainerNotOpenException: Container 3 in CLOSED state
	at org.apache.hadoop.ozone.container.common.impl.HddsDispatcher.validateContainerCommand(HddsDispatcher.java:484) ~[hadoop-hdds-container-service-1.1.0-SNAPSHOT.jar:?]
	at org.apache.hadoop.ozone.container.common.transport.server.ratis.ContainerStateMachine.startTransaction(ContainerStateMachine.java:319) ~[hadoop-hdds-container-service-1.1.0-SNAPSHOT.jar:?]
	at org.apache.ratis.server.impl.RaftServerImpl.submitClientRequestAsync(RaftServerImpl.java:723) ~[ratis-server-1.1.0-913f5a4-SNAPSHOT.jar:1.1.0-913f5a4-SNAPSHOT]
	at org.apache.ratis.server.impl.RaftServerProxy.lambda$submitClientRequestAsync$7(RaftServerProxy.java:364) ~[ratis-server-1.1.0-913f5a4-SNAPSHOT.jar:1.1.0-913f5a4-SNAPSHOT]
	at org.apache.ratis.server.impl.RaftServerProxy.lambda$null$5(RaftServerProxy.java:359) ~[ratis-server-1.1.0-913f5a4-SNAPSHOT.jar:1.1.0-913f5a4-SNAPSHOT]
	at org.apache.ratis.util.JavaUtils.callAsUnchecked(JavaUtils.java:116) ~[ratis-common-1.1.0-913f5a4-SNAPSHOT.jar:1.1.0-913f5a4-SNAPSHOT]
	at org.apache.ratis.server.impl.RaftServerProxy.lambda$submitRequest$6(RaftServerProxy.java:359) ~[ratis-server-1.1.0-913f5a4-SNAPSHOT.jar:1.1.0-913f5a4-SNAPSHOT]
	at java.util.concurrent.CompletableFuture.uniComposeStage(CompletableFuture.java:995) ~[?:1.8.0_232]
	at java.util.concurrent.CompletableFuture.thenCompose(CompletableFuture.java:2137) ~[?:1.8.0_232]
	at org.apache.ratis.server.impl.RaftServerProxy.submitRequest(RaftServerProxy.java:358) ~[ratis-server-1.1.0-913f5a4-SNAPSHOT.jar:1.1.0-913f5a4-SNAPSHOT]
	at org.apache.ratis.server.impl.RaftServerProxy.submitClientRequestAsync(RaftServerProxy.java:364) ~[ratis-server-1.1.0-913f5a4-SNAPSHOT.jar:1.1.0-913f5a4-SNAPSHOT]
	at org.apache.ratis.grpc.client.GrpcClientProtocolService$RequestStreamObserver.processClientRequest(GrpcClientProtocolService.java:231) ~[ratis-grpc-1.1.0-913f5a4-SNAPSHOT.jar:1.1.0-913f5a4-SNAPSHOT]
	at org.apache.ratis.grpc.client.GrpcClientProtocolService$OrderedRequestStreamObserver.processClientRequest(GrpcClientProtocolService.java:337) ~[ratis-grpc-1.1.0-913f5a4-SNAPSHOT.jar:1.1.0-913f5a4-SNAPSHOT]
	at org.apache.ratis.util.SlidingWindow$Server.processRequestsFromHead(SlidingWindow.java:429) [ratis-common-1.1.0-913f5a4-SNAPSHOT.jar:1.1.0-913f5a4-SNAPSHOT]
	at org.apache.ratis.util.SlidingWindow$Server.receivedRequest(SlidingWindow.java:421) [ratis-common-1.1.0-913f5a4-SNAPSHOT.jar:1.1.0-913f5a4-SNAPSHOT]
	at org.apache.ratis.grpc.client.GrpcClientProtocolService$OrderedRequestStreamObserver.processClientRequest(GrpcClientProtocolService.java:361) [ratis-grpc-1.1.0-913f5a4-SNAPSHOT.jar:1.1.0-913f5a4-SNAPSHOT]
	at org.apache.ratis.grpc.client.GrpcClientProtocolService$RequestStreamObserver.onNext(GrpcClientProtocolService.java:251) [ratis-grpc-1.1.0-913f5a4-SNAPSHOT.jar:1.1.0-913f5a4-SNAPSHOT]
	at org.apache.ratis.grpc.client.GrpcClientProtocolService$RequestStreamObserver.onNext(GrpcClientProtocolService.java:174) [ratis-grpc-1.1.0-913f5a4-SNAPSHOT.jar:1.1.0-913f5a4-SNAPSHOT]
	at org.apache.ratis.thirdparty.io.grpc.stub.ServerCalls$StreamingServerCallHandler$StreamingServerCallListener.onMessage(ServerCalls.java:251) [ratis-thirdparty-misc-0.6.0-SNAPSHOT.jar:0.6.0-SNAPSHOT]
	at org.apache.ratis.thirdparty.io.grpc.ForwardingServerCallListener.onMessage(ForwardingServerCallListener.java:33) [ratis-thirdparty-misc-0.6.0-SNAPSHOT.jar:0.6.0-SNAPSHOT]
	at org.apache.ratis.thirdparty.io.grpc.internal.ServerCallImpl$ServerStreamListenerImpl.messagesAvailableInternal(ServerCallImpl.java:309) [ratis-thirdparty-misc-0.6.0-SNAPSHOT.jar:0.6.0-SNAPSHOT]
	at org.apache.ratis.thirdparty.io.grpc.internal.ServerCallImpl$ServerStreamListenerImpl.messagesAvailable(ServerCallImpl.java:292) [ratis-thirdparty-misc-0.6.0-SNAPSHOT.jar:0.6.0-SNAPSHOT]
	at org.apache.ratis.thirdparty.io.grpc.internal.ServerImpl$JumpToApplicationThreadServerStreamListener$1MessagesAvailable.runInContext(ServerImpl.java:783) [ratis-thirdparty-misc-0.6.0-SNAPSHOT.jar:0.6.0-SNAPSHOT]
	at org.apache.ratis.thirdparty.io.grpc.internal.ContextRunnable.run(ContextRunnable.java:37) [ratis-thirdparty-misc-0.6.0-SNAPSHOT.jar:0.6.0-SNAPSHOT]
	at org.apache.ratis.thirdparty.io.grpc.internal.SerializingExecutor.run(SerializingExecutor.java:123) [ratis-thirdparty-misc-0.6.0-SNAPSHOT.jar:0.6.0-SNAPSHOT]
	at java.util.concurrent.ThreadPoolExecutor.runWorker(ThreadPoolExecutor.java:1149) [?:1.8.0_232]
	at java.util.concurrent.ThreadPoolExecutor$Worker.run(ThreadPoolExecutor.java:624) [?:1.8.0_232]
	at java.lang.Thread.run(Thread.java:748) [?:1.8.0_232]
14:46:56.236 [grpc-default-executor-0] ERROR DNAudit - user=null | ip=null | op=WRITE_CHUNK {blockData=conID: 3 locID: 105345109662367749 bcsId: 0} | ret=FAILURE
org.apache.hadoop.hdds.scm.container.common.helpers.ContainerNotOpenException: Container 3 in CLOSED state
	at org.apache.hadoop.ozone.container.common.impl.HddsDispatcher.validateContainerCommand(HddsDispatcher.java:484) ~[hadoop-hdds-container-service-1.1.0-SNAPSHOT.jar:?]
	at org.apache.hadoop.ozone.container.common.transport.server.ratis.ContainerStateMachine.startTransaction(ContainerStateMachine.java:319) ~[hadoop-hdds-container-service-1.1.0-SNAPSHOT.jar:?]
	at org.apache.ratis.server.impl.RaftServerImpl.submitClientRequestAsync(RaftServerImpl.java:723) ~[ratis-server-1.1.0-913f5a4-SNAPSHOT.jar:1.1.0-913f5a4-SNAPSHOT]
	at org.apache.ratis.server.impl.RaftServerProxy.lambda$submitClientRequestAsync$7(RaftServerProxy.java:364) ~[ratis-server-1.1.0-913f5a4-SNAPSHOT.jar:1.1.0-913f5a4-SNAPSHOT]
	at org.apache.ratis.server.impl.RaftServerProxy.lambda$null$5(RaftServerProxy.java:359) ~[ratis-server-1.1.0-913f5a4-SNAPSHOT.jar:1.1.0-913f5a4-SNAPSHOT]
	at org.apache.ratis.util.JavaUtils.callAsUnchecked(JavaUtils.java:116) ~[ratis-common-1.1.0-913f5a4-SNAPSHOT.jar:1.1.0-913f5a4-SNAPSHOT]
	at org.apache.ratis.server.impl.RaftServerProxy.lambda$submitRequest$6(RaftServerProxy.java:359) ~[ratis-server-1.1.0-913f5a4-SNAPSHOT.jar:1.1.0-913f5a4-SNAPSHOT]
	at java.util.concurrent.CompletableFuture.uniComposeStage(CompletableFuture.java:995) ~[?:1.8.0_232]
	at java.util.concurrent.CompletableFuture.thenCompose(CompletableFuture.java:2137) ~[?:1.8.0_232]
	at org.apache.ratis.server.impl.RaftServerProxy.submitRequest(RaftServerProxy.java:358) ~[ratis-server-1.1.0-913f5a4-SNAPSHOT.jar:1.1.0-913f5a4-SNAPSHOT]
	at org.apache.ratis.server.impl.RaftServerProxy.submitClientRequestAsync(RaftServerProxy.java:364) ~[ratis-server-1.1.0-913f5a4-SNAPSHOT.jar:1.1.0-913f5a4-SNAPSHOT]
	at org.apache.ratis.grpc.client.GrpcClientProtocolService$RequestStreamObserver.processClientRequest(GrpcClientProtocolService.java:231) ~[ratis-grpc-1.1.0-913f5a4-SNAPSHOT.jar:1.1.0-913f5a4-SNAPSHOT]
	at org.apache.ratis.grpc.client.GrpcClientProtocolService$OrderedRequestStreamObserver.processClientRequest(GrpcClientProtocolService.java:337) ~[ratis-grpc-1.1.0-913f5a4-SNAPSHOT.jar:1.1.0-913f5a4-SNAPSHOT]
	at org.apache.ratis.util.SlidingWindow$Server.processRequestsFromHead(SlidingWindow.java:429) [ratis-common-1.1.0-913f5a4-SNAPSHOT.jar:1.1.0-913f5a4-SNAPSHOT]
	at org.apache.ratis.util.SlidingWindow$Server.receivedRequest(SlidingWindow.java:421) [ratis-common-1.1.0-913f5a4-SNAPSHOT.jar:1.1.0-913f5a4-SNAPSHOT]
	at org.apache.ratis.grpc.client.GrpcClientProtocolService$OrderedRequestStreamObserver.processClientRequest(GrpcClientProtocolService.java:361) [ratis-grpc-1.1.0-913f5a4-SNAPSHOT.jar:1.1.0-913f5a4-SNAPSHOT]
	at org.apache.ratis.grpc.client.GrpcClientProtocolService$RequestStreamObserver.onNext(GrpcClientProtocolService.java:251) [ratis-grpc-1.1.0-913f5a4-SNAPSHOT.jar:1.1.0-913f5a4-SNAPSHOT]
	at org.apache.ratis.grpc.client.GrpcClientProtocolService$RequestStreamObserver.onNext(GrpcClientProtocolService.java:174) [ratis-grpc-1.1.0-913f5a4-SNAPSHOT.jar:1.1.0-913f5a4-SNAPSHOT]
	at org.apache.ratis.thirdparty.io.grpc.stub.ServerCalls$StreamingServerCallHandler$StreamingServerCallListener.onMessage(ServerCalls.java:251) [ratis-thirdparty-misc-0.6.0-SNAPSHOT.jar:0.6.0-SNAPSHOT]
	at org.apache.ratis.thirdparty.io.grpc.ForwardingServerCallListener.onMessage(ForwardingServerCallListener.java:33) [ratis-thirdparty-misc-0.6.0-SNAPSHOT.jar:0.6.0-SNAPSHOT]
	at org.apache.ratis.thirdparty.io.grpc.internal.ServerCallImpl$ServerStreamListenerImpl.messagesAvailableInternal(ServerCallImpl.java:309) [ratis-thirdparty-misc-0.6.0-SNAPSHOT.jar:0.6.0-SNAPSHOT]
	at org.apache.ratis.thirdparty.io.grpc.internal.ServerCallImpl$ServerStreamListenerImpl.messagesAvailable(ServerCallImpl.java:292) [ratis-thirdparty-misc-0.6.0-SNAPSHOT.jar:0.6.0-SNAPSHOT]
	at org.apache.ratis.thirdparty.io.grpc.internal.ServerImpl$JumpToApplicationThreadServerStreamListener$1MessagesAvailable.runInContext(ServerImpl.java:783) [ratis-thirdparty-misc-0.6.0-SNAPSHOT.jar:0.6.0-SNAPSHOT]
	at org.apache.ratis.thirdparty.io.grpc.internal.ContextRunnable.run(ContextRunnable.java:37) [ratis-thirdparty-misc-0.6.0-SNAPSHOT.jar:0.6.0-SNAPSHOT]
	at org.apache.ratis.thirdparty.io.grpc.internal.SerializingExecutor.run(SerializingExecutor.java:123) [ratis-thirdparty-misc-0.6.0-SNAPSHOT.jar:0.6.0-SNAPSHOT]
	at java.util.concurrent.ThreadPoolExecutor.runWorker(ThreadPoolExecutor.java:1149) [?:1.8.0_232]
	at java.util.concurrent.ThreadPoolExecutor$Worker.run(ThreadPoolExecutor.java:624) [?:1.8.0_232]
	at java.lang.Thread.run(Thread.java:748) [?:1.8.0_232]
14:46:56.237 [grpc-default-executor-0] ERROR DNAudit - user=null | ip=null | op=WRITE_CHUNK {blockData=conID: 3 locID: 105345109662367749 bcsId: 0} | ret=FAILURE
org.apache.hadoop.hdds.scm.container.common.helpers.ContainerNotOpenException: Container 3 in CLOSED state
	at org.apache.hadoop.ozone.container.common.impl.HddsDispatcher.validateContainerCommand(HddsDispatcher.java:484) ~[hadoop-hdds-container-service-1.1.0-SNAPSHOT.jar:?]
	at org.apache.hadoop.ozone.container.common.transport.server.ratis.ContainerStateMachine.startTransaction(ContainerStateMachine.java:319) ~[hadoop-hdds-container-service-1.1.0-SNAPSHOT.jar:?]
	at org.apache.ratis.server.impl.RaftServerImpl.submitClientRequestAsync(RaftServerImpl.java:723) ~[ratis-server-1.1.0-913f5a4-SNAPSHOT.jar:1.1.0-913f5a4-SNAPSHOT]
	at org.apache.ratis.server.impl.RaftServerProxy.lambda$submitClientRequestAsync$7(RaftServerProxy.java:364) ~[ratis-server-1.1.0-913f5a4-SNAPSHOT.jar:1.1.0-913f5a4-SNAPSHOT]
	at org.apache.ratis.server.impl.RaftServerProxy.lambda$null$5(RaftServerProxy.java:359) ~[ratis-server-1.1.0-913f5a4-SNAPSHOT.jar:1.1.0-913f5a4-SNAPSHOT]
	at org.apache.ratis.util.JavaUtils.callAsUnchecked(JavaUtils.java:116) ~[ratis-common-1.1.0-913f5a4-SNAPSHOT.jar:1.1.0-913f5a4-SNAPSHOT]
	at org.apache.ratis.server.impl.RaftServerProxy.lambda$submitRequest$6(RaftServerProxy.java:359) ~[ratis-server-1.1.0-913f5a4-SNAPSHOT.jar:1.1.0-913f5a4-SNAPSHOT]
	at java.util.concurrent.CompletableFuture.uniComposeStage(CompletableFuture.java:995) ~[?:1.8.0_232]
	at java.util.concurrent.CompletableFuture.thenCompose(CompletableFuture.java:2137) ~[?:1.8.0_232]
	at org.apache.ratis.server.impl.RaftServerProxy.submitRequest(RaftServerProxy.java:358) ~[ratis-server-1.1.0-913f5a4-SNAPSHOT.jar:1.1.0-913f5a4-SNAPSHOT]
	at org.apache.ratis.server.impl.RaftServerProxy.submitClientRequestAsync(RaftServerProxy.java:364) ~[ratis-server-1.1.0-913f5a4-SNAPSHOT.jar:1.1.0-913f5a4-SNAPSHOT]
	at org.apache.ratis.grpc.client.GrpcClientProtocolService$RequestStreamObserver.processClientRequest(GrpcClientProtocolService.java:231) ~[ratis-grpc-1.1.0-913f5a4-SNAPSHOT.jar:1.1.0-913f5a4-SNAPSHOT]
	at org.apache.ratis.grpc.client.GrpcClientProtocolService$OrderedRequestStreamObserver.processClientRequest(GrpcClientProtocolService.java:337) ~[ratis-grpc-1.1.0-913f5a4-SNAPSHOT.jar:1.1.0-913f5a4-SNAPSHOT]
	at org.apache.ratis.util.SlidingWindow$Server.processRequestsFromHead(SlidingWindow.java:429) [ratis-common-1.1.0-913f5a4-SNAPSHOT.jar:1.1.0-913f5a4-SNAPSHOT]
	at org.apache.ratis.util.SlidingWindow$Server.receivedRequest(SlidingWindow.java:421) [ratis-common-1.1.0-913f5a4-SNAPSHOT.jar:1.1.0-913f5a4-SNAPSHOT]
	at org.apache.ratis.grpc.client.GrpcClientProtocolService$OrderedRequestStreamObserver.processClientRequest(GrpcClientProtocolService.java:361) [ratis-grpc-1.1.0-913f5a4-SNAPSHOT.jar:1.1.0-913f5a4-SNAPSHOT]
	at org.apache.ratis.grpc.client.GrpcClientProtocolService$RequestStreamObserver.onNext(GrpcClientProtocolService.java:251) [ratis-grpc-1.1.0-913f5a4-SNAPSHOT.jar:1.1.0-913f5a4-SNAPSHOT]
	at org.apache.ratis.grpc.client.GrpcClientProtocolService$RequestStreamObserver.onNext(GrpcClientProtocolService.java:174) [ratis-grpc-1.1.0-913f5a4-SNAPSHOT.jar:1.1.0-913f5a4-SNAPSHOT]
	at org.apache.ratis.thirdparty.io.grpc.stub.ServerCalls$StreamingServerCallHandler$StreamingServerCallListener.onMessage(ServerCalls.java:251) [ratis-thirdparty-misc-0.6.0-SNAPSHOT.jar:0.6.0-SNAPSHOT]
	at org.apache.ratis.thirdparty.io.grpc.ForwardingServerCallListener.onMessage(ForwardingServerCallListener.java:33) [ratis-thirdparty-misc-0.6.0-SNAPSHOT.jar:0.6.0-SNAPSHOT]
	at org.apache.ratis.thirdparty.io.grpc.internal.ServerCallImpl$ServerStreamListenerImpl.messagesAvailableInternal(ServerCallImpl.java:309) [ratis-thirdparty-misc-0.6.0-SNAPSHOT.jar:0.6.0-SNAPSHOT]
	at org.apache.ratis.thirdparty.io.grpc.internal.ServerCallImpl$ServerStreamListenerImpl.messagesAvailable(ServerCallImpl.java:292) [ratis-thirdparty-misc-0.6.0-SNAPSHOT.jar:0.6.0-SNAPSHOT]
	at org.apache.ratis.thirdparty.io.grpc.internal.ServerImpl$JumpToApplicationThreadServerStreamListener$1MessagesAvailable.runInContext(ServerImpl.java:783) [ratis-thirdparty-misc-0.6.0-SNAPSHOT.jar:0.6.0-SNAPSHOT]
	at org.apache.ratis.thirdparty.io.grpc.internal.ContextRunnable.run(ContextRunnable.java:37) [ratis-thirdparty-misc-0.6.0-SNAPSHOT.jar:0.6.0-SNAPSHOT]
	at org.apache.ratis.thirdparty.io.grpc.internal.SerializingExecutor.run(SerializingExecutor.java:123) [ratis-thirdparty-misc-0.6.0-SNAPSHOT.jar:0.6.0-SNAPSHOT]
	at java.util.concurrent.ThreadPoolExecutor.runWorker(ThreadPoolExecutor.java:1149) [?:1.8.0_232]
	at java.util.concurrent.ThreadPoolExecutor$Worker.run(ThreadPoolExecutor.java:624) [?:1.8.0_232]
	at java.lang.Thread.run(Thread.java:748) [?:1.8.0_232]
14:46:56.239 [grpc-default-executor-0] ERROR DNAudit - user=null | ip=null | op=PUT_BLOCK {blockData=[blockId=conID: 3 locID: 105345109662367749 bcsId: 0,size=400]} | ret=FAILURE
org.apache.hadoop.hdds.scm.container.common.helpers.ContainerNotOpenException: Container 3 in CLOSED state
	at org.apache.hadoop.ozone.container.common.impl.HddsDispatcher.validateContainerCommand(HddsDispatcher.java:484) ~[hadoop-hdds-container-service-1.1.0-SNAPSHOT.jar:?]
	at org.apache.hadoop.ozone.container.common.transport.server.ratis.ContainerStateMachine.startTransaction(ContainerStateMachine.java:319) ~[hadoop-hdds-container-service-1.1.0-SNAPSHOT.jar:?]
	at org.apache.ratis.server.impl.RaftServerImpl.submitClientRequestAsync(RaftServerImpl.java:723) ~[ratis-server-1.1.0-913f5a4-SNAPSHOT.jar:1.1.0-913f5a4-SNAPSHOT]
	at org.apache.ratis.server.impl.RaftServerProxy.lambda$submitClientRequestAsync$7(RaftServerProxy.java:364) ~[ratis-server-1.1.0-913f5a4-SNAPSHOT.jar:1.1.0-913f5a4-SNAPSHOT]
	at org.apache.ratis.server.impl.RaftServerProxy.lambda$null$5(RaftServerProxy.java:359) ~[ratis-server-1.1.0-913f5a4-SNAPSHOT.jar:1.1.0-913f5a4-SNAPSHOT]
	at org.apache.ratis.util.JavaUtils.callAsUnchecked(JavaUtils.java:116) ~[ratis-common-1.1.0-913f5a4-SNAPSHOT.jar:1.1.0-913f5a4-SNAPSHOT]
	at org.apache.ratis.server.impl.RaftServerProxy.lambda$submitRequest$6(RaftServerProxy.java:359) ~[ratis-server-1.1.0-913f5a4-SNAPSHOT.jar:1.1.0-913f5a4-SNAPSHOT]
	at java.util.concurrent.CompletableFuture.uniComposeStage(CompletableFuture.java:995) ~[?:1.8.0_232]
	at java.util.concurrent.CompletableFuture.thenCompose(CompletableFuture.java:2137) ~[?:1.8.0_232]
	at org.apache.ratis.server.impl.RaftServerProxy.submitRequest(RaftServerProxy.java:358) ~[ratis-server-1.1.0-913f5a4-SNAPSHOT.jar:1.1.0-913f5a4-SNAPSHOT]
	at org.apache.ratis.server.impl.RaftServerProxy.submitClientRequestAsync(RaftServerProxy.java:364) ~[ratis-server-1.1.0-913f5a4-SNAPSHOT.jar:1.1.0-913f5a4-SNAPSHOT]
	at org.apache.ratis.grpc.client.GrpcClientProtocolService$RequestStreamObserver.processClientRequest(GrpcClientProtocolService.java:231) ~[ratis-grpc-1.1.0-913f5a4-SNAPSHOT.jar:1.1.0-913f5a4-SNAPSHOT]
	at org.apache.ratis.grpc.client.GrpcClientProtocolService$OrderedRequestStreamObserver.processClientRequest(GrpcClientProtocolService.java:337) ~[ratis-grpc-1.1.0-913f5a4-SNAPSHOT.jar:1.1.0-913f5a4-SNAPSHOT]
	at org.apache.ratis.util.SlidingWindow$Server.processRequestsFromHead(SlidingWindow.java:429) [ratis-common-1.1.0-913f5a4-SNAPSHOT.jar:1.1.0-913f5a4-SNAPSHOT]
	at org.apache.ratis.util.SlidingWindow$Server.receivedRequest(SlidingWindow.java:421) [ratis-common-1.1.0-913f5a4-SNAPSHOT.jar:1.1.0-913f5a4-SNAPSHOT]
	at org.apache.ratis.grpc.client.GrpcClientProtocolService$OrderedRequestStreamObserver.processClientRequest(GrpcClientProtocolService.java:361) [ratis-grpc-1.1.0-913f5a4-SNAPSHOT.jar:1.1.0-913f5a4-SNAPSHOT]
	at org.apache.ratis.grpc.client.GrpcClientProtocolService$RequestStreamObserver.onNext(GrpcClientProtocolService.java:251) [ratis-grpc-1.1.0-913f5a4-SNAPSHOT.jar:1.1.0-913f5a4-SNAPSHOT]
	at org.apache.ratis.grpc.client.GrpcClientProtocolService$RequestStreamObserver.onNext(GrpcClientProtocolService.java:174) [ratis-grpc-1.1.0-913f5a4-SNAPSHOT.jar:1.1.0-913f5a4-SNAPSHOT]
	at org.apache.ratis.thirdparty.io.grpc.stub.ServerCalls$StreamingServerCallHandler$StreamingServerCallListener.onMessage(ServerCalls.java:251) [ratis-thirdparty-misc-0.6.0-SNAPSHOT.jar:0.6.0-SNAPSHOT]
	at org.apache.ratis.thirdparty.io.grpc.ForwardingServerCallListener.onMessage(ForwardingServerCallListener.java:33) [ratis-thirdparty-misc-0.6.0-SNAPSHOT.jar:0.6.0-SNAPSHOT]
	at org.apache.ratis.thirdparty.io.grpc.internal.ServerCallImpl$ServerStreamListenerImpl.messagesAvailableInternal(ServerCallImpl.java:309) [ratis-thirdparty-misc-0.6.0-SNAPSHOT.jar:0.6.0-SNAPSHOT]
	at org.apache.ratis.thirdparty.io.grpc.internal.ServerCallImpl$ServerStreamListenerImpl.messagesAvailable(ServerCallImpl.java:292) [ratis-thirdparty-misc-0.6.0-SNAPSHOT.jar:0.6.0-SNAPSHOT]
	at org.apache.ratis.thirdparty.io.grpc.internal.ServerImpl$JumpToApplicationThreadServerStreamListener$1MessagesAvailable.runInContext(ServerImpl.java:783) [ratis-thirdparty-misc-0.6.0-SNAPSHOT.jar:0.6.0-SNAPSHOT]
	at org.apache.ratis.thirdparty.io.grpc.internal.ContextRunnable.run(ContextRunnable.java:37) [ratis-thirdparty-misc-0.6.0-SNAPSHOT.jar:0.6.0-SNAPSHOT]
	at org.apache.ratis.thirdparty.io.grpc.internal.SerializingExecutor.run(SerializingExecutor.java:123) [ratis-thirdparty-misc-0.6.0-SNAPSHOT.jar:0.6.0-SNAPSHOT]
	at java.util.concurrent.ThreadPoolExecutor.runWorker(ThreadPoolExecutor.java:1149) [?:1.8.0_232]
	at java.util.concurrent.ThreadPoolExecutor$Worker.run(ThreadPoolExecutor.java:624) [?:1.8.0_232]
	at java.lang.Thread.run(Thread.java:748) [?:1.8.0_232]
2020-12-08 14:46:56,253 [grpc-default-executor-0] ERROR storage.BlockOutputStream (BlockOutputStream.java:lambda$writeChunkToContainer$3(677)) - writing chunk failed 105345109662367749_chunk_2 blockID conID: 3 locID: 105345109662367749 bcsId: 0 with exception org.apache.ratis.protocol.exceptions.StateMachineException: org.apache.hadoop.hdds.scm.container.common.helpers.ContainerNotOpenException from Server 56e78f60-04c2-4b0b-90ce-c38122db5462@group-8B94E86A2CF7: Container 3 in CLOSED state
2020-12-08 14:46:56,259 [grpc-default-executor-0] ERROR storage.BlockOutputStream (BlockOutputStream.java:lambda$writeChunkToContainer$3(677)) - writing chunk failed 105345109662367749_chunk_3 blockID conID: 3 locID: 105345109662367749 bcsId: 0 with exception org.apache.ratis.protocol.exceptions.StateMachineException: org.apache.hadoop.hdds.scm.container.common.helpers.ContainerNotOpenException from Server 56e78f60-04c2-4b0b-90ce-c38122db5462@group-8B94E86A2CF7: Container 3 in CLOSED state
2020-12-08 14:46:56,265 [grpc-default-executor-0] ERROR storage.BlockOutputStream (BlockOutputStream.java:lambda$writeChunkToContainer$3(677)) - writing chunk failed 105345109662367749_chunk_4 blockID conID: 3 locID: 105345109662367749 bcsId: 0 with exception org.apache.ratis.protocol.exceptions.StateMachineException: org.apache.hadoop.hdds.scm.container.common.helpers.ContainerNotOpenException from Server 56e78f60-04c2-4b0b-90ce-c38122db5462@group-8B94E86A2CF7: Container 3 in CLOSED state
2020-12-08 14:46:56,268 [Listener at 127.0.0.1/38785] INFO  io.BlockOutputStreamEntryPool (BlockOutputStreamEntryPool.java:allocateNewBlock(241)) - Allocating block with ExcludeList {datanodes = [], containerIds = [#1, #2, #3], pipelineIds = []}
2020-12-08 14:46:56,274 [Listener at 127.0.0.1/38785] INFO  metrics.RatisMetrics (RatisMetrics.java:lambda$create$0(36)) - Creating Metrics Registry : ratis.client_message_metrics.client-C9273239B440->96090a9c-2d18-4831-8bfc-5d3d956af2b2
2020-12-08 14:46:56,358 [Listener at 127.0.0.1/38785] INFO  ozone.MiniOzoneClusterImpl (MiniOzoneClusterImpl.java:shutdown(388)) - Shutting down the Mini Ozone Cluster
2020-12-08 14:46:56,358 [Listener at 127.0.0.1/38785] INFO  ozone.MiniOzoneClusterImpl (MiniOzoneClusterImpl.java:stop(403)) - Stopping the Mini Ozone Cluster
2020-12-08 14:46:56,359 [Listener at 127.0.0.1/38785] INFO  ozone.MiniOzoneClusterImpl (MiniOzoneClusterImpl.java:stopOM(485)) - Stopping the OzoneManager
2020-12-08 14:46:56,359 [Listener at 127.0.0.1/38785] INFO  ipc.Server (Server.java:stop(3359)) - Stopping server on 38785
2020-12-08 14:46:56,361 [IPC Server listener on 0] INFO  ipc.Server (Server.java:run(1330)) - Stopping IPC Server listener on 0
2020-12-08 14:46:56,362 [Listener at 127.0.0.1/38785] INFO  ratis.OzoneManagerDoubleBuffer (OzoneManagerDoubleBuffer.java:stop(457)) - Stopping OMDoubleBuffer flush thread
2020-12-08 14:46:56,362 [IPC Server Responder] INFO  ipc.Server (Server.java:run(1465)) - Stopping IPC Server Responder
2020-12-08 14:46:56,362 [OMDoubleBufferFlushThread] INFO  ratis.OzoneManagerDoubleBuffer (OzoneManagerDoubleBuffer.java:flushTransactions(356)) - OMDoubleBuffer flush thread OMDoubleBufferFlushThread is interrupted and will exit. OMDoubleBufferFlushThread
2020-12-08 14:46:56,363 [Listener at 127.0.0.1/38785] INFO  utils.BackgroundService (BackgroundService.java:shutdown(132)) - Shutting down service KeyDeletingService
2020-12-08 14:46:56,366 [Listener at 127.0.0.1/38785] INFO  handler.ContextHandler (ContextHandler.java:doStop(1154)) - Stopped o.e.j.w.WebAppContext@1818da9{ozoneManager,/,null,STOPPED}{file:/github/workspace/mnt/ozone/hadoop-ozone/integration-test/target/test-classes/webapps/ozoneManager}
2020-12-08 14:46:56,368 [Listener at 127.0.0.1/38785] INFO  server.AbstractConnector (AbstractConnector.java:doStop(381)) - Stopped ServerConnector@5304210b{HTTP/1.1, (http/1.1)}{0.0.0.0:0}
2020-12-08 14:46:56,368 [Listener at 127.0.0.1/38785] INFO  server.session (HouseKeeper.java:stopScavenging(149)) - node0 Stopped scavenging
2020-12-08 14:46:56,368 [Listener at 127.0.0.1/38785] INFO  handler.ContextHandler (ContextHandler.java:doStop(1154)) - Stopped o.e.j.s.ServletContextHandler@40e5d4fc{static,/static,file:///github/workspace/mnt/ozone/hadoop-ozone/integration-test/target/test-classes/webapps/static,STOPPED}
2020-12-08 14:46:56,368 [Listener at 127.0.0.1/38785] INFO  handler.ContextHandler (ContextHandler.java:doStop(1154)) - Stopped o.e.j.s.ServletContextHandler@335d9f4b{logs,/logs,file:///github/workspace/mnt/ozone/hadoop-ozone/integration-test/target/log,STOPPED}
2020-12-08 14:46:56,371 [Listener at 127.0.0.1/38785] INFO  ozone.MiniOzoneClusterImpl (MiniOzoneClusterImpl.java:stopDatanodes(462)) - Stopping the HddsDatanodes
2020-12-08 14:46:56,652 [Datanode State Machine Thread - 0] INFO  statemachine.DatanodeStateMachine (DatanodeStateMachine.java:lambda$startDaemon$0(408)) - Ozone container server started.
2020-12-08 14:46:57,320 [Datanode State Machine Thread - 0] INFO  statemachine.DatanodeStateMachine (DatanodeStateMachine.java:lambda$startDaemon$0(408)) - Ozone container server started.
2020-12-08 14:47:00,376 [org.apache.ratis.server.JvmPauseMonitor@3746d0ec-Monitor] WARN  server.JvmPauseMonitor (JvmPauseMonitor.java:run(141)) - Detected pause in JVM or host machine (eg GC): pause of approximately 1ms
No GCs detected
2020-12-08 14:47:01,372 [ForkJoinPool.commonPool-worker-0] INFO  ozoneimpl.OzoneContainer (OzoneContainer.java:stop(257)) - Attempting to stop container services.
2020-12-08 14:47:01,372 [Listener at 127.0.0.1/38785] INFO  ozoneimpl.OzoneContainer (OzoneContainer.java:stop(257)) - Attempting to stop container services.
2020-12-08 14:47:01,372 [Listener at 127.0.0.1/38785] INFO  impl.RaftServerProxy (RaftServerProxy.java:lambda$close$4(338)) - 197ed019-3b66-4a5a-8ebb-716a9f0e2ab5: close
2020-12-08 14:47:01,373 [Listener at 127.0.0.1/38785] INFO  impl.RaftServerImpl (RaftServerImpl.java:lambda$shutdown$3(328)) - 197ed019-3b66-4a5a-8ebb-716a9f0e2ab5@group-37E6DBA041D2: shutdown
2020-12-08 14:47:01,373 [Listener at 127.0.0.1/38785] INFO  util.JmxRegister (JmxRegister.java:unregister(73)) - Successfully un-registered JMX Bean with object name Ratis:service=RaftServer,group=group-37E6DBA041D2,id=197ed019-3b66-4a5a-8ebb-716a9f0e2ab5
2020-12-08 14:47:01,373 [Listener at 127.0.0.1/38785] INFO  impl.RoleInfo (RoleInfo.java:shutdownLeaderState(104)) - 197ed019-3b66-4a5a-8ebb-716a9f0e2ab5: shutdown 197ed019-3b66-4a5a-8ebb-716a9f0e2ab5@group-37E6DBA041D2-LeaderState
2020-12-08 14:47:01,374 [Listener at 127.0.0.1/38785] INFO  metrics.RatisMetrics (RatisMetrics.java:unregister(43)) - Unregistering Metrics Registry : ratis_grpc.log_appender.197ed019-3b66-4a5a-8ebb-716a9f0e2ab5@group-37E6DBA041D2
2020-12-08 14:47:01,374 [Listener at 127.0.0.1/38785] INFO  metrics.RatisMetrics (RatisMetrics.java:unregister(43)) - Unregistering Metrics Registry : ratis_grpc.log_appender.197ed019-3b66-4a5a-8ebb-716a9f0e2ab5@group-37E6DBA041D2
2020-12-08 14:47:01,374 [org.apache.ratis.server.impl.LogAppender$AppenderDaemon$$Lambda$461/1797920462@5296344f] WARN  server.GrpcLogAppender (GrpcLogAppender.java:mayWait(168)) - 197ed019-3b66-4a5a-8ebb-716a9f0e2ab5@group-37E6DBA041D2->bba845ab-d614-4a63-bf49-d4775724033f-GrpcLogAppender: Wait interrupted by java.lang.InterruptedException
2020-12-08 14:47:01,375 [ForkJoinPool.commonPool-worker-0] INFO  impl.RaftServerProxy (RaftServerProxy.java:lambda$close$4(338)) - 96090a9c-2d18-4831-8bfc-5d3d956af2b2: close
2020-12-08 14:47:01,375 [ForkJoinPool.commonPool-worker-0] INFO  impl.RaftServerImpl (RaftServerImpl.java:lambda$shutdown$3(328)) - 96090a9c-2d18-4831-8bfc-5d3d956af2b2@group-97FDB82827D5: shutdown
2020-12-08 14:47:01,374 [Listener at 127.0.0.1/38785] INFO  impl.PendingRequests (PendingRequests.java:sendNotLeaderResponses(250)) - 197ed019-3b66-4a5a-8ebb-716a9f0e2ab5@group-37E6DBA041D2-PendingRequests: sendNotLeaderResponses
2020-12-08 14:47:01,374 [org.apache.ratis.server.impl.LogAppender$AppenderDaemon$$Lambda$461/1797920462@97ca765] WARN  server.GrpcLogAppender (GrpcLogAppender.java:mayWait(168)) - 197ed019-3b66-4a5a-8ebb-716a9f0e2ab5@group-37E6DBA041D2->e06d1ff1-a20f-4588-91bb-f8f9c9d2192c-GrpcLogAppender: Wait interrupted by java.lang.InterruptedException
2020-12-08 14:47:01,376 [grpc-default-executor-0] INFO  server.GrpcServerProtocolService (GrpcServerProtocolService.java:onCompleted(138)) - bba845ab-d614-4a63-bf49-d4775724033f: Completed APPEND_ENTRIES, lastRequest: 197ed019-3b66-4a5a-8ebb-716a9f0e2ab5->bba845ab-d614-4a63-bf49-d4775724033f#1-t1, previous=(t:0, i:0), leaderCommit=-1, initializing? false, entries: size=1, first=(t:1, i:0), CONFIGURATIONENTRY
2020-12-08 14:47:01,376 [Listener at 127.0.0.1/38785] INFO  metrics.RatisMetrics (RatisMetrics.java:unregister(43)) - Unregistering Metrics Registry : ratis.log_appender.197ed019-3b66-4a5a-8ebb-716a9f0e2ab5@group-37E6DBA041D2
2020-12-08 14:47:01,376 [ForkJoinPool.commonPool-worker-0] INFO  util.JmxRegister (JmxRegister.java:unregister(73)) - Successfully un-registered JMX Bean with object name Ratis:service=RaftServer,group=group-97FDB82827D5,id=96090a9c-2d18-4831-8bfc-5d3d956af2b2
2020-12-08 14:47:01,378 [ForkJoinPool.commonPool-worker-0] INFO  impl.RoleInfo (RoleInfo.java:shutdownLeaderState(104)) - 96090a9c-2d18-4831-8bfc-5d3d956af2b2: shutdown 96090a9c-2d18-4831-8bfc-5d3d956af2b2@group-97FDB82827D5-LeaderState
2020-12-08 14:47:01,378 [ForkJoinPool.commonPool-worker-0] INFO  impl.PendingRequests (PendingRequests.java:sendNotLeaderResponses(250)) - 96090a9c-2d18-4831-8bfc-5d3d956af2b2@group-97FDB82827D5-PendingRequests: sendNotLeaderResponses
2020-12-08 14:47:01,378 [Listener at 127.0.0.1/38785] INFO  metrics.RatisMetrics (RatisMetrics.java:unregister(43)) - Unregistering Metrics Registry : ratis.server.197ed019-3b66-4a5a-8ebb-716a9f0e2ab5@group-37E6DBA041D2
2020-12-08 14:47:01,378 [grpc-default-executor-1] INFO  server.GrpcServerProtocolService (GrpcServerProtocolService.java:onCompleted(138)) - e06d1ff1-a20f-4588-91bb-f8f9c9d2192c: Completed APPEND_ENTRIES, lastRequest: 197ed019-3b66-4a5a-8ebb-716a9f0e2ab5->e06d1ff1-a20f-4588-91bb-f8f9c9d2192c#1-t1, previous=(t:0, i:0), leaderCommit=0, initializing? false, entries: size=1, first=(t:1, i:0), CONFIGURATIONENTRY
2020-12-08 14:47:01,378 [grpc-default-executor-0] INFO  server.GrpcLogAppender (GrpcLogAppender.java:onCompleted(337)) - 197ed019-3b66-4a5a-8ebb-716a9f0e2ab5@group-37E6DBA041D2->bba845ab-d614-4a63-bf49-d4775724033f-AppendLogResponseHandler: follower responses appendEntries COMPLETED
2020-12-08 14:47:01,382 [grpc-default-executor-0] INFO  impl.FollowerInfo (FollowerInfo.java:lambda$new$0(51)) - 197ed019-3b66-4a5a-8ebb-716a9f0e2ab5@group-37E6DBA041D2->bba845ab-d614-4a63-bf49-d4775724033f: nextIndex: updateUnconditionally 1 -> 0
2020-12-08 14:47:01,382 [grpc-default-executor-1] INFO  server.GrpcLogAppender (GrpcLogAppender.java:onCompleted(337)) - 197ed019-3b66-4a5a-8ebb-716a9f0e2ab5@group-37E6DBA041D2->e06d1ff1-a20f-4588-91bb-f8f9c9d2192c-AppendLogResponseHandler: follower responses appendEntries COMPLETED
2020-12-08 14:47:01,381 [ForkJoinPool.commonPool-worker-0] INFO  metrics.RatisMetrics (RatisMetrics.java:unregister(43)) - Unregistering Metrics Registry : ratis.log_appender.96090a9c-2d18-4831-8bfc-5d3d956af2b2@group-97FDB82827D5
2020-12-08 14:47:01,383 [ForkJoinPool.commonPool-worker-0] INFO  metrics.RatisMetrics (RatisMetrics.java:unregister(43)) - Unregistering Metrics Registry : ratis.server.96090a9c-2d18-4831-8bfc-5d3d956af2b2@group-97FDB82827D5
2020-12-08 14:47:01,383 [Listener at 127.0.0.1/38785] INFO  impl.StateMachineUpdater (StateMachineUpdater.java:stopAndJoin(147)) - 197ed019-3b66-4a5a-8ebb-716a9f0e2ab5@group-37E6DBA041D2-StateMachineUpdater: set stopIndex = 0
2020-12-08 14:47:01,382 [grpc-default-executor-1] INFO  impl.FollowerInfo (FollowerInfo.java:lambda$new$0(51)) - 197ed019-3b66-4a5a-8ebb-716a9f0e2ab5@group-37E6DBA041D2->e06d1ff1-a20f-4588-91bb-f8f9c9d2192c: nextIndex: updateUnconditionally 1 -> 0
2020-12-08 14:47:01,389 [197ed019-3b66-4a5a-8ebb-716a9f0e2ab5@group-37E6DBA041D2-StateMachineUpdater] INFO  ratis.ContainerStateMachine (ContainerStateMachine.java:takeSnapshot(293)) - group-37E6DBA041D2: Taking a snapshot at:(t:1, i:0) file /github/workspace/mnt/ozone/hadoop-ozone/integration-test/target/test-dir/MiniOzoneClusterImpl-cfd0bfd1-2e20-40f2-b3a5-c30c0e76baf6/datanode-4/data/ratis/b06d860b-ea87-4438-ac4a-37e6dba041d2/sm/snapshot.1_0
2020-12-08 14:47:01,389 [96090a9c-2d18-4831-8bfc-5d3d956af2b2@group-97FDB82827D5-StateMachineUpdater] INFO  ratis.ContainerStateMachine (ContainerStateMachine.java:takeSnapshot(293)) - group-97FDB82827D5: Taking a snapshot at:(t:1, i:10) file /github/workspace/mnt/ozone/hadoop-ozone/integration-test/target/test-dir/MiniOzoneClusterImpl-cfd0bfd1-2e20-40f2-b3a5-c30c0e76baf6/datanode-1/data/ratis/f2b1e072-b900-4449-9412-97fdb82827d5/sm/snapshot.1_10
2020-12-08 14:47:01,390 [197ed019-3b66-4a5a-8ebb-716a9f0e2ab5@group-37E6DBA041D2-StateMachineUpdater] INFO  ratis.ContainerStateMachine (ContainerStateMachine.java:takeSnapshot(304)) - group-37E6DBA041D2: Finished taking a snapshot at:(t:1, i:0) file:/github/workspace/mnt/ozone/hadoop-ozone/integration-test/target/test-dir/MiniOzoneClusterImpl-cfd0bfd1-2e20-40f2-b3a5-c30c0e76baf6/datanode-4/data/ratis/b06d860b-ea87-4438-ac4a-37e6dba041d2/sm/snapshot.1_0 time:1
2020-12-08 14:47:01,390 [197ed019-3b66-4a5a-8ebb-716a9f0e2ab5@group-37E6DBA041D2-StateMachineUpdater] INFO  impl.StateMachineUpdater (StateMachineUpdater.java:takeSnapshot(278)) - 197ed019-3b66-4a5a-8ebb-716a9f0e2ab5@group-37E6DBA041D2-StateMachineUpdater: Took a snapshot at index 0
2020-12-08 14:47:01,390 [197ed019-3b66-4a5a-8ebb-716a9f0e2ab5@group-37E6DBA041D2-StateMachineUpdater] INFO  impl.StateMachineUpdater (StateMachineUpdater.java:lambda$new$0(87)) - 197ed019-3b66-4a5a-8ebb-716a9f0e2ab5@group-37E6DBA041D2-StateMachineUpdater: snapshotIndex: updateIncreasingly -1 -> 0
2020-12-08 14:47:01,390 [197ed019-3b66-4a5a-8ebb-716a9f0e2ab5@group-37E6DBA041D2-StateMachineUpdater] INFO  metrics.RatisMetrics (RatisMetrics.java:unregister(43)) - Unregistering Metrics Registry : ratis.state_machine.197ed019-3b66-4a5a-8ebb-716a9f0e2ab5@group-37E6DBA041D2
2020-12-08 14:47:01,391 [Listener at 127.0.0.1/38785] INFO  impl.RaftServerImpl (ServerState.java:close(406)) - 197ed019-3b66-4a5a-8ebb-716a9f0e2ab5@group-37E6DBA041D2: closes. applyIndex: 0
2020-12-08 14:47:01,391 [ForkJoinPool.commonPool-worker-0] INFO  impl.StateMachineUpdater (StateMachineUpdater.java:stopAndJoin(147)) - 96090a9c-2d18-4831-8bfc-5d3d956af2b2@group-97FDB82827D5-StateMachineUpdater: set stopIndex = 10
2020-12-08 14:47:01,391 [96090a9c-2d18-4831-8bfc-5d3d956af2b2@group-97FDB82827D5-StateMachineUpdater] INFO  ratis.ContainerStateMachine (ContainerStateMachine.java:takeSnapshot(304)) - group-97FDB82827D5: Finished taking a snapshot at:(t:1, i:10) file:/github/workspace/mnt/ozone/hadoop-ozone/integration-test/target/test-dir/MiniOzoneClusterImpl-cfd0bfd1-2e20-40f2-b3a5-c30c0e76baf6/datanode-1/data/ratis/f2b1e072-b900-4449-9412-97fdb82827d5/sm/snapshot.1_10 time:1
2020-12-08 14:47:01,391 [96090a9c-2d18-4831-8bfc-5d3d956af2b2@group-97FDB82827D5-StateMachineUpdater] INFO  impl.StateMachineUpdater (StateMachineUpdater.java:takeSnapshot(278)) - 96090a9c-2d18-4831-8bfc-5d3d956af2b2@group-97FDB82827D5-StateMachineUpdater: Took a snapshot at index 10
2020-12-08 14:47:01,391 [96090a9c-2d18-4831-8bfc-5d3d956af2b2@group-97FDB82827D5-StateMachineUpdater] INFO  impl.StateMachineUpdater (StateMachineUpdater.java:lambda$new$0(87)) - 96090a9c-2d18-4831-8bfc-5d3d956af2b2@group-97FDB82827D5-StateMachineUpdater: snapshotIndex: updateIncreasingly -1 -> 10
2020-12-08 14:47:01,391 [96090a9c-2d18-4831-8bfc-5d3d956af2b2@group-97FDB82827D5-StateMachineUpdater] INFO  metrics.RatisMetrics (RatisMetrics.java:unregister(43)) - Unregistering Metrics Registry : ratis.state_machine.96090a9c-2d18-4831-8bfc-5d3d956af2b2@group-97FDB82827D5
2020-12-08 14:47:01,391 [197ed019-3b66-4a5a-8ebb-716a9f0e2ab5@group-37E6DBA041D2-SegmentedRaftLogWorker] INFO  segmented.SegmentedRaftLogWorker (SegmentedRaftLogWorker.java:run(329)) - 197ed019-3b66-4a5a-8ebb-716a9f0e2ab5@group-37E6DBA041D2-SegmentedRaftLogWorker was interrupted, exiting. There are 0 tasks remaining in the queue.
2020-12-08 14:47:01,393 [ForkJoinPool.commonPool-worker-0] INFO  impl.RaftServerImpl (ServerState.java:close(406)) - 96090a9c-2d18-4831-8bfc-5d3d956af2b2@group-97FDB82827D5: closes. applyIndex: 10
2020-12-08 14:47:01,393 [Listener at 127.0.0.1/38785] INFO  segmented.SegmentedRaftLogWorker (SegmentedRaftLogWorker.java:close(235)) - 197ed019-3b66-4a5a-8ebb-716a9f0e2ab5@group-37E6DBA041D2-SegmentedRaftLogWorker close()
2020-12-08 14:47:01,393 [96090a9c-2d18-4831-8bfc-5d3d956af2b2@group-97FDB82827D5-SegmentedRaftLogWorker] INFO  segmented.SegmentedRaftLogWorker (SegmentedRaftLogWorker.java:run(329)) - 96090a9c-2d18-4831-8bfc-5d3d956af2b2@group-97FDB82827D5-SegmentedRaftLogWorker was interrupted, exiting. There are 0 tasks remaining in the queue.
2020-12-08 14:47:01,399 [Listener at 127.0.0.1/38785] INFO  metrics.RatisMetrics (RatisMetrics.java:unregister(43)) - Unregistering Metrics Registry : ratis.log_worker.197ed019-3b66-4a5a-8ebb-716a9f0e2ab5@group-37E6DBA041D2
2020-12-08 14:47:01,399 [Listener at 127.0.0.1/38785] INFO  metrics.RatisMetrics (RatisMetrics.java:unregister(43)) - Unregistering Metrics Registry : ratis.leader_election.197ed019-3b66-4a5a-8ebb-716a9f0e2ab5@group-37E6DBA041D2
2020-12-08 14:47:01,399 [Listener at 127.0.0.1/38785] INFO  metrics.RatisMetrics (RatisMetrics.java:unregister(43)) - Unregistering Metrics Registry : ratis.server.197ed019-3b66-4a5a-8ebb-716a9f0e2ab5@group-37E6DBA041D2
2020-12-08 14:47:01,399 [org.apache.ratis.server.JvmPauseMonitor@447fa20-Monitor] WARN  server.JvmPauseMonitor (JvmPauseMonitor.java:run(141)) - Detected pause in JVM or host machine (eg GC): pause of approximately 4ms
No GCs detected
2020-12-08 14:47:01,400 [Listener at 127.0.0.1/38785] INFO  impl.RaftServerImpl (RaftServerImpl.java:lambda$shutdown$3(328)) - 197ed019-3b66-4a5a-8ebb-716a9f0e2ab5@group-65FFE85408C7: shutdown
2020-12-08 14:47:01,400 [Listener at 127.0.0.1/38785] INFO  util.JmxRegister (JmxRegister.java:unregister(73)) - Successfully un-registered JMX Bean with object name Ratis:service=RaftServer,group=group-65FFE85408C7,id=197ed019-3b66-4a5a-8ebb-716a9f0e2ab5
2020-12-08 14:47:01,400 [Listener at 127.0.0.1/38785] INFO  impl.RoleInfo (RoleInfo.java:shutdownLeaderState(104)) - 197ed019-3b66-4a5a-8ebb-716a9f0e2ab5: shutdown 197ed019-3b66-4a5a-8ebb-716a9f0e2ab5@group-65FFE85408C7-LeaderState
2020-12-08 14:47:01,400 [Listener at 127.0.0.1/38785] INFO  impl.PendingRequests (PendingRequests.java:sendNotLeaderResponses(250)) - 197ed019-3b66-4a5a-8ebb-716a9f0e2ab5@group-65FFE85408C7-PendingRequests: sendNotLeaderResponses
2020-12-08 14:47:01,400 [Listener at 127.0.0.1/38785] INFO  metrics.RatisMetrics (RatisMetrics.java:unregister(43)) - Unregistering Metrics Registry : ratis.log_appender.197ed019-3b66-4a5a-8ebb-716a9f0e2ab5@group-65FFE85408C7
2020-12-08 14:47:01,400 [Listener at 127.0.0.1/38785] INFO  metrics.RatisMetrics (RatisMetrics.java:unregister(43)) - Unregistering Metrics Registry : ratis.server.197ed019-3b66-4a5a-8ebb-716a9f0e2ab5@group-65FFE85408C7
2020-12-08 14:47:01,401 [Listener at 127.0.0.1/38785] INFO  impl.StateMachineUpdater (StateMachineUpdater.java:stopAndJoin(147)) - 197ed019-3b66-4a5a-8ebb-716a9f0e2ab5@group-65FFE85408C7-StateMachineUpdater: set stopIndex = 0
2020-12-08 14:47:01,403 [197ed019-3b66-4a5a-8ebb-716a9f0e2ab5@group-65FFE85408C7-StateMachineUpdater] INFO  ratis.ContainerStateMachine (ContainerStateMachine.java:takeSnapshot(293)) - group-65FFE85408C7: Taking a snapshot at:(t:1, i:0) file /github/workspace/mnt/ozone/hadoop-ozone/integration-test/target/test-dir/MiniOzoneClusterImpl-cfd0bfd1-2e20-40f2-b3a5-c30c0e76baf6/datanode-4/data/ratis/2c8f51b3-ea37-4368-9537-65ffe85408c7/sm/snapshot.1_0
2020-12-08 14:47:01,403 [ForkJoinPool.commonPool-worker-0] INFO  segmented.SegmentedRaftLogWorker (SegmentedRaftLogWorker.java:close(235)) - 96090a9c-2d18-4831-8bfc-5d3d956af2b2@group-97FDB82827D5-SegmentedRaftLogWorker close()
2020-12-08 14:47:01,403 [197ed019-3b66-4a5a-8ebb-716a9f0e2ab5@group-65FFE85408C7-StateMachineUpdater] INFO  ratis.ContainerStateMachine (ContainerStateMachine.java:takeSnapshot(304)) - group-65FFE85408C7: Finished taking a snapshot at:(t:1, i:0) file:/github/workspace/mnt/ozone/hadoop-ozone/integration-test/target/test-dir/MiniOzoneClusterImpl-cfd0bfd1-2e20-40f2-b3a5-c30c0e76baf6/datanode-4/data/ratis/2c8f51b3-ea37-4368-9537-65ffe85408c7/sm/snapshot.1_0 time:2
2020-12-08 14:47:01,403 [197ed019-3b66-4a5a-8ebb-716a9f0e2ab5@group-65FFE85408C7-StateMachineUpdater] INFO  impl.StateMachineUpdater (StateMachineUpdater.java:takeSnapshot(278)) - 197ed019-3b66-4a5a-8ebb-716a9f0e2ab5@group-65FFE85408C7-StateMachineUpdater: Took a snapshot at index 0
2020-12-08 14:47:01,404 [197ed019-3b66-4a5a-8ebb-716a9f0e2ab5@group-65FFE85408C7-StateMachineUpdater] INFO  impl.StateMachineUpdater (StateMachineUpdater.java:lambda$new$0(87)) - 197ed019-3b66-4a5a-8ebb-716a9f0e2ab5@group-65FFE85408C7-StateMachineUpdater: snapshotIndex: updateIncreasingly -1 -> 0
2020-12-08 14:47:01,404 [197ed019-3b66-4a5a-8ebb-716a9f0e2ab5@group-65FFE85408C7-StateMachineUpdater] INFO  metrics.RatisMetrics (RatisMetrics.java:unregister(43)) - Unregistering Metrics Registry : ratis.state_machine.197ed019-3b66-4a5a-8ebb-716a9f0e2ab5@group-65FFE85408C7
2020-12-08 14:47:01,404 [Listener at 127.0.0.1/38785] INFO  impl.RaftServerImpl (ServerState.java:close(406)) - 197ed019-3b66-4a5a-8ebb-716a9f0e2ab5@group-65FFE85408C7: closes. applyIndex: 0
2020-12-08 14:47:01,404 [197ed019-3b66-4a5a-8ebb-716a9f0e2ab5@group-65FFE85408C7-SegmentedRaftLogWorker] INFO  segmented.SegmentedRaftLogWorker (SegmentedRaftLogWorker.java:run(329)) - 197ed019-3b66-4a5a-8ebb-716a9f0e2ab5@group-65FFE85408C7-SegmentedRaftLogWorker was interrupted, exiting. There are 0 tasks remaining in the queue.
2020-12-08 14:47:01,407 [Listener at 127.0.0.1/38785] INFO  segmented.SegmentedRaftLogWorker (SegmentedRaftLogWorker.java:close(235)) - 197ed019-3b66-4a5a-8ebb-716a9f0e2ab5@group-65FFE85408C7-SegmentedRaftLogWorker close()
2020-12-08 14:47:01,408 [ForkJoinPool.commonPool-worker-0] INFO  metrics.RatisMetrics (RatisMetrics.java:unregister(43)) - Unregistering Metrics Registry : ratis.log_worker.96090a9c-2d18-4831-8bfc-5d3d956af2b2@group-97FDB82827D5
2020-12-08 14:47:01,408 [ForkJoinPool.commonPool-worker-0] INFO  metrics.RatisMetrics (RatisMetrics.java:unregister(43)) - Unregistering Metrics Registry : ratis.leader_election.96090a9c-2d18-4831-8bfc-5d3d956af2b2@group-97FDB82827D5
2020-12-08 14:47:01,408 [ForkJoinPool.commonPool-worker-0] INFO  metrics.RatisMetrics (RatisMetrics.java:unregister(43)) - Unregistering Metrics Registry : ratis.server.96090a9c-2d18-4831-8bfc-5d3d956af2b2@group-97FDB82827D5
2020-12-08 14:47:01,408 [ForkJoinPool.commonPool-worker-0] INFO  impl.RaftServerImpl (RaftServerImpl.java:lambda$shutdown$3(328)) - 96090a9c-2d18-4831-8bfc-5d3d956af2b2@group-AE8BFC6110D3: shutdown
2020-12-08 14:47:01,408 [ForkJoinPool.commonPool-worker-0] INFO  util.JmxRegister (JmxRegister.java:unregister(73)) - Successfully un-registered JMX Bean with object name Ratis:service=RaftServer,group=group-AE8BFC6110D3,id=96090a9c-2d18-4831-8bfc-5d3d956af2b2
2020-12-08 14:47:01,409 [ForkJoinPool.commonPool-worker-0] INFO  impl.RoleInfo (RoleInfo.java:shutdownFollowerState(121)) - 96090a9c-2d18-4831-8bfc-5d3d956af2b2: shutdown 96090a9c-2d18-4831-8bfc-5d3d956af2b2@group-AE8BFC6110D3-FollowerState
2020-12-08 14:47:01,409 [ForkJoinPool.commonPool-worker-0] INFO  impl.StateMachineUpdater (StateMachineUpdater.java:stopAndJoin(147)) - 96090a9c-2d18-4831-8bfc-5d3d956af2b2@group-AE8BFC6110D3-StateMachineUpdater: set stopIndex = 0
2020-12-08 14:47:01,409 [Thread-623] INFO  impl.FollowerState (FollowerState.java:run(137)) - 96090a9c-2d18-4831-8bfc-5d3d956af2b2@group-AE8BFC6110D3-FollowerState was interrupted: {}
java.lang.InterruptedException: sleep interrupted
	at java.lang.Thread.sleep(Native Method)
	at org.apache.ratis.util.JavaUtils.sleep(JavaUtils.java:250)
	at org.apache.ratis.server.impl.FollowerState.run(FollowerState.java:116)
2020-12-08 14:47:01,409 [96090a9c-2d18-4831-8bfc-5d3d956af2b2@group-AE8BFC6110D3-StateMachineUpdater] INFO  ratis.ContainerStateMachine (ContainerStateMachine.java:takeSnapshot(293)) - group-AE8BFC6110D3: Taking a snapshot at:(t:1, i:0) file /github/workspace/mnt/ozone/hadoop-ozone/integration-test/target/test-dir/MiniOzoneClusterImpl-cfd0bfd1-2e20-40f2-b3a5-c30c0e76baf6/datanode-1/data/ratis/2a4f07f3-31a7-4c26-acdb-ae8bfc6110d3/sm/snapshot.1_0
2020-12-08 14:47:01,412 [Listener at 127.0.0.1/38785] INFO  metrics.RatisMetrics (RatisMetrics.java:unregister(43)) - Unregistering Metrics Registry : ratis.log_worker.197ed019-3b66-4a5a-8ebb-716a9f0e2ab5@group-65FFE85408C7
2020-12-08 14:47:01,413 [Listener at 127.0.0.1/38785] INFO  metrics.RatisMetrics (RatisMetrics.java:unregister(43)) - Unregistering Metrics Registry : ratis.leader_election.197ed019-3b66-4a5a-8ebb-716a9f0e2ab5@group-65FFE85408C7
2020-12-08 14:47:01,413 [Listener at 127.0.0.1/38785] INFO  metrics.RatisMetrics (RatisMetrics.java:unregister(43)) - Unregistering Metrics Registry : ratis.server.197ed019-3b66-4a5a-8ebb-716a9f0e2ab5@group-65FFE85408C7
2020-12-08 14:47:01,413 [Listener at 127.0.0.1/38785] INFO  server.GrpcService (GrpcService.java:closeImpl(184)) - 197ed019-3b66-4a5a-8ebb-716a9f0e2ab5: shutdown server with port 37931 now
2020-12-08 14:47:01,413 [96090a9c-2d18-4831-8bfc-5d3d956af2b2@group-AE8BFC6110D3-StateMachineUpdater] INFO  ratis.ContainerStateMachine (ContainerStateMachine.java:takeSnapshot(304)) - group-AE8BFC6110D3: Finished taking a snapshot at:(t:1, i:0) file:/github/workspace/mnt/ozone/hadoop-ozone/integration-test/target/test-dir/MiniOzoneClusterImpl-cfd0bfd1-2e20-40f2-b3a5-c30c0e76baf6/datanode-1/data/ratis/2a4f07f3-31a7-4c26-acdb-ae8bfc6110d3/sm/snapshot.1_0 time:4
2020-12-08 14:47:01,414 [96090a9c-2d18-4831-8bfc-5d3d956af2b2@group-AE8BFC6110D3-StateMachineUpdater] INFO  impl.StateMachineUpdater (StateMachineUpdater.java:takeSnapshot(278)) - 96090a9c-2d18-4831-8bfc-5d3d956af2b2@group-AE8BFC6110D3-StateMachineUpdater: Took a snapshot at index 0
2020-12-08 14:47:01,414 [96090a9c-2d18-4831-8bfc-5d3d956af2b2@group-AE8BFC6110D3-StateMachineUpdater] INFO  impl.StateMachineUpdater (StateMachineUpdater.java:lambda$new$0(87)) - 96090a9c-2d18-4831-8bfc-5d3d956af2b2@group-AE8BFC6110D3-StateMachineUpdater: snapshotIndex: updateIncreasingly -1 -> 0
2020-12-08 14:47:01,414 [96090a9c-2d18-4831-8bfc-5d3d956af2b2@group-AE8BFC6110D3-StateMachineUpdater] INFO  metrics.RatisMetrics (RatisMetrics.java:unregister(43)) - Unregistering Metrics Registry : ratis.state_machine.96090a9c-2d18-4831-8bfc-5d3d956af2b2@group-AE8BFC6110D3
2020-12-08 14:47:01,415 [ForkJoinPool.commonPool-worker-0] INFO  impl.RaftServerImpl (ServerState.java:close(406)) - 96090a9c-2d18-4831-8bfc-5d3d956af2b2@group-AE8BFC6110D3: closes. applyIndex: 0
2020-12-08 14:47:01,415 [96090a9c-2d18-4831-8bfc-5d3d956af2b2@group-AE8BFC6110D3-SegmentedRaftLogWorker] INFO  segmented.SegmentedRaftLogWorker (SegmentedRaftLogWorker.java:run(329)) - 96090a9c-2d18-4831-8bfc-5d3d956af2b2@group-AE8BFC6110D3-SegmentedRaftLogWorker was interrupted, exiting. There are 0 tasks remaining in the queue.
2020-12-08 14:47:01,416 [ForkJoinPool.commonPool-worker-0] INFO  segmented.SegmentedRaftLogWorker (SegmentedRaftLogWorker.java:close(235)) - 96090a9c-2d18-4831-8bfc-5d3d956af2b2@group-AE8BFC6110D3-SegmentedRaftLogWorker close()
2020-12-08 14:47:01,418 [ForkJoinPool.commonPool-worker-0] INFO  metrics.RatisMetrics (RatisMetrics.java:unregister(43)) - Unregistering Metrics Registry : ratis.log_worker.96090a9c-2d18-4831-8bfc-5d3d956af2b2@group-AE8BFC6110D3
2020-12-08 14:47:01,418 [ForkJoinPool.commonPool-worker-0] INFO  metrics.RatisMetrics (RatisMetrics.java:unregister(43)) - Unregistering Metrics Registry : ratis.leader_election.96090a9c-2d18-4831-8bfc-5d3d956af2b2@group-AE8BFC6110D3
2020-12-08 14:47:01,418 [ForkJoinPool.commonPool-worker-0] INFO  metrics.RatisMetrics (RatisMetrics.java:unregister(43)) - Unregistering Metrics Registry : ratis.server.96090a9c-2d18-4831-8bfc-5d3d956af2b2@group-AE8BFC6110D3
2020-12-08 14:47:01,418 [ForkJoinPool.commonPool-worker-0] INFO  server.GrpcService (GrpcService.java:closeImpl(184)) - 96090a9c-2d18-4831-8bfc-5d3d956af2b2: shutdown server with port 44413 now
2020-12-08 14:47:01,420 [Listener at 127.0.0.1/38785] INFO  server.GrpcService (GrpcService.java:closeImpl(193)) - 197ed019-3b66-4a5a-8ebb-716a9f0e2ab5: shutdown server with port 37931 successfully
2020-12-08 14:47:01,423 [grpc-default-executor-0] WARN  server.GrpcServerProtocolService (LogUtils.java:warn(122)) - 96090a9c-2d18-4831-8bfc-5d3d956af2b2: installSnapshot onError, lastRequest: e7bab1e1-cb53-462e-811b-33706ea421b6->96090a9c-2d18-4831-8bfc-5d3d956af2b2#1-t1, previous=(t:0, i:0), leaderCommit=0, initializing? false, entries: size=1, first=(t:1, i:0), CONFIGURATIONENTRY: org.apache.ratis.thirdparty.io.grpc.StatusRuntimeException: CANCELLED: cancelled before receiving half close
2020-12-08 14:47:01,424 [grpc-default-executor-2] WARN  server.GrpcLogAppender (LogUtils.java:warn(122)) - e7bab1e1-cb53-462e-811b-33706ea421b6@group-AE8BFC6110D3->96090a9c-2d18-4831-8bfc-5d3d956af2b2-AppendLogResponseHandler: Failed appendEntries: org.apache.ratis.thirdparty.io.grpc.StatusRuntimeException: CANCELLED: HTTP/2 error code: CANCEL
Received Rst Stream
2020-12-08 14:47:01,424 [ForkJoinPool.commonPool-worker-0] INFO  server.GrpcService (GrpcService.java:closeImpl(193)) - 96090a9c-2d18-4831-8bfc-5d3d956af2b2: shutdown server with port 44413 successfully
2020-12-08 14:47:01,426 [Listener at 127.0.0.1/38785] INFO  utils.BackgroundService (BackgroundService.java:shutdown(132)) - Shutting down service BlockDeletingService
2020-12-08 14:47:01,426 [grpc-default-executor-2] WARN  server.GrpcLogAppender (GrpcLogAppender.java:resetClient(107)) - e7bab1e1-cb53-462e-811b-33706ea421b6@group-AE8BFC6110D3->96090a9c-2d18-4831-8bfc-5d3d956af2b2-GrpcLogAppender: Leader has not got in touch with Follower e7bab1e1-cb53-462e-811b-33706ea421b6@group-AE8BFC6110D3->96090a9c-2d18-4831-8bfc-5d3d956af2b2(c0,m0,n1, attendVote=true, lastRpcSendTime=2108, lastRpcResponseTime=2105) yet, just keep nextIndex unchanged and retry.
2020-12-08 14:47:01,428 [ForkJoinPool.commonPool-worker-0] INFO  utils.BackgroundService (BackgroundService.java:shutdown(132)) - Shutting down service BlockDeletingService
2020-12-08 14:47:01,429 [Listener at 127.0.0.1/38785] INFO  statemachine.DatanodeStateMachine (DatanodeStateMachine.java:stopDaemon(461)) - Ozone container server stopped.
2020-12-08 14:47:01,430 [ForkJoinPool.commonPool-worker-0] INFO  statemachine.DatanodeStateMachine (DatanodeStateMachine.java:stopDaemon(461)) - Ozone container server stopped.
2020-12-08 14:47:01,439 [Listener at 127.0.0.1/38785] INFO  handler.ContextHandler (ContextHandler.java:doStop(1154)) - Stopped o.e.j.w.WebAppContext@3e04803c{hddsDatanode,/,null,STOPPED}{jar:file:/home/user/.m2/repository/org/apache/hadoop/hadoop-hdds-container-service/1.1.0-SNAPSHOT/hadoop-hdds-container-service-1.1.0-SNAPSHOT.jar!/webapps/hddsDatanode}
2020-12-08 14:47:01,444 [ForkJoinPool.commonPool-worker-0] INFO  handler.ContextHandler (ContextHandler.java:doStop(1154)) - Stopped o.e.j.w.WebAppContext@9e9f285{hddsDatanode,/,null,STOPPED}{jar:file:/home/user/.m2/repository/org/apache/hadoop/hadoop-hdds-container-service/1.1.0-SNAPSHOT/hadoop-hdds-container-service-1.1.0-SNAPSHOT.jar!/webapps/hddsDatanode}
2020-12-08 14:47:01,450 [ForkJoinPool.commonPool-worker-0] INFO  server.AbstractConnector (AbstractConnector.java:doStop(381)) - Stopped ServerConnector@3b2d89da{HTTP/1.1, (http/1.1)}{0.0.0.0:0}
2020-12-08 14:47:01,450 [Listener at 127.0.0.1/38785] INFO  server.AbstractConnector (AbstractConnector.java:doStop(381)) - Stopped ServerConnector@50bd8bd6{HTTP/1.1, (http/1.1)}{0.0.0.0:0}
2020-12-08 14:47:01,450 [ForkJoinPool.commonPool-worker-0] INFO  server.session (HouseKeeper.java:stopScavenging(149)) - node0 Stopped scavenging
2020-12-08 14:47:01,452 [Listener at 127.0.0.1/38785] INFO  server.session (HouseKeeper.java:stopScavenging(149)) - node0 Stopped scavenging
2020-12-08 14:47:01,452 [ForkJoinPool.commonPool-worker-0] INFO  handler.ContextHandler (ContextHandler.java:doStop(1154)) - Stopped o.e.j.s.ServletContextHandler@34e9441e{static,/static,jar:file:/home/user/.m2/repository/org/apache/hadoop/hadoop-hdds-container-service/1.1.0-SNAPSHOT/hadoop-hdds-container-service-1.1.0-SNAPSHOT.jar!/webapps/static,STOPPED}
2020-12-08 14:47:01,453 [Listener at 127.0.0.1/38785] INFO  handler.ContextHandler (ContextHandler.java:doStop(1154)) - Stopped o.e.j.s.ServletContextHandler@2b9a91f8{static,/static,jar:file:/home/user/.m2/repository/org/apache/hadoop/hadoop-hdds-container-service/1.1.0-SNAPSHOT/hadoop-hdds-container-service-1.1.0-SNAPSHOT.jar!/webapps/static,STOPPED}
2020-12-08 14:47:01,453 [ForkJoinPool.commonPool-worker-0] INFO  handler.ContextHandler (ContextHandler.java:doStop(1154)) - Stopped o.e.j.s.ServletContextHandler@1f56f03b{logs,/logs,file:///github/workspace/mnt/ozone/hadoop-ozone/integration-test/target/log,STOPPED}
2020-12-08 14:47:01,456 [Listener at 127.0.0.1/38785] INFO  handler.ContextHandler (ContextHandler.java:doStop(1154)) - Stopped o.e.j.s.ServletContextHandler@6348c258{logs,/logs,file:///github/workspace/mnt/ozone/hadoop-ozone/integration-test/target/log,STOPPED}
2020-12-08 14:47:01,824 [grpc-default-executor-0] WARN  server.GrpcLogAppender (LogUtils.java:warn(122)) - e7bab1e1-cb53-462e-811b-33706ea421b6@group-AE8BFC6110D3->96090a9c-2d18-4831-8bfc-5d3d956af2b2-AppendLogResponseHandler: Failed appendEntries: org.apache.ratis.thirdparty.io.grpc.StatusRuntimeException: UNAVAILABLE: io exception
2020-12-08 14:47:01,825 [grpc-default-executor-0] WARN  server.GrpcLogAppender (GrpcLogAppender.java:resetClient(107)) - e7bab1e1-cb53-462e-811b-33706ea421b6@group-AE8BFC6110D3->96090a9c-2d18-4831-8bfc-5d3d956af2b2-GrpcLogAppender: Leader has not got in touch with Follower e7bab1e1-cb53-462e-811b-33706ea421b6@group-AE8BFC6110D3->96090a9c-2d18-4831-8bfc-5d3d956af2b2(c0,m0,n1, attendVote=true, lastRpcSendTime=2, lastRpcResponseTime=2504) yet, just keep nextIndex unchanged and retry.
2020-12-08 14:47:02,006 [Datanode State Machine Thread - 0] INFO  statemachine.DatanodeStateMachine (DatanodeStateMachine.java:lambda$startDaemon$0(408)) - Ozone container server started.
2020-12-08 14:47:02,175 [Datanode State Machine Thread - 0] INFO  statemachine.DatanodeStateMachine (DatanodeStateMachine.java:lambda$startDaemon$0(408)) - Ozone container server started.
2020-12-08 14:47:04,323 [grpc-default-executor-1] WARN  server.GrpcLogAppender (LogUtils.java:warn(122)) - e7bab1e1-cb53-462e-811b-33706ea421b6@group-AE8BFC6110D3->96090a9c-2d18-4831-8bfc-5d3d956af2b2-AppendLogResponseHandler: Failed appendEntries: org.apache.ratis.thirdparty.io.grpc.StatusRuntimeException: UNAVAILABLE: io exception
2020-12-08 14:47:04,324 [grpc-default-executor-1] WARN  server.GrpcLogAppender (GrpcLogAppender.java:resetClient(107)) - e7bab1e1-cb53-462e-811b-33706ea421b6@group-AE8BFC6110D3->96090a9c-2d18-4831-8bfc-5d3d956af2b2-GrpcLogAppender: Leader has not got in touch with Follower e7bab1e1-cb53-462e-811b-33706ea421b6@group-AE8BFC6110D3->96090a9c-2d18-4831-8bfc-5d3d956af2b2(c0,m0,n1, attendVote=true, lastRpcSendTime=0, lastRpcResponseTime=5003) yet, just keep nextIndex unchanged and retry.
2020-12-08 14:47:06,457 [ForkJoinPool.commonPool-worker-0] INFO  ozoneimpl.OzoneContainer (OzoneContainer.java:stop(257)) - Attempting to stop container services.
2020-12-08 14:47:06,458 [ForkJoinPool.commonPool-worker-0] INFO  impl.RaftServerProxy (RaftServerProxy.java:lambda$close$4(338)) - e7bab1e1-cb53-462e-811b-33706ea421b6: close
2020-12-08 14:47:06,458 [ForkJoinPool.commonPool-worker-0] INFO  impl.RaftServerImpl (RaftServerImpl.java:lambda$shutdown$3(328)) - e7bab1e1-cb53-462e-811b-33706ea421b6@group-BD06936A4B22: shutdown
2020-12-08 14:47:06,458 [ForkJoinPool.commonPool-worker-0] INFO  util.JmxRegister (JmxRegister.java:unregister(73)) - Successfully un-registered JMX Bean with object name Ratis:service=RaftServer,group=group-BD06936A4B22,id=e7bab1e1-cb53-462e-811b-33706ea421b6
2020-12-08 14:47:06,459 [ForkJoinPool.commonPool-worker-0] INFO  impl.RoleInfo (RoleInfo.java:shutdownLeaderState(104)) - e7bab1e1-cb53-462e-811b-33706ea421b6: shutdown e7bab1e1-cb53-462e-811b-33706ea421b6@group-BD06936A4B22-LeaderState
2020-12-08 14:47:06,458 [Listener at 127.0.0.1/38785] INFO  ozoneimpl.OzoneContainer (OzoneContainer.java:stop(257)) - Attempting to stop container services.
2020-12-08 14:47:06,459 [ForkJoinPool.commonPool-worker-0] INFO  impl.PendingRequests (PendingRequests.java:sendNotLeaderResponses(250)) - e7bab1e1-cb53-462e-811b-33706ea421b6@group-BD06936A4B22-PendingRequests: sendNotLeaderResponses
2020-12-08 14:47:06,459 [Listener at 127.0.0.1/38785] INFO  impl.RaftServerProxy (RaftServerProxy.java:lambda$close$4(338)) - e06d1ff1-a20f-4588-91bb-f8f9c9d2192c: close
2020-12-08 14:47:06,460 [ForkJoinPool.commonPool-worker-0] INFO  metrics.RatisMetrics (RatisMetrics.java:unregister(43)) - Unregistering Metrics Registry : ratis.log_appender.e7bab1e1-cb53-462e-811b-33706ea421b6@group-BD06936A4B22
2020-12-08 14:47:06,460 [Listener at 127.0.0.1/38785] INFO  impl.RaftServerImpl (RaftServerImpl.java:lambda$shutdown$3(328)) - e06d1ff1-a20f-4588-91bb-f8f9c9d2192c@group-37E6DBA041D2: shutdown
2020-12-08 14:47:06,460 [Listener at 127.0.0.1/38785] INFO  util.JmxRegister (JmxRegister.java:unregister(73)) - Successfully un-registered JMX Bean with object name Ratis:service=RaftServer,group=group-37E6DBA041D2,id=e06d1ff1-a20f-4588-91bb-f8f9c9d2192c
2020-12-08 14:47:06,460 [Listener at 127.0.0.1/38785] INFO  impl.RoleInfo (RoleInfo.java:shutdownFollowerState(121)) - e06d1ff1-a20f-4588-91bb-f8f9c9d2192c: shutdown e06d1ff1-a20f-4588-91bb-f8f9c9d2192c@group-37E6DBA041D2-FollowerState
2020-12-08 14:47:06,461 [Listener at 127.0.0.1/38785] INFO  impl.StateMachineUpdater (StateMachineUpdater.java:stopAndJoin(147)) - e06d1ff1-a20f-4588-91bb-f8f9c9d2192c@group-37E6DBA041D2-StateMachineUpdater: set stopIndex = 0
2020-12-08 14:47:06,460 [ForkJoinPool.commonPool-worker-0] INFO  metrics.RatisMetrics (RatisMetrics.java:unregister(43)) - Unregistering Metrics Registry : ratis.server.e7bab1e1-cb53-462e-811b-33706ea421b6@group-BD06936A4B22
2020-12-08 14:47:06,461 [Thread-645] INFO  impl.FollowerState (FollowerState.java:run(137)) - e06d1ff1-a20f-4588-91bb-f8f9c9d2192c@group-37E6DBA041D2-FollowerState was interrupted: {}
java.lang.InterruptedException: sleep interrupted
	at java.lang.Thread.sleep(Native Method)
	at org.apache.ratis.util.JavaUtils.sleep(JavaUtils.java:250)
	at org.apache.ratis.server.impl.FollowerState.run(FollowerState.java:116)
2020-12-08 14:47:06,462 [e7bab1e1-cb53-462e-811b-33706ea421b6@group-BD06936A4B22-StateMachineUpdater] INFO  ratis.ContainerStateMachine (ContainerStateMachine.java:takeSnapshot(293)) - group-BD06936A4B22: Taking a snapshot at:(t:1, i:0) file /github/workspace/mnt/ozone/hadoop-ozone/integration-test/target/test-dir/MiniOzoneClusterImpl-cfd0bfd1-2e20-40f2-b3a5-c30c0e76baf6/datanode-2/data/ratis/1d03f5db-0716-4910-b075-bd06936a4b22/sm/snapshot.1_0
2020-12-08 14:47:06,462 [ForkJoinPool.commonPool-worker-0] INFO  impl.StateMachineUpdater (StateMachineUpdater.java:stopAndJoin(147)) - e7bab1e1-cb53-462e-811b-33706ea421b6@group-BD06936A4B22-StateMachineUpdater: set stopIndex = 0
2020-12-08 14:47:06,461 [e06d1ff1-a20f-4588-91bb-f8f9c9d2192c@group-37E6DBA041D2-StateMachineUpdater] INFO  ratis.ContainerStateMachine (ContainerStateMachine.java:takeSnapshot(293)) - group-37E6DBA041D2: Taking a snapshot at:(t:1, i:0) file /github/workspace/mnt/ozone/hadoop-ozone/integration-test/target/test-dir/MiniOzoneClusterImpl-cfd0bfd1-2e20-40f2-b3a5-c30c0e76baf6/datanode-3/data/ratis/b06d860b-ea87-4438-ac4a-37e6dba041d2/sm/snapshot.1_0
2020-12-08 14:47:06,463 [e7bab1e1-cb53-462e-811b-33706ea421b6@group-BD06936A4B22-StateMachineUpdater] INFO  ratis.ContainerStateMachine (ContainerStateMachine.java:takeSnapshot(304)) - group-BD06936A4B22: Finished taking a snapshot at:(t:1, i:0) file:/github/workspace/mnt/ozone/hadoop-ozone/integration-test/target/test-dir/MiniOzoneClusterImpl-cfd0bfd1-2e20-40f2-b3a5-c30c0e76baf6/datanode-2/data/ratis/1d03f5db-0716-4910-b075-bd06936a4b22/sm/snapshot.1_0 time:1
2020-12-08 14:47:06,466 [e06d1ff1-a20f-4588-91bb-f8f9c9d2192c@group-37E6DBA041D2-StateMachineUpdater] INFO  ratis.ContainerStateMachine (ContainerStateMachine.java:takeSnapshot(304)) - group-37E6DBA041D2: Finished taking a snapshot at:(t:1, i:0) file:/github/workspace/mnt/ozone/hadoop-ozone/integration-test/target/test-dir/MiniOzoneClusterImpl-cfd0bfd1-2e20-40f2-b3a5-c30c0e76baf6/datanode-3/data/ratis/b06d860b-ea87-4438-ac4a-37e6dba041d2/sm/snapshot.1_0 time:5
2020-12-08 14:47:06,466 [e06d1ff1-a20f-4588-91bb-f8f9c9d2192c@group-37E6DBA041D2-StateMachineUpdater] INFO  impl.StateMachineUpdater (StateMachineUpdater.java:takeSnapshot(278)) - e06d1ff1-a20f-4588-91bb-f8f9c9d2192c@group-37E6DBA041D2-StateMachineUpdater: Took a snapshot at index 0
2020-12-08 14:47:06,466 [e06d1ff1-a20f-4588-91bb-f8f9c9d2192c@group-37E6DBA041D2-StateMachineUpdater] INFO  impl.StateMachineUpdater (StateMachineUpdater.java:lambda$new$0(87)) - e06d1ff1-a20f-4588-91bb-f8f9c9d2192c@group-37E6DBA041D2-StateMachineUpdater: snapshotIndex: updateIncreasingly -1 -> 0
2020-12-08 14:47:06,466 [e06d1ff1-a20f-4588-91bb-f8f9c9d2192c@group-37E6DBA041D2-StateMachineUpdater] INFO  metrics.RatisMetrics (RatisMetrics.java:unregister(43)) - Unregistering Metrics Registry : ratis.state_machine.e06d1ff1-a20f-4588-91bb-f8f9c9d2192c@group-37E6DBA041D2
2020-12-08 14:47:06,467 [e7bab1e1-cb53-462e-811b-33706ea421b6@group-BD06936A4B22-StateMachineUpdater] INFO  impl.StateMachineUpdater (StateMachineUpdater.java:takeSnapshot(278)) - e7bab1e1-cb53-462e-811b-33706ea421b6@group-BD06936A4B22-StateMachineUpdater: Took a snapshot at index 0
2020-12-08 14:47:06,467 [e7bab1e1-cb53-462e-811b-33706ea421b6@group-BD06936A4B22-StateMachineUpdater] INFO  impl.StateMachineUpdater (StateMachineUpdater.java:lambda$new$0(87)) - e7bab1e1-cb53-462e-811b-33706ea421b6@group-BD06936A4B22-StateMachineUpdater: snapshotIndex: updateIncreasingly -1 -> 0
2020-12-08 14:47:06,467 [Listener at 127.0.0.1/38785] INFO  impl.RaftServerImpl (ServerState.java:close(406)) - e06d1ff1-a20f-4588-91bb-f8f9c9d2192c@group-37E6DBA041D2: closes. applyIndex: 0
2020-12-08 14:47:06,467 [e7bab1e1-cb53-462e-811b-33706ea421b6@group-BD06936A4B22-StateMachineUpdater] INFO  metrics.RatisMetrics (RatisMetrics.java:unregister(43)) - Unregistering Metrics Registry : ratis.state_machine.e7bab1e1-cb53-462e-811b-33706ea421b6@group-BD06936A4B22
2020-12-08 14:47:06,467 [e06d1ff1-a20f-4588-91bb-f8f9c9d2192c@group-37E6DBA041D2-SegmentedRaftLogWorker] INFO  segmented.SegmentedRaftLogWorker (SegmentedRaftLogWorker.java:run(329)) - e06d1ff1-a20f-4588-91bb-f8f9c9d2192c@group-37E6DBA041D2-SegmentedRaftLogWorker was interrupted, exiting. There are 0 tasks remaining in the queue.
2020-12-08 14:47:06,467 [ForkJoinPool.commonPool-worker-0] INFO  impl.RaftServerImpl (ServerState.java:close(406)) - e7bab1e1-cb53-462e-811b-33706ea421b6@group-BD06936A4B22: closes. applyIndex: 0
2020-12-08 14:47:06,471 [Listener at 127.0.0.1/38785] INFO  segmented.SegmentedRaftLogWorker (SegmentedRaftLogWorker.java:close(235)) - e06d1ff1-a20f-4588-91bb-f8f9c9d2192c@group-37E6DBA041D2-SegmentedRaftLogWorker close()
2020-12-08 14:47:06,471 [e7bab1e1-cb53-462e-811b-33706ea421b6@group-BD06936A4B22-SegmentedRaftLogWorker] INFO  segmented.SegmentedRaftLogWorker (SegmentedRaftLogWorker.java:run(329)) - e7bab1e1-cb53-462e-811b-33706ea421b6@group-BD06936A4B22-SegmentedRaftLogWorker was interrupted, exiting. There are 0 tasks remaining in the queue.
2020-12-08 14:47:06,474 [ForkJoinPool.commonPool-worker-0] INFO  segmented.SegmentedRaftLogWorker (SegmentedRaftLogWorker.java:close(235)) - e7bab1e1-cb53-462e-811b-33706ea421b6@group-BD06936A4B22-SegmentedRaftLogWorker close()
2020-12-08 14:47:06,474 [Listener at 127.0.0.1/38785] INFO  metrics.RatisMetrics (RatisMetrics.java:unregister(43)) - Unregistering Metrics Registry : ratis.log_worker.e06d1ff1-a20f-4588-91bb-f8f9c9d2192c@group-37E6DBA041D2
2020-12-08 14:47:06,474 [Listener at 127.0.0.1/38785] INFO  metrics.RatisMetrics (RatisMetrics.java:unregister(43)) - Unregistering Metrics Registry : ratis.leader_election.e06d1ff1-a20f-4588-91bb-f8f9c9d2192c@group-37E6DBA041D2
2020-12-08 14:47:06,474 [Listener at 127.0.0.1/38785] INFO  metrics.RatisMetrics (RatisMetrics.java:unregister(43)) - Unregistering Metrics Registry : ratis.server.e06d1ff1-a20f-4588-91bb-f8f9c9d2192c@group-37E6DBA041D2
2020-12-08 14:47:06,474 [Listener at 127.0.0.1/38785] INFO  impl.RaftServerImpl (RaftServerImpl.java:lambda$shutdown$3(328)) - e06d1ff1-a20f-4588-91bb-f8f9c9d2192c@group-D809FFECA223: shutdown
2020-12-08 14:47:06,475 [Listener at 127.0.0.1/38785] INFO  util.JmxRegister (JmxRegister.java:unregister(73)) - Successfully un-registered JMX Bean with object name Ratis:service=RaftServer,group=group-D809FFECA223,id=e06d1ff1-a20f-4588-91bb-f8f9c9d2192c
2020-12-08 14:47:06,475 [Listener at 127.0.0.1/38785] INFO  impl.RoleInfo (RoleInfo.java:shutdownLeaderState(104)) - e06d1ff1-a20f-4588-91bb-f8f9c9d2192c: shutdown e06d1ff1-a20f-4588-91bb-f8f9c9d2192c@group-D809FFECA223-LeaderState
2020-12-08 14:47:06,475 [Listener at 127.0.0.1/38785] INFO  impl.PendingRequests (PendingRequests.java:sendNotLeaderResponses(250)) - e06d1ff1-a20f-4588-91bb-f8f9c9d2192c@group-D809FFECA223-PendingRequests: sendNotLeaderResponses
2020-12-08 14:47:06,483 [ForkJoinPool.commonPool-worker-0] INFO  metrics.RatisMetrics (RatisMetrics.java:unregister(43)) - Unregistering Metrics Registry : ratis.log_worker.e7bab1e1-cb53-462e-811b-33706ea421b6@group-BD06936A4B22
2020-12-08 14:47:06,487 [ForkJoinPool.commonPool-worker-0] INFO  metrics.RatisMetrics (RatisMetrics.java:unregister(43)) - Unregistering Metrics Registry : ratis.leader_election.e7bab1e1-cb53-462e-811b-33706ea421b6@group-BD06936A4B22
2020-12-08 14:47:06,487 [Listener at 127.0.0.1/38785] INFO  metrics.RatisMetrics (RatisMetrics.java:unregister(43)) - Unregistering Metrics Registry : ratis.log_appender.e06d1ff1-a20f-4588-91bb-f8f9c9d2192c@group-D809FFECA223
2020-12-08 14:47:06,489 [ForkJoinPool.commonPool-worker-0] INFO  metrics.RatisMetrics (RatisMetrics.java:unregister(43)) - Unregistering Metrics Registry : ratis.server.e7bab1e1-cb53-462e-811b-33706ea421b6@group-BD06936A4B22
2020-12-08 14:47:06,490 [Listener at 127.0.0.1/38785] INFO  metrics.RatisMetrics (RatisMetrics.java:unregister(43)) - Unregistering Metrics Registry : ratis.server.e06d1ff1-a20f-4588-91bb-f8f9c9d2192c@group-D809FFECA223
2020-12-08 14:47:06,490 [ForkJoinPool.commonPool-worker-0] INFO  impl.RaftServerImpl (RaftServerImpl.java:lambda$shutdown$3(328)) - e7bab1e1-cb53-462e-811b-33706ea421b6@group-AE8BFC6110D3: shutdown
2020-12-08 14:47:06,490 [Listener at 127.0.0.1/38785] INFO  impl.StateMachineUpdater (StateMachineUpdater.java:stopAndJoin(147)) - e06d1ff1-a20f-4588-91bb-f8f9c9d2192c@group-D809FFECA223-StateMachineUpdater: set stopIndex = 4
2020-12-08 14:47:06,494 [ForkJoinPool.commonPool-worker-0] INFO  util.JmxRegister (JmxRegister.java:unregister(73)) - Successfully un-registered JMX Bean with object name Ratis:service=RaftServer,group=group-AE8BFC6110D3,id=e7bab1e1-cb53-462e-811b-33706ea421b6
2020-12-08 14:47:06,491 [e06d1ff1-a20f-4588-91bb-f8f9c9d2192c@group-D809FFECA223-StateMachineUpdater] INFO  ratis.ContainerStateMachine (ContainerStateMachine.java:takeSnapshot(293)) - group-D809FFECA223: Taking a snapshot at:(t:1, i:4) file /github/workspace/mnt/ozone/hadoop-ozone/integration-test/target/test-dir/MiniOzoneClusterImpl-cfd0bfd1-2e20-40f2-b3a5-c30c0e76baf6/datanode-3/data/ratis/3e443ad5-7cfe-4886-a437-d809ffeca223/sm/snapshot.1_4
2020-12-08 14:47:06,494 [ForkJoinPool.commonPool-worker-0] INFO  impl.RoleInfo (RoleInfo.java:shutdownLeaderState(104)) - e7bab1e1-cb53-462e-811b-33706ea421b6: shutdown e7bab1e1-cb53-462e-811b-33706ea421b6@group-AE8BFC6110D3-LeaderState
2020-12-08 14:47:06,494 [ForkJoinPool.commonPool-worker-0] INFO  metrics.RatisMetrics (RatisMetrics.java:unregister(43)) - Unregistering Metrics Registry : ratis_grpc.log_appender.e7bab1e1-cb53-462e-811b-33706ea421b6@group-AE8BFC6110D3
2020-12-08 14:47:06,495 [ForkJoinPool.commonPool-worker-0] INFO  metrics.RatisMetrics (RatisMetrics.java:unregister(43)) - Unregistering Metrics Registry : ratis_grpc.log_appender.e7bab1e1-cb53-462e-811b-33706ea421b6@group-AE8BFC6110D3
2020-12-08 14:47:06,495 [org.apache.ratis.server.impl.LogAppender$AppenderDaemon$$Lambda$461/1797920462@16a5ca6a] WARN  server.GrpcLogAppender (GrpcLogAppender.java:mayWait(168)) - e7bab1e1-cb53-462e-811b-33706ea421b6@group-AE8BFC6110D3->96090a9c-2d18-4831-8bfc-5d3d956af2b2-GrpcLogAppender: Wait interrupted by java.lang.InterruptedException
2020-12-08 14:47:06,495 [ForkJoinPool.commonPool-worker-0] INFO  impl.PendingRequests (PendingRequests.java:sendNotLeaderResponses(250)) - e7bab1e1-cb53-462e-811b-33706ea421b6@group-AE8BFC6110D3-PendingRequests: sendNotLeaderResponses
2020-12-08 14:47:06,495 [org.apache.ratis.server.impl.LogAppender$AppenderDaemon$$Lambda$461/1797920462@8a56e3b] WARN  server.GrpcLogAppender (GrpcLogAppender.java:mayWait(168)) - e7bab1e1-cb53-462e-811b-33706ea421b6@group-AE8BFC6110D3->4c010680-8565-4d64-a077-2e0de5ba36c4-GrpcLogAppender: Wait interrupted by java.lang.InterruptedException
2020-12-08 14:47:06,495 [e06d1ff1-a20f-4588-91bb-f8f9c9d2192c@group-D809FFECA223-StateMachineUpdater] INFO  ratis.ContainerStateMachine (ContainerStateMachine.java:takeSnapshot(304)) - group-D809FFECA223: Finished taking a snapshot at:(t:1, i:4) file:/github/workspace/mnt/ozone/hadoop-ozone/integration-test/target/test-dir/MiniOzoneClusterImpl-cfd0bfd1-2e20-40f2-b3a5-c30c0e76baf6/datanode-3/data/ratis/3e443ad5-7cfe-4886-a437-d809ffeca223/sm/snapshot.1_4 time:4
2020-12-08 14:47:06,495 [ForkJoinPool.commonPool-worker-0] INFO  metrics.RatisMetrics (RatisMetrics.java:unregister(43)) - Unregistering Metrics Registry : ratis.log_appender.e7bab1e1-cb53-462e-811b-33706ea421b6@group-AE8BFC6110D3
2020-12-08 14:47:06,496 [ForkJoinPool.commonPool-worker-0] INFO  metrics.RatisMetrics (RatisMetrics.java:unregister(43)) - Unregistering Metrics Registry : ratis.server.e7bab1e1-cb53-462e-811b-33706ea421b6@group-AE8BFC6110D3
2020-12-08 14:47:06,496 [grpc-default-executor-1] INFO  server.GrpcServerProtocolService (GrpcServerProtocolService.java:onCompleted(138)) - 4c010680-8565-4d64-a077-2e0de5ba36c4: Completed APPEND_ENTRIES, lastRequest: e7bab1e1-cb53-462e-811b-33706ea421b6->4c010680-8565-4d64-a077-2e0de5ba36c4#1-t1, previous=(t:0, i:0), leaderCommit=0, initializing? false, entries: size=1, first=(t:1, i:0), CONFIGURATIONENTRY
2020-12-08 14:47:06,496 [e06d1ff1-a20f-4588-91bb-f8f9c9d2192c@group-D809FFECA223-StateMachineUpdater] INFO  impl.StateMachineUpdater (StateMachineUpdater.java:takeSnapshot(278)) - e06d1ff1-a20f-4588-91bb-f8f9c9d2192c@group-D809FFECA223-StateMachineUpdater: Took a snapshot at index 4
2020-12-08 14:47:06,496 [e06d1ff1-a20f-4588-91bb-f8f9c9d2192c@group-D809FFECA223-StateMachineUpdater] INFO  impl.StateMachineUpdater (StateMachineUpdater.java:lambda$new$0(87)) - e06d1ff1-a20f-4588-91bb-f8f9c9d2192c@group-D809FFECA223-StateMachineUpdater: snapshotIndex: updateIncreasingly -1 -> 4
2020-12-08 14:47:06,496 [e06d1ff1-a20f-4588-91bb-f8f9c9d2192c@group-D809FFECA223-StateMachineUpdater] INFO  metrics.RatisMetrics (RatisMetrics.java:unregister(43)) - Unregistering Metrics Registry : ratis.state_machine.e06d1ff1-a20f-4588-91bb-f8f9c9d2192c@group-D809FFECA223
2020-12-08 14:47:06,496 [Listener at 127.0.0.1/38785] INFO  impl.RaftServerImpl (ServerState.java:close(406)) - e06d1ff1-a20f-4588-91bb-f8f9c9d2192c@group-D809FFECA223: closes. applyIndex: 4
2020-12-08 14:47:06,497 [e06d1ff1-a20f-4588-91bb-f8f9c9d2192c@group-D809FFECA223-SegmentedRaftLogWorker] INFO  segmented.SegmentedRaftLogWorker (SegmentedRaftLogWorker.java:run(329)) - e06d1ff1-a20f-4588-91bb-f8f9c9d2192c@group-D809FFECA223-SegmentedRaftLogWorker was interrupted, exiting. There are 0 tasks remaining in the queue.
2020-12-08 14:47:06,500 [ForkJoinPool.commonPool-worker-0] INFO  impl.StateMachineUpdater (StateMachineUpdater.java:stopAndJoin(147)) - e7bab1e1-cb53-462e-811b-33706ea421b6@group-AE8BFC6110D3-StateMachineUpdater: set stopIndex = 0
2020-12-08 14:47:06,500 [e7bab1e1-cb53-462e-811b-33706ea421b6@group-AE8BFC6110D3-StateMachineUpdater] INFO  ratis.ContainerStateMachine (ContainerStateMachine.java:takeSnapshot(293)) - group-AE8BFC6110D3: Taking a snapshot at:(t:1, i:0) file /github/workspace/mnt/ozone/hadoop-ozone/integration-test/target/test-dir/MiniOzoneClusterImpl-cfd0bfd1-2e20-40f2-b3a5-c30c0e76baf6/datanode-2/data/ratis/2a4f07f3-31a7-4c26-acdb-ae8bfc6110d3/sm/snapshot.1_0
2020-12-08 14:47:06,500 [grpc-default-executor-0] INFO  server.GrpcLogAppender (GrpcLogAppender.java:onCompleted(337)) - e7bab1e1-cb53-462e-811b-33706ea421b6@group-AE8BFC6110D3->4c010680-8565-4d64-a077-2e0de5ba36c4-AppendLogResponseHandler: follower responses appendEntries COMPLETED
2020-12-08 14:47:06,501 [grpc-default-executor-0] INFO  impl.FollowerInfo (FollowerInfo.java:lambda$new$0(51)) - e7bab1e1-cb53-462e-811b-33706ea421b6@group-AE8BFC6110D3->4c010680-8565-4d64-a077-2e0de5ba36c4: nextIndex: updateUnconditionally 1 -> 0
2020-12-08 14:47:06,501 [e7bab1e1-cb53-462e-811b-33706ea421b6@group-AE8BFC6110D3-StateMachineUpdater] INFO  ratis.ContainerStateMachine (ContainerStateMachine.java:takeSnapshot(304)) - group-AE8BFC6110D3: Finished taking a snapshot at:(t:1, i:0) file:/github/workspace/mnt/ozone/hadoop-ozone/integration-test/target/test-dir/MiniOzoneClusterImpl-cfd0bfd1-2e20-40f2-b3a5-c30c0e76baf6/datanode-2/data/ratis/2a4f07f3-31a7-4c26-acdb-ae8bfc6110d3/sm/snapshot.1_0 time:1
2020-12-08 14:47:06,501 [e7bab1e1-cb53-462e-811b-33706ea421b6@group-AE8BFC6110D3-StateMachineUpdater] INFO  impl.StateMachineUpdater (StateMachineUpdater.java:takeSnapshot(278)) - e7bab1e1-cb53-462e-811b-33706ea421b6@group-AE8BFC6110D3-StateMachineUpdater: Took a snapshot at index 0
2020-12-08 14:47:06,501 [e7bab1e1-cb53-462e-811b-33706ea421b6@group-AE8BFC6110D3-StateMachineUpdater] INFO  impl.StateMachineUpdater (StateMachineUpdater.java:lambda$new$0(87)) - e7bab1e1-cb53-462e-811b-33706ea421b6@group-AE8BFC6110D3-StateMachineUpdater: snapshotIndex: updateIncreasingly -1 -> 0
2020-12-08 14:47:06,501 [e7bab1e1-cb53-462e-811b-33706ea421b6@group-AE8BFC6110D3-StateMachineUpdater] INFO  metrics.RatisMetrics (RatisMetrics.java:unregister(43)) - Unregistering Metrics Registry : ratis.state_machine.e7bab1e1-cb53-462e-811b-33706ea421b6@group-AE8BFC6110D3
2020-12-08 14:47:06,501 [ForkJoinPool.commonPool-worker-0] INFO  impl.RaftServerImpl (ServerState.java:close(406)) - e7bab1e1-cb53-462e-811b-33706ea421b6@group-AE8BFC6110D3: closes. applyIndex: 0
2020-12-08 14:47:06,504 [e7bab1e1-cb53-462e-811b-33706ea421b6@group-AE8BFC6110D3-SegmentedRaftLogWorker] INFO  segmented.SegmentedRaftLogWorker (SegmentedRaftLogWorker.java:run(329)) - e7bab1e1-cb53-462e-811b-33706ea421b6@group-AE8BFC6110D3-SegmentedRaftLogWorker was interrupted, exiting. There are 0 tasks remaining in the queue.
2020-12-08 14:47:06,504 [Listener at 127.0.0.1/38785] INFO  segmented.SegmentedRaftLogWorker (SegmentedRaftLogWorker.java:close(235)) - e06d1ff1-a20f-4588-91bb-f8f9c9d2192c@group-D809FFECA223-SegmentedRaftLogWorker close()
2020-12-08 14:47:06,505 [ForkJoinPool.commonPool-worker-0] INFO  segmented.SegmentedRaftLogWorker (SegmentedRaftLogWorker.java:close(235)) - e7bab1e1-cb53-462e-811b-33706ea421b6@group-AE8BFC6110D3-SegmentedRaftLogWorker close()
2020-12-08 14:47:06,506 [Listener at 127.0.0.1/38785] INFO  metrics.RatisMetrics (RatisMetrics.java:unregister(43)) - Unregistering Metrics Registry : ratis.log_worker.e06d1ff1-a20f-4588-91bb-f8f9c9d2192c@group-D809FFECA223
2020-12-08 14:47:06,506 [Listener at 127.0.0.1/38785] INFO  metrics.RatisMetrics (RatisMetrics.java:unregister(43)) - Unregistering Metrics Registry : ratis.leader_election.e06d1ff1-a20f-4588-91bb-f8f9c9d2192c@group-D809FFECA223
2020-12-08 14:47:06,506 [Listener at 127.0.0.1/38785] INFO  metrics.RatisMetrics (RatisMetrics.java:unregister(43)) - Unregistering Metrics Registry : ratis.server.e06d1ff1-a20f-4588-91bb-f8f9c9d2192c@group-D809FFECA223
2020-12-08 14:47:06,506 [ForkJoinPool.commonPool-worker-0] INFO  metrics.RatisMetrics (RatisMetrics.java:unregister(43)) - Unregistering Metrics Registry : ratis.log_worker.e7bab1e1-cb53-462e-811b-33706ea421b6@group-AE8BFC6110D3
2020-12-08 14:47:06,506 [Listener at 127.0.0.1/38785] INFO  server.GrpcService (GrpcService.java:closeImpl(184)) - e06d1ff1-a20f-4588-91bb-f8f9c9d2192c: shutdown server with port 39309 now
2020-12-08 14:47:06,506 [ForkJoinPool.commonPool-worker-0] INFO  metrics.RatisMetrics (RatisMetrics.java:unregister(43)) - Unregistering Metrics Registry : ratis.leader_election.e7bab1e1-cb53-462e-811b-33706ea421b6@group-AE8BFC6110D3
2020-12-08 14:47:06,508 [ForkJoinPool.commonPool-worker-0] INFO  metrics.RatisMetrics (RatisMetrics.java:unregister(43)) - Unregistering Metrics Registry : ratis.server.e7bab1e1-cb53-462e-811b-33706ea421b6@group-AE8BFC6110D3
2020-12-08 14:47:06,508 [ForkJoinPool.commonPool-worker-0] INFO  server.GrpcService (GrpcService.java:closeImpl(184)) - e7bab1e1-cb53-462e-811b-33706ea421b6: shutdown server with port 36527 now
2020-12-08 14:47:06,507 [Listener at 127.0.0.1/38785] INFO  server.GrpcService (GrpcService.java:closeImpl(193)) - e06d1ff1-a20f-4588-91bb-f8f9c9d2192c: shutdown server with port 39309 successfully
2020-12-08 14:47:06,513 [Listener at 127.0.0.1/38785] INFO  utils.BackgroundService (BackgroundService.java:shutdown(132)) - Shutting down service BlockDeletingService
2020-12-08 14:47:06,515 [ForkJoinPool.commonPool-worker-0] INFO  server.GrpcService (GrpcService.java:closeImpl(193)) - e7bab1e1-cb53-462e-811b-33706ea421b6: shutdown server with port 36527 successfully
2020-12-08 14:47:06,517 [ForkJoinPool.commonPool-worker-0] INFO  utils.BackgroundService (BackgroundService.java:shutdown(132)) - Shutting down service BlockDeletingService
2020-12-08 14:47:06,522 [ForkJoinPool.commonPool-worker-0] INFO  statemachine.DatanodeStateMachine (DatanodeStateMachine.java:stopDaemon(461)) - Ozone container server stopped.
2020-12-08 14:47:06,522 [Listener at 127.0.0.1/38785] INFO  statemachine.DatanodeStateMachine (DatanodeStateMachine.java:stopDaemon(461)) - Ozone container server stopped.
2020-12-08 14:47:06,531 [Listener at 127.0.0.1/38785] INFO  handler.ContextHandler (ContextHandler.java:doStop(1154)) - Stopped o.e.j.w.WebAppContext@17d4faba{hddsDatanode,/,null,STOPPED}{jar:file:/home/user/.m2/repository/org/apache/hadoop/hadoop-hdds-container-service/1.1.0-SNAPSHOT/hadoop-hdds-container-service-1.1.0-SNAPSHOT.jar!/webapps/hddsDatanode}
2020-12-08 14:47:06,531 [Listener at 127.0.0.1/38785] INFO  server.AbstractConnector (AbstractConnector.java:doStop(381)) - Stopped ServerConnector@46b8a834{HTTP/1.1, (http/1.1)}{0.0.0.0:0}
2020-12-08 14:47:06,531 [Listener at 127.0.0.1/38785] INFO  server.session (HouseKeeper.java:stopScavenging(149)) - node0 Stopped scavenging
2020-12-08 14:47:06,532 [Listener at 127.0.0.1/38785] INFO  handler.ContextHandler (ContextHandler.java:doStop(1154)) - Stopped o.e.j.s.ServletContextHandler@ce11242{static,/static,jar:file:/home/user/.m2/repository/org/apache/hadoop/hadoop-hdds-container-service/1.1.0-SNAPSHOT/hadoop-hdds-container-service-1.1.0-SNAPSHOT.jar!/webapps/static,STOPPED}
2020-12-08 14:47:06,532 [Listener at 127.0.0.1/38785] INFO  handler.ContextHandler (ContextHandler.java:doStop(1154)) - Stopped o.e.j.s.ServletContextHandler@2b434d20{logs,/logs,file:///github/workspace/mnt/ozone/hadoop-ozone/integration-test/target/log,STOPPED}
2020-12-08 14:47:06,539 [ForkJoinPool.commonPool-worker-0] INFO  handler.ContextHandler (ContextHandler.java:doStop(1154)) - Stopped o.e.j.w.WebAppContext@525d5b1c{hddsDatanode,/,null,STOPPED}{jar:file:/home/user/.m2/repository/org/apache/hadoop/hadoop-hdds-container-service/1.1.0-SNAPSHOT/hadoop-hdds-container-service-1.1.0-SNAPSHOT.jar!/webapps/hddsDatanode}
2020-12-08 14:47:06,540 [ForkJoinPool.commonPool-worker-0] INFO  server.AbstractConnector (AbstractConnector.java:doStop(381)) - Stopped ServerConnector@7ab6d20d{HTTP/1.1, (http/1.1)}{0.0.0.0:0}
2020-12-08 14:47:06,540 [ForkJoinPool.commonPool-worker-0] INFO  server.session (HouseKeeper.java:stopScavenging(149)) - node0 Stopped scavenging
2020-12-08 14:47:06,540 [ForkJoinPool.commonPool-worker-0] INFO  handler.ContextHandler (ContextHandler.java:doStop(1154)) - Stopped o.e.j.s.ServletContextHandler@22fa7f11{static,/static,jar:file:/home/user/.m2/repository/org/apache/hadoop/hadoop-hdds-container-service/1.1.0-SNAPSHOT/hadoop-hdds-container-service-1.1.0-SNAPSHOT.jar!/webapps/static,STOPPED}
2020-12-08 14:47:06,541 [ForkJoinPool.commonPool-worker-0] INFO  handler.ContextHandler (ContextHandler.java:doStop(1154)) - Stopped o.e.j.s.ServletContextHandler@f9ad937{logs,/logs,file:///github/workspace/mnt/ozone/hadoop-ozone/integration-test/target/log,STOPPED}
2020-12-08 14:47:06,664 [Datanode State Machine Thread - 0] INFO  statemachine.DatanodeStateMachine (DatanodeStateMachine.java:lambda$startDaemon$0(408)) - Ozone container server started.
2020-12-08 14:47:07,045 [Datanode State Machine Thread - 0] INFO  statemachine.DatanodeStateMachine (DatanodeStateMachine.java:lambda$startDaemon$0(408)) - Ozone container server started.
2020-12-08 14:47:08,067 [Thread-644] INFO  impl.FollowerState (FollowerState.java:run(128)) - bba845ab-d614-4a63-bf49-d4775724033f@group-37E6DBA041D2-FollowerState: change to CANDIDATE, lastRpcTime:7989ms, electionTimeout:5041ms
2020-12-08 14:47:08,067 [Thread-644] INFO  impl.RoleInfo (RoleInfo.java:shutdownFollowerState(121)) - bba845ab-d614-4a63-bf49-d4775724033f: shutdown bba845ab-d614-4a63-bf49-d4775724033f@group-37E6DBA041D2-FollowerState
2020-12-08 14:47:08,068 [Thread-644] INFO  impl.RaftServerImpl (RaftServerImpl.java:setRole(204)) - bba845ab-d614-4a63-bf49-d4775724033f@group-37E6DBA041D2: changes role from  FOLLOWER to CANDIDATE at term 1 for changeToCandidate
2020-12-08 14:47:08,068 [Thread-644] INFO  impl.RoleInfo (RoleInfo.java:updateAndGet(143)) - bba845ab-d614-4a63-bf49-d4775724033f: start bba845ab-d614-4a63-bf49-d4775724033f@group-37E6DBA041D2-LeaderElection21
2020-12-08 14:47:08,069 [bba845ab-d614-4a63-bf49-d4775724033f@group-37E6DBA041D2-LeaderElection21] INFO  impl.RaftServerImpl (ServerState.java:setLeader(256)) - bba845ab-d614-4a63-bf49-d4775724033f@group-37E6DBA041D2: change Leader from 197ed019-3b66-4a5a-8ebb-716a9f0e2ab5 to null at term 1 for initElection
2020-12-08 14:47:08,070 [bba845ab-d614-4a63-bf49-d4775724033f@group-37E6DBA041D2-LeaderElection21] INFO  impl.LeaderElection (LeaderElection.java:askForVotes(215)) - bba845ab-d614-4a63-bf49-d4775724033f@group-37E6DBA041D2-LeaderElection21: begin an election at term 2 for 0: [197ed019-3b66-4a5a-8ebb-716a9f0e2ab5|rpc:172.17.0.2:37931|dataStream:, bba845ab-d614-4a63-bf49-d4775724033f|rpc:172.17.0.2:35129|dataStream:, e06d1ff1-a20f-4588-91bb-f8f9c9d2192c|rpc:172.17.0.2:39309|dataStream:], old=null
2020-12-08 14:47:08,075 [bba845ab-d614-4a63-bf49-d4775724033f@group-37E6DBA041D2-LeaderElection21] INFO  impl.LeaderElection (LogUtils.java:infoOrTrace(137)) - bba845ab-d614-4a63-bf49-d4775724033f@group-37E6DBA041D2-LeaderElection21 got exception when requesting votes: java.util.concurrent.ExecutionException: org.apache.ratis.thirdparty.io.grpc.StatusRuntimeException: UNAVAILABLE: io exception
2020-12-08 14:47:08,077 [bba845ab-d614-4a63-bf49-d4775724033f@group-37E6DBA041D2-LeaderElection21] INFO  impl.LeaderElection (LogUtils.java:infoOrTrace(137)) - bba845ab-d614-4a63-bf49-d4775724033f@group-37E6DBA041D2-LeaderElection21 got exception when requesting votes: java.util.concurrent.ExecutionException: org.apache.ratis.thirdparty.io.grpc.StatusRuntimeException: UNAVAILABLE: io exception
2020-12-08 14:47:08,077 [bba845ab-d614-4a63-bf49-d4775724033f@group-37E6DBA041D2-LeaderElection21] INFO  impl.LeaderElection (LeaderElection.java:logAndReturn(65)) - bba845ab-d614-4a63-bf49-d4775724033f@group-37E6DBA041D2-LeaderElection21: Election REJECTED; received 0 response(s) [] and 2 exception(s); bba845ab-d614-4a63-bf49-d4775724033f@group-37E6DBA041D2:t2, leader=null, voted=bba845ab-d614-4a63-bf49-d4775724033f, raftlog=bba845ab-d614-4a63-bf49-d4775724033f@group-37E6DBA041D2-SegmentedRaftLog:OPENED:c0,f0,i0, conf=0: [197ed019-3b66-4a5a-8ebb-716a9f0e2ab5|rpc:172.17.0.2:37931|dataStream:, bba845ab-d614-4a63-bf49-d4775724033f|rpc:172.17.0.2:35129|dataStream:, e06d1ff1-a20f-4588-91bb-f8f9c9d2192c|rpc:172.17.0.2:39309|dataStream:], old=null
2020-12-08 14:47:08,077 [bba845ab-d614-4a63-bf49-d4775724033f@group-37E6DBA041D2-LeaderElection21] INFO  impl.LeaderElection (LogUtils.java:infoOrTrace(137)) -   Exception 0: java.util.concurrent.ExecutionException: org.apache.ratis.thirdparty.io.grpc.StatusRuntimeException: UNAVAILABLE: io exception
2020-12-08 14:47:08,077 [bba845ab-d614-4a63-bf49-d4775724033f@group-37E6DBA041D2-LeaderElection21] INFO  impl.LeaderElection (LogUtils.java:infoOrTrace(137)) -   Exception 1: java.util.concurrent.ExecutionException: org.apache.ratis.thirdparty.io.grpc.StatusRuntimeException: UNAVAILABLE: io exception
2020-12-08 14:47:08,077 [bba845ab-d614-4a63-bf49-d4775724033f@group-37E6DBA041D2-LeaderElection21] INFO  impl.RaftServerImpl (RaftServerImpl.java:setRole(204)) - bba845ab-d614-4a63-bf49-d4775724033f@group-37E6DBA041D2: changes role from CANDIDATE to FOLLOWER at term 2 for DISCOVERED_A_NEW_TERM
2020-12-08 14:47:08,077 [bba845ab-d614-4a63-bf49-d4775724033f@group-37E6DBA041D2-LeaderElection21] INFO  impl.RoleInfo (RoleInfo.java:shutdownLeaderElection(134)) - bba845ab-d614-4a63-bf49-d4775724033f: shutdown bba845ab-d614-4a63-bf49-d4775724033f@group-37E6DBA041D2-LeaderElection21
2020-12-08 14:47:08,078 [bba845ab-d614-4a63-bf49-d4775724033f@group-37E6DBA041D2-LeaderElection21] INFO  impl.RoleInfo (RoleInfo.java:updateAndGet(143)) - bba845ab-d614-4a63-bf49-d4775724033f: start bba845ab-d614-4a63-bf49-d4775724033f@group-37E6DBA041D2-FollowerState
2020-12-08 14:47:11,533 [Listener at 127.0.0.1/38785] INFO  ozoneimpl.OzoneContainer (OzoneContainer.java:stop(257)) - Attempting to stop container services.
2020-12-08 14:47:11,534 [Listener at 127.0.0.1/38785] INFO  impl.RaftServerProxy (RaftServerProxy.java:lambda$close$4(338)) - 56e78f60-04c2-4b0b-90ce-c38122db5462: close
2020-12-08 14:47:11,535 [Listener at 127.0.0.1/38785] INFO  impl.RaftServerImpl (RaftServerImpl.java:lambda$shutdown$3(328)) - 56e78f60-04c2-4b0b-90ce-c38122db5462@group-8B94E86A2CF7: shutdown
2020-12-08 14:47:11,535 [Listener at 127.0.0.1/38785] INFO  util.JmxRegister (JmxRegister.java:unregister(73)) - Successfully un-registered JMX Bean with object name Ratis:service=RaftServer,group=group-8B94E86A2CF7,id=56e78f60-04c2-4b0b-90ce-c38122db5462
2020-12-08 14:47:11,535 [Listener at 127.0.0.1/38785] INFO  impl.RoleInfo (RoleInfo.java:shutdownLeaderState(104)) - 56e78f60-04c2-4b0b-90ce-c38122db5462: shutdown 56e78f60-04c2-4b0b-90ce-c38122db5462@group-8B94E86A2CF7-LeaderState
2020-12-08 14:47:11,535 [Listener at 127.0.0.1/38785] INFO  impl.PendingRequests (PendingRequests.java:sendNotLeaderResponses(250)) - 56e78f60-04c2-4b0b-90ce-c38122db5462@group-8B94E86A2CF7-PendingRequests: sendNotLeaderResponses
2020-12-08 14:47:11,538 [Listener at 127.0.0.1/38785] INFO  metrics.RatisMetrics (RatisMetrics.java:unregister(43)) - Unregistering Metrics Registry : ratis.log_appender.56e78f60-04c2-4b0b-90ce-c38122db5462@group-8B94E86A2CF7
2020-12-08 14:47:11,539 [Listener at 127.0.0.1/38785] INFO  metrics.RatisMetrics (RatisMetrics.java:unregister(43)) - Unregistering Metrics Registry : ratis.server.56e78f60-04c2-4b0b-90ce-c38122db5462@group-8B94E86A2CF7
2020-12-08 14:47:11,542 [Listener at 127.0.0.1/38785] INFO  impl.StateMachineUpdater (StateMachineUpdater.java:stopAndJoin(147)) - 56e78f60-04c2-4b0b-90ce-c38122db5462@group-8B94E86A2CF7-StateMachineUpdater: set stopIndex = 18
2020-12-08 14:47:11,542 [56e78f60-04c2-4b0b-90ce-c38122db5462@group-8B94E86A2CF7-StateMachineUpdater] INFO  ratis.ContainerStateMachine (ContainerStateMachine.java:takeSnapshot(293)) - group-8B94E86A2CF7: Taking a snapshot at:(t:1, i:18) file /github/workspace/mnt/ozone/hadoop-ozone/integration-test/target/test-dir/MiniOzoneClusterImpl-cfd0bfd1-2e20-40f2-b3a5-c30c0e76baf6/datanode-6/data/ratis/29100af8-f690-4ee9-8414-8b94e86a2cf7/sm/snapshot.1_18
2020-12-08 14:47:11,543 [ForkJoinPool.commonPool-worker-0] INFO  ozoneimpl.OzoneContainer (OzoneContainer.java:stop(257)) - Attempting to stop container services.
2020-12-08 14:47:11,543 [ForkJoinPool.commonPool-worker-0] INFO  impl.RaftServerProxy (RaftServerProxy.java:lambda$close$4(338)) - 4c010680-8565-4d64-a077-2e0de5ba36c4: close
2020-12-08 14:47:11,543 [ForkJoinPool.commonPool-worker-0] INFO  impl.RaftServerImpl (RaftServerImpl.java:lambda$shutdown$3(328)) - 4c010680-8565-4d64-a077-2e0de5ba36c4@group-1A944CDF527B: shutdown
2020-12-08 14:47:11,543 [ForkJoinPool.commonPool-worker-0] INFO  util.JmxRegister (JmxRegister.java:unregister(73)) - Successfully un-registered JMX Bean with object name Ratis:service=RaftServer,group=group-1A944CDF527B,id=4c010680-8565-4d64-a077-2e0de5ba36c4
2020-12-08 14:47:11,543 [ForkJoinPool.commonPool-worker-0] INFO  impl.RoleInfo (RoleInfo.java:shutdownLeaderState(104)) - 4c010680-8565-4d64-a077-2e0de5ba36c4: shutdown 4c010680-8565-4d64-a077-2e0de5ba36c4@group-1A944CDF527B-LeaderState
2020-12-08 14:47:11,544 [ForkJoinPool.commonPool-worker-0] INFO  impl.PendingRequests (PendingRequests.java:sendNotLeaderResponses(250)) - 4c010680-8565-4d64-a077-2e0de5ba36c4@group-1A944CDF527B-PendingRequests: sendNotLeaderResponses
2020-12-08 14:47:11,544 [ForkJoinPool.commonPool-worker-0] INFO  metrics.RatisMetrics (RatisMetrics.java:unregister(43)) - Unregistering Metrics Registry : ratis.log_appender.4c010680-8565-4d64-a077-2e0de5ba36c4@group-1A944CDF527B
2020-12-08 14:47:11,544 [ForkJoinPool.commonPool-worker-0] INFO  metrics.RatisMetrics (RatisMetrics.java:unregister(43)) - Unregistering Metrics Registry : ratis.server.4c010680-8565-4d64-a077-2e0de5ba36c4@group-1A944CDF527B
2020-12-08 14:47:11,544 [ForkJoinPool.commonPool-worker-0] INFO  impl.StateMachineUpdater (StateMachineUpdater.java:stopAndJoin(147)) - 4c010680-8565-4d64-a077-2e0de5ba36c4@group-1A944CDF527B-StateMachineUpdater: set stopIndex = 0
2020-12-08 14:47:11,545 [4c010680-8565-4d64-a077-2e0de5ba36c4@group-1A944CDF527B-StateMachineUpdater] INFO  ratis.ContainerStateMachine (ContainerStateMachine.java:takeSnapshot(293)) - group-1A944CDF527B: Taking a snapshot at:(t:1, i:0) file /github/workspace/mnt/ozone/hadoop-ozone/integration-test/target/test-dir/MiniOzoneClusterImpl-cfd0bfd1-2e20-40f2-b3a5-c30c0e76baf6/datanode-0/data/ratis/3b7928d0-2109-423a-9782-1a944cdf527b/sm/snapshot.1_0
2020-12-08 14:47:11,545 [56e78f60-04c2-4b0b-90ce-c38122db5462@group-8B94E86A2CF7-StateMachineUpdater] INFO  ratis.ContainerStateMachine (ContainerStateMachine.java:takeSnapshot(304)) - group-8B94E86A2CF7: Finished taking a snapshot at:(t:1, i:18) file:/github/workspace/mnt/ozone/hadoop-ozone/integration-test/target/test-dir/MiniOzoneClusterImpl-cfd0bfd1-2e20-40f2-b3a5-c30c0e76baf6/datanode-6/data/ratis/29100af8-f690-4ee9-8414-8b94e86a2cf7/sm/snapshot.1_18 time:3
2020-12-08 14:47:11,545 [56e78f60-04c2-4b0b-90ce-c38122db5462@group-8B94E86A2CF7-StateMachineUpdater] INFO  impl.StateMachineUpdater (StateMachineUpdater.java:takeSnapshot(278)) - 56e78f60-04c2-4b0b-90ce-c38122db5462@group-8B94E86A2CF7-StateMachineUpdater: Took a snapshot at index 18
2020-12-08 14:47:11,545 [4c010680-8565-4d64-a077-2e0de5ba36c4@group-1A944CDF527B-StateMachineUpdater] INFO  ratis.ContainerStateMachine (ContainerStateMachine.java:takeSnapshot(304)) - group-1A944CDF527B: Finished taking a snapshot at:(t:1, i:0) file:/github/workspace/mnt/ozone/hadoop-ozone/integration-test/target/test-dir/MiniOzoneClusterImpl-cfd0bfd1-2e20-40f2-b3a5-c30c0e76baf6/datanode-0/data/ratis/3b7928d0-2109-423a-9782-1a944cdf527b/sm/snapshot.1_0 time:1
2020-12-08 14:47:11,545 [56e78f60-04c2-4b0b-90ce-c38122db5462@group-8B94E86A2CF7-StateMachineUpdater] INFO  impl.StateMachineUpdater (StateMachineUpdater.java:lambda$new$0(87)) - 56e78f60-04c2-4b0b-90ce-c38122db5462@group-8B94E86A2CF7-StateMachineUpdater: snapshotIndex: updateIncreasingly -1 -> 18
2020-12-08 14:47:11,546 [4c010680-8565-4d64-a077-2e0de5ba36c4@group-1A944CDF527B-StateMachineUpdater] INFO  impl.StateMachineUpdater (StateMachineUpdater.java:takeSnapshot(278)) - 4c010680-8565-4d64-a077-2e0de5ba36c4@group-1A944CDF527B-StateMachineUpdater: Took a snapshot at index 0
2020-12-08 14:47:11,546 [4c010680-8565-4d64-a077-2e0de5ba36c4@group-1A944CDF527B-StateMachineUpdater] INFO  impl.StateMachineUpdater (StateMachineUpdater.java:lambda$new$0(87)) - 4c010680-8565-4d64-a077-2e0de5ba36c4@group-1A944CDF527B-StateMachineUpdater: snapshotIndex: updateIncreasingly -1 -> 0
2020-12-08 14:47:11,546 [4c010680-8565-4d64-a077-2e0de5ba36c4@group-1A944CDF527B-StateMachineUpdater] INFO  metrics.RatisMetrics (RatisMetrics.java:unregister(43)) - Unregistering Metrics Registry : ratis.state_machine.4c010680-8565-4d64-a077-2e0de5ba36c4@group-1A944CDF527B
2020-12-08 14:47:11,546 [56e78f60-04c2-4b0b-90ce-c38122db5462@group-8B94E86A2CF7-StateMachineUpdater] INFO  metrics.RatisMetrics (RatisMetrics.java:unregister(43)) - Unregistering Metrics Registry : ratis.state_machine.56e78f60-04c2-4b0b-90ce-c38122db5462@group-8B94E86A2CF7
2020-12-08 14:47:11,546 [Listener at 127.0.0.1/38785] INFO  impl.RaftServerImpl (ServerState.java:close(406)) - 56e78f60-04c2-4b0b-90ce-c38122db5462@group-8B94E86A2CF7: closes. applyIndex: 18
2020-12-08 14:47:11,546 [ForkJoinPool.commonPool-worker-0] INFO  impl.RaftServerImpl (ServerState.java:close(406)) - 4c010680-8565-4d64-a077-2e0de5ba36c4@group-1A944CDF527B: closes. applyIndex: 0
2020-12-08 14:47:11,546 [56e78f60-04c2-4b0b-90ce-c38122db5462@group-8B94E86A2CF7-SegmentedRaftLogWorker] INFO  segmented.SegmentedRaftLogWorker (SegmentedRaftLogWorker.java:run(329)) - 56e78f60-04c2-4b0b-90ce-c38122db5462@group-8B94E86A2CF7-SegmentedRaftLogWorker was interrupted, exiting. There are 0 tasks remaining in the queue.
2020-12-08 14:47:11,547 [4c010680-8565-4d64-a077-2e0de5ba36c4@group-1A944CDF527B-SegmentedRaftLogWorker] INFO  segmented.SegmentedRaftLogWorker (SegmentedRaftLogWorker.java:run(329)) - 4c010680-8565-4d64-a077-2e0de5ba36c4@group-1A944CDF527B-SegmentedRaftLogWorker was interrupted, exiting. There are 0 tasks remaining in the queue.
2020-12-08 14:47:11,547 [Listener at 127.0.0.1/38785] INFO  segmented.SegmentedRaftLogWorker (SegmentedRaftLogWorker.java:close(235)) - 56e78f60-04c2-4b0b-90ce-c38122db5462@group-8B94E86A2CF7-SegmentedRaftLogWorker close()
2020-12-08 14:47:11,547 [ForkJoinPool.commonPool-worker-0] INFO  segmented.SegmentedRaftLogWorker (SegmentedRaftLogWorker.java:close(235)) - 4c010680-8565-4d64-a077-2e0de5ba36c4@group-1A944CDF527B-SegmentedRaftLogWorker close()
2020-12-08 14:47:11,549 [ForkJoinPool.commonPool-worker-0] INFO  metrics.RatisMetrics (RatisMetrics.java:unregister(43)) - Unregistering Metrics Registry : ratis.log_worker.4c010680-8565-4d64-a077-2e0de5ba36c4@group-1A944CDF527B
2020-12-08 14:47:11,549 [Listener at 127.0.0.1/38785] INFO  metrics.RatisMetrics (RatisMetrics.java:unregister(43)) - Unregistering Metrics Registry : ratis.log_worker.56e78f60-04c2-4b0b-90ce-c38122db5462@group-8B94E86A2CF7
2020-12-08 14:47:11,549 [ForkJoinPool.commonPool-worker-0] INFO  metrics.RatisMetrics (RatisMetrics.java:unregister(43)) - Unregistering Metrics Registry : ratis.leader_election.4c010680-8565-4d64-a077-2e0de5ba36c4@group-1A944CDF527B
2020-12-08 14:47:11,549 [Listener at 127.0.0.1/38785] INFO  metrics.RatisMetrics (RatisMetrics.java:unregister(43)) - Unregistering Metrics Registry : ratis.leader_election.56e78f60-04c2-4b0b-90ce-c38122db5462@group-8B94E86A2CF7
2020-12-08 14:47:11,550 [Listener at 127.0.0.1/38785] INFO  metrics.RatisMetrics (RatisMetrics.java:unregister(43)) - Unregistering Metrics Registry : ratis.server.56e78f60-04c2-4b0b-90ce-c38122db5462@group-8B94E86A2CF7
2020-12-08 14:47:11,550 [Listener at 127.0.0.1/38785] INFO  server.GrpcService (GrpcService.java:closeImpl(184)) - 56e78f60-04c2-4b0b-90ce-c38122db5462: shutdown server with port 33181 now
2020-12-08 14:47:11,550 [ForkJoinPool.commonPool-worker-0] INFO  metrics.RatisMetrics (RatisMetrics.java:unregister(43)) - Unregistering Metrics Registry : ratis.server.4c010680-8565-4d64-a077-2e0de5ba36c4@group-1A944CDF527B
2020-12-08 14:47:11,552 [ForkJoinPool.commonPool-worker-0] INFO  impl.RaftServerImpl (RaftServerImpl.java:lambda$shutdown$3(328)) - 4c010680-8565-4d64-a077-2e0de5ba36c4@group-AE8BFC6110D3: shutdown
2020-12-08 14:47:11,552 [ForkJoinPool.commonPool-worker-0] INFO  util.JmxRegister (JmxRegister.java:unregister(73)) - Successfully un-registered JMX Bean with object name Ratis:service=RaftServer,group=group-AE8BFC6110D3,id=4c010680-8565-4d64-a077-2e0de5ba36c4
2020-12-08 14:47:11,552 [ForkJoinPool.commonPool-worker-0] INFO  impl.RoleInfo (RoleInfo.java:shutdownFollowerState(121)) - 4c010680-8565-4d64-a077-2e0de5ba36c4: shutdown 4c010680-8565-4d64-a077-2e0de5ba36c4@group-AE8BFC6110D3-FollowerState
2020-12-08 14:47:11,552 [4c010680-8565-4d64-a077-2e0de5ba36c4@group-AE8BFC6110D3-StateMachineUpdater] INFO  ratis.ContainerStateMachine (ContainerStateMachine.java:takeSnapshot(293)) - group-AE8BFC6110D3: Taking a snapshot at:(t:1, i:0) file /github/workspace/mnt/ozone/hadoop-ozone/integration-test/target/test-dir/MiniOzoneClusterImpl-cfd0bfd1-2e20-40f2-b3a5-c30c0e76baf6/datanode-0/data/ratis/2a4f07f3-31a7-4c26-acdb-ae8bfc6110d3/sm/snapshot.1_0
2020-12-08 14:47:11,552 [Thread-624] INFO  impl.FollowerState (FollowerState.java:run(137)) - 4c010680-8565-4d64-a077-2e0de5ba36c4@group-AE8BFC6110D3-FollowerState was interrupted: {}
java.lang.InterruptedException: sleep interrupted
	at java.lang.Thread.sleep(Native Method)
	at org.apache.ratis.util.JavaUtils.sleep(JavaUtils.java:250)
	at org.apache.ratis.server.impl.FollowerState.run(FollowerState.java:116)
2020-12-08 14:47:11,553 [Listener at 127.0.0.1/38785] INFO  server.GrpcService (GrpcService.java:closeImpl(193)) - 56e78f60-04c2-4b0b-90ce-c38122db5462: shutdown server with port 33181 successfully
2020-12-08 14:47:11,553 [ForkJoinPool.commonPool-worker-0] INFO  impl.StateMachineUpdater (StateMachineUpdater.java:stopAndJoin(147)) - 4c010680-8565-4d64-a077-2e0de5ba36c4@group-AE8BFC6110D3-StateMachineUpdater: set stopIndex = 0
2020-12-08 14:47:11,553 [4c010680-8565-4d64-a077-2e0de5ba36c4@group-AE8BFC6110D3-StateMachineUpdater] INFO  ratis.ContainerStateMachine (ContainerStateMachine.java:takeSnapshot(304)) - group-AE8BFC6110D3: Finished taking a snapshot at:(t:1, i:0) file:/github/workspace/mnt/ozone/hadoop-ozone/integration-test/target/test-dir/MiniOzoneClusterImpl-cfd0bfd1-2e20-40f2-b3a5-c30c0e76baf6/datanode-0/data/ratis/2a4f07f3-31a7-4c26-acdb-ae8bfc6110d3/sm/snapshot.1_0 time:1
2020-12-08 14:47:11,554 [Listener at 127.0.0.1/38785] INFO  utils.BackgroundService (BackgroundService.java:shutdown(132)) - Shutting down service BlockDeletingService
2020-12-08 14:47:11,554 [4c010680-8565-4d64-a077-2e0de5ba36c4@group-AE8BFC6110D3-StateMachineUpdater] INFO  impl.StateMachineUpdater (StateMachineUpdater.java:takeSnapshot(278)) - 4c010680-8565-4d64-a077-2e0de5ba36c4@group-AE8BFC6110D3-StateMachineUpdater: Took a snapshot at index 0
2020-12-08 14:47:11,555 [4c010680-8565-4d64-a077-2e0de5ba36c4@group-AE8BFC6110D3-StateMachineUpdater] INFO  impl.StateMachineUpdater (StateMachineUpdater.java:lambda$new$0(87)) - 4c010680-8565-4d64-a077-2e0de5ba36c4@group-AE8BFC6110D3-StateMachineUpdater: snapshotIndex: updateIncreasingly -1 -> 0
2020-12-08 14:47:11,555 [4c010680-8565-4d64-a077-2e0de5ba36c4@group-AE8BFC6110D3-StateMachineUpdater] INFO  metrics.RatisMetrics (RatisMetrics.java:unregister(43)) - Unregistering Metrics Registry : ratis.state_machine.4c010680-8565-4d64-a077-2e0de5ba36c4@group-AE8BFC6110D3
2020-12-08 14:47:11,555 [ForkJoinPool.commonPool-worker-0] INFO  impl.RaftServerImpl (ServerState.java:close(406)) - 4c010680-8565-4d64-a077-2e0de5ba36c4@group-AE8BFC6110D3: closes. applyIndex: 0
2020-12-08 14:47:11,555 [4c010680-8565-4d64-a077-2e0de5ba36c4@group-AE8BFC6110D3-SegmentedRaftLogWorker] INFO  segmented.SegmentedRaftLogWorker (SegmentedRaftLogWorker.java:run(329)) - 4c010680-8565-4d64-a077-2e0de5ba36c4@group-AE8BFC6110D3-SegmentedRaftLogWorker was interrupted, exiting. There are 0 tasks remaining in the queue.
2020-12-08 14:47:11,556 [ForkJoinPool.commonPool-worker-0] INFO  segmented.SegmentedRaftLogWorker (SegmentedRaftLogWorker.java:close(235)) - 4c010680-8565-4d64-a077-2e0de5ba36c4@group-AE8BFC6110D3-SegmentedRaftLogWorker close()
2020-12-08 14:47:11,557 [ForkJoinPool.commonPool-worker-0] INFO  metrics.RatisMetrics (RatisMetrics.java:unregister(43)) - Unregistering Metrics Registry : ratis.log_worker.4c010680-8565-4d64-a077-2e0de5ba36c4@group-AE8BFC6110D3
2020-12-08 14:47:11,557 [ForkJoinPool.commonPool-worker-0] INFO  metrics.RatisMetrics (RatisMetrics.java:unregister(43)) - Unregistering Metrics Registry : ratis.leader_election.4c010680-8565-4d64-a077-2e0de5ba36c4@group-AE8BFC6110D3
2020-12-08 14:47:11,557 [ForkJoinPool.commonPool-worker-0] INFO  metrics.RatisMetrics (RatisMetrics.java:unregister(43)) - Unregistering Metrics Registry : ratis.server.4c010680-8565-4d64-a077-2e0de5ba36c4@group-AE8BFC6110D3
2020-12-08 14:47:11,557 [ForkJoinPool.commonPool-worker-0] INFO  server.GrpcService (GrpcService.java:closeImpl(184)) - 4c010680-8565-4d64-a077-2e0de5ba36c4: shutdown server with port 39775 now
2020-12-08 14:47:11,564 [ForkJoinPool.commonPool-worker-0] INFO  server.GrpcService (GrpcService.java:closeImpl(193)) - 4c010680-8565-4d64-a077-2e0de5ba36c4: shutdown server with port 39775 successfully
2020-12-08 14:47:11,569 [Listener at 127.0.0.1/38785] INFO  statemachine.DatanodeStateMachine (DatanodeStateMachine.java:stopDaemon(461)) - Ozone container server stopped.
2020-12-08 14:47:11,580 [ForkJoinPool.commonPool-worker-0] INFO  utils.BackgroundService (BackgroundService.java:shutdown(132)) - Shutting down service BlockDeletingService
2020-12-08 14:47:11,581 [ForkJoinPool.commonPool-worker-0] INFO  statemachine.DatanodeStateMachine (DatanodeStateMachine.java:stopDaemon(461)) - Ozone container server stopped.
2020-12-08 14:47:11,585 [Listener at 127.0.0.1/38785] INFO  handler.ContextHandler (ContextHandler.java:doStop(1154)) - Stopped o.e.j.w.WebAppContext@45f110c8{hddsDatanode,/,null,STOPPED}{jar:file:/home/user/.m2/repository/org/apache/hadoop/hadoop-hdds-container-service/1.1.0-SNAPSHOT/hadoop-hdds-container-service-1.1.0-SNAPSHOT.jar!/webapps/hddsDatanode}
2020-12-08 14:47:11,585 [Listener at 127.0.0.1/38785] INFO  server.AbstractConnector (AbstractConnector.java:doStop(381)) - Stopped ServerConnector@b205d1{HTTP/1.1, (http/1.1)}{0.0.0.0:0}
2020-12-08 14:47:11,585 [Listener at 127.0.0.1/38785] INFO  server.session (HouseKeeper.java:stopScavenging(149)) - node0 Stopped scavenging
2020-12-08 14:47:11,586 [Listener at 127.0.0.1/38785] INFO  handler.ContextHandler (ContextHandler.java:doStop(1154)) - Stopped o.e.j.s.ServletContextHandler@a2a2de4{static,/static,jar:file:/home/user/.m2/repository/org/apache/hadoop/hadoop-hdds-container-service/1.1.0-SNAPSHOT/hadoop-hdds-container-service-1.1.0-SNAPSHOT.jar!/webapps/static,STOPPED}
2020-12-08 14:47:11,586 [Listener at 127.0.0.1/38785] INFO  handler.ContextHandler (ContextHandler.java:doStop(1154)) - Stopped o.e.j.s.ServletContextHandler@4e23ea4d{logs,/logs,file:///github/workspace/mnt/ozone/hadoop-ozone/integration-test/target/log,STOPPED}
2020-12-08 14:47:11,590 [ForkJoinPool.commonPool-worker-0] INFO  handler.ContextHandler (ContextHandler.java:doStop(1154)) - Stopped o.e.j.w.WebAppContext@1a55c450{hddsDatanode,/,null,STOPPED}{jar:file:/home/user/.m2/repository/org/apache/hadoop/hadoop-hdds-container-service/1.1.0-SNAPSHOT/hadoop-hdds-container-service-1.1.0-SNAPSHOT.jar!/webapps/hddsDatanode}
2020-12-08 14:47:11,591 [ForkJoinPool.commonPool-worker-0] INFO  server.AbstractConnector (AbstractConnector.java:doStop(381)) - Stopped ServerConnector@774530e9{HTTP/1.1, (http/1.1)}{0.0.0.0:0}
2020-12-08 14:47:11,591 [ForkJoinPool.commonPool-worker-0] INFO  server.session (HouseKeeper.java:stopScavenging(149)) - node0 Stopped scavenging
2020-12-08 14:47:11,591 [ForkJoinPool.commonPool-worker-0] INFO  handler.ContextHandler (ContextHandler.java:doStop(1154)) - Stopped o.e.j.s.ServletContextHandler@65fcb3e8{static,/static,jar:file:/home/user/.m2/repository/org/apache/hadoop/hadoop-hdds-container-service/1.1.0-SNAPSHOT/hadoop-hdds-container-service-1.1.0-SNAPSHOT.jar!/webapps/static,STOPPED}
2020-12-08 14:47:11,592 [ForkJoinPool.commonPool-worker-0] INFO  handler.ContextHandler (ContextHandler.java:doStop(1154)) - Stopped o.e.j.s.ServletContextHandler@39a7621b{logs,/logs,file:///github/workspace/mnt/ozone/hadoop-ozone/integration-test/target/log,STOPPED}
2020-12-08 14:47:11,932 [Datanode State Machine Thread - 0] INFO  statemachine.DatanodeStateMachine (DatanodeStateMachine.java:lambda$startDaemon$0(408)) - Ozone container server started.
2020-12-08 14:47:13,176 [Thread-735] INFO  impl.FollowerState (FollowerState.java:run(128)) - bba845ab-d614-4a63-bf49-d4775724033f@group-37E6DBA041D2-FollowerState: change to CANDIDATE, lastRpcTime:5098ms, electionTimeout:5098ms
2020-12-08 14:47:13,177 [Thread-735] INFO  impl.RoleInfo (RoleInfo.java:shutdownFollowerState(121)) - bba845ab-d614-4a63-bf49-d4775724033f: shutdown bba845ab-d614-4a63-bf49-d4775724033f@group-37E6DBA041D2-FollowerState
2020-12-08 14:47:13,177 [Thread-735] INFO  impl.RaftServerImpl (RaftServerImpl.java:setRole(204)) - bba845ab-d614-4a63-bf49-d4775724033f@group-37E6DBA041D2: changes role from  FOLLOWER to CANDIDATE at term 2 for changeToCandidate
2020-12-08 14:47:13,177 [Thread-735] INFO  impl.RoleInfo (RoleInfo.java:updateAndGet(143)) - bba845ab-d614-4a63-bf49-d4775724033f: start bba845ab-d614-4a63-bf49-d4775724033f@group-37E6DBA041D2-LeaderElection22
2020-12-08 14:47:13,180 [bba845ab-d614-4a63-bf49-d4775724033f@group-37E6DBA041D2-LeaderElection22] INFO  impl.LeaderElection (LeaderElection.java:askForVotes(215)) - bba845ab-d614-4a63-bf49-d4775724033f@group-37E6DBA041D2-LeaderElection22: begin an election at term 3 for 0: [197ed019-3b66-4a5a-8ebb-716a9f0e2ab5|rpc:172.17.0.2:37931|dataStream:, bba845ab-d614-4a63-bf49-d4775724033f|rpc:172.17.0.2:35129|dataStream:, e06d1ff1-a20f-4588-91bb-f8f9c9d2192c|rpc:172.17.0.2:39309|dataStream:], old=null
2020-12-08 14:47:13,182 [bba845ab-d614-4a63-bf49-d4775724033f@group-37E6DBA041D2-LeaderElection22] INFO  impl.LeaderElection (LogUtils.java:infoOrTrace(137)) - bba845ab-d614-4a63-bf49-d4775724033f@group-37E6DBA041D2-LeaderElection22 got exception when requesting votes: java.util.concurrent.ExecutionException: org.apache.ratis.thirdparty.io.grpc.StatusRuntimeException: UNAVAILABLE: io exception
2020-12-08 14:47:13,182 [bba845ab-d614-4a63-bf49-d4775724033f@group-37E6DBA041D2-LeaderElection22] INFO  impl.LeaderElection (LogUtils.java:infoOrTrace(137)) - bba845ab-d614-4a63-bf49-d4775724033f@group-37E6DBA041D2-LeaderElection22 got exception when requesting votes: java.util.concurrent.ExecutionException: org.apache.ratis.thirdparty.io.grpc.StatusRuntimeException: UNAVAILABLE: io exception
2020-12-08 14:47:13,183 [bba845ab-d614-4a63-bf49-d4775724033f@group-37E6DBA041D2-LeaderElection22] INFO  impl.LeaderElection (LeaderElection.java:logAndReturn(65)) - bba845ab-d614-4a63-bf49-d4775724033f@group-37E6DBA041D2-LeaderElection22: Election REJECTED; received 0 response(s) [] and 2 exception(s); bba845ab-d614-4a63-bf49-d4775724033f@group-37E6DBA041D2:t3, leader=null, voted=bba845ab-d614-4a63-bf49-d4775724033f, raftlog=bba845ab-d614-4a63-bf49-d4775724033f@group-37E6DBA041D2-SegmentedRaftLog:OPENED:c0,f0,i0, conf=0: [197ed019-3b66-4a5a-8ebb-716a9f0e2ab5|rpc:172.17.0.2:37931|dataStream:, bba845ab-d614-4a63-bf49-d4775724033f|rpc:172.17.0.2:35129|dataStream:, e06d1ff1-a20f-4588-91bb-f8f9c9d2192c|rpc:172.17.0.2:39309|dataStream:], old=null
2020-12-08 14:47:13,183 [bba845ab-d614-4a63-bf49-d4775724033f@group-37E6DBA041D2-LeaderElection22] INFO  impl.LeaderElection (LogUtils.java:infoOrTrace(137)) -   Exception 0: java.util.concurrent.ExecutionException: org.apache.ratis.thirdparty.io.grpc.StatusRuntimeException: UNAVAILABLE: io exception
2020-12-08 14:47:13,183 [bba845ab-d614-4a63-bf49-d4775724033f@group-37E6DBA041D2-LeaderElection22] INFO  impl.LeaderElection (LogUtils.java:infoOrTrace(137)) -   Exception 1: java.util.concurrent.ExecutionException: org.apache.ratis.thirdparty.io.grpc.StatusRuntimeException: UNAVAILABLE: io exception
2020-12-08 14:47:13,183 [bba845ab-d614-4a63-bf49-d4775724033f@group-37E6DBA041D2-LeaderElection22] INFO  impl.RaftServerImpl (RaftServerImpl.java:setRole(204)) - bba845ab-d614-4a63-bf49-d4775724033f@group-37E6DBA041D2: changes role from CANDIDATE to FOLLOWER at term 3 for DISCOVERED_A_NEW_TERM
2020-12-08 14:47:13,184 [bba845ab-d614-4a63-bf49-d4775724033f@group-37E6DBA041D2-LeaderElection22] INFO  impl.RoleInfo (RoleInfo.java:shutdownLeaderElection(134)) - bba845ab-d614-4a63-bf49-d4775724033f: shutdown bba845ab-d614-4a63-bf49-d4775724033f@group-37E6DBA041D2-LeaderElection22
2020-12-08 14:47:13,184 [bba845ab-d614-4a63-bf49-d4775724033f@group-37E6DBA041D2-LeaderElection22] INFO  impl.RoleInfo (RoleInfo.java:updateAndGet(143)) - bba845ab-d614-4a63-bf49-d4775724033f: start bba845ab-d614-4a63-bf49-d4775724033f@group-37E6DBA041D2-FollowerState
2020-12-08 14:47:16,589 [Listener at 127.0.0.1/38785] INFO  ozoneimpl.OzoneContainer (OzoneContainer.java:stop(257)) - Attempting to stop container services.
2020-12-08 14:47:16,590 [Listener at 127.0.0.1/38785] INFO  impl.RaftServerProxy (RaftServerProxy.java:lambda$close$4(338)) - bba845ab-d614-4a63-bf49-d4775724033f: close
2020-12-08 14:47:16,591 [Listener at 127.0.0.1/38785] INFO  impl.RaftServerImpl (RaftServerImpl.java:lambda$shutdown$3(328)) - bba845ab-d614-4a63-bf49-d4775724033f@group-90EAC9C2894E: shutdown
2020-12-08 14:47:16,591 [Listener at 127.0.0.1/38785] INFO  util.JmxRegister (JmxRegister.java:unregister(73)) - Successfully un-registered JMX Bean with object name Ratis:service=RaftServer,group=group-90EAC9C2894E,id=bba845ab-d614-4a63-bf49-d4775724033f
2020-12-08 14:47:16,592 [Listener at 127.0.0.1/38785] INFO  impl.RoleInfo (RoleInfo.java:shutdownLeaderState(104)) - bba845ab-d614-4a63-bf49-d4775724033f: shutdown bba845ab-d614-4a63-bf49-d4775724033f@group-90EAC9C2894E-LeaderState
2020-12-08 14:47:16,592 [Listener at 127.0.0.1/38785] INFO  impl.PendingRequests (PendingRequests.java:sendNotLeaderResponses(250)) - bba845ab-d614-4a63-bf49-d4775724033f@group-90EAC9C2894E-PendingRequests: sendNotLeaderResponses
2020-12-08 14:47:16,592 [Listener at 127.0.0.1/38785] INFO  metrics.RatisMetrics (RatisMetrics.java:unregister(43)) - Unregistering Metrics Registry : ratis.log_appender.bba845ab-d614-4a63-bf49-d4775724033f@group-90EAC9C2894E
2020-12-08 14:47:16,593 [Listener at 127.0.0.1/38785] INFO  metrics.RatisMetrics (RatisMetrics.java:unregister(43)) - Unregistering Metrics Registry : ratis.server.bba845ab-d614-4a63-bf49-d4775724033f@group-90EAC9C2894E
2020-12-08 14:47:16,593 [Listener at 127.0.0.1/38785] INFO  impl.StateMachineUpdater (StateMachineUpdater.java:stopAndJoin(147)) - bba845ab-d614-4a63-bf49-d4775724033f@group-90EAC9C2894E-StateMachineUpdater: set stopIndex = 0
2020-12-08 14:47:16,594 [bba845ab-d614-4a63-bf49-d4775724033f@group-90EAC9C2894E-StateMachineUpdater] INFO  ratis.ContainerStateMachine (ContainerStateMachine.java:takeSnapshot(293)) - group-90EAC9C2894E: Taking a snapshot at:(t:1, i:0) file /github/workspace/mnt/ozone/hadoop-ozone/integration-test/target/test-dir/MiniOzoneClusterImpl-cfd0bfd1-2e20-40f2-b3a5-c30c0e76baf6/datanode-5/data/ratis/9fdef4d8-79ef-4402-848d-90eac9c2894e/sm/snapshot.1_0
2020-12-08 14:47:16,595 [bba845ab-d614-4a63-bf49-d4775724033f@group-90EAC9C2894E-StateMachineUpdater] INFO  ratis.ContainerStateMachine (ContainerStateMachine.java:takeSnapshot(304)) - group-90EAC9C2894E: Finished taking a snapshot at:(t:1, i:0) file:/github/workspace/mnt/ozone/hadoop-ozone/integration-test/target/test-dir/MiniOzoneClusterImpl-cfd0bfd1-2e20-40f2-b3a5-c30c0e76baf6/datanode-5/data/ratis/9fdef4d8-79ef-4402-848d-90eac9c2894e/sm/snapshot.1_0 time:1
2020-12-08 14:47:16,595 [bba845ab-d614-4a63-bf49-d4775724033f@group-90EAC9C2894E-StateMachineUpdater] INFO  impl.StateMachineUpdater (StateMachineUpdater.java:takeSnapshot(278)) - bba845ab-d614-4a63-bf49-d4775724033f@group-90EAC9C2894E-StateMachineUpdater: Took a snapshot at index 0
2020-12-08 14:47:16,595 [bba845ab-d614-4a63-bf49-d4775724033f@group-90EAC9C2894E-StateMachineUpdater] INFO  impl.StateMachineUpdater (StateMachineUpdater.java:lambda$new$0(87)) - bba845ab-d614-4a63-bf49-d4775724033f@group-90EAC9C2894E-StateMachineUpdater: snapshotIndex: updateIncreasingly -1 -> 0
2020-12-08 14:47:16,596 [bba845ab-d614-4a63-bf49-d4775724033f@group-90EAC9C2894E-StateMachineUpdater] INFO  metrics.RatisMetrics (RatisMetrics.java:unregister(43)) - Unregistering Metrics Registry : ratis.state_machine.bba845ab-d614-4a63-bf49-d4775724033f@group-90EAC9C2894E
2020-12-08 14:47:16,596 [Listener at 127.0.0.1/38785] INFO  impl.RaftServerImpl (ServerState.java:close(406)) - bba845ab-d614-4a63-bf49-d4775724033f@group-90EAC9C2894E: closes. applyIndex: 0
2020-12-08 14:47:16,596 [bba845ab-d614-4a63-bf49-d4775724033f@group-90EAC9C2894E-SegmentedRaftLogWorker] INFO  segmented.SegmentedRaftLogWorker (SegmentedRaftLogWorker.java:run(329)) - bba845ab-d614-4a63-bf49-d4775724033f@group-90EAC9C2894E-SegmentedRaftLogWorker was interrupted, exiting. There are 0 tasks remaining in the queue.
2020-12-08 14:47:16,597 [Listener at 127.0.0.1/38785] INFO  segmented.SegmentedRaftLogWorker (SegmentedRaftLogWorker.java:close(235)) - bba845ab-d614-4a63-bf49-d4775724033f@group-90EAC9C2894E-SegmentedRaftLogWorker close()
2020-12-08 14:47:16,597 [Listener at 127.0.0.1/38785] INFO  metrics.RatisMetrics (RatisMetrics.java:unregister(43)) - Unregistering Metrics Registry : ratis.log_worker.bba845ab-d614-4a63-bf49-d4775724033f@group-90EAC9C2894E
2020-12-08 14:47:16,597 [Listener at 127.0.0.1/38785] INFO  metrics.RatisMetrics (RatisMetrics.java:unregister(43)) - Unregistering Metrics Registry : ratis.leader_election.bba845ab-d614-4a63-bf49-d4775724033f@group-90EAC9C2894E
2020-12-08 14:47:16,597 [Listener at 127.0.0.1/38785] INFO  metrics.RatisMetrics (RatisMetrics.java:unregister(43)) - Unregistering Metrics Registry : ratis.server.bba845ab-d614-4a63-bf49-d4775724033f@group-90EAC9C2894E
2020-12-08 14:47:16,597 [Listener at 127.0.0.1/38785] INFO  impl.RaftServerImpl (RaftServerImpl.java:lambda$shutdown$3(328)) - bba845ab-d614-4a63-bf49-d4775724033f@group-37E6DBA041D2: shutdown
2020-12-08 14:47:16,598 [Listener at 127.0.0.1/38785] INFO  util.JmxRegister (JmxRegister.java:unregister(73)) - Successfully un-registered JMX Bean with object name Ratis:service=RaftServer,group=group-37E6DBA041D2,id=bba845ab-d614-4a63-bf49-d4775724033f
2020-12-08 14:47:16,598 [Listener at 127.0.0.1/38785] INFO  impl.RoleInfo (RoleInfo.java:shutdownFollowerState(121)) - bba845ab-d614-4a63-bf49-d4775724033f: shutdown bba845ab-d614-4a63-bf49-d4775724033f@group-37E6DBA041D2-FollowerState
2020-12-08 14:47:16,598 [Thread-739] INFO  impl.FollowerState (FollowerState.java:run(137)) - bba845ab-d614-4a63-bf49-d4775724033f@group-37E6DBA041D2-FollowerState was interrupted: {}
java.lang.InterruptedException: sleep interrupted
	at java.lang.Thread.sleep(Native Method)
	at org.apache.ratis.util.JavaUtils.sleep(JavaUtils.java:250)
	at org.apache.ratis.server.impl.FollowerState.run(FollowerState.java:116)
2020-12-08 14:47:16,598 [bba845ab-d614-4a63-bf49-d4775724033f@group-37E6DBA041D2-StateMachineUpdater] INFO  ratis.ContainerStateMachine (ContainerStateMachine.java:takeSnapshot(293)) - group-37E6DBA041D2: Taking a snapshot at:(t:1, i:0) file /github/workspace/mnt/ozone/hadoop-ozone/integration-test/target/test-dir/MiniOzoneClusterImpl-cfd0bfd1-2e20-40f2-b3a5-c30c0e76baf6/datanode-5/data/ratis/b06d860b-ea87-4438-ac4a-37e6dba041d2/sm/snapshot.1_0
2020-12-08 14:47:16,599 [Listener at 127.0.0.1/38785] INFO  impl.StateMachineUpdater (StateMachineUpdater.java:stopAndJoin(147)) - bba845ab-d614-4a63-bf49-d4775724033f@group-37E6DBA041D2-StateMachineUpdater: set stopIndex = 0
2020-12-08 14:47:16,600 [bba845ab-d614-4a63-bf49-d4775724033f@group-37E6DBA041D2-StateMachineUpdater] INFO  ratis.ContainerStateMachine (ContainerStateMachine.java:takeSnapshot(304)) - group-37E6DBA041D2: Finished taking a snapshot at:(t:1, i:0) file:/github/workspace/mnt/ozone/hadoop-ozone/integration-test/target/test-dir/MiniOzoneClusterImpl-cfd0bfd1-2e20-40f2-b3a5-c30c0e76baf6/datanode-5/data/ratis/b06d860b-ea87-4438-ac4a-37e6dba041d2/sm/snapshot.1_0 time:1
2020-12-08 14:47:16,600 [bba845ab-d614-4a63-bf49-d4775724033f@group-37E6DBA041D2-StateMachineUpdater] INFO  impl.StateMachineUpdater (StateMachineUpdater.java:takeSnapshot(278)) - bba845ab-d614-4a63-bf49-d4775724033f@group-37E6DBA041D2-StateMachineUpdater: Took a snapshot at index 0
2020-12-08 14:47:16,600 [bba845ab-d614-4a63-bf49-d4775724033f@group-37E6DBA041D2-StateMachineUpdater] INFO  impl.StateMachineUpdater (StateMachineUpdater.java:lambda$new$0(87)) - bba845ab-d614-4a63-bf49-d4775724033f@group-37E6DBA041D2-StateMachineUpdater: snapshotIndex: updateIncreasingly -1 -> 0
2020-12-08 14:47:16,600 [bba845ab-d614-4a63-bf49-d4775724033f@group-37E6DBA041D2-StateMachineUpdater] INFO  metrics.RatisMetrics (RatisMetrics.java:unregister(43)) - Unregistering Metrics Registry : ratis.state_machine.bba845ab-d614-4a63-bf49-d4775724033f@group-37E6DBA041D2
2020-12-08 14:47:16,600 [Listener at 127.0.0.1/38785] INFO  impl.RaftServerImpl (ServerState.java:close(406)) - bba845ab-d614-4a63-bf49-d4775724033f@group-37E6DBA041D2: closes. applyIndex: 0
2020-12-08 14:47:16,600 [bba845ab-d614-4a63-bf49-d4775724033f@group-37E6DBA041D2-SegmentedRaftLogWorker] INFO  segmented.SegmentedRaftLogWorker (SegmentedRaftLogWorker.java:run(329)) - bba845ab-d614-4a63-bf49-d4775724033f@group-37E6DBA041D2-SegmentedRaftLogWorker was interrupted, exiting. There are 0 tasks remaining in the queue.
2020-12-08 14:47:16,601 [Listener at 127.0.0.1/38785] INFO  segmented.SegmentedRaftLogWorker (SegmentedRaftLogWorker.java:close(235)) - bba845ab-d614-4a63-bf49-d4775724033f@group-37E6DBA041D2-SegmentedRaftLogWorker close()
2020-12-08 14:47:16,601 [Listener at 127.0.0.1/38785] INFO  metrics.RatisMetrics (RatisMetrics.java:unregister(43)) - Unregistering Metrics Registry : ratis.log_worker.bba845ab-d614-4a63-bf49-d4775724033f@group-37E6DBA041D2
2020-12-08 14:47:16,601 [Listener at 127.0.0.1/38785] INFO  metrics.RatisMetrics (RatisMetrics.java:unregister(43)) - Unregistering Metrics Registry : ratis.leader_election.bba845ab-d614-4a63-bf49-d4775724033f@group-37E6DBA041D2
2020-12-08 14:47:16,601 [Listener at 127.0.0.1/38785] INFO  metrics.RatisMetrics (RatisMetrics.java:unregister(43)) - Unregistering Metrics Registry : ratis.server.bba845ab-d614-4a63-bf49-d4775724033f@group-37E6DBA041D2
2020-12-08 14:47:16,601 [Listener at 127.0.0.1/38785] INFO  server.GrpcService (GrpcService.java:closeImpl(184)) - bba845ab-d614-4a63-bf49-d4775724033f: shutdown server with port 35129 now
2020-12-08 14:47:16,608 [Listener at 127.0.0.1/38785] INFO  server.GrpcService (GrpcService.java:closeImpl(193)) - bba845ab-d614-4a63-bf49-d4775724033f: shutdown server with port 35129 successfully
2020-12-08 14:47:16,609 [Listener at 127.0.0.1/38785] INFO  utils.BackgroundService (BackgroundService.java:shutdown(132)) - Shutting down service BlockDeletingService
2020-12-08 14:47:16,610 [Listener at 127.0.0.1/38785] INFO  statemachine.DatanodeStateMachine (DatanodeStateMachine.java:stopDaemon(461)) - Ozone container server stopped.
2020-12-08 14:47:16,618 [Listener at 127.0.0.1/38785] INFO  handler.ContextHandler (ContextHandler.java:doStop(1154)) - Stopped o.e.j.w.WebAppContext@19125cc4{hddsDatanode,/,null,STOPPED}{jar:file:/home/user/.m2/repository/org/apache/hadoop/hadoop-hdds-container-service/1.1.0-SNAPSHOT/hadoop-hdds-container-service-1.1.0-SNAPSHOT.jar!/webapps/hddsDatanode}
2020-12-08 14:47:16,619 [Listener at 127.0.0.1/38785] INFO  server.AbstractConnector (AbstractConnector.java:doStop(381)) - Stopped ServerConnector@7c42ee43{HTTP/1.1, (http/1.1)}{0.0.0.0:0}
2020-12-08 14:47:16,619 [Listener at 127.0.0.1/38785] INFO  server.session (HouseKeeper.java:stopScavenging(149)) - node0 Stopped scavenging
2020-12-08 14:47:16,619 [Listener at 127.0.0.1/38785] INFO  handler.ContextHandler (ContextHandler.java:doStop(1154)) - Stopped o.e.j.s.ServletContextHandler@271ff16e{static,/static,jar:file:/home/user/.m2/repository/org/apache/hadoop/hadoop-hdds-container-service/1.1.0-SNAPSHOT/hadoop-hdds-container-service-1.1.0-SNAPSHOT.jar!/webapps/static,STOPPED}
2020-12-08 14:47:16,619 [Listener at 127.0.0.1/38785] INFO  handler.ContextHandler (ContextHandler.java:doStop(1154)) - Stopped o.e.j.s.ServletContextHandler@48438178{logs,/logs,file:///github/workspace/mnt/ozone/hadoop-ozone/integration-test/target/log,STOPPED}
2020-12-08 14:47:16,620 [Listener at 127.0.0.1/38785] INFO  ozone.MiniOzoneClusterImpl (MiniOzoneClusterImpl.java:stopSCM(477)) - Stopping the StorageContainerManager
2020-12-08 14:47:16,620 [Listener at 127.0.0.1/38785] INFO  server.StorageContainerManager (StorageContainerManager.java:stop(832)) - Stopping Replication Manager Service.
2020-12-08 14:47:16,621 [Listener at 127.0.0.1/38785] INFO  container.ReplicationManager (ReplicationManager.java:stop(227)) - Stopping Replication Monitor Thread.
2020-12-08 14:47:16,621 [Listener at 127.0.0.1/38785] INFO  server.StorageContainerManager (StorageContainerManager.java:stop(839)) - Stopping the Datanode Admin Monitor.
2020-12-08 14:47:16,621 [Listener at 127.0.0.1/38785] INFO  server.StorageContainerManager (StorageContainerManager.java:stop(846)) - Stopping Lease Manager of the command watchers
2020-12-08 14:47:16,621 [Listener at 127.0.0.1/38785] INFO  server.StorageContainerManager (StorageContainerManager.java:stop(853)) - Stopping datanode service RPC server
2020-12-08 14:47:16,621 [CommandWatcher-LeaseManager#LeaseMonitor] ERROR lease.LeaseManager (LeaseManager.java:run(238)) - Execution was interrupted 
java.lang.InterruptedException: sleep interrupted
	at java.lang.Thread.sleep(Native Method)
	at org.apache.hadoop.ozone.lease.LeaseManager$LeaseMonitor.run(LeaseManager.java:234)
	at java.lang.Thread.run(Thread.java:748)
2020-12-08 14:47:16,621 [Listener at 127.0.0.1/38785] INFO  server.SCMDatanodeProtocolServer (SCMDatanodeProtocolServer.java:stop(369)) - Stopping the RPC server for DataNodes
2020-12-08 14:47:16,621 [Listener at 127.0.0.1/38785] INFO  ipc.Server (Server.java:stop(3359)) - Stopping server on 44523
2020-12-08 14:47:16,623 [IPC Server listener on 0] INFO  ipc.Server (Server.java:run(1330)) - Stopping IPC Server listener on 0
2020-12-08 14:47:16,624 [IPC Server Responder] INFO  ipc.Server (Server.java:run(1465)) - Stopping IPC Server Responder
2020-12-08 14:47:16,693 [SCM Heartbeat Processing Thread - 0] WARN  node.NodeStateManager (NodeStateManager.java:scheduleNextHealthCheck(688)) - Current Thread is interrupted, shutting down HB processing thread for Node Manager.
2020-12-08 14:47:16,694 [Listener at 127.0.0.1/38785] INFO  server.StorageContainerManager (StorageContainerManager.java:stop(861)) - Stopping block service RPC server
2020-12-08 14:47:16,694 [Listener at 127.0.0.1/38785] INFO  server.SCMBlockProtocolServer (SCMBlockProtocolServer.java:stop(159)) - Stopping the RPC server for Block Protocol
2020-12-08 14:47:16,694 [Listener at 127.0.0.1/38785] INFO  ipc.Server (Server.java:stop(3359)) - Stopping server on 39189
2020-12-08 14:47:16,697 [IPC Server Responder] INFO  ipc.Server (Server.java:run(1465)) - Stopping IPC Server Responder
2020-12-08 14:47:16,697 [Listener at 127.0.0.1/38785] INFO  server.StorageContainerManager (StorageContainerManager.java:stop(868)) - Stopping the StorageContainerLocationProtocol RPC server
2020-12-08 14:47:16,697 [IPC Server listener on 0] INFO  ipc.Server (Server.java:run(1330)) - Stopping IPC Server listener on 0
2020-12-08 14:47:16,697 [Listener at 127.0.0.1/38785] INFO  server.SCMClientProtocolServer (SCMClientProtocolServer.java:stop(168)) - Stopping the RPC server for Client Protocol
2020-12-08 14:47:16,697 [Listener at 127.0.0.1/38785] INFO  ipc.Server (Server.java:stop(3359)) - Stopping server on 41095
2020-12-08 14:47:16,699 [IPC Server listener on 0] INFO  ipc.Server (Server.java:run(1330)) - Stopping IPC Server listener on 0
2020-12-08 14:47:16,701 [IPC Server Responder] INFO  ipc.Server (Server.java:run(1465)) - Stopping IPC Server Responder
2020-12-08 14:47:16,701 [Listener at 127.0.0.1/38785] INFO  server.StorageContainerManager (StorageContainerManager.java:stop(875)) - Stopping Storage Container Manager HTTP server.
2020-12-08 14:47:16,702 [Listener at 127.0.0.1/38785] INFO  handler.ContextHandler (ContextHandler.java:doStop(1154)) - Stopped o.e.j.w.WebAppContext@1b85414f{scm,/,null,STOPPED}{file:/github/workspace/mnt/ozone/hadoop-ozone/integration-test/target/test-classes/webapps/scm}
2020-12-08 14:47:16,703 [Listener at 127.0.0.1/38785] INFO  server.AbstractConnector (AbstractConnector.java:doStop(381)) - Stopped ServerConnector@6e08942f{HTTP/1.1, (http/1.1)}{0.0.0.0:0}
2020-12-08 14:47:16,703 [Listener at 127.0.0.1/38785] INFO  server.session (HouseKeeper.java:stopScavenging(149)) - node0 Stopped scavenging
2020-12-08 14:47:16,703 [Listener at 127.0.0.1/38785] INFO  handler.ContextHandler (ContextHandler.java:doStop(1154)) - Stopped o.e.j.s.ServletContextHandler@4e06d335{static,/static,file:///github/workspace/mnt/ozone/hadoop-ozone/integration-test/target/test-classes/webapps/static,STOPPED}
2020-12-08 14:47:16,703 [Listener at 127.0.0.1/38785] INFO  handler.ContextHandler (ContextHandler.java:doStop(1154)) - Stopped o.e.j.s.ServletContextHandler@73584c54{logs,/logs,file:///github/workspace/mnt/ozone/hadoop-ozone/integration-test/target/log,STOPPED}
2020-12-08 14:47:16,704 [Listener at 127.0.0.1/38785] INFO  server.StorageContainerManager (StorageContainerManager.java:stop(886)) - Stopping Block Manager Service.
2020-12-08 14:47:16,704 [Listener at 127.0.0.1/38785] INFO  utils.BackgroundService (BackgroundService.java:shutdown(132)) - Shutting down service SCMBlockDeletingService
2020-12-08 14:47:16,704 [Listener at 127.0.0.1/38785] INFO  utils.BackgroundService (BackgroundService.java:shutdown(132)) - Shutting down service SCMBlockDeletingService
2020-12-08 14:47:16,704 [Listener at 127.0.0.1/38785] INFO  server.StorageContainerManager (StorageContainerManager.java:stop(911)) - Stopping SCM Event Queue.
2020-12-08 14:47:16,708 [Listener at 127.0.0.1/38785] INFO  impl.MetricsSystemImpl (MetricsSystemImpl.java:stop(210)) - Stopping HddsDatanode metrics system...
2020-12-08 14:47:16,717 [Listener at 127.0.0.1/38785] INFO  impl.MetricsSystemImpl (MetricsSystemImpl.java:stop(216)) - HddsDatanode metrics system stopped.
]]></system-out>
  </testcase>
</testsuite>