<?xml version="1.0" encoding="UTF-8"?>
<testsuite xmlns:xsi="http://www.w3.org/2001/XMLSchema-instance" xsi:noNamespaceSchemaLocation="https://maven.apache.org/surefire/maven-surefire-plugin/xsd/surefire-test-report-3.0.xsd" version="3.0" name="org.apache.hadoop.fs.ozone.TestOzoneFileSystem" time="396.799" tests="176" errors="0" skipped="0" failures="1">
  <properties>
    <property name="awt.toolkit" value="sun.awt.X11.XToolkit"/>
    <property name="file.encoding.pkg" value="sun.io"/>
    <property name="java.specification.version" value="1.8"/>
    <property name="sun.cpu.isalist" value=""/>
    <property name="sun.jnu.encoding" value="UTF-8"/>
    <property name="java.class.path" value="/home/runner/work/ozone/ozone/hadoop-ozone/integration-test/target/test-classes:/home/runner/work/ozone/ozone/hadoop-ozone/integration-test/target/classes:/home/runner/.m2/repository/org/apache/ozone/ozone-common/1.4.0-SNAPSHOT/ozone-common-1.4.0-SNAPSHOT.jar:/home/runner/.m2/repository/io/grpc/grpc-netty/1.51.1/grpc-netty-1.51.1.jar:/home/runner/.m2/repository/io/grpc/grpc-core/1.51.1/grpc-core-1.51.1.jar:/home/runner/.m2/repository/com/google/android/annotations/4.1.1.4/annotations-4.1.1.4.jar:/home/runner/.m2/repository/org/codehaus/mojo/animal-sniffer-annotations/1.21/animal-sniffer-annotations-1.21.jar:/home/runner/.m2/repository/com/google/errorprone/error_prone_annotations/2.2.0/error_prone_annotations-2.2.0.jar:/home/runner/.m2/repository/io/perfmark/perfmark-api/0.25.0/perfmark-api-0.25.0.jar:/home/runner/.m2/repository/io/netty/netty-codec-http2/4.1.94.Final/netty-codec-http2-4.1.94.Final.jar:/home/runner/.m2/repository/io/netty/netty-common/4.1.94.Final/netty-common-4.1.94.Final.jar:/home/runner/.m2/repository/io/netty/netty-buffer/4.1.94.Final/netty-buffer-4.1.94.Final.jar:/home/runner/.m2/repository/io/netty/netty-codec-http/4.1.94.Final/netty-codec-http-4.1.94.Final.jar:/home/runner/.m2/repository/io/netty/netty-handler-proxy/4.1.94.Final/netty-handler-proxy-4.1.94.Final.jar:/home/runner/.m2/repository/io/netty/netty-codec-socks/4.1.94.Final/netty-codec-socks-4.1.94.Final.jar:/home/runner/.m2/repository/io/netty/netty-tcnative-boringssl-static/2.0.61.Final/netty-tcnative-boringssl-static-2.0.61.Final.jar:/home/runner/.m2/repository/io/netty/netty-tcnative-classes/2.0.61.Final/netty-tcnative-classes-2.0.61.Final.jar:/home/runner/.m2/repository/io/netty/netty-tcnative-boringssl-static/2.0.61.Final/netty-tcnative-boringssl-static-2.0.61.Final-linux-x86_64.jar:/home/runner/.m2/repository/io/netty/netty-tcnative-boringssl-static/2.0.61.Final/netty-tcnative-boringssl-static-2.0.61.Final-linux-aarch_64.jar:/home/runner/.m2/repository/io/netty/netty-tcnative-boringssl-static/2.0.61.Final/netty-tcnative-boringssl-static-2.0.61.Final-osx-x86_64.jar:/home/runner/.m2/repository/io/netty/netty-tcnative-boringssl-static/2.0.61.Final/netty-tcnative-boringssl-static-2.0.61.Final-osx-aarch_64.jar:/home/runner/.m2/repository/io/netty/netty-tcnative-boringssl-static/2.0.61.Final/netty-tcnative-boringssl-static-2.0.61.Final-windows-x86_64.jar:/home/runner/.m2/repository/org/apache/commons/commons-compress/1.21/commons-compress-1.21.jar:/home/runner/.m2/repository/org/apache/ozone/hdds-common/1.4.0-SNAPSHOT/hdds-common-1.4.0-SNAPSHOT.jar:/home/runner/.m2/repository/org/apache/ozone/hdds-client/1.4.0-SNAPSHOT/hdds-client-1.4.0-SNAPSHOT.jar:/home/runner/.m2/repository/org/apache/ozone/ozone-interface-client/1.4.0-SNAPSHOT/ozone-interface-client-1.4.0-SNAPSHOT.jar:/home/runner/.m2/repository/org/apache/hadoop/hadoop-hdfs-client/3.3.6/hadoop-hdfs-client-3.3.6.jar:/home/runner/.m2/repository/com/squareup/okhttp3/okhttp/4.9.3/okhttp-4.9.3.jar:/home/runner/.m2/repository/com/squareup/okio/okio/3.4.0/okio-3.4.0.jar:/home/runner/.m2/repository/com/squareup/okio/okio-jvm/3.4.0/okio-jvm-3.4.0.jar:/home/runner/.m2/repository/org/jetbrains/kotlin/kotlin-stdlib-jdk8/1.8.0/kotlin-stdlib-jdk8-1.8.0.jar:/home/runner/.m2/repository/org/jetbrains/kotlin/kotlin-stdlib-jdk7/1.8.0/kotlin-stdlib-jdk7-1.8.0.jar:/home/runner/.m2/repository/org/jetbrains/kotlin/kotlin-stdlib-common/1.6.21/kotlin-stdlib-common-1.6.21.jar:/home/runner/.m2/repository/org/apache/ozone/hdds-test-utils/1.4.0-SNAPSHOT/hdds-test-utils-1.4.0-SNAPSHOT.jar:/home/runner/.m2/repository/com/google/guava/guava/32.0.0-jre/guava-32.0.0-jre.jar:/home/runner/.m2/repository/com/google/guava/failureaccess/1.0.1/failureaccess-1.0.1.jar:/home/runner/.m2/repository/com/google/guava/listenablefuture/9999.0-empty-to-avoid-conflict-with-guava/listenablefuture-9999.0-empty-to-avoid-conflict-with-guava.jar:/home/runner/.m2/repository/com/google/code/findbugs/jsr305/3.0.0/jsr305-3.0.0.jar:/home/runner/.m2/repository/org/checkerframework/checker-qual/3.33.0/checker-qual-3.33.0.jar:/home/runner/.m2/repository/com/google/j2objc/j2objc-annotations/2.8/j2objc-annotations-2.8.jar:/home/runner/.m2/repository/commons-io/commons-io/2.11.0/commons-io-2.11.0.jar:/home/runner/.m2/repository/commons-logging/commons-logging/1.2/commons-logging-1.2.jar:/home/runner/.m2/repository/ch/qos/reload4j/reload4j/1.2.22/reload4j-1.2.22.jar:/home/runner/.m2/repository/org/slf4j/slf4j-api/1.7.36/slf4j-api-1.7.36.jar:/home/runner/.m2/repository/org/apache/logging/log4j/log4j-api/2.17.1/log4j-api-2.17.1.jar:/home/runner/.m2/repository/org/apache/ozone/hdds-server-scm/1.4.0-SNAPSHOT/hdds-server-scm-1.4.0-SNAPSHOT.jar:/home/runner/.m2/repository/org/apache/ozone/hdds-container-service/1.4.0-SNAPSHOT/hdds-container-service-1.4.0-SNAPSHOT.jar:/home/runner/.m2/repository/org/apache/ozone/hdds-hadoop-dependency-server/1.4.0-SNAPSHOT/hdds-hadoop-dependency-server-1.4.0-SNAPSHOT.jar:/home/runner/.m2/repository/org/apache/hadoop/hadoop-hdfs/3.3.6/hadoop-hdfs-3.3.6.jar:/home/runner/.m2/repository/commons-daemon/commons-daemon/1.0.13/commons-daemon-1.0.13.jar:/home/runner/.m2/repository/org/apache/ozone/hdds-server-framework/1.4.0-SNAPSHOT/hdds-server-framework-1.4.0-SNAPSHOT.jar:/home/runner/.m2/repository/io/dropwizard/metrics/metrics-core/3.2.4/metrics-core-3.2.4.jar:/home/runner/.m2/repository/org/apache/commons/commons-text/1.10.0/commons-text-1.10.0.jar:/home/runner/.m2/repository/org/bouncycastle/bcprov-jdk15on/1.67/bcprov-jdk15on-1.67.jar:/home/runner/.m2/repository/com/google/protobuf/protobuf-java/2.5.0/protobuf-java-2.5.0.jar:/home/runner/.m2/repository/org/apache/ozone/hdds-server-framework/1.4.0-SNAPSHOT/hdds-server-framework-1.4.0-SNAPSHOT-tests.jar:/home/runner/.m2/repository/org/apache/ozone/hdds-interface-server/1.4.0-SNAPSHOT/hdds-interface-server-1.4.0-SNAPSHOT.jar:/home/runner/.m2/repository/org/apache/ozone/hdds-interface-admin/1.4.0-SNAPSHOT/hdds-interface-admin-1.4.0-SNAPSHOT.jar:/home/runner/.m2/repository/org/apache/ozone/hdds-managed-rocksdb/1.4.0-SNAPSHOT/hdds-managed-rocksdb-1.4.0-SNAPSHOT.jar:/home/runner/.m2/repository/org/rocksdb/rocksdbjni/7.7.3/rocksdbjni-7.7.3.jar:/home/runner/.m2/repository/org/slf4j/slf4j-reload4j/1.7.36/slf4j-reload4j-1.7.36.jar:/home/runner/.m2/repository/org/apache/commons/commons-configuration2/2.1.1/commons-configuration2-2.1.1.jar:/home/runner/.m2/repository/commons-fileupload/commons-fileupload/1.5/commons-fileupload-1.5.jar:/home/runner/.m2/repository/org/apache/logging/log4j/log4j-core/2.17.1/log4j-core-2.17.1.jar:/home/runner/.m2/repository/com/lmax/disruptor/3.4.2/disruptor-3.4.2.jar:/home/runner/.m2/repository/org/eclipse/jetty/jetty-util/9.4.51.v20230217/jetty-util-9.4.51.v20230217.jar:/home/runner/.m2/repository/org/eclipse/jetty/jetty-server/9.4.51.v20230217/jetty-server-9.4.51.v20230217.jar:/home/runner/.m2/repository/org/eclipse/jetty/jetty-http/9.4.51.v20230217/jetty-http-9.4.51.v20230217.jar:/home/runner/.m2/repository/org/eclipse/jetty/jetty-io/9.4.51.v20230217/jetty-io-9.4.51.v20230217.jar:/home/runner/.m2/repository/org/eclipse/jetty/jetty-servlet/9.4.51.v20230217/jetty-servlet-9.4.51.v20230217.jar:/home/runner/.m2/repository/org/eclipse/jetty/jetty-security/9.4.51.v20230217/jetty-security-9.4.51.v20230217.jar:/home/runner/.m2/repository/org/eclipse/jetty/jetty-util-ajax/9.4.51.v20230217/jetty-util-ajax-9.4.51.v20230217.jar:/home/runner/.m2/repository/org/eclipse/jetty/jetty-webapp/9.4.51.v20230217/jetty-webapp-9.4.51.v20230217.jar:/home/runner/.m2/repository/org/eclipse/jetty/jetty-xml/9.4.51.v20230217/jetty-xml-9.4.51.v20230217.jar:/home/runner/.m2/repository/org/apache/ratis/ratis-server/2.5.1/ratis-server-2.5.1.jar:/home/runner/.m2/repository/org/apache/ratis/ratis-thirdparty-misc/1.0.4/ratis-thirdparty-misc-1.0.4.jar:/home/runner/.m2/repository/org/apache/ratis/ratis-proto/2.5.1/ratis-proto-2.5.1.jar:/home/runner/.m2/repository/org/apache/ratis/ratis-common/2.5.1/ratis-common-2.5.1.jar:/home/runner/.m2/repository/org/apache/ratis/ratis-client/2.5.1/ratis-client-2.5.1.jar:/home/runner/.m2/repository/org/apache/ratis/ratis-server-api/2.5.1/ratis-server-api-2.5.1.jar:/home/runner/.m2/repository/org/apache/ratis/ratis-metrics/2.5.1/ratis-metrics-2.5.1.jar:/home/runner/.m2/repository/io/prometheus/simpleclient_dropwizard/0.7.0/simpleclient_dropwizard-0.7.0.jar:/home/runner/.m2/repository/io/prometheus/simpleclient/0.7.0/simpleclient-0.7.0.jar:/home/runner/.m2/repository/io/prometheus/simpleclient_common/0.7.0/simpleclient_common-0.7.0.jar:/home/runner/.m2/repository/com/fasterxml/jackson/datatype/jackson-datatype-jsr310/2.13.4/jackson-datatype-jsr310-2.13.4.jar:/home/runner/.m2/repository/com/fasterxml/jackson/core/jackson-core/2.13.4/jackson-core-2.13.4.jar:/home/runner/.m2/repository/com/github/spotbugs/spotbugs-annotations/3.1.12/spotbugs-annotations-3.1.12.jar:/home/runner/.m2/repository/org/apache/ozone/rocksdb-checkpoint-differ/1.4.0-SNAPSHOT/rocksdb-checkpoint-differ-1.4.0-SNAPSHOT.jar:/home/runner/.m2/repository/org/jgrapht/jgrapht-core/1.0.1/jgrapht-core-1.0.1.jar:/home/runner/.m2/repository/org/jgrapht/jgrapht-ext/1.0.1/jgrapht-ext-1.0.1.jar:/home/runner/.m2/repository/org/tinyjee/jgraphx/jgraphx/2.0.0.1/jgraphx-2.0.0.1.jar:/home/runner/.m2/repository/jgraph/jgraph/5.13.0.0/jgraph-5.13.0.0.jar:/home/runner/.m2/repository/org/antlr/antlr4-runtime/4.5.3/antlr4-runtime-4.5.3.jar:/home/runner/.m2/repository/org/awaitility/awaitility/4.2.0/awaitility-4.2.0.jar:/home/runner/.m2/repository/org/hamcrest/hamcrest/2.1/hamcrest-2.1.jar:/home/runner/.m2/repository/org/apache/ozone/ozone-manager/1.4.0-SNAPSHOT/ozone-manager-1.4.0-SNAPSHOT.jar:/home/runner/.m2/repository/org/aspectj/aspectjrt/1.9.7/aspectjrt-1.9.7.jar:/home/runner/.m2/repository/org/aspectj/aspectjweaver/1.9.7/aspectjweaver-1.9.7.jar:/home/runner/.m2/repository/org/apache/ozone/hdds-interface-client/1.4.0-SNAPSHOT/hdds-interface-client-1.4.0-SNAPSHOT.jar:/home/runner/.m2/repository/org/apache/hadoop/thirdparty/hadoop-shaded-protobuf_3_7/1.1.1/hadoop-shaded-protobuf_3_7-1.1.1.jar:/home/runner/.m2/repository/org/apache/ozone/ozone-interface-storage/1.4.0-SNAPSHOT/ozone-interface-storage-1.4.0-SNAPSHOT.jar:/home/runner/.m2/repository/org/reflections/reflections/0.9.11/reflections-0.9.11.jar:/home/runner/.m2/repository/com/sun/jersey/jersey-client/1.19/jersey-client-1.19.jar:/home/runner/.m2/repository/org/codehaus/jackson/jackson-core-asl/1.9.13/jackson-core-asl-1.9.13.jar:/home/runner/.m2/repository/org/codehaus/jackson/jackson-mapper-asl/1.9.13/jackson-mapper-asl-1.9.13.jar:/home/runner/.m2/repository/org/codehaus/jackson/jackson-jaxrs/1.9.13/jackson-jaxrs-1.9.13.jar:/home/runner/.m2/repository/org/apache/ranger/ranger-intg/2.3.0/ranger-intg-2.3.0.jar:/home/runner/.m2/repository/org/apache/ranger/ranger-plugins-common/2.3.0/ranger-plugins-common-2.3.0.jar:/home/runner/.m2/repository/commons-lang/commons-lang/2.6/commons-lang-2.6.jar:/home/runner/.m2/repository/org/apache/ranger/ranger-plugins-cred/2.3.0/ranger-plugins-cred-2.3.0.jar:/home/runner/.m2/repository/org/apache/ranger/ranger-plugins-audit/2.3.0/ranger-plugins-audit-2.3.0.jar:/home/runner/.m2/repository/org/eclipse/jetty/jetty-client/9.4.51.v20230217/jetty-client-9.4.51.v20230217.jar:/home/runner/.m2/repository/org/apache/httpcomponents/httpmime/4.5.6/httpmime-4.5.6.jar:/home/runner/.m2/repository/org/apache/httpcomponents/httpcore-nio/4.4.13/httpcore-nio-4.4.13.jar:/home/runner/.m2/repository/org/apache/httpcomponents/httpasyncclient/4.1.3/httpasyncclient-4.1.3.jar:/home/runner/.m2/repository/com/carrotsearch/hppc/0.8.0/hppc-0.8.0.jar:/home/runner/.m2/repository/org/apache/orc/orc-core/1.5.8/orc-core-1.5.8.jar:/home/runner/.m2/repository/net/java/dev/jna/jna/5.2.0/jna-5.2.0.jar:/home/runner/.m2/repository/net/java/dev/jna/jna-platform/5.2.0/jna-platform-5.2.0.jar:/home/runner/.m2/repository/com/kstruct/gethostname4j/0.0.2/gethostname4j-0.0.2.jar:/home/runner/.m2/repository/org/apache/ranger/ranger-plugin-classloader/2.3.0/ranger-plugin-classloader-2.3.0.jar:/home/runner/.m2/repository/org/apache/ozone/hdds-rocks-native/1.4.0-SNAPSHOT/hdds-rocks-native-1.4.0-SNAPSHOT.jar:/home/runner/.m2/repository/org/apache/hadoop/hadoop-minikdc/3.3.6/hadoop-minikdc-3.3.6.jar:/home/runner/.m2/repository/org/apache/kerby/kerb-simplekdc/1.0.1/kerb-simplekdc-1.0.1.jar:/home/runner/.m2/repository/org/apache/kerby/kerb-client/1.0.1/kerb-client-1.0.1.jar:/home/runner/.m2/repository/org/apache/kerby/kerby-config/1.0.1/kerby-config-1.0.1.jar:/home/runner/.m2/repository/org/apache/kerby/kerb-common/1.0.1/kerb-common-1.0.1.jar:/home/runner/.m2/repository/org/apache/kerby/kerb-crypto/1.0.1/kerb-crypto-1.0.1.jar:/home/runner/.m2/repository/org/apache/kerby/kerb-util/1.0.1/kerb-util-1.0.1.jar:/home/runner/.m2/repository/org/apache/kerby/token-provider/1.0.1/token-provider-1.0.1.jar:/home/runner/.m2/repository/org/apache/kerby/kerb-admin/1.0.1/kerb-admin-1.0.1.jar:/home/runner/.m2/repository/org/apache/kerby/kerb-server/1.0.1/kerb-server-1.0.1.jar:/home/runner/.m2/repository/org/apache/kerby/kerb-identity/1.0.1/kerb-identity-1.0.1.jar:/home/runner/.m2/repository/org/apache/kerby/kerby-xdr/1.0.1/kerby-xdr-1.0.1.jar:/home/runner/.m2/repository/org/apache/ozone/ozone-s3gateway/1.4.0-SNAPSHOT/ozone-s3gateway-1.4.0-SNAPSHOT.jar:/home/runner/.m2/repository/org/javassist/javassist/3.21.0-GA/javassist-3.21.0-GA.jar:/home/runner/.m2/repository/org/jboss/weld/servlet/weld-servlet-shaded/3.1.9.Final/weld-servlet-shaded-3.1.9.Final.jar:/home/runner/.m2/repository/org/glassfish/jersey/containers/jersey-container-servlet-core/2.34/jersey-container-servlet-core-2.34.jar:/home/runner/.m2/repository/org/glassfish/hk2/external/jakarta.inject/2.6.1/jakarta.inject-2.6.1.jar:/home/runner/.m2/repository/org/glassfish/jersey/core/jersey-common/2.34/jersey-common-2.34.jar:/home/runner/.m2/repository/jakarta/ws/rs/jakarta.ws.rs-api/2.1.6/jakarta.ws.rs-api-2.1.6.jar:/home/runner/.m2/repository/org/glassfish/jersey/ext/cdi/jersey-cdi1x/2.34/jersey-cdi1x-2.34.jar:/home/runner/.m2/repository/org/glassfish/jersey/inject/jersey-hk2/2.34/jersey-hk2-2.34.jar:/home/runner/.m2/repository/org/glassfish/hk2/hk2-locator/2.6.1/hk2-locator-2.6.1.jar:/home/runner/.m2/repository/org/glassfish/jersey/media/jersey-media-jaxb/2.34/jersey-media-jaxb-2.34.jar:/home/runner/.m2/repository/org/glassfish/hk2/osgi-resource-locator/1.0.3/osgi-resource-locator-1.0.3.jar:/home/runner/.m2/repository/org/glassfish/hk2/hk2-api/2.5.0/hk2-api-2.5.0.jar:/home/runner/.m2/repository/org/glassfish/hk2/hk2-utils/2.5.0/hk2-utils-2.5.0.jar:/home/runner/.m2/repository/org/glassfish/hk2/external/aopalliance-repackaged/2.5.0/aopalliance-repackaged-2.5.0.jar:/home/runner/.m2/repository/com/fasterxml/jackson/dataformat/jackson-dataformat-xml/2.13.4/jackson-dataformat-xml-2.13.4.jar:/home/runner/.m2/repository/org/codehaus/woodstox/stax2-api/4.2.1/stax2-api-4.2.1.jar:/home/runner/.m2/repository/com/fasterxml/woodstox/woodstox-core/5.4.0/woodstox-core-5.4.0.jar:/home/runner/.m2/repository/com/fasterxml/jackson/module/jackson-module-jaxb-annotations/2.13.4/jackson-module-jaxb-annotations-2.13.4.jar:/home/runner/.m2/repository/jakarta/xml/bind/jakarta.xml.bind-api/2.3.3/jakarta.xml.bind-api-2.3.3.jar:/home/runner/.m2/repository/jakarta/activation/jakarta.activation-api/1.2.2/jakarta.activation-api-1.2.2.jar:/home/runner/.m2/repository/javax/enterprise/cdi-api/2.0/cdi-api-2.0.jar:/home/runner/.m2/repository/javax/el/javax.el-api/3.0.0/javax.el-api-3.0.0.jar:/home/runner/.m2/repository/javax/interceptor/javax.interceptor-api/1.2/javax.interceptor-api-1.2.jar:/home/runner/.m2/repository/javax/inject/javax.inject/1/javax.inject-1.jar:/home/runner/.m2/repository/javax/xml/bind/jaxb-api/2.3.0/jaxb-api-2.3.0.jar:/home/runner/.m2/repository/org/glassfish/jaxb/jaxb-runtime/2.3.0.1/jaxb-runtime-2.3.0.1.jar:/home/runner/.m2/repository/org/glassfish/jaxb/jaxb-core/2.3.0.1/jaxb-core-2.3.0.1.jar:/home/runner/.m2/repository/org/glassfish/jaxb/txw2/2.3.0.1/txw2-2.3.0.1.jar:/home/runner/.m2/repository/com/sun/istack/istack-commons-runtime/3.0.5/istack-commons-runtime-3.0.5.jar:/home/runner/.m2/repository/org/jvnet/staxex/stax-ex/1.7.8/stax-ex-1.7.8.jar:/home/runner/.m2/repository/com/sun/xml/fastinfoset/FastInfoset/1.2.13/FastInfoset-1.2.13.jar:/home/runner/.m2/repository/javax/activation/activation/1.1.1/activation-1.1.1.jar:/home/runner/.m2/repository/io/grpc/grpc-protobuf/1.51.1/grpc-protobuf-1.51.1.jar:/home/runner/.m2/repository/com/google/api/grpc/proto-google-common-protos/2.9.0/proto-google-common-protos-2.9.0.jar:/home/runner/.m2/repository/io/grpc/grpc-protobuf-lite/1.51.1/grpc-protobuf-lite-1.51.1.jar:/home/runner/.m2/repository/io/grpc/grpc-stub/1.51.1/grpc-stub-1.51.1.jar:/home/runner/.m2/repository/io/netty/netty-transport/4.1.94.Final/netty-transport-4.1.94.Final.jar:/home/runner/.m2/repository/io/netty/netty-resolver/4.1.94.Final/netty-resolver-4.1.94.Final.jar:/home/runner/.m2/repository/org/apache/ozone/ozone-csi/1.4.0-SNAPSHOT/ozone-csi-1.4.0-SNAPSHOT.jar:/home/runner/.m2/repository/com/google/protobuf/protobuf-java-util/3.19.6/protobuf-java-util-3.19.6.jar:/home/runner/.m2/repository/com/google/code/gson/gson/2.9.0/gson-2.9.0.jar:/home/runner/.m2/repository/org/apache/ozone/hdds-config/1.4.0-SNAPSHOT/hdds-config-1.4.0-SNAPSHOT.jar:/home/runner/.m2/repository/io/netty/netty-transport-native-epoll/4.1.94.Final/netty-transport-native-epoll-4.1.94.Final-linux-x86_64.jar:/home/runner/.m2/repository/io/netty/netty-transport-classes-epoll/4.1.94.Final/netty-transport-classes-epoll-4.1.94.Final.jar:/home/runner/.m2/repository/io/netty/netty-transport-native-unix-common/4.1.94.Final/netty-transport-native-unix-common-4.1.94.Final.jar:/home/runner/.m2/repository/org/apache/ozone/ozone-recon/1.4.0-SNAPSHOT/ozone-recon-1.4.0-SNAPSHOT.jar:/home/runner/.m2/repository/org/apache/ozone/ozone-reconcodegen/1.4.0-SNAPSHOT/ozone-reconcodegen-1.4.0-SNAPSHOT.jar:/home/runner/.m2/repository/com/google/inject/guice/5.1.0/guice-5.1.0.jar:/home/runner/.m2/repository/aopalliance/aopalliance/1.0/aopalliance-1.0.jar:/home/runner/.m2/repository/com/google/inject/extensions/guice-assistedinject/5.1.0/guice-assistedinject-5.1.0.jar:/home/runner/.m2/repository/com/google/inject/extensions/guice-servlet/5.1.0/guice-servlet-5.1.0.jar:/home/runner/.m2/repository/org/glassfish/jersey/containers/jersey-container-servlet/2.34/jersey-container-servlet-2.34.jar:/home/runner/.m2/repository/org/glassfish/hk2/guice-bridge/2.5.0/guice-bridge-2.5.0.jar:/home/runner/.m2/repository/org/glassfish/jersey/core/jersey-server/2.34/jersey-server-2.34.jar:/home/runner/.m2/repository/org/glassfish/jersey/core/jersey-client/2.34/jersey-client-2.34.jar:/home/runner/.m2/repository/jakarta/annotation/jakarta.annotation-api/1.3.5/jakarta.annotation-api-1.3.5.jar:/home/runner/.m2/repository/jakarta/validation/jakarta.validation-api/2.0.2/jakarta.validation-api-2.0.2.jar:/home/runner/.m2/repository/org/glassfish/jersey/media/jersey-media-json-jackson/2.34/jersey-media-json-jackson-2.34.jar:/home/runner/.m2/repository/org/glassfish/jersey/ext/jersey-entity-filtering/2.34/jersey-entity-filtering-2.34.jar:/home/runner/.m2/repository/org/jooq/jooq/3.11.10/jooq-3.11.10.jar:/home/runner/.m2/repository/org/jooq/jooq-meta/3.11.10/jooq-meta-3.11.10.jar:/home/runner/.m2/repository/org/jooq/jooq-codegen/3.11.10/jooq-codegen-3.11.10.jar:/home/runner/.m2/repository/com/jolbox/bonecp/0.8.0.RELEASE/bonecp-0.8.0.RELEASE.jar:/home/runner/.m2/repository/org/apache/derby/derby/10.14.2.0/derby-10.14.2.0.jar:/home/runner/.m2/repository/org/xerial/sqlite-jdbc/3.41.2.2/sqlite-jdbc-3.41.2.2.jar:/home/runner/.m2/repository/org/springframework/spring-jdbc/5.3.27/spring-jdbc-5.3.27.jar:/home/runner/.m2/repository/org/springframework/spring-beans/5.3.27/spring-beans-5.3.27.jar:/home/runner/.m2/repository/org/springframework/spring-core/5.3.27/spring-core-5.3.27.jar:/home/runner/.m2/repository/org/springframework/spring-tx/5.3.27/spring-tx-5.3.27.jar:/home/runner/.m2/repository/org/apache/ozone/ozone-client/1.4.0-SNAPSHOT/ozone-client-1.4.0-SNAPSHOT.jar:/home/runner/.m2/repository/org/apache/ozone/hdds-erasurecode/1.4.0-SNAPSHOT/hdds-erasurecode-1.4.0-SNAPSHOT.jar:/home/runner/.m2/repository/org/apache/ozone/ozone-filesystem/1.4.0-SNAPSHOT/ozone-filesystem-1.4.0-SNAPSHOT.jar:/home/runner/.m2/repository/org/apache/ozone/ozone-filesystem-common/1.4.0-SNAPSHOT/ozone-filesystem-common-1.4.0-SNAPSHOT.jar:/home/runner/.m2/repository/org/apache/ozone/ozone-tools/1.4.0-SNAPSHOT/ozone-tools-1.4.0-SNAPSHOT.jar:/home/runner/.m2/repository/com/amazonaws/aws-java-sdk-core/1.12.261/aws-java-sdk-core-1.12.261.jar:/home/runner/.m2/repository/org/apache/httpcomponents/httpclient/4.5.13/httpclient-4.5.13.jar:/home/runner/.m2/repository/org/apache/httpcomponents/httpcore/4.4.13/httpcore-4.4.13.jar:/home/runner/.m2/repository/software/amazon/ion/ion-java/1.0.2/ion-java-1.0.2.jar:/home/runner/.m2/repository/com/fasterxml/jackson/dataformat/jackson-dataformat-cbor/2.13.4/jackson-dataformat-cbor-2.13.4.jar:/home/runner/.m2/repository/joda-time/joda-time/2.10.6/joda-time-2.10.6.jar:/home/runner/.m2/repository/com/amazonaws/aws-java-sdk-s3/1.12.261/aws-java-sdk-s3-1.12.261.jar:/home/runner/.m2/repository/com/amazonaws/aws-java-sdk-kms/1.12.261/aws-java-sdk-kms-1.12.261.jar:/home/runner/.m2/repository/com/amazonaws/jmespath-java/1.12.261/jmespath-java-1.12.261.jar:/home/runner/.m2/repository/org/kohsuke/metainf-services/metainf-services/1.8/metainf-services-1.8.jar:/home/runner/.m2/repository/org/apache/ozone/hdds-tools/1.4.0-SNAPSHOT/hdds-tools-1.4.0-SNAPSHOT.jar:/home/runner/.m2/repository/org/apache/ratis/ratis-tools/2.5.1/ratis-tools-2.5.1.jar:/home/runner/.m2/repository/commons-cli/commons-cli/1.2/commons-cli-1.2.jar:/home/runner/.m2/repository/org/apache/commons/commons-lang3/3.7/commons-lang3-3.7.jar:/home/runner/.m2/repository/org/apache/ozone/ozone-manager/1.4.0-SNAPSHOT/ozone-manager-1.4.0-SNAPSHOT-tests.jar:/home/runner/.m2/repository/org/apache/ozone/hdds-common/1.4.0-SNAPSHOT/hdds-common-1.4.0-SNAPSHOT-tests.jar:/home/runner/.m2/repository/org/apache/ozone/hdds-hadoop-dependency-client/1.4.0-SNAPSHOT/hdds-hadoop-dependency-client-1.4.0-SNAPSHOT.jar:/home/runner/.m2/repository/info/picocli/picocli/4.6.1/picocli-4.6.1.jar:/home/runner/.m2/repository/com/fasterxml/jackson/core/jackson-annotations/2.13.4/jackson-annotations-2.13.4.jar:/home/runner/.m2/repository/org/apache/ozone/hdds-annotation-processing/1.4.0-SNAPSHOT/hdds-annotation-processing-1.4.0-SNAPSHOT.jar:/home/runner/.m2/repository/javax/annotation/javax.annotation-api/1.2/javax.annotation-api-1.2.jar:/home/runner/.m2/repository/org/apache/ratis/ratis-netty/2.5.1/ratis-netty-2.5.1.jar:/home/runner/.m2/repository/org/apache/ratis/ratis-grpc/2.5.1/ratis-grpc-2.5.1.jar:/home/runner/.m2/repository/org/apache/commons/commons-pool2/2.6.0/commons-pool2-2.6.0.jar:/home/runner/.m2/repository/org/bouncycastle/bcpkix-jdk15on/1.67/bcpkix-jdk15on-1.67.jar:/home/runner/.m2/repository/commons-validator/commons-validator/1.6/commons-validator-1.6.jar:/home/runner/.m2/repository/commons-beanutils/commons-beanutils/1.9.4/commons-beanutils-1.9.4.jar:/home/runner/.m2/repository/commons-digester/commons-digester/1.8.1/commons-digester-1.8.1.jar:/home/runner/.m2/repository/commons-collections/commons-collections/3.2.2/commons-collections-3.2.2.jar:/home/runner/.m2/repository/io/jaegertracing/jaeger-client/1.6.0/jaeger-client-1.6.0.jar:/home/runner/.m2/repository/io/jaegertracing/jaeger-thrift/1.6.0/jaeger-thrift-1.6.0.jar:/home/runner/.m2/repository/org/apache/thrift/libthrift/0.14.1/libthrift-0.14.1.jar:/home/runner/.m2/repository/io/jaegertracing/jaeger-core/1.6.0/jaeger-core-1.6.0.jar:/home/runner/.m2/repository/io/jaegertracing/jaeger-tracerresolver/1.6.0/jaeger-tracerresolver-1.6.0.jar:/home/runner/.m2/repository/io/opentracing/contrib/opentracing-tracerresolver/0.1.8/opentracing-tracerresolver-0.1.8.jar:/home/runner/.m2/repository/org/jetbrains/kotlin/kotlin-stdlib/1.6.21/kotlin-stdlib-1.6.21.jar:/home/runner/.m2/repository/org/jetbrains/annotations/13.0/annotations-13.0.jar:/home/runner/.m2/repository/io/opentracing/opentracing-util/0.33.0/opentracing-util-0.33.0.jar:/home/runner/.m2/repository/io/opentracing/opentracing-api/0.33.0/opentracing-api-0.33.0.jar:/home/runner/.m2/repository/io/opentracing/opentracing-noop/0.33.0/opentracing-noop-0.33.0.jar:/home/runner/.m2/repository/org/yaml/snakeyaml/2.0/snakeyaml-2.0.jar:/home/runner/.m2/repository/io/grpc/grpc-api/1.51.1/grpc-api-1.51.1.jar:/home/runner/.m2/repository/io/grpc/grpc-context/1.51.1/grpc-context-1.51.1.jar:/home/runner/.m2/repository/junit/junit/4.13.1/junit-4.13.1.jar:/home/runner/.m2/repository/org/hamcrest/hamcrest-core/1.3/hamcrest-core-1.3.jar:/home/runner/.m2/repository/org/junit/jupiter/junit-jupiter-api/5.8.2/junit-jupiter-api-5.8.2.jar:/home/runner/.m2/repository/org/opentest4j/opentest4j/1.2.0/opentest4j-1.2.0.jar:/home/runner/.m2/repository/org/junit/platform/junit-platform-commons/1.8.2/junit-platform-commons-1.8.2.jar:/home/runner/.m2/repository/org/apiguardian/apiguardian-api/1.1.2/apiguardian-api-1.1.2.jar:/home/runner/.m2/repository/org/junit/jupiter/junit-jupiter-params/5.8.2/junit-jupiter-params-5.8.2.jar:/home/runner/.m2/repository/org/junit/jupiter/junit-jupiter-migrationsupport/5.8.2/junit-jupiter-migrationsupport-5.8.2.jar:/home/runner/.m2/repository/org/junit/jupiter/junit-jupiter-engine/5.8.2/junit-jupiter-engine-5.8.2.jar:/home/runner/.m2/repository/org/junit/platform/junit-platform-engine/1.8.2/junit-platform-engine-1.8.2.jar:/home/runner/.m2/repository/org/junit/vintage/junit-vintage-engine/5.8.2/junit-vintage-engine-5.8.2.jar:/home/runner/.m2/repository/org/junit/platform/junit-platform-launcher/1.8.2/junit-platform-launcher-1.8.2.jar:/home/runner/.m2/repository/org/mockito/mockito-core/3.5.9/mockito-core-3.5.9.jar:/home/runner/.m2/repository/net/bytebuddy/byte-buddy/1.10.13/byte-buddy-1.10.13.jar:/home/runner/.m2/repository/net/bytebuddy/byte-buddy-agent/1.10.13/byte-buddy-agent-1.10.13.jar:/home/runner/.m2/repository/org/objenesis/objenesis/1.0/objenesis-1.0.jar:/home/runner/.m2/repository/org/apache/hadoop/hadoop-kms/3.3.6/hadoop-kms-3.3.6.jar:/home/runner/.m2/repository/org/apache/hadoop/hadoop-auth/3.3.6/hadoop-auth-3.3.6.jar:/home/runner/.m2/repository/com/nimbusds/nimbus-jose-jwt/9.8.1/nimbus-jose-jwt-9.8.1.jar:/home/runner/.m2/repository/com/github/stephenc/jcip/jcip-annotations/1.0-1/jcip-annotations-1.0-1.jar:/home/runner/.m2/repository/org/apache/zookeeper/zookeeper/3.5.6/zookeeper-3.5.6.jar:/home/runner/.m2/repository/org/apache/zookeeper/zookeeper-jute/3.5.6/zookeeper-jute-3.5.6.jar:/home/runner/.m2/repository/org/apache/yetus/audience-annotations/0.5.0/audience-annotations-0.5.0.jar:/home/runner/.m2/repository/org/apache/curator/curator-framework/4.2.0/curator-framework-4.2.0.jar:/home/runner/.m2/repository/org/apache/hadoop/thirdparty/hadoop-shaded-guava/1.1.1/hadoop-shaded-guava-1.1.1.jar:/home/runner/.m2/repository/com/sun/jersey/jersey-core/1.19/jersey-core-1.19.jar:/home/runner/.m2/repository/javax/ws/rs/jsr311-api/1.1.1/jsr311-api-1.1.1.jar:/home/runner/.m2/repository/com/sun/jersey/jersey-server/1.19/jersey-server-1.19.jar:/home/runner/.m2/repository/javax/servlet/javax.servlet-api/3.1.0/javax.servlet-api-3.1.0.jar:/home/runner/.m2/repository/org/apache/hadoop/hadoop-common/3.3.6/hadoop-common-3.3.6.jar:/home/runner/.m2/repository/org/apache/commons/commons-math3/3.1.1/commons-math3-3.1.1.jar:/home/runner/.m2/repository/commons-net/commons-net/3.9.0/commons-net-3.9.0.jar:/home/runner/.m2/repository/com/sun/jersey/jersey-servlet/1.19/jersey-servlet-1.19.jar:/home/runner/.m2/repository/com/github/pjfanning/jersey-json/1.20/jersey-json-1.20.jar:/home/runner/.m2/repository/org/codehaus/jettison/jettison/1.1/jettison-1.1.jar:/home/runner/.m2/repository/com/sun/xml/bind/jaxb-impl/2.2.3-1/jaxb-impl-2.2.3-1.jar:/home/runner/.m2/repository/com/google/re2j/re2j/1.1/re2j-1.1.jar:/home/runner/.m2/repository/com/jcraft/jsch/0.1.54/jsch-0.1.54.jar:/home/runner/.m2/repository/org/apache/curator/curator-client/4.2.0/curator-client-4.2.0.jar:/home/runner/.m2/repository/org/apache/curator/curator-recipes/5.2.0/curator-recipes-5.2.0.jar:/home/runner/.m2/repository/org/apache/kerby/kerb-core/1.0.1/kerb-core-1.0.1.jar:/home/runner/.m2/repository/org/apache/kerby/kerby-pkix/1.0.1/kerby-pkix-1.0.1.jar:/home/runner/.m2/repository/org/apache/kerby/kerby-asn1/1.0.1/kerby-asn1-1.0.1.jar:/home/runner/.m2/repository/org/apache/kerby/kerby-util/1.0.1/kerby-util-1.0.1.jar:/home/runner/.m2/repository/dnsjava/dnsjava/2.1.7/dnsjava-2.1.7.jar:/home/runner/.m2/repository/org/xerial/snappy/snappy-java/1.1.8.2/snappy-java-1.1.8.2.jar:/home/runner/.m2/repository/com/fasterxml/jackson/core/jackson-databind/2.13.4.2/jackson-databind-2.13.4.2.jar:/home/runner/.m2/repository/org/apache/hadoop/hadoop-kms/3.3.6/hadoop-kms-3.3.6-tests.jar:/home/runner/.m2/repository/org/apache/ozone/hdds-server-scm/1.4.0-SNAPSHOT/hdds-server-scm-1.4.0-SNAPSHOT-tests.jar:/home/runner/.m2/repository/org/apache/ozone/hdds-container-service/1.4.0-SNAPSHOT/hdds-container-service-1.4.0-SNAPSHOT-tests.jar:/home/runner/.m2/repository/com/github/luben/zstd-jni/1.5.2-5/zstd-jni-1.5.2-5.jar:/home/runner/.m2/repository/commons-codec/commons-codec/1.15/commons-codec-1.15.jar:/home/runner/.m2/repository/io/netty/netty-codec/4.1.94.Final/netty-codec-4.1.94.Final.jar:/home/runner/.m2/repository/io/netty/netty-handler/4.1.94.Final/netty-handler-4.1.94.Final.jar:/home/runner/.m2/repository/org/apache/ozone/hdds-hadoop-dependency-test/1.4.0-SNAPSHOT/hdds-hadoop-dependency-test-1.4.0-SNAPSHOT.jar:/home/runner/.m2/repository/org/apache/hadoop/hadoop-common/3.3.6/hadoop-common-3.3.6-tests.jar:/home/runner/.m2/repository/org/apache/hadoop/hadoop-hdfs/3.3.6/hadoop-hdfs-3.3.6-tests.jar:/home/runner/.m2/repository/org/assertj/assertj-core/3.12.2/assertj-core-3.12.2.jar:/home/runner/.m2/repository/org/apache/hadoop/hadoop-distcp/3.3.6/hadoop-distcp-3.3.6.jar:/home/runner/.m2/repository/org/apache/hadoop/hadoop-mapreduce-client-jobclient/3.3.6/hadoop-mapreduce-client-jobclient-3.3.6.jar:/home/runner/.m2/repository/org/apache/hadoop/hadoop-mapreduce-client-common/3.3.6/hadoop-mapreduce-client-common-3.3.6.jar:/home/runner/.m2/repository/org/apache/hadoop/hadoop-yarn-common/3.3.6/hadoop-yarn-common-3.3.6.jar:/home/runner/.m2/repository/org/apache/hadoop/hadoop-yarn-api/3.3.6/hadoop-yarn-api-3.3.6.jar:/home/runner/.m2/repository/com/sun/jersey/contribs/jersey-guice/1.19/jersey-guice-1.19.jar:/home/runner/.m2/repository/com/fasterxml/jackson/jaxrs/jackson-jaxrs-json-provider/2.13.4/jackson-jaxrs-json-provider-2.13.4.jar:/home/runner/.m2/repository/com/fasterxml/jackson/jaxrs/jackson-jaxrs-base/2.13.4/jackson-jaxrs-base-2.13.4.jar:/home/runner/.m2/repository/org/apache/hadoop/hadoop-yarn-client/3.3.6/hadoop-yarn-client-3.3.6.jar:/home/runner/.m2/repository/org/eclipse/jetty/websocket/websocket-client/9.4.51.v20230217/websocket-client-9.4.51.v20230217.jar:/home/runner/.m2/repository/org/eclipse/jetty/websocket/websocket-common/9.4.51.v20230217/websocket-common-9.4.51.v20230217.jar:/home/runner/.m2/repository/org/eclipse/jetty/websocket/websocket-api/9.4.51.v20230217/websocket-api-9.4.51.v20230217.jar:/home/runner/.m2/repository/org/jline/jline/3.9.0/jline-3.9.0.jar:/home/runner/.m2/repository/org/apache/hadoop/hadoop-mapreduce-client-core/3.3.6/hadoop-mapreduce-client-core-3.3.6.jar:/home/runner/.m2/repository/org/apache/avro/avro/1.7.7/avro-1.7.7.jar:/home/runner/.m2/repository/com/thoughtworks/paranamer/paranamer/2.3/paranamer-2.3.jar:/home/runner/.m2/repository/org/apache/hadoop/hadoop-annotations/3.3.6/hadoop-annotations-3.3.6.jar:/usr/lib/jvm/temurin-8-jdk-amd64/jre/../lib/tools.jar:/home/runner/.m2/repository/io/netty/netty/3.10.6.Final/netty-3.10.6.Final.jar:/home/runner/.m2/repository/org/apache/hadoop/hadoop-distcp/3.3.6/hadoop-distcp-3.3.6-tests.jar:/home/runner/.m2/repository/org/slf4j/jul-to-slf4j/1.7.36/jul-to-slf4j-1.7.36.jar:"/>
    <property name="java.vm.vendor" value="Temurin"/>
    <property name="sun.arch.data.model" value="64"/>
    <property name="test.build.dir" value="/home/runner/work/ozone/ozone/hadoop-ozone/integration-test/target/test-dir"/>
    <property name="test.cache.data" value=""/>
    <property name="java.vendor.url" value="https://adoptium.net/"/>
    <property name="user.timezone" value="Etc/UTC"/>
    <property name="java.vm.specification.version" value="1.8"/>
    <property name="os.name" value="Linux"/>
    <property name="test.build.data" value="/home/runner/work/ozone/ozone/hadoop-ozone/integration-test/target/test-dir"/>
    <property name="sun.java.launcher" value="SUN_STANDARD"/>
    <property name="sun.boot.library.path" value="/usr/lib/jvm/temurin-8-jdk-amd64/jre/lib/amd64"/>
    <property name="sun.java.command" value="/home/runner/work/ozone/ozone/hadoop-ozone/integration-test/target/surefire/surefirebooter2560255394428384811.jar /home/runner/work/ozone/ozone/hadoop-ozone/integration-test/target/surefire 2023-09-07T20-24-07_679-jvmRun1 surefire3985029367370043457tmp surefire_42537232922540331421tmp"/>
    <property name="native.lib.tmp.dir" value="/tmp"/>
    <property name="surefire.test.class.path" value="/home/runner/work/ozone/ozone/hadoop-ozone/integration-test/target/test-classes:/home/runner/work/ozone/ozone/hadoop-ozone/integration-test/target/classes:/home/runner/.m2/repository/org/apache/ozone/ozone-common/1.4.0-SNAPSHOT/ozone-common-1.4.0-SNAPSHOT.jar:/home/runner/.m2/repository/io/grpc/grpc-netty/1.51.1/grpc-netty-1.51.1.jar:/home/runner/.m2/repository/io/grpc/grpc-core/1.51.1/grpc-core-1.51.1.jar:/home/runner/.m2/repository/com/google/android/annotations/4.1.1.4/annotations-4.1.1.4.jar:/home/runner/.m2/repository/org/codehaus/mojo/animal-sniffer-annotations/1.21/animal-sniffer-annotations-1.21.jar:/home/runner/.m2/repository/com/google/errorprone/error_prone_annotations/2.2.0/error_prone_annotations-2.2.0.jar:/home/runner/.m2/repository/io/perfmark/perfmark-api/0.25.0/perfmark-api-0.25.0.jar:/home/runner/.m2/repository/io/netty/netty-codec-http2/4.1.94.Final/netty-codec-http2-4.1.94.Final.jar:/home/runner/.m2/repository/io/netty/netty-common/4.1.94.Final/netty-common-4.1.94.Final.jar:/home/runner/.m2/repository/io/netty/netty-buffer/4.1.94.Final/netty-buffer-4.1.94.Final.jar:/home/runner/.m2/repository/io/netty/netty-codec-http/4.1.94.Final/netty-codec-http-4.1.94.Final.jar:/home/runner/.m2/repository/io/netty/netty-handler-proxy/4.1.94.Final/netty-handler-proxy-4.1.94.Final.jar:/home/runner/.m2/repository/io/netty/netty-codec-socks/4.1.94.Final/netty-codec-socks-4.1.94.Final.jar:/home/runner/.m2/repository/io/netty/netty-tcnative-boringssl-static/2.0.61.Final/netty-tcnative-boringssl-static-2.0.61.Final.jar:/home/runner/.m2/repository/io/netty/netty-tcnative-classes/2.0.61.Final/netty-tcnative-classes-2.0.61.Final.jar:/home/runner/.m2/repository/io/netty/netty-tcnative-boringssl-static/2.0.61.Final/netty-tcnative-boringssl-static-2.0.61.Final-linux-x86_64.jar:/home/runner/.m2/repository/io/netty/netty-tcnative-boringssl-static/2.0.61.Final/netty-tcnative-boringssl-static-2.0.61.Final-linux-aarch_64.jar:/home/runner/.m2/repository/io/netty/netty-tcnative-boringssl-static/2.0.61.Final/netty-tcnative-boringssl-static-2.0.61.Final-osx-x86_64.jar:/home/runner/.m2/repository/io/netty/netty-tcnative-boringssl-static/2.0.61.Final/netty-tcnative-boringssl-static-2.0.61.Final-osx-aarch_64.jar:/home/runner/.m2/repository/io/netty/netty-tcnative-boringssl-static/2.0.61.Final/netty-tcnative-boringssl-static-2.0.61.Final-windows-x86_64.jar:/home/runner/.m2/repository/org/apache/commons/commons-compress/1.21/commons-compress-1.21.jar:/home/runner/.m2/repository/org/apache/ozone/hdds-common/1.4.0-SNAPSHOT/hdds-common-1.4.0-SNAPSHOT.jar:/home/runner/.m2/repository/org/apache/ozone/hdds-client/1.4.0-SNAPSHOT/hdds-client-1.4.0-SNAPSHOT.jar:/home/runner/.m2/repository/org/apache/ozone/ozone-interface-client/1.4.0-SNAPSHOT/ozone-interface-client-1.4.0-SNAPSHOT.jar:/home/runner/.m2/repository/org/apache/hadoop/hadoop-hdfs-client/3.3.6/hadoop-hdfs-client-3.3.6.jar:/home/runner/.m2/repository/com/squareup/okhttp3/okhttp/4.9.3/okhttp-4.9.3.jar:/home/runner/.m2/repository/com/squareup/okio/okio/3.4.0/okio-3.4.0.jar:/home/runner/.m2/repository/com/squareup/okio/okio-jvm/3.4.0/okio-jvm-3.4.0.jar:/home/runner/.m2/repository/org/jetbrains/kotlin/kotlin-stdlib-jdk8/1.8.0/kotlin-stdlib-jdk8-1.8.0.jar:/home/runner/.m2/repository/org/jetbrains/kotlin/kotlin-stdlib-jdk7/1.8.0/kotlin-stdlib-jdk7-1.8.0.jar:/home/runner/.m2/repository/org/jetbrains/kotlin/kotlin-stdlib-common/1.6.21/kotlin-stdlib-common-1.6.21.jar:/home/runner/.m2/repository/org/apache/ozone/hdds-test-utils/1.4.0-SNAPSHOT/hdds-test-utils-1.4.0-SNAPSHOT.jar:/home/runner/.m2/repository/com/google/guava/guava/32.0.0-jre/guava-32.0.0-jre.jar:/home/runner/.m2/repository/com/google/guava/failureaccess/1.0.1/failureaccess-1.0.1.jar:/home/runner/.m2/repository/com/google/guava/listenablefuture/9999.0-empty-to-avoid-conflict-with-guava/listenablefuture-9999.0-empty-to-avoid-conflict-with-guava.jar:/home/runner/.m2/repository/com/google/code/findbugs/jsr305/3.0.0/jsr305-3.0.0.jar:/home/runner/.m2/repository/org/checkerframework/checker-qual/3.33.0/checker-qual-3.33.0.jar:/home/runner/.m2/repository/com/google/j2objc/j2objc-annotations/2.8/j2objc-annotations-2.8.jar:/home/runner/.m2/repository/commons-io/commons-io/2.11.0/commons-io-2.11.0.jar:/home/runner/.m2/repository/commons-logging/commons-logging/1.2/commons-logging-1.2.jar:/home/runner/.m2/repository/ch/qos/reload4j/reload4j/1.2.22/reload4j-1.2.22.jar:/home/runner/.m2/repository/org/slf4j/slf4j-api/1.7.36/slf4j-api-1.7.36.jar:/home/runner/.m2/repository/org/apache/logging/log4j/log4j-api/2.17.1/log4j-api-2.17.1.jar:/home/runner/.m2/repository/org/apache/ozone/hdds-server-scm/1.4.0-SNAPSHOT/hdds-server-scm-1.4.0-SNAPSHOT.jar:/home/runner/.m2/repository/org/apache/ozone/hdds-container-service/1.4.0-SNAPSHOT/hdds-container-service-1.4.0-SNAPSHOT.jar:/home/runner/.m2/repository/org/apache/ozone/hdds-hadoop-dependency-server/1.4.0-SNAPSHOT/hdds-hadoop-dependency-server-1.4.0-SNAPSHOT.jar:/home/runner/.m2/repository/org/apache/hadoop/hadoop-hdfs/3.3.6/hadoop-hdfs-3.3.6.jar:/home/runner/.m2/repository/commons-daemon/commons-daemon/1.0.13/commons-daemon-1.0.13.jar:/home/runner/.m2/repository/org/apache/ozone/hdds-server-framework/1.4.0-SNAPSHOT/hdds-server-framework-1.4.0-SNAPSHOT.jar:/home/runner/.m2/repository/io/dropwizard/metrics/metrics-core/3.2.4/metrics-core-3.2.4.jar:/home/runner/.m2/repository/org/apache/commons/commons-text/1.10.0/commons-text-1.10.0.jar:/home/runner/.m2/repository/org/bouncycastle/bcprov-jdk15on/1.67/bcprov-jdk15on-1.67.jar:/home/runner/.m2/repository/com/google/protobuf/protobuf-java/2.5.0/protobuf-java-2.5.0.jar:/home/runner/.m2/repository/org/apache/ozone/hdds-server-framework/1.4.0-SNAPSHOT/hdds-server-framework-1.4.0-SNAPSHOT-tests.jar:/home/runner/.m2/repository/org/apache/ozone/hdds-interface-server/1.4.0-SNAPSHOT/hdds-interface-server-1.4.0-SNAPSHOT.jar:/home/runner/.m2/repository/org/apache/ozone/hdds-interface-admin/1.4.0-SNAPSHOT/hdds-interface-admin-1.4.0-SNAPSHOT.jar:/home/runner/.m2/repository/org/apache/ozone/hdds-managed-rocksdb/1.4.0-SNAPSHOT/hdds-managed-rocksdb-1.4.0-SNAPSHOT.jar:/home/runner/.m2/repository/org/rocksdb/rocksdbjni/7.7.3/rocksdbjni-7.7.3.jar:/home/runner/.m2/repository/org/slf4j/slf4j-reload4j/1.7.36/slf4j-reload4j-1.7.36.jar:/home/runner/.m2/repository/org/apache/commons/commons-configuration2/2.1.1/commons-configuration2-2.1.1.jar:/home/runner/.m2/repository/commons-fileupload/commons-fileupload/1.5/commons-fileupload-1.5.jar:/home/runner/.m2/repository/org/apache/logging/log4j/log4j-core/2.17.1/log4j-core-2.17.1.jar:/home/runner/.m2/repository/com/lmax/disruptor/3.4.2/disruptor-3.4.2.jar:/home/runner/.m2/repository/org/eclipse/jetty/jetty-util/9.4.51.v20230217/jetty-util-9.4.51.v20230217.jar:/home/runner/.m2/repository/org/eclipse/jetty/jetty-server/9.4.51.v20230217/jetty-server-9.4.51.v20230217.jar:/home/runner/.m2/repository/org/eclipse/jetty/jetty-http/9.4.51.v20230217/jetty-http-9.4.51.v20230217.jar:/home/runner/.m2/repository/org/eclipse/jetty/jetty-io/9.4.51.v20230217/jetty-io-9.4.51.v20230217.jar:/home/runner/.m2/repository/org/eclipse/jetty/jetty-servlet/9.4.51.v20230217/jetty-servlet-9.4.51.v20230217.jar:/home/runner/.m2/repository/org/eclipse/jetty/jetty-security/9.4.51.v20230217/jetty-security-9.4.51.v20230217.jar:/home/runner/.m2/repository/org/eclipse/jetty/jetty-util-ajax/9.4.51.v20230217/jetty-util-ajax-9.4.51.v20230217.jar:/home/runner/.m2/repository/org/eclipse/jetty/jetty-webapp/9.4.51.v20230217/jetty-webapp-9.4.51.v20230217.jar:/home/runner/.m2/repository/org/eclipse/jetty/jetty-xml/9.4.51.v20230217/jetty-xml-9.4.51.v20230217.jar:/home/runner/.m2/repository/org/apache/ratis/ratis-server/2.5.1/ratis-server-2.5.1.jar:/home/runner/.m2/repository/org/apache/ratis/ratis-thirdparty-misc/1.0.4/ratis-thirdparty-misc-1.0.4.jar:/home/runner/.m2/repository/org/apache/ratis/ratis-proto/2.5.1/ratis-proto-2.5.1.jar:/home/runner/.m2/repository/org/apache/ratis/ratis-common/2.5.1/ratis-common-2.5.1.jar:/home/runner/.m2/repository/org/apache/ratis/ratis-client/2.5.1/ratis-client-2.5.1.jar:/home/runner/.m2/repository/org/apache/ratis/ratis-server-api/2.5.1/ratis-server-api-2.5.1.jar:/home/runner/.m2/repository/org/apache/ratis/ratis-metrics/2.5.1/ratis-metrics-2.5.1.jar:/home/runner/.m2/repository/io/prometheus/simpleclient_dropwizard/0.7.0/simpleclient_dropwizard-0.7.0.jar:/home/runner/.m2/repository/io/prometheus/simpleclient/0.7.0/simpleclient-0.7.0.jar:/home/runner/.m2/repository/io/prometheus/simpleclient_common/0.7.0/simpleclient_common-0.7.0.jar:/home/runner/.m2/repository/com/fasterxml/jackson/datatype/jackson-datatype-jsr310/2.13.4/jackson-datatype-jsr310-2.13.4.jar:/home/runner/.m2/repository/com/fasterxml/jackson/core/jackson-core/2.13.4/jackson-core-2.13.4.jar:/home/runner/.m2/repository/com/github/spotbugs/spotbugs-annotations/3.1.12/spotbugs-annotations-3.1.12.jar:/home/runner/.m2/repository/org/apache/ozone/rocksdb-checkpoint-differ/1.4.0-SNAPSHOT/rocksdb-checkpoint-differ-1.4.0-SNAPSHOT.jar:/home/runner/.m2/repository/org/jgrapht/jgrapht-core/1.0.1/jgrapht-core-1.0.1.jar:/home/runner/.m2/repository/org/jgrapht/jgrapht-ext/1.0.1/jgrapht-ext-1.0.1.jar:/home/runner/.m2/repository/org/tinyjee/jgraphx/jgraphx/2.0.0.1/jgraphx-2.0.0.1.jar:/home/runner/.m2/repository/jgraph/jgraph/5.13.0.0/jgraph-5.13.0.0.jar:/home/runner/.m2/repository/org/antlr/antlr4-runtime/4.5.3/antlr4-runtime-4.5.3.jar:/home/runner/.m2/repository/org/awaitility/awaitility/4.2.0/awaitility-4.2.0.jar:/home/runner/.m2/repository/org/hamcrest/hamcrest/2.1/hamcrest-2.1.jar:/home/runner/.m2/repository/org/apache/ozone/ozone-manager/1.4.0-SNAPSHOT/ozone-manager-1.4.0-SNAPSHOT.jar:/home/runner/.m2/repository/org/aspectj/aspectjrt/1.9.7/aspectjrt-1.9.7.jar:/home/runner/.m2/repository/org/aspectj/aspectjweaver/1.9.7/aspectjweaver-1.9.7.jar:/home/runner/.m2/repository/org/apache/ozone/hdds-interface-client/1.4.0-SNAPSHOT/hdds-interface-client-1.4.0-SNAPSHOT.jar:/home/runner/.m2/repository/org/apache/hadoop/thirdparty/hadoop-shaded-protobuf_3_7/1.1.1/hadoop-shaded-protobuf_3_7-1.1.1.jar:/home/runner/.m2/repository/org/apache/ozone/ozone-interface-storage/1.4.0-SNAPSHOT/ozone-interface-storage-1.4.0-SNAPSHOT.jar:/home/runner/.m2/repository/org/reflections/reflections/0.9.11/reflections-0.9.11.jar:/home/runner/.m2/repository/com/sun/jersey/jersey-client/1.19/jersey-client-1.19.jar:/home/runner/.m2/repository/org/codehaus/jackson/jackson-core-asl/1.9.13/jackson-core-asl-1.9.13.jar:/home/runner/.m2/repository/org/codehaus/jackson/jackson-mapper-asl/1.9.13/jackson-mapper-asl-1.9.13.jar:/home/runner/.m2/repository/org/codehaus/jackson/jackson-jaxrs/1.9.13/jackson-jaxrs-1.9.13.jar:/home/runner/.m2/repository/org/apache/ranger/ranger-intg/2.3.0/ranger-intg-2.3.0.jar:/home/runner/.m2/repository/org/apache/ranger/ranger-plugins-common/2.3.0/ranger-plugins-common-2.3.0.jar:/home/runner/.m2/repository/commons-lang/commons-lang/2.6/commons-lang-2.6.jar:/home/runner/.m2/repository/org/apache/ranger/ranger-plugins-cred/2.3.0/ranger-plugins-cred-2.3.0.jar:/home/runner/.m2/repository/org/apache/ranger/ranger-plugins-audit/2.3.0/ranger-plugins-audit-2.3.0.jar:/home/runner/.m2/repository/org/eclipse/jetty/jetty-client/9.4.51.v20230217/jetty-client-9.4.51.v20230217.jar:/home/runner/.m2/repository/org/apache/httpcomponents/httpmime/4.5.6/httpmime-4.5.6.jar:/home/runner/.m2/repository/org/apache/httpcomponents/httpcore-nio/4.4.13/httpcore-nio-4.4.13.jar:/home/runner/.m2/repository/org/apache/httpcomponents/httpasyncclient/4.1.3/httpasyncclient-4.1.3.jar:/home/runner/.m2/repository/com/carrotsearch/hppc/0.8.0/hppc-0.8.0.jar:/home/runner/.m2/repository/org/apache/orc/orc-core/1.5.8/orc-core-1.5.8.jar:/home/runner/.m2/repository/net/java/dev/jna/jna/5.2.0/jna-5.2.0.jar:/home/runner/.m2/repository/net/java/dev/jna/jna-platform/5.2.0/jna-platform-5.2.0.jar:/home/runner/.m2/repository/com/kstruct/gethostname4j/0.0.2/gethostname4j-0.0.2.jar:/home/runner/.m2/repository/org/apache/ranger/ranger-plugin-classloader/2.3.0/ranger-plugin-classloader-2.3.0.jar:/home/runner/.m2/repository/org/apache/ozone/hdds-rocks-native/1.4.0-SNAPSHOT/hdds-rocks-native-1.4.0-SNAPSHOT.jar:/home/runner/.m2/repository/org/apache/hadoop/hadoop-minikdc/3.3.6/hadoop-minikdc-3.3.6.jar:/home/runner/.m2/repository/org/apache/kerby/kerb-simplekdc/1.0.1/kerb-simplekdc-1.0.1.jar:/home/runner/.m2/repository/org/apache/kerby/kerb-client/1.0.1/kerb-client-1.0.1.jar:/home/runner/.m2/repository/org/apache/kerby/kerby-config/1.0.1/kerby-config-1.0.1.jar:/home/runner/.m2/repository/org/apache/kerby/kerb-common/1.0.1/kerb-common-1.0.1.jar:/home/runner/.m2/repository/org/apache/kerby/kerb-crypto/1.0.1/kerb-crypto-1.0.1.jar:/home/runner/.m2/repository/org/apache/kerby/kerb-util/1.0.1/kerb-util-1.0.1.jar:/home/runner/.m2/repository/org/apache/kerby/token-provider/1.0.1/token-provider-1.0.1.jar:/home/runner/.m2/repository/org/apache/kerby/kerb-admin/1.0.1/kerb-admin-1.0.1.jar:/home/runner/.m2/repository/org/apache/kerby/kerb-server/1.0.1/kerb-server-1.0.1.jar:/home/runner/.m2/repository/org/apache/kerby/kerb-identity/1.0.1/kerb-identity-1.0.1.jar:/home/runner/.m2/repository/org/apache/kerby/kerby-xdr/1.0.1/kerby-xdr-1.0.1.jar:/home/runner/.m2/repository/org/apache/ozone/ozone-s3gateway/1.4.0-SNAPSHOT/ozone-s3gateway-1.4.0-SNAPSHOT.jar:/home/runner/.m2/repository/org/javassist/javassist/3.21.0-GA/javassist-3.21.0-GA.jar:/home/runner/.m2/repository/org/jboss/weld/servlet/weld-servlet-shaded/3.1.9.Final/weld-servlet-shaded-3.1.9.Final.jar:/home/runner/.m2/repository/org/glassfish/jersey/containers/jersey-container-servlet-core/2.34/jersey-container-servlet-core-2.34.jar:/home/runner/.m2/repository/org/glassfish/hk2/external/jakarta.inject/2.6.1/jakarta.inject-2.6.1.jar:/home/runner/.m2/repository/org/glassfish/jersey/core/jersey-common/2.34/jersey-common-2.34.jar:/home/runner/.m2/repository/jakarta/ws/rs/jakarta.ws.rs-api/2.1.6/jakarta.ws.rs-api-2.1.6.jar:/home/runner/.m2/repository/org/glassfish/jersey/ext/cdi/jersey-cdi1x/2.34/jersey-cdi1x-2.34.jar:/home/runner/.m2/repository/org/glassfish/jersey/inject/jersey-hk2/2.34/jersey-hk2-2.34.jar:/home/runner/.m2/repository/org/glassfish/hk2/hk2-locator/2.6.1/hk2-locator-2.6.1.jar:/home/runner/.m2/repository/org/glassfish/jersey/media/jersey-media-jaxb/2.34/jersey-media-jaxb-2.34.jar:/home/runner/.m2/repository/org/glassfish/hk2/osgi-resource-locator/1.0.3/osgi-resource-locator-1.0.3.jar:/home/runner/.m2/repository/org/glassfish/hk2/hk2-api/2.5.0/hk2-api-2.5.0.jar:/home/runner/.m2/repository/org/glassfish/hk2/hk2-utils/2.5.0/hk2-utils-2.5.0.jar:/home/runner/.m2/repository/org/glassfish/hk2/external/aopalliance-repackaged/2.5.0/aopalliance-repackaged-2.5.0.jar:/home/runner/.m2/repository/com/fasterxml/jackson/dataformat/jackson-dataformat-xml/2.13.4/jackson-dataformat-xml-2.13.4.jar:/home/runner/.m2/repository/org/codehaus/woodstox/stax2-api/4.2.1/stax2-api-4.2.1.jar:/home/runner/.m2/repository/com/fasterxml/woodstox/woodstox-core/5.4.0/woodstox-core-5.4.0.jar:/home/runner/.m2/repository/com/fasterxml/jackson/module/jackson-module-jaxb-annotations/2.13.4/jackson-module-jaxb-annotations-2.13.4.jar:/home/runner/.m2/repository/jakarta/xml/bind/jakarta.xml.bind-api/2.3.3/jakarta.xml.bind-api-2.3.3.jar:/home/runner/.m2/repository/jakarta/activation/jakarta.activation-api/1.2.2/jakarta.activation-api-1.2.2.jar:/home/runner/.m2/repository/javax/enterprise/cdi-api/2.0/cdi-api-2.0.jar:/home/runner/.m2/repository/javax/el/javax.el-api/3.0.0/javax.el-api-3.0.0.jar:/home/runner/.m2/repository/javax/interceptor/javax.interceptor-api/1.2/javax.interceptor-api-1.2.jar:/home/runner/.m2/repository/javax/inject/javax.inject/1/javax.inject-1.jar:/home/runner/.m2/repository/javax/xml/bind/jaxb-api/2.3.0/jaxb-api-2.3.0.jar:/home/runner/.m2/repository/org/glassfish/jaxb/jaxb-runtime/2.3.0.1/jaxb-runtime-2.3.0.1.jar:/home/runner/.m2/repository/org/glassfish/jaxb/jaxb-core/2.3.0.1/jaxb-core-2.3.0.1.jar:/home/runner/.m2/repository/org/glassfish/jaxb/txw2/2.3.0.1/txw2-2.3.0.1.jar:/home/runner/.m2/repository/com/sun/istack/istack-commons-runtime/3.0.5/istack-commons-runtime-3.0.5.jar:/home/runner/.m2/repository/org/jvnet/staxex/stax-ex/1.7.8/stax-ex-1.7.8.jar:/home/runner/.m2/repository/com/sun/xml/fastinfoset/FastInfoset/1.2.13/FastInfoset-1.2.13.jar:/home/runner/.m2/repository/javax/activation/activation/1.1.1/activation-1.1.1.jar:/home/runner/.m2/repository/io/grpc/grpc-protobuf/1.51.1/grpc-protobuf-1.51.1.jar:/home/runner/.m2/repository/com/google/api/grpc/proto-google-common-protos/2.9.0/proto-google-common-protos-2.9.0.jar:/home/runner/.m2/repository/io/grpc/grpc-protobuf-lite/1.51.1/grpc-protobuf-lite-1.51.1.jar:/home/runner/.m2/repository/io/grpc/grpc-stub/1.51.1/grpc-stub-1.51.1.jar:/home/runner/.m2/repository/io/netty/netty-transport/4.1.94.Final/netty-transport-4.1.94.Final.jar:/home/runner/.m2/repository/io/netty/netty-resolver/4.1.94.Final/netty-resolver-4.1.94.Final.jar:/home/runner/.m2/repository/org/apache/ozone/ozone-csi/1.4.0-SNAPSHOT/ozone-csi-1.4.0-SNAPSHOT.jar:/home/runner/.m2/repository/com/google/protobuf/protobuf-java-util/3.19.6/protobuf-java-util-3.19.6.jar:/home/runner/.m2/repository/com/google/code/gson/gson/2.9.0/gson-2.9.0.jar:/home/runner/.m2/repository/org/apache/ozone/hdds-config/1.4.0-SNAPSHOT/hdds-config-1.4.0-SNAPSHOT.jar:/home/runner/.m2/repository/io/netty/netty-transport-native-epoll/4.1.94.Final/netty-transport-native-epoll-4.1.94.Final-linux-x86_64.jar:/home/runner/.m2/repository/io/netty/netty-transport-classes-epoll/4.1.94.Final/netty-transport-classes-epoll-4.1.94.Final.jar:/home/runner/.m2/repository/io/netty/netty-transport-native-unix-common/4.1.94.Final/netty-transport-native-unix-common-4.1.94.Final.jar:/home/runner/.m2/repository/org/apache/ozone/ozone-recon/1.4.0-SNAPSHOT/ozone-recon-1.4.0-SNAPSHOT.jar:/home/runner/.m2/repository/org/apache/ozone/ozone-reconcodegen/1.4.0-SNAPSHOT/ozone-reconcodegen-1.4.0-SNAPSHOT.jar:/home/runner/.m2/repository/com/google/inject/guice/5.1.0/guice-5.1.0.jar:/home/runner/.m2/repository/aopalliance/aopalliance/1.0/aopalliance-1.0.jar:/home/runner/.m2/repository/com/google/inject/extensions/guice-assistedinject/5.1.0/guice-assistedinject-5.1.0.jar:/home/runner/.m2/repository/com/google/inject/extensions/guice-servlet/5.1.0/guice-servlet-5.1.0.jar:/home/runner/.m2/repository/org/glassfish/jersey/containers/jersey-container-servlet/2.34/jersey-container-servlet-2.34.jar:/home/runner/.m2/repository/org/glassfish/hk2/guice-bridge/2.5.0/guice-bridge-2.5.0.jar:/home/runner/.m2/repository/org/glassfish/jersey/core/jersey-server/2.34/jersey-server-2.34.jar:/home/runner/.m2/repository/org/glassfish/jersey/core/jersey-client/2.34/jersey-client-2.34.jar:/home/runner/.m2/repository/jakarta/annotation/jakarta.annotation-api/1.3.5/jakarta.annotation-api-1.3.5.jar:/home/runner/.m2/repository/jakarta/validation/jakarta.validation-api/2.0.2/jakarta.validation-api-2.0.2.jar:/home/runner/.m2/repository/org/glassfish/jersey/media/jersey-media-json-jackson/2.34/jersey-media-json-jackson-2.34.jar:/home/runner/.m2/repository/org/glassfish/jersey/ext/jersey-entity-filtering/2.34/jersey-entity-filtering-2.34.jar:/home/runner/.m2/repository/org/jooq/jooq/3.11.10/jooq-3.11.10.jar:/home/runner/.m2/repository/org/jooq/jooq-meta/3.11.10/jooq-meta-3.11.10.jar:/home/runner/.m2/repository/org/jooq/jooq-codegen/3.11.10/jooq-codegen-3.11.10.jar:/home/runner/.m2/repository/com/jolbox/bonecp/0.8.0.RELEASE/bonecp-0.8.0.RELEASE.jar:/home/runner/.m2/repository/org/apache/derby/derby/10.14.2.0/derby-10.14.2.0.jar:/home/runner/.m2/repository/org/xerial/sqlite-jdbc/3.41.2.2/sqlite-jdbc-3.41.2.2.jar:/home/runner/.m2/repository/org/springframework/spring-jdbc/5.3.27/spring-jdbc-5.3.27.jar:/home/runner/.m2/repository/org/springframework/spring-beans/5.3.27/spring-beans-5.3.27.jar:/home/runner/.m2/repository/org/springframework/spring-core/5.3.27/spring-core-5.3.27.jar:/home/runner/.m2/repository/org/springframework/spring-tx/5.3.27/spring-tx-5.3.27.jar:/home/runner/.m2/repository/org/apache/ozone/ozone-client/1.4.0-SNAPSHOT/ozone-client-1.4.0-SNAPSHOT.jar:/home/runner/.m2/repository/org/apache/ozone/hdds-erasurecode/1.4.0-SNAPSHOT/hdds-erasurecode-1.4.0-SNAPSHOT.jar:/home/runner/.m2/repository/org/apache/ozone/ozone-filesystem/1.4.0-SNAPSHOT/ozone-filesystem-1.4.0-SNAPSHOT.jar:/home/runner/.m2/repository/org/apache/ozone/ozone-filesystem-common/1.4.0-SNAPSHOT/ozone-filesystem-common-1.4.0-SNAPSHOT.jar:/home/runner/.m2/repository/org/apache/ozone/ozone-tools/1.4.0-SNAPSHOT/ozone-tools-1.4.0-SNAPSHOT.jar:/home/runner/.m2/repository/com/amazonaws/aws-java-sdk-core/1.12.261/aws-java-sdk-core-1.12.261.jar:/home/runner/.m2/repository/org/apache/httpcomponents/httpclient/4.5.13/httpclient-4.5.13.jar:/home/runner/.m2/repository/org/apache/httpcomponents/httpcore/4.4.13/httpcore-4.4.13.jar:/home/runner/.m2/repository/software/amazon/ion/ion-java/1.0.2/ion-java-1.0.2.jar:/home/runner/.m2/repository/com/fasterxml/jackson/dataformat/jackson-dataformat-cbor/2.13.4/jackson-dataformat-cbor-2.13.4.jar:/home/runner/.m2/repository/joda-time/joda-time/2.10.6/joda-time-2.10.6.jar:/home/runner/.m2/repository/com/amazonaws/aws-java-sdk-s3/1.12.261/aws-java-sdk-s3-1.12.261.jar:/home/runner/.m2/repository/com/amazonaws/aws-java-sdk-kms/1.12.261/aws-java-sdk-kms-1.12.261.jar:/home/runner/.m2/repository/com/amazonaws/jmespath-java/1.12.261/jmespath-java-1.12.261.jar:/home/runner/.m2/repository/org/kohsuke/metainf-services/metainf-services/1.8/metainf-services-1.8.jar:/home/runner/.m2/repository/org/apache/ozone/hdds-tools/1.4.0-SNAPSHOT/hdds-tools-1.4.0-SNAPSHOT.jar:/home/runner/.m2/repository/org/apache/ratis/ratis-tools/2.5.1/ratis-tools-2.5.1.jar:/home/runner/.m2/repository/commons-cli/commons-cli/1.2/commons-cli-1.2.jar:/home/runner/.m2/repository/org/apache/commons/commons-lang3/3.7/commons-lang3-3.7.jar:/home/runner/.m2/repository/org/apache/ozone/ozone-manager/1.4.0-SNAPSHOT/ozone-manager-1.4.0-SNAPSHOT-tests.jar:/home/runner/.m2/repository/org/apache/ozone/hdds-common/1.4.0-SNAPSHOT/hdds-common-1.4.0-SNAPSHOT-tests.jar:/home/runner/.m2/repository/org/apache/ozone/hdds-hadoop-dependency-client/1.4.0-SNAPSHOT/hdds-hadoop-dependency-client-1.4.0-SNAPSHOT.jar:/home/runner/.m2/repository/info/picocli/picocli/4.6.1/picocli-4.6.1.jar:/home/runner/.m2/repository/com/fasterxml/jackson/core/jackson-annotations/2.13.4/jackson-annotations-2.13.4.jar:/home/runner/.m2/repository/org/apache/ozone/hdds-annotation-processing/1.4.0-SNAPSHOT/hdds-annotation-processing-1.4.0-SNAPSHOT.jar:/home/runner/.m2/repository/javax/annotation/javax.annotation-api/1.2/javax.annotation-api-1.2.jar:/home/runner/.m2/repository/org/apache/ratis/ratis-netty/2.5.1/ratis-netty-2.5.1.jar:/home/runner/.m2/repository/org/apache/ratis/ratis-grpc/2.5.1/ratis-grpc-2.5.1.jar:/home/runner/.m2/repository/org/apache/commons/commons-pool2/2.6.0/commons-pool2-2.6.0.jar:/home/runner/.m2/repository/org/bouncycastle/bcpkix-jdk15on/1.67/bcpkix-jdk15on-1.67.jar:/home/runner/.m2/repository/commons-validator/commons-validator/1.6/commons-validator-1.6.jar:/home/runner/.m2/repository/commons-beanutils/commons-beanutils/1.9.4/commons-beanutils-1.9.4.jar:/home/runner/.m2/repository/commons-digester/commons-digester/1.8.1/commons-digester-1.8.1.jar:/home/runner/.m2/repository/commons-collections/commons-collections/3.2.2/commons-collections-3.2.2.jar:/home/runner/.m2/repository/io/jaegertracing/jaeger-client/1.6.0/jaeger-client-1.6.0.jar:/home/runner/.m2/repository/io/jaegertracing/jaeger-thrift/1.6.0/jaeger-thrift-1.6.0.jar:/home/runner/.m2/repository/org/apache/thrift/libthrift/0.14.1/libthrift-0.14.1.jar:/home/runner/.m2/repository/io/jaegertracing/jaeger-core/1.6.0/jaeger-core-1.6.0.jar:/home/runner/.m2/repository/io/jaegertracing/jaeger-tracerresolver/1.6.0/jaeger-tracerresolver-1.6.0.jar:/home/runner/.m2/repository/io/opentracing/contrib/opentracing-tracerresolver/0.1.8/opentracing-tracerresolver-0.1.8.jar:/home/runner/.m2/repository/org/jetbrains/kotlin/kotlin-stdlib/1.6.21/kotlin-stdlib-1.6.21.jar:/home/runner/.m2/repository/org/jetbrains/annotations/13.0/annotations-13.0.jar:/home/runner/.m2/repository/io/opentracing/opentracing-util/0.33.0/opentracing-util-0.33.0.jar:/home/runner/.m2/repository/io/opentracing/opentracing-api/0.33.0/opentracing-api-0.33.0.jar:/home/runner/.m2/repository/io/opentracing/opentracing-noop/0.33.0/opentracing-noop-0.33.0.jar:/home/runner/.m2/repository/org/yaml/snakeyaml/2.0/snakeyaml-2.0.jar:/home/runner/.m2/repository/io/grpc/grpc-api/1.51.1/grpc-api-1.51.1.jar:/home/runner/.m2/repository/io/grpc/grpc-context/1.51.1/grpc-context-1.51.1.jar:/home/runner/.m2/repository/junit/junit/4.13.1/junit-4.13.1.jar:/home/runner/.m2/repository/org/hamcrest/hamcrest-core/1.3/hamcrest-core-1.3.jar:/home/runner/.m2/repository/org/junit/jupiter/junit-jupiter-api/5.8.2/junit-jupiter-api-5.8.2.jar:/home/runner/.m2/repository/org/opentest4j/opentest4j/1.2.0/opentest4j-1.2.0.jar:/home/runner/.m2/repository/org/junit/platform/junit-platform-commons/1.8.2/junit-platform-commons-1.8.2.jar:/home/runner/.m2/repository/org/apiguardian/apiguardian-api/1.1.2/apiguardian-api-1.1.2.jar:/home/runner/.m2/repository/org/junit/jupiter/junit-jupiter-params/5.8.2/junit-jupiter-params-5.8.2.jar:/home/runner/.m2/repository/org/junit/jupiter/junit-jupiter-migrationsupport/5.8.2/junit-jupiter-migrationsupport-5.8.2.jar:/home/runner/.m2/repository/org/junit/jupiter/junit-jupiter-engine/5.8.2/junit-jupiter-engine-5.8.2.jar:/home/runner/.m2/repository/org/junit/platform/junit-platform-engine/1.8.2/junit-platform-engine-1.8.2.jar:/home/runner/.m2/repository/org/junit/vintage/junit-vintage-engine/5.8.2/junit-vintage-engine-5.8.2.jar:/home/runner/.m2/repository/org/junit/platform/junit-platform-launcher/1.8.2/junit-platform-launcher-1.8.2.jar:/home/runner/.m2/repository/org/mockito/mockito-core/3.5.9/mockito-core-3.5.9.jar:/home/runner/.m2/repository/net/bytebuddy/byte-buddy/1.10.13/byte-buddy-1.10.13.jar:/home/runner/.m2/repository/net/bytebuddy/byte-buddy-agent/1.10.13/byte-buddy-agent-1.10.13.jar:/home/runner/.m2/repository/org/objenesis/objenesis/1.0/objenesis-1.0.jar:/home/runner/.m2/repository/org/apache/hadoop/hadoop-kms/3.3.6/hadoop-kms-3.3.6.jar:/home/runner/.m2/repository/org/apache/hadoop/hadoop-auth/3.3.6/hadoop-auth-3.3.6.jar:/home/runner/.m2/repository/com/nimbusds/nimbus-jose-jwt/9.8.1/nimbus-jose-jwt-9.8.1.jar:/home/runner/.m2/repository/com/github/stephenc/jcip/jcip-annotations/1.0-1/jcip-annotations-1.0-1.jar:/home/runner/.m2/repository/org/apache/zookeeper/zookeeper/3.5.6/zookeeper-3.5.6.jar:/home/runner/.m2/repository/org/apache/zookeeper/zookeeper-jute/3.5.6/zookeeper-jute-3.5.6.jar:/home/runner/.m2/repository/org/apache/yetus/audience-annotations/0.5.0/audience-annotations-0.5.0.jar:/home/runner/.m2/repository/org/apache/curator/curator-framework/4.2.0/curator-framework-4.2.0.jar:/home/runner/.m2/repository/org/apache/hadoop/thirdparty/hadoop-shaded-guava/1.1.1/hadoop-shaded-guava-1.1.1.jar:/home/runner/.m2/repository/com/sun/jersey/jersey-core/1.19/jersey-core-1.19.jar:/home/runner/.m2/repository/javax/ws/rs/jsr311-api/1.1.1/jsr311-api-1.1.1.jar:/home/runner/.m2/repository/com/sun/jersey/jersey-server/1.19/jersey-server-1.19.jar:/home/runner/.m2/repository/javax/servlet/javax.servlet-api/3.1.0/javax.servlet-api-3.1.0.jar:/home/runner/.m2/repository/org/apache/hadoop/hadoop-common/3.3.6/hadoop-common-3.3.6.jar:/home/runner/.m2/repository/org/apache/commons/commons-math3/3.1.1/commons-math3-3.1.1.jar:/home/runner/.m2/repository/commons-net/commons-net/3.9.0/commons-net-3.9.0.jar:/home/runner/.m2/repository/com/sun/jersey/jersey-servlet/1.19/jersey-servlet-1.19.jar:/home/runner/.m2/repository/com/github/pjfanning/jersey-json/1.20/jersey-json-1.20.jar:/home/runner/.m2/repository/org/codehaus/jettison/jettison/1.1/jettison-1.1.jar:/home/runner/.m2/repository/com/sun/xml/bind/jaxb-impl/2.2.3-1/jaxb-impl-2.2.3-1.jar:/home/runner/.m2/repository/com/google/re2j/re2j/1.1/re2j-1.1.jar:/home/runner/.m2/repository/com/jcraft/jsch/0.1.54/jsch-0.1.54.jar:/home/runner/.m2/repository/org/apache/curator/curator-client/4.2.0/curator-client-4.2.0.jar:/home/runner/.m2/repository/org/apache/curator/curator-recipes/5.2.0/curator-recipes-5.2.0.jar:/home/runner/.m2/repository/org/apache/kerby/kerb-core/1.0.1/kerb-core-1.0.1.jar:/home/runner/.m2/repository/org/apache/kerby/kerby-pkix/1.0.1/kerby-pkix-1.0.1.jar:/home/runner/.m2/repository/org/apache/kerby/kerby-asn1/1.0.1/kerby-asn1-1.0.1.jar:/home/runner/.m2/repository/org/apache/kerby/kerby-util/1.0.1/kerby-util-1.0.1.jar:/home/runner/.m2/repository/dnsjava/dnsjava/2.1.7/dnsjava-2.1.7.jar:/home/runner/.m2/repository/org/xerial/snappy/snappy-java/1.1.8.2/snappy-java-1.1.8.2.jar:/home/runner/.m2/repository/com/fasterxml/jackson/core/jackson-databind/2.13.4.2/jackson-databind-2.13.4.2.jar:/home/runner/.m2/repository/org/apache/hadoop/hadoop-kms/3.3.6/hadoop-kms-3.3.6-tests.jar:/home/runner/.m2/repository/org/apache/ozone/hdds-server-scm/1.4.0-SNAPSHOT/hdds-server-scm-1.4.0-SNAPSHOT-tests.jar:/home/runner/.m2/repository/org/apache/ozone/hdds-container-service/1.4.0-SNAPSHOT/hdds-container-service-1.4.0-SNAPSHOT-tests.jar:/home/runner/.m2/repository/com/github/luben/zstd-jni/1.5.2-5/zstd-jni-1.5.2-5.jar:/home/runner/.m2/repository/commons-codec/commons-codec/1.15/commons-codec-1.15.jar:/home/runner/.m2/repository/io/netty/netty-codec/4.1.94.Final/netty-codec-4.1.94.Final.jar:/home/runner/.m2/repository/io/netty/netty-handler/4.1.94.Final/netty-handler-4.1.94.Final.jar:/home/runner/.m2/repository/org/apache/ozone/hdds-hadoop-dependency-test/1.4.0-SNAPSHOT/hdds-hadoop-dependency-test-1.4.0-SNAPSHOT.jar:/home/runner/.m2/repository/org/apache/hadoop/hadoop-common/3.3.6/hadoop-common-3.3.6-tests.jar:/home/runner/.m2/repository/org/apache/hadoop/hadoop-hdfs/3.3.6/hadoop-hdfs-3.3.6-tests.jar:/home/runner/.m2/repository/org/assertj/assertj-core/3.12.2/assertj-core-3.12.2.jar:/home/runner/.m2/repository/org/apache/hadoop/hadoop-distcp/3.3.6/hadoop-distcp-3.3.6.jar:/home/runner/.m2/repository/org/apache/hadoop/hadoop-mapreduce-client-jobclient/3.3.6/hadoop-mapreduce-client-jobclient-3.3.6.jar:/home/runner/.m2/repository/org/apache/hadoop/hadoop-mapreduce-client-common/3.3.6/hadoop-mapreduce-client-common-3.3.6.jar:/home/runner/.m2/repository/org/apache/hadoop/hadoop-yarn-common/3.3.6/hadoop-yarn-common-3.3.6.jar:/home/runner/.m2/repository/org/apache/hadoop/hadoop-yarn-api/3.3.6/hadoop-yarn-api-3.3.6.jar:/home/runner/.m2/repository/com/sun/jersey/contribs/jersey-guice/1.19/jersey-guice-1.19.jar:/home/runner/.m2/repository/com/fasterxml/jackson/jaxrs/jackson-jaxrs-json-provider/2.13.4/jackson-jaxrs-json-provider-2.13.4.jar:/home/runner/.m2/repository/com/fasterxml/jackson/jaxrs/jackson-jaxrs-base/2.13.4/jackson-jaxrs-base-2.13.4.jar:/home/runner/.m2/repository/org/apache/hadoop/hadoop-yarn-client/3.3.6/hadoop-yarn-client-3.3.6.jar:/home/runner/.m2/repository/org/eclipse/jetty/websocket/websocket-client/9.4.51.v20230217/websocket-client-9.4.51.v20230217.jar:/home/runner/.m2/repository/org/eclipse/jetty/websocket/websocket-common/9.4.51.v20230217/websocket-common-9.4.51.v20230217.jar:/home/runner/.m2/repository/org/eclipse/jetty/websocket/websocket-api/9.4.51.v20230217/websocket-api-9.4.51.v20230217.jar:/home/runner/.m2/repository/org/jline/jline/3.9.0/jline-3.9.0.jar:/home/runner/.m2/repository/org/apache/hadoop/hadoop-mapreduce-client-core/3.3.6/hadoop-mapreduce-client-core-3.3.6.jar:/home/runner/.m2/repository/org/apache/avro/avro/1.7.7/avro-1.7.7.jar:/home/runner/.m2/repository/com/thoughtworks/paranamer/paranamer/2.3/paranamer-2.3.jar:/home/runner/.m2/repository/org/apache/hadoop/hadoop-annotations/3.3.6/hadoop-annotations-3.3.6.jar:/usr/lib/jvm/temurin-8-jdk-amd64/jre/../lib/tools.jar:/home/runner/.m2/repository/io/netty/netty/3.10.6.Final/netty-3.10.6.Final.jar:/home/runner/.m2/repository/org/apache/hadoop/hadoop-distcp/3.3.6/hadoop-distcp-3.3.6-tests.jar:/home/runner/.m2/repository/org/slf4j/jul-to-slf4j/1.7.36/jul-to-slf4j-1.7.36.jar:"/>
    <property name="sun.cpu.endian" value="little"/>
    <property name="user.home" value="/home/runner"/>
    <property name="user.language" value="en"/>
    <property name="java.specification.vendor" value="Oracle Corporation"/>
    <property name="java.home" value="/usr/lib/jvm/temurin-8-jdk-amd64/jre"/>
    <property name="java.security.krb5.conf" value="/home/runner/work/ozone/ozone/hadoop-ozone/integration-test/target/test-classes/krb5.conf"/>
    <property name="basedir" value="/home/runner/work/ozone/ozone/hadoop-ozone/integration-test"/>
    <property name="file.separator" value="/"/>
    <property name="line.separator" value="&#10;"/>
    <property name="java.vm.specification.vendor" value="Oracle Corporation"/>
    <property name="java.specification.name" value="Java Platform API Specification"/>
    <property name="java.awt.graphicsenv" value="sun.awt.X11GraphicsEnvironment"/>
    <property name="skip.installnpx" value="true"/>
    <property name="surefire.real.class.path" value="/home/runner/work/ozone/ozone/hadoop-ozone/integration-test/target/surefire/surefirebooter2560255394428384811.jar:/home/runner/.m2/repository/org/jacoco/org.jacoco.agent/0.8.5/org.jacoco.agent-0.8.5-runtime.jar"/>
    <property name="hadoop.log.dir" value="/home/runner/work/ozone/ozone/hadoop-ozone/integration-test/target/log"/>
    <property name="sun.boot.class.path" value="/usr/lib/jvm/temurin-8-jdk-amd64/jre/lib/resources.jar:/usr/lib/jvm/temurin-8-jdk-amd64/jre/lib/rt.jar:/usr/lib/jvm/temurin-8-jdk-amd64/jre/lib/sunrsasign.jar:/usr/lib/jvm/temurin-8-jdk-amd64/jre/lib/jsse.jar:/usr/lib/jvm/temurin-8-jdk-amd64/jre/lib/jce.jar:/usr/lib/jvm/temurin-8-jdk-amd64/jre/lib/charsets.jar:/usr/lib/jvm/temurin-8-jdk-amd64/jre/lib/jfr.jar:/usr/lib/jvm/temurin-8-jdk-amd64/jre/classes"/>
    <property name="sun.management.compiler" value="HotSpot 64-Bit Tiered Compilers"/>
    <property name="skip.npx" value="true"/>
    <property name="java.runtime.version" value="1.8.0_382-b05"/>
    <property name="java.net.preferIPv4Stack" value="true"/>
    <property name="user.name" value="runner"/>
    <property name="path.separator" value=":"/>
    <property name="java.security.egd" value="file:///dev/urandom"/>
    <property name="os.version" value="5.15.0-1045-azure"/>
    <property name="java.endorsed.dirs" value="/usr/lib/jvm/temurin-8-jdk-amd64/jre/lib/endorsed"/>
    <property name="java.runtime.name" value="OpenJDK Runtime Environment"/>
    <property name="file.encoding" value="UTF-8"/>
    <property name="java.vm.name" value="OpenJDK 64-Bit Server VM"/>
    <property name="test.build.webapps" value=""/>
    <property name="localRepository" value="/home/runner/.m2/repository"/>
    <property name="jetty.git.hash" value="b45c405e4544384de066f814ed42ae3dceacdd49"/>
    <property name="java.vendor.url.bug" value="https://github.com/adoptium/adoptium-support/issues"/>
    <property name="java.io.tmpdir" value="/tmp"/>
    <property name="require.test.libhadoop" value=""/>
    <property name="java.version" value="1.8.0_382"/>
    <property name="user.dir" value="/home/runner/work/ozone/ozone/hadoop-ozone/integration-test"/>
    <property name="os.arch" value="amd64"/>
    <property name="java.vm.specification.name" value="Java Virtual Machine Specification"/>
    <property name="test.build.classes" value="/home/runner/work/ozone/ozone/hadoop-ozone/integration-test/target/test-classes"/>
    <property name="java.awt.printerjob" value="sun.print.PSPrinterJob"/>
    <property name="sun.os.patch.level" value="unknown"/>
    <property name="org.apache.ratis.thirdparty.io.netty.allocator.useCacheForAllThreads" value="false"/>
    <property name="hadoop.tmp.dir" value="/home/runner/work/ozone/ozone/hadoop-ozone/integration-test/target/tmp"/>
    <property name="java.library.path" value="/usr/java/packages/lib/amd64:/usr/lib64:/lib64:/lib:/usr/lib"/>
    <property name="java.vm.info" value="mixed mode"/>
    <property name="java.vendor" value="Temurin"/>
    <property name="java.vm.version" value="25.382-b05"/>
    <property name="java.specification.maintenance.version" value="5"/>
    <property name="java.ext.dirs" value="/usr/lib/jvm/temurin-8-jdk-amd64/jre/lib/ext:/usr/java/packages/lib/ext"/>
    <property name="sun.io.unicode.encoding" value="UnicodeLittle"/>
    <property name="java.class.version" value="52.0"/>
  </properties>
  <testcase name="testGetTrashRoot" classname="TestOzoneFileSystem" time="25.433">
    <system-out><![CDATA[2023-09-07 20:27:11,128 [main] WARN  server.ServerUtils (ServerUtils.java:getScmDbDir(155)) - ozone.scm.db.dirs is not configured. We recommend adding this setting. Falling back to ozone.metadata.dirs instead.
2023-09-07 20:27:11,449 [main] INFO  reflections.Reflections (Reflections.java:scan(232)) - Reflections took 231 ms to scan 7 urls, producing 161 keys and 379 values 
2023-09-07 20:27:11,666 [main] WARN  server.ServerUtils (ServerUtils.java:getScmDbDir(155)) - ozone.scm.db.dirs is not configured. We recommend adding this setting. Falling back to ozone.metadata.dirs instead.
2023-09-07 20:27:11,670 [main] INFO  ha.SCMHANodeDetails (SCMHANodeDetails.java:loadSCMHAConfig(210)) - ServiceID for StorageContainerManager is null
2023-09-07 20:27:11,682 [main] WARN  ha.SCMHANodeDetails (SCMHANodeDetails.java:validateSCMHAConfig(183)) - Invalid config ozone.scm.ratis.enable. The config was not specified, but the default value true conflicts with the expected config value false. Falling back to the expected value. Current State of SCM: SCM is running in Non-HA without Ratis Ratis SCM -> Non Ratis SCM or Non HA SCM -> HA SCM is not supported
2023-09-07 20:27:11,682 [main] INFO  ha.SCMHANodeDetails (SCMHANodeDetails.java:loadSCMHAConfig(215)) - ozone.scm.default.service.id is not defined, falling back to ozone.scm.service.ids to find serviceID for StorageContainerManager if it is HA enabled cluster
2023-09-07 20:27:12,777 [main] WARN  utils.HAUtils (HAUtils.java:getMetaDir(339)) - ozone.scm.db.dirs is not configured. We recommend adding this setting. Falling back to ozone.metadata.dirs instead.
2023-09-07 20:27:12,988 [main] WARN  db.DBStoreBuilder (DBStoreBuilder.java:applyDBDefinition(166)) - ozone.scm.db.dirs is not configured. We recommend adding this setting. Falling back to ozone.metadata.dirs instead.
2023-09-07 20:27:13,350 [main] INFO  net.NodeSchemaLoader (NodeSchemaLoader.java:loadSchemaFromFile(129)) - Loading schema from [jar:file:/home/runner/.m2/repository/org/apache/ozone/hdds-common/1.4.0-SNAPSHOT/hdds-common-1.4.0-SNAPSHOT.jar!/network-topology-default.xml]
2023-09-07 20:27:13,354 [main] INFO  net.NodeSchemaLoader (NodeSchemaLoader.java:loadSchema(176)) - Loading network topology layer schema file
2023-09-07 20:27:13,432 [main] INFO  metrics.MetricRegistries (MetricRegistriesLoader.java:load(64)) - Loaded MetricRegistries class org.apache.ratis.metrics.impl.MetricRegistriesImpl
2023-09-07 20:27:13,453 [main] INFO  upgrade.AbstractLayoutVersionManager (AbstractLayoutVersionManager.java:init(83)) - Initializing Layout version manager with metadata layout = HADOOP_PRC_PORTS_IN_DATANODEDETAILS (version = 7), software layout = HADOOP_PRC_PORTS_IN_DATANODEDETAILS (version = 7)
2023-09-07 20:27:13,752 [main] INFO  ha.SequenceIdGenerator (SequenceIdGenerator.java:upgradeToSequenceId(365)) - upgrade localId to 111677748019200000
2023-09-07 20:27:13,754 [main] INFO  ha.SequenceIdGenerator (SequenceIdGenerator.java:upgradeToSequenceId(375)) - upgrade delTxnId to 0
2023-09-07 20:27:13,763 [main] INFO  ha.SequenceIdGenerator (SequenceIdGenerator.java:upgradeToSequenceId(392)) - upgrade containerId to 0
2023-09-07 20:27:13,767 [main] INFO  ha.SequenceIdGenerator (SequenceIdGenerator.java:upgradeToSequenceId(428)) - upgrade rootCertificateId to 1
2023-09-07 20:27:13,769 [main] INFO  ha.SequenceIdGenerator (SequenceIdGenerator.java:<init>(236)) - Init the HA SequenceIdGenerator.
2023-09-07 20:27:13,852 [main] WARN  server.ServerUtils (ServerUtils.java:sanitizeUserArgs(80)) - ozone.scm.stale.node.interval value = 300000 is larger than max = 100000 based on the key value of ozone.scm.heartbeat.thread.interval, reset to the max value 100000.
2023-09-07 20:27:13,853 [main] WARN  server.ServerUtils (ServerUtils.java:sanitizeUserArgs(80)) - ozone.scm.stale.node.interval value = 300000 is larger than max = 100000 based on the key value of ozone.scm.heartbeat.thread.interval, reset to the max value 100000.
2023-09-07 20:27:13,863 [main] INFO  node.SCMNodeManager (SCMNodeManager.java:<init>(157)) - Entering startup safe mode.
2023-09-07 20:27:13,882 [main] INFO  algorithms.ContainerPlacementPolicyFactory (ContainerPlacementPolicyFactory.java:getPolicyInternal(86)) - Create container placement policy of type org.apache.hadoop.hdds.scm.container.placement.algorithms.SCMContainerPlacementRackAware
2023-09-07 20:27:13,887 [main] INFO  algorithms.ContainerPlacementPolicyFactory (ContainerPlacementPolicyFactory.java:getPolicyInternal(86)) - Create container placement policy of type org.apache.hadoop.hdds.scm.container.placement.algorithms.SCMContainerPlacementRackScatter
2023-09-07 20:27:13,897 [main] INFO  pipeline.PipelineStateManagerImpl (PipelineStateManagerImpl.java:initialize(78)) - No pipeline exists in current db
2023-09-07 20:27:13,915 [main] INFO  algorithms.LeaderChoosePolicyFactory (LeaderChoosePolicyFactory.java:getPolicy(57)) - Create leader choose policy of type org.apache.hadoop.hdds.scm.pipeline.leader.choose.algorithms.MinLeaderCountChoosePolicy
2023-09-07 20:27:13,916 [main] INFO  algorithms.ContainerPlacementPolicyFactory (ContainerPlacementPolicyFactory.java:getPolicyInternal(86)) - Create container placement policy of type org.apache.hadoop.hdds.scm.container.placement.algorithms.SCMContainerPlacementRackScatter
2023-09-07 20:27:13,924 [main] INFO  ha.SCMServiceManager (SCMServiceManager.java:register(42)) - Registering service BackgroundPipelineCreator.
2023-09-07 20:27:13,924 [main] INFO  pipeline.BackgroundPipelineCreator (BackgroundPipelineCreator.java:start(124)) - Starting RatisPipelineUtilsThread.
2023-09-07 20:27:13,928 [main] INFO  BackgroundPipelineScrubber (BackgroundSCMService.java:start(68)) - Starting BackgroundPipelineScrubber Service.
2023-09-07 20:27:13,929 [main] INFO  ha.SCMServiceManager (SCMServiceManager.java:register(42)) - Registering service BackgroundPipelineScrubber.
2023-09-07 20:27:13,937 [main] INFO  ExpiredContainerReplicaOpScrubber (BackgroundSCMService.java:start(68)) - Starting ExpiredContainerReplicaOpScrubber Service.
2023-09-07 20:27:13,938 [main] INFO  ha.SCMServiceManager (SCMServiceManager.java:register(42)) - Registering service ExpiredContainerReplicaOpScrubber.
2023-09-07 20:27:13,981 [main] INFO  algorithms.PipelineChoosePolicyFactory (PipelineChoosePolicyFactory.java:createPipelineChoosePolicyFromClass(78)) - Create pipeline choose policy of type org.apache.hadoop.hdds.scm.pipeline.choose.algorithms.RandomPipelineChoosePolicy
2023-09-07 20:27:13,982 [main] INFO  algorithms.PipelineChoosePolicyFactory (PipelineChoosePolicyFactory.java:createPipelineChoosePolicyFromClass(78)) - Create pipeline choose policy of type org.apache.hadoop.hdds.scm.pipeline.choose.algorithms.RandomPipelineChoosePolicy
2023-09-07 20:27:14,026 [main] INFO  ha.SCMServiceManager (SCMServiceManager.java:register(42)) - Registering service SCMBlockDeletingService.
2023-09-07 20:27:14,128 [main] INFO  replication.ReplicationManager (ReplicationManager.java:start(291)) - Starting Replication Monitor Thread.
2023-09-07 20:27:14,130 [main] INFO  ha.SCMServiceManager (SCMServiceManager.java:register(42)) - Registering service ReplicationManager.
2023-09-07 20:27:14,139 [ReplicationMonitor] INFO  replication.ReplicationManager (ReplicationManager.java:processAll(365)) - Replication Manager is not ready to run until 3000ms after safemode exit
2023-09-07 20:27:14,153 [main] INFO  safemode.ContainerSafeModeRule (ContainerSafeModeRule.java:<init>(90)) - containers with one replica threshold count 0
2023-09-07 20:27:14,158 [main] INFO  safemode.HealthyPipelineSafeModeRule (HealthyPipelineSafeModeRule.java:initializeRule(169)) - Total pipeline count is 0, healthy pipeline threshold count is 1
2023-09-07 20:27:14,162 [main] INFO  safemode.OneReplicaPipelineSafeModeRule (OneReplicaPipelineSafeModeRule.java:initializeRule(180)) - Total pipeline count is 0, pipeline's with at least one datanode reported threshold count is 0
2023-09-07 20:27:14,225 [main] INFO  server.StorageContainerManager (StorageContainerManager.java:<init>(425)) - SCM start with adminUsers: [runner]
2023-09-07 20:27:14,745 [main] INFO  audit.AuditLogger (AuditLogger.java:refreshDebugCmdSet(126)) - Refresh DebugCmdSet for SCMAudit to [].
2023-09-07 20:27:14,790 [main] INFO  ipc.CallQueueManager (CallQueueManager.java:<init>(90)) - Using callQueue: class java.util.concurrent.LinkedBlockingQueue, queueCapacity: 2000, scheduler: class org.apache.hadoop.ipc.DefaultRpcScheduler, ipcBackoff: false.
2023-09-07 20:27:14,841 [main] INFO  ipc.Server (Server.java:<init>(1287)) - Listener at 0.0.0.0:15002
2023-09-07 20:27:14,844 [Socket Reader #1 for port 15002] INFO  ipc.Server (Server.java:run(1323)) - Starting Socket Reader #1 for port 15002
2023-09-07 20:27:14,917 [main] INFO  audit.AuditLogger (AuditLogger.java:refreshDebugCmdSet(126)) - Refresh DebugCmdSet for SCMAudit to [].
2023-09-07 20:27:14,923 [main] INFO  ipc.CallQueueManager (CallQueueManager.java:<init>(90)) - Using callQueue: class java.util.concurrent.LinkedBlockingQueue, queueCapacity: 2000, scheduler: class org.apache.hadoop.ipc.DefaultRpcScheduler, ipcBackoff: false.
2023-09-07 20:27:14,924 [main] INFO  ipc.Server (Server.java:<init>(1287)) - Listener at 0.0.0.0:15001
2023-09-07 20:27:14,925 [Socket Reader #1 for port 15001] INFO  ipc.Server (Server.java:run(1323)) - Starting Socket Reader #1 for port 15001
2023-09-07 20:27:14,983 [main] INFO  audit.AuditLogger (AuditLogger.java:refreshDebugCmdSet(126)) - Refresh DebugCmdSet for SCMAudit to [].
2023-09-07 20:27:15,002 [main] INFO  ipc.CallQueueManager (CallQueueManager.java:<init>(90)) - Using callQueue: class java.util.concurrent.LinkedBlockingQueue, queueCapacity: 2000, scheduler: class org.apache.hadoop.ipc.DefaultRpcScheduler, ipcBackoff: false.
2023-09-07 20:27:15,002 [main] INFO  ipc.Server (Server.java:<init>(1287)) - Listener at 0.0.0.0:15000
2023-09-07 20:27:15,003 [Socket Reader #1 for port 15000] INFO  ipc.Server (Server.java:run(1323)) - Starting Socket Reader #1 for port 15000
2023-09-07 20:27:15,083 [main] INFO  ha.SCMServiceManager (SCMServiceManager.java:register(42)) - Registering service ContainerBalancer.
2023-09-07 20:27:15,084 [main] INFO  server.StorageContainerManager (StorageContainerManager.java:<init>(438)) - 
Container Balancer status:
Key                            Value
Running                        false
Container Balancer Configuration values:
Key                                                Value
Threshold                                          10
Max Datanodes to Involve per Iteration(percent)    20
Max Size to Move per Iteration                     500GB
Max Size Entering Target per Iteration             26GB
Max Size Leaving Source per Iteration              26GB

2023-09-07 20:27:15,085 [main] INFO  ha.SCMContext (SCMContext.java:updateSafeModeStatus(228)) - Update SafeModeStatus from SafeModeStatus{safeModeStatus=true, preCheckPassed=false} to SafeModeStatus{safeModeStatus=true, preCheckPassed=false}.
2023-09-07 20:27:15,092 [main] INFO  server.StorageContainerManager (StorageContainerManager.java:start(1483)) - StorageContainerLocationProtocol RPC server is listening at /0.0.0.0:15000
2023-09-07 20:27:15,195 [main] WARN  impl.MetricsConfig (MetricsConfig.java:loadFirst(136)) - Cannot locate configuration: tried hadoop-metrics2-storagecontainermanager.properties,hadoop-metrics2.properties
2023-09-07 20:27:15,210 [main] INFO  impl.MetricsSystemImpl (MetricsSystemImpl.java:startTimer(378)) - Scheduled Metric snapshot period at 10 second(s).
2023-09-07 20:27:15,211 [main] INFO  impl.MetricsSystemImpl (MetricsSystemImpl.java:start(191)) - StorageContainerManager metrics system started
2023-09-07 20:27:15,608 [main] INFO  server.SCMClientProtocolServer (SCMClientProtocolServer.java:start(201)) - RPC server for Client  is listening at /0.0.0.0:15000
2023-09-07 20:27:15,612 [IPC Server Responder] INFO  ipc.Server (Server.java:run(1562)) - IPC Server Responder: starting
2023-09-07 20:27:15,620 [IPC Server listener on 15000] INFO  ipc.Server (Server.java:run(1402)) - IPC Server listener on 15000: starting
2023-09-07 20:27:15,635 [main] INFO  server.StorageContainerManager (StorageContainerManager.java:start(1496)) - ScmBlockLocationProtocol RPC server is listening at /0.0.0.0:15001
2023-09-07 20:27:15,636 [main] INFO  server.SCMBlockProtocolServer (SCMBlockProtocolServer.java:start(154)) - RPC server for Block Protocol is listening at /0.0.0.0:15001
2023-09-07 20:27:15,641 [main] INFO  server.SCMDatanodeProtocolServer (SCMDatanodeProtocolServer.java:start(193)) - ScmDatanodeProtocol RPC server for DataNodes is listening at /0.0.0.0:15002
2023-09-07 20:27:15,676 [IPC Server listener on 15002] INFO  ipc.Server (Server.java:run(1402)) - IPC Server listener on 15002: starting
2023-09-07 20:27:15,676 [IPC Server Responder] INFO  ipc.Server (Server.java:run(1562)) - IPC Server Responder: starting
2023-09-07 20:27:15,677 [IPC Server listener on 15001] INFO  ipc.Server (Server.java:run(1402)) - IPC Server listener on 15001: starting
2023-09-07 20:27:15,677 [IPC Server Responder] INFO  ipc.Server (Server.java:run(1562)) - IPC Server Responder: starting
2023-09-07 20:27:15,685 [JvmPauseMonitor0] INFO  util.JvmPauseMonitor (JvmPauseMonitor.java:run(103)) - JvmPauseMonitor-3d8f6fb2-87c8-466e-a584-a5be4f8d737f: Started
2023-09-07 20:27:15,706 [main] INFO  http.BaseHttpServer (BaseHttpServer.java:newHttpServer2BuilderForOzone(223)) - Starting Web-server for scm at: http://0.0.0.0:15003
2023-09-07 20:27:15,706 [main] INFO  http.BaseHttpServer (BaseHttpServer.java:<init>(110)) - Hadoop Security Enabled: false Ozone Security Enabled: false Ozone HTTP Security Enabled: false 
2023-09-07 20:27:15,739 [main] INFO  util.log (Log.java:initialized(170)) - Logging initialized @6812ms to org.eclipse.jetty.util.log.Slf4jLog
2023-09-07 20:27:15,860 [main] WARN  server.AuthenticationFilter (AuthenticationFilter.java:constructSecretProvider(240)) - Unable to initialize FileSignerSecretProvider, falling back to use random secrets. Reason: Could not read signature secret file: /home/runner/hadoop-http-auth-signature-secret
2023-09-07 20:27:15,867 [main] INFO  http.HttpRequestLog (HttpRequestLog.java:getRequestLog(86)) - Http request log for http.requests.scm is not defined
2023-09-07 20:27:15,877 [main] INFO  http.HttpServer2 (HttpServer2.java:addGlobalFilter(1031)) - Added global filter 'safety' (class=org.apache.hadoop.hdds.server.http.HttpServer2$QuotingInputFilter)
2023-09-07 20:27:15,881 [main] INFO  http.HttpServer2 (HttpServer2.java:addFilter(1007)) - Added filter static_user_filter (class=org.apache.hadoop.http.lib.StaticUserWebFilter$StaticUserFilter) to context scm
2023-09-07 20:27:15,881 [main] INFO  http.HttpServer2 (HttpServer2.java:addFilter(1015)) - Added filter static_user_filter (class=org.apache.hadoop.http.lib.StaticUserWebFilter$StaticUserFilter) to context static
2023-09-07 20:27:15,882 [main] INFO  http.HttpServer2 (HttpServer2.java:addFilter(1015)) - Added filter static_user_filter (class=org.apache.hadoop.http.lib.StaticUserWebFilter$StaticUserFilter) to context logs
2023-09-07 20:27:15,927 [main] INFO  http.BaseHttpServer (BaseHttpServer.java:<init>(189)) - HTTP server of scm uses base directory /home/runner/work/ozone/ozone/hadoop-ozone/integration-test/target/test-dir/MiniOzoneClusterImpl-4ce661d8-ac2f-48de-9281-714c9e7643bd/ozone-meta/webserver
2023-09-07 20:27:15,929 [main] INFO  http.HttpServer2 (HttpServer2.java:bindListener(1231)) - Jetty bound to port 15003
2023-09-07 20:27:15,930 [main] INFO  server.Server (Server.java:doStart(375)) - jetty-9.4.51.v20230217; built: 2023-02-17T08:19:37.309Z; git: b45c405e4544384de066f814ed42ae3dceacdd49; jvm 1.8.0_382-b05
2023-09-07 20:27:15,975 [main] INFO  server.session (DefaultSessionIdManager.java:doStart(334)) - DefaultSessionIdManager workerName=node0
2023-09-07 20:27:15,975 [main] INFO  server.session (DefaultSessionIdManager.java:doStart(339)) - No SessionScavenger set, using defaults
2023-09-07 20:27:15,977 [main] INFO  server.session (HouseKeeper.java:startScavenging(132)) - node0 Scavenging every 660000ms
2023-09-07 20:27:15,994 [main] INFO  handler.ContextHandler (ContextHandler.java:doStart(921)) - Started o.e.j.s.ServletContextHandler@12e3cf1c{logs,/logs,file:///home/runner/work/ozone/ozone/hadoop-ozone/integration-test/target/log,AVAILABLE}
2023-09-07 20:27:15,996 [main] INFO  handler.ContextHandler (ContextHandler.java:doStart(921)) - Started o.e.j.s.ServletContextHandler@37227aa7{static,/static,file:///home/runner/work/ozone/ozone/hadoop-ozone/integration-test/target/test-classes/webapps/static,AVAILABLE}
2023-09-07 20:27:16,055 [main] INFO  handler.ContextHandler (ContextHandler.java:doStart(921)) - Started o.e.j.w.WebAppContext@3eed0375{scm,/,file:///home/runner/work/ozone/ozone/hadoop-ozone/integration-test/target/test-classes/webapps/scm/,AVAILABLE}{file:/home/runner/work/ozone/ozone/hadoop-ozone/integration-test/target/test-classes/webapps/scm}
2023-09-07 20:27:16,069 [main] INFO  server.AbstractConnector (AbstractConnector.java:doStart(333)) - Started ServerConnector@4c32aa7e{HTTP/1.1, (http/1.1)}{0.0.0.0:15003}
2023-09-07 20:27:16,069 [main] INFO  server.Server (Server.java:doStart(415)) - Started @7142ms
2023-09-07 20:27:16,076 [main] INFO  impl.MetricsSinkAdapter (MetricsSinkAdapter.java:start(204)) - Sink prometheus started
2023-09-07 20:27:16,076 [main] INFO  impl.MetricsSystemImpl (MetricsSystemImpl.java:registerSink(305)) - Registered sink prometheus
2023-09-07 20:27:16,078 [main] INFO  http.BaseHttpServer (BaseHttpServer.java:updateConnectorAddress(354)) - HTTP server of scm listening at http://0.0.0.0:15003
2023-09-07 20:27:16,083 [main] WARN  server.ServerUtils (ServerUtils.java:getDBPath(311)) - ozone.om.db.dirs is not configured. We recommend adding this setting. Falling back to ozone.metadata.dirs instead.
2023-09-07 20:27:16,158 [main] INFO  audit.AuditLogger (AuditLogger.java:refreshDebugCmdSet(126)) - Refresh DebugCmdSet for OMAudit to [].
2023-09-07 20:27:16,259 [main] INFO  ha.OMHANodeDetails (OMHANodeDetails.java:loadOMHAConfig(115)) - ozone.om.internal.service.id is not defined, falling back to ozone.om.service.ids to find serviceID for OzoneManager if it is HA enabled cluster
2023-09-07 20:27:16,263 [main] INFO  ha.OMHANodeDetails (OMHANodeDetails.java:loadOMHAConfig(226)) - Configuration does not have ozone.om.address set. Falling back to the default OM address /127.0.0.1:15004
2023-09-07 20:27:16,263 [main] INFO  ha.OMHANodeDetails (OMHANodeDetails.java:getOMNodeDetailsForNonHA(254)) - OM Service ID is not set. Setting it to the default ID: omServiceIdDefault
2023-09-07 20:27:16,263 [main] INFO  ha.OMHANodeDetails (OMHANodeDetails.java:getOMNodeDetailsForNonHA(261)) - OM Node ID is not set. Setting it to the default ID: om1
2023-09-07 20:27:16,269 [main] WARN  server.ServerUtils (ServerUtils.java:getDBPath(311)) - ozone.om.db.dirs is not configured. We recommend adding this setting. Falling back to ozone.metadata.dirs instead.
2023-09-07 20:27:16,273 [main] INFO  upgrade.AbstractLayoutVersionManager (AbstractLayoutVersionManager.java:init(83)) - Initializing Layout version manager with metadata layout = QUOTA (version = 6), software layout = QUOTA (version = 6)
2023-09-07 20:27:16,412 [main] INFO  reflections.Reflections (Reflections.java:scan(232)) - Reflections took 134 ms to scan 2 urls, producing 186 keys and 513 values [using 2 cores]
2023-09-07 20:27:16,425 [main] INFO  upgrade.OMLayoutVersionManager (OMLayoutVersionManager.java:lambda$0(115)) - Skipping Upgrade Action MockOmUpgradeAction since it has been finalized.
2023-09-07 20:27:16,425 [main] INFO  upgrade.OMLayoutVersionManager (OMLayoutVersionManager.java:lambda$0(115)) - Skipping Upgrade Action QuotaRepairUpgradeAction since it has been finalized.
2023-09-07 20:27:16,428 [main] WARN  server.ServerUtils (ServerUtils.java:getDBPath(311)) - ozone.om.db.dirs is not configured. We recommend adding this setting. Falling back to ozone.metadata.dirs instead.
2023-09-07 20:27:16,638 [main] INFO  proxy.SCMBlockLocationFailoverProxyProvider (SCMBlockLocationFailoverProxyProvider.java:<init>(114)) - Created block location fail-over proxy with 1 nodes: [nodeId=scmNodeId,nodeAddress=/0.0.0.0:15001]
2023-09-07 20:27:16,684 [main] INFO  proxy.SCMBlockLocationFailoverProxyProvider (SCMBlockLocationFailoverProxyProvider.java:<init>(114)) - Created block location fail-over proxy with 1 nodes: [nodeId=scmNodeId,nodeAddress=/0.0.0.0:15001]
2023-09-07 20:27:16,996 [main] INFO  om.OzoneManager (OzoneManager.java:<init>(665)) - OM start with adminUsers: [runner]
2023-09-07 20:27:17,014 [main] WARN  server.ServerUtils (ServerUtils.java:getDBPath(311)) - ozone.om.db.dirs is not configured. We recommend adding this setting. Falling back to ozone.metadata.dirs instead.
2023-09-07 20:27:17,050 [main] INFO  helpers.OmKeyInfo (OmKeyInfo.java:getCodec(71)) - OmKeyInfo.getCodec ignorePipeline = true
2023-09-07 20:27:17,457 [main] INFO  om.OzoneManager (OzoneManager.java:instantiateServices(794)) - S3 Multi-Tenancy is disabled
2023-09-07 20:27:17,521 [main] INFO  om.OmSnapshotManager (OmSnapshotManager.java:<init>(174)) - Ozone filesystem snapshot feature is enabled.
2023-09-07 20:27:17,541 [main] WARN  server.ServerUtils (ServerUtils.java:getDBPath(311)) - ozone.om.snapshot.diff.db.dir is not configured. We recommend adding this setting. Falling back to ozone.metadata.dirs instead.
2023-09-07 20:27:17,597 [main] INFO  utils.NativeLibraryLoader (NativeLibraryLoader.java:loadLibrary(108)) - Loading Library: ozone_rocksdb_tools
2023-09-07 20:27:17,599 [main] INFO  snapshot.SnapshotDiffManager (SnapshotDiffManager.java:closeExecutorService(1706)) - Shutting down executorService: 'SstDumpToolExecutor'
2023-09-07 20:27:17,704 [main] INFO  om.OzoneManager (OzoneManager.java:addS3GVolumeToDB(4301)) - Created Volume s3v With Owner runner required for S3Gateway operations.
2023-09-07 20:27:17,781 [main] WARN  server.ServerUtils (ServerUtils.java:getDefaultRatisDirectory(323)) - Storage directory for Ratis is not configured. It is a good idea to map this to an SSD disk. Falling back to ozone.metadata.dirs
2023-09-07 20:27:17,782 [main] WARN  utils.OzoneManagerRatisUtils (OzoneManagerRatisUtils.java:getOMRatisSnapshotDirectory(464)) - ozone.om.ratis.snapshot.dir is not configured. Falling back to ozone.metadata.dirs config
2023-09-07 20:27:17,805 [main] WARN  server.ServerUtils (ServerUtils.java:getDefaultRatisDirectory(323)) - Storage directory for Ratis is not configured. It is a good idea to map this to an SSD disk. Falling back to ozone.metadata.dirs
2023-09-07 20:27:17,846 [main] INFO  ratis.OzoneManagerRatisServer (OzoneManagerRatisServer.java:<init>(163)) - Instantiating OM Ratis server with groupID: omServiceIdDefault and peers: localhost:15007
2023-09-07 20:27:17,860 [main] INFO  ratis.OzoneManagerStateMachine (OzoneManagerStateMachine.java:loadSnapshotInfoFromDB(687)) - LastAppliedIndex is set from TransactionInfo from OM DB as (t:0, i:~)
2023-09-07 20:27:17,951 [main] INFO  server.RaftServer (ConfUtils.java:logGet(46)) - raft.rpc.type = GRPC (default)
2023-09-07 20:27:17,964 [main] INFO  grpc.GrpcConfigKeys (ConfUtils.java:logFallback(53)) - raft.grpc.admin.host = null (fallback to raft.grpc.server.host)
2023-09-07 20:27:17,968 [main] INFO  grpc.GrpcConfigKeys (ConfUtils.java:logFallback(53)) - raft.grpc.admin.port = 15007 (fallback to raft.grpc.server.port)
2023-09-07 20:27:17,969 [main] INFO  grpc.GrpcConfigKeys (ConfUtils.java:logFallback(53)) - raft.grpc.client.host = null (fallback to raft.grpc.server.host)
2023-09-07 20:27:17,970 [main] INFO  grpc.GrpcConfigKeys (ConfUtils.java:logFallback(53)) - raft.grpc.client.port = 15007 (fallback to raft.grpc.server.port)
2023-09-07 20:27:17,971 [main] INFO  grpc.GrpcConfigKeys (ConfUtils.java:logGet(46)) - raft.grpc.server.host = null (default)
2023-09-07 20:27:17,972 [main] INFO  grpc.GrpcConfigKeys (ConfUtils.java:logGet(46)) - raft.grpc.server.port = 15007 (custom)
2023-09-07 20:27:17,973 [main] INFO  server.GrpcService (ConfUtils.java:logGet(46)) - raft.grpc.message.size.max = 33554432 (custom)
2023-09-07 20:27:17,975 [main] INFO  server.RaftServerConfigKeys (ConfUtils.java:logGet(46)) - raft.server.log.appender.buffer.byte-limit = 33554432 (custom)
2023-09-07 20:27:17,976 [main] INFO  server.GrpcService (ConfUtils.java:logGet(46)) - raft.grpc.flow.control.window = 1MB (=1048576) (default)
2023-09-07 20:27:17,976 [main] INFO  server.RaftServerConfigKeys (ConfUtils.java:logGet(46)) - raft.server.rpc.request.timeout = 3000ms (default)
2023-09-07 20:27:17,993 [main] INFO  grpc.GrpcConfigKeys (ConfUtils.java:logGet(46)) - raft.grpc.server.heartbeat.channel = true (default)
2023-09-07 20:27:17,998 [main] INFO  grpc.GrpcConfigKeys (ConfUtils.java:logGet(46)) - raft.grpc.server.async.request.thread.pool.cached = true (default)
2023-09-07 20:27:17,998 [main] INFO  grpc.GrpcConfigKeys (ConfUtils.java:logGet(46)) - raft.grpc.server.async.request.thread.pool.size = 32 (default)
2023-09-07 20:27:18,281 [main] INFO  impl.DataStreamServerImpl (ConfUtils.java:logGet(46)) - raft.datastream.type = DISABLED (default)
2023-09-07 20:27:18,285 [main] INFO  server.RaftServerConfigKeys (ConfUtils.java:logGet(46)) - raft.server.threadpool.proxy.cached = true (default)
2023-09-07 20:27:18,286 [main] INFO  server.RaftServerConfigKeys (ConfUtils.java:logGet(46)) - raft.server.threadpool.proxy.size = 0 (default)
2023-09-07 20:27:18,286 [main] INFO  server.RaftServerConfigKeys (ConfUtils.java:logGet(46)) - raft.server.rpc.slowness.timeout = 120s (custom)
2023-09-07 20:27:18,286 [main] INFO  server.RaftServerConfigKeys (ConfUtils.java:logGet(46)) - raft.server.leaderelection.leader.step-down.wait-time = 10s (default)
2023-09-07 20:27:18,288 [main] INFO  server.RaftServerConfigKeys (ConfUtils.java:logGet(46)) - raft.server.storage.dir = [/home/runner/work/ozone/ozone/hadoop-ozone/integration-test/target/test-dir/MiniOzoneClusterImpl-4ce661d8-ac2f-48de-9281-714c9e7643bd/ozone-meta/ratis] (custom)
2023-09-07 20:27:18,306 [main] INFO  server.RaftServer (RaftServerProxy.java:addNew(98)) - om1: addNew group-C5BA1605619E:[om1|rpc:localhost:15007|priority:0|startupRole:FOLLOWER] returns group-C5BA1605619E:java.util.concurrent.CompletableFuture@6a8c831d[Not completed]
2023-09-07 20:27:18,308 [main] INFO  om.OzoneManager (OzoneManager.java:initializeRatisServer(2145)) - OzoneManager Ratis server initialized at port 15007
2023-09-07 20:27:18,311 [main] INFO  om.OzoneManager (OzoneManager.java:getRpcServer(1196)) - Creating RPC Server
2023-09-07 20:27:18,511 [om1-groupManagement] INFO  server.RaftServer$Division (RaftServerImpl.java:<init>(198)) - om1: new RaftServerImpl for group-C5BA1605619E:[om1|rpc:localhost:15007|priority:0|startupRole:FOLLOWER] with OzoneManagerStateMachine:uninitialized
2023-09-07 20:27:18,514 [om1-groupManagement] INFO  server.RaftServerConfigKeys (ConfUtils.java:logGet(46)) - raft.server.rpc.timeout.min = 1s (custom)
2023-09-07 20:27:18,515 [om1-groupManagement] INFO  server.RaftServerConfigKeys (ConfUtils.java:logGet(46)) - raft.server.rpc.timeout.max = 1200ms (custom)
2023-09-07 20:27:18,515 [om1-groupManagement] INFO  server.RaftServerConfigKeys (ConfUtils.java:logGet(46)) - raft.server.rpc.sleep.time = 25ms (default)
2023-09-07 20:27:18,515 [om1-groupManagement] INFO  server.RaftServerConfigKeys (ConfUtils.java:logGet(46)) - raft.server.rpc.slowness.timeout = 120s (custom)
2023-09-07 20:27:18,515 [om1-groupManagement] INFO  server.RaftServerConfigKeys (ConfUtils.java:logGet(46)) - raft.server.leaderelection.leader.step-down.wait-time = 10s (default)
2023-09-07 20:27:18,516 [om1-groupManagement] INFO  server.RaftServerConfigKeys (ConfUtils.java:logGet(46)) - raft.server.sleep.deviation.threshold = 300ms (default)
2023-09-07 20:27:18,526 [om1-groupManagement] INFO  server.RaftServer$Division (ServerState.java:<init>(120)) - om1@group-C5BA1605619E: ConfigurationManager, init=-1: peers:[om1|rpc:localhost:15007|priority:0|startupRole:FOLLOWER]|listeners:[], old=null, confs=<EMPTY_MAP>
2023-09-07 20:27:18,527 [om1-groupManagement] INFO  server.RaftServerConfigKeys (ConfUtils.java:logGet(46)) - raft.server.storage.dir = [/home/runner/work/ozone/ozone/hadoop-ozone/integration-test/target/test-dir/MiniOzoneClusterImpl-4ce661d8-ac2f-48de-9281-714c9e7643bd/ozone-meta/ratis] (custom)
2023-09-07 20:27:18,535 [om1-groupManagement] INFO  server.RaftServerConfigKeys (ConfUtils.java:logGet(46)) - raft.server.log.corruption.policy = EXCEPTION (default)
2023-09-07 20:27:18,535 [om1-groupManagement] INFO  server.RaftServerConfigKeys (ConfUtils.java:logGet(46)) - raft.server.storage.free-space.min = 0MB (=0) (default)
2023-09-07 20:27:18,556 [om1-groupManagement] INFO  server.RaftServerConfigKeys (ConfUtils.java:logGet(46)) - raft.server.notification.no-leader.timeout = 120s (custom)
2023-09-07 20:27:18,562 [om1-groupManagement] INFO  server.RaftServerConfigKeys (ConfUtils.java:logGet(46)) - raft.server.read.timeout = 10s (default)
2023-09-07 20:27:18,567 [om1-groupManagement] INFO  server.RaftServerConfigKeys (ConfUtils.java:logGet(46)) - raft.server.retrycache.expirytime = 300s (custom)
2023-09-07 20:27:18,567 [om1-groupManagement] INFO  server.RaftServerConfigKeys (ConfUtils.java:logGet(46)) - raft.server.retrycache.statistics.expirytime = 100μs (default)
2023-09-07 20:27:18,617 [om1-groupManagement] INFO  server.RaftServerConfigKeys (ConfUtils.java:logGet(46)) - raft.server.read.option = DEFAULT (default)
2023-09-07 20:27:18,662 [om1-groupManagement] INFO  server.RaftServerConfigKeys (ConfUtils.java:logGet(46)) - raft.server.rpc.request.timeout = 3000ms (default)
2023-09-07 20:27:18,666 [om1-groupManagement] INFO  server.RaftServerConfigKeys (ConfUtils.java:logGet(46)) - raft.server.log.appender.install.snapshot.enabled = false (custom)
2023-09-07 20:27:18,666 [om1-groupManagement] INFO  server.RaftServerConfigKeys (ConfUtils.java:logGet(46)) - raft.server.threadpool.server.cached = true (default)
2023-09-07 20:27:18,667 [om1-groupManagement] INFO  server.RaftServerConfigKeys (ConfUtils.java:logGet(46)) - raft.server.threadpool.server.size = 0 (default)
2023-09-07 20:27:18,667 [om1-groupManagement] INFO  server.RaftServerConfigKeys (ConfUtils.java:logGet(46)) - raft.server.threadpool.client.cached = true (default)
2023-09-07 20:27:18,668 [om1-groupManagement] INFO  server.RaftServerConfigKeys (ConfUtils.java:logGet(46)) - raft.server.threadpool.client.size = 0 (default)
2023-09-07 20:27:19,446 [main] INFO  reflections.Reflections (Reflections.java:scan(232)) - Reflections took 872 ms to scan 19 urls, producing 70 keys and 5670 values [using 2 cores]
2023-09-07 20:27:19,683 [main] INFO  ipc.CallQueueManager (CallQueueManager.java:<init>(90)) - Using callQueue: class java.util.concurrent.LinkedBlockingQueue, queueCapacity: 2000, scheduler: class org.apache.hadoop.ipc.DefaultRpcScheduler, ipcBackoff: false.
2023-09-07 20:27:19,684 [main] INFO  ipc.Server (Server.java:<init>(1287)) - Listener at 127.0.0.1:15004
2023-09-07 20:27:19,687 [Socket Reader #1 for port 15004] INFO  ipc.Server (Server.java:run(1323)) - Starting Socket Reader #1 for port 15004
2023-09-07 20:27:19,736 [main] INFO  impl.MetricsSystemImpl (MetricsSystemImpl.java:init(158)) - OzoneManager metrics system started (again)
2023-09-07 20:27:19,752 [main] INFO  om.OzoneManager (OzoneManager.java:start(1630)) - OzoneManager RPC server is listening at localhost/127.0.0.1:15004
2023-09-07 20:27:19,753 [main] INFO  ratis.OzoneManagerRatisServer (OzoneManagerRatisServer.java:start(558)) - Starting OzoneManagerRatisServer om1 at port 15007
2023-09-07 20:27:19,757 [om1-impl-thread1] INFO  storage.RaftStorageDirectory (RaftStorageDirectoryImpl.java:analyzeStorage(137)) - The storage directory /home/runner/work/ozone/ozone/hadoop-ozone/integration-test/target/test-dir/MiniOzoneClusterImpl-4ce661d8-ac2f-48de-9281-714c9e7643bd/ozone-meta/ratis/bf265839-605b-3f16-9796-c5ba1605619e does not exist. Creating ...
2023-09-07 20:27:19,765 [om1-impl-thread1] INFO  storage.RaftStorageDirectory (RaftStorageDirectoryImpl.java:tryLock(231)) - Lock on /home/runner/work/ozone/ozone/hadoop-ozone/integration-test/target/test-dir/MiniOzoneClusterImpl-4ce661d8-ac2f-48de-9281-714c9e7643bd/ozone-meta/ratis/bf265839-605b-3f16-9796-c5ba1605619e/in_use.lock acquired by nodename 7625@fv-az259-394
2023-09-07 20:27:19,772 [om1-impl-thread1] INFO  storage.RaftStorage (RaftStorageImpl.java:format(96)) - Storage directory /home/runner/work/ozone/ozone/hadoop-ozone/integration-test/target/test-dir/MiniOzoneClusterImpl-4ce661d8-ac2f-48de-9281-714c9e7643bd/ozone-meta/ratis/bf265839-605b-3f16-9796-c5ba1605619e has been successfully formatted.
2023-09-07 20:27:19,775 [om1-impl-thread1] INFO  server.RaftServerConfigKeys (ConfUtils.java:logGet(46)) - raft.server.log.use.memory = false (default)
2023-09-07 20:27:19,790 [om1-impl-thread1] INFO  server.RaftServerConfigKeys (ConfUtils.java:logGet(46)) - raft.server.log.purge.gap = 1000000 (custom)
2023-09-07 20:27:19,790 [om1-impl-thread1] INFO  server.RaftServerConfigKeys (ConfUtils.java:logGet(46)) - raft.server.log.appender.buffer.byte-limit = 33554432 (custom)
2023-09-07 20:27:19,793 [om1-impl-thread1] INFO  server.RaftServerConfigKeys (ConfUtils.java:logGet(46)) - raft.server.log.statemachine.data.read.timeout = 1000ms (default)
2023-09-07 20:27:19,794 [om1-impl-thread1] INFO  server.RaftServerConfigKeys (ConfUtils.java:logGet(46)) - raft.server.log.purge.preservation.log.num = 0 (default)
2023-09-07 20:27:19,797 [om1-impl-thread1] INFO  server.RaftServerConfigKeys (ConfUtils.java:logGet(46)) - raft.server.log.segment.size.max = 4194304 (custom)
2023-09-07 20:27:19,805 [om1-impl-thread1] INFO  server.RaftServerConfigKeys (ConfUtils.java:logGet(46)) - raft.server.log.segment.cache.num.max = 2 (custom)
2023-09-07 20:27:19,805 [om1-impl-thread1] INFO  server.RaftServerConfigKeys (ConfUtils.java:logGet(46)) - raft.server.log.segment.cache.size.max = 200MB (=209715200) (default)
2023-09-07 20:27:19,805 [om1-impl-thread1] INFO  server.RaftServerConfigKeys (ConfUtils.java:logGet(46)) - raft.server.log.appender.buffer.byte-limit = 33554432 (custom)
2023-09-07 20:27:19,813 [om1-impl-thread1] INFO  segmented.SegmentedRaftLogWorker (SegmentedRaftLogWorker.java:<init>(188)) - new om1@group-C5BA1605619E-SegmentedRaftLogWorker for RaftStorageImpl:Storage Directory /home/runner/work/ozone/ozone/hadoop-ozone/integration-test/target/test-dir/MiniOzoneClusterImpl-4ce661d8-ac2f-48de-9281-714c9e7643bd/ozone-meta/ratis/bf265839-605b-3f16-9796-c5ba1605619e
2023-09-07 20:27:19,813 [om1-impl-thread1] INFO  server.RaftServerConfigKeys (ConfUtils.java:logGet(46)) - raft.server.log.queue.byte-limit = 64MB (=67108864) (default)
2023-09-07 20:27:19,814 [om1-impl-thread1] INFO  server.RaftServerConfigKeys (ConfUtils.java:logGet(46)) - raft.server.log.queue.element-limit = 4096 (default)
2023-09-07 20:27:19,815 [om1-impl-thread1] INFO  server.RaftServerConfigKeys (ConfUtils.java:logGet(46)) - raft.server.log.segment.size.max = 4194304 (custom)
2023-09-07 20:27:19,815 [om1-impl-thread1] INFO  server.RaftServerConfigKeys (ConfUtils.java:logGet(46)) - raft.server.log.preallocated.size = 4194304 (custom)
2023-09-07 20:27:19,816 [om1-impl-thread1] INFO  server.RaftServerConfigKeys (ConfUtils.java:logGet(46)) - raft.server.log.force.sync.num = 128 (default)
2023-09-07 20:27:19,817 [om1-impl-thread1] INFO  server.RaftServerConfigKeys (ConfUtils.java:logGet(46)) - raft.server.log.statemachine.data.sync = true (default)
2023-09-07 20:27:19,817 [om1-impl-thread1] INFO  server.RaftServerConfigKeys (ConfUtils.java:logGet(46)) - raft.server.log.statemachine.data.sync.timeout = 10s (default)
2023-09-07 20:27:19,817 [om1-impl-thread1] INFO  server.RaftServerConfigKeys (ConfUtils.java:logGet(46)) - raft.server.log.statemachine.data.sync.timeout.retry = -1 (default)
2023-09-07 20:27:19,831 [om1-impl-thread1] INFO  server.RaftServerConfigKeys (ConfUtils.java:logGet(46)) - raft.server.log.write.buffer.size = 64KB (=65536) (default)
2023-09-07 20:27:19,832 [om1-impl-thread1] INFO  server.RaftServerConfigKeys (ConfUtils.java:logGet(46)) - raft.server.log.appender.buffer.byte-limit = 33554432 (custom)
2023-09-07 20:27:19,840 [om1-impl-thread1] INFO  server.RaftServerConfigKeys (ConfUtils.java:logGet(46)) - raft.server.log.unsafe-flush.enabled = false (default)
2023-09-07 20:27:19,841 [om1-impl-thread1] INFO  server.RaftServerConfigKeys (ConfUtils.java:logGet(46)) - raft.server.log.async-flush.enabled = false (default)
2023-09-07 20:27:19,842 [om1-impl-thread1] INFO  server.RaftServerConfigKeys (ConfUtils.java:logGet(46)) - raft.server.log.statemachine.data.caching.enabled = false (default)
2023-09-07 20:27:19,850 [om1-impl-thread1] INFO  segmented.SegmentedRaftLogWorker (SegmentedRaftLogWorker.java:lambda$new$0(135)) - om1@group-C5BA1605619E-SegmentedRaftLogWorker: flushIndex: setUnconditionally 0 -> -1
2023-09-07 20:27:19,851 [om1-impl-thread1] INFO  segmented.SegmentedRaftLogWorker (SegmentedRaftLogWorker.java:lambda$new$0(135)) - om1@group-C5BA1605619E-SegmentedRaftLogWorker: safeCacheEvictIndex: setUnconditionally 0 -> -1
2023-09-07 20:27:19,854 [om1-impl-thread1] INFO  server.RaftServer$Division (RaftServerImpl.java:start(342)) - om1@group-C5BA1605619E: start as a follower, conf=-1: peers:[om1|rpc:localhost:15007|priority:0|startupRole:FOLLOWER]|listeners:[], old=null
2023-09-07 20:27:19,855 [om1-impl-thread1] INFO  server.RaftServer$Division (RaftServerImpl.java:setRole(329)) - om1@group-C5BA1605619E: changes role from      null to FOLLOWER at term 0 for startAsFollower
2023-09-07 20:27:19,857 [om1-impl-thread1] INFO  impl.RoleInfo (RoleInfo.java:updateAndGet(139)) - om1: start om1@group-C5BA1605619E-FollowerState
2023-09-07 20:27:19,859 [om1-impl-thread1] INFO  util.JmxRegister (JmxRegister.java:tryRegister(44)) - Successfully registered JMX Bean with object name Ratis:service=RaftServer,group=group-C5BA1605619E,id=om1
2023-09-07 20:27:19,861 [om1-impl-thread1] INFO  server.RaftServerConfigKeys (ConfUtils.java:logGet(46)) - raft.server.snapshot.auto.trigger.enabled = true (custom)
2023-09-07 20:27:19,862 [om1-impl-thread1] INFO  server.RaftServerConfigKeys (ConfUtils.java:logGet(46)) - raft.server.snapshot.auto.trigger.threshold = 400000 (default)
2023-09-07 20:27:19,863 [om1-impl-thread1] INFO  server.RaftServerConfigKeys (ConfUtils.java:logGet(46)) - raft.server.snapshot.retention.file.num = -1 (default)
2023-09-07 20:27:19,863 [om1-impl-thread1] INFO  server.RaftServerConfigKeys (ConfUtils.java:logGet(46)) - raft.server.log.purge.upto.snapshot.index = true (custom)
2023-09-07 20:27:19,865 [om1@group-C5BA1605619E-FollowerState] INFO  server.RaftServerConfigKeys (ConfUtils.java:logFallback(53)) - raft.server.rpc.first-election.timeout.min = 1s (fallback to raft.server.rpc.timeout.min)
2023-09-07 20:27:19,866 [om1@group-C5BA1605619E-FollowerState] INFO  server.RaftServerConfigKeys (ConfUtils.java:logFallback(53)) - raft.server.rpc.first-election.timeout.max = 1200ms (fallback to raft.server.rpc.timeout.max)
2023-09-07 20:27:19,869 [main] INFO  server.RaftServer (RaftServerProxy.java:startImpl(400)) - om1: start RPC server
2023-09-07 20:27:19,937 [main] INFO  server.GrpcService (GrpcService.java:startImpl(302)) - om1: GrpcService started, listening on 15007
2023-09-07 20:27:19,939 [main] INFO  om.OzoneManager (OzoneManager.java:start(1646)) - Version File has different layout version (6) than OM DB (null). That is expected if this OM has never been finalized to a newer layout version.
2023-09-07 20:27:19,944 [JvmPauseMonitor1] INFO  util.JvmPauseMonitor (JvmPauseMonitor.java:run(103)) - JvmPauseMonitor-om1: Started
2023-09-07 20:27:20,032 [main] INFO  http.BaseHttpServer (BaseHttpServer.java:newHttpServer2BuilderForOzone(223)) - Starting Web-server for ozoneManager at: http://0.0.0.0:15005
2023-09-07 20:27:20,032 [main] INFO  http.BaseHttpServer (BaseHttpServer.java:<init>(110)) - Hadoop Security Enabled: false Ozone Security Enabled: false Ozone HTTP Security Enabled: false 
2023-09-07 20:27:20,038 [main] WARN  server.AuthenticationFilter (AuthenticationFilter.java:constructSecretProvider(240)) - Unable to initialize FileSignerSecretProvider, falling back to use random secrets. Reason: Could not read signature secret file: /home/runner/hadoop-http-auth-signature-secret
2023-09-07 20:27:20,045 [main] INFO  http.HttpRequestLog (HttpRequestLog.java:getRequestLog(86)) - Http request log for http.requests.ozoneManager is not defined
2023-09-07 20:27:20,047 [main] INFO  http.HttpServer2 (HttpServer2.java:addGlobalFilter(1031)) - Added global filter 'safety' (class=org.apache.hadoop.hdds.server.http.HttpServer2$QuotingInputFilter)
2023-09-07 20:27:20,048 [main] INFO  http.HttpServer2 (HttpServer2.java:addFilter(1007)) - Added filter static_user_filter (class=org.apache.hadoop.http.lib.StaticUserWebFilter$StaticUserFilter) to context ozoneManager
2023-09-07 20:27:20,049 [main] INFO  http.HttpServer2 (HttpServer2.java:addFilter(1015)) - Added filter static_user_filter (class=org.apache.hadoop.http.lib.StaticUserWebFilter$StaticUserFilter) to context static
2023-09-07 20:27:20,049 [main] INFO  http.HttpServer2 (HttpServer2.java:addFilter(1015)) - Added filter static_user_filter (class=org.apache.hadoop.http.lib.StaticUserWebFilter$StaticUserFilter) to context logs
2023-09-07 20:27:20,051 [main] INFO  http.BaseHttpServer (BaseHttpServer.java:<init>(189)) - HTTP server of ozoneManager uses base directory /home/runner/work/ozone/ozone/hadoop-ozone/integration-test/target/test-dir/MiniOzoneClusterImpl-4ce661d8-ac2f-48de-9281-714c9e7643bd/ozone-meta/webserver
2023-09-07 20:27:20,059 [main] INFO  http.HttpServer2 (HttpServer2.java:bindListener(1231)) - Jetty bound to port 15005
2023-09-07 20:27:20,059 [main] INFO  server.Server (Server.java:doStart(375)) - jetty-9.4.51.v20230217; built: 2023-02-17T08:19:37.309Z; git: b45c405e4544384de066f814ed42ae3dceacdd49; jvm 1.8.0_382-b05
2023-09-07 20:27:20,063 [main] INFO  server.session (DefaultSessionIdManager.java:doStart(334)) - DefaultSessionIdManager workerName=node0
2023-09-07 20:27:20,063 [main] INFO  server.session (DefaultSessionIdManager.java:doStart(339)) - No SessionScavenger set, using defaults
2023-09-07 20:27:20,063 [main] INFO  server.session (HouseKeeper.java:startScavenging(132)) - node0 Scavenging every 600000ms
2023-09-07 20:27:20,064 [main] INFO  handler.ContextHandler (ContextHandler.java:doStart(921)) - Started o.e.j.s.ServletContextHandler@2412347c{logs,/logs,file:///home/runner/work/ozone/ozone/hadoop-ozone/integration-test/target/log,AVAILABLE}
2023-09-07 20:27:20,065 [main] INFO  handler.ContextHandler (ContextHandler.java:doStart(921)) - Started o.e.j.s.ServletContextHandler@26339ea0{static,/static,file:///home/runner/work/ozone/ozone/hadoop-ozone/integration-test/target/test-classes/webapps/static,AVAILABLE}
2023-09-07 20:27:20,070 [main] INFO  handler.ContextHandler (ContextHandler.java:doStart(921)) - Started o.e.j.w.WebAppContext@3b4e21d5{ozoneManager,/,file:///home/runner/work/ozone/ozone/hadoop-ozone/integration-test/target/test-classes/webapps/ozoneManager/,AVAILABLE}{file:/home/runner/work/ozone/ozone/hadoop-ozone/integration-test/target/test-classes/webapps/ozoneManager}
2023-09-07 20:27:20,072 [main] INFO  server.AbstractConnector (AbstractConnector.java:doStart(333)) - Started ServerConnector@6b4b8163{HTTP/1.1, (http/1.1)}{0.0.0.0:15005}
2023-09-07 20:27:20,072 [main] INFO  server.Server (Server.java:doStart(415)) - Started @11146ms
2023-09-07 20:27:20,072 [main] WARN  impl.MetricsSystemImpl (MetricsSystemImpl.java:register(279)) - Sink prometheus already exists!
2023-09-07 20:27:20,074 [main] INFO  http.BaseHttpServer (BaseHttpServer.java:updateConnectorAddress(354)) - HTTP server of ozoneManager listening at http://0.0.0.0:15005
2023-09-07 20:27:20,075 [IPC Server Responder] INFO  ipc.Server (Server.java:run(1562)) - IPC Server Responder: starting
2023-09-07 20:27:20,077 [IPC Server listener on 15004] INFO  ipc.Server (Server.java:run(1402)) - IPC Server listener on 15004: starting
2023-09-07 20:27:20,141 [main] INFO  om.TrashPolicyOzone (TrashPolicyOzone.java:<init>(277)) - Ozone Manager trash configuration: Deletion interval = 0 minutes, Emptier interval = 0 minutes.
2023-09-07 20:27:20,354 [main] WARN  impl.MetricRegistriesImpl (MetricRegistriesImpl.java:addReporterRegistration(111)) - New reporters are added after registries were created. Some metrics will be missing from the reporter. Please add reporter before adding any new registry.
2023-09-07 20:27:20,355 [main] WARN  impl.MetricRegistriesImpl (MetricRegistriesImpl.java:addReporterRegistration(111)) - New reporters are added after registries were created. Some metrics will be missing from the reporter. Please add reporter before adding any new registry.
2023-09-07 20:27:20,356 [main] INFO  impl.MetricsSystemImpl (MetricsSystemImpl.java:init(158)) - HddsDatanode metrics system started (again)
2023-09-07 20:27:20,385 [main] INFO  ozone.HddsDatanodeService (HddsDatanodeService.java:start(237)) - HddsDatanodeService host:fv-az259-394.nxnqhby4qkoexpon2s1bx5vqxg.dx.internal.cloudapp.net ip:10.1.0.11
2023-09-07 20:27:20,446 [main] INFO  upgrade.AbstractLayoutVersionManager (AbstractLayoutVersionManager.java:init(83)) - Initializing Layout version manager with metadata layout = HADOOP_PRC_PORTS_IN_DATANODEDETAILS (version = 7), software layout = HADOOP_PRC_PORTS_IN_DATANODEDETAILS (version = 7)
2023-09-07 20:27:20,451 [main] INFO  statemachine.DatanodeStateMachine (DatanodeStateMachine.java:getEndPointTaskThreadPoolSize(282)) - Datanode State Machine Task Thread Pool size 2
2023-09-07 20:27:20,537 [main] INFO  volume.HddsVolume (HddsVolume.java:<init>(126)) - Creating HddsVolume: /home/runner/work/ozone/ozone/hadoop-ozone/integration-test/target/test-dir/MiniOzoneClusterImpl-4ce661d8-ac2f-48de-9281-714c9e7643bd/datanode-0/data-0/containers/hdds of storage type : DISK capacity : 9223372036854775807
2023-09-07 20:27:20,540 [main] INFO  volume.MutableVolumeSet (MutableVolumeSet.java:initializeVolumeSet(173)) - Added Volume : /home/runner/work/ozone/ozone/hadoop-ozone/integration-test/target/test-dir/MiniOzoneClusterImpl-4ce661d8-ac2f-48de-9281-714c9e7643bd/datanode-0/data-0/containers/hdds to VolumeSet
2023-09-07 20:27:20,545 [main] INFO  volume.MutableVolumeSet (MutableVolumeSet.java:initializeVolumeSet(173)) - Added Volume : /home/runner/work/ozone/ozone/hadoop-ozone/integration-test/target/test-dir/MiniOzoneClusterImpl-4ce661d8-ac2f-48de-9281-714c9e7643bd/datanode-0/data/ratis to VolumeSet
2023-09-07 20:27:20,563 [Thread-140] INFO  ozoneimpl.ContainerReader (ContainerReader.java:readVolume(177)) - Finish verifying containers on volume /home/runner/work/ozone/ozone/hadoop-ozone/integration-test/target/test-dir/MiniOzoneClusterImpl-4ce661d8-ac2f-48de-9281-714c9e7643bd/datanode-0/data-0/containers/hdds
2023-09-07 20:27:20,564 [main] INFO  ozoneimpl.OzoneContainer (OzoneContainer.java:buildContainerSet(314)) - Build ContainerSet costs 0s
2023-09-07 20:27:20,647 [main] INFO  audit.AuditLogger (AuditLogger.java:refreshDebugCmdSet(126)) - Refresh DebugCmdSet for DNAudit to [].
2023-09-07 20:27:20,688 [main] INFO  server.RaftServer (ConfUtils.java:logGet(46)) - raft.rpc.type = GRPC (default)
2023-09-07 20:27:20,692 [main] INFO  grpc.GrpcConfigKeys (ConfUtils.java:logFallback(53)) - raft.grpc.admin.host = null (fallback to raft.grpc.server.host)
2023-09-07 20:27:20,692 [main] INFO  grpc.GrpcConfigKeys (ConfUtils.java:logGet(46)) - raft.grpc.admin.port = 15013 (custom)
2023-09-07 20:27:20,692 [main] INFO  grpc.GrpcConfigKeys (ConfUtils.java:logFallback(53)) - raft.grpc.client.host = null (fallback to raft.grpc.server.host)
2023-09-07 20:27:20,692 [main] INFO  grpc.GrpcConfigKeys (ConfUtils.java:logGet(46)) - raft.grpc.client.port = 15012 (custom)
2023-09-07 20:27:20,693 [main] INFO  grpc.GrpcConfigKeys (ConfUtils.java:logGet(46)) - raft.grpc.server.host = null (default)
2023-09-07 20:27:20,693 [main] INFO  grpc.GrpcConfigKeys (ConfUtils.java:logGet(46)) - raft.grpc.server.port = 15014 (custom)
2023-09-07 20:27:20,693 [main] INFO  server.GrpcService (ConfUtils.java:logGet(46)) - raft.grpc.message.size.max = 32MB (=33554432) (custom)
2023-09-07 20:27:20,693 [main] INFO  server.RaftServerConfigKeys (ConfUtils.java:logGet(46)) - raft.server.log.appender.buffer.byte-limit = 33554432 (custom)
2023-09-07 20:27:20,694 [main] INFO  server.GrpcService (ConfUtils.java:logGet(46)) - raft.grpc.flow.control.window = 5MB (=5242880) (custom)
2023-09-07 20:27:20,694 [main] INFO  server.RaftServerConfigKeys (ConfUtils.java:logGet(46)) - raft.server.rpc.request.timeout = 60s (custom)
2023-09-07 20:27:20,694 [main] INFO  grpc.GrpcConfigKeys (ConfUtils.java:logGet(46)) - raft.grpc.server.heartbeat.channel = true (default)
2023-09-07 20:27:20,694 [main] INFO  grpc.GrpcConfigKeys (ConfUtils.java:logGet(46)) - raft.grpc.server.async.request.thread.pool.cached = true (default)
2023-09-07 20:27:20,695 [main] INFO  grpc.GrpcConfigKeys (ConfUtils.java:logGet(46)) - raft.grpc.server.async.request.thread.pool.size = 32 (default)
2023-09-07 20:27:20,698 [main] INFO  impl.DataStreamServerImpl (ConfUtils.java:logGet(46)) - raft.datastream.type = NETTY (custom)
2023-09-07 20:27:20,710 [main] INFO  server.RaftServerConfigKeys (ConfUtils.java:logGet(46)) - raft.server.data-stream.async.request.thread.pool.cached = false (default)
2023-09-07 20:27:20,711 [main] INFO  server.RaftServerConfigKeys (ConfUtils.java:logGet(46)) - raft.server.data-stream.async.request.thread.pool.size = 20 (custom)
2023-09-07 20:27:20,712 [main] INFO  server.RaftServerConfigKeys (ConfUtils.java:logGet(46)) - raft.server.data-stream.async.write.thread.pool.size = 16 (default)
2023-09-07 20:27:20,713 [main] INFO  server.RaftServerConfigKeys (ConfUtils.java:logGet(46)) - raft.server.data-stream.client.pool.size = 10 (default)
2023-09-07 20:27:20,718 [main] INFO  netty.NettyConfigKeys$DataStream (ConfUtils.java:logGet(46)) - raft.netty.dataStream.server.use-epoll = false (default)
2023-09-07 20:27:20,718 [main] INFO  netty.NettyConfigKeys$DataStream (ConfUtils.java:logGet(46)) - raft.netty.dataStream.server.boss-group.size = 0 (default)
2023-09-07 20:27:20,727 [main] INFO  netty.NettyConfigKeys$DataStream (ConfUtils.java:logGet(46)) - raft.netty.dataStream.server.worker-group.size = 0 (default)
2023-09-07 20:27:20,745 [main] INFO  netty.NettyConfigKeys$DataStream (ConfUtils.java:logGet(46)) - raft.netty.dataStream.server.tls.conf = null (default)
2023-09-07 20:27:20,748 [main] INFO  netty.NettyConfigKeys$DataStream (ConfUtils.java:logGet(46)) - raft.netty.dataStream.host = null (default)
2023-09-07 20:27:20,748 [main] INFO  netty.NettyConfigKeys$DataStream (ConfUtils.java:logGet(46)) - raft.netty.dataStream.port = 15015 (custom)
2023-09-07 20:27:20,762 [main] INFO  server.RaftServerConfigKeys (ConfUtils.java:logGet(46)) - raft.server.threadpool.proxy.cached = true (default)
2023-09-07 20:27:20,762 [main] INFO  server.RaftServerConfigKeys (ConfUtils.java:logGet(46)) - raft.server.threadpool.proxy.size = 0 (default)
2023-09-07 20:27:20,762 [main] INFO  server.RaftServerConfigKeys (ConfUtils.java:logGet(46)) - raft.server.rpc.slowness.timeout = 300s (custom)
2023-09-07 20:27:20,763 [main] INFO  server.RaftServerConfigKeys (ConfUtils.java:logGet(46)) - raft.server.leaderelection.leader.step-down.wait-time = 10s (default)
2023-09-07 20:27:20,763 [main] INFO  server.RaftServerConfigKeys (ConfUtils.java:logGet(46)) - raft.server.storage.dir = [/home/runner/work/ozone/ozone/hadoop-ozone/integration-test/target/test-dir/MiniOzoneClusterImpl-4ce661d8-ac2f-48de-9281-714c9e7643bd/datanode-0/data/ratis] (custom)
2023-09-07 20:27:20,772 [4c0a5098-e377-4fbc-882f-38eb7693a6cf-impl-thread1] INFO  server.RaftServer (RaftServerProxy.java:initGroupDir(258)) - 4c0a5098-e377-4fbc-882f-38eb7693a6cf: found a subdirectory /home/runner/work/ozone/ozone/hadoop-ozone/integration-test/target/test-dir/MiniOzoneClusterImpl-4ce661d8-ac2f-48de-9281-714c9e7643bd/datanode-0/data/ratis/tmp
2023-09-07 20:27:20,780 [4c0a5098-e377-4fbc-882f-38eb7693a6cf-impl-thread1] INFO  server.RaftServer (RaftServerProxy.java:initGroupDir(263)) - 4c0a5098-e377-4fbc-882f-38eb7693a6cf: The directory /home/runner/work/ozone/ozone/hadoop-ozone/integration-test/target/test-dir/MiniOzoneClusterImpl-4ce661d8-ac2f-48de-9281-714c9e7643bd/datanode-0/data/ratis/tmp is not a group directory; ignoring it. 
2023-09-07 20:27:20,783 [main] INFO  replication.ReplicationServer (ReplicationServer.java:<init>(81)) - Initializing replication server with thread count = 10
2023-09-07 20:27:20,796 [4c0a5098-e377-4fbc-882f-38eb7693a6cf-NettyServerStreamRpc-bossGroup--thread1] INFO  logging.LoggingHandler (AbstractInternalLogger.java:log(148)) - [id: 0x83fe39cd] REGISTERED
2023-09-07 20:27:20,797 [4c0a5098-e377-4fbc-882f-38eb7693a6cf-NettyServerStreamRpc-bossGroup--thread1] INFO  logging.LoggingHandler (AbstractInternalLogger.java:log(148)) - [id: 0x83fe39cd] BIND: 0.0.0.0/0.0.0.0:15015
2023-09-07 20:27:20,799 [4c0a5098-e377-4fbc-882f-38eb7693a6cf-NettyServerStreamRpc-bossGroup--thread1] INFO  logging.LoggingHandler (AbstractInternalLogger.java:log(148)) - [id: 0x83fe39cd, L:/0:0:0:0:0:0:0:0:15015] ACTIVE
2023-09-07 20:27:20,814 [main] INFO  server.XceiverServerGrpc (XceiverServerGrpc.java:<init>(132)) - GrpcServer channel type EpollServerSocketChannel
2023-09-07 20:27:20,860 [main] INFO  replication.ReplicationSupervisor (ReplicationSupervisor.java:build(155)) - Initializing replication supervisor with thread count = 10
2023-09-07 20:27:20,862 [main] INFO  replication.ReplicationSupervisor (ReplicationSupervisor.java:nodeStateUpdated(307)) - Node state updated to IN_SERVICE, scaling executor pool size to 10
2023-09-07 20:27:20,917 [om1@group-C5BA1605619E-FollowerState] INFO  impl.FollowerState (FollowerState.java:run(143)) - om1@group-C5BA1605619E-FollowerState: change to CANDIDATE, lastRpcElapsedTime:1060796793ns, electionTimeout:1050ms
2023-09-07 20:27:20,919 [om1@group-C5BA1605619E-FollowerState] INFO  impl.RoleInfo (RoleInfo.java:shutdownFollowerState(110)) - om1: shutdown om1@group-C5BA1605619E-FollowerState
2023-09-07 20:27:20,920 [om1@group-C5BA1605619E-FollowerState] INFO  server.RaftServer$Division (RaftServerImpl.java:setRole(329)) - om1@group-C5BA1605619E: changes role from  FOLLOWER to CANDIDATE at term 0 for changeToCandidate
2023-09-07 20:27:20,925 [om1@group-C5BA1605619E-FollowerState] INFO  server.RaftServerConfigKeys (ConfUtils.java:logGet(46)) - raft.server.leaderelection.pre-vote = true (default)
2023-09-07 20:27:20,926 [om1@group-C5BA1605619E-FollowerState] INFO  impl.RoleInfo (RoleInfo.java:updateAndGet(139)) - om1: start om1@group-C5BA1605619E-LeaderElection1
2023-09-07 20:27:20,930 [main] INFO  http.BaseHttpServer (BaseHttpServer.java:newHttpServer2BuilderForOzone(223)) - Starting Web-server for hddsDatanode at: http://0.0.0.0:15009
2023-09-07 20:27:20,930 [main] INFO  http.BaseHttpServer (BaseHttpServer.java:<init>(110)) - Hadoop Security Enabled: false Ozone Security Enabled: false Ozone HTTP Security Enabled: false 
2023-09-07 20:27:20,942 [main] WARN  server.AuthenticationFilter (AuthenticationFilter.java:constructSecretProvider(240)) - Unable to initialize FileSignerSecretProvider, falling back to use random secrets. Reason: Could not read signature secret file: /home/runner/hadoop-http-auth-signature-secret
2023-09-07 20:27:20,943 [main] INFO  http.HttpRequestLog (HttpRequestLog.java:getRequestLog(86)) - Http request log for http.requests.hddsDatanode is not defined
2023-09-07 20:27:20,956 [om1@group-C5BA1605619E-LeaderElection1] INFO  impl.LeaderElection (LeaderElection.java:askForVotes(321)) - om1@group-C5BA1605619E-LeaderElection1 PRE_VOTE round 0: submit vote requests at term 0 for -1: peers:[om1|rpc:localhost:15007|priority:0|startupRole:FOLLOWER]|listeners:[], old=null
2023-09-07 20:27:20,957 [om1@group-C5BA1605619E-LeaderElection1] INFO  impl.LeaderElection (LeaderElection.java:askForVotes(323)) - om1@group-C5BA1605619E-LeaderElection1 PRE_VOTE round 0: result PASSED (term=0)
2023-09-07 20:27:20,958 [main] INFO  http.HttpServer2 (HttpServer2.java:addGlobalFilter(1031)) - Added global filter 'safety' (class=org.apache.hadoop.hdds.server.http.HttpServer2$QuotingInputFilter)
2023-09-07 20:27:20,960 [main] INFO  http.HttpServer2 (HttpServer2.java:addFilter(1007)) - Added filter static_user_filter (class=org.apache.hadoop.http.lib.StaticUserWebFilter$StaticUserFilter) to context hddsDatanode
2023-09-07 20:27:20,960 [main] INFO  http.HttpServer2 (HttpServer2.java:addFilter(1015)) - Added filter static_user_filter (class=org.apache.hadoop.http.lib.StaticUserWebFilter$StaticUserFilter) to context logs
2023-09-07 20:27:20,961 [main] INFO  http.HttpServer2 (HttpServer2.java:addFilter(1015)) - Added filter static_user_filter (class=org.apache.hadoop.http.lib.StaticUserWebFilter$StaticUserFilter) to context static
2023-09-07 20:27:20,963 [main] INFO  http.BaseHttpServer (BaseHttpServer.java:<init>(189)) - HTTP server of hddsDatanode uses base directory /home/runner/work/ozone/ozone/hadoop-ozone/integration-test/target/test-dir/MiniOzoneClusterImpl-4ce661d8-ac2f-48de-9281-714c9e7643bd/datanode-0/meta/webserver
2023-09-07 20:27:20,963 [main] INFO  http.HttpServer2 (HttpServer2.java:bindListener(1231)) - Jetty bound to port 15009
2023-09-07 20:27:20,964 [main] INFO  server.Server (Server.java:doStart(375)) - jetty-9.4.51.v20230217; built: 2023-02-17T08:19:37.309Z; git: b45c405e4544384de066f814ed42ae3dceacdd49; jvm 1.8.0_382-b05
2023-09-07 20:27:20,963 [om1@group-C5BA1605619E-LeaderElection1] INFO  impl.LeaderElection (LeaderElection.java:askForVotes(321)) - om1@group-C5BA1605619E-LeaderElection1 ELECTION round 0: submit vote requests at term 1 for -1: peers:[om1|rpc:localhost:15007|priority:0|startupRole:FOLLOWER]|listeners:[], old=null
2023-09-07 20:27:20,965 [om1@group-C5BA1605619E-LeaderElection1] INFO  impl.LeaderElection (LeaderElection.java:askForVotes(323)) - om1@group-C5BA1605619E-LeaderElection1 ELECTION round 0: result PASSED (term=1)
2023-09-07 20:27:20,965 [om1@group-C5BA1605619E-LeaderElection1] INFO  impl.RoleInfo (RoleInfo.java:shutdownLeaderElection(130)) - om1: shutdown om1@group-C5BA1605619E-LeaderElection1
2023-09-07 20:27:20,965 [om1@group-C5BA1605619E-LeaderElection1] INFO  server.RaftServer$Division (RaftServerImpl.java:setRole(329)) - om1@group-C5BA1605619E: changes role from CANDIDATE to LEADER at term 1 for changeToLeader
2023-09-07 20:27:20,968 [om1@group-C5BA1605619E-LeaderElection1] INFO  server.RaftServer$Division (ServerState.java:setLeader(317)) - om1@group-C5BA1605619E: change Leader from null to om1 at term 1 for becomeLeader, leader elected after 2409ms
2023-09-07 20:27:20,980 [om1@group-C5BA1605619E-LeaderElection1] INFO  server.RaftServerConfigKeys (ConfUtils.java:logGet(46)) - raft.server.staging.catchup.gap = 1000 (default)
2023-09-07 20:27:20,985 [main] INFO  server.session (DefaultSessionIdManager.java:doStart(334)) - DefaultSessionIdManager workerName=node0
2023-09-07 20:27:20,985 [main] INFO  server.session (DefaultSessionIdManager.java:doStart(339)) - No SessionScavenger set, using defaults
2023-09-07 20:27:20,985 [main] INFO  server.session (HouseKeeper.java:startScavenging(132)) - node0 Scavenging every 600000ms
2023-09-07 20:27:20,986 [main] INFO  handler.ContextHandler (ContextHandler.java:doStart(921)) - Started o.e.j.s.ServletContextHandler@440521c4{logs,/logs,file:///home/runner/work/ozone/ozone/hadoop-ozone/integration-test/target/log,AVAILABLE}
2023-09-07 20:27:20,987 [main] INFO  handler.ContextHandler (ContextHandler.java:doStart(921)) - Started o.e.j.s.ServletContextHandler@c989407{static,/static,jar:file:/home/runner/.m2/repository/org/apache/ozone/hdds-container-service/1.4.0-SNAPSHOT/hdds-container-service-1.4.0-SNAPSHOT.jar!/webapps/static,AVAILABLE}
2023-09-07 20:27:20,996 [om1@group-C5BA1605619E-LeaderElection1] INFO  server.RaftServerConfigKeys (ConfUtils.java:logGet(46)) - raft.server.write.element-limit = 4096 (default)
2023-09-07 20:27:20,997 [om1@group-C5BA1605619E-LeaderElection1] INFO  server.RaftServerConfigKeys (ConfUtils.java:logGet(46)) - raft.server.write.byte-limit = 64MB (=67108864) (default)
2023-09-07 20:27:21,002 [om1@group-C5BA1605619E-LeaderElection1] INFO  server.RaftServerConfigKeys (ConfUtils.java:logGet(46)) - raft.server.watch.timeout = 10s (default)
2023-09-07 20:27:21,002 [om1@group-C5BA1605619E-LeaderElection1] INFO  server.RaftServerConfigKeys (ConfUtils.java:logGet(46)) - raft.server.watch.timeout.denomination = 1s (default)
2023-09-07 20:27:21,003 [om1@group-C5BA1605619E-LeaderElection1] INFO  server.RaftServerConfigKeys (ConfUtils.java:logGet(46)) - raft.server.watch.element-limit = 65536 (default)
2023-09-07 20:27:21,011 [om1@group-C5BA1605619E-LeaderElection1] INFO  server.RaftServerConfigKeys (ConfUtils.java:logGet(46)) - raft.server.write.element-limit = 4096 (default)
2023-09-07 20:27:21,016 [om1@group-C5BA1605619E-LeaderElection1] INFO  server.RaftServerConfigKeys (ConfUtils.java:logGet(46)) - raft.server.write.follower.gap.ratio.max = -1.0 (default)
2023-09-07 20:27:21,020 [om1@group-C5BA1605619E-LeaderElection1] INFO  impl.RoleInfo (RoleInfo.java:updateAndGet(139)) - om1: start om1@group-C5BA1605619E-LeaderStateImpl
2023-09-07 20:27:21,086 [om1@group-C5BA1605619E-LeaderElection1] INFO  segmented.SegmentedRaftLogWorker (SegmentedRaftLogWorker.java:startLogSegment(447)) - om1@group-C5BA1605619E-SegmentedRaftLogWorker: Starting segment from index:0
2023-09-07 20:27:21,204 [om1@group-C5BA1605619E-LeaderElection1] INFO  server.RaftServer$Division (ServerState.java:setRaftConf(434)) - om1@group-C5BA1605619E: set configuration 0: peers:[om1|rpc:localhost:15007|admin:|client:|dataStream:|priority:0|startupRole:FOLLOWER]|listeners:[], old=null
2023-09-07 20:27:21,359 [om1@group-C5BA1605619E-SegmentedRaftLogWorker] INFO  segmented.SegmentedRaftLogWorker (SegmentedRaftLogWorker.java:execute(651)) - om1@group-C5BA1605619E-SegmentedRaftLogWorker: created new log segment /home/runner/work/ozone/ozone/hadoop-ozone/integration-test/target/test-dir/MiniOzoneClusterImpl-4ce661d8-ac2f-48de-9281-714c9e7643bd/ozone-meta/ratis/bf265839-605b-3f16-9796-c5ba1605619e/current/log_inprogress_0
2023-09-07 20:27:21,555 [main] INFO  handler.ContextHandler (ContextHandler.java:doStart(921)) - Started o.e.j.w.WebAppContext@3e40eda3{hddsDatanode,/,file:///home/runner/work/ozone/ozone/hadoop-ozone/integration-test/target/test-dir/MiniOzoneClusterImpl-4ce661d8-ac2f-48de-9281-714c9e7643bd/datanode-0/meta/webserver/jetty-0_0_0_0-15009-hdds-container-service-1_4_0-SNAPSHOT_jar-_-any-4984694108110684545/webapp/,AVAILABLE}{jar:file:/home/runner/.m2/repository/org/apache/ozone/hdds-container-service/1.4.0-SNAPSHOT/hdds-container-service-1.4.0-SNAPSHOT.jar!/webapps/hddsDatanode}
2023-09-07 20:27:21,557 [main] INFO  server.AbstractConnector (AbstractConnector.java:doStart(333)) - Started ServerConnector@4d7648a5{HTTP/1.1, (http/1.1)}{0.0.0.0:15009}
2023-09-07 20:27:21,557 [main] INFO  server.Server (Server.java:doStart(415)) - Started @12631ms
2023-09-07 20:27:21,558 [main] WARN  impl.MetricsSystemImpl (MetricsSystemImpl.java:register(279)) - Sink prometheus already exists!
2023-09-07 20:27:21,561 [main] INFO  http.BaseHttpServer (BaseHttpServer.java:updateConnectorAddress(354)) - HTTP server of hddsDatanode listening at http://0.0.0.0:15009
2023-09-07 20:27:21,569 [main] INFO  ipc.CallQueueManager (CallQueueManager.java:<init>(90)) - Using callQueue: class java.util.concurrent.LinkedBlockingQueue, queueCapacity: 100, scheduler: class org.apache.hadoop.ipc.DefaultRpcScheduler, ipcBackoff: false.
2023-09-07 20:27:21,570 [main] INFO  ipc.Server (Server.java:<init>(1287)) - Listener at 0.0.0.0:15010
2023-09-07 20:27:21,576 [Socket Reader #1 for port 15010] INFO  ipc.Server (Server.java:run(1323)) - Starting Socket Reader #1 for port 15010
2023-09-07 20:27:21,595 [main] INFO  ozone.HddsDatanodeService (HddsDatanodeService.java:start(315)) - Datanode start with admins: [runner]
2023-09-07 20:27:21,595 [main] INFO  ozone.HddsDatanodeClientProtocolServer (HddsDatanodeClientProtocolServer.java:start(72)) - RPC server for Client /0.0.0.0:15010
2023-09-07 20:27:21,600 [IPC Server Responder] INFO  ipc.Server (Server.java:run(1562)) - IPC Server Responder: starting
2023-09-07 20:27:21,603 [IPC Server listener on 15010] INFO  ipc.Server (Server.java:run(1402)) - IPC Server listener on 15010: starting
2023-09-07 20:27:21,606 [main] WARN  impl.MetricRegistriesImpl (MetricRegistriesImpl.java:addReporterRegistration(111)) - New reporters are added after registries were created. Some metrics will be missing from the reporter. Please add reporter before adding any new registry.
2023-09-07 20:27:21,606 [main] WARN  impl.MetricRegistriesImpl (MetricRegistriesImpl.java:addReporterRegistration(111)) - New reporters are added after registries were created. Some metrics will be missing from the reporter. Please add reporter before adding any new registry.
2023-09-07 20:27:21,606 [main] INFO  impl.MetricsSystemImpl (MetricsSystemImpl.java:init(158)) - HddsDatanode metrics system started (again)
2023-09-07 20:27:21,614 [Datanode State Machine Daemon Thread] INFO  statemachine.DatanodeStateMachine (DatanodeStateMachine.java:lambda$startDaemon$0(538)) - Ozone container server started.
2023-09-07 20:27:21,637 [main] INFO  ozone.HddsDatanodeService (HddsDatanodeService.java:start(237)) - HddsDatanodeService host:fv-az259-394.nxnqhby4qkoexpon2s1bx5vqxg.dx.internal.cloudapp.net ip:10.1.0.11
2023-09-07 20:27:21,636 [om1@group-C5BA1605619E-StateMachineUpdater] INFO  ratis.OzoneManagerStateMachine (OzoneManagerStateMachine.java:notifyConfigurationChanged(202)) - Received Configuration change notification from Ratis. New Peer list:
[id: "om1"
address: "localhost:15007"
startupRole: FOLLOWER
]
2023-09-07 20:27:21,694 [main] INFO  upgrade.AbstractLayoutVersionManager (AbstractLayoutVersionManager.java:init(83)) - Initializing Layout version manager with metadata layout = HADOOP_PRC_PORTS_IN_DATANODEDETAILS (version = 7), software layout = HADOOP_PRC_PORTS_IN_DATANODEDETAILS (version = 7)
2023-09-07 20:27:21,695 [main] INFO  statemachine.DatanodeStateMachine (DatanodeStateMachine.java:getEndPointTaskThreadPoolSize(282)) - Datanode State Machine Task Thread Pool size 2
2023-09-07 20:27:21,701 [main] INFO  volume.HddsVolume (HddsVolume.java:<init>(126)) - Creating HddsVolume: /home/runner/work/ozone/ozone/hadoop-ozone/integration-test/target/test-dir/MiniOzoneClusterImpl-4ce661d8-ac2f-48de-9281-714c9e7643bd/datanode-1/data-0/containers/hdds of storage type : DISK capacity : 9223372036854775807
2023-09-07 20:27:21,702 [main] INFO  volume.MutableVolumeSet (MutableVolumeSet.java:initializeVolumeSet(173)) - Added Volume : /home/runner/work/ozone/ozone/hadoop-ozone/integration-test/target/test-dir/MiniOzoneClusterImpl-4ce661d8-ac2f-48de-9281-714c9e7643bd/datanode-1/data-0/containers/hdds to VolumeSet
2023-09-07 20:27:21,704 [main] INFO  volume.MutableVolumeSet (MutableVolumeSet.java:initializeVolumeSet(173)) - Added Volume : /home/runner/work/ozone/ozone/hadoop-ozone/integration-test/target/test-dir/MiniOzoneClusterImpl-4ce661d8-ac2f-48de-9281-714c9e7643bd/datanode-1/data/ratis to VolumeSet
2023-09-07 20:27:21,707 [Thread-159] INFO  ozoneimpl.ContainerReader (ContainerReader.java:readVolume(177)) - Finish verifying containers on volume /home/runner/work/ozone/ozone/hadoop-ozone/integration-test/target/test-dir/MiniOzoneClusterImpl-4ce661d8-ac2f-48de-9281-714c9e7643bd/datanode-1/data-0/containers/hdds
2023-09-07 20:27:21,708 [main] INFO  ozoneimpl.OzoneContainer (OzoneContainer.java:buildContainerSet(314)) - Build ContainerSet costs 0s
2023-09-07 20:27:21,716 [main] INFO  server.RaftServer (ConfUtils.java:logGet(46)) - raft.rpc.type = GRPC (default)
2023-09-07 20:27:21,716 [main] INFO  grpc.GrpcConfigKeys (ConfUtils.java:logFallback(53)) - raft.grpc.admin.host = null (fallback to raft.grpc.server.host)
2023-09-07 20:27:21,716 [main] INFO  grpc.GrpcConfigKeys (ConfUtils.java:logGet(46)) - raft.grpc.admin.port = 15022 (custom)
2023-09-07 20:27:21,717 [main] INFO  grpc.GrpcConfigKeys (ConfUtils.java:logFallback(53)) - raft.grpc.client.host = null (fallback to raft.grpc.server.host)
2023-09-07 20:27:21,719 [main] INFO  grpc.GrpcConfigKeys (ConfUtils.java:logGet(46)) - raft.grpc.client.port = 15021 (custom)
2023-09-07 20:27:21,719 [main] INFO  grpc.GrpcConfigKeys (ConfUtils.java:logGet(46)) - raft.grpc.server.host = null (default)
2023-09-07 20:27:21,719 [main] INFO  grpc.GrpcConfigKeys (ConfUtils.java:logGet(46)) - raft.grpc.server.port = 15023 (custom)
2023-09-07 20:27:21,720 [main] INFO  server.GrpcService (ConfUtils.java:logGet(46)) - raft.grpc.message.size.max = 32MB (=33554432) (custom)
2023-09-07 20:27:21,720 [main] INFO  server.RaftServerConfigKeys (ConfUtils.java:logGet(46)) - raft.server.log.appender.buffer.byte-limit = 33554432 (custom)
2023-09-07 20:27:21,721 [main] INFO  server.GrpcService (ConfUtils.java:logGet(46)) - raft.grpc.flow.control.window = 5MB (=5242880) (custom)
2023-09-07 20:27:21,721 [main] INFO  server.RaftServerConfigKeys (ConfUtils.java:logGet(46)) - raft.server.rpc.request.timeout = 60s (custom)
2023-09-07 20:27:21,721 [main] INFO  grpc.GrpcConfigKeys (ConfUtils.java:logGet(46)) - raft.grpc.server.heartbeat.channel = true (default)
2023-09-07 20:27:21,721 [main] INFO  grpc.GrpcConfigKeys (ConfUtils.java:logGet(46)) - raft.grpc.server.async.request.thread.pool.cached = true (default)
2023-09-07 20:27:21,722 [main] INFO  grpc.GrpcConfigKeys (ConfUtils.java:logGet(46)) - raft.grpc.server.async.request.thread.pool.size = 32 (default)
2023-09-07 20:27:21,730 [main] INFO  impl.DataStreamServerImpl (ConfUtils.java:logGet(46)) - raft.datastream.type = NETTY (custom)
2023-09-07 20:27:21,731 [main] INFO  server.RaftServerConfigKeys (ConfUtils.java:logGet(46)) - raft.server.data-stream.async.request.thread.pool.cached = false (default)
2023-09-07 20:27:21,733 [main] INFO  server.RaftServerConfigKeys (ConfUtils.java:logGet(46)) - raft.server.data-stream.async.request.thread.pool.size = 20 (custom)
2023-09-07 20:27:21,734 [main] INFO  server.RaftServerConfigKeys (ConfUtils.java:logGet(46)) - raft.server.data-stream.async.write.thread.pool.size = 16 (default)
2023-09-07 20:27:21,734 [main] INFO  server.RaftServerConfigKeys (ConfUtils.java:logGet(46)) - raft.server.data-stream.client.pool.size = 10 (default)
2023-09-07 20:27:21,734 [main] INFO  netty.NettyConfigKeys$DataStream (ConfUtils.java:logGet(46)) - raft.netty.dataStream.server.use-epoll = false (default)
2023-09-07 20:27:21,736 [main] INFO  netty.NettyConfigKeys$DataStream (ConfUtils.java:logGet(46)) - raft.netty.dataStream.server.boss-group.size = 0 (default)
2023-09-07 20:27:21,737 [main] INFO  netty.NettyConfigKeys$DataStream (ConfUtils.java:logGet(46)) - raft.netty.dataStream.server.worker-group.size = 0 (default)
2023-09-07 20:27:21,739 [main] INFO  netty.NettyConfigKeys$DataStream (ConfUtils.java:logGet(46)) - raft.netty.dataStream.server.tls.conf = null (default)
2023-09-07 20:27:21,739 [main] INFO  netty.NettyConfigKeys$DataStream (ConfUtils.java:logGet(46)) - raft.netty.dataStream.host = null (default)
2023-09-07 20:27:21,739 [main] INFO  netty.NettyConfigKeys$DataStream (ConfUtils.java:logGet(46)) - raft.netty.dataStream.port = 15024 (custom)
2023-09-07 20:27:21,741 [main] INFO  server.RaftServerConfigKeys (ConfUtils.java:logGet(46)) - raft.server.threadpool.proxy.cached = true (default)
2023-09-07 20:27:21,742 [main] INFO  server.RaftServerConfigKeys (ConfUtils.java:logGet(46)) - raft.server.threadpool.proxy.size = 0 (default)
2023-09-07 20:27:21,742 [main] INFO  server.RaftServerConfigKeys (ConfUtils.java:logGet(46)) - raft.server.rpc.slowness.timeout = 300s (custom)
2023-09-07 20:27:21,742 [main] INFO  server.RaftServerConfigKeys (ConfUtils.java:logGet(46)) - raft.server.leaderelection.leader.step-down.wait-time = 10s (default)
2023-09-07 20:27:21,751 [main] INFO  server.RaftServerConfigKeys (ConfUtils.java:logGet(46)) - raft.server.storage.dir = [/home/runner/work/ozone/ozone/hadoop-ozone/integration-test/target/test-dir/MiniOzoneClusterImpl-4ce661d8-ac2f-48de-9281-714c9e7643bd/datanode-1/data/ratis] (custom)
2023-09-07 20:27:21,751 [22c736ca-ae96-41a9-953f-e3c60311c10c-NettyServerStreamRpc-bossGroup--thread1] INFO  logging.LoggingHandler (AbstractInternalLogger.java:log(148)) - [id: 0x9cad1dd0] REGISTERED
2023-09-07 20:27:21,756 [22c736ca-ae96-41a9-953f-e3c60311c10c-NettyServerStreamRpc-bossGroup--thread1] INFO  logging.LoggingHandler (AbstractInternalLogger.java:log(148)) - [id: 0x9cad1dd0] BIND: 0.0.0.0/0.0.0.0:15024
2023-09-07 20:27:21,757 [22c736ca-ae96-41a9-953f-e3c60311c10c-NettyServerStreamRpc-bossGroup--thread1] INFO  logging.LoggingHandler (AbstractInternalLogger.java:log(148)) - [id: 0x9cad1dd0, L:/0:0:0:0:0:0:0:0:15024] ACTIVE
2023-09-07 20:27:21,763 [22c736ca-ae96-41a9-953f-e3c60311c10c-impl-thread1] INFO  server.RaftServer (RaftServerProxy.java:initGroupDir(258)) - 22c736ca-ae96-41a9-953f-e3c60311c10c: found a subdirectory /home/runner/work/ozone/ozone/hadoop-ozone/integration-test/target/test-dir/MiniOzoneClusterImpl-4ce661d8-ac2f-48de-9281-714c9e7643bd/datanode-1/data/ratis/tmp
2023-09-07 20:27:21,764 [22c736ca-ae96-41a9-953f-e3c60311c10c-impl-thread1] INFO  server.RaftServer (RaftServerProxy.java:initGroupDir(263)) - 22c736ca-ae96-41a9-953f-e3c60311c10c: The directory /home/runner/work/ozone/ozone/hadoop-ozone/integration-test/target/test-dir/MiniOzoneClusterImpl-4ce661d8-ac2f-48de-9281-714c9e7643bd/datanode-1/data/ratis/tmp is not a group directory; ignoring it. 
2023-09-07 20:27:21,765 [main] INFO  replication.ReplicationServer (ReplicationServer.java:<init>(81)) - Initializing replication server with thread count = 10
2023-09-07 20:27:21,767 [main] INFO  server.XceiverServerGrpc (XceiverServerGrpc.java:<init>(132)) - GrpcServer channel type EpollServerSocketChannel
2023-09-07 20:27:21,770 [main] INFO  replication.ReplicationSupervisor (ReplicationSupervisor.java:build(155)) - Initializing replication supervisor with thread count = 10
2023-09-07 20:27:21,770 [main] INFO  replication.ReplicationSupervisor (ReplicationSupervisor.java:nodeStateUpdated(307)) - Node state updated to IN_SERVICE, scaling executor pool size to 10
2023-09-07 20:27:21,781 [main] INFO  http.BaseHttpServer (BaseHttpServer.java:newHttpServer2BuilderForOzone(223)) - Starting Web-server for hddsDatanode at: http://0.0.0.0:15018
2023-09-07 20:27:21,781 [main] INFO  http.BaseHttpServer (BaseHttpServer.java:<init>(110)) - Hadoop Security Enabled: false Ozone Security Enabled: false Ozone HTTP Security Enabled: false 
2023-09-07 20:27:21,787 [main] WARN  server.AuthenticationFilter (AuthenticationFilter.java:constructSecretProvider(240)) - Unable to initialize FileSignerSecretProvider, falling back to use random secrets. Reason: Could not read signature secret file: /home/runner/hadoop-http-auth-signature-secret
2023-09-07 20:27:21,793 [main] INFO  http.HttpRequestLog (HttpRequestLog.java:getRequestLog(86)) - Http request log for http.requests.hddsDatanode is not defined
2023-09-07 20:27:21,795 [main] INFO  http.HttpServer2 (HttpServer2.java:addGlobalFilter(1031)) - Added global filter 'safety' (class=org.apache.hadoop.hdds.server.http.HttpServer2$QuotingInputFilter)
2023-09-07 20:27:21,796 [main] INFO  http.HttpServer2 (HttpServer2.java:addFilter(1007)) - Added filter static_user_filter (class=org.apache.hadoop.http.lib.StaticUserWebFilter$StaticUserFilter) to context hddsDatanode
2023-09-07 20:27:21,797 [main] INFO  http.HttpServer2 (HttpServer2.java:addFilter(1015)) - Added filter static_user_filter (class=org.apache.hadoop.http.lib.StaticUserWebFilter$StaticUserFilter) to context logs
2023-09-07 20:27:21,797 [main] INFO  http.HttpServer2 (HttpServer2.java:addFilter(1015)) - Added filter static_user_filter (class=org.apache.hadoop.http.lib.StaticUserWebFilter$StaticUserFilter) to context static
2023-09-07 20:27:21,798 [main] INFO  http.BaseHttpServer (BaseHttpServer.java:<init>(189)) - HTTP server of hddsDatanode uses base directory /home/runner/work/ozone/ozone/hadoop-ozone/integration-test/target/test-dir/MiniOzoneClusterImpl-4ce661d8-ac2f-48de-9281-714c9e7643bd/datanode-1/meta/webserver
2023-09-07 20:27:21,798 [main] INFO  http.HttpServer2 (HttpServer2.java:bindListener(1231)) - Jetty bound to port 15018
2023-09-07 20:27:21,798 [main] INFO  server.Server (Server.java:doStart(375)) - jetty-9.4.51.v20230217; built: 2023-02-17T08:19:37.309Z; git: b45c405e4544384de066f814ed42ae3dceacdd49; jvm 1.8.0_382-b05
2023-09-07 20:27:21,820 [main] INFO  server.session (DefaultSessionIdManager.java:doStart(334)) - DefaultSessionIdManager workerName=node0
2023-09-07 20:27:21,820 [main] INFO  server.session (DefaultSessionIdManager.java:doStart(339)) - No SessionScavenger set, using defaults
2023-09-07 20:27:21,820 [main] INFO  server.session (HouseKeeper.java:startScavenging(132)) - node0 Scavenging every 660000ms
2023-09-07 20:27:21,822 [main] INFO  handler.ContextHandler (ContextHandler.java:doStart(921)) - Started o.e.j.s.ServletContextHandler@3da3d0f5{logs,/logs,file:///home/runner/work/ozone/ozone/hadoop-ozone/integration-test/target/log,AVAILABLE}
2023-09-07 20:27:21,823 [main] INFO  handler.ContextHandler (ContextHandler.java:doStart(921)) - Started o.e.j.s.ServletContextHandler@39e3aada{static,/static,jar:file:/home/runner/.m2/repository/org/apache/ozone/hdds-container-service/1.4.0-SNAPSHOT/hdds-container-service-1.4.0-SNAPSHOT.jar!/webapps/static,AVAILABLE}
2023-09-07 20:27:21,875 [Datanode State Machine Task Thread - 0] INFO  datanode.InitDatanodeState (InitDatanodeState.java:persistContainerDatanodeDetails(138)) - DatanodeDetails is persisted to /home/runner/work/ozone/ozone/hadoop-ozone/integration-test/target/test-dir/MiniOzoneClusterImpl-4ce661d8-ac2f-48de-9281-714c9e7643bd/datanode-0/meta/datanode.id
2023-09-07 20:27:22,103 [main] INFO  handler.ContextHandler (ContextHandler.java:doStart(921)) - Started o.e.j.w.WebAppContext@35d8a515{hddsDatanode,/,file:///home/runner/work/ozone/ozone/hadoop-ozone/integration-test/target/test-dir/MiniOzoneClusterImpl-4ce661d8-ac2f-48de-9281-714c9e7643bd/datanode-1/meta/webserver/jetty-0_0_0_0-15018-hdds-container-service-1_4_0-SNAPSHOT_jar-_-any-7941641052365803039/webapp/,AVAILABLE}{jar:file:/home/runner/.m2/repository/org/apache/ozone/hdds-container-service/1.4.0-SNAPSHOT/hdds-container-service-1.4.0-SNAPSHOT.jar!/webapps/hddsDatanode}
2023-09-07 20:27:22,105 [main] INFO  server.AbstractConnector (AbstractConnector.java:doStart(333)) - Started ServerConnector@40574edf{HTTP/1.1, (http/1.1)}{0.0.0.0:15018}
2023-09-07 20:27:22,105 [main] INFO  server.Server (Server.java:doStart(415)) - Started @13178ms
2023-09-07 20:27:22,105 [main] WARN  impl.MetricsSystemImpl (MetricsSystemImpl.java:register(279)) - Sink prometheus already exists!
2023-09-07 20:27:22,106 [main] INFO  http.BaseHttpServer (BaseHttpServer.java:updateConnectorAddress(354)) - HTTP server of hddsDatanode listening at http://0.0.0.0:15018
2023-09-07 20:27:22,107 [main] INFO  ipc.CallQueueManager (CallQueueManager.java:<init>(90)) - Using callQueue: class java.util.concurrent.LinkedBlockingQueue, queueCapacity: 100, scheduler: class org.apache.hadoop.ipc.DefaultRpcScheduler, ipcBackoff: false.
2023-09-07 20:27:22,107 [main] INFO  ipc.Server (Server.java:<init>(1287)) - Listener at 0.0.0.0:15019
2023-09-07 20:27:22,108 [Socket Reader #1 for port 15019] INFO  ipc.Server (Server.java:run(1323)) - Starting Socket Reader #1 for port 15019
2023-09-07 20:27:22,119 [main] INFO  ozone.HddsDatanodeService (HddsDatanodeService.java:start(315)) - Datanode start with admins: [runner]
2023-09-07 20:27:22,120 [main] INFO  ozone.HddsDatanodeClientProtocolServer (HddsDatanodeClientProtocolServer.java:start(72)) - RPC server for Client /0.0.0.0:15019
2023-09-07 20:27:22,122 [IPC Server Responder] INFO  ipc.Server (Server.java:run(1562)) - IPC Server Responder: starting
2023-09-07 20:27:22,123 [main] WARN  impl.MetricRegistriesImpl (MetricRegistriesImpl.java:addReporterRegistration(111)) - New reporters are added after registries were created. Some metrics will be missing from the reporter. Please add reporter before adding any new registry.
2023-09-07 20:27:22,123 [main] WARN  impl.MetricRegistriesImpl (MetricRegistriesImpl.java:addReporterRegistration(111)) - New reporters are added after registries were created. Some metrics will be missing from the reporter. Please add reporter before adding any new registry.
2023-09-07 20:27:22,123 [main] INFO  impl.MetricsSystemImpl (MetricsSystemImpl.java:init(158)) - HddsDatanode metrics system started (again)
2023-09-07 20:27:22,136 [IPC Server listener on 15019] INFO  ipc.Server (Server.java:run(1402)) - IPC Server listener on 15019: starting
2023-09-07 20:27:22,136 [Datanode State Machine Daemon Thread] INFO  statemachine.DatanodeStateMachine (DatanodeStateMachine.java:lambda$startDaemon$0(538)) - Ozone container server started.
2023-09-07 20:27:22,149 [main] INFO  ozone.HddsDatanodeService (HddsDatanodeService.java:start(237)) - HddsDatanodeService host:fv-az259-394.nxnqhby4qkoexpon2s1bx5vqxg.dx.internal.cloudapp.net ip:10.1.0.11
2023-09-07 20:27:22,179 [Datanode State Machine Task Thread - 0] INFO  datanode.InitDatanodeState (InitDatanodeState.java:persistContainerDatanodeDetails(138)) - DatanodeDetails is persisted to /home/runner/work/ozone/ozone/hadoop-ozone/integration-test/target/test-dir/MiniOzoneClusterImpl-4ce661d8-ac2f-48de-9281-714c9e7643bd/datanode-1/meta/datanode.id
2023-09-07 20:27:22,197 [main] INFO  upgrade.AbstractLayoutVersionManager (AbstractLayoutVersionManager.java:init(83)) - Initializing Layout version manager with metadata layout = HADOOP_PRC_PORTS_IN_DATANODEDETAILS (version = 7), software layout = HADOOP_PRC_PORTS_IN_DATANODEDETAILS (version = 7)
2023-09-07 20:27:22,198 [main] INFO  statemachine.DatanodeStateMachine (DatanodeStateMachine.java:getEndPointTaskThreadPoolSize(282)) - Datanode State Machine Task Thread Pool size 2
2023-09-07 20:27:22,201 [main] INFO  volume.HddsVolume (HddsVolume.java:<init>(126)) - Creating HddsVolume: /home/runner/work/ozone/ozone/hadoop-ozone/integration-test/target/test-dir/MiniOzoneClusterImpl-4ce661d8-ac2f-48de-9281-714c9e7643bd/datanode-2/data-0/containers/hdds of storage type : DISK capacity : 9223372036854775807
2023-09-07 20:27:22,201 [main] INFO  volume.MutableVolumeSet (MutableVolumeSet.java:initializeVolumeSet(173)) - Added Volume : /home/runner/work/ozone/ozone/hadoop-ozone/integration-test/target/test-dir/MiniOzoneClusterImpl-4ce661d8-ac2f-48de-9281-714c9e7643bd/datanode-2/data-0/containers/hdds to VolumeSet
2023-09-07 20:27:22,203 [main] INFO  volume.MutableVolumeSet (MutableVolumeSet.java:initializeVolumeSet(173)) - Added Volume : /home/runner/work/ozone/ozone/hadoop-ozone/integration-test/target/test-dir/MiniOzoneClusterImpl-4ce661d8-ac2f-48de-9281-714c9e7643bd/datanode-2/data/ratis to VolumeSet
2023-09-07 20:27:22,204 [Thread-176] INFO  ozoneimpl.ContainerReader (ContainerReader.java:readVolume(177)) - Finish verifying containers on volume /home/runner/work/ozone/ozone/hadoop-ozone/integration-test/target/test-dir/MiniOzoneClusterImpl-4ce661d8-ac2f-48de-9281-714c9e7643bd/datanode-2/data-0/containers/hdds
2023-09-07 20:27:22,204 [main] INFO  ozoneimpl.OzoneContainer (OzoneContainer.java:buildContainerSet(314)) - Build ContainerSet costs 0s
2023-09-07 20:27:22,208 [main] INFO  server.RaftServer (ConfUtils.java:logGet(46)) - raft.rpc.type = GRPC (default)
2023-09-07 20:27:22,208 [main] INFO  grpc.GrpcConfigKeys (ConfUtils.java:logFallback(53)) - raft.grpc.admin.host = null (fallback to raft.grpc.server.host)
2023-09-07 20:27:22,209 [main] INFO  grpc.GrpcConfigKeys (ConfUtils.java:logGet(46)) - raft.grpc.admin.port = 15031 (custom)
2023-09-07 20:27:22,209 [main] INFO  grpc.GrpcConfigKeys (ConfUtils.java:logFallback(53)) - raft.grpc.client.host = null (fallback to raft.grpc.server.host)
2023-09-07 20:27:22,209 [main] INFO  grpc.GrpcConfigKeys (ConfUtils.java:logGet(46)) - raft.grpc.client.port = 15030 (custom)
2023-09-07 20:27:22,209 [main] INFO  grpc.GrpcConfigKeys (ConfUtils.java:logGet(46)) - raft.grpc.server.host = null (default)
2023-09-07 20:27:22,209 [main] INFO  grpc.GrpcConfigKeys (ConfUtils.java:logGet(46)) - raft.grpc.server.port = 15032 (custom)
2023-09-07 20:27:22,210 [main] INFO  server.GrpcService (ConfUtils.java:logGet(46)) - raft.grpc.message.size.max = 32MB (=33554432) (custom)
2023-09-07 20:27:22,210 [main] INFO  server.RaftServerConfigKeys (ConfUtils.java:logGet(46)) - raft.server.log.appender.buffer.byte-limit = 33554432 (custom)
2023-09-07 20:27:22,210 [main] INFO  server.GrpcService (ConfUtils.java:logGet(46)) - raft.grpc.flow.control.window = 5MB (=5242880) (custom)
2023-09-07 20:27:22,210 [main] INFO  server.RaftServerConfigKeys (ConfUtils.java:logGet(46)) - raft.server.rpc.request.timeout = 60s (custom)
2023-09-07 20:27:22,211 [main] INFO  grpc.GrpcConfigKeys (ConfUtils.java:logGet(46)) - raft.grpc.server.heartbeat.channel = true (default)
2023-09-07 20:27:22,211 [main] INFO  grpc.GrpcConfigKeys (ConfUtils.java:logGet(46)) - raft.grpc.server.async.request.thread.pool.cached = true (default)
2023-09-07 20:27:22,211 [main] INFO  grpc.GrpcConfigKeys (ConfUtils.java:logGet(46)) - raft.grpc.server.async.request.thread.pool.size = 32 (default)
2023-09-07 20:27:22,214 [main] INFO  impl.DataStreamServerImpl (ConfUtils.java:logGet(46)) - raft.datastream.type = NETTY (custom)
2023-09-07 20:27:22,215 [main] INFO  server.RaftServerConfigKeys (ConfUtils.java:logGet(46)) - raft.server.data-stream.async.request.thread.pool.cached = false (default)
2023-09-07 20:27:22,215 [main] INFO  server.RaftServerConfigKeys (ConfUtils.java:logGet(46)) - raft.server.data-stream.async.request.thread.pool.size = 20 (custom)
2023-09-07 20:27:22,215 [main] INFO  server.RaftServerConfigKeys (ConfUtils.java:logGet(46)) - raft.server.data-stream.async.write.thread.pool.size = 16 (default)
2023-09-07 20:27:22,215 [main] INFO  server.RaftServerConfigKeys (ConfUtils.java:logGet(46)) - raft.server.data-stream.client.pool.size = 10 (default)
2023-09-07 20:27:22,215 [main] INFO  netty.NettyConfigKeys$DataStream (ConfUtils.java:logGet(46)) - raft.netty.dataStream.server.use-epoll = false (default)
2023-09-07 20:27:22,216 [main] INFO  netty.NettyConfigKeys$DataStream (ConfUtils.java:logGet(46)) - raft.netty.dataStream.server.boss-group.size = 0 (default)
2023-09-07 20:27:22,216 [main] INFO  netty.NettyConfigKeys$DataStream (ConfUtils.java:logGet(46)) - raft.netty.dataStream.server.worker-group.size = 0 (default)
2023-09-07 20:27:22,217 [main] INFO  netty.NettyConfigKeys$DataStream (ConfUtils.java:logGet(46)) - raft.netty.dataStream.server.tls.conf = null (default)
2023-09-07 20:27:22,217 [main] INFO  netty.NettyConfigKeys$DataStream (ConfUtils.java:logGet(46)) - raft.netty.dataStream.host = null (default)
2023-09-07 20:27:22,217 [main] INFO  netty.NettyConfigKeys$DataStream (ConfUtils.java:logGet(46)) - raft.netty.dataStream.port = 15033 (custom)
2023-09-07 20:27:22,218 [main] INFO  server.RaftServerConfigKeys (ConfUtils.java:logGet(46)) - raft.server.threadpool.proxy.cached = true (default)
2023-09-07 20:27:22,218 [main] INFO  server.RaftServerConfigKeys (ConfUtils.java:logGet(46)) - raft.server.threadpool.proxy.size = 0 (default)
2023-09-07 20:27:22,218 [main] INFO  server.RaftServerConfigKeys (ConfUtils.java:logGet(46)) - raft.server.rpc.slowness.timeout = 300s (custom)
2023-09-07 20:27:22,219 [main] INFO  server.RaftServerConfigKeys (ConfUtils.java:logGet(46)) - raft.server.leaderelection.leader.step-down.wait-time = 10s (default)
2023-09-07 20:27:22,219 [main] INFO  server.RaftServerConfigKeys (ConfUtils.java:logGet(46)) - raft.server.storage.dir = [/home/runner/work/ozone/ozone/hadoop-ozone/integration-test/target/test-dir/MiniOzoneClusterImpl-4ce661d8-ac2f-48de-9281-714c9e7643bd/datanode-2/data/ratis] (custom)
2023-09-07 20:27:22,223 [d960e1ec-e2de-43a1-b7f8-937811771cc3-impl-thread1] INFO  server.RaftServer (RaftServerProxy.java:initGroupDir(258)) - d960e1ec-e2de-43a1-b7f8-937811771cc3: found a subdirectory /home/runner/work/ozone/ozone/hadoop-ozone/integration-test/target/test-dir/MiniOzoneClusterImpl-4ce661d8-ac2f-48de-9281-714c9e7643bd/datanode-2/data/ratis/tmp
2023-09-07 20:27:22,223 [d960e1ec-e2de-43a1-b7f8-937811771cc3-impl-thread1] INFO  server.RaftServer (RaftServerProxy.java:initGroupDir(263)) - d960e1ec-e2de-43a1-b7f8-937811771cc3: The directory /home/runner/work/ozone/ozone/hadoop-ozone/integration-test/target/test-dir/MiniOzoneClusterImpl-4ce661d8-ac2f-48de-9281-714c9e7643bd/datanode-2/data/ratis/tmp is not a group directory; ignoring it. 
2023-09-07 20:27:22,224 [d960e1ec-e2de-43a1-b7f8-937811771cc3-NettyServerStreamRpc-bossGroup--thread1] INFO  logging.LoggingHandler (AbstractInternalLogger.java:log(148)) - [id: 0x28b14a75] REGISTERED
2023-09-07 20:27:22,224 [d960e1ec-e2de-43a1-b7f8-937811771cc3-NettyServerStreamRpc-bossGroup--thread1] INFO  logging.LoggingHandler (AbstractInternalLogger.java:log(148)) - [id: 0x28b14a75] BIND: 0.0.0.0/0.0.0.0:15033
2023-09-07 20:27:22,224 [d960e1ec-e2de-43a1-b7f8-937811771cc3-NettyServerStreamRpc-bossGroup--thread1] INFO  logging.LoggingHandler (AbstractInternalLogger.java:log(148)) - [id: 0x28b14a75, L:/0:0:0:0:0:0:0:0:15033] ACTIVE
2023-09-07 20:27:22,225 [main] INFO  replication.ReplicationServer (ReplicationServer.java:<init>(81)) - Initializing replication server with thread count = 10
2023-09-07 20:27:22,227 [main] INFO  server.XceiverServerGrpc (XceiverServerGrpc.java:<init>(132)) - GrpcServer channel type EpollServerSocketChannel
2023-09-07 20:27:22,230 [main] INFO  replication.ReplicationSupervisor (ReplicationSupervisor.java:build(155)) - Initializing replication supervisor with thread count = 10
2023-09-07 20:27:22,230 [main] INFO  replication.ReplicationSupervisor (ReplicationSupervisor.java:nodeStateUpdated(307)) - Node state updated to IN_SERVICE, scaling executor pool size to 10
2023-09-07 20:27:22,234 [main] INFO  http.BaseHttpServer (BaseHttpServer.java:newHttpServer2BuilderForOzone(223)) - Starting Web-server for hddsDatanode at: http://0.0.0.0:15027
2023-09-07 20:27:22,234 [main] INFO  http.BaseHttpServer (BaseHttpServer.java:<init>(110)) - Hadoop Security Enabled: false Ozone Security Enabled: false Ozone HTTP Security Enabled: false 
2023-09-07 20:27:22,236 [main] WARN  server.AuthenticationFilter (AuthenticationFilter.java:constructSecretProvider(240)) - Unable to initialize FileSignerSecretProvider, falling back to use random secrets. Reason: Could not read signature secret file: /home/runner/hadoop-http-auth-signature-secret
2023-09-07 20:27:22,237 [main] INFO  http.HttpRequestLog (HttpRequestLog.java:getRequestLog(86)) - Http request log for http.requests.hddsDatanode is not defined
2023-09-07 20:27:22,239 [main] INFO  http.HttpServer2 (HttpServer2.java:addGlobalFilter(1031)) - Added global filter 'safety' (class=org.apache.hadoop.hdds.server.http.HttpServer2$QuotingInputFilter)
2023-09-07 20:27:22,240 [main] INFO  http.HttpServer2 (HttpServer2.java:addFilter(1007)) - Added filter static_user_filter (class=org.apache.hadoop.http.lib.StaticUserWebFilter$StaticUserFilter) to context hddsDatanode
2023-09-07 20:27:22,240 [main] INFO  http.HttpServer2 (HttpServer2.java:addFilter(1015)) - Added filter static_user_filter (class=org.apache.hadoop.http.lib.StaticUserWebFilter$StaticUserFilter) to context logs
2023-09-07 20:27:22,240 [main] INFO  http.HttpServer2 (HttpServer2.java:addFilter(1015)) - Added filter static_user_filter (class=org.apache.hadoop.http.lib.StaticUserWebFilter$StaticUserFilter) to context static
2023-09-07 20:27:22,242 [main] INFO  http.BaseHttpServer (BaseHttpServer.java:<init>(189)) - HTTP server of hddsDatanode uses base directory /home/runner/work/ozone/ozone/hadoop-ozone/integration-test/target/test-dir/MiniOzoneClusterImpl-4ce661d8-ac2f-48de-9281-714c9e7643bd/datanode-2/meta/webserver
2023-09-07 20:27:22,242 [main] INFO  http.HttpServer2 (HttpServer2.java:bindListener(1231)) - Jetty bound to port 15027
2023-09-07 20:27:22,242 [main] INFO  server.Server (Server.java:doStart(375)) - jetty-9.4.51.v20230217; built: 2023-02-17T08:19:37.309Z; git: b45c405e4544384de066f814ed42ae3dceacdd49; jvm 1.8.0_382-b05
2023-09-07 20:27:22,255 [main] INFO  server.session (DefaultSessionIdManager.java:doStart(334)) - DefaultSessionIdManager workerName=node0
2023-09-07 20:27:22,256 [main] INFO  server.session (DefaultSessionIdManager.java:doStart(339)) - No SessionScavenger set, using defaults
2023-09-07 20:27:22,256 [main] INFO  server.session (HouseKeeper.java:startScavenging(132)) - node0 Scavenging every 660000ms
2023-09-07 20:27:22,259 [main] INFO  handler.ContextHandler (ContextHandler.java:doStart(921)) - Started o.e.j.s.ServletContextHandler@3e0391a3{logs,/logs,file:///home/runner/work/ozone/ozone/hadoop-ozone/integration-test/target/log,AVAILABLE}
2023-09-07 20:27:22,260 [main] INFO  handler.ContextHandler (ContextHandler.java:doStart(921)) - Started o.e.j.s.ServletContextHandler@67534eeb{static,/static,jar:file:/home/runner/.m2/repository/org/apache/ozone/hdds-container-service/1.4.0-SNAPSHOT/hdds-container-service-1.4.0-SNAPSHOT.jar!/webapps/static,AVAILABLE}
2023-09-07 20:27:22,517 [main] INFO  handler.ContextHandler (ContextHandler.java:doStart(921)) - Started o.e.j.w.WebAppContext@14f57d5a{hddsDatanode,/,file:///home/runner/work/ozone/ozone/hadoop-ozone/integration-test/target/test-dir/MiniOzoneClusterImpl-4ce661d8-ac2f-48de-9281-714c9e7643bd/datanode-2/meta/webserver/jetty-0_0_0_0-15027-hdds-container-service-1_4_0-SNAPSHOT_jar-_-any-2824294626062821728/webapp/,AVAILABLE}{jar:file:/home/runner/.m2/repository/org/apache/ozone/hdds-container-service/1.4.0-SNAPSHOT/hdds-container-service-1.4.0-SNAPSHOT.jar!/webapps/hddsDatanode}
2023-09-07 20:27:22,519 [main] INFO  server.AbstractConnector (AbstractConnector.java:doStart(333)) - Started ServerConnector@2bad9fbb{HTTP/1.1, (http/1.1)}{0.0.0.0:15027}
2023-09-07 20:27:22,519 [main] INFO  server.Server (Server.java:doStart(415)) - Started @13593ms
2023-09-07 20:27:22,519 [main] WARN  impl.MetricsSystemImpl (MetricsSystemImpl.java:register(279)) - Sink prometheus already exists!
2023-09-07 20:27:22,520 [main] INFO  http.BaseHttpServer (BaseHttpServer.java:updateConnectorAddress(354)) - HTTP server of hddsDatanode listening at http://0.0.0.0:15027
2023-09-07 20:27:22,520 [main] INFO  ipc.CallQueueManager (CallQueueManager.java:<init>(90)) - Using callQueue: class java.util.concurrent.LinkedBlockingQueue, queueCapacity: 100, scheduler: class org.apache.hadoop.ipc.DefaultRpcScheduler, ipcBackoff: false.
2023-09-07 20:27:22,521 [main] INFO  ipc.Server (Server.java:<init>(1287)) - Listener at 0.0.0.0:15028
2023-09-07 20:27:22,521 [Socket Reader #1 for port 15028] INFO  ipc.Server (Server.java:run(1323)) - Starting Socket Reader #1 for port 15028
2023-09-07 20:27:22,528 [main] INFO  ozone.HddsDatanodeService (HddsDatanodeService.java:start(315)) - Datanode start with admins: [runner]
2023-09-07 20:27:22,528 [main] INFO  ozone.HddsDatanodeClientProtocolServer (HddsDatanodeClientProtocolServer.java:start(72)) - RPC server for Client /0.0.0.0:15028
2023-09-07 20:27:22,529 [IPC Server listener on 15028] INFO  ipc.Server (Server.java:run(1402)) - IPC Server listener on 15028: starting
2023-09-07 20:27:22,529 [IPC Server Responder] INFO  ipc.Server (Server.java:run(1562)) - IPC Server Responder: starting
2023-09-07 20:27:22,530 [main] WARN  impl.MetricRegistriesImpl (MetricRegistriesImpl.java:addReporterRegistration(111)) - New reporters are added after registries were created. Some metrics will be missing from the reporter. Please add reporter before adding any new registry.
2023-09-07 20:27:22,529 [Datanode State Machine Daemon Thread] INFO  statemachine.DatanodeStateMachine (DatanodeStateMachine.java:lambda$startDaemon$0(538)) - Ozone container server started.
2023-09-07 20:27:22,532 [main] WARN  impl.MetricRegistriesImpl (MetricRegistriesImpl.java:addReporterRegistration(111)) - New reporters are added after registries were created. Some metrics will be missing from the reporter. Please add reporter before adding any new registry.
2023-09-07 20:27:22,533 [main] INFO  impl.MetricsSystemImpl (MetricsSystemImpl.java:init(158)) - HddsDatanode metrics system started (again)
2023-09-07 20:27:22,562 [main] INFO  ozone.HddsDatanodeService (HddsDatanodeService.java:start(237)) - HddsDatanodeService host:fv-az259-394.nxnqhby4qkoexpon2s1bx5vqxg.dx.internal.cloudapp.net ip:10.1.0.11
2023-09-07 20:27:22,564 [Datanode State Machine Task Thread - 0] INFO  datanode.InitDatanodeState (InitDatanodeState.java:persistContainerDatanodeDetails(138)) - DatanodeDetails is persisted to /home/runner/work/ozone/ozone/hadoop-ozone/integration-test/target/test-dir/MiniOzoneClusterImpl-4ce661d8-ac2f-48de-9281-714c9e7643bd/datanode-2/meta/datanode.id
2023-09-07 20:27:22,600 [main] INFO  upgrade.AbstractLayoutVersionManager (AbstractLayoutVersionManager.java:init(83)) - Initializing Layout version manager with metadata layout = HADOOP_PRC_PORTS_IN_DATANODEDETAILS (version = 7), software layout = HADOOP_PRC_PORTS_IN_DATANODEDETAILS (version = 7)
2023-09-07 20:27:22,601 [main] INFO  statemachine.DatanodeStateMachine (DatanodeStateMachine.java:getEndPointTaskThreadPoolSize(282)) - Datanode State Machine Task Thread Pool size 2
2023-09-07 20:27:22,609 [main] INFO  volume.HddsVolume (HddsVolume.java:<init>(126)) - Creating HddsVolume: /home/runner/work/ozone/ozone/hadoop-ozone/integration-test/target/test-dir/MiniOzoneClusterImpl-4ce661d8-ac2f-48de-9281-714c9e7643bd/datanode-3/data-0/containers/hdds of storage type : DISK capacity : 9223372036854775807
2023-09-07 20:27:22,609 [main] INFO  volume.MutableVolumeSet (MutableVolumeSet.java:initializeVolumeSet(173)) - Added Volume : /home/runner/work/ozone/ozone/hadoop-ozone/integration-test/target/test-dir/MiniOzoneClusterImpl-4ce661d8-ac2f-48de-9281-714c9e7643bd/datanode-3/data-0/containers/hdds to VolumeSet
2023-09-07 20:27:22,611 [main] INFO  volume.MutableVolumeSet (MutableVolumeSet.java:initializeVolumeSet(173)) - Added Volume : /home/runner/work/ozone/ozone/hadoop-ozone/integration-test/target/test-dir/MiniOzoneClusterImpl-4ce661d8-ac2f-48de-9281-714c9e7643bd/datanode-3/data/ratis to VolumeSet
2023-09-07 20:27:22,611 [Thread-193] INFO  ozoneimpl.ContainerReader (ContainerReader.java:readVolume(177)) - Finish verifying containers on volume /home/runner/work/ozone/ozone/hadoop-ozone/integration-test/target/test-dir/MiniOzoneClusterImpl-4ce661d8-ac2f-48de-9281-714c9e7643bd/datanode-3/data-0/containers/hdds
2023-09-07 20:27:22,612 [main] INFO  ozoneimpl.OzoneContainer (OzoneContainer.java:buildContainerSet(314)) - Build ContainerSet costs 0s
2023-09-07 20:27:22,616 [main] INFO  server.RaftServer (ConfUtils.java:logGet(46)) - raft.rpc.type = GRPC (default)
2023-09-07 20:27:22,616 [main] INFO  grpc.GrpcConfigKeys (ConfUtils.java:logFallback(53)) - raft.grpc.admin.host = null (fallback to raft.grpc.server.host)
2023-09-07 20:27:22,616 [main] INFO  grpc.GrpcConfigKeys (ConfUtils.java:logGet(46)) - raft.grpc.admin.port = 15040 (custom)
2023-09-07 20:27:22,616 [main] INFO  grpc.GrpcConfigKeys (ConfUtils.java:logFallback(53)) - raft.grpc.client.host = null (fallback to raft.grpc.server.host)
2023-09-07 20:27:22,617 [main] INFO  grpc.GrpcConfigKeys (ConfUtils.java:logGet(46)) - raft.grpc.client.port = 15039 (custom)
2023-09-07 20:27:22,617 [main] INFO  grpc.GrpcConfigKeys (ConfUtils.java:logGet(46)) - raft.grpc.server.host = null (default)
2023-09-07 20:27:22,617 [main] INFO  grpc.GrpcConfigKeys (ConfUtils.java:logGet(46)) - raft.grpc.server.port = 15041 (custom)
2023-09-07 20:27:22,617 [main] INFO  server.GrpcService (ConfUtils.java:logGet(46)) - raft.grpc.message.size.max = 32MB (=33554432) (custom)
2023-09-07 20:27:22,617 [main] INFO  server.RaftServerConfigKeys (ConfUtils.java:logGet(46)) - raft.server.log.appender.buffer.byte-limit = 33554432 (custom)
2023-09-07 20:27:22,617 [main] INFO  server.GrpcService (ConfUtils.java:logGet(46)) - raft.grpc.flow.control.window = 5MB (=5242880) (custom)
2023-09-07 20:27:22,618 [main] INFO  server.RaftServerConfigKeys (ConfUtils.java:logGet(46)) - raft.server.rpc.request.timeout = 60s (custom)
2023-09-07 20:27:22,618 [main] INFO  grpc.GrpcConfigKeys (ConfUtils.java:logGet(46)) - raft.grpc.server.heartbeat.channel = true (default)
2023-09-07 20:27:22,618 [main] INFO  grpc.GrpcConfigKeys (ConfUtils.java:logGet(46)) - raft.grpc.server.async.request.thread.pool.cached = true (default)
2023-09-07 20:27:22,618 [main] INFO  grpc.GrpcConfigKeys (ConfUtils.java:logGet(46)) - raft.grpc.server.async.request.thread.pool.size = 32 (default)
2023-09-07 20:27:22,622 [main] INFO  impl.DataStreamServerImpl (ConfUtils.java:logGet(46)) - raft.datastream.type = NETTY (custom)
2023-09-07 20:27:22,622 [main] INFO  server.RaftServerConfigKeys (ConfUtils.java:logGet(46)) - raft.server.data-stream.async.request.thread.pool.cached = false (default)
2023-09-07 20:27:22,623 [main] INFO  server.RaftServerConfigKeys (ConfUtils.java:logGet(46)) - raft.server.data-stream.async.request.thread.pool.size = 20 (custom)
2023-09-07 20:27:22,623 [main] INFO  server.RaftServerConfigKeys (ConfUtils.java:logGet(46)) - raft.server.data-stream.async.write.thread.pool.size = 16 (default)
2023-09-07 20:27:22,623 [main] INFO  server.RaftServerConfigKeys (ConfUtils.java:logGet(46)) - raft.server.data-stream.client.pool.size = 10 (default)
2023-09-07 20:27:22,623 [main] INFO  netty.NettyConfigKeys$DataStream (ConfUtils.java:logGet(46)) - raft.netty.dataStream.server.use-epoll = false (default)
2023-09-07 20:27:22,623 [main] INFO  netty.NettyConfigKeys$DataStream (ConfUtils.java:logGet(46)) - raft.netty.dataStream.server.boss-group.size = 0 (default)
2023-09-07 20:27:22,624 [main] INFO  netty.NettyConfigKeys$DataStream (ConfUtils.java:logGet(46)) - raft.netty.dataStream.server.worker-group.size = 0 (default)
2023-09-07 20:27:22,624 [main] INFO  netty.NettyConfigKeys$DataStream (ConfUtils.java:logGet(46)) - raft.netty.dataStream.server.tls.conf = null (default)
2023-09-07 20:27:22,625 [main] INFO  netty.NettyConfigKeys$DataStream (ConfUtils.java:logGet(46)) - raft.netty.dataStream.host = null (default)
2023-09-07 20:27:22,625 [main] INFO  netty.NettyConfigKeys$DataStream (ConfUtils.java:logGet(46)) - raft.netty.dataStream.port = 15042 (custom)
2023-09-07 20:27:22,627 [main] INFO  server.RaftServerConfigKeys (ConfUtils.java:logGet(46)) - raft.server.threadpool.proxy.cached = true (default)
2023-09-07 20:27:22,627 [main] INFO  server.RaftServerConfigKeys (ConfUtils.java:logGet(46)) - raft.server.threadpool.proxy.size = 0 (default)
2023-09-07 20:27:22,628 [main] INFO  server.RaftServerConfigKeys (ConfUtils.java:logGet(46)) - raft.server.rpc.slowness.timeout = 300s (custom)
2023-09-07 20:27:22,628 [main] INFO  server.RaftServerConfigKeys (ConfUtils.java:logGet(46)) - raft.server.leaderelection.leader.step-down.wait-time = 10s (default)
2023-09-07 20:27:22,628 [main] INFO  server.RaftServerConfigKeys (ConfUtils.java:logGet(46)) - raft.server.storage.dir = [/home/runner/work/ozone/ozone/hadoop-ozone/integration-test/target/test-dir/MiniOzoneClusterImpl-4ce661d8-ac2f-48de-9281-714c9e7643bd/datanode-3/data/ratis] (custom)
2023-09-07 20:27:22,633 [5f055d78-845e-4650-aea7-51f979d0aed9-NettyServerStreamRpc-bossGroup--thread1] INFO  logging.LoggingHandler (AbstractInternalLogger.java:log(148)) - [id: 0x5e53ea9e] REGISTERED
2023-09-07 20:27:22,633 [5f055d78-845e-4650-aea7-51f979d0aed9-NettyServerStreamRpc-bossGroup--thread1] INFO  logging.LoggingHandler (AbstractInternalLogger.java:log(148)) - [id: 0x5e53ea9e] BIND: 0.0.0.0/0.0.0.0:15042
2023-09-07 20:27:22,633 [5f055d78-845e-4650-aea7-51f979d0aed9-NettyServerStreamRpc-bossGroup--thread1] INFO  logging.LoggingHandler (AbstractInternalLogger.java:log(148)) - [id: 0x5e53ea9e, L:/0:0:0:0:0:0:0:0:15042] ACTIVE
2023-09-07 20:27:22,634 [5f055d78-845e-4650-aea7-51f979d0aed9-impl-thread1] INFO  server.RaftServer (RaftServerProxy.java:initGroupDir(258)) - 5f055d78-845e-4650-aea7-51f979d0aed9: found a subdirectory /home/runner/work/ozone/ozone/hadoop-ozone/integration-test/target/test-dir/MiniOzoneClusterImpl-4ce661d8-ac2f-48de-9281-714c9e7643bd/datanode-3/data/ratis/tmp
2023-09-07 20:27:22,634 [5f055d78-845e-4650-aea7-51f979d0aed9-impl-thread1] INFO  server.RaftServer (RaftServerProxy.java:initGroupDir(263)) - 5f055d78-845e-4650-aea7-51f979d0aed9: The directory /home/runner/work/ozone/ozone/hadoop-ozone/integration-test/target/test-dir/MiniOzoneClusterImpl-4ce661d8-ac2f-48de-9281-714c9e7643bd/datanode-3/data/ratis/tmp is not a group directory; ignoring it. 
2023-09-07 20:27:22,634 [main] INFO  replication.ReplicationServer (ReplicationServer.java:<init>(81)) - Initializing replication server with thread count = 10
2023-09-07 20:27:22,639 [main] INFO  server.XceiverServerGrpc (XceiverServerGrpc.java:<init>(132)) - GrpcServer channel type EpollServerSocketChannel
2023-09-07 20:27:22,643 [main] INFO  replication.ReplicationSupervisor (ReplicationSupervisor.java:build(155)) - Initializing replication supervisor with thread count = 10
2023-09-07 20:27:22,643 [main] INFO  replication.ReplicationSupervisor (ReplicationSupervisor.java:nodeStateUpdated(307)) - Node state updated to IN_SERVICE, scaling executor pool size to 10
2023-09-07 20:27:22,654 [main] INFO  http.BaseHttpServer (BaseHttpServer.java:newHttpServer2BuilderForOzone(223)) - Starting Web-server for hddsDatanode at: http://0.0.0.0:15036
2023-09-07 20:27:22,655 [main] INFO  http.BaseHttpServer (BaseHttpServer.java:<init>(110)) - Hadoop Security Enabled: false Ozone Security Enabled: false Ozone HTTP Security Enabled: false 
2023-09-07 20:27:22,658 [main] WARN  server.AuthenticationFilter (AuthenticationFilter.java:constructSecretProvider(240)) - Unable to initialize FileSignerSecretProvider, falling back to use random secrets. Reason: Could not read signature secret file: /home/runner/hadoop-http-auth-signature-secret
2023-09-07 20:27:22,661 [main] INFO  http.HttpRequestLog (HttpRequestLog.java:getRequestLog(86)) - Http request log for http.requests.hddsDatanode is not defined
2023-09-07 20:27:22,664 [main] INFO  http.HttpServer2 (HttpServer2.java:addGlobalFilter(1031)) - Added global filter 'safety' (class=org.apache.hadoop.hdds.server.http.HttpServer2$QuotingInputFilter)
2023-09-07 20:27:22,666 [main] INFO  http.HttpServer2 (HttpServer2.java:addFilter(1007)) - Added filter static_user_filter (class=org.apache.hadoop.http.lib.StaticUserWebFilter$StaticUserFilter) to context hddsDatanode
2023-09-07 20:27:22,666 [main] INFO  http.HttpServer2 (HttpServer2.java:addFilter(1015)) - Added filter static_user_filter (class=org.apache.hadoop.http.lib.StaticUserWebFilter$StaticUserFilter) to context logs
2023-09-07 20:27:22,667 [main] INFO  http.HttpServer2 (HttpServer2.java:addFilter(1015)) - Added filter static_user_filter (class=org.apache.hadoop.http.lib.StaticUserWebFilter$StaticUserFilter) to context static
2023-09-07 20:27:22,669 [main] INFO  http.BaseHttpServer (BaseHttpServer.java:<init>(189)) - HTTP server of hddsDatanode uses base directory /home/runner/work/ozone/ozone/hadoop-ozone/integration-test/target/test-dir/MiniOzoneClusterImpl-4ce661d8-ac2f-48de-9281-714c9e7643bd/datanode-3/meta/webserver
2023-09-07 20:27:22,670 [main] INFO  http.HttpServer2 (HttpServer2.java:bindListener(1231)) - Jetty bound to port 15036
2023-09-07 20:27:22,670 [main] INFO  server.Server (Server.java:doStart(375)) - jetty-9.4.51.v20230217; built: 2023-02-17T08:19:37.309Z; git: b45c405e4544384de066f814ed42ae3dceacdd49; jvm 1.8.0_382-b05
2023-09-07 20:27:22,685 [main] INFO  server.session (DefaultSessionIdManager.java:doStart(334)) - DefaultSessionIdManager workerName=node0
2023-09-07 20:27:22,685 [main] INFO  server.session (DefaultSessionIdManager.java:doStart(339)) - No SessionScavenger set, using defaults
2023-09-07 20:27:22,685 [main] INFO  server.session (HouseKeeper.java:startScavenging(132)) - node0 Scavenging every 600000ms
2023-09-07 20:27:22,686 [main] INFO  handler.ContextHandler (ContextHandler.java:doStart(921)) - Started o.e.j.s.ServletContextHandler@1bec36ee{logs,/logs,file:///home/runner/work/ozone/ozone/hadoop-ozone/integration-test/target/log,AVAILABLE}
2023-09-07 20:27:22,688 [main] INFO  handler.ContextHandler (ContextHandler.java:doStart(921)) - Started o.e.j.s.ServletContextHandler@16d05123{static,/static,jar:file:/home/runner/.m2/repository/org/apache/ozone/hdds-container-service/1.4.0-SNAPSHOT/hdds-container-service-1.4.0-SNAPSHOT.jar!/webapps/static,AVAILABLE}
2023-09-07 20:27:22,948 [main] INFO  handler.ContextHandler (ContextHandler.java:doStart(921)) - Started o.e.j.w.WebAppContext@2a4b9aa0{hddsDatanode,/,file:///home/runner/work/ozone/ozone/hadoop-ozone/integration-test/target/test-dir/MiniOzoneClusterImpl-4ce661d8-ac2f-48de-9281-714c9e7643bd/datanode-3/meta/webserver/jetty-0_0_0_0-15036-hdds-container-service-1_4_0-SNAPSHOT_jar-_-any-4094295964638927846/webapp/,AVAILABLE}{jar:file:/home/runner/.m2/repository/org/apache/ozone/hdds-container-service/1.4.0-SNAPSHOT/hdds-container-service-1.4.0-SNAPSHOT.jar!/webapps/hddsDatanode}
2023-09-07 20:27:22,951 [main] INFO  server.AbstractConnector (AbstractConnector.java:doStart(333)) - Started ServerConnector@79cf42f2{HTTP/1.1, (http/1.1)}{0.0.0.0:15036}
2023-09-07 20:27:22,951 [main] INFO  server.Server (Server.java:doStart(415)) - Started @14025ms
2023-09-07 20:27:22,951 [main] WARN  impl.MetricsSystemImpl (MetricsSystemImpl.java:register(279)) - Sink prometheus already exists!
2023-09-07 20:27:22,952 [main] INFO  http.BaseHttpServer (BaseHttpServer.java:updateConnectorAddress(354)) - HTTP server of hddsDatanode listening at http://0.0.0.0:15036
2023-09-07 20:27:22,953 [main] INFO  ipc.CallQueueManager (CallQueueManager.java:<init>(90)) - Using callQueue: class java.util.concurrent.LinkedBlockingQueue, queueCapacity: 100, scheduler: class org.apache.hadoop.ipc.DefaultRpcScheduler, ipcBackoff: false.
2023-09-07 20:27:22,953 [main] INFO  ipc.Server (Server.java:<init>(1287)) - Listener at 0.0.0.0:15037
2023-09-07 20:27:22,957 [Socket Reader #1 for port 15037] INFO  ipc.Server (Server.java:run(1323)) - Starting Socket Reader #1 for port 15037
2023-09-07 20:27:22,960 [main] INFO  ozone.HddsDatanodeService (HddsDatanodeService.java:start(315)) - Datanode start with admins: [runner]
2023-09-07 20:27:22,961 [main] INFO  ozone.HddsDatanodeClientProtocolServer (HddsDatanodeClientProtocolServer.java:start(72)) - RPC server for Client /0.0.0.0:15037
2023-09-07 20:27:22,961 [IPC Server Responder] INFO  ipc.Server (Server.java:run(1562)) - IPC Server Responder: starting
2023-09-07 20:27:22,968 [IPC Server listener on 15037] INFO  ipc.Server (Server.java:run(1402)) - IPC Server listener on 15037: starting
2023-09-07 20:27:22,969 [main] WARN  impl.MetricRegistriesImpl (MetricRegistriesImpl.java:addReporterRegistration(111)) - New reporters are added after registries were created. Some metrics will be missing from the reporter. Please add reporter before adding any new registry.
2023-09-07 20:27:22,969 [main] WARN  impl.MetricRegistriesImpl (MetricRegistriesImpl.java:addReporterRegistration(111)) - New reporters are added after registries were created. Some metrics will be missing from the reporter. Please add reporter before adding any new registry.
2023-09-07 20:27:22,969 [main] INFO  impl.MetricsSystemImpl (MetricsSystemImpl.java:init(158)) - HddsDatanode metrics system started (again)
2023-09-07 20:27:22,968 [Datanode State Machine Daemon Thread] INFO  statemachine.DatanodeStateMachine (DatanodeStateMachine.java:lambda$startDaemon$0(538)) - Ozone container server started.
2023-09-07 20:27:22,997 [main] INFO  ozone.HddsDatanodeService (HddsDatanodeService.java:start(237)) - HddsDatanodeService host:fv-az259-394.nxnqhby4qkoexpon2s1bx5vqxg.dx.internal.cloudapp.net ip:10.1.0.11
2023-09-07 20:27:23,007 [Datanode State Machine Task Thread - 0] INFO  datanode.InitDatanodeState (InitDatanodeState.java:persistContainerDatanodeDetails(138)) - DatanodeDetails is persisted to /home/runner/work/ozone/ozone/hadoop-ozone/integration-test/target/test-dir/MiniOzoneClusterImpl-4ce661d8-ac2f-48de-9281-714c9e7643bd/datanode-3/meta/datanode.id
2023-09-07 20:27:23,044 [main] INFO  upgrade.AbstractLayoutVersionManager (AbstractLayoutVersionManager.java:init(83)) - Initializing Layout version manager with metadata layout = HADOOP_PRC_PORTS_IN_DATANODEDETAILS (version = 7), software layout = HADOOP_PRC_PORTS_IN_DATANODEDETAILS (version = 7)
2023-09-07 20:27:23,045 [main] INFO  statemachine.DatanodeStateMachine (DatanodeStateMachine.java:getEndPointTaskThreadPoolSize(282)) - Datanode State Machine Task Thread Pool size 2
2023-09-07 20:27:23,049 [main] INFO  volume.HddsVolume (HddsVolume.java:<init>(126)) - Creating HddsVolume: /home/runner/work/ozone/ozone/hadoop-ozone/integration-test/target/test-dir/MiniOzoneClusterImpl-4ce661d8-ac2f-48de-9281-714c9e7643bd/datanode-4/data-0/containers/hdds of storage type : DISK capacity : 9223372036854775807
2023-09-07 20:27:23,049 [main] INFO  volume.MutableVolumeSet (MutableVolumeSet.java:initializeVolumeSet(173)) - Added Volume : /home/runner/work/ozone/ozone/hadoop-ozone/integration-test/target/test-dir/MiniOzoneClusterImpl-4ce661d8-ac2f-48de-9281-714c9e7643bd/datanode-4/data-0/containers/hdds to VolumeSet
2023-09-07 20:27:23,050 [main] INFO  volume.MutableVolumeSet (MutableVolumeSet.java:initializeVolumeSet(173)) - Added Volume : /home/runner/work/ozone/ozone/hadoop-ozone/integration-test/target/test-dir/MiniOzoneClusterImpl-4ce661d8-ac2f-48de-9281-714c9e7643bd/datanode-4/data/ratis to VolumeSet
2023-09-07 20:27:23,053 [Thread-210] INFO  ozoneimpl.ContainerReader (ContainerReader.java:readVolume(177)) - Finish verifying containers on volume /home/runner/work/ozone/ozone/hadoop-ozone/integration-test/target/test-dir/MiniOzoneClusterImpl-4ce661d8-ac2f-48de-9281-714c9e7643bd/datanode-4/data-0/containers/hdds
2023-09-07 20:27:23,053 [main] INFO  ozoneimpl.OzoneContainer (OzoneContainer.java:buildContainerSet(314)) - Build ContainerSet costs 0s
2023-09-07 20:27:23,057 [main] INFO  server.RaftServer (ConfUtils.java:logGet(46)) - raft.rpc.type = GRPC (default)
2023-09-07 20:27:23,059 [main] INFO  grpc.GrpcConfigKeys (ConfUtils.java:logFallback(53)) - raft.grpc.admin.host = null (fallback to raft.grpc.server.host)
2023-09-07 20:27:23,059 [main] INFO  grpc.GrpcConfigKeys (ConfUtils.java:logGet(46)) - raft.grpc.admin.port = 15049 (custom)
2023-09-07 20:27:23,059 [main] INFO  grpc.GrpcConfigKeys (ConfUtils.java:logFallback(53)) - raft.grpc.client.host = null (fallback to raft.grpc.server.host)
2023-09-07 20:27:23,060 [main] INFO  grpc.GrpcConfigKeys (ConfUtils.java:logGet(46)) - raft.grpc.client.port = 15048 (custom)
2023-09-07 20:27:23,060 [main] INFO  grpc.GrpcConfigKeys (ConfUtils.java:logGet(46)) - raft.grpc.server.host = null (default)
2023-09-07 20:27:23,060 [main] INFO  grpc.GrpcConfigKeys (ConfUtils.java:logGet(46)) - raft.grpc.server.port = 15050 (custom)
2023-09-07 20:27:23,060 [main] INFO  server.GrpcService (ConfUtils.java:logGet(46)) - raft.grpc.message.size.max = 32MB (=33554432) (custom)
2023-09-07 20:27:23,061 [main] INFO  server.RaftServerConfigKeys (ConfUtils.java:logGet(46)) - raft.server.log.appender.buffer.byte-limit = 33554432 (custom)
2023-09-07 20:27:23,061 [main] INFO  server.GrpcService (ConfUtils.java:logGet(46)) - raft.grpc.flow.control.window = 5MB (=5242880) (custom)
2023-09-07 20:27:23,061 [main] INFO  server.RaftServerConfigKeys (ConfUtils.java:logGet(46)) - raft.server.rpc.request.timeout = 60s (custom)
2023-09-07 20:27:23,061 [main] INFO  grpc.GrpcConfigKeys (ConfUtils.java:logGet(46)) - raft.grpc.server.heartbeat.channel = true (default)
2023-09-07 20:27:23,061 [main] INFO  grpc.GrpcConfigKeys (ConfUtils.java:logGet(46)) - raft.grpc.server.async.request.thread.pool.cached = true (default)
2023-09-07 20:27:23,062 [main] INFO  grpc.GrpcConfigKeys (ConfUtils.java:logGet(46)) - raft.grpc.server.async.request.thread.pool.size = 32 (default)
2023-09-07 20:27:23,065 [main] INFO  impl.DataStreamServerImpl (ConfUtils.java:logGet(46)) - raft.datastream.type = NETTY (custom)
2023-09-07 20:27:23,066 [main] INFO  server.RaftServerConfigKeys (ConfUtils.java:logGet(46)) - raft.server.data-stream.async.request.thread.pool.cached = false (default)
2023-09-07 20:27:23,066 [main] INFO  server.RaftServerConfigKeys (ConfUtils.java:logGet(46)) - raft.server.data-stream.async.request.thread.pool.size = 20 (custom)
2023-09-07 20:27:23,066 [main] INFO  server.RaftServerConfigKeys (ConfUtils.java:logGet(46)) - raft.server.data-stream.async.write.thread.pool.size = 16 (default)
2023-09-07 20:27:23,066 [main] INFO  server.RaftServerConfigKeys (ConfUtils.java:logGet(46)) - raft.server.data-stream.client.pool.size = 10 (default)
2023-09-07 20:27:23,066 [main] INFO  netty.NettyConfigKeys$DataStream (ConfUtils.java:logGet(46)) - raft.netty.dataStream.server.use-epoll = false (default)
2023-09-07 20:27:23,067 [main] INFO  netty.NettyConfigKeys$DataStream (ConfUtils.java:logGet(46)) - raft.netty.dataStream.server.boss-group.size = 0 (default)
2023-09-07 20:27:23,067 [main] INFO  netty.NettyConfigKeys$DataStream (ConfUtils.java:logGet(46)) - raft.netty.dataStream.server.worker-group.size = 0 (default)
2023-09-07 20:27:23,068 [main] INFO  netty.NettyConfigKeys$DataStream (ConfUtils.java:logGet(46)) - raft.netty.dataStream.server.tls.conf = null (default)
2023-09-07 20:27:23,068 [main] INFO  netty.NettyConfigKeys$DataStream (ConfUtils.java:logGet(46)) - raft.netty.dataStream.host = null (default)
2023-09-07 20:27:23,068 [main] INFO  netty.NettyConfigKeys$DataStream (ConfUtils.java:logGet(46)) - raft.netty.dataStream.port = 15051 (custom)
2023-09-07 20:27:23,069 [main] INFO  server.RaftServerConfigKeys (ConfUtils.java:logGet(46)) - raft.server.threadpool.proxy.cached = true (default)
2023-09-07 20:27:23,069 [main] INFO  server.RaftServerConfigKeys (ConfUtils.java:logGet(46)) - raft.server.threadpool.proxy.size = 0 (default)
2023-09-07 20:27:23,069 [main] INFO  server.RaftServerConfigKeys (ConfUtils.java:logGet(46)) - raft.server.rpc.slowness.timeout = 300s (custom)
2023-09-07 20:27:23,069 [main] INFO  server.RaftServerConfigKeys (ConfUtils.java:logGet(46)) - raft.server.leaderelection.leader.step-down.wait-time = 10s (default)
2023-09-07 20:27:23,070 [main] INFO  server.RaftServerConfigKeys (ConfUtils.java:logGet(46)) - raft.server.storage.dir = [/home/runner/work/ozone/ozone/hadoop-ozone/integration-test/target/test-dir/MiniOzoneClusterImpl-4ce661d8-ac2f-48de-9281-714c9e7643bd/datanode-4/data/ratis] (custom)
2023-09-07 20:27:23,077 [4928b7b2-b158-4302-bddf-2efad1d6a915-impl-thread1] INFO  server.RaftServer (RaftServerProxy.java:initGroupDir(258)) - 4928b7b2-b158-4302-bddf-2efad1d6a915: found a subdirectory /home/runner/work/ozone/ozone/hadoop-ozone/integration-test/target/test-dir/MiniOzoneClusterImpl-4ce661d8-ac2f-48de-9281-714c9e7643bd/datanode-4/data/ratis/tmp
2023-09-07 20:27:23,077 [4928b7b2-b158-4302-bddf-2efad1d6a915-impl-thread1] INFO  server.RaftServer (RaftServerProxy.java:initGroupDir(263)) - 4928b7b2-b158-4302-bddf-2efad1d6a915: The directory /home/runner/work/ozone/ozone/hadoop-ozone/integration-test/target/test-dir/MiniOzoneClusterImpl-4ce661d8-ac2f-48de-9281-714c9e7643bd/datanode-4/data/ratis/tmp is not a group directory; ignoring it. 
2023-09-07 20:27:23,077 [4928b7b2-b158-4302-bddf-2efad1d6a915-NettyServerStreamRpc-bossGroup--thread1] INFO  logging.LoggingHandler (AbstractInternalLogger.java:log(148)) - [id: 0xd8adb661] REGISTERED
2023-09-07 20:27:23,077 [4928b7b2-b158-4302-bddf-2efad1d6a915-NettyServerStreamRpc-bossGroup--thread1] INFO  logging.LoggingHandler (AbstractInternalLogger.java:log(148)) - [id: 0xd8adb661] BIND: 0.0.0.0/0.0.0.0:15051
2023-09-07 20:27:23,079 [4928b7b2-b158-4302-bddf-2efad1d6a915-NettyServerStreamRpc-bossGroup--thread1] INFO  logging.LoggingHandler (AbstractInternalLogger.java:log(148)) - [id: 0xd8adb661, L:/0:0:0:0:0:0:0:0:15051] ACTIVE
2023-09-07 20:27:23,080 [main] INFO  replication.ReplicationServer (ReplicationServer.java:<init>(81)) - Initializing replication server with thread count = 10
2023-09-07 20:27:23,083 [main] INFO  server.XceiverServerGrpc (XceiverServerGrpc.java:<init>(132)) - GrpcServer channel type EpollServerSocketChannel
2023-09-07 20:27:23,087 [main] INFO  replication.ReplicationSupervisor (ReplicationSupervisor.java:build(155)) - Initializing replication supervisor with thread count = 10
2023-09-07 20:27:23,088 [main] INFO  replication.ReplicationSupervisor (ReplicationSupervisor.java:nodeStateUpdated(307)) - Node state updated to IN_SERVICE, scaling executor pool size to 10
2023-09-07 20:27:23,092 [main] INFO  http.BaseHttpServer (BaseHttpServer.java:newHttpServer2BuilderForOzone(223)) - Starting Web-server for hddsDatanode at: http://0.0.0.0:15045
2023-09-07 20:27:23,093 [main] INFO  http.BaseHttpServer (BaseHttpServer.java:<init>(110)) - Hadoop Security Enabled: false Ozone Security Enabled: false Ozone HTTP Security Enabled: false 
2023-09-07 20:27:23,095 [main] WARN  server.AuthenticationFilter (AuthenticationFilter.java:constructSecretProvider(240)) - Unable to initialize FileSignerSecretProvider, falling back to use random secrets. Reason: Could not read signature secret file: /home/runner/hadoop-http-auth-signature-secret
2023-09-07 20:27:23,096 [main] INFO  http.HttpRequestLog (HttpRequestLog.java:getRequestLog(86)) - Http request log for http.requests.hddsDatanode is not defined
2023-09-07 20:27:23,104 [main] INFO  http.HttpServer2 (HttpServer2.java:addGlobalFilter(1031)) - Added global filter 'safety' (class=org.apache.hadoop.hdds.server.http.HttpServer2$QuotingInputFilter)
2023-09-07 20:27:23,132 [main] INFO  http.HttpServer2 (HttpServer2.java:addFilter(1007)) - Added filter static_user_filter (class=org.apache.hadoop.http.lib.StaticUserWebFilter$StaticUserFilter) to context hddsDatanode
2023-09-07 20:27:23,133 [main] INFO  http.HttpServer2 (HttpServer2.java:addFilter(1015)) - Added filter static_user_filter (class=org.apache.hadoop.http.lib.StaticUserWebFilter$StaticUserFilter) to context static
2023-09-07 20:27:23,133 [main] INFO  http.HttpServer2 (HttpServer2.java:addFilter(1015)) - Added filter static_user_filter (class=org.apache.hadoop.http.lib.StaticUserWebFilter$StaticUserFilter) to context logs
2023-09-07 20:27:23,134 [main] INFO  http.BaseHttpServer (BaseHttpServer.java:<init>(189)) - HTTP server of hddsDatanode uses base directory /home/runner/work/ozone/ozone/hadoop-ozone/integration-test/target/test-dir/MiniOzoneClusterImpl-4ce661d8-ac2f-48de-9281-714c9e7643bd/datanode-4/meta/webserver
2023-09-07 20:27:23,134 [main] INFO  http.HttpServer2 (HttpServer2.java:bindListener(1231)) - Jetty bound to port 15045
2023-09-07 20:27:23,134 [main] INFO  server.Server (Server.java:doStart(375)) - jetty-9.4.51.v20230217; built: 2023-02-17T08:19:37.309Z; git: b45c405e4544384de066f814ed42ae3dceacdd49; jvm 1.8.0_382-b05
2023-09-07 20:27:23,137 [main] INFO  server.session (DefaultSessionIdManager.java:doStart(334)) - DefaultSessionIdManager workerName=node0
2023-09-07 20:27:23,138 [main] INFO  server.session (DefaultSessionIdManager.java:doStart(339)) - No SessionScavenger set, using defaults
2023-09-07 20:27:23,138 [main] INFO  server.session (HouseKeeper.java:startScavenging(132)) - node0 Scavenging every 660000ms
2023-09-07 20:27:23,144 [main] INFO  handler.ContextHandler (ContextHandler.java:doStart(921)) - Started o.e.j.s.ServletContextHandler@63cdd551{logs,/logs,file:///home/runner/work/ozone/ozone/hadoop-ozone/integration-test/target/log,AVAILABLE}
2023-09-07 20:27:23,145 [main] INFO  handler.ContextHandler (ContextHandler.java:doStart(921)) - Started o.e.j.s.ServletContextHandler@4961b6f0{static,/static,jar:file:/home/runner/.m2/repository/org/apache/ozone/hdds-container-service/1.4.0-SNAPSHOT/hdds-container-service-1.4.0-SNAPSHOT.jar!/webapps/static,AVAILABLE}
2023-09-07 20:27:23,413 [main] INFO  handler.ContextHandler (ContextHandler.java:doStart(921)) - Started o.e.j.w.WebAppContext@603a9c6a{hddsDatanode,/,file:///home/runner/work/ozone/ozone/hadoop-ozone/integration-test/target/test-dir/MiniOzoneClusterImpl-4ce661d8-ac2f-48de-9281-714c9e7643bd/datanode-4/meta/webserver/jetty-0_0_0_0-15045-hdds-container-service-1_4_0-SNAPSHOT_jar-_-any-97586721796425101/webapp/,AVAILABLE}{jar:file:/home/runner/.m2/repository/org/apache/ozone/hdds-container-service/1.4.0-SNAPSHOT/hdds-container-service-1.4.0-SNAPSHOT.jar!/webapps/hddsDatanode}
2023-09-07 20:27:23,416 [main] INFO  server.AbstractConnector (AbstractConnector.java:doStart(333)) - Started ServerConnector@6234c292{HTTP/1.1, (http/1.1)}{0.0.0.0:15045}
2023-09-07 20:27:23,416 [main] INFO  server.Server (Server.java:doStart(415)) - Started @14490ms
2023-09-07 20:27:23,417 [main] WARN  impl.MetricsSystemImpl (MetricsSystemImpl.java:register(279)) - Sink prometheus already exists!
2023-09-07 20:27:23,417 [main] INFO  http.BaseHttpServer (BaseHttpServer.java:updateConnectorAddress(354)) - HTTP server of hddsDatanode listening at http://0.0.0.0:15045
2023-09-07 20:27:23,418 [main] INFO  ipc.CallQueueManager (CallQueueManager.java:<init>(90)) - Using callQueue: class java.util.concurrent.LinkedBlockingQueue, queueCapacity: 100, scheduler: class org.apache.hadoop.ipc.DefaultRpcScheduler, ipcBackoff: false.
2023-09-07 20:27:23,418 [main] INFO  ipc.Server (Server.java:<init>(1287)) - Listener at 0.0.0.0:15046
2023-09-07 20:27:23,420 [Socket Reader #1 for port 15046] INFO  ipc.Server (Server.java:run(1323)) - Starting Socket Reader #1 for port 15046
2023-09-07 20:27:23,426 [main] INFO  ozone.HddsDatanodeService (HddsDatanodeService.java:start(315)) - Datanode start with admins: [runner]
2023-09-07 20:27:23,426 [main] INFO  ozone.HddsDatanodeClientProtocolServer (HddsDatanodeClientProtocolServer.java:start(72)) - RPC server for Client /0.0.0.0:15046
2023-09-07 20:27:23,426 [IPC Server Responder] INFO  ipc.Server (Server.java:run(1562)) - IPC Server Responder: starting
2023-09-07 20:27:23,429 [IPC Server listener on 15046] INFO  ipc.Server (Server.java:run(1402)) - IPC Server listener on 15046: starting
2023-09-07 20:27:23,432 [Datanode State Machine Daemon Thread] INFO  statemachine.DatanodeStateMachine (DatanodeStateMachine.java:lambda$startDaemon$0(538)) - Ozone container server started.
2023-09-07 20:27:23,433 [main] INFO  ozone.MiniOzoneClusterImpl (MiniOzoneClusterImpl.java:lambda$waitForClusterToBeReady$0(224)) - Waiting for nodes to be ready. Got 0 of 5 DN Heartbeats.
2023-09-07 20:27:23,433 [main] INFO  ozone.MiniOzoneClusterImpl (MiniOzoneClusterImpl.java:lambda$waitForClusterToBeReady$0(227)) - Waiting for cluster to exit safe mode
2023-09-07 20:27:23,433 [main] INFO  ozone.MiniOzoneClusterImpl (MiniOzoneClusterImpl.java:lambda$waitForClusterToBeReady$0(229)) - SCM became leader
2023-09-07 20:27:23,442 [Datanode State Machine Task Thread - 0] INFO  datanode.InitDatanodeState (InitDatanodeState.java:persistContainerDatanodeDetails(138)) - DatanodeDetails is persisted to /home/runner/work/ozone/ozone/hadoop-ozone/integration-test/target/test-dir/MiniOzoneClusterImpl-4ce661d8-ac2f-48de-9281-714c9e7643bd/datanode-4/meta/datanode.id
2023-09-07 20:27:23,805 [EndpointStateMachine task thread for /0.0.0.0:15002 - 0 ] INFO  utils.DatanodeStoreCache (DatanodeStoreCache.java:addDB(66)) - Added db /home/runner/work/ozone/ozone/hadoop-ozone/integration-test/target/test-dir/MiniOzoneClusterImpl-4ce661d8-ac2f-48de-9281-714c9e7643bd/datanode-0/data-0/containers/hdds/4ce661d8-ac2f-48de-9281-714c9e7643bd/DS-b8ca645e-11fd-4d43-b630-5fb4fe04878d/container.db to cache
2023-09-07 20:27:23,805 [EndpointStateMachine task thread for /0.0.0.0:15002 - 0 ] INFO  volume.HddsVolume (HddsVolume.java:createDbStore(422)) - SchemaV3 db is created and loaded at /home/runner/work/ozone/ozone/hadoop-ozone/integration-test/target/test-dir/MiniOzoneClusterImpl-4ce661d8-ac2f-48de-9281-714c9e7643bd/datanode-0/data-0/containers/hdds/4ce661d8-ac2f-48de-9281-714c9e7643bd/DS-b8ca645e-11fd-4d43-b630-5fb4fe04878d/container.db for volume DS-b8ca645e-11fd-4d43-b630-5fb4fe04878d
2023-09-07 20:27:23,808 [EndpointStateMachine task thread for /0.0.0.0:15002 - 0 ] INFO  volume.ThrottledAsyncChecker (ThrottledAsyncChecker.java:schedule(141)) - Scheduling a check for /home/runner/work/ozone/ozone/hadoop-ozone/integration-test/target/test-dir/MiniOzoneClusterImpl-4ce661d8-ac2f-48de-9281-714c9e7643bd/datanode-0/data-0/containers/hdds
2023-09-07 20:27:23,834 [EndpointStateMachine task thread for /0.0.0.0:15002 - 0 ] INFO  volume.StorageVolumeChecker (StorageVolumeChecker.java:checkAllVolumes(213)) - Scheduled health check for volume /home/runner/work/ozone/ozone/hadoop-ozone/integration-test/target/test-dir/MiniOzoneClusterImpl-4ce661d8-ac2f-48de-9281-714c9e7643bd/datanode-0/data-0/containers/hdds
2023-09-07 20:27:23,839 [EndpointStateMachine task thread for /0.0.0.0:15002 - 0 ] INFO  volume.ThrottledAsyncChecker (ThrottledAsyncChecker.java:schedule(141)) - Scheduling a check for /home/runner/work/ozone/ozone/hadoop-ozone/integration-test/target/test-dir/MiniOzoneClusterImpl-4ce661d8-ac2f-48de-9281-714c9e7643bd/datanode-0/data/ratis
2023-09-07 20:27:23,839 [EndpointStateMachine task thread for /0.0.0.0:15002 - 0 ] INFO  volume.StorageVolumeChecker (StorageVolumeChecker.java:checkAllVolumes(213)) - Scheduled health check for volume /home/runner/work/ozone/ozone/hadoop-ozone/integration-test/target/test-dir/MiniOzoneClusterImpl-4ce661d8-ac2f-48de-9281-714c9e7643bd/datanode-0/data/ratis
2023-09-07 20:27:23,841 [EndpointStateMachine task thread for /0.0.0.0:15002 - 0 ] INFO  ozoneimpl.OzoneContainer (OzoneContainer.java:start(429)) - Attempting to start container services.
2023-09-07 20:27:23,844 [EndpointStateMachine task thread for /0.0.0.0:15002 - 0 ] INFO  ozoneimpl.OzoneContainer (OzoneContainer.java:startContainerScrub(325)) - Scheduled background container scanners and the on-demand container scanner have been disabled.
2023-09-07 20:27:23,846 [EndpointStateMachine task thread for /0.0.0.0:15002 - 0 ] INFO  replication.ReplicationServer (ReplicationServer.java:start(130)) - ReplicationServer is started using port 15016
2023-09-07 20:27:23,847 [EndpointStateMachine task thread for /0.0.0.0:15002 - 0 ] INFO  ratis.XceiverServerRatis (XceiverServerRatis.java:start(517)) - Starting XceiverServerRatis 4c0a5098-e377-4fbc-882f-38eb7693a6cf
2023-09-07 20:27:23,851 [EndpointStateMachine task thread for /0.0.0.0:15002 - 0 ] INFO  server.RaftServer (RaftServerProxy.java:startImpl(400)) - 4c0a5098-e377-4fbc-882f-38eb7693a6cf: start RPC server
2023-09-07 20:27:23,857 [EndpointStateMachine task thread for /0.0.0.0:15002 - 0 ] INFO  server.GrpcService (GrpcService.java:startImpl(302)) - 4c0a5098-e377-4fbc-882f-38eb7693a6cf: GrpcService started, listening on 15012
2023-09-07 20:27:23,860 [EndpointStateMachine task thread for /0.0.0.0:15002 - 0 ] INFO  server.GrpcService (GrpcService.java:startImpl(302)) - 4c0a5098-e377-4fbc-882f-38eb7693a6cf: GrpcService started, listening on 15014
2023-09-07 20:27:23,862 [EndpointStateMachine task thread for /0.0.0.0:15002 - 0 ] INFO  server.GrpcService (GrpcService.java:startImpl(302)) - 4c0a5098-e377-4fbc-882f-38eb7693a6cf: GrpcService started, listening on 15013
2023-09-07 20:27:23,863 [EndpointStateMachine task thread for /0.0.0.0:15002 - 0 ] INFO  ratis.XceiverServerRatis (XceiverServerRatis.java:getRealPort(543)) - XceiverServerRatis 4c0a5098-e377-4fbc-882f-38eb7693a6cf is started using port 15012 for RATIS
2023-09-07 20:27:23,863 [JvmPauseMonitor2] INFO  util.JvmPauseMonitor (JvmPauseMonitor.java:run(103)) - JvmPauseMonitor-4c0a5098-e377-4fbc-882f-38eb7693a6cf: Started
2023-09-07 20:27:23,863 [EndpointStateMachine task thread for /0.0.0.0:15002 - 0 ] INFO  ratis.XceiverServerRatis (XceiverServerRatis.java:getRealPort(543)) - XceiverServerRatis 4c0a5098-e377-4fbc-882f-38eb7693a6cf is started using port 15013 for RATIS_ADMIN
2023-09-07 20:27:23,863 [EndpointStateMachine task thread for /0.0.0.0:15002 - 0 ] INFO  ratis.XceiverServerRatis (XceiverServerRatis.java:getRealPort(543)) - XceiverServerRatis 4c0a5098-e377-4fbc-882f-38eb7693a6cf is started using port 15014 for RATIS_SERVER
2023-09-07 20:27:23,863 [EndpointStateMachine task thread for /0.0.0.0:15002 - 0 ] INFO  ratis.XceiverServerRatis (XceiverServerRatis.java:getRealPort(543)) - XceiverServerRatis 4c0a5098-e377-4fbc-882f-38eb7693a6cf is started using port 15015 for RATIS_DATASTREAM
2023-09-07 20:27:23,885 [BlockDeletingService#0] INFO  interfaces.ContainerDeletionChoosingPolicyTemplate (ContainerDeletionChoosingPolicyTemplate.java:chooseContainerForBlockDeletion(85)) - Chosen 0/5000 blocks from 0 candidate containers.
2023-09-07 20:27:24,217 [EndpointStateMachine task thread for /0.0.0.0:15002 - 0 ] INFO  utils.DatanodeStoreCache (DatanodeStoreCache.java:addDB(66)) - Added db /home/runner/work/ozone/ozone/hadoop-ozone/integration-test/target/test-dir/MiniOzoneClusterImpl-4ce661d8-ac2f-48de-9281-714c9e7643bd/datanode-1/data-0/containers/hdds/4ce661d8-ac2f-48de-9281-714c9e7643bd/DS-c440ba07-1be3-45d7-a4b2-a249ab41d82d/container.db to cache
2023-09-07 20:27:24,217 [EndpointStateMachine task thread for /0.0.0.0:15002 - 0 ] INFO  volume.HddsVolume (HddsVolume.java:createDbStore(422)) - SchemaV3 db is created and loaded at /home/runner/work/ozone/ozone/hadoop-ozone/integration-test/target/test-dir/MiniOzoneClusterImpl-4ce661d8-ac2f-48de-9281-714c9e7643bd/datanode-1/data-0/containers/hdds/4ce661d8-ac2f-48de-9281-714c9e7643bd/DS-c440ba07-1be3-45d7-a4b2-a249ab41d82d/container.db for volume DS-c440ba07-1be3-45d7-a4b2-a249ab41d82d
2023-09-07 20:27:24,218 [EndpointStateMachine task thread for /0.0.0.0:15002 - 0 ] INFO  volume.ThrottledAsyncChecker (ThrottledAsyncChecker.java:schedule(141)) - Scheduling a check for /home/runner/work/ozone/ozone/hadoop-ozone/integration-test/target/test-dir/MiniOzoneClusterImpl-4ce661d8-ac2f-48de-9281-714c9e7643bd/datanode-1/data-0/containers/hdds
2023-09-07 20:27:24,220 [EndpointStateMachine task thread for /0.0.0.0:15002 - 0 ] INFO  volume.StorageVolumeChecker (StorageVolumeChecker.java:checkAllVolumes(213)) - Scheduled health check for volume /home/runner/work/ozone/ozone/hadoop-ozone/integration-test/target/test-dir/MiniOzoneClusterImpl-4ce661d8-ac2f-48de-9281-714c9e7643bd/datanode-1/data-0/containers/hdds
2023-09-07 20:27:24,227 [EndpointStateMachine task thread for /0.0.0.0:15002 - 0 ] INFO  volume.ThrottledAsyncChecker (ThrottledAsyncChecker.java:schedule(141)) - Scheduling a check for /home/runner/work/ozone/ozone/hadoop-ozone/integration-test/target/test-dir/MiniOzoneClusterImpl-4ce661d8-ac2f-48de-9281-714c9e7643bd/datanode-1/data/ratis
2023-09-07 20:27:24,228 [EndpointStateMachine task thread for /0.0.0.0:15002 - 0 ] INFO  volume.StorageVolumeChecker (StorageVolumeChecker.java:checkAllVolumes(213)) - Scheduled health check for volume /home/runner/work/ozone/ozone/hadoop-ozone/integration-test/target/test-dir/MiniOzoneClusterImpl-4ce661d8-ac2f-48de-9281-714c9e7643bd/datanode-1/data/ratis
2023-09-07 20:27:24,229 [EndpointStateMachine task thread for /0.0.0.0:15002 - 0 ] INFO  ozoneimpl.OzoneContainer (OzoneContainer.java:start(429)) - Attempting to start container services.
2023-09-07 20:27:24,229 [EndpointStateMachine task thread for /0.0.0.0:15002 - 0 ] INFO  ozoneimpl.OzoneContainer (OzoneContainer.java:startContainerScrub(325)) - Scheduled background container scanners and the on-demand container scanner have been disabled.
2023-09-07 20:27:24,232 [EndpointStateMachine task thread for /0.0.0.0:15002 - 0 ] INFO  replication.ReplicationServer (ReplicationServer.java:start(130)) - ReplicationServer is started using port 15025
2023-09-07 20:27:24,232 [EndpointStateMachine task thread for /0.0.0.0:15002 - 0 ] INFO  ratis.XceiverServerRatis (XceiverServerRatis.java:start(517)) - Starting XceiverServerRatis 22c736ca-ae96-41a9-953f-e3c60311c10c
2023-09-07 20:27:24,234 [EndpointStateMachine task thread for /0.0.0.0:15002 - 0 ] INFO  server.RaftServer (RaftServerProxy.java:startImpl(400)) - 22c736ca-ae96-41a9-953f-e3c60311c10c: start RPC server
2023-09-07 20:27:24,236 [EndpointStateMachine task thread for /0.0.0.0:15002 - 0 ] INFO  server.GrpcService (GrpcService.java:startImpl(302)) - 22c736ca-ae96-41a9-953f-e3c60311c10c: GrpcService started, listening on 15021
2023-09-07 20:27:24,238 [EndpointStateMachine task thread for /0.0.0.0:15002 - 0 ] INFO  server.GrpcService (GrpcService.java:startImpl(302)) - 22c736ca-ae96-41a9-953f-e3c60311c10c: GrpcService started, listening on 15023
2023-09-07 20:27:24,241 [EndpointStateMachine task thread for /0.0.0.0:15002 - 0 ] INFO  server.GrpcService (GrpcService.java:startImpl(302)) - 22c736ca-ae96-41a9-953f-e3c60311c10c: GrpcService started, listening on 15022
2023-09-07 20:27:24,242 [EndpointStateMachine task thread for /0.0.0.0:15002 - 0 ] INFO  ratis.XceiverServerRatis (XceiverServerRatis.java:getRealPort(543)) - XceiverServerRatis 22c736ca-ae96-41a9-953f-e3c60311c10c is started using port 15021 for RATIS
2023-09-07 20:27:24,242 [JvmPauseMonitor3] INFO  util.JvmPauseMonitor (JvmPauseMonitor.java:run(103)) - JvmPauseMonitor-22c736ca-ae96-41a9-953f-e3c60311c10c: Started
2023-09-07 20:27:24,242 [EndpointStateMachine task thread for /0.0.0.0:15002 - 0 ] INFO  ratis.XceiverServerRatis (XceiverServerRatis.java:getRealPort(543)) - XceiverServerRatis 22c736ca-ae96-41a9-953f-e3c60311c10c is started using port 15022 for RATIS_ADMIN
2023-09-07 20:27:24,242 [EndpointStateMachine task thread for /0.0.0.0:15002 - 0 ] INFO  ratis.XceiverServerRatis (XceiverServerRatis.java:getRealPort(543)) - XceiverServerRatis 22c736ca-ae96-41a9-953f-e3c60311c10c is started using port 15023 for RATIS_SERVER
2023-09-07 20:27:24,242 [EndpointStateMachine task thread for /0.0.0.0:15002 - 0 ] INFO  ratis.XceiverServerRatis (XceiverServerRatis.java:getRealPort(543)) - XceiverServerRatis 22c736ca-ae96-41a9-953f-e3c60311c10c is started using port 15024 for RATIS_DATASTREAM
2023-09-07 20:27:24,254 [BlockDeletingService#0] INFO  interfaces.ContainerDeletionChoosingPolicyTemplate (ContainerDeletionChoosingPolicyTemplate.java:chooseContainerForBlockDeletion(85)) - Chosen 0/5000 blocks from 0 candidate containers.
2023-09-07 20:27:24,434 [main] INFO  ozone.MiniOzoneClusterImpl (MiniOzoneClusterImpl.java:lambda$waitForClusterToBeReady$0(224)) - Waiting for nodes to be ready. Got 0 of 5 DN Heartbeats.
2023-09-07 20:27:24,434 [main] INFO  ozone.MiniOzoneClusterImpl (MiniOzoneClusterImpl.java:lambda$waitForClusterToBeReady$0(227)) - Waiting for cluster to exit safe mode
2023-09-07 20:27:24,434 [main] INFO  ozone.MiniOzoneClusterImpl (MiniOzoneClusterImpl.java:lambda$waitForClusterToBeReady$0(229)) - SCM became leader
2023-09-07 20:27:24,592 [EndpointStateMachine task thread for /0.0.0.0:15002 - 0 ] INFO  utils.DatanodeStoreCache (DatanodeStoreCache.java:addDB(66)) - Added db /home/runner/work/ozone/ozone/hadoop-ozone/integration-test/target/test-dir/MiniOzoneClusterImpl-4ce661d8-ac2f-48de-9281-714c9e7643bd/datanode-2/data-0/containers/hdds/4ce661d8-ac2f-48de-9281-714c9e7643bd/DS-3cb7fd49-0f43-4f05-a7d2-46e626da8cfb/container.db to cache
2023-09-07 20:27:24,592 [EndpointStateMachine task thread for /0.0.0.0:15002 - 0 ] INFO  volume.HddsVolume (HddsVolume.java:createDbStore(422)) - SchemaV3 db is created and loaded at /home/runner/work/ozone/ozone/hadoop-ozone/integration-test/target/test-dir/MiniOzoneClusterImpl-4ce661d8-ac2f-48de-9281-714c9e7643bd/datanode-2/data-0/containers/hdds/4ce661d8-ac2f-48de-9281-714c9e7643bd/DS-3cb7fd49-0f43-4f05-a7d2-46e626da8cfb/container.db for volume DS-3cb7fd49-0f43-4f05-a7d2-46e626da8cfb
2023-09-07 20:27:24,593 [EndpointStateMachine task thread for /0.0.0.0:15002 - 0 ] INFO  volume.ThrottledAsyncChecker (ThrottledAsyncChecker.java:schedule(141)) - Scheduling a check for /home/runner/work/ozone/ozone/hadoop-ozone/integration-test/target/test-dir/MiniOzoneClusterImpl-4ce661d8-ac2f-48de-9281-714c9e7643bd/datanode-2/data-0/containers/hdds
2023-09-07 20:27:24,596 [EndpointStateMachine task thread for /0.0.0.0:15002 - 0 ] INFO  volume.StorageVolumeChecker (StorageVolumeChecker.java:checkAllVolumes(213)) - Scheduled health check for volume /home/runner/work/ozone/ozone/hadoop-ozone/integration-test/target/test-dir/MiniOzoneClusterImpl-4ce661d8-ac2f-48de-9281-714c9e7643bd/datanode-2/data-0/containers/hdds
2023-09-07 20:27:24,600 [EndpointStateMachine task thread for /0.0.0.0:15002 - 0 ] INFO  volume.ThrottledAsyncChecker (ThrottledAsyncChecker.java:schedule(141)) - Scheduling a check for /home/runner/work/ozone/ozone/hadoop-ozone/integration-test/target/test-dir/MiniOzoneClusterImpl-4ce661d8-ac2f-48de-9281-714c9e7643bd/datanode-2/data/ratis
2023-09-07 20:27:24,600 [EndpointStateMachine task thread for /0.0.0.0:15002 - 0 ] INFO  volume.StorageVolumeChecker (StorageVolumeChecker.java:checkAllVolumes(213)) - Scheduled health check for volume /home/runner/work/ozone/ozone/hadoop-ozone/integration-test/target/test-dir/MiniOzoneClusterImpl-4ce661d8-ac2f-48de-9281-714c9e7643bd/datanode-2/data/ratis
2023-09-07 20:27:24,602 [EndpointStateMachine task thread for /0.0.0.0:15002 - 0 ] INFO  ozoneimpl.OzoneContainer (OzoneContainer.java:start(429)) - Attempting to start container services.
2023-09-07 20:27:24,602 [EndpointStateMachine task thread for /0.0.0.0:15002 - 0 ] INFO  ozoneimpl.OzoneContainer (OzoneContainer.java:startContainerScrub(325)) - Scheduled background container scanners and the on-demand container scanner have been disabled.
2023-09-07 20:27:24,605 [EndpointStateMachine task thread for /0.0.0.0:15002 - 0 ] INFO  replication.ReplicationServer (ReplicationServer.java:start(130)) - ReplicationServer is started using port 15034
2023-09-07 20:27:24,605 [EndpointStateMachine task thread for /0.0.0.0:15002 - 0 ] INFO  ratis.XceiverServerRatis (XceiverServerRatis.java:start(517)) - Starting XceiverServerRatis d960e1ec-e2de-43a1-b7f8-937811771cc3
2023-09-07 20:27:24,611 [EndpointStateMachine task thread for /0.0.0.0:15002 - 0 ] INFO  server.RaftServer (RaftServerProxy.java:startImpl(400)) - d960e1ec-e2de-43a1-b7f8-937811771cc3: start RPC server
2023-09-07 20:27:24,614 [EndpointStateMachine task thread for /0.0.0.0:15002 - 0 ] INFO  server.GrpcService (GrpcService.java:startImpl(302)) - d960e1ec-e2de-43a1-b7f8-937811771cc3: GrpcService started, listening on 15030
2023-09-07 20:27:24,616 [EndpointStateMachine task thread for /0.0.0.0:15002 - 0 ] INFO  server.GrpcService (GrpcService.java:startImpl(302)) - d960e1ec-e2de-43a1-b7f8-937811771cc3: GrpcService started, listening on 15032
2023-09-07 20:27:24,618 [EndpointStateMachine task thread for /0.0.0.0:15002 - 0 ] INFO  server.GrpcService (GrpcService.java:startImpl(302)) - d960e1ec-e2de-43a1-b7f8-937811771cc3: GrpcService started, listening on 15031
2023-09-07 20:27:24,619 [EndpointStateMachine task thread for /0.0.0.0:15002 - 0 ] INFO  ratis.XceiverServerRatis (XceiverServerRatis.java:getRealPort(543)) - XceiverServerRatis d960e1ec-e2de-43a1-b7f8-937811771cc3 is started using port 15030 for RATIS
2023-09-07 20:27:24,619 [EndpointStateMachine task thread for /0.0.0.0:15002 - 0 ] INFO  ratis.XceiverServerRatis (XceiverServerRatis.java:getRealPort(543)) - XceiverServerRatis d960e1ec-e2de-43a1-b7f8-937811771cc3 is started using port 15031 for RATIS_ADMIN
2023-09-07 20:27:24,619 [EndpointStateMachine task thread for /0.0.0.0:15002 - 0 ] INFO  ratis.XceiverServerRatis (XceiverServerRatis.java:getRealPort(543)) - XceiverServerRatis d960e1ec-e2de-43a1-b7f8-937811771cc3 is started using port 15032 for RATIS_SERVER
2023-09-07 20:27:24,620 [EndpointStateMachine task thread for /0.0.0.0:15002 - 0 ] INFO  ratis.XceiverServerRatis (XceiverServerRatis.java:getRealPort(543)) - XceiverServerRatis d960e1ec-e2de-43a1-b7f8-937811771cc3 is started using port 15033 for RATIS_DATASTREAM
2023-09-07 20:27:24,620 [JvmPauseMonitor4] INFO  util.JvmPauseMonitor (JvmPauseMonitor.java:run(103)) - JvmPauseMonitor-d960e1ec-e2de-43a1-b7f8-937811771cc3: Started
2023-09-07 20:27:24,638 [BlockDeletingService#0] INFO  interfaces.ContainerDeletionChoosingPolicyTemplate (ContainerDeletionChoosingPolicyTemplate.java:chooseContainerForBlockDeletion(85)) - Chosen 0/5000 blocks from 0 candidate containers.
2023-09-07 20:27:25,062 [EndpointStateMachine task thread for /0.0.0.0:15002 - 0 ] INFO  utils.DatanodeStoreCache (DatanodeStoreCache.java:addDB(66)) - Added db /home/runner/work/ozone/ozone/hadoop-ozone/integration-test/target/test-dir/MiniOzoneClusterImpl-4ce661d8-ac2f-48de-9281-714c9e7643bd/datanode-3/data-0/containers/hdds/4ce661d8-ac2f-48de-9281-714c9e7643bd/DS-0da9b5c5-3bc6-4edf-a211-098e541a51a1/container.db to cache
2023-09-07 20:27:25,062 [EndpointStateMachine task thread for /0.0.0.0:15002 - 0 ] INFO  volume.HddsVolume (HddsVolume.java:createDbStore(422)) - SchemaV3 db is created and loaded at /home/runner/work/ozone/ozone/hadoop-ozone/integration-test/target/test-dir/MiniOzoneClusterImpl-4ce661d8-ac2f-48de-9281-714c9e7643bd/datanode-3/data-0/containers/hdds/4ce661d8-ac2f-48de-9281-714c9e7643bd/DS-0da9b5c5-3bc6-4edf-a211-098e541a51a1/container.db for volume DS-0da9b5c5-3bc6-4edf-a211-098e541a51a1
2023-09-07 20:27:25,064 [EndpointStateMachine task thread for /0.0.0.0:15002 - 0 ] INFO  volume.ThrottledAsyncChecker (ThrottledAsyncChecker.java:schedule(141)) - Scheduling a check for /home/runner/work/ozone/ozone/hadoop-ozone/integration-test/target/test-dir/MiniOzoneClusterImpl-4ce661d8-ac2f-48de-9281-714c9e7643bd/datanode-3/data-0/containers/hdds
2023-09-07 20:27:25,064 [EndpointStateMachine task thread for /0.0.0.0:15002 - 0 ] INFO  volume.StorageVolumeChecker (StorageVolumeChecker.java:checkAllVolumes(213)) - Scheduled health check for volume /home/runner/work/ozone/ozone/hadoop-ozone/integration-test/target/test-dir/MiniOzoneClusterImpl-4ce661d8-ac2f-48de-9281-714c9e7643bd/datanode-3/data-0/containers/hdds
2023-09-07 20:27:25,074 [EndpointStateMachine task thread for /0.0.0.0:15002 - 0 ] INFO  volume.ThrottledAsyncChecker (ThrottledAsyncChecker.java:schedule(141)) - Scheduling a check for /home/runner/work/ozone/ozone/hadoop-ozone/integration-test/target/test-dir/MiniOzoneClusterImpl-4ce661d8-ac2f-48de-9281-714c9e7643bd/datanode-3/data/ratis
2023-09-07 20:27:25,075 [EndpointStateMachine task thread for /0.0.0.0:15002 - 0 ] INFO  volume.StorageVolumeChecker (StorageVolumeChecker.java:checkAllVolumes(213)) - Scheduled health check for volume /home/runner/work/ozone/ozone/hadoop-ozone/integration-test/target/test-dir/MiniOzoneClusterImpl-4ce661d8-ac2f-48de-9281-714c9e7643bd/datanode-3/data/ratis
2023-09-07 20:27:25,079 [EndpointStateMachine task thread for /0.0.0.0:15002 - 0 ] INFO  ozoneimpl.OzoneContainer (OzoneContainer.java:start(429)) - Attempting to start container services.
2023-09-07 20:27:25,079 [EndpointStateMachine task thread for /0.0.0.0:15002 - 0 ] INFO  ozoneimpl.OzoneContainer (OzoneContainer.java:startContainerScrub(325)) - Scheduled background container scanners and the on-demand container scanner have been disabled.
2023-09-07 20:27:25,081 [EndpointStateMachine task thread for /0.0.0.0:15002 - 0 ] INFO  replication.ReplicationServer (ReplicationServer.java:start(130)) - ReplicationServer is started using port 15043
2023-09-07 20:27:25,081 [EndpointStateMachine task thread for /0.0.0.0:15002 - 0 ] INFO  ratis.XceiverServerRatis (XceiverServerRatis.java:start(517)) - Starting XceiverServerRatis 5f055d78-845e-4650-aea7-51f979d0aed9
2023-09-07 20:27:25,082 [EndpointStateMachine task thread for /0.0.0.0:15002 - 0 ] INFO  server.RaftServer (RaftServerProxy.java:startImpl(400)) - 5f055d78-845e-4650-aea7-51f979d0aed9: start RPC server
2023-09-07 20:27:25,089 [EndpointStateMachine task thread for /0.0.0.0:15002 - 0 ] INFO  server.GrpcService (GrpcService.java:startImpl(302)) - 5f055d78-845e-4650-aea7-51f979d0aed9: GrpcService started, listening on 15039
2023-09-07 20:27:25,091 [EndpointStateMachine task thread for /0.0.0.0:15002 - 0 ] INFO  server.GrpcService (GrpcService.java:startImpl(302)) - 5f055d78-845e-4650-aea7-51f979d0aed9: GrpcService started, listening on 15041
2023-09-07 20:27:25,096 [EndpointStateMachine task thread for /0.0.0.0:15002 - 0 ] INFO  server.GrpcService (GrpcService.java:startImpl(302)) - 5f055d78-845e-4650-aea7-51f979d0aed9: GrpcService started, listening on 15040
2023-09-07 20:27:25,097 [EndpointStateMachine task thread for /0.0.0.0:15002 - 0 ] INFO  ratis.XceiverServerRatis (XceiverServerRatis.java:getRealPort(543)) - XceiverServerRatis 5f055d78-845e-4650-aea7-51f979d0aed9 is started using port 15039 for RATIS
2023-09-07 20:27:25,097 [JvmPauseMonitor5] INFO  util.JvmPauseMonitor (JvmPauseMonitor.java:run(103)) - JvmPauseMonitor-5f055d78-845e-4650-aea7-51f979d0aed9: Started
2023-09-07 20:27:25,097 [EndpointStateMachine task thread for /0.0.0.0:15002 - 0 ] INFO  ratis.XceiverServerRatis (XceiverServerRatis.java:getRealPort(543)) - XceiverServerRatis 5f055d78-845e-4650-aea7-51f979d0aed9 is started using port 15040 for RATIS_ADMIN
2023-09-07 20:27:25,099 [EndpointStateMachine task thread for /0.0.0.0:15002 - 0 ] INFO  ratis.XceiverServerRatis (XceiverServerRatis.java:getRealPort(543)) - XceiverServerRatis 5f055d78-845e-4650-aea7-51f979d0aed9 is started using port 15041 for RATIS_SERVER
2023-09-07 20:27:25,099 [EndpointStateMachine task thread for /0.0.0.0:15002 - 0 ] INFO  ratis.XceiverServerRatis (XceiverServerRatis.java:getRealPort(543)) - XceiverServerRatis 5f055d78-845e-4650-aea7-51f979d0aed9 is started using port 15042 for RATIS_DATASTREAM
2023-09-07 20:27:25,106 [BlockDeletingService#0] INFO  interfaces.ContainerDeletionChoosingPolicyTemplate (ContainerDeletionChoosingPolicyTemplate.java:chooseContainerForBlockDeletion(85)) - Chosen 0/5000 blocks from 0 candidate containers.
2023-09-07 20:27:25,434 [main] INFO  ozone.MiniOzoneClusterImpl (MiniOzoneClusterImpl.java:lambda$waitForClusterToBeReady$0(224)) - Waiting for nodes to be ready. Got 0 of 5 DN Heartbeats.
2023-09-07 20:27:25,435 [main] INFO  ozone.MiniOzoneClusterImpl (MiniOzoneClusterImpl.java:lambda$waitForClusterToBeReady$0(227)) - Waiting for cluster to exit safe mode
2023-09-07 20:27:25,435 [main] INFO  ozone.MiniOzoneClusterImpl (MiniOzoneClusterImpl.java:lambda$waitForClusterToBeReady$0(229)) - SCM became leader
2023-09-07 20:27:25,493 [EndpointStateMachine task thread for /0.0.0.0:15002 - 0 ] INFO  utils.DatanodeStoreCache (DatanodeStoreCache.java:addDB(66)) - Added db /home/runner/work/ozone/ozone/hadoop-ozone/integration-test/target/test-dir/MiniOzoneClusterImpl-4ce661d8-ac2f-48de-9281-714c9e7643bd/datanode-4/data-0/containers/hdds/4ce661d8-ac2f-48de-9281-714c9e7643bd/DS-ae43dad7-b9a5-4c00-b63e-e2a06a0aade9/container.db to cache
2023-09-07 20:27:25,493 [EndpointStateMachine task thread for /0.0.0.0:15002 - 0 ] INFO  volume.HddsVolume (HddsVolume.java:createDbStore(422)) - SchemaV3 db is created and loaded at /home/runner/work/ozone/ozone/hadoop-ozone/integration-test/target/test-dir/MiniOzoneClusterImpl-4ce661d8-ac2f-48de-9281-714c9e7643bd/datanode-4/data-0/containers/hdds/4ce661d8-ac2f-48de-9281-714c9e7643bd/DS-ae43dad7-b9a5-4c00-b63e-e2a06a0aade9/container.db for volume DS-ae43dad7-b9a5-4c00-b63e-e2a06a0aade9
2023-09-07 20:27:25,495 [EndpointStateMachine task thread for /0.0.0.0:15002 - 0 ] INFO  volume.ThrottledAsyncChecker (ThrottledAsyncChecker.java:schedule(141)) - Scheduling a check for /home/runner/work/ozone/ozone/hadoop-ozone/integration-test/target/test-dir/MiniOzoneClusterImpl-4ce661d8-ac2f-48de-9281-714c9e7643bd/datanode-4/data-0/containers/hdds
2023-09-07 20:27:25,496 [EndpointStateMachine task thread for /0.0.0.0:15002 - 0 ] INFO  volume.StorageVolumeChecker (StorageVolumeChecker.java:checkAllVolumes(213)) - Scheduled health check for volume /home/runner/work/ozone/ozone/hadoop-ozone/integration-test/target/test-dir/MiniOzoneClusterImpl-4ce661d8-ac2f-48de-9281-714c9e7643bd/datanode-4/data-0/containers/hdds
2023-09-07 20:27:25,500 [EndpointStateMachine task thread for /0.0.0.0:15002 - 0 ] INFO  volume.ThrottledAsyncChecker (ThrottledAsyncChecker.java:schedule(141)) - Scheduling a check for /home/runner/work/ozone/ozone/hadoop-ozone/integration-test/target/test-dir/MiniOzoneClusterImpl-4ce661d8-ac2f-48de-9281-714c9e7643bd/datanode-4/data/ratis
2023-09-07 20:27:25,500 [EndpointStateMachine task thread for /0.0.0.0:15002 - 0 ] INFO  volume.StorageVolumeChecker (StorageVolumeChecker.java:checkAllVolumes(213)) - Scheduled health check for volume /home/runner/work/ozone/ozone/hadoop-ozone/integration-test/target/test-dir/MiniOzoneClusterImpl-4ce661d8-ac2f-48de-9281-714c9e7643bd/datanode-4/data/ratis
2023-09-07 20:27:25,501 [EndpointStateMachine task thread for /0.0.0.0:15002 - 0 ] INFO  ozoneimpl.OzoneContainer (OzoneContainer.java:start(429)) - Attempting to start container services.
2023-09-07 20:27:25,501 [EndpointStateMachine task thread for /0.0.0.0:15002 - 0 ] INFO  ozoneimpl.OzoneContainer (OzoneContainer.java:startContainerScrub(325)) - Scheduled background container scanners and the on-demand container scanner have been disabled.
2023-09-07 20:27:25,503 [EndpointStateMachine task thread for /0.0.0.0:15002 - 0 ] INFO  replication.ReplicationServer (ReplicationServer.java:start(130)) - ReplicationServer is started using port 15052
2023-09-07 20:27:25,503 [EndpointStateMachine task thread for /0.0.0.0:15002 - 0 ] INFO  ratis.XceiverServerRatis (XceiverServerRatis.java:start(517)) - Starting XceiverServerRatis 4928b7b2-b158-4302-bddf-2efad1d6a915
2023-09-07 20:27:25,504 [EndpointStateMachine task thread for /0.0.0.0:15002 - 0 ] INFO  server.RaftServer (RaftServerProxy.java:startImpl(400)) - 4928b7b2-b158-4302-bddf-2efad1d6a915: start RPC server
2023-09-07 20:27:25,508 [EndpointStateMachine task thread for /0.0.0.0:15002 - 0 ] INFO  server.GrpcService (GrpcService.java:startImpl(302)) - 4928b7b2-b158-4302-bddf-2efad1d6a915: GrpcService started, listening on 15048
2023-09-07 20:27:25,509 [EndpointStateMachine task thread for /0.0.0.0:15002 - 0 ] INFO  server.GrpcService (GrpcService.java:startImpl(302)) - 4928b7b2-b158-4302-bddf-2efad1d6a915: GrpcService started, listening on 15050
2023-09-07 20:27:25,510 [EndpointStateMachine task thread for /0.0.0.0:15002 - 0 ] INFO  server.GrpcService (GrpcService.java:startImpl(302)) - 4928b7b2-b158-4302-bddf-2efad1d6a915: GrpcService started, listening on 15049
2023-09-07 20:27:25,511 [EndpointStateMachine task thread for /0.0.0.0:15002 - 0 ] INFO  ratis.XceiverServerRatis (XceiverServerRatis.java:getRealPort(543)) - XceiverServerRatis 4928b7b2-b158-4302-bddf-2efad1d6a915 is started using port 15048 for RATIS
2023-09-07 20:27:25,511 [JvmPauseMonitor6] INFO  util.JvmPauseMonitor (JvmPauseMonitor.java:run(103)) - JvmPauseMonitor-4928b7b2-b158-4302-bddf-2efad1d6a915: Started
2023-09-07 20:27:25,511 [EndpointStateMachine task thread for /0.0.0.0:15002 - 0 ] INFO  ratis.XceiverServerRatis (XceiverServerRatis.java:getRealPort(543)) - XceiverServerRatis 4928b7b2-b158-4302-bddf-2efad1d6a915 is started using port 15049 for RATIS_ADMIN
2023-09-07 20:27:25,511 [EndpointStateMachine task thread for /0.0.0.0:15002 - 0 ] INFO  ratis.XceiverServerRatis (XceiverServerRatis.java:getRealPort(543)) - XceiverServerRatis 4928b7b2-b158-4302-bddf-2efad1d6a915 is started using port 15050 for RATIS_SERVER
2023-09-07 20:27:25,511 [EndpointStateMachine task thread for /0.0.0.0:15002 - 0 ] INFO  ratis.XceiverServerRatis (XceiverServerRatis.java:getRealPort(543)) - XceiverServerRatis 4928b7b2-b158-4302-bddf-2efad1d6a915 is started using port 15051 for RATIS_DATASTREAM
2023-09-07 20:27:25,520 [BlockDeletingService#0] INFO  interfaces.ContainerDeletionChoosingPolicyTemplate (ContainerDeletionChoosingPolicyTemplate.java:chooseContainerForBlockDeletion(85)) - Chosen 0/5000 blocks from 0 candidate containers.
2023-09-07 20:27:25,684 [IPC Server handler 14 on default port 15002] INFO  net.NetworkTopologyImpl (NetworkTopologyImpl.java:add(112)) - Added a new node: /default-rack/4c0a5098-e377-4fbc-882f-38eb7693a6cf
2023-09-07 20:27:25,689 [IPC Server handler 14 on default port 15002] INFO  node.SCMNodeManager (SCMNodeManager.java:register(405)) - Registered Data node : 4c0a5098-e377-4fbc-882f-38eb7693a6cf{ip: 10.1.0.11, host: fv-az259-394.nxnqhby4qkoexpon2s1bx5vqxg.dx.internal.cloudapp.net, ports: [HTTP=15009, CLIENT_RPC=15010, REPLICATION=15016, RATIS=15012, RATIS_ADMIN=15013, RATIS_SERVER=15014, RATIS_DATASTREAM=15015, STANDALONE=15011], networkLocation: /default-rack, certSerialId: null, persistedOpState: null, persistedOpStateExpiryEpochSec: 0}
2023-09-07 20:27:25,693 [EventQueue-NewNodeForNewNodeHandler] INFO  pipeline.BackgroundPipelineCreator (BackgroundPipelineCreator.java:notifyEventTriggered(277)) - trigger a one-shot run on RatisPipelineUtilsThread.
2023-09-07 20:27:25,694 [EventQueue-NodeRegistrationContainerReportForContainerSafeModeRule] INFO  safemode.SCMSafeModeManager (SCMSafeModeManager.java:validateSafeModeExitRules(200)) - ContainerSafeModeRule rule is successfully validated
2023-09-07 20:27:25,695 [EventQueue-NodeRegistrationContainerReportForDataNodeSafeModeRule] INFO  safemode.SCMSafeModeManager (DataNodeSafeModeRule.java:process(71)) - SCM in safe mode. 1 DataNodes registered, 3 required.
2023-09-07 20:27:25,701 [EventQueue-PipelineReportForOneReplicaPipelineSafeModeRule] INFO  safemode.SCMSafeModeManager (SCMSafeModeManager.java:validateSafeModeExitRules(200)) - AtleastOneDatanodeReportedRule rule is successfully validated
2023-09-07 20:27:25,721 [RatisPipelineUtilsThread - 0] INFO  pipeline.RatisPipelineProvider (RatisPipelineProvider.java:lambda$create$0(206)) - Sending CreatePipelineCommand for pipeline:PipelineID=91cba4c6-9cb8-45b9-8452-c8b31c760bf2 to datanode:4c0a5098-e377-4fbc-882f-38eb7693a6cf
2023-09-07 20:27:25,743 [RatisPipelineUtilsThread - 0] INFO  pipeline.BackgroundPipelineCreator (BackgroundPipelineCreator.java:createPipelines(233)) - Created new pipeline Pipeline[ Id: 91cba4c6-9cb8-45b9-8452-c8b31c760bf2, Nodes: 4c0a5098-e377-4fbc-882f-38eb7693a6cf(fv-az259-394.nxnqhby4qkoexpon2s1bx5vqxg.dx.internal.cloudapp.net/10.1.0.11), ReplicationConfig: RATIS/ONE, State:ALLOCATED, leaderId:, CreationTimestamp2023-09-07T20:27:25.719Z[Etc/UTC]]
2023-09-07 20:27:26,167 [IPC Server handler 19 on default port 15002] INFO  net.NetworkTopologyImpl (NetworkTopologyImpl.java:add(112)) - Added a new node: /default-rack/22c736ca-ae96-41a9-953f-e3c60311c10c
2023-09-07 20:27:26,167 [IPC Server handler 19 on default port 15002] INFO  node.SCMNodeManager (SCMNodeManager.java:register(405)) - Registered Data node : 22c736ca-ae96-41a9-953f-e3c60311c10c{ip: 10.1.0.11, host: fv-az259-394.nxnqhby4qkoexpon2s1bx5vqxg.dx.internal.cloudapp.net, ports: [HTTP=15018, CLIENT_RPC=15019, REPLICATION=15025, RATIS=15021, RATIS_ADMIN=15022, RATIS_SERVER=15023, RATIS_DATASTREAM=15024, STANDALONE=15020], networkLocation: /default-rack, certSerialId: null, persistedOpState: null, persistedOpStateExpiryEpochSec: 0}
2023-09-07 20:27:26,170 [EventQueue-NewNodeForNewNodeHandler] INFO  pipeline.BackgroundPipelineCreator (BackgroundPipelineCreator.java:notifyEventTriggered(277)) - trigger a one-shot run on RatisPipelineUtilsThread.
2023-09-07 20:27:26,170 [EventQueue-NodeRegistrationContainerReportForDataNodeSafeModeRule] INFO  safemode.SCMSafeModeManager (DataNodeSafeModeRule.java:process(71)) - SCM in safe mode. 2 DataNodes registered, 3 required.
2023-09-07 20:27:26,174 [RatisPipelineUtilsThread - 0] INFO  pipeline.RatisPipelineProvider (RatisPipelineProvider.java:lambda$create$0(206)) - Sending CreatePipelineCommand for pipeline:PipelineID=d7b80bea-14db-4985-9de6-864fe7d10970 to datanode:22c736ca-ae96-41a9-953f-e3c60311c10c
2023-09-07 20:27:26,177 [RatisPipelineUtilsThread - 0] INFO  pipeline.BackgroundPipelineCreator (BackgroundPipelineCreator.java:createPipelines(233)) - Created new pipeline Pipeline[ Id: d7b80bea-14db-4985-9de6-864fe7d10970, Nodes: 22c736ca-ae96-41a9-953f-e3c60311c10c(fv-az259-394.nxnqhby4qkoexpon2s1bx5vqxg.dx.internal.cloudapp.net/10.1.0.11), ReplicationConfig: RATIS/ONE, State:ALLOCATED, leaderId:, CreationTimestamp2023-09-07T20:27:26.173Z[Etc/UTC]]
2023-09-07 20:27:26,435 [main] INFO  ozone.MiniOzoneClusterImpl (MiniOzoneClusterImpl.java:lambda$waitForClusterToBeReady$0(224)) - Waiting for nodes to be ready. Got 2 of 5 DN Heartbeats.
2023-09-07 20:27:26,436 [main] INFO  ozone.MiniOzoneClusterImpl (MiniOzoneClusterImpl.java:lambda$waitForClusterToBeReady$0(227)) - Waiting for cluster to exit safe mode
2023-09-07 20:27:26,436 [main] INFO  ozone.MiniOzoneClusterImpl (MiniOzoneClusterImpl.java:lambda$waitForClusterToBeReady$0(229)) - SCM became leader
2023-09-07 20:27:26,548 [IPC Server handler 18 on default port 15002] INFO  net.NetworkTopologyImpl (NetworkTopologyImpl.java:add(112)) - Added a new node: /default-rack/d960e1ec-e2de-43a1-b7f8-937811771cc3
2023-09-07 20:27:26,549 [IPC Server handler 18 on default port 15002] INFO  node.SCMNodeManager (SCMNodeManager.java:register(405)) - Registered Data node : d960e1ec-e2de-43a1-b7f8-937811771cc3{ip: 10.1.0.11, host: fv-az259-394.nxnqhby4qkoexpon2s1bx5vqxg.dx.internal.cloudapp.net, ports: [HTTP=15027, CLIENT_RPC=15028, REPLICATION=15034, RATIS=15030, RATIS_ADMIN=15031, RATIS_SERVER=15032, RATIS_DATASTREAM=15033, STANDALONE=15029], networkLocation: /default-rack, certSerialId: null, persistedOpState: null, persistedOpStateExpiryEpochSec: 0}
2023-09-07 20:27:26,549 [EventQueue-NewNodeForNewNodeHandler] INFO  pipeline.BackgroundPipelineCreator (BackgroundPipelineCreator.java:notifyEventTriggered(277)) - trigger a one-shot run on RatisPipelineUtilsThread.
2023-09-07 20:27:26,549 [EventQueue-NodeRegistrationContainerReportForDataNodeSafeModeRule] INFO  safemode.SCMSafeModeManager (DataNodeSafeModeRule.java:process(71)) - SCM in safe mode. 3 DataNodes registered, 3 required.
2023-09-07 20:27:26,550 [EventQueue-NodeRegistrationContainerReportForDataNodeSafeModeRule] INFO  safemode.SCMSafeModeManager (SCMSafeModeManager.java:validateSafeModeExitRules(200)) - DataNodeSafeModeRule rule is successfully validated
2023-09-07 20:27:26,551 [EventQueue-NodeRegistrationContainerReportForDataNodeSafeModeRule] INFO  safemode.SCMSafeModeManager (SCMSafeModeManager.java:completePreCheck(229)) - All SCM safe mode pre check rules have passed
2023-09-07 20:27:26,551 [EventQueue-NodeRegistrationContainerReportForDataNodeSafeModeRule] INFO  ha.SCMContext (SCMContext.java:updateSafeModeStatus(228)) - Update SafeModeStatus from SafeModeStatus{safeModeStatus=true, preCheckPassed=false} to SafeModeStatus{safeModeStatus=true, preCheckPassed=true}.
2023-09-07 20:27:26,551 [EventQueue-NodeRegistrationContainerReportForDataNodeSafeModeRule] INFO  pipeline.BackgroundPipelineCreator (BackgroundPipelineCreator.java:notifyEventTriggered(277)) - trigger a one-shot run on RatisPipelineUtilsThread.
2023-09-07 20:27:26,550 [RatisPipelineUtilsThread - 0] INFO  pipeline.RatisPipelineProvider (RatisPipelineProvider.java:lambda$create$0(206)) - Sending CreatePipelineCommand for pipeline:PipelineID=f6cf3f63-126f-4108-a2d1-9412df98349b to datanode:d960e1ec-e2de-43a1-b7f8-937811771cc3
2023-09-07 20:27:26,552 [RatisPipelineUtilsThread - 0] INFO  pipeline.BackgroundPipelineCreator (BackgroundPipelineCreator.java:createPipelines(233)) - Created new pipeline Pipeline[ Id: f6cf3f63-126f-4108-a2d1-9412df98349b, Nodes: d960e1ec-e2de-43a1-b7f8-937811771cc3(fv-az259-394.nxnqhby4qkoexpon2s1bx5vqxg.dx.internal.cloudapp.net/10.1.0.11), ReplicationConfig: RATIS/ONE, State:ALLOCATED, leaderId:, CreationTimestamp2023-09-07T20:27:26.550Z[Etc/UTC]]
2023-09-07 20:27:26,558 [RatisPipelineUtilsThread - 0] INFO  pipeline.RatisPipelineProvider (RatisPipelineProvider.java:lambda$create$0(206)) - Sending CreatePipelineCommand for pipeline:PipelineID=613597bd-0b08-4926-9cc2-3437f87aba2c to datanode:4c0a5098-e377-4fbc-882f-38eb7693a6cf
2023-09-07 20:27:26,558 [RatisPipelineUtilsThread - 0] INFO  pipeline.RatisPipelineProvider (RatisPipelineProvider.java:lambda$create$0(206)) - Sending CreatePipelineCommand for pipeline:PipelineID=613597bd-0b08-4926-9cc2-3437f87aba2c to datanode:22c736ca-ae96-41a9-953f-e3c60311c10c
2023-09-07 20:27:26,558 [RatisPipelineUtilsThread - 0] INFO  pipeline.RatisPipelineProvider (RatisPipelineProvider.java:lambda$create$0(206)) - Sending CreatePipelineCommand for pipeline:PipelineID=613597bd-0b08-4926-9cc2-3437f87aba2c to datanode:d960e1ec-e2de-43a1-b7f8-937811771cc3
2023-09-07 20:27:26,560 [RatisPipelineUtilsThread - 0] INFO  pipeline.BackgroundPipelineCreator (BackgroundPipelineCreator.java:createPipelines(233)) - Created new pipeline Pipeline[ Id: 613597bd-0b08-4926-9cc2-3437f87aba2c, Nodes: 4c0a5098-e377-4fbc-882f-38eb7693a6cf(fv-az259-394.nxnqhby4qkoexpon2s1bx5vqxg.dx.internal.cloudapp.net/10.1.0.11)22c736ca-ae96-41a9-953f-e3c60311c10c(fv-az259-394.nxnqhby4qkoexpon2s1bx5vqxg.dx.internal.cloudapp.net/10.1.0.11)d960e1ec-e2de-43a1-b7f8-937811771cc3(fv-az259-394.nxnqhby4qkoexpon2s1bx5vqxg.dx.internal.cloudapp.net/10.1.0.11), ReplicationConfig: RATIS/THREE, State:ALLOCATED, leaderId:, CreationTimestamp2023-09-07T20:27:26.558Z[Etc/UTC]]
2023-09-07 20:27:26,561 [RatisPipelineUtilsThread - 0] INFO  pipeline.RatisPipelineProvider (RatisPipelineProvider.java:lambda$create$0(206)) - Sending CreatePipelineCommand for pipeline:PipelineID=629ce196-bdb8-4d17-9b5f-88721368e654 to datanode:22c736ca-ae96-41a9-953f-e3c60311c10c
2023-09-07 20:27:26,562 [RatisPipelineUtilsThread - 0] INFO  pipeline.RatisPipelineProvider (RatisPipelineProvider.java:lambda$create$0(206)) - Sending CreatePipelineCommand for pipeline:PipelineID=629ce196-bdb8-4d17-9b5f-88721368e654 to datanode:4c0a5098-e377-4fbc-882f-38eb7693a6cf
2023-09-07 20:27:26,562 [RatisPipelineUtilsThread - 0] INFO  pipeline.RatisPipelineProvider (RatisPipelineProvider.java:lambda$create$0(206)) - Sending CreatePipelineCommand for pipeline:PipelineID=629ce196-bdb8-4d17-9b5f-88721368e654 to datanode:d960e1ec-e2de-43a1-b7f8-937811771cc3
2023-09-07 20:27:26,564 [RatisPipelineUtilsThread - 0] INFO  pipeline.PipelineManagerImpl (PipelineManagerImpl.java:recordMetricsForPipeline(914)) - Pipeline: PipelineID=629ce196-bdb8-4d17-9b5f-88721368e654 contains same datanodes as previous pipelines: PipelineID=613597bd-0b08-4926-9cc2-3437f87aba2c nodeIds: 22c736ca-ae96-41a9-953f-e3c60311c10c, 4c0a5098-e377-4fbc-882f-38eb7693a6cf, d960e1ec-e2de-43a1-b7f8-937811771cc3
2023-09-07 20:27:26,564 [RatisPipelineUtilsThread - 0] INFO  pipeline.BackgroundPipelineCreator (BackgroundPipelineCreator.java:createPipelines(233)) - Created new pipeline Pipeline[ Id: 629ce196-bdb8-4d17-9b5f-88721368e654, Nodes: 22c736ca-ae96-41a9-953f-e3c60311c10c(fv-az259-394.nxnqhby4qkoexpon2s1bx5vqxg.dx.internal.cloudapp.net/10.1.0.11)4c0a5098-e377-4fbc-882f-38eb7693a6cf(fv-az259-394.nxnqhby4qkoexpon2s1bx5vqxg.dx.internal.cloudapp.net/10.1.0.11)d960e1ec-e2de-43a1-b7f8-937811771cc3(fv-az259-394.nxnqhby4qkoexpon2s1bx5vqxg.dx.internal.cloudapp.net/10.1.0.11), ReplicationConfig: RATIS/THREE, State:ALLOCATED, leaderId:, CreationTimestamp2023-09-07T20:27:26.561Z[Etc/UTC]]
2023-09-07 20:27:27,005 [IPC Server handler 16 on default port 15002] INFO  net.NetworkTopologyImpl (NetworkTopologyImpl.java:add(112)) - Added a new node: /default-rack/5f055d78-845e-4650-aea7-51f979d0aed9
2023-09-07 20:27:27,006 [IPC Server handler 16 on default port 15002] INFO  node.SCMNodeManager (SCMNodeManager.java:register(405)) - Registered Data node : 5f055d78-845e-4650-aea7-51f979d0aed9{ip: 10.1.0.11, host: fv-az259-394.nxnqhby4qkoexpon2s1bx5vqxg.dx.internal.cloudapp.net, ports: [HTTP=15036, CLIENT_RPC=15037, REPLICATION=15043, RATIS=15039, RATIS_ADMIN=15040, RATIS_SERVER=15041, RATIS_DATASTREAM=15042, STANDALONE=15038], networkLocation: /default-rack, certSerialId: null, persistedOpState: null, persistedOpStateExpiryEpochSec: 0}
2023-09-07 20:27:27,006 [EventQueue-NewNodeForNewNodeHandler] INFO  pipeline.BackgroundPipelineCreator (BackgroundPipelineCreator.java:notifyEventTriggered(277)) - trigger a one-shot run on RatisPipelineUtilsThread.
2023-09-07 20:27:27,008 [RatisPipelineUtilsThread - 0] INFO  pipeline.RatisPipelineProvider (RatisPipelineProvider.java:lambda$create$0(206)) - Sending CreatePipelineCommand for pipeline:PipelineID=b5743d3b-1943-4975-9732-65e2763b01a6 to datanode:5f055d78-845e-4650-aea7-51f979d0aed9
2023-09-07 20:27:27,010 [RatisPipelineUtilsThread - 0] INFO  pipeline.BackgroundPipelineCreator (BackgroundPipelineCreator.java:createPipelines(233)) - Created new pipeline Pipeline[ Id: b5743d3b-1943-4975-9732-65e2763b01a6, Nodes: 5f055d78-845e-4650-aea7-51f979d0aed9(fv-az259-394.nxnqhby4qkoexpon2s1bx5vqxg.dx.internal.cloudapp.net/10.1.0.11), ReplicationConfig: RATIS/ONE, State:ALLOCATED, leaderId:, CreationTimestamp2023-09-07T20:27:27.008Z[Etc/UTC]]
2023-09-07 20:27:27,436 [main] INFO  ozone.MiniOzoneClusterImpl (MiniOzoneClusterImpl.java:lambda$waitForClusterToBeReady$0(224)) - Waiting for nodes to be ready. Got 4 of 5 DN Heartbeats.
2023-09-07 20:27:27,437 [main] INFO  ozone.MiniOzoneClusterImpl (MiniOzoneClusterImpl.java:lambda$waitForClusterToBeReady$0(227)) - Waiting for cluster to exit safe mode
2023-09-07 20:27:27,437 [main] INFO  ozone.MiniOzoneClusterImpl (MiniOzoneClusterImpl.java:lambda$waitForClusterToBeReady$0(229)) - SCM became leader
2023-09-07 20:27:27,441 [IPC Server handler 18 on default port 15002] INFO  net.NetworkTopologyImpl (NetworkTopologyImpl.java:add(112)) - Added a new node: /default-rack/4928b7b2-b158-4302-bddf-2efad1d6a915
2023-09-07 20:27:27,441 [IPC Server handler 18 on default port 15002] INFO  node.SCMNodeManager (SCMNodeManager.java:register(405)) - Registered Data node : 4928b7b2-b158-4302-bddf-2efad1d6a915{ip: 10.1.0.11, host: fv-az259-394.nxnqhby4qkoexpon2s1bx5vqxg.dx.internal.cloudapp.net, ports: [HTTP=15045, CLIENT_RPC=15046, REPLICATION=15052, RATIS=15048, RATIS_ADMIN=15049, RATIS_SERVER=15050, RATIS_DATASTREAM=15051, STANDALONE=15047], networkLocation: /default-rack, certSerialId: null, persistedOpState: null, persistedOpStateExpiryEpochSec: 0}
2023-09-07 20:27:27,442 [EventQueue-NewNodeForNewNodeHandler] INFO  pipeline.BackgroundPipelineCreator (BackgroundPipelineCreator.java:notifyEventTriggered(277)) - trigger a one-shot run on RatisPipelineUtilsThread.
2023-09-07 20:27:27,443 [RatisPipelineUtilsThread - 0] INFO  pipeline.RatisPipelineProvider (RatisPipelineProvider.java:lambda$create$0(206)) - Sending CreatePipelineCommand for pipeline:PipelineID=84234fea-cd31-4494-b386-c7ac0158fc8c to datanode:4928b7b2-b158-4302-bddf-2efad1d6a915
2023-09-07 20:27:27,448 [RatisPipelineUtilsThread - 0] INFO  pipeline.BackgroundPipelineCreator (BackgroundPipelineCreator.java:createPipelines(233)) - Created new pipeline Pipeline[ Id: 84234fea-cd31-4494-b386-c7ac0158fc8c, Nodes: 4928b7b2-b158-4302-bddf-2efad1d6a915(fv-az259-394.nxnqhby4qkoexpon2s1bx5vqxg.dx.internal.cloudapp.net/10.1.0.11), ReplicationConfig: RATIS/ONE, State:ALLOCATED, leaderId:, CreationTimestamp2023-09-07T20:27:27.443Z[Etc/UTC]]
2023-09-07 20:27:28,437 [main] INFO  ozone.MiniOzoneClusterImpl (MiniOzoneClusterImpl.java:lambda$waitForClusterToBeReady$0(224)) - Nodes are ready. Got 5 of 5 DN Heartbeats.
2023-09-07 20:27:28,437 [main] INFO  ozone.MiniOzoneClusterImpl (MiniOzoneClusterImpl.java:lambda$waitForClusterToBeReady$0(227)) - Waiting for cluster to exit safe mode
2023-09-07 20:27:28,438 [main] INFO  ozone.MiniOzoneClusterImpl (MiniOzoneClusterImpl.java:lambda$waitForClusterToBeReady$0(229)) - SCM became leader
2023-09-07 20:27:28,666 [PipelineCommandHandlerThread-0] INFO  server.RaftServer (RaftServerProxy.java:addNew(98)) - 4c0a5098-e377-4fbc-882f-38eb7693a6cf: addNew group-C8B31C760BF2:[4c0a5098-e377-4fbc-882f-38eb7693a6cf|rpc:10.1.0.11:15014|admin:10.1.0.11:15013|client:10.1.0.11:15012|dataStream:10.1.0.11:15015|priority:1|startupRole:FOLLOWER] returns group-C8B31C760BF2:java.util.concurrent.CompletableFuture@6cc77d18[Not completed]
2023-09-07 20:27:28,693 [4c0a5098-e377-4fbc-882f-38eb7693a6cf-groupManagement] INFO  server.RaftServer$Division (RaftServerImpl.java:<init>(198)) - 4c0a5098-e377-4fbc-882f-38eb7693a6cf: new RaftServerImpl for group-C8B31C760BF2:[4c0a5098-e377-4fbc-882f-38eb7693a6cf|rpc:10.1.0.11:15014|admin:10.1.0.11:15013|client:10.1.0.11:15012|dataStream:10.1.0.11:15015|priority:1|startupRole:FOLLOWER] with ContainerStateMachine:uninitialized
2023-09-07 20:27:28,693 [4c0a5098-e377-4fbc-882f-38eb7693a6cf-groupManagement] INFO  server.RaftServerConfigKeys (ConfUtils.java:logGet(46)) - raft.server.rpc.timeout.min = 5s (custom)
2023-09-07 20:27:28,693 [4c0a5098-e377-4fbc-882f-38eb7693a6cf-groupManagement] INFO  server.RaftServerConfigKeys (ConfUtils.java:logGet(46)) - raft.server.rpc.timeout.max = 5200ms (custom)
2023-09-07 20:27:28,693 [4c0a5098-e377-4fbc-882f-38eb7693a6cf-groupManagement] INFO  server.RaftServerConfigKeys (ConfUtils.java:logGet(46)) - raft.server.rpc.sleep.time = 25ms (default)
2023-09-07 20:27:28,693 [4c0a5098-e377-4fbc-882f-38eb7693a6cf-groupManagement] INFO  server.RaftServerConfigKeys (ConfUtils.java:logGet(46)) - raft.server.rpc.slowness.timeout = 300s (custom)
2023-09-07 20:27:28,693 [4c0a5098-e377-4fbc-882f-38eb7693a6cf-groupManagement] INFO  server.RaftServerConfigKeys (ConfUtils.java:logGet(46)) - raft.server.leaderelection.leader.step-down.wait-time = 10s (default)
2023-09-07 20:27:28,694 [4c0a5098-e377-4fbc-882f-38eb7693a6cf-groupManagement] INFO  server.RaftServerConfigKeys (ConfUtils.java:logGet(46)) - raft.server.sleep.deviation.threshold = 300ms (default)
2023-09-07 20:27:28,694 [4c0a5098-e377-4fbc-882f-38eb7693a6cf-groupManagement] INFO  server.RaftServer$Division (ServerState.java:<init>(120)) - 4c0a5098-e377-4fbc-882f-38eb7693a6cf@group-C8B31C760BF2: ConfigurationManager, init=-1: peers:[4c0a5098-e377-4fbc-882f-38eb7693a6cf|rpc:10.1.0.11:15014|admin:10.1.0.11:15013|client:10.1.0.11:15012|dataStream:10.1.0.11:15015|priority:1|startupRole:FOLLOWER]|listeners:[], old=null, confs=<EMPTY_MAP>
2023-09-07 20:27:28,694 [4c0a5098-e377-4fbc-882f-38eb7693a6cf-groupManagement] INFO  server.RaftServerConfigKeys (ConfUtils.java:logGet(46)) - raft.server.storage.dir = [/home/runner/work/ozone/ozone/hadoop-ozone/integration-test/target/test-dir/MiniOzoneClusterImpl-4ce661d8-ac2f-48de-9281-714c9e7643bd/datanode-0/data/ratis] (custom)
2023-09-07 20:27:28,695 [4c0a5098-e377-4fbc-882f-38eb7693a6cf-groupManagement] INFO  server.RaftServerConfigKeys (ConfUtils.java:logGet(46)) - raft.server.log.corruption.policy = EXCEPTION (default)
2023-09-07 20:27:28,695 [4c0a5098-e377-4fbc-882f-38eb7693a6cf-groupManagement] INFO  server.RaftServerConfigKeys (ConfUtils.java:logGet(46)) - raft.server.storage.free-space.min = 0MB (=0) (default)
2023-09-07 20:27:28,696 [4c0a5098-e377-4fbc-882f-38eb7693a6cf-groupManagement] INFO  server.RaftServerConfigKeys (ConfUtils.java:logGet(46)) - raft.server.notification.no-leader.timeout = 300s (custom)
2023-09-07 20:27:28,696 [4c0a5098-e377-4fbc-882f-38eb7693a6cf-groupManagement] INFO  server.RaftServerConfigKeys (ConfUtils.java:logGet(46)) - raft.server.read.timeout = 10s (default)
2023-09-07 20:27:28,696 [4c0a5098-e377-4fbc-882f-38eb7693a6cf-groupManagement] INFO  server.RaftServerConfigKeys (ConfUtils.java:logGet(46)) - raft.server.retrycache.expirytime = 600000ms (custom)
2023-09-07 20:27:28,696 [4c0a5098-e377-4fbc-882f-38eb7693a6cf-groupManagement] INFO  server.RaftServerConfigKeys (ConfUtils.java:logGet(46)) - raft.server.retrycache.statistics.expirytime = 100μs (default)
2023-09-07 20:27:28,696 [4c0a5098-e377-4fbc-882f-38eb7693a6cf-groupManagement] INFO  server.RaftServerConfigKeys (ConfUtils.java:logGet(46)) - raft.server.read.option = DEFAULT (default)
2023-09-07 20:27:28,699 [4c0a5098-e377-4fbc-882f-38eb7693a6cf-groupManagement] INFO  server.RaftServerConfigKeys (ConfUtils.java:logGet(46)) - raft.server.rpc.request.timeout = 60s (custom)
2023-09-07 20:27:28,699 [4c0a5098-e377-4fbc-882f-38eb7693a6cf-groupManagement] INFO  server.RaftServerConfigKeys (ConfUtils.java:logGet(46)) - raft.server.log.appender.install.snapshot.enabled = false (custom)
2023-09-07 20:27:28,700 [4c0a5098-e377-4fbc-882f-38eb7693a6cf-groupManagement] INFO  server.RaftServerConfigKeys (ConfUtils.java:logGet(46)) - raft.server.threadpool.server.cached = true (default)
2023-09-07 20:27:28,700 [4c0a5098-e377-4fbc-882f-38eb7693a6cf-groupManagement] INFO  server.RaftServerConfigKeys (ConfUtils.java:logGet(46)) - raft.server.threadpool.server.size = 0 (default)
2023-09-07 20:27:28,700 [4c0a5098-e377-4fbc-882f-38eb7693a6cf-groupManagement] INFO  server.RaftServerConfigKeys (ConfUtils.java:logGet(46)) - raft.server.threadpool.client.cached = true (default)
2023-09-07 20:27:28,700 [4c0a5098-e377-4fbc-882f-38eb7693a6cf-groupManagement] INFO  server.RaftServerConfigKeys (ConfUtils.java:logGet(46)) - raft.server.threadpool.client.size = 0 (default)
2023-09-07 20:27:28,700 [4c0a5098-e377-4fbc-882f-38eb7693a6cf-groupManagement] INFO  storage.RaftStorageDirectory (RaftStorageDirectoryImpl.java:analyzeStorage(137)) - The storage directory /home/runner/work/ozone/ozone/hadoop-ozone/integration-test/target/test-dir/MiniOzoneClusterImpl-4ce661d8-ac2f-48de-9281-714c9e7643bd/datanode-0/data/ratis/91cba4c6-9cb8-45b9-8452-c8b31c760bf2 does not exist. Creating ...
2023-09-07 20:27:28,702 [4c0a5098-e377-4fbc-882f-38eb7693a6cf-groupManagement] INFO  storage.RaftStorageDirectory (RaftStorageDirectoryImpl.java:tryLock(231)) - Lock on /home/runner/work/ozone/ozone/hadoop-ozone/integration-test/target/test-dir/MiniOzoneClusterImpl-4ce661d8-ac2f-48de-9281-714c9e7643bd/datanode-0/data/ratis/91cba4c6-9cb8-45b9-8452-c8b31c760bf2/in_use.lock acquired by nodename 7625@fv-az259-394
2023-09-07 20:27:28,704 [4c0a5098-e377-4fbc-882f-38eb7693a6cf-groupManagement] INFO  storage.RaftStorage (RaftStorageImpl.java:format(96)) - Storage directory /home/runner/work/ozone/ozone/hadoop-ozone/integration-test/target/test-dir/MiniOzoneClusterImpl-4ce661d8-ac2f-48de-9281-714c9e7643bd/datanode-0/data/ratis/91cba4c6-9cb8-45b9-8452-c8b31c760bf2 has been successfully formatted.
2023-09-07 20:27:28,711 [4c0a5098-e377-4fbc-882f-38eb7693a6cf-groupManagement] INFO  ratis.ContainerStateMachine (ContainerStateMachine.java:loadSnapshot(262)) - group-C8B31C760BF2: The snapshot info is null. Setting the last applied indexto:(t:0, i:~)
2023-09-07 20:27:28,711 [4c0a5098-e377-4fbc-882f-38eb7693a6cf-groupManagement] INFO  server.RaftServerConfigKeys (ConfUtils.java:logGet(46)) - raft.server.log.use.memory = false (default)
2023-09-07 20:27:28,712 [4c0a5098-e377-4fbc-882f-38eb7693a6cf-groupManagement] INFO  server.RaftServerConfigKeys (ConfUtils.java:logGet(46)) - raft.server.log.purge.gap = 1000000 (custom)
2023-09-07 20:27:28,712 [4c0a5098-e377-4fbc-882f-38eb7693a6cf-groupManagement] INFO  server.RaftServerConfigKeys (ConfUtils.java:logGet(46)) - raft.server.log.appender.buffer.byte-limit = 33554432 (custom)
2023-09-07 20:27:28,712 [4c0a5098-e377-4fbc-882f-38eb7693a6cf-groupManagement] INFO  server.RaftServerConfigKeys (ConfUtils.java:logGet(46)) - raft.server.log.statemachine.data.read.timeout = 1000ms (default)
2023-09-07 20:27:28,712 [4c0a5098-e377-4fbc-882f-38eb7693a6cf-groupManagement] INFO  server.RaftServerConfigKeys (ConfUtils.java:logGet(46)) - raft.server.log.purge.preservation.log.num = 0 (default)
2023-09-07 20:27:28,717 [4c0a5098-e377-4fbc-882f-38eb7693a6cf-groupManagement] INFO  server.RaftServerConfigKeys (ConfUtils.java:logGet(46)) - raft.server.log.segment.size.max = 1048576 (custom)
2023-09-07 20:27:28,725 [4c0a5098-e377-4fbc-882f-38eb7693a6cf-groupManagement] INFO  server.RaftServerConfigKeys (ConfUtils.java:logGet(46)) - raft.server.log.segment.cache.num.max = 2 (custom)
2023-09-07 20:27:28,725 [4c0a5098-e377-4fbc-882f-38eb7693a6cf-groupManagement] INFO  server.RaftServerConfigKeys (ConfUtils.java:logGet(46)) - raft.server.log.segment.cache.size.max = 200MB (=209715200) (default)
2023-09-07 20:27:28,725 [4c0a5098-e377-4fbc-882f-38eb7693a6cf-groupManagement] INFO  server.RaftServerConfigKeys (ConfUtils.java:logGet(46)) - raft.server.log.appender.buffer.byte-limit = 33554432 (custom)
2023-09-07 20:27:28,725 [4c0a5098-e377-4fbc-882f-38eb7693a6cf-groupManagement] INFO  segmented.SegmentedRaftLogWorker (SegmentedRaftLogWorker.java:<init>(188)) - new 4c0a5098-e377-4fbc-882f-38eb7693a6cf@group-C8B31C760BF2-SegmentedRaftLogWorker for RaftStorageImpl:Storage Directory /home/runner/work/ozone/ozone/hadoop-ozone/integration-test/target/test-dir/MiniOzoneClusterImpl-4ce661d8-ac2f-48de-9281-714c9e7643bd/datanode-0/data/ratis/91cba4c6-9cb8-45b9-8452-c8b31c760bf2
2023-09-07 20:27:28,725 [4c0a5098-e377-4fbc-882f-38eb7693a6cf-groupManagement] INFO  server.RaftServerConfigKeys (ConfUtils.java:logGet(46)) - raft.server.log.queue.byte-limit = 4294967296 (custom)
2023-09-07 20:27:28,725 [4c0a5098-e377-4fbc-882f-38eb7693a6cf-groupManagement] INFO  server.RaftServerConfigKeys (ConfUtils.java:logGet(46)) - raft.server.log.queue.element-limit = 1024 (custom)
2023-09-07 20:27:28,725 [4c0a5098-e377-4fbc-882f-38eb7693a6cf-groupManagement] INFO  server.RaftServerConfigKeys (ConfUtils.java:logGet(46)) - raft.server.log.segment.size.max = 1048576 (custom)
2023-09-07 20:27:28,726 [4c0a5098-e377-4fbc-882f-38eb7693a6cf-groupManagement] INFO  server.RaftServerConfigKeys (ConfUtils.java:logGet(46)) - raft.server.log.preallocated.size = 16384 (custom)
2023-09-07 20:27:28,740 [4c0a5098-e377-4fbc-882f-38eb7693a6cf-groupManagement] INFO  server.RaftServerConfigKeys (ConfUtils.java:logGet(46)) - raft.server.log.force.sync.num = 128 (default)
2023-09-07 20:27:28,740 [4c0a5098-e377-4fbc-882f-38eb7693a6cf-groupManagement] INFO  server.RaftServerConfigKeys (ConfUtils.java:logGet(46)) - raft.server.log.statemachine.data.sync = true (default)
2023-09-07 20:27:28,740 [4c0a5098-e377-4fbc-882f-38eb7693a6cf-groupManagement] INFO  server.RaftServerConfigKeys (ConfUtils.java:logGet(46)) - raft.server.log.statemachine.data.sync.timeout = 10s (default)
2023-09-07 20:27:28,740 [4c0a5098-e377-4fbc-882f-38eb7693a6cf-groupManagement] INFO  server.RaftServerConfigKeys (ConfUtils.java:logGet(46)) - raft.server.log.statemachine.data.sync.timeout.retry = -1 (default)
2023-09-07 20:27:28,743 [4c0a5098-e377-4fbc-882f-38eb7693a6cf-groupManagement] INFO  server.RaftServerConfigKeys (ConfUtils.java:logGet(46)) - raft.server.log.write.buffer.size = 1048576 (custom)
2023-09-07 20:27:28,744 [4c0a5098-e377-4fbc-882f-38eb7693a6cf-groupManagement] INFO  server.RaftServerConfigKeys (ConfUtils.java:logGet(46)) - raft.server.log.appender.buffer.byte-limit = 33554432 (custom)
2023-09-07 20:27:28,751 [EventQueue-PipelineReportForPipelineReportHandler] INFO  pipeline.PipelineReportHandler (PipelineReportHandler.java:processPipelineReport(136)) - Opened pipeline PipelineID=91cba4c6-9cb8-45b9-8452-c8b31c760bf2
2023-09-07 20:27:28,753 [4c0a5098-e377-4fbc-882f-38eb7693a6cf-groupManagement] INFO  server.RaftServerConfigKeys (ConfUtils.java:logGet(46)) - raft.server.log.unsafe-flush.enabled = false (default)
2023-09-07 20:27:28,753 [4c0a5098-e377-4fbc-882f-38eb7693a6cf-groupManagement] INFO  server.RaftServerConfigKeys (ConfUtils.java:logGet(46)) - raft.server.log.async-flush.enabled = false (default)
2023-09-07 20:27:28,753 [4c0a5098-e377-4fbc-882f-38eb7693a6cf-groupManagement] INFO  server.RaftServerConfigKeys (ConfUtils.java:logGet(46)) - raft.server.log.statemachine.data.caching.enabled = true (custom)
2023-09-07 20:27:28,753 [4c0a5098-e377-4fbc-882f-38eb7693a6cf-groupManagement] INFO  segmented.SegmentedRaftLogWorker (SegmentedRaftLogWorker.java:lambda$new$0(135)) - 4c0a5098-e377-4fbc-882f-38eb7693a6cf@group-C8B31C760BF2-SegmentedRaftLogWorker: flushIndex: setUnconditionally 0 -> -1
2023-09-07 20:27:28,753 [4c0a5098-e377-4fbc-882f-38eb7693a6cf-groupManagement] INFO  segmented.SegmentedRaftLogWorker (SegmentedRaftLogWorker.java:lambda$new$0(135)) - 4c0a5098-e377-4fbc-882f-38eb7693a6cf@group-C8B31C760BF2-SegmentedRaftLogWorker: safeCacheEvictIndex: setUnconditionally 0 -> -1
2023-09-07 20:27:28,754 [4c0a5098-e377-4fbc-882f-38eb7693a6cf-groupManagement] INFO  server.RaftServer$Division (RaftServerImpl.java:start(342)) - 4c0a5098-e377-4fbc-882f-38eb7693a6cf@group-C8B31C760BF2: start as a follower, conf=-1: peers:[4c0a5098-e377-4fbc-882f-38eb7693a6cf|rpc:10.1.0.11:15014|admin:10.1.0.11:15013|client:10.1.0.11:15012|dataStream:10.1.0.11:15015|priority:1|startupRole:FOLLOWER]|listeners:[], old=null
2023-09-07 20:27:28,754 [4c0a5098-e377-4fbc-882f-38eb7693a6cf-groupManagement] INFO  server.RaftServer$Division (RaftServerImpl.java:setRole(329)) - 4c0a5098-e377-4fbc-882f-38eb7693a6cf@group-C8B31C760BF2: changes role from      null to FOLLOWER at term 0 for startAsFollower
2023-09-07 20:27:28,754 [4c0a5098-e377-4fbc-882f-38eb7693a6cf-groupManagement] INFO  impl.RoleInfo (RoleInfo.java:updateAndGet(139)) - 4c0a5098-e377-4fbc-882f-38eb7693a6cf: start 4c0a5098-e377-4fbc-882f-38eb7693a6cf@group-C8B31C760BF2-FollowerState
2023-09-07 20:27:28,755 [EventQueue-OpenPipelineForHealthyPipelineSafeModeRule] INFO  safemode.SCMSafeModeManager (HealthyPipelineSafeModeRule.java:process(137)) - SCM in safe mode. Healthy pipelines reported count is 0, required healthy pipeline reported count is 1
2023-09-07 20:27:28,755 [4c0a5098-e377-4fbc-882f-38eb7693a6cf-groupManagement] INFO  util.JmxRegister (JmxRegister.java:tryRegister(44)) - Successfully registered JMX Bean with object name Ratis:service=RaftServer,group=group-C8B31C760BF2,id=4c0a5098-e377-4fbc-882f-38eb7693a6cf
2023-09-07 20:27:28,756 [4c0a5098-e377-4fbc-882f-38eb7693a6cf-groupManagement] INFO  server.RaftServerConfigKeys (ConfUtils.java:logGet(46)) - raft.server.snapshot.auto.trigger.enabled = true (custom)
2023-09-07 20:27:28,756 [4c0a5098-e377-4fbc-882f-38eb7693a6cf-groupManagement] INFO  server.RaftServerConfigKeys (ConfUtils.java:logGet(46)) - raft.server.snapshot.auto.trigger.threshold = 10000 (custom)
2023-09-07 20:27:28,756 [4c0a5098-e377-4fbc-882f-38eb7693a6cf-groupManagement] INFO  server.RaftServerConfigKeys (ConfUtils.java:logGet(46)) - raft.server.snapshot.retention.file.num = 5 (custom)
2023-09-07 20:27:28,756 [4c0a5098-e377-4fbc-882f-38eb7693a6cf-groupManagement] INFO  server.RaftServerConfigKeys (ConfUtils.java:logGet(46)) - raft.server.log.purge.upto.snapshot.index = false (default)
2023-09-07 20:27:28,757 [4c0a5098-e377-4fbc-882f-38eb7693a6cf@group-C8B31C760BF2-FollowerState] INFO  server.RaftServerConfigKeys (ConfUtils.java:logFallback(53)) - raft.server.rpc.first-election.timeout.min = 5s (fallback to raft.server.rpc.timeout.min)
2023-09-07 20:27:28,757 [4c0a5098-e377-4fbc-882f-38eb7693a6cf@group-C8B31C760BF2-FollowerState] INFO  server.RaftServerConfigKeys (ConfUtils.java:logFallback(53)) - raft.server.rpc.first-election.timeout.max = 5200ms (fallback to raft.server.rpc.timeout.max)
2023-09-07 20:27:28,767 [PipelineCommandHandlerThread-0] INFO  ratis.XceiverServerRatis (XceiverServerRatis.java:addGroup(804)) - Created group PipelineID=91cba4c6-9cb8-45b9-8452-c8b31c760bf2
2023-09-07 20:27:28,768 [PipelineCommandHandlerThread-0] INFO  commandhandler.CreatePipelineCommandHandler (CreatePipelineCommandHandler.java:lambda$handle$2(124)) - Created Pipeline RATIS ONE PipelineID=91cba4c6-9cb8-45b9-8452-c8b31c760bf2.
2023-09-07 20:27:28,769 [PipelineCommandHandlerThread-0] INFO  server.RaftServer (RaftServerProxy.java:addNew(98)) - 4c0a5098-e377-4fbc-882f-38eb7693a6cf: addNew group-3437F87ABA2C:[22c736ca-ae96-41a9-953f-e3c60311c10c|rpc:10.1.0.11:15023|admin:10.1.0.11:15022|client:10.1.0.11:15021|dataStream:10.1.0.11:15024|priority:0|startupRole:FOLLOWER, d960e1ec-e2de-43a1-b7f8-937811771cc3|rpc:10.1.0.11:15032|admin:10.1.0.11:15031|client:10.1.0.11:15030|dataStream:10.1.0.11:15033|priority:0|startupRole:FOLLOWER, 4c0a5098-e377-4fbc-882f-38eb7693a6cf|rpc:10.1.0.11:15014|admin:10.1.0.11:15013|client:10.1.0.11:15012|dataStream:10.1.0.11:15015|priority:1|startupRole:FOLLOWER] returns group-3437F87ABA2C:java.util.concurrent.CompletableFuture@1167aa72[Not completed]
2023-09-07 20:27:28,771 [4c0a5098-e377-4fbc-882f-38eb7693a6cf-groupManagement] INFO  server.RaftServer$Division (RaftServerImpl.java:<init>(198)) - 4c0a5098-e377-4fbc-882f-38eb7693a6cf: new RaftServerImpl for group-3437F87ABA2C:[22c736ca-ae96-41a9-953f-e3c60311c10c|rpc:10.1.0.11:15023|admin:10.1.0.11:15022|client:10.1.0.11:15021|dataStream:10.1.0.11:15024|priority:0|startupRole:FOLLOWER, d960e1ec-e2de-43a1-b7f8-937811771cc3|rpc:10.1.0.11:15032|admin:10.1.0.11:15031|client:10.1.0.11:15030|dataStream:10.1.0.11:15033|priority:0|startupRole:FOLLOWER, 4c0a5098-e377-4fbc-882f-38eb7693a6cf|rpc:10.1.0.11:15014|admin:10.1.0.11:15013|client:10.1.0.11:15012|dataStream:10.1.0.11:15015|priority:1|startupRole:FOLLOWER] with ContainerStateMachine:uninitialized
2023-09-07 20:27:28,771 [4c0a5098-e377-4fbc-882f-38eb7693a6cf-groupManagement] INFO  server.RaftServerConfigKeys (ConfUtils.java:logGet(46)) - raft.server.rpc.timeout.min = 5s (custom)
2023-09-07 20:27:28,771 [4c0a5098-e377-4fbc-882f-38eb7693a6cf-groupManagement] INFO  server.RaftServerConfigKeys (ConfUtils.java:logGet(46)) - raft.server.rpc.timeout.max = 5200ms (custom)
2023-09-07 20:27:28,771 [4c0a5098-e377-4fbc-882f-38eb7693a6cf-groupManagement] INFO  server.RaftServerConfigKeys (ConfUtils.java:logGet(46)) - raft.server.rpc.sleep.time = 25ms (default)
2023-09-07 20:27:28,771 [4c0a5098-e377-4fbc-882f-38eb7693a6cf-groupManagement] INFO  server.RaftServerConfigKeys (ConfUtils.java:logGet(46)) - raft.server.rpc.slowness.timeout = 300s (custom)
2023-09-07 20:27:28,771 [4c0a5098-e377-4fbc-882f-38eb7693a6cf-groupManagement] INFO  server.RaftServerConfigKeys (ConfUtils.java:logGet(46)) - raft.server.leaderelection.leader.step-down.wait-time = 10s (default)
2023-09-07 20:27:28,771 [4c0a5098-e377-4fbc-882f-38eb7693a6cf-groupManagement] INFO  server.RaftServerConfigKeys (ConfUtils.java:logGet(46)) - raft.server.sleep.deviation.threshold = 300ms (default)
2023-09-07 20:27:28,771 [4c0a5098-e377-4fbc-882f-38eb7693a6cf-groupManagement] INFO  server.RaftServer$Division (ServerState.java:<init>(120)) - 4c0a5098-e377-4fbc-882f-38eb7693a6cf@group-3437F87ABA2C: ConfigurationManager, init=-1: peers:[22c736ca-ae96-41a9-953f-e3c60311c10c|rpc:10.1.0.11:15023|admin:10.1.0.11:15022|client:10.1.0.11:15021|dataStream:10.1.0.11:15024|priority:0|startupRole:FOLLOWER, d960e1ec-e2de-43a1-b7f8-937811771cc3|rpc:10.1.0.11:15032|admin:10.1.0.11:15031|client:10.1.0.11:15030|dataStream:10.1.0.11:15033|priority:0|startupRole:FOLLOWER, 4c0a5098-e377-4fbc-882f-38eb7693a6cf|rpc:10.1.0.11:15014|admin:10.1.0.11:15013|client:10.1.0.11:15012|dataStream:10.1.0.11:15015|priority:1|startupRole:FOLLOWER]|listeners:[], old=null, confs=<EMPTY_MAP>
2023-09-07 20:27:28,772 [4c0a5098-e377-4fbc-882f-38eb7693a6cf-groupManagement] INFO  server.RaftServerConfigKeys (ConfUtils.java:logGet(46)) - raft.server.storage.dir = [/home/runner/work/ozone/ozone/hadoop-ozone/integration-test/target/test-dir/MiniOzoneClusterImpl-4ce661d8-ac2f-48de-9281-714c9e7643bd/datanode-0/data/ratis] (custom)
2023-09-07 20:27:28,772 [4c0a5098-e377-4fbc-882f-38eb7693a6cf-groupManagement] INFO  server.RaftServerConfigKeys (ConfUtils.java:logGet(46)) - raft.server.log.corruption.policy = EXCEPTION (default)
2023-09-07 20:27:28,772 [4c0a5098-e377-4fbc-882f-38eb7693a6cf-groupManagement] INFO  server.RaftServerConfigKeys (ConfUtils.java:logGet(46)) - raft.server.storage.free-space.min = 0MB (=0) (default)
2023-09-07 20:27:28,772 [4c0a5098-e377-4fbc-882f-38eb7693a6cf-groupManagement] INFO  server.RaftServerConfigKeys (ConfUtils.java:logGet(46)) - raft.server.notification.no-leader.timeout = 300s (custom)
2023-09-07 20:27:28,772 [4c0a5098-e377-4fbc-882f-38eb7693a6cf-groupManagement] INFO  server.RaftServerConfigKeys (ConfUtils.java:logGet(46)) - raft.server.read.timeout = 10s (default)
2023-09-07 20:27:28,772 [4c0a5098-e377-4fbc-882f-38eb7693a6cf-groupManagement] INFO  server.RaftServerConfigKeys (ConfUtils.java:logGet(46)) - raft.server.retrycache.expirytime = 600000ms (custom)
2023-09-07 20:27:28,772 [4c0a5098-e377-4fbc-882f-38eb7693a6cf-groupManagement] INFO  server.RaftServerConfigKeys (ConfUtils.java:logGet(46)) - raft.server.retrycache.statistics.expirytime = 100μs (default)
2023-09-07 20:27:28,772 [4c0a5098-e377-4fbc-882f-38eb7693a6cf-groupManagement] INFO  server.RaftServerConfigKeys (ConfUtils.java:logGet(46)) - raft.server.read.option = DEFAULT (default)
2023-09-07 20:27:28,775 [4c0a5098-e377-4fbc-882f-38eb7693a6cf-groupManagement] INFO  server.RaftServerConfigKeys (ConfUtils.java:logGet(46)) - raft.server.rpc.request.timeout = 60s (custom)
2023-09-07 20:27:28,775 [4c0a5098-e377-4fbc-882f-38eb7693a6cf-groupManagement] INFO  server.RaftServerConfigKeys (ConfUtils.java:logGet(46)) - raft.server.log.appender.install.snapshot.enabled = false (custom)
2023-09-07 20:27:28,776 [4c0a5098-e377-4fbc-882f-38eb7693a6cf-groupManagement] INFO  server.RaftServerConfigKeys (ConfUtils.java:logGet(46)) - raft.server.threadpool.server.cached = true (default)
2023-09-07 20:27:28,776 [4c0a5098-e377-4fbc-882f-38eb7693a6cf-groupManagement] INFO  server.RaftServerConfigKeys (ConfUtils.java:logGet(46)) - raft.server.threadpool.server.size = 0 (default)
2023-09-07 20:27:28,776 [4c0a5098-e377-4fbc-882f-38eb7693a6cf-groupManagement] INFO  server.RaftServerConfigKeys (ConfUtils.java:logGet(46)) - raft.server.threadpool.client.cached = true (default)
2023-09-07 20:27:28,776 [4c0a5098-e377-4fbc-882f-38eb7693a6cf-groupManagement] INFO  server.RaftServerConfigKeys (ConfUtils.java:logGet(46)) - raft.server.threadpool.client.size = 0 (default)
2023-09-07 20:27:28,776 [4c0a5098-e377-4fbc-882f-38eb7693a6cf-groupManagement] INFO  storage.RaftStorageDirectory (RaftStorageDirectoryImpl.java:analyzeStorage(137)) - The storage directory /home/runner/work/ozone/ozone/hadoop-ozone/integration-test/target/test-dir/MiniOzoneClusterImpl-4ce661d8-ac2f-48de-9281-714c9e7643bd/datanode-0/data/ratis/613597bd-0b08-4926-9cc2-3437f87aba2c does not exist. Creating ...
2023-09-07 20:27:28,778 [4c0a5098-e377-4fbc-882f-38eb7693a6cf-groupManagement] INFO  storage.RaftStorageDirectory (RaftStorageDirectoryImpl.java:tryLock(231)) - Lock on /home/runner/work/ozone/ozone/hadoop-ozone/integration-test/target/test-dir/MiniOzoneClusterImpl-4ce661d8-ac2f-48de-9281-714c9e7643bd/datanode-0/data/ratis/613597bd-0b08-4926-9cc2-3437f87aba2c/in_use.lock acquired by nodename 7625@fv-az259-394
2023-09-07 20:27:28,780 [4c0a5098-e377-4fbc-882f-38eb7693a6cf-groupManagement] INFO  storage.RaftStorage (RaftStorageImpl.java:format(96)) - Storage directory /home/runner/work/ozone/ozone/hadoop-ozone/integration-test/target/test-dir/MiniOzoneClusterImpl-4ce661d8-ac2f-48de-9281-714c9e7643bd/datanode-0/data/ratis/613597bd-0b08-4926-9cc2-3437f87aba2c has been successfully formatted.
2023-09-07 20:27:28,781 [4c0a5098-e377-4fbc-882f-38eb7693a6cf-groupManagement] INFO  ratis.ContainerStateMachine (ContainerStateMachine.java:loadSnapshot(262)) - group-3437F87ABA2C: The snapshot info is null. Setting the last applied indexto:(t:0, i:~)
2023-09-07 20:27:28,781 [4c0a5098-e377-4fbc-882f-38eb7693a6cf-groupManagement] INFO  server.RaftServerConfigKeys (ConfUtils.java:logGet(46)) - raft.server.log.use.memory = false (default)
2023-09-07 20:27:28,792 [4c0a5098-e377-4fbc-882f-38eb7693a6cf-groupManagement] INFO  server.RaftServerConfigKeys (ConfUtils.java:logGet(46)) - raft.server.log.purge.gap = 1000000 (custom)
2023-09-07 20:27:28,792 [4c0a5098-e377-4fbc-882f-38eb7693a6cf-groupManagement] INFO  server.RaftServerConfigKeys (ConfUtils.java:logGet(46)) - raft.server.log.appender.buffer.byte-limit = 33554432 (custom)
2023-09-07 20:27:28,792 [4c0a5098-e377-4fbc-882f-38eb7693a6cf-groupManagement] INFO  server.RaftServerConfigKeys (ConfUtils.java:logGet(46)) - raft.server.log.statemachine.data.read.timeout = 1000ms (default)
2023-09-07 20:27:28,792 [4c0a5098-e377-4fbc-882f-38eb7693a6cf-groupManagement] INFO  server.RaftServerConfigKeys (ConfUtils.java:logGet(46)) - raft.server.log.purge.preservation.log.num = 0 (default)
2023-09-07 20:27:28,793 [4c0a5098-e377-4fbc-882f-38eb7693a6cf-groupManagement] INFO  server.RaftServerConfigKeys (ConfUtils.java:logGet(46)) - raft.server.log.segment.size.max = 1048576 (custom)
2023-09-07 20:27:28,794 [EventQueue-OpenPipelineForHealthyPipelineSafeModeRule] INFO  safemode.SCMSafeModeManager (HealthyPipelineSafeModeRule.java:process(137)) - SCM in safe mode. Healthy pipelines reported count is 0, required healthy pipeline reported count is 1
2023-09-07 20:27:28,795 [4c0a5098-e377-4fbc-882f-38eb7693a6cf-groupManagement] INFO  server.RaftServerConfigKeys (ConfUtils.java:logGet(46)) - raft.server.log.segment.cache.num.max = 2 (custom)
2023-09-07 20:27:28,796 [4c0a5098-e377-4fbc-882f-38eb7693a6cf-groupManagement] INFO  server.RaftServerConfigKeys (ConfUtils.java:logGet(46)) - raft.server.log.segment.cache.size.max = 200MB (=209715200) (default)
2023-09-07 20:27:28,796 [4c0a5098-e377-4fbc-882f-38eb7693a6cf-groupManagement] INFO  server.RaftServerConfigKeys (ConfUtils.java:logGet(46)) - raft.server.log.appender.buffer.byte-limit = 33554432 (custom)
2023-09-07 20:27:28,797 [4c0a5098-e377-4fbc-882f-38eb7693a6cf-groupManagement] INFO  segmented.SegmentedRaftLogWorker (SegmentedRaftLogWorker.java:<init>(188)) - new 4c0a5098-e377-4fbc-882f-38eb7693a6cf@group-3437F87ABA2C-SegmentedRaftLogWorker for RaftStorageImpl:Storage Directory /home/runner/work/ozone/ozone/hadoop-ozone/integration-test/target/test-dir/MiniOzoneClusterImpl-4ce661d8-ac2f-48de-9281-714c9e7643bd/datanode-0/data/ratis/613597bd-0b08-4926-9cc2-3437f87aba2c
2023-09-07 20:27:28,797 [4c0a5098-e377-4fbc-882f-38eb7693a6cf-groupManagement] INFO  server.RaftServerConfigKeys (ConfUtils.java:logGet(46)) - raft.server.log.queue.byte-limit = 4294967296 (custom)
2023-09-07 20:27:28,797 [4c0a5098-e377-4fbc-882f-38eb7693a6cf-groupManagement] INFO  server.RaftServerConfigKeys (ConfUtils.java:logGet(46)) - raft.server.log.queue.element-limit = 1024 (custom)
2023-09-07 20:27:28,797 [4c0a5098-e377-4fbc-882f-38eb7693a6cf-groupManagement] INFO  server.RaftServerConfigKeys (ConfUtils.java:logGet(46)) - raft.server.log.segment.size.max = 1048576 (custom)
2023-09-07 20:27:28,797 [4c0a5098-e377-4fbc-882f-38eb7693a6cf-groupManagement] INFO  server.RaftServerConfigKeys (ConfUtils.java:logGet(46)) - raft.server.log.preallocated.size = 16384 (custom)
2023-09-07 20:27:28,797 [4c0a5098-e377-4fbc-882f-38eb7693a6cf-groupManagement] INFO  server.RaftServerConfigKeys (ConfUtils.java:logGet(46)) - raft.server.log.force.sync.num = 128 (default)
2023-09-07 20:27:28,797 [4c0a5098-e377-4fbc-882f-38eb7693a6cf-groupManagement] INFO  server.RaftServerConfigKeys (ConfUtils.java:logGet(46)) - raft.server.log.statemachine.data.sync = true (default)
2023-09-07 20:27:28,797 [4c0a5098-e377-4fbc-882f-38eb7693a6cf-groupManagement] INFO  server.RaftServerConfigKeys (ConfUtils.java:logGet(46)) - raft.server.log.statemachine.data.sync.timeout = 10s (default)
2023-09-07 20:27:28,798 [4c0a5098-e377-4fbc-882f-38eb7693a6cf-groupManagement] INFO  server.RaftServerConfigKeys (ConfUtils.java:logGet(46)) - raft.server.log.statemachine.data.sync.timeout.retry = -1 (default)
2023-09-07 20:27:28,800 [4c0a5098-e377-4fbc-882f-38eb7693a6cf-groupManagement] INFO  server.RaftServerConfigKeys (ConfUtils.java:logGet(46)) - raft.server.log.write.buffer.size = 1048576 (custom)
2023-09-07 20:27:28,801 [4c0a5098-e377-4fbc-882f-38eb7693a6cf-groupManagement] INFO  server.RaftServerConfigKeys (ConfUtils.java:logGet(46)) - raft.server.log.appender.buffer.byte-limit = 33554432 (custom)
2023-09-07 20:27:28,807 [4c0a5098-e377-4fbc-882f-38eb7693a6cf-groupManagement] INFO  server.RaftServerConfigKeys (ConfUtils.java:logGet(46)) - raft.server.log.unsafe-flush.enabled = false (default)
2023-09-07 20:27:28,807 [4c0a5098-e377-4fbc-882f-38eb7693a6cf-groupManagement] INFO  server.RaftServerConfigKeys (ConfUtils.java:logGet(46)) - raft.server.log.async-flush.enabled = false (default)
2023-09-07 20:27:28,807 [4c0a5098-e377-4fbc-882f-38eb7693a6cf-groupManagement] INFO  server.RaftServerConfigKeys (ConfUtils.java:logGet(46)) - raft.server.log.statemachine.data.caching.enabled = true (custom)
2023-09-07 20:27:28,808 [4c0a5098-e377-4fbc-882f-38eb7693a6cf-groupManagement] INFO  segmented.SegmentedRaftLogWorker (SegmentedRaftLogWorker.java:lambda$new$0(135)) - 4c0a5098-e377-4fbc-882f-38eb7693a6cf@group-3437F87ABA2C-SegmentedRaftLogWorker: flushIndex: setUnconditionally 0 -> -1
2023-09-07 20:27:28,808 [4c0a5098-e377-4fbc-882f-38eb7693a6cf-groupManagement] INFO  segmented.SegmentedRaftLogWorker (SegmentedRaftLogWorker.java:lambda$new$0(135)) - 4c0a5098-e377-4fbc-882f-38eb7693a6cf@group-3437F87ABA2C-SegmentedRaftLogWorker: safeCacheEvictIndex: setUnconditionally 0 -> -1
2023-09-07 20:27:28,808 [4c0a5098-e377-4fbc-882f-38eb7693a6cf-groupManagement] INFO  server.RaftServer$Division (RaftServerImpl.java:start(342)) - 4c0a5098-e377-4fbc-882f-38eb7693a6cf@group-3437F87ABA2C: start as a follower, conf=-1: peers:[22c736ca-ae96-41a9-953f-e3c60311c10c|rpc:10.1.0.11:15023|admin:10.1.0.11:15022|client:10.1.0.11:15021|dataStream:10.1.0.11:15024|priority:0|startupRole:FOLLOWER, d960e1ec-e2de-43a1-b7f8-937811771cc3|rpc:10.1.0.11:15032|admin:10.1.0.11:15031|client:10.1.0.11:15030|dataStream:10.1.0.11:15033|priority:0|startupRole:FOLLOWER, 4c0a5098-e377-4fbc-882f-38eb7693a6cf|rpc:10.1.0.11:15014|admin:10.1.0.11:15013|client:10.1.0.11:15012|dataStream:10.1.0.11:15015|priority:1|startupRole:FOLLOWER]|listeners:[], old=null
2023-09-07 20:27:28,808 [4c0a5098-e377-4fbc-882f-38eb7693a6cf-groupManagement] INFO  server.RaftServer$Division (RaftServerImpl.java:setRole(329)) - 4c0a5098-e377-4fbc-882f-38eb7693a6cf@group-3437F87ABA2C: changes role from      null to FOLLOWER at term 0 for startAsFollower
2023-09-07 20:27:28,809 [4c0a5098-e377-4fbc-882f-38eb7693a6cf-groupManagement] INFO  impl.RoleInfo (RoleInfo.java:updateAndGet(139)) - 4c0a5098-e377-4fbc-882f-38eb7693a6cf: start 4c0a5098-e377-4fbc-882f-38eb7693a6cf@group-3437F87ABA2C-FollowerState
2023-09-07 20:27:28,809 [4c0a5098-e377-4fbc-882f-38eb7693a6cf-groupManagement] INFO  util.JmxRegister (JmxRegister.java:tryRegister(44)) - Successfully registered JMX Bean with object name Ratis:service=RaftServer,group=group-3437F87ABA2C,id=4c0a5098-e377-4fbc-882f-38eb7693a6cf
2023-09-07 20:27:28,809 [4c0a5098-e377-4fbc-882f-38eb7693a6cf-groupManagement] INFO  server.RaftServerConfigKeys (ConfUtils.java:logGet(46)) - raft.server.snapshot.auto.trigger.enabled = true (custom)
2023-09-07 20:27:28,809 [4c0a5098-e377-4fbc-882f-38eb7693a6cf-groupManagement] INFO  server.RaftServerConfigKeys (ConfUtils.java:logGet(46)) - raft.server.snapshot.auto.trigger.threshold = 10000 (custom)
2023-09-07 20:27:28,809 [4c0a5098-e377-4fbc-882f-38eb7693a6cf-groupManagement] INFO  server.RaftServerConfigKeys (ConfUtils.java:logGet(46)) - raft.server.snapshot.retention.file.num = 5 (custom)
2023-09-07 20:27:28,809 [4c0a5098-e377-4fbc-882f-38eb7693a6cf-groupManagement] INFO  server.RaftServerConfigKeys (ConfUtils.java:logGet(46)) - raft.server.log.purge.upto.snapshot.index = false (default)
2023-09-07 20:27:28,811 [4c0a5098-e377-4fbc-882f-38eb7693a6cf@group-3437F87ABA2C-FollowerState] INFO  server.RaftServerConfigKeys (ConfUtils.java:logFallback(53)) - raft.server.rpc.first-election.timeout.min = 5s (fallback to raft.server.rpc.timeout.min)
2023-09-07 20:27:28,820 [PipelineCommandHandlerThread-0] INFO  ratis.XceiverServerRatis (XceiverServerRatis.java:addGroup(804)) - Created group PipelineID=613597bd-0b08-4926-9cc2-3437f87aba2c
2023-09-07 20:27:28,820 [4c0a5098-e377-4fbc-882f-38eb7693a6cf@group-3437F87ABA2C-FollowerState] INFO  server.RaftServerConfigKeys (ConfUtils.java:logFallback(53)) - raft.server.rpc.first-election.timeout.max = 5200ms (fallback to raft.server.rpc.timeout.max)
2023-09-07 20:27:29,172 [PipelineCommandHandlerThread-0] INFO  server.RaftServer (RaftServerProxy.java:addNew(98)) - 22c736ca-ae96-41a9-953f-e3c60311c10c: addNew group-864FE7D10970:[22c736ca-ae96-41a9-953f-e3c60311c10c|rpc:10.1.0.11:15023|admin:10.1.0.11:15022|client:10.1.0.11:15021|dataStream:10.1.0.11:15024|priority:1|startupRole:FOLLOWER] returns group-864FE7D10970:java.util.concurrent.CompletableFuture@3659b456[Not completed]
2023-09-07 20:27:29,177 [22c736ca-ae96-41a9-953f-e3c60311c10c-groupManagement] INFO  server.RaftServer$Division (RaftServerImpl.java:<init>(198)) - 22c736ca-ae96-41a9-953f-e3c60311c10c: new RaftServerImpl for group-864FE7D10970:[22c736ca-ae96-41a9-953f-e3c60311c10c|rpc:10.1.0.11:15023|admin:10.1.0.11:15022|client:10.1.0.11:15021|dataStream:10.1.0.11:15024|priority:1|startupRole:FOLLOWER] with ContainerStateMachine:uninitialized
2023-09-07 20:27:29,177 [22c736ca-ae96-41a9-953f-e3c60311c10c-groupManagement] INFO  server.RaftServerConfigKeys (ConfUtils.java:logGet(46)) - raft.server.rpc.timeout.min = 5s (custom)
2023-09-07 20:27:29,177 [22c736ca-ae96-41a9-953f-e3c60311c10c-groupManagement] INFO  server.RaftServerConfigKeys (ConfUtils.java:logGet(46)) - raft.server.rpc.timeout.max = 5200ms (custom)
2023-09-07 20:27:29,177 [22c736ca-ae96-41a9-953f-e3c60311c10c-groupManagement] INFO  server.RaftServerConfigKeys (ConfUtils.java:logGet(46)) - raft.server.rpc.sleep.time = 25ms (default)
2023-09-07 20:27:29,177 [22c736ca-ae96-41a9-953f-e3c60311c10c-groupManagement] INFO  server.RaftServerConfigKeys (ConfUtils.java:logGet(46)) - raft.server.rpc.slowness.timeout = 300s (custom)
2023-09-07 20:27:29,177 [22c736ca-ae96-41a9-953f-e3c60311c10c-groupManagement] INFO  server.RaftServerConfigKeys (ConfUtils.java:logGet(46)) - raft.server.leaderelection.leader.step-down.wait-time = 10s (default)
2023-09-07 20:27:29,178 [22c736ca-ae96-41a9-953f-e3c60311c10c-groupManagement] INFO  server.RaftServerConfigKeys (ConfUtils.java:logGet(46)) - raft.server.sleep.deviation.threshold = 300ms (default)
2023-09-07 20:27:29,178 [22c736ca-ae96-41a9-953f-e3c60311c10c-groupManagement] INFO  server.RaftServer$Division (ServerState.java:<init>(120)) - 22c736ca-ae96-41a9-953f-e3c60311c10c@group-864FE7D10970: ConfigurationManager, init=-1: peers:[22c736ca-ae96-41a9-953f-e3c60311c10c|rpc:10.1.0.11:15023|admin:10.1.0.11:15022|client:10.1.0.11:15021|dataStream:10.1.0.11:15024|priority:1|startupRole:FOLLOWER]|listeners:[], old=null, confs=<EMPTY_MAP>
2023-09-07 20:27:29,178 [22c736ca-ae96-41a9-953f-e3c60311c10c-groupManagement] INFO  server.RaftServerConfigKeys (ConfUtils.java:logGet(46)) - raft.server.storage.dir = [/home/runner/work/ozone/ozone/hadoop-ozone/integration-test/target/test-dir/MiniOzoneClusterImpl-4ce661d8-ac2f-48de-9281-714c9e7643bd/datanode-1/data/ratis] (custom)
2023-09-07 20:27:29,178 [22c736ca-ae96-41a9-953f-e3c60311c10c-groupManagement] INFO  server.RaftServerConfigKeys (ConfUtils.java:logGet(46)) - raft.server.log.corruption.policy = EXCEPTION (default)
2023-09-07 20:27:29,178 [22c736ca-ae96-41a9-953f-e3c60311c10c-groupManagement] INFO  server.RaftServerConfigKeys (ConfUtils.java:logGet(46)) - raft.server.storage.free-space.min = 0MB (=0) (default)
2023-09-07 20:27:29,179 [22c736ca-ae96-41a9-953f-e3c60311c10c-groupManagement] INFO  server.RaftServerConfigKeys (ConfUtils.java:logGet(46)) - raft.server.notification.no-leader.timeout = 300s (custom)
2023-09-07 20:27:29,179 [22c736ca-ae96-41a9-953f-e3c60311c10c-groupManagement] INFO  server.RaftServerConfigKeys (ConfUtils.java:logGet(46)) - raft.server.read.timeout = 10s (default)
2023-09-07 20:27:29,179 [22c736ca-ae96-41a9-953f-e3c60311c10c-groupManagement] INFO  server.RaftServerConfigKeys (ConfUtils.java:logGet(46)) - raft.server.retrycache.expirytime = 600000ms (custom)
2023-09-07 20:27:29,186 [22c736ca-ae96-41a9-953f-e3c60311c10c-groupManagement] INFO  server.RaftServerConfigKeys (ConfUtils.java:logGet(46)) - raft.server.retrycache.statistics.expirytime = 100μs (default)
2023-09-07 20:27:29,186 [22c736ca-ae96-41a9-953f-e3c60311c10c-groupManagement] INFO  server.RaftServerConfigKeys (ConfUtils.java:logGet(46)) - raft.server.read.option = DEFAULT (default)
2023-09-07 20:27:29,191 [22c736ca-ae96-41a9-953f-e3c60311c10c-groupManagement] INFO  server.RaftServerConfigKeys (ConfUtils.java:logGet(46)) - raft.server.rpc.request.timeout = 60s (custom)
2023-09-07 20:27:29,191 [22c736ca-ae96-41a9-953f-e3c60311c10c-groupManagement] INFO  server.RaftServerConfigKeys (ConfUtils.java:logGet(46)) - raft.server.log.appender.install.snapshot.enabled = false (custom)
2023-09-07 20:27:29,191 [22c736ca-ae96-41a9-953f-e3c60311c10c-groupManagement] INFO  server.RaftServerConfigKeys (ConfUtils.java:logGet(46)) - raft.server.threadpool.server.cached = true (default)
2023-09-07 20:27:29,191 [22c736ca-ae96-41a9-953f-e3c60311c10c-groupManagement] INFO  server.RaftServerConfigKeys (ConfUtils.java:logGet(46)) - raft.server.threadpool.server.size = 0 (default)
2023-09-07 20:27:29,191 [22c736ca-ae96-41a9-953f-e3c60311c10c-groupManagement] INFO  server.RaftServerConfigKeys (ConfUtils.java:logGet(46)) - raft.server.threadpool.client.cached = true (default)
2023-09-07 20:27:29,191 [22c736ca-ae96-41a9-953f-e3c60311c10c-groupManagement] INFO  server.RaftServerConfigKeys (ConfUtils.java:logGet(46)) - raft.server.threadpool.client.size = 0 (default)
2023-09-07 20:27:29,192 [22c736ca-ae96-41a9-953f-e3c60311c10c-groupManagement] INFO  storage.RaftStorageDirectory (RaftStorageDirectoryImpl.java:analyzeStorage(137)) - The storage directory /home/runner/work/ozone/ozone/hadoop-ozone/integration-test/target/test-dir/MiniOzoneClusterImpl-4ce661d8-ac2f-48de-9281-714c9e7643bd/datanode-1/data/ratis/d7b80bea-14db-4985-9de6-864fe7d10970 does not exist. Creating ...
2023-09-07 20:27:29,199 [22c736ca-ae96-41a9-953f-e3c60311c10c-groupManagement] INFO  storage.RaftStorageDirectory (RaftStorageDirectoryImpl.java:tryLock(231)) - Lock on /home/runner/work/ozone/ozone/hadoop-ozone/integration-test/target/test-dir/MiniOzoneClusterImpl-4ce661d8-ac2f-48de-9281-714c9e7643bd/datanode-1/data/ratis/d7b80bea-14db-4985-9de6-864fe7d10970/in_use.lock acquired by nodename 7625@fv-az259-394
2023-09-07 20:27:29,204 [22c736ca-ae96-41a9-953f-e3c60311c10c-groupManagement] INFO  storage.RaftStorage (RaftStorageImpl.java:format(96)) - Storage directory /home/runner/work/ozone/ozone/hadoop-ozone/integration-test/target/test-dir/MiniOzoneClusterImpl-4ce661d8-ac2f-48de-9281-714c9e7643bd/datanode-1/data/ratis/d7b80bea-14db-4985-9de6-864fe7d10970 has been successfully formatted.
2023-09-07 20:27:29,206 [22c736ca-ae96-41a9-953f-e3c60311c10c-groupManagement] INFO  ratis.ContainerStateMachine (ContainerStateMachine.java:loadSnapshot(262)) - group-864FE7D10970: The snapshot info is null. Setting the last applied indexto:(t:0, i:~)
2023-09-07 20:27:29,207 [22c736ca-ae96-41a9-953f-e3c60311c10c-groupManagement] INFO  server.RaftServerConfigKeys (ConfUtils.java:logGet(46)) - raft.server.log.use.memory = false (default)
2023-09-07 20:27:29,207 [22c736ca-ae96-41a9-953f-e3c60311c10c-groupManagement] INFO  server.RaftServerConfigKeys (ConfUtils.java:logGet(46)) - raft.server.log.purge.gap = 1000000 (custom)
2023-09-07 20:27:29,207 [22c736ca-ae96-41a9-953f-e3c60311c10c-groupManagement] INFO  server.RaftServerConfigKeys (ConfUtils.java:logGet(46)) - raft.server.log.appender.buffer.byte-limit = 33554432 (custom)
2023-09-07 20:27:29,207 [22c736ca-ae96-41a9-953f-e3c60311c10c-groupManagement] INFO  server.RaftServerConfigKeys (ConfUtils.java:logGet(46)) - raft.server.log.statemachine.data.read.timeout = 1000ms (default)
2023-09-07 20:27:29,208 [22c736ca-ae96-41a9-953f-e3c60311c10c-groupManagement] INFO  server.RaftServerConfigKeys (ConfUtils.java:logGet(46)) - raft.server.log.purge.preservation.log.num = 0 (default)
2023-09-07 20:27:29,208 [22c736ca-ae96-41a9-953f-e3c60311c10c-groupManagement] INFO  server.RaftServerConfigKeys (ConfUtils.java:logGet(46)) - raft.server.log.segment.size.max = 1048576 (custom)
2023-09-07 20:27:29,209 [22c736ca-ae96-41a9-953f-e3c60311c10c-groupManagement] INFO  server.RaftServerConfigKeys (ConfUtils.java:logGet(46)) - raft.server.log.segment.cache.num.max = 2 (custom)
2023-09-07 20:27:29,209 [22c736ca-ae96-41a9-953f-e3c60311c10c-groupManagement] INFO  server.RaftServerConfigKeys (ConfUtils.java:logGet(46)) - raft.server.log.segment.cache.size.max = 200MB (=209715200) (default)
2023-09-07 20:27:29,209 [22c736ca-ae96-41a9-953f-e3c60311c10c-groupManagement] INFO  server.RaftServerConfigKeys (ConfUtils.java:logGet(46)) - raft.server.log.appender.buffer.byte-limit = 33554432 (custom)
2023-09-07 20:27:29,209 [22c736ca-ae96-41a9-953f-e3c60311c10c-groupManagement] INFO  segmented.SegmentedRaftLogWorker (SegmentedRaftLogWorker.java:<init>(188)) - new 22c736ca-ae96-41a9-953f-e3c60311c10c@group-864FE7D10970-SegmentedRaftLogWorker for RaftStorageImpl:Storage Directory /home/runner/work/ozone/ozone/hadoop-ozone/integration-test/target/test-dir/MiniOzoneClusterImpl-4ce661d8-ac2f-48de-9281-714c9e7643bd/datanode-1/data/ratis/d7b80bea-14db-4985-9de6-864fe7d10970
2023-09-07 20:27:29,209 [22c736ca-ae96-41a9-953f-e3c60311c10c-groupManagement] INFO  server.RaftServerConfigKeys (ConfUtils.java:logGet(46)) - raft.server.log.queue.byte-limit = 4294967296 (custom)
2023-09-07 20:27:29,209 [22c736ca-ae96-41a9-953f-e3c60311c10c-groupManagement] INFO  server.RaftServerConfigKeys (ConfUtils.java:logGet(46)) - raft.server.log.queue.element-limit = 1024 (custom)
2023-09-07 20:27:29,209 [22c736ca-ae96-41a9-953f-e3c60311c10c-groupManagement] INFO  server.RaftServerConfigKeys (ConfUtils.java:logGet(46)) - raft.server.log.segment.size.max = 1048576 (custom)
2023-09-07 20:27:29,210 [22c736ca-ae96-41a9-953f-e3c60311c10c-groupManagement] INFO  server.RaftServerConfigKeys (ConfUtils.java:logGet(46)) - raft.server.log.preallocated.size = 16384 (custom)
2023-09-07 20:27:29,210 [22c736ca-ae96-41a9-953f-e3c60311c10c-groupManagement] INFO  server.RaftServerConfigKeys (ConfUtils.java:logGet(46)) - raft.server.log.force.sync.num = 128 (default)
2023-09-07 20:27:29,210 [22c736ca-ae96-41a9-953f-e3c60311c10c-groupManagement] INFO  server.RaftServerConfigKeys (ConfUtils.java:logGet(46)) - raft.server.log.statemachine.data.sync = true (default)
2023-09-07 20:27:29,210 [22c736ca-ae96-41a9-953f-e3c60311c10c-groupManagement] INFO  server.RaftServerConfigKeys (ConfUtils.java:logGet(46)) - raft.server.log.statemachine.data.sync.timeout = 10s (default)
2023-09-07 20:27:29,210 [22c736ca-ae96-41a9-953f-e3c60311c10c-groupManagement] INFO  server.RaftServerConfigKeys (ConfUtils.java:logGet(46)) - raft.server.log.statemachine.data.sync.timeout.retry = -1 (default)
2023-09-07 20:27:29,219 [EventQueue-PipelineReportForPipelineReportHandler] INFO  pipeline.PipelineReportHandler (PipelineReportHandler.java:processPipelineReport(136)) - Opened pipeline PipelineID=d7b80bea-14db-4985-9de6-864fe7d10970
2023-09-07 20:27:29,219 [EventQueue-OpenPipelineForHealthyPipelineSafeModeRule] INFO  safemode.SCMSafeModeManager (HealthyPipelineSafeModeRule.java:process(137)) - SCM in safe mode. Healthy pipelines reported count is 0, required healthy pipeline reported count is 1
2023-09-07 20:27:29,225 [22c736ca-ae96-41a9-953f-e3c60311c10c-groupManagement] INFO  server.RaftServerConfigKeys (ConfUtils.java:logGet(46)) - raft.server.log.write.buffer.size = 1048576 (custom)
2023-09-07 20:27:29,228 [22c736ca-ae96-41a9-953f-e3c60311c10c-groupManagement] INFO  server.RaftServerConfigKeys (ConfUtils.java:logGet(46)) - raft.server.log.appender.buffer.byte-limit = 33554432 (custom)
2023-09-07 20:27:29,240 [22c736ca-ae96-41a9-953f-e3c60311c10c-groupManagement] INFO  server.RaftServerConfigKeys (ConfUtils.java:logGet(46)) - raft.server.log.unsafe-flush.enabled = false (default)
2023-09-07 20:27:29,241 [22c736ca-ae96-41a9-953f-e3c60311c10c-groupManagement] INFO  server.RaftServerConfigKeys (ConfUtils.java:logGet(46)) - raft.server.log.async-flush.enabled = false (default)
2023-09-07 20:27:29,241 [22c736ca-ae96-41a9-953f-e3c60311c10c-groupManagement] INFO  server.RaftServerConfigKeys (ConfUtils.java:logGet(46)) - raft.server.log.statemachine.data.caching.enabled = true (custom)
2023-09-07 20:27:29,241 [22c736ca-ae96-41a9-953f-e3c60311c10c-groupManagement] INFO  segmented.SegmentedRaftLogWorker (SegmentedRaftLogWorker.java:lambda$new$0(135)) - 22c736ca-ae96-41a9-953f-e3c60311c10c@group-864FE7D10970-SegmentedRaftLogWorker: flushIndex: setUnconditionally 0 -> -1
2023-09-07 20:27:29,241 [22c736ca-ae96-41a9-953f-e3c60311c10c-groupManagement] INFO  segmented.SegmentedRaftLogWorker (SegmentedRaftLogWorker.java:lambda$new$0(135)) - 22c736ca-ae96-41a9-953f-e3c60311c10c@group-864FE7D10970-SegmentedRaftLogWorker: safeCacheEvictIndex: setUnconditionally 0 -> -1
2023-09-07 20:27:29,242 [22c736ca-ae96-41a9-953f-e3c60311c10c-groupManagement] INFO  server.RaftServer$Division (RaftServerImpl.java:start(342)) - 22c736ca-ae96-41a9-953f-e3c60311c10c@group-864FE7D10970: start as a follower, conf=-1: peers:[22c736ca-ae96-41a9-953f-e3c60311c10c|rpc:10.1.0.11:15023|admin:10.1.0.11:15022|client:10.1.0.11:15021|dataStream:10.1.0.11:15024|priority:1|startupRole:FOLLOWER]|listeners:[], old=null
2023-09-07 20:27:29,242 [22c736ca-ae96-41a9-953f-e3c60311c10c-groupManagement] INFO  server.RaftServer$Division (RaftServerImpl.java:setRole(329)) - 22c736ca-ae96-41a9-953f-e3c60311c10c@group-864FE7D10970: changes role from      null to FOLLOWER at term 0 for startAsFollower
2023-09-07 20:27:29,242 [22c736ca-ae96-41a9-953f-e3c60311c10c-groupManagement] INFO  impl.RoleInfo (RoleInfo.java:updateAndGet(139)) - 22c736ca-ae96-41a9-953f-e3c60311c10c: start 22c736ca-ae96-41a9-953f-e3c60311c10c@group-864FE7D10970-FollowerState
2023-09-07 20:27:29,242 [22c736ca-ae96-41a9-953f-e3c60311c10c-groupManagement] INFO  util.JmxRegister (JmxRegister.java:tryRegister(44)) - Successfully registered JMX Bean with object name Ratis:service=RaftServer,group=group-864FE7D10970,id=22c736ca-ae96-41a9-953f-e3c60311c10c
2023-09-07 20:27:29,244 [22c736ca-ae96-41a9-953f-e3c60311c10c-groupManagement] INFO  server.RaftServerConfigKeys (ConfUtils.java:logGet(46)) - raft.server.snapshot.auto.trigger.enabled = true (custom)
2023-09-07 20:27:29,244 [22c736ca-ae96-41a9-953f-e3c60311c10c-groupManagement] INFO  server.RaftServerConfigKeys (ConfUtils.java:logGet(46)) - raft.server.snapshot.auto.trigger.threshold = 10000 (custom)
2023-09-07 20:27:29,244 [22c736ca-ae96-41a9-953f-e3c60311c10c-groupManagement] INFO  server.RaftServerConfigKeys (ConfUtils.java:logGet(46)) - raft.server.snapshot.retention.file.num = 5 (custom)
2023-09-07 20:27:29,244 [22c736ca-ae96-41a9-953f-e3c60311c10c-groupManagement] INFO  server.RaftServerConfigKeys (ConfUtils.java:logGet(46)) - raft.server.log.purge.upto.snapshot.index = false (default)
2023-09-07 20:27:29,246 [PipelineCommandHandlerThread-0] INFO  ratis.XceiverServerRatis (XceiverServerRatis.java:addGroup(804)) - Created group PipelineID=d7b80bea-14db-4985-9de6-864fe7d10970
2023-09-07 20:27:29,246 [PipelineCommandHandlerThread-0] INFO  commandhandler.CreatePipelineCommandHandler (CreatePipelineCommandHandler.java:lambda$handle$2(124)) - Created Pipeline RATIS ONE PipelineID=d7b80bea-14db-4985-9de6-864fe7d10970.
2023-09-07 20:27:29,252 [PipelineCommandHandlerThread-0] INFO  server.RaftServer (RaftServerProxy.java:addNew(98)) - 22c736ca-ae96-41a9-953f-e3c60311c10c: addNew group-3437F87ABA2C:[22c736ca-ae96-41a9-953f-e3c60311c10c|rpc:10.1.0.11:15023|admin:10.1.0.11:15022|client:10.1.0.11:15021|dataStream:10.1.0.11:15024|priority:0|startupRole:FOLLOWER, d960e1ec-e2de-43a1-b7f8-937811771cc3|rpc:10.1.0.11:15032|admin:10.1.0.11:15031|client:10.1.0.11:15030|dataStream:10.1.0.11:15033|priority:0|startupRole:FOLLOWER, 4c0a5098-e377-4fbc-882f-38eb7693a6cf|rpc:10.1.0.11:15014|admin:10.1.0.11:15013|client:10.1.0.11:15012|dataStream:10.1.0.11:15015|priority:1|startupRole:FOLLOWER] returns group-3437F87ABA2C:java.util.concurrent.CompletableFuture@32662645[Not completed]
2023-09-07 20:27:29,255 [22c736ca-ae96-41a9-953f-e3c60311c10c@group-864FE7D10970-FollowerState] INFO  server.RaftServerConfigKeys (ConfUtils.java:logFallback(53)) - raft.server.rpc.first-election.timeout.min = 5s (fallback to raft.server.rpc.timeout.min)
2023-09-07 20:27:29,255 [22c736ca-ae96-41a9-953f-e3c60311c10c@group-864FE7D10970-FollowerState] INFO  server.RaftServerConfigKeys (ConfUtils.java:logFallback(53)) - raft.server.rpc.first-election.timeout.max = 5200ms (fallback to raft.server.rpc.timeout.max)
2023-09-07 20:27:29,258 [22c736ca-ae96-41a9-953f-e3c60311c10c-groupManagement] INFO  server.RaftServer$Division (RaftServerImpl.java:<init>(198)) - 22c736ca-ae96-41a9-953f-e3c60311c10c: new RaftServerImpl for group-3437F87ABA2C:[22c736ca-ae96-41a9-953f-e3c60311c10c|rpc:10.1.0.11:15023|admin:10.1.0.11:15022|client:10.1.0.11:15021|dataStream:10.1.0.11:15024|priority:0|startupRole:FOLLOWER, d960e1ec-e2de-43a1-b7f8-937811771cc3|rpc:10.1.0.11:15032|admin:10.1.0.11:15031|client:10.1.0.11:15030|dataStream:10.1.0.11:15033|priority:0|startupRole:FOLLOWER, 4c0a5098-e377-4fbc-882f-38eb7693a6cf|rpc:10.1.0.11:15014|admin:10.1.0.11:15013|client:10.1.0.11:15012|dataStream:10.1.0.11:15015|priority:1|startupRole:FOLLOWER] with ContainerStateMachine:uninitialized
2023-09-07 20:27:29,259 [22c736ca-ae96-41a9-953f-e3c60311c10c-groupManagement] INFO  server.RaftServerConfigKeys (ConfUtils.java:logGet(46)) - raft.server.rpc.timeout.min = 5s (custom)
2023-09-07 20:27:29,260 [22c736ca-ae96-41a9-953f-e3c60311c10c-groupManagement] INFO  server.RaftServerConfigKeys (ConfUtils.java:logGet(46)) - raft.server.rpc.timeout.max = 5200ms (custom)
2023-09-07 20:27:29,260 [22c736ca-ae96-41a9-953f-e3c60311c10c-groupManagement] INFO  server.RaftServerConfigKeys (ConfUtils.java:logGet(46)) - raft.server.rpc.sleep.time = 25ms (default)
2023-09-07 20:27:29,260 [22c736ca-ae96-41a9-953f-e3c60311c10c-groupManagement] INFO  server.RaftServerConfigKeys (ConfUtils.java:logGet(46)) - raft.server.rpc.slowness.timeout = 300s (custom)
2023-09-07 20:27:29,260 [22c736ca-ae96-41a9-953f-e3c60311c10c-groupManagement] INFO  server.RaftServerConfigKeys (ConfUtils.java:logGet(46)) - raft.server.leaderelection.leader.step-down.wait-time = 10s (default)
2023-09-07 20:27:29,260 [22c736ca-ae96-41a9-953f-e3c60311c10c-groupManagement] INFO  server.RaftServerConfigKeys (ConfUtils.java:logGet(46)) - raft.server.sleep.deviation.threshold = 300ms (default)
2023-09-07 20:27:29,260 [22c736ca-ae96-41a9-953f-e3c60311c10c-groupManagement] INFO  server.RaftServer$Division (ServerState.java:<init>(120)) - 22c736ca-ae96-41a9-953f-e3c60311c10c@group-3437F87ABA2C: ConfigurationManager, init=-1: peers:[22c736ca-ae96-41a9-953f-e3c60311c10c|rpc:10.1.0.11:15023|admin:10.1.0.11:15022|client:10.1.0.11:15021|dataStream:10.1.0.11:15024|priority:0|startupRole:FOLLOWER, d960e1ec-e2de-43a1-b7f8-937811771cc3|rpc:10.1.0.11:15032|admin:10.1.0.11:15031|client:10.1.0.11:15030|dataStream:10.1.0.11:15033|priority:0|startupRole:FOLLOWER, 4c0a5098-e377-4fbc-882f-38eb7693a6cf|rpc:10.1.0.11:15014|admin:10.1.0.11:15013|client:10.1.0.11:15012|dataStream:10.1.0.11:15015|priority:1|startupRole:FOLLOWER]|listeners:[], old=null, confs=<EMPTY_MAP>
2023-09-07 20:27:29,260 [22c736ca-ae96-41a9-953f-e3c60311c10c-groupManagement] INFO  server.RaftServerConfigKeys (ConfUtils.java:logGet(46)) - raft.server.storage.dir = [/home/runner/work/ozone/ozone/hadoop-ozone/integration-test/target/test-dir/MiniOzoneClusterImpl-4ce661d8-ac2f-48de-9281-714c9e7643bd/datanode-1/data/ratis] (custom)
2023-09-07 20:27:29,261 [22c736ca-ae96-41a9-953f-e3c60311c10c-groupManagement] INFO  server.RaftServerConfigKeys (ConfUtils.java:logGet(46)) - raft.server.log.corruption.policy = EXCEPTION (default)
2023-09-07 20:27:29,261 [22c736ca-ae96-41a9-953f-e3c60311c10c-groupManagement] INFO  server.RaftServerConfigKeys (ConfUtils.java:logGet(46)) - raft.server.storage.free-space.min = 0MB (=0) (default)
2023-09-07 20:27:29,261 [22c736ca-ae96-41a9-953f-e3c60311c10c-groupManagement] INFO  server.RaftServerConfigKeys (ConfUtils.java:logGet(46)) - raft.server.notification.no-leader.timeout = 300s (custom)
2023-09-07 20:27:29,261 [22c736ca-ae96-41a9-953f-e3c60311c10c-groupManagement] INFO  server.RaftServerConfigKeys (ConfUtils.java:logGet(46)) - raft.server.read.timeout = 10s (default)
2023-09-07 20:27:29,261 [22c736ca-ae96-41a9-953f-e3c60311c10c-groupManagement] INFO  server.RaftServerConfigKeys (ConfUtils.java:logGet(46)) - raft.server.retrycache.expirytime = 600000ms (custom)
2023-09-07 20:27:29,261 [22c736ca-ae96-41a9-953f-e3c60311c10c-groupManagement] INFO  server.RaftServerConfigKeys (ConfUtils.java:logGet(46)) - raft.server.retrycache.statistics.expirytime = 100μs (default)
2023-09-07 20:27:29,261 [22c736ca-ae96-41a9-953f-e3c60311c10c-groupManagement] INFO  server.RaftServerConfigKeys (ConfUtils.java:logGet(46)) - raft.server.read.option = DEFAULT (default)
2023-09-07 20:27:29,264 [22c736ca-ae96-41a9-953f-e3c60311c10c-groupManagement] INFO  server.RaftServerConfigKeys (ConfUtils.java:logGet(46)) - raft.server.rpc.request.timeout = 60s (custom)
2023-09-07 20:27:29,264 [22c736ca-ae96-41a9-953f-e3c60311c10c-groupManagement] INFO  server.RaftServerConfigKeys (ConfUtils.java:logGet(46)) - raft.server.log.appender.install.snapshot.enabled = false (custom)
2023-09-07 20:27:29,264 [22c736ca-ae96-41a9-953f-e3c60311c10c-groupManagement] INFO  server.RaftServerConfigKeys (ConfUtils.java:logGet(46)) - raft.server.threadpool.server.cached = true (default)
2023-09-07 20:27:29,264 [22c736ca-ae96-41a9-953f-e3c60311c10c-groupManagement] INFO  server.RaftServerConfigKeys (ConfUtils.java:logGet(46)) - raft.server.threadpool.server.size = 0 (default)
2023-09-07 20:27:29,264 [22c736ca-ae96-41a9-953f-e3c60311c10c-groupManagement] INFO  server.RaftServerConfigKeys (ConfUtils.java:logGet(46)) - raft.server.threadpool.client.cached = true (default)
2023-09-07 20:27:29,264 [22c736ca-ae96-41a9-953f-e3c60311c10c-groupManagement] INFO  server.RaftServerConfigKeys (ConfUtils.java:logGet(46)) - raft.server.threadpool.client.size = 0 (default)
2023-09-07 20:27:29,264 [22c736ca-ae96-41a9-953f-e3c60311c10c-groupManagement] INFO  storage.RaftStorageDirectory (RaftStorageDirectoryImpl.java:analyzeStorage(137)) - The storage directory /home/runner/work/ozone/ozone/hadoop-ozone/integration-test/target/test-dir/MiniOzoneClusterImpl-4ce661d8-ac2f-48de-9281-714c9e7643bd/datanode-1/data/ratis/613597bd-0b08-4926-9cc2-3437f87aba2c does not exist. Creating ...
2023-09-07 20:27:29,269 [22c736ca-ae96-41a9-953f-e3c60311c10c-groupManagement] INFO  storage.RaftStorageDirectory (RaftStorageDirectoryImpl.java:tryLock(231)) - Lock on /home/runner/work/ozone/ozone/hadoop-ozone/integration-test/target/test-dir/MiniOzoneClusterImpl-4ce661d8-ac2f-48de-9281-714c9e7643bd/datanode-1/data/ratis/613597bd-0b08-4926-9cc2-3437f87aba2c/in_use.lock acquired by nodename 7625@fv-az259-394
2023-09-07 20:27:29,274 [22c736ca-ae96-41a9-953f-e3c60311c10c-groupManagement] INFO  storage.RaftStorage (RaftStorageImpl.java:format(96)) - Storage directory /home/runner/work/ozone/ozone/hadoop-ozone/integration-test/target/test-dir/MiniOzoneClusterImpl-4ce661d8-ac2f-48de-9281-714c9e7643bd/datanode-1/data/ratis/613597bd-0b08-4926-9cc2-3437f87aba2c has been successfully formatted.
2023-09-07 20:27:29,275 [22c736ca-ae96-41a9-953f-e3c60311c10c-groupManagement] INFO  ratis.ContainerStateMachine (ContainerStateMachine.java:loadSnapshot(262)) - group-3437F87ABA2C: The snapshot info is null. Setting the last applied indexto:(t:0, i:~)
2023-09-07 20:27:29,275 [22c736ca-ae96-41a9-953f-e3c60311c10c-groupManagement] INFO  server.RaftServerConfigKeys (ConfUtils.java:logGet(46)) - raft.server.log.use.memory = false (default)
2023-09-07 20:27:29,275 [22c736ca-ae96-41a9-953f-e3c60311c10c-groupManagement] INFO  server.RaftServerConfigKeys (ConfUtils.java:logGet(46)) - raft.server.log.purge.gap = 1000000 (custom)
2023-09-07 20:27:29,275 [22c736ca-ae96-41a9-953f-e3c60311c10c-groupManagement] INFO  server.RaftServerConfigKeys (ConfUtils.java:logGet(46)) - raft.server.log.appender.buffer.byte-limit = 33554432 (custom)
2023-09-07 20:27:29,275 [22c736ca-ae96-41a9-953f-e3c60311c10c-groupManagement] INFO  server.RaftServerConfigKeys (ConfUtils.java:logGet(46)) - raft.server.log.statemachine.data.read.timeout = 1000ms (default)
2023-09-07 20:27:29,275 [22c736ca-ae96-41a9-953f-e3c60311c10c-groupManagement] INFO  server.RaftServerConfigKeys (ConfUtils.java:logGet(46)) - raft.server.log.purge.preservation.log.num = 0 (default)
2023-09-07 20:27:29,284 [22c736ca-ae96-41a9-953f-e3c60311c10c-groupManagement] INFO  server.RaftServerConfigKeys (ConfUtils.java:logGet(46)) - raft.server.log.segment.size.max = 1048576 (custom)
2023-09-07 20:27:29,286 [EventQueue-OpenPipelineForHealthyPipelineSafeModeRule] INFO  safemode.SCMSafeModeManager (HealthyPipelineSafeModeRule.java:process(137)) - SCM in safe mode. Healthy pipelines reported count is 0, required healthy pipeline reported count is 1
2023-09-07 20:27:29,286 [22c736ca-ae96-41a9-953f-e3c60311c10c-groupManagement] INFO  server.RaftServerConfigKeys (ConfUtils.java:logGet(46)) - raft.server.log.segment.cache.num.max = 2 (custom)
2023-09-07 20:27:29,289 [22c736ca-ae96-41a9-953f-e3c60311c10c-groupManagement] INFO  server.RaftServerConfigKeys (ConfUtils.java:logGet(46)) - raft.server.log.segment.cache.size.max = 200MB (=209715200) (default)
2023-09-07 20:27:29,289 [22c736ca-ae96-41a9-953f-e3c60311c10c-groupManagement] INFO  server.RaftServerConfigKeys (ConfUtils.java:logGet(46)) - raft.server.log.appender.buffer.byte-limit = 33554432 (custom)
2023-09-07 20:27:29,290 [22c736ca-ae96-41a9-953f-e3c60311c10c-groupManagement] INFO  segmented.SegmentedRaftLogWorker (SegmentedRaftLogWorker.java:<init>(188)) - new 22c736ca-ae96-41a9-953f-e3c60311c10c@group-3437F87ABA2C-SegmentedRaftLogWorker for RaftStorageImpl:Storage Directory /home/runner/work/ozone/ozone/hadoop-ozone/integration-test/target/test-dir/MiniOzoneClusterImpl-4ce661d8-ac2f-48de-9281-714c9e7643bd/datanode-1/data/ratis/613597bd-0b08-4926-9cc2-3437f87aba2c
2023-09-07 20:27:29,290 [22c736ca-ae96-41a9-953f-e3c60311c10c-groupManagement] INFO  server.RaftServerConfigKeys (ConfUtils.java:logGet(46)) - raft.server.log.queue.byte-limit = 4294967296 (custom)
2023-09-07 20:27:29,290 [22c736ca-ae96-41a9-953f-e3c60311c10c-groupManagement] INFO  server.RaftServerConfigKeys (ConfUtils.java:logGet(46)) - raft.server.log.queue.element-limit = 1024 (custom)
2023-09-07 20:27:29,290 [22c736ca-ae96-41a9-953f-e3c60311c10c-groupManagement] INFO  server.RaftServerConfigKeys (ConfUtils.java:logGet(46)) - raft.server.log.segment.size.max = 1048576 (custom)
2023-09-07 20:27:29,290 [22c736ca-ae96-41a9-953f-e3c60311c10c-groupManagement] INFO  server.RaftServerConfigKeys (ConfUtils.java:logGet(46)) - raft.server.log.preallocated.size = 16384 (custom)
2023-09-07 20:27:29,290 [22c736ca-ae96-41a9-953f-e3c60311c10c-groupManagement] INFO  server.RaftServerConfigKeys (ConfUtils.java:logGet(46)) - raft.server.log.force.sync.num = 128 (default)
2023-09-07 20:27:29,290 [22c736ca-ae96-41a9-953f-e3c60311c10c-groupManagement] INFO  server.RaftServerConfigKeys (ConfUtils.java:logGet(46)) - raft.server.log.statemachine.data.sync = true (default)
2023-09-07 20:27:29,290 [22c736ca-ae96-41a9-953f-e3c60311c10c-groupManagement] INFO  server.RaftServerConfigKeys (ConfUtils.java:logGet(46)) - raft.server.log.statemachine.data.sync.timeout = 10s (default)
2023-09-07 20:27:29,290 [22c736ca-ae96-41a9-953f-e3c60311c10c-groupManagement] INFO  server.RaftServerConfigKeys (ConfUtils.java:logGet(46)) - raft.server.log.statemachine.data.sync.timeout.retry = -1 (default)
2023-09-07 20:27:29,292 [22c736ca-ae96-41a9-953f-e3c60311c10c-groupManagement] INFO  server.RaftServerConfigKeys (ConfUtils.java:logGet(46)) - raft.server.log.write.buffer.size = 1048576 (custom)
2023-09-07 20:27:29,293 [22c736ca-ae96-41a9-953f-e3c60311c10c-groupManagement] INFO  server.RaftServerConfigKeys (ConfUtils.java:logGet(46)) - raft.server.log.appender.buffer.byte-limit = 33554432 (custom)
2023-09-07 20:27:29,305 [22c736ca-ae96-41a9-953f-e3c60311c10c-groupManagement] INFO  server.RaftServerConfigKeys (ConfUtils.java:logGet(46)) - raft.server.log.unsafe-flush.enabled = false (default)
2023-09-07 20:27:29,305 [22c736ca-ae96-41a9-953f-e3c60311c10c-groupManagement] INFO  server.RaftServerConfigKeys (ConfUtils.java:logGet(46)) - raft.server.log.async-flush.enabled = false (default)
2023-09-07 20:27:29,305 [22c736ca-ae96-41a9-953f-e3c60311c10c-groupManagement] INFO  server.RaftServerConfigKeys (ConfUtils.java:logGet(46)) - raft.server.log.statemachine.data.caching.enabled = true (custom)
2023-09-07 20:27:29,306 [22c736ca-ae96-41a9-953f-e3c60311c10c-groupManagement] INFO  segmented.SegmentedRaftLogWorker (SegmentedRaftLogWorker.java:lambda$new$0(135)) - 22c736ca-ae96-41a9-953f-e3c60311c10c@group-3437F87ABA2C-SegmentedRaftLogWorker: flushIndex: setUnconditionally 0 -> -1
2023-09-07 20:27:29,307 [22c736ca-ae96-41a9-953f-e3c60311c10c-groupManagement] INFO  segmented.SegmentedRaftLogWorker (SegmentedRaftLogWorker.java:lambda$new$0(135)) - 22c736ca-ae96-41a9-953f-e3c60311c10c@group-3437F87ABA2C-SegmentedRaftLogWorker: safeCacheEvictIndex: setUnconditionally 0 -> -1
2023-09-07 20:27:29,309 [22c736ca-ae96-41a9-953f-e3c60311c10c-groupManagement] INFO  server.RaftServer$Division (RaftServerImpl.java:start(342)) - 22c736ca-ae96-41a9-953f-e3c60311c10c@group-3437F87ABA2C: start as a follower, conf=-1: peers:[22c736ca-ae96-41a9-953f-e3c60311c10c|rpc:10.1.0.11:15023|admin:10.1.0.11:15022|client:10.1.0.11:15021|dataStream:10.1.0.11:15024|priority:0|startupRole:FOLLOWER, d960e1ec-e2de-43a1-b7f8-937811771cc3|rpc:10.1.0.11:15032|admin:10.1.0.11:15031|client:10.1.0.11:15030|dataStream:10.1.0.11:15033|priority:0|startupRole:FOLLOWER, 4c0a5098-e377-4fbc-882f-38eb7693a6cf|rpc:10.1.0.11:15014|admin:10.1.0.11:15013|client:10.1.0.11:15012|dataStream:10.1.0.11:15015|priority:1|startupRole:FOLLOWER]|listeners:[], old=null
2023-09-07 20:27:29,309 [22c736ca-ae96-41a9-953f-e3c60311c10c-groupManagement] INFO  server.RaftServer$Division (RaftServerImpl.java:setRole(329)) - 22c736ca-ae96-41a9-953f-e3c60311c10c@group-3437F87ABA2C: changes role from      null to FOLLOWER at term 0 for startAsFollower
2023-09-07 20:27:29,309 [22c736ca-ae96-41a9-953f-e3c60311c10c-groupManagement] INFO  impl.RoleInfo (RoleInfo.java:updateAndGet(139)) - 22c736ca-ae96-41a9-953f-e3c60311c10c: start 22c736ca-ae96-41a9-953f-e3c60311c10c@group-3437F87ABA2C-FollowerState
2023-09-07 20:27:29,313 [22c736ca-ae96-41a9-953f-e3c60311c10c-groupManagement] INFO  util.JmxRegister (JmxRegister.java:tryRegister(44)) - Successfully registered JMX Bean with object name Ratis:service=RaftServer,group=group-3437F87ABA2C,id=22c736ca-ae96-41a9-953f-e3c60311c10c
2023-09-07 20:27:29,313 [22c736ca-ae96-41a9-953f-e3c60311c10c-groupManagement] INFO  server.RaftServerConfigKeys (ConfUtils.java:logGet(46)) - raft.server.snapshot.auto.trigger.enabled = true (custom)
2023-09-07 20:27:29,313 [22c736ca-ae96-41a9-953f-e3c60311c10c-groupManagement] INFO  server.RaftServerConfigKeys (ConfUtils.java:logGet(46)) - raft.server.snapshot.auto.trigger.threshold = 10000 (custom)
2023-09-07 20:27:29,314 [22c736ca-ae96-41a9-953f-e3c60311c10c-groupManagement] INFO  server.RaftServerConfigKeys (ConfUtils.java:logGet(46)) - raft.server.snapshot.retention.file.num = 5 (custom)
2023-09-07 20:27:29,314 [22c736ca-ae96-41a9-953f-e3c60311c10c-groupManagement] INFO  server.RaftServerConfigKeys (ConfUtils.java:logGet(46)) - raft.server.log.purge.upto.snapshot.index = false (default)
2023-09-07 20:27:29,316 [22c736ca-ae96-41a9-953f-e3c60311c10c@group-3437F87ABA2C-FollowerState] INFO  server.RaftServerConfigKeys (ConfUtils.java:logFallback(53)) - raft.server.rpc.first-election.timeout.min = 5s (fallback to raft.server.rpc.timeout.min)
2023-09-07 20:27:29,318 [PipelineCommandHandlerThread-0] INFO  ratis.XceiverServerRatis (XceiverServerRatis.java:addGroup(804)) - Created group PipelineID=613597bd-0b08-4926-9cc2-3437f87aba2c
2023-09-07 20:27:29,320 [22c736ca-ae96-41a9-953f-e3c60311c10c@group-3437F87ABA2C-FollowerState] INFO  server.RaftServerConfigKeys (ConfUtils.java:logFallback(53)) - raft.server.rpc.first-election.timeout.max = 5200ms (fallback to raft.server.rpc.timeout.max)
2023-09-07 20:27:29,439 [main] INFO  ozone.MiniOzoneClusterImpl (MiniOzoneClusterImpl.java:lambda$waitForClusterToBeReady$0(224)) - Nodes are ready. Got 5 of 5 DN Heartbeats.
2023-09-07 20:27:29,439 [main] INFO  ozone.MiniOzoneClusterImpl (MiniOzoneClusterImpl.java:lambda$waitForClusterToBeReady$0(227)) - Waiting for cluster to exit safe mode
2023-09-07 20:27:29,440 [main] INFO  ozone.MiniOzoneClusterImpl (MiniOzoneClusterImpl.java:lambda$waitForClusterToBeReady$0(229)) - SCM became leader
2023-09-07 20:27:29,564 [PipelineCommandHandlerThread-0] INFO  server.RaftServer (RaftServerProxy.java:addNew(98)) - d960e1ec-e2de-43a1-b7f8-937811771cc3: addNew group-9412DF98349B:[d960e1ec-e2de-43a1-b7f8-937811771cc3|rpc:10.1.0.11:15032|admin:10.1.0.11:15031|client:10.1.0.11:15030|dataStream:10.1.0.11:15033|priority:1|startupRole:FOLLOWER] returns group-9412DF98349B:java.util.concurrent.CompletableFuture@4da10052[Not completed]
2023-09-07 20:27:29,582 [d960e1ec-e2de-43a1-b7f8-937811771cc3-groupManagement] INFO  server.RaftServer$Division (RaftServerImpl.java:<init>(198)) - d960e1ec-e2de-43a1-b7f8-937811771cc3: new RaftServerImpl for group-9412DF98349B:[d960e1ec-e2de-43a1-b7f8-937811771cc3|rpc:10.1.0.11:15032|admin:10.1.0.11:15031|client:10.1.0.11:15030|dataStream:10.1.0.11:15033|priority:1|startupRole:FOLLOWER] with ContainerStateMachine:uninitialized
2023-09-07 20:27:29,582 [d960e1ec-e2de-43a1-b7f8-937811771cc3-groupManagement] INFO  server.RaftServerConfigKeys (ConfUtils.java:logGet(46)) - raft.server.rpc.timeout.min = 5s (custom)
2023-09-07 20:27:29,587 [d960e1ec-e2de-43a1-b7f8-937811771cc3-groupManagement] INFO  server.RaftServerConfigKeys (ConfUtils.java:logGet(46)) - raft.server.rpc.timeout.max = 5200ms (custom)
2023-09-07 20:27:29,587 [d960e1ec-e2de-43a1-b7f8-937811771cc3-groupManagement] INFO  server.RaftServerConfigKeys (ConfUtils.java:logGet(46)) - raft.server.rpc.sleep.time = 25ms (default)
2023-09-07 20:27:29,588 [d960e1ec-e2de-43a1-b7f8-937811771cc3-groupManagement] INFO  server.RaftServerConfigKeys (ConfUtils.java:logGet(46)) - raft.server.rpc.slowness.timeout = 300s (custom)
2023-09-07 20:27:29,588 [d960e1ec-e2de-43a1-b7f8-937811771cc3-groupManagement] INFO  server.RaftServerConfigKeys (ConfUtils.java:logGet(46)) - raft.server.leaderelection.leader.step-down.wait-time = 10s (default)
2023-09-07 20:27:29,588 [d960e1ec-e2de-43a1-b7f8-937811771cc3-groupManagement] INFO  server.RaftServerConfigKeys (ConfUtils.java:logGet(46)) - raft.server.sleep.deviation.threshold = 300ms (default)
2023-09-07 20:27:29,589 [d960e1ec-e2de-43a1-b7f8-937811771cc3-groupManagement] INFO  server.RaftServer$Division (ServerState.java:<init>(120)) - d960e1ec-e2de-43a1-b7f8-937811771cc3@group-9412DF98349B: ConfigurationManager, init=-1: peers:[d960e1ec-e2de-43a1-b7f8-937811771cc3|rpc:10.1.0.11:15032|admin:10.1.0.11:15031|client:10.1.0.11:15030|dataStream:10.1.0.11:15033|priority:1|startupRole:FOLLOWER]|listeners:[], old=null, confs=<EMPTY_MAP>
2023-09-07 20:27:29,589 [d960e1ec-e2de-43a1-b7f8-937811771cc3-groupManagement] INFO  server.RaftServerConfigKeys (ConfUtils.java:logGet(46)) - raft.server.storage.dir = [/home/runner/work/ozone/ozone/hadoop-ozone/integration-test/target/test-dir/MiniOzoneClusterImpl-4ce661d8-ac2f-48de-9281-714c9e7643bd/datanode-2/data/ratis] (custom)
2023-09-07 20:27:29,589 [d960e1ec-e2de-43a1-b7f8-937811771cc3-groupManagement] INFO  server.RaftServerConfigKeys (ConfUtils.java:logGet(46)) - raft.server.log.corruption.policy = EXCEPTION (default)
2023-09-07 20:27:29,589 [d960e1ec-e2de-43a1-b7f8-937811771cc3-groupManagement] INFO  server.RaftServerConfigKeys (ConfUtils.java:logGet(46)) - raft.server.storage.free-space.min = 0MB (=0) (default)
2023-09-07 20:27:29,589 [d960e1ec-e2de-43a1-b7f8-937811771cc3-groupManagement] INFO  server.RaftServerConfigKeys (ConfUtils.java:logGet(46)) - raft.server.notification.no-leader.timeout = 300s (custom)
2023-09-07 20:27:29,590 [d960e1ec-e2de-43a1-b7f8-937811771cc3-groupManagement] INFO  server.RaftServerConfigKeys (ConfUtils.java:logGet(46)) - raft.server.read.timeout = 10s (default)
2023-09-07 20:27:29,590 [d960e1ec-e2de-43a1-b7f8-937811771cc3-groupManagement] INFO  server.RaftServerConfigKeys (ConfUtils.java:logGet(46)) - raft.server.retrycache.expirytime = 600000ms (custom)
2023-09-07 20:27:29,590 [d960e1ec-e2de-43a1-b7f8-937811771cc3-groupManagement] INFO  server.RaftServerConfigKeys (ConfUtils.java:logGet(46)) - raft.server.retrycache.statistics.expirytime = 100μs (default)
2023-09-07 20:27:29,590 [d960e1ec-e2de-43a1-b7f8-937811771cc3-groupManagement] INFO  server.RaftServerConfigKeys (ConfUtils.java:logGet(46)) - raft.server.read.option = DEFAULT (default)
2023-09-07 20:27:29,606 [d960e1ec-e2de-43a1-b7f8-937811771cc3-groupManagement] INFO  server.RaftServerConfigKeys (ConfUtils.java:logGet(46)) - raft.server.rpc.request.timeout = 60s (custom)
2023-09-07 20:27:29,606 [d960e1ec-e2de-43a1-b7f8-937811771cc3-groupManagement] INFO  server.RaftServerConfigKeys (ConfUtils.java:logGet(46)) - raft.server.log.appender.install.snapshot.enabled = false (custom)
2023-09-07 20:27:29,606 [d960e1ec-e2de-43a1-b7f8-937811771cc3-groupManagement] INFO  server.RaftServerConfigKeys (ConfUtils.java:logGet(46)) - raft.server.threadpool.server.cached = true (default)
2023-09-07 20:27:29,606 [d960e1ec-e2de-43a1-b7f8-937811771cc3-groupManagement] INFO  server.RaftServerConfigKeys (ConfUtils.java:logGet(46)) - raft.server.threadpool.server.size = 0 (default)
2023-09-07 20:27:29,606 [d960e1ec-e2de-43a1-b7f8-937811771cc3-groupManagement] INFO  server.RaftServerConfigKeys (ConfUtils.java:logGet(46)) - raft.server.threadpool.client.cached = true (default)
2023-09-07 20:27:29,606 [d960e1ec-e2de-43a1-b7f8-937811771cc3-groupManagement] INFO  server.RaftServerConfigKeys (ConfUtils.java:logGet(46)) - raft.server.threadpool.client.size = 0 (default)
2023-09-07 20:27:29,607 [d960e1ec-e2de-43a1-b7f8-937811771cc3-groupManagement] INFO  storage.RaftStorageDirectory (RaftStorageDirectoryImpl.java:analyzeStorage(137)) - The storage directory /home/runner/work/ozone/ozone/hadoop-ozone/integration-test/target/test-dir/MiniOzoneClusterImpl-4ce661d8-ac2f-48de-9281-714c9e7643bd/datanode-2/data/ratis/f6cf3f63-126f-4108-a2d1-9412df98349b does not exist. Creating ...
2023-09-07 20:27:29,616 [d960e1ec-e2de-43a1-b7f8-937811771cc3-groupManagement] INFO  storage.RaftStorageDirectory (RaftStorageDirectoryImpl.java:tryLock(231)) - Lock on /home/runner/work/ozone/ozone/hadoop-ozone/integration-test/target/test-dir/MiniOzoneClusterImpl-4ce661d8-ac2f-48de-9281-714c9e7643bd/datanode-2/data/ratis/f6cf3f63-126f-4108-a2d1-9412df98349b/in_use.lock acquired by nodename 7625@fv-az259-394
2023-09-07 20:27:29,623 [d960e1ec-e2de-43a1-b7f8-937811771cc3-groupManagement] INFO  storage.RaftStorage (RaftStorageImpl.java:format(96)) - Storage directory /home/runner/work/ozone/ozone/hadoop-ozone/integration-test/target/test-dir/MiniOzoneClusterImpl-4ce661d8-ac2f-48de-9281-714c9e7643bd/datanode-2/data/ratis/f6cf3f63-126f-4108-a2d1-9412df98349b has been successfully formatted.
2023-09-07 20:27:29,625 [d960e1ec-e2de-43a1-b7f8-937811771cc3-groupManagement] INFO  ratis.ContainerStateMachine (ContainerStateMachine.java:loadSnapshot(262)) - group-9412DF98349B: The snapshot info is null. Setting the last applied indexto:(t:0, i:~)
2023-09-07 20:27:29,625 [d960e1ec-e2de-43a1-b7f8-937811771cc3-groupManagement] INFO  server.RaftServerConfigKeys (ConfUtils.java:logGet(46)) - raft.server.log.use.memory = false (default)
2023-09-07 20:27:29,626 [d960e1ec-e2de-43a1-b7f8-937811771cc3-groupManagement] INFO  server.RaftServerConfigKeys (ConfUtils.java:logGet(46)) - raft.server.log.purge.gap = 1000000 (custom)
2023-09-07 20:27:29,626 [d960e1ec-e2de-43a1-b7f8-937811771cc3-groupManagement] INFO  server.RaftServerConfigKeys (ConfUtils.java:logGet(46)) - raft.server.log.appender.buffer.byte-limit = 33554432 (custom)
2023-09-07 20:27:29,626 [d960e1ec-e2de-43a1-b7f8-937811771cc3-groupManagement] INFO  server.RaftServerConfigKeys (ConfUtils.java:logGet(46)) - raft.server.log.statemachine.data.read.timeout = 1000ms (default)
2023-09-07 20:27:29,626 [d960e1ec-e2de-43a1-b7f8-937811771cc3-groupManagement] INFO  server.RaftServerConfigKeys (ConfUtils.java:logGet(46)) - raft.server.log.purge.preservation.log.num = 0 (default)
2023-09-07 20:27:29,626 [d960e1ec-e2de-43a1-b7f8-937811771cc3-groupManagement] INFO  server.RaftServerConfigKeys (ConfUtils.java:logGet(46)) - raft.server.log.segment.size.max = 1048576 (custom)
2023-09-07 20:27:29,629 [EventQueue-PipelineReportForPipelineReportHandler] INFO  pipeline.PipelineReportHandler (PipelineReportHandler.java:processPipelineReport(136)) - Opened pipeline PipelineID=f6cf3f63-126f-4108-a2d1-9412df98349b
2023-09-07 20:27:29,632 [EventQueue-OpenPipelineForHealthyPipelineSafeModeRule] INFO  safemode.SCMSafeModeManager (HealthyPipelineSafeModeRule.java:process(137)) - SCM in safe mode. Healthy pipelines reported count is 0, required healthy pipeline reported count is 1
2023-09-07 20:27:29,633 [d960e1ec-e2de-43a1-b7f8-937811771cc3-groupManagement] INFO  server.RaftServerConfigKeys (ConfUtils.java:logGet(46)) - raft.server.log.segment.cache.num.max = 2 (custom)
2023-09-07 20:27:29,633 [d960e1ec-e2de-43a1-b7f8-937811771cc3-groupManagement] INFO  server.RaftServerConfigKeys (ConfUtils.java:logGet(46)) - raft.server.log.segment.cache.size.max = 200MB (=209715200) (default)
2023-09-07 20:27:29,635 [d960e1ec-e2de-43a1-b7f8-937811771cc3-groupManagement] INFO  server.RaftServerConfigKeys (ConfUtils.java:logGet(46)) - raft.server.log.appender.buffer.byte-limit = 33554432 (custom)
2023-09-07 20:27:29,636 [d960e1ec-e2de-43a1-b7f8-937811771cc3-groupManagement] INFO  segmented.SegmentedRaftLogWorker (SegmentedRaftLogWorker.java:<init>(188)) - new d960e1ec-e2de-43a1-b7f8-937811771cc3@group-9412DF98349B-SegmentedRaftLogWorker for RaftStorageImpl:Storage Directory /home/runner/work/ozone/ozone/hadoop-ozone/integration-test/target/test-dir/MiniOzoneClusterImpl-4ce661d8-ac2f-48de-9281-714c9e7643bd/datanode-2/data/ratis/f6cf3f63-126f-4108-a2d1-9412df98349b
2023-09-07 20:27:29,636 [d960e1ec-e2de-43a1-b7f8-937811771cc3-groupManagement] INFO  server.RaftServerConfigKeys (ConfUtils.java:logGet(46)) - raft.server.log.queue.byte-limit = 4294967296 (custom)
2023-09-07 20:27:29,636 [d960e1ec-e2de-43a1-b7f8-937811771cc3-groupManagement] INFO  server.RaftServerConfigKeys (ConfUtils.java:logGet(46)) - raft.server.log.queue.element-limit = 1024 (custom)
2023-09-07 20:27:29,636 [d960e1ec-e2de-43a1-b7f8-937811771cc3-groupManagement] INFO  server.RaftServerConfigKeys (ConfUtils.java:logGet(46)) - raft.server.log.segment.size.max = 1048576 (custom)
2023-09-07 20:27:29,636 [d960e1ec-e2de-43a1-b7f8-937811771cc3-groupManagement] INFO  server.RaftServerConfigKeys (ConfUtils.java:logGet(46)) - raft.server.log.preallocated.size = 16384 (custom)
2023-09-07 20:27:29,636 [d960e1ec-e2de-43a1-b7f8-937811771cc3-groupManagement] INFO  server.RaftServerConfigKeys (ConfUtils.java:logGet(46)) - raft.server.log.force.sync.num = 128 (default)
2023-09-07 20:27:29,636 [d960e1ec-e2de-43a1-b7f8-937811771cc3-groupManagement] INFO  server.RaftServerConfigKeys (ConfUtils.java:logGet(46)) - raft.server.log.statemachine.data.sync = true (default)
2023-09-07 20:27:29,636 [d960e1ec-e2de-43a1-b7f8-937811771cc3-groupManagement] INFO  server.RaftServerConfigKeys (ConfUtils.java:logGet(46)) - raft.server.log.statemachine.data.sync.timeout = 10s (default)
2023-09-07 20:27:29,636 [d960e1ec-e2de-43a1-b7f8-937811771cc3-groupManagement] INFO  server.RaftServerConfigKeys (ConfUtils.java:logGet(46)) - raft.server.log.statemachine.data.sync.timeout.retry = -1 (default)
2023-09-07 20:27:29,642 [d960e1ec-e2de-43a1-b7f8-937811771cc3-groupManagement] INFO  server.RaftServerConfigKeys (ConfUtils.java:logGet(46)) - raft.server.log.write.buffer.size = 1048576 (custom)
2023-09-07 20:27:29,646 [d960e1ec-e2de-43a1-b7f8-937811771cc3-groupManagement] INFO  server.RaftServerConfigKeys (ConfUtils.java:logGet(46)) - raft.server.log.appender.buffer.byte-limit = 33554432 (custom)
2023-09-07 20:27:29,954 [JvmPauseMonitor3] WARN  util.JvmPauseMonitor (JvmPauseMonitor.java:detectPause(124)) - JvmPauseMonitor-22c736ca-ae96-41a9-953f-e3c60311c10c: Detected pause in JVM or host machine approximately 0.207s with 0.298s GC time.
GC pool 'PS MarkSweep' had collection(s): count=1 time=226ms
GC pool 'PS Scavenge' had collection(s): count=1 time=72ms
2023-09-07 20:27:29,955 [JvmPauseMonitor0] WARN  util.JvmPauseMonitor (JvmPauseMonitor.java:detectPause(124)) - JvmPauseMonitor-3d8f6fb2-87c8-466e-a584-a5be4f8d737f: Detected pause in JVM or host machine approximately 0.248s with 0.298s GC time.
GC pool 'PS MarkSweep' had collection(s): count=1 time=226ms
GC pool 'PS Scavenge' had collection(s): count=1 time=72ms
2023-09-07 20:27:29,958 [grpc-default-executor-1] INFO  server.RaftServer (RaftServerProxy.java:addNew(98)) - d960e1ec-e2de-43a1-b7f8-937811771cc3: addNew group-3437F87ABA2C:[22c736ca-ae96-41a9-953f-e3c60311c10c|rpc:10.1.0.11:15023|admin:10.1.0.11:15022|client:10.1.0.11:15021|dataStream:10.1.0.11:15024|priority:0|startupRole:FOLLOWER, d960e1ec-e2de-43a1-b7f8-937811771cc3|rpc:10.1.0.11:15032|admin:10.1.0.11:15031|client:10.1.0.11:15030|dataStream:10.1.0.11:15033|priority:0|startupRole:FOLLOWER, 4c0a5098-e377-4fbc-882f-38eb7693a6cf|rpc:10.1.0.11:15014|admin:10.1.0.11:15013|client:10.1.0.11:15012|dataStream:10.1.0.11:15015|priority:1|startupRole:FOLLOWER] returns group-3437F87ABA2C:java.util.concurrent.CompletableFuture@3596549a[Not completed]
2023-09-07 20:27:29,960 [d960e1ec-e2de-43a1-b7f8-937811771cc3-groupManagement] INFO  server.RaftServerConfigKeys (ConfUtils.java:logGet(46)) - raft.server.log.unsafe-flush.enabled = false (default)
2023-09-07 20:27:29,960 [d960e1ec-e2de-43a1-b7f8-937811771cc3-groupManagement] INFO  server.RaftServerConfigKeys (ConfUtils.java:logGet(46)) - raft.server.log.async-flush.enabled = false (default)
2023-09-07 20:27:29,960 [d960e1ec-e2de-43a1-b7f8-937811771cc3-groupManagement] INFO  server.RaftServerConfigKeys (ConfUtils.java:logGet(46)) - raft.server.log.statemachine.data.caching.enabled = true (custom)
2023-09-07 20:27:29,960 [d960e1ec-e2de-43a1-b7f8-937811771cc3-groupManagement] INFO  segmented.SegmentedRaftLogWorker (SegmentedRaftLogWorker.java:lambda$new$0(135)) - d960e1ec-e2de-43a1-b7f8-937811771cc3@group-9412DF98349B-SegmentedRaftLogWorker: flushIndex: setUnconditionally 0 -> -1
2023-09-07 20:27:29,961 [d960e1ec-e2de-43a1-b7f8-937811771cc3-groupManagement] INFO  segmented.SegmentedRaftLogWorker (SegmentedRaftLogWorker.java:lambda$new$0(135)) - d960e1ec-e2de-43a1-b7f8-937811771cc3@group-9412DF98349B-SegmentedRaftLogWorker: safeCacheEvictIndex: setUnconditionally 0 -> -1
2023-09-07 20:27:29,961 [d960e1ec-e2de-43a1-b7f8-937811771cc3-groupManagement] INFO  server.RaftServer$Division (RaftServerImpl.java:start(342)) - d960e1ec-e2de-43a1-b7f8-937811771cc3@group-9412DF98349B: start as a follower, conf=-1: peers:[d960e1ec-e2de-43a1-b7f8-937811771cc3|rpc:10.1.0.11:15032|admin:10.1.0.11:15031|client:10.1.0.11:15030|dataStream:10.1.0.11:15033|priority:1|startupRole:FOLLOWER]|listeners:[], old=null
2023-09-07 20:27:29,961 [d960e1ec-e2de-43a1-b7f8-937811771cc3-groupManagement] INFO  server.RaftServer$Division (RaftServerImpl.java:setRole(329)) - d960e1ec-e2de-43a1-b7f8-937811771cc3@group-9412DF98349B: changes role from      null to FOLLOWER at term 0 for startAsFollower
2023-09-07 20:27:29,961 [d960e1ec-e2de-43a1-b7f8-937811771cc3-groupManagement] INFO  impl.RoleInfo (RoleInfo.java:updateAndGet(139)) - d960e1ec-e2de-43a1-b7f8-937811771cc3: start d960e1ec-e2de-43a1-b7f8-937811771cc3@group-9412DF98349B-FollowerState
2023-09-07 20:27:29,963 [d960e1ec-e2de-43a1-b7f8-937811771cc3-groupManagement] INFO  util.JmxRegister (JmxRegister.java:tryRegister(44)) - Successfully registered JMX Bean with object name Ratis:service=RaftServer,group=group-9412DF98349B,id=d960e1ec-e2de-43a1-b7f8-937811771cc3
2023-09-07 20:27:29,965 [d960e1ec-e2de-43a1-b7f8-937811771cc3-groupManagement] INFO  server.RaftServerConfigKeys (ConfUtils.java:logGet(46)) - raft.server.snapshot.auto.trigger.enabled = true (custom)
2023-09-07 20:27:29,965 [d960e1ec-e2de-43a1-b7f8-937811771cc3-groupManagement] INFO  server.RaftServerConfigKeys (ConfUtils.java:logGet(46)) - raft.server.snapshot.auto.trigger.threshold = 10000 (custom)
2023-09-07 20:27:29,965 [d960e1ec-e2de-43a1-b7f8-937811771cc3-groupManagement] INFO  server.RaftServerConfigKeys (ConfUtils.java:logGet(46)) - raft.server.snapshot.retention.file.num = 5 (custom)
2023-09-07 20:27:29,965 [d960e1ec-e2de-43a1-b7f8-937811771cc3-groupManagement] INFO  server.RaftServerConfigKeys (ConfUtils.java:logGet(46)) - raft.server.log.purge.upto.snapshot.index = false (default)
2023-09-07 20:27:29,965 [d960e1ec-e2de-43a1-b7f8-937811771cc3@group-9412DF98349B-FollowerState] INFO  server.RaftServerConfigKeys (ConfUtils.java:logFallback(53)) - raft.server.rpc.first-election.timeout.min = 5s (fallback to raft.server.rpc.timeout.min)
2023-09-07 20:27:29,978 [PipelineCommandHandlerThread-0] INFO  ratis.XceiverServerRatis (XceiverServerRatis.java:addGroup(804)) - Created group PipelineID=f6cf3f63-126f-4108-a2d1-9412df98349b
2023-09-07 20:27:29,978 [PipelineCommandHandlerThread-0] INFO  commandhandler.CreatePipelineCommandHandler (CreatePipelineCommandHandler.java:lambda$handle$2(124)) - Created Pipeline RATIS ONE PipelineID=f6cf3f63-126f-4108-a2d1-9412df98349b.
2023-09-07 20:27:29,979 [PipelineCommandHandlerThread-0] INFO  server.RaftServer (RaftServerProxy.java:addNew(98)) - d960e1ec-e2de-43a1-b7f8-937811771cc3: addNew group-88721368E654:[22c736ca-ae96-41a9-953f-e3c60311c10c|rpc:10.1.0.11:15023|admin:10.1.0.11:15022|client:10.1.0.11:15021|dataStream:10.1.0.11:15024|priority:1|startupRole:FOLLOWER, d960e1ec-e2de-43a1-b7f8-937811771cc3|rpc:10.1.0.11:15032|admin:10.1.0.11:15031|client:10.1.0.11:15030|dataStream:10.1.0.11:15033|priority:0|startupRole:FOLLOWER, 4c0a5098-e377-4fbc-882f-38eb7693a6cf|rpc:10.1.0.11:15014|admin:10.1.0.11:15013|client:10.1.0.11:15012|dataStream:10.1.0.11:15015|priority:0|startupRole:FOLLOWER] returns group-88721368E654:java.util.concurrent.CompletableFuture@499e9d3e[Not completed]
2023-09-07 20:27:29,979 [d960e1ec-e2de-43a1-b7f8-937811771cc3-groupManagement] INFO  server.RaftServer$Division (RaftServerImpl.java:<init>(198)) - d960e1ec-e2de-43a1-b7f8-937811771cc3: new RaftServerImpl for group-3437F87ABA2C:[22c736ca-ae96-41a9-953f-e3c60311c10c|rpc:10.1.0.11:15023|admin:10.1.0.11:15022|client:10.1.0.11:15021|dataStream:10.1.0.11:15024|priority:0|startupRole:FOLLOWER, d960e1ec-e2de-43a1-b7f8-937811771cc3|rpc:10.1.0.11:15032|admin:10.1.0.11:15031|client:10.1.0.11:15030|dataStream:10.1.0.11:15033|priority:0|startupRole:FOLLOWER, 4c0a5098-e377-4fbc-882f-38eb7693a6cf|rpc:10.1.0.11:15014|admin:10.1.0.11:15013|client:10.1.0.11:15012|dataStream:10.1.0.11:15015|priority:1|startupRole:FOLLOWER] with ContainerStateMachine:uninitialized
2023-09-07 20:27:29,979 [d960e1ec-e2de-43a1-b7f8-937811771cc3-groupManagement] INFO  server.RaftServerConfigKeys (ConfUtils.java:logGet(46)) - raft.server.rpc.timeout.min = 5s (custom)
2023-09-07 20:27:29,979 [d960e1ec-e2de-43a1-b7f8-937811771cc3-groupManagement] INFO  server.RaftServerConfigKeys (ConfUtils.java:logGet(46)) - raft.server.rpc.timeout.max = 5200ms (custom)
2023-09-07 20:27:29,980 [d960e1ec-e2de-43a1-b7f8-937811771cc3-groupManagement] INFO  server.RaftServerConfigKeys (ConfUtils.java:logGet(46)) - raft.server.rpc.sleep.time = 25ms (default)
2023-09-07 20:27:29,981 [d960e1ec-e2de-43a1-b7f8-937811771cc3@group-9412DF98349B-FollowerState] INFO  server.RaftServerConfigKeys (ConfUtils.java:logFallback(53)) - raft.server.rpc.first-election.timeout.max = 5200ms (fallback to raft.server.rpc.timeout.max)
2023-09-07 20:27:29,981 [d960e1ec-e2de-43a1-b7f8-937811771cc3-groupManagement] INFO  server.RaftServerConfigKeys (ConfUtils.java:logGet(46)) - raft.server.rpc.slowness.timeout = 300s (custom)
2023-09-07 20:27:30,000 [d960e1ec-e2de-43a1-b7f8-937811771cc3-groupManagement] INFO  server.RaftServerConfigKeys (ConfUtils.java:logGet(46)) - raft.server.leaderelection.leader.step-down.wait-time = 10s (default)
2023-09-07 20:27:30,000 [d960e1ec-e2de-43a1-b7f8-937811771cc3-groupManagement] INFO  server.RaftServerConfigKeys (ConfUtils.java:logGet(46)) - raft.server.sleep.deviation.threshold = 300ms (default)
2023-09-07 20:27:30,001 [d960e1ec-e2de-43a1-b7f8-937811771cc3-groupManagement] INFO  server.RaftServer$Division (ServerState.java:<init>(120)) - d960e1ec-e2de-43a1-b7f8-937811771cc3@group-3437F87ABA2C: ConfigurationManager, init=-1: peers:[22c736ca-ae96-41a9-953f-e3c60311c10c|rpc:10.1.0.11:15023|admin:10.1.0.11:15022|client:10.1.0.11:15021|dataStream:10.1.0.11:15024|priority:0|startupRole:FOLLOWER, d960e1ec-e2de-43a1-b7f8-937811771cc3|rpc:10.1.0.11:15032|admin:10.1.0.11:15031|client:10.1.0.11:15030|dataStream:10.1.0.11:15033|priority:0|startupRole:FOLLOWER, 4c0a5098-e377-4fbc-882f-38eb7693a6cf|rpc:10.1.0.11:15014|admin:10.1.0.11:15013|client:10.1.0.11:15012|dataStream:10.1.0.11:15015|priority:1|startupRole:FOLLOWER]|listeners:[], old=null, confs=<EMPTY_MAP>
2023-09-07 20:27:30,001 [d960e1ec-e2de-43a1-b7f8-937811771cc3-groupManagement] INFO  server.RaftServerConfigKeys (ConfUtils.java:logGet(46)) - raft.server.storage.dir = [/home/runner/work/ozone/ozone/hadoop-ozone/integration-test/target/test-dir/MiniOzoneClusterImpl-4ce661d8-ac2f-48de-9281-714c9e7643bd/datanode-2/data/ratis] (custom)
2023-09-07 20:27:30,004 [d960e1ec-e2de-43a1-b7f8-937811771cc3-groupManagement] INFO  server.RaftServerConfigKeys (ConfUtils.java:logGet(46)) - raft.server.log.corruption.policy = EXCEPTION (default)
2023-09-07 20:27:30,004 [d960e1ec-e2de-43a1-b7f8-937811771cc3-groupManagement] INFO  server.RaftServerConfigKeys (ConfUtils.java:logGet(46)) - raft.server.storage.free-space.min = 0MB (=0) (default)
2023-09-07 20:27:30,004 [d960e1ec-e2de-43a1-b7f8-937811771cc3-groupManagement] INFO  server.RaftServerConfigKeys (ConfUtils.java:logGet(46)) - raft.server.notification.no-leader.timeout = 300s (custom)
2023-09-07 20:27:30,004 [d960e1ec-e2de-43a1-b7f8-937811771cc3-groupManagement] INFO  server.RaftServerConfigKeys (ConfUtils.java:logGet(46)) - raft.server.read.timeout = 10s (default)
2023-09-07 20:27:30,004 [d960e1ec-e2de-43a1-b7f8-937811771cc3-groupManagement] INFO  server.RaftServerConfigKeys (ConfUtils.java:logGet(46)) - raft.server.retrycache.expirytime = 600000ms (custom)
2023-09-07 20:27:30,004 [d960e1ec-e2de-43a1-b7f8-937811771cc3-groupManagement] INFO  server.RaftServerConfigKeys (ConfUtils.java:logGet(46)) - raft.server.retrycache.statistics.expirytime = 100μs (default)
2023-09-07 20:27:30,005 [d960e1ec-e2de-43a1-b7f8-937811771cc3-groupManagement] INFO  server.RaftServerConfigKeys (ConfUtils.java:logGet(46)) - raft.server.read.option = DEFAULT (default)
2023-09-07 20:27:30,006 [d960e1ec-e2de-43a1-b7f8-937811771cc3-groupManagement] INFO  server.RaftServerConfigKeys (ConfUtils.java:logGet(46)) - raft.server.rpc.request.timeout = 60s (custom)
2023-09-07 20:27:30,006 [d960e1ec-e2de-43a1-b7f8-937811771cc3-groupManagement] INFO  server.RaftServerConfigKeys (ConfUtils.java:logGet(46)) - raft.server.log.appender.install.snapshot.enabled = false (custom)
2023-09-07 20:27:30,006 [d960e1ec-e2de-43a1-b7f8-937811771cc3-groupManagement] INFO  server.RaftServerConfigKeys (ConfUtils.java:logGet(46)) - raft.server.threadpool.server.cached = true (default)
2023-09-07 20:27:30,006 [d960e1ec-e2de-43a1-b7f8-937811771cc3-groupManagement] INFO  server.RaftServerConfigKeys (ConfUtils.java:logGet(46)) - raft.server.threadpool.server.size = 0 (default)
2023-09-07 20:27:30,006 [d960e1ec-e2de-43a1-b7f8-937811771cc3-groupManagement] INFO  server.RaftServerConfigKeys (ConfUtils.java:logGet(46)) - raft.server.threadpool.client.cached = true (default)
2023-09-07 20:27:30,006 [d960e1ec-e2de-43a1-b7f8-937811771cc3-groupManagement] INFO  server.RaftServerConfigKeys (ConfUtils.java:logGet(46)) - raft.server.threadpool.client.size = 0 (default)
2023-09-07 20:27:30,008 [d960e1ec-e2de-43a1-b7f8-937811771cc3-groupManagement] INFO  server.RaftServer$Division (RaftServerImpl.java:<init>(198)) - d960e1ec-e2de-43a1-b7f8-937811771cc3: new RaftServerImpl for group-88721368E654:[22c736ca-ae96-41a9-953f-e3c60311c10c|rpc:10.1.0.11:15023|admin:10.1.0.11:15022|client:10.1.0.11:15021|dataStream:10.1.0.11:15024|priority:1|startupRole:FOLLOWER, d960e1ec-e2de-43a1-b7f8-937811771cc3|rpc:10.1.0.11:15032|admin:10.1.0.11:15031|client:10.1.0.11:15030|dataStream:10.1.0.11:15033|priority:0|startupRole:FOLLOWER, 4c0a5098-e377-4fbc-882f-38eb7693a6cf|rpc:10.1.0.11:15014|admin:10.1.0.11:15013|client:10.1.0.11:15012|dataStream:10.1.0.11:15015|priority:0|startupRole:FOLLOWER] with ContainerStateMachine:uninitialized
2023-09-07 20:27:30,008 [d960e1ec-e2de-43a1-b7f8-937811771cc3-groupManagement] INFO  server.RaftServerConfigKeys (ConfUtils.java:logGet(46)) - raft.server.rpc.timeout.min = 5s (custom)
2023-09-07 20:27:30,009 [d960e1ec-e2de-43a1-b7f8-937811771cc3-groupManagement] INFO  server.RaftServerConfigKeys (ConfUtils.java:logGet(46)) - raft.server.rpc.timeout.max = 5200ms (custom)
2023-09-07 20:27:30,009 [d960e1ec-e2de-43a1-b7f8-937811771cc3-groupManagement] INFO  server.RaftServerConfigKeys (ConfUtils.java:logGet(46)) - raft.server.rpc.sleep.time = 25ms (default)
2023-09-07 20:27:30,009 [d960e1ec-e2de-43a1-b7f8-937811771cc3-groupManagement] INFO  server.RaftServerConfigKeys (ConfUtils.java:logGet(46)) - raft.server.rpc.slowness.timeout = 300s (custom)
2023-09-07 20:27:30,009 [d960e1ec-e2de-43a1-b7f8-937811771cc3-groupManagement] INFO  server.RaftServerConfigKeys (ConfUtils.java:logGet(46)) - raft.server.leaderelection.leader.step-down.wait-time = 10s (default)
2023-09-07 20:27:30,009 [d960e1ec-e2de-43a1-b7f8-937811771cc3-groupManagement] INFO  server.RaftServerConfigKeys (ConfUtils.java:logGet(46)) - raft.server.sleep.deviation.threshold = 300ms (default)
2023-09-07 20:27:30,012 [d960e1ec-e2de-43a1-b7f8-937811771cc3-groupManagement] INFO  server.RaftServer$Division (ServerState.java:<init>(120)) - d960e1ec-e2de-43a1-b7f8-937811771cc3@group-88721368E654: ConfigurationManager, init=-1: peers:[22c736ca-ae96-41a9-953f-e3c60311c10c|rpc:10.1.0.11:15023|admin:10.1.0.11:15022|client:10.1.0.11:15021|dataStream:10.1.0.11:15024|priority:1|startupRole:FOLLOWER, d960e1ec-e2de-43a1-b7f8-937811771cc3|rpc:10.1.0.11:15032|admin:10.1.0.11:15031|client:10.1.0.11:15030|dataStream:10.1.0.11:15033|priority:0|startupRole:FOLLOWER, 4c0a5098-e377-4fbc-882f-38eb7693a6cf|rpc:10.1.0.11:15014|admin:10.1.0.11:15013|client:10.1.0.11:15012|dataStream:10.1.0.11:15015|priority:0|startupRole:FOLLOWER]|listeners:[], old=null, confs=<EMPTY_MAP>
2023-09-07 20:27:30,012 [d960e1ec-e2de-43a1-b7f8-937811771cc3-groupManagement] INFO  server.RaftServerConfigKeys (ConfUtils.java:logGet(46)) - raft.server.storage.dir = [/home/runner/work/ozone/ozone/hadoop-ozone/integration-test/target/test-dir/MiniOzoneClusterImpl-4ce661d8-ac2f-48de-9281-714c9e7643bd/datanode-2/data/ratis] (custom)
2023-09-07 20:27:30,015 [PipelineCommandHandlerThread-0] INFO  commandhandler.CreatePipelineCommandHandler (CreatePipelineCommandHandler.java:lambda$handle$2(124)) - Created Pipeline RATIS THREE PipelineID=613597bd-0b08-4926-9cc2-3437f87aba2c.
2023-09-07 20:27:30,016 [PipelineCommandHandlerThread-0] INFO  server.RaftServer (RaftServerProxy.java:addNew(98)) - 22c736ca-ae96-41a9-953f-e3c60311c10c: addNew group-88721368E654:[22c736ca-ae96-41a9-953f-e3c60311c10c|rpc:10.1.0.11:15023|admin:10.1.0.11:15022|client:10.1.0.11:15021|dataStream:10.1.0.11:15024|priority:1|startupRole:FOLLOWER, d960e1ec-e2de-43a1-b7f8-937811771cc3|rpc:10.1.0.11:15032|admin:10.1.0.11:15031|client:10.1.0.11:15030|dataStream:10.1.0.11:15033|priority:0|startupRole:FOLLOWER, 4c0a5098-e377-4fbc-882f-38eb7693a6cf|rpc:10.1.0.11:15014|admin:10.1.0.11:15013|client:10.1.0.11:15012|dataStream:10.1.0.11:15015|priority:0|startupRole:FOLLOWER] returns group-88721368E654:java.util.concurrent.CompletableFuture@3da1ba32[Not completed]
2023-09-07 20:27:30,017 [22c736ca-ae96-41a9-953f-e3c60311c10c-groupManagement] INFO  server.RaftServer$Division (RaftServerImpl.java:<init>(198)) - 22c736ca-ae96-41a9-953f-e3c60311c10c: new RaftServerImpl for group-88721368E654:[22c736ca-ae96-41a9-953f-e3c60311c10c|rpc:10.1.0.11:15023|admin:10.1.0.11:15022|client:10.1.0.11:15021|dataStream:10.1.0.11:15024|priority:1|startupRole:FOLLOWER, d960e1ec-e2de-43a1-b7f8-937811771cc3|rpc:10.1.0.11:15032|admin:10.1.0.11:15031|client:10.1.0.11:15030|dataStream:10.1.0.11:15033|priority:0|startupRole:FOLLOWER, 4c0a5098-e377-4fbc-882f-38eb7693a6cf|rpc:10.1.0.11:15014|admin:10.1.0.11:15013|client:10.1.0.11:15012|dataStream:10.1.0.11:15015|priority:0|startupRole:FOLLOWER] with ContainerStateMachine:uninitialized
2023-09-07 20:27:30,018 [22c736ca-ae96-41a9-953f-e3c60311c10c-groupManagement] INFO  server.RaftServerConfigKeys (ConfUtils.java:logGet(46)) - raft.server.rpc.timeout.min = 5s (custom)
2023-09-07 20:27:30,018 [22c736ca-ae96-41a9-953f-e3c60311c10c-groupManagement] INFO  server.RaftServerConfigKeys (ConfUtils.java:logGet(46)) - raft.server.rpc.timeout.max = 5200ms (custom)
2023-09-07 20:27:30,018 [22c736ca-ae96-41a9-953f-e3c60311c10c-groupManagement] INFO  server.RaftServerConfigKeys (ConfUtils.java:logGet(46)) - raft.server.rpc.sleep.time = 25ms (default)
2023-09-07 20:27:30,018 [22c736ca-ae96-41a9-953f-e3c60311c10c-groupManagement] INFO  server.RaftServerConfigKeys (ConfUtils.java:logGet(46)) - raft.server.rpc.slowness.timeout = 300s (custom)
2023-09-07 20:27:30,018 [22c736ca-ae96-41a9-953f-e3c60311c10c-groupManagement] INFO  server.RaftServerConfigKeys (ConfUtils.java:logGet(46)) - raft.server.leaderelection.leader.step-down.wait-time = 10s (default)
2023-09-07 20:27:30,018 [22c736ca-ae96-41a9-953f-e3c60311c10c-groupManagement] INFO  server.RaftServerConfigKeys (ConfUtils.java:logGet(46)) - raft.server.sleep.deviation.threshold = 300ms (default)
2023-09-07 20:27:30,018 [22c736ca-ae96-41a9-953f-e3c60311c10c-groupManagement] INFO  server.RaftServer$Division (ServerState.java:<init>(120)) - 22c736ca-ae96-41a9-953f-e3c60311c10c@group-88721368E654: ConfigurationManager, init=-1: peers:[22c736ca-ae96-41a9-953f-e3c60311c10c|rpc:10.1.0.11:15023|admin:10.1.0.11:15022|client:10.1.0.11:15021|dataStream:10.1.0.11:15024|priority:1|startupRole:FOLLOWER, d960e1ec-e2de-43a1-b7f8-937811771cc3|rpc:10.1.0.11:15032|admin:10.1.0.11:15031|client:10.1.0.11:15030|dataStream:10.1.0.11:15033|priority:0|startupRole:FOLLOWER, 4c0a5098-e377-4fbc-882f-38eb7693a6cf|rpc:10.1.0.11:15014|admin:10.1.0.11:15013|client:10.1.0.11:15012|dataStream:10.1.0.11:15015|priority:0|startupRole:FOLLOWER]|listeners:[], old=null, confs=<EMPTY_MAP>
2023-09-07 20:27:30,018 [22c736ca-ae96-41a9-953f-e3c60311c10c-groupManagement] INFO  server.RaftServerConfigKeys (ConfUtils.java:logGet(46)) - raft.server.storage.dir = [/home/runner/work/ozone/ozone/hadoop-ozone/integration-test/target/test-dir/MiniOzoneClusterImpl-4ce661d8-ac2f-48de-9281-714c9e7643bd/datanode-1/data/ratis] (custom)
2023-09-07 20:27:30,019 [22c736ca-ae96-41a9-953f-e3c60311c10c-groupManagement] INFO  server.RaftServerConfigKeys (ConfUtils.java:logGet(46)) - raft.server.log.corruption.policy = EXCEPTION (default)
2023-09-07 20:27:30,019 [22c736ca-ae96-41a9-953f-e3c60311c10c-groupManagement] INFO  server.RaftServerConfigKeys (ConfUtils.java:logGet(46)) - raft.server.storage.free-space.min = 0MB (=0) (default)
2023-09-07 20:27:30,019 [22c736ca-ae96-41a9-953f-e3c60311c10c-groupManagement] INFO  server.RaftServerConfigKeys (ConfUtils.java:logGet(46)) - raft.server.notification.no-leader.timeout = 300s (custom)
2023-09-07 20:27:30,019 [22c736ca-ae96-41a9-953f-e3c60311c10c-groupManagement] INFO  server.RaftServerConfigKeys (ConfUtils.java:logGet(46)) - raft.server.read.timeout = 10s (default)
2023-09-07 20:27:30,019 [22c736ca-ae96-41a9-953f-e3c60311c10c-groupManagement] INFO  server.RaftServerConfigKeys (ConfUtils.java:logGet(46)) - raft.server.retrycache.expirytime = 600000ms (custom)
2023-09-07 20:27:30,019 [22c736ca-ae96-41a9-953f-e3c60311c10c-groupManagement] INFO  server.RaftServerConfigKeys (ConfUtils.java:logGet(46)) - raft.server.retrycache.statistics.expirytime = 100μs (default)
2023-09-07 20:27:30,019 [22c736ca-ae96-41a9-953f-e3c60311c10c-groupManagement] INFO  server.RaftServerConfigKeys (ConfUtils.java:logGet(46)) - raft.server.read.option = DEFAULT (default)
2023-09-07 20:27:30,021 [22c736ca-ae96-41a9-953f-e3c60311c10c-groupManagement] INFO  server.RaftServerConfigKeys (ConfUtils.java:logGet(46)) - raft.server.rpc.request.timeout = 60s (custom)
2023-09-07 20:27:30,022 [22c736ca-ae96-41a9-953f-e3c60311c10c-groupManagement] INFO  server.RaftServerConfigKeys (ConfUtils.java:logGet(46)) - raft.server.log.appender.install.snapshot.enabled = false (custom)
2023-09-07 20:27:30,022 [22c736ca-ae96-41a9-953f-e3c60311c10c-groupManagement] INFO  server.RaftServerConfigKeys (ConfUtils.java:logGet(46)) - raft.server.threadpool.server.cached = true (default)
2023-09-07 20:27:30,022 [22c736ca-ae96-41a9-953f-e3c60311c10c-groupManagement] INFO  server.RaftServerConfigKeys (ConfUtils.java:logGet(46)) - raft.server.threadpool.server.size = 0 (default)
2023-09-07 20:27:30,022 [22c736ca-ae96-41a9-953f-e3c60311c10c-groupManagement] INFO  server.RaftServerConfigKeys (ConfUtils.java:logGet(46)) - raft.server.threadpool.client.cached = true (default)
2023-09-07 20:27:30,022 [22c736ca-ae96-41a9-953f-e3c60311c10c-groupManagement] INFO  server.RaftServerConfigKeys (ConfUtils.java:logGet(46)) - raft.server.threadpool.client.size = 0 (default)
2023-09-07 20:27:30,022 [22c736ca-ae96-41a9-953f-e3c60311c10c-groupManagement] INFO  storage.RaftStorageDirectory (RaftStorageDirectoryImpl.java:analyzeStorage(137)) - The storage directory /home/runner/work/ozone/ozone/hadoop-ozone/integration-test/target/test-dir/MiniOzoneClusterImpl-4ce661d8-ac2f-48de-9281-714c9e7643bd/datanode-1/data/ratis/629ce196-bdb8-4d17-9b5f-88721368e654 does not exist. Creating ...
2023-09-07 20:27:30,024 [d960e1ec-e2de-43a1-b7f8-937811771cc3-groupManagement] INFO  server.RaftServerConfigKeys (ConfUtils.java:logGet(46)) - raft.server.log.corruption.policy = EXCEPTION (default)
2023-09-07 20:27:30,028 [d960e1ec-e2de-43a1-b7f8-937811771cc3-groupManagement] INFO  server.RaftServerConfigKeys (ConfUtils.java:logGet(46)) - raft.server.storage.free-space.min = 0MB (=0) (default)
2023-09-07 20:27:30,028 [d960e1ec-e2de-43a1-b7f8-937811771cc3-groupManagement] INFO  server.RaftServerConfigKeys (ConfUtils.java:logGet(46)) - raft.server.notification.no-leader.timeout = 300s (custom)
2023-09-07 20:27:30,028 [d960e1ec-e2de-43a1-b7f8-937811771cc3-groupManagement] INFO  server.RaftServerConfigKeys (ConfUtils.java:logGet(46)) - raft.server.read.timeout = 10s (default)
2023-09-07 20:27:30,028 [d960e1ec-e2de-43a1-b7f8-937811771cc3-groupManagement] INFO  server.RaftServerConfigKeys (ConfUtils.java:logGet(46)) - raft.server.retrycache.expirytime = 600000ms (custom)
2023-09-07 20:27:30,028 [d960e1ec-e2de-43a1-b7f8-937811771cc3-groupManagement] INFO  server.RaftServerConfigKeys (ConfUtils.java:logGet(46)) - raft.server.retrycache.statistics.expirytime = 100μs (default)
2023-09-07 20:27:30,028 [d960e1ec-e2de-43a1-b7f8-937811771cc3-groupManagement] INFO  server.RaftServerConfigKeys (ConfUtils.java:logGet(46)) - raft.server.read.option = DEFAULT (default)
2023-09-07 20:27:30,026 [PipelineCommandHandlerThread-0] INFO  server.RaftServer (RaftServerProxy.java:addNew(98)) - 5f055d78-845e-4650-aea7-51f979d0aed9: addNew group-65E2763B01A6:[5f055d78-845e-4650-aea7-51f979d0aed9|rpc:10.1.0.11:15041|admin:10.1.0.11:15040|client:10.1.0.11:15039|dataStream:10.1.0.11:15042|priority:1|startupRole:FOLLOWER] returns group-65E2763B01A6:java.util.concurrent.CompletableFuture@6f6f3506[Not completed]
2023-09-07 20:27:30,024 [22c736ca-ae96-41a9-953f-e3c60311c10c-groupManagement] INFO  storage.RaftStorageDirectory (RaftStorageDirectoryImpl.java:tryLock(231)) - Lock on /home/runner/work/ozone/ozone/hadoop-ozone/integration-test/target/test-dir/MiniOzoneClusterImpl-4ce661d8-ac2f-48de-9281-714c9e7643bd/datanode-1/data/ratis/629ce196-bdb8-4d17-9b5f-88721368e654/in_use.lock acquired by nodename 7625@fv-az259-394
2023-09-07 20:27:30,030 [5f055d78-845e-4650-aea7-51f979d0aed9-groupManagement] INFO  server.RaftServer$Division (RaftServerImpl.java:<init>(198)) - 5f055d78-845e-4650-aea7-51f979d0aed9: new RaftServerImpl for group-65E2763B01A6:[5f055d78-845e-4650-aea7-51f979d0aed9|rpc:10.1.0.11:15041|admin:10.1.0.11:15040|client:10.1.0.11:15039|dataStream:10.1.0.11:15042|priority:1|startupRole:FOLLOWER] with ContainerStateMachine:uninitialized
2023-09-07 20:27:30,030 [5f055d78-845e-4650-aea7-51f979d0aed9-groupManagement] INFO  server.RaftServerConfigKeys (ConfUtils.java:logGet(46)) - raft.server.rpc.timeout.min = 5s (custom)
2023-09-07 20:27:30,030 [5f055d78-845e-4650-aea7-51f979d0aed9-groupManagement] INFO  server.RaftServerConfigKeys (ConfUtils.java:logGet(46)) - raft.server.rpc.timeout.max = 5200ms (custom)
2023-09-07 20:27:30,030 [5f055d78-845e-4650-aea7-51f979d0aed9-groupManagement] INFO  server.RaftServerConfigKeys (ConfUtils.java:logGet(46)) - raft.server.rpc.sleep.time = 25ms (default)
2023-09-07 20:27:30,030 [5f055d78-845e-4650-aea7-51f979d0aed9-groupManagement] INFO  server.RaftServerConfigKeys (ConfUtils.java:logGet(46)) - raft.server.rpc.slowness.timeout = 300s (custom)
2023-09-07 20:27:30,030 [5f055d78-845e-4650-aea7-51f979d0aed9-groupManagement] INFO  server.RaftServerConfigKeys (ConfUtils.java:logGet(46)) - raft.server.leaderelection.leader.step-down.wait-time = 10s (default)
2023-09-07 20:27:30,030 [5f055d78-845e-4650-aea7-51f979d0aed9-groupManagement] INFO  server.RaftServerConfigKeys (ConfUtils.java:logGet(46)) - raft.server.sleep.deviation.threshold = 300ms (default)
2023-09-07 20:27:30,031 [5f055d78-845e-4650-aea7-51f979d0aed9-groupManagement] INFO  server.RaftServer$Division (ServerState.java:<init>(120)) - 5f055d78-845e-4650-aea7-51f979d0aed9@group-65E2763B01A6: ConfigurationManager, init=-1: peers:[5f055d78-845e-4650-aea7-51f979d0aed9|rpc:10.1.0.11:15041|admin:10.1.0.11:15040|client:10.1.0.11:15039|dataStream:10.1.0.11:15042|priority:1|startupRole:FOLLOWER]|listeners:[], old=null, confs=<EMPTY_MAP>
2023-09-07 20:27:30,031 [5f055d78-845e-4650-aea7-51f979d0aed9-groupManagement] INFO  server.RaftServerConfigKeys (ConfUtils.java:logGet(46)) - raft.server.storage.dir = [/home/runner/work/ozone/ozone/hadoop-ozone/integration-test/target/test-dir/MiniOzoneClusterImpl-4ce661d8-ac2f-48de-9281-714c9e7643bd/datanode-3/data/ratis] (custom)
2023-09-07 20:27:30,031 [5f055d78-845e-4650-aea7-51f979d0aed9-groupManagement] INFO  server.RaftServerConfigKeys (ConfUtils.java:logGet(46)) - raft.server.log.corruption.policy = EXCEPTION (default)
2023-09-07 20:27:30,031 [5f055d78-845e-4650-aea7-51f979d0aed9-groupManagement] INFO  server.RaftServerConfigKeys (ConfUtils.java:logGet(46)) - raft.server.storage.free-space.min = 0MB (=0) (default)
2023-09-07 20:27:30,031 [22c736ca-ae96-41a9-953f-e3c60311c10c-groupManagement] INFO  storage.RaftStorage (RaftStorageImpl.java:format(96)) - Storage directory /home/runner/work/ozone/ozone/hadoop-ozone/integration-test/target/test-dir/MiniOzoneClusterImpl-4ce661d8-ac2f-48de-9281-714c9e7643bd/datanode-1/data/ratis/629ce196-bdb8-4d17-9b5f-88721368e654 has been successfully formatted.
2023-09-07 20:27:30,032 [22c736ca-ae96-41a9-953f-e3c60311c10c-groupManagement] INFO  ratis.ContainerStateMachine (ContainerStateMachine.java:loadSnapshot(262)) - group-88721368E654: The snapshot info is null. Setting the last applied indexto:(t:0, i:~)
2023-09-07 20:27:30,032 [22c736ca-ae96-41a9-953f-e3c60311c10c-groupManagement] INFO  server.RaftServerConfigKeys (ConfUtils.java:logGet(46)) - raft.server.log.use.memory = false (default)
2023-09-07 20:27:30,032 [22c736ca-ae96-41a9-953f-e3c60311c10c-groupManagement] INFO  server.RaftServerConfigKeys (ConfUtils.java:logGet(46)) - raft.server.log.purge.gap = 1000000 (custom)
2023-09-07 20:27:30,032 [22c736ca-ae96-41a9-953f-e3c60311c10c-groupManagement] INFO  server.RaftServerConfigKeys (ConfUtils.java:logGet(46)) - raft.server.log.appender.buffer.byte-limit = 33554432 (custom)
2023-09-07 20:27:30,032 [22c736ca-ae96-41a9-953f-e3c60311c10c-groupManagement] INFO  server.RaftServerConfigKeys (ConfUtils.java:logGet(46)) - raft.server.log.statemachine.data.read.timeout = 1000ms (default)
2023-09-07 20:27:30,032 [22c736ca-ae96-41a9-953f-e3c60311c10c-groupManagement] INFO  server.RaftServerConfigKeys (ConfUtils.java:logGet(46)) - raft.server.log.purge.preservation.log.num = 0 (default)
2023-09-07 20:27:30,031 [5f055d78-845e-4650-aea7-51f979d0aed9-groupManagement] INFO  server.RaftServerConfigKeys (ConfUtils.java:logGet(46)) - raft.server.notification.no-leader.timeout = 300s (custom)
2023-09-07 20:27:30,040 [5f055d78-845e-4650-aea7-51f979d0aed9-groupManagement] INFO  server.RaftServerConfigKeys (ConfUtils.java:logGet(46)) - raft.server.read.timeout = 10s (default)
2023-09-07 20:27:30,040 [5f055d78-845e-4650-aea7-51f979d0aed9-groupManagement] INFO  server.RaftServerConfigKeys (ConfUtils.java:logGet(46)) - raft.server.retrycache.expirytime = 600000ms (custom)
2023-09-07 20:27:30,040 [5f055d78-845e-4650-aea7-51f979d0aed9-groupManagement] INFO  server.RaftServerConfigKeys (ConfUtils.java:logGet(46)) - raft.server.retrycache.statistics.expirytime = 100μs (default)
2023-09-07 20:27:30,040 [5f055d78-845e-4650-aea7-51f979d0aed9-groupManagement] INFO  server.RaftServerConfigKeys (ConfUtils.java:logGet(46)) - raft.server.read.option = DEFAULT (default)
2023-09-07 20:27:30,040 [22c736ca-ae96-41a9-953f-e3c60311c10c-groupManagement] INFO  server.RaftServerConfigKeys (ConfUtils.java:logGet(46)) - raft.server.log.segment.size.max = 1048576 (custom)
2023-09-07 20:27:30,043 [22c736ca-ae96-41a9-953f-e3c60311c10c-groupManagement] INFO  server.RaftServerConfigKeys (ConfUtils.java:logGet(46)) - raft.server.log.segment.cache.num.max = 2 (custom)
2023-09-07 20:27:30,043 [22c736ca-ae96-41a9-953f-e3c60311c10c-groupManagement] INFO  server.RaftServerConfigKeys (ConfUtils.java:logGet(46)) - raft.server.log.segment.cache.size.max = 200MB (=209715200) (default)
2023-09-07 20:27:30,043 [EventQueue-OpenPipelineForHealthyPipelineSafeModeRule] INFO  safemode.SCMSafeModeManager (HealthyPipelineSafeModeRule.java:process(137)) - SCM in safe mode. Healthy pipelines reported count is 0, required healthy pipeline reported count is 1
2023-09-07 20:27:30,044 [d960e1ec-e2de-43a1-b7f8-937811771cc3-groupManagement] INFO  server.RaftServerConfigKeys (ConfUtils.java:logGet(46)) - raft.server.rpc.request.timeout = 60s (custom)
2023-09-07 20:27:30,044 [d960e1ec-e2de-43a1-b7f8-937811771cc3-groupManagement] INFO  server.RaftServerConfigKeys (ConfUtils.java:logGet(46)) - raft.server.log.appender.install.snapshot.enabled = false (custom)
2023-09-07 20:27:30,044 [d960e1ec-e2de-43a1-b7f8-937811771cc3-groupManagement] INFO  server.RaftServerConfigKeys (ConfUtils.java:logGet(46)) - raft.server.threadpool.server.cached = true (default)
2023-09-07 20:27:30,044 [d960e1ec-e2de-43a1-b7f8-937811771cc3-groupManagement] INFO  server.RaftServerConfigKeys (ConfUtils.java:logGet(46)) - raft.server.threadpool.server.size = 0 (default)
2023-09-07 20:27:30,044 [d960e1ec-e2de-43a1-b7f8-937811771cc3-groupManagement] INFO  server.RaftServerConfigKeys (ConfUtils.java:logGet(46)) - raft.server.threadpool.client.cached = true (default)
2023-09-07 20:27:30,045 [d960e1ec-e2de-43a1-b7f8-937811771cc3-groupManagement] INFO  server.RaftServerConfigKeys (ConfUtils.java:logGet(46)) - raft.server.threadpool.client.size = 0 (default)
2023-09-07 20:27:30,045 [d960e1ec-e2de-43a1-b7f8-937811771cc3-groupManagement] INFO  storage.RaftStorageDirectory (RaftStorageDirectoryImpl.java:analyzeStorage(137)) - The storage directory /home/runner/work/ozone/ozone/hadoop-ozone/integration-test/target/test-dir/MiniOzoneClusterImpl-4ce661d8-ac2f-48de-9281-714c9e7643bd/datanode-2/data/ratis/613597bd-0b08-4926-9cc2-3437f87aba2c does not exist. Creating ...
2023-09-07 20:27:30,043 [22c736ca-ae96-41a9-953f-e3c60311c10c-groupManagement] INFO  server.RaftServerConfigKeys (ConfUtils.java:logGet(46)) - raft.server.log.appender.buffer.byte-limit = 33554432 (custom)
2023-09-07 20:27:30,046 [22c736ca-ae96-41a9-953f-e3c60311c10c-groupManagement] INFO  segmented.SegmentedRaftLogWorker (SegmentedRaftLogWorker.java:<init>(188)) - new 22c736ca-ae96-41a9-953f-e3c60311c10c@group-88721368E654-SegmentedRaftLogWorker for RaftStorageImpl:Storage Directory /home/runner/work/ozone/ozone/hadoop-ozone/integration-test/target/test-dir/MiniOzoneClusterImpl-4ce661d8-ac2f-48de-9281-714c9e7643bd/datanode-1/data/ratis/629ce196-bdb8-4d17-9b5f-88721368e654
2023-09-07 20:27:30,046 [22c736ca-ae96-41a9-953f-e3c60311c10c-groupManagement] INFO  server.RaftServerConfigKeys (ConfUtils.java:logGet(46)) - raft.server.log.queue.byte-limit = 4294967296 (custom)
2023-09-07 20:27:30,046 [22c736ca-ae96-41a9-953f-e3c60311c10c-groupManagement] INFO  server.RaftServerConfigKeys (ConfUtils.java:logGet(46)) - raft.server.log.queue.element-limit = 1024 (custom)
2023-09-07 20:27:30,046 [22c736ca-ae96-41a9-953f-e3c60311c10c-groupManagement] INFO  server.RaftServerConfigKeys (ConfUtils.java:logGet(46)) - raft.server.log.segment.size.max = 1048576 (custom)
2023-09-07 20:27:30,046 [22c736ca-ae96-41a9-953f-e3c60311c10c-groupManagement] INFO  server.RaftServerConfigKeys (ConfUtils.java:logGet(46)) - raft.server.log.preallocated.size = 16384 (custom)
2023-09-07 20:27:30,046 [22c736ca-ae96-41a9-953f-e3c60311c10c-groupManagement] INFO  server.RaftServerConfigKeys (ConfUtils.java:logGet(46)) - raft.server.log.force.sync.num = 128 (default)
2023-09-07 20:27:30,046 [22c736ca-ae96-41a9-953f-e3c60311c10c-groupManagement] INFO  server.RaftServerConfigKeys (ConfUtils.java:logGet(46)) - raft.server.log.statemachine.data.sync = true (default)
2023-09-07 20:27:30,046 [22c736ca-ae96-41a9-953f-e3c60311c10c-groupManagement] INFO  server.RaftServerConfigKeys (ConfUtils.java:logGet(46)) - raft.server.log.statemachine.data.sync.timeout = 10s (default)
2023-09-07 20:27:30,046 [22c736ca-ae96-41a9-953f-e3c60311c10c-groupManagement] INFO  server.RaftServerConfigKeys (ConfUtils.java:logGet(46)) - raft.server.log.statemachine.data.sync.timeout.retry = -1 (default)
2023-09-07 20:27:30,048 [22c736ca-ae96-41a9-953f-e3c60311c10c-groupManagement] INFO  server.RaftServerConfigKeys (ConfUtils.java:logGet(46)) - raft.server.log.write.buffer.size = 1048576 (custom)
2023-09-07 20:27:30,050 [d960e1ec-e2de-43a1-b7f8-937811771cc3-groupManagement] INFO  storage.RaftStorageDirectory (RaftStorageDirectoryImpl.java:tryLock(231)) - Lock on /home/runner/work/ozone/ozone/hadoop-ozone/integration-test/target/test-dir/MiniOzoneClusterImpl-4ce661d8-ac2f-48de-9281-714c9e7643bd/datanode-2/data/ratis/613597bd-0b08-4926-9cc2-3437f87aba2c/in_use.lock acquired by nodename 7625@fv-az259-394
2023-09-07 20:27:30,052 [22c736ca-ae96-41a9-953f-e3c60311c10c-groupManagement] INFO  server.RaftServerConfigKeys (ConfUtils.java:logGet(46)) - raft.server.log.appender.buffer.byte-limit = 33554432 (custom)
2023-09-07 20:27:30,052 [d960e1ec-e2de-43a1-b7f8-937811771cc3-groupManagement] INFO  storage.RaftStorage (RaftStorageImpl.java:format(96)) - Storage directory /home/runner/work/ozone/ozone/hadoop-ozone/integration-test/target/test-dir/MiniOzoneClusterImpl-4ce661d8-ac2f-48de-9281-714c9e7643bd/datanode-2/data/ratis/613597bd-0b08-4926-9cc2-3437f87aba2c has been successfully formatted.
2023-09-07 20:27:30,053 [d960e1ec-e2de-43a1-b7f8-937811771cc3-groupManagement] INFO  ratis.ContainerStateMachine (ContainerStateMachine.java:loadSnapshot(262)) - group-3437F87ABA2C: The snapshot info is null. Setting the last applied indexto:(t:0, i:~)
2023-09-07 20:27:30,053 [d960e1ec-e2de-43a1-b7f8-937811771cc3-groupManagement] INFO  server.RaftServerConfigKeys (ConfUtils.java:logGet(46)) - raft.server.log.use.memory = false (default)
2023-09-07 20:27:30,055 [d960e1ec-e2de-43a1-b7f8-937811771cc3-groupManagement] INFO  server.RaftServerConfigKeys (ConfUtils.java:logGet(46)) - raft.server.log.purge.gap = 1000000 (custom)
2023-09-07 20:27:30,055 [d960e1ec-e2de-43a1-b7f8-937811771cc3-groupManagement] INFO  server.RaftServerConfigKeys (ConfUtils.java:logGet(46)) - raft.server.log.appender.buffer.byte-limit = 33554432 (custom)
2023-09-07 20:27:30,055 [d960e1ec-e2de-43a1-b7f8-937811771cc3-groupManagement] INFO  server.RaftServerConfigKeys (ConfUtils.java:logGet(46)) - raft.server.log.statemachine.data.read.timeout = 1000ms (default)
2023-09-07 20:27:30,055 [d960e1ec-e2de-43a1-b7f8-937811771cc3-groupManagement] INFO  server.RaftServerConfigKeys (ConfUtils.java:logGet(46)) - raft.server.log.purge.preservation.log.num = 0 (default)
2023-09-07 20:27:30,055 [d960e1ec-e2de-43a1-b7f8-937811771cc3-groupManagement] INFO  server.RaftServerConfigKeys (ConfUtils.java:logGet(46)) - raft.server.log.segment.size.max = 1048576 (custom)
2023-09-07 20:27:30,058 [d960e1ec-e2de-43a1-b7f8-937811771cc3-groupManagement] INFO  server.RaftServerConfigKeys (ConfUtils.java:logGet(46)) - raft.server.log.segment.cache.num.max = 2 (custom)
2023-09-07 20:27:30,058 [d960e1ec-e2de-43a1-b7f8-937811771cc3-groupManagement] INFO  server.RaftServerConfigKeys (ConfUtils.java:logGet(46)) - raft.server.log.segment.cache.size.max = 200MB (=209715200) (default)
2023-09-07 20:27:30,058 [d960e1ec-e2de-43a1-b7f8-937811771cc3-groupManagement] INFO  server.RaftServerConfigKeys (ConfUtils.java:logGet(46)) - raft.server.log.appender.buffer.byte-limit = 33554432 (custom)
2023-09-07 20:27:30,058 [d960e1ec-e2de-43a1-b7f8-937811771cc3-groupManagement] INFO  segmented.SegmentedRaftLogWorker (SegmentedRaftLogWorker.java:<init>(188)) - new d960e1ec-e2de-43a1-b7f8-937811771cc3@group-3437F87ABA2C-SegmentedRaftLogWorker for RaftStorageImpl:Storage Directory /home/runner/work/ozone/ozone/hadoop-ozone/integration-test/target/test-dir/MiniOzoneClusterImpl-4ce661d8-ac2f-48de-9281-714c9e7643bd/datanode-2/data/ratis/613597bd-0b08-4926-9cc2-3437f87aba2c
2023-09-07 20:27:30,058 [d960e1ec-e2de-43a1-b7f8-937811771cc3-groupManagement] INFO  server.RaftServerConfigKeys (ConfUtils.java:logGet(46)) - raft.server.log.queue.byte-limit = 4294967296 (custom)
2023-09-07 20:27:30,058 [d960e1ec-e2de-43a1-b7f8-937811771cc3-groupManagement] INFO  server.RaftServerConfigKeys (ConfUtils.java:logGet(46)) - raft.server.log.queue.element-limit = 1024 (custom)
2023-09-07 20:27:30,058 [d960e1ec-e2de-43a1-b7f8-937811771cc3-groupManagement] INFO  server.RaftServerConfigKeys (ConfUtils.java:logGet(46)) - raft.server.log.segment.size.max = 1048576 (custom)
2023-09-07 20:27:30,058 [d960e1ec-e2de-43a1-b7f8-937811771cc3-groupManagement] INFO  server.RaftServerConfigKeys (ConfUtils.java:logGet(46)) - raft.server.log.preallocated.size = 16384 (custom)
2023-09-07 20:27:30,059 [d960e1ec-e2de-43a1-b7f8-937811771cc3-groupManagement] INFO  server.RaftServerConfigKeys (ConfUtils.java:logGet(46)) - raft.server.log.force.sync.num = 128 (default)
2023-09-07 20:27:30,059 [d960e1ec-e2de-43a1-b7f8-937811771cc3-groupManagement] INFO  server.RaftServerConfigKeys (ConfUtils.java:logGet(46)) - raft.server.log.statemachine.data.sync = true (default)
2023-09-07 20:27:30,066 [d960e1ec-e2de-43a1-b7f8-937811771cc3-groupManagement] INFO  server.RaftServerConfigKeys (ConfUtils.java:logGet(46)) - raft.server.log.statemachine.data.sync.timeout = 10s (default)
2023-09-07 20:27:30,066 [d960e1ec-e2de-43a1-b7f8-937811771cc3-groupManagement] INFO  server.RaftServerConfigKeys (ConfUtils.java:logGet(46)) - raft.server.log.statemachine.data.sync.timeout.retry = -1 (default)
2023-09-07 20:27:30,068 [d960e1ec-e2de-43a1-b7f8-937811771cc3-groupManagement] INFO  server.RaftServerConfigKeys (ConfUtils.java:logGet(46)) - raft.server.log.write.buffer.size = 1048576 (custom)
2023-09-07 20:27:30,066 [5f055d78-845e-4650-aea7-51f979d0aed9-groupManagement] INFO  server.RaftServerConfigKeys (ConfUtils.java:logGet(46)) - raft.server.rpc.request.timeout = 60s (custom)
2023-09-07 20:27:30,068 [5f055d78-845e-4650-aea7-51f979d0aed9-groupManagement] INFO  server.RaftServerConfigKeys (ConfUtils.java:logGet(46)) - raft.server.log.appender.install.snapshot.enabled = false (custom)
2023-09-07 20:27:30,068 [5f055d78-845e-4650-aea7-51f979d0aed9-groupManagement] INFO  server.RaftServerConfigKeys (ConfUtils.java:logGet(46)) - raft.server.threadpool.server.cached = true (default)
2023-09-07 20:27:30,068 [5f055d78-845e-4650-aea7-51f979d0aed9-groupManagement] INFO  server.RaftServerConfigKeys (ConfUtils.java:logGet(46)) - raft.server.threadpool.server.size = 0 (default)
2023-09-07 20:27:30,068 [5f055d78-845e-4650-aea7-51f979d0aed9-groupManagement] INFO  server.RaftServerConfigKeys (ConfUtils.java:logGet(46)) - raft.server.threadpool.client.cached = true (default)
2023-09-07 20:27:30,068 [d960e1ec-e2de-43a1-b7f8-937811771cc3-groupManagement] INFO  server.RaftServerConfigKeys (ConfUtils.java:logGet(46)) - raft.server.log.appender.buffer.byte-limit = 33554432 (custom)
2023-09-07 20:27:30,068 [5f055d78-845e-4650-aea7-51f979d0aed9-groupManagement] INFO  server.RaftServerConfigKeys (ConfUtils.java:logGet(46)) - raft.server.threadpool.client.size = 0 (default)
2023-09-07 20:27:30,069 [5f055d78-845e-4650-aea7-51f979d0aed9-groupManagement] INFO  storage.RaftStorageDirectory (RaftStorageDirectoryImpl.java:analyzeStorage(137)) - The storage directory /home/runner/work/ozone/ozone/hadoop-ozone/integration-test/target/test-dir/MiniOzoneClusterImpl-4ce661d8-ac2f-48de-9281-714c9e7643bd/datanode-3/data/ratis/b5743d3b-1943-4975-9732-65e2763b01a6 does not exist. Creating ...
2023-09-07 20:27:30,072 [EventQueue-OpenPipelineForHealthyPipelineSafeModeRule] INFO  safemode.SCMSafeModeManager (HealthyPipelineSafeModeRule.java:process(137)) - SCM in safe mode. Healthy pipelines reported count is 0, required healthy pipeline reported count is 1
2023-09-07 20:27:30,072 [5f055d78-845e-4650-aea7-51f979d0aed9-groupManagement] INFO  storage.RaftStorageDirectory (RaftStorageDirectoryImpl.java:tryLock(231)) - Lock on /home/runner/work/ozone/ozone/hadoop-ozone/integration-test/target/test-dir/MiniOzoneClusterImpl-4ce661d8-ac2f-48de-9281-714c9e7643bd/datanode-3/data/ratis/b5743d3b-1943-4975-9732-65e2763b01a6/in_use.lock acquired by nodename 7625@fv-az259-394
2023-09-07 20:27:30,073 [22c736ca-ae96-41a9-953f-e3c60311c10c-groupManagement] INFO  server.RaftServerConfigKeys (ConfUtils.java:logGet(46)) - raft.server.log.unsafe-flush.enabled = false (default)
2023-09-07 20:27:30,073 [22c736ca-ae96-41a9-953f-e3c60311c10c-groupManagement] INFO  server.RaftServerConfigKeys (ConfUtils.java:logGet(46)) - raft.server.log.async-flush.enabled = false (default)
2023-09-07 20:27:30,073 [22c736ca-ae96-41a9-953f-e3c60311c10c-groupManagement] INFO  server.RaftServerConfigKeys (ConfUtils.java:logGet(46)) - raft.server.log.statemachine.data.caching.enabled = true (custom)
2023-09-07 20:27:30,074 [22c736ca-ae96-41a9-953f-e3c60311c10c-groupManagement] INFO  segmented.SegmentedRaftLogWorker (SegmentedRaftLogWorker.java:lambda$new$0(135)) - 22c736ca-ae96-41a9-953f-e3c60311c10c@group-88721368E654-SegmentedRaftLogWorker: flushIndex: setUnconditionally 0 -> -1
2023-09-07 20:27:30,074 [5f055d78-845e-4650-aea7-51f979d0aed9-groupManagement] INFO  storage.RaftStorage (RaftStorageImpl.java:format(96)) - Storage directory /home/runner/work/ozone/ozone/hadoop-ozone/integration-test/target/test-dir/MiniOzoneClusterImpl-4ce661d8-ac2f-48de-9281-714c9e7643bd/datanode-3/data/ratis/b5743d3b-1943-4975-9732-65e2763b01a6 has been successfully formatted.
2023-09-07 20:27:30,074 [22c736ca-ae96-41a9-953f-e3c60311c10c-groupManagement] INFO  segmented.SegmentedRaftLogWorker (SegmentedRaftLogWorker.java:lambda$new$0(135)) - 22c736ca-ae96-41a9-953f-e3c60311c10c@group-88721368E654-SegmentedRaftLogWorker: safeCacheEvictIndex: setUnconditionally 0 -> -1
2023-09-07 20:27:30,085 [22c736ca-ae96-41a9-953f-e3c60311c10c-groupManagement] INFO  server.RaftServer$Division (RaftServerImpl.java:start(342)) - 22c736ca-ae96-41a9-953f-e3c60311c10c@group-88721368E654: start as a follower, conf=-1: peers:[22c736ca-ae96-41a9-953f-e3c60311c10c|rpc:10.1.0.11:15023|admin:10.1.0.11:15022|client:10.1.0.11:15021|dataStream:10.1.0.11:15024|priority:1|startupRole:FOLLOWER, d960e1ec-e2de-43a1-b7f8-937811771cc3|rpc:10.1.0.11:15032|admin:10.1.0.11:15031|client:10.1.0.11:15030|dataStream:10.1.0.11:15033|priority:0|startupRole:FOLLOWER, 4c0a5098-e377-4fbc-882f-38eb7693a6cf|rpc:10.1.0.11:15014|admin:10.1.0.11:15013|client:10.1.0.11:15012|dataStream:10.1.0.11:15015|priority:0|startupRole:FOLLOWER]|listeners:[], old=null
2023-09-07 20:27:30,085 [22c736ca-ae96-41a9-953f-e3c60311c10c-groupManagement] INFO  server.RaftServer$Division (RaftServerImpl.java:setRole(329)) - 22c736ca-ae96-41a9-953f-e3c60311c10c@group-88721368E654: changes role from      null to FOLLOWER at term 0 for startAsFollower
2023-09-07 20:27:30,085 [22c736ca-ae96-41a9-953f-e3c60311c10c-groupManagement] INFO  impl.RoleInfo (RoleInfo.java:updateAndGet(139)) - 22c736ca-ae96-41a9-953f-e3c60311c10c: start 22c736ca-ae96-41a9-953f-e3c60311c10c@group-88721368E654-FollowerState
2023-09-07 20:27:30,084 [d960e1ec-e2de-43a1-b7f8-937811771cc3-groupManagement] INFO  server.RaftServerConfigKeys (ConfUtils.java:logGet(46)) - raft.server.log.unsafe-flush.enabled = false (default)
2023-09-07 20:27:30,084 [5f055d78-845e-4650-aea7-51f979d0aed9-groupManagement] INFO  ratis.ContainerStateMachine (ContainerStateMachine.java:loadSnapshot(262)) - group-65E2763B01A6: The snapshot info is null. Setting the last applied indexto:(t:0, i:~)
2023-09-07 20:27:30,097 [5f055d78-845e-4650-aea7-51f979d0aed9-groupManagement] INFO  server.RaftServerConfigKeys (ConfUtils.java:logGet(46)) - raft.server.log.use.memory = false (default)
2023-09-07 20:27:30,097 [5f055d78-845e-4650-aea7-51f979d0aed9-groupManagement] INFO  server.RaftServerConfigKeys (ConfUtils.java:logGet(46)) - raft.server.log.purge.gap = 1000000 (custom)
2023-09-07 20:27:30,097 [5f055d78-845e-4650-aea7-51f979d0aed9-groupManagement] INFO  server.RaftServerConfigKeys (ConfUtils.java:logGet(46)) - raft.server.log.appender.buffer.byte-limit = 33554432 (custom)
2023-09-07 20:27:30,097 [5f055d78-845e-4650-aea7-51f979d0aed9-groupManagement] INFO  server.RaftServerConfigKeys (ConfUtils.java:logGet(46)) - raft.server.log.statemachine.data.read.timeout = 1000ms (default)
2023-09-07 20:27:30,097 [5f055d78-845e-4650-aea7-51f979d0aed9-groupManagement] INFO  server.RaftServerConfigKeys (ConfUtils.java:logGet(46)) - raft.server.log.purge.preservation.log.num = 0 (default)
2023-09-07 20:27:30,098 [5f055d78-845e-4650-aea7-51f979d0aed9-groupManagement] INFO  server.RaftServerConfigKeys (ConfUtils.java:logGet(46)) - raft.server.log.segment.size.max = 1048576 (custom)
2023-09-07 20:27:30,098 [5f055d78-845e-4650-aea7-51f979d0aed9-groupManagement] INFO  server.RaftServerConfigKeys (ConfUtils.java:logGet(46)) - raft.server.log.segment.cache.num.max = 2 (custom)
2023-09-07 20:27:30,098 [5f055d78-845e-4650-aea7-51f979d0aed9-groupManagement] INFO  server.RaftServerConfigKeys (ConfUtils.java:logGet(46)) - raft.server.log.segment.cache.size.max = 200MB (=209715200) (default)
2023-09-07 20:27:30,098 [5f055d78-845e-4650-aea7-51f979d0aed9-groupManagement] INFO  server.RaftServerConfigKeys (ConfUtils.java:logGet(46)) - raft.server.log.appender.buffer.byte-limit = 33554432 (custom)
2023-09-07 20:27:30,099 [5f055d78-845e-4650-aea7-51f979d0aed9-groupManagement] INFO  segmented.SegmentedRaftLogWorker (SegmentedRaftLogWorker.java:<init>(188)) - new 5f055d78-845e-4650-aea7-51f979d0aed9@group-65E2763B01A6-SegmentedRaftLogWorker for RaftStorageImpl:Storage Directory /home/runner/work/ozone/ozone/hadoop-ozone/integration-test/target/test-dir/MiniOzoneClusterImpl-4ce661d8-ac2f-48de-9281-714c9e7643bd/datanode-3/data/ratis/b5743d3b-1943-4975-9732-65e2763b01a6
2023-09-07 20:27:30,099 [5f055d78-845e-4650-aea7-51f979d0aed9-groupManagement] INFO  server.RaftServerConfigKeys (ConfUtils.java:logGet(46)) - raft.server.log.queue.byte-limit = 4294967296 (custom)
2023-09-07 20:27:30,099 [5f055d78-845e-4650-aea7-51f979d0aed9-groupManagement] INFO  server.RaftServerConfigKeys (ConfUtils.java:logGet(46)) - raft.server.log.queue.element-limit = 1024 (custom)
2023-09-07 20:27:30,102 [5f055d78-845e-4650-aea7-51f979d0aed9-groupManagement] INFO  server.RaftServerConfigKeys (ConfUtils.java:logGet(46)) - raft.server.log.segment.size.max = 1048576 (custom)
2023-09-07 20:27:30,102 [5f055d78-845e-4650-aea7-51f979d0aed9-groupManagement] INFO  server.RaftServerConfigKeys (ConfUtils.java:logGet(46)) - raft.server.log.preallocated.size = 16384 (custom)
2023-09-07 20:27:30,102 [5f055d78-845e-4650-aea7-51f979d0aed9-groupManagement] INFO  server.RaftServerConfigKeys (ConfUtils.java:logGet(46)) - raft.server.log.force.sync.num = 128 (default)
2023-09-07 20:27:30,102 [5f055d78-845e-4650-aea7-51f979d0aed9-groupManagement] INFO  server.RaftServerConfigKeys (ConfUtils.java:logGet(46)) - raft.server.log.statemachine.data.sync = true (default)
2023-09-07 20:27:30,102 [5f055d78-845e-4650-aea7-51f979d0aed9-groupManagement] INFO  server.RaftServerConfigKeys (ConfUtils.java:logGet(46)) - raft.server.log.statemachine.data.sync.timeout = 10s (default)
2023-09-07 20:27:30,102 [5f055d78-845e-4650-aea7-51f979d0aed9-groupManagement] INFO  server.RaftServerConfigKeys (ConfUtils.java:logGet(46)) - raft.server.log.statemachine.data.sync.timeout.retry = -1 (default)
2023-09-07 20:27:30,097 [d960e1ec-e2de-43a1-b7f8-937811771cc3-groupManagement] INFO  server.RaftServerConfigKeys (ConfUtils.java:logGet(46)) - raft.server.log.async-flush.enabled = false (default)
2023-09-07 20:27:30,103 [d960e1ec-e2de-43a1-b7f8-937811771cc3-groupManagement] INFO  server.RaftServerConfigKeys (ConfUtils.java:logGet(46)) - raft.server.log.statemachine.data.caching.enabled = true (custom)
2023-09-07 20:27:30,103 [d960e1ec-e2de-43a1-b7f8-937811771cc3-groupManagement] INFO  segmented.SegmentedRaftLogWorker (SegmentedRaftLogWorker.java:lambda$new$0(135)) - d960e1ec-e2de-43a1-b7f8-937811771cc3@group-3437F87ABA2C-SegmentedRaftLogWorker: flushIndex: setUnconditionally 0 -> -1
2023-09-07 20:27:30,103 [d960e1ec-e2de-43a1-b7f8-937811771cc3-groupManagement] INFO  segmented.SegmentedRaftLogWorker (SegmentedRaftLogWorker.java:lambda$new$0(135)) - d960e1ec-e2de-43a1-b7f8-937811771cc3@group-3437F87ABA2C-SegmentedRaftLogWorker: safeCacheEvictIndex: setUnconditionally 0 -> -1
2023-09-07 20:27:30,103 [5f055d78-845e-4650-aea7-51f979d0aed9-groupManagement] INFO  server.RaftServerConfigKeys (ConfUtils.java:logGet(46)) - raft.server.log.write.buffer.size = 1048576 (custom)
2023-09-07 20:27:30,096 [22c736ca-ae96-41a9-953f-e3c60311c10c@group-88721368E654-FollowerState] INFO  server.RaftServerConfigKeys (ConfUtils.java:logFallback(53)) - raft.server.rpc.first-election.timeout.min = 5s (fallback to raft.server.rpc.timeout.min)
2023-09-07 20:27:30,104 [22c736ca-ae96-41a9-953f-e3c60311c10c@group-88721368E654-FollowerState] INFO  server.RaftServerConfigKeys (ConfUtils.java:logFallback(53)) - raft.server.rpc.first-election.timeout.max = 5200ms (fallback to raft.server.rpc.timeout.max)
2023-09-07 20:27:30,085 [22c736ca-ae96-41a9-953f-e3c60311c10c-groupManagement] INFO  util.JmxRegister (JmxRegister.java:tryRegister(44)) - Successfully registered JMX Bean with object name Ratis:service=RaftServer,group=group-88721368E654,id=22c736ca-ae96-41a9-953f-e3c60311c10c
2023-09-07 20:27:30,104 [EventQueue-PipelineReportForPipelineReportHandler] INFO  pipeline.PipelineReportHandler (PipelineReportHandler.java:processPipelineReport(136)) - Opened pipeline PipelineID=b5743d3b-1943-4975-9732-65e2763b01a6
2023-09-07 20:27:30,104 [22c736ca-ae96-41a9-953f-e3c60311c10c-groupManagement] INFO  server.RaftServerConfigKeys (ConfUtils.java:logGet(46)) - raft.server.snapshot.auto.trigger.enabled = true (custom)
2023-09-07 20:27:30,104 [22c736ca-ae96-41a9-953f-e3c60311c10c-groupManagement] INFO  server.RaftServerConfigKeys (ConfUtils.java:logGet(46)) - raft.server.snapshot.auto.trigger.threshold = 10000 (custom)
2023-09-07 20:27:30,104 [22c736ca-ae96-41a9-953f-e3c60311c10c-groupManagement] INFO  server.RaftServerConfigKeys (ConfUtils.java:logGet(46)) - raft.server.snapshot.retention.file.num = 5 (custom)
2023-09-07 20:27:30,104 [EventQueue-OpenPipelineForHealthyPipelineSafeModeRule] INFO  safemode.SCMSafeModeManager (HealthyPipelineSafeModeRule.java:process(137)) - SCM in safe mode. Healthy pipelines reported count is 0, required healthy pipeline reported count is 1
2023-09-07 20:27:30,104 [22c736ca-ae96-41a9-953f-e3c60311c10c-groupManagement] INFO  server.RaftServerConfigKeys (ConfUtils.java:logGet(46)) - raft.server.log.purge.upto.snapshot.index = false (default)
2023-09-07 20:27:30,105 [5f055d78-845e-4650-aea7-51f979d0aed9-groupManagement] INFO  server.RaftServerConfigKeys (ConfUtils.java:logGet(46)) - raft.server.log.appender.buffer.byte-limit = 33554432 (custom)
2023-09-07 20:27:30,109 [d960e1ec-e2de-43a1-b7f8-937811771cc3-groupManagement] INFO  server.RaftServer$Division (RaftServerImpl.java:start(342)) - d960e1ec-e2de-43a1-b7f8-937811771cc3@group-3437F87ABA2C: start as a follower, conf=-1: peers:[22c736ca-ae96-41a9-953f-e3c60311c10c|rpc:10.1.0.11:15023|admin:10.1.0.11:15022|client:10.1.0.11:15021|dataStream:10.1.0.11:15024|priority:0|startupRole:FOLLOWER, d960e1ec-e2de-43a1-b7f8-937811771cc3|rpc:10.1.0.11:15032|admin:10.1.0.11:15031|client:10.1.0.11:15030|dataStream:10.1.0.11:15033|priority:0|startupRole:FOLLOWER, 4c0a5098-e377-4fbc-882f-38eb7693a6cf|rpc:10.1.0.11:15014|admin:10.1.0.11:15013|client:10.1.0.11:15012|dataStream:10.1.0.11:15015|priority:1|startupRole:FOLLOWER]|listeners:[], old=null
2023-09-07 20:27:30,109 [d960e1ec-e2de-43a1-b7f8-937811771cc3-groupManagement] INFO  server.RaftServer$Division (RaftServerImpl.java:setRole(329)) - d960e1ec-e2de-43a1-b7f8-937811771cc3@group-3437F87ABA2C: changes role from      null to FOLLOWER at term 0 for startAsFollower
2023-09-07 20:27:30,110 [d960e1ec-e2de-43a1-b7f8-937811771cc3-groupManagement] INFO  impl.RoleInfo (RoleInfo.java:updateAndGet(139)) - d960e1ec-e2de-43a1-b7f8-937811771cc3: start d960e1ec-e2de-43a1-b7f8-937811771cc3@group-3437F87ABA2C-FollowerState
2023-09-07 20:27:30,112 [5f055d78-845e-4650-aea7-51f979d0aed9-groupManagement] INFO  server.RaftServerConfigKeys (ConfUtils.java:logGet(46)) - raft.server.log.unsafe-flush.enabled = false (default)
2023-09-07 20:27:30,120 [5f055d78-845e-4650-aea7-51f979d0aed9-groupManagement] INFO  server.RaftServerConfigKeys (ConfUtils.java:logGet(46)) - raft.server.log.async-flush.enabled = false (default)
2023-09-07 20:27:30,120 [5f055d78-845e-4650-aea7-51f979d0aed9-groupManagement] INFO  server.RaftServerConfigKeys (ConfUtils.java:logGet(46)) - raft.server.log.statemachine.data.caching.enabled = true (custom)
2023-09-07 20:27:30,121 [5f055d78-845e-4650-aea7-51f979d0aed9-groupManagement] INFO  segmented.SegmentedRaftLogWorker (SegmentedRaftLogWorker.java:lambda$new$0(135)) - 5f055d78-845e-4650-aea7-51f979d0aed9@group-65E2763B01A6-SegmentedRaftLogWorker: flushIndex: setUnconditionally 0 -> -1
2023-09-07 20:27:30,121 [5f055d78-845e-4650-aea7-51f979d0aed9-groupManagement] INFO  segmented.SegmentedRaftLogWorker (SegmentedRaftLogWorker.java:lambda$new$0(135)) - 5f055d78-845e-4650-aea7-51f979d0aed9@group-65E2763B01A6-SegmentedRaftLogWorker: safeCacheEvictIndex: setUnconditionally 0 -> -1
2023-09-07 20:27:30,115 [d960e1ec-e2de-43a1-b7f8-937811771cc3@group-3437F87ABA2C-FollowerState] INFO  server.RaftServerConfigKeys (ConfUtils.java:logFallback(53)) - raft.server.rpc.first-election.timeout.min = 5s (fallback to raft.server.rpc.timeout.min)
2023-09-07 20:27:30,113 [d960e1ec-e2de-43a1-b7f8-937811771cc3-groupManagement] INFO  util.JmxRegister (JmxRegister.java:tryRegister(44)) - Successfully registered JMX Bean with object name Ratis:service=RaftServer,group=group-3437F87ABA2C,id=d960e1ec-e2de-43a1-b7f8-937811771cc3
2023-09-07 20:27:30,121 [d960e1ec-e2de-43a1-b7f8-937811771cc3-groupManagement] INFO  server.RaftServerConfigKeys (ConfUtils.java:logGet(46)) - raft.server.snapshot.auto.trigger.enabled = true (custom)
2023-09-07 20:27:30,121 [d960e1ec-e2de-43a1-b7f8-937811771cc3-groupManagement] INFO  server.RaftServerConfigKeys (ConfUtils.java:logGet(46)) - raft.server.snapshot.auto.trigger.threshold = 10000 (custom)
2023-09-07 20:27:30,122 [d960e1ec-e2de-43a1-b7f8-937811771cc3-groupManagement] INFO  server.RaftServerConfigKeys (ConfUtils.java:logGet(46)) - raft.server.snapshot.retention.file.num = 5 (custom)
2023-09-07 20:27:30,122 [d960e1ec-e2de-43a1-b7f8-937811771cc3-groupManagement] INFO  server.RaftServerConfigKeys (ConfUtils.java:logGet(46)) - raft.server.log.purge.upto.snapshot.index = false (default)
2023-09-07 20:27:30,122 [d960e1ec-e2de-43a1-b7f8-937811771cc3@group-3437F87ABA2C-FollowerState] INFO  server.RaftServerConfigKeys (ConfUtils.java:logFallback(53)) - raft.server.rpc.first-election.timeout.max = 5200ms (fallback to raft.server.rpc.timeout.max)
2023-09-07 20:27:30,122 [5f055d78-845e-4650-aea7-51f979d0aed9-groupManagement] INFO  server.RaftServer$Division (RaftServerImpl.java:start(342)) - 5f055d78-845e-4650-aea7-51f979d0aed9@group-65E2763B01A6: start as a follower, conf=-1: peers:[5f055d78-845e-4650-aea7-51f979d0aed9|rpc:10.1.0.11:15041|admin:10.1.0.11:15040|client:10.1.0.11:15039|dataStream:10.1.0.11:15042|priority:1|startupRole:FOLLOWER]|listeners:[], old=null
2023-09-07 20:27:30,122 [5f055d78-845e-4650-aea7-51f979d0aed9-groupManagement] INFO  server.RaftServer$Division (RaftServerImpl.java:setRole(329)) - 5f055d78-845e-4650-aea7-51f979d0aed9@group-65E2763B01A6: changes role from      null to FOLLOWER at term 0 for startAsFollower
2023-09-07 20:27:30,122 [5f055d78-845e-4650-aea7-51f979d0aed9-groupManagement] INFO  impl.RoleInfo (RoleInfo.java:updateAndGet(139)) - 5f055d78-845e-4650-aea7-51f979d0aed9: start 5f055d78-845e-4650-aea7-51f979d0aed9@group-65E2763B01A6-FollowerState
2023-09-07 20:27:30,125 [PipelineCommandHandlerThread-0] INFO  ratis.XceiverServerRatis (XceiverServerRatis.java:addGroup(804)) - Created group PipelineID=629ce196-bdb8-4d17-9b5f-88721368e654
2023-09-07 20:27:30,125 [5f055d78-845e-4650-aea7-51f979d0aed9-groupManagement] INFO  util.JmxRegister (JmxRegister.java:tryRegister(44)) - Successfully registered JMX Bean with object name Ratis:service=RaftServer,group=group-65E2763B01A6,id=5f055d78-845e-4650-aea7-51f979d0aed9
2023-09-07 20:27:30,125 [5f055d78-845e-4650-aea7-51f979d0aed9-groupManagement] INFO  server.RaftServerConfigKeys (ConfUtils.java:logGet(46)) - raft.server.snapshot.auto.trigger.enabled = true (custom)
2023-09-07 20:27:30,125 [5f055d78-845e-4650-aea7-51f979d0aed9-groupManagement] INFO  server.RaftServerConfigKeys (ConfUtils.java:logGet(46)) - raft.server.snapshot.auto.trigger.threshold = 10000 (custom)
2023-09-07 20:27:30,125 [5f055d78-845e-4650-aea7-51f979d0aed9-groupManagement] INFO  server.RaftServerConfigKeys (ConfUtils.java:logGet(46)) - raft.server.snapshot.retention.file.num = 5 (custom)
2023-09-07 20:27:30,125 [5f055d78-845e-4650-aea7-51f979d0aed9-groupManagement] INFO  server.RaftServerConfigKeys (ConfUtils.java:logGet(46)) - raft.server.log.purge.upto.snapshot.index = false (default)
2023-09-07 20:27:30,126 [PipelineCommandHandlerThread-0] INFO  ratis.XceiverServerRatis (XceiverServerRatis.java:addGroup(804)) - Created group PipelineID=b5743d3b-1943-4975-9732-65e2763b01a6
2023-09-07 20:27:30,126 [PipelineCommandHandlerThread-0] INFO  commandhandler.CreatePipelineCommandHandler (CreatePipelineCommandHandler.java:lambda$handle$2(124)) - Created Pipeline RATIS ONE PipelineID=b5743d3b-1943-4975-9732-65e2763b01a6.
2023-09-07 20:27:30,127 [5f055d78-845e-4650-aea7-51f979d0aed9@group-65E2763B01A6-FollowerState] INFO  server.RaftServerConfigKeys (ConfUtils.java:logFallback(53)) - raft.server.rpc.first-election.timeout.min = 5s (fallback to raft.server.rpc.timeout.min)
2023-09-07 20:27:30,127 [5f055d78-845e-4650-aea7-51f979d0aed9@group-65E2763B01A6-FollowerState] INFO  server.RaftServerConfigKeys (ConfUtils.java:logFallback(53)) - raft.server.rpc.first-election.timeout.max = 5200ms (fallback to raft.server.rpc.timeout.max)
2023-09-07 20:27:30,135 [d960e1ec-e2de-43a1-b7f8-937811771cc3-groupManagement] INFO  storage.RaftStorageDirectory (RaftStorageDirectoryImpl.java:analyzeStorage(137)) - The storage directory /home/runner/work/ozone/ozone/hadoop-ozone/integration-test/target/test-dir/MiniOzoneClusterImpl-4ce661d8-ac2f-48de-9281-714c9e7643bd/datanode-2/data/ratis/629ce196-bdb8-4d17-9b5f-88721368e654 does not exist. Creating ...
2023-09-07 20:27:30,137 [d960e1ec-e2de-43a1-b7f8-937811771cc3-groupManagement] INFO  storage.RaftStorageDirectory (RaftStorageDirectoryImpl.java:tryLock(231)) - Lock on /home/runner/work/ozone/ozone/hadoop-ozone/integration-test/target/test-dir/MiniOzoneClusterImpl-4ce661d8-ac2f-48de-9281-714c9e7643bd/datanode-2/data/ratis/629ce196-bdb8-4d17-9b5f-88721368e654/in_use.lock acquired by nodename 7625@fv-az259-394
2023-09-07 20:27:30,139 [d960e1ec-e2de-43a1-b7f8-937811771cc3-groupManagement] INFO  storage.RaftStorage (RaftStorageImpl.java:format(96)) - Storage directory /home/runner/work/ozone/ozone/hadoop-ozone/integration-test/target/test-dir/MiniOzoneClusterImpl-4ce661d8-ac2f-48de-9281-714c9e7643bd/datanode-2/data/ratis/629ce196-bdb8-4d17-9b5f-88721368e654 has been successfully formatted.
2023-09-07 20:27:30,143 [d960e1ec-e2de-43a1-b7f8-937811771cc3-groupManagement] INFO  ratis.ContainerStateMachine (ContainerStateMachine.java:loadSnapshot(262)) - group-88721368E654: The snapshot info is null. Setting the last applied indexto:(t:0, i:~)
2023-09-07 20:27:30,143 [d960e1ec-e2de-43a1-b7f8-937811771cc3-groupManagement] INFO  server.RaftServerConfigKeys (ConfUtils.java:logGet(46)) - raft.server.log.use.memory = false (default)
2023-09-07 20:27:30,143 [d960e1ec-e2de-43a1-b7f8-937811771cc3-groupManagement] INFO  server.RaftServerConfigKeys (ConfUtils.java:logGet(46)) - raft.server.log.purge.gap = 1000000 (custom)
2023-09-07 20:27:30,144 [d960e1ec-e2de-43a1-b7f8-937811771cc3-groupManagement] INFO  server.RaftServerConfigKeys (ConfUtils.java:logGet(46)) - raft.server.log.appender.buffer.byte-limit = 33554432 (custom)
2023-09-07 20:27:30,144 [d960e1ec-e2de-43a1-b7f8-937811771cc3-groupManagement] INFO  server.RaftServerConfigKeys (ConfUtils.java:logGet(46)) - raft.server.log.statemachine.data.read.timeout = 1000ms (default)
2023-09-07 20:27:30,144 [d960e1ec-e2de-43a1-b7f8-937811771cc3-groupManagement] INFO  server.RaftServerConfigKeys (ConfUtils.java:logGet(46)) - raft.server.log.purge.preservation.log.num = 0 (default)
2023-09-07 20:27:30,144 [d960e1ec-e2de-43a1-b7f8-937811771cc3-groupManagement] INFO  server.RaftServerConfigKeys (ConfUtils.java:logGet(46)) - raft.server.log.segment.size.max = 1048576 (custom)
2023-09-07 20:27:30,144 [d960e1ec-e2de-43a1-b7f8-937811771cc3-groupManagement] INFO  server.RaftServerConfigKeys (ConfUtils.java:logGet(46)) - raft.server.log.segment.cache.num.max = 2 (custom)
2023-09-07 20:27:30,145 [d960e1ec-e2de-43a1-b7f8-937811771cc3-groupManagement] INFO  server.RaftServerConfigKeys (ConfUtils.java:logGet(46)) - raft.server.log.segment.cache.size.max = 200MB (=209715200) (default)
2023-09-07 20:27:30,145 [d960e1ec-e2de-43a1-b7f8-937811771cc3-groupManagement] INFO  server.RaftServerConfigKeys (ConfUtils.java:logGet(46)) - raft.server.log.appender.buffer.byte-limit = 33554432 (custom)
2023-09-07 20:27:30,145 [d960e1ec-e2de-43a1-b7f8-937811771cc3-groupManagement] INFO  segmented.SegmentedRaftLogWorker (SegmentedRaftLogWorker.java:<init>(188)) - new d960e1ec-e2de-43a1-b7f8-937811771cc3@group-88721368E654-SegmentedRaftLogWorker for RaftStorageImpl:Storage Directory /home/runner/work/ozone/ozone/hadoop-ozone/integration-test/target/test-dir/MiniOzoneClusterImpl-4ce661d8-ac2f-48de-9281-714c9e7643bd/datanode-2/data/ratis/629ce196-bdb8-4d17-9b5f-88721368e654
2023-09-07 20:27:30,145 [d960e1ec-e2de-43a1-b7f8-937811771cc3-groupManagement] INFO  server.RaftServerConfigKeys (ConfUtils.java:logGet(46)) - raft.server.log.queue.byte-limit = 4294967296 (custom)
2023-09-07 20:27:30,145 [d960e1ec-e2de-43a1-b7f8-937811771cc3-groupManagement] INFO  server.RaftServerConfigKeys (ConfUtils.java:logGet(46)) - raft.server.log.queue.element-limit = 1024 (custom)
2023-09-07 20:27:30,145 [d960e1ec-e2de-43a1-b7f8-937811771cc3-groupManagement] INFO  server.RaftServerConfigKeys (ConfUtils.java:logGet(46)) - raft.server.log.segment.size.max = 1048576 (custom)
2023-09-07 20:27:30,145 [d960e1ec-e2de-43a1-b7f8-937811771cc3-groupManagement] INFO  server.RaftServerConfigKeys (ConfUtils.java:logGet(46)) - raft.server.log.preallocated.size = 16384 (custom)
2023-09-07 20:27:30,145 [d960e1ec-e2de-43a1-b7f8-937811771cc3-groupManagement] INFO  server.RaftServerConfigKeys (ConfUtils.java:logGet(46)) - raft.server.log.force.sync.num = 128 (default)
2023-09-07 20:27:30,145 [d960e1ec-e2de-43a1-b7f8-937811771cc3-groupManagement] INFO  server.RaftServerConfigKeys (ConfUtils.java:logGet(46)) - raft.server.log.statemachine.data.sync = true (default)
2023-09-07 20:27:30,145 [d960e1ec-e2de-43a1-b7f8-937811771cc3-groupManagement] INFO  server.RaftServerConfigKeys (ConfUtils.java:logGet(46)) - raft.server.log.statemachine.data.sync.timeout = 10s (default)
2023-09-07 20:27:30,145 [d960e1ec-e2de-43a1-b7f8-937811771cc3-groupManagement] INFO  server.RaftServerConfigKeys (ConfUtils.java:logGet(46)) - raft.server.log.statemachine.data.sync.timeout.retry = -1 (default)
2023-09-07 20:27:30,146 [d960e1ec-e2de-43a1-b7f8-937811771cc3-groupManagement] INFO  server.RaftServerConfigKeys (ConfUtils.java:logGet(46)) - raft.server.log.write.buffer.size = 1048576 (custom)
2023-09-07 20:27:30,154 [d960e1ec-e2de-43a1-b7f8-937811771cc3-groupManagement] INFO  server.RaftServerConfigKeys (ConfUtils.java:logGet(46)) - raft.server.log.appender.buffer.byte-limit = 33554432 (custom)
2023-09-07 20:27:30,154 [EventQueue-OpenPipelineForHealthyPipelineSafeModeRule] INFO  safemode.SCMSafeModeManager (HealthyPipelineSafeModeRule.java:process(137)) - SCM in safe mode. Healthy pipelines reported count is 0, required healthy pipeline reported count is 1
2023-09-07 20:27:30,170 [grpc-default-executor-0] INFO  server.RaftServer (RaftServerProxy.java:addNew(98)) - 4c0a5098-e377-4fbc-882f-38eb7693a6cf: addNew group-88721368E654:[22c736ca-ae96-41a9-953f-e3c60311c10c|rpc:10.1.0.11:15023|admin:10.1.0.11:15022|client:10.1.0.11:15021|dataStream:10.1.0.11:15024|priority:1|startupRole:FOLLOWER, d960e1ec-e2de-43a1-b7f8-937811771cc3|rpc:10.1.0.11:15032|admin:10.1.0.11:15031|client:10.1.0.11:15030|dataStream:10.1.0.11:15033|priority:0|startupRole:FOLLOWER, 4c0a5098-e377-4fbc-882f-38eb7693a6cf|rpc:10.1.0.11:15014|admin:10.1.0.11:15013|client:10.1.0.11:15012|dataStream:10.1.0.11:15015|priority:0|startupRole:FOLLOWER] returns group-88721368E654:java.util.concurrent.CompletableFuture@30726c0f[Not completed]
2023-09-07 20:27:30,171 [4c0a5098-e377-4fbc-882f-38eb7693a6cf-groupManagement] INFO  server.RaftServer$Division (RaftServerImpl.java:<init>(198)) - 4c0a5098-e377-4fbc-882f-38eb7693a6cf: new RaftServerImpl for group-88721368E654:[22c736ca-ae96-41a9-953f-e3c60311c10c|rpc:10.1.0.11:15023|admin:10.1.0.11:15022|client:10.1.0.11:15021|dataStream:10.1.0.11:15024|priority:1|startupRole:FOLLOWER, d960e1ec-e2de-43a1-b7f8-937811771cc3|rpc:10.1.0.11:15032|admin:10.1.0.11:15031|client:10.1.0.11:15030|dataStream:10.1.0.11:15033|priority:0|startupRole:FOLLOWER, 4c0a5098-e377-4fbc-882f-38eb7693a6cf|rpc:10.1.0.11:15014|admin:10.1.0.11:15013|client:10.1.0.11:15012|dataStream:10.1.0.11:15015|priority:0|startupRole:FOLLOWER] with ContainerStateMachine:uninitialized
2023-09-07 20:27:30,172 [4c0a5098-e377-4fbc-882f-38eb7693a6cf-groupManagement] INFO  server.RaftServerConfigKeys (ConfUtils.java:logGet(46)) - raft.server.rpc.timeout.min = 5s (custom)
2023-09-07 20:27:30,172 [4c0a5098-e377-4fbc-882f-38eb7693a6cf-groupManagement] INFO  server.RaftServerConfigKeys (ConfUtils.java:logGet(46)) - raft.server.rpc.timeout.max = 5200ms (custom)
2023-09-07 20:27:30,172 [4c0a5098-e377-4fbc-882f-38eb7693a6cf-groupManagement] INFO  server.RaftServerConfigKeys (ConfUtils.java:logGet(46)) - raft.server.rpc.sleep.time = 25ms (default)
2023-09-07 20:27:30,172 [4c0a5098-e377-4fbc-882f-38eb7693a6cf-groupManagement] INFO  server.RaftServerConfigKeys (ConfUtils.java:logGet(46)) - raft.server.rpc.slowness.timeout = 300s (custom)
2023-09-07 20:27:30,172 [4c0a5098-e377-4fbc-882f-38eb7693a6cf-groupManagement] INFO  server.RaftServerConfigKeys (ConfUtils.java:logGet(46)) - raft.server.leaderelection.leader.step-down.wait-time = 10s (default)
2023-09-07 20:27:30,172 [4c0a5098-e377-4fbc-882f-38eb7693a6cf-groupManagement] INFO  server.RaftServerConfigKeys (ConfUtils.java:logGet(46)) - raft.server.sleep.deviation.threshold = 300ms (default)
2023-09-07 20:27:30,172 [4c0a5098-e377-4fbc-882f-38eb7693a6cf-groupManagement] INFO  server.RaftServer$Division (ServerState.java:<init>(120)) - 4c0a5098-e377-4fbc-882f-38eb7693a6cf@group-88721368E654: ConfigurationManager, init=-1: peers:[22c736ca-ae96-41a9-953f-e3c60311c10c|rpc:10.1.0.11:15023|admin:10.1.0.11:15022|client:10.1.0.11:15021|dataStream:10.1.0.11:15024|priority:1|startupRole:FOLLOWER, d960e1ec-e2de-43a1-b7f8-937811771cc3|rpc:10.1.0.11:15032|admin:10.1.0.11:15031|client:10.1.0.11:15030|dataStream:10.1.0.11:15033|priority:0|startupRole:FOLLOWER, 4c0a5098-e377-4fbc-882f-38eb7693a6cf|rpc:10.1.0.11:15014|admin:10.1.0.11:15013|client:10.1.0.11:15012|dataStream:10.1.0.11:15015|priority:0|startupRole:FOLLOWER]|listeners:[], old=null, confs=<EMPTY_MAP>
2023-09-07 20:27:30,172 [4c0a5098-e377-4fbc-882f-38eb7693a6cf-groupManagement] INFO  server.RaftServerConfigKeys (ConfUtils.java:logGet(46)) - raft.server.storage.dir = [/home/runner/work/ozone/ozone/hadoop-ozone/integration-test/target/test-dir/MiniOzoneClusterImpl-4ce661d8-ac2f-48de-9281-714c9e7643bd/datanode-0/data/ratis] (custom)
2023-09-07 20:27:30,173 [4c0a5098-e377-4fbc-882f-38eb7693a6cf-groupManagement] INFO  server.RaftServerConfigKeys (ConfUtils.java:logGet(46)) - raft.server.log.corruption.policy = EXCEPTION (default)
2023-09-07 20:27:30,173 [4c0a5098-e377-4fbc-882f-38eb7693a6cf-groupManagement] INFO  server.RaftServerConfigKeys (ConfUtils.java:logGet(46)) - raft.server.storage.free-space.min = 0MB (=0) (default)
2023-09-07 20:27:30,173 [4c0a5098-e377-4fbc-882f-38eb7693a6cf-groupManagement] INFO  server.RaftServerConfigKeys (ConfUtils.java:logGet(46)) - raft.server.notification.no-leader.timeout = 300s (custom)
2023-09-07 20:27:30,173 [4c0a5098-e377-4fbc-882f-38eb7693a6cf-groupManagement] INFO  server.RaftServerConfigKeys (ConfUtils.java:logGet(46)) - raft.server.read.timeout = 10s (default)
2023-09-07 20:27:30,173 [4c0a5098-e377-4fbc-882f-38eb7693a6cf-groupManagement] INFO  server.RaftServerConfigKeys (ConfUtils.java:logGet(46)) - raft.server.retrycache.expirytime = 600000ms (custom)
2023-09-07 20:27:30,173 [4c0a5098-e377-4fbc-882f-38eb7693a6cf-groupManagement] INFO  server.RaftServerConfigKeys (ConfUtils.java:logGet(46)) - raft.server.retrycache.statistics.expirytime = 100μs (default)
2023-09-07 20:27:30,173 [4c0a5098-e377-4fbc-882f-38eb7693a6cf-groupManagement] INFO  server.RaftServerConfigKeys (ConfUtils.java:logGet(46)) - raft.server.read.option = DEFAULT (default)
2023-09-07 20:27:30,174 [4c0a5098-e377-4fbc-882f-38eb7693a6cf-groupManagement] INFO  server.RaftServerConfigKeys (ConfUtils.java:logGet(46)) - raft.server.rpc.request.timeout = 60s (custom)
2023-09-07 20:27:30,175 [4c0a5098-e377-4fbc-882f-38eb7693a6cf-groupManagement] INFO  server.RaftServerConfigKeys (ConfUtils.java:logGet(46)) - raft.server.log.appender.install.snapshot.enabled = false (custom)
2023-09-07 20:27:30,175 [4c0a5098-e377-4fbc-882f-38eb7693a6cf-groupManagement] INFO  server.RaftServerConfigKeys (ConfUtils.java:logGet(46)) - raft.server.threadpool.server.cached = true (default)
2023-09-07 20:27:30,175 [4c0a5098-e377-4fbc-882f-38eb7693a6cf-groupManagement] INFO  server.RaftServerConfigKeys (ConfUtils.java:logGet(46)) - raft.server.threadpool.server.size = 0 (default)
2023-09-07 20:27:30,175 [4c0a5098-e377-4fbc-882f-38eb7693a6cf-groupManagement] INFO  server.RaftServerConfigKeys (ConfUtils.java:logGet(46)) - raft.server.threadpool.client.cached = true (default)
2023-09-07 20:27:30,175 [4c0a5098-e377-4fbc-882f-38eb7693a6cf-groupManagement] INFO  server.RaftServerConfigKeys (ConfUtils.java:logGet(46)) - raft.server.threadpool.client.size = 0 (default)
2023-09-07 20:27:30,175 [4c0a5098-e377-4fbc-882f-38eb7693a6cf-groupManagement] INFO  storage.RaftStorageDirectory (RaftStorageDirectoryImpl.java:analyzeStorage(137)) - The storage directory /home/runner/work/ozone/ozone/hadoop-ozone/integration-test/target/test-dir/MiniOzoneClusterImpl-4ce661d8-ac2f-48de-9281-714c9e7643bd/datanode-0/data/ratis/629ce196-bdb8-4d17-9b5f-88721368e654 does not exist. Creating ...
2023-09-07 20:27:30,179 [4c0a5098-e377-4fbc-882f-38eb7693a6cf-groupManagement] INFO  storage.RaftStorageDirectory (RaftStorageDirectoryImpl.java:tryLock(231)) - Lock on /home/runner/work/ozone/ozone/hadoop-ozone/integration-test/target/test-dir/MiniOzoneClusterImpl-4ce661d8-ac2f-48de-9281-714c9e7643bd/datanode-0/data/ratis/629ce196-bdb8-4d17-9b5f-88721368e654/in_use.lock acquired by nodename 7625@fv-az259-394
2023-09-07 20:27:30,181 [d960e1ec-e2de-43a1-b7f8-937811771cc3-groupManagement] INFO  server.RaftServerConfigKeys (ConfUtils.java:logGet(46)) - raft.server.log.unsafe-flush.enabled = false (default)
2023-09-07 20:27:30,181 [4c0a5098-e377-4fbc-882f-38eb7693a6cf-groupManagement] INFO  storage.RaftStorage (RaftStorageImpl.java:format(96)) - Storage directory /home/runner/work/ozone/ozone/hadoop-ozone/integration-test/target/test-dir/MiniOzoneClusterImpl-4ce661d8-ac2f-48de-9281-714c9e7643bd/datanode-0/data/ratis/629ce196-bdb8-4d17-9b5f-88721368e654 has been successfully formatted.
2023-09-07 20:27:30,183 [4c0a5098-e377-4fbc-882f-38eb7693a6cf-groupManagement] INFO  ratis.ContainerStateMachine (ContainerStateMachine.java:loadSnapshot(262)) - group-88721368E654: The snapshot info is null. Setting the last applied indexto:(t:0, i:~)
2023-09-07 20:27:30,183 [4c0a5098-e377-4fbc-882f-38eb7693a6cf-groupManagement] INFO  server.RaftServerConfigKeys (ConfUtils.java:logGet(46)) - raft.server.log.use.memory = false (default)
2023-09-07 20:27:30,184 [4c0a5098-e377-4fbc-882f-38eb7693a6cf-groupManagement] INFO  server.RaftServerConfigKeys (ConfUtils.java:logGet(46)) - raft.server.log.purge.gap = 1000000 (custom)
2023-09-07 20:27:30,184 [4c0a5098-e377-4fbc-882f-38eb7693a6cf-groupManagement] INFO  server.RaftServerConfigKeys (ConfUtils.java:logGet(46)) - raft.server.log.appender.buffer.byte-limit = 33554432 (custom)
2023-09-07 20:27:30,184 [4c0a5098-e377-4fbc-882f-38eb7693a6cf-groupManagement] INFO  server.RaftServerConfigKeys (ConfUtils.java:logGet(46)) - raft.server.log.statemachine.data.read.timeout = 1000ms (default)
2023-09-07 20:27:30,184 [4c0a5098-e377-4fbc-882f-38eb7693a6cf-groupManagement] INFO  server.RaftServerConfigKeys (ConfUtils.java:logGet(46)) - raft.server.log.purge.preservation.log.num = 0 (default)
2023-09-07 20:27:30,184 [4c0a5098-e377-4fbc-882f-38eb7693a6cf-groupManagement] INFO  server.RaftServerConfigKeys (ConfUtils.java:logGet(46)) - raft.server.log.segment.size.max = 1048576 (custom)
2023-09-07 20:27:30,185 [4c0a5098-e377-4fbc-882f-38eb7693a6cf-groupManagement] INFO  server.RaftServerConfigKeys (ConfUtils.java:logGet(46)) - raft.server.log.segment.cache.num.max = 2 (custom)
2023-09-07 20:27:30,185 [4c0a5098-e377-4fbc-882f-38eb7693a6cf-groupManagement] INFO  server.RaftServerConfigKeys (ConfUtils.java:logGet(46)) - raft.server.log.segment.cache.size.max = 200MB (=209715200) (default)
2023-09-07 20:27:30,185 [4c0a5098-e377-4fbc-882f-38eb7693a6cf-groupManagement] INFO  server.RaftServerConfigKeys (ConfUtils.java:logGet(46)) - raft.server.log.appender.buffer.byte-limit = 33554432 (custom)
2023-09-07 20:27:30,185 [4c0a5098-e377-4fbc-882f-38eb7693a6cf-groupManagement] INFO  segmented.SegmentedRaftLogWorker (SegmentedRaftLogWorker.java:<init>(188)) - new 4c0a5098-e377-4fbc-882f-38eb7693a6cf@group-88721368E654-SegmentedRaftLogWorker for RaftStorageImpl:Storage Directory /home/runner/work/ozone/ozone/hadoop-ozone/integration-test/target/test-dir/MiniOzoneClusterImpl-4ce661d8-ac2f-48de-9281-714c9e7643bd/datanode-0/data/ratis/629ce196-bdb8-4d17-9b5f-88721368e654
2023-09-07 20:27:30,185 [4c0a5098-e377-4fbc-882f-38eb7693a6cf-groupManagement] INFO  server.RaftServerConfigKeys (ConfUtils.java:logGet(46)) - raft.server.log.queue.byte-limit = 4294967296 (custom)
2023-09-07 20:27:30,185 [4c0a5098-e377-4fbc-882f-38eb7693a6cf-groupManagement] INFO  server.RaftServerConfigKeys (ConfUtils.java:logGet(46)) - raft.server.log.queue.element-limit = 1024 (custom)
2023-09-07 20:27:30,185 [4c0a5098-e377-4fbc-882f-38eb7693a6cf-groupManagement] INFO  server.RaftServerConfigKeys (ConfUtils.java:logGet(46)) - raft.server.log.segment.size.max = 1048576 (custom)
2023-09-07 20:27:30,186 [4c0a5098-e377-4fbc-882f-38eb7693a6cf-groupManagement] INFO  server.RaftServerConfigKeys (ConfUtils.java:logGet(46)) - raft.server.log.preallocated.size = 16384 (custom)
2023-09-07 20:27:30,186 [4c0a5098-e377-4fbc-882f-38eb7693a6cf-groupManagement] INFO  server.RaftServerConfigKeys (ConfUtils.java:logGet(46)) - raft.server.log.force.sync.num = 128 (default)
2023-09-07 20:27:30,186 [4c0a5098-e377-4fbc-882f-38eb7693a6cf-groupManagement] INFO  server.RaftServerConfigKeys (ConfUtils.java:logGet(46)) - raft.server.log.statemachine.data.sync = true (default)
2023-09-07 20:27:30,187 [4c0a5098-e377-4fbc-882f-38eb7693a6cf-groupManagement] INFO  server.RaftServerConfigKeys (ConfUtils.java:logGet(46)) - raft.server.log.statemachine.data.sync.timeout = 10s (default)
2023-09-07 20:27:30,187 [4c0a5098-e377-4fbc-882f-38eb7693a6cf-groupManagement] INFO  server.RaftServerConfigKeys (ConfUtils.java:logGet(46)) - raft.server.log.statemachine.data.sync.timeout.retry = -1 (default)
2023-09-07 20:27:30,190 [4c0a5098-e377-4fbc-882f-38eb7693a6cf-groupManagement] INFO  server.RaftServerConfigKeys (ConfUtils.java:logGet(46)) - raft.server.log.write.buffer.size = 1048576 (custom)
2023-09-07 20:27:30,191 [4c0a5098-e377-4fbc-882f-38eb7693a6cf-groupManagement] INFO  server.RaftServerConfigKeys (ConfUtils.java:logGet(46)) - raft.server.log.appender.buffer.byte-limit = 33554432 (custom)
2023-09-07 20:27:30,182 [d960e1ec-e2de-43a1-b7f8-937811771cc3-groupManagement] INFO  server.RaftServerConfigKeys (ConfUtils.java:logGet(46)) - raft.server.log.async-flush.enabled = false (default)
2023-09-07 20:27:30,195 [d960e1ec-e2de-43a1-b7f8-937811771cc3-groupManagement] INFO  server.RaftServerConfigKeys (ConfUtils.java:logGet(46)) - raft.server.log.statemachine.data.caching.enabled = true (custom)
2023-09-07 20:27:30,196 [d960e1ec-e2de-43a1-b7f8-937811771cc3-groupManagement] INFO  segmented.SegmentedRaftLogWorker (SegmentedRaftLogWorker.java:lambda$new$0(135)) - d960e1ec-e2de-43a1-b7f8-937811771cc3@group-88721368E654-SegmentedRaftLogWorker: flushIndex: setUnconditionally 0 -> -1
2023-09-07 20:27:30,196 [d960e1ec-e2de-43a1-b7f8-937811771cc3-groupManagement] INFO  segmented.SegmentedRaftLogWorker (SegmentedRaftLogWorker.java:lambda$new$0(135)) - d960e1ec-e2de-43a1-b7f8-937811771cc3@group-88721368E654-SegmentedRaftLogWorker: safeCacheEvictIndex: setUnconditionally 0 -> -1
2023-09-07 20:27:30,198 [4c0a5098-e377-4fbc-882f-38eb7693a6cf-groupManagement] INFO  server.RaftServerConfigKeys (ConfUtils.java:logGet(46)) - raft.server.log.unsafe-flush.enabled = false (default)
2023-09-07 20:27:30,198 [4c0a5098-e377-4fbc-882f-38eb7693a6cf-groupManagement] INFO  server.RaftServerConfigKeys (ConfUtils.java:logGet(46)) - raft.server.log.async-flush.enabled = false (default)
2023-09-07 20:27:30,198 [4c0a5098-e377-4fbc-882f-38eb7693a6cf-groupManagement] INFO  server.RaftServerConfigKeys (ConfUtils.java:logGet(46)) - raft.server.log.statemachine.data.caching.enabled = true (custom)
2023-09-07 20:27:30,198 [4c0a5098-e377-4fbc-882f-38eb7693a6cf-groupManagement] INFO  segmented.SegmentedRaftLogWorker (SegmentedRaftLogWorker.java:lambda$new$0(135)) - 4c0a5098-e377-4fbc-882f-38eb7693a6cf@group-88721368E654-SegmentedRaftLogWorker: flushIndex: setUnconditionally 0 -> -1
2023-09-07 20:27:30,199 [4c0a5098-e377-4fbc-882f-38eb7693a6cf-groupManagement] INFO  segmented.SegmentedRaftLogWorker (SegmentedRaftLogWorker.java:lambda$new$0(135)) - 4c0a5098-e377-4fbc-882f-38eb7693a6cf@group-88721368E654-SegmentedRaftLogWorker: safeCacheEvictIndex: setUnconditionally 0 -> -1
2023-09-07 20:27:30,199 [d960e1ec-e2de-43a1-b7f8-937811771cc3-groupManagement] INFO  server.RaftServer$Division (RaftServerImpl.java:start(342)) - d960e1ec-e2de-43a1-b7f8-937811771cc3@group-88721368E654: start as a follower, conf=-1: peers:[22c736ca-ae96-41a9-953f-e3c60311c10c|rpc:10.1.0.11:15023|admin:10.1.0.11:15022|client:10.1.0.11:15021|dataStream:10.1.0.11:15024|priority:1|startupRole:FOLLOWER, d960e1ec-e2de-43a1-b7f8-937811771cc3|rpc:10.1.0.11:15032|admin:10.1.0.11:15031|client:10.1.0.11:15030|dataStream:10.1.0.11:15033|priority:0|startupRole:FOLLOWER, 4c0a5098-e377-4fbc-882f-38eb7693a6cf|rpc:10.1.0.11:15014|admin:10.1.0.11:15013|client:10.1.0.11:15012|dataStream:10.1.0.11:15015|priority:0|startupRole:FOLLOWER]|listeners:[], old=null
2023-09-07 20:27:30,201 [d960e1ec-e2de-43a1-b7f8-937811771cc3-groupManagement] INFO  server.RaftServer$Division (RaftServerImpl.java:setRole(329)) - d960e1ec-e2de-43a1-b7f8-937811771cc3@group-88721368E654: changes role from      null to FOLLOWER at term 0 for startAsFollower
2023-09-07 20:27:30,201 [d960e1ec-e2de-43a1-b7f8-937811771cc3-groupManagement] INFO  impl.RoleInfo (RoleInfo.java:updateAndGet(139)) - d960e1ec-e2de-43a1-b7f8-937811771cc3: start d960e1ec-e2de-43a1-b7f8-937811771cc3@group-88721368E654-FollowerState
2023-09-07 20:27:30,202 [d960e1ec-e2de-43a1-b7f8-937811771cc3-groupManagement] INFO  util.JmxRegister (JmxRegister.java:tryRegister(44)) - Successfully registered JMX Bean with object name Ratis:service=RaftServer,group=group-88721368E654,id=d960e1ec-e2de-43a1-b7f8-937811771cc3
2023-09-07 20:27:30,202 [d960e1ec-e2de-43a1-b7f8-937811771cc3-groupManagement] INFO  server.RaftServerConfigKeys (ConfUtils.java:logGet(46)) - raft.server.snapshot.auto.trigger.enabled = true (custom)
2023-09-07 20:27:30,202 [d960e1ec-e2de-43a1-b7f8-937811771cc3-groupManagement] INFO  server.RaftServerConfigKeys (ConfUtils.java:logGet(46)) - raft.server.snapshot.auto.trigger.threshold = 10000 (custom)
2023-09-07 20:27:30,202 [d960e1ec-e2de-43a1-b7f8-937811771cc3-groupManagement] INFO  server.RaftServerConfigKeys (ConfUtils.java:logGet(46)) - raft.server.snapshot.retention.file.num = 5 (custom)
2023-09-07 20:27:30,202 [d960e1ec-e2de-43a1-b7f8-937811771cc3-groupManagement] INFO  server.RaftServerConfigKeys (ConfUtils.java:logGet(46)) - raft.server.log.purge.upto.snapshot.index = false (default)
2023-09-07 20:27:30,203 [d960e1ec-e2de-43a1-b7f8-937811771cc3@group-88721368E654-FollowerState] INFO  server.RaftServerConfigKeys (ConfUtils.java:logFallback(53)) - raft.server.rpc.first-election.timeout.min = 5s (fallback to raft.server.rpc.timeout.min)
2023-09-07 20:27:30,219 [d960e1ec-e2de-43a1-b7f8-937811771cc3@group-88721368E654-FollowerState] INFO  server.RaftServerConfigKeys (ConfUtils.java:logFallback(53)) - raft.server.rpc.first-election.timeout.max = 5200ms (fallback to raft.server.rpc.timeout.max)
2023-09-07 20:27:30,210 [4c0a5098-e377-4fbc-882f-38eb7693a6cf-groupManagement] INFO  server.RaftServer$Division (RaftServerImpl.java:start(342)) - 4c0a5098-e377-4fbc-882f-38eb7693a6cf@group-88721368E654: start as a follower, conf=-1: peers:[22c736ca-ae96-41a9-953f-e3c60311c10c|rpc:10.1.0.11:15023|admin:10.1.0.11:15022|client:10.1.0.11:15021|dataStream:10.1.0.11:15024|priority:1|startupRole:FOLLOWER, d960e1ec-e2de-43a1-b7f8-937811771cc3|rpc:10.1.0.11:15032|admin:10.1.0.11:15031|client:10.1.0.11:15030|dataStream:10.1.0.11:15033|priority:0|startupRole:FOLLOWER, 4c0a5098-e377-4fbc-882f-38eb7693a6cf|rpc:10.1.0.11:15014|admin:10.1.0.11:15013|client:10.1.0.11:15012|dataStream:10.1.0.11:15015|priority:0|startupRole:FOLLOWER]|listeners:[], old=null
2023-09-07 20:27:30,220 [4c0a5098-e377-4fbc-882f-38eb7693a6cf-groupManagement] INFO  server.RaftServer$Division (RaftServerImpl.java:setRole(329)) - 4c0a5098-e377-4fbc-882f-38eb7693a6cf@group-88721368E654: changes role from      null to FOLLOWER at term 0 for startAsFollower
2023-09-07 20:27:30,220 [4c0a5098-e377-4fbc-882f-38eb7693a6cf-groupManagement] INFO  impl.RoleInfo (RoleInfo.java:updateAndGet(139)) - 4c0a5098-e377-4fbc-882f-38eb7693a6cf: start 4c0a5098-e377-4fbc-882f-38eb7693a6cf@group-88721368E654-FollowerState
2023-09-07 20:27:30,207 [PipelineCommandHandlerThread-0] INFO  ratis.XceiverServerRatis (XceiverServerRatis.java:addGroup(804)) - Created group PipelineID=629ce196-bdb8-4d17-9b5f-88721368e654
2023-09-07 20:27:30,225 [EventQueue-OpenPipelineForHealthyPipelineSafeModeRule] INFO  safemode.SCMSafeModeManager (HealthyPipelineSafeModeRule.java:process(137)) - SCM in safe mode. Healthy pipelines reported count is 0, required healthy pipeline reported count is 1
2023-09-07 20:27:30,226 [4c0a5098-e377-4fbc-882f-38eb7693a6cf@group-88721368E654-FollowerState] INFO  server.RaftServerConfigKeys (ConfUtils.java:logFallback(53)) - raft.server.rpc.first-election.timeout.min = 5s (fallback to raft.server.rpc.timeout.min)
2023-09-07 20:27:30,226 [4c0a5098-e377-4fbc-882f-38eb7693a6cf@group-88721368E654-FollowerState] INFO  server.RaftServerConfigKeys (ConfUtils.java:logFallback(53)) - raft.server.rpc.first-election.timeout.max = 5200ms (fallback to raft.server.rpc.timeout.max)
2023-09-07 20:27:30,220 [4c0a5098-e377-4fbc-882f-38eb7693a6cf-groupManagement] INFO  util.JmxRegister (JmxRegister.java:tryRegister(44)) - Successfully registered JMX Bean with object name Ratis:service=RaftServer,group=group-88721368E654,id=4c0a5098-e377-4fbc-882f-38eb7693a6cf
2023-09-07 20:27:30,227 [4c0a5098-e377-4fbc-882f-38eb7693a6cf-groupManagement] INFO  server.RaftServerConfigKeys (ConfUtils.java:logGet(46)) - raft.server.snapshot.auto.trigger.enabled = true (custom)
2023-09-07 20:27:30,227 [4c0a5098-e377-4fbc-882f-38eb7693a6cf-groupManagement] INFO  server.RaftServerConfigKeys (ConfUtils.java:logGet(46)) - raft.server.snapshot.auto.trigger.threshold = 10000 (custom)
2023-09-07 20:27:30,227 [4c0a5098-e377-4fbc-882f-38eb7693a6cf-groupManagement] INFO  server.RaftServerConfigKeys (ConfUtils.java:logGet(46)) - raft.server.snapshot.retention.file.num = 5 (custom)
2023-09-07 20:27:30,228 [4c0a5098-e377-4fbc-882f-38eb7693a6cf-groupManagement] INFO  server.RaftServerConfigKeys (ConfUtils.java:logGet(46)) - raft.server.log.purge.upto.snapshot.index = false (default)
2023-09-07 20:27:30,277 [PipelineCommandHandlerThread-0] INFO  commandhandler.CreatePipelineCommandHandler (CreatePipelineCommandHandler.java:lambda$handle$2(124)) - Created Pipeline RATIS THREE PipelineID=613597bd-0b08-4926-9cc2-3437f87aba2c.
2023-09-07 20:27:30,365 [PipelineCommandHandlerThread-0] INFO  commandhandler.CreatePipelineCommandHandler (CreatePipelineCommandHandler.java:lambda$handle$2(124)) - Created Pipeline RATIS THREE PipelineID=629ce196-bdb8-4d17-9b5f-88721368e654.
2023-09-07 20:27:30,379 [PipelineCommandHandlerThread-0] INFO  commandhandler.CreatePipelineCommandHandler (CreatePipelineCommandHandler.java:lambda$handle$2(124)) - Created Pipeline RATIS THREE PipelineID=629ce196-bdb8-4d17-9b5f-88721368e654.
2023-09-07 20:27:30,440 [main] INFO  ozone.MiniOzoneClusterImpl (MiniOzoneClusterImpl.java:lambda$waitForClusterToBeReady$0(224)) - Nodes are ready. Got 5 of 5 DN Heartbeats.
2023-09-07 20:27:30,440 [main] INFO  ozone.MiniOzoneClusterImpl (MiniOzoneClusterImpl.java:lambda$waitForClusterToBeReady$0(227)) - Waiting for cluster to exit safe mode
2023-09-07 20:27:30,440 [main] INFO  ozone.MiniOzoneClusterImpl (MiniOzoneClusterImpl.java:lambda$waitForClusterToBeReady$0(229)) - SCM became leader
2023-09-07 20:27:30,441 [PipelineCommandHandlerThread-0] INFO  server.RaftServer (RaftServerProxy.java:addNew(98)) - 4928b7b2-b158-4302-bddf-2efad1d6a915: addNew group-C7AC0158FC8C:[4928b7b2-b158-4302-bddf-2efad1d6a915|rpc:10.1.0.11:15050|admin:10.1.0.11:15049|client:10.1.0.11:15048|dataStream:10.1.0.11:15051|priority:1|startupRole:FOLLOWER] returns group-C7AC0158FC8C:java.util.concurrent.CompletableFuture@dcde0d7[Not completed]
2023-09-07 20:27:30,443 [4928b7b2-b158-4302-bddf-2efad1d6a915-groupManagement] INFO  server.RaftServer$Division (RaftServerImpl.java:<init>(198)) - 4928b7b2-b158-4302-bddf-2efad1d6a915: new RaftServerImpl for group-C7AC0158FC8C:[4928b7b2-b158-4302-bddf-2efad1d6a915|rpc:10.1.0.11:15050|admin:10.1.0.11:15049|client:10.1.0.11:15048|dataStream:10.1.0.11:15051|priority:1|startupRole:FOLLOWER] with ContainerStateMachine:uninitialized
2023-09-07 20:27:30,444 [4928b7b2-b158-4302-bddf-2efad1d6a915-groupManagement] INFO  server.RaftServerConfigKeys (ConfUtils.java:logGet(46)) - raft.server.rpc.timeout.min = 5s (custom)
2023-09-07 20:27:30,444 [4928b7b2-b158-4302-bddf-2efad1d6a915-groupManagement] INFO  server.RaftServerConfigKeys (ConfUtils.java:logGet(46)) - raft.server.rpc.timeout.max = 5200ms (custom)
2023-09-07 20:27:30,444 [4928b7b2-b158-4302-bddf-2efad1d6a915-groupManagement] INFO  server.RaftServerConfigKeys (ConfUtils.java:logGet(46)) - raft.server.rpc.sleep.time = 25ms (default)
2023-09-07 20:27:30,444 [4928b7b2-b158-4302-bddf-2efad1d6a915-groupManagement] INFO  server.RaftServerConfigKeys (ConfUtils.java:logGet(46)) - raft.server.rpc.slowness.timeout = 300s (custom)
2023-09-07 20:27:30,444 [4928b7b2-b158-4302-bddf-2efad1d6a915-groupManagement] INFO  server.RaftServerConfigKeys (ConfUtils.java:logGet(46)) - raft.server.leaderelection.leader.step-down.wait-time = 10s (default)
2023-09-07 20:27:30,444 [4928b7b2-b158-4302-bddf-2efad1d6a915-groupManagement] INFO  server.RaftServerConfigKeys (ConfUtils.java:logGet(46)) - raft.server.sleep.deviation.threshold = 300ms (default)
2023-09-07 20:27:30,444 [4928b7b2-b158-4302-bddf-2efad1d6a915-groupManagement] INFO  server.RaftServer$Division (ServerState.java:<init>(120)) - 4928b7b2-b158-4302-bddf-2efad1d6a915@group-C7AC0158FC8C: ConfigurationManager, init=-1: peers:[4928b7b2-b158-4302-bddf-2efad1d6a915|rpc:10.1.0.11:15050|admin:10.1.0.11:15049|client:10.1.0.11:15048|dataStream:10.1.0.11:15051|priority:1|startupRole:FOLLOWER]|listeners:[], old=null, confs=<EMPTY_MAP>
2023-09-07 20:27:30,444 [4928b7b2-b158-4302-bddf-2efad1d6a915-groupManagement] INFO  server.RaftServerConfigKeys (ConfUtils.java:logGet(46)) - raft.server.storage.dir = [/home/runner/work/ozone/ozone/hadoop-ozone/integration-test/target/test-dir/MiniOzoneClusterImpl-4ce661d8-ac2f-48de-9281-714c9e7643bd/datanode-4/data/ratis] (custom)
2023-09-07 20:27:30,445 [4928b7b2-b158-4302-bddf-2efad1d6a915-groupManagement] INFO  server.RaftServerConfigKeys (ConfUtils.java:logGet(46)) - raft.server.log.corruption.policy = EXCEPTION (default)
2023-09-07 20:27:30,445 [4928b7b2-b158-4302-bddf-2efad1d6a915-groupManagement] INFO  server.RaftServerConfigKeys (ConfUtils.java:logGet(46)) - raft.server.storage.free-space.min = 0MB (=0) (default)
2023-09-07 20:27:30,445 [4928b7b2-b158-4302-bddf-2efad1d6a915-groupManagement] INFO  server.RaftServerConfigKeys (ConfUtils.java:logGet(46)) - raft.server.notification.no-leader.timeout = 300s (custom)
2023-09-07 20:27:30,445 [4928b7b2-b158-4302-bddf-2efad1d6a915-groupManagement] INFO  server.RaftServerConfigKeys (ConfUtils.java:logGet(46)) - raft.server.read.timeout = 10s (default)
2023-09-07 20:27:30,445 [4928b7b2-b158-4302-bddf-2efad1d6a915-groupManagement] INFO  server.RaftServerConfigKeys (ConfUtils.java:logGet(46)) - raft.server.retrycache.expirytime = 600000ms (custom)
2023-09-07 20:27:30,445 [4928b7b2-b158-4302-bddf-2efad1d6a915-groupManagement] INFO  server.RaftServerConfigKeys (ConfUtils.java:logGet(46)) - raft.server.retrycache.statistics.expirytime = 100μs (default)
2023-09-07 20:27:30,445 [4928b7b2-b158-4302-bddf-2efad1d6a915-groupManagement] INFO  server.RaftServerConfigKeys (ConfUtils.java:logGet(46)) - raft.server.read.option = DEFAULT (default)
2023-09-07 20:27:30,454 [4928b7b2-b158-4302-bddf-2efad1d6a915-groupManagement] INFO  server.RaftServerConfigKeys (ConfUtils.java:logGet(46)) - raft.server.rpc.request.timeout = 60s (custom)
2023-09-07 20:27:30,454 [4928b7b2-b158-4302-bddf-2efad1d6a915-groupManagement] INFO  server.RaftServerConfigKeys (ConfUtils.java:logGet(46)) - raft.server.log.appender.install.snapshot.enabled = false (custom)
2023-09-07 20:27:30,455 [4928b7b2-b158-4302-bddf-2efad1d6a915-groupManagement] INFO  server.RaftServerConfigKeys (ConfUtils.java:logGet(46)) - raft.server.threadpool.server.cached = true (default)
2023-09-07 20:27:30,455 [4928b7b2-b158-4302-bddf-2efad1d6a915-groupManagement] INFO  server.RaftServerConfigKeys (ConfUtils.java:logGet(46)) - raft.server.threadpool.server.size = 0 (default)
2023-09-07 20:27:30,455 [4928b7b2-b158-4302-bddf-2efad1d6a915-groupManagement] INFO  server.RaftServerConfigKeys (ConfUtils.java:logGet(46)) - raft.server.threadpool.client.cached = true (default)
2023-09-07 20:27:30,455 [4928b7b2-b158-4302-bddf-2efad1d6a915-groupManagement] INFO  server.RaftServerConfigKeys (ConfUtils.java:logGet(46)) - raft.server.threadpool.client.size = 0 (default)
2023-09-07 20:27:30,455 [4928b7b2-b158-4302-bddf-2efad1d6a915-groupManagement] INFO  storage.RaftStorageDirectory (RaftStorageDirectoryImpl.java:analyzeStorage(137)) - The storage directory /home/runner/work/ozone/ozone/hadoop-ozone/integration-test/target/test-dir/MiniOzoneClusterImpl-4ce661d8-ac2f-48de-9281-714c9e7643bd/datanode-4/data/ratis/84234fea-cd31-4494-b386-c7ac0158fc8c does not exist. Creating ...
2023-09-07 20:27:30,458 [4928b7b2-b158-4302-bddf-2efad1d6a915-groupManagement] INFO  storage.RaftStorageDirectory (RaftStorageDirectoryImpl.java:tryLock(231)) - Lock on /home/runner/work/ozone/ozone/hadoop-ozone/integration-test/target/test-dir/MiniOzoneClusterImpl-4ce661d8-ac2f-48de-9281-714c9e7643bd/datanode-4/data/ratis/84234fea-cd31-4494-b386-c7ac0158fc8c/in_use.lock acquired by nodename 7625@fv-az259-394
2023-09-07 20:27:30,460 [4928b7b2-b158-4302-bddf-2efad1d6a915-groupManagement] INFO  storage.RaftStorage (RaftStorageImpl.java:format(96)) - Storage directory /home/runner/work/ozone/ozone/hadoop-ozone/integration-test/target/test-dir/MiniOzoneClusterImpl-4ce661d8-ac2f-48de-9281-714c9e7643bd/datanode-4/data/ratis/84234fea-cd31-4494-b386-c7ac0158fc8c has been successfully formatted.
2023-09-07 20:27:30,461 [4928b7b2-b158-4302-bddf-2efad1d6a915-groupManagement] INFO  ratis.ContainerStateMachine (ContainerStateMachine.java:loadSnapshot(262)) - group-C7AC0158FC8C: The snapshot info is null. Setting the last applied indexto:(t:0, i:~)
2023-09-07 20:27:30,462 [4928b7b2-b158-4302-bddf-2efad1d6a915-groupManagement] INFO  server.RaftServerConfigKeys (ConfUtils.java:logGet(46)) - raft.server.log.use.memory = false (default)
2023-09-07 20:27:30,462 [4928b7b2-b158-4302-bddf-2efad1d6a915-groupManagement] INFO  server.RaftServerConfigKeys (ConfUtils.java:logGet(46)) - raft.server.log.purge.gap = 1000000 (custom)
2023-09-07 20:27:30,462 [4928b7b2-b158-4302-bddf-2efad1d6a915-groupManagement] INFO  server.RaftServerConfigKeys (ConfUtils.java:logGet(46)) - raft.server.log.appender.buffer.byte-limit = 33554432 (custom)
2023-09-07 20:27:30,462 [4928b7b2-b158-4302-bddf-2efad1d6a915-groupManagement] INFO  server.RaftServerConfigKeys (ConfUtils.java:logGet(46)) - raft.server.log.statemachine.data.read.timeout = 1000ms (default)
2023-09-07 20:27:30,463 [4928b7b2-b158-4302-bddf-2efad1d6a915-groupManagement] INFO  server.RaftServerConfigKeys (ConfUtils.java:logGet(46)) - raft.server.log.purge.preservation.log.num = 0 (default)
2023-09-07 20:27:30,465 [EventQueue-PipelineReportForPipelineReportHandler] INFO  pipeline.PipelineReportHandler (PipelineReportHandler.java:processPipelineReport(136)) - Opened pipeline PipelineID=84234fea-cd31-4494-b386-c7ac0158fc8c
2023-09-07 20:27:30,466 [EventQueue-OpenPipelineForHealthyPipelineSafeModeRule] INFO  safemode.SCMSafeModeManager (HealthyPipelineSafeModeRule.java:process(137)) - SCM in safe mode. Healthy pipelines reported count is 0, required healthy pipeline reported count is 1
2023-09-07 20:27:30,466 [4928b7b2-b158-4302-bddf-2efad1d6a915-groupManagement] INFO  server.RaftServerConfigKeys (ConfUtils.java:logGet(46)) - raft.server.log.segment.size.max = 1048576 (custom)
2023-09-07 20:27:30,466 [4928b7b2-b158-4302-bddf-2efad1d6a915-groupManagement] INFO  server.RaftServerConfigKeys (ConfUtils.java:logGet(46)) - raft.server.log.segment.cache.num.max = 2 (custom)
2023-09-07 20:27:30,466 [4928b7b2-b158-4302-bddf-2efad1d6a915-groupManagement] INFO  server.RaftServerConfigKeys (ConfUtils.java:logGet(46)) - raft.server.log.segment.cache.size.max = 200MB (=209715200) (default)
2023-09-07 20:27:30,467 [4928b7b2-b158-4302-bddf-2efad1d6a915-groupManagement] INFO  server.RaftServerConfigKeys (ConfUtils.java:logGet(46)) - raft.server.log.appender.buffer.byte-limit = 33554432 (custom)
2023-09-07 20:27:30,468 [4928b7b2-b158-4302-bddf-2efad1d6a915-groupManagement] INFO  segmented.SegmentedRaftLogWorker (SegmentedRaftLogWorker.java:<init>(188)) - new 4928b7b2-b158-4302-bddf-2efad1d6a915@group-C7AC0158FC8C-SegmentedRaftLogWorker for RaftStorageImpl:Storage Directory /home/runner/work/ozone/ozone/hadoop-ozone/integration-test/target/test-dir/MiniOzoneClusterImpl-4ce661d8-ac2f-48de-9281-714c9e7643bd/datanode-4/data/ratis/84234fea-cd31-4494-b386-c7ac0158fc8c
2023-09-07 20:27:30,468 [4928b7b2-b158-4302-bddf-2efad1d6a915-groupManagement] INFO  server.RaftServerConfigKeys (ConfUtils.java:logGet(46)) - raft.server.log.queue.byte-limit = 4294967296 (custom)
2023-09-07 20:27:30,468 [4928b7b2-b158-4302-bddf-2efad1d6a915-groupManagement] INFO  server.RaftServerConfigKeys (ConfUtils.java:logGet(46)) - raft.server.log.queue.element-limit = 1024 (custom)
2023-09-07 20:27:30,468 [4928b7b2-b158-4302-bddf-2efad1d6a915-groupManagement] INFO  server.RaftServerConfigKeys (ConfUtils.java:logGet(46)) - raft.server.log.segment.size.max = 1048576 (custom)
2023-09-07 20:27:30,468 [4928b7b2-b158-4302-bddf-2efad1d6a915-groupManagement] INFO  server.RaftServerConfigKeys (ConfUtils.java:logGet(46)) - raft.server.log.preallocated.size = 16384 (custom)
2023-09-07 20:27:30,468 [4928b7b2-b158-4302-bddf-2efad1d6a915-groupManagement] INFO  server.RaftServerConfigKeys (ConfUtils.java:logGet(46)) - raft.server.log.force.sync.num = 128 (default)
2023-09-07 20:27:30,468 [4928b7b2-b158-4302-bddf-2efad1d6a915-groupManagement] INFO  server.RaftServerConfigKeys (ConfUtils.java:logGet(46)) - raft.server.log.statemachine.data.sync = true (default)
2023-09-07 20:27:30,469 [4928b7b2-b158-4302-bddf-2efad1d6a915-groupManagement] INFO  server.RaftServerConfigKeys (ConfUtils.java:logGet(46)) - raft.server.log.statemachine.data.sync.timeout = 10s (default)
2023-09-07 20:27:30,469 [4928b7b2-b158-4302-bddf-2efad1d6a915-groupManagement] INFO  server.RaftServerConfigKeys (ConfUtils.java:logGet(46)) - raft.server.log.statemachine.data.sync.timeout.retry = -1 (default)
2023-09-07 20:27:30,471 [4928b7b2-b158-4302-bddf-2efad1d6a915-groupManagement] INFO  server.RaftServerConfigKeys (ConfUtils.java:logGet(46)) - raft.server.log.write.buffer.size = 1048576 (custom)
2023-09-07 20:27:30,473 [4928b7b2-b158-4302-bddf-2efad1d6a915-groupManagement] INFO  server.RaftServerConfigKeys (ConfUtils.java:logGet(46)) - raft.server.log.appender.buffer.byte-limit = 33554432 (custom)
2023-09-07 20:27:30,480 [4928b7b2-b158-4302-bddf-2efad1d6a915-groupManagement] INFO  server.RaftServerConfigKeys (ConfUtils.java:logGet(46)) - raft.server.log.unsafe-flush.enabled = false (default)
2023-09-07 20:27:30,481 [4928b7b2-b158-4302-bddf-2efad1d6a915-groupManagement] INFO  server.RaftServerConfigKeys (ConfUtils.java:logGet(46)) - raft.server.log.async-flush.enabled = false (default)
2023-09-07 20:27:30,481 [4928b7b2-b158-4302-bddf-2efad1d6a915-groupManagement] INFO  server.RaftServerConfigKeys (ConfUtils.java:logGet(46)) - raft.server.log.statemachine.data.caching.enabled = true (custom)
2023-09-07 20:27:30,482 [4928b7b2-b158-4302-bddf-2efad1d6a915-groupManagement] INFO  segmented.SegmentedRaftLogWorker (SegmentedRaftLogWorker.java:lambda$new$0(135)) - 4928b7b2-b158-4302-bddf-2efad1d6a915@group-C7AC0158FC8C-SegmentedRaftLogWorker: flushIndex: setUnconditionally 0 -> -1
2023-09-07 20:27:30,482 [4928b7b2-b158-4302-bddf-2efad1d6a915-groupManagement] INFO  segmented.SegmentedRaftLogWorker (SegmentedRaftLogWorker.java:lambda$new$0(135)) - 4928b7b2-b158-4302-bddf-2efad1d6a915@group-C7AC0158FC8C-SegmentedRaftLogWorker: safeCacheEvictIndex: setUnconditionally 0 -> -1
2023-09-07 20:27:30,483 [4928b7b2-b158-4302-bddf-2efad1d6a915-groupManagement] INFO  server.RaftServer$Division (RaftServerImpl.java:start(342)) - 4928b7b2-b158-4302-bddf-2efad1d6a915@group-C7AC0158FC8C: start as a follower, conf=-1: peers:[4928b7b2-b158-4302-bddf-2efad1d6a915|rpc:10.1.0.11:15050|admin:10.1.0.11:15049|client:10.1.0.11:15048|dataStream:10.1.0.11:15051|priority:1|startupRole:FOLLOWER]|listeners:[], old=null
2023-09-07 20:27:30,483 [4928b7b2-b158-4302-bddf-2efad1d6a915-groupManagement] INFO  server.RaftServer$Division (RaftServerImpl.java:setRole(329)) - 4928b7b2-b158-4302-bddf-2efad1d6a915@group-C7AC0158FC8C: changes role from      null to FOLLOWER at term 0 for startAsFollower
2023-09-07 20:27:30,483 [4928b7b2-b158-4302-bddf-2efad1d6a915-groupManagement] INFO  impl.RoleInfo (RoleInfo.java:updateAndGet(139)) - 4928b7b2-b158-4302-bddf-2efad1d6a915: start 4928b7b2-b158-4302-bddf-2efad1d6a915@group-C7AC0158FC8C-FollowerState
2023-09-07 20:27:30,486 [4928b7b2-b158-4302-bddf-2efad1d6a915-groupManagement] INFO  util.JmxRegister (JmxRegister.java:tryRegister(44)) - Successfully registered JMX Bean with object name Ratis:service=RaftServer,group=group-C7AC0158FC8C,id=4928b7b2-b158-4302-bddf-2efad1d6a915
2023-09-07 20:27:30,487 [4928b7b2-b158-4302-bddf-2efad1d6a915-groupManagement] INFO  server.RaftServerConfigKeys (ConfUtils.java:logGet(46)) - raft.server.snapshot.auto.trigger.enabled = true (custom)
2023-09-07 20:27:30,487 [4928b7b2-b158-4302-bddf-2efad1d6a915-groupManagement] INFO  server.RaftServerConfigKeys (ConfUtils.java:logGet(46)) - raft.server.snapshot.auto.trigger.threshold = 10000 (custom)
2023-09-07 20:27:30,487 [4928b7b2-b158-4302-bddf-2efad1d6a915-groupManagement] INFO  server.RaftServerConfigKeys (ConfUtils.java:logGet(46)) - raft.server.snapshot.retention.file.num = 5 (custom)
2023-09-07 20:27:30,487 [4928b7b2-b158-4302-bddf-2efad1d6a915-groupManagement] INFO  server.RaftServerConfigKeys (ConfUtils.java:logGet(46)) - raft.server.log.purge.upto.snapshot.index = false (default)
2023-09-07 20:27:30,487 [4928b7b2-b158-4302-bddf-2efad1d6a915@group-C7AC0158FC8C-FollowerState] INFO  server.RaftServerConfigKeys (ConfUtils.java:logFallback(53)) - raft.server.rpc.first-election.timeout.min = 5s (fallback to raft.server.rpc.timeout.min)
2023-09-07 20:27:30,488 [4928b7b2-b158-4302-bddf-2efad1d6a915@group-C7AC0158FC8C-FollowerState] INFO  server.RaftServerConfigKeys (ConfUtils.java:logFallback(53)) - raft.server.rpc.first-election.timeout.max = 5200ms (fallback to raft.server.rpc.timeout.max)
2023-09-07 20:27:30,491 [PipelineCommandHandlerThread-0] INFO  ratis.XceiverServerRatis (XceiverServerRatis.java:addGroup(804)) - Created group PipelineID=84234fea-cd31-4494-b386-c7ac0158fc8c
2023-09-07 20:27:30,491 [PipelineCommandHandlerThread-0] INFO  commandhandler.CreatePipelineCommandHandler (CreatePipelineCommandHandler.java:lambda$handle$2(124)) - Created Pipeline RATIS ONE PipelineID=84234fea-cd31-4494-b386-c7ac0158fc8c.
2023-09-07 20:27:31,441 [main] INFO  ozone.MiniOzoneClusterImpl (MiniOzoneClusterImpl.java:lambda$waitForClusterToBeReady$0(224)) - Nodes are ready. Got 5 of 5 DN Heartbeats.
2023-09-07 20:27:31,441 [main] INFO  ozone.MiniOzoneClusterImpl (MiniOzoneClusterImpl.java:lambda$waitForClusterToBeReady$0(227)) - Waiting for cluster to exit safe mode
2023-09-07 20:27:31,441 [main] INFO  ozone.MiniOzoneClusterImpl (MiniOzoneClusterImpl.java:lambda$waitForClusterToBeReady$0(229)) - SCM became leader
2023-09-07 20:27:32,442 [main] INFO  ozone.MiniOzoneClusterImpl (MiniOzoneClusterImpl.java:lambda$waitForClusterToBeReady$0(224)) - Nodes are ready. Got 5 of 5 DN Heartbeats.
2023-09-07 20:27:32,442 [main] INFO  ozone.MiniOzoneClusterImpl (MiniOzoneClusterImpl.java:lambda$waitForClusterToBeReady$0(227)) - Waiting for cluster to exit safe mode
2023-09-07 20:27:32,442 [main] INFO  ozone.MiniOzoneClusterImpl (MiniOzoneClusterImpl.java:lambda$waitForClusterToBeReady$0(229)) - SCM became leader
2023-09-07 20:27:33,442 [main] INFO  ozone.MiniOzoneClusterImpl (MiniOzoneClusterImpl.java:lambda$waitForClusterToBeReady$0(224)) - Nodes are ready. Got 5 of 5 DN Heartbeats.
2023-09-07 20:27:33,443 [main] INFO  ozone.MiniOzoneClusterImpl (MiniOzoneClusterImpl.java:lambda$waitForClusterToBeReady$0(227)) - Waiting for cluster to exit safe mode
2023-09-07 20:27:33,443 [main] INFO  ozone.MiniOzoneClusterImpl (MiniOzoneClusterImpl.java:lambda$waitForClusterToBeReady$0(229)) - SCM became leader
2023-09-07 20:27:33,928 [4c0a5098-e377-4fbc-882f-38eb7693a6cf@group-C8B31C760BF2-FollowerState] INFO  impl.FollowerState (FollowerState.java:run(143)) - 4c0a5098-e377-4fbc-882f-38eb7693a6cf@group-C8B31C760BF2-FollowerState: change to CANDIDATE, lastRpcElapsedTime:5174409920ns, electionTimeout:5171ms
2023-09-07 20:27:33,929 [4c0a5098-e377-4fbc-882f-38eb7693a6cf@group-C8B31C760BF2-FollowerState] INFO  impl.RoleInfo (RoleInfo.java:shutdownFollowerState(110)) - 4c0a5098-e377-4fbc-882f-38eb7693a6cf: shutdown 4c0a5098-e377-4fbc-882f-38eb7693a6cf@group-C8B31C760BF2-FollowerState
2023-09-07 20:27:33,929 [4c0a5098-e377-4fbc-882f-38eb7693a6cf@group-C8B31C760BF2-FollowerState] INFO  server.RaftServer$Division (RaftServerImpl.java:setRole(329)) - 4c0a5098-e377-4fbc-882f-38eb7693a6cf@group-C8B31C760BF2: changes role from  FOLLOWER to CANDIDATE at term 0 for changeToCandidate
2023-09-07 20:27:33,930 [4c0a5098-e377-4fbc-882f-38eb7693a6cf@group-C8B31C760BF2-FollowerState] INFO  server.RaftServerConfigKeys (ConfUtils.java:logGet(46)) - raft.server.leaderelection.pre-vote = true (default)
2023-09-07 20:27:33,930 [4c0a5098-e377-4fbc-882f-38eb7693a6cf@group-C8B31C760BF2-FollowerState] INFO  impl.RoleInfo (RoleInfo.java:updateAndGet(139)) - 4c0a5098-e377-4fbc-882f-38eb7693a6cf: start 4c0a5098-e377-4fbc-882f-38eb7693a6cf@group-C8B31C760BF2-LeaderElection2
2023-09-07 20:27:33,932 [4c0a5098-e377-4fbc-882f-38eb7693a6cf@group-C8B31C760BF2-LeaderElection2] INFO  impl.LeaderElection (LeaderElection.java:askForVotes(321)) - 4c0a5098-e377-4fbc-882f-38eb7693a6cf@group-C8B31C760BF2-LeaderElection2 PRE_VOTE round 0: submit vote requests at term 0 for -1: peers:[4c0a5098-e377-4fbc-882f-38eb7693a6cf|rpc:10.1.0.11:15014|admin:10.1.0.11:15013|client:10.1.0.11:15012|dataStream:10.1.0.11:15015|priority:1|startupRole:FOLLOWER]|listeners:[], old=null
2023-09-07 20:27:33,932 [4c0a5098-e377-4fbc-882f-38eb7693a6cf@group-C8B31C760BF2-LeaderElection2] INFO  impl.LeaderElection (LeaderElection.java:askForVotes(323)) - 4c0a5098-e377-4fbc-882f-38eb7693a6cf@group-C8B31C760BF2-LeaderElection2 PRE_VOTE round 0: result PASSED (term=0)
2023-09-07 20:27:33,934 [4c0a5098-e377-4fbc-882f-38eb7693a6cf@group-C8B31C760BF2-LeaderElection2] INFO  impl.LeaderElection (LeaderElection.java:askForVotes(321)) - 4c0a5098-e377-4fbc-882f-38eb7693a6cf@group-C8B31C760BF2-LeaderElection2 ELECTION round 0: submit vote requests at term 1 for -1: peers:[4c0a5098-e377-4fbc-882f-38eb7693a6cf|rpc:10.1.0.11:15014|admin:10.1.0.11:15013|client:10.1.0.11:15012|dataStream:10.1.0.11:15015|priority:1|startupRole:FOLLOWER]|listeners:[], old=null
2023-09-07 20:27:33,934 [4c0a5098-e377-4fbc-882f-38eb7693a6cf@group-C8B31C760BF2-LeaderElection2] INFO  impl.LeaderElection (LeaderElection.java:askForVotes(323)) - 4c0a5098-e377-4fbc-882f-38eb7693a6cf@group-C8B31C760BF2-LeaderElection2 ELECTION round 0: result PASSED (term=1)
2023-09-07 20:27:33,934 [4c0a5098-e377-4fbc-882f-38eb7693a6cf@group-C8B31C760BF2-LeaderElection2] INFO  impl.RoleInfo (RoleInfo.java:shutdownLeaderElection(130)) - 4c0a5098-e377-4fbc-882f-38eb7693a6cf: shutdown 4c0a5098-e377-4fbc-882f-38eb7693a6cf@group-C8B31C760BF2-LeaderElection2
2023-09-07 20:27:33,934 [4c0a5098-e377-4fbc-882f-38eb7693a6cf@group-C8B31C760BF2-LeaderElection2] INFO  server.RaftServer$Division (RaftServerImpl.java:setRole(329)) - 4c0a5098-e377-4fbc-882f-38eb7693a6cf@group-C8B31C760BF2: changes role from CANDIDATE to LEADER at term 1 for changeToLeader
2023-09-07 20:27:33,935 [4c0a5098-e377-4fbc-882f-38eb7693a6cf@group-C8B31C760BF2-LeaderElection2] INFO  ratis.XceiverServerRatis (XceiverServerRatis.java:handleLeaderChangedNotification(902)) - Leader change notification received for group: group-C8B31C760BF2 with new leaderId: 4c0a5098-e377-4fbc-882f-38eb7693a6cf
2023-09-07 20:27:33,935 [4c0a5098-e377-4fbc-882f-38eb7693a6cf@group-C8B31C760BF2-LeaderElection2] INFO  server.RaftServer$Division (ServerState.java:setLeader(317)) - 4c0a5098-e377-4fbc-882f-38eb7693a6cf@group-C8B31C760BF2: change Leader from null to 4c0a5098-e377-4fbc-882f-38eb7693a6cf at term 1 for becomeLeader, leader elected after 5238ms
2023-09-07 20:27:33,935 [4c0a5098-e377-4fbc-882f-38eb7693a6cf@group-C8B31C760BF2-LeaderElection2] INFO  server.RaftServerConfigKeys (ConfUtils.java:logGet(46)) - raft.server.staging.catchup.gap = 1000 (default)
2023-09-07 20:27:33,935 [4c0a5098-e377-4fbc-882f-38eb7693a6cf@group-C8B31C760BF2-LeaderElection2] INFO  server.RaftServerConfigKeys (ConfUtils.java:logGet(46)) - raft.server.write.element-limit = 1024 (custom)
2023-09-07 20:27:33,936 [4c0a5098-e377-4fbc-882f-38eb7693a6cf@group-C8B31C760BF2-LeaderElection2] INFO  server.RaftServerConfigKeys (ConfUtils.java:logGet(46)) - raft.server.write.byte-limit = 1024 M (=1073741824) (custom)
2023-09-07 20:27:33,936 [4c0a5098-e377-4fbc-882f-38eb7693a6cf@group-C8B31C760BF2-LeaderElection2] INFO  server.RaftServerConfigKeys (ConfUtils.java:logGet(46)) - raft.server.watch.timeout = 180s (custom)
2023-09-07 20:27:33,936 [4c0a5098-e377-4fbc-882f-38eb7693a6cf@group-C8B31C760BF2-LeaderElection2] INFO  server.RaftServerConfigKeys (ConfUtils.java:logGet(46)) - raft.server.watch.timeout.denomination = 1s (default)
2023-09-07 20:27:33,936 [4c0a5098-e377-4fbc-882f-38eb7693a6cf@group-C8B31C760BF2-LeaderElection2] INFO  server.RaftServerConfigKeys (ConfUtils.java:logGet(46)) - raft.server.watch.element-limit = 65536 (default)
2023-09-07 20:27:33,936 [4c0a5098-e377-4fbc-882f-38eb7693a6cf@group-C8B31C760BF2-LeaderElection2] INFO  server.RaftServerConfigKeys (ConfUtils.java:logGet(46)) - raft.server.write.element-limit = 1024 (custom)
2023-09-07 20:27:33,936 [4c0a5098-e377-4fbc-882f-38eb7693a6cf@group-C8B31C760BF2-LeaderElection2] INFO  server.RaftServerConfigKeys (ConfUtils.java:logGet(46)) - raft.server.write.follower.gap.ratio.max = -1.0 (default)
2023-09-07 20:27:33,936 [4c0a5098-e377-4fbc-882f-38eb7693a6cf@group-C8B31C760BF2-LeaderElection2] INFO  impl.RoleInfo (RoleInfo.java:updateAndGet(139)) - 4c0a5098-e377-4fbc-882f-38eb7693a6cf: start 4c0a5098-e377-4fbc-882f-38eb7693a6cf@group-C8B31C760BF2-LeaderStateImpl
2023-09-07 20:27:33,938 [EventQueue-OpenPipelineForHealthyPipelineSafeModeRule] INFO  safemode.SCMSafeModeManager (HealthyPipelineSafeModeRule.java:process(137)) - SCM in safe mode. Healthy pipelines reported count is 0, required healthy pipeline reported count is 1
2023-09-07 20:27:33,938 [4c0a5098-e377-4fbc-882f-38eb7693a6cf@group-C8B31C760BF2-LeaderElection2] INFO  segmented.SegmentedRaftLogWorker (SegmentedRaftLogWorker.java:startLogSegment(447)) - 4c0a5098-e377-4fbc-882f-38eb7693a6cf@group-C8B31C760BF2-SegmentedRaftLogWorker: Starting segment from index:0
2023-09-07 20:27:33,940 [4c0a5098-e377-4fbc-882f-38eb7693a6cf@group-C8B31C760BF2-LeaderElection2] INFO  server.RaftServer$Division (ServerState.java:setRaftConf(434)) - 4c0a5098-e377-4fbc-882f-38eb7693a6cf@group-C8B31C760BF2: set configuration 0: peers:[4c0a5098-e377-4fbc-882f-38eb7693a6cf|rpc:10.1.0.11:15014|admin:10.1.0.11:15013|client:10.1.0.11:15012|dataStream:10.1.0.11:15015|priority:1|startupRole:FOLLOWER]|listeners:[], old=null
2023-09-07 20:27:33,941 [4c0a5098-e377-4fbc-882f-38eb7693a6cf@group-C8B31C760BF2-SegmentedRaftLogWorker] INFO  segmented.SegmentedRaftLogWorker (SegmentedRaftLogWorker.java:execute(651)) - 4c0a5098-e377-4fbc-882f-38eb7693a6cf@group-C8B31C760BF2-SegmentedRaftLogWorker: created new log segment /home/runner/work/ozone/ozone/hadoop-ozone/integration-test/target/test-dir/MiniOzoneClusterImpl-4ce661d8-ac2f-48de-9281-714c9e7643bd/datanode-0/data/ratis/91cba4c6-9cb8-45b9-8452-c8b31c760bf2/current/log_inprogress_0
2023-09-07 20:27:33,974 [4c0a5098-e377-4fbc-882f-38eb7693a6cf@group-3437F87ABA2C-FollowerState] INFO  impl.FollowerState (FollowerState.java:run(143)) - 4c0a5098-e377-4fbc-882f-38eb7693a6cf@group-3437F87ABA2C-FollowerState: change to CANDIDATE, lastRpcElapsedTime:5165756899ns, electionTimeout:5152ms
2023-09-07 20:27:33,976 [4c0a5098-e377-4fbc-882f-38eb7693a6cf@group-3437F87ABA2C-FollowerState] INFO  impl.RoleInfo (RoleInfo.java:shutdownFollowerState(110)) - 4c0a5098-e377-4fbc-882f-38eb7693a6cf: shutdown 4c0a5098-e377-4fbc-882f-38eb7693a6cf@group-3437F87ABA2C-FollowerState
2023-09-07 20:27:33,976 [4c0a5098-e377-4fbc-882f-38eb7693a6cf@group-3437F87ABA2C-FollowerState] INFO  server.RaftServer$Division (RaftServerImpl.java:setRole(329)) - 4c0a5098-e377-4fbc-882f-38eb7693a6cf@group-3437F87ABA2C: changes role from  FOLLOWER to CANDIDATE at term 0 for changeToCandidate
2023-09-07 20:27:33,977 [4c0a5098-e377-4fbc-882f-38eb7693a6cf@group-3437F87ABA2C-FollowerState] INFO  server.RaftServerConfigKeys (ConfUtils.java:logGet(46)) - raft.server.leaderelection.pre-vote = true (default)
2023-09-07 20:27:33,977 [4c0a5098-e377-4fbc-882f-38eb7693a6cf@group-3437F87ABA2C-FollowerState] INFO  impl.RoleInfo (RoleInfo.java:updateAndGet(139)) - 4c0a5098-e377-4fbc-882f-38eb7693a6cf: start 4c0a5098-e377-4fbc-882f-38eb7693a6cf@group-3437F87ABA2C-LeaderElection3
2023-09-07 20:27:33,979 [4c0a5098-e377-4fbc-882f-38eb7693a6cf@group-3437F87ABA2C-LeaderElection3] INFO  impl.LeaderElection (LeaderElection.java:askForVotes(321)) - 4c0a5098-e377-4fbc-882f-38eb7693a6cf@group-3437F87ABA2C-LeaderElection3 PRE_VOTE round 0: submit vote requests at term 0 for -1: peers:[22c736ca-ae96-41a9-953f-e3c60311c10c|rpc:10.1.0.11:15023|admin:10.1.0.11:15022|client:10.1.0.11:15021|dataStream:10.1.0.11:15024|priority:0|startupRole:FOLLOWER, d960e1ec-e2de-43a1-b7f8-937811771cc3|rpc:10.1.0.11:15032|admin:10.1.0.11:15031|client:10.1.0.11:15030|dataStream:10.1.0.11:15033|priority:0|startupRole:FOLLOWER, 4c0a5098-e377-4fbc-882f-38eb7693a6cf|rpc:10.1.0.11:15014|admin:10.1.0.11:15013|client:10.1.0.11:15012|dataStream:10.1.0.11:15015|priority:1|startupRole:FOLLOWER]|listeners:[], old=null
2023-09-07 20:27:33,988 [4c0a5098-e377-4fbc-882f-38eb7693a6cf@group-3437F87ABA2C-LeaderElection3-1] INFO  server.GrpcServerProtocolClient (GrpcServerProtocolClient.java:<init>(65)) - Build channel for 22c736ca-ae96-41a9-953f-e3c60311c10c
2023-09-07 20:27:33,992 [4c0a5098-e377-4fbc-882f-38eb7693a6cf@group-3437F87ABA2C-LeaderElection3] INFO  server.RaftServerConfigKeys (ConfUtils.java:logFallback(53)) - raft.server.rpc.first-election.timeout.min = 5s (fallback to raft.server.rpc.timeout.min)
2023-09-07 20:27:33,998 [4c0a5098-e377-4fbc-882f-38eb7693a6cf@group-3437F87ABA2C-LeaderElection3] INFO  server.RaftServerConfigKeys (ConfUtils.java:logFallback(53)) - raft.server.rpc.first-election.timeout.max = 5200ms (fallback to raft.server.rpc.timeout.max)
2023-09-07 20:27:33,993 [4c0a5098-e377-4fbc-882f-38eb7693a6cf@group-3437F87ABA2C-LeaderElection3-2] INFO  server.GrpcServerProtocolClient (GrpcServerProtocolClient.java:<init>(65)) - Build channel for d960e1ec-e2de-43a1-b7f8-937811771cc3
2023-09-07 20:27:34,024 [grpc-default-executor-0] INFO  server.RaftServer$Division (RaftServerImpl.java:requestVote(1302)) - 22c736ca-ae96-41a9-953f-e3c60311c10c@group-3437F87ABA2C: receive requestVote(PRE_VOTE, 4c0a5098-e377-4fbc-882f-38eb7693a6cf, group-3437F87ABA2C, 0, (t:0, i:0))
2023-09-07 20:27:34,027 [grpc-default-executor-0] INFO  impl.VoteContext (VoteContext.java:log(49)) - 22c736ca-ae96-41a9-953f-e3c60311c10c@group-3437F87ABA2C-FOLLOWER: accept PRE_VOTE from 4c0a5098-e377-4fbc-882f-38eb7693a6cf: our priority 0 <= candidate's priority 1
2023-09-07 20:27:34,030 [grpc-default-executor-1] INFO  server.RaftServer$Division (RaftServerImpl.java:requestVote(1302)) - d960e1ec-e2de-43a1-b7f8-937811771cc3@group-3437F87ABA2C: receive requestVote(PRE_VOTE, 4c0a5098-e377-4fbc-882f-38eb7693a6cf, group-3437F87ABA2C, 0, (t:0, i:0))
2023-09-07 20:27:34,031 [grpc-default-executor-1] INFO  impl.VoteContext (VoteContext.java:log(49)) - d960e1ec-e2de-43a1-b7f8-937811771cc3@group-3437F87ABA2C-FOLLOWER: accept PRE_VOTE from 4c0a5098-e377-4fbc-882f-38eb7693a6cf: our priority 0 <= candidate's priority 1
2023-09-07 20:27:34,039 [grpc-default-executor-1] INFO  server.RaftServer$Division (RaftServerImpl.java:requestVote(1335)) - d960e1ec-e2de-43a1-b7f8-937811771cc3@group-3437F87ABA2C replies to PRE_VOTE vote request: 4c0a5098-e377-4fbc-882f-38eb7693a6cf<-d960e1ec-e2de-43a1-b7f8-937811771cc3#0:OK-t0. Peer's state: d960e1ec-e2de-43a1-b7f8-937811771cc3@group-3437F87ABA2C:t0, leader=null, voted=, raftlog=Memoized:d960e1ec-e2de-43a1-b7f8-937811771cc3@group-3437F87ABA2C-SegmentedRaftLog:OPENED:c-1, conf=-1: peers:[22c736ca-ae96-41a9-953f-e3c60311c10c|rpc:10.1.0.11:15023|admin:10.1.0.11:15022|client:10.1.0.11:15021|dataStream:10.1.0.11:15024|priority:0|startupRole:FOLLOWER, d960e1ec-e2de-43a1-b7f8-937811771cc3|rpc:10.1.0.11:15032|admin:10.1.0.11:15031|client:10.1.0.11:15030|dataStream:10.1.0.11:15033|priority:0|startupRole:FOLLOWER, 4c0a5098-e377-4fbc-882f-38eb7693a6cf|rpc:10.1.0.11:15014|admin:10.1.0.11:15013|client:10.1.0.11:15012|dataStream:10.1.0.11:15015|priority:1|startupRole:FOLLOWER]|listeners:[], old=null
2023-09-07 20:27:34,043 [4c0a5098-e377-4fbc-882f-38eb7693a6cf@group-3437F87ABA2C-LeaderElection3] INFO  impl.LeaderElection (LeaderElection.java:logAndReturn(90)) - 4c0a5098-e377-4fbc-882f-38eb7693a6cf@group-3437F87ABA2C-LeaderElection3: PRE_VOTE PASSED received 1 response(s) and 0 exception(s):
2023-09-07 20:27:34,043 [4c0a5098-e377-4fbc-882f-38eb7693a6cf@group-3437F87ABA2C-LeaderElection3] INFO  impl.LeaderElection (LeaderElection.java:logAndReturn(94)) -   Response 0: 4c0a5098-e377-4fbc-882f-38eb7693a6cf<-d960e1ec-e2de-43a1-b7f8-937811771cc3#0:OK-t0
2023-09-07 20:27:34,043 [grpc-default-executor-0] INFO  server.RaftServer$Division (RaftServerImpl.java:requestVote(1335)) - 22c736ca-ae96-41a9-953f-e3c60311c10c@group-3437F87ABA2C replies to PRE_VOTE vote request: 4c0a5098-e377-4fbc-882f-38eb7693a6cf<-22c736ca-ae96-41a9-953f-e3c60311c10c#0:OK-t0. Peer's state: 22c736ca-ae96-41a9-953f-e3c60311c10c@group-3437F87ABA2C:t0, leader=null, voted=, raftlog=Memoized:22c736ca-ae96-41a9-953f-e3c60311c10c@group-3437F87ABA2C-SegmentedRaftLog:OPENED:c-1, conf=-1: peers:[22c736ca-ae96-41a9-953f-e3c60311c10c|rpc:10.1.0.11:15023|admin:10.1.0.11:15022|client:10.1.0.11:15021|dataStream:10.1.0.11:15024|priority:0|startupRole:FOLLOWER, d960e1ec-e2de-43a1-b7f8-937811771cc3|rpc:10.1.0.11:15032|admin:10.1.0.11:15031|client:10.1.0.11:15030|dataStream:10.1.0.11:15033|priority:0|startupRole:FOLLOWER, 4c0a5098-e377-4fbc-882f-38eb7693a6cf|rpc:10.1.0.11:15014|admin:10.1.0.11:15013|client:10.1.0.11:15012|dataStream:10.1.0.11:15015|priority:1|startupRole:FOLLOWER]|listeners:[], old=null
2023-09-07 20:27:34,043 [4c0a5098-e377-4fbc-882f-38eb7693a6cf@group-3437F87ABA2C-LeaderElection3] INFO  impl.LeaderElection (LeaderElection.java:askForVotes(323)) - 4c0a5098-e377-4fbc-882f-38eb7693a6cf@group-3437F87ABA2C-LeaderElection3 PRE_VOTE round 0: result PASSED
2023-09-07 20:27:34,049 [4c0a5098-e377-4fbc-882f-38eb7693a6cf@group-3437F87ABA2C-LeaderElection3] INFO  impl.LeaderElection (LeaderElection.java:askForVotes(321)) - 4c0a5098-e377-4fbc-882f-38eb7693a6cf@group-3437F87ABA2C-LeaderElection3 ELECTION round 0: submit vote requests at term 1 for -1: peers:[22c736ca-ae96-41a9-953f-e3c60311c10c|rpc:10.1.0.11:15023|admin:10.1.0.11:15022|client:10.1.0.11:15021|dataStream:10.1.0.11:15024|priority:0|startupRole:FOLLOWER, d960e1ec-e2de-43a1-b7f8-937811771cc3|rpc:10.1.0.11:15032|admin:10.1.0.11:15031|client:10.1.0.11:15030|dataStream:10.1.0.11:15033|priority:0|startupRole:FOLLOWER, 4c0a5098-e377-4fbc-882f-38eb7693a6cf|rpc:10.1.0.11:15014|admin:10.1.0.11:15013|client:10.1.0.11:15012|dataStream:10.1.0.11:15015|priority:1|startupRole:FOLLOWER]|listeners:[], old=null
2023-09-07 20:27:34,056 [4c0a5098-e377-4fbc-882f-38eb7693a6cf@group-3437F87ABA2C-LeaderElection3] INFO  server.RaftServerConfigKeys (ConfUtils.java:logFallback(53)) - raft.server.rpc.first-election.timeout.min = 5s (fallback to raft.server.rpc.timeout.min)
2023-09-07 20:27:34,056 [4c0a5098-e377-4fbc-882f-38eb7693a6cf@group-3437F87ABA2C-LeaderElection3] INFO  server.RaftServerConfigKeys (ConfUtils.java:logFallback(53)) - raft.server.rpc.first-election.timeout.max = 5200ms (fallback to raft.server.rpc.timeout.max)
2023-09-07 20:27:34,073 [grpc-default-executor-0] INFO  server.RaftServer$Division (RaftServerImpl.java:requestVote(1302)) - d960e1ec-e2de-43a1-b7f8-937811771cc3@group-3437F87ABA2C: receive requestVote(ELECTION, 4c0a5098-e377-4fbc-882f-38eb7693a6cf, group-3437F87ABA2C, 1, (t:0, i:0))
2023-09-07 20:27:34,075 [grpc-default-executor-0] INFO  impl.VoteContext (VoteContext.java:log(49)) - d960e1ec-e2de-43a1-b7f8-937811771cc3@group-3437F87ABA2C-FOLLOWER: accept ELECTION from 4c0a5098-e377-4fbc-882f-38eb7693a6cf: our priority 0 <= candidate's priority 1
2023-09-07 20:27:34,076 [grpc-default-executor-0] INFO  server.RaftServer$Division (RaftServerImpl.java:setRole(329)) - d960e1ec-e2de-43a1-b7f8-937811771cc3@group-3437F87ABA2C: changes role from  FOLLOWER to FOLLOWER at term 1 for candidate:4c0a5098-e377-4fbc-882f-38eb7693a6cf
2023-09-07 20:27:34,076 [grpc-default-executor-0] INFO  impl.RoleInfo (RoleInfo.java:shutdownFollowerState(110)) - d960e1ec-e2de-43a1-b7f8-937811771cc3: shutdown d960e1ec-e2de-43a1-b7f8-937811771cc3@group-3437F87ABA2C-FollowerState
2023-09-07 20:27:34,076 [d960e1ec-e2de-43a1-b7f8-937811771cc3@group-3437F87ABA2C-FollowerState] INFO  impl.FollowerState (FollowerState.java:run(152)) - d960e1ec-e2de-43a1-b7f8-937811771cc3@group-3437F87ABA2C-FollowerState was interrupted
2023-09-07 20:27:34,078 [grpc-default-executor-0] INFO  impl.RoleInfo (RoleInfo.java:updateAndGet(139)) - d960e1ec-e2de-43a1-b7f8-937811771cc3: start d960e1ec-e2de-43a1-b7f8-937811771cc3@group-3437F87ABA2C-FollowerState
2023-09-07 20:27:34,079 [grpc-default-executor-1] INFO  server.RaftServer$Division (RaftServerImpl.java:requestVote(1302)) - 22c736ca-ae96-41a9-953f-e3c60311c10c@group-3437F87ABA2C: receive requestVote(ELECTION, 4c0a5098-e377-4fbc-882f-38eb7693a6cf, group-3437F87ABA2C, 1, (t:0, i:0))
2023-09-07 20:27:34,080 [grpc-default-executor-1] INFO  impl.VoteContext (VoteContext.java:log(49)) - 22c736ca-ae96-41a9-953f-e3c60311c10c@group-3437F87ABA2C-FOLLOWER: accept ELECTION from 4c0a5098-e377-4fbc-882f-38eb7693a6cf: our priority 0 <= candidate's priority 1
2023-09-07 20:27:34,080 [grpc-default-executor-1] INFO  server.RaftServer$Division (RaftServerImpl.java:setRole(329)) - 22c736ca-ae96-41a9-953f-e3c60311c10c@group-3437F87ABA2C: changes role from  FOLLOWER to FOLLOWER at term 1 for candidate:4c0a5098-e377-4fbc-882f-38eb7693a6cf
2023-09-07 20:27:34,080 [grpc-default-executor-1] INFO  impl.RoleInfo (RoleInfo.java:shutdownFollowerState(110)) - 22c736ca-ae96-41a9-953f-e3c60311c10c: shutdown 22c736ca-ae96-41a9-953f-e3c60311c10c@group-3437F87ABA2C-FollowerState
2023-09-07 20:27:34,081 [22c736ca-ae96-41a9-953f-e3c60311c10c@group-3437F87ABA2C-FollowerState] INFO  impl.FollowerState (FollowerState.java:run(152)) - 22c736ca-ae96-41a9-953f-e3c60311c10c@group-3437F87ABA2C-FollowerState was interrupted
2023-09-07 20:27:34,082 [grpc-default-executor-1] INFO  impl.RoleInfo (RoleInfo.java:updateAndGet(139)) - 22c736ca-ae96-41a9-953f-e3c60311c10c: start 22c736ca-ae96-41a9-953f-e3c60311c10c@group-3437F87ABA2C-FollowerState
2023-09-07 20:27:34,084 [grpc-default-executor-0] INFO  server.RaftServer$Division (RaftServerImpl.java:requestVote(1335)) - d960e1ec-e2de-43a1-b7f8-937811771cc3@group-3437F87ABA2C replies to ELECTION vote request: 4c0a5098-e377-4fbc-882f-38eb7693a6cf<-d960e1ec-e2de-43a1-b7f8-937811771cc3#0:OK-t1. Peer's state: d960e1ec-e2de-43a1-b7f8-937811771cc3@group-3437F87ABA2C:t1, leader=null, voted=4c0a5098-e377-4fbc-882f-38eb7693a6cf, raftlog=Memoized:d960e1ec-e2de-43a1-b7f8-937811771cc3@group-3437F87ABA2C-SegmentedRaftLog:OPENED:c-1, conf=-1: peers:[22c736ca-ae96-41a9-953f-e3c60311c10c|rpc:10.1.0.11:15023|admin:10.1.0.11:15022|client:10.1.0.11:15021|dataStream:10.1.0.11:15024|priority:0|startupRole:FOLLOWER, d960e1ec-e2de-43a1-b7f8-937811771cc3|rpc:10.1.0.11:15032|admin:10.1.0.11:15031|client:10.1.0.11:15030|dataStream:10.1.0.11:15033|priority:0|startupRole:FOLLOWER, 4c0a5098-e377-4fbc-882f-38eb7693a6cf|rpc:10.1.0.11:15014|admin:10.1.0.11:15013|client:10.1.0.11:15012|dataStream:10.1.0.11:15015|priority:1|startupRole:FOLLOWER]|listeners:[], old=null
2023-09-07 20:27:34,085 [grpc-default-executor-1] INFO  server.RaftServer$Division (RaftServerImpl.java:requestVote(1335)) - 22c736ca-ae96-41a9-953f-e3c60311c10c@group-3437F87ABA2C replies to ELECTION vote request: 4c0a5098-e377-4fbc-882f-38eb7693a6cf<-22c736ca-ae96-41a9-953f-e3c60311c10c#0:OK-t1. Peer's state: 22c736ca-ae96-41a9-953f-e3c60311c10c@group-3437F87ABA2C:t1, leader=null, voted=4c0a5098-e377-4fbc-882f-38eb7693a6cf, raftlog=Memoized:22c736ca-ae96-41a9-953f-e3c60311c10c@group-3437F87ABA2C-SegmentedRaftLog:OPENED:c-1, conf=-1: peers:[22c736ca-ae96-41a9-953f-e3c60311c10c|rpc:10.1.0.11:15023|admin:10.1.0.11:15022|client:10.1.0.11:15021|dataStream:10.1.0.11:15024|priority:0|startupRole:FOLLOWER, d960e1ec-e2de-43a1-b7f8-937811771cc3|rpc:10.1.0.11:15032|admin:10.1.0.11:15031|client:10.1.0.11:15030|dataStream:10.1.0.11:15033|priority:0|startupRole:FOLLOWER, 4c0a5098-e377-4fbc-882f-38eb7693a6cf|rpc:10.1.0.11:15014|admin:10.1.0.11:15013|client:10.1.0.11:15012|dataStream:10.1.0.11:15015|priority:1|startupRole:FOLLOWER]|listeners:[], old=null
2023-09-07 20:27:34,092 [4c0a5098-e377-4fbc-882f-38eb7693a6cf@group-3437F87ABA2C-LeaderElection3] INFO  impl.LeaderElection (LeaderElection.java:logAndReturn(90)) - 4c0a5098-e377-4fbc-882f-38eb7693a6cf@group-3437F87ABA2C-LeaderElection3: ELECTION PASSED received 1 response(s) and 0 exception(s):
2023-09-07 20:27:34,094 [4c0a5098-e377-4fbc-882f-38eb7693a6cf@group-3437F87ABA2C-LeaderElection3] INFO  impl.LeaderElection (LeaderElection.java:logAndReturn(94)) -   Response 0: 4c0a5098-e377-4fbc-882f-38eb7693a6cf<-d960e1ec-e2de-43a1-b7f8-937811771cc3#0:OK-t1
2023-09-07 20:27:34,095 [4c0a5098-e377-4fbc-882f-38eb7693a6cf@group-3437F87ABA2C-LeaderElection3] INFO  impl.LeaderElection (LeaderElection.java:askForVotes(323)) - 4c0a5098-e377-4fbc-882f-38eb7693a6cf@group-3437F87ABA2C-LeaderElection3 ELECTION round 0: result PASSED
2023-09-07 20:27:34,095 [4c0a5098-e377-4fbc-882f-38eb7693a6cf@group-3437F87ABA2C-LeaderElection3] INFO  impl.RoleInfo (RoleInfo.java:shutdownLeaderElection(130)) - 4c0a5098-e377-4fbc-882f-38eb7693a6cf: shutdown 4c0a5098-e377-4fbc-882f-38eb7693a6cf@group-3437F87ABA2C-LeaderElection3
2023-09-07 20:27:34,095 [4c0a5098-e377-4fbc-882f-38eb7693a6cf@group-3437F87ABA2C-LeaderElection3] INFO  server.RaftServer$Division (RaftServerImpl.java:setRole(329)) - 4c0a5098-e377-4fbc-882f-38eb7693a6cf@group-3437F87ABA2C: changes role from CANDIDATE to LEADER at term 1 for changeToLeader
2023-09-07 20:27:34,095 [4c0a5098-e377-4fbc-882f-38eb7693a6cf@group-3437F87ABA2C-LeaderElection3] INFO  ratis.XceiverServerRatis (XceiverServerRatis.java:handleLeaderChangedNotification(902)) - Leader change notification received for group: group-3437F87ABA2C with new leaderId: 4c0a5098-e377-4fbc-882f-38eb7693a6cf
2023-09-07 20:27:34,096 [4c0a5098-e377-4fbc-882f-38eb7693a6cf@group-3437F87ABA2C-LeaderElection3] INFO  server.RaftServer$Division (ServerState.java:setLeader(317)) - 4c0a5098-e377-4fbc-882f-38eb7693a6cf@group-3437F87ABA2C: change Leader from null to 4c0a5098-e377-4fbc-882f-38eb7693a6cf at term 1 for becomeLeader, leader elected after 5323ms
2023-09-07 20:27:34,096 [4c0a5098-e377-4fbc-882f-38eb7693a6cf@group-3437F87ABA2C-LeaderElection3] INFO  server.RaftServerConfigKeys (ConfUtils.java:logGet(46)) - raft.server.staging.catchup.gap = 1000 (default)
2023-09-07 20:27:34,101 [4c0a5098-e377-4fbc-882f-38eb7693a6cf@group-3437F87ABA2C-LeaderElection3] INFO  server.RaftServerConfigKeys (ConfUtils.java:logGet(46)) - raft.server.write.element-limit = 1024 (custom)
2023-09-07 20:27:34,102 [4c0a5098-e377-4fbc-882f-38eb7693a6cf@group-3437F87ABA2C-LeaderElection3] INFO  server.RaftServerConfigKeys (ConfUtils.java:logGet(46)) - raft.server.write.byte-limit = 1024 M (=1073741824) (custom)
2023-09-07 20:27:34,102 [4c0a5098-e377-4fbc-882f-38eb7693a6cf@group-3437F87ABA2C-LeaderElection3] INFO  server.RaftServerConfigKeys (ConfUtils.java:logGet(46)) - raft.server.watch.timeout = 180s (custom)
2023-09-07 20:27:34,102 [4c0a5098-e377-4fbc-882f-38eb7693a6cf@group-3437F87ABA2C-LeaderElection3] INFO  server.RaftServerConfigKeys (ConfUtils.java:logGet(46)) - raft.server.watch.timeout.denomination = 1s (default)
2023-09-07 20:27:34,102 [4c0a5098-e377-4fbc-882f-38eb7693a6cf@group-3437F87ABA2C-LeaderElection3] INFO  server.RaftServerConfigKeys (ConfUtils.java:logGet(46)) - raft.server.watch.element-limit = 65536 (default)
2023-09-07 20:27:34,102 [4c0a5098-e377-4fbc-882f-38eb7693a6cf@group-3437F87ABA2C-LeaderElection3] INFO  server.RaftServerConfigKeys (ConfUtils.java:logGet(46)) - raft.server.write.element-limit = 1024 (custom)
2023-09-07 20:27:34,102 [4c0a5098-e377-4fbc-882f-38eb7693a6cf@group-3437F87ABA2C-LeaderElection3] INFO  server.RaftServerConfigKeys (ConfUtils.java:logGet(46)) - raft.server.write.follower.gap.ratio.max = -1.0 (default)
2023-09-07 20:27:34,111 [EventQueue-PipelineReportForPipelineReportHandler] INFO  pipeline.PipelineReportHandler (PipelineReportHandler.java:processPipelineReport(136)) - Opened pipeline PipelineID=613597bd-0b08-4926-9cc2-3437f87aba2c
2023-09-07 20:27:34,113 [EventQueue-OpenPipelineForHealthyPipelineSafeModeRule] INFO  safemode.SCMSafeModeManager (HealthyPipelineSafeModeRule.java:process(137)) - SCM in safe mode. Healthy pipelines reported count is 1, required healthy pipeline reported count is 1
2023-09-07 20:27:34,113 [EventQueue-OpenPipelineForHealthyPipelineSafeModeRule] INFO  safemode.SCMSafeModeManager (SCMSafeModeManager.java:validateSafeModeExitRules(200)) - HealthyPipelineSafeModeRule rule is successfully validated
2023-09-07 20:27:34,113 [EventQueue-OpenPipelineForHealthyPipelineSafeModeRule] INFO  safemode.SCMSafeModeManager (SCMSafeModeManager.java:validateSafeModeExitRules(215)) - ScmSafeModeManager, all rules are successfully validated
2023-09-07 20:27:34,113 [EventQueue-OpenPipelineForHealthyPipelineSafeModeRule] INFO  safemode.SCMSafeModeManager (SCMSafeModeManager.java:exitSafeMode(244)) - SCM exiting safe mode.
2023-09-07 20:27:34,113 [EventQueue-OpenPipelineForHealthyPipelineSafeModeRule] INFO  ha.SCMContext (SCMContext.java:updateSafeModeStatus(228)) - Update SafeModeStatus from SafeModeStatus{safeModeStatus=true, preCheckPassed=true} to SafeModeStatus{safeModeStatus=false, preCheckPassed=true}.
2023-09-07 20:27:34,117 [EventQueue-OpenPipelineForHealthyPipelineSafeModeRule] INFO  pipeline.BackgroundPipelineCreator (BackgroundPipelineCreator.java:notifyStatusChanged(255)) - Service BackgroundPipelineCreator transitions to RUNNING.
2023-09-07 20:27:34,117 [EventQueue-OpenPipelineForHealthyPipelineSafeModeRule] INFO  BackgroundPipelineScrubber (BackgroundSCMService.java:notifyStatusChanged(82)) - Service BackgroundPipelineScrubber transitions to RUNNING.
2023-09-07 20:27:34,117 [EventQueue-OpenPipelineForHealthyPipelineSafeModeRule] INFO  ExpiredContainerReplicaOpScrubber (BackgroundSCMService.java:notifyStatusChanged(82)) - Service ExpiredContainerReplicaOpScrubber transitions to RUNNING.
2023-09-07 20:27:34,117 [EventQueue-OpenPipelineForHealthyPipelineSafeModeRule] INFO  replication.ReplicationManager (ReplicationManager.java:notifyStatusChanged(1370)) - Service ReplicationManager transitions to RUNNING.
2023-09-07 20:27:34,123 [EventQueue-OpenPipelineForHealthyPipelineSafeModeRule] WARN  balancer.ContainerBalancer (ContainerBalancer.java:shouldRun(134)) - Could not find persisted configuration for ContainerBalancer when checking if ContainerBalancer should run. ContainerBalancer should not run now.
2023-09-07 20:27:34,132 [4c0a5098-e377-4fbc-882f-38eb7693a6cf@group-3437F87ABA2C-LeaderElection3] INFO  server.RaftServerConfigKeys (ConfUtils.java:logGet(46)) - raft.server.log.appender.snapshot.chunk.size.max = 16MB (=16777216) (default)
2023-09-07 20:27:34,132 [4c0a5098-e377-4fbc-882f-38eb7693a6cf@group-3437F87ABA2C-LeaderElection3] INFO  server.RaftServerConfigKeys (ConfUtils.java:logGet(46)) - raft.server.log.appender.buffer.byte-limit = 33554432 (custom)
2023-09-07 20:27:34,132 [4c0a5098-e377-4fbc-882f-38eb7693a6cf@group-3437F87ABA2C-LeaderElection3] INFO  server.RaftServerConfigKeys (ConfUtils.java:logGet(46)) - raft.server.log.appender.buffer.element-limit = 1 (custom)
2023-09-07 20:27:34,135 [4c0a5098-e377-4fbc-882f-38eb7693a6cf@group-3437F87ABA2C-LeaderElection3] INFO  server.RaftServerConfigKeys (ConfUtils.java:logGet(46)) - raft.server.log.appender.wait-time.min = 10ms (default)
2023-09-07 20:27:34,136 [4c0a5098-e377-4fbc-882f-38eb7693a6cf@group-3437F87ABA2C-LeaderElection3] INFO  grpc.GrpcConfigKeys (ConfUtils.java:logGet(46)) - raft.grpc.server.leader.outstanding.appends.max = 128 (default)
2023-09-07 20:27:34,136 [4c0a5098-e377-4fbc-882f-38eb7693a6cf@group-3437F87ABA2C-LeaderElection3] INFO  server.RaftServerConfigKeys (ConfUtils.java:logGet(46)) - raft.server.rpc.request.timeout = 60s (custom)
2023-09-07 20:27:34,136 [4c0a5098-e377-4fbc-882f-38eb7693a6cf@group-3437F87ABA2C-LeaderElection3] INFO  grpc.GrpcConfigKeys (ConfUtils.java:logGet(46)) - raft.grpc.server.install_snapshot.request.element-limit = 8 (default)
2023-09-07 20:27:34,137 [4c0a5098-e377-4fbc-882f-38eb7693a6cf@group-3437F87ABA2C-LeaderElection3] INFO  grpc.GrpcConfigKeys (ConfUtils.java:logGet(46)) - raft.grpc.server.install_snapshot.request.timeout = 3000ms (default)
2023-09-07 20:27:34,137 [4c0a5098-e377-4fbc-882f-38eb7693a6cf@group-3437F87ABA2C-LeaderElection3] INFO  server.RaftServerConfigKeys (ConfUtils.java:logGet(46)) - raft.server.log.appender.install.snapshot.enabled = false (custom)
2023-09-07 20:27:34,137 [4c0a5098-e377-4fbc-882f-38eb7693a6cf@group-3437F87ABA2C-LeaderElection3] INFO  grpc.GrpcConfigKeys (ConfUtils.java:logGet(46)) - raft.grpc.server.heartbeat.channel = true (default)
2023-09-07 20:27:34,140 [4c0a5098-e377-4fbc-882f-38eb7693a6cf@group-3437F87ABA2C-LeaderElection3] INFO  server.RaftServerConfigKeys (ConfUtils.java:logGet(46)) - raft.server.log.appender.snapshot.chunk.size.max = 16MB (=16777216) (default)
2023-09-07 20:27:34,140 [4c0a5098-e377-4fbc-882f-38eb7693a6cf@group-3437F87ABA2C-LeaderElection3] INFO  server.RaftServerConfigKeys (ConfUtils.java:logGet(46)) - raft.server.log.appender.buffer.byte-limit = 33554432 (custom)
2023-09-07 20:27:34,140 [4c0a5098-e377-4fbc-882f-38eb7693a6cf@group-3437F87ABA2C-LeaderElection3] INFO  server.RaftServerConfigKeys (ConfUtils.java:logGet(46)) - raft.server.log.appender.buffer.element-limit = 1 (custom)
2023-09-07 20:27:34,141 [4c0a5098-e377-4fbc-882f-38eb7693a6cf@group-3437F87ABA2C-LeaderElection3] INFO  server.RaftServerConfigKeys (ConfUtils.java:logGet(46)) - raft.server.log.appender.wait-time.min = 10ms (default)
2023-09-07 20:27:34,142 [4c0a5098-e377-4fbc-882f-38eb7693a6cf@group-3437F87ABA2C-LeaderElection3] INFO  grpc.GrpcConfigKeys (ConfUtils.java:logGet(46)) - raft.grpc.server.leader.outstanding.appends.max = 128 (default)
2023-09-07 20:27:34,142 [4c0a5098-e377-4fbc-882f-38eb7693a6cf@group-3437F87ABA2C-LeaderElection3] INFO  server.RaftServerConfigKeys (ConfUtils.java:logGet(46)) - raft.server.rpc.request.timeout = 60s (custom)
2023-09-07 20:27:34,142 [4c0a5098-e377-4fbc-882f-38eb7693a6cf@group-3437F87ABA2C-LeaderElection3] INFO  grpc.GrpcConfigKeys (ConfUtils.java:logGet(46)) - raft.grpc.server.install_snapshot.request.element-limit = 8 (default)
2023-09-07 20:27:34,142 [4c0a5098-e377-4fbc-882f-38eb7693a6cf@group-3437F87ABA2C-LeaderElection3] INFO  grpc.GrpcConfigKeys (ConfUtils.java:logGet(46)) - raft.grpc.server.install_snapshot.request.timeout = 3000ms (default)
2023-09-07 20:27:34,142 [4c0a5098-e377-4fbc-882f-38eb7693a6cf@group-3437F87ABA2C-LeaderElection3] INFO  server.RaftServerConfigKeys (ConfUtils.java:logGet(46)) - raft.server.log.appender.install.snapshot.enabled = false (custom)
2023-09-07 20:27:34,142 [4c0a5098-e377-4fbc-882f-38eb7693a6cf@group-3437F87ABA2C-LeaderElection3] INFO  grpc.GrpcConfigKeys (ConfUtils.java:logGet(46)) - raft.grpc.server.heartbeat.channel = true (default)
2023-09-07 20:27:34,144 [4c0a5098-e377-4fbc-882f-38eb7693a6cf@group-3437F87ABA2C-LeaderElection3] INFO  impl.RoleInfo (RoleInfo.java:updateAndGet(139)) - 4c0a5098-e377-4fbc-882f-38eb7693a6cf: start 4c0a5098-e377-4fbc-882f-38eb7693a6cf@group-3437F87ABA2C-LeaderStateImpl
2023-09-07 20:27:34,144 [4c0a5098-e377-4fbc-882f-38eb7693a6cf@group-3437F87ABA2C-LeaderElection3] INFO  segmented.SegmentedRaftLogWorker (SegmentedRaftLogWorker.java:startLogSegment(447)) - 4c0a5098-e377-4fbc-882f-38eb7693a6cf@group-3437F87ABA2C-SegmentedRaftLogWorker: Starting segment from index:0
2023-09-07 20:27:34,153 [4c0a5098-e377-4fbc-882f-38eb7693a6cf@group-3437F87ABA2C-SegmentedRaftLogWorker] INFO  segmented.SegmentedRaftLogWorker (SegmentedRaftLogWorker.java:execute(651)) - 4c0a5098-e377-4fbc-882f-38eb7693a6cf@group-3437F87ABA2C-SegmentedRaftLogWorker: created new log segment /home/runner/work/ozone/ozone/hadoop-ozone/integration-test/target/test-dir/MiniOzoneClusterImpl-4ce661d8-ac2f-48de-9281-714c9e7643bd/datanode-0/data/ratis/613597bd-0b08-4926-9cc2-3437f87aba2c/current/log_inprogress_0
2023-09-07 20:27:34,164 [4c0a5098-e377-4fbc-882f-38eb7693a6cf@group-3437F87ABA2C-LeaderElection3] INFO  server.RaftServer$Division (ServerState.java:setRaftConf(434)) - 4c0a5098-e377-4fbc-882f-38eb7693a6cf@group-3437F87ABA2C: set configuration 0: peers:[22c736ca-ae96-41a9-953f-e3c60311c10c|rpc:10.1.0.11:15023|admin:10.1.0.11:15022|client:10.1.0.11:15021|dataStream:10.1.0.11:15024|priority:0|startupRole:FOLLOWER, d960e1ec-e2de-43a1-b7f8-937811771cc3|rpc:10.1.0.11:15032|admin:10.1.0.11:15031|client:10.1.0.11:15030|dataStream:10.1.0.11:15033|priority:0|startupRole:FOLLOWER, 4c0a5098-e377-4fbc-882f-38eb7693a6cf|rpc:10.1.0.11:15014|admin:10.1.0.11:15013|client:10.1.0.11:15012|dataStream:10.1.0.11:15015|priority:1|startupRole:FOLLOWER]|listeners:[], old=null
2023-09-07 20:27:34,232 [22c736ca-ae96-41a9-953f-e3c60311c10c-server-thread1] INFO  ratis.XceiverServerRatis (XceiverServerRatis.java:handleLeaderChangedNotification(902)) - Leader change notification received for group: group-3437F87ABA2C with new leaderId: 4c0a5098-e377-4fbc-882f-38eb7693a6cf
2023-09-07 20:27:34,232 [22c736ca-ae96-41a9-953f-e3c60311c10c-server-thread1] INFO  server.RaftServer$Division (ServerState.java:setLeader(317)) - 22c736ca-ae96-41a9-953f-e3c60311c10c@group-3437F87ABA2C: change Leader from null to 4c0a5098-e377-4fbc-882f-38eb7693a6cf at term 1 for appendEntries, leader elected after 4971ms
2023-09-07 20:27:34,239 [22c736ca-ae96-41a9-953f-e3c60311c10c-server-thread1] INFO  server.RaftServer$Division (ServerState.java:setRaftConf(434)) - 22c736ca-ae96-41a9-953f-e3c60311c10c@group-3437F87ABA2C: set configuration 0: peers:[22c736ca-ae96-41a9-953f-e3c60311c10c|rpc:10.1.0.11:15023|admin:10.1.0.11:15022|client:10.1.0.11:15021|dataStream:10.1.0.11:15024|priority:0|startupRole:FOLLOWER, d960e1ec-e2de-43a1-b7f8-937811771cc3|rpc:10.1.0.11:15032|admin:10.1.0.11:15031|client:10.1.0.11:15030|dataStream:10.1.0.11:15033|priority:0|startupRole:FOLLOWER, 4c0a5098-e377-4fbc-882f-38eb7693a6cf|rpc:10.1.0.11:15014|admin:10.1.0.11:15013|client:10.1.0.11:15012|dataStream:10.1.0.11:15015|priority:1|startupRole:FOLLOWER]|listeners:[], old=null
2023-09-07 20:27:34,242 [22c736ca-ae96-41a9-953f-e3c60311c10c-server-thread1] INFO  segmented.SegmentedRaftLogWorker (SegmentedRaftLogWorker.java:startLogSegment(447)) - 22c736ca-ae96-41a9-953f-e3c60311c10c@group-3437F87ABA2C-SegmentedRaftLogWorker: Starting segment from index:0
2023-09-07 20:27:34,249 [d960e1ec-e2de-43a1-b7f8-937811771cc3-server-thread2] INFO  ratis.XceiverServerRatis (XceiverServerRatis.java:handleLeaderChangedNotification(902)) - Leader change notification received for group: group-3437F87ABA2C with new leaderId: 4c0a5098-e377-4fbc-882f-38eb7693a6cf
2023-09-07 20:27:34,265 [d960e1ec-e2de-43a1-b7f8-937811771cc3-server-thread2] INFO  server.RaftServer$Division (ServerState.java:setLeader(317)) - d960e1ec-e2de-43a1-b7f8-937811771cc3@group-3437F87ABA2C: change Leader from null to 4c0a5098-e377-4fbc-882f-38eb7693a6cf at term 1 for appendEntries, leader elected after 4244ms
2023-09-07 20:27:34,263 [22c736ca-ae96-41a9-953f-e3c60311c10c@group-3437F87ABA2C-SegmentedRaftLogWorker] INFO  segmented.SegmentedRaftLogWorker (SegmentedRaftLogWorker.java:execute(651)) - 22c736ca-ae96-41a9-953f-e3c60311c10c@group-3437F87ABA2C-SegmentedRaftLogWorker: created new log segment /home/runner/work/ozone/ozone/hadoop-ozone/integration-test/target/test-dir/MiniOzoneClusterImpl-4ce661d8-ac2f-48de-9281-714c9e7643bd/datanode-1/data/ratis/613597bd-0b08-4926-9cc2-3437f87aba2c/current/log_inprogress_0
2023-09-07 20:27:34,283 [d960e1ec-e2de-43a1-b7f8-937811771cc3-server-thread1] INFO  server.RaftServer$Division (ServerState.java:setRaftConf(434)) - d960e1ec-e2de-43a1-b7f8-937811771cc3@group-3437F87ABA2C: set configuration 0: peers:[22c736ca-ae96-41a9-953f-e3c60311c10c|rpc:10.1.0.11:15023|admin:10.1.0.11:15022|client:10.1.0.11:15021|dataStream:10.1.0.11:15024|priority:0|startupRole:FOLLOWER, d960e1ec-e2de-43a1-b7f8-937811771cc3|rpc:10.1.0.11:15032|admin:10.1.0.11:15031|client:10.1.0.11:15030|dataStream:10.1.0.11:15033|priority:0|startupRole:FOLLOWER, 4c0a5098-e377-4fbc-882f-38eb7693a6cf|rpc:10.1.0.11:15014|admin:10.1.0.11:15013|client:10.1.0.11:15012|dataStream:10.1.0.11:15015|priority:1|startupRole:FOLLOWER]|listeners:[], old=null
2023-09-07 20:27:34,284 [d960e1ec-e2de-43a1-b7f8-937811771cc3-server-thread1] INFO  segmented.SegmentedRaftLogWorker (SegmentedRaftLogWorker.java:startLogSegment(447)) - d960e1ec-e2de-43a1-b7f8-937811771cc3@group-3437F87ABA2C-SegmentedRaftLogWorker: Starting segment from index:0
2023-09-07 20:27:34,287 [d960e1ec-e2de-43a1-b7f8-937811771cc3@group-3437F87ABA2C-SegmentedRaftLogWorker] INFO  segmented.SegmentedRaftLogWorker (SegmentedRaftLogWorker.java:execute(651)) - d960e1ec-e2de-43a1-b7f8-937811771cc3@group-3437F87ABA2C-SegmentedRaftLogWorker: created new log segment /home/runner/work/ozone/ozone/hadoop-ozone/integration-test/target/test-dir/MiniOzoneClusterImpl-4ce661d8-ac2f-48de-9281-714c9e7643bd/datanode-2/data/ratis/613597bd-0b08-4926-9cc2-3437f87aba2c/current/log_inprogress_0
2023-09-07 20:27:34,443 [main] INFO  ozone.MiniOzoneClusterImpl (MiniOzoneClusterImpl.java:lambda$waitForClusterToBeReady$0(224)) - Nodes are ready. Got 5 of 5 DN Heartbeats.
2023-09-07 20:27:34,443 [main] INFO  ozone.MiniOzoneClusterImpl (MiniOzoneClusterImpl.java:lambda$waitForClusterToBeReady$0(227)) - Cluster exits safe mode
2023-09-07 20:27:34,444 [main] INFO  ozone.MiniOzoneClusterImpl (MiniOzoneClusterImpl.java:lambda$waitForClusterToBeReady$0(229)) - SCM became leader
2023-09-07 20:27:34,446 [22c736ca-ae96-41a9-953f-e3c60311c10c@group-864FE7D10970-FollowerState] INFO  impl.FollowerState (FollowerState.java:run(143)) - 22c736ca-ae96-41a9-953f-e3c60311c10c@group-864FE7D10970-FollowerState: change to CANDIDATE, lastRpcElapsedTime:5203745930ns, electionTimeout:5190ms
2023-09-07 20:27:34,446 [22c736ca-ae96-41a9-953f-e3c60311c10c@group-864FE7D10970-FollowerState] INFO  impl.RoleInfo (RoleInfo.java:shutdownFollowerState(110)) - 22c736ca-ae96-41a9-953f-e3c60311c10c: shutdown 22c736ca-ae96-41a9-953f-e3c60311c10c@group-864FE7D10970-FollowerState
2023-09-07 20:27:34,446 [22c736ca-ae96-41a9-953f-e3c60311c10c@group-864FE7D10970-FollowerState] INFO  server.RaftServer$Division (RaftServerImpl.java:setRole(329)) - 22c736ca-ae96-41a9-953f-e3c60311c10c@group-864FE7D10970: changes role from  FOLLOWER to CANDIDATE at term 0 for changeToCandidate
2023-09-07 20:27:34,449 [22c736ca-ae96-41a9-953f-e3c60311c10c@group-864FE7D10970-FollowerState] INFO  server.RaftServerConfigKeys (ConfUtils.java:logGet(46)) - raft.server.leaderelection.pre-vote = true (default)
2023-09-07 20:27:34,449 [22c736ca-ae96-41a9-953f-e3c60311c10c@group-864FE7D10970-FollowerState] INFO  impl.RoleInfo (RoleInfo.java:updateAndGet(139)) - 22c736ca-ae96-41a9-953f-e3c60311c10c: start 22c736ca-ae96-41a9-953f-e3c60311c10c@group-864FE7D10970-LeaderElection4
2023-09-07 20:27:34,455 [22c736ca-ae96-41a9-953f-e3c60311c10c@group-864FE7D10970-LeaderElection4] INFO  impl.LeaderElection (LeaderElection.java:askForVotes(321)) - 22c736ca-ae96-41a9-953f-e3c60311c10c@group-864FE7D10970-LeaderElection4 PRE_VOTE round 0: submit vote requests at term 0 for -1: peers:[22c736ca-ae96-41a9-953f-e3c60311c10c|rpc:10.1.0.11:15023|admin:10.1.0.11:15022|client:10.1.0.11:15021|dataStream:10.1.0.11:15024|priority:1|startupRole:FOLLOWER]|listeners:[], old=null
2023-09-07 20:27:34,455 [22c736ca-ae96-41a9-953f-e3c60311c10c@group-864FE7D10970-LeaderElection4] INFO  impl.LeaderElection (LeaderElection.java:askForVotes(323)) - 22c736ca-ae96-41a9-953f-e3c60311c10c@group-864FE7D10970-LeaderElection4 PRE_VOTE round 0: result PASSED (term=0)
2023-09-07 20:27:34,458 [22c736ca-ae96-41a9-953f-e3c60311c10c@group-864FE7D10970-LeaderElection4] INFO  impl.LeaderElection (LeaderElection.java:askForVotes(321)) - 22c736ca-ae96-41a9-953f-e3c60311c10c@group-864FE7D10970-LeaderElection4 ELECTION round 0: submit vote requests at term 1 for -1: peers:[22c736ca-ae96-41a9-953f-e3c60311c10c|rpc:10.1.0.11:15023|admin:10.1.0.11:15022|client:10.1.0.11:15021|dataStream:10.1.0.11:15024|priority:1|startupRole:FOLLOWER]|listeners:[], old=null
2023-09-07 20:27:34,458 [22c736ca-ae96-41a9-953f-e3c60311c10c@group-864FE7D10970-LeaderElection4] INFO  impl.LeaderElection (LeaderElection.java:askForVotes(323)) - 22c736ca-ae96-41a9-953f-e3c60311c10c@group-864FE7D10970-LeaderElection4 ELECTION round 0: result PASSED (term=1)
2023-09-07 20:27:34,458 [22c736ca-ae96-41a9-953f-e3c60311c10c@group-864FE7D10970-LeaderElection4] INFO  impl.RoleInfo (RoleInfo.java:shutdownLeaderElection(130)) - 22c736ca-ae96-41a9-953f-e3c60311c10c: shutdown 22c736ca-ae96-41a9-953f-e3c60311c10c@group-864FE7D10970-LeaderElection4
2023-09-07 20:27:34,458 [22c736ca-ae96-41a9-953f-e3c60311c10c@group-864FE7D10970-LeaderElection4] INFO  server.RaftServer$Division (RaftServerImpl.java:setRole(329)) - 22c736ca-ae96-41a9-953f-e3c60311c10c@group-864FE7D10970: changes role from CANDIDATE to LEADER at term 1 for changeToLeader
2023-09-07 20:27:34,458 [22c736ca-ae96-41a9-953f-e3c60311c10c@group-864FE7D10970-LeaderElection4] INFO  ratis.XceiverServerRatis (XceiverServerRatis.java:handleLeaderChangedNotification(902)) - Leader change notification received for group: group-864FE7D10970 with new leaderId: 22c736ca-ae96-41a9-953f-e3c60311c10c
2023-09-07 20:27:34,458 [22c736ca-ae96-41a9-953f-e3c60311c10c@group-864FE7D10970-LeaderElection4] INFO  server.RaftServer$Division (ServerState.java:setLeader(317)) - 22c736ca-ae96-41a9-953f-e3c60311c10c@group-864FE7D10970: change Leader from null to 22c736ca-ae96-41a9-953f-e3c60311c10c at term 1 for becomeLeader, leader elected after 5279ms
2023-09-07 20:27:34,459 [22c736ca-ae96-41a9-953f-e3c60311c10c@group-864FE7D10970-LeaderElection4] INFO  server.RaftServerConfigKeys (ConfUtils.java:logGet(46)) - raft.server.staging.catchup.gap = 1000 (default)
2023-09-07 20:27:34,459 [22c736ca-ae96-41a9-953f-e3c60311c10c@group-864FE7D10970-LeaderElection4] INFO  server.RaftServerConfigKeys (ConfUtils.java:logGet(46)) - raft.server.write.element-limit = 1024 (custom)
2023-09-07 20:27:34,459 [22c736ca-ae96-41a9-953f-e3c60311c10c@group-864FE7D10970-LeaderElection4] INFO  server.RaftServerConfigKeys (ConfUtils.java:logGet(46)) - raft.server.write.byte-limit = 1024 M (=1073741824) (custom)
2023-09-07 20:27:34,461 [22c736ca-ae96-41a9-953f-e3c60311c10c@group-864FE7D10970-LeaderElection4] INFO  server.RaftServerConfigKeys (ConfUtils.java:logGet(46)) - raft.server.watch.timeout = 180s (custom)
2023-09-07 20:27:34,461 [22c736ca-ae96-41a9-953f-e3c60311c10c@group-864FE7D10970-LeaderElection4] INFO  server.RaftServerConfigKeys (ConfUtils.java:logGet(46)) - raft.server.watch.timeout.denomination = 1s (default)
2023-09-07 20:27:34,461 [22c736ca-ae96-41a9-953f-e3c60311c10c@group-864FE7D10970-LeaderElection4] INFO  server.RaftServerConfigKeys (ConfUtils.java:logGet(46)) - raft.server.watch.element-limit = 65536 (default)
2023-09-07 20:27:34,461 [22c736ca-ae96-41a9-953f-e3c60311c10c@group-864FE7D10970-LeaderElection4] INFO  server.RaftServerConfigKeys (ConfUtils.java:logGet(46)) - raft.server.write.element-limit = 1024 (custom)
2023-09-07 20:27:34,461 [22c736ca-ae96-41a9-953f-e3c60311c10c@group-864FE7D10970-LeaderElection4] INFO  server.RaftServerConfigKeys (ConfUtils.java:logGet(46)) - raft.server.write.follower.gap.ratio.max = -1.0 (default)
2023-09-07 20:27:34,461 [22c736ca-ae96-41a9-953f-e3c60311c10c@group-864FE7D10970-LeaderElection4] INFO  impl.RoleInfo (RoleInfo.java:updateAndGet(139)) - 22c736ca-ae96-41a9-953f-e3c60311c10c: start 22c736ca-ae96-41a9-953f-e3c60311c10c@group-864FE7D10970-LeaderStateImpl
2023-09-07 20:27:34,462 [22c736ca-ae96-41a9-953f-e3c60311c10c@group-864FE7D10970-LeaderElection4] INFO  segmented.SegmentedRaftLogWorker (SegmentedRaftLogWorker.java:startLogSegment(447)) - 22c736ca-ae96-41a9-953f-e3c60311c10c@group-864FE7D10970-SegmentedRaftLogWorker: Starting segment from index:0
2023-09-07 20:27:34,467 [22c736ca-ae96-41a9-953f-e3c60311c10c@group-864FE7D10970-SegmentedRaftLogWorker] INFO  segmented.SegmentedRaftLogWorker (SegmentedRaftLogWorker.java:execute(651)) - 22c736ca-ae96-41a9-953f-e3c60311c10c@group-864FE7D10970-SegmentedRaftLogWorker: created new log segment /home/runner/work/ozone/ozone/hadoop-ozone/integration-test/target/test-dir/MiniOzoneClusterImpl-4ce661d8-ac2f-48de-9281-714c9e7643bd/datanode-1/data/ratis/d7b80bea-14db-4985-9de6-864fe7d10970/current/log_inprogress_0
2023-09-07 20:27:34,476 [22c736ca-ae96-41a9-953f-e3c60311c10c@group-864FE7D10970-LeaderElection4] INFO  server.RaftServer$Division (ServerState.java:setRaftConf(434)) - 22c736ca-ae96-41a9-953f-e3c60311c10c@group-864FE7D10970: set configuration 0: peers:[22c736ca-ae96-41a9-953f-e3c60311c10c|rpc:10.1.0.11:15023|admin:10.1.0.11:15022|client:10.1.0.11:15021|dataStream:10.1.0.11:15024|priority:1|startupRole:FOLLOWER]|listeners:[], old=null
2023-09-07 20:27:35,404 [d960e1ec-e2de-43a1-b7f8-937811771cc3@group-88721368E654-FollowerState] INFO  impl.FollowerState (FollowerState.java:run(143)) - d960e1ec-e2de-43a1-b7f8-937811771cc3@group-88721368E654-FollowerState: change to CANDIDATE, lastRpcElapsedTime:5202651361ns, electionTimeout:5173ms
2023-09-07 20:27:35,405 [d960e1ec-e2de-43a1-b7f8-937811771cc3@group-88721368E654-FollowerState] INFO  impl.RoleInfo (RoleInfo.java:shutdownFollowerState(110)) - d960e1ec-e2de-43a1-b7f8-937811771cc3: shutdown d960e1ec-e2de-43a1-b7f8-937811771cc3@group-88721368E654-FollowerState
2023-09-07 20:27:35,405 [d960e1ec-e2de-43a1-b7f8-937811771cc3@group-88721368E654-FollowerState] INFO  server.RaftServer$Division (RaftServerImpl.java:setRole(329)) - d960e1ec-e2de-43a1-b7f8-937811771cc3@group-88721368E654: changes role from  FOLLOWER to CANDIDATE at term 0 for changeToCandidate
2023-09-07 20:27:35,405 [5f055d78-845e-4650-aea7-51f979d0aed9@group-65E2763B01A6-FollowerState] INFO  impl.FollowerState (FollowerState.java:run(143)) - 5f055d78-845e-4650-aea7-51f979d0aed9@group-65E2763B01A6-FollowerState: change to CANDIDATE, lastRpcElapsedTime:5283210440ns, electionTimeout:5162ms
2023-09-07 20:27:35,406 [5f055d78-845e-4650-aea7-51f979d0aed9@group-65E2763B01A6-FollowerState] INFO  impl.RoleInfo (RoleInfo.java:shutdownFollowerState(110)) - 5f055d78-845e-4650-aea7-51f979d0aed9: shutdown 5f055d78-845e-4650-aea7-51f979d0aed9@group-65E2763B01A6-FollowerState
2023-09-07 20:27:35,406 [5f055d78-845e-4650-aea7-51f979d0aed9@group-65E2763B01A6-FollowerState] INFO  server.RaftServer$Division (RaftServerImpl.java:setRole(329)) - 5f055d78-845e-4650-aea7-51f979d0aed9@group-65E2763B01A6: changes role from  FOLLOWER to CANDIDATE at term 0 for changeToCandidate
2023-09-07 20:27:35,407 [d960e1ec-e2de-43a1-b7f8-937811771cc3@group-88721368E654-FollowerState] INFO  server.RaftServerConfigKeys (ConfUtils.java:logGet(46)) - raft.server.leaderelection.pre-vote = true (default)
2023-09-07 20:27:35,407 [d960e1ec-e2de-43a1-b7f8-937811771cc3@group-88721368E654-FollowerState] INFO  impl.RoleInfo (RoleInfo.java:updateAndGet(139)) - d960e1ec-e2de-43a1-b7f8-937811771cc3: start d960e1ec-e2de-43a1-b7f8-937811771cc3@group-88721368E654-LeaderElection5
2023-09-07 20:27:35,413 [4c0a5098-e377-4fbc-882f-38eb7693a6cf@group-88721368E654-FollowerState] INFO  impl.FollowerState (FollowerState.java:run(143)) - 4c0a5098-e377-4fbc-882f-38eb7693a6cf@group-88721368E654-FollowerState: change to CANDIDATE, lastRpcElapsedTime:5192898460ns, electionTimeout:5185ms
2023-09-07 20:27:35,413 [4c0a5098-e377-4fbc-882f-38eb7693a6cf@group-88721368E654-FollowerState] INFO  impl.RoleInfo (RoleInfo.java:shutdownFollowerState(110)) - 4c0a5098-e377-4fbc-882f-38eb7693a6cf: shutdown 4c0a5098-e377-4fbc-882f-38eb7693a6cf@group-88721368E654-FollowerState
2023-09-07 20:27:35,413 [4c0a5098-e377-4fbc-882f-38eb7693a6cf@group-88721368E654-FollowerState] INFO  server.RaftServer$Division (RaftServerImpl.java:setRole(329)) - 4c0a5098-e377-4fbc-882f-38eb7693a6cf@group-88721368E654: changes role from  FOLLOWER to CANDIDATE at term 0 for changeToCandidate
2023-09-07 20:27:35,417 [22c736ca-ae96-41a9-953f-e3c60311c10c@group-88721368E654-FollowerState] WARN  impl.FollowerState (FollowerState.java:run(130)) - Unexpected long sleep: sleep 5005ms but took extra 307705306ns (> threshold = 300ms)
2023-09-07 20:27:35,417 [22c736ca-ae96-41a9-953f-e3c60311c10c@group-88721368E654-FollowerState] INFO  server.RaftServerConfigKeys (ConfUtils.java:logFallback(53)) - raft.server.rpc.first-election.timeout.min = 5s (fallback to raft.server.rpc.timeout.min)
2023-09-07 20:27:35,417 [22c736ca-ae96-41a9-953f-e3c60311c10c@group-88721368E654-FollowerState] INFO  server.RaftServerConfigKeys (ConfUtils.java:logFallback(53)) - raft.server.rpc.first-election.timeout.max = 5200ms (fallback to raft.server.rpc.timeout.max)
2023-09-07 20:27:35,417 [JvmPauseMonitor5] WARN  util.JvmPauseMonitor (JvmPauseMonitor.java:detectPause(124)) - JvmPauseMonitor-5f055d78-845e-4650-aea7-51f979d0aed9: Detected pause in JVM or host machine approximately 0.313s with 0.398s GC time.
GC pool 'PS MarkSweep' had collection(s): count=1 time=289ms
GC pool 'PS Scavenge' had collection(s): count=1 time=109ms
2023-09-07 20:27:35,417 [JvmPauseMonitor4] WARN  util.JvmPauseMonitor (JvmPauseMonitor.java:detectPause(124)) - JvmPauseMonitor-d960e1ec-e2de-43a1-b7f8-937811771cc3: Detected pause in JVM or host machine approximately 0.287s with 0.398s GC time.
GC pool 'PS MarkSweep' had collection(s): count=1 time=289ms
GC pool 'PS Scavenge' had collection(s): count=1 time=109ms
2023-09-07 20:27:35,419 [JvmPauseMonitor6] WARN  util.JvmPauseMonitor (JvmPauseMonitor.java:detectPause(124)) - JvmPauseMonitor-4928b7b2-b158-4302-bddf-2efad1d6a915: Detected pause in JVM or host machine approximately 0.396s with 0.398s GC time.
GC pool 'PS MarkSweep' had collection(s): count=1 time=289ms
GC pool 'PS Scavenge' had collection(s): count=1 time=109ms
2023-09-07 20:27:35,421 [d960e1ec-e2de-43a1-b7f8-937811771cc3@group-9412DF98349B-FollowerState] WARN  impl.FollowerState (FollowerState.java:run(130)) - Unexpected long sleep: sleep 5022ms but took extra 415049339ns (> threshold = 300ms)
2023-09-07 20:27:35,422 [5f055d78-845e-4650-aea7-51f979d0aed9@group-65E2763B01A6-FollowerState] INFO  server.RaftServerConfigKeys (ConfUtils.java:logGet(46)) - raft.server.leaderelection.pre-vote = true (default)
2023-09-07 20:27:35,424 [5f055d78-845e-4650-aea7-51f979d0aed9@group-65E2763B01A6-FollowerState] INFO  impl.RoleInfo (RoleInfo.java:updateAndGet(139)) - 5f055d78-845e-4650-aea7-51f979d0aed9: start 5f055d78-845e-4650-aea7-51f979d0aed9@group-65E2763B01A6-LeaderElection6
2023-09-07 20:27:35,424 [d960e1ec-e2de-43a1-b7f8-937811771cc3@group-9412DF98349B-FollowerState] INFO  server.RaftServerConfigKeys (ConfUtils.java:logFallback(53)) - raft.server.rpc.first-election.timeout.min = 5s (fallback to raft.server.rpc.timeout.min)
2023-09-07 20:27:35,424 [d960e1ec-e2de-43a1-b7f8-937811771cc3@group-9412DF98349B-FollowerState] INFO  server.RaftServerConfigKeys (ConfUtils.java:logFallback(53)) - raft.server.rpc.first-election.timeout.max = 5200ms (fallback to raft.server.rpc.timeout.max)
2023-09-07 20:27:35,424 [d960e1ec-e2de-43a1-b7f8-937811771cc3@group-88721368E654-LeaderElection5] INFO  impl.LeaderElection (LeaderElection.java:askForVotes(321)) - d960e1ec-e2de-43a1-b7f8-937811771cc3@group-88721368E654-LeaderElection5 PRE_VOTE round 0: submit vote requests at term 0 for -1: peers:[22c736ca-ae96-41a9-953f-e3c60311c10c|rpc:10.1.0.11:15023|admin:10.1.0.11:15022|client:10.1.0.11:15021|dataStream:10.1.0.11:15024|priority:1|startupRole:FOLLOWER, d960e1ec-e2de-43a1-b7f8-937811771cc3|rpc:10.1.0.11:15032|admin:10.1.0.11:15031|client:10.1.0.11:15030|dataStream:10.1.0.11:15033|priority:0|startupRole:FOLLOWER, 4c0a5098-e377-4fbc-882f-38eb7693a6cf|rpc:10.1.0.11:15014|admin:10.1.0.11:15013|client:10.1.0.11:15012|dataStream:10.1.0.11:15015|priority:0|startupRole:FOLLOWER]|listeners:[], old=null
2023-09-07 20:27:35,424 [4c0a5098-e377-4fbc-882f-38eb7693a6cf@group-88721368E654-FollowerState] INFO  server.RaftServerConfigKeys (ConfUtils.java:logGet(46)) - raft.server.leaderelection.pre-vote = true (default)
2023-09-07 20:27:35,424 [4c0a5098-e377-4fbc-882f-38eb7693a6cf@group-88721368E654-FollowerState] INFO  impl.RoleInfo (RoleInfo.java:updateAndGet(139)) - 4c0a5098-e377-4fbc-882f-38eb7693a6cf: start 4c0a5098-e377-4fbc-882f-38eb7693a6cf@group-88721368E654-LeaderElection7
2023-09-07 20:27:35,428 [5f055d78-845e-4650-aea7-51f979d0aed9@group-65E2763B01A6-LeaderElection6] INFO  impl.LeaderElection (LeaderElection.java:askForVotes(321)) - 5f055d78-845e-4650-aea7-51f979d0aed9@group-65E2763B01A6-LeaderElection6 PRE_VOTE round 0: submit vote requests at term 0 for -1: peers:[5f055d78-845e-4650-aea7-51f979d0aed9|rpc:10.1.0.11:15041|admin:10.1.0.11:15040|client:10.1.0.11:15039|dataStream:10.1.0.11:15042|priority:1|startupRole:FOLLOWER]|listeners:[], old=null
2023-09-07 20:27:35,429 [d960e1ec-e2de-43a1-b7f8-937811771cc3@group-88721368E654-LeaderElection5-2] INFO  server.GrpcServerProtocolClient (GrpcServerProtocolClient.java:<init>(65)) - Build channel for 4c0a5098-e377-4fbc-882f-38eb7693a6cf
2023-09-07 20:27:35,428 [d960e1ec-e2de-43a1-b7f8-937811771cc3@group-88721368E654-LeaderElection5] INFO  server.RaftServerConfigKeys (ConfUtils.java:logFallback(53)) - raft.server.rpc.first-election.timeout.min = 5s (fallback to raft.server.rpc.timeout.min)
2023-09-07 20:27:35,428 [d960e1ec-e2de-43a1-b7f8-937811771cc3@group-88721368E654-LeaderElection5-1] INFO  server.GrpcServerProtocolClient (GrpcServerProtocolClient.java:<init>(65)) - Build channel for 22c736ca-ae96-41a9-953f-e3c60311c10c
2023-09-07 20:27:35,437 [d960e1ec-e2de-43a1-b7f8-937811771cc3@group-88721368E654-LeaderElection5] INFO  server.RaftServerConfigKeys (ConfUtils.java:logFallback(53)) - raft.server.rpc.first-election.timeout.max = 5200ms (fallback to raft.server.rpc.timeout.max)
2023-09-07 20:27:35,437 [5f055d78-845e-4650-aea7-51f979d0aed9@group-65E2763B01A6-LeaderElection6] INFO  impl.LeaderElection (LeaderElection.java:askForVotes(323)) - 5f055d78-845e-4650-aea7-51f979d0aed9@group-65E2763B01A6-LeaderElection6 PRE_VOTE round 0: result PASSED (term=0)
2023-09-07 20:27:35,445 [4c0a5098-e377-4fbc-882f-38eb7693a6cf@group-88721368E654-LeaderElection7] INFO  impl.LeaderElection (LeaderElection.java:askForVotes(321)) - 4c0a5098-e377-4fbc-882f-38eb7693a6cf@group-88721368E654-LeaderElection7 PRE_VOTE round 0: submit vote requests at term 0 for -1: peers:[22c736ca-ae96-41a9-953f-e3c60311c10c|rpc:10.1.0.11:15023|admin:10.1.0.11:15022|client:10.1.0.11:15021|dataStream:10.1.0.11:15024|priority:1|startupRole:FOLLOWER, d960e1ec-e2de-43a1-b7f8-937811771cc3|rpc:10.1.0.11:15032|admin:10.1.0.11:15031|client:10.1.0.11:15030|dataStream:10.1.0.11:15033|priority:0|startupRole:FOLLOWER, 4c0a5098-e377-4fbc-882f-38eb7693a6cf|rpc:10.1.0.11:15014|admin:10.1.0.11:15013|client:10.1.0.11:15012|dataStream:10.1.0.11:15015|priority:0|startupRole:FOLLOWER]|listeners:[], old=null
2023-09-07 20:27:35,445 [5f055d78-845e-4650-aea7-51f979d0aed9@group-65E2763B01A6-LeaderElection6] INFO  impl.LeaderElection (LeaderElection.java:askForVotes(321)) - 5f055d78-845e-4650-aea7-51f979d0aed9@group-65E2763B01A6-LeaderElection6 ELECTION round 0: submit vote requests at term 1 for -1: peers:[5f055d78-845e-4650-aea7-51f979d0aed9|rpc:10.1.0.11:15041|admin:10.1.0.11:15040|client:10.1.0.11:15039|dataStream:10.1.0.11:15042|priority:1|startupRole:FOLLOWER]|listeners:[], old=null
2023-09-07 20:27:35,454 [5f055d78-845e-4650-aea7-51f979d0aed9@group-65E2763B01A6-LeaderElection6] INFO  impl.LeaderElection (LeaderElection.java:askForVotes(323)) - 5f055d78-845e-4650-aea7-51f979d0aed9@group-65E2763B01A6-LeaderElection6 ELECTION round 0: result PASSED (term=1)
2023-09-07 20:27:35,454 [5f055d78-845e-4650-aea7-51f979d0aed9@group-65E2763B01A6-LeaderElection6] INFO  impl.RoleInfo (RoleInfo.java:shutdownLeaderElection(130)) - 5f055d78-845e-4650-aea7-51f979d0aed9: shutdown 5f055d78-845e-4650-aea7-51f979d0aed9@group-65E2763B01A6-LeaderElection6
2023-09-07 20:27:35,454 [5f055d78-845e-4650-aea7-51f979d0aed9@group-65E2763B01A6-LeaderElection6] INFO  server.RaftServer$Division (RaftServerImpl.java:setRole(329)) - 5f055d78-845e-4650-aea7-51f979d0aed9@group-65E2763B01A6: changes role from CANDIDATE to LEADER at term 1 for changeToLeader
2023-09-07 20:27:35,454 [5f055d78-845e-4650-aea7-51f979d0aed9@group-65E2763B01A6-LeaderElection6] INFO  ratis.XceiverServerRatis (XceiverServerRatis.java:handleLeaderChangedNotification(902)) - Leader change notification received for group: group-65E2763B01A6 with new leaderId: 5f055d78-845e-4650-aea7-51f979d0aed9
2023-09-07 20:27:35,472 [4c0a5098-e377-4fbc-882f-38eb7693a6cf@group-88721368E654-LeaderElection7] INFO  server.RaftServerConfigKeys (ConfUtils.java:logFallback(53)) - raft.server.rpc.first-election.timeout.min = 5s (fallback to raft.server.rpc.timeout.min)
2023-09-07 20:27:35,483 [4c0a5098-e377-4fbc-882f-38eb7693a6cf@group-88721368E654-LeaderElection7] INFO  server.RaftServerConfigKeys (ConfUtils.java:logFallback(53)) - raft.server.rpc.first-election.timeout.max = 5200ms (fallback to raft.server.rpc.timeout.max)
2023-09-07 20:27:35,482 [5f055d78-845e-4650-aea7-51f979d0aed9@group-65E2763B01A6-LeaderElection6] INFO  server.RaftServer$Division (ServerState.java:setLeader(317)) - 5f055d78-845e-4650-aea7-51f979d0aed9@group-65E2763B01A6: change Leader from null to 5f055d78-845e-4650-aea7-51f979d0aed9 at term 1 for becomeLeader, leader elected after 5422ms
2023-09-07 20:27:35,484 [5f055d78-845e-4650-aea7-51f979d0aed9@group-65E2763B01A6-LeaderElection6] INFO  server.RaftServerConfigKeys (ConfUtils.java:logGet(46)) - raft.server.staging.catchup.gap = 1000 (default)
2023-09-07 20:27:35,485 [5f055d78-845e-4650-aea7-51f979d0aed9@group-65E2763B01A6-LeaderElection6] INFO  server.RaftServerConfigKeys (ConfUtils.java:logGet(46)) - raft.server.write.element-limit = 1024 (custom)
2023-09-07 20:27:35,485 [5f055d78-845e-4650-aea7-51f979d0aed9@group-65E2763B01A6-LeaderElection6] INFO  server.RaftServerConfigKeys (ConfUtils.java:logGet(46)) - raft.server.write.byte-limit = 1024 M (=1073741824) (custom)
2023-09-07 20:27:35,485 [5f055d78-845e-4650-aea7-51f979d0aed9@group-65E2763B01A6-LeaderElection6] INFO  server.RaftServerConfigKeys (ConfUtils.java:logGet(46)) - raft.server.watch.timeout = 180s (custom)
2023-09-07 20:27:35,485 [5f055d78-845e-4650-aea7-51f979d0aed9@group-65E2763B01A6-LeaderElection6] INFO  server.RaftServerConfigKeys (ConfUtils.java:logGet(46)) - raft.server.watch.timeout.denomination = 1s (default)
2023-09-07 20:27:35,485 [5f055d78-845e-4650-aea7-51f979d0aed9@group-65E2763B01A6-LeaderElection6] INFO  server.RaftServerConfigKeys (ConfUtils.java:logGet(46)) - raft.server.watch.element-limit = 65536 (default)
2023-09-07 20:27:35,485 [5f055d78-845e-4650-aea7-51f979d0aed9@group-65E2763B01A6-LeaderElection6] INFO  server.RaftServerConfigKeys (ConfUtils.java:logGet(46)) - raft.server.write.element-limit = 1024 (custom)
2023-09-07 20:27:35,485 [5f055d78-845e-4650-aea7-51f979d0aed9@group-65E2763B01A6-LeaderElection6] INFO  server.RaftServerConfigKeys (ConfUtils.java:logGet(46)) - raft.server.write.follower.gap.ratio.max = -1.0 (default)
2023-09-07 20:27:35,485 [5f055d78-845e-4650-aea7-51f979d0aed9@group-65E2763B01A6-LeaderElection6] INFO  impl.RoleInfo (RoleInfo.java:updateAndGet(139)) - 5f055d78-845e-4650-aea7-51f979d0aed9: start 5f055d78-845e-4650-aea7-51f979d0aed9@group-65E2763B01A6-LeaderStateImpl
2023-09-07 20:27:35,486 [5f055d78-845e-4650-aea7-51f979d0aed9@group-65E2763B01A6-LeaderElection6] INFO  segmented.SegmentedRaftLogWorker (SegmentedRaftLogWorker.java:startLogSegment(447)) - 5f055d78-845e-4650-aea7-51f979d0aed9@group-65E2763B01A6-SegmentedRaftLogWorker: Starting segment from index:0
2023-09-07 20:27:35,489 [5f055d78-845e-4650-aea7-51f979d0aed9@group-65E2763B01A6-LeaderElection6] INFO  server.RaftServer$Division (ServerState.java:setRaftConf(434)) - 5f055d78-845e-4650-aea7-51f979d0aed9@group-65E2763B01A6: set configuration 0: peers:[5f055d78-845e-4650-aea7-51f979d0aed9|rpc:10.1.0.11:15041|admin:10.1.0.11:15040|client:10.1.0.11:15039|dataStream:10.1.0.11:15042|priority:1|startupRole:FOLLOWER]|listeners:[], old=null
2023-09-07 20:27:35,493 [grpc-default-executor-4] INFO  server.RaftServer$Division (RaftServerImpl.java:requestVote(1302)) - 22c736ca-ae96-41a9-953f-e3c60311c10c@group-88721368E654: receive requestVote(PRE_VOTE, 4c0a5098-e377-4fbc-882f-38eb7693a6cf, group-88721368E654, 0, (t:0, i:0))
2023-09-07 20:27:35,493 [grpc-default-executor-4] INFO  impl.VoteContext (VoteContext.java:log(49)) - 22c736ca-ae96-41a9-953f-e3c60311c10c@group-88721368E654-FOLLOWER: reject PRE_VOTE from 4c0a5098-e377-4fbc-882f-38eb7693a6cf: our priority 1 > candidate's priority 0
2023-09-07 20:27:35,494 [grpc-default-executor-4] INFO  server.RaftServer$Division (RaftServerImpl.java:requestVote(1335)) - 22c736ca-ae96-41a9-953f-e3c60311c10c@group-88721368E654 replies to PRE_VOTE vote request: 4c0a5098-e377-4fbc-882f-38eb7693a6cf<-22c736ca-ae96-41a9-953f-e3c60311c10c#0:FAIL-t0. Peer's state: 22c736ca-ae96-41a9-953f-e3c60311c10c@group-88721368E654:t0, leader=null, voted=, raftlog=Memoized:22c736ca-ae96-41a9-953f-e3c60311c10c@group-88721368E654-SegmentedRaftLog:OPENED:c-1, conf=-1: peers:[22c736ca-ae96-41a9-953f-e3c60311c10c|rpc:10.1.0.11:15023|admin:10.1.0.11:15022|client:10.1.0.11:15021|dataStream:10.1.0.11:15024|priority:1|startupRole:FOLLOWER, d960e1ec-e2de-43a1-b7f8-937811771cc3|rpc:10.1.0.11:15032|admin:10.1.0.11:15031|client:10.1.0.11:15030|dataStream:10.1.0.11:15033|priority:0|startupRole:FOLLOWER, 4c0a5098-e377-4fbc-882f-38eb7693a6cf|rpc:10.1.0.11:15014|admin:10.1.0.11:15013|client:10.1.0.11:15012|dataStream:10.1.0.11:15015|priority:0|startupRole:FOLLOWER]|listeners:[], old=null
2023-09-07 20:27:35,498 [5f055d78-845e-4650-aea7-51f979d0aed9@group-65E2763B01A6-SegmentedRaftLogWorker] INFO  segmented.SegmentedRaftLogWorker (SegmentedRaftLogWorker.java:execute(651)) - 5f055d78-845e-4650-aea7-51f979d0aed9@group-65E2763B01A6-SegmentedRaftLogWorker: created new log segment /home/runner/work/ozone/ozone/hadoop-ozone/integration-test/target/test-dir/MiniOzoneClusterImpl-4ce661d8-ac2f-48de-9281-714c9e7643bd/datanode-3/data/ratis/b5743d3b-1943-4975-9732-65e2763b01a6/current/log_inprogress_0
2023-09-07 20:27:35,504 [4c0a5098-e377-4fbc-882f-38eb7693a6cf@group-88721368E654-LeaderElection7] INFO  impl.LeaderElection (LeaderElection.java:logAndReturn(90)) - 4c0a5098-e377-4fbc-882f-38eb7693a6cf@group-88721368E654-LeaderElection7: PRE_VOTE REJECTED received 1 response(s) and 0 exception(s):
2023-09-07 20:27:35,506 [4c0a5098-e377-4fbc-882f-38eb7693a6cf@group-88721368E654-LeaderElection7] INFO  impl.LeaderElection (LeaderElection.java:logAndReturn(94)) -   Response 0: 4c0a5098-e377-4fbc-882f-38eb7693a6cf<-22c736ca-ae96-41a9-953f-e3c60311c10c#0:FAIL-t0
2023-09-07 20:27:35,506 [4c0a5098-e377-4fbc-882f-38eb7693a6cf@group-88721368E654-LeaderElection7] INFO  impl.LeaderElection (LeaderElection.java:askForVotes(323)) - 4c0a5098-e377-4fbc-882f-38eb7693a6cf@group-88721368E654-LeaderElection7 PRE_VOTE round 0: result REJECTED
2023-09-07 20:27:35,506 [4c0a5098-e377-4fbc-882f-38eb7693a6cf@group-88721368E654-LeaderElection7] INFO  server.RaftServer$Division (RaftServerImpl.java:setRole(329)) - 4c0a5098-e377-4fbc-882f-38eb7693a6cf@group-88721368E654: changes role from CANDIDATE to FOLLOWER at term 0 for REJECTED
2023-09-07 20:27:35,506 [4c0a5098-e377-4fbc-882f-38eb7693a6cf@group-88721368E654-LeaderElection7] INFO  impl.RoleInfo (RoleInfo.java:shutdownLeaderElection(130)) - 4c0a5098-e377-4fbc-882f-38eb7693a6cf: shutdown 4c0a5098-e377-4fbc-882f-38eb7693a6cf@group-88721368E654-LeaderElection7
2023-09-07 20:27:35,506 [4c0a5098-e377-4fbc-882f-38eb7693a6cf@group-88721368E654-LeaderElection7] INFO  impl.RoleInfo (RoleInfo.java:updateAndGet(139)) - 4c0a5098-e377-4fbc-882f-38eb7693a6cf: start 4c0a5098-e377-4fbc-882f-38eb7693a6cf@group-88721368E654-FollowerState
2023-09-07 20:27:35,508 [grpc-default-executor-1] INFO  server.RaftServer$Division (RaftServerImpl.java:requestVote(1302)) - 4c0a5098-e377-4fbc-882f-38eb7693a6cf@group-88721368E654: receive requestVote(PRE_VOTE, d960e1ec-e2de-43a1-b7f8-937811771cc3, group-88721368E654, 0, (t:0, i:0))
2023-09-07 20:27:35,509 [grpc-default-executor-1] INFO  impl.VoteContext (VoteContext.java:log(49)) - 4c0a5098-e377-4fbc-882f-38eb7693a6cf@group-88721368E654-FOLLOWER: accept PRE_VOTE from d960e1ec-e2de-43a1-b7f8-937811771cc3: our priority 0 <= candidate's priority 0
2023-09-07 20:27:35,509 [grpc-default-executor-1] INFO  server.RaftServer$Division (RaftServerImpl.java:requestVote(1335)) - 4c0a5098-e377-4fbc-882f-38eb7693a6cf@group-88721368E654 replies to PRE_VOTE vote request: d960e1ec-e2de-43a1-b7f8-937811771cc3<-4c0a5098-e377-4fbc-882f-38eb7693a6cf#0:OK-t0. Peer's state: 4c0a5098-e377-4fbc-882f-38eb7693a6cf@group-88721368E654:t0, leader=null, voted=, raftlog=Memoized:4c0a5098-e377-4fbc-882f-38eb7693a6cf@group-88721368E654-SegmentedRaftLog:OPENED:c-1, conf=-1: peers:[22c736ca-ae96-41a9-953f-e3c60311c10c|rpc:10.1.0.11:15023|admin:10.1.0.11:15022|client:10.1.0.11:15021|dataStream:10.1.0.11:15024|priority:1|startupRole:FOLLOWER, d960e1ec-e2de-43a1-b7f8-937811771cc3|rpc:10.1.0.11:15032|admin:10.1.0.11:15031|client:10.1.0.11:15030|dataStream:10.1.0.11:15033|priority:0|startupRole:FOLLOWER, 4c0a5098-e377-4fbc-882f-38eb7693a6cf|rpc:10.1.0.11:15014|admin:10.1.0.11:15013|client:10.1.0.11:15012|dataStream:10.1.0.11:15015|priority:0|startupRole:FOLLOWER]|listeners:[], old=null
2023-09-07 20:27:35,519 [grpc-default-executor-1] INFO  server.RaftServer$Division (RaftServerImpl.java:requestVote(1302)) - d960e1ec-e2de-43a1-b7f8-937811771cc3@group-88721368E654: receive requestVote(PRE_VOTE, 4c0a5098-e377-4fbc-882f-38eb7693a6cf, group-88721368E654, 0, (t:0, i:0))
2023-09-07 20:27:35,519 [grpc-default-executor-1] INFO  impl.VoteContext (VoteContext.java:log(49)) - d960e1ec-e2de-43a1-b7f8-937811771cc3@group-88721368E654-CANDIDATE: accept PRE_VOTE from 4c0a5098-e377-4fbc-882f-38eb7693a6cf: our priority 0 <= candidate's priority 0
2023-09-07 20:27:35,519 [grpc-default-executor-1] INFO  server.RaftServer$Division (RaftServerImpl.java:requestVote(1335)) - d960e1ec-e2de-43a1-b7f8-937811771cc3@group-88721368E654 replies to PRE_VOTE vote request: 4c0a5098-e377-4fbc-882f-38eb7693a6cf<-d960e1ec-e2de-43a1-b7f8-937811771cc3#0:OK-t0. Peer's state: d960e1ec-e2de-43a1-b7f8-937811771cc3@group-88721368E654:t0, leader=null, voted=, raftlog=Memoized:d960e1ec-e2de-43a1-b7f8-937811771cc3@group-88721368E654-SegmentedRaftLog:OPENED:c-1, conf=-1: peers:[22c736ca-ae96-41a9-953f-e3c60311c10c|rpc:10.1.0.11:15023|admin:10.1.0.11:15022|client:10.1.0.11:15021|dataStream:10.1.0.11:15024|priority:1|startupRole:FOLLOWER, d960e1ec-e2de-43a1-b7f8-937811771cc3|rpc:10.1.0.11:15032|admin:10.1.0.11:15031|client:10.1.0.11:15030|dataStream:10.1.0.11:15033|priority:0|startupRole:FOLLOWER, 4c0a5098-e377-4fbc-882f-38eb7693a6cf|rpc:10.1.0.11:15014|admin:10.1.0.11:15013|client:10.1.0.11:15012|dataStream:10.1.0.11:15015|priority:0|startupRole:FOLLOWER]|listeners:[], old=null
2023-09-07 20:27:35,523 [grpc-default-executor-4] INFO  server.RaftServer$Division (RaftServerImpl.java:requestVote(1302)) - 22c736ca-ae96-41a9-953f-e3c60311c10c@group-88721368E654: receive requestVote(PRE_VOTE, d960e1ec-e2de-43a1-b7f8-937811771cc3, group-88721368E654, 0, (t:0, i:0))
2023-09-07 20:27:35,524 [grpc-default-executor-4] INFO  impl.VoteContext (VoteContext.java:log(49)) - 22c736ca-ae96-41a9-953f-e3c60311c10c@group-88721368E654-FOLLOWER: reject PRE_VOTE from d960e1ec-e2de-43a1-b7f8-937811771cc3: our priority 1 > candidate's priority 0
2023-09-07 20:27:35,524 [grpc-default-executor-4] INFO  server.RaftServer$Division (RaftServerImpl.java:requestVote(1335)) - 22c736ca-ae96-41a9-953f-e3c60311c10c@group-88721368E654 replies to PRE_VOTE vote request: d960e1ec-e2de-43a1-b7f8-937811771cc3<-22c736ca-ae96-41a9-953f-e3c60311c10c#0:FAIL-t0. Peer's state: 22c736ca-ae96-41a9-953f-e3c60311c10c@group-88721368E654:t0, leader=null, voted=, raftlog=Memoized:22c736ca-ae96-41a9-953f-e3c60311c10c@group-88721368E654-SegmentedRaftLog:OPENED:c-1, conf=-1: peers:[22c736ca-ae96-41a9-953f-e3c60311c10c|rpc:10.1.0.11:15023|admin:10.1.0.11:15022|client:10.1.0.11:15021|dataStream:10.1.0.11:15024|priority:1|startupRole:FOLLOWER, d960e1ec-e2de-43a1-b7f8-937811771cc3|rpc:10.1.0.11:15032|admin:10.1.0.11:15031|client:10.1.0.11:15030|dataStream:10.1.0.11:15033|priority:0|startupRole:FOLLOWER, 4c0a5098-e377-4fbc-882f-38eb7693a6cf|rpc:10.1.0.11:15014|admin:10.1.0.11:15013|client:10.1.0.11:15012|dataStream:10.1.0.11:15015|priority:0|startupRole:FOLLOWER]|listeners:[], old=null
2023-09-07 20:27:35,529 [d960e1ec-e2de-43a1-b7f8-937811771cc3@group-88721368E654-LeaderElection5] INFO  impl.LeaderElection (LeaderElection.java:logAndReturn(90)) - d960e1ec-e2de-43a1-b7f8-937811771cc3@group-88721368E654-LeaderElection5: PRE_VOTE REJECTED received 2 response(s) and 0 exception(s):
2023-09-07 20:27:35,532 [d960e1ec-e2de-43a1-b7f8-937811771cc3@group-88721368E654-LeaderElection5] INFO  impl.LeaderElection (LeaderElection.java:logAndReturn(94)) -   Response 0: d960e1ec-e2de-43a1-b7f8-937811771cc3<-22c736ca-ae96-41a9-953f-e3c60311c10c#0:FAIL-t0
2023-09-07 20:27:35,532 [d960e1ec-e2de-43a1-b7f8-937811771cc3@group-88721368E654-LeaderElection5] INFO  impl.LeaderElection (LeaderElection.java:logAndReturn(94)) -   Response 1: d960e1ec-e2de-43a1-b7f8-937811771cc3<-4c0a5098-e377-4fbc-882f-38eb7693a6cf#0:OK-t0
2023-09-07 20:27:35,532 [d960e1ec-e2de-43a1-b7f8-937811771cc3@group-88721368E654-LeaderElection5] INFO  impl.LeaderElection (LeaderElection.java:askForVotes(323)) - d960e1ec-e2de-43a1-b7f8-937811771cc3@group-88721368E654-LeaderElection5 PRE_VOTE round 0: result REJECTED
2023-09-07 20:27:35,532 [d960e1ec-e2de-43a1-b7f8-937811771cc3@group-88721368E654-LeaderElection5] INFO  server.RaftServer$Division (RaftServerImpl.java:setRole(329)) - d960e1ec-e2de-43a1-b7f8-937811771cc3@group-88721368E654: changes role from CANDIDATE to FOLLOWER at term 0 for REJECTED
2023-09-07 20:27:35,532 [d960e1ec-e2de-43a1-b7f8-937811771cc3@group-88721368E654-LeaderElection5] INFO  impl.RoleInfo (RoleInfo.java:shutdownLeaderElection(130)) - d960e1ec-e2de-43a1-b7f8-937811771cc3: shutdown d960e1ec-e2de-43a1-b7f8-937811771cc3@group-88721368E654-LeaderElection5
2023-09-07 20:27:35,532 [d960e1ec-e2de-43a1-b7f8-937811771cc3@group-88721368E654-LeaderElection5] INFO  impl.RoleInfo (RoleInfo.java:updateAndGet(139)) - d960e1ec-e2de-43a1-b7f8-937811771cc3: start d960e1ec-e2de-43a1-b7f8-937811771cc3@group-88721368E654-FollowerState
2023-09-07 20:27:35,547 [4928b7b2-b158-4302-bddf-2efad1d6a915@group-C7AC0158FC8C-FollowerState] INFO  impl.FollowerState (FollowerState.java:run(143)) - 4928b7b2-b158-4302-bddf-2efad1d6a915@group-C7AC0158FC8C-FollowerState: change to CANDIDATE, lastRpcElapsedTime:5063293772ns, electionTimeout:5052ms
2023-09-07 20:27:35,547 [4928b7b2-b158-4302-bddf-2efad1d6a915@group-C7AC0158FC8C-FollowerState] INFO  impl.RoleInfo (RoleInfo.java:shutdownFollowerState(110)) - 4928b7b2-b158-4302-bddf-2efad1d6a915: shutdown 4928b7b2-b158-4302-bddf-2efad1d6a915@group-C7AC0158FC8C-FollowerState
2023-09-07 20:27:35,547 [4928b7b2-b158-4302-bddf-2efad1d6a915@group-C7AC0158FC8C-FollowerState] INFO  server.RaftServer$Division (RaftServerImpl.java:setRole(329)) - 4928b7b2-b158-4302-bddf-2efad1d6a915@group-C7AC0158FC8C: changes role from  FOLLOWER to CANDIDATE at term 0 for changeToCandidate
2023-09-07 20:27:35,547 [4928b7b2-b158-4302-bddf-2efad1d6a915@group-C7AC0158FC8C-FollowerState] INFO  server.RaftServerConfigKeys (ConfUtils.java:logGet(46)) - raft.server.leaderelection.pre-vote = true (default)
2023-09-07 20:27:35,547 [4928b7b2-b158-4302-bddf-2efad1d6a915@group-C7AC0158FC8C-FollowerState] INFO  impl.RoleInfo (RoleInfo.java:updateAndGet(139)) - 4928b7b2-b158-4302-bddf-2efad1d6a915: start 4928b7b2-b158-4302-bddf-2efad1d6a915@group-C7AC0158FC8C-LeaderElection8
2023-09-07 20:27:35,568 [4928b7b2-b158-4302-bddf-2efad1d6a915@group-C7AC0158FC8C-LeaderElection8] INFO  impl.LeaderElection (LeaderElection.java:askForVotes(321)) - 4928b7b2-b158-4302-bddf-2efad1d6a915@group-C7AC0158FC8C-LeaderElection8 PRE_VOTE round 0: submit vote requests at term 0 for -1: peers:[4928b7b2-b158-4302-bddf-2efad1d6a915|rpc:10.1.0.11:15050|admin:10.1.0.11:15049|client:10.1.0.11:15048|dataStream:10.1.0.11:15051|priority:1|startupRole:FOLLOWER]|listeners:[], old=null
2023-09-07 20:27:35,571 [4928b7b2-b158-4302-bddf-2efad1d6a915@group-C7AC0158FC8C-LeaderElection8] INFO  impl.LeaderElection (LeaderElection.java:askForVotes(323)) - 4928b7b2-b158-4302-bddf-2efad1d6a915@group-C7AC0158FC8C-LeaderElection8 PRE_VOTE round 0: result PASSED (term=0)
2023-09-07 20:27:35,580 [4928b7b2-b158-4302-bddf-2efad1d6a915@group-C7AC0158FC8C-LeaderElection8] INFO  impl.LeaderElection (LeaderElection.java:askForVotes(321)) - 4928b7b2-b158-4302-bddf-2efad1d6a915@group-C7AC0158FC8C-LeaderElection8 ELECTION round 0: submit vote requests at term 1 for -1: peers:[4928b7b2-b158-4302-bddf-2efad1d6a915|rpc:10.1.0.11:15050|admin:10.1.0.11:15049|client:10.1.0.11:15048|dataStream:10.1.0.11:15051|priority:1|startupRole:FOLLOWER]|listeners:[], old=null
2023-09-07 20:27:35,581 [4928b7b2-b158-4302-bddf-2efad1d6a915@group-C7AC0158FC8C-LeaderElection8] INFO  impl.LeaderElection (LeaderElection.java:askForVotes(323)) - 4928b7b2-b158-4302-bddf-2efad1d6a915@group-C7AC0158FC8C-LeaderElection8 ELECTION round 0: result PASSED (term=1)
2023-09-07 20:27:35,581 [4928b7b2-b158-4302-bddf-2efad1d6a915@group-C7AC0158FC8C-LeaderElection8] INFO  impl.RoleInfo (RoleInfo.java:shutdownLeaderElection(130)) - 4928b7b2-b158-4302-bddf-2efad1d6a915: shutdown 4928b7b2-b158-4302-bddf-2efad1d6a915@group-C7AC0158FC8C-LeaderElection8
2023-09-07 20:27:35,581 [4928b7b2-b158-4302-bddf-2efad1d6a915@group-C7AC0158FC8C-LeaderElection8] INFO  server.RaftServer$Division (RaftServerImpl.java:setRole(329)) - 4928b7b2-b158-4302-bddf-2efad1d6a915@group-C7AC0158FC8C: changes role from CANDIDATE to LEADER at term 1 for changeToLeader
2023-09-07 20:27:35,581 [4928b7b2-b158-4302-bddf-2efad1d6a915@group-C7AC0158FC8C-LeaderElection8] INFO  ratis.XceiverServerRatis (XceiverServerRatis.java:handleLeaderChangedNotification(902)) - Leader change notification received for group: group-C7AC0158FC8C with new leaderId: 4928b7b2-b158-4302-bddf-2efad1d6a915
2023-09-07 20:27:35,581 [4928b7b2-b158-4302-bddf-2efad1d6a915@group-C7AC0158FC8C-LeaderElection8] INFO  server.RaftServer$Division (ServerState.java:setLeader(317)) - 4928b7b2-b158-4302-bddf-2efad1d6a915@group-C7AC0158FC8C: change Leader from null to 4928b7b2-b158-4302-bddf-2efad1d6a915 at term 1 for becomeLeader, leader elected after 5136ms
2023-09-07 20:27:35,581 [4928b7b2-b158-4302-bddf-2efad1d6a915@group-C7AC0158FC8C-LeaderElection8] INFO  server.RaftServerConfigKeys (ConfUtils.java:logGet(46)) - raft.server.staging.catchup.gap = 1000 (default)
2023-09-07 20:27:35,582 [4928b7b2-b158-4302-bddf-2efad1d6a915@group-C7AC0158FC8C-LeaderElection8] INFO  server.RaftServerConfigKeys (ConfUtils.java:logGet(46)) - raft.server.write.element-limit = 1024 (custom)
2023-09-07 20:27:35,582 [4928b7b2-b158-4302-bddf-2efad1d6a915@group-C7AC0158FC8C-LeaderElection8] INFO  server.RaftServerConfigKeys (ConfUtils.java:logGet(46)) - raft.server.write.byte-limit = 1024 M (=1073741824) (custom)
2023-09-07 20:27:35,584 [4928b7b2-b158-4302-bddf-2efad1d6a915@group-C7AC0158FC8C-LeaderElection8] INFO  server.RaftServerConfigKeys (ConfUtils.java:logGet(46)) - raft.server.watch.timeout = 180s (custom)
2023-09-07 20:27:35,585 [4928b7b2-b158-4302-bddf-2efad1d6a915@group-C7AC0158FC8C-LeaderElection8] INFO  server.RaftServerConfigKeys (ConfUtils.java:logGet(46)) - raft.server.watch.timeout.denomination = 1s (default)
2023-09-07 20:27:35,585 [4928b7b2-b158-4302-bddf-2efad1d6a915@group-C7AC0158FC8C-LeaderElection8] INFO  server.RaftServerConfigKeys (ConfUtils.java:logGet(46)) - raft.server.watch.element-limit = 65536 (default)
2023-09-07 20:27:35,585 [4928b7b2-b158-4302-bddf-2efad1d6a915@group-C7AC0158FC8C-LeaderElection8] INFO  server.RaftServerConfigKeys (ConfUtils.java:logGet(46)) - raft.server.write.element-limit = 1024 (custom)
2023-09-07 20:27:35,587 [4928b7b2-b158-4302-bddf-2efad1d6a915@group-C7AC0158FC8C-LeaderElection8] INFO  server.RaftServerConfigKeys (ConfUtils.java:logGet(46)) - raft.server.write.follower.gap.ratio.max = -1.0 (default)
2023-09-07 20:27:35,587 [4928b7b2-b158-4302-bddf-2efad1d6a915@group-C7AC0158FC8C-LeaderElection8] INFO  impl.RoleInfo (RoleInfo.java:updateAndGet(139)) - 4928b7b2-b158-4302-bddf-2efad1d6a915: start 4928b7b2-b158-4302-bddf-2efad1d6a915@group-C7AC0158FC8C-LeaderStateImpl
2023-09-07 20:27:35,588 [4928b7b2-b158-4302-bddf-2efad1d6a915@group-C7AC0158FC8C-LeaderElection8] INFO  segmented.SegmentedRaftLogWorker (SegmentedRaftLogWorker.java:startLogSegment(447)) - 4928b7b2-b158-4302-bddf-2efad1d6a915@group-C7AC0158FC8C-SegmentedRaftLogWorker: Starting segment from index:0
2023-09-07 20:27:35,590 [4928b7b2-b158-4302-bddf-2efad1d6a915@group-C7AC0158FC8C-SegmentedRaftLogWorker] INFO  segmented.SegmentedRaftLogWorker (SegmentedRaftLogWorker.java:execute(651)) - 4928b7b2-b158-4302-bddf-2efad1d6a915@group-C7AC0158FC8C-SegmentedRaftLogWorker: created new log segment /home/runner/work/ozone/ozone/hadoop-ozone/integration-test/target/test-dir/MiniOzoneClusterImpl-4ce661d8-ac2f-48de-9281-714c9e7643bd/datanode-4/data/ratis/84234fea-cd31-4494-b386-c7ac0158fc8c/current/log_inprogress_0
2023-09-07 20:27:35,605 [4928b7b2-b158-4302-bddf-2efad1d6a915@group-C7AC0158FC8C-LeaderElection8] INFO  server.RaftServer$Division (ServerState.java:setRaftConf(434)) - 4928b7b2-b158-4302-bddf-2efad1d6a915@group-C7AC0158FC8C: set configuration 0: peers:[4928b7b2-b158-4302-bddf-2efad1d6a915|rpc:10.1.0.11:15050|admin:10.1.0.11:15049|client:10.1.0.11:15048|dataStream:10.1.0.11:15051|priority:1|startupRole:FOLLOWER]|listeners:[], old=null
2023-09-07 20:27:35,688 [main] INFO  rpc.RpcClient (RpcClient.java:createVolume(461)) - Creating Volume: volume63798, with user09553 as owner and space quota set to -1 bytes, counts quota set to -1
2023-09-07 20:27:35,759 [OM StateMachine ApplyTransaction Thread - 0] INFO  volume.OMVolumeCreateRequest (OMVolumeCreateRequest.java:validateAndUpdateCache(196)) - created volume:volume63798 for user:user09553
2023-09-07 20:27:35,794 [main] INFO  rpc.RpcClient (RpcClient.java:createBucket(688)) - Creating Bucket: volume63798/bucket90991, with bucket layout LEGACY, runner as owner, Versioning false, Storage Type set to DISK and Encryption set to false, Replication Type set to server-side default replication type, Namespace Quota set to -1, Space Quota set to -1 
2023-09-07 20:27:35,823 [OM StateMachine ApplyTransaction Thread - 0] INFO  bucket.OMBucketCreateRequest (OMBucketCreateRequest.java:validateAndUpdateCache(270)) - created bucket: bucket90991 of layout LEGACY in volume: volume63798
]]></system-out>
  </testcase>
  <testcase name="testGetTrashRoot" classname="TestOzoneFileSystem" time="19.171">
    <system-out><![CDATA[2023-09-07 20:29:15,756 [main] INFO  ozone.MiniOzoneClusterImpl (MiniOzoneClusterImpl.java:shutdown(443)) - Shutting down the Mini Ozone Cluster
2023-09-07 20:29:15,756 [main] INFO  ozone.MiniOzoneClusterImpl (MiniOzoneClusterImpl.java:stop(460)) - Stopping the Mini Ozone Cluster
2023-09-07 20:29:15,756 [main] INFO  ozone.MiniOzoneClusterImpl (MiniOzoneClusterImpl.java:stopOM(551)) - Stopping the OzoneManager
2023-09-07 20:29:15,756 [main] INFO  om.OzoneManager (OzoneManager.java:stop(2204)) - om1[localhost:15004]: Stopping Ozone Manager
2023-09-07 20:29:15,758 [main] INFO  ipc.Server (Server.java:stop(3523)) - Stopping server on 15004
2023-09-07 20:29:15,760 [IPC Server handler 0 on default port 15004] WARN  ipc.Server (Server.java:processResponse(1772)) - IPC Server handler 0 on default port 15004, call Call#59153 Retry#0 org.apache.hadoop.ozone.om.protocol.OzoneManagerProtocol.submitRequest from localhost:48724 / 127.0.0.1:48724: output error
2023-09-07 20:29:15,761 [IPC Server handler 0 on default port 15004] INFO  ipc.Server (Server.java:run(3061)) - IPC Server handler 0 on default port 15004 caught an exception
java.nio.channels.ClosedByInterruptException
	at java.nio.channels.spi.AbstractInterruptibleChannel.end(AbstractInterruptibleChannel.java:202)
	at sun.nio.ch.SocketChannelImpl.write(SocketChannelImpl.java:477)
	at org.apache.hadoop.ipc.Server.channelWrite(Server.java:3743)
	at org.apache.hadoop.ipc.Server.access$1800(Server.java:148)
	at org.apache.hadoop.ipc.Server$Responder.processResponse(Server.java:1722)
	at org.apache.hadoop.ipc.Server$Responder.doRespond(Server.java:1792)
	at org.apache.hadoop.ipc.Server$Connection.sendResponse(Server.java:2919)
	at org.apache.hadoop.ipc.Server$Connection.access$400(Server.java:1864)
	at org.apache.hadoop.ipc.Server$RpcCall.doResponse(Server.java:1176)
	at org.apache.hadoop.ipc.Server$Call.doResponse(Server.java:954)
	at org.apache.hadoop.ipc.Server$Call.sendResponse(Server.java:940)
	at org.apache.hadoop.ipc.Server$RpcCall.run(Server.java:1111)
	at org.apache.hadoop.ipc.Server$RpcCall.run(Server.java:1017)
	at java.security.AccessController.doPrivileged(Native Method)
	at javax.security.auth.Subject.doAs(Subject.java:422)
	at org.apache.hadoop.security.UserGroupInformation.doAs(UserGroupInformation.java:1899)
	at org.apache.hadoop.ipc.Server$Handler.run(Server.java:3048)
2023-09-07 20:29:15,776 [IPC Server listener on 15004] INFO  ipc.Server (Server.java:run(1434)) - Stopping IPC Server listener on 15004
2023-09-07 20:29:15,777 [IPC Server Responder] INFO  ipc.Server (Server.java:run(1567)) - Stopping IPC Server Responder
2023-09-07 20:29:15,779 [main] INFO  server.RaftServer (RaftServerProxy.java:lambda$close$6(416)) - om1: close
2023-09-07 20:29:15,783 [main] INFO  server.GrpcService (GrpcService.java:closeImpl(311)) - om1: shutdown server GrpcServerProtocolService now
2023-09-07 20:29:15,793 [main] INFO  server.GrpcService (GrpcService.java:closeImpl(320)) - om1: shutdown server GrpcServerProtocolService successfully
2023-09-07 20:29:15,795 [om1-impl-thread2] INFO  server.RaftServer$Division (RaftServerImpl.java:lambda$close$4(466)) - om1@group-C5BA1605619E: shutdown
2023-09-07 20:29:15,796 [om1-impl-thread2] INFO  util.JmxRegister (JmxRegister.java:unregister(73)) - Successfully un-registered JMX Bean with object name Ratis:service=RaftServer,group=group-C5BA1605619E,id=om1
2023-09-07 20:29:15,796 [om1-impl-thread2] INFO  impl.RoleInfo (RoleInfo.java:shutdownLeaderState(93)) - om1: shutdown om1@group-C5BA1605619E-LeaderStateImpl
2023-09-07 20:29:15,796 [om1-impl-thread2] INFO  impl.PendingRequests (PendingRequests.java:sendNotLeaderResponses(289)) - om1@group-C5BA1605619E-PendingRequests: sendNotLeaderResponses
2023-09-07 20:29:15,811 [om1@group-C5BA1605619E-StateMachineUpdater] INFO  ratis.OzoneManagerStateMachine (OzoneManagerStateMachine.java:takeSnapshot(480)) - Current Snapshot Index (t:1, i:37012)
2023-09-07 20:29:15,815 [om1-impl-thread2] INFO  impl.StateMachineUpdater (StateMachineUpdater.java:stopAndJoin(155)) - om1@group-C5BA1605619E-StateMachineUpdater: set stopIndex = 37012
2023-09-07 20:29:15,864 [om1@group-C5BA1605619E-StateMachineUpdater] INFO  impl.StateMachineUpdater (StateMachineUpdater.java:takeSnapshot(291)) - om1@group-C5BA1605619E-StateMachineUpdater: Took a snapshot at index 37012
2023-09-07 20:29:15,866 [om1@group-C5BA1605619E-StateMachineUpdater] INFO  impl.StateMachineUpdater (StateMachineUpdater.java:lambda$new$0(97)) - om1@group-C5BA1605619E-StateMachineUpdater: snapshotIndex: updateIncreasingly -1 -> 37012
2023-09-07 20:29:15,866 [om1@group-C5BA1605619E-StateMachineUpdater] INFO  ratis.OzoneManagerStateMachine (OzoneManagerStateMachine.java:close(534)) - StateMachine has shutdown. Shutdown OzoneManager if not already shutdown.
2023-09-07 20:29:15,866 [om1@group-C5BA1605619E-StateMachineUpdater] INFO  ratis.OzoneManagerDoubleBuffer (OzoneManagerDoubleBuffer.java:stopDaemon(551)) - Stopping OMDoubleBuffer flush thread
2023-09-07 20:29:15,867 [OMDoubleBufferFlushThread] INFO  ratis.OzoneManagerDoubleBuffer (OzoneManagerDoubleBuffer.java:canFlush(638)) - OMDoubleBuffer flush thread OMDoubleBufferFlushThread is interrupted and will exit.
2023-09-07 20:29:15,869 [om1-impl-thread2] INFO  server.RaftServer$Division (ServerState.java:close(472)) - om1@group-C5BA1605619E: closes. applyIndex: 37012
2023-09-07 20:29:16,744 [om1-impl-thread2] INFO  segmented.SegmentedRaftLogWorker (SegmentedRaftLogWorker.java:close(252)) - om1@group-C5BA1605619E-SegmentedRaftLogWorker close()
2023-09-07 20:29:16,746 [JvmPauseMonitor1] INFO  util.JvmPauseMonitor (JvmPauseMonitor.java:run(109)) - JvmPauseMonitor-om1: Stopped
2023-09-07 20:29:16,747 [main] INFO  ratis.OzoneManagerStateMachine (OzoneManagerStateMachine.java:close(534)) - StateMachine has shutdown. Shutdown OzoneManager if not already shutdown.
2023-09-07 20:29:16,747 [main] INFO  ratis.OzoneManagerDoubleBuffer (OzoneManagerDoubleBuffer.java:stopDaemon(560)) - OMDoubleBuffer flush thread is not running.
2023-09-07 20:29:16,748 [main] INFO  utils.BackgroundService (BackgroundService.java:shutdown(141)) - Shutting down service KeyDeletingService
2023-09-07 20:29:16,749 [main] INFO  utils.BackgroundService (BackgroundService.java:shutdown(141)) - Shutting down service KeyDeletingService
2023-09-07 20:29:16,749 [main] INFO  utils.BackgroundService (BackgroundService.java:shutdown(141)) - Shutting down service OpenKeyCleanupService
2023-09-07 20:29:16,749 [main] INFO  utils.BackgroundService (BackgroundService.java:shutdown(141)) - Shutting down service SstFilteringService
2023-09-07 20:29:16,750 [main] INFO  utils.BackgroundService (BackgroundService.java:shutdown(141)) - Shutting down service SnapshotDeletingService
2023-09-07 20:29:16,752 [main] INFO  handler.ContextHandler (ContextHandler.java:doStop(1159)) - Stopped o.e.j.w.WebAppContext@3b4e21d5{ozoneManager,/,null,STOPPED}{file:/home/runner/work/ozone/ozone/hadoop-ozone/integration-test/target/test-classes/webapps/ozoneManager}
2023-09-07 20:29:16,756 [main] INFO  server.AbstractConnector (AbstractConnector.java:doStop(383)) - Stopped ServerConnector@6b4b8163{HTTP/1.1, (http/1.1)}{0.0.0.0:15005}
2023-09-07 20:29:16,756 [main] INFO  server.session (HouseKeeper.java:stopScavenging(149)) - node0 Stopped scavenging
2023-09-07 20:29:16,757 [main] INFO  handler.ContextHandler (ContextHandler.java:doStop(1159)) - Stopped o.e.j.s.ServletContextHandler@26339ea0{static,/static,file:///home/runner/work/ozone/ozone/hadoop-ozone/integration-test/target/test-classes/webapps/static,STOPPED}
2023-09-07 20:29:16,757 [main] INFO  handler.ContextHandler (ContextHandler.java:doStop(1159)) - Stopped o.e.j.s.ServletContextHandler@2412347c{logs,/logs,file:///home/runner/work/ozone/ozone/hadoop-ozone/integration-test/target/log,STOPPED}
2023-09-07 20:29:16,760 [main] INFO  rocksdiff.RocksDBCheckpointDiffer (RocksDBCheckpointDiffer.java:close(343)) - Shutting down CompactionDagPruningService.
2023-09-07 20:29:16,762 [Trash Emptier] ERROR om.TrashPolicyOzone (TrashPolicyOzone.java:run(350)) - Error attempting to shutdown
java.lang.InterruptedException
	at java.util.concurrent.locks.AbstractQueuedSynchronizer$ConditionObject.awaitNanos(AbstractQueuedSynchronizer.java:2067)
	at java.util.concurrent.ThreadPoolExecutor.awaitTermination(ThreadPoolExecutor.java:1475)
	at org.apache.hadoop.ozone.om.TrashPolicyOzone$Emptier.run(TrashPolicyOzone.java:348)
	at java.lang.Thread.run(Thread.java:750)
2023-09-07 20:29:16,775 [main] INFO  snapshot.SnapshotDiffManager (SnapshotDiffManager.java:closeExecutorService(1706)) - Shutting down executorService: 'SnapDiffExecutor'
2023-09-07 20:29:16,777 [main] INFO  snapshot.SnapshotDiffManager (SnapshotDiffManager.java:closeExecutorService(1706)) - Shutting down executorService: 'SstDumpToolExecutor'
2023-09-07 20:29:16,777 [main] INFO  utils.BackgroundService (BackgroundService.java:shutdown(141)) - Shutting down service SnapshotDiffCleanupService
2023-09-07 20:29:16,781 [main] INFO  ozone.MiniOzoneClusterImpl (MiniOzoneClusterImpl.java:stopDatanodes(528)) - Stopping the HddsDatanodes
2023-09-07 20:29:16,794 [ForkJoinPool.commonPool-worker-0] INFO  ozoneimpl.OzoneContainer (OzoneContainer.java:stop(451)) - Attempting to stop container services.
2023-09-07 20:29:16,797 [ForkJoinPool.commonPool-worker-0] INFO  server.RaftServer (RaftServerProxy.java:lambda$close$6(416)) - 22c736ca-ae96-41a9-953f-e3c60311c10c: close
2023-09-07 20:29:16,797 [22c736ca-ae96-41a9-953f-e3c60311c10c-impl-thread2] INFO  server.RaftServer$Division (RaftServerImpl.java:lambda$close$4(466)) - 22c736ca-ae96-41a9-953f-e3c60311c10c@group-864FE7D10970: shutdown
2023-09-07 20:29:16,798 [22c736ca-ae96-41a9-953f-e3c60311c10c-impl-thread2] INFO  util.JmxRegister (JmxRegister.java:unregister(73)) - Successfully un-registered JMX Bean with object name Ratis:service=RaftServer,group=group-864FE7D10970,id=22c736ca-ae96-41a9-953f-e3c60311c10c
2023-09-07 20:29:16,798 [22c736ca-ae96-41a9-953f-e3c60311c10c-impl-thread2] INFO  impl.RoleInfo (RoleInfo.java:shutdownLeaderState(93)) - 22c736ca-ae96-41a9-953f-e3c60311c10c: shutdown 22c736ca-ae96-41a9-953f-e3c60311c10c@group-864FE7D10970-LeaderStateImpl
2023-09-07 20:29:16,798 [22c736ca-ae96-41a9-953f-e3c60311c10c-impl-thread3] INFO  server.RaftServer$Division (RaftServerImpl.java:lambda$close$4(466)) - 22c736ca-ae96-41a9-953f-e3c60311c10c@group-88721368E654: shutdown
2023-09-07 20:29:16,798 [22c736ca-ae96-41a9-953f-e3c60311c10c-impl-thread3] INFO  util.JmxRegister (JmxRegister.java:unregister(73)) - Successfully un-registered JMX Bean with object name Ratis:service=RaftServer,group=group-88721368E654,id=22c736ca-ae96-41a9-953f-e3c60311c10c
2023-09-07 20:29:16,798 [22c736ca-ae96-41a9-953f-e3c60311c10c-impl-thread3] INFO  impl.RoleInfo (RoleInfo.java:shutdownLeaderState(93)) - 22c736ca-ae96-41a9-953f-e3c60311c10c: shutdown 22c736ca-ae96-41a9-953f-e3c60311c10c@group-88721368E654-LeaderStateImpl
2023-09-07 20:29:16,798 [ForkJoinPool.commonPool-worker-0] INFO  server.GrpcService (GrpcService.java:closeImpl(311)) - 22c736ca-ae96-41a9-953f-e3c60311c10c: shutdown server org.apache.ratis.grpc.server.GrpcClientProtocolService now
2023-09-07 20:29:16,798 [22c736ca-ae96-41a9-953f-e3c60311c10c-impl-thread2] INFO  impl.PendingRequests (PendingRequests.java:sendNotLeaderResponses(289)) - 22c736ca-ae96-41a9-953f-e3c60311c10c@group-864FE7D10970-PendingRequests: sendNotLeaderResponses
2023-09-07 20:29:16,800 [22c736ca-ae96-41a9-953f-e3c60311c10c-impl-thread2] INFO  impl.StateMachineUpdater (StateMachineUpdater.java:stopAndJoin(155)) - 22c736ca-ae96-41a9-953f-e3c60311c10c@group-864FE7D10970-StateMachineUpdater: set stopIndex = 0
2023-09-07 20:29:16,801 [main] INFO  ozoneimpl.OzoneContainer (OzoneContainer.java:stop(451)) - Attempting to stop container services.
2023-09-07 20:29:16,801 [22c736ca-ae96-41a9-953f-e3c60311c10c@group-864FE7D10970-StateMachineUpdater] INFO  ratis.ContainerStateMachine (ContainerStateMachine.java:takeSnapshot(330)) - group-864FE7D10970: Taking a snapshot at:(t:1, i:0) file /home/runner/work/ozone/ozone/hadoop-ozone/integration-test/target/test-dir/MiniOzoneClusterImpl-4ce661d8-ac2f-48de-9281-714c9e7643bd/datanode-1/data/ratis/d7b80bea-14db-4985-9de6-864fe7d10970/sm/snapshot.1_0
2023-09-07 20:29:16,807 [22c736ca-ae96-41a9-953f-e3c60311c10c-impl-thread4] INFO  server.RaftServer$Division (RaftServerImpl.java:lambda$close$4(466)) - 22c736ca-ae96-41a9-953f-e3c60311c10c@group-3437F87ABA2C: shutdown
2023-09-07 20:29:16,807 [22c736ca-ae96-41a9-953f-e3c60311c10c-impl-thread4] INFO  util.JmxRegister (JmxRegister.java:unregister(73)) - Successfully un-registered JMX Bean with object name Ratis:service=RaftServer,group=group-3437F87ABA2C,id=22c736ca-ae96-41a9-953f-e3c60311c10c
2023-09-07 20:29:16,808 [22c736ca-ae96-41a9-953f-e3c60311c10c-impl-thread4] INFO  impl.RoleInfo (RoleInfo.java:shutdownFollowerState(110)) - 22c736ca-ae96-41a9-953f-e3c60311c10c: shutdown 22c736ca-ae96-41a9-953f-e3c60311c10c@group-3437F87ABA2C-FollowerState
2023-09-07 20:29:16,823 [22c736ca-ae96-41a9-953f-e3c60311c10c-impl-thread3] INFO  impl.PendingRequests (PendingRequests.java:sendNotLeaderResponses(289)) - 22c736ca-ae96-41a9-953f-e3c60311c10c@group-88721368E654-PendingRequests: sendNotLeaderResponses
2023-09-07 20:29:16,823 [22c736ca-ae96-41a9-953f-e3c60311c10c-impl-thread3] INFO  impl.StateMachineUpdater (StateMachineUpdater.java:stopAndJoin(155)) - 22c736ca-ae96-41a9-953f-e3c60311c10c@group-88721368E654-StateMachineUpdater: set stopIndex = 0
2023-09-07 20:29:16,824 [22c736ca-ae96-41a9-953f-e3c60311c10c@group-88721368E654->d960e1ec-e2de-43a1-b7f8-937811771cc3-GrpcLogAppender-LogAppenderDaemon] WARN  server.GrpcLogAppender (GrpcLogAppender.java:mayWait(199)) - 22c736ca-ae96-41a9-953f-e3c60311c10c@group-88721368E654->d960e1ec-e2de-43a1-b7f8-937811771cc3-GrpcLogAppender: Wait interrupted by java.lang.InterruptedException
2023-09-07 20:29:16,824 [22c736ca-ae96-41a9-953f-e3c60311c10c@group-88721368E654-StateMachineUpdater] INFO  ratis.ContainerStateMachine (ContainerStateMachine.java:takeSnapshot(330)) - group-88721368E654: Taking a snapshot at:(t:1, i:0) file /home/runner/work/ozone/ozone/hadoop-ozone/integration-test/target/test-dir/MiniOzoneClusterImpl-4ce661d8-ac2f-48de-9281-714c9e7643bd/datanode-1/data/ratis/629ce196-bdb8-4d17-9b5f-88721368e654/sm/snapshot.1_0
2023-09-07 20:29:16,828 [22c736ca-ae96-41a9-953f-e3c60311c10c-impl-thread4] INFO  impl.StateMachineUpdater (StateMachineUpdater.java:stopAndJoin(155)) - 22c736ca-ae96-41a9-953f-e3c60311c10c@group-3437F87ABA2C-StateMachineUpdater: set stopIndex = 28
2023-09-07 20:29:16,828 [22c736ca-ae96-41a9-953f-e3c60311c10c@group-3437F87ABA2C-FollowerState] INFO  impl.FollowerState (FollowerState.java:run(152)) - 22c736ca-ae96-41a9-953f-e3c60311c10c@group-3437F87ABA2C-FollowerState was interrupted
2023-09-07 20:29:16,831 [22c736ca-ae96-41a9-953f-e3c60311c10c@group-3437F87ABA2C-StateMachineUpdater] INFO  ratis.ContainerStateMachine (ContainerStateMachine.java:takeSnapshot(330)) - group-3437F87ABA2C: Taking a snapshot at:(t:1, i:28) file /home/runner/work/ozone/ozone/hadoop-ozone/integration-test/target/test-dir/MiniOzoneClusterImpl-4ce661d8-ac2f-48de-9281-714c9e7643bd/datanode-1/data/ratis/613597bd-0b08-4926-9cc2-3437f87aba2c/sm/snapshot.1_28
2023-09-07 20:29:16,831 [Thread-517] INFO  server.GrpcServerProtocolClient (GrpcServerProtocolClient.java:close(103)) - d960e1ec-e2de-43a1-b7f8-937811771cc3 Close channels
2023-09-07 20:29:16,832 [main] INFO  server.RaftServer (RaftServerProxy.java:lambda$close$6(416)) - d960e1ec-e2de-43a1-b7f8-937811771cc3: close
2023-09-07 20:29:16,833 [grpc-default-executor-5] INFO  server.GrpcServerProtocolService (GrpcServerProtocolService.java:onCompleted(155)) - d960e1ec-e2de-43a1-b7f8-937811771cc3: Completed APPEND_ENTRIES, lastRequest: 22c736ca-ae96-41a9-953f-e3c60311c10c->d960e1ec-e2de-43a1-b7f8-937811771cc3#1-t1,previous=(t:0, i:0),leaderCommit=-1,initializing? true,entries: size=1, first=(t:1, i:0), CONFIGURATIONENTRY(current:id: "22c736ca-ae96-41a9-953f-e3c60311c10c"
address: "10.1.0.11:15023"
priority: 1
dataStreamAddress: "10.1.0.11:15024"
clientAddress: "10.1.0.11:15021"
adminAddress: "10.1.0.11:15022"
startupRole: FOLLOWER
,id: "d960e1ec-e2de-43a1-b7f8-937811771cc3"
address: "10.1.0.11:15032"
dataStreamAddress: "10.1.0.11:15033"
clientAddress: "10.1.0.11:15030"
adminAddress: "10.1.0.11:15031"
startupRole: FOLLOWER
,id: "4c0a5098-e377-4fbc-882f-38eb7693a6cf"
address: "10.1.0.11:15014"
dataStreamAddress: "10.1.0.11:15015"
clientAddress: "10.1.0.11:15012"
adminAddress: "10.1.0.11:15013"
startupRole: FOLLOWER
, old:)
2023-09-07 20:29:16,833 [grpc-default-executor-5] INFO  server.GrpcServerProtocolService (GrpcServerProtocolService.java:lambda$onCompleted$5(157)) - d960e1ec-e2de-43a1-b7f8-937811771cc3: Completed APPEND_ENTRIES, lastReply: null
2023-09-07 20:29:16,834 [Thread-518] INFO  server.GrpcServerProtocolClient (GrpcServerProtocolClient.java:close(103)) - 4c0a5098-e377-4fbc-882f-38eb7693a6cf Close channels
2023-09-07 20:29:16,836 [d960e1ec-e2de-43a1-b7f8-937811771cc3-impl-thread2] INFO  server.RaftServer$Division (RaftServerImpl.java:lambda$close$4(466)) - d960e1ec-e2de-43a1-b7f8-937811771cc3@group-88721368E654: shutdown
2023-09-07 20:29:16,836 [d960e1ec-e2de-43a1-b7f8-937811771cc3-impl-thread2] INFO  util.JmxRegister (JmxRegister.java:unregister(73)) - Successfully un-registered JMX Bean with object name Ratis:service=RaftServer,group=group-88721368E654,id=d960e1ec-e2de-43a1-b7f8-937811771cc3
2023-09-07 20:29:16,836 [d960e1ec-e2de-43a1-b7f8-937811771cc3-impl-thread2] INFO  impl.RoleInfo (RoleInfo.java:shutdownFollowerState(110)) - d960e1ec-e2de-43a1-b7f8-937811771cc3: shutdown d960e1ec-e2de-43a1-b7f8-937811771cc3@group-88721368E654-FollowerState
2023-09-07 20:29:16,843 [main] INFO  server.GrpcService (GrpcService.java:closeImpl(311)) - d960e1ec-e2de-43a1-b7f8-937811771cc3: shutdown server org.apache.ratis.grpc.server.GrpcClientProtocolService now
2023-09-07 20:29:16,844 [d960e1ec-e2de-43a1-b7f8-937811771cc3-impl-thread4] INFO  server.RaftServer$Division (RaftServerImpl.java:lambda$close$4(466)) - d960e1ec-e2de-43a1-b7f8-937811771cc3@group-9412DF98349B: shutdown
2023-09-07 20:29:16,844 [d960e1ec-e2de-43a1-b7f8-937811771cc3-impl-thread3] INFO  server.RaftServer$Division (RaftServerImpl.java:lambda$close$4(466)) - d960e1ec-e2de-43a1-b7f8-937811771cc3@group-3437F87ABA2C: shutdown
2023-09-07 20:29:16,844 [d960e1ec-e2de-43a1-b7f8-937811771cc3-impl-thread3] INFO  util.JmxRegister (JmxRegister.java:unregister(73)) - Successfully un-registered JMX Bean with object name Ratis:service=RaftServer,group=group-3437F87ABA2C,id=d960e1ec-e2de-43a1-b7f8-937811771cc3
2023-09-07 20:29:16,844 [d960e1ec-e2de-43a1-b7f8-937811771cc3-impl-thread4] INFO  util.JmxRegister (JmxRegister.java:unregister(73)) - Successfully un-registered JMX Bean with object name Ratis:service=RaftServer,group=group-9412DF98349B,id=d960e1ec-e2de-43a1-b7f8-937811771cc3
2023-09-07 20:29:16,844 [d960e1ec-e2de-43a1-b7f8-937811771cc3-impl-thread4] INFO  impl.RoleInfo (RoleInfo.java:shutdownLeaderState(93)) - d960e1ec-e2de-43a1-b7f8-937811771cc3: shutdown d960e1ec-e2de-43a1-b7f8-937811771cc3@group-9412DF98349B-LeaderStateImpl
2023-09-07 20:29:16,844 [d960e1ec-e2de-43a1-b7f8-937811771cc3-impl-thread4] INFO  impl.PendingRequests (PendingRequests.java:sendNotLeaderResponses(289)) - d960e1ec-e2de-43a1-b7f8-937811771cc3@group-9412DF98349B-PendingRequests: sendNotLeaderResponses
2023-09-07 20:29:16,844 [d960e1ec-e2de-43a1-b7f8-937811771cc3-impl-thread3] INFO  impl.RoleInfo (RoleInfo.java:shutdownFollowerState(110)) - d960e1ec-e2de-43a1-b7f8-937811771cc3: shutdown d960e1ec-e2de-43a1-b7f8-937811771cc3@group-3437F87ABA2C-FollowerState
2023-09-07 20:29:16,855 [d960e1ec-e2de-43a1-b7f8-937811771cc3@group-9412DF98349B-StateMachineUpdater] INFO  ratis.ContainerStateMachine (ContainerStateMachine.java:takeSnapshot(330)) - group-9412DF98349B: Taking a snapshot at:(t:1, i:0) file /home/runner/work/ozone/ozone/hadoop-ozone/integration-test/target/test-dir/MiniOzoneClusterImpl-4ce661d8-ac2f-48de-9281-714c9e7643bd/datanode-2/data/ratis/f6cf3f63-126f-4108-a2d1-9412df98349b/sm/snapshot.1_0
2023-09-07 20:29:16,856 [d960e1ec-e2de-43a1-b7f8-937811771cc3-impl-thread4] INFO  impl.StateMachineUpdater (StateMachineUpdater.java:stopAndJoin(155)) - d960e1ec-e2de-43a1-b7f8-937811771cc3@group-9412DF98349B-StateMachineUpdater: set stopIndex = 0
2023-09-07 20:29:16,858 [22c736ca-ae96-41a9-953f-e3c60311c10c@group-88721368E654-StateMachineUpdater] INFO  ratis.ContainerStateMachine (ContainerStateMachine.java:takeSnapshot(341)) - group-88721368E654: Finished taking a snapshot at:(t:1, i:0) file:/home/runner/work/ozone/ozone/hadoop-ozone/integration-test/target/test-dir/MiniOzoneClusterImpl-4ce661d8-ac2f-48de-9281-714c9e7643bd/datanode-1/data/ratis/629ce196-bdb8-4d17-9b5f-88721368e654/sm/snapshot.1_0 took: 35 ms
2023-09-07 20:29:16,858 [d960e1ec-e2de-43a1-b7f8-937811771cc3@group-9412DF98349B-StateMachineUpdater] INFO  ratis.ContainerStateMachine (ContainerStateMachine.java:takeSnapshot(341)) - group-9412DF98349B: Finished taking a snapshot at:(t:1, i:0) file:/home/runner/work/ozone/ozone/hadoop-ozone/integration-test/target/test-dir/MiniOzoneClusterImpl-4ce661d8-ac2f-48de-9281-714c9e7643bd/datanode-2/data/ratis/f6cf3f63-126f-4108-a2d1-9412df98349b/sm/snapshot.1_0 took: 4 ms
2023-09-07 20:29:16,834 [grpc-default-executor-1] INFO  server.GrpcServerProtocolService (GrpcServerProtocolService.java:onCompleted(155)) - d960e1ec-e2de-43a1-b7f8-937811771cc3: Completed APPEND_ENTRIES, lastRequest: null
2023-09-07 20:29:16,829 [22c736ca-ae96-41a9-953f-e3c60311c10c@group-88721368E654->4c0a5098-e377-4fbc-882f-38eb7693a6cf-GrpcLogAppender-LogAppenderDaemon] WARN  server.GrpcLogAppender (GrpcLogAppender.java:mayWait(199)) - 22c736ca-ae96-41a9-953f-e3c60311c10c@group-88721368E654->4c0a5098-e377-4fbc-882f-38eb7693a6cf-GrpcLogAppender: Wait interrupted by java.lang.InterruptedException
2023-09-07 20:29:16,835 [grpc-default-executor-2] INFO  server.GrpcLogAppender (GrpcLogAppender.java:onCompleted(428)) - 22c736ca-ae96-41a9-953f-e3c60311c10c@group-88721368E654->d960e1ec-e2de-43a1-b7f8-937811771cc3-AppendLogResponseHandler: follower responses appendEntries COMPLETED
2023-09-07 20:29:16,866 [grpc-default-executor-2] WARN  server.GrpcLogAppender (GrpcLogAppender.java:resetClient(137)) - 22c736ca-ae96-41a9-953f-e3c60311c10c@group-88721368E654->d960e1ec-e2de-43a1-b7f8-937811771cc3-GrpcLogAppender: Failed to getClient for d960e1ec-e2de-43a1-b7f8-937811771cc3
org.apache.ratis.protocol.exceptions.AlreadyClosedException: 22c736ca-ae96-41a9-953f-e3c60311c10c is already CLOSED
	at org.apache.ratis.util.PeerProxyMap$PeerAndProxy.getProxy(PeerProxyMap.java:61)
	at org.apache.ratis.util.PeerProxyMap.getProxy(PeerProxyMap.java:115)
	at org.apache.ratis.grpc.server.GrpcLogAppender.getClient(GrpcLogAppender.java:112)
	at org.apache.ratis.grpc.server.GrpcLogAppender.resetClient(GrpcLogAppender.java:117)
	at org.apache.ratis.grpc.server.GrpcLogAppender.access$500(GrpcLogAppender.java:56)
	at org.apache.ratis.grpc.server.GrpcLogAppender$AppendLogResponseHandler.onCompleted(GrpcLogAppender.java:429)
	at org.apache.ratis.thirdparty.io.grpc.stub.ClientCalls$StreamObserverToCallListenerAdapter.onClose(ClientCalls.java:485)
	at org.apache.ratis.thirdparty.io.grpc.internal.ClientCallImpl.closeObserver(ClientCallImpl.java:563)
	at org.apache.ratis.thirdparty.io.grpc.internal.ClientCallImpl.access$300(ClientCallImpl.java:70)
	at org.apache.ratis.thirdparty.io.grpc.internal.ClientCallImpl$ClientStreamListenerImpl$1StreamClosed.runInternal(ClientCallImpl.java:744)
	at org.apache.ratis.thirdparty.io.grpc.internal.ClientCallImpl$ClientStreamListenerImpl$1StreamClosed.runInContext(ClientCallImpl.java:723)
	at org.apache.ratis.thirdparty.io.grpc.internal.ContextRunnable.run(ContextRunnable.java:37)
	at org.apache.ratis.thirdparty.io.grpc.internal.SerializingExecutor.run(SerializingExecutor.java:133)
	at java.util.concurrent.ThreadPoolExecutor.runWorker(ThreadPoolExecutor.java:1149)
	at java.util.concurrent.ThreadPoolExecutor$Worker.run(ThreadPoolExecutor.java:624)
	at java.lang.Thread.run(Thread.java:750)
2023-09-07 20:29:16,868 [d960e1ec-e2de-43a1-b7f8-937811771cc3@group-9412DF98349B-StateMachineUpdater] INFO  impl.StateMachineUpdater (StateMachineUpdater.java:takeSnapshot(291)) - d960e1ec-e2de-43a1-b7f8-937811771cc3@group-9412DF98349B-StateMachineUpdater: Took a snapshot at index 0
2023-09-07 20:29:16,868 [d960e1ec-e2de-43a1-b7f8-937811771cc3@group-9412DF98349B-StateMachineUpdater] INFO  impl.StateMachineUpdater (StateMachineUpdater.java:lambda$new$0(97)) - d960e1ec-e2de-43a1-b7f8-937811771cc3@group-9412DF98349B-StateMachineUpdater: snapshotIndex: updateIncreasingly -1 -> 0
2023-09-07 20:29:16,869 [grpc-default-executor-1] INFO  server.GrpcServerProtocolService (GrpcServerProtocolService.java:lambda$onCompleted$5(157)) - d960e1ec-e2de-43a1-b7f8-937811771cc3: Completed APPEND_ENTRIES, lastReply: serverReply {
  requestorId: "22c736ca-ae96-41a9-953f-e3c60311c10c"
  replyId: "d960e1ec-e2de-43a1-b7f8-937811771cc3"
  raftGroupId {
    id: "b\234\341\226\275\270M\027\233_\210r\023h\346T"
  }
  callId: 41
  success: true
}
term: 1
nextIndex: 1
matchIndex: 18446744073709551615
isHearbeat: true

2023-09-07 20:29:16,869 [22c736ca-ae96-41a9-953f-e3c60311c10c@group-864FE7D10970-StateMachineUpdater] INFO  ratis.ContainerStateMachine (ContainerStateMachine.java:takeSnapshot(341)) - group-864FE7D10970: Finished taking a snapshot at:(t:1, i:0) file:/home/runner/work/ozone/ozone/hadoop-ozone/integration-test/target/test-dir/MiniOzoneClusterImpl-4ce661d8-ac2f-48de-9281-714c9e7643bd/datanode-1/data/ratis/d7b80bea-14db-4985-9de6-864fe7d10970/sm/snapshot.1_0 took: 69 ms
2023-09-07 20:29:16,869 [22c736ca-ae96-41a9-953f-e3c60311c10c@group-88721368E654-StateMachineUpdater] INFO  impl.StateMachineUpdater (StateMachineUpdater.java:takeSnapshot(291)) - 22c736ca-ae96-41a9-953f-e3c60311c10c@group-88721368E654-StateMachineUpdater: Took a snapshot at index 0
2023-09-07 20:29:16,869 [22c736ca-ae96-41a9-953f-e3c60311c10c@group-88721368E654-StateMachineUpdater] INFO  impl.StateMachineUpdater (StateMachineUpdater.java:lambda$new$0(97)) - 22c736ca-ae96-41a9-953f-e3c60311c10c@group-88721368E654-StateMachineUpdater: snapshotIndex: updateIncreasingly -1 -> 0
2023-09-07 20:29:16,869 [22c736ca-ae96-41a9-953f-e3c60311c10c@group-864FE7D10970-StateMachineUpdater] INFO  impl.StateMachineUpdater (StateMachineUpdater.java:takeSnapshot(291)) - 22c736ca-ae96-41a9-953f-e3c60311c10c@group-864FE7D10970-StateMachineUpdater: Took a snapshot at index 0
2023-09-07 20:29:16,869 [22c736ca-ae96-41a9-953f-e3c60311c10c@group-864FE7D10970-StateMachineUpdater] INFO  impl.StateMachineUpdater (StateMachineUpdater.java:lambda$new$0(97)) - 22c736ca-ae96-41a9-953f-e3c60311c10c@group-864FE7D10970-StateMachineUpdater: snapshotIndex: updateIncreasingly -1 -> 0
2023-09-07 20:29:16,871 [grpc-default-executor-6] INFO  server.GrpcServerProtocolService (GrpcServerProtocolService.java:onCompleted(155)) - 4c0a5098-e377-4fbc-882f-38eb7693a6cf: Completed APPEND_ENTRIES, lastRequest: 22c736ca-ae96-41a9-953f-e3c60311c10c->4c0a5098-e377-4fbc-882f-38eb7693a6cf#1-t1,previous=(t:0, i:0),leaderCommit=-1,initializing? true,entries: size=1, first=(t:1, i:0), CONFIGURATIONENTRY(current:id: "22c736ca-ae96-41a9-953f-e3c60311c10c"
address: "10.1.0.11:15023"
priority: 1
dataStreamAddress: "10.1.0.11:15024"
clientAddress: "10.1.0.11:15021"
adminAddress: "10.1.0.11:15022"
startupRole: FOLLOWER
,id: "d960e1ec-e2de-43a1-b7f8-937811771cc3"
address: "10.1.0.11:15032"
dataStreamAddress: "10.1.0.11:15033"
clientAddress: "10.1.0.11:15030"
adminAddress: "10.1.0.11:15031"
startupRole: FOLLOWER
,id: "4c0a5098-e377-4fbc-882f-38eb7693a6cf"
address: "10.1.0.11:15014"
dataStreamAddress: "10.1.0.11:15015"
clientAddress: "10.1.0.11:15012"
adminAddress: "10.1.0.11:15013"
startupRole: FOLLOWER
, old:)
2023-09-07 20:29:16,871 [grpc-default-executor-6] INFO  server.GrpcServerProtocolService (GrpcServerProtocolService.java:lambda$onCompleted$5(157)) - 4c0a5098-e377-4fbc-882f-38eb7693a6cf: Completed APPEND_ENTRIES, lastReply: null
2023-09-07 20:29:16,871 [grpc-default-executor-5] INFO  server.GrpcLogAppender (GrpcLogAppender.java:onCompleted(428)) - 22c736ca-ae96-41a9-953f-e3c60311c10c@group-88721368E654->4c0a5098-e377-4fbc-882f-38eb7693a6cf-AppendLogResponseHandler: follower responses appendEntries COMPLETED
2023-09-07 20:29:16,871 [grpc-default-executor-5] WARN  server.GrpcLogAppender (GrpcLogAppender.java:resetClient(137)) - 22c736ca-ae96-41a9-953f-e3c60311c10c@group-88721368E654->4c0a5098-e377-4fbc-882f-38eb7693a6cf-GrpcLogAppender: Failed to getClient for 4c0a5098-e377-4fbc-882f-38eb7693a6cf
org.apache.ratis.protocol.exceptions.AlreadyClosedException: 22c736ca-ae96-41a9-953f-e3c60311c10c is already CLOSED
	at org.apache.ratis.util.PeerProxyMap$PeerAndProxy.getProxy(PeerProxyMap.java:61)
	at org.apache.ratis.util.PeerProxyMap.getProxy(PeerProxyMap.java:115)
	at org.apache.ratis.grpc.server.GrpcLogAppender.getClient(GrpcLogAppender.java:112)
	at org.apache.ratis.grpc.server.GrpcLogAppender.resetClient(GrpcLogAppender.java:117)
	at org.apache.ratis.grpc.server.GrpcLogAppender.access$500(GrpcLogAppender.java:56)
	at org.apache.ratis.grpc.server.GrpcLogAppender$AppendLogResponseHandler.onCompleted(GrpcLogAppender.java:429)
	at org.apache.ratis.thirdparty.io.grpc.stub.ClientCalls$StreamObserverToCallListenerAdapter.onClose(ClientCalls.java:485)
	at org.apache.ratis.thirdparty.io.grpc.internal.ClientCallImpl.closeObserver(ClientCallImpl.java:563)
	at org.apache.ratis.thirdparty.io.grpc.internal.ClientCallImpl.access$300(ClientCallImpl.java:70)
	at org.apache.ratis.thirdparty.io.grpc.internal.ClientCallImpl$ClientStreamListenerImpl$1StreamClosed.runInternal(ClientCallImpl.java:744)
	at org.apache.ratis.thirdparty.io.grpc.internal.ClientCallImpl$ClientStreamListenerImpl$1StreamClosed.runInContext(ClientCallImpl.java:723)
	at org.apache.ratis.thirdparty.io.grpc.internal.ContextRunnable.run(ContextRunnable.java:37)
	at org.apache.ratis.thirdparty.io.grpc.internal.SerializingExecutor.run(SerializingExecutor.java:133)
	at java.util.concurrent.ThreadPoolExecutor.runWorker(ThreadPoolExecutor.java:1149)
	at java.util.concurrent.ThreadPoolExecutor$Worker.run(ThreadPoolExecutor.java:624)
	at java.lang.Thread.run(Thread.java:750)
2023-09-07 20:29:16,875 [d960e1ec-e2de-43a1-b7f8-937811771cc3-impl-thread3] INFO  impl.StateMachineUpdater (StateMachineUpdater.java:stopAndJoin(155)) - d960e1ec-e2de-43a1-b7f8-937811771cc3@group-3437F87ABA2C-StateMachineUpdater: set stopIndex = 29
2023-09-07 20:29:16,875 [d960e1ec-e2de-43a1-b7f8-937811771cc3@group-3437F87ABA2C-FollowerState] INFO  impl.FollowerState (FollowerState.java:run(152)) - d960e1ec-e2de-43a1-b7f8-937811771cc3@group-3437F87ABA2C-FollowerState was interrupted
2023-09-07 20:29:16,875 [d960e1ec-e2de-43a1-b7f8-937811771cc3-impl-thread2] INFO  impl.StateMachineUpdater (StateMachineUpdater.java:stopAndJoin(155)) - d960e1ec-e2de-43a1-b7f8-937811771cc3@group-88721368E654-StateMachineUpdater: set stopIndex = 0
2023-09-07 20:29:16,876 [d960e1ec-e2de-43a1-b7f8-937811771cc3@group-88721368E654-FollowerState] INFO  impl.FollowerState (FollowerState.java:run(152)) - d960e1ec-e2de-43a1-b7f8-937811771cc3@group-88721368E654-FollowerState was interrupted
2023-09-07 20:29:16,876 [d960e1ec-e2de-43a1-b7f8-937811771cc3@group-88721368E654-StateMachineUpdater] INFO  ratis.ContainerStateMachine (ContainerStateMachine.java:takeSnapshot(330)) - group-88721368E654: Taking a snapshot at:(t:1, i:0) file /home/runner/work/ozone/ozone/hadoop-ozone/integration-test/target/test-dir/MiniOzoneClusterImpl-4ce661d8-ac2f-48de-9281-714c9e7643bd/datanode-2/data/ratis/629ce196-bdb8-4d17-9b5f-88721368e654/sm/snapshot.1_0
2023-09-07 20:29:16,876 [d960e1ec-e2de-43a1-b7f8-937811771cc3@group-3437F87ABA2C-StateMachineUpdater] INFO  ratis.ContainerStateMachine (ContainerStateMachine.java:takeSnapshot(330)) - group-3437F87ABA2C: Taking a snapshot at:(t:1, i:29) file /home/runner/work/ozone/ozone/hadoop-ozone/integration-test/target/test-dir/MiniOzoneClusterImpl-4ce661d8-ac2f-48de-9281-714c9e7643bd/datanode-2/data/ratis/613597bd-0b08-4926-9cc2-3437f87aba2c/sm/snapshot.1_29
2023-09-07 20:29:16,883 [Thread-522] INFO  server.GrpcServerProtocolClient (GrpcServerProtocolClient.java:close(103)) - 22c736ca-ae96-41a9-953f-e3c60311c10c Close channels
2023-09-07 20:29:16,885 [d960e1ec-e2de-43a1-b7f8-937811771cc3-impl-thread4] INFO  server.RaftServer$Division (ServerState.java:close(472)) - d960e1ec-e2de-43a1-b7f8-937811771cc3@group-9412DF98349B: closes. applyIndex: 0
2023-09-07 20:29:16,885 [22c736ca-ae96-41a9-953f-e3c60311c10c-impl-thread2] INFO  server.RaftServer$Division (ServerState.java:close(472)) - 22c736ca-ae96-41a9-953f-e3c60311c10c@group-864FE7D10970: closes. applyIndex: 0
2023-09-07 20:29:16,885 [22c736ca-ae96-41a9-953f-e3c60311c10c-impl-thread3] INFO  server.RaftServer$Division (ServerState.java:close(472)) - 22c736ca-ae96-41a9-953f-e3c60311c10c@group-88721368E654: closes. applyIndex: 0
2023-09-07 20:29:16,886 [22c736ca-ae96-41a9-953f-e3c60311c10c@group-3437F87ABA2C-StateMachineUpdater] INFO  ratis.ContainerStateMachine (ContainerStateMachine.java:takeSnapshot(341)) - group-3437F87ABA2C: Finished taking a snapshot at:(t:1, i:28) file:/home/runner/work/ozone/ozone/hadoop-ozone/integration-test/target/test-dir/MiniOzoneClusterImpl-4ce661d8-ac2f-48de-9281-714c9e7643bd/datanode-1/data/ratis/613597bd-0b08-4926-9cc2-3437f87aba2c/sm/snapshot.1_28 took: 55 ms
2023-09-07 20:29:16,886 [22c736ca-ae96-41a9-953f-e3c60311c10c@group-3437F87ABA2C-StateMachineUpdater] INFO  impl.StateMachineUpdater (StateMachineUpdater.java:takeSnapshot(291)) - 22c736ca-ae96-41a9-953f-e3c60311c10c@group-3437F87ABA2C-StateMachineUpdater: Took a snapshot at index 28
2023-09-07 20:29:16,886 [22c736ca-ae96-41a9-953f-e3c60311c10c@group-3437F87ABA2C-StateMachineUpdater] INFO  impl.StateMachineUpdater (StateMachineUpdater.java:lambda$new$0(97)) - 22c736ca-ae96-41a9-953f-e3c60311c10c@group-3437F87ABA2C-StateMachineUpdater: snapshotIndex: updateIncreasingly -1 -> 28
2023-09-07 20:29:16,886 [Thread-524] INFO  server.GrpcServerProtocolClient (GrpcServerProtocolClient.java:close(103)) - 4c0a5098-e377-4fbc-882f-38eb7693a6cf Close channels
2023-09-07 20:29:16,888 [d960e1ec-e2de-43a1-b7f8-937811771cc3@group-88721368E654-StateMachineUpdater] INFO  ratis.ContainerStateMachine (ContainerStateMachine.java:takeSnapshot(341)) - group-88721368E654: Finished taking a snapshot at:(t:1, i:0) file:/home/runner/work/ozone/ozone/hadoop-ozone/integration-test/target/test-dir/MiniOzoneClusterImpl-4ce661d8-ac2f-48de-9281-714c9e7643bd/datanode-2/data/ratis/629ce196-bdb8-4d17-9b5f-88721368e654/sm/snapshot.1_0 took: 12 ms
2023-09-07 20:29:16,888 [d960e1ec-e2de-43a1-b7f8-937811771cc3@group-88721368E654-StateMachineUpdater] INFO  impl.StateMachineUpdater (StateMachineUpdater.java:takeSnapshot(291)) - d960e1ec-e2de-43a1-b7f8-937811771cc3@group-88721368E654-StateMachineUpdater: Took a snapshot at index 0
2023-09-07 20:29:16,888 [d960e1ec-e2de-43a1-b7f8-937811771cc3@group-88721368E654-StateMachineUpdater] INFO  impl.StateMachineUpdater (StateMachineUpdater.java:lambda$new$0(97)) - d960e1ec-e2de-43a1-b7f8-937811771cc3@group-88721368E654-StateMachineUpdater: snapshotIndex: updateIncreasingly -1 -> 0
2023-09-07 20:29:16,889 [22c736ca-ae96-41a9-953f-e3c60311c10c-impl-thread4] INFO  server.RaftServer$Division (ServerState.java:close(472)) - 22c736ca-ae96-41a9-953f-e3c60311c10c@group-3437F87ABA2C: closes. applyIndex: 28
2023-09-07 20:29:16,889 [d960e1ec-e2de-43a1-b7f8-937811771cc3-impl-thread2] INFO  server.RaftServer$Division (ServerState.java:close(472)) - d960e1ec-e2de-43a1-b7f8-937811771cc3@group-88721368E654: closes. applyIndex: 0
2023-09-07 20:29:16,893 [ForkJoinPool.commonPool-worker-1] INFO  ozoneimpl.OzoneContainer (OzoneContainer.java:stop(451)) - Attempting to stop container services.
2023-09-07 20:29:16,893 [grpc-default-executor-6] INFO  server.GrpcLogAppender (GrpcLogAppender.java:onCompleted(428)) - 22c736ca-ae96-41a9-953f-e3c60311c10c@group-88721368E654->d960e1ec-e2de-43a1-b7f8-937811771cc3-AppendLogResponseHandler: follower responses appendEntries COMPLETED
2023-09-07 20:29:16,894 [grpc-default-executor-6] WARN  server.GrpcLogAppender (GrpcLogAppender.java:resetClient(137)) - 22c736ca-ae96-41a9-953f-e3c60311c10c@group-88721368E654->d960e1ec-e2de-43a1-b7f8-937811771cc3-GrpcLogAppender: Failed to getClient for d960e1ec-e2de-43a1-b7f8-937811771cc3
org.apache.ratis.protocol.exceptions.AlreadyClosedException: 22c736ca-ae96-41a9-953f-e3c60311c10c is already CLOSED
	at org.apache.ratis.util.PeerProxyMap$PeerAndProxy.getProxy(PeerProxyMap.java:61)
	at org.apache.ratis.util.PeerProxyMap.getProxy(PeerProxyMap.java:115)
	at org.apache.ratis.grpc.server.GrpcLogAppender.getClient(GrpcLogAppender.java:112)
	at org.apache.ratis.grpc.server.GrpcLogAppender.resetClient(GrpcLogAppender.java:117)
	at org.apache.ratis.grpc.server.GrpcLogAppender.access$500(GrpcLogAppender.java:56)
	at org.apache.ratis.grpc.server.GrpcLogAppender$AppendLogResponseHandler.onCompleted(GrpcLogAppender.java:429)
	at org.apache.ratis.thirdparty.io.grpc.stub.ClientCalls$StreamObserverToCallListenerAdapter.onClose(ClientCalls.java:485)
	at org.apache.ratis.thirdparty.io.grpc.internal.ClientCallImpl.closeObserver(ClientCallImpl.java:563)
	at org.apache.ratis.thirdparty.io.grpc.internal.ClientCallImpl.access$300(ClientCallImpl.java:70)
	at org.apache.ratis.thirdparty.io.grpc.internal.ClientCallImpl$ClientStreamListenerImpl$1StreamClosed.runInternal(ClientCallImpl.java:744)
	at org.apache.ratis.thirdparty.io.grpc.internal.ClientCallImpl$ClientStreamListenerImpl$1StreamClosed.runInContext(ClientCallImpl.java:723)
	at org.apache.ratis.thirdparty.io.grpc.internal.ContextRunnable.run(ContextRunnable.java:37)
	at org.apache.ratis.thirdparty.io.grpc.internal.SerializingExecutor.run(SerializingExecutor.java:133)
	at java.util.concurrent.ThreadPoolExecutor.runWorker(ThreadPoolExecutor.java:1149)
	at java.util.concurrent.ThreadPoolExecutor$Worker.run(ThreadPoolExecutor.java:624)
	at java.lang.Thread.run(Thread.java:750)
2023-09-07 20:29:16,894 [grpc-default-executor-7] INFO  server.GrpcServerProtocolService (GrpcServerProtocolService.java:onCompleted(155)) - 4c0a5098-e377-4fbc-882f-38eb7693a6cf: Completed APPEND_ENTRIES, lastRequest: null
2023-09-07 20:29:16,894 [d960e1ec-e2de-43a1-b7f8-937811771cc3@group-3437F87ABA2C-StateMachineUpdater] INFO  ratis.ContainerStateMachine (ContainerStateMachine.java:takeSnapshot(341)) - group-3437F87ABA2C: Finished taking a snapshot at:(t:1, i:29) file:/home/runner/work/ozone/ozone/hadoop-ozone/integration-test/target/test-dir/MiniOzoneClusterImpl-4ce661d8-ac2f-48de-9281-714c9e7643bd/datanode-2/data/ratis/613597bd-0b08-4926-9cc2-3437f87aba2c/sm/snapshot.1_29 took: 18 ms
2023-09-07 20:29:16,895 [ForkJoinPool.commonPool-worker-1] INFO  server.RaftServer (RaftServerProxy.java:lambda$close$6(416)) - 4c0a5098-e377-4fbc-882f-38eb7693a6cf: close
2023-09-07 20:29:16,895 [d960e1ec-e2de-43a1-b7f8-937811771cc3@group-3437F87ABA2C-StateMachineUpdater] INFO  impl.StateMachineUpdater (StateMachineUpdater.java:takeSnapshot(291)) - d960e1ec-e2de-43a1-b7f8-937811771cc3@group-3437F87ABA2C-StateMachineUpdater: Took a snapshot at index 29
2023-09-07 20:29:16,895 [d960e1ec-e2de-43a1-b7f8-937811771cc3@group-3437F87ABA2C-StateMachineUpdater] INFO  impl.StateMachineUpdater (StateMachineUpdater.java:lambda$new$0(97)) - d960e1ec-e2de-43a1-b7f8-937811771cc3@group-3437F87ABA2C-StateMachineUpdater: snapshotIndex: updateIncreasingly -1 -> 29
2023-09-07 20:29:16,896 [d960e1ec-e2de-43a1-b7f8-937811771cc3-impl-thread3] INFO  server.RaftServer$Division (ServerState.java:close(472)) - d960e1ec-e2de-43a1-b7f8-937811771cc3@group-3437F87ABA2C: closes. applyIndex: 29
2023-09-07 20:29:16,896 [main] INFO  server.GrpcService (GrpcService.java:closeImpl(320)) - d960e1ec-e2de-43a1-b7f8-937811771cc3: shutdown server org.apache.ratis.grpc.server.GrpcClientProtocolService successfully
2023-09-07 20:29:16,896 [main] INFO  server.GrpcService (GrpcService.java:closeImpl(311)) - d960e1ec-e2de-43a1-b7f8-937811771cc3: shutdown server GrpcServerProtocolService now
2023-09-07 20:29:16,896 [grpc-default-executor-7] INFO  server.GrpcServerProtocolService (GrpcServerProtocolService.java:lambda$onCompleted$5(157)) - 4c0a5098-e377-4fbc-882f-38eb7693a6cf: Completed APPEND_ENTRIES, lastReply: serverReply {
  requestorId: "22c736ca-ae96-41a9-953f-e3c60311c10c"
  replyId: "4c0a5098-e377-4fbc-882f-38eb7693a6cf"
  raftGroupId {
    id: "b\234\341\226\275\270M\027\233_\210r\023h\346T"
  }
  callId: 42
  success: true
}
term: 1
nextIndex: 1
matchIndex: 18446744073709551615
isHearbeat: true

2023-09-07 20:29:16,898 [4c0a5098-e377-4fbc-882f-38eb7693a6cf-impl-thread3] INFO  server.RaftServer$Division (RaftServerImpl.java:lambda$close$4(466)) - 4c0a5098-e377-4fbc-882f-38eb7693a6cf@group-3437F87ABA2C: shutdown
2023-09-07 20:29:16,898 [4c0a5098-e377-4fbc-882f-38eb7693a6cf-impl-thread2] INFO  server.RaftServer$Division (RaftServerImpl.java:lambda$close$4(466)) - 4c0a5098-e377-4fbc-882f-38eb7693a6cf@group-88721368E654: shutdown
2023-09-07 20:29:16,903 [4c0a5098-e377-4fbc-882f-38eb7693a6cf-impl-thread2] INFO  util.JmxRegister (JmxRegister.java:unregister(73)) - Successfully un-registered JMX Bean with object name Ratis:service=RaftServer,group=group-88721368E654,id=4c0a5098-e377-4fbc-882f-38eb7693a6cf
2023-09-07 20:29:16,904 [4c0a5098-e377-4fbc-882f-38eb7693a6cf-impl-thread2] INFO  impl.RoleInfo (RoleInfo.java:shutdownFollowerState(110)) - 4c0a5098-e377-4fbc-882f-38eb7693a6cf: shutdown 4c0a5098-e377-4fbc-882f-38eb7693a6cf@group-88721368E654-FollowerState
2023-09-07 20:29:16,904 [4c0a5098-e377-4fbc-882f-38eb7693a6cf-impl-thread3] INFO  util.JmxRegister (JmxRegister.java:unregister(73)) - Successfully un-registered JMX Bean with object name Ratis:service=RaftServer,group=group-3437F87ABA2C,id=4c0a5098-e377-4fbc-882f-38eb7693a6cf
2023-09-07 20:29:16,904 [4c0a5098-e377-4fbc-882f-38eb7693a6cf-impl-thread3] INFO  impl.RoleInfo (RoleInfo.java:shutdownLeaderState(93)) - 4c0a5098-e377-4fbc-882f-38eb7693a6cf: shutdown 4c0a5098-e377-4fbc-882f-38eb7693a6cf@group-3437F87ABA2C-LeaderStateImpl
2023-09-07 20:29:16,911 [4c0a5098-e377-4fbc-882f-38eb7693a6cf-impl-thread3] INFO  impl.PendingRequests (PendingRequests.java:sendNotLeaderResponses(289)) - 4c0a5098-e377-4fbc-882f-38eb7693a6cf@group-3437F87ABA2C-PendingRequests: sendNotLeaderResponses
2023-09-07 20:29:16,911 [4c0a5098-e377-4fbc-882f-38eb7693a6cf@group-3437F87ABA2C->22c736ca-ae96-41a9-953f-e3c60311c10c-GrpcLogAppender-LogAppenderDaemon] WARN  server.GrpcLogAppender (GrpcLogAppender.java:mayWait(199)) - 4c0a5098-e377-4fbc-882f-38eb7693a6cf@group-3437F87ABA2C->22c736ca-ae96-41a9-953f-e3c60311c10c-GrpcLogAppender: Wait interrupted by java.lang.InterruptedException
2023-09-07 20:29:16,911 [4c0a5098-e377-4fbc-882f-38eb7693a6cf-impl-thread2] INFO  impl.StateMachineUpdater (StateMachineUpdater.java:stopAndJoin(155)) - 4c0a5098-e377-4fbc-882f-38eb7693a6cf@group-88721368E654-StateMachineUpdater: set stopIndex = 0
2023-09-07 20:29:16,912 [4c0a5098-e377-4fbc-882f-38eb7693a6cf@group-88721368E654-StateMachineUpdater] INFO  ratis.ContainerStateMachine (ContainerStateMachine.java:takeSnapshot(330)) - group-88721368E654: Taking a snapshot at:(t:1, i:0) file /home/runner/work/ozone/ozone/hadoop-ozone/integration-test/target/test-dir/MiniOzoneClusterImpl-4ce661d8-ac2f-48de-9281-714c9e7643bd/datanode-0/data/ratis/629ce196-bdb8-4d17-9b5f-88721368e654/sm/snapshot.1_0
2023-09-07 20:29:16,911 [4c0a5098-e377-4fbc-882f-38eb7693a6cf@group-88721368E654-FollowerState] INFO  impl.FollowerState (FollowerState.java:run(152)) - 4c0a5098-e377-4fbc-882f-38eb7693a6cf@group-88721368E654-FollowerState was interrupted
2023-09-07 20:29:16,911 [4c0a5098-e377-4fbc-882f-38eb7693a6cf@group-3437F87ABA2C->d960e1ec-e2de-43a1-b7f8-937811771cc3-GrpcLogAppender-LogAppenderDaemon] WARN  server.GrpcLogAppender (GrpcLogAppender.java:mayWait(199)) - 4c0a5098-e377-4fbc-882f-38eb7693a6cf@group-3437F87ABA2C->d960e1ec-e2de-43a1-b7f8-937811771cc3-GrpcLogAppender: Wait interrupted by java.lang.InterruptedException
2023-09-07 20:29:16,914 [4c0a5098-e377-4fbc-882f-38eb7693a6cf@group-88721368E654-StateMachineUpdater] INFO  ratis.ContainerStateMachine (ContainerStateMachine.java:takeSnapshot(341)) - group-88721368E654: Finished taking a snapshot at:(t:1, i:0) file:/home/runner/work/ozone/ozone/hadoop-ozone/integration-test/target/test-dir/MiniOzoneClusterImpl-4ce661d8-ac2f-48de-9281-714c9e7643bd/datanode-0/data/ratis/629ce196-bdb8-4d17-9b5f-88721368e654/sm/snapshot.1_0 took: 3 ms
2023-09-07 20:29:16,915 [4c0a5098-e377-4fbc-882f-38eb7693a6cf@group-88721368E654-StateMachineUpdater] INFO  impl.StateMachineUpdater (StateMachineUpdater.java:takeSnapshot(291)) - 4c0a5098-e377-4fbc-882f-38eb7693a6cf@group-88721368E654-StateMachineUpdater: Took a snapshot at index 0
2023-09-07 20:29:16,915 [4c0a5098-e377-4fbc-882f-38eb7693a6cf@group-88721368E654-StateMachineUpdater] INFO  impl.StateMachineUpdater (StateMachineUpdater.java:lambda$new$0(97)) - 4c0a5098-e377-4fbc-882f-38eb7693a6cf@group-88721368E654-StateMachineUpdater: snapshotIndex: updateIncreasingly -1 -> 0
2023-09-07 20:29:16,917 [ForkJoinPool.commonPool-worker-1] INFO  server.GrpcService (GrpcService.java:closeImpl(311)) - 4c0a5098-e377-4fbc-882f-38eb7693a6cf: shutdown server org.apache.ratis.grpc.server.GrpcClientProtocolService now
2023-09-07 20:29:16,918 [4c0a5098-e377-4fbc-882f-38eb7693a6cf-impl-thread4] INFO  server.RaftServer$Division (RaftServerImpl.java:lambda$close$4(466)) - 4c0a5098-e377-4fbc-882f-38eb7693a6cf@group-C8B31C760BF2: shutdown
2023-09-07 20:29:16,918 [4c0a5098-e377-4fbc-882f-38eb7693a6cf-impl-thread4] INFO  util.JmxRegister (JmxRegister.java:unregister(73)) - Successfully un-registered JMX Bean with object name Ratis:service=RaftServer,group=group-C8B31C760BF2,id=4c0a5098-e377-4fbc-882f-38eb7693a6cf
2023-09-07 20:29:16,918 [4c0a5098-e377-4fbc-882f-38eb7693a6cf-impl-thread4] INFO  impl.RoleInfo (RoleInfo.java:shutdownLeaderState(93)) - 4c0a5098-e377-4fbc-882f-38eb7693a6cf: shutdown 4c0a5098-e377-4fbc-882f-38eb7693a6cf@group-C8B31C760BF2-LeaderStateImpl
2023-09-07 20:29:16,918 [4c0a5098-e377-4fbc-882f-38eb7693a6cf-impl-thread4] INFO  impl.PendingRequests (PendingRequests.java:sendNotLeaderResponses(289)) - 4c0a5098-e377-4fbc-882f-38eb7693a6cf@group-C8B31C760BF2-PendingRequests: sendNotLeaderResponses
2023-09-07 20:29:16,918 [grpc-default-executor-6] WARN  server.GrpcServerProtocolService (LogUtils.java:warn(122)) - d960e1ec-e2de-43a1-b7f8-937811771cc3: APPEND_ENTRIES onError, lastRequest: 4c0a5098-e377-4fbc-882f-38eb7693a6cf->d960e1ec-e2de-43a1-b7f8-937811771cc3#106-t1,previous=(t:1, i:29),leaderCommit=29,initializing? true,entries: size=1, first=(t:1, i:30), METADATAENTRY(c:28): org.apache.ratis.thirdparty.io.grpc.StatusRuntimeException: CANCELLED: client cancelled
2023-09-07 20:29:16,919 [4c0a5098-e377-4fbc-882f-38eb7693a6cf-impl-thread4] INFO  impl.StateMachineUpdater (StateMachineUpdater.java:stopAndJoin(155)) - 4c0a5098-e377-4fbc-882f-38eb7693a6cf@group-C8B31C760BF2-StateMachineUpdater: set stopIndex = 0
2023-09-07 20:29:16,919 [4c0a5098-e377-4fbc-882f-38eb7693a6cf@group-C8B31C760BF2-StateMachineUpdater] INFO  ratis.ContainerStateMachine (ContainerStateMachine.java:takeSnapshot(330)) - group-C8B31C760BF2: Taking a snapshot at:(t:1, i:0) file /home/runner/work/ozone/ozone/hadoop-ozone/integration-test/target/test-dir/MiniOzoneClusterImpl-4ce661d8-ac2f-48de-9281-714c9e7643bd/datanode-0/data/ratis/91cba4c6-9cb8-45b9-8452-c8b31c760bf2/sm/snapshot.1_0
2023-09-07 20:29:16,921 [4c0a5098-e377-4fbc-882f-38eb7693a6cf@group-C8B31C760BF2-StateMachineUpdater] INFO  ratis.ContainerStateMachine (ContainerStateMachine.java:takeSnapshot(341)) - group-C8B31C760BF2: Finished taking a snapshot at:(t:1, i:0) file:/home/runner/work/ozone/ozone/hadoop-ozone/integration-test/target/test-dir/MiniOzoneClusterImpl-4ce661d8-ac2f-48de-9281-714c9e7643bd/datanode-0/data/ratis/91cba4c6-9cb8-45b9-8452-c8b31c760bf2/sm/snapshot.1_0 took: 2 ms
2023-09-07 20:29:16,921 [4c0a5098-e377-4fbc-882f-38eb7693a6cf@group-C8B31C760BF2-StateMachineUpdater] INFO  impl.StateMachineUpdater (StateMachineUpdater.java:takeSnapshot(291)) - 4c0a5098-e377-4fbc-882f-38eb7693a6cf@group-C8B31C760BF2-StateMachineUpdater: Took a snapshot at index 0
2023-09-07 20:29:16,921 [4c0a5098-e377-4fbc-882f-38eb7693a6cf@group-C8B31C760BF2-StateMachineUpdater] INFO  impl.StateMachineUpdater (StateMachineUpdater.java:lambda$new$0(97)) - 4c0a5098-e377-4fbc-882f-38eb7693a6cf@group-C8B31C760BF2-StateMachineUpdater: snapshotIndex: updateIncreasingly -1 -> 0
2023-09-07 20:29:16,922 [4c0a5098-e377-4fbc-882f-38eb7693a6cf-impl-thread4] INFO  server.RaftServer$Division (ServerState.java:close(472)) - 4c0a5098-e377-4fbc-882f-38eb7693a6cf@group-C8B31C760BF2: closes. applyIndex: 0
2023-09-07 20:29:16,922 [Thread-531] INFO  server.GrpcServerProtocolClient (GrpcServerProtocolClient.java:close(103)) - 22c736ca-ae96-41a9-953f-e3c60311c10c Close channels
2023-09-07 20:29:16,924 [grpc-default-executor-7] WARN  server.GrpcServerProtocolService (LogUtils.java:warn(122)) - d960e1ec-e2de-43a1-b7f8-937811771cc3: APPEND_ENTRIES onError, lastRequest: null: org.apache.ratis.thirdparty.io.grpc.StatusRuntimeException: CANCELLED: client cancelled
2023-09-07 20:29:16,924 [main] INFO  server.GrpcService (GrpcService.java:closeImpl(320)) - d960e1ec-e2de-43a1-b7f8-937811771cc3: shutdown server GrpcServerProtocolService successfully
2023-09-07 20:29:16,924 [main] INFO  server.GrpcService (GrpcService.java:closeImpl(311)) - d960e1ec-e2de-43a1-b7f8-937811771cc3: shutdown server org.apache.ratis.grpc.server.GrpcAdminProtocolService now
2023-09-07 20:29:16,925 [Thread-532] INFO  server.GrpcServerProtocolClient (GrpcServerProtocolClient.java:close(103)) - d960e1ec-e2de-43a1-b7f8-937811771cc3 Close channels
2023-09-07 20:29:16,926 [grpc-default-executor-1] WARN  server.GrpcClientProtocolService (LogUtils.java:warn(122)) - 1-OrderedRequestStreamObserver1: onError: org.apache.ratis.thirdparty.io.grpc.StatusRuntimeException: CANCELLED: client cancelled
2023-09-07 20:29:16,929 [4c0a5098-e377-4fbc-882f-38eb7693a6cf-impl-thread3] INFO  impl.StateMachineUpdater (StateMachineUpdater.java:stopAndJoin(155)) - 4c0a5098-e377-4fbc-882f-38eb7693a6cf@group-3437F87ABA2C-StateMachineUpdater: set stopIndex = 30
2023-09-07 20:29:16,929 [4c0a5098-e377-4fbc-882f-38eb7693a6cf@group-3437F87ABA2C-StateMachineUpdater] INFO  ratis.ContainerStateMachine (ContainerStateMachine.java:takeSnapshot(330)) - group-3437F87ABA2C: Taking a snapshot at:(t:1, i:30) file /home/runner/work/ozone/ozone/hadoop-ozone/integration-test/target/test-dir/MiniOzoneClusterImpl-4ce661d8-ac2f-48de-9281-714c9e7643bd/datanode-0/data/ratis/613597bd-0b08-4926-9cc2-3437f87aba2c/sm/snapshot.1_30
2023-09-07 20:29:16,930 [4c0a5098-e377-4fbc-882f-38eb7693a6cf-impl-thread2] INFO  server.RaftServer$Division (ServerState.java:close(472)) - 4c0a5098-e377-4fbc-882f-38eb7693a6cf@group-88721368E654: closes. applyIndex: 0
2023-09-07 20:29:16,932 [4c0a5098-e377-4fbc-882f-38eb7693a6cf@group-3437F87ABA2C-StateMachineUpdater] INFO  ratis.ContainerStateMachine (ContainerStateMachine.java:takeSnapshot(341)) - group-3437F87ABA2C: Finished taking a snapshot at:(t:1, i:30) file:/home/runner/work/ozone/ozone/hadoop-ozone/integration-test/target/test-dir/MiniOzoneClusterImpl-4ce661d8-ac2f-48de-9281-714c9e7643bd/datanode-0/data/ratis/613597bd-0b08-4926-9cc2-3437f87aba2c/sm/snapshot.1_30 took: 2 ms
2023-09-07 20:29:16,932 [4c0a5098-e377-4fbc-882f-38eb7693a6cf@group-3437F87ABA2C-StateMachineUpdater] INFO  impl.StateMachineUpdater (StateMachineUpdater.java:takeSnapshot(291)) - 4c0a5098-e377-4fbc-882f-38eb7693a6cf@group-3437F87ABA2C-StateMachineUpdater: Took a snapshot at index 30
2023-09-07 20:29:16,932 [4c0a5098-e377-4fbc-882f-38eb7693a6cf@group-3437F87ABA2C-StateMachineUpdater] INFO  impl.StateMachineUpdater (StateMachineUpdater.java:lambda$new$0(97)) - 4c0a5098-e377-4fbc-882f-38eb7693a6cf@group-3437F87ABA2C-StateMachineUpdater: snapshotIndex: updateIncreasingly -1 -> 30
2023-09-07 20:29:16,927 [grpc-default-executor-2] WARN  server.GrpcClientProtocolService (LogUtils.java:warn(122)) - 2-UnorderedRequestStreamObserver2: onError: org.apache.ratis.thirdparty.io.grpc.StatusRuntimeException: CANCELLED: client cancelled
2023-09-07 20:29:16,937 [grpc-default-executor-7] INFO  server.GrpcLogAppender (GrpcLogAppender.java:onCompleted(428)) - 22c736ca-ae96-41a9-953f-e3c60311c10c@group-88721368E654->4c0a5098-e377-4fbc-882f-38eb7693a6cf-AppendLogResponseHandler: follower responses appendEntries COMPLETED
2023-09-07 20:29:16,937 [grpc-default-executor-7] WARN  server.GrpcLogAppender (GrpcLogAppender.java:resetClient(137)) - 22c736ca-ae96-41a9-953f-e3c60311c10c@group-88721368E654->4c0a5098-e377-4fbc-882f-38eb7693a6cf-GrpcLogAppender: Failed to getClient for 4c0a5098-e377-4fbc-882f-38eb7693a6cf
org.apache.ratis.protocol.exceptions.AlreadyClosedException: 22c736ca-ae96-41a9-953f-e3c60311c10c is already CLOSED
	at org.apache.ratis.util.PeerProxyMap$PeerAndProxy.getProxy(PeerProxyMap.java:61)
	at org.apache.ratis.util.PeerProxyMap.getProxy(PeerProxyMap.java:115)
	at org.apache.ratis.grpc.server.GrpcLogAppender.getClient(GrpcLogAppender.java:112)
	at org.apache.ratis.grpc.server.GrpcLogAppender.resetClient(GrpcLogAppender.java:117)
	at org.apache.ratis.grpc.server.GrpcLogAppender.access$500(GrpcLogAppender.java:56)
	at org.apache.ratis.grpc.server.GrpcLogAppender$AppendLogResponseHandler.onCompleted(GrpcLogAppender.java:429)
	at org.apache.ratis.thirdparty.io.grpc.stub.ClientCalls$StreamObserverToCallListenerAdapter.onClose(ClientCalls.java:485)
	at org.apache.ratis.thirdparty.io.grpc.internal.DelayedClientCall$DelayedListener$3.run(DelayedClientCall.java:471)
	at org.apache.ratis.thirdparty.io.grpc.internal.DelayedClientCall$DelayedListener.delayOrExecute(DelayedClientCall.java:435)
	at org.apache.ratis.thirdparty.io.grpc.internal.DelayedClientCall$DelayedListener.onClose(DelayedClientCall.java:468)
	at org.apache.ratis.thirdparty.io.grpc.internal.ClientCallImpl.closeObserver(ClientCallImpl.java:563)
	at org.apache.ratis.thirdparty.io.grpc.internal.ClientCallImpl.access$300(ClientCallImpl.java:70)
	at org.apache.ratis.thirdparty.io.grpc.internal.ClientCallImpl$ClientStreamListenerImpl$1StreamClosed.runInternal(ClientCallImpl.java:744)
	at org.apache.ratis.thirdparty.io.grpc.internal.ClientCallImpl$ClientStreamListenerImpl$1StreamClosed.runInContext(ClientCallImpl.java:723)
	at org.apache.ratis.thirdparty.io.grpc.internal.ContextRunnable.run(ContextRunnable.java:37)
	at org.apache.ratis.thirdparty.io.grpc.internal.SerializingExecutor.run(SerializingExecutor.java:133)
	at java.util.concurrent.ThreadPoolExecutor.runWorker(ThreadPoolExecutor.java:1149)
	at java.util.concurrent.ThreadPoolExecutor$Worker.run(ThreadPoolExecutor.java:624)
	at java.lang.Thread.run(Thread.java:750)
2023-09-07 20:29:16,947 [grpc-default-executor-2] INFO  server.GrpcServerProtocolService (GrpcServerProtocolService.java:onCompleted(155)) - 22c736ca-ae96-41a9-953f-e3c60311c10c: Completed APPEND_ENTRIES, lastRequest: 4c0a5098-e377-4fbc-882f-38eb7693a6cf->22c736ca-ae96-41a9-953f-e3c60311c10c#109-t1,previous=(t:1, i:29),leaderCommit=28,initializing? true,entries: size=1, first=(t:1, i:30), METADATAENTRY(c:28)
2023-09-07 20:29:16,947 [grpc-default-executor-2] INFO  server.GrpcServerProtocolService (GrpcServerProtocolService.java:lambda$onCompleted$5(157)) - 22c736ca-ae96-41a9-953f-e3c60311c10c: Completed APPEND_ENTRIES, lastReply: null
2023-09-07 20:29:16,945 [grpc-default-executor-5] INFO  server.GrpcLogAppender (GrpcLogAppender.java:onError(417)) - 4c0a5098-e377-4fbc-882f-38eb7693a6cf@group-3437F87ABA2C->d960e1ec-e2de-43a1-b7f8-937811771cc3-GrpcLogAppender is already stopped
2023-09-07 20:29:16,941 [ForkJoinPool.commonPool-worker-0] INFO  server.GrpcService (GrpcService.java:closeImpl(320)) - 22c736ca-ae96-41a9-953f-e3c60311c10c: shutdown server org.apache.ratis.grpc.server.GrpcClientProtocolService successfully
2023-09-07 20:29:16,941 [22c736ca-ae96-41a9-953f-e3c60311c10c-impl-thread2] INFO  segmented.SegmentedRaftLogWorker (SegmentedRaftLogWorker.java:close(252)) - 22c736ca-ae96-41a9-953f-e3c60311c10c@group-864FE7D10970-SegmentedRaftLogWorker close()
2023-09-07 20:29:16,939 [4c0a5098-e377-4fbc-882f-38eb7693a6cf-impl-thread3] INFO  server.RaftServer$Division (ServerState.java:close(472)) - 4c0a5098-e377-4fbc-882f-38eb7693a6cf@group-3437F87ABA2C: closes. applyIndex: 30
2023-09-07 20:29:16,937 [main] INFO  server.GrpcService (GrpcService.java:closeImpl(320)) - d960e1ec-e2de-43a1-b7f8-937811771cc3: shutdown server org.apache.ratis.grpc.server.GrpcAdminProtocolService successfully
2023-09-07 20:29:16,953 [ForkJoinPool.commonPool-worker-0] INFO  server.GrpcService (GrpcService.java:closeImpl(311)) - 22c736ca-ae96-41a9-953f-e3c60311c10c: shutdown server GrpcServerProtocolService now
2023-09-07 20:29:16,954 [d960e1ec-e2de-43a1-b7f8-937811771cc3-NettyServerStreamRpc-bossGroup--thread1] INFO  logging.LoggingHandler (AbstractInternalLogger.java:log(148)) - [id: 0x28b14a75, L:/0:0:0:0:0:0:0:0:15033] CLOSE
2023-09-07 20:29:16,954 [d960e1ec-e2de-43a1-b7f8-937811771cc3-NettyServerStreamRpc-bossGroup--thread1] INFO  logging.LoggingHandler (AbstractInternalLogger.java:log(148)) - [id: 0x28b14a75, L:/0:0:0:0:0:0:0:0:15033] INACTIVE
2023-09-07 20:29:16,954 [d960e1ec-e2de-43a1-b7f8-937811771cc3-NettyServerStreamRpc-bossGroup--thread1] INFO  logging.LoggingHandler (AbstractInternalLogger.java:log(148)) - [id: 0x28b14a75, L:/0:0:0:0:0:0:0:0:15033] UNREGISTERED
2023-09-07 20:29:16,954 [grpc-default-executor-8] INFO  server.GrpcLogAppender (GrpcLogAppender.java:onError(417)) - 4c0a5098-e377-4fbc-882f-38eb7693a6cf@group-3437F87ABA2C->d960e1ec-e2de-43a1-b7f8-937811771cc3-GrpcLogAppender is already stopped
2023-09-07 20:29:16,952 [ForkJoinPool.commonPool-worker-2] INFO  ozoneimpl.OzoneContainer (OzoneContainer.java:stop(451)) - Attempting to stop container services.
2023-09-07 20:29:16,947 [grpc-default-executor-1] INFO  server.GrpcServerProtocolService (GrpcServerProtocolService.java:onCompleted(155)) - 22c736ca-ae96-41a9-953f-e3c60311c10c: Completed APPEND_ENTRIES, lastRequest: null
2023-09-07 20:29:16,959 [22c736ca-ae96-41a9-953f-e3c60311c10c-impl-thread3] INFO  segmented.SegmentedRaftLogWorker (SegmentedRaftLogWorker.java:close(252)) - 22c736ca-ae96-41a9-953f-e3c60311c10c@group-88721368E654-SegmentedRaftLogWorker close()
2023-09-07 20:29:16,959 [ForkJoinPool.commonPool-worker-2] INFO  server.RaftServer (RaftServerProxy.java:lambda$close$6(416)) - 4928b7b2-b158-4302-bddf-2efad1d6a915: close
2023-09-07 20:29:16,963 [d960e1ec-e2de-43a1-b7f8-937811771cc3-impl-thread4] INFO  segmented.SegmentedRaftLogWorker (SegmentedRaftLogWorker.java:close(252)) - d960e1ec-e2de-43a1-b7f8-937811771cc3@group-9412DF98349B-SegmentedRaftLogWorker close()
2023-09-07 20:29:16,963 [4c0a5098-e377-4fbc-882f-38eb7693a6cf-impl-thread2] INFO  segmented.SegmentedRaftLogWorker (SegmentedRaftLogWorker.java:close(252)) - 4c0a5098-e377-4fbc-882f-38eb7693a6cf@group-88721368E654-SegmentedRaftLogWorker close()
2023-09-07 20:29:16,963 [d960e1ec-e2de-43a1-b7f8-937811771cc3-impl-thread2] INFO  segmented.SegmentedRaftLogWorker (SegmentedRaftLogWorker.java:close(252)) - d960e1ec-e2de-43a1-b7f8-937811771cc3@group-88721368E654-SegmentedRaftLogWorker close()
2023-09-07 20:29:16,963 [grpc-default-executor-1] INFO  server.GrpcServerProtocolService (GrpcServerProtocolService.java:lambda$onCompleted$5(157)) - 22c736ca-ae96-41a9-953f-e3c60311c10c: Completed APPEND_ENTRIES, lastReply: serverReply {
  requestorId: "4c0a5098-e377-4fbc-882f-38eb7693a6cf"
  replyId: "22c736ca-ae96-41a9-953f-e3c60311c10c"
  raftGroupId {
    id: "a5\227\275\v\bI&\234\30247\370z\272,"
  }
  callId: 105
  success: true
}
term: 1
nextIndex: 27
followerCommit: 26
matchIndex: 18446744073709551615
isHearbeat: true

2023-09-07 20:29:16,977 [grpc-default-executor-1] INFO  server.GrpcLogAppender (GrpcLogAppender.java:onCompleted(428)) - 4c0a5098-e377-4fbc-882f-38eb7693a6cf@group-3437F87ABA2C->22c736ca-ae96-41a9-953f-e3c60311c10c-AppendLogResponseHandler: follower responses appendEntries COMPLETED
2023-09-07 20:29:16,977 [grpc-default-executor-1] WARN  server.GrpcLogAppender (GrpcLogAppender.java:resetClient(137)) - 4c0a5098-e377-4fbc-882f-38eb7693a6cf@group-3437F87ABA2C->22c736ca-ae96-41a9-953f-e3c60311c10c-GrpcLogAppender: Failed to getClient for 22c736ca-ae96-41a9-953f-e3c60311c10c
org.apache.ratis.protocol.exceptions.AlreadyClosedException: 4c0a5098-e377-4fbc-882f-38eb7693a6cf is already CLOSED
	at org.apache.ratis.util.PeerProxyMap$PeerAndProxy.getProxy(PeerProxyMap.java:61)
	at org.apache.ratis.util.PeerProxyMap.getProxy(PeerProxyMap.java:115)
	at org.apache.ratis.grpc.server.GrpcLogAppender.getClient(GrpcLogAppender.java:112)
	at org.apache.ratis.grpc.server.GrpcLogAppender.resetClient(GrpcLogAppender.java:117)
	at org.apache.ratis.grpc.server.GrpcLogAppender.access$500(GrpcLogAppender.java:56)
	at org.apache.ratis.grpc.server.GrpcLogAppender$AppendLogResponseHandler.onCompleted(GrpcLogAppender.java:429)
	at org.apache.ratis.thirdparty.io.grpc.stub.ClientCalls$StreamObserverToCallListenerAdapter.onClose(ClientCalls.java:485)
	at org.apache.ratis.thirdparty.io.grpc.internal.ClientCallImpl.closeObserver(ClientCallImpl.java:563)
	at org.apache.ratis.thirdparty.io.grpc.internal.ClientCallImpl.access$300(ClientCallImpl.java:70)
	at org.apache.ratis.thirdparty.io.grpc.internal.ClientCallImpl$ClientStreamListenerImpl$1StreamClosed.runInternal(ClientCallImpl.java:744)
	at org.apache.ratis.thirdparty.io.grpc.internal.ClientCallImpl$ClientStreamListenerImpl$1StreamClosed.runInContext(ClientCallImpl.java:723)
	at org.apache.ratis.thirdparty.io.grpc.internal.ContextRunnable.run(ContextRunnable.java:37)
	at org.apache.ratis.thirdparty.io.grpc.internal.SerializingExecutor.run(SerializingExecutor.java:133)
	at java.util.concurrent.ThreadPoolExecutor.runWorker(ThreadPoolExecutor.java:1149)
	at java.util.concurrent.ThreadPoolExecutor$Worker.run(ThreadPoolExecutor.java:624)
	at java.lang.Thread.run(Thread.java:750)
2023-09-07 20:29:16,977 [grpc-default-executor-5] INFO  server.GrpcLogAppender (GrpcLogAppender.java:onError(417)) - 4c0a5098-e377-4fbc-882f-38eb7693a6cf@group-3437F87ABA2C->22c736ca-ae96-41a9-953f-e3c60311c10c-GrpcLogAppender is already stopped
2023-09-07 20:29:16,978 [ForkJoinPool.commonPool-worker-2] INFO  server.GrpcService (GrpcService.java:closeImpl(311)) - 4928b7b2-b158-4302-bddf-2efad1d6a915: shutdown server org.apache.ratis.grpc.server.GrpcClientProtocolService now
2023-09-07 20:29:16,984 [ForkJoinPool.commonPool-worker-2] INFO  server.GrpcService (GrpcService.java:closeImpl(320)) - 4928b7b2-b158-4302-bddf-2efad1d6a915: shutdown server org.apache.ratis.grpc.server.GrpcClientProtocolService successfully
2023-09-07 20:29:16,984 [ForkJoinPool.commonPool-worker-2] INFO  server.GrpcService (GrpcService.java:closeImpl(311)) - 4928b7b2-b158-4302-bddf-2efad1d6a915: shutdown server GrpcServerProtocolService now
2023-09-07 20:29:16,984 [4928b7b2-b158-4302-bddf-2efad1d6a915-impl-thread2] INFO  server.RaftServer$Division (RaftServerImpl.java:lambda$close$4(466)) - 4928b7b2-b158-4302-bddf-2efad1d6a915@group-C7AC0158FC8C: shutdown
2023-09-07 20:29:16,985 [4928b7b2-b158-4302-bddf-2efad1d6a915-impl-thread2] INFO  util.JmxRegister (JmxRegister.java:unregister(73)) - Successfully un-registered JMX Bean with object name Ratis:service=RaftServer,group=group-C7AC0158FC8C,id=4928b7b2-b158-4302-bddf-2efad1d6a915
2023-09-07 20:29:16,985 [4928b7b2-b158-4302-bddf-2efad1d6a915-impl-thread2] INFO  impl.RoleInfo (RoleInfo.java:shutdownLeaderState(93)) - 4928b7b2-b158-4302-bddf-2efad1d6a915: shutdown 4928b7b2-b158-4302-bddf-2efad1d6a915@group-C7AC0158FC8C-LeaderStateImpl
2023-09-07 20:29:16,985 [4928b7b2-b158-4302-bddf-2efad1d6a915-impl-thread2] INFO  impl.PendingRequests (PendingRequests.java:sendNotLeaderResponses(289)) - 4928b7b2-b158-4302-bddf-2efad1d6a915@group-C7AC0158FC8C-PendingRequests: sendNotLeaderResponses
2023-09-07 20:29:16,985 [4928b7b2-b158-4302-bddf-2efad1d6a915-impl-thread2] INFO  impl.StateMachineUpdater (StateMachineUpdater.java:stopAndJoin(155)) - 4928b7b2-b158-4302-bddf-2efad1d6a915@group-C7AC0158FC8C-StateMachineUpdater: set stopIndex = 0
2023-09-07 20:29:16,985 [4928b7b2-b158-4302-bddf-2efad1d6a915@group-C7AC0158FC8C-StateMachineUpdater] INFO  ratis.ContainerStateMachine (ContainerStateMachine.java:takeSnapshot(330)) - group-C7AC0158FC8C: Taking a snapshot at:(t:1, i:0) file /home/runner/work/ozone/ozone/hadoop-ozone/integration-test/target/test-dir/MiniOzoneClusterImpl-4ce661d8-ac2f-48de-9281-714c9e7643bd/datanode-4/data/ratis/84234fea-cd31-4494-b386-c7ac0158fc8c/sm/snapshot.1_0
2023-09-07 20:29:16,987 [4928b7b2-b158-4302-bddf-2efad1d6a915@group-C7AC0158FC8C-StateMachineUpdater] INFO  ratis.ContainerStateMachine (ContainerStateMachine.java:takeSnapshot(341)) - group-C7AC0158FC8C: Finished taking a snapshot at:(t:1, i:0) file:/home/runner/work/ozone/ozone/hadoop-ozone/integration-test/target/test-dir/MiniOzoneClusterImpl-4ce661d8-ac2f-48de-9281-714c9e7643bd/datanode-4/data/ratis/84234fea-cd31-4494-b386-c7ac0158fc8c/sm/snapshot.1_0 took: 2 ms
2023-09-07 20:29:16,988 [4928b7b2-b158-4302-bddf-2efad1d6a915@group-C7AC0158FC8C-StateMachineUpdater] INFO  impl.StateMachineUpdater (StateMachineUpdater.java:takeSnapshot(291)) - 4928b7b2-b158-4302-bddf-2efad1d6a915@group-C7AC0158FC8C-StateMachineUpdater: Took a snapshot at index 0
2023-09-07 20:29:16,988 [4928b7b2-b158-4302-bddf-2efad1d6a915@group-C7AC0158FC8C-StateMachineUpdater] INFO  impl.StateMachineUpdater (StateMachineUpdater.java:lambda$new$0(97)) - 4928b7b2-b158-4302-bddf-2efad1d6a915@group-C7AC0158FC8C-StateMachineUpdater: snapshotIndex: updateIncreasingly -1 -> 0
2023-09-07 20:29:16,988 [4928b7b2-b158-4302-bddf-2efad1d6a915-impl-thread2] INFO  server.RaftServer$Division (ServerState.java:close(472)) - 4928b7b2-b158-4302-bddf-2efad1d6a915@group-C7AC0158FC8C: closes. applyIndex: 0
2023-09-07 20:29:17,000 [ForkJoinPool.commonPool-worker-0] INFO  server.GrpcService (GrpcService.java:closeImpl(320)) - 22c736ca-ae96-41a9-953f-e3c60311c10c: shutdown server GrpcServerProtocolService successfully
2023-09-07 20:29:17,000 [ForkJoinPool.commonPool-worker-0] INFO  server.GrpcService (GrpcService.java:closeImpl(311)) - 22c736ca-ae96-41a9-953f-e3c60311c10c: shutdown server org.apache.ratis.grpc.server.GrpcAdminProtocolService now
2023-09-07 20:29:17,002 [ForkJoinPool.commonPool-worker-2] INFO  server.GrpcService (GrpcService.java:closeImpl(320)) - 4928b7b2-b158-4302-bddf-2efad1d6a915: shutdown server GrpcServerProtocolService successfully
2023-09-07 20:29:17,002 [ForkJoinPool.commonPool-worker-2] INFO  server.GrpcService (GrpcService.java:closeImpl(311)) - 4928b7b2-b158-4302-bddf-2efad1d6a915: shutdown server org.apache.ratis.grpc.server.GrpcAdminProtocolService now
2023-09-07 20:29:17,015 [ForkJoinPool.commonPool-worker-1] INFO  server.GrpcService (GrpcService.java:closeImpl(320)) - 4c0a5098-e377-4fbc-882f-38eb7693a6cf: shutdown server org.apache.ratis.grpc.server.GrpcClientProtocolService successfully
2023-09-07 20:29:17,016 [ForkJoinPool.commonPool-worker-1] INFO  server.GrpcService (GrpcService.java:closeImpl(311)) - 4c0a5098-e377-4fbc-882f-38eb7693a6cf: shutdown server GrpcServerProtocolService now
2023-09-07 20:29:17,016 [ForkJoinPool.commonPool-worker-0] INFO  server.GrpcService (GrpcService.java:closeImpl(320)) - 22c736ca-ae96-41a9-953f-e3c60311c10c: shutdown server org.apache.ratis.grpc.server.GrpcAdminProtocolService successfully
2023-09-07 20:29:17,017 [22c736ca-ae96-41a9-953f-e3c60311c10c-NettyServerStreamRpc-bossGroup--thread1] INFO  logging.LoggingHandler (AbstractInternalLogger.java:log(148)) - [id: 0x9cad1dd0, L:/0:0:0:0:0:0:0:0:15024] CLOSE
2023-09-07 20:29:17,017 [22c736ca-ae96-41a9-953f-e3c60311c10c-NettyServerStreamRpc-bossGroup--thread1] INFO  logging.LoggingHandler (AbstractInternalLogger.java:log(148)) - [id: 0x9cad1dd0, L:/0:0:0:0:0:0:0:0:15024] INACTIVE
2023-09-07 20:29:17,017 [22c736ca-ae96-41a9-953f-e3c60311c10c-NettyServerStreamRpc-bossGroup--thread1] INFO  logging.LoggingHandler (AbstractInternalLogger.java:log(148)) - [id: 0x9cad1dd0, L:/0:0:0:0:0:0:0:0:15024] UNREGISTERED
2023-09-07 20:29:17,021 [ForkJoinPool.commonPool-worker-1] INFO  server.GrpcService (GrpcService.java:closeImpl(320)) - 4c0a5098-e377-4fbc-882f-38eb7693a6cf: shutdown server GrpcServerProtocolService successfully
2023-09-07 20:29:17,022 [ForkJoinPool.commonPool-worker-1] INFO  server.GrpcService (GrpcService.java:closeImpl(311)) - 4c0a5098-e377-4fbc-882f-38eb7693a6cf: shutdown server org.apache.ratis.grpc.server.GrpcAdminProtocolService now
2023-09-07 20:29:17,022 [ForkJoinPool.commonPool-worker-2] INFO  server.GrpcService (GrpcService.java:closeImpl(320)) - 4928b7b2-b158-4302-bddf-2efad1d6a915: shutdown server org.apache.ratis.grpc.server.GrpcAdminProtocolService successfully
2023-09-07 20:29:17,022 [4928b7b2-b158-4302-bddf-2efad1d6a915-NettyServerStreamRpc-bossGroup--thread1] INFO  logging.LoggingHandler (AbstractInternalLogger.java:log(148)) - [id: 0xd8adb661, L:/0:0:0:0:0:0:0:0:15051] CLOSE
2023-09-07 20:29:17,023 [4928b7b2-b158-4302-bddf-2efad1d6a915-NettyServerStreamRpc-bossGroup--thread1] INFO  logging.LoggingHandler (AbstractInternalLogger.java:log(148)) - [id: 0xd8adb661, L:/0:0:0:0:0:0:0:0:15051] INACTIVE
2023-09-07 20:29:17,023 [4928b7b2-b158-4302-bddf-2efad1d6a915-NettyServerStreamRpc-bossGroup--thread1] INFO  logging.LoggingHandler (AbstractInternalLogger.java:log(148)) - [id: 0xd8adb661, L:/0:0:0:0:0:0:0:0:15051] UNREGISTERED
2023-09-07 20:29:17,024 [ForkJoinPool.commonPool-worker-1] INFO  server.GrpcService (GrpcService.java:closeImpl(320)) - 4c0a5098-e377-4fbc-882f-38eb7693a6cf: shutdown server org.apache.ratis.grpc.server.GrpcAdminProtocolService successfully
2023-09-07 20:29:17,027 [ForkJoinPool.commonPool-worker-3] INFO  ozoneimpl.OzoneContainer (OzoneContainer.java:stop(451)) - Attempting to stop container services.
2023-09-07 20:29:17,047 [4c0a5098-e377-4fbc-882f-38eb7693a6cf-NettyServerStreamRpc-bossGroup--thread1] INFO  logging.LoggingHandler (AbstractInternalLogger.java:log(148)) - [id: 0x83fe39cd, L:/0:0:0:0:0:0:0:0:15015] CLOSE
2023-09-07 20:29:17,048 [4c0a5098-e377-4fbc-882f-38eb7693a6cf-NettyServerStreamRpc-bossGroup--thread1] INFO  logging.LoggingHandler (AbstractInternalLogger.java:log(148)) - [id: 0x83fe39cd, L:/0:0:0:0:0:0:0:0:15015] INACTIVE
2023-09-07 20:29:17,048 [4c0a5098-e377-4fbc-882f-38eb7693a6cf-NettyServerStreamRpc-bossGroup--thread1] INFO  logging.LoggingHandler (AbstractInternalLogger.java:log(148)) - [id: 0x83fe39cd, L:/0:0:0:0:0:0:0:0:15015] UNREGISTERED
2023-09-07 20:29:17,049 [ForkJoinPool.commonPool-worker-3] INFO  server.RaftServer (RaftServerProxy.java:lambda$close$6(416)) - 5f055d78-845e-4650-aea7-51f979d0aed9: close
2023-09-07 20:29:17,060 [ForkJoinPool.commonPool-worker-3] INFO  server.GrpcService (GrpcService.java:closeImpl(311)) - 5f055d78-845e-4650-aea7-51f979d0aed9: shutdown server org.apache.ratis.grpc.server.GrpcClientProtocolService now
2023-09-07 20:29:17,060 [5f055d78-845e-4650-aea7-51f979d0aed9-impl-thread2] INFO  server.RaftServer$Division (RaftServerImpl.java:lambda$close$4(466)) - 5f055d78-845e-4650-aea7-51f979d0aed9@group-65E2763B01A6: shutdown
2023-09-07 20:29:17,060 [5f055d78-845e-4650-aea7-51f979d0aed9-impl-thread2] INFO  util.JmxRegister (JmxRegister.java:unregister(73)) - Successfully un-registered JMX Bean with object name Ratis:service=RaftServer,group=group-65E2763B01A6,id=5f055d78-845e-4650-aea7-51f979d0aed9
2023-09-07 20:29:17,060 [5f055d78-845e-4650-aea7-51f979d0aed9-impl-thread2] INFO  impl.RoleInfo (RoleInfo.java:shutdownLeaderState(93)) - 5f055d78-845e-4650-aea7-51f979d0aed9: shutdown 5f055d78-845e-4650-aea7-51f979d0aed9@group-65E2763B01A6-LeaderStateImpl
2023-09-07 20:29:17,061 [5f055d78-845e-4650-aea7-51f979d0aed9-impl-thread2] INFO  impl.PendingRequests (PendingRequests.java:sendNotLeaderResponses(289)) - 5f055d78-845e-4650-aea7-51f979d0aed9@group-65E2763B01A6-PendingRequests: sendNotLeaderResponses
2023-09-07 20:29:17,063 [5f055d78-845e-4650-aea7-51f979d0aed9-impl-thread2] INFO  impl.StateMachineUpdater (StateMachineUpdater.java:stopAndJoin(155)) - 5f055d78-845e-4650-aea7-51f979d0aed9@group-65E2763B01A6-StateMachineUpdater: set stopIndex = 0
2023-09-07 20:29:17,064 [5f055d78-845e-4650-aea7-51f979d0aed9@group-65E2763B01A6-StateMachineUpdater] INFO  ratis.ContainerStateMachine (ContainerStateMachine.java:takeSnapshot(330)) - group-65E2763B01A6: Taking a snapshot at:(t:1, i:0) file /home/runner/work/ozone/ozone/hadoop-ozone/integration-test/target/test-dir/MiniOzoneClusterImpl-4ce661d8-ac2f-48de-9281-714c9e7643bd/datanode-3/data/ratis/b5743d3b-1943-4975-9732-65e2763b01a6/sm/snapshot.1_0
2023-09-07 20:29:17,066 [5f055d78-845e-4650-aea7-51f979d0aed9@group-65E2763B01A6-StateMachineUpdater] INFO  ratis.ContainerStateMachine (ContainerStateMachine.java:takeSnapshot(341)) - group-65E2763B01A6: Finished taking a snapshot at:(t:1, i:0) file:/home/runner/work/ozone/ozone/hadoop-ozone/integration-test/target/test-dir/MiniOzoneClusterImpl-4ce661d8-ac2f-48de-9281-714c9e7643bd/datanode-3/data/ratis/b5743d3b-1943-4975-9732-65e2763b01a6/sm/snapshot.1_0 took: 1 ms
2023-09-07 20:29:17,066 [5f055d78-845e-4650-aea7-51f979d0aed9@group-65E2763B01A6-StateMachineUpdater] INFO  impl.StateMachineUpdater (StateMachineUpdater.java:takeSnapshot(291)) - 5f055d78-845e-4650-aea7-51f979d0aed9@group-65E2763B01A6-StateMachineUpdater: Took a snapshot at index 0
2023-09-07 20:29:17,066 [5f055d78-845e-4650-aea7-51f979d0aed9@group-65E2763B01A6-StateMachineUpdater] INFO  impl.StateMachineUpdater (StateMachineUpdater.java:lambda$new$0(97)) - 5f055d78-845e-4650-aea7-51f979d0aed9@group-65E2763B01A6-StateMachineUpdater: snapshotIndex: updateIncreasingly -1 -> 0
2023-09-07 20:29:17,066 [5f055d78-845e-4650-aea7-51f979d0aed9-impl-thread2] INFO  server.RaftServer$Division (ServerState.java:close(472)) - 5f055d78-845e-4650-aea7-51f979d0aed9@group-65E2763B01A6: closes. applyIndex: 0
2023-09-07 20:29:17,074 [ForkJoinPool.commonPool-worker-3] INFO  server.GrpcService (GrpcService.java:closeImpl(320)) - 5f055d78-845e-4650-aea7-51f979d0aed9: shutdown server org.apache.ratis.grpc.server.GrpcClientProtocolService successfully
2023-09-07 20:29:17,074 [ForkJoinPool.commonPool-worker-3] INFO  server.GrpcService (GrpcService.java:closeImpl(311)) - 5f055d78-845e-4650-aea7-51f979d0aed9: shutdown server GrpcServerProtocolService now
2023-09-07 20:29:17,086 [ForkJoinPool.commonPool-worker-3] INFO  server.GrpcService (GrpcService.java:closeImpl(320)) - 5f055d78-845e-4650-aea7-51f979d0aed9: shutdown server GrpcServerProtocolService successfully
2023-09-07 20:29:17,086 [ForkJoinPool.commonPool-worker-3] INFO  server.GrpcService (GrpcService.java:closeImpl(311)) - 5f055d78-845e-4650-aea7-51f979d0aed9: shutdown server org.apache.ratis.grpc.server.GrpcAdminProtocolService now
2023-09-07 20:29:17,103 [4c0a5098-e377-4fbc-882f-38eb7693a6cf-impl-thread4] INFO  segmented.SegmentedRaftLogWorker (SegmentedRaftLogWorker.java:close(252)) - 4c0a5098-e377-4fbc-882f-38eb7693a6cf@group-C8B31C760BF2-SegmentedRaftLogWorker close()
2023-09-07 20:29:17,107 [ForkJoinPool.commonPool-worker-3] INFO  server.GrpcService (GrpcService.java:closeImpl(320)) - 5f055d78-845e-4650-aea7-51f979d0aed9: shutdown server org.apache.ratis.grpc.server.GrpcAdminProtocolService successfully
2023-09-07 20:29:17,108 [5f055d78-845e-4650-aea7-51f979d0aed9-NettyServerStreamRpc-bossGroup--thread1] INFO  logging.LoggingHandler (AbstractInternalLogger.java:log(148)) - [id: 0x5e53ea9e, L:/0:0:0:0:0:0:0:0:15042] CLOSE
2023-09-07 20:29:17,108 [5f055d78-845e-4650-aea7-51f979d0aed9-NettyServerStreamRpc-bossGroup--thread1] INFO  logging.LoggingHandler (AbstractInternalLogger.java:log(148)) - [id: 0x5e53ea9e, L:/0:0:0:0:0:0:0:0:15042] INACTIVE
2023-09-07 20:29:17,108 [5f055d78-845e-4650-aea7-51f979d0aed9-NettyServerStreamRpc-bossGroup--thread1] INFO  logging.LoggingHandler (AbstractInternalLogger.java:log(148)) - [id: 0x5e53ea9e, L:/0:0:0:0:0:0:0:0:15042] UNREGISTERED
2023-09-07 20:29:17,636 [4c0a5098-e377-4fbc-882f-38eb7693a6cf-impl-thread3] INFO  segmented.SegmentedRaftLogWorker (SegmentedRaftLogWorker.java:close(252)) - 4c0a5098-e377-4fbc-882f-38eb7693a6cf@group-3437F87ABA2C-SegmentedRaftLogWorker close()
2023-09-07 20:29:17,638 [JvmPauseMonitor2] INFO  util.JvmPauseMonitor (JvmPauseMonitor.java:run(109)) - JvmPauseMonitor-4c0a5098-e377-4fbc-882f-38eb7693a6cf: Stopped
2023-09-07 20:29:17,657 [22c736ca-ae96-41a9-953f-e3c60311c10c-impl-thread4] INFO  segmented.SegmentedRaftLogWorker (SegmentedRaftLogWorker.java:close(252)) - 22c736ca-ae96-41a9-953f-e3c60311c10c@group-3437F87ABA2C-SegmentedRaftLogWorker close()
2023-09-07 20:29:17,657 [d960e1ec-e2de-43a1-b7f8-937811771cc3-impl-thread3] INFO  segmented.SegmentedRaftLogWorker (SegmentedRaftLogWorker.java:close(252)) - d960e1ec-e2de-43a1-b7f8-937811771cc3@group-3437F87ABA2C-SegmentedRaftLogWorker close()
2023-09-07 20:29:17,660 [JvmPauseMonitor4] INFO  util.JvmPauseMonitor (JvmPauseMonitor.java:run(109)) - JvmPauseMonitor-d960e1ec-e2de-43a1-b7f8-937811771cc3: Stopped
2023-09-07 20:29:17,660 [JvmPauseMonitor3] INFO  util.JvmPauseMonitor (JvmPauseMonitor.java:run(109)) - JvmPauseMonitor-22c736ca-ae96-41a9-953f-e3c60311c10c: Stopped
2023-09-07 20:29:17,940 [5f055d78-845e-4650-aea7-51f979d0aed9-impl-thread2] INFO  segmented.SegmentedRaftLogWorker (SegmentedRaftLogWorker.java:close(252)) - 5f055d78-845e-4650-aea7-51f979d0aed9@group-65E2763B01A6-SegmentedRaftLogWorker close()
2023-09-07 20:29:17,941 [JvmPauseMonitor5] INFO  util.JvmPauseMonitor (JvmPauseMonitor.java:run(109)) - JvmPauseMonitor-5f055d78-845e-4650-aea7-51f979d0aed9: Stopped
2023-09-07 20:29:17,943 [4928b7b2-b158-4302-bddf-2efad1d6a915-impl-thread2] INFO  segmented.SegmentedRaftLogWorker (SegmentedRaftLogWorker.java:close(252)) - 4928b7b2-b158-4302-bddf-2efad1d6a915@group-C7AC0158FC8C-SegmentedRaftLogWorker close()
2023-09-07 20:29:17,946 [JvmPauseMonitor6] INFO  util.JvmPauseMonitor (JvmPauseMonitor.java:run(109)) - JvmPauseMonitor-4928b7b2-b158-4302-bddf-2efad1d6a915: Stopped
2023-09-07 20:29:19,663 [ForkJoinPool.commonPool-worker-1] INFO  utils.DatanodeStoreCache (DatanodeStoreCache.java:shutdownCache(110)) - Skip clearing cache in mini cluster mode. Entries left: [/home/runner/work/ozone/ozone/hadoop-ozone/integration-test/target/test-dir/MiniOzoneClusterImpl-4ce661d8-ac2f-48de-9281-714c9e7643bd/datanode-0/data-0/containers/hdds/4ce661d8-ac2f-48de-9281-714c9e7643bd/DS-b8ca645e-11fd-4d43-b630-5fb4fe04878d/container.db, /home/runner/work/ozone/ozone/hadoop-ozone/integration-test/target/test-dir/MiniOzoneClusterImpl-4ce661d8-ac2f-48de-9281-714c9e7643bd/datanode-1/data-0/containers/hdds/4ce661d8-ac2f-48de-9281-714c9e7643bd/DS-c440ba07-1be3-45d7-a4b2-a249ab41d82d/container.db, /home/runner/work/ozone/ozone/hadoop-ozone/integration-test/target/test-dir/MiniOzoneClusterImpl-4ce661d8-ac2f-48de-9281-714c9e7643bd/datanode-2/data-0/containers/hdds/4ce661d8-ac2f-48de-9281-714c9e7643bd/DS-3cb7fd49-0f43-4f05-a7d2-46e626da8cfb/container.db, /home/runner/work/ozone/ozone/hadoop-ozone/integration-test/target/test-dir/MiniOzoneClusterImpl-4ce661d8-ac2f-48de-9281-714c9e7643bd/datanode-3/data-0/containers/hdds/4ce661d8-ac2f-48de-9281-714c9e7643bd/DS-0da9b5c5-3bc6-4edf-a211-098e541a51a1/container.db, /home/runner/work/ozone/ozone/hadoop-ozone/integration-test/target/test-dir/MiniOzoneClusterImpl-4ce661d8-ac2f-48de-9281-714c9e7643bd/datanode-4/data-0/containers/hdds/4ce661d8-ac2f-48de-9281-714c9e7643bd/DS-ae43dad7-b9a5-4c00-b63e-e2a06a0aade9/container.db]
2023-09-07 20:29:19,677 [ForkJoinPool.commonPool-worker-0] INFO  utils.DatanodeStoreCache (DatanodeStoreCache.java:shutdownCache(110)) - Skip clearing cache in mini cluster mode. Entries left: [/home/runner/work/ozone/ozone/hadoop-ozone/integration-test/target/test-dir/MiniOzoneClusterImpl-4ce661d8-ac2f-48de-9281-714c9e7643bd/datanode-0/data-0/containers/hdds/4ce661d8-ac2f-48de-9281-714c9e7643bd/DS-b8ca645e-11fd-4d43-b630-5fb4fe04878d/container.db, /home/runner/work/ozone/ozone/hadoop-ozone/integration-test/target/test-dir/MiniOzoneClusterImpl-4ce661d8-ac2f-48de-9281-714c9e7643bd/datanode-1/data-0/containers/hdds/4ce661d8-ac2f-48de-9281-714c9e7643bd/DS-c440ba07-1be3-45d7-a4b2-a249ab41d82d/container.db, /home/runner/work/ozone/ozone/hadoop-ozone/integration-test/target/test-dir/MiniOzoneClusterImpl-4ce661d8-ac2f-48de-9281-714c9e7643bd/datanode-2/data-0/containers/hdds/4ce661d8-ac2f-48de-9281-714c9e7643bd/DS-3cb7fd49-0f43-4f05-a7d2-46e626da8cfb/container.db, /home/runner/work/ozone/ozone/hadoop-ozone/integration-test/target/test-dir/MiniOzoneClusterImpl-4ce661d8-ac2f-48de-9281-714c9e7643bd/datanode-3/data-0/containers/hdds/4ce661d8-ac2f-48de-9281-714c9e7643bd/DS-0da9b5c5-3bc6-4edf-a211-098e541a51a1/container.db, /home/runner/work/ozone/ozone/hadoop-ozone/integration-test/target/test-dir/MiniOzoneClusterImpl-4ce661d8-ac2f-48de-9281-714c9e7643bd/datanode-4/data-0/containers/hdds/4ce661d8-ac2f-48de-9281-714c9e7643bd/DS-ae43dad7-b9a5-4c00-b63e-e2a06a0aade9/container.db]
2023-09-07 20:29:19,677 [main] INFO  utils.DatanodeStoreCache (DatanodeStoreCache.java:shutdownCache(110)) - Skip clearing cache in mini cluster mode. Entries left: [/home/runner/work/ozone/ozone/hadoop-ozone/integration-test/target/test-dir/MiniOzoneClusterImpl-4ce661d8-ac2f-48de-9281-714c9e7643bd/datanode-0/data-0/containers/hdds/4ce661d8-ac2f-48de-9281-714c9e7643bd/DS-b8ca645e-11fd-4d43-b630-5fb4fe04878d/container.db, /home/runner/work/ozone/ozone/hadoop-ozone/integration-test/target/test-dir/MiniOzoneClusterImpl-4ce661d8-ac2f-48de-9281-714c9e7643bd/datanode-1/data-0/containers/hdds/4ce661d8-ac2f-48de-9281-714c9e7643bd/DS-c440ba07-1be3-45d7-a4b2-a249ab41d82d/container.db, /home/runner/work/ozone/ozone/hadoop-ozone/integration-test/target/test-dir/MiniOzoneClusterImpl-4ce661d8-ac2f-48de-9281-714c9e7643bd/datanode-2/data-0/containers/hdds/4ce661d8-ac2f-48de-9281-714c9e7643bd/DS-3cb7fd49-0f43-4f05-a7d2-46e626da8cfb/container.db, /home/runner/work/ozone/ozone/hadoop-ozone/integration-test/target/test-dir/MiniOzoneClusterImpl-4ce661d8-ac2f-48de-9281-714c9e7643bd/datanode-3/data-0/containers/hdds/4ce661d8-ac2f-48de-9281-714c9e7643bd/DS-0da9b5c5-3bc6-4edf-a211-098e541a51a1/container.db, /home/runner/work/ozone/ozone/hadoop-ozone/integration-test/target/test-dir/MiniOzoneClusterImpl-4ce661d8-ac2f-48de-9281-714c9e7643bd/datanode-4/data-0/containers/hdds/4ce661d8-ac2f-48de-9281-714c9e7643bd/DS-ae43dad7-b9a5-4c00-b63e-e2a06a0aade9/container.db]
2023-09-07 20:29:19,690 [main] INFO  utils.DatanodeStoreCache (DatanodeStoreCache.java:removeDB(104)) - Removed db /home/runner/work/ozone/ozone/hadoop-ozone/integration-test/target/test-dir/MiniOzoneClusterImpl-4ce661d8-ac2f-48de-9281-714c9e7643bd/datanode-2/data-0/containers/hdds/4ce661d8-ac2f-48de-9281-714c9e7643bd/DS-3cb7fd49-0f43-4f05-a7d2-46e626da8cfb/container.db from cache
2023-09-07 20:29:19,690 [main] INFO  volume.HddsVolume (HddsVolume.java:closeDbStore(453)) - SchemaV3 db is stopped at /home/runner/work/ozone/ozone/hadoop-ozone/integration-test/target/test-dir/MiniOzoneClusterImpl-4ce661d8-ac2f-48de-9281-714c9e7643bd/datanode-2/data-0/containers/hdds/4ce661d8-ac2f-48de-9281-714c9e7643bd/DS-3cb7fd49-0f43-4f05-a7d2-46e626da8cfb/container.db for volume DS-3cb7fd49-0f43-4f05-a7d2-46e626da8cfb
2023-09-07 20:29:19,691 [main] INFO  utils.BackgroundService (BackgroundService.java:shutdown(141)) - Shutting down service BlockDeletingService
2023-09-07 20:29:19,693 [main] INFO  utils.BackgroundService (BackgroundService.java:shutdown(141)) - Shutting down service StaleRecoveringContainerScrubbingService
2023-09-07 20:29:19,694 [ForkJoinPool.commonPool-worker-0] INFO  utils.DatanodeStoreCache (DatanodeStoreCache.java:removeDB(104)) - Removed db /home/runner/work/ozone/ozone/hadoop-ozone/integration-test/target/test-dir/MiniOzoneClusterImpl-4ce661d8-ac2f-48de-9281-714c9e7643bd/datanode-1/data-0/containers/hdds/4ce661d8-ac2f-48de-9281-714c9e7643bd/DS-c440ba07-1be3-45d7-a4b2-a249ab41d82d/container.db from cache
2023-09-07 20:29:19,694 [ForkJoinPool.commonPool-worker-0] INFO  volume.HddsVolume (HddsVolume.java:closeDbStore(453)) - SchemaV3 db is stopped at /home/runner/work/ozone/ozone/hadoop-ozone/integration-test/target/test-dir/MiniOzoneClusterImpl-4ce661d8-ac2f-48de-9281-714c9e7643bd/datanode-1/data-0/containers/hdds/4ce661d8-ac2f-48de-9281-714c9e7643bd/DS-c440ba07-1be3-45d7-a4b2-a249ab41d82d/container.db for volume DS-c440ba07-1be3-45d7-a4b2-a249ab41d82d
2023-09-07 20:29:19,695 [ForkJoinPool.commonPool-worker-1] INFO  utils.DatanodeStoreCache (DatanodeStoreCache.java:removeDB(104)) - Removed db /home/runner/work/ozone/ozone/hadoop-ozone/integration-test/target/test-dir/MiniOzoneClusterImpl-4ce661d8-ac2f-48de-9281-714c9e7643bd/datanode-0/data-0/containers/hdds/4ce661d8-ac2f-48de-9281-714c9e7643bd/DS-b8ca645e-11fd-4d43-b630-5fb4fe04878d/container.db from cache
2023-09-07 20:29:19,695 [ForkJoinPool.commonPool-worker-1] INFO  volume.HddsVolume (HddsVolume.java:closeDbStore(453)) - SchemaV3 db is stopped at /home/runner/work/ozone/ozone/hadoop-ozone/integration-test/target/test-dir/MiniOzoneClusterImpl-4ce661d8-ac2f-48de-9281-714c9e7643bd/datanode-0/data-0/containers/hdds/4ce661d8-ac2f-48de-9281-714c9e7643bd/DS-b8ca645e-11fd-4d43-b630-5fb4fe04878d/container.db for volume DS-b8ca645e-11fd-4d43-b630-5fb4fe04878d
2023-09-07 20:29:19,698 [main] INFO  statemachine.DatanodeStateMachine (DatanodeStateMachine.java:stopDaemon(620)) - Ozone container server stopped.
2023-09-07 20:29:19,698 [ForkJoinPool.commonPool-worker-0] INFO  utils.BackgroundService (BackgroundService.java:shutdown(141)) - Shutting down service BlockDeletingService
2023-09-07 20:29:19,698 [ForkJoinPool.commonPool-worker-1] INFO  utils.BackgroundService (BackgroundService.java:shutdown(141)) - Shutting down service BlockDeletingService
2023-09-07 20:29:19,705 [ForkJoinPool.commonPool-worker-0] INFO  utils.BackgroundService (BackgroundService.java:shutdown(141)) - Shutting down service StaleRecoveringContainerScrubbingService
2023-09-07 20:29:19,707 [ForkJoinPool.commonPool-worker-1] INFO  utils.BackgroundService (BackgroundService.java:shutdown(141)) - Shutting down service StaleRecoveringContainerScrubbingService
2023-09-07 20:29:19,714 [ForkJoinPool.commonPool-worker-0] INFO  statemachine.DatanodeStateMachine (DatanodeStateMachine.java:stopDaemon(620)) - Ozone container server stopped.
2023-09-07 20:29:19,724 [ForkJoinPool.commonPool-worker-1] INFO  statemachine.DatanodeStateMachine (DatanodeStateMachine.java:stopDaemon(620)) - Ozone container server stopped.
2023-09-07 20:29:19,750 [main] INFO  handler.ContextHandler (ContextHandler.java:doStop(1159)) - Stopped o.e.j.w.WebAppContext@14f57d5a{hddsDatanode,/,null,STOPPED}{jar:file:/home/runner/.m2/repository/org/apache/ozone/hdds-container-service/1.4.0-SNAPSHOT/hdds-container-service-1.4.0-SNAPSHOT.jar!/webapps/hddsDatanode}
2023-09-07 20:29:19,751 [ForkJoinPool.commonPool-worker-0] INFO  handler.ContextHandler (ContextHandler.java:doStop(1159)) - Stopped o.e.j.w.WebAppContext@35d8a515{hddsDatanode,/,null,STOPPED}{jar:file:/home/runner/.m2/repository/org/apache/ozone/hdds-container-service/1.4.0-SNAPSHOT/hdds-container-service-1.4.0-SNAPSHOT.jar!/webapps/hddsDatanode}
2023-09-07 20:29:19,754 [main] INFO  server.AbstractConnector (AbstractConnector.java:doStop(383)) - Stopped ServerConnector@2bad9fbb{HTTP/1.1, (http/1.1)}{0.0.0.0:15027}
2023-09-07 20:29:19,755 [main] INFO  server.session (HouseKeeper.java:stopScavenging(149)) - node0 Stopped scavenging
2023-09-07 20:29:19,755 [main] INFO  handler.ContextHandler (ContextHandler.java:doStop(1159)) - Stopped o.e.j.s.ServletContextHandler@67534eeb{static,/static,jar:file:/home/runner/.m2/repository/org/apache/ozone/hdds-container-service/1.4.0-SNAPSHOT/hdds-container-service-1.4.0-SNAPSHOT.jar!/webapps/static,STOPPED}
2023-09-07 20:29:19,755 [main] INFO  handler.ContextHandler (ContextHandler.java:doStop(1159)) - Stopped o.e.j.s.ServletContextHandler@3e0391a3{logs,/logs,file:///home/runner/work/ozone/ozone/hadoop-ozone/integration-test/target/log,STOPPED}
2023-09-07 20:29:19,761 [main] INFO  ozone.HddsDatanodeClientProtocolServer (HddsDatanodeClientProtocolServer.java:stop(78)) - Stopping the RPC server for Client Protocol
2023-09-07 20:29:19,761 [main] INFO  ipc.Server (Server.java:stop(3523)) - Stopping server on 15028
2023-09-07 20:29:19,763 [IPC Server listener on 15028] INFO  ipc.Server (Server.java:run(1434)) - Stopping IPC Server listener on 15028
2023-09-07 20:29:19,753 [ForkJoinPool.commonPool-worker-0] INFO  server.AbstractConnector (AbstractConnector.java:doStop(383)) - Stopped ServerConnector@40574edf{HTTP/1.1, (http/1.1)}{0.0.0.0:15018}
2023-09-07 20:29:19,772 [IPC Server Responder] INFO  ipc.Server (Server.java:run(1567)) - Stopping IPC Server Responder
2023-09-07 20:29:19,772 [ForkJoinPool.commonPool-worker-0] INFO  server.session (HouseKeeper.java:stopScavenging(149)) - node0 Stopped scavenging
2023-09-07 20:29:19,776 [ForkJoinPool.commonPool-worker-0] INFO  handler.ContextHandler (ContextHandler.java:doStop(1159)) - Stopped o.e.j.s.ServletContextHandler@39e3aada{static,/static,jar:file:/home/runner/.m2/repository/org/apache/ozone/hdds-container-service/1.4.0-SNAPSHOT/hdds-container-service-1.4.0-SNAPSHOT.jar!/webapps/static,STOPPED}
2023-09-07 20:29:19,780 [ForkJoinPool.commonPool-worker-1] INFO  handler.ContextHandler (ContextHandler.java:doStop(1159)) - Stopped o.e.j.w.WebAppContext@3e40eda3{hddsDatanode,/,null,STOPPED}{jar:file:/home/runner/.m2/repository/org/apache/ozone/hdds-container-service/1.4.0-SNAPSHOT/hdds-container-service-1.4.0-SNAPSHOT.jar!/webapps/hddsDatanode}
2023-09-07 20:29:19,780 [ForkJoinPool.commonPool-worker-0] INFO  handler.ContextHandler (ContextHandler.java:doStop(1159)) - Stopped o.e.j.s.ServletContextHandler@3da3d0f5{logs,/logs,file:///home/runner/work/ozone/ozone/hadoop-ozone/integration-test/target/log,STOPPED}
2023-09-07 20:29:19,782 [ForkJoinPool.commonPool-worker-0] INFO  ozone.HddsDatanodeClientProtocolServer (HddsDatanodeClientProtocolServer.java:stop(78)) - Stopping the RPC server for Client Protocol
2023-09-07 20:29:19,784 [ForkJoinPool.commonPool-worker-0] INFO  ipc.Server (Server.java:stop(3523)) - Stopping server on 15019
2023-09-07 20:29:19,784 [ForkJoinPool.commonPool-worker-1] INFO  server.AbstractConnector (AbstractConnector.java:doStop(383)) - Stopped ServerConnector@4d7648a5{HTTP/1.1, (http/1.1)}{0.0.0.0:15009}
2023-09-07 20:29:19,785 [IPC Server Responder] INFO  ipc.Server (Server.java:run(1567)) - Stopping IPC Server Responder
2023-09-07 20:29:19,788 [ForkJoinPool.commonPool-worker-1] INFO  server.session (HouseKeeper.java:stopScavenging(149)) - node0 Stopped scavenging
2023-09-07 20:29:19,785 [IPC Server listener on 15019] INFO  ipc.Server (Server.java:run(1434)) - Stopping IPC Server listener on 15019
2023-09-07 20:29:19,790 [ForkJoinPool.commonPool-worker-1] INFO  handler.ContextHandler (ContextHandler.java:doStop(1159)) - Stopped o.e.j.s.ServletContextHandler@c989407{static,/static,jar:file:/home/runner/.m2/repository/org/apache/ozone/hdds-container-service/1.4.0-SNAPSHOT/hdds-container-service-1.4.0-SNAPSHOT.jar!/webapps/static,STOPPED}
2023-09-07 20:29:19,792 [ForkJoinPool.commonPool-worker-1] INFO  handler.ContextHandler (ContextHandler.java:doStop(1159)) - Stopped o.e.j.s.ServletContextHandler@440521c4{logs,/logs,file:///home/runner/work/ozone/ozone/hadoop-ozone/integration-test/target/log,STOPPED}
2023-09-07 20:29:19,793 [ForkJoinPool.commonPool-worker-1] INFO  ozone.HddsDatanodeClientProtocolServer (HddsDatanodeClientProtocolServer.java:stop(78)) - Stopping the RPC server for Client Protocol
2023-09-07 20:29:19,794 [ForkJoinPool.commonPool-worker-1] INFO  ipc.Server (Server.java:stop(3523)) - Stopping server on 15010
2023-09-07 20:29:19,795 [IPC Server Responder] INFO  ipc.Server (Server.java:run(1567)) - Stopping IPC Server Responder
2023-09-07 20:29:19,795 [IPC Server listener on 15010] INFO  ipc.Server (Server.java:run(1434)) - Stopping IPC Server listener on 15010
2023-09-07 20:29:19,948 [ForkJoinPool.commonPool-worker-3] INFO  utils.DatanodeStoreCache (DatanodeStoreCache.java:shutdownCache(110)) - Skip clearing cache in mini cluster mode. Entries left: [/home/runner/work/ozone/ozone/hadoop-ozone/integration-test/target/test-dir/MiniOzoneClusterImpl-4ce661d8-ac2f-48de-9281-714c9e7643bd/datanode-3/data-0/containers/hdds/4ce661d8-ac2f-48de-9281-714c9e7643bd/DS-0da9b5c5-3bc6-4edf-a211-098e541a51a1/container.db, /home/runner/work/ozone/ozone/hadoop-ozone/integration-test/target/test-dir/MiniOzoneClusterImpl-4ce661d8-ac2f-48de-9281-714c9e7643bd/datanode-4/data-0/containers/hdds/4ce661d8-ac2f-48de-9281-714c9e7643bd/DS-ae43dad7-b9a5-4c00-b63e-e2a06a0aade9/container.db]
2023-09-07 20:29:19,951 [ForkJoinPool.commonPool-worker-3] INFO  utils.DatanodeStoreCache (DatanodeStoreCache.java:removeDB(104)) - Removed db /home/runner/work/ozone/ozone/hadoop-ozone/integration-test/target/test-dir/MiniOzoneClusterImpl-4ce661d8-ac2f-48de-9281-714c9e7643bd/datanode-3/data-0/containers/hdds/4ce661d8-ac2f-48de-9281-714c9e7643bd/DS-0da9b5c5-3bc6-4edf-a211-098e541a51a1/container.db from cache
2023-09-07 20:29:19,951 [ForkJoinPool.commonPool-worker-3] INFO  volume.HddsVolume (HddsVolume.java:closeDbStore(453)) - SchemaV3 db is stopped at /home/runner/work/ozone/ozone/hadoop-ozone/integration-test/target/test-dir/MiniOzoneClusterImpl-4ce661d8-ac2f-48de-9281-714c9e7643bd/datanode-3/data-0/containers/hdds/4ce661d8-ac2f-48de-9281-714c9e7643bd/DS-0da9b5c5-3bc6-4edf-a211-098e541a51a1/container.db for volume DS-0da9b5c5-3bc6-4edf-a211-098e541a51a1
2023-09-07 20:29:19,951 [ForkJoinPool.commonPool-worker-2] INFO  utils.DatanodeStoreCache (DatanodeStoreCache.java:shutdownCache(110)) - Skip clearing cache in mini cluster mode. Entries left: [/home/runner/work/ozone/ozone/hadoop-ozone/integration-test/target/test-dir/MiniOzoneClusterImpl-4ce661d8-ac2f-48de-9281-714c9e7643bd/datanode-4/data-0/containers/hdds/4ce661d8-ac2f-48de-9281-714c9e7643bd/DS-ae43dad7-b9a5-4c00-b63e-e2a06a0aade9/container.db]
2023-09-07 20:29:19,952 [ForkJoinPool.commonPool-worker-3] INFO  utils.BackgroundService (BackgroundService.java:shutdown(141)) - Shutting down service BlockDeletingService
2023-09-07 20:29:19,953 [ForkJoinPool.commonPool-worker-2] INFO  utils.DatanodeStoreCache (DatanodeStoreCache.java:removeDB(104)) - Removed db /home/runner/work/ozone/ozone/hadoop-ozone/integration-test/target/test-dir/MiniOzoneClusterImpl-4ce661d8-ac2f-48de-9281-714c9e7643bd/datanode-4/data-0/containers/hdds/4ce661d8-ac2f-48de-9281-714c9e7643bd/DS-ae43dad7-b9a5-4c00-b63e-e2a06a0aade9/container.db from cache
2023-09-07 20:29:19,953 [ForkJoinPool.commonPool-worker-2] INFO  volume.HddsVolume (HddsVolume.java:closeDbStore(453)) - SchemaV3 db is stopped at /home/runner/work/ozone/ozone/hadoop-ozone/integration-test/target/test-dir/MiniOzoneClusterImpl-4ce661d8-ac2f-48de-9281-714c9e7643bd/datanode-4/data-0/containers/hdds/4ce661d8-ac2f-48de-9281-714c9e7643bd/DS-ae43dad7-b9a5-4c00-b63e-e2a06a0aade9/container.db for volume DS-ae43dad7-b9a5-4c00-b63e-e2a06a0aade9
2023-09-07 20:29:19,955 [ForkJoinPool.commonPool-worker-2] INFO  utils.BackgroundService (BackgroundService.java:shutdown(141)) - Shutting down service BlockDeletingService
2023-09-07 20:29:19,955 [ForkJoinPool.commonPool-worker-2] INFO  utils.BackgroundService (BackgroundService.java:shutdown(141)) - Shutting down service StaleRecoveringContainerScrubbingService
2023-09-07 20:29:19,956 [ForkJoinPool.commonPool-worker-3] INFO  utils.BackgroundService (BackgroundService.java:shutdown(141)) - Shutting down service StaleRecoveringContainerScrubbingService
2023-09-07 20:29:19,970 [ForkJoinPool.commonPool-worker-2] INFO  statemachine.DatanodeStateMachine (DatanodeStateMachine.java:stopDaemon(620)) - Ozone container server stopped.
2023-09-07 20:29:19,970 [ForkJoinPool.commonPool-worker-3] INFO  statemachine.DatanodeStateMachine (DatanodeStateMachine.java:stopDaemon(620)) - Ozone container server stopped.
2023-09-07 20:29:19,988 [ForkJoinPool.commonPool-worker-2] INFO  handler.ContextHandler (ContextHandler.java:doStop(1159)) - Stopped o.e.j.w.WebAppContext@603a9c6a{hddsDatanode,/,null,STOPPED}{jar:file:/home/runner/.m2/repository/org/apache/ozone/hdds-container-service/1.4.0-SNAPSHOT/hdds-container-service-1.4.0-SNAPSHOT.jar!/webapps/hddsDatanode}
2023-09-07 20:29:19,989 [ForkJoinPool.commonPool-worker-2] INFO  server.AbstractConnector (AbstractConnector.java:doStop(383)) - Stopped ServerConnector@6234c292{HTTP/1.1, (http/1.1)}{0.0.0.0:15045}
2023-09-07 20:29:19,989 [ForkJoinPool.commonPool-worker-2] INFO  server.session (HouseKeeper.java:stopScavenging(149)) - node0 Stopped scavenging
2023-09-07 20:29:19,990 [ForkJoinPool.commonPool-worker-2] INFO  handler.ContextHandler (ContextHandler.java:doStop(1159)) - Stopped o.e.j.s.ServletContextHandler@4961b6f0{static,/static,jar:file:/home/runner/.m2/repository/org/apache/ozone/hdds-container-service/1.4.0-SNAPSHOT/hdds-container-service-1.4.0-SNAPSHOT.jar!/webapps/static,STOPPED}
2023-09-07 20:29:19,990 [ForkJoinPool.commonPool-worker-2] INFO  handler.ContextHandler (ContextHandler.java:doStop(1159)) - Stopped o.e.j.s.ServletContextHandler@63cdd551{logs,/logs,file:///home/runner/work/ozone/ozone/hadoop-ozone/integration-test/target/log,STOPPED}
2023-09-07 20:29:19,991 [ForkJoinPool.commonPool-worker-2] INFO  ozone.HddsDatanodeClientProtocolServer (HddsDatanodeClientProtocolServer.java:stop(78)) - Stopping the RPC server for Client Protocol
2023-09-07 20:29:19,992 [ForkJoinPool.commonPool-worker-2] INFO  ipc.Server (Server.java:stop(3523)) - Stopping server on 15046
2023-09-07 20:29:19,992 [IPC Server listener on 15046] INFO  ipc.Server (Server.java:run(1434)) - Stopping IPC Server listener on 15046
2023-09-07 20:29:19,995 [IPC Server Responder] INFO  ipc.Server (Server.java:run(1567)) - Stopping IPC Server Responder
2023-09-07 20:29:19,999 [ForkJoinPool.commonPool-worker-3] INFO  handler.ContextHandler (ContextHandler.java:doStop(1159)) - Stopped o.e.j.w.WebAppContext@2a4b9aa0{hddsDatanode,/,null,STOPPED}{jar:file:/home/runner/.m2/repository/org/apache/ozone/hdds-container-service/1.4.0-SNAPSHOT/hdds-container-service-1.4.0-SNAPSHOT.jar!/webapps/hddsDatanode}
2023-09-07 20:29:20,000 [ForkJoinPool.commonPool-worker-3] INFO  server.AbstractConnector (AbstractConnector.java:doStop(383)) - Stopped ServerConnector@79cf42f2{HTTP/1.1, (http/1.1)}{0.0.0.0:15036}
2023-09-07 20:29:20,001 [ForkJoinPool.commonPool-worker-3] INFO  server.session (HouseKeeper.java:stopScavenging(149)) - node0 Stopped scavenging
2023-09-07 20:29:20,003 [ForkJoinPool.commonPool-worker-3] INFO  handler.ContextHandler (ContextHandler.java:doStop(1159)) - Stopped o.e.j.s.ServletContextHandler@16d05123{static,/static,jar:file:/home/runner/.m2/repository/org/apache/ozone/hdds-container-service/1.4.0-SNAPSHOT/hdds-container-service-1.4.0-SNAPSHOT.jar!/webapps/static,STOPPED}
2023-09-07 20:29:20,003 [ForkJoinPool.commonPool-worker-3] INFO  handler.ContextHandler (ContextHandler.java:doStop(1159)) - Stopped o.e.j.s.ServletContextHandler@1bec36ee{logs,/logs,file:///home/runner/work/ozone/ozone/hadoop-ozone/integration-test/target/log,STOPPED}
2023-09-07 20:29:20,005 [ForkJoinPool.commonPool-worker-3] INFO  ozone.HddsDatanodeClientProtocolServer (HddsDatanodeClientProtocolServer.java:stop(78)) - Stopping the RPC server for Client Protocol
2023-09-07 20:29:20,006 [ForkJoinPool.commonPool-worker-3] INFO  ipc.Server (Server.java:stop(3523)) - Stopping server on 15037
2023-09-07 20:29:20,006 [IPC Server listener on 15037] INFO  ipc.Server (Server.java:run(1434)) - Stopping IPC Server listener on 15037
2023-09-07 20:29:20,014 [IPC Server Responder] INFO  ipc.Server (Server.java:run(1567)) - Stopping IPC Server Responder
2023-09-07 20:29:20,017 [main] INFO  ozone.MiniOzoneClusterImpl (MiniOzoneClusterImpl.java:stopSCM(543)) - Stopping the StorageContainerManager
2023-09-07 20:29:20,018 [main] INFO  server.StorageContainerManager (StorageContainerManager.java:stop(1591)) - Container Balancer is not running.
2023-09-07 20:29:20,018 [main] INFO  server.StorageContainerManager (StorageContainerManager.java:stopReplicationManager(1724)) - Stopping Replication Manager Service.
2023-09-07 20:29:20,018 [main] INFO  replication.ReplicationManager (ReplicationManager.java:stop(323)) - Stopping Replication Monitor Thread.
2023-09-07 20:29:20,018 [main] INFO  server.StorageContainerManager (StorageContainerManager.java:stop(1600)) - Stopping the Datanode Admin Monitor.
2023-09-07 20:29:20,018 [main] INFO  server.StorageContainerManager (StorageContainerManager.java:stop(1607)) - Stopping datanode service RPC server
2023-09-07 20:29:20,018 [main] INFO  server.SCMDatanodeProtocolServer (SCMDatanodeProtocolServer.java:stop(424)) - Stopping the RPC server for DataNodes
2023-09-07 20:29:20,018 [Under Replicated Processor] WARN  replication.UnhealthyReplicationProcessor (UnhealthyReplicationProcessor.java:run(180)) - Under Replicated Processor interrupted. Exiting...
2023-09-07 20:29:20,019 [ReplicationMonitor] INFO  replication.ReplicationManager (ReplicationManager.java:run(921)) - Replication Monitor Thread is stopped
2023-09-07 20:29:20,018 [main] INFO  ipc.Server (Server.java:stop(3523)) - Stopping server on 15002
2023-09-07 20:29:20,019 [Over Replicated Processor] WARN  replication.UnhealthyReplicationProcessor (UnhealthyReplicationProcessor.java:run(180)) - Over Replicated Processor interrupted. Exiting...
2023-09-07 20:29:20,025 [IPC Server listener on 15002] INFO  ipc.Server (Server.java:run(1434)) - Stopping IPC Server listener on 15002
2023-09-07 20:29:20,025 [IPC Server Responder] INFO  ipc.Server (Server.java:run(1567)) - Stopping IPC Server Responder
2023-09-07 20:29:20,055 [SCM Heartbeat Processing Thread - 0] WARN  node.NodeStateManager (NodeStateManager.java:scheduleNextHealthCheck(874)) - Current Thread is interrupted, shutting down HB processing thread for Node Manager.
2023-09-07 20:29:20,055 [main] INFO  server.StorageContainerManager (StorageContainerManager.java:stop(1615)) - Stopping block service RPC server
2023-09-07 20:29:20,056 [main] INFO  server.SCMBlockProtocolServer (SCMBlockProtocolServer.java:stop(163)) - Stopping the RPC server for Block Protocol
2023-09-07 20:29:20,056 [main] INFO  ipc.Server (Server.java:stop(3523)) - Stopping server on 15001
2023-09-07 20:29:20,059 [IPC Server listener on 15001] INFO  ipc.Server (Server.java:run(1434)) - Stopping IPC Server listener on 15001
2023-09-07 20:29:20,060 [IPC Server Responder] INFO  ipc.Server (Server.java:run(1567)) - Stopping IPC Server Responder
2023-09-07 20:29:20,060 [main] INFO  server.StorageContainerManager (StorageContainerManager.java:stop(1622)) - Stopping the StorageContainerLocationProtocol RPC server
2023-09-07 20:29:20,060 [main] INFO  server.SCMClientProtocolServer (SCMClientProtocolServer.java:stop(210)) - Stopping the RPC server for Client Protocol
2023-09-07 20:29:20,060 [main] INFO  ipc.Server (Server.java:stop(3523)) - Stopping server on 15000
2023-09-07 20:29:20,062 [IPC Server listener on 15000] INFO  ipc.Server (Server.java:run(1434)) - Stopping IPC Server listener on 15000
2023-09-07 20:29:20,068 [IPC Server Responder] INFO  ipc.Server (Server.java:run(1567)) - Stopping IPC Server Responder
2023-09-07 20:29:20,069 [main] INFO  server.StorageContainerManager (StorageContainerManager.java:stop(1629)) - Stopping Storage Container Manager HTTP server.
2023-09-07 20:29:20,071 [main] INFO  handler.ContextHandler (ContextHandler.java:doStop(1159)) - Stopped o.e.j.w.WebAppContext@3eed0375{scm,/,null,STOPPED}{file:/home/runner/work/ozone/ozone/hadoop-ozone/integration-test/target/test-classes/webapps/scm}
2023-09-07 20:29:20,071 [main] INFO  server.AbstractConnector (AbstractConnector.java:doStop(383)) - Stopped ServerConnector@4c32aa7e{HTTP/1.1, (http/1.1)}{0.0.0.0:15003}
2023-09-07 20:29:20,072 [main] INFO  server.session (HouseKeeper.java:stopScavenging(149)) - node0 Stopped scavenging
2023-09-07 20:29:20,072 [main] INFO  handler.ContextHandler (ContextHandler.java:doStop(1159)) - Stopped o.e.j.s.ServletContextHandler@37227aa7{static,/static,file:///home/runner/work/ozone/ozone/hadoop-ozone/integration-test/target/test-classes/webapps/static,STOPPED}
2023-09-07 20:29:20,072 [main] INFO  handler.ContextHandler (ContextHandler.java:doStop(1159)) - Stopped o.e.j.s.ServletContextHandler@12e3cf1c{logs,/logs,file:///home/runner/work/ozone/ozone/hadoop-ozone/integration-test/target/log,STOPPED}
2023-09-07 20:29:20,073 [main] INFO  server.StorageContainerManager (StorageContainerManager.java:stop(1637)) - Stopping SCM LayoutVersionManager Service.
2023-09-07 20:29:20,073 [main] INFO  server.StorageContainerManager (StorageContainerManager.java:stop(1649)) - Stopping Block Manager Service.
2023-09-07 20:29:20,074 [main] INFO  utils.BackgroundService (BackgroundService.java:shutdown(141)) - Shutting down service SCMBlockDeletingService
2023-09-07 20:29:20,074 [main] INFO  utils.BackgroundService (BackgroundService.java:shutdown(141)) - Shutting down service SCMBlockDeletingService
2023-09-07 20:29:20,074 [main] INFO  server.StorageContainerManager (StorageContainerManager.java:stop(1669)) - Stopping SCM Event Queue.
2023-09-07 20:29:20,078 [JvmPauseMonitor0] INFO  util.JvmPauseMonitor (JvmPauseMonitor.java:run(109)) - JvmPauseMonitor-3d8f6fb2-87c8-466e-a584-a5be4f8d737f: Stopped
2023-09-07 20:29:20,078 [main] INFO  server.StorageContainerManager (StorageContainerManager.java:stop(1680)) - Stopping SCM HA services.
2023-09-07 20:29:20,079 [main] INFO  pipeline.BackgroundPipelineCreator (BackgroundPipelineCreator.java:stop(149)) - Stopping RatisPipelineUtilsThread.
2023-09-07 20:29:20,079 [RatisPipelineUtilsThread - 0] WARN  pipeline.BackgroundPipelineCreator (BackgroundPipelineCreator.java:run(180)) - RatisPipelineUtilsThread is interrupted.
2023-09-07 20:29:20,079 [main] INFO  BackgroundPipelineScrubber (BackgroundSCMService.java:stop(131)) - Stopping BackgroundPipelineScrubber Service.
2023-09-07 20:29:20,079 [BackgroundPipelineScrubberThread] WARN  BackgroundPipelineScrubber (BackgroundSCMService.java:run(115)) - BackgroundPipelineScrubber is interrupted, exit
2023-09-07 20:29:20,081 [main] INFO  impl.MetricsSystemImpl (MetricsSystemImpl.java:stop(210)) - Stopping XceiverClientMetrics metrics system...
2023-09-07 20:29:20,083 [prometheus] INFO  impl.MetricsSinkAdapter (MetricsSinkAdapter.java:publishMetricsFromQueue(141)) - prometheus thread interrupted.
2023-09-07 20:29:20,083 [main] INFO  impl.MetricsSystemImpl (MetricsSystemImpl.java:stop(216)) - XceiverClientMetrics metrics system stopped.
2023-09-07 20:29:20,084 [main] WARN  pipeline.BackgroundPipelineCreator (BackgroundPipelineCreator.java:stop(145)) - RatisPipelineUtilsThread is not running, just ignore.
2023-09-07 20:29:20,084 [main] INFO  BackgroundPipelineScrubber (BackgroundSCMService.java:stop(126)) - BackgroundPipelineScrubber Service is not running, skip stop.
2023-09-07 20:29:20,084 [ExpiredContainerReplicaOpScrubberThread] WARN  ExpiredContainerReplicaOpScrubber (BackgroundSCMService.java:run(115)) - ExpiredContainerReplicaOpScrubber is interrupted, exit
2023-09-07 20:29:20,084 [main] INFO  ExpiredContainerReplicaOpScrubber (BackgroundSCMService.java:stop(131)) - Stopping ExpiredContainerReplicaOpScrubber Service.
2023-09-07 20:29:20,085 [main] INFO  utils.BackgroundService (BackgroundService.java:shutdown(141)) - Shutting down service SCMBlockDeletingService
2023-09-07 20:29:20,085 [main] INFO  replication.ReplicationManager (ReplicationManager.java:stop(333)) - Replication Monitor Thread is not running.
2023-09-07 20:29:20,085 [main] WARN  balancer.ContainerBalancer (ContainerBalancer.java:stop(326)) - Cannot stop Container Balancer because it's not running or stopping
2023-09-07 20:29:20,085 [Lease Manager-LeaseManager#LeaseMonitor] WARN  lease.LeaseManager (LeaseManager.java:run(272)) - Lease manager is interrupted. Shutting down...
java.lang.InterruptedException
	at java.util.concurrent.locks.AbstractQueuedSynchronizer.doAcquireSharedNanos(AbstractQueuedSynchronizer.java:1039)
	at java.util.concurrent.locks.AbstractQueuedSynchronizer.tryAcquireSharedNanos(AbstractQueuedSynchronizer.java:1328)
	at java.util.concurrent.Semaphore.tryAcquire(Semaphore.java:409)
	at org.apache.hadoop.ozone.lease.LeaseManager$LeaseMonitor.run(LeaseManager.java:270)
	at java.lang.Thread.run(Thread.java:750)
2023-09-07 20:29:20,085 [main] INFO  server.StorageContainerManager (StorageContainerManager.java:stop(1715)) - Stopping SCM MetadataStore.
2023-09-07 20:29:20,210 [main] WARN  server.ServerUtils (ServerUtils.java:getScmDbDir(155)) - ozone.scm.db.dirs is not configured. We recommend adding this setting. Falling back to ozone.metadata.dirs instead.
2023-09-07 20:29:20,215 [main] WARN  server.ServerUtils (ServerUtils.java:getScmDbDir(155)) - ozone.scm.db.dirs is not configured. We recommend adding this setting. Falling back to ozone.metadata.dirs instead.
2023-09-07 20:29:20,215 [main] INFO  ha.SCMHANodeDetails (SCMHANodeDetails.java:loadSCMHAConfig(210)) - ServiceID for StorageContainerManager is null
2023-09-07 20:29:20,215 [main] INFO  ha.SCMHANodeDetails (SCMHANodeDetails.java:loadSCMHAConfig(215)) - ozone.scm.default.service.id is not defined, falling back to ozone.scm.service.ids to find serviceID for StorageContainerManager if it is HA enabled cluster
2023-09-07 20:29:20,216 [main] WARN  utils.HAUtils (HAUtils.java:getMetaDir(339)) - ozone.scm.db.dirs is not configured. We recommend adding this setting. Falling back to ozone.metadata.dirs instead.
2023-09-07 20:29:20,217 [main] WARN  db.DBStoreBuilder (DBStoreBuilder.java:applyDBDefinition(166)) - ozone.scm.db.dirs is not configured. We recommend adding this setting. Falling back to ozone.metadata.dirs instead.
2023-09-07 20:29:20,391 [main] INFO  net.NodeSchemaLoader (NodeSchemaLoader.java:loadSchemaFromFile(129)) - Loading schema from [jar:file:/home/runner/.m2/repository/org/apache/ozone/hdds-common/1.4.0-SNAPSHOT/hdds-common-1.4.0-SNAPSHOT.jar!/network-topology-default.xml]
2023-09-07 20:29:20,392 [main] INFO  net.NodeSchemaLoader (NodeSchemaLoader.java:loadSchema(176)) - Loading network topology layer schema file
2023-09-07 20:29:20,395 [main] INFO  upgrade.AbstractLayoutVersionManager (AbstractLayoutVersionManager.java:init(83)) - Initializing Layout version manager with metadata layout = HADOOP_PRC_PORTS_IN_DATANODEDETAILS (version = 7), software layout = HADOOP_PRC_PORTS_IN_DATANODEDETAILS (version = 7)
2023-09-07 20:29:20,398 [main] INFO  ha.SequenceIdGenerator (SequenceIdGenerator.java:upgradeToSequenceId(365)) - upgrade localId to 111677748019200000
2023-09-07 20:29:20,399 [main] INFO  ha.SequenceIdGenerator (SequenceIdGenerator.java:upgradeToSequenceId(375)) - upgrade delTxnId to 0
2023-09-07 20:29:20,400 [main] INFO  ha.SequenceIdGenerator (SequenceIdGenerator.java:upgradeToSequenceId(392)) - upgrade containerId to 0
2023-09-07 20:29:20,401 [main] INFO  ha.SequenceIdGenerator (SequenceIdGenerator.java:upgradeToSequenceId(428)) - upgrade rootCertificateId to 1
2023-09-07 20:29:20,401 [main] INFO  ha.SequenceIdGenerator (SequenceIdGenerator.java:<init>(236)) - Init the HA SequenceIdGenerator.
2023-09-07 20:29:20,402 [main] WARN  server.ServerUtils (ServerUtils.java:sanitizeUserArgs(80)) - ozone.scm.stale.node.interval value = 300000 is larger than max = 100000 based on the key value of ozone.scm.heartbeat.thread.interval, reset to the max value 100000.
2023-09-07 20:29:20,402 [main] WARN  server.ServerUtils (ServerUtils.java:sanitizeUserArgs(80)) - ozone.scm.stale.node.interval value = 300000 is larger than max = 100000 based on the key value of ozone.scm.heartbeat.thread.interval, reset to the max value 100000.
2023-09-07 20:29:20,402 [main] INFO  node.SCMNodeManager (SCMNodeManager.java:<init>(157)) - Entering startup safe mode.
2023-09-07 20:29:20,403 [main] INFO  algorithms.ContainerPlacementPolicyFactory (ContainerPlacementPolicyFactory.java:getPolicyInternal(86)) - Create container placement policy of type org.apache.hadoop.hdds.scm.container.placement.algorithms.SCMContainerPlacementRackAware
2023-09-07 20:29:20,403 [main] INFO  algorithms.ContainerPlacementPolicyFactory (ContainerPlacementPolicyFactory.java:getPolicyInternal(86)) - Create container placement policy of type org.apache.hadoop.hdds.scm.container.placement.algorithms.SCMContainerPlacementRackScatter
2023-09-07 20:29:20,403 [main] INFO  pipeline.PipelineStateManagerImpl (PipelineStateManagerImpl.java:initialize(78)) - No pipeline exists in current db
2023-09-07 20:29:20,404 [main] INFO  algorithms.LeaderChoosePolicyFactory (LeaderChoosePolicyFactory.java:getPolicy(57)) - Create leader choose policy of type org.apache.hadoop.hdds.scm.pipeline.leader.choose.algorithms.MinLeaderCountChoosePolicy
2023-09-07 20:29:20,404 [main] INFO  algorithms.ContainerPlacementPolicyFactory (ContainerPlacementPolicyFactory.java:getPolicyInternal(86)) - Create container placement policy of type org.apache.hadoop.hdds.scm.container.placement.algorithms.SCMContainerPlacementRackScatter
2023-09-07 20:29:20,404 [main] INFO  ha.SCMServiceManager (SCMServiceManager.java:register(42)) - Registering service BackgroundPipelineCreator.
2023-09-07 20:29:20,404 [main] INFO  pipeline.BackgroundPipelineCreator (BackgroundPipelineCreator.java:start(124)) - Starting RatisPipelineUtilsThread.
2023-09-07 20:29:20,405 [main] INFO  BackgroundPipelineScrubber (BackgroundSCMService.java:start(68)) - Starting BackgroundPipelineScrubber Service.
2023-09-07 20:29:20,405 [main] INFO  ha.SCMServiceManager (SCMServiceManager.java:register(42)) - Registering service BackgroundPipelineScrubber.
2023-09-07 20:29:20,405 [main] INFO  ExpiredContainerReplicaOpScrubber (BackgroundSCMService.java:start(68)) - Starting ExpiredContainerReplicaOpScrubber Service.
2023-09-07 20:29:20,406 [main] INFO  ha.SCMServiceManager (SCMServiceManager.java:register(42)) - Registering service ExpiredContainerReplicaOpScrubber.
2023-09-07 20:29:20,408 [main] INFO  algorithms.PipelineChoosePolicyFactory (PipelineChoosePolicyFactory.java:createPipelineChoosePolicyFromClass(78)) - Create pipeline choose policy of type org.apache.hadoop.hdds.scm.pipeline.choose.algorithms.RandomPipelineChoosePolicy
2023-09-07 20:29:20,408 [main] INFO  algorithms.PipelineChoosePolicyFactory (PipelineChoosePolicyFactory.java:createPipelineChoosePolicyFromClass(78)) - Create pipeline choose policy of type org.apache.hadoop.hdds.scm.pipeline.choose.algorithms.RandomPipelineChoosePolicy
2023-09-07 20:29:20,410 [main] INFO  ha.SCMServiceManager (SCMServiceManager.java:register(42)) - Registering service SCMBlockDeletingService.
2023-09-07 20:29:20,411 [main] INFO  replication.ReplicationManager (ReplicationManager.java:start(291)) - Starting Replication Monitor Thread.
2023-09-07 20:29:20,416 [ReplicationMonitor] INFO  replication.ReplicationManager (ReplicationManager.java:processAll(365)) - Replication Manager is not ready to run until 3000ms after safemode exit
2023-09-07 20:29:20,416 [main] INFO  ha.SCMServiceManager (SCMServiceManager.java:register(42)) - Registering service ReplicationManager.
2023-09-07 20:29:20,416 [main] INFO  safemode.ContainerSafeModeRule (ContainerSafeModeRule.java:<init>(90)) - containers with one replica threshold count 0
2023-09-07 20:29:20,417 [main] INFO  safemode.HealthyPipelineSafeModeRule (HealthyPipelineSafeModeRule.java:initializeRule(169)) - Total pipeline count is 0, healthy pipeline threshold count is 1
2023-09-07 20:29:20,418 [main] INFO  safemode.OneReplicaPipelineSafeModeRule (OneReplicaPipelineSafeModeRule.java:initializeRule(180)) - Total pipeline count is 0, pipeline's with at least one datanode reported threshold count is 0
2023-09-07 20:29:20,421 [main] INFO  server.StorageContainerManager (StorageContainerManager.java:<init>(425)) - SCM start with adminUsers: [runner]
2023-09-07 20:29:20,422 [main] INFO  ipc.CallQueueManager (CallQueueManager.java:<init>(90)) - Using callQueue: class java.util.concurrent.LinkedBlockingQueue, queueCapacity: 2000, scheduler: class org.apache.hadoop.ipc.DefaultRpcScheduler, ipcBackoff: false.
2023-09-07 20:29:20,422 [main] INFO  ipc.Server (Server.java:<init>(1287)) - Listener at 0.0.0.0:15055
2023-09-07 20:29:20,423 [Socket Reader #1 for port 15055] INFO  ipc.Server (Server.java:run(1323)) - Starting Socket Reader #1 for port 15055
2023-09-07 20:29:20,424 [main] INFO  ipc.CallQueueManager (CallQueueManager.java:<init>(90)) - Using callQueue: class java.util.concurrent.LinkedBlockingQueue, queueCapacity: 2000, scheduler: class org.apache.hadoop.ipc.DefaultRpcScheduler, ipcBackoff: false.
2023-09-07 20:29:20,425 [main] INFO  ipc.Server (Server.java:<init>(1287)) - Listener at 0.0.0.0:15054
2023-09-07 20:29:20,427 [Socket Reader #1 for port 15054] INFO  ipc.Server (Server.java:run(1323)) - Starting Socket Reader #1 for port 15054
2023-09-07 20:29:20,429 [main] INFO  ipc.CallQueueManager (CallQueueManager.java:<init>(90)) - Using callQueue: class java.util.concurrent.LinkedBlockingQueue, queueCapacity: 2000, scheduler: class org.apache.hadoop.ipc.DefaultRpcScheduler, ipcBackoff: false.
2023-09-07 20:29:20,429 [main] INFO  ipc.Server (Server.java:<init>(1287)) - Listener at 0.0.0.0:15053
2023-09-07 20:29:20,429 [Socket Reader #1 for port 15053] INFO  ipc.Server (Server.java:run(1323)) - Starting Socket Reader #1 for port 15053
2023-09-07 20:29:20,436 [main] INFO  ha.SCMServiceManager (SCMServiceManager.java:register(42)) - Registering service ContainerBalancer.
2023-09-07 20:29:20,436 [main] INFO  server.StorageContainerManager (StorageContainerManager.java:<init>(438)) - 
Container Balancer status:
Key                            Value
Running                        false
Container Balancer Configuration values:
Key                                                Value
Threshold                                          10
Max Datanodes to Involve per Iteration(percent)    20
Max Size to Move per Iteration                     500GB
Max Size Entering Target per Iteration             26GB
Max Size Leaving Source per Iteration              26GB

2023-09-07 20:29:20,437 [main] INFO  ha.SCMContext (SCMContext.java:updateSafeModeStatus(228)) - Update SafeModeStatus from SafeModeStatus{safeModeStatus=true, preCheckPassed=false} to SafeModeStatus{safeModeStatus=true, preCheckPassed=false}.
2023-09-07 20:29:20,437 [main] INFO  server.StorageContainerManager (StorageContainerManager.java:start(1483)) - StorageContainerLocationProtocol RPC server is listening at /0.0.0.0:15053
2023-09-07 20:29:20,444 [main] WARN  impl.MetricsConfig (MetricsConfig.java:loadFirst(136)) - Cannot locate configuration: tried hadoop-metrics2-storagecontainermanager.properties,hadoop-metrics2.properties
2023-09-07 20:29:20,447 [main] INFO  impl.MetricsSystemImpl (MetricsSystemImpl.java:startTimer(378)) - Scheduled Metric snapshot period at 10 second(s).
2023-09-07 20:29:20,447 [main] INFO  impl.MetricsSystemImpl (MetricsSystemImpl.java:start(191)) - StorageContainerManager metrics system started
2023-09-07 20:29:20,495 [main] INFO  impl.MetricsSinkAdapter (MetricsSinkAdapter.java:start(204)) - Sink prometheus started
2023-09-07 20:29:20,495 [main] INFO  impl.MetricsSystemImpl (MetricsSystemImpl.java:registerSink(305)) - Registered sink prometheus
2023-09-07 20:29:20,512 [main] INFO  server.SCMClientProtocolServer (SCMClientProtocolServer.java:start(201)) - RPC server for Client  is listening at /0.0.0.0:15053
2023-09-07 20:29:20,514 [IPC Server Responder] INFO  ipc.Server (Server.java:run(1562)) - IPC Server Responder: starting
2023-09-07 20:29:20,515 [IPC Server listener on 15053] INFO  ipc.Server (Server.java:run(1402)) - IPC Server listener on 15053: starting
2023-09-07 20:29:20,524 [main] INFO  server.StorageContainerManager (StorageContainerManager.java:start(1496)) - ScmBlockLocationProtocol RPC server is listening at /0.0.0.0:15054
2023-09-07 20:29:20,525 [main] INFO  server.SCMBlockProtocolServer (SCMBlockProtocolServer.java:start(154)) - RPC server for Block Protocol is listening at /0.0.0.0:15054
2023-09-07 20:29:20,525 [IPC Server Responder] INFO  ipc.Server (Server.java:run(1562)) - IPC Server Responder: starting
2023-09-07 20:29:20,526 [IPC Server listener on 15054] INFO  ipc.Server (Server.java:run(1402)) - IPC Server listener on 15054: starting
2023-09-07 20:29:20,529 [main] INFO  server.SCMDatanodeProtocolServer (SCMDatanodeProtocolServer.java:start(193)) - ScmDatanodeProtocol RPC server for DataNodes is listening at /0.0.0.0:15055
2023-09-07 20:29:20,530 [IPC Server Responder] INFO  ipc.Server (Server.java:run(1562)) - IPC Server Responder: starting
2023-09-07 20:29:20,530 [IPC Server listener on 15055] INFO  ipc.Server (Server.java:run(1402)) - IPC Server listener on 15055: starting
2023-09-07 20:29:20,550 [main] INFO  http.BaseHttpServer (BaseHttpServer.java:newHttpServer2BuilderForOzone(223)) - Starting Web-server for scm at: http://0.0.0.0:15056
2023-09-07 20:29:20,550 [main] INFO  http.BaseHttpServer (BaseHttpServer.java:<init>(110)) - Hadoop Security Enabled: false Ozone Security Enabled: false Ozone HTTP Security Enabled: false 
2023-09-07 20:29:20,557 [JvmPauseMonitor7] INFO  util.JvmPauseMonitor (JvmPauseMonitor.java:run(103)) - JvmPauseMonitor-2c1fc050-23c8-48a8-9331-275cd9c9a7dd: Started
2023-09-07 20:29:20,561 [main] WARN  server.AuthenticationFilter (AuthenticationFilter.java:constructSecretProvider(240)) - Unable to initialize FileSignerSecretProvider, falling back to use random secrets. Reason: Could not read signature secret file: /home/runner/hadoop-http-auth-signature-secret
2023-09-07 20:29:20,562 [main] INFO  http.HttpRequestLog (HttpRequestLog.java:getRequestLog(86)) - Http request log for http.requests.scm is not defined
2023-09-07 20:29:20,564 [main] INFO  http.HttpServer2 (HttpServer2.java:addGlobalFilter(1031)) - Added global filter 'safety' (class=org.apache.hadoop.hdds.server.http.HttpServer2$QuotingInputFilter)
2023-09-07 20:29:20,565 [main] INFO  http.HttpServer2 (HttpServer2.java:addFilter(1007)) - Added filter static_user_filter (class=org.apache.hadoop.http.lib.StaticUserWebFilter$StaticUserFilter) to context scm
2023-09-07 20:29:20,565 [main] INFO  http.HttpServer2 (HttpServer2.java:addFilter(1015)) - Added filter static_user_filter (class=org.apache.hadoop.http.lib.StaticUserWebFilter$StaticUserFilter) to context logs
2023-09-07 20:29:20,565 [main] INFO  http.HttpServer2 (HttpServer2.java:addFilter(1015)) - Added filter static_user_filter (class=org.apache.hadoop.http.lib.StaticUserWebFilter$StaticUserFilter) to context static
2023-09-07 20:29:20,566 [main] INFO  http.BaseHttpServer (BaseHttpServer.java:<init>(189)) - HTTP server of scm uses base directory /home/runner/work/ozone/ozone/hadoop-ozone/integration-test/target/test-dir/MiniOzoneClusterImpl-6e39530a-abb5-4f3a-bb3c-e5f572b2b70f/ozone-meta/webserver
2023-09-07 20:29:20,566 [main] INFO  http.HttpServer2 (HttpServer2.java:bindListener(1231)) - Jetty bound to port 15056
2023-09-07 20:29:20,567 [main] INFO  server.Server (Server.java:doStart(375)) - jetty-9.4.51.v20230217; built: 2023-02-17T08:19:37.309Z; git: b45c405e4544384de066f814ed42ae3dceacdd49; jvm 1.8.0_382-b05
2023-09-07 20:29:20,569 [main] INFO  server.session (DefaultSessionIdManager.java:doStart(334)) - DefaultSessionIdManager workerName=node0
2023-09-07 20:29:20,570 [main] INFO  server.session (DefaultSessionIdManager.java:doStart(339)) - No SessionScavenger set, using defaults
2023-09-07 20:29:20,570 [main] INFO  server.session (HouseKeeper.java:startScavenging(132)) - node0 Scavenging every 660000ms
2023-09-07 20:29:20,571 [main] INFO  handler.ContextHandler (ContextHandler.java:doStart(921)) - Started o.e.j.s.ServletContextHandler@7d52e1f8{logs,/logs,file:///home/runner/work/ozone/ozone/hadoop-ozone/integration-test/target/log,AVAILABLE}
2023-09-07 20:29:20,574 [main] INFO  handler.ContextHandler (ContextHandler.java:doStart(921)) - Started o.e.j.s.ServletContextHandler@5239ebe3{static,/static,file:///home/runner/work/ozone/ozone/hadoop-ozone/integration-test/target/test-classes/webapps/static,AVAILABLE}
2023-09-07 20:29:20,579 [main] INFO  handler.ContextHandler (ContextHandler.java:doStart(921)) - Started o.e.j.w.WebAppContext@1927d1c7{scm,/,file:///home/runner/work/ozone/ozone/hadoop-ozone/integration-test/target/test-classes/webapps/scm/,AVAILABLE}{file:/home/runner/work/ozone/ozone/hadoop-ozone/integration-test/target/test-classes/webapps/scm}
2023-09-07 20:29:20,581 [main] INFO  server.AbstractConnector (AbstractConnector.java:doStart(333)) - Started ServerConnector@4cc82607{HTTP/1.1, (http/1.1)}{0.0.0.0:15056}
2023-09-07 20:29:20,581 [main] INFO  server.Server (Server.java:doStart(415)) - Started @131654ms
2023-09-07 20:29:20,581 [main] WARN  impl.MetricsSystemImpl (MetricsSystemImpl.java:register(279)) - Sink prometheus already exists!
2023-09-07 20:29:20,582 [main] INFO  http.BaseHttpServer (BaseHttpServer.java:updateConnectorAddress(354)) - HTTP server of scm listening at http://0.0.0.0:15056
2023-09-07 20:29:20,584 [main] WARN  server.ServerUtils (ServerUtils.java:getDBPath(311)) - ozone.om.db.dirs is not configured. We recommend adding this setting. Falling back to ozone.metadata.dirs instead.
2023-09-07 20:29:20,588 [main] INFO  ha.OMHANodeDetails (OMHANodeDetails.java:loadOMHAConfig(115)) - ozone.om.internal.service.id is not defined, falling back to ozone.om.service.ids to find serviceID for OzoneManager if it is HA enabled cluster
2023-09-07 20:29:20,588 [main] INFO  ha.OMHANodeDetails (OMHANodeDetails.java:loadOMHAConfig(226)) - Configuration does not have ozone.om.address set. Falling back to the default OM address /127.0.0.1:15057
2023-09-07 20:29:20,589 [main] INFO  ha.OMHANodeDetails (OMHANodeDetails.java:getOMNodeDetailsForNonHA(254)) - OM Service ID is not set. Setting it to the default ID: omServiceIdDefault
2023-09-07 20:29:20,589 [main] INFO  ha.OMHANodeDetails (OMHANodeDetails.java:getOMNodeDetailsForNonHA(261)) - OM Node ID is not set. Setting it to the default ID: om1
2023-09-07 20:29:20,591 [main] WARN  server.ServerUtils (ServerUtils.java:getDBPath(311)) - ozone.om.db.dirs is not configured. We recommend adding this setting. Falling back to ozone.metadata.dirs instead.
2023-09-07 20:29:20,593 [main] INFO  upgrade.AbstractLayoutVersionManager (AbstractLayoutVersionManager.java:init(83)) - Initializing Layout version manager with metadata layout = QUOTA (version = 6), software layout = QUOTA (version = 6)
2023-09-07 20:29:20,714 [main] INFO  reflections.Reflections (Reflections.java:scan(232)) - Reflections took 119 ms to scan 2 urls, producing 186 keys and 513 values [using 2 cores]
2023-09-07 20:29:20,715 [main] INFO  upgrade.OMLayoutVersionManager (OMLayoutVersionManager.java:lambda$0(115)) - Skipping Upgrade Action MockOmUpgradeAction since it has been finalized.
2023-09-07 20:29:20,715 [main] INFO  upgrade.OMLayoutVersionManager (OMLayoutVersionManager.java:lambda$0(115)) - Skipping Upgrade Action QuotaRepairUpgradeAction since it has been finalized.
2023-09-07 20:29:20,715 [main] WARN  server.ServerUtils (ServerUtils.java:getDBPath(311)) - ozone.om.db.dirs is not configured. We recommend adding this setting. Falling back to ozone.metadata.dirs instead.
2023-09-07 20:29:20,716 [main] INFO  proxy.SCMBlockLocationFailoverProxyProvider (SCMBlockLocationFailoverProxyProvider.java:<init>(114)) - Created block location fail-over proxy with 1 nodes: [nodeId=scmNodeId,nodeAddress=/0.0.0.0:15054]
2023-09-07 20:29:20,718 [main] INFO  proxy.SCMBlockLocationFailoverProxyProvider (SCMBlockLocationFailoverProxyProvider.java:<init>(114)) - Created block location fail-over proxy with 1 nodes: [nodeId=scmNodeId,nodeAddress=/0.0.0.0:15054]
2023-09-07 20:29:20,738 [main] INFO  om.OzoneManager (OzoneManager.java:<init>(665)) - OM start with adminUsers: [runner]
2023-09-07 20:29:20,741 [main] WARN  server.ServerUtils (ServerUtils.java:getDBPath(311)) - ozone.om.db.dirs is not configured. We recommend adding this setting. Falling back to ozone.metadata.dirs instead.
2023-09-07 20:29:20,742 [main] INFO  helpers.OmKeyInfo (OmKeyInfo.java:getCodec(71)) - OmKeyInfo.getCodec ignorePipeline = true
2023-09-07 20:29:21,078 [main] INFO  om.OzoneManager (OzoneManager.java:instantiateServices(794)) - S3 Multi-Tenancy is disabled
2023-09-07 20:29:21,079 [main] INFO  om.OmSnapshotManager (OmSnapshotManager.java:<init>(174)) - Ozone filesystem snapshot feature is enabled.
2023-09-07 20:29:21,079 [main] WARN  server.ServerUtils (ServerUtils.java:getDBPath(311)) - ozone.om.snapshot.diff.db.dir is not configured. We recommend adding this setting. Falling back to ozone.metadata.dirs instead.
2023-09-07 20:29:21,120 [main] INFO  snapshot.SnapshotDiffManager (SnapshotDiffManager.java:closeExecutorService(1706)) - Shutting down executorService: 'SstDumpToolExecutor'
2023-09-07 20:29:21,122 [main] INFO  om.OzoneManager (OzoneManager.java:addS3GVolumeToDB(4301)) - Created Volume s3v With Owner runner required for S3Gateway operations.
2023-09-07 20:29:21,123 [main] INFO  om.OzoneManager (OzoneManager.java:getRpcServer(1196)) - Creating RPC Server
2023-09-07 20:29:21,641 [main] INFO  reflections.Reflections (Reflections.java:scan(232)) - Reflections took 514 ms to scan 19 urls, producing 70 keys and 5670 values [using 2 cores]
2023-09-07 20:29:21,645 [main] INFO  ipc.CallQueueManager (CallQueueManager.java:<init>(90)) - Using callQueue: class java.util.concurrent.LinkedBlockingQueue, queueCapacity: 2000, scheduler: class org.apache.hadoop.ipc.DefaultRpcScheduler, ipcBackoff: false.
2023-09-07 20:29:21,646 [main] INFO  ipc.Server (Server.java:<init>(1287)) - Listener at 127.0.0.1:15057
2023-09-07 20:29:21,646 [Socket Reader #1 for port 15057] INFO  ipc.Server (Server.java:run(1323)) - Starting Socket Reader #1 for port 15057
2023-09-07 20:29:21,687 [main] INFO  impl.MetricsSystemImpl (MetricsSystemImpl.java:init(158)) - OzoneManager metrics system started (again)
2023-09-07 20:29:21,702 [main] INFO  om.OzoneManager (OzoneManager.java:start(1630)) - OzoneManager RPC server is listening at localhost/127.0.0.1:15057
2023-09-07 20:29:21,704 [main] INFO  om.OzoneManager (OzoneManager.java:start(1646)) - Version File has different layout version (6) than OM DB (null). That is expected if this OM has never been finalized to a newer layout version.
2023-09-07 20:29:21,721 [main] INFO  http.BaseHttpServer (BaseHttpServer.java:newHttpServer2BuilderForOzone(223)) - Starting Web-server for ozoneManager at: http://0.0.0.0:15058
2023-09-07 20:29:21,721 [main] INFO  http.BaseHttpServer (BaseHttpServer.java:<init>(110)) - Hadoop Security Enabled: false Ozone Security Enabled: false Ozone HTTP Security Enabled: false 
2023-09-07 20:29:21,723 [main] WARN  server.AuthenticationFilter (AuthenticationFilter.java:constructSecretProvider(240)) - Unable to initialize FileSignerSecretProvider, falling back to use random secrets. Reason: Could not read signature secret file: /home/runner/hadoop-http-auth-signature-secret
2023-09-07 20:29:21,727 [main] INFO  http.HttpRequestLog (HttpRequestLog.java:getRequestLog(86)) - Http request log for http.requests.ozoneManager is not defined
2023-09-07 20:29:21,729 [main] INFO  http.HttpServer2 (HttpServer2.java:addGlobalFilter(1031)) - Added global filter 'safety' (class=org.apache.hadoop.hdds.server.http.HttpServer2$QuotingInputFilter)
2023-09-07 20:29:21,730 [main] INFO  http.HttpServer2 (HttpServer2.java:addFilter(1007)) - Added filter static_user_filter (class=org.apache.hadoop.http.lib.StaticUserWebFilter$StaticUserFilter) to context ozoneManager
2023-09-07 20:29:21,730 [main] INFO  http.HttpServer2 (HttpServer2.java:addFilter(1015)) - Added filter static_user_filter (class=org.apache.hadoop.http.lib.StaticUserWebFilter$StaticUserFilter) to context logs
2023-09-07 20:29:21,730 [main] INFO  http.HttpServer2 (HttpServer2.java:addFilter(1015)) - Added filter static_user_filter (class=org.apache.hadoop.http.lib.StaticUserWebFilter$StaticUserFilter) to context static
2023-09-07 20:29:21,732 [main] INFO  http.BaseHttpServer (BaseHttpServer.java:<init>(189)) - HTTP server of ozoneManager uses base directory /home/runner/work/ozone/ozone/hadoop-ozone/integration-test/target/test-dir/MiniOzoneClusterImpl-6e39530a-abb5-4f3a-bb3c-e5f572b2b70f/ozone-meta/webserver
2023-09-07 20:29:21,733 [main] INFO  http.HttpServer2 (HttpServer2.java:bindListener(1231)) - Jetty bound to port 15058
2023-09-07 20:29:21,733 [main] INFO  server.Server (Server.java:doStart(375)) - jetty-9.4.51.v20230217; built: 2023-02-17T08:19:37.309Z; git: b45c405e4544384de066f814ed42ae3dceacdd49; jvm 1.8.0_382-b05
2023-09-07 20:29:21,738 [main] INFO  server.session (DefaultSessionIdManager.java:doStart(334)) - DefaultSessionIdManager workerName=node0
2023-09-07 20:29:21,738 [main] INFO  server.session (DefaultSessionIdManager.java:doStart(339)) - No SessionScavenger set, using defaults
2023-09-07 20:29:21,739 [main] INFO  server.session (HouseKeeper.java:startScavenging(132)) - node0 Scavenging every 600000ms
2023-09-07 20:29:21,740 [main] INFO  handler.ContextHandler (ContextHandler.java:doStart(921)) - Started o.e.j.s.ServletContextHandler@1457fcc7{logs,/logs,file:///home/runner/work/ozone/ozone/hadoop-ozone/integration-test/target/log,AVAILABLE}
2023-09-07 20:29:21,740 [main] INFO  handler.ContextHandler (ContextHandler.java:doStart(921)) - Started o.e.j.s.ServletContextHandler@2d770b7a{static,/static,file:///home/runner/work/ozone/ozone/hadoop-ozone/integration-test/target/test-classes/webapps/static,AVAILABLE}
2023-09-07 20:29:21,746 [main] INFO  handler.ContextHandler (ContextHandler.java:doStart(921)) - Started o.e.j.w.WebAppContext@1acfe21{ozoneManager,/,file:///home/runner/work/ozone/ozone/hadoop-ozone/integration-test/target/test-classes/webapps/ozoneManager/,AVAILABLE}{file:/home/runner/work/ozone/ozone/hadoop-ozone/integration-test/target/test-classes/webapps/ozoneManager}
2023-09-07 20:29:21,752 [main] INFO  server.AbstractConnector (AbstractConnector.java:doStart(333)) - Started ServerConnector@2fd47247{HTTP/1.1, (http/1.1)}{0.0.0.0:15058}
2023-09-07 20:29:21,752 [main] INFO  server.Server (Server.java:doStart(415)) - Started @132825ms
2023-09-07 20:29:21,752 [main] WARN  impl.MetricsSystemImpl (MetricsSystemImpl.java:register(279)) - Sink prometheus already exists!
2023-09-07 20:29:21,753 [main] INFO  http.BaseHttpServer (BaseHttpServer.java:updateConnectorAddress(354)) - HTTP server of ozoneManager listening at http://0.0.0.0:15058
2023-09-07 20:29:21,753 [IPC Server Responder] INFO  ipc.Server (Server.java:run(1562)) - IPC Server Responder: starting
2023-09-07 20:29:21,755 [IPC Server listener on 15057] INFO  ipc.Server (Server.java:run(1402)) - IPC Server listener on 15057: starting
2023-09-07 20:29:21,765 [main] INFO  om.TrashPolicyOzone (TrashPolicyOzone.java:<init>(277)) - Ozone Manager trash configuration: Deletion interval = 0 minutes, Emptier interval = 0 minutes.
2023-09-07 20:29:21,777 [JvmPauseMonitor8] INFO  util.JvmPauseMonitor (JvmPauseMonitor.java:run(103)) - JvmPauseMonitor-027c011a-ad20-462a-9575-57fe288d25fe: Started
2023-09-07 20:29:21,816 [main] INFO  impl.MetricsSystemImpl (MetricsSystemImpl.java:init(158)) - HddsDatanode metrics system started (again)
2023-09-07 20:29:21,833 [main] INFO  ozone.HddsDatanodeService (HddsDatanodeService.java:start(237)) - HddsDatanodeService host:fv-az259-394.nxnqhby4qkoexpon2s1bx5vqxg.dx.internal.cloudapp.net ip:10.1.0.11
2023-09-07 20:29:21,887 [main] INFO  upgrade.AbstractLayoutVersionManager (AbstractLayoutVersionManager.java:init(83)) - Initializing Layout version manager with metadata layout = HADOOP_PRC_PORTS_IN_DATANODEDETAILS (version = 7), software layout = HADOOP_PRC_PORTS_IN_DATANODEDETAILS (version = 7)
2023-09-07 20:29:21,889 [main] INFO  statemachine.DatanodeStateMachine (DatanodeStateMachine.java:getEndPointTaskThreadPoolSize(282)) - Datanode State Machine Task Thread Pool size 2
2023-09-07 20:29:21,892 [main] INFO  volume.HddsVolume (HddsVolume.java:<init>(126)) - Creating HddsVolume: /home/runner/work/ozone/ozone/hadoop-ozone/integration-test/target/test-dir/MiniOzoneClusterImpl-6e39530a-abb5-4f3a-bb3c-e5f572b2b70f/datanode-0/data-0/containers/hdds of storage type : DISK capacity : 9223372036854775807
2023-09-07 20:29:21,892 [main] INFO  volume.MutableVolumeSet (MutableVolumeSet.java:initializeVolumeSet(173)) - Added Volume : /home/runner/work/ozone/ozone/hadoop-ozone/integration-test/target/test-dir/MiniOzoneClusterImpl-6e39530a-abb5-4f3a-bb3c-e5f572b2b70f/datanode-0/data-0/containers/hdds to VolumeSet
2023-09-07 20:29:21,895 [main] INFO  volume.MutableVolumeSet (MutableVolumeSet.java:initializeVolumeSet(173)) - Added Volume : /home/runner/work/ozone/ozone/hadoop-ozone/integration-test/target/test-dir/MiniOzoneClusterImpl-6e39530a-abb5-4f3a-bb3c-e5f572b2b70f/datanode-0/data/ratis to VolumeSet
2023-09-07 20:29:21,897 [Thread-784] INFO  ozoneimpl.ContainerReader (ContainerReader.java:readVolume(177)) - Finish verifying containers on volume /home/runner/work/ozone/ozone/hadoop-ozone/integration-test/target/test-dir/MiniOzoneClusterImpl-6e39530a-abb5-4f3a-bb3c-e5f572b2b70f/datanode-0/data-0/containers/hdds
2023-09-07 20:29:21,898 [main] INFO  ozoneimpl.OzoneContainer (OzoneContainer.java:buildContainerSet(314)) - Build ContainerSet costs 0s
2023-09-07 20:29:21,903 [main] INFO  server.RaftServer (ConfUtils.java:logGet(46)) - raft.rpc.type = GRPC (default)
2023-09-07 20:29:21,903 [main] INFO  grpc.GrpcConfigKeys (ConfUtils.java:logFallback(53)) - raft.grpc.admin.host = null (fallback to raft.grpc.server.host)
2023-09-07 20:29:21,904 [main] INFO  grpc.GrpcConfigKeys (ConfUtils.java:logGet(46)) - raft.grpc.admin.port = 15066 (custom)
2023-09-07 20:29:21,904 [main] INFO  grpc.GrpcConfigKeys (ConfUtils.java:logFallback(53)) - raft.grpc.client.host = null (fallback to raft.grpc.server.host)
2023-09-07 20:29:21,904 [main] INFO  grpc.GrpcConfigKeys (ConfUtils.java:logGet(46)) - raft.grpc.client.port = 15065 (custom)
2023-09-07 20:29:21,904 [main] INFO  grpc.GrpcConfigKeys (ConfUtils.java:logGet(46)) - raft.grpc.server.host = null (default)
2023-09-07 20:29:21,904 [main] INFO  grpc.GrpcConfigKeys (ConfUtils.java:logGet(46)) - raft.grpc.server.port = 15067 (custom)
2023-09-07 20:29:21,905 [main] INFO  server.GrpcService (ConfUtils.java:logGet(46)) - raft.grpc.message.size.max = 32MB (=33554432) (custom)
2023-09-07 20:29:21,905 [main] INFO  server.RaftServerConfigKeys (ConfUtils.java:logGet(46)) - raft.server.log.appender.buffer.byte-limit = 33554432 (custom)
2023-09-07 20:29:21,905 [main] INFO  server.GrpcService (ConfUtils.java:logGet(46)) - raft.grpc.flow.control.window = 5MB (=5242880) (custom)
2023-09-07 20:29:21,905 [main] INFO  server.RaftServerConfigKeys (ConfUtils.java:logGet(46)) - raft.server.rpc.request.timeout = 60s (custom)
2023-09-07 20:29:21,905 [main] INFO  grpc.GrpcConfigKeys (ConfUtils.java:logGet(46)) - raft.grpc.server.heartbeat.channel = true (default)
2023-09-07 20:29:21,906 [main] INFO  grpc.GrpcConfigKeys (ConfUtils.java:logGet(46)) - raft.grpc.server.async.request.thread.pool.cached = true (default)
2023-09-07 20:29:21,906 [main] INFO  grpc.GrpcConfigKeys (ConfUtils.java:logGet(46)) - raft.grpc.server.async.request.thread.pool.size = 32 (default)
2023-09-07 20:29:21,910 [main] INFO  impl.DataStreamServerImpl (ConfUtils.java:logGet(46)) - raft.datastream.type = NETTY (custom)
2023-09-07 20:29:21,910 [main] INFO  server.RaftServerConfigKeys (ConfUtils.java:logGet(46)) - raft.server.data-stream.async.request.thread.pool.cached = false (default)
2023-09-07 20:29:21,910 [main] INFO  server.RaftServerConfigKeys (ConfUtils.java:logGet(46)) - raft.server.data-stream.async.request.thread.pool.size = 20 (custom)
2023-09-07 20:29:21,911 [main] INFO  server.RaftServerConfigKeys (ConfUtils.java:logGet(46)) - raft.server.data-stream.async.write.thread.pool.size = 16 (default)
2023-09-07 20:29:21,911 [main] INFO  server.RaftServerConfigKeys (ConfUtils.java:logGet(46)) - raft.server.data-stream.client.pool.size = 10 (default)
2023-09-07 20:29:21,911 [main] INFO  netty.NettyConfigKeys$DataStream (ConfUtils.java:logGet(46)) - raft.netty.dataStream.server.use-epoll = false (default)
2023-09-07 20:29:21,911 [main] INFO  netty.NettyConfigKeys$DataStream (ConfUtils.java:logGet(46)) - raft.netty.dataStream.server.boss-group.size = 0 (default)
2023-09-07 20:29:21,914 [main] INFO  netty.NettyConfigKeys$DataStream (ConfUtils.java:logGet(46)) - raft.netty.dataStream.server.worker-group.size = 0 (default)
2023-09-07 20:29:21,914 [main] INFO  netty.NettyConfigKeys$DataStream (ConfUtils.java:logGet(46)) - raft.netty.dataStream.server.tls.conf = null (default)
2023-09-07 20:29:21,914 [main] INFO  netty.NettyConfigKeys$DataStream (ConfUtils.java:logGet(46)) - raft.netty.dataStream.host = null (default)
2023-09-07 20:29:21,915 [main] INFO  netty.NettyConfigKeys$DataStream (ConfUtils.java:logGet(46)) - raft.netty.dataStream.port = 15068 (custom)
2023-09-07 20:29:21,916 [8788027e-81d1-4d47-afe3-241385989a54-NettyServerStreamRpc-bossGroup--thread1] INFO  logging.LoggingHandler (AbstractInternalLogger.java:log(148)) - [id: 0xfc3f02df] REGISTERED
2023-09-07 20:29:21,916 [8788027e-81d1-4d47-afe3-241385989a54-NettyServerStreamRpc-bossGroup--thread1] INFO  logging.LoggingHandler (AbstractInternalLogger.java:log(148)) - [id: 0xfc3f02df] BIND: 0.0.0.0/0.0.0.0:15068
2023-09-07 20:29:21,916 [8788027e-81d1-4d47-afe3-241385989a54-NettyServerStreamRpc-bossGroup--thread1] INFO  logging.LoggingHandler (AbstractInternalLogger.java:log(148)) - [id: 0xfc3f02df, L:/0:0:0:0:0:0:0:0:15068] ACTIVE
2023-09-07 20:29:21,917 [main] INFO  server.RaftServerConfigKeys (ConfUtils.java:logGet(46)) - raft.server.threadpool.proxy.cached = true (default)
2023-09-07 20:29:21,917 [main] INFO  server.RaftServerConfigKeys (ConfUtils.java:logGet(46)) - raft.server.threadpool.proxy.size = 0 (default)
2023-09-07 20:29:21,917 [main] INFO  server.RaftServerConfigKeys (ConfUtils.java:logGet(46)) - raft.server.rpc.slowness.timeout = 300s (custom)
2023-09-07 20:29:21,917 [main] INFO  server.RaftServerConfigKeys (ConfUtils.java:logGet(46)) - raft.server.leaderelection.leader.step-down.wait-time = 10s (default)
2023-09-07 20:29:21,917 [main] INFO  server.RaftServerConfigKeys (ConfUtils.java:logGet(46)) - raft.server.storage.dir = [/home/runner/work/ozone/ozone/hadoop-ozone/integration-test/target/test-dir/MiniOzoneClusterImpl-6e39530a-abb5-4f3a-bb3c-e5f572b2b70f/datanode-0/data/ratis] (custom)
2023-09-07 20:29:21,918 [8788027e-81d1-4d47-afe3-241385989a54-impl-thread1] INFO  server.RaftServer (RaftServerProxy.java:initGroupDir(258)) - 8788027e-81d1-4d47-afe3-241385989a54: found a subdirectory /home/runner/work/ozone/ozone/hadoop-ozone/integration-test/target/test-dir/MiniOzoneClusterImpl-6e39530a-abb5-4f3a-bb3c-e5f572b2b70f/datanode-0/data/ratis/tmp
2023-09-07 20:29:21,918 [8788027e-81d1-4d47-afe3-241385989a54-impl-thread1] INFO  server.RaftServer (RaftServerProxy.java:initGroupDir(263)) - 8788027e-81d1-4d47-afe3-241385989a54: The directory /home/runner/work/ozone/ozone/hadoop-ozone/integration-test/target/test-dir/MiniOzoneClusterImpl-6e39530a-abb5-4f3a-bb3c-e5f572b2b70f/datanode-0/data/ratis/tmp is not a group directory; ignoring it. 
2023-09-07 20:29:21,918 [main] INFO  replication.ReplicationServer (ReplicationServer.java:<init>(81)) - Initializing replication server with thread count = 10
2023-09-07 20:29:21,921 [main] INFO  server.XceiverServerGrpc (XceiverServerGrpc.java:<init>(132)) - GrpcServer channel type EpollServerSocketChannel
2023-09-07 20:29:21,924 [main] INFO  replication.ReplicationSupervisor (ReplicationSupervisor.java:build(155)) - Initializing replication supervisor with thread count = 10
2023-09-07 20:29:21,925 [main] INFO  replication.ReplicationSupervisor (ReplicationSupervisor.java:nodeStateUpdated(307)) - Node state updated to IN_SERVICE, scaling executor pool size to 10
2023-09-07 20:29:21,934 [main] INFO  http.BaseHttpServer (BaseHttpServer.java:newHttpServer2BuilderForOzone(223)) - Starting Web-server for hddsDatanode at: http://0.0.0.0:15062
2023-09-07 20:29:21,934 [main] INFO  http.BaseHttpServer (BaseHttpServer.java:<init>(110)) - Hadoop Security Enabled: false Ozone Security Enabled: false Ozone HTTP Security Enabled: false 
2023-09-07 20:29:21,936 [main] WARN  server.AuthenticationFilter (AuthenticationFilter.java:constructSecretProvider(240)) - Unable to initialize FileSignerSecretProvider, falling back to use random secrets. Reason: Could not read signature secret file: /home/runner/hadoop-http-auth-signature-secret
2023-09-07 20:29:21,939 [main] INFO  http.HttpRequestLog (HttpRequestLog.java:getRequestLog(86)) - Http request log for http.requests.hddsDatanode is not defined
2023-09-07 20:29:21,940 [main] INFO  http.HttpServer2 (HttpServer2.java:addGlobalFilter(1031)) - Added global filter 'safety' (class=org.apache.hadoop.hdds.server.http.HttpServer2$QuotingInputFilter)
2023-09-07 20:29:21,941 [main] INFO  http.HttpServer2 (HttpServer2.java:addFilter(1007)) - Added filter static_user_filter (class=org.apache.hadoop.http.lib.StaticUserWebFilter$StaticUserFilter) to context hddsDatanode
2023-09-07 20:29:21,942 [main] INFO  http.HttpServer2 (HttpServer2.java:addFilter(1015)) - Added filter static_user_filter (class=org.apache.hadoop.http.lib.StaticUserWebFilter$StaticUserFilter) to context logs
2023-09-07 20:29:21,942 [main] INFO  http.HttpServer2 (HttpServer2.java:addFilter(1015)) - Added filter static_user_filter (class=org.apache.hadoop.http.lib.StaticUserWebFilter$StaticUserFilter) to context static
2023-09-07 20:29:21,943 [main] INFO  http.BaseHttpServer (BaseHttpServer.java:<init>(189)) - HTTP server of hddsDatanode uses base directory /home/runner/work/ozone/ozone/hadoop-ozone/integration-test/target/test-dir/MiniOzoneClusterImpl-6e39530a-abb5-4f3a-bb3c-e5f572b2b70f/datanode-0/meta/webserver
2023-09-07 20:29:21,944 [main] INFO  http.HttpServer2 (HttpServer2.java:bindListener(1231)) - Jetty bound to port 15062
2023-09-07 20:29:21,944 [main] INFO  server.Server (Server.java:doStart(375)) - jetty-9.4.51.v20230217; built: 2023-02-17T08:19:37.309Z; git: b45c405e4544384de066f814ed42ae3dceacdd49; jvm 1.8.0_382-b05
2023-09-07 20:29:21,946 [main] INFO  server.session (DefaultSessionIdManager.java:doStart(334)) - DefaultSessionIdManager workerName=node0
2023-09-07 20:29:21,946 [main] INFO  server.session (DefaultSessionIdManager.java:doStart(339)) - No SessionScavenger set, using defaults
2023-09-07 20:29:21,946 [main] INFO  server.session (HouseKeeper.java:startScavenging(132)) - node0 Scavenging every 660000ms
2023-09-07 20:29:21,947 [main] INFO  handler.ContextHandler (ContextHandler.java:doStart(921)) - Started o.e.j.s.ServletContextHandler@4fa2e6b8{logs,/logs,file:///home/runner/work/ozone/ozone/hadoop-ozone/integration-test/target/log,AVAILABLE}
2023-09-07 20:29:21,948 [main] INFO  handler.ContextHandler (ContextHandler.java:doStart(921)) - Started o.e.j.s.ServletContextHandler@2e8fdec5{static,/static,jar:file:/home/runner/.m2/repository/org/apache/ozone/hdds-container-service/1.4.0-SNAPSHOT/hdds-container-service-1.4.0-SNAPSHOT.jar!/webapps/static,AVAILABLE}
2023-09-07 20:29:22,218 [main] INFO  handler.ContextHandler (ContextHandler.java:doStart(921)) - Started o.e.j.w.WebAppContext@33714dd6{hddsDatanode,/,file:///home/runner/work/ozone/ozone/hadoop-ozone/integration-test/target/test-dir/MiniOzoneClusterImpl-6e39530a-abb5-4f3a-bb3c-e5f572b2b70f/datanode-0/meta/webserver/jetty-0_0_0_0-15062-hdds-container-service-1_4_0-SNAPSHOT_jar-_-any-8201620234517203165/webapp/,AVAILABLE}{jar:file:/home/runner/.m2/repository/org/apache/ozone/hdds-container-service/1.4.0-SNAPSHOT/hdds-container-service-1.4.0-SNAPSHOT.jar!/webapps/hddsDatanode}
2023-09-07 20:29:22,220 [main] INFO  server.AbstractConnector (AbstractConnector.java:doStart(333)) - Started ServerConnector@54bcc14e{HTTP/1.1, (http/1.1)}{0.0.0.0:15062}
2023-09-07 20:29:22,220 [main] INFO  server.Server (Server.java:doStart(415)) - Started @133293ms
2023-09-07 20:29:22,220 [main] WARN  impl.MetricsSystemImpl (MetricsSystemImpl.java:register(279)) - Sink prometheus already exists!
2023-09-07 20:29:22,221 [main] INFO  http.BaseHttpServer (BaseHttpServer.java:updateConnectorAddress(354)) - HTTP server of hddsDatanode listening at http://0.0.0.0:15062
2023-09-07 20:29:22,221 [main] INFO  ipc.CallQueueManager (CallQueueManager.java:<init>(90)) - Using callQueue: class java.util.concurrent.LinkedBlockingQueue, queueCapacity: 100, scheduler: class org.apache.hadoop.ipc.DefaultRpcScheduler, ipcBackoff: false.
2023-09-07 20:29:22,222 [main] INFO  ipc.Server (Server.java:<init>(1287)) - Listener at 0.0.0.0:15063
2023-09-07 20:29:22,222 [Socket Reader #1 for port 15063] INFO  ipc.Server (Server.java:run(1323)) - Starting Socket Reader #1 for port 15063
2023-09-07 20:29:22,224 [main] INFO  ozone.HddsDatanodeService (HddsDatanodeService.java:start(315)) - Datanode start with admins: [runner]
2023-09-07 20:29:22,224 [main] INFO  ozone.HddsDatanodeClientProtocolServer (HddsDatanodeClientProtocolServer.java:start(72)) - RPC server for Client /0.0.0.0:15063
2023-09-07 20:29:22,225 [IPC Server Responder] INFO  ipc.Server (Server.java:run(1562)) - IPC Server Responder: starting
2023-09-07 20:29:22,226 [IPC Server listener on 15063] INFO  ipc.Server (Server.java:run(1402)) - IPC Server listener on 15063: starting
2023-09-07 20:29:22,227 [main] WARN  impl.MetricRegistriesImpl (MetricRegistriesImpl.java:addReporterRegistration(111)) - New reporters are added after registries were created. Some metrics will be missing from the reporter. Please add reporter before adding any new registry.
2023-09-07 20:29:22,227 [main] WARN  impl.MetricRegistriesImpl (MetricRegistriesImpl.java:addReporterRegistration(111)) - New reporters are added after registries were created. Some metrics will be missing from the reporter. Please add reporter before adding any new registry.
2023-09-07 20:29:22,227 [main] INFO  impl.MetricsSystemImpl (MetricsSystemImpl.java:init(158)) - HddsDatanode metrics system started (again)
2023-09-07 20:29:22,233 [Datanode State Machine Daemon Thread] INFO  statemachine.DatanodeStateMachine (DatanodeStateMachine.java:lambda$startDaemon$0(538)) - Ozone container server started.
2023-09-07 20:29:22,254 [Datanode State Machine Task Thread - 0] INFO  datanode.InitDatanodeState (InitDatanodeState.java:persistContainerDatanodeDetails(138)) - DatanodeDetails is persisted to /home/runner/work/ozone/ozone/hadoop-ozone/integration-test/target/test-dir/MiniOzoneClusterImpl-6e39530a-abb5-4f3a-bb3c-e5f572b2b70f/datanode-0/meta/datanode.id
2023-09-07 20:29:22,260 [main] INFO  ozone.HddsDatanodeService (HddsDatanodeService.java:start(237)) - HddsDatanodeService host:fv-az259-394.nxnqhby4qkoexpon2s1bx5vqxg.dx.internal.cloudapp.net ip:10.1.0.11
2023-09-07 20:29:22,297 [main] INFO  upgrade.AbstractLayoutVersionManager (AbstractLayoutVersionManager.java:init(83)) - Initializing Layout version manager with metadata layout = HADOOP_PRC_PORTS_IN_DATANODEDETAILS (version = 7), software layout = HADOOP_PRC_PORTS_IN_DATANODEDETAILS (version = 7)
2023-09-07 20:29:22,298 [main] INFO  statemachine.DatanodeStateMachine (DatanodeStateMachine.java:getEndPointTaskThreadPoolSize(282)) - Datanode State Machine Task Thread Pool size 2
2023-09-07 20:29:22,300 [main] INFO  volume.HddsVolume (HddsVolume.java:<init>(126)) - Creating HddsVolume: /home/runner/work/ozone/ozone/hadoop-ozone/integration-test/target/test-dir/MiniOzoneClusterImpl-6e39530a-abb5-4f3a-bb3c-e5f572b2b70f/datanode-1/data-0/containers/hdds of storage type : DISK capacity : 9223372036854775807
2023-09-07 20:29:22,300 [main] INFO  volume.MutableVolumeSet (MutableVolumeSet.java:initializeVolumeSet(173)) - Added Volume : /home/runner/work/ozone/ozone/hadoop-ozone/integration-test/target/test-dir/MiniOzoneClusterImpl-6e39530a-abb5-4f3a-bb3c-e5f572b2b70f/datanode-1/data-0/containers/hdds to VolumeSet
2023-09-07 20:29:22,301 [main] INFO  volume.MutableVolumeSet (MutableVolumeSet.java:initializeVolumeSet(173)) - Added Volume : /home/runner/work/ozone/ozone/hadoop-ozone/integration-test/target/test-dir/MiniOzoneClusterImpl-6e39530a-abb5-4f3a-bb3c-e5f572b2b70f/datanode-1/data/ratis to VolumeSet
2023-09-07 20:29:22,303 [Thread-801] INFO  ozoneimpl.ContainerReader (ContainerReader.java:readVolume(177)) - Finish verifying containers on volume /home/runner/work/ozone/ozone/hadoop-ozone/integration-test/target/test-dir/MiniOzoneClusterImpl-6e39530a-abb5-4f3a-bb3c-e5f572b2b70f/datanode-1/data-0/containers/hdds
2023-09-07 20:29:22,303 [main] INFO  ozoneimpl.OzoneContainer (OzoneContainer.java:buildContainerSet(314)) - Build ContainerSet costs 0s
2023-09-07 20:29:22,306 [main] INFO  server.RaftServer (ConfUtils.java:logGet(46)) - raft.rpc.type = GRPC (default)
2023-09-07 20:29:22,306 [main] INFO  grpc.GrpcConfigKeys (ConfUtils.java:logFallback(53)) - raft.grpc.admin.host = null (fallback to raft.grpc.server.host)
2023-09-07 20:29:22,306 [main] INFO  grpc.GrpcConfigKeys (ConfUtils.java:logGet(46)) - raft.grpc.admin.port = 15075 (custom)
2023-09-07 20:29:22,307 [main] INFO  grpc.GrpcConfigKeys (ConfUtils.java:logFallback(53)) - raft.grpc.client.host = null (fallback to raft.grpc.server.host)
2023-09-07 20:29:22,307 [main] INFO  grpc.GrpcConfigKeys (ConfUtils.java:logGet(46)) - raft.grpc.client.port = 15074 (custom)
2023-09-07 20:29:22,307 [main] INFO  grpc.GrpcConfigKeys (ConfUtils.java:logGet(46)) - raft.grpc.server.host = null (default)
2023-09-07 20:29:22,307 [main] INFO  grpc.GrpcConfigKeys (ConfUtils.java:logGet(46)) - raft.grpc.server.port = 15076 (custom)
2023-09-07 20:29:22,307 [main] INFO  server.GrpcService (ConfUtils.java:logGet(46)) - raft.grpc.message.size.max = 32MB (=33554432) (custom)
2023-09-07 20:29:22,307 [main] INFO  server.RaftServerConfigKeys (ConfUtils.java:logGet(46)) - raft.server.log.appender.buffer.byte-limit = 33554432 (custom)
2023-09-07 20:29:22,308 [main] INFO  server.GrpcService (ConfUtils.java:logGet(46)) - raft.grpc.flow.control.window = 5MB (=5242880) (custom)
2023-09-07 20:29:22,308 [main] INFO  server.RaftServerConfigKeys (ConfUtils.java:logGet(46)) - raft.server.rpc.request.timeout = 60s (custom)
2023-09-07 20:29:22,308 [main] INFO  grpc.GrpcConfigKeys (ConfUtils.java:logGet(46)) - raft.grpc.server.heartbeat.channel = true (default)
2023-09-07 20:29:22,308 [main] INFO  grpc.GrpcConfigKeys (ConfUtils.java:logGet(46)) - raft.grpc.server.async.request.thread.pool.cached = true (default)
2023-09-07 20:29:22,308 [main] INFO  grpc.GrpcConfigKeys (ConfUtils.java:logGet(46)) - raft.grpc.server.async.request.thread.pool.size = 32 (default)
2023-09-07 20:29:22,311 [main] INFO  impl.DataStreamServerImpl (ConfUtils.java:logGet(46)) - raft.datastream.type = NETTY (custom)
2023-09-07 20:29:22,312 [main] INFO  server.RaftServerConfigKeys (ConfUtils.java:logGet(46)) - raft.server.data-stream.async.request.thread.pool.cached = false (default)
2023-09-07 20:29:22,312 [main] INFO  server.RaftServerConfigKeys (ConfUtils.java:logGet(46)) - raft.server.data-stream.async.request.thread.pool.size = 20 (custom)
2023-09-07 20:29:22,312 [main] INFO  server.RaftServerConfigKeys (ConfUtils.java:logGet(46)) - raft.server.data-stream.async.write.thread.pool.size = 16 (default)
2023-09-07 20:29:22,312 [main] INFO  server.RaftServerConfigKeys (ConfUtils.java:logGet(46)) - raft.server.data-stream.client.pool.size = 10 (default)
2023-09-07 20:29:22,312 [main] INFO  netty.NettyConfigKeys$DataStream (ConfUtils.java:logGet(46)) - raft.netty.dataStream.server.use-epoll = false (default)
2023-09-07 20:29:22,313 [main] INFO  netty.NettyConfigKeys$DataStream (ConfUtils.java:logGet(46)) - raft.netty.dataStream.server.boss-group.size = 0 (default)
2023-09-07 20:29:22,313 [main] INFO  netty.NettyConfigKeys$DataStream (ConfUtils.java:logGet(46)) - raft.netty.dataStream.server.worker-group.size = 0 (default)
2023-09-07 20:29:22,314 [main] INFO  netty.NettyConfigKeys$DataStream (ConfUtils.java:logGet(46)) - raft.netty.dataStream.server.tls.conf = null (default)
2023-09-07 20:29:22,314 [main] INFO  netty.NettyConfigKeys$DataStream (ConfUtils.java:logGet(46)) - raft.netty.dataStream.host = null (default)
2023-09-07 20:29:22,315 [main] INFO  netty.NettyConfigKeys$DataStream (ConfUtils.java:logGet(46)) - raft.netty.dataStream.port = 15077 (custom)
2023-09-07 20:29:22,315 [main] INFO  server.RaftServerConfigKeys (ConfUtils.java:logGet(46)) - raft.server.threadpool.proxy.cached = true (default)
2023-09-07 20:29:22,316 [main] INFO  server.RaftServerConfigKeys (ConfUtils.java:logGet(46)) - raft.server.threadpool.proxy.size = 0 (default)
2023-09-07 20:29:22,316 [main] INFO  server.RaftServerConfigKeys (ConfUtils.java:logGet(46)) - raft.server.rpc.slowness.timeout = 300s (custom)
2023-09-07 20:29:22,316 [main] INFO  server.RaftServerConfigKeys (ConfUtils.java:logGet(46)) - raft.server.leaderelection.leader.step-down.wait-time = 10s (default)
2023-09-07 20:29:22,316 [main] INFO  server.RaftServerConfigKeys (ConfUtils.java:logGet(46)) - raft.server.storage.dir = [/home/runner/work/ozone/ozone/hadoop-ozone/integration-test/target/test-dir/MiniOzoneClusterImpl-6e39530a-abb5-4f3a-bb3c-e5f572b2b70f/datanode-1/data/ratis] (custom)
2023-09-07 20:29:22,317 [2f0e8030-05aa-4e91-b2c6-437482cdb37f-NettyServerStreamRpc-bossGroup--thread1] INFO  logging.LoggingHandler (AbstractInternalLogger.java:log(148)) - [id: 0x0a5b95f6] REGISTERED
2023-09-07 20:29:22,317 [2f0e8030-05aa-4e91-b2c6-437482cdb37f-impl-thread1] INFO  server.RaftServer (RaftServerProxy.java:initGroupDir(258)) - 2f0e8030-05aa-4e91-b2c6-437482cdb37f: found a subdirectory /home/runner/work/ozone/ozone/hadoop-ozone/integration-test/target/test-dir/MiniOzoneClusterImpl-6e39530a-abb5-4f3a-bb3c-e5f572b2b70f/datanode-1/data/ratis/tmp
2023-09-07 20:29:22,317 [2f0e8030-05aa-4e91-b2c6-437482cdb37f-NettyServerStreamRpc-bossGroup--thread1] INFO  logging.LoggingHandler (AbstractInternalLogger.java:log(148)) - [id: 0x0a5b95f6] BIND: 0.0.0.0/0.0.0.0:15077
2023-09-07 20:29:22,317 [2f0e8030-05aa-4e91-b2c6-437482cdb37f-impl-thread1] INFO  server.RaftServer (RaftServerProxy.java:initGroupDir(263)) - 2f0e8030-05aa-4e91-b2c6-437482cdb37f: The directory /home/runner/work/ozone/ozone/hadoop-ozone/integration-test/target/test-dir/MiniOzoneClusterImpl-6e39530a-abb5-4f3a-bb3c-e5f572b2b70f/datanode-1/data/ratis/tmp is not a group directory; ignoring it. 
2023-09-07 20:29:22,317 [2f0e8030-05aa-4e91-b2c6-437482cdb37f-NettyServerStreamRpc-bossGroup--thread1] INFO  logging.LoggingHandler (AbstractInternalLogger.java:log(148)) - [id: 0x0a5b95f6, L:/0:0:0:0:0:0:0:0:15077] ACTIVE
2023-09-07 20:29:22,317 [main] INFO  replication.ReplicationServer (ReplicationServer.java:<init>(81)) - Initializing replication server with thread count = 10
2023-09-07 20:29:22,320 [main] INFO  server.XceiverServerGrpc (XceiverServerGrpc.java:<init>(132)) - GrpcServer channel type EpollServerSocketChannel
2023-09-07 20:29:22,323 [main] INFO  replication.ReplicationSupervisor (ReplicationSupervisor.java:build(155)) - Initializing replication supervisor with thread count = 10
2023-09-07 20:29:22,323 [main] INFO  replication.ReplicationSupervisor (ReplicationSupervisor.java:nodeStateUpdated(307)) - Node state updated to IN_SERVICE, scaling executor pool size to 10
2023-09-07 20:29:22,330 [main] INFO  http.BaseHttpServer (BaseHttpServer.java:newHttpServer2BuilderForOzone(223)) - Starting Web-server for hddsDatanode at: http://0.0.0.0:15071
2023-09-07 20:29:22,331 [main] INFO  http.BaseHttpServer (BaseHttpServer.java:<init>(110)) - Hadoop Security Enabled: false Ozone Security Enabled: false Ozone HTTP Security Enabled: false 
2023-09-07 20:29:22,332 [main] WARN  server.AuthenticationFilter (AuthenticationFilter.java:constructSecretProvider(240)) - Unable to initialize FileSignerSecretProvider, falling back to use random secrets. Reason: Could not read signature secret file: /home/runner/hadoop-http-auth-signature-secret
2023-09-07 20:29:22,333 [main] INFO  http.HttpRequestLog (HttpRequestLog.java:getRequestLog(86)) - Http request log for http.requests.hddsDatanode is not defined
2023-09-07 20:29:22,335 [main] INFO  http.HttpServer2 (HttpServer2.java:addGlobalFilter(1031)) - Added global filter 'safety' (class=org.apache.hadoop.hdds.server.http.HttpServer2$QuotingInputFilter)
2023-09-07 20:29:22,336 [main] INFO  http.HttpServer2 (HttpServer2.java:addFilter(1007)) - Added filter static_user_filter (class=org.apache.hadoop.http.lib.StaticUserWebFilter$StaticUserFilter) to context hddsDatanode
2023-09-07 20:29:22,336 [main] INFO  http.HttpServer2 (HttpServer2.java:addFilter(1015)) - Added filter static_user_filter (class=org.apache.hadoop.http.lib.StaticUserWebFilter$StaticUserFilter) to context logs
2023-09-07 20:29:22,337 [main] INFO  http.HttpServer2 (HttpServer2.java:addFilter(1015)) - Added filter static_user_filter (class=org.apache.hadoop.http.lib.StaticUserWebFilter$StaticUserFilter) to context static
2023-09-07 20:29:22,338 [main] INFO  http.BaseHttpServer (BaseHttpServer.java:<init>(189)) - HTTP server of hddsDatanode uses base directory /home/runner/work/ozone/ozone/hadoop-ozone/integration-test/target/test-dir/MiniOzoneClusterImpl-6e39530a-abb5-4f3a-bb3c-e5f572b2b70f/datanode-1/meta/webserver
2023-09-07 20:29:22,338 [main] INFO  http.HttpServer2 (HttpServer2.java:bindListener(1231)) - Jetty bound to port 15071
2023-09-07 20:29:22,338 [main] INFO  server.Server (Server.java:doStart(375)) - jetty-9.4.51.v20230217; built: 2023-02-17T08:19:37.309Z; git: b45c405e4544384de066f814ed42ae3dceacdd49; jvm 1.8.0_382-b05
2023-09-07 20:29:22,341 [main] INFO  server.session (DefaultSessionIdManager.java:doStart(334)) - DefaultSessionIdManager workerName=node0
2023-09-07 20:29:22,341 [main] INFO  server.session (DefaultSessionIdManager.java:doStart(339)) - No SessionScavenger set, using defaults
2023-09-07 20:29:22,341 [main] INFO  server.session (HouseKeeper.java:startScavenging(132)) - node0 Scavenging every 600000ms
2023-09-07 20:29:22,342 [main] INFO  handler.ContextHandler (ContextHandler.java:doStart(921)) - Started o.e.j.s.ServletContextHandler@1a41a193{logs,/logs,file:///home/runner/work/ozone/ozone/hadoop-ozone/integration-test/target/log,AVAILABLE}
2023-09-07 20:29:22,343 [main] INFO  handler.ContextHandler (ContextHandler.java:doStart(921)) - Started o.e.j.s.ServletContextHandler@4e55a242{static,/static,jar:file:/home/runner/.m2/repository/org/apache/ozone/hdds-container-service/1.4.0-SNAPSHOT/hdds-container-service-1.4.0-SNAPSHOT.jar!/webapps/static,AVAILABLE}
2023-09-07 20:29:22,690 [main] INFO  handler.ContextHandler (ContextHandler.java:doStart(921)) - Started o.e.j.w.WebAppContext@7327749c{hddsDatanode,/,file:///home/runner/work/ozone/ozone/hadoop-ozone/integration-test/target/test-dir/MiniOzoneClusterImpl-6e39530a-abb5-4f3a-bb3c-e5f572b2b70f/datanode-1/meta/webserver/jetty-0_0_0_0-15071-hdds-container-service-1_4_0-SNAPSHOT_jar-_-any-8655823054937115815/webapp/,AVAILABLE}{jar:file:/home/runner/.m2/repository/org/apache/ozone/hdds-container-service/1.4.0-SNAPSHOT/hdds-container-service-1.4.0-SNAPSHOT.jar!/webapps/hddsDatanode}
2023-09-07 20:29:22,692 [main] INFO  server.AbstractConnector (AbstractConnector.java:doStart(333)) - Started ServerConnector@6924ffdc{HTTP/1.1, (http/1.1)}{0.0.0.0:15071}
2023-09-07 20:29:22,693 [main] INFO  server.Server (Server.java:doStart(415)) - Started @133766ms
2023-09-07 20:29:22,693 [main] WARN  impl.MetricsSystemImpl (MetricsSystemImpl.java:register(279)) - Sink prometheus already exists!
2023-09-07 20:29:22,694 [main] INFO  http.BaseHttpServer (BaseHttpServer.java:updateConnectorAddress(354)) - HTTP server of hddsDatanode listening at http://0.0.0.0:15071
2023-09-07 20:29:22,694 [main] INFO  ipc.CallQueueManager (CallQueueManager.java:<init>(90)) - Using callQueue: class java.util.concurrent.LinkedBlockingQueue, queueCapacity: 100, scheduler: class org.apache.hadoop.ipc.DefaultRpcScheduler, ipcBackoff: false.
2023-09-07 20:29:22,695 [main] INFO  ipc.Server (Server.java:<init>(1287)) - Listener at 0.0.0.0:15072
2023-09-07 20:29:22,695 [Socket Reader #1 for port 15072] INFO  ipc.Server (Server.java:run(1323)) - Starting Socket Reader #1 for port 15072
2023-09-07 20:29:22,697 [main] INFO  ozone.HddsDatanodeService (HddsDatanodeService.java:start(315)) - Datanode start with admins: [runner]
2023-09-07 20:29:22,697 [main] INFO  ozone.HddsDatanodeClientProtocolServer (HddsDatanodeClientProtocolServer.java:start(72)) - RPC server for Client /0.0.0.0:15072
2023-09-07 20:29:22,698 [IPC Server Responder] INFO  ipc.Server (Server.java:run(1562)) - IPC Server Responder: starting
2023-09-07 20:29:22,698 [IPC Server listener on 15072] INFO  ipc.Server (Server.java:run(1402)) - IPC Server listener on 15072: starting
2023-09-07 20:29:22,699 [main] WARN  impl.MetricRegistriesImpl (MetricRegistriesImpl.java:addReporterRegistration(111)) - New reporters are added after registries were created. Some metrics will be missing from the reporter. Please add reporter before adding any new registry.
2023-09-07 20:29:22,699 [main] WARN  impl.MetricRegistriesImpl (MetricRegistriesImpl.java:addReporterRegistration(111)) - New reporters are added after registries were created. Some metrics will be missing from the reporter. Please add reporter before adding any new registry.
2023-09-07 20:29:22,700 [main] INFO  impl.MetricsSystemImpl (MetricsSystemImpl.java:init(158)) - HddsDatanode metrics system started (again)
2023-09-07 20:29:22,701 [Datanode State Machine Daemon Thread] INFO  statemachine.DatanodeStateMachine (DatanodeStateMachine.java:lambda$startDaemon$0(538)) - Ozone container server started.
2023-09-07 20:29:22,719 [main] INFO  ozone.HddsDatanodeService (HddsDatanodeService.java:start(237)) - HddsDatanodeService host:fv-az259-394.nxnqhby4qkoexpon2s1bx5vqxg.dx.internal.cloudapp.net ip:10.1.0.11
2023-09-07 20:29:22,728 [Datanode State Machine Task Thread - 0] INFO  datanode.InitDatanodeState (InitDatanodeState.java:persistContainerDatanodeDetails(138)) - DatanodeDetails is persisted to /home/runner/work/ozone/ozone/hadoop-ozone/integration-test/target/test-dir/MiniOzoneClusterImpl-6e39530a-abb5-4f3a-bb3c-e5f572b2b70f/datanode-1/meta/datanode.id
2023-09-07 20:29:22,760 [main] INFO  upgrade.AbstractLayoutVersionManager (AbstractLayoutVersionManager.java:init(83)) - Initializing Layout version manager with metadata layout = HADOOP_PRC_PORTS_IN_DATANODEDETAILS (version = 7), software layout = HADOOP_PRC_PORTS_IN_DATANODEDETAILS (version = 7)
2023-09-07 20:29:22,761 [main] INFO  statemachine.DatanodeStateMachine (DatanodeStateMachine.java:getEndPointTaskThreadPoolSize(282)) - Datanode State Machine Task Thread Pool size 2
2023-09-07 20:29:22,763 [main] INFO  volume.HddsVolume (HddsVolume.java:<init>(126)) - Creating HddsVolume: /home/runner/work/ozone/ozone/hadoop-ozone/integration-test/target/test-dir/MiniOzoneClusterImpl-6e39530a-abb5-4f3a-bb3c-e5f572b2b70f/datanode-2/data-0/containers/hdds of storage type : DISK capacity : 9223372036854775807
2023-09-07 20:29:22,764 [main] INFO  volume.MutableVolumeSet (MutableVolumeSet.java:initializeVolumeSet(173)) - Added Volume : /home/runner/work/ozone/ozone/hadoop-ozone/integration-test/target/test-dir/MiniOzoneClusterImpl-6e39530a-abb5-4f3a-bb3c-e5f572b2b70f/datanode-2/data-0/containers/hdds to VolumeSet
2023-09-07 20:29:22,766 [main] INFO  volume.MutableVolumeSet (MutableVolumeSet.java:initializeVolumeSet(173)) - Added Volume : /home/runner/work/ozone/ozone/hadoop-ozone/integration-test/target/test-dir/MiniOzoneClusterImpl-6e39530a-abb5-4f3a-bb3c-e5f572b2b70f/datanode-2/data/ratis to VolumeSet
2023-09-07 20:29:22,767 [Thread-818] INFO  ozoneimpl.ContainerReader (ContainerReader.java:readVolume(177)) - Finish verifying containers on volume /home/runner/work/ozone/ozone/hadoop-ozone/integration-test/target/test-dir/MiniOzoneClusterImpl-6e39530a-abb5-4f3a-bb3c-e5f572b2b70f/datanode-2/data-0/containers/hdds
2023-09-07 20:29:22,767 [main] INFO  ozoneimpl.OzoneContainer (OzoneContainer.java:buildContainerSet(314)) - Build ContainerSet costs 0s
2023-09-07 20:29:22,770 [main] INFO  server.RaftServer (ConfUtils.java:logGet(46)) - raft.rpc.type = GRPC (default)
2023-09-07 20:29:22,770 [main] INFO  grpc.GrpcConfigKeys (ConfUtils.java:logFallback(53)) - raft.grpc.admin.host = null (fallback to raft.grpc.server.host)
2023-09-07 20:29:22,771 [main] INFO  grpc.GrpcConfigKeys (ConfUtils.java:logGet(46)) - raft.grpc.admin.port = 15084 (custom)
2023-09-07 20:29:22,771 [main] INFO  grpc.GrpcConfigKeys (ConfUtils.java:logFallback(53)) - raft.grpc.client.host = null (fallback to raft.grpc.server.host)
2023-09-07 20:29:22,771 [main] INFO  grpc.GrpcConfigKeys (ConfUtils.java:logGet(46)) - raft.grpc.client.port = 15083 (custom)
2023-09-07 20:29:22,771 [main] INFO  grpc.GrpcConfigKeys (ConfUtils.java:logGet(46)) - raft.grpc.server.host = null (default)
2023-09-07 20:29:22,771 [main] INFO  grpc.GrpcConfigKeys (ConfUtils.java:logGet(46)) - raft.grpc.server.port = 15085 (custom)
2023-09-07 20:29:22,771 [main] INFO  server.GrpcService (ConfUtils.java:logGet(46)) - raft.grpc.message.size.max = 32MB (=33554432) (custom)
2023-09-07 20:29:22,772 [main] INFO  server.RaftServerConfigKeys (ConfUtils.java:logGet(46)) - raft.server.log.appender.buffer.byte-limit = 33554432 (custom)
2023-09-07 20:29:22,772 [main] INFO  server.GrpcService (ConfUtils.java:logGet(46)) - raft.grpc.flow.control.window = 5MB (=5242880) (custom)
2023-09-07 20:29:22,772 [main] INFO  server.RaftServerConfigKeys (ConfUtils.java:logGet(46)) - raft.server.rpc.request.timeout = 60s (custom)
2023-09-07 20:29:22,772 [main] INFO  grpc.GrpcConfigKeys (ConfUtils.java:logGet(46)) - raft.grpc.server.heartbeat.channel = true (default)
2023-09-07 20:29:22,772 [main] INFO  grpc.GrpcConfigKeys (ConfUtils.java:logGet(46)) - raft.grpc.server.async.request.thread.pool.cached = true (default)
2023-09-07 20:29:22,772 [main] INFO  grpc.GrpcConfigKeys (ConfUtils.java:logGet(46)) - raft.grpc.server.async.request.thread.pool.size = 32 (default)
2023-09-07 20:29:22,776 [main] INFO  impl.DataStreamServerImpl (ConfUtils.java:logGet(46)) - raft.datastream.type = NETTY (custom)
2023-09-07 20:29:22,777 [main] INFO  server.RaftServerConfigKeys (ConfUtils.java:logGet(46)) - raft.server.data-stream.async.request.thread.pool.cached = false (default)
2023-09-07 20:29:22,777 [main] INFO  server.RaftServerConfigKeys (ConfUtils.java:logGet(46)) - raft.server.data-stream.async.request.thread.pool.size = 20 (custom)
2023-09-07 20:29:22,777 [main] INFO  server.RaftServerConfigKeys (ConfUtils.java:logGet(46)) - raft.server.data-stream.async.write.thread.pool.size = 16 (default)
2023-09-07 20:29:22,777 [main] INFO  server.RaftServerConfigKeys (ConfUtils.java:logGet(46)) - raft.server.data-stream.client.pool.size = 10 (default)
2023-09-07 20:29:22,778 [main] INFO  netty.NettyConfigKeys$DataStream (ConfUtils.java:logGet(46)) - raft.netty.dataStream.server.use-epoll = false (default)
2023-09-07 20:29:22,778 [main] INFO  netty.NettyConfigKeys$DataStream (ConfUtils.java:logGet(46)) - raft.netty.dataStream.server.boss-group.size = 0 (default)
2023-09-07 20:29:22,778 [main] INFO  netty.NettyConfigKeys$DataStream (ConfUtils.java:logGet(46)) - raft.netty.dataStream.server.worker-group.size = 0 (default)
2023-09-07 20:29:22,779 [main] INFO  netty.NettyConfigKeys$DataStream (ConfUtils.java:logGet(46)) - raft.netty.dataStream.server.tls.conf = null (default)
2023-09-07 20:29:22,779 [main] INFO  netty.NettyConfigKeys$DataStream (ConfUtils.java:logGet(46)) - raft.netty.dataStream.host = null (default)
2023-09-07 20:29:22,779 [main] INFO  netty.NettyConfigKeys$DataStream (ConfUtils.java:logGet(46)) - raft.netty.dataStream.port = 15086 (custom)
2023-09-07 20:29:22,780 [main] INFO  server.RaftServerConfigKeys (ConfUtils.java:logGet(46)) - raft.server.threadpool.proxy.cached = true (default)
2023-09-07 20:29:22,780 [main] INFO  server.RaftServerConfigKeys (ConfUtils.java:logGet(46)) - raft.server.threadpool.proxy.size = 0 (default)
2023-09-07 20:29:22,780 [e6d6ce9d-4fd0-4987-92e7-1065424d9f29-NettyServerStreamRpc-bossGroup--thread1] INFO  logging.LoggingHandler (AbstractInternalLogger.java:log(148)) - [id: 0x796566ed] REGISTERED
2023-09-07 20:29:22,781 [main] INFO  server.RaftServerConfigKeys (ConfUtils.java:logGet(46)) - raft.server.rpc.slowness.timeout = 300s (custom)
2023-09-07 20:29:22,781 [main] INFO  server.RaftServerConfigKeys (ConfUtils.java:logGet(46)) - raft.server.leaderelection.leader.step-down.wait-time = 10s (default)
2023-09-07 20:29:22,781 [main] INFO  server.RaftServerConfigKeys (ConfUtils.java:logGet(46)) - raft.server.storage.dir = [/home/runner/work/ozone/ozone/hadoop-ozone/integration-test/target/test-dir/MiniOzoneClusterImpl-6e39530a-abb5-4f3a-bb3c-e5f572b2b70f/datanode-2/data/ratis] (custom)
2023-09-07 20:29:22,783 [e6d6ce9d-4fd0-4987-92e7-1065424d9f29-NettyServerStreamRpc-bossGroup--thread1] INFO  logging.LoggingHandler (AbstractInternalLogger.java:log(148)) - [id: 0x796566ed] BIND: 0.0.0.0/0.0.0.0:15086
2023-09-07 20:29:22,783 [e6d6ce9d-4fd0-4987-92e7-1065424d9f29-impl-thread1] INFO  server.RaftServer (RaftServerProxy.java:initGroupDir(258)) - e6d6ce9d-4fd0-4987-92e7-1065424d9f29: found a subdirectory /home/runner/work/ozone/ozone/hadoop-ozone/integration-test/target/test-dir/MiniOzoneClusterImpl-6e39530a-abb5-4f3a-bb3c-e5f572b2b70f/datanode-2/data/ratis/tmp
2023-09-07 20:29:22,783 [e6d6ce9d-4fd0-4987-92e7-1065424d9f29-impl-thread1] INFO  server.RaftServer (RaftServerProxy.java:initGroupDir(263)) - e6d6ce9d-4fd0-4987-92e7-1065424d9f29: The directory /home/runner/work/ozone/ozone/hadoop-ozone/integration-test/target/test-dir/MiniOzoneClusterImpl-6e39530a-abb5-4f3a-bb3c-e5f572b2b70f/datanode-2/data/ratis/tmp is not a group directory; ignoring it. 
2023-09-07 20:29:22,784 [main] INFO  replication.ReplicationServer (ReplicationServer.java:<init>(81)) - Initializing replication server with thread count = 10
2023-09-07 20:29:22,783 [e6d6ce9d-4fd0-4987-92e7-1065424d9f29-NettyServerStreamRpc-bossGroup--thread1] INFO  logging.LoggingHandler (AbstractInternalLogger.java:log(148)) - [id: 0x796566ed, L:/0:0:0:0:0:0:0:0:15086] ACTIVE
2023-09-07 20:29:22,786 [main] INFO  server.XceiverServerGrpc (XceiverServerGrpc.java:<init>(132)) - GrpcServer channel type EpollServerSocketChannel
2023-09-07 20:29:22,788 [main] INFO  replication.ReplicationSupervisor (ReplicationSupervisor.java:build(155)) - Initializing replication supervisor with thread count = 10
2023-09-07 20:29:22,789 [main] INFO  replication.ReplicationSupervisor (ReplicationSupervisor.java:nodeStateUpdated(307)) - Node state updated to IN_SERVICE, scaling executor pool size to 10
2023-09-07 20:29:22,792 [main] INFO  http.BaseHttpServer (BaseHttpServer.java:newHttpServer2BuilderForOzone(223)) - Starting Web-server for hddsDatanode at: http://0.0.0.0:15080
2023-09-07 20:29:22,793 [main] INFO  http.BaseHttpServer (BaseHttpServer.java:<init>(110)) - Hadoop Security Enabled: false Ozone Security Enabled: false Ozone HTTP Security Enabled: false 
2023-09-07 20:29:22,794 [main] WARN  server.AuthenticationFilter (AuthenticationFilter.java:constructSecretProvider(240)) - Unable to initialize FileSignerSecretProvider, falling back to use random secrets. Reason: Could not read signature secret file: /home/runner/hadoop-http-auth-signature-secret
2023-09-07 20:29:22,795 [main] INFO  http.HttpRequestLog (HttpRequestLog.java:getRequestLog(86)) - Http request log for http.requests.hddsDatanode is not defined
2023-09-07 20:29:22,797 [main] INFO  http.HttpServer2 (HttpServer2.java:addGlobalFilter(1031)) - Added global filter 'safety' (class=org.apache.hadoop.hdds.server.http.HttpServer2$QuotingInputFilter)
2023-09-07 20:29:22,797 [main] INFO  http.HttpServer2 (HttpServer2.java:addFilter(1007)) - Added filter static_user_filter (class=org.apache.hadoop.http.lib.StaticUserWebFilter$StaticUserFilter) to context hddsDatanode
2023-09-07 20:29:22,797 [main] INFO  http.HttpServer2 (HttpServer2.java:addFilter(1015)) - Added filter static_user_filter (class=org.apache.hadoop.http.lib.StaticUserWebFilter$StaticUserFilter) to context static
2023-09-07 20:29:22,798 [main] INFO  http.HttpServer2 (HttpServer2.java:addFilter(1015)) - Added filter static_user_filter (class=org.apache.hadoop.http.lib.StaticUserWebFilter$StaticUserFilter) to context logs
2023-09-07 20:29:22,798 [main] INFO  http.BaseHttpServer (BaseHttpServer.java:<init>(189)) - HTTP server of hddsDatanode uses base directory /home/runner/work/ozone/ozone/hadoop-ozone/integration-test/target/test-dir/MiniOzoneClusterImpl-6e39530a-abb5-4f3a-bb3c-e5f572b2b70f/datanode-2/meta/webserver
2023-09-07 20:29:22,799 [main] INFO  http.HttpServer2 (HttpServer2.java:bindListener(1231)) - Jetty bound to port 15080
2023-09-07 20:29:22,799 [main] INFO  server.Server (Server.java:doStart(375)) - jetty-9.4.51.v20230217; built: 2023-02-17T08:19:37.309Z; git: b45c405e4544384de066f814ed42ae3dceacdd49; jvm 1.8.0_382-b05
2023-09-07 20:29:22,801 [main] INFO  server.session (DefaultSessionIdManager.java:doStart(334)) - DefaultSessionIdManager workerName=node0
2023-09-07 20:29:22,802 [main] INFO  server.session (DefaultSessionIdManager.java:doStart(339)) - No SessionScavenger set, using defaults
2023-09-07 20:29:22,802 [main] INFO  server.session (HouseKeeper.java:startScavenging(132)) - node0 Scavenging every 660000ms
2023-09-07 20:29:22,803 [main] INFO  handler.ContextHandler (ContextHandler.java:doStart(921)) - Started o.e.j.s.ServletContextHandler@5c10a995{logs,/logs,file:///home/runner/work/ozone/ozone/hadoop-ozone/integration-test/target/log,AVAILABLE}
2023-09-07 20:29:22,803 [main] INFO  handler.ContextHandler (ContextHandler.java:doStart(921)) - Started o.e.j.s.ServletContextHandler@3b53625{static,/static,jar:file:/home/runner/.m2/repository/org/apache/ozone/hdds-container-service/1.4.0-SNAPSHOT/hdds-container-service-1.4.0-SNAPSHOT.jar!/webapps/static,AVAILABLE}
2023-09-07 20:29:23,067 [main] INFO  handler.ContextHandler (ContextHandler.java:doStart(921)) - Started o.e.j.w.WebAppContext@21c3b7fc{hddsDatanode,/,file:///home/runner/work/ozone/ozone/hadoop-ozone/integration-test/target/test-dir/MiniOzoneClusterImpl-6e39530a-abb5-4f3a-bb3c-e5f572b2b70f/datanode-2/meta/webserver/jetty-0_0_0_0-15080-hdds-container-service-1_4_0-SNAPSHOT_jar-_-any-8228573521805411574/webapp/,AVAILABLE}{jar:file:/home/runner/.m2/repository/org/apache/ozone/hdds-container-service/1.4.0-SNAPSHOT/hdds-container-service-1.4.0-SNAPSHOT.jar!/webapps/hddsDatanode}
2023-09-07 20:29:23,070 [main] INFO  server.AbstractConnector (AbstractConnector.java:doStart(333)) - Started ServerConnector@4d5c09d1{HTTP/1.1, (http/1.1)}{0.0.0.0:15080}
2023-09-07 20:29:23,071 [main] INFO  server.Server (Server.java:doStart(415)) - Started @134144ms
2023-09-07 20:29:23,071 [main] WARN  impl.MetricsSystemImpl (MetricsSystemImpl.java:register(279)) - Sink prometheus already exists!
2023-09-07 20:29:23,072 [main] INFO  http.BaseHttpServer (BaseHttpServer.java:updateConnectorAddress(354)) - HTTP server of hddsDatanode listening at http://0.0.0.0:15080
2023-09-07 20:29:23,073 [main] INFO  ipc.CallQueueManager (CallQueueManager.java:<init>(90)) - Using callQueue: class java.util.concurrent.LinkedBlockingQueue, queueCapacity: 100, scheduler: class org.apache.hadoop.ipc.DefaultRpcScheduler, ipcBackoff: false.
2023-09-07 20:29:23,073 [main] INFO  ipc.Server (Server.java:<init>(1287)) - Listener at 0.0.0.0:15081
2023-09-07 20:29:23,074 [Socket Reader #1 for port 15081] INFO  ipc.Server (Server.java:run(1323)) - Starting Socket Reader #1 for port 15081
2023-09-07 20:29:23,078 [main] INFO  ozone.HddsDatanodeService (HddsDatanodeService.java:start(315)) - Datanode start with admins: [runner]
2023-09-07 20:29:23,078 [main] INFO  ozone.HddsDatanodeClientProtocolServer (HddsDatanodeClientProtocolServer.java:start(72)) - RPC server for Client /0.0.0.0:15081
2023-09-07 20:29:23,078 [IPC Server Responder] INFO  ipc.Server (Server.java:run(1562)) - IPC Server Responder: starting
2023-09-07 20:29:23,078 [IPC Server listener on 15081] INFO  ipc.Server (Server.java:run(1402)) - IPC Server listener on 15081: starting
2023-09-07 20:29:23,079 [main] WARN  impl.MetricRegistriesImpl (MetricRegistriesImpl.java:addReporterRegistration(111)) - New reporters are added after registries were created. Some metrics will be missing from the reporter. Please add reporter before adding any new registry.
2023-09-07 20:29:23,079 [main] WARN  impl.MetricRegistriesImpl (MetricRegistriesImpl.java:addReporterRegistration(111)) - New reporters are added after registries were created. Some metrics will be missing from the reporter. Please add reporter before adding any new registry.
2023-09-07 20:29:23,079 [main] INFO  impl.MetricsSystemImpl (MetricsSystemImpl.java:init(158)) - HddsDatanode metrics system started (again)
2023-09-07 20:29:23,083 [Datanode State Machine Daemon Thread] INFO  statemachine.DatanodeStateMachine (DatanodeStateMachine.java:lambda$startDaemon$0(538)) - Ozone container server started.
2023-09-07 20:29:23,098 [main] INFO  ozone.HddsDatanodeService (HddsDatanodeService.java:start(237)) - HddsDatanodeService host:fv-az259-394.nxnqhby4qkoexpon2s1bx5vqxg.dx.internal.cloudapp.net ip:10.1.0.11
2023-09-07 20:29:23,102 [Datanode State Machine Task Thread - 0] INFO  datanode.InitDatanodeState (InitDatanodeState.java:persistContainerDatanodeDetails(138)) - DatanodeDetails is persisted to /home/runner/work/ozone/ozone/hadoop-ozone/integration-test/target/test-dir/MiniOzoneClusterImpl-6e39530a-abb5-4f3a-bb3c-e5f572b2b70f/datanode-2/meta/datanode.id
2023-09-07 20:29:23,130 [main] INFO  upgrade.AbstractLayoutVersionManager (AbstractLayoutVersionManager.java:init(83)) - Initializing Layout version manager with metadata layout = HADOOP_PRC_PORTS_IN_DATANODEDETAILS (version = 7), software layout = HADOOP_PRC_PORTS_IN_DATANODEDETAILS (version = 7)
2023-09-07 20:29:23,131 [main] INFO  statemachine.DatanodeStateMachine (DatanodeStateMachine.java:getEndPointTaskThreadPoolSize(282)) - Datanode State Machine Task Thread Pool size 2
2023-09-07 20:29:23,133 [main] INFO  volume.HddsVolume (HddsVolume.java:<init>(126)) - Creating HddsVolume: /home/runner/work/ozone/ozone/hadoop-ozone/integration-test/target/test-dir/MiniOzoneClusterImpl-6e39530a-abb5-4f3a-bb3c-e5f572b2b70f/datanode-3/data-0/containers/hdds of storage type : DISK capacity : 9223372036854775807
2023-09-07 20:29:23,133 [main] INFO  volume.MutableVolumeSet (MutableVolumeSet.java:initializeVolumeSet(173)) - Added Volume : /home/runner/work/ozone/ozone/hadoop-ozone/integration-test/target/test-dir/MiniOzoneClusterImpl-6e39530a-abb5-4f3a-bb3c-e5f572b2b70f/datanode-3/data-0/containers/hdds to VolumeSet
2023-09-07 20:29:23,134 [main] INFO  volume.MutableVolumeSet (MutableVolumeSet.java:initializeVolumeSet(173)) - Added Volume : /home/runner/work/ozone/ozone/hadoop-ozone/integration-test/target/test-dir/MiniOzoneClusterImpl-6e39530a-abb5-4f3a-bb3c-e5f572b2b70f/datanode-3/data/ratis to VolumeSet
2023-09-07 20:29:23,135 [Thread-835] INFO  ozoneimpl.ContainerReader (ContainerReader.java:readVolume(177)) - Finish verifying containers on volume /home/runner/work/ozone/ozone/hadoop-ozone/integration-test/target/test-dir/MiniOzoneClusterImpl-6e39530a-abb5-4f3a-bb3c-e5f572b2b70f/datanode-3/data-0/containers/hdds
2023-09-07 20:29:23,135 [main] INFO  ozoneimpl.OzoneContainer (OzoneContainer.java:buildContainerSet(314)) - Build ContainerSet costs 0s
2023-09-07 20:29:23,137 [main] INFO  server.RaftServer (ConfUtils.java:logGet(46)) - raft.rpc.type = GRPC (default)
2023-09-07 20:29:23,138 [main] INFO  grpc.GrpcConfigKeys (ConfUtils.java:logFallback(53)) - raft.grpc.admin.host = null (fallback to raft.grpc.server.host)
2023-09-07 20:29:23,138 [main] INFO  grpc.GrpcConfigKeys (ConfUtils.java:logGet(46)) - raft.grpc.admin.port = 15093 (custom)
2023-09-07 20:29:23,138 [main] INFO  grpc.GrpcConfigKeys (ConfUtils.java:logFallback(53)) - raft.grpc.client.host = null (fallback to raft.grpc.server.host)
2023-09-07 20:29:23,138 [main] INFO  grpc.GrpcConfigKeys (ConfUtils.java:logGet(46)) - raft.grpc.client.port = 15092 (custom)
2023-09-07 20:29:23,138 [main] INFO  grpc.GrpcConfigKeys (ConfUtils.java:logGet(46)) - raft.grpc.server.host = null (default)
2023-09-07 20:29:23,138 [main] INFO  grpc.GrpcConfigKeys (ConfUtils.java:logGet(46)) - raft.grpc.server.port = 15094 (custom)
2023-09-07 20:29:23,139 [main] INFO  server.GrpcService (ConfUtils.java:logGet(46)) - raft.grpc.message.size.max = 32MB (=33554432) (custom)
2023-09-07 20:29:23,139 [main] INFO  server.RaftServerConfigKeys (ConfUtils.java:logGet(46)) - raft.server.log.appender.buffer.byte-limit = 33554432 (custom)
2023-09-07 20:29:23,139 [main] INFO  server.GrpcService (ConfUtils.java:logGet(46)) - raft.grpc.flow.control.window = 5MB (=5242880) (custom)
2023-09-07 20:29:23,139 [main] INFO  server.RaftServerConfigKeys (ConfUtils.java:logGet(46)) - raft.server.rpc.request.timeout = 60s (custom)
2023-09-07 20:29:23,139 [main] INFO  grpc.GrpcConfigKeys (ConfUtils.java:logGet(46)) - raft.grpc.server.heartbeat.channel = true (default)
2023-09-07 20:29:23,139 [main] INFO  grpc.GrpcConfigKeys (ConfUtils.java:logGet(46)) - raft.grpc.server.async.request.thread.pool.cached = true (default)
2023-09-07 20:29:23,140 [main] INFO  grpc.GrpcConfigKeys (ConfUtils.java:logGet(46)) - raft.grpc.server.async.request.thread.pool.size = 32 (default)
2023-09-07 20:29:23,143 [main] INFO  impl.DataStreamServerImpl (ConfUtils.java:logGet(46)) - raft.datastream.type = NETTY (custom)
2023-09-07 20:29:23,143 [main] INFO  server.RaftServerConfigKeys (ConfUtils.java:logGet(46)) - raft.server.data-stream.async.request.thread.pool.cached = false (default)
2023-09-07 20:29:23,143 [main] INFO  server.RaftServerConfigKeys (ConfUtils.java:logGet(46)) - raft.server.data-stream.async.request.thread.pool.size = 20 (custom)
2023-09-07 20:29:23,143 [main] INFO  server.RaftServerConfigKeys (ConfUtils.java:logGet(46)) - raft.server.data-stream.async.write.thread.pool.size = 16 (default)
2023-09-07 20:29:23,144 [main] INFO  server.RaftServerConfigKeys (ConfUtils.java:logGet(46)) - raft.server.data-stream.client.pool.size = 10 (default)
2023-09-07 20:29:23,144 [main] INFO  netty.NettyConfigKeys$DataStream (ConfUtils.java:logGet(46)) - raft.netty.dataStream.server.use-epoll = false (default)
2023-09-07 20:29:23,144 [main] INFO  netty.NettyConfigKeys$DataStream (ConfUtils.java:logGet(46)) - raft.netty.dataStream.server.boss-group.size = 0 (default)
2023-09-07 20:29:23,144 [main] INFO  netty.NettyConfigKeys$DataStream (ConfUtils.java:logGet(46)) - raft.netty.dataStream.server.worker-group.size = 0 (default)
2023-09-07 20:29:23,145 [main] INFO  netty.NettyConfigKeys$DataStream (ConfUtils.java:logGet(46)) - raft.netty.dataStream.server.tls.conf = null (default)
2023-09-07 20:29:23,145 [main] INFO  netty.NettyConfigKeys$DataStream (ConfUtils.java:logGet(46)) - raft.netty.dataStream.host = null (default)
2023-09-07 20:29:23,145 [main] INFO  netty.NettyConfigKeys$DataStream (ConfUtils.java:logGet(46)) - raft.netty.dataStream.port = 15095 (custom)
2023-09-07 20:29:23,146 [main] INFO  server.RaftServerConfigKeys (ConfUtils.java:logGet(46)) - raft.server.threadpool.proxy.cached = true (default)
2023-09-07 20:29:23,146 [main] INFO  server.RaftServerConfigKeys (ConfUtils.java:logGet(46)) - raft.server.threadpool.proxy.size = 0 (default)
2023-09-07 20:29:23,146 [main] INFO  server.RaftServerConfigKeys (ConfUtils.java:logGet(46)) - raft.server.rpc.slowness.timeout = 300s (custom)
2023-09-07 20:29:23,146 [main] INFO  server.RaftServerConfigKeys (ConfUtils.java:logGet(46)) - raft.server.leaderelection.leader.step-down.wait-time = 10s (default)
2023-09-07 20:29:23,147 [main] INFO  server.RaftServerConfigKeys (ConfUtils.java:logGet(46)) - raft.server.storage.dir = [/home/runner/work/ozone/ozone/hadoop-ozone/integration-test/target/test-dir/MiniOzoneClusterImpl-6e39530a-abb5-4f3a-bb3c-e5f572b2b70f/datanode-3/data/ratis] (custom)
2023-09-07 20:29:23,147 [e6894f1b-35d2-469c-bf31-69833cd25437-NettyServerStreamRpc-bossGroup--thread1] INFO  logging.LoggingHandler (AbstractInternalLogger.java:log(148)) - [id: 0x551e94e8] REGISTERED
2023-09-07 20:29:23,147 [e6894f1b-35d2-469c-bf31-69833cd25437-NettyServerStreamRpc-bossGroup--thread1] INFO  logging.LoggingHandler (AbstractInternalLogger.java:log(148)) - [id: 0x551e94e8] BIND: 0.0.0.0/0.0.0.0:15095
2023-09-07 20:29:23,148 [e6894f1b-35d2-469c-bf31-69833cd25437-NettyServerStreamRpc-bossGroup--thread1] INFO  logging.LoggingHandler (AbstractInternalLogger.java:log(148)) - [id: 0x551e94e8, L:/0:0:0:0:0:0:0:0:15095] ACTIVE
2023-09-07 20:29:23,151 [e6894f1b-35d2-469c-bf31-69833cd25437-impl-thread1] INFO  server.RaftServer (RaftServerProxy.java:initGroupDir(258)) - e6894f1b-35d2-469c-bf31-69833cd25437: found a subdirectory /home/runner/work/ozone/ozone/hadoop-ozone/integration-test/target/test-dir/MiniOzoneClusterImpl-6e39530a-abb5-4f3a-bb3c-e5f572b2b70f/datanode-3/data/ratis/tmp
2023-09-07 20:29:23,151 [e6894f1b-35d2-469c-bf31-69833cd25437-impl-thread1] INFO  server.RaftServer (RaftServerProxy.java:initGroupDir(263)) - e6894f1b-35d2-469c-bf31-69833cd25437: The directory /home/runner/work/ozone/ozone/hadoop-ozone/integration-test/target/test-dir/MiniOzoneClusterImpl-6e39530a-abb5-4f3a-bb3c-e5f572b2b70f/datanode-3/data/ratis/tmp is not a group directory; ignoring it. 
2023-09-07 20:29:23,151 [main] INFO  replication.ReplicationServer (ReplicationServer.java:<init>(81)) - Initializing replication server with thread count = 10
2023-09-07 20:29:23,153 [main] INFO  server.XceiverServerGrpc (XceiverServerGrpc.java:<init>(132)) - GrpcServer channel type EpollServerSocketChannel
2023-09-07 20:29:23,156 [main] INFO  replication.ReplicationSupervisor (ReplicationSupervisor.java:build(155)) - Initializing replication supervisor with thread count = 10
2023-09-07 20:29:23,156 [main] INFO  replication.ReplicationSupervisor (ReplicationSupervisor.java:nodeStateUpdated(307)) - Node state updated to IN_SERVICE, scaling executor pool size to 10
2023-09-07 20:29:23,159 [main] INFO  http.BaseHttpServer (BaseHttpServer.java:newHttpServer2BuilderForOzone(223)) - Starting Web-server for hddsDatanode at: http://0.0.0.0:15089
2023-09-07 20:29:23,159 [main] INFO  http.BaseHttpServer (BaseHttpServer.java:<init>(110)) - Hadoop Security Enabled: false Ozone Security Enabled: false Ozone HTTP Security Enabled: false 
2023-09-07 20:29:23,161 [main] WARN  server.AuthenticationFilter (AuthenticationFilter.java:constructSecretProvider(240)) - Unable to initialize FileSignerSecretProvider, falling back to use random secrets. Reason: Could not read signature secret file: /home/runner/hadoop-http-auth-signature-secret
2023-09-07 20:29:23,166 [main] INFO  http.HttpRequestLog (HttpRequestLog.java:getRequestLog(86)) - Http request log for http.requests.hddsDatanode is not defined
2023-09-07 20:29:23,168 [main] INFO  http.HttpServer2 (HttpServer2.java:addGlobalFilter(1031)) - Added global filter 'safety' (class=org.apache.hadoop.hdds.server.http.HttpServer2$QuotingInputFilter)
2023-09-07 20:29:23,169 [main] INFO  http.HttpServer2 (HttpServer2.java:addFilter(1007)) - Added filter static_user_filter (class=org.apache.hadoop.http.lib.StaticUserWebFilter$StaticUserFilter) to context hddsDatanode
2023-09-07 20:29:23,169 [main] INFO  http.HttpServer2 (HttpServer2.java:addFilter(1015)) - Added filter static_user_filter (class=org.apache.hadoop.http.lib.StaticUserWebFilter$StaticUserFilter) to context logs
2023-09-07 20:29:23,169 [main] INFO  http.HttpServer2 (HttpServer2.java:addFilter(1015)) - Added filter static_user_filter (class=org.apache.hadoop.http.lib.StaticUserWebFilter$StaticUserFilter) to context static
2023-09-07 20:29:23,170 [main] INFO  http.BaseHttpServer (BaseHttpServer.java:<init>(189)) - HTTP server of hddsDatanode uses base directory /home/runner/work/ozone/ozone/hadoop-ozone/integration-test/target/test-dir/MiniOzoneClusterImpl-6e39530a-abb5-4f3a-bb3c-e5f572b2b70f/datanode-3/meta/webserver
2023-09-07 20:29:23,170 [main] INFO  http.HttpServer2 (HttpServer2.java:bindListener(1231)) - Jetty bound to port 15089
2023-09-07 20:29:23,171 [main] INFO  server.Server (Server.java:doStart(375)) - jetty-9.4.51.v20230217; built: 2023-02-17T08:19:37.309Z; git: b45c405e4544384de066f814ed42ae3dceacdd49; jvm 1.8.0_382-b05
2023-09-07 20:29:23,173 [main] INFO  server.session (DefaultSessionIdManager.java:doStart(334)) - DefaultSessionIdManager workerName=node0
2023-09-07 20:29:23,173 [main] INFO  server.session (DefaultSessionIdManager.java:doStart(339)) - No SessionScavenger set, using defaults
2023-09-07 20:29:23,173 [main] INFO  server.session (HouseKeeper.java:startScavenging(132)) - node0 Scavenging every 600000ms
2023-09-07 20:29:23,174 [main] INFO  handler.ContextHandler (ContextHandler.java:doStart(921)) - Started o.e.j.s.ServletContextHandler@3206efeb{logs,/logs,file:///home/runner/work/ozone/ozone/hadoop-ozone/integration-test/target/log,AVAILABLE}
2023-09-07 20:29:23,174 [main] INFO  handler.ContextHandler (ContextHandler.java:doStart(921)) - Started o.e.j.s.ServletContextHandler@2e61ab3e{static,/static,jar:file:/home/runner/.m2/repository/org/apache/ozone/hdds-container-service/1.4.0-SNAPSHOT/hdds-container-service-1.4.0-SNAPSHOT.jar!/webapps/static,AVAILABLE}
2023-09-07 20:29:23,421 [main] INFO  handler.ContextHandler (ContextHandler.java:doStart(921)) - Started o.e.j.w.WebAppContext@36592a07{hddsDatanode,/,file:///home/runner/work/ozone/ozone/hadoop-ozone/integration-test/target/test-dir/MiniOzoneClusterImpl-6e39530a-abb5-4f3a-bb3c-e5f572b2b70f/datanode-3/meta/webserver/jetty-0_0_0_0-15089-hdds-container-service-1_4_0-SNAPSHOT_jar-_-any-8199534803302799419/webapp/,AVAILABLE}{jar:file:/home/runner/.m2/repository/org/apache/ozone/hdds-container-service/1.4.0-SNAPSHOT/hdds-container-service-1.4.0-SNAPSHOT.jar!/webapps/hddsDatanode}
2023-09-07 20:29:23,423 [main] INFO  server.AbstractConnector (AbstractConnector.java:doStart(333)) - Started ServerConnector@1972ffee{HTTP/1.1, (http/1.1)}{0.0.0.0:15089}
2023-09-07 20:29:23,424 [main] INFO  server.Server (Server.java:doStart(415)) - Started @134497ms
2023-09-07 20:29:23,424 [main] WARN  impl.MetricsSystemImpl (MetricsSystemImpl.java:register(279)) - Sink prometheus already exists!
2023-09-07 20:29:23,425 [main] INFO  http.BaseHttpServer (BaseHttpServer.java:updateConnectorAddress(354)) - HTTP server of hddsDatanode listening at http://0.0.0.0:15089
2023-09-07 20:29:23,425 [main] INFO  ipc.CallQueueManager (CallQueueManager.java:<init>(90)) - Using callQueue: class java.util.concurrent.LinkedBlockingQueue, queueCapacity: 100, scheduler: class org.apache.hadoop.ipc.DefaultRpcScheduler, ipcBackoff: false.
2023-09-07 20:29:23,426 [main] INFO  ipc.Server (Server.java:<init>(1287)) - Listener at 0.0.0.0:15090
2023-09-07 20:29:23,427 [Socket Reader #1 for port 15090] INFO  ipc.Server (Server.java:run(1323)) - Starting Socket Reader #1 for port 15090
2023-09-07 20:29:23,432 [main] INFO  ozone.HddsDatanodeService (HddsDatanodeService.java:start(315)) - Datanode start with admins: [runner]
2023-09-07 20:29:23,432 [main] INFO  ozone.HddsDatanodeClientProtocolServer (HddsDatanodeClientProtocolServer.java:start(72)) - RPC server for Client /0.0.0.0:15090
2023-09-07 20:29:23,433 [IPC Server listener on 15090] INFO  ipc.Server (Server.java:run(1402)) - IPC Server listener on 15090: starting
2023-09-07 20:29:23,434 [IPC Server Responder] INFO  ipc.Server (Server.java:run(1562)) - IPC Server Responder: starting
2023-09-07 20:29:23,436 [Datanode State Machine Daemon Thread] INFO  statemachine.DatanodeStateMachine (DatanodeStateMachine.java:lambda$startDaemon$0(538)) - Ozone container server started.
2023-09-07 20:29:23,436 [main] WARN  impl.MetricRegistriesImpl (MetricRegistriesImpl.java:addReporterRegistration(111)) - New reporters are added after registries were created. Some metrics will be missing from the reporter. Please add reporter before adding any new registry.
2023-09-07 20:29:23,437 [main] WARN  impl.MetricRegistriesImpl (MetricRegistriesImpl.java:addReporterRegistration(111)) - New reporters are added after registries were created. Some metrics will be missing from the reporter. Please add reporter before adding any new registry.
2023-09-07 20:29:23,437 [main] INFO  impl.MetricsSystemImpl (MetricsSystemImpl.java:init(158)) - HddsDatanode metrics system started (again)
2023-09-07 20:29:23,453 [main] INFO  ozone.HddsDatanodeService (HddsDatanodeService.java:start(237)) - HddsDatanodeService host:fv-az259-394.nxnqhby4qkoexpon2s1bx5vqxg.dx.internal.cloudapp.net ip:10.1.0.11
2023-09-07 20:29:23,458 [Datanode State Machine Task Thread - 0] INFO  datanode.InitDatanodeState (InitDatanodeState.java:persistContainerDatanodeDetails(138)) - DatanodeDetails is persisted to /home/runner/work/ozone/ozone/hadoop-ozone/integration-test/target/test-dir/MiniOzoneClusterImpl-6e39530a-abb5-4f3a-bb3c-e5f572b2b70f/datanode-3/meta/datanode.id
2023-09-07 20:29:23,495 [main] INFO  upgrade.AbstractLayoutVersionManager (AbstractLayoutVersionManager.java:init(83)) - Initializing Layout version manager with metadata layout = HADOOP_PRC_PORTS_IN_DATANODEDETAILS (version = 7), software layout = HADOOP_PRC_PORTS_IN_DATANODEDETAILS (version = 7)
2023-09-07 20:29:23,496 [main] INFO  statemachine.DatanodeStateMachine (DatanodeStateMachine.java:getEndPointTaskThreadPoolSize(282)) - Datanode State Machine Task Thread Pool size 2
2023-09-07 20:29:23,498 [main] INFO  volume.HddsVolume (HddsVolume.java:<init>(126)) - Creating HddsVolume: /home/runner/work/ozone/ozone/hadoop-ozone/integration-test/target/test-dir/MiniOzoneClusterImpl-6e39530a-abb5-4f3a-bb3c-e5f572b2b70f/datanode-4/data-0/containers/hdds of storage type : DISK capacity : 9223372036854775807
2023-09-07 20:29:23,498 [main] INFO  volume.MutableVolumeSet (MutableVolumeSet.java:initializeVolumeSet(173)) - Added Volume : /home/runner/work/ozone/ozone/hadoop-ozone/integration-test/target/test-dir/MiniOzoneClusterImpl-6e39530a-abb5-4f3a-bb3c-e5f572b2b70f/datanode-4/data-0/containers/hdds to VolumeSet
2023-09-07 20:29:23,499 [main] INFO  volume.MutableVolumeSet (MutableVolumeSet.java:initializeVolumeSet(173)) - Added Volume : /home/runner/work/ozone/ozone/hadoop-ozone/integration-test/target/test-dir/MiniOzoneClusterImpl-6e39530a-abb5-4f3a-bb3c-e5f572b2b70f/datanode-4/data/ratis to VolumeSet
2023-09-07 20:29:23,500 [Thread-852] INFO  ozoneimpl.ContainerReader (ContainerReader.java:readVolume(177)) - Finish verifying containers on volume /home/runner/work/ozone/ozone/hadoop-ozone/integration-test/target/test-dir/MiniOzoneClusterImpl-6e39530a-abb5-4f3a-bb3c-e5f572b2b70f/datanode-4/data-0/containers/hdds
2023-09-07 20:29:23,500 [main] INFO  ozoneimpl.OzoneContainer (OzoneContainer.java:buildContainerSet(314)) - Build ContainerSet costs 0s
2023-09-07 20:29:23,503 [main] INFO  server.RaftServer (ConfUtils.java:logGet(46)) - raft.rpc.type = GRPC (default)
2023-09-07 20:29:23,503 [main] INFO  grpc.GrpcConfigKeys (ConfUtils.java:logFallback(53)) - raft.grpc.admin.host = null (fallback to raft.grpc.server.host)
2023-09-07 20:29:23,504 [main] INFO  grpc.GrpcConfigKeys (ConfUtils.java:logGet(46)) - raft.grpc.admin.port = 15102 (custom)
2023-09-07 20:29:23,504 [main] INFO  grpc.GrpcConfigKeys (ConfUtils.java:logFallback(53)) - raft.grpc.client.host = null (fallback to raft.grpc.server.host)
2023-09-07 20:29:23,505 [main] INFO  grpc.GrpcConfigKeys (ConfUtils.java:logGet(46)) - raft.grpc.client.port = 15101 (custom)
2023-09-07 20:29:23,505 [main] INFO  grpc.GrpcConfigKeys (ConfUtils.java:logGet(46)) - raft.grpc.server.host = null (default)
2023-09-07 20:29:23,505 [main] INFO  grpc.GrpcConfigKeys (ConfUtils.java:logGet(46)) - raft.grpc.server.port = 15103 (custom)
2023-09-07 20:29:23,505 [main] INFO  server.GrpcService (ConfUtils.java:logGet(46)) - raft.grpc.message.size.max = 32MB (=33554432) (custom)
2023-09-07 20:29:23,505 [main] INFO  server.RaftServerConfigKeys (ConfUtils.java:logGet(46)) - raft.server.log.appender.buffer.byte-limit = 33554432 (custom)
2023-09-07 20:29:23,505 [main] INFO  server.GrpcService (ConfUtils.java:logGet(46)) - raft.grpc.flow.control.window = 5MB (=5242880) (custom)
2023-09-07 20:29:23,506 [main] INFO  server.RaftServerConfigKeys (ConfUtils.java:logGet(46)) - raft.server.rpc.request.timeout = 60s (custom)
2023-09-07 20:29:23,506 [main] INFO  grpc.GrpcConfigKeys (ConfUtils.java:logGet(46)) - raft.grpc.server.heartbeat.channel = true (default)
2023-09-07 20:29:23,506 [main] INFO  grpc.GrpcConfigKeys (ConfUtils.java:logGet(46)) - raft.grpc.server.async.request.thread.pool.cached = true (default)
2023-09-07 20:29:23,506 [main] INFO  grpc.GrpcConfigKeys (ConfUtils.java:logGet(46)) - raft.grpc.server.async.request.thread.pool.size = 32 (default)
2023-09-07 20:29:23,509 [main] INFO  impl.DataStreamServerImpl (ConfUtils.java:logGet(46)) - raft.datastream.type = NETTY (custom)
2023-09-07 20:29:23,510 [main] INFO  server.RaftServerConfigKeys (ConfUtils.java:logGet(46)) - raft.server.data-stream.async.request.thread.pool.cached = false (default)
2023-09-07 20:29:23,510 [main] INFO  server.RaftServerConfigKeys (ConfUtils.java:logGet(46)) - raft.server.data-stream.async.request.thread.pool.size = 20 (custom)
2023-09-07 20:29:23,510 [main] INFO  server.RaftServerConfigKeys (ConfUtils.java:logGet(46)) - raft.server.data-stream.async.write.thread.pool.size = 16 (default)
2023-09-07 20:29:23,510 [main] INFO  server.RaftServerConfigKeys (ConfUtils.java:logGet(46)) - raft.server.data-stream.client.pool.size = 10 (default)
2023-09-07 20:29:23,510 [main] INFO  netty.NettyConfigKeys$DataStream (ConfUtils.java:logGet(46)) - raft.netty.dataStream.server.use-epoll = false (default)
2023-09-07 20:29:23,511 [main] INFO  netty.NettyConfigKeys$DataStream (ConfUtils.java:logGet(46)) - raft.netty.dataStream.server.boss-group.size = 0 (default)
2023-09-07 20:29:23,511 [main] INFO  netty.NettyConfigKeys$DataStream (ConfUtils.java:logGet(46)) - raft.netty.dataStream.server.worker-group.size = 0 (default)
2023-09-07 20:29:23,512 [main] INFO  netty.NettyConfigKeys$DataStream (ConfUtils.java:logGet(46)) - raft.netty.dataStream.server.tls.conf = null (default)
2023-09-07 20:29:23,512 [main] INFO  netty.NettyConfigKeys$DataStream (ConfUtils.java:logGet(46)) - raft.netty.dataStream.host = null (default)
2023-09-07 20:29:23,512 [main] INFO  netty.NettyConfigKeys$DataStream (ConfUtils.java:logGet(46)) - raft.netty.dataStream.port = 15104 (custom)
2023-09-07 20:29:23,513 [main] INFO  server.RaftServerConfigKeys (ConfUtils.java:logGet(46)) - raft.server.threadpool.proxy.cached = true (default)
2023-09-07 20:29:23,513 [main] INFO  server.RaftServerConfigKeys (ConfUtils.java:logGet(46)) - raft.server.threadpool.proxy.size = 0 (default)
2023-09-07 20:29:23,513 [main] INFO  server.RaftServerConfigKeys (ConfUtils.java:logGet(46)) - raft.server.rpc.slowness.timeout = 300s (custom)
2023-09-07 20:29:23,513 [main] INFO  server.RaftServerConfigKeys (ConfUtils.java:logGet(46)) - raft.server.leaderelection.leader.step-down.wait-time = 10s (default)
2023-09-07 20:29:23,513 [main] INFO  server.RaftServerConfigKeys (ConfUtils.java:logGet(46)) - raft.server.storage.dir = [/home/runner/work/ozone/ozone/hadoop-ozone/integration-test/target/test-dir/MiniOzoneClusterImpl-6e39530a-abb5-4f3a-bb3c-e5f572b2b70f/datanode-4/data/ratis] (custom)
2023-09-07 20:29:23,514 [942f2b0f-4d82-489c-b29f-3fa1e69d5237-impl-thread1] INFO  server.RaftServer (RaftServerProxy.java:initGroupDir(258)) - 942f2b0f-4d82-489c-b29f-3fa1e69d5237: found a subdirectory /home/runner/work/ozone/ozone/hadoop-ozone/integration-test/target/test-dir/MiniOzoneClusterImpl-6e39530a-abb5-4f3a-bb3c-e5f572b2b70f/datanode-4/data/ratis/tmp
2023-09-07 20:29:23,514 [942f2b0f-4d82-489c-b29f-3fa1e69d5237-NettyServerStreamRpc-bossGroup--thread1] INFO  logging.LoggingHandler (AbstractInternalLogger.java:log(148)) - [id: 0x9d3be22a] REGISTERED
2023-09-07 20:29:23,514 [942f2b0f-4d82-489c-b29f-3fa1e69d5237-impl-thread1] INFO  server.RaftServer (RaftServerProxy.java:initGroupDir(263)) - 942f2b0f-4d82-489c-b29f-3fa1e69d5237: The directory /home/runner/work/ozone/ozone/hadoop-ozone/integration-test/target/test-dir/MiniOzoneClusterImpl-6e39530a-abb5-4f3a-bb3c-e5f572b2b70f/datanode-4/data/ratis/tmp is not a group directory; ignoring it. 
2023-09-07 20:29:23,514 [942f2b0f-4d82-489c-b29f-3fa1e69d5237-NettyServerStreamRpc-bossGroup--thread1] INFO  logging.LoggingHandler (AbstractInternalLogger.java:log(148)) - [id: 0x9d3be22a] BIND: 0.0.0.0/0.0.0.0:15104
2023-09-07 20:29:23,515 [main] INFO  replication.ReplicationServer (ReplicationServer.java:<init>(81)) - Initializing replication server with thread count = 10
2023-09-07 20:29:23,515 [942f2b0f-4d82-489c-b29f-3fa1e69d5237-NettyServerStreamRpc-bossGroup--thread1] INFO  logging.LoggingHandler (AbstractInternalLogger.java:log(148)) - [id: 0x9d3be22a, L:/0:0:0:0:0:0:0:0:15104] ACTIVE
2023-09-07 20:29:23,516 [main] INFO  server.XceiverServerGrpc (XceiverServerGrpc.java:<init>(132)) - GrpcServer channel type EpollServerSocketChannel
2023-09-07 20:29:23,518 [main] INFO  replication.ReplicationSupervisor (ReplicationSupervisor.java:build(155)) - Initializing replication supervisor with thread count = 10
2023-09-07 20:29:23,518 [main] INFO  replication.ReplicationSupervisor (ReplicationSupervisor.java:nodeStateUpdated(307)) - Node state updated to IN_SERVICE, scaling executor pool size to 10
2023-09-07 20:29:23,521 [main] INFO  http.BaseHttpServer (BaseHttpServer.java:newHttpServer2BuilderForOzone(223)) - Starting Web-server for hddsDatanode at: http://0.0.0.0:15098
2023-09-07 20:29:23,521 [main] INFO  http.BaseHttpServer (BaseHttpServer.java:<init>(110)) - Hadoop Security Enabled: false Ozone Security Enabled: false Ozone HTTP Security Enabled: false 
2023-09-07 20:29:23,523 [main] WARN  server.AuthenticationFilter (AuthenticationFilter.java:constructSecretProvider(240)) - Unable to initialize FileSignerSecretProvider, falling back to use random secrets. Reason: Could not read signature secret file: /home/runner/hadoop-http-auth-signature-secret
2023-09-07 20:29:23,524 [main] INFO  http.HttpRequestLog (HttpRequestLog.java:getRequestLog(86)) - Http request log for http.requests.hddsDatanode is not defined
2023-09-07 20:29:23,525 [main] INFO  http.HttpServer2 (HttpServer2.java:addGlobalFilter(1031)) - Added global filter 'safety' (class=org.apache.hadoop.hdds.server.http.HttpServer2$QuotingInputFilter)
2023-09-07 20:29:23,526 [main] INFO  http.HttpServer2 (HttpServer2.java:addFilter(1007)) - Added filter static_user_filter (class=org.apache.hadoop.http.lib.StaticUserWebFilter$StaticUserFilter) to context hddsDatanode
2023-09-07 20:29:23,526 [main] INFO  http.HttpServer2 (HttpServer2.java:addFilter(1015)) - Added filter static_user_filter (class=org.apache.hadoop.http.lib.StaticUserWebFilter$StaticUserFilter) to context static
2023-09-07 20:29:23,526 [main] INFO  http.HttpServer2 (HttpServer2.java:addFilter(1015)) - Added filter static_user_filter (class=org.apache.hadoop.http.lib.StaticUserWebFilter$StaticUserFilter) to context logs
2023-09-07 20:29:23,527 [main] INFO  http.BaseHttpServer (BaseHttpServer.java:<init>(189)) - HTTP server of hddsDatanode uses base directory /home/runner/work/ozone/ozone/hadoop-ozone/integration-test/target/test-dir/MiniOzoneClusterImpl-6e39530a-abb5-4f3a-bb3c-e5f572b2b70f/datanode-4/meta/webserver
2023-09-07 20:29:23,527 [main] INFO  http.HttpServer2 (HttpServer2.java:bindListener(1231)) - Jetty bound to port 15098
2023-09-07 20:29:23,527 [main] INFO  server.Server (Server.java:doStart(375)) - jetty-9.4.51.v20230217; built: 2023-02-17T08:19:37.309Z; git: b45c405e4544384de066f814ed42ae3dceacdd49; jvm 1.8.0_382-b05
2023-09-07 20:29:23,532 [main] INFO  server.session (DefaultSessionIdManager.java:doStart(334)) - DefaultSessionIdManager workerName=node0
2023-09-07 20:29:23,532 [main] INFO  server.session (DefaultSessionIdManager.java:doStart(339)) - No SessionScavenger set, using defaults
2023-09-07 20:29:23,533 [main] INFO  server.session (HouseKeeper.java:startScavenging(132)) - node0 Scavenging every 600000ms
2023-09-07 20:29:23,534 [main] INFO  handler.ContextHandler (ContextHandler.java:doStart(921)) - Started o.e.j.s.ServletContextHandler@2f1ca332{logs,/logs,file:///home/runner/work/ozone/ozone/hadoop-ozone/integration-test/target/log,AVAILABLE}
2023-09-07 20:29:23,534 [main] INFO  handler.ContextHandler (ContextHandler.java:doStart(921)) - Started o.e.j.s.ServletContextHandler@3eae10be{static,/static,jar:file:/home/runner/.m2/repository/org/apache/ozone/hdds-container-service/1.4.0-SNAPSHOT/hdds-container-service-1.4.0-SNAPSHOT.jar!/webapps/static,AVAILABLE}
2023-09-07 20:29:23,786 [main] INFO  handler.ContextHandler (ContextHandler.java:doStart(921)) - Started o.e.j.w.WebAppContext@2ebe69e{hddsDatanode,/,file:///home/runner/work/ozone/ozone/hadoop-ozone/integration-test/target/test-dir/MiniOzoneClusterImpl-6e39530a-abb5-4f3a-bb3c-e5f572b2b70f/datanode-4/meta/webserver/jetty-0_0_0_0-15098-hdds-container-service-1_4_0-SNAPSHOT_jar-_-any-9217501214440685722/webapp/,AVAILABLE}{jar:file:/home/runner/.m2/repository/org/apache/ozone/hdds-container-service/1.4.0-SNAPSHOT/hdds-container-service-1.4.0-SNAPSHOT.jar!/webapps/hddsDatanode}
2023-09-07 20:29:23,788 [main] INFO  server.AbstractConnector (AbstractConnector.java:doStart(333)) - Started ServerConnector@2df6f170{HTTP/1.1, (http/1.1)}{0.0.0.0:15098}
2023-09-07 20:29:23,788 [main] INFO  server.Server (Server.java:doStart(415)) - Started @134862ms
2023-09-07 20:29:23,788 [main] WARN  impl.MetricsSystemImpl (MetricsSystemImpl.java:register(279)) - Sink prometheus already exists!
2023-09-07 20:29:23,789 [main] INFO  http.BaseHttpServer (BaseHttpServer.java:updateConnectorAddress(354)) - HTTP server of hddsDatanode listening at http://0.0.0.0:15098
2023-09-07 20:29:23,790 [main] INFO  ipc.CallQueueManager (CallQueueManager.java:<init>(90)) - Using callQueue: class java.util.concurrent.LinkedBlockingQueue, queueCapacity: 100, scheduler: class org.apache.hadoop.ipc.DefaultRpcScheduler, ipcBackoff: false.
2023-09-07 20:29:23,790 [main] INFO  ipc.Server (Server.java:<init>(1287)) - Listener at 0.0.0.0:15099
2023-09-07 20:29:23,791 [Socket Reader #1 for port 15099] INFO  ipc.Server (Server.java:run(1323)) - Starting Socket Reader #1 for port 15099
2023-09-07 20:29:23,796 [main] INFO  ozone.HddsDatanodeService (HddsDatanodeService.java:start(315)) - Datanode start with admins: [runner]
2023-09-07 20:29:23,796 [main] INFO  ozone.HddsDatanodeClientProtocolServer (HddsDatanodeClientProtocolServer.java:start(72)) - RPC server for Client /0.0.0.0:15099
2023-09-07 20:29:23,800 [IPC Server Responder] INFO  ipc.Server (Server.java:run(1562)) - IPC Server Responder: starting
2023-09-07 20:29:23,800 [Datanode State Machine Daemon Thread] INFO  statemachine.DatanodeStateMachine (DatanodeStateMachine.java:lambda$startDaemon$0(538)) - Ozone container server started.
2023-09-07 20:29:23,801 [main] INFO  ozone.MiniOzoneClusterImpl (MiniOzoneClusterImpl.java:lambda$waitForClusterToBeReady$0(224)) - Waiting for nodes to be ready. Got 0 of 5 DN Heartbeats.
2023-09-07 20:29:23,801 [main] INFO  ozone.MiniOzoneClusterImpl (MiniOzoneClusterImpl.java:lambda$waitForClusterToBeReady$0(227)) - Waiting for cluster to exit safe mode
2023-09-07 20:29:23,801 [main] INFO  ozone.MiniOzoneClusterImpl (MiniOzoneClusterImpl.java:lambda$waitForClusterToBeReady$0(229)) - SCM became leader
2023-09-07 20:29:23,802 [IPC Server listener on 15099] INFO  ipc.Server (Server.java:run(1402)) - IPC Server listener on 15099: starting
2023-09-07 20:29:23,817 [Datanode State Machine Task Thread - 0] INFO  datanode.InitDatanodeState (InitDatanodeState.java:persistContainerDatanodeDetails(138)) - DatanodeDetails is persisted to /home/runner/work/ozone/ozone/hadoop-ozone/integration-test/target/test-dir/MiniOzoneClusterImpl-6e39530a-abb5-4f3a-bb3c-e5f572b2b70f/datanode-4/meta/datanode.id
2023-09-07 20:29:24,302 [EndpointStateMachine task thread for /0.0.0.0:15055 - 0 ] INFO  utils.DatanodeStoreCache (DatanodeStoreCache.java:addDB(66)) - Added db /home/runner/work/ozone/ozone/hadoop-ozone/integration-test/target/test-dir/MiniOzoneClusterImpl-6e39530a-abb5-4f3a-bb3c-e5f572b2b70f/datanode-0/data-0/containers/hdds/6e39530a-abb5-4f3a-bb3c-e5f572b2b70f/DS-5b2089e0-a151-4572-b1d2-bc209c2914e0/container.db to cache
2023-09-07 20:29:24,303 [EndpointStateMachine task thread for /0.0.0.0:15055 - 0 ] INFO  volume.HddsVolume (HddsVolume.java:createDbStore(422)) - SchemaV3 db is created and loaded at /home/runner/work/ozone/ozone/hadoop-ozone/integration-test/target/test-dir/MiniOzoneClusterImpl-6e39530a-abb5-4f3a-bb3c-e5f572b2b70f/datanode-0/data-0/containers/hdds/6e39530a-abb5-4f3a-bb3c-e5f572b2b70f/DS-5b2089e0-a151-4572-b1d2-bc209c2914e0/container.db for volume DS-5b2089e0-a151-4572-b1d2-bc209c2914e0
2023-09-07 20:29:24,304 [EndpointStateMachine task thread for /0.0.0.0:15055 - 0 ] INFO  volume.ThrottledAsyncChecker (ThrottledAsyncChecker.java:schedule(141)) - Scheduling a check for /home/runner/work/ozone/ozone/hadoop-ozone/integration-test/target/test-dir/MiniOzoneClusterImpl-6e39530a-abb5-4f3a-bb3c-e5f572b2b70f/datanode-0/data-0/containers/hdds
2023-09-07 20:29:24,304 [EndpointStateMachine task thread for /0.0.0.0:15055 - 0 ] INFO  volume.StorageVolumeChecker (StorageVolumeChecker.java:checkAllVolumes(213)) - Scheduled health check for volume /home/runner/work/ozone/ozone/hadoop-ozone/integration-test/target/test-dir/MiniOzoneClusterImpl-6e39530a-abb5-4f3a-bb3c-e5f572b2b70f/datanode-0/data-0/containers/hdds
2023-09-07 20:29:24,308 [EndpointStateMachine task thread for /0.0.0.0:15055 - 0 ] INFO  volume.ThrottledAsyncChecker (ThrottledAsyncChecker.java:schedule(141)) - Scheduling a check for /home/runner/work/ozone/ozone/hadoop-ozone/integration-test/target/test-dir/MiniOzoneClusterImpl-6e39530a-abb5-4f3a-bb3c-e5f572b2b70f/datanode-0/data/ratis
2023-09-07 20:29:24,308 [EndpointStateMachine task thread for /0.0.0.0:15055 - 0 ] INFO  volume.StorageVolumeChecker (StorageVolumeChecker.java:checkAllVolumes(213)) - Scheduled health check for volume /home/runner/work/ozone/ozone/hadoop-ozone/integration-test/target/test-dir/MiniOzoneClusterImpl-6e39530a-abb5-4f3a-bb3c-e5f572b2b70f/datanode-0/data/ratis
2023-09-07 20:29:24,310 [EndpointStateMachine task thread for /0.0.0.0:15055 - 0 ] INFO  ozoneimpl.OzoneContainer (OzoneContainer.java:start(429)) - Attempting to start container services.
2023-09-07 20:29:24,310 [EndpointStateMachine task thread for /0.0.0.0:15055 - 0 ] INFO  ozoneimpl.OzoneContainer (OzoneContainer.java:startContainerScrub(325)) - Scheduled background container scanners and the on-demand container scanner have been disabled.
2023-09-07 20:29:24,312 [EndpointStateMachine task thread for /0.0.0.0:15055 - 0 ] INFO  replication.ReplicationServer (ReplicationServer.java:start(130)) - ReplicationServer is started using port 15069
2023-09-07 20:29:24,312 [EndpointStateMachine task thread for /0.0.0.0:15055 - 0 ] INFO  ratis.XceiverServerRatis (XceiverServerRatis.java:start(517)) - Starting XceiverServerRatis 8788027e-81d1-4d47-afe3-241385989a54
2023-09-07 20:29:24,313 [EndpointStateMachine task thread for /0.0.0.0:15055 - 0 ] INFO  server.RaftServer (RaftServerProxy.java:startImpl(400)) - 8788027e-81d1-4d47-afe3-241385989a54: start RPC server
2023-09-07 20:29:24,314 [EndpointStateMachine task thread for /0.0.0.0:15055 - 0 ] INFO  server.GrpcService (GrpcService.java:startImpl(302)) - 8788027e-81d1-4d47-afe3-241385989a54: GrpcService started, listening on 15065
2023-09-07 20:29:24,315 [EndpointStateMachine task thread for /0.0.0.0:15055 - 0 ] INFO  server.GrpcService (GrpcService.java:startImpl(302)) - 8788027e-81d1-4d47-afe3-241385989a54: GrpcService started, listening on 15067
2023-09-07 20:29:24,320 [EndpointStateMachine task thread for /0.0.0.0:15055 - 0 ] INFO  server.GrpcService (GrpcService.java:startImpl(302)) - 8788027e-81d1-4d47-afe3-241385989a54: GrpcService started, listening on 15066
2023-09-07 20:29:24,321 [EndpointStateMachine task thread for /0.0.0.0:15055 - 0 ] INFO  ratis.XceiverServerRatis (XceiverServerRatis.java:getRealPort(543)) - XceiverServerRatis 8788027e-81d1-4d47-afe3-241385989a54 is started using port 15065 for RATIS
2023-09-07 20:29:24,321 [JvmPauseMonitor9] INFO  util.JvmPauseMonitor (JvmPauseMonitor.java:run(103)) - JvmPauseMonitor-8788027e-81d1-4d47-afe3-241385989a54: Started
2023-09-07 20:29:24,321 [EndpointStateMachine task thread for /0.0.0.0:15055 - 0 ] INFO  ratis.XceiverServerRatis (XceiverServerRatis.java:getRealPort(543)) - XceiverServerRatis 8788027e-81d1-4d47-afe3-241385989a54 is started using port 15066 for RATIS_ADMIN
2023-09-07 20:29:24,322 [EndpointStateMachine task thread for /0.0.0.0:15055 - 0 ] INFO  ratis.XceiverServerRatis (XceiverServerRatis.java:getRealPort(543)) - XceiverServerRatis 8788027e-81d1-4d47-afe3-241385989a54 is started using port 15067 for RATIS_SERVER
2023-09-07 20:29:24,322 [EndpointStateMachine task thread for /0.0.0.0:15055 - 0 ] INFO  ratis.XceiverServerRatis (XceiverServerRatis.java:getRealPort(543)) - XceiverServerRatis 8788027e-81d1-4d47-afe3-241385989a54 is started using port 15068 for RATIS_DATASTREAM
2023-09-07 20:29:24,325 [BlockDeletingService#0] INFO  interfaces.ContainerDeletionChoosingPolicyTemplate (ContainerDeletionChoosingPolicyTemplate.java:chooseContainerForBlockDeletion(85)) - Chosen 0/5000 blocks from 0 candidate containers.
2023-09-07 20:29:24,778 [EndpointStateMachine task thread for /0.0.0.0:15055 - 0 ] INFO  utils.DatanodeStoreCache (DatanodeStoreCache.java:addDB(66)) - Added db /home/runner/work/ozone/ozone/hadoop-ozone/integration-test/target/test-dir/MiniOzoneClusterImpl-6e39530a-abb5-4f3a-bb3c-e5f572b2b70f/datanode-1/data-0/containers/hdds/6e39530a-abb5-4f3a-bb3c-e5f572b2b70f/DS-1d5d1d3d-f272-446e-96d5-c2125f07a065/container.db to cache
2023-09-07 20:29:24,778 [EndpointStateMachine task thread for /0.0.0.0:15055 - 0 ] INFO  volume.HddsVolume (HddsVolume.java:createDbStore(422)) - SchemaV3 db is created and loaded at /home/runner/work/ozone/ozone/hadoop-ozone/integration-test/target/test-dir/MiniOzoneClusterImpl-6e39530a-abb5-4f3a-bb3c-e5f572b2b70f/datanode-1/data-0/containers/hdds/6e39530a-abb5-4f3a-bb3c-e5f572b2b70f/DS-1d5d1d3d-f272-446e-96d5-c2125f07a065/container.db for volume DS-1d5d1d3d-f272-446e-96d5-c2125f07a065
2023-09-07 20:29:24,779 [EndpointStateMachine task thread for /0.0.0.0:15055 - 0 ] INFO  volume.ThrottledAsyncChecker (ThrottledAsyncChecker.java:schedule(141)) - Scheduling a check for /home/runner/work/ozone/ozone/hadoop-ozone/integration-test/target/test-dir/MiniOzoneClusterImpl-6e39530a-abb5-4f3a-bb3c-e5f572b2b70f/datanode-1/data-0/containers/hdds
2023-09-07 20:29:24,783 [EndpointStateMachine task thread for /0.0.0.0:15055 - 0 ] INFO  volume.StorageVolumeChecker (StorageVolumeChecker.java:checkAllVolumes(213)) - Scheduled health check for volume /home/runner/work/ozone/ozone/hadoop-ozone/integration-test/target/test-dir/MiniOzoneClusterImpl-6e39530a-abb5-4f3a-bb3c-e5f572b2b70f/datanode-1/data-0/containers/hdds
2023-09-07 20:29:24,785 [EndpointStateMachine task thread for /0.0.0.0:15055 - 0 ] INFO  volume.ThrottledAsyncChecker (ThrottledAsyncChecker.java:schedule(141)) - Scheduling a check for /home/runner/work/ozone/ozone/hadoop-ozone/integration-test/target/test-dir/MiniOzoneClusterImpl-6e39530a-abb5-4f3a-bb3c-e5f572b2b70f/datanode-1/data/ratis
2023-09-07 20:29:24,785 [EndpointStateMachine task thread for /0.0.0.0:15055 - 0 ] INFO  volume.StorageVolumeChecker (StorageVolumeChecker.java:checkAllVolumes(213)) - Scheduled health check for volume /home/runner/work/ozone/ozone/hadoop-ozone/integration-test/target/test-dir/MiniOzoneClusterImpl-6e39530a-abb5-4f3a-bb3c-e5f572b2b70f/datanode-1/data/ratis
2023-09-07 20:29:24,788 [EndpointStateMachine task thread for /0.0.0.0:15055 - 0 ] INFO  ozoneimpl.OzoneContainer (OzoneContainer.java:start(429)) - Attempting to start container services.
2023-09-07 20:29:24,788 [EndpointStateMachine task thread for /0.0.0.0:15055 - 0 ] INFO  ozoneimpl.OzoneContainer (OzoneContainer.java:startContainerScrub(325)) - Scheduled background container scanners and the on-demand container scanner have been disabled.
2023-09-07 20:29:24,789 [EndpointStateMachine task thread for /0.0.0.0:15055 - 0 ] INFO  replication.ReplicationServer (ReplicationServer.java:start(130)) - ReplicationServer is started using port 15078
2023-09-07 20:29:24,789 [EndpointStateMachine task thread for /0.0.0.0:15055 - 0 ] INFO  ratis.XceiverServerRatis (XceiverServerRatis.java:start(517)) - Starting XceiverServerRatis 2f0e8030-05aa-4e91-b2c6-437482cdb37f
2023-09-07 20:29:24,793 [EndpointStateMachine task thread for /0.0.0.0:15055 - 0 ] INFO  server.RaftServer (RaftServerProxy.java:startImpl(400)) - 2f0e8030-05aa-4e91-b2c6-437482cdb37f: start RPC server
2023-09-07 20:29:24,796 [EndpointStateMachine task thread for /0.0.0.0:15055 - 0 ] INFO  server.GrpcService (GrpcService.java:startImpl(302)) - 2f0e8030-05aa-4e91-b2c6-437482cdb37f: GrpcService started, listening on 15074
2023-09-07 20:29:24,797 [EndpointStateMachine task thread for /0.0.0.0:15055 - 0 ] INFO  server.GrpcService (GrpcService.java:startImpl(302)) - 2f0e8030-05aa-4e91-b2c6-437482cdb37f: GrpcService started, listening on 15076
2023-09-07 20:29:24,798 [EndpointStateMachine task thread for /0.0.0.0:15055 - 0 ] INFO  server.GrpcService (GrpcService.java:startImpl(302)) - 2f0e8030-05aa-4e91-b2c6-437482cdb37f: GrpcService started, listening on 15075
2023-09-07 20:29:24,799 [EndpointStateMachine task thread for /0.0.0.0:15055 - 0 ] INFO  ratis.XceiverServerRatis (XceiverServerRatis.java:getRealPort(543)) - XceiverServerRatis 2f0e8030-05aa-4e91-b2c6-437482cdb37f is started using port 15074 for RATIS
2023-09-07 20:29:24,799 [JvmPauseMonitor10] INFO  util.JvmPauseMonitor (JvmPauseMonitor.java:run(103)) - JvmPauseMonitor-2f0e8030-05aa-4e91-b2c6-437482cdb37f: Started
2023-09-07 20:29:24,799 [EndpointStateMachine task thread for /0.0.0.0:15055 - 0 ] INFO  ratis.XceiverServerRatis (XceiverServerRatis.java:getRealPort(543)) - XceiverServerRatis 2f0e8030-05aa-4e91-b2c6-437482cdb37f is started using port 15075 for RATIS_ADMIN
2023-09-07 20:29:24,801 [EndpointStateMachine task thread for /0.0.0.0:15055 - 0 ] INFO  ratis.XceiverServerRatis (XceiverServerRatis.java:getRealPort(543)) - XceiverServerRatis 2f0e8030-05aa-4e91-b2c6-437482cdb37f is started using port 15076 for RATIS_SERVER
2023-09-07 20:29:24,801 [EndpointStateMachine task thread for /0.0.0.0:15055 - 0 ] INFO  ratis.XceiverServerRatis (XceiverServerRatis.java:getRealPort(543)) - XceiverServerRatis 2f0e8030-05aa-4e91-b2c6-437482cdb37f is started using port 15077 for RATIS_DATASTREAM
2023-09-07 20:29:24,802 [main] INFO  ozone.MiniOzoneClusterImpl (MiniOzoneClusterImpl.java:lambda$waitForClusterToBeReady$0(224)) - Waiting for nodes to be ready. Got 0 of 5 DN Heartbeats.
2023-09-07 20:29:24,802 [main] INFO  ozone.MiniOzoneClusterImpl (MiniOzoneClusterImpl.java:lambda$waitForClusterToBeReady$0(227)) - Waiting for cluster to exit safe mode
2023-09-07 20:29:24,802 [main] INFO  ozone.MiniOzoneClusterImpl (MiniOzoneClusterImpl.java:lambda$waitForClusterToBeReady$0(229)) - SCM became leader
2023-09-07 20:29:24,807 [BlockDeletingService#0] INFO  interfaces.ContainerDeletionChoosingPolicyTemplate (ContainerDeletionChoosingPolicyTemplate.java:chooseContainerForBlockDeletion(85)) - Chosen 0/5000 blocks from 0 candidate containers.
2023-09-07 20:29:25,142 [EndpointStateMachine task thread for /0.0.0.0:15055 - 0 ] INFO  utils.DatanodeStoreCache (DatanodeStoreCache.java:addDB(66)) - Added db /home/runner/work/ozone/ozone/hadoop-ozone/integration-test/target/test-dir/MiniOzoneClusterImpl-6e39530a-abb5-4f3a-bb3c-e5f572b2b70f/datanode-2/data-0/containers/hdds/6e39530a-abb5-4f3a-bb3c-e5f572b2b70f/DS-d2f75a65-4983-4a80-8582-acc978b257e4/container.db to cache
2023-09-07 20:29:25,142 [EndpointStateMachine task thread for /0.0.0.0:15055 - 0 ] INFO  volume.HddsVolume (HddsVolume.java:createDbStore(422)) - SchemaV3 db is created and loaded at /home/runner/work/ozone/ozone/hadoop-ozone/integration-test/target/test-dir/MiniOzoneClusterImpl-6e39530a-abb5-4f3a-bb3c-e5f572b2b70f/datanode-2/data-0/containers/hdds/6e39530a-abb5-4f3a-bb3c-e5f572b2b70f/DS-d2f75a65-4983-4a80-8582-acc978b257e4/container.db for volume DS-d2f75a65-4983-4a80-8582-acc978b257e4
2023-09-07 20:29:25,144 [EndpointStateMachine task thread for /0.0.0.0:15055 - 0 ] INFO  volume.ThrottledAsyncChecker (ThrottledAsyncChecker.java:schedule(141)) - Scheduling a check for /home/runner/work/ozone/ozone/hadoop-ozone/integration-test/target/test-dir/MiniOzoneClusterImpl-6e39530a-abb5-4f3a-bb3c-e5f572b2b70f/datanode-2/data-0/containers/hdds
2023-09-07 20:29:25,145 [EndpointStateMachine task thread for /0.0.0.0:15055 - 0 ] INFO  volume.StorageVolumeChecker (StorageVolumeChecker.java:checkAllVolumes(213)) - Scheduled health check for volume /home/runner/work/ozone/ozone/hadoop-ozone/integration-test/target/test-dir/MiniOzoneClusterImpl-6e39530a-abb5-4f3a-bb3c-e5f572b2b70f/datanode-2/data-0/containers/hdds
2023-09-07 20:29:25,148 [EndpointStateMachine task thread for /0.0.0.0:15055 - 0 ] INFO  volume.ThrottledAsyncChecker (ThrottledAsyncChecker.java:schedule(141)) - Scheduling a check for /home/runner/work/ozone/ozone/hadoop-ozone/integration-test/target/test-dir/MiniOzoneClusterImpl-6e39530a-abb5-4f3a-bb3c-e5f572b2b70f/datanode-2/data/ratis
2023-09-07 20:29:25,148 [EndpointStateMachine task thread for /0.0.0.0:15055 - 0 ] INFO  volume.StorageVolumeChecker (StorageVolumeChecker.java:checkAllVolumes(213)) - Scheduled health check for volume /home/runner/work/ozone/ozone/hadoop-ozone/integration-test/target/test-dir/MiniOzoneClusterImpl-6e39530a-abb5-4f3a-bb3c-e5f572b2b70f/datanode-2/data/ratis
2023-09-07 20:29:25,149 [EndpointStateMachine task thread for /0.0.0.0:15055 - 0 ] INFO  ozoneimpl.OzoneContainer (OzoneContainer.java:start(429)) - Attempting to start container services.
2023-09-07 20:29:25,150 [EndpointStateMachine task thread for /0.0.0.0:15055 - 0 ] INFO  ozoneimpl.OzoneContainer (OzoneContainer.java:startContainerScrub(325)) - Scheduled background container scanners and the on-demand container scanner have been disabled.
2023-09-07 20:29:25,151 [EndpointStateMachine task thread for /0.0.0.0:15055 - 0 ] INFO  replication.ReplicationServer (ReplicationServer.java:start(130)) - ReplicationServer is started using port 15087
2023-09-07 20:29:25,151 [EndpointStateMachine task thread for /0.0.0.0:15055 - 0 ] INFO  ratis.XceiverServerRatis (XceiverServerRatis.java:start(517)) - Starting XceiverServerRatis e6d6ce9d-4fd0-4987-92e7-1065424d9f29
2023-09-07 20:29:25,152 [EndpointStateMachine task thread for /0.0.0.0:15055 - 0 ] INFO  server.RaftServer (RaftServerProxy.java:startImpl(400)) - e6d6ce9d-4fd0-4987-92e7-1065424d9f29: start RPC server
2023-09-07 20:29:25,153 [EndpointStateMachine task thread for /0.0.0.0:15055 - 0 ] INFO  server.GrpcService (GrpcService.java:startImpl(302)) - e6d6ce9d-4fd0-4987-92e7-1065424d9f29: GrpcService started, listening on 15083
2023-09-07 20:29:25,155 [EndpointStateMachine task thread for /0.0.0.0:15055 - 0 ] INFO  server.GrpcService (GrpcService.java:startImpl(302)) - e6d6ce9d-4fd0-4987-92e7-1065424d9f29: GrpcService started, listening on 15085
2023-09-07 20:29:25,159 [EndpointStateMachine task thread for /0.0.0.0:15055 - 0 ] INFO  server.GrpcService (GrpcService.java:startImpl(302)) - e6d6ce9d-4fd0-4987-92e7-1065424d9f29: GrpcService started, listening on 15084
2023-09-07 20:29:25,160 [EndpointStateMachine task thread for /0.0.0.0:15055 - 0 ] INFO  ratis.XceiverServerRatis (XceiverServerRatis.java:getRealPort(543)) - XceiverServerRatis e6d6ce9d-4fd0-4987-92e7-1065424d9f29 is started using port 15083 for RATIS
2023-09-07 20:29:25,160 [EndpointStateMachine task thread for /0.0.0.0:15055 - 0 ] INFO  ratis.XceiverServerRatis (XceiverServerRatis.java:getRealPort(543)) - XceiverServerRatis e6d6ce9d-4fd0-4987-92e7-1065424d9f29 is started using port 15084 for RATIS_ADMIN
2023-09-07 20:29:25,160 [JvmPauseMonitor11] INFO  util.JvmPauseMonitor (JvmPauseMonitor.java:run(103)) - JvmPauseMonitor-e6d6ce9d-4fd0-4987-92e7-1065424d9f29: Started
2023-09-07 20:29:25,162 [EndpointStateMachine task thread for /0.0.0.0:15055 - 0 ] INFO  ratis.XceiverServerRatis (XceiverServerRatis.java:getRealPort(543)) - XceiverServerRatis e6d6ce9d-4fd0-4987-92e7-1065424d9f29 is started using port 15085 for RATIS_SERVER
2023-09-07 20:29:25,162 [EndpointStateMachine task thread for /0.0.0.0:15055 - 0 ] INFO  ratis.XceiverServerRatis (XceiverServerRatis.java:getRealPort(543)) - XceiverServerRatis e6d6ce9d-4fd0-4987-92e7-1065424d9f29 is started using port 15086 for RATIS_DATASTREAM
2023-09-07 20:29:25,168 [BlockDeletingService#0] INFO  interfaces.ContainerDeletionChoosingPolicyTemplate (ContainerDeletionChoosingPolicyTemplate.java:chooseContainerForBlockDeletion(85)) - Chosen 0/5000 blocks from 0 candidate containers.
2023-09-07 20:29:25,501 [EndpointStateMachine task thread for /0.0.0.0:15055 - 0 ] INFO  utils.DatanodeStoreCache (DatanodeStoreCache.java:addDB(66)) - Added db /home/runner/work/ozone/ozone/hadoop-ozone/integration-test/target/test-dir/MiniOzoneClusterImpl-6e39530a-abb5-4f3a-bb3c-e5f572b2b70f/datanode-3/data-0/containers/hdds/6e39530a-abb5-4f3a-bb3c-e5f572b2b70f/DS-40159ebf-b838-4161-8d02-9b6ca5b84ff7/container.db to cache
2023-09-07 20:29:25,501 [EndpointStateMachine task thread for /0.0.0.0:15055 - 0 ] INFO  volume.HddsVolume (HddsVolume.java:createDbStore(422)) - SchemaV3 db is created and loaded at /home/runner/work/ozone/ozone/hadoop-ozone/integration-test/target/test-dir/MiniOzoneClusterImpl-6e39530a-abb5-4f3a-bb3c-e5f572b2b70f/datanode-3/data-0/containers/hdds/6e39530a-abb5-4f3a-bb3c-e5f572b2b70f/DS-40159ebf-b838-4161-8d02-9b6ca5b84ff7/container.db for volume DS-40159ebf-b838-4161-8d02-9b6ca5b84ff7
2023-09-07 20:29:25,502 [EndpointStateMachine task thread for /0.0.0.0:15055 - 0 ] INFO  volume.ThrottledAsyncChecker (ThrottledAsyncChecker.java:schedule(141)) - Scheduling a check for /home/runner/work/ozone/ozone/hadoop-ozone/integration-test/target/test-dir/MiniOzoneClusterImpl-6e39530a-abb5-4f3a-bb3c-e5f572b2b70f/datanode-3/data-0/containers/hdds
2023-09-07 20:29:25,503 [EndpointStateMachine task thread for /0.0.0.0:15055 - 0 ] INFO  volume.StorageVolumeChecker (StorageVolumeChecker.java:checkAllVolumes(213)) - Scheduled health check for volume /home/runner/work/ozone/ozone/hadoop-ozone/integration-test/target/test-dir/MiniOzoneClusterImpl-6e39530a-abb5-4f3a-bb3c-e5f572b2b70f/datanode-3/data-0/containers/hdds
2023-09-07 20:29:25,506 [EndpointStateMachine task thread for /0.0.0.0:15055 - 0 ] INFO  volume.ThrottledAsyncChecker (ThrottledAsyncChecker.java:schedule(141)) - Scheduling a check for /home/runner/work/ozone/ozone/hadoop-ozone/integration-test/target/test-dir/MiniOzoneClusterImpl-6e39530a-abb5-4f3a-bb3c-e5f572b2b70f/datanode-3/data/ratis
2023-09-07 20:29:25,506 [EndpointStateMachine task thread for /0.0.0.0:15055 - 0 ] INFO  volume.StorageVolumeChecker (StorageVolumeChecker.java:checkAllVolumes(213)) - Scheduled health check for volume /home/runner/work/ozone/ozone/hadoop-ozone/integration-test/target/test-dir/MiniOzoneClusterImpl-6e39530a-abb5-4f3a-bb3c-e5f572b2b70f/datanode-3/data/ratis
2023-09-07 20:29:25,507 [EndpointStateMachine task thread for /0.0.0.0:15055 - 0 ] INFO  ozoneimpl.OzoneContainer (OzoneContainer.java:start(429)) - Attempting to start container services.
2023-09-07 20:29:25,508 [EndpointStateMachine task thread for /0.0.0.0:15055 - 0 ] INFO  ozoneimpl.OzoneContainer (OzoneContainer.java:startContainerScrub(325)) - Scheduled background container scanners and the on-demand container scanner have been disabled.
2023-09-07 20:29:25,509 [EndpointStateMachine task thread for /0.0.0.0:15055 - 0 ] INFO  replication.ReplicationServer (ReplicationServer.java:start(130)) - ReplicationServer is started using port 15096
2023-09-07 20:29:25,509 [EndpointStateMachine task thread for /0.0.0.0:15055 - 0 ] INFO  ratis.XceiverServerRatis (XceiverServerRatis.java:start(517)) - Starting XceiverServerRatis e6894f1b-35d2-469c-bf31-69833cd25437
2023-09-07 20:29:25,519 [EndpointStateMachine task thread for /0.0.0.0:15055 - 0 ] INFO  server.RaftServer (RaftServerProxy.java:startImpl(400)) - e6894f1b-35d2-469c-bf31-69833cd25437: start RPC server
2023-09-07 20:29:25,524 [EndpointStateMachine task thread for /0.0.0.0:15055 - 0 ] INFO  server.GrpcService (GrpcService.java:startImpl(302)) - e6894f1b-35d2-469c-bf31-69833cd25437: GrpcService started, listening on 15092
2023-09-07 20:29:25,526 [EndpointStateMachine task thread for /0.0.0.0:15055 - 0 ] INFO  server.GrpcService (GrpcService.java:startImpl(302)) - e6894f1b-35d2-469c-bf31-69833cd25437: GrpcService started, listening on 15094
2023-09-07 20:29:25,529 [EndpointStateMachine task thread for /0.0.0.0:15055 - 0 ] INFO  server.GrpcService (GrpcService.java:startImpl(302)) - e6894f1b-35d2-469c-bf31-69833cd25437: GrpcService started, listening on 15093
2023-09-07 20:29:25,529 [EndpointStateMachine task thread for /0.0.0.0:15055 - 0 ] INFO  ratis.XceiverServerRatis (XceiverServerRatis.java:getRealPort(543)) - XceiverServerRatis e6894f1b-35d2-469c-bf31-69833cd25437 is started using port 15092 for RATIS
2023-09-07 20:29:25,529 [EndpointStateMachine task thread for /0.0.0.0:15055 - 0 ] INFO  ratis.XceiverServerRatis (XceiverServerRatis.java:getRealPort(543)) - XceiverServerRatis e6894f1b-35d2-469c-bf31-69833cd25437 is started using port 15093 for RATIS_ADMIN
2023-09-07 20:29:25,529 [EndpointStateMachine task thread for /0.0.0.0:15055 - 0 ] INFO  ratis.XceiverServerRatis (XceiverServerRatis.java:getRealPort(543)) - XceiverServerRatis e6894f1b-35d2-469c-bf31-69833cd25437 is started using port 15094 for RATIS_SERVER
2023-09-07 20:29:25,529 [EndpointStateMachine task thread for /0.0.0.0:15055 - 0 ] INFO  ratis.XceiverServerRatis (XceiverServerRatis.java:getRealPort(543)) - XceiverServerRatis e6894f1b-35d2-469c-bf31-69833cd25437 is started using port 15095 for RATIS_DATASTREAM
2023-09-07 20:29:25,529 [JvmPauseMonitor12] INFO  util.JvmPauseMonitor (JvmPauseMonitor.java:run(103)) - JvmPauseMonitor-e6894f1b-35d2-469c-bf31-69833cd25437: Started
2023-09-07 20:29:25,533 [BlockDeletingService#0] INFO  interfaces.ContainerDeletionChoosingPolicyTemplate (ContainerDeletionChoosingPolicyTemplate.java:chooseContainerForBlockDeletion(85)) - Chosen 0/5000 blocks from 0 candidate containers.
2023-09-07 20:29:25,802 [main] INFO  ozone.MiniOzoneClusterImpl (MiniOzoneClusterImpl.java:lambda$waitForClusterToBeReady$0(224)) - Waiting for nodes to be ready. Got 0 of 5 DN Heartbeats.
2023-09-07 20:29:25,802 [main] INFO  ozone.MiniOzoneClusterImpl (MiniOzoneClusterImpl.java:lambda$waitForClusterToBeReady$0(227)) - Waiting for cluster to exit safe mode
2023-09-07 20:29:25,802 [main] INFO  ozone.MiniOzoneClusterImpl (MiniOzoneClusterImpl.java:lambda$waitForClusterToBeReady$0(229)) - SCM became leader
2023-09-07 20:29:25,860 [EndpointStateMachine task thread for /0.0.0.0:15055 - 0 ] INFO  utils.DatanodeStoreCache (DatanodeStoreCache.java:addDB(66)) - Added db /home/runner/work/ozone/ozone/hadoop-ozone/integration-test/target/test-dir/MiniOzoneClusterImpl-6e39530a-abb5-4f3a-bb3c-e5f572b2b70f/datanode-4/data-0/containers/hdds/6e39530a-abb5-4f3a-bb3c-e5f572b2b70f/DS-b4ba60a8-626b-451f-842b-49e6c5dcd0b6/container.db to cache
2023-09-07 20:29:25,861 [EndpointStateMachine task thread for /0.0.0.0:15055 - 0 ] INFO  volume.HddsVolume (HddsVolume.java:createDbStore(422)) - SchemaV3 db is created and loaded at /home/runner/work/ozone/ozone/hadoop-ozone/integration-test/target/test-dir/MiniOzoneClusterImpl-6e39530a-abb5-4f3a-bb3c-e5f572b2b70f/datanode-4/data-0/containers/hdds/6e39530a-abb5-4f3a-bb3c-e5f572b2b70f/DS-b4ba60a8-626b-451f-842b-49e6c5dcd0b6/container.db for volume DS-b4ba60a8-626b-451f-842b-49e6c5dcd0b6
2023-09-07 20:29:25,861 [EndpointStateMachine task thread for /0.0.0.0:15055 - 0 ] INFO  volume.ThrottledAsyncChecker (ThrottledAsyncChecker.java:schedule(141)) - Scheduling a check for /home/runner/work/ozone/ozone/hadoop-ozone/integration-test/target/test-dir/MiniOzoneClusterImpl-6e39530a-abb5-4f3a-bb3c-e5f572b2b70f/datanode-4/data-0/containers/hdds
2023-09-07 20:29:25,863 [EndpointStateMachine task thread for /0.0.0.0:15055 - 0 ] INFO  volume.StorageVolumeChecker (StorageVolumeChecker.java:checkAllVolumes(213)) - Scheduled health check for volume /home/runner/work/ozone/ozone/hadoop-ozone/integration-test/target/test-dir/MiniOzoneClusterImpl-6e39530a-abb5-4f3a-bb3c-e5f572b2b70f/datanode-4/data-0/containers/hdds
2023-09-07 20:29:25,866 [EndpointStateMachine task thread for /0.0.0.0:15055 - 0 ] INFO  volume.ThrottledAsyncChecker (ThrottledAsyncChecker.java:schedule(141)) - Scheduling a check for /home/runner/work/ozone/ozone/hadoop-ozone/integration-test/target/test-dir/MiniOzoneClusterImpl-6e39530a-abb5-4f3a-bb3c-e5f572b2b70f/datanode-4/data/ratis
2023-09-07 20:29:25,866 [EndpointStateMachine task thread for /0.0.0.0:15055 - 0 ] INFO  volume.StorageVolumeChecker (StorageVolumeChecker.java:checkAllVolumes(213)) - Scheduled health check for volume /home/runner/work/ozone/ozone/hadoop-ozone/integration-test/target/test-dir/MiniOzoneClusterImpl-6e39530a-abb5-4f3a-bb3c-e5f572b2b70f/datanode-4/data/ratis
2023-09-07 20:29:25,868 [EndpointStateMachine task thread for /0.0.0.0:15055 - 0 ] INFO  ozoneimpl.OzoneContainer (OzoneContainer.java:start(429)) - Attempting to start container services.
2023-09-07 20:29:25,868 [EndpointStateMachine task thread for /0.0.0.0:15055 - 0 ] INFO  ozoneimpl.OzoneContainer (OzoneContainer.java:startContainerScrub(325)) - Scheduled background container scanners and the on-demand container scanner have been disabled.
2023-09-07 20:29:25,872 [EndpointStateMachine task thread for /0.0.0.0:15055 - 0 ] INFO  replication.ReplicationServer (ReplicationServer.java:start(130)) - ReplicationServer is started using port 15105
2023-09-07 20:29:25,872 [EndpointStateMachine task thread for /0.0.0.0:15055 - 0 ] INFO  ratis.XceiverServerRatis (XceiverServerRatis.java:start(517)) - Starting XceiverServerRatis 942f2b0f-4d82-489c-b29f-3fa1e69d5237
2023-09-07 20:29:25,873 [EndpointStateMachine task thread for /0.0.0.0:15055 - 0 ] INFO  server.RaftServer (RaftServerProxy.java:startImpl(400)) - 942f2b0f-4d82-489c-b29f-3fa1e69d5237: start RPC server
2023-09-07 20:29:25,875 [EndpointStateMachine task thread for /0.0.0.0:15055 - 0 ] INFO  server.GrpcService (GrpcService.java:startImpl(302)) - 942f2b0f-4d82-489c-b29f-3fa1e69d5237: GrpcService started, listening on 15101
2023-09-07 20:29:25,876 [EndpointStateMachine task thread for /0.0.0.0:15055 - 0 ] INFO  server.GrpcService (GrpcService.java:startImpl(302)) - 942f2b0f-4d82-489c-b29f-3fa1e69d5237: GrpcService started, listening on 15103
2023-09-07 20:29:25,878 [EndpointStateMachine task thread for /0.0.0.0:15055 - 0 ] INFO  server.GrpcService (GrpcService.java:startImpl(302)) - 942f2b0f-4d82-489c-b29f-3fa1e69d5237: GrpcService started, listening on 15102
2023-09-07 20:29:25,879 [EndpointStateMachine task thread for /0.0.0.0:15055 - 0 ] INFO  ratis.XceiverServerRatis (XceiverServerRatis.java:getRealPort(543)) - XceiverServerRatis 942f2b0f-4d82-489c-b29f-3fa1e69d5237 is started using port 15101 for RATIS
2023-09-07 20:29:25,879 [EndpointStateMachine task thread for /0.0.0.0:15055 - 0 ] INFO  ratis.XceiverServerRatis (XceiverServerRatis.java:getRealPort(543)) - XceiverServerRatis 942f2b0f-4d82-489c-b29f-3fa1e69d5237 is started using port 15102 for RATIS_ADMIN
2023-09-07 20:29:25,879 [EndpointStateMachine task thread for /0.0.0.0:15055 - 0 ] INFO  ratis.XceiverServerRatis (XceiverServerRatis.java:getRealPort(543)) - XceiverServerRatis 942f2b0f-4d82-489c-b29f-3fa1e69d5237 is started using port 15103 for RATIS_SERVER
2023-09-07 20:29:25,879 [EndpointStateMachine task thread for /0.0.0.0:15055 - 0 ] INFO  ratis.XceiverServerRatis (XceiverServerRatis.java:getRealPort(543)) - XceiverServerRatis 942f2b0f-4d82-489c-b29f-3fa1e69d5237 is started using port 15104 for RATIS_DATASTREAM
2023-09-07 20:29:25,882 [JvmPauseMonitor13] INFO  util.JvmPauseMonitor (JvmPauseMonitor.java:run(103)) - JvmPauseMonitor-942f2b0f-4d82-489c-b29f-3fa1e69d5237: Started
2023-09-07 20:29:25,891 [BlockDeletingService#0] INFO  interfaces.ContainerDeletionChoosingPolicyTemplate (ContainerDeletionChoosingPolicyTemplate.java:chooseContainerForBlockDeletion(85)) - Chosen 0/5000 blocks from 0 candidate containers.
2023-09-07 20:29:26,248 [IPC Server handler 17 on default port 15055] INFO  net.NetworkTopologyImpl (NetworkTopologyImpl.java:add(112)) - Added a new node: /default-rack/8788027e-81d1-4d47-afe3-241385989a54
2023-09-07 20:29:26,248 [IPC Server handler 17 on default port 15055] INFO  node.SCMNodeManager (SCMNodeManager.java:register(405)) - Registered Data node : 8788027e-81d1-4d47-afe3-241385989a54{ip: 10.1.0.11, host: fv-az259-394.nxnqhby4qkoexpon2s1bx5vqxg.dx.internal.cloudapp.net, ports: [HTTP=15062, CLIENT_RPC=15063, REPLICATION=15069, RATIS=15065, RATIS_ADMIN=15066, RATIS_SERVER=15067, RATIS_DATASTREAM=15068, STANDALONE=15064], networkLocation: /default-rack, certSerialId: null, persistedOpState: null, persistedOpStateExpiryEpochSec: 0}
2023-09-07 20:29:26,257 [EventQueue-NodeRegistrationContainerReportForContainerSafeModeRule] INFO  safemode.SCMSafeModeManager (SCMSafeModeManager.java:validateSafeModeExitRules(200)) - ContainerSafeModeRule rule is successfully validated
2023-09-07 20:29:26,257 [EventQueue-NodeRegistrationContainerReportForDataNodeSafeModeRule] INFO  safemode.SCMSafeModeManager (DataNodeSafeModeRule.java:process(71)) - SCM in safe mode. 1 DataNodes registered, 3 required.
2023-09-07 20:29:26,261 [EventQueue-PipelineReportForOneReplicaPipelineSafeModeRule] INFO  safemode.SCMSafeModeManager (SCMSafeModeManager.java:validateSafeModeExitRules(200)) - AtleastOneDatanodeReportedRule rule is successfully validated
2023-09-07 20:29:26,262 [EventQueue-NewNodeForNewNodeHandler] INFO  pipeline.BackgroundPipelineCreator (BackgroundPipelineCreator.java:notifyEventTriggered(277)) - trigger a one-shot run on RatisPipelineUtilsThread.
2023-09-07 20:29:26,263 [RatisPipelineUtilsThread - 0] INFO  pipeline.RatisPipelineProvider (RatisPipelineProvider.java:lambda$create$0(206)) - Sending CreatePipelineCommand for pipeline:PipelineID=7c8688d0-5463-4e72-92bc-42510b080594 to datanode:8788027e-81d1-4d47-afe3-241385989a54
2023-09-07 20:29:26,264 [RatisPipelineUtilsThread - 0] INFO  pipeline.BackgroundPipelineCreator (BackgroundPipelineCreator.java:createPipelines(233)) - Created new pipeline Pipeline[ Id: 7c8688d0-5463-4e72-92bc-42510b080594, Nodes: 8788027e-81d1-4d47-afe3-241385989a54(fv-az259-394.nxnqhby4qkoexpon2s1bx5vqxg.dx.internal.cloudapp.net/10.1.0.11), ReplicationConfig: RATIS/ONE, State:ALLOCATED, leaderId:, CreationTimestamp2023-09-07T20:29:26.263Z[Etc/UTC]]
2023-09-07 20:29:26,720 [IPC Server handler 19 on default port 15055] INFO  net.NetworkTopologyImpl (NetworkTopologyImpl.java:add(112)) - Added a new node: /default-rack/2f0e8030-05aa-4e91-b2c6-437482cdb37f
2023-09-07 20:29:26,720 [IPC Server handler 19 on default port 15055] INFO  node.SCMNodeManager (SCMNodeManager.java:register(405)) - Registered Data node : 2f0e8030-05aa-4e91-b2c6-437482cdb37f{ip: 10.1.0.11, host: fv-az259-394.nxnqhby4qkoexpon2s1bx5vqxg.dx.internal.cloudapp.net, ports: [HTTP=15071, CLIENT_RPC=15072, REPLICATION=15078, RATIS=15074, RATIS_ADMIN=15075, RATIS_SERVER=15076, RATIS_DATASTREAM=15077, STANDALONE=15073], networkLocation: /default-rack, certSerialId: null, persistedOpState: null, persistedOpStateExpiryEpochSec: 0}
2023-09-07 20:29:26,720 [EventQueue-NewNodeForNewNodeHandler] INFO  pipeline.BackgroundPipelineCreator (BackgroundPipelineCreator.java:notifyEventTriggered(277)) - trigger a one-shot run on RatisPipelineUtilsThread.
2023-09-07 20:29:26,721 [EventQueue-NodeRegistrationContainerReportForDataNodeSafeModeRule] INFO  safemode.SCMSafeModeManager (DataNodeSafeModeRule.java:process(71)) - SCM in safe mode. 2 DataNodes registered, 3 required.
2023-09-07 20:29:26,724 [RatisPipelineUtilsThread - 0] INFO  pipeline.RatisPipelineProvider (RatisPipelineProvider.java:lambda$create$0(206)) - Sending CreatePipelineCommand for pipeline:PipelineID=ce95868c-645b-429f-ad82-9de9c3b524b1 to datanode:2f0e8030-05aa-4e91-b2c6-437482cdb37f
2023-09-07 20:29:26,724 [RatisPipelineUtilsThread - 0] INFO  pipeline.BackgroundPipelineCreator (BackgroundPipelineCreator.java:createPipelines(233)) - Created new pipeline Pipeline[ Id: ce95868c-645b-429f-ad82-9de9c3b524b1, Nodes: 2f0e8030-05aa-4e91-b2c6-437482cdb37f(fv-az259-394.nxnqhby4qkoexpon2s1bx5vqxg.dx.internal.cloudapp.net/10.1.0.11), ReplicationConfig: RATIS/ONE, State:ALLOCATED, leaderId:, CreationTimestamp2023-09-07T20:29:26.724Z[Etc/UTC]]
2023-09-07 20:29:26,803 [main] INFO  ozone.MiniOzoneClusterImpl (MiniOzoneClusterImpl.java:lambda$waitForClusterToBeReady$0(224)) - Waiting for nodes to be ready. Got 2 of 5 DN Heartbeats.
2023-09-07 20:29:26,803 [main] INFO  ozone.MiniOzoneClusterImpl (MiniOzoneClusterImpl.java:lambda$waitForClusterToBeReady$0(227)) - Waiting for cluster to exit safe mode
2023-09-07 20:29:26,803 [main] INFO  ozone.MiniOzoneClusterImpl (MiniOzoneClusterImpl.java:lambda$waitForClusterToBeReady$0(229)) - SCM became leader
2023-09-07 20:29:27,099 [IPC Server handler 17 on default port 15055] INFO  net.NetworkTopologyImpl (NetworkTopologyImpl.java:add(112)) - Added a new node: /default-rack/e6d6ce9d-4fd0-4987-92e7-1065424d9f29
2023-09-07 20:29:27,099 [IPC Server handler 17 on default port 15055] INFO  node.SCMNodeManager (SCMNodeManager.java:register(405)) - Registered Data node : e6d6ce9d-4fd0-4987-92e7-1065424d9f29{ip: 10.1.0.11, host: fv-az259-394.nxnqhby4qkoexpon2s1bx5vqxg.dx.internal.cloudapp.net, ports: [HTTP=15080, CLIENT_RPC=15081, REPLICATION=15087, RATIS=15083, RATIS_ADMIN=15084, RATIS_SERVER=15085, RATIS_DATASTREAM=15086, STANDALONE=15082], networkLocation: /default-rack, certSerialId: null, persistedOpState: null, persistedOpStateExpiryEpochSec: 0}
2023-09-07 20:29:27,101 [EventQueue-NodeRegistrationContainerReportForDataNodeSafeModeRule] INFO  safemode.SCMSafeModeManager (DataNodeSafeModeRule.java:process(71)) - SCM in safe mode. 3 DataNodes registered, 3 required.
2023-09-07 20:29:27,101 [EventQueue-NodeRegistrationContainerReportForDataNodeSafeModeRule] INFO  safemode.SCMSafeModeManager (SCMSafeModeManager.java:validateSafeModeExitRules(200)) - DataNodeSafeModeRule rule is successfully validated
2023-09-07 20:29:27,101 [EventQueue-NodeRegistrationContainerReportForDataNodeSafeModeRule] INFO  safemode.SCMSafeModeManager (SCMSafeModeManager.java:completePreCheck(229)) - All SCM safe mode pre check rules have passed
2023-09-07 20:29:27,101 [EventQueue-NodeRegistrationContainerReportForDataNodeSafeModeRule] INFO  ha.SCMContext (SCMContext.java:updateSafeModeStatus(228)) - Update SafeModeStatus from SafeModeStatus{safeModeStatus=true, preCheckPassed=false} to SafeModeStatus{safeModeStatus=true, preCheckPassed=true}.
2023-09-07 20:29:27,101 [EventQueue-NodeRegistrationContainerReportForDataNodeSafeModeRule] INFO  pipeline.BackgroundPipelineCreator (BackgroundPipelineCreator.java:notifyEventTriggered(277)) - trigger a one-shot run on RatisPipelineUtilsThread.
2023-09-07 20:29:27,102 [RatisPipelineUtilsThread - 0] INFO  pipeline.RatisPipelineProvider (RatisPipelineProvider.java:lambda$create$0(206)) - Sending CreatePipelineCommand for pipeline:PipelineID=1548aea4-bc36-4ac5-a4f6-2e97be5e65b8 to datanode:e6d6ce9d-4fd0-4987-92e7-1065424d9f29
2023-09-07 20:29:27,102 [RatisPipelineUtilsThread - 0] INFO  pipeline.BackgroundPipelineCreator (BackgroundPipelineCreator.java:createPipelines(233)) - Created new pipeline Pipeline[ Id: 1548aea4-bc36-4ac5-a4f6-2e97be5e65b8, Nodes: e6d6ce9d-4fd0-4987-92e7-1065424d9f29(fv-az259-394.nxnqhby4qkoexpon2s1bx5vqxg.dx.internal.cloudapp.net/10.1.0.11), ReplicationConfig: RATIS/ONE, State:ALLOCATED, leaderId:, CreationTimestamp2023-09-07T20:29:27.102Z[Etc/UTC]]
2023-09-07 20:29:27,105 [EventQueue-NewNodeForNewNodeHandler] INFO  pipeline.BackgroundPipelineCreator (BackgroundPipelineCreator.java:notifyEventTriggered(277)) - trigger a one-shot run on RatisPipelineUtilsThread.
2023-09-07 20:29:27,105 [RatisPipelineUtilsThread - 0] INFO  pipeline.RatisPipelineProvider (RatisPipelineProvider.java:lambda$create$0(206)) - Sending CreatePipelineCommand for pipeline:PipelineID=808d1a94-13a3-43c1-b3f2-9a97e42b1e36 to datanode:2f0e8030-05aa-4e91-b2c6-437482cdb37f
2023-09-07 20:29:27,105 [RatisPipelineUtilsThread - 0] INFO  pipeline.RatisPipelineProvider (RatisPipelineProvider.java:lambda$create$0(206)) - Sending CreatePipelineCommand for pipeline:PipelineID=808d1a94-13a3-43c1-b3f2-9a97e42b1e36 to datanode:e6d6ce9d-4fd0-4987-92e7-1065424d9f29
2023-09-07 20:29:27,105 [RatisPipelineUtilsThread - 0] INFO  pipeline.RatisPipelineProvider (RatisPipelineProvider.java:lambda$create$0(206)) - Sending CreatePipelineCommand for pipeline:PipelineID=808d1a94-13a3-43c1-b3f2-9a97e42b1e36 to datanode:8788027e-81d1-4d47-afe3-241385989a54
2023-09-07 20:29:27,106 [RatisPipelineUtilsThread - 0] INFO  pipeline.BackgroundPipelineCreator (BackgroundPipelineCreator.java:createPipelines(233)) - Created new pipeline Pipeline[ Id: 808d1a94-13a3-43c1-b3f2-9a97e42b1e36, Nodes: 2f0e8030-05aa-4e91-b2c6-437482cdb37f(fv-az259-394.nxnqhby4qkoexpon2s1bx5vqxg.dx.internal.cloudapp.net/10.1.0.11)e6d6ce9d-4fd0-4987-92e7-1065424d9f29(fv-az259-394.nxnqhby4qkoexpon2s1bx5vqxg.dx.internal.cloudapp.net/10.1.0.11)8788027e-81d1-4d47-afe3-241385989a54(fv-az259-394.nxnqhby4qkoexpon2s1bx5vqxg.dx.internal.cloudapp.net/10.1.0.11), ReplicationConfig: RATIS/THREE, State:ALLOCATED, leaderId:, CreationTimestamp2023-09-07T20:29:27.105Z[Etc/UTC]]
2023-09-07 20:29:27,108 [RatisPipelineUtilsThread - 0] INFO  pipeline.RatisPipelineProvider (RatisPipelineProvider.java:lambda$create$0(206)) - Sending CreatePipelineCommand for pipeline:PipelineID=2ea2a3c0-fea6-41a0-a3c3-546fbc4fbb55 to datanode:8788027e-81d1-4d47-afe3-241385989a54
2023-09-07 20:29:27,108 [RatisPipelineUtilsThread - 0] INFO  pipeline.RatisPipelineProvider (RatisPipelineProvider.java:lambda$create$0(206)) - Sending CreatePipelineCommand for pipeline:PipelineID=2ea2a3c0-fea6-41a0-a3c3-546fbc4fbb55 to datanode:2f0e8030-05aa-4e91-b2c6-437482cdb37f
2023-09-07 20:29:27,108 [RatisPipelineUtilsThread - 0] INFO  pipeline.RatisPipelineProvider (RatisPipelineProvider.java:lambda$create$0(206)) - Sending CreatePipelineCommand for pipeline:PipelineID=2ea2a3c0-fea6-41a0-a3c3-546fbc4fbb55 to datanode:e6d6ce9d-4fd0-4987-92e7-1065424d9f29
2023-09-07 20:29:27,109 [RatisPipelineUtilsThread - 0] INFO  pipeline.PipelineManagerImpl (PipelineManagerImpl.java:recordMetricsForPipeline(914)) - Pipeline: PipelineID=2ea2a3c0-fea6-41a0-a3c3-546fbc4fbb55 contains same datanodes as previous pipelines: PipelineID=808d1a94-13a3-43c1-b3f2-9a97e42b1e36 nodeIds: 8788027e-81d1-4d47-afe3-241385989a54, 2f0e8030-05aa-4e91-b2c6-437482cdb37f, e6d6ce9d-4fd0-4987-92e7-1065424d9f29
2023-09-07 20:29:27,109 [RatisPipelineUtilsThread - 0] INFO  pipeline.BackgroundPipelineCreator (BackgroundPipelineCreator.java:createPipelines(233)) - Created new pipeline Pipeline[ Id: 2ea2a3c0-fea6-41a0-a3c3-546fbc4fbb55, Nodes: 8788027e-81d1-4d47-afe3-241385989a54(fv-az259-394.nxnqhby4qkoexpon2s1bx5vqxg.dx.internal.cloudapp.net/10.1.0.11)2f0e8030-05aa-4e91-b2c6-437482cdb37f(fv-az259-394.nxnqhby4qkoexpon2s1bx5vqxg.dx.internal.cloudapp.net/10.1.0.11)e6d6ce9d-4fd0-4987-92e7-1065424d9f29(fv-az259-394.nxnqhby4qkoexpon2s1bx5vqxg.dx.internal.cloudapp.net/10.1.0.11), ReplicationConfig: RATIS/THREE, State:ALLOCATED, leaderId:, CreationTimestamp2023-09-07T20:29:27.108Z[Etc/UTC]]
2023-09-07 20:29:27,450 [IPC Server handler 16 on default port 15055] INFO  net.NetworkTopologyImpl (NetworkTopologyImpl.java:add(112)) - Added a new node: /default-rack/e6894f1b-35d2-469c-bf31-69833cd25437
2023-09-07 20:29:27,450 [IPC Server handler 16 on default port 15055] INFO  node.SCMNodeManager (SCMNodeManager.java:register(405)) - Registered Data node : e6894f1b-35d2-469c-bf31-69833cd25437{ip: 10.1.0.11, host: fv-az259-394.nxnqhby4qkoexpon2s1bx5vqxg.dx.internal.cloudapp.net, ports: [HTTP=15089, CLIENT_RPC=15090, REPLICATION=15096, RATIS=15092, RATIS_ADMIN=15093, RATIS_SERVER=15094, RATIS_DATASTREAM=15095, STANDALONE=15091], networkLocation: /default-rack, certSerialId: null, persistedOpState: null, persistedOpStateExpiryEpochSec: 0}
2023-09-07 20:29:27,452 [EventQueue-NewNodeForNewNodeHandler] INFO  pipeline.BackgroundPipelineCreator (BackgroundPipelineCreator.java:notifyEventTriggered(277)) - trigger a one-shot run on RatisPipelineUtilsThread.
2023-09-07 20:29:27,453 [RatisPipelineUtilsThread - 0] INFO  pipeline.RatisPipelineProvider (RatisPipelineProvider.java:lambda$create$0(206)) - Sending CreatePipelineCommand for pipeline:PipelineID=3c40a320-3a1a-46e8-9f30-831baad5bab2 to datanode:e6894f1b-35d2-469c-bf31-69833cd25437
2023-09-07 20:29:27,456 [RatisPipelineUtilsThread - 0] INFO  pipeline.BackgroundPipelineCreator (BackgroundPipelineCreator.java:createPipelines(233)) - Created new pipeline Pipeline[ Id: 3c40a320-3a1a-46e8-9f30-831baad5bab2, Nodes: e6894f1b-35d2-469c-bf31-69833cd25437(fv-az259-394.nxnqhby4qkoexpon2s1bx5vqxg.dx.internal.cloudapp.net/10.1.0.11), ReplicationConfig: RATIS/ONE, State:ALLOCATED, leaderId:, CreationTimestamp2023-09-07T20:29:27.453Z[Etc/UTC]]
2023-09-07 20:29:27,804 [main] INFO  ozone.MiniOzoneClusterImpl (MiniOzoneClusterImpl.java:lambda$waitForClusterToBeReady$0(224)) - Waiting for nodes to be ready. Got 4 of 5 DN Heartbeats.
2023-09-07 20:29:27,806 [main] INFO  ozone.MiniOzoneClusterImpl (MiniOzoneClusterImpl.java:lambda$waitForClusterToBeReady$0(227)) - Waiting for cluster to exit safe mode
2023-09-07 20:29:27,806 [main] INFO  ozone.MiniOzoneClusterImpl (MiniOzoneClusterImpl.java:lambda$waitForClusterToBeReady$0(229)) - SCM became leader
2023-09-07 20:29:27,813 [IPC Server handler 18 on default port 15055] INFO  net.NetworkTopologyImpl (NetworkTopologyImpl.java:add(112)) - Added a new node: /default-rack/942f2b0f-4d82-489c-b29f-3fa1e69d5237
2023-09-07 20:29:27,813 [IPC Server handler 18 on default port 15055] INFO  node.SCMNodeManager (SCMNodeManager.java:register(405)) - Registered Data node : 942f2b0f-4d82-489c-b29f-3fa1e69d5237{ip: 10.1.0.11, host: fv-az259-394.nxnqhby4qkoexpon2s1bx5vqxg.dx.internal.cloudapp.net, ports: [HTTP=15098, CLIENT_RPC=15099, REPLICATION=15105, RATIS=15101, RATIS_ADMIN=15102, RATIS_SERVER=15103, RATIS_DATASTREAM=15104, STANDALONE=15100], networkLocation: /default-rack, certSerialId: null, persistedOpState: null, persistedOpStateExpiryEpochSec: 0}
2023-09-07 20:29:27,814 [EventQueue-NewNodeForNewNodeHandler] INFO  pipeline.BackgroundPipelineCreator (BackgroundPipelineCreator.java:notifyEventTriggered(277)) - trigger a one-shot run on RatisPipelineUtilsThread.
2023-09-07 20:29:27,814 [RatisPipelineUtilsThread - 0] INFO  pipeline.RatisPipelineProvider (RatisPipelineProvider.java:lambda$create$0(206)) - Sending CreatePipelineCommand for pipeline:PipelineID=f9cead23-0120-47be-ad44-4817348da986 to datanode:942f2b0f-4d82-489c-b29f-3fa1e69d5237
2023-09-07 20:29:27,815 [RatisPipelineUtilsThread - 0] INFO  pipeline.BackgroundPipelineCreator (BackgroundPipelineCreator.java:createPipelines(233)) - Created new pipeline Pipeline[ Id: f9cead23-0120-47be-ad44-4817348da986, Nodes: 942f2b0f-4d82-489c-b29f-3fa1e69d5237(fv-az259-394.nxnqhby4qkoexpon2s1bx5vqxg.dx.internal.cloudapp.net/10.1.0.11), ReplicationConfig: RATIS/ONE, State:ALLOCATED, leaderId:, CreationTimestamp2023-09-07T20:29:27.814Z[Etc/UTC]]
2023-09-07 20:29:28,806 [main] INFO  ozone.MiniOzoneClusterImpl (MiniOzoneClusterImpl.java:lambda$waitForClusterToBeReady$0(224)) - Nodes are ready. Got 5 of 5 DN Heartbeats.
2023-09-07 20:29:28,807 [main] INFO  ozone.MiniOzoneClusterImpl (MiniOzoneClusterImpl.java:lambda$waitForClusterToBeReady$0(227)) - Waiting for cluster to exit safe mode
2023-09-07 20:29:28,807 [main] INFO  ozone.MiniOzoneClusterImpl (MiniOzoneClusterImpl.java:lambda$waitForClusterToBeReady$0(229)) - SCM became leader
2023-09-07 20:29:29,250 [PipelineCommandHandlerThread-0] INFO  server.RaftServer (RaftServerProxy.java:addNew(98)) - 8788027e-81d1-4d47-afe3-241385989a54: addNew group-42510B080594:[8788027e-81d1-4d47-afe3-241385989a54|rpc:10.1.0.11:15067|admin:10.1.0.11:15066|client:10.1.0.11:15065|dataStream:10.1.0.11:15068|priority:1|startupRole:FOLLOWER] returns group-42510B080594:java.util.concurrent.CompletableFuture@2f2f6bf8[Not completed]
2023-09-07 20:29:29,255 [8788027e-81d1-4d47-afe3-241385989a54-groupManagement] INFO  server.RaftServer$Division (RaftServerImpl.java:<init>(198)) - 8788027e-81d1-4d47-afe3-241385989a54: new RaftServerImpl for group-42510B080594:[8788027e-81d1-4d47-afe3-241385989a54|rpc:10.1.0.11:15067|admin:10.1.0.11:15066|client:10.1.0.11:15065|dataStream:10.1.0.11:15068|priority:1|startupRole:FOLLOWER] with ContainerStateMachine:uninitialized
2023-09-07 20:29:29,255 [8788027e-81d1-4d47-afe3-241385989a54-groupManagement] INFO  server.RaftServerConfigKeys (ConfUtils.java:logGet(46)) - raft.server.rpc.timeout.min = 5s (custom)
2023-09-07 20:29:29,256 [8788027e-81d1-4d47-afe3-241385989a54-groupManagement] INFO  server.RaftServerConfigKeys (ConfUtils.java:logGet(46)) - raft.server.rpc.timeout.max = 5200ms (custom)
2023-09-07 20:29:29,256 [8788027e-81d1-4d47-afe3-241385989a54-groupManagement] INFO  server.RaftServerConfigKeys (ConfUtils.java:logGet(46)) - raft.server.rpc.sleep.time = 25ms (default)
2023-09-07 20:29:29,256 [8788027e-81d1-4d47-afe3-241385989a54-groupManagement] INFO  server.RaftServerConfigKeys (ConfUtils.java:logGet(46)) - raft.server.rpc.slowness.timeout = 300s (custom)
2023-09-07 20:29:29,256 [8788027e-81d1-4d47-afe3-241385989a54-groupManagement] INFO  server.RaftServerConfigKeys (ConfUtils.java:logGet(46)) - raft.server.leaderelection.leader.step-down.wait-time = 10s (default)
2023-09-07 20:29:29,256 [8788027e-81d1-4d47-afe3-241385989a54-groupManagement] INFO  server.RaftServerConfigKeys (ConfUtils.java:logGet(46)) - raft.server.sleep.deviation.threshold = 300ms (default)
2023-09-07 20:29:29,256 [8788027e-81d1-4d47-afe3-241385989a54-groupManagement] INFO  server.RaftServer$Division (ServerState.java:<init>(120)) - 8788027e-81d1-4d47-afe3-241385989a54@group-42510B080594: ConfigurationManager, init=-1: peers:[8788027e-81d1-4d47-afe3-241385989a54|rpc:10.1.0.11:15067|admin:10.1.0.11:15066|client:10.1.0.11:15065|dataStream:10.1.0.11:15068|priority:1|startupRole:FOLLOWER]|listeners:[], old=null, confs=<EMPTY_MAP>
2023-09-07 20:29:29,256 [8788027e-81d1-4d47-afe3-241385989a54-groupManagement] INFO  server.RaftServerConfigKeys (ConfUtils.java:logGet(46)) - raft.server.storage.dir = [/home/runner/work/ozone/ozone/hadoop-ozone/integration-test/target/test-dir/MiniOzoneClusterImpl-6e39530a-abb5-4f3a-bb3c-e5f572b2b70f/datanode-0/data/ratis] (custom)
2023-09-07 20:29:29,257 [8788027e-81d1-4d47-afe3-241385989a54-groupManagement] INFO  server.RaftServerConfigKeys (ConfUtils.java:logGet(46)) - raft.server.log.corruption.policy = EXCEPTION (default)
2023-09-07 20:29:29,257 [8788027e-81d1-4d47-afe3-241385989a54-groupManagement] INFO  server.RaftServerConfigKeys (ConfUtils.java:logGet(46)) - raft.server.storage.free-space.min = 0MB (=0) (default)
2023-09-07 20:29:29,257 [8788027e-81d1-4d47-afe3-241385989a54-groupManagement] INFO  server.RaftServerConfigKeys (ConfUtils.java:logGet(46)) - raft.server.notification.no-leader.timeout = 300s (custom)
2023-09-07 20:29:29,257 [8788027e-81d1-4d47-afe3-241385989a54-groupManagement] INFO  server.RaftServerConfigKeys (ConfUtils.java:logGet(46)) - raft.server.read.timeout = 10s (default)
2023-09-07 20:29:29,257 [8788027e-81d1-4d47-afe3-241385989a54-groupManagement] INFO  server.RaftServerConfigKeys (ConfUtils.java:logGet(46)) - raft.server.retrycache.expirytime = 600000ms (custom)
2023-09-07 20:29:29,257 [8788027e-81d1-4d47-afe3-241385989a54-groupManagement] INFO  server.RaftServerConfigKeys (ConfUtils.java:logGet(46)) - raft.server.retrycache.statistics.expirytime = 100μs (default)
2023-09-07 20:29:29,258 [8788027e-81d1-4d47-afe3-241385989a54-groupManagement] INFO  server.RaftServerConfigKeys (ConfUtils.java:logGet(46)) - raft.server.read.option = DEFAULT (default)
2023-09-07 20:29:29,259 [8788027e-81d1-4d47-afe3-241385989a54-groupManagement] INFO  server.RaftServerConfigKeys (ConfUtils.java:logGet(46)) - raft.server.rpc.request.timeout = 60s (custom)
2023-09-07 20:29:29,259 [8788027e-81d1-4d47-afe3-241385989a54-groupManagement] INFO  server.RaftServerConfigKeys (ConfUtils.java:logGet(46)) - raft.server.log.appender.install.snapshot.enabled = false (custom)
2023-09-07 20:29:29,259 [8788027e-81d1-4d47-afe3-241385989a54-groupManagement] INFO  server.RaftServerConfigKeys (ConfUtils.java:logGet(46)) - raft.server.threadpool.server.cached = true (default)
2023-09-07 20:29:29,259 [8788027e-81d1-4d47-afe3-241385989a54-groupManagement] INFO  server.RaftServerConfigKeys (ConfUtils.java:logGet(46)) - raft.server.threadpool.server.size = 0 (default)
2023-09-07 20:29:29,259 [8788027e-81d1-4d47-afe3-241385989a54-groupManagement] INFO  server.RaftServerConfigKeys (ConfUtils.java:logGet(46)) - raft.server.threadpool.client.cached = true (default)
2023-09-07 20:29:29,259 [8788027e-81d1-4d47-afe3-241385989a54-groupManagement] INFO  server.RaftServerConfigKeys (ConfUtils.java:logGet(46)) - raft.server.threadpool.client.size = 0 (default)
2023-09-07 20:29:29,260 [8788027e-81d1-4d47-afe3-241385989a54-groupManagement] INFO  storage.RaftStorageDirectory (RaftStorageDirectoryImpl.java:analyzeStorage(137)) - The storage directory /home/runner/work/ozone/ozone/hadoop-ozone/integration-test/target/test-dir/MiniOzoneClusterImpl-6e39530a-abb5-4f3a-bb3c-e5f572b2b70f/datanode-0/data/ratis/7c8688d0-5463-4e72-92bc-42510b080594 does not exist. Creating ...
2023-09-07 20:29:29,261 [8788027e-81d1-4d47-afe3-241385989a54-groupManagement] INFO  storage.RaftStorageDirectory (RaftStorageDirectoryImpl.java:tryLock(231)) - Lock on /home/runner/work/ozone/ozone/hadoop-ozone/integration-test/target/test-dir/MiniOzoneClusterImpl-6e39530a-abb5-4f3a-bb3c-e5f572b2b70f/datanode-0/data/ratis/7c8688d0-5463-4e72-92bc-42510b080594/in_use.lock acquired by nodename 7625@fv-az259-394
2023-09-07 20:29:29,263 [8788027e-81d1-4d47-afe3-241385989a54-groupManagement] INFO  storage.RaftStorage (RaftStorageImpl.java:format(96)) - Storage directory /home/runner/work/ozone/ozone/hadoop-ozone/integration-test/target/test-dir/MiniOzoneClusterImpl-6e39530a-abb5-4f3a-bb3c-e5f572b2b70f/datanode-0/data/ratis/7c8688d0-5463-4e72-92bc-42510b080594 has been successfully formatted.
2023-09-07 20:29:29,265 [8788027e-81d1-4d47-afe3-241385989a54-groupManagement] INFO  ratis.ContainerStateMachine (ContainerStateMachine.java:loadSnapshot(262)) - group-42510B080594: The snapshot info is null. Setting the last applied indexto:(t:0, i:~)
2023-09-07 20:29:29,265 [8788027e-81d1-4d47-afe3-241385989a54-groupManagement] INFO  server.RaftServerConfigKeys (ConfUtils.java:logGet(46)) - raft.server.log.use.memory = false (default)
2023-09-07 20:29:29,266 [8788027e-81d1-4d47-afe3-241385989a54-groupManagement] INFO  server.RaftServerConfigKeys (ConfUtils.java:logGet(46)) - raft.server.log.purge.gap = 1000000 (custom)
2023-09-07 20:29:29,266 [8788027e-81d1-4d47-afe3-241385989a54-groupManagement] INFO  server.RaftServerConfigKeys (ConfUtils.java:logGet(46)) - raft.server.log.appender.buffer.byte-limit = 33554432 (custom)
2023-09-07 20:29:29,266 [8788027e-81d1-4d47-afe3-241385989a54-groupManagement] INFO  server.RaftServerConfigKeys (ConfUtils.java:logGet(46)) - raft.server.log.statemachine.data.read.timeout = 1000ms (default)
2023-09-07 20:29:29,266 [8788027e-81d1-4d47-afe3-241385989a54-groupManagement] INFO  server.RaftServerConfigKeys (ConfUtils.java:logGet(46)) - raft.server.log.purge.preservation.log.num = 0 (default)
2023-09-07 20:29:29,266 [8788027e-81d1-4d47-afe3-241385989a54-groupManagement] INFO  server.RaftServerConfigKeys (ConfUtils.java:logGet(46)) - raft.server.log.segment.size.max = 1048576 (custom)
2023-09-07 20:29:29,267 [8788027e-81d1-4d47-afe3-241385989a54-groupManagement] INFO  server.RaftServerConfigKeys (ConfUtils.java:logGet(46)) - raft.server.log.segment.cache.num.max = 2 (custom)
2023-09-07 20:29:29,267 [8788027e-81d1-4d47-afe3-241385989a54-groupManagement] INFO  server.RaftServerConfigKeys (ConfUtils.java:logGet(46)) - raft.server.log.segment.cache.size.max = 200MB (=209715200) (default)
2023-09-07 20:29:29,267 [8788027e-81d1-4d47-afe3-241385989a54-groupManagement] INFO  server.RaftServerConfigKeys (ConfUtils.java:logGet(46)) - raft.server.log.appender.buffer.byte-limit = 33554432 (custom)
2023-09-07 20:29:29,268 [8788027e-81d1-4d47-afe3-241385989a54-groupManagement] INFO  segmented.SegmentedRaftLogWorker (SegmentedRaftLogWorker.java:<init>(188)) - new 8788027e-81d1-4d47-afe3-241385989a54@group-42510B080594-SegmentedRaftLogWorker for RaftStorageImpl:Storage Directory /home/runner/work/ozone/ozone/hadoop-ozone/integration-test/target/test-dir/MiniOzoneClusterImpl-6e39530a-abb5-4f3a-bb3c-e5f572b2b70f/datanode-0/data/ratis/7c8688d0-5463-4e72-92bc-42510b080594
2023-09-07 20:29:29,268 [8788027e-81d1-4d47-afe3-241385989a54-groupManagement] INFO  server.RaftServerConfigKeys (ConfUtils.java:logGet(46)) - raft.server.log.queue.byte-limit = 4294967296 (custom)
2023-09-07 20:29:29,268 [8788027e-81d1-4d47-afe3-241385989a54-groupManagement] INFO  server.RaftServerConfigKeys (ConfUtils.java:logGet(46)) - raft.server.log.queue.element-limit = 1024 (custom)
2023-09-07 20:29:29,268 [8788027e-81d1-4d47-afe3-241385989a54-groupManagement] INFO  server.RaftServerConfigKeys (ConfUtils.java:logGet(46)) - raft.server.log.segment.size.max = 1048576 (custom)
2023-09-07 20:29:29,268 [8788027e-81d1-4d47-afe3-241385989a54-groupManagement] INFO  server.RaftServerConfigKeys (ConfUtils.java:logGet(46)) - raft.server.log.preallocated.size = 16384 (custom)
2023-09-07 20:29:29,268 [8788027e-81d1-4d47-afe3-241385989a54-groupManagement] INFO  server.RaftServerConfigKeys (ConfUtils.java:logGet(46)) - raft.server.log.force.sync.num = 128 (default)
2023-09-07 20:29:29,268 [8788027e-81d1-4d47-afe3-241385989a54-groupManagement] INFO  server.RaftServerConfigKeys (ConfUtils.java:logGet(46)) - raft.server.log.statemachine.data.sync = true (default)
2023-09-07 20:29:29,268 [8788027e-81d1-4d47-afe3-241385989a54-groupManagement] INFO  server.RaftServerConfigKeys (ConfUtils.java:logGet(46)) - raft.server.log.statemachine.data.sync.timeout = 10s (default)
2023-09-07 20:29:29,268 [8788027e-81d1-4d47-afe3-241385989a54-groupManagement] INFO  server.RaftServerConfigKeys (ConfUtils.java:logGet(46)) - raft.server.log.statemachine.data.sync.timeout.retry = -1 (default)
2023-09-07 20:29:29,269 [8788027e-81d1-4d47-afe3-241385989a54-groupManagement] INFO  server.RaftServerConfigKeys (ConfUtils.java:logGet(46)) - raft.server.log.write.buffer.size = 1048576 (custom)
2023-09-07 20:29:29,270 [8788027e-81d1-4d47-afe3-241385989a54-groupManagement] INFO  server.RaftServerConfigKeys (ConfUtils.java:logGet(46)) - raft.server.log.appender.buffer.byte-limit = 33554432 (custom)
2023-09-07 20:29:29,271 [EventQueue-PipelineReportForPipelineReportHandler] INFO  pipeline.PipelineReportHandler (PipelineReportHandler.java:processPipelineReport(136)) - Opened pipeline PipelineID=7c8688d0-5463-4e72-92bc-42510b080594
2023-09-07 20:29:29,278 [8788027e-81d1-4d47-afe3-241385989a54-groupManagement] INFO  server.RaftServerConfigKeys (ConfUtils.java:logGet(46)) - raft.server.log.unsafe-flush.enabled = false (default)
2023-09-07 20:29:29,278 [8788027e-81d1-4d47-afe3-241385989a54-groupManagement] INFO  server.RaftServerConfigKeys (ConfUtils.java:logGet(46)) - raft.server.log.async-flush.enabled = false (default)
2023-09-07 20:29:29,278 [8788027e-81d1-4d47-afe3-241385989a54-groupManagement] INFO  server.RaftServerConfigKeys (ConfUtils.java:logGet(46)) - raft.server.log.statemachine.data.caching.enabled = true (custom)
2023-09-07 20:29:29,279 [8788027e-81d1-4d47-afe3-241385989a54-groupManagement] INFO  segmented.SegmentedRaftLogWorker (SegmentedRaftLogWorker.java:lambda$new$0(135)) - 8788027e-81d1-4d47-afe3-241385989a54@group-42510B080594-SegmentedRaftLogWorker: flushIndex: setUnconditionally 0 -> -1
2023-09-07 20:29:29,279 [8788027e-81d1-4d47-afe3-241385989a54-groupManagement] INFO  segmented.SegmentedRaftLogWorker (SegmentedRaftLogWorker.java:lambda$new$0(135)) - 8788027e-81d1-4d47-afe3-241385989a54@group-42510B080594-SegmentedRaftLogWorker: safeCacheEvictIndex: setUnconditionally 0 -> -1
2023-09-07 20:29:29,284 [EventQueue-OpenPipelineForHealthyPipelineSafeModeRule] INFO  safemode.SCMSafeModeManager (HealthyPipelineSafeModeRule.java:process(137)) - SCM in safe mode. Healthy pipelines reported count is 0, required healthy pipeline reported count is 1
2023-09-07 20:29:29,284 [8788027e-81d1-4d47-afe3-241385989a54-groupManagement] INFO  server.RaftServer$Division (RaftServerImpl.java:start(342)) - 8788027e-81d1-4d47-afe3-241385989a54@group-42510B080594: start as a follower, conf=-1: peers:[8788027e-81d1-4d47-afe3-241385989a54|rpc:10.1.0.11:15067|admin:10.1.0.11:15066|client:10.1.0.11:15065|dataStream:10.1.0.11:15068|priority:1|startupRole:FOLLOWER]|listeners:[], old=null
2023-09-07 20:29:29,284 [8788027e-81d1-4d47-afe3-241385989a54-groupManagement] INFO  server.RaftServer$Division (RaftServerImpl.java:setRole(329)) - 8788027e-81d1-4d47-afe3-241385989a54@group-42510B080594: changes role from      null to FOLLOWER at term 0 for startAsFollower
2023-09-07 20:29:29,284 [8788027e-81d1-4d47-afe3-241385989a54-groupManagement] INFO  impl.RoleInfo (RoleInfo.java:updateAndGet(139)) - 8788027e-81d1-4d47-afe3-241385989a54: start 8788027e-81d1-4d47-afe3-241385989a54@group-42510B080594-FollowerState
2023-09-07 20:29:29,285 [8788027e-81d1-4d47-afe3-241385989a54-groupManagement] INFO  util.JmxRegister (JmxRegister.java:tryRegister(44)) - Successfully registered JMX Bean with object name Ratis:service=RaftServer,group=group-42510B080594,id=8788027e-81d1-4d47-afe3-241385989a54
2023-09-07 20:29:29,285 [8788027e-81d1-4d47-afe3-241385989a54-groupManagement] INFO  server.RaftServerConfigKeys (ConfUtils.java:logGet(46)) - raft.server.snapshot.auto.trigger.enabled = true (custom)
2023-09-07 20:29:29,285 [8788027e-81d1-4d47-afe3-241385989a54-groupManagement] INFO  server.RaftServerConfigKeys (ConfUtils.java:logGet(46)) - raft.server.snapshot.auto.trigger.threshold = 10000 (custom)
2023-09-07 20:29:29,285 [8788027e-81d1-4d47-afe3-241385989a54-groupManagement] INFO  server.RaftServerConfigKeys (ConfUtils.java:logGet(46)) - raft.server.snapshot.retention.file.num = 5 (custom)
2023-09-07 20:29:29,285 [8788027e-81d1-4d47-afe3-241385989a54-groupManagement] INFO  server.RaftServerConfigKeys (ConfUtils.java:logGet(46)) - raft.server.log.purge.upto.snapshot.index = false (default)
2023-09-07 20:29:29,285 [8788027e-81d1-4d47-afe3-241385989a54@group-42510B080594-FollowerState] INFO  server.RaftServerConfigKeys (ConfUtils.java:logFallback(53)) - raft.server.rpc.first-election.timeout.min = 5s (fallback to raft.server.rpc.timeout.min)
2023-09-07 20:29:29,286 [8788027e-81d1-4d47-afe3-241385989a54@group-42510B080594-FollowerState] INFO  server.RaftServerConfigKeys (ConfUtils.java:logFallback(53)) - raft.server.rpc.first-election.timeout.max = 5200ms (fallback to raft.server.rpc.timeout.max)
2023-09-07 20:29:29,286 [PipelineCommandHandlerThread-0] INFO  ratis.XceiverServerRatis (XceiverServerRatis.java:addGroup(804)) - Created group PipelineID=7c8688d0-5463-4e72-92bc-42510b080594
2023-09-07 20:29:29,286 [PipelineCommandHandlerThread-0] INFO  commandhandler.CreatePipelineCommandHandler (CreatePipelineCommandHandler.java:lambda$handle$2(124)) - Created Pipeline RATIS ONE PipelineID=7c8688d0-5463-4e72-92bc-42510b080594.
2023-09-07 20:29:29,287 [PipelineCommandHandlerThread-0] INFO  server.RaftServer (RaftServerProxy.java:addNew(98)) - 8788027e-81d1-4d47-afe3-241385989a54: addNew group-9A97E42B1E36:[e6d6ce9d-4fd0-4987-92e7-1065424d9f29|rpc:10.1.0.11:15085|admin:10.1.0.11:15084|client:10.1.0.11:15083|dataStream:10.1.0.11:15086|priority:0|startupRole:FOLLOWER, 8788027e-81d1-4d47-afe3-241385989a54|rpc:10.1.0.11:15067|admin:10.1.0.11:15066|client:10.1.0.11:15065|dataStream:10.1.0.11:15068|priority:0|startupRole:FOLLOWER, 2f0e8030-05aa-4e91-b2c6-437482cdb37f|rpc:10.1.0.11:15076|admin:10.1.0.11:15075|client:10.1.0.11:15074|dataStream:10.1.0.11:15077|priority:1|startupRole:FOLLOWER] returns group-9A97E42B1E36:java.util.concurrent.CompletableFuture@2b10eac5[Not completed]
2023-09-07 20:29:29,288 [8788027e-81d1-4d47-afe3-241385989a54-groupManagement] INFO  server.RaftServer$Division (RaftServerImpl.java:<init>(198)) - 8788027e-81d1-4d47-afe3-241385989a54: new RaftServerImpl for group-9A97E42B1E36:[e6d6ce9d-4fd0-4987-92e7-1065424d9f29|rpc:10.1.0.11:15085|admin:10.1.0.11:15084|client:10.1.0.11:15083|dataStream:10.1.0.11:15086|priority:0|startupRole:FOLLOWER, 8788027e-81d1-4d47-afe3-241385989a54|rpc:10.1.0.11:15067|admin:10.1.0.11:15066|client:10.1.0.11:15065|dataStream:10.1.0.11:15068|priority:0|startupRole:FOLLOWER, 2f0e8030-05aa-4e91-b2c6-437482cdb37f|rpc:10.1.0.11:15076|admin:10.1.0.11:15075|client:10.1.0.11:15074|dataStream:10.1.0.11:15077|priority:1|startupRole:FOLLOWER] with ContainerStateMachine:uninitialized
2023-09-07 20:29:29,289 [8788027e-81d1-4d47-afe3-241385989a54-groupManagement] INFO  server.RaftServerConfigKeys (ConfUtils.java:logGet(46)) - raft.server.rpc.timeout.min = 5s (custom)
2023-09-07 20:29:29,289 [8788027e-81d1-4d47-afe3-241385989a54-groupManagement] INFO  server.RaftServerConfigKeys (ConfUtils.java:logGet(46)) - raft.server.rpc.timeout.max = 5200ms (custom)
2023-09-07 20:29:29,289 [8788027e-81d1-4d47-afe3-241385989a54-groupManagement] INFO  server.RaftServerConfigKeys (ConfUtils.java:logGet(46)) - raft.server.rpc.sleep.time = 25ms (default)
2023-09-07 20:29:29,289 [8788027e-81d1-4d47-afe3-241385989a54-groupManagement] INFO  server.RaftServerConfigKeys (ConfUtils.java:logGet(46)) - raft.server.rpc.slowness.timeout = 300s (custom)
2023-09-07 20:29:29,289 [8788027e-81d1-4d47-afe3-241385989a54-groupManagement] INFO  server.RaftServerConfigKeys (ConfUtils.java:logGet(46)) - raft.server.leaderelection.leader.step-down.wait-time = 10s (default)
2023-09-07 20:29:29,289 [8788027e-81d1-4d47-afe3-241385989a54-groupManagement] INFO  server.RaftServerConfigKeys (ConfUtils.java:logGet(46)) - raft.server.sleep.deviation.threshold = 300ms (default)
2023-09-07 20:29:29,289 [8788027e-81d1-4d47-afe3-241385989a54-groupManagement] INFO  server.RaftServer$Division (ServerState.java:<init>(120)) - 8788027e-81d1-4d47-afe3-241385989a54@group-9A97E42B1E36: ConfigurationManager, init=-1: peers:[e6d6ce9d-4fd0-4987-92e7-1065424d9f29|rpc:10.1.0.11:15085|admin:10.1.0.11:15084|client:10.1.0.11:15083|dataStream:10.1.0.11:15086|priority:0|startupRole:FOLLOWER, 8788027e-81d1-4d47-afe3-241385989a54|rpc:10.1.0.11:15067|admin:10.1.0.11:15066|client:10.1.0.11:15065|dataStream:10.1.0.11:15068|priority:0|startupRole:FOLLOWER, 2f0e8030-05aa-4e91-b2c6-437482cdb37f|rpc:10.1.0.11:15076|admin:10.1.0.11:15075|client:10.1.0.11:15074|dataStream:10.1.0.11:15077|priority:1|startupRole:FOLLOWER]|listeners:[], old=null, confs=<EMPTY_MAP>
2023-09-07 20:29:29,289 [8788027e-81d1-4d47-afe3-241385989a54-groupManagement] INFO  server.RaftServerConfigKeys (ConfUtils.java:logGet(46)) - raft.server.storage.dir = [/home/runner/work/ozone/ozone/hadoop-ozone/integration-test/target/test-dir/MiniOzoneClusterImpl-6e39530a-abb5-4f3a-bb3c-e5f572b2b70f/datanode-0/data/ratis] (custom)
2023-09-07 20:29:29,290 [8788027e-81d1-4d47-afe3-241385989a54-groupManagement] INFO  server.RaftServerConfigKeys (ConfUtils.java:logGet(46)) - raft.server.log.corruption.policy = EXCEPTION (default)
2023-09-07 20:29:29,290 [8788027e-81d1-4d47-afe3-241385989a54-groupManagement] INFO  server.RaftServerConfigKeys (ConfUtils.java:logGet(46)) - raft.server.storage.free-space.min = 0MB (=0) (default)
2023-09-07 20:29:29,290 [8788027e-81d1-4d47-afe3-241385989a54-groupManagement] INFO  server.RaftServerConfigKeys (ConfUtils.java:logGet(46)) - raft.server.notification.no-leader.timeout = 300s (custom)
2023-09-07 20:29:29,290 [8788027e-81d1-4d47-afe3-241385989a54-groupManagement] INFO  server.RaftServerConfigKeys (ConfUtils.java:logGet(46)) - raft.server.read.timeout = 10s (default)
2023-09-07 20:29:29,290 [8788027e-81d1-4d47-afe3-241385989a54-groupManagement] INFO  server.RaftServerConfigKeys (ConfUtils.java:logGet(46)) - raft.server.retrycache.expirytime = 600000ms (custom)
2023-09-07 20:29:29,290 [8788027e-81d1-4d47-afe3-241385989a54-groupManagement] INFO  server.RaftServerConfigKeys (ConfUtils.java:logGet(46)) - raft.server.retrycache.statistics.expirytime = 100μs (default)
2023-09-07 20:29:29,290 [8788027e-81d1-4d47-afe3-241385989a54-groupManagement] INFO  server.RaftServerConfigKeys (ConfUtils.java:logGet(46)) - raft.server.read.option = DEFAULT (default)
2023-09-07 20:29:29,291 [8788027e-81d1-4d47-afe3-241385989a54-groupManagement] INFO  server.RaftServerConfigKeys (ConfUtils.java:logGet(46)) - raft.server.rpc.request.timeout = 60s (custom)
2023-09-07 20:29:29,291 [8788027e-81d1-4d47-afe3-241385989a54-groupManagement] INFO  server.RaftServerConfigKeys (ConfUtils.java:logGet(46)) - raft.server.log.appender.install.snapshot.enabled = false (custom)
2023-09-07 20:29:29,291 [8788027e-81d1-4d47-afe3-241385989a54-groupManagement] INFO  server.RaftServerConfigKeys (ConfUtils.java:logGet(46)) - raft.server.threadpool.server.cached = true (default)
2023-09-07 20:29:29,291 [8788027e-81d1-4d47-afe3-241385989a54-groupManagement] INFO  server.RaftServerConfigKeys (ConfUtils.java:logGet(46)) - raft.server.threadpool.server.size = 0 (default)
2023-09-07 20:29:29,291 [8788027e-81d1-4d47-afe3-241385989a54-groupManagement] INFO  server.RaftServerConfigKeys (ConfUtils.java:logGet(46)) - raft.server.threadpool.client.cached = true (default)
2023-09-07 20:29:29,291 [8788027e-81d1-4d47-afe3-241385989a54-groupManagement] INFO  server.RaftServerConfigKeys (ConfUtils.java:logGet(46)) - raft.server.threadpool.client.size = 0 (default)
2023-09-07 20:29:29,292 [8788027e-81d1-4d47-afe3-241385989a54-groupManagement] INFO  storage.RaftStorageDirectory (RaftStorageDirectoryImpl.java:analyzeStorage(137)) - The storage directory /home/runner/work/ozone/ozone/hadoop-ozone/integration-test/target/test-dir/MiniOzoneClusterImpl-6e39530a-abb5-4f3a-bb3c-e5f572b2b70f/datanode-0/data/ratis/808d1a94-13a3-43c1-b3f2-9a97e42b1e36 does not exist. Creating ...
2023-09-07 20:29:29,293 [8788027e-81d1-4d47-afe3-241385989a54-groupManagement] INFO  storage.RaftStorageDirectory (RaftStorageDirectoryImpl.java:tryLock(231)) - Lock on /home/runner/work/ozone/ozone/hadoop-ozone/integration-test/target/test-dir/MiniOzoneClusterImpl-6e39530a-abb5-4f3a-bb3c-e5f572b2b70f/datanode-0/data/ratis/808d1a94-13a3-43c1-b3f2-9a97e42b1e36/in_use.lock acquired by nodename 7625@fv-az259-394
2023-09-07 20:29:29,297 [8788027e-81d1-4d47-afe3-241385989a54-groupManagement] INFO  storage.RaftStorage (RaftStorageImpl.java:format(96)) - Storage directory /home/runner/work/ozone/ozone/hadoop-ozone/integration-test/target/test-dir/MiniOzoneClusterImpl-6e39530a-abb5-4f3a-bb3c-e5f572b2b70f/datanode-0/data/ratis/808d1a94-13a3-43c1-b3f2-9a97e42b1e36 has been successfully formatted.
2023-09-07 20:29:29,298 [8788027e-81d1-4d47-afe3-241385989a54-groupManagement] INFO  ratis.ContainerStateMachine (ContainerStateMachine.java:loadSnapshot(262)) - group-9A97E42B1E36: The snapshot info is null. Setting the last applied indexto:(t:0, i:~)
2023-09-07 20:29:29,298 [8788027e-81d1-4d47-afe3-241385989a54-groupManagement] INFO  server.RaftServerConfigKeys (ConfUtils.java:logGet(46)) - raft.server.log.use.memory = false (default)
2023-09-07 20:29:29,299 [8788027e-81d1-4d47-afe3-241385989a54-groupManagement] INFO  server.RaftServerConfigKeys (ConfUtils.java:logGet(46)) - raft.server.log.purge.gap = 1000000 (custom)
2023-09-07 20:29:29,299 [8788027e-81d1-4d47-afe3-241385989a54-groupManagement] INFO  server.RaftServerConfigKeys (ConfUtils.java:logGet(46)) - raft.server.log.appender.buffer.byte-limit = 33554432 (custom)
2023-09-07 20:29:29,299 [8788027e-81d1-4d47-afe3-241385989a54-groupManagement] INFO  server.RaftServerConfigKeys (ConfUtils.java:logGet(46)) - raft.server.log.statemachine.data.read.timeout = 1000ms (default)
2023-09-07 20:29:29,299 [8788027e-81d1-4d47-afe3-241385989a54-groupManagement] INFO  server.RaftServerConfigKeys (ConfUtils.java:logGet(46)) - raft.server.log.purge.preservation.log.num = 0 (default)
2023-09-07 20:29:29,299 [8788027e-81d1-4d47-afe3-241385989a54-groupManagement] INFO  server.RaftServerConfigKeys (ConfUtils.java:logGet(46)) - raft.server.log.segment.size.max = 1048576 (custom)
2023-09-07 20:29:29,300 [EventQueue-OpenPipelineForHealthyPipelineSafeModeRule] INFO  safemode.SCMSafeModeManager (HealthyPipelineSafeModeRule.java:process(137)) - SCM in safe mode. Healthy pipelines reported count is 0, required healthy pipeline reported count is 1
2023-09-07 20:29:29,300 [8788027e-81d1-4d47-afe3-241385989a54-groupManagement] INFO  server.RaftServerConfigKeys (ConfUtils.java:logGet(46)) - raft.server.log.segment.cache.num.max = 2 (custom)
2023-09-07 20:29:29,300 [8788027e-81d1-4d47-afe3-241385989a54-groupManagement] INFO  server.RaftServerConfigKeys (ConfUtils.java:logGet(46)) - raft.server.log.segment.cache.size.max = 200MB (=209715200) (default)
2023-09-07 20:29:29,300 [8788027e-81d1-4d47-afe3-241385989a54-groupManagement] INFO  server.RaftServerConfigKeys (ConfUtils.java:logGet(46)) - raft.server.log.appender.buffer.byte-limit = 33554432 (custom)
2023-09-07 20:29:29,300 [8788027e-81d1-4d47-afe3-241385989a54-groupManagement] INFO  segmented.SegmentedRaftLogWorker (SegmentedRaftLogWorker.java:<init>(188)) - new 8788027e-81d1-4d47-afe3-241385989a54@group-9A97E42B1E36-SegmentedRaftLogWorker for RaftStorageImpl:Storage Directory /home/runner/work/ozone/ozone/hadoop-ozone/integration-test/target/test-dir/MiniOzoneClusterImpl-6e39530a-abb5-4f3a-bb3c-e5f572b2b70f/datanode-0/data/ratis/808d1a94-13a3-43c1-b3f2-9a97e42b1e36
2023-09-07 20:29:29,300 [8788027e-81d1-4d47-afe3-241385989a54-groupManagement] INFO  server.RaftServerConfigKeys (ConfUtils.java:logGet(46)) - raft.server.log.queue.byte-limit = 4294967296 (custom)
2023-09-07 20:29:29,300 [8788027e-81d1-4d47-afe3-241385989a54-groupManagement] INFO  server.RaftServerConfigKeys (ConfUtils.java:logGet(46)) - raft.server.log.queue.element-limit = 1024 (custom)
2023-09-07 20:29:29,300 [8788027e-81d1-4d47-afe3-241385989a54-groupManagement] INFO  server.RaftServerConfigKeys (ConfUtils.java:logGet(46)) - raft.server.log.segment.size.max = 1048576 (custom)
2023-09-07 20:29:29,301 [8788027e-81d1-4d47-afe3-241385989a54-groupManagement] INFO  server.RaftServerConfigKeys (ConfUtils.java:logGet(46)) - raft.server.log.preallocated.size = 16384 (custom)
2023-09-07 20:29:29,301 [8788027e-81d1-4d47-afe3-241385989a54-groupManagement] INFO  server.RaftServerConfigKeys (ConfUtils.java:logGet(46)) - raft.server.log.force.sync.num = 128 (default)
2023-09-07 20:29:29,301 [8788027e-81d1-4d47-afe3-241385989a54-groupManagement] INFO  server.RaftServerConfigKeys (ConfUtils.java:logGet(46)) - raft.server.log.statemachine.data.sync = true (default)
2023-09-07 20:29:29,301 [8788027e-81d1-4d47-afe3-241385989a54-groupManagement] INFO  server.RaftServerConfigKeys (ConfUtils.java:logGet(46)) - raft.server.log.statemachine.data.sync.timeout = 10s (default)
2023-09-07 20:29:29,301 [8788027e-81d1-4d47-afe3-241385989a54-groupManagement] INFO  server.RaftServerConfigKeys (ConfUtils.java:logGet(46)) - raft.server.log.statemachine.data.sync.timeout.retry = -1 (default)
2023-09-07 20:29:29,302 [8788027e-81d1-4d47-afe3-241385989a54-groupManagement] INFO  server.RaftServerConfigKeys (ConfUtils.java:logGet(46)) - raft.server.log.write.buffer.size = 1048576 (custom)
2023-09-07 20:29:29,302 [8788027e-81d1-4d47-afe3-241385989a54-groupManagement] INFO  server.RaftServerConfigKeys (ConfUtils.java:logGet(46)) - raft.server.log.appender.buffer.byte-limit = 33554432 (custom)
2023-09-07 20:29:29,309 [8788027e-81d1-4d47-afe3-241385989a54-groupManagement] INFO  server.RaftServerConfigKeys (ConfUtils.java:logGet(46)) - raft.server.log.unsafe-flush.enabled = false (default)
2023-09-07 20:29:29,309 [8788027e-81d1-4d47-afe3-241385989a54-groupManagement] INFO  server.RaftServerConfigKeys (ConfUtils.java:logGet(46)) - raft.server.log.async-flush.enabled = false (default)
2023-09-07 20:29:29,309 [8788027e-81d1-4d47-afe3-241385989a54-groupManagement] INFO  server.RaftServerConfigKeys (ConfUtils.java:logGet(46)) - raft.server.log.statemachine.data.caching.enabled = true (custom)
2023-09-07 20:29:29,309 [8788027e-81d1-4d47-afe3-241385989a54-groupManagement] INFO  segmented.SegmentedRaftLogWorker (SegmentedRaftLogWorker.java:lambda$new$0(135)) - 8788027e-81d1-4d47-afe3-241385989a54@group-9A97E42B1E36-SegmentedRaftLogWorker: flushIndex: setUnconditionally 0 -> -1
2023-09-07 20:29:29,309 [8788027e-81d1-4d47-afe3-241385989a54-groupManagement] INFO  segmented.SegmentedRaftLogWorker (SegmentedRaftLogWorker.java:lambda$new$0(135)) - 8788027e-81d1-4d47-afe3-241385989a54@group-9A97E42B1E36-SegmentedRaftLogWorker: safeCacheEvictIndex: setUnconditionally 0 -> -1
2023-09-07 20:29:29,314 [8788027e-81d1-4d47-afe3-241385989a54-groupManagement] INFO  server.RaftServer$Division (RaftServerImpl.java:start(342)) - 8788027e-81d1-4d47-afe3-241385989a54@group-9A97E42B1E36: start as a follower, conf=-1: peers:[e6d6ce9d-4fd0-4987-92e7-1065424d9f29|rpc:10.1.0.11:15085|admin:10.1.0.11:15084|client:10.1.0.11:15083|dataStream:10.1.0.11:15086|priority:0|startupRole:FOLLOWER, 8788027e-81d1-4d47-afe3-241385989a54|rpc:10.1.0.11:15067|admin:10.1.0.11:15066|client:10.1.0.11:15065|dataStream:10.1.0.11:15068|priority:0|startupRole:FOLLOWER, 2f0e8030-05aa-4e91-b2c6-437482cdb37f|rpc:10.1.0.11:15076|admin:10.1.0.11:15075|client:10.1.0.11:15074|dataStream:10.1.0.11:15077|priority:1|startupRole:FOLLOWER]|listeners:[], old=null
2023-09-07 20:29:29,314 [8788027e-81d1-4d47-afe3-241385989a54-groupManagement] INFO  server.RaftServer$Division (RaftServerImpl.java:setRole(329)) - 8788027e-81d1-4d47-afe3-241385989a54@group-9A97E42B1E36: changes role from      null to FOLLOWER at term 0 for startAsFollower
2023-09-07 20:29:29,314 [8788027e-81d1-4d47-afe3-241385989a54-groupManagement] INFO  impl.RoleInfo (RoleInfo.java:updateAndGet(139)) - 8788027e-81d1-4d47-afe3-241385989a54: start 8788027e-81d1-4d47-afe3-241385989a54@group-9A97E42B1E36-FollowerState
2023-09-07 20:29:29,314 [8788027e-81d1-4d47-afe3-241385989a54-groupManagement] INFO  util.JmxRegister (JmxRegister.java:tryRegister(44)) - Successfully registered JMX Bean with object name Ratis:service=RaftServer,group=group-9A97E42B1E36,id=8788027e-81d1-4d47-afe3-241385989a54
2023-09-07 20:29:29,314 [8788027e-81d1-4d47-afe3-241385989a54-groupManagement] INFO  server.RaftServerConfigKeys (ConfUtils.java:logGet(46)) - raft.server.snapshot.auto.trigger.enabled = true (custom)
2023-09-07 20:29:29,315 [8788027e-81d1-4d47-afe3-241385989a54-groupManagement] INFO  server.RaftServerConfigKeys (ConfUtils.java:logGet(46)) - raft.server.snapshot.auto.trigger.threshold = 10000 (custom)
2023-09-07 20:29:29,315 [8788027e-81d1-4d47-afe3-241385989a54-groupManagement] INFO  server.RaftServerConfigKeys (ConfUtils.java:logGet(46)) - raft.server.snapshot.retention.file.num = 5 (custom)
2023-09-07 20:29:29,315 [8788027e-81d1-4d47-afe3-241385989a54-groupManagement] INFO  server.RaftServerConfigKeys (ConfUtils.java:logGet(46)) - raft.server.log.purge.upto.snapshot.index = false (default)
2023-09-07 20:29:29,316 [8788027e-81d1-4d47-afe3-241385989a54@group-9A97E42B1E36-FollowerState] INFO  server.RaftServerConfigKeys (ConfUtils.java:logFallback(53)) - raft.server.rpc.first-election.timeout.min = 5s (fallback to raft.server.rpc.timeout.min)
2023-09-07 20:29:29,316 [8788027e-81d1-4d47-afe3-241385989a54@group-9A97E42B1E36-FollowerState] INFO  server.RaftServerConfigKeys (ConfUtils.java:logFallback(53)) - raft.server.rpc.first-election.timeout.max = 5200ms (fallback to raft.server.rpc.timeout.max)
2023-09-07 20:29:29,316 [PipelineCommandHandlerThread-0] INFO  ratis.XceiverServerRatis (XceiverServerRatis.java:addGroup(804)) - Created group PipelineID=808d1a94-13a3-43c1-b3f2-9a97e42b1e36
2023-09-07 20:29:29,335 [grpc-default-executor-0] INFO  server.RaftServer (RaftServerProxy.java:addNew(98)) - 2f0e8030-05aa-4e91-b2c6-437482cdb37f: addNew group-9A97E42B1E36:[e6d6ce9d-4fd0-4987-92e7-1065424d9f29|rpc:10.1.0.11:15085|admin:10.1.0.11:15084|client:10.1.0.11:15083|dataStream:10.1.0.11:15086|priority:0|startupRole:FOLLOWER, 8788027e-81d1-4d47-afe3-241385989a54|rpc:10.1.0.11:15067|admin:10.1.0.11:15066|client:10.1.0.11:15065|dataStream:10.1.0.11:15068|priority:0|startupRole:FOLLOWER, 2f0e8030-05aa-4e91-b2c6-437482cdb37f|rpc:10.1.0.11:15076|admin:10.1.0.11:15075|client:10.1.0.11:15074|dataStream:10.1.0.11:15077|priority:1|startupRole:FOLLOWER] returns group-9A97E42B1E36:java.util.concurrent.CompletableFuture@2dafacb2[Not completed]
2023-09-07 20:29:29,338 [2f0e8030-05aa-4e91-b2c6-437482cdb37f-groupManagement] INFO  server.RaftServer$Division (RaftServerImpl.java:<init>(198)) - 2f0e8030-05aa-4e91-b2c6-437482cdb37f: new RaftServerImpl for group-9A97E42B1E36:[e6d6ce9d-4fd0-4987-92e7-1065424d9f29|rpc:10.1.0.11:15085|admin:10.1.0.11:15084|client:10.1.0.11:15083|dataStream:10.1.0.11:15086|priority:0|startupRole:FOLLOWER, 8788027e-81d1-4d47-afe3-241385989a54|rpc:10.1.0.11:15067|admin:10.1.0.11:15066|client:10.1.0.11:15065|dataStream:10.1.0.11:15068|priority:0|startupRole:FOLLOWER, 2f0e8030-05aa-4e91-b2c6-437482cdb37f|rpc:10.1.0.11:15076|admin:10.1.0.11:15075|client:10.1.0.11:15074|dataStream:10.1.0.11:15077|priority:1|startupRole:FOLLOWER] with ContainerStateMachine:uninitialized
2023-09-07 20:29:29,342 [2f0e8030-05aa-4e91-b2c6-437482cdb37f-groupManagement] INFO  server.RaftServerConfigKeys (ConfUtils.java:logGet(46)) - raft.server.rpc.timeout.min = 5s (custom)
2023-09-07 20:29:29,342 [2f0e8030-05aa-4e91-b2c6-437482cdb37f-groupManagement] INFO  server.RaftServerConfigKeys (ConfUtils.java:logGet(46)) - raft.server.rpc.timeout.max = 5200ms (custom)
2023-09-07 20:29:29,342 [2f0e8030-05aa-4e91-b2c6-437482cdb37f-groupManagement] INFO  server.RaftServerConfigKeys (ConfUtils.java:logGet(46)) - raft.server.rpc.sleep.time = 25ms (default)
2023-09-07 20:29:29,342 [2f0e8030-05aa-4e91-b2c6-437482cdb37f-groupManagement] INFO  server.RaftServerConfigKeys (ConfUtils.java:logGet(46)) - raft.server.rpc.slowness.timeout = 300s (custom)
2023-09-07 20:29:29,343 [2f0e8030-05aa-4e91-b2c6-437482cdb37f-groupManagement] INFO  server.RaftServerConfigKeys (ConfUtils.java:logGet(46)) - raft.server.leaderelection.leader.step-down.wait-time = 10s (default)
2023-09-07 20:29:29,343 [2f0e8030-05aa-4e91-b2c6-437482cdb37f-groupManagement] INFO  server.RaftServerConfigKeys (ConfUtils.java:logGet(46)) - raft.server.sleep.deviation.threshold = 300ms (default)
2023-09-07 20:29:29,343 [2f0e8030-05aa-4e91-b2c6-437482cdb37f-groupManagement] INFO  server.RaftServer$Division (ServerState.java:<init>(120)) - 2f0e8030-05aa-4e91-b2c6-437482cdb37f@group-9A97E42B1E36: ConfigurationManager, init=-1: peers:[e6d6ce9d-4fd0-4987-92e7-1065424d9f29|rpc:10.1.0.11:15085|admin:10.1.0.11:15084|client:10.1.0.11:15083|dataStream:10.1.0.11:15086|priority:0|startupRole:FOLLOWER, 8788027e-81d1-4d47-afe3-241385989a54|rpc:10.1.0.11:15067|admin:10.1.0.11:15066|client:10.1.0.11:15065|dataStream:10.1.0.11:15068|priority:0|startupRole:FOLLOWER, 2f0e8030-05aa-4e91-b2c6-437482cdb37f|rpc:10.1.0.11:15076|admin:10.1.0.11:15075|client:10.1.0.11:15074|dataStream:10.1.0.11:15077|priority:1|startupRole:FOLLOWER]|listeners:[], old=null, confs=<EMPTY_MAP>
2023-09-07 20:29:29,343 [2f0e8030-05aa-4e91-b2c6-437482cdb37f-groupManagement] INFO  server.RaftServerConfigKeys (ConfUtils.java:logGet(46)) - raft.server.storage.dir = [/home/runner/work/ozone/ozone/hadoop-ozone/integration-test/target/test-dir/MiniOzoneClusterImpl-6e39530a-abb5-4f3a-bb3c-e5f572b2b70f/datanode-1/data/ratis] (custom)
2023-09-07 20:29:29,344 [2f0e8030-05aa-4e91-b2c6-437482cdb37f-groupManagement] INFO  server.RaftServerConfigKeys (ConfUtils.java:logGet(46)) - raft.server.log.corruption.policy = EXCEPTION (default)
2023-09-07 20:29:29,344 [2f0e8030-05aa-4e91-b2c6-437482cdb37f-groupManagement] INFO  server.RaftServerConfigKeys (ConfUtils.java:logGet(46)) - raft.server.storage.free-space.min = 0MB (=0) (default)
2023-09-07 20:29:29,344 [2f0e8030-05aa-4e91-b2c6-437482cdb37f-groupManagement] INFO  server.RaftServerConfigKeys (ConfUtils.java:logGet(46)) - raft.server.notification.no-leader.timeout = 300s (custom)
2023-09-07 20:29:29,344 [2f0e8030-05aa-4e91-b2c6-437482cdb37f-groupManagement] INFO  server.RaftServerConfigKeys (ConfUtils.java:logGet(46)) - raft.server.read.timeout = 10s (default)
2023-09-07 20:29:29,344 [2f0e8030-05aa-4e91-b2c6-437482cdb37f-groupManagement] INFO  server.RaftServerConfigKeys (ConfUtils.java:logGet(46)) - raft.server.retrycache.expirytime = 600000ms (custom)
2023-09-07 20:29:29,344 [2f0e8030-05aa-4e91-b2c6-437482cdb37f-groupManagement] INFO  server.RaftServerConfigKeys (ConfUtils.java:logGet(46)) - raft.server.retrycache.statistics.expirytime = 100μs (default)
2023-09-07 20:29:29,344 [2f0e8030-05aa-4e91-b2c6-437482cdb37f-groupManagement] INFO  server.RaftServerConfigKeys (ConfUtils.java:logGet(46)) - raft.server.read.option = DEFAULT (default)
2023-09-07 20:29:29,347 [2f0e8030-05aa-4e91-b2c6-437482cdb37f-groupManagement] INFO  server.RaftServerConfigKeys (ConfUtils.java:logGet(46)) - raft.server.rpc.request.timeout = 60s (custom)
2023-09-07 20:29:29,347 [2f0e8030-05aa-4e91-b2c6-437482cdb37f-groupManagement] INFO  server.RaftServerConfigKeys (ConfUtils.java:logGet(46)) - raft.server.log.appender.install.snapshot.enabled = false (custom)
2023-09-07 20:29:29,347 [2f0e8030-05aa-4e91-b2c6-437482cdb37f-groupManagement] INFO  server.RaftServerConfigKeys (ConfUtils.java:logGet(46)) - raft.server.threadpool.server.cached = true (default)
2023-09-07 20:29:29,347 [2f0e8030-05aa-4e91-b2c6-437482cdb37f-groupManagement] INFO  server.RaftServerConfigKeys (ConfUtils.java:logGet(46)) - raft.server.threadpool.server.size = 0 (default)
2023-09-07 20:29:29,348 [2f0e8030-05aa-4e91-b2c6-437482cdb37f-groupManagement] INFO  server.RaftServerConfigKeys (ConfUtils.java:logGet(46)) - raft.server.threadpool.client.cached = true (default)
2023-09-07 20:29:29,348 [2f0e8030-05aa-4e91-b2c6-437482cdb37f-groupManagement] INFO  server.RaftServerConfigKeys (ConfUtils.java:logGet(46)) - raft.server.threadpool.client.size = 0 (default)
2023-09-07 20:29:29,348 [2f0e8030-05aa-4e91-b2c6-437482cdb37f-groupManagement] INFO  storage.RaftStorageDirectory (RaftStorageDirectoryImpl.java:analyzeStorage(137)) - The storage directory /home/runner/work/ozone/ozone/hadoop-ozone/integration-test/target/test-dir/MiniOzoneClusterImpl-6e39530a-abb5-4f3a-bb3c-e5f572b2b70f/datanode-1/data/ratis/808d1a94-13a3-43c1-b3f2-9a97e42b1e36 does not exist. Creating ...
2023-09-07 20:29:29,351 [2f0e8030-05aa-4e91-b2c6-437482cdb37f-groupManagement] INFO  storage.RaftStorageDirectory (RaftStorageDirectoryImpl.java:tryLock(231)) - Lock on /home/runner/work/ozone/ozone/hadoop-ozone/integration-test/target/test-dir/MiniOzoneClusterImpl-6e39530a-abb5-4f3a-bb3c-e5f572b2b70f/datanode-1/data/ratis/808d1a94-13a3-43c1-b3f2-9a97e42b1e36/in_use.lock acquired by nodename 7625@fv-az259-394
2023-09-07 20:29:29,354 [2f0e8030-05aa-4e91-b2c6-437482cdb37f-groupManagement] INFO  storage.RaftStorage (RaftStorageImpl.java:format(96)) - Storage directory /home/runner/work/ozone/ozone/hadoop-ozone/integration-test/target/test-dir/MiniOzoneClusterImpl-6e39530a-abb5-4f3a-bb3c-e5f572b2b70f/datanode-1/data/ratis/808d1a94-13a3-43c1-b3f2-9a97e42b1e36 has been successfully formatted.
2023-09-07 20:29:29,360 [2f0e8030-05aa-4e91-b2c6-437482cdb37f-groupManagement] INFO  ratis.ContainerStateMachine (ContainerStateMachine.java:loadSnapshot(262)) - group-9A97E42B1E36: The snapshot info is null. Setting the last applied indexto:(t:0, i:~)
2023-09-07 20:29:29,361 [2f0e8030-05aa-4e91-b2c6-437482cdb37f-groupManagement] INFO  server.RaftServerConfigKeys (ConfUtils.java:logGet(46)) - raft.server.log.use.memory = false (default)
2023-09-07 20:29:29,362 [2f0e8030-05aa-4e91-b2c6-437482cdb37f-groupManagement] INFO  server.RaftServerConfigKeys (ConfUtils.java:logGet(46)) - raft.server.log.purge.gap = 1000000 (custom)
2023-09-07 20:29:29,362 [2f0e8030-05aa-4e91-b2c6-437482cdb37f-groupManagement] INFO  server.RaftServerConfigKeys (ConfUtils.java:logGet(46)) - raft.server.log.appender.buffer.byte-limit = 33554432 (custom)
2023-09-07 20:29:29,362 [2f0e8030-05aa-4e91-b2c6-437482cdb37f-groupManagement] INFO  server.RaftServerConfigKeys (ConfUtils.java:logGet(46)) - raft.server.log.statemachine.data.read.timeout = 1000ms (default)
2023-09-07 20:29:29,362 [2f0e8030-05aa-4e91-b2c6-437482cdb37f-groupManagement] INFO  server.RaftServerConfigKeys (ConfUtils.java:logGet(46)) - raft.server.log.purge.preservation.log.num = 0 (default)
2023-09-07 20:29:29,362 [2f0e8030-05aa-4e91-b2c6-437482cdb37f-groupManagement] INFO  server.RaftServerConfigKeys (ConfUtils.java:logGet(46)) - raft.server.log.segment.size.max = 1048576 (custom)
2023-09-07 20:29:29,362 [2f0e8030-05aa-4e91-b2c6-437482cdb37f-groupManagement] INFO  server.RaftServerConfigKeys (ConfUtils.java:logGet(46)) - raft.server.log.segment.cache.num.max = 2 (custom)
2023-09-07 20:29:29,363 [2f0e8030-05aa-4e91-b2c6-437482cdb37f-groupManagement] INFO  server.RaftServerConfigKeys (ConfUtils.java:logGet(46)) - raft.server.log.segment.cache.size.max = 200MB (=209715200) (default)
2023-09-07 20:29:29,363 [2f0e8030-05aa-4e91-b2c6-437482cdb37f-groupManagement] INFO  server.RaftServerConfigKeys (ConfUtils.java:logGet(46)) - raft.server.log.appender.buffer.byte-limit = 33554432 (custom)
2023-09-07 20:29:29,363 [2f0e8030-05aa-4e91-b2c6-437482cdb37f-groupManagement] INFO  segmented.SegmentedRaftLogWorker (SegmentedRaftLogWorker.java:<init>(188)) - new 2f0e8030-05aa-4e91-b2c6-437482cdb37f@group-9A97E42B1E36-SegmentedRaftLogWorker for RaftStorageImpl:Storage Directory /home/runner/work/ozone/ozone/hadoop-ozone/integration-test/target/test-dir/MiniOzoneClusterImpl-6e39530a-abb5-4f3a-bb3c-e5f572b2b70f/datanode-1/data/ratis/808d1a94-13a3-43c1-b3f2-9a97e42b1e36
2023-09-07 20:29:29,363 [2f0e8030-05aa-4e91-b2c6-437482cdb37f-groupManagement] INFO  server.RaftServerConfigKeys (ConfUtils.java:logGet(46)) - raft.server.log.queue.byte-limit = 4294967296 (custom)
2023-09-07 20:29:29,363 [2f0e8030-05aa-4e91-b2c6-437482cdb37f-groupManagement] INFO  server.RaftServerConfigKeys (ConfUtils.java:logGet(46)) - raft.server.log.queue.element-limit = 1024 (custom)
2023-09-07 20:29:29,363 [2f0e8030-05aa-4e91-b2c6-437482cdb37f-groupManagement] INFO  server.RaftServerConfigKeys (ConfUtils.java:logGet(46)) - raft.server.log.segment.size.max = 1048576 (custom)
2023-09-07 20:29:29,363 [2f0e8030-05aa-4e91-b2c6-437482cdb37f-groupManagement] INFO  server.RaftServerConfigKeys (ConfUtils.java:logGet(46)) - raft.server.log.preallocated.size = 16384 (custom)
2023-09-07 20:29:29,363 [2f0e8030-05aa-4e91-b2c6-437482cdb37f-groupManagement] INFO  server.RaftServerConfigKeys (ConfUtils.java:logGet(46)) - raft.server.log.force.sync.num = 128 (default)
2023-09-07 20:29:29,363 [2f0e8030-05aa-4e91-b2c6-437482cdb37f-groupManagement] INFO  server.RaftServerConfigKeys (ConfUtils.java:logGet(46)) - raft.server.log.statemachine.data.sync = true (default)
2023-09-07 20:29:29,363 [2f0e8030-05aa-4e91-b2c6-437482cdb37f-groupManagement] INFO  server.RaftServerConfigKeys (ConfUtils.java:logGet(46)) - raft.server.log.statemachine.data.sync.timeout = 10s (default)
2023-09-07 20:29:29,363 [2f0e8030-05aa-4e91-b2c6-437482cdb37f-groupManagement] INFO  server.RaftServerConfigKeys (ConfUtils.java:logGet(46)) - raft.server.log.statemachine.data.sync.timeout.retry = -1 (default)
2023-09-07 20:29:29,365 [2f0e8030-05aa-4e91-b2c6-437482cdb37f-groupManagement] INFO  server.RaftServerConfigKeys (ConfUtils.java:logGet(46)) - raft.server.log.write.buffer.size = 1048576 (custom)
2023-09-07 20:29:29,366 [2f0e8030-05aa-4e91-b2c6-437482cdb37f-groupManagement] INFO  server.RaftServerConfigKeys (ConfUtils.java:logGet(46)) - raft.server.log.appender.buffer.byte-limit = 33554432 (custom)
2023-09-07 20:29:29,372 [2f0e8030-05aa-4e91-b2c6-437482cdb37f-groupManagement] INFO  server.RaftServerConfigKeys (ConfUtils.java:logGet(46)) - raft.server.log.unsafe-flush.enabled = false (default)
2023-09-07 20:29:29,373 [2f0e8030-05aa-4e91-b2c6-437482cdb37f-groupManagement] INFO  server.RaftServerConfigKeys (ConfUtils.java:logGet(46)) - raft.server.log.async-flush.enabled = false (default)
2023-09-07 20:29:29,373 [2f0e8030-05aa-4e91-b2c6-437482cdb37f-groupManagement] INFO  server.RaftServerConfigKeys (ConfUtils.java:logGet(46)) - raft.server.log.statemachine.data.caching.enabled = true (custom)
2023-09-07 20:29:29,373 [2f0e8030-05aa-4e91-b2c6-437482cdb37f-groupManagement] INFO  segmented.SegmentedRaftLogWorker (SegmentedRaftLogWorker.java:lambda$new$0(135)) - 2f0e8030-05aa-4e91-b2c6-437482cdb37f@group-9A97E42B1E36-SegmentedRaftLogWorker: flushIndex: setUnconditionally 0 -> -1
2023-09-07 20:29:29,373 [2f0e8030-05aa-4e91-b2c6-437482cdb37f-groupManagement] INFO  segmented.SegmentedRaftLogWorker (SegmentedRaftLogWorker.java:lambda$new$0(135)) - 2f0e8030-05aa-4e91-b2c6-437482cdb37f@group-9A97E42B1E36-SegmentedRaftLogWorker: safeCacheEvictIndex: setUnconditionally 0 -> -1
2023-09-07 20:29:29,374 [2f0e8030-05aa-4e91-b2c6-437482cdb37f-groupManagement] INFO  server.RaftServer$Division (RaftServerImpl.java:start(342)) - 2f0e8030-05aa-4e91-b2c6-437482cdb37f@group-9A97E42B1E36: start as a follower, conf=-1: peers:[e6d6ce9d-4fd0-4987-92e7-1065424d9f29|rpc:10.1.0.11:15085|admin:10.1.0.11:15084|client:10.1.0.11:15083|dataStream:10.1.0.11:15086|priority:0|startupRole:FOLLOWER, 8788027e-81d1-4d47-afe3-241385989a54|rpc:10.1.0.11:15067|admin:10.1.0.11:15066|client:10.1.0.11:15065|dataStream:10.1.0.11:15068|priority:0|startupRole:FOLLOWER, 2f0e8030-05aa-4e91-b2c6-437482cdb37f|rpc:10.1.0.11:15076|admin:10.1.0.11:15075|client:10.1.0.11:15074|dataStream:10.1.0.11:15077|priority:1|startupRole:FOLLOWER]|listeners:[], old=null
2023-09-07 20:29:29,374 [2f0e8030-05aa-4e91-b2c6-437482cdb37f-groupManagement] INFO  server.RaftServer$Division (RaftServerImpl.java:setRole(329)) - 2f0e8030-05aa-4e91-b2c6-437482cdb37f@group-9A97E42B1E36: changes role from      null to FOLLOWER at term 0 for startAsFollower
2023-09-07 20:29:29,374 [2f0e8030-05aa-4e91-b2c6-437482cdb37f-groupManagement] INFO  impl.RoleInfo (RoleInfo.java:updateAndGet(139)) - 2f0e8030-05aa-4e91-b2c6-437482cdb37f: start 2f0e8030-05aa-4e91-b2c6-437482cdb37f@group-9A97E42B1E36-FollowerState
2023-09-07 20:29:29,374 [2f0e8030-05aa-4e91-b2c6-437482cdb37f-groupManagement] INFO  util.JmxRegister (JmxRegister.java:tryRegister(44)) - Successfully registered JMX Bean with object name Ratis:service=RaftServer,group=group-9A97E42B1E36,id=2f0e8030-05aa-4e91-b2c6-437482cdb37f
2023-09-07 20:29:29,374 [2f0e8030-05aa-4e91-b2c6-437482cdb37f-groupManagement] INFO  server.RaftServerConfigKeys (ConfUtils.java:logGet(46)) - raft.server.snapshot.auto.trigger.enabled = true (custom)
2023-09-07 20:29:29,374 [2f0e8030-05aa-4e91-b2c6-437482cdb37f-groupManagement] INFO  server.RaftServerConfigKeys (ConfUtils.java:logGet(46)) - raft.server.snapshot.auto.trigger.threshold = 10000 (custom)
2023-09-07 20:29:29,375 [2f0e8030-05aa-4e91-b2c6-437482cdb37f-groupManagement] INFO  server.RaftServerConfigKeys (ConfUtils.java:logGet(46)) - raft.server.snapshot.retention.file.num = 5 (custom)
2023-09-07 20:29:29,375 [2f0e8030-05aa-4e91-b2c6-437482cdb37f-groupManagement] INFO  server.RaftServerConfigKeys (ConfUtils.java:logGet(46)) - raft.server.log.purge.upto.snapshot.index = false (default)
2023-09-07 20:29:29,375 [2f0e8030-05aa-4e91-b2c6-437482cdb37f@group-9A97E42B1E36-FollowerState] INFO  server.RaftServerConfigKeys (ConfUtils.java:logFallback(53)) - raft.server.rpc.first-election.timeout.min = 5s (fallback to raft.server.rpc.timeout.min)
2023-09-07 20:29:29,375 [2f0e8030-05aa-4e91-b2c6-437482cdb37f@group-9A97E42B1E36-FollowerState] INFO  server.RaftServerConfigKeys (ConfUtils.java:logFallback(53)) - raft.server.rpc.first-election.timeout.max = 5200ms (fallback to raft.server.rpc.timeout.max)
2023-09-07 20:29:29,409 [grpc-default-executor-0] INFO  server.RaftServer (RaftServerProxy.java:addNew(98)) - e6d6ce9d-4fd0-4987-92e7-1065424d9f29: addNew group-9A97E42B1E36:[e6d6ce9d-4fd0-4987-92e7-1065424d9f29|rpc:10.1.0.11:15085|admin:10.1.0.11:15084|client:10.1.0.11:15083|dataStream:10.1.0.11:15086|priority:0|startupRole:FOLLOWER, 8788027e-81d1-4d47-afe3-241385989a54|rpc:10.1.0.11:15067|admin:10.1.0.11:15066|client:10.1.0.11:15065|dataStream:10.1.0.11:15068|priority:0|startupRole:FOLLOWER, 2f0e8030-05aa-4e91-b2c6-437482cdb37f|rpc:10.1.0.11:15076|admin:10.1.0.11:15075|client:10.1.0.11:15074|dataStream:10.1.0.11:15077|priority:1|startupRole:FOLLOWER] returns group-9A97E42B1E36:java.util.concurrent.CompletableFuture@50759[Not completed]
2023-09-07 20:29:29,414 [e6d6ce9d-4fd0-4987-92e7-1065424d9f29-groupManagement] INFO  server.RaftServer$Division (RaftServerImpl.java:<init>(198)) - e6d6ce9d-4fd0-4987-92e7-1065424d9f29: new RaftServerImpl for group-9A97E42B1E36:[e6d6ce9d-4fd0-4987-92e7-1065424d9f29|rpc:10.1.0.11:15085|admin:10.1.0.11:15084|client:10.1.0.11:15083|dataStream:10.1.0.11:15086|priority:0|startupRole:FOLLOWER, 8788027e-81d1-4d47-afe3-241385989a54|rpc:10.1.0.11:15067|admin:10.1.0.11:15066|client:10.1.0.11:15065|dataStream:10.1.0.11:15068|priority:0|startupRole:FOLLOWER, 2f0e8030-05aa-4e91-b2c6-437482cdb37f|rpc:10.1.0.11:15076|admin:10.1.0.11:15075|client:10.1.0.11:15074|dataStream:10.1.0.11:15077|priority:1|startupRole:FOLLOWER] with ContainerStateMachine:uninitialized
2023-09-07 20:29:29,414 [e6d6ce9d-4fd0-4987-92e7-1065424d9f29-groupManagement] INFO  server.RaftServerConfigKeys (ConfUtils.java:logGet(46)) - raft.server.rpc.timeout.min = 5s (custom)
2023-09-07 20:29:29,415 [e6d6ce9d-4fd0-4987-92e7-1065424d9f29-groupManagement] INFO  server.RaftServerConfigKeys (ConfUtils.java:logGet(46)) - raft.server.rpc.timeout.max = 5200ms (custom)
2023-09-07 20:29:29,415 [e6d6ce9d-4fd0-4987-92e7-1065424d9f29-groupManagement] INFO  server.RaftServerConfigKeys (ConfUtils.java:logGet(46)) - raft.server.rpc.sleep.time = 25ms (default)
2023-09-07 20:29:29,415 [e6d6ce9d-4fd0-4987-92e7-1065424d9f29-groupManagement] INFO  server.RaftServerConfigKeys (ConfUtils.java:logGet(46)) - raft.server.rpc.slowness.timeout = 300s (custom)
2023-09-07 20:29:29,415 [e6d6ce9d-4fd0-4987-92e7-1065424d9f29-groupManagement] INFO  server.RaftServerConfigKeys (ConfUtils.java:logGet(46)) - raft.server.leaderelection.leader.step-down.wait-time = 10s (default)
2023-09-07 20:29:29,415 [e6d6ce9d-4fd0-4987-92e7-1065424d9f29-groupManagement] INFO  server.RaftServerConfigKeys (ConfUtils.java:logGet(46)) - raft.server.sleep.deviation.threshold = 300ms (default)
2023-09-07 20:29:29,415 [e6d6ce9d-4fd0-4987-92e7-1065424d9f29-groupManagement] INFO  server.RaftServer$Division (ServerState.java:<init>(120)) - e6d6ce9d-4fd0-4987-92e7-1065424d9f29@group-9A97E42B1E36: ConfigurationManager, init=-1: peers:[e6d6ce9d-4fd0-4987-92e7-1065424d9f29|rpc:10.1.0.11:15085|admin:10.1.0.11:15084|client:10.1.0.11:15083|dataStream:10.1.0.11:15086|priority:0|startupRole:FOLLOWER, 8788027e-81d1-4d47-afe3-241385989a54|rpc:10.1.0.11:15067|admin:10.1.0.11:15066|client:10.1.0.11:15065|dataStream:10.1.0.11:15068|priority:0|startupRole:FOLLOWER, 2f0e8030-05aa-4e91-b2c6-437482cdb37f|rpc:10.1.0.11:15076|admin:10.1.0.11:15075|client:10.1.0.11:15074|dataStream:10.1.0.11:15077|priority:1|startupRole:FOLLOWER]|listeners:[], old=null, confs=<EMPTY_MAP>
2023-09-07 20:29:29,416 [e6d6ce9d-4fd0-4987-92e7-1065424d9f29-groupManagement] INFO  server.RaftServerConfigKeys (ConfUtils.java:logGet(46)) - raft.server.storage.dir = [/home/runner/work/ozone/ozone/hadoop-ozone/integration-test/target/test-dir/MiniOzoneClusterImpl-6e39530a-abb5-4f3a-bb3c-e5f572b2b70f/datanode-2/data/ratis] (custom)
2023-09-07 20:29:29,416 [e6d6ce9d-4fd0-4987-92e7-1065424d9f29-groupManagement] INFO  server.RaftServerConfigKeys (ConfUtils.java:logGet(46)) - raft.server.log.corruption.policy = EXCEPTION (default)
2023-09-07 20:29:29,416 [e6d6ce9d-4fd0-4987-92e7-1065424d9f29-groupManagement] INFO  server.RaftServerConfigKeys (ConfUtils.java:logGet(46)) - raft.server.storage.free-space.min = 0MB (=0) (default)
2023-09-07 20:29:29,418 [e6d6ce9d-4fd0-4987-92e7-1065424d9f29-groupManagement] INFO  server.RaftServerConfigKeys (ConfUtils.java:logGet(46)) - raft.server.notification.no-leader.timeout = 300s (custom)
2023-09-07 20:29:29,418 [e6d6ce9d-4fd0-4987-92e7-1065424d9f29-groupManagement] INFO  server.RaftServerConfigKeys (ConfUtils.java:logGet(46)) - raft.server.read.timeout = 10s (default)
2023-09-07 20:29:29,418 [e6d6ce9d-4fd0-4987-92e7-1065424d9f29-groupManagement] INFO  server.RaftServerConfigKeys (ConfUtils.java:logGet(46)) - raft.server.retrycache.expirytime = 600000ms (custom)
2023-09-07 20:29:29,418 [e6d6ce9d-4fd0-4987-92e7-1065424d9f29-groupManagement] INFO  server.RaftServerConfigKeys (ConfUtils.java:logGet(46)) - raft.server.retrycache.statistics.expirytime = 100μs (default)
2023-09-07 20:29:29,418 [e6d6ce9d-4fd0-4987-92e7-1065424d9f29-groupManagement] INFO  server.RaftServerConfigKeys (ConfUtils.java:logGet(46)) - raft.server.read.option = DEFAULT (default)
2023-09-07 20:29:29,420 [e6d6ce9d-4fd0-4987-92e7-1065424d9f29-groupManagement] INFO  server.RaftServerConfigKeys (ConfUtils.java:logGet(46)) - raft.server.rpc.request.timeout = 60s (custom)
2023-09-07 20:29:29,420 [e6d6ce9d-4fd0-4987-92e7-1065424d9f29-groupManagement] INFO  server.RaftServerConfigKeys (ConfUtils.java:logGet(46)) - raft.server.log.appender.install.snapshot.enabled = false (custom)
2023-09-07 20:29:29,422 [e6d6ce9d-4fd0-4987-92e7-1065424d9f29-groupManagement] INFO  server.RaftServerConfigKeys (ConfUtils.java:logGet(46)) - raft.server.threadpool.server.cached = true (default)
2023-09-07 20:29:29,422 [e6d6ce9d-4fd0-4987-92e7-1065424d9f29-groupManagement] INFO  server.RaftServerConfigKeys (ConfUtils.java:logGet(46)) - raft.server.threadpool.server.size = 0 (default)
2023-09-07 20:29:29,422 [e6d6ce9d-4fd0-4987-92e7-1065424d9f29-groupManagement] INFO  server.RaftServerConfigKeys (ConfUtils.java:logGet(46)) - raft.server.threadpool.client.cached = true (default)
2023-09-07 20:29:29,422 [e6d6ce9d-4fd0-4987-92e7-1065424d9f29-groupManagement] INFO  server.RaftServerConfigKeys (ConfUtils.java:logGet(46)) - raft.server.threadpool.client.size = 0 (default)
2023-09-07 20:29:29,422 [e6d6ce9d-4fd0-4987-92e7-1065424d9f29-groupManagement] INFO  storage.RaftStorageDirectory (RaftStorageDirectoryImpl.java:analyzeStorage(137)) - The storage directory /home/runner/work/ozone/ozone/hadoop-ozone/integration-test/target/test-dir/MiniOzoneClusterImpl-6e39530a-abb5-4f3a-bb3c-e5f572b2b70f/datanode-2/data/ratis/808d1a94-13a3-43c1-b3f2-9a97e42b1e36 does not exist. Creating ...
2023-09-07 20:29:29,425 [e6d6ce9d-4fd0-4987-92e7-1065424d9f29-groupManagement] INFO  storage.RaftStorageDirectory (RaftStorageDirectoryImpl.java:tryLock(231)) - Lock on /home/runner/work/ozone/ozone/hadoop-ozone/integration-test/target/test-dir/MiniOzoneClusterImpl-6e39530a-abb5-4f3a-bb3c-e5f572b2b70f/datanode-2/data/ratis/808d1a94-13a3-43c1-b3f2-9a97e42b1e36/in_use.lock acquired by nodename 7625@fv-az259-394
2023-09-07 20:29:29,429 [e6d6ce9d-4fd0-4987-92e7-1065424d9f29-groupManagement] INFO  storage.RaftStorage (RaftStorageImpl.java:format(96)) - Storage directory /home/runner/work/ozone/ozone/hadoop-ozone/integration-test/target/test-dir/MiniOzoneClusterImpl-6e39530a-abb5-4f3a-bb3c-e5f572b2b70f/datanode-2/data/ratis/808d1a94-13a3-43c1-b3f2-9a97e42b1e36 has been successfully formatted.
2023-09-07 20:29:29,431 [e6d6ce9d-4fd0-4987-92e7-1065424d9f29-groupManagement] INFO  ratis.ContainerStateMachine (ContainerStateMachine.java:loadSnapshot(262)) - group-9A97E42B1E36: The snapshot info is null. Setting the last applied indexto:(t:0, i:~)
2023-09-07 20:29:29,431 [e6d6ce9d-4fd0-4987-92e7-1065424d9f29-groupManagement] INFO  server.RaftServerConfigKeys (ConfUtils.java:logGet(46)) - raft.server.log.use.memory = false (default)
2023-09-07 20:29:29,431 [e6d6ce9d-4fd0-4987-92e7-1065424d9f29-groupManagement] INFO  server.RaftServerConfigKeys (ConfUtils.java:logGet(46)) - raft.server.log.purge.gap = 1000000 (custom)
2023-09-07 20:29:29,431 [e6d6ce9d-4fd0-4987-92e7-1065424d9f29-groupManagement] INFO  server.RaftServerConfigKeys (ConfUtils.java:logGet(46)) - raft.server.log.appender.buffer.byte-limit = 33554432 (custom)
2023-09-07 20:29:29,431 [e6d6ce9d-4fd0-4987-92e7-1065424d9f29-groupManagement] INFO  server.RaftServerConfigKeys (ConfUtils.java:logGet(46)) - raft.server.log.statemachine.data.read.timeout = 1000ms (default)
2023-09-07 20:29:29,431 [e6d6ce9d-4fd0-4987-92e7-1065424d9f29-groupManagement] INFO  server.RaftServerConfigKeys (ConfUtils.java:logGet(46)) - raft.server.log.purge.preservation.log.num = 0 (default)
2023-09-07 20:29:29,432 [e6d6ce9d-4fd0-4987-92e7-1065424d9f29-groupManagement] INFO  server.RaftServerConfigKeys (ConfUtils.java:logGet(46)) - raft.server.log.segment.size.max = 1048576 (custom)
2023-09-07 20:29:29,432 [e6d6ce9d-4fd0-4987-92e7-1065424d9f29-groupManagement] INFO  server.RaftServerConfigKeys (ConfUtils.java:logGet(46)) - raft.server.log.segment.cache.num.max = 2 (custom)
2023-09-07 20:29:29,432 [e6d6ce9d-4fd0-4987-92e7-1065424d9f29-groupManagement] INFO  server.RaftServerConfigKeys (ConfUtils.java:logGet(46)) - raft.server.log.segment.cache.size.max = 200MB (=209715200) (default)
2023-09-07 20:29:29,432 [e6d6ce9d-4fd0-4987-92e7-1065424d9f29-groupManagement] INFO  server.RaftServerConfigKeys (ConfUtils.java:logGet(46)) - raft.server.log.appender.buffer.byte-limit = 33554432 (custom)
2023-09-07 20:29:29,432 [e6d6ce9d-4fd0-4987-92e7-1065424d9f29-groupManagement] INFO  segmented.SegmentedRaftLogWorker (SegmentedRaftLogWorker.java:<init>(188)) - new e6d6ce9d-4fd0-4987-92e7-1065424d9f29@group-9A97E42B1E36-SegmentedRaftLogWorker for RaftStorageImpl:Storage Directory /home/runner/work/ozone/ozone/hadoop-ozone/integration-test/target/test-dir/MiniOzoneClusterImpl-6e39530a-abb5-4f3a-bb3c-e5f572b2b70f/datanode-2/data/ratis/808d1a94-13a3-43c1-b3f2-9a97e42b1e36
2023-09-07 20:29:29,432 [e6d6ce9d-4fd0-4987-92e7-1065424d9f29-groupManagement] INFO  server.RaftServerConfigKeys (ConfUtils.java:logGet(46)) - raft.server.log.queue.byte-limit = 4294967296 (custom)
2023-09-07 20:29:29,432 [e6d6ce9d-4fd0-4987-92e7-1065424d9f29-groupManagement] INFO  server.RaftServerConfigKeys (ConfUtils.java:logGet(46)) - raft.server.log.queue.element-limit = 1024 (custom)
2023-09-07 20:29:29,432 [e6d6ce9d-4fd0-4987-92e7-1065424d9f29-groupManagement] INFO  server.RaftServerConfigKeys (ConfUtils.java:logGet(46)) - raft.server.log.segment.size.max = 1048576 (custom)
2023-09-07 20:29:29,432 [e6d6ce9d-4fd0-4987-92e7-1065424d9f29-groupManagement] INFO  server.RaftServerConfigKeys (ConfUtils.java:logGet(46)) - raft.server.log.preallocated.size = 16384 (custom)
2023-09-07 20:29:29,433 [e6d6ce9d-4fd0-4987-92e7-1065424d9f29-groupManagement] INFO  server.RaftServerConfigKeys (ConfUtils.java:logGet(46)) - raft.server.log.force.sync.num = 128 (default)
2023-09-07 20:29:29,433 [e6d6ce9d-4fd0-4987-92e7-1065424d9f29-groupManagement] INFO  server.RaftServerConfigKeys (ConfUtils.java:logGet(46)) - raft.server.log.statemachine.data.sync = true (default)
2023-09-07 20:29:29,433 [e6d6ce9d-4fd0-4987-92e7-1065424d9f29-groupManagement] INFO  server.RaftServerConfigKeys (ConfUtils.java:logGet(46)) - raft.server.log.statemachine.data.sync.timeout = 10s (default)
2023-09-07 20:29:29,433 [e6d6ce9d-4fd0-4987-92e7-1065424d9f29-groupManagement] INFO  server.RaftServerConfigKeys (ConfUtils.java:logGet(46)) - raft.server.log.statemachine.data.sync.timeout.retry = -1 (default)
2023-09-07 20:29:29,435 [e6d6ce9d-4fd0-4987-92e7-1065424d9f29-groupManagement] INFO  server.RaftServerConfigKeys (ConfUtils.java:logGet(46)) - raft.server.log.write.buffer.size = 1048576 (custom)
2023-09-07 20:29:29,436 [e6d6ce9d-4fd0-4987-92e7-1065424d9f29-groupManagement] INFO  server.RaftServerConfigKeys (ConfUtils.java:logGet(46)) - raft.server.log.appender.buffer.byte-limit = 33554432 (custom)
2023-09-07 20:29:29,443 [e6d6ce9d-4fd0-4987-92e7-1065424d9f29-groupManagement] INFO  server.RaftServerConfigKeys (ConfUtils.java:logGet(46)) - raft.server.log.unsafe-flush.enabled = false (default)
2023-09-07 20:29:29,444 [e6d6ce9d-4fd0-4987-92e7-1065424d9f29-groupManagement] INFO  server.RaftServerConfigKeys (ConfUtils.java:logGet(46)) - raft.server.log.async-flush.enabled = false (default)
2023-09-07 20:29:29,444 [e6d6ce9d-4fd0-4987-92e7-1065424d9f29-groupManagement] INFO  server.RaftServerConfigKeys (ConfUtils.java:logGet(46)) - raft.server.log.statemachine.data.caching.enabled = true (custom)
2023-09-07 20:29:29,444 [e6d6ce9d-4fd0-4987-92e7-1065424d9f29-groupManagement] INFO  segmented.SegmentedRaftLogWorker (SegmentedRaftLogWorker.java:lambda$new$0(135)) - e6d6ce9d-4fd0-4987-92e7-1065424d9f29@group-9A97E42B1E36-SegmentedRaftLogWorker: flushIndex: setUnconditionally 0 -> -1
2023-09-07 20:29:29,444 [e6d6ce9d-4fd0-4987-92e7-1065424d9f29-groupManagement] INFO  segmented.SegmentedRaftLogWorker (SegmentedRaftLogWorker.java:lambda$new$0(135)) - e6d6ce9d-4fd0-4987-92e7-1065424d9f29@group-9A97E42B1E36-SegmentedRaftLogWorker: safeCacheEvictIndex: setUnconditionally 0 -> -1
2023-09-07 20:29:29,444 [e6d6ce9d-4fd0-4987-92e7-1065424d9f29-groupManagement] INFO  server.RaftServer$Division (RaftServerImpl.java:start(342)) - e6d6ce9d-4fd0-4987-92e7-1065424d9f29@group-9A97E42B1E36: start as a follower, conf=-1: peers:[e6d6ce9d-4fd0-4987-92e7-1065424d9f29|rpc:10.1.0.11:15085|admin:10.1.0.11:15084|client:10.1.0.11:15083|dataStream:10.1.0.11:15086|priority:0|startupRole:FOLLOWER, 8788027e-81d1-4d47-afe3-241385989a54|rpc:10.1.0.11:15067|admin:10.1.0.11:15066|client:10.1.0.11:15065|dataStream:10.1.0.11:15068|priority:0|startupRole:FOLLOWER, 2f0e8030-05aa-4e91-b2c6-437482cdb37f|rpc:10.1.0.11:15076|admin:10.1.0.11:15075|client:10.1.0.11:15074|dataStream:10.1.0.11:15077|priority:1|startupRole:FOLLOWER]|listeners:[], old=null
2023-09-07 20:29:29,445 [e6d6ce9d-4fd0-4987-92e7-1065424d9f29-groupManagement] INFO  server.RaftServer$Division (RaftServerImpl.java:setRole(329)) - e6d6ce9d-4fd0-4987-92e7-1065424d9f29@group-9A97E42B1E36: changes role from      null to FOLLOWER at term 0 for startAsFollower
2023-09-07 20:29:29,445 [e6d6ce9d-4fd0-4987-92e7-1065424d9f29-groupManagement] INFO  impl.RoleInfo (RoleInfo.java:updateAndGet(139)) - e6d6ce9d-4fd0-4987-92e7-1065424d9f29: start e6d6ce9d-4fd0-4987-92e7-1065424d9f29@group-9A97E42B1E36-FollowerState
2023-09-07 20:29:29,445 [e6d6ce9d-4fd0-4987-92e7-1065424d9f29-groupManagement] INFO  util.JmxRegister (JmxRegister.java:tryRegister(44)) - Successfully registered JMX Bean with object name Ratis:service=RaftServer,group=group-9A97E42B1E36,id=e6d6ce9d-4fd0-4987-92e7-1065424d9f29
2023-09-07 20:29:29,445 [e6d6ce9d-4fd0-4987-92e7-1065424d9f29-groupManagement] INFO  server.RaftServerConfigKeys (ConfUtils.java:logGet(46)) - raft.server.snapshot.auto.trigger.enabled = true (custom)
2023-09-07 20:29:29,445 [e6d6ce9d-4fd0-4987-92e7-1065424d9f29-groupManagement] INFO  server.RaftServerConfigKeys (ConfUtils.java:logGet(46)) - raft.server.snapshot.auto.trigger.threshold = 10000 (custom)
2023-09-07 20:29:29,446 [e6d6ce9d-4fd0-4987-92e7-1065424d9f29-groupManagement] INFO  server.RaftServerConfigKeys (ConfUtils.java:logGet(46)) - raft.server.snapshot.retention.file.num = 5 (custom)
2023-09-07 20:29:29,446 [e6d6ce9d-4fd0-4987-92e7-1065424d9f29-groupManagement] INFO  server.RaftServerConfigKeys (ConfUtils.java:logGet(46)) - raft.server.log.purge.upto.snapshot.index = false (default)
2023-09-07 20:29:29,446 [e6d6ce9d-4fd0-4987-92e7-1065424d9f29@group-9A97E42B1E36-FollowerState] INFO  server.RaftServerConfigKeys (ConfUtils.java:logFallback(53)) - raft.server.rpc.first-election.timeout.min = 5s (fallback to raft.server.rpc.timeout.min)
2023-09-07 20:29:29,446 [e6d6ce9d-4fd0-4987-92e7-1065424d9f29@group-9A97E42B1E36-FollowerState] INFO  server.RaftServerConfigKeys (ConfUtils.java:logFallback(53)) - raft.server.rpc.first-election.timeout.max = 5200ms (fallback to raft.server.rpc.timeout.max)
2023-09-07 20:29:29,459 [PipelineCommandHandlerThread-0] INFO  commandhandler.CreatePipelineCommandHandler (CreatePipelineCommandHandler.java:lambda$handle$2(124)) - Created Pipeline RATIS THREE PipelineID=808d1a94-13a3-43c1-b3f2-9a97e42b1e36.
2023-09-07 20:29:29,460 [PipelineCommandHandlerThread-0] INFO  server.RaftServer (RaftServerProxy.java:addNew(98)) - 8788027e-81d1-4d47-afe3-241385989a54: addNew group-546FBC4FBB55:[8788027e-81d1-4d47-afe3-241385989a54|rpc:10.1.0.11:15067|admin:10.1.0.11:15066|client:10.1.0.11:15065|dataStream:10.1.0.11:15068|priority:0|startupRole:FOLLOWER, e6d6ce9d-4fd0-4987-92e7-1065424d9f29|rpc:10.1.0.11:15085|admin:10.1.0.11:15084|client:10.1.0.11:15083|dataStream:10.1.0.11:15086|priority:1|startupRole:FOLLOWER, 2f0e8030-05aa-4e91-b2c6-437482cdb37f|rpc:10.1.0.11:15076|admin:10.1.0.11:15075|client:10.1.0.11:15074|dataStream:10.1.0.11:15077|priority:0|startupRole:FOLLOWER] returns group-546FBC4FBB55:java.util.concurrent.CompletableFuture@7f73458b[Not completed]
2023-09-07 20:29:29,461 [8788027e-81d1-4d47-afe3-241385989a54-groupManagement] INFO  server.RaftServer$Division (RaftServerImpl.java:<init>(198)) - 8788027e-81d1-4d47-afe3-241385989a54: new RaftServerImpl for group-546FBC4FBB55:[8788027e-81d1-4d47-afe3-241385989a54|rpc:10.1.0.11:15067|admin:10.1.0.11:15066|client:10.1.0.11:15065|dataStream:10.1.0.11:15068|priority:0|startupRole:FOLLOWER, e6d6ce9d-4fd0-4987-92e7-1065424d9f29|rpc:10.1.0.11:15085|admin:10.1.0.11:15084|client:10.1.0.11:15083|dataStream:10.1.0.11:15086|priority:1|startupRole:FOLLOWER, 2f0e8030-05aa-4e91-b2c6-437482cdb37f|rpc:10.1.0.11:15076|admin:10.1.0.11:15075|client:10.1.0.11:15074|dataStream:10.1.0.11:15077|priority:0|startupRole:FOLLOWER] with ContainerStateMachine:uninitialized
2023-09-07 20:29:29,461 [8788027e-81d1-4d47-afe3-241385989a54-groupManagement] INFO  server.RaftServerConfigKeys (ConfUtils.java:logGet(46)) - raft.server.rpc.timeout.min = 5s (custom)
2023-09-07 20:29:29,461 [8788027e-81d1-4d47-afe3-241385989a54-groupManagement] INFO  server.RaftServerConfigKeys (ConfUtils.java:logGet(46)) - raft.server.rpc.timeout.max = 5200ms (custom)
2023-09-07 20:29:29,461 [8788027e-81d1-4d47-afe3-241385989a54-groupManagement] INFO  server.RaftServerConfigKeys (ConfUtils.java:logGet(46)) - raft.server.rpc.sleep.time = 25ms (default)
2023-09-07 20:29:29,461 [8788027e-81d1-4d47-afe3-241385989a54-groupManagement] INFO  server.RaftServerConfigKeys (ConfUtils.java:logGet(46)) - raft.server.rpc.slowness.timeout = 300s (custom)
2023-09-07 20:29:29,461 [8788027e-81d1-4d47-afe3-241385989a54-groupManagement] INFO  server.RaftServerConfigKeys (ConfUtils.java:logGet(46)) - raft.server.leaderelection.leader.step-down.wait-time = 10s (default)
2023-09-07 20:29:29,461 [8788027e-81d1-4d47-afe3-241385989a54-groupManagement] INFO  server.RaftServerConfigKeys (ConfUtils.java:logGet(46)) - raft.server.sleep.deviation.threshold = 300ms (default)
2023-09-07 20:29:29,461 [8788027e-81d1-4d47-afe3-241385989a54-groupManagement] INFO  server.RaftServer$Division (ServerState.java:<init>(120)) - 8788027e-81d1-4d47-afe3-241385989a54@group-546FBC4FBB55: ConfigurationManager, init=-1: peers:[8788027e-81d1-4d47-afe3-241385989a54|rpc:10.1.0.11:15067|admin:10.1.0.11:15066|client:10.1.0.11:15065|dataStream:10.1.0.11:15068|priority:0|startupRole:FOLLOWER, e6d6ce9d-4fd0-4987-92e7-1065424d9f29|rpc:10.1.0.11:15085|admin:10.1.0.11:15084|client:10.1.0.11:15083|dataStream:10.1.0.11:15086|priority:1|startupRole:FOLLOWER, 2f0e8030-05aa-4e91-b2c6-437482cdb37f|rpc:10.1.0.11:15076|admin:10.1.0.11:15075|client:10.1.0.11:15074|dataStream:10.1.0.11:15077|priority:0|startupRole:FOLLOWER]|listeners:[], old=null, confs=<EMPTY_MAP>
2023-09-07 20:29:29,462 [8788027e-81d1-4d47-afe3-241385989a54-groupManagement] INFO  server.RaftServerConfigKeys (ConfUtils.java:logGet(46)) - raft.server.storage.dir = [/home/runner/work/ozone/ozone/hadoop-ozone/integration-test/target/test-dir/MiniOzoneClusterImpl-6e39530a-abb5-4f3a-bb3c-e5f572b2b70f/datanode-0/data/ratis] (custom)
2023-09-07 20:29:29,462 [8788027e-81d1-4d47-afe3-241385989a54-groupManagement] INFO  server.RaftServerConfigKeys (ConfUtils.java:logGet(46)) - raft.server.log.corruption.policy = EXCEPTION (default)
2023-09-07 20:29:29,462 [8788027e-81d1-4d47-afe3-241385989a54-groupManagement] INFO  server.RaftServerConfigKeys (ConfUtils.java:logGet(46)) - raft.server.storage.free-space.min = 0MB (=0) (default)
2023-09-07 20:29:29,462 [8788027e-81d1-4d47-afe3-241385989a54-groupManagement] INFO  server.RaftServerConfigKeys (ConfUtils.java:logGet(46)) - raft.server.notification.no-leader.timeout = 300s (custom)
2023-09-07 20:29:29,462 [8788027e-81d1-4d47-afe3-241385989a54-groupManagement] INFO  server.RaftServerConfigKeys (ConfUtils.java:logGet(46)) - raft.server.read.timeout = 10s (default)
2023-09-07 20:29:29,462 [8788027e-81d1-4d47-afe3-241385989a54-groupManagement] INFO  server.RaftServerConfigKeys (ConfUtils.java:logGet(46)) - raft.server.retrycache.expirytime = 600000ms (custom)
2023-09-07 20:29:29,462 [8788027e-81d1-4d47-afe3-241385989a54-groupManagement] INFO  server.RaftServerConfigKeys (ConfUtils.java:logGet(46)) - raft.server.retrycache.statistics.expirytime = 100μs (default)
2023-09-07 20:29:29,462 [8788027e-81d1-4d47-afe3-241385989a54-groupManagement] INFO  server.RaftServerConfigKeys (ConfUtils.java:logGet(46)) - raft.server.read.option = DEFAULT (default)
2023-09-07 20:29:29,466 [8788027e-81d1-4d47-afe3-241385989a54-groupManagement] INFO  server.RaftServerConfigKeys (ConfUtils.java:logGet(46)) - raft.server.rpc.request.timeout = 60s (custom)
2023-09-07 20:29:29,466 [8788027e-81d1-4d47-afe3-241385989a54-groupManagement] INFO  server.RaftServerConfigKeys (ConfUtils.java:logGet(46)) - raft.server.log.appender.install.snapshot.enabled = false (custom)
2023-09-07 20:29:29,466 [8788027e-81d1-4d47-afe3-241385989a54-groupManagement] INFO  server.RaftServerConfigKeys (ConfUtils.java:logGet(46)) - raft.server.threadpool.server.cached = true (default)
2023-09-07 20:29:29,466 [8788027e-81d1-4d47-afe3-241385989a54-groupManagement] INFO  server.RaftServerConfigKeys (ConfUtils.java:logGet(46)) - raft.server.threadpool.server.size = 0 (default)
2023-09-07 20:29:29,466 [8788027e-81d1-4d47-afe3-241385989a54-groupManagement] INFO  server.RaftServerConfigKeys (ConfUtils.java:logGet(46)) - raft.server.threadpool.client.cached = true (default)
2023-09-07 20:29:29,466 [8788027e-81d1-4d47-afe3-241385989a54-groupManagement] INFO  server.RaftServerConfigKeys (ConfUtils.java:logGet(46)) - raft.server.threadpool.client.size = 0 (default)
2023-09-07 20:29:29,466 [8788027e-81d1-4d47-afe3-241385989a54-groupManagement] INFO  storage.RaftStorageDirectory (RaftStorageDirectoryImpl.java:analyzeStorage(137)) - The storage directory /home/runner/work/ozone/ozone/hadoop-ozone/integration-test/target/test-dir/MiniOzoneClusterImpl-6e39530a-abb5-4f3a-bb3c-e5f572b2b70f/datanode-0/data/ratis/2ea2a3c0-fea6-41a0-a3c3-546fbc4fbb55 does not exist. Creating ...
2023-09-07 20:29:29,472 [8788027e-81d1-4d47-afe3-241385989a54-groupManagement] INFO  storage.RaftStorageDirectory (RaftStorageDirectoryImpl.java:tryLock(231)) - Lock on /home/runner/work/ozone/ozone/hadoop-ozone/integration-test/target/test-dir/MiniOzoneClusterImpl-6e39530a-abb5-4f3a-bb3c-e5f572b2b70f/datanode-0/data/ratis/2ea2a3c0-fea6-41a0-a3c3-546fbc4fbb55/in_use.lock acquired by nodename 7625@fv-az259-394
2023-09-07 20:29:29,475 [8788027e-81d1-4d47-afe3-241385989a54-groupManagement] INFO  storage.RaftStorage (RaftStorageImpl.java:format(96)) - Storage directory /home/runner/work/ozone/ozone/hadoop-ozone/integration-test/target/test-dir/MiniOzoneClusterImpl-6e39530a-abb5-4f3a-bb3c-e5f572b2b70f/datanode-0/data/ratis/2ea2a3c0-fea6-41a0-a3c3-546fbc4fbb55 has been successfully formatted.
2023-09-07 20:29:29,475 [8788027e-81d1-4d47-afe3-241385989a54-groupManagement] INFO  ratis.ContainerStateMachine (ContainerStateMachine.java:loadSnapshot(262)) - group-546FBC4FBB55: The snapshot info is null. Setting the last applied indexto:(t:0, i:~)
2023-09-07 20:29:29,475 [8788027e-81d1-4d47-afe3-241385989a54-groupManagement] INFO  server.RaftServerConfigKeys (ConfUtils.java:logGet(46)) - raft.server.log.use.memory = false (default)
2023-09-07 20:29:29,476 [8788027e-81d1-4d47-afe3-241385989a54-groupManagement] INFO  server.RaftServerConfigKeys (ConfUtils.java:logGet(46)) - raft.server.log.purge.gap = 1000000 (custom)
2023-09-07 20:29:29,477 [EventQueue-OpenPipelineForHealthyPipelineSafeModeRule] INFO  safemode.SCMSafeModeManager (HealthyPipelineSafeModeRule.java:process(137)) - SCM in safe mode. Healthy pipelines reported count is 0, required healthy pipeline reported count is 1
2023-09-07 20:29:29,477 [8788027e-81d1-4d47-afe3-241385989a54-groupManagement] INFO  server.RaftServerConfigKeys (ConfUtils.java:logGet(46)) - raft.server.log.appender.buffer.byte-limit = 33554432 (custom)
2023-09-07 20:29:29,479 [8788027e-81d1-4d47-afe3-241385989a54-groupManagement] INFO  server.RaftServerConfigKeys (ConfUtils.java:logGet(46)) - raft.server.log.statemachine.data.read.timeout = 1000ms (default)
2023-09-07 20:29:29,479 [8788027e-81d1-4d47-afe3-241385989a54-groupManagement] INFO  server.RaftServerConfigKeys (ConfUtils.java:logGet(46)) - raft.server.log.purge.preservation.log.num = 0 (default)
2023-09-07 20:29:29,479 [8788027e-81d1-4d47-afe3-241385989a54-groupManagement] INFO  server.RaftServerConfigKeys (ConfUtils.java:logGet(46)) - raft.server.log.segment.size.max = 1048576 (custom)
2023-09-07 20:29:29,480 [8788027e-81d1-4d47-afe3-241385989a54-groupManagement] INFO  server.RaftServerConfigKeys (ConfUtils.java:logGet(46)) - raft.server.log.segment.cache.num.max = 2 (custom)
2023-09-07 20:29:29,480 [8788027e-81d1-4d47-afe3-241385989a54-groupManagement] INFO  server.RaftServerConfigKeys (ConfUtils.java:logGet(46)) - raft.server.log.segment.cache.size.max = 200MB (=209715200) (default)
2023-09-07 20:29:29,480 [8788027e-81d1-4d47-afe3-241385989a54-groupManagement] INFO  server.RaftServerConfigKeys (ConfUtils.java:logGet(46)) - raft.server.log.appender.buffer.byte-limit = 33554432 (custom)
2023-09-07 20:29:29,480 [8788027e-81d1-4d47-afe3-241385989a54-groupManagement] INFO  segmented.SegmentedRaftLogWorker (SegmentedRaftLogWorker.java:<init>(188)) - new 8788027e-81d1-4d47-afe3-241385989a54@group-546FBC4FBB55-SegmentedRaftLogWorker for RaftStorageImpl:Storage Directory /home/runner/work/ozone/ozone/hadoop-ozone/integration-test/target/test-dir/MiniOzoneClusterImpl-6e39530a-abb5-4f3a-bb3c-e5f572b2b70f/datanode-0/data/ratis/2ea2a3c0-fea6-41a0-a3c3-546fbc4fbb55
2023-09-07 20:29:29,480 [8788027e-81d1-4d47-afe3-241385989a54-groupManagement] INFO  server.RaftServerConfigKeys (ConfUtils.java:logGet(46)) - raft.server.log.queue.byte-limit = 4294967296 (custom)
2023-09-07 20:29:29,480 [8788027e-81d1-4d47-afe3-241385989a54-groupManagement] INFO  server.RaftServerConfigKeys (ConfUtils.java:logGet(46)) - raft.server.log.queue.element-limit = 1024 (custom)
2023-09-07 20:29:29,480 [8788027e-81d1-4d47-afe3-241385989a54-groupManagement] INFO  server.RaftServerConfigKeys (ConfUtils.java:logGet(46)) - raft.server.log.segment.size.max = 1048576 (custom)
2023-09-07 20:29:29,480 [8788027e-81d1-4d47-afe3-241385989a54-groupManagement] INFO  server.RaftServerConfigKeys (ConfUtils.java:logGet(46)) - raft.server.log.preallocated.size = 16384 (custom)
2023-09-07 20:29:29,481 [8788027e-81d1-4d47-afe3-241385989a54-groupManagement] INFO  server.RaftServerConfigKeys (ConfUtils.java:logGet(46)) - raft.server.log.force.sync.num = 128 (default)
2023-09-07 20:29:29,482 [8788027e-81d1-4d47-afe3-241385989a54-groupManagement] INFO  server.RaftServerConfigKeys (ConfUtils.java:logGet(46)) - raft.server.log.statemachine.data.sync = true (default)
2023-09-07 20:29:29,487 [8788027e-81d1-4d47-afe3-241385989a54-groupManagement] INFO  server.RaftServerConfigKeys (ConfUtils.java:logGet(46)) - raft.server.log.statemachine.data.sync.timeout = 10s (default)
2023-09-07 20:29:29,487 [8788027e-81d1-4d47-afe3-241385989a54-groupManagement] INFO  server.RaftServerConfigKeys (ConfUtils.java:logGet(46)) - raft.server.log.statemachine.data.sync.timeout.retry = -1 (default)
2023-09-07 20:29:29,488 [8788027e-81d1-4d47-afe3-241385989a54-groupManagement] INFO  server.RaftServerConfigKeys (ConfUtils.java:logGet(46)) - raft.server.log.write.buffer.size = 1048576 (custom)
2023-09-07 20:29:29,493 [8788027e-81d1-4d47-afe3-241385989a54-groupManagement] INFO  server.RaftServerConfigKeys (ConfUtils.java:logGet(46)) - raft.server.log.appender.buffer.byte-limit = 33554432 (custom)
2023-09-07 20:29:29,504 [8788027e-81d1-4d47-afe3-241385989a54-groupManagement] INFO  server.RaftServerConfigKeys (ConfUtils.java:logGet(46)) - raft.server.log.unsafe-flush.enabled = false (default)
2023-09-07 20:29:29,505 [8788027e-81d1-4d47-afe3-241385989a54-groupManagement] INFO  server.RaftServerConfigKeys (ConfUtils.java:logGet(46)) - raft.server.log.async-flush.enabled = false (default)
2023-09-07 20:29:29,505 [8788027e-81d1-4d47-afe3-241385989a54-groupManagement] INFO  server.RaftServerConfigKeys (ConfUtils.java:logGet(46)) - raft.server.log.statemachine.data.caching.enabled = true (custom)
2023-09-07 20:29:29,505 [8788027e-81d1-4d47-afe3-241385989a54-groupManagement] INFO  segmented.SegmentedRaftLogWorker (SegmentedRaftLogWorker.java:lambda$new$0(135)) - 8788027e-81d1-4d47-afe3-241385989a54@group-546FBC4FBB55-SegmentedRaftLogWorker: flushIndex: setUnconditionally 0 -> -1
2023-09-07 20:29:29,505 [8788027e-81d1-4d47-afe3-241385989a54-groupManagement] INFO  segmented.SegmentedRaftLogWorker (SegmentedRaftLogWorker.java:lambda$new$0(135)) - 8788027e-81d1-4d47-afe3-241385989a54@group-546FBC4FBB55-SegmentedRaftLogWorker: safeCacheEvictIndex: setUnconditionally 0 -> -1
2023-09-07 20:29:29,509 [8788027e-81d1-4d47-afe3-241385989a54-groupManagement] INFO  server.RaftServer$Division (RaftServerImpl.java:start(342)) - 8788027e-81d1-4d47-afe3-241385989a54@group-546FBC4FBB55: start as a follower, conf=-1: peers:[8788027e-81d1-4d47-afe3-241385989a54|rpc:10.1.0.11:15067|admin:10.1.0.11:15066|client:10.1.0.11:15065|dataStream:10.1.0.11:15068|priority:0|startupRole:FOLLOWER, e6d6ce9d-4fd0-4987-92e7-1065424d9f29|rpc:10.1.0.11:15085|admin:10.1.0.11:15084|client:10.1.0.11:15083|dataStream:10.1.0.11:15086|priority:1|startupRole:FOLLOWER, 2f0e8030-05aa-4e91-b2c6-437482cdb37f|rpc:10.1.0.11:15076|admin:10.1.0.11:15075|client:10.1.0.11:15074|dataStream:10.1.0.11:15077|priority:0|startupRole:FOLLOWER]|listeners:[], old=null
2023-09-07 20:29:29,509 [8788027e-81d1-4d47-afe3-241385989a54-groupManagement] INFO  server.RaftServer$Division (RaftServerImpl.java:setRole(329)) - 8788027e-81d1-4d47-afe3-241385989a54@group-546FBC4FBB55: changes role from      null to FOLLOWER at term 0 for startAsFollower
2023-09-07 20:29:29,509 [8788027e-81d1-4d47-afe3-241385989a54-groupManagement] INFO  impl.RoleInfo (RoleInfo.java:updateAndGet(139)) - 8788027e-81d1-4d47-afe3-241385989a54: start 8788027e-81d1-4d47-afe3-241385989a54@group-546FBC4FBB55-FollowerState
2023-09-07 20:29:29,515 [8788027e-81d1-4d47-afe3-241385989a54-groupManagement] INFO  util.JmxRegister (JmxRegister.java:tryRegister(44)) - Successfully registered JMX Bean with object name Ratis:service=RaftServer,group=group-546FBC4FBB55,id=8788027e-81d1-4d47-afe3-241385989a54
2023-09-07 20:29:29,515 [8788027e-81d1-4d47-afe3-241385989a54-groupManagement] INFO  server.RaftServerConfigKeys (ConfUtils.java:logGet(46)) - raft.server.snapshot.auto.trigger.enabled = true (custom)
2023-09-07 20:29:29,516 [8788027e-81d1-4d47-afe3-241385989a54-groupManagement] INFO  server.RaftServerConfigKeys (ConfUtils.java:logGet(46)) - raft.server.snapshot.auto.trigger.threshold = 10000 (custom)
2023-09-07 20:29:29,516 [8788027e-81d1-4d47-afe3-241385989a54-groupManagement] INFO  server.RaftServerConfigKeys (ConfUtils.java:logGet(46)) - raft.server.snapshot.retention.file.num = 5 (custom)
2023-09-07 20:29:29,516 [8788027e-81d1-4d47-afe3-241385989a54-groupManagement] INFO  server.RaftServerConfigKeys (ConfUtils.java:logGet(46)) - raft.server.log.purge.upto.snapshot.index = false (default)
2023-09-07 20:29:29,521 [8788027e-81d1-4d47-afe3-241385989a54@group-546FBC4FBB55-FollowerState] INFO  server.RaftServerConfigKeys (ConfUtils.java:logFallback(53)) - raft.server.rpc.first-election.timeout.min = 5s (fallback to raft.server.rpc.timeout.min)
2023-09-07 20:29:29,521 [8788027e-81d1-4d47-afe3-241385989a54@group-546FBC4FBB55-FollowerState] INFO  server.RaftServerConfigKeys (ConfUtils.java:logFallback(53)) - raft.server.rpc.first-election.timeout.max = 5200ms (fallback to raft.server.rpc.timeout.max)
2023-09-07 20:29:29,522 [PipelineCommandHandlerThread-0] INFO  ratis.XceiverServerRatis (XceiverServerRatis.java:addGroup(804)) - Created group PipelineID=2ea2a3c0-fea6-41a0-a3c3-546fbc4fbb55
2023-09-07 20:29:29,538 [grpc-default-executor-0] INFO  server.RaftServer (RaftServerProxy.java:addNew(98)) - 2f0e8030-05aa-4e91-b2c6-437482cdb37f: addNew group-546FBC4FBB55:[8788027e-81d1-4d47-afe3-241385989a54|rpc:10.1.0.11:15067|admin:10.1.0.11:15066|client:10.1.0.11:15065|dataStream:10.1.0.11:15068|priority:0|startupRole:FOLLOWER, e6d6ce9d-4fd0-4987-92e7-1065424d9f29|rpc:10.1.0.11:15085|admin:10.1.0.11:15084|client:10.1.0.11:15083|dataStream:10.1.0.11:15086|priority:1|startupRole:FOLLOWER, 2f0e8030-05aa-4e91-b2c6-437482cdb37f|rpc:10.1.0.11:15076|admin:10.1.0.11:15075|client:10.1.0.11:15074|dataStream:10.1.0.11:15077|priority:0|startupRole:FOLLOWER] returns group-546FBC4FBB55:java.util.concurrent.CompletableFuture@72daf0ab[Not completed]
2023-09-07 20:29:29,540 [2f0e8030-05aa-4e91-b2c6-437482cdb37f-groupManagement] INFO  server.RaftServer$Division (RaftServerImpl.java:<init>(198)) - 2f0e8030-05aa-4e91-b2c6-437482cdb37f: new RaftServerImpl for group-546FBC4FBB55:[8788027e-81d1-4d47-afe3-241385989a54|rpc:10.1.0.11:15067|admin:10.1.0.11:15066|client:10.1.0.11:15065|dataStream:10.1.0.11:15068|priority:0|startupRole:FOLLOWER, e6d6ce9d-4fd0-4987-92e7-1065424d9f29|rpc:10.1.0.11:15085|admin:10.1.0.11:15084|client:10.1.0.11:15083|dataStream:10.1.0.11:15086|priority:1|startupRole:FOLLOWER, 2f0e8030-05aa-4e91-b2c6-437482cdb37f|rpc:10.1.0.11:15076|admin:10.1.0.11:15075|client:10.1.0.11:15074|dataStream:10.1.0.11:15077|priority:0|startupRole:FOLLOWER] with ContainerStateMachine:uninitialized
2023-09-07 20:29:29,540 [2f0e8030-05aa-4e91-b2c6-437482cdb37f-groupManagement] INFO  server.RaftServerConfigKeys (ConfUtils.java:logGet(46)) - raft.server.rpc.timeout.min = 5s (custom)
2023-09-07 20:29:29,540 [2f0e8030-05aa-4e91-b2c6-437482cdb37f-groupManagement] INFO  server.RaftServerConfigKeys (ConfUtils.java:logGet(46)) - raft.server.rpc.timeout.max = 5200ms (custom)
2023-09-07 20:29:29,540 [2f0e8030-05aa-4e91-b2c6-437482cdb37f-groupManagement] INFO  server.RaftServerConfigKeys (ConfUtils.java:logGet(46)) - raft.server.rpc.sleep.time = 25ms (default)
2023-09-07 20:29:29,540 [2f0e8030-05aa-4e91-b2c6-437482cdb37f-groupManagement] INFO  server.RaftServerConfigKeys (ConfUtils.java:logGet(46)) - raft.server.rpc.slowness.timeout = 300s (custom)
2023-09-07 20:29:29,540 [2f0e8030-05aa-4e91-b2c6-437482cdb37f-groupManagement] INFO  server.RaftServerConfigKeys (ConfUtils.java:logGet(46)) - raft.server.leaderelection.leader.step-down.wait-time = 10s (default)
2023-09-07 20:29:29,540 [2f0e8030-05aa-4e91-b2c6-437482cdb37f-groupManagement] INFO  server.RaftServerConfigKeys (ConfUtils.java:logGet(46)) - raft.server.sleep.deviation.threshold = 300ms (default)
2023-09-07 20:29:29,540 [2f0e8030-05aa-4e91-b2c6-437482cdb37f-groupManagement] INFO  server.RaftServer$Division (ServerState.java:<init>(120)) - 2f0e8030-05aa-4e91-b2c6-437482cdb37f@group-546FBC4FBB55: ConfigurationManager, init=-1: peers:[8788027e-81d1-4d47-afe3-241385989a54|rpc:10.1.0.11:15067|admin:10.1.0.11:15066|client:10.1.0.11:15065|dataStream:10.1.0.11:15068|priority:0|startupRole:FOLLOWER, e6d6ce9d-4fd0-4987-92e7-1065424d9f29|rpc:10.1.0.11:15085|admin:10.1.0.11:15084|client:10.1.0.11:15083|dataStream:10.1.0.11:15086|priority:1|startupRole:FOLLOWER, 2f0e8030-05aa-4e91-b2c6-437482cdb37f|rpc:10.1.0.11:15076|admin:10.1.0.11:15075|client:10.1.0.11:15074|dataStream:10.1.0.11:15077|priority:0|startupRole:FOLLOWER]|listeners:[], old=null, confs=<EMPTY_MAP>
2023-09-07 20:29:29,540 [2f0e8030-05aa-4e91-b2c6-437482cdb37f-groupManagement] INFO  server.RaftServerConfigKeys (ConfUtils.java:logGet(46)) - raft.server.storage.dir = [/home/runner/work/ozone/ozone/hadoop-ozone/integration-test/target/test-dir/MiniOzoneClusterImpl-6e39530a-abb5-4f3a-bb3c-e5f572b2b70f/datanode-1/data/ratis] (custom)
2023-09-07 20:29:29,541 [2f0e8030-05aa-4e91-b2c6-437482cdb37f-groupManagement] INFO  server.RaftServerConfigKeys (ConfUtils.java:logGet(46)) - raft.server.log.corruption.policy = EXCEPTION (default)
2023-09-07 20:29:29,541 [2f0e8030-05aa-4e91-b2c6-437482cdb37f-groupManagement] INFO  server.RaftServerConfigKeys (ConfUtils.java:logGet(46)) - raft.server.storage.free-space.min = 0MB (=0) (default)
2023-09-07 20:29:29,541 [2f0e8030-05aa-4e91-b2c6-437482cdb37f-groupManagement] INFO  server.RaftServerConfigKeys (ConfUtils.java:logGet(46)) - raft.server.notification.no-leader.timeout = 300s (custom)
2023-09-07 20:29:29,541 [2f0e8030-05aa-4e91-b2c6-437482cdb37f-groupManagement] INFO  server.RaftServerConfigKeys (ConfUtils.java:logGet(46)) - raft.server.read.timeout = 10s (default)
2023-09-07 20:29:29,541 [2f0e8030-05aa-4e91-b2c6-437482cdb37f-groupManagement] INFO  server.RaftServerConfigKeys (ConfUtils.java:logGet(46)) - raft.server.retrycache.expirytime = 600000ms (custom)
2023-09-07 20:29:29,541 [2f0e8030-05aa-4e91-b2c6-437482cdb37f-groupManagement] INFO  server.RaftServerConfigKeys (ConfUtils.java:logGet(46)) - raft.server.retrycache.statistics.expirytime = 100μs (default)
2023-09-07 20:29:29,541 [2f0e8030-05aa-4e91-b2c6-437482cdb37f-groupManagement] INFO  server.RaftServerConfigKeys (ConfUtils.java:logGet(46)) - raft.server.read.option = DEFAULT (default)
2023-09-07 20:29:29,542 [2f0e8030-05aa-4e91-b2c6-437482cdb37f-groupManagement] INFO  server.RaftServerConfigKeys (ConfUtils.java:logGet(46)) - raft.server.rpc.request.timeout = 60s (custom)
2023-09-07 20:29:29,542 [2f0e8030-05aa-4e91-b2c6-437482cdb37f-groupManagement] INFO  server.RaftServerConfigKeys (ConfUtils.java:logGet(46)) - raft.server.log.appender.install.snapshot.enabled = false (custom)
2023-09-07 20:29:29,542 [2f0e8030-05aa-4e91-b2c6-437482cdb37f-groupManagement] INFO  server.RaftServerConfigKeys (ConfUtils.java:logGet(46)) - raft.server.threadpool.server.cached = true (default)
2023-09-07 20:29:29,542 [2f0e8030-05aa-4e91-b2c6-437482cdb37f-groupManagement] INFO  server.RaftServerConfigKeys (ConfUtils.java:logGet(46)) - raft.server.threadpool.server.size = 0 (default)
2023-09-07 20:29:29,542 [2f0e8030-05aa-4e91-b2c6-437482cdb37f-groupManagement] INFO  server.RaftServerConfigKeys (ConfUtils.java:logGet(46)) - raft.server.threadpool.client.cached = true (default)
2023-09-07 20:29:29,542 [2f0e8030-05aa-4e91-b2c6-437482cdb37f-groupManagement] INFO  server.RaftServerConfigKeys (ConfUtils.java:logGet(46)) - raft.server.threadpool.client.size = 0 (default)
2023-09-07 20:29:29,543 [2f0e8030-05aa-4e91-b2c6-437482cdb37f-groupManagement] INFO  storage.RaftStorageDirectory (RaftStorageDirectoryImpl.java:analyzeStorage(137)) - The storage directory /home/runner/work/ozone/ozone/hadoop-ozone/integration-test/target/test-dir/MiniOzoneClusterImpl-6e39530a-abb5-4f3a-bb3c-e5f572b2b70f/datanode-1/data/ratis/2ea2a3c0-fea6-41a0-a3c3-546fbc4fbb55 does not exist. Creating ...
2023-09-07 20:29:29,544 [2f0e8030-05aa-4e91-b2c6-437482cdb37f-groupManagement] INFO  storage.RaftStorageDirectory (RaftStorageDirectoryImpl.java:tryLock(231)) - Lock on /home/runner/work/ozone/ozone/hadoop-ozone/integration-test/target/test-dir/MiniOzoneClusterImpl-6e39530a-abb5-4f3a-bb3c-e5f572b2b70f/datanode-1/data/ratis/2ea2a3c0-fea6-41a0-a3c3-546fbc4fbb55/in_use.lock acquired by nodename 7625@fv-az259-394
2023-09-07 20:29:29,546 [2f0e8030-05aa-4e91-b2c6-437482cdb37f-groupManagement] INFO  storage.RaftStorage (RaftStorageImpl.java:format(96)) - Storage directory /home/runner/work/ozone/ozone/hadoop-ozone/integration-test/target/test-dir/MiniOzoneClusterImpl-6e39530a-abb5-4f3a-bb3c-e5f572b2b70f/datanode-1/data/ratis/2ea2a3c0-fea6-41a0-a3c3-546fbc4fbb55 has been successfully formatted.
2023-09-07 20:29:29,548 [2f0e8030-05aa-4e91-b2c6-437482cdb37f-groupManagement] INFO  ratis.ContainerStateMachine (ContainerStateMachine.java:loadSnapshot(262)) - group-546FBC4FBB55: The snapshot info is null. Setting the last applied indexto:(t:0, i:~)
2023-09-07 20:29:29,548 [2f0e8030-05aa-4e91-b2c6-437482cdb37f-groupManagement] INFO  server.RaftServerConfigKeys (ConfUtils.java:logGet(46)) - raft.server.log.use.memory = false (default)
2023-09-07 20:29:29,548 [2f0e8030-05aa-4e91-b2c6-437482cdb37f-groupManagement] INFO  server.RaftServerConfigKeys (ConfUtils.java:logGet(46)) - raft.server.log.purge.gap = 1000000 (custom)
2023-09-07 20:29:29,548 [2f0e8030-05aa-4e91-b2c6-437482cdb37f-groupManagement] INFO  server.RaftServerConfigKeys (ConfUtils.java:logGet(46)) - raft.server.log.appender.buffer.byte-limit = 33554432 (custom)
2023-09-07 20:29:29,549 [2f0e8030-05aa-4e91-b2c6-437482cdb37f-groupManagement] INFO  server.RaftServerConfigKeys (ConfUtils.java:logGet(46)) - raft.server.log.statemachine.data.read.timeout = 1000ms (default)
2023-09-07 20:29:29,549 [2f0e8030-05aa-4e91-b2c6-437482cdb37f-groupManagement] INFO  server.RaftServerConfigKeys (ConfUtils.java:logGet(46)) - raft.server.log.purge.preservation.log.num = 0 (default)
2023-09-07 20:29:29,549 [2f0e8030-05aa-4e91-b2c6-437482cdb37f-groupManagement] INFO  server.RaftServerConfigKeys (ConfUtils.java:logGet(46)) - raft.server.log.segment.size.max = 1048576 (custom)
2023-09-07 20:29:29,550 [2f0e8030-05aa-4e91-b2c6-437482cdb37f-groupManagement] INFO  server.RaftServerConfigKeys (ConfUtils.java:logGet(46)) - raft.server.log.segment.cache.num.max = 2 (custom)
2023-09-07 20:29:29,550 [2f0e8030-05aa-4e91-b2c6-437482cdb37f-groupManagement] INFO  server.RaftServerConfigKeys (ConfUtils.java:logGet(46)) - raft.server.log.segment.cache.size.max = 200MB (=209715200) (default)
2023-09-07 20:29:29,550 [2f0e8030-05aa-4e91-b2c6-437482cdb37f-groupManagement] INFO  server.RaftServerConfigKeys (ConfUtils.java:logGet(46)) - raft.server.log.appender.buffer.byte-limit = 33554432 (custom)
2023-09-07 20:29:29,550 [2f0e8030-05aa-4e91-b2c6-437482cdb37f-groupManagement] INFO  segmented.SegmentedRaftLogWorker (SegmentedRaftLogWorker.java:<init>(188)) - new 2f0e8030-05aa-4e91-b2c6-437482cdb37f@group-546FBC4FBB55-SegmentedRaftLogWorker for RaftStorageImpl:Storage Directory /home/runner/work/ozone/ozone/hadoop-ozone/integration-test/target/test-dir/MiniOzoneClusterImpl-6e39530a-abb5-4f3a-bb3c-e5f572b2b70f/datanode-1/data/ratis/2ea2a3c0-fea6-41a0-a3c3-546fbc4fbb55
2023-09-07 20:29:29,550 [2f0e8030-05aa-4e91-b2c6-437482cdb37f-groupManagement] INFO  server.RaftServerConfigKeys (ConfUtils.java:logGet(46)) - raft.server.log.queue.byte-limit = 4294967296 (custom)
2023-09-07 20:29:29,550 [2f0e8030-05aa-4e91-b2c6-437482cdb37f-groupManagement] INFO  server.RaftServerConfigKeys (ConfUtils.java:logGet(46)) - raft.server.log.queue.element-limit = 1024 (custom)
2023-09-07 20:29:29,550 [2f0e8030-05aa-4e91-b2c6-437482cdb37f-groupManagement] INFO  server.RaftServerConfigKeys (ConfUtils.java:logGet(46)) - raft.server.log.segment.size.max = 1048576 (custom)
2023-09-07 20:29:29,550 [2f0e8030-05aa-4e91-b2c6-437482cdb37f-groupManagement] INFO  server.RaftServerConfigKeys (ConfUtils.java:logGet(46)) - raft.server.log.preallocated.size = 16384 (custom)
2023-09-07 20:29:29,550 [2f0e8030-05aa-4e91-b2c6-437482cdb37f-groupManagement] INFO  server.RaftServerConfigKeys (ConfUtils.java:logGet(46)) - raft.server.log.force.sync.num = 128 (default)
2023-09-07 20:29:29,551 [2f0e8030-05aa-4e91-b2c6-437482cdb37f-groupManagement] INFO  server.RaftServerConfigKeys (ConfUtils.java:logGet(46)) - raft.server.log.statemachine.data.sync = true (default)
2023-09-07 20:29:29,551 [2f0e8030-05aa-4e91-b2c6-437482cdb37f-groupManagement] INFO  server.RaftServerConfigKeys (ConfUtils.java:logGet(46)) - raft.server.log.statemachine.data.sync.timeout = 10s (default)
2023-09-07 20:29:29,551 [2f0e8030-05aa-4e91-b2c6-437482cdb37f-groupManagement] INFO  server.RaftServerConfigKeys (ConfUtils.java:logGet(46)) - raft.server.log.statemachine.data.sync.timeout.retry = -1 (default)
2023-09-07 20:29:29,552 [2f0e8030-05aa-4e91-b2c6-437482cdb37f-groupManagement] INFO  server.RaftServerConfigKeys (ConfUtils.java:logGet(46)) - raft.server.log.write.buffer.size = 1048576 (custom)
2023-09-07 20:29:29,552 [2f0e8030-05aa-4e91-b2c6-437482cdb37f-groupManagement] INFO  server.RaftServerConfigKeys (ConfUtils.java:logGet(46)) - raft.server.log.appender.buffer.byte-limit = 33554432 (custom)
2023-09-07 20:29:29,564 [2f0e8030-05aa-4e91-b2c6-437482cdb37f-groupManagement] INFO  server.RaftServerConfigKeys (ConfUtils.java:logGet(46)) - raft.server.log.unsafe-flush.enabled = false (default)
2023-09-07 20:29:29,564 [2f0e8030-05aa-4e91-b2c6-437482cdb37f-groupManagement] INFO  server.RaftServerConfigKeys (ConfUtils.java:logGet(46)) - raft.server.log.async-flush.enabled = false (default)
2023-09-07 20:29:29,564 [2f0e8030-05aa-4e91-b2c6-437482cdb37f-groupManagement] INFO  server.RaftServerConfigKeys (ConfUtils.java:logGet(46)) - raft.server.log.statemachine.data.caching.enabled = true (custom)
2023-09-07 20:29:29,564 [2f0e8030-05aa-4e91-b2c6-437482cdb37f-groupManagement] INFO  segmented.SegmentedRaftLogWorker (SegmentedRaftLogWorker.java:lambda$new$0(135)) - 2f0e8030-05aa-4e91-b2c6-437482cdb37f@group-546FBC4FBB55-SegmentedRaftLogWorker: flushIndex: setUnconditionally 0 -> -1
2023-09-07 20:29:29,564 [2f0e8030-05aa-4e91-b2c6-437482cdb37f-groupManagement] INFO  segmented.SegmentedRaftLogWorker (SegmentedRaftLogWorker.java:lambda$new$0(135)) - 2f0e8030-05aa-4e91-b2c6-437482cdb37f@group-546FBC4FBB55-SegmentedRaftLogWorker: safeCacheEvictIndex: setUnconditionally 0 -> -1
2023-09-07 20:29:29,565 [2f0e8030-05aa-4e91-b2c6-437482cdb37f-groupManagement] INFO  server.RaftServer$Division (RaftServerImpl.java:start(342)) - 2f0e8030-05aa-4e91-b2c6-437482cdb37f@group-546FBC4FBB55: start as a follower, conf=-1: peers:[8788027e-81d1-4d47-afe3-241385989a54|rpc:10.1.0.11:15067|admin:10.1.0.11:15066|client:10.1.0.11:15065|dataStream:10.1.0.11:15068|priority:0|startupRole:FOLLOWER, e6d6ce9d-4fd0-4987-92e7-1065424d9f29|rpc:10.1.0.11:15085|admin:10.1.0.11:15084|client:10.1.0.11:15083|dataStream:10.1.0.11:15086|priority:1|startupRole:FOLLOWER, 2f0e8030-05aa-4e91-b2c6-437482cdb37f|rpc:10.1.0.11:15076|admin:10.1.0.11:15075|client:10.1.0.11:15074|dataStream:10.1.0.11:15077|priority:0|startupRole:FOLLOWER]|listeners:[], old=null
2023-09-07 20:29:29,565 [2f0e8030-05aa-4e91-b2c6-437482cdb37f-groupManagement] INFO  server.RaftServer$Division (RaftServerImpl.java:setRole(329)) - 2f0e8030-05aa-4e91-b2c6-437482cdb37f@group-546FBC4FBB55: changes role from      null to FOLLOWER at term 0 for startAsFollower
2023-09-07 20:29:29,565 [2f0e8030-05aa-4e91-b2c6-437482cdb37f-groupManagement] INFO  impl.RoleInfo (RoleInfo.java:updateAndGet(139)) - 2f0e8030-05aa-4e91-b2c6-437482cdb37f: start 2f0e8030-05aa-4e91-b2c6-437482cdb37f@group-546FBC4FBB55-FollowerState
2023-09-07 20:29:29,565 [2f0e8030-05aa-4e91-b2c6-437482cdb37f-groupManagement] INFO  util.JmxRegister (JmxRegister.java:tryRegister(44)) - Successfully registered JMX Bean with object name Ratis:service=RaftServer,group=group-546FBC4FBB55,id=2f0e8030-05aa-4e91-b2c6-437482cdb37f
2023-09-07 20:29:29,566 [2f0e8030-05aa-4e91-b2c6-437482cdb37f-groupManagement] INFO  server.RaftServerConfigKeys (ConfUtils.java:logGet(46)) - raft.server.snapshot.auto.trigger.enabled = true (custom)
2023-09-07 20:29:29,566 [2f0e8030-05aa-4e91-b2c6-437482cdb37f-groupManagement] INFO  server.RaftServerConfigKeys (ConfUtils.java:logGet(46)) - raft.server.snapshot.auto.trigger.threshold = 10000 (custom)
2023-09-07 20:29:29,566 [2f0e8030-05aa-4e91-b2c6-437482cdb37f-groupManagement] INFO  server.RaftServerConfigKeys (ConfUtils.java:logGet(46)) - raft.server.snapshot.retention.file.num = 5 (custom)
2023-09-07 20:29:29,566 [2f0e8030-05aa-4e91-b2c6-437482cdb37f-groupManagement] INFO  server.RaftServerConfigKeys (ConfUtils.java:logGet(46)) - raft.server.log.purge.upto.snapshot.index = false (default)
2023-09-07 20:29:29,567 [2f0e8030-05aa-4e91-b2c6-437482cdb37f@group-546FBC4FBB55-FollowerState] INFO  server.RaftServerConfigKeys (ConfUtils.java:logFallback(53)) - raft.server.rpc.first-election.timeout.min = 5s (fallback to raft.server.rpc.timeout.min)
2023-09-07 20:29:29,567 [2f0e8030-05aa-4e91-b2c6-437482cdb37f@group-546FBC4FBB55-FollowerState] INFO  server.RaftServerConfigKeys (ConfUtils.java:logFallback(53)) - raft.server.rpc.first-election.timeout.max = 5200ms (fallback to raft.server.rpc.timeout.max)
2023-09-07 20:29:29,587 [grpc-default-executor-0] INFO  server.RaftServer (RaftServerProxy.java:addNew(98)) - e6d6ce9d-4fd0-4987-92e7-1065424d9f29: addNew group-546FBC4FBB55:[8788027e-81d1-4d47-afe3-241385989a54|rpc:10.1.0.11:15067|admin:10.1.0.11:15066|client:10.1.0.11:15065|dataStream:10.1.0.11:15068|priority:0|startupRole:FOLLOWER, e6d6ce9d-4fd0-4987-92e7-1065424d9f29|rpc:10.1.0.11:15085|admin:10.1.0.11:15084|client:10.1.0.11:15083|dataStream:10.1.0.11:15086|priority:1|startupRole:FOLLOWER, 2f0e8030-05aa-4e91-b2c6-437482cdb37f|rpc:10.1.0.11:15076|admin:10.1.0.11:15075|client:10.1.0.11:15074|dataStream:10.1.0.11:15077|priority:0|startupRole:FOLLOWER] returns group-546FBC4FBB55:java.util.concurrent.CompletableFuture@7bd80455[Not completed]
2023-09-07 20:29:29,589 [e6d6ce9d-4fd0-4987-92e7-1065424d9f29-groupManagement] INFO  server.RaftServer$Division (RaftServerImpl.java:<init>(198)) - e6d6ce9d-4fd0-4987-92e7-1065424d9f29: new RaftServerImpl for group-546FBC4FBB55:[8788027e-81d1-4d47-afe3-241385989a54|rpc:10.1.0.11:15067|admin:10.1.0.11:15066|client:10.1.0.11:15065|dataStream:10.1.0.11:15068|priority:0|startupRole:FOLLOWER, e6d6ce9d-4fd0-4987-92e7-1065424d9f29|rpc:10.1.0.11:15085|admin:10.1.0.11:15084|client:10.1.0.11:15083|dataStream:10.1.0.11:15086|priority:1|startupRole:FOLLOWER, 2f0e8030-05aa-4e91-b2c6-437482cdb37f|rpc:10.1.0.11:15076|admin:10.1.0.11:15075|client:10.1.0.11:15074|dataStream:10.1.0.11:15077|priority:0|startupRole:FOLLOWER] with ContainerStateMachine:uninitialized
2023-09-07 20:29:29,589 [e6d6ce9d-4fd0-4987-92e7-1065424d9f29-groupManagement] INFO  server.RaftServerConfigKeys (ConfUtils.java:logGet(46)) - raft.server.rpc.timeout.min = 5s (custom)
2023-09-07 20:29:29,589 [e6d6ce9d-4fd0-4987-92e7-1065424d9f29-groupManagement] INFO  server.RaftServerConfigKeys (ConfUtils.java:logGet(46)) - raft.server.rpc.timeout.max = 5200ms (custom)
2023-09-07 20:29:29,589 [e6d6ce9d-4fd0-4987-92e7-1065424d9f29-groupManagement] INFO  server.RaftServerConfigKeys (ConfUtils.java:logGet(46)) - raft.server.rpc.sleep.time = 25ms (default)
2023-09-07 20:29:29,589 [e6d6ce9d-4fd0-4987-92e7-1065424d9f29-groupManagement] INFO  server.RaftServerConfigKeys (ConfUtils.java:logGet(46)) - raft.server.rpc.slowness.timeout = 300s (custom)
2023-09-07 20:29:29,589 [e6d6ce9d-4fd0-4987-92e7-1065424d9f29-groupManagement] INFO  server.RaftServerConfigKeys (ConfUtils.java:logGet(46)) - raft.server.leaderelection.leader.step-down.wait-time = 10s (default)
2023-09-07 20:29:29,589 [e6d6ce9d-4fd0-4987-92e7-1065424d9f29-groupManagement] INFO  server.RaftServerConfigKeys (ConfUtils.java:logGet(46)) - raft.server.sleep.deviation.threshold = 300ms (default)
2023-09-07 20:29:29,589 [e6d6ce9d-4fd0-4987-92e7-1065424d9f29-groupManagement] INFO  server.RaftServer$Division (ServerState.java:<init>(120)) - e6d6ce9d-4fd0-4987-92e7-1065424d9f29@group-546FBC4FBB55: ConfigurationManager, init=-1: peers:[8788027e-81d1-4d47-afe3-241385989a54|rpc:10.1.0.11:15067|admin:10.1.0.11:15066|client:10.1.0.11:15065|dataStream:10.1.0.11:15068|priority:0|startupRole:FOLLOWER, e6d6ce9d-4fd0-4987-92e7-1065424d9f29|rpc:10.1.0.11:15085|admin:10.1.0.11:15084|client:10.1.0.11:15083|dataStream:10.1.0.11:15086|priority:1|startupRole:FOLLOWER, 2f0e8030-05aa-4e91-b2c6-437482cdb37f|rpc:10.1.0.11:15076|admin:10.1.0.11:15075|client:10.1.0.11:15074|dataStream:10.1.0.11:15077|priority:0|startupRole:FOLLOWER]|listeners:[], old=null, confs=<EMPTY_MAP>
2023-09-07 20:29:29,589 [e6d6ce9d-4fd0-4987-92e7-1065424d9f29-groupManagement] INFO  server.RaftServerConfigKeys (ConfUtils.java:logGet(46)) - raft.server.storage.dir = [/home/runner/work/ozone/ozone/hadoop-ozone/integration-test/target/test-dir/MiniOzoneClusterImpl-6e39530a-abb5-4f3a-bb3c-e5f572b2b70f/datanode-2/data/ratis] (custom)
2023-09-07 20:29:29,590 [e6d6ce9d-4fd0-4987-92e7-1065424d9f29-groupManagement] INFO  server.RaftServerConfigKeys (ConfUtils.java:logGet(46)) - raft.server.log.corruption.policy = EXCEPTION (default)
2023-09-07 20:29:29,590 [e6d6ce9d-4fd0-4987-92e7-1065424d9f29-groupManagement] INFO  server.RaftServerConfigKeys (ConfUtils.java:logGet(46)) - raft.server.storage.free-space.min = 0MB (=0) (default)
2023-09-07 20:29:29,590 [e6d6ce9d-4fd0-4987-92e7-1065424d9f29-groupManagement] INFO  server.RaftServerConfigKeys (ConfUtils.java:logGet(46)) - raft.server.notification.no-leader.timeout = 300s (custom)
2023-09-07 20:29:29,590 [e6d6ce9d-4fd0-4987-92e7-1065424d9f29-groupManagement] INFO  server.RaftServerConfigKeys (ConfUtils.java:logGet(46)) - raft.server.read.timeout = 10s (default)
2023-09-07 20:29:29,590 [e6d6ce9d-4fd0-4987-92e7-1065424d9f29-groupManagement] INFO  server.RaftServerConfigKeys (ConfUtils.java:logGet(46)) - raft.server.retrycache.expirytime = 600000ms (custom)
2023-09-07 20:29:29,590 [e6d6ce9d-4fd0-4987-92e7-1065424d9f29-groupManagement] INFO  server.RaftServerConfigKeys (ConfUtils.java:logGet(46)) - raft.server.retrycache.statistics.expirytime = 100μs (default)
2023-09-07 20:29:29,590 [e6d6ce9d-4fd0-4987-92e7-1065424d9f29-groupManagement] INFO  server.RaftServerConfigKeys (ConfUtils.java:logGet(46)) - raft.server.read.option = DEFAULT (default)
2023-09-07 20:29:29,591 [e6d6ce9d-4fd0-4987-92e7-1065424d9f29-groupManagement] INFO  server.RaftServerConfigKeys (ConfUtils.java:logGet(46)) - raft.server.rpc.request.timeout = 60s (custom)
2023-09-07 20:29:29,591 [e6d6ce9d-4fd0-4987-92e7-1065424d9f29-groupManagement] INFO  server.RaftServerConfigKeys (ConfUtils.java:logGet(46)) - raft.server.log.appender.install.snapshot.enabled = false (custom)
2023-09-07 20:29:29,591 [e6d6ce9d-4fd0-4987-92e7-1065424d9f29-groupManagement] INFO  server.RaftServerConfigKeys (ConfUtils.java:logGet(46)) - raft.server.threadpool.server.cached = true (default)
2023-09-07 20:29:29,591 [e6d6ce9d-4fd0-4987-92e7-1065424d9f29-groupManagement] INFO  server.RaftServerConfigKeys (ConfUtils.java:logGet(46)) - raft.server.threadpool.server.size = 0 (default)
2023-09-07 20:29:29,591 [e6d6ce9d-4fd0-4987-92e7-1065424d9f29-groupManagement] INFO  server.RaftServerConfigKeys (ConfUtils.java:logGet(46)) - raft.server.threadpool.client.cached = true (default)
2023-09-07 20:29:29,591 [e6d6ce9d-4fd0-4987-92e7-1065424d9f29-groupManagement] INFO  server.RaftServerConfigKeys (ConfUtils.java:logGet(46)) - raft.server.threadpool.client.size = 0 (default)
2023-09-07 20:29:29,591 [e6d6ce9d-4fd0-4987-92e7-1065424d9f29-groupManagement] INFO  storage.RaftStorageDirectory (RaftStorageDirectoryImpl.java:analyzeStorage(137)) - The storage directory /home/runner/work/ozone/ozone/hadoop-ozone/integration-test/target/test-dir/MiniOzoneClusterImpl-6e39530a-abb5-4f3a-bb3c-e5f572b2b70f/datanode-2/data/ratis/2ea2a3c0-fea6-41a0-a3c3-546fbc4fbb55 does not exist. Creating ...
2023-09-07 20:29:29,593 [e6d6ce9d-4fd0-4987-92e7-1065424d9f29-groupManagement] INFO  storage.RaftStorageDirectory (RaftStorageDirectoryImpl.java:tryLock(231)) - Lock on /home/runner/work/ozone/ozone/hadoop-ozone/integration-test/target/test-dir/MiniOzoneClusterImpl-6e39530a-abb5-4f3a-bb3c-e5f572b2b70f/datanode-2/data/ratis/2ea2a3c0-fea6-41a0-a3c3-546fbc4fbb55/in_use.lock acquired by nodename 7625@fv-az259-394
2023-09-07 20:29:29,595 [e6d6ce9d-4fd0-4987-92e7-1065424d9f29-groupManagement] INFO  storage.RaftStorage (RaftStorageImpl.java:format(96)) - Storage directory /home/runner/work/ozone/ozone/hadoop-ozone/integration-test/target/test-dir/MiniOzoneClusterImpl-6e39530a-abb5-4f3a-bb3c-e5f572b2b70f/datanode-2/data/ratis/2ea2a3c0-fea6-41a0-a3c3-546fbc4fbb55 has been successfully formatted.
2023-09-07 20:29:29,595 [e6d6ce9d-4fd0-4987-92e7-1065424d9f29-groupManagement] INFO  ratis.ContainerStateMachine (ContainerStateMachine.java:loadSnapshot(262)) - group-546FBC4FBB55: The snapshot info is null. Setting the last applied indexto:(t:0, i:~)
2023-09-07 20:29:29,596 [e6d6ce9d-4fd0-4987-92e7-1065424d9f29-groupManagement] INFO  server.RaftServerConfigKeys (ConfUtils.java:logGet(46)) - raft.server.log.use.memory = false (default)
2023-09-07 20:29:29,596 [e6d6ce9d-4fd0-4987-92e7-1065424d9f29-groupManagement] INFO  server.RaftServerConfigKeys (ConfUtils.java:logGet(46)) - raft.server.log.purge.gap = 1000000 (custom)
2023-09-07 20:29:29,596 [e6d6ce9d-4fd0-4987-92e7-1065424d9f29-groupManagement] INFO  server.RaftServerConfigKeys (ConfUtils.java:logGet(46)) - raft.server.log.appender.buffer.byte-limit = 33554432 (custom)
2023-09-07 20:29:29,596 [e6d6ce9d-4fd0-4987-92e7-1065424d9f29-groupManagement] INFO  server.RaftServerConfigKeys (ConfUtils.java:logGet(46)) - raft.server.log.statemachine.data.read.timeout = 1000ms (default)
2023-09-07 20:29:29,596 [e6d6ce9d-4fd0-4987-92e7-1065424d9f29-groupManagement] INFO  server.RaftServerConfigKeys (ConfUtils.java:logGet(46)) - raft.server.log.purge.preservation.log.num = 0 (default)
2023-09-07 20:29:29,596 [e6d6ce9d-4fd0-4987-92e7-1065424d9f29-groupManagement] INFO  server.RaftServerConfigKeys (ConfUtils.java:logGet(46)) - raft.server.log.segment.size.max = 1048576 (custom)
2023-09-07 20:29:29,597 [e6d6ce9d-4fd0-4987-92e7-1065424d9f29-groupManagement] INFO  server.RaftServerConfigKeys (ConfUtils.java:logGet(46)) - raft.server.log.segment.cache.num.max = 2 (custom)
2023-09-07 20:29:29,597 [e6d6ce9d-4fd0-4987-92e7-1065424d9f29-groupManagement] INFO  server.RaftServerConfigKeys (ConfUtils.java:logGet(46)) - raft.server.log.segment.cache.size.max = 200MB (=209715200) (default)
2023-09-07 20:29:29,597 [e6d6ce9d-4fd0-4987-92e7-1065424d9f29-groupManagement] INFO  server.RaftServerConfigKeys (ConfUtils.java:logGet(46)) - raft.server.log.appender.buffer.byte-limit = 33554432 (custom)
2023-09-07 20:29:29,597 [e6d6ce9d-4fd0-4987-92e7-1065424d9f29-groupManagement] INFO  segmented.SegmentedRaftLogWorker (SegmentedRaftLogWorker.java:<init>(188)) - new e6d6ce9d-4fd0-4987-92e7-1065424d9f29@group-546FBC4FBB55-SegmentedRaftLogWorker for RaftStorageImpl:Storage Directory /home/runner/work/ozone/ozone/hadoop-ozone/integration-test/target/test-dir/MiniOzoneClusterImpl-6e39530a-abb5-4f3a-bb3c-e5f572b2b70f/datanode-2/data/ratis/2ea2a3c0-fea6-41a0-a3c3-546fbc4fbb55
2023-09-07 20:29:29,597 [e6d6ce9d-4fd0-4987-92e7-1065424d9f29-groupManagement] INFO  server.RaftServerConfigKeys (ConfUtils.java:logGet(46)) - raft.server.log.queue.byte-limit = 4294967296 (custom)
2023-09-07 20:29:29,597 [e6d6ce9d-4fd0-4987-92e7-1065424d9f29-groupManagement] INFO  server.RaftServerConfigKeys (ConfUtils.java:logGet(46)) - raft.server.log.queue.element-limit = 1024 (custom)
2023-09-07 20:29:29,597 [e6d6ce9d-4fd0-4987-92e7-1065424d9f29-groupManagement] INFO  server.RaftServerConfigKeys (ConfUtils.java:logGet(46)) - raft.server.log.segment.size.max = 1048576 (custom)
2023-09-07 20:29:29,597 [e6d6ce9d-4fd0-4987-92e7-1065424d9f29-groupManagement] INFO  server.RaftServerConfigKeys (ConfUtils.java:logGet(46)) - raft.server.log.preallocated.size = 16384 (custom)
2023-09-07 20:29:29,598 [e6d6ce9d-4fd0-4987-92e7-1065424d9f29-groupManagement] INFO  server.RaftServerConfigKeys (ConfUtils.java:logGet(46)) - raft.server.log.force.sync.num = 128 (default)
2023-09-07 20:29:29,598 [e6d6ce9d-4fd0-4987-92e7-1065424d9f29-groupManagement] INFO  server.RaftServerConfigKeys (ConfUtils.java:logGet(46)) - raft.server.log.statemachine.data.sync = true (default)
2023-09-07 20:29:29,598 [e6d6ce9d-4fd0-4987-92e7-1065424d9f29-groupManagement] INFO  server.RaftServerConfigKeys (ConfUtils.java:logGet(46)) - raft.server.log.statemachine.data.sync.timeout = 10s (default)
2023-09-07 20:29:29,598 [e6d6ce9d-4fd0-4987-92e7-1065424d9f29-groupManagement] INFO  server.RaftServerConfigKeys (ConfUtils.java:logGet(46)) - raft.server.log.statemachine.data.sync.timeout.retry = -1 (default)
2023-09-07 20:29:29,598 [e6d6ce9d-4fd0-4987-92e7-1065424d9f29-groupManagement] INFO  server.RaftServerConfigKeys (ConfUtils.java:logGet(46)) - raft.server.log.write.buffer.size = 1048576 (custom)
2023-09-07 20:29:29,599 [e6d6ce9d-4fd0-4987-92e7-1065424d9f29-groupManagement] INFO  server.RaftServerConfigKeys (ConfUtils.java:logGet(46)) - raft.server.log.appender.buffer.byte-limit = 33554432 (custom)
2023-09-07 20:29:29,605 [e6d6ce9d-4fd0-4987-92e7-1065424d9f29-groupManagement] INFO  server.RaftServerConfigKeys (ConfUtils.java:logGet(46)) - raft.server.log.unsafe-flush.enabled = false (default)
2023-09-07 20:29:29,605 [e6d6ce9d-4fd0-4987-92e7-1065424d9f29-groupManagement] INFO  server.RaftServerConfigKeys (ConfUtils.java:logGet(46)) - raft.server.log.async-flush.enabled = false (default)
2023-09-07 20:29:29,606 [e6d6ce9d-4fd0-4987-92e7-1065424d9f29-groupManagement] INFO  server.RaftServerConfigKeys (ConfUtils.java:logGet(46)) - raft.server.log.statemachine.data.caching.enabled = true (custom)
2023-09-07 20:29:29,606 [e6d6ce9d-4fd0-4987-92e7-1065424d9f29-groupManagement] INFO  segmented.SegmentedRaftLogWorker (SegmentedRaftLogWorker.java:lambda$new$0(135)) - e6d6ce9d-4fd0-4987-92e7-1065424d9f29@group-546FBC4FBB55-SegmentedRaftLogWorker: flushIndex: setUnconditionally 0 -> -1
2023-09-07 20:29:29,606 [e6d6ce9d-4fd0-4987-92e7-1065424d9f29-groupManagement] INFO  segmented.SegmentedRaftLogWorker (SegmentedRaftLogWorker.java:lambda$new$0(135)) - e6d6ce9d-4fd0-4987-92e7-1065424d9f29@group-546FBC4FBB55-SegmentedRaftLogWorker: safeCacheEvictIndex: setUnconditionally 0 -> -1
2023-09-07 20:29:29,608 [e6d6ce9d-4fd0-4987-92e7-1065424d9f29-groupManagement] INFO  server.RaftServer$Division (RaftServerImpl.java:start(342)) - e6d6ce9d-4fd0-4987-92e7-1065424d9f29@group-546FBC4FBB55: start as a follower, conf=-1: peers:[8788027e-81d1-4d47-afe3-241385989a54|rpc:10.1.0.11:15067|admin:10.1.0.11:15066|client:10.1.0.11:15065|dataStream:10.1.0.11:15068|priority:0|startupRole:FOLLOWER, e6d6ce9d-4fd0-4987-92e7-1065424d9f29|rpc:10.1.0.11:15085|admin:10.1.0.11:15084|client:10.1.0.11:15083|dataStream:10.1.0.11:15086|priority:1|startupRole:FOLLOWER, 2f0e8030-05aa-4e91-b2c6-437482cdb37f|rpc:10.1.0.11:15076|admin:10.1.0.11:15075|client:10.1.0.11:15074|dataStream:10.1.0.11:15077|priority:0|startupRole:FOLLOWER]|listeners:[], old=null
2023-09-07 20:29:29,608 [e6d6ce9d-4fd0-4987-92e7-1065424d9f29-groupManagement] INFO  server.RaftServer$Division (RaftServerImpl.java:setRole(329)) - e6d6ce9d-4fd0-4987-92e7-1065424d9f29@group-546FBC4FBB55: changes role from      null to FOLLOWER at term 0 for startAsFollower
2023-09-07 20:29:29,608 [e6d6ce9d-4fd0-4987-92e7-1065424d9f29-groupManagement] INFO  impl.RoleInfo (RoleInfo.java:updateAndGet(139)) - e6d6ce9d-4fd0-4987-92e7-1065424d9f29: start e6d6ce9d-4fd0-4987-92e7-1065424d9f29@group-546FBC4FBB55-FollowerState
2023-09-07 20:29:29,608 [e6d6ce9d-4fd0-4987-92e7-1065424d9f29-groupManagement] INFO  util.JmxRegister (JmxRegister.java:tryRegister(44)) - Successfully registered JMX Bean with object name Ratis:service=RaftServer,group=group-546FBC4FBB55,id=e6d6ce9d-4fd0-4987-92e7-1065424d9f29
2023-09-07 20:29:29,608 [e6d6ce9d-4fd0-4987-92e7-1065424d9f29@group-546FBC4FBB55-FollowerState] INFO  server.RaftServerConfigKeys (ConfUtils.java:logFallback(53)) - raft.server.rpc.first-election.timeout.min = 5s (fallback to raft.server.rpc.timeout.min)
2023-09-07 20:29:29,608 [e6d6ce9d-4fd0-4987-92e7-1065424d9f29-groupManagement] INFO  server.RaftServerConfigKeys (ConfUtils.java:logGet(46)) - raft.server.snapshot.auto.trigger.enabled = true (custom)
2023-09-07 20:29:29,609 [e6d6ce9d-4fd0-4987-92e7-1065424d9f29@group-546FBC4FBB55-FollowerState] INFO  server.RaftServerConfigKeys (ConfUtils.java:logFallback(53)) - raft.server.rpc.first-election.timeout.max = 5200ms (fallback to raft.server.rpc.timeout.max)
2023-09-07 20:29:29,609 [e6d6ce9d-4fd0-4987-92e7-1065424d9f29-groupManagement] INFO  server.RaftServerConfigKeys (ConfUtils.java:logGet(46)) - raft.server.snapshot.auto.trigger.threshold = 10000 (custom)
2023-09-07 20:29:29,610 [e6d6ce9d-4fd0-4987-92e7-1065424d9f29-groupManagement] INFO  server.RaftServerConfigKeys (ConfUtils.java:logGet(46)) - raft.server.snapshot.retention.file.num = 5 (custom)
2023-09-07 20:29:29,610 [e6d6ce9d-4fd0-4987-92e7-1065424d9f29-groupManagement] INFO  server.RaftServerConfigKeys (ConfUtils.java:logGet(46)) - raft.server.log.purge.upto.snapshot.index = false (default)
2023-09-07 20:29:29,617 [PipelineCommandHandlerThread-0] INFO  commandhandler.CreatePipelineCommandHandler (CreatePipelineCommandHandler.java:lambda$handle$2(124)) - Created Pipeline RATIS THREE PipelineID=2ea2a3c0-fea6-41a0-a3c3-546fbc4fbb55.
2023-09-07 20:29:29,720 [2f0e8030-05aa-4e91-b2c6-437482cdb37f-groupManagement] INFO  server.RaftServer$Division (RaftServerImpl.java:<init>(198)) - 2f0e8030-05aa-4e91-b2c6-437482cdb37f: new RaftServerImpl for group-9DE9C3B524B1:[2f0e8030-05aa-4e91-b2c6-437482cdb37f|rpc:10.1.0.11:15076|admin:10.1.0.11:15075|client:10.1.0.11:15074|dataStream:10.1.0.11:15077|priority:1|startupRole:FOLLOWER] with ContainerStateMachine:uninitialized
2023-09-07 20:29:29,720 [2f0e8030-05aa-4e91-b2c6-437482cdb37f-groupManagement] INFO  server.RaftServerConfigKeys (ConfUtils.java:logGet(46)) - raft.server.rpc.timeout.min = 5s (custom)
2023-09-07 20:29:29,721 [2f0e8030-05aa-4e91-b2c6-437482cdb37f-groupManagement] INFO  server.RaftServerConfigKeys (ConfUtils.java:logGet(46)) - raft.server.rpc.timeout.max = 5200ms (custom)
2023-09-07 20:29:29,721 [2f0e8030-05aa-4e91-b2c6-437482cdb37f-groupManagement] INFO  server.RaftServerConfigKeys (ConfUtils.java:logGet(46)) - raft.server.rpc.sleep.time = 25ms (default)
2023-09-07 20:29:29,721 [2f0e8030-05aa-4e91-b2c6-437482cdb37f-groupManagement] INFO  server.RaftServerConfigKeys (ConfUtils.java:logGet(46)) - raft.server.rpc.slowness.timeout = 300s (custom)
2023-09-07 20:29:29,721 [2f0e8030-05aa-4e91-b2c6-437482cdb37f-groupManagement] INFO  server.RaftServerConfigKeys (ConfUtils.java:logGet(46)) - raft.server.leaderelection.leader.step-down.wait-time = 10s (default)
2023-09-07 20:29:29,721 [2f0e8030-05aa-4e91-b2c6-437482cdb37f-groupManagement] INFO  server.RaftServerConfigKeys (ConfUtils.java:logGet(46)) - raft.server.sleep.deviation.threshold = 300ms (default)
2023-09-07 20:29:29,721 [2f0e8030-05aa-4e91-b2c6-437482cdb37f-groupManagement] INFO  server.RaftServer$Division (ServerState.java:<init>(120)) - 2f0e8030-05aa-4e91-b2c6-437482cdb37f@group-9DE9C3B524B1: ConfigurationManager, init=-1: peers:[2f0e8030-05aa-4e91-b2c6-437482cdb37f|rpc:10.1.0.11:15076|admin:10.1.0.11:15075|client:10.1.0.11:15074|dataStream:10.1.0.11:15077|priority:1|startupRole:FOLLOWER]|listeners:[], old=null, confs=<EMPTY_MAP>
2023-09-07 20:29:29,721 [2f0e8030-05aa-4e91-b2c6-437482cdb37f-groupManagement] INFO  server.RaftServerConfigKeys (ConfUtils.java:logGet(46)) - raft.server.storage.dir = [/home/runner/work/ozone/ozone/hadoop-ozone/integration-test/target/test-dir/MiniOzoneClusterImpl-6e39530a-abb5-4f3a-bb3c-e5f572b2b70f/datanode-1/data/ratis] (custom)
2023-09-07 20:29:29,721 [2f0e8030-05aa-4e91-b2c6-437482cdb37f-groupManagement] INFO  server.RaftServerConfigKeys (ConfUtils.java:logGet(46)) - raft.server.log.corruption.policy = EXCEPTION (default)
2023-09-07 20:29:29,721 [2f0e8030-05aa-4e91-b2c6-437482cdb37f-groupManagement] INFO  server.RaftServerConfigKeys (ConfUtils.java:logGet(46)) - raft.server.storage.free-space.min = 0MB (=0) (default)
2023-09-07 20:29:29,721 [2f0e8030-05aa-4e91-b2c6-437482cdb37f-groupManagement] INFO  server.RaftServerConfigKeys (ConfUtils.java:logGet(46)) - raft.server.notification.no-leader.timeout = 300s (custom)
2023-09-07 20:29:29,721 [2f0e8030-05aa-4e91-b2c6-437482cdb37f-groupManagement] INFO  server.RaftServerConfigKeys (ConfUtils.java:logGet(46)) - raft.server.read.timeout = 10s (default)
2023-09-07 20:29:29,721 [2f0e8030-05aa-4e91-b2c6-437482cdb37f-groupManagement] INFO  server.RaftServerConfigKeys (ConfUtils.java:logGet(46)) - raft.server.retrycache.expirytime = 600000ms (custom)
2023-09-07 20:29:29,723 [2f0e8030-05aa-4e91-b2c6-437482cdb37f-groupManagement] INFO  server.RaftServerConfigKeys (ConfUtils.java:logGet(46)) - raft.server.retrycache.statistics.expirytime = 100μs (default)
2023-09-07 20:29:29,724 [2f0e8030-05aa-4e91-b2c6-437482cdb37f-groupManagement] INFO  server.RaftServerConfigKeys (ConfUtils.java:logGet(46)) - raft.server.read.option = DEFAULT (default)
2023-09-07 20:29:29,724 [2f0e8030-05aa-4e91-b2c6-437482cdb37f-groupManagement] INFO  server.RaftServerConfigKeys (ConfUtils.java:logGet(46)) - raft.server.rpc.request.timeout = 60s (custom)
2023-09-07 20:29:29,725 [2f0e8030-05aa-4e91-b2c6-437482cdb37f-groupManagement] INFO  server.RaftServerConfigKeys (ConfUtils.java:logGet(46)) - raft.server.log.appender.install.snapshot.enabled = false (custom)
2023-09-07 20:29:29,725 [2f0e8030-05aa-4e91-b2c6-437482cdb37f-groupManagement] INFO  server.RaftServerConfigKeys (ConfUtils.java:logGet(46)) - raft.server.threadpool.server.cached = true (default)
2023-09-07 20:29:29,725 [2f0e8030-05aa-4e91-b2c6-437482cdb37f-groupManagement] INFO  server.RaftServerConfigKeys (ConfUtils.java:logGet(46)) - raft.server.threadpool.server.size = 0 (default)
2023-09-07 20:29:29,725 [2f0e8030-05aa-4e91-b2c6-437482cdb37f-groupManagement] INFO  server.RaftServerConfigKeys (ConfUtils.java:logGet(46)) - raft.server.threadpool.client.cached = true (default)
2023-09-07 20:29:29,725 [2f0e8030-05aa-4e91-b2c6-437482cdb37f-groupManagement] INFO  server.RaftServerConfigKeys (ConfUtils.java:logGet(46)) - raft.server.threadpool.client.size = 0 (default)
2023-09-07 20:29:29,725 [PipelineCommandHandlerThread-0] INFO  server.RaftServer (RaftServerProxy.java:addNew(98)) - 2f0e8030-05aa-4e91-b2c6-437482cdb37f: addNew group-9DE9C3B524B1:[2f0e8030-05aa-4e91-b2c6-437482cdb37f|rpc:10.1.0.11:15076|admin:10.1.0.11:15075|client:10.1.0.11:15074|dataStream:10.1.0.11:15077|priority:1|startupRole:FOLLOWER] returns      null 2f0e8030-05aa-4e91-b2c6-437482cdb37f@group-9DE9C3B524B1:t0, leader=null, voted=null, raftlog=UNINITIALIZED, conf=-1: peers:[2f0e8030-05aa-4e91-b2c6-437482cdb37f|rpc:10.1.0.11:15076|admin:10.1.0.11:15075|client:10.1.0.11:15074|dataStream:10.1.0.11:15077|priority:1|startupRole:FOLLOWER]|listeners:[], old=null NEW
2023-09-07 20:29:29,725 [2f0e8030-05aa-4e91-b2c6-437482cdb37f-groupManagement] INFO  storage.RaftStorageDirectory (RaftStorageDirectoryImpl.java:analyzeStorage(137)) - The storage directory /home/runner/work/ozone/ozone/hadoop-ozone/integration-test/target/test-dir/MiniOzoneClusterImpl-6e39530a-abb5-4f3a-bb3c-e5f572b2b70f/datanode-1/data/ratis/ce95868c-645b-429f-ad82-9de9c3b524b1 does not exist. Creating ...
2023-09-07 20:29:29,727 [2f0e8030-05aa-4e91-b2c6-437482cdb37f-groupManagement] INFO  storage.RaftStorageDirectory (RaftStorageDirectoryImpl.java:tryLock(231)) - Lock on /home/runner/work/ozone/ozone/hadoop-ozone/integration-test/target/test-dir/MiniOzoneClusterImpl-6e39530a-abb5-4f3a-bb3c-e5f572b2b70f/datanode-1/data/ratis/ce95868c-645b-429f-ad82-9de9c3b524b1/in_use.lock acquired by nodename 7625@fv-az259-394
2023-09-07 20:29:29,729 [2f0e8030-05aa-4e91-b2c6-437482cdb37f-groupManagement] INFO  storage.RaftStorage (RaftStorageImpl.java:format(96)) - Storage directory /home/runner/work/ozone/ozone/hadoop-ozone/integration-test/target/test-dir/MiniOzoneClusterImpl-6e39530a-abb5-4f3a-bb3c-e5f572b2b70f/datanode-1/data/ratis/ce95868c-645b-429f-ad82-9de9c3b524b1 has been successfully formatted.
2023-09-07 20:29:29,730 [2f0e8030-05aa-4e91-b2c6-437482cdb37f-groupManagement] INFO  ratis.ContainerStateMachine (ContainerStateMachine.java:loadSnapshot(262)) - group-9DE9C3B524B1: The snapshot info is null. Setting the last applied indexto:(t:0, i:~)
2023-09-07 20:29:29,730 [2f0e8030-05aa-4e91-b2c6-437482cdb37f-groupManagement] INFO  server.RaftServerConfigKeys (ConfUtils.java:logGet(46)) - raft.server.log.use.memory = false (default)
2023-09-07 20:29:29,731 [EventQueue-PipelineReportForPipelineReportHandler] INFO  pipeline.PipelineReportHandler (PipelineReportHandler.java:processPipelineReport(136)) - Opened pipeline PipelineID=ce95868c-645b-429f-ad82-9de9c3b524b1
2023-09-07 20:29:29,731 [EventQueue-OpenPipelineForHealthyPipelineSafeModeRule] INFO  safemode.SCMSafeModeManager (HealthyPipelineSafeModeRule.java:process(137)) - SCM in safe mode. Healthy pipelines reported count is 0, required healthy pipeline reported count is 1
2023-09-07 20:29:29,731 [2f0e8030-05aa-4e91-b2c6-437482cdb37f-groupManagement] INFO  server.RaftServerConfigKeys (ConfUtils.java:logGet(46)) - raft.server.log.purge.gap = 1000000 (custom)
2023-09-07 20:29:29,732 [2f0e8030-05aa-4e91-b2c6-437482cdb37f-groupManagement] INFO  server.RaftServerConfigKeys (ConfUtils.java:logGet(46)) - raft.server.log.appender.buffer.byte-limit = 33554432 (custom)
2023-09-07 20:29:29,732 [2f0e8030-05aa-4e91-b2c6-437482cdb37f-groupManagement] INFO  server.RaftServerConfigKeys (ConfUtils.java:logGet(46)) - raft.server.log.statemachine.data.read.timeout = 1000ms (default)
2023-09-07 20:29:29,732 [2f0e8030-05aa-4e91-b2c6-437482cdb37f-groupManagement] INFO  server.RaftServerConfigKeys (ConfUtils.java:logGet(46)) - raft.server.log.purge.preservation.log.num = 0 (default)
2023-09-07 20:29:29,732 [2f0e8030-05aa-4e91-b2c6-437482cdb37f-groupManagement] INFO  server.RaftServerConfigKeys (ConfUtils.java:logGet(46)) - raft.server.log.segment.size.max = 1048576 (custom)
2023-09-07 20:29:29,732 [2f0e8030-05aa-4e91-b2c6-437482cdb37f-groupManagement] INFO  server.RaftServerConfigKeys (ConfUtils.java:logGet(46)) - raft.server.log.segment.cache.num.max = 2 (custom)
2023-09-07 20:29:29,732 [2f0e8030-05aa-4e91-b2c6-437482cdb37f-groupManagement] INFO  server.RaftServerConfigKeys (ConfUtils.java:logGet(46)) - raft.server.log.segment.cache.size.max = 200MB (=209715200) (default)
2023-09-07 20:29:29,733 [2f0e8030-05aa-4e91-b2c6-437482cdb37f-groupManagement] INFO  server.RaftServerConfigKeys (ConfUtils.java:logGet(46)) - raft.server.log.appender.buffer.byte-limit = 33554432 (custom)
2023-09-07 20:29:29,733 [2f0e8030-05aa-4e91-b2c6-437482cdb37f-groupManagement] INFO  segmented.SegmentedRaftLogWorker (SegmentedRaftLogWorker.java:<init>(188)) - new 2f0e8030-05aa-4e91-b2c6-437482cdb37f@group-9DE9C3B524B1-SegmentedRaftLogWorker for RaftStorageImpl:Storage Directory /home/runner/work/ozone/ozone/hadoop-ozone/integration-test/target/test-dir/MiniOzoneClusterImpl-6e39530a-abb5-4f3a-bb3c-e5f572b2b70f/datanode-1/data/ratis/ce95868c-645b-429f-ad82-9de9c3b524b1
2023-09-07 20:29:29,733 [2f0e8030-05aa-4e91-b2c6-437482cdb37f-groupManagement] INFO  server.RaftServerConfigKeys (ConfUtils.java:logGet(46)) - raft.server.log.queue.byte-limit = 4294967296 (custom)
2023-09-07 20:29:29,733 [2f0e8030-05aa-4e91-b2c6-437482cdb37f-groupManagement] INFO  server.RaftServerConfigKeys (ConfUtils.java:logGet(46)) - raft.server.log.queue.element-limit = 1024 (custom)
2023-09-07 20:29:29,733 [2f0e8030-05aa-4e91-b2c6-437482cdb37f-groupManagement] INFO  server.RaftServerConfigKeys (ConfUtils.java:logGet(46)) - raft.server.log.segment.size.max = 1048576 (custom)
2023-09-07 20:29:29,733 [2f0e8030-05aa-4e91-b2c6-437482cdb37f-groupManagement] INFO  server.RaftServerConfigKeys (ConfUtils.java:logGet(46)) - raft.server.log.preallocated.size = 16384 (custom)
2023-09-07 20:29:29,733 [2f0e8030-05aa-4e91-b2c6-437482cdb37f-groupManagement] INFO  server.RaftServerConfigKeys (ConfUtils.java:logGet(46)) - raft.server.log.force.sync.num = 128 (default)
2023-09-07 20:29:29,733 [2f0e8030-05aa-4e91-b2c6-437482cdb37f-groupManagement] INFO  server.RaftServerConfigKeys (ConfUtils.java:logGet(46)) - raft.server.log.statemachine.data.sync = true (default)
2023-09-07 20:29:29,733 [2f0e8030-05aa-4e91-b2c6-437482cdb37f-groupManagement] INFO  server.RaftServerConfigKeys (ConfUtils.java:logGet(46)) - raft.server.log.statemachine.data.sync.timeout = 10s (default)
2023-09-07 20:29:29,733 [2f0e8030-05aa-4e91-b2c6-437482cdb37f-groupManagement] INFO  server.RaftServerConfigKeys (ConfUtils.java:logGet(46)) - raft.server.log.statemachine.data.sync.timeout.retry = -1 (default)
2023-09-07 20:29:29,734 [2f0e8030-05aa-4e91-b2c6-437482cdb37f-groupManagement] INFO  server.RaftServerConfigKeys (ConfUtils.java:logGet(46)) - raft.server.log.write.buffer.size = 1048576 (custom)
2023-09-07 20:29:29,735 [2f0e8030-05aa-4e91-b2c6-437482cdb37f-groupManagement] INFO  server.RaftServerConfigKeys (ConfUtils.java:logGet(46)) - raft.server.log.appender.buffer.byte-limit = 33554432 (custom)
2023-09-07 20:29:29,742 [2f0e8030-05aa-4e91-b2c6-437482cdb37f-groupManagement] INFO  server.RaftServerConfigKeys (ConfUtils.java:logGet(46)) - raft.server.log.unsafe-flush.enabled = false (default)
2023-09-07 20:29:29,742 [2f0e8030-05aa-4e91-b2c6-437482cdb37f-groupManagement] INFO  server.RaftServerConfigKeys (ConfUtils.java:logGet(46)) - raft.server.log.async-flush.enabled = false (default)
2023-09-07 20:29:29,742 [2f0e8030-05aa-4e91-b2c6-437482cdb37f-groupManagement] INFO  server.RaftServerConfigKeys (ConfUtils.java:logGet(46)) - raft.server.log.statemachine.data.caching.enabled = true (custom)
2023-09-07 20:29:29,742 [2f0e8030-05aa-4e91-b2c6-437482cdb37f-groupManagement] INFO  segmented.SegmentedRaftLogWorker (SegmentedRaftLogWorker.java:lambda$new$0(135)) - 2f0e8030-05aa-4e91-b2c6-437482cdb37f@group-9DE9C3B524B1-SegmentedRaftLogWorker: flushIndex: setUnconditionally 0 -> -1
2023-09-07 20:29:29,742 [2f0e8030-05aa-4e91-b2c6-437482cdb37f-groupManagement] INFO  segmented.SegmentedRaftLogWorker (SegmentedRaftLogWorker.java:lambda$new$0(135)) - 2f0e8030-05aa-4e91-b2c6-437482cdb37f@group-9DE9C3B524B1-SegmentedRaftLogWorker: safeCacheEvictIndex: setUnconditionally 0 -> -1
2023-09-07 20:29:29,743 [2f0e8030-05aa-4e91-b2c6-437482cdb37f-groupManagement] INFO  server.RaftServer$Division (RaftServerImpl.java:start(342)) - 2f0e8030-05aa-4e91-b2c6-437482cdb37f@group-9DE9C3B524B1: start as a follower, conf=-1: peers:[2f0e8030-05aa-4e91-b2c6-437482cdb37f|rpc:10.1.0.11:15076|admin:10.1.0.11:15075|client:10.1.0.11:15074|dataStream:10.1.0.11:15077|priority:1|startupRole:FOLLOWER]|listeners:[], old=null
2023-09-07 20:29:29,743 [2f0e8030-05aa-4e91-b2c6-437482cdb37f-groupManagement] INFO  server.RaftServer$Division (RaftServerImpl.java:setRole(329)) - 2f0e8030-05aa-4e91-b2c6-437482cdb37f@group-9DE9C3B524B1: changes role from      null to FOLLOWER at term 0 for startAsFollower
2023-09-07 20:29:29,743 [2f0e8030-05aa-4e91-b2c6-437482cdb37f-groupManagement] INFO  impl.RoleInfo (RoleInfo.java:updateAndGet(139)) - 2f0e8030-05aa-4e91-b2c6-437482cdb37f: start 2f0e8030-05aa-4e91-b2c6-437482cdb37f@group-9DE9C3B524B1-FollowerState
2023-09-07 20:29:29,753 [2f0e8030-05aa-4e91-b2c6-437482cdb37f-groupManagement] INFO  util.JmxRegister (JmxRegister.java:tryRegister(44)) - Successfully registered JMX Bean with object name Ratis:service=RaftServer,group=group-9DE9C3B524B1,id=2f0e8030-05aa-4e91-b2c6-437482cdb37f
2023-09-07 20:29:29,754 [2f0e8030-05aa-4e91-b2c6-437482cdb37f-groupManagement] INFO  server.RaftServerConfigKeys (ConfUtils.java:logGet(46)) - raft.server.snapshot.auto.trigger.enabled = true (custom)
2023-09-07 20:29:29,754 [2f0e8030-05aa-4e91-b2c6-437482cdb37f-groupManagement] INFO  server.RaftServerConfigKeys (ConfUtils.java:logGet(46)) - raft.server.snapshot.auto.trigger.threshold = 10000 (custom)
2023-09-07 20:29:29,754 [2f0e8030-05aa-4e91-b2c6-437482cdb37f-groupManagement] INFO  server.RaftServerConfigKeys (ConfUtils.java:logGet(46)) - raft.server.snapshot.retention.file.num = 5 (custom)
2023-09-07 20:29:29,754 [2f0e8030-05aa-4e91-b2c6-437482cdb37f-groupManagement] INFO  server.RaftServerConfigKeys (ConfUtils.java:logGet(46)) - raft.server.log.purge.upto.snapshot.index = false (default)
2023-09-07 20:29:29,754 [PipelineCommandHandlerThread-0] INFO  ratis.XceiverServerRatis (XceiverServerRatis.java:addGroup(804)) - Created group PipelineID=ce95868c-645b-429f-ad82-9de9c3b524b1
2023-09-07 20:29:29,755 [2f0e8030-05aa-4e91-b2c6-437482cdb37f@group-9DE9C3B524B1-FollowerState] INFO  server.RaftServerConfigKeys (ConfUtils.java:logFallback(53)) - raft.server.rpc.first-election.timeout.min = 5s (fallback to raft.server.rpc.timeout.min)
2023-09-07 20:29:29,755 [PipelineCommandHandlerThread-0] INFO  commandhandler.CreatePipelineCommandHandler (CreatePipelineCommandHandler.java:lambda$handle$2(124)) - Created Pipeline RATIS ONE PipelineID=ce95868c-645b-429f-ad82-9de9c3b524b1.
2023-09-07 20:29:29,755 [2f0e8030-05aa-4e91-b2c6-437482cdb37f@group-9DE9C3B524B1-FollowerState] INFO  server.RaftServerConfigKeys (ConfUtils.java:logFallback(53)) - raft.server.rpc.first-election.timeout.max = 5200ms (fallback to raft.server.rpc.timeout.max)
2023-09-07 20:29:29,807 [main] INFO  ozone.MiniOzoneClusterImpl (MiniOzoneClusterImpl.java:lambda$waitForClusterToBeReady$0(224)) - Nodes are ready. Got 5 of 5 DN Heartbeats.
2023-09-07 20:29:29,808 [main] INFO  ozone.MiniOzoneClusterImpl (MiniOzoneClusterImpl.java:lambda$waitForClusterToBeReady$0(227)) - Waiting for cluster to exit safe mode
2023-09-07 20:29:29,808 [main] INFO  ozone.MiniOzoneClusterImpl (MiniOzoneClusterImpl.java:lambda$waitForClusterToBeReady$0(229)) - SCM became leader
2023-09-07 20:29:30,098 [PipelineCommandHandlerThread-0] INFO  server.RaftServer (RaftServerProxy.java:addNew(98)) - e6d6ce9d-4fd0-4987-92e7-1065424d9f29: addNew group-2E97BE5E65B8:[e6d6ce9d-4fd0-4987-92e7-1065424d9f29|rpc:10.1.0.11:15085|admin:10.1.0.11:15084|client:10.1.0.11:15083|dataStream:10.1.0.11:15086|priority:1|startupRole:FOLLOWER] returns group-2E97BE5E65B8:java.util.concurrent.CompletableFuture@34010a6f[Not completed]
2023-09-07 20:29:30,099 [e6d6ce9d-4fd0-4987-92e7-1065424d9f29-groupManagement] INFO  server.RaftServer$Division (RaftServerImpl.java:<init>(198)) - e6d6ce9d-4fd0-4987-92e7-1065424d9f29: new RaftServerImpl for group-2E97BE5E65B8:[e6d6ce9d-4fd0-4987-92e7-1065424d9f29|rpc:10.1.0.11:15085|admin:10.1.0.11:15084|client:10.1.0.11:15083|dataStream:10.1.0.11:15086|priority:1|startupRole:FOLLOWER] with ContainerStateMachine:uninitialized
2023-09-07 20:29:30,099 [e6d6ce9d-4fd0-4987-92e7-1065424d9f29-groupManagement] INFO  server.RaftServerConfigKeys (ConfUtils.java:logGet(46)) - raft.server.rpc.timeout.min = 5s (custom)
2023-09-07 20:29:30,100 [e6d6ce9d-4fd0-4987-92e7-1065424d9f29-groupManagement] INFO  server.RaftServerConfigKeys (ConfUtils.java:logGet(46)) - raft.server.rpc.timeout.max = 5200ms (custom)
2023-09-07 20:29:30,100 [e6d6ce9d-4fd0-4987-92e7-1065424d9f29-groupManagement] INFO  server.RaftServerConfigKeys (ConfUtils.java:logGet(46)) - raft.server.rpc.sleep.time = 25ms (default)
2023-09-07 20:29:30,100 [e6d6ce9d-4fd0-4987-92e7-1065424d9f29-groupManagement] INFO  server.RaftServerConfigKeys (ConfUtils.java:logGet(46)) - raft.server.rpc.slowness.timeout = 300s (custom)
2023-09-07 20:29:30,100 [e6d6ce9d-4fd0-4987-92e7-1065424d9f29-groupManagement] INFO  server.RaftServerConfigKeys (ConfUtils.java:logGet(46)) - raft.server.leaderelection.leader.step-down.wait-time = 10s (default)
2023-09-07 20:29:30,100 [e6d6ce9d-4fd0-4987-92e7-1065424d9f29-groupManagement] INFO  server.RaftServerConfigKeys (ConfUtils.java:logGet(46)) - raft.server.sleep.deviation.threshold = 300ms (default)
2023-09-07 20:29:30,100 [e6d6ce9d-4fd0-4987-92e7-1065424d9f29-groupManagement] INFO  server.RaftServer$Division (ServerState.java:<init>(120)) - e6d6ce9d-4fd0-4987-92e7-1065424d9f29@group-2E97BE5E65B8: ConfigurationManager, init=-1: peers:[e6d6ce9d-4fd0-4987-92e7-1065424d9f29|rpc:10.1.0.11:15085|admin:10.1.0.11:15084|client:10.1.0.11:15083|dataStream:10.1.0.11:15086|priority:1|startupRole:FOLLOWER]|listeners:[], old=null, confs=<EMPTY_MAP>
2023-09-07 20:29:30,100 [e6d6ce9d-4fd0-4987-92e7-1065424d9f29-groupManagement] INFO  server.RaftServerConfigKeys (ConfUtils.java:logGet(46)) - raft.server.storage.dir = [/home/runner/work/ozone/ozone/hadoop-ozone/integration-test/target/test-dir/MiniOzoneClusterImpl-6e39530a-abb5-4f3a-bb3c-e5f572b2b70f/datanode-2/data/ratis] (custom)
2023-09-07 20:29:30,100 [e6d6ce9d-4fd0-4987-92e7-1065424d9f29-groupManagement] INFO  server.RaftServerConfigKeys (ConfUtils.java:logGet(46)) - raft.server.log.corruption.policy = EXCEPTION (default)
2023-09-07 20:29:30,100 [e6d6ce9d-4fd0-4987-92e7-1065424d9f29-groupManagement] INFO  server.RaftServerConfigKeys (ConfUtils.java:logGet(46)) - raft.server.storage.free-space.min = 0MB (=0) (default)
2023-09-07 20:29:30,100 [e6d6ce9d-4fd0-4987-92e7-1065424d9f29-groupManagement] INFO  server.RaftServerConfigKeys (ConfUtils.java:logGet(46)) - raft.server.notification.no-leader.timeout = 300s (custom)
2023-09-07 20:29:30,100 [e6d6ce9d-4fd0-4987-92e7-1065424d9f29-groupManagement] INFO  server.RaftServerConfigKeys (ConfUtils.java:logGet(46)) - raft.server.read.timeout = 10s (default)
2023-09-07 20:29:30,101 [e6d6ce9d-4fd0-4987-92e7-1065424d9f29-groupManagement] INFO  server.RaftServerConfigKeys (ConfUtils.java:logGet(46)) - raft.server.retrycache.expirytime = 600000ms (custom)
2023-09-07 20:29:30,101 [e6d6ce9d-4fd0-4987-92e7-1065424d9f29-groupManagement] INFO  server.RaftServerConfigKeys (ConfUtils.java:logGet(46)) - raft.server.retrycache.statistics.expirytime = 100μs (default)
2023-09-07 20:29:30,101 [e6d6ce9d-4fd0-4987-92e7-1065424d9f29-groupManagement] INFO  server.RaftServerConfigKeys (ConfUtils.java:logGet(46)) - raft.server.read.option = DEFAULT (default)
2023-09-07 20:29:30,102 [e6d6ce9d-4fd0-4987-92e7-1065424d9f29-groupManagement] INFO  server.RaftServerConfigKeys (ConfUtils.java:logGet(46)) - raft.server.rpc.request.timeout = 60s (custom)
2023-09-07 20:29:30,102 [e6d6ce9d-4fd0-4987-92e7-1065424d9f29-groupManagement] INFO  server.RaftServerConfigKeys (ConfUtils.java:logGet(46)) - raft.server.log.appender.install.snapshot.enabled = false (custom)
2023-09-07 20:29:30,102 [e6d6ce9d-4fd0-4987-92e7-1065424d9f29-groupManagement] INFO  server.RaftServerConfigKeys (ConfUtils.java:logGet(46)) - raft.server.threadpool.server.cached = true (default)
2023-09-07 20:29:30,102 [e6d6ce9d-4fd0-4987-92e7-1065424d9f29-groupManagement] INFO  server.RaftServerConfigKeys (ConfUtils.java:logGet(46)) - raft.server.threadpool.server.size = 0 (default)
2023-09-07 20:29:30,102 [e6d6ce9d-4fd0-4987-92e7-1065424d9f29-groupManagement] INFO  server.RaftServerConfigKeys (ConfUtils.java:logGet(46)) - raft.server.threadpool.client.cached = true (default)
2023-09-07 20:29:30,102 [e6d6ce9d-4fd0-4987-92e7-1065424d9f29-groupManagement] INFO  server.RaftServerConfigKeys (ConfUtils.java:logGet(46)) - raft.server.threadpool.client.size = 0 (default)
2023-09-07 20:29:30,102 [e6d6ce9d-4fd0-4987-92e7-1065424d9f29-groupManagement] INFO  storage.RaftStorageDirectory (RaftStorageDirectoryImpl.java:analyzeStorage(137)) - The storage directory /home/runner/work/ozone/ozone/hadoop-ozone/integration-test/target/test-dir/MiniOzoneClusterImpl-6e39530a-abb5-4f3a-bb3c-e5f572b2b70f/datanode-2/data/ratis/1548aea4-bc36-4ac5-a4f6-2e97be5e65b8 does not exist. Creating ...
2023-09-07 20:29:30,105 [e6d6ce9d-4fd0-4987-92e7-1065424d9f29-groupManagement] INFO  storage.RaftStorageDirectory (RaftStorageDirectoryImpl.java:tryLock(231)) - Lock on /home/runner/work/ozone/ozone/hadoop-ozone/integration-test/target/test-dir/MiniOzoneClusterImpl-6e39530a-abb5-4f3a-bb3c-e5f572b2b70f/datanode-2/data/ratis/1548aea4-bc36-4ac5-a4f6-2e97be5e65b8/in_use.lock acquired by nodename 7625@fv-az259-394
2023-09-07 20:29:30,106 [e6d6ce9d-4fd0-4987-92e7-1065424d9f29-groupManagement] INFO  storage.RaftStorage (RaftStorageImpl.java:format(96)) - Storage directory /home/runner/work/ozone/ozone/hadoop-ozone/integration-test/target/test-dir/MiniOzoneClusterImpl-6e39530a-abb5-4f3a-bb3c-e5f572b2b70f/datanode-2/data/ratis/1548aea4-bc36-4ac5-a4f6-2e97be5e65b8 has been successfully formatted.
2023-09-07 20:29:30,108 [e6d6ce9d-4fd0-4987-92e7-1065424d9f29-groupManagement] INFO  ratis.ContainerStateMachine (ContainerStateMachine.java:loadSnapshot(262)) - group-2E97BE5E65B8: The snapshot info is null. Setting the last applied indexto:(t:0, i:~)
2023-09-07 20:29:30,108 [e6d6ce9d-4fd0-4987-92e7-1065424d9f29-groupManagement] INFO  server.RaftServerConfigKeys (ConfUtils.java:logGet(46)) - raft.server.log.use.memory = false (default)
2023-09-07 20:29:30,109 [e6d6ce9d-4fd0-4987-92e7-1065424d9f29-groupManagement] INFO  server.RaftServerConfigKeys (ConfUtils.java:logGet(46)) - raft.server.log.purge.gap = 1000000 (custom)
2023-09-07 20:29:30,109 [e6d6ce9d-4fd0-4987-92e7-1065424d9f29-groupManagement] INFO  server.RaftServerConfigKeys (ConfUtils.java:logGet(46)) - raft.server.log.appender.buffer.byte-limit = 33554432 (custom)
2023-09-07 20:29:30,109 [e6d6ce9d-4fd0-4987-92e7-1065424d9f29-groupManagement] INFO  server.RaftServerConfigKeys (ConfUtils.java:logGet(46)) - raft.server.log.statemachine.data.read.timeout = 1000ms (default)
2023-09-07 20:29:30,109 [e6d6ce9d-4fd0-4987-92e7-1065424d9f29-groupManagement] INFO  server.RaftServerConfigKeys (ConfUtils.java:logGet(46)) - raft.server.log.purge.preservation.log.num = 0 (default)
2023-09-07 20:29:30,109 [e6d6ce9d-4fd0-4987-92e7-1065424d9f29-groupManagement] INFO  server.RaftServerConfigKeys (ConfUtils.java:logGet(46)) - raft.server.log.segment.size.max = 1048576 (custom)
2023-09-07 20:29:30,109 [EventQueue-PipelineReportForPipelineReportHandler] INFO  pipeline.PipelineReportHandler (PipelineReportHandler.java:processPipelineReport(136)) - Opened pipeline PipelineID=1548aea4-bc36-4ac5-a4f6-2e97be5e65b8
2023-09-07 20:29:30,110 [EventQueue-OpenPipelineForHealthyPipelineSafeModeRule] INFO  safemode.SCMSafeModeManager (HealthyPipelineSafeModeRule.java:process(137)) - SCM in safe mode. Healthy pipelines reported count is 0, required healthy pipeline reported count is 1
2023-09-07 20:29:30,110 [e6d6ce9d-4fd0-4987-92e7-1065424d9f29-groupManagement] INFO  server.RaftServerConfigKeys (ConfUtils.java:logGet(46)) - raft.server.log.segment.cache.num.max = 2 (custom)
2023-09-07 20:29:30,110 [e6d6ce9d-4fd0-4987-92e7-1065424d9f29-groupManagement] INFO  server.RaftServerConfigKeys (ConfUtils.java:logGet(46)) - raft.server.log.segment.cache.size.max = 200MB (=209715200) (default)
2023-09-07 20:29:30,110 [e6d6ce9d-4fd0-4987-92e7-1065424d9f29-groupManagement] INFO  server.RaftServerConfigKeys (ConfUtils.java:logGet(46)) - raft.server.log.appender.buffer.byte-limit = 33554432 (custom)
2023-09-07 20:29:30,110 [e6d6ce9d-4fd0-4987-92e7-1065424d9f29-groupManagement] INFO  segmented.SegmentedRaftLogWorker (SegmentedRaftLogWorker.java:<init>(188)) - new e6d6ce9d-4fd0-4987-92e7-1065424d9f29@group-2E97BE5E65B8-SegmentedRaftLogWorker for RaftStorageImpl:Storage Directory /home/runner/work/ozone/ozone/hadoop-ozone/integration-test/target/test-dir/MiniOzoneClusterImpl-6e39530a-abb5-4f3a-bb3c-e5f572b2b70f/datanode-2/data/ratis/1548aea4-bc36-4ac5-a4f6-2e97be5e65b8
2023-09-07 20:29:30,110 [e6d6ce9d-4fd0-4987-92e7-1065424d9f29-groupManagement] INFO  server.RaftServerConfigKeys (ConfUtils.java:logGet(46)) - raft.server.log.queue.byte-limit = 4294967296 (custom)
2023-09-07 20:29:30,110 [e6d6ce9d-4fd0-4987-92e7-1065424d9f29-groupManagement] INFO  server.RaftServerConfigKeys (ConfUtils.java:logGet(46)) - raft.server.log.queue.element-limit = 1024 (custom)
2023-09-07 20:29:30,110 [e6d6ce9d-4fd0-4987-92e7-1065424d9f29-groupManagement] INFO  server.RaftServerConfigKeys (ConfUtils.java:logGet(46)) - raft.server.log.segment.size.max = 1048576 (custom)
2023-09-07 20:29:30,110 [e6d6ce9d-4fd0-4987-92e7-1065424d9f29-groupManagement] INFO  server.RaftServerConfigKeys (ConfUtils.java:logGet(46)) - raft.server.log.preallocated.size = 16384 (custom)
2023-09-07 20:29:30,110 [e6d6ce9d-4fd0-4987-92e7-1065424d9f29-groupManagement] INFO  server.RaftServerConfigKeys (ConfUtils.java:logGet(46)) - raft.server.log.force.sync.num = 128 (default)
2023-09-07 20:29:30,111 [e6d6ce9d-4fd0-4987-92e7-1065424d9f29-groupManagement] INFO  server.RaftServerConfigKeys (ConfUtils.java:logGet(46)) - raft.server.log.statemachine.data.sync = true (default)
2023-09-07 20:29:30,111 [e6d6ce9d-4fd0-4987-92e7-1065424d9f29-groupManagement] INFO  server.RaftServerConfigKeys (ConfUtils.java:logGet(46)) - raft.server.log.statemachine.data.sync.timeout = 10s (default)
2023-09-07 20:29:30,111 [e6d6ce9d-4fd0-4987-92e7-1065424d9f29-groupManagement] INFO  server.RaftServerConfigKeys (ConfUtils.java:logGet(46)) - raft.server.log.statemachine.data.sync.timeout.retry = -1 (default)
2023-09-07 20:29:30,111 [e6d6ce9d-4fd0-4987-92e7-1065424d9f29-groupManagement] INFO  server.RaftServerConfigKeys (ConfUtils.java:logGet(46)) - raft.server.log.write.buffer.size = 1048576 (custom)
2023-09-07 20:29:30,112 [e6d6ce9d-4fd0-4987-92e7-1065424d9f29-groupManagement] INFO  server.RaftServerConfigKeys (ConfUtils.java:logGet(46)) - raft.server.log.appender.buffer.byte-limit = 33554432 (custom)
2023-09-07 20:29:30,119 [e6d6ce9d-4fd0-4987-92e7-1065424d9f29-groupManagement] INFO  server.RaftServerConfigKeys (ConfUtils.java:logGet(46)) - raft.server.log.unsafe-flush.enabled = false (default)
2023-09-07 20:29:30,120 [e6d6ce9d-4fd0-4987-92e7-1065424d9f29-groupManagement] INFO  server.RaftServerConfigKeys (ConfUtils.java:logGet(46)) - raft.server.log.async-flush.enabled = false (default)
2023-09-07 20:29:30,120 [e6d6ce9d-4fd0-4987-92e7-1065424d9f29-groupManagement] INFO  server.RaftServerConfigKeys (ConfUtils.java:logGet(46)) - raft.server.log.statemachine.data.caching.enabled = true (custom)
2023-09-07 20:29:30,120 [e6d6ce9d-4fd0-4987-92e7-1065424d9f29-groupManagement] INFO  segmented.SegmentedRaftLogWorker (SegmentedRaftLogWorker.java:lambda$new$0(135)) - e6d6ce9d-4fd0-4987-92e7-1065424d9f29@group-2E97BE5E65B8-SegmentedRaftLogWorker: flushIndex: setUnconditionally 0 -> -1
2023-09-07 20:29:30,120 [e6d6ce9d-4fd0-4987-92e7-1065424d9f29-groupManagement] INFO  segmented.SegmentedRaftLogWorker (SegmentedRaftLogWorker.java:lambda$new$0(135)) - e6d6ce9d-4fd0-4987-92e7-1065424d9f29@group-2E97BE5E65B8-SegmentedRaftLogWorker: safeCacheEvictIndex: setUnconditionally 0 -> -1
2023-09-07 20:29:30,120 [e6d6ce9d-4fd0-4987-92e7-1065424d9f29-groupManagement] INFO  server.RaftServer$Division (RaftServerImpl.java:start(342)) - e6d6ce9d-4fd0-4987-92e7-1065424d9f29@group-2E97BE5E65B8: start as a follower, conf=-1: peers:[e6d6ce9d-4fd0-4987-92e7-1065424d9f29|rpc:10.1.0.11:15085|admin:10.1.0.11:15084|client:10.1.0.11:15083|dataStream:10.1.0.11:15086|priority:1|startupRole:FOLLOWER]|listeners:[], old=null
2023-09-07 20:29:30,120 [e6d6ce9d-4fd0-4987-92e7-1065424d9f29-groupManagement] INFO  server.RaftServer$Division (RaftServerImpl.java:setRole(329)) - e6d6ce9d-4fd0-4987-92e7-1065424d9f29@group-2E97BE5E65B8: changes role from      null to FOLLOWER at term 0 for startAsFollower
2023-09-07 20:29:30,121 [e6d6ce9d-4fd0-4987-92e7-1065424d9f29-groupManagement] INFO  impl.RoleInfo (RoleInfo.java:updateAndGet(139)) - e6d6ce9d-4fd0-4987-92e7-1065424d9f29: start e6d6ce9d-4fd0-4987-92e7-1065424d9f29@group-2E97BE5E65B8-FollowerState
2023-09-07 20:29:30,121 [e6d6ce9d-4fd0-4987-92e7-1065424d9f29-groupManagement] INFO  util.JmxRegister (JmxRegister.java:tryRegister(44)) - Successfully registered JMX Bean with object name Ratis:service=RaftServer,group=group-2E97BE5E65B8,id=e6d6ce9d-4fd0-4987-92e7-1065424d9f29
2023-09-07 20:29:30,121 [e6d6ce9d-4fd0-4987-92e7-1065424d9f29-groupManagement] INFO  server.RaftServerConfigKeys (ConfUtils.java:logGet(46)) - raft.server.snapshot.auto.trigger.enabled = true (custom)
2023-09-07 20:29:30,121 [e6d6ce9d-4fd0-4987-92e7-1065424d9f29-groupManagement] INFO  server.RaftServerConfigKeys (ConfUtils.java:logGet(46)) - raft.server.snapshot.auto.trigger.threshold = 10000 (custom)
2023-09-07 20:29:30,121 [e6d6ce9d-4fd0-4987-92e7-1065424d9f29-groupManagement] INFO  server.RaftServerConfigKeys (ConfUtils.java:logGet(46)) - raft.server.snapshot.retention.file.num = 5 (custom)
2023-09-07 20:29:30,121 [e6d6ce9d-4fd0-4987-92e7-1065424d9f29-groupManagement] INFO  server.RaftServerConfigKeys (ConfUtils.java:logGet(46)) - raft.server.log.purge.upto.snapshot.index = false (default)
2023-09-07 20:29:30,122 [e6d6ce9d-4fd0-4987-92e7-1065424d9f29@group-2E97BE5E65B8-FollowerState] INFO  server.RaftServerConfigKeys (ConfUtils.java:logFallback(53)) - raft.server.rpc.first-election.timeout.min = 5s (fallback to raft.server.rpc.timeout.min)
2023-09-07 20:29:30,122 [e6d6ce9d-4fd0-4987-92e7-1065424d9f29@group-2E97BE5E65B8-FollowerState] INFO  server.RaftServerConfigKeys (ConfUtils.java:logFallback(53)) - raft.server.rpc.first-election.timeout.max = 5200ms (fallback to raft.server.rpc.timeout.max)
2023-09-07 20:29:30,122 [PipelineCommandHandlerThread-0] INFO  ratis.XceiverServerRatis (XceiverServerRatis.java:addGroup(804)) - Created group PipelineID=1548aea4-bc36-4ac5-a4f6-2e97be5e65b8
2023-09-07 20:29:30,122 [PipelineCommandHandlerThread-0] INFO  commandhandler.CreatePipelineCommandHandler (CreatePipelineCommandHandler.java:lambda$handle$2(124)) - Created Pipeline RATIS ONE PipelineID=1548aea4-bc36-4ac5-a4f6-2e97be5e65b8.
2023-09-07 20:29:30,473 [PipelineCommandHandlerThread-0] INFO  server.RaftServer (RaftServerProxy.java:addNew(98)) - e6894f1b-35d2-469c-bf31-69833cd25437: addNew group-831BAAD5BAB2:[e6894f1b-35d2-469c-bf31-69833cd25437|rpc:10.1.0.11:15094|admin:10.1.0.11:15093|client:10.1.0.11:15092|dataStream:10.1.0.11:15095|priority:1|startupRole:FOLLOWER] returns group-831BAAD5BAB2:java.util.concurrent.CompletableFuture@ade9e6e[Not completed]
2023-09-07 20:29:30,504 [e6894f1b-35d2-469c-bf31-69833cd25437-groupManagement] INFO  server.RaftServer$Division (RaftServerImpl.java:<init>(198)) - e6894f1b-35d2-469c-bf31-69833cd25437: new RaftServerImpl for group-831BAAD5BAB2:[e6894f1b-35d2-469c-bf31-69833cd25437|rpc:10.1.0.11:15094|admin:10.1.0.11:15093|client:10.1.0.11:15092|dataStream:10.1.0.11:15095|priority:1|startupRole:FOLLOWER] with ContainerStateMachine:uninitialized
2023-09-07 20:29:30,504 [e6894f1b-35d2-469c-bf31-69833cd25437-groupManagement] INFO  server.RaftServerConfigKeys (ConfUtils.java:logGet(46)) - raft.server.rpc.timeout.min = 5s (custom)
2023-09-07 20:29:30,504 [e6894f1b-35d2-469c-bf31-69833cd25437-groupManagement] INFO  server.RaftServerConfigKeys (ConfUtils.java:logGet(46)) - raft.server.rpc.timeout.max = 5200ms (custom)
2023-09-07 20:29:30,504 [e6894f1b-35d2-469c-bf31-69833cd25437-groupManagement] INFO  server.RaftServerConfigKeys (ConfUtils.java:logGet(46)) - raft.server.rpc.sleep.time = 25ms (default)
2023-09-07 20:29:30,505 [e6894f1b-35d2-469c-bf31-69833cd25437-groupManagement] INFO  server.RaftServerConfigKeys (ConfUtils.java:logGet(46)) - raft.server.rpc.slowness.timeout = 300s (custom)
2023-09-07 20:29:30,505 [e6894f1b-35d2-469c-bf31-69833cd25437-groupManagement] INFO  server.RaftServerConfigKeys (ConfUtils.java:logGet(46)) - raft.server.leaderelection.leader.step-down.wait-time = 10s (default)
2023-09-07 20:29:30,505 [e6894f1b-35d2-469c-bf31-69833cd25437-groupManagement] INFO  server.RaftServerConfigKeys (ConfUtils.java:logGet(46)) - raft.server.sleep.deviation.threshold = 300ms (default)
2023-09-07 20:29:30,505 [e6894f1b-35d2-469c-bf31-69833cd25437-groupManagement] INFO  server.RaftServer$Division (ServerState.java:<init>(120)) - e6894f1b-35d2-469c-bf31-69833cd25437@group-831BAAD5BAB2: ConfigurationManager, init=-1: peers:[e6894f1b-35d2-469c-bf31-69833cd25437|rpc:10.1.0.11:15094|admin:10.1.0.11:15093|client:10.1.0.11:15092|dataStream:10.1.0.11:15095|priority:1|startupRole:FOLLOWER]|listeners:[], old=null, confs=<EMPTY_MAP>
2023-09-07 20:29:30,505 [e6894f1b-35d2-469c-bf31-69833cd25437-groupManagement] INFO  server.RaftServerConfigKeys (ConfUtils.java:logGet(46)) - raft.server.storage.dir = [/home/runner/work/ozone/ozone/hadoop-ozone/integration-test/target/test-dir/MiniOzoneClusterImpl-6e39530a-abb5-4f3a-bb3c-e5f572b2b70f/datanode-3/data/ratis] (custom)
2023-09-07 20:29:30,505 [e6894f1b-35d2-469c-bf31-69833cd25437-groupManagement] INFO  server.RaftServerConfigKeys (ConfUtils.java:logGet(46)) - raft.server.log.corruption.policy = EXCEPTION (default)
2023-09-07 20:29:30,505 [e6894f1b-35d2-469c-bf31-69833cd25437-groupManagement] INFO  server.RaftServerConfigKeys (ConfUtils.java:logGet(46)) - raft.server.storage.free-space.min = 0MB (=0) (default)
2023-09-07 20:29:30,505 [e6894f1b-35d2-469c-bf31-69833cd25437-groupManagement] INFO  server.RaftServerConfigKeys (ConfUtils.java:logGet(46)) - raft.server.notification.no-leader.timeout = 300s (custom)
2023-09-07 20:29:30,505 [e6894f1b-35d2-469c-bf31-69833cd25437-groupManagement] INFO  server.RaftServerConfigKeys (ConfUtils.java:logGet(46)) - raft.server.read.timeout = 10s (default)
2023-09-07 20:29:30,505 [e6894f1b-35d2-469c-bf31-69833cd25437-groupManagement] INFO  server.RaftServerConfigKeys (ConfUtils.java:logGet(46)) - raft.server.retrycache.expirytime = 600000ms (custom)
2023-09-07 20:29:30,505 [e6894f1b-35d2-469c-bf31-69833cd25437-groupManagement] INFO  server.RaftServerConfigKeys (ConfUtils.java:logGet(46)) - raft.server.retrycache.statistics.expirytime = 100μs (default)
2023-09-07 20:29:30,506 [e6894f1b-35d2-469c-bf31-69833cd25437-groupManagement] INFO  server.RaftServerConfigKeys (ConfUtils.java:logGet(46)) - raft.server.read.option = DEFAULT (default)
2023-09-07 20:29:30,506 [e6894f1b-35d2-469c-bf31-69833cd25437-groupManagement] INFO  server.RaftServerConfigKeys (ConfUtils.java:logGet(46)) - raft.server.rpc.request.timeout = 60s (custom)
2023-09-07 20:29:30,507 [e6894f1b-35d2-469c-bf31-69833cd25437-groupManagement] INFO  server.RaftServerConfigKeys (ConfUtils.java:logGet(46)) - raft.server.log.appender.install.snapshot.enabled = false (custom)
2023-09-07 20:29:30,507 [e6894f1b-35d2-469c-bf31-69833cd25437-groupManagement] INFO  server.RaftServerConfigKeys (ConfUtils.java:logGet(46)) - raft.server.threadpool.server.cached = true (default)
2023-09-07 20:29:30,507 [e6894f1b-35d2-469c-bf31-69833cd25437-groupManagement] INFO  server.RaftServerConfigKeys (ConfUtils.java:logGet(46)) - raft.server.threadpool.server.size = 0 (default)
2023-09-07 20:29:30,507 [e6894f1b-35d2-469c-bf31-69833cd25437-groupManagement] INFO  server.RaftServerConfigKeys (ConfUtils.java:logGet(46)) - raft.server.threadpool.client.cached = true (default)
2023-09-07 20:29:30,507 [e6894f1b-35d2-469c-bf31-69833cd25437-groupManagement] INFO  server.RaftServerConfigKeys (ConfUtils.java:logGet(46)) - raft.server.threadpool.client.size = 0 (default)
2023-09-07 20:29:30,507 [e6894f1b-35d2-469c-bf31-69833cd25437-groupManagement] INFO  storage.RaftStorageDirectory (RaftStorageDirectoryImpl.java:analyzeStorage(137)) - The storage directory /home/runner/work/ozone/ozone/hadoop-ozone/integration-test/target/test-dir/MiniOzoneClusterImpl-6e39530a-abb5-4f3a-bb3c-e5f572b2b70f/datanode-3/data/ratis/3c40a320-3a1a-46e8-9f30-831baad5bab2 does not exist. Creating ...
2023-09-07 20:29:30,513 [e6894f1b-35d2-469c-bf31-69833cd25437-groupManagement] INFO  storage.RaftStorageDirectory (RaftStorageDirectoryImpl.java:tryLock(231)) - Lock on /home/runner/work/ozone/ozone/hadoop-ozone/integration-test/target/test-dir/MiniOzoneClusterImpl-6e39530a-abb5-4f3a-bb3c-e5f572b2b70f/datanode-3/data/ratis/3c40a320-3a1a-46e8-9f30-831baad5bab2/in_use.lock acquired by nodename 7625@fv-az259-394
2023-09-07 20:29:30,516 [e6894f1b-35d2-469c-bf31-69833cd25437-groupManagement] INFO  storage.RaftStorage (RaftStorageImpl.java:format(96)) - Storage directory /home/runner/work/ozone/ozone/hadoop-ozone/integration-test/target/test-dir/MiniOzoneClusterImpl-6e39530a-abb5-4f3a-bb3c-e5f572b2b70f/datanode-3/data/ratis/3c40a320-3a1a-46e8-9f30-831baad5bab2 has been successfully formatted.
2023-09-07 20:29:30,521 [e6894f1b-35d2-469c-bf31-69833cd25437-groupManagement] INFO  ratis.ContainerStateMachine (ContainerStateMachine.java:loadSnapshot(262)) - group-831BAAD5BAB2: The snapshot info is null. Setting the last applied indexto:(t:0, i:~)
2023-09-07 20:29:30,521 [e6894f1b-35d2-469c-bf31-69833cd25437-groupManagement] INFO  server.RaftServerConfigKeys (ConfUtils.java:logGet(46)) - raft.server.log.use.memory = false (default)
2023-09-07 20:29:30,521 [EventQueue-PipelineReportForPipelineReportHandler] INFO  pipeline.PipelineReportHandler (PipelineReportHandler.java:processPipelineReport(136)) - Opened pipeline PipelineID=3c40a320-3a1a-46e8-9f30-831baad5bab2
2023-09-07 20:29:30,522 [e6894f1b-35d2-469c-bf31-69833cd25437-groupManagement] INFO  server.RaftServerConfigKeys (ConfUtils.java:logGet(46)) - raft.server.log.purge.gap = 1000000 (custom)
2023-09-07 20:29:30,522 [EventQueue-OpenPipelineForHealthyPipelineSafeModeRule] INFO  safemode.SCMSafeModeManager (HealthyPipelineSafeModeRule.java:process(137)) - SCM in safe mode. Healthy pipelines reported count is 0, required healthy pipeline reported count is 1
2023-09-07 20:29:30,522 [e6894f1b-35d2-469c-bf31-69833cd25437-groupManagement] INFO  server.RaftServerConfigKeys (ConfUtils.java:logGet(46)) - raft.server.log.appender.buffer.byte-limit = 33554432 (custom)
2023-09-07 20:29:30,522 [e6894f1b-35d2-469c-bf31-69833cd25437-groupManagement] INFO  server.RaftServerConfigKeys (ConfUtils.java:logGet(46)) - raft.server.log.statemachine.data.read.timeout = 1000ms (default)
2023-09-07 20:29:30,522 [e6894f1b-35d2-469c-bf31-69833cd25437-groupManagement] INFO  server.RaftServerConfigKeys (ConfUtils.java:logGet(46)) - raft.server.log.purge.preservation.log.num = 0 (default)
2023-09-07 20:29:30,522 [e6894f1b-35d2-469c-bf31-69833cd25437-groupManagement] INFO  server.RaftServerConfigKeys (ConfUtils.java:logGet(46)) - raft.server.log.segment.size.max = 1048576 (custom)
2023-09-07 20:29:30,522 [e6894f1b-35d2-469c-bf31-69833cd25437-groupManagement] INFO  server.RaftServerConfigKeys (ConfUtils.java:logGet(46)) - raft.server.log.segment.cache.num.max = 2 (custom)
2023-09-07 20:29:30,523 [e6894f1b-35d2-469c-bf31-69833cd25437-groupManagement] INFO  server.RaftServerConfigKeys (ConfUtils.java:logGet(46)) - raft.server.log.segment.cache.size.max = 200MB (=209715200) (default)
2023-09-07 20:29:30,523 [e6894f1b-35d2-469c-bf31-69833cd25437-groupManagement] INFO  server.RaftServerConfigKeys (ConfUtils.java:logGet(46)) - raft.server.log.appender.buffer.byte-limit = 33554432 (custom)
2023-09-07 20:29:30,523 [e6894f1b-35d2-469c-bf31-69833cd25437-groupManagement] INFO  segmented.SegmentedRaftLogWorker (SegmentedRaftLogWorker.java:<init>(188)) - new e6894f1b-35d2-469c-bf31-69833cd25437@group-831BAAD5BAB2-SegmentedRaftLogWorker for RaftStorageImpl:Storage Directory /home/runner/work/ozone/ozone/hadoop-ozone/integration-test/target/test-dir/MiniOzoneClusterImpl-6e39530a-abb5-4f3a-bb3c-e5f572b2b70f/datanode-3/data/ratis/3c40a320-3a1a-46e8-9f30-831baad5bab2
2023-09-07 20:29:30,523 [e6894f1b-35d2-469c-bf31-69833cd25437-groupManagement] INFO  server.RaftServerConfigKeys (ConfUtils.java:logGet(46)) - raft.server.log.queue.byte-limit = 4294967296 (custom)
2023-09-07 20:29:30,523 [e6894f1b-35d2-469c-bf31-69833cd25437-groupManagement] INFO  server.RaftServerConfigKeys (ConfUtils.java:logGet(46)) - raft.server.log.queue.element-limit = 1024 (custom)
2023-09-07 20:29:30,523 [e6894f1b-35d2-469c-bf31-69833cd25437-groupManagement] INFO  server.RaftServerConfigKeys (ConfUtils.java:logGet(46)) - raft.server.log.segment.size.max = 1048576 (custom)
2023-09-07 20:29:30,523 [e6894f1b-35d2-469c-bf31-69833cd25437-groupManagement] INFO  server.RaftServerConfigKeys (ConfUtils.java:logGet(46)) - raft.server.log.preallocated.size = 16384 (custom)
2023-09-07 20:29:30,523 [e6894f1b-35d2-469c-bf31-69833cd25437-groupManagement] INFO  server.RaftServerConfigKeys (ConfUtils.java:logGet(46)) - raft.server.log.force.sync.num = 128 (default)
2023-09-07 20:29:30,523 [e6894f1b-35d2-469c-bf31-69833cd25437-groupManagement] INFO  server.RaftServerConfigKeys (ConfUtils.java:logGet(46)) - raft.server.log.statemachine.data.sync = true (default)
2023-09-07 20:29:30,523 [e6894f1b-35d2-469c-bf31-69833cd25437-groupManagement] INFO  server.RaftServerConfigKeys (ConfUtils.java:logGet(46)) - raft.server.log.statemachine.data.sync.timeout = 10s (default)
2023-09-07 20:29:30,523 [e6894f1b-35d2-469c-bf31-69833cd25437-groupManagement] INFO  server.RaftServerConfigKeys (ConfUtils.java:logGet(46)) - raft.server.log.statemachine.data.sync.timeout.retry = -1 (default)
2023-09-07 20:29:30,524 [e6894f1b-35d2-469c-bf31-69833cd25437-groupManagement] INFO  server.RaftServerConfigKeys (ConfUtils.java:logGet(46)) - raft.server.log.write.buffer.size = 1048576 (custom)
2023-09-07 20:29:30,524 [e6894f1b-35d2-469c-bf31-69833cd25437-groupManagement] INFO  server.RaftServerConfigKeys (ConfUtils.java:logGet(46)) - raft.server.log.appender.buffer.byte-limit = 33554432 (custom)
2023-09-07 20:29:30,536 [e6894f1b-35d2-469c-bf31-69833cd25437-groupManagement] INFO  server.RaftServerConfigKeys (ConfUtils.java:logGet(46)) - raft.server.log.unsafe-flush.enabled = false (default)
2023-09-07 20:29:30,536 [e6894f1b-35d2-469c-bf31-69833cd25437-groupManagement] INFO  server.RaftServerConfigKeys (ConfUtils.java:logGet(46)) - raft.server.log.async-flush.enabled = false (default)
2023-09-07 20:29:30,536 [e6894f1b-35d2-469c-bf31-69833cd25437-groupManagement] INFO  server.RaftServerConfigKeys (ConfUtils.java:logGet(46)) - raft.server.log.statemachine.data.caching.enabled = true (custom)
2023-09-07 20:29:30,537 [e6894f1b-35d2-469c-bf31-69833cd25437-groupManagement] INFO  segmented.SegmentedRaftLogWorker (SegmentedRaftLogWorker.java:lambda$new$0(135)) - e6894f1b-35d2-469c-bf31-69833cd25437@group-831BAAD5BAB2-SegmentedRaftLogWorker: flushIndex: setUnconditionally 0 -> -1
2023-09-07 20:29:30,537 [e6894f1b-35d2-469c-bf31-69833cd25437-groupManagement] INFO  segmented.SegmentedRaftLogWorker (SegmentedRaftLogWorker.java:lambda$new$0(135)) - e6894f1b-35d2-469c-bf31-69833cd25437@group-831BAAD5BAB2-SegmentedRaftLogWorker: safeCacheEvictIndex: setUnconditionally 0 -> -1
2023-09-07 20:29:30,542 [e6894f1b-35d2-469c-bf31-69833cd25437-groupManagement] INFO  server.RaftServer$Division (RaftServerImpl.java:start(342)) - e6894f1b-35d2-469c-bf31-69833cd25437@group-831BAAD5BAB2: start as a follower, conf=-1: peers:[e6894f1b-35d2-469c-bf31-69833cd25437|rpc:10.1.0.11:15094|admin:10.1.0.11:15093|client:10.1.0.11:15092|dataStream:10.1.0.11:15095|priority:1|startupRole:FOLLOWER]|listeners:[], old=null
2023-09-07 20:29:30,542 [e6894f1b-35d2-469c-bf31-69833cd25437-groupManagement] INFO  server.RaftServer$Division (RaftServerImpl.java:setRole(329)) - e6894f1b-35d2-469c-bf31-69833cd25437@group-831BAAD5BAB2: changes role from      null to FOLLOWER at term 0 for startAsFollower
2023-09-07 20:29:30,542 [e6894f1b-35d2-469c-bf31-69833cd25437-groupManagement] INFO  impl.RoleInfo (RoleInfo.java:updateAndGet(139)) - e6894f1b-35d2-469c-bf31-69833cd25437: start e6894f1b-35d2-469c-bf31-69833cd25437@group-831BAAD5BAB2-FollowerState
2023-09-07 20:29:30,543 [e6894f1b-35d2-469c-bf31-69833cd25437-groupManagement] INFO  util.JmxRegister (JmxRegister.java:tryRegister(44)) - Successfully registered JMX Bean with object name Ratis:service=RaftServer,group=group-831BAAD5BAB2,id=e6894f1b-35d2-469c-bf31-69833cd25437
2023-09-07 20:29:30,543 [e6894f1b-35d2-469c-bf31-69833cd25437-groupManagement] INFO  server.RaftServerConfigKeys (ConfUtils.java:logGet(46)) - raft.server.snapshot.auto.trigger.enabled = true (custom)
2023-09-07 20:29:30,543 [e6894f1b-35d2-469c-bf31-69833cd25437-groupManagement] INFO  server.RaftServerConfigKeys (ConfUtils.java:logGet(46)) - raft.server.snapshot.auto.trigger.threshold = 10000 (custom)
2023-09-07 20:29:30,544 [e6894f1b-35d2-469c-bf31-69833cd25437-groupManagement] INFO  server.RaftServerConfigKeys (ConfUtils.java:logGet(46)) - raft.server.snapshot.retention.file.num = 5 (custom)
2023-09-07 20:29:30,544 [e6894f1b-35d2-469c-bf31-69833cd25437-groupManagement] INFO  server.RaftServerConfigKeys (ConfUtils.java:logGet(46)) - raft.server.log.purge.upto.snapshot.index = false (default)
2023-09-07 20:29:30,546 [e6894f1b-35d2-469c-bf31-69833cd25437@group-831BAAD5BAB2-FollowerState] INFO  server.RaftServerConfigKeys (ConfUtils.java:logFallback(53)) - raft.server.rpc.first-election.timeout.min = 5s (fallback to raft.server.rpc.timeout.min)
2023-09-07 20:29:30,546 [e6894f1b-35d2-469c-bf31-69833cd25437@group-831BAAD5BAB2-FollowerState] INFO  server.RaftServerConfigKeys (ConfUtils.java:logFallback(53)) - raft.server.rpc.first-election.timeout.max = 5200ms (fallback to raft.server.rpc.timeout.max)
2023-09-07 20:29:30,547 [PipelineCommandHandlerThread-0] INFO  ratis.XceiverServerRatis (XceiverServerRatis.java:addGroup(804)) - Created group PipelineID=3c40a320-3a1a-46e8-9f30-831baad5bab2
2023-09-07 20:29:30,547 [PipelineCommandHandlerThread-0] INFO  commandhandler.CreatePipelineCommandHandler (CreatePipelineCommandHandler.java:lambda$handle$2(124)) - Created Pipeline RATIS ONE PipelineID=3c40a320-3a1a-46e8-9f30-831baad5bab2.
2023-09-07 20:29:30,808 [main] INFO  ozone.MiniOzoneClusterImpl (MiniOzoneClusterImpl.java:lambda$waitForClusterToBeReady$0(224)) - Nodes are ready. Got 5 of 5 DN Heartbeats.
2023-09-07 20:29:30,808 [main] INFO  ozone.MiniOzoneClusterImpl (MiniOzoneClusterImpl.java:lambda$waitForClusterToBeReady$0(227)) - Waiting for cluster to exit safe mode
2023-09-07 20:29:30,808 [main] INFO  ozone.MiniOzoneClusterImpl (MiniOzoneClusterImpl.java:lambda$waitForClusterToBeReady$0(229)) - SCM became leader
2023-09-07 20:29:30,817 [PipelineCommandHandlerThread-0] INFO  server.RaftServer (RaftServerProxy.java:addNew(98)) - 942f2b0f-4d82-489c-b29f-3fa1e69d5237: addNew group-4817348DA986:[942f2b0f-4d82-489c-b29f-3fa1e69d5237|rpc:10.1.0.11:15103|admin:10.1.0.11:15102|client:10.1.0.11:15101|dataStream:10.1.0.11:15104|priority:1|startupRole:FOLLOWER] returns group-4817348DA986:java.util.concurrent.CompletableFuture@373528e7[Not completed]
2023-09-07 20:29:30,819 [942f2b0f-4d82-489c-b29f-3fa1e69d5237-groupManagement] INFO  server.RaftServer$Division (RaftServerImpl.java:<init>(198)) - 942f2b0f-4d82-489c-b29f-3fa1e69d5237: new RaftServerImpl for group-4817348DA986:[942f2b0f-4d82-489c-b29f-3fa1e69d5237|rpc:10.1.0.11:15103|admin:10.1.0.11:15102|client:10.1.0.11:15101|dataStream:10.1.0.11:15104|priority:1|startupRole:FOLLOWER] with ContainerStateMachine:uninitialized
2023-09-07 20:29:30,819 [942f2b0f-4d82-489c-b29f-3fa1e69d5237-groupManagement] INFO  server.RaftServerConfigKeys (ConfUtils.java:logGet(46)) - raft.server.rpc.timeout.min = 5s (custom)
2023-09-07 20:29:30,819 [942f2b0f-4d82-489c-b29f-3fa1e69d5237-groupManagement] INFO  server.RaftServerConfigKeys (ConfUtils.java:logGet(46)) - raft.server.rpc.timeout.max = 5200ms (custom)
2023-09-07 20:29:30,819 [942f2b0f-4d82-489c-b29f-3fa1e69d5237-groupManagement] INFO  server.RaftServerConfigKeys (ConfUtils.java:logGet(46)) - raft.server.rpc.sleep.time = 25ms (default)
2023-09-07 20:29:30,819 [942f2b0f-4d82-489c-b29f-3fa1e69d5237-groupManagement] INFO  server.RaftServerConfigKeys (ConfUtils.java:logGet(46)) - raft.server.rpc.slowness.timeout = 300s (custom)
2023-09-07 20:29:30,819 [942f2b0f-4d82-489c-b29f-3fa1e69d5237-groupManagement] INFO  server.RaftServerConfigKeys (ConfUtils.java:logGet(46)) - raft.server.leaderelection.leader.step-down.wait-time = 10s (default)
2023-09-07 20:29:30,819 [942f2b0f-4d82-489c-b29f-3fa1e69d5237-groupManagement] INFO  server.RaftServerConfigKeys (ConfUtils.java:logGet(46)) - raft.server.sleep.deviation.threshold = 300ms (default)
2023-09-07 20:29:30,819 [942f2b0f-4d82-489c-b29f-3fa1e69d5237-groupManagement] INFO  server.RaftServer$Division (ServerState.java:<init>(120)) - 942f2b0f-4d82-489c-b29f-3fa1e69d5237@group-4817348DA986: ConfigurationManager, init=-1: peers:[942f2b0f-4d82-489c-b29f-3fa1e69d5237|rpc:10.1.0.11:15103|admin:10.1.0.11:15102|client:10.1.0.11:15101|dataStream:10.1.0.11:15104|priority:1|startupRole:FOLLOWER]|listeners:[], old=null, confs=<EMPTY_MAP>
2023-09-07 20:29:30,819 [942f2b0f-4d82-489c-b29f-3fa1e69d5237-groupManagement] INFO  server.RaftServerConfigKeys (ConfUtils.java:logGet(46)) - raft.server.storage.dir = [/home/runner/work/ozone/ozone/hadoop-ozone/integration-test/target/test-dir/MiniOzoneClusterImpl-6e39530a-abb5-4f3a-bb3c-e5f572b2b70f/datanode-4/data/ratis] (custom)
2023-09-07 20:29:30,820 [942f2b0f-4d82-489c-b29f-3fa1e69d5237-groupManagement] INFO  server.RaftServerConfigKeys (ConfUtils.java:logGet(46)) - raft.server.log.corruption.policy = EXCEPTION (default)
2023-09-07 20:29:30,820 [942f2b0f-4d82-489c-b29f-3fa1e69d5237-groupManagement] INFO  server.RaftServerConfigKeys (ConfUtils.java:logGet(46)) - raft.server.storage.free-space.min = 0MB (=0) (default)
2023-09-07 20:29:30,820 [942f2b0f-4d82-489c-b29f-3fa1e69d5237-groupManagement] INFO  server.RaftServerConfigKeys (ConfUtils.java:logGet(46)) - raft.server.notification.no-leader.timeout = 300s (custom)
2023-09-07 20:29:30,820 [942f2b0f-4d82-489c-b29f-3fa1e69d5237-groupManagement] INFO  server.RaftServerConfigKeys (ConfUtils.java:logGet(46)) - raft.server.read.timeout = 10s (default)
2023-09-07 20:29:30,820 [942f2b0f-4d82-489c-b29f-3fa1e69d5237-groupManagement] INFO  server.RaftServerConfigKeys (ConfUtils.java:logGet(46)) - raft.server.retrycache.expirytime = 600000ms (custom)
2023-09-07 20:29:30,820 [942f2b0f-4d82-489c-b29f-3fa1e69d5237-groupManagement] INFO  server.RaftServerConfigKeys (ConfUtils.java:logGet(46)) - raft.server.retrycache.statistics.expirytime = 100μs (default)
2023-09-07 20:29:30,820 [942f2b0f-4d82-489c-b29f-3fa1e69d5237-groupManagement] INFO  server.RaftServerConfigKeys (ConfUtils.java:logGet(46)) - raft.server.read.option = DEFAULT (default)
2023-09-07 20:29:30,821 [942f2b0f-4d82-489c-b29f-3fa1e69d5237-groupManagement] INFO  server.RaftServerConfigKeys (ConfUtils.java:logGet(46)) - raft.server.rpc.request.timeout = 60s (custom)
2023-09-07 20:29:30,821 [942f2b0f-4d82-489c-b29f-3fa1e69d5237-groupManagement] INFO  server.RaftServerConfigKeys (ConfUtils.java:logGet(46)) - raft.server.log.appender.install.snapshot.enabled = false (custom)
2023-09-07 20:29:30,821 [942f2b0f-4d82-489c-b29f-3fa1e69d5237-groupManagement] INFO  server.RaftServerConfigKeys (ConfUtils.java:logGet(46)) - raft.server.threadpool.server.cached = true (default)
2023-09-07 20:29:30,821 [942f2b0f-4d82-489c-b29f-3fa1e69d5237-groupManagement] INFO  server.RaftServerConfigKeys (ConfUtils.java:logGet(46)) - raft.server.threadpool.server.size = 0 (default)
2023-09-07 20:29:30,821 [942f2b0f-4d82-489c-b29f-3fa1e69d5237-groupManagement] INFO  server.RaftServerConfigKeys (ConfUtils.java:logGet(46)) - raft.server.threadpool.client.cached = true (default)
2023-09-07 20:29:30,822 [942f2b0f-4d82-489c-b29f-3fa1e69d5237-groupManagement] INFO  server.RaftServerConfigKeys (ConfUtils.java:logGet(46)) - raft.server.threadpool.client.size = 0 (default)
2023-09-07 20:29:30,822 [942f2b0f-4d82-489c-b29f-3fa1e69d5237-groupManagement] INFO  storage.RaftStorageDirectory (RaftStorageDirectoryImpl.java:analyzeStorage(137)) - The storage directory /home/runner/work/ozone/ozone/hadoop-ozone/integration-test/target/test-dir/MiniOzoneClusterImpl-6e39530a-abb5-4f3a-bb3c-e5f572b2b70f/datanode-4/data/ratis/f9cead23-0120-47be-ad44-4817348da986 does not exist. Creating ...
2023-09-07 20:29:30,823 [942f2b0f-4d82-489c-b29f-3fa1e69d5237-groupManagement] INFO  storage.RaftStorageDirectory (RaftStorageDirectoryImpl.java:tryLock(231)) - Lock on /home/runner/work/ozone/ozone/hadoop-ozone/integration-test/target/test-dir/MiniOzoneClusterImpl-6e39530a-abb5-4f3a-bb3c-e5f572b2b70f/datanode-4/data/ratis/f9cead23-0120-47be-ad44-4817348da986/in_use.lock acquired by nodename 7625@fv-az259-394
2023-09-07 20:29:30,825 [942f2b0f-4d82-489c-b29f-3fa1e69d5237-groupManagement] INFO  storage.RaftStorage (RaftStorageImpl.java:format(96)) - Storage directory /home/runner/work/ozone/ozone/hadoop-ozone/integration-test/target/test-dir/MiniOzoneClusterImpl-6e39530a-abb5-4f3a-bb3c-e5f572b2b70f/datanode-4/data/ratis/f9cead23-0120-47be-ad44-4817348da986 has been successfully formatted.
2023-09-07 20:29:30,827 [942f2b0f-4d82-489c-b29f-3fa1e69d5237-groupManagement] INFO  ratis.ContainerStateMachine (ContainerStateMachine.java:loadSnapshot(262)) - group-4817348DA986: The snapshot info is null. Setting the last applied indexto:(t:0, i:~)
2023-09-07 20:29:30,827 [942f2b0f-4d82-489c-b29f-3fa1e69d5237-groupManagement] INFO  server.RaftServerConfigKeys (ConfUtils.java:logGet(46)) - raft.server.log.use.memory = false (default)
2023-09-07 20:29:30,828 [942f2b0f-4d82-489c-b29f-3fa1e69d5237-groupManagement] INFO  server.RaftServerConfigKeys (ConfUtils.java:logGet(46)) - raft.server.log.purge.gap = 1000000 (custom)
2023-09-07 20:29:30,828 [942f2b0f-4d82-489c-b29f-3fa1e69d5237-groupManagement] INFO  server.RaftServerConfigKeys (ConfUtils.java:logGet(46)) - raft.server.log.appender.buffer.byte-limit = 33554432 (custom)
2023-09-07 20:29:30,828 [942f2b0f-4d82-489c-b29f-3fa1e69d5237-groupManagement] INFO  server.RaftServerConfigKeys (ConfUtils.java:logGet(46)) - raft.server.log.statemachine.data.read.timeout = 1000ms (default)
2023-09-07 20:29:30,828 [942f2b0f-4d82-489c-b29f-3fa1e69d5237-groupManagement] INFO  server.RaftServerConfigKeys (ConfUtils.java:logGet(46)) - raft.server.log.purge.preservation.log.num = 0 (default)
2023-09-07 20:29:30,828 [942f2b0f-4d82-489c-b29f-3fa1e69d5237-groupManagement] INFO  server.RaftServerConfigKeys (ConfUtils.java:logGet(46)) - raft.server.log.segment.size.max = 1048576 (custom)
2023-09-07 20:29:30,829 [942f2b0f-4d82-489c-b29f-3fa1e69d5237-groupManagement] INFO  server.RaftServerConfigKeys (ConfUtils.java:logGet(46)) - raft.server.log.segment.cache.num.max = 2 (custom)
2023-09-07 20:29:30,829 [EventQueue-PipelineReportForPipelineReportHandler] INFO  pipeline.PipelineReportHandler (PipelineReportHandler.java:processPipelineReport(136)) - Opened pipeline PipelineID=f9cead23-0120-47be-ad44-4817348da986
2023-09-07 20:29:30,829 [942f2b0f-4d82-489c-b29f-3fa1e69d5237-groupManagement] INFO  server.RaftServerConfigKeys (ConfUtils.java:logGet(46)) - raft.server.log.segment.cache.size.max = 200MB (=209715200) (default)
2023-09-07 20:29:30,829 [942f2b0f-4d82-489c-b29f-3fa1e69d5237-groupManagement] INFO  server.RaftServerConfigKeys (ConfUtils.java:logGet(46)) - raft.server.log.appender.buffer.byte-limit = 33554432 (custom)
2023-09-07 20:29:30,829 [942f2b0f-4d82-489c-b29f-3fa1e69d5237-groupManagement] INFO  segmented.SegmentedRaftLogWorker (SegmentedRaftLogWorker.java:<init>(188)) - new 942f2b0f-4d82-489c-b29f-3fa1e69d5237@group-4817348DA986-SegmentedRaftLogWorker for RaftStorageImpl:Storage Directory /home/runner/work/ozone/ozone/hadoop-ozone/integration-test/target/test-dir/MiniOzoneClusterImpl-6e39530a-abb5-4f3a-bb3c-e5f572b2b70f/datanode-4/data/ratis/f9cead23-0120-47be-ad44-4817348da986
2023-09-07 20:29:30,829 [EventQueue-OpenPipelineForHealthyPipelineSafeModeRule] INFO  safemode.SCMSafeModeManager (HealthyPipelineSafeModeRule.java:process(137)) - SCM in safe mode. Healthy pipelines reported count is 0, required healthy pipeline reported count is 1
2023-09-07 20:29:30,830 [942f2b0f-4d82-489c-b29f-3fa1e69d5237-groupManagement] INFO  server.RaftServerConfigKeys (ConfUtils.java:logGet(46)) - raft.server.log.queue.byte-limit = 4294967296 (custom)
2023-09-07 20:29:30,830 [942f2b0f-4d82-489c-b29f-3fa1e69d5237-groupManagement] INFO  server.RaftServerConfigKeys (ConfUtils.java:logGet(46)) - raft.server.log.queue.element-limit = 1024 (custom)
2023-09-07 20:29:30,830 [942f2b0f-4d82-489c-b29f-3fa1e69d5237-groupManagement] INFO  server.RaftServerConfigKeys (ConfUtils.java:logGet(46)) - raft.server.log.segment.size.max = 1048576 (custom)
2023-09-07 20:29:30,831 [942f2b0f-4d82-489c-b29f-3fa1e69d5237-groupManagement] INFO  server.RaftServerConfigKeys (ConfUtils.java:logGet(46)) - raft.server.log.preallocated.size = 16384 (custom)
2023-09-07 20:29:30,831 [942f2b0f-4d82-489c-b29f-3fa1e69d5237-groupManagement] INFO  server.RaftServerConfigKeys (ConfUtils.java:logGet(46)) - raft.server.log.force.sync.num = 128 (default)
2023-09-07 20:29:30,832 [942f2b0f-4d82-489c-b29f-3fa1e69d5237-groupManagement] INFO  server.RaftServerConfigKeys (ConfUtils.java:logGet(46)) - raft.server.log.statemachine.data.sync = true (default)
2023-09-07 20:29:30,832 [942f2b0f-4d82-489c-b29f-3fa1e69d5237-groupManagement] INFO  server.RaftServerConfigKeys (ConfUtils.java:logGet(46)) - raft.server.log.statemachine.data.sync.timeout = 10s (default)
2023-09-07 20:29:30,832 [942f2b0f-4d82-489c-b29f-3fa1e69d5237-groupManagement] INFO  server.RaftServerConfigKeys (ConfUtils.java:logGet(46)) - raft.server.log.statemachine.data.sync.timeout.retry = -1 (default)
2023-09-07 20:29:30,833 [942f2b0f-4d82-489c-b29f-3fa1e69d5237-groupManagement] INFO  server.RaftServerConfigKeys (ConfUtils.java:logGet(46)) - raft.server.log.write.buffer.size = 1048576 (custom)
2023-09-07 20:29:30,833 [942f2b0f-4d82-489c-b29f-3fa1e69d5237-groupManagement] INFO  server.RaftServerConfigKeys (ConfUtils.java:logGet(46)) - raft.server.log.appender.buffer.byte-limit = 33554432 (custom)
2023-09-07 20:29:30,839 [942f2b0f-4d82-489c-b29f-3fa1e69d5237-groupManagement] INFO  server.RaftServerConfigKeys (ConfUtils.java:logGet(46)) - raft.server.log.unsafe-flush.enabled = false (default)
2023-09-07 20:29:30,839 [942f2b0f-4d82-489c-b29f-3fa1e69d5237-groupManagement] INFO  server.RaftServerConfigKeys (ConfUtils.java:logGet(46)) - raft.server.log.async-flush.enabled = false (default)
2023-09-07 20:29:30,840 [942f2b0f-4d82-489c-b29f-3fa1e69d5237-groupManagement] INFO  server.RaftServerConfigKeys (ConfUtils.java:logGet(46)) - raft.server.log.statemachine.data.caching.enabled = true (custom)
2023-09-07 20:29:30,840 [942f2b0f-4d82-489c-b29f-3fa1e69d5237-groupManagement] INFO  segmented.SegmentedRaftLogWorker (SegmentedRaftLogWorker.java:lambda$new$0(135)) - 942f2b0f-4d82-489c-b29f-3fa1e69d5237@group-4817348DA986-SegmentedRaftLogWorker: flushIndex: setUnconditionally 0 -> -1
2023-09-07 20:29:30,840 [942f2b0f-4d82-489c-b29f-3fa1e69d5237-groupManagement] INFO  segmented.SegmentedRaftLogWorker (SegmentedRaftLogWorker.java:lambda$new$0(135)) - 942f2b0f-4d82-489c-b29f-3fa1e69d5237@group-4817348DA986-SegmentedRaftLogWorker: safeCacheEvictIndex: setUnconditionally 0 -> -1
2023-09-07 20:29:30,843 [942f2b0f-4d82-489c-b29f-3fa1e69d5237-groupManagement] INFO  server.RaftServer$Division (RaftServerImpl.java:start(342)) - 942f2b0f-4d82-489c-b29f-3fa1e69d5237@group-4817348DA986: start as a follower, conf=-1: peers:[942f2b0f-4d82-489c-b29f-3fa1e69d5237|rpc:10.1.0.11:15103|admin:10.1.0.11:15102|client:10.1.0.11:15101|dataStream:10.1.0.11:15104|priority:1|startupRole:FOLLOWER]|listeners:[], old=null
2023-09-07 20:29:30,843 [942f2b0f-4d82-489c-b29f-3fa1e69d5237-groupManagement] INFO  server.RaftServer$Division (RaftServerImpl.java:setRole(329)) - 942f2b0f-4d82-489c-b29f-3fa1e69d5237@group-4817348DA986: changes role from      null to FOLLOWER at term 0 for startAsFollower
2023-09-07 20:29:30,843 [942f2b0f-4d82-489c-b29f-3fa1e69d5237-groupManagement] INFO  impl.RoleInfo (RoleInfo.java:updateAndGet(139)) - 942f2b0f-4d82-489c-b29f-3fa1e69d5237: start 942f2b0f-4d82-489c-b29f-3fa1e69d5237@group-4817348DA986-FollowerState
2023-09-07 20:29:30,847 [942f2b0f-4d82-489c-b29f-3fa1e69d5237-groupManagement] INFO  util.JmxRegister (JmxRegister.java:tryRegister(44)) - Successfully registered JMX Bean with object name Ratis:service=RaftServer,group=group-4817348DA986,id=942f2b0f-4d82-489c-b29f-3fa1e69d5237
2023-09-07 20:29:30,847 [942f2b0f-4d82-489c-b29f-3fa1e69d5237-groupManagement] INFO  server.RaftServerConfigKeys (ConfUtils.java:logGet(46)) - raft.server.snapshot.auto.trigger.enabled = true (custom)
2023-09-07 20:29:30,848 [942f2b0f-4d82-489c-b29f-3fa1e69d5237-groupManagement] INFO  server.RaftServerConfigKeys (ConfUtils.java:logGet(46)) - raft.server.snapshot.auto.trigger.threshold = 10000 (custom)
2023-09-07 20:29:30,848 [942f2b0f-4d82-489c-b29f-3fa1e69d5237-groupManagement] INFO  server.RaftServerConfigKeys (ConfUtils.java:logGet(46)) - raft.server.snapshot.retention.file.num = 5 (custom)
2023-09-07 20:29:30,848 [942f2b0f-4d82-489c-b29f-3fa1e69d5237-groupManagement] INFO  server.RaftServerConfigKeys (ConfUtils.java:logGet(46)) - raft.server.log.purge.upto.snapshot.index = false (default)
2023-09-07 20:29:30,848 [942f2b0f-4d82-489c-b29f-3fa1e69d5237@group-4817348DA986-FollowerState] INFO  server.RaftServerConfigKeys (ConfUtils.java:logFallback(53)) - raft.server.rpc.first-election.timeout.min = 5s (fallback to raft.server.rpc.timeout.min)
2023-09-07 20:29:30,848 [942f2b0f-4d82-489c-b29f-3fa1e69d5237@group-4817348DA986-FollowerState] INFO  server.RaftServerConfigKeys (ConfUtils.java:logFallback(53)) - raft.server.rpc.first-election.timeout.max = 5200ms (fallback to raft.server.rpc.timeout.max)
2023-09-07 20:29:30,851 [PipelineCommandHandlerThread-0] INFO  ratis.XceiverServerRatis (XceiverServerRatis.java:addGroup(804)) - Created group PipelineID=f9cead23-0120-47be-ad44-4817348da986
2023-09-07 20:29:30,851 [PipelineCommandHandlerThread-0] INFO  commandhandler.CreatePipelineCommandHandler (CreatePipelineCommandHandler.java:lambda$handle$2(124)) - Created Pipeline RATIS ONE PipelineID=f9cead23-0120-47be-ad44-4817348da986.
2023-09-07 20:29:31,810 [main] INFO  ozone.MiniOzoneClusterImpl (MiniOzoneClusterImpl.java:lambda$waitForClusterToBeReady$0(224)) - Nodes are ready. Got 5 of 5 DN Heartbeats.
2023-09-07 20:29:31,810 [main] INFO  ozone.MiniOzoneClusterImpl (MiniOzoneClusterImpl.java:lambda$waitForClusterToBeReady$0(227)) - Waiting for cluster to exit safe mode
2023-09-07 20:29:31,810 [main] INFO  ozone.MiniOzoneClusterImpl (MiniOzoneClusterImpl.java:lambda$waitForClusterToBeReady$0(229)) - SCM became leader
2023-09-07 20:29:32,811 [main] INFO  ozone.MiniOzoneClusterImpl (MiniOzoneClusterImpl.java:lambda$waitForClusterToBeReady$0(224)) - Nodes are ready. Got 5 of 5 DN Heartbeats.
2023-09-07 20:29:32,811 [main] INFO  ozone.MiniOzoneClusterImpl (MiniOzoneClusterImpl.java:lambda$waitForClusterToBeReady$0(227)) - Waiting for cluster to exit safe mode
2023-09-07 20:29:32,811 [main] INFO  ozone.MiniOzoneClusterImpl (MiniOzoneClusterImpl.java:lambda$waitForClusterToBeReady$0(229)) - SCM became leader
2023-09-07 20:29:33,812 [main] INFO  ozone.MiniOzoneClusterImpl (MiniOzoneClusterImpl.java:lambda$waitForClusterToBeReady$0(224)) - Nodes are ready. Got 5 of 5 DN Heartbeats.
2023-09-07 20:29:33,812 [main] INFO  ozone.MiniOzoneClusterImpl (MiniOzoneClusterImpl.java:lambda$waitForClusterToBeReady$0(227)) - Waiting for cluster to exit safe mode
2023-09-07 20:29:33,812 [main] INFO  ozone.MiniOzoneClusterImpl (MiniOzoneClusterImpl.java:lambda$waitForClusterToBeReady$0(229)) - SCM became leader
2023-09-07 20:29:34,347 [8788027e-81d1-4d47-afe3-241385989a54@group-9A97E42B1E36-FollowerState] INFO  impl.FollowerState (FollowerState.java:run(143)) - 8788027e-81d1-4d47-afe3-241385989a54@group-9A97E42B1E36-FollowerState: change to CANDIDATE, lastRpcElapsedTime:5033345701ns, electionTimeout:5031ms
2023-09-07 20:29:34,347 [8788027e-81d1-4d47-afe3-241385989a54@group-9A97E42B1E36-FollowerState] INFO  impl.RoleInfo (RoleInfo.java:shutdownFollowerState(110)) - 8788027e-81d1-4d47-afe3-241385989a54: shutdown 8788027e-81d1-4d47-afe3-241385989a54@group-9A97E42B1E36-FollowerState
2023-09-07 20:29:34,348 [8788027e-81d1-4d47-afe3-241385989a54@group-9A97E42B1E36-FollowerState] INFO  server.RaftServer$Division (RaftServerImpl.java:setRole(329)) - 8788027e-81d1-4d47-afe3-241385989a54@group-9A97E42B1E36: changes role from  FOLLOWER to CANDIDATE at term 0 for changeToCandidate
2023-09-07 20:29:34,348 [8788027e-81d1-4d47-afe3-241385989a54@group-9A97E42B1E36-FollowerState] INFO  server.RaftServerConfigKeys (ConfUtils.java:logGet(46)) - raft.server.leaderelection.pre-vote = true (default)
2023-09-07 20:29:34,348 [8788027e-81d1-4d47-afe3-241385989a54@group-9A97E42B1E36-FollowerState] INFO  impl.RoleInfo (RoleInfo.java:updateAndGet(139)) - 8788027e-81d1-4d47-afe3-241385989a54: start 8788027e-81d1-4d47-afe3-241385989a54@group-9A97E42B1E36-LeaderElection11
2023-09-07 20:29:34,359 [8788027e-81d1-4d47-afe3-241385989a54@group-9A97E42B1E36-LeaderElection11] INFO  impl.LeaderElection (LeaderElection.java:askForVotes(321)) - 8788027e-81d1-4d47-afe3-241385989a54@group-9A97E42B1E36-LeaderElection11 PRE_VOTE round 0: submit vote requests at term 0 for -1: peers:[e6d6ce9d-4fd0-4987-92e7-1065424d9f29|rpc:10.1.0.11:15085|admin:10.1.0.11:15084|client:10.1.0.11:15083|dataStream:10.1.0.11:15086|priority:0|startupRole:FOLLOWER, 8788027e-81d1-4d47-afe3-241385989a54|rpc:10.1.0.11:15067|admin:10.1.0.11:15066|client:10.1.0.11:15065|dataStream:10.1.0.11:15068|priority:0|startupRole:FOLLOWER, 2f0e8030-05aa-4e91-b2c6-437482cdb37f|rpc:10.1.0.11:15076|admin:10.1.0.11:15075|client:10.1.0.11:15074|dataStream:10.1.0.11:15077|priority:1|startupRole:FOLLOWER]|listeners:[], old=null
2023-09-07 20:29:34,361 [8788027e-81d1-4d47-afe3-241385989a54@group-9A97E42B1E36-LeaderElection11-1] INFO  server.GrpcServerProtocolClient (GrpcServerProtocolClient.java:<init>(65)) - Build channel for e6d6ce9d-4fd0-4987-92e7-1065424d9f29
2023-09-07 20:29:34,361 [8788027e-81d1-4d47-afe3-241385989a54@group-9A97E42B1E36-LeaderElection11] INFO  server.RaftServerConfigKeys (ConfUtils.java:logFallback(53)) - raft.server.rpc.first-election.timeout.min = 5s (fallback to raft.server.rpc.timeout.min)
2023-09-07 20:29:34,361 [8788027e-81d1-4d47-afe3-241385989a54@group-9A97E42B1E36-LeaderElection11] INFO  server.RaftServerConfigKeys (ConfUtils.java:logFallback(53)) - raft.server.rpc.first-election.timeout.max = 5200ms (fallback to raft.server.rpc.timeout.max)
2023-09-07 20:29:34,362 [8788027e-81d1-4d47-afe3-241385989a54@group-9A97E42B1E36-LeaderElection11-2] INFO  server.GrpcServerProtocolClient (GrpcServerProtocolClient.java:<init>(65)) - Build channel for 2f0e8030-05aa-4e91-b2c6-437482cdb37f
2023-09-07 20:29:34,372 [grpc-default-executor-0] INFO  server.RaftServer$Division (RaftServerImpl.java:requestVote(1302)) - e6d6ce9d-4fd0-4987-92e7-1065424d9f29@group-9A97E42B1E36: receive requestVote(PRE_VOTE, 8788027e-81d1-4d47-afe3-241385989a54, group-9A97E42B1E36, 0, (t:0, i:0))
2023-09-07 20:29:34,373 [grpc-default-executor-0] INFO  impl.VoteContext (VoteContext.java:log(49)) - e6d6ce9d-4fd0-4987-92e7-1065424d9f29@group-9A97E42B1E36-FOLLOWER: accept PRE_VOTE from 8788027e-81d1-4d47-afe3-241385989a54: our priority 0 <= candidate's priority 0
2023-09-07 20:29:34,373 [grpc-default-executor-0] INFO  server.RaftServer$Division (RaftServerImpl.java:requestVote(1335)) - e6d6ce9d-4fd0-4987-92e7-1065424d9f29@group-9A97E42B1E36 replies to PRE_VOTE vote request: 8788027e-81d1-4d47-afe3-241385989a54<-e6d6ce9d-4fd0-4987-92e7-1065424d9f29#0:OK-t0. Peer's state: e6d6ce9d-4fd0-4987-92e7-1065424d9f29@group-9A97E42B1E36:t0, leader=null, voted=, raftlog=Memoized:e6d6ce9d-4fd0-4987-92e7-1065424d9f29@group-9A97E42B1E36-SegmentedRaftLog:OPENED:c-1, conf=-1: peers:[e6d6ce9d-4fd0-4987-92e7-1065424d9f29|rpc:10.1.0.11:15085|admin:10.1.0.11:15084|client:10.1.0.11:15083|dataStream:10.1.0.11:15086|priority:0|startupRole:FOLLOWER, 8788027e-81d1-4d47-afe3-241385989a54|rpc:10.1.0.11:15067|admin:10.1.0.11:15066|client:10.1.0.11:15065|dataStream:10.1.0.11:15068|priority:0|startupRole:FOLLOWER, 2f0e8030-05aa-4e91-b2c6-437482cdb37f|rpc:10.1.0.11:15076|admin:10.1.0.11:15075|client:10.1.0.11:15074|dataStream:10.1.0.11:15077|priority:1|startupRole:FOLLOWER]|listeners:[], old=null
2023-09-07 20:29:34,377 [grpc-default-executor-0] INFO  server.RaftServer$Division (RaftServerImpl.java:requestVote(1302)) - 2f0e8030-05aa-4e91-b2c6-437482cdb37f@group-9A97E42B1E36: receive requestVote(PRE_VOTE, 8788027e-81d1-4d47-afe3-241385989a54, group-9A97E42B1E36, 0, (t:0, i:0))
2023-09-07 20:29:34,377 [grpc-default-executor-0] INFO  impl.VoteContext (VoteContext.java:log(49)) - 2f0e8030-05aa-4e91-b2c6-437482cdb37f@group-9A97E42B1E36-FOLLOWER: reject PRE_VOTE from 8788027e-81d1-4d47-afe3-241385989a54: our priority 1 > candidate's priority 0
2023-09-07 20:29:34,377 [grpc-default-executor-0] INFO  server.RaftServer$Division (RaftServerImpl.java:requestVote(1335)) - 2f0e8030-05aa-4e91-b2c6-437482cdb37f@group-9A97E42B1E36 replies to PRE_VOTE vote request: 8788027e-81d1-4d47-afe3-241385989a54<-2f0e8030-05aa-4e91-b2c6-437482cdb37f#0:FAIL-t0. Peer's state: 2f0e8030-05aa-4e91-b2c6-437482cdb37f@group-9A97E42B1E36:t0, leader=null, voted=, raftlog=Memoized:2f0e8030-05aa-4e91-b2c6-437482cdb37f@group-9A97E42B1E36-SegmentedRaftLog:OPENED:c-1, conf=-1: peers:[e6d6ce9d-4fd0-4987-92e7-1065424d9f29|rpc:10.1.0.11:15085|admin:10.1.0.11:15084|client:10.1.0.11:15083|dataStream:10.1.0.11:15086|priority:0|startupRole:FOLLOWER, 8788027e-81d1-4d47-afe3-241385989a54|rpc:10.1.0.11:15067|admin:10.1.0.11:15066|client:10.1.0.11:15065|dataStream:10.1.0.11:15068|priority:0|startupRole:FOLLOWER, 2f0e8030-05aa-4e91-b2c6-437482cdb37f|rpc:10.1.0.11:15076|admin:10.1.0.11:15075|client:10.1.0.11:15074|dataStream:10.1.0.11:15077|priority:1|startupRole:FOLLOWER]|listeners:[], old=null
2023-09-07 20:29:34,379 [8788027e-81d1-4d47-afe3-241385989a54@group-9A97E42B1E36-LeaderElection11] INFO  impl.LeaderElection (LeaderElection.java:logAndReturn(90)) - 8788027e-81d1-4d47-afe3-241385989a54@group-9A97E42B1E36-LeaderElection11: PRE_VOTE REJECTED received 2 response(s) and 0 exception(s):
2023-09-07 20:29:34,379 [8788027e-81d1-4d47-afe3-241385989a54@group-9A97E42B1E36-LeaderElection11] INFO  impl.LeaderElection (LeaderElection.java:logAndReturn(94)) -   Response 0: 8788027e-81d1-4d47-afe3-241385989a54<-e6d6ce9d-4fd0-4987-92e7-1065424d9f29#0:OK-t0
2023-09-07 20:29:34,379 [8788027e-81d1-4d47-afe3-241385989a54@group-9A97E42B1E36-LeaderElection11] INFO  impl.LeaderElection (LeaderElection.java:logAndReturn(94)) -   Response 1: 8788027e-81d1-4d47-afe3-241385989a54<-2f0e8030-05aa-4e91-b2c6-437482cdb37f#0:FAIL-t0
2023-09-07 20:29:34,380 [8788027e-81d1-4d47-afe3-241385989a54@group-9A97E42B1E36-LeaderElection11] INFO  impl.LeaderElection (LeaderElection.java:askForVotes(323)) - 8788027e-81d1-4d47-afe3-241385989a54@group-9A97E42B1E36-LeaderElection11 PRE_VOTE round 0: result REJECTED
2023-09-07 20:29:34,380 [8788027e-81d1-4d47-afe3-241385989a54@group-9A97E42B1E36-LeaderElection11] INFO  server.RaftServer$Division (RaftServerImpl.java:setRole(329)) - 8788027e-81d1-4d47-afe3-241385989a54@group-9A97E42B1E36: changes role from CANDIDATE to FOLLOWER at term 0 for REJECTED
2023-09-07 20:29:34,380 [8788027e-81d1-4d47-afe3-241385989a54@group-9A97E42B1E36-LeaderElection11] INFO  impl.RoleInfo (RoleInfo.java:shutdownLeaderElection(130)) - 8788027e-81d1-4d47-afe3-241385989a54: shutdown 8788027e-81d1-4d47-afe3-241385989a54@group-9A97E42B1E36-LeaderElection11
2023-09-07 20:29:34,380 [8788027e-81d1-4d47-afe3-241385989a54@group-9A97E42B1E36-LeaderElection11] INFO  impl.RoleInfo (RoleInfo.java:updateAndGet(139)) - 8788027e-81d1-4d47-afe3-241385989a54: start 8788027e-81d1-4d47-afe3-241385989a54@group-9A97E42B1E36-FollowerState
2023-09-07 20:29:34,473 [8788027e-81d1-4d47-afe3-241385989a54@group-42510B080594-FollowerState] INFO  impl.FollowerState (FollowerState.java:run(143)) - 8788027e-81d1-4d47-afe3-241385989a54@group-42510B080594-FollowerState: change to CANDIDATE, lastRpcElapsedTime:5188848892ns, electionTimeout:5187ms
2023-09-07 20:29:34,474 [8788027e-81d1-4d47-afe3-241385989a54@group-42510B080594-FollowerState] INFO  impl.RoleInfo (RoleInfo.java:shutdownFollowerState(110)) - 8788027e-81d1-4d47-afe3-241385989a54: shutdown 8788027e-81d1-4d47-afe3-241385989a54@group-42510B080594-FollowerState
2023-09-07 20:29:34,474 [8788027e-81d1-4d47-afe3-241385989a54@group-42510B080594-FollowerState] INFO  server.RaftServer$Division (RaftServerImpl.java:setRole(329)) - 8788027e-81d1-4d47-afe3-241385989a54@group-42510B080594: changes role from  FOLLOWER to CANDIDATE at term 0 for changeToCandidate
2023-09-07 20:29:34,474 [8788027e-81d1-4d47-afe3-241385989a54@group-42510B080594-FollowerState] INFO  server.RaftServerConfigKeys (ConfUtils.java:logGet(46)) - raft.server.leaderelection.pre-vote = true (default)
2023-09-07 20:29:34,474 [8788027e-81d1-4d47-afe3-241385989a54@group-42510B080594-FollowerState] INFO  impl.RoleInfo (RoleInfo.java:updateAndGet(139)) - 8788027e-81d1-4d47-afe3-241385989a54: start 8788027e-81d1-4d47-afe3-241385989a54@group-42510B080594-LeaderElection12
2023-09-07 20:29:34,486 [8788027e-81d1-4d47-afe3-241385989a54@group-42510B080594-LeaderElection12] INFO  impl.LeaderElection (LeaderElection.java:askForVotes(321)) - 8788027e-81d1-4d47-afe3-241385989a54@group-42510B080594-LeaderElection12 PRE_VOTE round 0: submit vote requests at term 0 for -1: peers:[8788027e-81d1-4d47-afe3-241385989a54|rpc:10.1.0.11:15067|admin:10.1.0.11:15066|client:10.1.0.11:15065|dataStream:10.1.0.11:15068|priority:1|startupRole:FOLLOWER]|listeners:[], old=null
2023-09-07 20:29:34,486 [8788027e-81d1-4d47-afe3-241385989a54@group-42510B080594-LeaderElection12] INFO  impl.LeaderElection (LeaderElection.java:askForVotes(323)) - 8788027e-81d1-4d47-afe3-241385989a54@group-42510B080594-LeaderElection12 PRE_VOTE round 0: result PASSED (term=0)
2023-09-07 20:29:34,488 [2f0e8030-05aa-4e91-b2c6-437482cdb37f@group-9A97E42B1E36-FollowerState] INFO  impl.FollowerState (FollowerState.java:run(143)) - 2f0e8030-05aa-4e91-b2c6-437482cdb37f@group-9A97E42B1E36-FollowerState: change to CANDIDATE, lastRpcElapsedTime:5113811692ns, electionTimeout:5104ms
2023-09-07 20:29:34,488 [2f0e8030-05aa-4e91-b2c6-437482cdb37f@group-9A97E42B1E36-FollowerState] INFO  impl.RoleInfo (RoleInfo.java:shutdownFollowerState(110)) - 2f0e8030-05aa-4e91-b2c6-437482cdb37f: shutdown 2f0e8030-05aa-4e91-b2c6-437482cdb37f@group-9A97E42B1E36-FollowerState
2023-09-07 20:29:34,488 [2f0e8030-05aa-4e91-b2c6-437482cdb37f@group-9A97E42B1E36-FollowerState] INFO  server.RaftServer$Division (RaftServerImpl.java:setRole(329)) - 2f0e8030-05aa-4e91-b2c6-437482cdb37f@group-9A97E42B1E36: changes role from  FOLLOWER to CANDIDATE at term 0 for changeToCandidate
2023-09-07 20:29:34,488 [2f0e8030-05aa-4e91-b2c6-437482cdb37f@group-9A97E42B1E36-FollowerState] INFO  server.RaftServerConfigKeys (ConfUtils.java:logGet(46)) - raft.server.leaderelection.pre-vote = true (default)
2023-09-07 20:29:34,488 [2f0e8030-05aa-4e91-b2c6-437482cdb37f@group-9A97E42B1E36-FollowerState] INFO  impl.RoleInfo (RoleInfo.java:updateAndGet(139)) - 2f0e8030-05aa-4e91-b2c6-437482cdb37f: start 2f0e8030-05aa-4e91-b2c6-437482cdb37f@group-9A97E42B1E36-LeaderElection13
2023-09-07 20:29:34,491 [8788027e-81d1-4d47-afe3-241385989a54@group-42510B080594-LeaderElection12] INFO  impl.LeaderElection (LeaderElection.java:askForVotes(321)) - 8788027e-81d1-4d47-afe3-241385989a54@group-42510B080594-LeaderElection12 ELECTION round 0: submit vote requests at term 1 for -1: peers:[8788027e-81d1-4d47-afe3-241385989a54|rpc:10.1.0.11:15067|admin:10.1.0.11:15066|client:10.1.0.11:15065|dataStream:10.1.0.11:15068|priority:1|startupRole:FOLLOWER]|listeners:[], old=null
2023-09-07 20:29:34,491 [8788027e-81d1-4d47-afe3-241385989a54@group-42510B080594-LeaderElection12] INFO  impl.LeaderElection (LeaderElection.java:askForVotes(323)) - 8788027e-81d1-4d47-afe3-241385989a54@group-42510B080594-LeaderElection12 ELECTION round 0: result PASSED (term=1)
2023-09-07 20:29:34,491 [8788027e-81d1-4d47-afe3-241385989a54@group-42510B080594-LeaderElection12] INFO  impl.RoleInfo (RoleInfo.java:shutdownLeaderElection(130)) - 8788027e-81d1-4d47-afe3-241385989a54: shutdown 8788027e-81d1-4d47-afe3-241385989a54@group-42510B080594-LeaderElection12
2023-09-07 20:29:34,491 [8788027e-81d1-4d47-afe3-241385989a54@group-42510B080594-LeaderElection12] INFO  server.RaftServer$Division (RaftServerImpl.java:setRole(329)) - 8788027e-81d1-4d47-afe3-241385989a54@group-42510B080594: changes role from CANDIDATE to LEADER at term 1 for changeToLeader
2023-09-07 20:29:34,491 [8788027e-81d1-4d47-afe3-241385989a54@group-42510B080594-LeaderElection12] INFO  ratis.XceiverServerRatis (XceiverServerRatis.java:handleLeaderChangedNotification(902)) - Leader change notification received for group: group-42510B080594 with new leaderId: 8788027e-81d1-4d47-afe3-241385989a54
2023-09-07 20:29:34,492 [EventQueue-OpenPipelineForHealthyPipelineSafeModeRule] INFO  safemode.SCMSafeModeManager (HealthyPipelineSafeModeRule.java:process(137)) - SCM in safe mode. Healthy pipelines reported count is 0, required healthy pipeline reported count is 1
2023-09-07 20:29:34,492 [8788027e-81d1-4d47-afe3-241385989a54@group-42510B080594-LeaderElection12] INFO  server.RaftServer$Division (ServerState.java:setLeader(317)) - 8788027e-81d1-4d47-afe3-241385989a54@group-42510B080594: change Leader from null to 8788027e-81d1-4d47-afe3-241385989a54 at term 1 for becomeLeader, leader elected after 5234ms
2023-09-07 20:29:34,492 [8788027e-81d1-4d47-afe3-241385989a54@group-42510B080594-LeaderElection12] INFO  server.RaftServerConfigKeys (ConfUtils.java:logGet(46)) - raft.server.staging.catchup.gap = 1000 (default)
2023-09-07 20:29:34,493 [8788027e-81d1-4d47-afe3-241385989a54@group-42510B080594-LeaderElection12] INFO  server.RaftServerConfigKeys (ConfUtils.java:logGet(46)) - raft.server.write.element-limit = 1024 (custom)
2023-09-07 20:29:34,493 [8788027e-81d1-4d47-afe3-241385989a54@group-42510B080594-LeaderElection12] INFO  server.RaftServerConfigKeys (ConfUtils.java:logGet(46)) - raft.server.write.byte-limit = 1024 M (=1073741824) (custom)
2023-09-07 20:29:34,494 [2f0e8030-05aa-4e91-b2c6-437482cdb37f@group-9A97E42B1E36-LeaderElection13] INFO  impl.LeaderElection (LeaderElection.java:askForVotes(321)) - 2f0e8030-05aa-4e91-b2c6-437482cdb37f@group-9A97E42B1E36-LeaderElection13 PRE_VOTE round 0: submit vote requests at term 0 for -1: peers:[e6d6ce9d-4fd0-4987-92e7-1065424d9f29|rpc:10.1.0.11:15085|admin:10.1.0.11:15084|client:10.1.0.11:15083|dataStream:10.1.0.11:15086|priority:0|startupRole:FOLLOWER, 8788027e-81d1-4d47-afe3-241385989a54|rpc:10.1.0.11:15067|admin:10.1.0.11:15066|client:10.1.0.11:15065|dataStream:10.1.0.11:15068|priority:0|startupRole:FOLLOWER, 2f0e8030-05aa-4e91-b2c6-437482cdb37f|rpc:10.1.0.11:15076|admin:10.1.0.11:15075|client:10.1.0.11:15074|dataStream:10.1.0.11:15077|priority:1|startupRole:FOLLOWER]|listeners:[], old=null
2023-09-07 20:29:34,494 [8788027e-81d1-4d47-afe3-241385989a54@group-42510B080594-LeaderElection12] INFO  server.RaftServerConfigKeys (ConfUtils.java:logGet(46)) - raft.server.watch.timeout = 180s (custom)
2023-09-07 20:29:34,494 [8788027e-81d1-4d47-afe3-241385989a54@group-42510B080594-LeaderElection12] INFO  server.RaftServerConfigKeys (ConfUtils.java:logGet(46)) - raft.server.watch.timeout.denomination = 1s (default)
2023-09-07 20:29:34,494 [8788027e-81d1-4d47-afe3-241385989a54@group-42510B080594-LeaderElection12] INFO  server.RaftServerConfigKeys (ConfUtils.java:logGet(46)) - raft.server.watch.element-limit = 65536 (default)
2023-09-07 20:29:34,495 [2f0e8030-05aa-4e91-b2c6-437482cdb37f@group-9A97E42B1E36-LeaderElection13-1] INFO  server.GrpcServerProtocolClient (GrpcServerProtocolClient.java:<init>(65)) - Build channel for e6d6ce9d-4fd0-4987-92e7-1065424d9f29
2023-09-07 20:29:34,496 [8788027e-81d1-4d47-afe3-241385989a54@group-42510B080594-LeaderElection12] INFO  server.RaftServerConfigKeys (ConfUtils.java:logGet(46)) - raft.server.write.element-limit = 1024 (custom)
2023-09-07 20:29:34,496 [8788027e-81d1-4d47-afe3-241385989a54@group-42510B080594-LeaderElection12] INFO  server.RaftServerConfigKeys (ConfUtils.java:logGet(46)) - raft.server.write.follower.gap.ratio.max = -1.0 (default)
2023-09-07 20:29:34,496 [8788027e-81d1-4d47-afe3-241385989a54@group-42510B080594-LeaderElection12] INFO  impl.RoleInfo (RoleInfo.java:updateAndGet(139)) - 8788027e-81d1-4d47-afe3-241385989a54: start 8788027e-81d1-4d47-afe3-241385989a54@group-42510B080594-LeaderStateImpl
2023-09-07 20:29:34,497 [8788027e-81d1-4d47-afe3-241385989a54@group-42510B080594-LeaderElection12] INFO  segmented.SegmentedRaftLogWorker (SegmentedRaftLogWorker.java:startLogSegment(447)) - 8788027e-81d1-4d47-afe3-241385989a54@group-42510B080594-SegmentedRaftLogWorker: Starting segment from index:0
2023-09-07 20:29:34,498 [2f0e8030-05aa-4e91-b2c6-437482cdb37f@group-9A97E42B1E36-LeaderElection13] INFO  server.RaftServerConfigKeys (ConfUtils.java:logFallback(53)) - raft.server.rpc.first-election.timeout.min = 5s (fallback to raft.server.rpc.timeout.min)
2023-09-07 20:29:34,498 [2f0e8030-05aa-4e91-b2c6-437482cdb37f@group-9A97E42B1E36-LeaderElection13] INFO  server.RaftServerConfigKeys (ConfUtils.java:logFallback(53)) - raft.server.rpc.first-election.timeout.max = 5200ms (fallback to raft.server.rpc.timeout.max)
2023-09-07 20:29:34,499 [2f0e8030-05aa-4e91-b2c6-437482cdb37f@group-9A97E42B1E36-LeaderElection13-2] INFO  server.GrpcServerProtocolClient (GrpcServerProtocolClient.java:<init>(65)) - Build channel for 8788027e-81d1-4d47-afe3-241385989a54
2023-09-07 20:29:34,501 [8788027e-81d1-4d47-afe3-241385989a54@group-42510B080594-SegmentedRaftLogWorker] INFO  segmented.SegmentedRaftLogWorker (SegmentedRaftLogWorker.java:execute(651)) - 8788027e-81d1-4d47-afe3-241385989a54@group-42510B080594-SegmentedRaftLogWorker: created new log segment /home/runner/work/ozone/ozone/hadoop-ozone/integration-test/target/test-dir/MiniOzoneClusterImpl-6e39530a-abb5-4f3a-bb3c-e5f572b2b70f/datanode-0/data/ratis/7c8688d0-5463-4e72-92bc-42510b080594/current/log_inprogress_0
2023-09-07 20:29:34,506 [8788027e-81d1-4d47-afe3-241385989a54@group-42510B080594-LeaderElection12] INFO  server.RaftServer$Division (ServerState.java:setRaftConf(434)) - 8788027e-81d1-4d47-afe3-241385989a54@group-42510B080594: set configuration 0: peers:[8788027e-81d1-4d47-afe3-241385989a54|rpc:10.1.0.11:15067|admin:10.1.0.11:15066|client:10.1.0.11:15065|dataStream:10.1.0.11:15068|priority:1|startupRole:FOLLOWER]|listeners:[], old=null
2023-09-07 20:29:34,507 [e6d6ce9d-4fd0-4987-92e7-1065424d9f29@group-9A97E42B1E36-FollowerState] INFO  server.RaftServerConfigKeys (ConfUtils.java:logFallback(53)) - raft.server.rpc.first-election.timeout.min = 5s (fallback to raft.server.rpc.timeout.min)
2023-09-07 20:29:34,507 [e6d6ce9d-4fd0-4987-92e7-1065424d9f29@group-9A97E42B1E36-FollowerState] INFO  server.RaftServerConfigKeys (ConfUtils.java:logFallback(53)) - raft.server.rpc.first-election.timeout.max = 5200ms (fallback to raft.server.rpc.timeout.max)
2023-09-07 20:29:34,511 [grpc-default-executor-0] INFO  server.RaftServer$Division (RaftServerImpl.java:requestVote(1302)) - e6d6ce9d-4fd0-4987-92e7-1065424d9f29@group-9A97E42B1E36: receive requestVote(PRE_VOTE, 2f0e8030-05aa-4e91-b2c6-437482cdb37f, group-9A97E42B1E36, 0, (t:0, i:0))
2023-09-07 20:29:34,511 [grpc-default-executor-0] INFO  impl.VoteContext (VoteContext.java:log(49)) - e6d6ce9d-4fd0-4987-92e7-1065424d9f29@group-9A97E42B1E36-FOLLOWER: accept PRE_VOTE from 2f0e8030-05aa-4e91-b2c6-437482cdb37f: our priority 0 <= candidate's priority 1
2023-09-07 20:29:34,511 [grpc-default-executor-0] INFO  server.RaftServer$Division (RaftServerImpl.java:requestVote(1335)) - e6d6ce9d-4fd0-4987-92e7-1065424d9f29@group-9A97E42B1E36 replies to PRE_VOTE vote request: 2f0e8030-05aa-4e91-b2c6-437482cdb37f<-e6d6ce9d-4fd0-4987-92e7-1065424d9f29#0:OK-t0. Peer's state: e6d6ce9d-4fd0-4987-92e7-1065424d9f29@group-9A97E42B1E36:t0, leader=null, voted=, raftlog=Memoized:e6d6ce9d-4fd0-4987-92e7-1065424d9f29@group-9A97E42B1E36-SegmentedRaftLog:OPENED:c-1, conf=-1: peers:[e6d6ce9d-4fd0-4987-92e7-1065424d9f29|rpc:10.1.0.11:15085|admin:10.1.0.11:15084|client:10.1.0.11:15083|dataStream:10.1.0.11:15086|priority:0|startupRole:FOLLOWER, 8788027e-81d1-4d47-afe3-241385989a54|rpc:10.1.0.11:15067|admin:10.1.0.11:15066|client:10.1.0.11:15065|dataStream:10.1.0.11:15068|priority:0|startupRole:FOLLOWER, 2f0e8030-05aa-4e91-b2c6-437482cdb37f|rpc:10.1.0.11:15076|admin:10.1.0.11:15075|client:10.1.0.11:15074|dataStream:10.1.0.11:15077|priority:1|startupRole:FOLLOWER]|listeners:[], old=null
2023-09-07 20:29:34,513 [2f0e8030-05aa-4e91-b2c6-437482cdb37f@group-9A97E42B1E36-LeaderElection13] INFO  impl.LeaderElection (LeaderElection.java:logAndReturn(90)) - 2f0e8030-05aa-4e91-b2c6-437482cdb37f@group-9A97E42B1E36-LeaderElection13: PRE_VOTE PASSED received 1 response(s) and 0 exception(s):
2023-09-07 20:29:34,513 [2f0e8030-05aa-4e91-b2c6-437482cdb37f@group-9A97E42B1E36-LeaderElection13] INFO  impl.LeaderElection (LeaderElection.java:logAndReturn(94)) -   Response 0: 2f0e8030-05aa-4e91-b2c6-437482cdb37f<-e6d6ce9d-4fd0-4987-92e7-1065424d9f29#0:OK-t0
2023-09-07 20:29:34,514 [2f0e8030-05aa-4e91-b2c6-437482cdb37f@group-9A97E42B1E36-LeaderElection13] INFO  impl.LeaderElection (LeaderElection.java:askForVotes(323)) - 2f0e8030-05aa-4e91-b2c6-437482cdb37f@group-9A97E42B1E36-LeaderElection13 PRE_VOTE round 0: result PASSED
2023-09-07 20:29:34,518 [2f0e8030-05aa-4e91-b2c6-437482cdb37f@group-9A97E42B1E36-LeaderElection13] INFO  impl.LeaderElection (LeaderElection.java:askForVotes(321)) - 2f0e8030-05aa-4e91-b2c6-437482cdb37f@group-9A97E42B1E36-LeaderElection13 ELECTION round 0: submit vote requests at term 1 for -1: peers:[e6d6ce9d-4fd0-4987-92e7-1065424d9f29|rpc:10.1.0.11:15085|admin:10.1.0.11:15084|client:10.1.0.11:15083|dataStream:10.1.0.11:15086|priority:0|startupRole:FOLLOWER, 8788027e-81d1-4d47-afe3-241385989a54|rpc:10.1.0.11:15067|admin:10.1.0.11:15066|client:10.1.0.11:15065|dataStream:10.1.0.11:15068|priority:0|startupRole:FOLLOWER, 2f0e8030-05aa-4e91-b2c6-437482cdb37f|rpc:10.1.0.11:15076|admin:10.1.0.11:15075|client:10.1.0.11:15074|dataStream:10.1.0.11:15077|priority:1|startupRole:FOLLOWER]|listeners:[], old=null
2023-09-07 20:29:34,527 [2f0e8030-05aa-4e91-b2c6-437482cdb37f@group-9A97E42B1E36-LeaderElection13] INFO  server.RaftServerConfigKeys (ConfUtils.java:logFallback(53)) - raft.server.rpc.first-election.timeout.min = 5s (fallback to raft.server.rpc.timeout.min)
2023-09-07 20:29:34,528 [2f0e8030-05aa-4e91-b2c6-437482cdb37f@group-9A97E42B1E36-LeaderElection13] INFO  server.RaftServerConfigKeys (ConfUtils.java:logFallback(53)) - raft.server.rpc.first-election.timeout.max = 5200ms (fallback to raft.server.rpc.timeout.max)
2023-09-07 20:29:34,530 [grpc-default-executor-0] INFO  server.RaftServer$Division (RaftServerImpl.java:requestVote(1302)) - e6d6ce9d-4fd0-4987-92e7-1065424d9f29@group-9A97E42B1E36: receive requestVote(ELECTION, 2f0e8030-05aa-4e91-b2c6-437482cdb37f, group-9A97E42B1E36, 1, (t:0, i:0))
2023-09-07 20:29:34,530 [grpc-default-executor-0] INFO  impl.VoteContext (VoteContext.java:log(49)) - e6d6ce9d-4fd0-4987-92e7-1065424d9f29@group-9A97E42B1E36-FOLLOWER: accept ELECTION from 2f0e8030-05aa-4e91-b2c6-437482cdb37f: our priority 0 <= candidate's priority 1
2023-09-07 20:29:34,530 [grpc-default-executor-0] INFO  server.RaftServer$Division (RaftServerImpl.java:setRole(329)) - e6d6ce9d-4fd0-4987-92e7-1065424d9f29@group-9A97E42B1E36: changes role from  FOLLOWER to FOLLOWER at term 1 for candidate:2f0e8030-05aa-4e91-b2c6-437482cdb37f
2023-09-07 20:29:34,530 [grpc-default-executor-0] INFO  impl.RoleInfo (RoleInfo.java:shutdownFollowerState(110)) - e6d6ce9d-4fd0-4987-92e7-1065424d9f29: shutdown e6d6ce9d-4fd0-4987-92e7-1065424d9f29@group-9A97E42B1E36-FollowerState
2023-09-07 20:29:34,531 [grpc-default-executor-0] INFO  impl.RoleInfo (RoleInfo.java:updateAndGet(139)) - e6d6ce9d-4fd0-4987-92e7-1065424d9f29: start e6d6ce9d-4fd0-4987-92e7-1065424d9f29@group-9A97E42B1E36-FollowerState
2023-09-07 20:29:34,531 [e6d6ce9d-4fd0-4987-92e7-1065424d9f29@group-9A97E42B1E36-FollowerState] INFO  impl.FollowerState (FollowerState.java:run(152)) - e6d6ce9d-4fd0-4987-92e7-1065424d9f29@group-9A97E42B1E36-FollowerState was interrupted
2023-09-07 20:29:34,545 [grpc-default-executor-0] INFO  server.RaftServer$Division (RaftServerImpl.java:requestVote(1335)) - e6d6ce9d-4fd0-4987-92e7-1065424d9f29@group-9A97E42B1E36 replies to ELECTION vote request: 2f0e8030-05aa-4e91-b2c6-437482cdb37f<-e6d6ce9d-4fd0-4987-92e7-1065424d9f29#0:OK-t1. Peer's state: e6d6ce9d-4fd0-4987-92e7-1065424d9f29@group-9A97E42B1E36:t1, leader=null, voted=2f0e8030-05aa-4e91-b2c6-437482cdb37f, raftlog=Memoized:e6d6ce9d-4fd0-4987-92e7-1065424d9f29@group-9A97E42B1E36-SegmentedRaftLog:OPENED:c-1, conf=-1: peers:[e6d6ce9d-4fd0-4987-92e7-1065424d9f29|rpc:10.1.0.11:15085|admin:10.1.0.11:15084|client:10.1.0.11:15083|dataStream:10.1.0.11:15086|priority:0|startupRole:FOLLOWER, 8788027e-81d1-4d47-afe3-241385989a54|rpc:10.1.0.11:15067|admin:10.1.0.11:15066|client:10.1.0.11:15065|dataStream:10.1.0.11:15068|priority:0|startupRole:FOLLOWER, 2f0e8030-05aa-4e91-b2c6-437482cdb37f|rpc:10.1.0.11:15076|admin:10.1.0.11:15075|client:10.1.0.11:15074|dataStream:10.1.0.11:15077|priority:1|startupRole:FOLLOWER]|listeners:[], old=null
2023-09-07 20:29:34,547 [grpc-default-executor-2] INFO  server.RaftServer$Division (RaftServerImpl.java:requestVote(1302)) - 8788027e-81d1-4d47-afe3-241385989a54@group-9A97E42B1E36: receive requestVote(ELECTION, 2f0e8030-05aa-4e91-b2c6-437482cdb37f, group-9A97E42B1E36, 1, (t:0, i:0))
2023-09-07 20:29:34,548 [2f0e8030-05aa-4e91-b2c6-437482cdb37f@group-9A97E42B1E36-LeaderElection13] INFO  impl.LeaderElection (LeaderElection.java:logAndReturn(90)) - 2f0e8030-05aa-4e91-b2c6-437482cdb37f@group-9A97E42B1E36-LeaderElection13: ELECTION PASSED received 1 response(s) and 0 exception(s):
2023-09-07 20:29:34,548 [grpc-default-executor-2] INFO  impl.VoteContext (VoteContext.java:log(49)) - 8788027e-81d1-4d47-afe3-241385989a54@group-9A97E42B1E36-FOLLOWER: accept ELECTION from 2f0e8030-05aa-4e91-b2c6-437482cdb37f: our priority 0 <= candidate's priority 1
2023-09-07 20:29:34,548 [grpc-default-executor-2] INFO  server.RaftServer$Division (RaftServerImpl.java:setRole(329)) - 8788027e-81d1-4d47-afe3-241385989a54@group-9A97E42B1E36: changes role from  FOLLOWER to FOLLOWER at term 1 for candidate:2f0e8030-05aa-4e91-b2c6-437482cdb37f
2023-09-07 20:29:34,548 [grpc-default-executor-2] INFO  impl.RoleInfo (RoleInfo.java:shutdownFollowerState(110)) - 8788027e-81d1-4d47-afe3-241385989a54: shutdown 8788027e-81d1-4d47-afe3-241385989a54@group-9A97E42B1E36-FollowerState
2023-09-07 20:29:34,548 [8788027e-81d1-4d47-afe3-241385989a54@group-9A97E42B1E36-FollowerState] INFO  impl.FollowerState (FollowerState.java:run(152)) - 8788027e-81d1-4d47-afe3-241385989a54@group-9A97E42B1E36-FollowerState was interrupted
2023-09-07 20:29:34,548 [grpc-default-executor-2] INFO  impl.RoleInfo (RoleInfo.java:updateAndGet(139)) - 8788027e-81d1-4d47-afe3-241385989a54: start 8788027e-81d1-4d47-afe3-241385989a54@group-9A97E42B1E36-FollowerState
2023-09-07 20:29:34,548 [2f0e8030-05aa-4e91-b2c6-437482cdb37f@group-9A97E42B1E36-LeaderElection13] INFO  impl.LeaderElection (LeaderElection.java:logAndReturn(94)) -   Response 0: 2f0e8030-05aa-4e91-b2c6-437482cdb37f<-e6d6ce9d-4fd0-4987-92e7-1065424d9f29#0:OK-t1
2023-09-07 20:29:34,551 [2f0e8030-05aa-4e91-b2c6-437482cdb37f@group-9A97E42B1E36-LeaderElection13] INFO  impl.LeaderElection (LeaderElection.java:askForVotes(323)) - 2f0e8030-05aa-4e91-b2c6-437482cdb37f@group-9A97E42B1E36-LeaderElection13 ELECTION round 0: result PASSED
2023-09-07 20:29:34,552 [grpc-default-executor-1] INFO  server.RaftServer$Division (RaftServerImpl.java:requestVote(1302)) - 8788027e-81d1-4d47-afe3-241385989a54@group-9A97E42B1E36: receive requestVote(PRE_VOTE, 2f0e8030-05aa-4e91-b2c6-437482cdb37f, group-9A97E42B1E36, 0, (t:0, i:0))
2023-09-07 20:29:34,552 [2f0e8030-05aa-4e91-b2c6-437482cdb37f@group-9A97E42B1E36-LeaderElection13] INFO  impl.RoleInfo (RoleInfo.java:shutdownLeaderElection(130)) - 2f0e8030-05aa-4e91-b2c6-437482cdb37f: shutdown 2f0e8030-05aa-4e91-b2c6-437482cdb37f@group-9A97E42B1E36-LeaderElection13
2023-09-07 20:29:34,552 [grpc-default-executor-2] INFO  server.RaftServer$Division (RaftServerImpl.java:requestVote(1335)) - 8788027e-81d1-4d47-afe3-241385989a54@group-9A97E42B1E36 replies to ELECTION vote request: 2f0e8030-05aa-4e91-b2c6-437482cdb37f<-8788027e-81d1-4d47-afe3-241385989a54#0:OK-t1. Peer's state: 8788027e-81d1-4d47-afe3-241385989a54@group-9A97E42B1E36:t1, leader=null, voted=2f0e8030-05aa-4e91-b2c6-437482cdb37f, raftlog=Memoized:8788027e-81d1-4d47-afe3-241385989a54@group-9A97E42B1E36-SegmentedRaftLog:OPENED:c-1, conf=-1: peers:[e6d6ce9d-4fd0-4987-92e7-1065424d9f29|rpc:10.1.0.11:15085|admin:10.1.0.11:15084|client:10.1.0.11:15083|dataStream:10.1.0.11:15086|priority:0|startupRole:FOLLOWER, 8788027e-81d1-4d47-afe3-241385989a54|rpc:10.1.0.11:15067|admin:10.1.0.11:15066|client:10.1.0.11:15065|dataStream:10.1.0.11:15068|priority:0|startupRole:FOLLOWER, 2f0e8030-05aa-4e91-b2c6-437482cdb37f|rpc:10.1.0.11:15076|admin:10.1.0.11:15075|client:10.1.0.11:15074|dataStream:10.1.0.11:15077|priority:1|startupRole:FOLLOWER]|listeners:[], old=null
2023-09-07 20:29:34,552 [2f0e8030-05aa-4e91-b2c6-437482cdb37f@group-9A97E42B1E36-LeaderElection13] INFO  server.RaftServer$Division (RaftServerImpl.java:setRole(329)) - 2f0e8030-05aa-4e91-b2c6-437482cdb37f@group-9A97E42B1E36: changes role from CANDIDATE to LEADER at term 1 for changeToLeader
2023-09-07 20:29:34,552 [2f0e8030-05aa-4e91-b2c6-437482cdb37f@group-9A97E42B1E36-LeaderElection13] INFO  ratis.XceiverServerRatis (XceiverServerRatis.java:handleLeaderChangedNotification(902)) - Leader change notification received for group: group-9A97E42B1E36 with new leaderId: 2f0e8030-05aa-4e91-b2c6-437482cdb37f
2023-09-07 20:29:34,552 [2f0e8030-05aa-4e91-b2c6-437482cdb37f@group-9A97E42B1E36-LeaderElection13] INFO  server.RaftServer$Division (ServerState.java:setLeader(317)) - 2f0e8030-05aa-4e91-b2c6-437482cdb37f@group-9A97E42B1E36: change Leader from null to 2f0e8030-05aa-4e91-b2c6-437482cdb37f at term 1 for becomeLeader, leader elected after 5208ms
2023-09-07 20:29:34,553 [2f0e8030-05aa-4e91-b2c6-437482cdb37f@group-9A97E42B1E36-LeaderElection13] INFO  server.RaftServerConfigKeys (ConfUtils.java:logGet(46)) - raft.server.staging.catchup.gap = 1000 (default)
2023-09-07 20:29:34,553 [2f0e8030-05aa-4e91-b2c6-437482cdb37f@group-9A97E42B1E36-LeaderElection13] INFO  server.RaftServerConfigKeys (ConfUtils.java:logGet(46)) - raft.server.write.element-limit = 1024 (custom)
2023-09-07 20:29:34,553 [2f0e8030-05aa-4e91-b2c6-437482cdb37f@group-9A97E42B1E36-LeaderElection13] INFO  server.RaftServerConfigKeys (ConfUtils.java:logGet(46)) - raft.server.write.byte-limit = 1024 M (=1073741824) (custom)
2023-09-07 20:29:34,554 [2f0e8030-05aa-4e91-b2c6-437482cdb37f@group-9A97E42B1E36-LeaderElection13] INFO  server.RaftServerConfigKeys (ConfUtils.java:logGet(46)) - raft.server.watch.timeout = 180s (custom)
2023-09-07 20:29:34,554 [2f0e8030-05aa-4e91-b2c6-437482cdb37f@group-9A97E42B1E36-LeaderElection13] INFO  server.RaftServerConfigKeys (ConfUtils.java:logGet(46)) - raft.server.watch.timeout.denomination = 1s (default)
2023-09-07 20:29:34,554 [2f0e8030-05aa-4e91-b2c6-437482cdb37f@group-9A97E42B1E36-LeaderElection13] INFO  server.RaftServerConfigKeys (ConfUtils.java:logGet(46)) - raft.server.watch.element-limit = 65536 (default)
2023-09-07 20:29:34,554 [2f0e8030-05aa-4e91-b2c6-437482cdb37f@group-9A97E42B1E36-LeaderElection13] INFO  server.RaftServerConfigKeys (ConfUtils.java:logGet(46)) - raft.server.write.element-limit = 1024 (custom)
2023-09-07 20:29:34,554 [2f0e8030-05aa-4e91-b2c6-437482cdb37f@group-9A97E42B1E36-LeaderElection13] INFO  server.RaftServerConfigKeys (ConfUtils.java:logGet(46)) - raft.server.write.follower.gap.ratio.max = -1.0 (default)
2023-09-07 20:29:34,555 [grpc-default-executor-1] INFO  impl.VoteContext (VoteContext.java:log(49)) - 8788027e-81d1-4d47-afe3-241385989a54@group-9A97E42B1E36-FOLLOWER: accept PRE_VOTE from 2f0e8030-05aa-4e91-b2c6-437482cdb37f: our priority 0 <= candidate's priority 1
2023-09-07 20:29:34,555 [grpc-default-executor-1] INFO  server.RaftServer$Division (RaftServerImpl.java:requestVote(1335)) - 8788027e-81d1-4d47-afe3-241385989a54@group-9A97E42B1E36 replies to PRE_VOTE vote request: 2f0e8030-05aa-4e91-b2c6-437482cdb37f<-8788027e-81d1-4d47-afe3-241385989a54#0:OK-t1. Peer's state: 8788027e-81d1-4d47-afe3-241385989a54@group-9A97E42B1E36:t1, leader=null, voted=2f0e8030-05aa-4e91-b2c6-437482cdb37f, raftlog=Memoized:8788027e-81d1-4d47-afe3-241385989a54@group-9A97E42B1E36-SegmentedRaftLog:OPENED:c-1, conf=-1: peers:[e6d6ce9d-4fd0-4987-92e7-1065424d9f29|rpc:10.1.0.11:15085|admin:10.1.0.11:15084|client:10.1.0.11:15083|dataStream:10.1.0.11:15086|priority:0|startupRole:FOLLOWER, 8788027e-81d1-4d47-afe3-241385989a54|rpc:10.1.0.11:15067|admin:10.1.0.11:15066|client:10.1.0.11:15065|dataStream:10.1.0.11:15068|priority:0|startupRole:FOLLOWER, 2f0e8030-05aa-4e91-b2c6-437482cdb37f|rpc:10.1.0.11:15076|admin:10.1.0.11:15075|client:10.1.0.11:15074|dataStream:10.1.0.11:15077|priority:1|startupRole:FOLLOWER]|listeners:[], old=null
2023-09-07 20:29:34,556 [EventQueue-OpenPipelineForHealthyPipelineSafeModeRule] INFO  safemode.SCMSafeModeManager (HealthyPipelineSafeModeRule.java:process(137)) - SCM in safe mode. Healthy pipelines reported count is 0, required healthy pipeline reported count is 1
2023-09-07 20:29:34,557 [2f0e8030-05aa-4e91-b2c6-437482cdb37f@group-9A97E42B1E36-LeaderElection13] INFO  server.RaftServerConfigKeys (ConfUtils.java:logGet(46)) - raft.server.log.appender.snapshot.chunk.size.max = 16MB (=16777216) (default)
2023-09-07 20:29:34,557 [2f0e8030-05aa-4e91-b2c6-437482cdb37f@group-9A97E42B1E36-LeaderElection13] INFO  server.RaftServerConfigKeys (ConfUtils.java:logGet(46)) - raft.server.log.appender.buffer.byte-limit = 33554432 (custom)
2023-09-07 20:29:34,557 [2f0e8030-05aa-4e91-b2c6-437482cdb37f@group-9A97E42B1E36-LeaderElection13] INFO  server.RaftServerConfigKeys (ConfUtils.java:logGet(46)) - raft.server.log.appender.buffer.element-limit = 1 (custom)
2023-09-07 20:29:34,557 [2f0e8030-05aa-4e91-b2c6-437482cdb37f@group-9A97E42B1E36-LeaderElection13] INFO  server.RaftServerConfigKeys (ConfUtils.java:logGet(46)) - raft.server.log.appender.wait-time.min = 10ms (default)
2023-09-07 20:29:34,557 [2f0e8030-05aa-4e91-b2c6-437482cdb37f@group-9A97E42B1E36-LeaderElection13] INFO  grpc.GrpcConfigKeys (ConfUtils.java:logGet(46)) - raft.grpc.server.leader.outstanding.appends.max = 128 (default)
2023-09-07 20:29:34,557 [EventQueue-PipelineReportForPipelineReportHandler] INFO  pipeline.PipelineReportHandler (PipelineReportHandler.java:processPipelineReport(136)) - Opened pipeline PipelineID=808d1a94-13a3-43c1-b3f2-9a97e42b1e36
2023-09-07 20:29:34,558 [EventQueue-OpenPipelineForHealthyPipelineSafeModeRule] INFO  safemode.SCMSafeModeManager (HealthyPipelineSafeModeRule.java:process(137)) - SCM in safe mode. Healthy pipelines reported count is 1, required healthy pipeline reported count is 1
2023-09-07 20:29:34,558 [EventQueue-OpenPipelineForHealthyPipelineSafeModeRule] INFO  safemode.SCMSafeModeManager (SCMSafeModeManager.java:validateSafeModeExitRules(200)) - HealthyPipelineSafeModeRule rule is successfully validated
2023-09-07 20:29:34,558 [EventQueue-OpenPipelineForHealthyPipelineSafeModeRule] INFO  safemode.SCMSafeModeManager (SCMSafeModeManager.java:validateSafeModeExitRules(215)) - ScmSafeModeManager, all rules are successfully validated
2023-09-07 20:29:34,558 [EventQueue-OpenPipelineForHealthyPipelineSafeModeRule] INFO  safemode.SCMSafeModeManager (SCMSafeModeManager.java:exitSafeMode(244)) - SCM exiting safe mode.
2023-09-07 20:29:34,558 [EventQueue-OpenPipelineForHealthyPipelineSafeModeRule] INFO  ha.SCMContext (SCMContext.java:updateSafeModeStatus(228)) - Update SafeModeStatus from SafeModeStatus{safeModeStatus=true, preCheckPassed=true} to SafeModeStatus{safeModeStatus=false, preCheckPassed=true}.
2023-09-07 20:29:34,558 [EventQueue-OpenPipelineForHealthyPipelineSafeModeRule] INFO  pipeline.BackgroundPipelineCreator (BackgroundPipelineCreator.java:notifyStatusChanged(255)) - Service BackgroundPipelineCreator transitions to RUNNING.
2023-09-07 20:29:34,558 [EventQueue-OpenPipelineForHealthyPipelineSafeModeRule] INFO  BackgroundPipelineScrubber (BackgroundSCMService.java:notifyStatusChanged(82)) - Service BackgroundPipelineScrubber transitions to RUNNING.
2023-09-07 20:29:34,558 [EventQueue-OpenPipelineForHealthyPipelineSafeModeRule] INFO  ExpiredContainerReplicaOpScrubber (BackgroundSCMService.java:notifyStatusChanged(82)) - Service ExpiredContainerReplicaOpScrubber transitions to RUNNING.
2023-09-07 20:29:34,558 [EventQueue-OpenPipelineForHealthyPipelineSafeModeRule] INFO  replication.ReplicationManager (ReplicationManager.java:notifyStatusChanged(1370)) - Service ReplicationManager transitions to RUNNING.
2023-09-07 20:29:34,558 [2f0e8030-05aa-4e91-b2c6-437482cdb37f@group-9A97E42B1E36-LeaderElection13] INFO  server.RaftServerConfigKeys (ConfUtils.java:logGet(46)) - raft.server.rpc.request.timeout = 60s (custom)
2023-09-07 20:29:34,559 [2f0e8030-05aa-4e91-b2c6-437482cdb37f@group-9A97E42B1E36-LeaderElection13] INFO  grpc.GrpcConfigKeys (ConfUtils.java:logGet(46)) - raft.grpc.server.install_snapshot.request.element-limit = 8 (default)
2023-09-07 20:29:34,561 [2f0e8030-05aa-4e91-b2c6-437482cdb37f@group-9A97E42B1E36-LeaderElection13] INFO  grpc.GrpcConfigKeys (ConfUtils.java:logGet(46)) - raft.grpc.server.install_snapshot.request.timeout = 3000ms (default)
2023-09-07 20:29:34,558 [EventQueue-OpenPipelineForHealthyPipelineSafeModeRule] WARN  balancer.ContainerBalancer (ContainerBalancer.java:shouldRun(134)) - Could not find persisted configuration for ContainerBalancer when checking if ContainerBalancer should run. ContainerBalancer should not run now.
2023-09-07 20:29:34,561 [2f0e8030-05aa-4e91-b2c6-437482cdb37f@group-9A97E42B1E36-LeaderElection13] INFO  server.RaftServerConfigKeys (ConfUtils.java:logGet(46)) - raft.server.log.appender.install.snapshot.enabled = false (custom)
2023-09-07 20:29:34,562 [2f0e8030-05aa-4e91-b2c6-437482cdb37f@group-9A97E42B1E36-LeaderElection13] INFO  grpc.GrpcConfigKeys (ConfUtils.java:logGet(46)) - raft.grpc.server.heartbeat.channel = true (default)
2023-09-07 20:29:34,563 [2f0e8030-05aa-4e91-b2c6-437482cdb37f@group-9A97E42B1E36-LeaderElection13] INFO  server.RaftServerConfigKeys (ConfUtils.java:logGet(46)) - raft.server.log.appender.snapshot.chunk.size.max = 16MB (=16777216) (default)
2023-09-07 20:29:34,563 [2f0e8030-05aa-4e91-b2c6-437482cdb37f@group-9A97E42B1E36-LeaderElection13] INFO  server.RaftServerConfigKeys (ConfUtils.java:logGet(46)) - raft.server.log.appender.buffer.byte-limit = 33554432 (custom)
2023-09-07 20:29:34,563 [2f0e8030-05aa-4e91-b2c6-437482cdb37f@group-9A97E42B1E36-LeaderElection13] INFO  server.RaftServerConfigKeys (ConfUtils.java:logGet(46)) - raft.server.log.appender.buffer.element-limit = 1 (custom)
2023-09-07 20:29:34,563 [2f0e8030-05aa-4e91-b2c6-437482cdb37f@group-9A97E42B1E36-LeaderElection13] INFO  server.RaftServerConfigKeys (ConfUtils.java:logGet(46)) - raft.server.log.appender.wait-time.min = 10ms (default)
2023-09-07 20:29:34,564 [2f0e8030-05aa-4e91-b2c6-437482cdb37f@group-9A97E42B1E36-LeaderElection13] INFO  grpc.GrpcConfigKeys (ConfUtils.java:logGet(46)) - raft.grpc.server.leader.outstanding.appends.max = 128 (default)
2023-09-07 20:29:34,564 [2f0e8030-05aa-4e91-b2c6-437482cdb37f@group-9A97E42B1E36-LeaderElection13] INFO  server.RaftServerConfigKeys (ConfUtils.java:logGet(46)) - raft.server.rpc.request.timeout = 60s (custom)
2023-09-07 20:29:34,564 [2f0e8030-05aa-4e91-b2c6-437482cdb37f@group-9A97E42B1E36-LeaderElection13] INFO  grpc.GrpcConfigKeys (ConfUtils.java:logGet(46)) - raft.grpc.server.install_snapshot.request.element-limit = 8 (default)
2023-09-07 20:29:34,564 [2f0e8030-05aa-4e91-b2c6-437482cdb37f@group-9A97E42B1E36-LeaderElection13] INFO  grpc.GrpcConfigKeys (ConfUtils.java:logGet(46)) - raft.grpc.server.install_snapshot.request.timeout = 3000ms (default)
2023-09-07 20:29:34,564 [2f0e8030-05aa-4e91-b2c6-437482cdb37f@group-9A97E42B1E36-LeaderElection13] INFO  server.RaftServerConfigKeys (ConfUtils.java:logGet(46)) - raft.server.log.appender.install.snapshot.enabled = false (custom)
2023-09-07 20:29:34,564 [2f0e8030-05aa-4e91-b2c6-437482cdb37f@group-9A97E42B1E36-LeaderElection13] INFO  grpc.GrpcConfigKeys (ConfUtils.java:logGet(46)) - raft.grpc.server.heartbeat.channel = true (default)
2023-09-07 20:29:34,564 [2f0e8030-05aa-4e91-b2c6-437482cdb37f@group-9A97E42B1E36-LeaderElection13] INFO  impl.RoleInfo (RoleInfo.java:updateAndGet(139)) - 2f0e8030-05aa-4e91-b2c6-437482cdb37f: start 2f0e8030-05aa-4e91-b2c6-437482cdb37f@group-9A97E42B1E36-LeaderStateImpl
2023-09-07 20:29:34,566 [2f0e8030-05aa-4e91-b2c6-437482cdb37f@group-9A97E42B1E36-LeaderElection13] INFO  segmented.SegmentedRaftLogWorker (SegmentedRaftLogWorker.java:startLogSegment(447)) - 2f0e8030-05aa-4e91-b2c6-437482cdb37f@group-9A97E42B1E36-SegmentedRaftLogWorker: Starting segment from index:0
2023-09-07 20:29:34,568 [2f0e8030-05aa-4e91-b2c6-437482cdb37f@group-9A97E42B1E36-SegmentedRaftLogWorker] INFO  segmented.SegmentedRaftLogWorker (SegmentedRaftLogWorker.java:execute(651)) - 2f0e8030-05aa-4e91-b2c6-437482cdb37f@group-9A97E42B1E36-SegmentedRaftLogWorker: created new log segment /home/runner/work/ozone/ozone/hadoop-ozone/integration-test/target/test-dir/MiniOzoneClusterImpl-6e39530a-abb5-4f3a-bb3c-e5f572b2b70f/datanode-1/data/ratis/808d1a94-13a3-43c1-b3f2-9a97e42b1e36/current/log_inprogress_0
2023-09-07 20:29:34,580 [2f0e8030-05aa-4e91-b2c6-437482cdb37f@group-9A97E42B1E36-LeaderElection13] INFO  server.RaftServer$Division (ServerState.java:setRaftConf(434)) - 2f0e8030-05aa-4e91-b2c6-437482cdb37f@group-9A97E42B1E36: set configuration 0: peers:[e6d6ce9d-4fd0-4987-92e7-1065424d9f29|rpc:10.1.0.11:15085|admin:10.1.0.11:15084|client:10.1.0.11:15083|dataStream:10.1.0.11:15086|priority:0|startupRole:FOLLOWER, 8788027e-81d1-4d47-afe3-241385989a54|rpc:10.1.0.11:15067|admin:10.1.0.11:15066|client:10.1.0.11:15065|dataStream:10.1.0.11:15068|priority:0|startupRole:FOLLOWER, 2f0e8030-05aa-4e91-b2c6-437482cdb37f|rpc:10.1.0.11:15076|admin:10.1.0.11:15075|client:10.1.0.11:15074|dataStream:10.1.0.11:15077|priority:1|startupRole:FOLLOWER]|listeners:[], old=null
2023-09-07 20:29:34,608 [e6d6ce9d-4fd0-4987-92e7-1065424d9f29-server-thread2] INFO  ratis.XceiverServerRatis (XceiverServerRatis.java:handleLeaderChangedNotification(902)) - Leader change notification received for group: group-9A97E42B1E36 with new leaderId: 2f0e8030-05aa-4e91-b2c6-437482cdb37f
2023-09-07 20:29:34,608 [e6d6ce9d-4fd0-4987-92e7-1065424d9f29-server-thread2] INFO  server.RaftServer$Division (ServerState.java:setLeader(317)) - e6d6ce9d-4fd0-4987-92e7-1065424d9f29@group-9A97E42B1E36: change Leader from null to 2f0e8030-05aa-4e91-b2c6-437482cdb37f at term 1 for appendEntries, leader elected after 5190ms
2023-09-07 20:29:34,613 [e6d6ce9d-4fd0-4987-92e7-1065424d9f29-server-thread1] INFO  server.RaftServer$Division (ServerState.java:setRaftConf(434)) - e6d6ce9d-4fd0-4987-92e7-1065424d9f29@group-9A97E42B1E36: set configuration 0: peers:[e6d6ce9d-4fd0-4987-92e7-1065424d9f29|rpc:10.1.0.11:15085|admin:10.1.0.11:15084|client:10.1.0.11:15083|dataStream:10.1.0.11:15086|priority:0|startupRole:FOLLOWER, 8788027e-81d1-4d47-afe3-241385989a54|rpc:10.1.0.11:15067|admin:10.1.0.11:15066|client:10.1.0.11:15065|dataStream:10.1.0.11:15068|priority:0|startupRole:FOLLOWER, 2f0e8030-05aa-4e91-b2c6-437482cdb37f|rpc:10.1.0.11:15076|admin:10.1.0.11:15075|client:10.1.0.11:15074|dataStream:10.1.0.11:15077|priority:1|startupRole:FOLLOWER]|listeners:[], old=null
2023-09-07 20:29:34,614 [e6d6ce9d-4fd0-4987-92e7-1065424d9f29-server-thread1] INFO  segmented.SegmentedRaftLogWorker (SegmentedRaftLogWorker.java:startLogSegment(447)) - e6d6ce9d-4fd0-4987-92e7-1065424d9f29@group-9A97E42B1E36-SegmentedRaftLogWorker: Starting segment from index:0
2023-09-07 20:29:34,616 [e6d6ce9d-4fd0-4987-92e7-1065424d9f29@group-9A97E42B1E36-SegmentedRaftLogWorker] INFO  segmented.SegmentedRaftLogWorker (SegmentedRaftLogWorker.java:execute(651)) - e6d6ce9d-4fd0-4987-92e7-1065424d9f29@group-9A97E42B1E36-SegmentedRaftLogWorker: created new log segment /home/runner/work/ozone/ozone/hadoop-ozone/integration-test/target/test-dir/MiniOzoneClusterImpl-6e39530a-abb5-4f3a-bb3c-e5f572b2b70f/datanode-2/data/ratis/808d1a94-13a3-43c1-b3f2-9a97e42b1e36/current/log_inprogress_0
2023-09-07 20:29:34,632 [8788027e-81d1-4d47-afe3-241385989a54-server-thread1] INFO  ratis.XceiverServerRatis (XceiverServerRatis.java:handleLeaderChangedNotification(902)) - Leader change notification received for group: group-9A97E42B1E36 with new leaderId: 2f0e8030-05aa-4e91-b2c6-437482cdb37f
2023-09-07 20:29:34,632 [8788027e-81d1-4d47-afe3-241385989a54-server-thread1] INFO  server.RaftServer$Division (ServerState.java:setLeader(317)) - 8788027e-81d1-4d47-afe3-241385989a54@group-9A97E42B1E36: change Leader from null to 2f0e8030-05aa-4e91-b2c6-437482cdb37f at term 1 for appendEntries, leader elected after 5342ms
2023-09-07 20:29:34,636 [8788027e-81d1-4d47-afe3-241385989a54-server-thread1] INFO  server.RaftServer$Division (ServerState.java:setRaftConf(434)) - 8788027e-81d1-4d47-afe3-241385989a54@group-9A97E42B1E36: set configuration 0: peers:[e6d6ce9d-4fd0-4987-92e7-1065424d9f29|rpc:10.1.0.11:15085|admin:10.1.0.11:15084|client:10.1.0.11:15083|dataStream:10.1.0.11:15086|priority:0|startupRole:FOLLOWER, 8788027e-81d1-4d47-afe3-241385989a54|rpc:10.1.0.11:15067|admin:10.1.0.11:15066|client:10.1.0.11:15065|dataStream:10.1.0.11:15068|priority:0|startupRole:FOLLOWER, 2f0e8030-05aa-4e91-b2c6-437482cdb37f|rpc:10.1.0.11:15076|admin:10.1.0.11:15075|client:10.1.0.11:15074|dataStream:10.1.0.11:15077|priority:1|startupRole:FOLLOWER]|listeners:[], old=null
2023-09-07 20:29:34,636 [8788027e-81d1-4d47-afe3-241385989a54-server-thread1] INFO  segmented.SegmentedRaftLogWorker (SegmentedRaftLogWorker.java:startLogSegment(447)) - 8788027e-81d1-4d47-afe3-241385989a54@group-9A97E42B1E36-SegmentedRaftLogWorker: Starting segment from index:0
2023-09-07 20:29:34,638 [8788027e-81d1-4d47-afe3-241385989a54@group-9A97E42B1E36-SegmentedRaftLogWorker] INFO  segmented.SegmentedRaftLogWorker (SegmentedRaftLogWorker.java:execute(651)) - 8788027e-81d1-4d47-afe3-241385989a54@group-9A97E42B1E36-SegmentedRaftLogWorker: created new log segment /home/runner/work/ozone/ozone/hadoop-ozone/integration-test/target/test-dir/MiniOzoneClusterImpl-6e39530a-abb5-4f3a-bb3c-e5f572b2b70f/datanode-0/data/ratis/808d1a94-13a3-43c1-b3f2-9a97e42b1e36/current/log_inprogress_0
2023-09-07 20:29:34,643 [2f0e8030-05aa-4e91-b2c6-437482cdb37f@group-546FBC4FBB55-FollowerState] INFO  impl.FollowerState (FollowerState.java:run(143)) - 2f0e8030-05aa-4e91-b2c6-437482cdb37f@group-546FBC4FBB55-FollowerState: change to CANDIDATE, lastRpcElapsedTime:5078477027ns, electionTimeout:5074ms
2023-09-07 20:29:34,643 [2f0e8030-05aa-4e91-b2c6-437482cdb37f@group-546FBC4FBB55-FollowerState] INFO  impl.RoleInfo (RoleInfo.java:shutdownFollowerState(110)) - 2f0e8030-05aa-4e91-b2c6-437482cdb37f: shutdown 2f0e8030-05aa-4e91-b2c6-437482cdb37f@group-546FBC4FBB55-FollowerState
2023-09-07 20:29:34,643 [2f0e8030-05aa-4e91-b2c6-437482cdb37f@group-546FBC4FBB55-FollowerState] INFO  server.RaftServer$Division (RaftServerImpl.java:setRole(329)) - 2f0e8030-05aa-4e91-b2c6-437482cdb37f@group-546FBC4FBB55: changes role from  FOLLOWER to CANDIDATE at term 0 for changeToCandidate
2023-09-07 20:29:34,644 [2f0e8030-05aa-4e91-b2c6-437482cdb37f@group-546FBC4FBB55-FollowerState] INFO  server.RaftServerConfigKeys (ConfUtils.java:logGet(46)) - raft.server.leaderelection.pre-vote = true (default)
2023-09-07 20:29:34,644 [2f0e8030-05aa-4e91-b2c6-437482cdb37f@group-546FBC4FBB55-FollowerState] INFO  impl.RoleInfo (RoleInfo.java:updateAndGet(139)) - 2f0e8030-05aa-4e91-b2c6-437482cdb37f: start 2f0e8030-05aa-4e91-b2c6-437482cdb37f@group-546FBC4FBB55-LeaderElection14
2023-09-07 20:29:34,656 [8788027e-81d1-4d47-afe3-241385989a54@group-546FBC4FBB55-FollowerState] INFO  impl.FollowerState (FollowerState.java:run(143)) - 8788027e-81d1-4d47-afe3-241385989a54@group-546FBC4FBB55-FollowerState: change to CANDIDATE, lastRpcElapsedTime:5147282545ns, electionTimeout:5127ms
2023-09-07 20:29:34,657 [8788027e-81d1-4d47-afe3-241385989a54@group-546FBC4FBB55-FollowerState] INFO  impl.RoleInfo (RoleInfo.java:shutdownFollowerState(110)) - 8788027e-81d1-4d47-afe3-241385989a54: shutdown 8788027e-81d1-4d47-afe3-241385989a54@group-546FBC4FBB55-FollowerState
2023-09-07 20:29:34,658 [8788027e-81d1-4d47-afe3-241385989a54@group-546FBC4FBB55-FollowerState] INFO  server.RaftServer$Division (RaftServerImpl.java:setRole(329)) - 8788027e-81d1-4d47-afe3-241385989a54@group-546FBC4FBB55: changes role from  FOLLOWER to CANDIDATE at term 0 for changeToCandidate
2023-09-07 20:29:34,658 [8788027e-81d1-4d47-afe3-241385989a54@group-546FBC4FBB55-FollowerState] INFO  server.RaftServerConfigKeys (ConfUtils.java:logGet(46)) - raft.server.leaderelection.pre-vote = true (default)
2023-09-07 20:29:34,658 [8788027e-81d1-4d47-afe3-241385989a54@group-546FBC4FBB55-FollowerState] INFO  impl.RoleInfo (RoleInfo.java:updateAndGet(139)) - 8788027e-81d1-4d47-afe3-241385989a54: start 8788027e-81d1-4d47-afe3-241385989a54@group-546FBC4FBB55-LeaderElection15
2023-09-07 20:29:34,661 [8788027e-81d1-4d47-afe3-241385989a54@group-546FBC4FBB55-LeaderElection15] INFO  impl.LeaderElection (LeaderElection.java:askForVotes(321)) - 8788027e-81d1-4d47-afe3-241385989a54@group-546FBC4FBB55-LeaderElection15 PRE_VOTE round 0: submit vote requests at term 0 for -1: peers:[8788027e-81d1-4d47-afe3-241385989a54|rpc:10.1.0.11:15067|admin:10.1.0.11:15066|client:10.1.0.11:15065|dataStream:10.1.0.11:15068|priority:0|startupRole:FOLLOWER, e6d6ce9d-4fd0-4987-92e7-1065424d9f29|rpc:10.1.0.11:15085|admin:10.1.0.11:15084|client:10.1.0.11:15083|dataStream:10.1.0.11:15086|priority:1|startupRole:FOLLOWER, 2f0e8030-05aa-4e91-b2c6-437482cdb37f|rpc:10.1.0.11:15076|admin:10.1.0.11:15075|client:10.1.0.11:15074|dataStream:10.1.0.11:15077|priority:0|startupRole:FOLLOWER]|listeners:[], old=null
2023-09-07 20:29:34,661 [2f0e8030-05aa-4e91-b2c6-437482cdb37f@group-546FBC4FBB55-LeaderElection14] INFO  impl.LeaderElection (LeaderElection.java:askForVotes(321)) - 2f0e8030-05aa-4e91-b2c6-437482cdb37f@group-546FBC4FBB55-LeaderElection14 PRE_VOTE round 0: submit vote requests at term 0 for -1: peers:[8788027e-81d1-4d47-afe3-241385989a54|rpc:10.1.0.11:15067|admin:10.1.0.11:15066|client:10.1.0.11:15065|dataStream:10.1.0.11:15068|priority:0|startupRole:FOLLOWER, e6d6ce9d-4fd0-4987-92e7-1065424d9f29|rpc:10.1.0.11:15085|admin:10.1.0.11:15084|client:10.1.0.11:15083|dataStream:10.1.0.11:15086|priority:1|startupRole:FOLLOWER, 2f0e8030-05aa-4e91-b2c6-437482cdb37f|rpc:10.1.0.11:15076|admin:10.1.0.11:15075|client:10.1.0.11:15074|dataStream:10.1.0.11:15077|priority:0|startupRole:FOLLOWER]|listeners:[], old=null
2023-09-07 20:29:34,668 [2f0e8030-05aa-4e91-b2c6-437482cdb37f@group-546FBC4FBB55-LeaderElection14] INFO  server.RaftServerConfigKeys (ConfUtils.java:logFallback(53)) - raft.server.rpc.first-election.timeout.min = 5s (fallback to raft.server.rpc.timeout.min)
2023-09-07 20:29:34,668 [8788027e-81d1-4d47-afe3-241385989a54@group-546FBC4FBB55-LeaderElection15] INFO  server.RaftServerConfigKeys (ConfUtils.java:logFallback(53)) - raft.server.rpc.first-election.timeout.min = 5s (fallback to raft.server.rpc.timeout.min)
2023-09-07 20:29:34,668 [2f0e8030-05aa-4e91-b2c6-437482cdb37f@group-546FBC4FBB55-LeaderElection14] INFO  server.RaftServerConfigKeys (ConfUtils.java:logFallback(53)) - raft.server.rpc.first-election.timeout.max = 5200ms (fallback to raft.server.rpc.timeout.max)
2023-09-07 20:29:34,687 [grpc-default-executor-5] INFO  server.RaftServer$Division (RaftServerImpl.java:requestVote(1302)) - 8788027e-81d1-4d47-afe3-241385989a54@group-546FBC4FBB55: receive requestVote(PRE_VOTE, 2f0e8030-05aa-4e91-b2c6-437482cdb37f, group-546FBC4FBB55, 0, (t:0, i:0))
2023-09-07 20:29:34,687 [grpc-default-executor-5] INFO  impl.VoteContext (VoteContext.java:log(49)) - 8788027e-81d1-4d47-afe3-241385989a54@group-546FBC4FBB55-CANDIDATE: accept PRE_VOTE from 2f0e8030-05aa-4e91-b2c6-437482cdb37f: our priority 0 <= candidate's priority 0
2023-09-07 20:29:34,688 [grpc-default-executor-5] INFO  server.RaftServer$Division (RaftServerImpl.java:requestVote(1335)) - 8788027e-81d1-4d47-afe3-241385989a54@group-546FBC4FBB55 replies to PRE_VOTE vote request: 2f0e8030-05aa-4e91-b2c6-437482cdb37f<-8788027e-81d1-4d47-afe3-241385989a54#0:OK-t0. Peer's state: 8788027e-81d1-4d47-afe3-241385989a54@group-546FBC4FBB55:t0, leader=null, voted=, raftlog=Memoized:8788027e-81d1-4d47-afe3-241385989a54@group-546FBC4FBB55-SegmentedRaftLog:OPENED:c-1, conf=-1: peers:[8788027e-81d1-4d47-afe3-241385989a54|rpc:10.1.0.11:15067|admin:10.1.0.11:15066|client:10.1.0.11:15065|dataStream:10.1.0.11:15068|priority:0|startupRole:FOLLOWER, e6d6ce9d-4fd0-4987-92e7-1065424d9f29|rpc:10.1.0.11:15085|admin:10.1.0.11:15084|client:10.1.0.11:15083|dataStream:10.1.0.11:15086|priority:1|startupRole:FOLLOWER, 2f0e8030-05aa-4e91-b2c6-437482cdb37f|rpc:10.1.0.11:15076|admin:10.1.0.11:15075|client:10.1.0.11:15074|dataStream:10.1.0.11:15077|priority:0|startupRole:FOLLOWER]|listeners:[], old=null
2023-09-07 20:29:34,687 [grpc-default-executor-4] INFO  server.RaftServer$Division (RaftServerImpl.java:requestVote(1302)) - e6d6ce9d-4fd0-4987-92e7-1065424d9f29@group-546FBC4FBB55: receive requestVote(PRE_VOTE, 8788027e-81d1-4d47-afe3-241385989a54, group-546FBC4FBB55, 0, (t:0, i:0))
2023-09-07 20:29:34,689 [grpc-default-executor-4] INFO  impl.VoteContext (VoteContext.java:log(49)) - e6d6ce9d-4fd0-4987-92e7-1065424d9f29@group-546FBC4FBB55-FOLLOWER: reject PRE_VOTE from 8788027e-81d1-4d47-afe3-241385989a54: our priority 1 > candidate's priority 0
2023-09-07 20:29:34,689 [grpc-default-executor-4] INFO  server.RaftServer$Division (RaftServerImpl.java:requestVote(1335)) - e6d6ce9d-4fd0-4987-92e7-1065424d9f29@group-546FBC4FBB55 replies to PRE_VOTE vote request: 8788027e-81d1-4d47-afe3-241385989a54<-e6d6ce9d-4fd0-4987-92e7-1065424d9f29#0:FAIL-t0. Peer's state: e6d6ce9d-4fd0-4987-92e7-1065424d9f29@group-546FBC4FBB55:t0, leader=null, voted=, raftlog=Memoized:e6d6ce9d-4fd0-4987-92e7-1065424d9f29@group-546FBC4FBB55-SegmentedRaftLog:OPENED:c-1, conf=-1: peers:[8788027e-81d1-4d47-afe3-241385989a54|rpc:10.1.0.11:15067|admin:10.1.0.11:15066|client:10.1.0.11:15065|dataStream:10.1.0.11:15068|priority:0|startupRole:FOLLOWER, e6d6ce9d-4fd0-4987-92e7-1065424d9f29|rpc:10.1.0.11:15085|admin:10.1.0.11:15084|client:10.1.0.11:15083|dataStream:10.1.0.11:15086|priority:1|startupRole:FOLLOWER, 2f0e8030-05aa-4e91-b2c6-437482cdb37f|rpc:10.1.0.11:15076|admin:10.1.0.11:15075|client:10.1.0.11:15074|dataStream:10.1.0.11:15077|priority:0|startupRole:FOLLOWER]|listeners:[], old=null
2023-09-07 20:29:34,668 [8788027e-81d1-4d47-afe3-241385989a54@group-546FBC4FBB55-LeaderElection15] INFO  server.RaftServerConfigKeys (ConfUtils.java:logFallback(53)) - raft.server.rpc.first-election.timeout.max = 5200ms (fallback to raft.server.rpc.timeout.max)
2023-09-07 20:29:34,691 [grpc-default-executor-6] INFO  server.RaftServer$Division (RaftServerImpl.java:requestVote(1302)) - 2f0e8030-05aa-4e91-b2c6-437482cdb37f@group-546FBC4FBB55: receive requestVote(PRE_VOTE, 8788027e-81d1-4d47-afe3-241385989a54, group-546FBC4FBB55, 0, (t:0, i:0))
2023-09-07 20:29:34,691 [grpc-default-executor-6] INFO  impl.VoteContext (VoteContext.java:log(49)) - 2f0e8030-05aa-4e91-b2c6-437482cdb37f@group-546FBC4FBB55-CANDIDATE: accept PRE_VOTE from 8788027e-81d1-4d47-afe3-241385989a54: our priority 0 <= candidate's priority 0
2023-09-07 20:29:34,692 [grpc-default-executor-6] INFO  server.RaftServer$Division (RaftServerImpl.java:requestVote(1335)) - 2f0e8030-05aa-4e91-b2c6-437482cdb37f@group-546FBC4FBB55 replies to PRE_VOTE vote request: 8788027e-81d1-4d47-afe3-241385989a54<-2f0e8030-05aa-4e91-b2c6-437482cdb37f#0:OK-t0. Peer's state: 2f0e8030-05aa-4e91-b2c6-437482cdb37f@group-546FBC4FBB55:t0, leader=null, voted=, raftlog=Memoized:2f0e8030-05aa-4e91-b2c6-437482cdb37f@group-546FBC4FBB55-SegmentedRaftLog:OPENED:c-1, conf=-1: peers:[8788027e-81d1-4d47-afe3-241385989a54|rpc:10.1.0.11:15067|admin:10.1.0.11:15066|client:10.1.0.11:15065|dataStream:10.1.0.11:15068|priority:0|startupRole:FOLLOWER, e6d6ce9d-4fd0-4987-92e7-1065424d9f29|rpc:10.1.0.11:15085|admin:10.1.0.11:15084|client:10.1.0.11:15083|dataStream:10.1.0.11:15086|priority:1|startupRole:FOLLOWER, 2f0e8030-05aa-4e91-b2c6-437482cdb37f|rpc:10.1.0.11:15076|admin:10.1.0.11:15075|client:10.1.0.11:15074|dataStream:10.1.0.11:15077|priority:0|startupRole:FOLLOWER]|listeners:[], old=null
2023-09-07 20:29:34,692 [8788027e-81d1-4d47-afe3-241385989a54@group-546FBC4FBB55-LeaderElection15] INFO  impl.LeaderElection (LeaderElection.java:logAndReturn(90)) - 8788027e-81d1-4d47-afe3-241385989a54@group-546FBC4FBB55-LeaderElection15: PRE_VOTE REJECTED received 1 response(s) and 0 exception(s):
2023-09-07 20:29:34,692 [8788027e-81d1-4d47-afe3-241385989a54@group-546FBC4FBB55-LeaderElection15] INFO  impl.LeaderElection (LeaderElection.java:logAndReturn(94)) -   Response 0: 8788027e-81d1-4d47-afe3-241385989a54<-e6d6ce9d-4fd0-4987-92e7-1065424d9f29#0:FAIL-t0
2023-09-07 20:29:34,692 [8788027e-81d1-4d47-afe3-241385989a54@group-546FBC4FBB55-LeaderElection15] INFO  impl.LeaderElection (LeaderElection.java:askForVotes(323)) - 8788027e-81d1-4d47-afe3-241385989a54@group-546FBC4FBB55-LeaderElection15 PRE_VOTE round 0: result REJECTED
2023-09-07 20:29:34,692 [8788027e-81d1-4d47-afe3-241385989a54@group-546FBC4FBB55-LeaderElection15] INFO  server.RaftServer$Division (RaftServerImpl.java:setRole(329)) - 8788027e-81d1-4d47-afe3-241385989a54@group-546FBC4FBB55: changes role from CANDIDATE to FOLLOWER at term 0 for REJECTED
2023-09-07 20:29:34,692 [8788027e-81d1-4d47-afe3-241385989a54@group-546FBC4FBB55-LeaderElection15] INFO  impl.RoleInfo (RoleInfo.java:shutdownLeaderElection(130)) - 8788027e-81d1-4d47-afe3-241385989a54: shutdown 8788027e-81d1-4d47-afe3-241385989a54@group-546FBC4FBB55-LeaderElection15
2023-09-07 20:29:34,693 [8788027e-81d1-4d47-afe3-241385989a54@group-546FBC4FBB55-LeaderElection15] INFO  impl.RoleInfo (RoleInfo.java:updateAndGet(139)) - 8788027e-81d1-4d47-afe3-241385989a54: start 8788027e-81d1-4d47-afe3-241385989a54@group-546FBC4FBB55-FollowerState
2023-09-07 20:29:34,700 [grpc-default-executor-4] INFO  server.RaftServer$Division (RaftServerImpl.java:requestVote(1302)) - e6d6ce9d-4fd0-4987-92e7-1065424d9f29@group-546FBC4FBB55: receive requestVote(PRE_VOTE, 2f0e8030-05aa-4e91-b2c6-437482cdb37f, group-546FBC4FBB55, 0, (t:0, i:0))
2023-09-07 20:29:34,701 [grpc-default-executor-4] INFO  impl.VoteContext (VoteContext.java:log(49)) - e6d6ce9d-4fd0-4987-92e7-1065424d9f29@group-546FBC4FBB55-FOLLOWER: reject PRE_VOTE from 2f0e8030-05aa-4e91-b2c6-437482cdb37f: our priority 1 > candidate's priority 0
2023-09-07 20:29:34,701 [grpc-default-executor-4] INFO  server.RaftServer$Division (RaftServerImpl.java:requestVote(1335)) - e6d6ce9d-4fd0-4987-92e7-1065424d9f29@group-546FBC4FBB55 replies to PRE_VOTE vote request: 2f0e8030-05aa-4e91-b2c6-437482cdb37f<-e6d6ce9d-4fd0-4987-92e7-1065424d9f29#0:FAIL-t0. Peer's state: e6d6ce9d-4fd0-4987-92e7-1065424d9f29@group-546FBC4FBB55:t0, leader=null, voted=, raftlog=Memoized:e6d6ce9d-4fd0-4987-92e7-1065424d9f29@group-546FBC4FBB55-SegmentedRaftLog:OPENED:c-1, conf=-1: peers:[8788027e-81d1-4d47-afe3-241385989a54|rpc:10.1.0.11:15067|admin:10.1.0.11:15066|client:10.1.0.11:15065|dataStream:10.1.0.11:15068|priority:0|startupRole:FOLLOWER, e6d6ce9d-4fd0-4987-92e7-1065424d9f29|rpc:10.1.0.11:15085|admin:10.1.0.11:15084|client:10.1.0.11:15083|dataStream:10.1.0.11:15086|priority:1|startupRole:FOLLOWER, 2f0e8030-05aa-4e91-b2c6-437482cdb37f|rpc:10.1.0.11:15076|admin:10.1.0.11:15075|client:10.1.0.11:15074|dataStream:10.1.0.11:15077|priority:0|startupRole:FOLLOWER]|listeners:[], old=null
2023-09-07 20:29:34,702 [2f0e8030-05aa-4e91-b2c6-437482cdb37f@group-546FBC4FBB55-LeaderElection14] INFO  impl.LeaderElection (LeaderElection.java:logAndReturn(90)) - 2f0e8030-05aa-4e91-b2c6-437482cdb37f@group-546FBC4FBB55-LeaderElection14: PRE_VOTE REJECTED received 2 response(s) and 0 exception(s):
2023-09-07 20:29:34,702 [2f0e8030-05aa-4e91-b2c6-437482cdb37f@group-546FBC4FBB55-LeaderElection14] INFO  impl.LeaderElection (LeaderElection.java:logAndReturn(94)) -   Response 0: 2f0e8030-05aa-4e91-b2c6-437482cdb37f<-8788027e-81d1-4d47-afe3-241385989a54#0:OK-t0
2023-09-07 20:29:34,702 [2f0e8030-05aa-4e91-b2c6-437482cdb37f@group-546FBC4FBB55-LeaderElection14] INFO  impl.LeaderElection (LeaderElection.java:logAndReturn(94)) -   Response 1: 2f0e8030-05aa-4e91-b2c6-437482cdb37f<-e6d6ce9d-4fd0-4987-92e7-1065424d9f29#0:FAIL-t0
2023-09-07 20:29:34,702 [2f0e8030-05aa-4e91-b2c6-437482cdb37f@group-546FBC4FBB55-LeaderElection14] INFO  impl.LeaderElection (LeaderElection.java:askForVotes(323)) - 2f0e8030-05aa-4e91-b2c6-437482cdb37f@group-546FBC4FBB55-LeaderElection14 PRE_VOTE round 0: result REJECTED
2023-09-07 20:29:34,702 [2f0e8030-05aa-4e91-b2c6-437482cdb37f@group-546FBC4FBB55-LeaderElection14] INFO  server.RaftServer$Division (RaftServerImpl.java:setRole(329)) - 2f0e8030-05aa-4e91-b2c6-437482cdb37f@group-546FBC4FBB55: changes role from CANDIDATE to FOLLOWER at term 0 for REJECTED
2023-09-07 20:29:34,702 [2f0e8030-05aa-4e91-b2c6-437482cdb37f@group-546FBC4FBB55-LeaderElection14] INFO  impl.RoleInfo (RoleInfo.java:shutdownLeaderElection(130)) - 2f0e8030-05aa-4e91-b2c6-437482cdb37f: shutdown 2f0e8030-05aa-4e91-b2c6-437482cdb37f@group-546FBC4FBB55-LeaderElection14
2023-09-07 20:29:34,702 [2f0e8030-05aa-4e91-b2c6-437482cdb37f@group-546FBC4FBB55-LeaderElection14] INFO  impl.RoleInfo (RoleInfo.java:updateAndGet(139)) - 2f0e8030-05aa-4e91-b2c6-437482cdb37f: start 2f0e8030-05aa-4e91-b2c6-437482cdb37f@group-546FBC4FBB55-FollowerState
2023-09-07 20:29:34,735 [e6d6ce9d-4fd0-4987-92e7-1065424d9f29@group-546FBC4FBB55-FollowerState] INFO  impl.FollowerState (FollowerState.java:run(143)) - e6d6ce9d-4fd0-4987-92e7-1065424d9f29@group-546FBC4FBB55-FollowerState: change to CANDIDATE, lastRpcElapsedTime:5127426678ns, electionTimeout:5125ms
2023-09-07 20:29:34,736 [e6d6ce9d-4fd0-4987-92e7-1065424d9f29@group-546FBC4FBB55-FollowerState] INFO  impl.RoleInfo (RoleInfo.java:shutdownFollowerState(110)) - e6d6ce9d-4fd0-4987-92e7-1065424d9f29: shutdown e6d6ce9d-4fd0-4987-92e7-1065424d9f29@group-546FBC4FBB55-FollowerState
2023-09-07 20:29:34,736 [e6d6ce9d-4fd0-4987-92e7-1065424d9f29@group-546FBC4FBB55-FollowerState] INFO  server.RaftServer$Division (RaftServerImpl.java:setRole(329)) - e6d6ce9d-4fd0-4987-92e7-1065424d9f29@group-546FBC4FBB55: changes role from  FOLLOWER to CANDIDATE at term 0 for changeToCandidate
2023-09-07 20:29:34,736 [e6d6ce9d-4fd0-4987-92e7-1065424d9f29@group-546FBC4FBB55-FollowerState] INFO  server.RaftServerConfigKeys (ConfUtils.java:logGet(46)) - raft.server.leaderelection.pre-vote = true (default)
2023-09-07 20:29:34,736 [e6d6ce9d-4fd0-4987-92e7-1065424d9f29@group-546FBC4FBB55-FollowerState] INFO  impl.RoleInfo (RoleInfo.java:updateAndGet(139)) - e6d6ce9d-4fd0-4987-92e7-1065424d9f29: start e6d6ce9d-4fd0-4987-92e7-1065424d9f29@group-546FBC4FBB55-LeaderElection16
2023-09-07 20:29:34,737 [e6d6ce9d-4fd0-4987-92e7-1065424d9f29@group-546FBC4FBB55-LeaderElection16] INFO  impl.LeaderElection (LeaderElection.java:askForVotes(321)) - e6d6ce9d-4fd0-4987-92e7-1065424d9f29@group-546FBC4FBB55-LeaderElection16 PRE_VOTE round 0: submit vote requests at term 0 for -1: peers:[8788027e-81d1-4d47-afe3-241385989a54|rpc:10.1.0.11:15067|admin:10.1.0.11:15066|client:10.1.0.11:15065|dataStream:10.1.0.11:15068|priority:0|startupRole:FOLLOWER, e6d6ce9d-4fd0-4987-92e7-1065424d9f29|rpc:10.1.0.11:15085|admin:10.1.0.11:15084|client:10.1.0.11:15083|dataStream:10.1.0.11:15086|priority:1|startupRole:FOLLOWER, 2f0e8030-05aa-4e91-b2c6-437482cdb37f|rpc:10.1.0.11:15076|admin:10.1.0.11:15075|client:10.1.0.11:15074|dataStream:10.1.0.11:15077|priority:0|startupRole:FOLLOWER]|listeners:[], old=null
2023-09-07 20:29:34,740 [e6d6ce9d-4fd0-4987-92e7-1065424d9f29@group-546FBC4FBB55-LeaderElection16-1] INFO  server.GrpcServerProtocolClient (GrpcServerProtocolClient.java:<init>(65)) - Build channel for 8788027e-81d1-4d47-afe3-241385989a54
2023-09-07 20:29:34,744 [e6d6ce9d-4fd0-4987-92e7-1065424d9f29@group-546FBC4FBB55-LeaderElection16] INFO  server.RaftServerConfigKeys (ConfUtils.java:logFallback(53)) - raft.server.rpc.first-election.timeout.min = 5s (fallback to raft.server.rpc.timeout.min)
2023-09-07 20:29:34,744 [e6d6ce9d-4fd0-4987-92e7-1065424d9f29@group-546FBC4FBB55-LeaderElection16-2] INFO  server.GrpcServerProtocolClient (GrpcServerProtocolClient.java:<init>(65)) - Build channel for 2f0e8030-05aa-4e91-b2c6-437482cdb37f
2023-09-07 20:29:34,744 [e6d6ce9d-4fd0-4987-92e7-1065424d9f29@group-546FBC4FBB55-LeaderElection16] INFO  server.RaftServerConfigKeys (ConfUtils.java:logFallback(53)) - raft.server.rpc.first-election.timeout.max = 5200ms (fallback to raft.server.rpc.timeout.max)
2023-09-07 20:29:34,754 [grpc-default-executor-4] INFO  server.RaftServer$Division (RaftServerImpl.java:requestVote(1302)) - 8788027e-81d1-4d47-afe3-241385989a54@group-546FBC4FBB55: receive requestVote(PRE_VOTE, e6d6ce9d-4fd0-4987-92e7-1065424d9f29, group-546FBC4FBB55, 0, (t:0, i:0))
2023-09-07 20:29:34,755 [grpc-default-executor-4] INFO  impl.VoteContext (VoteContext.java:log(49)) - 8788027e-81d1-4d47-afe3-241385989a54@group-546FBC4FBB55-FOLLOWER: accept PRE_VOTE from e6d6ce9d-4fd0-4987-92e7-1065424d9f29: our priority 0 <= candidate's priority 1
2023-09-07 20:29:34,755 [grpc-default-executor-4] INFO  server.RaftServer$Division (RaftServerImpl.java:requestVote(1335)) - 8788027e-81d1-4d47-afe3-241385989a54@group-546FBC4FBB55 replies to PRE_VOTE vote request: e6d6ce9d-4fd0-4987-92e7-1065424d9f29<-8788027e-81d1-4d47-afe3-241385989a54#0:OK-t0. Peer's state: 8788027e-81d1-4d47-afe3-241385989a54@group-546FBC4FBB55:t0, leader=null, voted=, raftlog=Memoized:8788027e-81d1-4d47-afe3-241385989a54@group-546FBC4FBB55-SegmentedRaftLog:OPENED:c-1, conf=-1: peers:[8788027e-81d1-4d47-afe3-241385989a54|rpc:10.1.0.11:15067|admin:10.1.0.11:15066|client:10.1.0.11:15065|dataStream:10.1.0.11:15068|priority:0|startupRole:FOLLOWER, e6d6ce9d-4fd0-4987-92e7-1065424d9f29|rpc:10.1.0.11:15085|admin:10.1.0.11:15084|client:10.1.0.11:15083|dataStream:10.1.0.11:15086|priority:1|startupRole:FOLLOWER, 2f0e8030-05aa-4e91-b2c6-437482cdb37f|rpc:10.1.0.11:15076|admin:10.1.0.11:15075|client:10.1.0.11:15074|dataStream:10.1.0.11:15077|priority:0|startupRole:FOLLOWER]|listeners:[], old=null
2023-09-07 20:29:34,756 [e6d6ce9d-4fd0-4987-92e7-1065424d9f29@group-546FBC4FBB55-LeaderElection16] INFO  impl.LeaderElection (LeaderElection.java:logAndReturn(90)) - e6d6ce9d-4fd0-4987-92e7-1065424d9f29@group-546FBC4FBB55-LeaderElection16: PRE_VOTE PASSED received 1 response(s) and 0 exception(s):
2023-09-07 20:29:34,756 [e6d6ce9d-4fd0-4987-92e7-1065424d9f29@group-546FBC4FBB55-LeaderElection16] INFO  impl.LeaderElection (LeaderElection.java:logAndReturn(94)) -   Response 0: e6d6ce9d-4fd0-4987-92e7-1065424d9f29<-8788027e-81d1-4d47-afe3-241385989a54#0:OK-t0
2023-09-07 20:29:34,757 [e6d6ce9d-4fd0-4987-92e7-1065424d9f29@group-546FBC4FBB55-LeaderElection16] INFO  impl.LeaderElection (LeaderElection.java:askForVotes(323)) - e6d6ce9d-4fd0-4987-92e7-1065424d9f29@group-546FBC4FBB55-LeaderElection16 PRE_VOTE round 0: result PASSED
2023-09-07 20:29:34,758 [2f0e8030-05aa-4e91-b2c6-437482cdb37f@group-9DE9C3B524B1-FollowerState] INFO  impl.FollowerState (FollowerState.java:run(143)) - 2f0e8030-05aa-4e91-b2c6-437482cdb37f@group-9DE9C3B524B1-FollowerState: change to CANDIDATE, lastRpcElapsedTime:5014764209ns, electionTimeout:5002ms
2023-09-07 20:29:34,758 [2f0e8030-05aa-4e91-b2c6-437482cdb37f@group-9DE9C3B524B1-FollowerState] INFO  impl.RoleInfo (RoleInfo.java:shutdownFollowerState(110)) - 2f0e8030-05aa-4e91-b2c6-437482cdb37f: shutdown 2f0e8030-05aa-4e91-b2c6-437482cdb37f@group-9DE9C3B524B1-FollowerState
2023-09-07 20:29:34,758 [2f0e8030-05aa-4e91-b2c6-437482cdb37f@group-9DE9C3B524B1-FollowerState] INFO  server.RaftServer$Division (RaftServerImpl.java:setRole(329)) - 2f0e8030-05aa-4e91-b2c6-437482cdb37f@group-9DE9C3B524B1: changes role from  FOLLOWER to CANDIDATE at term 0 for changeToCandidate
2023-09-07 20:29:34,759 [2f0e8030-05aa-4e91-b2c6-437482cdb37f@group-9DE9C3B524B1-FollowerState] INFO  server.RaftServerConfigKeys (ConfUtils.java:logGet(46)) - raft.server.leaderelection.pre-vote = true (default)
2023-09-07 20:29:34,759 [2f0e8030-05aa-4e91-b2c6-437482cdb37f@group-9DE9C3B524B1-FollowerState] INFO  impl.RoleInfo (RoleInfo.java:updateAndGet(139)) - 2f0e8030-05aa-4e91-b2c6-437482cdb37f: start 2f0e8030-05aa-4e91-b2c6-437482cdb37f@group-9DE9C3B524B1-LeaderElection17
2023-09-07 20:29:34,759 [e6d6ce9d-4fd0-4987-92e7-1065424d9f29@group-546FBC4FBB55-LeaderElection16] INFO  impl.LeaderElection (LeaderElection.java:askForVotes(321)) - e6d6ce9d-4fd0-4987-92e7-1065424d9f29@group-546FBC4FBB55-LeaderElection16 ELECTION round 0: submit vote requests at term 1 for -1: peers:[8788027e-81d1-4d47-afe3-241385989a54|rpc:10.1.0.11:15067|admin:10.1.0.11:15066|client:10.1.0.11:15065|dataStream:10.1.0.11:15068|priority:0|startupRole:FOLLOWER, e6d6ce9d-4fd0-4987-92e7-1065424d9f29|rpc:10.1.0.11:15085|admin:10.1.0.11:15084|client:10.1.0.11:15083|dataStream:10.1.0.11:15086|priority:1|startupRole:FOLLOWER, 2f0e8030-05aa-4e91-b2c6-437482cdb37f|rpc:10.1.0.11:15076|admin:10.1.0.11:15075|client:10.1.0.11:15074|dataStream:10.1.0.11:15077|priority:0|startupRole:FOLLOWER]|listeners:[], old=null
2023-09-07 20:29:34,760 [e6d6ce9d-4fd0-4987-92e7-1065424d9f29@group-546FBC4FBB55-LeaderElection16] INFO  server.RaftServerConfigKeys (ConfUtils.java:logFallback(53)) - raft.server.rpc.first-election.timeout.min = 5s (fallback to raft.server.rpc.timeout.min)
2023-09-07 20:29:34,760 [e6d6ce9d-4fd0-4987-92e7-1065424d9f29@group-546FBC4FBB55-LeaderElection16] INFO  server.RaftServerConfigKeys (ConfUtils.java:logFallback(53)) - raft.server.rpc.first-election.timeout.max = 5200ms (fallback to raft.server.rpc.timeout.max)
2023-09-07 20:29:34,769 [grpc-default-executor-4] INFO  server.RaftServer$Division (RaftServerImpl.java:requestVote(1302)) - 8788027e-81d1-4d47-afe3-241385989a54@group-546FBC4FBB55: receive requestVote(ELECTION, e6d6ce9d-4fd0-4987-92e7-1065424d9f29, group-546FBC4FBB55, 1, (t:0, i:0))
2023-09-07 20:29:34,769 [grpc-default-executor-4] INFO  impl.VoteContext (VoteContext.java:log(49)) - 8788027e-81d1-4d47-afe3-241385989a54@group-546FBC4FBB55-FOLLOWER: accept ELECTION from e6d6ce9d-4fd0-4987-92e7-1065424d9f29: our priority 0 <= candidate's priority 1
2023-09-07 20:29:34,770 [grpc-default-executor-4] INFO  server.RaftServer$Division (RaftServerImpl.java:setRole(329)) - 8788027e-81d1-4d47-afe3-241385989a54@group-546FBC4FBB55: changes role from  FOLLOWER to FOLLOWER at term 1 for candidate:e6d6ce9d-4fd0-4987-92e7-1065424d9f29
2023-09-07 20:29:34,770 [grpc-default-executor-4] INFO  impl.RoleInfo (RoleInfo.java:shutdownFollowerState(110)) - 8788027e-81d1-4d47-afe3-241385989a54: shutdown 8788027e-81d1-4d47-afe3-241385989a54@group-546FBC4FBB55-FollowerState
2023-09-07 20:29:34,770 [grpc-default-executor-4] INFO  impl.RoleInfo (RoleInfo.java:updateAndGet(139)) - 8788027e-81d1-4d47-afe3-241385989a54: start 8788027e-81d1-4d47-afe3-241385989a54@group-546FBC4FBB55-FollowerState
2023-09-07 20:29:34,770 [8788027e-81d1-4d47-afe3-241385989a54@group-546FBC4FBB55-FollowerState] INFO  impl.FollowerState (FollowerState.java:run(152)) - 8788027e-81d1-4d47-afe3-241385989a54@group-546FBC4FBB55-FollowerState was interrupted
2023-09-07 20:29:34,770 [2f0e8030-05aa-4e91-b2c6-437482cdb37f@group-9DE9C3B524B1-LeaderElection17] INFO  impl.LeaderElection (LeaderElection.java:askForVotes(321)) - 2f0e8030-05aa-4e91-b2c6-437482cdb37f@group-9DE9C3B524B1-LeaderElection17 PRE_VOTE round 0: submit vote requests at term 0 for -1: peers:[2f0e8030-05aa-4e91-b2c6-437482cdb37f|rpc:10.1.0.11:15076|admin:10.1.0.11:15075|client:10.1.0.11:15074|dataStream:10.1.0.11:15077|priority:1|startupRole:FOLLOWER]|listeners:[], old=null
2023-09-07 20:29:34,770 [2f0e8030-05aa-4e91-b2c6-437482cdb37f@group-9DE9C3B524B1-LeaderElection17] INFO  impl.LeaderElection (LeaderElection.java:askForVotes(323)) - 2f0e8030-05aa-4e91-b2c6-437482cdb37f@group-9DE9C3B524B1-LeaderElection17 PRE_VOTE round 0: result PASSED (term=0)
2023-09-07 20:29:34,778 [2f0e8030-05aa-4e91-b2c6-437482cdb37f@group-9DE9C3B524B1-LeaderElection17] INFO  impl.LeaderElection (LeaderElection.java:askForVotes(321)) - 2f0e8030-05aa-4e91-b2c6-437482cdb37f@group-9DE9C3B524B1-LeaderElection17 ELECTION round 0: submit vote requests at term 1 for -1: peers:[2f0e8030-05aa-4e91-b2c6-437482cdb37f|rpc:10.1.0.11:15076|admin:10.1.0.11:15075|client:10.1.0.11:15074|dataStream:10.1.0.11:15077|priority:1|startupRole:FOLLOWER]|listeners:[], old=null
2023-09-07 20:29:34,778 [2f0e8030-05aa-4e91-b2c6-437482cdb37f@group-9DE9C3B524B1-LeaderElection17] INFO  impl.LeaderElection (LeaderElection.java:askForVotes(323)) - 2f0e8030-05aa-4e91-b2c6-437482cdb37f@group-9DE9C3B524B1-LeaderElection17 ELECTION round 0: result PASSED (term=1)
2023-09-07 20:29:34,778 [2f0e8030-05aa-4e91-b2c6-437482cdb37f@group-9DE9C3B524B1-LeaderElection17] INFO  impl.RoleInfo (RoleInfo.java:shutdownLeaderElection(130)) - 2f0e8030-05aa-4e91-b2c6-437482cdb37f: shutdown 2f0e8030-05aa-4e91-b2c6-437482cdb37f@group-9DE9C3B524B1-LeaderElection17
2023-09-07 20:29:34,778 [2f0e8030-05aa-4e91-b2c6-437482cdb37f@group-9DE9C3B524B1-LeaderElection17] INFO  server.RaftServer$Division (RaftServerImpl.java:setRole(329)) - 2f0e8030-05aa-4e91-b2c6-437482cdb37f@group-9DE9C3B524B1: changes role from CANDIDATE to LEADER at term 1 for changeToLeader
2023-09-07 20:29:34,778 [2f0e8030-05aa-4e91-b2c6-437482cdb37f@group-9DE9C3B524B1-LeaderElection17] INFO  ratis.XceiverServerRatis (XceiverServerRatis.java:handleLeaderChangedNotification(902)) - Leader change notification received for group: group-9DE9C3B524B1 with new leaderId: 2f0e8030-05aa-4e91-b2c6-437482cdb37f
2023-09-07 20:29:34,778 [2f0e8030-05aa-4e91-b2c6-437482cdb37f@group-9DE9C3B524B1-LeaderElection17] INFO  server.RaftServer$Division (ServerState.java:setLeader(317)) - 2f0e8030-05aa-4e91-b2c6-437482cdb37f@group-9DE9C3B524B1: change Leader from null to 2f0e8030-05aa-4e91-b2c6-437482cdb37f at term 1 for becomeLeader, leader elected after 5056ms
2023-09-07 20:29:34,778 [2f0e8030-05aa-4e91-b2c6-437482cdb37f@group-9DE9C3B524B1-LeaderElection17] INFO  server.RaftServerConfigKeys (ConfUtils.java:logGet(46)) - raft.server.staging.catchup.gap = 1000 (default)
2023-09-07 20:29:34,779 [2f0e8030-05aa-4e91-b2c6-437482cdb37f@group-9DE9C3B524B1-LeaderElection17] INFO  server.RaftServerConfigKeys (ConfUtils.java:logGet(46)) - raft.server.write.element-limit = 1024 (custom)
2023-09-07 20:29:34,779 [2f0e8030-05aa-4e91-b2c6-437482cdb37f@group-9DE9C3B524B1-LeaderElection17] INFO  server.RaftServerConfigKeys (ConfUtils.java:logGet(46)) - raft.server.write.byte-limit = 1024 M (=1073741824) (custom)
2023-09-07 20:29:34,779 [grpc-default-executor-5] INFO  server.RaftServer$Division (RaftServerImpl.java:requestVote(1302)) - 2f0e8030-05aa-4e91-b2c6-437482cdb37f@group-546FBC4FBB55: receive requestVote(PRE_VOTE, e6d6ce9d-4fd0-4987-92e7-1065424d9f29, group-546FBC4FBB55, 0, (t:0, i:0))
2023-09-07 20:29:34,780 [grpc-default-executor-5] INFO  impl.VoteContext (VoteContext.java:log(49)) - 2f0e8030-05aa-4e91-b2c6-437482cdb37f@group-546FBC4FBB55-FOLLOWER: accept PRE_VOTE from e6d6ce9d-4fd0-4987-92e7-1065424d9f29: our priority 0 <= candidate's priority 1
2023-09-07 20:29:34,780 [grpc-default-executor-5] INFO  server.RaftServer$Division (RaftServerImpl.java:requestVote(1335)) - 2f0e8030-05aa-4e91-b2c6-437482cdb37f@group-546FBC4FBB55 replies to PRE_VOTE vote request: e6d6ce9d-4fd0-4987-92e7-1065424d9f29<-2f0e8030-05aa-4e91-b2c6-437482cdb37f#0:OK-t0. Peer's state: 2f0e8030-05aa-4e91-b2c6-437482cdb37f@group-546FBC4FBB55:t0, leader=null, voted=, raftlog=Memoized:2f0e8030-05aa-4e91-b2c6-437482cdb37f@group-546FBC4FBB55-SegmentedRaftLog:OPENED:c-1, conf=-1: peers:[8788027e-81d1-4d47-afe3-241385989a54|rpc:10.1.0.11:15067|admin:10.1.0.11:15066|client:10.1.0.11:15065|dataStream:10.1.0.11:15068|priority:0|startupRole:FOLLOWER, e6d6ce9d-4fd0-4987-92e7-1065424d9f29|rpc:10.1.0.11:15085|admin:10.1.0.11:15084|client:10.1.0.11:15083|dataStream:10.1.0.11:15086|priority:1|startupRole:FOLLOWER, 2f0e8030-05aa-4e91-b2c6-437482cdb37f|rpc:10.1.0.11:15076|admin:10.1.0.11:15075|client:10.1.0.11:15074|dataStream:10.1.0.11:15077|priority:0|startupRole:FOLLOWER]|listeners:[], old=null
2023-09-07 20:29:34,780 [2f0e8030-05aa-4e91-b2c6-437482cdb37f@group-9DE9C3B524B1-LeaderElection17] INFO  server.RaftServerConfigKeys (ConfUtils.java:logGet(46)) - raft.server.watch.timeout = 180s (custom)
2023-09-07 20:29:34,783 [grpc-default-executor-4] INFO  server.RaftServer$Division (RaftServerImpl.java:requestVote(1335)) - 8788027e-81d1-4d47-afe3-241385989a54@group-546FBC4FBB55 replies to ELECTION vote request: e6d6ce9d-4fd0-4987-92e7-1065424d9f29<-8788027e-81d1-4d47-afe3-241385989a54#0:OK-t1. Peer's state: 8788027e-81d1-4d47-afe3-241385989a54@group-546FBC4FBB55:t1, leader=null, voted=e6d6ce9d-4fd0-4987-92e7-1065424d9f29, raftlog=Memoized:8788027e-81d1-4d47-afe3-241385989a54@group-546FBC4FBB55-SegmentedRaftLog:OPENED:c-1, conf=-1: peers:[8788027e-81d1-4d47-afe3-241385989a54|rpc:10.1.0.11:15067|admin:10.1.0.11:15066|client:10.1.0.11:15065|dataStream:10.1.0.11:15068|priority:0|startupRole:FOLLOWER, e6d6ce9d-4fd0-4987-92e7-1065424d9f29|rpc:10.1.0.11:15085|admin:10.1.0.11:15084|client:10.1.0.11:15083|dataStream:10.1.0.11:15086|priority:1|startupRole:FOLLOWER, 2f0e8030-05aa-4e91-b2c6-437482cdb37f|rpc:10.1.0.11:15076|admin:10.1.0.11:15075|client:10.1.0.11:15074|dataStream:10.1.0.11:15077|priority:0|startupRole:FOLLOWER]|listeners:[], old=null
2023-09-07 20:29:34,783 [2f0e8030-05aa-4e91-b2c6-437482cdb37f@group-9DE9C3B524B1-LeaderElection17] INFO  server.RaftServerConfigKeys (ConfUtils.java:logGet(46)) - raft.server.watch.timeout.denomination = 1s (default)
2023-09-07 20:29:34,784 [2f0e8030-05aa-4e91-b2c6-437482cdb37f@group-9DE9C3B524B1-LeaderElection17] INFO  server.RaftServerConfigKeys (ConfUtils.java:logGet(46)) - raft.server.watch.element-limit = 65536 (default)
2023-09-07 20:29:34,784 [2f0e8030-05aa-4e91-b2c6-437482cdb37f@group-9DE9C3B524B1-LeaderElection17] INFO  server.RaftServerConfigKeys (ConfUtils.java:logGet(46)) - raft.server.write.element-limit = 1024 (custom)
2023-09-07 20:29:34,784 [e6d6ce9d-4fd0-4987-92e7-1065424d9f29@group-546FBC4FBB55-LeaderElection16] INFO  impl.LeaderElection (LeaderElection.java:logAndReturn(90)) - e6d6ce9d-4fd0-4987-92e7-1065424d9f29@group-546FBC4FBB55-LeaderElection16: ELECTION PASSED received 1 response(s) and 0 exception(s):
2023-09-07 20:29:34,784 [2f0e8030-05aa-4e91-b2c6-437482cdb37f@group-9DE9C3B524B1-LeaderElection17] INFO  server.RaftServerConfigKeys (ConfUtils.java:logGet(46)) - raft.server.write.follower.gap.ratio.max = -1.0 (default)
2023-09-07 20:29:34,784 [e6d6ce9d-4fd0-4987-92e7-1065424d9f29@group-546FBC4FBB55-LeaderElection16] INFO  impl.LeaderElection (LeaderElection.java:logAndReturn(94)) -   Response 0: e6d6ce9d-4fd0-4987-92e7-1065424d9f29<-8788027e-81d1-4d47-afe3-241385989a54#0:OK-t1
2023-09-07 20:29:34,784 [2f0e8030-05aa-4e91-b2c6-437482cdb37f@group-9DE9C3B524B1-LeaderElection17] INFO  impl.RoleInfo (RoleInfo.java:updateAndGet(139)) - 2f0e8030-05aa-4e91-b2c6-437482cdb37f: start 2f0e8030-05aa-4e91-b2c6-437482cdb37f@group-9DE9C3B524B1-LeaderStateImpl
2023-09-07 20:29:34,784 [e6d6ce9d-4fd0-4987-92e7-1065424d9f29@group-546FBC4FBB55-LeaderElection16] INFO  impl.LeaderElection (LeaderElection.java:askForVotes(323)) - e6d6ce9d-4fd0-4987-92e7-1065424d9f29@group-546FBC4FBB55-LeaderElection16 ELECTION round 0: result PASSED
2023-09-07 20:29:34,784 [e6d6ce9d-4fd0-4987-92e7-1065424d9f29@group-546FBC4FBB55-LeaderElection16] INFO  impl.RoleInfo (RoleInfo.java:shutdownLeaderElection(130)) - e6d6ce9d-4fd0-4987-92e7-1065424d9f29: shutdown e6d6ce9d-4fd0-4987-92e7-1065424d9f29@group-546FBC4FBB55-LeaderElection16
2023-09-07 20:29:34,784 [e6d6ce9d-4fd0-4987-92e7-1065424d9f29@group-546FBC4FBB55-LeaderElection16] INFO  server.RaftServer$Division (RaftServerImpl.java:setRole(329)) - e6d6ce9d-4fd0-4987-92e7-1065424d9f29@group-546FBC4FBB55: changes role from CANDIDATE to LEADER at term 1 for changeToLeader
2023-09-07 20:29:34,784 [e6d6ce9d-4fd0-4987-92e7-1065424d9f29@group-546FBC4FBB55-LeaderElection16] INFO  ratis.XceiverServerRatis (XceiverServerRatis.java:handleLeaderChangedNotification(902)) - Leader change notification received for group: group-546FBC4FBB55 with new leaderId: e6d6ce9d-4fd0-4987-92e7-1065424d9f29
2023-09-07 20:29:34,785 [e6d6ce9d-4fd0-4987-92e7-1065424d9f29@group-546FBC4FBB55-LeaderElection16] INFO  server.RaftServer$Division (ServerState.java:setLeader(317)) - e6d6ce9d-4fd0-4987-92e7-1065424d9f29@group-546FBC4FBB55: change Leader from null to e6d6ce9d-4fd0-4987-92e7-1065424d9f29 at term 1 for becomeLeader, leader elected after 5194ms
2023-09-07 20:29:34,785 [e6d6ce9d-4fd0-4987-92e7-1065424d9f29@group-546FBC4FBB55-LeaderElection16] INFO  server.RaftServerConfigKeys (ConfUtils.java:logGet(46)) - raft.server.staging.catchup.gap = 1000 (default)
2023-09-07 20:29:34,786 [e6d6ce9d-4fd0-4987-92e7-1065424d9f29@group-546FBC4FBB55-LeaderElection16] INFO  server.RaftServerConfigKeys (ConfUtils.java:logGet(46)) - raft.server.write.element-limit = 1024 (custom)
2023-09-07 20:29:34,786 [e6d6ce9d-4fd0-4987-92e7-1065424d9f29@group-546FBC4FBB55-LeaderElection16] INFO  server.RaftServerConfigKeys (ConfUtils.java:logGet(46)) - raft.server.write.byte-limit = 1024 M (=1073741824) (custom)
2023-09-07 20:29:34,786 [e6d6ce9d-4fd0-4987-92e7-1065424d9f29@group-546FBC4FBB55-LeaderElection16] INFO  server.RaftServerConfigKeys (ConfUtils.java:logGet(46)) - raft.server.watch.timeout = 180s (custom)
2023-09-07 20:29:34,786 [e6d6ce9d-4fd0-4987-92e7-1065424d9f29@group-546FBC4FBB55-LeaderElection16] INFO  server.RaftServerConfigKeys (ConfUtils.java:logGet(46)) - raft.server.watch.timeout.denomination = 1s (default)
2023-09-07 20:29:34,786 [e6d6ce9d-4fd0-4987-92e7-1065424d9f29@group-546FBC4FBB55-LeaderElection16] INFO  server.RaftServerConfigKeys (ConfUtils.java:logGet(46)) - raft.server.watch.element-limit = 65536 (default)
2023-09-07 20:29:34,786 [e6d6ce9d-4fd0-4987-92e7-1065424d9f29@group-546FBC4FBB55-LeaderElection16] INFO  server.RaftServerConfigKeys (ConfUtils.java:logGet(46)) - raft.server.write.element-limit = 1024 (custom)
2023-09-07 20:29:34,786 [e6d6ce9d-4fd0-4987-92e7-1065424d9f29@group-546FBC4FBB55-LeaderElection16] INFO  server.RaftServerConfigKeys (ConfUtils.java:logGet(46)) - raft.server.write.follower.gap.ratio.max = -1.0 (default)
2023-09-07 20:29:34,787 [e6d6ce9d-4fd0-4987-92e7-1065424d9f29@group-546FBC4FBB55-LeaderElection16] INFO  server.RaftServerConfigKeys (ConfUtils.java:logGet(46)) - raft.server.log.appender.snapshot.chunk.size.max = 16MB (=16777216) (default)
2023-09-07 20:29:34,790 [e6d6ce9d-4fd0-4987-92e7-1065424d9f29@group-546FBC4FBB55-LeaderElection16] INFO  server.RaftServerConfigKeys (ConfUtils.java:logGet(46)) - raft.server.log.appender.buffer.byte-limit = 33554432 (custom)
2023-09-07 20:29:34,790 [e6d6ce9d-4fd0-4987-92e7-1065424d9f29@group-546FBC4FBB55-LeaderElection16] INFO  server.RaftServerConfigKeys (ConfUtils.java:logGet(46)) - raft.server.log.appender.buffer.element-limit = 1 (custom)
2023-09-07 20:29:34,790 [e6d6ce9d-4fd0-4987-92e7-1065424d9f29@group-546FBC4FBB55-LeaderElection16] INFO  server.RaftServerConfigKeys (ConfUtils.java:logGet(46)) - raft.server.log.appender.wait-time.min = 10ms (default)
2023-09-07 20:29:34,790 [e6d6ce9d-4fd0-4987-92e7-1065424d9f29@group-546FBC4FBB55-LeaderElection16] INFO  grpc.GrpcConfigKeys (ConfUtils.java:logGet(46)) - raft.grpc.server.leader.outstanding.appends.max = 128 (default)
2023-09-07 20:29:34,790 [e6d6ce9d-4fd0-4987-92e7-1065424d9f29@group-546FBC4FBB55-LeaderElection16] INFO  server.RaftServerConfigKeys (ConfUtils.java:logGet(46)) - raft.server.rpc.request.timeout = 60s (custom)
2023-09-07 20:29:34,790 [e6d6ce9d-4fd0-4987-92e7-1065424d9f29@group-546FBC4FBB55-LeaderElection16] INFO  grpc.GrpcConfigKeys (ConfUtils.java:logGet(46)) - raft.grpc.server.install_snapshot.request.element-limit = 8 (default)
2023-09-07 20:29:34,790 [e6d6ce9d-4fd0-4987-92e7-1065424d9f29@group-546FBC4FBB55-LeaderElection16] INFO  grpc.GrpcConfigKeys (ConfUtils.java:logGet(46)) - raft.grpc.server.install_snapshot.request.timeout = 3000ms (default)
2023-09-07 20:29:34,790 [e6d6ce9d-4fd0-4987-92e7-1065424d9f29@group-546FBC4FBB55-LeaderElection16] INFO  server.RaftServerConfigKeys (ConfUtils.java:logGet(46)) - raft.server.log.appender.install.snapshot.enabled = false (custom)
2023-09-07 20:29:34,790 [e6d6ce9d-4fd0-4987-92e7-1065424d9f29@group-546FBC4FBB55-LeaderElection16] INFO  grpc.GrpcConfigKeys (ConfUtils.java:logGet(46)) - raft.grpc.server.heartbeat.channel = true (default)
2023-09-07 20:29:34,791 [e6d6ce9d-4fd0-4987-92e7-1065424d9f29@group-546FBC4FBB55-LeaderElection16] INFO  server.RaftServerConfigKeys (ConfUtils.java:logGet(46)) - raft.server.log.appender.snapshot.chunk.size.max = 16MB (=16777216) (default)
2023-09-07 20:29:34,791 [e6d6ce9d-4fd0-4987-92e7-1065424d9f29@group-546FBC4FBB55-LeaderElection16] INFO  server.RaftServerConfigKeys (ConfUtils.java:logGet(46)) - raft.server.log.appender.buffer.byte-limit = 33554432 (custom)
2023-09-07 20:29:34,791 [e6d6ce9d-4fd0-4987-92e7-1065424d9f29@group-546FBC4FBB55-LeaderElection16] INFO  server.RaftServerConfigKeys (ConfUtils.java:logGet(46)) - raft.server.log.appender.buffer.element-limit = 1 (custom)
2023-09-07 20:29:34,791 [e6d6ce9d-4fd0-4987-92e7-1065424d9f29@group-546FBC4FBB55-LeaderElection16] INFO  server.RaftServerConfigKeys (ConfUtils.java:logGet(46)) - raft.server.log.appender.wait-time.min = 10ms (default)
2023-09-07 20:29:34,792 [e6d6ce9d-4fd0-4987-92e7-1065424d9f29@group-546FBC4FBB55-LeaderElection16] INFO  grpc.GrpcConfigKeys (ConfUtils.java:logGet(46)) - raft.grpc.server.leader.outstanding.appends.max = 128 (default)
2023-09-07 20:29:34,792 [e6d6ce9d-4fd0-4987-92e7-1065424d9f29@group-546FBC4FBB55-LeaderElection16] INFO  server.RaftServerConfigKeys (ConfUtils.java:logGet(46)) - raft.server.rpc.request.timeout = 60s (custom)
2023-09-07 20:29:34,792 [e6d6ce9d-4fd0-4987-92e7-1065424d9f29@group-546FBC4FBB55-LeaderElection16] INFO  grpc.GrpcConfigKeys (ConfUtils.java:logGet(46)) - raft.grpc.server.install_snapshot.request.element-limit = 8 (default)
2023-09-07 20:29:34,792 [e6d6ce9d-4fd0-4987-92e7-1065424d9f29@group-546FBC4FBB55-LeaderElection16] INFO  grpc.GrpcConfigKeys (ConfUtils.java:logGet(46)) - raft.grpc.server.install_snapshot.request.timeout = 3000ms (default)
2023-09-07 20:29:34,792 [e6d6ce9d-4fd0-4987-92e7-1065424d9f29@group-546FBC4FBB55-LeaderElection16] INFO  server.RaftServerConfigKeys (ConfUtils.java:logGet(46)) - raft.server.log.appender.install.snapshot.enabled = false (custom)
2023-09-07 20:29:34,792 [e6d6ce9d-4fd0-4987-92e7-1065424d9f29@group-546FBC4FBB55-LeaderElection16] INFO  grpc.GrpcConfigKeys (ConfUtils.java:logGet(46)) - raft.grpc.server.heartbeat.channel = true (default)
2023-09-07 20:29:34,792 [e6d6ce9d-4fd0-4987-92e7-1065424d9f29@group-546FBC4FBB55-LeaderElection16] INFO  impl.RoleInfo (RoleInfo.java:updateAndGet(139)) - e6d6ce9d-4fd0-4987-92e7-1065424d9f29: start e6d6ce9d-4fd0-4987-92e7-1065424d9f29@group-546FBC4FBB55-LeaderStateImpl
2023-09-07 20:29:34,792 [e6d6ce9d-4fd0-4987-92e7-1065424d9f29@group-546FBC4FBB55-LeaderElection16] INFO  segmented.SegmentedRaftLogWorker (SegmentedRaftLogWorker.java:startLogSegment(447)) - e6d6ce9d-4fd0-4987-92e7-1065424d9f29@group-546FBC4FBB55-SegmentedRaftLogWorker: Starting segment from index:0
2023-09-07 20:29:34,787 [2f0e8030-05aa-4e91-b2c6-437482cdb37f@group-9DE9C3B524B1-LeaderElection17] INFO  segmented.SegmentedRaftLogWorker (SegmentedRaftLogWorker.java:startLogSegment(447)) - 2f0e8030-05aa-4e91-b2c6-437482cdb37f@group-9DE9C3B524B1-SegmentedRaftLogWorker: Starting segment from index:0
2023-09-07 20:29:34,790 [EventQueue-PipelineReportForPipelineReportHandler] INFO  pipeline.PipelineReportHandler (PipelineReportHandler.java:processPipelineReport(136)) - Opened pipeline PipelineID=2ea2a3c0-fea6-41a0-a3c3-546fbc4fbb55
2023-09-07 20:29:34,794 [2f0e8030-05aa-4e91-b2c6-437482cdb37f@group-9DE9C3B524B1-SegmentedRaftLogWorker] INFO  segmented.SegmentedRaftLogWorker (SegmentedRaftLogWorker.java:execute(651)) - 2f0e8030-05aa-4e91-b2c6-437482cdb37f@group-9DE9C3B524B1-SegmentedRaftLogWorker: created new log segment /home/runner/work/ozone/ozone/hadoop-ozone/integration-test/target/test-dir/MiniOzoneClusterImpl-6e39530a-abb5-4f3a-bb3c-e5f572b2b70f/datanode-1/data/ratis/ce95868c-645b-429f-ad82-9de9c3b524b1/current/log_inprogress_0
2023-09-07 20:29:34,795 [e6d6ce9d-4fd0-4987-92e7-1065424d9f29@group-546FBC4FBB55-SegmentedRaftLogWorker] INFO  segmented.SegmentedRaftLogWorker (SegmentedRaftLogWorker.java:execute(651)) - e6d6ce9d-4fd0-4987-92e7-1065424d9f29@group-546FBC4FBB55-SegmentedRaftLogWorker: created new log segment /home/runner/work/ozone/ozone/hadoop-ozone/integration-test/target/test-dir/MiniOzoneClusterImpl-6e39530a-abb5-4f3a-bb3c-e5f572b2b70f/datanode-2/data/ratis/2ea2a3c0-fea6-41a0-a3c3-546fbc4fbb55/current/log_inprogress_0
2023-09-07 20:29:34,809 [grpc-default-executor-4] INFO  server.RaftServer$Division (RaftServerImpl.java:requestVote(1302)) - 2f0e8030-05aa-4e91-b2c6-437482cdb37f@group-546FBC4FBB55: receive requestVote(ELECTION, e6d6ce9d-4fd0-4987-92e7-1065424d9f29, group-546FBC4FBB55, 1, (t:0, i:0))
2023-09-07 20:29:34,809 [grpc-default-executor-4] INFO  impl.VoteContext (VoteContext.java:log(49)) - 2f0e8030-05aa-4e91-b2c6-437482cdb37f@group-546FBC4FBB55-FOLLOWER: accept ELECTION from e6d6ce9d-4fd0-4987-92e7-1065424d9f29: our priority 0 <= candidate's priority 1
2023-09-07 20:29:34,809 [grpc-default-executor-4] INFO  server.RaftServer$Division (RaftServerImpl.java:setRole(329)) - 2f0e8030-05aa-4e91-b2c6-437482cdb37f@group-546FBC4FBB55: changes role from  FOLLOWER to FOLLOWER at term 1 for candidate:e6d6ce9d-4fd0-4987-92e7-1065424d9f29
2023-09-07 20:29:34,809 [grpc-default-executor-4] INFO  impl.RoleInfo (RoleInfo.java:shutdownFollowerState(110)) - 2f0e8030-05aa-4e91-b2c6-437482cdb37f: shutdown 2f0e8030-05aa-4e91-b2c6-437482cdb37f@group-546FBC4FBB55-FollowerState
2023-09-07 20:29:34,809 [grpc-default-executor-4] INFO  impl.RoleInfo (RoleInfo.java:updateAndGet(139)) - 2f0e8030-05aa-4e91-b2c6-437482cdb37f: start 2f0e8030-05aa-4e91-b2c6-437482cdb37f@group-546FBC4FBB55-FollowerState
2023-09-07 20:29:34,809 [2f0e8030-05aa-4e91-b2c6-437482cdb37f@group-546FBC4FBB55-FollowerState] INFO  impl.FollowerState (FollowerState.java:run(152)) - 2f0e8030-05aa-4e91-b2c6-437482cdb37f@group-546FBC4FBB55-FollowerState was interrupted
2023-09-07 20:29:34,809 [2f0e8030-05aa-4e91-b2c6-437482cdb37f@group-9DE9C3B524B1-LeaderElection17] INFO  server.RaftServer$Division (ServerState.java:setRaftConf(434)) - 2f0e8030-05aa-4e91-b2c6-437482cdb37f@group-9DE9C3B524B1: set configuration 0: peers:[2f0e8030-05aa-4e91-b2c6-437482cdb37f|rpc:10.1.0.11:15076|admin:10.1.0.11:15075|client:10.1.0.11:15074|dataStream:10.1.0.11:15077|priority:1|startupRole:FOLLOWER]|listeners:[], old=null
2023-09-07 20:29:34,810 [e6d6ce9d-4fd0-4987-92e7-1065424d9f29@group-546FBC4FBB55-LeaderElection16] INFO  server.RaftServer$Division (ServerState.java:setRaftConf(434)) - e6d6ce9d-4fd0-4987-92e7-1065424d9f29@group-546FBC4FBB55: set configuration 0: peers:[8788027e-81d1-4d47-afe3-241385989a54|rpc:10.1.0.11:15067|admin:10.1.0.11:15066|client:10.1.0.11:15065|dataStream:10.1.0.11:15068|priority:0|startupRole:FOLLOWER, e6d6ce9d-4fd0-4987-92e7-1065424d9f29|rpc:10.1.0.11:15085|admin:10.1.0.11:15084|client:10.1.0.11:15083|dataStream:10.1.0.11:15086|priority:1|startupRole:FOLLOWER, 2f0e8030-05aa-4e91-b2c6-437482cdb37f|rpc:10.1.0.11:15076|admin:10.1.0.11:15075|client:10.1.0.11:15074|dataStream:10.1.0.11:15077|priority:0|startupRole:FOLLOWER]|listeners:[], old=null
2023-09-07 20:29:34,812 [main] INFO  ozone.MiniOzoneClusterImpl (MiniOzoneClusterImpl.java:lambda$waitForClusterToBeReady$0(224)) - Nodes are ready. Got 5 of 5 DN Heartbeats.
2023-09-07 20:29:34,813 [main] INFO  ozone.MiniOzoneClusterImpl (MiniOzoneClusterImpl.java:lambda$waitForClusterToBeReady$0(227)) - Cluster exits safe mode
2023-09-07 20:29:34,813 [main] INFO  ozone.MiniOzoneClusterImpl (MiniOzoneClusterImpl.java:lambda$waitForClusterToBeReady$0(229)) - SCM became leader
2023-09-07 20:29:34,815 [grpc-default-executor-4] INFO  server.RaftServer$Division (RaftServerImpl.java:requestVote(1335)) - 2f0e8030-05aa-4e91-b2c6-437482cdb37f@group-546FBC4FBB55 replies to ELECTION vote request: e6d6ce9d-4fd0-4987-92e7-1065424d9f29<-2f0e8030-05aa-4e91-b2c6-437482cdb37f#0:OK-t1. Peer's state: 2f0e8030-05aa-4e91-b2c6-437482cdb37f@group-546FBC4FBB55:t1, leader=null, voted=e6d6ce9d-4fd0-4987-92e7-1065424d9f29, raftlog=Memoized:2f0e8030-05aa-4e91-b2c6-437482cdb37f@group-546FBC4FBB55-SegmentedRaftLog:OPENED:c-1, conf=-1: peers:[8788027e-81d1-4d47-afe3-241385989a54|rpc:10.1.0.11:15067|admin:10.1.0.11:15066|client:10.1.0.11:15065|dataStream:10.1.0.11:15068|priority:0|startupRole:FOLLOWER, e6d6ce9d-4fd0-4987-92e7-1065424d9f29|rpc:10.1.0.11:15085|admin:10.1.0.11:15084|client:10.1.0.11:15083|dataStream:10.1.0.11:15086|priority:1|startupRole:FOLLOWER, 2f0e8030-05aa-4e91-b2c6-437482cdb37f|rpc:10.1.0.11:15076|admin:10.1.0.11:15075|client:10.1.0.11:15074|dataStream:10.1.0.11:15077|priority:0|startupRole:FOLLOWER]|listeners:[], old=null
2023-09-07 20:29:34,820 [8788027e-81d1-4d47-afe3-241385989a54-server-thread2] INFO  ratis.XceiverServerRatis (XceiverServerRatis.java:handleLeaderChangedNotification(902)) - Leader change notification received for group: group-546FBC4FBB55 with new leaderId: e6d6ce9d-4fd0-4987-92e7-1065424d9f29
2023-09-07 20:29:34,820 [8788027e-81d1-4d47-afe3-241385989a54-server-thread2] INFO  server.RaftServer$Division (ServerState.java:setLeader(317)) - 8788027e-81d1-4d47-afe3-241385989a54@group-546FBC4FBB55: change Leader from null to e6d6ce9d-4fd0-4987-92e7-1065424d9f29 at term 1 for appendEntries, leader elected after 5357ms
2023-09-07 20:29:34,844 [8788027e-81d1-4d47-afe3-241385989a54-server-thread2] INFO  server.RaftServer$Division (ServerState.java:setRaftConf(434)) - 8788027e-81d1-4d47-afe3-241385989a54@group-546FBC4FBB55: set configuration 0: peers:[8788027e-81d1-4d47-afe3-241385989a54|rpc:10.1.0.11:15067|admin:10.1.0.11:15066|client:10.1.0.11:15065|dataStream:10.1.0.11:15068|priority:0|startupRole:FOLLOWER, e6d6ce9d-4fd0-4987-92e7-1065424d9f29|rpc:10.1.0.11:15085|admin:10.1.0.11:15084|client:10.1.0.11:15083|dataStream:10.1.0.11:15086|priority:1|startupRole:FOLLOWER, 2f0e8030-05aa-4e91-b2c6-437482cdb37f|rpc:10.1.0.11:15076|admin:10.1.0.11:15075|client:10.1.0.11:15074|dataStream:10.1.0.11:15077|priority:0|startupRole:FOLLOWER]|listeners:[], old=null
2023-09-07 20:29:34,844 [8788027e-81d1-4d47-afe3-241385989a54-server-thread2] INFO  segmented.SegmentedRaftLogWorker (SegmentedRaftLogWorker.java:startLogSegment(447)) - 8788027e-81d1-4d47-afe3-241385989a54@group-546FBC4FBB55-SegmentedRaftLogWorker: Starting segment from index:0
2023-09-07 20:29:34,848 [2f0e8030-05aa-4e91-b2c6-437482cdb37f-server-thread2] INFO  ratis.XceiverServerRatis (XceiverServerRatis.java:handleLeaderChangedNotification(902)) - Leader change notification received for group: group-546FBC4FBB55 with new leaderId: e6d6ce9d-4fd0-4987-92e7-1065424d9f29
2023-09-07 20:29:34,849 [2f0e8030-05aa-4e91-b2c6-437482cdb37f-server-thread2] INFO  server.RaftServer$Division (ServerState.java:setLeader(317)) - 2f0e8030-05aa-4e91-b2c6-437482cdb37f@group-546FBC4FBB55: change Leader from null to e6d6ce9d-4fd0-4987-92e7-1065424d9f29 at term 1 for appendEntries, leader elected after 5307ms
2023-09-07 20:29:34,857 [8788027e-81d1-4d47-afe3-241385989a54@group-546FBC4FBB55-SegmentedRaftLogWorker] INFO  segmented.SegmentedRaftLogWorker (SegmentedRaftLogWorker.java:execute(651)) - 8788027e-81d1-4d47-afe3-241385989a54@group-546FBC4FBB55-SegmentedRaftLogWorker: created new log segment /home/runner/work/ozone/ozone/hadoop-ozone/integration-test/target/test-dir/MiniOzoneClusterImpl-6e39530a-abb5-4f3a-bb3c-e5f572b2b70f/datanode-0/data/ratis/2ea2a3c0-fea6-41a0-a3c3-546fbc4fbb55/current/log_inprogress_0
2023-09-07 20:29:34,862 [2f0e8030-05aa-4e91-b2c6-437482cdb37f-server-thread1] INFO  server.RaftServer$Division (ServerState.java:setRaftConf(434)) - 2f0e8030-05aa-4e91-b2c6-437482cdb37f@group-546FBC4FBB55: set configuration 0: peers:[8788027e-81d1-4d47-afe3-241385989a54|rpc:10.1.0.11:15067|admin:10.1.0.11:15066|client:10.1.0.11:15065|dataStream:10.1.0.11:15068|priority:0|startupRole:FOLLOWER, e6d6ce9d-4fd0-4987-92e7-1065424d9f29|rpc:10.1.0.11:15085|admin:10.1.0.11:15084|client:10.1.0.11:15083|dataStream:10.1.0.11:15086|priority:1|startupRole:FOLLOWER, 2f0e8030-05aa-4e91-b2c6-437482cdb37f|rpc:10.1.0.11:15076|admin:10.1.0.11:15075|client:10.1.0.11:15074|dataStream:10.1.0.11:15077|priority:0|startupRole:FOLLOWER]|listeners:[], old=null
2023-09-07 20:29:34,862 [2f0e8030-05aa-4e91-b2c6-437482cdb37f-server-thread1] INFO  segmented.SegmentedRaftLogWorker (SegmentedRaftLogWorker.java:startLogSegment(447)) - 2f0e8030-05aa-4e91-b2c6-437482cdb37f@group-546FBC4FBB55-SegmentedRaftLogWorker: Starting segment from index:0
2023-09-07 20:29:34,863 [2f0e8030-05aa-4e91-b2c6-437482cdb37f@group-546FBC4FBB55-SegmentedRaftLogWorker] INFO  segmented.SegmentedRaftLogWorker (SegmentedRaftLogWorker.java:execute(651)) - 2f0e8030-05aa-4e91-b2c6-437482cdb37f@group-546FBC4FBB55-SegmentedRaftLogWorker: created new log segment /home/runner/work/ozone/ozone/hadoop-ozone/integration-test/target/test-dir/MiniOzoneClusterImpl-6e39530a-abb5-4f3a-bb3c-e5f572b2b70f/datanode-1/data/ratis/2ea2a3c0-fea6-41a0-a3c3-546fbc4fbb55/current/log_inprogress_0
2023-09-07 20:29:34,892 [main] INFO  rpc.RpcClient (RpcClient.java:createVolume(461)) - Creating Volume: volume62736, with user74037 as owner and space quota set to -1 bytes, counts quota set to -1
2023-09-07 20:29:34,893 [IPC Server handler 0 on default port 15057] INFO  volume.OMVolumeCreateRequest (OMVolumeCreateRequest.java:validateAndUpdateCache(196)) - created volume:volume62736 for user:user74037
2023-09-07 20:29:34,897 [main] INFO  rpc.RpcClient (RpcClient.java:createBucket(688)) - Creating Bucket: volume62736/bucket10134, with bucket layout LEGACY, runner as owner, Versioning false, Storage Type set to DISK and Encryption set to false, Replication Type set to server-side default replication type, Namespace Quota set to -1, Space Quota set to -1 
2023-09-07 20:29:34,900 [IPC Server handler 3 on default port 15057] INFO  bucket.OMBucketCreateRequest (OMBucketCreateRequest.java:validateAndUpdateCache(270)) - created bucket: bucket10134 of layout LEGACY in volume: volume62736
]]></system-out>
  </testcase>
  <testcase name="testGetTrashRoot" classname="TestOzoneFileSystem" time="17.847">
    <system-out><![CDATA[2023-09-07 20:30:42,728 [main] INFO  ozone.MiniOzoneClusterImpl (MiniOzoneClusterImpl.java:shutdown(443)) - Shutting down the Mini Ozone Cluster
2023-09-07 20:30:42,729 [main] INFO  ozone.MiniOzoneClusterImpl (MiniOzoneClusterImpl.java:stop(460)) - Stopping the Mini Ozone Cluster
2023-09-07 20:30:42,729 [main] INFO  ozone.MiniOzoneClusterImpl (MiniOzoneClusterImpl.java:stopOM(551)) - Stopping the OzoneManager
2023-09-07 20:30:42,729 [main] INFO  om.OzoneManager (OzoneManager.java:stop(2204)) - om1[localhost:15057]: Stopping Ozone Manager
2023-09-07 20:30:42,729 [main] INFO  ipc.Server (Server.java:stop(3523)) - Stopping server on 15057
2023-09-07 20:30:42,735 [IPC Server Responder] INFO  ipc.Server (Server.java:run(1567)) - Stopping IPC Server Responder
2023-09-07 20:30:42,736 [main] INFO  ratis.OzoneManagerDoubleBuffer (OzoneManagerDoubleBuffer.java:stopDaemon(551)) - Stopping OMDoubleBuffer flush thread
2023-09-07 20:30:42,737 [OMDoubleBufferFlushThread] INFO  ratis.OzoneManagerDoubleBuffer (OzoneManagerDoubleBuffer.java:canFlush(638)) - OMDoubleBuffer flush thread OMDoubleBufferFlushThread is interrupted and will exit.
2023-09-07 20:30:42,737 [IPC Server listener on 15057] INFO  ipc.Server (Server.java:run(1434)) - Stopping IPC Server listener on 15057
2023-09-07 20:30:42,739 [main] INFO  utils.BackgroundService (BackgroundService.java:shutdown(141)) - Shutting down service KeyDeletingService
2023-09-07 20:30:42,739 [main] INFO  utils.BackgroundService (BackgroundService.java:shutdown(141)) - Shutting down service KeyDeletingService
2023-09-07 20:30:42,739 [main] INFO  utils.BackgroundService (BackgroundService.java:shutdown(141)) - Shutting down service OpenKeyCleanupService
2023-09-07 20:30:42,739 [main] INFO  utils.BackgroundService (BackgroundService.java:shutdown(141)) - Shutting down service SstFilteringService
2023-09-07 20:30:42,740 [main] INFO  utils.BackgroundService (BackgroundService.java:shutdown(141)) - Shutting down service SnapshotDeletingService
2023-09-07 20:30:42,741 [main] INFO  handler.ContextHandler (ContextHandler.java:doStop(1159)) - Stopped o.e.j.w.WebAppContext@1acfe21{ozoneManager,/,null,STOPPED}{file:/home/runner/work/ozone/ozone/hadoop-ozone/integration-test/target/test-classes/webapps/ozoneManager}
2023-09-07 20:30:42,742 [main] INFO  server.AbstractConnector (AbstractConnector.java:doStop(383)) - Stopped ServerConnector@2fd47247{HTTP/1.1, (http/1.1)}{0.0.0.0:15058}
2023-09-07 20:30:42,742 [main] INFO  server.session (HouseKeeper.java:stopScavenging(149)) - node0 Stopped scavenging
2023-09-07 20:30:42,743 [main] INFO  handler.ContextHandler (ContextHandler.java:doStop(1159)) - Stopped o.e.j.s.ServletContextHandler@2d770b7a{static,/static,file:///home/runner/work/ozone/ozone/hadoop-ozone/integration-test/target/test-classes/webapps/static,STOPPED}
2023-09-07 20:30:42,743 [main] INFO  handler.ContextHandler (ContextHandler.java:doStop(1159)) - Stopped o.e.j.s.ServletContextHandler@1457fcc7{logs,/logs,file:///home/runner/work/ozone/ozone/hadoop-ozone/integration-test/target/log,STOPPED}
2023-09-07 20:30:42,744 [main] INFO  rocksdiff.RocksDBCheckpointDiffer (RocksDBCheckpointDiffer.java:close(343)) - Shutting down CompactionDagPruningService.
2023-09-07 20:30:42,744 [Trash Emptier] ERROR om.TrashPolicyOzone (TrashPolicyOzone.java:run(350)) - Error attempting to shutdown
java.lang.InterruptedException
	at java.util.concurrent.locks.AbstractQueuedSynchronizer$ConditionObject.awaitNanos(AbstractQueuedSynchronizer.java:2067)
	at java.util.concurrent.ThreadPoolExecutor.awaitTermination(ThreadPoolExecutor.java:1475)
	at org.apache.hadoop.ozone.om.TrashPolicyOzone$Emptier.run(TrashPolicyOzone.java:348)
	at java.lang.Thread.run(Thread.java:750)
2023-09-07 20:30:42,748 [main] INFO  snapshot.SnapshotDiffManager (SnapshotDiffManager.java:closeExecutorService(1706)) - Shutting down executorService: 'SnapDiffExecutor'
2023-09-07 20:30:42,748 [main] INFO  snapshot.SnapshotDiffManager (SnapshotDiffManager.java:closeExecutorService(1706)) - Shutting down executorService: 'SstDumpToolExecutor'
2023-09-07 20:30:42,748 [main] INFO  utils.BackgroundService (BackgroundService.java:shutdown(141)) - Shutting down service SnapshotDiffCleanupService
2023-09-07 20:30:42,750 [JvmPauseMonitor8] INFO  util.JvmPauseMonitor (JvmPauseMonitor.java:run(109)) - JvmPauseMonitor-027c011a-ad20-462a-9575-57fe288d25fe: Stopped
2023-09-07 20:30:42,750 [main] INFO  ozone.MiniOzoneClusterImpl (MiniOzoneClusterImpl.java:stopDatanodes(528)) - Stopping the HddsDatanodes
2023-09-07 20:30:42,758 [ForkJoinPool.commonPool-worker-3] INFO  ozoneimpl.OzoneContainer (OzoneContainer.java:stop(451)) - Attempting to stop container services.
2023-09-07 20:30:42,760 [main] INFO  ozoneimpl.OzoneContainer (OzoneContainer.java:stop(451)) - Attempting to stop container services.
2023-09-07 20:30:42,761 [ForkJoinPool.commonPool-worker-3] INFO  server.RaftServer (RaftServerProxy.java:lambda$close$6(416)) - 2f0e8030-05aa-4e91-b2c6-437482cdb37f: close
2023-09-07 20:30:42,761 [main] INFO  server.RaftServer (RaftServerProxy.java:lambda$close$6(416)) - e6d6ce9d-4fd0-4987-92e7-1065424d9f29: close
2023-09-07 20:30:42,762 [2f0e8030-05aa-4e91-b2c6-437482cdb37f-impl-thread2] INFO  server.RaftServer$Division (RaftServerImpl.java:lambda$close$4(466)) - 2f0e8030-05aa-4e91-b2c6-437482cdb37f@group-546FBC4FBB55: shutdown
2023-09-07 20:30:42,762 [2f0e8030-05aa-4e91-b2c6-437482cdb37f-impl-thread2] INFO  util.JmxRegister (JmxRegister.java:unregister(73)) - Successfully un-registered JMX Bean with object name Ratis:service=RaftServer,group=group-546FBC4FBB55,id=2f0e8030-05aa-4e91-b2c6-437482cdb37f
2023-09-07 20:30:42,762 [2f0e8030-05aa-4e91-b2c6-437482cdb37f-impl-thread2] INFO  impl.RoleInfo (RoleInfo.java:shutdownFollowerState(110)) - 2f0e8030-05aa-4e91-b2c6-437482cdb37f: shutdown 2f0e8030-05aa-4e91-b2c6-437482cdb37f@group-546FBC4FBB55-FollowerState
2023-09-07 20:30:42,763 [e6d6ce9d-4fd0-4987-92e7-1065424d9f29-impl-thread3] INFO  server.RaftServer$Division (RaftServerImpl.java:lambda$close$4(466)) - e6d6ce9d-4fd0-4987-92e7-1065424d9f29@group-9A97E42B1E36: shutdown
2023-09-07 20:30:42,763 [e6d6ce9d-4fd0-4987-92e7-1065424d9f29-impl-thread3] INFO  util.JmxRegister (JmxRegister.java:unregister(73)) - Successfully un-registered JMX Bean with object name Ratis:service=RaftServer,group=group-9A97E42B1E36,id=e6d6ce9d-4fd0-4987-92e7-1065424d9f29
2023-09-07 20:30:42,763 [e6d6ce9d-4fd0-4987-92e7-1065424d9f29-impl-thread3] INFO  impl.RoleInfo (RoleInfo.java:shutdownFollowerState(110)) - e6d6ce9d-4fd0-4987-92e7-1065424d9f29: shutdown e6d6ce9d-4fd0-4987-92e7-1065424d9f29@group-9A97E42B1E36-FollowerState
2023-09-07 20:30:42,763 [main] INFO  server.GrpcService (GrpcService.java:closeImpl(311)) - e6d6ce9d-4fd0-4987-92e7-1065424d9f29: shutdown server org.apache.ratis.grpc.server.GrpcClientProtocolService now
2023-09-07 20:30:42,763 [e6d6ce9d-4fd0-4987-92e7-1065424d9f29-impl-thread4] INFO  server.RaftServer$Division (RaftServerImpl.java:lambda$close$4(466)) - e6d6ce9d-4fd0-4987-92e7-1065424d9f29@group-2E97BE5E65B8: shutdown
2023-09-07 20:30:42,763 [e6d6ce9d-4fd0-4987-92e7-1065424d9f29-impl-thread4] INFO  util.JmxRegister (JmxRegister.java:unregister(73)) - Successfully un-registered JMX Bean with object name Ratis:service=RaftServer,group=group-2E97BE5E65B8,id=e6d6ce9d-4fd0-4987-92e7-1065424d9f29
2023-09-07 20:30:42,764 [e6d6ce9d-4fd0-4987-92e7-1065424d9f29-impl-thread4] INFO  impl.RoleInfo (RoleInfo.java:shutdownLeaderState(93)) - e6d6ce9d-4fd0-4987-92e7-1065424d9f29: shutdown e6d6ce9d-4fd0-4987-92e7-1065424d9f29@group-2E97BE5E65B8-LeaderStateImpl
2023-09-07 20:30:42,764 [e6d6ce9d-4fd0-4987-92e7-1065424d9f29-impl-thread4] INFO  impl.PendingRequests (PendingRequests.java:sendNotLeaderResponses(289)) - e6d6ce9d-4fd0-4987-92e7-1065424d9f29@group-2E97BE5E65B8-PendingRequests: sendNotLeaderResponses
2023-09-07 20:30:42,763 [e6d6ce9d-4fd0-4987-92e7-1065424d9f29-impl-thread2] INFO  server.RaftServer$Division (RaftServerImpl.java:lambda$close$4(466)) - e6d6ce9d-4fd0-4987-92e7-1065424d9f29@group-546FBC4FBB55: shutdown
2023-09-07 20:30:42,764 [2f0e8030-05aa-4e91-b2c6-437482cdb37f-impl-thread3] INFO  server.RaftServer$Division (RaftServerImpl.java:lambda$close$4(466)) - 2f0e8030-05aa-4e91-b2c6-437482cdb37f@group-9DE9C3B524B1: shutdown
2023-09-07 20:30:42,764 [ForkJoinPool.commonPool-worker-3] INFO  server.GrpcService (GrpcService.java:closeImpl(311)) - 2f0e8030-05aa-4e91-b2c6-437482cdb37f: shutdown server org.apache.ratis.grpc.server.GrpcClientProtocolService now
2023-09-07 20:30:42,764 [2f0e8030-05aa-4e91-b2c6-437482cdb37f-impl-thread2] INFO  impl.StateMachineUpdater (StateMachineUpdater.java:stopAndJoin(155)) - 2f0e8030-05aa-4e91-b2c6-437482cdb37f@group-546FBC4FBB55-StateMachineUpdater: set stopIndex = 0
2023-09-07 20:30:42,764 [e6d6ce9d-4fd0-4987-92e7-1065424d9f29@group-9A97E42B1E36-FollowerState] INFO  impl.FollowerState (FollowerState.java:run(152)) - e6d6ce9d-4fd0-4987-92e7-1065424d9f29@group-9A97E42B1E36-FollowerState was interrupted
2023-09-07 20:30:42,764 [e6d6ce9d-4fd0-4987-92e7-1065424d9f29-impl-thread2] INFO  util.JmxRegister (JmxRegister.java:unregister(73)) - Successfully un-registered JMX Bean with object name Ratis:service=RaftServer,group=group-546FBC4FBB55,id=e6d6ce9d-4fd0-4987-92e7-1065424d9f29
2023-09-07 20:30:42,765 [e6d6ce9d-4fd0-4987-92e7-1065424d9f29-impl-thread2] INFO  impl.RoleInfo (RoleInfo.java:shutdownLeaderState(93)) - e6d6ce9d-4fd0-4987-92e7-1065424d9f29: shutdown e6d6ce9d-4fd0-4987-92e7-1065424d9f29@group-546FBC4FBB55-LeaderStateImpl
2023-09-07 20:30:42,764 [e6d6ce9d-4fd0-4987-92e7-1065424d9f29-impl-thread3] INFO  impl.StateMachineUpdater (StateMachineUpdater.java:stopAndJoin(155)) - e6d6ce9d-4fd0-4987-92e7-1065424d9f29@group-9A97E42B1E36-StateMachineUpdater: set stopIndex = 28
2023-09-07 20:30:42,764 [2f0e8030-05aa-4e91-b2c6-437482cdb37f@group-546FBC4FBB55-FollowerState] INFO  impl.FollowerState (FollowerState.java:run(152)) - 2f0e8030-05aa-4e91-b2c6-437482cdb37f@group-546FBC4FBB55-FollowerState was interrupted
2023-09-07 20:30:42,768 [Thread-1049] INFO  server.GrpcServerProtocolClient (GrpcServerProtocolClient.java:close(103)) - 8788027e-81d1-4d47-afe3-241385989a54 Close channels
2023-09-07 20:30:42,768 [e6d6ce9d-4fd0-4987-92e7-1065424d9f29-impl-thread2] INFO  impl.PendingRequests (PendingRequests.java:sendNotLeaderResponses(289)) - e6d6ce9d-4fd0-4987-92e7-1065424d9f29@group-546FBC4FBB55-PendingRequests: sendNotLeaderResponses
2023-09-07 20:30:42,769 [e6d6ce9d-4fd0-4987-92e7-1065424d9f29@group-546FBC4FBB55->8788027e-81d1-4d47-afe3-241385989a54-GrpcLogAppender-LogAppenderDaemon] WARN  server.GrpcLogAppender (GrpcLogAppender.java:mayWait(199)) - e6d6ce9d-4fd0-4987-92e7-1065424d9f29@group-546FBC4FBB55->8788027e-81d1-4d47-afe3-241385989a54-GrpcLogAppender: Wait interrupted by java.lang.InterruptedException
2023-09-07 20:30:42,769 [e6d6ce9d-4fd0-4987-92e7-1065424d9f29@group-546FBC4FBB55->2f0e8030-05aa-4e91-b2c6-437482cdb37f-GrpcLogAppender-LogAppenderDaemon] WARN  server.GrpcLogAppender (GrpcLogAppender.java:mayWait(199)) - e6d6ce9d-4fd0-4987-92e7-1065424d9f29@group-546FBC4FBB55->2f0e8030-05aa-4e91-b2c6-437482cdb37f-GrpcLogAppender: Wait interrupted by java.lang.InterruptedException
2023-09-07 20:30:42,771 [grpc-default-executor-7] INFO  server.GrpcServerProtocolService (GrpcServerProtocolService.java:onCompleted(155)) - 2f0e8030-05aa-4e91-b2c6-437482cdb37f: Completed APPEND_ENTRIES, lastRequest: e6d6ce9d-4fd0-4987-92e7-1065424d9f29->2f0e8030-05aa-4e91-b2c6-437482cdb37f#1-t1,previous=(t:0, i:0),leaderCommit=-1,initializing? true,entries: size=1, first=(t:1, i:0), CONFIGURATIONENTRY(current:id: "8788027e-81d1-4d47-afe3-241385989a54"
address: "10.1.0.11:15067"
dataStreamAddress: "10.1.0.11:15068"
clientAddress: "10.1.0.11:15065"
adminAddress: "10.1.0.11:15066"
startupRole: FOLLOWER
,id: "e6d6ce9d-4fd0-4987-92e7-1065424d9f29"
address: "10.1.0.11:15085"
priority: 1
dataStreamAddress: "10.1.0.11:15086"
clientAddress: "10.1.0.11:15083"
adminAddress: "10.1.0.11:15084"
startupRole: FOLLOWER
,id: "2f0e8030-05aa-4e91-b2c6-437482cdb37f"
address: "10.1.0.11:15076"
dataStreamAddress: "10.1.0.11:15077"
clientAddress: "10.1.0.11:15074"
adminAddress: "10.1.0.11:15075"
startupRole: FOLLOWER
, old:)
2023-09-07 20:30:42,771 [grpc-default-executor-7] INFO  server.GrpcServerProtocolService (GrpcServerProtocolService.java:lambda$onCompleted$5(157)) - 2f0e8030-05aa-4e91-b2c6-437482cdb37f: Completed APPEND_ENTRIES, lastReply: null
2023-09-07 20:30:42,775 [grpc-default-executor-0] INFO  server.GrpcServerProtocolService (GrpcServerProtocolService.java:onCompleted(155)) - 8788027e-81d1-4d47-afe3-241385989a54: Completed APPEND_ENTRIES, lastRequest: null
2023-09-07 20:30:42,775 [grpc-default-executor-0] INFO  server.GrpcServerProtocolService (GrpcServerProtocolService.java:lambda$onCompleted$5(157)) - 8788027e-81d1-4d47-afe3-241385989a54: Completed APPEND_ENTRIES, lastReply: serverReply {
  requestorId: "e6d6ce9d-4fd0-4987-92e7-1065424d9f29"
  replyId: "8788027e-81d1-4d47-afe3-241385989a54"
  raftGroupId {
    id: ".\242\243\300\376\246A\240\243\303To\274O\273U"
  }
  callId: 30
  success: true
}
term: 1
nextIndex: 1
matchIndex: 18446744073709551615
isHearbeat: true

2023-09-07 20:30:42,776 [grpc-default-executor-2] INFO  server.GrpcServerProtocolService (GrpcServerProtocolService.java:onCompleted(155)) - 8788027e-81d1-4d47-afe3-241385989a54: Completed APPEND_ENTRIES, lastRequest: e6d6ce9d-4fd0-4987-92e7-1065424d9f29->8788027e-81d1-4d47-afe3-241385989a54#1-t1,previous=(t:0, i:0),leaderCommit=-1,initializing? true,entries: size=1, first=(t:1, i:0), CONFIGURATIONENTRY(current:id: "8788027e-81d1-4d47-afe3-241385989a54"
address: "10.1.0.11:15067"
dataStreamAddress: "10.1.0.11:15068"
clientAddress: "10.1.0.11:15065"
adminAddress: "10.1.0.11:15066"
startupRole: FOLLOWER
,id: "e6d6ce9d-4fd0-4987-92e7-1065424d9f29"
address: "10.1.0.11:15085"
priority: 1
dataStreamAddress: "10.1.0.11:15086"
clientAddress: "10.1.0.11:15083"
adminAddress: "10.1.0.11:15084"
startupRole: FOLLOWER
,id: "2f0e8030-05aa-4e91-b2c6-437482cdb37f"
address: "10.1.0.11:15076"
dataStreamAddress: "10.1.0.11:15077"
clientAddress: "10.1.0.11:15074"
adminAddress: "10.1.0.11:15075"
startupRole: FOLLOWER
, old:)
2023-09-07 20:30:42,776 [grpc-default-executor-2] INFO  server.GrpcServerProtocolService (GrpcServerProtocolService.java:lambda$onCompleted$5(157)) - 8788027e-81d1-4d47-afe3-241385989a54: Completed APPEND_ENTRIES, lastReply: null
2023-09-07 20:30:42,778 [grpc-default-executor-8] INFO  server.GrpcServerProtocolService (GrpcServerProtocolService.java:onCompleted(155)) - 2f0e8030-05aa-4e91-b2c6-437482cdb37f: Completed APPEND_ENTRIES, lastRequest: null
2023-09-07 20:30:42,778 [grpc-default-executor-8] INFO  server.GrpcServerProtocolService (GrpcServerProtocolService.java:lambda$onCompleted$5(157)) - 2f0e8030-05aa-4e91-b2c6-437482cdb37f: Completed APPEND_ENTRIES, lastReply: serverReply {
  requestorId: "e6d6ce9d-4fd0-4987-92e7-1065424d9f29"
  replyId: "2f0e8030-05aa-4e91-b2c6-437482cdb37f"
  raftGroupId {
    id: ".\242\243\300\376\246A\240\243\303To\274O\273U"
  }
  callId: 30
  success: true
}
term: 1
nextIndex: 1
matchIndex: 18446744073709551615
isHearbeat: true

2023-09-07 20:30:42,779 [grpc-default-executor-9] INFO  server.GrpcLogAppender (GrpcLogAppender.java:onCompleted(428)) - e6d6ce9d-4fd0-4987-92e7-1065424d9f29@group-546FBC4FBB55->8788027e-81d1-4d47-afe3-241385989a54-AppendLogResponseHandler: follower responses appendEntries COMPLETED
2023-09-07 20:30:42,779 [grpc-default-executor-9] WARN  server.GrpcLogAppender (GrpcLogAppender.java:resetClient(137)) - e6d6ce9d-4fd0-4987-92e7-1065424d9f29@group-546FBC4FBB55->8788027e-81d1-4d47-afe3-241385989a54-GrpcLogAppender: Failed to getClient for 8788027e-81d1-4d47-afe3-241385989a54
org.apache.ratis.protocol.exceptions.AlreadyClosedException: e6d6ce9d-4fd0-4987-92e7-1065424d9f29 is already CLOSED
	at org.apache.ratis.util.PeerProxyMap$PeerAndProxy.getProxy(PeerProxyMap.java:61)
	at org.apache.ratis.util.PeerProxyMap.getProxy(PeerProxyMap.java:115)
	at org.apache.ratis.grpc.server.GrpcLogAppender.getClient(GrpcLogAppender.java:112)
	at org.apache.ratis.grpc.server.GrpcLogAppender.resetClient(GrpcLogAppender.java:117)
	at org.apache.ratis.grpc.server.GrpcLogAppender.access$500(GrpcLogAppender.java:56)
	at org.apache.ratis.grpc.server.GrpcLogAppender$AppendLogResponseHandler.onCompleted(GrpcLogAppender.java:429)
	at org.apache.ratis.thirdparty.io.grpc.stub.ClientCalls$StreamObserverToCallListenerAdapter.onClose(ClientCalls.java:485)
	at org.apache.ratis.thirdparty.io.grpc.internal.ClientCallImpl.closeObserver(ClientCallImpl.java:563)
	at org.apache.ratis.thirdparty.io.grpc.internal.ClientCallImpl.access$300(ClientCallImpl.java:70)
	at org.apache.ratis.thirdparty.io.grpc.internal.ClientCallImpl$ClientStreamListenerImpl$1StreamClosed.runInternal(ClientCallImpl.java:744)
	at org.apache.ratis.thirdparty.io.grpc.internal.ClientCallImpl$ClientStreamListenerImpl$1StreamClosed.runInContext(ClientCallImpl.java:723)
	at org.apache.ratis.thirdparty.io.grpc.internal.ContextRunnable.run(ContextRunnable.java:37)
	at org.apache.ratis.thirdparty.io.grpc.internal.SerializingExecutor.run(SerializingExecutor.java:133)
	at java.util.concurrent.ThreadPoolExecutor.runWorker(ThreadPoolExecutor.java:1149)
	at java.util.concurrent.ThreadPoolExecutor$Worker.run(ThreadPoolExecutor.java:624)
	at java.lang.Thread.run(Thread.java:750)
2023-09-07 20:30:42,780 [2f0e8030-05aa-4e91-b2c6-437482cdb37f-impl-thread4] INFO  server.RaftServer$Division (RaftServerImpl.java:lambda$close$4(466)) - 2f0e8030-05aa-4e91-b2c6-437482cdb37f@group-9A97E42B1E36: shutdown
2023-09-07 20:30:42,780 [2f0e8030-05aa-4e91-b2c6-437482cdb37f-impl-thread3] INFO  util.JmxRegister (JmxRegister.java:unregister(73)) - Successfully un-registered JMX Bean with object name Ratis:service=RaftServer,group=group-9DE9C3B524B1,id=2f0e8030-05aa-4e91-b2c6-437482cdb37f
2023-09-07 20:30:42,780 [2f0e8030-05aa-4e91-b2c6-437482cdb37f-impl-thread3] INFO  impl.RoleInfo (RoleInfo.java:shutdownLeaderState(93)) - 2f0e8030-05aa-4e91-b2c6-437482cdb37f: shutdown 2f0e8030-05aa-4e91-b2c6-437482cdb37f@group-9DE9C3B524B1-LeaderStateImpl
2023-09-07 20:30:42,780 [2f0e8030-05aa-4e91-b2c6-437482cdb37f-impl-thread3] INFO  impl.PendingRequests (PendingRequests.java:sendNotLeaderResponses(289)) - 2f0e8030-05aa-4e91-b2c6-437482cdb37f@group-9DE9C3B524B1-PendingRequests: sendNotLeaderResponses
2023-09-07 20:30:42,781 [2f0e8030-05aa-4e91-b2c6-437482cdb37f-impl-thread4] INFO  util.JmxRegister (JmxRegister.java:unregister(73)) - Successfully un-registered JMX Bean with object name Ratis:service=RaftServer,group=group-9A97E42B1E36,id=2f0e8030-05aa-4e91-b2c6-437482cdb37f
2023-09-07 20:30:42,781 [2f0e8030-05aa-4e91-b2c6-437482cdb37f-impl-thread4] INFO  impl.RoleInfo (RoleInfo.java:shutdownLeaderState(93)) - 2f0e8030-05aa-4e91-b2c6-437482cdb37f: shutdown 2f0e8030-05aa-4e91-b2c6-437482cdb37f@group-9A97E42B1E36-LeaderStateImpl
2023-09-07 20:30:42,781 [2f0e8030-05aa-4e91-b2c6-437482cdb37f-impl-thread4] INFO  impl.PendingRequests (PendingRequests.java:sendNotLeaderResponses(289)) - 2f0e8030-05aa-4e91-b2c6-437482cdb37f@group-9A97E42B1E36-PendingRequests: sendNotLeaderResponses
2023-09-07 20:30:42,781 [2f0e8030-05aa-4e91-b2c6-437482cdb37f@group-9A97E42B1E36->e6d6ce9d-4fd0-4987-92e7-1065424d9f29-GrpcLogAppender-LogAppenderDaemon] WARN  server.GrpcLogAppender (GrpcLogAppender.java:mayWait(199)) - 2f0e8030-05aa-4e91-b2c6-437482cdb37f@group-9A97E42B1E36->e6d6ce9d-4fd0-4987-92e7-1065424d9f29-GrpcLogAppender: Wait interrupted by java.lang.InterruptedException
2023-09-07 20:30:42,781 [2f0e8030-05aa-4e91-b2c6-437482cdb37f@group-9A97E42B1E36->8788027e-81d1-4d47-afe3-241385989a54-GrpcLogAppender-LogAppenderDaemon] WARN  server.GrpcLogAppender (GrpcLogAppender.java:mayWait(199)) - 2f0e8030-05aa-4e91-b2c6-437482cdb37f@group-9A97E42B1E36->8788027e-81d1-4d47-afe3-241385989a54-GrpcLogAppender: Wait interrupted by java.lang.InterruptedException
2023-09-07 20:30:42,782 [grpc-default-executor-9] INFO  server.GrpcServerProtocolService (GrpcServerProtocolService.java:onCompleted(155)) - 8788027e-81d1-4d47-afe3-241385989a54: Completed APPEND_ENTRIES, lastRequest: 2f0e8030-05aa-4e91-b2c6-437482cdb37f->8788027e-81d1-4d47-afe3-241385989a54#81-t1,previous=(t:1, i:29),leaderCommit=28,initializing? true,entries: size=1, first=(t:1, i:30), METADATAENTRY(c:28)
2023-09-07 20:30:42,782 [e6d6ce9d-4fd0-4987-92e7-1065424d9f29@group-9A97E42B1E36-StateMachineUpdater] INFO  ratis.ContainerStateMachine (ContainerStateMachine.java:takeSnapshot(330)) - group-9A97E42B1E36: Taking a snapshot at:(t:1, i:28) file /home/runner/work/ozone/ozone/hadoop-ozone/integration-test/target/test-dir/MiniOzoneClusterImpl-6e39530a-abb5-4f3a-bb3c-e5f572b2b70f/datanode-2/data/ratis/808d1a94-13a3-43c1-b3f2-9a97e42b1e36/sm/snapshot.1_28
2023-09-07 20:30:42,782 [grpc-default-executor-9] INFO  server.GrpcServerProtocolService (GrpcServerProtocolService.java:lambda$onCompleted$5(157)) - 8788027e-81d1-4d47-afe3-241385989a54: Completed APPEND_ENTRIES, lastReply: null
2023-09-07 20:30:42,783 [2f0e8030-05aa-4e91-b2c6-437482cdb37f@group-546FBC4FBB55-StateMachineUpdater] INFO  ratis.ContainerStateMachine (ContainerStateMachine.java:takeSnapshot(330)) - group-546FBC4FBB55: Taking a snapshot at:(t:1, i:0) file /home/runner/work/ozone/ozone/hadoop-ozone/integration-test/target/test-dir/MiniOzoneClusterImpl-6e39530a-abb5-4f3a-bb3c-e5f572b2b70f/datanode-1/data/ratis/2ea2a3c0-fea6-41a0-a3c3-546fbc4fbb55/sm/snapshot.1_0
2023-09-07 20:30:42,784 [e6d6ce9d-4fd0-4987-92e7-1065424d9f29-impl-thread4] INFO  impl.StateMachineUpdater (StateMachineUpdater.java:stopAndJoin(155)) - e6d6ce9d-4fd0-4987-92e7-1065424d9f29@group-2E97BE5E65B8-StateMachineUpdater: set stopIndex = 0
2023-09-07 20:30:42,784 [e6d6ce9d-4fd0-4987-92e7-1065424d9f29-impl-thread2] INFO  impl.StateMachineUpdater (StateMachineUpdater.java:stopAndJoin(155)) - e6d6ce9d-4fd0-4987-92e7-1065424d9f29@group-546FBC4FBB55-StateMachineUpdater: set stopIndex = 0
2023-09-07 20:30:42,784 [2f0e8030-05aa-4e91-b2c6-437482cdb37f@group-546FBC4FBB55-StateMachineUpdater] INFO  ratis.ContainerStateMachine (ContainerStateMachine.java:takeSnapshot(341)) - group-546FBC4FBB55: Finished taking a snapshot at:(t:1, i:0) file:/home/runner/work/ozone/ozone/hadoop-ozone/integration-test/target/test-dir/MiniOzoneClusterImpl-6e39530a-abb5-4f3a-bb3c-e5f572b2b70f/datanode-1/data/ratis/2ea2a3c0-fea6-41a0-a3c3-546fbc4fbb55/sm/snapshot.1_0 took: 1 ms
2023-09-07 20:30:42,784 [2f0e8030-05aa-4e91-b2c6-437482cdb37f-impl-thread3] INFO  impl.StateMachineUpdater (StateMachineUpdater.java:stopAndJoin(155)) - 2f0e8030-05aa-4e91-b2c6-437482cdb37f@group-9DE9C3B524B1-StateMachineUpdater: set stopIndex = 0
2023-09-07 20:30:42,785 [e6d6ce9d-4fd0-4987-92e7-1065424d9f29@group-2E97BE5E65B8-StateMachineUpdater] INFO  ratis.ContainerStateMachine (ContainerStateMachine.java:takeSnapshot(330)) - group-2E97BE5E65B8: Taking a snapshot at:(t:1, i:0) file /home/runner/work/ozone/ozone/hadoop-ozone/integration-test/target/test-dir/MiniOzoneClusterImpl-6e39530a-abb5-4f3a-bb3c-e5f572b2b70f/datanode-2/data/ratis/1548aea4-bc36-4ac5-a4f6-2e97be5e65b8/sm/snapshot.1_0
2023-09-07 20:30:42,785 [e6d6ce9d-4fd0-4987-92e7-1065424d9f29@group-546FBC4FBB55-StateMachineUpdater] INFO  ratis.ContainerStateMachine (ContainerStateMachine.java:takeSnapshot(330)) - group-546FBC4FBB55: Taking a snapshot at:(t:1, i:0) file /home/runner/work/ozone/ozone/hadoop-ozone/integration-test/target/test-dir/MiniOzoneClusterImpl-6e39530a-abb5-4f3a-bb3c-e5f572b2b70f/datanode-2/data/ratis/2ea2a3c0-fea6-41a0-a3c3-546fbc4fbb55/sm/snapshot.1_0
2023-09-07 20:30:42,785 [2f0e8030-05aa-4e91-b2c6-437482cdb37f@group-9DE9C3B524B1-StateMachineUpdater] INFO  ratis.ContainerStateMachine (ContainerStateMachine.java:takeSnapshot(330)) - group-9DE9C3B524B1: Taking a snapshot at:(t:1, i:0) file /home/runner/work/ozone/ozone/hadoop-ozone/integration-test/target/test-dir/MiniOzoneClusterImpl-6e39530a-abb5-4f3a-bb3c-e5f572b2b70f/datanode-1/data/ratis/ce95868c-645b-429f-ad82-9de9c3b524b1/sm/snapshot.1_0
2023-09-07 20:30:42,785 [e6d6ce9d-4fd0-4987-92e7-1065424d9f29@group-2E97BE5E65B8-StateMachineUpdater] INFO  ratis.ContainerStateMachine (ContainerStateMachine.java:takeSnapshot(341)) - group-2E97BE5E65B8: Finished taking a snapshot at:(t:1, i:0) file:/home/runner/work/ozone/ozone/hadoop-ozone/integration-test/target/test-dir/MiniOzoneClusterImpl-6e39530a-abb5-4f3a-bb3c-e5f572b2b70f/datanode-2/data/ratis/1548aea4-bc36-4ac5-a4f6-2e97be5e65b8/sm/snapshot.1_0 took: 1 ms
2023-09-07 20:30:42,786 [2f0e8030-05aa-4e91-b2c6-437482cdb37f@group-9DE9C3B524B1-StateMachineUpdater] INFO  ratis.ContainerStateMachine (ContainerStateMachine.java:takeSnapshot(341)) - group-9DE9C3B524B1: Finished taking a snapshot at:(t:1, i:0) file:/home/runner/work/ozone/ozone/hadoop-ozone/integration-test/target/test-dir/MiniOzoneClusterImpl-6e39530a-abb5-4f3a-bb3c-e5f572b2b70f/datanode-1/data/ratis/ce95868c-645b-429f-ad82-9de9c3b524b1/sm/snapshot.1_0 took: 1 ms
2023-09-07 20:30:42,786 [e6d6ce9d-4fd0-4987-92e7-1065424d9f29@group-546FBC4FBB55-StateMachineUpdater] INFO  ratis.ContainerStateMachine (ContainerStateMachine.java:takeSnapshot(341)) - group-546FBC4FBB55: Finished taking a snapshot at:(t:1, i:0) file:/home/runner/work/ozone/ozone/hadoop-ozone/integration-test/target/test-dir/MiniOzoneClusterImpl-6e39530a-abb5-4f3a-bb3c-e5f572b2b70f/datanode-2/data/ratis/2ea2a3c0-fea6-41a0-a3c3-546fbc4fbb55/sm/snapshot.1_0 took: 1 ms
2023-09-07 20:30:42,789 [e6d6ce9d-4fd0-4987-92e7-1065424d9f29@group-546FBC4FBB55-StateMachineUpdater] INFO  impl.StateMachineUpdater (StateMachineUpdater.java:takeSnapshot(291)) - e6d6ce9d-4fd0-4987-92e7-1065424d9f29@group-546FBC4FBB55-StateMachineUpdater: Took a snapshot at index 0
2023-09-07 20:30:42,789 [e6d6ce9d-4fd0-4987-92e7-1065424d9f29@group-546FBC4FBB55-StateMachineUpdater] INFO  impl.StateMachineUpdater (StateMachineUpdater.java:lambda$new$0(97)) - e6d6ce9d-4fd0-4987-92e7-1065424d9f29@group-546FBC4FBB55-StateMachineUpdater: snapshotIndex: updateIncreasingly -1 -> 0
2023-09-07 20:30:42,790 [2f0e8030-05aa-4e91-b2c6-437482cdb37f@group-546FBC4FBB55-StateMachineUpdater] INFO  impl.StateMachineUpdater (StateMachineUpdater.java:takeSnapshot(291)) - 2f0e8030-05aa-4e91-b2c6-437482cdb37f@group-546FBC4FBB55-StateMachineUpdater: Took a snapshot at index 0
2023-09-07 20:30:42,790 [2f0e8030-05aa-4e91-b2c6-437482cdb37f@group-546FBC4FBB55-StateMachineUpdater] INFO  impl.StateMachineUpdater (StateMachineUpdater.java:lambda$new$0(97)) - 2f0e8030-05aa-4e91-b2c6-437482cdb37f@group-546FBC4FBB55-StateMachineUpdater: snapshotIndex: updateIncreasingly -1 -> 0
2023-09-07 20:30:42,790 [e6d6ce9d-4fd0-4987-92e7-1065424d9f29-impl-thread2] INFO  server.RaftServer$Division (ServerState.java:close(472)) - e6d6ce9d-4fd0-4987-92e7-1065424d9f29@group-546FBC4FBB55: closes. applyIndex: 0
2023-09-07 20:30:42,790 [2f0e8030-05aa-4e91-b2c6-437482cdb37f@group-9DE9C3B524B1-StateMachineUpdater] INFO  impl.StateMachineUpdater (StateMachineUpdater.java:takeSnapshot(291)) - 2f0e8030-05aa-4e91-b2c6-437482cdb37f@group-9DE9C3B524B1-StateMachineUpdater: Took a snapshot at index 0
2023-09-07 20:30:42,790 [2f0e8030-05aa-4e91-b2c6-437482cdb37f-impl-thread2] INFO  server.RaftServer$Division (ServerState.java:close(472)) - 2f0e8030-05aa-4e91-b2c6-437482cdb37f@group-546FBC4FBB55: closes. applyIndex: 0
2023-09-07 20:30:42,790 [e6d6ce9d-4fd0-4987-92e7-1065424d9f29@group-2E97BE5E65B8-StateMachineUpdater] INFO  impl.StateMachineUpdater (StateMachineUpdater.java:takeSnapshot(291)) - e6d6ce9d-4fd0-4987-92e7-1065424d9f29@group-2E97BE5E65B8-StateMachineUpdater: Took a snapshot at index 0
2023-09-07 20:30:42,790 [e6d6ce9d-4fd0-4987-92e7-1065424d9f29@group-2E97BE5E65B8-StateMachineUpdater] INFO  impl.StateMachineUpdater (StateMachineUpdater.java:lambda$new$0(97)) - e6d6ce9d-4fd0-4987-92e7-1065424d9f29@group-2E97BE5E65B8-StateMachineUpdater: snapshotIndex: updateIncreasingly -1 -> 0
2023-09-07 20:30:42,790 [2f0e8030-05aa-4e91-b2c6-437482cdb37f@group-9DE9C3B524B1-StateMachineUpdater] INFO  impl.StateMachineUpdater (StateMachineUpdater.java:lambda$new$0(97)) - 2f0e8030-05aa-4e91-b2c6-437482cdb37f@group-9DE9C3B524B1-StateMachineUpdater: snapshotIndex: updateIncreasingly -1 -> 0
2023-09-07 20:30:42,790 [e6d6ce9d-4fd0-4987-92e7-1065424d9f29-impl-thread4] INFO  server.RaftServer$Division (ServerState.java:close(472)) - e6d6ce9d-4fd0-4987-92e7-1065424d9f29@group-2E97BE5E65B8: closes. applyIndex: 0
2023-09-07 20:30:42,791 [2f0e8030-05aa-4e91-b2c6-437482cdb37f-impl-thread3] INFO  server.RaftServer$Division (ServerState.java:close(472)) - 2f0e8030-05aa-4e91-b2c6-437482cdb37f@group-9DE9C3B524B1: closes. applyIndex: 0
2023-09-07 20:30:42,791 [e6d6ce9d-4fd0-4987-92e7-1065424d9f29@group-9A97E42B1E36-StateMachineUpdater] INFO  ratis.ContainerStateMachine (ContainerStateMachine.java:takeSnapshot(341)) - group-9A97E42B1E36: Finished taking a snapshot at:(t:1, i:28) file:/home/runner/work/ozone/ozone/hadoop-ozone/integration-test/target/test-dir/MiniOzoneClusterImpl-6e39530a-abb5-4f3a-bb3c-e5f572b2b70f/datanode-2/data/ratis/808d1a94-13a3-43c1-b3f2-9a97e42b1e36/sm/snapshot.1_28 took: 8 ms
2023-09-07 20:30:42,791 [e6d6ce9d-4fd0-4987-92e7-1065424d9f29@group-9A97E42B1E36-StateMachineUpdater] INFO  impl.StateMachineUpdater (StateMachineUpdater.java:takeSnapshot(291)) - e6d6ce9d-4fd0-4987-92e7-1065424d9f29@group-9A97E42B1E36-StateMachineUpdater: Took a snapshot at index 28
2023-09-07 20:30:42,791 [e6d6ce9d-4fd0-4987-92e7-1065424d9f29@group-9A97E42B1E36-StateMachineUpdater] INFO  impl.StateMachineUpdater (StateMachineUpdater.java:lambda$new$0(97)) - e6d6ce9d-4fd0-4987-92e7-1065424d9f29@group-9A97E42B1E36-StateMachineUpdater: snapshotIndex: updateIncreasingly -1 -> 28
2023-09-07 20:30:42,792 [e6d6ce9d-4fd0-4987-92e7-1065424d9f29-impl-thread3] INFO  server.RaftServer$Division (ServerState.java:close(472)) - e6d6ce9d-4fd0-4987-92e7-1065424d9f29@group-9A97E42B1E36: closes. applyIndex: 28
2023-09-07 20:30:42,792 [grpc-default-executor-9] INFO  server.GrpcServerProtocolService (GrpcServerProtocolService.java:onCompleted(155)) - e6d6ce9d-4fd0-4987-92e7-1065424d9f29: Completed APPEND_ENTRIES, lastRequest: null
2023-09-07 20:30:42,792 [grpc-default-executor-9] INFO  server.GrpcServerProtocolService (GrpcServerProtocolService.java:lambda$onCompleted$5(157)) - e6d6ce9d-4fd0-4987-92e7-1065424d9f29: Completed APPEND_ENTRIES, lastReply: serverReply {
  requestorId: "2f0e8030-05aa-4e91-b2c6-437482cdb37f"
  replyId: "e6d6ce9d-4fd0-4987-92e7-1065424d9f29"
  raftGroupId {
    id: "\200\215\032\224\023\243C\301\263\362\232\227\344+\0366"
  }
  callId: 75
  success: true
}
term: 1
nextIndex: 27
followerCommit: 26
matchIndex: 18446744073709551615
isHearbeat: true

2023-09-07 20:30:42,793 [Thread-1051] INFO  server.GrpcServerProtocolClient (GrpcServerProtocolClient.java:close(103)) - 2f0e8030-05aa-4e91-b2c6-437482cdb37f Close channels
2023-09-07 20:30:42,793 [grpc-default-executor-11] INFO  server.GrpcServerProtocolService (GrpcServerProtocolService.java:onCompleted(155)) - e6d6ce9d-4fd0-4987-92e7-1065424d9f29: Completed APPEND_ENTRIES, lastRequest: 2f0e8030-05aa-4e91-b2c6-437482cdb37f->e6d6ce9d-4fd0-4987-92e7-1065424d9f29#79-t1,previous=(t:1, i:29),leaderCommit=28,initializing? true,entries: size=1, first=(t:1, i:30), METADATAENTRY(c:28)
2023-09-07 20:30:42,794 [grpc-default-executor-11] INFO  server.GrpcServerProtocolService (GrpcServerProtocolService.java:lambda$onCompleted$5(157)) - e6d6ce9d-4fd0-4987-92e7-1065424d9f29: Completed APPEND_ENTRIES, lastReply: null
2023-09-07 20:30:42,811 [grpc-default-executor-7] WARN  server.GrpcClientProtocolService (LogUtils.java:warn(122)) - 2-OrderedRequestStreamObserver2: onError: org.apache.ratis.thirdparty.io.grpc.StatusRuntimeException: CANCELLED: client cancelled
2023-09-07 20:30:42,812 [grpc-default-executor-12] INFO  server.GrpcLogAppender (GrpcLogAppender.java:onCompleted(428)) - 2f0e8030-05aa-4e91-b2c6-437482cdb37f@group-9A97E42B1E36->8788027e-81d1-4d47-afe3-241385989a54-AppendLogResponseHandler: follower responses appendEntries COMPLETED
2023-09-07 20:30:42,815 [grpc-default-executor-12] INFO  leader.FollowerInfo (FollowerInfoImpl.java:lambda$new$0(52)) - 2f0e8030-05aa-4e91-b2c6-437482cdb37f@group-9A97E42B1E36->8788027e-81d1-4d47-afe3-241385989a54: decreaseNextIndex nextIndex: updateUnconditionally 31 -> 30
2023-09-07 20:30:42,818 [grpc-default-executor-7] INFO  server.GrpcServerProtocolService (GrpcServerProtocolService.java:onCompleted(155)) - 8788027e-81d1-4d47-afe3-241385989a54: Completed APPEND_ENTRIES, lastRequest: null
2023-09-07 20:30:42,819 [grpc-default-executor-7] INFO  server.GrpcServerProtocolService (GrpcServerProtocolService.java:lambda$onCompleted$5(157)) - 8788027e-81d1-4d47-afe3-241385989a54: Completed APPEND_ENTRIES, lastReply: serverReply {
  requestorId: "2f0e8030-05aa-4e91-b2c6-437482cdb37f"
  replyId: "8788027e-81d1-4d47-afe3-241385989a54"
  raftGroupId {
    id: "\200\215\032\224\023\243C\301\263\362\232\227\344+\0366"
  }
  callId: 77
  success: true
}
term: 1
nextIndex: 27
followerCommit: 26
matchIndex: 18446744073709551615
isHearbeat: true

2023-09-07 20:30:42,819 [grpc-default-executor-10] INFO  server.GrpcLogAppender (GrpcLogAppender.java:onCompleted(428)) - e6d6ce9d-4fd0-4987-92e7-1065424d9f29@group-546FBC4FBB55->2f0e8030-05aa-4e91-b2c6-437482cdb37f-AppendLogResponseHandler: follower responses appendEntries COMPLETED
2023-09-07 20:30:42,819 [grpc-default-executor-10] WARN  server.GrpcLogAppender (GrpcLogAppender.java:resetClient(137)) - e6d6ce9d-4fd0-4987-92e7-1065424d9f29@group-546FBC4FBB55->2f0e8030-05aa-4e91-b2c6-437482cdb37f-GrpcLogAppender: Failed to getClient for 2f0e8030-05aa-4e91-b2c6-437482cdb37f
org.apache.ratis.protocol.exceptions.AlreadyClosedException: e6d6ce9d-4fd0-4987-92e7-1065424d9f29 is already CLOSED
	at org.apache.ratis.util.PeerProxyMap$PeerAndProxy.getProxy(PeerProxyMap.java:61)
	at org.apache.ratis.util.PeerProxyMap.getProxy(PeerProxyMap.java:115)
	at org.apache.ratis.grpc.server.GrpcLogAppender.getClient(GrpcLogAppender.java:112)
	at org.apache.ratis.grpc.server.GrpcLogAppender.resetClient(GrpcLogAppender.java:117)
	at org.apache.ratis.grpc.server.GrpcLogAppender.access$500(GrpcLogAppender.java:56)
	at org.apache.ratis.grpc.server.GrpcLogAppender$AppendLogResponseHandler.onCompleted(GrpcLogAppender.java:429)
	at org.apache.ratis.thirdparty.io.grpc.stub.ClientCalls$StreamObserverToCallListenerAdapter.onClose(ClientCalls.java:485)
	at org.apache.ratis.thirdparty.io.grpc.internal.DelayedClientCall$DelayedListener$3.run(DelayedClientCall.java:471)
	at org.apache.ratis.thirdparty.io.grpc.internal.DelayedClientCall$DelayedListener.delayOrExecute(DelayedClientCall.java:435)
	at org.apache.ratis.thirdparty.io.grpc.internal.DelayedClientCall$DelayedListener.onClose(DelayedClientCall.java:468)
	at org.apache.ratis.thirdparty.io.grpc.internal.ClientCallImpl.closeObserver(ClientCallImpl.java:563)
	at org.apache.ratis.thirdparty.io.grpc.internal.ClientCallImpl.access$300(ClientCallImpl.java:70)
	at org.apache.ratis.thirdparty.io.grpc.internal.ClientCallImpl$ClientStreamListenerImpl$1StreamClosed.runInternal(ClientCallImpl.java:744)
	at org.apache.ratis.thirdparty.io.grpc.internal.ClientCallImpl$ClientStreamListenerImpl$1StreamClosed.runInContext(ClientCallImpl.java:723)
	at org.apache.ratis.thirdparty.io.grpc.internal.ContextRunnable.run(ContextRunnable.java:37)
	at org.apache.ratis.thirdparty.io.grpc.internal.SerializingExecutor.run(SerializingExecutor.java:133)
	at java.util.concurrent.ThreadPoolExecutor.runWorker(ThreadPoolExecutor.java:1149)
	at java.util.concurrent.ThreadPoolExecutor$Worker.run(ThreadPoolExecutor.java:624)
	at java.lang.Thread.run(Thread.java:750)
2023-09-07 20:30:42,820 [grpc-default-executor-0] INFO  server.GrpcLogAppender (GrpcLogAppender.java:onCompleted(428)) - 2f0e8030-05aa-4e91-b2c6-437482cdb37f@group-9A97E42B1E36->e6d6ce9d-4fd0-4987-92e7-1065424d9f29-AppendLogResponseHandler: follower responses appendEntries COMPLETED
2023-09-07 20:30:42,821 [grpc-default-executor-7] INFO  server.GrpcLogAppender (GrpcLogAppender.java:onCompleted(428)) - e6d6ce9d-4fd0-4987-92e7-1065424d9f29@group-546FBC4FBB55->2f0e8030-05aa-4e91-b2c6-437482cdb37f-AppendLogResponseHandler: follower responses appendEntries COMPLETED
2023-09-07 20:30:42,821 [grpc-default-executor-7] WARN  server.GrpcLogAppender (GrpcLogAppender.java:resetClient(137)) - e6d6ce9d-4fd0-4987-92e7-1065424d9f29@group-546FBC4FBB55->2f0e8030-05aa-4e91-b2c6-437482cdb37f-GrpcLogAppender: Failed to getClient for 2f0e8030-05aa-4e91-b2c6-437482cdb37f
org.apache.ratis.protocol.exceptions.AlreadyClosedException: e6d6ce9d-4fd0-4987-92e7-1065424d9f29 is already CLOSED
	at org.apache.ratis.util.PeerProxyMap$PeerAndProxy.getProxy(PeerProxyMap.java:61)
	at org.apache.ratis.util.PeerProxyMap.getProxy(PeerProxyMap.java:115)
	at org.apache.ratis.grpc.server.GrpcLogAppender.getClient(GrpcLogAppender.java:112)
	at org.apache.ratis.grpc.server.GrpcLogAppender.resetClient(GrpcLogAppender.java:117)
	at org.apache.ratis.grpc.server.GrpcLogAppender.access$500(GrpcLogAppender.java:56)
	at org.apache.ratis.grpc.server.GrpcLogAppender$AppendLogResponseHandler.onCompleted(GrpcLogAppender.java:429)
	at org.apache.ratis.thirdparty.io.grpc.stub.ClientCalls$StreamObserverToCallListenerAdapter.onClose(ClientCalls.java:485)
	at org.apache.ratis.thirdparty.io.grpc.internal.ClientCallImpl.closeObserver(ClientCallImpl.java:563)
	at org.apache.ratis.thirdparty.io.grpc.internal.ClientCallImpl.access$300(ClientCallImpl.java:70)
	at org.apache.ratis.thirdparty.io.grpc.internal.ClientCallImpl$ClientStreamListenerImpl$1StreamClosed.runInternal(ClientCallImpl.java:744)
	at org.apache.ratis.thirdparty.io.grpc.internal.ClientCallImpl$ClientStreamListenerImpl$1StreamClosed.runInContext(ClientCallImpl.java:723)
	at org.apache.ratis.thirdparty.io.grpc.internal.ContextRunnable.run(ContextRunnable.java:37)
	at org.apache.ratis.thirdparty.io.grpc.internal.SerializingExecutor.run(SerializingExecutor.java:133)
	at java.util.concurrent.ThreadPoolExecutor.runWorker(ThreadPoolExecutor.java:1149)
	at java.util.concurrent.ThreadPoolExecutor$Worker.run(ThreadPoolExecutor.java:624)
	at java.lang.Thread.run(Thread.java:750)
2023-09-07 20:30:42,822 [grpc-default-executor-12] WARN  server.GrpcClientProtocolService (LogUtils.java:warn(122)) - 3-UnorderedRequestStreamObserver3: onError: org.apache.ratis.thirdparty.io.grpc.StatusRuntimeException: CANCELLED: client cancelled
2023-09-07 20:30:42,822 [grpc-default-executor-14] INFO  server.GrpcLogAppender (GrpcLogAppender.java:onCompleted(428)) - e6d6ce9d-4fd0-4987-92e7-1065424d9f29@group-546FBC4FBB55->8788027e-81d1-4d47-afe3-241385989a54-AppendLogResponseHandler: follower responses appendEntries COMPLETED
2023-09-07 20:30:42,822 [grpc-default-executor-14] WARN  server.GrpcLogAppender (GrpcLogAppender.java:resetClient(137)) - e6d6ce9d-4fd0-4987-92e7-1065424d9f29@group-546FBC4FBB55->8788027e-81d1-4d47-afe3-241385989a54-GrpcLogAppender: Failed to getClient for 8788027e-81d1-4d47-afe3-241385989a54
org.apache.ratis.protocol.exceptions.AlreadyClosedException: e6d6ce9d-4fd0-4987-92e7-1065424d9f29 is already CLOSED
	at org.apache.ratis.util.PeerProxyMap$PeerAndProxy.getProxy(PeerProxyMap.java:61)
	at org.apache.ratis.util.PeerProxyMap.getProxy(PeerProxyMap.java:115)
	at org.apache.ratis.grpc.server.GrpcLogAppender.getClient(GrpcLogAppender.java:112)
	at org.apache.ratis.grpc.server.GrpcLogAppender.resetClient(GrpcLogAppender.java:117)
	at org.apache.ratis.grpc.server.GrpcLogAppender.access$500(GrpcLogAppender.java:56)
	at org.apache.ratis.grpc.server.GrpcLogAppender$AppendLogResponseHandler.onCompleted(GrpcLogAppender.java:429)
	at org.apache.ratis.thirdparty.io.grpc.stub.ClientCalls$StreamObserverToCallListenerAdapter.onClose(ClientCalls.java:485)
	at org.apache.ratis.thirdparty.io.grpc.internal.ClientCallImpl.closeObserver(ClientCallImpl.java:563)
	at org.apache.ratis.thirdparty.io.grpc.internal.ClientCallImpl.access$300(ClientCallImpl.java:70)
	at org.apache.ratis.thirdparty.io.grpc.internal.ClientCallImpl$ClientStreamListenerImpl$1StreamClosed.runInternal(ClientCallImpl.java:744)
	at org.apache.ratis.thirdparty.io.grpc.internal.ClientCallImpl$ClientStreamListenerImpl$1StreamClosed.runInContext(ClientCallImpl.java:723)
	at org.apache.ratis.thirdparty.io.grpc.internal.ContextRunnable.run(ContextRunnable.java:37)
	at org.apache.ratis.thirdparty.io.grpc.internal.SerializingExecutor.run(SerializingExecutor.java:133)
	at java.util.concurrent.ThreadPoolExecutor.runWorker(ThreadPoolExecutor.java:1149)
	at java.util.concurrent.ThreadPoolExecutor$Worker.run(ThreadPoolExecutor.java:624)
	at java.lang.Thread.run(Thread.java:750)
2023-09-07 20:30:42,824 [ForkJoinPool.commonPool-worker-0] INFO  ozoneimpl.OzoneContainer (OzoneContainer.java:stop(451)) - Attempting to stop container services.
2023-09-07 20:30:42,823 [Thread-1052] INFO  server.GrpcServerProtocolClient (GrpcServerProtocolClient.java:close(103)) - e6d6ce9d-4fd0-4987-92e7-1065424d9f29 Close channels
2023-09-07 20:30:42,823 [Thread-1053] INFO  server.GrpcServerProtocolClient (GrpcServerProtocolClient.java:close(103)) - 8788027e-81d1-4d47-afe3-241385989a54 Close channels
2023-09-07 20:30:42,825 [ForkJoinPool.commonPool-worker-0] INFO  server.RaftServer (RaftServerProxy.java:lambda$close$6(416)) - 8788027e-81d1-4d47-afe3-241385989a54: close
2023-09-07 20:30:42,826 [8788027e-81d1-4d47-afe3-241385989a54-impl-thread2] INFO  server.RaftServer$Division (RaftServerImpl.java:lambda$close$4(466)) - 8788027e-81d1-4d47-afe3-241385989a54@group-546FBC4FBB55: shutdown
2023-09-07 20:30:42,826 [8788027e-81d1-4d47-afe3-241385989a54-impl-thread2] INFO  util.JmxRegister (JmxRegister.java:unregister(73)) - Successfully un-registered JMX Bean with object name Ratis:service=RaftServer,group=group-546FBC4FBB55,id=8788027e-81d1-4d47-afe3-241385989a54
2023-09-07 20:30:42,820 [grpc-default-executor-0] INFO  leader.FollowerInfo (FollowerInfoImpl.java:lambda$new$0(52)) - 2f0e8030-05aa-4e91-b2c6-437482cdb37f@group-9A97E42B1E36->e6d6ce9d-4fd0-4987-92e7-1065424d9f29: decreaseNextIndex nextIndex: updateUnconditionally 31 -> 30
2023-09-07 20:30:42,828 [8788027e-81d1-4d47-afe3-241385989a54-impl-thread2] INFO  impl.RoleInfo (RoleInfo.java:shutdownFollowerState(110)) - 8788027e-81d1-4d47-afe3-241385989a54: shutdown 8788027e-81d1-4d47-afe3-241385989a54@group-546FBC4FBB55-FollowerState
2023-09-07 20:30:42,831 [8788027e-81d1-4d47-afe3-241385989a54-impl-thread3] INFO  server.RaftServer$Division (RaftServerImpl.java:lambda$close$4(466)) - 8788027e-81d1-4d47-afe3-241385989a54@group-9A97E42B1E36: shutdown
2023-09-07 20:30:42,831 [8788027e-81d1-4d47-afe3-241385989a54-impl-thread3] INFO  util.JmxRegister (JmxRegister.java:unregister(73)) - Successfully un-registered JMX Bean with object name Ratis:service=RaftServer,group=group-9A97E42B1E36,id=8788027e-81d1-4d47-afe3-241385989a54
2023-09-07 20:30:42,832 [8788027e-81d1-4d47-afe3-241385989a54-impl-thread3] INFO  impl.RoleInfo (RoleInfo.java:shutdownFollowerState(110)) - 8788027e-81d1-4d47-afe3-241385989a54: shutdown 8788027e-81d1-4d47-afe3-241385989a54@group-9A97E42B1E36-FollowerState
2023-09-07 20:30:42,832 [ForkJoinPool.commonPool-worker-0] INFO  server.GrpcService (GrpcService.java:closeImpl(311)) - 8788027e-81d1-4d47-afe3-241385989a54: shutdown server org.apache.ratis.grpc.server.GrpcClientProtocolService now
2023-09-07 20:30:42,832 [8788027e-81d1-4d47-afe3-241385989a54@group-546FBC4FBB55-FollowerState] INFO  impl.FollowerState (FollowerState.java:run(152)) - 8788027e-81d1-4d47-afe3-241385989a54@group-546FBC4FBB55-FollowerState was interrupted
2023-09-07 20:30:42,835 [grpc-default-executor-8] INFO  server.GrpcLogAppender (GrpcLogAppender.java:onCompleted(428)) - 2f0e8030-05aa-4e91-b2c6-437482cdb37f@group-9A97E42B1E36->8788027e-81d1-4d47-afe3-241385989a54-AppendLogResponseHandler: follower responses appendEntries COMPLETED
2023-09-07 20:30:42,835 [grpc-default-executor-8] WARN  server.GrpcLogAppender (GrpcLogAppender.java:resetClient(137)) - 2f0e8030-05aa-4e91-b2c6-437482cdb37f@group-9A97E42B1E36->8788027e-81d1-4d47-afe3-241385989a54-GrpcLogAppender: Failed to getClient for 8788027e-81d1-4d47-afe3-241385989a54
org.apache.ratis.protocol.exceptions.AlreadyClosedException: 2f0e8030-05aa-4e91-b2c6-437482cdb37f is already CLOSED
	at org.apache.ratis.util.PeerProxyMap$PeerAndProxy.getProxy(PeerProxyMap.java:61)
	at org.apache.ratis.util.PeerProxyMap.getProxy(PeerProxyMap.java:115)
	at org.apache.ratis.grpc.server.GrpcLogAppender.getClient(GrpcLogAppender.java:112)
	at org.apache.ratis.grpc.server.GrpcLogAppender.resetClient(GrpcLogAppender.java:117)
	at org.apache.ratis.grpc.server.GrpcLogAppender.access$500(GrpcLogAppender.java:56)
	at org.apache.ratis.grpc.server.GrpcLogAppender$AppendLogResponseHandler.onCompleted(GrpcLogAppender.java:429)
	at org.apache.ratis.thirdparty.io.grpc.stub.ClientCalls$StreamObserverToCallListenerAdapter.onClose(ClientCalls.java:485)
	at org.apache.ratis.thirdparty.io.grpc.internal.DelayedClientCall$DelayedListener$3.run(DelayedClientCall.java:471)
	at org.apache.ratis.thirdparty.io.grpc.internal.DelayedClientCall$DelayedListener.delayOrExecute(DelayedClientCall.java:435)
	at org.apache.ratis.thirdparty.io.grpc.internal.DelayedClientCall$DelayedListener.onClose(DelayedClientCall.java:468)
	at org.apache.ratis.thirdparty.io.grpc.internal.ClientCallImpl.closeObserver(ClientCallImpl.java:563)
	at org.apache.ratis.thirdparty.io.grpc.internal.ClientCallImpl.access$300(ClientCallImpl.java:70)
	at org.apache.ratis.thirdparty.io.grpc.internal.ClientCallImpl$ClientStreamListenerImpl$1StreamClosed.runInternal(ClientCallImpl.java:744)
	at org.apache.ratis.thirdparty.io.grpc.internal.ClientCallImpl$ClientStreamListenerImpl$1StreamClosed.runInContext(ClientCallImpl.java:723)
	at org.apache.ratis.thirdparty.io.grpc.internal.ContextRunnable.run(ContextRunnable.java:37)
	at org.apache.ratis.thirdparty.io.grpc.internal.SerializingExecutor.run(SerializingExecutor.java:133)
	at java.util.concurrent.ThreadPoolExecutor.runWorker(ThreadPoolExecutor.java:1149)
	at java.util.concurrent.ThreadPoolExecutor$Worker.run(ThreadPoolExecutor.java:624)
	at java.lang.Thread.run(Thread.java:750)
2023-09-07 20:30:42,836 [2f0e8030-05aa-4e91-b2c6-437482cdb37f@group-9A97E42B1E36-StateMachineUpdater] INFO  ratis.ContainerStateMachine (ContainerStateMachine.java:takeSnapshot(330)) - group-9A97E42B1E36: Taking a snapshot at:(t:1, i:30) file /home/runner/work/ozone/ozone/hadoop-ozone/integration-test/target/test-dir/MiniOzoneClusterImpl-6e39530a-abb5-4f3a-bb3c-e5f572b2b70f/datanode-1/data/ratis/808d1a94-13a3-43c1-b3f2-9a97e42b1e36/sm/snapshot.1_30
2023-09-07 20:30:42,835 [2f0e8030-05aa-4e91-b2c6-437482cdb37f-impl-thread4] INFO  impl.StateMachineUpdater (StateMachineUpdater.java:stopAndJoin(155)) - 2f0e8030-05aa-4e91-b2c6-437482cdb37f@group-9A97E42B1E36-StateMachineUpdater: set stopIndex = 30
2023-09-07 20:30:42,837 [8788027e-81d1-4d47-afe3-241385989a54-impl-thread2] INFO  impl.StateMachineUpdater (StateMachineUpdater.java:stopAndJoin(155)) - 8788027e-81d1-4d47-afe3-241385989a54@group-546FBC4FBB55-StateMachineUpdater: set stopIndex = 0
2023-09-07 20:30:42,837 [8788027e-81d1-4d47-afe3-241385989a54@group-546FBC4FBB55-StateMachineUpdater] INFO  ratis.ContainerStateMachine (ContainerStateMachine.java:takeSnapshot(330)) - group-546FBC4FBB55: Taking a snapshot at:(t:1, i:0) file /home/runner/work/ozone/ozone/hadoop-ozone/integration-test/target/test-dir/MiniOzoneClusterImpl-6e39530a-abb5-4f3a-bb3c-e5f572b2b70f/datanode-0/data/ratis/2ea2a3c0-fea6-41a0-a3c3-546fbc4fbb55/sm/snapshot.1_0
2023-09-07 20:30:42,837 [2f0e8030-05aa-4e91-b2c6-437482cdb37f@group-9A97E42B1E36-StateMachineUpdater] INFO  ratis.ContainerStateMachine (ContainerStateMachine.java:takeSnapshot(341)) - group-9A97E42B1E36: Finished taking a snapshot at:(t:1, i:30) file:/home/runner/work/ozone/ozone/hadoop-ozone/integration-test/target/test-dir/MiniOzoneClusterImpl-6e39530a-abb5-4f3a-bb3c-e5f572b2b70f/datanode-1/data/ratis/808d1a94-13a3-43c1-b3f2-9a97e42b1e36/sm/snapshot.1_30 took: 2 ms
2023-09-07 20:30:42,837 [2f0e8030-05aa-4e91-b2c6-437482cdb37f@group-9A97E42B1E36-StateMachineUpdater] INFO  impl.StateMachineUpdater (StateMachineUpdater.java:takeSnapshot(291)) - 2f0e8030-05aa-4e91-b2c6-437482cdb37f@group-9A97E42B1E36-StateMachineUpdater: Took a snapshot at index 30
2023-09-07 20:30:42,837 [2f0e8030-05aa-4e91-b2c6-437482cdb37f@group-9A97E42B1E36-StateMachineUpdater] INFO  impl.StateMachineUpdater (StateMachineUpdater.java:lambda$new$0(97)) - 2f0e8030-05aa-4e91-b2c6-437482cdb37f@group-9A97E42B1E36-StateMachineUpdater: snapshotIndex: updateIncreasingly -1 -> 30
2023-09-07 20:30:42,838 [8788027e-81d1-4d47-afe3-241385989a54@group-546FBC4FBB55-StateMachineUpdater] INFO  ratis.ContainerStateMachine (ContainerStateMachine.java:takeSnapshot(341)) - group-546FBC4FBB55: Finished taking a snapshot at:(t:1, i:0) file:/home/runner/work/ozone/ozone/hadoop-ozone/integration-test/target/test-dir/MiniOzoneClusterImpl-6e39530a-abb5-4f3a-bb3c-e5f572b2b70f/datanode-0/data/ratis/2ea2a3c0-fea6-41a0-a3c3-546fbc4fbb55/sm/snapshot.1_0 took: 1 ms
2023-09-07 20:30:42,838 [2f0e8030-05aa-4e91-b2c6-437482cdb37f-impl-thread4] INFO  server.RaftServer$Division (ServerState.java:close(472)) - 2f0e8030-05aa-4e91-b2c6-437482cdb37f@group-9A97E42B1E36: closes. applyIndex: 30
2023-09-07 20:30:42,838 [8788027e-81d1-4d47-afe3-241385989a54@group-546FBC4FBB55-StateMachineUpdater] INFO  impl.StateMachineUpdater (StateMachineUpdater.java:takeSnapshot(291)) - 8788027e-81d1-4d47-afe3-241385989a54@group-546FBC4FBB55-StateMachineUpdater: Took a snapshot at index 0
2023-09-07 20:30:42,838 [8788027e-81d1-4d47-afe3-241385989a54@group-546FBC4FBB55-StateMachineUpdater] INFO  impl.StateMachineUpdater (StateMachineUpdater.java:lambda$new$0(97)) - 8788027e-81d1-4d47-afe3-241385989a54@group-546FBC4FBB55-StateMachineUpdater: snapshotIndex: updateIncreasingly -1 -> 0
2023-09-07 20:30:42,838 [8788027e-81d1-4d47-afe3-241385989a54-impl-thread2] INFO  server.RaftServer$Division (ServerState.java:close(472)) - 8788027e-81d1-4d47-afe3-241385989a54@group-546FBC4FBB55: closes. applyIndex: 0
2023-09-07 20:30:42,838 [8788027e-81d1-4d47-afe3-241385989a54-impl-thread3] INFO  impl.StateMachineUpdater (StateMachineUpdater.java:stopAndJoin(155)) - 8788027e-81d1-4d47-afe3-241385989a54@group-9A97E42B1E36-StateMachineUpdater: set stopIndex = 28
2023-09-07 20:30:42,839 [8788027e-81d1-4d47-afe3-241385989a54@group-9A97E42B1E36-FollowerState] INFO  impl.FollowerState (FollowerState.java:run(152)) - 8788027e-81d1-4d47-afe3-241385989a54@group-9A97E42B1E36-FollowerState was interrupted
2023-09-07 20:30:42,843 [8788027e-81d1-4d47-afe3-241385989a54-impl-thread4] INFO  server.RaftServer$Division (RaftServerImpl.java:lambda$close$4(466)) - 8788027e-81d1-4d47-afe3-241385989a54@group-42510B080594: shutdown
2023-09-07 20:30:42,841 [Thread-1060] INFO  server.GrpcServerProtocolClient (GrpcServerProtocolClient.java:close(103)) - 2f0e8030-05aa-4e91-b2c6-437482cdb37f Close channels
2023-09-07 20:30:42,841 [Thread-1058] INFO  server.GrpcServerProtocolClient (GrpcServerProtocolClient.java:close(103)) - e6d6ce9d-4fd0-4987-92e7-1065424d9f29 Close channels
2023-09-07 20:30:42,852 [grpc-default-executor-13] INFO  server.GrpcLogAppender (GrpcLogAppender.java:onCompleted(428)) - 2f0e8030-05aa-4e91-b2c6-437482cdb37f@group-9A97E42B1E36->e6d6ce9d-4fd0-4987-92e7-1065424d9f29-AppendLogResponseHandler: follower responses appendEntries COMPLETED
2023-09-07 20:30:42,850 [main] INFO  server.GrpcService (GrpcService.java:closeImpl(320)) - e6d6ce9d-4fd0-4987-92e7-1065424d9f29: shutdown server org.apache.ratis.grpc.server.GrpcClientProtocolService successfully
2023-09-07 20:30:42,861 [main] INFO  server.GrpcService (GrpcService.java:closeImpl(311)) - e6d6ce9d-4fd0-4987-92e7-1065424d9f29: shutdown server GrpcServerProtocolService now
2023-09-07 20:30:42,847 [8788027e-81d1-4d47-afe3-241385989a54@group-9A97E42B1E36-StateMachineUpdater] INFO  ratis.ContainerStateMachine (ContainerStateMachine.java:takeSnapshot(330)) - group-9A97E42B1E36: Taking a snapshot at:(t:1, i:28) file /home/runner/work/ozone/ozone/hadoop-ozone/integration-test/target/test-dir/MiniOzoneClusterImpl-6e39530a-abb5-4f3a-bb3c-e5f572b2b70f/datanode-0/data/ratis/808d1a94-13a3-43c1-b3f2-9a97e42b1e36/sm/snapshot.1_28
2023-09-07 20:30:42,847 [8788027e-81d1-4d47-afe3-241385989a54-impl-thread4] INFO  util.JmxRegister (JmxRegister.java:unregister(73)) - Successfully un-registered JMX Bean with object name Ratis:service=RaftServer,group=group-42510B080594,id=8788027e-81d1-4d47-afe3-241385989a54
2023-09-07 20:30:42,862 [8788027e-81d1-4d47-afe3-241385989a54-impl-thread4] INFO  impl.RoleInfo (RoleInfo.java:shutdownLeaderState(93)) - 8788027e-81d1-4d47-afe3-241385989a54: shutdown 8788027e-81d1-4d47-afe3-241385989a54@group-42510B080594-LeaderStateImpl
2023-09-07 20:30:42,862 [8788027e-81d1-4d47-afe3-241385989a54-impl-thread4] INFO  impl.PendingRequests (PendingRequests.java:sendNotLeaderResponses(289)) - 8788027e-81d1-4d47-afe3-241385989a54@group-42510B080594-PendingRequests: sendNotLeaderResponses
2023-09-07 20:30:42,860 [grpc-default-executor-13] WARN  server.GrpcLogAppender (GrpcLogAppender.java:resetClient(137)) - 2f0e8030-05aa-4e91-b2c6-437482cdb37f@group-9A97E42B1E36->e6d6ce9d-4fd0-4987-92e7-1065424d9f29-GrpcLogAppender: Failed to getClient for e6d6ce9d-4fd0-4987-92e7-1065424d9f29
org.apache.ratis.protocol.exceptions.AlreadyClosedException: 2f0e8030-05aa-4e91-b2c6-437482cdb37f is already CLOSED
	at org.apache.ratis.util.PeerProxyMap$PeerAndProxy.getProxy(PeerProxyMap.java:61)
	at org.apache.ratis.util.PeerProxyMap.getProxy(PeerProxyMap.java:115)
	at org.apache.ratis.grpc.server.GrpcLogAppender.getClient(GrpcLogAppender.java:112)
	at org.apache.ratis.grpc.server.GrpcLogAppender.resetClient(GrpcLogAppender.java:117)
	at org.apache.ratis.grpc.server.GrpcLogAppender.access$500(GrpcLogAppender.java:56)
	at org.apache.ratis.grpc.server.GrpcLogAppender$AppendLogResponseHandler.onCompleted(GrpcLogAppender.java:429)
	at org.apache.ratis.thirdparty.io.grpc.stub.ClientCalls$StreamObserverToCallListenerAdapter.onClose(ClientCalls.java:485)
	at org.apache.ratis.thirdparty.io.grpc.internal.ClientCallImpl.closeObserver(ClientCallImpl.java:563)
	at org.apache.ratis.thirdparty.io.grpc.internal.ClientCallImpl.access$300(ClientCallImpl.java:70)
	at org.apache.ratis.thirdparty.io.grpc.internal.ClientCallImpl$ClientStreamListenerImpl$1StreamClosed.runInternal(ClientCallImpl.java:744)
	at org.apache.ratis.thirdparty.io.grpc.internal.ClientCallImpl$ClientStreamListenerImpl$1StreamClosed.runInContext(ClientCallImpl.java:723)
	at org.apache.ratis.thirdparty.io.grpc.internal.ContextRunnable.run(ContextRunnable.java:37)
	at org.apache.ratis.thirdparty.io.grpc.internal.SerializingExecutor.run(SerializingExecutor.java:133)
	at java.util.concurrent.ThreadPoolExecutor.runWorker(ThreadPoolExecutor.java:1149)
	at java.util.concurrent.ThreadPoolExecutor$Worker.run(ThreadPoolExecutor.java:624)
	at java.lang.Thread.run(Thread.java:750)
2023-09-07 20:30:42,862 [8788027e-81d1-4d47-afe3-241385989a54-impl-thread4] INFO  impl.StateMachineUpdater (StateMachineUpdater.java:stopAndJoin(155)) - 8788027e-81d1-4d47-afe3-241385989a54@group-42510B080594-StateMachineUpdater: set stopIndex = 0
2023-09-07 20:30:42,863 [8788027e-81d1-4d47-afe3-241385989a54@group-42510B080594-StateMachineUpdater] INFO  ratis.ContainerStateMachine (ContainerStateMachine.java:takeSnapshot(330)) - group-42510B080594: Taking a snapshot at:(t:1, i:0) file /home/runner/work/ozone/ozone/hadoop-ozone/integration-test/target/test-dir/MiniOzoneClusterImpl-6e39530a-abb5-4f3a-bb3c-e5f572b2b70f/datanode-0/data/ratis/7c8688d0-5463-4e72-92bc-42510b080594/sm/snapshot.1_0
2023-09-07 20:30:42,864 [8788027e-81d1-4d47-afe3-241385989a54@group-9A97E42B1E36-StateMachineUpdater] INFO  ratis.ContainerStateMachine (ContainerStateMachine.java:takeSnapshot(341)) - group-9A97E42B1E36: Finished taking a snapshot at:(t:1, i:28) file:/home/runner/work/ozone/ozone/hadoop-ozone/integration-test/target/test-dir/MiniOzoneClusterImpl-6e39530a-abb5-4f3a-bb3c-e5f572b2b70f/datanode-0/data/ratis/808d1a94-13a3-43c1-b3f2-9a97e42b1e36/sm/snapshot.1_28 took: 17 ms
2023-09-07 20:30:42,864 [ForkJoinPool.commonPool-worker-3] INFO  server.GrpcService (GrpcService.java:closeImpl(320)) - 2f0e8030-05aa-4e91-b2c6-437482cdb37f: shutdown server org.apache.ratis.grpc.server.GrpcClientProtocolService successfully
2023-09-07 20:30:42,865 [ForkJoinPool.commonPool-worker-3] INFO  server.GrpcService (GrpcService.java:closeImpl(311)) - 2f0e8030-05aa-4e91-b2c6-437482cdb37f: shutdown server GrpcServerProtocolService now
2023-09-07 20:30:42,865 [8788027e-81d1-4d47-afe3-241385989a54@group-9A97E42B1E36-StateMachineUpdater] INFO  impl.StateMachineUpdater (StateMachineUpdater.java:takeSnapshot(291)) - 8788027e-81d1-4d47-afe3-241385989a54@group-9A97E42B1E36-StateMachineUpdater: Took a snapshot at index 28
2023-09-07 20:30:42,865 [8788027e-81d1-4d47-afe3-241385989a54@group-9A97E42B1E36-StateMachineUpdater] INFO  impl.StateMachineUpdater (StateMachineUpdater.java:lambda$new$0(97)) - 8788027e-81d1-4d47-afe3-241385989a54@group-9A97E42B1E36-StateMachineUpdater: snapshotIndex: updateIncreasingly -1 -> 28
2023-09-07 20:30:42,866 [8788027e-81d1-4d47-afe3-241385989a54@group-42510B080594-StateMachineUpdater] INFO  ratis.ContainerStateMachine (ContainerStateMachine.java:takeSnapshot(341)) - group-42510B080594: Finished taking a snapshot at:(t:1, i:0) file:/home/runner/work/ozone/ozone/hadoop-ozone/integration-test/target/test-dir/MiniOzoneClusterImpl-6e39530a-abb5-4f3a-bb3c-e5f572b2b70f/datanode-0/data/ratis/7c8688d0-5463-4e72-92bc-42510b080594/sm/snapshot.1_0 took: 3 ms
2023-09-07 20:30:42,866 [8788027e-81d1-4d47-afe3-241385989a54@group-42510B080594-StateMachineUpdater] INFO  impl.StateMachineUpdater (StateMachineUpdater.java:takeSnapshot(291)) - 8788027e-81d1-4d47-afe3-241385989a54@group-42510B080594-StateMachineUpdater: Took a snapshot at index 0
2023-09-07 20:30:42,866 [8788027e-81d1-4d47-afe3-241385989a54@group-42510B080594-StateMachineUpdater] INFO  impl.StateMachineUpdater (StateMachineUpdater.java:lambda$new$0(97)) - 8788027e-81d1-4d47-afe3-241385989a54@group-42510B080594-StateMachineUpdater: snapshotIndex: updateIncreasingly -1 -> 0
2023-09-07 20:30:42,866 [8788027e-81d1-4d47-afe3-241385989a54-impl-thread4] INFO  server.RaftServer$Division (ServerState.java:close(472)) - 8788027e-81d1-4d47-afe3-241385989a54@group-42510B080594: closes. applyIndex: 0
2023-09-07 20:30:42,868 [8788027e-81d1-4d47-afe3-241385989a54-impl-thread3] INFO  server.RaftServer$Division (ServerState.java:close(472)) - 8788027e-81d1-4d47-afe3-241385989a54@group-9A97E42B1E36: closes. applyIndex: 28
2023-09-07 20:30:42,873 [ForkJoinPool.commonPool-worker-1] INFO  ozoneimpl.OzoneContainer (OzoneContainer.java:stop(451)) - Attempting to stop container services.
2023-09-07 20:30:42,871 [ForkJoinPool.commonPool-worker-0] INFO  server.GrpcService (GrpcService.java:closeImpl(320)) - 8788027e-81d1-4d47-afe3-241385989a54: shutdown server org.apache.ratis.grpc.server.GrpcClientProtocolService successfully
2023-09-07 20:30:42,874 [ForkJoinPool.commonPool-worker-0] INFO  server.GrpcService (GrpcService.java:closeImpl(311)) - 8788027e-81d1-4d47-afe3-241385989a54: shutdown server GrpcServerProtocolService now
2023-09-07 20:30:42,885 [main] INFO  server.GrpcService (GrpcService.java:closeImpl(320)) - e6d6ce9d-4fd0-4987-92e7-1065424d9f29: shutdown server GrpcServerProtocolService successfully
2023-09-07 20:30:42,885 [main] INFO  server.GrpcService (GrpcService.java:closeImpl(311)) - e6d6ce9d-4fd0-4987-92e7-1065424d9f29: shutdown server org.apache.ratis.grpc.server.GrpcAdminProtocolService now
2023-09-07 20:30:42,892 [ForkJoinPool.commonPool-worker-1] INFO  server.RaftServer (RaftServerProxy.java:lambda$close$6(416)) - 942f2b0f-4d82-489c-b29f-3fa1e69d5237: close
2023-09-07 20:30:42,892 [ForkJoinPool.commonPool-worker-3] INFO  server.GrpcService (GrpcService.java:closeImpl(320)) - 2f0e8030-05aa-4e91-b2c6-437482cdb37f: shutdown server GrpcServerProtocolService successfully
2023-09-07 20:30:42,892 [ForkJoinPool.commonPool-worker-3] INFO  server.GrpcService (GrpcService.java:closeImpl(311)) - 2f0e8030-05aa-4e91-b2c6-437482cdb37f: shutdown server org.apache.ratis.grpc.server.GrpcAdminProtocolService now
2023-09-07 20:30:42,892 [main] INFO  server.GrpcService (GrpcService.java:closeImpl(320)) - e6d6ce9d-4fd0-4987-92e7-1065424d9f29: shutdown server org.apache.ratis.grpc.server.GrpcAdminProtocolService successfully
2023-09-07 20:30:42,893 [e6d6ce9d-4fd0-4987-92e7-1065424d9f29-NettyServerStreamRpc-bossGroup--thread1] INFO  logging.LoggingHandler (AbstractInternalLogger.java:log(148)) - [id: 0x796566ed, L:/0:0:0:0:0:0:0:0:15086] CLOSE
2023-09-07 20:30:42,893 [e6d6ce9d-4fd0-4987-92e7-1065424d9f29-NettyServerStreamRpc-bossGroup--thread1] INFO  logging.LoggingHandler (AbstractInternalLogger.java:log(148)) - [id: 0x796566ed, L:/0:0:0:0:0:0:0:0:15086] INACTIVE
2023-09-07 20:30:42,893 [e6d6ce9d-4fd0-4987-92e7-1065424d9f29-NettyServerStreamRpc-bossGroup--thread1] INFO  logging.LoggingHandler (AbstractInternalLogger.java:log(148)) - [id: 0x796566ed, L:/0:0:0:0:0:0:0:0:15086] UNREGISTERED
2023-09-07 20:30:42,894 [ForkJoinPool.commonPool-worker-1] INFO  server.GrpcService (GrpcService.java:closeImpl(311)) - 942f2b0f-4d82-489c-b29f-3fa1e69d5237: shutdown server org.apache.ratis.grpc.server.GrpcClientProtocolService now
2023-09-07 20:30:42,894 [ForkJoinPool.commonPool-worker-1] INFO  server.GrpcService (GrpcService.java:closeImpl(320)) - 942f2b0f-4d82-489c-b29f-3fa1e69d5237: shutdown server org.apache.ratis.grpc.server.GrpcClientProtocolService successfully
2023-09-07 20:30:42,895 [ForkJoinPool.commonPool-worker-1] INFO  server.GrpcService (GrpcService.java:closeImpl(311)) - 942f2b0f-4d82-489c-b29f-3fa1e69d5237: shutdown server GrpcServerProtocolService now
2023-09-07 20:30:42,896 [942f2b0f-4d82-489c-b29f-3fa1e69d5237-impl-thread2] INFO  server.RaftServer$Division (RaftServerImpl.java:lambda$close$4(466)) - 942f2b0f-4d82-489c-b29f-3fa1e69d5237@group-4817348DA986: shutdown
2023-09-07 20:30:42,898 [ForkJoinPool.commonPool-worker-0] INFO  server.GrpcService (GrpcService.java:closeImpl(320)) - 8788027e-81d1-4d47-afe3-241385989a54: shutdown server GrpcServerProtocolService successfully
2023-09-07 20:30:42,898 [ForkJoinPool.commonPool-worker-0] INFO  server.GrpcService (GrpcService.java:closeImpl(311)) - 8788027e-81d1-4d47-afe3-241385989a54: shutdown server org.apache.ratis.grpc.server.GrpcAdminProtocolService now
2023-09-07 20:30:42,899 [942f2b0f-4d82-489c-b29f-3fa1e69d5237-impl-thread2] INFO  util.JmxRegister (JmxRegister.java:unregister(73)) - Successfully un-registered JMX Bean with object name Ratis:service=RaftServer,group=group-4817348DA986,id=942f2b0f-4d82-489c-b29f-3fa1e69d5237
2023-09-07 20:30:42,899 [942f2b0f-4d82-489c-b29f-3fa1e69d5237-impl-thread2] INFO  impl.RoleInfo (RoleInfo.java:shutdownLeaderState(93)) - 942f2b0f-4d82-489c-b29f-3fa1e69d5237: shutdown 942f2b0f-4d82-489c-b29f-3fa1e69d5237@group-4817348DA986-LeaderStateImpl
2023-09-07 20:30:42,899 [942f2b0f-4d82-489c-b29f-3fa1e69d5237-impl-thread2] INFO  impl.PendingRequests (PendingRequests.java:sendNotLeaderResponses(289)) - 942f2b0f-4d82-489c-b29f-3fa1e69d5237@group-4817348DA986-PendingRequests: sendNotLeaderResponses
2023-09-07 20:30:42,900 [942f2b0f-4d82-489c-b29f-3fa1e69d5237@group-4817348DA986-StateMachineUpdater] INFO  ratis.ContainerStateMachine (ContainerStateMachine.java:takeSnapshot(330)) - group-4817348DA986: Taking a snapshot at:(t:1, i:0) file /home/runner/work/ozone/ozone/hadoop-ozone/integration-test/target/test-dir/MiniOzoneClusterImpl-6e39530a-abb5-4f3a-bb3c-e5f572b2b70f/datanode-4/data/ratis/f9cead23-0120-47be-ad44-4817348da986/sm/snapshot.1_0
2023-09-07 20:30:42,900 [942f2b0f-4d82-489c-b29f-3fa1e69d5237-impl-thread2] INFO  impl.StateMachineUpdater (StateMachineUpdater.java:stopAndJoin(155)) - 942f2b0f-4d82-489c-b29f-3fa1e69d5237@group-4817348DA986-StateMachineUpdater: set stopIndex = 0
2023-09-07 20:30:42,900 [ForkJoinPool.commonPool-worker-0] INFO  server.GrpcService (GrpcService.java:closeImpl(320)) - 8788027e-81d1-4d47-afe3-241385989a54: shutdown server org.apache.ratis.grpc.server.GrpcAdminProtocolService successfully
2023-09-07 20:30:42,901 [8788027e-81d1-4d47-afe3-241385989a54-NettyServerStreamRpc-bossGroup--thread1] INFO  logging.LoggingHandler (AbstractInternalLogger.java:log(148)) - [id: 0xfc3f02df, L:/0:0:0:0:0:0:0:0:15068] CLOSE
2023-09-07 20:30:42,901 [8788027e-81d1-4d47-afe3-241385989a54-NettyServerStreamRpc-bossGroup--thread1] INFO  logging.LoggingHandler (AbstractInternalLogger.java:log(148)) - [id: 0xfc3f02df, L:/0:0:0:0:0:0:0:0:15068] INACTIVE
2023-09-07 20:30:42,901 [8788027e-81d1-4d47-afe3-241385989a54-NettyServerStreamRpc-bossGroup--thread1] INFO  logging.LoggingHandler (AbstractInternalLogger.java:log(148)) - [id: 0xfc3f02df, L:/0:0:0:0:0:0:0:0:15068] UNREGISTERED
2023-09-07 20:30:42,901 [ForkJoinPool.commonPool-worker-1] INFO  server.GrpcService (GrpcService.java:closeImpl(320)) - 942f2b0f-4d82-489c-b29f-3fa1e69d5237: shutdown server GrpcServerProtocolService successfully
2023-09-07 20:30:42,901 [ForkJoinPool.commonPool-worker-1] INFO  server.GrpcService (GrpcService.java:closeImpl(311)) - 942f2b0f-4d82-489c-b29f-3fa1e69d5237: shutdown server org.apache.ratis.grpc.server.GrpcAdminProtocolService now
2023-09-07 20:30:42,902 [942f2b0f-4d82-489c-b29f-3fa1e69d5237@group-4817348DA986-StateMachineUpdater] INFO  ratis.ContainerStateMachine (ContainerStateMachine.java:takeSnapshot(341)) - group-4817348DA986: Finished taking a snapshot at:(t:1, i:0) file:/home/runner/work/ozone/ozone/hadoop-ozone/integration-test/target/test-dir/MiniOzoneClusterImpl-6e39530a-abb5-4f3a-bb3c-e5f572b2b70f/datanode-4/data/ratis/f9cead23-0120-47be-ad44-4817348da986/sm/snapshot.1_0 took: 2 ms
2023-09-07 20:30:42,902 [942f2b0f-4d82-489c-b29f-3fa1e69d5237@group-4817348DA986-StateMachineUpdater] INFO  impl.StateMachineUpdater (StateMachineUpdater.java:takeSnapshot(291)) - 942f2b0f-4d82-489c-b29f-3fa1e69d5237@group-4817348DA986-StateMachineUpdater: Took a snapshot at index 0
2023-09-07 20:30:42,902 [942f2b0f-4d82-489c-b29f-3fa1e69d5237@group-4817348DA986-StateMachineUpdater] INFO  impl.StateMachineUpdater (StateMachineUpdater.java:lambda$new$0(97)) - 942f2b0f-4d82-489c-b29f-3fa1e69d5237@group-4817348DA986-StateMachineUpdater: snapshotIndex: updateIncreasingly -1 -> 0
2023-09-07 20:30:42,904 [ForkJoinPool.commonPool-worker-3] INFO  server.GrpcService (GrpcService.java:closeImpl(320)) - 2f0e8030-05aa-4e91-b2c6-437482cdb37f: shutdown server org.apache.ratis.grpc.server.GrpcAdminProtocolService successfully
2023-09-07 20:30:42,905 [2f0e8030-05aa-4e91-b2c6-437482cdb37f-NettyServerStreamRpc-bossGroup--thread1] INFO  logging.LoggingHandler (AbstractInternalLogger.java:log(148)) - [id: 0x0a5b95f6, L:/0:0:0:0:0:0:0:0:15077] CLOSE
2023-09-07 20:30:42,905 [2f0e8030-05aa-4e91-b2c6-437482cdb37f-NettyServerStreamRpc-bossGroup--thread1] INFO  logging.LoggingHandler (AbstractInternalLogger.java:log(148)) - [id: 0x0a5b95f6, L:/0:0:0:0:0:0:0:0:15077] INACTIVE
2023-09-07 20:30:42,905 [2f0e8030-05aa-4e91-b2c6-437482cdb37f-NettyServerStreamRpc-bossGroup--thread1] INFO  logging.LoggingHandler (AbstractInternalLogger.java:log(148)) - [id: 0x0a5b95f6, L:/0:0:0:0:0:0:0:0:15077] UNREGISTERED
2023-09-07 20:30:42,921 [942f2b0f-4d82-489c-b29f-3fa1e69d5237-impl-thread2] INFO  server.RaftServer$Division (ServerState.java:close(472)) - 942f2b0f-4d82-489c-b29f-3fa1e69d5237@group-4817348DA986: closes. applyIndex: 0
2023-09-07 20:30:42,922 [ForkJoinPool.commonPool-worker-1] INFO  server.GrpcService (GrpcService.java:closeImpl(320)) - 942f2b0f-4d82-489c-b29f-3fa1e69d5237: shutdown server org.apache.ratis.grpc.server.GrpcAdminProtocolService successfully
2023-09-07 20:30:42,922 [942f2b0f-4d82-489c-b29f-3fa1e69d5237-NettyServerStreamRpc-bossGroup--thread1] INFO  logging.LoggingHandler (AbstractInternalLogger.java:log(148)) - [id: 0x9d3be22a, L:/0:0:0:0:0:0:0:0:15104] CLOSE
2023-09-07 20:30:42,922 [942f2b0f-4d82-489c-b29f-3fa1e69d5237-NettyServerStreamRpc-bossGroup--thread1] INFO  logging.LoggingHandler (AbstractInternalLogger.java:log(148)) - [id: 0x9d3be22a, L:/0:0:0:0:0:0:0:0:15104] INACTIVE
2023-09-07 20:30:42,922 [942f2b0f-4d82-489c-b29f-3fa1e69d5237-NettyServerStreamRpc-bossGroup--thread1] INFO  logging.LoggingHandler (AbstractInternalLogger.java:log(148)) - [id: 0x9d3be22a, L:/0:0:0:0:0:0:0:0:15104] UNREGISTERED
2023-09-07 20:30:42,928 [ForkJoinPool.commonPool-worker-2] INFO  ozoneimpl.OzoneContainer (OzoneContainer.java:stop(451)) - Attempting to stop container services.
2023-09-07 20:30:42,933 [ForkJoinPool.commonPool-worker-2] INFO  server.RaftServer (RaftServerProxy.java:lambda$close$6(416)) - e6894f1b-35d2-469c-bf31-69833cd25437: close
2023-09-07 20:30:42,934 [ForkJoinPool.commonPool-worker-2] INFO  server.GrpcService (GrpcService.java:closeImpl(311)) - e6894f1b-35d2-469c-bf31-69833cd25437: shutdown server org.apache.ratis.grpc.server.GrpcClientProtocolService now
2023-09-07 20:30:42,934 [e6894f1b-35d2-469c-bf31-69833cd25437-impl-thread2] INFO  server.RaftServer$Division (RaftServerImpl.java:lambda$close$4(466)) - e6894f1b-35d2-469c-bf31-69833cd25437@group-831BAAD5BAB2: shutdown
2023-09-07 20:30:42,934 [e6894f1b-35d2-469c-bf31-69833cd25437-impl-thread2] INFO  util.JmxRegister (JmxRegister.java:unregister(73)) - Successfully un-registered JMX Bean with object name Ratis:service=RaftServer,group=group-831BAAD5BAB2,id=e6894f1b-35d2-469c-bf31-69833cd25437
2023-09-07 20:30:42,934 [e6894f1b-35d2-469c-bf31-69833cd25437-impl-thread2] INFO  impl.RoleInfo (RoleInfo.java:shutdownLeaderState(93)) - e6894f1b-35d2-469c-bf31-69833cd25437: shutdown e6894f1b-35d2-469c-bf31-69833cd25437@group-831BAAD5BAB2-LeaderStateImpl
2023-09-07 20:30:42,935 [e6894f1b-35d2-469c-bf31-69833cd25437-impl-thread2] INFO  impl.PendingRequests (PendingRequests.java:sendNotLeaderResponses(289)) - e6894f1b-35d2-469c-bf31-69833cd25437@group-831BAAD5BAB2-PendingRequests: sendNotLeaderResponses
2023-09-07 20:30:42,935 [e6894f1b-35d2-469c-bf31-69833cd25437-impl-thread2] INFO  impl.StateMachineUpdater (StateMachineUpdater.java:stopAndJoin(155)) - e6894f1b-35d2-469c-bf31-69833cd25437@group-831BAAD5BAB2-StateMachineUpdater: set stopIndex = 0
2023-09-07 20:30:42,935 [e6894f1b-35d2-469c-bf31-69833cd25437@group-831BAAD5BAB2-StateMachineUpdater] INFO  ratis.ContainerStateMachine (ContainerStateMachine.java:takeSnapshot(330)) - group-831BAAD5BAB2: Taking a snapshot at:(t:1, i:0) file /home/runner/work/ozone/ozone/hadoop-ozone/integration-test/target/test-dir/MiniOzoneClusterImpl-6e39530a-abb5-4f3a-bb3c-e5f572b2b70f/datanode-3/data/ratis/3c40a320-3a1a-46e8-9f30-831baad5bab2/sm/snapshot.1_0
2023-09-07 20:30:42,936 [e6894f1b-35d2-469c-bf31-69833cd25437@group-831BAAD5BAB2-StateMachineUpdater] INFO  ratis.ContainerStateMachine (ContainerStateMachine.java:takeSnapshot(341)) - group-831BAAD5BAB2: Finished taking a snapshot at:(t:1, i:0) file:/home/runner/work/ozone/ozone/hadoop-ozone/integration-test/target/test-dir/MiniOzoneClusterImpl-6e39530a-abb5-4f3a-bb3c-e5f572b2b70f/datanode-3/data/ratis/3c40a320-3a1a-46e8-9f30-831baad5bab2/sm/snapshot.1_0 took: 1 ms
2023-09-07 20:30:42,937 [e6894f1b-35d2-469c-bf31-69833cd25437@group-831BAAD5BAB2-StateMachineUpdater] INFO  impl.StateMachineUpdater (StateMachineUpdater.java:takeSnapshot(291)) - e6894f1b-35d2-469c-bf31-69833cd25437@group-831BAAD5BAB2-StateMachineUpdater: Took a snapshot at index 0
2023-09-07 20:30:42,937 [e6894f1b-35d2-469c-bf31-69833cd25437@group-831BAAD5BAB2-StateMachineUpdater] INFO  impl.StateMachineUpdater (StateMachineUpdater.java:lambda$new$0(97)) - e6894f1b-35d2-469c-bf31-69833cd25437@group-831BAAD5BAB2-StateMachineUpdater: snapshotIndex: updateIncreasingly -1 -> 0
2023-09-07 20:30:42,937 [e6894f1b-35d2-469c-bf31-69833cd25437-impl-thread2] INFO  server.RaftServer$Division (ServerState.java:close(472)) - e6894f1b-35d2-469c-bf31-69833cd25437@group-831BAAD5BAB2: closes. applyIndex: 0
2023-09-07 20:30:42,938 [ForkJoinPool.commonPool-worker-2] INFO  server.GrpcService (GrpcService.java:closeImpl(320)) - e6894f1b-35d2-469c-bf31-69833cd25437: shutdown server org.apache.ratis.grpc.server.GrpcClientProtocolService successfully
2023-09-07 20:30:42,938 [ForkJoinPool.commonPool-worker-2] INFO  server.GrpcService (GrpcService.java:closeImpl(311)) - e6894f1b-35d2-469c-bf31-69833cd25437: shutdown server GrpcServerProtocolService now
2023-09-07 20:30:42,939 [ForkJoinPool.commonPool-worker-2] INFO  server.GrpcService (GrpcService.java:closeImpl(320)) - e6894f1b-35d2-469c-bf31-69833cd25437: shutdown server GrpcServerProtocolService successfully
2023-09-07 20:30:42,939 [ForkJoinPool.commonPool-worker-2] INFO  server.GrpcService (GrpcService.java:closeImpl(311)) - e6894f1b-35d2-469c-bf31-69833cd25437: shutdown server org.apache.ratis.grpc.server.GrpcAdminProtocolService now
2023-09-07 20:30:42,956 [ForkJoinPool.commonPool-worker-2] INFO  server.GrpcService (GrpcService.java:closeImpl(320)) - e6894f1b-35d2-469c-bf31-69833cd25437: shutdown server org.apache.ratis.grpc.server.GrpcAdminProtocolService successfully
2023-09-07 20:30:42,956 [e6894f1b-35d2-469c-bf31-69833cd25437-NettyServerStreamRpc-bossGroup--thread1] INFO  logging.LoggingHandler (AbstractInternalLogger.java:log(148)) - [id: 0x551e94e8, L:/0:0:0:0:0:0:0:0:15095] CLOSE
2023-09-07 20:30:42,957 [e6894f1b-35d2-469c-bf31-69833cd25437-NettyServerStreamRpc-bossGroup--thread1] INFO  logging.LoggingHandler (AbstractInternalLogger.java:log(148)) - [id: 0x551e94e8, L:/0:0:0:0:0:0:0:0:15095] INACTIVE
2023-09-07 20:30:42,957 [e6894f1b-35d2-469c-bf31-69833cd25437-NettyServerStreamRpc-bossGroup--thread1] INFO  logging.LoggingHandler (AbstractInternalLogger.java:log(148)) - [id: 0x551e94e8, L:/0:0:0:0:0:0:0:0:15095] UNREGISTERED
2023-09-07 20:30:43,575 [2f0e8030-05aa-4e91-b2c6-437482cdb37f-impl-thread2] INFO  segmented.SegmentedRaftLogWorker (SegmentedRaftLogWorker.java:close(252)) - 2f0e8030-05aa-4e91-b2c6-437482cdb37f@group-546FBC4FBB55-SegmentedRaftLogWorker close()
2023-09-07 20:30:43,579 [8788027e-81d1-4d47-afe3-241385989a54-impl-thread4] INFO  segmented.SegmentedRaftLogWorker (SegmentedRaftLogWorker.java:close(252)) - 8788027e-81d1-4d47-afe3-241385989a54@group-42510B080594-SegmentedRaftLogWorker close()
2023-09-07 20:30:43,580 [8788027e-81d1-4d47-afe3-241385989a54-impl-thread2] INFO  segmented.SegmentedRaftLogWorker (SegmentedRaftLogWorker.java:close(252)) - 8788027e-81d1-4d47-afe3-241385989a54@group-546FBC4FBB55-SegmentedRaftLogWorker close()
2023-09-07 20:30:43,580 [e6894f1b-35d2-469c-bf31-69833cd25437-impl-thread2] INFO  segmented.SegmentedRaftLogWorker (SegmentedRaftLogWorker.java:close(252)) - e6894f1b-35d2-469c-bf31-69833cd25437@group-831BAAD5BAB2-SegmentedRaftLogWorker close()
2023-09-07 20:30:43,580 [e6d6ce9d-4fd0-4987-92e7-1065424d9f29-impl-thread4] INFO  segmented.SegmentedRaftLogWorker (SegmentedRaftLogWorker.java:close(252)) - e6d6ce9d-4fd0-4987-92e7-1065424d9f29@group-2E97BE5E65B8-SegmentedRaftLogWorker close()
2023-09-07 20:30:43,581 [2f0e8030-05aa-4e91-b2c6-437482cdb37f-impl-thread3] INFO  segmented.SegmentedRaftLogWorker (SegmentedRaftLogWorker.java:close(252)) - 2f0e8030-05aa-4e91-b2c6-437482cdb37f@group-9DE9C3B524B1-SegmentedRaftLogWorker close()
2023-09-07 20:30:43,583 [JvmPauseMonitor12] INFO  util.JvmPauseMonitor (JvmPauseMonitor.java:run(109)) - JvmPauseMonitor-e6894f1b-35d2-469c-bf31-69833cd25437: Stopped
2023-09-07 20:30:43,584 [942f2b0f-4d82-489c-b29f-3fa1e69d5237-impl-thread2] INFO  segmented.SegmentedRaftLogWorker (SegmentedRaftLogWorker.java:close(252)) - 942f2b0f-4d82-489c-b29f-3fa1e69d5237@group-4817348DA986-SegmentedRaftLogWorker close()
2023-09-07 20:30:43,584 [e6d6ce9d-4fd0-4987-92e7-1065424d9f29-impl-thread2] INFO  segmented.SegmentedRaftLogWorker (SegmentedRaftLogWorker.java:close(252)) - e6d6ce9d-4fd0-4987-92e7-1065424d9f29@group-546FBC4FBB55-SegmentedRaftLogWorker close()
2023-09-07 20:30:43,586 [JvmPauseMonitor13] INFO  util.JvmPauseMonitor (JvmPauseMonitor.java:run(109)) - JvmPauseMonitor-942f2b0f-4d82-489c-b29f-3fa1e69d5237: Stopped
2023-09-07 20:30:43,630 [2f0e8030-05aa-4e91-b2c6-437482cdb37f-impl-thread4] INFO  segmented.SegmentedRaftLogWorker (SegmentedRaftLogWorker.java:close(252)) - 2f0e8030-05aa-4e91-b2c6-437482cdb37f@group-9A97E42B1E36-SegmentedRaftLogWorker close()
2023-09-07 20:30:43,642 [JvmPauseMonitor10] INFO  util.JvmPauseMonitor (JvmPauseMonitor.java:run(109)) - JvmPauseMonitor-2f0e8030-05aa-4e91-b2c6-437482cdb37f: Stopped
2023-09-07 20:30:43,652 [8788027e-81d1-4d47-afe3-241385989a54-impl-thread3] INFO  segmented.SegmentedRaftLogWorker (SegmentedRaftLogWorker.java:close(252)) - 8788027e-81d1-4d47-afe3-241385989a54@group-9A97E42B1E36-SegmentedRaftLogWorker close()
2023-09-07 20:30:43,656 [JvmPauseMonitor9] INFO  util.JvmPauseMonitor (JvmPauseMonitor.java:run(109)) - JvmPauseMonitor-8788027e-81d1-4d47-afe3-241385989a54: Stopped
2023-09-07 20:30:43,656 [e6d6ce9d-4fd0-4987-92e7-1065424d9f29-impl-thread3] INFO  segmented.SegmentedRaftLogWorker (SegmentedRaftLogWorker.java:close(252)) - e6d6ce9d-4fd0-4987-92e7-1065424d9f29@group-9A97E42B1E36-SegmentedRaftLogWorker close()
2023-09-07 20:30:43,657 [JvmPauseMonitor11] INFO  util.JvmPauseMonitor (JvmPauseMonitor.java:run(109)) - JvmPauseMonitor-e6d6ce9d-4fd0-4987-92e7-1065424d9f29: Stopped
2023-09-07 20:30:45,588 [ForkJoinPool.commonPool-worker-2] INFO  utils.DatanodeStoreCache (DatanodeStoreCache.java:shutdownCache(110)) - Skip clearing cache in mini cluster mode. Entries left: [/home/runner/work/ozone/ozone/hadoop-ozone/integration-test/target/test-dir/MiniOzoneClusterImpl-6e39530a-abb5-4f3a-bb3c-e5f572b2b70f/datanode-0/data-0/containers/hdds/6e39530a-abb5-4f3a-bb3c-e5f572b2b70f/DS-5b2089e0-a151-4572-b1d2-bc209c2914e0/container.db, /home/runner/work/ozone/ozone/hadoop-ozone/integration-test/target/test-dir/MiniOzoneClusterImpl-6e39530a-abb5-4f3a-bb3c-e5f572b2b70f/datanode-1/data-0/containers/hdds/6e39530a-abb5-4f3a-bb3c-e5f572b2b70f/DS-1d5d1d3d-f272-446e-96d5-c2125f07a065/container.db, /home/runner/work/ozone/ozone/hadoop-ozone/integration-test/target/test-dir/MiniOzoneClusterImpl-6e39530a-abb5-4f3a-bb3c-e5f572b2b70f/datanode-2/data-0/containers/hdds/6e39530a-abb5-4f3a-bb3c-e5f572b2b70f/DS-d2f75a65-4983-4a80-8582-acc978b257e4/container.db, /home/runner/work/ozone/ozone/hadoop-ozone/integration-test/target/test-dir/MiniOzoneClusterImpl-6e39530a-abb5-4f3a-bb3c-e5f572b2b70f/datanode-3/data-0/containers/hdds/6e39530a-abb5-4f3a-bb3c-e5f572b2b70f/DS-40159ebf-b838-4161-8d02-9b6ca5b84ff7/container.db, /home/runner/work/ozone/ozone/hadoop-ozone/integration-test/target/test-dir/MiniOzoneClusterImpl-6e39530a-abb5-4f3a-bb3c-e5f572b2b70f/datanode-4/data-0/containers/hdds/6e39530a-abb5-4f3a-bb3c-e5f572b2b70f/DS-b4ba60a8-626b-451f-842b-49e6c5dcd0b6/container.db]
2023-09-07 20:30:45,593 [ForkJoinPool.commonPool-worker-2] INFO  utils.DatanodeStoreCache (DatanodeStoreCache.java:removeDB(104)) - Removed db /home/runner/work/ozone/ozone/hadoop-ozone/integration-test/target/test-dir/MiniOzoneClusterImpl-6e39530a-abb5-4f3a-bb3c-e5f572b2b70f/datanode-3/data-0/containers/hdds/6e39530a-abb5-4f3a-bb3c-e5f572b2b70f/DS-40159ebf-b838-4161-8d02-9b6ca5b84ff7/container.db from cache
2023-09-07 20:30:45,593 [ForkJoinPool.commonPool-worker-2] INFO  volume.HddsVolume (HddsVolume.java:closeDbStore(453)) - SchemaV3 db is stopped at /home/runner/work/ozone/ozone/hadoop-ozone/integration-test/target/test-dir/MiniOzoneClusterImpl-6e39530a-abb5-4f3a-bb3c-e5f572b2b70f/datanode-3/data-0/containers/hdds/6e39530a-abb5-4f3a-bb3c-e5f572b2b70f/DS-40159ebf-b838-4161-8d02-9b6ca5b84ff7/container.db for volume DS-40159ebf-b838-4161-8d02-9b6ca5b84ff7
2023-09-07 20:30:45,594 [ForkJoinPool.commonPool-worker-1] INFO  utils.DatanodeStoreCache (DatanodeStoreCache.java:shutdownCache(110)) - Skip clearing cache in mini cluster mode. Entries left: [/home/runner/work/ozone/ozone/hadoop-ozone/integration-test/target/test-dir/MiniOzoneClusterImpl-6e39530a-abb5-4f3a-bb3c-e5f572b2b70f/datanode-0/data-0/containers/hdds/6e39530a-abb5-4f3a-bb3c-e5f572b2b70f/DS-5b2089e0-a151-4572-b1d2-bc209c2914e0/container.db, /home/runner/work/ozone/ozone/hadoop-ozone/integration-test/target/test-dir/MiniOzoneClusterImpl-6e39530a-abb5-4f3a-bb3c-e5f572b2b70f/datanode-1/data-0/containers/hdds/6e39530a-abb5-4f3a-bb3c-e5f572b2b70f/DS-1d5d1d3d-f272-446e-96d5-c2125f07a065/container.db, /home/runner/work/ozone/ozone/hadoop-ozone/integration-test/target/test-dir/MiniOzoneClusterImpl-6e39530a-abb5-4f3a-bb3c-e5f572b2b70f/datanode-2/data-0/containers/hdds/6e39530a-abb5-4f3a-bb3c-e5f572b2b70f/DS-d2f75a65-4983-4a80-8582-acc978b257e4/container.db, /home/runner/work/ozone/ozone/hadoop-ozone/integration-test/target/test-dir/MiniOzoneClusterImpl-6e39530a-abb5-4f3a-bb3c-e5f572b2b70f/datanode-4/data-0/containers/hdds/6e39530a-abb5-4f3a-bb3c-e5f572b2b70f/DS-b4ba60a8-626b-451f-842b-49e6c5dcd0b6/container.db]
2023-09-07 20:30:45,598 [ForkJoinPool.commonPool-worker-2] INFO  utils.BackgroundService (BackgroundService.java:shutdown(141)) - Shutting down service BlockDeletingService
2023-09-07 20:30:45,602 [ForkJoinPool.commonPool-worker-2] INFO  utils.BackgroundService (BackgroundService.java:shutdown(141)) - Shutting down service StaleRecoveringContainerScrubbingService
2023-09-07 20:30:45,602 [ForkJoinPool.commonPool-worker-1] INFO  utils.DatanodeStoreCache (DatanodeStoreCache.java:removeDB(104)) - Removed db /home/runner/work/ozone/ozone/hadoop-ozone/integration-test/target/test-dir/MiniOzoneClusterImpl-6e39530a-abb5-4f3a-bb3c-e5f572b2b70f/datanode-4/data-0/containers/hdds/6e39530a-abb5-4f3a-bb3c-e5f572b2b70f/DS-b4ba60a8-626b-451f-842b-49e6c5dcd0b6/container.db from cache
2023-09-07 20:30:45,602 [ForkJoinPool.commonPool-worker-1] INFO  volume.HddsVolume (HddsVolume.java:closeDbStore(453)) - SchemaV3 db is stopped at /home/runner/work/ozone/ozone/hadoop-ozone/integration-test/target/test-dir/MiniOzoneClusterImpl-6e39530a-abb5-4f3a-bb3c-e5f572b2b70f/datanode-4/data-0/containers/hdds/6e39530a-abb5-4f3a-bb3c-e5f572b2b70f/DS-b4ba60a8-626b-451f-842b-49e6c5dcd0b6/container.db for volume DS-b4ba60a8-626b-451f-842b-49e6c5dcd0b6
2023-09-07 20:30:45,603 [ForkJoinPool.commonPool-worker-1] INFO  utils.BackgroundService (BackgroundService.java:shutdown(141)) - Shutting down service BlockDeletingService
2023-09-07 20:30:45,604 [ForkJoinPool.commonPool-worker-1] INFO  utils.BackgroundService (BackgroundService.java:shutdown(141)) - Shutting down service StaleRecoveringContainerScrubbingService
2023-09-07 20:30:45,612 [ForkJoinPool.commonPool-worker-2] INFO  statemachine.DatanodeStateMachine (DatanodeStateMachine.java:stopDaemon(620)) - Ozone container server stopped.
2023-09-07 20:30:45,612 [ForkJoinPool.commonPool-worker-1] INFO  statemachine.DatanodeStateMachine (DatanodeStateMachine.java:stopDaemon(620)) - Ozone container server stopped.
2023-09-07 20:30:45,632 [ForkJoinPool.commonPool-worker-2] INFO  handler.ContextHandler (ContextHandler.java:doStop(1159)) - Stopped o.e.j.w.WebAppContext@36592a07{hddsDatanode,/,null,STOPPED}{jar:file:/home/runner/.m2/repository/org/apache/ozone/hdds-container-service/1.4.0-SNAPSHOT/hdds-container-service-1.4.0-SNAPSHOT.jar!/webapps/hddsDatanode}
2023-09-07 20:30:45,633 [ForkJoinPool.commonPool-worker-2] INFO  server.AbstractConnector (AbstractConnector.java:doStop(383)) - Stopped ServerConnector@1972ffee{HTTP/1.1, (http/1.1)}{0.0.0.0:15089}
2023-09-07 20:30:45,633 [ForkJoinPool.commonPool-worker-2] INFO  server.session (HouseKeeper.java:stopScavenging(149)) - node0 Stopped scavenging
2023-09-07 20:30:45,634 [ForkJoinPool.commonPool-worker-2] INFO  handler.ContextHandler (ContextHandler.java:doStop(1159)) - Stopped o.e.j.s.ServletContextHandler@2e61ab3e{static,/static,jar:file:/home/runner/.m2/repository/org/apache/ozone/hdds-container-service/1.4.0-SNAPSHOT/hdds-container-service-1.4.0-SNAPSHOT.jar!/webapps/static,STOPPED}
2023-09-07 20:30:45,636 [ForkJoinPool.commonPool-worker-2] INFO  handler.ContextHandler (ContextHandler.java:doStop(1159)) - Stopped o.e.j.s.ServletContextHandler@3206efeb{logs,/logs,file:///home/runner/work/ozone/ozone/hadoop-ozone/integration-test/target/log,STOPPED}
2023-09-07 20:30:45,638 [ForkJoinPool.commonPool-worker-2] INFO  ozone.HddsDatanodeClientProtocolServer (HddsDatanodeClientProtocolServer.java:stop(78)) - Stopping the RPC server for Client Protocol
2023-09-07 20:30:45,638 [ForkJoinPool.commonPool-worker-2] INFO  ipc.Server (Server.java:stop(3523)) - Stopping server on 15090
2023-09-07 20:30:45,653 [ForkJoinPool.commonPool-worker-3] INFO  utils.DatanodeStoreCache (DatanodeStoreCache.java:shutdownCache(110)) - Skip clearing cache in mini cluster mode. Entries left: [/home/runner/work/ozone/ozone/hadoop-ozone/integration-test/target/test-dir/MiniOzoneClusterImpl-6e39530a-abb5-4f3a-bb3c-e5f572b2b70f/datanode-0/data-0/containers/hdds/6e39530a-abb5-4f3a-bb3c-e5f572b2b70f/DS-5b2089e0-a151-4572-b1d2-bc209c2914e0/container.db, /home/runner/work/ozone/ozone/hadoop-ozone/integration-test/target/test-dir/MiniOzoneClusterImpl-6e39530a-abb5-4f3a-bb3c-e5f572b2b70f/datanode-1/data-0/containers/hdds/6e39530a-abb5-4f3a-bb3c-e5f572b2b70f/DS-1d5d1d3d-f272-446e-96d5-c2125f07a065/container.db, /home/runner/work/ozone/ozone/hadoop-ozone/integration-test/target/test-dir/MiniOzoneClusterImpl-6e39530a-abb5-4f3a-bb3c-e5f572b2b70f/datanode-2/data-0/containers/hdds/6e39530a-abb5-4f3a-bb3c-e5f572b2b70f/DS-d2f75a65-4983-4a80-8582-acc978b257e4/container.db]
2023-09-07 20:30:45,654 [IPC Server Responder] INFO  ipc.Server (Server.java:run(1567)) - Stopping IPC Server Responder
2023-09-07 20:30:45,654 [IPC Server listener on 15090] INFO  ipc.Server (Server.java:run(1434)) - Stopping IPC Server listener on 15090
2023-09-07 20:30:45,659 [ForkJoinPool.commonPool-worker-3] INFO  utils.DatanodeStoreCache (DatanodeStoreCache.java:removeDB(104)) - Removed db /home/runner/work/ozone/ozone/hadoop-ozone/integration-test/target/test-dir/MiniOzoneClusterImpl-6e39530a-abb5-4f3a-bb3c-e5f572b2b70f/datanode-1/data-0/containers/hdds/6e39530a-abb5-4f3a-bb3c-e5f572b2b70f/DS-1d5d1d3d-f272-446e-96d5-c2125f07a065/container.db from cache
2023-09-07 20:30:45,659 [ForkJoinPool.commonPool-worker-3] INFO  volume.HddsVolume (HddsVolume.java:closeDbStore(453)) - SchemaV3 db is stopped at /home/runner/work/ozone/ozone/hadoop-ozone/integration-test/target/test-dir/MiniOzoneClusterImpl-6e39530a-abb5-4f3a-bb3c-e5f572b2b70f/datanode-1/data-0/containers/hdds/6e39530a-abb5-4f3a-bb3c-e5f572b2b70f/DS-1d5d1d3d-f272-446e-96d5-c2125f07a065/container.db for volume DS-1d5d1d3d-f272-446e-96d5-c2125f07a065
2023-09-07 20:30:45,662 [ForkJoinPool.commonPool-worker-0] INFO  utils.DatanodeStoreCache (DatanodeStoreCache.java:shutdownCache(110)) - Skip clearing cache in mini cluster mode. Entries left: [/home/runner/work/ozone/ozone/hadoop-ozone/integration-test/target/test-dir/MiniOzoneClusterImpl-6e39530a-abb5-4f3a-bb3c-e5f572b2b70f/datanode-0/data-0/containers/hdds/6e39530a-abb5-4f3a-bb3c-e5f572b2b70f/DS-5b2089e0-a151-4572-b1d2-bc209c2914e0/container.db, /home/runner/work/ozone/ozone/hadoop-ozone/integration-test/target/test-dir/MiniOzoneClusterImpl-6e39530a-abb5-4f3a-bb3c-e5f572b2b70f/datanode-2/data-0/containers/hdds/6e39530a-abb5-4f3a-bb3c-e5f572b2b70f/DS-d2f75a65-4983-4a80-8582-acc978b257e4/container.db]
2023-09-07 20:30:45,662 [main] INFO  utils.DatanodeStoreCache (DatanodeStoreCache.java:shutdownCache(110)) - Skip clearing cache in mini cluster mode. Entries left: [/home/runner/work/ozone/ozone/hadoop-ozone/integration-test/target/test-dir/MiniOzoneClusterImpl-6e39530a-abb5-4f3a-bb3c-e5f572b2b70f/datanode-0/data-0/containers/hdds/6e39530a-abb5-4f3a-bb3c-e5f572b2b70f/DS-5b2089e0-a151-4572-b1d2-bc209c2914e0/container.db, /home/runner/work/ozone/ozone/hadoop-ozone/integration-test/target/test-dir/MiniOzoneClusterImpl-6e39530a-abb5-4f3a-bb3c-e5f572b2b70f/datanode-2/data-0/containers/hdds/6e39530a-abb5-4f3a-bb3c-e5f572b2b70f/DS-d2f75a65-4983-4a80-8582-acc978b257e4/container.db]
2023-09-07 20:30:45,664 [main] INFO  utils.DatanodeStoreCache (DatanodeStoreCache.java:removeDB(104)) - Removed db /home/runner/work/ozone/ozone/hadoop-ozone/integration-test/target/test-dir/MiniOzoneClusterImpl-6e39530a-abb5-4f3a-bb3c-e5f572b2b70f/datanode-2/data-0/containers/hdds/6e39530a-abb5-4f3a-bb3c-e5f572b2b70f/DS-d2f75a65-4983-4a80-8582-acc978b257e4/container.db from cache
2023-09-07 20:30:45,664 [main] INFO  volume.HddsVolume (HddsVolume.java:closeDbStore(453)) - SchemaV3 db is stopped at /home/runner/work/ozone/ozone/hadoop-ozone/integration-test/target/test-dir/MiniOzoneClusterImpl-6e39530a-abb5-4f3a-bb3c-e5f572b2b70f/datanode-2/data-0/containers/hdds/6e39530a-abb5-4f3a-bb3c-e5f572b2b70f/DS-d2f75a65-4983-4a80-8582-acc978b257e4/container.db for volume DS-d2f75a65-4983-4a80-8582-acc978b257e4
2023-09-07 20:30:45,664 [main] INFO  utils.BackgroundService (BackgroundService.java:shutdown(141)) - Shutting down service BlockDeletingService
2023-09-07 20:30:45,666 [ForkJoinPool.commonPool-worker-3] INFO  utils.BackgroundService (BackgroundService.java:shutdown(141)) - Shutting down service BlockDeletingService
2023-09-07 20:30:45,667 [ForkJoinPool.commonPool-worker-3] INFO  utils.BackgroundService (BackgroundService.java:shutdown(141)) - Shutting down service StaleRecoveringContainerScrubbingService
2023-09-07 20:30:45,668 [main] INFO  utils.BackgroundService (BackgroundService.java:shutdown(141)) - Shutting down service StaleRecoveringContainerScrubbingService
2023-09-07 20:30:45,669 [main] INFO  statemachine.DatanodeStateMachine (DatanodeStateMachine.java:stopDaemon(620)) - Ozone container server stopped.
2023-09-07 20:30:45,674 [ForkJoinPool.commonPool-worker-3] INFO  statemachine.DatanodeStateMachine (DatanodeStateMachine.java:stopDaemon(620)) - Ozone container server stopped.
2023-09-07 20:30:45,675 [ForkJoinPool.commonPool-worker-0] INFO  utils.DatanodeStoreCache (DatanodeStoreCache.java:removeDB(104)) - Removed db /home/runner/work/ozone/ozone/hadoop-ozone/integration-test/target/test-dir/MiniOzoneClusterImpl-6e39530a-abb5-4f3a-bb3c-e5f572b2b70f/datanode-0/data-0/containers/hdds/6e39530a-abb5-4f3a-bb3c-e5f572b2b70f/DS-5b2089e0-a151-4572-b1d2-bc209c2914e0/container.db from cache
2023-09-07 20:30:45,682 [ForkJoinPool.commonPool-worker-0] INFO  volume.HddsVolume (HddsVolume.java:closeDbStore(453)) - SchemaV3 db is stopped at /home/runner/work/ozone/ozone/hadoop-ozone/integration-test/target/test-dir/MiniOzoneClusterImpl-6e39530a-abb5-4f3a-bb3c-e5f572b2b70f/datanode-0/data-0/containers/hdds/6e39530a-abb5-4f3a-bb3c-e5f572b2b70f/DS-5b2089e0-a151-4572-b1d2-bc209c2914e0/container.db for volume DS-5b2089e0-a151-4572-b1d2-bc209c2914e0
2023-09-07 20:30:45,686 [ForkJoinPool.commonPool-worker-1] INFO  handler.ContextHandler (ContextHandler.java:doStop(1159)) - Stopped o.e.j.w.WebAppContext@2ebe69e{hddsDatanode,/,null,STOPPED}{jar:file:/home/runner/.m2/repository/org/apache/ozone/hdds-container-service/1.4.0-SNAPSHOT/hdds-container-service-1.4.0-SNAPSHOT.jar!/webapps/hddsDatanode}
2023-09-07 20:30:45,691 [ForkJoinPool.commonPool-worker-1] INFO  server.AbstractConnector (AbstractConnector.java:doStop(383)) - Stopped ServerConnector@2df6f170{HTTP/1.1, (http/1.1)}{0.0.0.0:15098}
2023-09-07 20:30:45,692 [ForkJoinPool.commonPool-worker-1] INFO  server.session (HouseKeeper.java:stopScavenging(149)) - node0 Stopped scavenging
2023-09-07 20:30:45,693 [ForkJoinPool.commonPool-worker-1] INFO  handler.ContextHandler (ContextHandler.java:doStop(1159)) - Stopped o.e.j.s.ServletContextHandler@3eae10be{static,/static,jar:file:/home/runner/.m2/repository/org/apache/ozone/hdds-container-service/1.4.0-SNAPSHOT/hdds-container-service-1.4.0-SNAPSHOT.jar!/webapps/static,STOPPED}
2023-09-07 20:30:45,693 [ForkJoinPool.commonPool-worker-0] INFO  utils.BackgroundService (BackgroundService.java:shutdown(141)) - Shutting down service BlockDeletingService
2023-09-07 20:30:45,694 [ForkJoinPool.commonPool-worker-1] INFO  handler.ContextHandler (ContextHandler.java:doStop(1159)) - Stopped o.e.j.s.ServletContextHandler@2f1ca332{logs,/logs,file:///home/runner/work/ozone/ozone/hadoop-ozone/integration-test/target/log,STOPPED}
2023-09-07 20:30:45,695 [ForkJoinPool.commonPool-worker-0] INFO  utils.BackgroundService (BackgroundService.java:shutdown(141)) - Shutting down service StaleRecoveringContainerScrubbingService
2023-09-07 20:30:45,695 [ForkJoinPool.commonPool-worker-1] INFO  ozone.HddsDatanodeClientProtocolServer (HddsDatanodeClientProtocolServer.java:stop(78)) - Stopping the RPC server for Client Protocol
2023-09-07 20:30:45,698 [ForkJoinPool.commonPool-worker-0] INFO  statemachine.DatanodeStateMachine (DatanodeStateMachine.java:stopDaemon(620)) - Ozone container server stopped.
2023-09-07 20:30:45,698 [ForkJoinPool.commonPool-worker-1] INFO  ipc.Server (Server.java:stop(3523)) - Stopping server on 15099
2023-09-07 20:30:45,699 [IPC Server listener on 15099] INFO  ipc.Server (Server.java:run(1434)) - Stopping IPC Server listener on 15099
2023-09-07 20:30:45,699 [IPC Server Responder] INFO  ipc.Server (Server.java:run(1567)) - Stopping IPC Server Responder
2023-09-07 20:30:45,724 [ForkJoinPool.commonPool-worker-0] INFO  handler.ContextHandler (ContextHandler.java:doStop(1159)) - Stopped o.e.j.w.WebAppContext@33714dd6{hddsDatanode,/,null,STOPPED}{jar:file:/home/runner/.m2/repository/org/apache/ozone/hdds-container-service/1.4.0-SNAPSHOT/hdds-container-service-1.4.0-SNAPSHOT.jar!/webapps/hddsDatanode}
2023-09-07 20:30:45,726 [ForkJoinPool.commonPool-worker-0] INFO  server.AbstractConnector (AbstractConnector.java:doStop(383)) - Stopped ServerConnector@54bcc14e{HTTP/1.1, (http/1.1)}{0.0.0.0:15062}
2023-09-07 20:30:45,726 [ForkJoinPool.commonPool-worker-0] INFO  server.session (HouseKeeper.java:stopScavenging(149)) - node0 Stopped scavenging
2023-09-07 20:30:45,726 [ForkJoinPool.commonPool-worker-0] INFO  handler.ContextHandler (ContextHandler.java:doStop(1159)) - Stopped o.e.j.s.ServletContextHandler@2e8fdec5{static,/static,jar:file:/home/runner/.m2/repository/org/apache/ozone/hdds-container-service/1.4.0-SNAPSHOT/hdds-container-service-1.4.0-SNAPSHOT.jar!/webapps/static,STOPPED}
2023-09-07 20:30:45,726 [ForkJoinPool.commonPool-worker-0] INFO  handler.ContextHandler (ContextHandler.java:doStop(1159)) - Stopped o.e.j.s.ServletContextHandler@4fa2e6b8{logs,/logs,file:///home/runner/work/ozone/ozone/hadoop-ozone/integration-test/target/log,STOPPED}
2023-09-07 20:30:45,727 [main] INFO  handler.ContextHandler (ContextHandler.java:doStop(1159)) - Stopped o.e.j.w.WebAppContext@21c3b7fc{hddsDatanode,/,null,STOPPED}{jar:file:/home/runner/.m2/repository/org/apache/ozone/hdds-container-service/1.4.0-SNAPSHOT/hdds-container-service-1.4.0-SNAPSHOT.jar!/webapps/hddsDatanode}
2023-09-07 20:30:45,729 [main] INFO  server.AbstractConnector (AbstractConnector.java:doStop(383)) - Stopped ServerConnector@4d5c09d1{HTTP/1.1, (http/1.1)}{0.0.0.0:15080}
2023-09-07 20:30:45,729 [main] INFO  server.session (HouseKeeper.java:stopScavenging(149)) - node0 Stopped scavenging
2023-09-07 20:30:45,730 [main] INFO  handler.ContextHandler (ContextHandler.java:doStop(1159)) - Stopped o.e.j.s.ServletContextHandler@3b53625{static,/static,jar:file:/home/runner/.m2/repository/org/apache/ozone/hdds-container-service/1.4.0-SNAPSHOT/hdds-container-service-1.4.0-SNAPSHOT.jar!/webapps/static,STOPPED}
2023-09-07 20:30:45,730 [main] INFO  handler.ContextHandler (ContextHandler.java:doStop(1159)) - Stopped o.e.j.s.ServletContextHandler@5c10a995{logs,/logs,file:///home/runner/work/ozone/ozone/hadoop-ozone/integration-test/target/log,STOPPED}
2023-09-07 20:30:45,731 [ForkJoinPool.commonPool-worker-0] INFO  ozone.HddsDatanodeClientProtocolServer (HddsDatanodeClientProtocolServer.java:stop(78)) - Stopping the RPC server for Client Protocol
2023-09-07 20:30:45,732 [ForkJoinPool.commonPool-worker-3] INFO  handler.ContextHandler (ContextHandler.java:doStop(1159)) - Stopped o.e.j.w.WebAppContext@7327749c{hddsDatanode,/,null,STOPPED}{jar:file:/home/runner/.m2/repository/org/apache/ozone/hdds-container-service/1.4.0-SNAPSHOT/hdds-container-service-1.4.0-SNAPSHOT.jar!/webapps/hddsDatanode}
2023-09-07 20:30:45,732 [ForkJoinPool.commonPool-worker-0] INFO  ipc.Server (Server.java:stop(3523)) - Stopping server on 15063
2023-09-07 20:30:45,733 [IPC Server listener on 15063] INFO  ipc.Server (Server.java:run(1434)) - Stopping IPC Server listener on 15063
2023-09-07 20:30:45,740 [IPC Server Responder] INFO  ipc.Server (Server.java:run(1567)) - Stopping IPC Server Responder
2023-09-07 20:30:45,743 [main] INFO  ozone.HddsDatanodeClientProtocolServer (HddsDatanodeClientProtocolServer.java:stop(78)) - Stopping the RPC server for Client Protocol
2023-09-07 20:30:45,743 [main] INFO  ipc.Server (Server.java:stop(3523)) - Stopping server on 15081
2023-09-07 20:30:45,747 [ForkJoinPool.commonPool-worker-3] INFO  server.AbstractConnector (AbstractConnector.java:doStop(383)) - Stopped ServerConnector@6924ffdc{HTTP/1.1, (http/1.1)}{0.0.0.0:15071}
2023-09-07 20:30:45,748 [ForkJoinPool.commonPool-worker-3] INFO  server.session (HouseKeeper.java:stopScavenging(149)) - node0 Stopped scavenging
2023-09-07 20:30:45,748 [ForkJoinPool.commonPool-worker-3] INFO  handler.ContextHandler (ContextHandler.java:doStop(1159)) - Stopped o.e.j.s.ServletContextHandler@4e55a242{static,/static,jar:file:/home/runner/.m2/repository/org/apache/ozone/hdds-container-service/1.4.0-SNAPSHOT/hdds-container-service-1.4.0-SNAPSHOT.jar!/webapps/static,STOPPED}
2023-09-07 20:30:45,748 [IPC Server listener on 15081] INFO  ipc.Server (Server.java:run(1434)) - Stopping IPC Server listener on 15081
2023-09-07 20:30:45,748 [ForkJoinPool.commonPool-worker-3] INFO  handler.ContextHandler (ContextHandler.java:doStop(1159)) - Stopped o.e.j.s.ServletContextHandler@1a41a193{logs,/logs,file:///home/runner/work/ozone/ozone/hadoop-ozone/integration-test/target/log,STOPPED}
2023-09-07 20:30:45,749 [IPC Server Responder] INFO  ipc.Server (Server.java:run(1567)) - Stopping IPC Server Responder
2023-09-07 20:30:45,749 [ForkJoinPool.commonPool-worker-3] INFO  ozone.HddsDatanodeClientProtocolServer (HddsDatanodeClientProtocolServer.java:stop(78)) - Stopping the RPC server for Client Protocol
2023-09-07 20:30:45,755 [ForkJoinPool.commonPool-worker-3] INFO  ipc.Server (Server.java:stop(3523)) - Stopping server on 15072
2023-09-07 20:30:45,757 [IPC Server Responder] INFO  ipc.Server (Server.java:run(1567)) - Stopping IPC Server Responder
2023-09-07 20:30:45,757 [IPC Server listener on 15072] INFO  ipc.Server (Server.java:run(1434)) - Stopping IPC Server listener on 15072
2023-09-07 20:30:45,758 [main] INFO  ozone.MiniOzoneClusterImpl (MiniOzoneClusterImpl.java:stopSCM(543)) - Stopping the StorageContainerManager
2023-09-07 20:30:45,758 [main] INFO  server.StorageContainerManager (StorageContainerManager.java:stop(1591)) - Container Balancer is not running.
2023-09-07 20:30:45,758 [main] INFO  server.StorageContainerManager (StorageContainerManager.java:stopReplicationManager(1724)) - Stopping Replication Manager Service.
2023-09-07 20:30:45,758 [main] INFO  replication.ReplicationManager (ReplicationManager.java:stop(323)) - Stopping Replication Monitor Thread.
2023-09-07 20:30:45,758 [Under Replicated Processor] WARN  replication.UnhealthyReplicationProcessor (UnhealthyReplicationProcessor.java:run(180)) - Under Replicated Processor interrupted. Exiting...
2023-09-07 20:30:45,759 [Over Replicated Processor] WARN  replication.UnhealthyReplicationProcessor (UnhealthyReplicationProcessor.java:run(180)) - Over Replicated Processor interrupted. Exiting...
2023-09-07 20:30:45,759 [main] INFO  server.StorageContainerManager (StorageContainerManager.java:stop(1600)) - Stopping the Datanode Admin Monitor.
2023-09-07 20:30:45,759 [ReplicationMonitor] INFO  replication.ReplicationManager (ReplicationManager.java:run(921)) - Replication Monitor Thread is stopped
2023-09-07 20:30:45,762 [main] INFO  server.StorageContainerManager (StorageContainerManager.java:stop(1607)) - Stopping datanode service RPC server
2023-09-07 20:30:45,762 [main] INFO  server.SCMDatanodeProtocolServer (SCMDatanodeProtocolServer.java:stop(424)) - Stopping the RPC server for DataNodes
2023-09-07 20:30:45,762 [main] INFO  ipc.Server (Server.java:stop(3523)) - Stopping server on 15055
2023-09-07 20:30:45,766 [IPC Server listener on 15055] INFO  ipc.Server (Server.java:run(1434)) - Stopping IPC Server listener on 15055
2023-09-07 20:30:45,768 [IPC Server Responder] INFO  ipc.Server (Server.java:run(1567)) - Stopping IPC Server Responder
2023-09-07 20:30:45,803 [SCM Heartbeat Processing Thread - 0] WARN  node.NodeStateManager (NodeStateManager.java:scheduleNextHealthCheck(874)) - Current Thread is interrupted, shutting down HB processing thread for Node Manager.
2023-09-07 20:30:45,805 [main] INFO  server.StorageContainerManager (StorageContainerManager.java:stop(1615)) - Stopping block service RPC server
2023-09-07 20:30:45,805 [main] INFO  server.SCMBlockProtocolServer (SCMBlockProtocolServer.java:stop(163)) - Stopping the RPC server for Block Protocol
2023-09-07 20:30:45,805 [main] INFO  ipc.Server (Server.java:stop(3523)) - Stopping server on 15054
2023-09-07 20:30:45,808 [IPC Server listener on 15054] INFO  ipc.Server (Server.java:run(1434)) - Stopping IPC Server listener on 15054
2023-09-07 20:30:45,808 [IPC Server Responder] INFO  ipc.Server (Server.java:run(1567)) - Stopping IPC Server Responder
2023-09-07 20:30:45,809 [main] INFO  server.StorageContainerManager (StorageContainerManager.java:stop(1622)) - Stopping the StorageContainerLocationProtocol RPC server
2023-09-07 20:30:45,809 [main] INFO  server.SCMClientProtocolServer (SCMClientProtocolServer.java:stop(210)) - Stopping the RPC server for Client Protocol
2023-09-07 20:30:45,809 [main] INFO  ipc.Server (Server.java:stop(3523)) - Stopping server on 15053
2023-09-07 20:30:45,810 [IPC Server listener on 15053] INFO  ipc.Server (Server.java:run(1434)) - Stopping IPC Server listener on 15053
2023-09-07 20:30:45,813 [IPC Server Responder] INFO  ipc.Server (Server.java:run(1567)) - Stopping IPC Server Responder
2023-09-07 20:30:45,814 [main] INFO  server.StorageContainerManager (StorageContainerManager.java:stop(1629)) - Stopping Storage Container Manager HTTP server.
2023-09-07 20:30:45,815 [main] INFO  handler.ContextHandler (ContextHandler.java:doStop(1159)) - Stopped o.e.j.w.WebAppContext@1927d1c7{scm,/,null,STOPPED}{file:/home/runner/work/ozone/ozone/hadoop-ozone/integration-test/target/test-classes/webapps/scm}
2023-09-07 20:30:45,815 [main] INFO  server.AbstractConnector (AbstractConnector.java:doStop(383)) - Stopped ServerConnector@4cc82607{HTTP/1.1, (http/1.1)}{0.0.0.0:15056}
2023-09-07 20:30:45,816 [main] INFO  server.session (HouseKeeper.java:stopScavenging(149)) - node0 Stopped scavenging
2023-09-07 20:30:45,816 [main] INFO  handler.ContextHandler (ContextHandler.java:doStop(1159)) - Stopped o.e.j.s.ServletContextHandler@5239ebe3{static,/static,file:///home/runner/work/ozone/ozone/hadoop-ozone/integration-test/target/test-classes/webapps/static,STOPPED}
2023-09-07 20:30:45,816 [main] INFO  handler.ContextHandler (ContextHandler.java:doStop(1159)) - Stopped o.e.j.s.ServletContextHandler@7d52e1f8{logs,/logs,file:///home/runner/work/ozone/ozone/hadoop-ozone/integration-test/target/log,STOPPED}
2023-09-07 20:30:45,817 [main] INFO  server.StorageContainerManager (StorageContainerManager.java:stop(1637)) - Stopping SCM LayoutVersionManager Service.
2023-09-07 20:30:45,818 [main] INFO  server.StorageContainerManager (StorageContainerManager.java:stop(1649)) - Stopping Block Manager Service.
2023-09-07 20:30:45,818 [main] INFO  utils.BackgroundService (BackgroundService.java:shutdown(141)) - Shutting down service SCMBlockDeletingService
2023-09-07 20:30:45,818 [main] INFO  utils.BackgroundService (BackgroundService.java:shutdown(141)) - Shutting down service SCMBlockDeletingService
2023-09-07 20:30:45,818 [main] INFO  server.StorageContainerManager (StorageContainerManager.java:stop(1669)) - Stopping SCM Event Queue.
2023-09-07 20:30:45,820 [JvmPauseMonitor7] INFO  util.JvmPauseMonitor (JvmPauseMonitor.java:run(109)) - JvmPauseMonitor-2c1fc050-23c8-48a8-9331-275cd9c9a7dd: Stopped
2023-09-07 20:30:45,820 [main] INFO  server.StorageContainerManager (StorageContainerManager.java:stop(1680)) - Stopping SCM HA services.
2023-09-07 20:30:45,821 [main] INFO  pipeline.BackgroundPipelineCreator (BackgroundPipelineCreator.java:stop(149)) - Stopping RatisPipelineUtilsThread.
2023-09-07 20:30:45,821 [RatisPipelineUtilsThread - 0] WARN  pipeline.BackgroundPipelineCreator (BackgroundPipelineCreator.java:run(180)) - RatisPipelineUtilsThread is interrupted.
2023-09-07 20:30:45,821 [BackgroundPipelineScrubberThread] WARN  BackgroundPipelineScrubber (BackgroundSCMService.java:run(115)) - BackgroundPipelineScrubber is interrupted, exit
2023-09-07 20:30:45,822 [main] INFO  BackgroundPipelineScrubber (BackgroundSCMService.java:stop(131)) - Stopping BackgroundPipelineScrubber Service.
2023-09-07 20:30:45,822 [main] INFO  impl.MetricsSystemImpl (MetricsSystemImpl.java:stop(210)) - Stopping HddsDatanode metrics system...
2023-09-07 20:30:45,831 [prometheus] INFO  impl.MetricsSinkAdapter (MetricsSinkAdapter.java:publishMetricsFromQueue(141)) - prometheus thread interrupted.
2023-09-07 20:30:45,831 [main] INFO  impl.MetricsSystemImpl (MetricsSystemImpl.java:stop(216)) - HddsDatanode metrics system stopped.
2023-09-07 20:30:45,832 [main] WARN  pipeline.BackgroundPipelineCreator (BackgroundPipelineCreator.java:stop(145)) - RatisPipelineUtilsThread is not running, just ignore.
2023-09-07 20:30:45,832 [main] INFO  BackgroundPipelineScrubber (BackgroundSCMService.java:stop(126)) - BackgroundPipelineScrubber Service is not running, skip stop.
2023-09-07 20:30:45,832 [main] INFO  ExpiredContainerReplicaOpScrubber (BackgroundSCMService.java:stop(131)) - Stopping ExpiredContainerReplicaOpScrubber Service.
2023-09-07 20:30:45,832 [main] INFO  utils.BackgroundService (BackgroundService.java:shutdown(141)) - Shutting down service SCMBlockDeletingService
2023-09-07 20:30:45,832 [main] INFO  replication.ReplicationManager (ReplicationManager.java:stop(333)) - Replication Monitor Thread is not running.
2023-09-07 20:30:45,832 [main] WARN  balancer.ContainerBalancer (ContainerBalancer.java:stop(326)) - Cannot stop Container Balancer because it's not running or stopping
2023-09-07 20:30:45,832 [ExpiredContainerReplicaOpScrubberThread] WARN  ExpiredContainerReplicaOpScrubber (BackgroundSCMService.java:run(115)) - ExpiredContainerReplicaOpScrubber is interrupted, exit
2023-09-07 20:30:45,833 [main] INFO  server.StorageContainerManager (StorageContainerManager.java:stop(1715)) - Stopping SCM MetadataStore.
2023-09-07 20:30:45,925 [main] WARN  server.ServerUtils (ServerUtils.java:getScmDbDir(155)) - ozone.scm.db.dirs is not configured. We recommend adding this setting. Falling back to ozone.metadata.dirs instead.
2023-09-07 20:30:45,930 [main] WARN  server.ServerUtils (ServerUtils.java:getScmDbDir(155)) - ozone.scm.db.dirs is not configured. We recommend adding this setting. Falling back to ozone.metadata.dirs instead.
2023-09-07 20:30:45,931 [main] INFO  ha.SCMHANodeDetails (SCMHANodeDetails.java:loadSCMHAConfig(210)) - ServiceID for StorageContainerManager is null
2023-09-07 20:30:45,931 [main] INFO  ha.SCMHANodeDetails (SCMHANodeDetails.java:loadSCMHAConfig(215)) - ozone.scm.default.service.id is not defined, falling back to ozone.scm.service.ids to find serviceID for StorageContainerManager if it is HA enabled cluster
2023-09-07 20:30:45,932 [main] WARN  utils.HAUtils (HAUtils.java:getMetaDir(339)) - ozone.scm.db.dirs is not configured. We recommend adding this setting. Falling back to ozone.metadata.dirs instead.
2023-09-07 20:30:45,932 [main] WARN  db.DBStoreBuilder (DBStoreBuilder.java:applyDBDefinition(166)) - ozone.scm.db.dirs is not configured. We recommend adding this setting. Falling back to ozone.metadata.dirs instead.
2023-09-07 20:30:46,085 [main] INFO  net.NodeSchemaLoader (NodeSchemaLoader.java:loadSchemaFromFile(129)) - Loading schema from [jar:file:/home/runner/.m2/repository/org/apache/ozone/hdds-common/1.4.0-SNAPSHOT/hdds-common-1.4.0-SNAPSHOT.jar!/network-topology-default.xml]
2023-09-07 20:30:46,085 [main] INFO  net.NodeSchemaLoader (NodeSchemaLoader.java:loadSchema(176)) - Loading network topology layer schema file
2023-09-07 20:30:46,089 [main] INFO  upgrade.AbstractLayoutVersionManager (AbstractLayoutVersionManager.java:init(83)) - Initializing Layout version manager with metadata layout = HADOOP_PRC_PORTS_IN_DATANODEDETAILS (version = 7), software layout = HADOOP_PRC_PORTS_IN_DATANODEDETAILS (version = 7)
2023-09-07 20:30:46,091 [main] INFO  ha.SequenceIdGenerator (SequenceIdGenerator.java:upgradeToSequenceId(365)) - upgrade localId to 111677748019200000
2023-09-07 20:30:46,092 [main] INFO  ha.SequenceIdGenerator (SequenceIdGenerator.java:upgradeToSequenceId(375)) - upgrade delTxnId to 0
2023-09-07 20:30:46,093 [main] INFO  ha.SequenceIdGenerator (SequenceIdGenerator.java:upgradeToSequenceId(392)) - upgrade containerId to 0
2023-09-07 20:30:46,094 [main] INFO  ha.SequenceIdGenerator (SequenceIdGenerator.java:upgradeToSequenceId(428)) - upgrade rootCertificateId to 1
2023-09-07 20:30:46,094 [main] INFO  ha.SequenceIdGenerator (SequenceIdGenerator.java:<init>(236)) - Init the HA SequenceIdGenerator.
2023-09-07 20:30:46,095 [main] WARN  server.ServerUtils (ServerUtils.java:sanitizeUserArgs(80)) - ozone.scm.stale.node.interval value = 300000 is larger than max = 100000 based on the key value of ozone.scm.heartbeat.thread.interval, reset to the max value 100000.
2023-09-07 20:30:46,095 [main] WARN  server.ServerUtils (ServerUtils.java:sanitizeUserArgs(80)) - ozone.scm.stale.node.interval value = 300000 is larger than max = 100000 based on the key value of ozone.scm.heartbeat.thread.interval, reset to the max value 100000.
2023-09-07 20:30:46,095 [main] INFO  node.SCMNodeManager (SCMNodeManager.java:<init>(157)) - Entering startup safe mode.
2023-09-07 20:30:46,096 [main] INFO  algorithms.ContainerPlacementPolicyFactory (ContainerPlacementPolicyFactory.java:getPolicyInternal(86)) - Create container placement policy of type org.apache.hadoop.hdds.scm.container.placement.algorithms.SCMContainerPlacementRackAware
2023-09-07 20:30:46,096 [main] INFO  algorithms.ContainerPlacementPolicyFactory (ContainerPlacementPolicyFactory.java:getPolicyInternal(86)) - Create container placement policy of type org.apache.hadoop.hdds.scm.container.placement.algorithms.SCMContainerPlacementRackScatter
2023-09-07 20:30:46,096 [main] INFO  pipeline.PipelineStateManagerImpl (PipelineStateManagerImpl.java:initialize(78)) - No pipeline exists in current db
2023-09-07 20:30:46,097 [main] INFO  algorithms.LeaderChoosePolicyFactory (LeaderChoosePolicyFactory.java:getPolicy(57)) - Create leader choose policy of type org.apache.hadoop.hdds.scm.pipeline.leader.choose.algorithms.MinLeaderCountChoosePolicy
2023-09-07 20:30:46,097 [main] INFO  algorithms.ContainerPlacementPolicyFactory (ContainerPlacementPolicyFactory.java:getPolicyInternal(86)) - Create container placement policy of type org.apache.hadoop.hdds.scm.container.placement.algorithms.SCMContainerPlacementRackScatter
2023-09-07 20:30:46,097 [main] INFO  ha.SCMServiceManager (SCMServiceManager.java:register(42)) - Registering service BackgroundPipelineCreator.
2023-09-07 20:30:46,097 [main] INFO  pipeline.BackgroundPipelineCreator (BackgroundPipelineCreator.java:start(124)) - Starting RatisPipelineUtilsThread.
2023-09-07 20:30:46,097 [main] INFO  BackgroundPipelineScrubber (BackgroundSCMService.java:start(68)) - Starting BackgroundPipelineScrubber Service.
2023-09-07 20:30:46,101 [main] INFO  ha.SCMServiceManager (SCMServiceManager.java:register(42)) - Registering service BackgroundPipelineScrubber.
2023-09-07 20:30:46,101 [main] INFO  ExpiredContainerReplicaOpScrubber (BackgroundSCMService.java:start(68)) - Starting ExpiredContainerReplicaOpScrubber Service.
2023-09-07 20:30:46,102 [main] INFO  ha.SCMServiceManager (SCMServiceManager.java:register(42)) - Registering service ExpiredContainerReplicaOpScrubber.
2023-09-07 20:30:46,103 [main] INFO  algorithms.PipelineChoosePolicyFactory (PipelineChoosePolicyFactory.java:createPipelineChoosePolicyFromClass(78)) - Create pipeline choose policy of type org.apache.hadoop.hdds.scm.pipeline.choose.algorithms.RandomPipelineChoosePolicy
2023-09-07 20:30:46,103 [main] INFO  algorithms.PipelineChoosePolicyFactory (PipelineChoosePolicyFactory.java:createPipelineChoosePolicyFromClass(78)) - Create pipeline choose policy of type org.apache.hadoop.hdds.scm.pipeline.choose.algorithms.RandomPipelineChoosePolicy
2023-09-07 20:30:46,103 [main] INFO  ha.SCMServiceManager (SCMServiceManager.java:register(42)) - Registering service SCMBlockDeletingService.
2023-09-07 20:30:46,104 [main] INFO  replication.ReplicationManager (ReplicationManager.java:start(291)) - Starting Replication Monitor Thread.
2023-09-07 20:30:46,105 [main] INFO  ha.SCMServiceManager (SCMServiceManager.java:register(42)) - Registering service ReplicationManager.
2023-09-07 20:30:46,106 [main] INFO  safemode.ContainerSafeModeRule (ContainerSafeModeRule.java:<init>(90)) - containers with one replica threshold count 0
2023-09-07 20:30:46,106 [main] INFO  safemode.HealthyPipelineSafeModeRule (HealthyPipelineSafeModeRule.java:initializeRule(169)) - Total pipeline count is 0, healthy pipeline threshold count is 1
2023-09-07 20:30:46,107 [main] INFO  safemode.OneReplicaPipelineSafeModeRule (OneReplicaPipelineSafeModeRule.java:initializeRule(180)) - Total pipeline count is 0, pipeline's with at least one datanode reported threshold count is 0
2023-09-07 20:30:46,107 [main] INFO  server.StorageContainerManager (StorageContainerManager.java:<init>(425)) - SCM start with adminUsers: [runner]
2023-09-07 20:30:46,108 [main] INFO  ipc.CallQueueManager (CallQueueManager.java:<init>(90)) - Using callQueue: class java.util.concurrent.LinkedBlockingQueue, queueCapacity: 2000, scheduler: class org.apache.hadoop.ipc.DefaultRpcScheduler, ipcBackoff: false.
2023-09-07 20:30:46,108 [main] INFO  ipc.Server (Server.java:<init>(1287)) - Listener at 0.0.0.0:15108
2023-09-07 20:30:46,111 [Socket Reader #1 for port 15108] INFO  ipc.Server (Server.java:run(1323)) - Starting Socket Reader #1 for port 15108
2023-09-07 20:30:46,112 [ReplicationMonitor] INFO  replication.ReplicationManager (ReplicationManager.java:processAll(365)) - Replication Manager is not ready to run until 3000ms after safemode exit
2023-09-07 20:30:46,115 [main] INFO  ipc.CallQueueManager (CallQueueManager.java:<init>(90)) - Using callQueue: class java.util.concurrent.LinkedBlockingQueue, queueCapacity: 2000, scheduler: class org.apache.hadoop.ipc.DefaultRpcScheduler, ipcBackoff: false.
2023-09-07 20:30:46,116 [main] INFO  ipc.Server (Server.java:<init>(1287)) - Listener at 0.0.0.0:15107
2023-09-07 20:30:46,122 [Socket Reader #1 for port 15107] INFO  ipc.Server (Server.java:run(1323)) - Starting Socket Reader #1 for port 15107
2023-09-07 20:30:46,127 [main] INFO  ipc.CallQueueManager (CallQueueManager.java:<init>(90)) - Using callQueue: class java.util.concurrent.LinkedBlockingQueue, queueCapacity: 2000, scheduler: class org.apache.hadoop.ipc.DefaultRpcScheduler, ipcBackoff: false.
2023-09-07 20:30:46,127 [main] INFO  ipc.Server (Server.java:<init>(1287)) - Listener at 0.0.0.0:15106
2023-09-07 20:30:46,131 [Socket Reader #1 for port 15106] INFO  ipc.Server (Server.java:run(1323)) - Starting Socket Reader #1 for port 15106
2023-09-07 20:30:46,148 [main] INFO  ha.SCMServiceManager (SCMServiceManager.java:register(42)) - Registering service ContainerBalancer.
2023-09-07 20:30:46,149 [main] INFO  server.StorageContainerManager (StorageContainerManager.java:<init>(438)) - 
Container Balancer status:
Key                            Value
Running                        false
Container Balancer Configuration values:
Key                                                Value
Threshold                                          10
Max Datanodes to Involve per Iteration(percent)    20
Max Size to Move per Iteration                     500GB
Max Size Entering Target per Iteration             26GB
Max Size Leaving Source per Iteration              26GB

2023-09-07 20:30:46,149 [main] INFO  ha.SCMContext (SCMContext.java:updateSafeModeStatus(228)) - Update SafeModeStatus from SafeModeStatus{safeModeStatus=true, preCheckPassed=false} to SafeModeStatus{safeModeStatus=true, preCheckPassed=false}.
2023-09-07 20:30:46,149 [main] INFO  server.StorageContainerManager (StorageContainerManager.java:start(1483)) - StorageContainerLocationProtocol RPC server is listening at /0.0.0.0:15106
2023-09-07 20:30:46,156 [main] WARN  impl.MetricsConfig (MetricsConfig.java:loadFirst(136)) - Cannot locate configuration: tried hadoop-metrics2-storagecontainermanager.properties,hadoop-metrics2.properties
2023-09-07 20:30:46,156 [main] INFO  impl.MetricsSystemImpl (MetricsSystemImpl.java:startTimer(378)) - Scheduled Metric snapshot period at 10 second(s).
2023-09-07 20:30:46,156 [main] INFO  impl.MetricsSystemImpl (MetricsSystemImpl.java:start(191)) - StorageContainerManager metrics system started
2023-09-07 20:30:46,165 [main] INFO  impl.MetricsSinkAdapter (MetricsSinkAdapter.java:start(204)) - Sink prometheus started
2023-09-07 20:30:46,165 [main] INFO  impl.MetricsSystemImpl (MetricsSystemImpl.java:registerSink(305)) - Registered sink prometheus
2023-09-07 20:30:46,227 [main] INFO  server.SCMClientProtocolServer (SCMClientProtocolServer.java:start(201)) - RPC server for Client  is listening at /0.0.0.0:15106
2023-09-07 20:30:46,228 [IPC Server Responder] INFO  ipc.Server (Server.java:run(1562)) - IPC Server Responder: starting
2023-09-07 20:30:46,233 [IPC Server listener on 15106] INFO  ipc.Server (Server.java:run(1402)) - IPC Server listener on 15106: starting
2023-09-07 20:30:46,241 [main] INFO  server.StorageContainerManager (StorageContainerManager.java:start(1496)) - ScmBlockLocationProtocol RPC server is listening at /0.0.0.0:15107
2023-09-07 20:30:46,241 [main] INFO  server.SCMBlockProtocolServer (SCMBlockProtocolServer.java:start(154)) - RPC server for Block Protocol is listening at /0.0.0.0:15107
2023-09-07 20:30:46,241 [IPC Server Responder] INFO  ipc.Server (Server.java:run(1562)) - IPC Server Responder: starting
2023-09-07 20:30:46,242 [IPC Server listener on 15107] INFO  ipc.Server (Server.java:run(1402)) - IPC Server listener on 15107: starting
2023-09-07 20:30:46,247 [main] INFO  server.SCMDatanodeProtocolServer (SCMDatanodeProtocolServer.java:start(193)) - ScmDatanodeProtocol RPC server for DataNodes is listening at /0.0.0.0:15108
2023-09-07 20:30:46,248 [IPC Server Responder] INFO  ipc.Server (Server.java:run(1562)) - IPC Server Responder: starting
2023-09-07 20:30:46,248 [IPC Server listener on 15108] INFO  ipc.Server (Server.java:run(1402)) - IPC Server listener on 15108: starting
2023-09-07 20:30:46,257 [JvmPauseMonitor14] INFO  util.JvmPauseMonitor (JvmPauseMonitor.java:run(103)) - JvmPauseMonitor-1003fca2-dc5e-444c-8c1a-d72f47972caf: Started
2023-09-07 20:30:46,258 [main] INFO  http.BaseHttpServer (BaseHttpServer.java:newHttpServer2BuilderForOzone(223)) - Starting Web-server for scm at: http://0.0.0.0:15109
2023-09-07 20:30:46,258 [main] INFO  http.BaseHttpServer (BaseHttpServer.java:<init>(110)) - Hadoop Security Enabled: false Ozone Security Enabled: false Ozone HTTP Security Enabled: false 
2023-09-07 20:30:46,261 [main] WARN  server.AuthenticationFilter (AuthenticationFilter.java:constructSecretProvider(240)) - Unable to initialize FileSignerSecretProvider, falling back to use random secrets. Reason: Could not read signature secret file: /home/runner/hadoop-http-auth-signature-secret
2023-09-07 20:30:46,263 [main] INFO  http.HttpRequestLog (HttpRequestLog.java:getRequestLog(86)) - Http request log for http.requests.scm is not defined
2023-09-07 20:30:46,265 [main] INFO  http.HttpServer2 (HttpServer2.java:addGlobalFilter(1031)) - Added global filter 'safety' (class=org.apache.hadoop.hdds.server.http.HttpServer2$QuotingInputFilter)
2023-09-07 20:30:46,270 [main] INFO  http.HttpServer2 (HttpServer2.java:addFilter(1007)) - Added filter static_user_filter (class=org.apache.hadoop.http.lib.StaticUserWebFilter$StaticUserFilter) to context scm
2023-09-07 20:30:46,270 [main] INFO  http.HttpServer2 (HttpServer2.java:addFilter(1015)) - Added filter static_user_filter (class=org.apache.hadoop.http.lib.StaticUserWebFilter$StaticUserFilter) to context static
2023-09-07 20:30:46,270 [main] INFO  http.HttpServer2 (HttpServer2.java:addFilter(1015)) - Added filter static_user_filter (class=org.apache.hadoop.http.lib.StaticUserWebFilter$StaticUserFilter) to context logs
2023-09-07 20:30:46,271 [main] INFO  http.BaseHttpServer (BaseHttpServer.java:<init>(189)) - HTTP server of scm uses base directory /home/runner/work/ozone/ozone/hadoop-ozone/integration-test/target/test-dir/MiniOzoneClusterImpl-7c3c5bdb-9f31-4157-923c-74528274ab7c/ozone-meta/webserver
2023-09-07 20:30:46,271 [main] INFO  http.HttpServer2 (HttpServer2.java:bindListener(1231)) - Jetty bound to port 15109
2023-09-07 20:30:46,271 [main] INFO  server.Server (Server.java:doStart(375)) - jetty-9.4.51.v20230217; built: 2023-02-17T08:19:37.309Z; git: b45c405e4544384de066f814ed42ae3dceacdd49; jvm 1.8.0_382-b05
2023-09-07 20:30:46,279 [main] INFO  server.session (DefaultSessionIdManager.java:doStart(334)) - DefaultSessionIdManager workerName=node0
2023-09-07 20:30:46,279 [main] INFO  server.session (DefaultSessionIdManager.java:doStart(339)) - No SessionScavenger set, using defaults
2023-09-07 20:30:46,279 [main] INFO  server.session (HouseKeeper.java:startScavenging(132)) - node0 Scavenging every 600000ms
2023-09-07 20:30:46,282 [main] INFO  handler.ContextHandler (ContextHandler.java:doStart(921)) - Started o.e.j.s.ServletContextHandler@6102a05e{logs,/logs,file:///home/runner/work/ozone/ozone/hadoop-ozone/integration-test/target/log,AVAILABLE}
2023-09-07 20:30:46,282 [main] INFO  handler.ContextHandler (ContextHandler.java:doStart(921)) - Started o.e.j.s.ServletContextHandler@1a848531{static,/static,file:///home/runner/work/ozone/ozone/hadoop-ozone/integration-test/target/test-classes/webapps/static,AVAILABLE}
2023-09-07 20:30:46,294 [main] INFO  handler.ContextHandler (ContextHandler.java:doStart(921)) - Started o.e.j.w.WebAppContext@7d92b9a9{scm,/,file:///home/runner/work/ozone/ozone/hadoop-ozone/integration-test/target/test-classes/webapps/scm/,AVAILABLE}{file:/home/runner/work/ozone/ozone/hadoop-ozone/integration-test/target/test-classes/webapps/scm}
2023-09-07 20:30:46,296 [main] INFO  server.AbstractConnector (AbstractConnector.java:doStart(333)) - Started ServerConnector@5e3193ac{HTTP/1.1, (http/1.1)}{0.0.0.0:15109}
2023-09-07 20:30:46,297 [main] INFO  server.Server (Server.java:doStart(415)) - Started @217370ms
2023-09-07 20:30:46,297 [main] WARN  impl.MetricsSystemImpl (MetricsSystemImpl.java:register(279)) - Sink prometheus already exists!
2023-09-07 20:30:46,298 [main] INFO  http.BaseHttpServer (BaseHttpServer.java:updateConnectorAddress(354)) - HTTP server of scm listening at http://0.0.0.0:15109
2023-09-07 20:30:46,298 [main] WARN  server.ServerUtils (ServerUtils.java:getDBPath(311)) - ozone.om.db.dirs is not configured. We recommend adding this setting. Falling back to ozone.metadata.dirs instead.
2023-09-07 20:30:46,300 [main] INFO  ha.OMHANodeDetails (OMHANodeDetails.java:loadOMHAConfig(115)) - ozone.om.internal.service.id is not defined, falling back to ozone.om.service.ids to find serviceID for OzoneManager if it is HA enabled cluster
2023-09-07 20:30:46,301 [main] INFO  ha.OMHANodeDetails (OMHANodeDetails.java:loadOMHAConfig(226)) - Configuration does not have ozone.om.address set. Falling back to the default OM address /127.0.0.1:15110
2023-09-07 20:30:46,301 [main] INFO  ha.OMHANodeDetails (OMHANodeDetails.java:getOMNodeDetailsForNonHA(254)) - OM Service ID is not set. Setting it to the default ID: omServiceIdDefault
2023-09-07 20:30:46,301 [main] INFO  ha.OMHANodeDetails (OMHANodeDetails.java:getOMNodeDetailsForNonHA(261)) - OM Node ID is not set. Setting it to the default ID: om1
2023-09-07 20:30:46,301 [main] WARN  server.ServerUtils (ServerUtils.java:getDBPath(311)) - ozone.om.db.dirs is not configured. We recommend adding this setting. Falling back to ozone.metadata.dirs instead.
2023-09-07 20:30:46,303 [main] INFO  upgrade.AbstractLayoutVersionManager (AbstractLayoutVersionManager.java:init(83)) - Initializing Layout version manager with metadata layout = QUOTA (version = 6), software layout = QUOTA (version = 6)
2023-09-07 20:30:46,413 [main] INFO  reflections.Reflections (Reflections.java:scan(232)) - Reflections took 109 ms to scan 2 urls, producing 186 keys and 513 values [using 2 cores]
2023-09-07 20:30:46,414 [main] INFO  upgrade.OMLayoutVersionManager (OMLayoutVersionManager.java:lambda$0(115)) - Skipping Upgrade Action MockOmUpgradeAction since it has been finalized.
2023-09-07 20:30:46,414 [main] INFO  upgrade.OMLayoutVersionManager (OMLayoutVersionManager.java:lambda$0(115)) - Skipping Upgrade Action QuotaRepairUpgradeAction since it has been finalized.
2023-09-07 20:30:46,414 [main] WARN  server.ServerUtils (ServerUtils.java:getDBPath(311)) - ozone.om.db.dirs is not configured. We recommend adding this setting. Falling back to ozone.metadata.dirs instead.
2023-09-07 20:30:46,416 [main] INFO  proxy.SCMBlockLocationFailoverProxyProvider (SCMBlockLocationFailoverProxyProvider.java:<init>(114)) - Created block location fail-over proxy with 1 nodes: [nodeId=scmNodeId,nodeAddress=/0.0.0.0:15107]
2023-09-07 20:30:46,418 [main] INFO  proxy.SCMBlockLocationFailoverProxyProvider (SCMBlockLocationFailoverProxyProvider.java:<init>(114)) - Created block location fail-over proxy with 1 nodes: [nodeId=scmNodeId,nodeAddress=/0.0.0.0:15107]
2023-09-07 20:30:46,428 [main] INFO  om.OzoneManager (OzoneManager.java:<init>(665)) - OM start with adminUsers: [runner]
2023-09-07 20:30:46,429 [main] WARN  server.ServerUtils (ServerUtils.java:getDBPath(311)) - ozone.om.db.dirs is not configured. We recommend adding this setting. Falling back to ozone.metadata.dirs instead.
2023-09-07 20:30:46,430 [main] INFO  helpers.OmKeyInfo (OmKeyInfo.java:getCodec(71)) - OmKeyInfo.getCodec ignorePipeline = true
2023-09-07 20:30:46,712 [main] INFO  om.OzoneManager (OzoneManager.java:instantiateServices(794)) - S3 Multi-Tenancy is disabled
2023-09-07 20:30:46,713 [main] INFO  om.OmSnapshotManager (OmSnapshotManager.java:<init>(174)) - Ozone filesystem snapshot feature is enabled.
2023-09-07 20:30:46,713 [main] WARN  server.ServerUtils (ServerUtils.java:getDBPath(311)) - ozone.om.snapshot.diff.db.dir is not configured. We recommend adding this setting. Falling back to ozone.metadata.dirs instead.
2023-09-07 20:30:46,744 [main] INFO  snapshot.SnapshotDiffManager (SnapshotDiffManager.java:closeExecutorService(1706)) - Shutting down executorService: 'SstDumpToolExecutor'
2023-09-07 20:30:46,747 [main] INFO  om.OzoneManager (OzoneManager.java:addS3GVolumeToDB(4301)) - Created Volume s3v With Owner runner required for S3Gateway operations.
2023-09-07 20:30:46,747 [main] WARN  server.ServerUtils (ServerUtils.java:getDefaultRatisDirectory(323)) - Storage directory for Ratis is not configured. It is a good idea to map this to an SSD disk. Falling back to ozone.metadata.dirs
2023-09-07 20:30:46,747 [main] WARN  utils.OzoneManagerRatisUtils (OzoneManagerRatisUtils.java:getOMRatisSnapshotDirectory(464)) - ozone.om.ratis.snapshot.dir is not configured. Falling back to ozone.metadata.dirs config
2023-09-07 20:30:46,749 [main] WARN  server.ServerUtils (ServerUtils.java:getDefaultRatisDirectory(323)) - Storage directory for Ratis is not configured. It is a good idea to map this to an SSD disk. Falling back to ozone.metadata.dirs
2023-09-07 20:30:46,750 [main] INFO  ratis.OzoneManagerRatisServer (OzoneManagerRatisServer.java:<init>(163)) - Instantiating OM Ratis server with groupID: omServiceIdDefault and peers: localhost:15113
2023-09-07 20:30:46,751 [main] INFO  ratis.OzoneManagerStateMachine (OzoneManagerStateMachine.java:loadSnapshotInfoFromDB(687)) - LastAppliedIndex is set from TransactionInfo from OM DB as (t:0, i:~)
2023-09-07 20:30:46,751 [main] INFO  server.RaftServer (ConfUtils.java:logGet(46)) - raft.rpc.type = GRPC (default)
2023-09-07 20:30:46,751 [main] INFO  grpc.GrpcConfigKeys (ConfUtils.java:logFallback(53)) - raft.grpc.admin.host = null (fallback to raft.grpc.server.host)
2023-09-07 20:30:46,751 [main] INFO  grpc.GrpcConfigKeys (ConfUtils.java:logFallback(53)) - raft.grpc.admin.port = 15113 (fallback to raft.grpc.server.port)
2023-09-07 20:30:46,752 [main] INFO  grpc.GrpcConfigKeys (ConfUtils.java:logFallback(53)) - raft.grpc.client.host = null (fallback to raft.grpc.server.host)
2023-09-07 20:30:46,752 [main] INFO  grpc.GrpcConfigKeys (ConfUtils.java:logFallback(53)) - raft.grpc.client.port = 15113 (fallback to raft.grpc.server.port)
2023-09-07 20:30:46,752 [main] INFO  grpc.GrpcConfigKeys (ConfUtils.java:logGet(46)) - raft.grpc.server.host = null (default)
2023-09-07 20:30:46,752 [main] INFO  grpc.GrpcConfigKeys (ConfUtils.java:logGet(46)) - raft.grpc.server.port = 15113 (custom)
2023-09-07 20:30:46,752 [main] INFO  server.GrpcService (ConfUtils.java:logGet(46)) - raft.grpc.message.size.max = 33554432 (custom)
2023-09-07 20:30:46,752 [main] INFO  server.RaftServerConfigKeys (ConfUtils.java:logGet(46)) - raft.server.log.appender.buffer.byte-limit = 33554432 (custom)
2023-09-07 20:30:46,752 [main] INFO  server.GrpcService (ConfUtils.java:logGet(46)) - raft.grpc.flow.control.window = 1MB (=1048576) (default)
2023-09-07 20:30:46,753 [main] INFO  server.RaftServerConfigKeys (ConfUtils.java:logGet(46)) - raft.server.rpc.request.timeout = 3000ms (default)
2023-09-07 20:30:46,753 [main] INFO  grpc.GrpcConfigKeys (ConfUtils.java:logGet(46)) - raft.grpc.server.heartbeat.channel = true (default)
2023-09-07 20:30:46,753 [main] INFO  grpc.GrpcConfigKeys (ConfUtils.java:logGet(46)) - raft.grpc.server.async.request.thread.pool.cached = true (default)
2023-09-07 20:30:46,753 [main] INFO  grpc.GrpcConfigKeys (ConfUtils.java:logGet(46)) - raft.grpc.server.async.request.thread.pool.size = 32 (default)
2023-09-07 20:30:46,755 [main] INFO  impl.DataStreamServerImpl (ConfUtils.java:logGet(46)) - raft.datastream.type = DISABLED (default)
2023-09-07 20:30:46,755 [main] INFO  server.RaftServerConfigKeys (ConfUtils.java:logGet(46)) - raft.server.threadpool.proxy.cached = true (default)
2023-09-07 20:30:46,755 [main] INFO  server.RaftServerConfigKeys (ConfUtils.java:logGet(46)) - raft.server.threadpool.proxy.size = 0 (default)
2023-09-07 20:30:46,756 [main] INFO  server.RaftServerConfigKeys (ConfUtils.java:logGet(46)) - raft.server.rpc.slowness.timeout = 120s (custom)
2023-09-07 20:30:46,756 [main] INFO  server.RaftServerConfigKeys (ConfUtils.java:logGet(46)) - raft.server.leaderelection.leader.step-down.wait-time = 10s (default)
2023-09-07 20:30:46,757 [main] INFO  server.RaftServerConfigKeys (ConfUtils.java:logGet(46)) - raft.server.storage.dir = [/home/runner/work/ozone/ozone/hadoop-ozone/integration-test/target/test-dir/MiniOzoneClusterImpl-7c3c5bdb-9f31-4157-923c-74528274ab7c/ozone-meta/ratis] (custom)
2023-09-07 20:30:46,758 [main] INFO  server.RaftServer (RaftServerProxy.java:addNew(98)) - om1: addNew group-C5BA1605619E:[om1|rpc:localhost:15113|priority:0|startupRole:FOLLOWER] returns group-C5BA1605619E:java.util.concurrent.CompletableFuture@7b87e89d[Not completed]
2023-09-07 20:30:46,758 [om1-groupManagement] INFO  server.RaftServer$Division (RaftServerImpl.java:<init>(198)) - om1: new RaftServerImpl for group-C5BA1605619E:[om1|rpc:localhost:15113|priority:0|startupRole:FOLLOWER] with OzoneManagerStateMachine:uninitialized
2023-09-07 20:30:46,758 [main] INFO  om.OzoneManager (OzoneManager.java:initializeRatisServer(2145)) - OzoneManager Ratis server initialized at port 15113
2023-09-07 20:30:46,758 [main] INFO  om.OzoneManager (OzoneManager.java:getRpcServer(1196)) - Creating RPC Server
2023-09-07 20:30:46,759 [om1-groupManagement] INFO  server.RaftServerConfigKeys (ConfUtils.java:logGet(46)) - raft.server.rpc.timeout.min = 1s (custom)
2023-09-07 20:30:46,759 [om1-groupManagement] INFO  server.RaftServerConfigKeys (ConfUtils.java:logGet(46)) - raft.server.rpc.timeout.max = 1200ms (custom)
2023-09-07 20:30:46,759 [om1-groupManagement] INFO  server.RaftServerConfigKeys (ConfUtils.java:logGet(46)) - raft.server.rpc.sleep.time = 25ms (default)
2023-09-07 20:30:46,759 [om1-groupManagement] INFO  server.RaftServerConfigKeys (ConfUtils.java:logGet(46)) - raft.server.rpc.slowness.timeout = 120s (custom)
2023-09-07 20:30:46,759 [om1-groupManagement] INFO  server.RaftServerConfigKeys (ConfUtils.java:logGet(46)) - raft.server.leaderelection.leader.step-down.wait-time = 10s (default)
2023-09-07 20:30:46,760 [om1-groupManagement] INFO  server.RaftServerConfigKeys (ConfUtils.java:logGet(46)) - raft.server.sleep.deviation.threshold = 300ms (default)
2023-09-07 20:30:46,760 [om1-groupManagement] INFO  server.RaftServer$Division (ServerState.java:<init>(120)) - om1@group-C5BA1605619E: ConfigurationManager, init=-1: peers:[om1|rpc:localhost:15113|priority:0|startupRole:FOLLOWER]|listeners:[], old=null, confs=<EMPTY_MAP>
2023-09-07 20:30:46,760 [om1-groupManagement] INFO  server.RaftServerConfigKeys (ConfUtils.java:logGet(46)) - raft.server.storage.dir = [/home/runner/work/ozone/ozone/hadoop-ozone/integration-test/target/test-dir/MiniOzoneClusterImpl-7c3c5bdb-9f31-4157-923c-74528274ab7c/ozone-meta/ratis] (custom)
2023-09-07 20:30:46,760 [om1-groupManagement] INFO  server.RaftServerConfigKeys (ConfUtils.java:logGet(46)) - raft.server.log.corruption.policy = EXCEPTION (default)
2023-09-07 20:30:46,760 [om1-groupManagement] INFO  server.RaftServerConfigKeys (ConfUtils.java:logGet(46)) - raft.server.storage.free-space.min = 0MB (=0) (default)
2023-09-07 20:30:46,760 [om1-groupManagement] INFO  server.RaftServerConfigKeys (ConfUtils.java:logGet(46)) - raft.server.notification.no-leader.timeout = 120s (custom)
2023-09-07 20:30:46,760 [om1-groupManagement] INFO  server.RaftServerConfigKeys (ConfUtils.java:logGet(46)) - raft.server.read.timeout = 10s (default)
2023-09-07 20:30:46,760 [om1-groupManagement] INFO  server.RaftServerConfigKeys (ConfUtils.java:logGet(46)) - raft.server.retrycache.expirytime = 300s (custom)
2023-09-07 20:30:46,760 [om1-groupManagement] INFO  server.RaftServerConfigKeys (ConfUtils.java:logGet(46)) - raft.server.retrycache.statistics.expirytime = 100μs (default)
2023-09-07 20:30:46,760 [om1-groupManagement] INFO  server.RaftServerConfigKeys (ConfUtils.java:logGet(46)) - raft.server.read.option = DEFAULT (default)
2023-09-07 20:30:46,761 [om1-groupManagement] INFO  server.RaftServerConfigKeys (ConfUtils.java:logGet(46)) - raft.server.rpc.request.timeout = 3000ms (default)
2023-09-07 20:30:46,761 [om1-groupManagement] INFO  server.RaftServerConfigKeys (ConfUtils.java:logGet(46)) - raft.server.log.appender.install.snapshot.enabled = false (custom)
2023-09-07 20:30:46,761 [om1-groupManagement] INFO  server.RaftServerConfigKeys (ConfUtils.java:logGet(46)) - raft.server.threadpool.server.cached = true (default)
2023-09-07 20:30:46,761 [om1-groupManagement] INFO  server.RaftServerConfigKeys (ConfUtils.java:logGet(46)) - raft.server.threadpool.server.size = 0 (default)
2023-09-07 20:30:46,761 [om1-groupManagement] INFO  server.RaftServerConfigKeys (ConfUtils.java:logGet(46)) - raft.server.threadpool.client.cached = true (default)
2023-09-07 20:30:46,761 [om1-groupManagement] INFO  server.RaftServerConfigKeys (ConfUtils.java:logGet(46)) - raft.server.threadpool.client.size = 0 (default)
2023-09-07 20:30:47,296 [main] INFO  reflections.Reflections (Reflections.java:scan(232)) - Reflections took 535 ms to scan 19 urls, producing 70 keys and 5670 values [using 2 cores]
2023-09-07 20:30:47,297 [main] INFO  ipc.CallQueueManager (CallQueueManager.java:<init>(90)) - Using callQueue: class java.util.concurrent.LinkedBlockingQueue, queueCapacity: 2000, scheduler: class org.apache.hadoop.ipc.DefaultRpcScheduler, ipcBackoff: false.
2023-09-07 20:30:47,298 [main] INFO  ipc.Server (Server.java:<init>(1287)) - Listener at 127.0.0.1:15110
2023-09-07 20:30:47,298 [Socket Reader #1 for port 15110] INFO  ipc.Server (Server.java:run(1323)) - Starting Socket Reader #1 for port 15110
2023-09-07 20:30:47,323 [main] INFO  impl.MetricsSystemImpl (MetricsSystemImpl.java:init(158)) - OzoneManager metrics system started (again)
2023-09-07 20:30:47,340 [main] INFO  om.OzoneManager (OzoneManager.java:start(1630)) - OzoneManager RPC server is listening at localhost/127.0.0.1:15110
2023-09-07 20:30:47,340 [main] INFO  ratis.OzoneManagerRatisServer (OzoneManagerRatisServer.java:start(558)) - Starting OzoneManagerRatisServer om1 at port 15113
2023-09-07 20:30:47,341 [om1-impl-thread1] INFO  storage.RaftStorageDirectory (RaftStorageDirectoryImpl.java:analyzeStorage(137)) - The storage directory /home/runner/work/ozone/ozone/hadoop-ozone/integration-test/target/test-dir/MiniOzoneClusterImpl-7c3c5bdb-9f31-4157-923c-74528274ab7c/ozone-meta/ratis/bf265839-605b-3f16-9796-c5ba1605619e does not exist. Creating ...
2023-09-07 20:30:47,343 [om1-impl-thread1] INFO  storage.RaftStorageDirectory (RaftStorageDirectoryImpl.java:tryLock(231)) - Lock on /home/runner/work/ozone/ozone/hadoop-ozone/integration-test/target/test-dir/MiniOzoneClusterImpl-7c3c5bdb-9f31-4157-923c-74528274ab7c/ozone-meta/ratis/bf265839-605b-3f16-9796-c5ba1605619e/in_use.lock acquired by nodename 7625@fv-az259-394
2023-09-07 20:30:47,345 [om1-impl-thread1] INFO  storage.RaftStorage (RaftStorageImpl.java:format(96)) - Storage directory /home/runner/work/ozone/ozone/hadoop-ozone/integration-test/target/test-dir/MiniOzoneClusterImpl-7c3c5bdb-9f31-4157-923c-74528274ab7c/ozone-meta/ratis/bf265839-605b-3f16-9796-c5ba1605619e has been successfully formatted.
2023-09-07 20:30:47,345 [om1-impl-thread1] INFO  server.RaftServerConfigKeys (ConfUtils.java:logGet(46)) - raft.server.log.use.memory = false (default)
2023-09-07 20:30:47,345 [om1-impl-thread1] INFO  server.RaftServerConfigKeys (ConfUtils.java:logGet(46)) - raft.server.log.purge.gap = 1000000 (custom)
2023-09-07 20:30:47,345 [om1-impl-thread1] INFO  server.RaftServerConfigKeys (ConfUtils.java:logGet(46)) - raft.server.log.appender.buffer.byte-limit = 33554432 (custom)
2023-09-07 20:30:47,345 [om1-impl-thread1] INFO  server.RaftServerConfigKeys (ConfUtils.java:logGet(46)) - raft.server.log.statemachine.data.read.timeout = 1000ms (default)
2023-09-07 20:30:47,345 [om1-impl-thread1] INFO  server.RaftServerConfigKeys (ConfUtils.java:logGet(46)) - raft.server.log.purge.preservation.log.num = 0 (default)
2023-09-07 20:30:47,346 [om1-impl-thread1] INFO  server.RaftServerConfigKeys (ConfUtils.java:logGet(46)) - raft.server.log.segment.size.max = 4194304 (custom)
2023-09-07 20:30:47,346 [om1-impl-thread1] INFO  server.RaftServerConfigKeys (ConfUtils.java:logGet(46)) - raft.server.log.segment.cache.num.max = 2 (custom)
2023-09-07 20:30:47,346 [om1-impl-thread1] INFO  server.RaftServerConfigKeys (ConfUtils.java:logGet(46)) - raft.server.log.segment.cache.size.max = 200MB (=209715200) (default)
2023-09-07 20:30:47,346 [om1-impl-thread1] INFO  server.RaftServerConfigKeys (ConfUtils.java:logGet(46)) - raft.server.log.appender.buffer.byte-limit = 33554432 (custom)
2023-09-07 20:30:47,346 [om1-impl-thread1] INFO  segmented.SegmentedRaftLogWorker (SegmentedRaftLogWorker.java:<init>(188)) - new om1@group-C5BA1605619E-SegmentedRaftLogWorker for RaftStorageImpl:Storage Directory /home/runner/work/ozone/ozone/hadoop-ozone/integration-test/target/test-dir/MiniOzoneClusterImpl-7c3c5bdb-9f31-4157-923c-74528274ab7c/ozone-meta/ratis/bf265839-605b-3f16-9796-c5ba1605619e
2023-09-07 20:30:47,346 [om1-impl-thread1] INFO  server.RaftServerConfigKeys (ConfUtils.java:logGet(46)) - raft.server.log.queue.byte-limit = 64MB (=67108864) (default)
2023-09-07 20:30:47,346 [om1-impl-thread1] INFO  server.RaftServerConfigKeys (ConfUtils.java:logGet(46)) - raft.server.log.queue.element-limit = 4096 (default)
2023-09-07 20:30:47,346 [om1-impl-thread1] INFO  server.RaftServerConfigKeys (ConfUtils.java:logGet(46)) - raft.server.log.segment.size.max = 4194304 (custom)
2023-09-07 20:30:47,346 [om1-impl-thread1] INFO  server.RaftServerConfigKeys (ConfUtils.java:logGet(46)) - raft.server.log.preallocated.size = 4194304 (custom)
2023-09-07 20:30:47,346 [om1-impl-thread1] INFO  server.RaftServerConfigKeys (ConfUtils.java:logGet(46)) - raft.server.log.force.sync.num = 128 (default)
2023-09-07 20:30:47,346 [om1-impl-thread1] INFO  server.RaftServerConfigKeys (ConfUtils.java:logGet(46)) - raft.server.log.statemachine.data.sync = true (default)
2023-09-07 20:30:47,346 [om1-impl-thread1] INFO  server.RaftServerConfigKeys (ConfUtils.java:logGet(46)) - raft.server.log.statemachine.data.sync.timeout = 10s (default)
2023-09-07 20:30:47,346 [om1-impl-thread1] INFO  server.RaftServerConfigKeys (ConfUtils.java:logGet(46)) - raft.server.log.statemachine.data.sync.timeout.retry = -1 (default)
2023-09-07 20:30:47,347 [om1-impl-thread1] INFO  server.RaftServerConfigKeys (ConfUtils.java:logGet(46)) - raft.server.log.write.buffer.size = 64KB (=65536) (default)
2023-09-07 20:30:47,347 [om1-impl-thread1] INFO  server.RaftServerConfigKeys (ConfUtils.java:logGet(46)) - raft.server.log.appender.buffer.byte-limit = 33554432 (custom)
2023-09-07 20:30:47,354 [om1-impl-thread1] INFO  server.RaftServerConfigKeys (ConfUtils.java:logGet(46)) - raft.server.log.unsafe-flush.enabled = false (default)
2023-09-07 20:30:47,354 [om1-impl-thread1] INFO  server.RaftServerConfigKeys (ConfUtils.java:logGet(46)) - raft.server.log.async-flush.enabled = false (default)
2023-09-07 20:30:47,354 [om1-impl-thread1] INFO  server.RaftServerConfigKeys (ConfUtils.java:logGet(46)) - raft.server.log.statemachine.data.caching.enabled = false (default)
2023-09-07 20:30:47,354 [om1-impl-thread1] INFO  segmented.SegmentedRaftLogWorker (SegmentedRaftLogWorker.java:lambda$new$0(135)) - om1@group-C5BA1605619E-SegmentedRaftLogWorker: flushIndex: setUnconditionally 0 -> -1
2023-09-07 20:30:47,354 [om1-impl-thread1] INFO  segmented.SegmentedRaftLogWorker (SegmentedRaftLogWorker.java:lambda$new$0(135)) - om1@group-C5BA1605619E-SegmentedRaftLogWorker: safeCacheEvictIndex: setUnconditionally 0 -> -1
2023-09-07 20:30:47,355 [om1-impl-thread1] INFO  server.RaftServer$Division (RaftServerImpl.java:start(342)) - om1@group-C5BA1605619E: start as a follower, conf=-1: peers:[om1|rpc:localhost:15113|priority:0|startupRole:FOLLOWER]|listeners:[], old=null
2023-09-07 20:30:47,355 [om1-impl-thread1] INFO  server.RaftServer$Division (RaftServerImpl.java:setRole(329)) - om1@group-C5BA1605619E: changes role from      null to FOLLOWER at term 0 for startAsFollower
2023-09-07 20:30:47,355 [om1-impl-thread1] INFO  impl.RoleInfo (RoleInfo.java:updateAndGet(139)) - om1: start om1@group-C5BA1605619E-FollowerState
2023-09-07 20:30:47,355 [om1@group-C5BA1605619E-FollowerState] INFO  server.RaftServerConfigKeys (ConfUtils.java:logFallback(53)) - raft.server.rpc.first-election.timeout.min = 1s (fallback to raft.server.rpc.timeout.min)
2023-09-07 20:30:47,355 [om1@group-C5BA1605619E-FollowerState] INFO  server.RaftServerConfigKeys (ConfUtils.java:logFallback(53)) - raft.server.rpc.first-election.timeout.max = 1200ms (fallback to raft.server.rpc.timeout.max)
2023-09-07 20:30:47,356 [om1-impl-thread1] INFO  util.JmxRegister (JmxRegister.java:tryRegister(44)) - Successfully registered JMX Bean with object name Ratis:service=RaftServer,group=group-C5BA1605619E,id=om1
2023-09-07 20:30:47,356 [om1-impl-thread1] INFO  server.RaftServerConfigKeys (ConfUtils.java:logGet(46)) - raft.server.snapshot.auto.trigger.enabled = true (custom)
2023-09-07 20:30:47,356 [om1-impl-thread1] INFO  server.RaftServerConfigKeys (ConfUtils.java:logGet(46)) - raft.server.snapshot.auto.trigger.threshold = 400000 (default)
2023-09-07 20:30:47,356 [om1-impl-thread1] INFO  server.RaftServerConfigKeys (ConfUtils.java:logGet(46)) - raft.server.snapshot.retention.file.num = -1 (default)
2023-09-07 20:30:47,357 [om1-impl-thread1] INFO  server.RaftServerConfigKeys (ConfUtils.java:logGet(46)) - raft.server.log.purge.upto.snapshot.index = true (custom)
2023-09-07 20:30:47,357 [main] INFO  server.RaftServer (RaftServerProxy.java:startImpl(400)) - om1: start RPC server
2023-09-07 20:30:47,360 [main] INFO  server.GrpcService (GrpcService.java:startImpl(302)) - om1: GrpcService started, listening on 15113
2023-09-07 20:30:47,360 [JvmPauseMonitor15] INFO  util.JvmPauseMonitor (JvmPauseMonitor.java:run(103)) - JvmPauseMonitor-om1: Started
2023-09-07 20:30:47,360 [main] INFO  om.OzoneManager (OzoneManager.java:start(1646)) - Version File has different layout version (6) than OM DB (null). That is expected if this OM has never been finalized to a newer layout version.
2023-09-07 20:30:47,364 [main] INFO  http.BaseHttpServer (BaseHttpServer.java:newHttpServer2BuilderForOzone(223)) - Starting Web-server for ozoneManager at: http://0.0.0.0:15111
2023-09-07 20:30:47,364 [main] INFO  http.BaseHttpServer (BaseHttpServer.java:<init>(110)) - Hadoop Security Enabled: false Ozone Security Enabled: false Ozone HTTP Security Enabled: false 
2023-09-07 20:30:47,366 [main] WARN  server.AuthenticationFilter (AuthenticationFilter.java:constructSecretProvider(240)) - Unable to initialize FileSignerSecretProvider, falling back to use random secrets. Reason: Could not read signature secret file: /home/runner/hadoop-http-auth-signature-secret
2023-09-07 20:30:47,367 [main] INFO  http.HttpRequestLog (HttpRequestLog.java:getRequestLog(86)) - Http request log for http.requests.ozoneManager is not defined
2023-09-07 20:30:47,368 [main] INFO  http.HttpServer2 (HttpServer2.java:addGlobalFilter(1031)) - Added global filter 'safety' (class=org.apache.hadoop.hdds.server.http.HttpServer2$QuotingInputFilter)
2023-09-07 20:30:47,369 [main] INFO  http.HttpServer2 (HttpServer2.java:addFilter(1007)) - Added filter static_user_filter (class=org.apache.hadoop.http.lib.StaticUserWebFilter$StaticUserFilter) to context ozoneManager
2023-09-07 20:30:47,369 [main] INFO  http.HttpServer2 (HttpServer2.java:addFilter(1015)) - Added filter static_user_filter (class=org.apache.hadoop.http.lib.StaticUserWebFilter$StaticUserFilter) to context static
2023-09-07 20:30:47,370 [main] INFO  http.HttpServer2 (HttpServer2.java:addFilter(1015)) - Added filter static_user_filter (class=org.apache.hadoop.http.lib.StaticUserWebFilter$StaticUserFilter) to context logs
2023-09-07 20:30:47,372 [main] INFO  http.BaseHttpServer (BaseHttpServer.java:<init>(189)) - HTTP server of ozoneManager uses base directory /home/runner/work/ozone/ozone/hadoop-ozone/integration-test/target/test-dir/MiniOzoneClusterImpl-7c3c5bdb-9f31-4157-923c-74528274ab7c/ozone-meta/webserver
2023-09-07 20:30:47,373 [main] INFO  http.HttpServer2 (HttpServer2.java:bindListener(1231)) - Jetty bound to port 15111
2023-09-07 20:30:47,373 [main] INFO  server.Server (Server.java:doStart(375)) - jetty-9.4.51.v20230217; built: 2023-02-17T08:19:37.309Z; git: b45c405e4544384de066f814ed42ae3dceacdd49; jvm 1.8.0_382-b05
2023-09-07 20:30:47,375 [main] INFO  server.session (DefaultSessionIdManager.java:doStart(334)) - DefaultSessionIdManager workerName=node0
2023-09-07 20:30:47,375 [main] INFO  server.session (DefaultSessionIdManager.java:doStart(339)) - No SessionScavenger set, using defaults
2023-09-07 20:30:47,375 [main] INFO  server.session (HouseKeeper.java:startScavenging(132)) - node0 Scavenging every 600000ms
2023-09-07 20:30:47,377 [main] INFO  handler.ContextHandler (ContextHandler.java:doStart(921)) - Started o.e.j.s.ServletContextHandler@1beb1b8d{logs,/logs,file:///home/runner/work/ozone/ozone/hadoop-ozone/integration-test/target/log,AVAILABLE}
2023-09-07 20:30:47,378 [main] INFO  handler.ContextHandler (ContextHandler.java:doStart(921)) - Started o.e.j.s.ServletContextHandler@70c28772{static,/static,file:///home/runner/work/ozone/ozone/hadoop-ozone/integration-test/target/test-classes/webapps/static,AVAILABLE}
2023-09-07 20:30:47,388 [main] INFO  handler.ContextHandler (ContextHandler.java:doStart(921)) - Started o.e.j.w.WebAppContext@6892e8b8{ozoneManager,/,file:///home/runner/work/ozone/ozone/hadoop-ozone/integration-test/target/test-classes/webapps/ozoneManager/,AVAILABLE}{file:/home/runner/work/ozone/ozone/hadoop-ozone/integration-test/target/test-classes/webapps/ozoneManager}
2023-09-07 20:30:47,390 [main] INFO  server.AbstractConnector (AbstractConnector.java:doStart(333)) - Started ServerConnector@3842fbd9{HTTP/1.1, (http/1.1)}{0.0.0.0:15111}
2023-09-07 20:30:47,390 [main] INFO  server.Server (Server.java:doStart(415)) - Started @218463ms
2023-09-07 20:30:47,390 [main] WARN  impl.MetricsSystemImpl (MetricsSystemImpl.java:register(279)) - Sink prometheus already exists!
2023-09-07 20:30:47,391 [main] INFO  http.BaseHttpServer (BaseHttpServer.java:updateConnectorAddress(354)) - HTTP server of ozoneManager listening at http://0.0.0.0:15111
2023-09-07 20:30:47,391 [IPC Server Responder] INFO  ipc.Server (Server.java:run(1562)) - IPC Server Responder: starting
2023-09-07 20:30:47,392 [IPC Server listener on 15110] INFO  ipc.Server (Server.java:run(1402)) - IPC Server listener on 15110: starting
2023-09-07 20:30:47,395 [main] INFO  om.TrashPolicyOzone (TrashPolicyOzone.java:<init>(277)) - Ozone Manager trash configuration: Deletion interval = 0 minutes, Emptier interval = 0 minutes.
2023-09-07 20:30:47,416 [main] WARN  impl.MetricRegistriesImpl (MetricRegistriesImpl.java:addReporterRegistration(111)) - New reporters are added after registries were created. Some metrics will be missing from the reporter. Please add reporter before adding any new registry.
2023-09-07 20:30:47,416 [main] WARN  impl.MetricRegistriesImpl (MetricRegistriesImpl.java:addReporterRegistration(111)) - New reporters are added after registries were created. Some metrics will be missing from the reporter. Please add reporter before adding any new registry.
2023-09-07 20:30:47,417 [main] INFO  impl.MetricsSystemImpl (MetricsSystemImpl.java:init(158)) - HddsDatanode metrics system started (again)
2023-09-07 20:30:47,432 [main] INFO  ozone.HddsDatanodeService (HddsDatanodeService.java:start(237)) - HddsDatanodeService host:fv-az259-394.nxnqhby4qkoexpon2s1bx5vqxg.dx.internal.cloudapp.net ip:10.1.0.11
2023-09-07 20:30:47,474 [main] INFO  upgrade.AbstractLayoutVersionManager (AbstractLayoutVersionManager.java:init(83)) - Initializing Layout version manager with metadata layout = HADOOP_PRC_PORTS_IN_DATANODEDETAILS (version = 7), software layout = HADOOP_PRC_PORTS_IN_DATANODEDETAILS (version = 7)
2023-09-07 20:30:47,475 [main] INFO  statemachine.DatanodeStateMachine (DatanodeStateMachine.java:getEndPointTaskThreadPoolSize(282)) - Datanode State Machine Task Thread Pool size 2
2023-09-07 20:30:47,482 [main] INFO  volume.HddsVolume (HddsVolume.java:<init>(126)) - Creating HddsVolume: /home/runner/work/ozone/ozone/hadoop-ozone/integration-test/target/test-dir/MiniOzoneClusterImpl-7c3c5bdb-9f31-4157-923c-74528274ab7c/datanode-0/data-0/containers/hdds of storage type : DISK capacity : 9223372036854775807
2023-09-07 20:30:47,482 [main] INFO  volume.MutableVolumeSet (MutableVolumeSet.java:initializeVolumeSet(173)) - Added Volume : /home/runner/work/ozone/ozone/hadoop-ozone/integration-test/target/test-dir/MiniOzoneClusterImpl-7c3c5bdb-9f31-4157-923c-74528274ab7c/datanode-0/data-0/containers/hdds to VolumeSet
2023-09-07 20:30:47,484 [main] INFO  volume.MutableVolumeSet (MutableVolumeSet.java:initializeVolumeSet(173)) - Added Volume : /home/runner/work/ozone/ozone/hadoop-ozone/integration-test/target/test-dir/MiniOzoneClusterImpl-7c3c5bdb-9f31-4157-923c-74528274ab7c/datanode-0/data/ratis to VolumeSet
2023-09-07 20:30:47,485 [Thread-1319] INFO  ozoneimpl.ContainerReader (ContainerReader.java:readVolume(177)) - Finish verifying containers on volume /home/runner/work/ozone/ozone/hadoop-ozone/integration-test/target/test-dir/MiniOzoneClusterImpl-7c3c5bdb-9f31-4157-923c-74528274ab7c/datanode-0/data-0/containers/hdds
2023-09-07 20:30:47,485 [main] INFO  ozoneimpl.OzoneContainer (OzoneContainer.java:buildContainerSet(314)) - Build ContainerSet costs 0s
2023-09-07 20:30:47,489 [main] INFO  server.RaftServer (ConfUtils.java:logGet(46)) - raft.rpc.type = GRPC (default)
2023-09-07 20:30:47,489 [main] INFO  grpc.GrpcConfigKeys (ConfUtils.java:logFallback(53)) - raft.grpc.admin.host = null (fallback to raft.grpc.server.host)
2023-09-07 20:30:47,489 [main] INFO  grpc.GrpcConfigKeys (ConfUtils.java:logGet(46)) - raft.grpc.admin.port = 15119 (custom)
2023-09-07 20:30:47,489 [main] INFO  grpc.GrpcConfigKeys (ConfUtils.java:logFallback(53)) - raft.grpc.client.host = null (fallback to raft.grpc.server.host)
2023-09-07 20:30:47,489 [main] INFO  grpc.GrpcConfigKeys (ConfUtils.java:logGet(46)) - raft.grpc.client.port = 15118 (custom)
2023-09-07 20:30:47,489 [main] INFO  grpc.GrpcConfigKeys (ConfUtils.java:logGet(46)) - raft.grpc.server.host = null (default)
2023-09-07 20:30:47,490 [main] INFO  grpc.GrpcConfigKeys (ConfUtils.java:logGet(46)) - raft.grpc.server.port = 15120 (custom)
2023-09-07 20:30:47,490 [main] INFO  server.GrpcService (ConfUtils.java:logGet(46)) - raft.grpc.message.size.max = 32MB (=33554432) (custom)
2023-09-07 20:30:47,490 [main] INFO  server.RaftServerConfigKeys (ConfUtils.java:logGet(46)) - raft.server.log.appender.buffer.byte-limit = 33554432 (custom)
2023-09-07 20:30:47,490 [main] INFO  server.GrpcService (ConfUtils.java:logGet(46)) - raft.grpc.flow.control.window = 5MB (=5242880) (custom)
2023-09-07 20:30:47,490 [main] INFO  server.RaftServerConfigKeys (ConfUtils.java:logGet(46)) - raft.server.rpc.request.timeout = 60s (custom)
2023-09-07 20:30:47,490 [main] INFO  grpc.GrpcConfigKeys (ConfUtils.java:logGet(46)) - raft.grpc.server.heartbeat.channel = true (default)
2023-09-07 20:30:47,491 [main] INFO  grpc.GrpcConfigKeys (ConfUtils.java:logGet(46)) - raft.grpc.server.async.request.thread.pool.cached = true (default)
2023-09-07 20:30:47,491 [main] INFO  grpc.GrpcConfigKeys (ConfUtils.java:logGet(46)) - raft.grpc.server.async.request.thread.pool.size = 32 (default)
2023-09-07 20:30:47,494 [main] INFO  impl.DataStreamServerImpl (ConfUtils.java:logGet(46)) - raft.datastream.type = NETTY (custom)
2023-09-07 20:30:47,495 [main] INFO  server.RaftServerConfigKeys (ConfUtils.java:logGet(46)) - raft.server.data-stream.async.request.thread.pool.cached = false (default)
2023-09-07 20:30:47,495 [main] INFO  server.RaftServerConfigKeys (ConfUtils.java:logGet(46)) - raft.server.data-stream.async.request.thread.pool.size = 20 (custom)
2023-09-07 20:30:47,495 [main] INFO  server.RaftServerConfigKeys (ConfUtils.java:logGet(46)) - raft.server.data-stream.async.write.thread.pool.size = 16 (default)
2023-09-07 20:30:47,495 [main] INFO  server.RaftServerConfigKeys (ConfUtils.java:logGet(46)) - raft.server.data-stream.client.pool.size = 10 (default)
2023-09-07 20:30:47,495 [main] INFO  netty.NettyConfigKeys$DataStream (ConfUtils.java:logGet(46)) - raft.netty.dataStream.server.use-epoll = false (default)
2023-09-07 20:30:47,496 [main] INFO  netty.NettyConfigKeys$DataStream (ConfUtils.java:logGet(46)) - raft.netty.dataStream.server.boss-group.size = 0 (default)
2023-09-07 20:30:47,496 [main] INFO  netty.NettyConfigKeys$DataStream (ConfUtils.java:logGet(46)) - raft.netty.dataStream.server.worker-group.size = 0 (default)
2023-09-07 20:30:47,497 [main] INFO  netty.NettyConfigKeys$DataStream (ConfUtils.java:logGet(46)) - raft.netty.dataStream.server.tls.conf = null (default)
2023-09-07 20:30:47,497 [main] INFO  netty.NettyConfigKeys$DataStream (ConfUtils.java:logGet(46)) - raft.netty.dataStream.host = null (default)
2023-09-07 20:30:47,498 [main] INFO  netty.NettyConfigKeys$DataStream (ConfUtils.java:logGet(46)) - raft.netty.dataStream.port = 15121 (custom)
2023-09-07 20:30:47,498 [main] INFO  server.RaftServerConfigKeys (ConfUtils.java:logGet(46)) - raft.server.threadpool.proxy.cached = true (default)
2023-09-07 20:30:47,498 [main] INFO  server.RaftServerConfigKeys (ConfUtils.java:logGet(46)) - raft.server.threadpool.proxy.size = 0 (default)
2023-09-07 20:30:47,499 [main] INFO  server.RaftServerConfigKeys (ConfUtils.java:logGet(46)) - raft.server.rpc.slowness.timeout = 300s (custom)
2023-09-07 20:30:47,499 [main] INFO  server.RaftServerConfigKeys (ConfUtils.java:logGet(46)) - raft.server.leaderelection.leader.step-down.wait-time = 10s (default)
2023-09-07 20:30:47,499 [main] INFO  server.RaftServerConfigKeys (ConfUtils.java:logGet(46)) - raft.server.storage.dir = [/home/runner/work/ozone/ozone/hadoop-ozone/integration-test/target/test-dir/MiniOzoneClusterImpl-7c3c5bdb-9f31-4157-923c-74528274ab7c/datanode-0/data/ratis] (custom)
2023-09-07 20:30:47,500 [130456cf-e1b1-4e27-8a77-52f3e2c34494-NettyServerStreamRpc-bossGroup--thread1] INFO  logging.LoggingHandler (AbstractInternalLogger.java:log(148)) - [id: 0xadde5a98] REGISTERED
2023-09-07 20:30:47,500 [130456cf-e1b1-4e27-8a77-52f3e2c34494-NettyServerStreamRpc-bossGroup--thread1] INFO  logging.LoggingHandler (AbstractInternalLogger.java:log(148)) - [id: 0xadde5a98] BIND: 0.0.0.0/0.0.0.0:15121
2023-09-07 20:30:47,500 [130456cf-e1b1-4e27-8a77-52f3e2c34494-NettyServerStreamRpc-bossGroup--thread1] INFO  logging.LoggingHandler (AbstractInternalLogger.java:log(148)) - [id: 0xadde5a98, L:/0:0:0:0:0:0:0:0:15121] ACTIVE
2023-09-07 20:30:47,503 [130456cf-e1b1-4e27-8a77-52f3e2c34494-impl-thread1] INFO  server.RaftServer (RaftServerProxy.java:initGroupDir(258)) - 130456cf-e1b1-4e27-8a77-52f3e2c34494: found a subdirectory /home/runner/work/ozone/ozone/hadoop-ozone/integration-test/target/test-dir/MiniOzoneClusterImpl-7c3c5bdb-9f31-4157-923c-74528274ab7c/datanode-0/data/ratis/tmp
2023-09-07 20:30:47,503 [130456cf-e1b1-4e27-8a77-52f3e2c34494-impl-thread1] INFO  server.RaftServer (RaftServerProxy.java:initGroupDir(263)) - 130456cf-e1b1-4e27-8a77-52f3e2c34494: The directory /home/runner/work/ozone/ozone/hadoop-ozone/integration-test/target/test-dir/MiniOzoneClusterImpl-7c3c5bdb-9f31-4157-923c-74528274ab7c/datanode-0/data/ratis/tmp is not a group directory; ignoring it. 
2023-09-07 20:30:47,503 [main] INFO  replication.ReplicationServer (ReplicationServer.java:<init>(81)) - Initializing replication server with thread count = 10
2023-09-07 20:30:47,505 [main] INFO  server.XceiverServerGrpc (XceiverServerGrpc.java:<init>(132)) - GrpcServer channel type EpollServerSocketChannel
2023-09-07 20:30:47,507 [main] INFO  replication.ReplicationSupervisor (ReplicationSupervisor.java:build(155)) - Initializing replication supervisor with thread count = 10
2023-09-07 20:30:47,509 [main] INFO  replication.ReplicationSupervisor (ReplicationSupervisor.java:nodeStateUpdated(307)) - Node state updated to IN_SERVICE, scaling executor pool size to 10
2023-09-07 20:30:47,511 [main] INFO  http.BaseHttpServer (BaseHttpServer.java:newHttpServer2BuilderForOzone(223)) - Starting Web-server for hddsDatanode at: http://0.0.0.0:15115
2023-09-07 20:30:47,512 [main] INFO  http.BaseHttpServer (BaseHttpServer.java:<init>(110)) - Hadoop Security Enabled: false Ozone Security Enabled: false Ozone HTTP Security Enabled: false 
2023-09-07 20:30:47,513 [main] WARN  server.AuthenticationFilter (AuthenticationFilter.java:constructSecretProvider(240)) - Unable to initialize FileSignerSecretProvider, falling back to use random secrets. Reason: Could not read signature secret file: /home/runner/hadoop-http-auth-signature-secret
2023-09-07 20:30:47,515 [main] INFO  http.HttpRequestLog (HttpRequestLog.java:getRequestLog(86)) - Http request log for http.requests.hddsDatanode is not defined
2023-09-07 20:30:47,518 [main] INFO  http.HttpServer2 (HttpServer2.java:addGlobalFilter(1031)) - Added global filter 'safety' (class=org.apache.hadoop.hdds.server.http.HttpServer2$QuotingInputFilter)
2023-09-07 20:30:47,519 [main] INFO  http.HttpServer2 (HttpServer2.java:addFilter(1007)) - Added filter static_user_filter (class=org.apache.hadoop.http.lib.StaticUserWebFilter$StaticUserFilter) to context hddsDatanode
2023-09-07 20:30:47,520 [main] INFO  http.HttpServer2 (HttpServer2.java:addFilter(1015)) - Added filter static_user_filter (class=org.apache.hadoop.http.lib.StaticUserWebFilter$StaticUserFilter) to context static
2023-09-07 20:30:47,521 [main] INFO  http.HttpServer2 (HttpServer2.java:addFilter(1015)) - Added filter static_user_filter (class=org.apache.hadoop.http.lib.StaticUserWebFilter$StaticUserFilter) to context logs
2023-09-07 20:30:47,522 [main] INFO  http.BaseHttpServer (BaseHttpServer.java:<init>(189)) - HTTP server of hddsDatanode uses base directory /home/runner/work/ozone/ozone/hadoop-ozone/integration-test/target/test-dir/MiniOzoneClusterImpl-7c3c5bdb-9f31-4157-923c-74528274ab7c/datanode-0/meta/webserver
2023-09-07 20:30:47,522 [main] INFO  http.HttpServer2 (HttpServer2.java:bindListener(1231)) - Jetty bound to port 15115
2023-09-07 20:30:47,523 [main] INFO  server.Server (Server.java:doStart(375)) - jetty-9.4.51.v20230217; built: 2023-02-17T08:19:37.309Z; git: b45c405e4544384de066f814ed42ae3dceacdd49; jvm 1.8.0_382-b05
2023-09-07 20:30:47,540 [main] INFO  server.session (DefaultSessionIdManager.java:doStart(334)) - DefaultSessionIdManager workerName=node0
2023-09-07 20:30:47,540 [main] INFO  server.session (DefaultSessionIdManager.java:doStart(339)) - No SessionScavenger set, using defaults
2023-09-07 20:30:47,540 [main] INFO  server.session (HouseKeeper.java:startScavenging(132)) - node0 Scavenging every 660000ms
2023-09-07 20:30:47,545 [main] INFO  handler.ContextHandler (ContextHandler.java:doStart(921)) - Started o.e.j.s.ServletContextHandler@5a19008f{logs,/logs,file:///home/runner/work/ozone/ozone/hadoop-ozone/integration-test/target/log,AVAILABLE}
2023-09-07 20:30:47,545 [main] INFO  handler.ContextHandler (ContextHandler.java:doStart(921)) - Started o.e.j.s.ServletContextHandler@364cf84e{static,/static,jar:file:/home/runner/.m2/repository/org/apache/ozone/hdds-container-service/1.4.0-SNAPSHOT/hdds-container-service-1.4.0-SNAPSHOT.jar!/webapps/static,AVAILABLE}
2023-09-07 20:30:47,794 [main] INFO  handler.ContextHandler (ContextHandler.java:doStart(921)) - Started o.e.j.w.WebAppContext@2a34a26a{hddsDatanode,/,file:///home/runner/work/ozone/ozone/hadoop-ozone/integration-test/target/test-dir/MiniOzoneClusterImpl-7c3c5bdb-9f31-4157-923c-74528274ab7c/datanode-0/meta/webserver/jetty-0_0_0_0-15115-hdds-container-service-1_4_0-SNAPSHOT_jar-_-any-3671161529080576430/webapp/,AVAILABLE}{jar:file:/home/runner/.m2/repository/org/apache/ozone/hdds-container-service/1.4.0-SNAPSHOT/hdds-container-service-1.4.0-SNAPSHOT.jar!/webapps/hddsDatanode}
2023-09-07 20:30:47,795 [main] INFO  server.AbstractConnector (AbstractConnector.java:doStart(333)) - Started ServerConnector@5f9cab77{HTTP/1.1, (http/1.1)}{0.0.0.0:15115}
2023-09-07 20:30:47,796 [main] INFO  server.Server (Server.java:doStart(415)) - Started @218869ms
2023-09-07 20:30:47,796 [main] WARN  impl.MetricsSystemImpl (MetricsSystemImpl.java:register(279)) - Sink prometheus already exists!
2023-09-07 20:30:47,797 [main] INFO  http.BaseHttpServer (BaseHttpServer.java:updateConnectorAddress(354)) - HTTP server of hddsDatanode listening at http://0.0.0.0:15115
2023-09-07 20:30:47,797 [main] INFO  ipc.CallQueueManager (CallQueueManager.java:<init>(90)) - Using callQueue: class java.util.concurrent.LinkedBlockingQueue, queueCapacity: 100, scheduler: class org.apache.hadoop.ipc.DefaultRpcScheduler, ipcBackoff: false.
2023-09-07 20:30:47,797 [main] INFO  ipc.Server (Server.java:<init>(1287)) - Listener at 0.0.0.0:15116
2023-09-07 20:30:47,803 [Socket Reader #1 for port 15116] INFO  ipc.Server (Server.java:run(1323)) - Starting Socket Reader #1 for port 15116
2023-09-07 20:30:47,809 [main] INFO  ozone.HddsDatanodeService (HddsDatanodeService.java:start(315)) - Datanode start with admins: [runner]
2023-09-07 20:30:47,809 [main] INFO  ozone.HddsDatanodeClientProtocolServer (HddsDatanodeClientProtocolServer.java:start(72)) - RPC server for Client /0.0.0.0:15116
2023-09-07 20:30:47,810 [IPC Server Responder] INFO  ipc.Server (Server.java:run(1562)) - IPC Server Responder: starting
2023-09-07 20:30:47,823 [IPC Server listener on 15116] INFO  ipc.Server (Server.java:run(1402)) - IPC Server listener on 15116: starting
2023-09-07 20:30:47,824 [Datanode State Machine Daemon Thread] INFO  statemachine.DatanodeStateMachine (DatanodeStateMachine.java:lambda$startDaemon$0(538)) - Ozone container server started.
2023-09-07 20:30:47,824 [main] WARN  impl.MetricRegistriesImpl (MetricRegistriesImpl.java:addReporterRegistration(111)) - New reporters are added after registries were created. Some metrics will be missing from the reporter. Please add reporter before adding any new registry.
2023-09-07 20:30:47,824 [main] WARN  impl.MetricRegistriesImpl (MetricRegistriesImpl.java:addReporterRegistration(111)) - New reporters are added after registries were created. Some metrics will be missing from the reporter. Please add reporter before adding any new registry.
2023-09-07 20:30:47,824 [main] INFO  impl.MetricsSystemImpl (MetricsSystemImpl.java:init(158)) - HddsDatanode metrics system started (again)
2023-09-07 20:30:47,848 [Datanode State Machine Task Thread - 0] INFO  datanode.InitDatanodeState (InitDatanodeState.java:persistContainerDatanodeDetails(138)) - DatanodeDetails is persisted to /home/runner/work/ozone/ozone/hadoop-ozone/integration-test/target/test-dir/MiniOzoneClusterImpl-7c3c5bdb-9f31-4157-923c-74528274ab7c/datanode-0/meta/datanode.id
2023-09-07 20:30:47,860 [main] INFO  ozone.HddsDatanodeService (HddsDatanodeService.java:start(237)) - HddsDatanodeService host:fv-az259-394.nxnqhby4qkoexpon2s1bx5vqxg.dx.internal.cloudapp.net ip:10.1.0.11
2023-09-07 20:30:47,893 [main] INFO  upgrade.AbstractLayoutVersionManager (AbstractLayoutVersionManager.java:init(83)) - Initializing Layout version manager with metadata layout = HADOOP_PRC_PORTS_IN_DATANODEDETAILS (version = 7), software layout = HADOOP_PRC_PORTS_IN_DATANODEDETAILS (version = 7)
2023-09-07 20:30:47,894 [main] INFO  statemachine.DatanodeStateMachine (DatanodeStateMachine.java:getEndPointTaskThreadPoolSize(282)) - Datanode State Machine Task Thread Pool size 2
2023-09-07 20:30:47,897 [main] INFO  volume.HddsVolume (HddsVolume.java:<init>(126)) - Creating HddsVolume: /home/runner/work/ozone/ozone/hadoop-ozone/integration-test/target/test-dir/MiniOzoneClusterImpl-7c3c5bdb-9f31-4157-923c-74528274ab7c/datanode-1/data-0/containers/hdds of storage type : DISK capacity : 9223372036854775807
2023-09-07 20:30:47,897 [main] INFO  volume.MutableVolumeSet (MutableVolumeSet.java:initializeVolumeSet(173)) - Added Volume : /home/runner/work/ozone/ozone/hadoop-ozone/integration-test/target/test-dir/MiniOzoneClusterImpl-7c3c5bdb-9f31-4157-923c-74528274ab7c/datanode-1/data-0/containers/hdds to VolumeSet
2023-09-07 20:30:47,898 [main] INFO  volume.MutableVolumeSet (MutableVolumeSet.java:initializeVolumeSet(173)) - Added Volume : /home/runner/work/ozone/ozone/hadoop-ozone/integration-test/target/test-dir/MiniOzoneClusterImpl-7c3c5bdb-9f31-4157-923c-74528274ab7c/datanode-1/data/ratis to VolumeSet
2023-09-07 20:30:47,899 [Thread-1336] INFO  ozoneimpl.ContainerReader (ContainerReader.java:readVolume(177)) - Finish verifying containers on volume /home/runner/work/ozone/ozone/hadoop-ozone/integration-test/target/test-dir/MiniOzoneClusterImpl-7c3c5bdb-9f31-4157-923c-74528274ab7c/datanode-1/data-0/containers/hdds
2023-09-07 20:30:47,899 [main] INFO  ozoneimpl.OzoneContainer (OzoneContainer.java:buildContainerSet(314)) - Build ContainerSet costs 0s
2023-09-07 20:30:47,904 [main] INFO  server.RaftServer (ConfUtils.java:logGet(46)) - raft.rpc.type = GRPC (default)
2023-09-07 20:30:47,905 [main] INFO  grpc.GrpcConfigKeys (ConfUtils.java:logFallback(53)) - raft.grpc.admin.host = null (fallback to raft.grpc.server.host)
2023-09-07 20:30:47,905 [main] INFO  grpc.GrpcConfigKeys (ConfUtils.java:logGet(46)) - raft.grpc.admin.port = 15128 (custom)
2023-09-07 20:30:47,905 [main] INFO  grpc.GrpcConfigKeys (ConfUtils.java:logFallback(53)) - raft.grpc.client.host = null (fallback to raft.grpc.server.host)
2023-09-07 20:30:47,905 [main] INFO  grpc.GrpcConfigKeys (ConfUtils.java:logGet(46)) - raft.grpc.client.port = 15127 (custom)
2023-09-07 20:30:47,905 [main] INFO  grpc.GrpcConfigKeys (ConfUtils.java:logGet(46)) - raft.grpc.server.host = null (default)
2023-09-07 20:30:47,905 [main] INFO  grpc.GrpcConfigKeys (ConfUtils.java:logGet(46)) - raft.grpc.server.port = 15129 (custom)
2023-09-07 20:30:47,906 [main] INFO  server.GrpcService (ConfUtils.java:logGet(46)) - raft.grpc.message.size.max = 32MB (=33554432) (custom)
2023-09-07 20:30:47,906 [main] INFO  server.RaftServerConfigKeys (ConfUtils.java:logGet(46)) - raft.server.log.appender.buffer.byte-limit = 33554432 (custom)
2023-09-07 20:30:47,906 [main] INFO  server.GrpcService (ConfUtils.java:logGet(46)) - raft.grpc.flow.control.window = 5MB (=5242880) (custom)
2023-09-07 20:30:47,906 [main] INFO  server.RaftServerConfigKeys (ConfUtils.java:logGet(46)) - raft.server.rpc.request.timeout = 60s (custom)
2023-09-07 20:30:47,906 [main] INFO  grpc.GrpcConfigKeys (ConfUtils.java:logGet(46)) - raft.grpc.server.heartbeat.channel = true (default)
2023-09-07 20:30:47,906 [main] INFO  grpc.GrpcConfigKeys (ConfUtils.java:logGet(46)) - raft.grpc.server.async.request.thread.pool.cached = true (default)
2023-09-07 20:30:47,907 [main] INFO  grpc.GrpcConfigKeys (ConfUtils.java:logGet(46)) - raft.grpc.server.async.request.thread.pool.size = 32 (default)
2023-09-07 20:30:47,910 [main] INFO  impl.DataStreamServerImpl (ConfUtils.java:logGet(46)) - raft.datastream.type = NETTY (custom)
2023-09-07 20:30:47,911 [main] INFO  server.RaftServerConfigKeys (ConfUtils.java:logGet(46)) - raft.server.data-stream.async.request.thread.pool.cached = false (default)
2023-09-07 20:30:47,911 [main] INFO  server.RaftServerConfigKeys (ConfUtils.java:logGet(46)) - raft.server.data-stream.async.request.thread.pool.size = 20 (custom)
2023-09-07 20:30:47,911 [main] INFO  server.RaftServerConfigKeys (ConfUtils.java:logGet(46)) - raft.server.data-stream.async.write.thread.pool.size = 16 (default)
2023-09-07 20:30:47,911 [main] INFO  server.RaftServerConfigKeys (ConfUtils.java:logGet(46)) - raft.server.data-stream.client.pool.size = 10 (default)
2023-09-07 20:30:47,911 [main] INFO  netty.NettyConfigKeys$DataStream (ConfUtils.java:logGet(46)) - raft.netty.dataStream.server.use-epoll = false (default)
2023-09-07 20:30:47,911 [main] INFO  netty.NettyConfigKeys$DataStream (ConfUtils.java:logGet(46)) - raft.netty.dataStream.server.boss-group.size = 0 (default)
2023-09-07 20:30:47,912 [main] INFO  netty.NettyConfigKeys$DataStream (ConfUtils.java:logGet(46)) - raft.netty.dataStream.server.worker-group.size = 0 (default)
2023-09-07 20:30:47,912 [main] INFO  netty.NettyConfigKeys$DataStream (ConfUtils.java:logGet(46)) - raft.netty.dataStream.server.tls.conf = null (default)
2023-09-07 20:30:47,914 [main] INFO  netty.NettyConfigKeys$DataStream (ConfUtils.java:logGet(46)) - raft.netty.dataStream.host = null (default)
2023-09-07 20:30:47,915 [main] INFO  netty.NettyConfigKeys$DataStream (ConfUtils.java:logGet(46)) - raft.netty.dataStream.port = 15130 (custom)
2023-09-07 20:30:47,915 [main] INFO  server.RaftServerConfigKeys (ConfUtils.java:logGet(46)) - raft.server.threadpool.proxy.cached = true (default)
2023-09-07 20:30:47,916 [main] INFO  server.RaftServerConfigKeys (ConfUtils.java:logGet(46)) - raft.server.threadpool.proxy.size = 0 (default)
2023-09-07 20:30:47,919 [main] INFO  server.RaftServerConfigKeys (ConfUtils.java:logGet(46)) - raft.server.rpc.slowness.timeout = 300s (custom)
2023-09-07 20:30:47,920 [main] INFO  server.RaftServerConfigKeys (ConfUtils.java:logGet(46)) - raft.server.leaderelection.leader.step-down.wait-time = 10s (default)
2023-09-07 20:30:47,920 [main] INFO  server.RaftServerConfigKeys (ConfUtils.java:logGet(46)) - raft.server.storage.dir = [/home/runner/work/ozone/ozone/hadoop-ozone/integration-test/target/test-dir/MiniOzoneClusterImpl-7c3c5bdb-9f31-4157-923c-74528274ab7c/datanode-1/data/ratis] (custom)
2023-09-07 20:30:47,916 [a0cd6e17-3b90-4804-ab26-c3914b9665e9-NettyServerStreamRpc-bossGroup--thread1] INFO  logging.LoggingHandler (AbstractInternalLogger.java:log(148)) - [id: 0x57d2e7a0] REGISTERED
2023-09-07 20:30:47,920 [a0cd6e17-3b90-4804-ab26-c3914b9665e9-NettyServerStreamRpc-bossGroup--thread1] INFO  logging.LoggingHandler (AbstractInternalLogger.java:log(148)) - [id: 0x57d2e7a0] BIND: 0.0.0.0/0.0.0.0:15130
2023-09-07 20:30:47,921 [a0cd6e17-3b90-4804-ab26-c3914b9665e9-NettyServerStreamRpc-bossGroup--thread1] INFO  logging.LoggingHandler (AbstractInternalLogger.java:log(148)) - [id: 0x57d2e7a0, L:/0:0:0:0:0:0:0:0:15130] ACTIVE
2023-09-07 20:30:47,929 [a0cd6e17-3b90-4804-ab26-c3914b9665e9-impl-thread1] INFO  server.RaftServer (RaftServerProxy.java:initGroupDir(258)) - a0cd6e17-3b90-4804-ab26-c3914b9665e9: found a subdirectory /home/runner/work/ozone/ozone/hadoop-ozone/integration-test/target/test-dir/MiniOzoneClusterImpl-7c3c5bdb-9f31-4157-923c-74528274ab7c/datanode-1/data/ratis/tmp
2023-09-07 20:30:47,929 [a0cd6e17-3b90-4804-ab26-c3914b9665e9-impl-thread1] INFO  server.RaftServer (RaftServerProxy.java:initGroupDir(263)) - a0cd6e17-3b90-4804-ab26-c3914b9665e9: The directory /home/runner/work/ozone/ozone/hadoop-ozone/integration-test/target/test-dir/MiniOzoneClusterImpl-7c3c5bdb-9f31-4157-923c-74528274ab7c/datanode-1/data/ratis/tmp is not a group directory; ignoring it. 
2023-09-07 20:30:47,930 [main] INFO  replication.ReplicationServer (ReplicationServer.java:<init>(81)) - Initializing replication server with thread count = 10
2023-09-07 20:30:47,932 [main] INFO  server.XceiverServerGrpc (XceiverServerGrpc.java:<init>(132)) - GrpcServer channel type EpollServerSocketChannel
2023-09-07 20:30:47,934 [main] INFO  replication.ReplicationSupervisor (ReplicationSupervisor.java:build(155)) - Initializing replication supervisor with thread count = 10
2023-09-07 20:30:47,934 [main] INFO  replication.ReplicationSupervisor (ReplicationSupervisor.java:nodeStateUpdated(307)) - Node state updated to IN_SERVICE, scaling executor pool size to 10
2023-09-07 20:30:47,938 [main] INFO  http.BaseHttpServer (BaseHttpServer.java:newHttpServer2BuilderForOzone(223)) - Starting Web-server for hddsDatanode at: http://0.0.0.0:15124
2023-09-07 20:30:47,939 [main] INFO  http.BaseHttpServer (BaseHttpServer.java:<init>(110)) - Hadoop Security Enabled: false Ozone Security Enabled: false Ozone HTTP Security Enabled: false 
2023-09-07 20:30:47,941 [main] WARN  server.AuthenticationFilter (AuthenticationFilter.java:constructSecretProvider(240)) - Unable to initialize FileSignerSecretProvider, falling back to use random secrets. Reason: Could not read signature secret file: /home/runner/hadoop-http-auth-signature-secret
2023-09-07 20:30:47,943 [main] INFO  http.HttpRequestLog (HttpRequestLog.java:getRequestLog(86)) - Http request log for http.requests.hddsDatanode is not defined
2023-09-07 20:30:47,945 [main] INFO  http.HttpServer2 (HttpServer2.java:addGlobalFilter(1031)) - Added global filter 'safety' (class=org.apache.hadoop.hdds.server.http.HttpServer2$QuotingInputFilter)
2023-09-07 20:30:47,945 [main] INFO  http.HttpServer2 (HttpServer2.java:addFilter(1007)) - Added filter static_user_filter (class=org.apache.hadoop.http.lib.StaticUserWebFilter$StaticUserFilter) to context hddsDatanode
2023-09-07 20:30:47,946 [main] INFO  http.HttpServer2 (HttpServer2.java:addFilter(1015)) - Added filter static_user_filter (class=org.apache.hadoop.http.lib.StaticUserWebFilter$StaticUserFilter) to context static
2023-09-07 20:30:47,946 [main] INFO  http.HttpServer2 (HttpServer2.java:addFilter(1015)) - Added filter static_user_filter (class=org.apache.hadoop.http.lib.StaticUserWebFilter$StaticUserFilter) to context logs
2023-09-07 20:30:47,948 [main] INFO  http.BaseHttpServer (BaseHttpServer.java:<init>(189)) - HTTP server of hddsDatanode uses base directory /home/runner/work/ozone/ozone/hadoop-ozone/integration-test/target/test-dir/MiniOzoneClusterImpl-7c3c5bdb-9f31-4157-923c-74528274ab7c/datanode-1/meta/webserver
2023-09-07 20:30:47,948 [main] INFO  http.HttpServer2 (HttpServer2.java:bindListener(1231)) - Jetty bound to port 15124
2023-09-07 20:30:47,949 [main] INFO  server.Server (Server.java:doStart(375)) - jetty-9.4.51.v20230217; built: 2023-02-17T08:19:37.309Z; git: b45c405e4544384de066f814ed42ae3dceacdd49; jvm 1.8.0_382-b05
2023-09-07 20:30:47,957 [main] INFO  server.session (DefaultSessionIdManager.java:doStart(334)) - DefaultSessionIdManager workerName=node0
2023-09-07 20:30:47,958 [main] INFO  server.session (DefaultSessionIdManager.java:doStart(339)) - No SessionScavenger set, using defaults
2023-09-07 20:30:47,958 [main] INFO  server.session (HouseKeeper.java:startScavenging(132)) - node0 Scavenging every 660000ms
2023-09-07 20:30:47,959 [main] INFO  handler.ContextHandler (ContextHandler.java:doStart(921)) - Started o.e.j.s.ServletContextHandler@47f389ca{logs,/logs,file:///home/runner/work/ozone/ozone/hadoop-ozone/integration-test/target/log,AVAILABLE}
2023-09-07 20:30:47,960 [main] INFO  handler.ContextHandler (ContextHandler.java:doStart(921)) - Started o.e.j.s.ServletContextHandler@22b6ad03{static,/static,jar:file:/home/runner/.m2/repository/org/apache/ozone/hdds-container-service/1.4.0-SNAPSHOT/hdds-container-service-1.4.0-SNAPSHOT.jar!/webapps/static,AVAILABLE}
2023-09-07 20:30:48,215 [main] INFO  handler.ContextHandler (ContextHandler.java:doStart(921)) - Started o.e.j.w.WebAppContext@666b882e{hddsDatanode,/,file:///home/runner/work/ozone/ozone/hadoop-ozone/integration-test/target/test-dir/MiniOzoneClusterImpl-7c3c5bdb-9f31-4157-923c-74528274ab7c/datanode-1/meta/webserver/jetty-0_0_0_0-15124-hdds-container-service-1_4_0-SNAPSHOT_jar-_-any-6194623640914096446/webapp/,AVAILABLE}{jar:file:/home/runner/.m2/repository/org/apache/ozone/hdds-container-service/1.4.0-SNAPSHOT/hdds-container-service-1.4.0-SNAPSHOT.jar!/webapps/hddsDatanode}
2023-09-07 20:30:48,216 [main] INFO  server.AbstractConnector (AbstractConnector.java:doStart(333)) - Started ServerConnector@6a768b20{HTTP/1.1, (http/1.1)}{0.0.0.0:15124}
2023-09-07 20:30:48,217 [main] INFO  server.Server (Server.java:doStart(415)) - Started @219290ms
2023-09-07 20:30:48,217 [main] WARN  impl.MetricsSystemImpl (MetricsSystemImpl.java:register(279)) - Sink prometheus already exists!
2023-09-07 20:30:48,218 [main] INFO  http.BaseHttpServer (BaseHttpServer.java:updateConnectorAddress(354)) - HTTP server of hddsDatanode listening at http://0.0.0.0:15124
2023-09-07 20:30:48,218 [main] INFO  ipc.CallQueueManager (CallQueueManager.java:<init>(90)) - Using callQueue: class java.util.concurrent.LinkedBlockingQueue, queueCapacity: 100, scheduler: class org.apache.hadoop.ipc.DefaultRpcScheduler, ipcBackoff: false.
2023-09-07 20:30:48,218 [main] INFO  ipc.Server (Server.java:<init>(1287)) - Listener at 0.0.0.0:15125
2023-09-07 20:30:48,219 [Socket Reader #1 for port 15125] INFO  ipc.Server (Server.java:run(1323)) - Starting Socket Reader #1 for port 15125
2023-09-07 20:30:48,235 [main] INFO  ozone.HddsDatanodeService (HddsDatanodeService.java:start(315)) - Datanode start with admins: [runner]
2023-09-07 20:30:48,236 [main] INFO  ozone.HddsDatanodeClientProtocolServer (HddsDatanodeClientProtocolServer.java:start(72)) - RPC server for Client /0.0.0.0:15125
2023-09-07 20:30:48,236 [IPC Server Responder] INFO  ipc.Server (Server.java:run(1562)) - IPC Server Responder: starting
2023-09-07 20:30:48,236 [IPC Server listener on 15125] INFO  ipc.Server (Server.java:run(1402)) - IPC Server listener on 15125: starting
2023-09-07 20:30:48,237 [Datanode State Machine Daemon Thread] INFO  statemachine.DatanodeStateMachine (DatanodeStateMachine.java:lambda$startDaemon$0(538)) - Ozone container server started.
2023-09-07 20:30:48,237 [main] WARN  impl.MetricRegistriesImpl (MetricRegistriesImpl.java:addReporterRegistration(111)) - New reporters are added after registries were created. Some metrics will be missing from the reporter. Please add reporter before adding any new registry.
2023-09-07 20:30:48,237 [main] WARN  impl.MetricRegistriesImpl (MetricRegistriesImpl.java:addReporterRegistration(111)) - New reporters are added after registries were created. Some metrics will be missing from the reporter. Please add reporter before adding any new registry.
2023-09-07 20:30:48,237 [main] INFO  impl.MetricsSystemImpl (MetricsSystemImpl.java:init(158)) - HddsDatanode metrics system started (again)
2023-09-07 20:30:48,273 [main] INFO  ozone.HddsDatanodeService (HddsDatanodeService.java:start(237)) - HddsDatanodeService host:fv-az259-394.nxnqhby4qkoexpon2s1bx5vqxg.dx.internal.cloudapp.net ip:10.1.0.11
2023-09-07 20:30:48,285 [Datanode State Machine Task Thread - 0] INFO  datanode.InitDatanodeState (InitDatanodeState.java:persistContainerDatanodeDetails(138)) - DatanodeDetails is persisted to /home/runner/work/ozone/ozone/hadoop-ozone/integration-test/target/test-dir/MiniOzoneClusterImpl-7c3c5bdb-9f31-4157-923c-74528274ab7c/datanode-1/meta/datanode.id
2023-09-07 20:30:48,319 [main] INFO  upgrade.AbstractLayoutVersionManager (AbstractLayoutVersionManager.java:init(83)) - Initializing Layout version manager with metadata layout = HADOOP_PRC_PORTS_IN_DATANODEDETAILS (version = 7), software layout = HADOOP_PRC_PORTS_IN_DATANODEDETAILS (version = 7)
2023-09-07 20:30:48,321 [main] INFO  statemachine.DatanodeStateMachine (DatanodeStateMachine.java:getEndPointTaskThreadPoolSize(282)) - Datanode State Machine Task Thread Pool size 2
2023-09-07 20:30:48,324 [main] INFO  volume.HddsVolume (HddsVolume.java:<init>(126)) - Creating HddsVolume: /home/runner/work/ozone/ozone/hadoop-ozone/integration-test/target/test-dir/MiniOzoneClusterImpl-7c3c5bdb-9f31-4157-923c-74528274ab7c/datanode-2/data-0/containers/hdds of storage type : DISK capacity : 9223372036854775807
2023-09-07 20:30:48,325 [main] INFO  volume.MutableVolumeSet (MutableVolumeSet.java:initializeVolumeSet(173)) - Added Volume : /home/runner/work/ozone/ozone/hadoop-ozone/integration-test/target/test-dir/MiniOzoneClusterImpl-7c3c5bdb-9f31-4157-923c-74528274ab7c/datanode-2/data-0/containers/hdds to VolumeSet
2023-09-07 20:30:48,326 [main] INFO  volume.MutableVolumeSet (MutableVolumeSet.java:initializeVolumeSet(173)) - Added Volume : /home/runner/work/ozone/ozone/hadoop-ozone/integration-test/target/test-dir/MiniOzoneClusterImpl-7c3c5bdb-9f31-4157-923c-74528274ab7c/datanode-2/data/ratis to VolumeSet
2023-09-07 20:30:48,326 [Thread-1353] INFO  ozoneimpl.ContainerReader (ContainerReader.java:readVolume(177)) - Finish verifying containers on volume /home/runner/work/ozone/ozone/hadoop-ozone/integration-test/target/test-dir/MiniOzoneClusterImpl-7c3c5bdb-9f31-4157-923c-74528274ab7c/datanode-2/data-0/containers/hdds
2023-09-07 20:30:48,326 [main] INFO  ozoneimpl.OzoneContainer (OzoneContainer.java:buildContainerSet(314)) - Build ContainerSet costs 0s
2023-09-07 20:30:48,333 [main] INFO  server.RaftServer (ConfUtils.java:logGet(46)) - raft.rpc.type = GRPC (default)
2023-09-07 20:30:48,334 [main] INFO  grpc.GrpcConfigKeys (ConfUtils.java:logFallback(53)) - raft.grpc.admin.host = null (fallback to raft.grpc.server.host)
2023-09-07 20:30:48,334 [main] INFO  grpc.GrpcConfigKeys (ConfUtils.java:logGet(46)) - raft.grpc.admin.port = 15137 (custom)
2023-09-07 20:30:48,334 [main] INFO  grpc.GrpcConfigKeys (ConfUtils.java:logFallback(53)) - raft.grpc.client.host = null (fallback to raft.grpc.server.host)
2023-09-07 20:30:48,334 [main] INFO  grpc.GrpcConfigKeys (ConfUtils.java:logGet(46)) - raft.grpc.client.port = 15136 (custom)
2023-09-07 20:30:48,334 [main] INFO  grpc.GrpcConfigKeys (ConfUtils.java:logGet(46)) - raft.grpc.server.host = null (default)
2023-09-07 20:30:48,334 [main] INFO  grpc.GrpcConfigKeys (ConfUtils.java:logGet(46)) - raft.grpc.server.port = 15138 (custom)
2023-09-07 20:30:48,335 [main] INFO  server.GrpcService (ConfUtils.java:logGet(46)) - raft.grpc.message.size.max = 32MB (=33554432) (custom)
2023-09-07 20:30:48,335 [main] INFO  server.RaftServerConfigKeys (ConfUtils.java:logGet(46)) - raft.server.log.appender.buffer.byte-limit = 33554432 (custom)
2023-09-07 20:30:48,335 [main] INFO  server.GrpcService (ConfUtils.java:logGet(46)) - raft.grpc.flow.control.window = 5MB (=5242880) (custom)
2023-09-07 20:30:48,337 [main] INFO  server.RaftServerConfigKeys (ConfUtils.java:logGet(46)) - raft.server.rpc.request.timeout = 60s (custom)
2023-09-07 20:30:48,337 [main] INFO  grpc.GrpcConfigKeys (ConfUtils.java:logGet(46)) - raft.grpc.server.heartbeat.channel = true (default)
2023-09-07 20:30:48,337 [main] INFO  grpc.GrpcConfigKeys (ConfUtils.java:logGet(46)) - raft.grpc.server.async.request.thread.pool.cached = true (default)
2023-09-07 20:30:48,337 [main] INFO  grpc.GrpcConfigKeys (ConfUtils.java:logGet(46)) - raft.grpc.server.async.request.thread.pool.size = 32 (default)
2023-09-07 20:30:48,341 [main] INFO  impl.DataStreamServerImpl (ConfUtils.java:logGet(46)) - raft.datastream.type = NETTY (custom)
2023-09-07 20:30:48,342 [main] INFO  server.RaftServerConfigKeys (ConfUtils.java:logGet(46)) - raft.server.data-stream.async.request.thread.pool.cached = false (default)
2023-09-07 20:30:48,342 [main] INFO  server.RaftServerConfigKeys (ConfUtils.java:logGet(46)) - raft.server.data-stream.async.request.thread.pool.size = 20 (custom)
2023-09-07 20:30:48,342 [main] INFO  server.RaftServerConfigKeys (ConfUtils.java:logGet(46)) - raft.server.data-stream.async.write.thread.pool.size = 16 (default)
2023-09-07 20:30:48,342 [main] INFO  server.RaftServerConfigKeys (ConfUtils.java:logGet(46)) - raft.server.data-stream.client.pool.size = 10 (default)
2023-09-07 20:30:48,343 [main] INFO  netty.NettyConfigKeys$DataStream (ConfUtils.java:logGet(46)) - raft.netty.dataStream.server.use-epoll = false (default)
2023-09-07 20:30:48,343 [main] INFO  netty.NettyConfigKeys$DataStream (ConfUtils.java:logGet(46)) - raft.netty.dataStream.server.boss-group.size = 0 (default)
2023-09-07 20:30:48,343 [main] INFO  netty.NettyConfigKeys$DataStream (ConfUtils.java:logGet(46)) - raft.netty.dataStream.server.worker-group.size = 0 (default)
2023-09-07 20:30:48,344 [main] INFO  netty.NettyConfigKeys$DataStream (ConfUtils.java:logGet(46)) - raft.netty.dataStream.server.tls.conf = null (default)
2023-09-07 20:30:48,344 [main] INFO  netty.NettyConfigKeys$DataStream (ConfUtils.java:logGet(46)) - raft.netty.dataStream.host = null (default)
2023-09-07 20:30:48,344 [main] INFO  netty.NettyConfigKeys$DataStream (ConfUtils.java:logGet(46)) - raft.netty.dataStream.port = 15139 (custom)
2023-09-07 20:30:48,345 [main] INFO  server.RaftServerConfigKeys (ConfUtils.java:logGet(46)) - raft.server.threadpool.proxy.cached = true (default)
2023-09-07 20:30:48,345 [main] INFO  server.RaftServerConfigKeys (ConfUtils.java:logGet(46)) - raft.server.threadpool.proxy.size = 0 (default)
2023-09-07 20:30:48,345 [main] INFO  server.RaftServerConfigKeys (ConfUtils.java:logGet(46)) - raft.server.rpc.slowness.timeout = 300s (custom)
2023-09-07 20:30:48,345 [main] INFO  server.RaftServerConfigKeys (ConfUtils.java:logGet(46)) - raft.server.leaderelection.leader.step-down.wait-time = 10s (default)
2023-09-07 20:30:48,346 [main] INFO  server.RaftServerConfigKeys (ConfUtils.java:logGet(46)) - raft.server.storage.dir = [/home/runner/work/ozone/ozone/hadoop-ozone/integration-test/target/test-dir/MiniOzoneClusterImpl-7c3c5bdb-9f31-4157-923c-74528274ab7c/datanode-2/data/ratis] (custom)
2023-09-07 20:30:48,346 [114a9516-507d-4df3-bbf0-358fc4f720dd-NettyServerStreamRpc-bossGroup--thread1] INFO  logging.LoggingHandler (AbstractInternalLogger.java:log(148)) - [id: 0x7d5a3a67] REGISTERED
2023-09-07 20:30:48,346 [114a9516-507d-4df3-bbf0-358fc4f720dd-NettyServerStreamRpc-bossGroup--thread1] INFO  logging.LoggingHandler (AbstractInternalLogger.java:log(148)) - [id: 0x7d5a3a67] BIND: 0.0.0.0/0.0.0.0:15139
2023-09-07 20:30:48,346 [114a9516-507d-4df3-bbf0-358fc4f720dd-NettyServerStreamRpc-bossGroup--thread1] INFO  logging.LoggingHandler (AbstractInternalLogger.java:log(148)) - [id: 0x7d5a3a67, L:/0:0:0:0:0:0:0:0:15139] ACTIVE
2023-09-07 20:30:48,351 [114a9516-507d-4df3-bbf0-358fc4f720dd-impl-thread1] INFO  server.RaftServer (RaftServerProxy.java:initGroupDir(258)) - 114a9516-507d-4df3-bbf0-358fc4f720dd: found a subdirectory /home/runner/work/ozone/ozone/hadoop-ozone/integration-test/target/test-dir/MiniOzoneClusterImpl-7c3c5bdb-9f31-4157-923c-74528274ab7c/datanode-2/data/ratis/tmp
2023-09-07 20:30:48,351 [114a9516-507d-4df3-bbf0-358fc4f720dd-impl-thread1] INFO  server.RaftServer (RaftServerProxy.java:initGroupDir(263)) - 114a9516-507d-4df3-bbf0-358fc4f720dd: The directory /home/runner/work/ozone/ozone/hadoop-ozone/integration-test/target/test-dir/MiniOzoneClusterImpl-7c3c5bdb-9f31-4157-923c-74528274ab7c/datanode-2/data/ratis/tmp is not a group directory; ignoring it. 
2023-09-07 20:30:48,351 [main] INFO  replication.ReplicationServer (ReplicationServer.java:<init>(81)) - Initializing replication server with thread count = 10
2023-09-07 20:30:48,353 [main] INFO  server.XceiverServerGrpc (XceiverServerGrpc.java:<init>(132)) - GrpcServer channel type EpollServerSocketChannel
2023-09-07 20:30:48,355 [main] INFO  replication.ReplicationSupervisor (ReplicationSupervisor.java:build(155)) - Initializing replication supervisor with thread count = 10
2023-09-07 20:30:48,355 [main] INFO  replication.ReplicationSupervisor (ReplicationSupervisor.java:nodeStateUpdated(307)) - Node state updated to IN_SERVICE, scaling executor pool size to 10
2023-09-07 20:30:48,361 [main] INFO  http.BaseHttpServer (BaseHttpServer.java:newHttpServer2BuilderForOzone(223)) - Starting Web-server for hddsDatanode at: http://0.0.0.0:15133
2023-09-07 20:30:48,361 [main] INFO  http.BaseHttpServer (BaseHttpServer.java:<init>(110)) - Hadoop Security Enabled: false Ozone Security Enabled: false Ozone HTTP Security Enabled: false 
2023-09-07 20:30:48,362 [main] WARN  server.AuthenticationFilter (AuthenticationFilter.java:constructSecretProvider(240)) - Unable to initialize FileSignerSecretProvider, falling back to use random secrets. Reason: Could not read signature secret file: /home/runner/hadoop-http-auth-signature-secret
2023-09-07 20:30:48,363 [main] INFO  http.HttpRequestLog (HttpRequestLog.java:getRequestLog(86)) - Http request log for http.requests.hddsDatanode is not defined
2023-09-07 20:30:48,364 [main] INFO  http.HttpServer2 (HttpServer2.java:addGlobalFilter(1031)) - Added global filter 'safety' (class=org.apache.hadoop.hdds.server.http.HttpServer2$QuotingInputFilter)
2023-09-07 20:30:48,365 [main] INFO  http.HttpServer2 (HttpServer2.java:addFilter(1007)) - Added filter static_user_filter (class=org.apache.hadoop.http.lib.StaticUserWebFilter$StaticUserFilter) to context hddsDatanode
2023-09-07 20:30:48,365 [main] INFO  http.HttpServer2 (HttpServer2.java:addFilter(1015)) - Added filter static_user_filter (class=org.apache.hadoop.http.lib.StaticUserWebFilter$StaticUserFilter) to context static
2023-09-07 20:30:48,365 [main] INFO  http.HttpServer2 (HttpServer2.java:addFilter(1015)) - Added filter static_user_filter (class=org.apache.hadoop.http.lib.StaticUserWebFilter$StaticUserFilter) to context logs
2023-09-07 20:30:48,366 [main] INFO  http.BaseHttpServer (BaseHttpServer.java:<init>(189)) - HTTP server of hddsDatanode uses base directory /home/runner/work/ozone/ozone/hadoop-ozone/integration-test/target/test-dir/MiniOzoneClusterImpl-7c3c5bdb-9f31-4157-923c-74528274ab7c/datanode-2/meta/webserver
2023-09-07 20:30:48,366 [main] INFO  http.HttpServer2 (HttpServer2.java:bindListener(1231)) - Jetty bound to port 15133
2023-09-07 20:30:48,366 [main] INFO  server.Server (Server.java:doStart(375)) - jetty-9.4.51.v20230217; built: 2023-02-17T08:19:37.309Z; git: b45c405e4544384de066f814ed42ae3dceacdd49; jvm 1.8.0_382-b05
2023-09-07 20:30:48,368 [main] INFO  server.session (DefaultSessionIdManager.java:doStart(334)) - DefaultSessionIdManager workerName=node0
2023-09-07 20:30:48,368 [main] INFO  server.session (DefaultSessionIdManager.java:doStart(339)) - No SessionScavenger set, using defaults
2023-09-07 20:30:48,368 [main] INFO  server.session (HouseKeeper.java:startScavenging(132)) - node0 Scavenging every 660000ms
2023-09-07 20:30:48,369 [main] INFO  handler.ContextHandler (ContextHandler.java:doStart(921)) - Started o.e.j.s.ServletContextHandler@61dd6f70{logs,/logs,file:///home/runner/work/ozone/ozone/hadoop-ozone/integration-test/target/log,AVAILABLE}
2023-09-07 20:30:48,369 [main] INFO  handler.ContextHandler (ContextHandler.java:doStart(921)) - Started o.e.j.s.ServletContextHandler@13d9360f{static,/static,jar:file:/home/runner/.m2/repository/org/apache/ozone/hdds-container-service/1.4.0-SNAPSHOT/hdds-container-service-1.4.0-SNAPSHOT.jar!/webapps/static,AVAILABLE}
2023-09-07 20:30:48,399 [om1@group-C5BA1605619E-FollowerState] INFO  impl.FollowerState (FollowerState.java:run(143)) - om1@group-C5BA1605619E-FollowerState: change to CANDIDATE, lastRpcElapsedTime:1043856403ns, electionTimeout:1043ms
2023-09-07 20:30:48,399 [om1@group-C5BA1605619E-FollowerState] INFO  impl.RoleInfo (RoleInfo.java:shutdownFollowerState(110)) - om1: shutdown om1@group-C5BA1605619E-FollowerState
2023-09-07 20:30:48,399 [om1@group-C5BA1605619E-FollowerState] INFO  server.RaftServer$Division (RaftServerImpl.java:setRole(329)) - om1@group-C5BA1605619E: changes role from  FOLLOWER to CANDIDATE at term 0 for changeToCandidate
2023-09-07 20:30:48,399 [om1@group-C5BA1605619E-FollowerState] INFO  server.RaftServerConfigKeys (ConfUtils.java:logGet(46)) - raft.server.leaderelection.pre-vote = true (default)
2023-09-07 20:30:48,399 [om1@group-C5BA1605619E-FollowerState] INFO  impl.RoleInfo (RoleInfo.java:updateAndGet(139)) - om1: start om1@group-C5BA1605619E-LeaderElection21
2023-09-07 20:30:48,415 [om1@group-C5BA1605619E-LeaderElection21] INFO  impl.LeaderElection (LeaderElection.java:askForVotes(321)) - om1@group-C5BA1605619E-LeaderElection21 PRE_VOTE round 0: submit vote requests at term 0 for -1: peers:[om1|rpc:localhost:15113|priority:0|startupRole:FOLLOWER]|listeners:[], old=null
2023-09-07 20:30:48,415 [om1@group-C5BA1605619E-LeaderElection21] INFO  impl.LeaderElection (LeaderElection.java:askForVotes(323)) - om1@group-C5BA1605619E-LeaderElection21 PRE_VOTE round 0: result PASSED (term=0)
2023-09-07 20:30:48,418 [om1@group-C5BA1605619E-LeaderElection21] INFO  impl.LeaderElection (LeaderElection.java:askForVotes(321)) - om1@group-C5BA1605619E-LeaderElection21 ELECTION round 0: submit vote requests at term 1 for -1: peers:[om1|rpc:localhost:15113|priority:0|startupRole:FOLLOWER]|listeners:[], old=null
2023-09-07 20:30:48,418 [om1@group-C5BA1605619E-LeaderElection21] INFO  impl.LeaderElection (LeaderElection.java:askForVotes(323)) - om1@group-C5BA1605619E-LeaderElection21 ELECTION round 0: result PASSED (term=1)
2023-09-07 20:30:48,418 [om1@group-C5BA1605619E-LeaderElection21] INFO  impl.RoleInfo (RoleInfo.java:shutdownLeaderElection(130)) - om1: shutdown om1@group-C5BA1605619E-LeaderElection21
2023-09-07 20:30:48,418 [om1@group-C5BA1605619E-LeaderElection21] INFO  server.RaftServer$Division (RaftServerImpl.java:setRole(329)) - om1@group-C5BA1605619E: changes role from CANDIDATE to LEADER at term 1 for changeToLeader
2023-09-07 20:30:48,418 [om1@group-C5BA1605619E-LeaderElection21] INFO  server.RaftServer$Division (ServerState.java:setLeader(317)) - om1@group-C5BA1605619E: change Leader from null to om1 at term 1 for becomeLeader, leader elected after 1658ms
2023-09-07 20:30:48,419 [om1@group-C5BA1605619E-LeaderElection21] INFO  server.RaftServerConfigKeys (ConfUtils.java:logGet(46)) - raft.server.staging.catchup.gap = 1000 (default)
2023-09-07 20:30:48,419 [om1@group-C5BA1605619E-LeaderElection21] INFO  server.RaftServerConfigKeys (ConfUtils.java:logGet(46)) - raft.server.write.element-limit = 4096 (default)
2023-09-07 20:30:48,419 [om1@group-C5BA1605619E-LeaderElection21] INFO  server.RaftServerConfigKeys (ConfUtils.java:logGet(46)) - raft.server.write.byte-limit = 64MB (=67108864) (default)
2023-09-07 20:30:48,419 [om1@group-C5BA1605619E-LeaderElection21] INFO  server.RaftServerConfigKeys (ConfUtils.java:logGet(46)) - raft.server.watch.timeout = 10s (default)
2023-09-07 20:30:48,419 [om1@group-C5BA1605619E-LeaderElection21] INFO  server.RaftServerConfigKeys (ConfUtils.java:logGet(46)) - raft.server.watch.timeout.denomination = 1s (default)
2023-09-07 20:30:48,419 [om1@group-C5BA1605619E-LeaderElection21] INFO  server.RaftServerConfigKeys (ConfUtils.java:logGet(46)) - raft.server.watch.element-limit = 65536 (default)
2023-09-07 20:30:48,419 [om1@group-C5BA1605619E-LeaderElection21] INFO  server.RaftServerConfigKeys (ConfUtils.java:logGet(46)) - raft.server.write.element-limit = 4096 (default)
2023-09-07 20:30:48,419 [om1@group-C5BA1605619E-LeaderElection21] INFO  server.RaftServerConfigKeys (ConfUtils.java:logGet(46)) - raft.server.write.follower.gap.ratio.max = -1.0 (default)
2023-09-07 20:30:48,420 [om1@group-C5BA1605619E-LeaderElection21] INFO  impl.RoleInfo (RoleInfo.java:updateAndGet(139)) - om1: start om1@group-C5BA1605619E-LeaderStateImpl
2023-09-07 20:30:48,420 [om1@group-C5BA1605619E-LeaderElection21] INFO  segmented.SegmentedRaftLogWorker (SegmentedRaftLogWorker.java:startLogSegment(447)) - om1@group-C5BA1605619E-SegmentedRaftLogWorker: Starting segment from index:0
2023-09-07 20:30:48,436 [om1@group-C5BA1605619E-SegmentedRaftLogWorker] INFO  segmented.SegmentedRaftLogWorker (SegmentedRaftLogWorker.java:execute(651)) - om1@group-C5BA1605619E-SegmentedRaftLogWorker: created new log segment /home/runner/work/ozone/ozone/hadoop-ozone/integration-test/target/test-dir/MiniOzoneClusterImpl-7c3c5bdb-9f31-4157-923c-74528274ab7c/ozone-meta/ratis/bf265839-605b-3f16-9796-c5ba1605619e/current/log_inprogress_0
2023-09-07 20:30:48,436 [om1@group-C5BA1605619E-LeaderElection21] INFO  server.RaftServer$Division (ServerState.java:setRaftConf(434)) - om1@group-C5BA1605619E: set configuration 0: peers:[om1|rpc:localhost:15113|admin:|client:|dataStream:|priority:0|startupRole:FOLLOWER]|listeners:[], old=null
2023-09-07 20:30:48,439 [om1@group-C5BA1605619E-StateMachineUpdater] INFO  ratis.OzoneManagerStateMachine (OzoneManagerStateMachine.java:notifyConfigurationChanged(202)) - Received Configuration change notification from Ratis. New Peer list:
[id: "om1"
address: "localhost:15113"
startupRole: FOLLOWER
]
2023-09-07 20:30:48,633 [main] INFO  handler.ContextHandler (ContextHandler.java:doStart(921)) - Started o.e.j.w.WebAppContext@69935e5e{hddsDatanode,/,file:///home/runner/work/ozone/ozone/hadoop-ozone/integration-test/target/test-dir/MiniOzoneClusterImpl-7c3c5bdb-9f31-4157-923c-74528274ab7c/datanode-2/meta/webserver/jetty-0_0_0_0-15133-hdds-container-service-1_4_0-SNAPSHOT_jar-_-any-8851433512546333255/webapp/,AVAILABLE}{jar:file:/home/runner/.m2/repository/org/apache/ozone/hdds-container-service/1.4.0-SNAPSHOT/hdds-container-service-1.4.0-SNAPSHOT.jar!/webapps/hddsDatanode}
2023-09-07 20:30:48,635 [main] INFO  server.AbstractConnector (AbstractConnector.java:doStart(333)) - Started ServerConnector@7feb9b1c{HTTP/1.1, (http/1.1)}{0.0.0.0:15133}
2023-09-07 20:30:48,635 [main] INFO  server.Server (Server.java:doStart(415)) - Started @219709ms
2023-09-07 20:30:48,636 [main] WARN  impl.MetricsSystemImpl (MetricsSystemImpl.java:register(279)) - Sink prometheus already exists!
2023-09-07 20:30:48,637 [main] INFO  http.BaseHttpServer (BaseHttpServer.java:updateConnectorAddress(354)) - HTTP server of hddsDatanode listening at http://0.0.0.0:15133
2023-09-07 20:30:48,637 [main] INFO  ipc.CallQueueManager (CallQueueManager.java:<init>(90)) - Using callQueue: class java.util.concurrent.LinkedBlockingQueue, queueCapacity: 100, scheduler: class org.apache.hadoop.ipc.DefaultRpcScheduler, ipcBackoff: false.
2023-09-07 20:30:48,637 [main] INFO  ipc.Server (Server.java:<init>(1287)) - Listener at 0.0.0.0:15134
2023-09-07 20:30:48,638 [Socket Reader #1 for port 15134] INFO  ipc.Server (Server.java:run(1323)) - Starting Socket Reader #1 for port 15134
2023-09-07 20:30:48,648 [main] INFO  ozone.HddsDatanodeService (HddsDatanodeService.java:start(315)) - Datanode start with admins: [runner]
2023-09-07 20:30:48,648 [main] INFO  ozone.HddsDatanodeClientProtocolServer (HddsDatanodeClientProtocolServer.java:start(72)) - RPC server for Client /0.0.0.0:15134
2023-09-07 20:30:48,649 [IPC Server Responder] INFO  ipc.Server (Server.java:run(1562)) - IPC Server Responder: starting
2023-09-07 20:30:48,652 [Datanode State Machine Daemon Thread] INFO  statemachine.DatanodeStateMachine (DatanodeStateMachine.java:lambda$startDaemon$0(538)) - Ozone container server started.
2023-09-07 20:30:48,652 [main] WARN  impl.MetricRegistriesImpl (MetricRegistriesImpl.java:addReporterRegistration(111)) - New reporters are added after registries were created. Some metrics will be missing from the reporter. Please add reporter before adding any new registry.
2023-09-07 20:30:48,654 [main] WARN  impl.MetricRegistriesImpl (MetricRegistriesImpl.java:addReporterRegistration(111)) - New reporters are added after registries were created. Some metrics will be missing from the reporter. Please add reporter before adding any new registry.
2023-09-07 20:30:48,654 [main] INFO  impl.MetricsSystemImpl (MetricsSystemImpl.java:init(158)) - HddsDatanode metrics system started (again)
2023-09-07 20:30:48,653 [IPC Server listener on 15134] INFO  ipc.Server (Server.java:run(1402)) - IPC Server listener on 15134: starting
2023-09-07 20:30:48,665 [Datanode State Machine Task Thread - 0] INFO  datanode.InitDatanodeState (InitDatanodeState.java:persistContainerDatanodeDetails(138)) - DatanodeDetails is persisted to /home/runner/work/ozone/ozone/hadoop-ozone/integration-test/target/test-dir/MiniOzoneClusterImpl-7c3c5bdb-9f31-4157-923c-74528274ab7c/datanode-2/meta/datanode.id
2023-09-07 20:30:48,679 [main] INFO  ozone.HddsDatanodeService (HddsDatanodeService.java:start(237)) - HddsDatanodeService host:fv-az259-394.nxnqhby4qkoexpon2s1bx5vqxg.dx.internal.cloudapp.net ip:10.1.0.11
2023-09-07 20:30:48,711 [main] INFO  upgrade.AbstractLayoutVersionManager (AbstractLayoutVersionManager.java:init(83)) - Initializing Layout version manager with metadata layout = HADOOP_PRC_PORTS_IN_DATANODEDETAILS (version = 7), software layout = HADOOP_PRC_PORTS_IN_DATANODEDETAILS (version = 7)
2023-09-07 20:30:48,711 [main] INFO  statemachine.DatanodeStateMachine (DatanodeStateMachine.java:getEndPointTaskThreadPoolSize(282)) - Datanode State Machine Task Thread Pool size 2
2023-09-07 20:30:48,713 [main] INFO  volume.HddsVolume (HddsVolume.java:<init>(126)) - Creating HddsVolume: /home/runner/work/ozone/ozone/hadoop-ozone/integration-test/target/test-dir/MiniOzoneClusterImpl-7c3c5bdb-9f31-4157-923c-74528274ab7c/datanode-3/data-0/containers/hdds of storage type : DISK capacity : 9223372036854775807
2023-09-07 20:30:48,713 [main] INFO  volume.MutableVolumeSet (MutableVolumeSet.java:initializeVolumeSet(173)) - Added Volume : /home/runner/work/ozone/ozone/hadoop-ozone/integration-test/target/test-dir/MiniOzoneClusterImpl-7c3c5bdb-9f31-4157-923c-74528274ab7c/datanode-3/data-0/containers/hdds to VolumeSet
2023-09-07 20:30:48,714 [main] INFO  volume.MutableVolumeSet (MutableVolumeSet.java:initializeVolumeSet(173)) - Added Volume : /home/runner/work/ozone/ozone/hadoop-ozone/integration-test/target/test-dir/MiniOzoneClusterImpl-7c3c5bdb-9f31-4157-923c-74528274ab7c/datanode-3/data/ratis to VolumeSet
2023-09-07 20:30:48,717 [Thread-1372] INFO  ozoneimpl.ContainerReader (ContainerReader.java:readVolume(177)) - Finish verifying containers on volume /home/runner/work/ozone/ozone/hadoop-ozone/integration-test/target/test-dir/MiniOzoneClusterImpl-7c3c5bdb-9f31-4157-923c-74528274ab7c/datanode-3/data-0/containers/hdds
2023-09-07 20:30:48,717 [main] INFO  ozoneimpl.OzoneContainer (OzoneContainer.java:buildContainerSet(314)) - Build ContainerSet costs 0s
2023-09-07 20:30:48,721 [main] INFO  server.RaftServer (ConfUtils.java:logGet(46)) - raft.rpc.type = GRPC (default)
2023-09-07 20:30:48,722 [main] INFO  grpc.GrpcConfigKeys (ConfUtils.java:logFallback(53)) - raft.grpc.admin.host = null (fallback to raft.grpc.server.host)
2023-09-07 20:30:48,722 [main] INFO  grpc.GrpcConfigKeys (ConfUtils.java:logGet(46)) - raft.grpc.admin.port = 15146 (custom)
2023-09-07 20:30:48,722 [main] INFO  grpc.GrpcConfigKeys (ConfUtils.java:logFallback(53)) - raft.grpc.client.host = null (fallback to raft.grpc.server.host)
2023-09-07 20:30:48,722 [main] INFO  grpc.GrpcConfigKeys (ConfUtils.java:logGet(46)) - raft.grpc.client.port = 15145 (custom)
2023-09-07 20:30:48,722 [main] INFO  grpc.GrpcConfigKeys (ConfUtils.java:logGet(46)) - raft.grpc.server.host = null (default)
2023-09-07 20:30:48,723 [main] INFO  grpc.GrpcConfigKeys (ConfUtils.java:logGet(46)) - raft.grpc.server.port = 15147 (custom)
2023-09-07 20:30:48,723 [main] INFO  server.GrpcService (ConfUtils.java:logGet(46)) - raft.grpc.message.size.max = 32MB (=33554432) (custom)
2023-09-07 20:30:48,723 [main] INFO  server.RaftServerConfigKeys (ConfUtils.java:logGet(46)) - raft.server.log.appender.buffer.byte-limit = 33554432 (custom)
2023-09-07 20:30:48,723 [main] INFO  server.GrpcService (ConfUtils.java:logGet(46)) - raft.grpc.flow.control.window = 5MB (=5242880) (custom)
2023-09-07 20:30:48,723 [main] INFO  server.RaftServerConfigKeys (ConfUtils.java:logGet(46)) - raft.server.rpc.request.timeout = 60s (custom)
2023-09-07 20:30:48,723 [main] INFO  grpc.GrpcConfigKeys (ConfUtils.java:logGet(46)) - raft.grpc.server.heartbeat.channel = true (default)
2023-09-07 20:30:48,724 [main] INFO  grpc.GrpcConfigKeys (ConfUtils.java:logGet(46)) - raft.grpc.server.async.request.thread.pool.cached = true (default)
2023-09-07 20:30:48,724 [main] INFO  grpc.GrpcConfigKeys (ConfUtils.java:logGet(46)) - raft.grpc.server.async.request.thread.pool.size = 32 (default)
2023-09-07 20:30:48,728 [main] INFO  impl.DataStreamServerImpl (ConfUtils.java:logGet(46)) - raft.datastream.type = NETTY (custom)
2023-09-07 20:30:48,728 [main] INFO  server.RaftServerConfigKeys (ConfUtils.java:logGet(46)) - raft.server.data-stream.async.request.thread.pool.cached = false (default)
2023-09-07 20:30:48,728 [main] INFO  server.RaftServerConfigKeys (ConfUtils.java:logGet(46)) - raft.server.data-stream.async.request.thread.pool.size = 20 (custom)
2023-09-07 20:30:48,728 [main] INFO  server.RaftServerConfigKeys (ConfUtils.java:logGet(46)) - raft.server.data-stream.async.write.thread.pool.size = 16 (default)
2023-09-07 20:30:48,729 [main] INFO  server.RaftServerConfigKeys (ConfUtils.java:logGet(46)) - raft.server.data-stream.client.pool.size = 10 (default)
2023-09-07 20:30:48,729 [main] INFO  netty.NettyConfigKeys$DataStream (ConfUtils.java:logGet(46)) - raft.netty.dataStream.server.use-epoll = false (default)
2023-09-07 20:30:48,729 [main] INFO  netty.NettyConfigKeys$DataStream (ConfUtils.java:logGet(46)) - raft.netty.dataStream.server.boss-group.size = 0 (default)
2023-09-07 20:30:48,729 [main] INFO  netty.NettyConfigKeys$DataStream (ConfUtils.java:logGet(46)) - raft.netty.dataStream.server.worker-group.size = 0 (default)
2023-09-07 20:30:48,730 [main] INFO  netty.NettyConfigKeys$DataStream (ConfUtils.java:logGet(46)) - raft.netty.dataStream.server.tls.conf = null (default)
2023-09-07 20:30:48,730 [main] INFO  netty.NettyConfigKeys$DataStream (ConfUtils.java:logGet(46)) - raft.netty.dataStream.host = null (default)
2023-09-07 20:30:48,730 [main] INFO  netty.NettyConfigKeys$DataStream (ConfUtils.java:logGet(46)) - raft.netty.dataStream.port = 15148 (custom)
2023-09-07 20:30:48,731 [main] INFO  server.RaftServerConfigKeys (ConfUtils.java:logGet(46)) - raft.server.threadpool.proxy.cached = true (default)
2023-09-07 20:30:48,731 [main] INFO  server.RaftServerConfigKeys (ConfUtils.java:logGet(46)) - raft.server.threadpool.proxy.size = 0 (default)
2023-09-07 20:30:48,731 [main] INFO  server.RaftServerConfigKeys (ConfUtils.java:logGet(46)) - raft.server.rpc.slowness.timeout = 300s (custom)
2023-09-07 20:30:48,732 [main] INFO  server.RaftServerConfigKeys (ConfUtils.java:logGet(46)) - raft.server.leaderelection.leader.step-down.wait-time = 10s (default)
2023-09-07 20:30:48,732 [main] INFO  server.RaftServerConfigKeys (ConfUtils.java:logGet(46)) - raft.server.storage.dir = [/home/runner/work/ozone/ozone/hadoop-ozone/integration-test/target/test-dir/MiniOzoneClusterImpl-7c3c5bdb-9f31-4157-923c-74528274ab7c/datanode-3/data/ratis] (custom)
2023-09-07 20:30:48,737 [030e9783-811e-46a4-8bf6-f2375cfbdf83-NettyServerStreamRpc-bossGroup--thread1] INFO  logging.LoggingHandler (AbstractInternalLogger.java:log(148)) - [id: 0x80e41bc0] REGISTERED
2023-09-07 20:30:48,737 [030e9783-811e-46a4-8bf6-f2375cfbdf83-NettyServerStreamRpc-bossGroup--thread1] INFO  logging.LoggingHandler (AbstractInternalLogger.java:log(148)) - [id: 0x80e41bc0] BIND: 0.0.0.0/0.0.0.0:15148
2023-09-07 20:30:48,737 [030e9783-811e-46a4-8bf6-f2375cfbdf83-NettyServerStreamRpc-bossGroup--thread1] INFO  logging.LoggingHandler (AbstractInternalLogger.java:log(148)) - [id: 0x80e41bc0, L:/0:0:0:0:0:0:0:0:15148] ACTIVE
2023-09-07 20:30:48,742 [030e9783-811e-46a4-8bf6-f2375cfbdf83-impl-thread1] INFO  server.RaftServer (RaftServerProxy.java:initGroupDir(258)) - 030e9783-811e-46a4-8bf6-f2375cfbdf83: found a subdirectory /home/runner/work/ozone/ozone/hadoop-ozone/integration-test/target/test-dir/MiniOzoneClusterImpl-7c3c5bdb-9f31-4157-923c-74528274ab7c/datanode-3/data/ratis/tmp
2023-09-07 20:30:48,742 [030e9783-811e-46a4-8bf6-f2375cfbdf83-impl-thread1] INFO  server.RaftServer (RaftServerProxy.java:initGroupDir(263)) - 030e9783-811e-46a4-8bf6-f2375cfbdf83: The directory /home/runner/work/ozone/ozone/hadoop-ozone/integration-test/target/test-dir/MiniOzoneClusterImpl-7c3c5bdb-9f31-4157-923c-74528274ab7c/datanode-3/data/ratis/tmp is not a group directory; ignoring it. 
2023-09-07 20:30:48,742 [main] INFO  replication.ReplicationServer (ReplicationServer.java:<init>(81)) - Initializing replication server with thread count = 10
2023-09-07 20:30:48,745 [main] INFO  server.XceiverServerGrpc (XceiverServerGrpc.java:<init>(132)) - GrpcServer channel type EpollServerSocketChannel
2023-09-07 20:30:48,747 [main] INFO  replication.ReplicationSupervisor (ReplicationSupervisor.java:build(155)) - Initializing replication supervisor with thread count = 10
2023-09-07 20:30:48,747 [main] INFO  replication.ReplicationSupervisor (ReplicationSupervisor.java:nodeStateUpdated(307)) - Node state updated to IN_SERVICE, scaling executor pool size to 10
2023-09-07 20:30:48,749 [main] INFO  http.BaseHttpServer (BaseHttpServer.java:newHttpServer2BuilderForOzone(223)) - Starting Web-server for hddsDatanode at: http://0.0.0.0:15142
2023-09-07 20:30:48,750 [main] INFO  http.BaseHttpServer (BaseHttpServer.java:<init>(110)) - Hadoop Security Enabled: false Ozone Security Enabled: false Ozone HTTP Security Enabled: false 
2023-09-07 20:30:48,754 [main] WARN  server.AuthenticationFilter (AuthenticationFilter.java:constructSecretProvider(240)) - Unable to initialize FileSignerSecretProvider, falling back to use random secrets. Reason: Could not read signature secret file: /home/runner/hadoop-http-auth-signature-secret
2023-09-07 20:30:48,755 [main] INFO  http.HttpRequestLog (HttpRequestLog.java:getRequestLog(86)) - Http request log for http.requests.hddsDatanode is not defined
2023-09-07 20:30:48,757 [main] INFO  http.HttpServer2 (HttpServer2.java:addGlobalFilter(1031)) - Added global filter 'safety' (class=org.apache.hadoop.hdds.server.http.HttpServer2$QuotingInputFilter)
2023-09-07 20:30:48,758 [main] INFO  http.HttpServer2 (HttpServer2.java:addFilter(1007)) - Added filter static_user_filter (class=org.apache.hadoop.http.lib.StaticUserWebFilter$StaticUserFilter) to context hddsDatanode
2023-09-07 20:30:48,758 [main] INFO  http.HttpServer2 (HttpServer2.java:addFilter(1015)) - Added filter static_user_filter (class=org.apache.hadoop.http.lib.StaticUserWebFilter$StaticUserFilter) to context static
2023-09-07 20:30:48,758 [main] INFO  http.HttpServer2 (HttpServer2.java:addFilter(1015)) - Added filter static_user_filter (class=org.apache.hadoop.http.lib.StaticUserWebFilter$StaticUserFilter) to context logs
2023-09-07 20:30:48,759 [main] INFO  http.BaseHttpServer (BaseHttpServer.java:<init>(189)) - HTTP server of hddsDatanode uses base directory /home/runner/work/ozone/ozone/hadoop-ozone/integration-test/target/test-dir/MiniOzoneClusterImpl-7c3c5bdb-9f31-4157-923c-74528274ab7c/datanode-3/meta/webserver
2023-09-07 20:30:48,759 [main] INFO  http.HttpServer2 (HttpServer2.java:bindListener(1231)) - Jetty bound to port 15142
2023-09-07 20:30:48,759 [main] INFO  server.Server (Server.java:doStart(375)) - jetty-9.4.51.v20230217; built: 2023-02-17T08:19:37.309Z; git: b45c405e4544384de066f814ed42ae3dceacdd49; jvm 1.8.0_382-b05
2023-09-07 20:30:48,763 [main] INFO  server.session (DefaultSessionIdManager.java:doStart(334)) - DefaultSessionIdManager workerName=node0
2023-09-07 20:30:48,764 [main] INFO  server.session (DefaultSessionIdManager.java:doStart(339)) - No SessionScavenger set, using defaults
2023-09-07 20:30:48,775 [main] INFO  server.session (HouseKeeper.java:startScavenging(132)) - node0 Scavenging every 660000ms
2023-09-07 20:30:48,788 [main] INFO  handler.ContextHandler (ContextHandler.java:doStart(921)) - Started o.e.j.s.ServletContextHandler@5c017a4a{logs,/logs,file:///home/runner/work/ozone/ozone/hadoop-ozone/integration-test/target/log,AVAILABLE}
2023-09-07 20:30:48,788 [main] INFO  handler.ContextHandler (ContextHandler.java:doStart(921)) - Started o.e.j.s.ServletContextHandler@2723170a{static,/static,jar:file:/home/runner/.m2/repository/org/apache/ozone/hdds-container-service/1.4.0-SNAPSHOT/hdds-container-service-1.4.0-SNAPSHOT.jar!/webapps/static,AVAILABLE}
2023-09-07 20:30:49,038 [main] INFO  handler.ContextHandler (ContextHandler.java:doStart(921)) - Started o.e.j.w.WebAppContext@43739c43{hddsDatanode,/,file:///home/runner/work/ozone/ozone/hadoop-ozone/integration-test/target/test-dir/MiniOzoneClusterImpl-7c3c5bdb-9f31-4157-923c-74528274ab7c/datanode-3/meta/webserver/jetty-0_0_0_0-15142-hdds-container-service-1_4_0-SNAPSHOT_jar-_-any-3780227038207220903/webapp/,AVAILABLE}{jar:file:/home/runner/.m2/repository/org/apache/ozone/hdds-container-service/1.4.0-SNAPSHOT/hdds-container-service-1.4.0-SNAPSHOT.jar!/webapps/hddsDatanode}
2023-09-07 20:30:49,044 [main] INFO  server.AbstractConnector (AbstractConnector.java:doStart(333)) - Started ServerConnector@506121f1{HTTP/1.1, (http/1.1)}{0.0.0.0:15142}
2023-09-07 20:30:49,044 [main] INFO  server.Server (Server.java:doStart(415)) - Started @220118ms
2023-09-07 20:30:49,044 [main] WARN  impl.MetricsSystemImpl (MetricsSystemImpl.java:register(279)) - Sink prometheus already exists!
2023-09-07 20:30:49,045 [main] INFO  http.BaseHttpServer (BaseHttpServer.java:updateConnectorAddress(354)) - HTTP server of hddsDatanode listening at http://0.0.0.0:15142
2023-09-07 20:30:49,046 [main] INFO  ipc.CallQueueManager (CallQueueManager.java:<init>(90)) - Using callQueue: class java.util.concurrent.LinkedBlockingQueue, queueCapacity: 100, scheduler: class org.apache.hadoop.ipc.DefaultRpcScheduler, ipcBackoff: false.
2023-09-07 20:30:49,046 [main] INFO  ipc.Server (Server.java:<init>(1287)) - Listener at 0.0.0.0:15143
2023-09-07 20:30:49,047 [Socket Reader #1 for port 15143] INFO  ipc.Server (Server.java:run(1323)) - Starting Socket Reader #1 for port 15143
2023-09-07 20:30:49,063 [main] INFO  ozone.HddsDatanodeService (HddsDatanodeService.java:start(315)) - Datanode start with admins: [runner]
2023-09-07 20:30:49,063 [main] INFO  ozone.HddsDatanodeClientProtocolServer (HddsDatanodeClientProtocolServer.java:start(72)) - RPC server for Client /0.0.0.0:15143
2023-09-07 20:30:49,066 [IPC Server Responder] INFO  ipc.Server (Server.java:run(1562)) - IPC Server Responder: starting
2023-09-07 20:30:49,067 [IPC Server listener on 15143] INFO  ipc.Server (Server.java:run(1402)) - IPC Server listener on 15143: starting
2023-09-07 20:30:49,070 [main] WARN  impl.MetricRegistriesImpl (MetricRegistriesImpl.java:addReporterRegistration(111)) - New reporters are added after registries were created. Some metrics will be missing from the reporter. Please add reporter before adding any new registry.
2023-09-07 20:30:49,070 [main] WARN  impl.MetricRegistriesImpl (MetricRegistriesImpl.java:addReporterRegistration(111)) - New reporters are added after registries were created. Some metrics will be missing from the reporter. Please add reporter before adding any new registry.
2023-09-07 20:30:49,070 [main] INFO  impl.MetricsSystemImpl (MetricsSystemImpl.java:init(158)) - HddsDatanode metrics system started (again)
2023-09-07 20:30:49,070 [Datanode State Machine Daemon Thread] INFO  statemachine.DatanodeStateMachine (DatanodeStateMachine.java:lambda$startDaemon$0(538)) - Ozone container server started.
2023-09-07 20:30:49,082 [Datanode State Machine Task Thread - 0] INFO  datanode.InitDatanodeState (InitDatanodeState.java:persistContainerDatanodeDetails(138)) - DatanodeDetails is persisted to /home/runner/work/ozone/ozone/hadoop-ozone/integration-test/target/test-dir/MiniOzoneClusterImpl-7c3c5bdb-9f31-4157-923c-74528274ab7c/datanode-3/meta/datanode.id
2023-09-07 20:30:49,090 [main] INFO  ozone.HddsDatanodeService (HddsDatanodeService.java:start(237)) - HddsDatanodeService host:fv-az259-394.nxnqhby4qkoexpon2s1bx5vqxg.dx.internal.cloudapp.net ip:10.1.0.11
2023-09-07 20:30:49,120 [main] INFO  upgrade.AbstractLayoutVersionManager (AbstractLayoutVersionManager.java:init(83)) - Initializing Layout version manager with metadata layout = HADOOP_PRC_PORTS_IN_DATANODEDETAILS (version = 7), software layout = HADOOP_PRC_PORTS_IN_DATANODEDETAILS (version = 7)
2023-09-07 20:30:49,121 [main] INFO  statemachine.DatanodeStateMachine (DatanodeStateMachine.java:getEndPointTaskThreadPoolSize(282)) - Datanode State Machine Task Thread Pool size 2
2023-09-07 20:30:49,123 [main] INFO  volume.HddsVolume (HddsVolume.java:<init>(126)) - Creating HddsVolume: /home/runner/work/ozone/ozone/hadoop-ozone/integration-test/target/test-dir/MiniOzoneClusterImpl-7c3c5bdb-9f31-4157-923c-74528274ab7c/datanode-4/data-0/containers/hdds of storage type : DISK capacity : 9223372036854775807
2023-09-07 20:30:49,123 [main] INFO  volume.MutableVolumeSet (MutableVolumeSet.java:initializeVolumeSet(173)) - Added Volume : /home/runner/work/ozone/ozone/hadoop-ozone/integration-test/target/test-dir/MiniOzoneClusterImpl-7c3c5bdb-9f31-4157-923c-74528274ab7c/datanode-4/data-0/containers/hdds to VolumeSet
2023-09-07 20:30:49,124 [main] INFO  volume.MutableVolumeSet (MutableVolumeSet.java:initializeVolumeSet(173)) - Added Volume : /home/runner/work/ozone/ozone/hadoop-ozone/integration-test/target/test-dir/MiniOzoneClusterImpl-7c3c5bdb-9f31-4157-923c-74528274ab7c/datanode-4/data/ratis to VolumeSet
2023-09-07 20:30:49,125 [Thread-1389] INFO  ozoneimpl.ContainerReader (ContainerReader.java:readVolume(177)) - Finish verifying containers on volume /home/runner/work/ozone/ozone/hadoop-ozone/integration-test/target/test-dir/MiniOzoneClusterImpl-7c3c5bdb-9f31-4157-923c-74528274ab7c/datanode-4/data-0/containers/hdds
2023-09-07 20:30:49,125 [main] INFO  ozoneimpl.OzoneContainer (OzoneContainer.java:buildContainerSet(314)) - Build ContainerSet costs 0s
2023-09-07 20:30:49,128 [main] INFO  server.RaftServer (ConfUtils.java:logGet(46)) - raft.rpc.type = GRPC (default)
2023-09-07 20:30:49,128 [main] INFO  grpc.GrpcConfigKeys (ConfUtils.java:logFallback(53)) - raft.grpc.admin.host = null (fallback to raft.grpc.server.host)
2023-09-07 20:30:49,128 [main] INFO  grpc.GrpcConfigKeys (ConfUtils.java:logGet(46)) - raft.grpc.admin.port = 15155 (custom)
2023-09-07 20:30:49,128 [main] INFO  grpc.GrpcConfigKeys (ConfUtils.java:logFallback(53)) - raft.grpc.client.host = null (fallback to raft.grpc.server.host)
2023-09-07 20:30:49,128 [main] INFO  grpc.GrpcConfigKeys (ConfUtils.java:logGet(46)) - raft.grpc.client.port = 15154 (custom)
2023-09-07 20:30:49,129 [main] INFO  grpc.GrpcConfigKeys (ConfUtils.java:logGet(46)) - raft.grpc.server.host = null (default)
2023-09-07 20:30:49,129 [main] INFO  grpc.GrpcConfigKeys (ConfUtils.java:logGet(46)) - raft.grpc.server.port = 15156 (custom)
2023-09-07 20:30:49,129 [main] INFO  server.GrpcService (ConfUtils.java:logGet(46)) - raft.grpc.message.size.max = 32MB (=33554432) (custom)
2023-09-07 20:30:49,130 [main] INFO  server.RaftServerConfigKeys (ConfUtils.java:logGet(46)) - raft.server.log.appender.buffer.byte-limit = 33554432 (custom)
2023-09-07 20:30:49,131 [main] INFO  server.GrpcService (ConfUtils.java:logGet(46)) - raft.grpc.flow.control.window = 5MB (=5242880) (custom)
2023-09-07 20:30:49,131 [main] INFO  server.RaftServerConfigKeys (ConfUtils.java:logGet(46)) - raft.server.rpc.request.timeout = 60s (custom)
2023-09-07 20:30:49,131 [main] INFO  grpc.GrpcConfigKeys (ConfUtils.java:logGet(46)) - raft.grpc.server.heartbeat.channel = true (default)
2023-09-07 20:30:49,131 [main] INFO  grpc.GrpcConfigKeys (ConfUtils.java:logGet(46)) - raft.grpc.server.async.request.thread.pool.cached = true (default)
2023-09-07 20:30:49,131 [main] INFO  grpc.GrpcConfigKeys (ConfUtils.java:logGet(46)) - raft.grpc.server.async.request.thread.pool.size = 32 (default)
2023-09-07 20:30:49,134 [main] INFO  impl.DataStreamServerImpl (ConfUtils.java:logGet(46)) - raft.datastream.type = NETTY (custom)
2023-09-07 20:30:49,134 [main] INFO  server.RaftServerConfigKeys (ConfUtils.java:logGet(46)) - raft.server.data-stream.async.request.thread.pool.cached = false (default)
2023-09-07 20:30:49,134 [main] INFO  server.RaftServerConfigKeys (ConfUtils.java:logGet(46)) - raft.server.data-stream.async.request.thread.pool.size = 20 (custom)
2023-09-07 20:30:49,135 [main] INFO  server.RaftServerConfigKeys (ConfUtils.java:logGet(46)) - raft.server.data-stream.async.write.thread.pool.size = 16 (default)
2023-09-07 20:30:49,135 [main] INFO  server.RaftServerConfigKeys (ConfUtils.java:logGet(46)) - raft.server.data-stream.client.pool.size = 10 (default)
2023-09-07 20:30:49,135 [main] INFO  netty.NettyConfigKeys$DataStream (ConfUtils.java:logGet(46)) - raft.netty.dataStream.server.use-epoll = false (default)
2023-09-07 20:30:49,135 [main] INFO  netty.NettyConfigKeys$DataStream (ConfUtils.java:logGet(46)) - raft.netty.dataStream.server.boss-group.size = 0 (default)
2023-09-07 20:30:49,136 [main] INFO  netty.NettyConfigKeys$DataStream (ConfUtils.java:logGet(46)) - raft.netty.dataStream.server.worker-group.size = 0 (default)
2023-09-07 20:30:49,136 [main] INFO  netty.NettyConfigKeys$DataStream (ConfUtils.java:logGet(46)) - raft.netty.dataStream.server.tls.conf = null (default)
2023-09-07 20:30:49,136 [main] INFO  netty.NettyConfigKeys$DataStream (ConfUtils.java:logGet(46)) - raft.netty.dataStream.host = null (default)
2023-09-07 20:30:49,137 [main] INFO  netty.NettyConfigKeys$DataStream (ConfUtils.java:logGet(46)) - raft.netty.dataStream.port = 15157 (custom)
2023-09-07 20:30:49,143 [main] INFO  server.RaftServerConfigKeys (ConfUtils.java:logGet(46)) - raft.server.threadpool.proxy.cached = true (default)
2023-09-07 20:30:49,143 [main] INFO  server.RaftServerConfigKeys (ConfUtils.java:logGet(46)) - raft.server.threadpool.proxy.size = 0 (default)
2023-09-07 20:30:49,144 [main] INFO  server.RaftServerConfigKeys (ConfUtils.java:logGet(46)) - raft.server.rpc.slowness.timeout = 300s (custom)
2023-09-07 20:30:49,144 [main] INFO  server.RaftServerConfigKeys (ConfUtils.java:logGet(46)) - raft.server.leaderelection.leader.step-down.wait-time = 10s (default)
2023-09-07 20:30:49,144 [main] INFO  server.RaftServerConfigKeys (ConfUtils.java:logGet(46)) - raft.server.storage.dir = [/home/runner/work/ozone/ozone/hadoop-ozone/integration-test/target/test-dir/MiniOzoneClusterImpl-7c3c5bdb-9f31-4157-923c-74528274ab7c/datanode-4/data/ratis] (custom)
2023-09-07 20:30:49,146 [29027832-24ec-44d8-841f-3a3b218b56da-NettyServerStreamRpc-bossGroup--thread1] INFO  logging.LoggingHandler (AbstractInternalLogger.java:log(148)) - [id: 0x6311679e] REGISTERED
2023-09-07 20:30:49,147 [29027832-24ec-44d8-841f-3a3b218b56da-NettyServerStreamRpc-bossGroup--thread1] INFO  logging.LoggingHandler (AbstractInternalLogger.java:log(148)) - [id: 0x6311679e] BIND: 0.0.0.0/0.0.0.0:15157
2023-09-07 20:30:49,147 [29027832-24ec-44d8-841f-3a3b218b56da-NettyServerStreamRpc-bossGroup--thread1] INFO  logging.LoggingHandler (AbstractInternalLogger.java:log(148)) - [id: 0x6311679e, L:/0:0:0:0:0:0:0:0:15157] ACTIVE
2023-09-07 20:30:49,147 [29027832-24ec-44d8-841f-3a3b218b56da-impl-thread1] INFO  server.RaftServer (RaftServerProxy.java:initGroupDir(258)) - 29027832-24ec-44d8-841f-3a3b218b56da: found a subdirectory /home/runner/work/ozone/ozone/hadoop-ozone/integration-test/target/test-dir/MiniOzoneClusterImpl-7c3c5bdb-9f31-4157-923c-74528274ab7c/datanode-4/data/ratis/tmp
2023-09-07 20:30:49,147 [29027832-24ec-44d8-841f-3a3b218b56da-impl-thread1] INFO  server.RaftServer (RaftServerProxy.java:initGroupDir(263)) - 29027832-24ec-44d8-841f-3a3b218b56da: The directory /home/runner/work/ozone/ozone/hadoop-ozone/integration-test/target/test-dir/MiniOzoneClusterImpl-7c3c5bdb-9f31-4157-923c-74528274ab7c/datanode-4/data/ratis/tmp is not a group directory; ignoring it. 
2023-09-07 20:30:49,147 [main] INFO  replication.ReplicationServer (ReplicationServer.java:<init>(81)) - Initializing replication server with thread count = 10
2023-09-07 20:30:49,150 [main] INFO  server.XceiverServerGrpc (XceiverServerGrpc.java:<init>(132)) - GrpcServer channel type EpollServerSocketChannel
2023-09-07 20:30:49,152 [main] INFO  replication.ReplicationSupervisor (ReplicationSupervisor.java:build(155)) - Initializing replication supervisor with thread count = 10
2023-09-07 20:30:49,152 [main] INFO  replication.ReplicationSupervisor (ReplicationSupervisor.java:nodeStateUpdated(307)) - Node state updated to IN_SERVICE, scaling executor pool size to 10
2023-09-07 20:30:49,154 [main] INFO  http.BaseHttpServer (BaseHttpServer.java:newHttpServer2BuilderForOzone(223)) - Starting Web-server for hddsDatanode at: http://0.0.0.0:15151
2023-09-07 20:30:49,154 [main] INFO  http.BaseHttpServer (BaseHttpServer.java:<init>(110)) - Hadoop Security Enabled: false Ozone Security Enabled: false Ozone HTTP Security Enabled: false 
2023-09-07 20:30:49,156 [main] WARN  server.AuthenticationFilter (AuthenticationFilter.java:constructSecretProvider(240)) - Unable to initialize FileSignerSecretProvider, falling back to use random secrets. Reason: Could not read signature secret file: /home/runner/hadoop-http-auth-signature-secret
2023-09-07 20:30:49,159 [main] INFO  http.HttpRequestLog (HttpRequestLog.java:getRequestLog(86)) - Http request log for http.requests.hddsDatanode is not defined
2023-09-07 20:30:49,161 [main] INFO  http.HttpServer2 (HttpServer2.java:addGlobalFilter(1031)) - Added global filter 'safety' (class=org.apache.hadoop.hdds.server.http.HttpServer2$QuotingInputFilter)
2023-09-07 20:30:49,161 [main] INFO  http.HttpServer2 (HttpServer2.java:addFilter(1007)) - Added filter static_user_filter (class=org.apache.hadoop.http.lib.StaticUserWebFilter$StaticUserFilter) to context hddsDatanode
2023-09-07 20:30:49,162 [main] INFO  http.HttpServer2 (HttpServer2.java:addFilter(1015)) - Added filter static_user_filter (class=org.apache.hadoop.http.lib.StaticUserWebFilter$StaticUserFilter) to context static
2023-09-07 20:30:49,162 [main] INFO  http.HttpServer2 (HttpServer2.java:addFilter(1015)) - Added filter static_user_filter (class=org.apache.hadoop.http.lib.StaticUserWebFilter$StaticUserFilter) to context logs
2023-09-07 20:30:49,166 [main] INFO  http.BaseHttpServer (BaseHttpServer.java:<init>(189)) - HTTP server of hddsDatanode uses base directory /home/runner/work/ozone/ozone/hadoop-ozone/integration-test/target/test-dir/MiniOzoneClusterImpl-7c3c5bdb-9f31-4157-923c-74528274ab7c/datanode-4/meta/webserver
2023-09-07 20:30:49,166 [main] INFO  http.HttpServer2 (HttpServer2.java:bindListener(1231)) - Jetty bound to port 15151
2023-09-07 20:30:49,166 [main] INFO  server.Server (Server.java:doStart(375)) - jetty-9.4.51.v20230217; built: 2023-02-17T08:19:37.309Z; git: b45c405e4544384de066f814ed42ae3dceacdd49; jvm 1.8.0_382-b05
2023-09-07 20:30:49,171 [main] INFO  server.session (DefaultSessionIdManager.java:doStart(334)) - DefaultSessionIdManager workerName=node0
2023-09-07 20:30:49,172 [main] INFO  server.session (DefaultSessionIdManager.java:doStart(339)) - No SessionScavenger set, using defaults
2023-09-07 20:30:49,172 [main] INFO  server.session (HouseKeeper.java:startScavenging(132)) - node0 Scavenging every 660000ms
2023-09-07 20:30:49,173 [main] INFO  handler.ContextHandler (ContextHandler.java:doStart(921)) - Started o.e.j.s.ServletContextHandler@468242ef{logs,/logs,file:///home/runner/work/ozone/ozone/hadoop-ozone/integration-test/target/log,AVAILABLE}
2023-09-07 20:30:49,174 [main] INFO  handler.ContextHandler (ContextHandler.java:doStart(921)) - Started o.e.j.s.ServletContextHandler@42c5c8e1{static,/static,jar:file:/home/runner/.m2/repository/org/apache/ozone/hdds-container-service/1.4.0-SNAPSHOT/hdds-container-service-1.4.0-SNAPSHOT.jar!/webapps/static,AVAILABLE}
2023-09-07 20:30:49,422 [main] INFO  handler.ContextHandler (ContextHandler.java:doStart(921)) - Started o.e.j.w.WebAppContext@5891bb33{hddsDatanode,/,file:///home/runner/work/ozone/ozone/hadoop-ozone/integration-test/target/test-dir/MiniOzoneClusterImpl-7c3c5bdb-9f31-4157-923c-74528274ab7c/datanode-4/meta/webserver/jetty-0_0_0_0-15151-hdds-container-service-1_4_0-SNAPSHOT_jar-_-any-8243262057197558036/webapp/,AVAILABLE}{jar:file:/home/runner/.m2/repository/org/apache/ozone/hdds-container-service/1.4.0-SNAPSHOT/hdds-container-service-1.4.0-SNAPSHOT.jar!/webapps/hddsDatanode}
2023-09-07 20:30:49,424 [main] INFO  server.AbstractConnector (AbstractConnector.java:doStart(333)) - Started ServerConnector@689eaa6a{HTTP/1.1, (http/1.1)}{0.0.0.0:15151}
2023-09-07 20:30:49,424 [main] INFO  server.Server (Server.java:doStart(415)) - Started @220497ms
2023-09-07 20:30:49,424 [main] WARN  impl.MetricsSystemImpl (MetricsSystemImpl.java:register(279)) - Sink prometheus already exists!
2023-09-07 20:30:49,425 [main] INFO  http.BaseHttpServer (BaseHttpServer.java:updateConnectorAddress(354)) - HTTP server of hddsDatanode listening at http://0.0.0.0:15151
2023-09-07 20:30:49,425 [main] INFO  ipc.CallQueueManager (CallQueueManager.java:<init>(90)) - Using callQueue: class java.util.concurrent.LinkedBlockingQueue, queueCapacity: 100, scheduler: class org.apache.hadoop.ipc.DefaultRpcScheduler, ipcBackoff: false.
2023-09-07 20:30:49,426 [main] INFO  ipc.Server (Server.java:<init>(1287)) - Listener at 0.0.0.0:15152
2023-09-07 20:30:49,427 [Socket Reader #1 for port 15152] INFO  ipc.Server (Server.java:run(1323)) - Starting Socket Reader #1 for port 15152
2023-09-07 20:30:49,430 [main] INFO  ozone.HddsDatanodeService (HddsDatanodeService.java:start(315)) - Datanode start with admins: [runner]
2023-09-07 20:30:49,430 [main] INFO  ozone.HddsDatanodeClientProtocolServer (HddsDatanodeClientProtocolServer.java:start(72)) - RPC server for Client /0.0.0.0:15152
2023-09-07 20:30:49,430 [IPC Server Responder] INFO  ipc.Server (Server.java:run(1562)) - IPC Server Responder: starting
2023-09-07 20:30:49,430 [IPC Server listener on 15152] INFO  ipc.Server (Server.java:run(1402)) - IPC Server listener on 15152: starting
2023-09-07 20:30:49,431 [Datanode State Machine Daemon Thread] INFO  statemachine.DatanodeStateMachine (DatanodeStateMachine.java:lambda$startDaemon$0(538)) - Ozone container server started.
2023-09-07 20:30:49,431 [main] INFO  ozone.MiniOzoneClusterImpl (MiniOzoneClusterImpl.java:lambda$waitForClusterToBeReady$0(224)) - Waiting for nodes to be ready. Got 0 of 5 DN Heartbeats.
2023-09-07 20:30:49,431 [main] INFO  ozone.MiniOzoneClusterImpl (MiniOzoneClusterImpl.java:lambda$waitForClusterToBeReady$0(227)) - Waiting for cluster to exit safe mode
2023-09-07 20:30:49,431 [main] INFO  ozone.MiniOzoneClusterImpl (MiniOzoneClusterImpl.java:lambda$waitForClusterToBeReady$0(229)) - SCM became leader
2023-09-07 20:30:49,438 [Datanode State Machine Task Thread - 0] INFO  datanode.InitDatanodeState (InitDatanodeState.java:persistContainerDatanodeDetails(138)) - DatanodeDetails is persisted to /home/runner/work/ozone/ozone/hadoop-ozone/integration-test/target/test-dir/MiniOzoneClusterImpl-7c3c5bdb-9f31-4157-923c-74528274ab7c/datanode-4/meta/datanode.id
2023-09-07 20:30:49,900 [EndpointStateMachine task thread for /0.0.0.0:15108 - 0 ] INFO  utils.DatanodeStoreCache (DatanodeStoreCache.java:addDB(66)) - Added db /home/runner/work/ozone/ozone/hadoop-ozone/integration-test/target/test-dir/MiniOzoneClusterImpl-7c3c5bdb-9f31-4157-923c-74528274ab7c/datanode-0/data-0/containers/hdds/7c3c5bdb-9f31-4157-923c-74528274ab7c/DS-6ec7e2b1-5d3a-49f2-82ca-400946560909/container.db to cache
2023-09-07 20:30:49,900 [EndpointStateMachine task thread for /0.0.0.0:15108 - 0 ] INFO  volume.HddsVolume (HddsVolume.java:createDbStore(422)) - SchemaV3 db is created and loaded at /home/runner/work/ozone/ozone/hadoop-ozone/integration-test/target/test-dir/MiniOzoneClusterImpl-7c3c5bdb-9f31-4157-923c-74528274ab7c/datanode-0/data-0/containers/hdds/7c3c5bdb-9f31-4157-923c-74528274ab7c/DS-6ec7e2b1-5d3a-49f2-82ca-400946560909/container.db for volume DS-6ec7e2b1-5d3a-49f2-82ca-400946560909
2023-09-07 20:30:49,901 [EndpointStateMachine task thread for /0.0.0.0:15108 - 0 ] INFO  volume.ThrottledAsyncChecker (ThrottledAsyncChecker.java:schedule(141)) - Scheduling a check for /home/runner/work/ozone/ozone/hadoop-ozone/integration-test/target/test-dir/MiniOzoneClusterImpl-7c3c5bdb-9f31-4157-923c-74528274ab7c/datanode-0/data-0/containers/hdds
2023-09-07 20:30:49,904 [EndpointStateMachine task thread for /0.0.0.0:15108 - 0 ] INFO  volume.StorageVolumeChecker (StorageVolumeChecker.java:checkAllVolumes(213)) - Scheduled health check for volume /home/runner/work/ozone/ozone/hadoop-ozone/integration-test/target/test-dir/MiniOzoneClusterImpl-7c3c5bdb-9f31-4157-923c-74528274ab7c/datanode-0/data-0/containers/hdds
2023-09-07 20:30:49,905 [EndpointStateMachine task thread for /0.0.0.0:15108 - 0 ] INFO  volume.ThrottledAsyncChecker (ThrottledAsyncChecker.java:schedule(141)) - Scheduling a check for /home/runner/work/ozone/ozone/hadoop-ozone/integration-test/target/test-dir/MiniOzoneClusterImpl-7c3c5bdb-9f31-4157-923c-74528274ab7c/datanode-0/data/ratis
2023-09-07 20:30:49,905 [EndpointStateMachine task thread for /0.0.0.0:15108 - 0 ] INFO  volume.StorageVolumeChecker (StorageVolumeChecker.java:checkAllVolumes(213)) - Scheduled health check for volume /home/runner/work/ozone/ozone/hadoop-ozone/integration-test/target/test-dir/MiniOzoneClusterImpl-7c3c5bdb-9f31-4157-923c-74528274ab7c/datanode-0/data/ratis
2023-09-07 20:30:49,909 [EndpointStateMachine task thread for /0.0.0.0:15108 - 0 ] INFO  ozoneimpl.OzoneContainer (OzoneContainer.java:start(429)) - Attempting to start container services.
2023-09-07 20:30:49,909 [EndpointStateMachine task thread for /0.0.0.0:15108 - 0 ] INFO  ozoneimpl.OzoneContainer (OzoneContainer.java:startContainerScrub(325)) - Scheduled background container scanners and the on-demand container scanner have been disabled.
2023-09-07 20:30:49,911 [EndpointStateMachine task thread for /0.0.0.0:15108 - 0 ] INFO  replication.ReplicationServer (ReplicationServer.java:start(130)) - ReplicationServer is started using port 15122
2023-09-07 20:30:49,911 [EndpointStateMachine task thread for /0.0.0.0:15108 - 0 ] INFO  ratis.XceiverServerRatis (XceiverServerRatis.java:start(517)) - Starting XceiverServerRatis 130456cf-e1b1-4e27-8a77-52f3e2c34494
2023-09-07 20:30:49,912 [EndpointStateMachine task thread for /0.0.0.0:15108 - 0 ] INFO  server.RaftServer (RaftServerProxy.java:startImpl(400)) - 130456cf-e1b1-4e27-8a77-52f3e2c34494: start RPC server
2023-09-07 20:30:49,916 [EndpointStateMachine task thread for /0.0.0.0:15108 - 0 ] INFO  server.GrpcService (GrpcService.java:startImpl(302)) - 130456cf-e1b1-4e27-8a77-52f3e2c34494: GrpcService started, listening on 15118
2023-09-07 20:30:49,917 [EndpointStateMachine task thread for /0.0.0.0:15108 - 0 ] INFO  server.GrpcService (GrpcService.java:startImpl(302)) - 130456cf-e1b1-4e27-8a77-52f3e2c34494: GrpcService started, listening on 15120
2023-09-07 20:30:49,918 [EndpointStateMachine task thread for /0.0.0.0:15108 - 0 ] INFO  server.GrpcService (GrpcService.java:startImpl(302)) - 130456cf-e1b1-4e27-8a77-52f3e2c34494: GrpcService started, listening on 15119
2023-09-07 20:30:49,919 [EndpointStateMachine task thread for /0.0.0.0:15108 - 0 ] INFO  ratis.XceiverServerRatis (XceiverServerRatis.java:getRealPort(543)) - XceiverServerRatis 130456cf-e1b1-4e27-8a77-52f3e2c34494 is started using port 15118 for RATIS
2023-09-07 20:30:49,919 [EndpointStateMachine task thread for /0.0.0.0:15108 - 0 ] INFO  ratis.XceiverServerRatis (XceiverServerRatis.java:getRealPort(543)) - XceiverServerRatis 130456cf-e1b1-4e27-8a77-52f3e2c34494 is started using port 15119 for RATIS_ADMIN
2023-09-07 20:30:49,919 [EndpointStateMachine task thread for /0.0.0.0:15108 - 0 ] INFO  ratis.XceiverServerRatis (XceiverServerRatis.java:getRealPort(543)) - XceiverServerRatis 130456cf-e1b1-4e27-8a77-52f3e2c34494 is started using port 15120 for RATIS_SERVER
2023-09-07 20:30:49,919 [EndpointStateMachine task thread for /0.0.0.0:15108 - 0 ] INFO  ratis.XceiverServerRatis (XceiverServerRatis.java:getRealPort(543)) - XceiverServerRatis 130456cf-e1b1-4e27-8a77-52f3e2c34494 is started using port 15121 for RATIS_DATASTREAM
2023-09-07 20:30:49,920 [JvmPauseMonitor16] INFO  util.JvmPauseMonitor (JvmPauseMonitor.java:run(103)) - JvmPauseMonitor-130456cf-e1b1-4e27-8a77-52f3e2c34494: Started
2023-09-07 20:30:49,923 [BlockDeletingService#0] INFO  interfaces.ContainerDeletionChoosingPolicyTemplate (ContainerDeletionChoosingPolicyTemplate.java:chooseContainerForBlockDeletion(85)) - Chosen 0/5000 blocks from 0 candidate containers.
2023-09-07 20:30:50,321 [EndpointStateMachine task thread for /0.0.0.0:15108 - 0 ] INFO  utils.DatanodeStoreCache (DatanodeStoreCache.java:addDB(66)) - Added db /home/runner/work/ozone/ozone/hadoop-ozone/integration-test/target/test-dir/MiniOzoneClusterImpl-7c3c5bdb-9f31-4157-923c-74528274ab7c/datanode-1/data-0/containers/hdds/7c3c5bdb-9f31-4157-923c-74528274ab7c/DS-45d31d6f-dcd3-47f1-9360-cab185c72f40/container.db to cache
2023-09-07 20:30:50,321 [EndpointStateMachine task thread for /0.0.0.0:15108 - 0 ] INFO  volume.HddsVolume (HddsVolume.java:createDbStore(422)) - SchemaV3 db is created and loaded at /home/runner/work/ozone/ozone/hadoop-ozone/integration-test/target/test-dir/MiniOzoneClusterImpl-7c3c5bdb-9f31-4157-923c-74528274ab7c/datanode-1/data-0/containers/hdds/7c3c5bdb-9f31-4157-923c-74528274ab7c/DS-45d31d6f-dcd3-47f1-9360-cab185c72f40/container.db for volume DS-45d31d6f-dcd3-47f1-9360-cab185c72f40
2023-09-07 20:30:50,322 [EndpointStateMachine task thread for /0.0.0.0:15108 - 0 ] INFO  volume.ThrottledAsyncChecker (ThrottledAsyncChecker.java:schedule(141)) - Scheduling a check for /home/runner/work/ozone/ozone/hadoop-ozone/integration-test/target/test-dir/MiniOzoneClusterImpl-7c3c5bdb-9f31-4157-923c-74528274ab7c/datanode-1/data-0/containers/hdds
2023-09-07 20:30:50,331 [EndpointStateMachine task thread for /0.0.0.0:15108 - 0 ] INFO  volume.StorageVolumeChecker (StorageVolumeChecker.java:checkAllVolumes(213)) - Scheduled health check for volume /home/runner/work/ozone/ozone/hadoop-ozone/integration-test/target/test-dir/MiniOzoneClusterImpl-7c3c5bdb-9f31-4157-923c-74528274ab7c/datanode-1/data-0/containers/hdds
2023-09-07 20:30:50,334 [EndpointStateMachine task thread for /0.0.0.0:15108 - 0 ] INFO  volume.ThrottledAsyncChecker (ThrottledAsyncChecker.java:schedule(141)) - Scheduling a check for /home/runner/work/ozone/ozone/hadoop-ozone/integration-test/target/test-dir/MiniOzoneClusterImpl-7c3c5bdb-9f31-4157-923c-74528274ab7c/datanode-1/data/ratis
2023-09-07 20:30:50,334 [EndpointStateMachine task thread for /0.0.0.0:15108 - 0 ] INFO  volume.StorageVolumeChecker (StorageVolumeChecker.java:checkAllVolumes(213)) - Scheduled health check for volume /home/runner/work/ozone/ozone/hadoop-ozone/integration-test/target/test-dir/MiniOzoneClusterImpl-7c3c5bdb-9f31-4157-923c-74528274ab7c/datanode-1/data/ratis
2023-09-07 20:30:50,338 [EndpointStateMachine task thread for /0.0.0.0:15108 - 0 ] INFO  ozoneimpl.OzoneContainer (OzoneContainer.java:start(429)) - Attempting to start container services.
2023-09-07 20:30:50,339 [EndpointStateMachine task thread for /0.0.0.0:15108 - 0 ] INFO  ozoneimpl.OzoneContainer (OzoneContainer.java:startContainerScrub(325)) - Scheduled background container scanners and the on-demand container scanner have been disabled.
2023-09-07 20:30:50,341 [EndpointStateMachine task thread for /0.0.0.0:15108 - 0 ] INFO  replication.ReplicationServer (ReplicationServer.java:start(130)) - ReplicationServer is started using port 15131
2023-09-07 20:30:50,341 [EndpointStateMachine task thread for /0.0.0.0:15108 - 0 ] INFO  ratis.XceiverServerRatis (XceiverServerRatis.java:start(517)) - Starting XceiverServerRatis a0cd6e17-3b90-4804-ab26-c3914b9665e9
2023-09-07 20:30:50,343 [EndpointStateMachine task thread for /0.0.0.0:15108 - 0 ] INFO  server.RaftServer (RaftServerProxy.java:startImpl(400)) - a0cd6e17-3b90-4804-ab26-c3914b9665e9: start RPC server
2023-09-07 20:30:50,348 [EndpointStateMachine task thread for /0.0.0.0:15108 - 0 ] INFO  server.GrpcService (GrpcService.java:startImpl(302)) - a0cd6e17-3b90-4804-ab26-c3914b9665e9: GrpcService started, listening on 15127
2023-09-07 20:30:50,349 [EndpointStateMachine task thread for /0.0.0.0:15108 - 0 ] INFO  server.GrpcService (GrpcService.java:startImpl(302)) - a0cd6e17-3b90-4804-ab26-c3914b9665e9: GrpcService started, listening on 15129
2023-09-07 20:30:50,350 [EndpointStateMachine task thread for /0.0.0.0:15108 - 0 ] INFO  server.GrpcService (GrpcService.java:startImpl(302)) - a0cd6e17-3b90-4804-ab26-c3914b9665e9: GrpcService started, listening on 15128
2023-09-07 20:30:50,351 [EndpointStateMachine task thread for /0.0.0.0:15108 - 0 ] INFO  ratis.XceiverServerRatis (XceiverServerRatis.java:getRealPort(543)) - XceiverServerRatis a0cd6e17-3b90-4804-ab26-c3914b9665e9 is started using port 15127 for RATIS
2023-09-07 20:30:50,351 [EndpointStateMachine task thread for /0.0.0.0:15108 - 0 ] INFO  ratis.XceiverServerRatis (XceiverServerRatis.java:getRealPort(543)) - XceiverServerRatis a0cd6e17-3b90-4804-ab26-c3914b9665e9 is started using port 15128 for RATIS_ADMIN
2023-09-07 20:30:50,351 [JvmPauseMonitor17] INFO  util.JvmPauseMonitor (JvmPauseMonitor.java:run(103)) - JvmPauseMonitor-a0cd6e17-3b90-4804-ab26-c3914b9665e9: Started
2023-09-07 20:30:50,351 [EndpointStateMachine task thread for /0.0.0.0:15108 - 0 ] INFO  ratis.XceiverServerRatis (XceiverServerRatis.java:getRealPort(543)) - XceiverServerRatis a0cd6e17-3b90-4804-ab26-c3914b9665e9 is started using port 15129 for RATIS_SERVER
2023-09-07 20:30:50,351 [EndpointStateMachine task thread for /0.0.0.0:15108 - 0 ] INFO  ratis.XceiverServerRatis (XceiverServerRatis.java:getRealPort(543)) - XceiverServerRatis a0cd6e17-3b90-4804-ab26-c3914b9665e9 is started using port 15130 for RATIS_DATASTREAM
2023-09-07 20:30:50,353 [BlockDeletingService#0] INFO  interfaces.ContainerDeletionChoosingPolicyTemplate (ContainerDeletionChoosingPolicyTemplate.java:chooseContainerForBlockDeletion(85)) - Chosen 0/5000 blocks from 0 candidate containers.
2023-09-07 20:30:50,432 [main] INFO  ozone.MiniOzoneClusterImpl (MiniOzoneClusterImpl.java:lambda$waitForClusterToBeReady$0(224)) - Waiting for nodes to be ready. Got 0 of 5 DN Heartbeats.
2023-09-07 20:30:50,432 [main] INFO  ozone.MiniOzoneClusterImpl (MiniOzoneClusterImpl.java:lambda$waitForClusterToBeReady$0(227)) - Waiting for cluster to exit safe mode
2023-09-07 20:30:50,432 [main] INFO  ozone.MiniOzoneClusterImpl (MiniOzoneClusterImpl.java:lambda$waitForClusterToBeReady$0(229)) - SCM became leader
2023-09-07 20:30:50,709 [EndpointStateMachine task thread for /0.0.0.0:15108 - 0 ] INFO  utils.DatanodeStoreCache (DatanodeStoreCache.java:addDB(66)) - Added db /home/runner/work/ozone/ozone/hadoop-ozone/integration-test/target/test-dir/MiniOzoneClusterImpl-7c3c5bdb-9f31-4157-923c-74528274ab7c/datanode-2/data-0/containers/hdds/7c3c5bdb-9f31-4157-923c-74528274ab7c/DS-f1ab46b4-f527-40dd-9d03-32fe25bbf7a6/container.db to cache
2023-09-07 20:30:50,709 [EndpointStateMachine task thread for /0.0.0.0:15108 - 0 ] INFO  volume.HddsVolume (HddsVolume.java:createDbStore(422)) - SchemaV3 db is created and loaded at /home/runner/work/ozone/ozone/hadoop-ozone/integration-test/target/test-dir/MiniOzoneClusterImpl-7c3c5bdb-9f31-4157-923c-74528274ab7c/datanode-2/data-0/containers/hdds/7c3c5bdb-9f31-4157-923c-74528274ab7c/DS-f1ab46b4-f527-40dd-9d03-32fe25bbf7a6/container.db for volume DS-f1ab46b4-f527-40dd-9d03-32fe25bbf7a6
2023-09-07 20:30:50,710 [EndpointStateMachine task thread for /0.0.0.0:15108 - 0 ] INFO  volume.ThrottledAsyncChecker (ThrottledAsyncChecker.java:schedule(141)) - Scheduling a check for /home/runner/work/ozone/ozone/hadoop-ozone/integration-test/target/test-dir/MiniOzoneClusterImpl-7c3c5bdb-9f31-4157-923c-74528274ab7c/datanode-2/data-0/containers/hdds
2023-09-07 20:30:50,711 [EndpointStateMachine task thread for /0.0.0.0:15108 - 0 ] INFO  volume.StorageVolumeChecker (StorageVolumeChecker.java:checkAllVolumes(213)) - Scheduled health check for volume /home/runner/work/ozone/ozone/hadoop-ozone/integration-test/target/test-dir/MiniOzoneClusterImpl-7c3c5bdb-9f31-4157-923c-74528274ab7c/datanode-2/data-0/containers/hdds
2023-09-07 20:30:50,714 [EndpointStateMachine task thread for /0.0.0.0:15108 - 0 ] INFO  volume.ThrottledAsyncChecker (ThrottledAsyncChecker.java:schedule(141)) - Scheduling a check for /home/runner/work/ozone/ozone/hadoop-ozone/integration-test/target/test-dir/MiniOzoneClusterImpl-7c3c5bdb-9f31-4157-923c-74528274ab7c/datanode-2/data/ratis
2023-09-07 20:30:50,719 [EndpointStateMachine task thread for /0.0.0.0:15108 - 0 ] INFO  volume.StorageVolumeChecker (StorageVolumeChecker.java:checkAllVolumes(213)) - Scheduled health check for volume /home/runner/work/ozone/ozone/hadoop-ozone/integration-test/target/test-dir/MiniOzoneClusterImpl-7c3c5bdb-9f31-4157-923c-74528274ab7c/datanode-2/data/ratis
2023-09-07 20:30:50,722 [EndpointStateMachine task thread for /0.0.0.0:15108 - 0 ] INFO  ozoneimpl.OzoneContainer (OzoneContainer.java:start(429)) - Attempting to start container services.
2023-09-07 20:30:50,723 [EndpointStateMachine task thread for /0.0.0.0:15108 - 0 ] INFO  ozoneimpl.OzoneContainer (OzoneContainer.java:startContainerScrub(325)) - Scheduled background container scanners and the on-demand container scanner have been disabled.
2023-09-07 20:30:50,726 [EndpointStateMachine task thread for /0.0.0.0:15108 - 0 ] INFO  replication.ReplicationServer (ReplicationServer.java:start(130)) - ReplicationServer is started using port 15140
2023-09-07 20:30:50,726 [EndpointStateMachine task thread for /0.0.0.0:15108 - 0 ] INFO  ratis.XceiverServerRatis (XceiverServerRatis.java:start(517)) - Starting XceiverServerRatis 114a9516-507d-4df3-bbf0-358fc4f720dd
2023-09-07 20:30:50,731 [EndpointStateMachine task thread for /0.0.0.0:15108 - 0 ] INFO  server.RaftServer (RaftServerProxy.java:startImpl(400)) - 114a9516-507d-4df3-bbf0-358fc4f720dd: start RPC server
2023-09-07 20:30:50,732 [EndpointStateMachine task thread for /0.0.0.0:15108 - 0 ] INFO  server.GrpcService (GrpcService.java:startImpl(302)) - 114a9516-507d-4df3-bbf0-358fc4f720dd: GrpcService started, listening on 15136
2023-09-07 20:30:50,733 [EndpointStateMachine task thread for /0.0.0.0:15108 - 0 ] INFO  server.GrpcService (GrpcService.java:startImpl(302)) - 114a9516-507d-4df3-bbf0-358fc4f720dd: GrpcService started, listening on 15138
2023-09-07 20:30:50,737 [EndpointStateMachine task thread for /0.0.0.0:15108 - 0 ] INFO  server.GrpcService (GrpcService.java:startImpl(302)) - 114a9516-507d-4df3-bbf0-358fc4f720dd: GrpcService started, listening on 15137
2023-09-07 20:30:50,738 [EndpointStateMachine task thread for /0.0.0.0:15108 - 0 ] INFO  ratis.XceiverServerRatis (XceiverServerRatis.java:getRealPort(543)) - XceiverServerRatis 114a9516-507d-4df3-bbf0-358fc4f720dd is started using port 15136 for RATIS
2023-09-07 20:30:50,738 [EndpointStateMachine task thread for /0.0.0.0:15108 - 0 ] INFO  ratis.XceiverServerRatis (XceiverServerRatis.java:getRealPort(543)) - XceiverServerRatis 114a9516-507d-4df3-bbf0-358fc4f720dd is started using port 15137 for RATIS_ADMIN
2023-09-07 20:30:50,738 [EndpointStateMachine task thread for /0.0.0.0:15108 - 0 ] INFO  ratis.XceiverServerRatis (XceiverServerRatis.java:getRealPort(543)) - XceiverServerRatis 114a9516-507d-4df3-bbf0-358fc4f720dd is started using port 15138 for RATIS_SERVER
2023-09-07 20:30:50,738 [EndpointStateMachine task thread for /0.0.0.0:15108 - 0 ] INFO  ratis.XceiverServerRatis (XceiverServerRatis.java:getRealPort(543)) - XceiverServerRatis 114a9516-507d-4df3-bbf0-358fc4f720dd is started using port 15139 for RATIS_DATASTREAM
2023-09-07 20:30:50,741 [JvmPauseMonitor18] INFO  util.JvmPauseMonitor (JvmPauseMonitor.java:run(103)) - JvmPauseMonitor-114a9516-507d-4df3-bbf0-358fc4f720dd: Started
2023-09-07 20:30:50,744 [BlockDeletingService#0] INFO  interfaces.ContainerDeletionChoosingPolicyTemplate (ContainerDeletionChoosingPolicyTemplate.java:chooseContainerForBlockDeletion(85)) - Chosen 0/5000 blocks from 0 candidate containers.
2023-09-07 20:30:51,128 [EndpointStateMachine task thread for /0.0.0.0:15108 - 0 ] INFO  utils.DatanodeStoreCache (DatanodeStoreCache.java:addDB(66)) - Added db /home/runner/work/ozone/ozone/hadoop-ozone/integration-test/target/test-dir/MiniOzoneClusterImpl-7c3c5bdb-9f31-4157-923c-74528274ab7c/datanode-3/data-0/containers/hdds/7c3c5bdb-9f31-4157-923c-74528274ab7c/DS-40bdcbe8-72af-4b56-8627-32e5234c68e7/container.db to cache
2023-09-07 20:30:51,128 [EndpointStateMachine task thread for /0.0.0.0:15108 - 0 ] INFO  volume.HddsVolume (HddsVolume.java:createDbStore(422)) - SchemaV3 db is created and loaded at /home/runner/work/ozone/ozone/hadoop-ozone/integration-test/target/test-dir/MiniOzoneClusterImpl-7c3c5bdb-9f31-4157-923c-74528274ab7c/datanode-3/data-0/containers/hdds/7c3c5bdb-9f31-4157-923c-74528274ab7c/DS-40bdcbe8-72af-4b56-8627-32e5234c68e7/container.db for volume DS-40bdcbe8-72af-4b56-8627-32e5234c68e7
2023-09-07 20:30:51,129 [EndpointStateMachine task thread for /0.0.0.0:15108 - 0 ] INFO  volume.ThrottledAsyncChecker (ThrottledAsyncChecker.java:schedule(141)) - Scheduling a check for /home/runner/work/ozone/ozone/hadoop-ozone/integration-test/target/test-dir/MiniOzoneClusterImpl-7c3c5bdb-9f31-4157-923c-74528274ab7c/datanode-3/data-0/containers/hdds
2023-09-07 20:30:51,129 [EndpointStateMachine task thread for /0.0.0.0:15108 - 0 ] INFO  volume.StorageVolumeChecker (StorageVolumeChecker.java:checkAllVolumes(213)) - Scheduled health check for volume /home/runner/work/ozone/ozone/hadoop-ozone/integration-test/target/test-dir/MiniOzoneClusterImpl-7c3c5bdb-9f31-4157-923c-74528274ab7c/datanode-3/data-0/containers/hdds
2023-09-07 20:30:51,133 [EndpointStateMachine task thread for /0.0.0.0:15108 - 0 ] INFO  volume.ThrottledAsyncChecker (ThrottledAsyncChecker.java:schedule(141)) - Scheduling a check for /home/runner/work/ozone/ozone/hadoop-ozone/integration-test/target/test-dir/MiniOzoneClusterImpl-7c3c5bdb-9f31-4157-923c-74528274ab7c/datanode-3/data/ratis
2023-09-07 20:30:51,133 [EndpointStateMachine task thread for /0.0.0.0:15108 - 0 ] INFO  volume.StorageVolumeChecker (StorageVolumeChecker.java:checkAllVolumes(213)) - Scheduled health check for volume /home/runner/work/ozone/ozone/hadoop-ozone/integration-test/target/test-dir/MiniOzoneClusterImpl-7c3c5bdb-9f31-4157-923c-74528274ab7c/datanode-3/data/ratis
2023-09-07 20:30:51,135 [EndpointStateMachine task thread for /0.0.0.0:15108 - 0 ] INFO  ozoneimpl.OzoneContainer (OzoneContainer.java:start(429)) - Attempting to start container services.
2023-09-07 20:30:51,135 [EndpointStateMachine task thread for /0.0.0.0:15108 - 0 ] INFO  ozoneimpl.OzoneContainer (OzoneContainer.java:startContainerScrub(325)) - Scheduled background container scanners and the on-demand container scanner have been disabled.
2023-09-07 20:30:51,137 [EndpointStateMachine task thread for /0.0.0.0:15108 - 0 ] INFO  replication.ReplicationServer (ReplicationServer.java:start(130)) - ReplicationServer is started using port 15149
2023-09-07 20:30:51,137 [EndpointStateMachine task thread for /0.0.0.0:15108 - 0 ] INFO  ratis.XceiverServerRatis (XceiverServerRatis.java:start(517)) - Starting XceiverServerRatis 030e9783-811e-46a4-8bf6-f2375cfbdf83
2023-09-07 20:30:51,137 [EndpointStateMachine task thread for /0.0.0.0:15108 - 0 ] INFO  server.RaftServer (RaftServerProxy.java:startImpl(400)) - 030e9783-811e-46a4-8bf6-f2375cfbdf83: start RPC server
2023-09-07 20:30:51,140 [EndpointStateMachine task thread for /0.0.0.0:15108 - 0 ] INFO  server.GrpcService (GrpcService.java:startImpl(302)) - 030e9783-811e-46a4-8bf6-f2375cfbdf83: GrpcService started, listening on 15145
2023-09-07 20:30:51,144 [EndpointStateMachine task thread for /0.0.0.0:15108 - 0 ] INFO  server.GrpcService (GrpcService.java:startImpl(302)) - 030e9783-811e-46a4-8bf6-f2375cfbdf83: GrpcService started, listening on 15147
2023-09-07 20:30:51,149 [EndpointStateMachine task thread for /0.0.0.0:15108 - 0 ] INFO  server.GrpcService (GrpcService.java:startImpl(302)) - 030e9783-811e-46a4-8bf6-f2375cfbdf83: GrpcService started, listening on 15146
2023-09-07 20:30:51,149 [EndpointStateMachine task thread for /0.0.0.0:15108 - 0 ] INFO  ratis.XceiverServerRatis (XceiverServerRatis.java:getRealPort(543)) - XceiverServerRatis 030e9783-811e-46a4-8bf6-f2375cfbdf83 is started using port 15145 for RATIS
2023-09-07 20:30:51,149 [JvmPauseMonitor19] INFO  util.JvmPauseMonitor (JvmPauseMonitor.java:run(103)) - JvmPauseMonitor-030e9783-811e-46a4-8bf6-f2375cfbdf83: Started
2023-09-07 20:30:51,149 [EndpointStateMachine task thread for /0.0.0.0:15108 - 0 ] INFO  ratis.XceiverServerRatis (XceiverServerRatis.java:getRealPort(543)) - XceiverServerRatis 030e9783-811e-46a4-8bf6-f2375cfbdf83 is started using port 15146 for RATIS_ADMIN
2023-09-07 20:30:51,150 [EndpointStateMachine task thread for /0.0.0.0:15108 - 0 ] INFO  ratis.XceiverServerRatis (XceiverServerRatis.java:getRealPort(543)) - XceiverServerRatis 030e9783-811e-46a4-8bf6-f2375cfbdf83 is started using port 15147 for RATIS_SERVER
2023-09-07 20:30:51,151 [EndpointStateMachine task thread for /0.0.0.0:15108 - 0 ] INFO  ratis.XceiverServerRatis (XceiverServerRatis.java:getRealPort(543)) - XceiverServerRatis 030e9783-811e-46a4-8bf6-f2375cfbdf83 is started using port 15148 for RATIS_DATASTREAM
2023-09-07 20:30:51,155 [BlockDeletingService#0] INFO  interfaces.ContainerDeletionChoosingPolicyTemplate (ContainerDeletionChoosingPolicyTemplate.java:chooseContainerForBlockDeletion(85)) - Chosen 0/5000 blocks from 0 candidate containers.
2023-09-07 20:30:51,432 [main] INFO  ozone.MiniOzoneClusterImpl (MiniOzoneClusterImpl.java:lambda$waitForClusterToBeReady$0(224)) - Waiting for nodes to be ready. Got 0 of 5 DN Heartbeats.
2023-09-07 20:30:51,433 [main] INFO  ozone.MiniOzoneClusterImpl (MiniOzoneClusterImpl.java:lambda$waitForClusterToBeReady$0(227)) - Waiting for cluster to exit safe mode
2023-09-07 20:30:51,433 [main] INFO  ozone.MiniOzoneClusterImpl (MiniOzoneClusterImpl.java:lambda$waitForClusterToBeReady$0(229)) - SCM became leader
2023-09-07 20:30:51,494 [EndpointStateMachine task thread for /0.0.0.0:15108 - 0 ] INFO  utils.DatanodeStoreCache (DatanodeStoreCache.java:addDB(66)) - Added db /home/runner/work/ozone/ozone/hadoop-ozone/integration-test/target/test-dir/MiniOzoneClusterImpl-7c3c5bdb-9f31-4157-923c-74528274ab7c/datanode-4/data-0/containers/hdds/7c3c5bdb-9f31-4157-923c-74528274ab7c/DS-19047260-30fa-46a0-bcb6-f3eddc4c3079/container.db to cache
2023-09-07 20:30:51,494 [EndpointStateMachine task thread for /0.0.0.0:15108 - 0 ] INFO  volume.HddsVolume (HddsVolume.java:createDbStore(422)) - SchemaV3 db is created and loaded at /home/runner/work/ozone/ozone/hadoop-ozone/integration-test/target/test-dir/MiniOzoneClusterImpl-7c3c5bdb-9f31-4157-923c-74528274ab7c/datanode-4/data-0/containers/hdds/7c3c5bdb-9f31-4157-923c-74528274ab7c/DS-19047260-30fa-46a0-bcb6-f3eddc4c3079/container.db for volume DS-19047260-30fa-46a0-bcb6-f3eddc4c3079
2023-09-07 20:30:51,495 [EndpointStateMachine task thread for /0.0.0.0:15108 - 0 ] INFO  volume.ThrottledAsyncChecker (ThrottledAsyncChecker.java:schedule(141)) - Scheduling a check for /home/runner/work/ozone/ozone/hadoop-ozone/integration-test/target/test-dir/MiniOzoneClusterImpl-7c3c5bdb-9f31-4157-923c-74528274ab7c/datanode-4/data-0/containers/hdds
2023-09-07 20:30:51,495 [EndpointStateMachine task thread for /0.0.0.0:15108 - 0 ] INFO  volume.StorageVolumeChecker (StorageVolumeChecker.java:checkAllVolumes(213)) - Scheduled health check for volume /home/runner/work/ozone/ozone/hadoop-ozone/integration-test/target/test-dir/MiniOzoneClusterImpl-7c3c5bdb-9f31-4157-923c-74528274ab7c/datanode-4/data-0/containers/hdds
2023-09-07 20:30:51,499 [EndpointStateMachine task thread for /0.0.0.0:15108 - 0 ] INFO  volume.ThrottledAsyncChecker (ThrottledAsyncChecker.java:schedule(141)) - Scheduling a check for /home/runner/work/ozone/ozone/hadoop-ozone/integration-test/target/test-dir/MiniOzoneClusterImpl-7c3c5bdb-9f31-4157-923c-74528274ab7c/datanode-4/data/ratis
2023-09-07 20:30:51,499 [EndpointStateMachine task thread for /0.0.0.0:15108 - 0 ] INFO  volume.StorageVolumeChecker (StorageVolumeChecker.java:checkAllVolumes(213)) - Scheduled health check for volume /home/runner/work/ozone/ozone/hadoop-ozone/integration-test/target/test-dir/MiniOzoneClusterImpl-7c3c5bdb-9f31-4157-923c-74528274ab7c/datanode-4/data/ratis
2023-09-07 20:30:51,501 [EndpointStateMachine task thread for /0.0.0.0:15108 - 0 ] INFO  ozoneimpl.OzoneContainer (OzoneContainer.java:start(429)) - Attempting to start container services.
2023-09-07 20:30:51,501 [EndpointStateMachine task thread for /0.0.0.0:15108 - 0 ] INFO  ozoneimpl.OzoneContainer (OzoneContainer.java:startContainerScrub(325)) - Scheduled background container scanners and the on-demand container scanner have been disabled.
2023-09-07 20:30:51,502 [EndpointStateMachine task thread for /0.0.0.0:15108 - 0 ] INFO  replication.ReplicationServer (ReplicationServer.java:start(130)) - ReplicationServer is started using port 15158
2023-09-07 20:30:51,502 [EndpointStateMachine task thread for /0.0.0.0:15108 - 0 ] INFO  ratis.XceiverServerRatis (XceiverServerRatis.java:start(517)) - Starting XceiverServerRatis 29027832-24ec-44d8-841f-3a3b218b56da
2023-09-07 20:30:51,503 [EndpointStateMachine task thread for /0.0.0.0:15108 - 0 ] INFO  server.RaftServer (RaftServerProxy.java:startImpl(400)) - 29027832-24ec-44d8-841f-3a3b218b56da: start RPC server
2023-09-07 20:30:51,506 [EndpointStateMachine task thread for /0.0.0.0:15108 - 0 ] INFO  server.GrpcService (GrpcService.java:startImpl(302)) - 29027832-24ec-44d8-841f-3a3b218b56da: GrpcService started, listening on 15154
2023-09-07 20:30:51,507 [EndpointStateMachine task thread for /0.0.0.0:15108 - 0 ] INFO  server.GrpcService (GrpcService.java:startImpl(302)) - 29027832-24ec-44d8-841f-3a3b218b56da: GrpcService started, listening on 15156
2023-09-07 20:30:51,509 [EndpointStateMachine task thread for /0.0.0.0:15108 - 0 ] INFO  server.GrpcService (GrpcService.java:startImpl(302)) - 29027832-24ec-44d8-841f-3a3b218b56da: GrpcService started, listening on 15155
2023-09-07 20:30:51,509 [EndpointStateMachine task thread for /0.0.0.0:15108 - 0 ] INFO  ratis.XceiverServerRatis (XceiverServerRatis.java:getRealPort(543)) - XceiverServerRatis 29027832-24ec-44d8-841f-3a3b218b56da is started using port 15154 for RATIS
2023-09-07 20:30:51,509 [EndpointStateMachine task thread for /0.0.0.0:15108 - 0 ] INFO  ratis.XceiverServerRatis (XceiverServerRatis.java:getRealPort(543)) - XceiverServerRatis 29027832-24ec-44d8-841f-3a3b218b56da is started using port 15155 for RATIS_ADMIN
2023-09-07 20:30:51,509 [JvmPauseMonitor20] INFO  util.JvmPauseMonitor (JvmPauseMonitor.java:run(103)) - JvmPauseMonitor-29027832-24ec-44d8-841f-3a3b218b56da: Started
2023-09-07 20:30:51,509 [EndpointStateMachine task thread for /0.0.0.0:15108 - 0 ] INFO  ratis.XceiverServerRatis (XceiverServerRatis.java:getRealPort(543)) - XceiverServerRatis 29027832-24ec-44d8-841f-3a3b218b56da is started using port 15156 for RATIS_SERVER
2023-09-07 20:30:51,510 [EndpointStateMachine task thread for /0.0.0.0:15108 - 0 ] INFO  ratis.XceiverServerRatis (XceiverServerRatis.java:getRealPort(543)) - XceiverServerRatis 29027832-24ec-44d8-841f-3a3b218b56da is started using port 15157 for RATIS_DATASTREAM
2023-09-07 20:30:51,513 [BlockDeletingService#0] INFO  interfaces.ContainerDeletionChoosingPolicyTemplate (ContainerDeletionChoosingPolicyTemplate.java:chooseContainerForBlockDeletion(85)) - Chosen 0/5000 blocks from 0 candidate containers.
2023-09-07 20:30:51,843 [IPC Server handler 0 on default port 15108] INFO  net.NetworkTopologyImpl (NetworkTopologyImpl.java:add(112)) - Added a new node: /default-rack/130456cf-e1b1-4e27-8a77-52f3e2c34494
2023-09-07 20:30:51,843 [IPC Server handler 0 on default port 15108] INFO  node.SCMNodeManager (SCMNodeManager.java:register(405)) - Registered Data node : 130456cf-e1b1-4e27-8a77-52f3e2c34494{ip: 10.1.0.11, host: fv-az259-394.nxnqhby4qkoexpon2s1bx5vqxg.dx.internal.cloudapp.net, ports: [HTTP=15115, CLIENT_RPC=15116, REPLICATION=15122, RATIS=15118, RATIS_ADMIN=15119, RATIS_SERVER=15120, RATIS_DATASTREAM=15121, STANDALONE=15117], networkLocation: /default-rack, certSerialId: null, persistedOpState: null, persistedOpStateExpiryEpochSec: 0}
2023-09-07 20:30:51,846 [EventQueue-NodeRegistrationContainerReportForDataNodeSafeModeRule] INFO  safemode.SCMSafeModeManager (DataNodeSafeModeRule.java:process(71)) - SCM in safe mode. 1 DataNodes registered, 3 required.
2023-09-07 20:30:51,847 [EventQueue-NodeRegistrationContainerReportForContainerSafeModeRule] INFO  safemode.SCMSafeModeManager (SCMSafeModeManager.java:validateSafeModeExitRules(200)) - ContainerSafeModeRule rule is successfully validated
2023-09-07 20:30:51,857 [EventQueue-NewNodeForNewNodeHandler] INFO  pipeline.BackgroundPipelineCreator (BackgroundPipelineCreator.java:notifyEventTriggered(277)) - trigger a one-shot run on RatisPipelineUtilsThread.
2023-09-07 20:30:51,858 [EventQueue-PipelineReportForOneReplicaPipelineSafeModeRule] INFO  safemode.SCMSafeModeManager (SCMSafeModeManager.java:validateSafeModeExitRules(200)) - AtleastOneDatanodeReportedRule rule is successfully validated
2023-09-07 20:30:51,858 [RatisPipelineUtilsThread - 0] INFO  pipeline.RatisPipelineProvider (RatisPipelineProvider.java:lambda$create$0(206)) - Sending CreatePipelineCommand for pipeline:PipelineID=37521e68-33a0-4c40-93a6-1748ba932372 to datanode:130456cf-e1b1-4e27-8a77-52f3e2c34494
2023-09-07 20:30:51,860 [RatisPipelineUtilsThread - 0] INFO  pipeline.BackgroundPipelineCreator (BackgroundPipelineCreator.java:createPipelines(233)) - Created new pipeline Pipeline[ Id: 37521e68-33a0-4c40-93a6-1748ba932372, Nodes: 130456cf-e1b1-4e27-8a77-52f3e2c34494(fv-az259-394.nxnqhby4qkoexpon2s1bx5vqxg.dx.internal.cloudapp.net/10.1.0.11), ReplicationConfig: RATIS/ONE, State:ALLOCATED, leaderId:, CreationTimestamp2023-09-07T20:30:51.858Z[Etc/UTC]]
2023-09-07 20:30:52,272 [IPC Server handler 3 on default port 15108] INFO  net.NetworkTopologyImpl (NetworkTopologyImpl.java:add(112)) - Added a new node: /default-rack/a0cd6e17-3b90-4804-ab26-c3914b9665e9
2023-09-07 20:30:52,272 [IPC Server handler 3 on default port 15108] INFO  node.SCMNodeManager (SCMNodeManager.java:register(405)) - Registered Data node : a0cd6e17-3b90-4804-ab26-c3914b9665e9{ip: 10.1.0.11, host: fv-az259-394.nxnqhby4qkoexpon2s1bx5vqxg.dx.internal.cloudapp.net, ports: [HTTP=15124, CLIENT_RPC=15125, REPLICATION=15131, RATIS=15127, RATIS_ADMIN=15128, RATIS_SERVER=15129, RATIS_DATASTREAM=15130, STANDALONE=15126], networkLocation: /default-rack, certSerialId: null, persistedOpState: null, persistedOpStateExpiryEpochSec: 0}
2023-09-07 20:30:52,272 [EventQueue-NodeRegistrationContainerReportForDataNodeSafeModeRule] INFO  safemode.SCMSafeModeManager (DataNodeSafeModeRule.java:process(71)) - SCM in safe mode. 2 DataNodes registered, 3 required.
2023-09-07 20:30:52,273 [EventQueue-NewNodeForNewNodeHandler] INFO  pipeline.BackgroundPipelineCreator (BackgroundPipelineCreator.java:notifyEventTriggered(277)) - trigger a one-shot run on RatisPipelineUtilsThread.
2023-09-07 20:30:52,273 [RatisPipelineUtilsThread - 0] INFO  pipeline.RatisPipelineProvider (RatisPipelineProvider.java:lambda$create$0(206)) - Sending CreatePipelineCommand for pipeline:PipelineID=cefb9781-cbc1-4f58-b7a1-97d094013ecf to datanode:a0cd6e17-3b90-4804-ab26-c3914b9665e9
2023-09-07 20:30:52,274 [RatisPipelineUtilsThread - 0] INFO  pipeline.BackgroundPipelineCreator (BackgroundPipelineCreator.java:createPipelines(233)) - Created new pipeline Pipeline[ Id: cefb9781-cbc1-4f58-b7a1-97d094013ecf, Nodes: a0cd6e17-3b90-4804-ab26-c3914b9665e9(fv-az259-394.nxnqhby4qkoexpon2s1bx5vqxg.dx.internal.cloudapp.net/10.1.0.11), ReplicationConfig: RATIS/ONE, State:ALLOCATED, leaderId:, CreationTimestamp2023-09-07T20:30:52.273Z[Etc/UTC]]
2023-09-07 20:30:52,433 [main] INFO  ozone.MiniOzoneClusterImpl (MiniOzoneClusterImpl.java:lambda$waitForClusterToBeReady$0(224)) - Waiting for nodes to be ready. Got 2 of 5 DN Heartbeats.
2023-09-07 20:30:52,433 [main] INFO  ozone.MiniOzoneClusterImpl (MiniOzoneClusterImpl.java:lambda$waitForClusterToBeReady$0(227)) - Waiting for cluster to exit safe mode
2023-09-07 20:30:52,433 [main] INFO  ozone.MiniOzoneClusterImpl (MiniOzoneClusterImpl.java:lambda$waitForClusterToBeReady$0(229)) - SCM became leader
2023-09-07 20:30:52,655 [IPC Server handler 0 on default port 15108] INFO  net.NetworkTopologyImpl (NetworkTopologyImpl.java:add(112)) - Added a new node: /default-rack/114a9516-507d-4df3-bbf0-358fc4f720dd
2023-09-07 20:30:52,656 [IPC Server handler 0 on default port 15108] INFO  node.SCMNodeManager (SCMNodeManager.java:register(405)) - Registered Data node : 114a9516-507d-4df3-bbf0-358fc4f720dd{ip: 10.1.0.11, host: fv-az259-394.nxnqhby4qkoexpon2s1bx5vqxg.dx.internal.cloudapp.net, ports: [HTTP=15133, CLIENT_RPC=15134, REPLICATION=15140, RATIS=15136, RATIS_ADMIN=15137, RATIS_SERVER=15138, RATIS_DATASTREAM=15139, STANDALONE=15135], networkLocation: /default-rack, certSerialId: null, persistedOpState: null, persistedOpStateExpiryEpochSec: 0}
2023-09-07 20:30:52,658 [EventQueue-NodeRegistrationContainerReportForDataNodeSafeModeRule] INFO  safemode.SCMSafeModeManager (DataNodeSafeModeRule.java:process(71)) - SCM in safe mode. 3 DataNodes registered, 3 required.
2023-09-07 20:30:52,658 [EventQueue-NodeRegistrationContainerReportForDataNodeSafeModeRule] INFO  safemode.SCMSafeModeManager (SCMSafeModeManager.java:validateSafeModeExitRules(200)) - DataNodeSafeModeRule rule is successfully validated
2023-09-07 20:30:52,658 [EventQueue-NodeRegistrationContainerReportForDataNodeSafeModeRule] INFO  safemode.SCMSafeModeManager (SCMSafeModeManager.java:completePreCheck(229)) - All SCM safe mode pre check rules have passed
2023-09-07 20:30:52,658 [EventQueue-NodeRegistrationContainerReportForDataNodeSafeModeRule] INFO  ha.SCMContext (SCMContext.java:updateSafeModeStatus(228)) - Update SafeModeStatus from SafeModeStatus{safeModeStatus=true, preCheckPassed=false} to SafeModeStatus{safeModeStatus=true, preCheckPassed=true}.
2023-09-07 20:30:52,658 [EventQueue-NodeRegistrationContainerReportForDataNodeSafeModeRule] INFO  pipeline.BackgroundPipelineCreator (BackgroundPipelineCreator.java:notifyEventTriggered(277)) - trigger a one-shot run on RatisPipelineUtilsThread.
2023-09-07 20:30:52,658 [RatisPipelineUtilsThread - 0] INFO  pipeline.RatisPipelineProvider (RatisPipelineProvider.java:lambda$create$0(206)) - Sending CreatePipelineCommand for pipeline:PipelineID=ea302dc6-52d0-4b85-bf72-f3a6382101f2 to datanode:114a9516-507d-4df3-bbf0-358fc4f720dd
2023-09-07 20:30:52,659 [RatisPipelineUtilsThread - 0] INFO  pipeline.BackgroundPipelineCreator (BackgroundPipelineCreator.java:createPipelines(233)) - Created new pipeline Pipeline[ Id: ea302dc6-52d0-4b85-bf72-f3a6382101f2, Nodes: 114a9516-507d-4df3-bbf0-358fc4f720dd(fv-az259-394.nxnqhby4qkoexpon2s1bx5vqxg.dx.internal.cloudapp.net/10.1.0.11), ReplicationConfig: RATIS/ONE, State:ALLOCATED, leaderId:, CreationTimestamp2023-09-07T20:30:52.658Z[Etc/UTC]]
2023-09-07 20:30:52,659 [EventQueue-NewNodeForNewNodeHandler] INFO  pipeline.BackgroundPipelineCreator (BackgroundPipelineCreator.java:notifyEventTriggered(277)) - trigger a one-shot run on RatisPipelineUtilsThread.
2023-09-07 20:30:52,660 [RatisPipelineUtilsThread - 0] INFO  pipeline.RatisPipelineProvider (RatisPipelineProvider.java:lambda$create$0(206)) - Sending CreatePipelineCommand for pipeline:PipelineID=ff2a7f36-9fc5-4f31-a8fa-bba626da395f to datanode:130456cf-e1b1-4e27-8a77-52f3e2c34494
2023-09-07 20:30:52,660 [RatisPipelineUtilsThread - 0] INFO  pipeline.RatisPipelineProvider (RatisPipelineProvider.java:lambda$create$0(206)) - Sending CreatePipelineCommand for pipeline:PipelineID=ff2a7f36-9fc5-4f31-a8fa-bba626da395f to datanode:a0cd6e17-3b90-4804-ab26-c3914b9665e9
2023-09-07 20:30:52,660 [RatisPipelineUtilsThread - 0] INFO  pipeline.RatisPipelineProvider (RatisPipelineProvider.java:lambda$create$0(206)) - Sending CreatePipelineCommand for pipeline:PipelineID=ff2a7f36-9fc5-4f31-a8fa-bba626da395f to datanode:114a9516-507d-4df3-bbf0-358fc4f720dd
2023-09-07 20:30:52,660 [RatisPipelineUtilsThread - 0] INFO  pipeline.BackgroundPipelineCreator (BackgroundPipelineCreator.java:createPipelines(233)) - Created new pipeline Pipeline[ Id: ff2a7f36-9fc5-4f31-a8fa-bba626da395f, Nodes: 130456cf-e1b1-4e27-8a77-52f3e2c34494(fv-az259-394.nxnqhby4qkoexpon2s1bx5vqxg.dx.internal.cloudapp.net/10.1.0.11)a0cd6e17-3b90-4804-ab26-c3914b9665e9(fv-az259-394.nxnqhby4qkoexpon2s1bx5vqxg.dx.internal.cloudapp.net/10.1.0.11)114a9516-507d-4df3-bbf0-358fc4f720dd(fv-az259-394.nxnqhby4qkoexpon2s1bx5vqxg.dx.internal.cloudapp.net/10.1.0.11), ReplicationConfig: RATIS/THREE, State:ALLOCATED, leaderId:, CreationTimestamp2023-09-07T20:30:52.660Z[Etc/UTC]]
2023-09-07 20:30:52,662 [RatisPipelineUtilsThread - 0] INFO  pipeline.RatisPipelineProvider (RatisPipelineProvider.java:lambda$create$0(206)) - Sending CreatePipelineCommand for pipeline:PipelineID=04b25058-46e3-42ed-aa21-7300a7e366f1 to datanode:130456cf-e1b1-4e27-8a77-52f3e2c34494
2023-09-07 20:30:52,662 [RatisPipelineUtilsThread - 0] INFO  pipeline.RatisPipelineProvider (RatisPipelineProvider.java:lambda$create$0(206)) - Sending CreatePipelineCommand for pipeline:PipelineID=04b25058-46e3-42ed-aa21-7300a7e366f1 to datanode:114a9516-507d-4df3-bbf0-358fc4f720dd
2023-09-07 20:30:52,662 [RatisPipelineUtilsThread - 0] INFO  pipeline.RatisPipelineProvider (RatisPipelineProvider.java:lambda$create$0(206)) - Sending CreatePipelineCommand for pipeline:PipelineID=04b25058-46e3-42ed-aa21-7300a7e366f1 to datanode:a0cd6e17-3b90-4804-ab26-c3914b9665e9
2023-09-07 20:30:52,663 [RatisPipelineUtilsThread - 0] INFO  pipeline.PipelineManagerImpl (PipelineManagerImpl.java:recordMetricsForPipeline(914)) - Pipeline: PipelineID=04b25058-46e3-42ed-aa21-7300a7e366f1 contains same datanodes as previous pipelines: PipelineID=ff2a7f36-9fc5-4f31-a8fa-bba626da395f nodeIds: 130456cf-e1b1-4e27-8a77-52f3e2c34494, 114a9516-507d-4df3-bbf0-358fc4f720dd, a0cd6e17-3b90-4804-ab26-c3914b9665e9
2023-09-07 20:30:52,664 [RatisPipelineUtilsThread - 0] INFO  pipeline.BackgroundPipelineCreator (BackgroundPipelineCreator.java:createPipelines(233)) - Created new pipeline Pipeline[ Id: 04b25058-46e3-42ed-aa21-7300a7e366f1, Nodes: 130456cf-e1b1-4e27-8a77-52f3e2c34494(fv-az259-394.nxnqhby4qkoexpon2s1bx5vqxg.dx.internal.cloudapp.net/10.1.0.11)114a9516-507d-4df3-bbf0-358fc4f720dd(fv-az259-394.nxnqhby4qkoexpon2s1bx5vqxg.dx.internal.cloudapp.net/10.1.0.11)a0cd6e17-3b90-4804-ab26-c3914b9665e9(fv-az259-394.nxnqhby4qkoexpon2s1bx5vqxg.dx.internal.cloudapp.net/10.1.0.11), ReplicationConfig: RATIS/THREE, State:ALLOCATED, leaderId:, CreationTimestamp2023-09-07T20:30:52.662Z[Etc/UTC]]
2023-09-07 20:30:53,074 [IPC Server handler 4 on default port 15108] INFO  net.NetworkTopologyImpl (NetworkTopologyImpl.java:add(112)) - Added a new node: /default-rack/030e9783-811e-46a4-8bf6-f2375cfbdf83
2023-09-07 20:30:53,074 [IPC Server handler 4 on default port 15108] INFO  node.SCMNodeManager (SCMNodeManager.java:register(405)) - Registered Data node : 030e9783-811e-46a4-8bf6-f2375cfbdf83{ip: 10.1.0.11, host: fv-az259-394.nxnqhby4qkoexpon2s1bx5vqxg.dx.internal.cloudapp.net, ports: [HTTP=15142, CLIENT_RPC=15143, REPLICATION=15149, RATIS=15145, RATIS_ADMIN=15146, RATIS_SERVER=15147, RATIS_DATASTREAM=15148, STANDALONE=15144], networkLocation: /default-rack, certSerialId: null, persistedOpState: null, persistedOpStateExpiryEpochSec: 0}
2023-09-07 20:30:53,074 [EventQueue-NewNodeForNewNodeHandler] INFO  pipeline.BackgroundPipelineCreator (BackgroundPipelineCreator.java:notifyEventTriggered(277)) - trigger a one-shot run on RatisPipelineUtilsThread.
2023-09-07 20:30:53,075 [RatisPipelineUtilsThread - 0] INFO  pipeline.RatisPipelineProvider (RatisPipelineProvider.java:lambda$create$0(206)) - Sending CreatePipelineCommand for pipeline:PipelineID=6fb40b8b-e41c-44ac-8a44-ba6b8bd27b8b to datanode:030e9783-811e-46a4-8bf6-f2375cfbdf83
2023-09-07 20:30:53,076 [RatisPipelineUtilsThread - 0] INFO  pipeline.BackgroundPipelineCreator (BackgroundPipelineCreator.java:createPipelines(233)) - Created new pipeline Pipeline[ Id: 6fb40b8b-e41c-44ac-8a44-ba6b8bd27b8b, Nodes: 030e9783-811e-46a4-8bf6-f2375cfbdf83(fv-az259-394.nxnqhby4qkoexpon2s1bx5vqxg.dx.internal.cloudapp.net/10.1.0.11), ReplicationConfig: RATIS/ONE, State:ALLOCATED, leaderId:, CreationTimestamp2023-09-07T20:30:53.075Z[Etc/UTC]]
2023-09-07 20:30:53,434 [main] INFO  ozone.MiniOzoneClusterImpl (MiniOzoneClusterImpl.java:lambda$waitForClusterToBeReady$0(224)) - Waiting for nodes to be ready. Got 4 of 5 DN Heartbeats.
2023-09-07 20:30:53,434 [main] INFO  ozone.MiniOzoneClusterImpl (MiniOzoneClusterImpl.java:lambda$waitForClusterToBeReady$0(227)) - Waiting for cluster to exit safe mode
2023-09-07 20:30:53,434 [main] INFO  ozone.MiniOzoneClusterImpl (MiniOzoneClusterImpl.java:lambda$waitForClusterToBeReady$0(229)) - SCM became leader
2023-09-07 20:30:53,435 [IPC Server handler 2 on default port 15108] INFO  net.NetworkTopologyImpl (NetworkTopologyImpl.java:add(112)) - Added a new node: /default-rack/29027832-24ec-44d8-841f-3a3b218b56da
2023-09-07 20:30:53,436 [IPC Server handler 2 on default port 15108] INFO  node.SCMNodeManager (SCMNodeManager.java:register(405)) - Registered Data node : 29027832-24ec-44d8-841f-3a3b218b56da{ip: 10.1.0.11, host: fv-az259-394.nxnqhby4qkoexpon2s1bx5vqxg.dx.internal.cloudapp.net, ports: [HTTP=15151, CLIENT_RPC=15152, REPLICATION=15158, RATIS=15154, RATIS_ADMIN=15155, RATIS_SERVER=15156, RATIS_DATASTREAM=15157, STANDALONE=15153], networkLocation: /default-rack, certSerialId: null, persistedOpState: null, persistedOpStateExpiryEpochSec: 0}
2023-09-07 20:30:53,436 [EventQueue-NewNodeForNewNodeHandler] INFO  pipeline.BackgroundPipelineCreator (BackgroundPipelineCreator.java:notifyEventTriggered(277)) - trigger a one-shot run on RatisPipelineUtilsThread.
2023-09-07 20:30:53,436 [RatisPipelineUtilsThread - 0] INFO  pipeline.RatisPipelineProvider (RatisPipelineProvider.java:lambda$create$0(206)) - Sending CreatePipelineCommand for pipeline:PipelineID=28f9708f-c77f-405d-a6f5-2bfb7c9ca018 to datanode:29027832-24ec-44d8-841f-3a3b218b56da
2023-09-07 20:30:53,437 [RatisPipelineUtilsThread - 0] INFO  pipeline.BackgroundPipelineCreator (BackgroundPipelineCreator.java:createPipelines(233)) - Created new pipeline Pipeline[ Id: 28f9708f-c77f-405d-a6f5-2bfb7c9ca018, Nodes: 29027832-24ec-44d8-841f-3a3b218b56da(fv-az259-394.nxnqhby4qkoexpon2s1bx5vqxg.dx.internal.cloudapp.net/10.1.0.11), ReplicationConfig: RATIS/ONE, State:ALLOCATED, leaderId:, CreationTimestamp2023-09-07T20:30:53.436Z[Etc/UTC]]
2023-09-07 20:30:54,434 [main] INFO  ozone.MiniOzoneClusterImpl (MiniOzoneClusterImpl.java:lambda$waitForClusterToBeReady$0(224)) - Nodes are ready. Got 5 of 5 DN Heartbeats.
2023-09-07 20:30:54,435 [main] INFO  ozone.MiniOzoneClusterImpl (MiniOzoneClusterImpl.java:lambda$waitForClusterToBeReady$0(227)) - Waiting for cluster to exit safe mode
2023-09-07 20:30:54,435 [main] INFO  ozone.MiniOzoneClusterImpl (MiniOzoneClusterImpl.java:lambda$waitForClusterToBeReady$0(229)) - SCM became leader
2023-09-07 20:30:54,847 [PipelineCommandHandlerThread-0] INFO  server.RaftServer (RaftServerProxy.java:addNew(98)) - 130456cf-e1b1-4e27-8a77-52f3e2c34494: addNew group-1748BA932372:[130456cf-e1b1-4e27-8a77-52f3e2c34494|rpc:10.1.0.11:15120|admin:10.1.0.11:15119|client:10.1.0.11:15118|dataStream:10.1.0.11:15121|priority:1|startupRole:FOLLOWER] returns group-1748BA932372:java.util.concurrent.CompletableFuture@3fd79364[Not completed]
2023-09-07 20:30:54,849 [130456cf-e1b1-4e27-8a77-52f3e2c34494-groupManagement] INFO  server.RaftServer$Division (RaftServerImpl.java:<init>(198)) - 130456cf-e1b1-4e27-8a77-52f3e2c34494: new RaftServerImpl for group-1748BA932372:[130456cf-e1b1-4e27-8a77-52f3e2c34494|rpc:10.1.0.11:15120|admin:10.1.0.11:15119|client:10.1.0.11:15118|dataStream:10.1.0.11:15121|priority:1|startupRole:FOLLOWER] with ContainerStateMachine:uninitialized
2023-09-07 20:30:54,849 [130456cf-e1b1-4e27-8a77-52f3e2c34494-groupManagement] INFO  server.RaftServerConfigKeys (ConfUtils.java:logGet(46)) - raft.server.rpc.timeout.min = 5s (custom)
2023-09-07 20:30:54,852 [130456cf-e1b1-4e27-8a77-52f3e2c34494-groupManagement] INFO  server.RaftServerConfigKeys (ConfUtils.java:logGet(46)) - raft.server.rpc.timeout.max = 5200ms (custom)
2023-09-07 20:30:54,852 [130456cf-e1b1-4e27-8a77-52f3e2c34494-groupManagement] INFO  server.RaftServerConfigKeys (ConfUtils.java:logGet(46)) - raft.server.rpc.sleep.time = 25ms (default)
2023-09-07 20:30:54,853 [130456cf-e1b1-4e27-8a77-52f3e2c34494-groupManagement] INFO  server.RaftServerConfigKeys (ConfUtils.java:logGet(46)) - raft.server.rpc.slowness.timeout = 300s (custom)
2023-09-07 20:30:54,853 [130456cf-e1b1-4e27-8a77-52f3e2c34494-groupManagement] INFO  server.RaftServerConfigKeys (ConfUtils.java:logGet(46)) - raft.server.leaderelection.leader.step-down.wait-time = 10s (default)
2023-09-07 20:30:54,853 [130456cf-e1b1-4e27-8a77-52f3e2c34494-groupManagement] INFO  server.RaftServerConfigKeys (ConfUtils.java:logGet(46)) - raft.server.sleep.deviation.threshold = 300ms (default)
2023-09-07 20:30:54,853 [130456cf-e1b1-4e27-8a77-52f3e2c34494-groupManagement] INFO  server.RaftServer$Division (ServerState.java:<init>(120)) - 130456cf-e1b1-4e27-8a77-52f3e2c34494@group-1748BA932372: ConfigurationManager, init=-1: peers:[130456cf-e1b1-4e27-8a77-52f3e2c34494|rpc:10.1.0.11:15120|admin:10.1.0.11:15119|client:10.1.0.11:15118|dataStream:10.1.0.11:15121|priority:1|startupRole:FOLLOWER]|listeners:[], old=null, confs=<EMPTY_MAP>
2023-09-07 20:30:54,853 [130456cf-e1b1-4e27-8a77-52f3e2c34494-groupManagement] INFO  server.RaftServerConfigKeys (ConfUtils.java:logGet(46)) - raft.server.storage.dir = [/home/runner/work/ozone/ozone/hadoop-ozone/integration-test/target/test-dir/MiniOzoneClusterImpl-7c3c5bdb-9f31-4157-923c-74528274ab7c/datanode-0/data/ratis] (custom)
2023-09-07 20:30:54,854 [130456cf-e1b1-4e27-8a77-52f3e2c34494-groupManagement] INFO  server.RaftServerConfigKeys (ConfUtils.java:logGet(46)) - raft.server.log.corruption.policy = EXCEPTION (default)
2023-09-07 20:30:54,854 [130456cf-e1b1-4e27-8a77-52f3e2c34494-groupManagement] INFO  server.RaftServerConfigKeys (ConfUtils.java:logGet(46)) - raft.server.storage.free-space.min = 0MB (=0) (default)
2023-09-07 20:30:54,854 [130456cf-e1b1-4e27-8a77-52f3e2c34494-groupManagement] INFO  server.RaftServerConfigKeys (ConfUtils.java:logGet(46)) - raft.server.notification.no-leader.timeout = 300s (custom)
2023-09-07 20:30:54,854 [130456cf-e1b1-4e27-8a77-52f3e2c34494-groupManagement] INFO  server.RaftServerConfigKeys (ConfUtils.java:logGet(46)) - raft.server.read.timeout = 10s (default)
2023-09-07 20:30:54,854 [130456cf-e1b1-4e27-8a77-52f3e2c34494-groupManagement] INFO  server.RaftServerConfigKeys (ConfUtils.java:logGet(46)) - raft.server.retrycache.expirytime = 600000ms (custom)
2023-09-07 20:30:54,854 [130456cf-e1b1-4e27-8a77-52f3e2c34494-groupManagement] INFO  server.RaftServerConfigKeys (ConfUtils.java:logGet(46)) - raft.server.retrycache.statistics.expirytime = 100μs (default)
2023-09-07 20:30:54,855 [130456cf-e1b1-4e27-8a77-52f3e2c34494-groupManagement] INFO  server.RaftServerConfigKeys (ConfUtils.java:logGet(46)) - raft.server.read.option = DEFAULT (default)
2023-09-07 20:30:54,855 [130456cf-e1b1-4e27-8a77-52f3e2c34494-groupManagement] INFO  server.RaftServerConfigKeys (ConfUtils.java:logGet(46)) - raft.server.rpc.request.timeout = 60s (custom)
2023-09-07 20:30:54,856 [130456cf-e1b1-4e27-8a77-52f3e2c34494-groupManagement] INFO  server.RaftServerConfigKeys (ConfUtils.java:logGet(46)) - raft.server.log.appender.install.snapshot.enabled = false (custom)
2023-09-07 20:30:54,856 [130456cf-e1b1-4e27-8a77-52f3e2c34494-groupManagement] INFO  server.RaftServerConfigKeys (ConfUtils.java:logGet(46)) - raft.server.threadpool.server.cached = true (default)
2023-09-07 20:30:54,856 [130456cf-e1b1-4e27-8a77-52f3e2c34494-groupManagement] INFO  server.RaftServerConfigKeys (ConfUtils.java:logGet(46)) - raft.server.threadpool.server.size = 0 (default)
2023-09-07 20:30:54,856 [130456cf-e1b1-4e27-8a77-52f3e2c34494-groupManagement] INFO  server.RaftServerConfigKeys (ConfUtils.java:logGet(46)) - raft.server.threadpool.client.cached = true (default)
2023-09-07 20:30:54,856 [130456cf-e1b1-4e27-8a77-52f3e2c34494-groupManagement] INFO  server.RaftServerConfigKeys (ConfUtils.java:logGet(46)) - raft.server.threadpool.client.size = 0 (default)
2023-09-07 20:30:54,856 [130456cf-e1b1-4e27-8a77-52f3e2c34494-groupManagement] INFO  storage.RaftStorageDirectory (RaftStorageDirectoryImpl.java:analyzeStorage(137)) - The storage directory /home/runner/work/ozone/ozone/hadoop-ozone/integration-test/target/test-dir/MiniOzoneClusterImpl-7c3c5bdb-9f31-4157-923c-74528274ab7c/datanode-0/data/ratis/37521e68-33a0-4c40-93a6-1748ba932372 does not exist. Creating ...
2023-09-07 20:30:54,858 [130456cf-e1b1-4e27-8a77-52f3e2c34494-groupManagement] INFO  storage.RaftStorageDirectory (RaftStorageDirectoryImpl.java:tryLock(231)) - Lock on /home/runner/work/ozone/ozone/hadoop-ozone/integration-test/target/test-dir/MiniOzoneClusterImpl-7c3c5bdb-9f31-4157-923c-74528274ab7c/datanode-0/data/ratis/37521e68-33a0-4c40-93a6-1748ba932372/in_use.lock acquired by nodename 7625@fv-az259-394
2023-09-07 20:30:54,863 [130456cf-e1b1-4e27-8a77-52f3e2c34494-groupManagement] INFO  storage.RaftStorage (RaftStorageImpl.java:format(96)) - Storage directory /home/runner/work/ozone/ozone/hadoop-ozone/integration-test/target/test-dir/MiniOzoneClusterImpl-7c3c5bdb-9f31-4157-923c-74528274ab7c/datanode-0/data/ratis/37521e68-33a0-4c40-93a6-1748ba932372 has been successfully formatted.
2023-09-07 20:30:54,869 [130456cf-e1b1-4e27-8a77-52f3e2c34494-groupManagement] INFO  ratis.ContainerStateMachine (ContainerStateMachine.java:loadSnapshot(262)) - group-1748BA932372: The snapshot info is null. Setting the last applied indexto:(t:0, i:~)
2023-09-07 20:30:54,870 [130456cf-e1b1-4e27-8a77-52f3e2c34494-groupManagement] INFO  server.RaftServerConfigKeys (ConfUtils.java:logGet(46)) - raft.server.log.use.memory = false (default)
2023-09-07 20:30:54,871 [EventQueue-PipelineReportForPipelineReportHandler] INFO  pipeline.PipelineReportHandler (PipelineReportHandler.java:processPipelineReport(136)) - Opened pipeline PipelineID=37521e68-33a0-4c40-93a6-1748ba932372
2023-09-07 20:30:54,873 [130456cf-e1b1-4e27-8a77-52f3e2c34494-groupManagement] INFO  server.RaftServerConfigKeys (ConfUtils.java:logGet(46)) - raft.server.log.purge.gap = 1000000 (custom)
2023-09-07 20:30:54,874 [130456cf-e1b1-4e27-8a77-52f3e2c34494-groupManagement] INFO  server.RaftServerConfigKeys (ConfUtils.java:logGet(46)) - raft.server.log.appender.buffer.byte-limit = 33554432 (custom)
2023-09-07 20:30:54,874 [130456cf-e1b1-4e27-8a77-52f3e2c34494-groupManagement] INFO  server.RaftServerConfigKeys (ConfUtils.java:logGet(46)) - raft.server.log.statemachine.data.read.timeout = 1000ms (default)
2023-09-07 20:30:54,874 [130456cf-e1b1-4e27-8a77-52f3e2c34494-groupManagement] INFO  server.RaftServerConfigKeys (ConfUtils.java:logGet(46)) - raft.server.log.purge.preservation.log.num = 0 (default)
2023-09-07 20:30:54,874 [130456cf-e1b1-4e27-8a77-52f3e2c34494-groupManagement] INFO  server.RaftServerConfigKeys (ConfUtils.java:logGet(46)) - raft.server.log.segment.size.max = 1048576 (custom)
2023-09-07 20:30:54,875 [130456cf-e1b1-4e27-8a77-52f3e2c34494-groupManagement] INFO  server.RaftServerConfigKeys (ConfUtils.java:logGet(46)) - raft.server.log.segment.cache.num.max = 2 (custom)
2023-09-07 20:30:54,875 [130456cf-e1b1-4e27-8a77-52f3e2c34494-groupManagement] INFO  server.RaftServerConfigKeys (ConfUtils.java:logGet(46)) - raft.server.log.segment.cache.size.max = 200MB (=209715200) (default)
2023-09-07 20:30:54,875 [130456cf-e1b1-4e27-8a77-52f3e2c34494-groupManagement] INFO  server.RaftServerConfigKeys (ConfUtils.java:logGet(46)) - raft.server.log.appender.buffer.byte-limit = 33554432 (custom)
2023-09-07 20:30:54,875 [130456cf-e1b1-4e27-8a77-52f3e2c34494-groupManagement] INFO  segmented.SegmentedRaftLogWorker (SegmentedRaftLogWorker.java:<init>(188)) - new 130456cf-e1b1-4e27-8a77-52f3e2c34494@group-1748BA932372-SegmentedRaftLogWorker for RaftStorageImpl:Storage Directory /home/runner/work/ozone/ozone/hadoop-ozone/integration-test/target/test-dir/MiniOzoneClusterImpl-7c3c5bdb-9f31-4157-923c-74528274ab7c/datanode-0/data/ratis/37521e68-33a0-4c40-93a6-1748ba932372
2023-09-07 20:30:54,875 [130456cf-e1b1-4e27-8a77-52f3e2c34494-groupManagement] INFO  server.RaftServerConfigKeys (ConfUtils.java:logGet(46)) - raft.server.log.queue.byte-limit = 4294967296 (custom)
2023-09-07 20:30:54,875 [130456cf-e1b1-4e27-8a77-52f3e2c34494-groupManagement] INFO  server.RaftServerConfigKeys (ConfUtils.java:logGet(46)) - raft.server.log.queue.element-limit = 1024 (custom)
2023-09-07 20:30:54,875 [130456cf-e1b1-4e27-8a77-52f3e2c34494-groupManagement] INFO  server.RaftServerConfigKeys (ConfUtils.java:logGet(46)) - raft.server.log.segment.size.max = 1048576 (custom)
2023-09-07 20:30:54,875 [130456cf-e1b1-4e27-8a77-52f3e2c34494-groupManagement] INFO  server.RaftServerConfigKeys (ConfUtils.java:logGet(46)) - raft.server.log.preallocated.size = 16384 (custom)
2023-09-07 20:30:54,875 [130456cf-e1b1-4e27-8a77-52f3e2c34494-groupManagement] INFO  server.RaftServerConfigKeys (ConfUtils.java:logGet(46)) - raft.server.log.force.sync.num = 128 (default)
2023-09-07 20:30:54,875 [130456cf-e1b1-4e27-8a77-52f3e2c34494-groupManagement] INFO  server.RaftServerConfigKeys (ConfUtils.java:logGet(46)) - raft.server.log.statemachine.data.sync = true (default)
2023-09-07 20:30:54,876 [130456cf-e1b1-4e27-8a77-52f3e2c34494-groupManagement] INFO  server.RaftServerConfigKeys (ConfUtils.java:logGet(46)) - raft.server.log.statemachine.data.sync.timeout = 10s (default)
2023-09-07 20:30:54,876 [130456cf-e1b1-4e27-8a77-52f3e2c34494-groupManagement] INFO  server.RaftServerConfigKeys (ConfUtils.java:logGet(46)) - raft.server.log.statemachine.data.sync.timeout.retry = -1 (default)
2023-09-07 20:30:54,876 [130456cf-e1b1-4e27-8a77-52f3e2c34494-groupManagement] INFO  server.RaftServerConfigKeys (ConfUtils.java:logGet(46)) - raft.server.log.write.buffer.size = 1048576 (custom)
2023-09-07 20:30:54,877 [130456cf-e1b1-4e27-8a77-52f3e2c34494-groupManagement] INFO  server.RaftServerConfigKeys (ConfUtils.java:logGet(46)) - raft.server.log.appender.buffer.byte-limit = 33554432 (custom)
2023-09-07 20:30:54,886 [130456cf-e1b1-4e27-8a77-52f3e2c34494-groupManagement] INFO  server.RaftServerConfigKeys (ConfUtils.java:logGet(46)) - raft.server.log.unsafe-flush.enabled = false (default)
2023-09-07 20:30:54,886 [130456cf-e1b1-4e27-8a77-52f3e2c34494-groupManagement] INFO  server.RaftServerConfigKeys (ConfUtils.java:logGet(46)) - raft.server.log.async-flush.enabled = false (default)
2023-09-07 20:30:54,886 [130456cf-e1b1-4e27-8a77-52f3e2c34494-groupManagement] INFO  server.RaftServerConfigKeys (ConfUtils.java:logGet(46)) - raft.server.log.statemachine.data.caching.enabled = true (custom)
2023-09-07 20:30:54,889 [130456cf-e1b1-4e27-8a77-52f3e2c34494-groupManagement] INFO  segmented.SegmentedRaftLogWorker (SegmentedRaftLogWorker.java:lambda$new$0(135)) - 130456cf-e1b1-4e27-8a77-52f3e2c34494@group-1748BA932372-SegmentedRaftLogWorker: flushIndex: setUnconditionally 0 -> -1
2023-09-07 20:30:54,889 [130456cf-e1b1-4e27-8a77-52f3e2c34494-groupManagement] INFO  segmented.SegmentedRaftLogWorker (SegmentedRaftLogWorker.java:lambda$new$0(135)) - 130456cf-e1b1-4e27-8a77-52f3e2c34494@group-1748BA932372-SegmentedRaftLogWorker: safeCacheEvictIndex: setUnconditionally 0 -> -1
2023-09-07 20:30:54,889 [130456cf-e1b1-4e27-8a77-52f3e2c34494-groupManagement] INFO  server.RaftServer$Division (RaftServerImpl.java:start(342)) - 130456cf-e1b1-4e27-8a77-52f3e2c34494@group-1748BA932372: start as a follower, conf=-1: peers:[130456cf-e1b1-4e27-8a77-52f3e2c34494|rpc:10.1.0.11:15120|admin:10.1.0.11:15119|client:10.1.0.11:15118|dataStream:10.1.0.11:15121|priority:1|startupRole:FOLLOWER]|listeners:[], old=null
2023-09-07 20:30:54,889 [130456cf-e1b1-4e27-8a77-52f3e2c34494-groupManagement] INFO  server.RaftServer$Division (RaftServerImpl.java:setRole(329)) - 130456cf-e1b1-4e27-8a77-52f3e2c34494@group-1748BA932372: changes role from      null to FOLLOWER at term 0 for startAsFollower
2023-09-07 20:30:54,889 [130456cf-e1b1-4e27-8a77-52f3e2c34494-groupManagement] INFO  impl.RoleInfo (RoleInfo.java:updateAndGet(139)) - 130456cf-e1b1-4e27-8a77-52f3e2c34494: start 130456cf-e1b1-4e27-8a77-52f3e2c34494@group-1748BA932372-FollowerState
2023-09-07 20:30:54,889 [EventQueue-OpenPipelineForHealthyPipelineSafeModeRule] INFO  safemode.SCMSafeModeManager (HealthyPipelineSafeModeRule.java:process(137)) - SCM in safe mode. Healthy pipelines reported count is 0, required healthy pipeline reported count is 1
2023-09-07 20:30:54,890 [130456cf-e1b1-4e27-8a77-52f3e2c34494@group-1748BA932372-FollowerState] INFO  server.RaftServerConfigKeys (ConfUtils.java:logFallback(53)) - raft.server.rpc.first-election.timeout.min = 5s (fallback to raft.server.rpc.timeout.min)
2023-09-07 20:30:54,890 [130456cf-e1b1-4e27-8a77-52f3e2c34494-groupManagement] INFO  util.JmxRegister (JmxRegister.java:tryRegister(44)) - Successfully registered JMX Bean with object name Ratis:service=RaftServer,group=group-1748BA932372,id=130456cf-e1b1-4e27-8a77-52f3e2c34494
2023-09-07 20:30:54,890 [130456cf-e1b1-4e27-8a77-52f3e2c34494@group-1748BA932372-FollowerState] INFO  server.RaftServerConfigKeys (ConfUtils.java:logFallback(53)) - raft.server.rpc.first-election.timeout.max = 5200ms (fallback to raft.server.rpc.timeout.max)
2023-09-07 20:30:54,890 [130456cf-e1b1-4e27-8a77-52f3e2c34494-groupManagement] INFO  server.RaftServerConfigKeys (ConfUtils.java:logGet(46)) - raft.server.snapshot.auto.trigger.enabled = true (custom)
2023-09-07 20:30:54,890 [130456cf-e1b1-4e27-8a77-52f3e2c34494-groupManagement] INFO  server.RaftServerConfigKeys (ConfUtils.java:logGet(46)) - raft.server.snapshot.auto.trigger.threshold = 10000 (custom)
2023-09-07 20:30:54,890 [130456cf-e1b1-4e27-8a77-52f3e2c34494-groupManagement] INFO  server.RaftServerConfigKeys (ConfUtils.java:logGet(46)) - raft.server.snapshot.retention.file.num = 5 (custom)
2023-09-07 20:30:54,890 [130456cf-e1b1-4e27-8a77-52f3e2c34494-groupManagement] INFO  server.RaftServerConfigKeys (ConfUtils.java:logGet(46)) - raft.server.log.purge.upto.snapshot.index = false (default)
2023-09-07 20:30:54,891 [PipelineCommandHandlerThread-0] INFO  ratis.XceiverServerRatis (XceiverServerRatis.java:addGroup(804)) - Created group PipelineID=37521e68-33a0-4c40-93a6-1748ba932372
2023-09-07 20:30:54,891 [PipelineCommandHandlerThread-0] INFO  commandhandler.CreatePipelineCommandHandler (CreatePipelineCommandHandler.java:lambda$handle$2(124)) - Created Pipeline RATIS ONE PipelineID=37521e68-33a0-4c40-93a6-1748ba932372.
2023-09-07 20:30:54,891 [PipelineCommandHandlerThread-0] INFO  server.RaftServer (RaftServerProxy.java:addNew(98)) - 130456cf-e1b1-4e27-8a77-52f3e2c34494: addNew group-BBA626DA395F:[a0cd6e17-3b90-4804-ab26-c3914b9665e9|rpc:10.1.0.11:15129|admin:10.1.0.11:15128|client:10.1.0.11:15127|dataStream:10.1.0.11:15130|priority:1|startupRole:FOLLOWER, 114a9516-507d-4df3-bbf0-358fc4f720dd|rpc:10.1.0.11:15138|admin:10.1.0.11:15137|client:10.1.0.11:15136|dataStream:10.1.0.11:15139|priority:0|startupRole:FOLLOWER, 130456cf-e1b1-4e27-8a77-52f3e2c34494|rpc:10.1.0.11:15120|admin:10.1.0.11:15119|client:10.1.0.11:15118|dataStream:10.1.0.11:15121|priority:0|startupRole:FOLLOWER] returns group-BBA626DA395F:java.util.concurrent.CompletableFuture@3be80046[Not completed]
2023-09-07 20:30:54,893 [130456cf-e1b1-4e27-8a77-52f3e2c34494-groupManagement] INFO  server.RaftServer$Division (RaftServerImpl.java:<init>(198)) - 130456cf-e1b1-4e27-8a77-52f3e2c34494: new RaftServerImpl for group-BBA626DA395F:[a0cd6e17-3b90-4804-ab26-c3914b9665e9|rpc:10.1.0.11:15129|admin:10.1.0.11:15128|client:10.1.0.11:15127|dataStream:10.1.0.11:15130|priority:1|startupRole:FOLLOWER, 114a9516-507d-4df3-bbf0-358fc4f720dd|rpc:10.1.0.11:15138|admin:10.1.0.11:15137|client:10.1.0.11:15136|dataStream:10.1.0.11:15139|priority:0|startupRole:FOLLOWER, 130456cf-e1b1-4e27-8a77-52f3e2c34494|rpc:10.1.0.11:15120|admin:10.1.0.11:15119|client:10.1.0.11:15118|dataStream:10.1.0.11:15121|priority:0|startupRole:FOLLOWER] with ContainerStateMachine:uninitialized
2023-09-07 20:30:54,893 [130456cf-e1b1-4e27-8a77-52f3e2c34494-groupManagement] INFO  server.RaftServerConfigKeys (ConfUtils.java:logGet(46)) - raft.server.rpc.timeout.min = 5s (custom)
2023-09-07 20:30:54,893 [130456cf-e1b1-4e27-8a77-52f3e2c34494-groupManagement] INFO  server.RaftServerConfigKeys (ConfUtils.java:logGet(46)) - raft.server.rpc.timeout.max = 5200ms (custom)
2023-09-07 20:30:54,893 [130456cf-e1b1-4e27-8a77-52f3e2c34494-groupManagement] INFO  server.RaftServerConfigKeys (ConfUtils.java:logGet(46)) - raft.server.rpc.sleep.time = 25ms (default)
2023-09-07 20:30:54,893 [130456cf-e1b1-4e27-8a77-52f3e2c34494-groupManagement] INFO  server.RaftServerConfigKeys (ConfUtils.java:logGet(46)) - raft.server.rpc.slowness.timeout = 300s (custom)
2023-09-07 20:30:54,893 [130456cf-e1b1-4e27-8a77-52f3e2c34494-groupManagement] INFO  server.RaftServerConfigKeys (ConfUtils.java:logGet(46)) - raft.server.leaderelection.leader.step-down.wait-time = 10s (default)
2023-09-07 20:30:54,893 [130456cf-e1b1-4e27-8a77-52f3e2c34494-groupManagement] INFO  server.RaftServerConfigKeys (ConfUtils.java:logGet(46)) - raft.server.sleep.deviation.threshold = 300ms (default)
2023-09-07 20:30:54,893 [130456cf-e1b1-4e27-8a77-52f3e2c34494-groupManagement] INFO  server.RaftServer$Division (ServerState.java:<init>(120)) - 130456cf-e1b1-4e27-8a77-52f3e2c34494@group-BBA626DA395F: ConfigurationManager, init=-1: peers:[a0cd6e17-3b90-4804-ab26-c3914b9665e9|rpc:10.1.0.11:15129|admin:10.1.0.11:15128|client:10.1.0.11:15127|dataStream:10.1.0.11:15130|priority:1|startupRole:FOLLOWER, 114a9516-507d-4df3-bbf0-358fc4f720dd|rpc:10.1.0.11:15138|admin:10.1.0.11:15137|client:10.1.0.11:15136|dataStream:10.1.0.11:15139|priority:0|startupRole:FOLLOWER, 130456cf-e1b1-4e27-8a77-52f3e2c34494|rpc:10.1.0.11:15120|admin:10.1.0.11:15119|client:10.1.0.11:15118|dataStream:10.1.0.11:15121|priority:0|startupRole:FOLLOWER]|listeners:[], old=null, confs=<EMPTY_MAP>
2023-09-07 20:30:54,894 [130456cf-e1b1-4e27-8a77-52f3e2c34494-groupManagement] INFO  server.RaftServerConfigKeys (ConfUtils.java:logGet(46)) - raft.server.storage.dir = [/home/runner/work/ozone/ozone/hadoop-ozone/integration-test/target/test-dir/MiniOzoneClusterImpl-7c3c5bdb-9f31-4157-923c-74528274ab7c/datanode-0/data/ratis] (custom)
2023-09-07 20:30:54,894 [130456cf-e1b1-4e27-8a77-52f3e2c34494-groupManagement] INFO  server.RaftServerConfigKeys (ConfUtils.java:logGet(46)) - raft.server.log.corruption.policy = EXCEPTION (default)
2023-09-07 20:30:54,894 [130456cf-e1b1-4e27-8a77-52f3e2c34494-groupManagement] INFO  server.RaftServerConfigKeys (ConfUtils.java:logGet(46)) - raft.server.storage.free-space.min = 0MB (=0) (default)
2023-09-07 20:30:54,894 [130456cf-e1b1-4e27-8a77-52f3e2c34494-groupManagement] INFO  server.RaftServerConfigKeys (ConfUtils.java:logGet(46)) - raft.server.notification.no-leader.timeout = 300s (custom)
2023-09-07 20:30:54,894 [130456cf-e1b1-4e27-8a77-52f3e2c34494-groupManagement] INFO  server.RaftServerConfigKeys (ConfUtils.java:logGet(46)) - raft.server.read.timeout = 10s (default)
2023-09-07 20:30:54,894 [130456cf-e1b1-4e27-8a77-52f3e2c34494-groupManagement] INFO  server.RaftServerConfigKeys (ConfUtils.java:logGet(46)) - raft.server.retrycache.expirytime = 600000ms (custom)
2023-09-07 20:30:54,894 [130456cf-e1b1-4e27-8a77-52f3e2c34494-groupManagement] INFO  server.RaftServerConfigKeys (ConfUtils.java:logGet(46)) - raft.server.retrycache.statistics.expirytime = 100μs (default)
2023-09-07 20:30:54,894 [130456cf-e1b1-4e27-8a77-52f3e2c34494-groupManagement] INFO  server.RaftServerConfigKeys (ConfUtils.java:logGet(46)) - raft.server.read.option = DEFAULT (default)
2023-09-07 20:30:54,896 [130456cf-e1b1-4e27-8a77-52f3e2c34494-groupManagement] INFO  server.RaftServerConfigKeys (ConfUtils.java:logGet(46)) - raft.server.rpc.request.timeout = 60s (custom)
2023-09-07 20:30:54,896 [130456cf-e1b1-4e27-8a77-52f3e2c34494-groupManagement] INFO  server.RaftServerConfigKeys (ConfUtils.java:logGet(46)) - raft.server.log.appender.install.snapshot.enabled = false (custom)
2023-09-07 20:30:54,896 [130456cf-e1b1-4e27-8a77-52f3e2c34494-groupManagement] INFO  server.RaftServerConfigKeys (ConfUtils.java:logGet(46)) - raft.server.threadpool.server.cached = true (default)
2023-09-07 20:30:54,896 [130456cf-e1b1-4e27-8a77-52f3e2c34494-groupManagement] INFO  server.RaftServerConfigKeys (ConfUtils.java:logGet(46)) - raft.server.threadpool.server.size = 0 (default)
2023-09-07 20:30:54,896 [130456cf-e1b1-4e27-8a77-52f3e2c34494-groupManagement] INFO  server.RaftServerConfigKeys (ConfUtils.java:logGet(46)) - raft.server.threadpool.client.cached = true (default)
2023-09-07 20:30:54,896 [130456cf-e1b1-4e27-8a77-52f3e2c34494-groupManagement] INFO  server.RaftServerConfigKeys (ConfUtils.java:logGet(46)) - raft.server.threadpool.client.size = 0 (default)
2023-09-07 20:30:54,896 [130456cf-e1b1-4e27-8a77-52f3e2c34494-groupManagement] INFO  storage.RaftStorageDirectory (RaftStorageDirectoryImpl.java:analyzeStorage(137)) - The storage directory /home/runner/work/ozone/ozone/hadoop-ozone/integration-test/target/test-dir/MiniOzoneClusterImpl-7c3c5bdb-9f31-4157-923c-74528274ab7c/datanode-0/data/ratis/ff2a7f36-9fc5-4f31-a8fa-bba626da395f does not exist. Creating ...
2023-09-07 20:30:54,898 [130456cf-e1b1-4e27-8a77-52f3e2c34494-groupManagement] INFO  storage.RaftStorageDirectory (RaftStorageDirectoryImpl.java:tryLock(231)) - Lock on /home/runner/work/ozone/ozone/hadoop-ozone/integration-test/target/test-dir/MiniOzoneClusterImpl-7c3c5bdb-9f31-4157-923c-74528274ab7c/datanode-0/data/ratis/ff2a7f36-9fc5-4f31-a8fa-bba626da395f/in_use.lock acquired by nodename 7625@fv-az259-394
2023-09-07 20:30:54,900 [130456cf-e1b1-4e27-8a77-52f3e2c34494-groupManagement] INFO  storage.RaftStorage (RaftStorageImpl.java:format(96)) - Storage directory /home/runner/work/ozone/ozone/hadoop-ozone/integration-test/target/test-dir/MiniOzoneClusterImpl-7c3c5bdb-9f31-4157-923c-74528274ab7c/datanode-0/data/ratis/ff2a7f36-9fc5-4f31-a8fa-bba626da395f has been successfully formatted.
2023-09-07 20:30:54,900 [130456cf-e1b1-4e27-8a77-52f3e2c34494-groupManagement] INFO  ratis.ContainerStateMachine (ContainerStateMachine.java:loadSnapshot(262)) - group-BBA626DA395F: The snapshot info is null. Setting the last applied indexto:(t:0, i:~)
2023-09-07 20:30:54,900 [130456cf-e1b1-4e27-8a77-52f3e2c34494-groupManagement] INFO  server.RaftServerConfigKeys (ConfUtils.java:logGet(46)) - raft.server.log.use.memory = false (default)
2023-09-07 20:30:54,900 [130456cf-e1b1-4e27-8a77-52f3e2c34494-groupManagement] INFO  server.RaftServerConfigKeys (ConfUtils.java:logGet(46)) - raft.server.log.purge.gap = 1000000 (custom)
2023-09-07 20:30:54,901 [130456cf-e1b1-4e27-8a77-52f3e2c34494-groupManagement] INFO  server.RaftServerConfigKeys (ConfUtils.java:logGet(46)) - raft.server.log.appender.buffer.byte-limit = 33554432 (custom)
2023-09-07 20:30:54,901 [130456cf-e1b1-4e27-8a77-52f3e2c34494-groupManagement] INFO  server.RaftServerConfigKeys (ConfUtils.java:logGet(46)) - raft.server.log.statemachine.data.read.timeout = 1000ms (default)
2023-09-07 20:30:54,901 [130456cf-e1b1-4e27-8a77-52f3e2c34494-groupManagement] INFO  server.RaftServerConfigKeys (ConfUtils.java:logGet(46)) - raft.server.log.purge.preservation.log.num = 0 (default)
2023-09-07 20:30:54,901 [EventQueue-OpenPipelineForHealthyPipelineSafeModeRule] INFO  safemode.SCMSafeModeManager (HealthyPipelineSafeModeRule.java:process(137)) - SCM in safe mode. Healthy pipelines reported count is 0, required healthy pipeline reported count is 1
2023-09-07 20:30:54,901 [130456cf-e1b1-4e27-8a77-52f3e2c34494-groupManagement] INFO  server.RaftServerConfigKeys (ConfUtils.java:logGet(46)) - raft.server.log.segment.size.max = 1048576 (custom)
2023-09-07 20:30:54,902 [130456cf-e1b1-4e27-8a77-52f3e2c34494-groupManagement] INFO  server.RaftServerConfigKeys (ConfUtils.java:logGet(46)) - raft.server.log.segment.cache.num.max = 2 (custom)
2023-09-07 20:30:54,902 [130456cf-e1b1-4e27-8a77-52f3e2c34494-groupManagement] INFO  server.RaftServerConfigKeys (ConfUtils.java:logGet(46)) - raft.server.log.segment.cache.size.max = 200MB (=209715200) (default)
2023-09-07 20:30:54,902 [130456cf-e1b1-4e27-8a77-52f3e2c34494-groupManagement] INFO  server.RaftServerConfigKeys (ConfUtils.java:logGet(46)) - raft.server.log.appender.buffer.byte-limit = 33554432 (custom)
2023-09-07 20:30:54,902 [130456cf-e1b1-4e27-8a77-52f3e2c34494-groupManagement] INFO  segmented.SegmentedRaftLogWorker (SegmentedRaftLogWorker.java:<init>(188)) - new 130456cf-e1b1-4e27-8a77-52f3e2c34494@group-BBA626DA395F-SegmentedRaftLogWorker for RaftStorageImpl:Storage Directory /home/runner/work/ozone/ozone/hadoop-ozone/integration-test/target/test-dir/MiniOzoneClusterImpl-7c3c5bdb-9f31-4157-923c-74528274ab7c/datanode-0/data/ratis/ff2a7f36-9fc5-4f31-a8fa-bba626da395f
2023-09-07 20:30:54,902 [130456cf-e1b1-4e27-8a77-52f3e2c34494-groupManagement] INFO  server.RaftServerConfigKeys (ConfUtils.java:logGet(46)) - raft.server.log.queue.byte-limit = 4294967296 (custom)
2023-09-07 20:30:54,902 [130456cf-e1b1-4e27-8a77-52f3e2c34494-groupManagement] INFO  server.RaftServerConfigKeys (ConfUtils.java:logGet(46)) - raft.server.log.queue.element-limit = 1024 (custom)
2023-09-07 20:30:54,902 [130456cf-e1b1-4e27-8a77-52f3e2c34494-groupManagement] INFO  server.RaftServerConfigKeys (ConfUtils.java:logGet(46)) - raft.server.log.segment.size.max = 1048576 (custom)
2023-09-07 20:30:54,902 [130456cf-e1b1-4e27-8a77-52f3e2c34494-groupManagement] INFO  server.RaftServerConfigKeys (ConfUtils.java:logGet(46)) - raft.server.log.preallocated.size = 16384 (custom)
2023-09-07 20:30:54,902 [130456cf-e1b1-4e27-8a77-52f3e2c34494-groupManagement] INFO  server.RaftServerConfigKeys (ConfUtils.java:logGet(46)) - raft.server.log.force.sync.num = 128 (default)
2023-09-07 20:30:54,902 [130456cf-e1b1-4e27-8a77-52f3e2c34494-groupManagement] INFO  server.RaftServerConfigKeys (ConfUtils.java:logGet(46)) - raft.server.log.statemachine.data.sync = true (default)
2023-09-07 20:30:54,902 [130456cf-e1b1-4e27-8a77-52f3e2c34494-groupManagement] INFO  server.RaftServerConfigKeys (ConfUtils.java:logGet(46)) - raft.server.log.statemachine.data.sync.timeout = 10s (default)
2023-09-07 20:30:54,902 [130456cf-e1b1-4e27-8a77-52f3e2c34494-groupManagement] INFO  server.RaftServerConfigKeys (ConfUtils.java:logGet(46)) - raft.server.log.statemachine.data.sync.timeout.retry = -1 (default)
2023-09-07 20:30:54,903 [130456cf-e1b1-4e27-8a77-52f3e2c34494-groupManagement] INFO  server.RaftServerConfigKeys (ConfUtils.java:logGet(46)) - raft.server.log.write.buffer.size = 1048576 (custom)
2023-09-07 20:30:54,903 [130456cf-e1b1-4e27-8a77-52f3e2c34494-groupManagement] INFO  server.RaftServerConfigKeys (ConfUtils.java:logGet(46)) - raft.server.log.appender.buffer.byte-limit = 33554432 (custom)
2023-09-07 20:30:54,910 [130456cf-e1b1-4e27-8a77-52f3e2c34494-groupManagement] INFO  server.RaftServerConfigKeys (ConfUtils.java:logGet(46)) - raft.server.log.unsafe-flush.enabled = false (default)
2023-09-07 20:30:54,910 [130456cf-e1b1-4e27-8a77-52f3e2c34494-groupManagement] INFO  server.RaftServerConfigKeys (ConfUtils.java:logGet(46)) - raft.server.log.async-flush.enabled = false (default)
2023-09-07 20:30:54,910 [130456cf-e1b1-4e27-8a77-52f3e2c34494-groupManagement] INFO  server.RaftServerConfigKeys (ConfUtils.java:logGet(46)) - raft.server.log.statemachine.data.caching.enabled = true (custom)
2023-09-07 20:30:54,911 [130456cf-e1b1-4e27-8a77-52f3e2c34494-groupManagement] INFO  segmented.SegmentedRaftLogWorker (SegmentedRaftLogWorker.java:lambda$new$0(135)) - 130456cf-e1b1-4e27-8a77-52f3e2c34494@group-BBA626DA395F-SegmentedRaftLogWorker: flushIndex: setUnconditionally 0 -> -1
2023-09-07 20:30:54,911 [130456cf-e1b1-4e27-8a77-52f3e2c34494-groupManagement] INFO  segmented.SegmentedRaftLogWorker (SegmentedRaftLogWorker.java:lambda$new$0(135)) - 130456cf-e1b1-4e27-8a77-52f3e2c34494@group-BBA626DA395F-SegmentedRaftLogWorker: safeCacheEvictIndex: setUnconditionally 0 -> -1
2023-09-07 20:30:54,911 [130456cf-e1b1-4e27-8a77-52f3e2c34494-groupManagement] INFO  server.RaftServer$Division (RaftServerImpl.java:start(342)) - 130456cf-e1b1-4e27-8a77-52f3e2c34494@group-BBA626DA395F: start as a follower, conf=-1: peers:[a0cd6e17-3b90-4804-ab26-c3914b9665e9|rpc:10.1.0.11:15129|admin:10.1.0.11:15128|client:10.1.0.11:15127|dataStream:10.1.0.11:15130|priority:1|startupRole:FOLLOWER, 114a9516-507d-4df3-bbf0-358fc4f720dd|rpc:10.1.0.11:15138|admin:10.1.0.11:15137|client:10.1.0.11:15136|dataStream:10.1.0.11:15139|priority:0|startupRole:FOLLOWER, 130456cf-e1b1-4e27-8a77-52f3e2c34494|rpc:10.1.0.11:15120|admin:10.1.0.11:15119|client:10.1.0.11:15118|dataStream:10.1.0.11:15121|priority:0|startupRole:FOLLOWER]|listeners:[], old=null
2023-09-07 20:30:54,911 [130456cf-e1b1-4e27-8a77-52f3e2c34494-groupManagement] INFO  server.RaftServer$Division (RaftServerImpl.java:setRole(329)) - 130456cf-e1b1-4e27-8a77-52f3e2c34494@group-BBA626DA395F: changes role from      null to FOLLOWER at term 0 for startAsFollower
2023-09-07 20:30:54,911 [130456cf-e1b1-4e27-8a77-52f3e2c34494-groupManagement] INFO  impl.RoleInfo (RoleInfo.java:updateAndGet(139)) - 130456cf-e1b1-4e27-8a77-52f3e2c34494: start 130456cf-e1b1-4e27-8a77-52f3e2c34494@group-BBA626DA395F-FollowerState
2023-09-07 20:30:54,915 [130456cf-e1b1-4e27-8a77-52f3e2c34494-groupManagement] INFO  util.JmxRegister (JmxRegister.java:tryRegister(44)) - Successfully registered JMX Bean with object name Ratis:service=RaftServer,group=group-BBA626DA395F,id=130456cf-e1b1-4e27-8a77-52f3e2c34494
2023-09-07 20:30:54,915 [130456cf-e1b1-4e27-8a77-52f3e2c34494-groupManagement] INFO  server.RaftServerConfigKeys (ConfUtils.java:logGet(46)) - raft.server.snapshot.auto.trigger.enabled = true (custom)
2023-09-07 20:30:54,915 [130456cf-e1b1-4e27-8a77-52f3e2c34494-groupManagement] INFO  server.RaftServerConfigKeys (ConfUtils.java:logGet(46)) - raft.server.snapshot.auto.trigger.threshold = 10000 (custom)
2023-09-07 20:30:54,915 [130456cf-e1b1-4e27-8a77-52f3e2c34494-groupManagement] INFO  server.RaftServerConfigKeys (ConfUtils.java:logGet(46)) - raft.server.snapshot.retention.file.num = 5 (custom)
2023-09-07 20:30:54,915 [130456cf-e1b1-4e27-8a77-52f3e2c34494-groupManagement] INFO  server.RaftServerConfigKeys (ConfUtils.java:logGet(46)) - raft.server.log.purge.upto.snapshot.index = false (default)
2023-09-07 20:30:54,919 [130456cf-e1b1-4e27-8a77-52f3e2c34494@group-BBA626DA395F-FollowerState] INFO  server.RaftServerConfigKeys (ConfUtils.java:logFallback(53)) - raft.server.rpc.first-election.timeout.min = 5s (fallback to raft.server.rpc.timeout.min)
2023-09-07 20:30:54,919 [130456cf-e1b1-4e27-8a77-52f3e2c34494@group-BBA626DA395F-FollowerState] INFO  server.RaftServerConfigKeys (ConfUtils.java:logFallback(53)) - raft.server.rpc.first-election.timeout.max = 5200ms (fallback to raft.server.rpc.timeout.max)
2023-09-07 20:30:54,919 [PipelineCommandHandlerThread-0] INFO  ratis.XceiverServerRatis (XceiverServerRatis.java:addGroup(804)) - Created group PipelineID=ff2a7f36-9fc5-4f31-a8fa-bba626da395f
2023-09-07 20:30:54,938 [grpc-default-executor-0] INFO  server.RaftServer (RaftServerProxy.java:addNew(98)) - a0cd6e17-3b90-4804-ab26-c3914b9665e9: addNew group-BBA626DA395F:[a0cd6e17-3b90-4804-ab26-c3914b9665e9|rpc:10.1.0.11:15129|admin:10.1.0.11:15128|client:10.1.0.11:15127|dataStream:10.1.0.11:15130|priority:1|startupRole:FOLLOWER, 114a9516-507d-4df3-bbf0-358fc4f720dd|rpc:10.1.0.11:15138|admin:10.1.0.11:15137|client:10.1.0.11:15136|dataStream:10.1.0.11:15139|priority:0|startupRole:FOLLOWER, 130456cf-e1b1-4e27-8a77-52f3e2c34494|rpc:10.1.0.11:15120|admin:10.1.0.11:15119|client:10.1.0.11:15118|dataStream:10.1.0.11:15121|priority:0|startupRole:FOLLOWER] returns group-BBA626DA395F:java.util.concurrent.CompletableFuture@136562d7[Not completed]
2023-09-07 20:30:54,939 [a0cd6e17-3b90-4804-ab26-c3914b9665e9-groupManagement] INFO  server.RaftServer$Division (RaftServerImpl.java:<init>(198)) - a0cd6e17-3b90-4804-ab26-c3914b9665e9: new RaftServerImpl for group-BBA626DA395F:[a0cd6e17-3b90-4804-ab26-c3914b9665e9|rpc:10.1.0.11:15129|admin:10.1.0.11:15128|client:10.1.0.11:15127|dataStream:10.1.0.11:15130|priority:1|startupRole:FOLLOWER, 114a9516-507d-4df3-bbf0-358fc4f720dd|rpc:10.1.0.11:15138|admin:10.1.0.11:15137|client:10.1.0.11:15136|dataStream:10.1.0.11:15139|priority:0|startupRole:FOLLOWER, 130456cf-e1b1-4e27-8a77-52f3e2c34494|rpc:10.1.0.11:15120|admin:10.1.0.11:15119|client:10.1.0.11:15118|dataStream:10.1.0.11:15121|priority:0|startupRole:FOLLOWER] with ContainerStateMachine:uninitialized
2023-09-07 20:30:54,939 [a0cd6e17-3b90-4804-ab26-c3914b9665e9-groupManagement] INFO  server.RaftServerConfigKeys (ConfUtils.java:logGet(46)) - raft.server.rpc.timeout.min = 5s (custom)
2023-09-07 20:30:54,939 [a0cd6e17-3b90-4804-ab26-c3914b9665e9-groupManagement] INFO  server.RaftServerConfigKeys (ConfUtils.java:logGet(46)) - raft.server.rpc.timeout.max = 5200ms (custom)
2023-09-07 20:30:54,939 [a0cd6e17-3b90-4804-ab26-c3914b9665e9-groupManagement] INFO  server.RaftServerConfigKeys (ConfUtils.java:logGet(46)) - raft.server.rpc.sleep.time = 25ms (default)
2023-09-07 20:30:54,940 [a0cd6e17-3b90-4804-ab26-c3914b9665e9-groupManagement] INFO  server.RaftServerConfigKeys (ConfUtils.java:logGet(46)) - raft.server.rpc.slowness.timeout = 300s (custom)
2023-09-07 20:30:54,940 [a0cd6e17-3b90-4804-ab26-c3914b9665e9-groupManagement] INFO  server.RaftServerConfigKeys (ConfUtils.java:logGet(46)) - raft.server.leaderelection.leader.step-down.wait-time = 10s (default)
2023-09-07 20:30:54,940 [a0cd6e17-3b90-4804-ab26-c3914b9665e9-groupManagement] INFO  server.RaftServerConfigKeys (ConfUtils.java:logGet(46)) - raft.server.sleep.deviation.threshold = 300ms (default)
2023-09-07 20:30:54,940 [a0cd6e17-3b90-4804-ab26-c3914b9665e9-groupManagement] INFO  server.RaftServer$Division (ServerState.java:<init>(120)) - a0cd6e17-3b90-4804-ab26-c3914b9665e9@group-BBA626DA395F: ConfigurationManager, init=-1: peers:[a0cd6e17-3b90-4804-ab26-c3914b9665e9|rpc:10.1.0.11:15129|admin:10.1.0.11:15128|client:10.1.0.11:15127|dataStream:10.1.0.11:15130|priority:1|startupRole:FOLLOWER, 114a9516-507d-4df3-bbf0-358fc4f720dd|rpc:10.1.0.11:15138|admin:10.1.0.11:15137|client:10.1.0.11:15136|dataStream:10.1.0.11:15139|priority:0|startupRole:FOLLOWER, 130456cf-e1b1-4e27-8a77-52f3e2c34494|rpc:10.1.0.11:15120|admin:10.1.0.11:15119|client:10.1.0.11:15118|dataStream:10.1.0.11:15121|priority:0|startupRole:FOLLOWER]|listeners:[], old=null, confs=<EMPTY_MAP>
2023-09-07 20:30:54,940 [a0cd6e17-3b90-4804-ab26-c3914b9665e9-groupManagement] INFO  server.RaftServerConfigKeys (ConfUtils.java:logGet(46)) - raft.server.storage.dir = [/home/runner/work/ozone/ozone/hadoop-ozone/integration-test/target/test-dir/MiniOzoneClusterImpl-7c3c5bdb-9f31-4157-923c-74528274ab7c/datanode-1/data/ratis] (custom)
2023-09-07 20:30:54,940 [a0cd6e17-3b90-4804-ab26-c3914b9665e9-groupManagement] INFO  server.RaftServerConfigKeys (ConfUtils.java:logGet(46)) - raft.server.log.corruption.policy = EXCEPTION (default)
2023-09-07 20:30:54,940 [a0cd6e17-3b90-4804-ab26-c3914b9665e9-groupManagement] INFO  server.RaftServerConfigKeys (ConfUtils.java:logGet(46)) - raft.server.storage.free-space.min = 0MB (=0) (default)
2023-09-07 20:30:54,940 [a0cd6e17-3b90-4804-ab26-c3914b9665e9-groupManagement] INFO  server.RaftServerConfigKeys (ConfUtils.java:logGet(46)) - raft.server.notification.no-leader.timeout = 300s (custom)
2023-09-07 20:30:54,940 [a0cd6e17-3b90-4804-ab26-c3914b9665e9-groupManagement] INFO  server.RaftServerConfigKeys (ConfUtils.java:logGet(46)) - raft.server.read.timeout = 10s (default)
2023-09-07 20:30:54,940 [a0cd6e17-3b90-4804-ab26-c3914b9665e9-groupManagement] INFO  server.RaftServerConfigKeys (ConfUtils.java:logGet(46)) - raft.server.retrycache.expirytime = 600000ms (custom)
2023-09-07 20:30:54,941 [a0cd6e17-3b90-4804-ab26-c3914b9665e9-groupManagement] INFO  server.RaftServerConfigKeys (ConfUtils.java:logGet(46)) - raft.server.retrycache.statistics.expirytime = 100μs (default)
2023-09-07 20:30:54,941 [a0cd6e17-3b90-4804-ab26-c3914b9665e9-groupManagement] INFO  server.RaftServerConfigKeys (ConfUtils.java:logGet(46)) - raft.server.read.option = DEFAULT (default)
2023-09-07 20:30:54,942 [a0cd6e17-3b90-4804-ab26-c3914b9665e9-groupManagement] INFO  server.RaftServerConfigKeys (ConfUtils.java:logGet(46)) - raft.server.rpc.request.timeout = 60s (custom)
2023-09-07 20:30:54,942 [a0cd6e17-3b90-4804-ab26-c3914b9665e9-groupManagement] INFO  server.RaftServerConfigKeys (ConfUtils.java:logGet(46)) - raft.server.log.appender.install.snapshot.enabled = false (custom)
2023-09-07 20:30:54,942 [a0cd6e17-3b90-4804-ab26-c3914b9665e9-groupManagement] INFO  server.RaftServerConfigKeys (ConfUtils.java:logGet(46)) - raft.server.threadpool.server.cached = true (default)
2023-09-07 20:30:54,943 [a0cd6e17-3b90-4804-ab26-c3914b9665e9-groupManagement] INFO  server.RaftServerConfigKeys (ConfUtils.java:logGet(46)) - raft.server.threadpool.server.size = 0 (default)
2023-09-07 20:30:54,943 [a0cd6e17-3b90-4804-ab26-c3914b9665e9-groupManagement] INFO  server.RaftServerConfigKeys (ConfUtils.java:logGet(46)) - raft.server.threadpool.client.cached = true (default)
2023-09-07 20:30:54,943 [a0cd6e17-3b90-4804-ab26-c3914b9665e9-groupManagement] INFO  server.RaftServerConfigKeys (ConfUtils.java:logGet(46)) - raft.server.threadpool.client.size = 0 (default)
2023-09-07 20:30:54,943 [a0cd6e17-3b90-4804-ab26-c3914b9665e9-groupManagement] INFO  storage.RaftStorageDirectory (RaftStorageDirectoryImpl.java:analyzeStorage(137)) - The storage directory /home/runner/work/ozone/ozone/hadoop-ozone/integration-test/target/test-dir/MiniOzoneClusterImpl-7c3c5bdb-9f31-4157-923c-74528274ab7c/datanode-1/data/ratis/ff2a7f36-9fc5-4f31-a8fa-bba626da395f does not exist. Creating ...
2023-09-07 20:30:54,948 [a0cd6e17-3b90-4804-ab26-c3914b9665e9-groupManagement] INFO  storage.RaftStorageDirectory (RaftStorageDirectoryImpl.java:tryLock(231)) - Lock on /home/runner/work/ozone/ozone/hadoop-ozone/integration-test/target/test-dir/MiniOzoneClusterImpl-7c3c5bdb-9f31-4157-923c-74528274ab7c/datanode-1/data/ratis/ff2a7f36-9fc5-4f31-a8fa-bba626da395f/in_use.lock acquired by nodename 7625@fv-az259-394
2023-09-07 20:30:54,949 [a0cd6e17-3b90-4804-ab26-c3914b9665e9-groupManagement] INFO  storage.RaftStorage (RaftStorageImpl.java:format(96)) - Storage directory /home/runner/work/ozone/ozone/hadoop-ozone/integration-test/target/test-dir/MiniOzoneClusterImpl-7c3c5bdb-9f31-4157-923c-74528274ab7c/datanode-1/data/ratis/ff2a7f36-9fc5-4f31-a8fa-bba626da395f has been successfully formatted.
2023-09-07 20:30:54,952 [a0cd6e17-3b90-4804-ab26-c3914b9665e9-groupManagement] INFO  ratis.ContainerStateMachine (ContainerStateMachine.java:loadSnapshot(262)) - group-BBA626DA395F: The snapshot info is null. Setting the last applied indexto:(t:0, i:~)
2023-09-07 20:30:54,952 [a0cd6e17-3b90-4804-ab26-c3914b9665e9-groupManagement] INFO  server.RaftServerConfigKeys (ConfUtils.java:logGet(46)) - raft.server.log.use.memory = false (default)
2023-09-07 20:30:54,953 [a0cd6e17-3b90-4804-ab26-c3914b9665e9-groupManagement] INFO  server.RaftServerConfigKeys (ConfUtils.java:logGet(46)) - raft.server.log.purge.gap = 1000000 (custom)
2023-09-07 20:30:54,953 [a0cd6e17-3b90-4804-ab26-c3914b9665e9-groupManagement] INFO  server.RaftServerConfigKeys (ConfUtils.java:logGet(46)) - raft.server.log.appender.buffer.byte-limit = 33554432 (custom)
2023-09-07 20:30:54,953 [a0cd6e17-3b90-4804-ab26-c3914b9665e9-groupManagement] INFO  server.RaftServerConfigKeys (ConfUtils.java:logGet(46)) - raft.server.log.statemachine.data.read.timeout = 1000ms (default)
2023-09-07 20:30:54,953 [a0cd6e17-3b90-4804-ab26-c3914b9665e9-groupManagement] INFO  server.RaftServerConfigKeys (ConfUtils.java:logGet(46)) - raft.server.log.purge.preservation.log.num = 0 (default)
2023-09-07 20:30:54,953 [a0cd6e17-3b90-4804-ab26-c3914b9665e9-groupManagement] INFO  server.RaftServerConfigKeys (ConfUtils.java:logGet(46)) - raft.server.log.segment.size.max = 1048576 (custom)
2023-09-07 20:30:54,953 [a0cd6e17-3b90-4804-ab26-c3914b9665e9-groupManagement] INFO  server.RaftServerConfigKeys (ConfUtils.java:logGet(46)) - raft.server.log.segment.cache.num.max = 2 (custom)
2023-09-07 20:30:54,953 [a0cd6e17-3b90-4804-ab26-c3914b9665e9-groupManagement] INFO  server.RaftServerConfigKeys (ConfUtils.java:logGet(46)) - raft.server.log.segment.cache.size.max = 200MB (=209715200) (default)
2023-09-07 20:30:54,954 [a0cd6e17-3b90-4804-ab26-c3914b9665e9-groupManagement] INFO  server.RaftServerConfigKeys (ConfUtils.java:logGet(46)) - raft.server.log.appender.buffer.byte-limit = 33554432 (custom)
2023-09-07 20:30:54,954 [a0cd6e17-3b90-4804-ab26-c3914b9665e9-groupManagement] INFO  segmented.SegmentedRaftLogWorker (SegmentedRaftLogWorker.java:<init>(188)) - new a0cd6e17-3b90-4804-ab26-c3914b9665e9@group-BBA626DA395F-SegmentedRaftLogWorker for RaftStorageImpl:Storage Directory /home/runner/work/ozone/ozone/hadoop-ozone/integration-test/target/test-dir/MiniOzoneClusterImpl-7c3c5bdb-9f31-4157-923c-74528274ab7c/datanode-1/data/ratis/ff2a7f36-9fc5-4f31-a8fa-bba626da395f
2023-09-07 20:30:54,954 [a0cd6e17-3b90-4804-ab26-c3914b9665e9-groupManagement] INFO  server.RaftServerConfigKeys (ConfUtils.java:logGet(46)) - raft.server.log.queue.byte-limit = 4294967296 (custom)
2023-09-07 20:30:54,954 [a0cd6e17-3b90-4804-ab26-c3914b9665e9-groupManagement] INFO  server.RaftServerConfigKeys (ConfUtils.java:logGet(46)) - raft.server.log.queue.element-limit = 1024 (custom)
2023-09-07 20:30:54,954 [a0cd6e17-3b90-4804-ab26-c3914b9665e9-groupManagement] INFO  server.RaftServerConfigKeys (ConfUtils.java:logGet(46)) - raft.server.log.segment.size.max = 1048576 (custom)
2023-09-07 20:30:54,954 [a0cd6e17-3b90-4804-ab26-c3914b9665e9-groupManagement] INFO  server.RaftServerConfigKeys (ConfUtils.java:logGet(46)) - raft.server.log.preallocated.size = 16384 (custom)
2023-09-07 20:30:54,954 [a0cd6e17-3b90-4804-ab26-c3914b9665e9-groupManagement] INFO  server.RaftServerConfigKeys (ConfUtils.java:logGet(46)) - raft.server.log.force.sync.num = 128 (default)
2023-09-07 20:30:54,954 [a0cd6e17-3b90-4804-ab26-c3914b9665e9-groupManagement] INFO  server.RaftServerConfigKeys (ConfUtils.java:logGet(46)) - raft.server.log.statemachine.data.sync = true (default)
2023-09-07 20:30:54,954 [a0cd6e17-3b90-4804-ab26-c3914b9665e9-groupManagement] INFO  server.RaftServerConfigKeys (ConfUtils.java:logGet(46)) - raft.server.log.statemachine.data.sync.timeout = 10s (default)
2023-09-07 20:30:54,954 [a0cd6e17-3b90-4804-ab26-c3914b9665e9-groupManagement] INFO  server.RaftServerConfigKeys (ConfUtils.java:logGet(46)) - raft.server.log.statemachine.data.sync.timeout.retry = -1 (default)
2023-09-07 20:30:54,955 [a0cd6e17-3b90-4804-ab26-c3914b9665e9-groupManagement] INFO  server.RaftServerConfigKeys (ConfUtils.java:logGet(46)) - raft.server.log.write.buffer.size = 1048576 (custom)
2023-09-07 20:30:54,955 [a0cd6e17-3b90-4804-ab26-c3914b9665e9-groupManagement] INFO  server.RaftServerConfigKeys (ConfUtils.java:logGet(46)) - raft.server.log.appender.buffer.byte-limit = 33554432 (custom)
2023-09-07 20:30:54,961 [a0cd6e17-3b90-4804-ab26-c3914b9665e9-groupManagement] INFO  server.RaftServerConfigKeys (ConfUtils.java:logGet(46)) - raft.server.log.unsafe-flush.enabled = false (default)
2023-09-07 20:30:54,962 [a0cd6e17-3b90-4804-ab26-c3914b9665e9-groupManagement] INFO  server.RaftServerConfigKeys (ConfUtils.java:logGet(46)) - raft.server.log.async-flush.enabled = false (default)
2023-09-07 20:30:54,962 [a0cd6e17-3b90-4804-ab26-c3914b9665e9-groupManagement] INFO  server.RaftServerConfigKeys (ConfUtils.java:logGet(46)) - raft.server.log.statemachine.data.caching.enabled = true (custom)
2023-09-07 20:30:54,962 [a0cd6e17-3b90-4804-ab26-c3914b9665e9-groupManagement] INFO  segmented.SegmentedRaftLogWorker (SegmentedRaftLogWorker.java:lambda$new$0(135)) - a0cd6e17-3b90-4804-ab26-c3914b9665e9@group-BBA626DA395F-SegmentedRaftLogWorker: flushIndex: setUnconditionally 0 -> -1
2023-09-07 20:30:54,962 [a0cd6e17-3b90-4804-ab26-c3914b9665e9-groupManagement] INFO  segmented.SegmentedRaftLogWorker (SegmentedRaftLogWorker.java:lambda$new$0(135)) - a0cd6e17-3b90-4804-ab26-c3914b9665e9@group-BBA626DA395F-SegmentedRaftLogWorker: safeCacheEvictIndex: setUnconditionally 0 -> -1
2023-09-07 20:30:54,963 [a0cd6e17-3b90-4804-ab26-c3914b9665e9-groupManagement] INFO  server.RaftServer$Division (RaftServerImpl.java:start(342)) - a0cd6e17-3b90-4804-ab26-c3914b9665e9@group-BBA626DA395F: start as a follower, conf=-1: peers:[a0cd6e17-3b90-4804-ab26-c3914b9665e9|rpc:10.1.0.11:15129|admin:10.1.0.11:15128|client:10.1.0.11:15127|dataStream:10.1.0.11:15130|priority:1|startupRole:FOLLOWER, 114a9516-507d-4df3-bbf0-358fc4f720dd|rpc:10.1.0.11:15138|admin:10.1.0.11:15137|client:10.1.0.11:15136|dataStream:10.1.0.11:15139|priority:0|startupRole:FOLLOWER, 130456cf-e1b1-4e27-8a77-52f3e2c34494|rpc:10.1.0.11:15120|admin:10.1.0.11:15119|client:10.1.0.11:15118|dataStream:10.1.0.11:15121|priority:0|startupRole:FOLLOWER]|listeners:[], old=null
2023-09-07 20:30:54,963 [a0cd6e17-3b90-4804-ab26-c3914b9665e9-groupManagement] INFO  server.RaftServer$Division (RaftServerImpl.java:setRole(329)) - a0cd6e17-3b90-4804-ab26-c3914b9665e9@group-BBA626DA395F: changes role from      null to FOLLOWER at term 0 for startAsFollower
2023-09-07 20:30:54,963 [a0cd6e17-3b90-4804-ab26-c3914b9665e9-groupManagement] INFO  impl.RoleInfo (RoleInfo.java:updateAndGet(139)) - a0cd6e17-3b90-4804-ab26-c3914b9665e9: start a0cd6e17-3b90-4804-ab26-c3914b9665e9@group-BBA626DA395F-FollowerState
2023-09-07 20:30:54,963 [a0cd6e17-3b90-4804-ab26-c3914b9665e9-groupManagement] INFO  util.JmxRegister (JmxRegister.java:tryRegister(44)) - Successfully registered JMX Bean with object name Ratis:service=RaftServer,group=group-BBA626DA395F,id=a0cd6e17-3b90-4804-ab26-c3914b9665e9
2023-09-07 20:30:54,963 [a0cd6e17-3b90-4804-ab26-c3914b9665e9-groupManagement] INFO  server.RaftServerConfigKeys (ConfUtils.java:logGet(46)) - raft.server.snapshot.auto.trigger.enabled = true (custom)
2023-09-07 20:30:54,963 [a0cd6e17-3b90-4804-ab26-c3914b9665e9-groupManagement] INFO  server.RaftServerConfigKeys (ConfUtils.java:logGet(46)) - raft.server.snapshot.auto.trigger.threshold = 10000 (custom)
2023-09-07 20:30:54,964 [a0cd6e17-3b90-4804-ab26-c3914b9665e9-groupManagement] INFO  server.RaftServerConfigKeys (ConfUtils.java:logGet(46)) - raft.server.snapshot.retention.file.num = 5 (custom)
2023-09-07 20:30:54,964 [a0cd6e17-3b90-4804-ab26-c3914b9665e9-groupManagement] INFO  server.RaftServerConfigKeys (ConfUtils.java:logGet(46)) - raft.server.log.purge.upto.snapshot.index = false (default)
2023-09-07 20:30:54,965 [a0cd6e17-3b90-4804-ab26-c3914b9665e9@group-BBA626DA395F-FollowerState] INFO  server.RaftServerConfigKeys (ConfUtils.java:logFallback(53)) - raft.server.rpc.first-election.timeout.min = 5s (fallback to raft.server.rpc.timeout.min)
2023-09-07 20:30:54,965 [a0cd6e17-3b90-4804-ab26-c3914b9665e9@group-BBA626DA395F-FollowerState] INFO  server.RaftServerConfigKeys (ConfUtils.java:logFallback(53)) - raft.server.rpc.first-election.timeout.max = 5200ms (fallback to raft.server.rpc.timeout.max)
2023-09-07 20:30:55,019 [grpc-default-executor-0] INFO  server.RaftServer (RaftServerProxy.java:addNew(98)) - 114a9516-507d-4df3-bbf0-358fc4f720dd: addNew group-BBA626DA395F:[a0cd6e17-3b90-4804-ab26-c3914b9665e9|rpc:10.1.0.11:15129|admin:10.1.0.11:15128|client:10.1.0.11:15127|dataStream:10.1.0.11:15130|priority:1|startupRole:FOLLOWER, 114a9516-507d-4df3-bbf0-358fc4f720dd|rpc:10.1.0.11:15138|admin:10.1.0.11:15137|client:10.1.0.11:15136|dataStream:10.1.0.11:15139|priority:0|startupRole:FOLLOWER, 130456cf-e1b1-4e27-8a77-52f3e2c34494|rpc:10.1.0.11:15120|admin:10.1.0.11:15119|client:10.1.0.11:15118|dataStream:10.1.0.11:15121|priority:0|startupRole:FOLLOWER] returns group-BBA626DA395F:java.util.concurrent.CompletableFuture@536d873b[Not completed]
2023-09-07 20:30:55,024 [114a9516-507d-4df3-bbf0-358fc4f720dd-groupManagement] INFO  server.RaftServer$Division (RaftServerImpl.java:<init>(198)) - 114a9516-507d-4df3-bbf0-358fc4f720dd: new RaftServerImpl for group-BBA626DA395F:[a0cd6e17-3b90-4804-ab26-c3914b9665e9|rpc:10.1.0.11:15129|admin:10.1.0.11:15128|client:10.1.0.11:15127|dataStream:10.1.0.11:15130|priority:1|startupRole:FOLLOWER, 114a9516-507d-4df3-bbf0-358fc4f720dd|rpc:10.1.0.11:15138|admin:10.1.0.11:15137|client:10.1.0.11:15136|dataStream:10.1.0.11:15139|priority:0|startupRole:FOLLOWER, 130456cf-e1b1-4e27-8a77-52f3e2c34494|rpc:10.1.0.11:15120|admin:10.1.0.11:15119|client:10.1.0.11:15118|dataStream:10.1.0.11:15121|priority:0|startupRole:FOLLOWER] with ContainerStateMachine:uninitialized
2023-09-07 20:30:55,024 [114a9516-507d-4df3-bbf0-358fc4f720dd-groupManagement] INFO  server.RaftServerConfigKeys (ConfUtils.java:logGet(46)) - raft.server.rpc.timeout.min = 5s (custom)
2023-09-07 20:30:55,024 [114a9516-507d-4df3-bbf0-358fc4f720dd-groupManagement] INFO  server.RaftServerConfigKeys (ConfUtils.java:logGet(46)) - raft.server.rpc.timeout.max = 5200ms (custom)
2023-09-07 20:30:55,024 [114a9516-507d-4df3-bbf0-358fc4f720dd-groupManagement] INFO  server.RaftServerConfigKeys (ConfUtils.java:logGet(46)) - raft.server.rpc.sleep.time = 25ms (default)
2023-09-07 20:30:55,024 [114a9516-507d-4df3-bbf0-358fc4f720dd-groupManagement] INFO  server.RaftServerConfigKeys (ConfUtils.java:logGet(46)) - raft.server.rpc.slowness.timeout = 300s (custom)
2023-09-07 20:30:55,024 [114a9516-507d-4df3-bbf0-358fc4f720dd-groupManagement] INFO  server.RaftServerConfigKeys (ConfUtils.java:logGet(46)) - raft.server.leaderelection.leader.step-down.wait-time = 10s (default)
2023-09-07 20:30:55,025 [114a9516-507d-4df3-bbf0-358fc4f720dd-groupManagement] INFO  server.RaftServerConfigKeys (ConfUtils.java:logGet(46)) - raft.server.sleep.deviation.threshold = 300ms (default)
2023-09-07 20:30:55,025 [114a9516-507d-4df3-bbf0-358fc4f720dd-groupManagement] INFO  server.RaftServer$Division (ServerState.java:<init>(120)) - 114a9516-507d-4df3-bbf0-358fc4f720dd@group-BBA626DA395F: ConfigurationManager, init=-1: peers:[a0cd6e17-3b90-4804-ab26-c3914b9665e9|rpc:10.1.0.11:15129|admin:10.1.0.11:15128|client:10.1.0.11:15127|dataStream:10.1.0.11:15130|priority:1|startupRole:FOLLOWER, 114a9516-507d-4df3-bbf0-358fc4f720dd|rpc:10.1.0.11:15138|admin:10.1.0.11:15137|client:10.1.0.11:15136|dataStream:10.1.0.11:15139|priority:0|startupRole:FOLLOWER, 130456cf-e1b1-4e27-8a77-52f3e2c34494|rpc:10.1.0.11:15120|admin:10.1.0.11:15119|client:10.1.0.11:15118|dataStream:10.1.0.11:15121|priority:0|startupRole:FOLLOWER]|listeners:[], old=null, confs=<EMPTY_MAP>
2023-09-07 20:30:55,025 [114a9516-507d-4df3-bbf0-358fc4f720dd-groupManagement] INFO  server.RaftServerConfigKeys (ConfUtils.java:logGet(46)) - raft.server.storage.dir = [/home/runner/work/ozone/ozone/hadoop-ozone/integration-test/target/test-dir/MiniOzoneClusterImpl-7c3c5bdb-9f31-4157-923c-74528274ab7c/datanode-2/data/ratis] (custom)
2023-09-07 20:30:55,025 [114a9516-507d-4df3-bbf0-358fc4f720dd-groupManagement] INFO  server.RaftServerConfigKeys (ConfUtils.java:logGet(46)) - raft.server.log.corruption.policy = EXCEPTION (default)
2023-09-07 20:30:55,025 [114a9516-507d-4df3-bbf0-358fc4f720dd-groupManagement] INFO  server.RaftServerConfigKeys (ConfUtils.java:logGet(46)) - raft.server.storage.free-space.min = 0MB (=0) (default)
2023-09-07 20:30:55,025 [114a9516-507d-4df3-bbf0-358fc4f720dd-groupManagement] INFO  server.RaftServerConfigKeys (ConfUtils.java:logGet(46)) - raft.server.notification.no-leader.timeout = 300s (custom)
2023-09-07 20:30:55,025 [114a9516-507d-4df3-bbf0-358fc4f720dd-groupManagement] INFO  server.RaftServerConfigKeys (ConfUtils.java:logGet(46)) - raft.server.read.timeout = 10s (default)
2023-09-07 20:30:55,025 [114a9516-507d-4df3-bbf0-358fc4f720dd-groupManagement] INFO  server.RaftServerConfigKeys (ConfUtils.java:logGet(46)) - raft.server.retrycache.expirytime = 600000ms (custom)
2023-09-07 20:30:55,025 [114a9516-507d-4df3-bbf0-358fc4f720dd-groupManagement] INFO  server.RaftServerConfigKeys (ConfUtils.java:logGet(46)) - raft.server.retrycache.statistics.expirytime = 100μs (default)
2023-09-07 20:30:55,029 [114a9516-507d-4df3-bbf0-358fc4f720dd-groupManagement] INFO  server.RaftServerConfigKeys (ConfUtils.java:logGet(46)) - raft.server.read.option = DEFAULT (default)
2023-09-07 20:30:55,030 [114a9516-507d-4df3-bbf0-358fc4f720dd-groupManagement] INFO  server.RaftServerConfigKeys (ConfUtils.java:logGet(46)) - raft.server.rpc.request.timeout = 60s (custom)
2023-09-07 20:30:55,030 [114a9516-507d-4df3-bbf0-358fc4f720dd-groupManagement] INFO  server.RaftServerConfigKeys (ConfUtils.java:logGet(46)) - raft.server.log.appender.install.snapshot.enabled = false (custom)
2023-09-07 20:30:55,030 [114a9516-507d-4df3-bbf0-358fc4f720dd-groupManagement] INFO  server.RaftServerConfigKeys (ConfUtils.java:logGet(46)) - raft.server.threadpool.server.cached = true (default)
2023-09-07 20:30:55,030 [114a9516-507d-4df3-bbf0-358fc4f720dd-groupManagement] INFO  server.RaftServerConfigKeys (ConfUtils.java:logGet(46)) - raft.server.threadpool.server.size = 0 (default)
2023-09-07 20:30:55,030 [114a9516-507d-4df3-bbf0-358fc4f720dd-groupManagement] INFO  server.RaftServerConfigKeys (ConfUtils.java:logGet(46)) - raft.server.threadpool.client.cached = true (default)
2023-09-07 20:30:55,030 [114a9516-507d-4df3-bbf0-358fc4f720dd-groupManagement] INFO  server.RaftServerConfigKeys (ConfUtils.java:logGet(46)) - raft.server.threadpool.client.size = 0 (default)
2023-09-07 20:30:55,030 [114a9516-507d-4df3-bbf0-358fc4f720dd-groupManagement] INFO  storage.RaftStorageDirectory (RaftStorageDirectoryImpl.java:analyzeStorage(137)) - The storage directory /home/runner/work/ozone/ozone/hadoop-ozone/integration-test/target/test-dir/MiniOzoneClusterImpl-7c3c5bdb-9f31-4157-923c-74528274ab7c/datanode-2/data/ratis/ff2a7f36-9fc5-4f31-a8fa-bba626da395f does not exist. Creating ...
2023-09-07 20:30:55,032 [114a9516-507d-4df3-bbf0-358fc4f720dd-groupManagement] INFO  storage.RaftStorageDirectory (RaftStorageDirectoryImpl.java:tryLock(231)) - Lock on /home/runner/work/ozone/ozone/hadoop-ozone/integration-test/target/test-dir/MiniOzoneClusterImpl-7c3c5bdb-9f31-4157-923c-74528274ab7c/datanode-2/data/ratis/ff2a7f36-9fc5-4f31-a8fa-bba626da395f/in_use.lock acquired by nodename 7625@fv-az259-394
2023-09-07 20:30:55,033 [114a9516-507d-4df3-bbf0-358fc4f720dd-groupManagement] INFO  storage.RaftStorage (RaftStorageImpl.java:format(96)) - Storage directory /home/runner/work/ozone/ozone/hadoop-ozone/integration-test/target/test-dir/MiniOzoneClusterImpl-7c3c5bdb-9f31-4157-923c-74528274ab7c/datanode-2/data/ratis/ff2a7f36-9fc5-4f31-a8fa-bba626da395f has been successfully formatted.
2023-09-07 20:30:55,036 [114a9516-507d-4df3-bbf0-358fc4f720dd-groupManagement] INFO  ratis.ContainerStateMachine (ContainerStateMachine.java:loadSnapshot(262)) - group-BBA626DA395F: The snapshot info is null. Setting the last applied indexto:(t:0, i:~)
2023-09-07 20:30:55,036 [114a9516-507d-4df3-bbf0-358fc4f720dd-groupManagement] INFO  server.RaftServerConfigKeys (ConfUtils.java:logGet(46)) - raft.server.log.use.memory = false (default)
2023-09-07 20:30:55,036 [114a9516-507d-4df3-bbf0-358fc4f720dd-groupManagement] INFO  server.RaftServerConfigKeys (ConfUtils.java:logGet(46)) - raft.server.log.purge.gap = 1000000 (custom)
2023-09-07 20:30:55,036 [114a9516-507d-4df3-bbf0-358fc4f720dd-groupManagement] INFO  server.RaftServerConfigKeys (ConfUtils.java:logGet(46)) - raft.server.log.appender.buffer.byte-limit = 33554432 (custom)
2023-09-07 20:30:55,036 [114a9516-507d-4df3-bbf0-358fc4f720dd-groupManagement] INFO  server.RaftServerConfigKeys (ConfUtils.java:logGet(46)) - raft.server.log.statemachine.data.read.timeout = 1000ms (default)
2023-09-07 20:30:55,036 [114a9516-507d-4df3-bbf0-358fc4f720dd-groupManagement] INFO  server.RaftServerConfigKeys (ConfUtils.java:logGet(46)) - raft.server.log.purge.preservation.log.num = 0 (default)
2023-09-07 20:30:55,037 [114a9516-507d-4df3-bbf0-358fc4f720dd-groupManagement] INFO  server.RaftServerConfigKeys (ConfUtils.java:logGet(46)) - raft.server.log.segment.size.max = 1048576 (custom)
2023-09-07 20:30:55,037 [114a9516-507d-4df3-bbf0-358fc4f720dd-groupManagement] INFO  server.RaftServerConfigKeys (ConfUtils.java:logGet(46)) - raft.server.log.segment.cache.num.max = 2 (custom)
2023-09-07 20:30:55,037 [114a9516-507d-4df3-bbf0-358fc4f720dd-groupManagement] INFO  server.RaftServerConfigKeys (ConfUtils.java:logGet(46)) - raft.server.log.segment.cache.size.max = 200MB (=209715200) (default)
2023-09-07 20:30:55,037 [114a9516-507d-4df3-bbf0-358fc4f720dd-groupManagement] INFO  server.RaftServerConfigKeys (ConfUtils.java:logGet(46)) - raft.server.log.appender.buffer.byte-limit = 33554432 (custom)
2023-09-07 20:30:55,037 [114a9516-507d-4df3-bbf0-358fc4f720dd-groupManagement] INFO  segmented.SegmentedRaftLogWorker (SegmentedRaftLogWorker.java:<init>(188)) - new 114a9516-507d-4df3-bbf0-358fc4f720dd@group-BBA626DA395F-SegmentedRaftLogWorker for RaftStorageImpl:Storage Directory /home/runner/work/ozone/ozone/hadoop-ozone/integration-test/target/test-dir/MiniOzoneClusterImpl-7c3c5bdb-9f31-4157-923c-74528274ab7c/datanode-2/data/ratis/ff2a7f36-9fc5-4f31-a8fa-bba626da395f
2023-09-07 20:30:55,037 [114a9516-507d-4df3-bbf0-358fc4f720dd-groupManagement] INFO  server.RaftServerConfigKeys (ConfUtils.java:logGet(46)) - raft.server.log.queue.byte-limit = 4294967296 (custom)
2023-09-07 20:30:55,037 [114a9516-507d-4df3-bbf0-358fc4f720dd-groupManagement] INFO  server.RaftServerConfigKeys (ConfUtils.java:logGet(46)) - raft.server.log.queue.element-limit = 1024 (custom)
2023-09-07 20:30:55,037 [114a9516-507d-4df3-bbf0-358fc4f720dd-groupManagement] INFO  server.RaftServerConfigKeys (ConfUtils.java:logGet(46)) - raft.server.log.segment.size.max = 1048576 (custom)
2023-09-07 20:30:55,037 [114a9516-507d-4df3-bbf0-358fc4f720dd-groupManagement] INFO  server.RaftServerConfigKeys (ConfUtils.java:logGet(46)) - raft.server.log.preallocated.size = 16384 (custom)
2023-09-07 20:30:55,037 [114a9516-507d-4df3-bbf0-358fc4f720dd-groupManagement] INFO  server.RaftServerConfigKeys (ConfUtils.java:logGet(46)) - raft.server.log.force.sync.num = 128 (default)
2023-09-07 20:30:55,038 [114a9516-507d-4df3-bbf0-358fc4f720dd-groupManagement] INFO  server.RaftServerConfigKeys (ConfUtils.java:logGet(46)) - raft.server.log.statemachine.data.sync = true (default)
2023-09-07 20:30:55,038 [114a9516-507d-4df3-bbf0-358fc4f720dd-groupManagement] INFO  server.RaftServerConfigKeys (ConfUtils.java:logGet(46)) - raft.server.log.statemachine.data.sync.timeout = 10s (default)
2023-09-07 20:30:55,038 [114a9516-507d-4df3-bbf0-358fc4f720dd-groupManagement] INFO  server.RaftServerConfigKeys (ConfUtils.java:logGet(46)) - raft.server.log.statemachine.data.sync.timeout.retry = -1 (default)
2023-09-07 20:30:55,041 [114a9516-507d-4df3-bbf0-358fc4f720dd-groupManagement] INFO  server.RaftServerConfigKeys (ConfUtils.java:logGet(46)) - raft.server.log.write.buffer.size = 1048576 (custom)
2023-09-07 20:30:55,042 [114a9516-507d-4df3-bbf0-358fc4f720dd-groupManagement] INFO  server.RaftServerConfigKeys (ConfUtils.java:logGet(46)) - raft.server.log.appender.buffer.byte-limit = 33554432 (custom)
2023-09-07 20:30:55,048 [114a9516-507d-4df3-bbf0-358fc4f720dd-groupManagement] INFO  server.RaftServerConfigKeys (ConfUtils.java:logGet(46)) - raft.server.log.unsafe-flush.enabled = false (default)
2023-09-07 20:30:55,048 [114a9516-507d-4df3-bbf0-358fc4f720dd-groupManagement] INFO  server.RaftServerConfigKeys (ConfUtils.java:logGet(46)) - raft.server.log.async-flush.enabled = false (default)
2023-09-07 20:30:55,048 [114a9516-507d-4df3-bbf0-358fc4f720dd-groupManagement] INFO  server.RaftServerConfigKeys (ConfUtils.java:logGet(46)) - raft.server.log.statemachine.data.caching.enabled = true (custom)
2023-09-07 20:30:55,048 [114a9516-507d-4df3-bbf0-358fc4f720dd-groupManagement] INFO  segmented.SegmentedRaftLogWorker (SegmentedRaftLogWorker.java:lambda$new$0(135)) - 114a9516-507d-4df3-bbf0-358fc4f720dd@group-BBA626DA395F-SegmentedRaftLogWorker: flushIndex: setUnconditionally 0 -> -1
2023-09-07 20:30:55,049 [114a9516-507d-4df3-bbf0-358fc4f720dd-groupManagement] INFO  segmented.SegmentedRaftLogWorker (SegmentedRaftLogWorker.java:lambda$new$0(135)) - 114a9516-507d-4df3-bbf0-358fc4f720dd@group-BBA626DA395F-SegmentedRaftLogWorker: safeCacheEvictIndex: setUnconditionally 0 -> -1
2023-09-07 20:30:55,055 [114a9516-507d-4df3-bbf0-358fc4f720dd-groupManagement] INFO  server.RaftServer$Division (RaftServerImpl.java:start(342)) - 114a9516-507d-4df3-bbf0-358fc4f720dd@group-BBA626DA395F: start as a follower, conf=-1: peers:[a0cd6e17-3b90-4804-ab26-c3914b9665e9|rpc:10.1.0.11:15129|admin:10.1.0.11:15128|client:10.1.0.11:15127|dataStream:10.1.0.11:15130|priority:1|startupRole:FOLLOWER, 114a9516-507d-4df3-bbf0-358fc4f720dd|rpc:10.1.0.11:15138|admin:10.1.0.11:15137|client:10.1.0.11:15136|dataStream:10.1.0.11:15139|priority:0|startupRole:FOLLOWER, 130456cf-e1b1-4e27-8a77-52f3e2c34494|rpc:10.1.0.11:15120|admin:10.1.0.11:15119|client:10.1.0.11:15118|dataStream:10.1.0.11:15121|priority:0|startupRole:FOLLOWER]|listeners:[], old=null
2023-09-07 20:30:55,055 [114a9516-507d-4df3-bbf0-358fc4f720dd-groupManagement] INFO  server.RaftServer$Division (RaftServerImpl.java:setRole(329)) - 114a9516-507d-4df3-bbf0-358fc4f720dd@group-BBA626DA395F: changes role from      null to FOLLOWER at term 0 for startAsFollower
2023-09-07 20:30:55,056 [114a9516-507d-4df3-bbf0-358fc4f720dd-groupManagement] INFO  impl.RoleInfo (RoleInfo.java:updateAndGet(139)) - 114a9516-507d-4df3-bbf0-358fc4f720dd: start 114a9516-507d-4df3-bbf0-358fc4f720dd@group-BBA626DA395F-FollowerState
2023-09-07 20:30:55,056 [114a9516-507d-4df3-bbf0-358fc4f720dd-groupManagement] INFO  util.JmxRegister (JmxRegister.java:tryRegister(44)) - Successfully registered JMX Bean with object name Ratis:service=RaftServer,group=group-BBA626DA395F,id=114a9516-507d-4df3-bbf0-358fc4f720dd
2023-09-07 20:30:55,056 [114a9516-507d-4df3-bbf0-358fc4f720dd-groupManagement] INFO  server.RaftServerConfigKeys (ConfUtils.java:logGet(46)) - raft.server.snapshot.auto.trigger.enabled = true (custom)
2023-09-07 20:30:55,056 [114a9516-507d-4df3-bbf0-358fc4f720dd-groupManagement] INFO  server.RaftServerConfigKeys (ConfUtils.java:logGet(46)) - raft.server.snapshot.auto.trigger.threshold = 10000 (custom)
2023-09-07 20:30:55,056 [114a9516-507d-4df3-bbf0-358fc4f720dd-groupManagement] INFO  server.RaftServerConfigKeys (ConfUtils.java:logGet(46)) - raft.server.snapshot.retention.file.num = 5 (custom)
2023-09-07 20:30:55,056 [114a9516-507d-4df3-bbf0-358fc4f720dd-groupManagement] INFO  server.RaftServerConfigKeys (ConfUtils.java:logGet(46)) - raft.server.log.purge.upto.snapshot.index = false (default)
2023-09-07 20:30:55,057 [114a9516-507d-4df3-bbf0-358fc4f720dd@group-BBA626DA395F-FollowerState] INFO  server.RaftServerConfigKeys (ConfUtils.java:logFallback(53)) - raft.server.rpc.first-election.timeout.min = 5s (fallback to raft.server.rpc.timeout.min)
2023-09-07 20:30:55,057 [114a9516-507d-4df3-bbf0-358fc4f720dd@group-BBA626DA395F-FollowerState] INFO  server.RaftServerConfigKeys (ConfUtils.java:logFallback(53)) - raft.server.rpc.first-election.timeout.max = 5200ms (fallback to raft.server.rpc.timeout.max)
2023-09-07 20:30:55,095 [PipelineCommandHandlerThread-0] INFO  commandhandler.CreatePipelineCommandHandler (CreatePipelineCommandHandler.java:lambda$handle$2(124)) - Created Pipeline RATIS THREE PipelineID=ff2a7f36-9fc5-4f31-a8fa-bba626da395f.
2023-09-07 20:30:55,096 [PipelineCommandHandlerThread-0] INFO  server.RaftServer (RaftServerProxy.java:addNew(98)) - 130456cf-e1b1-4e27-8a77-52f3e2c34494: addNew group-7300A7E366F1:[a0cd6e17-3b90-4804-ab26-c3914b9665e9|rpc:10.1.0.11:15129|admin:10.1.0.11:15128|client:10.1.0.11:15127|dataStream:10.1.0.11:15130|priority:0|startupRole:FOLLOWER, 114a9516-507d-4df3-bbf0-358fc4f720dd|rpc:10.1.0.11:15138|admin:10.1.0.11:15137|client:10.1.0.11:15136|dataStream:10.1.0.11:15139|priority:1|startupRole:FOLLOWER, 130456cf-e1b1-4e27-8a77-52f3e2c34494|rpc:10.1.0.11:15120|admin:10.1.0.11:15119|client:10.1.0.11:15118|dataStream:10.1.0.11:15121|priority:0|startupRole:FOLLOWER] returns group-7300A7E366F1:java.util.concurrent.CompletableFuture@2c7d4471[Not completed]
2023-09-07 20:30:55,097 [130456cf-e1b1-4e27-8a77-52f3e2c34494-groupManagement] INFO  server.RaftServer$Division (RaftServerImpl.java:<init>(198)) - 130456cf-e1b1-4e27-8a77-52f3e2c34494: new RaftServerImpl for group-7300A7E366F1:[a0cd6e17-3b90-4804-ab26-c3914b9665e9|rpc:10.1.0.11:15129|admin:10.1.0.11:15128|client:10.1.0.11:15127|dataStream:10.1.0.11:15130|priority:0|startupRole:FOLLOWER, 114a9516-507d-4df3-bbf0-358fc4f720dd|rpc:10.1.0.11:15138|admin:10.1.0.11:15137|client:10.1.0.11:15136|dataStream:10.1.0.11:15139|priority:1|startupRole:FOLLOWER, 130456cf-e1b1-4e27-8a77-52f3e2c34494|rpc:10.1.0.11:15120|admin:10.1.0.11:15119|client:10.1.0.11:15118|dataStream:10.1.0.11:15121|priority:0|startupRole:FOLLOWER] with ContainerStateMachine:uninitialized
2023-09-07 20:30:55,097 [130456cf-e1b1-4e27-8a77-52f3e2c34494-groupManagement] INFO  server.RaftServerConfigKeys (ConfUtils.java:logGet(46)) - raft.server.rpc.timeout.min = 5s (custom)
2023-09-07 20:30:55,097 [130456cf-e1b1-4e27-8a77-52f3e2c34494-groupManagement] INFO  server.RaftServerConfigKeys (ConfUtils.java:logGet(46)) - raft.server.rpc.timeout.max = 5200ms (custom)
2023-09-07 20:30:55,097 [130456cf-e1b1-4e27-8a77-52f3e2c34494-groupManagement] INFO  server.RaftServerConfigKeys (ConfUtils.java:logGet(46)) - raft.server.rpc.sleep.time = 25ms (default)
2023-09-07 20:30:55,097 [130456cf-e1b1-4e27-8a77-52f3e2c34494-groupManagement] INFO  server.RaftServerConfigKeys (ConfUtils.java:logGet(46)) - raft.server.rpc.slowness.timeout = 300s (custom)
2023-09-07 20:30:55,097 [130456cf-e1b1-4e27-8a77-52f3e2c34494-groupManagement] INFO  server.RaftServerConfigKeys (ConfUtils.java:logGet(46)) - raft.server.leaderelection.leader.step-down.wait-time = 10s (default)
2023-09-07 20:30:55,097 [130456cf-e1b1-4e27-8a77-52f3e2c34494-groupManagement] INFO  server.RaftServerConfigKeys (ConfUtils.java:logGet(46)) - raft.server.sleep.deviation.threshold = 300ms (default)
2023-09-07 20:30:55,097 [130456cf-e1b1-4e27-8a77-52f3e2c34494-groupManagement] INFO  server.RaftServer$Division (ServerState.java:<init>(120)) - 130456cf-e1b1-4e27-8a77-52f3e2c34494@group-7300A7E366F1: ConfigurationManager, init=-1: peers:[a0cd6e17-3b90-4804-ab26-c3914b9665e9|rpc:10.1.0.11:15129|admin:10.1.0.11:15128|client:10.1.0.11:15127|dataStream:10.1.0.11:15130|priority:0|startupRole:FOLLOWER, 114a9516-507d-4df3-bbf0-358fc4f720dd|rpc:10.1.0.11:15138|admin:10.1.0.11:15137|client:10.1.0.11:15136|dataStream:10.1.0.11:15139|priority:1|startupRole:FOLLOWER, 130456cf-e1b1-4e27-8a77-52f3e2c34494|rpc:10.1.0.11:15120|admin:10.1.0.11:15119|client:10.1.0.11:15118|dataStream:10.1.0.11:15121|priority:0|startupRole:FOLLOWER]|listeners:[], old=null, confs=<EMPTY_MAP>
2023-09-07 20:30:55,097 [130456cf-e1b1-4e27-8a77-52f3e2c34494-groupManagement] INFO  server.RaftServerConfigKeys (ConfUtils.java:logGet(46)) - raft.server.storage.dir = [/home/runner/work/ozone/ozone/hadoop-ozone/integration-test/target/test-dir/MiniOzoneClusterImpl-7c3c5bdb-9f31-4157-923c-74528274ab7c/datanode-0/data/ratis] (custom)
2023-09-07 20:30:55,097 [130456cf-e1b1-4e27-8a77-52f3e2c34494-groupManagement] INFO  server.RaftServerConfigKeys (ConfUtils.java:logGet(46)) - raft.server.log.corruption.policy = EXCEPTION (default)
2023-09-07 20:30:55,097 [130456cf-e1b1-4e27-8a77-52f3e2c34494-groupManagement] INFO  server.RaftServerConfigKeys (ConfUtils.java:logGet(46)) - raft.server.storage.free-space.min = 0MB (=0) (default)
2023-09-07 20:30:55,098 [130456cf-e1b1-4e27-8a77-52f3e2c34494-groupManagement] INFO  server.RaftServerConfigKeys (ConfUtils.java:logGet(46)) - raft.server.notification.no-leader.timeout = 300s (custom)
2023-09-07 20:30:55,098 [130456cf-e1b1-4e27-8a77-52f3e2c34494-groupManagement] INFO  server.RaftServerConfigKeys (ConfUtils.java:logGet(46)) - raft.server.read.timeout = 10s (default)
2023-09-07 20:30:55,098 [130456cf-e1b1-4e27-8a77-52f3e2c34494-groupManagement] INFO  server.RaftServerConfigKeys (ConfUtils.java:logGet(46)) - raft.server.retrycache.expirytime = 600000ms (custom)
2023-09-07 20:30:55,098 [130456cf-e1b1-4e27-8a77-52f3e2c34494-groupManagement] INFO  server.RaftServerConfigKeys (ConfUtils.java:logGet(46)) - raft.server.retrycache.statistics.expirytime = 100μs (default)
2023-09-07 20:30:55,098 [130456cf-e1b1-4e27-8a77-52f3e2c34494-groupManagement] INFO  server.RaftServerConfigKeys (ConfUtils.java:logGet(46)) - raft.server.read.option = DEFAULT (default)
2023-09-07 20:30:55,099 [130456cf-e1b1-4e27-8a77-52f3e2c34494-groupManagement] INFO  server.RaftServerConfigKeys (ConfUtils.java:logGet(46)) - raft.server.rpc.request.timeout = 60s (custom)
2023-09-07 20:30:55,099 [130456cf-e1b1-4e27-8a77-52f3e2c34494-groupManagement] INFO  server.RaftServerConfigKeys (ConfUtils.java:logGet(46)) - raft.server.log.appender.install.snapshot.enabled = false (custom)
2023-09-07 20:30:55,099 [130456cf-e1b1-4e27-8a77-52f3e2c34494-groupManagement] INFO  server.RaftServerConfigKeys (ConfUtils.java:logGet(46)) - raft.server.threadpool.server.cached = true (default)
2023-09-07 20:30:55,099 [130456cf-e1b1-4e27-8a77-52f3e2c34494-groupManagement] INFO  server.RaftServerConfigKeys (ConfUtils.java:logGet(46)) - raft.server.threadpool.server.size = 0 (default)
2023-09-07 20:30:55,099 [130456cf-e1b1-4e27-8a77-52f3e2c34494-groupManagement] INFO  server.RaftServerConfigKeys (ConfUtils.java:logGet(46)) - raft.server.threadpool.client.cached = true (default)
2023-09-07 20:30:55,099 [130456cf-e1b1-4e27-8a77-52f3e2c34494-groupManagement] INFO  server.RaftServerConfigKeys (ConfUtils.java:logGet(46)) - raft.server.threadpool.client.size = 0 (default)
2023-09-07 20:30:55,099 [130456cf-e1b1-4e27-8a77-52f3e2c34494-groupManagement] INFO  storage.RaftStorageDirectory (RaftStorageDirectoryImpl.java:analyzeStorage(137)) - The storage directory /home/runner/work/ozone/ozone/hadoop-ozone/integration-test/target/test-dir/MiniOzoneClusterImpl-7c3c5bdb-9f31-4157-923c-74528274ab7c/datanode-0/data/ratis/04b25058-46e3-42ed-aa21-7300a7e366f1 does not exist. Creating ...
2023-09-07 20:30:55,101 [130456cf-e1b1-4e27-8a77-52f3e2c34494-groupManagement] INFO  storage.RaftStorageDirectory (RaftStorageDirectoryImpl.java:tryLock(231)) - Lock on /home/runner/work/ozone/ozone/hadoop-ozone/integration-test/target/test-dir/MiniOzoneClusterImpl-7c3c5bdb-9f31-4157-923c-74528274ab7c/datanode-0/data/ratis/04b25058-46e3-42ed-aa21-7300a7e366f1/in_use.lock acquired by nodename 7625@fv-az259-394
2023-09-07 20:30:55,103 [130456cf-e1b1-4e27-8a77-52f3e2c34494-groupManagement] INFO  storage.RaftStorage (RaftStorageImpl.java:format(96)) - Storage directory /home/runner/work/ozone/ozone/hadoop-ozone/integration-test/target/test-dir/MiniOzoneClusterImpl-7c3c5bdb-9f31-4157-923c-74528274ab7c/datanode-0/data/ratis/04b25058-46e3-42ed-aa21-7300a7e366f1 has been successfully formatted.
2023-09-07 20:30:55,103 [130456cf-e1b1-4e27-8a77-52f3e2c34494-groupManagement] INFO  ratis.ContainerStateMachine (ContainerStateMachine.java:loadSnapshot(262)) - group-7300A7E366F1: The snapshot info is null. Setting the last applied indexto:(t:0, i:~)
2023-09-07 20:30:55,103 [130456cf-e1b1-4e27-8a77-52f3e2c34494-groupManagement] INFO  server.RaftServerConfigKeys (ConfUtils.java:logGet(46)) - raft.server.log.use.memory = false (default)
2023-09-07 20:30:55,103 [130456cf-e1b1-4e27-8a77-52f3e2c34494-groupManagement] INFO  server.RaftServerConfigKeys (ConfUtils.java:logGet(46)) - raft.server.log.purge.gap = 1000000 (custom)
2023-09-07 20:30:55,104 [130456cf-e1b1-4e27-8a77-52f3e2c34494-groupManagement] INFO  server.RaftServerConfigKeys (ConfUtils.java:logGet(46)) - raft.server.log.appender.buffer.byte-limit = 33554432 (custom)
2023-09-07 20:30:55,104 [130456cf-e1b1-4e27-8a77-52f3e2c34494-groupManagement] INFO  server.RaftServerConfigKeys (ConfUtils.java:logGet(46)) - raft.server.log.statemachine.data.read.timeout = 1000ms (default)
2023-09-07 20:30:55,104 [130456cf-e1b1-4e27-8a77-52f3e2c34494-groupManagement] INFO  server.RaftServerConfigKeys (ConfUtils.java:logGet(46)) - raft.server.log.purge.preservation.log.num = 0 (default)
2023-09-07 20:30:55,104 [130456cf-e1b1-4e27-8a77-52f3e2c34494-groupManagement] INFO  server.RaftServerConfigKeys (ConfUtils.java:logGet(46)) - raft.server.log.segment.size.max = 1048576 (custom)
2023-09-07 20:30:55,104 [EventQueue-OpenPipelineForHealthyPipelineSafeModeRule] INFO  safemode.SCMSafeModeManager (HealthyPipelineSafeModeRule.java:process(137)) - SCM in safe mode. Healthy pipelines reported count is 0, required healthy pipeline reported count is 1
2023-09-07 20:30:55,104 [130456cf-e1b1-4e27-8a77-52f3e2c34494-groupManagement] INFO  server.RaftServerConfigKeys (ConfUtils.java:logGet(46)) - raft.server.log.segment.cache.num.max = 2 (custom)
2023-09-07 20:30:55,104 [130456cf-e1b1-4e27-8a77-52f3e2c34494-groupManagement] INFO  server.RaftServerConfigKeys (ConfUtils.java:logGet(46)) - raft.server.log.segment.cache.size.max = 200MB (=209715200) (default)
2023-09-07 20:30:55,104 [130456cf-e1b1-4e27-8a77-52f3e2c34494-groupManagement] INFO  server.RaftServerConfigKeys (ConfUtils.java:logGet(46)) - raft.server.log.appender.buffer.byte-limit = 33554432 (custom)
2023-09-07 20:30:55,105 [130456cf-e1b1-4e27-8a77-52f3e2c34494-groupManagement] INFO  segmented.SegmentedRaftLogWorker (SegmentedRaftLogWorker.java:<init>(188)) - new 130456cf-e1b1-4e27-8a77-52f3e2c34494@group-7300A7E366F1-SegmentedRaftLogWorker for RaftStorageImpl:Storage Directory /home/runner/work/ozone/ozone/hadoop-ozone/integration-test/target/test-dir/MiniOzoneClusterImpl-7c3c5bdb-9f31-4157-923c-74528274ab7c/datanode-0/data/ratis/04b25058-46e3-42ed-aa21-7300a7e366f1
2023-09-07 20:30:55,105 [130456cf-e1b1-4e27-8a77-52f3e2c34494-groupManagement] INFO  server.RaftServerConfigKeys (ConfUtils.java:logGet(46)) - raft.server.log.queue.byte-limit = 4294967296 (custom)
2023-09-07 20:30:55,105 [130456cf-e1b1-4e27-8a77-52f3e2c34494-groupManagement] INFO  server.RaftServerConfigKeys (ConfUtils.java:logGet(46)) - raft.server.log.queue.element-limit = 1024 (custom)
2023-09-07 20:30:55,105 [130456cf-e1b1-4e27-8a77-52f3e2c34494-groupManagement] INFO  server.RaftServerConfigKeys (ConfUtils.java:logGet(46)) - raft.server.log.segment.size.max = 1048576 (custom)
2023-09-07 20:30:55,105 [130456cf-e1b1-4e27-8a77-52f3e2c34494-groupManagement] INFO  server.RaftServerConfigKeys (ConfUtils.java:logGet(46)) - raft.server.log.preallocated.size = 16384 (custom)
2023-09-07 20:30:55,105 [130456cf-e1b1-4e27-8a77-52f3e2c34494-groupManagement] INFO  server.RaftServerConfigKeys (ConfUtils.java:logGet(46)) - raft.server.log.force.sync.num = 128 (default)
2023-09-07 20:30:55,105 [130456cf-e1b1-4e27-8a77-52f3e2c34494-groupManagement] INFO  server.RaftServerConfigKeys (ConfUtils.java:logGet(46)) - raft.server.log.statemachine.data.sync = true (default)
2023-09-07 20:30:55,105 [130456cf-e1b1-4e27-8a77-52f3e2c34494-groupManagement] INFO  server.RaftServerConfigKeys (ConfUtils.java:logGet(46)) - raft.server.log.statemachine.data.sync.timeout = 10s (default)
2023-09-07 20:30:55,105 [130456cf-e1b1-4e27-8a77-52f3e2c34494-groupManagement] INFO  server.RaftServerConfigKeys (ConfUtils.java:logGet(46)) - raft.server.log.statemachine.data.sync.timeout.retry = -1 (default)
2023-09-07 20:30:55,106 [130456cf-e1b1-4e27-8a77-52f3e2c34494-groupManagement] INFO  server.RaftServerConfigKeys (ConfUtils.java:logGet(46)) - raft.server.log.write.buffer.size = 1048576 (custom)
2023-09-07 20:30:55,106 [130456cf-e1b1-4e27-8a77-52f3e2c34494-groupManagement] INFO  server.RaftServerConfigKeys (ConfUtils.java:logGet(46)) - raft.server.log.appender.buffer.byte-limit = 33554432 (custom)
2023-09-07 20:30:55,115 [130456cf-e1b1-4e27-8a77-52f3e2c34494-groupManagement] INFO  server.RaftServerConfigKeys (ConfUtils.java:logGet(46)) - raft.server.log.unsafe-flush.enabled = false (default)
2023-09-07 20:30:55,115 [130456cf-e1b1-4e27-8a77-52f3e2c34494-groupManagement] INFO  server.RaftServerConfigKeys (ConfUtils.java:logGet(46)) - raft.server.log.async-flush.enabled = false (default)
2023-09-07 20:30:55,115 [130456cf-e1b1-4e27-8a77-52f3e2c34494-groupManagement] INFO  server.RaftServerConfigKeys (ConfUtils.java:logGet(46)) - raft.server.log.statemachine.data.caching.enabled = true (custom)
2023-09-07 20:30:55,115 [130456cf-e1b1-4e27-8a77-52f3e2c34494-groupManagement] INFO  segmented.SegmentedRaftLogWorker (SegmentedRaftLogWorker.java:lambda$new$0(135)) - 130456cf-e1b1-4e27-8a77-52f3e2c34494@group-7300A7E366F1-SegmentedRaftLogWorker: flushIndex: setUnconditionally 0 -> -1
2023-09-07 20:30:55,115 [130456cf-e1b1-4e27-8a77-52f3e2c34494-groupManagement] INFO  segmented.SegmentedRaftLogWorker (SegmentedRaftLogWorker.java:lambda$new$0(135)) - 130456cf-e1b1-4e27-8a77-52f3e2c34494@group-7300A7E366F1-SegmentedRaftLogWorker: safeCacheEvictIndex: setUnconditionally 0 -> -1
2023-09-07 20:30:55,116 [130456cf-e1b1-4e27-8a77-52f3e2c34494-groupManagement] INFO  server.RaftServer$Division (RaftServerImpl.java:start(342)) - 130456cf-e1b1-4e27-8a77-52f3e2c34494@group-7300A7E366F1: start as a follower, conf=-1: peers:[a0cd6e17-3b90-4804-ab26-c3914b9665e9|rpc:10.1.0.11:15129|admin:10.1.0.11:15128|client:10.1.0.11:15127|dataStream:10.1.0.11:15130|priority:0|startupRole:FOLLOWER, 114a9516-507d-4df3-bbf0-358fc4f720dd|rpc:10.1.0.11:15138|admin:10.1.0.11:15137|client:10.1.0.11:15136|dataStream:10.1.0.11:15139|priority:1|startupRole:FOLLOWER, 130456cf-e1b1-4e27-8a77-52f3e2c34494|rpc:10.1.0.11:15120|admin:10.1.0.11:15119|client:10.1.0.11:15118|dataStream:10.1.0.11:15121|priority:0|startupRole:FOLLOWER]|listeners:[], old=null
2023-09-07 20:30:55,116 [130456cf-e1b1-4e27-8a77-52f3e2c34494-groupManagement] INFO  server.RaftServer$Division (RaftServerImpl.java:setRole(329)) - 130456cf-e1b1-4e27-8a77-52f3e2c34494@group-7300A7E366F1: changes role from      null to FOLLOWER at term 0 for startAsFollower
2023-09-07 20:30:55,116 [130456cf-e1b1-4e27-8a77-52f3e2c34494-groupManagement] INFO  impl.RoleInfo (RoleInfo.java:updateAndGet(139)) - 130456cf-e1b1-4e27-8a77-52f3e2c34494: start 130456cf-e1b1-4e27-8a77-52f3e2c34494@group-7300A7E366F1-FollowerState
2023-09-07 20:30:55,116 [130456cf-e1b1-4e27-8a77-52f3e2c34494-groupManagement] INFO  util.JmxRegister (JmxRegister.java:tryRegister(44)) - Successfully registered JMX Bean with object name Ratis:service=RaftServer,group=group-7300A7E366F1,id=130456cf-e1b1-4e27-8a77-52f3e2c34494
2023-09-07 20:30:55,116 [130456cf-e1b1-4e27-8a77-52f3e2c34494-groupManagement] INFO  server.RaftServerConfigKeys (ConfUtils.java:logGet(46)) - raft.server.snapshot.auto.trigger.enabled = true (custom)
2023-09-07 20:30:55,116 [130456cf-e1b1-4e27-8a77-52f3e2c34494-groupManagement] INFO  server.RaftServerConfigKeys (ConfUtils.java:logGet(46)) - raft.server.snapshot.auto.trigger.threshold = 10000 (custom)
2023-09-07 20:30:55,116 [130456cf-e1b1-4e27-8a77-52f3e2c34494-groupManagement] INFO  server.RaftServerConfigKeys (ConfUtils.java:logGet(46)) - raft.server.snapshot.retention.file.num = 5 (custom)
2023-09-07 20:30:55,117 [130456cf-e1b1-4e27-8a77-52f3e2c34494-groupManagement] INFO  server.RaftServerConfigKeys (ConfUtils.java:logGet(46)) - raft.server.log.purge.upto.snapshot.index = false (default)
2023-09-07 20:30:55,117 [130456cf-e1b1-4e27-8a77-52f3e2c34494@group-7300A7E366F1-FollowerState] INFO  server.RaftServerConfigKeys (ConfUtils.java:logFallback(53)) - raft.server.rpc.first-election.timeout.min = 5s (fallback to raft.server.rpc.timeout.min)
2023-09-07 20:30:55,117 [130456cf-e1b1-4e27-8a77-52f3e2c34494@group-7300A7E366F1-FollowerState] INFO  server.RaftServerConfigKeys (ConfUtils.java:logFallback(53)) - raft.server.rpc.first-election.timeout.max = 5200ms (fallback to raft.server.rpc.timeout.max)
2023-09-07 20:30:55,117 [PipelineCommandHandlerThread-0] INFO  ratis.XceiverServerRatis (XceiverServerRatis.java:addGroup(804)) - Created group PipelineID=04b25058-46e3-42ed-aa21-7300a7e366f1
2023-09-07 20:30:55,130 [grpc-default-executor-0] INFO  server.RaftServer (RaftServerProxy.java:addNew(98)) - 114a9516-507d-4df3-bbf0-358fc4f720dd: addNew group-7300A7E366F1:[a0cd6e17-3b90-4804-ab26-c3914b9665e9|rpc:10.1.0.11:15129|admin:10.1.0.11:15128|client:10.1.0.11:15127|dataStream:10.1.0.11:15130|priority:0|startupRole:FOLLOWER, 114a9516-507d-4df3-bbf0-358fc4f720dd|rpc:10.1.0.11:15138|admin:10.1.0.11:15137|client:10.1.0.11:15136|dataStream:10.1.0.11:15139|priority:1|startupRole:FOLLOWER, 130456cf-e1b1-4e27-8a77-52f3e2c34494|rpc:10.1.0.11:15120|admin:10.1.0.11:15119|client:10.1.0.11:15118|dataStream:10.1.0.11:15121|priority:0|startupRole:FOLLOWER] returns group-7300A7E366F1:java.util.concurrent.CompletableFuture@6b2d40f9[Not completed]
2023-09-07 20:30:55,131 [114a9516-507d-4df3-bbf0-358fc4f720dd-groupManagement] INFO  server.RaftServer$Division (RaftServerImpl.java:<init>(198)) - 114a9516-507d-4df3-bbf0-358fc4f720dd: new RaftServerImpl for group-7300A7E366F1:[a0cd6e17-3b90-4804-ab26-c3914b9665e9|rpc:10.1.0.11:15129|admin:10.1.0.11:15128|client:10.1.0.11:15127|dataStream:10.1.0.11:15130|priority:0|startupRole:FOLLOWER, 114a9516-507d-4df3-bbf0-358fc4f720dd|rpc:10.1.0.11:15138|admin:10.1.0.11:15137|client:10.1.0.11:15136|dataStream:10.1.0.11:15139|priority:1|startupRole:FOLLOWER, 130456cf-e1b1-4e27-8a77-52f3e2c34494|rpc:10.1.0.11:15120|admin:10.1.0.11:15119|client:10.1.0.11:15118|dataStream:10.1.0.11:15121|priority:0|startupRole:FOLLOWER] with ContainerStateMachine:uninitialized
2023-09-07 20:30:55,131 [114a9516-507d-4df3-bbf0-358fc4f720dd-groupManagement] INFO  server.RaftServerConfigKeys (ConfUtils.java:logGet(46)) - raft.server.rpc.timeout.min = 5s (custom)
2023-09-07 20:30:55,131 [114a9516-507d-4df3-bbf0-358fc4f720dd-groupManagement] INFO  server.RaftServerConfigKeys (ConfUtils.java:logGet(46)) - raft.server.rpc.timeout.max = 5200ms (custom)
2023-09-07 20:30:55,131 [114a9516-507d-4df3-bbf0-358fc4f720dd-groupManagement] INFO  server.RaftServerConfigKeys (ConfUtils.java:logGet(46)) - raft.server.rpc.sleep.time = 25ms (default)
2023-09-07 20:30:55,131 [114a9516-507d-4df3-bbf0-358fc4f720dd-groupManagement] INFO  server.RaftServerConfigKeys (ConfUtils.java:logGet(46)) - raft.server.rpc.slowness.timeout = 300s (custom)
2023-09-07 20:30:55,131 [114a9516-507d-4df3-bbf0-358fc4f720dd-groupManagement] INFO  server.RaftServerConfigKeys (ConfUtils.java:logGet(46)) - raft.server.leaderelection.leader.step-down.wait-time = 10s (default)
2023-09-07 20:30:55,131 [114a9516-507d-4df3-bbf0-358fc4f720dd-groupManagement] INFO  server.RaftServerConfigKeys (ConfUtils.java:logGet(46)) - raft.server.sleep.deviation.threshold = 300ms (default)
2023-09-07 20:30:55,131 [114a9516-507d-4df3-bbf0-358fc4f720dd-groupManagement] INFO  server.RaftServer$Division (ServerState.java:<init>(120)) - 114a9516-507d-4df3-bbf0-358fc4f720dd@group-7300A7E366F1: ConfigurationManager, init=-1: peers:[a0cd6e17-3b90-4804-ab26-c3914b9665e9|rpc:10.1.0.11:15129|admin:10.1.0.11:15128|client:10.1.0.11:15127|dataStream:10.1.0.11:15130|priority:0|startupRole:FOLLOWER, 114a9516-507d-4df3-bbf0-358fc4f720dd|rpc:10.1.0.11:15138|admin:10.1.0.11:15137|client:10.1.0.11:15136|dataStream:10.1.0.11:15139|priority:1|startupRole:FOLLOWER, 130456cf-e1b1-4e27-8a77-52f3e2c34494|rpc:10.1.0.11:15120|admin:10.1.0.11:15119|client:10.1.0.11:15118|dataStream:10.1.0.11:15121|priority:0|startupRole:FOLLOWER]|listeners:[], old=null, confs=<EMPTY_MAP>
2023-09-07 20:30:55,131 [114a9516-507d-4df3-bbf0-358fc4f720dd-groupManagement] INFO  server.RaftServerConfigKeys (ConfUtils.java:logGet(46)) - raft.server.storage.dir = [/home/runner/work/ozone/ozone/hadoop-ozone/integration-test/target/test-dir/MiniOzoneClusterImpl-7c3c5bdb-9f31-4157-923c-74528274ab7c/datanode-2/data/ratis] (custom)
2023-09-07 20:30:55,132 [114a9516-507d-4df3-bbf0-358fc4f720dd-groupManagement] INFO  server.RaftServerConfigKeys (ConfUtils.java:logGet(46)) - raft.server.log.corruption.policy = EXCEPTION (default)
2023-09-07 20:30:55,132 [114a9516-507d-4df3-bbf0-358fc4f720dd-groupManagement] INFO  server.RaftServerConfigKeys (ConfUtils.java:logGet(46)) - raft.server.storage.free-space.min = 0MB (=0) (default)
2023-09-07 20:30:55,132 [114a9516-507d-4df3-bbf0-358fc4f720dd-groupManagement] INFO  server.RaftServerConfigKeys (ConfUtils.java:logGet(46)) - raft.server.notification.no-leader.timeout = 300s (custom)
2023-09-07 20:30:55,132 [114a9516-507d-4df3-bbf0-358fc4f720dd-groupManagement] INFO  server.RaftServerConfigKeys (ConfUtils.java:logGet(46)) - raft.server.read.timeout = 10s (default)
2023-09-07 20:30:55,132 [114a9516-507d-4df3-bbf0-358fc4f720dd-groupManagement] INFO  server.RaftServerConfigKeys (ConfUtils.java:logGet(46)) - raft.server.retrycache.expirytime = 600000ms (custom)
2023-09-07 20:30:55,132 [114a9516-507d-4df3-bbf0-358fc4f720dd-groupManagement] INFO  server.RaftServerConfigKeys (ConfUtils.java:logGet(46)) - raft.server.retrycache.statistics.expirytime = 100μs (default)
2023-09-07 20:30:55,132 [114a9516-507d-4df3-bbf0-358fc4f720dd-groupManagement] INFO  server.RaftServerConfigKeys (ConfUtils.java:logGet(46)) - raft.server.read.option = DEFAULT (default)
2023-09-07 20:30:55,133 [114a9516-507d-4df3-bbf0-358fc4f720dd-groupManagement] INFO  server.RaftServerConfigKeys (ConfUtils.java:logGet(46)) - raft.server.rpc.request.timeout = 60s (custom)
2023-09-07 20:30:55,133 [114a9516-507d-4df3-bbf0-358fc4f720dd-groupManagement] INFO  server.RaftServerConfigKeys (ConfUtils.java:logGet(46)) - raft.server.log.appender.install.snapshot.enabled = false (custom)
2023-09-07 20:30:55,133 [114a9516-507d-4df3-bbf0-358fc4f720dd-groupManagement] INFO  server.RaftServerConfigKeys (ConfUtils.java:logGet(46)) - raft.server.threadpool.server.cached = true (default)
2023-09-07 20:30:55,133 [114a9516-507d-4df3-bbf0-358fc4f720dd-groupManagement] INFO  server.RaftServerConfigKeys (ConfUtils.java:logGet(46)) - raft.server.threadpool.server.size = 0 (default)
2023-09-07 20:30:55,133 [114a9516-507d-4df3-bbf0-358fc4f720dd-groupManagement] INFO  server.RaftServerConfigKeys (ConfUtils.java:logGet(46)) - raft.server.threadpool.client.cached = true (default)
2023-09-07 20:30:55,133 [114a9516-507d-4df3-bbf0-358fc4f720dd-groupManagement] INFO  server.RaftServerConfigKeys (ConfUtils.java:logGet(46)) - raft.server.threadpool.client.size = 0 (default)
2023-09-07 20:30:55,133 [114a9516-507d-4df3-bbf0-358fc4f720dd-groupManagement] INFO  storage.RaftStorageDirectory (RaftStorageDirectoryImpl.java:analyzeStorage(137)) - The storage directory /home/runner/work/ozone/ozone/hadoop-ozone/integration-test/target/test-dir/MiniOzoneClusterImpl-7c3c5bdb-9f31-4157-923c-74528274ab7c/datanode-2/data/ratis/04b25058-46e3-42ed-aa21-7300a7e366f1 does not exist. Creating ...
2023-09-07 20:30:55,135 [114a9516-507d-4df3-bbf0-358fc4f720dd-groupManagement] INFO  storage.RaftStorageDirectory (RaftStorageDirectoryImpl.java:tryLock(231)) - Lock on /home/runner/work/ozone/ozone/hadoop-ozone/integration-test/target/test-dir/MiniOzoneClusterImpl-7c3c5bdb-9f31-4157-923c-74528274ab7c/datanode-2/data/ratis/04b25058-46e3-42ed-aa21-7300a7e366f1/in_use.lock acquired by nodename 7625@fv-az259-394
2023-09-07 20:30:55,137 [114a9516-507d-4df3-bbf0-358fc4f720dd-groupManagement] INFO  storage.RaftStorage (RaftStorageImpl.java:format(96)) - Storage directory /home/runner/work/ozone/ozone/hadoop-ozone/integration-test/target/test-dir/MiniOzoneClusterImpl-7c3c5bdb-9f31-4157-923c-74528274ab7c/datanode-2/data/ratis/04b25058-46e3-42ed-aa21-7300a7e366f1 has been successfully formatted.
2023-09-07 20:30:55,138 [114a9516-507d-4df3-bbf0-358fc4f720dd-groupManagement] INFO  ratis.ContainerStateMachine (ContainerStateMachine.java:loadSnapshot(262)) - group-7300A7E366F1: The snapshot info is null. Setting the last applied indexto:(t:0, i:~)
2023-09-07 20:30:55,138 [114a9516-507d-4df3-bbf0-358fc4f720dd-groupManagement] INFO  server.RaftServerConfigKeys (ConfUtils.java:logGet(46)) - raft.server.log.use.memory = false (default)
2023-09-07 20:30:55,138 [114a9516-507d-4df3-bbf0-358fc4f720dd-groupManagement] INFO  server.RaftServerConfigKeys (ConfUtils.java:logGet(46)) - raft.server.log.purge.gap = 1000000 (custom)
2023-09-07 20:30:55,139 [114a9516-507d-4df3-bbf0-358fc4f720dd-groupManagement] INFO  server.RaftServerConfigKeys (ConfUtils.java:logGet(46)) - raft.server.log.appender.buffer.byte-limit = 33554432 (custom)
2023-09-07 20:30:55,139 [114a9516-507d-4df3-bbf0-358fc4f720dd-groupManagement] INFO  server.RaftServerConfigKeys (ConfUtils.java:logGet(46)) - raft.server.log.statemachine.data.read.timeout = 1000ms (default)
2023-09-07 20:30:55,139 [114a9516-507d-4df3-bbf0-358fc4f720dd-groupManagement] INFO  server.RaftServerConfigKeys (ConfUtils.java:logGet(46)) - raft.server.log.purge.preservation.log.num = 0 (default)
2023-09-07 20:30:55,139 [114a9516-507d-4df3-bbf0-358fc4f720dd-groupManagement] INFO  server.RaftServerConfigKeys (ConfUtils.java:logGet(46)) - raft.server.log.segment.size.max = 1048576 (custom)
2023-09-07 20:30:55,139 [114a9516-507d-4df3-bbf0-358fc4f720dd-groupManagement] INFO  server.RaftServerConfigKeys (ConfUtils.java:logGet(46)) - raft.server.log.segment.cache.num.max = 2 (custom)
2023-09-07 20:30:55,139 [114a9516-507d-4df3-bbf0-358fc4f720dd-groupManagement] INFO  server.RaftServerConfigKeys (ConfUtils.java:logGet(46)) - raft.server.log.segment.cache.size.max = 200MB (=209715200) (default)
2023-09-07 20:30:55,139 [114a9516-507d-4df3-bbf0-358fc4f720dd-groupManagement] INFO  server.RaftServerConfigKeys (ConfUtils.java:logGet(46)) - raft.server.log.appender.buffer.byte-limit = 33554432 (custom)
2023-09-07 20:30:55,140 [114a9516-507d-4df3-bbf0-358fc4f720dd-groupManagement] INFO  segmented.SegmentedRaftLogWorker (SegmentedRaftLogWorker.java:<init>(188)) - new 114a9516-507d-4df3-bbf0-358fc4f720dd@group-7300A7E366F1-SegmentedRaftLogWorker for RaftStorageImpl:Storage Directory /home/runner/work/ozone/ozone/hadoop-ozone/integration-test/target/test-dir/MiniOzoneClusterImpl-7c3c5bdb-9f31-4157-923c-74528274ab7c/datanode-2/data/ratis/04b25058-46e3-42ed-aa21-7300a7e366f1
2023-09-07 20:30:55,140 [114a9516-507d-4df3-bbf0-358fc4f720dd-groupManagement] INFO  server.RaftServerConfigKeys (ConfUtils.java:logGet(46)) - raft.server.log.queue.byte-limit = 4294967296 (custom)
2023-09-07 20:30:55,140 [114a9516-507d-4df3-bbf0-358fc4f720dd-groupManagement] INFO  server.RaftServerConfigKeys (ConfUtils.java:logGet(46)) - raft.server.log.queue.element-limit = 1024 (custom)
2023-09-07 20:30:55,140 [114a9516-507d-4df3-bbf0-358fc4f720dd-groupManagement] INFO  server.RaftServerConfigKeys (ConfUtils.java:logGet(46)) - raft.server.log.segment.size.max = 1048576 (custom)
2023-09-07 20:30:55,140 [114a9516-507d-4df3-bbf0-358fc4f720dd-groupManagement] INFO  server.RaftServerConfigKeys (ConfUtils.java:logGet(46)) - raft.server.log.preallocated.size = 16384 (custom)
2023-09-07 20:30:55,141 [114a9516-507d-4df3-bbf0-358fc4f720dd-groupManagement] INFO  server.RaftServerConfigKeys (ConfUtils.java:logGet(46)) - raft.server.log.force.sync.num = 128 (default)
2023-09-07 20:30:55,141 [114a9516-507d-4df3-bbf0-358fc4f720dd-groupManagement] INFO  server.RaftServerConfigKeys (ConfUtils.java:logGet(46)) - raft.server.log.statemachine.data.sync = true (default)
2023-09-07 20:30:55,141 [114a9516-507d-4df3-bbf0-358fc4f720dd-groupManagement] INFO  server.RaftServerConfigKeys (ConfUtils.java:logGet(46)) - raft.server.log.statemachine.data.sync.timeout = 10s (default)
2023-09-07 20:30:55,141 [114a9516-507d-4df3-bbf0-358fc4f720dd-groupManagement] INFO  server.RaftServerConfigKeys (ConfUtils.java:logGet(46)) - raft.server.log.statemachine.data.sync.timeout.retry = -1 (default)
2023-09-07 20:30:55,141 [114a9516-507d-4df3-bbf0-358fc4f720dd-groupManagement] INFO  server.RaftServerConfigKeys (ConfUtils.java:logGet(46)) - raft.server.log.write.buffer.size = 1048576 (custom)
2023-09-07 20:30:55,142 [114a9516-507d-4df3-bbf0-358fc4f720dd-groupManagement] INFO  server.RaftServerConfigKeys (ConfUtils.java:logGet(46)) - raft.server.log.appender.buffer.byte-limit = 33554432 (custom)
2023-09-07 20:30:55,149 [114a9516-507d-4df3-bbf0-358fc4f720dd-groupManagement] INFO  server.RaftServerConfigKeys (ConfUtils.java:logGet(46)) - raft.server.log.unsafe-flush.enabled = false (default)
2023-09-07 20:30:55,149 [114a9516-507d-4df3-bbf0-358fc4f720dd-groupManagement] INFO  server.RaftServerConfigKeys (ConfUtils.java:logGet(46)) - raft.server.log.async-flush.enabled = false (default)
2023-09-07 20:30:55,150 [114a9516-507d-4df3-bbf0-358fc4f720dd-groupManagement] INFO  server.RaftServerConfigKeys (ConfUtils.java:logGet(46)) - raft.server.log.statemachine.data.caching.enabled = true (custom)
2023-09-07 20:30:55,150 [114a9516-507d-4df3-bbf0-358fc4f720dd-groupManagement] INFO  segmented.SegmentedRaftLogWorker (SegmentedRaftLogWorker.java:lambda$new$0(135)) - 114a9516-507d-4df3-bbf0-358fc4f720dd@group-7300A7E366F1-SegmentedRaftLogWorker: flushIndex: setUnconditionally 0 -> -1
2023-09-07 20:30:55,150 [114a9516-507d-4df3-bbf0-358fc4f720dd-groupManagement] INFO  segmented.SegmentedRaftLogWorker (SegmentedRaftLogWorker.java:lambda$new$0(135)) - 114a9516-507d-4df3-bbf0-358fc4f720dd@group-7300A7E366F1-SegmentedRaftLogWorker: safeCacheEvictIndex: setUnconditionally 0 -> -1
2023-09-07 20:30:55,150 [114a9516-507d-4df3-bbf0-358fc4f720dd-groupManagement] INFO  server.RaftServer$Division (RaftServerImpl.java:start(342)) - 114a9516-507d-4df3-bbf0-358fc4f720dd@group-7300A7E366F1: start as a follower, conf=-1: peers:[a0cd6e17-3b90-4804-ab26-c3914b9665e9|rpc:10.1.0.11:15129|admin:10.1.0.11:15128|client:10.1.0.11:15127|dataStream:10.1.0.11:15130|priority:0|startupRole:FOLLOWER, 114a9516-507d-4df3-bbf0-358fc4f720dd|rpc:10.1.0.11:15138|admin:10.1.0.11:15137|client:10.1.0.11:15136|dataStream:10.1.0.11:15139|priority:1|startupRole:FOLLOWER, 130456cf-e1b1-4e27-8a77-52f3e2c34494|rpc:10.1.0.11:15120|admin:10.1.0.11:15119|client:10.1.0.11:15118|dataStream:10.1.0.11:15121|priority:0|startupRole:FOLLOWER]|listeners:[], old=null
2023-09-07 20:30:55,150 [114a9516-507d-4df3-bbf0-358fc4f720dd-groupManagement] INFO  server.RaftServer$Division (RaftServerImpl.java:setRole(329)) - 114a9516-507d-4df3-bbf0-358fc4f720dd@group-7300A7E366F1: changes role from      null to FOLLOWER at term 0 for startAsFollower
2023-09-07 20:30:55,151 [114a9516-507d-4df3-bbf0-358fc4f720dd-groupManagement] INFO  impl.RoleInfo (RoleInfo.java:updateAndGet(139)) - 114a9516-507d-4df3-bbf0-358fc4f720dd: start 114a9516-507d-4df3-bbf0-358fc4f720dd@group-7300A7E366F1-FollowerState
2023-09-07 20:30:55,151 [114a9516-507d-4df3-bbf0-358fc4f720dd-groupManagement] INFO  util.JmxRegister (JmxRegister.java:tryRegister(44)) - Successfully registered JMX Bean with object name Ratis:service=RaftServer,group=group-7300A7E366F1,id=114a9516-507d-4df3-bbf0-358fc4f720dd
2023-09-07 20:30:55,151 [114a9516-507d-4df3-bbf0-358fc4f720dd-groupManagement] INFO  server.RaftServerConfigKeys (ConfUtils.java:logGet(46)) - raft.server.snapshot.auto.trigger.enabled = true (custom)
2023-09-07 20:30:55,151 [114a9516-507d-4df3-bbf0-358fc4f720dd-groupManagement] INFO  server.RaftServerConfigKeys (ConfUtils.java:logGet(46)) - raft.server.snapshot.auto.trigger.threshold = 10000 (custom)
2023-09-07 20:30:55,151 [114a9516-507d-4df3-bbf0-358fc4f720dd-groupManagement] INFO  server.RaftServerConfigKeys (ConfUtils.java:logGet(46)) - raft.server.snapshot.retention.file.num = 5 (custom)
2023-09-07 20:30:55,151 [114a9516-507d-4df3-bbf0-358fc4f720dd-groupManagement] INFO  server.RaftServerConfigKeys (ConfUtils.java:logGet(46)) - raft.server.log.purge.upto.snapshot.index = false (default)
2023-09-07 20:30:55,152 [114a9516-507d-4df3-bbf0-358fc4f720dd@group-7300A7E366F1-FollowerState] INFO  server.RaftServerConfigKeys (ConfUtils.java:logFallback(53)) - raft.server.rpc.first-election.timeout.min = 5s (fallback to raft.server.rpc.timeout.min)
2023-09-07 20:30:55,152 [114a9516-507d-4df3-bbf0-358fc4f720dd@group-7300A7E366F1-FollowerState] INFO  server.RaftServerConfigKeys (ConfUtils.java:logFallback(53)) - raft.server.rpc.first-election.timeout.max = 5200ms (fallback to raft.server.rpc.timeout.max)
2023-09-07 20:30:55,189 [grpc-default-executor-0] INFO  server.RaftServer (RaftServerProxy.java:addNew(98)) - a0cd6e17-3b90-4804-ab26-c3914b9665e9: addNew group-7300A7E366F1:[a0cd6e17-3b90-4804-ab26-c3914b9665e9|rpc:10.1.0.11:15129|admin:10.1.0.11:15128|client:10.1.0.11:15127|dataStream:10.1.0.11:15130|priority:0|startupRole:FOLLOWER, 114a9516-507d-4df3-bbf0-358fc4f720dd|rpc:10.1.0.11:15138|admin:10.1.0.11:15137|client:10.1.0.11:15136|dataStream:10.1.0.11:15139|priority:1|startupRole:FOLLOWER, 130456cf-e1b1-4e27-8a77-52f3e2c34494|rpc:10.1.0.11:15120|admin:10.1.0.11:15119|client:10.1.0.11:15118|dataStream:10.1.0.11:15121|priority:0|startupRole:FOLLOWER] returns group-7300A7E366F1:java.util.concurrent.CompletableFuture@799b00cc[Not completed]
2023-09-07 20:30:55,190 [a0cd6e17-3b90-4804-ab26-c3914b9665e9-groupManagement] INFO  server.RaftServer$Division (RaftServerImpl.java:<init>(198)) - a0cd6e17-3b90-4804-ab26-c3914b9665e9: new RaftServerImpl for group-7300A7E366F1:[a0cd6e17-3b90-4804-ab26-c3914b9665e9|rpc:10.1.0.11:15129|admin:10.1.0.11:15128|client:10.1.0.11:15127|dataStream:10.1.0.11:15130|priority:0|startupRole:FOLLOWER, 114a9516-507d-4df3-bbf0-358fc4f720dd|rpc:10.1.0.11:15138|admin:10.1.0.11:15137|client:10.1.0.11:15136|dataStream:10.1.0.11:15139|priority:1|startupRole:FOLLOWER, 130456cf-e1b1-4e27-8a77-52f3e2c34494|rpc:10.1.0.11:15120|admin:10.1.0.11:15119|client:10.1.0.11:15118|dataStream:10.1.0.11:15121|priority:0|startupRole:FOLLOWER] with ContainerStateMachine:uninitialized
2023-09-07 20:30:55,190 [a0cd6e17-3b90-4804-ab26-c3914b9665e9-groupManagement] INFO  server.RaftServerConfigKeys (ConfUtils.java:logGet(46)) - raft.server.rpc.timeout.min = 5s (custom)
2023-09-07 20:30:55,190 [a0cd6e17-3b90-4804-ab26-c3914b9665e9-groupManagement] INFO  server.RaftServerConfigKeys (ConfUtils.java:logGet(46)) - raft.server.rpc.timeout.max = 5200ms (custom)
2023-09-07 20:30:55,190 [a0cd6e17-3b90-4804-ab26-c3914b9665e9-groupManagement] INFO  server.RaftServerConfigKeys (ConfUtils.java:logGet(46)) - raft.server.rpc.sleep.time = 25ms (default)
2023-09-07 20:30:55,190 [a0cd6e17-3b90-4804-ab26-c3914b9665e9-groupManagement] INFO  server.RaftServerConfigKeys (ConfUtils.java:logGet(46)) - raft.server.rpc.slowness.timeout = 300s (custom)
2023-09-07 20:30:55,190 [a0cd6e17-3b90-4804-ab26-c3914b9665e9-groupManagement] INFO  server.RaftServerConfigKeys (ConfUtils.java:logGet(46)) - raft.server.leaderelection.leader.step-down.wait-time = 10s (default)
2023-09-07 20:30:55,190 [a0cd6e17-3b90-4804-ab26-c3914b9665e9-groupManagement] INFO  server.RaftServerConfigKeys (ConfUtils.java:logGet(46)) - raft.server.sleep.deviation.threshold = 300ms (default)
2023-09-07 20:30:55,191 [a0cd6e17-3b90-4804-ab26-c3914b9665e9-groupManagement] INFO  server.RaftServer$Division (ServerState.java:<init>(120)) - a0cd6e17-3b90-4804-ab26-c3914b9665e9@group-7300A7E366F1: ConfigurationManager, init=-1: peers:[a0cd6e17-3b90-4804-ab26-c3914b9665e9|rpc:10.1.0.11:15129|admin:10.1.0.11:15128|client:10.1.0.11:15127|dataStream:10.1.0.11:15130|priority:0|startupRole:FOLLOWER, 114a9516-507d-4df3-bbf0-358fc4f720dd|rpc:10.1.0.11:15138|admin:10.1.0.11:15137|client:10.1.0.11:15136|dataStream:10.1.0.11:15139|priority:1|startupRole:FOLLOWER, 130456cf-e1b1-4e27-8a77-52f3e2c34494|rpc:10.1.0.11:15120|admin:10.1.0.11:15119|client:10.1.0.11:15118|dataStream:10.1.0.11:15121|priority:0|startupRole:FOLLOWER]|listeners:[], old=null, confs=<EMPTY_MAP>
2023-09-07 20:30:55,191 [a0cd6e17-3b90-4804-ab26-c3914b9665e9-groupManagement] INFO  server.RaftServerConfigKeys (ConfUtils.java:logGet(46)) - raft.server.storage.dir = [/home/runner/work/ozone/ozone/hadoop-ozone/integration-test/target/test-dir/MiniOzoneClusterImpl-7c3c5bdb-9f31-4157-923c-74528274ab7c/datanode-1/data/ratis] (custom)
2023-09-07 20:30:55,191 [a0cd6e17-3b90-4804-ab26-c3914b9665e9-groupManagement] INFO  server.RaftServerConfigKeys (ConfUtils.java:logGet(46)) - raft.server.log.corruption.policy = EXCEPTION (default)
2023-09-07 20:30:55,191 [a0cd6e17-3b90-4804-ab26-c3914b9665e9-groupManagement] INFO  server.RaftServerConfigKeys (ConfUtils.java:logGet(46)) - raft.server.storage.free-space.min = 0MB (=0) (default)
2023-09-07 20:30:55,191 [a0cd6e17-3b90-4804-ab26-c3914b9665e9-groupManagement] INFO  server.RaftServerConfigKeys (ConfUtils.java:logGet(46)) - raft.server.notification.no-leader.timeout = 300s (custom)
2023-09-07 20:30:55,191 [a0cd6e17-3b90-4804-ab26-c3914b9665e9-groupManagement] INFO  server.RaftServerConfigKeys (ConfUtils.java:logGet(46)) - raft.server.read.timeout = 10s (default)
2023-09-07 20:30:55,191 [a0cd6e17-3b90-4804-ab26-c3914b9665e9-groupManagement] INFO  server.RaftServerConfigKeys (ConfUtils.java:logGet(46)) - raft.server.retrycache.expirytime = 600000ms (custom)
2023-09-07 20:30:55,191 [a0cd6e17-3b90-4804-ab26-c3914b9665e9-groupManagement] INFO  server.RaftServerConfigKeys (ConfUtils.java:logGet(46)) - raft.server.retrycache.statistics.expirytime = 100μs (default)
2023-09-07 20:30:55,191 [a0cd6e17-3b90-4804-ab26-c3914b9665e9-groupManagement] INFO  server.RaftServerConfigKeys (ConfUtils.java:logGet(46)) - raft.server.read.option = DEFAULT (default)
2023-09-07 20:30:55,192 [a0cd6e17-3b90-4804-ab26-c3914b9665e9-groupManagement] INFO  server.RaftServerConfigKeys (ConfUtils.java:logGet(46)) - raft.server.rpc.request.timeout = 60s (custom)
2023-09-07 20:30:55,192 [a0cd6e17-3b90-4804-ab26-c3914b9665e9-groupManagement] INFO  server.RaftServerConfigKeys (ConfUtils.java:logGet(46)) - raft.server.log.appender.install.snapshot.enabled = false (custom)
2023-09-07 20:30:55,192 [a0cd6e17-3b90-4804-ab26-c3914b9665e9-groupManagement] INFO  server.RaftServerConfigKeys (ConfUtils.java:logGet(46)) - raft.server.threadpool.server.cached = true (default)
2023-09-07 20:30:55,192 [a0cd6e17-3b90-4804-ab26-c3914b9665e9-groupManagement] INFO  server.RaftServerConfigKeys (ConfUtils.java:logGet(46)) - raft.server.threadpool.server.size = 0 (default)
2023-09-07 20:30:55,192 [a0cd6e17-3b90-4804-ab26-c3914b9665e9-groupManagement] INFO  server.RaftServerConfigKeys (ConfUtils.java:logGet(46)) - raft.server.threadpool.client.cached = true (default)
2023-09-07 20:30:55,192 [a0cd6e17-3b90-4804-ab26-c3914b9665e9-groupManagement] INFO  server.RaftServerConfigKeys (ConfUtils.java:logGet(46)) - raft.server.threadpool.client.size = 0 (default)
2023-09-07 20:30:55,193 [a0cd6e17-3b90-4804-ab26-c3914b9665e9-groupManagement] INFO  storage.RaftStorageDirectory (RaftStorageDirectoryImpl.java:analyzeStorage(137)) - The storage directory /home/runner/work/ozone/ozone/hadoop-ozone/integration-test/target/test-dir/MiniOzoneClusterImpl-7c3c5bdb-9f31-4157-923c-74528274ab7c/datanode-1/data/ratis/04b25058-46e3-42ed-aa21-7300a7e366f1 does not exist. Creating ...
2023-09-07 20:30:55,195 [a0cd6e17-3b90-4804-ab26-c3914b9665e9-groupManagement] INFO  storage.RaftStorageDirectory (RaftStorageDirectoryImpl.java:tryLock(231)) - Lock on /home/runner/work/ozone/ozone/hadoop-ozone/integration-test/target/test-dir/MiniOzoneClusterImpl-7c3c5bdb-9f31-4157-923c-74528274ab7c/datanode-1/data/ratis/04b25058-46e3-42ed-aa21-7300a7e366f1/in_use.lock acquired by nodename 7625@fv-az259-394
2023-09-07 20:30:55,198 [a0cd6e17-3b90-4804-ab26-c3914b9665e9-groupManagement] INFO  storage.RaftStorage (RaftStorageImpl.java:format(96)) - Storage directory /home/runner/work/ozone/ozone/hadoop-ozone/integration-test/target/test-dir/MiniOzoneClusterImpl-7c3c5bdb-9f31-4157-923c-74528274ab7c/datanode-1/data/ratis/04b25058-46e3-42ed-aa21-7300a7e366f1 has been successfully formatted.
2023-09-07 20:30:55,199 [a0cd6e17-3b90-4804-ab26-c3914b9665e9-groupManagement] INFO  ratis.ContainerStateMachine (ContainerStateMachine.java:loadSnapshot(262)) - group-7300A7E366F1: The snapshot info is null. Setting the last applied indexto:(t:0, i:~)
2023-09-07 20:30:55,200 [a0cd6e17-3b90-4804-ab26-c3914b9665e9-groupManagement] INFO  server.RaftServerConfigKeys (ConfUtils.java:logGet(46)) - raft.server.log.use.memory = false (default)
2023-09-07 20:30:55,200 [a0cd6e17-3b90-4804-ab26-c3914b9665e9-groupManagement] INFO  server.RaftServerConfigKeys (ConfUtils.java:logGet(46)) - raft.server.log.purge.gap = 1000000 (custom)
2023-09-07 20:30:55,200 [a0cd6e17-3b90-4804-ab26-c3914b9665e9-groupManagement] INFO  server.RaftServerConfigKeys (ConfUtils.java:logGet(46)) - raft.server.log.appender.buffer.byte-limit = 33554432 (custom)
2023-09-07 20:30:55,200 [a0cd6e17-3b90-4804-ab26-c3914b9665e9-groupManagement] INFO  server.RaftServerConfigKeys (ConfUtils.java:logGet(46)) - raft.server.log.statemachine.data.read.timeout = 1000ms (default)
2023-09-07 20:30:55,200 [a0cd6e17-3b90-4804-ab26-c3914b9665e9-groupManagement] INFO  server.RaftServerConfigKeys (ConfUtils.java:logGet(46)) - raft.server.log.purge.preservation.log.num = 0 (default)
2023-09-07 20:30:55,200 [a0cd6e17-3b90-4804-ab26-c3914b9665e9-groupManagement] INFO  server.RaftServerConfigKeys (ConfUtils.java:logGet(46)) - raft.server.log.segment.size.max = 1048576 (custom)
2023-09-07 20:30:55,201 [a0cd6e17-3b90-4804-ab26-c3914b9665e9-groupManagement] INFO  server.RaftServerConfigKeys (ConfUtils.java:logGet(46)) - raft.server.log.segment.cache.num.max = 2 (custom)
2023-09-07 20:30:55,201 [a0cd6e17-3b90-4804-ab26-c3914b9665e9-groupManagement] INFO  server.RaftServerConfigKeys (ConfUtils.java:logGet(46)) - raft.server.log.segment.cache.size.max = 200MB (=209715200) (default)
2023-09-07 20:30:55,201 [a0cd6e17-3b90-4804-ab26-c3914b9665e9-groupManagement] INFO  server.RaftServerConfigKeys (ConfUtils.java:logGet(46)) - raft.server.log.appender.buffer.byte-limit = 33554432 (custom)
2023-09-07 20:30:55,201 [a0cd6e17-3b90-4804-ab26-c3914b9665e9-groupManagement] INFO  segmented.SegmentedRaftLogWorker (SegmentedRaftLogWorker.java:<init>(188)) - new a0cd6e17-3b90-4804-ab26-c3914b9665e9@group-7300A7E366F1-SegmentedRaftLogWorker for RaftStorageImpl:Storage Directory /home/runner/work/ozone/ozone/hadoop-ozone/integration-test/target/test-dir/MiniOzoneClusterImpl-7c3c5bdb-9f31-4157-923c-74528274ab7c/datanode-1/data/ratis/04b25058-46e3-42ed-aa21-7300a7e366f1
2023-09-07 20:30:55,201 [a0cd6e17-3b90-4804-ab26-c3914b9665e9-groupManagement] INFO  server.RaftServerConfigKeys (ConfUtils.java:logGet(46)) - raft.server.log.queue.byte-limit = 4294967296 (custom)
2023-09-07 20:30:55,201 [a0cd6e17-3b90-4804-ab26-c3914b9665e9-groupManagement] INFO  server.RaftServerConfigKeys (ConfUtils.java:logGet(46)) - raft.server.log.queue.element-limit = 1024 (custom)
2023-09-07 20:30:55,201 [a0cd6e17-3b90-4804-ab26-c3914b9665e9-groupManagement] INFO  server.RaftServerConfigKeys (ConfUtils.java:logGet(46)) - raft.server.log.segment.size.max = 1048576 (custom)
2023-09-07 20:30:55,201 [a0cd6e17-3b90-4804-ab26-c3914b9665e9-groupManagement] INFO  server.RaftServerConfigKeys (ConfUtils.java:logGet(46)) - raft.server.log.preallocated.size = 16384 (custom)
2023-09-07 20:30:55,201 [a0cd6e17-3b90-4804-ab26-c3914b9665e9-groupManagement] INFO  server.RaftServerConfigKeys (ConfUtils.java:logGet(46)) - raft.server.log.force.sync.num = 128 (default)
2023-09-07 20:30:55,201 [a0cd6e17-3b90-4804-ab26-c3914b9665e9-groupManagement] INFO  server.RaftServerConfigKeys (ConfUtils.java:logGet(46)) - raft.server.log.statemachine.data.sync = true (default)
2023-09-07 20:30:55,201 [a0cd6e17-3b90-4804-ab26-c3914b9665e9-groupManagement] INFO  server.RaftServerConfigKeys (ConfUtils.java:logGet(46)) - raft.server.log.statemachine.data.sync.timeout = 10s (default)
2023-09-07 20:30:55,201 [a0cd6e17-3b90-4804-ab26-c3914b9665e9-groupManagement] INFO  server.RaftServerConfigKeys (ConfUtils.java:logGet(46)) - raft.server.log.statemachine.data.sync.timeout.retry = -1 (default)
2023-09-07 20:30:55,203 [a0cd6e17-3b90-4804-ab26-c3914b9665e9-groupManagement] INFO  server.RaftServerConfigKeys (ConfUtils.java:logGet(46)) - raft.server.log.write.buffer.size = 1048576 (custom)
2023-09-07 20:30:55,204 [a0cd6e17-3b90-4804-ab26-c3914b9665e9-groupManagement] INFO  server.RaftServerConfigKeys (ConfUtils.java:logGet(46)) - raft.server.log.appender.buffer.byte-limit = 33554432 (custom)
2023-09-07 20:30:55,216 [a0cd6e17-3b90-4804-ab26-c3914b9665e9-groupManagement] INFO  server.RaftServerConfigKeys (ConfUtils.java:logGet(46)) - raft.server.log.unsafe-flush.enabled = false (default)
2023-09-07 20:30:55,216 [a0cd6e17-3b90-4804-ab26-c3914b9665e9-groupManagement] INFO  server.RaftServerConfigKeys (ConfUtils.java:logGet(46)) - raft.server.log.async-flush.enabled = false (default)
2023-09-07 20:30:55,216 [a0cd6e17-3b90-4804-ab26-c3914b9665e9-groupManagement] INFO  server.RaftServerConfigKeys (ConfUtils.java:logGet(46)) - raft.server.log.statemachine.data.caching.enabled = true (custom)
2023-09-07 20:30:55,216 [a0cd6e17-3b90-4804-ab26-c3914b9665e9-groupManagement] INFO  segmented.SegmentedRaftLogWorker (SegmentedRaftLogWorker.java:lambda$new$0(135)) - a0cd6e17-3b90-4804-ab26-c3914b9665e9@group-7300A7E366F1-SegmentedRaftLogWorker: flushIndex: setUnconditionally 0 -> -1
2023-09-07 20:30:55,216 [a0cd6e17-3b90-4804-ab26-c3914b9665e9-groupManagement] INFO  segmented.SegmentedRaftLogWorker (SegmentedRaftLogWorker.java:lambda$new$0(135)) - a0cd6e17-3b90-4804-ab26-c3914b9665e9@group-7300A7E366F1-SegmentedRaftLogWorker: safeCacheEvictIndex: setUnconditionally 0 -> -1
2023-09-07 20:30:55,217 [a0cd6e17-3b90-4804-ab26-c3914b9665e9-groupManagement] INFO  server.RaftServer$Division (RaftServerImpl.java:start(342)) - a0cd6e17-3b90-4804-ab26-c3914b9665e9@group-7300A7E366F1: start as a follower, conf=-1: peers:[a0cd6e17-3b90-4804-ab26-c3914b9665e9|rpc:10.1.0.11:15129|admin:10.1.0.11:15128|client:10.1.0.11:15127|dataStream:10.1.0.11:15130|priority:0|startupRole:FOLLOWER, 114a9516-507d-4df3-bbf0-358fc4f720dd|rpc:10.1.0.11:15138|admin:10.1.0.11:15137|client:10.1.0.11:15136|dataStream:10.1.0.11:15139|priority:1|startupRole:FOLLOWER, 130456cf-e1b1-4e27-8a77-52f3e2c34494|rpc:10.1.0.11:15120|admin:10.1.0.11:15119|client:10.1.0.11:15118|dataStream:10.1.0.11:15121|priority:0|startupRole:FOLLOWER]|listeners:[], old=null
2023-09-07 20:30:55,217 [a0cd6e17-3b90-4804-ab26-c3914b9665e9-groupManagement] INFO  server.RaftServer$Division (RaftServerImpl.java:setRole(329)) - a0cd6e17-3b90-4804-ab26-c3914b9665e9@group-7300A7E366F1: changes role from      null to FOLLOWER at term 0 for startAsFollower
2023-09-07 20:30:55,217 [a0cd6e17-3b90-4804-ab26-c3914b9665e9-groupManagement] INFO  impl.RoleInfo (RoleInfo.java:updateAndGet(139)) - a0cd6e17-3b90-4804-ab26-c3914b9665e9: start a0cd6e17-3b90-4804-ab26-c3914b9665e9@group-7300A7E366F1-FollowerState
2023-09-07 20:30:55,219 [a0cd6e17-3b90-4804-ab26-c3914b9665e9-groupManagement] INFO  util.JmxRegister (JmxRegister.java:tryRegister(44)) - Successfully registered JMX Bean with object name Ratis:service=RaftServer,group=group-7300A7E366F1,id=a0cd6e17-3b90-4804-ab26-c3914b9665e9
2023-09-07 20:30:55,219 [a0cd6e17-3b90-4804-ab26-c3914b9665e9-groupManagement] INFO  server.RaftServerConfigKeys (ConfUtils.java:logGet(46)) - raft.server.snapshot.auto.trigger.enabled = true (custom)
2023-09-07 20:30:55,219 [a0cd6e17-3b90-4804-ab26-c3914b9665e9-groupManagement] INFO  server.RaftServerConfigKeys (ConfUtils.java:logGet(46)) - raft.server.snapshot.auto.trigger.threshold = 10000 (custom)
2023-09-07 20:30:55,219 [a0cd6e17-3b90-4804-ab26-c3914b9665e9-groupManagement] INFO  server.RaftServerConfigKeys (ConfUtils.java:logGet(46)) - raft.server.snapshot.retention.file.num = 5 (custom)
2023-09-07 20:30:55,220 [a0cd6e17-3b90-4804-ab26-c3914b9665e9-groupManagement] INFO  server.RaftServerConfigKeys (ConfUtils.java:logGet(46)) - raft.server.log.purge.upto.snapshot.index = false (default)
2023-09-07 20:30:55,221 [a0cd6e17-3b90-4804-ab26-c3914b9665e9@group-7300A7E366F1-FollowerState] INFO  server.RaftServerConfigKeys (ConfUtils.java:logFallback(53)) - raft.server.rpc.first-election.timeout.min = 5s (fallback to raft.server.rpc.timeout.min)
2023-09-07 20:30:55,221 [a0cd6e17-3b90-4804-ab26-c3914b9665e9@group-7300A7E366F1-FollowerState] INFO  server.RaftServerConfigKeys (ConfUtils.java:logFallback(53)) - raft.server.rpc.first-election.timeout.max = 5200ms (fallback to raft.server.rpc.timeout.max)
2023-09-07 20:30:55,236 [PipelineCommandHandlerThread-0] INFO  commandhandler.CreatePipelineCommandHandler (CreatePipelineCommandHandler.java:lambda$handle$2(124)) - Created Pipeline RATIS THREE PipelineID=04b25058-46e3-42ed-aa21-7300a7e366f1.
2023-09-07 20:30:55,273 [a0cd6e17-3b90-4804-ab26-c3914b9665e9-groupManagement] INFO  server.RaftServer$Division (RaftServerImpl.java:<init>(198)) - a0cd6e17-3b90-4804-ab26-c3914b9665e9: new RaftServerImpl for group-97D094013ECF:[a0cd6e17-3b90-4804-ab26-c3914b9665e9|rpc:10.1.0.11:15129|admin:10.1.0.11:15128|client:10.1.0.11:15127|dataStream:10.1.0.11:15130|priority:1|startupRole:FOLLOWER] with ContainerStateMachine:uninitialized
2023-09-07 20:30:55,273 [a0cd6e17-3b90-4804-ab26-c3914b9665e9-groupManagement] INFO  server.RaftServerConfigKeys (ConfUtils.java:logGet(46)) - raft.server.rpc.timeout.min = 5s (custom)
2023-09-07 20:30:55,273 [a0cd6e17-3b90-4804-ab26-c3914b9665e9-groupManagement] INFO  server.RaftServerConfigKeys (ConfUtils.java:logGet(46)) - raft.server.rpc.timeout.max = 5200ms (custom)
2023-09-07 20:30:55,273 [a0cd6e17-3b90-4804-ab26-c3914b9665e9-groupManagement] INFO  server.RaftServerConfigKeys (ConfUtils.java:logGet(46)) - raft.server.rpc.sleep.time = 25ms (default)
2023-09-07 20:30:55,273 [a0cd6e17-3b90-4804-ab26-c3914b9665e9-groupManagement] INFO  server.RaftServerConfigKeys (ConfUtils.java:logGet(46)) - raft.server.rpc.slowness.timeout = 300s (custom)
2023-09-07 20:30:55,273 [a0cd6e17-3b90-4804-ab26-c3914b9665e9-groupManagement] INFO  server.RaftServerConfigKeys (ConfUtils.java:logGet(46)) - raft.server.leaderelection.leader.step-down.wait-time = 10s (default)
2023-09-07 20:30:55,273 [a0cd6e17-3b90-4804-ab26-c3914b9665e9-groupManagement] INFO  server.RaftServerConfigKeys (ConfUtils.java:logGet(46)) - raft.server.sleep.deviation.threshold = 300ms (default)
2023-09-07 20:30:55,273 [a0cd6e17-3b90-4804-ab26-c3914b9665e9-groupManagement] INFO  server.RaftServer$Division (ServerState.java:<init>(120)) - a0cd6e17-3b90-4804-ab26-c3914b9665e9@group-97D094013ECF: ConfigurationManager, init=-1: peers:[a0cd6e17-3b90-4804-ab26-c3914b9665e9|rpc:10.1.0.11:15129|admin:10.1.0.11:15128|client:10.1.0.11:15127|dataStream:10.1.0.11:15130|priority:1|startupRole:FOLLOWER]|listeners:[], old=null, confs=<EMPTY_MAP>
2023-09-07 20:30:55,273 [a0cd6e17-3b90-4804-ab26-c3914b9665e9-groupManagement] INFO  server.RaftServerConfigKeys (ConfUtils.java:logGet(46)) - raft.server.storage.dir = [/home/runner/work/ozone/ozone/hadoop-ozone/integration-test/target/test-dir/MiniOzoneClusterImpl-7c3c5bdb-9f31-4157-923c-74528274ab7c/datanode-1/data/ratis] (custom)
2023-09-07 20:30:55,273 [a0cd6e17-3b90-4804-ab26-c3914b9665e9-groupManagement] INFO  server.RaftServerConfigKeys (ConfUtils.java:logGet(46)) - raft.server.log.corruption.policy = EXCEPTION (default)
2023-09-07 20:30:55,274 [a0cd6e17-3b90-4804-ab26-c3914b9665e9-groupManagement] INFO  server.RaftServerConfigKeys (ConfUtils.java:logGet(46)) - raft.server.storage.free-space.min = 0MB (=0) (default)
2023-09-07 20:30:55,274 [a0cd6e17-3b90-4804-ab26-c3914b9665e9-groupManagement] INFO  server.RaftServerConfigKeys (ConfUtils.java:logGet(46)) - raft.server.notification.no-leader.timeout = 300s (custom)
2023-09-07 20:30:55,274 [a0cd6e17-3b90-4804-ab26-c3914b9665e9-groupManagement] INFO  server.RaftServerConfigKeys (ConfUtils.java:logGet(46)) - raft.server.read.timeout = 10s (default)
2023-09-07 20:30:55,274 [a0cd6e17-3b90-4804-ab26-c3914b9665e9-groupManagement] INFO  server.RaftServerConfigKeys (ConfUtils.java:logGet(46)) - raft.server.retrycache.expirytime = 600000ms (custom)
2023-09-07 20:30:55,274 [a0cd6e17-3b90-4804-ab26-c3914b9665e9-groupManagement] INFO  server.RaftServerConfigKeys (ConfUtils.java:logGet(46)) - raft.server.retrycache.statistics.expirytime = 100μs (default)
2023-09-07 20:30:55,274 [a0cd6e17-3b90-4804-ab26-c3914b9665e9-groupManagement] INFO  server.RaftServerConfigKeys (ConfUtils.java:logGet(46)) - raft.server.read.option = DEFAULT (default)
2023-09-07 20:30:55,275 [a0cd6e17-3b90-4804-ab26-c3914b9665e9-groupManagement] INFO  server.RaftServerConfigKeys (ConfUtils.java:logGet(46)) - raft.server.rpc.request.timeout = 60s (custom)
2023-09-07 20:30:55,275 [a0cd6e17-3b90-4804-ab26-c3914b9665e9-groupManagement] INFO  server.RaftServerConfigKeys (ConfUtils.java:logGet(46)) - raft.server.log.appender.install.snapshot.enabled = false (custom)
2023-09-07 20:30:55,275 [a0cd6e17-3b90-4804-ab26-c3914b9665e9-groupManagement] INFO  server.RaftServerConfigKeys (ConfUtils.java:logGet(46)) - raft.server.threadpool.server.cached = true (default)
2023-09-07 20:30:55,275 [a0cd6e17-3b90-4804-ab26-c3914b9665e9-groupManagement] INFO  server.RaftServerConfigKeys (ConfUtils.java:logGet(46)) - raft.server.threadpool.server.size = 0 (default)
2023-09-07 20:30:55,275 [a0cd6e17-3b90-4804-ab26-c3914b9665e9-groupManagement] INFO  server.RaftServerConfigKeys (ConfUtils.java:logGet(46)) - raft.server.threadpool.client.cached = true (default)
2023-09-07 20:30:55,275 [a0cd6e17-3b90-4804-ab26-c3914b9665e9-groupManagement] INFO  server.RaftServerConfigKeys (ConfUtils.java:logGet(46)) - raft.server.threadpool.client.size = 0 (default)
2023-09-07 20:30:55,275 [PipelineCommandHandlerThread-0] INFO  server.RaftServer (RaftServerProxy.java:addNew(98)) - a0cd6e17-3b90-4804-ab26-c3914b9665e9: addNew group-97D094013ECF:[a0cd6e17-3b90-4804-ab26-c3914b9665e9|rpc:10.1.0.11:15129|admin:10.1.0.11:15128|client:10.1.0.11:15127|dataStream:10.1.0.11:15130|priority:1|startupRole:FOLLOWER] returns group-97D094013ECF:java.util.concurrent.CompletableFuture@1c24be51[Not completed]
2023-09-07 20:30:55,275 [a0cd6e17-3b90-4804-ab26-c3914b9665e9-groupManagement] INFO  storage.RaftStorageDirectory (RaftStorageDirectoryImpl.java:analyzeStorage(137)) - The storage directory /home/runner/work/ozone/ozone/hadoop-ozone/integration-test/target/test-dir/MiniOzoneClusterImpl-7c3c5bdb-9f31-4157-923c-74528274ab7c/datanode-1/data/ratis/cefb9781-cbc1-4f58-b7a1-97d094013ecf does not exist. Creating ...
2023-09-07 20:30:55,277 [a0cd6e17-3b90-4804-ab26-c3914b9665e9-groupManagement] INFO  storage.RaftStorageDirectory (RaftStorageDirectoryImpl.java:tryLock(231)) - Lock on /home/runner/work/ozone/ozone/hadoop-ozone/integration-test/target/test-dir/MiniOzoneClusterImpl-7c3c5bdb-9f31-4157-923c-74528274ab7c/datanode-1/data/ratis/cefb9781-cbc1-4f58-b7a1-97d094013ecf/in_use.lock acquired by nodename 7625@fv-az259-394
2023-09-07 20:30:55,279 [a0cd6e17-3b90-4804-ab26-c3914b9665e9-groupManagement] INFO  storage.RaftStorage (RaftStorageImpl.java:format(96)) - Storage directory /home/runner/work/ozone/ozone/hadoop-ozone/integration-test/target/test-dir/MiniOzoneClusterImpl-7c3c5bdb-9f31-4157-923c-74528274ab7c/datanode-1/data/ratis/cefb9781-cbc1-4f58-b7a1-97d094013ecf has been successfully formatted.
2023-09-07 20:30:55,280 [a0cd6e17-3b90-4804-ab26-c3914b9665e9-groupManagement] INFO  ratis.ContainerStateMachine (ContainerStateMachine.java:loadSnapshot(262)) - group-97D094013ECF: The snapshot info is null. Setting the last applied indexto:(t:0, i:~)
2023-09-07 20:30:55,280 [a0cd6e17-3b90-4804-ab26-c3914b9665e9-groupManagement] INFO  server.RaftServerConfigKeys (ConfUtils.java:logGet(46)) - raft.server.log.use.memory = false (default)
2023-09-07 20:30:55,280 [a0cd6e17-3b90-4804-ab26-c3914b9665e9-groupManagement] INFO  server.RaftServerConfigKeys (ConfUtils.java:logGet(46)) - raft.server.log.purge.gap = 1000000 (custom)
2023-09-07 20:30:55,280 [a0cd6e17-3b90-4804-ab26-c3914b9665e9-groupManagement] INFO  server.RaftServerConfigKeys (ConfUtils.java:logGet(46)) - raft.server.log.appender.buffer.byte-limit = 33554432 (custom)
2023-09-07 20:30:55,280 [a0cd6e17-3b90-4804-ab26-c3914b9665e9-groupManagement] INFO  server.RaftServerConfigKeys (ConfUtils.java:logGet(46)) - raft.server.log.statemachine.data.read.timeout = 1000ms (default)
2023-09-07 20:30:55,280 [a0cd6e17-3b90-4804-ab26-c3914b9665e9-groupManagement] INFO  server.RaftServerConfigKeys (ConfUtils.java:logGet(46)) - raft.server.log.purge.preservation.log.num = 0 (default)
2023-09-07 20:30:55,281 [a0cd6e17-3b90-4804-ab26-c3914b9665e9-groupManagement] INFO  server.RaftServerConfigKeys (ConfUtils.java:logGet(46)) - raft.server.log.segment.size.max = 1048576 (custom)
2023-09-07 20:30:55,281 [a0cd6e17-3b90-4804-ab26-c3914b9665e9-groupManagement] INFO  server.RaftServerConfigKeys (ConfUtils.java:logGet(46)) - raft.server.log.segment.cache.num.max = 2 (custom)
2023-09-07 20:30:55,281 [a0cd6e17-3b90-4804-ab26-c3914b9665e9-groupManagement] INFO  server.RaftServerConfigKeys (ConfUtils.java:logGet(46)) - raft.server.log.segment.cache.size.max = 200MB (=209715200) (default)
2023-09-07 20:30:55,281 [a0cd6e17-3b90-4804-ab26-c3914b9665e9-groupManagement] INFO  server.RaftServerConfigKeys (ConfUtils.java:logGet(46)) - raft.server.log.appender.buffer.byte-limit = 33554432 (custom)
2023-09-07 20:30:55,281 [a0cd6e17-3b90-4804-ab26-c3914b9665e9-groupManagement] INFO  segmented.SegmentedRaftLogWorker (SegmentedRaftLogWorker.java:<init>(188)) - new a0cd6e17-3b90-4804-ab26-c3914b9665e9@group-97D094013ECF-SegmentedRaftLogWorker for RaftStorageImpl:Storage Directory /home/runner/work/ozone/ozone/hadoop-ozone/integration-test/target/test-dir/MiniOzoneClusterImpl-7c3c5bdb-9f31-4157-923c-74528274ab7c/datanode-1/data/ratis/cefb9781-cbc1-4f58-b7a1-97d094013ecf
2023-09-07 20:30:55,281 [a0cd6e17-3b90-4804-ab26-c3914b9665e9-groupManagement] INFO  server.RaftServerConfigKeys (ConfUtils.java:logGet(46)) - raft.server.log.queue.byte-limit = 4294967296 (custom)
2023-09-07 20:30:55,281 [a0cd6e17-3b90-4804-ab26-c3914b9665e9-groupManagement] INFO  server.RaftServerConfigKeys (ConfUtils.java:logGet(46)) - raft.server.log.queue.element-limit = 1024 (custom)
2023-09-07 20:30:55,281 [a0cd6e17-3b90-4804-ab26-c3914b9665e9-groupManagement] INFO  server.RaftServerConfigKeys (ConfUtils.java:logGet(46)) - raft.server.log.segment.size.max = 1048576 (custom)
2023-09-07 20:30:55,281 [a0cd6e17-3b90-4804-ab26-c3914b9665e9-groupManagement] INFO  server.RaftServerConfigKeys (ConfUtils.java:logGet(46)) - raft.server.log.preallocated.size = 16384 (custom)
2023-09-07 20:30:55,281 [a0cd6e17-3b90-4804-ab26-c3914b9665e9-groupManagement] INFO  server.RaftServerConfigKeys (ConfUtils.java:logGet(46)) - raft.server.log.force.sync.num = 128 (default)
2023-09-07 20:30:55,281 [a0cd6e17-3b90-4804-ab26-c3914b9665e9-groupManagement] INFO  server.RaftServerConfigKeys (ConfUtils.java:logGet(46)) - raft.server.log.statemachine.data.sync = true (default)
2023-09-07 20:30:55,281 [a0cd6e17-3b90-4804-ab26-c3914b9665e9-groupManagement] INFO  server.RaftServerConfigKeys (ConfUtils.java:logGet(46)) - raft.server.log.statemachine.data.sync.timeout = 10s (default)
2023-09-07 20:30:55,282 [a0cd6e17-3b90-4804-ab26-c3914b9665e9-groupManagement] INFO  server.RaftServerConfigKeys (ConfUtils.java:logGet(46)) - raft.server.log.statemachine.data.sync.timeout.retry = -1 (default)
2023-09-07 20:30:55,282 [a0cd6e17-3b90-4804-ab26-c3914b9665e9-groupManagement] INFO  server.RaftServerConfigKeys (ConfUtils.java:logGet(46)) - raft.server.log.write.buffer.size = 1048576 (custom)
2023-09-07 20:30:55,283 [a0cd6e17-3b90-4804-ab26-c3914b9665e9-groupManagement] INFO  server.RaftServerConfigKeys (ConfUtils.java:logGet(46)) - raft.server.log.appender.buffer.byte-limit = 33554432 (custom)
2023-09-07 20:30:55,283 [EventQueue-PipelineReportForPipelineReportHandler] INFO  pipeline.PipelineReportHandler (PipelineReportHandler.java:processPipelineReport(136)) - Opened pipeline PipelineID=cefb9781-cbc1-4f58-b7a1-97d094013ecf
2023-09-07 20:30:55,284 [EventQueue-OpenPipelineForHealthyPipelineSafeModeRule] INFO  safemode.SCMSafeModeManager (HealthyPipelineSafeModeRule.java:process(137)) - SCM in safe mode. Healthy pipelines reported count is 0, required healthy pipeline reported count is 1
2023-09-07 20:30:55,289 [a0cd6e17-3b90-4804-ab26-c3914b9665e9-groupManagement] INFO  server.RaftServerConfigKeys (ConfUtils.java:logGet(46)) - raft.server.log.unsafe-flush.enabled = false (default)
2023-09-07 20:30:55,289 [a0cd6e17-3b90-4804-ab26-c3914b9665e9-groupManagement] INFO  server.RaftServerConfigKeys (ConfUtils.java:logGet(46)) - raft.server.log.async-flush.enabled = false (default)
2023-09-07 20:30:55,289 [a0cd6e17-3b90-4804-ab26-c3914b9665e9-groupManagement] INFO  server.RaftServerConfigKeys (ConfUtils.java:logGet(46)) - raft.server.log.statemachine.data.caching.enabled = true (custom)
2023-09-07 20:30:55,290 [a0cd6e17-3b90-4804-ab26-c3914b9665e9-groupManagement] INFO  segmented.SegmentedRaftLogWorker (SegmentedRaftLogWorker.java:lambda$new$0(135)) - a0cd6e17-3b90-4804-ab26-c3914b9665e9@group-97D094013ECF-SegmentedRaftLogWorker: flushIndex: setUnconditionally 0 -> -1
2023-09-07 20:30:55,290 [a0cd6e17-3b90-4804-ab26-c3914b9665e9-groupManagement] INFO  segmented.SegmentedRaftLogWorker (SegmentedRaftLogWorker.java:lambda$new$0(135)) - a0cd6e17-3b90-4804-ab26-c3914b9665e9@group-97D094013ECF-SegmentedRaftLogWorker: safeCacheEvictIndex: setUnconditionally 0 -> -1
2023-09-07 20:30:55,291 [a0cd6e17-3b90-4804-ab26-c3914b9665e9-groupManagement] INFO  server.RaftServer$Division (RaftServerImpl.java:start(342)) - a0cd6e17-3b90-4804-ab26-c3914b9665e9@group-97D094013ECF: start as a follower, conf=-1: peers:[a0cd6e17-3b90-4804-ab26-c3914b9665e9|rpc:10.1.0.11:15129|admin:10.1.0.11:15128|client:10.1.0.11:15127|dataStream:10.1.0.11:15130|priority:1|startupRole:FOLLOWER]|listeners:[], old=null
2023-09-07 20:30:55,291 [a0cd6e17-3b90-4804-ab26-c3914b9665e9-groupManagement] INFO  server.RaftServer$Division (RaftServerImpl.java:setRole(329)) - a0cd6e17-3b90-4804-ab26-c3914b9665e9@group-97D094013ECF: changes role from      null to FOLLOWER at term 0 for startAsFollower
2023-09-07 20:30:55,291 [a0cd6e17-3b90-4804-ab26-c3914b9665e9-groupManagement] INFO  impl.RoleInfo (RoleInfo.java:updateAndGet(139)) - a0cd6e17-3b90-4804-ab26-c3914b9665e9: start a0cd6e17-3b90-4804-ab26-c3914b9665e9@group-97D094013ECF-FollowerState
2023-09-07 20:30:55,291 [a0cd6e17-3b90-4804-ab26-c3914b9665e9@group-97D094013ECF-FollowerState] INFO  server.RaftServerConfigKeys (ConfUtils.java:logFallback(53)) - raft.server.rpc.first-election.timeout.min = 5s (fallback to raft.server.rpc.timeout.min)
2023-09-07 20:30:55,291 [a0cd6e17-3b90-4804-ab26-c3914b9665e9-groupManagement] INFO  util.JmxRegister (JmxRegister.java:tryRegister(44)) - Successfully registered JMX Bean with object name Ratis:service=RaftServer,group=group-97D094013ECF,id=a0cd6e17-3b90-4804-ab26-c3914b9665e9
2023-09-07 20:30:55,291 [a0cd6e17-3b90-4804-ab26-c3914b9665e9@group-97D094013ECF-FollowerState] INFO  server.RaftServerConfigKeys (ConfUtils.java:logFallback(53)) - raft.server.rpc.first-election.timeout.max = 5200ms (fallback to raft.server.rpc.timeout.max)
2023-09-07 20:30:55,291 [a0cd6e17-3b90-4804-ab26-c3914b9665e9-groupManagement] INFO  server.RaftServerConfigKeys (ConfUtils.java:logGet(46)) - raft.server.snapshot.auto.trigger.enabled = true (custom)
2023-09-07 20:30:55,291 [a0cd6e17-3b90-4804-ab26-c3914b9665e9-groupManagement] INFO  server.RaftServerConfigKeys (ConfUtils.java:logGet(46)) - raft.server.snapshot.auto.trigger.threshold = 10000 (custom)
2023-09-07 20:30:55,291 [a0cd6e17-3b90-4804-ab26-c3914b9665e9-groupManagement] INFO  server.RaftServerConfigKeys (ConfUtils.java:logGet(46)) - raft.server.snapshot.retention.file.num = 5 (custom)
2023-09-07 20:30:55,291 [a0cd6e17-3b90-4804-ab26-c3914b9665e9-groupManagement] INFO  server.RaftServerConfigKeys (ConfUtils.java:logGet(46)) - raft.server.log.purge.upto.snapshot.index = false (default)
2023-09-07 20:30:55,292 [PipelineCommandHandlerThread-0] INFO  ratis.XceiverServerRatis (XceiverServerRatis.java:addGroup(804)) - Created group PipelineID=cefb9781-cbc1-4f58-b7a1-97d094013ecf
2023-09-07 20:30:55,292 [PipelineCommandHandlerThread-0] INFO  commandhandler.CreatePipelineCommandHandler (CreatePipelineCommandHandler.java:lambda$handle$2(124)) - Created Pipeline RATIS ONE PipelineID=cefb9781-cbc1-4f58-b7a1-97d094013ecf.
2023-09-07 20:30:55,435 [main] INFO  ozone.MiniOzoneClusterImpl (MiniOzoneClusterImpl.java:lambda$waitForClusterToBeReady$0(224)) - Nodes are ready. Got 5 of 5 DN Heartbeats.
2023-09-07 20:30:55,435 [main] INFO  ozone.MiniOzoneClusterImpl (MiniOzoneClusterImpl.java:lambda$waitForClusterToBeReady$0(227)) - Waiting for cluster to exit safe mode
2023-09-07 20:30:55,435 [main] INFO  ozone.MiniOzoneClusterImpl (MiniOzoneClusterImpl.java:lambda$waitForClusterToBeReady$0(229)) - SCM became leader
2023-09-07 20:30:55,656 [PipelineCommandHandlerThread-0] INFO  server.RaftServer (RaftServerProxy.java:addNew(98)) - 114a9516-507d-4df3-bbf0-358fc4f720dd: addNew group-F3A6382101F2:[114a9516-507d-4df3-bbf0-358fc4f720dd|rpc:10.1.0.11:15138|admin:10.1.0.11:15137|client:10.1.0.11:15136|dataStream:10.1.0.11:15139|priority:1|startupRole:FOLLOWER] returns group-F3A6382101F2:java.util.concurrent.CompletableFuture@5ccf19e9[Not completed]
2023-09-07 20:30:55,657 [114a9516-507d-4df3-bbf0-358fc4f720dd-groupManagement] INFO  server.RaftServer$Division (RaftServerImpl.java:<init>(198)) - 114a9516-507d-4df3-bbf0-358fc4f720dd: new RaftServerImpl for group-F3A6382101F2:[114a9516-507d-4df3-bbf0-358fc4f720dd|rpc:10.1.0.11:15138|admin:10.1.0.11:15137|client:10.1.0.11:15136|dataStream:10.1.0.11:15139|priority:1|startupRole:FOLLOWER] with ContainerStateMachine:uninitialized
2023-09-07 20:30:55,657 [114a9516-507d-4df3-bbf0-358fc4f720dd-groupManagement] INFO  server.RaftServerConfigKeys (ConfUtils.java:logGet(46)) - raft.server.rpc.timeout.min = 5s (custom)
2023-09-07 20:30:55,659 [114a9516-507d-4df3-bbf0-358fc4f720dd-groupManagement] INFO  server.RaftServerConfigKeys (ConfUtils.java:logGet(46)) - raft.server.rpc.timeout.max = 5200ms (custom)
2023-09-07 20:30:55,659 [114a9516-507d-4df3-bbf0-358fc4f720dd-groupManagement] INFO  server.RaftServerConfigKeys (ConfUtils.java:logGet(46)) - raft.server.rpc.sleep.time = 25ms (default)
2023-09-07 20:30:55,659 [114a9516-507d-4df3-bbf0-358fc4f720dd-groupManagement] INFO  server.RaftServerConfigKeys (ConfUtils.java:logGet(46)) - raft.server.rpc.slowness.timeout = 300s (custom)
2023-09-07 20:30:55,659 [114a9516-507d-4df3-bbf0-358fc4f720dd-groupManagement] INFO  server.RaftServerConfigKeys (ConfUtils.java:logGet(46)) - raft.server.leaderelection.leader.step-down.wait-time = 10s (default)
2023-09-07 20:30:55,659 [114a9516-507d-4df3-bbf0-358fc4f720dd-groupManagement] INFO  server.RaftServerConfigKeys (ConfUtils.java:logGet(46)) - raft.server.sleep.deviation.threshold = 300ms (default)
2023-09-07 20:30:55,659 [114a9516-507d-4df3-bbf0-358fc4f720dd-groupManagement] INFO  server.RaftServer$Division (ServerState.java:<init>(120)) - 114a9516-507d-4df3-bbf0-358fc4f720dd@group-F3A6382101F2: ConfigurationManager, init=-1: peers:[114a9516-507d-4df3-bbf0-358fc4f720dd|rpc:10.1.0.11:15138|admin:10.1.0.11:15137|client:10.1.0.11:15136|dataStream:10.1.0.11:15139|priority:1|startupRole:FOLLOWER]|listeners:[], old=null, confs=<EMPTY_MAP>
2023-09-07 20:30:55,659 [114a9516-507d-4df3-bbf0-358fc4f720dd-groupManagement] INFO  server.RaftServerConfigKeys (ConfUtils.java:logGet(46)) - raft.server.storage.dir = [/home/runner/work/ozone/ozone/hadoop-ozone/integration-test/target/test-dir/MiniOzoneClusterImpl-7c3c5bdb-9f31-4157-923c-74528274ab7c/datanode-2/data/ratis] (custom)
2023-09-07 20:30:55,659 [114a9516-507d-4df3-bbf0-358fc4f720dd-groupManagement] INFO  server.RaftServerConfigKeys (ConfUtils.java:logGet(46)) - raft.server.log.corruption.policy = EXCEPTION (default)
2023-09-07 20:30:55,659 [114a9516-507d-4df3-bbf0-358fc4f720dd-groupManagement] INFO  server.RaftServerConfigKeys (ConfUtils.java:logGet(46)) - raft.server.storage.free-space.min = 0MB (=0) (default)
2023-09-07 20:30:55,660 [114a9516-507d-4df3-bbf0-358fc4f720dd-groupManagement] INFO  server.RaftServerConfigKeys (ConfUtils.java:logGet(46)) - raft.server.notification.no-leader.timeout = 300s (custom)
2023-09-07 20:30:55,660 [114a9516-507d-4df3-bbf0-358fc4f720dd-groupManagement] INFO  server.RaftServerConfigKeys (ConfUtils.java:logGet(46)) - raft.server.read.timeout = 10s (default)
2023-09-07 20:30:55,660 [114a9516-507d-4df3-bbf0-358fc4f720dd-groupManagement] INFO  server.RaftServerConfigKeys (ConfUtils.java:logGet(46)) - raft.server.retrycache.expirytime = 600000ms (custom)
2023-09-07 20:30:55,660 [114a9516-507d-4df3-bbf0-358fc4f720dd-groupManagement] INFO  server.RaftServerConfigKeys (ConfUtils.java:logGet(46)) - raft.server.retrycache.statistics.expirytime = 100μs (default)
2023-09-07 20:30:55,660 [114a9516-507d-4df3-bbf0-358fc4f720dd-groupManagement] INFO  server.RaftServerConfigKeys (ConfUtils.java:logGet(46)) - raft.server.read.option = DEFAULT (default)
2023-09-07 20:30:55,661 [114a9516-507d-4df3-bbf0-358fc4f720dd-groupManagement] INFO  server.RaftServerConfigKeys (ConfUtils.java:logGet(46)) - raft.server.rpc.request.timeout = 60s (custom)
2023-09-07 20:30:55,661 [114a9516-507d-4df3-bbf0-358fc4f720dd-groupManagement] INFO  server.RaftServerConfigKeys (ConfUtils.java:logGet(46)) - raft.server.log.appender.install.snapshot.enabled = false (custom)
2023-09-07 20:30:55,661 [114a9516-507d-4df3-bbf0-358fc4f720dd-groupManagement] INFO  server.RaftServerConfigKeys (ConfUtils.java:logGet(46)) - raft.server.threadpool.server.cached = true (default)
2023-09-07 20:30:55,661 [114a9516-507d-4df3-bbf0-358fc4f720dd-groupManagement] INFO  server.RaftServerConfigKeys (ConfUtils.java:logGet(46)) - raft.server.threadpool.server.size = 0 (default)
2023-09-07 20:30:55,661 [114a9516-507d-4df3-bbf0-358fc4f720dd-groupManagement] INFO  server.RaftServerConfigKeys (ConfUtils.java:logGet(46)) - raft.server.threadpool.client.cached = true (default)
2023-09-07 20:30:55,661 [114a9516-507d-4df3-bbf0-358fc4f720dd-groupManagement] INFO  server.RaftServerConfigKeys (ConfUtils.java:logGet(46)) - raft.server.threadpool.client.size = 0 (default)
2023-09-07 20:30:55,661 [114a9516-507d-4df3-bbf0-358fc4f720dd-groupManagement] INFO  storage.RaftStorageDirectory (RaftStorageDirectoryImpl.java:analyzeStorage(137)) - The storage directory /home/runner/work/ozone/ozone/hadoop-ozone/integration-test/target/test-dir/MiniOzoneClusterImpl-7c3c5bdb-9f31-4157-923c-74528274ab7c/datanode-2/data/ratis/ea302dc6-52d0-4b85-bf72-f3a6382101f2 does not exist. Creating ...
2023-09-07 20:30:55,662 [114a9516-507d-4df3-bbf0-358fc4f720dd-groupManagement] INFO  storage.RaftStorageDirectory (RaftStorageDirectoryImpl.java:tryLock(231)) - Lock on /home/runner/work/ozone/ozone/hadoop-ozone/integration-test/target/test-dir/MiniOzoneClusterImpl-7c3c5bdb-9f31-4157-923c-74528274ab7c/datanode-2/data/ratis/ea302dc6-52d0-4b85-bf72-f3a6382101f2/in_use.lock acquired by nodename 7625@fv-az259-394
2023-09-07 20:30:55,664 [114a9516-507d-4df3-bbf0-358fc4f720dd-groupManagement] INFO  storage.RaftStorage (RaftStorageImpl.java:format(96)) - Storage directory /home/runner/work/ozone/ozone/hadoop-ozone/integration-test/target/test-dir/MiniOzoneClusterImpl-7c3c5bdb-9f31-4157-923c-74528274ab7c/datanode-2/data/ratis/ea302dc6-52d0-4b85-bf72-f3a6382101f2 has been successfully formatted.
2023-09-07 20:30:55,665 [114a9516-507d-4df3-bbf0-358fc4f720dd-groupManagement] INFO  ratis.ContainerStateMachine (ContainerStateMachine.java:loadSnapshot(262)) - group-F3A6382101F2: The snapshot info is null. Setting the last applied indexto:(t:0, i:~)
2023-09-07 20:30:55,665 [114a9516-507d-4df3-bbf0-358fc4f720dd-groupManagement] INFO  server.RaftServerConfigKeys (ConfUtils.java:logGet(46)) - raft.server.log.use.memory = false (default)
2023-09-07 20:30:55,665 [114a9516-507d-4df3-bbf0-358fc4f720dd-groupManagement] INFO  server.RaftServerConfigKeys (ConfUtils.java:logGet(46)) - raft.server.log.purge.gap = 1000000 (custom)
2023-09-07 20:30:55,666 [114a9516-507d-4df3-bbf0-358fc4f720dd-groupManagement] INFO  server.RaftServerConfigKeys (ConfUtils.java:logGet(46)) - raft.server.log.appender.buffer.byte-limit = 33554432 (custom)
2023-09-07 20:30:55,666 [114a9516-507d-4df3-bbf0-358fc4f720dd-groupManagement] INFO  server.RaftServerConfigKeys (ConfUtils.java:logGet(46)) - raft.server.log.statemachine.data.read.timeout = 1000ms (default)
2023-09-07 20:30:55,666 [114a9516-507d-4df3-bbf0-358fc4f720dd-groupManagement] INFO  server.RaftServerConfigKeys (ConfUtils.java:logGet(46)) - raft.server.log.purge.preservation.log.num = 0 (default)
2023-09-07 20:30:55,666 [114a9516-507d-4df3-bbf0-358fc4f720dd-groupManagement] INFO  server.RaftServerConfigKeys (ConfUtils.java:logGet(46)) - raft.server.log.segment.size.max = 1048576 (custom)
2023-09-07 20:30:55,667 [114a9516-507d-4df3-bbf0-358fc4f720dd-groupManagement] INFO  server.RaftServerConfigKeys (ConfUtils.java:logGet(46)) - raft.server.log.segment.cache.num.max = 2 (custom)
2023-09-07 20:30:55,667 [114a9516-507d-4df3-bbf0-358fc4f720dd-groupManagement] INFO  server.RaftServerConfigKeys (ConfUtils.java:logGet(46)) - raft.server.log.segment.cache.size.max = 200MB (=209715200) (default)
2023-09-07 20:30:55,667 [114a9516-507d-4df3-bbf0-358fc4f720dd-groupManagement] INFO  server.RaftServerConfigKeys (ConfUtils.java:logGet(46)) - raft.server.log.appender.buffer.byte-limit = 33554432 (custom)
2023-09-07 20:30:55,667 [114a9516-507d-4df3-bbf0-358fc4f720dd-groupManagement] INFO  segmented.SegmentedRaftLogWorker (SegmentedRaftLogWorker.java:<init>(188)) - new 114a9516-507d-4df3-bbf0-358fc4f720dd@group-F3A6382101F2-SegmentedRaftLogWorker for RaftStorageImpl:Storage Directory /home/runner/work/ozone/ozone/hadoop-ozone/integration-test/target/test-dir/MiniOzoneClusterImpl-7c3c5bdb-9f31-4157-923c-74528274ab7c/datanode-2/data/ratis/ea302dc6-52d0-4b85-bf72-f3a6382101f2
2023-09-07 20:30:55,667 [114a9516-507d-4df3-bbf0-358fc4f720dd-groupManagement] INFO  server.RaftServerConfigKeys (ConfUtils.java:logGet(46)) - raft.server.log.queue.byte-limit = 4294967296 (custom)
2023-09-07 20:30:55,667 [114a9516-507d-4df3-bbf0-358fc4f720dd-groupManagement] INFO  server.RaftServerConfigKeys (ConfUtils.java:logGet(46)) - raft.server.log.queue.element-limit = 1024 (custom)
2023-09-07 20:30:55,667 [114a9516-507d-4df3-bbf0-358fc4f720dd-groupManagement] INFO  server.RaftServerConfigKeys (ConfUtils.java:logGet(46)) - raft.server.log.segment.size.max = 1048576 (custom)
2023-09-07 20:30:55,667 [114a9516-507d-4df3-bbf0-358fc4f720dd-groupManagement] INFO  server.RaftServerConfigKeys (ConfUtils.java:logGet(46)) - raft.server.log.preallocated.size = 16384 (custom)
2023-09-07 20:30:55,667 [114a9516-507d-4df3-bbf0-358fc4f720dd-groupManagement] INFO  server.RaftServerConfigKeys (ConfUtils.java:logGet(46)) - raft.server.log.force.sync.num = 128 (default)
2023-09-07 20:30:55,667 [114a9516-507d-4df3-bbf0-358fc4f720dd-groupManagement] INFO  server.RaftServerConfigKeys (ConfUtils.java:logGet(46)) - raft.server.log.statemachine.data.sync = true (default)
2023-09-07 20:30:55,667 [114a9516-507d-4df3-bbf0-358fc4f720dd-groupManagement] INFO  server.RaftServerConfigKeys (ConfUtils.java:logGet(46)) - raft.server.log.statemachine.data.sync.timeout = 10s (default)
2023-09-07 20:30:55,667 [114a9516-507d-4df3-bbf0-358fc4f720dd-groupManagement] INFO  server.RaftServerConfigKeys (ConfUtils.java:logGet(46)) - raft.server.log.statemachine.data.sync.timeout.retry = -1 (default)
2023-09-07 20:30:55,668 [114a9516-507d-4df3-bbf0-358fc4f720dd-groupManagement] INFO  server.RaftServerConfigKeys (ConfUtils.java:logGet(46)) - raft.server.log.write.buffer.size = 1048576 (custom)
2023-09-07 20:30:55,666 [EventQueue-PipelineReportForPipelineReportHandler] INFO  pipeline.PipelineReportHandler (PipelineReportHandler.java:processPipelineReport(136)) - Opened pipeline PipelineID=ea302dc6-52d0-4b85-bf72-f3a6382101f2
2023-09-07 20:30:55,668 [EventQueue-OpenPipelineForHealthyPipelineSafeModeRule] INFO  safemode.SCMSafeModeManager (HealthyPipelineSafeModeRule.java:process(137)) - SCM in safe mode. Healthy pipelines reported count is 0, required healthy pipeline reported count is 1
2023-09-07 20:30:55,669 [114a9516-507d-4df3-bbf0-358fc4f720dd-groupManagement] INFO  server.RaftServerConfigKeys (ConfUtils.java:logGet(46)) - raft.server.log.appender.buffer.byte-limit = 33554432 (custom)
2023-09-07 20:30:55,675 [114a9516-507d-4df3-bbf0-358fc4f720dd-groupManagement] INFO  server.RaftServerConfigKeys (ConfUtils.java:logGet(46)) - raft.server.log.unsafe-flush.enabled = false (default)
2023-09-07 20:30:55,675 [114a9516-507d-4df3-bbf0-358fc4f720dd-groupManagement] INFO  server.RaftServerConfigKeys (ConfUtils.java:logGet(46)) - raft.server.log.async-flush.enabled = false (default)
2023-09-07 20:30:55,675 [114a9516-507d-4df3-bbf0-358fc4f720dd-groupManagement] INFO  server.RaftServerConfigKeys (ConfUtils.java:logGet(46)) - raft.server.log.statemachine.data.caching.enabled = true (custom)
2023-09-07 20:30:55,676 [114a9516-507d-4df3-bbf0-358fc4f720dd-groupManagement] INFO  segmented.SegmentedRaftLogWorker (SegmentedRaftLogWorker.java:lambda$new$0(135)) - 114a9516-507d-4df3-bbf0-358fc4f720dd@group-F3A6382101F2-SegmentedRaftLogWorker: flushIndex: setUnconditionally 0 -> -1
2023-09-07 20:30:55,676 [114a9516-507d-4df3-bbf0-358fc4f720dd-groupManagement] INFO  segmented.SegmentedRaftLogWorker (SegmentedRaftLogWorker.java:lambda$new$0(135)) - 114a9516-507d-4df3-bbf0-358fc4f720dd@group-F3A6382101F2-SegmentedRaftLogWorker: safeCacheEvictIndex: setUnconditionally 0 -> -1
2023-09-07 20:30:55,676 [114a9516-507d-4df3-bbf0-358fc4f720dd-groupManagement] INFO  server.RaftServer$Division (RaftServerImpl.java:start(342)) - 114a9516-507d-4df3-bbf0-358fc4f720dd@group-F3A6382101F2: start as a follower, conf=-1: peers:[114a9516-507d-4df3-bbf0-358fc4f720dd|rpc:10.1.0.11:15138|admin:10.1.0.11:15137|client:10.1.0.11:15136|dataStream:10.1.0.11:15139|priority:1|startupRole:FOLLOWER]|listeners:[], old=null
2023-09-07 20:30:55,676 [114a9516-507d-4df3-bbf0-358fc4f720dd-groupManagement] INFO  server.RaftServer$Division (RaftServerImpl.java:setRole(329)) - 114a9516-507d-4df3-bbf0-358fc4f720dd@group-F3A6382101F2: changes role from      null to FOLLOWER at term 0 for startAsFollower
2023-09-07 20:30:55,676 [114a9516-507d-4df3-bbf0-358fc4f720dd-groupManagement] INFO  impl.RoleInfo (RoleInfo.java:updateAndGet(139)) - 114a9516-507d-4df3-bbf0-358fc4f720dd: start 114a9516-507d-4df3-bbf0-358fc4f720dd@group-F3A6382101F2-FollowerState
2023-09-07 20:30:55,677 [114a9516-507d-4df3-bbf0-358fc4f720dd-groupManagement] INFO  util.JmxRegister (JmxRegister.java:tryRegister(44)) - Successfully registered JMX Bean with object name Ratis:service=RaftServer,group=group-F3A6382101F2,id=114a9516-507d-4df3-bbf0-358fc4f720dd
2023-09-07 20:30:55,677 [114a9516-507d-4df3-bbf0-358fc4f720dd@group-F3A6382101F2-FollowerState] INFO  server.RaftServerConfigKeys (ConfUtils.java:logFallback(53)) - raft.server.rpc.first-election.timeout.min = 5s (fallback to raft.server.rpc.timeout.min)
2023-09-07 20:30:55,683 [114a9516-507d-4df3-bbf0-358fc4f720dd@group-F3A6382101F2-FollowerState] INFO  server.RaftServerConfigKeys (ConfUtils.java:logFallback(53)) - raft.server.rpc.first-election.timeout.max = 5200ms (fallback to raft.server.rpc.timeout.max)
2023-09-07 20:30:55,677 [114a9516-507d-4df3-bbf0-358fc4f720dd-groupManagement] INFO  server.RaftServerConfigKeys (ConfUtils.java:logGet(46)) - raft.server.snapshot.auto.trigger.enabled = true (custom)
2023-09-07 20:30:55,683 [114a9516-507d-4df3-bbf0-358fc4f720dd-groupManagement] INFO  server.RaftServerConfigKeys (ConfUtils.java:logGet(46)) - raft.server.snapshot.auto.trigger.threshold = 10000 (custom)
2023-09-07 20:30:55,683 [114a9516-507d-4df3-bbf0-358fc4f720dd-groupManagement] INFO  server.RaftServerConfigKeys (ConfUtils.java:logGet(46)) - raft.server.snapshot.retention.file.num = 5 (custom)
2023-09-07 20:30:55,683 [114a9516-507d-4df3-bbf0-358fc4f720dd-groupManagement] INFO  server.RaftServerConfigKeys (ConfUtils.java:logGet(46)) - raft.server.log.purge.upto.snapshot.index = false (default)
2023-09-07 20:30:55,692 [PipelineCommandHandlerThread-0] INFO  ratis.XceiverServerRatis (XceiverServerRatis.java:addGroup(804)) - Created group PipelineID=ea302dc6-52d0-4b85-bf72-f3a6382101f2
2023-09-07 20:30:55,692 [PipelineCommandHandlerThread-0] INFO  commandhandler.CreatePipelineCommandHandler (CreatePipelineCommandHandler.java:lambda$handle$2(124)) - Created Pipeline RATIS ONE PipelineID=ea302dc6-52d0-4b85-bf72-f3a6382101f2.
2023-09-07 20:30:56,076 [PipelineCommandHandlerThread-0] INFO  server.RaftServer (RaftServerProxy.java:addNew(98)) - 030e9783-811e-46a4-8bf6-f2375cfbdf83: addNew group-BA6B8BD27B8B:[030e9783-811e-46a4-8bf6-f2375cfbdf83|rpc:10.1.0.11:15147|admin:10.1.0.11:15146|client:10.1.0.11:15145|dataStream:10.1.0.11:15148|priority:1|startupRole:FOLLOWER] returns group-BA6B8BD27B8B:java.util.concurrent.CompletableFuture@50c6b494[Not completed]
2023-09-07 20:30:56,077 [030e9783-811e-46a4-8bf6-f2375cfbdf83-groupManagement] INFO  server.RaftServer$Division (RaftServerImpl.java:<init>(198)) - 030e9783-811e-46a4-8bf6-f2375cfbdf83: new RaftServerImpl for group-BA6B8BD27B8B:[030e9783-811e-46a4-8bf6-f2375cfbdf83|rpc:10.1.0.11:15147|admin:10.1.0.11:15146|client:10.1.0.11:15145|dataStream:10.1.0.11:15148|priority:1|startupRole:FOLLOWER] with ContainerStateMachine:uninitialized
2023-09-07 20:30:56,077 [030e9783-811e-46a4-8bf6-f2375cfbdf83-groupManagement] INFO  server.RaftServerConfigKeys (ConfUtils.java:logGet(46)) - raft.server.rpc.timeout.min = 5s (custom)
2023-09-07 20:30:56,077 [030e9783-811e-46a4-8bf6-f2375cfbdf83-groupManagement] INFO  server.RaftServerConfigKeys (ConfUtils.java:logGet(46)) - raft.server.rpc.timeout.max = 5200ms (custom)
2023-09-07 20:30:56,077 [030e9783-811e-46a4-8bf6-f2375cfbdf83-groupManagement] INFO  server.RaftServerConfigKeys (ConfUtils.java:logGet(46)) - raft.server.rpc.sleep.time = 25ms (default)
2023-09-07 20:30:56,077 [030e9783-811e-46a4-8bf6-f2375cfbdf83-groupManagement] INFO  server.RaftServerConfigKeys (ConfUtils.java:logGet(46)) - raft.server.rpc.slowness.timeout = 300s (custom)
2023-09-07 20:30:56,077 [030e9783-811e-46a4-8bf6-f2375cfbdf83-groupManagement] INFO  server.RaftServerConfigKeys (ConfUtils.java:logGet(46)) - raft.server.leaderelection.leader.step-down.wait-time = 10s (default)
2023-09-07 20:30:56,078 [030e9783-811e-46a4-8bf6-f2375cfbdf83-groupManagement] INFO  server.RaftServerConfigKeys (ConfUtils.java:logGet(46)) - raft.server.sleep.deviation.threshold = 300ms (default)
2023-09-07 20:30:56,078 [030e9783-811e-46a4-8bf6-f2375cfbdf83-groupManagement] INFO  server.RaftServer$Division (ServerState.java:<init>(120)) - 030e9783-811e-46a4-8bf6-f2375cfbdf83@group-BA6B8BD27B8B: ConfigurationManager, init=-1: peers:[030e9783-811e-46a4-8bf6-f2375cfbdf83|rpc:10.1.0.11:15147|admin:10.1.0.11:15146|client:10.1.0.11:15145|dataStream:10.1.0.11:15148|priority:1|startupRole:FOLLOWER]|listeners:[], old=null, confs=<EMPTY_MAP>
2023-09-07 20:30:56,078 [030e9783-811e-46a4-8bf6-f2375cfbdf83-groupManagement] INFO  server.RaftServerConfigKeys (ConfUtils.java:logGet(46)) - raft.server.storage.dir = [/home/runner/work/ozone/ozone/hadoop-ozone/integration-test/target/test-dir/MiniOzoneClusterImpl-7c3c5bdb-9f31-4157-923c-74528274ab7c/datanode-3/data/ratis] (custom)
2023-09-07 20:30:56,078 [030e9783-811e-46a4-8bf6-f2375cfbdf83-groupManagement] INFO  server.RaftServerConfigKeys (ConfUtils.java:logGet(46)) - raft.server.log.corruption.policy = EXCEPTION (default)
2023-09-07 20:30:56,078 [030e9783-811e-46a4-8bf6-f2375cfbdf83-groupManagement] INFO  server.RaftServerConfigKeys (ConfUtils.java:logGet(46)) - raft.server.storage.free-space.min = 0MB (=0) (default)
2023-09-07 20:30:56,078 [030e9783-811e-46a4-8bf6-f2375cfbdf83-groupManagement] INFO  server.RaftServerConfigKeys (ConfUtils.java:logGet(46)) - raft.server.notification.no-leader.timeout = 300s (custom)
2023-09-07 20:30:56,078 [030e9783-811e-46a4-8bf6-f2375cfbdf83-groupManagement] INFO  server.RaftServerConfigKeys (ConfUtils.java:logGet(46)) - raft.server.read.timeout = 10s (default)
2023-09-07 20:30:56,078 [030e9783-811e-46a4-8bf6-f2375cfbdf83-groupManagement] INFO  server.RaftServerConfigKeys (ConfUtils.java:logGet(46)) - raft.server.retrycache.expirytime = 600000ms (custom)
2023-09-07 20:30:56,078 [030e9783-811e-46a4-8bf6-f2375cfbdf83-groupManagement] INFO  server.RaftServerConfigKeys (ConfUtils.java:logGet(46)) - raft.server.retrycache.statistics.expirytime = 100μs (default)
2023-09-07 20:30:56,078 [030e9783-811e-46a4-8bf6-f2375cfbdf83-groupManagement] INFO  server.RaftServerConfigKeys (ConfUtils.java:logGet(46)) - raft.server.read.option = DEFAULT (default)
2023-09-07 20:30:56,079 [030e9783-811e-46a4-8bf6-f2375cfbdf83-groupManagement] INFO  server.RaftServerConfigKeys (ConfUtils.java:logGet(46)) - raft.server.rpc.request.timeout = 60s (custom)
2023-09-07 20:30:56,079 [030e9783-811e-46a4-8bf6-f2375cfbdf83-groupManagement] INFO  server.RaftServerConfigKeys (ConfUtils.java:logGet(46)) - raft.server.log.appender.install.snapshot.enabled = false (custom)
2023-09-07 20:30:56,079 [030e9783-811e-46a4-8bf6-f2375cfbdf83-groupManagement] INFO  server.RaftServerConfigKeys (ConfUtils.java:logGet(46)) - raft.server.threadpool.server.cached = true (default)
2023-09-07 20:30:56,079 [030e9783-811e-46a4-8bf6-f2375cfbdf83-groupManagement] INFO  server.RaftServerConfigKeys (ConfUtils.java:logGet(46)) - raft.server.threadpool.server.size = 0 (default)
2023-09-07 20:30:56,080 [030e9783-811e-46a4-8bf6-f2375cfbdf83-groupManagement] INFO  server.RaftServerConfigKeys (ConfUtils.java:logGet(46)) - raft.server.threadpool.client.cached = true (default)
2023-09-07 20:30:56,080 [030e9783-811e-46a4-8bf6-f2375cfbdf83-groupManagement] INFO  server.RaftServerConfigKeys (ConfUtils.java:logGet(46)) - raft.server.threadpool.client.size = 0 (default)
2023-09-07 20:30:56,080 [030e9783-811e-46a4-8bf6-f2375cfbdf83-groupManagement] INFO  storage.RaftStorageDirectory (RaftStorageDirectoryImpl.java:analyzeStorage(137)) - The storage directory /home/runner/work/ozone/ozone/hadoop-ozone/integration-test/target/test-dir/MiniOzoneClusterImpl-7c3c5bdb-9f31-4157-923c-74528274ab7c/datanode-3/data/ratis/6fb40b8b-e41c-44ac-8a44-ba6b8bd27b8b does not exist. Creating ...
2023-09-07 20:30:56,082 [030e9783-811e-46a4-8bf6-f2375cfbdf83-groupManagement] INFO  storage.RaftStorageDirectory (RaftStorageDirectoryImpl.java:tryLock(231)) - Lock on /home/runner/work/ozone/ozone/hadoop-ozone/integration-test/target/test-dir/MiniOzoneClusterImpl-7c3c5bdb-9f31-4157-923c-74528274ab7c/datanode-3/data/ratis/6fb40b8b-e41c-44ac-8a44-ba6b8bd27b8b/in_use.lock acquired by nodename 7625@fv-az259-394
2023-09-07 20:30:56,084 [030e9783-811e-46a4-8bf6-f2375cfbdf83-groupManagement] INFO  storage.RaftStorage (RaftStorageImpl.java:format(96)) - Storage directory /home/runner/work/ozone/ozone/hadoop-ozone/integration-test/target/test-dir/MiniOzoneClusterImpl-7c3c5bdb-9f31-4157-923c-74528274ab7c/datanode-3/data/ratis/6fb40b8b-e41c-44ac-8a44-ba6b8bd27b8b has been successfully formatted.
2023-09-07 20:30:56,086 [030e9783-811e-46a4-8bf6-f2375cfbdf83-groupManagement] INFO  ratis.ContainerStateMachine (ContainerStateMachine.java:loadSnapshot(262)) - group-BA6B8BD27B8B: The snapshot info is null. Setting the last applied indexto:(t:0, i:~)
2023-09-07 20:30:56,086 [030e9783-811e-46a4-8bf6-f2375cfbdf83-groupManagement] INFO  server.RaftServerConfigKeys (ConfUtils.java:logGet(46)) - raft.server.log.use.memory = false (default)
2023-09-07 20:30:56,086 [030e9783-811e-46a4-8bf6-f2375cfbdf83-groupManagement] INFO  server.RaftServerConfigKeys (ConfUtils.java:logGet(46)) - raft.server.log.purge.gap = 1000000 (custom)
2023-09-07 20:30:56,087 [030e9783-811e-46a4-8bf6-f2375cfbdf83-groupManagement] INFO  server.RaftServerConfigKeys (ConfUtils.java:logGet(46)) - raft.server.log.appender.buffer.byte-limit = 33554432 (custom)
2023-09-07 20:30:56,087 [030e9783-811e-46a4-8bf6-f2375cfbdf83-groupManagement] INFO  server.RaftServerConfigKeys (ConfUtils.java:logGet(46)) - raft.server.log.statemachine.data.read.timeout = 1000ms (default)
2023-09-07 20:30:56,087 [030e9783-811e-46a4-8bf6-f2375cfbdf83-groupManagement] INFO  server.RaftServerConfigKeys (ConfUtils.java:logGet(46)) - raft.server.log.purge.preservation.log.num = 0 (default)
2023-09-07 20:30:56,087 [EventQueue-PipelineReportForPipelineReportHandler] INFO  pipeline.PipelineReportHandler (PipelineReportHandler.java:processPipelineReport(136)) - Opened pipeline PipelineID=6fb40b8b-e41c-44ac-8a44-ba6b8bd27b8b
2023-09-07 20:30:56,088 [EventQueue-OpenPipelineForHealthyPipelineSafeModeRule] INFO  safemode.SCMSafeModeManager (HealthyPipelineSafeModeRule.java:process(137)) - SCM in safe mode. Healthy pipelines reported count is 0, required healthy pipeline reported count is 1
2023-09-07 20:30:56,088 [030e9783-811e-46a4-8bf6-f2375cfbdf83-groupManagement] INFO  server.RaftServerConfigKeys (ConfUtils.java:logGet(46)) - raft.server.log.segment.size.max = 1048576 (custom)
2023-09-07 20:30:56,088 [030e9783-811e-46a4-8bf6-f2375cfbdf83-groupManagement] INFO  server.RaftServerConfigKeys (ConfUtils.java:logGet(46)) - raft.server.log.segment.cache.num.max = 2 (custom)
2023-09-07 20:30:56,088 [030e9783-811e-46a4-8bf6-f2375cfbdf83-groupManagement] INFO  server.RaftServerConfigKeys (ConfUtils.java:logGet(46)) - raft.server.log.segment.cache.size.max = 200MB (=209715200) (default)
2023-09-07 20:30:56,088 [030e9783-811e-46a4-8bf6-f2375cfbdf83-groupManagement] INFO  server.RaftServerConfigKeys (ConfUtils.java:logGet(46)) - raft.server.log.appender.buffer.byte-limit = 33554432 (custom)
2023-09-07 20:30:56,088 [030e9783-811e-46a4-8bf6-f2375cfbdf83-groupManagement] INFO  segmented.SegmentedRaftLogWorker (SegmentedRaftLogWorker.java:<init>(188)) - new 030e9783-811e-46a4-8bf6-f2375cfbdf83@group-BA6B8BD27B8B-SegmentedRaftLogWorker for RaftStorageImpl:Storage Directory /home/runner/work/ozone/ozone/hadoop-ozone/integration-test/target/test-dir/MiniOzoneClusterImpl-7c3c5bdb-9f31-4157-923c-74528274ab7c/datanode-3/data/ratis/6fb40b8b-e41c-44ac-8a44-ba6b8bd27b8b
2023-09-07 20:30:56,088 [030e9783-811e-46a4-8bf6-f2375cfbdf83-groupManagement] INFO  server.RaftServerConfigKeys (ConfUtils.java:logGet(46)) - raft.server.log.queue.byte-limit = 4294967296 (custom)
2023-09-07 20:30:56,088 [030e9783-811e-46a4-8bf6-f2375cfbdf83-groupManagement] INFO  server.RaftServerConfigKeys (ConfUtils.java:logGet(46)) - raft.server.log.queue.element-limit = 1024 (custom)
2023-09-07 20:30:56,089 [030e9783-811e-46a4-8bf6-f2375cfbdf83-groupManagement] INFO  server.RaftServerConfigKeys (ConfUtils.java:logGet(46)) - raft.server.log.segment.size.max = 1048576 (custom)
2023-09-07 20:30:56,089 [030e9783-811e-46a4-8bf6-f2375cfbdf83-groupManagement] INFO  server.RaftServerConfigKeys (ConfUtils.java:logGet(46)) - raft.server.log.preallocated.size = 16384 (custom)
2023-09-07 20:30:56,089 [030e9783-811e-46a4-8bf6-f2375cfbdf83-groupManagement] INFO  server.RaftServerConfigKeys (ConfUtils.java:logGet(46)) - raft.server.log.force.sync.num = 128 (default)
2023-09-07 20:30:56,089 [030e9783-811e-46a4-8bf6-f2375cfbdf83-groupManagement] INFO  server.RaftServerConfigKeys (ConfUtils.java:logGet(46)) - raft.server.log.statemachine.data.sync = true (default)
2023-09-07 20:30:56,089 [030e9783-811e-46a4-8bf6-f2375cfbdf83-groupManagement] INFO  server.RaftServerConfigKeys (ConfUtils.java:logGet(46)) - raft.server.log.statemachine.data.sync.timeout = 10s (default)
2023-09-07 20:30:56,089 [030e9783-811e-46a4-8bf6-f2375cfbdf83-groupManagement] INFO  server.RaftServerConfigKeys (ConfUtils.java:logGet(46)) - raft.server.log.statemachine.data.sync.timeout.retry = -1 (default)
2023-09-07 20:30:56,089 [030e9783-811e-46a4-8bf6-f2375cfbdf83-groupManagement] INFO  server.RaftServerConfigKeys (ConfUtils.java:logGet(46)) - raft.server.log.write.buffer.size = 1048576 (custom)
2023-09-07 20:30:56,090 [030e9783-811e-46a4-8bf6-f2375cfbdf83-groupManagement] INFO  server.RaftServerConfigKeys (ConfUtils.java:logGet(46)) - raft.server.log.appender.buffer.byte-limit = 33554432 (custom)
2023-09-07 20:30:56,183 [030e9783-811e-46a4-8bf6-f2375cfbdf83-groupManagement] INFO  server.RaftServerConfigKeys (ConfUtils.java:logGet(46)) - raft.server.log.unsafe-flush.enabled = false (default)
2023-09-07 20:30:56,185 [030e9783-811e-46a4-8bf6-f2375cfbdf83-groupManagement] INFO  server.RaftServerConfigKeys (ConfUtils.java:logGet(46)) - raft.server.log.async-flush.enabled = false (default)
2023-09-07 20:30:56,185 [030e9783-811e-46a4-8bf6-f2375cfbdf83-groupManagement] INFO  server.RaftServerConfigKeys (ConfUtils.java:logGet(46)) - raft.server.log.statemachine.data.caching.enabled = true (custom)
2023-09-07 20:30:56,185 [030e9783-811e-46a4-8bf6-f2375cfbdf83-groupManagement] INFO  segmented.SegmentedRaftLogWorker (SegmentedRaftLogWorker.java:lambda$new$0(135)) - 030e9783-811e-46a4-8bf6-f2375cfbdf83@group-BA6B8BD27B8B-SegmentedRaftLogWorker: flushIndex: setUnconditionally 0 -> -1
2023-09-07 20:30:56,185 [030e9783-811e-46a4-8bf6-f2375cfbdf83-groupManagement] INFO  segmented.SegmentedRaftLogWorker (SegmentedRaftLogWorker.java:lambda$new$0(135)) - 030e9783-811e-46a4-8bf6-f2375cfbdf83@group-BA6B8BD27B8B-SegmentedRaftLogWorker: safeCacheEvictIndex: setUnconditionally 0 -> -1
2023-09-07 20:30:56,186 [030e9783-811e-46a4-8bf6-f2375cfbdf83-groupManagement] INFO  server.RaftServer$Division (RaftServerImpl.java:start(342)) - 030e9783-811e-46a4-8bf6-f2375cfbdf83@group-BA6B8BD27B8B: start as a follower, conf=-1: peers:[030e9783-811e-46a4-8bf6-f2375cfbdf83|rpc:10.1.0.11:15147|admin:10.1.0.11:15146|client:10.1.0.11:15145|dataStream:10.1.0.11:15148|priority:1|startupRole:FOLLOWER]|listeners:[], old=null
2023-09-07 20:30:56,186 [030e9783-811e-46a4-8bf6-f2375cfbdf83-groupManagement] INFO  server.RaftServer$Division (RaftServerImpl.java:setRole(329)) - 030e9783-811e-46a4-8bf6-f2375cfbdf83@group-BA6B8BD27B8B: changes role from      null to FOLLOWER at term 0 for startAsFollower
2023-09-07 20:30:56,186 [030e9783-811e-46a4-8bf6-f2375cfbdf83-groupManagement] INFO  impl.RoleInfo (RoleInfo.java:updateAndGet(139)) - 030e9783-811e-46a4-8bf6-f2375cfbdf83: start 030e9783-811e-46a4-8bf6-f2375cfbdf83@group-BA6B8BD27B8B-FollowerState
2023-09-07 20:30:56,191 [030e9783-811e-46a4-8bf6-f2375cfbdf83-groupManagement] INFO  util.JmxRegister (JmxRegister.java:tryRegister(44)) - Successfully registered JMX Bean with object name Ratis:service=RaftServer,group=group-BA6B8BD27B8B,id=030e9783-811e-46a4-8bf6-f2375cfbdf83
2023-09-07 20:30:56,192 [030e9783-811e-46a4-8bf6-f2375cfbdf83-groupManagement] INFO  server.RaftServerConfigKeys (ConfUtils.java:logGet(46)) - raft.server.snapshot.auto.trigger.enabled = true (custom)
2023-09-07 20:30:56,192 [030e9783-811e-46a4-8bf6-f2375cfbdf83-groupManagement] INFO  server.RaftServerConfigKeys (ConfUtils.java:logGet(46)) - raft.server.snapshot.auto.trigger.threshold = 10000 (custom)
2023-09-07 20:30:56,192 [030e9783-811e-46a4-8bf6-f2375cfbdf83-groupManagement] INFO  server.RaftServerConfigKeys (ConfUtils.java:logGet(46)) - raft.server.snapshot.retention.file.num = 5 (custom)
2023-09-07 20:30:56,192 [030e9783-811e-46a4-8bf6-f2375cfbdf83-groupManagement] INFO  server.RaftServerConfigKeys (ConfUtils.java:logGet(46)) - raft.server.log.purge.upto.snapshot.index = false (default)
2023-09-07 20:30:56,193 [030e9783-811e-46a4-8bf6-f2375cfbdf83@group-BA6B8BD27B8B-FollowerState] INFO  server.RaftServerConfigKeys (ConfUtils.java:logFallback(53)) - raft.server.rpc.first-election.timeout.min = 5s (fallback to raft.server.rpc.timeout.min)
2023-09-07 20:30:56,193 [030e9783-811e-46a4-8bf6-f2375cfbdf83@group-BA6B8BD27B8B-FollowerState] INFO  server.RaftServerConfigKeys (ConfUtils.java:logFallback(53)) - raft.server.rpc.first-election.timeout.max = 5200ms (fallback to raft.server.rpc.timeout.max)
2023-09-07 20:30:56,199 [PipelineCommandHandlerThread-0] INFO  ratis.XceiverServerRatis (XceiverServerRatis.java:addGroup(804)) - Created group PipelineID=6fb40b8b-e41c-44ac-8a44-ba6b8bd27b8b
2023-09-07 20:30:56,199 [PipelineCommandHandlerThread-0] INFO  commandhandler.CreatePipelineCommandHandler (CreatePipelineCommandHandler.java:lambda$handle$2(124)) - Created Pipeline RATIS ONE PipelineID=6fb40b8b-e41c-44ac-8a44-ba6b8bd27b8b.
2023-09-07 20:30:56,438 [main] INFO  ozone.MiniOzoneClusterImpl (MiniOzoneClusterImpl.java:lambda$waitForClusterToBeReady$0(224)) - Nodes are ready. Got 5 of 5 DN Heartbeats.
2023-09-07 20:30:56,438 [main] INFO  ozone.MiniOzoneClusterImpl (MiniOzoneClusterImpl.java:lambda$waitForClusterToBeReady$0(227)) - Waiting for cluster to exit safe mode
2023-09-07 20:30:56,438 [main] INFO  ozone.MiniOzoneClusterImpl (MiniOzoneClusterImpl.java:lambda$waitForClusterToBeReady$0(229)) - SCM became leader
2023-09-07 20:30:56,438 [PipelineCommandHandlerThread-0] INFO  server.RaftServer (RaftServerProxy.java:addNew(98)) - 29027832-24ec-44d8-841f-3a3b218b56da: addNew group-2BFB7C9CA018:[29027832-24ec-44d8-841f-3a3b218b56da|rpc:10.1.0.11:15156|admin:10.1.0.11:15155|client:10.1.0.11:15154|dataStream:10.1.0.11:15157|priority:1|startupRole:FOLLOWER] returns group-2BFB7C9CA018:java.util.concurrent.CompletableFuture@2cb48b27[Not completed]
2023-09-07 20:30:56,441 [29027832-24ec-44d8-841f-3a3b218b56da-groupManagement] INFO  server.RaftServer$Division (RaftServerImpl.java:<init>(198)) - 29027832-24ec-44d8-841f-3a3b218b56da: new RaftServerImpl for group-2BFB7C9CA018:[29027832-24ec-44d8-841f-3a3b218b56da|rpc:10.1.0.11:15156|admin:10.1.0.11:15155|client:10.1.0.11:15154|dataStream:10.1.0.11:15157|priority:1|startupRole:FOLLOWER] with ContainerStateMachine:uninitialized
2023-09-07 20:30:56,441 [29027832-24ec-44d8-841f-3a3b218b56da-groupManagement] INFO  server.RaftServerConfigKeys (ConfUtils.java:logGet(46)) - raft.server.rpc.timeout.min = 5s (custom)
2023-09-07 20:30:56,441 [29027832-24ec-44d8-841f-3a3b218b56da-groupManagement] INFO  server.RaftServerConfigKeys (ConfUtils.java:logGet(46)) - raft.server.rpc.timeout.max = 5200ms (custom)
2023-09-07 20:30:56,441 [29027832-24ec-44d8-841f-3a3b218b56da-groupManagement] INFO  server.RaftServerConfigKeys (ConfUtils.java:logGet(46)) - raft.server.rpc.sleep.time = 25ms (default)
2023-09-07 20:30:56,441 [29027832-24ec-44d8-841f-3a3b218b56da-groupManagement] INFO  server.RaftServerConfigKeys (ConfUtils.java:logGet(46)) - raft.server.rpc.slowness.timeout = 300s (custom)
2023-09-07 20:30:56,441 [29027832-24ec-44d8-841f-3a3b218b56da-groupManagement] INFO  server.RaftServerConfigKeys (ConfUtils.java:logGet(46)) - raft.server.leaderelection.leader.step-down.wait-time = 10s (default)
2023-09-07 20:30:56,441 [29027832-24ec-44d8-841f-3a3b218b56da-groupManagement] INFO  server.RaftServerConfigKeys (ConfUtils.java:logGet(46)) - raft.server.sleep.deviation.threshold = 300ms (default)
2023-09-07 20:30:56,441 [29027832-24ec-44d8-841f-3a3b218b56da-groupManagement] INFO  server.RaftServer$Division (ServerState.java:<init>(120)) - 29027832-24ec-44d8-841f-3a3b218b56da@group-2BFB7C9CA018: ConfigurationManager, init=-1: peers:[29027832-24ec-44d8-841f-3a3b218b56da|rpc:10.1.0.11:15156|admin:10.1.0.11:15155|client:10.1.0.11:15154|dataStream:10.1.0.11:15157|priority:1|startupRole:FOLLOWER]|listeners:[], old=null, confs=<EMPTY_MAP>
2023-09-07 20:30:56,441 [29027832-24ec-44d8-841f-3a3b218b56da-groupManagement] INFO  server.RaftServerConfigKeys (ConfUtils.java:logGet(46)) - raft.server.storage.dir = [/home/runner/work/ozone/ozone/hadoop-ozone/integration-test/target/test-dir/MiniOzoneClusterImpl-7c3c5bdb-9f31-4157-923c-74528274ab7c/datanode-4/data/ratis] (custom)
2023-09-07 20:30:56,442 [29027832-24ec-44d8-841f-3a3b218b56da-groupManagement] INFO  server.RaftServerConfigKeys (ConfUtils.java:logGet(46)) - raft.server.log.corruption.policy = EXCEPTION (default)
2023-09-07 20:30:56,442 [29027832-24ec-44d8-841f-3a3b218b56da-groupManagement] INFO  server.RaftServerConfigKeys (ConfUtils.java:logGet(46)) - raft.server.storage.free-space.min = 0MB (=0) (default)
2023-09-07 20:30:56,442 [29027832-24ec-44d8-841f-3a3b218b56da-groupManagement] INFO  server.RaftServerConfigKeys (ConfUtils.java:logGet(46)) - raft.server.notification.no-leader.timeout = 300s (custom)
2023-09-07 20:30:56,442 [29027832-24ec-44d8-841f-3a3b218b56da-groupManagement] INFO  server.RaftServerConfigKeys (ConfUtils.java:logGet(46)) - raft.server.read.timeout = 10s (default)
2023-09-07 20:30:56,442 [29027832-24ec-44d8-841f-3a3b218b56da-groupManagement] INFO  server.RaftServerConfigKeys (ConfUtils.java:logGet(46)) - raft.server.retrycache.expirytime = 600000ms (custom)
2023-09-07 20:30:56,442 [29027832-24ec-44d8-841f-3a3b218b56da-groupManagement] INFO  server.RaftServerConfigKeys (ConfUtils.java:logGet(46)) - raft.server.retrycache.statistics.expirytime = 100μs (default)
2023-09-07 20:30:56,442 [29027832-24ec-44d8-841f-3a3b218b56da-groupManagement] INFO  server.RaftServerConfigKeys (ConfUtils.java:logGet(46)) - raft.server.read.option = DEFAULT (default)
2023-09-07 20:30:56,443 [29027832-24ec-44d8-841f-3a3b218b56da-groupManagement] INFO  server.RaftServerConfigKeys (ConfUtils.java:logGet(46)) - raft.server.rpc.request.timeout = 60s (custom)
2023-09-07 20:30:56,443 [29027832-24ec-44d8-841f-3a3b218b56da-groupManagement] INFO  server.RaftServerConfigKeys (ConfUtils.java:logGet(46)) - raft.server.log.appender.install.snapshot.enabled = false (custom)
2023-09-07 20:30:56,443 [29027832-24ec-44d8-841f-3a3b218b56da-groupManagement] INFO  server.RaftServerConfigKeys (ConfUtils.java:logGet(46)) - raft.server.threadpool.server.cached = true (default)
2023-09-07 20:30:56,443 [29027832-24ec-44d8-841f-3a3b218b56da-groupManagement] INFO  server.RaftServerConfigKeys (ConfUtils.java:logGet(46)) - raft.server.threadpool.server.size = 0 (default)
2023-09-07 20:30:56,444 [29027832-24ec-44d8-841f-3a3b218b56da-groupManagement] INFO  server.RaftServerConfigKeys (ConfUtils.java:logGet(46)) - raft.server.threadpool.client.cached = true (default)
2023-09-07 20:30:56,444 [29027832-24ec-44d8-841f-3a3b218b56da-groupManagement] INFO  server.RaftServerConfigKeys (ConfUtils.java:logGet(46)) - raft.server.threadpool.client.size = 0 (default)
2023-09-07 20:30:56,444 [29027832-24ec-44d8-841f-3a3b218b56da-groupManagement] INFO  storage.RaftStorageDirectory (RaftStorageDirectoryImpl.java:analyzeStorage(137)) - The storage directory /home/runner/work/ozone/ozone/hadoop-ozone/integration-test/target/test-dir/MiniOzoneClusterImpl-7c3c5bdb-9f31-4157-923c-74528274ab7c/datanode-4/data/ratis/28f9708f-c77f-405d-a6f5-2bfb7c9ca018 does not exist. Creating ...
2023-09-07 20:30:56,445 [29027832-24ec-44d8-841f-3a3b218b56da-groupManagement] INFO  storage.RaftStorageDirectory (RaftStorageDirectoryImpl.java:tryLock(231)) - Lock on /home/runner/work/ozone/ozone/hadoop-ozone/integration-test/target/test-dir/MiniOzoneClusterImpl-7c3c5bdb-9f31-4157-923c-74528274ab7c/datanode-4/data/ratis/28f9708f-c77f-405d-a6f5-2bfb7c9ca018/in_use.lock acquired by nodename 7625@fv-az259-394
2023-09-07 20:30:56,447 [29027832-24ec-44d8-841f-3a3b218b56da-groupManagement] INFO  storage.RaftStorage (RaftStorageImpl.java:format(96)) - Storage directory /home/runner/work/ozone/ozone/hadoop-ozone/integration-test/target/test-dir/MiniOzoneClusterImpl-7c3c5bdb-9f31-4157-923c-74528274ab7c/datanode-4/data/ratis/28f9708f-c77f-405d-a6f5-2bfb7c9ca018 has been successfully formatted.
2023-09-07 20:30:56,450 [29027832-24ec-44d8-841f-3a3b218b56da-groupManagement] INFO  ratis.ContainerStateMachine (ContainerStateMachine.java:loadSnapshot(262)) - group-2BFB7C9CA018: The snapshot info is null. Setting the last applied indexto:(t:0, i:~)
2023-09-07 20:30:56,450 [29027832-24ec-44d8-841f-3a3b218b56da-groupManagement] INFO  server.RaftServerConfigKeys (ConfUtils.java:logGet(46)) - raft.server.log.use.memory = false (default)
2023-09-07 20:30:56,450 [29027832-24ec-44d8-841f-3a3b218b56da-groupManagement] INFO  server.RaftServerConfigKeys (ConfUtils.java:logGet(46)) - raft.server.log.purge.gap = 1000000 (custom)
2023-09-07 20:30:56,450 [29027832-24ec-44d8-841f-3a3b218b56da-groupManagement] INFO  server.RaftServerConfigKeys (ConfUtils.java:logGet(46)) - raft.server.log.appender.buffer.byte-limit = 33554432 (custom)
2023-09-07 20:30:56,450 [29027832-24ec-44d8-841f-3a3b218b56da-groupManagement] INFO  server.RaftServerConfigKeys (ConfUtils.java:logGet(46)) - raft.server.log.statemachine.data.read.timeout = 1000ms (default)
2023-09-07 20:30:56,450 [29027832-24ec-44d8-841f-3a3b218b56da-groupManagement] INFO  server.RaftServerConfigKeys (ConfUtils.java:logGet(46)) - raft.server.log.purge.preservation.log.num = 0 (default)
2023-09-07 20:30:56,450 [29027832-24ec-44d8-841f-3a3b218b56da-groupManagement] INFO  server.RaftServerConfigKeys (ConfUtils.java:logGet(46)) - raft.server.log.segment.size.max = 1048576 (custom)
2023-09-07 20:30:56,451 [29027832-24ec-44d8-841f-3a3b218b56da-groupManagement] INFO  server.RaftServerConfigKeys (ConfUtils.java:logGet(46)) - raft.server.log.segment.cache.num.max = 2 (custom)
2023-09-07 20:30:56,451 [29027832-24ec-44d8-841f-3a3b218b56da-groupManagement] INFO  server.RaftServerConfigKeys (ConfUtils.java:logGet(46)) - raft.server.log.segment.cache.size.max = 200MB (=209715200) (default)
2023-09-07 20:30:56,452 [29027832-24ec-44d8-841f-3a3b218b56da-groupManagement] INFO  server.RaftServerConfigKeys (ConfUtils.java:logGet(46)) - raft.server.log.appender.buffer.byte-limit = 33554432 (custom)
2023-09-07 20:30:56,452 [EventQueue-PipelineReportForPipelineReportHandler] INFO  pipeline.PipelineReportHandler (PipelineReportHandler.java:processPipelineReport(136)) - Opened pipeline PipelineID=28f9708f-c77f-405d-a6f5-2bfb7c9ca018
2023-09-07 20:30:56,452 [29027832-24ec-44d8-841f-3a3b218b56da-groupManagement] INFO  segmented.SegmentedRaftLogWorker (SegmentedRaftLogWorker.java:<init>(188)) - new 29027832-24ec-44d8-841f-3a3b218b56da@group-2BFB7C9CA018-SegmentedRaftLogWorker for RaftStorageImpl:Storage Directory /home/runner/work/ozone/ozone/hadoop-ozone/integration-test/target/test-dir/MiniOzoneClusterImpl-7c3c5bdb-9f31-4157-923c-74528274ab7c/datanode-4/data/ratis/28f9708f-c77f-405d-a6f5-2bfb7c9ca018
2023-09-07 20:30:56,452 [29027832-24ec-44d8-841f-3a3b218b56da-groupManagement] INFO  server.RaftServerConfigKeys (ConfUtils.java:logGet(46)) - raft.server.log.queue.byte-limit = 4294967296 (custom)
2023-09-07 20:30:56,452 [EventQueue-OpenPipelineForHealthyPipelineSafeModeRule] INFO  safemode.SCMSafeModeManager (HealthyPipelineSafeModeRule.java:process(137)) - SCM in safe mode. Healthy pipelines reported count is 0, required healthy pipeline reported count is 1
2023-09-07 20:30:56,452 [29027832-24ec-44d8-841f-3a3b218b56da-groupManagement] INFO  server.RaftServerConfigKeys (ConfUtils.java:logGet(46)) - raft.server.log.queue.element-limit = 1024 (custom)
2023-09-07 20:30:56,452 [29027832-24ec-44d8-841f-3a3b218b56da-groupManagement] INFO  server.RaftServerConfigKeys (ConfUtils.java:logGet(46)) - raft.server.log.segment.size.max = 1048576 (custom)
2023-09-07 20:30:56,452 [29027832-24ec-44d8-841f-3a3b218b56da-groupManagement] INFO  server.RaftServerConfigKeys (ConfUtils.java:logGet(46)) - raft.server.log.preallocated.size = 16384 (custom)
2023-09-07 20:30:56,452 [29027832-24ec-44d8-841f-3a3b218b56da-groupManagement] INFO  server.RaftServerConfigKeys (ConfUtils.java:logGet(46)) - raft.server.log.force.sync.num = 128 (default)
2023-09-07 20:30:56,452 [29027832-24ec-44d8-841f-3a3b218b56da-groupManagement] INFO  server.RaftServerConfigKeys (ConfUtils.java:logGet(46)) - raft.server.log.statemachine.data.sync = true (default)
2023-09-07 20:30:56,452 [29027832-24ec-44d8-841f-3a3b218b56da-groupManagement] INFO  server.RaftServerConfigKeys (ConfUtils.java:logGet(46)) - raft.server.log.statemachine.data.sync.timeout = 10s (default)
2023-09-07 20:30:56,452 [29027832-24ec-44d8-841f-3a3b218b56da-groupManagement] INFO  server.RaftServerConfigKeys (ConfUtils.java:logGet(46)) - raft.server.log.statemachine.data.sync.timeout.retry = -1 (default)
2023-09-07 20:30:56,455 [29027832-24ec-44d8-841f-3a3b218b56da-groupManagement] INFO  server.RaftServerConfigKeys (ConfUtils.java:logGet(46)) - raft.server.log.write.buffer.size = 1048576 (custom)
2023-09-07 20:30:56,455 [29027832-24ec-44d8-841f-3a3b218b56da-groupManagement] INFO  server.RaftServerConfigKeys (ConfUtils.java:logGet(46)) - raft.server.log.appender.buffer.byte-limit = 33554432 (custom)
2023-09-07 20:30:56,464 [29027832-24ec-44d8-841f-3a3b218b56da-groupManagement] INFO  server.RaftServerConfigKeys (ConfUtils.java:logGet(46)) - raft.server.log.unsafe-flush.enabled = false (default)
2023-09-07 20:30:56,464 [29027832-24ec-44d8-841f-3a3b218b56da-groupManagement] INFO  server.RaftServerConfigKeys (ConfUtils.java:logGet(46)) - raft.server.log.async-flush.enabled = false (default)
2023-09-07 20:30:56,464 [29027832-24ec-44d8-841f-3a3b218b56da-groupManagement] INFO  server.RaftServerConfigKeys (ConfUtils.java:logGet(46)) - raft.server.log.statemachine.data.caching.enabled = true (custom)
2023-09-07 20:30:56,464 [29027832-24ec-44d8-841f-3a3b218b56da-groupManagement] INFO  segmented.SegmentedRaftLogWorker (SegmentedRaftLogWorker.java:lambda$new$0(135)) - 29027832-24ec-44d8-841f-3a3b218b56da@group-2BFB7C9CA018-SegmentedRaftLogWorker: flushIndex: setUnconditionally 0 -> -1
2023-09-07 20:30:56,464 [29027832-24ec-44d8-841f-3a3b218b56da-groupManagement] INFO  segmented.SegmentedRaftLogWorker (SegmentedRaftLogWorker.java:lambda$new$0(135)) - 29027832-24ec-44d8-841f-3a3b218b56da@group-2BFB7C9CA018-SegmentedRaftLogWorker: safeCacheEvictIndex: setUnconditionally 0 -> -1
2023-09-07 20:30:56,465 [29027832-24ec-44d8-841f-3a3b218b56da-groupManagement] INFO  server.RaftServer$Division (RaftServerImpl.java:start(342)) - 29027832-24ec-44d8-841f-3a3b218b56da@group-2BFB7C9CA018: start as a follower, conf=-1: peers:[29027832-24ec-44d8-841f-3a3b218b56da|rpc:10.1.0.11:15156|admin:10.1.0.11:15155|client:10.1.0.11:15154|dataStream:10.1.0.11:15157|priority:1|startupRole:FOLLOWER]|listeners:[], old=null
2023-09-07 20:30:56,465 [29027832-24ec-44d8-841f-3a3b218b56da-groupManagement] INFO  server.RaftServer$Division (RaftServerImpl.java:setRole(329)) - 29027832-24ec-44d8-841f-3a3b218b56da@group-2BFB7C9CA018: changes role from      null to FOLLOWER at term 0 for startAsFollower
2023-09-07 20:30:56,465 [29027832-24ec-44d8-841f-3a3b218b56da-groupManagement] INFO  impl.RoleInfo (RoleInfo.java:updateAndGet(139)) - 29027832-24ec-44d8-841f-3a3b218b56da: start 29027832-24ec-44d8-841f-3a3b218b56da@group-2BFB7C9CA018-FollowerState
2023-09-07 20:30:56,467 [29027832-24ec-44d8-841f-3a3b218b56da-groupManagement] INFO  util.JmxRegister (JmxRegister.java:tryRegister(44)) - Successfully registered JMX Bean with object name Ratis:service=RaftServer,group=group-2BFB7C9CA018,id=29027832-24ec-44d8-841f-3a3b218b56da
2023-09-07 20:30:56,467 [29027832-24ec-44d8-841f-3a3b218b56da-groupManagement] INFO  server.RaftServerConfigKeys (ConfUtils.java:logGet(46)) - raft.server.snapshot.auto.trigger.enabled = true (custom)
2023-09-07 20:30:56,468 [29027832-24ec-44d8-841f-3a3b218b56da-groupManagement] INFO  server.RaftServerConfigKeys (ConfUtils.java:logGet(46)) - raft.server.snapshot.auto.trigger.threshold = 10000 (custom)
2023-09-07 20:30:56,468 [29027832-24ec-44d8-841f-3a3b218b56da-groupManagement] INFO  server.RaftServerConfigKeys (ConfUtils.java:logGet(46)) - raft.server.snapshot.retention.file.num = 5 (custom)
2023-09-07 20:30:56,468 [29027832-24ec-44d8-841f-3a3b218b56da-groupManagement] INFO  server.RaftServerConfigKeys (ConfUtils.java:logGet(46)) - raft.server.log.purge.upto.snapshot.index = false (default)
2023-09-07 20:30:56,470 [29027832-24ec-44d8-841f-3a3b218b56da@group-2BFB7C9CA018-FollowerState] INFO  server.RaftServerConfigKeys (ConfUtils.java:logFallback(53)) - raft.server.rpc.first-election.timeout.min = 5s (fallback to raft.server.rpc.timeout.min)
2023-09-07 20:30:56,470 [29027832-24ec-44d8-841f-3a3b218b56da@group-2BFB7C9CA018-FollowerState] INFO  server.RaftServerConfigKeys (ConfUtils.java:logFallback(53)) - raft.server.rpc.first-election.timeout.max = 5200ms (fallback to raft.server.rpc.timeout.max)
2023-09-07 20:30:56,471 [PipelineCommandHandlerThread-0] INFO  ratis.XceiverServerRatis (XceiverServerRatis.java:addGroup(804)) - Created group PipelineID=28f9708f-c77f-405d-a6f5-2bfb7c9ca018
2023-09-07 20:30:56,471 [PipelineCommandHandlerThread-0] INFO  commandhandler.CreatePipelineCommandHandler (CreatePipelineCommandHandler.java:lambda$handle$2(124)) - Created Pipeline RATIS ONE PipelineID=28f9708f-c77f-405d-a6f5-2bfb7c9ca018.
2023-09-07 20:30:57,438 [main] INFO  ozone.MiniOzoneClusterImpl (MiniOzoneClusterImpl.java:lambda$waitForClusterToBeReady$0(224)) - Nodes are ready. Got 5 of 5 DN Heartbeats.
2023-09-07 20:30:57,439 [main] INFO  ozone.MiniOzoneClusterImpl (MiniOzoneClusterImpl.java:lambda$waitForClusterToBeReady$0(227)) - Waiting for cluster to exit safe mode
2023-09-07 20:30:57,439 [main] INFO  ozone.MiniOzoneClusterImpl (MiniOzoneClusterImpl.java:lambda$waitForClusterToBeReady$0(229)) - SCM became leader
2023-09-07 20:30:58,439 [main] INFO  ozone.MiniOzoneClusterImpl (MiniOzoneClusterImpl.java:lambda$waitForClusterToBeReady$0(224)) - Nodes are ready. Got 5 of 5 DN Heartbeats.
2023-09-07 20:30:58,440 [main] INFO  ozone.MiniOzoneClusterImpl (MiniOzoneClusterImpl.java:lambda$waitForClusterToBeReady$0(227)) - Waiting for cluster to exit safe mode
2023-09-07 20:30:58,440 [main] INFO  ozone.MiniOzoneClusterImpl (MiniOzoneClusterImpl.java:lambda$waitForClusterToBeReady$0(229)) - SCM became leader
2023-09-07 20:30:59,440 [main] INFO  ozone.MiniOzoneClusterImpl (MiniOzoneClusterImpl.java:lambda$waitForClusterToBeReady$0(224)) - Nodes are ready. Got 5 of 5 DN Heartbeats.
2023-09-07 20:30:59,441 [main] INFO  ozone.MiniOzoneClusterImpl (MiniOzoneClusterImpl.java:lambda$waitForClusterToBeReady$0(227)) - Waiting for cluster to exit safe mode
2023-09-07 20:30:59,441 [main] INFO  ozone.MiniOzoneClusterImpl (MiniOzoneClusterImpl.java:lambda$waitForClusterToBeReady$0(229)) - SCM became leader
2023-09-07 20:31:00,074 [130456cf-e1b1-4e27-8a77-52f3e2c34494@group-1748BA932372-FollowerState] INFO  impl.FollowerState (FollowerState.java:run(143)) - 130456cf-e1b1-4e27-8a77-52f3e2c34494@group-1748BA932372-FollowerState: change to CANDIDATE, lastRpcElapsedTime:5184803408ns, electionTimeout:5184ms
2023-09-07 20:31:00,074 [130456cf-e1b1-4e27-8a77-52f3e2c34494@group-1748BA932372-FollowerState] INFO  impl.RoleInfo (RoleInfo.java:shutdownFollowerState(110)) - 130456cf-e1b1-4e27-8a77-52f3e2c34494: shutdown 130456cf-e1b1-4e27-8a77-52f3e2c34494@group-1748BA932372-FollowerState
2023-09-07 20:31:00,074 [130456cf-e1b1-4e27-8a77-52f3e2c34494@group-1748BA932372-FollowerState] INFO  server.RaftServer$Division (RaftServerImpl.java:setRole(329)) - 130456cf-e1b1-4e27-8a77-52f3e2c34494@group-1748BA932372: changes role from  FOLLOWER to CANDIDATE at term 0 for changeToCandidate
2023-09-07 20:31:00,075 [130456cf-e1b1-4e27-8a77-52f3e2c34494@group-1748BA932372-FollowerState] INFO  server.RaftServerConfigKeys (ConfUtils.java:logGet(46)) - raft.server.leaderelection.pre-vote = true (default)
2023-09-07 20:31:00,075 [130456cf-e1b1-4e27-8a77-52f3e2c34494@group-1748BA932372-FollowerState] INFO  impl.RoleInfo (RoleInfo.java:updateAndGet(139)) - 130456cf-e1b1-4e27-8a77-52f3e2c34494: start 130456cf-e1b1-4e27-8a77-52f3e2c34494@group-1748BA932372-LeaderElection22
2023-09-07 20:31:00,077 [a0cd6e17-3b90-4804-ab26-c3914b9665e9@group-BBA626DA395F-FollowerState] INFO  impl.FollowerState (FollowerState.java:run(143)) - a0cd6e17-3b90-4804-ab26-c3914b9665e9@group-BBA626DA395F-FollowerState: change to CANDIDATE, lastRpcElapsedTime:5113830909ns, electionTimeout:5110ms
2023-09-07 20:31:00,077 [a0cd6e17-3b90-4804-ab26-c3914b9665e9@group-BBA626DA395F-FollowerState] INFO  impl.RoleInfo (RoleInfo.java:shutdownFollowerState(110)) - a0cd6e17-3b90-4804-ab26-c3914b9665e9: shutdown a0cd6e17-3b90-4804-ab26-c3914b9665e9@group-BBA626DA395F-FollowerState
2023-09-07 20:31:00,078 [130456cf-e1b1-4e27-8a77-52f3e2c34494@group-1748BA932372-LeaderElection22] INFO  impl.LeaderElection (LeaderElection.java:askForVotes(321)) - 130456cf-e1b1-4e27-8a77-52f3e2c34494@group-1748BA932372-LeaderElection22 PRE_VOTE round 0: submit vote requests at term 0 for -1: peers:[130456cf-e1b1-4e27-8a77-52f3e2c34494|rpc:10.1.0.11:15120|admin:10.1.0.11:15119|client:10.1.0.11:15118|dataStream:10.1.0.11:15121|priority:1|startupRole:FOLLOWER]|listeners:[], old=null
2023-09-07 20:31:00,078 [a0cd6e17-3b90-4804-ab26-c3914b9665e9@group-BBA626DA395F-FollowerState] INFO  server.RaftServer$Division (RaftServerImpl.java:setRole(329)) - a0cd6e17-3b90-4804-ab26-c3914b9665e9@group-BBA626DA395F: changes role from  FOLLOWER to CANDIDATE at term 0 for changeToCandidate
2023-09-07 20:31:00,078 [130456cf-e1b1-4e27-8a77-52f3e2c34494@group-1748BA932372-LeaderElection22] INFO  impl.LeaderElection (LeaderElection.java:askForVotes(323)) - 130456cf-e1b1-4e27-8a77-52f3e2c34494@group-1748BA932372-LeaderElection22 PRE_VOTE round 0: result PASSED (term=0)
2023-09-07 20:31:00,078 [a0cd6e17-3b90-4804-ab26-c3914b9665e9@group-BBA626DA395F-FollowerState] INFO  server.RaftServerConfigKeys (ConfUtils.java:logGet(46)) - raft.server.leaderelection.pre-vote = true (default)
2023-09-07 20:31:00,078 [a0cd6e17-3b90-4804-ab26-c3914b9665e9@group-BBA626DA395F-FollowerState] INFO  impl.RoleInfo (RoleInfo.java:updateAndGet(139)) - a0cd6e17-3b90-4804-ab26-c3914b9665e9: start a0cd6e17-3b90-4804-ab26-c3914b9665e9@group-BBA626DA395F-LeaderElection23
2023-09-07 20:31:00,081 [a0cd6e17-3b90-4804-ab26-c3914b9665e9@group-BBA626DA395F-LeaderElection23] INFO  impl.LeaderElection (LeaderElection.java:askForVotes(321)) - a0cd6e17-3b90-4804-ab26-c3914b9665e9@group-BBA626DA395F-LeaderElection23 PRE_VOTE round 0: submit vote requests at term 0 for -1: peers:[a0cd6e17-3b90-4804-ab26-c3914b9665e9|rpc:10.1.0.11:15129|admin:10.1.0.11:15128|client:10.1.0.11:15127|dataStream:10.1.0.11:15130|priority:1|startupRole:FOLLOWER, 114a9516-507d-4df3-bbf0-358fc4f720dd|rpc:10.1.0.11:15138|admin:10.1.0.11:15137|client:10.1.0.11:15136|dataStream:10.1.0.11:15139|priority:0|startupRole:FOLLOWER, 130456cf-e1b1-4e27-8a77-52f3e2c34494|rpc:10.1.0.11:15120|admin:10.1.0.11:15119|client:10.1.0.11:15118|dataStream:10.1.0.11:15121|priority:0|startupRole:FOLLOWER]|listeners:[], old=null
2023-09-07 20:31:00,082 [130456cf-e1b1-4e27-8a77-52f3e2c34494@group-1748BA932372-LeaderElection22] INFO  impl.LeaderElection (LeaderElection.java:askForVotes(321)) - 130456cf-e1b1-4e27-8a77-52f3e2c34494@group-1748BA932372-LeaderElection22 ELECTION round 0: submit vote requests at term 1 for -1: peers:[130456cf-e1b1-4e27-8a77-52f3e2c34494|rpc:10.1.0.11:15120|admin:10.1.0.11:15119|client:10.1.0.11:15118|dataStream:10.1.0.11:15121|priority:1|startupRole:FOLLOWER]|listeners:[], old=null
2023-09-07 20:31:00,082 [130456cf-e1b1-4e27-8a77-52f3e2c34494@group-1748BA932372-LeaderElection22] INFO  impl.LeaderElection (LeaderElection.java:askForVotes(323)) - 130456cf-e1b1-4e27-8a77-52f3e2c34494@group-1748BA932372-LeaderElection22 ELECTION round 0: result PASSED (term=1)
2023-09-07 20:31:00,082 [130456cf-e1b1-4e27-8a77-52f3e2c34494@group-1748BA932372-LeaderElection22] INFO  impl.RoleInfo (RoleInfo.java:shutdownLeaderElection(130)) - 130456cf-e1b1-4e27-8a77-52f3e2c34494: shutdown 130456cf-e1b1-4e27-8a77-52f3e2c34494@group-1748BA932372-LeaderElection22
2023-09-07 20:31:00,082 [130456cf-e1b1-4e27-8a77-52f3e2c34494@group-1748BA932372-LeaderElection22] INFO  server.RaftServer$Division (RaftServerImpl.java:setRole(329)) - 130456cf-e1b1-4e27-8a77-52f3e2c34494@group-1748BA932372: changes role from CANDIDATE to LEADER at term 1 for changeToLeader
2023-09-07 20:31:00,082 [130456cf-e1b1-4e27-8a77-52f3e2c34494@group-1748BA932372-LeaderElection22] INFO  ratis.XceiverServerRatis (XceiverServerRatis.java:handleLeaderChangedNotification(902)) - Leader change notification received for group: group-1748BA932372 with new leaderId: 130456cf-e1b1-4e27-8a77-52f3e2c34494
2023-09-07 20:31:00,084 [a0cd6e17-3b90-4804-ab26-c3914b9665e9@group-BBA626DA395F-LeaderElection23-1] INFO  server.GrpcServerProtocolClient (GrpcServerProtocolClient.java:<init>(65)) - Build channel for 114a9516-507d-4df3-bbf0-358fc4f720dd
2023-09-07 20:31:00,086 [130456cf-e1b1-4e27-8a77-52f3e2c34494@group-BBA626DA395F-FollowerState] INFO  impl.FollowerState (FollowerState.java:run(143)) - 130456cf-e1b1-4e27-8a77-52f3e2c34494@group-BBA626DA395F-FollowerState: change to CANDIDATE, lastRpcElapsedTime:5174960698ns, electionTimeout:5167ms
2023-09-07 20:31:00,086 [130456cf-e1b1-4e27-8a77-52f3e2c34494@group-BBA626DA395F-FollowerState] INFO  impl.RoleInfo (RoleInfo.java:shutdownFollowerState(110)) - 130456cf-e1b1-4e27-8a77-52f3e2c34494: shutdown 130456cf-e1b1-4e27-8a77-52f3e2c34494@group-BBA626DA395F-FollowerState
2023-09-07 20:31:00,086 [130456cf-e1b1-4e27-8a77-52f3e2c34494@group-BBA626DA395F-FollowerState] INFO  server.RaftServer$Division (RaftServerImpl.java:setRole(329)) - 130456cf-e1b1-4e27-8a77-52f3e2c34494@group-BBA626DA395F: changes role from  FOLLOWER to CANDIDATE at term 0 for changeToCandidate
2023-09-07 20:31:00,099 [a0cd6e17-3b90-4804-ab26-c3914b9665e9@group-BBA626DA395F-LeaderElection23] INFO  server.RaftServerConfigKeys (ConfUtils.java:logFallback(53)) - raft.server.rpc.first-election.timeout.min = 5s (fallback to raft.server.rpc.timeout.min)
2023-09-07 20:31:00,108 [EventQueue-OpenPipelineForHealthyPipelineSafeModeRule] INFO  safemode.SCMSafeModeManager (HealthyPipelineSafeModeRule.java:process(137)) - SCM in safe mode. Healthy pipelines reported count is 0, required healthy pipeline reported count is 1
2023-09-07 20:31:00,108 [130456cf-e1b1-4e27-8a77-52f3e2c34494@group-1748BA932372-LeaderElection22] INFO  server.RaftServer$Division (ServerState.java:setLeader(317)) - 130456cf-e1b1-4e27-8a77-52f3e2c34494@group-1748BA932372: change Leader from null to 130456cf-e1b1-4e27-8a77-52f3e2c34494 at term 1 for becomeLeader, leader elected after 5228ms
2023-09-07 20:31:00,108 [a0cd6e17-3b90-4804-ab26-c3914b9665e9@group-BBA626DA395F-LeaderElection23] INFO  server.RaftServerConfigKeys (ConfUtils.java:logFallback(53)) - raft.server.rpc.first-election.timeout.max = 5200ms (fallback to raft.server.rpc.timeout.max)
2023-09-07 20:31:00,108 [grpc-default-executor-0] INFO  server.RaftServer$Division (RaftServerImpl.java:requestVote(1302)) - 114a9516-507d-4df3-bbf0-358fc4f720dd@group-BBA626DA395F: receive requestVote(PRE_VOTE, a0cd6e17-3b90-4804-ab26-c3914b9665e9, group-BBA626DA395F, 0, (t:0, i:0))
2023-09-07 20:31:00,109 [grpc-default-executor-0] INFO  impl.VoteContext (VoteContext.java:log(49)) - 114a9516-507d-4df3-bbf0-358fc4f720dd@group-BBA626DA395F-FOLLOWER: accept PRE_VOTE from a0cd6e17-3b90-4804-ab26-c3914b9665e9: our priority 0 <= candidate's priority 1
2023-09-07 20:31:00,109 [grpc-default-executor-0] INFO  server.RaftServer$Division (RaftServerImpl.java:requestVote(1335)) - 114a9516-507d-4df3-bbf0-358fc4f720dd@group-BBA626DA395F replies to PRE_VOTE vote request: a0cd6e17-3b90-4804-ab26-c3914b9665e9<-114a9516-507d-4df3-bbf0-358fc4f720dd#0:OK-t0. Peer's state: 114a9516-507d-4df3-bbf0-358fc4f720dd@group-BBA626DA395F:t0, leader=null, voted=, raftlog=Memoized:114a9516-507d-4df3-bbf0-358fc4f720dd@group-BBA626DA395F-SegmentedRaftLog:OPENED:c-1, conf=-1: peers:[a0cd6e17-3b90-4804-ab26-c3914b9665e9|rpc:10.1.0.11:15129|admin:10.1.0.11:15128|client:10.1.0.11:15127|dataStream:10.1.0.11:15130|priority:1|startupRole:FOLLOWER, 114a9516-507d-4df3-bbf0-358fc4f720dd|rpc:10.1.0.11:15138|admin:10.1.0.11:15137|client:10.1.0.11:15136|dataStream:10.1.0.11:15139|priority:0|startupRole:FOLLOWER, 130456cf-e1b1-4e27-8a77-52f3e2c34494|rpc:10.1.0.11:15120|admin:10.1.0.11:15119|client:10.1.0.11:15118|dataStream:10.1.0.11:15121|priority:0|startupRole:FOLLOWER]|listeners:[], old=null
2023-09-07 20:31:00,099 [a0cd6e17-3b90-4804-ab26-c3914b9665e9@group-BBA626DA395F-LeaderElection23-2] INFO  server.GrpcServerProtocolClient (GrpcServerProtocolClient.java:<init>(65)) - Build channel for 130456cf-e1b1-4e27-8a77-52f3e2c34494
2023-09-07 20:31:00,116 [130456cf-e1b1-4e27-8a77-52f3e2c34494@group-BBA626DA395F-FollowerState] INFO  server.RaftServerConfigKeys (ConfUtils.java:logGet(46)) - raft.server.leaderelection.pre-vote = true (default)
2023-09-07 20:31:00,116 [130456cf-e1b1-4e27-8a77-52f3e2c34494@group-BBA626DA395F-FollowerState] INFO  impl.RoleInfo (RoleInfo.java:updateAndGet(139)) - 130456cf-e1b1-4e27-8a77-52f3e2c34494: start 130456cf-e1b1-4e27-8a77-52f3e2c34494@group-BBA626DA395F-LeaderElection24
2023-09-07 20:31:00,118 [a0cd6e17-3b90-4804-ab26-c3914b9665e9@group-BBA626DA395F-LeaderElection23] INFO  impl.LeaderElection (LeaderElection.java:logAndReturn(90)) - a0cd6e17-3b90-4804-ab26-c3914b9665e9@group-BBA626DA395F-LeaderElection23: PRE_VOTE PASSED received 1 response(s) and 0 exception(s):
2023-09-07 20:31:00,118 [a0cd6e17-3b90-4804-ab26-c3914b9665e9@group-BBA626DA395F-LeaderElection23] INFO  impl.LeaderElection (LeaderElection.java:logAndReturn(94)) -   Response 0: a0cd6e17-3b90-4804-ab26-c3914b9665e9<-114a9516-507d-4df3-bbf0-358fc4f720dd#0:OK-t0
2023-09-07 20:31:00,118 [a0cd6e17-3b90-4804-ab26-c3914b9665e9@group-BBA626DA395F-LeaderElection23] INFO  impl.LeaderElection (LeaderElection.java:askForVotes(323)) - a0cd6e17-3b90-4804-ab26-c3914b9665e9@group-BBA626DA395F-LeaderElection23 PRE_VOTE round 0: result PASSED
2023-09-07 20:31:00,121 [130456cf-e1b1-4e27-8a77-52f3e2c34494@group-1748BA932372-LeaderElection22] INFO  server.RaftServerConfigKeys (ConfUtils.java:logGet(46)) - raft.server.staging.catchup.gap = 1000 (default)
2023-09-07 20:31:00,121 [a0cd6e17-3b90-4804-ab26-c3914b9665e9@group-BBA626DA395F-LeaderElection23] INFO  impl.LeaderElection (LeaderElection.java:askForVotes(321)) - a0cd6e17-3b90-4804-ab26-c3914b9665e9@group-BBA626DA395F-LeaderElection23 ELECTION round 0: submit vote requests at term 1 for -1: peers:[a0cd6e17-3b90-4804-ab26-c3914b9665e9|rpc:10.1.0.11:15129|admin:10.1.0.11:15128|client:10.1.0.11:15127|dataStream:10.1.0.11:15130|priority:1|startupRole:FOLLOWER, 114a9516-507d-4df3-bbf0-358fc4f720dd|rpc:10.1.0.11:15138|admin:10.1.0.11:15137|client:10.1.0.11:15136|dataStream:10.1.0.11:15139|priority:0|startupRole:FOLLOWER, 130456cf-e1b1-4e27-8a77-52f3e2c34494|rpc:10.1.0.11:15120|admin:10.1.0.11:15119|client:10.1.0.11:15118|dataStream:10.1.0.11:15121|priority:0|startupRole:FOLLOWER]|listeners:[], old=null
2023-09-07 20:31:00,121 [130456cf-e1b1-4e27-8a77-52f3e2c34494@group-1748BA932372-LeaderElection22] INFO  server.RaftServerConfigKeys (ConfUtils.java:logGet(46)) - raft.server.write.element-limit = 1024 (custom)
2023-09-07 20:31:00,121 [130456cf-e1b1-4e27-8a77-52f3e2c34494@group-1748BA932372-LeaderElection22] INFO  server.RaftServerConfigKeys (ConfUtils.java:logGet(46)) - raft.server.write.byte-limit = 1024 M (=1073741824) (custom)
2023-09-07 20:31:00,121 [130456cf-e1b1-4e27-8a77-52f3e2c34494@group-1748BA932372-LeaderElection22] INFO  server.RaftServerConfigKeys (ConfUtils.java:logGet(46)) - raft.server.watch.timeout = 180s (custom)
2023-09-07 20:31:00,121 [130456cf-e1b1-4e27-8a77-52f3e2c34494@group-1748BA932372-LeaderElection22] INFO  server.RaftServerConfigKeys (ConfUtils.java:logGet(46)) - raft.server.watch.timeout.denomination = 1s (default)
2023-09-07 20:31:00,121 [130456cf-e1b1-4e27-8a77-52f3e2c34494@group-1748BA932372-LeaderElection22] INFO  server.RaftServerConfigKeys (ConfUtils.java:logGet(46)) - raft.server.watch.element-limit = 65536 (default)
2023-09-07 20:31:00,121 [130456cf-e1b1-4e27-8a77-52f3e2c34494@group-1748BA932372-LeaderElection22] INFO  server.RaftServerConfigKeys (ConfUtils.java:logGet(46)) - raft.server.write.element-limit = 1024 (custom)
2023-09-07 20:31:00,122 [130456cf-e1b1-4e27-8a77-52f3e2c34494@group-1748BA932372-LeaderElection22] INFO  server.RaftServerConfigKeys (ConfUtils.java:logGet(46)) - raft.server.write.follower.gap.ratio.max = -1.0 (default)
2023-09-07 20:31:00,124 [130456cf-e1b1-4e27-8a77-52f3e2c34494@group-BBA626DA395F-LeaderElection24] INFO  impl.LeaderElection (LeaderElection.java:askForVotes(321)) - 130456cf-e1b1-4e27-8a77-52f3e2c34494@group-BBA626DA395F-LeaderElection24 PRE_VOTE round 0: submit vote requests at term 0 for -1: peers:[a0cd6e17-3b90-4804-ab26-c3914b9665e9|rpc:10.1.0.11:15129|admin:10.1.0.11:15128|client:10.1.0.11:15127|dataStream:10.1.0.11:15130|priority:1|startupRole:FOLLOWER, 114a9516-507d-4df3-bbf0-358fc4f720dd|rpc:10.1.0.11:15138|admin:10.1.0.11:15137|client:10.1.0.11:15136|dataStream:10.1.0.11:15139|priority:0|startupRole:FOLLOWER, 130456cf-e1b1-4e27-8a77-52f3e2c34494|rpc:10.1.0.11:15120|admin:10.1.0.11:15119|client:10.1.0.11:15118|dataStream:10.1.0.11:15121|priority:0|startupRole:FOLLOWER]|listeners:[], old=null
2023-09-07 20:31:00,122 [a0cd6e17-3b90-4804-ab26-c3914b9665e9@group-BBA626DA395F-LeaderElection23] INFO  server.RaftServerConfigKeys (ConfUtils.java:logFallback(53)) - raft.server.rpc.first-election.timeout.min = 5s (fallback to raft.server.rpc.timeout.min)
2023-09-07 20:31:00,127 [a0cd6e17-3b90-4804-ab26-c3914b9665e9@group-BBA626DA395F-LeaderElection23] INFO  server.RaftServerConfigKeys (ConfUtils.java:logFallback(53)) - raft.server.rpc.first-election.timeout.max = 5200ms (fallback to raft.server.rpc.timeout.max)
2023-09-07 20:31:00,127 [130456cf-e1b1-4e27-8a77-52f3e2c34494@group-1748BA932372-LeaderElection22] INFO  impl.RoleInfo (RoleInfo.java:updateAndGet(139)) - 130456cf-e1b1-4e27-8a77-52f3e2c34494: start 130456cf-e1b1-4e27-8a77-52f3e2c34494@group-1748BA932372-LeaderStateImpl
2023-09-07 20:31:00,129 [130456cf-e1b1-4e27-8a77-52f3e2c34494@group-1748BA932372-LeaderElection22] INFO  segmented.SegmentedRaftLogWorker (SegmentedRaftLogWorker.java:startLogSegment(447)) - 130456cf-e1b1-4e27-8a77-52f3e2c34494@group-1748BA932372-SegmentedRaftLogWorker: Starting segment from index:0
2023-09-07 20:31:00,130 [130456cf-e1b1-4e27-8a77-52f3e2c34494@group-BBA626DA395F-LeaderElection24-1] INFO  server.GrpcServerProtocolClient (GrpcServerProtocolClient.java:<init>(65)) - Build channel for a0cd6e17-3b90-4804-ab26-c3914b9665e9
2023-09-07 20:31:00,133 [130456cf-e1b1-4e27-8a77-52f3e2c34494@group-BBA626DA395F-LeaderElection24] INFO  server.RaftServerConfigKeys (ConfUtils.java:logFallback(53)) - raft.server.rpc.first-election.timeout.min = 5s (fallback to raft.server.rpc.timeout.min)
2023-09-07 20:31:00,133 [130456cf-e1b1-4e27-8a77-52f3e2c34494@group-BBA626DA395F-LeaderElection24] INFO  server.RaftServerConfigKeys (ConfUtils.java:logFallback(53)) - raft.server.rpc.first-election.timeout.max = 5200ms (fallback to raft.server.rpc.timeout.max)
2023-09-07 20:31:00,133 [130456cf-e1b1-4e27-8a77-52f3e2c34494@group-BBA626DA395F-LeaderElection24-2] INFO  server.GrpcServerProtocolClient (GrpcServerProtocolClient.java:<init>(65)) - Build channel for 114a9516-507d-4df3-bbf0-358fc4f720dd
2023-09-07 20:31:00,138 [130456cf-e1b1-4e27-8a77-52f3e2c34494@group-1748BA932372-SegmentedRaftLogWorker] INFO  segmented.SegmentedRaftLogWorker (SegmentedRaftLogWorker.java:execute(651)) - 130456cf-e1b1-4e27-8a77-52f3e2c34494@group-1748BA932372-SegmentedRaftLogWorker: created new log segment /home/runner/work/ozone/ozone/hadoop-ozone/integration-test/target/test-dir/MiniOzoneClusterImpl-7c3c5bdb-9f31-4157-923c-74528274ab7c/datanode-0/data/ratis/37521e68-33a0-4c40-93a6-1748ba932372/current/log_inprogress_0
2023-09-07 20:31:00,140 [130456cf-e1b1-4e27-8a77-52f3e2c34494@group-1748BA932372-LeaderElection22] INFO  server.RaftServer$Division (ServerState.java:setRaftConf(434)) - 130456cf-e1b1-4e27-8a77-52f3e2c34494@group-1748BA932372: set configuration 0: peers:[130456cf-e1b1-4e27-8a77-52f3e2c34494|rpc:10.1.0.11:15120|admin:10.1.0.11:15119|client:10.1.0.11:15118|dataStream:10.1.0.11:15121|priority:1|startupRole:FOLLOWER]|listeners:[], old=null
2023-09-07 20:31:00,140 [grpc-default-executor-1] INFO  server.RaftServer$Division (RaftServerImpl.java:requestVote(1302)) - 114a9516-507d-4df3-bbf0-358fc4f720dd@group-BBA626DA395F: receive requestVote(ELECTION, a0cd6e17-3b90-4804-ab26-c3914b9665e9, group-BBA626DA395F, 1, (t:0, i:0))
2023-09-07 20:31:00,141 [grpc-default-executor-1] INFO  impl.VoteContext (VoteContext.java:log(49)) - 114a9516-507d-4df3-bbf0-358fc4f720dd@group-BBA626DA395F-FOLLOWER: accept ELECTION from a0cd6e17-3b90-4804-ab26-c3914b9665e9: our priority 0 <= candidate's priority 1
2023-09-07 20:31:00,142 [grpc-default-executor-1] INFO  server.RaftServer$Division (RaftServerImpl.java:setRole(329)) - 114a9516-507d-4df3-bbf0-358fc4f720dd@group-BBA626DA395F: changes role from  FOLLOWER to FOLLOWER at term 1 for candidate:a0cd6e17-3b90-4804-ab26-c3914b9665e9
2023-09-07 20:31:00,142 [grpc-default-executor-1] INFO  impl.RoleInfo (RoleInfo.java:shutdownFollowerState(110)) - 114a9516-507d-4df3-bbf0-358fc4f720dd: shutdown 114a9516-507d-4df3-bbf0-358fc4f720dd@group-BBA626DA395F-FollowerState
2023-09-07 20:31:00,142 [grpc-default-executor-1] INFO  impl.RoleInfo (RoleInfo.java:updateAndGet(139)) - 114a9516-507d-4df3-bbf0-358fc4f720dd: start 114a9516-507d-4df3-bbf0-358fc4f720dd@group-BBA626DA395F-FollowerState
2023-09-07 20:31:00,142 [114a9516-507d-4df3-bbf0-358fc4f720dd@group-BBA626DA395F-FollowerState] INFO  impl.FollowerState (FollowerState.java:run(152)) - 114a9516-507d-4df3-bbf0-358fc4f720dd@group-BBA626DA395F-FollowerState was interrupted
2023-09-07 20:31:00,144 [grpc-default-executor-1] INFO  server.RaftServer$Division (RaftServerImpl.java:requestVote(1335)) - 114a9516-507d-4df3-bbf0-358fc4f720dd@group-BBA626DA395F replies to ELECTION vote request: a0cd6e17-3b90-4804-ab26-c3914b9665e9<-114a9516-507d-4df3-bbf0-358fc4f720dd#0:OK-t1. Peer's state: 114a9516-507d-4df3-bbf0-358fc4f720dd@group-BBA626DA395F:t1, leader=null, voted=a0cd6e17-3b90-4804-ab26-c3914b9665e9, raftlog=Memoized:114a9516-507d-4df3-bbf0-358fc4f720dd@group-BBA626DA395F-SegmentedRaftLog:OPENED:c-1, conf=-1: peers:[a0cd6e17-3b90-4804-ab26-c3914b9665e9|rpc:10.1.0.11:15129|admin:10.1.0.11:15128|client:10.1.0.11:15127|dataStream:10.1.0.11:15130|priority:1|startupRole:FOLLOWER, 114a9516-507d-4df3-bbf0-358fc4f720dd|rpc:10.1.0.11:15138|admin:10.1.0.11:15137|client:10.1.0.11:15136|dataStream:10.1.0.11:15139|priority:0|startupRole:FOLLOWER, 130456cf-e1b1-4e27-8a77-52f3e2c34494|rpc:10.1.0.11:15120|admin:10.1.0.11:15119|client:10.1.0.11:15118|dataStream:10.1.0.11:15121|priority:0|startupRole:FOLLOWER]|listeners:[], old=null
2023-09-07 20:31:00,155 [grpc-default-executor-0] INFO  server.RaftServer$Division (RaftServerImpl.java:requestVote(1302)) - 130456cf-e1b1-4e27-8a77-52f3e2c34494@group-BBA626DA395F: receive requestVote(ELECTION, a0cd6e17-3b90-4804-ab26-c3914b9665e9, group-BBA626DA395F, 1, (t:0, i:0))
2023-09-07 20:31:00,155 [grpc-default-executor-0] INFO  impl.VoteContext (VoteContext.java:log(49)) - 130456cf-e1b1-4e27-8a77-52f3e2c34494@group-BBA626DA395F-CANDIDATE: accept ELECTION from a0cd6e17-3b90-4804-ab26-c3914b9665e9: our priority 0 <= candidate's priority 1
2023-09-07 20:31:00,155 [grpc-default-executor-0] INFO  server.RaftServer$Division (RaftServerImpl.java:setRole(329)) - 130456cf-e1b1-4e27-8a77-52f3e2c34494@group-BBA626DA395F: changes role from CANDIDATE to FOLLOWER at term 1 for candidate:a0cd6e17-3b90-4804-ab26-c3914b9665e9
2023-09-07 20:31:00,155 [grpc-default-executor-0] INFO  impl.RoleInfo (RoleInfo.java:shutdownLeaderElection(130)) - 130456cf-e1b1-4e27-8a77-52f3e2c34494: shutdown 130456cf-e1b1-4e27-8a77-52f3e2c34494@group-BBA626DA395F-LeaderElection24
2023-09-07 20:31:00,156 [grpc-default-executor-1] INFO  server.RaftServer$Division (RaftServerImpl.java:requestVote(1302)) - 130456cf-e1b1-4e27-8a77-52f3e2c34494@group-BBA626DA395F: receive requestVote(PRE_VOTE, a0cd6e17-3b90-4804-ab26-c3914b9665e9, group-BBA626DA395F, 0, (t:0, i:0))
2023-09-07 20:31:00,156 [grpc-default-executor-0] INFO  impl.RoleInfo (RoleInfo.java:updateAndGet(139)) - 130456cf-e1b1-4e27-8a77-52f3e2c34494: start 130456cf-e1b1-4e27-8a77-52f3e2c34494@group-BBA626DA395F-FollowerState
2023-09-07 20:31:00,158 [grpc-default-executor-0] INFO  server.RaftServer$Division (RaftServerImpl.java:requestVote(1335)) - 130456cf-e1b1-4e27-8a77-52f3e2c34494@group-BBA626DA395F replies to ELECTION vote request: a0cd6e17-3b90-4804-ab26-c3914b9665e9<-130456cf-e1b1-4e27-8a77-52f3e2c34494#0:OK-t1. Peer's state: 130456cf-e1b1-4e27-8a77-52f3e2c34494@group-BBA626DA395F:t1, leader=null, voted=a0cd6e17-3b90-4804-ab26-c3914b9665e9, raftlog=Memoized:130456cf-e1b1-4e27-8a77-52f3e2c34494@group-BBA626DA395F-SegmentedRaftLog:OPENED:c-1, conf=-1: peers:[a0cd6e17-3b90-4804-ab26-c3914b9665e9|rpc:10.1.0.11:15129|admin:10.1.0.11:15128|client:10.1.0.11:15127|dataStream:10.1.0.11:15130|priority:1|startupRole:FOLLOWER, 114a9516-507d-4df3-bbf0-358fc4f720dd|rpc:10.1.0.11:15138|admin:10.1.0.11:15137|client:10.1.0.11:15136|dataStream:10.1.0.11:15139|priority:0|startupRole:FOLLOWER, 130456cf-e1b1-4e27-8a77-52f3e2c34494|rpc:10.1.0.11:15120|admin:10.1.0.11:15119|client:10.1.0.11:15118|dataStream:10.1.0.11:15121|priority:0|startupRole:FOLLOWER]|listeners:[], old=null
2023-09-07 20:31:00,159 [grpc-default-executor-1] INFO  impl.VoteContext (VoteContext.java:log(49)) - 130456cf-e1b1-4e27-8a77-52f3e2c34494@group-BBA626DA395F-FOLLOWER: accept PRE_VOTE from a0cd6e17-3b90-4804-ab26-c3914b9665e9: our priority 0 <= candidate's priority 1
2023-09-07 20:31:00,159 [grpc-default-executor-1] INFO  server.RaftServer$Division (RaftServerImpl.java:requestVote(1335)) - 130456cf-e1b1-4e27-8a77-52f3e2c34494@group-BBA626DA395F replies to PRE_VOTE vote request: a0cd6e17-3b90-4804-ab26-c3914b9665e9<-130456cf-e1b1-4e27-8a77-52f3e2c34494#0:OK-t1. Peer's state: 130456cf-e1b1-4e27-8a77-52f3e2c34494@group-BBA626DA395F:t1, leader=null, voted=a0cd6e17-3b90-4804-ab26-c3914b9665e9, raftlog=Memoized:130456cf-e1b1-4e27-8a77-52f3e2c34494@group-BBA626DA395F-SegmentedRaftLog:OPENED:c-1, conf=-1: peers:[a0cd6e17-3b90-4804-ab26-c3914b9665e9|rpc:10.1.0.11:15129|admin:10.1.0.11:15128|client:10.1.0.11:15127|dataStream:10.1.0.11:15130|priority:1|startupRole:FOLLOWER, 114a9516-507d-4df3-bbf0-358fc4f720dd|rpc:10.1.0.11:15138|admin:10.1.0.11:15137|client:10.1.0.11:15136|dataStream:10.1.0.11:15139|priority:0|startupRole:FOLLOWER, 130456cf-e1b1-4e27-8a77-52f3e2c34494|rpc:10.1.0.11:15120|admin:10.1.0.11:15119|client:10.1.0.11:15118|dataStream:10.1.0.11:15121|priority:0|startupRole:FOLLOWER]|listeners:[], old=null
2023-09-07 20:31:00,166 [a0cd6e17-3b90-4804-ab26-c3914b9665e9@group-BBA626DA395F-LeaderElection23] INFO  impl.LeaderElection (LeaderElection.java:logAndReturn(90)) - a0cd6e17-3b90-4804-ab26-c3914b9665e9@group-BBA626DA395F-LeaderElection23: ELECTION PASSED received 1 response(s) and 0 exception(s):
2023-09-07 20:31:00,166 [a0cd6e17-3b90-4804-ab26-c3914b9665e9@group-BBA626DA395F-LeaderElection23] INFO  impl.LeaderElection (LeaderElection.java:logAndReturn(94)) -   Response 0: a0cd6e17-3b90-4804-ab26-c3914b9665e9<-114a9516-507d-4df3-bbf0-358fc4f720dd#0:OK-t1
2023-09-07 20:31:00,166 [a0cd6e17-3b90-4804-ab26-c3914b9665e9@group-BBA626DA395F-LeaderElection23] INFO  impl.LeaderElection (LeaderElection.java:askForVotes(323)) - a0cd6e17-3b90-4804-ab26-c3914b9665e9@group-BBA626DA395F-LeaderElection23 ELECTION round 0: result PASSED
2023-09-07 20:31:00,166 [a0cd6e17-3b90-4804-ab26-c3914b9665e9@group-BBA626DA395F-LeaderElection23] INFO  impl.RoleInfo (RoleInfo.java:shutdownLeaderElection(130)) - a0cd6e17-3b90-4804-ab26-c3914b9665e9: shutdown a0cd6e17-3b90-4804-ab26-c3914b9665e9@group-BBA626DA395F-LeaderElection23
2023-09-07 20:31:00,166 [a0cd6e17-3b90-4804-ab26-c3914b9665e9@group-BBA626DA395F-LeaderElection23] INFO  server.RaftServer$Division (RaftServerImpl.java:setRole(329)) - a0cd6e17-3b90-4804-ab26-c3914b9665e9@group-BBA626DA395F: changes role from CANDIDATE to LEADER at term 1 for changeToLeader
2023-09-07 20:31:00,166 [a0cd6e17-3b90-4804-ab26-c3914b9665e9@group-BBA626DA395F-LeaderElection23] INFO  ratis.XceiverServerRatis (XceiverServerRatis.java:handleLeaderChangedNotification(902)) - Leader change notification received for group: group-BBA626DA395F with new leaderId: a0cd6e17-3b90-4804-ab26-c3914b9665e9
2023-09-07 20:31:00,167 [a0cd6e17-3b90-4804-ab26-c3914b9665e9@group-BBA626DA395F-LeaderElection23] INFO  server.RaftServer$Division (ServerState.java:setLeader(317)) - a0cd6e17-3b90-4804-ab26-c3914b9665e9@group-BBA626DA395F: change Leader from null to a0cd6e17-3b90-4804-ab26-c3914b9665e9 at term 1 for becomeLeader, leader elected after 5226ms
2023-09-07 20:31:00,167 [a0cd6e17-3b90-4804-ab26-c3914b9665e9@group-BBA626DA395F-LeaderElection23] INFO  server.RaftServerConfigKeys (ConfUtils.java:logGet(46)) - raft.server.staging.catchup.gap = 1000 (default)
2023-09-07 20:31:00,167 [a0cd6e17-3b90-4804-ab26-c3914b9665e9@group-BBA626DA395F-LeaderElection23] INFO  server.RaftServerConfigKeys (ConfUtils.java:logGet(46)) - raft.server.write.element-limit = 1024 (custom)
2023-09-07 20:31:00,167 [a0cd6e17-3b90-4804-ab26-c3914b9665e9@group-BBA626DA395F-LeaderElection23] INFO  server.RaftServerConfigKeys (ConfUtils.java:logGet(46)) - raft.server.write.byte-limit = 1024 M (=1073741824) (custom)
2023-09-07 20:31:00,167 [a0cd6e17-3b90-4804-ab26-c3914b9665e9@group-BBA626DA395F-LeaderElection23] INFO  server.RaftServerConfigKeys (ConfUtils.java:logGet(46)) - raft.server.watch.timeout = 180s (custom)
2023-09-07 20:31:00,168 [a0cd6e17-3b90-4804-ab26-c3914b9665e9@group-BBA626DA395F-LeaderElection23] INFO  server.RaftServerConfigKeys (ConfUtils.java:logGet(46)) - raft.server.watch.timeout.denomination = 1s (default)
2023-09-07 20:31:00,168 [a0cd6e17-3b90-4804-ab26-c3914b9665e9@group-BBA626DA395F-LeaderElection23] INFO  server.RaftServerConfigKeys (ConfUtils.java:logGet(46)) - raft.server.watch.element-limit = 65536 (default)
2023-09-07 20:31:00,168 [a0cd6e17-3b90-4804-ab26-c3914b9665e9@group-BBA626DA395F-LeaderElection23] INFO  server.RaftServerConfigKeys (ConfUtils.java:logGet(46)) - raft.server.write.element-limit = 1024 (custom)
2023-09-07 20:31:00,168 [a0cd6e17-3b90-4804-ab26-c3914b9665e9@group-BBA626DA395F-LeaderElection23] INFO  server.RaftServerConfigKeys (ConfUtils.java:logGet(46)) - raft.server.write.follower.gap.ratio.max = -1.0 (default)
2023-09-07 20:31:00,168 [a0cd6e17-3b90-4804-ab26-c3914b9665e9@group-BBA626DA395F-LeaderElection23] INFO  server.RaftServerConfigKeys (ConfUtils.java:logGet(46)) - raft.server.log.appender.snapshot.chunk.size.max = 16MB (=16777216) (default)
2023-09-07 20:31:00,172 [a0cd6e17-3b90-4804-ab26-c3914b9665e9@group-BBA626DA395F-LeaderElection23] INFO  server.RaftServerConfigKeys (ConfUtils.java:logGet(46)) - raft.server.log.appender.buffer.byte-limit = 33554432 (custom)
2023-09-07 20:31:00,172 [a0cd6e17-3b90-4804-ab26-c3914b9665e9@group-BBA626DA395F-LeaderElection23] INFO  server.RaftServerConfigKeys (ConfUtils.java:logGet(46)) - raft.server.log.appender.buffer.element-limit = 1 (custom)
2023-09-07 20:31:00,172 [a0cd6e17-3b90-4804-ab26-c3914b9665e9@group-BBA626DA395F-LeaderElection23] INFO  server.RaftServerConfigKeys (ConfUtils.java:logGet(46)) - raft.server.log.appender.wait-time.min = 10ms (default)
2023-09-07 20:31:00,173 [a0cd6e17-3b90-4804-ab26-c3914b9665e9@group-BBA626DA395F-LeaderElection23] INFO  grpc.GrpcConfigKeys (ConfUtils.java:logGet(46)) - raft.grpc.server.leader.outstanding.appends.max = 128 (default)
2023-09-07 20:31:00,173 [a0cd6e17-3b90-4804-ab26-c3914b9665e9@group-BBA626DA395F-LeaderElection23] INFO  server.RaftServerConfigKeys (ConfUtils.java:logGet(46)) - raft.server.rpc.request.timeout = 60s (custom)
2023-09-07 20:31:00,173 [a0cd6e17-3b90-4804-ab26-c3914b9665e9@group-BBA626DA395F-LeaderElection23] INFO  grpc.GrpcConfigKeys (ConfUtils.java:logGet(46)) - raft.grpc.server.install_snapshot.request.element-limit = 8 (default)
2023-09-07 20:31:00,173 [a0cd6e17-3b90-4804-ab26-c3914b9665e9@group-BBA626DA395F-LeaderElection23] INFO  grpc.GrpcConfigKeys (ConfUtils.java:logGet(46)) - raft.grpc.server.install_snapshot.request.timeout = 3000ms (default)
2023-09-07 20:31:00,173 [a0cd6e17-3b90-4804-ab26-c3914b9665e9@group-BBA626DA395F-LeaderElection23] INFO  server.RaftServerConfigKeys (ConfUtils.java:logGet(46)) - raft.server.log.appender.install.snapshot.enabled = false (custom)
2023-09-07 20:31:00,174 [EventQueue-PipelineReportForPipelineReportHandler] INFO  pipeline.PipelineReportHandler (PipelineReportHandler.java:processPipelineReport(136)) - Opened pipeline PipelineID=ff2a7f36-9fc5-4f31-a8fa-bba626da395f
2023-09-07 20:31:00,174 [EventQueue-OpenPipelineForHealthyPipelineSafeModeRule] INFO  safemode.SCMSafeModeManager (HealthyPipelineSafeModeRule.java:process(137)) - SCM in safe mode. Healthy pipelines reported count is 1, required healthy pipeline reported count is 1
2023-09-07 20:31:00,174 [EventQueue-OpenPipelineForHealthyPipelineSafeModeRule] INFO  safemode.SCMSafeModeManager (SCMSafeModeManager.java:validateSafeModeExitRules(200)) - HealthyPipelineSafeModeRule rule is successfully validated
2023-09-07 20:31:00,174 [EventQueue-OpenPipelineForHealthyPipelineSafeModeRule] INFO  safemode.SCMSafeModeManager (SCMSafeModeManager.java:validateSafeModeExitRules(215)) - ScmSafeModeManager, all rules are successfully validated
2023-09-07 20:31:00,174 [EventQueue-OpenPipelineForHealthyPipelineSafeModeRule] INFO  safemode.SCMSafeModeManager (SCMSafeModeManager.java:exitSafeMode(244)) - SCM exiting safe mode.
2023-09-07 20:31:00,174 [EventQueue-OpenPipelineForHealthyPipelineSafeModeRule] INFO  ha.SCMContext (SCMContext.java:updateSafeModeStatus(228)) - Update SafeModeStatus from SafeModeStatus{safeModeStatus=true, preCheckPassed=true} to SafeModeStatus{safeModeStatus=false, preCheckPassed=true}.
2023-09-07 20:31:00,174 [EventQueue-OpenPipelineForHealthyPipelineSafeModeRule] INFO  pipeline.BackgroundPipelineCreator (BackgroundPipelineCreator.java:notifyStatusChanged(255)) - Service BackgroundPipelineCreator transitions to RUNNING.
2023-09-07 20:31:00,174 [EventQueue-OpenPipelineForHealthyPipelineSafeModeRule] INFO  BackgroundPipelineScrubber (BackgroundSCMService.java:notifyStatusChanged(82)) - Service BackgroundPipelineScrubber transitions to RUNNING.
2023-09-07 20:31:00,174 [EventQueue-OpenPipelineForHealthyPipelineSafeModeRule] INFO  ExpiredContainerReplicaOpScrubber (BackgroundSCMService.java:notifyStatusChanged(82)) - Service ExpiredContainerReplicaOpScrubber transitions to RUNNING.
2023-09-07 20:31:00,174 [EventQueue-OpenPipelineForHealthyPipelineSafeModeRule] INFO  replication.ReplicationManager (ReplicationManager.java:notifyStatusChanged(1370)) - Service ReplicationManager transitions to RUNNING.
2023-09-07 20:31:00,175 [EventQueue-OpenPipelineForHealthyPipelineSafeModeRule] WARN  balancer.ContainerBalancer (ContainerBalancer.java:shouldRun(134)) - Could not find persisted configuration for ContainerBalancer when checking if ContainerBalancer should run. ContainerBalancer should not run now.
2023-09-07 20:31:00,175 [a0cd6e17-3b90-4804-ab26-c3914b9665e9@group-BBA626DA395F-LeaderElection23] INFO  grpc.GrpcConfigKeys (ConfUtils.java:logGet(46)) - raft.grpc.server.heartbeat.channel = true (default)
2023-09-07 20:31:00,177 [a0cd6e17-3b90-4804-ab26-c3914b9665e9@group-BBA626DA395F-LeaderElection23] INFO  server.RaftServerConfigKeys (ConfUtils.java:logGet(46)) - raft.server.log.appender.snapshot.chunk.size.max = 16MB (=16777216) (default)
2023-09-07 20:31:00,177 [a0cd6e17-3b90-4804-ab26-c3914b9665e9@group-BBA626DA395F-LeaderElection23] INFO  server.RaftServerConfigKeys (ConfUtils.java:logGet(46)) - raft.server.log.appender.buffer.byte-limit = 33554432 (custom)
2023-09-07 20:31:00,177 [a0cd6e17-3b90-4804-ab26-c3914b9665e9@group-BBA626DA395F-LeaderElection23] INFO  server.RaftServerConfigKeys (ConfUtils.java:logGet(46)) - raft.server.log.appender.buffer.element-limit = 1 (custom)
2023-09-07 20:31:00,177 [a0cd6e17-3b90-4804-ab26-c3914b9665e9@group-BBA626DA395F-LeaderElection23] INFO  server.RaftServerConfigKeys (ConfUtils.java:logGet(46)) - raft.server.log.appender.wait-time.min = 10ms (default)
2023-09-07 20:31:00,177 [a0cd6e17-3b90-4804-ab26-c3914b9665e9@group-BBA626DA395F-LeaderElection23] INFO  grpc.GrpcConfigKeys (ConfUtils.java:logGet(46)) - raft.grpc.server.leader.outstanding.appends.max = 128 (default)
2023-09-07 20:31:00,177 [a0cd6e17-3b90-4804-ab26-c3914b9665e9@group-BBA626DA395F-LeaderElection23] INFO  server.RaftServerConfigKeys (ConfUtils.java:logGet(46)) - raft.server.rpc.request.timeout = 60s (custom)
2023-09-07 20:31:00,178 [a0cd6e17-3b90-4804-ab26-c3914b9665e9@group-BBA626DA395F-LeaderElection23] INFO  grpc.GrpcConfigKeys (ConfUtils.java:logGet(46)) - raft.grpc.server.install_snapshot.request.element-limit = 8 (default)
2023-09-07 20:31:00,178 [a0cd6e17-3b90-4804-ab26-c3914b9665e9@group-BBA626DA395F-LeaderElection23] INFO  grpc.GrpcConfigKeys (ConfUtils.java:logGet(46)) - raft.grpc.server.install_snapshot.request.timeout = 3000ms (default)
2023-09-07 20:31:00,178 [a0cd6e17-3b90-4804-ab26-c3914b9665e9@group-BBA626DA395F-LeaderElection23] INFO  server.RaftServerConfigKeys (ConfUtils.java:logGet(46)) - raft.server.log.appender.install.snapshot.enabled = false (custom)
2023-09-07 20:31:00,178 [a0cd6e17-3b90-4804-ab26-c3914b9665e9@group-BBA626DA395F-LeaderElection23] INFO  grpc.GrpcConfigKeys (ConfUtils.java:logGet(46)) - raft.grpc.server.heartbeat.channel = true (default)
2023-09-07 20:31:00,178 [a0cd6e17-3b90-4804-ab26-c3914b9665e9@group-BBA626DA395F-LeaderElection23] INFO  impl.RoleInfo (RoleInfo.java:updateAndGet(139)) - a0cd6e17-3b90-4804-ab26-c3914b9665e9: start a0cd6e17-3b90-4804-ab26-c3914b9665e9@group-BBA626DA395F-LeaderStateImpl
2023-09-07 20:31:00,178 [grpc-default-executor-1] INFO  server.RaftServer$Division (RaftServerImpl.java:requestVote(1302)) - a0cd6e17-3b90-4804-ab26-c3914b9665e9@group-BBA626DA395F: receive requestVote(PRE_VOTE, 130456cf-e1b1-4e27-8a77-52f3e2c34494, group-BBA626DA395F, 0, (t:0, i:0))
2023-09-07 20:31:00,178 [a0cd6e17-3b90-4804-ab26-c3914b9665e9@group-BBA626DA395F-LeaderElection23] INFO  segmented.SegmentedRaftLogWorker (SegmentedRaftLogWorker.java:startLogSegment(447)) - a0cd6e17-3b90-4804-ab26-c3914b9665e9@group-BBA626DA395F-SegmentedRaftLogWorker: Starting segment from index:0
2023-09-07 20:31:00,182 [a0cd6e17-3b90-4804-ab26-c3914b9665e9@group-BBA626DA395F-SegmentedRaftLogWorker] INFO  segmented.SegmentedRaftLogWorker (SegmentedRaftLogWorker.java:execute(651)) - a0cd6e17-3b90-4804-ab26-c3914b9665e9@group-BBA626DA395F-SegmentedRaftLogWorker: created new log segment /home/runner/work/ozone/ozone/hadoop-ozone/integration-test/target/test-dir/MiniOzoneClusterImpl-7c3c5bdb-9f31-4157-923c-74528274ab7c/datanode-1/data/ratis/ff2a7f36-9fc5-4f31-a8fa-bba626da395f/current/log_inprogress_0
2023-09-07 20:31:00,191 [a0cd6e17-3b90-4804-ab26-c3914b9665e9@group-BBA626DA395F-LeaderElection23] INFO  server.RaftServer$Division (ServerState.java:setRaftConf(434)) - a0cd6e17-3b90-4804-ab26-c3914b9665e9@group-BBA626DA395F: set configuration 0: peers:[a0cd6e17-3b90-4804-ab26-c3914b9665e9|rpc:10.1.0.11:15129|admin:10.1.0.11:15128|client:10.1.0.11:15127|dataStream:10.1.0.11:15130|priority:1|startupRole:FOLLOWER, 114a9516-507d-4df3-bbf0-358fc4f720dd|rpc:10.1.0.11:15138|admin:10.1.0.11:15137|client:10.1.0.11:15136|dataStream:10.1.0.11:15139|priority:0|startupRole:FOLLOWER, 130456cf-e1b1-4e27-8a77-52f3e2c34494|rpc:10.1.0.11:15120|admin:10.1.0.11:15119|client:10.1.0.11:15118|dataStream:10.1.0.11:15121|priority:0|startupRole:FOLLOWER]|listeners:[], old=null
2023-09-07 20:31:00,191 [grpc-default-executor-2] INFO  server.RaftServer$Division (RaftServerImpl.java:requestVote(1302)) - 114a9516-507d-4df3-bbf0-358fc4f720dd@group-BBA626DA395F: receive requestVote(PRE_VOTE, 130456cf-e1b1-4e27-8a77-52f3e2c34494, group-BBA626DA395F, 0, (t:0, i:0))
2023-09-07 20:31:00,192 [grpc-default-executor-2] INFO  impl.VoteContext (VoteContext.java:log(49)) - 114a9516-507d-4df3-bbf0-358fc4f720dd@group-BBA626DA395F-FOLLOWER: accept PRE_VOTE from 130456cf-e1b1-4e27-8a77-52f3e2c34494: our priority 0 <= candidate's priority 0
2023-09-07 20:31:00,192 [grpc-default-executor-2] INFO  server.RaftServer$Division (RaftServerImpl.java:requestVote(1335)) - 114a9516-507d-4df3-bbf0-358fc4f720dd@group-BBA626DA395F replies to PRE_VOTE vote request: 130456cf-e1b1-4e27-8a77-52f3e2c34494<-114a9516-507d-4df3-bbf0-358fc4f720dd#0:OK-t1. Peer's state: 114a9516-507d-4df3-bbf0-358fc4f720dd@group-BBA626DA395F:t1, leader=null, voted=a0cd6e17-3b90-4804-ab26-c3914b9665e9, raftlog=Memoized:114a9516-507d-4df3-bbf0-358fc4f720dd@group-BBA626DA395F-SegmentedRaftLog:OPENED:c-1, conf=-1: peers:[a0cd6e17-3b90-4804-ab26-c3914b9665e9|rpc:10.1.0.11:15129|admin:10.1.0.11:15128|client:10.1.0.11:15127|dataStream:10.1.0.11:15130|priority:1|startupRole:FOLLOWER, 114a9516-507d-4df3-bbf0-358fc4f720dd|rpc:10.1.0.11:15138|admin:10.1.0.11:15137|client:10.1.0.11:15136|dataStream:10.1.0.11:15139|priority:0|startupRole:FOLLOWER, 130456cf-e1b1-4e27-8a77-52f3e2c34494|rpc:10.1.0.11:15120|admin:10.1.0.11:15119|client:10.1.0.11:15118|dataStream:10.1.0.11:15121|priority:0|startupRole:FOLLOWER]|listeners:[], old=null
2023-09-07 20:31:00,193 [grpc-default-executor-1] INFO  impl.VoteContext (VoteContext.java:log(49)) - a0cd6e17-3b90-4804-ab26-c3914b9665e9@group-BBA626DA395F-LEADER: reject PRE_VOTE from 130456cf-e1b1-4e27-8a77-52f3e2c34494: this server is the leader and still has leadership
2023-09-07 20:31:00,193 [grpc-default-executor-1] INFO  server.RaftServer$Division (RaftServerImpl.java:requestVote(1335)) - a0cd6e17-3b90-4804-ab26-c3914b9665e9@group-BBA626DA395F replies to PRE_VOTE vote request: 130456cf-e1b1-4e27-8a77-52f3e2c34494<-a0cd6e17-3b90-4804-ab26-c3914b9665e9#0:FAIL-t1. Peer's state: a0cd6e17-3b90-4804-ab26-c3914b9665e9@group-BBA626DA395F:t1, leader=a0cd6e17-3b90-4804-ab26-c3914b9665e9, voted=a0cd6e17-3b90-4804-ab26-c3914b9665e9, raftlog=Memoized:a0cd6e17-3b90-4804-ab26-c3914b9665e9@group-BBA626DA395F-SegmentedRaftLog:OPENED:c-1, conf=0: peers:[a0cd6e17-3b90-4804-ab26-c3914b9665e9|rpc:10.1.0.11:15129|admin:10.1.0.11:15128|client:10.1.0.11:15127|dataStream:10.1.0.11:15130|priority:1|startupRole:FOLLOWER, 114a9516-507d-4df3-bbf0-358fc4f720dd|rpc:10.1.0.11:15138|admin:10.1.0.11:15137|client:10.1.0.11:15136|dataStream:10.1.0.11:15139|priority:0|startupRole:FOLLOWER, 130456cf-e1b1-4e27-8a77-52f3e2c34494|rpc:10.1.0.11:15120|admin:10.1.0.11:15119|client:10.1.0.11:15118|dataStream:10.1.0.11:15121|priority:0|startupRole:FOLLOWER]|listeners:[], old=null
2023-09-07 20:31:00,196 [130456cf-e1b1-4e27-8a77-52f3e2c34494@group-BBA626DA395F-LeaderElection24] INFO  impl.LeaderElection (LeaderElection.java:logAndReturn(90)) - 130456cf-e1b1-4e27-8a77-52f3e2c34494@group-BBA626DA395F-LeaderElection24: PRE_VOTE DISCOVERED_A_NEW_TERM (term=1) received 1 response(s) and 0 exception(s):
2023-09-07 20:31:00,196 [130456cf-e1b1-4e27-8a77-52f3e2c34494@group-BBA626DA395F-LeaderElection24] INFO  impl.LeaderElection (LeaderElection.java:logAndReturn(94)) -   Response 0: 130456cf-e1b1-4e27-8a77-52f3e2c34494<-114a9516-507d-4df3-bbf0-358fc4f720dd#0:OK-t1
2023-09-07 20:31:00,197 [130456cf-e1b1-4e27-8a77-52f3e2c34494@group-BBA626DA395F-LeaderElection24] INFO  impl.LeaderElection (LeaderElection.java:askForVotes(323)) - 130456cf-e1b1-4e27-8a77-52f3e2c34494@group-BBA626DA395F-LeaderElection24 PRE_VOTE round 0: result DISCOVERED_A_NEW_TERM (term=1)
2023-09-07 20:31:00,209 [130456cf-e1b1-4e27-8a77-52f3e2c34494@group-7300A7E366F1-FollowerState] INFO  impl.FollowerState (FollowerState.java:run(143)) - 130456cf-e1b1-4e27-8a77-52f3e2c34494@group-7300A7E366F1-FollowerState: change to CANDIDATE, lastRpcElapsedTime:5093596644ns, electionTimeout:5092ms
2023-09-07 20:31:00,210 [130456cf-e1b1-4e27-8a77-52f3e2c34494@group-7300A7E366F1-FollowerState] INFO  impl.RoleInfo (RoleInfo.java:shutdownFollowerState(110)) - 130456cf-e1b1-4e27-8a77-52f3e2c34494: shutdown 130456cf-e1b1-4e27-8a77-52f3e2c34494@group-7300A7E366F1-FollowerState
2023-09-07 20:31:00,210 [130456cf-e1b1-4e27-8a77-52f3e2c34494@group-7300A7E366F1-FollowerState] INFO  server.RaftServer$Division (RaftServerImpl.java:setRole(329)) - 130456cf-e1b1-4e27-8a77-52f3e2c34494@group-7300A7E366F1: changes role from  FOLLOWER to CANDIDATE at term 0 for changeToCandidate
2023-09-07 20:31:00,210 [130456cf-e1b1-4e27-8a77-52f3e2c34494@group-7300A7E366F1-FollowerState] INFO  server.RaftServerConfigKeys (ConfUtils.java:logGet(46)) - raft.server.leaderelection.pre-vote = true (default)
2023-09-07 20:31:00,210 [130456cf-e1b1-4e27-8a77-52f3e2c34494@group-7300A7E366F1-FollowerState] INFO  impl.RoleInfo (RoleInfo.java:updateAndGet(139)) - 130456cf-e1b1-4e27-8a77-52f3e2c34494: start 130456cf-e1b1-4e27-8a77-52f3e2c34494@group-7300A7E366F1-LeaderElection25
2023-09-07 20:31:00,221 [114a9516-507d-4df3-bbf0-358fc4f720dd-server-thread1] INFO  ratis.XceiverServerRatis (XceiverServerRatis.java:handleLeaderChangedNotification(902)) - Leader change notification received for group: group-BBA626DA395F with new leaderId: a0cd6e17-3b90-4804-ab26-c3914b9665e9
2023-09-07 20:31:00,221 [114a9516-507d-4df3-bbf0-358fc4f720dd-server-thread1] INFO  server.RaftServer$Division (ServerState.java:setLeader(317)) - 114a9516-507d-4df3-bbf0-358fc4f720dd@group-BBA626DA395F: change Leader from null to a0cd6e17-3b90-4804-ab26-c3914b9665e9 at term 1 for appendEntries, leader elected after 5195ms
2023-09-07 20:31:00,237 [130456cf-e1b1-4e27-8a77-52f3e2c34494@group-7300A7E366F1-LeaderElection25] INFO  impl.LeaderElection (LeaderElection.java:askForVotes(321)) - 130456cf-e1b1-4e27-8a77-52f3e2c34494@group-7300A7E366F1-LeaderElection25 PRE_VOTE round 0: submit vote requests at term 0 for -1: peers:[a0cd6e17-3b90-4804-ab26-c3914b9665e9|rpc:10.1.0.11:15129|admin:10.1.0.11:15128|client:10.1.0.11:15127|dataStream:10.1.0.11:15130|priority:0|startupRole:FOLLOWER, 114a9516-507d-4df3-bbf0-358fc4f720dd|rpc:10.1.0.11:15138|admin:10.1.0.11:15137|client:10.1.0.11:15136|dataStream:10.1.0.11:15139|priority:1|startupRole:FOLLOWER, 130456cf-e1b1-4e27-8a77-52f3e2c34494|rpc:10.1.0.11:15120|admin:10.1.0.11:15119|client:10.1.0.11:15118|dataStream:10.1.0.11:15121|priority:0|startupRole:FOLLOWER]|listeners:[], old=null
2023-09-07 20:31:00,238 [130456cf-e1b1-4e27-8a77-52f3e2c34494@group-7300A7E366F1-LeaderElection25] INFO  server.RaftServerConfigKeys (ConfUtils.java:logFallback(53)) - raft.server.rpc.first-election.timeout.min = 5s (fallback to raft.server.rpc.timeout.min)
2023-09-07 20:31:00,238 [130456cf-e1b1-4e27-8a77-52f3e2c34494@group-7300A7E366F1-LeaderElection25] INFO  server.RaftServerConfigKeys (ConfUtils.java:logFallback(53)) - raft.server.rpc.first-election.timeout.max = 5200ms (fallback to raft.server.rpc.timeout.max)
2023-09-07 20:31:00,238 [130456cf-e1b1-4e27-8a77-52f3e2c34494-server-thread1] INFO  ratis.XceiverServerRatis (XceiverServerRatis.java:handleLeaderChangedNotification(902)) - Leader change notification received for group: group-BBA626DA395F with new leaderId: a0cd6e17-3b90-4804-ab26-c3914b9665e9
2023-09-07 20:31:00,238 [130456cf-e1b1-4e27-8a77-52f3e2c34494-server-thread1] INFO  server.RaftServer$Division (ServerState.java:setLeader(317)) - 130456cf-e1b1-4e27-8a77-52f3e2c34494@group-BBA626DA395F: change Leader from null to a0cd6e17-3b90-4804-ab26-c3914b9665e9 at term 1 for appendEntries, leader elected after 5344ms
2023-09-07 20:31:00,258 [114a9516-507d-4df3-bbf0-358fc4f720dd-server-thread2] INFO  server.RaftServer$Division (ServerState.java:setRaftConf(434)) - 114a9516-507d-4df3-bbf0-358fc4f720dd@group-BBA626DA395F: set configuration 0: peers:[a0cd6e17-3b90-4804-ab26-c3914b9665e9|rpc:10.1.0.11:15129|admin:10.1.0.11:15128|client:10.1.0.11:15127|dataStream:10.1.0.11:15130|priority:1|startupRole:FOLLOWER, 114a9516-507d-4df3-bbf0-358fc4f720dd|rpc:10.1.0.11:15138|admin:10.1.0.11:15137|client:10.1.0.11:15136|dataStream:10.1.0.11:15139|priority:0|startupRole:FOLLOWER, 130456cf-e1b1-4e27-8a77-52f3e2c34494|rpc:10.1.0.11:15120|admin:10.1.0.11:15119|client:10.1.0.11:15118|dataStream:10.1.0.11:15121|priority:0|startupRole:FOLLOWER]|listeners:[], old=null
2023-09-07 20:31:00,258 [130456cf-e1b1-4e27-8a77-52f3e2c34494-server-thread1] INFO  server.RaftServer$Division (ServerState.java:setRaftConf(434)) - 130456cf-e1b1-4e27-8a77-52f3e2c34494@group-BBA626DA395F: set configuration 0: peers:[a0cd6e17-3b90-4804-ab26-c3914b9665e9|rpc:10.1.0.11:15129|admin:10.1.0.11:15128|client:10.1.0.11:15127|dataStream:10.1.0.11:15130|priority:1|startupRole:FOLLOWER, 114a9516-507d-4df3-bbf0-358fc4f720dd|rpc:10.1.0.11:15138|admin:10.1.0.11:15137|client:10.1.0.11:15136|dataStream:10.1.0.11:15139|priority:0|startupRole:FOLLOWER, 130456cf-e1b1-4e27-8a77-52f3e2c34494|rpc:10.1.0.11:15120|admin:10.1.0.11:15119|client:10.1.0.11:15118|dataStream:10.1.0.11:15121|priority:0|startupRole:FOLLOWER]|listeners:[], old=null
2023-09-07 20:31:00,269 [114a9516-507d-4df3-bbf0-358fc4f720dd-server-thread2] INFO  segmented.SegmentedRaftLogWorker (SegmentedRaftLogWorker.java:startLogSegment(447)) - 114a9516-507d-4df3-bbf0-358fc4f720dd@group-BBA626DA395F-SegmentedRaftLogWorker: Starting segment from index:0
2023-09-07 20:31:00,269 [130456cf-e1b1-4e27-8a77-52f3e2c34494-server-thread1] INFO  segmented.SegmentedRaftLogWorker (SegmentedRaftLogWorker.java:startLogSegment(447)) - 130456cf-e1b1-4e27-8a77-52f3e2c34494@group-BBA626DA395F-SegmentedRaftLogWorker: Starting segment from index:0
2023-09-07 20:31:00,277 [grpc-default-executor-1] INFO  server.RaftServer$Division (RaftServerImpl.java:requestVote(1302)) - 114a9516-507d-4df3-bbf0-358fc4f720dd@group-7300A7E366F1: receive requestVote(PRE_VOTE, 130456cf-e1b1-4e27-8a77-52f3e2c34494, group-7300A7E366F1, 0, (t:0, i:0))
2023-09-07 20:31:00,278 [grpc-default-executor-6] INFO  server.RaftServer$Division (RaftServerImpl.java:requestVote(1302)) - a0cd6e17-3b90-4804-ab26-c3914b9665e9@group-7300A7E366F1: receive requestVote(PRE_VOTE, 130456cf-e1b1-4e27-8a77-52f3e2c34494, group-7300A7E366F1, 0, (t:0, i:0))
2023-09-07 20:31:00,278 [grpc-default-executor-6] INFO  impl.VoteContext (VoteContext.java:log(49)) - a0cd6e17-3b90-4804-ab26-c3914b9665e9@group-7300A7E366F1-FOLLOWER: accept PRE_VOTE from 130456cf-e1b1-4e27-8a77-52f3e2c34494: our priority 0 <= candidate's priority 0
2023-09-07 20:31:00,279 [grpc-default-executor-6] INFO  server.RaftServer$Division (RaftServerImpl.java:requestVote(1335)) - a0cd6e17-3b90-4804-ab26-c3914b9665e9@group-7300A7E366F1 replies to PRE_VOTE vote request: 130456cf-e1b1-4e27-8a77-52f3e2c34494<-a0cd6e17-3b90-4804-ab26-c3914b9665e9#0:OK-t0. Peer's state: a0cd6e17-3b90-4804-ab26-c3914b9665e9@group-7300A7E366F1:t0, leader=null, voted=, raftlog=Memoized:a0cd6e17-3b90-4804-ab26-c3914b9665e9@group-7300A7E366F1-SegmentedRaftLog:OPENED:c-1, conf=-1: peers:[a0cd6e17-3b90-4804-ab26-c3914b9665e9|rpc:10.1.0.11:15129|admin:10.1.0.11:15128|client:10.1.0.11:15127|dataStream:10.1.0.11:15130|priority:0|startupRole:FOLLOWER, 114a9516-507d-4df3-bbf0-358fc4f720dd|rpc:10.1.0.11:15138|admin:10.1.0.11:15137|client:10.1.0.11:15136|dataStream:10.1.0.11:15139|priority:1|startupRole:FOLLOWER, 130456cf-e1b1-4e27-8a77-52f3e2c34494|rpc:10.1.0.11:15120|admin:10.1.0.11:15119|client:10.1.0.11:15118|dataStream:10.1.0.11:15121|priority:0|startupRole:FOLLOWER]|listeners:[], old=null
2023-09-07 20:31:00,311 [grpc-default-executor-1] INFO  impl.VoteContext (VoteContext.java:log(49)) - 114a9516-507d-4df3-bbf0-358fc4f720dd@group-7300A7E366F1-FOLLOWER: reject PRE_VOTE from 130456cf-e1b1-4e27-8a77-52f3e2c34494: our priority 1 > candidate's priority 0
2023-09-07 20:31:00,312 [114a9516-507d-4df3-bbf0-358fc4f720dd@group-BBA626DA395F-SegmentedRaftLogWorker] INFO  segmented.SegmentedRaftLogWorker (SegmentedRaftLogWorker.java:execute(651)) - 114a9516-507d-4df3-bbf0-358fc4f720dd@group-BBA626DA395F-SegmentedRaftLogWorker: created new log segment /home/runner/work/ozone/ozone/hadoop-ozone/integration-test/target/test-dir/MiniOzoneClusterImpl-7c3c5bdb-9f31-4157-923c-74528274ab7c/datanode-2/data/ratis/ff2a7f36-9fc5-4f31-a8fa-bba626da395f/current/log_inprogress_0
2023-09-07 20:31:00,312 [130456cf-e1b1-4e27-8a77-52f3e2c34494@group-BBA626DA395F-SegmentedRaftLogWorker] INFO  segmented.SegmentedRaftLogWorker (SegmentedRaftLogWorker.java:execute(651)) - 130456cf-e1b1-4e27-8a77-52f3e2c34494@group-BBA626DA395F-SegmentedRaftLogWorker: created new log segment /home/runner/work/ozone/ozone/hadoop-ozone/integration-test/target/test-dir/MiniOzoneClusterImpl-7c3c5bdb-9f31-4157-923c-74528274ab7c/datanode-0/data/ratis/ff2a7f36-9fc5-4f31-a8fa-bba626da395f/current/log_inprogress_0
2023-09-07 20:31:00,312 [grpc-default-executor-1] INFO  server.RaftServer$Division (RaftServerImpl.java:requestVote(1335)) - 114a9516-507d-4df3-bbf0-358fc4f720dd@group-7300A7E366F1 replies to PRE_VOTE vote request: 130456cf-e1b1-4e27-8a77-52f3e2c34494<-114a9516-507d-4df3-bbf0-358fc4f720dd#0:FAIL-t0. Peer's state: 114a9516-507d-4df3-bbf0-358fc4f720dd@group-7300A7E366F1:t0, leader=null, voted=, raftlog=Memoized:114a9516-507d-4df3-bbf0-358fc4f720dd@group-7300A7E366F1-SegmentedRaftLog:OPENED:c-1, conf=-1: peers:[a0cd6e17-3b90-4804-ab26-c3914b9665e9|rpc:10.1.0.11:15129|admin:10.1.0.11:15128|client:10.1.0.11:15127|dataStream:10.1.0.11:15130|priority:0|startupRole:FOLLOWER, 114a9516-507d-4df3-bbf0-358fc4f720dd|rpc:10.1.0.11:15138|admin:10.1.0.11:15137|client:10.1.0.11:15136|dataStream:10.1.0.11:15139|priority:1|startupRole:FOLLOWER, 130456cf-e1b1-4e27-8a77-52f3e2c34494|rpc:10.1.0.11:15120|admin:10.1.0.11:15119|client:10.1.0.11:15118|dataStream:10.1.0.11:15121|priority:0|startupRole:FOLLOWER]|listeners:[], old=null
2023-09-07 20:31:00,320 [130456cf-e1b1-4e27-8a77-52f3e2c34494@group-7300A7E366F1-LeaderElection25] INFO  impl.LeaderElection (LeaderElection.java:logAndReturn(90)) - 130456cf-e1b1-4e27-8a77-52f3e2c34494@group-7300A7E366F1-LeaderElection25: PRE_VOTE REJECTED received 2 response(s) and 0 exception(s):
2023-09-07 20:31:00,320 [130456cf-e1b1-4e27-8a77-52f3e2c34494@group-7300A7E366F1-LeaderElection25] INFO  impl.LeaderElection (LeaderElection.java:logAndReturn(94)) -   Response 0: 130456cf-e1b1-4e27-8a77-52f3e2c34494<-a0cd6e17-3b90-4804-ab26-c3914b9665e9#0:OK-t0
2023-09-07 20:31:00,321 [130456cf-e1b1-4e27-8a77-52f3e2c34494@group-7300A7E366F1-LeaderElection25] INFO  impl.LeaderElection (LeaderElection.java:logAndReturn(94)) -   Response 1: 130456cf-e1b1-4e27-8a77-52f3e2c34494<-114a9516-507d-4df3-bbf0-358fc4f720dd#0:FAIL-t0
2023-09-07 20:31:00,321 [130456cf-e1b1-4e27-8a77-52f3e2c34494@group-7300A7E366F1-LeaderElection25] INFO  impl.LeaderElection (LeaderElection.java:askForVotes(323)) - 130456cf-e1b1-4e27-8a77-52f3e2c34494@group-7300A7E366F1-LeaderElection25 PRE_VOTE round 0: result REJECTED
2023-09-07 20:31:00,321 [130456cf-e1b1-4e27-8a77-52f3e2c34494@group-7300A7E366F1-LeaderElection25] INFO  server.RaftServer$Division (RaftServerImpl.java:setRole(329)) - 130456cf-e1b1-4e27-8a77-52f3e2c34494@group-7300A7E366F1: changes role from CANDIDATE to FOLLOWER at term 0 for REJECTED
2023-09-07 20:31:00,321 [130456cf-e1b1-4e27-8a77-52f3e2c34494@group-7300A7E366F1-LeaderElection25] INFO  impl.RoleInfo (RoleInfo.java:shutdownLeaderElection(130)) - 130456cf-e1b1-4e27-8a77-52f3e2c34494: shutdown 130456cf-e1b1-4e27-8a77-52f3e2c34494@group-7300A7E366F1-LeaderElection25
2023-09-07 20:31:00,321 [130456cf-e1b1-4e27-8a77-52f3e2c34494@group-7300A7E366F1-LeaderElection25] INFO  impl.RoleInfo (RoleInfo.java:updateAndGet(139)) - 130456cf-e1b1-4e27-8a77-52f3e2c34494: start 130456cf-e1b1-4e27-8a77-52f3e2c34494@group-7300A7E366F1-FollowerState
2023-09-07 20:31:00,333 [114a9516-507d-4df3-bbf0-358fc4f720dd@group-7300A7E366F1-FollowerState] INFO  impl.FollowerState (FollowerState.java:run(143)) - 114a9516-507d-4df3-bbf0-358fc4f720dd@group-7300A7E366F1-FollowerState: change to CANDIDATE, lastRpcElapsedTime:5182024296ns, electionTimeout:5169ms
2023-09-07 20:31:00,333 [114a9516-507d-4df3-bbf0-358fc4f720dd@group-7300A7E366F1-FollowerState] INFO  impl.RoleInfo (RoleInfo.java:shutdownFollowerState(110)) - 114a9516-507d-4df3-bbf0-358fc4f720dd: shutdown 114a9516-507d-4df3-bbf0-358fc4f720dd@group-7300A7E366F1-FollowerState
2023-09-07 20:31:00,333 [114a9516-507d-4df3-bbf0-358fc4f720dd@group-7300A7E366F1-FollowerState] INFO  server.RaftServer$Division (RaftServerImpl.java:setRole(329)) - 114a9516-507d-4df3-bbf0-358fc4f720dd@group-7300A7E366F1: changes role from  FOLLOWER to CANDIDATE at term 0 for changeToCandidate
2023-09-07 20:31:00,333 [114a9516-507d-4df3-bbf0-358fc4f720dd@group-7300A7E366F1-FollowerState] INFO  server.RaftServerConfigKeys (ConfUtils.java:logGet(46)) - raft.server.leaderelection.pre-vote = true (default)
2023-09-07 20:31:00,333 [114a9516-507d-4df3-bbf0-358fc4f720dd@group-7300A7E366F1-FollowerState] INFO  impl.RoleInfo (RoleInfo.java:updateAndGet(139)) - 114a9516-507d-4df3-bbf0-358fc4f720dd: start 114a9516-507d-4df3-bbf0-358fc4f720dd@group-7300A7E366F1-LeaderElection26
2023-09-07 20:31:00,340 [114a9516-507d-4df3-bbf0-358fc4f720dd@group-7300A7E366F1-LeaderElection26] INFO  impl.LeaderElection (LeaderElection.java:askForVotes(321)) - 114a9516-507d-4df3-bbf0-358fc4f720dd@group-7300A7E366F1-LeaderElection26 PRE_VOTE round 0: submit vote requests at term 0 for -1: peers:[a0cd6e17-3b90-4804-ab26-c3914b9665e9|rpc:10.1.0.11:15129|admin:10.1.0.11:15128|client:10.1.0.11:15127|dataStream:10.1.0.11:15130|priority:0|startupRole:FOLLOWER, 114a9516-507d-4df3-bbf0-358fc4f720dd|rpc:10.1.0.11:15138|admin:10.1.0.11:15137|client:10.1.0.11:15136|dataStream:10.1.0.11:15139|priority:1|startupRole:FOLLOWER, 130456cf-e1b1-4e27-8a77-52f3e2c34494|rpc:10.1.0.11:15120|admin:10.1.0.11:15119|client:10.1.0.11:15118|dataStream:10.1.0.11:15121|priority:0|startupRole:FOLLOWER]|listeners:[], old=null
2023-09-07 20:31:00,343 [114a9516-507d-4df3-bbf0-358fc4f720dd@group-7300A7E366F1-LeaderElection26-1] INFO  server.GrpcServerProtocolClient (GrpcServerProtocolClient.java:<init>(65)) - Build channel for a0cd6e17-3b90-4804-ab26-c3914b9665e9
2023-09-07 20:31:00,347 [114a9516-507d-4df3-bbf0-358fc4f720dd@group-7300A7E366F1-LeaderElection26] INFO  server.RaftServerConfigKeys (ConfUtils.java:logFallback(53)) - raft.server.rpc.first-election.timeout.min = 5s (fallback to raft.server.rpc.timeout.min)
2023-09-07 20:31:00,347 [114a9516-507d-4df3-bbf0-358fc4f720dd@group-7300A7E366F1-LeaderElection26] INFO  server.RaftServerConfigKeys (ConfUtils.java:logFallback(53)) - raft.server.rpc.first-election.timeout.max = 5200ms (fallback to raft.server.rpc.timeout.max)
2023-09-07 20:31:00,349 [a0cd6e17-3b90-4804-ab26-c3914b9665e9@group-7300A7E366F1-FollowerState] INFO  server.RaftServerConfigKeys (ConfUtils.java:logFallback(53)) - raft.server.rpc.first-election.timeout.min = 5s (fallback to raft.server.rpc.timeout.min)
2023-09-07 20:31:00,349 [a0cd6e17-3b90-4804-ab26-c3914b9665e9@group-7300A7E366F1-FollowerState] INFO  server.RaftServerConfigKeys (ConfUtils.java:logFallback(53)) - raft.server.rpc.first-election.timeout.max = 5200ms (fallback to raft.server.rpc.timeout.max)
2023-09-07 20:31:00,351 [114a9516-507d-4df3-bbf0-358fc4f720dd@group-7300A7E366F1-LeaderElection26-2] INFO  server.GrpcServerProtocolClient (GrpcServerProtocolClient.java:<init>(65)) - Build channel for 130456cf-e1b1-4e27-8a77-52f3e2c34494
2023-09-07 20:31:00,361 [grpc-default-executor-6] INFO  server.RaftServer$Division (RaftServerImpl.java:requestVote(1302)) - a0cd6e17-3b90-4804-ab26-c3914b9665e9@group-7300A7E366F1: receive requestVote(PRE_VOTE, 114a9516-507d-4df3-bbf0-358fc4f720dd, group-7300A7E366F1, 0, (t:0, i:0))
2023-09-07 20:31:00,368 [a0cd6e17-3b90-4804-ab26-c3914b9665e9@group-97D094013ECF-FollowerState] INFO  impl.FollowerState (FollowerState.java:run(143)) - a0cd6e17-3b90-4804-ab26-c3914b9665e9@group-97D094013ECF-FollowerState: change to CANDIDATE, lastRpcElapsedTime:5077542702ns, electionTimeout:5077ms
2023-09-07 20:31:00,368 [grpc-default-executor-6] INFO  impl.VoteContext (VoteContext.java:log(49)) - a0cd6e17-3b90-4804-ab26-c3914b9665e9@group-7300A7E366F1-FOLLOWER: accept PRE_VOTE from 114a9516-507d-4df3-bbf0-358fc4f720dd: our priority 0 <= candidate's priority 1
2023-09-07 20:31:00,368 [a0cd6e17-3b90-4804-ab26-c3914b9665e9@group-97D094013ECF-FollowerState] INFO  impl.RoleInfo (RoleInfo.java:shutdownFollowerState(110)) - a0cd6e17-3b90-4804-ab26-c3914b9665e9: shutdown a0cd6e17-3b90-4804-ab26-c3914b9665e9@group-97D094013ECF-FollowerState
2023-09-07 20:31:00,369 [grpc-default-executor-6] INFO  server.RaftServer$Division (RaftServerImpl.java:requestVote(1335)) - a0cd6e17-3b90-4804-ab26-c3914b9665e9@group-7300A7E366F1 replies to PRE_VOTE vote request: 114a9516-507d-4df3-bbf0-358fc4f720dd<-a0cd6e17-3b90-4804-ab26-c3914b9665e9#0:OK-t0. Peer's state: a0cd6e17-3b90-4804-ab26-c3914b9665e9@group-7300A7E366F1:t0, leader=null, voted=, raftlog=Memoized:a0cd6e17-3b90-4804-ab26-c3914b9665e9@group-7300A7E366F1-SegmentedRaftLog:OPENED:c-1, conf=-1: peers:[a0cd6e17-3b90-4804-ab26-c3914b9665e9|rpc:10.1.0.11:15129|admin:10.1.0.11:15128|client:10.1.0.11:15127|dataStream:10.1.0.11:15130|priority:0|startupRole:FOLLOWER, 114a9516-507d-4df3-bbf0-358fc4f720dd|rpc:10.1.0.11:15138|admin:10.1.0.11:15137|client:10.1.0.11:15136|dataStream:10.1.0.11:15139|priority:1|startupRole:FOLLOWER, 130456cf-e1b1-4e27-8a77-52f3e2c34494|rpc:10.1.0.11:15120|admin:10.1.0.11:15119|client:10.1.0.11:15118|dataStream:10.1.0.11:15121|priority:0|startupRole:FOLLOWER]|listeners:[], old=null
2023-09-07 20:31:00,369 [a0cd6e17-3b90-4804-ab26-c3914b9665e9@group-97D094013ECF-FollowerState] INFO  server.RaftServer$Division (RaftServerImpl.java:setRole(329)) - a0cd6e17-3b90-4804-ab26-c3914b9665e9@group-97D094013ECF: changes role from  FOLLOWER to CANDIDATE at term 0 for changeToCandidate
2023-09-07 20:31:00,369 [a0cd6e17-3b90-4804-ab26-c3914b9665e9@group-97D094013ECF-FollowerState] INFO  server.RaftServerConfigKeys (ConfUtils.java:logGet(46)) - raft.server.leaderelection.pre-vote = true (default)
2023-09-07 20:31:00,369 [a0cd6e17-3b90-4804-ab26-c3914b9665e9@group-97D094013ECF-FollowerState] INFO  impl.RoleInfo (RoleInfo.java:updateAndGet(139)) - a0cd6e17-3b90-4804-ab26-c3914b9665e9: start a0cd6e17-3b90-4804-ab26-c3914b9665e9@group-97D094013ECF-LeaderElection27
2023-09-07 20:31:00,370 [grpc-default-executor-6] INFO  server.RaftServer$Division (RaftServerImpl.java:requestVote(1302)) - 130456cf-e1b1-4e27-8a77-52f3e2c34494@group-7300A7E366F1: receive requestVote(PRE_VOTE, 114a9516-507d-4df3-bbf0-358fc4f720dd, group-7300A7E366F1, 0, (t:0, i:0))
2023-09-07 20:31:00,370 [grpc-default-executor-6] INFO  impl.VoteContext (VoteContext.java:log(49)) - 130456cf-e1b1-4e27-8a77-52f3e2c34494@group-7300A7E366F1-FOLLOWER: accept PRE_VOTE from 114a9516-507d-4df3-bbf0-358fc4f720dd: our priority 0 <= candidate's priority 1
2023-09-07 20:31:00,370 [grpc-default-executor-6] INFO  server.RaftServer$Division (RaftServerImpl.java:requestVote(1335)) - 130456cf-e1b1-4e27-8a77-52f3e2c34494@group-7300A7E366F1 replies to PRE_VOTE vote request: 114a9516-507d-4df3-bbf0-358fc4f720dd<-130456cf-e1b1-4e27-8a77-52f3e2c34494#0:OK-t0. Peer's state: 130456cf-e1b1-4e27-8a77-52f3e2c34494@group-7300A7E366F1:t0, leader=null, voted=, raftlog=Memoized:130456cf-e1b1-4e27-8a77-52f3e2c34494@group-7300A7E366F1-SegmentedRaftLog:OPENED:c-1, conf=-1: peers:[a0cd6e17-3b90-4804-ab26-c3914b9665e9|rpc:10.1.0.11:15129|admin:10.1.0.11:15128|client:10.1.0.11:15127|dataStream:10.1.0.11:15130|priority:0|startupRole:FOLLOWER, 114a9516-507d-4df3-bbf0-358fc4f720dd|rpc:10.1.0.11:15138|admin:10.1.0.11:15137|client:10.1.0.11:15136|dataStream:10.1.0.11:15139|priority:1|startupRole:FOLLOWER, 130456cf-e1b1-4e27-8a77-52f3e2c34494|rpc:10.1.0.11:15120|admin:10.1.0.11:15119|client:10.1.0.11:15118|dataStream:10.1.0.11:15121|priority:0|startupRole:FOLLOWER]|listeners:[], old=null
2023-09-07 20:31:00,383 [114a9516-507d-4df3-bbf0-358fc4f720dd@group-7300A7E366F1-LeaderElection26] INFO  impl.LeaderElection (LeaderElection.java:logAndReturn(90)) - 114a9516-507d-4df3-bbf0-358fc4f720dd@group-7300A7E366F1-LeaderElection26: PRE_VOTE PASSED received 1 response(s) and 0 exception(s):
2023-09-07 20:31:00,383 [114a9516-507d-4df3-bbf0-358fc4f720dd@group-7300A7E366F1-LeaderElection26] INFO  impl.LeaderElection (LeaderElection.java:logAndReturn(94)) -   Response 0: 114a9516-507d-4df3-bbf0-358fc4f720dd<-a0cd6e17-3b90-4804-ab26-c3914b9665e9#0:OK-t0
2023-09-07 20:31:00,383 [114a9516-507d-4df3-bbf0-358fc4f720dd@group-7300A7E366F1-LeaderElection26] INFO  impl.LeaderElection (LeaderElection.java:askForVotes(323)) - 114a9516-507d-4df3-bbf0-358fc4f720dd@group-7300A7E366F1-LeaderElection26 PRE_VOTE round 0: result PASSED
2023-09-07 20:31:00,384 [a0cd6e17-3b90-4804-ab26-c3914b9665e9@group-97D094013ECF-LeaderElection27] INFO  impl.LeaderElection (LeaderElection.java:askForVotes(321)) - a0cd6e17-3b90-4804-ab26-c3914b9665e9@group-97D094013ECF-LeaderElection27 PRE_VOTE round 0: submit vote requests at term 0 for -1: peers:[a0cd6e17-3b90-4804-ab26-c3914b9665e9|rpc:10.1.0.11:15129|admin:10.1.0.11:15128|client:10.1.0.11:15127|dataStream:10.1.0.11:15130|priority:1|startupRole:FOLLOWER]|listeners:[], old=null
2023-09-07 20:31:00,385 [a0cd6e17-3b90-4804-ab26-c3914b9665e9@group-97D094013ECF-LeaderElection27] INFO  impl.LeaderElection (LeaderElection.java:askForVotes(323)) - a0cd6e17-3b90-4804-ab26-c3914b9665e9@group-97D094013ECF-LeaderElection27 PRE_VOTE round 0: result PASSED (term=0)
2023-09-07 20:31:00,386 [114a9516-507d-4df3-bbf0-358fc4f720dd@group-7300A7E366F1-LeaderElection26] INFO  impl.LeaderElection (LeaderElection.java:askForVotes(321)) - 114a9516-507d-4df3-bbf0-358fc4f720dd@group-7300A7E366F1-LeaderElection26 ELECTION round 0: submit vote requests at term 1 for -1: peers:[a0cd6e17-3b90-4804-ab26-c3914b9665e9|rpc:10.1.0.11:15129|admin:10.1.0.11:15128|client:10.1.0.11:15127|dataStream:10.1.0.11:15130|priority:0|startupRole:FOLLOWER, 114a9516-507d-4df3-bbf0-358fc4f720dd|rpc:10.1.0.11:15138|admin:10.1.0.11:15137|client:10.1.0.11:15136|dataStream:10.1.0.11:15139|priority:1|startupRole:FOLLOWER, 130456cf-e1b1-4e27-8a77-52f3e2c34494|rpc:10.1.0.11:15120|admin:10.1.0.11:15119|client:10.1.0.11:15118|dataStream:10.1.0.11:15121|priority:0|startupRole:FOLLOWER]|listeners:[], old=null
2023-09-07 20:31:00,387 [a0cd6e17-3b90-4804-ab26-c3914b9665e9@group-97D094013ECF-LeaderElection27] INFO  impl.LeaderElection (LeaderElection.java:askForVotes(321)) - a0cd6e17-3b90-4804-ab26-c3914b9665e9@group-97D094013ECF-LeaderElection27 ELECTION round 0: submit vote requests at term 1 for -1: peers:[a0cd6e17-3b90-4804-ab26-c3914b9665e9|rpc:10.1.0.11:15129|admin:10.1.0.11:15128|client:10.1.0.11:15127|dataStream:10.1.0.11:15130|priority:1|startupRole:FOLLOWER]|listeners:[], old=null
2023-09-07 20:31:00,387 [a0cd6e17-3b90-4804-ab26-c3914b9665e9@group-97D094013ECF-LeaderElection27] INFO  impl.LeaderElection (LeaderElection.java:askForVotes(323)) - a0cd6e17-3b90-4804-ab26-c3914b9665e9@group-97D094013ECF-LeaderElection27 ELECTION round 0: result PASSED (term=1)
2023-09-07 20:31:00,387 [a0cd6e17-3b90-4804-ab26-c3914b9665e9@group-97D094013ECF-LeaderElection27] INFO  impl.RoleInfo (RoleInfo.java:shutdownLeaderElection(130)) - a0cd6e17-3b90-4804-ab26-c3914b9665e9: shutdown a0cd6e17-3b90-4804-ab26-c3914b9665e9@group-97D094013ECF-LeaderElection27
2023-09-07 20:31:00,387 [a0cd6e17-3b90-4804-ab26-c3914b9665e9@group-97D094013ECF-LeaderElection27] INFO  server.RaftServer$Division (RaftServerImpl.java:setRole(329)) - a0cd6e17-3b90-4804-ab26-c3914b9665e9@group-97D094013ECF: changes role from CANDIDATE to LEADER at term 1 for changeToLeader
2023-09-07 20:31:00,387 [a0cd6e17-3b90-4804-ab26-c3914b9665e9@group-97D094013ECF-LeaderElection27] INFO  ratis.XceiverServerRatis (XceiverServerRatis.java:handleLeaderChangedNotification(902)) - Leader change notification received for group: group-97D094013ECF with new leaderId: a0cd6e17-3b90-4804-ab26-c3914b9665e9
2023-09-07 20:31:00,387 [a0cd6e17-3b90-4804-ab26-c3914b9665e9@group-97D094013ECF-LeaderElection27] INFO  server.RaftServer$Division (ServerState.java:setLeader(317)) - a0cd6e17-3b90-4804-ab26-c3914b9665e9@group-97D094013ECF: change Leader from null to a0cd6e17-3b90-4804-ab26-c3914b9665e9 at term 1 for becomeLeader, leader elected after 5113ms
2023-09-07 20:31:00,387 [a0cd6e17-3b90-4804-ab26-c3914b9665e9@group-97D094013ECF-LeaderElection27] INFO  server.RaftServerConfigKeys (ConfUtils.java:logGet(46)) - raft.server.staging.catchup.gap = 1000 (default)
2023-09-07 20:31:00,395 [114a9516-507d-4df3-bbf0-358fc4f720dd@group-7300A7E366F1-LeaderElection26] INFO  server.RaftServerConfigKeys (ConfUtils.java:logFallback(53)) - raft.server.rpc.first-election.timeout.min = 5s (fallback to raft.server.rpc.timeout.min)
2023-09-07 20:31:00,395 [114a9516-507d-4df3-bbf0-358fc4f720dd@group-7300A7E366F1-LeaderElection26] INFO  server.RaftServerConfigKeys (ConfUtils.java:logFallback(53)) - raft.server.rpc.first-election.timeout.max = 5200ms (fallback to raft.server.rpc.timeout.max)
2023-09-07 20:31:00,395 [grpc-default-executor-6] INFO  server.RaftServer$Division (RaftServerImpl.java:requestVote(1302)) - a0cd6e17-3b90-4804-ab26-c3914b9665e9@group-7300A7E366F1: receive requestVote(ELECTION, 114a9516-507d-4df3-bbf0-358fc4f720dd, group-7300A7E366F1, 1, (t:0, i:0))
2023-09-07 20:31:00,395 [grpc-default-executor-6] INFO  impl.VoteContext (VoteContext.java:log(49)) - a0cd6e17-3b90-4804-ab26-c3914b9665e9@group-7300A7E366F1-FOLLOWER: accept ELECTION from 114a9516-507d-4df3-bbf0-358fc4f720dd: our priority 0 <= candidate's priority 1
2023-09-07 20:31:00,395 [grpc-default-executor-6] INFO  server.RaftServer$Division (RaftServerImpl.java:setRole(329)) - a0cd6e17-3b90-4804-ab26-c3914b9665e9@group-7300A7E366F1: changes role from  FOLLOWER to FOLLOWER at term 1 for candidate:114a9516-507d-4df3-bbf0-358fc4f720dd
2023-09-07 20:31:00,395 [grpc-default-executor-6] INFO  impl.RoleInfo (RoleInfo.java:shutdownFollowerState(110)) - a0cd6e17-3b90-4804-ab26-c3914b9665e9: shutdown a0cd6e17-3b90-4804-ab26-c3914b9665e9@group-7300A7E366F1-FollowerState
2023-09-07 20:31:00,395 [grpc-default-executor-6] INFO  impl.RoleInfo (RoleInfo.java:updateAndGet(139)) - a0cd6e17-3b90-4804-ab26-c3914b9665e9: start a0cd6e17-3b90-4804-ab26-c3914b9665e9@group-7300A7E366F1-FollowerState
2023-09-07 20:31:00,396 [a0cd6e17-3b90-4804-ab26-c3914b9665e9@group-7300A7E366F1-FollowerState] INFO  impl.FollowerState (FollowerState.java:run(152)) - a0cd6e17-3b90-4804-ab26-c3914b9665e9@group-7300A7E366F1-FollowerState was interrupted
2023-09-07 20:31:00,395 [a0cd6e17-3b90-4804-ab26-c3914b9665e9@group-97D094013ECF-LeaderElection27] INFO  server.RaftServerConfigKeys (ConfUtils.java:logGet(46)) - raft.server.write.element-limit = 1024 (custom)
2023-09-07 20:31:00,396 [a0cd6e17-3b90-4804-ab26-c3914b9665e9@group-97D094013ECF-LeaderElection27] INFO  server.RaftServerConfigKeys (ConfUtils.java:logGet(46)) - raft.server.write.byte-limit = 1024 M (=1073741824) (custom)
2023-09-07 20:31:00,396 [a0cd6e17-3b90-4804-ab26-c3914b9665e9@group-97D094013ECF-LeaderElection27] INFO  server.RaftServerConfigKeys (ConfUtils.java:logGet(46)) - raft.server.watch.timeout = 180s (custom)
2023-09-07 20:31:00,396 [a0cd6e17-3b90-4804-ab26-c3914b9665e9@group-97D094013ECF-LeaderElection27] INFO  server.RaftServerConfigKeys (ConfUtils.java:logGet(46)) - raft.server.watch.timeout.denomination = 1s (default)
2023-09-07 20:31:00,396 [a0cd6e17-3b90-4804-ab26-c3914b9665e9@group-97D094013ECF-LeaderElection27] INFO  server.RaftServerConfigKeys (ConfUtils.java:logGet(46)) - raft.server.watch.element-limit = 65536 (default)
2023-09-07 20:31:00,396 [a0cd6e17-3b90-4804-ab26-c3914b9665e9@group-97D094013ECF-LeaderElection27] INFO  server.RaftServerConfigKeys (ConfUtils.java:logGet(46)) - raft.server.write.element-limit = 1024 (custom)
2023-09-07 20:31:00,396 [a0cd6e17-3b90-4804-ab26-c3914b9665e9@group-97D094013ECF-LeaderElection27] INFO  server.RaftServerConfigKeys (ConfUtils.java:logGet(46)) - raft.server.write.follower.gap.ratio.max = -1.0 (default)
2023-09-07 20:31:00,396 [a0cd6e17-3b90-4804-ab26-c3914b9665e9@group-97D094013ECF-LeaderElection27] INFO  impl.RoleInfo (RoleInfo.java:updateAndGet(139)) - a0cd6e17-3b90-4804-ab26-c3914b9665e9: start a0cd6e17-3b90-4804-ab26-c3914b9665e9@group-97D094013ECF-LeaderStateImpl
2023-09-07 20:31:00,397 [a0cd6e17-3b90-4804-ab26-c3914b9665e9@group-97D094013ECF-LeaderElection27] INFO  segmented.SegmentedRaftLogWorker (SegmentedRaftLogWorker.java:startLogSegment(447)) - a0cd6e17-3b90-4804-ab26-c3914b9665e9@group-97D094013ECF-SegmentedRaftLogWorker: Starting segment from index:0
2023-09-07 20:31:00,401 [a0cd6e17-3b90-4804-ab26-c3914b9665e9@group-97D094013ECF-SegmentedRaftLogWorker] INFO  segmented.SegmentedRaftLogWorker (SegmentedRaftLogWorker.java:execute(651)) - a0cd6e17-3b90-4804-ab26-c3914b9665e9@group-97D094013ECF-SegmentedRaftLogWorker: created new log segment /home/runner/work/ozone/ozone/hadoop-ozone/integration-test/target/test-dir/MiniOzoneClusterImpl-7c3c5bdb-9f31-4157-923c-74528274ab7c/datanode-1/data/ratis/cefb9781-cbc1-4f58-b7a1-97d094013ecf/current/log_inprogress_0
2023-09-07 20:31:00,401 [grpc-default-executor-6] INFO  server.RaftServer$Division (RaftServerImpl.java:requestVote(1335)) - a0cd6e17-3b90-4804-ab26-c3914b9665e9@group-7300A7E366F1 replies to ELECTION vote request: 114a9516-507d-4df3-bbf0-358fc4f720dd<-a0cd6e17-3b90-4804-ab26-c3914b9665e9#0:OK-t1. Peer's state: a0cd6e17-3b90-4804-ab26-c3914b9665e9@group-7300A7E366F1:t1, leader=null, voted=114a9516-507d-4df3-bbf0-358fc4f720dd, raftlog=Memoized:a0cd6e17-3b90-4804-ab26-c3914b9665e9@group-7300A7E366F1-SegmentedRaftLog:OPENED:c-1, conf=-1: peers:[a0cd6e17-3b90-4804-ab26-c3914b9665e9|rpc:10.1.0.11:15129|admin:10.1.0.11:15128|client:10.1.0.11:15127|dataStream:10.1.0.11:15130|priority:0|startupRole:FOLLOWER, 114a9516-507d-4df3-bbf0-358fc4f720dd|rpc:10.1.0.11:15138|admin:10.1.0.11:15137|client:10.1.0.11:15136|dataStream:10.1.0.11:15139|priority:1|startupRole:FOLLOWER, 130456cf-e1b1-4e27-8a77-52f3e2c34494|rpc:10.1.0.11:15120|admin:10.1.0.11:15119|client:10.1.0.11:15118|dataStream:10.1.0.11:15121|priority:0|startupRole:FOLLOWER]|listeners:[], old=null
2023-09-07 20:31:00,414 [114a9516-507d-4df3-bbf0-358fc4f720dd@group-7300A7E366F1-LeaderElection26] INFO  impl.LeaderElection (LeaderElection.java:logAndReturn(90)) - 114a9516-507d-4df3-bbf0-358fc4f720dd@group-7300A7E366F1-LeaderElection26: ELECTION PASSED received 1 response(s) and 0 exception(s):
2023-09-07 20:31:00,414 [114a9516-507d-4df3-bbf0-358fc4f720dd@group-7300A7E366F1-LeaderElection26] INFO  impl.LeaderElection (LeaderElection.java:logAndReturn(94)) -   Response 0: 114a9516-507d-4df3-bbf0-358fc4f720dd<-a0cd6e17-3b90-4804-ab26-c3914b9665e9#0:OK-t1
2023-09-07 20:31:00,414 [114a9516-507d-4df3-bbf0-358fc4f720dd@group-7300A7E366F1-LeaderElection26] INFO  impl.LeaderElection (LeaderElection.java:askForVotes(323)) - 114a9516-507d-4df3-bbf0-358fc4f720dd@group-7300A7E366F1-LeaderElection26 ELECTION round 0: result PASSED
2023-09-07 20:31:00,414 [grpc-default-executor-1] INFO  server.RaftServer$Division (RaftServerImpl.java:requestVote(1302)) - 130456cf-e1b1-4e27-8a77-52f3e2c34494@group-7300A7E366F1: receive requestVote(ELECTION, 114a9516-507d-4df3-bbf0-358fc4f720dd, group-7300A7E366F1, 1, (t:0, i:0))
2023-09-07 20:31:00,414 [114a9516-507d-4df3-bbf0-358fc4f720dd@group-7300A7E366F1-LeaderElection26] INFO  impl.RoleInfo (RoleInfo.java:shutdownLeaderElection(130)) - 114a9516-507d-4df3-bbf0-358fc4f720dd: shutdown 114a9516-507d-4df3-bbf0-358fc4f720dd@group-7300A7E366F1-LeaderElection26
2023-09-07 20:31:00,414 [114a9516-507d-4df3-bbf0-358fc4f720dd@group-7300A7E366F1-LeaderElection26] INFO  server.RaftServer$Division (RaftServerImpl.java:setRole(329)) - 114a9516-507d-4df3-bbf0-358fc4f720dd@group-7300A7E366F1: changes role from CANDIDATE to LEADER at term 1 for changeToLeader
2023-09-07 20:31:00,414 [grpc-default-executor-1] INFO  impl.VoteContext (VoteContext.java:log(49)) - 130456cf-e1b1-4e27-8a77-52f3e2c34494@group-7300A7E366F1-FOLLOWER: accept ELECTION from 114a9516-507d-4df3-bbf0-358fc4f720dd: our priority 0 <= candidate's priority 1
2023-09-07 20:31:00,415 [114a9516-507d-4df3-bbf0-358fc4f720dd@group-7300A7E366F1-LeaderElection26] INFO  ratis.XceiverServerRatis (XceiverServerRatis.java:handleLeaderChangedNotification(902)) - Leader change notification received for group: group-7300A7E366F1 with new leaderId: 114a9516-507d-4df3-bbf0-358fc4f720dd
2023-09-07 20:31:00,415 [a0cd6e17-3b90-4804-ab26-c3914b9665e9@group-97D094013ECF-LeaderElection27] INFO  server.RaftServer$Division (ServerState.java:setRaftConf(434)) - a0cd6e17-3b90-4804-ab26-c3914b9665e9@group-97D094013ECF: set configuration 0: peers:[a0cd6e17-3b90-4804-ab26-c3914b9665e9|rpc:10.1.0.11:15129|admin:10.1.0.11:15128|client:10.1.0.11:15127|dataStream:10.1.0.11:15130|priority:1|startupRole:FOLLOWER]|listeners:[], old=null
2023-09-07 20:31:00,415 [114a9516-507d-4df3-bbf0-358fc4f720dd@group-7300A7E366F1-LeaderElection26] INFO  server.RaftServer$Division (ServerState.java:setLeader(317)) - 114a9516-507d-4df3-bbf0-358fc4f720dd@group-7300A7E366F1: change Leader from null to 114a9516-507d-4df3-bbf0-358fc4f720dd at term 1 for becomeLeader, leader elected after 5282ms
2023-09-07 20:31:00,415 [114a9516-507d-4df3-bbf0-358fc4f720dd@group-7300A7E366F1-LeaderElection26] INFO  server.RaftServerConfigKeys (ConfUtils.java:logGet(46)) - raft.server.staging.catchup.gap = 1000 (default)
2023-09-07 20:31:00,415 [grpc-default-executor-1] INFO  server.RaftServer$Division (RaftServerImpl.java:setRole(329)) - 130456cf-e1b1-4e27-8a77-52f3e2c34494@group-7300A7E366F1: changes role from  FOLLOWER to FOLLOWER at term 1 for candidate:114a9516-507d-4df3-bbf0-358fc4f720dd
2023-09-07 20:31:00,415 [grpc-default-executor-1] INFO  impl.RoleInfo (RoleInfo.java:shutdownFollowerState(110)) - 130456cf-e1b1-4e27-8a77-52f3e2c34494: shutdown 130456cf-e1b1-4e27-8a77-52f3e2c34494@group-7300A7E366F1-FollowerState
2023-09-07 20:31:00,416 [grpc-default-executor-1] INFO  impl.RoleInfo (RoleInfo.java:updateAndGet(139)) - 130456cf-e1b1-4e27-8a77-52f3e2c34494: start 130456cf-e1b1-4e27-8a77-52f3e2c34494@group-7300A7E366F1-FollowerState
2023-09-07 20:31:00,416 [130456cf-e1b1-4e27-8a77-52f3e2c34494@group-7300A7E366F1-FollowerState] INFO  impl.FollowerState (FollowerState.java:run(152)) - 130456cf-e1b1-4e27-8a77-52f3e2c34494@group-7300A7E366F1-FollowerState was interrupted
2023-09-07 20:31:00,418 [114a9516-507d-4df3-bbf0-358fc4f720dd@group-7300A7E366F1-LeaderElection26] INFO  server.RaftServerConfigKeys (ConfUtils.java:logGet(46)) - raft.server.write.element-limit = 1024 (custom)
2023-09-07 20:31:00,418 [114a9516-507d-4df3-bbf0-358fc4f720dd@group-7300A7E366F1-LeaderElection26] INFO  server.RaftServerConfigKeys (ConfUtils.java:logGet(46)) - raft.server.write.byte-limit = 1024 M (=1073741824) (custom)
2023-09-07 20:31:00,419 [114a9516-507d-4df3-bbf0-358fc4f720dd@group-7300A7E366F1-LeaderElection26] INFO  server.RaftServerConfigKeys (ConfUtils.java:logGet(46)) - raft.server.watch.timeout = 180s (custom)
2023-09-07 20:31:00,419 [114a9516-507d-4df3-bbf0-358fc4f720dd@group-7300A7E366F1-LeaderElection26] INFO  server.RaftServerConfigKeys (ConfUtils.java:logGet(46)) - raft.server.watch.timeout.denomination = 1s (default)
2023-09-07 20:31:00,420 [114a9516-507d-4df3-bbf0-358fc4f720dd@group-7300A7E366F1-LeaderElection26] INFO  server.RaftServerConfigKeys (ConfUtils.java:logGet(46)) - raft.server.watch.element-limit = 65536 (default)
2023-09-07 20:31:00,421 [114a9516-507d-4df3-bbf0-358fc4f720dd@group-7300A7E366F1-LeaderElection26] INFO  server.RaftServerConfigKeys (ConfUtils.java:logGet(46)) - raft.server.write.element-limit = 1024 (custom)
2023-09-07 20:31:00,421 [114a9516-507d-4df3-bbf0-358fc4f720dd@group-7300A7E366F1-LeaderElection26] INFO  server.RaftServerConfigKeys (ConfUtils.java:logGet(46)) - raft.server.write.follower.gap.ratio.max = -1.0 (default)
2023-09-07 20:31:00,421 [114a9516-507d-4df3-bbf0-358fc4f720dd@group-7300A7E366F1-LeaderElection26] INFO  server.RaftServerConfigKeys (ConfUtils.java:logGet(46)) - raft.server.log.appender.snapshot.chunk.size.max = 16MB (=16777216) (default)
2023-09-07 20:31:00,421 [114a9516-507d-4df3-bbf0-358fc4f720dd@group-7300A7E366F1-LeaderElection26] INFO  server.RaftServerConfigKeys (ConfUtils.java:logGet(46)) - raft.server.log.appender.buffer.byte-limit = 33554432 (custom)
2023-09-07 20:31:00,421 [114a9516-507d-4df3-bbf0-358fc4f720dd@group-7300A7E366F1-LeaderElection26] INFO  server.RaftServerConfigKeys (ConfUtils.java:logGet(46)) - raft.server.log.appender.buffer.element-limit = 1 (custom)
2023-09-07 20:31:00,421 [114a9516-507d-4df3-bbf0-358fc4f720dd@group-7300A7E366F1-LeaderElection26] INFO  server.RaftServerConfigKeys (ConfUtils.java:logGet(46)) - raft.server.log.appender.wait-time.min = 10ms (default)
2023-09-07 20:31:00,421 [114a9516-507d-4df3-bbf0-358fc4f720dd@group-7300A7E366F1-LeaderElection26] INFO  grpc.GrpcConfigKeys (ConfUtils.java:logGet(46)) - raft.grpc.server.leader.outstanding.appends.max = 128 (default)
2023-09-07 20:31:00,422 [114a9516-507d-4df3-bbf0-358fc4f720dd@group-7300A7E366F1-LeaderElection26] INFO  server.RaftServerConfigKeys (ConfUtils.java:logGet(46)) - raft.server.rpc.request.timeout = 60s (custom)
2023-09-07 20:31:00,422 [114a9516-507d-4df3-bbf0-358fc4f720dd@group-7300A7E366F1-LeaderElection26] INFO  grpc.GrpcConfigKeys (ConfUtils.java:logGet(46)) - raft.grpc.server.install_snapshot.request.element-limit = 8 (default)
2023-09-07 20:31:00,422 [114a9516-507d-4df3-bbf0-358fc4f720dd@group-7300A7E366F1-LeaderElection26] INFO  grpc.GrpcConfigKeys (ConfUtils.java:logGet(46)) - raft.grpc.server.install_snapshot.request.timeout = 3000ms (default)
2023-09-07 20:31:00,422 [114a9516-507d-4df3-bbf0-358fc4f720dd@group-7300A7E366F1-LeaderElection26] INFO  server.RaftServerConfigKeys (ConfUtils.java:logGet(46)) - raft.server.log.appender.install.snapshot.enabled = false (custom)
2023-09-07 20:31:00,422 [114a9516-507d-4df3-bbf0-358fc4f720dd@group-7300A7E366F1-LeaderElection26] INFO  grpc.GrpcConfigKeys (ConfUtils.java:logGet(46)) - raft.grpc.server.heartbeat.channel = true (default)
2023-09-07 20:31:00,422 [114a9516-507d-4df3-bbf0-358fc4f720dd@group-7300A7E366F1-LeaderElection26] INFO  server.RaftServerConfigKeys (ConfUtils.java:logGet(46)) - raft.server.log.appender.snapshot.chunk.size.max = 16MB (=16777216) (default)
2023-09-07 20:31:00,422 [114a9516-507d-4df3-bbf0-358fc4f720dd@group-7300A7E366F1-LeaderElection26] INFO  server.RaftServerConfigKeys (ConfUtils.java:logGet(46)) - raft.server.log.appender.buffer.byte-limit = 33554432 (custom)
2023-09-07 20:31:00,422 [114a9516-507d-4df3-bbf0-358fc4f720dd@group-7300A7E366F1-LeaderElection26] INFO  server.RaftServerConfigKeys (ConfUtils.java:logGet(46)) - raft.server.log.appender.buffer.element-limit = 1 (custom)
2023-09-07 20:31:00,422 [114a9516-507d-4df3-bbf0-358fc4f720dd@group-7300A7E366F1-LeaderElection26] INFO  server.RaftServerConfigKeys (ConfUtils.java:logGet(46)) - raft.server.log.appender.wait-time.min = 10ms (default)
2023-09-07 20:31:00,423 [114a9516-507d-4df3-bbf0-358fc4f720dd@group-7300A7E366F1-LeaderElection26] INFO  grpc.GrpcConfigKeys (ConfUtils.java:logGet(46)) - raft.grpc.server.leader.outstanding.appends.max = 128 (default)
2023-09-07 20:31:00,423 [114a9516-507d-4df3-bbf0-358fc4f720dd@group-7300A7E366F1-LeaderElection26] INFO  server.RaftServerConfigKeys (ConfUtils.java:logGet(46)) - raft.server.rpc.request.timeout = 60s (custom)
2023-09-07 20:31:00,423 [114a9516-507d-4df3-bbf0-358fc4f720dd@group-7300A7E366F1-LeaderElection26] INFO  grpc.GrpcConfigKeys (ConfUtils.java:logGet(46)) - raft.grpc.server.install_snapshot.request.element-limit = 8 (default)
2023-09-07 20:31:00,423 [114a9516-507d-4df3-bbf0-358fc4f720dd@group-7300A7E366F1-LeaderElection26] INFO  grpc.GrpcConfigKeys (ConfUtils.java:logGet(46)) - raft.grpc.server.install_snapshot.request.timeout = 3000ms (default)
2023-09-07 20:31:00,423 [114a9516-507d-4df3-bbf0-358fc4f720dd@group-7300A7E366F1-LeaderElection26] INFO  server.RaftServerConfigKeys (ConfUtils.java:logGet(46)) - raft.server.log.appender.install.snapshot.enabled = false (custom)
2023-09-07 20:31:00,423 [114a9516-507d-4df3-bbf0-358fc4f720dd@group-7300A7E366F1-LeaderElection26] INFO  grpc.GrpcConfigKeys (ConfUtils.java:logGet(46)) - raft.grpc.server.heartbeat.channel = true (default)
2023-09-07 20:31:00,420 [EventQueue-PipelineReportForPipelineReportHandler] INFO  pipeline.PipelineReportHandler (PipelineReportHandler.java:processPipelineReport(136)) - Opened pipeline PipelineID=04b25058-46e3-42ed-aa21-7300a7e366f1
2023-09-07 20:31:00,419 [grpc-default-executor-1] INFO  server.RaftServer$Division (RaftServerImpl.java:requestVote(1335)) - 130456cf-e1b1-4e27-8a77-52f3e2c34494@group-7300A7E366F1 replies to ELECTION vote request: 114a9516-507d-4df3-bbf0-358fc4f720dd<-130456cf-e1b1-4e27-8a77-52f3e2c34494#0:OK-t1. Peer's state: 130456cf-e1b1-4e27-8a77-52f3e2c34494@group-7300A7E366F1:t1, leader=null, voted=114a9516-507d-4df3-bbf0-358fc4f720dd, raftlog=Memoized:130456cf-e1b1-4e27-8a77-52f3e2c34494@group-7300A7E366F1-SegmentedRaftLog:OPENED:c-1, conf=-1: peers:[a0cd6e17-3b90-4804-ab26-c3914b9665e9|rpc:10.1.0.11:15129|admin:10.1.0.11:15128|client:10.1.0.11:15127|dataStream:10.1.0.11:15130|priority:0|startupRole:FOLLOWER, 114a9516-507d-4df3-bbf0-358fc4f720dd|rpc:10.1.0.11:15138|admin:10.1.0.11:15137|client:10.1.0.11:15136|dataStream:10.1.0.11:15139|priority:1|startupRole:FOLLOWER, 130456cf-e1b1-4e27-8a77-52f3e2c34494|rpc:10.1.0.11:15120|admin:10.1.0.11:15119|client:10.1.0.11:15118|dataStream:10.1.0.11:15121|priority:0|startupRole:FOLLOWER]|listeners:[], old=null
2023-09-07 20:31:00,423 [114a9516-507d-4df3-bbf0-358fc4f720dd@group-7300A7E366F1-LeaderElection26] INFO  impl.RoleInfo (RoleInfo.java:updateAndGet(139)) - 114a9516-507d-4df3-bbf0-358fc4f720dd: start 114a9516-507d-4df3-bbf0-358fc4f720dd@group-7300A7E366F1-LeaderStateImpl
2023-09-07 20:31:00,424 [114a9516-507d-4df3-bbf0-358fc4f720dd@group-7300A7E366F1-LeaderElection26] INFO  segmented.SegmentedRaftLogWorker (SegmentedRaftLogWorker.java:startLogSegment(447)) - 114a9516-507d-4df3-bbf0-358fc4f720dd@group-7300A7E366F1-SegmentedRaftLogWorker: Starting segment from index:0
2023-09-07 20:31:00,425 [114a9516-507d-4df3-bbf0-358fc4f720dd@group-7300A7E366F1-SegmentedRaftLogWorker] INFO  segmented.SegmentedRaftLogWorker (SegmentedRaftLogWorker.java:execute(651)) - 114a9516-507d-4df3-bbf0-358fc4f720dd@group-7300A7E366F1-SegmentedRaftLogWorker: created new log segment /home/runner/work/ozone/ozone/hadoop-ozone/integration-test/target/test-dir/MiniOzoneClusterImpl-7c3c5bdb-9f31-4157-923c-74528274ab7c/datanode-2/data/ratis/04b25058-46e3-42ed-aa21-7300a7e366f1/current/log_inprogress_0
2023-09-07 20:31:00,437 [114a9516-507d-4df3-bbf0-358fc4f720dd@group-7300A7E366F1-LeaderElection26] INFO  server.RaftServer$Division (ServerState.java:setRaftConf(434)) - 114a9516-507d-4df3-bbf0-358fc4f720dd@group-7300A7E366F1: set configuration 0: peers:[a0cd6e17-3b90-4804-ab26-c3914b9665e9|rpc:10.1.0.11:15129|admin:10.1.0.11:15128|client:10.1.0.11:15127|dataStream:10.1.0.11:15130|priority:0|startupRole:FOLLOWER, 114a9516-507d-4df3-bbf0-358fc4f720dd|rpc:10.1.0.11:15138|admin:10.1.0.11:15137|client:10.1.0.11:15136|dataStream:10.1.0.11:15139|priority:1|startupRole:FOLLOWER, 130456cf-e1b1-4e27-8a77-52f3e2c34494|rpc:10.1.0.11:15120|admin:10.1.0.11:15119|client:10.1.0.11:15118|dataStream:10.1.0.11:15121|priority:0|startupRole:FOLLOWER]|listeners:[], old=null
2023-09-07 20:31:00,441 [main] INFO  ozone.MiniOzoneClusterImpl (MiniOzoneClusterImpl.java:lambda$waitForClusterToBeReady$0(224)) - Nodes are ready. Got 5 of 5 DN Heartbeats.
2023-09-07 20:31:00,442 [main] INFO  ozone.MiniOzoneClusterImpl (MiniOzoneClusterImpl.java:lambda$waitForClusterToBeReady$0(227)) - Cluster exits safe mode
2023-09-07 20:31:00,442 [main] INFO  ozone.MiniOzoneClusterImpl (MiniOzoneClusterImpl.java:lambda$waitForClusterToBeReady$0(229)) - SCM became leader
2023-09-07 20:31:00,444 [a0cd6e17-3b90-4804-ab26-c3914b9665e9-server-thread2] INFO  ratis.XceiverServerRatis (XceiverServerRatis.java:handleLeaderChangedNotification(902)) - Leader change notification received for group: group-7300A7E366F1 with new leaderId: 114a9516-507d-4df3-bbf0-358fc4f720dd
2023-09-07 20:31:00,444 [a0cd6e17-3b90-4804-ab26-c3914b9665e9-server-thread2] INFO  server.RaftServer$Division (ServerState.java:setLeader(317)) - a0cd6e17-3b90-4804-ab26-c3914b9665e9@group-7300A7E366F1: change Leader from null to 114a9516-507d-4df3-bbf0-358fc4f720dd at term 1 for appendEntries, leader elected after 5252ms
2023-09-07 20:31:00,466 [130456cf-e1b1-4e27-8a77-52f3e2c34494-server-thread1] INFO  ratis.XceiverServerRatis (XceiverServerRatis.java:handleLeaderChangedNotification(902)) - Leader change notification received for group: group-7300A7E366F1 with new leaderId: 114a9516-507d-4df3-bbf0-358fc4f720dd
2023-09-07 20:31:00,466 [130456cf-e1b1-4e27-8a77-52f3e2c34494-server-thread1] INFO  server.RaftServer$Division (ServerState.java:setLeader(317)) - 130456cf-e1b1-4e27-8a77-52f3e2c34494@group-7300A7E366F1: change Leader from null to 114a9516-507d-4df3-bbf0-358fc4f720dd at term 1 for appendEntries, leader elected after 5368ms
2023-09-07 20:31:00,467 [a0cd6e17-3b90-4804-ab26-c3914b9665e9-server-thread2] INFO  server.RaftServer$Division (ServerState.java:setRaftConf(434)) - a0cd6e17-3b90-4804-ab26-c3914b9665e9@group-7300A7E366F1: set configuration 0: peers:[a0cd6e17-3b90-4804-ab26-c3914b9665e9|rpc:10.1.0.11:15129|admin:10.1.0.11:15128|client:10.1.0.11:15127|dataStream:10.1.0.11:15130|priority:0|startupRole:FOLLOWER, 114a9516-507d-4df3-bbf0-358fc4f720dd|rpc:10.1.0.11:15138|admin:10.1.0.11:15137|client:10.1.0.11:15136|dataStream:10.1.0.11:15139|priority:1|startupRole:FOLLOWER, 130456cf-e1b1-4e27-8a77-52f3e2c34494|rpc:10.1.0.11:15120|admin:10.1.0.11:15119|client:10.1.0.11:15118|dataStream:10.1.0.11:15121|priority:0|startupRole:FOLLOWER]|listeners:[], old=null
2023-09-07 20:31:00,468 [a0cd6e17-3b90-4804-ab26-c3914b9665e9-server-thread2] INFO  segmented.SegmentedRaftLogWorker (SegmentedRaftLogWorker.java:startLogSegment(447)) - a0cd6e17-3b90-4804-ab26-c3914b9665e9@group-7300A7E366F1-SegmentedRaftLogWorker: Starting segment from index:0
2023-09-07 20:31:00,484 [a0cd6e17-3b90-4804-ab26-c3914b9665e9@group-7300A7E366F1-SegmentedRaftLogWorker] INFO  segmented.SegmentedRaftLogWorker (SegmentedRaftLogWorker.java:execute(651)) - a0cd6e17-3b90-4804-ab26-c3914b9665e9@group-7300A7E366F1-SegmentedRaftLogWorker: created new log segment /home/runner/work/ozone/ozone/hadoop-ozone/integration-test/target/test-dir/MiniOzoneClusterImpl-7c3c5bdb-9f31-4157-923c-74528274ab7c/datanode-1/data/ratis/04b25058-46e3-42ed-aa21-7300a7e366f1/current/log_inprogress_0
2023-09-07 20:31:00,484 [130456cf-e1b1-4e27-8a77-52f3e2c34494-server-thread1] INFO  server.RaftServer$Division (ServerState.java:setRaftConf(434)) - 130456cf-e1b1-4e27-8a77-52f3e2c34494@group-7300A7E366F1: set configuration 0: peers:[a0cd6e17-3b90-4804-ab26-c3914b9665e9|rpc:10.1.0.11:15129|admin:10.1.0.11:15128|client:10.1.0.11:15127|dataStream:10.1.0.11:15130|priority:0|startupRole:FOLLOWER, 114a9516-507d-4df3-bbf0-358fc4f720dd|rpc:10.1.0.11:15138|admin:10.1.0.11:15137|client:10.1.0.11:15136|dataStream:10.1.0.11:15139|priority:1|startupRole:FOLLOWER, 130456cf-e1b1-4e27-8a77-52f3e2c34494|rpc:10.1.0.11:15120|admin:10.1.0.11:15119|client:10.1.0.11:15118|dataStream:10.1.0.11:15121|priority:0|startupRole:FOLLOWER]|listeners:[], old=null
2023-09-07 20:31:00,485 [130456cf-e1b1-4e27-8a77-52f3e2c34494-server-thread1] INFO  segmented.SegmentedRaftLogWorker (SegmentedRaftLogWorker.java:startLogSegment(447)) - 130456cf-e1b1-4e27-8a77-52f3e2c34494@group-7300A7E366F1-SegmentedRaftLogWorker: Starting segment from index:0
2023-09-07 20:31:00,487 [130456cf-e1b1-4e27-8a77-52f3e2c34494@group-7300A7E366F1-SegmentedRaftLogWorker] INFO  segmented.SegmentedRaftLogWorker (SegmentedRaftLogWorker.java:execute(651)) - 130456cf-e1b1-4e27-8a77-52f3e2c34494@group-7300A7E366F1-SegmentedRaftLogWorker: created new log segment /home/runner/work/ozone/ozone/hadoop-ozone/integration-test/target/test-dir/MiniOzoneClusterImpl-7c3c5bdb-9f31-4157-923c-74528274ab7c/datanode-0/data/ratis/04b25058-46e3-42ed-aa21-7300a7e366f1/current/log_inprogress_0
2023-09-07 20:31:00,513 [main] INFO  rpc.RpcClient (RpcClient.java:createVolume(461)) - Creating Volume: volume50105, with user80947 as owner and space quota set to -1 bytes, counts quota set to -1
2023-09-07 20:31:00,526 [OM StateMachine ApplyTransaction Thread - 0] INFO  volume.OMVolumeCreateRequest (OMVolumeCreateRequest.java:validateAndUpdateCache(196)) - created volume:volume50105 for user:user80947
2023-09-07 20:31:00,538 [main] INFO  rpc.RpcClient (RpcClient.java:createBucket(688)) - Creating Bucket: volume50105/bucket55116, with bucket layout LEGACY, runner as owner, Versioning false, Storage Type set to DISK and Encryption set to false, Replication Type set to server-side default replication type, Namespace Quota set to -1, Space Quota set to -1 
2023-09-07 20:31:00,540 [OM StateMachine ApplyTransaction Thread - 0] INFO  bucket.OMBucketCreateRequest (OMBucketCreateRequest.java:validateAndUpdateCache(270)) - created bucket: bucket55116 of layout LEGACY in volume: volume50105
]]></system-out>
  </testcase>
  <testcase name="testGetTrashRoot" classname="TestOzoneFileSystem" time="18.667">
    <system-out><![CDATA[2023-09-07 20:32:20,809 [main] INFO  ozone.MiniOzoneClusterImpl (MiniOzoneClusterImpl.java:shutdown(443)) - Shutting down the Mini Ozone Cluster
2023-09-07 20:32:20,810 [main] INFO  ozone.MiniOzoneClusterImpl (MiniOzoneClusterImpl.java:stop(460)) - Stopping the Mini Ozone Cluster
2023-09-07 20:32:20,810 [main] INFO  ozone.MiniOzoneClusterImpl (MiniOzoneClusterImpl.java:stopOM(551)) - Stopping the OzoneManager
2023-09-07 20:32:20,810 [main] INFO  om.OzoneManager (OzoneManager.java:stop(2204)) - om1[localhost:15110]: Stopping Ozone Manager
2023-09-07 20:32:20,810 [main] INFO  ipc.Server (Server.java:stop(3523)) - Stopping server on 15110
2023-09-07 20:32:20,821 [IPC Server listener on 15110] INFO  ipc.Server (Server.java:run(1434)) - Stopping IPC Server listener on 15110
2023-09-07 20:32:20,829 [IPC Server Responder] INFO  ipc.Server (Server.java:run(1567)) - Stopping IPC Server Responder
2023-09-07 20:32:20,829 [main] INFO  server.RaftServer (RaftServerProxy.java:lambda$close$6(416)) - om1: close
2023-09-07 20:32:20,830 [main] INFO  server.GrpcService (GrpcService.java:closeImpl(311)) - om1: shutdown server GrpcServerProtocolService now
2023-09-07 20:32:20,830 [om1-impl-thread2] INFO  server.RaftServer$Division (RaftServerImpl.java:lambda$close$4(466)) - om1@group-C5BA1605619E: shutdown
2023-09-07 20:32:20,830 [om1-impl-thread2] INFO  util.JmxRegister (JmxRegister.java:unregister(73)) - Successfully un-registered JMX Bean with object name Ratis:service=RaftServer,group=group-C5BA1605619E,id=om1
2023-09-07 20:32:20,830 [om1-impl-thread2] INFO  impl.RoleInfo (RoleInfo.java:shutdownLeaderState(93)) - om1: shutdown om1@group-C5BA1605619E-LeaderStateImpl
2023-09-07 20:32:20,830 [om1-impl-thread2] INFO  impl.PendingRequests (PendingRequests.java:sendNotLeaderResponses(289)) - om1@group-C5BA1605619E-PendingRequests: sendNotLeaderResponses
2023-09-07 20:32:20,846 [main] INFO  server.GrpcService (GrpcService.java:closeImpl(320)) - om1: shutdown server GrpcServerProtocolService successfully
2023-09-07 20:32:20,847 [om1@group-C5BA1605619E-StateMachineUpdater] INFO  ratis.OzoneManagerStateMachine (OzoneManagerStateMachine.java:takeSnapshot(480)) - Current Snapshot Index (t:1, i:37008)
2023-09-07 20:32:20,846 [om1-impl-thread2] INFO  impl.StateMachineUpdater (StateMachineUpdater.java:stopAndJoin(155)) - om1@group-C5BA1605619E-StateMachineUpdater: set stopIndex = 37008
2023-09-07 20:32:20,901 [om1@group-C5BA1605619E-StateMachineUpdater] INFO  impl.StateMachineUpdater (StateMachineUpdater.java:takeSnapshot(291)) - om1@group-C5BA1605619E-StateMachineUpdater: Took a snapshot at index 37008
2023-09-07 20:32:20,901 [om1@group-C5BA1605619E-StateMachineUpdater] INFO  impl.StateMachineUpdater (StateMachineUpdater.java:lambda$new$0(97)) - om1@group-C5BA1605619E-StateMachineUpdater: snapshotIndex: updateIncreasingly -1 -> 37008
2023-09-07 20:32:20,901 [om1@group-C5BA1605619E-StateMachineUpdater] INFO  ratis.OzoneManagerStateMachine (OzoneManagerStateMachine.java:close(534)) - StateMachine has shutdown. Shutdown OzoneManager if not already shutdown.
2023-09-07 20:32:20,901 [om1@group-C5BA1605619E-StateMachineUpdater] INFO  ratis.OzoneManagerDoubleBuffer (OzoneManagerDoubleBuffer.java:stopDaemon(551)) - Stopping OMDoubleBuffer flush thread
2023-09-07 20:32:20,901 [OMDoubleBufferFlushThread] INFO  ratis.OzoneManagerDoubleBuffer (OzoneManagerDoubleBuffer.java:canFlush(638)) - OMDoubleBuffer flush thread OMDoubleBufferFlushThread is interrupted and will exit.
2023-09-07 20:32:20,905 [om1-impl-thread2] INFO  server.RaftServer$Division (ServerState.java:close(472)) - om1@group-C5BA1605619E: closes. applyIndex: 37008
2023-09-07 20:32:21,796 [om1-impl-thread2] INFO  segmented.SegmentedRaftLogWorker (SegmentedRaftLogWorker.java:close(252)) - om1@group-C5BA1605619E-SegmentedRaftLogWorker close()
2023-09-07 20:32:21,800 [JvmPauseMonitor15] INFO  util.JvmPauseMonitor (JvmPauseMonitor.java:run(109)) - JvmPauseMonitor-om1: Stopped
2023-09-07 20:32:21,800 [main] INFO  ratis.OzoneManagerStateMachine (OzoneManagerStateMachine.java:close(534)) - StateMachine has shutdown. Shutdown OzoneManager if not already shutdown.
2023-09-07 20:32:21,800 [main] INFO  ratis.OzoneManagerDoubleBuffer (OzoneManagerDoubleBuffer.java:stopDaemon(560)) - OMDoubleBuffer flush thread is not running.
2023-09-07 20:32:21,801 [main] INFO  utils.BackgroundService (BackgroundService.java:shutdown(141)) - Shutting down service KeyDeletingService
2023-09-07 20:32:21,801 [main] INFO  utils.BackgroundService (BackgroundService.java:shutdown(141)) - Shutting down service KeyDeletingService
2023-09-07 20:32:21,801 [main] INFO  utils.BackgroundService (BackgroundService.java:shutdown(141)) - Shutting down service OpenKeyCleanupService
2023-09-07 20:32:21,802 [main] INFO  utils.BackgroundService (BackgroundService.java:shutdown(141)) - Shutting down service SstFilteringService
2023-09-07 20:32:21,802 [main] INFO  utils.BackgroundService (BackgroundService.java:shutdown(141)) - Shutting down service SnapshotDeletingService
2023-09-07 20:32:21,803 [main] INFO  handler.ContextHandler (ContextHandler.java:doStop(1159)) - Stopped o.e.j.w.WebAppContext@6892e8b8{ozoneManager,/,null,STOPPED}{file:/home/runner/work/ozone/ozone/hadoop-ozone/integration-test/target/test-classes/webapps/ozoneManager}
2023-09-07 20:32:21,804 [main] INFO  server.AbstractConnector (AbstractConnector.java:doStop(383)) - Stopped ServerConnector@3842fbd9{HTTP/1.1, (http/1.1)}{0.0.0.0:15111}
2023-09-07 20:32:21,804 [main] INFO  server.session (HouseKeeper.java:stopScavenging(149)) - node0 Stopped scavenging
2023-09-07 20:32:21,804 [main] INFO  handler.ContextHandler (ContextHandler.java:doStop(1159)) - Stopped o.e.j.s.ServletContextHandler@70c28772{static,/static,file:///home/runner/work/ozone/ozone/hadoop-ozone/integration-test/target/test-classes/webapps/static,STOPPED}
2023-09-07 20:32:21,804 [main] INFO  handler.ContextHandler (ContextHandler.java:doStop(1159)) - Stopped o.e.j.s.ServletContextHandler@1beb1b8d{logs,/logs,file:///home/runner/work/ozone/ozone/hadoop-ozone/integration-test/target/log,STOPPED}
2023-09-07 20:32:21,806 [Trash Emptier] ERROR om.TrashPolicyOzone (TrashPolicyOzone.java:run(350)) - Error attempting to shutdown
java.lang.InterruptedException
	at java.util.concurrent.locks.AbstractQueuedSynchronizer$ConditionObject.awaitNanos(AbstractQueuedSynchronizer.java:2067)
	at java.util.concurrent.ThreadPoolExecutor.awaitTermination(ThreadPoolExecutor.java:1475)
	at org.apache.hadoop.ozone.om.TrashPolicyOzone$Emptier.run(TrashPolicyOzone.java:348)
	at java.lang.Thread.run(Thread.java:750)
2023-09-07 20:32:21,806 [main] INFO  rocksdiff.RocksDBCheckpointDiffer (RocksDBCheckpointDiffer.java:close(343)) - Shutting down CompactionDagPruningService.
2023-09-07 20:32:21,811 [main] INFO  snapshot.SnapshotDiffManager (SnapshotDiffManager.java:closeExecutorService(1706)) - Shutting down executorService: 'SnapDiffExecutor'
2023-09-07 20:32:21,811 [main] INFO  snapshot.SnapshotDiffManager (SnapshotDiffManager.java:closeExecutorService(1706)) - Shutting down executorService: 'SstDumpToolExecutor'
2023-09-07 20:32:21,812 [main] INFO  utils.BackgroundService (BackgroundService.java:shutdown(141)) - Shutting down service SnapshotDiffCleanupService
2023-09-07 20:32:21,815 [main] INFO  ozone.MiniOzoneClusterImpl (MiniOzoneClusterImpl.java:stopDatanodes(528)) - Stopping the HddsDatanodes
2023-09-07 20:32:21,826 [ForkJoinPool.commonPool-worker-2] INFO  ozoneimpl.OzoneContainer (OzoneContainer.java:stop(451)) - Attempting to stop container services.
2023-09-07 20:32:21,827 [ForkJoinPool.commonPool-worker-2] INFO  server.RaftServer (RaftServerProxy.java:lambda$close$6(416)) - a0cd6e17-3b90-4804-ab26-c3914b9665e9: close
2023-09-07 20:32:21,828 [a0cd6e17-3b90-4804-ab26-c3914b9665e9-impl-thread2] INFO  server.RaftServer$Division (RaftServerImpl.java:lambda$close$4(466)) - a0cd6e17-3b90-4804-ab26-c3914b9665e9@group-BBA626DA395F: shutdown
2023-09-07 20:32:21,828 [ForkJoinPool.commonPool-worker-2] INFO  server.GrpcService (GrpcService.java:closeImpl(311)) - a0cd6e17-3b90-4804-ab26-c3914b9665e9: shutdown server org.apache.ratis.grpc.server.GrpcClientProtocolService now
2023-09-07 20:32:21,828 [a0cd6e17-3b90-4804-ab26-c3914b9665e9-impl-thread2] INFO  util.JmxRegister (JmxRegister.java:unregister(73)) - Successfully un-registered JMX Bean with object name Ratis:service=RaftServer,group=group-BBA626DA395F,id=a0cd6e17-3b90-4804-ab26-c3914b9665e9
2023-09-07 20:32:21,828 [a0cd6e17-3b90-4804-ab26-c3914b9665e9-impl-thread3] INFO  server.RaftServer$Division (RaftServerImpl.java:lambda$close$4(466)) - a0cd6e17-3b90-4804-ab26-c3914b9665e9@group-7300A7E366F1: shutdown
2023-09-07 20:32:21,828 [a0cd6e17-3b90-4804-ab26-c3914b9665e9-impl-thread2] INFO  impl.RoleInfo (RoleInfo.java:shutdownLeaderState(93)) - a0cd6e17-3b90-4804-ab26-c3914b9665e9: shutdown a0cd6e17-3b90-4804-ab26-c3914b9665e9@group-BBA626DA395F-LeaderStateImpl
2023-09-07 20:32:21,828 [a0cd6e17-3b90-4804-ab26-c3914b9665e9-impl-thread4] INFO  server.RaftServer$Division (RaftServerImpl.java:lambda$close$4(466)) - a0cd6e17-3b90-4804-ab26-c3914b9665e9@group-97D094013ECF: shutdown
2023-09-07 20:32:21,828 [a0cd6e17-3b90-4804-ab26-c3914b9665e9-impl-thread3] INFO  util.JmxRegister (JmxRegister.java:unregister(73)) - Successfully un-registered JMX Bean with object name Ratis:service=RaftServer,group=group-7300A7E366F1,id=a0cd6e17-3b90-4804-ab26-c3914b9665e9
2023-09-07 20:32:21,828 [a0cd6e17-3b90-4804-ab26-c3914b9665e9-impl-thread4] INFO  util.JmxRegister (JmxRegister.java:unregister(73)) - Successfully un-registered JMX Bean with object name Ratis:service=RaftServer,group=group-97D094013ECF,id=a0cd6e17-3b90-4804-ab26-c3914b9665e9
2023-09-07 20:32:21,829 [a0cd6e17-3b90-4804-ab26-c3914b9665e9-impl-thread3] INFO  impl.RoleInfo (RoleInfo.java:shutdownFollowerState(110)) - a0cd6e17-3b90-4804-ab26-c3914b9665e9: shutdown a0cd6e17-3b90-4804-ab26-c3914b9665e9@group-7300A7E366F1-FollowerState
2023-09-07 20:32:21,829 [a0cd6e17-3b90-4804-ab26-c3914b9665e9-impl-thread4] INFO  impl.RoleInfo (RoleInfo.java:shutdownLeaderState(93)) - a0cd6e17-3b90-4804-ab26-c3914b9665e9: shutdown a0cd6e17-3b90-4804-ab26-c3914b9665e9@group-97D094013ECF-LeaderStateImpl
2023-09-07 20:32:21,829 [a0cd6e17-3b90-4804-ab26-c3914b9665e9-impl-thread4] INFO  impl.PendingRequests (PendingRequests.java:sendNotLeaderResponses(289)) - a0cd6e17-3b90-4804-ab26-c3914b9665e9@group-97D094013ECF-PendingRequests: sendNotLeaderResponses
2023-09-07 20:32:21,829 [a0cd6e17-3b90-4804-ab26-c3914b9665e9-impl-thread4] INFO  impl.StateMachineUpdater (StateMachineUpdater.java:stopAndJoin(155)) - a0cd6e17-3b90-4804-ab26-c3914b9665e9@group-97D094013ECF-StateMachineUpdater: set stopIndex = 0
2023-09-07 20:32:21,829 [a0cd6e17-3b90-4804-ab26-c3914b9665e9@group-97D094013ECF-StateMachineUpdater] INFO  ratis.ContainerStateMachine (ContainerStateMachine.java:takeSnapshot(330)) - group-97D094013ECF: Taking a snapshot at:(t:1, i:0) file /home/runner/work/ozone/ozone/hadoop-ozone/integration-test/target/test-dir/MiniOzoneClusterImpl-7c3c5bdb-9f31-4157-923c-74528274ab7c/datanode-1/data/ratis/cefb9781-cbc1-4f58-b7a1-97d094013ecf/sm/snapshot.1_0
2023-09-07 20:32:21,830 [main] INFO  ozoneimpl.OzoneContainer (OzoneContainer.java:stop(451)) - Attempting to stop container services.
2023-09-07 20:32:21,830 [a0cd6e17-3b90-4804-ab26-c3914b9665e9@group-7300A7E366F1-FollowerState] INFO  impl.FollowerState (FollowerState.java:run(152)) - a0cd6e17-3b90-4804-ab26-c3914b9665e9@group-7300A7E366F1-FollowerState was interrupted
2023-09-07 20:32:21,831 [a0cd6e17-3b90-4804-ab26-c3914b9665e9@group-97D094013ECF-StateMachineUpdater] INFO  ratis.ContainerStateMachine (ContainerStateMachine.java:takeSnapshot(341)) - group-97D094013ECF: Finished taking a snapshot at:(t:1, i:0) file:/home/runner/work/ozone/ozone/hadoop-ozone/integration-test/target/test-dir/MiniOzoneClusterImpl-7c3c5bdb-9f31-4157-923c-74528274ab7c/datanode-1/data/ratis/cefb9781-cbc1-4f58-b7a1-97d094013ecf/sm/snapshot.1_0 took: 1 ms
2023-09-07 20:32:21,831 [a0cd6e17-3b90-4804-ab26-c3914b9665e9@group-97D094013ECF-StateMachineUpdater] INFO  impl.StateMachineUpdater (StateMachineUpdater.java:takeSnapshot(291)) - a0cd6e17-3b90-4804-ab26-c3914b9665e9@group-97D094013ECF-StateMachineUpdater: Took a snapshot at index 0
2023-09-07 20:32:21,831 [a0cd6e17-3b90-4804-ab26-c3914b9665e9@group-97D094013ECF-StateMachineUpdater] INFO  impl.StateMachineUpdater (StateMachineUpdater.java:lambda$new$0(97)) - a0cd6e17-3b90-4804-ab26-c3914b9665e9@group-97D094013ECF-StateMachineUpdater: snapshotIndex: updateIncreasingly -1 -> 0
2023-09-07 20:32:21,831 [a0cd6e17-3b90-4804-ab26-c3914b9665e9@group-BBA626DA395F->114a9516-507d-4df3-bbf0-358fc4f720dd-GrpcLogAppender-LogAppenderDaemon] WARN  server.GrpcLogAppender (GrpcLogAppender.java:mayWait(199)) - a0cd6e17-3b90-4804-ab26-c3914b9665e9@group-BBA626DA395F->114a9516-507d-4df3-bbf0-358fc4f720dd-GrpcLogAppender: Wait interrupted by java.lang.InterruptedException
2023-09-07 20:32:21,831 [a0cd6e17-3b90-4804-ab26-c3914b9665e9-impl-thread3] INFO  impl.StateMachineUpdater (StateMachineUpdater.java:stopAndJoin(155)) - a0cd6e17-3b90-4804-ab26-c3914b9665e9@group-7300A7E366F1-StateMachineUpdater: set stopIndex = 6
2023-09-07 20:32:21,839 [Thread-1672] INFO  server.GrpcServerProtocolClient (GrpcServerProtocolClient.java:close(103)) - 114a9516-507d-4df3-bbf0-358fc4f720dd Close channels
2023-09-07 20:32:21,840 [a0cd6e17-3b90-4804-ab26-c3914b9665e9-impl-thread4] INFO  server.RaftServer$Division (ServerState.java:close(472)) - a0cd6e17-3b90-4804-ab26-c3914b9665e9@group-97D094013ECF: closes. applyIndex: 0
2023-09-07 20:32:21,840 [Thread-1673] INFO  server.GrpcServerProtocolClient (GrpcServerProtocolClient.java:close(103)) - 130456cf-e1b1-4e27-8a77-52f3e2c34494 Close channels
2023-09-07 20:32:21,842 [grpc-default-executor-1] INFO  server.GrpcServerProtocolService (GrpcServerProtocolService.java:onCompleted(155)) - 114a9516-507d-4df3-bbf0-358fc4f720dd: Completed APPEND_ENTRIES, lastRequest: a0cd6e17-3b90-4804-ab26-c3914b9665e9->114a9516-507d-4df3-bbf0-358fc4f720dd#37-t1,previous=(t:1, i:21),leaderCommit=21,initializing? true,entries: size=1, first=(t:1, i:22), METADATAENTRY(c:21)
2023-09-07 20:32:21,842 [grpc-default-executor-1] INFO  server.GrpcServerProtocolService (GrpcServerProtocolService.java:lambda$onCompleted$5(157)) - 114a9516-507d-4df3-bbf0-358fc4f720dd: Completed APPEND_ENTRIES, lastReply: null
2023-09-07 20:32:21,842 [a0cd6e17-3b90-4804-ab26-c3914b9665e9@group-7300A7E366F1-StateMachineUpdater] INFO  ratis.ContainerStateMachine (ContainerStateMachine.java:takeSnapshot(330)) - group-7300A7E366F1: Taking a snapshot at:(t:1, i:6) file /home/runner/work/ozone/ozone/hadoop-ozone/integration-test/target/test-dir/MiniOzoneClusterImpl-7c3c5bdb-9f31-4157-923c-74528274ab7c/datanode-1/data/ratis/04b25058-46e3-42ed-aa21-7300a7e366f1/sm/snapshot.1_6
2023-09-07 20:32:21,842 [main] INFO  server.RaftServer (RaftServerProxy.java:lambda$close$6(416)) - 114a9516-507d-4df3-bbf0-358fc4f720dd: close
2023-09-07 20:32:21,844 [114a9516-507d-4df3-bbf0-358fc4f720dd-impl-thread2] INFO  server.RaftServer$Division (RaftServerImpl.java:lambda$close$4(466)) - 114a9516-507d-4df3-bbf0-358fc4f720dd@group-BBA626DA395F: shutdown
2023-09-07 20:32:21,844 [114a9516-507d-4df3-bbf0-358fc4f720dd-impl-thread2] INFO  util.JmxRegister (JmxRegister.java:unregister(73)) - Successfully un-registered JMX Bean with object name Ratis:service=RaftServer,group=group-BBA626DA395F,id=114a9516-507d-4df3-bbf0-358fc4f720dd
2023-09-07 20:32:21,844 [114a9516-507d-4df3-bbf0-358fc4f720dd-impl-thread2] INFO  impl.RoleInfo (RoleInfo.java:shutdownFollowerState(110)) - 114a9516-507d-4df3-bbf0-358fc4f720dd: shutdown 114a9516-507d-4df3-bbf0-358fc4f720dd@group-BBA626DA395F-FollowerState
2023-09-07 20:32:21,844 [a0cd6e17-3b90-4804-ab26-c3914b9665e9@group-7300A7E366F1-StateMachineUpdater] INFO  ratis.ContainerStateMachine (ContainerStateMachine.java:takeSnapshot(341)) - group-7300A7E366F1: Finished taking a snapshot at:(t:1, i:6) file:/home/runner/work/ozone/ozone/hadoop-ozone/integration-test/target/test-dir/MiniOzoneClusterImpl-7c3c5bdb-9f31-4157-923c-74528274ab7c/datanode-1/data/ratis/04b25058-46e3-42ed-aa21-7300a7e366f1/sm/snapshot.1_6 took: 2 ms
2023-09-07 20:32:21,846 [a0cd6e17-3b90-4804-ab26-c3914b9665e9@group-7300A7E366F1-StateMachineUpdater] INFO  impl.StateMachineUpdater (StateMachineUpdater.java:takeSnapshot(291)) - a0cd6e17-3b90-4804-ab26-c3914b9665e9@group-7300A7E366F1-StateMachineUpdater: Took a snapshot at index 6
2023-09-07 20:32:21,846 [a0cd6e17-3b90-4804-ab26-c3914b9665e9@group-7300A7E366F1-StateMachineUpdater] INFO  impl.StateMachineUpdater (StateMachineUpdater.java:lambda$new$0(97)) - a0cd6e17-3b90-4804-ab26-c3914b9665e9@group-7300A7E366F1-StateMachineUpdater: snapshotIndex: updateIncreasingly -1 -> 6
2023-09-07 20:32:21,846 [114a9516-507d-4df3-bbf0-358fc4f720dd-impl-thread3] INFO  server.RaftServer$Division (RaftServerImpl.java:lambda$close$4(466)) - 114a9516-507d-4df3-bbf0-358fc4f720dd@group-F3A6382101F2: shutdown
2023-09-07 20:32:21,847 [114a9516-507d-4df3-bbf0-358fc4f720dd-impl-thread3] INFO  util.JmxRegister (JmxRegister.java:unregister(73)) - Successfully un-registered JMX Bean with object name Ratis:service=RaftServer,group=group-F3A6382101F2,id=114a9516-507d-4df3-bbf0-358fc4f720dd
2023-09-07 20:32:21,847 [114a9516-507d-4df3-bbf0-358fc4f720dd-impl-thread3] INFO  impl.RoleInfo (RoleInfo.java:shutdownLeaderState(93)) - 114a9516-507d-4df3-bbf0-358fc4f720dd: shutdown 114a9516-507d-4df3-bbf0-358fc4f720dd@group-F3A6382101F2-LeaderStateImpl
2023-09-07 20:32:21,847 [114a9516-507d-4df3-bbf0-358fc4f720dd-impl-thread3] INFO  impl.PendingRequests (PendingRequests.java:sendNotLeaderResponses(289)) - 114a9516-507d-4df3-bbf0-358fc4f720dd@group-F3A6382101F2-PendingRequests: sendNotLeaderResponses
2023-09-07 20:32:21,847 [grpc-default-executor-1] INFO  server.GrpcServerProtocolService (GrpcServerProtocolService.java:onCompleted(155)) - 114a9516-507d-4df3-bbf0-358fc4f720dd: Completed APPEND_ENTRIES, lastRequest: null
2023-09-07 20:32:21,847 [114a9516-507d-4df3-bbf0-358fc4f720dd-impl-thread3] INFO  impl.StateMachineUpdater (StateMachineUpdater.java:stopAndJoin(155)) - 114a9516-507d-4df3-bbf0-358fc4f720dd@group-F3A6382101F2-StateMachineUpdater: set stopIndex = 0
2023-09-07 20:32:21,849 [grpc-default-executor-1] INFO  server.GrpcServerProtocolService (GrpcServerProtocolService.java:lambda$onCompleted$5(157)) - 114a9516-507d-4df3-bbf0-358fc4f720dd: Completed APPEND_ENTRIES, lastReply: serverReply {
  requestorId: "a0cd6e17-3b90-4804-ab26-c3914b9665e9"
  replyId: "114a9516-507d-4df3-bbf0-358fc4f720dd"
  raftGroupId {
    id: "\377*\1776\237\305O1\250\372\273\246&\3329_"
  }
  callId: 71
  success: true
}
term: 1
nextIndex: 23
followerCommit: 22
matchIndex: 18446744073709551615
isHearbeat: true

2023-09-07 20:32:21,850 [114a9516-507d-4df3-bbf0-358fc4f720dd@group-F3A6382101F2-StateMachineUpdater] INFO  ratis.ContainerStateMachine (ContainerStateMachine.java:takeSnapshot(330)) - group-F3A6382101F2: Taking a snapshot at:(t:1, i:0) file /home/runner/work/ozone/ozone/hadoop-ozone/integration-test/target/test-dir/MiniOzoneClusterImpl-7c3c5bdb-9f31-4157-923c-74528274ab7c/datanode-2/data/ratis/ea302dc6-52d0-4b85-bf72-f3a6382101f2/sm/snapshot.1_0
2023-09-07 20:32:21,850 [main] INFO  server.GrpcService (GrpcService.java:closeImpl(311)) - 114a9516-507d-4df3-bbf0-358fc4f720dd: shutdown server org.apache.ratis.grpc.server.GrpcClientProtocolService now
2023-09-07 20:32:21,850 [114a9516-507d-4df3-bbf0-358fc4f720dd-impl-thread4] INFO  server.RaftServer$Division (RaftServerImpl.java:lambda$close$4(466)) - 114a9516-507d-4df3-bbf0-358fc4f720dd@group-7300A7E366F1: shutdown
2023-09-07 20:32:21,850 [114a9516-507d-4df3-bbf0-358fc4f720dd-impl-thread4] INFO  util.JmxRegister (JmxRegister.java:unregister(73)) - Successfully un-registered JMX Bean with object name Ratis:service=RaftServer,group=group-7300A7E366F1,id=114a9516-507d-4df3-bbf0-358fc4f720dd
2023-09-07 20:32:21,850 [114a9516-507d-4df3-bbf0-358fc4f720dd-impl-thread4] INFO  impl.RoleInfo (RoleInfo.java:shutdownLeaderState(93)) - 114a9516-507d-4df3-bbf0-358fc4f720dd: shutdown 114a9516-507d-4df3-bbf0-358fc4f720dd@group-7300A7E366F1-LeaderStateImpl
2023-09-07 20:32:21,850 [114a9516-507d-4df3-bbf0-358fc4f720dd@group-F3A6382101F2-StateMachineUpdater] INFO  ratis.ContainerStateMachine (ContainerStateMachine.java:takeSnapshot(341)) - group-F3A6382101F2: Finished taking a snapshot at:(t:1, i:0) file:/home/runner/work/ozone/ozone/hadoop-ozone/integration-test/target/test-dir/MiniOzoneClusterImpl-7c3c5bdb-9f31-4157-923c-74528274ab7c/datanode-2/data/ratis/ea302dc6-52d0-4b85-bf72-f3a6382101f2/sm/snapshot.1_0 took: 1 ms
2023-09-07 20:32:21,850 [114a9516-507d-4df3-bbf0-358fc4f720dd@group-7300A7E366F1->a0cd6e17-3b90-4804-ab26-c3914b9665e9-GrpcLogAppender-LogAppenderDaemon] WARN  server.GrpcLogAppender (GrpcLogAppender.java:mayWait(199)) - 114a9516-507d-4df3-bbf0-358fc4f720dd@group-7300A7E366F1->a0cd6e17-3b90-4804-ab26-c3914b9665e9-GrpcLogAppender: Wait interrupted by java.lang.InterruptedException
2023-09-07 20:32:21,851 [114a9516-507d-4df3-bbf0-358fc4f720dd@group-F3A6382101F2-StateMachineUpdater] INFO  impl.StateMachineUpdater (StateMachineUpdater.java:takeSnapshot(291)) - 114a9516-507d-4df3-bbf0-358fc4f720dd@group-F3A6382101F2-StateMachineUpdater: Took a snapshot at index 0
2023-09-07 20:32:21,851 [114a9516-507d-4df3-bbf0-358fc4f720dd@group-F3A6382101F2-StateMachineUpdater] INFO  impl.StateMachineUpdater (StateMachineUpdater.java:lambda$new$0(97)) - 114a9516-507d-4df3-bbf0-358fc4f720dd@group-F3A6382101F2-StateMachineUpdater: snapshotIndex: updateIncreasingly -1 -> 0
2023-09-07 20:32:21,851 [114a9516-507d-4df3-bbf0-358fc4f720dd@group-7300A7E366F1->130456cf-e1b1-4e27-8a77-52f3e2c34494-GrpcLogAppender-LogAppenderDaemon] WARN  server.GrpcLogAppender (GrpcLogAppender.java:mayWait(199)) - 114a9516-507d-4df3-bbf0-358fc4f720dd@group-7300A7E366F1->130456cf-e1b1-4e27-8a77-52f3e2c34494-GrpcLogAppender: Wait interrupted by java.lang.InterruptedException
2023-09-07 20:32:21,851 [114a9516-507d-4df3-bbf0-358fc4f720dd-impl-thread3] INFO  server.RaftServer$Division (ServerState.java:close(472)) - 114a9516-507d-4df3-bbf0-358fc4f720dd@group-F3A6382101F2: closes. applyIndex: 0
2023-09-07 20:32:21,851 [114a9516-507d-4df3-bbf0-358fc4f720dd-impl-thread4] INFO  impl.PendingRequests (PendingRequests.java:sendNotLeaderResponses(289)) - 114a9516-507d-4df3-bbf0-358fc4f720dd@group-7300A7E366F1-PendingRequests: sendNotLeaderResponses
2023-09-07 20:32:21,853 [a0cd6e17-3b90-4804-ab26-c3914b9665e9@group-BBA626DA395F->130456cf-e1b1-4e27-8a77-52f3e2c34494-GrpcLogAppender-LogAppenderDaemon] WARN  server.GrpcLogAppender (GrpcLogAppender.java:mayWait(199)) - a0cd6e17-3b90-4804-ab26-c3914b9665e9@group-BBA626DA395F->130456cf-e1b1-4e27-8a77-52f3e2c34494-GrpcLogAppender: Wait interrupted by java.lang.InterruptedException
2023-09-07 20:32:21,853 [a0cd6e17-3b90-4804-ab26-c3914b9665e9-impl-thread2] INFO  impl.PendingRequests (PendingRequests.java:sendNotLeaderResponses(289)) - a0cd6e17-3b90-4804-ab26-c3914b9665e9@group-BBA626DA395F-PendingRequests: sendNotLeaderResponses
2023-09-07 20:32:21,853 [a0cd6e17-3b90-4804-ab26-c3914b9665e9-impl-thread2] INFO  impl.StateMachineUpdater (StateMachineUpdater.java:stopAndJoin(155)) - a0cd6e17-3b90-4804-ab26-c3914b9665e9@group-BBA626DA395F-StateMachineUpdater: set stopIndex = 22
2023-09-07 20:32:21,853 [a0cd6e17-3b90-4804-ab26-c3914b9665e9@group-BBA626DA395F-StateMachineUpdater] INFO  ratis.ContainerStateMachine (ContainerStateMachine.java:takeSnapshot(330)) - group-BBA626DA395F: Taking a snapshot at:(t:1, i:22) file /home/runner/work/ozone/ozone/hadoop-ozone/integration-test/target/test-dir/MiniOzoneClusterImpl-7c3c5bdb-9f31-4157-923c-74528274ab7c/datanode-1/data/ratis/ff2a7f36-9fc5-4f31-a8fa-bba626da395f/sm/snapshot.1_22
2023-09-07 20:32:21,854 [114a9516-507d-4df3-bbf0-358fc4f720dd-impl-thread4] INFO  impl.StateMachineUpdater (StateMachineUpdater.java:stopAndJoin(155)) - 114a9516-507d-4df3-bbf0-358fc4f720dd@group-7300A7E366F1-StateMachineUpdater: set stopIndex = 8
2023-09-07 20:32:21,854 [114a9516-507d-4df3-bbf0-358fc4f720dd@group-7300A7E366F1-StateMachineUpdater] INFO  ratis.ContainerStateMachine (ContainerStateMachine.java:takeSnapshot(330)) - group-7300A7E366F1: Taking a snapshot at:(t:1, i:8) file /home/runner/work/ozone/ozone/hadoop-ozone/integration-test/target/test-dir/MiniOzoneClusterImpl-7c3c5bdb-9f31-4157-923c-74528274ab7c/datanode-2/data/ratis/04b25058-46e3-42ed-aa21-7300a7e366f1/sm/snapshot.1_8
2023-09-07 20:32:21,855 [a0cd6e17-3b90-4804-ab26-c3914b9665e9@group-BBA626DA395F-StateMachineUpdater] INFO  ratis.ContainerStateMachine (ContainerStateMachine.java:takeSnapshot(341)) - group-BBA626DA395F: Finished taking a snapshot at:(t:1, i:22) file:/home/runner/work/ozone/ozone/hadoop-ozone/integration-test/target/test-dir/MiniOzoneClusterImpl-7c3c5bdb-9f31-4157-923c-74528274ab7c/datanode-1/data/ratis/ff2a7f36-9fc5-4f31-a8fa-bba626da395f/sm/snapshot.1_22 took: 1 ms
2023-09-07 20:32:21,855 [a0cd6e17-3b90-4804-ab26-c3914b9665e9@group-BBA626DA395F-StateMachineUpdater] INFO  impl.StateMachineUpdater (StateMachineUpdater.java:takeSnapshot(291)) - a0cd6e17-3b90-4804-ab26-c3914b9665e9@group-BBA626DA395F-StateMachineUpdater: Took a snapshot at index 22
2023-09-07 20:32:21,855 [a0cd6e17-3b90-4804-ab26-c3914b9665e9@group-BBA626DA395F-StateMachineUpdater] INFO  impl.StateMachineUpdater (StateMachineUpdater.java:lambda$new$0(97)) - a0cd6e17-3b90-4804-ab26-c3914b9665e9@group-BBA626DA395F-StateMachineUpdater: snapshotIndex: updateIncreasingly -1 -> 22
2023-09-07 20:32:21,858 [114a9516-507d-4df3-bbf0-358fc4f720dd@group-7300A7E366F1-StateMachineUpdater] INFO  ratis.ContainerStateMachine (ContainerStateMachine.java:takeSnapshot(341)) - group-7300A7E366F1: Finished taking a snapshot at:(t:1, i:8) file:/home/runner/work/ozone/ozone/hadoop-ozone/integration-test/target/test-dir/MiniOzoneClusterImpl-7c3c5bdb-9f31-4157-923c-74528274ab7c/datanode-2/data/ratis/04b25058-46e3-42ed-aa21-7300a7e366f1/sm/snapshot.1_8 took: 2 ms
2023-09-07 20:32:21,858 [114a9516-507d-4df3-bbf0-358fc4f720dd@group-7300A7E366F1-StateMachineUpdater] INFO  impl.StateMachineUpdater (StateMachineUpdater.java:takeSnapshot(291)) - 114a9516-507d-4df3-bbf0-358fc4f720dd@group-7300A7E366F1-StateMachineUpdater: Took a snapshot at index 8
2023-09-07 20:32:21,858 [114a9516-507d-4df3-bbf0-358fc4f720dd@group-7300A7E366F1-StateMachineUpdater] INFO  impl.StateMachineUpdater (StateMachineUpdater.java:lambda$new$0(97)) - 114a9516-507d-4df3-bbf0-358fc4f720dd@group-7300A7E366F1-StateMachineUpdater: snapshotIndex: updateIncreasingly -1 -> 8
2023-09-07 20:32:21,859 [114a9516-507d-4df3-bbf0-358fc4f720dd-impl-thread4] INFO  server.RaftServer$Division (ServerState.java:close(472)) - 114a9516-507d-4df3-bbf0-358fc4f720dd@group-7300A7E366F1: closes. applyIndex: 8
2023-09-07 20:32:21,864 [114a9516-507d-4df3-bbf0-358fc4f720dd-impl-thread2] INFO  impl.StateMachineUpdater (StateMachineUpdater.java:stopAndJoin(155)) - 114a9516-507d-4df3-bbf0-358fc4f720dd@group-BBA626DA395F-StateMachineUpdater: set stopIndex = 22
2023-09-07 20:32:21,864 [grpc-default-executor-1] INFO  server.GrpcServerProtocolService (GrpcServerProtocolService.java:onCompleted(155)) - a0cd6e17-3b90-4804-ab26-c3914b9665e9: Completed APPEND_ENTRIES, lastRequest: 114a9516-507d-4df3-bbf0-358fc4f720dd->a0cd6e17-3b90-4804-ab26-c3914b9665e9#44-t1,previous=(t:1, i:7),leaderCommit=6,initializing? true,entries: size=1, first=(t:1, i:8), METADATAENTRY(c:6)
2023-09-07 20:32:21,864 [114a9516-507d-4df3-bbf0-358fc4f720dd@group-BBA626DA395F-FollowerState] INFO  impl.FollowerState (FollowerState.java:run(152)) - 114a9516-507d-4df3-bbf0-358fc4f720dd@group-BBA626DA395F-FollowerState was interrupted
2023-09-07 20:32:21,864 [grpc-default-executor-1] INFO  server.GrpcServerProtocolService (GrpcServerProtocolService.java:lambda$onCompleted$5(157)) - a0cd6e17-3b90-4804-ab26-c3914b9665e9: Completed APPEND_ENTRIES, lastReply: null
2023-09-07 20:32:21,873 [a0cd6e17-3b90-4804-ab26-c3914b9665e9-impl-thread3] INFO  server.RaftServer$Division (ServerState.java:close(472)) - a0cd6e17-3b90-4804-ab26-c3914b9665e9@group-7300A7E366F1: closes. applyIndex: 6
2023-09-07 20:32:21,872 [a0cd6e17-3b90-4804-ab26-c3914b9665e9-impl-thread2] INFO  server.RaftServer$Division (ServerState.java:close(472)) - a0cd6e17-3b90-4804-ab26-c3914b9665e9@group-BBA626DA395F: closes. applyIndex: 22
2023-09-07 20:32:21,868 [Thread-1679] INFO  server.GrpcServerProtocolClient (GrpcServerProtocolClient.java:close(103)) - 130456cf-e1b1-4e27-8a77-52f3e2c34494 Close channels
2023-09-07 20:32:21,867 [Thread-1677] INFO  server.GrpcServerProtocolClient (GrpcServerProtocolClient.java:close(103)) - a0cd6e17-3b90-4804-ab26-c3914b9665e9 Close channels
2023-09-07 20:32:21,867 [grpc-default-executor-6] INFO  server.GrpcServerProtocolService (GrpcServerProtocolService.java:onCompleted(155)) - a0cd6e17-3b90-4804-ab26-c3914b9665e9: Completed APPEND_ENTRIES, lastRequest: null
2023-09-07 20:32:21,880 [grpc-default-executor-6] INFO  server.GrpcServerProtocolService (GrpcServerProtocolService.java:lambda$onCompleted$5(157)) - a0cd6e17-3b90-4804-ab26-c3914b9665e9: Completed APPEND_ENTRIES, lastReply: serverReply {
  requestorId: "114a9516-507d-4df3-bbf0-358fc4f720dd"
  replyId: "a0cd6e17-3b90-4804-ab26-c3914b9665e9"
  raftGroupId {
    id: "\004\262PXF\343B\355\252!s\000\247\343f\361"
  }
  callId: 39
  success: true
}
term: 1
nextIndex: 5
followerCommit: 4
matchIndex: 18446744073709551615
isHearbeat: true

2023-09-07 20:32:21,866 [114a9516-507d-4df3-bbf0-358fc4f720dd@group-BBA626DA395F-StateMachineUpdater] INFO  ratis.ContainerStateMachine (ContainerStateMachine.java:takeSnapshot(330)) - group-BBA626DA395F: Taking a snapshot at:(t:1, i:22) file /home/runner/work/ozone/ozone/hadoop-ozone/integration-test/target/test-dir/MiniOzoneClusterImpl-7c3c5bdb-9f31-4157-923c-74528274ab7c/datanode-2/data/ratis/ff2a7f36-9fc5-4f31-a8fa-bba626da395f/sm/snapshot.1_22
2023-09-07 20:32:21,880 [grpc-default-executor-7] INFO  server.GrpcLogAppender (GrpcLogAppender.java:onCompleted(428)) - a0cd6e17-3b90-4804-ab26-c3914b9665e9@group-BBA626DA395F->114a9516-507d-4df3-bbf0-358fc4f720dd-AppendLogResponseHandler: follower responses appendEntries COMPLETED
2023-09-07 20:32:21,882 [114a9516-507d-4df3-bbf0-358fc4f720dd@group-BBA626DA395F-StateMachineUpdater] INFO  ratis.ContainerStateMachine (ContainerStateMachine.java:takeSnapshot(341)) - group-BBA626DA395F: Finished taking a snapshot at:(t:1, i:22) file:/home/runner/work/ozone/ozone/hadoop-ozone/integration-test/target/test-dir/MiniOzoneClusterImpl-7c3c5bdb-9f31-4157-923c-74528274ab7c/datanode-2/data/ratis/ff2a7f36-9fc5-4f31-a8fa-bba626da395f/sm/snapshot.1_22 took: 17 ms
2023-09-07 20:32:21,882 [114a9516-507d-4df3-bbf0-358fc4f720dd@group-BBA626DA395F-StateMachineUpdater] INFO  impl.StateMachineUpdater (StateMachineUpdater.java:takeSnapshot(291)) - 114a9516-507d-4df3-bbf0-358fc4f720dd@group-BBA626DA395F-StateMachineUpdater: Took a snapshot at index 22
2023-09-07 20:32:21,882 [114a9516-507d-4df3-bbf0-358fc4f720dd@group-BBA626DA395F-StateMachineUpdater] INFO  impl.StateMachineUpdater (StateMachineUpdater.java:lambda$new$0(97)) - 114a9516-507d-4df3-bbf0-358fc4f720dd@group-BBA626DA395F-StateMachineUpdater: snapshotIndex: updateIncreasingly -1 -> 22
2023-09-07 20:32:21,883 [grpc-default-executor-1] INFO  server.GrpcServerProtocolService (GrpcServerProtocolService.java:onCompleted(155)) - 130456cf-e1b1-4e27-8a77-52f3e2c34494: Completed APPEND_ENTRIES, lastRequest: null
2023-09-07 20:32:21,884 [grpc-default-executor-1] INFO  server.GrpcServerProtocolService (GrpcServerProtocolService.java:lambda$onCompleted$5(157)) - 130456cf-e1b1-4e27-8a77-52f3e2c34494: Completed APPEND_ENTRIES, lastReply: serverReply {
  requestorId: "a0cd6e17-3b90-4804-ab26-c3914b9665e9"
  replyId: "130456cf-e1b1-4e27-8a77-52f3e2c34494"
  raftGroupId {
    id: "\377*\1776\237\305O1\250\372\273\246&\3329_"
  }
  callId: 71
  success: true
}
term: 1
nextIndex: 23
followerCommit: 22
matchIndex: 18446744073709551615
isHearbeat: true

2023-09-07 20:32:21,884 [grpc-default-executor-6] INFO  server.GrpcLogAppender (GrpcLogAppender.java:onCompleted(428)) - 114a9516-507d-4df3-bbf0-358fc4f720dd@group-7300A7E366F1->a0cd6e17-3b90-4804-ab26-c3914b9665e9-AppendLogResponseHandler: follower responses appendEntries COMPLETED
2023-09-07 20:32:21,878 [grpc-default-executor-11] INFO  server.GrpcServerProtocolService (GrpcServerProtocolService.java:onCompleted(155)) - 130456cf-e1b1-4e27-8a77-52f3e2c34494: Completed APPEND_ENTRIES, lastRequest: null
2023-09-07 20:32:21,878 [grpc-default-executor-10] INFO  server.GrpcServerProtocolService (GrpcServerProtocolService.java:onCompleted(155)) - 130456cf-e1b1-4e27-8a77-52f3e2c34494: Completed APPEND_ENTRIES, lastRequest: 114a9516-507d-4df3-bbf0-358fc4f720dd->130456cf-e1b1-4e27-8a77-52f3e2c34494#45-t1,previous=(t:1, i:7),leaderCommit=6,initializing? true,entries: size=1, first=(t:1, i:8), METADATAENTRY(c:6)
2023-09-07 20:32:21,885 [grpc-default-executor-10] INFO  server.GrpcServerProtocolService (GrpcServerProtocolService.java:lambda$onCompleted$5(157)) - 130456cf-e1b1-4e27-8a77-52f3e2c34494: Completed APPEND_ENTRIES, lastReply: null
2023-09-07 20:32:21,876 [grpc-default-executor-8] INFO  server.GrpcServerProtocolService (GrpcServerProtocolService.java:onCompleted(155)) - 130456cf-e1b1-4e27-8a77-52f3e2c34494: Completed APPEND_ENTRIES, lastRequest: a0cd6e17-3b90-4804-ab26-c3914b9665e9->130456cf-e1b1-4e27-8a77-52f3e2c34494#38-t1,previous=(t:1, i:21),leaderCommit=21,initializing? true,entries: size=1, first=(t:1, i:22), METADATAENTRY(c:21)
2023-09-07 20:32:21,885 [grpc-default-executor-8] INFO  server.GrpcServerProtocolService (GrpcServerProtocolService.java:lambda$onCompleted$5(157)) - 130456cf-e1b1-4e27-8a77-52f3e2c34494: Completed APPEND_ENTRIES, lastReply: null
2023-09-07 20:32:21,885 [114a9516-507d-4df3-bbf0-358fc4f720dd-impl-thread2] INFO  server.RaftServer$Division (ServerState.java:close(472)) - 114a9516-507d-4df3-bbf0-358fc4f720dd@group-BBA626DA395F: closes. applyIndex: 22
2023-09-07 20:32:21,875 [grpc-default-executor-0] INFO  server.GrpcLogAppender (GrpcLogAppender.java:onCompleted(428)) - a0cd6e17-3b90-4804-ab26-c3914b9665e9@group-BBA626DA395F->114a9516-507d-4df3-bbf0-358fc4f720dd-AppendLogResponseHandler: follower responses appendEntries COMPLETED
2023-09-07 20:32:21,885 [grpc-default-executor-11] INFO  server.GrpcServerProtocolService (GrpcServerProtocolService.java:lambda$onCompleted$5(157)) - 130456cf-e1b1-4e27-8a77-52f3e2c34494: Completed APPEND_ENTRIES, lastReply: serverReply {
  requestorId: "114a9516-507d-4df3-bbf0-358fc4f720dd"
  replyId: "130456cf-e1b1-4e27-8a77-52f3e2c34494"
  raftGroupId {
    id: "\004\262PXF\343B\355\252!s\000\247\343f\361"
  }
  callId: 40
  success: true
}
term: 1
nextIndex: 5
followerCommit: 4
matchIndex: 18446744073709551615
isHearbeat: true

2023-09-07 20:32:21,895 [grpc-default-executor-6] WARN  server.GrpcLogAppender (GrpcLogAppender.java:resetClient(137)) - 114a9516-507d-4df3-bbf0-358fc4f720dd@group-7300A7E366F1->a0cd6e17-3b90-4804-ab26-c3914b9665e9-GrpcLogAppender: Failed to getClient for a0cd6e17-3b90-4804-ab26-c3914b9665e9
org.apache.ratis.protocol.exceptions.AlreadyClosedException: 114a9516-507d-4df3-bbf0-358fc4f720dd is already CLOSED
	at org.apache.ratis.util.PeerProxyMap$PeerAndProxy.getProxy(PeerProxyMap.java:61)
	at org.apache.ratis.util.PeerProxyMap.getProxy(PeerProxyMap.java:115)
	at org.apache.ratis.grpc.server.GrpcLogAppender.getClient(GrpcLogAppender.java:112)
	at org.apache.ratis.grpc.server.GrpcLogAppender.resetClient(GrpcLogAppender.java:117)
	at org.apache.ratis.grpc.server.GrpcLogAppender.access$500(GrpcLogAppender.java:56)
	at org.apache.ratis.grpc.server.GrpcLogAppender$AppendLogResponseHandler.onCompleted(GrpcLogAppender.java:429)
	at org.apache.ratis.thirdparty.io.grpc.stub.ClientCalls$StreamObserverToCallListenerAdapter.onClose(ClientCalls.java:485)
	at org.apache.ratis.thirdparty.io.grpc.internal.ClientCallImpl.closeObserver(ClientCallImpl.java:563)
	at org.apache.ratis.thirdparty.io.grpc.internal.ClientCallImpl.access$300(ClientCallImpl.java:70)
	at org.apache.ratis.thirdparty.io.grpc.internal.ClientCallImpl$ClientStreamListenerImpl$1StreamClosed.runInternal(ClientCallImpl.java:744)
	at org.apache.ratis.thirdparty.io.grpc.internal.ClientCallImpl$ClientStreamListenerImpl$1StreamClosed.runInContext(ClientCallImpl.java:723)
	at org.apache.ratis.thirdparty.io.grpc.internal.ContextRunnable.run(ContextRunnable.java:37)
	at org.apache.ratis.thirdparty.io.grpc.internal.SerializingExecutor.run(SerializingExecutor.java:133)
	at java.util.concurrent.ThreadPoolExecutor.runWorker(ThreadPoolExecutor.java:1149)
	at java.util.concurrent.ThreadPoolExecutor$Worker.run(ThreadPoolExecutor.java:624)
	at java.lang.Thread.run(Thread.java:750)
2023-09-07 20:32:21,897 [grpc-default-executor-8] INFO  server.GrpcLogAppender (GrpcLogAppender.java:onCompleted(428)) - 114a9516-507d-4df3-bbf0-358fc4f720dd@group-7300A7E366F1->130456cf-e1b1-4e27-8a77-52f3e2c34494-AppendLogResponseHandler: follower responses appendEntries COMPLETED
2023-09-07 20:32:21,897 [grpc-default-executor-7] WARN  server.GrpcLogAppender (GrpcLogAppender.java:resetClient(137)) - a0cd6e17-3b90-4804-ab26-c3914b9665e9@group-BBA626DA395F->114a9516-507d-4df3-bbf0-358fc4f720dd-GrpcLogAppender: Failed to getClient for 114a9516-507d-4df3-bbf0-358fc4f720dd
org.apache.ratis.protocol.exceptions.AlreadyClosedException: a0cd6e17-3b90-4804-ab26-c3914b9665e9 is already CLOSED
	at org.apache.ratis.util.PeerProxyMap$PeerAndProxy.getProxy(PeerProxyMap.java:61)
	at org.apache.ratis.util.PeerProxyMap.getProxy(PeerProxyMap.java:115)
	at org.apache.ratis.grpc.server.GrpcLogAppender.getClient(GrpcLogAppender.java:112)
	at org.apache.ratis.grpc.server.GrpcLogAppender.resetClient(GrpcLogAppender.java:117)
	at org.apache.ratis.grpc.server.GrpcLogAppender.access$500(GrpcLogAppender.java:56)
	at org.apache.ratis.grpc.server.GrpcLogAppender$AppendLogResponseHandler.onCompleted(GrpcLogAppender.java:429)
	at org.apache.ratis.thirdparty.io.grpc.stub.ClientCalls$StreamObserverToCallListenerAdapter.onClose(ClientCalls.java:485)
	at org.apache.ratis.thirdparty.io.grpc.internal.ClientCallImpl.closeObserver(ClientCallImpl.java:563)
	at org.apache.ratis.thirdparty.io.grpc.internal.ClientCallImpl.access$300(ClientCallImpl.java:70)
	at org.apache.ratis.thirdparty.io.grpc.internal.ClientCallImpl$ClientStreamListenerImpl$1StreamClosed.runInternal(ClientCallImpl.java:744)
	at org.apache.ratis.thirdparty.io.grpc.internal.ClientCallImpl$ClientStreamListenerImpl$1StreamClosed.runInContext(ClientCallImpl.java:723)
	at org.apache.ratis.thirdparty.io.grpc.internal.ContextRunnable.run(ContextRunnable.java:37)
	at org.apache.ratis.thirdparty.io.grpc.internal.SerializingExecutor.run(SerializingExecutor.java:133)
	at java.util.concurrent.ThreadPoolExecutor.runWorker(ThreadPoolExecutor.java:1149)
	at java.util.concurrent.ThreadPoolExecutor$Worker.run(ThreadPoolExecutor.java:624)
	at java.lang.Thread.run(Thread.java:750)
2023-09-07 20:32:21,897 [grpc-default-executor-0] WARN  server.GrpcLogAppender (GrpcLogAppender.java:resetClient(137)) - a0cd6e17-3b90-4804-ab26-c3914b9665e9@group-BBA626DA395F->114a9516-507d-4df3-bbf0-358fc4f720dd-GrpcLogAppender: Failed to getClient for 114a9516-507d-4df3-bbf0-358fc4f720dd
org.apache.ratis.protocol.exceptions.AlreadyClosedException: a0cd6e17-3b90-4804-ab26-c3914b9665e9 is already CLOSED
	at org.apache.ratis.util.PeerProxyMap$PeerAndProxy.getProxy(PeerProxyMap.java:61)
	at org.apache.ratis.util.PeerProxyMap.getProxy(PeerProxyMap.java:115)
	at org.apache.ratis.grpc.server.GrpcLogAppender.getClient(GrpcLogAppender.java:112)
	at org.apache.ratis.grpc.server.GrpcLogAppender.resetClient(GrpcLogAppender.java:117)
	at org.apache.ratis.grpc.server.GrpcLogAppender.access$500(GrpcLogAppender.java:56)
	at org.apache.ratis.grpc.server.GrpcLogAppender$AppendLogResponseHandler.onCompleted(GrpcLogAppender.java:429)
	at org.apache.ratis.thirdparty.io.grpc.stub.ClientCalls$StreamObserverToCallListenerAdapter.onClose(ClientCalls.java:485)
	at org.apache.ratis.thirdparty.io.grpc.internal.DelayedClientCall$DelayedListener$3.run(DelayedClientCall.java:471)
	at org.apache.ratis.thirdparty.io.grpc.internal.DelayedClientCall$DelayedListener.delayOrExecute(DelayedClientCall.java:435)
	at org.apache.ratis.thirdparty.io.grpc.internal.DelayedClientCall$DelayedListener.onClose(DelayedClientCall.java:468)
	at org.apache.ratis.thirdparty.io.grpc.internal.ClientCallImpl.closeObserver(ClientCallImpl.java:563)
	at org.apache.ratis.thirdparty.io.grpc.internal.ClientCallImpl.access$300(ClientCallImpl.java:70)
	at org.apache.ratis.thirdparty.io.grpc.internal.ClientCallImpl$ClientStreamListenerImpl$1StreamClosed.runInternal(ClientCallImpl.java:744)
	at org.apache.ratis.thirdparty.io.grpc.internal.ClientCallImpl$ClientStreamListenerImpl$1StreamClosed.runInContext(ClientCallImpl.java:723)
	at org.apache.ratis.thirdparty.io.grpc.internal.ContextRunnable.run(ContextRunnable.java:37)
	at org.apache.ratis.thirdparty.io.grpc.internal.SerializingExecutor.run(SerializingExecutor.java:133)
	at java.util.concurrent.ThreadPoolExecutor.runWorker(ThreadPoolExecutor.java:1149)
	at java.util.concurrent.ThreadPoolExecutor$Worker.run(ThreadPoolExecutor.java:624)
	at java.lang.Thread.run(Thread.java:750)
2023-09-07 20:32:21,898 [grpc-default-executor-9] INFO  server.GrpcLogAppender (GrpcLogAppender.java:onCompleted(428)) - 114a9516-507d-4df3-bbf0-358fc4f720dd@group-7300A7E366F1->130456cf-e1b1-4e27-8a77-52f3e2c34494-AppendLogResponseHandler: follower responses appendEntries COMPLETED
2023-09-07 20:32:21,901 [main] INFO  server.GrpcService (GrpcService.java:closeImpl(320)) - 114a9516-507d-4df3-bbf0-358fc4f720dd: shutdown server org.apache.ratis.grpc.server.GrpcClientProtocolService successfully
2023-09-07 20:32:21,901 [main] INFO  server.GrpcService (GrpcService.java:closeImpl(311)) - 114a9516-507d-4df3-bbf0-358fc4f720dd: shutdown server GrpcServerProtocolService now
2023-09-07 20:32:21,902 [ForkJoinPool.commonPool-worker-2] INFO  server.GrpcService (GrpcService.java:closeImpl(320)) - a0cd6e17-3b90-4804-ab26-c3914b9665e9: shutdown server org.apache.ratis.grpc.server.GrpcClientProtocolService successfully
2023-09-07 20:32:21,902 [ForkJoinPool.commonPool-worker-2] INFO  server.GrpcService (GrpcService.java:closeImpl(311)) - a0cd6e17-3b90-4804-ab26-c3914b9665e9: shutdown server GrpcServerProtocolService now
2023-09-07 20:32:21,902 [ForkJoinPool.commonPool-worker-3] INFO  ozoneimpl.OzoneContainer (OzoneContainer.java:stop(451)) - Attempting to stop container services.
2023-09-07 20:32:21,902 [grpc-default-executor-14] INFO  server.GrpcLogAppender (GrpcLogAppender.java:onCompleted(428)) - a0cd6e17-3b90-4804-ab26-c3914b9665e9@group-BBA626DA395F->130456cf-e1b1-4e27-8a77-52f3e2c34494-AppendLogResponseHandler: follower responses appendEntries COMPLETED
2023-09-07 20:32:21,905 [grpc-default-executor-14] WARN  server.GrpcLogAppender (GrpcLogAppender.java:resetClient(137)) - a0cd6e17-3b90-4804-ab26-c3914b9665e9@group-BBA626DA395F->130456cf-e1b1-4e27-8a77-52f3e2c34494-GrpcLogAppender: Failed to getClient for 130456cf-e1b1-4e27-8a77-52f3e2c34494
org.apache.ratis.protocol.exceptions.AlreadyClosedException: a0cd6e17-3b90-4804-ab26-c3914b9665e9 is already CLOSED
	at org.apache.ratis.util.PeerProxyMap$PeerAndProxy.getProxy(PeerProxyMap.java:61)
	at org.apache.ratis.util.PeerProxyMap.getProxy(PeerProxyMap.java:115)
	at org.apache.ratis.grpc.server.GrpcLogAppender.getClient(GrpcLogAppender.java:112)
	at org.apache.ratis.grpc.server.GrpcLogAppender.resetClient(GrpcLogAppender.java:117)
	at org.apache.ratis.grpc.server.GrpcLogAppender.access$500(GrpcLogAppender.java:56)
	at org.apache.ratis.grpc.server.GrpcLogAppender$AppendLogResponseHandler.onCompleted(GrpcLogAppender.java:429)
	at org.apache.ratis.thirdparty.io.grpc.stub.ClientCalls$StreamObserverToCallListenerAdapter.onClose(ClientCalls.java:485)
	at org.apache.ratis.thirdparty.io.grpc.internal.ClientCallImpl.closeObserver(ClientCallImpl.java:563)
	at org.apache.ratis.thirdparty.io.grpc.internal.ClientCallImpl.access$300(ClientCallImpl.java:70)
	at org.apache.ratis.thirdparty.io.grpc.internal.ClientCallImpl$ClientStreamListenerImpl$1StreamClosed.runInternal(ClientCallImpl.java:744)
	at org.apache.ratis.thirdparty.io.grpc.internal.ClientCallImpl$ClientStreamListenerImpl$1StreamClosed.runInContext(ClientCallImpl.java:723)
	at org.apache.ratis.thirdparty.io.grpc.internal.ContextRunnable.run(ContextRunnable.java:37)
	at org.apache.ratis.thirdparty.io.grpc.internal.SerializingExecutor.run(SerializingExecutor.java:133)
	at java.util.concurrent.ThreadPoolExecutor.runWorker(ThreadPoolExecutor.java:1149)
	at java.util.concurrent.ThreadPoolExecutor$Worker.run(ThreadPoolExecutor.java:624)
	at java.lang.Thread.run(Thread.java:750)
2023-09-07 20:32:21,913 [grpc-default-executor-8] WARN  server.GrpcLogAppender (GrpcLogAppender.java:resetClient(137)) - 114a9516-507d-4df3-bbf0-358fc4f720dd@group-7300A7E366F1->130456cf-e1b1-4e27-8a77-52f3e2c34494-GrpcLogAppender: Failed to getClient for 130456cf-e1b1-4e27-8a77-52f3e2c34494
org.apache.ratis.protocol.exceptions.AlreadyClosedException: 114a9516-507d-4df3-bbf0-358fc4f720dd is already CLOSED
	at org.apache.ratis.util.PeerProxyMap$PeerAndProxy.getProxy(PeerProxyMap.java:61)
	at org.apache.ratis.util.PeerProxyMap.getProxy(PeerProxyMap.java:115)
	at org.apache.ratis.grpc.server.GrpcLogAppender.getClient(GrpcLogAppender.java:112)
	at org.apache.ratis.grpc.server.GrpcLogAppender.resetClient(GrpcLogAppender.java:117)
	at org.apache.ratis.grpc.server.GrpcLogAppender.access$500(GrpcLogAppender.java:56)
	at org.apache.ratis.grpc.server.GrpcLogAppender$AppendLogResponseHandler.onCompleted(GrpcLogAppender.java:429)
	at org.apache.ratis.thirdparty.io.grpc.stub.ClientCalls$StreamObserverToCallListenerAdapter.onClose(ClientCalls.java:485)
	at org.apache.ratis.thirdparty.io.grpc.internal.ClientCallImpl.closeObserver(ClientCallImpl.java:563)
	at org.apache.ratis.thirdparty.io.grpc.internal.ClientCallImpl.access$300(ClientCallImpl.java:70)
	at org.apache.ratis.thirdparty.io.grpc.internal.ClientCallImpl$ClientStreamListenerImpl$1StreamClosed.runInternal(ClientCallImpl.java:744)
	at org.apache.ratis.thirdparty.io.grpc.internal.ClientCallImpl$ClientStreamListenerImpl$1StreamClosed.runInContext(ClientCallImpl.java:723)
	at org.apache.ratis.thirdparty.io.grpc.internal.ContextRunnable.run(ContextRunnable.java:37)
	at org.apache.ratis.thirdparty.io.grpc.internal.SerializingExecutor.run(SerializingExecutor.java:133)
	at java.util.concurrent.ThreadPoolExecutor.runWorker(ThreadPoolExecutor.java:1149)
	at java.util.concurrent.ThreadPoolExecutor$Worker.run(ThreadPoolExecutor.java:624)
	at java.lang.Thread.run(Thread.java:750)
2023-09-07 20:32:21,916 [grpc-default-executor-9] WARN  server.GrpcLogAppender (GrpcLogAppender.java:resetClient(137)) - 114a9516-507d-4df3-bbf0-358fc4f720dd@group-7300A7E366F1->130456cf-e1b1-4e27-8a77-52f3e2c34494-GrpcLogAppender: Failed to getClient for 130456cf-e1b1-4e27-8a77-52f3e2c34494
org.apache.ratis.protocol.exceptions.AlreadyClosedException: 114a9516-507d-4df3-bbf0-358fc4f720dd is already CLOSED
	at org.apache.ratis.util.PeerProxyMap$PeerAndProxy.getProxy(PeerProxyMap.java:61)
	at org.apache.ratis.util.PeerProxyMap.getProxy(PeerProxyMap.java:115)
	at org.apache.ratis.grpc.server.GrpcLogAppender.getClient(GrpcLogAppender.java:112)
	at org.apache.ratis.grpc.server.GrpcLogAppender.resetClient(GrpcLogAppender.java:117)
	at org.apache.ratis.grpc.server.GrpcLogAppender.access$500(GrpcLogAppender.java:56)
	at org.apache.ratis.grpc.server.GrpcLogAppender$AppendLogResponseHandler.onCompleted(GrpcLogAppender.java:429)
	at org.apache.ratis.thirdparty.io.grpc.stub.ClientCalls$StreamObserverToCallListenerAdapter.onClose(ClientCalls.java:485)
	at org.apache.ratis.thirdparty.io.grpc.internal.ClientCallImpl.closeObserver(ClientCallImpl.java:563)
	at org.apache.ratis.thirdparty.io.grpc.internal.ClientCallImpl.access$300(ClientCallImpl.java:70)
	at org.apache.ratis.thirdparty.io.grpc.internal.ClientCallImpl$ClientStreamListenerImpl$1StreamClosed.runInternal(ClientCallImpl.java:744)
	at org.apache.ratis.thirdparty.io.grpc.internal.ClientCallImpl$ClientStreamListenerImpl$1StreamClosed.runInContext(ClientCallImpl.java:723)
	at org.apache.ratis.thirdparty.io.grpc.internal.ContextRunnable.run(ContextRunnable.java:37)
	at org.apache.ratis.thirdparty.io.grpc.internal.SerializingExecutor.run(SerializingExecutor.java:133)
	at java.util.concurrent.ThreadPoolExecutor.runWorker(ThreadPoolExecutor.java:1149)
	at java.util.concurrent.ThreadPoolExecutor$Worker.run(ThreadPoolExecutor.java:624)
	at java.lang.Thread.run(Thread.java:750)
2023-09-07 20:32:21,916 [grpc-default-executor-10] INFO  server.GrpcLogAppender (GrpcLogAppender.java:onCompleted(428)) - a0cd6e17-3b90-4804-ab26-c3914b9665e9@group-BBA626DA395F->130456cf-e1b1-4e27-8a77-52f3e2c34494-AppendLogResponseHandler: follower responses appendEntries COMPLETED
2023-09-07 20:32:21,916 [grpc-default-executor-10] WARN  server.GrpcLogAppender (GrpcLogAppender.java:resetClient(137)) - a0cd6e17-3b90-4804-ab26-c3914b9665e9@group-BBA626DA395F->130456cf-e1b1-4e27-8a77-52f3e2c34494-GrpcLogAppender: Failed to getClient for 130456cf-e1b1-4e27-8a77-52f3e2c34494
org.apache.ratis.protocol.exceptions.AlreadyClosedException: a0cd6e17-3b90-4804-ab26-c3914b9665e9 is already CLOSED
	at org.apache.ratis.util.PeerProxyMap$PeerAndProxy.getProxy(PeerProxyMap.java:61)
	at org.apache.ratis.util.PeerProxyMap.getProxy(PeerProxyMap.java:115)
	at org.apache.ratis.grpc.server.GrpcLogAppender.getClient(GrpcLogAppender.java:112)
	at org.apache.ratis.grpc.server.GrpcLogAppender.resetClient(GrpcLogAppender.java:117)
	at org.apache.ratis.grpc.server.GrpcLogAppender.access$500(GrpcLogAppender.java:56)
	at org.apache.ratis.grpc.server.GrpcLogAppender$AppendLogResponseHandler.onCompleted(GrpcLogAppender.java:429)
	at org.apache.ratis.thirdparty.io.grpc.stub.ClientCalls$StreamObserverToCallListenerAdapter.onClose(ClientCalls.java:485)
	at org.apache.ratis.thirdparty.io.grpc.internal.DelayedClientCall$DelayedListener$3.run(DelayedClientCall.java:471)
	at org.apache.ratis.thirdparty.io.grpc.internal.DelayedClientCall$DelayedListener.delayOrExecute(DelayedClientCall.java:435)
	at org.apache.ratis.thirdparty.io.grpc.internal.DelayedClientCall$DelayedListener.onClose(DelayedClientCall.java:468)
	at org.apache.ratis.thirdparty.io.grpc.internal.ClientCallImpl.closeObserver(ClientCallImpl.java:563)
	at org.apache.ratis.thirdparty.io.grpc.internal.ClientCallImpl.access$300(ClientCallImpl.java:70)
	at org.apache.ratis.thirdparty.io.grpc.internal.ClientCallImpl$ClientStreamListenerImpl$1StreamClosed.runInternal(ClientCallImpl.java:744)
	at org.apache.ratis.thirdparty.io.grpc.internal.ClientCallImpl$ClientStreamListenerImpl$1StreamClosed.runInContext(ClientCallImpl.java:723)
	at org.apache.ratis.thirdparty.io.grpc.internal.ContextRunnable.run(ContextRunnable.java:37)
	at org.apache.ratis.thirdparty.io.grpc.internal.SerializingExecutor.run(SerializingExecutor.java:133)
	at java.util.concurrent.ThreadPoolExecutor.runWorker(ThreadPoolExecutor.java:1149)
	at java.util.concurrent.ThreadPoolExecutor$Worker.run(ThreadPoolExecutor.java:624)
	at java.lang.Thread.run(Thread.java:750)
2023-09-07 20:32:21,917 [grpc-default-executor-1] INFO  server.GrpcLogAppender (GrpcLogAppender.java:onCompleted(428)) - 114a9516-507d-4df3-bbf0-358fc4f720dd@group-7300A7E366F1->a0cd6e17-3b90-4804-ab26-c3914b9665e9-AppendLogResponseHandler: follower responses appendEntries COMPLETED
2023-09-07 20:32:21,917 [grpc-default-executor-1] WARN  server.GrpcLogAppender (GrpcLogAppender.java:resetClient(137)) - 114a9516-507d-4df3-bbf0-358fc4f720dd@group-7300A7E366F1->a0cd6e17-3b90-4804-ab26-c3914b9665e9-GrpcLogAppender: Failed to getClient for a0cd6e17-3b90-4804-ab26-c3914b9665e9
org.apache.ratis.protocol.exceptions.AlreadyClosedException: 114a9516-507d-4df3-bbf0-358fc4f720dd is already CLOSED
	at org.apache.ratis.util.PeerProxyMap$PeerAndProxy.getProxy(PeerProxyMap.java:61)
	at org.apache.ratis.util.PeerProxyMap.getProxy(PeerProxyMap.java:115)
	at org.apache.ratis.grpc.server.GrpcLogAppender.getClient(GrpcLogAppender.java:112)
	at org.apache.ratis.grpc.server.GrpcLogAppender.resetClient(GrpcLogAppender.java:117)
	at org.apache.ratis.grpc.server.GrpcLogAppender.access$500(GrpcLogAppender.java:56)
	at org.apache.ratis.grpc.server.GrpcLogAppender$AppendLogResponseHandler.onCompleted(GrpcLogAppender.java:429)
	at org.apache.ratis.thirdparty.io.grpc.stub.ClientCalls$StreamObserverToCallListenerAdapter.onClose(ClientCalls.java:485)
	at org.apache.ratis.thirdparty.io.grpc.internal.DelayedClientCall$DelayedListener$3.run(DelayedClientCall.java:471)
	at org.apache.ratis.thirdparty.io.grpc.internal.DelayedClientCall$DelayedListener.delayOrExecute(DelayedClientCall.java:435)
	at org.apache.ratis.thirdparty.io.grpc.internal.DelayedClientCall$DelayedListener.onClose(DelayedClientCall.java:468)
	at org.apache.ratis.thirdparty.io.grpc.internal.ClientCallImpl.closeObserver(ClientCallImpl.java:563)
	at org.apache.ratis.thirdparty.io.grpc.internal.ClientCallImpl.access$300(ClientCallImpl.java:70)
	at org.apache.ratis.thirdparty.io.grpc.internal.ClientCallImpl$ClientStreamListenerImpl$1StreamClosed.runInternal(ClientCallImpl.java:744)
	at org.apache.ratis.thirdparty.io.grpc.internal.ClientCallImpl$ClientStreamListenerImpl$1StreamClosed.runInContext(ClientCallImpl.java:723)
	at org.apache.ratis.thirdparty.io.grpc.internal.ContextRunnable.run(ContextRunnable.java:37)
	at org.apache.ratis.thirdparty.io.grpc.internal.SerializingExecutor.run(SerializingExecutor.java:133)
	at java.util.concurrent.ThreadPoolExecutor.runWorker(ThreadPoolExecutor.java:1149)
	at java.util.concurrent.ThreadPoolExecutor$Worker.run(ThreadPoolExecutor.java:624)
	at java.lang.Thread.run(Thread.java:750)
2023-09-07 20:32:21,927 [main] INFO  server.GrpcService (GrpcService.java:closeImpl(320)) - 114a9516-507d-4df3-bbf0-358fc4f720dd: shutdown server GrpcServerProtocolService successfully
2023-09-07 20:32:21,927 [main] INFO  server.GrpcService (GrpcService.java:closeImpl(311)) - 114a9516-507d-4df3-bbf0-358fc4f720dd: shutdown server org.apache.ratis.grpc.server.GrpcAdminProtocolService now
2023-09-07 20:32:21,934 [ForkJoinPool.commonPool-worker-2] INFO  server.GrpcService (GrpcService.java:closeImpl(320)) - a0cd6e17-3b90-4804-ab26-c3914b9665e9: shutdown server GrpcServerProtocolService successfully
2023-09-07 20:32:21,934 [ForkJoinPool.commonPool-worker-2] INFO  server.GrpcService (GrpcService.java:closeImpl(311)) - a0cd6e17-3b90-4804-ab26-c3914b9665e9: shutdown server org.apache.ratis.grpc.server.GrpcAdminProtocolService now
2023-09-07 20:32:21,938 [ForkJoinPool.commonPool-worker-3] INFO  server.RaftServer (RaftServerProxy.java:lambda$close$6(416)) - 130456cf-e1b1-4e27-8a77-52f3e2c34494: close
2023-09-07 20:32:21,939 [130456cf-e1b1-4e27-8a77-52f3e2c34494-impl-thread2] INFO  server.RaftServer$Division (RaftServerImpl.java:lambda$close$4(466)) - 130456cf-e1b1-4e27-8a77-52f3e2c34494@group-BBA626DA395F: shutdown
2023-09-07 20:32:21,939 [130456cf-e1b1-4e27-8a77-52f3e2c34494-impl-thread3] INFO  server.RaftServer$Division (RaftServerImpl.java:lambda$close$4(466)) - 130456cf-e1b1-4e27-8a77-52f3e2c34494@group-1748BA932372: shutdown
2023-09-07 20:32:21,939 [ForkJoinPool.commonPool-worker-3] INFO  server.GrpcService (GrpcService.java:closeImpl(311)) - 130456cf-e1b1-4e27-8a77-52f3e2c34494: shutdown server org.apache.ratis.grpc.server.GrpcClientProtocolService now
2023-09-07 20:32:21,939 [130456cf-e1b1-4e27-8a77-52f3e2c34494-impl-thread2] INFO  util.JmxRegister (JmxRegister.java:unregister(73)) - Successfully un-registered JMX Bean with object name Ratis:service=RaftServer,group=group-BBA626DA395F,id=130456cf-e1b1-4e27-8a77-52f3e2c34494
2023-09-07 20:32:21,939 [130456cf-e1b1-4e27-8a77-52f3e2c34494-impl-thread4] INFO  server.RaftServer$Division (RaftServerImpl.java:lambda$close$4(466)) - 130456cf-e1b1-4e27-8a77-52f3e2c34494@group-7300A7E366F1: shutdown
2023-09-07 20:32:21,940 [130456cf-e1b1-4e27-8a77-52f3e2c34494-impl-thread3] INFO  util.JmxRegister (JmxRegister.java:unregister(73)) - Successfully un-registered JMX Bean with object name Ratis:service=RaftServer,group=group-1748BA932372,id=130456cf-e1b1-4e27-8a77-52f3e2c34494
2023-09-07 20:32:21,940 [130456cf-e1b1-4e27-8a77-52f3e2c34494-impl-thread3] INFO  impl.RoleInfo (RoleInfo.java:shutdownLeaderState(93)) - 130456cf-e1b1-4e27-8a77-52f3e2c34494: shutdown 130456cf-e1b1-4e27-8a77-52f3e2c34494@group-1748BA932372-LeaderStateImpl
2023-09-07 20:32:21,940 [130456cf-e1b1-4e27-8a77-52f3e2c34494-impl-thread4] INFO  util.JmxRegister (JmxRegister.java:unregister(73)) - Successfully un-registered JMX Bean with object name Ratis:service=RaftServer,group=group-7300A7E366F1,id=130456cf-e1b1-4e27-8a77-52f3e2c34494
2023-09-07 20:32:21,940 [130456cf-e1b1-4e27-8a77-52f3e2c34494-impl-thread3] INFO  impl.PendingRequests (PendingRequests.java:sendNotLeaderResponses(289)) - 130456cf-e1b1-4e27-8a77-52f3e2c34494@group-1748BA932372-PendingRequests: sendNotLeaderResponses
2023-09-07 20:32:21,940 [130456cf-e1b1-4e27-8a77-52f3e2c34494-impl-thread2] INFO  impl.RoleInfo (RoleInfo.java:shutdownFollowerState(110)) - 130456cf-e1b1-4e27-8a77-52f3e2c34494: shutdown 130456cf-e1b1-4e27-8a77-52f3e2c34494@group-BBA626DA395F-FollowerState
2023-09-07 20:32:21,940 [130456cf-e1b1-4e27-8a77-52f3e2c34494-impl-thread4] INFO  impl.RoleInfo (RoleInfo.java:shutdownFollowerState(110)) - 130456cf-e1b1-4e27-8a77-52f3e2c34494: shutdown 130456cf-e1b1-4e27-8a77-52f3e2c34494@group-7300A7E366F1-FollowerState
2023-09-07 20:32:21,940 [130456cf-e1b1-4e27-8a77-52f3e2c34494@group-1748BA932372-StateMachineUpdater] INFO  ratis.ContainerStateMachine (ContainerStateMachine.java:takeSnapshot(330)) - group-1748BA932372: Taking a snapshot at:(t:1, i:0) file /home/runner/work/ozone/ozone/hadoop-ozone/integration-test/target/test-dir/MiniOzoneClusterImpl-7c3c5bdb-9f31-4157-923c-74528274ab7c/datanode-0/data/ratis/37521e68-33a0-4c40-93a6-1748ba932372/sm/snapshot.1_0
2023-09-07 20:32:21,941 [130456cf-e1b1-4e27-8a77-52f3e2c34494-impl-thread3] INFO  impl.StateMachineUpdater (StateMachineUpdater.java:stopAndJoin(155)) - 130456cf-e1b1-4e27-8a77-52f3e2c34494@group-1748BA932372-StateMachineUpdater: set stopIndex = 0
2023-09-07 20:32:21,942 [130456cf-e1b1-4e27-8a77-52f3e2c34494@group-1748BA932372-StateMachineUpdater] INFO  ratis.ContainerStateMachine (ContainerStateMachine.java:takeSnapshot(341)) - group-1748BA932372: Finished taking a snapshot at:(t:1, i:0) file:/home/runner/work/ozone/ozone/hadoop-ozone/integration-test/target/test-dir/MiniOzoneClusterImpl-7c3c5bdb-9f31-4157-923c-74528274ab7c/datanode-0/data/ratis/37521e68-33a0-4c40-93a6-1748ba932372/sm/snapshot.1_0 took: 1 ms
2023-09-07 20:32:21,942 [130456cf-e1b1-4e27-8a77-52f3e2c34494@group-1748BA932372-StateMachineUpdater] INFO  impl.StateMachineUpdater (StateMachineUpdater.java:takeSnapshot(291)) - 130456cf-e1b1-4e27-8a77-52f3e2c34494@group-1748BA932372-StateMachineUpdater: Took a snapshot at index 0
2023-09-07 20:32:21,942 [130456cf-e1b1-4e27-8a77-52f3e2c34494@group-1748BA932372-StateMachineUpdater] INFO  impl.StateMachineUpdater (StateMachineUpdater.java:lambda$new$0(97)) - 130456cf-e1b1-4e27-8a77-52f3e2c34494@group-1748BA932372-StateMachineUpdater: snapshotIndex: updateIncreasingly -1 -> 0
2023-09-07 20:32:21,942 [130456cf-e1b1-4e27-8a77-52f3e2c34494-impl-thread3] INFO  server.RaftServer$Division (ServerState.java:close(472)) - 130456cf-e1b1-4e27-8a77-52f3e2c34494@group-1748BA932372: closes. applyIndex: 0
2023-09-07 20:32:21,943 [main] INFO  server.GrpcService (GrpcService.java:closeImpl(320)) - 114a9516-507d-4df3-bbf0-358fc4f720dd: shutdown server org.apache.ratis.grpc.server.GrpcAdminProtocolService successfully
2023-09-07 20:32:21,944 [114a9516-507d-4df3-bbf0-358fc4f720dd-NettyServerStreamRpc-bossGroup--thread1] INFO  logging.LoggingHandler (AbstractInternalLogger.java:log(148)) - [id: 0x7d5a3a67, L:/0:0:0:0:0:0:0:0:15139] CLOSE
2023-09-07 20:32:21,944 [114a9516-507d-4df3-bbf0-358fc4f720dd-NettyServerStreamRpc-bossGroup--thread1] INFO  logging.LoggingHandler (AbstractInternalLogger.java:log(148)) - [id: 0x7d5a3a67, L:/0:0:0:0:0:0:0:0:15139] INACTIVE
2023-09-07 20:32:21,944 [114a9516-507d-4df3-bbf0-358fc4f720dd-NettyServerStreamRpc-bossGroup--thread1] INFO  logging.LoggingHandler (AbstractInternalLogger.java:log(148)) - [id: 0x7d5a3a67, L:/0:0:0:0:0:0:0:0:15139] UNREGISTERED
2023-09-07 20:32:21,947 [ForkJoinPool.commonPool-worker-2] INFO  server.GrpcService (GrpcService.java:closeImpl(320)) - a0cd6e17-3b90-4804-ab26-c3914b9665e9: shutdown server org.apache.ratis.grpc.server.GrpcAdminProtocolService successfully
2023-09-07 20:32:21,947 [a0cd6e17-3b90-4804-ab26-c3914b9665e9-NettyServerStreamRpc-bossGroup--thread1] INFO  logging.LoggingHandler (AbstractInternalLogger.java:log(148)) - [id: 0x57d2e7a0, L:/0:0:0:0:0:0:0:0:15130] CLOSE
2023-09-07 20:32:21,947 [a0cd6e17-3b90-4804-ab26-c3914b9665e9-NettyServerStreamRpc-bossGroup--thread1] INFO  logging.LoggingHandler (AbstractInternalLogger.java:log(148)) - [id: 0x57d2e7a0, L:/0:0:0:0:0:0:0:0:15130] INACTIVE
2023-09-07 20:32:21,947 [a0cd6e17-3b90-4804-ab26-c3914b9665e9-NettyServerStreamRpc-bossGroup--thread1] INFO  logging.LoggingHandler (AbstractInternalLogger.java:log(148)) - [id: 0x57d2e7a0, L:/0:0:0:0:0:0:0:0:15130] UNREGISTERED
2023-09-07 20:32:21,954 [130456cf-e1b1-4e27-8a77-52f3e2c34494-impl-thread4] INFO  impl.StateMachineUpdater (StateMachineUpdater.java:stopAndJoin(155)) - 130456cf-e1b1-4e27-8a77-52f3e2c34494@group-7300A7E366F1-StateMachineUpdater: set stopIndex = 6
2023-09-07 20:32:21,954 [130456cf-e1b1-4e27-8a77-52f3e2c34494@group-7300A7E366F1-FollowerState] INFO  impl.FollowerState (FollowerState.java:run(152)) - 130456cf-e1b1-4e27-8a77-52f3e2c34494@group-7300A7E366F1-FollowerState was interrupted
2023-09-07 20:32:21,954 [130456cf-e1b1-4e27-8a77-52f3e2c34494-impl-thread2] INFO  impl.StateMachineUpdater (StateMachineUpdater.java:stopAndJoin(155)) - 130456cf-e1b1-4e27-8a77-52f3e2c34494@group-BBA626DA395F-StateMachineUpdater: set stopIndex = 22
2023-09-07 20:32:21,955 [130456cf-e1b1-4e27-8a77-52f3e2c34494@group-7300A7E366F1-StateMachineUpdater] INFO  ratis.ContainerStateMachine (ContainerStateMachine.java:takeSnapshot(330)) - group-7300A7E366F1: Taking a snapshot at:(t:1, i:6) file /home/runner/work/ozone/ozone/hadoop-ozone/integration-test/target/test-dir/MiniOzoneClusterImpl-7c3c5bdb-9f31-4157-923c-74528274ab7c/datanode-0/data/ratis/04b25058-46e3-42ed-aa21-7300a7e366f1/sm/snapshot.1_6
2023-09-07 20:32:21,959 [Thread-1693] INFO  server.GrpcServerProtocolClient (GrpcServerProtocolClient.java:close(103)) - a0cd6e17-3b90-4804-ab26-c3914b9665e9 Close channels
2023-09-07 20:32:21,959 [130456cf-e1b1-4e27-8a77-52f3e2c34494@group-BBA626DA395F-FollowerState] INFO  impl.FollowerState (FollowerState.java:run(152)) - 130456cf-e1b1-4e27-8a77-52f3e2c34494@group-BBA626DA395F-FollowerState was interrupted
2023-09-07 20:32:21,959 [130456cf-e1b1-4e27-8a77-52f3e2c34494@group-BBA626DA395F-StateMachineUpdater] INFO  ratis.ContainerStateMachine (ContainerStateMachine.java:takeSnapshot(330)) - group-BBA626DA395F: Taking a snapshot at:(t:1, i:22) file /home/runner/work/ozone/ozone/hadoop-ozone/integration-test/target/test-dir/MiniOzoneClusterImpl-7c3c5bdb-9f31-4157-923c-74528274ab7c/datanode-0/data/ratis/ff2a7f36-9fc5-4f31-a8fa-bba626da395f/sm/snapshot.1_22
2023-09-07 20:32:21,959 [Thread-1704] INFO  server.GrpcServerProtocolClient (GrpcServerProtocolClient.java:close(103)) - 114a9516-507d-4df3-bbf0-358fc4f720dd Close channels
2023-09-07 20:32:21,961 [130456cf-e1b1-4e27-8a77-52f3e2c34494@group-7300A7E366F1-StateMachineUpdater] INFO  ratis.ContainerStateMachine (ContainerStateMachine.java:takeSnapshot(341)) - group-7300A7E366F1: Finished taking a snapshot at:(t:1, i:6) file:/home/runner/work/ozone/ozone/hadoop-ozone/integration-test/target/test-dir/MiniOzoneClusterImpl-7c3c5bdb-9f31-4157-923c-74528274ab7c/datanode-0/data/ratis/04b25058-46e3-42ed-aa21-7300a7e366f1/sm/snapshot.1_6 took: 6 ms
2023-09-07 20:32:21,961 [130456cf-e1b1-4e27-8a77-52f3e2c34494@group-7300A7E366F1-StateMachineUpdater] INFO  impl.StateMachineUpdater (StateMachineUpdater.java:takeSnapshot(291)) - 130456cf-e1b1-4e27-8a77-52f3e2c34494@group-7300A7E366F1-StateMachineUpdater: Took a snapshot at index 6
2023-09-07 20:32:21,961 [130456cf-e1b1-4e27-8a77-52f3e2c34494@group-7300A7E366F1-StateMachineUpdater] INFO  impl.StateMachineUpdater (StateMachineUpdater.java:lambda$new$0(97)) - 130456cf-e1b1-4e27-8a77-52f3e2c34494@group-7300A7E366F1-StateMachineUpdater: snapshotIndex: updateIncreasingly -1 -> 6
2023-09-07 20:32:21,976 [ForkJoinPool.commonPool-worker-3] INFO  server.GrpcService (GrpcService.java:closeImpl(320)) - 130456cf-e1b1-4e27-8a77-52f3e2c34494: shutdown server org.apache.ratis.grpc.server.GrpcClientProtocolService successfully
2023-09-07 20:32:21,976 [ForkJoinPool.commonPool-worker-3] INFO  server.GrpcService (GrpcService.java:closeImpl(311)) - 130456cf-e1b1-4e27-8a77-52f3e2c34494: shutdown server GrpcServerProtocolService now
2023-09-07 20:32:21,984 [130456cf-e1b1-4e27-8a77-52f3e2c34494@group-BBA626DA395F-StateMachineUpdater] INFO  ratis.ContainerStateMachine (ContainerStateMachine.java:takeSnapshot(341)) - group-BBA626DA395F: Finished taking a snapshot at:(t:1, i:22) file:/home/runner/work/ozone/ozone/hadoop-ozone/integration-test/target/test-dir/MiniOzoneClusterImpl-7c3c5bdb-9f31-4157-923c-74528274ab7c/datanode-0/data/ratis/ff2a7f36-9fc5-4f31-a8fa-bba626da395f/sm/snapshot.1_22 took: 24 ms
2023-09-07 20:32:21,984 [130456cf-e1b1-4e27-8a77-52f3e2c34494@group-BBA626DA395F-StateMachineUpdater] INFO  impl.StateMachineUpdater (StateMachineUpdater.java:takeSnapshot(291)) - 130456cf-e1b1-4e27-8a77-52f3e2c34494@group-BBA626DA395F-StateMachineUpdater: Took a snapshot at index 22
2023-09-07 20:32:21,984 [130456cf-e1b1-4e27-8a77-52f3e2c34494@group-BBA626DA395F-StateMachineUpdater] INFO  impl.StateMachineUpdater (StateMachineUpdater.java:lambda$new$0(97)) - 130456cf-e1b1-4e27-8a77-52f3e2c34494@group-BBA626DA395F-StateMachineUpdater: snapshotIndex: updateIncreasingly -1 -> 22
2023-09-07 20:32:21,985 [130456cf-e1b1-4e27-8a77-52f3e2c34494-impl-thread4] INFO  server.RaftServer$Division (ServerState.java:close(472)) - 130456cf-e1b1-4e27-8a77-52f3e2c34494@group-7300A7E366F1: closes. applyIndex: 6
2023-09-07 20:32:21,991 [ForkJoinPool.commonPool-worker-3] INFO  server.GrpcService (GrpcService.java:closeImpl(320)) - 130456cf-e1b1-4e27-8a77-52f3e2c34494: shutdown server GrpcServerProtocolService successfully
2023-09-07 20:32:21,991 [ForkJoinPool.commonPool-worker-3] INFO  server.GrpcService (GrpcService.java:closeImpl(311)) - 130456cf-e1b1-4e27-8a77-52f3e2c34494: shutdown server org.apache.ratis.grpc.server.GrpcAdminProtocolService now
2023-09-07 20:32:21,996 [130456cf-e1b1-4e27-8a77-52f3e2c34494-impl-thread2] INFO  server.RaftServer$Division (ServerState.java:close(472)) - 130456cf-e1b1-4e27-8a77-52f3e2c34494@group-BBA626DA395F: closes. applyIndex: 22
2023-09-07 20:32:22,003 [ForkJoinPool.commonPool-worker-3] INFO  server.GrpcService (GrpcService.java:closeImpl(320)) - 130456cf-e1b1-4e27-8a77-52f3e2c34494: shutdown server org.apache.ratis.grpc.server.GrpcAdminProtocolService successfully
2023-09-07 20:32:22,004 [130456cf-e1b1-4e27-8a77-52f3e2c34494-NettyServerStreamRpc-bossGroup--thread1] INFO  logging.LoggingHandler (AbstractInternalLogger.java:log(148)) - [id: 0xadde5a98, L:/0:0:0:0:0:0:0:0:15121] CLOSE
2023-09-07 20:32:22,004 [130456cf-e1b1-4e27-8a77-52f3e2c34494-NettyServerStreamRpc-bossGroup--thread1] INFO  logging.LoggingHandler (AbstractInternalLogger.java:log(148)) - [id: 0xadde5a98, L:/0:0:0:0:0:0:0:0:15121] INACTIVE
2023-09-07 20:32:22,005 [130456cf-e1b1-4e27-8a77-52f3e2c34494-NettyServerStreamRpc-bossGroup--thread1] INFO  logging.LoggingHandler (AbstractInternalLogger.java:log(148)) - [id: 0xadde5a98, L:/0:0:0:0:0:0:0:0:15121] UNREGISTERED
2023-09-07 20:32:22,025 [ForkJoinPool.commonPool-worker-0] INFO  ozoneimpl.OzoneContainer (OzoneContainer.java:stop(451)) - Attempting to stop container services.
2023-09-07 20:32:22,026 [ForkJoinPool.commonPool-worker-0] INFO  server.RaftServer (RaftServerProxy.java:lambda$close$6(416)) - 29027832-24ec-44d8-841f-3a3b218b56da: close
2023-09-07 20:32:22,026 [ForkJoinPool.commonPool-worker-0] INFO  server.GrpcService (GrpcService.java:closeImpl(311)) - 29027832-24ec-44d8-841f-3a3b218b56da: shutdown server org.apache.ratis.grpc.server.GrpcClientProtocolService now
2023-09-07 20:32:22,027 [29027832-24ec-44d8-841f-3a3b218b56da-impl-thread2] INFO  server.RaftServer$Division (RaftServerImpl.java:lambda$close$4(466)) - 29027832-24ec-44d8-841f-3a3b218b56da@group-2BFB7C9CA018: shutdown
2023-09-07 20:32:22,027 [29027832-24ec-44d8-841f-3a3b218b56da-impl-thread2] INFO  util.JmxRegister (JmxRegister.java:unregister(73)) - Successfully un-registered JMX Bean with object name Ratis:service=RaftServer,group=group-2BFB7C9CA018,id=29027832-24ec-44d8-841f-3a3b218b56da
2023-09-07 20:32:22,027 [29027832-24ec-44d8-841f-3a3b218b56da-impl-thread2] INFO  impl.RoleInfo (RoleInfo.java:shutdownLeaderState(93)) - 29027832-24ec-44d8-841f-3a3b218b56da: shutdown 29027832-24ec-44d8-841f-3a3b218b56da@group-2BFB7C9CA018-LeaderStateImpl
2023-09-07 20:32:22,027 [29027832-24ec-44d8-841f-3a3b218b56da-impl-thread2] INFO  impl.PendingRequests (PendingRequests.java:sendNotLeaderResponses(289)) - 29027832-24ec-44d8-841f-3a3b218b56da@group-2BFB7C9CA018-PendingRequests: sendNotLeaderResponses
2023-09-07 20:32:22,027 [29027832-24ec-44d8-841f-3a3b218b56da-impl-thread2] INFO  impl.StateMachineUpdater (StateMachineUpdater.java:stopAndJoin(155)) - 29027832-24ec-44d8-841f-3a3b218b56da@group-2BFB7C9CA018-StateMachineUpdater: set stopIndex = 0
2023-09-07 20:32:22,027 [29027832-24ec-44d8-841f-3a3b218b56da@group-2BFB7C9CA018-StateMachineUpdater] INFO  ratis.ContainerStateMachine (ContainerStateMachine.java:takeSnapshot(330)) - group-2BFB7C9CA018: Taking a snapshot at:(t:1, i:0) file /home/runner/work/ozone/ozone/hadoop-ozone/integration-test/target/test-dir/MiniOzoneClusterImpl-7c3c5bdb-9f31-4157-923c-74528274ab7c/datanode-4/data/ratis/28f9708f-c77f-405d-a6f5-2bfb7c9ca018/sm/snapshot.1_0
2023-09-07 20:32:22,028 [ForkJoinPool.commonPool-worker-0] INFO  server.GrpcService (GrpcService.java:closeImpl(320)) - 29027832-24ec-44d8-841f-3a3b218b56da: shutdown server org.apache.ratis.grpc.server.GrpcClientProtocolService successfully
2023-09-07 20:32:22,028 [ForkJoinPool.commonPool-worker-0] INFO  server.GrpcService (GrpcService.java:closeImpl(311)) - 29027832-24ec-44d8-841f-3a3b218b56da: shutdown server GrpcServerProtocolService now
2023-09-07 20:32:22,028 [29027832-24ec-44d8-841f-3a3b218b56da@group-2BFB7C9CA018-StateMachineUpdater] INFO  ratis.ContainerStateMachine (ContainerStateMachine.java:takeSnapshot(341)) - group-2BFB7C9CA018: Finished taking a snapshot at:(t:1, i:0) file:/home/runner/work/ozone/ozone/hadoop-ozone/integration-test/target/test-dir/MiniOzoneClusterImpl-7c3c5bdb-9f31-4157-923c-74528274ab7c/datanode-4/data/ratis/28f9708f-c77f-405d-a6f5-2bfb7c9ca018/sm/snapshot.1_0 took: 1 ms
2023-09-07 20:32:22,032 [29027832-24ec-44d8-841f-3a3b218b56da@group-2BFB7C9CA018-StateMachineUpdater] INFO  impl.StateMachineUpdater (StateMachineUpdater.java:takeSnapshot(291)) - 29027832-24ec-44d8-841f-3a3b218b56da@group-2BFB7C9CA018-StateMachineUpdater: Took a snapshot at index 0
2023-09-07 20:32:22,032 [29027832-24ec-44d8-841f-3a3b218b56da@group-2BFB7C9CA018-StateMachineUpdater] INFO  impl.StateMachineUpdater (StateMachineUpdater.java:lambda$new$0(97)) - 29027832-24ec-44d8-841f-3a3b218b56da@group-2BFB7C9CA018-StateMachineUpdater: snapshotIndex: updateIncreasingly -1 -> 0
2023-09-07 20:32:22,033 [29027832-24ec-44d8-841f-3a3b218b56da-impl-thread2] INFO  server.RaftServer$Division (ServerState.java:close(472)) - 29027832-24ec-44d8-841f-3a3b218b56da@group-2BFB7C9CA018: closes. applyIndex: 0
2023-09-07 20:32:22,037 [ForkJoinPool.commonPool-worker-0] INFO  server.GrpcService (GrpcService.java:closeImpl(320)) - 29027832-24ec-44d8-841f-3a3b218b56da: shutdown server GrpcServerProtocolService successfully
2023-09-07 20:32:22,037 [ForkJoinPool.commonPool-worker-0] INFO  server.GrpcService (GrpcService.java:closeImpl(311)) - 29027832-24ec-44d8-841f-3a3b218b56da: shutdown server org.apache.ratis.grpc.server.GrpcAdminProtocolService now
2023-09-07 20:32:22,038 [ForkJoinPool.commonPool-worker-1] INFO  ozoneimpl.OzoneContainer (OzoneContainer.java:stop(451)) - Attempting to stop container services.
2023-09-07 20:32:22,040 [ForkJoinPool.commonPool-worker-1] INFO  server.RaftServer (RaftServerProxy.java:lambda$close$6(416)) - 030e9783-811e-46a4-8bf6-f2375cfbdf83: close
2023-09-07 20:32:22,041 [ForkJoinPool.commonPool-worker-0] INFO  server.GrpcService (GrpcService.java:closeImpl(320)) - 29027832-24ec-44d8-841f-3a3b218b56da: shutdown server org.apache.ratis.grpc.server.GrpcAdminProtocolService successfully
2023-09-07 20:32:22,042 [29027832-24ec-44d8-841f-3a3b218b56da-NettyServerStreamRpc-bossGroup--thread1] INFO  logging.LoggingHandler (AbstractInternalLogger.java:log(148)) - [id: 0x6311679e, L:/0:0:0:0:0:0:0:0:15157] CLOSE
2023-09-07 20:32:22,042 [29027832-24ec-44d8-841f-3a3b218b56da-NettyServerStreamRpc-bossGroup--thread1] INFO  logging.LoggingHandler (AbstractInternalLogger.java:log(148)) - [id: 0x6311679e, L:/0:0:0:0:0:0:0:0:15157] INACTIVE
2023-09-07 20:32:22,042 [29027832-24ec-44d8-841f-3a3b218b56da-NettyServerStreamRpc-bossGroup--thread1] INFO  logging.LoggingHandler (AbstractInternalLogger.java:log(148)) - [id: 0x6311679e, L:/0:0:0:0:0:0:0:0:15157] UNREGISTERED
2023-09-07 20:32:22,042 [ForkJoinPool.commonPool-worker-1] INFO  server.GrpcService (GrpcService.java:closeImpl(311)) - 030e9783-811e-46a4-8bf6-f2375cfbdf83: shutdown server org.apache.ratis.grpc.server.GrpcClientProtocolService now
2023-09-07 20:32:22,052 [ForkJoinPool.commonPool-worker-1] INFO  server.GrpcService (GrpcService.java:closeImpl(320)) - 030e9783-811e-46a4-8bf6-f2375cfbdf83: shutdown server org.apache.ratis.grpc.server.GrpcClientProtocolService successfully
2023-09-07 20:32:22,052 [ForkJoinPool.commonPool-worker-1] INFO  server.GrpcService (GrpcService.java:closeImpl(311)) - 030e9783-811e-46a4-8bf6-f2375cfbdf83: shutdown server GrpcServerProtocolService now
2023-09-07 20:32:22,056 [030e9783-811e-46a4-8bf6-f2375cfbdf83-impl-thread2] INFO  server.RaftServer$Division (RaftServerImpl.java:lambda$close$4(466)) - 030e9783-811e-46a4-8bf6-f2375cfbdf83@group-BA6B8BD27B8B: shutdown
2023-09-07 20:32:22,056 [030e9783-811e-46a4-8bf6-f2375cfbdf83-impl-thread2] INFO  util.JmxRegister (JmxRegister.java:unregister(73)) - Successfully un-registered JMX Bean with object name Ratis:service=RaftServer,group=group-BA6B8BD27B8B,id=030e9783-811e-46a4-8bf6-f2375cfbdf83
2023-09-07 20:32:22,057 [030e9783-811e-46a4-8bf6-f2375cfbdf83-impl-thread2] INFO  impl.RoleInfo (RoleInfo.java:shutdownLeaderState(93)) - 030e9783-811e-46a4-8bf6-f2375cfbdf83: shutdown 030e9783-811e-46a4-8bf6-f2375cfbdf83@group-BA6B8BD27B8B-LeaderStateImpl
2023-09-07 20:32:22,057 [030e9783-811e-46a4-8bf6-f2375cfbdf83-impl-thread2] INFO  impl.PendingRequests (PendingRequests.java:sendNotLeaderResponses(289)) - 030e9783-811e-46a4-8bf6-f2375cfbdf83@group-BA6B8BD27B8B-PendingRequests: sendNotLeaderResponses
2023-09-07 20:32:22,058 [030e9783-811e-46a4-8bf6-f2375cfbdf83-impl-thread2] INFO  impl.StateMachineUpdater (StateMachineUpdater.java:stopAndJoin(155)) - 030e9783-811e-46a4-8bf6-f2375cfbdf83@group-BA6B8BD27B8B-StateMachineUpdater: set stopIndex = 0
2023-09-07 20:32:22,058 [030e9783-811e-46a4-8bf6-f2375cfbdf83@group-BA6B8BD27B8B-StateMachineUpdater] INFO  ratis.ContainerStateMachine (ContainerStateMachine.java:takeSnapshot(330)) - group-BA6B8BD27B8B: Taking a snapshot at:(t:1, i:0) file /home/runner/work/ozone/ozone/hadoop-ozone/integration-test/target/test-dir/MiniOzoneClusterImpl-7c3c5bdb-9f31-4157-923c-74528274ab7c/datanode-3/data/ratis/6fb40b8b-e41c-44ac-8a44-ba6b8bd27b8b/sm/snapshot.1_0
2023-09-07 20:32:22,058 [ForkJoinPool.commonPool-worker-1] INFO  server.GrpcService (GrpcService.java:closeImpl(320)) - 030e9783-811e-46a4-8bf6-f2375cfbdf83: shutdown server GrpcServerProtocolService successfully
2023-09-07 20:32:22,058 [ForkJoinPool.commonPool-worker-1] INFO  server.GrpcService (GrpcService.java:closeImpl(311)) - 030e9783-811e-46a4-8bf6-f2375cfbdf83: shutdown server org.apache.ratis.grpc.server.GrpcAdminProtocolService now
2023-09-07 20:32:22,059 [030e9783-811e-46a4-8bf6-f2375cfbdf83@group-BA6B8BD27B8B-StateMachineUpdater] INFO  ratis.ContainerStateMachine (ContainerStateMachine.java:takeSnapshot(341)) - group-BA6B8BD27B8B: Finished taking a snapshot at:(t:1, i:0) file:/home/runner/work/ozone/ozone/hadoop-ozone/integration-test/target/test-dir/MiniOzoneClusterImpl-7c3c5bdb-9f31-4157-923c-74528274ab7c/datanode-3/data/ratis/6fb40b8b-e41c-44ac-8a44-ba6b8bd27b8b/sm/snapshot.1_0 took: 2 ms
2023-09-07 20:32:22,059 [030e9783-811e-46a4-8bf6-f2375cfbdf83@group-BA6B8BD27B8B-StateMachineUpdater] INFO  impl.StateMachineUpdater (StateMachineUpdater.java:takeSnapshot(291)) - 030e9783-811e-46a4-8bf6-f2375cfbdf83@group-BA6B8BD27B8B-StateMachineUpdater: Took a snapshot at index 0
2023-09-07 20:32:22,059 [030e9783-811e-46a4-8bf6-f2375cfbdf83@group-BA6B8BD27B8B-StateMachineUpdater] INFO  impl.StateMachineUpdater (StateMachineUpdater.java:lambda$new$0(97)) - 030e9783-811e-46a4-8bf6-f2375cfbdf83@group-BA6B8BD27B8B-StateMachineUpdater: snapshotIndex: updateIncreasingly -1 -> 0
2023-09-07 20:32:22,060 [030e9783-811e-46a4-8bf6-f2375cfbdf83-impl-thread2] INFO  server.RaftServer$Division (ServerState.java:close(472)) - 030e9783-811e-46a4-8bf6-f2375cfbdf83@group-BA6B8BD27B8B: closes. applyIndex: 0
2023-09-07 20:32:22,060 [ForkJoinPool.commonPool-worker-1] INFO  server.GrpcService (GrpcService.java:closeImpl(320)) - 030e9783-811e-46a4-8bf6-f2375cfbdf83: shutdown server org.apache.ratis.grpc.server.GrpcAdminProtocolService successfully
2023-09-07 20:32:22,060 [030e9783-811e-46a4-8bf6-f2375cfbdf83-NettyServerStreamRpc-bossGroup--thread1] INFO  logging.LoggingHandler (AbstractInternalLogger.java:log(148)) - [id: 0x80e41bc0, L:/0:0:0:0:0:0:0:0:15148] CLOSE
2023-09-07 20:32:22,060 [030e9783-811e-46a4-8bf6-f2375cfbdf83-NettyServerStreamRpc-bossGroup--thread1] INFO  logging.LoggingHandler (AbstractInternalLogger.java:log(148)) - [id: 0x80e41bc0, L:/0:0:0:0:0:0:0:0:15148] INACTIVE
2023-09-07 20:32:22,060 [030e9783-811e-46a4-8bf6-f2375cfbdf83-NettyServerStreamRpc-bossGroup--thread1] INFO  logging.LoggingHandler (AbstractInternalLogger.java:log(148)) - [id: 0x80e41bc0, L:/0:0:0:0:0:0:0:0:15148] UNREGISTERED
2023-09-07 20:32:22,080 [a0cd6e17-3b90-4804-ab26-c3914b9665e9-impl-thread4] INFO  segmented.SegmentedRaftLogWorker (SegmentedRaftLogWorker.java:close(252)) - a0cd6e17-3b90-4804-ab26-c3914b9665e9@group-97D094013ECF-SegmentedRaftLogWorker close()
2023-09-07 20:32:22,082 [130456cf-e1b1-4e27-8a77-52f3e2c34494-impl-thread3] INFO  segmented.SegmentedRaftLogWorker (SegmentedRaftLogWorker.java:close(252)) - 130456cf-e1b1-4e27-8a77-52f3e2c34494@group-1748BA932372-SegmentedRaftLogWorker close()
2023-09-07 20:32:22,083 [130456cf-e1b1-4e27-8a77-52f3e2c34494-impl-thread2] INFO  segmented.SegmentedRaftLogWorker (SegmentedRaftLogWorker.java:close(252)) - 130456cf-e1b1-4e27-8a77-52f3e2c34494@group-BBA626DA395F-SegmentedRaftLogWorker close()
2023-09-07 20:32:22,083 [29027832-24ec-44d8-841f-3a3b218b56da-impl-thread2] INFO  segmented.SegmentedRaftLogWorker (SegmentedRaftLogWorker.java:close(252)) - 29027832-24ec-44d8-841f-3a3b218b56da@group-2BFB7C9CA018-SegmentedRaftLogWorker close()
2023-09-07 20:32:22,083 [030e9783-811e-46a4-8bf6-f2375cfbdf83-impl-thread2] INFO  segmented.SegmentedRaftLogWorker (SegmentedRaftLogWorker.java:close(252)) - 030e9783-811e-46a4-8bf6-f2375cfbdf83@group-BA6B8BD27B8B-SegmentedRaftLogWorker close()
2023-09-07 20:32:22,083 [a0cd6e17-3b90-4804-ab26-c3914b9665e9-impl-thread2] INFO  segmented.SegmentedRaftLogWorker (SegmentedRaftLogWorker.java:close(252)) - a0cd6e17-3b90-4804-ab26-c3914b9665e9@group-BBA626DA395F-SegmentedRaftLogWorker close()
2023-09-07 20:32:22,084 [114a9516-507d-4df3-bbf0-358fc4f720dd-impl-thread3] INFO  segmented.SegmentedRaftLogWorker (SegmentedRaftLogWorker.java:close(252)) - 114a9516-507d-4df3-bbf0-358fc4f720dd@group-F3A6382101F2-SegmentedRaftLogWorker close()
2023-09-07 20:32:22,085 [114a9516-507d-4df3-bbf0-358fc4f720dd-impl-thread2] INFO  segmented.SegmentedRaftLogWorker (SegmentedRaftLogWorker.java:close(252)) - 114a9516-507d-4df3-bbf0-358fc4f720dd@group-BBA626DA395F-SegmentedRaftLogWorker close()
2023-09-07 20:32:22,096 [JvmPauseMonitor20] INFO  util.JvmPauseMonitor (JvmPauseMonitor.java:run(109)) - JvmPauseMonitor-29027832-24ec-44d8-841f-3a3b218b56da: Stopped
2023-09-07 20:32:22,096 [JvmPauseMonitor19] INFO  util.JvmPauseMonitor (JvmPauseMonitor.java:run(109)) - JvmPauseMonitor-030e9783-811e-46a4-8bf6-f2375cfbdf83: Stopped
2023-09-07 20:32:22,693 [114a9516-507d-4df3-bbf0-358fc4f720dd-impl-thread4] INFO  segmented.SegmentedRaftLogWorker (SegmentedRaftLogWorker.java:close(252)) - 114a9516-507d-4df3-bbf0-358fc4f720dd@group-7300A7E366F1-SegmentedRaftLogWorker close()
2023-09-07 20:32:22,695 [JvmPauseMonitor18] INFO  util.JvmPauseMonitor (JvmPauseMonitor.java:run(109)) - JvmPauseMonitor-114a9516-507d-4df3-bbf0-358fc4f720dd: Stopped
2023-09-07 20:32:22,705 [130456cf-e1b1-4e27-8a77-52f3e2c34494-impl-thread4] INFO  segmented.SegmentedRaftLogWorker (SegmentedRaftLogWorker.java:close(252)) - 130456cf-e1b1-4e27-8a77-52f3e2c34494@group-7300A7E366F1-SegmentedRaftLogWorker close()
2023-09-07 20:32:22,705 [a0cd6e17-3b90-4804-ab26-c3914b9665e9-impl-thread3] INFO  segmented.SegmentedRaftLogWorker (SegmentedRaftLogWorker.java:close(252)) - a0cd6e17-3b90-4804-ab26-c3914b9665e9@group-7300A7E366F1-SegmentedRaftLogWorker close()
2023-09-07 20:32:22,708 [JvmPauseMonitor17] INFO  util.JvmPauseMonitor (JvmPauseMonitor.java:run(109)) - JvmPauseMonitor-a0cd6e17-3b90-4804-ab26-c3914b9665e9: Stopped
2023-09-07 20:32:22,710 [JvmPauseMonitor16] INFO  util.JvmPauseMonitor (JvmPauseMonitor.java:run(109)) - JvmPauseMonitor-130456cf-e1b1-4e27-8a77-52f3e2c34494: Stopped
2023-09-07 20:32:24,101 [ForkJoinPool.commonPool-worker-1] INFO  utils.DatanodeStoreCache (DatanodeStoreCache.java:shutdownCache(110)) - Skip clearing cache in mini cluster mode. Entries left: [/home/runner/work/ozone/ozone/hadoop-ozone/integration-test/target/test-dir/MiniOzoneClusterImpl-7c3c5bdb-9f31-4157-923c-74528274ab7c/datanode-0/data-0/containers/hdds/7c3c5bdb-9f31-4157-923c-74528274ab7c/DS-6ec7e2b1-5d3a-49f2-82ca-400946560909/container.db, /home/runner/work/ozone/ozone/hadoop-ozone/integration-test/target/test-dir/MiniOzoneClusterImpl-7c3c5bdb-9f31-4157-923c-74528274ab7c/datanode-1/data-0/containers/hdds/7c3c5bdb-9f31-4157-923c-74528274ab7c/DS-45d31d6f-dcd3-47f1-9360-cab185c72f40/container.db, /home/runner/work/ozone/ozone/hadoop-ozone/integration-test/target/test-dir/MiniOzoneClusterImpl-7c3c5bdb-9f31-4157-923c-74528274ab7c/datanode-2/data-0/containers/hdds/7c3c5bdb-9f31-4157-923c-74528274ab7c/DS-f1ab46b4-f527-40dd-9d03-32fe25bbf7a6/container.db, /home/runner/work/ozone/ozone/hadoop-ozone/integration-test/target/test-dir/MiniOzoneClusterImpl-7c3c5bdb-9f31-4157-923c-74528274ab7c/datanode-3/data-0/containers/hdds/7c3c5bdb-9f31-4157-923c-74528274ab7c/DS-40bdcbe8-72af-4b56-8627-32e5234c68e7/container.db, /home/runner/work/ozone/ozone/hadoop-ozone/integration-test/target/test-dir/MiniOzoneClusterImpl-7c3c5bdb-9f31-4157-923c-74528274ab7c/datanode-4/data-0/containers/hdds/7c3c5bdb-9f31-4157-923c-74528274ab7c/DS-19047260-30fa-46a0-bcb6-f3eddc4c3079/container.db]
2023-09-07 20:32:24,104 [ForkJoinPool.commonPool-worker-0] INFO  utils.DatanodeStoreCache (DatanodeStoreCache.java:shutdownCache(110)) - Skip clearing cache in mini cluster mode. Entries left: [/home/runner/work/ozone/ozone/hadoop-ozone/integration-test/target/test-dir/MiniOzoneClusterImpl-7c3c5bdb-9f31-4157-923c-74528274ab7c/datanode-0/data-0/containers/hdds/7c3c5bdb-9f31-4157-923c-74528274ab7c/DS-6ec7e2b1-5d3a-49f2-82ca-400946560909/container.db, /home/runner/work/ozone/ozone/hadoop-ozone/integration-test/target/test-dir/MiniOzoneClusterImpl-7c3c5bdb-9f31-4157-923c-74528274ab7c/datanode-1/data-0/containers/hdds/7c3c5bdb-9f31-4157-923c-74528274ab7c/DS-45d31d6f-dcd3-47f1-9360-cab185c72f40/container.db, /home/runner/work/ozone/ozone/hadoop-ozone/integration-test/target/test-dir/MiniOzoneClusterImpl-7c3c5bdb-9f31-4157-923c-74528274ab7c/datanode-2/data-0/containers/hdds/7c3c5bdb-9f31-4157-923c-74528274ab7c/DS-f1ab46b4-f527-40dd-9d03-32fe25bbf7a6/container.db, /home/runner/work/ozone/ozone/hadoop-ozone/integration-test/target/test-dir/MiniOzoneClusterImpl-7c3c5bdb-9f31-4157-923c-74528274ab7c/datanode-3/data-0/containers/hdds/7c3c5bdb-9f31-4157-923c-74528274ab7c/DS-40bdcbe8-72af-4b56-8627-32e5234c68e7/container.db, /home/runner/work/ozone/ozone/hadoop-ozone/integration-test/target/test-dir/MiniOzoneClusterImpl-7c3c5bdb-9f31-4157-923c-74528274ab7c/datanode-4/data-0/containers/hdds/7c3c5bdb-9f31-4157-923c-74528274ab7c/DS-19047260-30fa-46a0-bcb6-f3eddc4c3079/container.db]
2023-09-07 20:32:24,108 [ForkJoinPool.commonPool-worker-1] INFO  utils.DatanodeStoreCache (DatanodeStoreCache.java:removeDB(104)) - Removed db /home/runner/work/ozone/ozone/hadoop-ozone/integration-test/target/test-dir/MiniOzoneClusterImpl-7c3c5bdb-9f31-4157-923c-74528274ab7c/datanode-3/data-0/containers/hdds/7c3c5bdb-9f31-4157-923c-74528274ab7c/DS-40bdcbe8-72af-4b56-8627-32e5234c68e7/container.db from cache
2023-09-07 20:32:24,108 [ForkJoinPool.commonPool-worker-1] INFO  volume.HddsVolume (HddsVolume.java:closeDbStore(453)) - SchemaV3 db is stopped at /home/runner/work/ozone/ozone/hadoop-ozone/integration-test/target/test-dir/MiniOzoneClusterImpl-7c3c5bdb-9f31-4157-923c-74528274ab7c/datanode-3/data-0/containers/hdds/7c3c5bdb-9f31-4157-923c-74528274ab7c/DS-40bdcbe8-72af-4b56-8627-32e5234c68e7/container.db for volume DS-40bdcbe8-72af-4b56-8627-32e5234c68e7
2023-09-07 20:32:24,109 [ForkJoinPool.commonPool-worker-1] INFO  utils.BackgroundService (BackgroundService.java:shutdown(141)) - Shutting down service BlockDeletingService
2023-09-07 20:32:24,110 [ForkJoinPool.commonPool-worker-1] INFO  utils.BackgroundService (BackgroundService.java:shutdown(141)) - Shutting down service StaleRecoveringContainerScrubbingService
2023-09-07 20:32:24,115 [ForkJoinPool.commonPool-worker-1] INFO  statemachine.DatanodeStateMachine (DatanodeStateMachine.java:stopDaemon(620)) - Ozone container server stopped.
2023-09-07 20:32:24,125 [ForkJoinPool.commonPool-worker-0] INFO  utils.DatanodeStoreCache (DatanodeStoreCache.java:removeDB(104)) - Removed db /home/runner/work/ozone/ozone/hadoop-ozone/integration-test/target/test-dir/MiniOzoneClusterImpl-7c3c5bdb-9f31-4157-923c-74528274ab7c/datanode-4/data-0/containers/hdds/7c3c5bdb-9f31-4157-923c-74528274ab7c/DS-19047260-30fa-46a0-bcb6-f3eddc4c3079/container.db from cache
2023-09-07 20:32:24,125 [ForkJoinPool.commonPool-worker-0] INFO  volume.HddsVolume (HddsVolume.java:closeDbStore(453)) - SchemaV3 db is stopped at /home/runner/work/ozone/ozone/hadoop-ozone/integration-test/target/test-dir/MiniOzoneClusterImpl-7c3c5bdb-9f31-4157-923c-74528274ab7c/datanode-4/data-0/containers/hdds/7c3c5bdb-9f31-4157-923c-74528274ab7c/DS-19047260-30fa-46a0-bcb6-f3eddc4c3079/container.db for volume DS-19047260-30fa-46a0-bcb6-f3eddc4c3079
2023-09-07 20:32:24,127 [ForkJoinPool.commonPool-worker-0] INFO  utils.BackgroundService (BackgroundService.java:shutdown(141)) - Shutting down service BlockDeletingService
2023-09-07 20:32:24,128 [ForkJoinPool.commonPool-worker-0] INFO  utils.BackgroundService (BackgroundService.java:shutdown(141)) - Shutting down service StaleRecoveringContainerScrubbingService
2023-09-07 20:32:24,129 [ForkJoinPool.commonPool-worker-0] INFO  statemachine.DatanodeStateMachine (DatanodeStateMachine.java:stopDaemon(620)) - Ozone container server stopped.
2023-09-07 20:32:24,140 [ForkJoinPool.commonPool-worker-1] INFO  handler.ContextHandler (ContextHandler.java:doStop(1159)) - Stopped o.e.j.w.WebAppContext@43739c43{hddsDatanode,/,null,STOPPED}{jar:file:/home/runner/.m2/repository/org/apache/ozone/hdds-container-service/1.4.0-SNAPSHOT/hdds-container-service-1.4.0-SNAPSHOT.jar!/webapps/hddsDatanode}
2023-09-07 20:32:24,141 [ForkJoinPool.commonPool-worker-1] INFO  server.AbstractConnector (AbstractConnector.java:doStop(383)) - Stopped ServerConnector@506121f1{HTTP/1.1, (http/1.1)}{0.0.0.0:15142}
2023-09-07 20:32:24,141 [ForkJoinPool.commonPool-worker-1] INFO  server.session (HouseKeeper.java:stopScavenging(149)) - node0 Stopped scavenging
2023-09-07 20:32:24,142 [ForkJoinPool.commonPool-worker-1] INFO  handler.ContextHandler (ContextHandler.java:doStop(1159)) - Stopped o.e.j.s.ServletContextHandler@2723170a{static,/static,jar:file:/home/runner/.m2/repository/org/apache/ozone/hdds-container-service/1.4.0-SNAPSHOT/hdds-container-service-1.4.0-SNAPSHOT.jar!/webapps/static,STOPPED}
2023-09-07 20:32:24,143 [ForkJoinPool.commonPool-worker-1] INFO  handler.ContextHandler (ContextHandler.java:doStop(1159)) - Stopped o.e.j.s.ServletContextHandler@5c017a4a{logs,/logs,file:///home/runner/work/ozone/ozone/hadoop-ozone/integration-test/target/log,STOPPED}
2023-09-07 20:32:24,144 [ForkJoinPool.commonPool-worker-1] INFO  ozone.HddsDatanodeClientProtocolServer (HddsDatanodeClientProtocolServer.java:stop(78)) - Stopping the RPC server for Client Protocol
2023-09-07 20:32:24,146 [ForkJoinPool.commonPool-worker-1] INFO  ipc.Server (Server.java:stop(3523)) - Stopping server on 15143
2023-09-07 20:32:24,147 [IPC Server listener on 15143] INFO  ipc.Server (Server.java:run(1434)) - Stopping IPC Server listener on 15143
2023-09-07 20:32:24,153 [IPC Server Responder] INFO  ipc.Server (Server.java:run(1567)) - Stopping IPC Server Responder
2023-09-07 20:32:24,160 [ForkJoinPool.commonPool-worker-0] INFO  handler.ContextHandler (ContextHandler.java:doStop(1159)) - Stopped o.e.j.w.WebAppContext@5891bb33{hddsDatanode,/,null,STOPPED}{jar:file:/home/runner/.m2/repository/org/apache/ozone/hdds-container-service/1.4.0-SNAPSHOT/hdds-container-service-1.4.0-SNAPSHOT.jar!/webapps/hddsDatanode}
2023-09-07 20:32:24,161 [ForkJoinPool.commonPool-worker-0] INFO  server.AbstractConnector (AbstractConnector.java:doStop(383)) - Stopped ServerConnector@689eaa6a{HTTP/1.1, (http/1.1)}{0.0.0.0:15151}
2023-09-07 20:32:24,161 [ForkJoinPool.commonPool-worker-0] INFO  server.session (HouseKeeper.java:stopScavenging(149)) - node0 Stopped scavenging
2023-09-07 20:32:24,172 [ForkJoinPool.commonPool-worker-0] INFO  handler.ContextHandler (ContextHandler.java:doStop(1159)) - Stopped o.e.j.s.ServletContextHandler@42c5c8e1{static,/static,jar:file:/home/runner/.m2/repository/org/apache/ozone/hdds-container-service/1.4.0-SNAPSHOT/hdds-container-service-1.4.0-SNAPSHOT.jar!/webapps/static,STOPPED}
2023-09-07 20:32:24,178 [ForkJoinPool.commonPool-worker-0] INFO  handler.ContextHandler (ContextHandler.java:doStop(1159)) - Stopped o.e.j.s.ServletContextHandler@468242ef{logs,/logs,file:///home/runner/work/ozone/ozone/hadoop-ozone/integration-test/target/log,STOPPED}
2023-09-07 20:32:24,179 [ForkJoinPool.commonPool-worker-0] INFO  ozone.HddsDatanodeClientProtocolServer (HddsDatanodeClientProtocolServer.java:stop(78)) - Stopping the RPC server for Client Protocol
2023-09-07 20:32:24,179 [ForkJoinPool.commonPool-worker-0] INFO  ipc.Server (Server.java:stop(3523)) - Stopping server on 15152
2023-09-07 20:32:24,181 [IPC Server listener on 15152] INFO  ipc.Server (Server.java:run(1434)) - Stopping IPC Server listener on 15152
2023-09-07 20:32:24,181 [IPC Server Responder] INFO  ipc.Server (Server.java:run(1567)) - Stopping IPC Server Responder
2023-09-07 20:32:24,702 [main] INFO  utils.DatanodeStoreCache (DatanodeStoreCache.java:shutdownCache(110)) - Skip clearing cache in mini cluster mode. Entries left: [/home/runner/work/ozone/ozone/hadoop-ozone/integration-test/target/test-dir/MiniOzoneClusterImpl-7c3c5bdb-9f31-4157-923c-74528274ab7c/datanode-0/data-0/containers/hdds/7c3c5bdb-9f31-4157-923c-74528274ab7c/DS-6ec7e2b1-5d3a-49f2-82ca-400946560909/container.db, /home/runner/work/ozone/ozone/hadoop-ozone/integration-test/target/test-dir/MiniOzoneClusterImpl-7c3c5bdb-9f31-4157-923c-74528274ab7c/datanode-1/data-0/containers/hdds/7c3c5bdb-9f31-4157-923c-74528274ab7c/DS-45d31d6f-dcd3-47f1-9360-cab185c72f40/container.db, /home/runner/work/ozone/ozone/hadoop-ozone/integration-test/target/test-dir/MiniOzoneClusterImpl-7c3c5bdb-9f31-4157-923c-74528274ab7c/datanode-2/data-0/containers/hdds/7c3c5bdb-9f31-4157-923c-74528274ab7c/DS-f1ab46b4-f527-40dd-9d03-32fe25bbf7a6/container.db]
2023-09-07 20:32:24,704 [main] INFO  utils.DatanodeStoreCache (DatanodeStoreCache.java:removeDB(104)) - Removed db /home/runner/work/ozone/ozone/hadoop-ozone/integration-test/target/test-dir/MiniOzoneClusterImpl-7c3c5bdb-9f31-4157-923c-74528274ab7c/datanode-2/data-0/containers/hdds/7c3c5bdb-9f31-4157-923c-74528274ab7c/DS-f1ab46b4-f527-40dd-9d03-32fe25bbf7a6/container.db from cache
2023-09-07 20:32:24,705 [main] INFO  volume.HddsVolume (HddsVolume.java:closeDbStore(453)) - SchemaV3 db is stopped at /home/runner/work/ozone/ozone/hadoop-ozone/integration-test/target/test-dir/MiniOzoneClusterImpl-7c3c5bdb-9f31-4157-923c-74528274ab7c/datanode-2/data-0/containers/hdds/7c3c5bdb-9f31-4157-923c-74528274ab7c/DS-f1ab46b4-f527-40dd-9d03-32fe25bbf7a6/container.db for volume DS-f1ab46b4-f527-40dd-9d03-32fe25bbf7a6
2023-09-07 20:32:24,705 [main] INFO  utils.BackgroundService (BackgroundService.java:shutdown(141)) - Shutting down service BlockDeletingService
2023-09-07 20:32:24,705 [main] INFO  utils.BackgroundService (BackgroundService.java:shutdown(141)) - Shutting down service StaleRecoveringContainerScrubbingService
2023-09-07 20:32:24,707 [main] INFO  statemachine.DatanodeStateMachine (DatanodeStateMachine.java:stopDaemon(620)) - Ozone container server stopped.
2023-09-07 20:32:24,714 [ForkJoinPool.commonPool-worker-3] INFO  utils.DatanodeStoreCache (DatanodeStoreCache.java:shutdownCache(110)) - Skip clearing cache in mini cluster mode. Entries left: [/home/runner/work/ozone/ozone/hadoop-ozone/integration-test/target/test-dir/MiniOzoneClusterImpl-7c3c5bdb-9f31-4157-923c-74528274ab7c/datanode-0/data-0/containers/hdds/7c3c5bdb-9f31-4157-923c-74528274ab7c/DS-6ec7e2b1-5d3a-49f2-82ca-400946560909/container.db, /home/runner/work/ozone/ozone/hadoop-ozone/integration-test/target/test-dir/MiniOzoneClusterImpl-7c3c5bdb-9f31-4157-923c-74528274ab7c/datanode-1/data-0/containers/hdds/7c3c5bdb-9f31-4157-923c-74528274ab7c/DS-45d31d6f-dcd3-47f1-9360-cab185c72f40/container.db]
2023-09-07 20:32:24,716 [ForkJoinPool.commonPool-worker-3] INFO  utils.DatanodeStoreCache (DatanodeStoreCache.java:removeDB(104)) - Removed db /home/runner/work/ozone/ozone/hadoop-ozone/integration-test/target/test-dir/MiniOzoneClusterImpl-7c3c5bdb-9f31-4157-923c-74528274ab7c/datanode-0/data-0/containers/hdds/7c3c5bdb-9f31-4157-923c-74528274ab7c/DS-6ec7e2b1-5d3a-49f2-82ca-400946560909/container.db from cache
2023-09-07 20:32:24,716 [ForkJoinPool.commonPool-worker-3] INFO  volume.HddsVolume (HddsVolume.java:closeDbStore(453)) - SchemaV3 db is stopped at /home/runner/work/ozone/ozone/hadoop-ozone/integration-test/target/test-dir/MiniOzoneClusterImpl-7c3c5bdb-9f31-4157-923c-74528274ab7c/datanode-0/data-0/containers/hdds/7c3c5bdb-9f31-4157-923c-74528274ab7c/DS-6ec7e2b1-5d3a-49f2-82ca-400946560909/container.db for volume DS-6ec7e2b1-5d3a-49f2-82ca-400946560909
2023-09-07 20:32:24,716 [ForkJoinPool.commonPool-worker-3] INFO  utils.BackgroundService (BackgroundService.java:shutdown(141)) - Shutting down service BlockDeletingService
2023-09-07 20:32:24,716 [ForkJoinPool.commonPool-worker-3] INFO  utils.BackgroundService (BackgroundService.java:shutdown(141)) - Shutting down service StaleRecoveringContainerScrubbingService
2023-09-07 20:32:24,721 [ForkJoinPool.commonPool-worker-3] INFO  statemachine.DatanodeStateMachine (DatanodeStateMachine.java:stopDaemon(620)) - Ozone container server stopped.
2023-09-07 20:32:24,727 [ForkJoinPool.commonPool-worker-2] INFO  utils.DatanodeStoreCache (DatanodeStoreCache.java:shutdownCache(110)) - Skip clearing cache in mini cluster mode. Entries left: [/home/runner/work/ozone/ozone/hadoop-ozone/integration-test/target/test-dir/MiniOzoneClusterImpl-7c3c5bdb-9f31-4157-923c-74528274ab7c/datanode-1/data-0/containers/hdds/7c3c5bdb-9f31-4157-923c-74528274ab7c/DS-45d31d6f-dcd3-47f1-9360-cab185c72f40/container.db]
2023-09-07 20:32:24,729 [ForkJoinPool.commonPool-worker-2] INFO  utils.DatanodeStoreCache (DatanodeStoreCache.java:removeDB(104)) - Removed db /home/runner/work/ozone/ozone/hadoop-ozone/integration-test/target/test-dir/MiniOzoneClusterImpl-7c3c5bdb-9f31-4157-923c-74528274ab7c/datanode-1/data-0/containers/hdds/7c3c5bdb-9f31-4157-923c-74528274ab7c/DS-45d31d6f-dcd3-47f1-9360-cab185c72f40/container.db from cache
2023-09-07 20:32:24,729 [ForkJoinPool.commonPool-worker-2] INFO  volume.HddsVolume (HddsVolume.java:closeDbStore(453)) - SchemaV3 db is stopped at /home/runner/work/ozone/ozone/hadoop-ozone/integration-test/target/test-dir/MiniOzoneClusterImpl-7c3c5bdb-9f31-4157-923c-74528274ab7c/datanode-1/data-0/containers/hdds/7c3c5bdb-9f31-4157-923c-74528274ab7c/DS-45d31d6f-dcd3-47f1-9360-cab185c72f40/container.db for volume DS-45d31d6f-dcd3-47f1-9360-cab185c72f40
2023-09-07 20:32:24,730 [ForkJoinPool.commonPool-worker-2] INFO  utils.BackgroundService (BackgroundService.java:shutdown(141)) - Shutting down service BlockDeletingService
2023-09-07 20:32:24,731 [ForkJoinPool.commonPool-worker-2] INFO  utils.BackgroundService (BackgroundService.java:shutdown(141)) - Shutting down service StaleRecoveringContainerScrubbingService
2023-09-07 20:32:24,733 [main] INFO  handler.ContextHandler (ContextHandler.java:doStop(1159)) - Stopped o.e.j.w.WebAppContext@69935e5e{hddsDatanode,/,null,STOPPED}{jar:file:/home/runner/.m2/repository/org/apache/ozone/hdds-container-service/1.4.0-SNAPSHOT/hdds-container-service-1.4.0-SNAPSHOT.jar!/webapps/hddsDatanode}
2023-09-07 20:32:24,734 [ForkJoinPool.commonPool-worker-2] INFO  statemachine.DatanodeStateMachine (DatanodeStateMachine.java:stopDaemon(620)) - Ozone container server stopped.
2023-09-07 20:32:24,734 [main] INFO  server.AbstractConnector (AbstractConnector.java:doStop(383)) - Stopped ServerConnector@7feb9b1c{HTTP/1.1, (http/1.1)}{0.0.0.0:15133}
2023-09-07 20:32:24,735 [main] INFO  server.session (HouseKeeper.java:stopScavenging(149)) - node0 Stopped scavenging
2023-09-07 20:32:24,735 [main] INFO  handler.ContextHandler (ContextHandler.java:doStop(1159)) - Stopped o.e.j.s.ServletContextHandler@13d9360f{static,/static,jar:file:/home/runner/.m2/repository/org/apache/ozone/hdds-container-service/1.4.0-SNAPSHOT/hdds-container-service-1.4.0-SNAPSHOT.jar!/webapps/static,STOPPED}
2023-09-07 20:32:24,735 [main] INFO  handler.ContextHandler (ContextHandler.java:doStop(1159)) - Stopped o.e.j.s.ServletContextHandler@61dd6f70{logs,/logs,file:///home/runner/work/ozone/ozone/hadoop-ozone/integration-test/target/log,STOPPED}
2023-09-07 20:32:24,736 [main] INFO  ozone.HddsDatanodeClientProtocolServer (HddsDatanodeClientProtocolServer.java:stop(78)) - Stopping the RPC server for Client Protocol
2023-09-07 20:32:24,736 [main] INFO  ipc.Server (Server.java:stop(3523)) - Stopping server on 15134
2023-09-07 20:32:24,737 [IPC Server listener on 15134] INFO  ipc.Server (Server.java:run(1434)) - Stopping IPC Server listener on 15134
2023-09-07 20:32:24,744 [IPC Server Responder] INFO  ipc.Server (Server.java:run(1567)) - Stopping IPC Server Responder
2023-09-07 20:32:24,761 [ForkJoinPool.commonPool-worker-3] INFO  handler.ContextHandler (ContextHandler.java:doStop(1159)) - Stopped o.e.j.w.WebAppContext@2a34a26a{hddsDatanode,/,null,STOPPED}{jar:file:/home/runner/.m2/repository/org/apache/ozone/hdds-container-service/1.4.0-SNAPSHOT/hdds-container-service-1.4.0-SNAPSHOT.jar!/webapps/hddsDatanode}
2023-09-07 20:32:24,762 [ForkJoinPool.commonPool-worker-3] INFO  server.AbstractConnector (AbstractConnector.java:doStop(383)) - Stopped ServerConnector@5f9cab77{HTTP/1.1, (http/1.1)}{0.0.0.0:15115}
2023-09-07 20:32:24,762 [ForkJoinPool.commonPool-worker-3] INFO  server.session (HouseKeeper.java:stopScavenging(149)) - node0 Stopped scavenging
2023-09-07 20:32:24,763 [ForkJoinPool.commonPool-worker-3] INFO  handler.ContextHandler (ContextHandler.java:doStop(1159)) - Stopped o.e.j.s.ServletContextHandler@364cf84e{static,/static,jar:file:/home/runner/.m2/repository/org/apache/ozone/hdds-container-service/1.4.0-SNAPSHOT/hdds-container-service-1.4.0-SNAPSHOT.jar!/webapps/static,STOPPED}
2023-09-07 20:32:24,764 [ForkJoinPool.commonPool-worker-3] INFO  handler.ContextHandler (ContextHandler.java:doStop(1159)) - Stopped o.e.j.s.ServletContextHandler@5a19008f{logs,/logs,file:///home/runner/work/ozone/ozone/hadoop-ozone/integration-test/target/log,STOPPED}
2023-09-07 20:32:24,765 [ForkJoinPool.commonPool-worker-3] INFO  ozone.HddsDatanodeClientProtocolServer (HddsDatanodeClientProtocolServer.java:stop(78)) - Stopping the RPC server for Client Protocol
2023-09-07 20:32:24,765 [ForkJoinPool.commonPool-worker-3] INFO  ipc.Server (Server.java:stop(3523)) - Stopping server on 15116
2023-09-07 20:32:24,765 [IPC Server listener on 15116] INFO  ipc.Server (Server.java:run(1434)) - Stopping IPC Server listener on 15116
2023-09-07 20:32:24,768 [IPC Server Responder] INFO  ipc.Server (Server.java:run(1567)) - Stopping IPC Server Responder
2023-09-07 20:32:24,771 [ForkJoinPool.commonPool-worker-2] INFO  handler.ContextHandler (ContextHandler.java:doStop(1159)) - Stopped o.e.j.w.WebAppContext@666b882e{hddsDatanode,/,null,STOPPED}{jar:file:/home/runner/.m2/repository/org/apache/ozone/hdds-container-service/1.4.0-SNAPSHOT/hdds-container-service-1.4.0-SNAPSHOT.jar!/webapps/hddsDatanode}
2023-09-07 20:32:24,771 [ForkJoinPool.commonPool-worker-2] INFO  server.AbstractConnector (AbstractConnector.java:doStop(383)) - Stopped ServerConnector@6a768b20{HTTP/1.1, (http/1.1)}{0.0.0.0:15124}
2023-09-07 20:32:24,771 [ForkJoinPool.commonPool-worker-2] INFO  server.session (HouseKeeper.java:stopScavenging(149)) - node0 Stopped scavenging
2023-09-07 20:32:24,772 [ForkJoinPool.commonPool-worker-2] INFO  handler.ContextHandler (ContextHandler.java:doStop(1159)) - Stopped o.e.j.s.ServletContextHandler@22b6ad03{static,/static,jar:file:/home/runner/.m2/repository/org/apache/ozone/hdds-container-service/1.4.0-SNAPSHOT/hdds-container-service-1.4.0-SNAPSHOT.jar!/webapps/static,STOPPED}
2023-09-07 20:32:24,773 [ForkJoinPool.commonPool-worker-2] INFO  handler.ContextHandler (ContextHandler.java:doStop(1159)) - Stopped o.e.j.s.ServletContextHandler@47f389ca{logs,/logs,file:///home/runner/work/ozone/ozone/hadoop-ozone/integration-test/target/log,STOPPED}
2023-09-07 20:32:24,776 [ForkJoinPool.commonPool-worker-2] INFO  ozone.HddsDatanodeClientProtocolServer (HddsDatanodeClientProtocolServer.java:stop(78)) - Stopping the RPC server for Client Protocol
2023-09-07 20:32:24,776 [ForkJoinPool.commonPool-worker-2] INFO  ipc.Server (Server.java:stop(3523)) - Stopping server on 15125
2023-09-07 20:32:24,776 [IPC Server Responder] INFO  ipc.Server (Server.java:run(1567)) - Stopping IPC Server Responder
2023-09-07 20:32:24,777 [IPC Server listener on 15125] INFO  ipc.Server (Server.java:run(1434)) - Stopping IPC Server listener on 15125
2023-09-07 20:32:24,781 [main] INFO  ozone.MiniOzoneClusterImpl (MiniOzoneClusterImpl.java:stopSCM(543)) - Stopping the StorageContainerManager
2023-09-07 20:32:24,781 [main] INFO  server.StorageContainerManager (StorageContainerManager.java:stop(1591)) - Container Balancer is not running.
2023-09-07 20:32:24,781 [main] INFO  server.StorageContainerManager (StorageContainerManager.java:stopReplicationManager(1724)) - Stopping Replication Manager Service.
2023-09-07 20:32:24,781 [main] INFO  replication.ReplicationManager (ReplicationManager.java:stop(323)) - Stopping Replication Monitor Thread.
2023-09-07 20:32:24,782 [main] INFO  server.StorageContainerManager (StorageContainerManager.java:stop(1600)) - Stopping the Datanode Admin Monitor.
2023-09-07 20:32:24,782 [Under Replicated Processor] WARN  replication.UnhealthyReplicationProcessor (UnhealthyReplicationProcessor.java:run(180)) - Under Replicated Processor interrupted. Exiting...
2023-09-07 20:32:24,782 [main] INFO  server.StorageContainerManager (StorageContainerManager.java:stop(1607)) - Stopping datanode service RPC server
2023-09-07 20:32:24,782 [main] INFO  server.SCMDatanodeProtocolServer (SCMDatanodeProtocolServer.java:stop(424)) - Stopping the RPC server for DataNodes
2023-09-07 20:32:24,782 [main] INFO  ipc.Server (Server.java:stop(3523)) - Stopping server on 15108
2023-09-07 20:32:24,782 [ReplicationMonitor] INFO  replication.ReplicationManager (ReplicationManager.java:run(921)) - Replication Monitor Thread is stopped
2023-09-07 20:32:24,782 [Over Replicated Processor] WARN  replication.UnhealthyReplicationProcessor (UnhealthyReplicationProcessor.java:run(180)) - Over Replicated Processor interrupted. Exiting...
2023-09-07 20:32:24,786 [IPC Server listener on 15108] INFO  ipc.Server (Server.java:run(1434)) - Stopping IPC Server listener on 15108
2023-09-07 20:32:24,788 [IPC Server Responder] INFO  ipc.Server (Server.java:run(1567)) - Stopping IPC Server Responder
2023-09-07 20:32:24,830 [SCM Heartbeat Processing Thread - 0] WARN  node.NodeStateManager (NodeStateManager.java:scheduleNextHealthCheck(874)) - Current Thread is interrupted, shutting down HB processing thread for Node Manager.
2023-09-07 20:32:24,830 [main] INFO  server.StorageContainerManager (StorageContainerManager.java:stop(1615)) - Stopping block service RPC server
2023-09-07 20:32:24,831 [main] INFO  server.SCMBlockProtocolServer (SCMBlockProtocolServer.java:stop(163)) - Stopping the RPC server for Block Protocol
2023-09-07 20:32:24,831 [main] INFO  ipc.Server (Server.java:stop(3523)) - Stopping server on 15107
2023-09-07 20:32:24,834 [IPC Server listener on 15107] INFO  ipc.Server (Server.java:run(1434)) - Stopping IPC Server listener on 15107
2023-09-07 20:32:24,834 [IPC Server Responder] INFO  ipc.Server (Server.java:run(1567)) - Stopping IPC Server Responder
2023-09-07 20:32:24,835 [main] INFO  server.StorageContainerManager (StorageContainerManager.java:stop(1622)) - Stopping the StorageContainerLocationProtocol RPC server
2023-09-07 20:32:24,835 [main] INFO  server.SCMClientProtocolServer (SCMClientProtocolServer.java:stop(210)) - Stopping the RPC server for Client Protocol
2023-09-07 20:32:24,835 [main] INFO  ipc.Server (Server.java:stop(3523)) - Stopping server on 15106
2023-09-07 20:32:24,837 [IPC Server listener on 15106] INFO  ipc.Server (Server.java:run(1434)) - Stopping IPC Server listener on 15106
2023-09-07 20:32:24,837 [IPC Server Responder] INFO  ipc.Server (Server.java:run(1567)) - Stopping IPC Server Responder
2023-09-07 20:32:24,837 [main] INFO  server.StorageContainerManager (StorageContainerManager.java:stop(1629)) - Stopping Storage Container Manager HTTP server.
2023-09-07 20:32:24,838 [main] INFO  handler.ContextHandler (ContextHandler.java:doStop(1159)) - Stopped o.e.j.w.WebAppContext@7d92b9a9{scm,/,null,STOPPED}{file:/home/runner/work/ozone/ozone/hadoop-ozone/integration-test/target/test-classes/webapps/scm}
2023-09-07 20:32:24,841 [main] INFO  server.AbstractConnector (AbstractConnector.java:doStop(383)) - Stopped ServerConnector@5e3193ac{HTTP/1.1, (http/1.1)}{0.0.0.0:15109}
2023-09-07 20:32:24,841 [main] INFO  server.session (HouseKeeper.java:stopScavenging(149)) - node0 Stopped scavenging
2023-09-07 20:32:24,841 [main] INFO  handler.ContextHandler (ContextHandler.java:doStop(1159)) - Stopped o.e.j.s.ServletContextHandler@1a848531{static,/static,file:///home/runner/work/ozone/ozone/hadoop-ozone/integration-test/target/test-classes/webapps/static,STOPPED}
2023-09-07 20:32:24,841 [main] INFO  handler.ContextHandler (ContextHandler.java:doStop(1159)) - Stopped o.e.j.s.ServletContextHandler@6102a05e{logs,/logs,file:///home/runner/work/ozone/ozone/hadoop-ozone/integration-test/target/log,STOPPED}
2023-09-07 20:32:24,842 [main] INFO  server.StorageContainerManager (StorageContainerManager.java:stop(1637)) - Stopping SCM LayoutVersionManager Service.
2023-09-07 20:32:24,843 [main] INFO  server.StorageContainerManager (StorageContainerManager.java:stop(1649)) - Stopping Block Manager Service.
2023-09-07 20:32:24,843 [main] INFO  utils.BackgroundService (BackgroundService.java:shutdown(141)) - Shutting down service SCMBlockDeletingService
2023-09-07 20:32:24,843 [main] INFO  utils.BackgroundService (BackgroundService.java:shutdown(141)) - Shutting down service SCMBlockDeletingService
2023-09-07 20:32:24,843 [main] INFO  server.StorageContainerManager (StorageContainerManager.java:stop(1669)) - Stopping SCM Event Queue.
2023-09-07 20:32:24,844 [JvmPauseMonitor14] INFO  util.JvmPauseMonitor (JvmPauseMonitor.java:run(109)) - JvmPauseMonitor-1003fca2-dc5e-444c-8c1a-d72f47972caf: Stopped
2023-09-07 20:32:24,844 [main] INFO  server.StorageContainerManager (StorageContainerManager.java:stop(1680)) - Stopping SCM HA services.
2023-09-07 20:32:24,845 [main] INFO  pipeline.BackgroundPipelineCreator (BackgroundPipelineCreator.java:stop(149)) - Stopping RatisPipelineUtilsThread.
2023-09-07 20:32:24,845 [RatisPipelineUtilsThread - 0] WARN  pipeline.BackgroundPipelineCreator (BackgroundPipelineCreator.java:run(180)) - RatisPipelineUtilsThread is interrupted.
2023-09-07 20:32:24,845 [main] INFO  BackgroundPipelineScrubber (BackgroundSCMService.java:stop(131)) - Stopping BackgroundPipelineScrubber Service.
2023-09-07 20:32:24,845 [BackgroundPipelineScrubberThread] WARN  BackgroundPipelineScrubber (BackgroundSCMService.java:run(115)) - BackgroundPipelineScrubber is interrupted, exit
2023-09-07 20:32:24,845 [main] INFO  impl.MetricsSystemImpl (MetricsSystemImpl.java:stop(210)) - Stopping HddsDatanode metrics system...
2023-09-07 20:32:24,847 [prometheus] INFO  impl.MetricsSinkAdapter (MetricsSinkAdapter.java:publishMetricsFromQueue(141)) - prometheus thread interrupted.
2023-09-07 20:32:24,847 [main] INFO  impl.MetricsSystemImpl (MetricsSystemImpl.java:stop(216)) - HddsDatanode metrics system stopped.
2023-09-07 20:32:24,848 [main] WARN  pipeline.BackgroundPipelineCreator (BackgroundPipelineCreator.java:stop(145)) - RatisPipelineUtilsThread is not running, just ignore.
2023-09-07 20:32:24,848 [main] INFO  BackgroundPipelineScrubber (BackgroundSCMService.java:stop(126)) - BackgroundPipelineScrubber Service is not running, skip stop.
2023-09-07 20:32:24,848 [main] INFO  ExpiredContainerReplicaOpScrubber (BackgroundSCMService.java:stop(131)) - Stopping ExpiredContainerReplicaOpScrubber Service.
2023-09-07 20:32:24,848 [ExpiredContainerReplicaOpScrubberThread] WARN  ExpiredContainerReplicaOpScrubber (BackgroundSCMService.java:run(115)) - ExpiredContainerReplicaOpScrubber is interrupted, exit
2023-09-07 20:32:24,848 [main] INFO  utils.BackgroundService (BackgroundService.java:shutdown(141)) - Shutting down service SCMBlockDeletingService
2023-09-07 20:32:24,848 [main] INFO  replication.ReplicationManager (ReplicationManager.java:stop(333)) - Replication Monitor Thread is not running.
2023-09-07 20:32:24,848 [main] WARN  balancer.ContainerBalancer (ContainerBalancer.java:stop(326)) - Cannot stop Container Balancer because it's not running or stopping
2023-09-07 20:32:24,849 [Lease Manager-LeaseManager#LeaseMonitor] WARN  lease.LeaseManager (LeaseManager.java:run(272)) - Lease manager is interrupted. Shutting down...
java.lang.InterruptedException
	at java.util.concurrent.locks.AbstractQueuedSynchronizer.doAcquireSharedNanos(AbstractQueuedSynchronizer.java:1039)
	at java.util.concurrent.locks.AbstractQueuedSynchronizer.tryAcquireSharedNanos(AbstractQueuedSynchronizer.java:1328)
	at java.util.concurrent.Semaphore.tryAcquire(Semaphore.java:409)
	at org.apache.hadoop.ozone.lease.LeaseManager$LeaseMonitor.run(LeaseManager.java:270)
	at java.lang.Thread.run(Thread.java:750)
2023-09-07 20:32:24,849 [main] INFO  server.StorageContainerManager (StorageContainerManager.java:stop(1715)) - Stopping SCM MetadataStore.
2023-09-07 20:32:24,927 [main] WARN  server.ServerUtils (ServerUtils.java:getScmDbDir(155)) - ozone.scm.db.dirs is not configured. We recommend adding this setting. Falling back to ozone.metadata.dirs instead.
2023-09-07 20:32:24,932 [main] WARN  server.ServerUtils (ServerUtils.java:getScmDbDir(155)) - ozone.scm.db.dirs is not configured. We recommend adding this setting. Falling back to ozone.metadata.dirs instead.
2023-09-07 20:32:24,932 [main] INFO  ha.SCMHANodeDetails (SCMHANodeDetails.java:loadSCMHAConfig(210)) - ServiceID for StorageContainerManager is null
2023-09-07 20:32:24,932 [main] INFO  ha.SCMHANodeDetails (SCMHANodeDetails.java:loadSCMHAConfig(215)) - ozone.scm.default.service.id is not defined, falling back to ozone.scm.service.ids to find serviceID for StorageContainerManager if it is HA enabled cluster
2023-09-07 20:32:24,933 [main] WARN  utils.HAUtils (HAUtils.java:getMetaDir(339)) - ozone.scm.db.dirs is not configured. We recommend adding this setting. Falling back to ozone.metadata.dirs instead.
2023-09-07 20:32:24,933 [main] WARN  db.DBStoreBuilder (DBStoreBuilder.java:applyDBDefinition(166)) - ozone.scm.db.dirs is not configured. We recommend adding this setting. Falling back to ozone.metadata.dirs instead.
2023-09-07 20:32:25,125 [main] INFO  net.NodeSchemaLoader (NodeSchemaLoader.java:loadSchemaFromFile(129)) - Loading schema from [jar:file:/home/runner/.m2/repository/org/apache/ozone/hdds-common/1.4.0-SNAPSHOT/hdds-common-1.4.0-SNAPSHOT.jar!/network-topology-default.xml]
2023-09-07 20:32:25,125 [main] INFO  net.NodeSchemaLoader (NodeSchemaLoader.java:loadSchema(176)) - Loading network topology layer schema file
2023-09-07 20:32:25,128 [main] INFO  upgrade.AbstractLayoutVersionManager (AbstractLayoutVersionManager.java:init(83)) - Initializing Layout version manager with metadata layout = HADOOP_PRC_PORTS_IN_DATANODEDETAILS (version = 7), software layout = HADOOP_PRC_PORTS_IN_DATANODEDETAILS (version = 7)
2023-09-07 20:32:25,130 [main] INFO  ha.SequenceIdGenerator (SequenceIdGenerator.java:upgradeToSequenceId(365)) - upgrade localId to 111677748019200000
2023-09-07 20:32:25,131 [main] INFO  ha.SequenceIdGenerator (SequenceIdGenerator.java:upgradeToSequenceId(375)) - upgrade delTxnId to 0
2023-09-07 20:32:25,132 [main] INFO  ha.SequenceIdGenerator (SequenceIdGenerator.java:upgradeToSequenceId(392)) - upgrade containerId to 0
2023-09-07 20:32:25,133 [main] INFO  ha.SequenceIdGenerator (SequenceIdGenerator.java:upgradeToSequenceId(428)) - upgrade rootCertificateId to 1
2023-09-07 20:32:25,133 [main] INFO  ha.SequenceIdGenerator (SequenceIdGenerator.java:<init>(236)) - Init the HA SequenceIdGenerator.
2023-09-07 20:32:25,133 [main] WARN  server.ServerUtils (ServerUtils.java:sanitizeUserArgs(80)) - ozone.scm.stale.node.interval value = 300000 is larger than max = 100000 based on the key value of ozone.scm.heartbeat.thread.interval, reset to the max value 100000.
2023-09-07 20:32:25,133 [main] WARN  server.ServerUtils (ServerUtils.java:sanitizeUserArgs(80)) - ozone.scm.stale.node.interval value = 300000 is larger than max = 100000 based on the key value of ozone.scm.heartbeat.thread.interval, reset to the max value 100000.
2023-09-07 20:32:25,134 [main] INFO  node.SCMNodeManager (SCMNodeManager.java:<init>(157)) - Entering startup safe mode.
2023-09-07 20:32:25,134 [main] INFO  algorithms.ContainerPlacementPolicyFactory (ContainerPlacementPolicyFactory.java:getPolicyInternal(86)) - Create container placement policy of type org.apache.hadoop.hdds.scm.container.placement.algorithms.SCMContainerPlacementRackAware
2023-09-07 20:32:25,134 [main] INFO  algorithms.ContainerPlacementPolicyFactory (ContainerPlacementPolicyFactory.java:getPolicyInternal(86)) - Create container placement policy of type org.apache.hadoop.hdds.scm.container.placement.algorithms.SCMContainerPlacementRackScatter
2023-09-07 20:32:25,134 [main] INFO  pipeline.PipelineStateManagerImpl (PipelineStateManagerImpl.java:initialize(78)) - No pipeline exists in current db
2023-09-07 20:32:25,135 [main] INFO  algorithms.LeaderChoosePolicyFactory (LeaderChoosePolicyFactory.java:getPolicy(57)) - Create leader choose policy of type org.apache.hadoop.hdds.scm.pipeline.leader.choose.algorithms.MinLeaderCountChoosePolicy
2023-09-07 20:32:25,135 [main] INFO  algorithms.ContainerPlacementPolicyFactory (ContainerPlacementPolicyFactory.java:getPolicyInternal(86)) - Create container placement policy of type org.apache.hadoop.hdds.scm.container.placement.algorithms.SCMContainerPlacementRackScatter
2023-09-07 20:32:25,135 [main] INFO  ha.SCMServiceManager (SCMServiceManager.java:register(42)) - Registering service BackgroundPipelineCreator.
2023-09-07 20:32:25,135 [main] INFO  pipeline.BackgroundPipelineCreator (BackgroundPipelineCreator.java:start(124)) - Starting RatisPipelineUtilsThread.
2023-09-07 20:32:25,135 [main] INFO  BackgroundPipelineScrubber (BackgroundSCMService.java:start(68)) - Starting BackgroundPipelineScrubber Service.
2023-09-07 20:32:25,136 [main] INFO  ha.SCMServiceManager (SCMServiceManager.java:register(42)) - Registering service BackgroundPipelineScrubber.
2023-09-07 20:32:25,136 [main] INFO  ExpiredContainerReplicaOpScrubber (BackgroundSCMService.java:start(68)) - Starting ExpiredContainerReplicaOpScrubber Service.
2023-09-07 20:32:25,136 [main] INFO  ha.SCMServiceManager (SCMServiceManager.java:register(42)) - Registering service ExpiredContainerReplicaOpScrubber.
2023-09-07 20:32:25,137 [main] INFO  algorithms.PipelineChoosePolicyFactory (PipelineChoosePolicyFactory.java:createPipelineChoosePolicyFromClass(78)) - Create pipeline choose policy of type org.apache.hadoop.hdds.scm.pipeline.choose.algorithms.RandomPipelineChoosePolicy
2023-09-07 20:32:25,137 [main] INFO  algorithms.PipelineChoosePolicyFactory (PipelineChoosePolicyFactory.java:createPipelineChoosePolicyFromClass(78)) - Create pipeline choose policy of type org.apache.hadoop.hdds.scm.pipeline.choose.algorithms.RandomPipelineChoosePolicy
2023-09-07 20:32:25,138 [main] INFO  ha.SCMServiceManager (SCMServiceManager.java:register(42)) - Registering service SCMBlockDeletingService.
2023-09-07 20:32:25,138 [main] INFO  replication.ReplicationManager (ReplicationManager.java:start(291)) - Starting Replication Monitor Thread.
2023-09-07 20:32:25,144 [main] INFO  ha.SCMServiceManager (SCMServiceManager.java:register(42)) - Registering service ReplicationManager.
2023-09-07 20:32:25,144 [main] INFO  safemode.ContainerSafeModeRule (ContainerSafeModeRule.java:<init>(90)) - containers with one replica threshold count 0
2023-09-07 20:32:25,144 [main] INFO  safemode.HealthyPipelineSafeModeRule (HealthyPipelineSafeModeRule.java:initializeRule(169)) - Total pipeline count is 0, healthy pipeline threshold count is 1
2023-09-07 20:32:25,144 [main] INFO  safemode.OneReplicaPipelineSafeModeRule (OneReplicaPipelineSafeModeRule.java:initializeRule(180)) - Total pipeline count is 0, pipeline's with at least one datanode reported threshold count is 0
2023-09-07 20:32:25,145 [ReplicationMonitor] INFO  replication.ReplicationManager (ReplicationManager.java:processAll(365)) - Replication Manager is not ready to run until 3000ms after safemode exit
2023-09-07 20:32:25,145 [main] INFO  server.StorageContainerManager (StorageContainerManager.java:<init>(425)) - SCM start with adminUsers: [runner]
2023-09-07 20:32:25,145 [main] INFO  ipc.CallQueueManager (CallQueueManager.java:<init>(90)) - Using callQueue: class java.util.concurrent.LinkedBlockingQueue, queueCapacity: 2000, scheduler: class org.apache.hadoop.ipc.DefaultRpcScheduler, ipcBackoff: false.
2023-09-07 20:32:25,145 [main] INFO  ipc.Server (Server.java:<init>(1287)) - Listener at 0.0.0.0:15161
2023-09-07 20:32:25,146 [Socket Reader #1 for port 15161] INFO  ipc.Server (Server.java:run(1323)) - Starting Socket Reader #1 for port 15161
2023-09-07 20:32:25,147 [main] INFO  ipc.CallQueueManager (CallQueueManager.java:<init>(90)) - Using callQueue: class java.util.concurrent.LinkedBlockingQueue, queueCapacity: 2000, scheduler: class org.apache.hadoop.ipc.DefaultRpcScheduler, ipcBackoff: false.
2023-09-07 20:32:25,147 [main] INFO  ipc.Server (Server.java:<init>(1287)) - Listener at 0.0.0.0:15160
2023-09-07 20:32:25,148 [Socket Reader #1 for port 15160] INFO  ipc.Server (Server.java:run(1323)) - Starting Socket Reader #1 for port 15160
2023-09-07 20:32:25,148 [main] INFO  ipc.CallQueueManager (CallQueueManager.java:<init>(90)) - Using callQueue: class java.util.concurrent.LinkedBlockingQueue, queueCapacity: 2000, scheduler: class org.apache.hadoop.ipc.DefaultRpcScheduler, ipcBackoff: false.
2023-09-07 20:32:25,149 [main] INFO  ipc.Server (Server.java:<init>(1287)) - Listener at 0.0.0.0:15159
2023-09-07 20:32:25,149 [Socket Reader #1 for port 15159] INFO  ipc.Server (Server.java:run(1323)) - Starting Socket Reader #1 for port 15159
2023-09-07 20:32:25,154 [main] INFO  ha.SCMServiceManager (SCMServiceManager.java:register(42)) - Registering service ContainerBalancer.
2023-09-07 20:32:25,154 [main] INFO  server.StorageContainerManager (StorageContainerManager.java:<init>(438)) - 
Container Balancer status:
Key                            Value
Running                        false
Container Balancer Configuration values:
Key                                                Value
Threshold                                          10
Max Datanodes to Involve per Iteration(percent)    20
Max Size to Move per Iteration                     500GB
Max Size Entering Target per Iteration             26GB
Max Size Leaving Source per Iteration              26GB

2023-09-07 20:32:25,155 [main] INFO  ha.SCMContext (SCMContext.java:updateSafeModeStatus(228)) - Update SafeModeStatus from SafeModeStatus{safeModeStatus=true, preCheckPassed=false} to SafeModeStatus{safeModeStatus=true, preCheckPassed=false}.
2023-09-07 20:32:25,155 [main] INFO  server.StorageContainerManager (StorageContainerManager.java:start(1483)) - StorageContainerLocationProtocol RPC server is listening at /0.0.0.0:15159
2023-09-07 20:32:25,157 [main] WARN  impl.MetricsConfig (MetricsConfig.java:loadFirst(136)) - Cannot locate configuration: tried hadoop-metrics2-storagecontainermanager.properties,hadoop-metrics2.properties
2023-09-07 20:32:25,157 [main] INFO  impl.MetricsSystemImpl (MetricsSystemImpl.java:startTimer(378)) - Scheduled Metric snapshot period at 10 second(s).
2023-09-07 20:32:25,158 [main] INFO  impl.MetricsSystemImpl (MetricsSystemImpl.java:start(191)) - StorageContainerManager metrics system started
2023-09-07 20:32:25,167 [main] INFO  impl.MetricsSinkAdapter (MetricsSinkAdapter.java:start(204)) - Sink prometheus started
2023-09-07 20:32:25,167 [main] INFO  impl.MetricsSystemImpl (MetricsSystemImpl.java:registerSink(305)) - Registered sink prometheus
2023-09-07 20:32:25,190 [main] INFO  server.SCMClientProtocolServer (SCMClientProtocolServer.java:start(201)) - RPC server for Client  is listening at /0.0.0.0:15159
2023-09-07 20:32:25,206 [IPC Server Responder] INFO  ipc.Server (Server.java:run(1562)) - IPC Server Responder: starting
2023-09-07 20:32:25,221 [IPC Server listener on 15159] INFO  ipc.Server (Server.java:run(1402)) - IPC Server listener on 15159: starting
2023-09-07 20:32:25,229 [main] INFO  server.StorageContainerManager (StorageContainerManager.java:start(1496)) - ScmBlockLocationProtocol RPC server is listening at /0.0.0.0:15160
2023-09-07 20:32:25,230 [main] INFO  server.SCMBlockProtocolServer (SCMBlockProtocolServer.java:start(154)) - RPC server for Block Protocol is listening at /0.0.0.0:15160
2023-09-07 20:32:25,230 [IPC Server Responder] INFO  ipc.Server (Server.java:run(1562)) - IPC Server Responder: starting
2023-09-07 20:32:25,230 [IPC Server listener on 15160] INFO  ipc.Server (Server.java:run(1402)) - IPC Server listener on 15160: starting
2023-09-07 20:32:25,234 [main] INFO  server.SCMDatanodeProtocolServer (SCMDatanodeProtocolServer.java:start(193)) - ScmDatanodeProtocol RPC server for DataNodes is listening at /0.0.0.0:15161
2023-09-07 20:32:25,235 [IPC Server Responder] INFO  ipc.Server (Server.java:run(1562)) - IPC Server Responder: starting
2023-09-07 20:32:25,235 [IPC Server listener on 15161] INFO  ipc.Server (Server.java:run(1402)) - IPC Server listener on 15161: starting
2023-09-07 20:32:25,244 [main] INFO  http.BaseHttpServer (BaseHttpServer.java:newHttpServer2BuilderForOzone(223)) - Starting Web-server for scm at: http://0.0.0.0:15162
2023-09-07 20:32:25,244 [JvmPauseMonitor21] INFO  util.JvmPauseMonitor (JvmPauseMonitor.java:run(103)) - JvmPauseMonitor-82373029-d685-4cf2-ba93-8709b9e25643: Started
2023-09-07 20:32:25,245 [main] INFO  http.BaseHttpServer (BaseHttpServer.java:<init>(110)) - Hadoop Security Enabled: false Ozone Security Enabled: false Ozone HTTP Security Enabled: false 
2023-09-07 20:32:25,246 [main] WARN  server.AuthenticationFilter (AuthenticationFilter.java:constructSecretProvider(240)) - Unable to initialize FileSignerSecretProvider, falling back to use random secrets. Reason: Could not read signature secret file: /home/runner/hadoop-http-auth-signature-secret
2023-09-07 20:32:25,247 [main] INFO  http.HttpRequestLog (HttpRequestLog.java:getRequestLog(86)) - Http request log for http.requests.scm is not defined
2023-09-07 20:32:25,249 [main] INFO  http.HttpServer2 (HttpServer2.java:addGlobalFilter(1031)) - Added global filter 'safety' (class=org.apache.hadoop.hdds.server.http.HttpServer2$QuotingInputFilter)
2023-09-07 20:32:25,249 [main] INFO  http.HttpServer2 (HttpServer2.java:addFilter(1007)) - Added filter static_user_filter (class=org.apache.hadoop.http.lib.StaticUserWebFilter$StaticUserFilter) to context scm
2023-09-07 20:32:25,250 [main] INFO  http.HttpServer2 (HttpServer2.java:addFilter(1015)) - Added filter static_user_filter (class=org.apache.hadoop.http.lib.StaticUserWebFilter$StaticUserFilter) to context static
2023-09-07 20:32:25,250 [main] INFO  http.HttpServer2 (HttpServer2.java:addFilter(1015)) - Added filter static_user_filter (class=org.apache.hadoop.http.lib.StaticUserWebFilter$StaticUserFilter) to context logs
2023-09-07 20:32:25,250 [main] INFO  http.BaseHttpServer (BaseHttpServer.java:<init>(189)) - HTTP server of scm uses base directory /home/runner/work/ozone/ozone/hadoop-ozone/integration-test/target/test-dir/MiniOzoneClusterImpl-5752d0ac-6059-42ff-b166-1d3c6b9f978d/ozone-meta/webserver
2023-09-07 20:32:25,251 [main] INFO  http.HttpServer2 (HttpServer2.java:bindListener(1231)) - Jetty bound to port 15162
2023-09-07 20:32:25,251 [main] INFO  server.Server (Server.java:doStart(375)) - jetty-9.4.51.v20230217; built: 2023-02-17T08:19:37.309Z; git: b45c405e4544384de066f814ed42ae3dceacdd49; jvm 1.8.0_382-b05
2023-09-07 20:32:25,255 [main] INFO  server.session (DefaultSessionIdManager.java:doStart(334)) - DefaultSessionIdManager workerName=node0
2023-09-07 20:32:25,256 [main] INFO  server.session (DefaultSessionIdManager.java:doStart(339)) - No SessionScavenger set, using defaults
2023-09-07 20:32:25,256 [main] INFO  server.session (HouseKeeper.java:startScavenging(132)) - node0 Scavenging every 660000ms
2023-09-07 20:32:25,257 [main] INFO  handler.ContextHandler (ContextHandler.java:doStart(921)) - Started o.e.j.s.ServletContextHandler@4ed2114e{logs,/logs,file:///home/runner/work/ozone/ozone/hadoop-ozone/integration-test/target/log,AVAILABLE}
2023-09-07 20:32:25,257 [main] INFO  handler.ContextHandler (ContextHandler.java:doStart(921)) - Started o.e.j.s.ServletContextHandler@24eb2b21{static,/static,file:///home/runner/work/ozone/ozone/hadoop-ozone/integration-test/target/test-classes/webapps/static,AVAILABLE}
2023-09-07 20:32:25,265 [main] INFO  handler.ContextHandler (ContextHandler.java:doStart(921)) - Started o.e.j.w.WebAppContext@1cb50ab1{scm,/,file:///home/runner/work/ozone/ozone/hadoop-ozone/integration-test/target/test-classes/webapps/scm/,AVAILABLE}{file:/home/runner/work/ozone/ozone/hadoop-ozone/integration-test/target/test-classes/webapps/scm}
2023-09-07 20:32:25,267 [main] INFO  server.AbstractConnector (AbstractConnector.java:doStart(333)) - Started ServerConnector@37aafdc6{HTTP/1.1, (http/1.1)}{0.0.0.0:15162}
2023-09-07 20:32:25,267 [main] INFO  server.Server (Server.java:doStart(415)) - Started @316340ms
2023-09-07 20:32:25,267 [main] WARN  impl.MetricsSystemImpl (MetricsSystemImpl.java:register(279)) - Sink prometheus already exists!
2023-09-07 20:32:25,268 [main] INFO  http.BaseHttpServer (BaseHttpServer.java:updateConnectorAddress(354)) - HTTP server of scm listening at http://0.0.0.0:15162
2023-09-07 20:32:25,268 [main] WARN  server.ServerUtils (ServerUtils.java:getDBPath(311)) - ozone.om.db.dirs is not configured. We recommend adding this setting. Falling back to ozone.metadata.dirs instead.
2023-09-07 20:32:25,270 [main] INFO  ha.OMHANodeDetails (OMHANodeDetails.java:loadOMHAConfig(115)) - ozone.om.internal.service.id is not defined, falling back to ozone.om.service.ids to find serviceID for OzoneManager if it is HA enabled cluster
2023-09-07 20:32:25,271 [main] INFO  ha.OMHANodeDetails (OMHANodeDetails.java:loadOMHAConfig(226)) - Configuration does not have ozone.om.address set. Falling back to the default OM address /127.0.0.1:15163
2023-09-07 20:32:25,271 [main] INFO  ha.OMHANodeDetails (OMHANodeDetails.java:getOMNodeDetailsForNonHA(254)) - OM Service ID is not set. Setting it to the default ID: omServiceIdDefault
2023-09-07 20:32:25,271 [main] INFO  ha.OMHANodeDetails (OMHANodeDetails.java:getOMNodeDetailsForNonHA(261)) - OM Node ID is not set. Setting it to the default ID: om1
2023-09-07 20:32:25,271 [main] WARN  server.ServerUtils (ServerUtils.java:getDBPath(311)) - ozone.om.db.dirs is not configured. We recommend adding this setting. Falling back to ozone.metadata.dirs instead.
2023-09-07 20:32:25,272 [main] INFO  upgrade.AbstractLayoutVersionManager (AbstractLayoutVersionManager.java:init(83)) - Initializing Layout version manager with metadata layout = QUOTA (version = 6), software layout = QUOTA (version = 6)
2023-09-07 20:32:25,393 [main] INFO  reflections.Reflections (Reflections.java:scan(232)) - Reflections took 120 ms to scan 2 urls, producing 186 keys and 513 values [using 2 cores]
2023-09-07 20:32:25,394 [main] INFO  upgrade.OMLayoutVersionManager (OMLayoutVersionManager.java:lambda$0(115)) - Skipping Upgrade Action MockOmUpgradeAction since it has been finalized.
2023-09-07 20:32:25,394 [main] INFO  upgrade.OMLayoutVersionManager (OMLayoutVersionManager.java:lambda$0(115)) - Skipping Upgrade Action QuotaRepairUpgradeAction since it has been finalized.
2023-09-07 20:32:25,394 [main] WARN  server.ServerUtils (ServerUtils.java:getDBPath(311)) - ozone.om.db.dirs is not configured. We recommend adding this setting. Falling back to ozone.metadata.dirs instead.
2023-09-07 20:32:25,395 [main] INFO  proxy.SCMBlockLocationFailoverProxyProvider (SCMBlockLocationFailoverProxyProvider.java:<init>(114)) - Created block location fail-over proxy with 1 nodes: [nodeId=scmNodeId,nodeAddress=/0.0.0.0:15160]
2023-09-07 20:32:25,396 [main] INFO  proxy.SCMBlockLocationFailoverProxyProvider (SCMBlockLocationFailoverProxyProvider.java:<init>(114)) - Created block location fail-over proxy with 1 nodes: [nodeId=scmNodeId,nodeAddress=/0.0.0.0:15160]
2023-09-07 20:32:25,406 [main] INFO  om.OzoneManager (OzoneManager.java:<init>(665)) - OM start with adminUsers: [runner]
2023-09-07 20:32:25,406 [main] WARN  server.ServerUtils (ServerUtils.java:getDBPath(311)) - ozone.om.db.dirs is not configured. We recommend adding this setting. Falling back to ozone.metadata.dirs instead.
2023-09-07 20:32:25,407 [main] INFO  helpers.OmKeyInfo (OmKeyInfo.java:getCodec(71)) - OmKeyInfo.getCodec ignorePipeline = true
2023-09-07 20:32:25,707 [main] INFO  om.OzoneManager (OzoneManager.java:instantiateServices(794)) - S3 Multi-Tenancy is disabled
2023-09-07 20:32:25,708 [main] INFO  om.OmSnapshotManager (OmSnapshotManager.java:<init>(174)) - Ozone filesystem snapshot feature is enabled.
2023-09-07 20:32:25,708 [main] WARN  server.ServerUtils (ServerUtils.java:getDBPath(311)) - ozone.om.snapshot.diff.db.dir is not configured. We recommend adding this setting. Falling back to ozone.metadata.dirs instead.
2023-09-07 20:32:25,743 [main] INFO  snapshot.SnapshotDiffManager (SnapshotDiffManager.java:closeExecutorService(1706)) - Shutting down executorService: 'SstDumpToolExecutor'
2023-09-07 20:32:25,745 [main] INFO  om.OzoneManager (OzoneManager.java:addS3GVolumeToDB(4301)) - Created Volume s3v With Owner runner required for S3Gateway operations.
2023-09-07 20:32:25,745 [main] INFO  om.OzoneManager (OzoneManager.java:getRpcServer(1196)) - Creating RPC Server
2023-09-07 20:32:26,315 [main] INFO  reflections.Reflections (Reflections.java:scan(232)) - Reflections took 567 ms to scan 19 urls, producing 70 keys and 5670 values [using 2 cores]
2023-09-07 20:32:26,317 [main] INFO  ipc.CallQueueManager (CallQueueManager.java:<init>(90)) - Using callQueue: class java.util.concurrent.LinkedBlockingQueue, queueCapacity: 2000, scheduler: class org.apache.hadoop.ipc.DefaultRpcScheduler, ipcBackoff: false.
2023-09-07 20:32:26,317 [main] INFO  ipc.Server (Server.java:<init>(1287)) - Listener at 127.0.0.1:15163
2023-09-07 20:32:26,318 [Socket Reader #1 for port 15163] INFO  ipc.Server (Server.java:run(1323)) - Starting Socket Reader #1 for port 15163
2023-09-07 20:32:26,344 [main] INFO  impl.MetricsSystemImpl (MetricsSystemImpl.java:init(158)) - OzoneManager metrics system started (again)
2023-09-07 20:32:26,357 [main] INFO  om.OzoneManager (OzoneManager.java:start(1630)) - OzoneManager RPC server is listening at localhost/127.0.0.1:15163
2023-09-07 20:32:26,362 [main] INFO  om.OzoneManager (OzoneManager.java:start(1646)) - Version File has different layout version (6) than OM DB (null). That is expected if this OM has never been finalized to a newer layout version.
2023-09-07 20:32:26,369 [main] INFO  http.BaseHttpServer (BaseHttpServer.java:newHttpServer2BuilderForOzone(223)) - Starting Web-server for ozoneManager at: http://0.0.0.0:15164
2023-09-07 20:32:26,369 [main] INFO  http.BaseHttpServer (BaseHttpServer.java:<init>(110)) - Hadoop Security Enabled: false Ozone Security Enabled: false Ozone HTTP Security Enabled: false 
2023-09-07 20:32:26,370 [main] WARN  server.AuthenticationFilter (AuthenticationFilter.java:constructSecretProvider(240)) - Unable to initialize FileSignerSecretProvider, falling back to use random secrets. Reason: Could not read signature secret file: /home/runner/hadoop-http-auth-signature-secret
2023-09-07 20:32:26,371 [main] INFO  http.HttpRequestLog (HttpRequestLog.java:getRequestLog(86)) - Http request log for http.requests.ozoneManager is not defined
2023-09-07 20:32:26,372 [main] INFO  http.HttpServer2 (HttpServer2.java:addGlobalFilter(1031)) - Added global filter 'safety' (class=org.apache.hadoop.hdds.server.http.HttpServer2$QuotingInputFilter)
2023-09-07 20:32:26,373 [main] INFO  http.HttpServer2 (HttpServer2.java:addFilter(1007)) - Added filter static_user_filter (class=org.apache.hadoop.http.lib.StaticUserWebFilter$StaticUserFilter) to context ozoneManager
2023-09-07 20:32:26,373 [main] INFO  http.HttpServer2 (HttpServer2.java:addFilter(1015)) - Added filter static_user_filter (class=org.apache.hadoop.http.lib.StaticUserWebFilter$StaticUserFilter) to context static
2023-09-07 20:32:26,373 [main] INFO  http.HttpServer2 (HttpServer2.java:addFilter(1015)) - Added filter static_user_filter (class=org.apache.hadoop.http.lib.StaticUserWebFilter$StaticUserFilter) to context logs
2023-09-07 20:32:26,374 [main] INFO  http.BaseHttpServer (BaseHttpServer.java:<init>(189)) - HTTP server of ozoneManager uses base directory /home/runner/work/ozone/ozone/hadoop-ozone/integration-test/target/test-dir/MiniOzoneClusterImpl-5752d0ac-6059-42ff-b166-1d3c6b9f978d/ozone-meta/webserver
2023-09-07 20:32:26,374 [main] INFO  http.HttpServer2 (HttpServer2.java:bindListener(1231)) - Jetty bound to port 15164
2023-09-07 20:32:26,374 [main] INFO  server.Server (Server.java:doStart(375)) - jetty-9.4.51.v20230217; built: 2023-02-17T08:19:37.309Z; git: b45c405e4544384de066f814ed42ae3dceacdd49; jvm 1.8.0_382-b05
2023-09-07 20:32:26,375 [main] INFO  server.session (DefaultSessionIdManager.java:doStart(334)) - DefaultSessionIdManager workerName=node0
2023-09-07 20:32:26,376 [main] INFO  server.session (DefaultSessionIdManager.java:doStart(339)) - No SessionScavenger set, using defaults
2023-09-07 20:32:26,376 [main] INFO  server.session (HouseKeeper.java:startScavenging(132)) - node0 Scavenging every 660000ms
2023-09-07 20:32:26,377 [main] INFO  handler.ContextHandler (ContextHandler.java:doStart(921)) - Started o.e.j.s.ServletContextHandler@1775bf9{logs,/logs,file:///home/runner/work/ozone/ozone/hadoop-ozone/integration-test/target/log,AVAILABLE}
2023-09-07 20:32:26,377 [main] INFO  handler.ContextHandler (ContextHandler.java:doStart(921)) - Started o.e.j.s.ServletContextHandler@7dbc83c1{static,/static,file:///home/runner/work/ozone/ozone/hadoop-ozone/integration-test/target/test-classes/webapps/static,AVAILABLE}
2023-09-07 20:32:26,381 [main] INFO  handler.ContextHandler (ContextHandler.java:doStart(921)) - Started o.e.j.w.WebAppContext@5bb9b328{ozoneManager,/,file:///home/runner/work/ozone/ozone/hadoop-ozone/integration-test/target/test-classes/webapps/ozoneManager/,AVAILABLE}{file:/home/runner/work/ozone/ozone/hadoop-ozone/integration-test/target/test-classes/webapps/ozoneManager}
2023-09-07 20:32:26,382 [main] INFO  server.AbstractConnector (AbstractConnector.java:doStart(333)) - Started ServerConnector@6030fd3e{HTTP/1.1, (http/1.1)}{0.0.0.0:15164}
2023-09-07 20:32:26,382 [main] INFO  server.Server (Server.java:doStart(415)) - Started @317456ms
2023-09-07 20:32:26,383 [main] WARN  impl.MetricsSystemImpl (MetricsSystemImpl.java:register(279)) - Sink prometheus already exists!
2023-09-07 20:32:26,383 [main] INFO  http.BaseHttpServer (BaseHttpServer.java:updateConnectorAddress(354)) - HTTP server of ozoneManager listening at http://0.0.0.0:15164
2023-09-07 20:32:26,384 [IPC Server Responder] INFO  ipc.Server (Server.java:run(1562)) - IPC Server Responder: starting
2023-09-07 20:32:26,388 [IPC Server listener on 15163] INFO  ipc.Server (Server.java:run(1402)) - IPC Server listener on 15163: starting
2023-09-07 20:32:26,393 [main] INFO  om.TrashPolicyOzone (TrashPolicyOzone.java:<init>(277)) - Ozone Manager trash configuration: Deletion interval = 0 minutes, Emptier interval = 0 minutes.
2023-09-07 20:32:26,394 [JvmPauseMonitor22] INFO  util.JvmPauseMonitor (JvmPauseMonitor.java:run(103)) - JvmPauseMonitor-110d99f0-14ec-47ee-9198-eb728b7cdf35: Started
2023-09-07 20:32:26,414 [main] INFO  impl.MetricsSystemImpl (MetricsSystemImpl.java:init(158)) - HddsDatanode metrics system started (again)
2023-09-07 20:32:26,428 [main] INFO  ozone.HddsDatanodeService (HddsDatanodeService.java:start(237)) - HddsDatanodeService host:fv-az259-394.nxnqhby4qkoexpon2s1bx5vqxg.dx.internal.cloudapp.net ip:10.1.0.11
2023-09-07 20:32:26,461 [main] INFO  upgrade.AbstractLayoutVersionManager (AbstractLayoutVersionManager.java:init(83)) - Initializing Layout version manager with metadata layout = HADOOP_PRC_PORTS_IN_DATANODEDETAILS (version = 7), software layout = HADOOP_PRC_PORTS_IN_DATANODEDETAILS (version = 7)
2023-09-07 20:32:26,462 [main] INFO  statemachine.DatanodeStateMachine (DatanodeStateMachine.java:getEndPointTaskThreadPoolSize(282)) - Datanode State Machine Task Thread Pool size 2
2023-09-07 20:32:26,463 [main] INFO  volume.HddsVolume (HddsVolume.java:<init>(126)) - Creating HddsVolume: /home/runner/work/ozone/ozone/hadoop-ozone/integration-test/target/test-dir/MiniOzoneClusterImpl-5752d0ac-6059-42ff-b166-1d3c6b9f978d/datanode-0/data-0/containers/hdds of storage type : DISK capacity : 9223372036854775807
2023-09-07 20:32:26,463 [main] INFO  volume.MutableVolumeSet (MutableVolumeSet.java:initializeVolumeSet(173)) - Added Volume : /home/runner/work/ozone/ozone/hadoop-ozone/integration-test/target/test-dir/MiniOzoneClusterImpl-5752d0ac-6059-42ff-b166-1d3c6b9f978d/datanode-0/data-0/containers/hdds to VolumeSet
2023-09-07 20:32:26,464 [main] INFO  volume.MutableVolumeSet (MutableVolumeSet.java:initializeVolumeSet(173)) - Added Volume : /home/runner/work/ozone/ozone/hadoop-ozone/integration-test/target/test-dir/MiniOzoneClusterImpl-5752d0ac-6059-42ff-b166-1d3c6b9f978d/datanode-0/data/ratis to VolumeSet
2023-09-07 20:32:26,464 [Thread-1939] INFO  ozoneimpl.ContainerReader (ContainerReader.java:readVolume(177)) - Finish verifying containers on volume /home/runner/work/ozone/ozone/hadoop-ozone/integration-test/target/test-dir/MiniOzoneClusterImpl-5752d0ac-6059-42ff-b166-1d3c6b9f978d/datanode-0/data-0/containers/hdds
2023-09-07 20:32:26,465 [main] INFO  ozoneimpl.OzoneContainer (OzoneContainer.java:buildContainerSet(314)) - Build ContainerSet costs 0s
2023-09-07 20:32:26,467 [main] INFO  server.RaftServer (ConfUtils.java:logGet(46)) - raft.rpc.type = GRPC (default)
2023-09-07 20:32:26,468 [main] INFO  grpc.GrpcConfigKeys (ConfUtils.java:logFallback(53)) - raft.grpc.admin.host = null (fallback to raft.grpc.server.host)
2023-09-07 20:32:26,468 [main] INFO  grpc.GrpcConfigKeys (ConfUtils.java:logGet(46)) - raft.grpc.admin.port = 15172 (custom)
2023-09-07 20:32:26,468 [main] INFO  grpc.GrpcConfigKeys (ConfUtils.java:logFallback(53)) - raft.grpc.client.host = null (fallback to raft.grpc.server.host)
2023-09-07 20:32:26,468 [main] INFO  grpc.GrpcConfigKeys (ConfUtils.java:logGet(46)) - raft.grpc.client.port = 15171 (custom)
2023-09-07 20:32:26,468 [main] INFO  grpc.GrpcConfigKeys (ConfUtils.java:logGet(46)) - raft.grpc.server.host = null (default)
2023-09-07 20:32:26,468 [main] INFO  grpc.GrpcConfigKeys (ConfUtils.java:logGet(46)) - raft.grpc.server.port = 15173 (custom)
2023-09-07 20:32:26,469 [main] INFO  server.GrpcService (ConfUtils.java:logGet(46)) - raft.grpc.message.size.max = 32MB (=33554432) (custom)
2023-09-07 20:32:26,469 [main] INFO  server.RaftServerConfigKeys (ConfUtils.java:logGet(46)) - raft.server.log.appender.buffer.byte-limit = 33554432 (custom)
2023-09-07 20:32:26,469 [main] INFO  server.GrpcService (ConfUtils.java:logGet(46)) - raft.grpc.flow.control.window = 5MB (=5242880) (custom)
2023-09-07 20:32:26,469 [main] INFO  server.RaftServerConfigKeys (ConfUtils.java:logGet(46)) - raft.server.rpc.request.timeout = 60s (custom)
2023-09-07 20:32:26,469 [main] INFO  grpc.GrpcConfigKeys (ConfUtils.java:logGet(46)) - raft.grpc.server.heartbeat.channel = true (default)
2023-09-07 20:32:26,469 [main] INFO  grpc.GrpcConfigKeys (ConfUtils.java:logGet(46)) - raft.grpc.server.async.request.thread.pool.cached = true (default)
2023-09-07 20:32:26,469 [main] INFO  grpc.GrpcConfigKeys (ConfUtils.java:logGet(46)) - raft.grpc.server.async.request.thread.pool.size = 32 (default)
2023-09-07 20:32:26,474 [main] INFO  impl.DataStreamServerImpl (ConfUtils.java:logGet(46)) - raft.datastream.type = NETTY (custom)
2023-09-07 20:32:26,475 [main] INFO  server.RaftServerConfigKeys (ConfUtils.java:logGet(46)) - raft.server.data-stream.async.request.thread.pool.cached = false (default)
2023-09-07 20:32:26,475 [main] INFO  server.RaftServerConfigKeys (ConfUtils.java:logGet(46)) - raft.server.data-stream.async.request.thread.pool.size = 20 (custom)
2023-09-07 20:32:26,475 [main] INFO  server.RaftServerConfigKeys (ConfUtils.java:logGet(46)) - raft.server.data-stream.async.write.thread.pool.size = 16 (default)
2023-09-07 20:32:26,475 [main] INFO  server.RaftServerConfigKeys (ConfUtils.java:logGet(46)) - raft.server.data-stream.client.pool.size = 10 (default)
2023-09-07 20:32:26,476 [main] INFO  netty.NettyConfigKeys$DataStream (ConfUtils.java:logGet(46)) - raft.netty.dataStream.server.use-epoll = false (default)
2023-09-07 20:32:26,476 [main] INFO  netty.NettyConfigKeys$DataStream (ConfUtils.java:logGet(46)) - raft.netty.dataStream.server.boss-group.size = 0 (default)
2023-09-07 20:32:26,477 [main] INFO  netty.NettyConfigKeys$DataStream (ConfUtils.java:logGet(46)) - raft.netty.dataStream.server.worker-group.size = 0 (default)
2023-09-07 20:32:26,482 [main] INFO  netty.NettyConfigKeys$DataStream (ConfUtils.java:logGet(46)) - raft.netty.dataStream.server.tls.conf = null (default)
2023-09-07 20:32:26,482 [main] INFO  netty.NettyConfigKeys$DataStream (ConfUtils.java:logGet(46)) - raft.netty.dataStream.host = null (default)
2023-09-07 20:32:26,482 [main] INFO  netty.NettyConfigKeys$DataStream (ConfUtils.java:logGet(46)) - raft.netty.dataStream.port = 15174 (custom)
2023-09-07 20:32:26,484 [main] INFO  server.RaftServerConfigKeys (ConfUtils.java:logGet(46)) - raft.server.threadpool.proxy.cached = true (default)
2023-09-07 20:32:26,484 [main] INFO  server.RaftServerConfigKeys (ConfUtils.java:logGet(46)) - raft.server.threadpool.proxy.size = 0 (default)
2023-09-07 20:32:26,484 [main] INFO  server.RaftServerConfigKeys (ConfUtils.java:logGet(46)) - raft.server.rpc.slowness.timeout = 300s (custom)
2023-09-07 20:32:26,484 [main] INFO  server.RaftServerConfigKeys (ConfUtils.java:logGet(46)) - raft.server.leaderelection.leader.step-down.wait-time = 10s (default)
2023-09-07 20:32:26,484 [main] INFO  server.RaftServerConfigKeys (ConfUtils.java:logGet(46)) - raft.server.storage.dir = [/home/runner/work/ozone/ozone/hadoop-ozone/integration-test/target/test-dir/MiniOzoneClusterImpl-5752d0ac-6059-42ff-b166-1d3c6b9f978d/datanode-0/data/ratis] (custom)
2023-09-07 20:32:26,485 [614edf31-22be-48a8-af09-2d4dd5301ee2-NettyServerStreamRpc-bossGroup--thread1] INFO  logging.LoggingHandler (AbstractInternalLogger.java:log(148)) - [id: 0x33741654] REGISTERED
2023-09-07 20:32:26,485 [614edf31-22be-48a8-af09-2d4dd5301ee2-NettyServerStreamRpc-bossGroup--thread1] INFO  logging.LoggingHandler (AbstractInternalLogger.java:log(148)) - [id: 0x33741654] BIND: 0.0.0.0/0.0.0.0:15174
2023-09-07 20:32:26,485 [614edf31-22be-48a8-af09-2d4dd5301ee2-NettyServerStreamRpc-bossGroup--thread1] INFO  logging.LoggingHandler (AbstractInternalLogger.java:log(148)) - [id: 0x33741654, L:/0:0:0:0:0:0:0:0:15174] ACTIVE
2023-09-07 20:32:26,486 [614edf31-22be-48a8-af09-2d4dd5301ee2-impl-thread1] INFO  server.RaftServer (RaftServerProxy.java:initGroupDir(258)) - 614edf31-22be-48a8-af09-2d4dd5301ee2: found a subdirectory /home/runner/work/ozone/ozone/hadoop-ozone/integration-test/target/test-dir/MiniOzoneClusterImpl-5752d0ac-6059-42ff-b166-1d3c6b9f978d/datanode-0/data/ratis/tmp
2023-09-07 20:32:26,486 [614edf31-22be-48a8-af09-2d4dd5301ee2-impl-thread1] INFO  server.RaftServer (RaftServerProxy.java:initGroupDir(263)) - 614edf31-22be-48a8-af09-2d4dd5301ee2: The directory /home/runner/work/ozone/ozone/hadoop-ozone/integration-test/target/test-dir/MiniOzoneClusterImpl-5752d0ac-6059-42ff-b166-1d3c6b9f978d/datanode-0/data/ratis/tmp is not a group directory; ignoring it. 
2023-09-07 20:32:26,486 [main] INFO  replication.ReplicationServer (ReplicationServer.java:<init>(81)) - Initializing replication server with thread count = 10
2023-09-07 20:32:26,488 [main] INFO  server.XceiverServerGrpc (XceiverServerGrpc.java:<init>(132)) - GrpcServer channel type EpollServerSocketChannel
2023-09-07 20:32:26,491 [main] INFO  replication.ReplicationSupervisor (ReplicationSupervisor.java:build(155)) - Initializing replication supervisor with thread count = 10
2023-09-07 20:32:26,491 [main] INFO  replication.ReplicationSupervisor (ReplicationSupervisor.java:nodeStateUpdated(307)) - Node state updated to IN_SERVICE, scaling executor pool size to 10
2023-09-07 20:32:26,495 [main] INFO  http.BaseHttpServer (BaseHttpServer.java:newHttpServer2BuilderForOzone(223)) - Starting Web-server for hddsDatanode at: http://0.0.0.0:15168
2023-09-07 20:32:26,495 [main] INFO  http.BaseHttpServer (BaseHttpServer.java:<init>(110)) - Hadoop Security Enabled: false Ozone Security Enabled: false Ozone HTTP Security Enabled: false 
2023-09-07 20:32:26,498 [main] WARN  server.AuthenticationFilter (AuthenticationFilter.java:constructSecretProvider(240)) - Unable to initialize FileSignerSecretProvider, falling back to use random secrets. Reason: Could not read signature secret file: /home/runner/hadoop-http-auth-signature-secret
2023-09-07 20:32:26,498 [main] INFO  http.HttpRequestLog (HttpRequestLog.java:getRequestLog(86)) - Http request log for http.requests.hddsDatanode is not defined
2023-09-07 20:32:26,500 [main] INFO  http.HttpServer2 (HttpServer2.java:addGlobalFilter(1031)) - Added global filter 'safety' (class=org.apache.hadoop.hdds.server.http.HttpServer2$QuotingInputFilter)
2023-09-07 20:32:26,501 [main] INFO  http.HttpServer2 (HttpServer2.java:addFilter(1007)) - Added filter static_user_filter (class=org.apache.hadoop.http.lib.StaticUserWebFilter$StaticUserFilter) to context hddsDatanode
2023-09-07 20:32:26,501 [main] INFO  http.HttpServer2 (HttpServer2.java:addFilter(1015)) - Added filter static_user_filter (class=org.apache.hadoop.http.lib.StaticUserWebFilter$StaticUserFilter) to context logs
2023-09-07 20:32:26,501 [main] INFO  http.HttpServer2 (HttpServer2.java:addFilter(1015)) - Added filter static_user_filter (class=org.apache.hadoop.http.lib.StaticUserWebFilter$StaticUserFilter) to context static
2023-09-07 20:32:26,502 [main] INFO  http.BaseHttpServer (BaseHttpServer.java:<init>(189)) - HTTP server of hddsDatanode uses base directory /home/runner/work/ozone/ozone/hadoop-ozone/integration-test/target/test-dir/MiniOzoneClusterImpl-5752d0ac-6059-42ff-b166-1d3c6b9f978d/datanode-0/meta/webserver
2023-09-07 20:32:26,502 [main] INFO  http.HttpServer2 (HttpServer2.java:bindListener(1231)) - Jetty bound to port 15168
2023-09-07 20:32:26,502 [main] INFO  server.Server (Server.java:doStart(375)) - jetty-9.4.51.v20230217; built: 2023-02-17T08:19:37.309Z; git: b45c405e4544384de066f814ed42ae3dceacdd49; jvm 1.8.0_382-b05
2023-09-07 20:32:26,504 [main] INFO  server.session (DefaultSessionIdManager.java:doStart(334)) - DefaultSessionIdManager workerName=node0
2023-09-07 20:32:26,504 [main] INFO  server.session (DefaultSessionIdManager.java:doStart(339)) - No SessionScavenger set, using defaults
2023-09-07 20:32:26,504 [main] INFO  server.session (HouseKeeper.java:startScavenging(132)) - node0 Scavenging every 660000ms
2023-09-07 20:32:26,505 [main] INFO  handler.ContextHandler (ContextHandler.java:doStart(921)) - Started o.e.j.s.ServletContextHandler@780b1d6d{logs,/logs,file:///home/runner/work/ozone/ozone/hadoop-ozone/integration-test/target/log,AVAILABLE}
2023-09-07 20:32:26,505 [main] INFO  handler.ContextHandler (ContextHandler.java:doStart(921)) - Started o.e.j.s.ServletContextHandler@3d4d0260{static,/static,jar:file:/home/runner/.m2/repository/org/apache/ozone/hdds-container-service/1.4.0-SNAPSHOT/hdds-container-service-1.4.0-SNAPSHOT.jar!/webapps/static,AVAILABLE}
2023-09-07 20:32:26,764 [main] INFO  handler.ContextHandler (ContextHandler.java:doStart(921)) - Started o.e.j.w.WebAppContext@280a4501{hddsDatanode,/,file:///home/runner/work/ozone/ozone/hadoop-ozone/integration-test/target/test-dir/MiniOzoneClusterImpl-5752d0ac-6059-42ff-b166-1d3c6b9f978d/datanode-0/meta/webserver/jetty-0_0_0_0-15168-hdds-container-service-1_4_0-SNAPSHOT_jar-_-any-4699558204951996635/webapp/,AVAILABLE}{jar:file:/home/runner/.m2/repository/org/apache/ozone/hdds-container-service/1.4.0-SNAPSHOT/hdds-container-service-1.4.0-SNAPSHOT.jar!/webapps/hddsDatanode}
2023-09-07 20:32:26,766 [main] INFO  server.AbstractConnector (AbstractConnector.java:doStart(333)) - Started ServerConnector@75af9a18{HTTP/1.1, (http/1.1)}{0.0.0.0:15168}
2023-09-07 20:32:26,766 [main] INFO  server.Server (Server.java:doStart(415)) - Started @317840ms
2023-09-07 20:32:26,767 [main] WARN  impl.MetricsSystemImpl (MetricsSystemImpl.java:register(279)) - Sink prometheus already exists!
2023-09-07 20:32:26,767 [main] INFO  http.BaseHttpServer (BaseHttpServer.java:updateConnectorAddress(354)) - HTTP server of hddsDatanode listening at http://0.0.0.0:15168
2023-09-07 20:32:26,768 [main] INFO  ipc.CallQueueManager (CallQueueManager.java:<init>(90)) - Using callQueue: class java.util.concurrent.LinkedBlockingQueue, queueCapacity: 100, scheduler: class org.apache.hadoop.ipc.DefaultRpcScheduler, ipcBackoff: false.
2023-09-07 20:32:26,768 [main] INFO  ipc.Server (Server.java:<init>(1287)) - Listener at 0.0.0.0:15169
2023-09-07 20:32:26,769 [Socket Reader #1 for port 15169] INFO  ipc.Server (Server.java:run(1323)) - Starting Socket Reader #1 for port 15169
2023-09-07 20:32:26,776 [main] INFO  ozone.HddsDatanodeService (HddsDatanodeService.java:start(315)) - Datanode start with admins: [runner]
2023-09-07 20:32:26,776 [main] INFO  ozone.HddsDatanodeClientProtocolServer (HddsDatanodeClientProtocolServer.java:start(72)) - RPC server for Client /0.0.0.0:15169
2023-09-07 20:32:26,776 [IPC Server Responder] INFO  ipc.Server (Server.java:run(1562)) - IPC Server Responder: starting
2023-09-07 20:32:26,778 [main] WARN  impl.MetricRegistriesImpl (MetricRegistriesImpl.java:addReporterRegistration(111)) - New reporters are added after registries were created. Some metrics will be missing from the reporter. Please add reporter before adding any new registry.
2023-09-07 20:32:26,778 [main] WARN  impl.MetricRegistriesImpl (MetricRegistriesImpl.java:addReporterRegistration(111)) - New reporters are added after registries were created. Some metrics will be missing from the reporter. Please add reporter before adding any new registry.
2023-09-07 20:32:26,778 [main] INFO  impl.MetricsSystemImpl (MetricsSystemImpl.java:init(158)) - HddsDatanode metrics system started (again)
2023-09-07 20:32:26,779 [IPC Server listener on 15169] INFO  ipc.Server (Server.java:run(1402)) - IPC Server listener on 15169: starting
2023-09-07 20:32:26,779 [Datanode State Machine Daemon Thread] INFO  statemachine.DatanodeStateMachine (DatanodeStateMachine.java:lambda$startDaemon$0(538)) - Ozone container server started.
2023-09-07 20:32:26,813 [Datanode State Machine Task Thread - 0] INFO  datanode.InitDatanodeState (InitDatanodeState.java:persistContainerDatanodeDetails(138)) - DatanodeDetails is persisted to /home/runner/work/ozone/ozone/hadoop-ozone/integration-test/target/test-dir/MiniOzoneClusterImpl-5752d0ac-6059-42ff-b166-1d3c6b9f978d/datanode-0/meta/datanode.id
2023-09-07 20:32:26,816 [main] INFO  ozone.HddsDatanodeService (HddsDatanodeService.java:start(237)) - HddsDatanodeService host:fv-az259-394.nxnqhby4qkoexpon2s1bx5vqxg.dx.internal.cloudapp.net ip:10.1.0.11
2023-09-07 20:32:26,858 [main] INFO  upgrade.AbstractLayoutVersionManager (AbstractLayoutVersionManager.java:init(83)) - Initializing Layout version manager with metadata layout = HADOOP_PRC_PORTS_IN_DATANODEDETAILS (version = 7), software layout = HADOOP_PRC_PORTS_IN_DATANODEDETAILS (version = 7)
2023-09-07 20:32:26,858 [main] INFO  statemachine.DatanodeStateMachine (DatanodeStateMachine.java:getEndPointTaskThreadPoolSize(282)) - Datanode State Machine Task Thread Pool size 2
2023-09-07 20:32:26,862 [main] INFO  volume.HddsVolume (HddsVolume.java:<init>(126)) - Creating HddsVolume: /home/runner/work/ozone/ozone/hadoop-ozone/integration-test/target/test-dir/MiniOzoneClusterImpl-5752d0ac-6059-42ff-b166-1d3c6b9f978d/datanode-1/data-0/containers/hdds of storage type : DISK capacity : 9223372036854775807
2023-09-07 20:32:26,862 [main] INFO  volume.MutableVolumeSet (MutableVolumeSet.java:initializeVolumeSet(173)) - Added Volume : /home/runner/work/ozone/ozone/hadoop-ozone/integration-test/target/test-dir/MiniOzoneClusterImpl-5752d0ac-6059-42ff-b166-1d3c6b9f978d/datanode-1/data-0/containers/hdds to VolumeSet
2023-09-07 20:32:26,863 [main] INFO  volume.MutableVolumeSet (MutableVolumeSet.java:initializeVolumeSet(173)) - Added Volume : /home/runner/work/ozone/ozone/hadoop-ozone/integration-test/target/test-dir/MiniOzoneClusterImpl-5752d0ac-6059-42ff-b166-1d3c6b9f978d/datanode-1/data/ratis to VolumeSet
2023-09-07 20:32:26,865 [Thread-1956] INFO  ozoneimpl.ContainerReader (ContainerReader.java:readVolume(177)) - Finish verifying containers on volume /home/runner/work/ozone/ozone/hadoop-ozone/integration-test/target/test-dir/MiniOzoneClusterImpl-5752d0ac-6059-42ff-b166-1d3c6b9f978d/datanode-1/data-0/containers/hdds
2023-09-07 20:32:26,865 [main] INFO  ozoneimpl.OzoneContainer (OzoneContainer.java:buildContainerSet(314)) - Build ContainerSet costs 0s
2023-09-07 20:32:26,868 [main] INFO  server.RaftServer (ConfUtils.java:logGet(46)) - raft.rpc.type = GRPC (default)
2023-09-07 20:32:26,868 [main] INFO  grpc.GrpcConfigKeys (ConfUtils.java:logFallback(53)) - raft.grpc.admin.host = null (fallback to raft.grpc.server.host)
2023-09-07 20:32:26,868 [main] INFO  grpc.GrpcConfigKeys (ConfUtils.java:logGet(46)) - raft.grpc.admin.port = 15181 (custom)
2023-09-07 20:32:26,869 [main] INFO  grpc.GrpcConfigKeys (ConfUtils.java:logFallback(53)) - raft.grpc.client.host = null (fallback to raft.grpc.server.host)
2023-09-07 20:32:26,869 [main] INFO  grpc.GrpcConfigKeys (ConfUtils.java:logGet(46)) - raft.grpc.client.port = 15180 (custom)
2023-09-07 20:32:26,869 [main] INFO  grpc.GrpcConfigKeys (ConfUtils.java:logGet(46)) - raft.grpc.server.host = null (default)
2023-09-07 20:32:26,869 [main] INFO  grpc.GrpcConfigKeys (ConfUtils.java:logGet(46)) - raft.grpc.server.port = 15182 (custom)
2023-09-07 20:32:26,869 [main] INFO  server.GrpcService (ConfUtils.java:logGet(46)) - raft.grpc.message.size.max = 32MB (=33554432) (custom)
2023-09-07 20:32:26,869 [main] INFO  server.RaftServerConfigKeys (ConfUtils.java:logGet(46)) - raft.server.log.appender.buffer.byte-limit = 33554432 (custom)
2023-09-07 20:32:26,870 [main] INFO  server.GrpcService (ConfUtils.java:logGet(46)) - raft.grpc.flow.control.window = 5MB (=5242880) (custom)
2023-09-07 20:32:26,870 [main] INFO  server.RaftServerConfigKeys (ConfUtils.java:logGet(46)) - raft.server.rpc.request.timeout = 60s (custom)
2023-09-07 20:32:26,870 [main] INFO  grpc.GrpcConfigKeys (ConfUtils.java:logGet(46)) - raft.grpc.server.heartbeat.channel = true (default)
2023-09-07 20:32:26,870 [main] INFO  grpc.GrpcConfigKeys (ConfUtils.java:logGet(46)) - raft.grpc.server.async.request.thread.pool.cached = true (default)
2023-09-07 20:32:26,870 [main] INFO  grpc.GrpcConfigKeys (ConfUtils.java:logGet(46)) - raft.grpc.server.async.request.thread.pool.size = 32 (default)
2023-09-07 20:32:26,873 [main] INFO  impl.DataStreamServerImpl (ConfUtils.java:logGet(46)) - raft.datastream.type = NETTY (custom)
2023-09-07 20:32:26,874 [main] INFO  server.RaftServerConfigKeys (ConfUtils.java:logGet(46)) - raft.server.data-stream.async.request.thread.pool.cached = false (default)
2023-09-07 20:32:26,874 [main] INFO  server.RaftServerConfigKeys (ConfUtils.java:logGet(46)) - raft.server.data-stream.async.request.thread.pool.size = 20 (custom)
2023-09-07 20:32:26,874 [main] INFO  server.RaftServerConfigKeys (ConfUtils.java:logGet(46)) - raft.server.data-stream.async.write.thread.pool.size = 16 (default)
2023-09-07 20:32:26,874 [main] INFO  server.RaftServerConfigKeys (ConfUtils.java:logGet(46)) - raft.server.data-stream.client.pool.size = 10 (default)
2023-09-07 20:32:26,874 [main] INFO  netty.NettyConfigKeys$DataStream (ConfUtils.java:logGet(46)) - raft.netty.dataStream.server.use-epoll = false (default)
2023-09-07 20:32:26,874 [main] INFO  netty.NettyConfigKeys$DataStream (ConfUtils.java:logGet(46)) - raft.netty.dataStream.server.boss-group.size = 0 (default)
2023-09-07 20:32:26,875 [main] INFO  netty.NettyConfigKeys$DataStream (ConfUtils.java:logGet(46)) - raft.netty.dataStream.server.worker-group.size = 0 (default)
2023-09-07 20:32:26,876 [main] INFO  netty.NettyConfigKeys$DataStream (ConfUtils.java:logGet(46)) - raft.netty.dataStream.server.tls.conf = null (default)
2023-09-07 20:32:26,876 [main] INFO  netty.NettyConfigKeys$DataStream (ConfUtils.java:logGet(46)) - raft.netty.dataStream.host = null (default)
2023-09-07 20:32:26,876 [main] INFO  netty.NettyConfigKeys$DataStream (ConfUtils.java:logGet(46)) - raft.netty.dataStream.port = 15183 (custom)
2023-09-07 20:32:26,879 [main] INFO  server.RaftServerConfigKeys (ConfUtils.java:logGet(46)) - raft.server.threadpool.proxy.cached = true (default)
2023-09-07 20:32:26,879 [main] INFO  server.RaftServerConfigKeys (ConfUtils.java:logGet(46)) - raft.server.threadpool.proxy.size = 0 (default)
2023-09-07 20:32:26,879 [main] INFO  server.RaftServerConfigKeys (ConfUtils.java:logGet(46)) - raft.server.rpc.slowness.timeout = 300s (custom)
2023-09-07 20:32:26,879 [main] INFO  server.RaftServerConfigKeys (ConfUtils.java:logGet(46)) - raft.server.leaderelection.leader.step-down.wait-time = 10s (default)
2023-09-07 20:32:26,880 [main] INFO  server.RaftServerConfigKeys (ConfUtils.java:logGet(46)) - raft.server.storage.dir = [/home/runner/work/ozone/ozone/hadoop-ozone/integration-test/target/test-dir/MiniOzoneClusterImpl-5752d0ac-6059-42ff-b166-1d3c6b9f978d/datanode-1/data/ratis] (custom)
2023-09-07 20:32:26,880 [18956b72-3f9a-4d33-a14d-cbde511355b4-NettyServerStreamRpc-bossGroup--thread1] INFO  logging.LoggingHandler (AbstractInternalLogger.java:log(148)) - [id: 0x85e3af20] REGISTERED
2023-09-07 20:32:26,880 [18956b72-3f9a-4d33-a14d-cbde511355b4-NettyServerStreamRpc-bossGroup--thread1] INFO  logging.LoggingHandler (AbstractInternalLogger.java:log(148)) - [id: 0x85e3af20] BIND: 0.0.0.0/0.0.0.0:15183
2023-09-07 20:32:26,880 [18956b72-3f9a-4d33-a14d-cbde511355b4-NettyServerStreamRpc-bossGroup--thread1] INFO  logging.LoggingHandler (AbstractInternalLogger.java:log(148)) - [id: 0x85e3af20, L:/0:0:0:0:0:0:0:0:15183] ACTIVE
2023-09-07 20:32:26,881 [18956b72-3f9a-4d33-a14d-cbde511355b4-impl-thread1] INFO  server.RaftServer (RaftServerProxy.java:initGroupDir(258)) - 18956b72-3f9a-4d33-a14d-cbde511355b4: found a subdirectory /home/runner/work/ozone/ozone/hadoop-ozone/integration-test/target/test-dir/MiniOzoneClusterImpl-5752d0ac-6059-42ff-b166-1d3c6b9f978d/datanode-1/data/ratis/tmp
2023-09-07 20:32:26,881 [18956b72-3f9a-4d33-a14d-cbde511355b4-impl-thread1] INFO  server.RaftServer (RaftServerProxy.java:initGroupDir(263)) - 18956b72-3f9a-4d33-a14d-cbde511355b4: The directory /home/runner/work/ozone/ozone/hadoop-ozone/integration-test/target/test-dir/MiniOzoneClusterImpl-5752d0ac-6059-42ff-b166-1d3c6b9f978d/datanode-1/data/ratis/tmp is not a group directory; ignoring it. 
2023-09-07 20:32:26,881 [main] INFO  replication.ReplicationServer (ReplicationServer.java:<init>(81)) - Initializing replication server with thread count = 10
2023-09-07 20:32:26,883 [main] INFO  server.XceiverServerGrpc (XceiverServerGrpc.java:<init>(132)) - GrpcServer channel type EpollServerSocketChannel
2023-09-07 20:32:26,888 [main] INFO  replication.ReplicationSupervisor (ReplicationSupervisor.java:build(155)) - Initializing replication supervisor with thread count = 10
2023-09-07 20:32:26,888 [main] INFO  replication.ReplicationSupervisor (ReplicationSupervisor.java:nodeStateUpdated(307)) - Node state updated to IN_SERVICE, scaling executor pool size to 10
2023-09-07 20:32:26,890 [main] INFO  http.BaseHttpServer (BaseHttpServer.java:newHttpServer2BuilderForOzone(223)) - Starting Web-server for hddsDatanode at: http://0.0.0.0:15177
2023-09-07 20:32:26,890 [main] INFO  http.BaseHttpServer (BaseHttpServer.java:<init>(110)) - Hadoop Security Enabled: false Ozone Security Enabled: false Ozone HTTP Security Enabled: false 
2023-09-07 20:32:26,891 [main] WARN  server.AuthenticationFilter (AuthenticationFilter.java:constructSecretProvider(240)) - Unable to initialize FileSignerSecretProvider, falling back to use random secrets. Reason: Could not read signature secret file: /home/runner/hadoop-http-auth-signature-secret
2023-09-07 20:32:26,892 [main] INFO  http.HttpRequestLog (HttpRequestLog.java:getRequestLog(86)) - Http request log for http.requests.hddsDatanode is not defined
2023-09-07 20:32:26,893 [main] INFO  http.HttpServer2 (HttpServer2.java:addGlobalFilter(1031)) - Added global filter 'safety' (class=org.apache.hadoop.hdds.server.http.HttpServer2$QuotingInputFilter)
2023-09-07 20:32:26,894 [main] INFO  http.HttpServer2 (HttpServer2.java:addFilter(1007)) - Added filter static_user_filter (class=org.apache.hadoop.http.lib.StaticUserWebFilter$StaticUserFilter) to context hddsDatanode
2023-09-07 20:32:26,894 [main] INFO  http.HttpServer2 (HttpServer2.java:addFilter(1015)) - Added filter static_user_filter (class=org.apache.hadoop.http.lib.StaticUserWebFilter$StaticUserFilter) to context logs
2023-09-07 20:32:26,894 [main] INFO  http.HttpServer2 (HttpServer2.java:addFilter(1015)) - Added filter static_user_filter (class=org.apache.hadoop.http.lib.StaticUserWebFilter$StaticUserFilter) to context static
2023-09-07 20:32:26,895 [main] INFO  http.BaseHttpServer (BaseHttpServer.java:<init>(189)) - HTTP server of hddsDatanode uses base directory /home/runner/work/ozone/ozone/hadoop-ozone/integration-test/target/test-dir/MiniOzoneClusterImpl-5752d0ac-6059-42ff-b166-1d3c6b9f978d/datanode-1/meta/webserver
2023-09-07 20:32:26,895 [main] INFO  http.HttpServer2 (HttpServer2.java:bindListener(1231)) - Jetty bound to port 15177
2023-09-07 20:32:26,895 [main] INFO  server.Server (Server.java:doStart(375)) - jetty-9.4.51.v20230217; built: 2023-02-17T08:19:37.309Z; git: b45c405e4544384de066f814ed42ae3dceacdd49; jvm 1.8.0_382-b05
2023-09-07 20:32:26,898 [main] INFO  server.session (DefaultSessionIdManager.java:doStart(334)) - DefaultSessionIdManager workerName=node0
2023-09-07 20:32:26,898 [main] INFO  server.session (DefaultSessionIdManager.java:doStart(339)) - No SessionScavenger set, using defaults
2023-09-07 20:32:26,899 [main] INFO  server.session (HouseKeeper.java:startScavenging(132)) - node0 Scavenging every 600000ms
2023-09-07 20:32:26,899 [main] INFO  handler.ContextHandler (ContextHandler.java:doStart(921)) - Started o.e.j.s.ServletContextHandler@67177661{logs,/logs,file:///home/runner/work/ozone/ozone/hadoop-ozone/integration-test/target/log,AVAILABLE}
2023-09-07 20:32:26,900 [main] INFO  handler.ContextHandler (ContextHandler.java:doStart(921)) - Started o.e.j.s.ServletContextHandler@6fceef19{static,/static,jar:file:/home/runner/.m2/repository/org/apache/ozone/hdds-container-service/1.4.0-SNAPSHOT/hdds-container-service-1.4.0-SNAPSHOT.jar!/webapps/static,AVAILABLE}
2023-09-07 20:32:27,216 [main] INFO  handler.ContextHandler (ContextHandler.java:doStart(921)) - Started o.e.j.w.WebAppContext@498c3541{hddsDatanode,/,file:///home/runner/work/ozone/ozone/hadoop-ozone/integration-test/target/test-dir/MiniOzoneClusterImpl-5752d0ac-6059-42ff-b166-1d3c6b9f978d/datanode-1/meta/webserver/jetty-0_0_0_0-15177-hdds-container-service-1_4_0-SNAPSHOT_jar-_-any-1257072011503586103/webapp/,AVAILABLE}{jar:file:/home/runner/.m2/repository/org/apache/ozone/hdds-container-service/1.4.0-SNAPSHOT/hdds-container-service-1.4.0-SNAPSHOT.jar!/webapps/hddsDatanode}
2023-09-07 20:32:27,218 [main] INFO  server.AbstractConnector (AbstractConnector.java:doStart(333)) - Started ServerConnector@3670ff30{HTTP/1.1, (http/1.1)}{0.0.0.0:15177}
2023-09-07 20:32:27,218 [main] INFO  server.Server (Server.java:doStart(415)) - Started @318292ms
2023-09-07 20:32:27,218 [main] WARN  impl.MetricsSystemImpl (MetricsSystemImpl.java:register(279)) - Sink prometheus already exists!
2023-09-07 20:32:27,219 [main] INFO  http.BaseHttpServer (BaseHttpServer.java:updateConnectorAddress(354)) - HTTP server of hddsDatanode listening at http://0.0.0.0:15177
2023-09-07 20:32:27,219 [main] INFO  ipc.CallQueueManager (CallQueueManager.java:<init>(90)) - Using callQueue: class java.util.concurrent.LinkedBlockingQueue, queueCapacity: 100, scheduler: class org.apache.hadoop.ipc.DefaultRpcScheduler, ipcBackoff: false.
2023-09-07 20:32:27,221 [main] INFO  ipc.Server (Server.java:<init>(1287)) - Listener at 0.0.0.0:15178
2023-09-07 20:32:27,222 [Socket Reader #1 for port 15178] INFO  ipc.Server (Server.java:run(1323)) - Starting Socket Reader #1 for port 15178
2023-09-07 20:32:27,225 [main] INFO  ozone.HddsDatanodeService (HddsDatanodeService.java:start(315)) - Datanode start with admins: [runner]
2023-09-07 20:32:27,225 [main] INFO  ozone.HddsDatanodeClientProtocolServer (HddsDatanodeClientProtocolServer.java:start(72)) - RPC server for Client /0.0.0.0:15178
2023-09-07 20:32:27,227 [IPC Server Responder] INFO  ipc.Server (Server.java:run(1562)) - IPC Server Responder: starting
2023-09-07 20:32:27,227 [main] WARN  impl.MetricRegistriesImpl (MetricRegistriesImpl.java:addReporterRegistration(111)) - New reporters are added after registries were created. Some metrics will be missing from the reporter. Please add reporter before adding any new registry.
2023-09-07 20:32:27,228 [main] WARN  impl.MetricRegistriesImpl (MetricRegistriesImpl.java:addReporterRegistration(111)) - New reporters are added after registries were created. Some metrics will be missing from the reporter. Please add reporter before adding any new registry.
2023-09-07 20:32:27,228 [main] INFO  impl.MetricsSystemImpl (MetricsSystemImpl.java:init(158)) - HddsDatanode metrics system started (again)
2023-09-07 20:32:27,244 [Datanode State Machine Daemon Thread] INFO  statemachine.DatanodeStateMachine (DatanodeStateMachine.java:lambda$startDaemon$0(538)) - Ozone container server started.
2023-09-07 20:32:27,249 [IPC Server listener on 15178] INFO  ipc.Server (Server.java:run(1402)) - IPC Server listener on 15178: starting
2023-09-07 20:32:27,273 [Datanode State Machine Task Thread - 0] INFO  datanode.InitDatanodeState (InitDatanodeState.java:persistContainerDatanodeDetails(138)) - DatanodeDetails is persisted to /home/runner/work/ozone/ozone/hadoop-ozone/integration-test/target/test-dir/MiniOzoneClusterImpl-5752d0ac-6059-42ff-b166-1d3c6b9f978d/datanode-1/meta/datanode.id
2023-09-07 20:32:27,275 [main] INFO  ozone.HddsDatanodeService (HddsDatanodeService.java:start(237)) - HddsDatanodeService host:fv-az259-394.nxnqhby4qkoexpon2s1bx5vqxg.dx.internal.cloudapp.net ip:10.1.0.11
2023-09-07 20:32:27,312 [main] INFO  upgrade.AbstractLayoutVersionManager (AbstractLayoutVersionManager.java:init(83)) - Initializing Layout version manager with metadata layout = HADOOP_PRC_PORTS_IN_DATANODEDETAILS (version = 7), software layout = HADOOP_PRC_PORTS_IN_DATANODEDETAILS (version = 7)
2023-09-07 20:32:27,313 [main] INFO  statemachine.DatanodeStateMachine (DatanodeStateMachine.java:getEndPointTaskThreadPoolSize(282)) - Datanode State Machine Task Thread Pool size 2
2023-09-07 20:32:27,315 [main] INFO  volume.HddsVolume (HddsVolume.java:<init>(126)) - Creating HddsVolume: /home/runner/work/ozone/ozone/hadoop-ozone/integration-test/target/test-dir/MiniOzoneClusterImpl-5752d0ac-6059-42ff-b166-1d3c6b9f978d/datanode-2/data-0/containers/hdds of storage type : DISK capacity : 9223372036854775807
2023-09-07 20:32:27,315 [main] INFO  volume.MutableVolumeSet (MutableVolumeSet.java:initializeVolumeSet(173)) - Added Volume : /home/runner/work/ozone/ozone/hadoop-ozone/integration-test/target/test-dir/MiniOzoneClusterImpl-5752d0ac-6059-42ff-b166-1d3c6b9f978d/datanode-2/data-0/containers/hdds to VolumeSet
2023-09-07 20:32:27,316 [main] INFO  volume.MutableVolumeSet (MutableVolumeSet.java:initializeVolumeSet(173)) - Added Volume : /home/runner/work/ozone/ozone/hadoop-ozone/integration-test/target/test-dir/MiniOzoneClusterImpl-5752d0ac-6059-42ff-b166-1d3c6b9f978d/datanode-2/data/ratis to VolumeSet
2023-09-07 20:32:27,316 [Thread-1973] INFO  ozoneimpl.ContainerReader (ContainerReader.java:readVolume(177)) - Finish verifying containers on volume /home/runner/work/ozone/ozone/hadoop-ozone/integration-test/target/test-dir/MiniOzoneClusterImpl-5752d0ac-6059-42ff-b166-1d3c6b9f978d/datanode-2/data-0/containers/hdds
2023-09-07 20:32:27,316 [main] INFO  ozoneimpl.OzoneContainer (OzoneContainer.java:buildContainerSet(314)) - Build ContainerSet costs 0s
2023-09-07 20:32:27,319 [main] INFO  server.RaftServer (ConfUtils.java:logGet(46)) - raft.rpc.type = GRPC (default)
2023-09-07 20:32:27,319 [main] INFO  grpc.GrpcConfigKeys (ConfUtils.java:logFallback(53)) - raft.grpc.admin.host = null (fallback to raft.grpc.server.host)
2023-09-07 20:32:27,319 [main] INFO  grpc.GrpcConfigKeys (ConfUtils.java:logGet(46)) - raft.grpc.admin.port = 15190 (custom)
2023-09-07 20:32:27,319 [main] INFO  grpc.GrpcConfigKeys (ConfUtils.java:logFallback(53)) - raft.grpc.client.host = null (fallback to raft.grpc.server.host)
2023-09-07 20:32:27,319 [main] INFO  grpc.GrpcConfigKeys (ConfUtils.java:logGet(46)) - raft.grpc.client.port = 15189 (custom)
2023-09-07 20:32:27,320 [main] INFO  grpc.GrpcConfigKeys (ConfUtils.java:logGet(46)) - raft.grpc.server.host = null (default)
2023-09-07 20:32:27,320 [main] INFO  grpc.GrpcConfigKeys (ConfUtils.java:logGet(46)) - raft.grpc.server.port = 15191 (custom)
2023-09-07 20:32:27,320 [main] INFO  server.GrpcService (ConfUtils.java:logGet(46)) - raft.grpc.message.size.max = 32MB (=33554432) (custom)
2023-09-07 20:32:27,320 [main] INFO  server.RaftServerConfigKeys (ConfUtils.java:logGet(46)) - raft.server.log.appender.buffer.byte-limit = 33554432 (custom)
2023-09-07 20:32:27,320 [main] INFO  server.GrpcService (ConfUtils.java:logGet(46)) - raft.grpc.flow.control.window = 5MB (=5242880) (custom)
2023-09-07 20:32:27,320 [main] INFO  server.RaftServerConfigKeys (ConfUtils.java:logGet(46)) - raft.server.rpc.request.timeout = 60s (custom)
2023-09-07 20:32:27,320 [main] INFO  grpc.GrpcConfigKeys (ConfUtils.java:logGet(46)) - raft.grpc.server.heartbeat.channel = true (default)
2023-09-07 20:32:27,321 [main] INFO  grpc.GrpcConfigKeys (ConfUtils.java:logGet(46)) - raft.grpc.server.async.request.thread.pool.cached = true (default)
2023-09-07 20:32:27,321 [main] INFO  grpc.GrpcConfigKeys (ConfUtils.java:logGet(46)) - raft.grpc.server.async.request.thread.pool.size = 32 (default)
2023-09-07 20:32:27,324 [main] INFO  impl.DataStreamServerImpl (ConfUtils.java:logGet(46)) - raft.datastream.type = NETTY (custom)
2023-09-07 20:32:27,325 [main] INFO  server.RaftServerConfigKeys (ConfUtils.java:logGet(46)) - raft.server.data-stream.async.request.thread.pool.cached = false (default)
2023-09-07 20:32:27,325 [main] INFO  server.RaftServerConfigKeys (ConfUtils.java:logGet(46)) - raft.server.data-stream.async.request.thread.pool.size = 20 (custom)
2023-09-07 20:32:27,325 [main] INFO  server.RaftServerConfigKeys (ConfUtils.java:logGet(46)) - raft.server.data-stream.async.write.thread.pool.size = 16 (default)
2023-09-07 20:32:27,325 [main] INFO  server.RaftServerConfigKeys (ConfUtils.java:logGet(46)) - raft.server.data-stream.client.pool.size = 10 (default)
2023-09-07 20:32:27,325 [main] INFO  netty.NettyConfigKeys$DataStream (ConfUtils.java:logGet(46)) - raft.netty.dataStream.server.use-epoll = false (default)
2023-09-07 20:32:27,325 [main] INFO  netty.NettyConfigKeys$DataStream (ConfUtils.java:logGet(46)) - raft.netty.dataStream.server.boss-group.size = 0 (default)
2023-09-07 20:32:27,326 [main] INFO  netty.NettyConfigKeys$DataStream (ConfUtils.java:logGet(46)) - raft.netty.dataStream.server.worker-group.size = 0 (default)
2023-09-07 20:32:27,326 [main] INFO  netty.NettyConfigKeys$DataStream (ConfUtils.java:logGet(46)) - raft.netty.dataStream.server.tls.conf = null (default)
2023-09-07 20:32:27,326 [main] INFO  netty.NettyConfigKeys$DataStream (ConfUtils.java:logGet(46)) - raft.netty.dataStream.host = null (default)
2023-09-07 20:32:27,327 [main] INFO  netty.NettyConfigKeys$DataStream (ConfUtils.java:logGet(46)) - raft.netty.dataStream.port = 15192 (custom)
2023-09-07 20:32:27,327 [main] INFO  server.RaftServerConfigKeys (ConfUtils.java:logGet(46)) - raft.server.threadpool.proxy.cached = true (default)
2023-09-07 20:32:27,327 [main] INFO  server.RaftServerConfigKeys (ConfUtils.java:logGet(46)) - raft.server.threadpool.proxy.size = 0 (default)
2023-09-07 20:32:27,328 [0f4389f5-8f89-483a-970a-d84001bccdfd-NettyServerStreamRpc-bossGroup--thread1] INFO  logging.LoggingHandler (AbstractInternalLogger.java:log(148)) - [id: 0x1a3a8ac2] REGISTERED
2023-09-07 20:32:27,328 [main] INFO  server.RaftServerConfigKeys (ConfUtils.java:logGet(46)) - raft.server.rpc.slowness.timeout = 300s (custom)
2023-09-07 20:32:27,328 [main] INFO  server.RaftServerConfigKeys (ConfUtils.java:logGet(46)) - raft.server.leaderelection.leader.step-down.wait-time = 10s (default)
2023-09-07 20:32:27,328 [0f4389f5-8f89-483a-970a-d84001bccdfd-NettyServerStreamRpc-bossGroup--thread1] INFO  logging.LoggingHandler (AbstractInternalLogger.java:log(148)) - [id: 0x1a3a8ac2] BIND: 0.0.0.0/0.0.0.0:15192
2023-09-07 20:32:27,328 [main] INFO  server.RaftServerConfigKeys (ConfUtils.java:logGet(46)) - raft.server.storage.dir = [/home/runner/work/ozone/ozone/hadoop-ozone/integration-test/target/test-dir/MiniOzoneClusterImpl-5752d0ac-6059-42ff-b166-1d3c6b9f978d/datanode-2/data/ratis] (custom)
2023-09-07 20:32:27,328 [0f4389f5-8f89-483a-970a-d84001bccdfd-NettyServerStreamRpc-bossGroup--thread1] INFO  logging.LoggingHandler (AbstractInternalLogger.java:log(148)) - [id: 0x1a3a8ac2, L:/0:0:0:0:0:0:0:0:15192] ACTIVE
2023-09-07 20:32:27,329 [0f4389f5-8f89-483a-970a-d84001bccdfd-impl-thread1] INFO  server.RaftServer (RaftServerProxy.java:initGroupDir(258)) - 0f4389f5-8f89-483a-970a-d84001bccdfd: found a subdirectory /home/runner/work/ozone/ozone/hadoop-ozone/integration-test/target/test-dir/MiniOzoneClusterImpl-5752d0ac-6059-42ff-b166-1d3c6b9f978d/datanode-2/data/ratis/tmp
2023-09-07 20:32:27,329 [0f4389f5-8f89-483a-970a-d84001bccdfd-impl-thread1] INFO  server.RaftServer (RaftServerProxy.java:initGroupDir(263)) - 0f4389f5-8f89-483a-970a-d84001bccdfd: The directory /home/runner/work/ozone/ozone/hadoop-ozone/integration-test/target/test-dir/MiniOzoneClusterImpl-5752d0ac-6059-42ff-b166-1d3c6b9f978d/datanode-2/data/ratis/tmp is not a group directory; ignoring it. 
2023-09-07 20:32:27,329 [main] INFO  replication.ReplicationServer (ReplicationServer.java:<init>(81)) - Initializing replication server with thread count = 10
2023-09-07 20:32:27,330 [main] INFO  server.XceiverServerGrpc (XceiverServerGrpc.java:<init>(132)) - GrpcServer channel type EpollServerSocketChannel
2023-09-07 20:32:27,334 [main] INFO  replication.ReplicationSupervisor (ReplicationSupervisor.java:build(155)) - Initializing replication supervisor with thread count = 10
2023-09-07 20:32:27,334 [main] INFO  replication.ReplicationSupervisor (ReplicationSupervisor.java:nodeStateUpdated(307)) - Node state updated to IN_SERVICE, scaling executor pool size to 10
2023-09-07 20:32:27,336 [main] INFO  http.BaseHttpServer (BaseHttpServer.java:newHttpServer2BuilderForOzone(223)) - Starting Web-server for hddsDatanode at: http://0.0.0.0:15186
2023-09-07 20:32:27,336 [main] INFO  http.BaseHttpServer (BaseHttpServer.java:<init>(110)) - Hadoop Security Enabled: false Ozone Security Enabled: false Ozone HTTP Security Enabled: false 
2023-09-07 20:32:27,339 [main] WARN  server.AuthenticationFilter (AuthenticationFilter.java:constructSecretProvider(240)) - Unable to initialize FileSignerSecretProvider, falling back to use random secrets. Reason: Could not read signature secret file: /home/runner/hadoop-http-auth-signature-secret
2023-09-07 20:32:27,340 [main] INFO  http.HttpRequestLog (HttpRequestLog.java:getRequestLog(86)) - Http request log for http.requests.hddsDatanode is not defined
2023-09-07 20:32:27,341 [main] INFO  http.HttpServer2 (HttpServer2.java:addGlobalFilter(1031)) - Added global filter 'safety' (class=org.apache.hadoop.hdds.server.http.HttpServer2$QuotingInputFilter)
2023-09-07 20:32:27,342 [main] INFO  http.HttpServer2 (HttpServer2.java:addFilter(1007)) - Added filter static_user_filter (class=org.apache.hadoop.http.lib.StaticUserWebFilter$StaticUserFilter) to context hddsDatanode
2023-09-07 20:32:27,342 [main] INFO  http.HttpServer2 (HttpServer2.java:addFilter(1015)) - Added filter static_user_filter (class=org.apache.hadoop.http.lib.StaticUserWebFilter$StaticUserFilter) to context logs
2023-09-07 20:32:27,342 [main] INFO  http.HttpServer2 (HttpServer2.java:addFilter(1015)) - Added filter static_user_filter (class=org.apache.hadoop.http.lib.StaticUserWebFilter$StaticUserFilter) to context static
2023-09-07 20:32:27,343 [main] INFO  http.BaseHttpServer (BaseHttpServer.java:<init>(189)) - HTTP server of hddsDatanode uses base directory /home/runner/work/ozone/ozone/hadoop-ozone/integration-test/target/test-dir/MiniOzoneClusterImpl-5752d0ac-6059-42ff-b166-1d3c6b9f978d/datanode-2/meta/webserver
2023-09-07 20:32:27,345 [main] INFO  http.HttpServer2 (HttpServer2.java:bindListener(1231)) - Jetty bound to port 15186
2023-09-07 20:32:27,345 [main] INFO  server.Server (Server.java:doStart(375)) - jetty-9.4.51.v20230217; built: 2023-02-17T08:19:37.309Z; git: b45c405e4544384de066f814ed42ae3dceacdd49; jvm 1.8.0_382-b05
2023-09-07 20:32:27,348 [main] INFO  server.session (DefaultSessionIdManager.java:doStart(334)) - DefaultSessionIdManager workerName=node0
2023-09-07 20:32:27,348 [main] INFO  server.session (DefaultSessionIdManager.java:doStart(339)) - No SessionScavenger set, using defaults
2023-09-07 20:32:27,348 [main] INFO  server.session (HouseKeeper.java:startScavenging(132)) - node0 Scavenging every 660000ms
2023-09-07 20:32:27,349 [main] INFO  handler.ContextHandler (ContextHandler.java:doStart(921)) - Started o.e.j.s.ServletContextHandler@10cd0338{logs,/logs,file:///home/runner/work/ozone/ozone/hadoop-ozone/integration-test/target/log,AVAILABLE}
2023-09-07 20:32:27,350 [main] INFO  handler.ContextHandler (ContextHandler.java:doStart(921)) - Started o.e.j.s.ServletContextHandler@737c5ebb{static,/static,jar:file:/home/runner/.m2/repository/org/apache/ozone/hdds-container-service/1.4.0-SNAPSHOT/hdds-container-service-1.4.0-SNAPSHOT.jar!/webapps/static,AVAILABLE}
2023-09-07 20:32:27,624 [main] INFO  handler.ContextHandler (ContextHandler.java:doStart(921)) - Started o.e.j.w.WebAppContext@59f08b80{hddsDatanode,/,file:///home/runner/work/ozone/ozone/hadoop-ozone/integration-test/target/test-dir/MiniOzoneClusterImpl-5752d0ac-6059-42ff-b166-1d3c6b9f978d/datanode-2/meta/webserver/jetty-0_0_0_0-15186-hdds-container-service-1_4_0-SNAPSHOT_jar-_-any-3370150550029045815/webapp/,AVAILABLE}{jar:file:/home/runner/.m2/repository/org/apache/ozone/hdds-container-service/1.4.0-SNAPSHOT/hdds-container-service-1.4.0-SNAPSHOT.jar!/webapps/hddsDatanode}
2023-09-07 20:32:27,627 [main] INFO  server.AbstractConnector (AbstractConnector.java:doStart(333)) - Started ServerConnector@5f727670{HTTP/1.1, (http/1.1)}{0.0.0.0:15186}
2023-09-07 20:32:27,627 [main] INFO  server.Server (Server.java:doStart(415)) - Started @318700ms
2023-09-07 20:32:27,627 [main] WARN  impl.MetricsSystemImpl (MetricsSystemImpl.java:register(279)) - Sink prometheus already exists!
2023-09-07 20:32:27,632 [main] INFO  http.BaseHttpServer (BaseHttpServer.java:updateConnectorAddress(354)) - HTTP server of hddsDatanode listening at http://0.0.0.0:15186
2023-09-07 20:32:27,632 [main] INFO  ipc.CallQueueManager (CallQueueManager.java:<init>(90)) - Using callQueue: class java.util.concurrent.LinkedBlockingQueue, queueCapacity: 100, scheduler: class org.apache.hadoop.ipc.DefaultRpcScheduler, ipcBackoff: false.
2023-09-07 20:32:27,633 [main] INFO  ipc.Server (Server.java:<init>(1287)) - Listener at 0.0.0.0:15187
2023-09-07 20:32:27,634 [Socket Reader #1 for port 15187] INFO  ipc.Server (Server.java:run(1323)) - Starting Socket Reader #1 for port 15187
2023-09-07 20:32:27,639 [main] INFO  ozone.HddsDatanodeService (HddsDatanodeService.java:start(315)) - Datanode start with admins: [runner]
2023-09-07 20:32:27,640 [main] INFO  ozone.HddsDatanodeClientProtocolServer (HddsDatanodeClientProtocolServer.java:start(72)) - RPC server for Client /0.0.0.0:15187
2023-09-07 20:32:27,640 [IPC Server Responder] INFO  ipc.Server (Server.java:run(1562)) - IPC Server Responder: starting
2023-09-07 20:32:27,640 [IPC Server listener on 15187] INFO  ipc.Server (Server.java:run(1402)) - IPC Server listener on 15187: starting
2023-09-07 20:32:27,650 [Datanode State Machine Daemon Thread] INFO  statemachine.DatanodeStateMachine (DatanodeStateMachine.java:lambda$startDaemon$0(538)) - Ozone container server started.
2023-09-07 20:32:27,653 [main] WARN  impl.MetricRegistriesImpl (MetricRegistriesImpl.java:addReporterRegistration(111)) - New reporters are added after registries were created. Some metrics will be missing from the reporter. Please add reporter before adding any new registry.
2023-09-07 20:32:27,653 [main] WARN  impl.MetricRegistriesImpl (MetricRegistriesImpl.java:addReporterRegistration(111)) - New reporters are added after registries were created. Some metrics will be missing from the reporter. Please add reporter before adding any new registry.
2023-09-07 20:32:27,653 [main] INFO  impl.MetricsSystemImpl (MetricsSystemImpl.java:init(158)) - HddsDatanode metrics system started (again)
2023-09-07 20:32:27,667 [Datanode State Machine Task Thread - 0] INFO  datanode.InitDatanodeState (InitDatanodeState.java:persistContainerDatanodeDetails(138)) - DatanodeDetails is persisted to /home/runner/work/ozone/ozone/hadoop-ozone/integration-test/target/test-dir/MiniOzoneClusterImpl-5752d0ac-6059-42ff-b166-1d3c6b9f978d/datanode-2/meta/datanode.id
2023-09-07 20:32:27,675 [main] INFO  ozone.HddsDatanodeService (HddsDatanodeService.java:start(237)) - HddsDatanodeService host:fv-az259-394.nxnqhby4qkoexpon2s1bx5vqxg.dx.internal.cloudapp.net ip:10.1.0.11
2023-09-07 20:32:27,704 [main] INFO  upgrade.AbstractLayoutVersionManager (AbstractLayoutVersionManager.java:init(83)) - Initializing Layout version manager with metadata layout = HADOOP_PRC_PORTS_IN_DATANODEDETAILS (version = 7), software layout = HADOOP_PRC_PORTS_IN_DATANODEDETAILS (version = 7)
2023-09-07 20:32:27,705 [main] INFO  statemachine.DatanodeStateMachine (DatanodeStateMachine.java:getEndPointTaskThreadPoolSize(282)) - Datanode State Machine Task Thread Pool size 2
2023-09-07 20:32:27,706 [main] INFO  volume.HddsVolume (HddsVolume.java:<init>(126)) - Creating HddsVolume: /home/runner/work/ozone/ozone/hadoop-ozone/integration-test/target/test-dir/MiniOzoneClusterImpl-5752d0ac-6059-42ff-b166-1d3c6b9f978d/datanode-3/data-0/containers/hdds of storage type : DISK capacity : 9223372036854775807
2023-09-07 20:32:27,706 [main] INFO  volume.MutableVolumeSet (MutableVolumeSet.java:initializeVolumeSet(173)) - Added Volume : /home/runner/work/ozone/ozone/hadoop-ozone/integration-test/target/test-dir/MiniOzoneClusterImpl-5752d0ac-6059-42ff-b166-1d3c6b9f978d/datanode-3/data-0/containers/hdds to VolumeSet
2023-09-07 20:32:27,707 [main] INFO  volume.MutableVolumeSet (MutableVolumeSet.java:initializeVolumeSet(173)) - Added Volume : /home/runner/work/ozone/ozone/hadoop-ozone/integration-test/target/test-dir/MiniOzoneClusterImpl-5752d0ac-6059-42ff-b166-1d3c6b9f978d/datanode-3/data/ratis to VolumeSet
2023-09-07 20:32:27,710 [Thread-1990] INFO  ozoneimpl.ContainerReader (ContainerReader.java:readVolume(177)) - Finish verifying containers on volume /home/runner/work/ozone/ozone/hadoop-ozone/integration-test/target/test-dir/MiniOzoneClusterImpl-5752d0ac-6059-42ff-b166-1d3c6b9f978d/datanode-3/data-0/containers/hdds
2023-09-07 20:32:27,710 [main] INFO  ozoneimpl.OzoneContainer (OzoneContainer.java:buildContainerSet(314)) - Build ContainerSet costs 0s
2023-09-07 20:32:27,713 [main] INFO  server.RaftServer (ConfUtils.java:logGet(46)) - raft.rpc.type = GRPC (default)
2023-09-07 20:32:27,713 [main] INFO  grpc.GrpcConfigKeys (ConfUtils.java:logFallback(53)) - raft.grpc.admin.host = null (fallback to raft.grpc.server.host)
2023-09-07 20:32:27,713 [main] INFO  grpc.GrpcConfigKeys (ConfUtils.java:logGet(46)) - raft.grpc.admin.port = 15199 (custom)
2023-09-07 20:32:27,713 [main] INFO  grpc.GrpcConfigKeys (ConfUtils.java:logFallback(53)) - raft.grpc.client.host = null (fallback to raft.grpc.server.host)
2023-09-07 20:32:27,713 [main] INFO  grpc.GrpcConfigKeys (ConfUtils.java:logGet(46)) - raft.grpc.client.port = 15198 (custom)
2023-09-07 20:32:27,714 [main] INFO  grpc.GrpcConfigKeys (ConfUtils.java:logGet(46)) - raft.grpc.server.host = null (default)
2023-09-07 20:32:27,714 [main] INFO  grpc.GrpcConfigKeys (ConfUtils.java:logGet(46)) - raft.grpc.server.port = 15200 (custom)
2023-09-07 20:32:27,714 [main] INFO  server.GrpcService (ConfUtils.java:logGet(46)) - raft.grpc.message.size.max = 32MB (=33554432) (custom)
2023-09-07 20:32:27,714 [main] INFO  server.RaftServerConfigKeys (ConfUtils.java:logGet(46)) - raft.server.log.appender.buffer.byte-limit = 33554432 (custom)
2023-09-07 20:32:27,714 [main] INFO  server.GrpcService (ConfUtils.java:logGet(46)) - raft.grpc.flow.control.window = 5MB (=5242880) (custom)
2023-09-07 20:32:27,714 [main] INFO  server.RaftServerConfigKeys (ConfUtils.java:logGet(46)) - raft.server.rpc.request.timeout = 60s (custom)
2023-09-07 20:32:27,715 [main] INFO  grpc.GrpcConfigKeys (ConfUtils.java:logGet(46)) - raft.grpc.server.heartbeat.channel = true (default)
2023-09-07 20:32:27,715 [main] INFO  grpc.GrpcConfigKeys (ConfUtils.java:logGet(46)) - raft.grpc.server.async.request.thread.pool.cached = true (default)
2023-09-07 20:32:27,715 [main] INFO  grpc.GrpcConfigKeys (ConfUtils.java:logGet(46)) - raft.grpc.server.async.request.thread.pool.size = 32 (default)
2023-09-07 20:32:27,718 [main] INFO  impl.DataStreamServerImpl (ConfUtils.java:logGet(46)) - raft.datastream.type = NETTY (custom)
2023-09-07 20:32:27,718 [main] INFO  server.RaftServerConfigKeys (ConfUtils.java:logGet(46)) - raft.server.data-stream.async.request.thread.pool.cached = false (default)
2023-09-07 20:32:27,718 [main] INFO  server.RaftServerConfigKeys (ConfUtils.java:logGet(46)) - raft.server.data-stream.async.request.thread.pool.size = 20 (custom)
2023-09-07 20:32:27,718 [main] INFO  server.RaftServerConfigKeys (ConfUtils.java:logGet(46)) - raft.server.data-stream.async.write.thread.pool.size = 16 (default)
2023-09-07 20:32:27,719 [main] INFO  server.RaftServerConfigKeys (ConfUtils.java:logGet(46)) - raft.server.data-stream.client.pool.size = 10 (default)
2023-09-07 20:32:27,719 [main] INFO  netty.NettyConfigKeys$DataStream (ConfUtils.java:logGet(46)) - raft.netty.dataStream.server.use-epoll = false (default)
2023-09-07 20:32:27,719 [main] INFO  netty.NettyConfigKeys$DataStream (ConfUtils.java:logGet(46)) - raft.netty.dataStream.server.boss-group.size = 0 (default)
2023-09-07 20:32:27,719 [main] INFO  netty.NettyConfigKeys$DataStream (ConfUtils.java:logGet(46)) - raft.netty.dataStream.server.worker-group.size = 0 (default)
2023-09-07 20:32:27,720 [main] INFO  netty.NettyConfigKeys$DataStream (ConfUtils.java:logGet(46)) - raft.netty.dataStream.server.tls.conf = null (default)
2023-09-07 20:32:27,720 [main] INFO  netty.NettyConfigKeys$DataStream (ConfUtils.java:logGet(46)) - raft.netty.dataStream.host = null (default)
2023-09-07 20:32:27,720 [main] INFO  netty.NettyConfigKeys$DataStream (ConfUtils.java:logGet(46)) - raft.netty.dataStream.port = 15201 (custom)
2023-09-07 20:32:27,721 [main] INFO  server.RaftServerConfigKeys (ConfUtils.java:logGet(46)) - raft.server.threadpool.proxy.cached = true (default)
2023-09-07 20:32:27,721 [main] INFO  server.RaftServerConfigKeys (ConfUtils.java:logGet(46)) - raft.server.threadpool.proxy.size = 0 (default)
2023-09-07 20:32:27,721 [0345af92-ee10-4252-b2db-9c35c6cf1855-NettyServerStreamRpc-bossGroup--thread1] INFO  logging.LoggingHandler (AbstractInternalLogger.java:log(148)) - [id: 0xe7b33759] REGISTERED
2023-09-07 20:32:27,721 [main] INFO  server.RaftServerConfigKeys (ConfUtils.java:logGet(46)) - raft.server.rpc.slowness.timeout = 300s (custom)
2023-09-07 20:32:27,721 [main] INFO  server.RaftServerConfigKeys (ConfUtils.java:logGet(46)) - raft.server.leaderelection.leader.step-down.wait-time = 10s (default)
2023-09-07 20:32:27,721 [0345af92-ee10-4252-b2db-9c35c6cf1855-NettyServerStreamRpc-bossGroup--thread1] INFO  logging.LoggingHandler (AbstractInternalLogger.java:log(148)) - [id: 0xe7b33759] BIND: 0.0.0.0/0.0.0.0:15201
2023-09-07 20:32:27,721 [main] INFO  server.RaftServerConfigKeys (ConfUtils.java:logGet(46)) - raft.server.storage.dir = [/home/runner/work/ozone/ozone/hadoop-ozone/integration-test/target/test-dir/MiniOzoneClusterImpl-5752d0ac-6059-42ff-b166-1d3c6b9f978d/datanode-3/data/ratis] (custom)
2023-09-07 20:32:27,722 [0345af92-ee10-4252-b2db-9c35c6cf1855-impl-thread1] INFO  server.RaftServer (RaftServerProxy.java:initGroupDir(258)) - 0345af92-ee10-4252-b2db-9c35c6cf1855: found a subdirectory /home/runner/work/ozone/ozone/hadoop-ozone/integration-test/target/test-dir/MiniOzoneClusterImpl-5752d0ac-6059-42ff-b166-1d3c6b9f978d/datanode-3/data/ratis/tmp
2023-09-07 20:32:27,722 [0345af92-ee10-4252-b2db-9c35c6cf1855-impl-thread1] INFO  server.RaftServer (RaftServerProxy.java:initGroupDir(263)) - 0345af92-ee10-4252-b2db-9c35c6cf1855: The directory /home/runner/work/ozone/ozone/hadoop-ozone/integration-test/target/test-dir/MiniOzoneClusterImpl-5752d0ac-6059-42ff-b166-1d3c6b9f978d/datanode-3/data/ratis/tmp is not a group directory; ignoring it. 
2023-09-07 20:32:27,722 [main] INFO  replication.ReplicationServer (ReplicationServer.java:<init>(81)) - Initializing replication server with thread count = 10
2023-09-07 20:32:27,724 [main] INFO  server.XceiverServerGrpc (XceiverServerGrpc.java:<init>(132)) - GrpcServer channel type EpollServerSocketChannel
2023-09-07 20:32:27,725 [main] INFO  replication.ReplicationSupervisor (ReplicationSupervisor.java:build(155)) - Initializing replication supervisor with thread count = 10
2023-09-07 20:32:27,725 [main] INFO  replication.ReplicationSupervisor (ReplicationSupervisor.java:nodeStateUpdated(307)) - Node state updated to IN_SERVICE, scaling executor pool size to 10
2023-09-07 20:32:27,728 [0345af92-ee10-4252-b2db-9c35c6cf1855-NettyServerStreamRpc-bossGroup--thread1] INFO  logging.LoggingHandler (AbstractInternalLogger.java:log(148)) - [id: 0xe7b33759, L:/0:0:0:0:0:0:0:0:15201] ACTIVE
2023-09-07 20:32:27,729 [main] INFO  http.BaseHttpServer (BaseHttpServer.java:newHttpServer2BuilderForOzone(223)) - Starting Web-server for hddsDatanode at: http://0.0.0.0:15195
2023-09-07 20:32:27,729 [main] INFO  http.BaseHttpServer (BaseHttpServer.java:<init>(110)) - Hadoop Security Enabled: false Ozone Security Enabled: false Ozone HTTP Security Enabled: false 
2023-09-07 20:32:27,731 [main] WARN  server.AuthenticationFilter (AuthenticationFilter.java:constructSecretProvider(240)) - Unable to initialize FileSignerSecretProvider, falling back to use random secrets. Reason: Could not read signature secret file: /home/runner/hadoop-http-auth-signature-secret
2023-09-07 20:32:27,731 [main] INFO  http.HttpRequestLog (HttpRequestLog.java:getRequestLog(86)) - Http request log for http.requests.hddsDatanode is not defined
2023-09-07 20:32:27,733 [main] INFO  http.HttpServer2 (HttpServer2.java:addGlobalFilter(1031)) - Added global filter 'safety' (class=org.apache.hadoop.hdds.server.http.HttpServer2$QuotingInputFilter)
2023-09-07 20:32:27,733 [main] INFO  http.HttpServer2 (HttpServer2.java:addFilter(1007)) - Added filter static_user_filter (class=org.apache.hadoop.http.lib.StaticUserWebFilter$StaticUserFilter) to context hddsDatanode
2023-09-07 20:32:27,733 [main] INFO  http.HttpServer2 (HttpServer2.java:addFilter(1015)) - Added filter static_user_filter (class=org.apache.hadoop.http.lib.StaticUserWebFilter$StaticUserFilter) to context logs
2023-09-07 20:32:27,734 [main] INFO  http.HttpServer2 (HttpServer2.java:addFilter(1015)) - Added filter static_user_filter (class=org.apache.hadoop.http.lib.StaticUserWebFilter$StaticUserFilter) to context static
2023-09-07 20:32:27,735 [main] INFO  http.BaseHttpServer (BaseHttpServer.java:<init>(189)) - HTTP server of hddsDatanode uses base directory /home/runner/work/ozone/ozone/hadoop-ozone/integration-test/target/test-dir/MiniOzoneClusterImpl-5752d0ac-6059-42ff-b166-1d3c6b9f978d/datanode-3/meta/webserver
2023-09-07 20:32:27,735 [main] INFO  http.HttpServer2 (HttpServer2.java:bindListener(1231)) - Jetty bound to port 15195
2023-09-07 20:32:27,735 [main] INFO  server.Server (Server.java:doStart(375)) - jetty-9.4.51.v20230217; built: 2023-02-17T08:19:37.309Z; git: b45c405e4544384de066f814ed42ae3dceacdd49; jvm 1.8.0_382-b05
2023-09-07 20:32:27,743 [main] INFO  server.session (DefaultSessionIdManager.java:doStart(334)) - DefaultSessionIdManager workerName=node0
2023-09-07 20:32:27,743 [main] INFO  server.session (DefaultSessionIdManager.java:doStart(339)) - No SessionScavenger set, using defaults
2023-09-07 20:32:27,743 [main] INFO  server.session (HouseKeeper.java:startScavenging(132)) - node0 Scavenging every 600000ms
2023-09-07 20:32:27,744 [main] INFO  handler.ContextHandler (ContextHandler.java:doStart(921)) - Started o.e.j.s.ServletContextHandler@2ebb0be2{logs,/logs,file:///home/runner/work/ozone/ozone/hadoop-ozone/integration-test/target/log,AVAILABLE}
2023-09-07 20:32:27,745 [main] INFO  handler.ContextHandler (ContextHandler.java:doStart(921)) - Started o.e.j.s.ServletContextHandler@5cc54c2b{static,/static,jar:file:/home/runner/.m2/repository/org/apache/ozone/hdds-container-service/1.4.0-SNAPSHOT/hdds-container-service-1.4.0-SNAPSHOT.jar!/webapps/static,AVAILABLE}
2023-09-07 20:32:27,995 [main] INFO  handler.ContextHandler (ContextHandler.java:doStart(921)) - Started o.e.j.w.WebAppContext@192bd56b{hddsDatanode,/,file:///home/runner/work/ozone/ozone/hadoop-ozone/integration-test/target/test-dir/MiniOzoneClusterImpl-5752d0ac-6059-42ff-b166-1d3c6b9f978d/datanode-3/meta/webserver/jetty-0_0_0_0-15195-hdds-container-service-1_4_0-SNAPSHOT_jar-_-any-4385083103638881717/webapp/,AVAILABLE}{jar:file:/home/runner/.m2/repository/org/apache/ozone/hdds-container-service/1.4.0-SNAPSHOT/hdds-container-service-1.4.0-SNAPSHOT.jar!/webapps/hddsDatanode}
2023-09-07 20:32:27,999 [main] INFO  server.AbstractConnector (AbstractConnector.java:doStart(333)) - Started ServerConnector@7ca4a0ce{HTTP/1.1, (http/1.1)}{0.0.0.0:15195}
2023-09-07 20:32:27,999 [main] INFO  server.Server (Server.java:doStart(415)) - Started @319072ms
2023-09-07 20:32:27,999 [main] WARN  impl.MetricsSystemImpl (MetricsSystemImpl.java:register(279)) - Sink prometheus already exists!
2023-09-07 20:32:28,000 [main] INFO  http.BaseHttpServer (BaseHttpServer.java:updateConnectorAddress(354)) - HTTP server of hddsDatanode listening at http://0.0.0.0:15195
2023-09-07 20:32:28,000 [main] INFO  ipc.CallQueueManager (CallQueueManager.java:<init>(90)) - Using callQueue: class java.util.concurrent.LinkedBlockingQueue, queueCapacity: 100, scheduler: class org.apache.hadoop.ipc.DefaultRpcScheduler, ipcBackoff: false.
2023-09-07 20:32:28,001 [main] INFO  ipc.Server (Server.java:<init>(1287)) - Listener at 0.0.0.0:15196
2023-09-07 20:32:28,001 [Socket Reader #1 for port 15196] INFO  ipc.Server (Server.java:run(1323)) - Starting Socket Reader #1 for port 15196
2023-09-07 20:32:28,008 [main] INFO  ozone.HddsDatanodeService (HddsDatanodeService.java:start(315)) - Datanode start with admins: [runner]
2023-09-07 20:32:28,009 [main] INFO  ozone.HddsDatanodeClientProtocolServer (HddsDatanodeClientProtocolServer.java:start(72)) - RPC server for Client /0.0.0.0:15196
2023-09-07 20:32:28,009 [IPC Server Responder] INFO  ipc.Server (Server.java:run(1562)) - IPC Server Responder: starting
2023-09-07 20:32:28,010 [IPC Server listener on 15196] INFO  ipc.Server (Server.java:run(1402)) - IPC Server listener on 15196: starting
2023-09-07 20:32:28,012 [main] WARN  impl.MetricRegistriesImpl (MetricRegistriesImpl.java:addReporterRegistration(111)) - New reporters are added after registries were created. Some metrics will be missing from the reporter. Please add reporter before adding any new registry.
2023-09-07 20:32:28,012 [main] WARN  impl.MetricRegistriesImpl (MetricRegistriesImpl.java:addReporterRegistration(111)) - New reporters are added after registries were created. Some metrics will be missing from the reporter. Please add reporter before adding any new registry.
2023-09-07 20:32:28,012 [main] INFO  impl.MetricsSystemImpl (MetricsSystemImpl.java:init(158)) - HddsDatanode metrics system started (again)
2023-09-07 20:32:28,015 [Datanode State Machine Daemon Thread] INFO  statemachine.DatanodeStateMachine (DatanodeStateMachine.java:lambda$startDaemon$0(538)) - Ozone container server started.
2023-09-07 20:32:28,030 [main] INFO  ozone.HddsDatanodeService (HddsDatanodeService.java:start(237)) - HddsDatanodeService host:fv-az259-394.nxnqhby4qkoexpon2s1bx5vqxg.dx.internal.cloudapp.net ip:10.1.0.11
2023-09-07 20:32:28,032 [Datanode State Machine Task Thread - 0] INFO  datanode.InitDatanodeState (InitDatanodeState.java:persistContainerDatanodeDetails(138)) - DatanodeDetails is persisted to /home/runner/work/ozone/ozone/hadoop-ozone/integration-test/target/test-dir/MiniOzoneClusterImpl-5752d0ac-6059-42ff-b166-1d3c6b9f978d/datanode-3/meta/datanode.id
2023-09-07 20:32:28,066 [main] INFO  upgrade.AbstractLayoutVersionManager (AbstractLayoutVersionManager.java:init(83)) - Initializing Layout version manager with metadata layout = HADOOP_PRC_PORTS_IN_DATANODEDETAILS (version = 7), software layout = HADOOP_PRC_PORTS_IN_DATANODEDETAILS (version = 7)
2023-09-07 20:32:28,066 [main] INFO  statemachine.DatanodeStateMachine (DatanodeStateMachine.java:getEndPointTaskThreadPoolSize(282)) - Datanode State Machine Task Thread Pool size 2
2023-09-07 20:32:28,068 [main] INFO  volume.HddsVolume (HddsVolume.java:<init>(126)) - Creating HddsVolume: /home/runner/work/ozone/ozone/hadoop-ozone/integration-test/target/test-dir/MiniOzoneClusterImpl-5752d0ac-6059-42ff-b166-1d3c6b9f978d/datanode-4/data-0/containers/hdds of storage type : DISK capacity : 9223372036854775807
2023-09-07 20:32:28,068 [main] INFO  volume.MutableVolumeSet (MutableVolumeSet.java:initializeVolumeSet(173)) - Added Volume : /home/runner/work/ozone/ozone/hadoop-ozone/integration-test/target/test-dir/MiniOzoneClusterImpl-5752d0ac-6059-42ff-b166-1d3c6b9f978d/datanode-4/data-0/containers/hdds to VolumeSet
2023-09-07 20:32:28,069 [main] INFO  volume.MutableVolumeSet (MutableVolumeSet.java:initializeVolumeSet(173)) - Added Volume : /home/runner/work/ozone/ozone/hadoop-ozone/integration-test/target/test-dir/MiniOzoneClusterImpl-5752d0ac-6059-42ff-b166-1d3c6b9f978d/datanode-4/data/ratis to VolumeSet
2023-09-07 20:32:28,071 [Thread-2007] INFO  ozoneimpl.ContainerReader (ContainerReader.java:readVolume(177)) - Finish verifying containers on volume /home/runner/work/ozone/ozone/hadoop-ozone/integration-test/target/test-dir/MiniOzoneClusterImpl-5752d0ac-6059-42ff-b166-1d3c6b9f978d/datanode-4/data-0/containers/hdds
2023-09-07 20:32:28,071 [main] INFO  ozoneimpl.OzoneContainer (OzoneContainer.java:buildContainerSet(314)) - Build ContainerSet costs 0s
2023-09-07 20:32:28,073 [main] INFO  server.RaftServer (ConfUtils.java:logGet(46)) - raft.rpc.type = GRPC (default)
2023-09-07 20:32:28,074 [main] INFO  grpc.GrpcConfigKeys (ConfUtils.java:logFallback(53)) - raft.grpc.admin.host = null (fallback to raft.grpc.server.host)
2023-09-07 20:32:28,074 [main] INFO  grpc.GrpcConfigKeys (ConfUtils.java:logGet(46)) - raft.grpc.admin.port = 15208 (custom)
2023-09-07 20:32:28,074 [main] INFO  grpc.GrpcConfigKeys (ConfUtils.java:logFallback(53)) - raft.grpc.client.host = null (fallback to raft.grpc.server.host)
2023-09-07 20:32:28,074 [main] INFO  grpc.GrpcConfigKeys (ConfUtils.java:logGet(46)) - raft.grpc.client.port = 15207 (custom)
2023-09-07 20:32:28,074 [main] INFO  grpc.GrpcConfigKeys (ConfUtils.java:logGet(46)) - raft.grpc.server.host = null (default)
2023-09-07 20:32:28,074 [main] INFO  grpc.GrpcConfigKeys (ConfUtils.java:logGet(46)) - raft.grpc.server.port = 15209 (custom)
2023-09-07 20:32:28,074 [main] INFO  server.GrpcService (ConfUtils.java:logGet(46)) - raft.grpc.message.size.max = 32MB (=33554432) (custom)
2023-09-07 20:32:28,075 [main] INFO  server.RaftServerConfigKeys (ConfUtils.java:logGet(46)) - raft.server.log.appender.buffer.byte-limit = 33554432 (custom)
2023-09-07 20:32:28,075 [main] INFO  server.GrpcService (ConfUtils.java:logGet(46)) - raft.grpc.flow.control.window = 5MB (=5242880) (custom)
2023-09-07 20:32:28,075 [main] INFO  server.RaftServerConfigKeys (ConfUtils.java:logGet(46)) - raft.server.rpc.request.timeout = 60s (custom)
2023-09-07 20:32:28,075 [main] INFO  grpc.GrpcConfigKeys (ConfUtils.java:logGet(46)) - raft.grpc.server.heartbeat.channel = true (default)
2023-09-07 20:32:28,075 [main] INFO  grpc.GrpcConfigKeys (ConfUtils.java:logGet(46)) - raft.grpc.server.async.request.thread.pool.cached = true (default)
2023-09-07 20:32:28,075 [main] INFO  grpc.GrpcConfigKeys (ConfUtils.java:logGet(46)) - raft.grpc.server.async.request.thread.pool.size = 32 (default)
2023-09-07 20:32:28,079 [main] INFO  impl.DataStreamServerImpl (ConfUtils.java:logGet(46)) - raft.datastream.type = NETTY (custom)
2023-09-07 20:32:28,080 [main] INFO  server.RaftServerConfigKeys (ConfUtils.java:logGet(46)) - raft.server.data-stream.async.request.thread.pool.cached = false (default)
2023-09-07 20:32:28,080 [main] INFO  server.RaftServerConfigKeys (ConfUtils.java:logGet(46)) - raft.server.data-stream.async.request.thread.pool.size = 20 (custom)
2023-09-07 20:32:28,080 [main] INFO  server.RaftServerConfigKeys (ConfUtils.java:logGet(46)) - raft.server.data-stream.async.write.thread.pool.size = 16 (default)
2023-09-07 20:32:28,080 [main] INFO  server.RaftServerConfigKeys (ConfUtils.java:logGet(46)) - raft.server.data-stream.client.pool.size = 10 (default)
2023-09-07 20:32:28,080 [main] INFO  netty.NettyConfigKeys$DataStream (ConfUtils.java:logGet(46)) - raft.netty.dataStream.server.use-epoll = false (default)
2023-09-07 20:32:28,080 [main] INFO  netty.NettyConfigKeys$DataStream (ConfUtils.java:logGet(46)) - raft.netty.dataStream.server.boss-group.size = 0 (default)
2023-09-07 20:32:28,081 [main] INFO  netty.NettyConfigKeys$DataStream (ConfUtils.java:logGet(46)) - raft.netty.dataStream.server.worker-group.size = 0 (default)
2023-09-07 20:32:28,081 [main] INFO  netty.NettyConfigKeys$DataStream (ConfUtils.java:logGet(46)) - raft.netty.dataStream.server.tls.conf = null (default)
2023-09-07 20:32:28,081 [main] INFO  netty.NettyConfigKeys$DataStream (ConfUtils.java:logGet(46)) - raft.netty.dataStream.host = null (default)
2023-09-07 20:32:28,081 [main] INFO  netty.NettyConfigKeys$DataStream (ConfUtils.java:logGet(46)) - raft.netty.dataStream.port = 15210 (custom)
2023-09-07 20:32:28,082 [main] INFO  server.RaftServerConfigKeys (ConfUtils.java:logGet(46)) - raft.server.threadpool.proxy.cached = true (default)
2023-09-07 20:32:28,082 [main] INFO  server.RaftServerConfigKeys (ConfUtils.java:logGet(46)) - raft.server.threadpool.proxy.size = 0 (default)
2023-09-07 20:32:28,082 [main] INFO  server.RaftServerConfigKeys (ConfUtils.java:logGet(46)) - raft.server.rpc.slowness.timeout = 300s (custom)
2023-09-07 20:32:28,083 [main] INFO  server.RaftServerConfigKeys (ConfUtils.java:logGet(46)) - raft.server.leaderelection.leader.step-down.wait-time = 10s (default)
2023-09-07 20:32:28,083 [main] INFO  server.RaftServerConfigKeys (ConfUtils.java:logGet(46)) - raft.server.storage.dir = [/home/runner/work/ozone/ozone/hadoop-ozone/integration-test/target/test-dir/MiniOzoneClusterImpl-5752d0ac-6059-42ff-b166-1d3c6b9f978d/datanode-4/data/ratis] (custom)
2023-09-07 20:32:28,087 [07825d29-2aa2-46d6-9af1-6f352e44c8c5-NettyServerStreamRpc-bossGroup--thread1] INFO  logging.LoggingHandler (AbstractInternalLogger.java:log(148)) - [id: 0x2448abeb] REGISTERED
2023-09-07 20:32:28,087 [07825d29-2aa2-46d6-9af1-6f352e44c8c5-NettyServerStreamRpc-bossGroup--thread1] INFO  logging.LoggingHandler (AbstractInternalLogger.java:log(148)) - [id: 0x2448abeb] BIND: 0.0.0.0/0.0.0.0:15210
2023-09-07 20:32:28,087 [07825d29-2aa2-46d6-9af1-6f352e44c8c5-impl-thread1] INFO  server.RaftServer (RaftServerProxy.java:initGroupDir(258)) - 07825d29-2aa2-46d6-9af1-6f352e44c8c5: found a subdirectory /home/runner/work/ozone/ozone/hadoop-ozone/integration-test/target/test-dir/MiniOzoneClusterImpl-5752d0ac-6059-42ff-b166-1d3c6b9f978d/datanode-4/data/ratis/tmp
2023-09-07 20:32:28,087 [07825d29-2aa2-46d6-9af1-6f352e44c8c5-NettyServerStreamRpc-bossGroup--thread1] INFO  logging.LoggingHandler (AbstractInternalLogger.java:log(148)) - [id: 0x2448abeb, L:/0:0:0:0:0:0:0:0:15210] ACTIVE
2023-09-07 20:32:28,088 [07825d29-2aa2-46d6-9af1-6f352e44c8c5-impl-thread1] INFO  server.RaftServer (RaftServerProxy.java:initGroupDir(263)) - 07825d29-2aa2-46d6-9af1-6f352e44c8c5: The directory /home/runner/work/ozone/ozone/hadoop-ozone/integration-test/target/test-dir/MiniOzoneClusterImpl-5752d0ac-6059-42ff-b166-1d3c6b9f978d/datanode-4/data/ratis/tmp is not a group directory; ignoring it. 
2023-09-07 20:32:28,088 [main] INFO  replication.ReplicationServer (ReplicationServer.java:<init>(81)) - Initializing replication server with thread count = 10
2023-09-07 20:32:28,090 [main] INFO  server.XceiverServerGrpc (XceiverServerGrpc.java:<init>(132)) - GrpcServer channel type EpollServerSocketChannel
2023-09-07 20:32:28,091 [main] INFO  replication.ReplicationSupervisor (ReplicationSupervisor.java:build(155)) - Initializing replication supervisor with thread count = 10
2023-09-07 20:32:28,092 [main] INFO  replication.ReplicationSupervisor (ReplicationSupervisor.java:nodeStateUpdated(307)) - Node state updated to IN_SERVICE, scaling executor pool size to 10
2023-09-07 20:32:28,095 [main] INFO  http.BaseHttpServer (BaseHttpServer.java:newHttpServer2BuilderForOzone(223)) - Starting Web-server for hddsDatanode at: http://0.0.0.0:15204
2023-09-07 20:32:28,095 [main] INFO  http.BaseHttpServer (BaseHttpServer.java:<init>(110)) - Hadoop Security Enabled: false Ozone Security Enabled: false Ozone HTTP Security Enabled: false 
2023-09-07 20:32:28,097 [main] WARN  server.AuthenticationFilter (AuthenticationFilter.java:constructSecretProvider(240)) - Unable to initialize FileSignerSecretProvider, falling back to use random secrets. Reason: Could not read signature secret file: /home/runner/hadoop-http-auth-signature-secret
2023-09-07 20:32:28,099 [main] INFO  http.HttpRequestLog (HttpRequestLog.java:getRequestLog(86)) - Http request log for http.requests.hddsDatanode is not defined
2023-09-07 20:32:28,100 [main] INFO  http.HttpServer2 (HttpServer2.java:addGlobalFilter(1031)) - Added global filter 'safety' (class=org.apache.hadoop.hdds.server.http.HttpServer2$QuotingInputFilter)
2023-09-07 20:32:28,101 [main] INFO  http.HttpServer2 (HttpServer2.java:addFilter(1007)) - Added filter static_user_filter (class=org.apache.hadoop.http.lib.StaticUserWebFilter$StaticUserFilter) to context hddsDatanode
2023-09-07 20:32:28,101 [main] INFO  http.HttpServer2 (HttpServer2.java:addFilter(1015)) - Added filter static_user_filter (class=org.apache.hadoop.http.lib.StaticUserWebFilter$StaticUserFilter) to context static
2023-09-07 20:32:28,101 [main] INFO  http.HttpServer2 (HttpServer2.java:addFilter(1015)) - Added filter static_user_filter (class=org.apache.hadoop.http.lib.StaticUserWebFilter$StaticUserFilter) to context logs
2023-09-07 20:32:28,102 [main] INFO  http.BaseHttpServer (BaseHttpServer.java:<init>(189)) - HTTP server of hddsDatanode uses base directory /home/runner/work/ozone/ozone/hadoop-ozone/integration-test/target/test-dir/MiniOzoneClusterImpl-5752d0ac-6059-42ff-b166-1d3c6b9f978d/datanode-4/meta/webserver
2023-09-07 20:32:28,102 [main] INFO  http.HttpServer2 (HttpServer2.java:bindListener(1231)) - Jetty bound to port 15204
2023-09-07 20:32:28,102 [main] INFO  server.Server (Server.java:doStart(375)) - jetty-9.4.51.v20230217; built: 2023-02-17T08:19:37.309Z; git: b45c405e4544384de066f814ed42ae3dceacdd49; jvm 1.8.0_382-b05
2023-09-07 20:32:28,104 [main] INFO  server.session (DefaultSessionIdManager.java:doStart(334)) - DefaultSessionIdManager workerName=node0
2023-09-07 20:32:28,104 [main] INFO  server.session (DefaultSessionIdManager.java:doStart(339)) - No SessionScavenger set, using defaults
2023-09-07 20:32:28,104 [main] INFO  server.session (HouseKeeper.java:startScavenging(132)) - node0 Scavenging every 660000ms
2023-09-07 20:32:28,105 [main] INFO  handler.ContextHandler (ContextHandler.java:doStart(921)) - Started o.e.j.s.ServletContextHandler@56561ca0{logs,/logs,file:///home/runner/work/ozone/ozone/hadoop-ozone/integration-test/target/log,AVAILABLE}
2023-09-07 20:32:28,106 [main] INFO  handler.ContextHandler (ContextHandler.java:doStart(921)) - Started o.e.j.s.ServletContextHandler@5cde131a{static,/static,jar:file:/home/runner/.m2/repository/org/apache/ozone/hdds-container-service/1.4.0-SNAPSHOT/hdds-container-service-1.4.0-SNAPSHOT.jar!/webapps/static,AVAILABLE}
2023-09-07 20:32:28,385 [main] INFO  handler.ContextHandler (ContextHandler.java:doStart(921)) - Started o.e.j.w.WebAppContext@7a1711e3{hddsDatanode,/,file:///home/runner/work/ozone/ozone/hadoop-ozone/integration-test/target/test-dir/MiniOzoneClusterImpl-5752d0ac-6059-42ff-b166-1d3c6b9f978d/datanode-4/meta/webserver/jetty-0_0_0_0-15204-hdds-container-service-1_4_0-SNAPSHOT_jar-_-any-2739970216272268692/webapp/,AVAILABLE}{jar:file:/home/runner/.m2/repository/org/apache/ozone/hdds-container-service/1.4.0-SNAPSHOT/hdds-container-service-1.4.0-SNAPSHOT.jar!/webapps/hddsDatanode}
2023-09-07 20:32:28,387 [main] INFO  server.AbstractConnector (AbstractConnector.java:doStart(333)) - Started ServerConnector@12a25d41{HTTP/1.1, (http/1.1)}{0.0.0.0:15204}
2023-09-07 20:32:28,388 [main] INFO  server.Server (Server.java:doStart(415)) - Started @319461ms
2023-09-07 20:32:28,388 [main] WARN  impl.MetricsSystemImpl (MetricsSystemImpl.java:register(279)) - Sink prometheus already exists!
2023-09-07 20:32:28,389 [main] INFO  http.BaseHttpServer (BaseHttpServer.java:updateConnectorAddress(354)) - HTTP server of hddsDatanode listening at http://0.0.0.0:15204
2023-09-07 20:32:28,389 [main] INFO  ipc.CallQueueManager (CallQueueManager.java:<init>(90)) - Using callQueue: class java.util.concurrent.LinkedBlockingQueue, queueCapacity: 100, scheduler: class org.apache.hadoop.ipc.DefaultRpcScheduler, ipcBackoff: false.
2023-09-07 20:32:28,389 [main] INFO  ipc.Server (Server.java:<init>(1287)) - Listener at 0.0.0.0:15205
2023-09-07 20:32:28,390 [Socket Reader #1 for port 15205] INFO  ipc.Server (Server.java:run(1323)) - Starting Socket Reader #1 for port 15205
2023-09-07 20:32:28,394 [main] INFO  ozone.HddsDatanodeService (HddsDatanodeService.java:start(315)) - Datanode start with admins: [runner]
2023-09-07 20:32:28,394 [main] INFO  ozone.HddsDatanodeClientProtocolServer (HddsDatanodeClientProtocolServer.java:start(72)) - RPC server for Client /0.0.0.0:15205
2023-09-07 20:32:28,395 [IPC Server Responder] INFO  ipc.Server (Server.java:run(1562)) - IPC Server Responder: starting
2023-09-07 20:32:28,395 [IPC Server listener on 15205] INFO  ipc.Server (Server.java:run(1402)) - IPC Server listener on 15205: starting
2023-09-07 20:32:28,396 [Datanode State Machine Daemon Thread] INFO  statemachine.DatanodeStateMachine (DatanodeStateMachine.java:lambda$startDaemon$0(538)) - Ozone container server started.
2023-09-07 20:32:28,396 [main] INFO  ozone.MiniOzoneClusterImpl (MiniOzoneClusterImpl.java:lambda$waitForClusterToBeReady$0(224)) - Waiting for nodes to be ready. Got 0 of 5 DN Heartbeats.
2023-09-07 20:32:28,397 [main] INFO  ozone.MiniOzoneClusterImpl (MiniOzoneClusterImpl.java:lambda$waitForClusterToBeReady$0(227)) - Waiting for cluster to exit safe mode
2023-09-07 20:32:28,397 [main] INFO  ozone.MiniOzoneClusterImpl (MiniOzoneClusterImpl.java:lambda$waitForClusterToBeReady$0(229)) - SCM became leader
2023-09-07 20:32:28,410 [Datanode State Machine Task Thread - 0] INFO  datanode.InitDatanodeState (InitDatanodeState.java:persistContainerDatanodeDetails(138)) - DatanodeDetails is persisted to /home/runner/work/ozone/ozone/hadoop-ozone/integration-test/target/test-dir/MiniOzoneClusterImpl-5752d0ac-6059-42ff-b166-1d3c6b9f978d/datanode-4/meta/datanode.id
2023-09-07 20:32:28,904 [EndpointStateMachine task thread for /0.0.0.0:15161 - 0 ] INFO  utils.DatanodeStoreCache (DatanodeStoreCache.java:addDB(66)) - Added db /home/runner/work/ozone/ozone/hadoop-ozone/integration-test/target/test-dir/MiniOzoneClusterImpl-5752d0ac-6059-42ff-b166-1d3c6b9f978d/datanode-0/data-0/containers/hdds/5752d0ac-6059-42ff-b166-1d3c6b9f978d/DS-22603bd4-87cc-40ee-8145-c1e8982f20f2/container.db to cache
2023-09-07 20:32:28,904 [EndpointStateMachine task thread for /0.0.0.0:15161 - 0 ] INFO  volume.HddsVolume (HddsVolume.java:createDbStore(422)) - SchemaV3 db is created and loaded at /home/runner/work/ozone/ozone/hadoop-ozone/integration-test/target/test-dir/MiniOzoneClusterImpl-5752d0ac-6059-42ff-b166-1d3c6b9f978d/datanode-0/data-0/containers/hdds/5752d0ac-6059-42ff-b166-1d3c6b9f978d/DS-22603bd4-87cc-40ee-8145-c1e8982f20f2/container.db for volume DS-22603bd4-87cc-40ee-8145-c1e8982f20f2
2023-09-07 20:32:28,905 [EndpointStateMachine task thread for /0.0.0.0:15161 - 0 ] INFO  volume.ThrottledAsyncChecker (ThrottledAsyncChecker.java:schedule(141)) - Scheduling a check for /home/runner/work/ozone/ozone/hadoop-ozone/integration-test/target/test-dir/MiniOzoneClusterImpl-5752d0ac-6059-42ff-b166-1d3c6b9f978d/datanode-0/data-0/containers/hdds
2023-09-07 20:32:28,905 [EndpointStateMachine task thread for /0.0.0.0:15161 - 0 ] INFO  volume.StorageVolumeChecker (StorageVolumeChecker.java:checkAllVolumes(213)) - Scheduled health check for volume /home/runner/work/ozone/ozone/hadoop-ozone/integration-test/target/test-dir/MiniOzoneClusterImpl-5752d0ac-6059-42ff-b166-1d3c6b9f978d/datanode-0/data-0/containers/hdds
2023-09-07 20:32:28,908 [EndpointStateMachine task thread for /0.0.0.0:15161 - 0 ] INFO  volume.ThrottledAsyncChecker (ThrottledAsyncChecker.java:schedule(141)) - Scheduling a check for /home/runner/work/ozone/ozone/hadoop-ozone/integration-test/target/test-dir/MiniOzoneClusterImpl-5752d0ac-6059-42ff-b166-1d3c6b9f978d/datanode-0/data/ratis
2023-09-07 20:32:28,909 [EndpointStateMachine task thread for /0.0.0.0:15161 - 0 ] INFO  volume.StorageVolumeChecker (StorageVolumeChecker.java:checkAllVolumes(213)) - Scheduled health check for volume /home/runner/work/ozone/ozone/hadoop-ozone/integration-test/target/test-dir/MiniOzoneClusterImpl-5752d0ac-6059-42ff-b166-1d3c6b9f978d/datanode-0/data/ratis
2023-09-07 20:32:28,912 [EndpointStateMachine task thread for /0.0.0.0:15161 - 0 ] INFO  ozoneimpl.OzoneContainer (OzoneContainer.java:start(429)) - Attempting to start container services.
2023-09-07 20:32:28,913 [EndpointStateMachine task thread for /0.0.0.0:15161 - 0 ] INFO  ozoneimpl.OzoneContainer (OzoneContainer.java:startContainerScrub(325)) - Scheduled background container scanners and the on-demand container scanner have been disabled.
2023-09-07 20:32:28,920 [EndpointStateMachine task thread for /0.0.0.0:15161 - 0 ] INFO  replication.ReplicationServer (ReplicationServer.java:start(130)) - ReplicationServer is started using port 15175
2023-09-07 20:32:28,920 [EndpointStateMachine task thread for /0.0.0.0:15161 - 0 ] INFO  ratis.XceiverServerRatis (XceiverServerRatis.java:start(517)) - Starting XceiverServerRatis 614edf31-22be-48a8-af09-2d4dd5301ee2
2023-09-07 20:32:28,922 [EndpointStateMachine task thread for /0.0.0.0:15161 - 0 ] INFO  server.RaftServer (RaftServerProxy.java:startImpl(400)) - 614edf31-22be-48a8-af09-2d4dd5301ee2: start RPC server
2023-09-07 20:32:28,923 [EndpointStateMachine task thread for /0.0.0.0:15161 - 0 ] INFO  server.GrpcService (GrpcService.java:startImpl(302)) - 614edf31-22be-48a8-af09-2d4dd5301ee2: GrpcService started, listening on 15171
2023-09-07 20:32:28,924 [EndpointStateMachine task thread for /0.0.0.0:15161 - 0 ] INFO  server.GrpcService (GrpcService.java:startImpl(302)) - 614edf31-22be-48a8-af09-2d4dd5301ee2: GrpcService started, listening on 15173
2023-09-07 20:32:28,925 [EndpointStateMachine task thread for /0.0.0.0:15161 - 0 ] INFO  server.GrpcService (GrpcService.java:startImpl(302)) - 614edf31-22be-48a8-af09-2d4dd5301ee2: GrpcService started, listening on 15172
2023-09-07 20:32:28,925 [EndpointStateMachine task thread for /0.0.0.0:15161 - 0 ] INFO  ratis.XceiverServerRatis (XceiverServerRatis.java:getRealPort(543)) - XceiverServerRatis 614edf31-22be-48a8-af09-2d4dd5301ee2 is started using port 15171 for RATIS
2023-09-07 20:32:28,925 [EndpointStateMachine task thread for /0.0.0.0:15161 - 0 ] INFO  ratis.XceiverServerRatis (XceiverServerRatis.java:getRealPort(543)) - XceiverServerRatis 614edf31-22be-48a8-af09-2d4dd5301ee2 is started using port 15172 for RATIS_ADMIN
2023-09-07 20:32:28,925 [JvmPauseMonitor23] INFO  util.JvmPauseMonitor (JvmPauseMonitor.java:run(103)) - JvmPauseMonitor-614edf31-22be-48a8-af09-2d4dd5301ee2: Started
2023-09-07 20:32:28,925 [EndpointStateMachine task thread for /0.0.0.0:15161 - 0 ] INFO  ratis.XceiverServerRatis (XceiverServerRatis.java:getRealPort(543)) - XceiverServerRatis 614edf31-22be-48a8-af09-2d4dd5301ee2 is started using port 15173 for RATIS_SERVER
2023-09-07 20:32:28,925 [EndpointStateMachine task thread for /0.0.0.0:15161 - 0 ] INFO  ratis.XceiverServerRatis (XceiverServerRatis.java:getRealPort(543)) - XceiverServerRatis 614edf31-22be-48a8-af09-2d4dd5301ee2 is started using port 15174 for RATIS_DATASTREAM
2023-09-07 20:32:28,944 [BlockDeletingService#0] INFO  interfaces.ContainerDeletionChoosingPolicyTemplate (ContainerDeletionChoosingPolicyTemplate.java:chooseContainerForBlockDeletion(85)) - Chosen 0/5000 blocks from 0 candidate containers.
2023-09-07 20:32:29,337 [EndpointStateMachine task thread for /0.0.0.0:15161 - 0 ] INFO  utils.DatanodeStoreCache (DatanodeStoreCache.java:addDB(66)) - Added db /home/runner/work/ozone/ozone/hadoop-ozone/integration-test/target/test-dir/MiniOzoneClusterImpl-5752d0ac-6059-42ff-b166-1d3c6b9f978d/datanode-1/data-0/containers/hdds/5752d0ac-6059-42ff-b166-1d3c6b9f978d/DS-e8ea5aca-2293-4ae0-b433-fd543a3dffcd/container.db to cache
2023-09-07 20:32:29,337 [EndpointStateMachine task thread for /0.0.0.0:15161 - 0 ] INFO  volume.HddsVolume (HddsVolume.java:createDbStore(422)) - SchemaV3 db is created and loaded at /home/runner/work/ozone/ozone/hadoop-ozone/integration-test/target/test-dir/MiniOzoneClusterImpl-5752d0ac-6059-42ff-b166-1d3c6b9f978d/datanode-1/data-0/containers/hdds/5752d0ac-6059-42ff-b166-1d3c6b9f978d/DS-e8ea5aca-2293-4ae0-b433-fd543a3dffcd/container.db for volume DS-e8ea5aca-2293-4ae0-b433-fd543a3dffcd
2023-09-07 20:32:29,338 [EndpointStateMachine task thread for /0.0.0.0:15161 - 0 ] INFO  volume.ThrottledAsyncChecker (ThrottledAsyncChecker.java:schedule(141)) - Scheduling a check for /home/runner/work/ozone/ozone/hadoop-ozone/integration-test/target/test-dir/MiniOzoneClusterImpl-5752d0ac-6059-42ff-b166-1d3c6b9f978d/datanode-1/data-0/containers/hdds
2023-09-07 20:32:29,338 [EndpointStateMachine task thread for /0.0.0.0:15161 - 0 ] INFO  volume.StorageVolumeChecker (StorageVolumeChecker.java:checkAllVolumes(213)) - Scheduled health check for volume /home/runner/work/ozone/ozone/hadoop-ozone/integration-test/target/test-dir/MiniOzoneClusterImpl-5752d0ac-6059-42ff-b166-1d3c6b9f978d/datanode-1/data-0/containers/hdds
2023-09-07 20:32:29,342 [EndpointStateMachine task thread for /0.0.0.0:15161 - 0 ] INFO  volume.ThrottledAsyncChecker (ThrottledAsyncChecker.java:schedule(141)) - Scheduling a check for /home/runner/work/ozone/ozone/hadoop-ozone/integration-test/target/test-dir/MiniOzoneClusterImpl-5752d0ac-6059-42ff-b166-1d3c6b9f978d/datanode-1/data/ratis
2023-09-07 20:32:29,342 [EndpointStateMachine task thread for /0.0.0.0:15161 - 0 ] INFO  volume.StorageVolumeChecker (StorageVolumeChecker.java:checkAllVolumes(213)) - Scheduled health check for volume /home/runner/work/ozone/ozone/hadoop-ozone/integration-test/target/test-dir/MiniOzoneClusterImpl-5752d0ac-6059-42ff-b166-1d3c6b9f978d/datanode-1/data/ratis
2023-09-07 20:32:29,343 [EndpointStateMachine task thread for /0.0.0.0:15161 - 0 ] INFO  ozoneimpl.OzoneContainer (OzoneContainer.java:start(429)) - Attempting to start container services.
2023-09-07 20:32:29,343 [EndpointStateMachine task thread for /0.0.0.0:15161 - 0 ] INFO  ozoneimpl.OzoneContainer (OzoneContainer.java:startContainerScrub(325)) - Scheduled background container scanners and the on-demand container scanner have been disabled.
2023-09-07 20:32:29,346 [EndpointStateMachine task thread for /0.0.0.0:15161 - 0 ] INFO  replication.ReplicationServer (ReplicationServer.java:start(130)) - ReplicationServer is started using port 15184
2023-09-07 20:32:29,346 [EndpointStateMachine task thread for /0.0.0.0:15161 - 0 ] INFO  ratis.XceiverServerRatis (XceiverServerRatis.java:start(517)) - Starting XceiverServerRatis 18956b72-3f9a-4d33-a14d-cbde511355b4
2023-09-07 20:32:29,347 [EndpointStateMachine task thread for /0.0.0.0:15161 - 0 ] INFO  server.RaftServer (RaftServerProxy.java:startImpl(400)) - 18956b72-3f9a-4d33-a14d-cbde511355b4: start RPC server
2023-09-07 20:32:29,349 [EndpointStateMachine task thread for /0.0.0.0:15161 - 0 ] INFO  server.GrpcService (GrpcService.java:startImpl(302)) - 18956b72-3f9a-4d33-a14d-cbde511355b4: GrpcService started, listening on 15180
2023-09-07 20:32:29,350 [EndpointStateMachine task thread for /0.0.0.0:15161 - 0 ] INFO  server.GrpcService (GrpcService.java:startImpl(302)) - 18956b72-3f9a-4d33-a14d-cbde511355b4: GrpcService started, listening on 15182
2023-09-07 20:32:29,351 [EndpointStateMachine task thread for /0.0.0.0:15161 - 0 ] INFO  server.GrpcService (GrpcService.java:startImpl(302)) - 18956b72-3f9a-4d33-a14d-cbde511355b4: GrpcService started, listening on 15181
2023-09-07 20:32:29,351 [EndpointStateMachine task thread for /0.0.0.0:15161 - 0 ] INFO  ratis.XceiverServerRatis (XceiverServerRatis.java:getRealPort(543)) - XceiverServerRatis 18956b72-3f9a-4d33-a14d-cbde511355b4 is started using port 15180 for RATIS
2023-09-07 20:32:29,351 [EndpointStateMachine task thread for /0.0.0.0:15161 - 0 ] INFO  ratis.XceiverServerRatis (XceiverServerRatis.java:getRealPort(543)) - XceiverServerRatis 18956b72-3f9a-4d33-a14d-cbde511355b4 is started using port 15181 for RATIS_ADMIN
2023-09-07 20:32:29,351 [JvmPauseMonitor24] INFO  util.JvmPauseMonitor (JvmPauseMonitor.java:run(103)) - JvmPauseMonitor-18956b72-3f9a-4d33-a14d-cbde511355b4: Started
2023-09-07 20:32:29,351 [EndpointStateMachine task thread for /0.0.0.0:15161 - 0 ] INFO  ratis.XceiverServerRatis (XceiverServerRatis.java:getRealPort(543)) - XceiverServerRatis 18956b72-3f9a-4d33-a14d-cbde511355b4 is started using port 15182 for RATIS_SERVER
2023-09-07 20:32:29,351 [EndpointStateMachine task thread for /0.0.0.0:15161 - 0 ] INFO  ratis.XceiverServerRatis (XceiverServerRatis.java:getRealPort(543)) - XceiverServerRatis 18956b72-3f9a-4d33-a14d-cbde511355b4 is started using port 15183 for RATIS_DATASTREAM
2023-09-07 20:32:29,353 [BlockDeletingService#0] INFO  interfaces.ContainerDeletionChoosingPolicyTemplate (ContainerDeletionChoosingPolicyTemplate.java:chooseContainerForBlockDeletion(85)) - Chosen 0/5000 blocks from 0 candidate containers.
2023-09-07 20:32:29,397 [main] INFO  ozone.MiniOzoneClusterImpl (MiniOzoneClusterImpl.java:lambda$waitForClusterToBeReady$0(224)) - Waiting for nodes to be ready. Got 0 of 5 DN Heartbeats.
2023-09-07 20:32:29,397 [main] INFO  ozone.MiniOzoneClusterImpl (MiniOzoneClusterImpl.java:lambda$waitForClusterToBeReady$0(227)) - Waiting for cluster to exit safe mode
2023-09-07 20:32:29,397 [main] INFO  ozone.MiniOzoneClusterImpl (MiniOzoneClusterImpl.java:lambda$waitForClusterToBeReady$0(229)) - SCM became leader
2023-09-07 20:32:29,719 [EndpointStateMachine task thread for /0.0.0.0:15161 - 0 ] INFO  utils.DatanodeStoreCache (DatanodeStoreCache.java:addDB(66)) - Added db /home/runner/work/ozone/ozone/hadoop-ozone/integration-test/target/test-dir/MiniOzoneClusterImpl-5752d0ac-6059-42ff-b166-1d3c6b9f978d/datanode-2/data-0/containers/hdds/5752d0ac-6059-42ff-b166-1d3c6b9f978d/DS-66cf1cbe-a969-4520-b17d-123ff75df721/container.db to cache
2023-09-07 20:32:29,719 [EndpointStateMachine task thread for /0.0.0.0:15161 - 0 ] INFO  volume.HddsVolume (HddsVolume.java:createDbStore(422)) - SchemaV3 db is created and loaded at /home/runner/work/ozone/ozone/hadoop-ozone/integration-test/target/test-dir/MiniOzoneClusterImpl-5752d0ac-6059-42ff-b166-1d3c6b9f978d/datanode-2/data-0/containers/hdds/5752d0ac-6059-42ff-b166-1d3c6b9f978d/DS-66cf1cbe-a969-4520-b17d-123ff75df721/container.db for volume DS-66cf1cbe-a969-4520-b17d-123ff75df721
2023-09-07 20:32:29,720 [EndpointStateMachine task thread for /0.0.0.0:15161 - 0 ] INFO  volume.ThrottledAsyncChecker (ThrottledAsyncChecker.java:schedule(141)) - Scheduling a check for /home/runner/work/ozone/ozone/hadoop-ozone/integration-test/target/test-dir/MiniOzoneClusterImpl-5752d0ac-6059-42ff-b166-1d3c6b9f978d/datanode-2/data-0/containers/hdds
2023-09-07 20:32:29,723 [EndpointStateMachine task thread for /0.0.0.0:15161 - 0 ] INFO  volume.StorageVolumeChecker (StorageVolumeChecker.java:checkAllVolumes(213)) - Scheduled health check for volume /home/runner/work/ozone/ozone/hadoop-ozone/integration-test/target/test-dir/MiniOzoneClusterImpl-5752d0ac-6059-42ff-b166-1d3c6b9f978d/datanode-2/data-0/containers/hdds
2023-09-07 20:32:29,725 [EndpointStateMachine task thread for /0.0.0.0:15161 - 0 ] INFO  volume.ThrottledAsyncChecker (ThrottledAsyncChecker.java:schedule(141)) - Scheduling a check for /home/runner/work/ozone/ozone/hadoop-ozone/integration-test/target/test-dir/MiniOzoneClusterImpl-5752d0ac-6059-42ff-b166-1d3c6b9f978d/datanode-2/data/ratis
2023-09-07 20:32:29,725 [EndpointStateMachine task thread for /0.0.0.0:15161 - 0 ] INFO  volume.StorageVolumeChecker (StorageVolumeChecker.java:checkAllVolumes(213)) - Scheduled health check for volume /home/runner/work/ozone/ozone/hadoop-ozone/integration-test/target/test-dir/MiniOzoneClusterImpl-5752d0ac-6059-42ff-b166-1d3c6b9f978d/datanode-2/data/ratis
2023-09-07 20:32:29,727 [EndpointStateMachine task thread for /0.0.0.0:15161 - 0 ] INFO  ozoneimpl.OzoneContainer (OzoneContainer.java:start(429)) - Attempting to start container services.
2023-09-07 20:32:29,727 [EndpointStateMachine task thread for /0.0.0.0:15161 - 0 ] INFO  ozoneimpl.OzoneContainer (OzoneContainer.java:startContainerScrub(325)) - Scheduled background container scanners and the on-demand container scanner have been disabled.
2023-09-07 20:32:29,728 [EndpointStateMachine task thread for /0.0.0.0:15161 - 0 ] INFO  replication.ReplicationServer (ReplicationServer.java:start(130)) - ReplicationServer is started using port 15193
2023-09-07 20:32:29,728 [EndpointStateMachine task thread for /0.0.0.0:15161 - 0 ] INFO  ratis.XceiverServerRatis (XceiverServerRatis.java:start(517)) - Starting XceiverServerRatis 0f4389f5-8f89-483a-970a-d84001bccdfd
2023-09-07 20:32:29,729 [EndpointStateMachine task thread for /0.0.0.0:15161 - 0 ] INFO  server.RaftServer (RaftServerProxy.java:startImpl(400)) - 0f4389f5-8f89-483a-970a-d84001bccdfd: start RPC server
2023-09-07 20:32:29,729 [EndpointStateMachine task thread for /0.0.0.0:15161 - 0 ] INFO  server.GrpcService (GrpcService.java:startImpl(302)) - 0f4389f5-8f89-483a-970a-d84001bccdfd: GrpcService started, listening on 15189
2023-09-07 20:32:29,731 [EndpointStateMachine task thread for /0.0.0.0:15161 - 0 ] INFO  server.GrpcService (GrpcService.java:startImpl(302)) - 0f4389f5-8f89-483a-970a-d84001bccdfd: GrpcService started, listening on 15191
2023-09-07 20:32:29,732 [EndpointStateMachine task thread for /0.0.0.0:15161 - 0 ] INFO  server.GrpcService (GrpcService.java:startImpl(302)) - 0f4389f5-8f89-483a-970a-d84001bccdfd: GrpcService started, listening on 15190
2023-09-07 20:32:29,732 [EndpointStateMachine task thread for /0.0.0.0:15161 - 0 ] INFO  ratis.XceiverServerRatis (XceiverServerRatis.java:getRealPort(543)) - XceiverServerRatis 0f4389f5-8f89-483a-970a-d84001bccdfd is started using port 15189 for RATIS
2023-09-07 20:32:29,732 [EndpointStateMachine task thread for /0.0.0.0:15161 - 0 ] INFO  ratis.XceiverServerRatis (XceiverServerRatis.java:getRealPort(543)) - XceiverServerRatis 0f4389f5-8f89-483a-970a-d84001bccdfd is started using port 15190 for RATIS_ADMIN
2023-09-07 20:32:29,732 [EndpointStateMachine task thread for /0.0.0.0:15161 - 0 ] INFO  ratis.XceiverServerRatis (XceiverServerRatis.java:getRealPort(543)) - XceiverServerRatis 0f4389f5-8f89-483a-970a-d84001bccdfd is started using port 15191 for RATIS_SERVER
2023-09-07 20:32:29,732 [EndpointStateMachine task thread for /0.0.0.0:15161 - 0 ] INFO  ratis.XceiverServerRatis (XceiverServerRatis.java:getRealPort(543)) - XceiverServerRatis 0f4389f5-8f89-483a-970a-d84001bccdfd is started using port 15192 for RATIS_DATASTREAM
2023-09-07 20:32:29,733 [JvmPauseMonitor25] INFO  util.JvmPauseMonitor (JvmPauseMonitor.java:run(103)) - JvmPauseMonitor-0f4389f5-8f89-483a-970a-d84001bccdfd: Started
2023-09-07 20:32:29,735 [BlockDeletingService#0] INFO  interfaces.ContainerDeletionChoosingPolicyTemplate (ContainerDeletionChoosingPolicyTemplate.java:chooseContainerForBlockDeletion(85)) - Chosen 0/5000 blocks from 0 candidate containers.
2023-09-07 20:32:30,090 [EndpointStateMachine task thread for /0.0.0.0:15161 - 0 ] INFO  utils.DatanodeStoreCache (DatanodeStoreCache.java:addDB(66)) - Added db /home/runner/work/ozone/ozone/hadoop-ozone/integration-test/target/test-dir/MiniOzoneClusterImpl-5752d0ac-6059-42ff-b166-1d3c6b9f978d/datanode-3/data-0/containers/hdds/5752d0ac-6059-42ff-b166-1d3c6b9f978d/DS-76422049-e3af-4d29-85d2-162ab46428af/container.db to cache
2023-09-07 20:32:30,090 [EndpointStateMachine task thread for /0.0.0.0:15161 - 0 ] INFO  volume.HddsVolume (HddsVolume.java:createDbStore(422)) - SchemaV3 db is created and loaded at /home/runner/work/ozone/ozone/hadoop-ozone/integration-test/target/test-dir/MiniOzoneClusterImpl-5752d0ac-6059-42ff-b166-1d3c6b9f978d/datanode-3/data-0/containers/hdds/5752d0ac-6059-42ff-b166-1d3c6b9f978d/DS-76422049-e3af-4d29-85d2-162ab46428af/container.db for volume DS-76422049-e3af-4d29-85d2-162ab46428af
2023-09-07 20:32:30,091 [EndpointStateMachine task thread for /0.0.0.0:15161 - 0 ] INFO  volume.ThrottledAsyncChecker (ThrottledAsyncChecker.java:schedule(141)) - Scheduling a check for /home/runner/work/ozone/ozone/hadoop-ozone/integration-test/target/test-dir/MiniOzoneClusterImpl-5752d0ac-6059-42ff-b166-1d3c6b9f978d/datanode-3/data-0/containers/hdds
2023-09-07 20:32:30,096 [EndpointStateMachine task thread for /0.0.0.0:15161 - 0 ] INFO  volume.StorageVolumeChecker (StorageVolumeChecker.java:checkAllVolumes(213)) - Scheduled health check for volume /home/runner/work/ozone/ozone/hadoop-ozone/integration-test/target/test-dir/MiniOzoneClusterImpl-5752d0ac-6059-42ff-b166-1d3c6b9f978d/datanode-3/data-0/containers/hdds
2023-09-07 20:32:30,099 [EndpointStateMachine task thread for /0.0.0.0:15161 - 0 ] INFO  volume.ThrottledAsyncChecker (ThrottledAsyncChecker.java:schedule(141)) - Scheduling a check for /home/runner/work/ozone/ozone/hadoop-ozone/integration-test/target/test-dir/MiniOzoneClusterImpl-5752d0ac-6059-42ff-b166-1d3c6b9f978d/datanode-3/data/ratis
2023-09-07 20:32:30,099 [EndpointStateMachine task thread for /0.0.0.0:15161 - 0 ] INFO  volume.StorageVolumeChecker (StorageVolumeChecker.java:checkAllVolumes(213)) - Scheduled health check for volume /home/runner/work/ozone/ozone/hadoop-ozone/integration-test/target/test-dir/MiniOzoneClusterImpl-5752d0ac-6059-42ff-b166-1d3c6b9f978d/datanode-3/data/ratis
2023-09-07 20:32:30,101 [EndpointStateMachine task thread for /0.0.0.0:15161 - 0 ] INFO  ozoneimpl.OzoneContainer (OzoneContainer.java:start(429)) - Attempting to start container services.
2023-09-07 20:32:30,101 [EndpointStateMachine task thread for /0.0.0.0:15161 - 0 ] INFO  ozoneimpl.OzoneContainer (OzoneContainer.java:startContainerScrub(325)) - Scheduled background container scanners and the on-demand container scanner have been disabled.
2023-09-07 20:32:30,102 [EndpointStateMachine task thread for /0.0.0.0:15161 - 0 ] INFO  replication.ReplicationServer (ReplicationServer.java:start(130)) - ReplicationServer is started using port 15202
2023-09-07 20:32:30,103 [EndpointStateMachine task thread for /0.0.0.0:15161 - 0 ] INFO  ratis.XceiverServerRatis (XceiverServerRatis.java:start(517)) - Starting XceiverServerRatis 0345af92-ee10-4252-b2db-9c35c6cf1855
2023-09-07 20:32:30,104 [EndpointStateMachine task thread for /0.0.0.0:15161 - 0 ] INFO  server.RaftServer (RaftServerProxy.java:startImpl(400)) - 0345af92-ee10-4252-b2db-9c35c6cf1855: start RPC server
2023-09-07 20:32:30,105 [EndpointStateMachine task thread for /0.0.0.0:15161 - 0 ] INFO  server.GrpcService (GrpcService.java:startImpl(302)) - 0345af92-ee10-4252-b2db-9c35c6cf1855: GrpcService started, listening on 15198
2023-09-07 20:32:30,106 [EndpointStateMachine task thread for /0.0.0.0:15161 - 0 ] INFO  server.GrpcService (GrpcService.java:startImpl(302)) - 0345af92-ee10-4252-b2db-9c35c6cf1855: GrpcService started, listening on 15200
2023-09-07 20:32:30,111 [EndpointStateMachine task thread for /0.0.0.0:15161 - 0 ] INFO  server.GrpcService (GrpcService.java:startImpl(302)) - 0345af92-ee10-4252-b2db-9c35c6cf1855: GrpcService started, listening on 15199
2023-09-07 20:32:30,115 [EndpointStateMachine task thread for /0.0.0.0:15161 - 0 ] INFO  ratis.XceiverServerRatis (XceiverServerRatis.java:getRealPort(543)) - XceiverServerRatis 0345af92-ee10-4252-b2db-9c35c6cf1855 is started using port 15198 for RATIS
2023-09-07 20:32:30,115 [EndpointStateMachine task thread for /0.0.0.0:15161 - 0 ] INFO  ratis.XceiverServerRatis (XceiverServerRatis.java:getRealPort(543)) - XceiverServerRatis 0345af92-ee10-4252-b2db-9c35c6cf1855 is started using port 15199 for RATIS_ADMIN
2023-09-07 20:32:30,115 [EndpointStateMachine task thread for /0.0.0.0:15161 - 0 ] INFO  ratis.XceiverServerRatis (XceiverServerRatis.java:getRealPort(543)) - XceiverServerRatis 0345af92-ee10-4252-b2db-9c35c6cf1855 is started using port 15200 for RATIS_SERVER
2023-09-07 20:32:30,115 [EndpointStateMachine task thread for /0.0.0.0:15161 - 0 ] INFO  ratis.XceiverServerRatis (XceiverServerRatis.java:getRealPort(543)) - XceiverServerRatis 0345af92-ee10-4252-b2db-9c35c6cf1855 is started using port 15201 for RATIS_DATASTREAM
2023-09-07 20:32:30,122 [JvmPauseMonitor26] INFO  util.JvmPauseMonitor (JvmPauseMonitor.java:run(103)) - JvmPauseMonitor-0345af92-ee10-4252-b2db-9c35c6cf1855: Started
2023-09-07 20:32:30,129 [BlockDeletingService#0] INFO  interfaces.ContainerDeletionChoosingPolicyTemplate (ContainerDeletionChoosingPolicyTemplate.java:chooseContainerForBlockDeletion(85)) - Chosen 0/5000 blocks from 0 candidate containers.
2023-09-07 20:32:30,398 [main] INFO  ozone.MiniOzoneClusterImpl (MiniOzoneClusterImpl.java:lambda$waitForClusterToBeReady$0(224)) - Waiting for nodes to be ready. Got 0 of 5 DN Heartbeats.
2023-09-07 20:32:30,398 [main] INFO  ozone.MiniOzoneClusterImpl (MiniOzoneClusterImpl.java:lambda$waitForClusterToBeReady$0(227)) - Waiting for cluster to exit safe mode
2023-09-07 20:32:30,398 [main] INFO  ozone.MiniOzoneClusterImpl (MiniOzoneClusterImpl.java:lambda$waitForClusterToBeReady$0(229)) - SCM became leader
2023-09-07 20:32:30,499 [EndpointStateMachine task thread for /0.0.0.0:15161 - 0 ] INFO  utils.DatanodeStoreCache (DatanodeStoreCache.java:addDB(66)) - Added db /home/runner/work/ozone/ozone/hadoop-ozone/integration-test/target/test-dir/MiniOzoneClusterImpl-5752d0ac-6059-42ff-b166-1d3c6b9f978d/datanode-4/data-0/containers/hdds/5752d0ac-6059-42ff-b166-1d3c6b9f978d/DS-154f928a-08b9-4812-95cd-340ed26771ae/container.db to cache
2023-09-07 20:32:30,499 [EndpointStateMachine task thread for /0.0.0.0:15161 - 0 ] INFO  volume.HddsVolume (HddsVolume.java:createDbStore(422)) - SchemaV3 db is created and loaded at /home/runner/work/ozone/ozone/hadoop-ozone/integration-test/target/test-dir/MiniOzoneClusterImpl-5752d0ac-6059-42ff-b166-1d3c6b9f978d/datanode-4/data-0/containers/hdds/5752d0ac-6059-42ff-b166-1d3c6b9f978d/DS-154f928a-08b9-4812-95cd-340ed26771ae/container.db for volume DS-154f928a-08b9-4812-95cd-340ed26771ae
2023-09-07 20:32:30,500 [EndpointStateMachine task thread for /0.0.0.0:15161 - 0 ] INFO  volume.ThrottledAsyncChecker (ThrottledAsyncChecker.java:schedule(141)) - Scheduling a check for /home/runner/work/ozone/ozone/hadoop-ozone/integration-test/target/test-dir/MiniOzoneClusterImpl-5752d0ac-6059-42ff-b166-1d3c6b9f978d/datanode-4/data-0/containers/hdds
2023-09-07 20:32:30,500 [EndpointStateMachine task thread for /0.0.0.0:15161 - 0 ] INFO  volume.StorageVolumeChecker (StorageVolumeChecker.java:checkAllVolumes(213)) - Scheduled health check for volume /home/runner/work/ozone/ozone/hadoop-ozone/integration-test/target/test-dir/MiniOzoneClusterImpl-5752d0ac-6059-42ff-b166-1d3c6b9f978d/datanode-4/data-0/containers/hdds
2023-09-07 20:32:30,505 [EndpointStateMachine task thread for /0.0.0.0:15161 - 0 ] INFO  volume.ThrottledAsyncChecker (ThrottledAsyncChecker.java:schedule(141)) - Scheduling a check for /home/runner/work/ozone/ozone/hadoop-ozone/integration-test/target/test-dir/MiniOzoneClusterImpl-5752d0ac-6059-42ff-b166-1d3c6b9f978d/datanode-4/data/ratis
2023-09-07 20:32:30,505 [EndpointStateMachine task thread for /0.0.0.0:15161 - 0 ] INFO  volume.StorageVolumeChecker (StorageVolumeChecker.java:checkAllVolumes(213)) - Scheduled health check for volume /home/runner/work/ozone/ozone/hadoop-ozone/integration-test/target/test-dir/MiniOzoneClusterImpl-5752d0ac-6059-42ff-b166-1d3c6b9f978d/datanode-4/data/ratis
2023-09-07 20:32:30,513 [EndpointStateMachine task thread for /0.0.0.0:15161 - 0 ] INFO  ozoneimpl.OzoneContainer (OzoneContainer.java:start(429)) - Attempting to start container services.
2023-09-07 20:32:30,513 [EndpointStateMachine task thread for /0.0.0.0:15161 - 0 ] INFO  ozoneimpl.OzoneContainer (OzoneContainer.java:startContainerScrub(325)) - Scheduled background container scanners and the on-demand container scanner have been disabled.
2023-09-07 20:32:30,515 [EndpointStateMachine task thread for /0.0.0.0:15161 - 0 ] INFO  replication.ReplicationServer (ReplicationServer.java:start(130)) - ReplicationServer is started using port 15211
2023-09-07 20:32:30,516 [EndpointStateMachine task thread for /0.0.0.0:15161 - 0 ] INFO  ratis.XceiverServerRatis (XceiverServerRatis.java:start(517)) - Starting XceiverServerRatis 07825d29-2aa2-46d6-9af1-6f352e44c8c5
2023-09-07 20:32:30,517 [EndpointStateMachine task thread for /0.0.0.0:15161 - 0 ] INFO  server.RaftServer (RaftServerProxy.java:startImpl(400)) - 07825d29-2aa2-46d6-9af1-6f352e44c8c5: start RPC server
2023-09-07 20:32:30,518 [EndpointStateMachine task thread for /0.0.0.0:15161 - 0 ] INFO  server.GrpcService (GrpcService.java:startImpl(302)) - 07825d29-2aa2-46d6-9af1-6f352e44c8c5: GrpcService started, listening on 15207
2023-09-07 20:32:30,519 [EndpointStateMachine task thread for /0.0.0.0:15161 - 0 ] INFO  server.GrpcService (GrpcService.java:startImpl(302)) - 07825d29-2aa2-46d6-9af1-6f352e44c8c5: GrpcService started, listening on 15209
2023-09-07 20:32:30,520 [EndpointStateMachine task thread for /0.0.0.0:15161 - 0 ] INFO  server.GrpcService (GrpcService.java:startImpl(302)) - 07825d29-2aa2-46d6-9af1-6f352e44c8c5: GrpcService started, listening on 15208
2023-09-07 20:32:30,522 [EndpointStateMachine task thread for /0.0.0.0:15161 - 0 ] INFO  ratis.XceiverServerRatis (XceiverServerRatis.java:getRealPort(543)) - XceiverServerRatis 07825d29-2aa2-46d6-9af1-6f352e44c8c5 is started using port 15207 for RATIS
2023-09-07 20:32:30,522 [JvmPauseMonitor27] INFO  util.JvmPauseMonitor (JvmPauseMonitor.java:run(103)) - JvmPauseMonitor-07825d29-2aa2-46d6-9af1-6f352e44c8c5: Started
2023-09-07 20:32:30,522 [EndpointStateMachine task thread for /0.0.0.0:15161 - 0 ] INFO  ratis.XceiverServerRatis (XceiverServerRatis.java:getRealPort(543)) - XceiverServerRatis 07825d29-2aa2-46d6-9af1-6f352e44c8c5 is started using port 15208 for RATIS_ADMIN
2023-09-07 20:32:30,523 [EndpointStateMachine task thread for /0.0.0.0:15161 - 0 ] INFO  ratis.XceiverServerRatis (XceiverServerRatis.java:getRealPort(543)) - XceiverServerRatis 07825d29-2aa2-46d6-9af1-6f352e44c8c5 is started using port 15209 for RATIS_SERVER
2023-09-07 20:32:30,523 [EndpointStateMachine task thread for /0.0.0.0:15161 - 0 ] INFO  ratis.XceiverServerRatis (XceiverServerRatis.java:getRealPort(543)) - XceiverServerRatis 07825d29-2aa2-46d6-9af1-6f352e44c8c5 is started using port 15210 for RATIS_DATASTREAM
2023-09-07 20:32:30,527 [BlockDeletingService#0] INFO  interfaces.ContainerDeletionChoosingPolicyTemplate (ContainerDeletionChoosingPolicyTemplate.java:chooseContainerForBlockDeletion(85)) - Chosen 0/5000 blocks from 0 candidate containers.
2023-09-07 20:32:30,799 [IPC Server handler 16 on default port 15161] INFO  net.NetworkTopologyImpl (NetworkTopologyImpl.java:add(112)) - Added a new node: /default-rack/614edf31-22be-48a8-af09-2d4dd5301ee2
2023-09-07 20:32:30,800 [IPC Server handler 16 on default port 15161] INFO  node.SCMNodeManager (SCMNodeManager.java:register(405)) - Registered Data node : 614edf31-22be-48a8-af09-2d4dd5301ee2{ip: 10.1.0.11, host: fv-az259-394.nxnqhby4qkoexpon2s1bx5vqxg.dx.internal.cloudapp.net, ports: [HTTP=15168, CLIENT_RPC=15169, REPLICATION=15175, RATIS=15171, RATIS_ADMIN=15172, RATIS_SERVER=15173, RATIS_DATASTREAM=15174, STANDALONE=15170], networkLocation: /default-rack, certSerialId: null, persistedOpState: null, persistedOpStateExpiryEpochSec: 0}
2023-09-07 20:32:30,802 [EventQueue-NodeRegistrationContainerReportForContainerSafeModeRule] INFO  safemode.SCMSafeModeManager (SCMSafeModeManager.java:validateSafeModeExitRules(200)) - ContainerSafeModeRule rule is successfully validated
2023-09-07 20:32:30,809 [EventQueue-NewNodeForNewNodeHandler] INFO  pipeline.BackgroundPipelineCreator (BackgroundPipelineCreator.java:notifyEventTriggered(277)) - trigger a one-shot run on RatisPipelineUtilsThread.
2023-09-07 20:32:30,809 [EventQueue-NodeRegistrationContainerReportForDataNodeSafeModeRule] INFO  safemode.SCMSafeModeManager (DataNodeSafeModeRule.java:process(71)) - SCM in safe mode. 1 DataNodes registered, 3 required.
2023-09-07 20:32:30,809 [RatisPipelineUtilsThread - 0] INFO  pipeline.RatisPipelineProvider (RatisPipelineProvider.java:lambda$create$0(206)) - Sending CreatePipelineCommand for pipeline:PipelineID=24405275-2383-4a29-91b9-a48533c3333b to datanode:614edf31-22be-48a8-af09-2d4dd5301ee2
2023-09-07 20:32:30,811 [RatisPipelineUtilsThread - 0] INFO  pipeline.BackgroundPipelineCreator (BackgroundPipelineCreator.java:createPipelines(233)) - Created new pipeline Pipeline[ Id: 24405275-2383-4a29-91b9-a48533c3333b, Nodes: 614edf31-22be-48a8-af09-2d4dd5301ee2(fv-az259-394.nxnqhby4qkoexpon2s1bx5vqxg.dx.internal.cloudapp.net/10.1.0.11), ReplicationConfig: RATIS/ONE, State:ALLOCATED, leaderId:, CreationTimestamp2023-09-07T20:32:30.809Z[Etc/UTC]]
2023-09-07 20:32:30,816 [EventQueue-PipelineReportForOneReplicaPipelineSafeModeRule] INFO  safemode.SCMSafeModeManager (SCMSafeModeManager.java:validateSafeModeExitRules(200)) - AtleastOneDatanodeReportedRule rule is successfully validated
2023-09-07 20:32:31,260 [IPC Server handler 19 on default port 15161] INFO  net.NetworkTopologyImpl (NetworkTopologyImpl.java:add(112)) - Added a new node: /default-rack/18956b72-3f9a-4d33-a14d-cbde511355b4
2023-09-07 20:32:31,261 [IPC Server handler 19 on default port 15161] INFO  node.SCMNodeManager (SCMNodeManager.java:register(405)) - Registered Data node : 18956b72-3f9a-4d33-a14d-cbde511355b4{ip: 10.1.0.11, host: fv-az259-394.nxnqhby4qkoexpon2s1bx5vqxg.dx.internal.cloudapp.net, ports: [HTTP=15177, CLIENT_RPC=15178, REPLICATION=15184, RATIS=15180, RATIS_ADMIN=15181, RATIS_SERVER=15182, RATIS_DATASTREAM=15183, STANDALONE=15179], networkLocation: /default-rack, certSerialId: null, persistedOpState: null, persistedOpStateExpiryEpochSec: 0}
2023-09-07 20:32:31,262 [EventQueue-NodeRegistrationContainerReportForDataNodeSafeModeRule] INFO  safemode.SCMSafeModeManager (DataNodeSafeModeRule.java:process(71)) - SCM in safe mode. 2 DataNodes registered, 3 required.
2023-09-07 20:32:31,262 [EventQueue-NewNodeForNewNodeHandler] INFO  pipeline.BackgroundPipelineCreator (BackgroundPipelineCreator.java:notifyEventTriggered(277)) - trigger a one-shot run on RatisPipelineUtilsThread.
2023-09-07 20:32:31,267 [RatisPipelineUtilsThread - 0] INFO  pipeline.RatisPipelineProvider (RatisPipelineProvider.java:lambda$create$0(206)) - Sending CreatePipelineCommand for pipeline:PipelineID=7c71b2b0-36c6-4243-a50f-aa12a69c590d to datanode:18956b72-3f9a-4d33-a14d-cbde511355b4
2023-09-07 20:32:31,268 [RatisPipelineUtilsThread - 0] INFO  pipeline.BackgroundPipelineCreator (BackgroundPipelineCreator.java:createPipelines(233)) - Created new pipeline Pipeline[ Id: 7c71b2b0-36c6-4243-a50f-aa12a69c590d, Nodes: 18956b72-3f9a-4d33-a14d-cbde511355b4(fv-az259-394.nxnqhby4qkoexpon2s1bx5vqxg.dx.internal.cloudapp.net/10.1.0.11), ReplicationConfig: RATIS/ONE, State:ALLOCATED, leaderId:, CreationTimestamp2023-09-07T20:32:31.267Z[Etc/UTC]]
2023-09-07 20:32:31,398 [main] INFO  ozone.MiniOzoneClusterImpl (MiniOzoneClusterImpl.java:lambda$waitForClusterToBeReady$0(224)) - Waiting for nodes to be ready. Got 2 of 5 DN Heartbeats.
2023-09-07 20:32:31,399 [main] INFO  ozone.MiniOzoneClusterImpl (MiniOzoneClusterImpl.java:lambda$waitForClusterToBeReady$0(227)) - Waiting for cluster to exit safe mode
2023-09-07 20:32:31,399 [main] INFO  ozone.MiniOzoneClusterImpl (MiniOzoneClusterImpl.java:lambda$waitForClusterToBeReady$0(229)) - SCM became leader
2023-09-07 20:32:31,666 [IPC Server handler 16 on default port 15161] INFO  net.NetworkTopologyImpl (NetworkTopologyImpl.java:add(112)) - Added a new node: /default-rack/0f4389f5-8f89-483a-970a-d84001bccdfd
2023-09-07 20:32:31,666 [IPC Server handler 16 on default port 15161] INFO  node.SCMNodeManager (SCMNodeManager.java:register(405)) - Registered Data node : 0f4389f5-8f89-483a-970a-d84001bccdfd{ip: 10.1.0.11, host: fv-az259-394.nxnqhby4qkoexpon2s1bx5vqxg.dx.internal.cloudapp.net, ports: [HTTP=15186, CLIENT_RPC=15187, REPLICATION=15193, RATIS=15189, RATIS_ADMIN=15190, RATIS_SERVER=15191, RATIS_DATASTREAM=15192, STANDALONE=15188], networkLocation: /default-rack, certSerialId: null, persistedOpState: null, persistedOpStateExpiryEpochSec: 0}
2023-09-07 20:32:31,666 [EventQueue-NewNodeForNewNodeHandler] INFO  pipeline.BackgroundPipelineCreator (BackgroundPipelineCreator.java:notifyEventTriggered(277)) - trigger a one-shot run on RatisPipelineUtilsThread.
2023-09-07 20:32:31,666 [EventQueue-NodeRegistrationContainerReportForDataNodeSafeModeRule] INFO  safemode.SCMSafeModeManager (DataNodeSafeModeRule.java:process(71)) - SCM in safe mode. 3 DataNodes registered, 3 required.
2023-09-07 20:32:31,666 [EventQueue-NodeRegistrationContainerReportForDataNodeSafeModeRule] INFO  safemode.SCMSafeModeManager (SCMSafeModeManager.java:validateSafeModeExitRules(200)) - DataNodeSafeModeRule rule is successfully validated
2023-09-07 20:32:31,666 [EventQueue-NodeRegistrationContainerReportForDataNodeSafeModeRule] INFO  safemode.SCMSafeModeManager (SCMSafeModeManager.java:completePreCheck(229)) - All SCM safe mode pre check rules have passed
2023-09-07 20:32:31,666 [EventQueue-NodeRegistrationContainerReportForDataNodeSafeModeRule] INFO  ha.SCMContext (SCMContext.java:updateSafeModeStatus(228)) - Update SafeModeStatus from SafeModeStatus{safeModeStatus=true, preCheckPassed=false} to SafeModeStatus{safeModeStatus=true, preCheckPassed=true}.
2023-09-07 20:32:31,666 [EventQueue-NodeRegistrationContainerReportForDataNodeSafeModeRule] INFO  pipeline.BackgroundPipelineCreator (BackgroundPipelineCreator.java:notifyEventTriggered(277)) - trigger a one-shot run on RatisPipelineUtilsThread.
2023-09-07 20:32:31,667 [RatisPipelineUtilsThread - 0] INFO  pipeline.RatisPipelineProvider (RatisPipelineProvider.java:lambda$create$0(206)) - Sending CreatePipelineCommand for pipeline:PipelineID=2aac5c77-ee1c-456f-9b86-7ce3656eaf71 to datanode:0f4389f5-8f89-483a-970a-d84001bccdfd
2023-09-07 20:32:31,667 [RatisPipelineUtilsThread - 0] INFO  pipeline.BackgroundPipelineCreator (BackgroundPipelineCreator.java:createPipelines(233)) - Created new pipeline Pipeline[ Id: 2aac5c77-ee1c-456f-9b86-7ce3656eaf71, Nodes: 0f4389f5-8f89-483a-970a-d84001bccdfd(fv-az259-394.nxnqhby4qkoexpon2s1bx5vqxg.dx.internal.cloudapp.net/10.1.0.11), ReplicationConfig: RATIS/ONE, State:ALLOCATED, leaderId:, CreationTimestamp2023-09-07T20:32:31.667Z[Etc/UTC]]
2023-09-07 20:32:31,668 [RatisPipelineUtilsThread - 0] INFO  pipeline.RatisPipelineProvider (RatisPipelineProvider.java:lambda$create$0(206)) - Sending CreatePipelineCommand for pipeline:PipelineID=50423f32-465e-4360-adee-a36e6103baa9 to datanode:0f4389f5-8f89-483a-970a-d84001bccdfd
2023-09-07 20:32:31,668 [RatisPipelineUtilsThread - 0] INFO  pipeline.RatisPipelineProvider (RatisPipelineProvider.java:lambda$create$0(206)) - Sending CreatePipelineCommand for pipeline:PipelineID=50423f32-465e-4360-adee-a36e6103baa9 to datanode:614edf31-22be-48a8-af09-2d4dd5301ee2
2023-09-07 20:32:31,668 [RatisPipelineUtilsThread - 0] INFO  pipeline.RatisPipelineProvider (RatisPipelineProvider.java:lambda$create$0(206)) - Sending CreatePipelineCommand for pipeline:PipelineID=50423f32-465e-4360-adee-a36e6103baa9 to datanode:18956b72-3f9a-4d33-a14d-cbde511355b4
2023-09-07 20:32:31,668 [RatisPipelineUtilsThread - 0] INFO  pipeline.BackgroundPipelineCreator (BackgroundPipelineCreator.java:createPipelines(233)) - Created new pipeline Pipeline[ Id: 50423f32-465e-4360-adee-a36e6103baa9, Nodes: 0f4389f5-8f89-483a-970a-d84001bccdfd(fv-az259-394.nxnqhby4qkoexpon2s1bx5vqxg.dx.internal.cloudapp.net/10.1.0.11)614edf31-22be-48a8-af09-2d4dd5301ee2(fv-az259-394.nxnqhby4qkoexpon2s1bx5vqxg.dx.internal.cloudapp.net/10.1.0.11)18956b72-3f9a-4d33-a14d-cbde511355b4(fv-az259-394.nxnqhby4qkoexpon2s1bx5vqxg.dx.internal.cloudapp.net/10.1.0.11), ReplicationConfig: RATIS/THREE, State:ALLOCATED, leaderId:, CreationTimestamp2023-09-07T20:32:31.668Z[Etc/UTC]]
2023-09-07 20:32:31,668 [RatisPipelineUtilsThread - 0] INFO  pipeline.RatisPipelineProvider (RatisPipelineProvider.java:lambda$create$0(206)) - Sending CreatePipelineCommand for pipeline:PipelineID=4d2488b6-bf5d-42b5-a00c-3530f8c087da to datanode:614edf31-22be-48a8-af09-2d4dd5301ee2
2023-09-07 20:32:31,669 [RatisPipelineUtilsThread - 0] INFO  pipeline.RatisPipelineProvider (RatisPipelineProvider.java:lambda$create$0(206)) - Sending CreatePipelineCommand for pipeline:PipelineID=4d2488b6-bf5d-42b5-a00c-3530f8c087da to datanode:0f4389f5-8f89-483a-970a-d84001bccdfd
2023-09-07 20:32:31,669 [RatisPipelineUtilsThread - 0] INFO  pipeline.RatisPipelineProvider (RatisPipelineProvider.java:lambda$create$0(206)) - Sending CreatePipelineCommand for pipeline:PipelineID=4d2488b6-bf5d-42b5-a00c-3530f8c087da to datanode:18956b72-3f9a-4d33-a14d-cbde511355b4
2023-09-07 20:32:31,669 [RatisPipelineUtilsThread - 0] INFO  pipeline.PipelineManagerImpl (PipelineManagerImpl.java:recordMetricsForPipeline(914)) - Pipeline: PipelineID=4d2488b6-bf5d-42b5-a00c-3530f8c087da contains same datanodes as previous pipelines: PipelineID=50423f32-465e-4360-adee-a36e6103baa9 nodeIds: 614edf31-22be-48a8-af09-2d4dd5301ee2, 0f4389f5-8f89-483a-970a-d84001bccdfd, 18956b72-3f9a-4d33-a14d-cbde511355b4
2023-09-07 20:32:31,669 [RatisPipelineUtilsThread - 0] INFO  pipeline.BackgroundPipelineCreator (BackgroundPipelineCreator.java:createPipelines(233)) - Created new pipeline Pipeline[ Id: 4d2488b6-bf5d-42b5-a00c-3530f8c087da, Nodes: 614edf31-22be-48a8-af09-2d4dd5301ee2(fv-az259-394.nxnqhby4qkoexpon2s1bx5vqxg.dx.internal.cloudapp.net/10.1.0.11)0f4389f5-8f89-483a-970a-d84001bccdfd(fv-az259-394.nxnqhby4qkoexpon2s1bx5vqxg.dx.internal.cloudapp.net/10.1.0.11)18956b72-3f9a-4d33-a14d-cbde511355b4(fv-az259-394.nxnqhby4qkoexpon2s1bx5vqxg.dx.internal.cloudapp.net/10.1.0.11), ReplicationConfig: RATIS/THREE, State:ALLOCATED, leaderId:, CreationTimestamp2023-09-07T20:32:31.668Z[Etc/UTC]]
2023-09-07 20:32:32,027 [IPC Server handler 17 on default port 15161] INFO  net.NetworkTopologyImpl (NetworkTopologyImpl.java:add(112)) - Added a new node: /default-rack/0345af92-ee10-4252-b2db-9c35c6cf1855
2023-09-07 20:32:32,027 [IPC Server handler 17 on default port 15161] INFO  node.SCMNodeManager (SCMNodeManager.java:register(405)) - Registered Data node : 0345af92-ee10-4252-b2db-9c35c6cf1855{ip: 10.1.0.11, host: fv-az259-394.nxnqhby4qkoexpon2s1bx5vqxg.dx.internal.cloudapp.net, ports: [HTTP=15195, CLIENT_RPC=15196, REPLICATION=15202, RATIS=15198, RATIS_ADMIN=15199, RATIS_SERVER=15200, RATIS_DATASTREAM=15201, STANDALONE=15197], networkLocation: /default-rack, certSerialId: null, persistedOpState: null, persistedOpStateExpiryEpochSec: 0}
2023-09-07 20:32:32,028 [EventQueue-NewNodeForNewNodeHandler] INFO  pipeline.BackgroundPipelineCreator (BackgroundPipelineCreator.java:notifyEventTriggered(277)) - trigger a one-shot run on RatisPipelineUtilsThread.
2023-09-07 20:32:32,028 [RatisPipelineUtilsThread - 0] INFO  pipeline.RatisPipelineProvider (RatisPipelineProvider.java:lambda$create$0(206)) - Sending CreatePipelineCommand for pipeline:PipelineID=5b20ffa4-7f2d-43fd-9dd5-c8a4e56400b6 to datanode:0345af92-ee10-4252-b2db-9c35c6cf1855
2023-09-07 20:32:32,029 [RatisPipelineUtilsThread - 0] INFO  pipeline.BackgroundPipelineCreator (BackgroundPipelineCreator.java:createPipelines(233)) - Created new pipeline Pipeline[ Id: 5b20ffa4-7f2d-43fd-9dd5-c8a4e56400b6, Nodes: 0345af92-ee10-4252-b2db-9c35c6cf1855(fv-az259-394.nxnqhby4qkoexpon2s1bx5vqxg.dx.internal.cloudapp.net/10.1.0.11), ReplicationConfig: RATIS/ONE, State:ALLOCATED, leaderId:, CreationTimestamp2023-09-07T20:32:32.028Z[Etc/UTC]]
2023-09-07 20:32:32,399 [main] INFO  ozone.MiniOzoneClusterImpl (MiniOzoneClusterImpl.java:lambda$waitForClusterToBeReady$0(224)) - Waiting for nodes to be ready. Got 4 of 5 DN Heartbeats.
2023-09-07 20:32:32,399 [main] INFO  ozone.MiniOzoneClusterImpl (MiniOzoneClusterImpl.java:lambda$waitForClusterToBeReady$0(227)) - Waiting for cluster to exit safe mode
2023-09-07 20:32:32,399 [main] INFO  ozone.MiniOzoneClusterImpl (MiniOzoneClusterImpl.java:lambda$waitForClusterToBeReady$0(229)) - SCM became leader
2023-09-07 20:32:32,406 [IPC Server handler 18 on default port 15161] INFO  net.NetworkTopologyImpl (NetworkTopologyImpl.java:add(112)) - Added a new node: /default-rack/07825d29-2aa2-46d6-9af1-6f352e44c8c5
2023-09-07 20:32:32,406 [IPC Server handler 18 on default port 15161] INFO  node.SCMNodeManager (SCMNodeManager.java:register(405)) - Registered Data node : 07825d29-2aa2-46d6-9af1-6f352e44c8c5{ip: 10.1.0.11, host: fv-az259-394.nxnqhby4qkoexpon2s1bx5vqxg.dx.internal.cloudapp.net, ports: [HTTP=15204, CLIENT_RPC=15205, REPLICATION=15211, RATIS=15207, RATIS_ADMIN=15208, RATIS_SERVER=15209, RATIS_DATASTREAM=15210, STANDALONE=15206], networkLocation: /default-rack, certSerialId: null, persistedOpState: null, persistedOpStateExpiryEpochSec: 0}
2023-09-07 20:32:32,406 [EventQueue-NewNodeForNewNodeHandler] INFO  pipeline.BackgroundPipelineCreator (BackgroundPipelineCreator.java:notifyEventTriggered(277)) - trigger a one-shot run on RatisPipelineUtilsThread.
2023-09-07 20:32:32,414 [RatisPipelineUtilsThread - 0] INFO  pipeline.RatisPipelineProvider (RatisPipelineProvider.java:lambda$create$0(206)) - Sending CreatePipelineCommand for pipeline:PipelineID=7b317df7-e041-4a3b-8844-8a5de9a545a6 to datanode:07825d29-2aa2-46d6-9af1-6f352e44c8c5
2023-09-07 20:32:32,415 [RatisPipelineUtilsThread - 0] INFO  pipeline.BackgroundPipelineCreator (BackgroundPipelineCreator.java:createPipelines(233)) - Created new pipeline Pipeline[ Id: 7b317df7-e041-4a3b-8844-8a5de9a545a6, Nodes: 07825d29-2aa2-46d6-9af1-6f352e44c8c5(fv-az259-394.nxnqhby4qkoexpon2s1bx5vqxg.dx.internal.cloudapp.net/10.1.0.11), ReplicationConfig: RATIS/ONE, State:ALLOCATED, leaderId:, CreationTimestamp2023-09-07T20:32:32.414Z[Etc/UTC]]
2023-09-07 20:32:33,400 [main] INFO  ozone.MiniOzoneClusterImpl (MiniOzoneClusterImpl.java:lambda$waitForClusterToBeReady$0(224)) - Nodes are ready. Got 5 of 5 DN Heartbeats.
2023-09-07 20:32:33,400 [main] INFO  ozone.MiniOzoneClusterImpl (MiniOzoneClusterImpl.java:lambda$waitForClusterToBeReady$0(227)) - Waiting for cluster to exit safe mode
2023-09-07 20:32:33,400 [main] INFO  ozone.MiniOzoneClusterImpl (MiniOzoneClusterImpl.java:lambda$waitForClusterToBeReady$0(229)) - SCM became leader
2023-09-07 20:32:33,800 [PipelineCommandHandlerThread-0] INFO  server.RaftServer (RaftServerProxy.java:addNew(98)) - 614edf31-22be-48a8-af09-2d4dd5301ee2: addNew group-A48533C3333B:[614edf31-22be-48a8-af09-2d4dd5301ee2|rpc:10.1.0.11:15173|admin:10.1.0.11:15172|client:10.1.0.11:15171|dataStream:10.1.0.11:15174|priority:1|startupRole:FOLLOWER] returns group-A48533C3333B:java.util.concurrent.CompletableFuture@33bd66d9[Not completed]
2023-09-07 20:32:33,801 [614edf31-22be-48a8-af09-2d4dd5301ee2-groupManagement] INFO  server.RaftServer$Division (RaftServerImpl.java:<init>(198)) - 614edf31-22be-48a8-af09-2d4dd5301ee2: new RaftServerImpl for group-A48533C3333B:[614edf31-22be-48a8-af09-2d4dd5301ee2|rpc:10.1.0.11:15173|admin:10.1.0.11:15172|client:10.1.0.11:15171|dataStream:10.1.0.11:15174|priority:1|startupRole:FOLLOWER] with ContainerStateMachine:uninitialized
2023-09-07 20:32:33,801 [614edf31-22be-48a8-af09-2d4dd5301ee2-groupManagement] INFO  server.RaftServerConfigKeys (ConfUtils.java:logGet(46)) - raft.server.rpc.timeout.min = 5s (custom)
2023-09-07 20:32:33,801 [614edf31-22be-48a8-af09-2d4dd5301ee2-groupManagement] INFO  server.RaftServerConfigKeys (ConfUtils.java:logGet(46)) - raft.server.rpc.timeout.max = 5200ms (custom)
2023-09-07 20:32:33,801 [614edf31-22be-48a8-af09-2d4dd5301ee2-groupManagement] INFO  server.RaftServerConfigKeys (ConfUtils.java:logGet(46)) - raft.server.rpc.sleep.time = 25ms (default)
2023-09-07 20:32:33,801 [614edf31-22be-48a8-af09-2d4dd5301ee2-groupManagement] INFO  server.RaftServerConfigKeys (ConfUtils.java:logGet(46)) - raft.server.rpc.slowness.timeout = 300s (custom)
2023-09-07 20:32:33,801 [614edf31-22be-48a8-af09-2d4dd5301ee2-groupManagement] INFO  server.RaftServerConfigKeys (ConfUtils.java:logGet(46)) - raft.server.leaderelection.leader.step-down.wait-time = 10s (default)
2023-09-07 20:32:33,801 [614edf31-22be-48a8-af09-2d4dd5301ee2-groupManagement] INFO  server.RaftServerConfigKeys (ConfUtils.java:logGet(46)) - raft.server.sleep.deviation.threshold = 300ms (default)
2023-09-07 20:32:33,801 [614edf31-22be-48a8-af09-2d4dd5301ee2-groupManagement] INFO  server.RaftServer$Division (ServerState.java:<init>(120)) - 614edf31-22be-48a8-af09-2d4dd5301ee2@group-A48533C3333B: ConfigurationManager, init=-1: peers:[614edf31-22be-48a8-af09-2d4dd5301ee2|rpc:10.1.0.11:15173|admin:10.1.0.11:15172|client:10.1.0.11:15171|dataStream:10.1.0.11:15174|priority:1|startupRole:FOLLOWER]|listeners:[], old=null, confs=<EMPTY_MAP>
2023-09-07 20:32:33,802 [614edf31-22be-48a8-af09-2d4dd5301ee2-groupManagement] INFO  server.RaftServerConfigKeys (ConfUtils.java:logGet(46)) - raft.server.storage.dir = [/home/runner/work/ozone/ozone/hadoop-ozone/integration-test/target/test-dir/MiniOzoneClusterImpl-5752d0ac-6059-42ff-b166-1d3c6b9f978d/datanode-0/data/ratis] (custom)
2023-09-07 20:32:33,802 [614edf31-22be-48a8-af09-2d4dd5301ee2-groupManagement] INFO  server.RaftServerConfigKeys (ConfUtils.java:logGet(46)) - raft.server.log.corruption.policy = EXCEPTION (default)
2023-09-07 20:32:33,802 [614edf31-22be-48a8-af09-2d4dd5301ee2-groupManagement] INFO  server.RaftServerConfigKeys (ConfUtils.java:logGet(46)) - raft.server.storage.free-space.min = 0MB (=0) (default)
2023-09-07 20:32:33,802 [614edf31-22be-48a8-af09-2d4dd5301ee2-groupManagement] INFO  server.RaftServerConfigKeys (ConfUtils.java:logGet(46)) - raft.server.notification.no-leader.timeout = 300s (custom)
2023-09-07 20:32:33,802 [614edf31-22be-48a8-af09-2d4dd5301ee2-groupManagement] INFO  server.RaftServerConfigKeys (ConfUtils.java:logGet(46)) - raft.server.read.timeout = 10s (default)
2023-09-07 20:32:33,802 [614edf31-22be-48a8-af09-2d4dd5301ee2-groupManagement] INFO  server.RaftServerConfigKeys (ConfUtils.java:logGet(46)) - raft.server.retrycache.expirytime = 600000ms (custom)
2023-09-07 20:32:33,802 [614edf31-22be-48a8-af09-2d4dd5301ee2-groupManagement] INFO  server.RaftServerConfigKeys (ConfUtils.java:logGet(46)) - raft.server.retrycache.statistics.expirytime = 100μs (default)
2023-09-07 20:32:33,802 [614edf31-22be-48a8-af09-2d4dd5301ee2-groupManagement] INFO  server.RaftServerConfigKeys (ConfUtils.java:logGet(46)) - raft.server.read.option = DEFAULT (default)
2023-09-07 20:32:33,803 [614edf31-22be-48a8-af09-2d4dd5301ee2-groupManagement] INFO  server.RaftServerConfigKeys (ConfUtils.java:logGet(46)) - raft.server.rpc.request.timeout = 60s (custom)
2023-09-07 20:32:33,803 [614edf31-22be-48a8-af09-2d4dd5301ee2-groupManagement] INFO  server.RaftServerConfigKeys (ConfUtils.java:logGet(46)) - raft.server.log.appender.install.snapshot.enabled = false (custom)
2023-09-07 20:32:33,803 [614edf31-22be-48a8-af09-2d4dd5301ee2-groupManagement] INFO  server.RaftServerConfigKeys (ConfUtils.java:logGet(46)) - raft.server.threadpool.server.cached = true (default)
2023-09-07 20:32:33,803 [614edf31-22be-48a8-af09-2d4dd5301ee2-groupManagement] INFO  server.RaftServerConfigKeys (ConfUtils.java:logGet(46)) - raft.server.threadpool.server.size = 0 (default)
2023-09-07 20:32:33,803 [614edf31-22be-48a8-af09-2d4dd5301ee2-groupManagement] INFO  server.RaftServerConfigKeys (ConfUtils.java:logGet(46)) - raft.server.threadpool.client.cached = true (default)
2023-09-07 20:32:33,803 [614edf31-22be-48a8-af09-2d4dd5301ee2-groupManagement] INFO  server.RaftServerConfigKeys (ConfUtils.java:logGet(46)) - raft.server.threadpool.client.size = 0 (default)
2023-09-07 20:32:33,804 [614edf31-22be-48a8-af09-2d4dd5301ee2-groupManagement] INFO  storage.RaftStorageDirectory (RaftStorageDirectoryImpl.java:analyzeStorage(137)) - The storage directory /home/runner/work/ozone/ozone/hadoop-ozone/integration-test/target/test-dir/MiniOzoneClusterImpl-5752d0ac-6059-42ff-b166-1d3c6b9f978d/datanode-0/data/ratis/24405275-2383-4a29-91b9-a48533c3333b does not exist. Creating ...
2023-09-07 20:32:33,806 [614edf31-22be-48a8-af09-2d4dd5301ee2-groupManagement] INFO  storage.RaftStorageDirectory (RaftStorageDirectoryImpl.java:tryLock(231)) - Lock on /home/runner/work/ozone/ozone/hadoop-ozone/integration-test/target/test-dir/MiniOzoneClusterImpl-5752d0ac-6059-42ff-b166-1d3c6b9f978d/datanode-0/data/ratis/24405275-2383-4a29-91b9-a48533c3333b/in_use.lock acquired by nodename 7625@fv-az259-394
2023-09-07 20:32:33,808 [614edf31-22be-48a8-af09-2d4dd5301ee2-groupManagement] INFO  storage.RaftStorage (RaftStorageImpl.java:format(96)) - Storage directory /home/runner/work/ozone/ozone/hadoop-ozone/integration-test/target/test-dir/MiniOzoneClusterImpl-5752d0ac-6059-42ff-b166-1d3c6b9f978d/datanode-0/data/ratis/24405275-2383-4a29-91b9-a48533c3333b has been successfully formatted.
2023-09-07 20:32:33,809 [614edf31-22be-48a8-af09-2d4dd5301ee2-groupManagement] INFO  ratis.ContainerStateMachine (ContainerStateMachine.java:loadSnapshot(262)) - group-A48533C3333B: The snapshot info is null. Setting the last applied indexto:(t:0, i:~)
2023-09-07 20:32:33,810 [614edf31-22be-48a8-af09-2d4dd5301ee2-groupManagement] INFO  server.RaftServerConfigKeys (ConfUtils.java:logGet(46)) - raft.server.log.use.memory = false (default)
2023-09-07 20:32:33,810 [EventQueue-PipelineReportForPipelineReportHandler] INFO  pipeline.PipelineReportHandler (PipelineReportHandler.java:processPipelineReport(136)) - Opened pipeline PipelineID=24405275-2383-4a29-91b9-a48533c3333b
2023-09-07 20:32:33,816 [614edf31-22be-48a8-af09-2d4dd5301ee2-groupManagement] INFO  server.RaftServerConfigKeys (ConfUtils.java:logGet(46)) - raft.server.log.purge.gap = 1000000 (custom)
2023-09-07 20:32:33,816 [614edf31-22be-48a8-af09-2d4dd5301ee2-groupManagement] INFO  server.RaftServerConfigKeys (ConfUtils.java:logGet(46)) - raft.server.log.appender.buffer.byte-limit = 33554432 (custom)
2023-09-07 20:32:33,820 [EventQueue-OpenPipelineForHealthyPipelineSafeModeRule] INFO  safemode.SCMSafeModeManager (HealthyPipelineSafeModeRule.java:process(137)) - SCM in safe mode. Healthy pipelines reported count is 0, required healthy pipeline reported count is 1
2023-09-07 20:32:33,820 [614edf31-22be-48a8-af09-2d4dd5301ee2-groupManagement] INFO  server.RaftServerConfigKeys (ConfUtils.java:logGet(46)) - raft.server.log.statemachine.data.read.timeout = 1000ms (default)
2023-09-07 20:32:33,820 [614edf31-22be-48a8-af09-2d4dd5301ee2-groupManagement] INFO  server.RaftServerConfigKeys (ConfUtils.java:logGet(46)) - raft.server.log.purge.preservation.log.num = 0 (default)
2023-09-07 20:32:33,820 [614edf31-22be-48a8-af09-2d4dd5301ee2-groupManagement] INFO  server.RaftServerConfigKeys (ConfUtils.java:logGet(46)) - raft.server.log.segment.size.max = 1048576 (custom)
2023-09-07 20:32:33,821 [614edf31-22be-48a8-af09-2d4dd5301ee2-groupManagement] INFO  server.RaftServerConfigKeys (ConfUtils.java:logGet(46)) - raft.server.log.segment.cache.num.max = 2 (custom)
2023-09-07 20:32:33,821 [614edf31-22be-48a8-af09-2d4dd5301ee2-groupManagement] INFO  server.RaftServerConfigKeys (ConfUtils.java:logGet(46)) - raft.server.log.segment.cache.size.max = 200MB (=209715200) (default)
2023-09-07 20:32:33,821 [614edf31-22be-48a8-af09-2d4dd5301ee2-groupManagement] INFO  server.RaftServerConfigKeys (ConfUtils.java:logGet(46)) - raft.server.log.appender.buffer.byte-limit = 33554432 (custom)
2023-09-07 20:32:33,821 [614edf31-22be-48a8-af09-2d4dd5301ee2-groupManagement] INFO  segmented.SegmentedRaftLogWorker (SegmentedRaftLogWorker.java:<init>(188)) - new 614edf31-22be-48a8-af09-2d4dd5301ee2@group-A48533C3333B-SegmentedRaftLogWorker for RaftStorageImpl:Storage Directory /home/runner/work/ozone/ozone/hadoop-ozone/integration-test/target/test-dir/MiniOzoneClusterImpl-5752d0ac-6059-42ff-b166-1d3c6b9f978d/datanode-0/data/ratis/24405275-2383-4a29-91b9-a48533c3333b
2023-09-07 20:32:33,821 [614edf31-22be-48a8-af09-2d4dd5301ee2-groupManagement] INFO  server.RaftServerConfigKeys (ConfUtils.java:logGet(46)) - raft.server.log.queue.byte-limit = 4294967296 (custom)
2023-09-07 20:32:33,821 [614edf31-22be-48a8-af09-2d4dd5301ee2-groupManagement] INFO  server.RaftServerConfigKeys (ConfUtils.java:logGet(46)) - raft.server.log.queue.element-limit = 1024 (custom)
2023-09-07 20:32:33,821 [614edf31-22be-48a8-af09-2d4dd5301ee2-groupManagement] INFO  server.RaftServerConfigKeys (ConfUtils.java:logGet(46)) - raft.server.log.segment.size.max = 1048576 (custom)
2023-09-07 20:32:33,821 [614edf31-22be-48a8-af09-2d4dd5301ee2-groupManagement] INFO  server.RaftServerConfigKeys (ConfUtils.java:logGet(46)) - raft.server.log.preallocated.size = 16384 (custom)
2023-09-07 20:32:33,821 [614edf31-22be-48a8-af09-2d4dd5301ee2-groupManagement] INFO  server.RaftServerConfigKeys (ConfUtils.java:logGet(46)) - raft.server.log.force.sync.num = 128 (default)
2023-09-07 20:32:33,821 [614edf31-22be-48a8-af09-2d4dd5301ee2-groupManagement] INFO  server.RaftServerConfigKeys (ConfUtils.java:logGet(46)) - raft.server.log.statemachine.data.sync = true (default)
2023-09-07 20:32:33,821 [614edf31-22be-48a8-af09-2d4dd5301ee2-groupManagement] INFO  server.RaftServerConfigKeys (ConfUtils.java:logGet(46)) - raft.server.log.statemachine.data.sync.timeout = 10s (default)
2023-09-07 20:32:33,821 [614edf31-22be-48a8-af09-2d4dd5301ee2-groupManagement] INFO  server.RaftServerConfigKeys (ConfUtils.java:logGet(46)) - raft.server.log.statemachine.data.sync.timeout.retry = -1 (default)
2023-09-07 20:32:33,822 [614edf31-22be-48a8-af09-2d4dd5301ee2-groupManagement] INFO  server.RaftServerConfigKeys (ConfUtils.java:logGet(46)) - raft.server.log.write.buffer.size = 1048576 (custom)
2023-09-07 20:32:33,822 [614edf31-22be-48a8-af09-2d4dd5301ee2-groupManagement] INFO  server.RaftServerConfigKeys (ConfUtils.java:logGet(46)) - raft.server.log.appender.buffer.byte-limit = 33554432 (custom)
2023-09-07 20:32:33,828 [614edf31-22be-48a8-af09-2d4dd5301ee2-groupManagement] INFO  server.RaftServerConfigKeys (ConfUtils.java:logGet(46)) - raft.server.log.unsafe-flush.enabled = false (default)
2023-09-07 20:32:33,828 [614edf31-22be-48a8-af09-2d4dd5301ee2-groupManagement] INFO  server.RaftServerConfigKeys (ConfUtils.java:logGet(46)) - raft.server.log.async-flush.enabled = false (default)
2023-09-07 20:32:33,829 [614edf31-22be-48a8-af09-2d4dd5301ee2-groupManagement] INFO  server.RaftServerConfigKeys (ConfUtils.java:logGet(46)) - raft.server.log.statemachine.data.caching.enabled = true (custom)
2023-09-07 20:32:33,829 [614edf31-22be-48a8-af09-2d4dd5301ee2-groupManagement] INFO  segmented.SegmentedRaftLogWorker (SegmentedRaftLogWorker.java:lambda$new$0(135)) - 614edf31-22be-48a8-af09-2d4dd5301ee2@group-A48533C3333B-SegmentedRaftLogWorker: flushIndex: setUnconditionally 0 -> -1
2023-09-07 20:32:33,829 [614edf31-22be-48a8-af09-2d4dd5301ee2-groupManagement] INFO  segmented.SegmentedRaftLogWorker (SegmentedRaftLogWorker.java:lambda$new$0(135)) - 614edf31-22be-48a8-af09-2d4dd5301ee2@group-A48533C3333B-SegmentedRaftLogWorker: safeCacheEvictIndex: setUnconditionally 0 -> -1
2023-09-07 20:32:33,829 [614edf31-22be-48a8-af09-2d4dd5301ee2-groupManagement] INFO  server.RaftServer$Division (RaftServerImpl.java:start(342)) - 614edf31-22be-48a8-af09-2d4dd5301ee2@group-A48533C3333B: start as a follower, conf=-1: peers:[614edf31-22be-48a8-af09-2d4dd5301ee2|rpc:10.1.0.11:15173|admin:10.1.0.11:15172|client:10.1.0.11:15171|dataStream:10.1.0.11:15174|priority:1|startupRole:FOLLOWER]|listeners:[], old=null
2023-09-07 20:32:33,829 [614edf31-22be-48a8-af09-2d4dd5301ee2-groupManagement] INFO  server.RaftServer$Division (RaftServerImpl.java:setRole(329)) - 614edf31-22be-48a8-af09-2d4dd5301ee2@group-A48533C3333B: changes role from      null to FOLLOWER at term 0 for startAsFollower
2023-09-07 20:32:33,829 [614edf31-22be-48a8-af09-2d4dd5301ee2-groupManagement] INFO  impl.RoleInfo (RoleInfo.java:updateAndGet(139)) - 614edf31-22be-48a8-af09-2d4dd5301ee2: start 614edf31-22be-48a8-af09-2d4dd5301ee2@group-A48533C3333B-FollowerState
2023-09-07 20:32:33,830 [614edf31-22be-48a8-af09-2d4dd5301ee2-groupManagement] INFO  util.JmxRegister (JmxRegister.java:tryRegister(44)) - Successfully registered JMX Bean with object name Ratis:service=RaftServer,group=group-A48533C3333B,id=614edf31-22be-48a8-af09-2d4dd5301ee2
2023-09-07 20:32:33,830 [614edf31-22be-48a8-af09-2d4dd5301ee2@group-A48533C3333B-FollowerState] INFO  server.RaftServerConfigKeys (ConfUtils.java:logFallback(53)) - raft.server.rpc.first-election.timeout.min = 5s (fallback to raft.server.rpc.timeout.min)
2023-09-07 20:32:33,830 [614edf31-22be-48a8-af09-2d4dd5301ee2-groupManagement] INFO  server.RaftServerConfigKeys (ConfUtils.java:logGet(46)) - raft.server.snapshot.auto.trigger.enabled = true (custom)
2023-09-07 20:32:33,830 [614edf31-22be-48a8-af09-2d4dd5301ee2@group-A48533C3333B-FollowerState] INFO  server.RaftServerConfigKeys (ConfUtils.java:logFallback(53)) - raft.server.rpc.first-election.timeout.max = 5200ms (fallback to raft.server.rpc.timeout.max)
2023-09-07 20:32:33,830 [614edf31-22be-48a8-af09-2d4dd5301ee2-groupManagement] INFO  server.RaftServerConfigKeys (ConfUtils.java:logGet(46)) - raft.server.snapshot.auto.trigger.threshold = 10000 (custom)
2023-09-07 20:32:33,830 [614edf31-22be-48a8-af09-2d4dd5301ee2-groupManagement] INFO  server.RaftServerConfigKeys (ConfUtils.java:logGet(46)) - raft.server.snapshot.retention.file.num = 5 (custom)
2023-09-07 20:32:33,830 [614edf31-22be-48a8-af09-2d4dd5301ee2-groupManagement] INFO  server.RaftServerConfigKeys (ConfUtils.java:logGet(46)) - raft.server.log.purge.upto.snapshot.index = false (default)
2023-09-07 20:32:33,831 [PipelineCommandHandlerThread-0] INFO  ratis.XceiverServerRatis (XceiverServerRatis.java:addGroup(804)) - Created group PipelineID=24405275-2383-4a29-91b9-a48533c3333b
2023-09-07 20:32:33,831 [PipelineCommandHandlerThread-0] INFO  commandhandler.CreatePipelineCommandHandler (CreatePipelineCommandHandler.java:lambda$handle$2(124)) - Created Pipeline RATIS ONE PipelineID=24405275-2383-4a29-91b9-a48533c3333b.
2023-09-07 20:32:33,831 [PipelineCommandHandlerThread-0] INFO  server.RaftServer (RaftServerProxy.java:addNew(98)) - 614edf31-22be-48a8-af09-2d4dd5301ee2: addNew group-A36E6103BAA9:[0f4389f5-8f89-483a-970a-d84001bccdfd|rpc:10.1.0.11:15191|admin:10.1.0.11:15190|client:10.1.0.11:15189|dataStream:10.1.0.11:15192|priority:0|startupRole:FOLLOWER, 614edf31-22be-48a8-af09-2d4dd5301ee2|rpc:10.1.0.11:15173|admin:10.1.0.11:15172|client:10.1.0.11:15171|dataStream:10.1.0.11:15174|priority:0|startupRole:FOLLOWER, 18956b72-3f9a-4d33-a14d-cbde511355b4|rpc:10.1.0.11:15182|admin:10.1.0.11:15181|client:10.1.0.11:15180|dataStream:10.1.0.11:15183|priority:1|startupRole:FOLLOWER] returns group-A36E6103BAA9:java.util.concurrent.CompletableFuture@3782e476[Not completed]
2023-09-07 20:32:33,833 [614edf31-22be-48a8-af09-2d4dd5301ee2-groupManagement] INFO  server.RaftServer$Division (RaftServerImpl.java:<init>(198)) - 614edf31-22be-48a8-af09-2d4dd5301ee2: new RaftServerImpl for group-A36E6103BAA9:[0f4389f5-8f89-483a-970a-d84001bccdfd|rpc:10.1.0.11:15191|admin:10.1.0.11:15190|client:10.1.0.11:15189|dataStream:10.1.0.11:15192|priority:0|startupRole:FOLLOWER, 614edf31-22be-48a8-af09-2d4dd5301ee2|rpc:10.1.0.11:15173|admin:10.1.0.11:15172|client:10.1.0.11:15171|dataStream:10.1.0.11:15174|priority:0|startupRole:FOLLOWER, 18956b72-3f9a-4d33-a14d-cbde511355b4|rpc:10.1.0.11:15182|admin:10.1.0.11:15181|client:10.1.0.11:15180|dataStream:10.1.0.11:15183|priority:1|startupRole:FOLLOWER] with ContainerStateMachine:uninitialized
2023-09-07 20:32:33,833 [614edf31-22be-48a8-af09-2d4dd5301ee2-groupManagement] INFO  server.RaftServerConfigKeys (ConfUtils.java:logGet(46)) - raft.server.rpc.timeout.min = 5s (custom)
2023-09-07 20:32:33,833 [614edf31-22be-48a8-af09-2d4dd5301ee2-groupManagement] INFO  server.RaftServerConfigKeys (ConfUtils.java:logGet(46)) - raft.server.rpc.timeout.max = 5200ms (custom)
2023-09-07 20:32:33,833 [614edf31-22be-48a8-af09-2d4dd5301ee2-groupManagement] INFO  server.RaftServerConfigKeys (ConfUtils.java:logGet(46)) - raft.server.rpc.sleep.time = 25ms (default)
2023-09-07 20:32:33,833 [614edf31-22be-48a8-af09-2d4dd5301ee2-groupManagement] INFO  server.RaftServerConfigKeys (ConfUtils.java:logGet(46)) - raft.server.rpc.slowness.timeout = 300s (custom)
2023-09-07 20:32:33,833 [614edf31-22be-48a8-af09-2d4dd5301ee2-groupManagement] INFO  server.RaftServerConfigKeys (ConfUtils.java:logGet(46)) - raft.server.leaderelection.leader.step-down.wait-time = 10s (default)
2023-09-07 20:32:33,833 [614edf31-22be-48a8-af09-2d4dd5301ee2-groupManagement] INFO  server.RaftServerConfigKeys (ConfUtils.java:logGet(46)) - raft.server.sleep.deviation.threshold = 300ms (default)
2023-09-07 20:32:33,834 [614edf31-22be-48a8-af09-2d4dd5301ee2-groupManagement] INFO  server.RaftServer$Division (ServerState.java:<init>(120)) - 614edf31-22be-48a8-af09-2d4dd5301ee2@group-A36E6103BAA9: ConfigurationManager, init=-1: peers:[0f4389f5-8f89-483a-970a-d84001bccdfd|rpc:10.1.0.11:15191|admin:10.1.0.11:15190|client:10.1.0.11:15189|dataStream:10.1.0.11:15192|priority:0|startupRole:FOLLOWER, 614edf31-22be-48a8-af09-2d4dd5301ee2|rpc:10.1.0.11:15173|admin:10.1.0.11:15172|client:10.1.0.11:15171|dataStream:10.1.0.11:15174|priority:0|startupRole:FOLLOWER, 18956b72-3f9a-4d33-a14d-cbde511355b4|rpc:10.1.0.11:15182|admin:10.1.0.11:15181|client:10.1.0.11:15180|dataStream:10.1.0.11:15183|priority:1|startupRole:FOLLOWER]|listeners:[], old=null, confs=<EMPTY_MAP>
2023-09-07 20:32:33,834 [614edf31-22be-48a8-af09-2d4dd5301ee2-groupManagement] INFO  server.RaftServerConfigKeys (ConfUtils.java:logGet(46)) - raft.server.storage.dir = [/home/runner/work/ozone/ozone/hadoop-ozone/integration-test/target/test-dir/MiniOzoneClusterImpl-5752d0ac-6059-42ff-b166-1d3c6b9f978d/datanode-0/data/ratis] (custom)
2023-09-07 20:32:33,834 [614edf31-22be-48a8-af09-2d4dd5301ee2-groupManagement] INFO  server.RaftServerConfigKeys (ConfUtils.java:logGet(46)) - raft.server.log.corruption.policy = EXCEPTION (default)
2023-09-07 20:32:33,834 [614edf31-22be-48a8-af09-2d4dd5301ee2-groupManagement] INFO  server.RaftServerConfigKeys (ConfUtils.java:logGet(46)) - raft.server.storage.free-space.min = 0MB (=0) (default)
2023-09-07 20:32:33,834 [614edf31-22be-48a8-af09-2d4dd5301ee2-groupManagement] INFO  server.RaftServerConfigKeys (ConfUtils.java:logGet(46)) - raft.server.notification.no-leader.timeout = 300s (custom)
2023-09-07 20:32:33,834 [614edf31-22be-48a8-af09-2d4dd5301ee2-groupManagement] INFO  server.RaftServerConfigKeys (ConfUtils.java:logGet(46)) - raft.server.read.timeout = 10s (default)
2023-09-07 20:32:33,834 [614edf31-22be-48a8-af09-2d4dd5301ee2-groupManagement] INFO  server.RaftServerConfigKeys (ConfUtils.java:logGet(46)) - raft.server.retrycache.expirytime = 600000ms (custom)
2023-09-07 20:32:33,834 [614edf31-22be-48a8-af09-2d4dd5301ee2-groupManagement] INFO  server.RaftServerConfigKeys (ConfUtils.java:logGet(46)) - raft.server.retrycache.statistics.expirytime = 100μs (default)
2023-09-07 20:32:33,834 [614edf31-22be-48a8-af09-2d4dd5301ee2-groupManagement] INFO  server.RaftServerConfigKeys (ConfUtils.java:logGet(46)) - raft.server.read.option = DEFAULT (default)
2023-09-07 20:32:33,835 [614edf31-22be-48a8-af09-2d4dd5301ee2-groupManagement] INFO  server.RaftServerConfigKeys (ConfUtils.java:logGet(46)) - raft.server.rpc.request.timeout = 60s (custom)
2023-09-07 20:32:33,835 [614edf31-22be-48a8-af09-2d4dd5301ee2-groupManagement] INFO  server.RaftServerConfigKeys (ConfUtils.java:logGet(46)) - raft.server.log.appender.install.snapshot.enabled = false (custom)
2023-09-07 20:32:33,835 [614edf31-22be-48a8-af09-2d4dd5301ee2-groupManagement] INFO  server.RaftServerConfigKeys (ConfUtils.java:logGet(46)) - raft.server.threadpool.server.cached = true (default)
2023-09-07 20:32:33,835 [614edf31-22be-48a8-af09-2d4dd5301ee2-groupManagement] INFO  server.RaftServerConfigKeys (ConfUtils.java:logGet(46)) - raft.server.threadpool.server.size = 0 (default)
2023-09-07 20:32:33,835 [614edf31-22be-48a8-af09-2d4dd5301ee2-groupManagement] INFO  server.RaftServerConfigKeys (ConfUtils.java:logGet(46)) - raft.server.threadpool.client.cached = true (default)
2023-09-07 20:32:33,835 [614edf31-22be-48a8-af09-2d4dd5301ee2-groupManagement] INFO  server.RaftServerConfigKeys (ConfUtils.java:logGet(46)) - raft.server.threadpool.client.size = 0 (default)
2023-09-07 20:32:33,835 [614edf31-22be-48a8-af09-2d4dd5301ee2-groupManagement] INFO  storage.RaftStorageDirectory (RaftStorageDirectoryImpl.java:analyzeStorage(137)) - The storage directory /home/runner/work/ozone/ozone/hadoop-ozone/integration-test/target/test-dir/MiniOzoneClusterImpl-5752d0ac-6059-42ff-b166-1d3c6b9f978d/datanode-0/data/ratis/50423f32-465e-4360-adee-a36e6103baa9 does not exist. Creating ...
2023-09-07 20:32:33,837 [614edf31-22be-48a8-af09-2d4dd5301ee2-groupManagement] INFO  storage.RaftStorageDirectory (RaftStorageDirectoryImpl.java:tryLock(231)) - Lock on /home/runner/work/ozone/ozone/hadoop-ozone/integration-test/target/test-dir/MiniOzoneClusterImpl-5752d0ac-6059-42ff-b166-1d3c6b9f978d/datanode-0/data/ratis/50423f32-465e-4360-adee-a36e6103baa9/in_use.lock acquired by nodename 7625@fv-az259-394
2023-09-07 20:32:33,839 [614edf31-22be-48a8-af09-2d4dd5301ee2-groupManagement] INFO  storage.RaftStorage (RaftStorageImpl.java:format(96)) - Storage directory /home/runner/work/ozone/ozone/hadoop-ozone/integration-test/target/test-dir/MiniOzoneClusterImpl-5752d0ac-6059-42ff-b166-1d3c6b9f978d/datanode-0/data/ratis/50423f32-465e-4360-adee-a36e6103baa9 has been successfully formatted.
2023-09-07 20:32:33,839 [614edf31-22be-48a8-af09-2d4dd5301ee2-groupManagement] INFO  ratis.ContainerStateMachine (ContainerStateMachine.java:loadSnapshot(262)) - group-A36E6103BAA9: The snapshot info is null. Setting the last applied indexto:(t:0, i:~)
2023-09-07 20:32:33,839 [614edf31-22be-48a8-af09-2d4dd5301ee2-groupManagement] INFO  server.RaftServerConfigKeys (ConfUtils.java:logGet(46)) - raft.server.log.use.memory = false (default)
2023-09-07 20:32:33,840 [614edf31-22be-48a8-af09-2d4dd5301ee2-groupManagement] INFO  server.RaftServerConfigKeys (ConfUtils.java:logGet(46)) - raft.server.log.purge.gap = 1000000 (custom)
2023-09-07 20:32:33,840 [614edf31-22be-48a8-af09-2d4dd5301ee2-groupManagement] INFO  server.RaftServerConfigKeys (ConfUtils.java:logGet(46)) - raft.server.log.appender.buffer.byte-limit = 33554432 (custom)
2023-09-07 20:32:33,840 [614edf31-22be-48a8-af09-2d4dd5301ee2-groupManagement] INFO  server.RaftServerConfigKeys (ConfUtils.java:logGet(46)) - raft.server.log.statemachine.data.read.timeout = 1000ms (default)
2023-09-07 20:32:33,840 [614edf31-22be-48a8-af09-2d4dd5301ee2-groupManagement] INFO  server.RaftServerConfigKeys (ConfUtils.java:logGet(46)) - raft.server.log.purge.preservation.log.num = 0 (default)
2023-09-07 20:32:33,840 [614edf31-22be-48a8-af09-2d4dd5301ee2-groupManagement] INFO  server.RaftServerConfigKeys (ConfUtils.java:logGet(46)) - raft.server.log.segment.size.max = 1048576 (custom)
2023-09-07 20:32:33,840 [614edf31-22be-48a8-af09-2d4dd5301ee2-groupManagement] INFO  server.RaftServerConfigKeys (ConfUtils.java:logGet(46)) - raft.server.log.segment.cache.num.max = 2 (custom)
2023-09-07 20:32:33,840 [614edf31-22be-48a8-af09-2d4dd5301ee2-groupManagement] INFO  server.RaftServerConfigKeys (ConfUtils.java:logGet(46)) - raft.server.log.segment.cache.size.max = 200MB (=209715200) (default)
2023-09-07 20:32:33,840 [614edf31-22be-48a8-af09-2d4dd5301ee2-groupManagement] INFO  server.RaftServerConfigKeys (ConfUtils.java:logGet(46)) - raft.server.log.appender.buffer.byte-limit = 33554432 (custom)
2023-09-07 20:32:33,840 [614edf31-22be-48a8-af09-2d4dd5301ee2-groupManagement] INFO  segmented.SegmentedRaftLogWorker (SegmentedRaftLogWorker.java:<init>(188)) - new 614edf31-22be-48a8-af09-2d4dd5301ee2@group-A36E6103BAA9-SegmentedRaftLogWorker for RaftStorageImpl:Storage Directory /home/runner/work/ozone/ozone/hadoop-ozone/integration-test/target/test-dir/MiniOzoneClusterImpl-5752d0ac-6059-42ff-b166-1d3c6b9f978d/datanode-0/data/ratis/50423f32-465e-4360-adee-a36e6103baa9
2023-09-07 20:32:33,840 [EventQueue-OpenPipelineForHealthyPipelineSafeModeRule] INFO  safemode.SCMSafeModeManager (HealthyPipelineSafeModeRule.java:process(137)) - SCM in safe mode. Healthy pipelines reported count is 0, required healthy pipeline reported count is 1
2023-09-07 20:32:33,840 [614edf31-22be-48a8-af09-2d4dd5301ee2-groupManagement] INFO  server.RaftServerConfigKeys (ConfUtils.java:logGet(46)) - raft.server.log.queue.byte-limit = 4294967296 (custom)
2023-09-07 20:32:33,841 [614edf31-22be-48a8-af09-2d4dd5301ee2-groupManagement] INFO  server.RaftServerConfigKeys (ConfUtils.java:logGet(46)) - raft.server.log.queue.element-limit = 1024 (custom)
2023-09-07 20:32:33,841 [614edf31-22be-48a8-af09-2d4dd5301ee2-groupManagement] INFO  server.RaftServerConfigKeys (ConfUtils.java:logGet(46)) - raft.server.log.segment.size.max = 1048576 (custom)
2023-09-07 20:32:33,841 [614edf31-22be-48a8-af09-2d4dd5301ee2-groupManagement] INFO  server.RaftServerConfigKeys (ConfUtils.java:logGet(46)) - raft.server.log.preallocated.size = 16384 (custom)
2023-09-07 20:32:33,841 [614edf31-22be-48a8-af09-2d4dd5301ee2-groupManagement] INFO  server.RaftServerConfigKeys (ConfUtils.java:logGet(46)) - raft.server.log.force.sync.num = 128 (default)
2023-09-07 20:32:33,841 [614edf31-22be-48a8-af09-2d4dd5301ee2-groupManagement] INFO  server.RaftServerConfigKeys (ConfUtils.java:logGet(46)) - raft.server.log.statemachine.data.sync = true (default)
2023-09-07 20:32:33,841 [614edf31-22be-48a8-af09-2d4dd5301ee2-groupManagement] INFO  server.RaftServerConfigKeys (ConfUtils.java:logGet(46)) - raft.server.log.statemachine.data.sync.timeout = 10s (default)
2023-09-07 20:32:33,841 [614edf31-22be-48a8-af09-2d4dd5301ee2-groupManagement] INFO  server.RaftServerConfigKeys (ConfUtils.java:logGet(46)) - raft.server.log.statemachine.data.sync.timeout.retry = -1 (default)
2023-09-07 20:32:33,842 [614edf31-22be-48a8-af09-2d4dd5301ee2-groupManagement] INFO  server.RaftServerConfigKeys (ConfUtils.java:logGet(46)) - raft.server.log.write.buffer.size = 1048576 (custom)
2023-09-07 20:32:33,842 [614edf31-22be-48a8-af09-2d4dd5301ee2-groupManagement] INFO  server.RaftServerConfigKeys (ConfUtils.java:logGet(46)) - raft.server.log.appender.buffer.byte-limit = 33554432 (custom)
2023-09-07 20:32:33,848 [614edf31-22be-48a8-af09-2d4dd5301ee2-groupManagement] INFO  server.RaftServerConfigKeys (ConfUtils.java:logGet(46)) - raft.server.log.unsafe-flush.enabled = false (default)
2023-09-07 20:32:33,848 [614edf31-22be-48a8-af09-2d4dd5301ee2-groupManagement] INFO  server.RaftServerConfigKeys (ConfUtils.java:logGet(46)) - raft.server.log.async-flush.enabled = false (default)
2023-09-07 20:32:33,849 [614edf31-22be-48a8-af09-2d4dd5301ee2-groupManagement] INFO  server.RaftServerConfigKeys (ConfUtils.java:logGet(46)) - raft.server.log.statemachine.data.caching.enabled = true (custom)
2023-09-07 20:32:33,849 [614edf31-22be-48a8-af09-2d4dd5301ee2-groupManagement] INFO  segmented.SegmentedRaftLogWorker (SegmentedRaftLogWorker.java:lambda$new$0(135)) - 614edf31-22be-48a8-af09-2d4dd5301ee2@group-A36E6103BAA9-SegmentedRaftLogWorker: flushIndex: setUnconditionally 0 -> -1
2023-09-07 20:32:33,849 [614edf31-22be-48a8-af09-2d4dd5301ee2-groupManagement] INFO  segmented.SegmentedRaftLogWorker (SegmentedRaftLogWorker.java:lambda$new$0(135)) - 614edf31-22be-48a8-af09-2d4dd5301ee2@group-A36E6103BAA9-SegmentedRaftLogWorker: safeCacheEvictIndex: setUnconditionally 0 -> -1
2023-09-07 20:32:33,849 [614edf31-22be-48a8-af09-2d4dd5301ee2-groupManagement] INFO  server.RaftServer$Division (RaftServerImpl.java:start(342)) - 614edf31-22be-48a8-af09-2d4dd5301ee2@group-A36E6103BAA9: start as a follower, conf=-1: peers:[0f4389f5-8f89-483a-970a-d84001bccdfd|rpc:10.1.0.11:15191|admin:10.1.0.11:15190|client:10.1.0.11:15189|dataStream:10.1.0.11:15192|priority:0|startupRole:FOLLOWER, 614edf31-22be-48a8-af09-2d4dd5301ee2|rpc:10.1.0.11:15173|admin:10.1.0.11:15172|client:10.1.0.11:15171|dataStream:10.1.0.11:15174|priority:0|startupRole:FOLLOWER, 18956b72-3f9a-4d33-a14d-cbde511355b4|rpc:10.1.0.11:15182|admin:10.1.0.11:15181|client:10.1.0.11:15180|dataStream:10.1.0.11:15183|priority:1|startupRole:FOLLOWER]|listeners:[], old=null
2023-09-07 20:32:33,849 [614edf31-22be-48a8-af09-2d4dd5301ee2-groupManagement] INFO  server.RaftServer$Division (RaftServerImpl.java:setRole(329)) - 614edf31-22be-48a8-af09-2d4dd5301ee2@group-A36E6103BAA9: changes role from      null to FOLLOWER at term 0 for startAsFollower
2023-09-07 20:32:33,849 [614edf31-22be-48a8-af09-2d4dd5301ee2-groupManagement] INFO  impl.RoleInfo (RoleInfo.java:updateAndGet(139)) - 614edf31-22be-48a8-af09-2d4dd5301ee2: start 614edf31-22be-48a8-af09-2d4dd5301ee2@group-A36E6103BAA9-FollowerState
2023-09-07 20:32:33,852 [614edf31-22be-48a8-af09-2d4dd5301ee2@group-A36E6103BAA9-FollowerState] INFO  server.RaftServerConfigKeys (ConfUtils.java:logFallback(53)) - raft.server.rpc.first-election.timeout.min = 5s (fallback to raft.server.rpc.timeout.min)
2023-09-07 20:32:33,852 [614edf31-22be-48a8-af09-2d4dd5301ee2-groupManagement] INFO  util.JmxRegister (JmxRegister.java:tryRegister(44)) - Successfully registered JMX Bean with object name Ratis:service=RaftServer,group=group-A36E6103BAA9,id=614edf31-22be-48a8-af09-2d4dd5301ee2
2023-09-07 20:32:33,852 [614edf31-22be-48a8-af09-2d4dd5301ee2@group-A36E6103BAA9-FollowerState] INFO  server.RaftServerConfigKeys (ConfUtils.java:logFallback(53)) - raft.server.rpc.first-election.timeout.max = 5200ms (fallback to raft.server.rpc.timeout.max)
2023-09-07 20:32:33,852 [614edf31-22be-48a8-af09-2d4dd5301ee2-groupManagement] INFO  server.RaftServerConfigKeys (ConfUtils.java:logGet(46)) - raft.server.snapshot.auto.trigger.enabled = true (custom)
2023-09-07 20:32:33,852 [614edf31-22be-48a8-af09-2d4dd5301ee2-groupManagement] INFO  server.RaftServerConfigKeys (ConfUtils.java:logGet(46)) - raft.server.snapshot.auto.trigger.threshold = 10000 (custom)
2023-09-07 20:32:33,852 [614edf31-22be-48a8-af09-2d4dd5301ee2-groupManagement] INFO  server.RaftServerConfigKeys (ConfUtils.java:logGet(46)) - raft.server.snapshot.retention.file.num = 5 (custom)
2023-09-07 20:32:33,852 [614edf31-22be-48a8-af09-2d4dd5301ee2-groupManagement] INFO  server.RaftServerConfigKeys (ConfUtils.java:logGet(46)) - raft.server.log.purge.upto.snapshot.index = false (default)
2023-09-07 20:32:33,853 [PipelineCommandHandlerThread-0] INFO  ratis.XceiverServerRatis (XceiverServerRatis.java:addGroup(804)) - Created group PipelineID=50423f32-465e-4360-adee-a36e6103baa9
2023-09-07 20:32:33,870 [grpc-default-executor-0] INFO  server.RaftServer (RaftServerProxy.java:addNew(98)) - 0f4389f5-8f89-483a-970a-d84001bccdfd: addNew group-A36E6103BAA9:[0f4389f5-8f89-483a-970a-d84001bccdfd|rpc:10.1.0.11:15191|admin:10.1.0.11:15190|client:10.1.0.11:15189|dataStream:10.1.0.11:15192|priority:0|startupRole:FOLLOWER, 614edf31-22be-48a8-af09-2d4dd5301ee2|rpc:10.1.0.11:15173|admin:10.1.0.11:15172|client:10.1.0.11:15171|dataStream:10.1.0.11:15174|priority:0|startupRole:FOLLOWER, 18956b72-3f9a-4d33-a14d-cbde511355b4|rpc:10.1.0.11:15182|admin:10.1.0.11:15181|client:10.1.0.11:15180|dataStream:10.1.0.11:15183|priority:1|startupRole:FOLLOWER] returns group-A36E6103BAA9:java.util.concurrent.CompletableFuture@7f849d78[Not completed]
2023-09-07 20:32:33,871 [0f4389f5-8f89-483a-970a-d84001bccdfd-groupManagement] INFO  server.RaftServer$Division (RaftServerImpl.java:<init>(198)) - 0f4389f5-8f89-483a-970a-d84001bccdfd: new RaftServerImpl for group-A36E6103BAA9:[0f4389f5-8f89-483a-970a-d84001bccdfd|rpc:10.1.0.11:15191|admin:10.1.0.11:15190|client:10.1.0.11:15189|dataStream:10.1.0.11:15192|priority:0|startupRole:FOLLOWER, 614edf31-22be-48a8-af09-2d4dd5301ee2|rpc:10.1.0.11:15173|admin:10.1.0.11:15172|client:10.1.0.11:15171|dataStream:10.1.0.11:15174|priority:0|startupRole:FOLLOWER, 18956b72-3f9a-4d33-a14d-cbde511355b4|rpc:10.1.0.11:15182|admin:10.1.0.11:15181|client:10.1.0.11:15180|dataStream:10.1.0.11:15183|priority:1|startupRole:FOLLOWER] with ContainerStateMachine:uninitialized
2023-09-07 20:32:33,871 [0f4389f5-8f89-483a-970a-d84001bccdfd-groupManagement] INFO  server.RaftServerConfigKeys (ConfUtils.java:logGet(46)) - raft.server.rpc.timeout.min = 5s (custom)
2023-09-07 20:32:33,871 [0f4389f5-8f89-483a-970a-d84001bccdfd-groupManagement] INFO  server.RaftServerConfigKeys (ConfUtils.java:logGet(46)) - raft.server.rpc.timeout.max = 5200ms (custom)
2023-09-07 20:32:33,871 [0f4389f5-8f89-483a-970a-d84001bccdfd-groupManagement] INFO  server.RaftServerConfigKeys (ConfUtils.java:logGet(46)) - raft.server.rpc.sleep.time = 25ms (default)
2023-09-07 20:32:33,871 [0f4389f5-8f89-483a-970a-d84001bccdfd-groupManagement] INFO  server.RaftServerConfigKeys (ConfUtils.java:logGet(46)) - raft.server.rpc.slowness.timeout = 300s (custom)
2023-09-07 20:32:33,871 [0f4389f5-8f89-483a-970a-d84001bccdfd-groupManagement] INFO  server.RaftServerConfigKeys (ConfUtils.java:logGet(46)) - raft.server.leaderelection.leader.step-down.wait-time = 10s (default)
2023-09-07 20:32:33,871 [0f4389f5-8f89-483a-970a-d84001bccdfd-groupManagement] INFO  server.RaftServerConfigKeys (ConfUtils.java:logGet(46)) - raft.server.sleep.deviation.threshold = 300ms (default)
2023-09-07 20:32:33,871 [0f4389f5-8f89-483a-970a-d84001bccdfd-groupManagement] INFO  server.RaftServer$Division (ServerState.java:<init>(120)) - 0f4389f5-8f89-483a-970a-d84001bccdfd@group-A36E6103BAA9: ConfigurationManager, init=-1: peers:[0f4389f5-8f89-483a-970a-d84001bccdfd|rpc:10.1.0.11:15191|admin:10.1.0.11:15190|client:10.1.0.11:15189|dataStream:10.1.0.11:15192|priority:0|startupRole:FOLLOWER, 614edf31-22be-48a8-af09-2d4dd5301ee2|rpc:10.1.0.11:15173|admin:10.1.0.11:15172|client:10.1.0.11:15171|dataStream:10.1.0.11:15174|priority:0|startupRole:FOLLOWER, 18956b72-3f9a-4d33-a14d-cbde511355b4|rpc:10.1.0.11:15182|admin:10.1.0.11:15181|client:10.1.0.11:15180|dataStream:10.1.0.11:15183|priority:1|startupRole:FOLLOWER]|listeners:[], old=null, confs=<EMPTY_MAP>
2023-09-07 20:32:33,871 [0f4389f5-8f89-483a-970a-d84001bccdfd-groupManagement] INFO  server.RaftServerConfigKeys (ConfUtils.java:logGet(46)) - raft.server.storage.dir = [/home/runner/work/ozone/ozone/hadoop-ozone/integration-test/target/test-dir/MiniOzoneClusterImpl-5752d0ac-6059-42ff-b166-1d3c6b9f978d/datanode-2/data/ratis] (custom)
2023-09-07 20:32:33,872 [0f4389f5-8f89-483a-970a-d84001bccdfd-groupManagement] INFO  server.RaftServerConfigKeys (ConfUtils.java:logGet(46)) - raft.server.log.corruption.policy = EXCEPTION (default)
2023-09-07 20:32:33,872 [0f4389f5-8f89-483a-970a-d84001bccdfd-groupManagement] INFO  server.RaftServerConfigKeys (ConfUtils.java:logGet(46)) - raft.server.storage.free-space.min = 0MB (=0) (default)
2023-09-07 20:32:33,872 [0f4389f5-8f89-483a-970a-d84001bccdfd-groupManagement] INFO  server.RaftServerConfigKeys (ConfUtils.java:logGet(46)) - raft.server.notification.no-leader.timeout = 300s (custom)
2023-09-07 20:32:33,872 [0f4389f5-8f89-483a-970a-d84001bccdfd-groupManagement] INFO  server.RaftServerConfigKeys (ConfUtils.java:logGet(46)) - raft.server.read.timeout = 10s (default)
2023-09-07 20:32:33,872 [0f4389f5-8f89-483a-970a-d84001bccdfd-groupManagement] INFO  server.RaftServerConfigKeys (ConfUtils.java:logGet(46)) - raft.server.retrycache.expirytime = 600000ms (custom)
2023-09-07 20:32:33,872 [0f4389f5-8f89-483a-970a-d84001bccdfd-groupManagement] INFO  server.RaftServerConfigKeys (ConfUtils.java:logGet(46)) - raft.server.retrycache.statistics.expirytime = 100μs (default)
2023-09-07 20:32:33,872 [0f4389f5-8f89-483a-970a-d84001bccdfd-groupManagement] INFO  server.RaftServerConfigKeys (ConfUtils.java:logGet(46)) - raft.server.read.option = DEFAULT (default)
2023-09-07 20:32:33,873 [0f4389f5-8f89-483a-970a-d84001bccdfd-groupManagement] INFO  server.RaftServerConfigKeys (ConfUtils.java:logGet(46)) - raft.server.rpc.request.timeout = 60s (custom)
2023-09-07 20:32:33,873 [0f4389f5-8f89-483a-970a-d84001bccdfd-groupManagement] INFO  server.RaftServerConfigKeys (ConfUtils.java:logGet(46)) - raft.server.log.appender.install.snapshot.enabled = false (custom)
2023-09-07 20:32:33,873 [0f4389f5-8f89-483a-970a-d84001bccdfd-groupManagement] INFO  server.RaftServerConfigKeys (ConfUtils.java:logGet(46)) - raft.server.threadpool.server.cached = true (default)
2023-09-07 20:32:33,873 [0f4389f5-8f89-483a-970a-d84001bccdfd-groupManagement] INFO  server.RaftServerConfigKeys (ConfUtils.java:logGet(46)) - raft.server.threadpool.server.size = 0 (default)
2023-09-07 20:32:33,873 [0f4389f5-8f89-483a-970a-d84001bccdfd-groupManagement] INFO  server.RaftServerConfigKeys (ConfUtils.java:logGet(46)) - raft.server.threadpool.client.cached = true (default)
2023-09-07 20:32:33,873 [0f4389f5-8f89-483a-970a-d84001bccdfd-groupManagement] INFO  server.RaftServerConfigKeys (ConfUtils.java:logGet(46)) - raft.server.threadpool.client.size = 0 (default)
2023-09-07 20:32:33,873 [0f4389f5-8f89-483a-970a-d84001bccdfd-groupManagement] INFO  storage.RaftStorageDirectory (RaftStorageDirectoryImpl.java:analyzeStorage(137)) - The storage directory /home/runner/work/ozone/ozone/hadoop-ozone/integration-test/target/test-dir/MiniOzoneClusterImpl-5752d0ac-6059-42ff-b166-1d3c6b9f978d/datanode-2/data/ratis/50423f32-465e-4360-adee-a36e6103baa9 does not exist. Creating ...
2023-09-07 20:32:33,875 [0f4389f5-8f89-483a-970a-d84001bccdfd-groupManagement] INFO  storage.RaftStorageDirectory (RaftStorageDirectoryImpl.java:tryLock(231)) - Lock on /home/runner/work/ozone/ozone/hadoop-ozone/integration-test/target/test-dir/MiniOzoneClusterImpl-5752d0ac-6059-42ff-b166-1d3c6b9f978d/datanode-2/data/ratis/50423f32-465e-4360-adee-a36e6103baa9/in_use.lock acquired by nodename 7625@fv-az259-394
2023-09-07 20:32:33,876 [0f4389f5-8f89-483a-970a-d84001bccdfd-groupManagement] INFO  storage.RaftStorage (RaftStorageImpl.java:format(96)) - Storage directory /home/runner/work/ozone/ozone/hadoop-ozone/integration-test/target/test-dir/MiniOzoneClusterImpl-5752d0ac-6059-42ff-b166-1d3c6b9f978d/datanode-2/data/ratis/50423f32-465e-4360-adee-a36e6103baa9 has been successfully formatted.
2023-09-07 20:32:33,878 [0f4389f5-8f89-483a-970a-d84001bccdfd-groupManagement] INFO  ratis.ContainerStateMachine (ContainerStateMachine.java:loadSnapshot(262)) - group-A36E6103BAA9: The snapshot info is null. Setting the last applied indexto:(t:0, i:~)
2023-09-07 20:32:33,878 [0f4389f5-8f89-483a-970a-d84001bccdfd-groupManagement] INFO  server.RaftServerConfigKeys (ConfUtils.java:logGet(46)) - raft.server.log.use.memory = false (default)
2023-09-07 20:32:33,879 [0f4389f5-8f89-483a-970a-d84001bccdfd-groupManagement] INFO  server.RaftServerConfigKeys (ConfUtils.java:logGet(46)) - raft.server.log.purge.gap = 1000000 (custom)
2023-09-07 20:32:33,879 [0f4389f5-8f89-483a-970a-d84001bccdfd-groupManagement] INFO  server.RaftServerConfigKeys (ConfUtils.java:logGet(46)) - raft.server.log.appender.buffer.byte-limit = 33554432 (custom)
2023-09-07 20:32:33,879 [0f4389f5-8f89-483a-970a-d84001bccdfd-groupManagement] INFO  server.RaftServerConfigKeys (ConfUtils.java:logGet(46)) - raft.server.log.statemachine.data.read.timeout = 1000ms (default)
2023-09-07 20:32:33,879 [0f4389f5-8f89-483a-970a-d84001bccdfd-groupManagement] INFO  server.RaftServerConfigKeys (ConfUtils.java:logGet(46)) - raft.server.log.purge.preservation.log.num = 0 (default)
2023-09-07 20:32:33,879 [0f4389f5-8f89-483a-970a-d84001bccdfd-groupManagement] INFO  server.RaftServerConfigKeys (ConfUtils.java:logGet(46)) - raft.server.log.segment.size.max = 1048576 (custom)
2023-09-07 20:32:33,879 [0f4389f5-8f89-483a-970a-d84001bccdfd-groupManagement] INFO  server.RaftServerConfigKeys (ConfUtils.java:logGet(46)) - raft.server.log.segment.cache.num.max = 2 (custom)
2023-09-07 20:32:33,879 [0f4389f5-8f89-483a-970a-d84001bccdfd-groupManagement] INFO  server.RaftServerConfigKeys (ConfUtils.java:logGet(46)) - raft.server.log.segment.cache.size.max = 200MB (=209715200) (default)
2023-09-07 20:32:33,879 [0f4389f5-8f89-483a-970a-d84001bccdfd-groupManagement] INFO  server.RaftServerConfigKeys (ConfUtils.java:logGet(46)) - raft.server.log.appender.buffer.byte-limit = 33554432 (custom)
2023-09-07 20:32:33,879 [0f4389f5-8f89-483a-970a-d84001bccdfd-groupManagement] INFO  segmented.SegmentedRaftLogWorker (SegmentedRaftLogWorker.java:<init>(188)) - new 0f4389f5-8f89-483a-970a-d84001bccdfd@group-A36E6103BAA9-SegmentedRaftLogWorker for RaftStorageImpl:Storage Directory /home/runner/work/ozone/ozone/hadoop-ozone/integration-test/target/test-dir/MiniOzoneClusterImpl-5752d0ac-6059-42ff-b166-1d3c6b9f978d/datanode-2/data/ratis/50423f32-465e-4360-adee-a36e6103baa9
2023-09-07 20:32:33,879 [0f4389f5-8f89-483a-970a-d84001bccdfd-groupManagement] INFO  server.RaftServerConfigKeys (ConfUtils.java:logGet(46)) - raft.server.log.queue.byte-limit = 4294967296 (custom)
2023-09-07 20:32:33,880 [0f4389f5-8f89-483a-970a-d84001bccdfd-groupManagement] INFO  server.RaftServerConfigKeys (ConfUtils.java:logGet(46)) - raft.server.log.queue.element-limit = 1024 (custom)
2023-09-07 20:32:33,880 [0f4389f5-8f89-483a-970a-d84001bccdfd-groupManagement] INFO  server.RaftServerConfigKeys (ConfUtils.java:logGet(46)) - raft.server.log.segment.size.max = 1048576 (custom)
2023-09-07 20:32:33,880 [0f4389f5-8f89-483a-970a-d84001bccdfd-groupManagement] INFO  server.RaftServerConfigKeys (ConfUtils.java:logGet(46)) - raft.server.log.preallocated.size = 16384 (custom)
2023-09-07 20:32:33,880 [0f4389f5-8f89-483a-970a-d84001bccdfd-groupManagement] INFO  server.RaftServerConfigKeys (ConfUtils.java:logGet(46)) - raft.server.log.force.sync.num = 128 (default)
2023-09-07 20:32:33,880 [0f4389f5-8f89-483a-970a-d84001bccdfd-groupManagement] INFO  server.RaftServerConfigKeys (ConfUtils.java:logGet(46)) - raft.server.log.statemachine.data.sync = true (default)
2023-09-07 20:32:33,880 [0f4389f5-8f89-483a-970a-d84001bccdfd-groupManagement] INFO  server.RaftServerConfigKeys (ConfUtils.java:logGet(46)) - raft.server.log.statemachine.data.sync.timeout = 10s (default)
2023-09-07 20:32:33,880 [0f4389f5-8f89-483a-970a-d84001bccdfd-groupManagement] INFO  server.RaftServerConfigKeys (ConfUtils.java:logGet(46)) - raft.server.log.statemachine.data.sync.timeout.retry = -1 (default)
2023-09-07 20:32:33,880 [0f4389f5-8f89-483a-970a-d84001bccdfd-groupManagement] INFO  server.RaftServerConfigKeys (ConfUtils.java:logGet(46)) - raft.server.log.write.buffer.size = 1048576 (custom)
2023-09-07 20:32:33,881 [0f4389f5-8f89-483a-970a-d84001bccdfd-groupManagement] INFO  server.RaftServerConfigKeys (ConfUtils.java:logGet(46)) - raft.server.log.appender.buffer.byte-limit = 33554432 (custom)
2023-09-07 20:32:33,888 [0f4389f5-8f89-483a-970a-d84001bccdfd-groupManagement] INFO  server.RaftServerConfigKeys (ConfUtils.java:logGet(46)) - raft.server.log.unsafe-flush.enabled = false (default)
2023-09-07 20:32:33,888 [0f4389f5-8f89-483a-970a-d84001bccdfd-groupManagement] INFO  server.RaftServerConfigKeys (ConfUtils.java:logGet(46)) - raft.server.log.async-flush.enabled = false (default)
2023-09-07 20:32:33,888 [0f4389f5-8f89-483a-970a-d84001bccdfd-groupManagement] INFO  server.RaftServerConfigKeys (ConfUtils.java:logGet(46)) - raft.server.log.statemachine.data.caching.enabled = true (custom)
2023-09-07 20:32:33,888 [0f4389f5-8f89-483a-970a-d84001bccdfd-groupManagement] INFO  segmented.SegmentedRaftLogWorker (SegmentedRaftLogWorker.java:lambda$new$0(135)) - 0f4389f5-8f89-483a-970a-d84001bccdfd@group-A36E6103BAA9-SegmentedRaftLogWorker: flushIndex: setUnconditionally 0 -> -1
2023-09-07 20:32:33,889 [0f4389f5-8f89-483a-970a-d84001bccdfd-groupManagement] INFO  segmented.SegmentedRaftLogWorker (SegmentedRaftLogWorker.java:lambda$new$0(135)) - 0f4389f5-8f89-483a-970a-d84001bccdfd@group-A36E6103BAA9-SegmentedRaftLogWorker: safeCacheEvictIndex: setUnconditionally 0 -> -1
2023-09-07 20:32:33,889 [0f4389f5-8f89-483a-970a-d84001bccdfd-groupManagement] INFO  server.RaftServer$Division (RaftServerImpl.java:start(342)) - 0f4389f5-8f89-483a-970a-d84001bccdfd@group-A36E6103BAA9: start as a follower, conf=-1: peers:[0f4389f5-8f89-483a-970a-d84001bccdfd|rpc:10.1.0.11:15191|admin:10.1.0.11:15190|client:10.1.0.11:15189|dataStream:10.1.0.11:15192|priority:0|startupRole:FOLLOWER, 614edf31-22be-48a8-af09-2d4dd5301ee2|rpc:10.1.0.11:15173|admin:10.1.0.11:15172|client:10.1.0.11:15171|dataStream:10.1.0.11:15174|priority:0|startupRole:FOLLOWER, 18956b72-3f9a-4d33-a14d-cbde511355b4|rpc:10.1.0.11:15182|admin:10.1.0.11:15181|client:10.1.0.11:15180|dataStream:10.1.0.11:15183|priority:1|startupRole:FOLLOWER]|listeners:[], old=null
2023-09-07 20:32:33,889 [0f4389f5-8f89-483a-970a-d84001bccdfd-groupManagement] INFO  server.RaftServer$Division (RaftServerImpl.java:setRole(329)) - 0f4389f5-8f89-483a-970a-d84001bccdfd@group-A36E6103BAA9: changes role from      null to FOLLOWER at term 0 for startAsFollower
2023-09-07 20:32:33,889 [0f4389f5-8f89-483a-970a-d84001bccdfd-groupManagement] INFO  impl.RoleInfo (RoleInfo.java:updateAndGet(139)) - 0f4389f5-8f89-483a-970a-d84001bccdfd: start 0f4389f5-8f89-483a-970a-d84001bccdfd@group-A36E6103BAA9-FollowerState
2023-09-07 20:32:33,889 [0f4389f5-8f89-483a-970a-d84001bccdfd-groupManagement] INFO  util.JmxRegister (JmxRegister.java:tryRegister(44)) - Successfully registered JMX Bean with object name Ratis:service=RaftServer,group=group-A36E6103BAA9,id=0f4389f5-8f89-483a-970a-d84001bccdfd
2023-09-07 20:32:33,890 [0f4389f5-8f89-483a-970a-d84001bccdfd@group-A36E6103BAA9-FollowerState] INFO  server.RaftServerConfigKeys (ConfUtils.java:logFallback(53)) - raft.server.rpc.first-election.timeout.min = 5s (fallback to raft.server.rpc.timeout.min)
2023-09-07 20:32:33,890 [0f4389f5-8f89-483a-970a-d84001bccdfd-groupManagement] INFO  server.RaftServerConfigKeys (ConfUtils.java:logGet(46)) - raft.server.snapshot.auto.trigger.enabled = true (custom)
2023-09-07 20:32:33,890 [0f4389f5-8f89-483a-970a-d84001bccdfd@group-A36E6103BAA9-FollowerState] INFO  server.RaftServerConfigKeys (ConfUtils.java:logFallback(53)) - raft.server.rpc.first-election.timeout.max = 5200ms (fallback to raft.server.rpc.timeout.max)
2023-09-07 20:32:33,890 [0f4389f5-8f89-483a-970a-d84001bccdfd-groupManagement] INFO  server.RaftServerConfigKeys (ConfUtils.java:logGet(46)) - raft.server.snapshot.auto.trigger.threshold = 10000 (custom)
2023-09-07 20:32:33,890 [0f4389f5-8f89-483a-970a-d84001bccdfd-groupManagement] INFO  server.RaftServerConfigKeys (ConfUtils.java:logGet(46)) - raft.server.snapshot.retention.file.num = 5 (custom)
2023-09-07 20:32:33,890 [0f4389f5-8f89-483a-970a-d84001bccdfd-groupManagement] INFO  server.RaftServerConfigKeys (ConfUtils.java:logGet(46)) - raft.server.log.purge.upto.snapshot.index = false (default)
2023-09-07 20:32:33,909 [grpc-default-executor-0] INFO  server.RaftServer (RaftServerProxy.java:addNew(98)) - 18956b72-3f9a-4d33-a14d-cbde511355b4: addNew group-A36E6103BAA9:[0f4389f5-8f89-483a-970a-d84001bccdfd|rpc:10.1.0.11:15191|admin:10.1.0.11:15190|client:10.1.0.11:15189|dataStream:10.1.0.11:15192|priority:0|startupRole:FOLLOWER, 614edf31-22be-48a8-af09-2d4dd5301ee2|rpc:10.1.0.11:15173|admin:10.1.0.11:15172|client:10.1.0.11:15171|dataStream:10.1.0.11:15174|priority:0|startupRole:FOLLOWER, 18956b72-3f9a-4d33-a14d-cbde511355b4|rpc:10.1.0.11:15182|admin:10.1.0.11:15181|client:10.1.0.11:15180|dataStream:10.1.0.11:15183|priority:1|startupRole:FOLLOWER] returns group-A36E6103BAA9:java.util.concurrent.CompletableFuture@6dce30cc[Not completed]
2023-09-07 20:32:33,912 [18956b72-3f9a-4d33-a14d-cbde511355b4-groupManagement] INFO  server.RaftServer$Division (RaftServerImpl.java:<init>(198)) - 18956b72-3f9a-4d33-a14d-cbde511355b4: new RaftServerImpl for group-A36E6103BAA9:[0f4389f5-8f89-483a-970a-d84001bccdfd|rpc:10.1.0.11:15191|admin:10.1.0.11:15190|client:10.1.0.11:15189|dataStream:10.1.0.11:15192|priority:0|startupRole:FOLLOWER, 614edf31-22be-48a8-af09-2d4dd5301ee2|rpc:10.1.0.11:15173|admin:10.1.0.11:15172|client:10.1.0.11:15171|dataStream:10.1.0.11:15174|priority:0|startupRole:FOLLOWER, 18956b72-3f9a-4d33-a14d-cbde511355b4|rpc:10.1.0.11:15182|admin:10.1.0.11:15181|client:10.1.0.11:15180|dataStream:10.1.0.11:15183|priority:1|startupRole:FOLLOWER] with ContainerStateMachine:uninitialized
2023-09-07 20:32:33,912 [18956b72-3f9a-4d33-a14d-cbde511355b4-groupManagement] INFO  server.RaftServerConfigKeys (ConfUtils.java:logGet(46)) - raft.server.rpc.timeout.min = 5s (custom)
2023-09-07 20:32:33,912 [18956b72-3f9a-4d33-a14d-cbde511355b4-groupManagement] INFO  server.RaftServerConfigKeys (ConfUtils.java:logGet(46)) - raft.server.rpc.timeout.max = 5200ms (custom)
2023-09-07 20:32:33,912 [18956b72-3f9a-4d33-a14d-cbde511355b4-groupManagement] INFO  server.RaftServerConfigKeys (ConfUtils.java:logGet(46)) - raft.server.rpc.sleep.time = 25ms (default)
2023-09-07 20:32:33,912 [18956b72-3f9a-4d33-a14d-cbde511355b4-groupManagement] INFO  server.RaftServerConfigKeys (ConfUtils.java:logGet(46)) - raft.server.rpc.slowness.timeout = 300s (custom)
2023-09-07 20:32:33,912 [18956b72-3f9a-4d33-a14d-cbde511355b4-groupManagement] INFO  server.RaftServerConfigKeys (ConfUtils.java:logGet(46)) - raft.server.leaderelection.leader.step-down.wait-time = 10s (default)
2023-09-07 20:32:33,912 [18956b72-3f9a-4d33-a14d-cbde511355b4-groupManagement] INFO  server.RaftServerConfigKeys (ConfUtils.java:logGet(46)) - raft.server.sleep.deviation.threshold = 300ms (default)
2023-09-07 20:32:33,912 [18956b72-3f9a-4d33-a14d-cbde511355b4-groupManagement] INFO  server.RaftServer$Division (ServerState.java:<init>(120)) - 18956b72-3f9a-4d33-a14d-cbde511355b4@group-A36E6103BAA9: ConfigurationManager, init=-1: peers:[0f4389f5-8f89-483a-970a-d84001bccdfd|rpc:10.1.0.11:15191|admin:10.1.0.11:15190|client:10.1.0.11:15189|dataStream:10.1.0.11:15192|priority:0|startupRole:FOLLOWER, 614edf31-22be-48a8-af09-2d4dd5301ee2|rpc:10.1.0.11:15173|admin:10.1.0.11:15172|client:10.1.0.11:15171|dataStream:10.1.0.11:15174|priority:0|startupRole:FOLLOWER, 18956b72-3f9a-4d33-a14d-cbde511355b4|rpc:10.1.0.11:15182|admin:10.1.0.11:15181|client:10.1.0.11:15180|dataStream:10.1.0.11:15183|priority:1|startupRole:FOLLOWER]|listeners:[], old=null, confs=<EMPTY_MAP>
2023-09-07 20:32:33,912 [18956b72-3f9a-4d33-a14d-cbde511355b4-groupManagement] INFO  server.RaftServerConfigKeys (ConfUtils.java:logGet(46)) - raft.server.storage.dir = [/home/runner/work/ozone/ozone/hadoop-ozone/integration-test/target/test-dir/MiniOzoneClusterImpl-5752d0ac-6059-42ff-b166-1d3c6b9f978d/datanode-1/data/ratis] (custom)
2023-09-07 20:32:33,913 [18956b72-3f9a-4d33-a14d-cbde511355b4-groupManagement] INFO  server.RaftServerConfigKeys (ConfUtils.java:logGet(46)) - raft.server.log.corruption.policy = EXCEPTION (default)
2023-09-07 20:32:33,913 [18956b72-3f9a-4d33-a14d-cbde511355b4-groupManagement] INFO  server.RaftServerConfigKeys (ConfUtils.java:logGet(46)) - raft.server.storage.free-space.min = 0MB (=0) (default)
2023-09-07 20:32:33,913 [18956b72-3f9a-4d33-a14d-cbde511355b4-groupManagement] INFO  server.RaftServerConfigKeys (ConfUtils.java:logGet(46)) - raft.server.notification.no-leader.timeout = 300s (custom)
2023-09-07 20:32:33,913 [18956b72-3f9a-4d33-a14d-cbde511355b4-groupManagement] INFO  server.RaftServerConfigKeys (ConfUtils.java:logGet(46)) - raft.server.read.timeout = 10s (default)
2023-09-07 20:32:33,913 [18956b72-3f9a-4d33-a14d-cbde511355b4-groupManagement] INFO  server.RaftServerConfigKeys (ConfUtils.java:logGet(46)) - raft.server.retrycache.expirytime = 600000ms (custom)
2023-09-07 20:32:33,913 [18956b72-3f9a-4d33-a14d-cbde511355b4-groupManagement] INFO  server.RaftServerConfigKeys (ConfUtils.java:logGet(46)) - raft.server.retrycache.statistics.expirytime = 100μs (default)
2023-09-07 20:32:33,913 [18956b72-3f9a-4d33-a14d-cbde511355b4-groupManagement] INFO  server.RaftServerConfigKeys (ConfUtils.java:logGet(46)) - raft.server.read.option = DEFAULT (default)
2023-09-07 20:32:33,914 [18956b72-3f9a-4d33-a14d-cbde511355b4-groupManagement] INFO  server.RaftServerConfigKeys (ConfUtils.java:logGet(46)) - raft.server.rpc.request.timeout = 60s (custom)
2023-09-07 20:32:33,914 [18956b72-3f9a-4d33-a14d-cbde511355b4-groupManagement] INFO  server.RaftServerConfigKeys (ConfUtils.java:logGet(46)) - raft.server.log.appender.install.snapshot.enabled = false (custom)
2023-09-07 20:32:33,914 [18956b72-3f9a-4d33-a14d-cbde511355b4-groupManagement] INFO  server.RaftServerConfigKeys (ConfUtils.java:logGet(46)) - raft.server.threadpool.server.cached = true (default)
2023-09-07 20:32:33,914 [18956b72-3f9a-4d33-a14d-cbde511355b4-groupManagement] INFO  server.RaftServerConfigKeys (ConfUtils.java:logGet(46)) - raft.server.threadpool.server.size = 0 (default)
2023-09-07 20:32:33,914 [18956b72-3f9a-4d33-a14d-cbde511355b4-groupManagement] INFO  server.RaftServerConfigKeys (ConfUtils.java:logGet(46)) - raft.server.threadpool.client.cached = true (default)
2023-09-07 20:32:33,914 [18956b72-3f9a-4d33-a14d-cbde511355b4-groupManagement] INFO  server.RaftServerConfigKeys (ConfUtils.java:logGet(46)) - raft.server.threadpool.client.size = 0 (default)
2023-09-07 20:32:33,914 [18956b72-3f9a-4d33-a14d-cbde511355b4-groupManagement] INFO  storage.RaftStorageDirectory (RaftStorageDirectoryImpl.java:analyzeStorage(137)) - The storage directory /home/runner/work/ozone/ozone/hadoop-ozone/integration-test/target/test-dir/MiniOzoneClusterImpl-5752d0ac-6059-42ff-b166-1d3c6b9f978d/datanode-1/data/ratis/50423f32-465e-4360-adee-a36e6103baa9 does not exist. Creating ...
2023-09-07 20:32:33,916 [18956b72-3f9a-4d33-a14d-cbde511355b4-groupManagement] INFO  storage.RaftStorageDirectory (RaftStorageDirectoryImpl.java:tryLock(231)) - Lock on /home/runner/work/ozone/ozone/hadoop-ozone/integration-test/target/test-dir/MiniOzoneClusterImpl-5752d0ac-6059-42ff-b166-1d3c6b9f978d/datanode-1/data/ratis/50423f32-465e-4360-adee-a36e6103baa9/in_use.lock acquired by nodename 7625@fv-az259-394
2023-09-07 20:32:33,919 [18956b72-3f9a-4d33-a14d-cbde511355b4-groupManagement] INFO  storage.RaftStorage (RaftStorageImpl.java:format(96)) - Storage directory /home/runner/work/ozone/ozone/hadoop-ozone/integration-test/target/test-dir/MiniOzoneClusterImpl-5752d0ac-6059-42ff-b166-1d3c6b9f978d/datanode-1/data/ratis/50423f32-465e-4360-adee-a36e6103baa9 has been successfully formatted.
2023-09-07 20:32:33,921 [18956b72-3f9a-4d33-a14d-cbde511355b4-groupManagement] INFO  ratis.ContainerStateMachine (ContainerStateMachine.java:loadSnapshot(262)) - group-A36E6103BAA9: The snapshot info is null. Setting the last applied indexto:(t:0, i:~)
2023-09-07 20:32:33,921 [18956b72-3f9a-4d33-a14d-cbde511355b4-groupManagement] INFO  server.RaftServerConfigKeys (ConfUtils.java:logGet(46)) - raft.server.log.use.memory = false (default)
2023-09-07 20:32:33,921 [18956b72-3f9a-4d33-a14d-cbde511355b4-groupManagement] INFO  server.RaftServerConfigKeys (ConfUtils.java:logGet(46)) - raft.server.log.purge.gap = 1000000 (custom)
2023-09-07 20:32:33,921 [18956b72-3f9a-4d33-a14d-cbde511355b4-groupManagement] INFO  server.RaftServerConfigKeys (ConfUtils.java:logGet(46)) - raft.server.log.appender.buffer.byte-limit = 33554432 (custom)
2023-09-07 20:32:33,921 [18956b72-3f9a-4d33-a14d-cbde511355b4-groupManagement] INFO  server.RaftServerConfigKeys (ConfUtils.java:logGet(46)) - raft.server.log.statemachine.data.read.timeout = 1000ms (default)
2023-09-07 20:32:33,921 [18956b72-3f9a-4d33-a14d-cbde511355b4-groupManagement] INFO  server.RaftServerConfigKeys (ConfUtils.java:logGet(46)) - raft.server.log.purge.preservation.log.num = 0 (default)
2023-09-07 20:32:33,922 [18956b72-3f9a-4d33-a14d-cbde511355b4-groupManagement] INFO  server.RaftServerConfigKeys (ConfUtils.java:logGet(46)) - raft.server.log.segment.size.max = 1048576 (custom)
2023-09-07 20:32:33,922 [18956b72-3f9a-4d33-a14d-cbde511355b4-groupManagement] INFO  server.RaftServerConfigKeys (ConfUtils.java:logGet(46)) - raft.server.log.segment.cache.num.max = 2 (custom)
2023-09-07 20:32:33,922 [18956b72-3f9a-4d33-a14d-cbde511355b4-groupManagement] INFO  server.RaftServerConfigKeys (ConfUtils.java:logGet(46)) - raft.server.log.segment.cache.size.max = 200MB (=209715200) (default)
2023-09-07 20:32:33,922 [18956b72-3f9a-4d33-a14d-cbde511355b4-groupManagement] INFO  server.RaftServerConfigKeys (ConfUtils.java:logGet(46)) - raft.server.log.appender.buffer.byte-limit = 33554432 (custom)
2023-09-07 20:32:33,922 [18956b72-3f9a-4d33-a14d-cbde511355b4-groupManagement] INFO  segmented.SegmentedRaftLogWorker (SegmentedRaftLogWorker.java:<init>(188)) - new 18956b72-3f9a-4d33-a14d-cbde511355b4@group-A36E6103BAA9-SegmentedRaftLogWorker for RaftStorageImpl:Storage Directory /home/runner/work/ozone/ozone/hadoop-ozone/integration-test/target/test-dir/MiniOzoneClusterImpl-5752d0ac-6059-42ff-b166-1d3c6b9f978d/datanode-1/data/ratis/50423f32-465e-4360-adee-a36e6103baa9
2023-09-07 20:32:33,922 [18956b72-3f9a-4d33-a14d-cbde511355b4-groupManagement] INFO  server.RaftServerConfigKeys (ConfUtils.java:logGet(46)) - raft.server.log.queue.byte-limit = 4294967296 (custom)
2023-09-07 20:32:33,922 [18956b72-3f9a-4d33-a14d-cbde511355b4-groupManagement] INFO  server.RaftServerConfigKeys (ConfUtils.java:logGet(46)) - raft.server.log.queue.element-limit = 1024 (custom)
2023-09-07 20:32:33,922 [18956b72-3f9a-4d33-a14d-cbde511355b4-groupManagement] INFO  server.RaftServerConfigKeys (ConfUtils.java:logGet(46)) - raft.server.log.segment.size.max = 1048576 (custom)
2023-09-07 20:32:33,922 [18956b72-3f9a-4d33-a14d-cbde511355b4-groupManagement] INFO  server.RaftServerConfigKeys (ConfUtils.java:logGet(46)) - raft.server.log.preallocated.size = 16384 (custom)
2023-09-07 20:32:33,922 [18956b72-3f9a-4d33-a14d-cbde511355b4-groupManagement] INFO  server.RaftServerConfigKeys (ConfUtils.java:logGet(46)) - raft.server.log.force.sync.num = 128 (default)
2023-09-07 20:32:33,922 [18956b72-3f9a-4d33-a14d-cbde511355b4-groupManagement] INFO  server.RaftServerConfigKeys (ConfUtils.java:logGet(46)) - raft.server.log.statemachine.data.sync = true (default)
2023-09-07 20:32:33,923 [18956b72-3f9a-4d33-a14d-cbde511355b4-groupManagement] INFO  server.RaftServerConfigKeys (ConfUtils.java:logGet(46)) - raft.server.log.statemachine.data.sync.timeout = 10s (default)
2023-09-07 20:32:33,923 [18956b72-3f9a-4d33-a14d-cbde511355b4-groupManagement] INFO  server.RaftServerConfigKeys (ConfUtils.java:logGet(46)) - raft.server.log.statemachine.data.sync.timeout.retry = -1 (default)
2023-09-07 20:32:33,923 [18956b72-3f9a-4d33-a14d-cbde511355b4-groupManagement] INFO  server.RaftServerConfigKeys (ConfUtils.java:logGet(46)) - raft.server.log.write.buffer.size = 1048576 (custom)
2023-09-07 20:32:33,924 [18956b72-3f9a-4d33-a14d-cbde511355b4-groupManagement] INFO  server.RaftServerConfigKeys (ConfUtils.java:logGet(46)) - raft.server.log.appender.buffer.byte-limit = 33554432 (custom)
2023-09-07 20:32:33,932 [18956b72-3f9a-4d33-a14d-cbde511355b4-groupManagement] INFO  server.RaftServerConfigKeys (ConfUtils.java:logGet(46)) - raft.server.log.unsafe-flush.enabled = false (default)
2023-09-07 20:32:33,932 [18956b72-3f9a-4d33-a14d-cbde511355b4-groupManagement] INFO  server.RaftServerConfigKeys (ConfUtils.java:logGet(46)) - raft.server.log.async-flush.enabled = false (default)
2023-09-07 20:32:33,932 [18956b72-3f9a-4d33-a14d-cbde511355b4-groupManagement] INFO  server.RaftServerConfigKeys (ConfUtils.java:logGet(46)) - raft.server.log.statemachine.data.caching.enabled = true (custom)
2023-09-07 20:32:33,932 [18956b72-3f9a-4d33-a14d-cbde511355b4-groupManagement] INFO  segmented.SegmentedRaftLogWorker (SegmentedRaftLogWorker.java:lambda$new$0(135)) - 18956b72-3f9a-4d33-a14d-cbde511355b4@group-A36E6103BAA9-SegmentedRaftLogWorker: flushIndex: setUnconditionally 0 -> -1
2023-09-07 20:32:33,932 [18956b72-3f9a-4d33-a14d-cbde511355b4-groupManagement] INFO  segmented.SegmentedRaftLogWorker (SegmentedRaftLogWorker.java:lambda$new$0(135)) - 18956b72-3f9a-4d33-a14d-cbde511355b4@group-A36E6103BAA9-SegmentedRaftLogWorker: safeCacheEvictIndex: setUnconditionally 0 -> -1
2023-09-07 20:32:33,933 [18956b72-3f9a-4d33-a14d-cbde511355b4-groupManagement] INFO  server.RaftServer$Division (RaftServerImpl.java:start(342)) - 18956b72-3f9a-4d33-a14d-cbde511355b4@group-A36E6103BAA9: start as a follower, conf=-1: peers:[0f4389f5-8f89-483a-970a-d84001bccdfd|rpc:10.1.0.11:15191|admin:10.1.0.11:15190|client:10.1.0.11:15189|dataStream:10.1.0.11:15192|priority:0|startupRole:FOLLOWER, 614edf31-22be-48a8-af09-2d4dd5301ee2|rpc:10.1.0.11:15173|admin:10.1.0.11:15172|client:10.1.0.11:15171|dataStream:10.1.0.11:15174|priority:0|startupRole:FOLLOWER, 18956b72-3f9a-4d33-a14d-cbde511355b4|rpc:10.1.0.11:15182|admin:10.1.0.11:15181|client:10.1.0.11:15180|dataStream:10.1.0.11:15183|priority:1|startupRole:FOLLOWER]|listeners:[], old=null
2023-09-07 20:32:33,933 [18956b72-3f9a-4d33-a14d-cbde511355b4-groupManagement] INFO  server.RaftServer$Division (RaftServerImpl.java:setRole(329)) - 18956b72-3f9a-4d33-a14d-cbde511355b4@group-A36E6103BAA9: changes role from      null to FOLLOWER at term 0 for startAsFollower
2023-09-07 20:32:33,933 [18956b72-3f9a-4d33-a14d-cbde511355b4-groupManagement] INFO  impl.RoleInfo (RoleInfo.java:updateAndGet(139)) - 18956b72-3f9a-4d33-a14d-cbde511355b4: start 18956b72-3f9a-4d33-a14d-cbde511355b4@group-A36E6103BAA9-FollowerState
2023-09-07 20:32:33,933 [18956b72-3f9a-4d33-a14d-cbde511355b4@group-A36E6103BAA9-FollowerState] INFO  server.RaftServerConfigKeys (ConfUtils.java:logFallback(53)) - raft.server.rpc.first-election.timeout.min = 5s (fallback to raft.server.rpc.timeout.min)
2023-09-07 20:32:33,933 [18956b72-3f9a-4d33-a14d-cbde511355b4-groupManagement] INFO  util.JmxRegister (JmxRegister.java:tryRegister(44)) - Successfully registered JMX Bean with object name Ratis:service=RaftServer,group=group-A36E6103BAA9,id=18956b72-3f9a-4d33-a14d-cbde511355b4
2023-09-07 20:32:33,933 [18956b72-3f9a-4d33-a14d-cbde511355b4@group-A36E6103BAA9-FollowerState] INFO  server.RaftServerConfigKeys (ConfUtils.java:logFallback(53)) - raft.server.rpc.first-election.timeout.max = 5200ms (fallback to raft.server.rpc.timeout.max)
2023-09-07 20:32:33,933 [18956b72-3f9a-4d33-a14d-cbde511355b4-groupManagement] INFO  server.RaftServerConfigKeys (ConfUtils.java:logGet(46)) - raft.server.snapshot.auto.trigger.enabled = true (custom)
2023-09-07 20:32:33,933 [18956b72-3f9a-4d33-a14d-cbde511355b4-groupManagement] INFO  server.RaftServerConfigKeys (ConfUtils.java:logGet(46)) - raft.server.snapshot.auto.trigger.threshold = 10000 (custom)
2023-09-07 20:32:33,933 [18956b72-3f9a-4d33-a14d-cbde511355b4-groupManagement] INFO  server.RaftServerConfigKeys (ConfUtils.java:logGet(46)) - raft.server.snapshot.retention.file.num = 5 (custom)
2023-09-07 20:32:33,934 [18956b72-3f9a-4d33-a14d-cbde511355b4-groupManagement] INFO  server.RaftServerConfigKeys (ConfUtils.java:logGet(46)) - raft.server.log.purge.upto.snapshot.index = false (default)
2023-09-07 20:32:33,947 [PipelineCommandHandlerThread-0] INFO  commandhandler.CreatePipelineCommandHandler (CreatePipelineCommandHandler.java:lambda$handle$2(124)) - Created Pipeline RATIS THREE PipelineID=50423f32-465e-4360-adee-a36e6103baa9.
2023-09-07 20:32:33,948 [PipelineCommandHandlerThread-0] INFO  server.RaftServer (RaftServerProxy.java:addNew(98)) - 614edf31-22be-48a8-af09-2d4dd5301ee2: addNew group-3530F8C087DA:[0f4389f5-8f89-483a-970a-d84001bccdfd|rpc:10.1.0.11:15191|admin:10.1.0.11:15190|client:10.1.0.11:15189|dataStream:10.1.0.11:15192|priority:1|startupRole:FOLLOWER, 614edf31-22be-48a8-af09-2d4dd5301ee2|rpc:10.1.0.11:15173|admin:10.1.0.11:15172|client:10.1.0.11:15171|dataStream:10.1.0.11:15174|priority:0|startupRole:FOLLOWER, 18956b72-3f9a-4d33-a14d-cbde511355b4|rpc:10.1.0.11:15182|admin:10.1.0.11:15181|client:10.1.0.11:15180|dataStream:10.1.0.11:15183|priority:0|startupRole:FOLLOWER] returns group-3530F8C087DA:java.util.concurrent.CompletableFuture@361780c3[Not completed]
2023-09-07 20:32:33,949 [614edf31-22be-48a8-af09-2d4dd5301ee2-groupManagement] INFO  server.RaftServer$Division (RaftServerImpl.java:<init>(198)) - 614edf31-22be-48a8-af09-2d4dd5301ee2: new RaftServerImpl for group-3530F8C087DA:[0f4389f5-8f89-483a-970a-d84001bccdfd|rpc:10.1.0.11:15191|admin:10.1.0.11:15190|client:10.1.0.11:15189|dataStream:10.1.0.11:15192|priority:1|startupRole:FOLLOWER, 614edf31-22be-48a8-af09-2d4dd5301ee2|rpc:10.1.0.11:15173|admin:10.1.0.11:15172|client:10.1.0.11:15171|dataStream:10.1.0.11:15174|priority:0|startupRole:FOLLOWER, 18956b72-3f9a-4d33-a14d-cbde511355b4|rpc:10.1.0.11:15182|admin:10.1.0.11:15181|client:10.1.0.11:15180|dataStream:10.1.0.11:15183|priority:0|startupRole:FOLLOWER] with ContainerStateMachine:uninitialized
2023-09-07 20:32:33,949 [614edf31-22be-48a8-af09-2d4dd5301ee2-groupManagement] INFO  server.RaftServerConfigKeys (ConfUtils.java:logGet(46)) - raft.server.rpc.timeout.min = 5s (custom)
2023-09-07 20:32:33,949 [614edf31-22be-48a8-af09-2d4dd5301ee2-groupManagement] INFO  server.RaftServerConfigKeys (ConfUtils.java:logGet(46)) - raft.server.rpc.timeout.max = 5200ms (custom)
2023-09-07 20:32:33,950 [614edf31-22be-48a8-af09-2d4dd5301ee2-groupManagement] INFO  server.RaftServerConfigKeys (ConfUtils.java:logGet(46)) - raft.server.rpc.sleep.time = 25ms (default)
2023-09-07 20:32:33,950 [614edf31-22be-48a8-af09-2d4dd5301ee2-groupManagement] INFO  server.RaftServerConfigKeys (ConfUtils.java:logGet(46)) - raft.server.rpc.slowness.timeout = 300s (custom)
2023-09-07 20:32:33,950 [614edf31-22be-48a8-af09-2d4dd5301ee2-groupManagement] INFO  server.RaftServerConfigKeys (ConfUtils.java:logGet(46)) - raft.server.leaderelection.leader.step-down.wait-time = 10s (default)
2023-09-07 20:32:33,950 [614edf31-22be-48a8-af09-2d4dd5301ee2-groupManagement] INFO  server.RaftServerConfigKeys (ConfUtils.java:logGet(46)) - raft.server.sleep.deviation.threshold = 300ms (default)
2023-09-07 20:32:33,950 [614edf31-22be-48a8-af09-2d4dd5301ee2-groupManagement] INFO  server.RaftServer$Division (ServerState.java:<init>(120)) - 614edf31-22be-48a8-af09-2d4dd5301ee2@group-3530F8C087DA: ConfigurationManager, init=-1: peers:[0f4389f5-8f89-483a-970a-d84001bccdfd|rpc:10.1.0.11:15191|admin:10.1.0.11:15190|client:10.1.0.11:15189|dataStream:10.1.0.11:15192|priority:1|startupRole:FOLLOWER, 614edf31-22be-48a8-af09-2d4dd5301ee2|rpc:10.1.0.11:15173|admin:10.1.0.11:15172|client:10.1.0.11:15171|dataStream:10.1.0.11:15174|priority:0|startupRole:FOLLOWER, 18956b72-3f9a-4d33-a14d-cbde511355b4|rpc:10.1.0.11:15182|admin:10.1.0.11:15181|client:10.1.0.11:15180|dataStream:10.1.0.11:15183|priority:0|startupRole:FOLLOWER]|listeners:[], old=null, confs=<EMPTY_MAP>
2023-09-07 20:32:33,950 [614edf31-22be-48a8-af09-2d4dd5301ee2-groupManagement] INFO  server.RaftServerConfigKeys (ConfUtils.java:logGet(46)) - raft.server.storage.dir = [/home/runner/work/ozone/ozone/hadoop-ozone/integration-test/target/test-dir/MiniOzoneClusterImpl-5752d0ac-6059-42ff-b166-1d3c6b9f978d/datanode-0/data/ratis] (custom)
2023-09-07 20:32:33,950 [614edf31-22be-48a8-af09-2d4dd5301ee2-groupManagement] INFO  server.RaftServerConfigKeys (ConfUtils.java:logGet(46)) - raft.server.log.corruption.policy = EXCEPTION (default)
2023-09-07 20:32:33,950 [614edf31-22be-48a8-af09-2d4dd5301ee2-groupManagement] INFO  server.RaftServerConfigKeys (ConfUtils.java:logGet(46)) - raft.server.storage.free-space.min = 0MB (=0) (default)
2023-09-07 20:32:33,950 [614edf31-22be-48a8-af09-2d4dd5301ee2-groupManagement] INFO  server.RaftServerConfigKeys (ConfUtils.java:logGet(46)) - raft.server.notification.no-leader.timeout = 300s (custom)
2023-09-07 20:32:33,950 [614edf31-22be-48a8-af09-2d4dd5301ee2-groupManagement] INFO  server.RaftServerConfigKeys (ConfUtils.java:logGet(46)) - raft.server.read.timeout = 10s (default)
2023-09-07 20:32:33,950 [614edf31-22be-48a8-af09-2d4dd5301ee2-groupManagement] INFO  server.RaftServerConfigKeys (ConfUtils.java:logGet(46)) - raft.server.retrycache.expirytime = 600000ms (custom)
2023-09-07 20:32:33,950 [614edf31-22be-48a8-af09-2d4dd5301ee2-groupManagement] INFO  server.RaftServerConfigKeys (ConfUtils.java:logGet(46)) - raft.server.retrycache.statistics.expirytime = 100μs (default)
2023-09-07 20:32:33,950 [614edf31-22be-48a8-af09-2d4dd5301ee2-groupManagement] INFO  server.RaftServerConfigKeys (ConfUtils.java:logGet(46)) - raft.server.read.option = DEFAULT (default)
2023-09-07 20:32:33,951 [614edf31-22be-48a8-af09-2d4dd5301ee2-groupManagement] INFO  server.RaftServerConfigKeys (ConfUtils.java:logGet(46)) - raft.server.rpc.request.timeout = 60s (custom)
2023-09-07 20:32:33,951 [614edf31-22be-48a8-af09-2d4dd5301ee2-groupManagement] INFO  server.RaftServerConfigKeys (ConfUtils.java:logGet(46)) - raft.server.log.appender.install.snapshot.enabled = false (custom)
2023-09-07 20:32:33,951 [614edf31-22be-48a8-af09-2d4dd5301ee2-groupManagement] INFO  server.RaftServerConfigKeys (ConfUtils.java:logGet(46)) - raft.server.threadpool.server.cached = true (default)
2023-09-07 20:32:33,951 [614edf31-22be-48a8-af09-2d4dd5301ee2-groupManagement] INFO  server.RaftServerConfigKeys (ConfUtils.java:logGet(46)) - raft.server.threadpool.server.size = 0 (default)
2023-09-07 20:32:33,951 [614edf31-22be-48a8-af09-2d4dd5301ee2-groupManagement] INFO  server.RaftServerConfigKeys (ConfUtils.java:logGet(46)) - raft.server.threadpool.client.cached = true (default)
2023-09-07 20:32:33,951 [614edf31-22be-48a8-af09-2d4dd5301ee2-groupManagement] INFO  server.RaftServerConfigKeys (ConfUtils.java:logGet(46)) - raft.server.threadpool.client.size = 0 (default)
2023-09-07 20:32:33,951 [614edf31-22be-48a8-af09-2d4dd5301ee2-groupManagement] INFO  storage.RaftStorageDirectory (RaftStorageDirectoryImpl.java:analyzeStorage(137)) - The storage directory /home/runner/work/ozone/ozone/hadoop-ozone/integration-test/target/test-dir/MiniOzoneClusterImpl-5752d0ac-6059-42ff-b166-1d3c6b9f978d/datanode-0/data/ratis/4d2488b6-bf5d-42b5-a00c-3530f8c087da does not exist. Creating ...
2023-09-07 20:32:33,953 [614edf31-22be-48a8-af09-2d4dd5301ee2-groupManagement] INFO  storage.RaftStorageDirectory (RaftStorageDirectoryImpl.java:tryLock(231)) - Lock on /home/runner/work/ozone/ozone/hadoop-ozone/integration-test/target/test-dir/MiniOzoneClusterImpl-5752d0ac-6059-42ff-b166-1d3c6b9f978d/datanode-0/data/ratis/4d2488b6-bf5d-42b5-a00c-3530f8c087da/in_use.lock acquired by nodename 7625@fv-az259-394
2023-09-07 20:32:33,955 [614edf31-22be-48a8-af09-2d4dd5301ee2-groupManagement] INFO  storage.RaftStorage (RaftStorageImpl.java:format(96)) - Storage directory /home/runner/work/ozone/ozone/hadoop-ozone/integration-test/target/test-dir/MiniOzoneClusterImpl-5752d0ac-6059-42ff-b166-1d3c6b9f978d/datanode-0/data/ratis/4d2488b6-bf5d-42b5-a00c-3530f8c087da has been successfully formatted.
2023-09-07 20:32:33,955 [614edf31-22be-48a8-af09-2d4dd5301ee2-groupManagement] INFO  ratis.ContainerStateMachine (ContainerStateMachine.java:loadSnapshot(262)) - group-3530F8C087DA: The snapshot info is null. Setting the last applied indexto:(t:0, i:~)
2023-09-07 20:32:33,958 [EventQueue-OpenPipelineForHealthyPipelineSafeModeRule] INFO  safemode.SCMSafeModeManager (HealthyPipelineSafeModeRule.java:process(137)) - SCM in safe mode. Healthy pipelines reported count is 0, required healthy pipeline reported count is 1
2023-09-07 20:32:33,958 [614edf31-22be-48a8-af09-2d4dd5301ee2-groupManagement] INFO  server.RaftServerConfigKeys (ConfUtils.java:logGet(46)) - raft.server.log.use.memory = false (default)
2023-09-07 20:32:33,959 [614edf31-22be-48a8-af09-2d4dd5301ee2-groupManagement] INFO  server.RaftServerConfigKeys (ConfUtils.java:logGet(46)) - raft.server.log.purge.gap = 1000000 (custom)
2023-09-07 20:32:33,959 [614edf31-22be-48a8-af09-2d4dd5301ee2-groupManagement] INFO  server.RaftServerConfigKeys (ConfUtils.java:logGet(46)) - raft.server.log.appender.buffer.byte-limit = 33554432 (custom)
2023-09-07 20:32:33,959 [614edf31-22be-48a8-af09-2d4dd5301ee2-groupManagement] INFO  server.RaftServerConfigKeys (ConfUtils.java:logGet(46)) - raft.server.log.statemachine.data.read.timeout = 1000ms (default)
2023-09-07 20:32:33,959 [614edf31-22be-48a8-af09-2d4dd5301ee2-groupManagement] INFO  server.RaftServerConfigKeys (ConfUtils.java:logGet(46)) - raft.server.log.purge.preservation.log.num = 0 (default)
2023-09-07 20:32:33,959 [614edf31-22be-48a8-af09-2d4dd5301ee2-groupManagement] INFO  server.RaftServerConfigKeys (ConfUtils.java:logGet(46)) - raft.server.log.segment.size.max = 1048576 (custom)
2023-09-07 20:32:33,959 [614edf31-22be-48a8-af09-2d4dd5301ee2-groupManagement] INFO  server.RaftServerConfigKeys (ConfUtils.java:logGet(46)) - raft.server.log.segment.cache.num.max = 2 (custom)
2023-09-07 20:32:33,959 [614edf31-22be-48a8-af09-2d4dd5301ee2-groupManagement] INFO  server.RaftServerConfigKeys (ConfUtils.java:logGet(46)) - raft.server.log.segment.cache.size.max = 200MB (=209715200) (default)
2023-09-07 20:32:33,959 [614edf31-22be-48a8-af09-2d4dd5301ee2-groupManagement] INFO  server.RaftServerConfigKeys (ConfUtils.java:logGet(46)) - raft.server.log.appender.buffer.byte-limit = 33554432 (custom)
2023-09-07 20:32:33,960 [614edf31-22be-48a8-af09-2d4dd5301ee2-groupManagement] INFO  segmented.SegmentedRaftLogWorker (SegmentedRaftLogWorker.java:<init>(188)) - new 614edf31-22be-48a8-af09-2d4dd5301ee2@group-3530F8C087DA-SegmentedRaftLogWorker for RaftStorageImpl:Storage Directory /home/runner/work/ozone/ozone/hadoop-ozone/integration-test/target/test-dir/MiniOzoneClusterImpl-5752d0ac-6059-42ff-b166-1d3c6b9f978d/datanode-0/data/ratis/4d2488b6-bf5d-42b5-a00c-3530f8c087da
2023-09-07 20:32:33,960 [614edf31-22be-48a8-af09-2d4dd5301ee2-groupManagement] INFO  server.RaftServerConfigKeys (ConfUtils.java:logGet(46)) - raft.server.log.queue.byte-limit = 4294967296 (custom)
2023-09-07 20:32:33,960 [614edf31-22be-48a8-af09-2d4dd5301ee2-groupManagement] INFO  server.RaftServerConfigKeys (ConfUtils.java:logGet(46)) - raft.server.log.queue.element-limit = 1024 (custom)
2023-09-07 20:32:33,960 [614edf31-22be-48a8-af09-2d4dd5301ee2-groupManagement] INFO  server.RaftServerConfigKeys (ConfUtils.java:logGet(46)) - raft.server.log.segment.size.max = 1048576 (custom)
2023-09-07 20:32:33,960 [614edf31-22be-48a8-af09-2d4dd5301ee2-groupManagement] INFO  server.RaftServerConfigKeys (ConfUtils.java:logGet(46)) - raft.server.log.preallocated.size = 16384 (custom)
2023-09-07 20:32:33,960 [614edf31-22be-48a8-af09-2d4dd5301ee2-groupManagement] INFO  server.RaftServerConfigKeys (ConfUtils.java:logGet(46)) - raft.server.log.force.sync.num = 128 (default)
2023-09-07 20:32:33,960 [614edf31-22be-48a8-af09-2d4dd5301ee2-groupManagement] INFO  server.RaftServerConfigKeys (ConfUtils.java:logGet(46)) - raft.server.log.statemachine.data.sync = true (default)
2023-09-07 20:32:33,960 [614edf31-22be-48a8-af09-2d4dd5301ee2-groupManagement] INFO  server.RaftServerConfigKeys (ConfUtils.java:logGet(46)) - raft.server.log.statemachine.data.sync.timeout = 10s (default)
2023-09-07 20:32:33,960 [614edf31-22be-48a8-af09-2d4dd5301ee2-groupManagement] INFO  server.RaftServerConfigKeys (ConfUtils.java:logGet(46)) - raft.server.log.statemachine.data.sync.timeout.retry = -1 (default)
2023-09-07 20:32:33,960 [614edf31-22be-48a8-af09-2d4dd5301ee2-groupManagement] INFO  server.RaftServerConfigKeys (ConfUtils.java:logGet(46)) - raft.server.log.write.buffer.size = 1048576 (custom)
2023-09-07 20:32:33,961 [614edf31-22be-48a8-af09-2d4dd5301ee2-groupManagement] INFO  server.RaftServerConfigKeys (ConfUtils.java:logGet(46)) - raft.server.log.appender.buffer.byte-limit = 33554432 (custom)
2023-09-07 20:32:33,967 [614edf31-22be-48a8-af09-2d4dd5301ee2-groupManagement] INFO  server.RaftServerConfigKeys (ConfUtils.java:logGet(46)) - raft.server.log.unsafe-flush.enabled = false (default)
2023-09-07 20:32:33,967 [614edf31-22be-48a8-af09-2d4dd5301ee2-groupManagement] INFO  server.RaftServerConfigKeys (ConfUtils.java:logGet(46)) - raft.server.log.async-flush.enabled = false (default)
2023-09-07 20:32:33,967 [614edf31-22be-48a8-af09-2d4dd5301ee2-groupManagement] INFO  server.RaftServerConfigKeys (ConfUtils.java:logGet(46)) - raft.server.log.statemachine.data.caching.enabled = true (custom)
2023-09-07 20:32:33,968 [614edf31-22be-48a8-af09-2d4dd5301ee2-groupManagement] INFO  segmented.SegmentedRaftLogWorker (SegmentedRaftLogWorker.java:lambda$new$0(135)) - 614edf31-22be-48a8-af09-2d4dd5301ee2@group-3530F8C087DA-SegmentedRaftLogWorker: flushIndex: setUnconditionally 0 -> -1
2023-09-07 20:32:33,968 [614edf31-22be-48a8-af09-2d4dd5301ee2-groupManagement] INFO  segmented.SegmentedRaftLogWorker (SegmentedRaftLogWorker.java:lambda$new$0(135)) - 614edf31-22be-48a8-af09-2d4dd5301ee2@group-3530F8C087DA-SegmentedRaftLogWorker: safeCacheEvictIndex: setUnconditionally 0 -> -1
2023-09-07 20:32:33,968 [614edf31-22be-48a8-af09-2d4dd5301ee2-groupManagement] INFO  server.RaftServer$Division (RaftServerImpl.java:start(342)) - 614edf31-22be-48a8-af09-2d4dd5301ee2@group-3530F8C087DA: start as a follower, conf=-1: peers:[0f4389f5-8f89-483a-970a-d84001bccdfd|rpc:10.1.0.11:15191|admin:10.1.0.11:15190|client:10.1.0.11:15189|dataStream:10.1.0.11:15192|priority:1|startupRole:FOLLOWER, 614edf31-22be-48a8-af09-2d4dd5301ee2|rpc:10.1.0.11:15173|admin:10.1.0.11:15172|client:10.1.0.11:15171|dataStream:10.1.0.11:15174|priority:0|startupRole:FOLLOWER, 18956b72-3f9a-4d33-a14d-cbde511355b4|rpc:10.1.0.11:15182|admin:10.1.0.11:15181|client:10.1.0.11:15180|dataStream:10.1.0.11:15183|priority:0|startupRole:FOLLOWER]|listeners:[], old=null
2023-09-07 20:32:33,968 [614edf31-22be-48a8-af09-2d4dd5301ee2-groupManagement] INFO  server.RaftServer$Division (RaftServerImpl.java:setRole(329)) - 614edf31-22be-48a8-af09-2d4dd5301ee2@group-3530F8C087DA: changes role from      null to FOLLOWER at term 0 for startAsFollower
2023-09-07 20:32:33,968 [614edf31-22be-48a8-af09-2d4dd5301ee2-groupManagement] INFO  impl.RoleInfo (RoleInfo.java:updateAndGet(139)) - 614edf31-22be-48a8-af09-2d4dd5301ee2: start 614edf31-22be-48a8-af09-2d4dd5301ee2@group-3530F8C087DA-FollowerState
2023-09-07 20:32:33,969 [614edf31-22be-48a8-af09-2d4dd5301ee2-groupManagement] INFO  util.JmxRegister (JmxRegister.java:tryRegister(44)) - Successfully registered JMX Bean with object name Ratis:service=RaftServer,group=group-3530F8C087DA,id=614edf31-22be-48a8-af09-2d4dd5301ee2
2023-09-07 20:32:33,969 [614edf31-22be-48a8-af09-2d4dd5301ee2@group-3530F8C087DA-FollowerState] INFO  server.RaftServerConfigKeys (ConfUtils.java:logFallback(53)) - raft.server.rpc.first-election.timeout.min = 5s (fallback to raft.server.rpc.timeout.min)
2023-09-07 20:32:33,969 [614edf31-22be-48a8-af09-2d4dd5301ee2-groupManagement] INFO  server.RaftServerConfigKeys (ConfUtils.java:logGet(46)) - raft.server.snapshot.auto.trigger.enabled = true (custom)
2023-09-07 20:32:33,969 [614edf31-22be-48a8-af09-2d4dd5301ee2@group-3530F8C087DA-FollowerState] INFO  server.RaftServerConfigKeys (ConfUtils.java:logFallback(53)) - raft.server.rpc.first-election.timeout.max = 5200ms (fallback to raft.server.rpc.timeout.max)
2023-09-07 20:32:33,969 [614edf31-22be-48a8-af09-2d4dd5301ee2-groupManagement] INFO  server.RaftServerConfigKeys (ConfUtils.java:logGet(46)) - raft.server.snapshot.auto.trigger.threshold = 10000 (custom)
2023-09-07 20:32:33,969 [614edf31-22be-48a8-af09-2d4dd5301ee2-groupManagement] INFO  server.RaftServerConfigKeys (ConfUtils.java:logGet(46)) - raft.server.snapshot.retention.file.num = 5 (custom)
2023-09-07 20:32:33,969 [614edf31-22be-48a8-af09-2d4dd5301ee2-groupManagement] INFO  server.RaftServerConfigKeys (ConfUtils.java:logGet(46)) - raft.server.log.purge.upto.snapshot.index = false (default)
2023-09-07 20:32:33,970 [PipelineCommandHandlerThread-0] INFO  ratis.XceiverServerRatis (XceiverServerRatis.java:addGroup(804)) - Created group PipelineID=4d2488b6-bf5d-42b5-a00c-3530f8c087da
2023-09-07 20:32:33,982 [grpc-default-executor-0] INFO  server.RaftServer (RaftServerProxy.java:addNew(98)) - 0f4389f5-8f89-483a-970a-d84001bccdfd: addNew group-3530F8C087DA:[0f4389f5-8f89-483a-970a-d84001bccdfd|rpc:10.1.0.11:15191|admin:10.1.0.11:15190|client:10.1.0.11:15189|dataStream:10.1.0.11:15192|priority:1|startupRole:FOLLOWER, 614edf31-22be-48a8-af09-2d4dd5301ee2|rpc:10.1.0.11:15173|admin:10.1.0.11:15172|client:10.1.0.11:15171|dataStream:10.1.0.11:15174|priority:0|startupRole:FOLLOWER, 18956b72-3f9a-4d33-a14d-cbde511355b4|rpc:10.1.0.11:15182|admin:10.1.0.11:15181|client:10.1.0.11:15180|dataStream:10.1.0.11:15183|priority:0|startupRole:FOLLOWER] returns group-3530F8C087DA:java.util.concurrent.CompletableFuture@45187bae[Not completed]
2023-09-07 20:32:33,983 [0f4389f5-8f89-483a-970a-d84001bccdfd-groupManagement] INFO  server.RaftServer$Division (RaftServerImpl.java:<init>(198)) - 0f4389f5-8f89-483a-970a-d84001bccdfd: new RaftServerImpl for group-3530F8C087DA:[0f4389f5-8f89-483a-970a-d84001bccdfd|rpc:10.1.0.11:15191|admin:10.1.0.11:15190|client:10.1.0.11:15189|dataStream:10.1.0.11:15192|priority:1|startupRole:FOLLOWER, 614edf31-22be-48a8-af09-2d4dd5301ee2|rpc:10.1.0.11:15173|admin:10.1.0.11:15172|client:10.1.0.11:15171|dataStream:10.1.0.11:15174|priority:0|startupRole:FOLLOWER, 18956b72-3f9a-4d33-a14d-cbde511355b4|rpc:10.1.0.11:15182|admin:10.1.0.11:15181|client:10.1.0.11:15180|dataStream:10.1.0.11:15183|priority:0|startupRole:FOLLOWER] with ContainerStateMachine:uninitialized
2023-09-07 20:32:33,983 [0f4389f5-8f89-483a-970a-d84001bccdfd-groupManagement] INFO  server.RaftServerConfigKeys (ConfUtils.java:logGet(46)) - raft.server.rpc.timeout.min = 5s (custom)
2023-09-07 20:32:33,983 [0f4389f5-8f89-483a-970a-d84001bccdfd-groupManagement] INFO  server.RaftServerConfigKeys (ConfUtils.java:logGet(46)) - raft.server.rpc.timeout.max = 5200ms (custom)
2023-09-07 20:32:33,983 [0f4389f5-8f89-483a-970a-d84001bccdfd-groupManagement] INFO  server.RaftServerConfigKeys (ConfUtils.java:logGet(46)) - raft.server.rpc.sleep.time = 25ms (default)
2023-09-07 20:32:33,983 [0f4389f5-8f89-483a-970a-d84001bccdfd-groupManagement] INFO  server.RaftServerConfigKeys (ConfUtils.java:logGet(46)) - raft.server.rpc.slowness.timeout = 300s (custom)
2023-09-07 20:32:33,983 [0f4389f5-8f89-483a-970a-d84001bccdfd-groupManagement] INFO  server.RaftServerConfigKeys (ConfUtils.java:logGet(46)) - raft.server.leaderelection.leader.step-down.wait-time = 10s (default)
2023-09-07 20:32:33,983 [0f4389f5-8f89-483a-970a-d84001bccdfd-groupManagement] INFO  server.RaftServerConfigKeys (ConfUtils.java:logGet(46)) - raft.server.sleep.deviation.threshold = 300ms (default)
2023-09-07 20:32:33,983 [0f4389f5-8f89-483a-970a-d84001bccdfd-groupManagement] INFO  server.RaftServer$Division (ServerState.java:<init>(120)) - 0f4389f5-8f89-483a-970a-d84001bccdfd@group-3530F8C087DA: ConfigurationManager, init=-1: peers:[0f4389f5-8f89-483a-970a-d84001bccdfd|rpc:10.1.0.11:15191|admin:10.1.0.11:15190|client:10.1.0.11:15189|dataStream:10.1.0.11:15192|priority:1|startupRole:FOLLOWER, 614edf31-22be-48a8-af09-2d4dd5301ee2|rpc:10.1.0.11:15173|admin:10.1.0.11:15172|client:10.1.0.11:15171|dataStream:10.1.0.11:15174|priority:0|startupRole:FOLLOWER, 18956b72-3f9a-4d33-a14d-cbde511355b4|rpc:10.1.0.11:15182|admin:10.1.0.11:15181|client:10.1.0.11:15180|dataStream:10.1.0.11:15183|priority:0|startupRole:FOLLOWER]|listeners:[], old=null, confs=<EMPTY_MAP>
2023-09-07 20:32:33,984 [0f4389f5-8f89-483a-970a-d84001bccdfd-groupManagement] INFO  server.RaftServerConfigKeys (ConfUtils.java:logGet(46)) - raft.server.storage.dir = [/home/runner/work/ozone/ozone/hadoop-ozone/integration-test/target/test-dir/MiniOzoneClusterImpl-5752d0ac-6059-42ff-b166-1d3c6b9f978d/datanode-2/data/ratis] (custom)
2023-09-07 20:32:33,984 [0f4389f5-8f89-483a-970a-d84001bccdfd-groupManagement] INFO  server.RaftServerConfigKeys (ConfUtils.java:logGet(46)) - raft.server.log.corruption.policy = EXCEPTION (default)
2023-09-07 20:32:33,984 [0f4389f5-8f89-483a-970a-d84001bccdfd-groupManagement] INFO  server.RaftServerConfigKeys (ConfUtils.java:logGet(46)) - raft.server.storage.free-space.min = 0MB (=0) (default)
2023-09-07 20:32:33,984 [0f4389f5-8f89-483a-970a-d84001bccdfd-groupManagement] INFO  server.RaftServerConfigKeys (ConfUtils.java:logGet(46)) - raft.server.notification.no-leader.timeout = 300s (custom)
2023-09-07 20:32:33,984 [0f4389f5-8f89-483a-970a-d84001bccdfd-groupManagement] INFO  server.RaftServerConfigKeys (ConfUtils.java:logGet(46)) - raft.server.read.timeout = 10s (default)
2023-09-07 20:32:33,984 [0f4389f5-8f89-483a-970a-d84001bccdfd-groupManagement] INFO  server.RaftServerConfigKeys (ConfUtils.java:logGet(46)) - raft.server.retrycache.expirytime = 600000ms (custom)
2023-09-07 20:32:33,984 [0f4389f5-8f89-483a-970a-d84001bccdfd-groupManagement] INFO  server.RaftServerConfigKeys (ConfUtils.java:logGet(46)) - raft.server.retrycache.statistics.expirytime = 100μs (default)
2023-09-07 20:32:33,984 [0f4389f5-8f89-483a-970a-d84001bccdfd-groupManagement] INFO  server.RaftServerConfigKeys (ConfUtils.java:logGet(46)) - raft.server.read.option = DEFAULT (default)
2023-09-07 20:32:33,985 [0f4389f5-8f89-483a-970a-d84001bccdfd-groupManagement] INFO  server.RaftServerConfigKeys (ConfUtils.java:logGet(46)) - raft.server.rpc.request.timeout = 60s (custom)
2023-09-07 20:32:33,985 [0f4389f5-8f89-483a-970a-d84001bccdfd-groupManagement] INFO  server.RaftServerConfigKeys (ConfUtils.java:logGet(46)) - raft.server.log.appender.install.snapshot.enabled = false (custom)
2023-09-07 20:32:33,985 [0f4389f5-8f89-483a-970a-d84001bccdfd-groupManagement] INFO  server.RaftServerConfigKeys (ConfUtils.java:logGet(46)) - raft.server.threadpool.server.cached = true (default)
2023-09-07 20:32:33,985 [0f4389f5-8f89-483a-970a-d84001bccdfd-groupManagement] INFO  server.RaftServerConfigKeys (ConfUtils.java:logGet(46)) - raft.server.threadpool.server.size = 0 (default)
2023-09-07 20:32:33,985 [0f4389f5-8f89-483a-970a-d84001bccdfd-groupManagement] INFO  server.RaftServerConfigKeys (ConfUtils.java:logGet(46)) - raft.server.threadpool.client.cached = true (default)
2023-09-07 20:32:33,985 [0f4389f5-8f89-483a-970a-d84001bccdfd-groupManagement] INFO  server.RaftServerConfigKeys (ConfUtils.java:logGet(46)) - raft.server.threadpool.client.size = 0 (default)
2023-09-07 20:32:33,985 [0f4389f5-8f89-483a-970a-d84001bccdfd-groupManagement] INFO  storage.RaftStorageDirectory (RaftStorageDirectoryImpl.java:analyzeStorage(137)) - The storage directory /home/runner/work/ozone/ozone/hadoop-ozone/integration-test/target/test-dir/MiniOzoneClusterImpl-5752d0ac-6059-42ff-b166-1d3c6b9f978d/datanode-2/data/ratis/4d2488b6-bf5d-42b5-a00c-3530f8c087da does not exist. Creating ...
2023-09-07 20:32:33,987 [0f4389f5-8f89-483a-970a-d84001bccdfd-groupManagement] INFO  storage.RaftStorageDirectory (RaftStorageDirectoryImpl.java:tryLock(231)) - Lock on /home/runner/work/ozone/ozone/hadoop-ozone/integration-test/target/test-dir/MiniOzoneClusterImpl-5752d0ac-6059-42ff-b166-1d3c6b9f978d/datanode-2/data/ratis/4d2488b6-bf5d-42b5-a00c-3530f8c087da/in_use.lock acquired by nodename 7625@fv-az259-394
2023-09-07 20:32:33,988 [0f4389f5-8f89-483a-970a-d84001bccdfd-groupManagement] INFO  storage.RaftStorage (RaftStorageImpl.java:format(96)) - Storage directory /home/runner/work/ozone/ozone/hadoop-ozone/integration-test/target/test-dir/MiniOzoneClusterImpl-5752d0ac-6059-42ff-b166-1d3c6b9f978d/datanode-2/data/ratis/4d2488b6-bf5d-42b5-a00c-3530f8c087da has been successfully formatted.
2023-09-07 20:32:33,989 [0f4389f5-8f89-483a-970a-d84001bccdfd-groupManagement] INFO  ratis.ContainerStateMachine (ContainerStateMachine.java:loadSnapshot(262)) - group-3530F8C087DA: The snapshot info is null. Setting the last applied indexto:(t:0, i:~)
2023-09-07 20:32:33,989 [0f4389f5-8f89-483a-970a-d84001bccdfd-groupManagement] INFO  server.RaftServerConfigKeys (ConfUtils.java:logGet(46)) - raft.server.log.use.memory = false (default)
2023-09-07 20:32:33,989 [0f4389f5-8f89-483a-970a-d84001bccdfd-groupManagement] INFO  server.RaftServerConfigKeys (ConfUtils.java:logGet(46)) - raft.server.log.purge.gap = 1000000 (custom)
2023-09-07 20:32:33,989 [0f4389f5-8f89-483a-970a-d84001bccdfd-groupManagement] INFO  server.RaftServerConfigKeys (ConfUtils.java:logGet(46)) - raft.server.log.appender.buffer.byte-limit = 33554432 (custom)
2023-09-07 20:32:33,990 [0f4389f5-8f89-483a-970a-d84001bccdfd-groupManagement] INFO  server.RaftServerConfigKeys (ConfUtils.java:logGet(46)) - raft.server.log.statemachine.data.read.timeout = 1000ms (default)
2023-09-07 20:32:33,990 [0f4389f5-8f89-483a-970a-d84001bccdfd-groupManagement] INFO  server.RaftServerConfigKeys (ConfUtils.java:logGet(46)) - raft.server.log.purge.preservation.log.num = 0 (default)
2023-09-07 20:32:33,990 [0f4389f5-8f89-483a-970a-d84001bccdfd-groupManagement] INFO  server.RaftServerConfigKeys (ConfUtils.java:logGet(46)) - raft.server.log.segment.size.max = 1048576 (custom)
2023-09-07 20:32:33,990 [0f4389f5-8f89-483a-970a-d84001bccdfd-groupManagement] INFO  server.RaftServerConfigKeys (ConfUtils.java:logGet(46)) - raft.server.log.segment.cache.num.max = 2 (custom)
2023-09-07 20:32:33,990 [0f4389f5-8f89-483a-970a-d84001bccdfd-groupManagement] INFO  server.RaftServerConfigKeys (ConfUtils.java:logGet(46)) - raft.server.log.segment.cache.size.max = 200MB (=209715200) (default)
2023-09-07 20:32:33,990 [0f4389f5-8f89-483a-970a-d84001bccdfd-groupManagement] INFO  server.RaftServerConfigKeys (ConfUtils.java:logGet(46)) - raft.server.log.appender.buffer.byte-limit = 33554432 (custom)
2023-09-07 20:32:33,990 [0f4389f5-8f89-483a-970a-d84001bccdfd-groupManagement] INFO  segmented.SegmentedRaftLogWorker (SegmentedRaftLogWorker.java:<init>(188)) - new 0f4389f5-8f89-483a-970a-d84001bccdfd@group-3530F8C087DA-SegmentedRaftLogWorker for RaftStorageImpl:Storage Directory /home/runner/work/ozone/ozone/hadoop-ozone/integration-test/target/test-dir/MiniOzoneClusterImpl-5752d0ac-6059-42ff-b166-1d3c6b9f978d/datanode-2/data/ratis/4d2488b6-bf5d-42b5-a00c-3530f8c087da
2023-09-07 20:32:33,990 [0f4389f5-8f89-483a-970a-d84001bccdfd-groupManagement] INFO  server.RaftServerConfigKeys (ConfUtils.java:logGet(46)) - raft.server.log.queue.byte-limit = 4294967296 (custom)
2023-09-07 20:32:33,990 [0f4389f5-8f89-483a-970a-d84001bccdfd-groupManagement] INFO  server.RaftServerConfigKeys (ConfUtils.java:logGet(46)) - raft.server.log.queue.element-limit = 1024 (custom)
2023-09-07 20:32:33,990 [0f4389f5-8f89-483a-970a-d84001bccdfd-groupManagement] INFO  server.RaftServerConfigKeys (ConfUtils.java:logGet(46)) - raft.server.log.segment.size.max = 1048576 (custom)
2023-09-07 20:32:33,991 [0f4389f5-8f89-483a-970a-d84001bccdfd-groupManagement] INFO  server.RaftServerConfigKeys (ConfUtils.java:logGet(46)) - raft.server.log.preallocated.size = 16384 (custom)
2023-09-07 20:32:33,991 [0f4389f5-8f89-483a-970a-d84001bccdfd-groupManagement] INFO  server.RaftServerConfigKeys (ConfUtils.java:logGet(46)) - raft.server.log.force.sync.num = 128 (default)
2023-09-07 20:32:33,991 [0f4389f5-8f89-483a-970a-d84001bccdfd-groupManagement] INFO  server.RaftServerConfigKeys (ConfUtils.java:logGet(46)) - raft.server.log.statemachine.data.sync = true (default)
2023-09-07 20:32:33,991 [0f4389f5-8f89-483a-970a-d84001bccdfd-groupManagement] INFO  server.RaftServerConfigKeys (ConfUtils.java:logGet(46)) - raft.server.log.statemachine.data.sync.timeout = 10s (default)
2023-09-07 20:32:33,991 [0f4389f5-8f89-483a-970a-d84001bccdfd-groupManagement] INFO  server.RaftServerConfigKeys (ConfUtils.java:logGet(46)) - raft.server.log.statemachine.data.sync.timeout.retry = -1 (default)
2023-09-07 20:32:33,992 [0f4389f5-8f89-483a-970a-d84001bccdfd-groupManagement] INFO  server.RaftServerConfigKeys (ConfUtils.java:logGet(46)) - raft.server.log.write.buffer.size = 1048576 (custom)
2023-09-07 20:32:33,993 [0f4389f5-8f89-483a-970a-d84001bccdfd-groupManagement] INFO  server.RaftServerConfigKeys (ConfUtils.java:logGet(46)) - raft.server.log.appender.buffer.byte-limit = 33554432 (custom)
2023-09-07 20:32:33,999 [0f4389f5-8f89-483a-970a-d84001bccdfd-groupManagement] INFO  server.RaftServerConfigKeys (ConfUtils.java:logGet(46)) - raft.server.log.unsafe-flush.enabled = false (default)
2023-09-07 20:32:34,000 [0f4389f5-8f89-483a-970a-d84001bccdfd-groupManagement] INFO  server.RaftServerConfigKeys (ConfUtils.java:logGet(46)) - raft.server.log.async-flush.enabled = false (default)
2023-09-07 20:32:34,000 [0f4389f5-8f89-483a-970a-d84001bccdfd-groupManagement] INFO  server.RaftServerConfigKeys (ConfUtils.java:logGet(46)) - raft.server.log.statemachine.data.caching.enabled = true (custom)
2023-09-07 20:32:34,000 [0f4389f5-8f89-483a-970a-d84001bccdfd-groupManagement] INFO  segmented.SegmentedRaftLogWorker (SegmentedRaftLogWorker.java:lambda$new$0(135)) - 0f4389f5-8f89-483a-970a-d84001bccdfd@group-3530F8C087DA-SegmentedRaftLogWorker: flushIndex: setUnconditionally 0 -> -1
2023-09-07 20:32:34,000 [0f4389f5-8f89-483a-970a-d84001bccdfd-groupManagement] INFO  segmented.SegmentedRaftLogWorker (SegmentedRaftLogWorker.java:lambda$new$0(135)) - 0f4389f5-8f89-483a-970a-d84001bccdfd@group-3530F8C087DA-SegmentedRaftLogWorker: safeCacheEvictIndex: setUnconditionally 0 -> -1
2023-09-07 20:32:34,001 [0f4389f5-8f89-483a-970a-d84001bccdfd-groupManagement] INFO  server.RaftServer$Division (RaftServerImpl.java:start(342)) - 0f4389f5-8f89-483a-970a-d84001bccdfd@group-3530F8C087DA: start as a follower, conf=-1: peers:[0f4389f5-8f89-483a-970a-d84001bccdfd|rpc:10.1.0.11:15191|admin:10.1.0.11:15190|client:10.1.0.11:15189|dataStream:10.1.0.11:15192|priority:1|startupRole:FOLLOWER, 614edf31-22be-48a8-af09-2d4dd5301ee2|rpc:10.1.0.11:15173|admin:10.1.0.11:15172|client:10.1.0.11:15171|dataStream:10.1.0.11:15174|priority:0|startupRole:FOLLOWER, 18956b72-3f9a-4d33-a14d-cbde511355b4|rpc:10.1.0.11:15182|admin:10.1.0.11:15181|client:10.1.0.11:15180|dataStream:10.1.0.11:15183|priority:0|startupRole:FOLLOWER]|listeners:[], old=null
2023-09-07 20:32:34,001 [0f4389f5-8f89-483a-970a-d84001bccdfd-groupManagement] INFO  server.RaftServer$Division (RaftServerImpl.java:setRole(329)) - 0f4389f5-8f89-483a-970a-d84001bccdfd@group-3530F8C087DA: changes role from      null to FOLLOWER at term 0 for startAsFollower
2023-09-07 20:32:34,001 [0f4389f5-8f89-483a-970a-d84001bccdfd-groupManagement] INFO  impl.RoleInfo (RoleInfo.java:updateAndGet(139)) - 0f4389f5-8f89-483a-970a-d84001bccdfd: start 0f4389f5-8f89-483a-970a-d84001bccdfd@group-3530F8C087DA-FollowerState
2023-09-07 20:32:34,001 [0f4389f5-8f89-483a-970a-d84001bccdfd@group-3530F8C087DA-FollowerState] INFO  server.RaftServerConfigKeys (ConfUtils.java:logFallback(53)) - raft.server.rpc.first-election.timeout.min = 5s (fallback to raft.server.rpc.timeout.min)
2023-09-07 20:32:34,001 [0f4389f5-8f89-483a-970a-d84001bccdfd@group-3530F8C087DA-FollowerState] INFO  server.RaftServerConfigKeys (ConfUtils.java:logFallback(53)) - raft.server.rpc.first-election.timeout.max = 5200ms (fallback to raft.server.rpc.timeout.max)
2023-09-07 20:32:34,002 [0f4389f5-8f89-483a-970a-d84001bccdfd-groupManagement] INFO  util.JmxRegister (JmxRegister.java:tryRegister(44)) - Successfully registered JMX Bean with object name Ratis:service=RaftServer,group=group-3530F8C087DA,id=0f4389f5-8f89-483a-970a-d84001bccdfd
2023-09-07 20:32:34,002 [0f4389f5-8f89-483a-970a-d84001bccdfd-groupManagement] INFO  server.RaftServerConfigKeys (ConfUtils.java:logGet(46)) - raft.server.snapshot.auto.trigger.enabled = true (custom)
2023-09-07 20:32:34,002 [0f4389f5-8f89-483a-970a-d84001bccdfd-groupManagement] INFO  server.RaftServerConfigKeys (ConfUtils.java:logGet(46)) - raft.server.snapshot.auto.trigger.threshold = 10000 (custom)
2023-09-07 20:32:34,002 [0f4389f5-8f89-483a-970a-d84001bccdfd-groupManagement] INFO  server.RaftServerConfigKeys (ConfUtils.java:logGet(46)) - raft.server.snapshot.retention.file.num = 5 (custom)
2023-09-07 20:32:34,002 [0f4389f5-8f89-483a-970a-d84001bccdfd-groupManagement] INFO  server.RaftServerConfigKeys (ConfUtils.java:logGet(46)) - raft.server.log.purge.upto.snapshot.index = false (default)
2023-09-07 20:32:34,022 [grpc-default-executor-0] INFO  server.RaftServer (RaftServerProxy.java:addNew(98)) - 18956b72-3f9a-4d33-a14d-cbde511355b4: addNew group-3530F8C087DA:[0f4389f5-8f89-483a-970a-d84001bccdfd|rpc:10.1.0.11:15191|admin:10.1.0.11:15190|client:10.1.0.11:15189|dataStream:10.1.0.11:15192|priority:1|startupRole:FOLLOWER, 614edf31-22be-48a8-af09-2d4dd5301ee2|rpc:10.1.0.11:15173|admin:10.1.0.11:15172|client:10.1.0.11:15171|dataStream:10.1.0.11:15174|priority:0|startupRole:FOLLOWER, 18956b72-3f9a-4d33-a14d-cbde511355b4|rpc:10.1.0.11:15182|admin:10.1.0.11:15181|client:10.1.0.11:15180|dataStream:10.1.0.11:15183|priority:0|startupRole:FOLLOWER] returns group-3530F8C087DA:java.util.concurrent.CompletableFuture@66a6fded[Not completed]
2023-09-07 20:32:34,023 [18956b72-3f9a-4d33-a14d-cbde511355b4-groupManagement] INFO  server.RaftServer$Division (RaftServerImpl.java:<init>(198)) - 18956b72-3f9a-4d33-a14d-cbde511355b4: new RaftServerImpl for group-3530F8C087DA:[0f4389f5-8f89-483a-970a-d84001bccdfd|rpc:10.1.0.11:15191|admin:10.1.0.11:15190|client:10.1.0.11:15189|dataStream:10.1.0.11:15192|priority:1|startupRole:FOLLOWER, 614edf31-22be-48a8-af09-2d4dd5301ee2|rpc:10.1.0.11:15173|admin:10.1.0.11:15172|client:10.1.0.11:15171|dataStream:10.1.0.11:15174|priority:0|startupRole:FOLLOWER, 18956b72-3f9a-4d33-a14d-cbde511355b4|rpc:10.1.0.11:15182|admin:10.1.0.11:15181|client:10.1.0.11:15180|dataStream:10.1.0.11:15183|priority:0|startupRole:FOLLOWER] with ContainerStateMachine:uninitialized
2023-09-07 20:32:34,023 [18956b72-3f9a-4d33-a14d-cbde511355b4-groupManagement] INFO  server.RaftServerConfigKeys (ConfUtils.java:logGet(46)) - raft.server.rpc.timeout.min = 5s (custom)
2023-09-07 20:32:34,023 [18956b72-3f9a-4d33-a14d-cbde511355b4-groupManagement] INFO  server.RaftServerConfigKeys (ConfUtils.java:logGet(46)) - raft.server.rpc.timeout.max = 5200ms (custom)
2023-09-07 20:32:34,023 [18956b72-3f9a-4d33-a14d-cbde511355b4-groupManagement] INFO  server.RaftServerConfigKeys (ConfUtils.java:logGet(46)) - raft.server.rpc.sleep.time = 25ms (default)
2023-09-07 20:32:34,024 [18956b72-3f9a-4d33-a14d-cbde511355b4-groupManagement] INFO  server.RaftServerConfigKeys (ConfUtils.java:logGet(46)) - raft.server.rpc.slowness.timeout = 300s (custom)
2023-09-07 20:32:34,024 [18956b72-3f9a-4d33-a14d-cbde511355b4-groupManagement] INFO  server.RaftServerConfigKeys (ConfUtils.java:logGet(46)) - raft.server.leaderelection.leader.step-down.wait-time = 10s (default)
2023-09-07 20:32:34,024 [18956b72-3f9a-4d33-a14d-cbde511355b4-groupManagement] INFO  server.RaftServerConfigKeys (ConfUtils.java:logGet(46)) - raft.server.sleep.deviation.threshold = 300ms (default)
2023-09-07 20:32:34,024 [18956b72-3f9a-4d33-a14d-cbde511355b4-groupManagement] INFO  server.RaftServer$Division (ServerState.java:<init>(120)) - 18956b72-3f9a-4d33-a14d-cbde511355b4@group-3530F8C087DA: ConfigurationManager, init=-1: peers:[0f4389f5-8f89-483a-970a-d84001bccdfd|rpc:10.1.0.11:15191|admin:10.1.0.11:15190|client:10.1.0.11:15189|dataStream:10.1.0.11:15192|priority:1|startupRole:FOLLOWER, 614edf31-22be-48a8-af09-2d4dd5301ee2|rpc:10.1.0.11:15173|admin:10.1.0.11:15172|client:10.1.0.11:15171|dataStream:10.1.0.11:15174|priority:0|startupRole:FOLLOWER, 18956b72-3f9a-4d33-a14d-cbde511355b4|rpc:10.1.0.11:15182|admin:10.1.0.11:15181|client:10.1.0.11:15180|dataStream:10.1.0.11:15183|priority:0|startupRole:FOLLOWER]|listeners:[], old=null, confs=<EMPTY_MAP>
2023-09-07 20:32:34,024 [18956b72-3f9a-4d33-a14d-cbde511355b4-groupManagement] INFO  server.RaftServerConfigKeys (ConfUtils.java:logGet(46)) - raft.server.storage.dir = [/home/runner/work/ozone/ozone/hadoop-ozone/integration-test/target/test-dir/MiniOzoneClusterImpl-5752d0ac-6059-42ff-b166-1d3c6b9f978d/datanode-1/data/ratis] (custom)
2023-09-07 20:32:34,024 [18956b72-3f9a-4d33-a14d-cbde511355b4-groupManagement] INFO  server.RaftServerConfigKeys (ConfUtils.java:logGet(46)) - raft.server.log.corruption.policy = EXCEPTION (default)
2023-09-07 20:32:34,024 [18956b72-3f9a-4d33-a14d-cbde511355b4-groupManagement] INFO  server.RaftServerConfigKeys (ConfUtils.java:logGet(46)) - raft.server.storage.free-space.min = 0MB (=0) (default)
2023-09-07 20:32:34,024 [18956b72-3f9a-4d33-a14d-cbde511355b4-groupManagement] INFO  server.RaftServerConfigKeys (ConfUtils.java:logGet(46)) - raft.server.notification.no-leader.timeout = 300s (custom)
2023-09-07 20:32:34,024 [18956b72-3f9a-4d33-a14d-cbde511355b4-groupManagement] INFO  server.RaftServerConfigKeys (ConfUtils.java:logGet(46)) - raft.server.read.timeout = 10s (default)
2023-09-07 20:32:34,024 [18956b72-3f9a-4d33-a14d-cbde511355b4-groupManagement] INFO  server.RaftServerConfigKeys (ConfUtils.java:logGet(46)) - raft.server.retrycache.expirytime = 600000ms (custom)
2023-09-07 20:32:34,024 [18956b72-3f9a-4d33-a14d-cbde511355b4-groupManagement] INFO  server.RaftServerConfigKeys (ConfUtils.java:logGet(46)) - raft.server.retrycache.statistics.expirytime = 100μs (default)
2023-09-07 20:32:34,024 [18956b72-3f9a-4d33-a14d-cbde511355b4-groupManagement] INFO  server.RaftServerConfigKeys (ConfUtils.java:logGet(46)) - raft.server.read.option = DEFAULT (default)
2023-09-07 20:32:34,025 [18956b72-3f9a-4d33-a14d-cbde511355b4-groupManagement] INFO  server.RaftServerConfigKeys (ConfUtils.java:logGet(46)) - raft.server.rpc.request.timeout = 60s (custom)
2023-09-07 20:32:34,025 [18956b72-3f9a-4d33-a14d-cbde511355b4-groupManagement] INFO  server.RaftServerConfigKeys (ConfUtils.java:logGet(46)) - raft.server.log.appender.install.snapshot.enabled = false (custom)
2023-09-07 20:32:34,025 [18956b72-3f9a-4d33-a14d-cbde511355b4-groupManagement] INFO  server.RaftServerConfigKeys (ConfUtils.java:logGet(46)) - raft.server.threadpool.server.cached = true (default)
2023-09-07 20:32:34,025 [18956b72-3f9a-4d33-a14d-cbde511355b4-groupManagement] INFO  server.RaftServerConfigKeys (ConfUtils.java:logGet(46)) - raft.server.threadpool.server.size = 0 (default)
2023-09-07 20:32:34,026 [18956b72-3f9a-4d33-a14d-cbde511355b4-groupManagement] INFO  server.RaftServerConfigKeys (ConfUtils.java:logGet(46)) - raft.server.threadpool.client.cached = true (default)
2023-09-07 20:32:34,026 [18956b72-3f9a-4d33-a14d-cbde511355b4-groupManagement] INFO  server.RaftServerConfigKeys (ConfUtils.java:logGet(46)) - raft.server.threadpool.client.size = 0 (default)
2023-09-07 20:32:34,026 [18956b72-3f9a-4d33-a14d-cbde511355b4-groupManagement] INFO  storage.RaftStorageDirectory (RaftStorageDirectoryImpl.java:analyzeStorage(137)) - The storage directory /home/runner/work/ozone/ozone/hadoop-ozone/integration-test/target/test-dir/MiniOzoneClusterImpl-5752d0ac-6059-42ff-b166-1d3c6b9f978d/datanode-1/data/ratis/4d2488b6-bf5d-42b5-a00c-3530f8c087da does not exist. Creating ...
2023-09-07 20:32:34,027 [18956b72-3f9a-4d33-a14d-cbde511355b4-groupManagement] INFO  storage.RaftStorageDirectory (RaftStorageDirectoryImpl.java:tryLock(231)) - Lock on /home/runner/work/ozone/ozone/hadoop-ozone/integration-test/target/test-dir/MiniOzoneClusterImpl-5752d0ac-6059-42ff-b166-1d3c6b9f978d/datanode-1/data/ratis/4d2488b6-bf5d-42b5-a00c-3530f8c087da/in_use.lock acquired by nodename 7625@fv-az259-394
2023-09-07 20:32:34,029 [18956b72-3f9a-4d33-a14d-cbde511355b4-groupManagement] INFO  storage.RaftStorage (RaftStorageImpl.java:format(96)) - Storage directory /home/runner/work/ozone/ozone/hadoop-ozone/integration-test/target/test-dir/MiniOzoneClusterImpl-5752d0ac-6059-42ff-b166-1d3c6b9f978d/datanode-1/data/ratis/4d2488b6-bf5d-42b5-a00c-3530f8c087da has been successfully formatted.
2023-09-07 20:32:34,030 [18956b72-3f9a-4d33-a14d-cbde511355b4-groupManagement] INFO  ratis.ContainerStateMachine (ContainerStateMachine.java:loadSnapshot(262)) - group-3530F8C087DA: The snapshot info is null. Setting the last applied indexto:(t:0, i:~)
2023-09-07 20:32:34,030 [18956b72-3f9a-4d33-a14d-cbde511355b4-groupManagement] INFO  server.RaftServerConfigKeys (ConfUtils.java:logGet(46)) - raft.server.log.use.memory = false (default)
2023-09-07 20:32:34,030 [18956b72-3f9a-4d33-a14d-cbde511355b4-groupManagement] INFO  server.RaftServerConfigKeys (ConfUtils.java:logGet(46)) - raft.server.log.purge.gap = 1000000 (custom)
2023-09-07 20:32:34,030 [18956b72-3f9a-4d33-a14d-cbde511355b4-groupManagement] INFO  server.RaftServerConfigKeys (ConfUtils.java:logGet(46)) - raft.server.log.appender.buffer.byte-limit = 33554432 (custom)
2023-09-07 20:32:34,030 [18956b72-3f9a-4d33-a14d-cbde511355b4-groupManagement] INFO  server.RaftServerConfigKeys (ConfUtils.java:logGet(46)) - raft.server.log.statemachine.data.read.timeout = 1000ms (default)
2023-09-07 20:32:34,030 [18956b72-3f9a-4d33-a14d-cbde511355b4-groupManagement] INFO  server.RaftServerConfigKeys (ConfUtils.java:logGet(46)) - raft.server.log.purge.preservation.log.num = 0 (default)
2023-09-07 20:32:34,031 [18956b72-3f9a-4d33-a14d-cbde511355b4-groupManagement] INFO  server.RaftServerConfigKeys (ConfUtils.java:logGet(46)) - raft.server.log.segment.size.max = 1048576 (custom)
2023-09-07 20:32:34,031 [18956b72-3f9a-4d33-a14d-cbde511355b4-groupManagement] INFO  server.RaftServerConfigKeys (ConfUtils.java:logGet(46)) - raft.server.log.segment.cache.num.max = 2 (custom)
2023-09-07 20:32:34,031 [18956b72-3f9a-4d33-a14d-cbde511355b4-groupManagement] INFO  server.RaftServerConfigKeys (ConfUtils.java:logGet(46)) - raft.server.log.segment.cache.size.max = 200MB (=209715200) (default)
2023-09-07 20:32:34,031 [18956b72-3f9a-4d33-a14d-cbde511355b4-groupManagement] INFO  server.RaftServerConfigKeys (ConfUtils.java:logGet(46)) - raft.server.log.appender.buffer.byte-limit = 33554432 (custom)
2023-09-07 20:32:34,031 [18956b72-3f9a-4d33-a14d-cbde511355b4-groupManagement] INFO  segmented.SegmentedRaftLogWorker (SegmentedRaftLogWorker.java:<init>(188)) - new 18956b72-3f9a-4d33-a14d-cbde511355b4@group-3530F8C087DA-SegmentedRaftLogWorker for RaftStorageImpl:Storage Directory /home/runner/work/ozone/ozone/hadoop-ozone/integration-test/target/test-dir/MiniOzoneClusterImpl-5752d0ac-6059-42ff-b166-1d3c6b9f978d/datanode-1/data/ratis/4d2488b6-bf5d-42b5-a00c-3530f8c087da
2023-09-07 20:32:34,031 [18956b72-3f9a-4d33-a14d-cbde511355b4-groupManagement] INFO  server.RaftServerConfigKeys (ConfUtils.java:logGet(46)) - raft.server.log.queue.byte-limit = 4294967296 (custom)
2023-09-07 20:32:34,031 [18956b72-3f9a-4d33-a14d-cbde511355b4-groupManagement] INFO  server.RaftServerConfigKeys (ConfUtils.java:logGet(46)) - raft.server.log.queue.element-limit = 1024 (custom)
2023-09-07 20:32:34,031 [18956b72-3f9a-4d33-a14d-cbde511355b4-groupManagement] INFO  server.RaftServerConfigKeys (ConfUtils.java:logGet(46)) - raft.server.log.segment.size.max = 1048576 (custom)
2023-09-07 20:32:34,031 [18956b72-3f9a-4d33-a14d-cbde511355b4-groupManagement] INFO  server.RaftServerConfigKeys (ConfUtils.java:logGet(46)) - raft.server.log.preallocated.size = 16384 (custom)
2023-09-07 20:32:34,031 [18956b72-3f9a-4d33-a14d-cbde511355b4-groupManagement] INFO  server.RaftServerConfigKeys (ConfUtils.java:logGet(46)) - raft.server.log.force.sync.num = 128 (default)
2023-09-07 20:32:34,032 [18956b72-3f9a-4d33-a14d-cbde511355b4-groupManagement] INFO  server.RaftServerConfigKeys (ConfUtils.java:logGet(46)) - raft.server.log.statemachine.data.sync = true (default)
2023-09-07 20:32:34,032 [18956b72-3f9a-4d33-a14d-cbde511355b4-groupManagement] INFO  server.RaftServerConfigKeys (ConfUtils.java:logGet(46)) - raft.server.log.statemachine.data.sync.timeout = 10s (default)
2023-09-07 20:32:34,032 [18956b72-3f9a-4d33-a14d-cbde511355b4-groupManagement] INFO  server.RaftServerConfigKeys (ConfUtils.java:logGet(46)) - raft.server.log.statemachine.data.sync.timeout.retry = -1 (default)
2023-09-07 20:32:34,032 [18956b72-3f9a-4d33-a14d-cbde511355b4-groupManagement] INFO  server.RaftServerConfigKeys (ConfUtils.java:logGet(46)) - raft.server.log.write.buffer.size = 1048576 (custom)
2023-09-07 20:32:34,033 [18956b72-3f9a-4d33-a14d-cbde511355b4-groupManagement] INFO  server.RaftServerConfigKeys (ConfUtils.java:logGet(46)) - raft.server.log.appender.buffer.byte-limit = 33554432 (custom)
2023-09-07 20:32:34,043 [18956b72-3f9a-4d33-a14d-cbde511355b4-groupManagement] INFO  server.RaftServerConfigKeys (ConfUtils.java:logGet(46)) - raft.server.log.unsafe-flush.enabled = false (default)
2023-09-07 20:32:34,043 [18956b72-3f9a-4d33-a14d-cbde511355b4-groupManagement] INFO  server.RaftServerConfigKeys (ConfUtils.java:logGet(46)) - raft.server.log.async-flush.enabled = false (default)
2023-09-07 20:32:34,043 [18956b72-3f9a-4d33-a14d-cbde511355b4-groupManagement] INFO  server.RaftServerConfigKeys (ConfUtils.java:logGet(46)) - raft.server.log.statemachine.data.caching.enabled = true (custom)
2023-09-07 20:32:34,044 [18956b72-3f9a-4d33-a14d-cbde511355b4-groupManagement] INFO  segmented.SegmentedRaftLogWorker (SegmentedRaftLogWorker.java:lambda$new$0(135)) - 18956b72-3f9a-4d33-a14d-cbde511355b4@group-3530F8C087DA-SegmentedRaftLogWorker: flushIndex: setUnconditionally 0 -> -1
2023-09-07 20:32:34,044 [18956b72-3f9a-4d33-a14d-cbde511355b4-groupManagement] INFO  segmented.SegmentedRaftLogWorker (SegmentedRaftLogWorker.java:lambda$new$0(135)) - 18956b72-3f9a-4d33-a14d-cbde511355b4@group-3530F8C087DA-SegmentedRaftLogWorker: safeCacheEvictIndex: setUnconditionally 0 -> -1
2023-09-07 20:32:34,044 [18956b72-3f9a-4d33-a14d-cbde511355b4-groupManagement] INFO  server.RaftServer$Division (RaftServerImpl.java:start(342)) - 18956b72-3f9a-4d33-a14d-cbde511355b4@group-3530F8C087DA: start as a follower, conf=-1: peers:[0f4389f5-8f89-483a-970a-d84001bccdfd|rpc:10.1.0.11:15191|admin:10.1.0.11:15190|client:10.1.0.11:15189|dataStream:10.1.0.11:15192|priority:1|startupRole:FOLLOWER, 614edf31-22be-48a8-af09-2d4dd5301ee2|rpc:10.1.0.11:15173|admin:10.1.0.11:15172|client:10.1.0.11:15171|dataStream:10.1.0.11:15174|priority:0|startupRole:FOLLOWER, 18956b72-3f9a-4d33-a14d-cbde511355b4|rpc:10.1.0.11:15182|admin:10.1.0.11:15181|client:10.1.0.11:15180|dataStream:10.1.0.11:15183|priority:0|startupRole:FOLLOWER]|listeners:[], old=null
2023-09-07 20:32:34,044 [18956b72-3f9a-4d33-a14d-cbde511355b4-groupManagement] INFO  server.RaftServer$Division (RaftServerImpl.java:setRole(329)) - 18956b72-3f9a-4d33-a14d-cbde511355b4@group-3530F8C087DA: changes role from      null to FOLLOWER at term 0 for startAsFollower
2023-09-07 20:32:34,044 [18956b72-3f9a-4d33-a14d-cbde511355b4-groupManagement] INFO  impl.RoleInfo (RoleInfo.java:updateAndGet(139)) - 18956b72-3f9a-4d33-a14d-cbde511355b4: start 18956b72-3f9a-4d33-a14d-cbde511355b4@group-3530F8C087DA-FollowerState
2023-09-07 20:32:34,045 [18956b72-3f9a-4d33-a14d-cbde511355b4@group-3530F8C087DA-FollowerState] INFO  server.RaftServerConfigKeys (ConfUtils.java:logFallback(53)) - raft.server.rpc.first-election.timeout.min = 5s (fallback to raft.server.rpc.timeout.min)
2023-09-07 20:32:34,045 [18956b72-3f9a-4d33-a14d-cbde511355b4-groupManagement] INFO  util.JmxRegister (JmxRegister.java:tryRegister(44)) - Successfully registered JMX Bean with object name Ratis:service=RaftServer,group=group-3530F8C087DA,id=18956b72-3f9a-4d33-a14d-cbde511355b4
2023-09-07 20:32:34,046 [18956b72-3f9a-4d33-a14d-cbde511355b4@group-3530F8C087DA-FollowerState] INFO  server.RaftServerConfigKeys (ConfUtils.java:logFallback(53)) - raft.server.rpc.first-election.timeout.max = 5200ms (fallback to raft.server.rpc.timeout.max)
2023-09-07 20:32:34,046 [18956b72-3f9a-4d33-a14d-cbde511355b4-groupManagement] INFO  server.RaftServerConfigKeys (ConfUtils.java:logGet(46)) - raft.server.snapshot.auto.trigger.enabled = true (custom)
2023-09-07 20:32:34,046 [18956b72-3f9a-4d33-a14d-cbde511355b4-groupManagement] INFO  server.RaftServerConfigKeys (ConfUtils.java:logGet(46)) - raft.server.snapshot.auto.trigger.threshold = 10000 (custom)
2023-09-07 20:32:34,046 [18956b72-3f9a-4d33-a14d-cbde511355b4-groupManagement] INFO  server.RaftServerConfigKeys (ConfUtils.java:logGet(46)) - raft.server.snapshot.retention.file.num = 5 (custom)
2023-09-07 20:32:34,046 [18956b72-3f9a-4d33-a14d-cbde511355b4-groupManagement] INFO  server.RaftServerConfigKeys (ConfUtils.java:logGet(46)) - raft.server.log.purge.upto.snapshot.index = false (default)
2023-09-07 20:32:34,054 [PipelineCommandHandlerThread-0] INFO  commandhandler.CreatePipelineCommandHandler (CreatePipelineCommandHandler.java:lambda$handle$2(124)) - Created Pipeline RATIS THREE PipelineID=4d2488b6-bf5d-42b5-a00c-3530f8c087da.
2023-09-07 20:32:34,261 [PipelineCommandHandlerThread-0] INFO  server.RaftServer (RaftServerProxy.java:addNew(98)) - 18956b72-3f9a-4d33-a14d-cbde511355b4: addNew group-AA12A69C590D:[18956b72-3f9a-4d33-a14d-cbde511355b4|rpc:10.1.0.11:15182|admin:10.1.0.11:15181|client:10.1.0.11:15180|dataStream:10.1.0.11:15183|priority:1|startupRole:FOLLOWER] returns group-AA12A69C590D:java.util.concurrent.CompletableFuture@468792f2[Not completed]
2023-09-07 20:32:34,262 [18956b72-3f9a-4d33-a14d-cbde511355b4-groupManagement] INFO  server.RaftServer$Division (RaftServerImpl.java:<init>(198)) - 18956b72-3f9a-4d33-a14d-cbde511355b4: new RaftServerImpl for group-AA12A69C590D:[18956b72-3f9a-4d33-a14d-cbde511355b4|rpc:10.1.0.11:15182|admin:10.1.0.11:15181|client:10.1.0.11:15180|dataStream:10.1.0.11:15183|priority:1|startupRole:FOLLOWER] with ContainerStateMachine:uninitialized
2023-09-07 20:32:34,262 [18956b72-3f9a-4d33-a14d-cbde511355b4-groupManagement] INFO  server.RaftServerConfigKeys (ConfUtils.java:logGet(46)) - raft.server.rpc.timeout.min = 5s (custom)
2023-09-07 20:32:34,262 [18956b72-3f9a-4d33-a14d-cbde511355b4-groupManagement] INFO  server.RaftServerConfigKeys (ConfUtils.java:logGet(46)) - raft.server.rpc.timeout.max = 5200ms (custom)
2023-09-07 20:32:34,263 [18956b72-3f9a-4d33-a14d-cbde511355b4-groupManagement] INFO  server.RaftServerConfigKeys (ConfUtils.java:logGet(46)) - raft.server.rpc.sleep.time = 25ms (default)
2023-09-07 20:32:34,263 [18956b72-3f9a-4d33-a14d-cbde511355b4-groupManagement] INFO  server.RaftServerConfigKeys (ConfUtils.java:logGet(46)) - raft.server.rpc.slowness.timeout = 300s (custom)
2023-09-07 20:32:34,264 [18956b72-3f9a-4d33-a14d-cbde511355b4-groupManagement] INFO  server.RaftServerConfigKeys (ConfUtils.java:logGet(46)) - raft.server.leaderelection.leader.step-down.wait-time = 10s (default)
2023-09-07 20:32:34,264 [18956b72-3f9a-4d33-a14d-cbde511355b4-groupManagement] INFO  server.RaftServerConfigKeys (ConfUtils.java:logGet(46)) - raft.server.sleep.deviation.threshold = 300ms (default)
2023-09-07 20:32:34,264 [18956b72-3f9a-4d33-a14d-cbde511355b4-groupManagement] INFO  server.RaftServer$Division (ServerState.java:<init>(120)) - 18956b72-3f9a-4d33-a14d-cbde511355b4@group-AA12A69C590D: ConfigurationManager, init=-1: peers:[18956b72-3f9a-4d33-a14d-cbde511355b4|rpc:10.1.0.11:15182|admin:10.1.0.11:15181|client:10.1.0.11:15180|dataStream:10.1.0.11:15183|priority:1|startupRole:FOLLOWER]|listeners:[], old=null, confs=<EMPTY_MAP>
2023-09-07 20:32:34,265 [18956b72-3f9a-4d33-a14d-cbde511355b4-groupManagement] INFO  server.RaftServerConfigKeys (ConfUtils.java:logGet(46)) - raft.server.storage.dir = [/home/runner/work/ozone/ozone/hadoop-ozone/integration-test/target/test-dir/MiniOzoneClusterImpl-5752d0ac-6059-42ff-b166-1d3c6b9f978d/datanode-1/data/ratis] (custom)
2023-09-07 20:32:34,265 [18956b72-3f9a-4d33-a14d-cbde511355b4-groupManagement] INFO  server.RaftServerConfigKeys (ConfUtils.java:logGet(46)) - raft.server.log.corruption.policy = EXCEPTION (default)
2023-09-07 20:32:34,265 [18956b72-3f9a-4d33-a14d-cbde511355b4-groupManagement] INFO  server.RaftServerConfigKeys (ConfUtils.java:logGet(46)) - raft.server.storage.free-space.min = 0MB (=0) (default)
2023-09-07 20:32:34,265 [18956b72-3f9a-4d33-a14d-cbde511355b4-groupManagement] INFO  server.RaftServerConfigKeys (ConfUtils.java:logGet(46)) - raft.server.notification.no-leader.timeout = 300s (custom)
2023-09-07 20:32:34,265 [18956b72-3f9a-4d33-a14d-cbde511355b4-groupManagement] INFO  server.RaftServerConfigKeys (ConfUtils.java:logGet(46)) - raft.server.read.timeout = 10s (default)
2023-09-07 20:32:34,265 [18956b72-3f9a-4d33-a14d-cbde511355b4-groupManagement] INFO  server.RaftServerConfigKeys (ConfUtils.java:logGet(46)) - raft.server.retrycache.expirytime = 600000ms (custom)
2023-09-07 20:32:34,265 [18956b72-3f9a-4d33-a14d-cbde511355b4-groupManagement] INFO  server.RaftServerConfigKeys (ConfUtils.java:logGet(46)) - raft.server.retrycache.statistics.expirytime = 100μs (default)
2023-09-07 20:32:34,266 [18956b72-3f9a-4d33-a14d-cbde511355b4-groupManagement] INFO  server.RaftServerConfigKeys (ConfUtils.java:logGet(46)) - raft.server.read.option = DEFAULT (default)
2023-09-07 20:32:34,266 [18956b72-3f9a-4d33-a14d-cbde511355b4-groupManagement] INFO  server.RaftServerConfigKeys (ConfUtils.java:logGet(46)) - raft.server.rpc.request.timeout = 60s (custom)
2023-09-07 20:32:34,266 [18956b72-3f9a-4d33-a14d-cbde511355b4-groupManagement] INFO  server.RaftServerConfigKeys (ConfUtils.java:logGet(46)) - raft.server.log.appender.install.snapshot.enabled = false (custom)
2023-09-07 20:32:34,266 [18956b72-3f9a-4d33-a14d-cbde511355b4-groupManagement] INFO  server.RaftServerConfigKeys (ConfUtils.java:logGet(46)) - raft.server.threadpool.server.cached = true (default)
2023-09-07 20:32:34,266 [18956b72-3f9a-4d33-a14d-cbde511355b4-groupManagement] INFO  server.RaftServerConfigKeys (ConfUtils.java:logGet(46)) - raft.server.threadpool.server.size = 0 (default)
2023-09-07 20:32:34,266 [18956b72-3f9a-4d33-a14d-cbde511355b4-groupManagement] INFO  server.RaftServerConfigKeys (ConfUtils.java:logGet(46)) - raft.server.threadpool.client.cached = true (default)
2023-09-07 20:32:34,266 [18956b72-3f9a-4d33-a14d-cbde511355b4-groupManagement] INFO  server.RaftServerConfigKeys (ConfUtils.java:logGet(46)) - raft.server.threadpool.client.size = 0 (default)
2023-09-07 20:32:34,267 [18956b72-3f9a-4d33-a14d-cbde511355b4-groupManagement] INFO  storage.RaftStorageDirectory (RaftStorageDirectoryImpl.java:analyzeStorage(137)) - The storage directory /home/runner/work/ozone/ozone/hadoop-ozone/integration-test/target/test-dir/MiniOzoneClusterImpl-5752d0ac-6059-42ff-b166-1d3c6b9f978d/datanode-1/data/ratis/7c71b2b0-36c6-4243-a50f-aa12a69c590d does not exist. Creating ...
2023-09-07 20:32:34,268 [18956b72-3f9a-4d33-a14d-cbde511355b4-groupManagement] INFO  storage.RaftStorageDirectory (RaftStorageDirectoryImpl.java:tryLock(231)) - Lock on /home/runner/work/ozone/ozone/hadoop-ozone/integration-test/target/test-dir/MiniOzoneClusterImpl-5752d0ac-6059-42ff-b166-1d3c6b9f978d/datanode-1/data/ratis/7c71b2b0-36c6-4243-a50f-aa12a69c590d/in_use.lock acquired by nodename 7625@fv-az259-394
2023-09-07 20:32:34,270 [18956b72-3f9a-4d33-a14d-cbde511355b4-groupManagement] INFO  storage.RaftStorage (RaftStorageImpl.java:format(96)) - Storage directory /home/runner/work/ozone/ozone/hadoop-ozone/integration-test/target/test-dir/MiniOzoneClusterImpl-5752d0ac-6059-42ff-b166-1d3c6b9f978d/datanode-1/data/ratis/7c71b2b0-36c6-4243-a50f-aa12a69c590d has been successfully formatted.
2023-09-07 20:32:34,271 [18956b72-3f9a-4d33-a14d-cbde511355b4-groupManagement] INFO  ratis.ContainerStateMachine (ContainerStateMachine.java:loadSnapshot(262)) - group-AA12A69C590D: The snapshot info is null. Setting the last applied indexto:(t:0, i:~)
2023-09-07 20:32:34,272 [EventQueue-PipelineReportForPipelineReportHandler] INFO  pipeline.PipelineReportHandler (PipelineReportHandler.java:processPipelineReport(136)) - Opened pipeline PipelineID=7c71b2b0-36c6-4243-a50f-aa12a69c590d
2023-09-07 20:32:34,272 [EventQueue-OpenPipelineForHealthyPipelineSafeModeRule] INFO  safemode.SCMSafeModeManager (HealthyPipelineSafeModeRule.java:process(137)) - SCM in safe mode. Healthy pipelines reported count is 0, required healthy pipeline reported count is 1
2023-09-07 20:32:34,275 [18956b72-3f9a-4d33-a14d-cbde511355b4-groupManagement] INFO  server.RaftServerConfigKeys (ConfUtils.java:logGet(46)) - raft.server.log.use.memory = false (default)
2023-09-07 20:32:34,275 [18956b72-3f9a-4d33-a14d-cbde511355b4-groupManagement] INFO  server.RaftServerConfigKeys (ConfUtils.java:logGet(46)) - raft.server.log.purge.gap = 1000000 (custom)
2023-09-07 20:32:34,275 [18956b72-3f9a-4d33-a14d-cbde511355b4-groupManagement] INFO  server.RaftServerConfigKeys (ConfUtils.java:logGet(46)) - raft.server.log.appender.buffer.byte-limit = 33554432 (custom)
2023-09-07 20:32:34,275 [18956b72-3f9a-4d33-a14d-cbde511355b4-groupManagement] INFO  server.RaftServerConfigKeys (ConfUtils.java:logGet(46)) - raft.server.log.statemachine.data.read.timeout = 1000ms (default)
2023-09-07 20:32:34,275 [18956b72-3f9a-4d33-a14d-cbde511355b4-groupManagement] INFO  server.RaftServerConfigKeys (ConfUtils.java:logGet(46)) - raft.server.log.purge.preservation.log.num = 0 (default)
2023-09-07 20:32:34,275 [18956b72-3f9a-4d33-a14d-cbde511355b4-groupManagement] INFO  server.RaftServerConfigKeys (ConfUtils.java:logGet(46)) - raft.server.log.segment.size.max = 1048576 (custom)
2023-09-07 20:32:34,275 [18956b72-3f9a-4d33-a14d-cbde511355b4-groupManagement] INFO  server.RaftServerConfigKeys (ConfUtils.java:logGet(46)) - raft.server.log.segment.cache.num.max = 2 (custom)
2023-09-07 20:32:34,275 [18956b72-3f9a-4d33-a14d-cbde511355b4-groupManagement] INFO  server.RaftServerConfigKeys (ConfUtils.java:logGet(46)) - raft.server.log.segment.cache.size.max = 200MB (=209715200) (default)
2023-09-07 20:32:34,276 [18956b72-3f9a-4d33-a14d-cbde511355b4-groupManagement] INFO  server.RaftServerConfigKeys (ConfUtils.java:logGet(46)) - raft.server.log.appender.buffer.byte-limit = 33554432 (custom)
2023-09-07 20:32:34,276 [18956b72-3f9a-4d33-a14d-cbde511355b4-groupManagement] INFO  segmented.SegmentedRaftLogWorker (SegmentedRaftLogWorker.java:<init>(188)) - new 18956b72-3f9a-4d33-a14d-cbde511355b4@group-AA12A69C590D-SegmentedRaftLogWorker for RaftStorageImpl:Storage Directory /home/runner/work/ozone/ozone/hadoop-ozone/integration-test/target/test-dir/MiniOzoneClusterImpl-5752d0ac-6059-42ff-b166-1d3c6b9f978d/datanode-1/data/ratis/7c71b2b0-36c6-4243-a50f-aa12a69c590d
2023-09-07 20:32:34,276 [18956b72-3f9a-4d33-a14d-cbde511355b4-groupManagement] INFO  server.RaftServerConfigKeys (ConfUtils.java:logGet(46)) - raft.server.log.queue.byte-limit = 4294967296 (custom)
2023-09-07 20:32:34,276 [18956b72-3f9a-4d33-a14d-cbde511355b4-groupManagement] INFO  server.RaftServerConfigKeys (ConfUtils.java:logGet(46)) - raft.server.log.queue.element-limit = 1024 (custom)
2023-09-07 20:32:34,276 [18956b72-3f9a-4d33-a14d-cbde511355b4-groupManagement] INFO  server.RaftServerConfigKeys (ConfUtils.java:logGet(46)) - raft.server.log.segment.size.max = 1048576 (custom)
2023-09-07 20:32:34,276 [18956b72-3f9a-4d33-a14d-cbde511355b4-groupManagement] INFO  server.RaftServerConfigKeys (ConfUtils.java:logGet(46)) - raft.server.log.preallocated.size = 16384 (custom)
2023-09-07 20:32:34,276 [18956b72-3f9a-4d33-a14d-cbde511355b4-groupManagement] INFO  server.RaftServerConfigKeys (ConfUtils.java:logGet(46)) - raft.server.log.force.sync.num = 128 (default)
2023-09-07 20:32:34,276 [18956b72-3f9a-4d33-a14d-cbde511355b4-groupManagement] INFO  server.RaftServerConfigKeys (ConfUtils.java:logGet(46)) - raft.server.log.statemachine.data.sync = true (default)
2023-09-07 20:32:34,276 [18956b72-3f9a-4d33-a14d-cbde511355b4-groupManagement] INFO  server.RaftServerConfigKeys (ConfUtils.java:logGet(46)) - raft.server.log.statemachine.data.sync.timeout = 10s (default)
2023-09-07 20:32:34,277 [18956b72-3f9a-4d33-a14d-cbde511355b4-groupManagement] INFO  server.RaftServerConfigKeys (ConfUtils.java:logGet(46)) - raft.server.log.statemachine.data.sync.timeout.retry = -1 (default)
2023-09-07 20:32:34,277 [18956b72-3f9a-4d33-a14d-cbde511355b4-groupManagement] INFO  server.RaftServerConfigKeys (ConfUtils.java:logGet(46)) - raft.server.log.write.buffer.size = 1048576 (custom)
2023-09-07 20:32:34,278 [18956b72-3f9a-4d33-a14d-cbde511355b4-groupManagement] INFO  server.RaftServerConfigKeys (ConfUtils.java:logGet(46)) - raft.server.log.appender.buffer.byte-limit = 33554432 (custom)
2023-09-07 20:32:34,285 [18956b72-3f9a-4d33-a14d-cbde511355b4-groupManagement] INFO  server.RaftServerConfigKeys (ConfUtils.java:logGet(46)) - raft.server.log.unsafe-flush.enabled = false (default)
2023-09-07 20:32:34,285 [18956b72-3f9a-4d33-a14d-cbde511355b4-groupManagement] INFO  server.RaftServerConfigKeys (ConfUtils.java:logGet(46)) - raft.server.log.async-flush.enabled = false (default)
2023-09-07 20:32:34,285 [18956b72-3f9a-4d33-a14d-cbde511355b4-groupManagement] INFO  server.RaftServerConfigKeys (ConfUtils.java:logGet(46)) - raft.server.log.statemachine.data.caching.enabled = true (custom)
2023-09-07 20:32:34,285 [18956b72-3f9a-4d33-a14d-cbde511355b4-groupManagement] INFO  segmented.SegmentedRaftLogWorker (SegmentedRaftLogWorker.java:lambda$new$0(135)) - 18956b72-3f9a-4d33-a14d-cbde511355b4@group-AA12A69C590D-SegmentedRaftLogWorker: flushIndex: setUnconditionally 0 -> -1
2023-09-07 20:32:34,286 [18956b72-3f9a-4d33-a14d-cbde511355b4-groupManagement] INFO  segmented.SegmentedRaftLogWorker (SegmentedRaftLogWorker.java:lambda$new$0(135)) - 18956b72-3f9a-4d33-a14d-cbde511355b4@group-AA12A69C590D-SegmentedRaftLogWorker: safeCacheEvictIndex: setUnconditionally 0 -> -1
2023-09-07 20:32:34,286 [18956b72-3f9a-4d33-a14d-cbde511355b4-groupManagement] INFO  server.RaftServer$Division (RaftServerImpl.java:start(342)) - 18956b72-3f9a-4d33-a14d-cbde511355b4@group-AA12A69C590D: start as a follower, conf=-1: peers:[18956b72-3f9a-4d33-a14d-cbde511355b4|rpc:10.1.0.11:15182|admin:10.1.0.11:15181|client:10.1.0.11:15180|dataStream:10.1.0.11:15183|priority:1|startupRole:FOLLOWER]|listeners:[], old=null
2023-09-07 20:32:34,286 [18956b72-3f9a-4d33-a14d-cbde511355b4-groupManagement] INFO  server.RaftServer$Division (RaftServerImpl.java:setRole(329)) - 18956b72-3f9a-4d33-a14d-cbde511355b4@group-AA12A69C590D: changes role from      null to FOLLOWER at term 0 for startAsFollower
2023-09-07 20:32:34,286 [18956b72-3f9a-4d33-a14d-cbde511355b4-groupManagement] INFO  impl.RoleInfo (RoleInfo.java:updateAndGet(139)) - 18956b72-3f9a-4d33-a14d-cbde511355b4: start 18956b72-3f9a-4d33-a14d-cbde511355b4@group-AA12A69C590D-FollowerState
2023-09-07 20:32:34,286 [18956b72-3f9a-4d33-a14d-cbde511355b4@group-AA12A69C590D-FollowerState] INFO  server.RaftServerConfigKeys (ConfUtils.java:logFallback(53)) - raft.server.rpc.first-election.timeout.min = 5s (fallback to raft.server.rpc.timeout.min)
2023-09-07 20:32:34,291 [18956b72-3f9a-4d33-a14d-cbde511355b4@group-AA12A69C590D-FollowerState] INFO  server.RaftServerConfigKeys (ConfUtils.java:logFallback(53)) - raft.server.rpc.first-election.timeout.max = 5200ms (fallback to raft.server.rpc.timeout.max)
2023-09-07 20:32:34,291 [18956b72-3f9a-4d33-a14d-cbde511355b4-groupManagement] INFO  util.JmxRegister (JmxRegister.java:tryRegister(44)) - Successfully registered JMX Bean with object name Ratis:service=RaftServer,group=group-AA12A69C590D,id=18956b72-3f9a-4d33-a14d-cbde511355b4
2023-09-07 20:32:34,291 [18956b72-3f9a-4d33-a14d-cbde511355b4-groupManagement] INFO  server.RaftServerConfigKeys (ConfUtils.java:logGet(46)) - raft.server.snapshot.auto.trigger.enabled = true (custom)
2023-09-07 20:32:34,292 [18956b72-3f9a-4d33-a14d-cbde511355b4-groupManagement] INFO  server.RaftServerConfigKeys (ConfUtils.java:logGet(46)) - raft.server.snapshot.auto.trigger.threshold = 10000 (custom)
2023-09-07 20:32:34,292 [18956b72-3f9a-4d33-a14d-cbde511355b4-groupManagement] INFO  server.RaftServerConfigKeys (ConfUtils.java:logGet(46)) - raft.server.snapshot.retention.file.num = 5 (custom)
2023-09-07 20:32:34,292 [18956b72-3f9a-4d33-a14d-cbde511355b4-groupManagement] INFO  server.RaftServerConfigKeys (ConfUtils.java:logGet(46)) - raft.server.log.purge.upto.snapshot.index = false (default)
2023-09-07 20:32:34,292 [PipelineCommandHandlerThread-0] INFO  ratis.XceiverServerRatis (XceiverServerRatis.java:addGroup(804)) - Created group PipelineID=7c71b2b0-36c6-4243-a50f-aa12a69c590d
2023-09-07 20:32:34,292 [PipelineCommandHandlerThread-0] INFO  commandhandler.CreatePipelineCommandHandler (CreatePipelineCommandHandler.java:lambda$handle$2(124)) - Created Pipeline RATIS ONE PipelineID=7c71b2b0-36c6-4243-a50f-aa12a69c590d.
2023-09-07 20:32:34,400 [main] INFO  ozone.MiniOzoneClusterImpl (MiniOzoneClusterImpl.java:lambda$waitForClusterToBeReady$0(224)) - Nodes are ready. Got 5 of 5 DN Heartbeats.
2023-09-07 20:32:34,401 [main] INFO  ozone.MiniOzoneClusterImpl (MiniOzoneClusterImpl.java:lambda$waitForClusterToBeReady$0(227)) - Waiting for cluster to exit safe mode
2023-09-07 20:32:34,401 [main] INFO  ozone.MiniOzoneClusterImpl (MiniOzoneClusterImpl.java:lambda$waitForClusterToBeReady$0(229)) - SCM became leader
2023-09-07 20:32:34,665 [PipelineCommandHandlerThread-0] INFO  server.RaftServer (RaftServerProxy.java:addNew(98)) - 0f4389f5-8f89-483a-970a-d84001bccdfd: addNew group-7CE3656EAF71:[0f4389f5-8f89-483a-970a-d84001bccdfd|rpc:10.1.0.11:15191|admin:10.1.0.11:15190|client:10.1.0.11:15189|dataStream:10.1.0.11:15192|priority:1|startupRole:FOLLOWER] returns group-7CE3656EAF71:java.util.concurrent.CompletableFuture@58841e15[Not completed]
2023-09-07 20:32:34,666 [0f4389f5-8f89-483a-970a-d84001bccdfd-groupManagement] INFO  server.RaftServer$Division (RaftServerImpl.java:<init>(198)) - 0f4389f5-8f89-483a-970a-d84001bccdfd: new RaftServerImpl for group-7CE3656EAF71:[0f4389f5-8f89-483a-970a-d84001bccdfd|rpc:10.1.0.11:15191|admin:10.1.0.11:15190|client:10.1.0.11:15189|dataStream:10.1.0.11:15192|priority:1|startupRole:FOLLOWER] with ContainerStateMachine:uninitialized
2023-09-07 20:32:34,666 [0f4389f5-8f89-483a-970a-d84001bccdfd-groupManagement] INFO  server.RaftServerConfigKeys (ConfUtils.java:logGet(46)) - raft.server.rpc.timeout.min = 5s (custom)
2023-09-07 20:32:34,666 [0f4389f5-8f89-483a-970a-d84001bccdfd-groupManagement] INFO  server.RaftServerConfigKeys (ConfUtils.java:logGet(46)) - raft.server.rpc.timeout.max = 5200ms (custom)
2023-09-07 20:32:34,666 [0f4389f5-8f89-483a-970a-d84001bccdfd-groupManagement] INFO  server.RaftServerConfigKeys (ConfUtils.java:logGet(46)) - raft.server.rpc.sleep.time = 25ms (default)
2023-09-07 20:32:34,666 [0f4389f5-8f89-483a-970a-d84001bccdfd-groupManagement] INFO  server.RaftServerConfigKeys (ConfUtils.java:logGet(46)) - raft.server.rpc.slowness.timeout = 300s (custom)
2023-09-07 20:32:34,666 [0f4389f5-8f89-483a-970a-d84001bccdfd-groupManagement] INFO  server.RaftServerConfigKeys (ConfUtils.java:logGet(46)) - raft.server.leaderelection.leader.step-down.wait-time = 10s (default)
2023-09-07 20:32:34,666 [0f4389f5-8f89-483a-970a-d84001bccdfd-groupManagement] INFO  server.RaftServerConfigKeys (ConfUtils.java:logGet(46)) - raft.server.sleep.deviation.threshold = 300ms (default)
2023-09-07 20:32:34,666 [0f4389f5-8f89-483a-970a-d84001bccdfd-groupManagement] INFO  server.RaftServer$Division (ServerState.java:<init>(120)) - 0f4389f5-8f89-483a-970a-d84001bccdfd@group-7CE3656EAF71: ConfigurationManager, init=-1: peers:[0f4389f5-8f89-483a-970a-d84001bccdfd|rpc:10.1.0.11:15191|admin:10.1.0.11:15190|client:10.1.0.11:15189|dataStream:10.1.0.11:15192|priority:1|startupRole:FOLLOWER]|listeners:[], old=null, confs=<EMPTY_MAP>
2023-09-07 20:32:34,667 [0f4389f5-8f89-483a-970a-d84001bccdfd-groupManagement] INFO  server.RaftServerConfigKeys (ConfUtils.java:logGet(46)) - raft.server.storage.dir = [/home/runner/work/ozone/ozone/hadoop-ozone/integration-test/target/test-dir/MiniOzoneClusterImpl-5752d0ac-6059-42ff-b166-1d3c6b9f978d/datanode-2/data/ratis] (custom)
2023-09-07 20:32:34,667 [0f4389f5-8f89-483a-970a-d84001bccdfd-groupManagement] INFO  server.RaftServerConfigKeys (ConfUtils.java:logGet(46)) - raft.server.log.corruption.policy = EXCEPTION (default)
2023-09-07 20:32:34,667 [0f4389f5-8f89-483a-970a-d84001bccdfd-groupManagement] INFO  server.RaftServerConfigKeys (ConfUtils.java:logGet(46)) - raft.server.storage.free-space.min = 0MB (=0) (default)
2023-09-07 20:32:34,667 [0f4389f5-8f89-483a-970a-d84001bccdfd-groupManagement] INFO  server.RaftServerConfigKeys (ConfUtils.java:logGet(46)) - raft.server.notification.no-leader.timeout = 300s (custom)
2023-09-07 20:32:34,667 [0f4389f5-8f89-483a-970a-d84001bccdfd-groupManagement] INFO  server.RaftServerConfigKeys (ConfUtils.java:logGet(46)) - raft.server.read.timeout = 10s (default)
2023-09-07 20:32:34,667 [0f4389f5-8f89-483a-970a-d84001bccdfd-groupManagement] INFO  server.RaftServerConfigKeys (ConfUtils.java:logGet(46)) - raft.server.retrycache.expirytime = 600000ms (custom)
2023-09-07 20:32:34,667 [0f4389f5-8f89-483a-970a-d84001bccdfd-groupManagement] INFO  server.RaftServerConfigKeys (ConfUtils.java:logGet(46)) - raft.server.retrycache.statistics.expirytime = 100μs (default)
2023-09-07 20:32:34,667 [0f4389f5-8f89-483a-970a-d84001bccdfd-groupManagement] INFO  server.RaftServerConfigKeys (ConfUtils.java:logGet(46)) - raft.server.read.option = DEFAULT (default)
2023-09-07 20:32:34,668 [0f4389f5-8f89-483a-970a-d84001bccdfd-groupManagement] INFO  server.RaftServerConfigKeys (ConfUtils.java:logGet(46)) - raft.server.rpc.request.timeout = 60s (custom)
2023-09-07 20:32:34,668 [0f4389f5-8f89-483a-970a-d84001bccdfd-groupManagement] INFO  server.RaftServerConfigKeys (ConfUtils.java:logGet(46)) - raft.server.log.appender.install.snapshot.enabled = false (custom)
2023-09-07 20:32:34,668 [0f4389f5-8f89-483a-970a-d84001bccdfd-groupManagement] INFO  server.RaftServerConfigKeys (ConfUtils.java:logGet(46)) - raft.server.threadpool.server.cached = true (default)
2023-09-07 20:32:34,668 [0f4389f5-8f89-483a-970a-d84001bccdfd-groupManagement] INFO  server.RaftServerConfigKeys (ConfUtils.java:logGet(46)) - raft.server.threadpool.server.size = 0 (default)
2023-09-07 20:32:34,668 [0f4389f5-8f89-483a-970a-d84001bccdfd-groupManagement] INFO  server.RaftServerConfigKeys (ConfUtils.java:logGet(46)) - raft.server.threadpool.client.cached = true (default)
2023-09-07 20:32:34,668 [0f4389f5-8f89-483a-970a-d84001bccdfd-groupManagement] INFO  server.RaftServerConfigKeys (ConfUtils.java:logGet(46)) - raft.server.threadpool.client.size = 0 (default)
2023-09-07 20:32:34,668 [0f4389f5-8f89-483a-970a-d84001bccdfd-groupManagement] INFO  storage.RaftStorageDirectory (RaftStorageDirectoryImpl.java:analyzeStorage(137)) - The storage directory /home/runner/work/ozone/ozone/hadoop-ozone/integration-test/target/test-dir/MiniOzoneClusterImpl-5752d0ac-6059-42ff-b166-1d3c6b9f978d/datanode-2/data/ratis/2aac5c77-ee1c-456f-9b86-7ce3656eaf71 does not exist. Creating ...
2023-09-07 20:32:34,670 [0f4389f5-8f89-483a-970a-d84001bccdfd-groupManagement] INFO  storage.RaftStorageDirectory (RaftStorageDirectoryImpl.java:tryLock(231)) - Lock on /home/runner/work/ozone/ozone/hadoop-ozone/integration-test/target/test-dir/MiniOzoneClusterImpl-5752d0ac-6059-42ff-b166-1d3c6b9f978d/datanode-2/data/ratis/2aac5c77-ee1c-456f-9b86-7ce3656eaf71/in_use.lock acquired by nodename 7625@fv-az259-394
2023-09-07 20:32:34,679 [0f4389f5-8f89-483a-970a-d84001bccdfd-groupManagement] INFO  storage.RaftStorage (RaftStorageImpl.java:format(96)) - Storage directory /home/runner/work/ozone/ozone/hadoop-ozone/integration-test/target/test-dir/MiniOzoneClusterImpl-5752d0ac-6059-42ff-b166-1d3c6b9f978d/datanode-2/data/ratis/2aac5c77-ee1c-456f-9b86-7ce3656eaf71 has been successfully formatted.
2023-09-07 20:32:34,679 [0f4389f5-8f89-483a-970a-d84001bccdfd-groupManagement] INFO  ratis.ContainerStateMachine (ContainerStateMachine.java:loadSnapshot(262)) - group-7CE3656EAF71: The snapshot info is null. Setting the last applied indexto:(t:0, i:~)
2023-09-07 20:32:34,679 [0f4389f5-8f89-483a-970a-d84001bccdfd-groupManagement] INFO  server.RaftServerConfigKeys (ConfUtils.java:logGet(46)) - raft.server.log.use.memory = false (default)
2023-09-07 20:32:34,680 [0f4389f5-8f89-483a-970a-d84001bccdfd-groupManagement] INFO  server.RaftServerConfigKeys (ConfUtils.java:logGet(46)) - raft.server.log.purge.gap = 1000000 (custom)
2023-09-07 20:32:34,680 [0f4389f5-8f89-483a-970a-d84001bccdfd-groupManagement] INFO  server.RaftServerConfigKeys (ConfUtils.java:logGet(46)) - raft.server.log.appender.buffer.byte-limit = 33554432 (custom)
2023-09-07 20:32:34,680 [0f4389f5-8f89-483a-970a-d84001bccdfd-groupManagement] INFO  server.RaftServerConfigKeys (ConfUtils.java:logGet(46)) - raft.server.log.statemachine.data.read.timeout = 1000ms (default)
2023-09-07 20:32:34,680 [0f4389f5-8f89-483a-970a-d84001bccdfd-groupManagement] INFO  server.RaftServerConfigKeys (ConfUtils.java:logGet(46)) - raft.server.log.purge.preservation.log.num = 0 (default)
2023-09-07 20:32:34,680 [0f4389f5-8f89-483a-970a-d84001bccdfd-groupManagement] INFO  server.RaftServerConfigKeys (ConfUtils.java:logGet(46)) - raft.server.log.segment.size.max = 1048576 (custom)
2023-09-07 20:32:34,681 [EventQueue-PipelineReportForPipelineReportHandler] INFO  pipeline.PipelineReportHandler (PipelineReportHandler.java:processPipelineReport(136)) - Opened pipeline PipelineID=2aac5c77-ee1c-456f-9b86-7ce3656eaf71
2023-09-07 20:32:34,681 [EventQueue-OpenPipelineForHealthyPipelineSafeModeRule] INFO  safemode.SCMSafeModeManager (HealthyPipelineSafeModeRule.java:process(137)) - SCM in safe mode. Healthy pipelines reported count is 0, required healthy pipeline reported count is 1
2023-09-07 20:32:34,682 [0f4389f5-8f89-483a-970a-d84001bccdfd-groupManagement] INFO  server.RaftServerConfigKeys (ConfUtils.java:logGet(46)) - raft.server.log.segment.cache.num.max = 2 (custom)
2023-09-07 20:32:34,682 [0f4389f5-8f89-483a-970a-d84001bccdfd-groupManagement] INFO  server.RaftServerConfigKeys (ConfUtils.java:logGet(46)) - raft.server.log.segment.cache.size.max = 200MB (=209715200) (default)
2023-09-07 20:32:34,682 [0f4389f5-8f89-483a-970a-d84001bccdfd-groupManagement] INFO  server.RaftServerConfigKeys (ConfUtils.java:logGet(46)) - raft.server.log.appender.buffer.byte-limit = 33554432 (custom)
2023-09-07 20:32:34,682 [0f4389f5-8f89-483a-970a-d84001bccdfd-groupManagement] INFO  segmented.SegmentedRaftLogWorker (SegmentedRaftLogWorker.java:<init>(188)) - new 0f4389f5-8f89-483a-970a-d84001bccdfd@group-7CE3656EAF71-SegmentedRaftLogWorker for RaftStorageImpl:Storage Directory /home/runner/work/ozone/ozone/hadoop-ozone/integration-test/target/test-dir/MiniOzoneClusterImpl-5752d0ac-6059-42ff-b166-1d3c6b9f978d/datanode-2/data/ratis/2aac5c77-ee1c-456f-9b86-7ce3656eaf71
2023-09-07 20:32:34,682 [0f4389f5-8f89-483a-970a-d84001bccdfd-groupManagement] INFO  server.RaftServerConfigKeys (ConfUtils.java:logGet(46)) - raft.server.log.queue.byte-limit = 4294967296 (custom)
2023-09-07 20:32:34,682 [0f4389f5-8f89-483a-970a-d84001bccdfd-groupManagement] INFO  server.RaftServerConfigKeys (ConfUtils.java:logGet(46)) - raft.server.log.queue.element-limit = 1024 (custom)
2023-09-07 20:32:34,683 [0f4389f5-8f89-483a-970a-d84001bccdfd-groupManagement] INFO  server.RaftServerConfigKeys (ConfUtils.java:logGet(46)) - raft.server.log.segment.size.max = 1048576 (custom)
2023-09-07 20:32:34,683 [0f4389f5-8f89-483a-970a-d84001bccdfd-groupManagement] INFO  server.RaftServerConfigKeys (ConfUtils.java:logGet(46)) - raft.server.log.preallocated.size = 16384 (custom)
2023-09-07 20:32:34,683 [0f4389f5-8f89-483a-970a-d84001bccdfd-groupManagement] INFO  server.RaftServerConfigKeys (ConfUtils.java:logGet(46)) - raft.server.log.force.sync.num = 128 (default)
2023-09-07 20:32:34,683 [0f4389f5-8f89-483a-970a-d84001bccdfd-groupManagement] INFO  server.RaftServerConfigKeys (ConfUtils.java:logGet(46)) - raft.server.log.statemachine.data.sync = true (default)
2023-09-07 20:32:34,683 [0f4389f5-8f89-483a-970a-d84001bccdfd-groupManagement] INFO  server.RaftServerConfigKeys (ConfUtils.java:logGet(46)) - raft.server.log.statemachine.data.sync.timeout = 10s (default)
2023-09-07 20:32:34,683 [0f4389f5-8f89-483a-970a-d84001bccdfd-groupManagement] INFO  server.RaftServerConfigKeys (ConfUtils.java:logGet(46)) - raft.server.log.statemachine.data.sync.timeout.retry = -1 (default)
2023-09-07 20:32:34,683 [0f4389f5-8f89-483a-970a-d84001bccdfd-groupManagement] INFO  server.RaftServerConfigKeys (ConfUtils.java:logGet(46)) - raft.server.log.write.buffer.size = 1048576 (custom)
2023-09-07 20:32:34,684 [0f4389f5-8f89-483a-970a-d84001bccdfd-groupManagement] INFO  server.RaftServerConfigKeys (ConfUtils.java:logGet(46)) - raft.server.log.appender.buffer.byte-limit = 33554432 (custom)
2023-09-07 20:32:34,690 [0f4389f5-8f89-483a-970a-d84001bccdfd-groupManagement] INFO  server.RaftServerConfigKeys (ConfUtils.java:logGet(46)) - raft.server.log.unsafe-flush.enabled = false (default)
2023-09-07 20:32:34,690 [0f4389f5-8f89-483a-970a-d84001bccdfd-groupManagement] INFO  server.RaftServerConfigKeys (ConfUtils.java:logGet(46)) - raft.server.log.async-flush.enabled = false (default)
2023-09-07 20:32:34,691 [0f4389f5-8f89-483a-970a-d84001bccdfd-groupManagement] INFO  server.RaftServerConfigKeys (ConfUtils.java:logGet(46)) - raft.server.log.statemachine.data.caching.enabled = true (custom)
2023-09-07 20:32:34,691 [0f4389f5-8f89-483a-970a-d84001bccdfd-groupManagement] INFO  segmented.SegmentedRaftLogWorker (SegmentedRaftLogWorker.java:lambda$new$0(135)) - 0f4389f5-8f89-483a-970a-d84001bccdfd@group-7CE3656EAF71-SegmentedRaftLogWorker: flushIndex: setUnconditionally 0 -> -1
2023-09-07 20:32:34,691 [0f4389f5-8f89-483a-970a-d84001bccdfd-groupManagement] INFO  segmented.SegmentedRaftLogWorker (SegmentedRaftLogWorker.java:lambda$new$0(135)) - 0f4389f5-8f89-483a-970a-d84001bccdfd@group-7CE3656EAF71-SegmentedRaftLogWorker: safeCacheEvictIndex: setUnconditionally 0 -> -1
2023-09-07 20:32:34,691 [0f4389f5-8f89-483a-970a-d84001bccdfd-groupManagement] INFO  server.RaftServer$Division (RaftServerImpl.java:start(342)) - 0f4389f5-8f89-483a-970a-d84001bccdfd@group-7CE3656EAF71: start as a follower, conf=-1: peers:[0f4389f5-8f89-483a-970a-d84001bccdfd|rpc:10.1.0.11:15191|admin:10.1.0.11:15190|client:10.1.0.11:15189|dataStream:10.1.0.11:15192|priority:1|startupRole:FOLLOWER]|listeners:[], old=null
2023-09-07 20:32:34,691 [0f4389f5-8f89-483a-970a-d84001bccdfd-groupManagement] INFO  server.RaftServer$Division (RaftServerImpl.java:setRole(329)) - 0f4389f5-8f89-483a-970a-d84001bccdfd@group-7CE3656EAF71: changes role from      null to FOLLOWER at term 0 for startAsFollower
2023-09-07 20:32:34,692 [0f4389f5-8f89-483a-970a-d84001bccdfd-groupManagement] INFO  impl.RoleInfo (RoleInfo.java:updateAndGet(139)) - 0f4389f5-8f89-483a-970a-d84001bccdfd: start 0f4389f5-8f89-483a-970a-d84001bccdfd@group-7CE3656EAF71-FollowerState
2023-09-07 20:32:34,692 [0f4389f5-8f89-483a-970a-d84001bccdfd@group-7CE3656EAF71-FollowerState] INFO  server.RaftServerConfigKeys (ConfUtils.java:logFallback(53)) - raft.server.rpc.first-election.timeout.min = 5s (fallback to raft.server.rpc.timeout.min)
2023-09-07 20:32:34,692 [0f4389f5-8f89-483a-970a-d84001bccdfd@group-7CE3656EAF71-FollowerState] INFO  server.RaftServerConfigKeys (ConfUtils.java:logFallback(53)) - raft.server.rpc.first-election.timeout.max = 5200ms (fallback to raft.server.rpc.timeout.max)
2023-09-07 20:32:34,692 [0f4389f5-8f89-483a-970a-d84001bccdfd-groupManagement] INFO  util.JmxRegister (JmxRegister.java:tryRegister(44)) - Successfully registered JMX Bean with object name Ratis:service=RaftServer,group=group-7CE3656EAF71,id=0f4389f5-8f89-483a-970a-d84001bccdfd
2023-09-07 20:32:34,692 [0f4389f5-8f89-483a-970a-d84001bccdfd-groupManagement] INFO  server.RaftServerConfigKeys (ConfUtils.java:logGet(46)) - raft.server.snapshot.auto.trigger.enabled = true (custom)
2023-09-07 20:32:34,692 [0f4389f5-8f89-483a-970a-d84001bccdfd-groupManagement] INFO  server.RaftServerConfigKeys (ConfUtils.java:logGet(46)) - raft.server.snapshot.auto.trigger.threshold = 10000 (custom)
2023-09-07 20:32:34,692 [0f4389f5-8f89-483a-970a-d84001bccdfd-groupManagement] INFO  server.RaftServerConfigKeys (ConfUtils.java:logGet(46)) - raft.server.snapshot.retention.file.num = 5 (custom)
2023-09-07 20:32:34,692 [0f4389f5-8f89-483a-970a-d84001bccdfd-groupManagement] INFO  server.RaftServerConfigKeys (ConfUtils.java:logGet(46)) - raft.server.log.purge.upto.snapshot.index = false (default)
2023-09-07 20:32:34,693 [PipelineCommandHandlerThread-0] INFO  ratis.XceiverServerRatis (XceiverServerRatis.java:addGroup(804)) - Created group PipelineID=2aac5c77-ee1c-456f-9b86-7ce3656eaf71
2023-09-07 20:32:34,693 [PipelineCommandHandlerThread-0] INFO  commandhandler.CreatePipelineCommandHandler (CreatePipelineCommandHandler.java:lambda$handle$2(124)) - Created Pipeline RATIS ONE PipelineID=2aac5c77-ee1c-456f-9b86-7ce3656eaf71.
2023-09-07 20:32:35,030 [PipelineCommandHandlerThread-0] INFO  server.RaftServer (RaftServerProxy.java:addNew(98)) - 0345af92-ee10-4252-b2db-9c35c6cf1855: addNew group-C8A4E56400B6:[0345af92-ee10-4252-b2db-9c35c6cf1855|rpc:10.1.0.11:15200|admin:10.1.0.11:15199|client:10.1.0.11:15198|dataStream:10.1.0.11:15201|priority:1|startupRole:FOLLOWER] returns group-C8A4E56400B6:java.util.concurrent.CompletableFuture@34fd2c4d[Not completed]
2023-09-07 20:32:35,032 [0345af92-ee10-4252-b2db-9c35c6cf1855-groupManagement] INFO  server.RaftServer$Division (RaftServerImpl.java:<init>(198)) - 0345af92-ee10-4252-b2db-9c35c6cf1855: new RaftServerImpl for group-C8A4E56400B6:[0345af92-ee10-4252-b2db-9c35c6cf1855|rpc:10.1.0.11:15200|admin:10.1.0.11:15199|client:10.1.0.11:15198|dataStream:10.1.0.11:15201|priority:1|startupRole:FOLLOWER] with ContainerStateMachine:uninitialized
2023-09-07 20:32:35,032 [0345af92-ee10-4252-b2db-9c35c6cf1855-groupManagement] INFO  server.RaftServerConfigKeys (ConfUtils.java:logGet(46)) - raft.server.rpc.timeout.min = 5s (custom)
2023-09-07 20:32:35,032 [0345af92-ee10-4252-b2db-9c35c6cf1855-groupManagement] INFO  server.RaftServerConfigKeys (ConfUtils.java:logGet(46)) - raft.server.rpc.timeout.max = 5200ms (custom)
2023-09-07 20:32:35,032 [0345af92-ee10-4252-b2db-9c35c6cf1855-groupManagement] INFO  server.RaftServerConfigKeys (ConfUtils.java:logGet(46)) - raft.server.rpc.sleep.time = 25ms (default)
2023-09-07 20:32:35,032 [0345af92-ee10-4252-b2db-9c35c6cf1855-groupManagement] INFO  server.RaftServerConfigKeys (ConfUtils.java:logGet(46)) - raft.server.rpc.slowness.timeout = 300s (custom)
2023-09-07 20:32:35,032 [0345af92-ee10-4252-b2db-9c35c6cf1855-groupManagement] INFO  server.RaftServerConfigKeys (ConfUtils.java:logGet(46)) - raft.server.leaderelection.leader.step-down.wait-time = 10s (default)
2023-09-07 20:32:35,032 [0345af92-ee10-4252-b2db-9c35c6cf1855-groupManagement] INFO  server.RaftServerConfigKeys (ConfUtils.java:logGet(46)) - raft.server.sleep.deviation.threshold = 300ms (default)
2023-09-07 20:32:35,032 [0345af92-ee10-4252-b2db-9c35c6cf1855-groupManagement] INFO  server.RaftServer$Division (ServerState.java:<init>(120)) - 0345af92-ee10-4252-b2db-9c35c6cf1855@group-C8A4E56400B6: ConfigurationManager, init=-1: peers:[0345af92-ee10-4252-b2db-9c35c6cf1855|rpc:10.1.0.11:15200|admin:10.1.0.11:15199|client:10.1.0.11:15198|dataStream:10.1.0.11:15201|priority:1|startupRole:FOLLOWER]|listeners:[], old=null, confs=<EMPTY_MAP>
2023-09-07 20:32:35,032 [0345af92-ee10-4252-b2db-9c35c6cf1855-groupManagement] INFO  server.RaftServerConfigKeys (ConfUtils.java:logGet(46)) - raft.server.storage.dir = [/home/runner/work/ozone/ozone/hadoop-ozone/integration-test/target/test-dir/MiniOzoneClusterImpl-5752d0ac-6059-42ff-b166-1d3c6b9f978d/datanode-3/data/ratis] (custom)
2023-09-07 20:32:35,033 [0345af92-ee10-4252-b2db-9c35c6cf1855-groupManagement] INFO  server.RaftServerConfigKeys (ConfUtils.java:logGet(46)) - raft.server.log.corruption.policy = EXCEPTION (default)
2023-09-07 20:32:35,033 [0345af92-ee10-4252-b2db-9c35c6cf1855-groupManagement] INFO  server.RaftServerConfigKeys (ConfUtils.java:logGet(46)) - raft.server.storage.free-space.min = 0MB (=0) (default)
2023-09-07 20:32:35,033 [0345af92-ee10-4252-b2db-9c35c6cf1855-groupManagement] INFO  server.RaftServerConfigKeys (ConfUtils.java:logGet(46)) - raft.server.notification.no-leader.timeout = 300s (custom)
2023-09-07 20:32:35,033 [0345af92-ee10-4252-b2db-9c35c6cf1855-groupManagement] INFO  server.RaftServerConfigKeys (ConfUtils.java:logGet(46)) - raft.server.read.timeout = 10s (default)
2023-09-07 20:32:35,033 [0345af92-ee10-4252-b2db-9c35c6cf1855-groupManagement] INFO  server.RaftServerConfigKeys (ConfUtils.java:logGet(46)) - raft.server.retrycache.expirytime = 600000ms (custom)
2023-09-07 20:32:35,033 [0345af92-ee10-4252-b2db-9c35c6cf1855-groupManagement] INFO  server.RaftServerConfigKeys (ConfUtils.java:logGet(46)) - raft.server.retrycache.statistics.expirytime = 100μs (default)
2023-09-07 20:32:35,033 [0345af92-ee10-4252-b2db-9c35c6cf1855-groupManagement] INFO  server.RaftServerConfigKeys (ConfUtils.java:logGet(46)) - raft.server.read.option = DEFAULT (default)
2023-09-07 20:32:35,034 [0345af92-ee10-4252-b2db-9c35c6cf1855-groupManagement] INFO  server.RaftServerConfigKeys (ConfUtils.java:logGet(46)) - raft.server.rpc.request.timeout = 60s (custom)
2023-09-07 20:32:35,034 [0345af92-ee10-4252-b2db-9c35c6cf1855-groupManagement] INFO  server.RaftServerConfigKeys (ConfUtils.java:logGet(46)) - raft.server.log.appender.install.snapshot.enabled = false (custom)
2023-09-07 20:32:35,034 [0345af92-ee10-4252-b2db-9c35c6cf1855-groupManagement] INFO  server.RaftServerConfigKeys (ConfUtils.java:logGet(46)) - raft.server.threadpool.server.cached = true (default)
2023-09-07 20:32:35,034 [0345af92-ee10-4252-b2db-9c35c6cf1855-groupManagement] INFO  server.RaftServerConfigKeys (ConfUtils.java:logGet(46)) - raft.server.threadpool.server.size = 0 (default)
2023-09-07 20:32:35,034 [0345af92-ee10-4252-b2db-9c35c6cf1855-groupManagement] INFO  server.RaftServerConfigKeys (ConfUtils.java:logGet(46)) - raft.server.threadpool.client.cached = true (default)
2023-09-07 20:32:35,034 [0345af92-ee10-4252-b2db-9c35c6cf1855-groupManagement] INFO  server.RaftServerConfigKeys (ConfUtils.java:logGet(46)) - raft.server.threadpool.client.size = 0 (default)
2023-09-07 20:32:35,035 [0345af92-ee10-4252-b2db-9c35c6cf1855-groupManagement] INFO  storage.RaftStorageDirectory (RaftStorageDirectoryImpl.java:analyzeStorage(137)) - The storage directory /home/runner/work/ozone/ozone/hadoop-ozone/integration-test/target/test-dir/MiniOzoneClusterImpl-5752d0ac-6059-42ff-b166-1d3c6b9f978d/datanode-3/data/ratis/5b20ffa4-7f2d-43fd-9dd5-c8a4e56400b6 does not exist. Creating ...
2023-09-07 20:32:35,036 [0345af92-ee10-4252-b2db-9c35c6cf1855-groupManagement] INFO  storage.RaftStorageDirectory (RaftStorageDirectoryImpl.java:tryLock(231)) - Lock on /home/runner/work/ozone/ozone/hadoop-ozone/integration-test/target/test-dir/MiniOzoneClusterImpl-5752d0ac-6059-42ff-b166-1d3c6b9f978d/datanode-3/data/ratis/5b20ffa4-7f2d-43fd-9dd5-c8a4e56400b6/in_use.lock acquired by nodename 7625@fv-az259-394
2023-09-07 20:32:35,038 [0345af92-ee10-4252-b2db-9c35c6cf1855-groupManagement] INFO  storage.RaftStorage (RaftStorageImpl.java:format(96)) - Storage directory /home/runner/work/ozone/ozone/hadoop-ozone/integration-test/target/test-dir/MiniOzoneClusterImpl-5752d0ac-6059-42ff-b166-1d3c6b9f978d/datanode-3/data/ratis/5b20ffa4-7f2d-43fd-9dd5-c8a4e56400b6 has been successfully formatted.
2023-09-07 20:32:35,040 [0345af92-ee10-4252-b2db-9c35c6cf1855-groupManagement] INFO  ratis.ContainerStateMachine (ContainerStateMachine.java:loadSnapshot(262)) - group-C8A4E56400B6: The snapshot info is null. Setting the last applied indexto:(t:0, i:~)
2023-09-07 20:32:35,040 [0345af92-ee10-4252-b2db-9c35c6cf1855-groupManagement] INFO  server.RaftServerConfigKeys (ConfUtils.java:logGet(46)) - raft.server.log.use.memory = false (default)
2023-09-07 20:32:35,041 [0345af92-ee10-4252-b2db-9c35c6cf1855-groupManagement] INFO  server.RaftServerConfigKeys (ConfUtils.java:logGet(46)) - raft.server.log.purge.gap = 1000000 (custom)
2023-09-07 20:32:35,041 [0345af92-ee10-4252-b2db-9c35c6cf1855-groupManagement] INFO  server.RaftServerConfigKeys (ConfUtils.java:logGet(46)) - raft.server.log.appender.buffer.byte-limit = 33554432 (custom)
2023-09-07 20:32:35,041 [0345af92-ee10-4252-b2db-9c35c6cf1855-groupManagement] INFO  server.RaftServerConfigKeys (ConfUtils.java:logGet(46)) - raft.server.log.statemachine.data.read.timeout = 1000ms (default)
2023-09-07 20:32:35,041 [0345af92-ee10-4252-b2db-9c35c6cf1855-groupManagement] INFO  server.RaftServerConfigKeys (ConfUtils.java:logGet(46)) - raft.server.log.purge.preservation.log.num = 0 (default)
2023-09-07 20:32:35,041 [0345af92-ee10-4252-b2db-9c35c6cf1855-groupManagement] INFO  server.RaftServerConfigKeys (ConfUtils.java:logGet(46)) - raft.server.log.segment.size.max = 1048576 (custom)
2023-09-07 20:32:35,041 [0345af92-ee10-4252-b2db-9c35c6cf1855-groupManagement] INFO  server.RaftServerConfigKeys (ConfUtils.java:logGet(46)) - raft.server.log.segment.cache.num.max = 2 (custom)
2023-09-07 20:32:35,041 [0345af92-ee10-4252-b2db-9c35c6cf1855-groupManagement] INFO  server.RaftServerConfigKeys (ConfUtils.java:logGet(46)) - raft.server.log.segment.cache.size.max = 200MB (=209715200) (default)
2023-09-07 20:32:35,042 [0345af92-ee10-4252-b2db-9c35c6cf1855-groupManagement] INFO  server.RaftServerConfigKeys (ConfUtils.java:logGet(46)) - raft.server.log.appender.buffer.byte-limit = 33554432 (custom)
2023-09-07 20:32:35,042 [0345af92-ee10-4252-b2db-9c35c6cf1855-groupManagement] INFO  segmented.SegmentedRaftLogWorker (SegmentedRaftLogWorker.java:<init>(188)) - new 0345af92-ee10-4252-b2db-9c35c6cf1855@group-C8A4E56400B6-SegmentedRaftLogWorker for RaftStorageImpl:Storage Directory /home/runner/work/ozone/ozone/hadoop-ozone/integration-test/target/test-dir/MiniOzoneClusterImpl-5752d0ac-6059-42ff-b166-1d3c6b9f978d/datanode-3/data/ratis/5b20ffa4-7f2d-43fd-9dd5-c8a4e56400b6
2023-09-07 20:32:35,042 [0345af92-ee10-4252-b2db-9c35c6cf1855-groupManagement] INFO  server.RaftServerConfigKeys (ConfUtils.java:logGet(46)) - raft.server.log.queue.byte-limit = 4294967296 (custom)
2023-09-07 20:32:35,042 [0345af92-ee10-4252-b2db-9c35c6cf1855-groupManagement] INFO  server.RaftServerConfigKeys (ConfUtils.java:logGet(46)) - raft.server.log.queue.element-limit = 1024 (custom)
2023-09-07 20:32:35,042 [EventQueue-PipelineReportForPipelineReportHandler] INFO  pipeline.PipelineReportHandler (PipelineReportHandler.java:processPipelineReport(136)) - Opened pipeline PipelineID=5b20ffa4-7f2d-43fd-9dd5-c8a4e56400b6
2023-09-07 20:32:35,042 [0345af92-ee10-4252-b2db-9c35c6cf1855-groupManagement] INFO  server.RaftServerConfigKeys (ConfUtils.java:logGet(46)) - raft.server.log.segment.size.max = 1048576 (custom)
2023-09-07 20:32:35,042 [EventQueue-OpenPipelineForHealthyPipelineSafeModeRule] INFO  safemode.SCMSafeModeManager (HealthyPipelineSafeModeRule.java:process(137)) - SCM in safe mode. Healthy pipelines reported count is 0, required healthy pipeline reported count is 1
2023-09-07 20:32:35,042 [0345af92-ee10-4252-b2db-9c35c6cf1855-groupManagement] INFO  server.RaftServerConfigKeys (ConfUtils.java:logGet(46)) - raft.server.log.preallocated.size = 16384 (custom)
2023-09-07 20:32:35,044 [0345af92-ee10-4252-b2db-9c35c6cf1855-groupManagement] INFO  server.RaftServerConfigKeys (ConfUtils.java:logGet(46)) - raft.server.log.force.sync.num = 128 (default)
2023-09-07 20:32:35,044 [0345af92-ee10-4252-b2db-9c35c6cf1855-groupManagement] INFO  server.RaftServerConfigKeys (ConfUtils.java:logGet(46)) - raft.server.log.statemachine.data.sync = true (default)
2023-09-07 20:32:35,044 [0345af92-ee10-4252-b2db-9c35c6cf1855-groupManagement] INFO  server.RaftServerConfigKeys (ConfUtils.java:logGet(46)) - raft.server.log.statemachine.data.sync.timeout = 10s (default)
2023-09-07 20:32:35,044 [0345af92-ee10-4252-b2db-9c35c6cf1855-groupManagement] INFO  server.RaftServerConfigKeys (ConfUtils.java:logGet(46)) - raft.server.log.statemachine.data.sync.timeout.retry = -1 (default)
2023-09-07 20:32:35,044 [0345af92-ee10-4252-b2db-9c35c6cf1855-groupManagement] INFO  server.RaftServerConfigKeys (ConfUtils.java:logGet(46)) - raft.server.log.write.buffer.size = 1048576 (custom)
2023-09-07 20:32:35,045 [0345af92-ee10-4252-b2db-9c35c6cf1855-groupManagement] INFO  server.RaftServerConfigKeys (ConfUtils.java:logGet(46)) - raft.server.log.appender.buffer.byte-limit = 33554432 (custom)
2023-09-07 20:32:35,096 [0345af92-ee10-4252-b2db-9c35c6cf1855-groupManagement] INFO  server.RaftServerConfigKeys (ConfUtils.java:logGet(46)) - raft.server.log.unsafe-flush.enabled = false (default)
2023-09-07 20:32:35,096 [0345af92-ee10-4252-b2db-9c35c6cf1855-groupManagement] INFO  server.RaftServerConfigKeys (ConfUtils.java:logGet(46)) - raft.server.log.async-flush.enabled = false (default)
2023-09-07 20:32:35,096 [0345af92-ee10-4252-b2db-9c35c6cf1855-groupManagement] INFO  server.RaftServerConfigKeys (ConfUtils.java:logGet(46)) - raft.server.log.statemachine.data.caching.enabled = true (custom)
2023-09-07 20:32:35,101 [0345af92-ee10-4252-b2db-9c35c6cf1855-groupManagement] INFO  segmented.SegmentedRaftLogWorker (SegmentedRaftLogWorker.java:lambda$new$0(135)) - 0345af92-ee10-4252-b2db-9c35c6cf1855@group-C8A4E56400B6-SegmentedRaftLogWorker: flushIndex: setUnconditionally 0 -> -1
2023-09-07 20:32:35,101 [0345af92-ee10-4252-b2db-9c35c6cf1855-groupManagement] INFO  segmented.SegmentedRaftLogWorker (SegmentedRaftLogWorker.java:lambda$new$0(135)) - 0345af92-ee10-4252-b2db-9c35c6cf1855@group-C8A4E56400B6-SegmentedRaftLogWorker: safeCacheEvictIndex: setUnconditionally 0 -> -1
2023-09-07 20:32:35,109 [0345af92-ee10-4252-b2db-9c35c6cf1855-groupManagement] INFO  server.RaftServer$Division (RaftServerImpl.java:start(342)) - 0345af92-ee10-4252-b2db-9c35c6cf1855@group-C8A4E56400B6: start as a follower, conf=-1: peers:[0345af92-ee10-4252-b2db-9c35c6cf1855|rpc:10.1.0.11:15200|admin:10.1.0.11:15199|client:10.1.0.11:15198|dataStream:10.1.0.11:15201|priority:1|startupRole:FOLLOWER]|listeners:[], old=null
2023-09-07 20:32:35,109 [0345af92-ee10-4252-b2db-9c35c6cf1855-groupManagement] INFO  server.RaftServer$Division (RaftServerImpl.java:setRole(329)) - 0345af92-ee10-4252-b2db-9c35c6cf1855@group-C8A4E56400B6: changes role from      null to FOLLOWER at term 0 for startAsFollower
2023-09-07 20:32:35,112 [0345af92-ee10-4252-b2db-9c35c6cf1855-groupManagement] INFO  impl.RoleInfo (RoleInfo.java:updateAndGet(139)) - 0345af92-ee10-4252-b2db-9c35c6cf1855: start 0345af92-ee10-4252-b2db-9c35c6cf1855@group-C8A4E56400B6-FollowerState
2023-09-07 20:32:35,113 [0345af92-ee10-4252-b2db-9c35c6cf1855-groupManagement] INFO  util.JmxRegister (JmxRegister.java:tryRegister(44)) - Successfully registered JMX Bean with object name Ratis:service=RaftServer,group=group-C8A4E56400B6,id=0345af92-ee10-4252-b2db-9c35c6cf1855
2023-09-07 20:32:35,113 [0345af92-ee10-4252-b2db-9c35c6cf1855@group-C8A4E56400B6-FollowerState] INFO  server.RaftServerConfigKeys (ConfUtils.java:logFallback(53)) - raft.server.rpc.first-election.timeout.min = 5s (fallback to raft.server.rpc.timeout.min)
2023-09-07 20:32:35,113 [0345af92-ee10-4252-b2db-9c35c6cf1855-groupManagement] INFO  server.RaftServerConfigKeys (ConfUtils.java:logGet(46)) - raft.server.snapshot.auto.trigger.enabled = true (custom)
2023-09-07 20:32:35,113 [0345af92-ee10-4252-b2db-9c35c6cf1855@group-C8A4E56400B6-FollowerState] INFO  server.RaftServerConfigKeys (ConfUtils.java:logFallback(53)) - raft.server.rpc.first-election.timeout.max = 5200ms (fallback to raft.server.rpc.timeout.max)
2023-09-07 20:32:35,113 [0345af92-ee10-4252-b2db-9c35c6cf1855-groupManagement] INFO  server.RaftServerConfigKeys (ConfUtils.java:logGet(46)) - raft.server.snapshot.auto.trigger.threshold = 10000 (custom)
2023-09-07 20:32:35,113 [0345af92-ee10-4252-b2db-9c35c6cf1855-groupManagement] INFO  server.RaftServerConfigKeys (ConfUtils.java:logGet(46)) - raft.server.snapshot.retention.file.num = 5 (custom)
2023-09-07 20:32:35,114 [0345af92-ee10-4252-b2db-9c35c6cf1855-groupManagement] INFO  server.RaftServerConfigKeys (ConfUtils.java:logGet(46)) - raft.server.log.purge.upto.snapshot.index = false (default)
2023-09-07 20:32:35,117 [PipelineCommandHandlerThread-0] INFO  ratis.XceiverServerRatis (XceiverServerRatis.java:addGroup(804)) - Created group PipelineID=5b20ffa4-7f2d-43fd-9dd5-c8a4e56400b6
2023-09-07 20:32:35,117 [PipelineCommandHandlerThread-0] INFO  commandhandler.CreatePipelineCommandHandler (CreatePipelineCommandHandler.java:lambda$handle$2(124)) - Created Pipeline RATIS ONE PipelineID=5b20ffa4-7f2d-43fd-9dd5-c8a4e56400b6.
2023-09-07 20:32:35,401 [main] INFO  ozone.MiniOzoneClusterImpl (MiniOzoneClusterImpl.java:lambda$waitForClusterToBeReady$0(224)) - Nodes are ready. Got 5 of 5 DN Heartbeats.
2023-09-07 20:32:35,401 [main] INFO  ozone.MiniOzoneClusterImpl (MiniOzoneClusterImpl.java:lambda$waitForClusterToBeReady$0(227)) - Waiting for cluster to exit safe mode
2023-09-07 20:32:35,401 [main] INFO  ozone.MiniOzoneClusterImpl (MiniOzoneClusterImpl.java:lambda$waitForClusterToBeReady$0(229)) - SCM became leader
2023-09-07 20:32:35,409 [PipelineCommandHandlerThread-0] INFO  server.RaftServer (RaftServerProxy.java:addNew(98)) - 07825d29-2aa2-46d6-9af1-6f352e44c8c5: addNew group-8A5DE9A545A6:[07825d29-2aa2-46d6-9af1-6f352e44c8c5|rpc:10.1.0.11:15209|admin:10.1.0.11:15208|client:10.1.0.11:15207|dataStream:10.1.0.11:15210|priority:1|startupRole:FOLLOWER] returns group-8A5DE9A545A6:java.util.concurrent.CompletableFuture@32018916[Not completed]
2023-09-07 20:32:35,410 [07825d29-2aa2-46d6-9af1-6f352e44c8c5-groupManagement] INFO  server.RaftServer$Division (RaftServerImpl.java:<init>(198)) - 07825d29-2aa2-46d6-9af1-6f352e44c8c5: new RaftServerImpl for group-8A5DE9A545A6:[07825d29-2aa2-46d6-9af1-6f352e44c8c5|rpc:10.1.0.11:15209|admin:10.1.0.11:15208|client:10.1.0.11:15207|dataStream:10.1.0.11:15210|priority:1|startupRole:FOLLOWER] with ContainerStateMachine:uninitialized
2023-09-07 20:32:35,410 [07825d29-2aa2-46d6-9af1-6f352e44c8c5-groupManagement] INFO  server.RaftServerConfigKeys (ConfUtils.java:logGet(46)) - raft.server.rpc.timeout.min = 5s (custom)
2023-09-07 20:32:35,410 [07825d29-2aa2-46d6-9af1-6f352e44c8c5-groupManagement] INFO  server.RaftServerConfigKeys (ConfUtils.java:logGet(46)) - raft.server.rpc.timeout.max = 5200ms (custom)
2023-09-07 20:32:35,411 [07825d29-2aa2-46d6-9af1-6f352e44c8c5-groupManagement] INFO  server.RaftServerConfigKeys (ConfUtils.java:logGet(46)) - raft.server.rpc.sleep.time = 25ms (default)
2023-09-07 20:32:35,411 [07825d29-2aa2-46d6-9af1-6f352e44c8c5-groupManagement] INFO  server.RaftServerConfigKeys (ConfUtils.java:logGet(46)) - raft.server.rpc.slowness.timeout = 300s (custom)
2023-09-07 20:32:35,411 [07825d29-2aa2-46d6-9af1-6f352e44c8c5-groupManagement] INFO  server.RaftServerConfigKeys (ConfUtils.java:logGet(46)) - raft.server.leaderelection.leader.step-down.wait-time = 10s (default)
2023-09-07 20:32:35,411 [07825d29-2aa2-46d6-9af1-6f352e44c8c5-groupManagement] INFO  server.RaftServerConfigKeys (ConfUtils.java:logGet(46)) - raft.server.sleep.deviation.threshold = 300ms (default)
2023-09-07 20:32:35,411 [07825d29-2aa2-46d6-9af1-6f352e44c8c5-groupManagement] INFO  server.RaftServer$Division (ServerState.java:<init>(120)) - 07825d29-2aa2-46d6-9af1-6f352e44c8c5@group-8A5DE9A545A6: ConfigurationManager, init=-1: peers:[07825d29-2aa2-46d6-9af1-6f352e44c8c5|rpc:10.1.0.11:15209|admin:10.1.0.11:15208|client:10.1.0.11:15207|dataStream:10.1.0.11:15210|priority:1|startupRole:FOLLOWER]|listeners:[], old=null, confs=<EMPTY_MAP>
2023-09-07 20:32:35,411 [07825d29-2aa2-46d6-9af1-6f352e44c8c5-groupManagement] INFO  server.RaftServerConfigKeys (ConfUtils.java:logGet(46)) - raft.server.storage.dir = [/home/runner/work/ozone/ozone/hadoop-ozone/integration-test/target/test-dir/MiniOzoneClusterImpl-5752d0ac-6059-42ff-b166-1d3c6b9f978d/datanode-4/data/ratis] (custom)
2023-09-07 20:32:35,411 [07825d29-2aa2-46d6-9af1-6f352e44c8c5-groupManagement] INFO  server.RaftServerConfigKeys (ConfUtils.java:logGet(46)) - raft.server.log.corruption.policy = EXCEPTION (default)
2023-09-07 20:32:35,411 [07825d29-2aa2-46d6-9af1-6f352e44c8c5-groupManagement] INFO  server.RaftServerConfigKeys (ConfUtils.java:logGet(46)) - raft.server.storage.free-space.min = 0MB (=0) (default)
2023-09-07 20:32:35,411 [07825d29-2aa2-46d6-9af1-6f352e44c8c5-groupManagement] INFO  server.RaftServerConfigKeys (ConfUtils.java:logGet(46)) - raft.server.notification.no-leader.timeout = 300s (custom)
2023-09-07 20:32:35,411 [07825d29-2aa2-46d6-9af1-6f352e44c8c5-groupManagement] INFO  server.RaftServerConfigKeys (ConfUtils.java:logGet(46)) - raft.server.read.timeout = 10s (default)
2023-09-07 20:32:35,411 [07825d29-2aa2-46d6-9af1-6f352e44c8c5-groupManagement] INFO  server.RaftServerConfigKeys (ConfUtils.java:logGet(46)) - raft.server.retrycache.expirytime = 600000ms (custom)
2023-09-07 20:32:35,411 [07825d29-2aa2-46d6-9af1-6f352e44c8c5-groupManagement] INFO  server.RaftServerConfigKeys (ConfUtils.java:logGet(46)) - raft.server.retrycache.statistics.expirytime = 100μs (default)
2023-09-07 20:32:35,412 [07825d29-2aa2-46d6-9af1-6f352e44c8c5-groupManagement] INFO  server.RaftServerConfigKeys (ConfUtils.java:logGet(46)) - raft.server.read.option = DEFAULT (default)
2023-09-07 20:32:35,412 [07825d29-2aa2-46d6-9af1-6f352e44c8c5-groupManagement] INFO  server.RaftServerConfigKeys (ConfUtils.java:logGet(46)) - raft.server.rpc.request.timeout = 60s (custom)
2023-09-07 20:32:35,412 [07825d29-2aa2-46d6-9af1-6f352e44c8c5-groupManagement] INFO  server.RaftServerConfigKeys (ConfUtils.java:logGet(46)) - raft.server.log.appender.install.snapshot.enabled = false (custom)
2023-09-07 20:32:35,412 [07825d29-2aa2-46d6-9af1-6f352e44c8c5-groupManagement] INFO  server.RaftServerConfigKeys (ConfUtils.java:logGet(46)) - raft.server.threadpool.server.cached = true (default)
2023-09-07 20:32:35,413 [07825d29-2aa2-46d6-9af1-6f352e44c8c5-groupManagement] INFO  server.RaftServerConfigKeys (ConfUtils.java:logGet(46)) - raft.server.threadpool.server.size = 0 (default)
2023-09-07 20:32:35,413 [07825d29-2aa2-46d6-9af1-6f352e44c8c5-groupManagement] INFO  server.RaftServerConfigKeys (ConfUtils.java:logGet(46)) - raft.server.threadpool.client.cached = true (default)
2023-09-07 20:32:35,413 [07825d29-2aa2-46d6-9af1-6f352e44c8c5-groupManagement] INFO  server.RaftServerConfigKeys (ConfUtils.java:logGet(46)) - raft.server.threadpool.client.size = 0 (default)
2023-09-07 20:32:35,413 [07825d29-2aa2-46d6-9af1-6f352e44c8c5-groupManagement] INFO  storage.RaftStorageDirectory (RaftStorageDirectoryImpl.java:analyzeStorage(137)) - The storage directory /home/runner/work/ozone/ozone/hadoop-ozone/integration-test/target/test-dir/MiniOzoneClusterImpl-5752d0ac-6059-42ff-b166-1d3c6b9f978d/datanode-4/data/ratis/7b317df7-e041-4a3b-8844-8a5de9a545a6 does not exist. Creating ...
2023-09-07 20:32:35,415 [07825d29-2aa2-46d6-9af1-6f352e44c8c5-groupManagement] INFO  storage.RaftStorageDirectory (RaftStorageDirectoryImpl.java:tryLock(231)) - Lock on /home/runner/work/ozone/ozone/hadoop-ozone/integration-test/target/test-dir/MiniOzoneClusterImpl-5752d0ac-6059-42ff-b166-1d3c6b9f978d/datanode-4/data/ratis/7b317df7-e041-4a3b-8844-8a5de9a545a6/in_use.lock acquired by nodename 7625@fv-az259-394
2023-09-07 20:32:35,417 [07825d29-2aa2-46d6-9af1-6f352e44c8c5-groupManagement] INFO  storage.RaftStorage (RaftStorageImpl.java:format(96)) - Storage directory /home/runner/work/ozone/ozone/hadoop-ozone/integration-test/target/test-dir/MiniOzoneClusterImpl-5752d0ac-6059-42ff-b166-1d3c6b9f978d/datanode-4/data/ratis/7b317df7-e041-4a3b-8844-8a5de9a545a6 has been successfully formatted.
2023-09-07 20:32:35,434 [07825d29-2aa2-46d6-9af1-6f352e44c8c5-groupManagement] INFO  ratis.ContainerStateMachine (ContainerStateMachine.java:loadSnapshot(262)) - group-8A5DE9A545A6: The snapshot info is null. Setting the last applied indexto:(t:0, i:~)
2023-09-07 20:32:35,443 [07825d29-2aa2-46d6-9af1-6f352e44c8c5-groupManagement] INFO  server.RaftServerConfigKeys (ConfUtils.java:logGet(46)) - raft.server.log.use.memory = false (default)
2023-09-07 20:32:35,443 [07825d29-2aa2-46d6-9af1-6f352e44c8c5-groupManagement] INFO  server.RaftServerConfigKeys (ConfUtils.java:logGet(46)) - raft.server.log.purge.gap = 1000000 (custom)
2023-09-07 20:32:35,443 [07825d29-2aa2-46d6-9af1-6f352e44c8c5-groupManagement] INFO  server.RaftServerConfigKeys (ConfUtils.java:logGet(46)) - raft.server.log.appender.buffer.byte-limit = 33554432 (custom)
2023-09-07 20:32:35,443 [07825d29-2aa2-46d6-9af1-6f352e44c8c5-groupManagement] INFO  server.RaftServerConfigKeys (ConfUtils.java:logGet(46)) - raft.server.log.statemachine.data.read.timeout = 1000ms (default)
2023-09-07 20:32:35,443 [07825d29-2aa2-46d6-9af1-6f352e44c8c5-groupManagement] INFO  server.RaftServerConfigKeys (ConfUtils.java:logGet(46)) - raft.server.log.purge.preservation.log.num = 0 (default)
2023-09-07 20:32:35,443 [07825d29-2aa2-46d6-9af1-6f352e44c8c5-groupManagement] INFO  server.RaftServerConfigKeys (ConfUtils.java:logGet(46)) - raft.server.log.segment.size.max = 1048576 (custom)
2023-09-07 20:32:35,444 [07825d29-2aa2-46d6-9af1-6f352e44c8c5-groupManagement] INFO  server.RaftServerConfigKeys (ConfUtils.java:logGet(46)) - raft.server.log.segment.cache.num.max = 2 (custom)
2023-09-07 20:32:35,444 [07825d29-2aa2-46d6-9af1-6f352e44c8c5-groupManagement] INFO  server.RaftServerConfigKeys (ConfUtils.java:logGet(46)) - raft.server.log.segment.cache.size.max = 200MB (=209715200) (default)
2023-09-07 20:32:35,444 [07825d29-2aa2-46d6-9af1-6f352e44c8c5-groupManagement] INFO  server.RaftServerConfigKeys (ConfUtils.java:logGet(46)) - raft.server.log.appender.buffer.byte-limit = 33554432 (custom)
2023-09-07 20:32:35,444 [07825d29-2aa2-46d6-9af1-6f352e44c8c5-groupManagement] INFO  segmented.SegmentedRaftLogWorker (SegmentedRaftLogWorker.java:<init>(188)) - new 07825d29-2aa2-46d6-9af1-6f352e44c8c5@group-8A5DE9A545A6-SegmentedRaftLogWorker for RaftStorageImpl:Storage Directory /home/runner/work/ozone/ozone/hadoop-ozone/integration-test/target/test-dir/MiniOzoneClusterImpl-5752d0ac-6059-42ff-b166-1d3c6b9f978d/datanode-4/data/ratis/7b317df7-e041-4a3b-8844-8a5de9a545a6
2023-09-07 20:32:35,444 [07825d29-2aa2-46d6-9af1-6f352e44c8c5-groupManagement] INFO  server.RaftServerConfigKeys (ConfUtils.java:logGet(46)) - raft.server.log.queue.byte-limit = 4294967296 (custom)
2023-09-07 20:32:35,444 [07825d29-2aa2-46d6-9af1-6f352e44c8c5-groupManagement] INFO  server.RaftServerConfigKeys (ConfUtils.java:logGet(46)) - raft.server.log.queue.element-limit = 1024 (custom)
2023-09-07 20:32:35,444 [07825d29-2aa2-46d6-9af1-6f352e44c8c5-groupManagement] INFO  server.RaftServerConfigKeys (ConfUtils.java:logGet(46)) - raft.server.log.segment.size.max = 1048576 (custom)
2023-09-07 20:32:35,444 [07825d29-2aa2-46d6-9af1-6f352e44c8c5-groupManagement] INFO  server.RaftServerConfigKeys (ConfUtils.java:logGet(46)) - raft.server.log.preallocated.size = 16384 (custom)
2023-09-07 20:32:35,444 [07825d29-2aa2-46d6-9af1-6f352e44c8c5-groupManagement] INFO  server.RaftServerConfigKeys (ConfUtils.java:logGet(46)) - raft.server.log.force.sync.num = 128 (default)
2023-09-07 20:32:35,444 [07825d29-2aa2-46d6-9af1-6f352e44c8c5-groupManagement] INFO  server.RaftServerConfigKeys (ConfUtils.java:logGet(46)) - raft.server.log.statemachine.data.sync = true (default)
2023-09-07 20:32:35,445 [07825d29-2aa2-46d6-9af1-6f352e44c8c5-groupManagement] INFO  server.RaftServerConfigKeys (ConfUtils.java:logGet(46)) - raft.server.log.statemachine.data.sync.timeout = 10s (default)
2023-09-07 20:32:35,445 [07825d29-2aa2-46d6-9af1-6f352e44c8c5-groupManagement] INFO  server.RaftServerConfigKeys (ConfUtils.java:logGet(46)) - raft.server.log.statemachine.data.sync.timeout.retry = -1 (default)
2023-09-07 20:32:35,445 [07825d29-2aa2-46d6-9af1-6f352e44c8c5-groupManagement] INFO  server.RaftServerConfigKeys (ConfUtils.java:logGet(46)) - raft.server.log.write.buffer.size = 1048576 (custom)
2023-09-07 20:32:35,446 [EventQueue-PipelineReportForPipelineReportHandler] INFO  pipeline.PipelineReportHandler (PipelineReportHandler.java:processPipelineReport(136)) - Opened pipeline PipelineID=7b317df7-e041-4a3b-8844-8a5de9a545a6
2023-09-07 20:32:35,447 [EventQueue-OpenPipelineForHealthyPipelineSafeModeRule] INFO  safemode.SCMSafeModeManager (HealthyPipelineSafeModeRule.java:process(137)) - SCM in safe mode. Healthy pipelines reported count is 0, required healthy pipeline reported count is 1
2023-09-07 20:32:35,447 [07825d29-2aa2-46d6-9af1-6f352e44c8c5-groupManagement] INFO  server.RaftServerConfigKeys (ConfUtils.java:logGet(46)) - raft.server.log.appender.buffer.byte-limit = 33554432 (custom)
2023-09-07 20:32:35,453 [07825d29-2aa2-46d6-9af1-6f352e44c8c5-groupManagement] INFO  server.RaftServerConfigKeys (ConfUtils.java:logGet(46)) - raft.server.log.unsafe-flush.enabled = false (default)
2023-09-07 20:32:35,454 [07825d29-2aa2-46d6-9af1-6f352e44c8c5-groupManagement] INFO  server.RaftServerConfigKeys (ConfUtils.java:logGet(46)) - raft.server.log.async-flush.enabled = false (default)
2023-09-07 20:32:35,454 [07825d29-2aa2-46d6-9af1-6f352e44c8c5-groupManagement] INFO  server.RaftServerConfigKeys (ConfUtils.java:logGet(46)) - raft.server.log.statemachine.data.caching.enabled = true (custom)
2023-09-07 20:32:35,454 [07825d29-2aa2-46d6-9af1-6f352e44c8c5-groupManagement] INFO  segmented.SegmentedRaftLogWorker (SegmentedRaftLogWorker.java:lambda$new$0(135)) - 07825d29-2aa2-46d6-9af1-6f352e44c8c5@group-8A5DE9A545A6-SegmentedRaftLogWorker: flushIndex: setUnconditionally 0 -> -1
2023-09-07 20:32:35,454 [07825d29-2aa2-46d6-9af1-6f352e44c8c5-groupManagement] INFO  segmented.SegmentedRaftLogWorker (SegmentedRaftLogWorker.java:lambda$new$0(135)) - 07825d29-2aa2-46d6-9af1-6f352e44c8c5@group-8A5DE9A545A6-SegmentedRaftLogWorker: safeCacheEvictIndex: setUnconditionally 0 -> -1
2023-09-07 20:32:35,455 [07825d29-2aa2-46d6-9af1-6f352e44c8c5-groupManagement] INFO  server.RaftServer$Division (RaftServerImpl.java:start(342)) - 07825d29-2aa2-46d6-9af1-6f352e44c8c5@group-8A5DE9A545A6: start as a follower, conf=-1: peers:[07825d29-2aa2-46d6-9af1-6f352e44c8c5|rpc:10.1.0.11:15209|admin:10.1.0.11:15208|client:10.1.0.11:15207|dataStream:10.1.0.11:15210|priority:1|startupRole:FOLLOWER]|listeners:[], old=null
2023-09-07 20:32:35,455 [07825d29-2aa2-46d6-9af1-6f352e44c8c5-groupManagement] INFO  server.RaftServer$Division (RaftServerImpl.java:setRole(329)) - 07825d29-2aa2-46d6-9af1-6f352e44c8c5@group-8A5DE9A545A6: changes role from      null to FOLLOWER at term 0 for startAsFollower
2023-09-07 20:32:35,455 [07825d29-2aa2-46d6-9af1-6f352e44c8c5-groupManagement] INFO  impl.RoleInfo (RoleInfo.java:updateAndGet(139)) - 07825d29-2aa2-46d6-9af1-6f352e44c8c5: start 07825d29-2aa2-46d6-9af1-6f352e44c8c5@group-8A5DE9A545A6-FollowerState
2023-09-07 20:32:35,456 [07825d29-2aa2-46d6-9af1-6f352e44c8c5-groupManagement] INFO  util.JmxRegister (JmxRegister.java:tryRegister(44)) - Successfully registered JMX Bean with object name Ratis:service=RaftServer,group=group-8A5DE9A545A6,id=07825d29-2aa2-46d6-9af1-6f352e44c8c5
2023-09-07 20:32:35,456 [07825d29-2aa2-46d6-9af1-6f352e44c8c5-groupManagement] INFO  server.RaftServerConfigKeys (ConfUtils.java:logGet(46)) - raft.server.snapshot.auto.trigger.enabled = true (custom)
2023-09-07 20:32:35,456 [07825d29-2aa2-46d6-9af1-6f352e44c8c5-groupManagement] INFO  server.RaftServerConfigKeys (ConfUtils.java:logGet(46)) - raft.server.snapshot.auto.trigger.threshold = 10000 (custom)
2023-09-07 20:32:35,456 [07825d29-2aa2-46d6-9af1-6f352e44c8c5-groupManagement] INFO  server.RaftServerConfigKeys (ConfUtils.java:logGet(46)) - raft.server.snapshot.retention.file.num = 5 (custom)
2023-09-07 20:32:35,456 [07825d29-2aa2-46d6-9af1-6f352e44c8c5-groupManagement] INFO  server.RaftServerConfigKeys (ConfUtils.java:logGet(46)) - raft.server.log.purge.upto.snapshot.index = false (default)
2023-09-07 20:32:35,457 [PipelineCommandHandlerThread-0] INFO  ratis.XceiverServerRatis (XceiverServerRatis.java:addGroup(804)) - Created group PipelineID=7b317df7-e041-4a3b-8844-8a5de9a545a6
2023-09-07 20:32:35,457 [PipelineCommandHandlerThread-0] INFO  commandhandler.CreatePipelineCommandHandler (CreatePipelineCommandHandler.java:lambda$handle$2(124)) - Created Pipeline RATIS ONE PipelineID=7b317df7-e041-4a3b-8844-8a5de9a545a6.
2023-09-07 20:32:35,457 [07825d29-2aa2-46d6-9af1-6f352e44c8c5@group-8A5DE9A545A6-FollowerState] INFO  server.RaftServerConfigKeys (ConfUtils.java:logFallback(53)) - raft.server.rpc.first-election.timeout.min = 5s (fallback to raft.server.rpc.timeout.min)
2023-09-07 20:32:35,457 [07825d29-2aa2-46d6-9af1-6f352e44c8c5@group-8A5DE9A545A6-FollowerState] INFO  server.RaftServerConfigKeys (ConfUtils.java:logFallback(53)) - raft.server.rpc.first-election.timeout.max = 5200ms (fallback to raft.server.rpc.timeout.max)
2023-09-07 20:32:36,402 [main] INFO  ozone.MiniOzoneClusterImpl (MiniOzoneClusterImpl.java:lambda$waitForClusterToBeReady$0(224)) - Nodes are ready. Got 5 of 5 DN Heartbeats.
2023-09-07 20:32:36,402 [main] INFO  ozone.MiniOzoneClusterImpl (MiniOzoneClusterImpl.java:lambda$waitForClusterToBeReady$0(227)) - Waiting for cluster to exit safe mode
2023-09-07 20:32:36,402 [main] INFO  ozone.MiniOzoneClusterImpl (MiniOzoneClusterImpl.java:lambda$waitForClusterToBeReady$0(229)) - SCM became leader
2023-09-07 20:32:37,402 [main] INFO  ozone.MiniOzoneClusterImpl (MiniOzoneClusterImpl.java:lambda$waitForClusterToBeReady$0(224)) - Nodes are ready. Got 5 of 5 DN Heartbeats.
2023-09-07 20:32:37,403 [main] INFO  ozone.MiniOzoneClusterImpl (MiniOzoneClusterImpl.java:lambda$waitForClusterToBeReady$0(227)) - Waiting for cluster to exit safe mode
2023-09-07 20:32:37,403 [main] INFO  ozone.MiniOzoneClusterImpl (MiniOzoneClusterImpl.java:lambda$waitForClusterToBeReady$0(229)) - SCM became leader
2023-09-07 20:32:38,403 [main] INFO  ozone.MiniOzoneClusterImpl (MiniOzoneClusterImpl.java:lambda$waitForClusterToBeReady$0(224)) - Nodes are ready. Got 5 of 5 DN Heartbeats.
2023-09-07 20:32:38,403 [main] INFO  ozone.MiniOzoneClusterImpl (MiniOzoneClusterImpl.java:lambda$waitForClusterToBeReady$0(227)) - Waiting for cluster to exit safe mode
2023-09-07 20:32:38,403 [main] INFO  ozone.MiniOzoneClusterImpl (MiniOzoneClusterImpl.java:lambda$waitForClusterToBeReady$0(229)) - SCM became leader
2023-09-07 20:32:38,950 [614edf31-22be-48a8-af09-2d4dd5301ee2@group-A48533C3333B-FollowerState] INFO  impl.FollowerState (FollowerState.java:run(143)) - 614edf31-22be-48a8-af09-2d4dd5301ee2@group-A48533C3333B-FollowerState: change to CANDIDATE, lastRpcElapsedTime:5120814305ns, electionTimeout:5120ms
2023-09-07 20:32:38,951 [614edf31-22be-48a8-af09-2d4dd5301ee2@group-A48533C3333B-FollowerState] INFO  impl.RoleInfo (RoleInfo.java:shutdownFollowerState(110)) - 614edf31-22be-48a8-af09-2d4dd5301ee2: shutdown 614edf31-22be-48a8-af09-2d4dd5301ee2@group-A48533C3333B-FollowerState
2023-09-07 20:32:38,951 [614edf31-22be-48a8-af09-2d4dd5301ee2@group-A48533C3333B-FollowerState] INFO  server.RaftServer$Division (RaftServerImpl.java:setRole(329)) - 614edf31-22be-48a8-af09-2d4dd5301ee2@group-A48533C3333B: changes role from  FOLLOWER to CANDIDATE at term 0 for changeToCandidate
2023-09-07 20:32:38,951 [614edf31-22be-48a8-af09-2d4dd5301ee2@group-A48533C3333B-FollowerState] INFO  server.RaftServerConfigKeys (ConfUtils.java:logGet(46)) - raft.server.leaderelection.pre-vote = true (default)
2023-09-07 20:32:38,951 [614edf31-22be-48a8-af09-2d4dd5301ee2@group-A48533C3333B-FollowerState] INFO  impl.RoleInfo (RoleInfo.java:updateAndGet(139)) - 614edf31-22be-48a8-af09-2d4dd5301ee2: start 614edf31-22be-48a8-af09-2d4dd5301ee2@group-A48533C3333B-LeaderElection31
2023-09-07 20:32:38,954 [614edf31-22be-48a8-af09-2d4dd5301ee2@group-A48533C3333B-LeaderElection31] INFO  impl.LeaderElection (LeaderElection.java:askForVotes(321)) - 614edf31-22be-48a8-af09-2d4dd5301ee2@group-A48533C3333B-LeaderElection31 PRE_VOTE round 0: submit vote requests at term 0 for -1: peers:[614edf31-22be-48a8-af09-2d4dd5301ee2|rpc:10.1.0.11:15173|admin:10.1.0.11:15172|client:10.1.0.11:15171|dataStream:10.1.0.11:15174|priority:1|startupRole:FOLLOWER]|listeners:[], old=null
2023-09-07 20:32:38,954 [614edf31-22be-48a8-af09-2d4dd5301ee2@group-A48533C3333B-LeaderElection31] INFO  impl.LeaderElection (LeaderElection.java:askForVotes(323)) - 614edf31-22be-48a8-af09-2d4dd5301ee2@group-A48533C3333B-LeaderElection31 PRE_VOTE round 0: result PASSED (term=0)
2023-09-07 20:32:38,956 [614edf31-22be-48a8-af09-2d4dd5301ee2@group-A48533C3333B-LeaderElection31] INFO  impl.LeaderElection (LeaderElection.java:askForVotes(321)) - 614edf31-22be-48a8-af09-2d4dd5301ee2@group-A48533C3333B-LeaderElection31 ELECTION round 0: submit vote requests at term 1 for -1: peers:[614edf31-22be-48a8-af09-2d4dd5301ee2|rpc:10.1.0.11:15173|admin:10.1.0.11:15172|client:10.1.0.11:15171|dataStream:10.1.0.11:15174|priority:1|startupRole:FOLLOWER]|listeners:[], old=null
2023-09-07 20:32:38,956 [614edf31-22be-48a8-af09-2d4dd5301ee2@group-A48533C3333B-LeaderElection31] INFO  impl.LeaderElection (LeaderElection.java:askForVotes(323)) - 614edf31-22be-48a8-af09-2d4dd5301ee2@group-A48533C3333B-LeaderElection31 ELECTION round 0: result PASSED (term=1)
2023-09-07 20:32:38,956 [614edf31-22be-48a8-af09-2d4dd5301ee2@group-A48533C3333B-LeaderElection31] INFO  impl.RoleInfo (RoleInfo.java:shutdownLeaderElection(130)) - 614edf31-22be-48a8-af09-2d4dd5301ee2: shutdown 614edf31-22be-48a8-af09-2d4dd5301ee2@group-A48533C3333B-LeaderElection31
2023-09-07 20:32:38,956 [614edf31-22be-48a8-af09-2d4dd5301ee2@group-A48533C3333B-LeaderElection31] INFO  server.RaftServer$Division (RaftServerImpl.java:setRole(329)) - 614edf31-22be-48a8-af09-2d4dd5301ee2@group-A48533C3333B: changes role from CANDIDATE to LEADER at term 1 for changeToLeader
2023-09-07 20:32:38,956 [614edf31-22be-48a8-af09-2d4dd5301ee2@group-A48533C3333B-LeaderElection31] INFO  ratis.XceiverServerRatis (XceiverServerRatis.java:handleLeaderChangedNotification(902)) - Leader change notification received for group: group-A48533C3333B with new leaderId: 614edf31-22be-48a8-af09-2d4dd5301ee2
2023-09-07 20:32:38,957 [614edf31-22be-48a8-af09-2d4dd5301ee2@group-A48533C3333B-LeaderElection31] INFO  server.RaftServer$Division (ServerState.java:setLeader(317)) - 614edf31-22be-48a8-af09-2d4dd5301ee2@group-A48533C3333B: change Leader from null to 614edf31-22be-48a8-af09-2d4dd5301ee2 at term 1 for becomeLeader, leader elected after 5154ms
2023-09-07 20:32:38,957 [614edf31-22be-48a8-af09-2d4dd5301ee2@group-A48533C3333B-LeaderElection31] INFO  server.RaftServerConfigKeys (ConfUtils.java:logGet(46)) - raft.server.staging.catchup.gap = 1000 (default)
2023-09-07 20:32:38,958 [614edf31-22be-48a8-af09-2d4dd5301ee2@group-A48533C3333B-LeaderElection31] INFO  server.RaftServerConfigKeys (ConfUtils.java:logGet(46)) - raft.server.write.element-limit = 1024 (custom)
2023-09-07 20:32:38,958 [614edf31-22be-48a8-af09-2d4dd5301ee2@group-A48533C3333B-LeaderElection31] INFO  server.RaftServerConfigKeys (ConfUtils.java:logGet(46)) - raft.server.write.byte-limit = 1024 M (=1073741824) (custom)
2023-09-07 20:32:38,959 [614edf31-22be-48a8-af09-2d4dd5301ee2@group-A48533C3333B-LeaderElection31] INFO  server.RaftServerConfigKeys (ConfUtils.java:logGet(46)) - raft.server.watch.timeout = 180s (custom)
2023-09-07 20:32:38,959 [614edf31-22be-48a8-af09-2d4dd5301ee2@group-A48533C3333B-LeaderElection31] INFO  server.RaftServerConfigKeys (ConfUtils.java:logGet(46)) - raft.server.watch.timeout.denomination = 1s (default)
2023-09-07 20:32:38,959 [EventQueue-OpenPipelineForHealthyPipelineSafeModeRule] INFO  safemode.SCMSafeModeManager (HealthyPipelineSafeModeRule.java:process(137)) - SCM in safe mode. Healthy pipelines reported count is 0, required healthy pipeline reported count is 1
2023-09-07 20:32:38,959 [614edf31-22be-48a8-af09-2d4dd5301ee2@group-A48533C3333B-LeaderElection31] INFO  server.RaftServerConfigKeys (ConfUtils.java:logGet(46)) - raft.server.watch.element-limit = 65536 (default)
2023-09-07 20:32:38,959 [614edf31-22be-48a8-af09-2d4dd5301ee2@group-A48533C3333B-LeaderElection31] INFO  server.RaftServerConfigKeys (ConfUtils.java:logGet(46)) - raft.server.write.element-limit = 1024 (custom)
2023-09-07 20:32:38,959 [614edf31-22be-48a8-af09-2d4dd5301ee2@group-A36E6103BAA9-FollowerState] INFO  impl.FollowerState (FollowerState.java:run(143)) - 614edf31-22be-48a8-af09-2d4dd5301ee2@group-A36E6103BAA9-FollowerState: change to CANDIDATE, lastRpcElapsedTime:5109676552ns, electionTimeout:5107ms
2023-09-07 20:32:38,959 [614edf31-22be-48a8-af09-2d4dd5301ee2@group-A48533C3333B-LeaderElection31] INFO  server.RaftServerConfigKeys (ConfUtils.java:logGet(46)) - raft.server.write.follower.gap.ratio.max = -1.0 (default)
2023-09-07 20:32:38,959 [614edf31-22be-48a8-af09-2d4dd5301ee2@group-A36E6103BAA9-FollowerState] INFO  impl.RoleInfo (RoleInfo.java:shutdownFollowerState(110)) - 614edf31-22be-48a8-af09-2d4dd5301ee2: shutdown 614edf31-22be-48a8-af09-2d4dd5301ee2@group-A36E6103BAA9-FollowerState
2023-09-07 20:32:38,959 [614edf31-22be-48a8-af09-2d4dd5301ee2@group-A36E6103BAA9-FollowerState] INFO  server.RaftServer$Division (RaftServerImpl.java:setRole(329)) - 614edf31-22be-48a8-af09-2d4dd5301ee2@group-A36E6103BAA9: changes role from  FOLLOWER to CANDIDATE at term 0 for changeToCandidate
2023-09-07 20:32:38,959 [614edf31-22be-48a8-af09-2d4dd5301ee2@group-A48533C3333B-LeaderElection31] INFO  impl.RoleInfo (RoleInfo.java:updateAndGet(139)) - 614edf31-22be-48a8-af09-2d4dd5301ee2: start 614edf31-22be-48a8-af09-2d4dd5301ee2@group-A48533C3333B-LeaderStateImpl
2023-09-07 20:32:38,959 [614edf31-22be-48a8-af09-2d4dd5301ee2@group-A36E6103BAA9-FollowerState] INFO  server.RaftServerConfigKeys (ConfUtils.java:logGet(46)) - raft.server.leaderelection.pre-vote = true (default)
2023-09-07 20:32:38,959 [614edf31-22be-48a8-af09-2d4dd5301ee2@group-A36E6103BAA9-FollowerState] INFO  impl.RoleInfo (RoleInfo.java:updateAndGet(139)) - 614edf31-22be-48a8-af09-2d4dd5301ee2: start 614edf31-22be-48a8-af09-2d4dd5301ee2@group-A36E6103BAA9-LeaderElection32
2023-09-07 20:32:38,960 [614edf31-22be-48a8-af09-2d4dd5301ee2@group-A48533C3333B-LeaderElection31] INFO  segmented.SegmentedRaftLogWorker (SegmentedRaftLogWorker.java:startLogSegment(447)) - 614edf31-22be-48a8-af09-2d4dd5301ee2@group-A48533C3333B-SegmentedRaftLogWorker: Starting segment from index:0
2023-09-07 20:32:38,971 [614edf31-22be-48a8-af09-2d4dd5301ee2@group-A36E6103BAA9-LeaderElection32] INFO  impl.LeaderElection (LeaderElection.java:askForVotes(321)) - 614edf31-22be-48a8-af09-2d4dd5301ee2@group-A36E6103BAA9-LeaderElection32 PRE_VOTE round 0: submit vote requests at term 0 for -1: peers:[0f4389f5-8f89-483a-970a-d84001bccdfd|rpc:10.1.0.11:15191|admin:10.1.0.11:15190|client:10.1.0.11:15189|dataStream:10.1.0.11:15192|priority:0|startupRole:FOLLOWER, 614edf31-22be-48a8-af09-2d4dd5301ee2|rpc:10.1.0.11:15173|admin:10.1.0.11:15172|client:10.1.0.11:15171|dataStream:10.1.0.11:15174|priority:0|startupRole:FOLLOWER, 18956b72-3f9a-4d33-a14d-cbde511355b4|rpc:10.1.0.11:15182|admin:10.1.0.11:15181|client:10.1.0.11:15180|dataStream:10.1.0.11:15183|priority:1|startupRole:FOLLOWER]|listeners:[], old=null
2023-09-07 20:32:38,971 [614edf31-22be-48a8-af09-2d4dd5301ee2@group-A48533C3333B-LeaderElection31] INFO  server.RaftServer$Division (ServerState.java:setRaftConf(434)) - 614edf31-22be-48a8-af09-2d4dd5301ee2@group-A48533C3333B: set configuration 0: peers:[614edf31-22be-48a8-af09-2d4dd5301ee2|rpc:10.1.0.11:15173|admin:10.1.0.11:15172|client:10.1.0.11:15171|dataStream:10.1.0.11:15174|priority:1|startupRole:FOLLOWER]|listeners:[], old=null
2023-09-07 20:32:38,972 [614edf31-22be-48a8-af09-2d4dd5301ee2@group-A48533C3333B-SegmentedRaftLogWorker] INFO  segmented.SegmentedRaftLogWorker (SegmentedRaftLogWorker.java:execute(651)) - 614edf31-22be-48a8-af09-2d4dd5301ee2@group-A48533C3333B-SegmentedRaftLogWorker: created new log segment /home/runner/work/ozone/ozone/hadoop-ozone/integration-test/target/test-dir/MiniOzoneClusterImpl-5752d0ac-6059-42ff-b166-1d3c6b9f978d/datanode-0/data/ratis/24405275-2383-4a29-91b9-a48533c3333b/current/log_inprogress_0
2023-09-07 20:32:38,972 [614edf31-22be-48a8-af09-2d4dd5301ee2@group-A36E6103BAA9-LeaderElection32-1] INFO  server.GrpcServerProtocolClient (GrpcServerProtocolClient.java:<init>(65)) - Build channel for 0f4389f5-8f89-483a-970a-d84001bccdfd
2023-09-07 20:32:38,975 [614edf31-22be-48a8-af09-2d4dd5301ee2@group-A36E6103BAA9-LeaderElection32] INFO  server.RaftServerConfigKeys (ConfUtils.java:logFallback(53)) - raft.server.rpc.first-election.timeout.min = 5s (fallback to raft.server.rpc.timeout.min)
2023-09-07 20:32:38,976 [614edf31-22be-48a8-af09-2d4dd5301ee2@group-A36E6103BAA9-LeaderElection32] INFO  server.RaftServerConfigKeys (ConfUtils.java:logFallback(53)) - raft.server.rpc.first-election.timeout.max = 5200ms (fallback to raft.server.rpc.timeout.max)
2023-09-07 20:32:38,976 [614edf31-22be-48a8-af09-2d4dd5301ee2@group-A36E6103BAA9-LeaderElection32-2] INFO  server.GrpcServerProtocolClient (GrpcServerProtocolClient.java:<init>(65)) - Build channel for 18956b72-3f9a-4d33-a14d-cbde511355b4
2023-09-07 20:32:38,985 [grpc-default-executor-0] INFO  server.RaftServer$Division (RaftServerImpl.java:requestVote(1302)) - 18956b72-3f9a-4d33-a14d-cbde511355b4@group-A36E6103BAA9: receive requestVote(PRE_VOTE, 614edf31-22be-48a8-af09-2d4dd5301ee2, group-A36E6103BAA9, 0, (t:0, i:0))
2023-09-07 20:32:38,986 [grpc-default-executor-0] INFO  impl.VoteContext (VoteContext.java:log(49)) - 18956b72-3f9a-4d33-a14d-cbde511355b4@group-A36E6103BAA9-FOLLOWER: reject PRE_VOTE from 614edf31-22be-48a8-af09-2d4dd5301ee2: our priority 1 > candidate's priority 0
2023-09-07 20:32:38,986 [grpc-default-executor-0] INFO  server.RaftServer$Division (RaftServerImpl.java:requestVote(1335)) - 18956b72-3f9a-4d33-a14d-cbde511355b4@group-A36E6103BAA9 replies to PRE_VOTE vote request: 614edf31-22be-48a8-af09-2d4dd5301ee2<-18956b72-3f9a-4d33-a14d-cbde511355b4#0:FAIL-t0. Peer's state: 18956b72-3f9a-4d33-a14d-cbde511355b4@group-A36E6103BAA9:t0, leader=null, voted=, raftlog=Memoized:18956b72-3f9a-4d33-a14d-cbde511355b4@group-A36E6103BAA9-SegmentedRaftLog:OPENED:c-1, conf=-1: peers:[0f4389f5-8f89-483a-970a-d84001bccdfd|rpc:10.1.0.11:15191|admin:10.1.0.11:15190|client:10.1.0.11:15189|dataStream:10.1.0.11:15192|priority:0|startupRole:FOLLOWER, 614edf31-22be-48a8-af09-2d4dd5301ee2|rpc:10.1.0.11:15173|admin:10.1.0.11:15172|client:10.1.0.11:15171|dataStream:10.1.0.11:15174|priority:0|startupRole:FOLLOWER, 18956b72-3f9a-4d33-a14d-cbde511355b4|rpc:10.1.0.11:15182|admin:10.1.0.11:15181|client:10.1.0.11:15180|dataStream:10.1.0.11:15183|priority:1|startupRole:FOLLOWER]|listeners:[], old=null
2023-09-07 20:32:38,988 [614edf31-22be-48a8-af09-2d4dd5301ee2@group-A36E6103BAA9-LeaderElection32] INFO  impl.LeaderElection (LeaderElection.java:logAndReturn(90)) - 614edf31-22be-48a8-af09-2d4dd5301ee2@group-A36E6103BAA9-LeaderElection32: PRE_VOTE REJECTED received 1 response(s) and 0 exception(s):
2023-09-07 20:32:38,988 [614edf31-22be-48a8-af09-2d4dd5301ee2@group-A36E6103BAA9-LeaderElection32] INFO  impl.LeaderElection (LeaderElection.java:logAndReturn(94)) -   Response 0: 614edf31-22be-48a8-af09-2d4dd5301ee2<-18956b72-3f9a-4d33-a14d-cbde511355b4#0:FAIL-t0
2023-09-07 20:32:38,988 [614edf31-22be-48a8-af09-2d4dd5301ee2@group-A36E6103BAA9-LeaderElection32] INFO  impl.LeaderElection (LeaderElection.java:askForVotes(323)) - 614edf31-22be-48a8-af09-2d4dd5301ee2@group-A36E6103BAA9-LeaderElection32 PRE_VOTE round 0: result REJECTED
2023-09-07 20:32:38,988 [614edf31-22be-48a8-af09-2d4dd5301ee2@group-A36E6103BAA9-LeaderElection32] INFO  server.RaftServer$Division (RaftServerImpl.java:setRole(329)) - 614edf31-22be-48a8-af09-2d4dd5301ee2@group-A36E6103BAA9: changes role from CANDIDATE to FOLLOWER at term 0 for REJECTED
2023-09-07 20:32:38,988 [614edf31-22be-48a8-af09-2d4dd5301ee2@group-A36E6103BAA9-LeaderElection32] INFO  impl.RoleInfo (RoleInfo.java:shutdownLeaderElection(130)) - 614edf31-22be-48a8-af09-2d4dd5301ee2: shutdown 614edf31-22be-48a8-af09-2d4dd5301ee2@group-A36E6103BAA9-LeaderElection32
2023-09-07 20:32:38,988 [614edf31-22be-48a8-af09-2d4dd5301ee2@group-A36E6103BAA9-LeaderElection32] INFO  impl.RoleInfo (RoleInfo.java:updateAndGet(139)) - 614edf31-22be-48a8-af09-2d4dd5301ee2: start 614edf31-22be-48a8-af09-2d4dd5301ee2@group-A36E6103BAA9-FollowerState
2023-09-07 20:32:38,992 [grpc-default-executor-0] INFO  server.RaftServer$Division (RaftServerImpl.java:requestVote(1302)) - 0f4389f5-8f89-483a-970a-d84001bccdfd@group-A36E6103BAA9: receive requestVote(PRE_VOTE, 614edf31-22be-48a8-af09-2d4dd5301ee2, group-A36E6103BAA9, 0, (t:0, i:0))
2023-09-07 20:32:38,992 [grpc-default-executor-0] INFO  impl.VoteContext (VoteContext.java:log(49)) - 0f4389f5-8f89-483a-970a-d84001bccdfd@group-A36E6103BAA9-FOLLOWER: accept PRE_VOTE from 614edf31-22be-48a8-af09-2d4dd5301ee2: our priority 0 <= candidate's priority 0
2023-09-07 20:32:38,992 [grpc-default-executor-0] INFO  server.RaftServer$Division (RaftServerImpl.java:requestVote(1335)) - 0f4389f5-8f89-483a-970a-d84001bccdfd@group-A36E6103BAA9 replies to PRE_VOTE vote request: 614edf31-22be-48a8-af09-2d4dd5301ee2<-0f4389f5-8f89-483a-970a-d84001bccdfd#0:OK-t0. Peer's state: 0f4389f5-8f89-483a-970a-d84001bccdfd@group-A36E6103BAA9:t0, leader=null, voted=, raftlog=Memoized:0f4389f5-8f89-483a-970a-d84001bccdfd@group-A36E6103BAA9-SegmentedRaftLog:OPENED:c-1, conf=-1: peers:[0f4389f5-8f89-483a-970a-d84001bccdfd|rpc:10.1.0.11:15191|admin:10.1.0.11:15190|client:10.1.0.11:15189|dataStream:10.1.0.11:15192|priority:0|startupRole:FOLLOWER, 614edf31-22be-48a8-af09-2d4dd5301ee2|rpc:10.1.0.11:15173|admin:10.1.0.11:15172|client:10.1.0.11:15171|dataStream:10.1.0.11:15174|priority:0|startupRole:FOLLOWER, 18956b72-3f9a-4d33-a14d-cbde511355b4|rpc:10.1.0.11:15182|admin:10.1.0.11:15181|client:10.1.0.11:15180|dataStream:10.1.0.11:15183|priority:1|startupRole:FOLLOWER]|listeners:[], old=null
2023-09-07 20:32:39,001 [614edf31-22be-48a8-af09-2d4dd5301ee2@group-3530F8C087DA-FollowerState] INFO  impl.FollowerState (FollowerState.java:run(143)) - 614edf31-22be-48a8-af09-2d4dd5301ee2@group-3530F8C087DA-FollowerState: change to CANDIDATE, lastRpcElapsedTime:5032702957ns, electionTimeout:5032ms
2023-09-07 20:32:39,001 [614edf31-22be-48a8-af09-2d4dd5301ee2@group-3530F8C087DA-FollowerState] INFO  impl.RoleInfo (RoleInfo.java:shutdownFollowerState(110)) - 614edf31-22be-48a8-af09-2d4dd5301ee2: shutdown 614edf31-22be-48a8-af09-2d4dd5301ee2@group-3530F8C087DA-FollowerState
2023-09-07 20:32:39,001 [614edf31-22be-48a8-af09-2d4dd5301ee2@group-3530F8C087DA-FollowerState] INFO  server.RaftServer$Division (RaftServerImpl.java:setRole(329)) - 614edf31-22be-48a8-af09-2d4dd5301ee2@group-3530F8C087DA: changes role from  FOLLOWER to CANDIDATE at term 0 for changeToCandidate
2023-09-07 20:32:39,001 [614edf31-22be-48a8-af09-2d4dd5301ee2@group-3530F8C087DA-FollowerState] INFO  server.RaftServerConfigKeys (ConfUtils.java:logGet(46)) - raft.server.leaderelection.pre-vote = true (default)
2023-09-07 20:32:39,001 [614edf31-22be-48a8-af09-2d4dd5301ee2@group-3530F8C087DA-FollowerState] INFO  impl.RoleInfo (RoleInfo.java:updateAndGet(139)) - 614edf31-22be-48a8-af09-2d4dd5301ee2: start 614edf31-22be-48a8-af09-2d4dd5301ee2@group-3530F8C087DA-LeaderElection33
2023-09-07 20:32:39,004 [614edf31-22be-48a8-af09-2d4dd5301ee2@group-3530F8C087DA-LeaderElection33] INFO  impl.LeaderElection (LeaderElection.java:askForVotes(321)) - 614edf31-22be-48a8-af09-2d4dd5301ee2@group-3530F8C087DA-LeaderElection33 PRE_VOTE round 0: submit vote requests at term 0 for -1: peers:[0f4389f5-8f89-483a-970a-d84001bccdfd|rpc:10.1.0.11:15191|admin:10.1.0.11:15190|client:10.1.0.11:15189|dataStream:10.1.0.11:15192|priority:1|startupRole:FOLLOWER, 614edf31-22be-48a8-af09-2d4dd5301ee2|rpc:10.1.0.11:15173|admin:10.1.0.11:15172|client:10.1.0.11:15171|dataStream:10.1.0.11:15174|priority:0|startupRole:FOLLOWER, 18956b72-3f9a-4d33-a14d-cbde511355b4|rpc:10.1.0.11:15182|admin:10.1.0.11:15181|client:10.1.0.11:15180|dataStream:10.1.0.11:15183|priority:0|startupRole:FOLLOWER]|listeners:[], old=null
2023-09-07 20:32:39,005 [614edf31-22be-48a8-af09-2d4dd5301ee2@group-3530F8C087DA-LeaderElection33] INFO  server.RaftServerConfigKeys (ConfUtils.java:logFallback(53)) - raft.server.rpc.first-election.timeout.min = 5s (fallback to raft.server.rpc.timeout.min)
2023-09-07 20:32:39,005 [614edf31-22be-48a8-af09-2d4dd5301ee2@group-3530F8C087DA-LeaderElection33] INFO  server.RaftServerConfigKeys (ConfUtils.java:logFallback(53)) - raft.server.rpc.first-election.timeout.max = 5200ms (fallback to raft.server.rpc.timeout.max)
2023-09-07 20:32:39,009 [grpc-default-executor-0] INFO  server.RaftServer$Division (RaftServerImpl.java:requestVote(1302)) - 0f4389f5-8f89-483a-970a-d84001bccdfd@group-3530F8C087DA: receive requestVote(PRE_VOTE, 614edf31-22be-48a8-af09-2d4dd5301ee2, group-3530F8C087DA, 0, (t:0, i:0))
2023-09-07 20:32:39,010 [grpc-default-executor-0] INFO  impl.VoteContext (VoteContext.java:log(49)) - 0f4389f5-8f89-483a-970a-d84001bccdfd@group-3530F8C087DA-FOLLOWER: reject PRE_VOTE from 614edf31-22be-48a8-af09-2d4dd5301ee2: our priority 1 > candidate's priority 0
2023-09-07 20:32:39,010 [grpc-default-executor-0] INFO  server.RaftServer$Division (RaftServerImpl.java:requestVote(1335)) - 0f4389f5-8f89-483a-970a-d84001bccdfd@group-3530F8C087DA replies to PRE_VOTE vote request: 614edf31-22be-48a8-af09-2d4dd5301ee2<-0f4389f5-8f89-483a-970a-d84001bccdfd#0:FAIL-t0. Peer's state: 0f4389f5-8f89-483a-970a-d84001bccdfd@group-3530F8C087DA:t0, leader=null, voted=, raftlog=Memoized:0f4389f5-8f89-483a-970a-d84001bccdfd@group-3530F8C087DA-SegmentedRaftLog:OPENED:c-1, conf=-1: peers:[0f4389f5-8f89-483a-970a-d84001bccdfd|rpc:10.1.0.11:15191|admin:10.1.0.11:15190|client:10.1.0.11:15189|dataStream:10.1.0.11:15192|priority:1|startupRole:FOLLOWER, 614edf31-22be-48a8-af09-2d4dd5301ee2|rpc:10.1.0.11:15173|admin:10.1.0.11:15172|client:10.1.0.11:15171|dataStream:10.1.0.11:15174|priority:0|startupRole:FOLLOWER, 18956b72-3f9a-4d33-a14d-cbde511355b4|rpc:10.1.0.11:15182|admin:10.1.0.11:15181|client:10.1.0.11:15180|dataStream:10.1.0.11:15183|priority:0|startupRole:FOLLOWER]|listeners:[], old=null
2023-09-07 20:32:39,015 [614edf31-22be-48a8-af09-2d4dd5301ee2@group-3530F8C087DA-LeaderElection33] INFO  impl.LeaderElection (LeaderElection.java:logAndReturn(90)) - 614edf31-22be-48a8-af09-2d4dd5301ee2@group-3530F8C087DA-LeaderElection33: PRE_VOTE REJECTED received 1 response(s) and 0 exception(s):
2023-09-07 20:32:39,015 [614edf31-22be-48a8-af09-2d4dd5301ee2@group-3530F8C087DA-LeaderElection33] INFO  impl.LeaderElection (LeaderElection.java:logAndReturn(94)) -   Response 0: 614edf31-22be-48a8-af09-2d4dd5301ee2<-0f4389f5-8f89-483a-970a-d84001bccdfd#0:FAIL-t0
2023-09-07 20:32:39,015 [614edf31-22be-48a8-af09-2d4dd5301ee2@group-3530F8C087DA-LeaderElection33] INFO  impl.LeaderElection (LeaderElection.java:askForVotes(323)) - 614edf31-22be-48a8-af09-2d4dd5301ee2@group-3530F8C087DA-LeaderElection33 PRE_VOTE round 0: result REJECTED
2023-09-07 20:32:39,015 [614edf31-22be-48a8-af09-2d4dd5301ee2@group-3530F8C087DA-LeaderElection33] INFO  server.RaftServer$Division (RaftServerImpl.java:setRole(329)) - 614edf31-22be-48a8-af09-2d4dd5301ee2@group-3530F8C087DA: changes role from CANDIDATE to FOLLOWER at term 0 for REJECTED
2023-09-07 20:32:39,015 [614edf31-22be-48a8-af09-2d4dd5301ee2@group-3530F8C087DA-LeaderElection33] INFO  impl.RoleInfo (RoleInfo.java:shutdownLeaderElection(130)) - 614edf31-22be-48a8-af09-2d4dd5301ee2: shutdown 614edf31-22be-48a8-af09-2d4dd5301ee2@group-3530F8C087DA-LeaderElection33
2023-09-07 20:32:39,015 [614edf31-22be-48a8-af09-2d4dd5301ee2@group-3530F8C087DA-LeaderElection33] INFO  impl.RoleInfo (RoleInfo.java:updateAndGet(139)) - 614edf31-22be-48a8-af09-2d4dd5301ee2: start 614edf31-22be-48a8-af09-2d4dd5301ee2@group-3530F8C087DA-FollowerState
2023-09-07 20:32:39,016 [grpc-default-executor-1] INFO  server.RaftServer$Division (RaftServerImpl.java:requestVote(1302)) - 18956b72-3f9a-4d33-a14d-cbde511355b4@group-3530F8C087DA: receive requestVote(PRE_VOTE, 614edf31-22be-48a8-af09-2d4dd5301ee2, group-3530F8C087DA, 0, (t:0, i:0))
2023-09-07 20:32:39,016 [grpc-default-executor-1] INFO  impl.VoteContext (VoteContext.java:log(49)) - 18956b72-3f9a-4d33-a14d-cbde511355b4@group-3530F8C087DA-FOLLOWER: accept PRE_VOTE from 614edf31-22be-48a8-af09-2d4dd5301ee2: our priority 0 <= candidate's priority 0
2023-09-07 20:32:39,016 [grpc-default-executor-1] INFO  server.RaftServer$Division (RaftServerImpl.java:requestVote(1335)) - 18956b72-3f9a-4d33-a14d-cbde511355b4@group-3530F8C087DA replies to PRE_VOTE vote request: 614edf31-22be-48a8-af09-2d4dd5301ee2<-18956b72-3f9a-4d33-a14d-cbde511355b4#0:OK-t0. Peer's state: 18956b72-3f9a-4d33-a14d-cbde511355b4@group-3530F8C087DA:t0, leader=null, voted=, raftlog=Memoized:18956b72-3f9a-4d33-a14d-cbde511355b4@group-3530F8C087DA-SegmentedRaftLog:OPENED:c-1, conf=-1: peers:[0f4389f5-8f89-483a-970a-d84001bccdfd|rpc:10.1.0.11:15191|admin:10.1.0.11:15190|client:10.1.0.11:15189|dataStream:10.1.0.11:15192|priority:1|startupRole:FOLLOWER, 614edf31-22be-48a8-af09-2d4dd5301ee2|rpc:10.1.0.11:15173|admin:10.1.0.11:15172|client:10.1.0.11:15171|dataStream:10.1.0.11:15174|priority:0|startupRole:FOLLOWER, 18956b72-3f9a-4d33-a14d-cbde511355b4|rpc:10.1.0.11:15182|admin:10.1.0.11:15181|client:10.1.0.11:15180|dataStream:10.1.0.11:15183|priority:0|startupRole:FOLLOWER]|listeners:[], old=null
2023-09-07 20:32:39,052 [0f4389f5-8f89-483a-970a-d84001bccdfd@group-A36E6103BAA9-FollowerState] INFO  server.RaftServerConfigKeys (ConfUtils.java:logFallback(53)) - raft.server.rpc.first-election.timeout.min = 5s (fallback to raft.server.rpc.timeout.min)
2023-09-07 20:32:39,053 [0f4389f5-8f89-483a-970a-d84001bccdfd@group-A36E6103BAA9-FollowerState] INFO  server.RaftServerConfigKeys (ConfUtils.java:logFallback(53)) - raft.server.rpc.first-election.timeout.max = 5200ms (fallback to raft.server.rpc.timeout.max)
2023-09-07 20:32:39,103 [0f4389f5-8f89-483a-970a-d84001bccdfd@group-3530F8C087DA-FollowerState] INFO  impl.FollowerState (FollowerState.java:run(143)) - 0f4389f5-8f89-483a-970a-d84001bccdfd@group-3530F8C087DA-FollowerState: change to CANDIDATE, lastRpcElapsedTime:5102442181ns, electionTimeout:5100ms
2023-09-07 20:32:39,103 [0f4389f5-8f89-483a-970a-d84001bccdfd@group-3530F8C087DA-FollowerState] INFO  impl.RoleInfo (RoleInfo.java:shutdownFollowerState(110)) - 0f4389f5-8f89-483a-970a-d84001bccdfd: shutdown 0f4389f5-8f89-483a-970a-d84001bccdfd@group-3530F8C087DA-FollowerState
2023-09-07 20:32:39,104 [0f4389f5-8f89-483a-970a-d84001bccdfd@group-3530F8C087DA-FollowerState] INFO  server.RaftServer$Division (RaftServerImpl.java:setRole(329)) - 0f4389f5-8f89-483a-970a-d84001bccdfd@group-3530F8C087DA: changes role from  FOLLOWER to CANDIDATE at term 0 for changeToCandidate
2023-09-07 20:32:39,104 [0f4389f5-8f89-483a-970a-d84001bccdfd@group-3530F8C087DA-FollowerState] INFO  server.RaftServerConfigKeys (ConfUtils.java:logGet(46)) - raft.server.leaderelection.pre-vote = true (default)
2023-09-07 20:32:39,104 [0f4389f5-8f89-483a-970a-d84001bccdfd@group-3530F8C087DA-FollowerState] INFO  impl.RoleInfo (RoleInfo.java:updateAndGet(139)) - 0f4389f5-8f89-483a-970a-d84001bccdfd: start 0f4389f5-8f89-483a-970a-d84001bccdfd@group-3530F8C087DA-LeaderElection34
2023-09-07 20:32:39,105 [0f4389f5-8f89-483a-970a-d84001bccdfd@group-3530F8C087DA-LeaderElection34] INFO  impl.LeaderElection (LeaderElection.java:askForVotes(321)) - 0f4389f5-8f89-483a-970a-d84001bccdfd@group-3530F8C087DA-LeaderElection34 PRE_VOTE round 0: submit vote requests at term 0 for -1: peers:[0f4389f5-8f89-483a-970a-d84001bccdfd|rpc:10.1.0.11:15191|admin:10.1.0.11:15190|client:10.1.0.11:15189|dataStream:10.1.0.11:15192|priority:1|startupRole:FOLLOWER, 614edf31-22be-48a8-af09-2d4dd5301ee2|rpc:10.1.0.11:15173|admin:10.1.0.11:15172|client:10.1.0.11:15171|dataStream:10.1.0.11:15174|priority:0|startupRole:FOLLOWER, 18956b72-3f9a-4d33-a14d-cbde511355b4|rpc:10.1.0.11:15182|admin:10.1.0.11:15181|client:10.1.0.11:15180|dataStream:10.1.0.11:15183|priority:0|startupRole:FOLLOWER]|listeners:[], old=null
2023-09-07 20:32:39,106 [0f4389f5-8f89-483a-970a-d84001bccdfd@group-3530F8C087DA-LeaderElection34] INFO  server.RaftServerConfigKeys (ConfUtils.java:logFallback(53)) - raft.server.rpc.first-election.timeout.min = 5s (fallback to raft.server.rpc.timeout.min)
2023-09-07 20:32:39,106 [0f4389f5-8f89-483a-970a-d84001bccdfd@group-3530F8C087DA-LeaderElection34-1] INFO  server.GrpcServerProtocolClient (GrpcServerProtocolClient.java:<init>(65)) - Build channel for 614edf31-22be-48a8-af09-2d4dd5301ee2
2023-09-07 20:32:39,106 [0f4389f5-8f89-483a-970a-d84001bccdfd@group-3530F8C087DA-LeaderElection34] INFO  server.RaftServerConfigKeys (ConfUtils.java:logFallback(53)) - raft.server.rpc.first-election.timeout.max = 5200ms (fallback to raft.server.rpc.timeout.max)
2023-09-07 20:32:39,106 [0f4389f5-8f89-483a-970a-d84001bccdfd@group-3530F8C087DA-LeaderElection34-2] INFO  server.GrpcServerProtocolClient (GrpcServerProtocolClient.java:<init>(65)) - Build channel for 18956b72-3f9a-4d33-a14d-cbde511355b4
2023-09-07 20:32:39,126 [grpc-default-executor-1] INFO  server.RaftServer$Division (RaftServerImpl.java:requestVote(1302)) - 614edf31-22be-48a8-af09-2d4dd5301ee2@group-3530F8C087DA: receive requestVote(PRE_VOTE, 0f4389f5-8f89-483a-970a-d84001bccdfd, group-3530F8C087DA, 0, (t:0, i:0))
2023-09-07 20:32:39,127 [grpc-default-executor-1] INFO  impl.VoteContext (VoteContext.java:log(49)) - 614edf31-22be-48a8-af09-2d4dd5301ee2@group-3530F8C087DA-FOLLOWER: accept PRE_VOTE from 0f4389f5-8f89-483a-970a-d84001bccdfd: our priority 0 <= candidate's priority 1
2023-09-07 20:32:39,127 [grpc-default-executor-1] INFO  server.RaftServer$Division (RaftServerImpl.java:requestVote(1335)) - 614edf31-22be-48a8-af09-2d4dd5301ee2@group-3530F8C087DA replies to PRE_VOTE vote request: 0f4389f5-8f89-483a-970a-d84001bccdfd<-614edf31-22be-48a8-af09-2d4dd5301ee2#0:OK-t0. Peer's state: 614edf31-22be-48a8-af09-2d4dd5301ee2@group-3530F8C087DA:t0, leader=null, voted=, raftlog=Memoized:614edf31-22be-48a8-af09-2d4dd5301ee2@group-3530F8C087DA-SegmentedRaftLog:OPENED:c-1, conf=-1: peers:[0f4389f5-8f89-483a-970a-d84001bccdfd|rpc:10.1.0.11:15191|admin:10.1.0.11:15190|client:10.1.0.11:15189|dataStream:10.1.0.11:15192|priority:1|startupRole:FOLLOWER, 614edf31-22be-48a8-af09-2d4dd5301ee2|rpc:10.1.0.11:15173|admin:10.1.0.11:15172|client:10.1.0.11:15171|dataStream:10.1.0.11:15174|priority:0|startupRole:FOLLOWER, 18956b72-3f9a-4d33-a14d-cbde511355b4|rpc:10.1.0.11:15182|admin:10.1.0.11:15181|client:10.1.0.11:15180|dataStream:10.1.0.11:15183|priority:0|startupRole:FOLLOWER]|listeners:[], old=null
2023-09-07 20:32:39,128 [0f4389f5-8f89-483a-970a-d84001bccdfd@group-3530F8C087DA-LeaderElection34] INFO  impl.LeaderElection (LeaderElection.java:logAndReturn(90)) - 0f4389f5-8f89-483a-970a-d84001bccdfd@group-3530F8C087DA-LeaderElection34: PRE_VOTE PASSED received 1 response(s) and 0 exception(s):
2023-09-07 20:32:39,128 [0f4389f5-8f89-483a-970a-d84001bccdfd@group-3530F8C087DA-LeaderElection34] INFO  impl.LeaderElection (LeaderElection.java:logAndReturn(94)) -   Response 0: 0f4389f5-8f89-483a-970a-d84001bccdfd<-614edf31-22be-48a8-af09-2d4dd5301ee2#0:OK-t0
2023-09-07 20:32:39,128 [0f4389f5-8f89-483a-970a-d84001bccdfd@group-3530F8C087DA-LeaderElection34] INFO  impl.LeaderElection (LeaderElection.java:askForVotes(323)) - 0f4389f5-8f89-483a-970a-d84001bccdfd@group-3530F8C087DA-LeaderElection34 PRE_VOTE round 0: result PASSED
2023-09-07 20:32:39,132 [18956b72-3f9a-4d33-a14d-cbde511355b4@group-A36E6103BAA9-FollowerState] INFO  impl.FollowerState (FollowerState.java:run(143)) - 18956b72-3f9a-4d33-a14d-cbde511355b4@group-A36E6103BAA9-FollowerState: change to CANDIDATE, lastRpcElapsedTime:5199430096ns, electionTimeout:5189ms
2023-09-07 20:32:39,132 [18956b72-3f9a-4d33-a14d-cbde511355b4@group-A36E6103BAA9-FollowerState] INFO  impl.RoleInfo (RoleInfo.java:shutdownFollowerState(110)) - 18956b72-3f9a-4d33-a14d-cbde511355b4: shutdown 18956b72-3f9a-4d33-a14d-cbde511355b4@group-A36E6103BAA9-FollowerState
2023-09-07 20:32:39,132 [18956b72-3f9a-4d33-a14d-cbde511355b4@group-A36E6103BAA9-FollowerState] INFO  server.RaftServer$Division (RaftServerImpl.java:setRole(329)) - 18956b72-3f9a-4d33-a14d-cbde511355b4@group-A36E6103BAA9: changes role from  FOLLOWER to CANDIDATE at term 0 for changeToCandidate
2023-09-07 20:32:39,133 [18956b72-3f9a-4d33-a14d-cbde511355b4@group-A36E6103BAA9-FollowerState] INFO  server.RaftServerConfigKeys (ConfUtils.java:logGet(46)) - raft.server.leaderelection.pre-vote = true (default)
2023-09-07 20:32:39,133 [18956b72-3f9a-4d33-a14d-cbde511355b4@group-A36E6103BAA9-FollowerState] INFO  impl.RoleInfo (RoleInfo.java:updateAndGet(139)) - 18956b72-3f9a-4d33-a14d-cbde511355b4: start 18956b72-3f9a-4d33-a14d-cbde511355b4@group-A36E6103BAA9-LeaderElection35
2023-09-07 20:32:39,134 [18956b72-3f9a-4d33-a14d-cbde511355b4@group-3530F8C087DA-FollowerState] INFO  server.RaftServerConfigKeys (ConfUtils.java:logFallback(53)) - raft.server.rpc.first-election.timeout.min = 5s (fallback to raft.server.rpc.timeout.min)
2023-09-07 20:32:39,134 [18956b72-3f9a-4d33-a14d-cbde511355b4@group-3530F8C087DA-FollowerState] INFO  server.RaftServerConfigKeys (ConfUtils.java:logFallback(53)) - raft.server.rpc.first-election.timeout.max = 5200ms (fallback to raft.server.rpc.timeout.max)
2023-09-07 20:32:39,135 [0f4389f5-8f89-483a-970a-d84001bccdfd@group-3530F8C087DA-LeaderElection34] INFO  impl.LeaderElection (LeaderElection.java:askForVotes(321)) - 0f4389f5-8f89-483a-970a-d84001bccdfd@group-3530F8C087DA-LeaderElection34 ELECTION round 0: submit vote requests at term 1 for -1: peers:[0f4389f5-8f89-483a-970a-d84001bccdfd|rpc:10.1.0.11:15191|admin:10.1.0.11:15190|client:10.1.0.11:15189|dataStream:10.1.0.11:15192|priority:1|startupRole:FOLLOWER, 614edf31-22be-48a8-af09-2d4dd5301ee2|rpc:10.1.0.11:15173|admin:10.1.0.11:15172|client:10.1.0.11:15171|dataStream:10.1.0.11:15174|priority:0|startupRole:FOLLOWER, 18956b72-3f9a-4d33-a14d-cbde511355b4|rpc:10.1.0.11:15182|admin:10.1.0.11:15181|client:10.1.0.11:15180|dataStream:10.1.0.11:15183|priority:0|startupRole:FOLLOWER]|listeners:[], old=null
2023-09-07 20:32:39,135 [18956b72-3f9a-4d33-a14d-cbde511355b4@group-A36E6103BAA9-LeaderElection35] INFO  impl.LeaderElection (LeaderElection.java:askForVotes(321)) - 18956b72-3f9a-4d33-a14d-cbde511355b4@group-A36E6103BAA9-LeaderElection35 PRE_VOTE round 0: submit vote requests at term 0 for -1: peers:[0f4389f5-8f89-483a-970a-d84001bccdfd|rpc:10.1.0.11:15191|admin:10.1.0.11:15190|client:10.1.0.11:15189|dataStream:10.1.0.11:15192|priority:0|startupRole:FOLLOWER, 614edf31-22be-48a8-af09-2d4dd5301ee2|rpc:10.1.0.11:15173|admin:10.1.0.11:15172|client:10.1.0.11:15171|dataStream:10.1.0.11:15174|priority:0|startupRole:FOLLOWER, 18956b72-3f9a-4d33-a14d-cbde511355b4|rpc:10.1.0.11:15182|admin:10.1.0.11:15181|client:10.1.0.11:15180|dataStream:10.1.0.11:15183|priority:1|startupRole:FOLLOWER]|listeners:[], old=null
2023-09-07 20:32:39,135 [0f4389f5-8f89-483a-970a-d84001bccdfd@group-3530F8C087DA-LeaderElection34] INFO  server.RaftServerConfigKeys (ConfUtils.java:logFallback(53)) - raft.server.rpc.first-election.timeout.min = 5s (fallback to raft.server.rpc.timeout.min)
2023-09-07 20:32:39,135 [0f4389f5-8f89-483a-970a-d84001bccdfd@group-3530F8C087DA-LeaderElection34] INFO  server.RaftServerConfigKeys (ConfUtils.java:logFallback(53)) - raft.server.rpc.first-election.timeout.max = 5200ms (fallback to raft.server.rpc.timeout.max)
2023-09-07 20:32:39,140 [grpc-default-executor-0] INFO  server.RaftServer$Division (RaftServerImpl.java:requestVote(1302)) - 18956b72-3f9a-4d33-a14d-cbde511355b4@group-3530F8C087DA: receive requestVote(PRE_VOTE, 0f4389f5-8f89-483a-970a-d84001bccdfd, group-3530F8C087DA, 0, (t:0, i:0))
2023-09-07 20:32:39,140 [grpc-default-executor-0] INFO  impl.VoteContext (VoteContext.java:log(49)) - 18956b72-3f9a-4d33-a14d-cbde511355b4@group-3530F8C087DA-FOLLOWER: accept PRE_VOTE from 0f4389f5-8f89-483a-970a-d84001bccdfd: our priority 0 <= candidate's priority 1
2023-09-07 20:32:39,140 [grpc-default-executor-0] INFO  server.RaftServer$Division (RaftServerImpl.java:requestVote(1335)) - 18956b72-3f9a-4d33-a14d-cbde511355b4@group-3530F8C087DA replies to PRE_VOTE vote request: 0f4389f5-8f89-483a-970a-d84001bccdfd<-18956b72-3f9a-4d33-a14d-cbde511355b4#0:OK-t0. Peer's state: 18956b72-3f9a-4d33-a14d-cbde511355b4@group-3530F8C087DA:t0, leader=null, voted=, raftlog=Memoized:18956b72-3f9a-4d33-a14d-cbde511355b4@group-3530F8C087DA-SegmentedRaftLog:OPENED:c-1, conf=-1: peers:[0f4389f5-8f89-483a-970a-d84001bccdfd|rpc:10.1.0.11:15191|admin:10.1.0.11:15190|client:10.1.0.11:15189|dataStream:10.1.0.11:15192|priority:1|startupRole:FOLLOWER, 614edf31-22be-48a8-af09-2d4dd5301ee2|rpc:10.1.0.11:15173|admin:10.1.0.11:15172|client:10.1.0.11:15171|dataStream:10.1.0.11:15174|priority:0|startupRole:FOLLOWER, 18956b72-3f9a-4d33-a14d-cbde511355b4|rpc:10.1.0.11:15182|admin:10.1.0.11:15181|client:10.1.0.11:15180|dataStream:10.1.0.11:15183|priority:0|startupRole:FOLLOWER]|listeners:[], old=null
2023-09-07 20:32:39,141 [18956b72-3f9a-4d33-a14d-cbde511355b4@group-A36E6103BAA9-LeaderElection35-1] INFO  server.GrpcServerProtocolClient (GrpcServerProtocolClient.java:<init>(65)) - Build channel for 0f4389f5-8f89-483a-970a-d84001bccdfd
2023-09-07 20:32:39,145 [18956b72-3f9a-4d33-a14d-cbde511355b4@group-A36E6103BAA9-LeaderElection35] INFO  server.RaftServerConfigKeys (ConfUtils.java:logFallback(53)) - raft.server.rpc.first-election.timeout.min = 5s (fallback to raft.server.rpc.timeout.min)
2023-09-07 20:32:39,145 [18956b72-3f9a-4d33-a14d-cbde511355b4@group-A36E6103BAA9-LeaderElection35-2] INFO  server.GrpcServerProtocolClient (GrpcServerProtocolClient.java:<init>(65)) - Build channel for 614edf31-22be-48a8-af09-2d4dd5301ee2
2023-09-07 20:32:39,145 [18956b72-3f9a-4d33-a14d-cbde511355b4@group-A36E6103BAA9-LeaderElection35] INFO  server.RaftServerConfigKeys (ConfUtils.java:logFallback(53)) - raft.server.rpc.first-election.timeout.max = 5200ms (fallback to raft.server.rpc.timeout.max)
2023-09-07 20:32:39,175 [grpc-default-executor-1] INFO  server.RaftServer$Division (RaftServerImpl.java:requestVote(1302)) - 18956b72-3f9a-4d33-a14d-cbde511355b4@group-3530F8C087DA: receive requestVote(ELECTION, 0f4389f5-8f89-483a-970a-d84001bccdfd, group-3530F8C087DA, 1, (t:0, i:0))
2023-09-07 20:32:39,175 [grpc-default-executor-2] INFO  server.RaftServer$Division (RaftServerImpl.java:requestVote(1302)) - 0f4389f5-8f89-483a-970a-d84001bccdfd@group-A36E6103BAA9: receive requestVote(PRE_VOTE, 18956b72-3f9a-4d33-a14d-cbde511355b4, group-A36E6103BAA9, 0, (t:0, i:0))
2023-09-07 20:32:39,175 [grpc-default-executor-1] INFO  impl.VoteContext (VoteContext.java:log(49)) - 18956b72-3f9a-4d33-a14d-cbde511355b4@group-3530F8C087DA-FOLLOWER: accept ELECTION from 0f4389f5-8f89-483a-970a-d84001bccdfd: our priority 0 <= candidate's priority 1
2023-09-07 20:32:39,176 [grpc-default-executor-2] INFO  impl.VoteContext (VoteContext.java:log(49)) - 0f4389f5-8f89-483a-970a-d84001bccdfd@group-A36E6103BAA9-FOLLOWER: accept PRE_VOTE from 18956b72-3f9a-4d33-a14d-cbde511355b4: our priority 0 <= candidate's priority 1
2023-09-07 20:32:39,176 [grpc-default-executor-0] INFO  server.RaftServer$Division (RaftServerImpl.java:requestVote(1302)) - 614edf31-22be-48a8-af09-2d4dd5301ee2@group-3530F8C087DA: receive requestVote(ELECTION, 0f4389f5-8f89-483a-970a-d84001bccdfd, group-3530F8C087DA, 1, (t:0, i:0))
2023-09-07 20:32:39,176 [grpc-default-executor-2] INFO  server.RaftServer$Division (RaftServerImpl.java:requestVote(1335)) - 0f4389f5-8f89-483a-970a-d84001bccdfd@group-A36E6103BAA9 replies to PRE_VOTE vote request: 18956b72-3f9a-4d33-a14d-cbde511355b4<-0f4389f5-8f89-483a-970a-d84001bccdfd#0:OK-t0. Peer's state: 0f4389f5-8f89-483a-970a-d84001bccdfd@group-A36E6103BAA9:t0, leader=null, voted=, raftlog=Memoized:0f4389f5-8f89-483a-970a-d84001bccdfd@group-A36E6103BAA9-SegmentedRaftLog:OPENED:c-1, conf=-1: peers:[0f4389f5-8f89-483a-970a-d84001bccdfd|rpc:10.1.0.11:15191|admin:10.1.0.11:15190|client:10.1.0.11:15189|dataStream:10.1.0.11:15192|priority:0|startupRole:FOLLOWER, 614edf31-22be-48a8-af09-2d4dd5301ee2|rpc:10.1.0.11:15173|admin:10.1.0.11:15172|client:10.1.0.11:15171|dataStream:10.1.0.11:15174|priority:0|startupRole:FOLLOWER, 18956b72-3f9a-4d33-a14d-cbde511355b4|rpc:10.1.0.11:15182|admin:10.1.0.11:15181|client:10.1.0.11:15180|dataStream:10.1.0.11:15183|priority:1|startupRole:FOLLOWER]|listeners:[], old=null
2023-09-07 20:32:39,176 [grpc-default-executor-0] INFO  impl.VoteContext (VoteContext.java:log(49)) - 614edf31-22be-48a8-af09-2d4dd5301ee2@group-3530F8C087DA-FOLLOWER: accept ELECTION from 0f4389f5-8f89-483a-970a-d84001bccdfd: our priority 0 <= candidate's priority 1
2023-09-07 20:32:39,176 [grpc-default-executor-0] INFO  server.RaftServer$Division (RaftServerImpl.java:setRole(329)) - 614edf31-22be-48a8-af09-2d4dd5301ee2@group-3530F8C087DA: changes role from  FOLLOWER to FOLLOWER at term 1 for candidate:0f4389f5-8f89-483a-970a-d84001bccdfd
2023-09-07 20:32:39,176 [grpc-default-executor-0] INFO  impl.RoleInfo (RoleInfo.java:shutdownFollowerState(110)) - 614edf31-22be-48a8-af09-2d4dd5301ee2: shutdown 614edf31-22be-48a8-af09-2d4dd5301ee2@group-3530F8C087DA-FollowerState
2023-09-07 20:32:39,176 [grpc-default-executor-0] INFO  impl.RoleInfo (RoleInfo.java:updateAndGet(139)) - 614edf31-22be-48a8-af09-2d4dd5301ee2: start 614edf31-22be-48a8-af09-2d4dd5301ee2@group-3530F8C087DA-FollowerState
2023-09-07 20:32:39,176 [614edf31-22be-48a8-af09-2d4dd5301ee2@group-3530F8C087DA-FollowerState] INFO  impl.FollowerState (FollowerState.java:run(152)) - 614edf31-22be-48a8-af09-2d4dd5301ee2@group-3530F8C087DA-FollowerState was interrupted
2023-09-07 20:32:39,176 [grpc-default-executor-1] INFO  server.RaftServer$Division (RaftServerImpl.java:setRole(329)) - 18956b72-3f9a-4d33-a14d-cbde511355b4@group-3530F8C087DA: changes role from  FOLLOWER to FOLLOWER at term 1 for candidate:0f4389f5-8f89-483a-970a-d84001bccdfd
2023-09-07 20:32:39,176 [grpc-default-executor-1] INFO  impl.RoleInfo (RoleInfo.java:shutdownFollowerState(110)) - 18956b72-3f9a-4d33-a14d-cbde511355b4: shutdown 18956b72-3f9a-4d33-a14d-cbde511355b4@group-3530F8C087DA-FollowerState
2023-09-07 20:32:39,183 [grpc-default-executor-1] INFO  impl.RoleInfo (RoleInfo.java:updateAndGet(139)) - 18956b72-3f9a-4d33-a14d-cbde511355b4: start 18956b72-3f9a-4d33-a14d-cbde511355b4@group-3530F8C087DA-FollowerState
2023-09-07 20:32:39,183 [18956b72-3f9a-4d33-a14d-cbde511355b4@group-3530F8C087DA-FollowerState] INFO  impl.FollowerState (FollowerState.java:run(152)) - 18956b72-3f9a-4d33-a14d-cbde511355b4@group-3530F8C087DA-FollowerState was interrupted
2023-09-07 20:32:39,185 [18956b72-3f9a-4d33-a14d-cbde511355b4@group-A36E6103BAA9-LeaderElection35] INFO  impl.LeaderElection (LeaderElection.java:logAndReturn(90)) - 18956b72-3f9a-4d33-a14d-cbde511355b4@group-A36E6103BAA9-LeaderElection35: PRE_VOTE PASSED received 1 response(s) and 0 exception(s):
2023-09-07 20:32:39,185 [18956b72-3f9a-4d33-a14d-cbde511355b4@group-A36E6103BAA9-LeaderElection35] INFO  impl.LeaderElection (LeaderElection.java:logAndReturn(94)) -   Response 0: 18956b72-3f9a-4d33-a14d-cbde511355b4<-0f4389f5-8f89-483a-970a-d84001bccdfd#0:OK-t0
2023-09-07 20:32:39,185 [grpc-default-executor-0] INFO  server.RaftServer$Division (RaftServerImpl.java:requestVote(1335)) - 614edf31-22be-48a8-af09-2d4dd5301ee2@group-3530F8C087DA replies to ELECTION vote request: 0f4389f5-8f89-483a-970a-d84001bccdfd<-614edf31-22be-48a8-af09-2d4dd5301ee2#0:OK-t1. Peer's state: 614edf31-22be-48a8-af09-2d4dd5301ee2@group-3530F8C087DA:t1, leader=null, voted=0f4389f5-8f89-483a-970a-d84001bccdfd, raftlog=Memoized:614edf31-22be-48a8-af09-2d4dd5301ee2@group-3530F8C087DA-SegmentedRaftLog:OPENED:c-1, conf=-1: peers:[0f4389f5-8f89-483a-970a-d84001bccdfd|rpc:10.1.0.11:15191|admin:10.1.0.11:15190|client:10.1.0.11:15189|dataStream:10.1.0.11:15192|priority:1|startupRole:FOLLOWER, 614edf31-22be-48a8-af09-2d4dd5301ee2|rpc:10.1.0.11:15173|admin:10.1.0.11:15172|client:10.1.0.11:15171|dataStream:10.1.0.11:15174|priority:0|startupRole:FOLLOWER, 18956b72-3f9a-4d33-a14d-cbde511355b4|rpc:10.1.0.11:15182|admin:10.1.0.11:15181|client:10.1.0.11:15180|dataStream:10.1.0.11:15183|priority:0|startupRole:FOLLOWER]|listeners:[], old=null
2023-09-07 20:32:39,185 [18956b72-3f9a-4d33-a14d-cbde511355b4@group-A36E6103BAA9-LeaderElection35] INFO  impl.LeaderElection (LeaderElection.java:askForVotes(323)) - 18956b72-3f9a-4d33-a14d-cbde511355b4@group-A36E6103BAA9-LeaderElection35 PRE_VOTE round 0: result PASSED
2023-09-07 20:32:39,186 [grpc-default-executor-1] INFO  server.RaftServer$Division (RaftServerImpl.java:requestVote(1335)) - 18956b72-3f9a-4d33-a14d-cbde511355b4@group-3530F8C087DA replies to ELECTION vote request: 0f4389f5-8f89-483a-970a-d84001bccdfd<-18956b72-3f9a-4d33-a14d-cbde511355b4#0:OK-t1. Peer's state: 18956b72-3f9a-4d33-a14d-cbde511355b4@group-3530F8C087DA:t1, leader=null, voted=0f4389f5-8f89-483a-970a-d84001bccdfd, raftlog=Memoized:18956b72-3f9a-4d33-a14d-cbde511355b4@group-3530F8C087DA-SegmentedRaftLog:OPENED:c-1, conf=-1: peers:[0f4389f5-8f89-483a-970a-d84001bccdfd|rpc:10.1.0.11:15191|admin:10.1.0.11:15190|client:10.1.0.11:15189|dataStream:10.1.0.11:15192|priority:1|startupRole:FOLLOWER, 614edf31-22be-48a8-af09-2d4dd5301ee2|rpc:10.1.0.11:15173|admin:10.1.0.11:15172|client:10.1.0.11:15171|dataStream:10.1.0.11:15174|priority:0|startupRole:FOLLOWER, 18956b72-3f9a-4d33-a14d-cbde511355b4|rpc:10.1.0.11:15182|admin:10.1.0.11:15181|client:10.1.0.11:15180|dataStream:10.1.0.11:15183|priority:0|startupRole:FOLLOWER]|listeners:[], old=null
2023-09-07 20:32:39,186 [grpc-default-executor-3] INFO  server.RaftServer$Division (RaftServerImpl.java:requestVote(1302)) - 614edf31-22be-48a8-af09-2d4dd5301ee2@group-A36E6103BAA9: receive requestVote(PRE_VOTE, 18956b72-3f9a-4d33-a14d-cbde511355b4, group-A36E6103BAA9, 0, (t:0, i:0))
2023-09-07 20:32:39,186 [grpc-default-executor-3] INFO  impl.VoteContext (VoteContext.java:log(49)) - 614edf31-22be-48a8-af09-2d4dd5301ee2@group-A36E6103BAA9-FOLLOWER: accept PRE_VOTE from 18956b72-3f9a-4d33-a14d-cbde511355b4: our priority 0 <= candidate's priority 1
2023-09-07 20:32:39,186 [grpc-default-executor-3] INFO  server.RaftServer$Division (RaftServerImpl.java:requestVote(1335)) - 614edf31-22be-48a8-af09-2d4dd5301ee2@group-A36E6103BAA9 replies to PRE_VOTE vote request: 18956b72-3f9a-4d33-a14d-cbde511355b4<-614edf31-22be-48a8-af09-2d4dd5301ee2#0:OK-t0. Peer's state: 614edf31-22be-48a8-af09-2d4dd5301ee2@group-A36E6103BAA9:t0, leader=null, voted=, raftlog=Memoized:614edf31-22be-48a8-af09-2d4dd5301ee2@group-A36E6103BAA9-SegmentedRaftLog:OPENED:c-1, conf=-1: peers:[0f4389f5-8f89-483a-970a-d84001bccdfd|rpc:10.1.0.11:15191|admin:10.1.0.11:15190|client:10.1.0.11:15189|dataStream:10.1.0.11:15192|priority:0|startupRole:FOLLOWER, 614edf31-22be-48a8-af09-2d4dd5301ee2|rpc:10.1.0.11:15173|admin:10.1.0.11:15172|client:10.1.0.11:15171|dataStream:10.1.0.11:15174|priority:0|startupRole:FOLLOWER, 18956b72-3f9a-4d33-a14d-cbde511355b4|rpc:10.1.0.11:15182|admin:10.1.0.11:15181|client:10.1.0.11:15180|dataStream:10.1.0.11:15183|priority:1|startupRole:FOLLOWER]|listeners:[], old=null
2023-09-07 20:32:39,186 [0f4389f5-8f89-483a-970a-d84001bccdfd@group-3530F8C087DA-LeaderElection34] INFO  impl.LeaderElection (LeaderElection.java:logAndReturn(90)) - 0f4389f5-8f89-483a-970a-d84001bccdfd@group-3530F8C087DA-LeaderElection34: ELECTION PASSED received 1 response(s) and 0 exception(s):
2023-09-07 20:32:39,187 [0f4389f5-8f89-483a-970a-d84001bccdfd@group-3530F8C087DA-LeaderElection34] INFO  impl.LeaderElection (LeaderElection.java:logAndReturn(94)) -   Response 0: 0f4389f5-8f89-483a-970a-d84001bccdfd<-18956b72-3f9a-4d33-a14d-cbde511355b4#0:OK-t1
2023-09-07 20:32:39,187 [0f4389f5-8f89-483a-970a-d84001bccdfd@group-3530F8C087DA-LeaderElection34] INFO  impl.LeaderElection (LeaderElection.java:askForVotes(323)) - 0f4389f5-8f89-483a-970a-d84001bccdfd@group-3530F8C087DA-LeaderElection34 ELECTION round 0: result PASSED
2023-09-07 20:32:39,187 [0f4389f5-8f89-483a-970a-d84001bccdfd@group-3530F8C087DA-LeaderElection34] INFO  impl.RoleInfo (RoleInfo.java:shutdownLeaderElection(130)) - 0f4389f5-8f89-483a-970a-d84001bccdfd: shutdown 0f4389f5-8f89-483a-970a-d84001bccdfd@group-3530F8C087DA-LeaderElection34
2023-09-07 20:32:39,187 [0f4389f5-8f89-483a-970a-d84001bccdfd@group-3530F8C087DA-LeaderElection34] INFO  server.RaftServer$Division (RaftServerImpl.java:setRole(329)) - 0f4389f5-8f89-483a-970a-d84001bccdfd@group-3530F8C087DA: changes role from CANDIDATE to LEADER at term 1 for changeToLeader
2023-09-07 20:32:39,187 [0f4389f5-8f89-483a-970a-d84001bccdfd@group-3530F8C087DA-LeaderElection34] INFO  ratis.XceiverServerRatis (XceiverServerRatis.java:handleLeaderChangedNotification(902)) - Leader change notification received for group: group-3530F8C087DA with new leaderId: 0f4389f5-8f89-483a-970a-d84001bccdfd
2023-09-07 20:32:39,187 [0f4389f5-8f89-483a-970a-d84001bccdfd@group-3530F8C087DA-LeaderElection34] INFO  server.RaftServer$Division (ServerState.java:setLeader(317)) - 0f4389f5-8f89-483a-970a-d84001bccdfd@group-3530F8C087DA: change Leader from null to 0f4389f5-8f89-483a-970a-d84001bccdfd at term 1 for becomeLeader, leader elected after 5203ms
2023-09-07 20:32:39,187 [0f4389f5-8f89-483a-970a-d84001bccdfd@group-3530F8C087DA-LeaderElection34] INFO  server.RaftServerConfigKeys (ConfUtils.java:logGet(46)) - raft.server.staging.catchup.gap = 1000 (default)
2023-09-07 20:32:39,189 [18956b72-3f9a-4d33-a14d-cbde511355b4@group-A36E6103BAA9-LeaderElection35] INFO  impl.LeaderElection (LeaderElection.java:askForVotes(321)) - 18956b72-3f9a-4d33-a14d-cbde511355b4@group-A36E6103BAA9-LeaderElection35 ELECTION round 0: submit vote requests at term 1 for -1: peers:[0f4389f5-8f89-483a-970a-d84001bccdfd|rpc:10.1.0.11:15191|admin:10.1.0.11:15190|client:10.1.0.11:15189|dataStream:10.1.0.11:15192|priority:0|startupRole:FOLLOWER, 614edf31-22be-48a8-af09-2d4dd5301ee2|rpc:10.1.0.11:15173|admin:10.1.0.11:15172|client:10.1.0.11:15171|dataStream:10.1.0.11:15174|priority:0|startupRole:FOLLOWER, 18956b72-3f9a-4d33-a14d-cbde511355b4|rpc:10.1.0.11:15182|admin:10.1.0.11:15181|client:10.1.0.11:15180|dataStream:10.1.0.11:15183|priority:1|startupRole:FOLLOWER]|listeners:[], old=null
2023-09-07 20:32:39,192 [18956b72-3f9a-4d33-a14d-cbde511355b4@group-A36E6103BAA9-LeaderElection35] INFO  server.RaftServerConfigKeys (ConfUtils.java:logFallback(53)) - raft.server.rpc.first-election.timeout.min = 5s (fallback to raft.server.rpc.timeout.min)
2023-09-07 20:32:39,192 [18956b72-3f9a-4d33-a14d-cbde511355b4@group-A36E6103BAA9-LeaderElection35] INFO  server.RaftServerConfigKeys (ConfUtils.java:logFallback(53)) - raft.server.rpc.first-election.timeout.max = 5200ms (fallback to raft.server.rpc.timeout.max)
2023-09-07 20:32:39,193 [0f4389f5-8f89-483a-970a-d84001bccdfd@group-3530F8C087DA-LeaderElection34] INFO  server.RaftServerConfigKeys (ConfUtils.java:logGet(46)) - raft.server.write.element-limit = 1024 (custom)
2023-09-07 20:32:39,193 [0f4389f5-8f89-483a-970a-d84001bccdfd@group-3530F8C087DA-LeaderElection34] INFO  server.RaftServerConfigKeys (ConfUtils.java:logGet(46)) - raft.server.write.byte-limit = 1024 M (=1073741824) (custom)
2023-09-07 20:32:39,193 [0f4389f5-8f89-483a-970a-d84001bccdfd@group-3530F8C087DA-LeaderElection34] INFO  server.RaftServerConfigKeys (ConfUtils.java:logGet(46)) - raft.server.watch.timeout = 180s (custom)
2023-09-07 20:32:39,193 [0f4389f5-8f89-483a-970a-d84001bccdfd@group-3530F8C087DA-LeaderElection34] INFO  server.RaftServerConfigKeys (ConfUtils.java:logGet(46)) - raft.server.watch.timeout.denomination = 1s (default)
2023-09-07 20:32:39,193 [0f4389f5-8f89-483a-970a-d84001bccdfd@group-3530F8C087DA-LeaderElection34] INFO  server.RaftServerConfigKeys (ConfUtils.java:logGet(46)) - raft.server.watch.element-limit = 65536 (default)
2023-09-07 20:32:39,193 [0f4389f5-8f89-483a-970a-d84001bccdfd@group-3530F8C087DA-LeaderElection34] INFO  server.RaftServerConfigKeys (ConfUtils.java:logGet(46)) - raft.server.write.element-limit = 1024 (custom)
2023-09-07 20:32:39,193 [0f4389f5-8f89-483a-970a-d84001bccdfd@group-3530F8C087DA-LeaderElection34] INFO  server.RaftServerConfigKeys (ConfUtils.java:logGet(46)) - raft.server.write.follower.gap.ratio.max = -1.0 (default)
2023-09-07 20:32:39,193 [0f4389f5-8f89-483a-970a-d84001bccdfd@group-3530F8C087DA-LeaderElection34] INFO  server.RaftServerConfigKeys (ConfUtils.java:logGet(46)) - raft.server.log.appender.snapshot.chunk.size.max = 16MB (=16777216) (default)
2023-09-07 20:32:39,194 [0f4389f5-8f89-483a-970a-d84001bccdfd@group-3530F8C087DA-LeaderElection34] INFO  server.RaftServerConfigKeys (ConfUtils.java:logGet(46)) - raft.server.log.appender.buffer.byte-limit = 33554432 (custom)
2023-09-07 20:32:39,194 [0f4389f5-8f89-483a-970a-d84001bccdfd@group-3530F8C087DA-LeaderElection34] INFO  server.RaftServerConfigKeys (ConfUtils.java:logGet(46)) - raft.server.log.appender.buffer.element-limit = 1 (custom)
2023-09-07 20:32:39,194 [0f4389f5-8f89-483a-970a-d84001bccdfd@group-3530F8C087DA-LeaderElection34] INFO  server.RaftServerConfigKeys (ConfUtils.java:logGet(46)) - raft.server.log.appender.wait-time.min = 10ms (default)
2023-09-07 20:32:39,194 [0f4389f5-8f89-483a-970a-d84001bccdfd@group-3530F8C087DA-LeaderElection34] INFO  grpc.GrpcConfigKeys (ConfUtils.java:logGet(46)) - raft.grpc.server.leader.outstanding.appends.max = 128 (default)
2023-09-07 20:32:39,194 [0f4389f5-8f89-483a-970a-d84001bccdfd@group-3530F8C087DA-LeaderElection34] INFO  server.RaftServerConfigKeys (ConfUtils.java:logGet(46)) - raft.server.rpc.request.timeout = 60s (custom)
2023-09-07 20:32:39,194 [0f4389f5-8f89-483a-970a-d84001bccdfd@group-3530F8C087DA-LeaderElection34] INFO  grpc.GrpcConfigKeys (ConfUtils.java:logGet(46)) - raft.grpc.server.install_snapshot.request.element-limit = 8 (default)
2023-09-07 20:32:39,194 [0f4389f5-8f89-483a-970a-d84001bccdfd@group-3530F8C087DA-LeaderElection34] INFO  grpc.GrpcConfigKeys (ConfUtils.java:logGet(46)) - raft.grpc.server.install_snapshot.request.timeout = 3000ms (default)
2023-09-07 20:32:39,194 [0f4389f5-8f89-483a-970a-d84001bccdfd@group-3530F8C087DA-LeaderElection34] INFO  server.RaftServerConfigKeys (ConfUtils.java:logGet(46)) - raft.server.log.appender.install.snapshot.enabled = false (custom)
2023-09-07 20:32:39,194 [0f4389f5-8f89-483a-970a-d84001bccdfd@group-3530F8C087DA-LeaderElection34] INFO  grpc.GrpcConfigKeys (ConfUtils.java:logGet(46)) - raft.grpc.server.heartbeat.channel = true (default)
2023-09-07 20:32:39,195 [0f4389f5-8f89-483a-970a-d84001bccdfd@group-3530F8C087DA-LeaderElection34] INFO  server.RaftServerConfigKeys (ConfUtils.java:logGet(46)) - raft.server.log.appender.snapshot.chunk.size.max = 16MB (=16777216) (default)
2023-09-07 20:32:39,195 [0f4389f5-8f89-483a-970a-d84001bccdfd@group-3530F8C087DA-LeaderElection34] INFO  server.RaftServerConfigKeys (ConfUtils.java:logGet(46)) - raft.server.log.appender.buffer.byte-limit = 33554432 (custom)
2023-09-07 20:32:39,195 [0f4389f5-8f89-483a-970a-d84001bccdfd@group-3530F8C087DA-LeaderElection34] INFO  server.RaftServerConfigKeys (ConfUtils.java:logGet(46)) - raft.server.log.appender.buffer.element-limit = 1 (custom)
2023-09-07 20:32:39,195 [0f4389f5-8f89-483a-970a-d84001bccdfd@group-3530F8C087DA-LeaderElection34] INFO  server.RaftServerConfigKeys (ConfUtils.java:logGet(46)) - raft.server.log.appender.wait-time.min = 10ms (default)
2023-09-07 20:32:39,195 [0f4389f5-8f89-483a-970a-d84001bccdfd@group-3530F8C087DA-LeaderElection34] INFO  grpc.GrpcConfigKeys (ConfUtils.java:logGet(46)) - raft.grpc.server.leader.outstanding.appends.max = 128 (default)
2023-09-07 20:32:39,195 [0f4389f5-8f89-483a-970a-d84001bccdfd@group-3530F8C087DA-LeaderElection34] INFO  server.RaftServerConfigKeys (ConfUtils.java:logGet(46)) - raft.server.rpc.request.timeout = 60s (custom)
2023-09-07 20:32:39,195 [0f4389f5-8f89-483a-970a-d84001bccdfd@group-3530F8C087DA-LeaderElection34] INFO  grpc.GrpcConfigKeys (ConfUtils.java:logGet(46)) - raft.grpc.server.install_snapshot.request.element-limit = 8 (default)
2023-09-07 20:32:39,195 [0f4389f5-8f89-483a-970a-d84001bccdfd@group-3530F8C087DA-LeaderElection34] INFO  grpc.GrpcConfigKeys (ConfUtils.java:logGet(46)) - raft.grpc.server.install_snapshot.request.timeout = 3000ms (default)
2023-09-07 20:32:39,195 [0f4389f5-8f89-483a-970a-d84001bccdfd@group-3530F8C087DA-LeaderElection34] INFO  server.RaftServerConfigKeys (ConfUtils.java:logGet(46)) - raft.server.log.appender.install.snapshot.enabled = false (custom)
2023-09-07 20:32:39,198 [0f4389f5-8f89-483a-970a-d84001bccdfd@group-3530F8C087DA-LeaderElection34] INFO  grpc.GrpcConfigKeys (ConfUtils.java:logGet(46)) - raft.grpc.server.heartbeat.channel = true (default)
2023-09-07 20:32:39,198 [grpc-default-executor-3] INFO  server.RaftServer$Division (RaftServerImpl.java:requestVote(1302)) - 614edf31-22be-48a8-af09-2d4dd5301ee2@group-A36E6103BAA9: receive requestVote(ELECTION, 18956b72-3f9a-4d33-a14d-cbde511355b4, group-A36E6103BAA9, 1, (t:0, i:0))
2023-09-07 20:32:39,198 [0f4389f5-8f89-483a-970a-d84001bccdfd@group-3530F8C087DA-LeaderElection34] INFO  impl.RoleInfo (RoleInfo.java:updateAndGet(139)) - 0f4389f5-8f89-483a-970a-d84001bccdfd: start 0f4389f5-8f89-483a-970a-d84001bccdfd@group-3530F8C087DA-LeaderStateImpl
2023-09-07 20:32:39,198 [grpc-default-executor-3] INFO  impl.VoteContext (VoteContext.java:log(49)) - 614edf31-22be-48a8-af09-2d4dd5301ee2@group-A36E6103BAA9-FOLLOWER: accept ELECTION from 18956b72-3f9a-4d33-a14d-cbde511355b4: our priority 0 <= candidate's priority 1
2023-09-07 20:32:39,198 [grpc-default-executor-3] INFO  server.RaftServer$Division (RaftServerImpl.java:setRole(329)) - 614edf31-22be-48a8-af09-2d4dd5301ee2@group-A36E6103BAA9: changes role from  FOLLOWER to FOLLOWER at term 1 for candidate:18956b72-3f9a-4d33-a14d-cbde511355b4
2023-09-07 20:32:39,198 [grpc-default-executor-3] INFO  impl.RoleInfo (RoleInfo.java:shutdownFollowerState(110)) - 614edf31-22be-48a8-af09-2d4dd5301ee2: shutdown 614edf31-22be-48a8-af09-2d4dd5301ee2@group-A36E6103BAA9-FollowerState
2023-09-07 20:32:39,198 [0f4389f5-8f89-483a-970a-d84001bccdfd@group-3530F8C087DA-LeaderElection34] INFO  segmented.SegmentedRaftLogWorker (SegmentedRaftLogWorker.java:startLogSegment(447)) - 0f4389f5-8f89-483a-970a-d84001bccdfd@group-3530F8C087DA-SegmentedRaftLogWorker: Starting segment from index:0
2023-09-07 20:32:39,198 [grpc-default-executor-3] INFO  impl.RoleInfo (RoleInfo.java:updateAndGet(139)) - 614edf31-22be-48a8-af09-2d4dd5301ee2: start 614edf31-22be-48a8-af09-2d4dd5301ee2@group-A36E6103BAA9-FollowerState
2023-09-07 20:32:39,198 [614edf31-22be-48a8-af09-2d4dd5301ee2@group-A36E6103BAA9-FollowerState] INFO  impl.FollowerState (FollowerState.java:run(152)) - 614edf31-22be-48a8-af09-2d4dd5301ee2@group-A36E6103BAA9-FollowerState was interrupted
2023-09-07 20:32:39,199 [EventQueue-OpenPipelineForHealthyPipelineSafeModeRule] INFO  safemode.SCMSafeModeManager (HealthyPipelineSafeModeRule.java:process(137)) - SCM in safe mode. Healthy pipelines reported count is 0, required healthy pipeline reported count is 1
2023-09-07 20:32:39,199 [EventQueue-PipelineReportForPipelineReportHandler] INFO  pipeline.PipelineReportHandler (PipelineReportHandler.java:processPipelineReport(136)) - Opened pipeline PipelineID=4d2488b6-bf5d-42b5-a00c-3530f8c087da
2023-09-07 20:32:39,200 [EventQueue-OpenPipelineForHealthyPipelineSafeModeRule] INFO  safemode.SCMSafeModeManager (HealthyPipelineSafeModeRule.java:process(137)) - SCM in safe mode. Healthy pipelines reported count is 1, required healthy pipeline reported count is 1
2023-09-07 20:32:39,200 [EventQueue-OpenPipelineForHealthyPipelineSafeModeRule] INFO  safemode.SCMSafeModeManager (SCMSafeModeManager.java:validateSafeModeExitRules(200)) - HealthyPipelineSafeModeRule rule is successfully validated
2023-09-07 20:32:39,200 [EventQueue-OpenPipelineForHealthyPipelineSafeModeRule] INFO  safemode.SCMSafeModeManager (SCMSafeModeManager.java:validateSafeModeExitRules(215)) - ScmSafeModeManager, all rules are successfully validated
2023-09-07 20:32:39,200 [EventQueue-OpenPipelineForHealthyPipelineSafeModeRule] INFO  safemode.SCMSafeModeManager (SCMSafeModeManager.java:exitSafeMode(244)) - SCM exiting safe mode.
2023-09-07 20:32:39,200 [EventQueue-OpenPipelineForHealthyPipelineSafeModeRule] INFO  ha.SCMContext (SCMContext.java:updateSafeModeStatus(228)) - Update SafeModeStatus from SafeModeStatus{safeModeStatus=true, preCheckPassed=true} to SafeModeStatus{safeModeStatus=false, preCheckPassed=true}.
2023-09-07 20:32:39,200 [EventQueue-OpenPipelineForHealthyPipelineSafeModeRule] INFO  pipeline.BackgroundPipelineCreator (BackgroundPipelineCreator.java:notifyStatusChanged(255)) - Service BackgroundPipelineCreator transitions to RUNNING.
2023-09-07 20:32:39,200 [EventQueue-OpenPipelineForHealthyPipelineSafeModeRule] INFO  BackgroundPipelineScrubber (BackgroundSCMService.java:notifyStatusChanged(82)) - Service BackgroundPipelineScrubber transitions to RUNNING.
2023-09-07 20:32:39,200 [EventQueue-OpenPipelineForHealthyPipelineSafeModeRule] INFO  ExpiredContainerReplicaOpScrubber (BackgroundSCMService.java:notifyStatusChanged(82)) - Service ExpiredContainerReplicaOpScrubber transitions to RUNNING.
2023-09-07 20:32:39,200 [EventQueue-OpenPipelineForHealthyPipelineSafeModeRule] INFO  replication.ReplicationManager (ReplicationManager.java:notifyStatusChanged(1370)) - Service ReplicationManager transitions to RUNNING.
2023-09-07 20:32:39,200 [EventQueue-OpenPipelineForHealthyPipelineSafeModeRule] WARN  balancer.ContainerBalancer (ContainerBalancer.java:shouldRun(134)) - Could not find persisted configuration for ContainerBalancer when checking if ContainerBalancer should run. ContainerBalancer should not run now.
2023-09-07 20:32:39,200 [0f4389f5-8f89-483a-970a-d84001bccdfd@group-3530F8C087DA-SegmentedRaftLogWorker] INFO  segmented.SegmentedRaftLogWorker (SegmentedRaftLogWorker.java:execute(651)) - 0f4389f5-8f89-483a-970a-d84001bccdfd@group-3530F8C087DA-SegmentedRaftLogWorker: created new log segment /home/runner/work/ozone/ozone/hadoop-ozone/integration-test/target/test-dir/MiniOzoneClusterImpl-5752d0ac-6059-42ff-b166-1d3c6b9f978d/datanode-2/data/ratis/4d2488b6-bf5d-42b5-a00c-3530f8c087da/current/log_inprogress_0
2023-09-07 20:32:39,204 [grpc-default-executor-3] INFO  server.RaftServer$Division (RaftServerImpl.java:requestVote(1335)) - 614edf31-22be-48a8-af09-2d4dd5301ee2@group-A36E6103BAA9 replies to ELECTION vote request: 18956b72-3f9a-4d33-a14d-cbde511355b4<-614edf31-22be-48a8-af09-2d4dd5301ee2#0:OK-t1. Peer's state: 614edf31-22be-48a8-af09-2d4dd5301ee2@group-A36E6103BAA9:t1, leader=null, voted=18956b72-3f9a-4d33-a14d-cbde511355b4, raftlog=Memoized:614edf31-22be-48a8-af09-2d4dd5301ee2@group-A36E6103BAA9-SegmentedRaftLog:OPENED:c-1, conf=-1: peers:[0f4389f5-8f89-483a-970a-d84001bccdfd|rpc:10.1.0.11:15191|admin:10.1.0.11:15190|client:10.1.0.11:15189|dataStream:10.1.0.11:15192|priority:0|startupRole:FOLLOWER, 614edf31-22be-48a8-af09-2d4dd5301ee2|rpc:10.1.0.11:15173|admin:10.1.0.11:15172|client:10.1.0.11:15171|dataStream:10.1.0.11:15174|priority:0|startupRole:FOLLOWER, 18956b72-3f9a-4d33-a14d-cbde511355b4|rpc:10.1.0.11:15182|admin:10.1.0.11:15181|client:10.1.0.11:15180|dataStream:10.1.0.11:15183|priority:1|startupRole:FOLLOWER]|listeners:[], old=null
2023-09-07 20:32:39,204 [grpc-default-executor-1] INFO  server.RaftServer$Division (RaftServerImpl.java:requestVote(1302)) - 0f4389f5-8f89-483a-970a-d84001bccdfd@group-A36E6103BAA9: receive requestVote(ELECTION, 18956b72-3f9a-4d33-a14d-cbde511355b4, group-A36E6103BAA9, 1, (t:0, i:0))
2023-09-07 20:32:39,205 [grpc-default-executor-1] INFO  impl.VoteContext (VoteContext.java:log(49)) - 0f4389f5-8f89-483a-970a-d84001bccdfd@group-A36E6103BAA9-FOLLOWER: accept ELECTION from 18956b72-3f9a-4d33-a14d-cbde511355b4: our priority 0 <= candidate's priority 1
2023-09-07 20:32:39,205 [grpc-default-executor-1] INFO  server.RaftServer$Division (RaftServerImpl.java:setRole(329)) - 0f4389f5-8f89-483a-970a-d84001bccdfd@group-A36E6103BAA9: changes role from  FOLLOWER to FOLLOWER at term 1 for candidate:18956b72-3f9a-4d33-a14d-cbde511355b4
2023-09-07 20:32:39,205 [grpc-default-executor-1] INFO  impl.RoleInfo (RoleInfo.java:shutdownFollowerState(110)) - 0f4389f5-8f89-483a-970a-d84001bccdfd: shutdown 0f4389f5-8f89-483a-970a-d84001bccdfd@group-A36E6103BAA9-FollowerState
2023-09-07 20:32:39,205 [grpc-default-executor-1] INFO  impl.RoleInfo (RoleInfo.java:updateAndGet(139)) - 0f4389f5-8f89-483a-970a-d84001bccdfd: start 0f4389f5-8f89-483a-970a-d84001bccdfd@group-A36E6103BAA9-FollowerState
2023-09-07 20:32:39,205 [0f4389f5-8f89-483a-970a-d84001bccdfd@group-A36E6103BAA9-FollowerState] INFO  impl.FollowerState (FollowerState.java:run(152)) - 0f4389f5-8f89-483a-970a-d84001bccdfd@group-A36E6103BAA9-FollowerState was interrupted
2023-09-07 20:32:39,208 [grpc-default-executor-1] INFO  server.RaftServer$Division (RaftServerImpl.java:requestVote(1335)) - 0f4389f5-8f89-483a-970a-d84001bccdfd@group-A36E6103BAA9 replies to ELECTION vote request: 18956b72-3f9a-4d33-a14d-cbde511355b4<-0f4389f5-8f89-483a-970a-d84001bccdfd#0:OK-t1. Peer's state: 0f4389f5-8f89-483a-970a-d84001bccdfd@group-A36E6103BAA9:t1, leader=null, voted=18956b72-3f9a-4d33-a14d-cbde511355b4, raftlog=Memoized:0f4389f5-8f89-483a-970a-d84001bccdfd@group-A36E6103BAA9-SegmentedRaftLog:OPENED:c-1, conf=-1: peers:[0f4389f5-8f89-483a-970a-d84001bccdfd|rpc:10.1.0.11:15191|admin:10.1.0.11:15190|client:10.1.0.11:15189|dataStream:10.1.0.11:15192|priority:0|startupRole:FOLLOWER, 614edf31-22be-48a8-af09-2d4dd5301ee2|rpc:10.1.0.11:15173|admin:10.1.0.11:15172|client:10.1.0.11:15171|dataStream:10.1.0.11:15174|priority:0|startupRole:FOLLOWER, 18956b72-3f9a-4d33-a14d-cbde511355b4|rpc:10.1.0.11:15182|admin:10.1.0.11:15181|client:10.1.0.11:15180|dataStream:10.1.0.11:15183|priority:1|startupRole:FOLLOWER]|listeners:[], old=null
2023-09-07 20:32:39,217 [0f4389f5-8f89-483a-970a-d84001bccdfd@group-3530F8C087DA-LeaderElection34] INFO  server.RaftServer$Division (ServerState.java:setRaftConf(434)) - 0f4389f5-8f89-483a-970a-d84001bccdfd@group-3530F8C087DA: set configuration 0: peers:[0f4389f5-8f89-483a-970a-d84001bccdfd|rpc:10.1.0.11:15191|admin:10.1.0.11:15190|client:10.1.0.11:15189|dataStream:10.1.0.11:15192|priority:1|startupRole:FOLLOWER, 614edf31-22be-48a8-af09-2d4dd5301ee2|rpc:10.1.0.11:15173|admin:10.1.0.11:15172|client:10.1.0.11:15171|dataStream:10.1.0.11:15174|priority:0|startupRole:FOLLOWER, 18956b72-3f9a-4d33-a14d-cbde511355b4|rpc:10.1.0.11:15182|admin:10.1.0.11:15181|client:10.1.0.11:15180|dataStream:10.1.0.11:15183|priority:0|startupRole:FOLLOWER]|listeners:[], old=null
2023-09-07 20:32:39,218 [18956b72-3f9a-4d33-a14d-cbde511355b4@group-A36E6103BAA9-LeaderElection35] INFO  impl.LeaderElection (LeaderElection.java:logAndReturn(90)) - 18956b72-3f9a-4d33-a14d-cbde511355b4@group-A36E6103BAA9-LeaderElection35: ELECTION PASSED received 1 response(s) and 0 exception(s):
2023-09-07 20:32:39,221 [18956b72-3f9a-4d33-a14d-cbde511355b4@group-A36E6103BAA9-LeaderElection35] INFO  impl.LeaderElection (LeaderElection.java:logAndReturn(94)) -   Response 0: 18956b72-3f9a-4d33-a14d-cbde511355b4<-614edf31-22be-48a8-af09-2d4dd5301ee2#0:OK-t1
2023-09-07 20:32:39,221 [18956b72-3f9a-4d33-a14d-cbde511355b4@group-A36E6103BAA9-LeaderElection35] INFO  impl.LeaderElection (LeaderElection.java:askForVotes(323)) - 18956b72-3f9a-4d33-a14d-cbde511355b4@group-A36E6103BAA9-LeaderElection35 ELECTION round 0: result PASSED
2023-09-07 20:32:39,221 [18956b72-3f9a-4d33-a14d-cbde511355b4@group-A36E6103BAA9-LeaderElection35] INFO  impl.RoleInfo (RoleInfo.java:shutdownLeaderElection(130)) - 18956b72-3f9a-4d33-a14d-cbde511355b4: shutdown 18956b72-3f9a-4d33-a14d-cbde511355b4@group-A36E6103BAA9-LeaderElection35
2023-09-07 20:32:39,221 [18956b72-3f9a-4d33-a14d-cbde511355b4@group-A36E6103BAA9-LeaderElection35] INFO  server.RaftServer$Division (RaftServerImpl.java:setRole(329)) - 18956b72-3f9a-4d33-a14d-cbde511355b4@group-A36E6103BAA9: changes role from CANDIDATE to LEADER at term 1 for changeToLeader
2023-09-07 20:32:39,221 [18956b72-3f9a-4d33-a14d-cbde511355b4@group-A36E6103BAA9-LeaderElection35] INFO  ratis.XceiverServerRatis (XceiverServerRatis.java:handleLeaderChangedNotification(902)) - Leader change notification received for group: group-A36E6103BAA9 with new leaderId: 18956b72-3f9a-4d33-a14d-cbde511355b4
2023-09-07 20:32:39,222 [18956b72-3f9a-4d33-a14d-cbde511355b4@group-A36E6103BAA9-LeaderElection35] INFO  server.RaftServer$Division (ServerState.java:setLeader(317)) - 18956b72-3f9a-4d33-a14d-cbde511355b4@group-A36E6103BAA9: change Leader from null to 18956b72-3f9a-4d33-a14d-cbde511355b4 at term 1 for becomeLeader, leader elected after 5308ms
2023-09-07 20:32:39,222 [18956b72-3f9a-4d33-a14d-cbde511355b4@group-A36E6103BAA9-LeaderElection35] INFO  server.RaftServerConfigKeys (ConfUtils.java:logGet(46)) - raft.server.staging.catchup.gap = 1000 (default)
2023-09-07 20:32:39,223 [18956b72-3f9a-4d33-a14d-cbde511355b4@group-A36E6103BAA9-LeaderElection35] INFO  server.RaftServerConfigKeys (ConfUtils.java:logGet(46)) - raft.server.write.element-limit = 1024 (custom)
2023-09-07 20:32:39,223 [18956b72-3f9a-4d33-a14d-cbde511355b4@group-A36E6103BAA9-LeaderElection35] INFO  server.RaftServerConfigKeys (ConfUtils.java:logGet(46)) - raft.server.write.byte-limit = 1024 M (=1073741824) (custom)
2023-09-07 20:32:39,223 [18956b72-3f9a-4d33-a14d-cbde511355b4@group-A36E6103BAA9-LeaderElection35] INFO  server.RaftServerConfigKeys (ConfUtils.java:logGet(46)) - raft.server.watch.timeout = 180s (custom)
2023-09-07 20:32:39,223 [18956b72-3f9a-4d33-a14d-cbde511355b4@group-A36E6103BAA9-LeaderElection35] INFO  server.RaftServerConfigKeys (ConfUtils.java:logGet(46)) - raft.server.watch.timeout.denomination = 1s (default)
2023-09-07 20:32:39,223 [18956b72-3f9a-4d33-a14d-cbde511355b4@group-A36E6103BAA9-LeaderElection35] INFO  server.RaftServerConfigKeys (ConfUtils.java:logGet(46)) - raft.server.watch.element-limit = 65536 (default)
2023-09-07 20:32:39,225 [18956b72-3f9a-4d33-a14d-cbde511355b4@group-A36E6103BAA9-LeaderElection35] INFO  server.RaftServerConfigKeys (ConfUtils.java:logGet(46)) - raft.server.write.element-limit = 1024 (custom)
2023-09-07 20:32:39,225 [18956b72-3f9a-4d33-a14d-cbde511355b4@group-A36E6103BAA9-LeaderElection35] INFO  server.RaftServerConfigKeys (ConfUtils.java:logGet(46)) - raft.server.write.follower.gap.ratio.max = -1.0 (default)
2023-09-07 20:32:39,225 [EventQueue-PipelineReportForPipelineReportHandler] INFO  pipeline.PipelineReportHandler (PipelineReportHandler.java:processPipelineReport(136)) - Opened pipeline PipelineID=50423f32-465e-4360-adee-a36e6103baa9
2023-09-07 20:32:39,226 [18956b72-3f9a-4d33-a14d-cbde511355b4@group-A36E6103BAA9-LeaderElection35] INFO  server.RaftServerConfigKeys (ConfUtils.java:logGet(46)) - raft.server.log.appender.snapshot.chunk.size.max = 16MB (=16777216) (default)
2023-09-07 20:32:39,226 [18956b72-3f9a-4d33-a14d-cbde511355b4@group-A36E6103BAA9-LeaderElection35] INFO  server.RaftServerConfigKeys (ConfUtils.java:logGet(46)) - raft.server.log.appender.buffer.byte-limit = 33554432 (custom)
2023-09-07 20:32:39,226 [18956b72-3f9a-4d33-a14d-cbde511355b4@group-A36E6103BAA9-LeaderElection35] INFO  server.RaftServerConfigKeys (ConfUtils.java:logGet(46)) - raft.server.log.appender.buffer.element-limit = 1 (custom)
2023-09-07 20:32:39,226 [18956b72-3f9a-4d33-a14d-cbde511355b4@group-A36E6103BAA9-LeaderElection35] INFO  server.RaftServerConfigKeys (ConfUtils.java:logGet(46)) - raft.server.log.appender.wait-time.min = 10ms (default)
2023-09-07 20:32:39,226 [18956b72-3f9a-4d33-a14d-cbde511355b4@group-A36E6103BAA9-LeaderElection35] INFO  grpc.GrpcConfigKeys (ConfUtils.java:logGet(46)) - raft.grpc.server.leader.outstanding.appends.max = 128 (default)
2023-09-07 20:32:39,226 [18956b72-3f9a-4d33-a14d-cbde511355b4@group-A36E6103BAA9-LeaderElection35] INFO  server.RaftServerConfigKeys (ConfUtils.java:logGet(46)) - raft.server.rpc.request.timeout = 60s (custom)
2023-09-07 20:32:39,226 [18956b72-3f9a-4d33-a14d-cbde511355b4@group-A36E6103BAA9-LeaderElection35] INFO  grpc.GrpcConfigKeys (ConfUtils.java:logGet(46)) - raft.grpc.server.install_snapshot.request.element-limit = 8 (default)
2023-09-07 20:32:39,226 [18956b72-3f9a-4d33-a14d-cbde511355b4@group-A36E6103BAA9-LeaderElection35] INFO  grpc.GrpcConfigKeys (ConfUtils.java:logGet(46)) - raft.grpc.server.install_snapshot.request.timeout = 3000ms (default)
2023-09-07 20:32:39,226 [18956b72-3f9a-4d33-a14d-cbde511355b4@group-A36E6103BAA9-LeaderElection35] INFO  server.RaftServerConfigKeys (ConfUtils.java:logGet(46)) - raft.server.log.appender.install.snapshot.enabled = false (custom)
2023-09-07 20:32:39,226 [18956b72-3f9a-4d33-a14d-cbde511355b4@group-A36E6103BAA9-LeaderElection35] INFO  grpc.GrpcConfigKeys (ConfUtils.java:logGet(46)) - raft.grpc.server.heartbeat.channel = true (default)
2023-09-07 20:32:39,228 [18956b72-3f9a-4d33-a14d-cbde511355b4@group-A36E6103BAA9-LeaderElection35] INFO  server.RaftServerConfigKeys (ConfUtils.java:logGet(46)) - raft.server.log.appender.snapshot.chunk.size.max = 16MB (=16777216) (default)
2023-09-07 20:32:39,228 [18956b72-3f9a-4d33-a14d-cbde511355b4@group-A36E6103BAA9-LeaderElection35] INFO  server.RaftServerConfigKeys (ConfUtils.java:logGet(46)) - raft.server.log.appender.buffer.byte-limit = 33554432 (custom)
2023-09-07 20:32:39,228 [18956b72-3f9a-4d33-a14d-cbde511355b4@group-A36E6103BAA9-LeaderElection35] INFO  server.RaftServerConfigKeys (ConfUtils.java:logGet(46)) - raft.server.log.appender.buffer.element-limit = 1 (custom)
2023-09-07 20:32:39,228 [18956b72-3f9a-4d33-a14d-cbde511355b4@group-A36E6103BAA9-LeaderElection35] INFO  server.RaftServerConfigKeys (ConfUtils.java:logGet(46)) - raft.server.log.appender.wait-time.min = 10ms (default)
2023-09-07 20:32:39,228 [18956b72-3f9a-4d33-a14d-cbde511355b4@group-A36E6103BAA9-LeaderElection35] INFO  grpc.GrpcConfigKeys (ConfUtils.java:logGet(46)) - raft.grpc.server.leader.outstanding.appends.max = 128 (default)
2023-09-07 20:32:39,228 [18956b72-3f9a-4d33-a14d-cbde511355b4@group-A36E6103BAA9-LeaderElection35] INFO  server.RaftServerConfigKeys (ConfUtils.java:logGet(46)) - raft.server.rpc.request.timeout = 60s (custom)
2023-09-07 20:32:39,228 [18956b72-3f9a-4d33-a14d-cbde511355b4@group-A36E6103BAA9-LeaderElection35] INFO  grpc.GrpcConfigKeys (ConfUtils.java:logGet(46)) - raft.grpc.server.install_snapshot.request.element-limit = 8 (default)
2023-09-07 20:32:39,228 [18956b72-3f9a-4d33-a14d-cbde511355b4@group-A36E6103BAA9-LeaderElection35] INFO  grpc.GrpcConfigKeys (ConfUtils.java:logGet(46)) - raft.grpc.server.install_snapshot.request.timeout = 3000ms (default)
2023-09-07 20:32:39,228 [18956b72-3f9a-4d33-a14d-cbde511355b4@group-A36E6103BAA9-LeaderElection35] INFO  server.RaftServerConfigKeys (ConfUtils.java:logGet(46)) - raft.server.log.appender.install.snapshot.enabled = false (custom)
2023-09-07 20:32:39,228 [18956b72-3f9a-4d33-a14d-cbde511355b4@group-A36E6103BAA9-LeaderElection35] INFO  grpc.GrpcConfigKeys (ConfUtils.java:logGet(46)) - raft.grpc.server.heartbeat.channel = true (default)
2023-09-07 20:32:39,229 [18956b72-3f9a-4d33-a14d-cbde511355b4@group-A36E6103BAA9-LeaderElection35] INFO  impl.RoleInfo (RoleInfo.java:updateAndGet(139)) - 18956b72-3f9a-4d33-a14d-cbde511355b4: start 18956b72-3f9a-4d33-a14d-cbde511355b4@group-A36E6103BAA9-LeaderStateImpl
2023-09-07 20:32:39,229 [18956b72-3f9a-4d33-a14d-cbde511355b4@group-A36E6103BAA9-LeaderElection35] INFO  segmented.SegmentedRaftLogWorker (SegmentedRaftLogWorker.java:startLogSegment(447)) - 18956b72-3f9a-4d33-a14d-cbde511355b4@group-A36E6103BAA9-SegmentedRaftLogWorker: Starting segment from index:0
2023-09-07 20:32:39,229 [614edf31-22be-48a8-af09-2d4dd5301ee2-server-thread1] INFO  ratis.XceiverServerRatis (XceiverServerRatis.java:handleLeaderChangedNotification(902)) - Leader change notification received for group: group-3530F8C087DA with new leaderId: 0f4389f5-8f89-483a-970a-d84001bccdfd
2023-09-07 20:32:39,229 [614edf31-22be-48a8-af09-2d4dd5301ee2-server-thread1] INFO  server.RaftServer$Division (ServerState.java:setLeader(317)) - 614edf31-22be-48a8-af09-2d4dd5301ee2@group-3530F8C087DA: change Leader from null to 0f4389f5-8f89-483a-970a-d84001bccdfd at term 1 for appendEntries, leader elected after 5279ms
2023-09-07 20:32:39,236 [18956b72-3f9a-4d33-a14d-cbde511355b4@group-A36E6103BAA9-SegmentedRaftLogWorker] INFO  segmented.SegmentedRaftLogWorker (SegmentedRaftLogWorker.java:execute(651)) - 18956b72-3f9a-4d33-a14d-cbde511355b4@group-A36E6103BAA9-SegmentedRaftLogWorker: created new log segment /home/runner/work/ozone/ozone/hadoop-ozone/integration-test/target/test-dir/MiniOzoneClusterImpl-5752d0ac-6059-42ff-b166-1d3c6b9f978d/datanode-1/data/ratis/50423f32-465e-4360-adee-a36e6103baa9/current/log_inprogress_0
2023-09-07 20:32:39,238 [614edf31-22be-48a8-af09-2d4dd5301ee2-server-thread2] INFO  server.RaftServer$Division (ServerState.java:setRaftConf(434)) - 614edf31-22be-48a8-af09-2d4dd5301ee2@group-3530F8C087DA: set configuration 0: peers:[0f4389f5-8f89-483a-970a-d84001bccdfd|rpc:10.1.0.11:15191|admin:10.1.0.11:15190|client:10.1.0.11:15189|dataStream:10.1.0.11:15192|priority:1|startupRole:FOLLOWER, 614edf31-22be-48a8-af09-2d4dd5301ee2|rpc:10.1.0.11:15173|admin:10.1.0.11:15172|client:10.1.0.11:15171|dataStream:10.1.0.11:15174|priority:0|startupRole:FOLLOWER, 18956b72-3f9a-4d33-a14d-cbde511355b4|rpc:10.1.0.11:15182|admin:10.1.0.11:15181|client:10.1.0.11:15180|dataStream:10.1.0.11:15183|priority:0|startupRole:FOLLOWER]|listeners:[], old=null
2023-09-07 20:32:39,238 [614edf31-22be-48a8-af09-2d4dd5301ee2-server-thread2] INFO  segmented.SegmentedRaftLogWorker (SegmentedRaftLogWorker.java:startLogSegment(447)) - 614edf31-22be-48a8-af09-2d4dd5301ee2@group-3530F8C087DA-SegmentedRaftLogWorker: Starting segment from index:0
2023-09-07 20:32:39,240 [614edf31-22be-48a8-af09-2d4dd5301ee2@group-3530F8C087DA-SegmentedRaftLogWorker] INFO  segmented.SegmentedRaftLogWorker (SegmentedRaftLogWorker.java:execute(651)) - 614edf31-22be-48a8-af09-2d4dd5301ee2@group-3530F8C087DA-SegmentedRaftLogWorker: created new log segment /home/runner/work/ozone/ozone/hadoop-ozone/integration-test/target/test-dir/MiniOzoneClusterImpl-5752d0ac-6059-42ff-b166-1d3c6b9f978d/datanode-0/data/ratis/4d2488b6-bf5d-42b5-a00c-3530f8c087da/current/log_inprogress_0
2023-09-07 20:32:39,245 [18956b72-3f9a-4d33-a14d-cbde511355b4-server-thread1] INFO  ratis.XceiverServerRatis (XceiverServerRatis.java:handleLeaderChangedNotification(902)) - Leader change notification received for group: group-3530F8C087DA with new leaderId: 0f4389f5-8f89-483a-970a-d84001bccdfd
2023-09-07 20:32:39,245 [18956b72-3f9a-4d33-a14d-cbde511355b4-server-thread1] INFO  server.RaftServer$Division (ServerState.java:setLeader(317)) - 18956b72-3f9a-4d33-a14d-cbde511355b4@group-3530F8C087DA: change Leader from null to 0f4389f5-8f89-483a-970a-d84001bccdfd at term 1 for appendEntries, leader elected after 5220ms
2023-09-07 20:32:39,249 [18956b72-3f9a-4d33-a14d-cbde511355b4@group-A36E6103BAA9-LeaderElection35] INFO  server.RaftServer$Division (ServerState.java:setRaftConf(434)) - 18956b72-3f9a-4d33-a14d-cbde511355b4@group-A36E6103BAA9: set configuration 0: peers:[0f4389f5-8f89-483a-970a-d84001bccdfd|rpc:10.1.0.11:15191|admin:10.1.0.11:15190|client:10.1.0.11:15189|dataStream:10.1.0.11:15192|priority:0|startupRole:FOLLOWER, 614edf31-22be-48a8-af09-2d4dd5301ee2|rpc:10.1.0.11:15173|admin:10.1.0.11:15172|client:10.1.0.11:15171|dataStream:10.1.0.11:15174|priority:0|startupRole:FOLLOWER, 18956b72-3f9a-4d33-a14d-cbde511355b4|rpc:10.1.0.11:15182|admin:10.1.0.11:15181|client:10.1.0.11:15180|dataStream:10.1.0.11:15183|priority:1|startupRole:FOLLOWER]|listeners:[], old=null
2023-09-07 20:32:39,270 [614edf31-22be-48a8-af09-2d4dd5301ee2-server-thread2] INFO  ratis.XceiverServerRatis (XceiverServerRatis.java:handleLeaderChangedNotification(902)) - Leader change notification received for group: group-A36E6103BAA9 with new leaderId: 18956b72-3f9a-4d33-a14d-cbde511355b4
2023-09-07 20:32:39,270 [614edf31-22be-48a8-af09-2d4dd5301ee2-server-thread2] INFO  server.RaftServer$Division (ServerState.java:setLeader(317)) - 614edf31-22be-48a8-af09-2d4dd5301ee2@group-A36E6103BAA9: change Leader from null to 18956b72-3f9a-4d33-a14d-cbde511355b4 at term 1 for appendEntries, leader elected after 5436ms
2023-09-07 20:32:39,272 [18956b72-3f9a-4d33-a14d-cbde511355b4-server-thread2] INFO  server.RaftServer$Division (ServerState.java:setRaftConf(434)) - 18956b72-3f9a-4d33-a14d-cbde511355b4@group-3530F8C087DA: set configuration 0: peers:[0f4389f5-8f89-483a-970a-d84001bccdfd|rpc:10.1.0.11:15191|admin:10.1.0.11:15190|client:10.1.0.11:15189|dataStream:10.1.0.11:15192|priority:1|startupRole:FOLLOWER, 614edf31-22be-48a8-af09-2d4dd5301ee2|rpc:10.1.0.11:15173|admin:10.1.0.11:15172|client:10.1.0.11:15171|dataStream:10.1.0.11:15174|priority:0|startupRole:FOLLOWER, 18956b72-3f9a-4d33-a14d-cbde511355b4|rpc:10.1.0.11:15182|admin:10.1.0.11:15181|client:10.1.0.11:15180|dataStream:10.1.0.11:15183|priority:0|startupRole:FOLLOWER]|listeners:[], old=null
2023-09-07 20:32:39,273 [18956b72-3f9a-4d33-a14d-cbde511355b4-server-thread2] INFO  segmented.SegmentedRaftLogWorker (SegmentedRaftLogWorker.java:startLogSegment(447)) - 18956b72-3f9a-4d33-a14d-cbde511355b4@group-3530F8C087DA-SegmentedRaftLogWorker: Starting segment from index:0
2023-09-07 20:32:39,273 [614edf31-22be-48a8-af09-2d4dd5301ee2-server-thread2] INFO  server.RaftServer$Division (ServerState.java:setRaftConf(434)) - 614edf31-22be-48a8-af09-2d4dd5301ee2@group-A36E6103BAA9: set configuration 0: peers:[0f4389f5-8f89-483a-970a-d84001bccdfd|rpc:10.1.0.11:15191|admin:10.1.0.11:15190|client:10.1.0.11:15189|dataStream:10.1.0.11:15192|priority:0|startupRole:FOLLOWER, 614edf31-22be-48a8-af09-2d4dd5301ee2|rpc:10.1.0.11:15173|admin:10.1.0.11:15172|client:10.1.0.11:15171|dataStream:10.1.0.11:15174|priority:0|startupRole:FOLLOWER, 18956b72-3f9a-4d33-a14d-cbde511355b4|rpc:10.1.0.11:15182|admin:10.1.0.11:15181|client:10.1.0.11:15180|dataStream:10.1.0.11:15183|priority:1|startupRole:FOLLOWER]|listeners:[], old=null
2023-09-07 20:32:39,273 [614edf31-22be-48a8-af09-2d4dd5301ee2-server-thread2] INFO  segmented.SegmentedRaftLogWorker (SegmentedRaftLogWorker.java:startLogSegment(447)) - 614edf31-22be-48a8-af09-2d4dd5301ee2@group-A36E6103BAA9-SegmentedRaftLogWorker: Starting segment from index:0
2023-09-07 20:32:39,274 [18956b72-3f9a-4d33-a14d-cbde511355b4@group-3530F8C087DA-SegmentedRaftLogWorker] INFO  segmented.SegmentedRaftLogWorker (SegmentedRaftLogWorker.java:execute(651)) - 18956b72-3f9a-4d33-a14d-cbde511355b4@group-3530F8C087DA-SegmentedRaftLogWorker: created new log segment /home/runner/work/ozone/ozone/hadoop-ozone/integration-test/target/test-dir/MiniOzoneClusterImpl-5752d0ac-6059-42ff-b166-1d3c6b9f978d/datanode-1/data/ratis/4d2488b6-bf5d-42b5-a00c-3530f8c087da/current/log_inprogress_0
2023-09-07 20:32:39,274 [614edf31-22be-48a8-af09-2d4dd5301ee2@group-A36E6103BAA9-SegmentedRaftLogWorker] INFO  segmented.SegmentedRaftLogWorker (SegmentedRaftLogWorker.java:execute(651)) - 614edf31-22be-48a8-af09-2d4dd5301ee2@group-A36E6103BAA9-SegmentedRaftLogWorker: created new log segment /home/runner/work/ozone/ozone/hadoop-ozone/integration-test/target/test-dir/MiniOzoneClusterImpl-5752d0ac-6059-42ff-b166-1d3c6b9f978d/datanode-0/data/ratis/50423f32-465e-4360-adee-a36e6103baa9/current/log_inprogress_0
2023-09-07 20:32:39,277 [0f4389f5-8f89-483a-970a-d84001bccdfd-server-thread2] INFO  ratis.XceiverServerRatis (XceiverServerRatis.java:handleLeaderChangedNotification(902)) - Leader change notification received for group: group-A36E6103BAA9 with new leaderId: 18956b72-3f9a-4d33-a14d-cbde511355b4
2023-09-07 20:32:39,277 [0f4389f5-8f89-483a-970a-d84001bccdfd-server-thread2] INFO  server.RaftServer$Division (ServerState.java:setLeader(317)) - 0f4389f5-8f89-483a-970a-d84001bccdfd@group-A36E6103BAA9: change Leader from null to 18956b72-3f9a-4d33-a14d-cbde511355b4 at term 1 for appendEntries, leader elected after 5405ms
2023-09-07 20:32:39,287 [0f4389f5-8f89-483a-970a-d84001bccdfd-server-thread1] INFO  server.RaftServer$Division (ServerState.java:setRaftConf(434)) - 0f4389f5-8f89-483a-970a-d84001bccdfd@group-A36E6103BAA9: set configuration 0: peers:[0f4389f5-8f89-483a-970a-d84001bccdfd|rpc:10.1.0.11:15191|admin:10.1.0.11:15190|client:10.1.0.11:15189|dataStream:10.1.0.11:15192|priority:0|startupRole:FOLLOWER, 614edf31-22be-48a8-af09-2d4dd5301ee2|rpc:10.1.0.11:15173|admin:10.1.0.11:15172|client:10.1.0.11:15171|dataStream:10.1.0.11:15174|priority:0|startupRole:FOLLOWER, 18956b72-3f9a-4d33-a14d-cbde511355b4|rpc:10.1.0.11:15182|admin:10.1.0.11:15181|client:10.1.0.11:15180|dataStream:10.1.0.11:15183|priority:1|startupRole:FOLLOWER]|listeners:[], old=null
2023-09-07 20:32:39,287 [0f4389f5-8f89-483a-970a-d84001bccdfd-server-thread1] INFO  segmented.SegmentedRaftLogWorker (SegmentedRaftLogWorker.java:startLogSegment(447)) - 0f4389f5-8f89-483a-970a-d84001bccdfd@group-A36E6103BAA9-SegmentedRaftLogWorker: Starting segment from index:0
2023-09-07 20:32:39,291 [0f4389f5-8f89-483a-970a-d84001bccdfd@group-A36E6103BAA9-SegmentedRaftLogWorker] INFO  segmented.SegmentedRaftLogWorker (SegmentedRaftLogWorker.java:execute(651)) - 0f4389f5-8f89-483a-970a-d84001bccdfd@group-A36E6103BAA9-SegmentedRaftLogWorker: created new log segment /home/runner/work/ozone/ozone/hadoop-ozone/integration-test/target/test-dir/MiniOzoneClusterImpl-5752d0ac-6059-42ff-b166-1d3c6b9f978d/datanode-2/data/ratis/50423f32-465e-4360-adee-a36e6103baa9/current/log_inprogress_0
2023-09-07 20:32:39,404 [main] INFO  ozone.MiniOzoneClusterImpl (MiniOzoneClusterImpl.java:lambda$waitForClusterToBeReady$0(224)) - Nodes are ready. Got 5 of 5 DN Heartbeats.
2023-09-07 20:32:39,404 [main] INFO  ozone.MiniOzoneClusterImpl (MiniOzoneClusterImpl.java:lambda$waitForClusterToBeReady$0(227)) - Cluster exits safe mode
2023-09-07 20:32:39,404 [main] INFO  ozone.MiniOzoneClusterImpl (MiniOzoneClusterImpl.java:lambda$waitForClusterToBeReady$0(229)) - SCM became leader
2023-09-07 20:32:39,408 [18956b72-3f9a-4d33-a14d-cbde511355b4@group-AA12A69C590D-FollowerState] INFO  impl.FollowerState (FollowerState.java:run(143)) - 18956b72-3f9a-4d33-a14d-cbde511355b4@group-AA12A69C590D-FollowerState: change to CANDIDATE, lastRpcElapsedTime:5122245636ns, electionTimeout:5116ms
2023-09-07 20:32:39,408 [18956b72-3f9a-4d33-a14d-cbde511355b4@group-AA12A69C590D-FollowerState] INFO  impl.RoleInfo (RoleInfo.java:shutdownFollowerState(110)) - 18956b72-3f9a-4d33-a14d-cbde511355b4: shutdown 18956b72-3f9a-4d33-a14d-cbde511355b4@group-AA12A69C590D-FollowerState
2023-09-07 20:32:39,408 [18956b72-3f9a-4d33-a14d-cbde511355b4@group-AA12A69C590D-FollowerState] INFO  server.RaftServer$Division (RaftServerImpl.java:setRole(329)) - 18956b72-3f9a-4d33-a14d-cbde511355b4@group-AA12A69C590D: changes role from  FOLLOWER to CANDIDATE at term 0 for changeToCandidate
2023-09-07 20:32:39,409 [18956b72-3f9a-4d33-a14d-cbde511355b4@group-AA12A69C590D-FollowerState] INFO  server.RaftServerConfigKeys (ConfUtils.java:logGet(46)) - raft.server.leaderelection.pre-vote = true (default)
2023-09-07 20:32:39,409 [18956b72-3f9a-4d33-a14d-cbde511355b4@group-AA12A69C590D-FollowerState] INFO  impl.RoleInfo (RoleInfo.java:updateAndGet(139)) - 18956b72-3f9a-4d33-a14d-cbde511355b4: start 18956b72-3f9a-4d33-a14d-cbde511355b4@group-AA12A69C590D-LeaderElection36
2023-09-07 20:32:39,415 [18956b72-3f9a-4d33-a14d-cbde511355b4@group-AA12A69C590D-LeaderElection36] INFO  impl.LeaderElection (LeaderElection.java:askForVotes(321)) - 18956b72-3f9a-4d33-a14d-cbde511355b4@group-AA12A69C590D-LeaderElection36 PRE_VOTE round 0: submit vote requests at term 0 for -1: peers:[18956b72-3f9a-4d33-a14d-cbde511355b4|rpc:10.1.0.11:15182|admin:10.1.0.11:15181|client:10.1.0.11:15180|dataStream:10.1.0.11:15183|priority:1|startupRole:FOLLOWER]|listeners:[], old=null
2023-09-07 20:32:39,416 [18956b72-3f9a-4d33-a14d-cbde511355b4@group-AA12A69C590D-LeaderElection36] INFO  impl.LeaderElection (LeaderElection.java:askForVotes(323)) - 18956b72-3f9a-4d33-a14d-cbde511355b4@group-AA12A69C590D-LeaderElection36 PRE_VOTE round 0: result PASSED (term=0)
2023-09-07 20:32:39,418 [18956b72-3f9a-4d33-a14d-cbde511355b4@group-AA12A69C590D-LeaderElection36] INFO  impl.LeaderElection (LeaderElection.java:askForVotes(321)) - 18956b72-3f9a-4d33-a14d-cbde511355b4@group-AA12A69C590D-LeaderElection36 ELECTION round 0: submit vote requests at term 1 for -1: peers:[18956b72-3f9a-4d33-a14d-cbde511355b4|rpc:10.1.0.11:15182|admin:10.1.0.11:15181|client:10.1.0.11:15180|dataStream:10.1.0.11:15183|priority:1|startupRole:FOLLOWER]|listeners:[], old=null
2023-09-07 20:32:39,418 [18956b72-3f9a-4d33-a14d-cbde511355b4@group-AA12A69C590D-LeaderElection36] INFO  impl.LeaderElection (LeaderElection.java:askForVotes(323)) - 18956b72-3f9a-4d33-a14d-cbde511355b4@group-AA12A69C590D-LeaderElection36 ELECTION round 0: result PASSED (term=1)
2023-09-07 20:32:39,418 [18956b72-3f9a-4d33-a14d-cbde511355b4@group-AA12A69C590D-LeaderElection36] INFO  impl.RoleInfo (RoleInfo.java:shutdownLeaderElection(130)) - 18956b72-3f9a-4d33-a14d-cbde511355b4: shutdown 18956b72-3f9a-4d33-a14d-cbde511355b4@group-AA12A69C590D-LeaderElection36
2023-09-07 20:32:39,418 [18956b72-3f9a-4d33-a14d-cbde511355b4@group-AA12A69C590D-LeaderElection36] INFO  server.RaftServer$Division (RaftServerImpl.java:setRole(329)) - 18956b72-3f9a-4d33-a14d-cbde511355b4@group-AA12A69C590D: changes role from CANDIDATE to LEADER at term 1 for changeToLeader
2023-09-07 20:32:39,418 [18956b72-3f9a-4d33-a14d-cbde511355b4@group-AA12A69C590D-LeaderElection36] INFO  ratis.XceiverServerRatis (XceiverServerRatis.java:handleLeaderChangedNotification(902)) - Leader change notification received for group: group-AA12A69C590D with new leaderId: 18956b72-3f9a-4d33-a14d-cbde511355b4
2023-09-07 20:32:39,418 [18956b72-3f9a-4d33-a14d-cbde511355b4@group-AA12A69C590D-LeaderElection36] INFO  server.RaftServer$Division (ServerState.java:setLeader(317)) - 18956b72-3f9a-4d33-a14d-cbde511355b4@group-AA12A69C590D: change Leader from null to 18956b72-3f9a-4d33-a14d-cbde511355b4 at term 1 for becomeLeader, leader elected after 5152ms
2023-09-07 20:32:39,418 [18956b72-3f9a-4d33-a14d-cbde511355b4@group-AA12A69C590D-LeaderElection36] INFO  server.RaftServerConfigKeys (ConfUtils.java:logGet(46)) - raft.server.staging.catchup.gap = 1000 (default)
2023-09-07 20:32:39,418 [18956b72-3f9a-4d33-a14d-cbde511355b4@group-AA12A69C590D-LeaderElection36] INFO  server.RaftServerConfigKeys (ConfUtils.java:logGet(46)) - raft.server.write.element-limit = 1024 (custom)
2023-09-07 20:32:39,419 [18956b72-3f9a-4d33-a14d-cbde511355b4@group-AA12A69C590D-LeaderElection36] INFO  server.RaftServerConfigKeys (ConfUtils.java:logGet(46)) - raft.server.write.byte-limit = 1024 M (=1073741824) (custom)
2023-09-07 20:32:39,423 [18956b72-3f9a-4d33-a14d-cbde511355b4@group-AA12A69C590D-LeaderElection36] INFO  server.RaftServerConfigKeys (ConfUtils.java:logGet(46)) - raft.server.watch.timeout = 180s (custom)
2023-09-07 20:32:39,423 [18956b72-3f9a-4d33-a14d-cbde511355b4@group-AA12A69C590D-LeaderElection36] INFO  server.RaftServerConfigKeys (ConfUtils.java:logGet(46)) - raft.server.watch.timeout.denomination = 1s (default)
2023-09-07 20:32:39,423 [18956b72-3f9a-4d33-a14d-cbde511355b4@group-AA12A69C590D-LeaderElection36] INFO  server.RaftServerConfigKeys (ConfUtils.java:logGet(46)) - raft.server.watch.element-limit = 65536 (default)
2023-09-07 20:32:39,423 [18956b72-3f9a-4d33-a14d-cbde511355b4@group-AA12A69C590D-LeaderElection36] INFO  server.RaftServerConfigKeys (ConfUtils.java:logGet(46)) - raft.server.write.element-limit = 1024 (custom)
2023-09-07 20:32:39,423 [18956b72-3f9a-4d33-a14d-cbde511355b4@group-AA12A69C590D-LeaderElection36] INFO  server.RaftServerConfigKeys (ConfUtils.java:logGet(46)) - raft.server.write.follower.gap.ratio.max = -1.0 (default)
2023-09-07 20:32:39,423 [18956b72-3f9a-4d33-a14d-cbde511355b4@group-AA12A69C590D-LeaderElection36] INFO  impl.RoleInfo (RoleInfo.java:updateAndGet(139)) - 18956b72-3f9a-4d33-a14d-cbde511355b4: start 18956b72-3f9a-4d33-a14d-cbde511355b4@group-AA12A69C590D-LeaderStateImpl
2023-09-07 20:32:39,424 [18956b72-3f9a-4d33-a14d-cbde511355b4@group-AA12A69C590D-LeaderElection36] INFO  segmented.SegmentedRaftLogWorker (SegmentedRaftLogWorker.java:startLogSegment(447)) - 18956b72-3f9a-4d33-a14d-cbde511355b4@group-AA12A69C590D-SegmentedRaftLogWorker: Starting segment from index:0
2023-09-07 20:32:39,428 [18956b72-3f9a-4d33-a14d-cbde511355b4@group-AA12A69C590D-SegmentedRaftLogWorker] INFO  segmented.SegmentedRaftLogWorker (SegmentedRaftLogWorker.java:execute(651)) - 18956b72-3f9a-4d33-a14d-cbde511355b4@group-AA12A69C590D-SegmentedRaftLogWorker: created new log segment /home/runner/work/ozone/ozone/hadoop-ozone/integration-test/target/test-dir/MiniOzoneClusterImpl-5752d0ac-6059-42ff-b166-1d3c6b9f978d/datanode-1/data/ratis/7c71b2b0-36c6-4243-a50f-aa12a69c590d/current/log_inprogress_0
2023-09-07 20:32:39,434 [18956b72-3f9a-4d33-a14d-cbde511355b4@group-AA12A69C590D-LeaderElection36] INFO  server.RaftServer$Division (ServerState.java:setRaftConf(434)) - 18956b72-3f9a-4d33-a14d-cbde511355b4@group-AA12A69C590D: set configuration 0: peers:[18956b72-3f9a-4d33-a14d-cbde511355b4|rpc:10.1.0.11:15182|admin:10.1.0.11:15181|client:10.1.0.11:15180|dataStream:10.1.0.11:15183|priority:1|startupRole:FOLLOWER]|listeners:[], old=null
2023-09-07 20:32:39,450 [main] INFO  rpc.RpcClient (RpcClient.java:createVolume(461)) - Creating Volume: volume10577, with user84621 as owner and space quota set to -1 bytes, counts quota set to -1
2023-09-07 20:32:39,451 [IPC Server handler 1 on default port 15163] INFO  volume.OMVolumeCreateRequest (OMVolumeCreateRequest.java:validateAndUpdateCache(196)) - created volume:volume10577 for user:user84621
2023-09-07 20:32:39,457 [main] INFO  rpc.RpcClient (RpcClient.java:createBucket(688)) - Creating Bucket: volume10577/bucket68495, with bucket layout LEGACY, runner as owner, Versioning false, Storage Type set to DISK and Encryption set to false, Replication Type set to server-side default replication type, Namespace Quota set to -1, Space Quota set to -1 
2023-09-07 20:32:39,457 [IPC Server handler 3 on default port 15163] INFO  bucket.OMBucketCreateRequest (OMBucketCreateRequest.java:validateAndUpdateCache(270)) - created bucket: bucket68495 of layout LEGACY in volume: volume10577
]]></system-out>
  </testcase>
  <testcase name="testSeekOnFileLength" classname="TestOzoneFileSystem" time="1.234">
    <system-out><![CDATA[2023-09-07 20:27:36,152 [IPC Server handler 19 on default port 15001] INFO  ha.SequenceIdGenerator (SequenceIdGenerator.java:getNextId(140)) - Allocate a batch for containerId, change lastId from 0 to 1000.
2023-09-07 20:27:36,169 [IPC Server handler 19 on default port 15001] WARN  ha.SequenceIdGenerator (SequenceIdGenerator.java:allocateBatch(253)) - Failed to allocate a batch for localId, expected lastId is 0, actual lastId is 111677748019200000.
2023-09-07 20:27:36,170 [IPC Server handler 19 on default port 15001] INFO  ha.SequenceIdGenerator (SequenceIdGenerator.java:getNextId(140)) - Allocate a batch for localId, change lastId from 111677748019200000 to 111677748019201000.
2023-09-07 20:27:36,288 [Time-limited test] INFO  impl.MetricsSystemImpl (MetricsSystemImpl.java:init(158)) - XceiverClientMetrics metrics system started (again)
2023-09-07 20:27:36,289 [Time-limited test] INFO  lib.Interns (Interns.java:removeEldestEntry(50)) - Metrics intern cache overflow at 2011 for MetricsSystem={MetricsSystem=MetricsInfoImpl{name=MetricsSystem, description=MetricsSystem}, MetricsSystem record=MetricsInfoImpl{name=MetricsSystem, description=MetricsSystem record}}
2023-09-07 20:27:37,194 [IPC Server handler 3 on default port 15001] WARN  node.SCMNodeManager (SCMNodeManager.java:getNodesByAddress(1373)) - Cannot find node for address 127.0.0.1
20:27:37.252 [IPC Server handler 12 on default port 15004] ERROR OMAudit - user=runner | ip=127.0.0.1 | op=READ_KEY {volume=volume63798, bucket=bucket90991, key=file_notexist, dataSize=0, replicationConfig=null} | ret=FAILURE
org.apache.hadoop.ozone.om.exceptions.OMException: Key:file_notexist not found
	at org.apache.hadoop.ozone.om.KeyManagerImpl.readKeyInfo(KeyManagerImpl.java:427) ~[ozone-manager-1.4.0-SNAPSHOT.jar:?]
	at org.apache.hadoop.ozone.om.KeyManagerImpl.lambda$9(KeyManagerImpl.java:1931) ~[ozone-manager-1.4.0-SNAPSHOT.jar:?]
	at org.apache.hadoop.util.MetricUtil.captureLatencyNs(MetricUtil.java:39) ~[hdds-common-1.4.0-SNAPSHOT.jar:?]
	at org.apache.hadoop.ozone.om.KeyManagerImpl.getKeyInfo(KeyManagerImpl.java:1929) ~[ozone-manager-1.4.0-SNAPSHOT.jar:?]
	at org.apache.hadoop.ozone.om.OmMetadataReader.getKeyInfo(OmMetadataReader.java:185) ~[ozone-manager-1.4.0-SNAPSHOT.jar:?]
	at org.apache.hadoop.ozone.om.OzoneManager.getKeyInfo(OzoneManager.java:2827) ~[ozone-manager-1.4.0-SNAPSHOT.jar:?]
	at org.apache.hadoop.ozone.protocolPB.OzoneManagerRequestHandler.getKeyInfo(OzoneManagerRequestHandler.java:585) ~[ozone-manager-1.4.0-SNAPSHOT.jar:?]
	at org.apache.hadoop.ozone.protocolPB.OzoneManagerRequestHandler.handleReadRequest(OzoneManagerRequestHandler.java:304) ~[ozone-manager-1.4.0-SNAPSHOT.jar:?]
	at org.apache.hadoop.ozone.protocolPB.OzoneManagerProtocolServerSideTranslatorPB.submitReadRequestToOM(OzoneManagerProtocolServerSideTranslatorPB.java:225) ~[ozone-manager-1.4.0-SNAPSHOT.jar:?]
	at org.apache.hadoop.ozone.protocolPB.OzoneManagerProtocolServerSideTranslatorPB.processRequest(OzoneManagerProtocolServerSideTranslatorPB.java:179) ~[ozone-manager-1.4.0-SNAPSHOT.jar:?]
	at org.apache.hadoop.hdds.server.OzoneProtocolMessageDispatcher.processRequest(OzoneProtocolMessageDispatcher.java:87) [hdds-server-framework-1.4.0-SNAPSHOT.jar:?]
	at org.apache.hadoop.ozone.protocolPB.OzoneManagerProtocolServerSideTranslatorPB.submitRequest(OzoneManagerProtocolServerSideTranslatorPB.java:148) [ozone-manager-1.4.0-SNAPSHOT.jar:?]
	at org.apache.hadoop.ozone.protocol.proto.OzoneManagerProtocolProtos$OzoneManagerService$2.callBlockingMethod(OzoneManagerProtocolProtos.java) [ozone-interface-client-1.4.0-SNAPSHOT.jar:?]
	at org.apache.hadoop.ipc.ProtobufRpcEngine$Server.processCall(ProtobufRpcEngine.java:484) [hadoop-common-3.3.6.jar:?]
	at org.apache.hadoop.ipc.ProtobufRpcEngine2$Server$ProtoBufRpcInvoker.call(ProtobufRpcEngine2.java:595) [hadoop-common-3.3.6.jar:?]
	at org.apache.hadoop.ipc.ProtobufRpcEngine2$Server$ProtoBufRpcInvoker.call(ProtobufRpcEngine2.java:573) [hadoop-common-3.3.6.jar:?]
	at org.apache.hadoop.ipc.RPC$Server.call(RPC.java:1227) [hadoop-common-3.3.6.jar:?]
	at org.apache.hadoop.ipc.Server$RpcCall.run(Server.java:1094) [hadoop-common-3.3.6.jar:?]
	at org.apache.hadoop.ipc.Server$RpcCall.run(Server.java:1017) [hadoop-common-3.3.6.jar:?]
	at java.security.AccessController.doPrivileged(Native Method) ~[?:1.8.0_382]
	at javax.security.auth.Subject.doAs(Subject.java:422) [?:1.8.0_382]
	at org.apache.hadoop.security.UserGroupInformation.doAs(UserGroupInformation.java:1899) [hadoop-common-3.3.6.jar:?]
	at org.apache.hadoop.ipc.Server$Handler.run(Server.java:3048) [hadoop-common-3.3.6.jar:?]
]]></system-out>
  </testcase>
  <testcase name="testSeekOnFileLength" classname="TestOzoneFileSystem" time="0.173">
    <system-out><![CDATA[2023-09-07 20:29:34,937 [IPC Server handler 19 on default port 15054] INFO  ha.SequenceIdGenerator (SequenceIdGenerator.java:getNextId(140)) - Allocate a batch for containerId, change lastId from 0 to 1000.
2023-09-07 20:29:34,938 [IPC Server handler 19 on default port 15054] WARN  ha.SequenceIdGenerator (SequenceIdGenerator.java:allocateBatch(253)) - Failed to allocate a batch for localId, expected lastId is 0, actual lastId is 111677748019200000.
2023-09-07 20:29:34,939 [IPC Server handler 19 on default port 15054] INFO  ha.SequenceIdGenerator (SequenceIdGenerator.java:getNextId(140)) - Allocate a batch for localId, change lastId from 111677748019200000 to 111677748019201000.
2023-09-07 20:29:35,081 [IPC Server handler 3 on default port 15054] WARN  node.SCMNodeManager (SCMNodeManager.java:getNodesByAddress(1373)) - Cannot find node for address 127.0.0.1
20:29:35.090 [IPC Server handler 11 on default port 15057] ERROR OMAudit - user=runner | ip=127.0.0.1 | op=READ_KEY {volume=volume62736, bucket=bucket10134, key=file_notexist, dataSize=0, replicationConfig=null} | ret=FAILURE
org.apache.hadoop.ozone.om.exceptions.OMException: Key:file_notexist not found
	at org.apache.hadoop.ozone.om.KeyManagerImpl.readKeyInfo(KeyManagerImpl.java:427) ~[ozone-manager-1.4.0-SNAPSHOT.jar:?]
	at org.apache.hadoop.ozone.om.KeyManagerImpl.lambda$9(KeyManagerImpl.java:1931) ~[ozone-manager-1.4.0-SNAPSHOT.jar:?]
	at org.apache.hadoop.util.MetricUtil.captureLatencyNs(MetricUtil.java:39) ~[hdds-common-1.4.0-SNAPSHOT.jar:?]
	at org.apache.hadoop.ozone.om.KeyManagerImpl.getKeyInfo(KeyManagerImpl.java:1929) ~[ozone-manager-1.4.0-SNAPSHOT.jar:?]
	at org.apache.hadoop.ozone.om.OmMetadataReader.getKeyInfo(OmMetadataReader.java:185) ~[ozone-manager-1.4.0-SNAPSHOT.jar:?]
	at org.apache.hadoop.ozone.om.OzoneManager.getKeyInfo(OzoneManager.java:2827) ~[ozone-manager-1.4.0-SNAPSHOT.jar:?]
	at org.apache.hadoop.ozone.protocolPB.OzoneManagerRequestHandler.getKeyInfo(OzoneManagerRequestHandler.java:585) ~[ozone-manager-1.4.0-SNAPSHOT.jar:?]
	at org.apache.hadoop.ozone.protocolPB.OzoneManagerRequestHandler.handleReadRequest(OzoneManagerRequestHandler.java:304) ~[ozone-manager-1.4.0-SNAPSHOT.jar:?]
	at org.apache.hadoop.ozone.protocolPB.OzoneManagerProtocolServerSideTranslatorPB.submitRequestDirectlyToOM(OzoneManagerProtocolServerSideTranslatorPB.java:274) ~[ozone-manager-1.4.0-SNAPSHOT.jar:?]
	at org.apache.hadoop.ozone.protocolPB.OzoneManagerProtocolServerSideTranslatorPB.processRequest(OzoneManagerProtocolServerSideTranslatorPB.java:175) ~[ozone-manager-1.4.0-SNAPSHOT.jar:?]
	at org.apache.hadoop.hdds.server.OzoneProtocolMessageDispatcher.processRequest(OzoneProtocolMessageDispatcher.java:87) [hdds-server-framework-1.4.0-SNAPSHOT.jar:?]
	at org.apache.hadoop.ozone.protocolPB.OzoneManagerProtocolServerSideTranslatorPB.submitRequest(OzoneManagerProtocolServerSideTranslatorPB.java:148) [ozone-manager-1.4.0-SNAPSHOT.jar:?]
	at org.apache.hadoop.ozone.protocol.proto.OzoneManagerProtocolProtos$OzoneManagerService$2.callBlockingMethod(OzoneManagerProtocolProtos.java) [ozone-interface-client-1.4.0-SNAPSHOT.jar:?]
	at org.apache.hadoop.ipc.ProtobufRpcEngine$Server.processCall(ProtobufRpcEngine.java:484) [hadoop-common-3.3.6.jar:?]
	at org.apache.hadoop.ipc.ProtobufRpcEngine2$Server$ProtoBufRpcInvoker.call(ProtobufRpcEngine2.java:595) [hadoop-common-3.3.6.jar:?]
	at org.apache.hadoop.ipc.ProtobufRpcEngine2$Server$ProtoBufRpcInvoker.call(ProtobufRpcEngine2.java:573) [hadoop-common-3.3.6.jar:?]
	at org.apache.hadoop.ipc.RPC$Server.call(RPC.java:1227) [hadoop-common-3.3.6.jar:?]
	at org.apache.hadoop.ipc.Server$RpcCall.run(Server.java:1094) [hadoop-common-3.3.6.jar:?]
	at org.apache.hadoop.ipc.Server$RpcCall.run(Server.java:1017) [hadoop-common-3.3.6.jar:?]
	at java.security.AccessController.doPrivileged(Native Method) ~[?:1.8.0_382]
	at javax.security.auth.Subject.doAs(Subject.java:422) [?:1.8.0_382]
	at org.apache.hadoop.security.UserGroupInformation.doAs(UserGroupInformation.java:1899) [hadoop-common-3.3.6.jar:?]
	at org.apache.hadoop.ipc.Server$Handler.run(Server.java:3048) [hadoop-common-3.3.6.jar:?]
]]></system-out>
  </testcase>
  <testcase name="testSeekOnFileLength" classname="TestOzoneFileSystem" time="0.242">
    <system-out><![CDATA[2023-09-07 20:31:00,598 [IPC Server handler 1 on default port 15107] INFO  ha.SequenceIdGenerator (SequenceIdGenerator.java:getNextId(140)) - Allocate a batch for containerId, change lastId from 0 to 1000.
2023-09-07 20:31:00,598 [IPC Server handler 1 on default port 15107] WARN  ha.SequenceIdGenerator (SequenceIdGenerator.java:allocateBatch(253)) - Failed to allocate a batch for localId, expected lastId is 0, actual lastId is 111677748019200000.
2023-09-07 20:31:00,599 [IPC Server handler 1 on default port 15107] INFO  ha.SequenceIdGenerator (SequenceIdGenerator.java:getNextId(140)) - Allocate a batch for localId, change lastId from 111677748019200000 to 111677748019201000.
2023-09-07 20:31:00,727 [114a9516-507d-4df3-bbf0-358fc4f720dd@group-F3A6382101F2-FollowerState] INFO  impl.FollowerState (FollowerState.java:run(143)) - 114a9516-507d-4df3-bbf0-358fc4f720dd@group-F3A6382101F2-FollowerState: change to CANDIDATE, lastRpcElapsedTime:5050933696ns, electionTimeout:5044ms
2023-09-07 20:31:00,728 [114a9516-507d-4df3-bbf0-358fc4f720dd@group-F3A6382101F2-FollowerState] INFO  impl.RoleInfo (RoleInfo.java:shutdownFollowerState(110)) - 114a9516-507d-4df3-bbf0-358fc4f720dd: shutdown 114a9516-507d-4df3-bbf0-358fc4f720dd@group-F3A6382101F2-FollowerState
2023-09-07 20:31:00,728 [114a9516-507d-4df3-bbf0-358fc4f720dd@group-F3A6382101F2-FollowerState] INFO  server.RaftServer$Division (RaftServerImpl.java:setRole(329)) - 114a9516-507d-4df3-bbf0-358fc4f720dd@group-F3A6382101F2: changes role from  FOLLOWER to CANDIDATE at term 0 for changeToCandidate
2023-09-07 20:31:00,729 [114a9516-507d-4df3-bbf0-358fc4f720dd@group-F3A6382101F2-FollowerState] INFO  server.RaftServerConfigKeys (ConfUtils.java:logGet(46)) - raft.server.leaderelection.pre-vote = true (default)
2023-09-07 20:31:00,733 [114a9516-507d-4df3-bbf0-358fc4f720dd@group-F3A6382101F2-FollowerState] INFO  impl.RoleInfo (RoleInfo.java:updateAndGet(139)) - 114a9516-507d-4df3-bbf0-358fc4f720dd: start 114a9516-507d-4df3-bbf0-358fc4f720dd@group-F3A6382101F2-LeaderElection28
2023-09-07 20:31:00,755 [114a9516-507d-4df3-bbf0-358fc4f720dd@group-F3A6382101F2-LeaderElection28] INFO  impl.LeaderElection (LeaderElection.java:askForVotes(321)) - 114a9516-507d-4df3-bbf0-358fc4f720dd@group-F3A6382101F2-LeaderElection28 PRE_VOTE round 0: submit vote requests at term 0 for -1: peers:[114a9516-507d-4df3-bbf0-358fc4f720dd|rpc:10.1.0.11:15138|admin:10.1.0.11:15137|client:10.1.0.11:15136|dataStream:10.1.0.11:15139|priority:1|startupRole:FOLLOWER]|listeners:[], old=null
2023-09-07 20:31:00,755 [114a9516-507d-4df3-bbf0-358fc4f720dd@group-F3A6382101F2-LeaderElection28] INFO  impl.LeaderElection (LeaderElection.java:askForVotes(323)) - 114a9516-507d-4df3-bbf0-358fc4f720dd@group-F3A6382101F2-LeaderElection28 PRE_VOTE round 0: result PASSED (term=0)
2023-09-07 20:31:00,758 [114a9516-507d-4df3-bbf0-358fc4f720dd@group-F3A6382101F2-LeaderElection28] INFO  impl.LeaderElection (LeaderElection.java:askForVotes(321)) - 114a9516-507d-4df3-bbf0-358fc4f720dd@group-F3A6382101F2-LeaderElection28 ELECTION round 0: submit vote requests at term 1 for -1: peers:[114a9516-507d-4df3-bbf0-358fc4f720dd|rpc:10.1.0.11:15138|admin:10.1.0.11:15137|client:10.1.0.11:15136|dataStream:10.1.0.11:15139|priority:1|startupRole:FOLLOWER]|listeners:[], old=null
2023-09-07 20:31:00,758 [114a9516-507d-4df3-bbf0-358fc4f720dd@group-F3A6382101F2-LeaderElection28] INFO  impl.LeaderElection (LeaderElection.java:askForVotes(323)) - 114a9516-507d-4df3-bbf0-358fc4f720dd@group-F3A6382101F2-LeaderElection28 ELECTION round 0: result PASSED (term=1)
2023-09-07 20:31:00,758 [114a9516-507d-4df3-bbf0-358fc4f720dd@group-F3A6382101F2-LeaderElection28] INFO  impl.RoleInfo (RoleInfo.java:shutdownLeaderElection(130)) - 114a9516-507d-4df3-bbf0-358fc4f720dd: shutdown 114a9516-507d-4df3-bbf0-358fc4f720dd@group-F3A6382101F2-LeaderElection28
2023-09-07 20:31:00,758 [114a9516-507d-4df3-bbf0-358fc4f720dd@group-F3A6382101F2-LeaderElection28] INFO  server.RaftServer$Division (RaftServerImpl.java:setRole(329)) - 114a9516-507d-4df3-bbf0-358fc4f720dd@group-F3A6382101F2: changes role from CANDIDATE to LEADER at term 1 for changeToLeader
2023-09-07 20:31:00,758 [114a9516-507d-4df3-bbf0-358fc4f720dd@group-F3A6382101F2-LeaderElection28] INFO  ratis.XceiverServerRatis (XceiverServerRatis.java:handleLeaderChangedNotification(902)) - Leader change notification received for group: group-F3A6382101F2 with new leaderId: 114a9516-507d-4df3-bbf0-358fc4f720dd
2023-09-07 20:31:00,760 [114a9516-507d-4df3-bbf0-358fc4f720dd@group-F3A6382101F2-LeaderElection28] INFO  server.RaftServer$Division (ServerState.java:setLeader(317)) - 114a9516-507d-4df3-bbf0-358fc4f720dd@group-F3A6382101F2: change Leader from null to 114a9516-507d-4df3-bbf0-358fc4f720dd at term 1 for becomeLeader, leader elected after 5098ms
2023-09-07 20:31:00,760 [114a9516-507d-4df3-bbf0-358fc4f720dd@group-F3A6382101F2-LeaderElection28] INFO  server.RaftServerConfigKeys (ConfUtils.java:logGet(46)) - raft.server.staging.catchup.gap = 1000 (default)
2023-09-07 20:31:00,761 [114a9516-507d-4df3-bbf0-358fc4f720dd@group-F3A6382101F2-LeaderElection28] INFO  server.RaftServerConfigKeys (ConfUtils.java:logGet(46)) - raft.server.write.element-limit = 1024 (custom)
2023-09-07 20:31:00,761 [114a9516-507d-4df3-bbf0-358fc4f720dd@group-F3A6382101F2-LeaderElection28] INFO  server.RaftServerConfigKeys (ConfUtils.java:logGet(46)) - raft.server.write.byte-limit = 1024 M (=1073741824) (custom)
2023-09-07 20:31:00,761 [114a9516-507d-4df3-bbf0-358fc4f720dd@group-F3A6382101F2-LeaderElection28] INFO  server.RaftServerConfigKeys (ConfUtils.java:logGet(46)) - raft.server.watch.timeout = 180s (custom)
2023-09-07 20:31:00,761 [114a9516-507d-4df3-bbf0-358fc4f720dd@group-F3A6382101F2-LeaderElection28] INFO  server.RaftServerConfigKeys (ConfUtils.java:logGet(46)) - raft.server.watch.timeout.denomination = 1s (default)
2023-09-07 20:31:00,761 [114a9516-507d-4df3-bbf0-358fc4f720dd@group-F3A6382101F2-LeaderElection28] INFO  server.RaftServerConfigKeys (ConfUtils.java:logGet(46)) - raft.server.watch.element-limit = 65536 (default)
2023-09-07 20:31:00,761 [114a9516-507d-4df3-bbf0-358fc4f720dd@group-F3A6382101F2-LeaderElection28] INFO  server.RaftServerConfigKeys (ConfUtils.java:logGet(46)) - raft.server.write.element-limit = 1024 (custom)
2023-09-07 20:31:00,761 [114a9516-507d-4df3-bbf0-358fc4f720dd@group-F3A6382101F2-LeaderElection28] INFO  server.RaftServerConfigKeys (ConfUtils.java:logGet(46)) - raft.server.write.follower.gap.ratio.max = -1.0 (default)
2023-09-07 20:31:00,761 [114a9516-507d-4df3-bbf0-358fc4f720dd@group-F3A6382101F2-LeaderElection28] INFO  impl.RoleInfo (RoleInfo.java:updateAndGet(139)) - 114a9516-507d-4df3-bbf0-358fc4f720dd: start 114a9516-507d-4df3-bbf0-358fc4f720dd@group-F3A6382101F2-LeaderStateImpl
2023-09-07 20:31:00,761 [114a9516-507d-4df3-bbf0-358fc4f720dd@group-F3A6382101F2-LeaderElection28] INFO  segmented.SegmentedRaftLogWorker (SegmentedRaftLogWorker.java:startLogSegment(447)) - 114a9516-507d-4df3-bbf0-358fc4f720dd@group-F3A6382101F2-SegmentedRaftLogWorker: Starting segment from index:0
2023-09-07 20:31:00,764 [114a9516-507d-4df3-bbf0-358fc4f720dd@group-F3A6382101F2-SegmentedRaftLogWorker] INFO  segmented.SegmentedRaftLogWorker (SegmentedRaftLogWorker.java:execute(651)) - 114a9516-507d-4df3-bbf0-358fc4f720dd@group-F3A6382101F2-SegmentedRaftLogWorker: created new log segment /home/runner/work/ozone/ozone/hadoop-ozone/integration-test/target/test-dir/MiniOzoneClusterImpl-7c3c5bdb-9f31-4157-923c-74528274ab7c/datanode-2/data/ratis/ea302dc6-52d0-4b85-bf72-f3a6382101f2/current/log_inprogress_0
2023-09-07 20:31:00,781 [114a9516-507d-4df3-bbf0-358fc4f720dd@group-F3A6382101F2-LeaderElection28] INFO  server.RaftServer$Division (ServerState.java:setRaftConf(434)) - 114a9516-507d-4df3-bbf0-358fc4f720dd@group-F3A6382101F2: set configuration 0: peers:[114a9516-507d-4df3-bbf0-358fc4f720dd|rpc:10.1.0.11:15138|admin:10.1.0.11:15137|client:10.1.0.11:15136|dataStream:10.1.0.11:15139|priority:1|startupRole:FOLLOWER]|listeners:[], old=null
2023-09-07 20:31:00,799 [IPC Server handler 2 on default port 15107] WARN  node.SCMNodeManager (SCMNodeManager.java:getNodesByAddress(1373)) - Cannot find node for address 127.0.0.1
20:31:00.808 [IPC Server handler 13 on default port 15110] ERROR OMAudit - user=runner | ip=127.0.0.1 | op=READ_KEY {volume=volume50105, bucket=bucket55116, key=file_notexist, dataSize=0, replicationConfig=null} | ret=FAILURE
org.apache.hadoop.ozone.om.exceptions.OMException: Key:file_notexist not found
	at org.apache.hadoop.ozone.om.KeyManagerImpl.readKeyInfo(KeyManagerImpl.java:427) ~[ozone-manager-1.4.0-SNAPSHOT.jar:?]
	at org.apache.hadoop.ozone.om.KeyManagerImpl.lambda$9(KeyManagerImpl.java:1931) ~[ozone-manager-1.4.0-SNAPSHOT.jar:?]
	at org.apache.hadoop.util.MetricUtil.captureLatencyNs(MetricUtil.java:39) ~[hdds-common-1.4.0-SNAPSHOT.jar:?]
	at org.apache.hadoop.ozone.om.KeyManagerImpl.getKeyInfo(KeyManagerImpl.java:1929) ~[ozone-manager-1.4.0-SNAPSHOT.jar:?]
	at org.apache.hadoop.ozone.om.OmMetadataReader.getKeyInfo(OmMetadataReader.java:185) ~[ozone-manager-1.4.0-SNAPSHOT.jar:?]
	at org.apache.hadoop.ozone.om.OzoneManager.getKeyInfo(OzoneManager.java:2827) ~[ozone-manager-1.4.0-SNAPSHOT.jar:?]
	at org.apache.hadoop.ozone.protocolPB.OzoneManagerRequestHandler.getKeyInfo(OzoneManagerRequestHandler.java:585) ~[ozone-manager-1.4.0-SNAPSHOT.jar:?]
	at org.apache.hadoop.ozone.protocolPB.OzoneManagerRequestHandler.handleReadRequest(OzoneManagerRequestHandler.java:304) ~[ozone-manager-1.4.0-SNAPSHOT.jar:?]
	at org.apache.hadoop.ozone.protocolPB.OzoneManagerProtocolServerSideTranslatorPB.submitReadRequestToOM(OzoneManagerProtocolServerSideTranslatorPB.java:225) ~[ozone-manager-1.4.0-SNAPSHOT.jar:?]
	at org.apache.hadoop.ozone.protocolPB.OzoneManagerProtocolServerSideTranslatorPB.processRequest(OzoneManagerProtocolServerSideTranslatorPB.java:179) ~[ozone-manager-1.4.0-SNAPSHOT.jar:?]
	at org.apache.hadoop.hdds.server.OzoneProtocolMessageDispatcher.processRequest(OzoneProtocolMessageDispatcher.java:87) [hdds-server-framework-1.4.0-SNAPSHOT.jar:?]
	at org.apache.hadoop.ozone.protocolPB.OzoneManagerProtocolServerSideTranslatorPB.submitRequest(OzoneManagerProtocolServerSideTranslatorPB.java:148) [ozone-manager-1.4.0-SNAPSHOT.jar:?]
	at org.apache.hadoop.ozone.protocol.proto.OzoneManagerProtocolProtos$OzoneManagerService$2.callBlockingMethod(OzoneManagerProtocolProtos.java) [ozone-interface-client-1.4.0-SNAPSHOT.jar:?]
	at org.apache.hadoop.ipc.ProtobufRpcEngine$Server.processCall(ProtobufRpcEngine.java:484) [hadoop-common-3.3.6.jar:?]
	at org.apache.hadoop.ipc.ProtobufRpcEngine2$Server$ProtoBufRpcInvoker.call(ProtobufRpcEngine2.java:595) [hadoop-common-3.3.6.jar:?]
	at org.apache.hadoop.ipc.ProtobufRpcEngine2$Server$ProtoBufRpcInvoker.call(ProtobufRpcEngine2.java:573) [hadoop-common-3.3.6.jar:?]
	at org.apache.hadoop.ipc.RPC$Server.call(RPC.java:1227) [hadoop-common-3.3.6.jar:?]
	at org.apache.hadoop.ipc.Server$RpcCall.run(Server.java:1094) [hadoop-common-3.3.6.jar:?]
	at org.apache.hadoop.ipc.Server$RpcCall.run(Server.java:1017) [hadoop-common-3.3.6.jar:?]
	at java.security.AccessController.doPrivileged(Native Method) ~[?:1.8.0_382]
	at javax.security.auth.Subject.doAs(Subject.java:422) [?:1.8.0_382]
	at org.apache.hadoop.security.UserGroupInformation.doAs(UserGroupInformation.java:1899) [hadoop-common-3.3.6.jar:?]
	at org.apache.hadoop.ipc.Server$Handler.run(Server.java:3048) [hadoop-common-3.3.6.jar:?]
]]></system-out>
  </testcase>
  <testcase name="testSeekOnFileLength" classname="TestOzoneFileSystem" time="0.138">
    <system-out><![CDATA[2023-09-07 20:32:39,498 [IPC Server handler 19 on default port 15160] INFO  ha.SequenceIdGenerator (SequenceIdGenerator.java:getNextId(140)) - Allocate a batch for containerId, change lastId from 0 to 1000.
2023-09-07 20:32:39,498 [IPC Server handler 19 on default port 15160] WARN  ha.SequenceIdGenerator (SequenceIdGenerator.java:allocateBatch(253)) - Failed to allocate a batch for localId, expected lastId is 0, actual lastId is 111677748019200000.
2023-09-07 20:32:39,499 [IPC Server handler 19 on default port 15160] INFO  ha.SequenceIdGenerator (SequenceIdGenerator.java:getNextId(140)) - Allocate a batch for localId, change lastId from 111677748019200000 to 111677748019201000.
2023-09-07 20:32:39,601 [IPC Server handler 14 on default port 15160] WARN  node.SCMNodeManager (SCMNodeManager.java:getNodesByAddress(1373)) - Cannot find node for address 127.0.0.1
20:32:39.606 [IPC Server handler 17 on default port 15163] ERROR OMAudit - user=runner | ip=127.0.0.1 | op=READ_KEY {volume=volume10577, bucket=bucket68495, key=file_notexist, dataSize=0, replicationConfig=null} | ret=FAILURE
org.apache.hadoop.ozone.om.exceptions.OMException: Key:file_notexist not found
	at org.apache.hadoop.ozone.om.KeyManagerImpl.readKeyInfo(KeyManagerImpl.java:427) ~[ozone-manager-1.4.0-SNAPSHOT.jar:?]
	at org.apache.hadoop.ozone.om.KeyManagerImpl.lambda$9(KeyManagerImpl.java:1931) ~[ozone-manager-1.4.0-SNAPSHOT.jar:?]
	at org.apache.hadoop.util.MetricUtil.captureLatencyNs(MetricUtil.java:39) ~[hdds-common-1.4.0-SNAPSHOT.jar:?]
	at org.apache.hadoop.ozone.om.KeyManagerImpl.getKeyInfo(KeyManagerImpl.java:1929) ~[ozone-manager-1.4.0-SNAPSHOT.jar:?]
	at org.apache.hadoop.ozone.om.OmMetadataReader.getKeyInfo(OmMetadataReader.java:185) ~[ozone-manager-1.4.0-SNAPSHOT.jar:?]
	at org.apache.hadoop.ozone.om.OzoneManager.getKeyInfo(OzoneManager.java:2827) ~[ozone-manager-1.4.0-SNAPSHOT.jar:?]
	at org.apache.hadoop.ozone.protocolPB.OzoneManagerRequestHandler.getKeyInfo(OzoneManagerRequestHandler.java:585) ~[ozone-manager-1.4.0-SNAPSHOT.jar:?]
	at org.apache.hadoop.ozone.protocolPB.OzoneManagerRequestHandler.handleReadRequest(OzoneManagerRequestHandler.java:304) ~[ozone-manager-1.4.0-SNAPSHOT.jar:?]
	at org.apache.hadoop.ozone.protocolPB.OzoneManagerProtocolServerSideTranslatorPB.submitRequestDirectlyToOM(OzoneManagerProtocolServerSideTranslatorPB.java:274) ~[ozone-manager-1.4.0-SNAPSHOT.jar:?]
	at org.apache.hadoop.ozone.protocolPB.OzoneManagerProtocolServerSideTranslatorPB.processRequest(OzoneManagerProtocolServerSideTranslatorPB.java:175) ~[ozone-manager-1.4.0-SNAPSHOT.jar:?]
	at org.apache.hadoop.hdds.server.OzoneProtocolMessageDispatcher.processRequest(OzoneProtocolMessageDispatcher.java:87) [hdds-server-framework-1.4.0-SNAPSHOT.jar:?]
	at org.apache.hadoop.ozone.protocolPB.OzoneManagerProtocolServerSideTranslatorPB.submitRequest(OzoneManagerProtocolServerSideTranslatorPB.java:148) [ozone-manager-1.4.0-SNAPSHOT.jar:?]
	at org.apache.hadoop.ozone.protocol.proto.OzoneManagerProtocolProtos$OzoneManagerService$2.callBlockingMethod(OzoneManagerProtocolProtos.java) [ozone-interface-client-1.4.0-SNAPSHOT.jar:?]
	at org.apache.hadoop.ipc.ProtobufRpcEngine$Server.processCall(ProtobufRpcEngine.java:484) [hadoop-common-3.3.6.jar:?]
	at org.apache.hadoop.ipc.ProtobufRpcEngine2$Server$ProtoBufRpcInvoker.call(ProtobufRpcEngine2.java:595) [hadoop-common-3.3.6.jar:?]
	at org.apache.hadoop.ipc.ProtobufRpcEngine2$Server$ProtoBufRpcInvoker.call(ProtobufRpcEngine2.java:573) [hadoop-common-3.3.6.jar:?]
	at org.apache.hadoop.ipc.RPC$Server.call(RPC.java:1227) [hadoop-common-3.3.6.jar:?]
	at org.apache.hadoop.ipc.Server$RpcCall.run(Server.java:1094) [hadoop-common-3.3.6.jar:?]
	at org.apache.hadoop.ipc.Server$RpcCall.run(Server.java:1017) [hadoop-common-3.3.6.jar:?]
	at java.security.AccessController.doPrivileged(Native Method) ~[?:1.8.0_382]
	at javax.security.auth.Subject.doAs(Subject.java:422) [?:1.8.0_382]
	at org.apache.hadoop.security.UserGroupInformation.doAs(UserGroupInformation.java:1899) [hadoop-common-3.3.6.jar:?]
	at org.apache.hadoop.ipc.Server$Handler.run(Server.java:3048) [hadoop-common-3.3.6.jar:?]
]]></system-out>
  </testcase>
  <testcase name="testRenameFile" classname="TestOzoneFileSystem" time="0.227">
    <system-out><![CDATA[20:27:37.370 [IPC Server handler 4 on default port 15004] ERROR OMAudit - user=runner | ip=127.0.0.1 | op=GET_FILE_STATUS {volume=volume63798, bucket=bucket90991, key=root/file1, dataSize=0, replicationConfig=null} | ret=FAILURE
org.apache.hadoop.ozone.om.exceptions.OMException: Unable to get file status: volume: volume63798 bucket: bucket90991 key: root/file1
	at org.apache.hadoop.ozone.om.KeyManagerImpl.getOzoneFileStatus(KeyManagerImpl.java:1195) ~[ozone-manager-1.4.0-SNAPSHOT.jar:?]
	at org.apache.hadoop.ozone.om.KeyManagerImpl.getFileStatus(KeyManagerImpl.java:1113) ~[ozone-manager-1.4.0-SNAPSHOT.jar:?]
	at org.apache.hadoop.ozone.om.OmMetadataReader.getFileStatus(OmMetadataReader.java:262) ~[ozone-manager-1.4.0-SNAPSHOT.jar:?]
	at org.apache.hadoop.ozone.om.OzoneManager.getFileStatus(OzoneManager.java:3530) ~[ozone-manager-1.4.0-SNAPSHOT.jar:?]
	at org.apache.hadoop.ozone.protocolPB.OzoneManagerRequestHandler.getOzoneFileStatus(OzoneManagerRequestHandler.java:971) ~[ozone-manager-1.4.0-SNAPSHOT.jar:?]
	at org.apache.hadoop.ozone.protocolPB.OzoneManagerRequestHandler.handleReadRequest(OzoneManagerRequestHandler.java:250) ~[ozone-manager-1.4.0-SNAPSHOT.jar:?]
	at org.apache.hadoop.ozone.protocolPB.OzoneManagerProtocolServerSideTranslatorPB.submitReadRequestToOM(OzoneManagerProtocolServerSideTranslatorPB.java:225) ~[ozone-manager-1.4.0-SNAPSHOT.jar:?]
	at org.apache.hadoop.ozone.protocolPB.OzoneManagerProtocolServerSideTranslatorPB.processRequest(OzoneManagerProtocolServerSideTranslatorPB.java:179) ~[ozone-manager-1.4.0-SNAPSHOT.jar:?]
	at org.apache.hadoop.hdds.server.OzoneProtocolMessageDispatcher.processRequest(OzoneProtocolMessageDispatcher.java:87) [hdds-server-framework-1.4.0-SNAPSHOT.jar:?]
	at org.apache.hadoop.ozone.protocolPB.OzoneManagerProtocolServerSideTranslatorPB.submitRequest(OzoneManagerProtocolServerSideTranslatorPB.java:148) [ozone-manager-1.4.0-SNAPSHOT.jar:?]
	at org.apache.hadoop.ozone.protocol.proto.OzoneManagerProtocolProtos$OzoneManagerService$2.callBlockingMethod(OzoneManagerProtocolProtos.java) [ozone-interface-client-1.4.0-SNAPSHOT.jar:?]
	at org.apache.hadoop.ipc.ProtobufRpcEngine$Server.processCall(ProtobufRpcEngine.java:484) [hadoop-common-3.3.6.jar:?]
	at org.apache.hadoop.ipc.ProtobufRpcEngine2$Server$ProtoBufRpcInvoker.call(ProtobufRpcEngine2.java:595) [hadoop-common-3.3.6.jar:?]
	at org.apache.hadoop.ipc.ProtobufRpcEngine2$Server$ProtoBufRpcInvoker.call(ProtobufRpcEngine2.java:573) [hadoop-common-3.3.6.jar:?]
	at org.apache.hadoop.ipc.RPC$Server.call(RPC.java:1227) [hadoop-common-3.3.6.jar:?]
	at org.apache.hadoop.ipc.Server$RpcCall.run(Server.java:1094) [hadoop-common-3.3.6.jar:?]
	at org.apache.hadoop.ipc.Server$RpcCall.run(Server.java:1017) [hadoop-common-3.3.6.jar:?]
	at java.security.AccessController.doPrivileged(Native Method) ~[?:1.8.0_382]
	at javax.security.auth.Subject.doAs(Subject.java:422) [?:1.8.0_382]
	at org.apache.hadoop.security.UserGroupInformation.doAs(UserGroupInformation.java:1899) [hadoop-common-3.3.6.jar:?]
	at org.apache.hadoop.ipc.Server$Handler.run(Server.java:3048) [hadoop-common-3.3.6.jar:?]
]]></system-out>
  </testcase>
  <testcase name="testRenameFile" classname="TestOzoneFileSystem" time="0.058">
    <system-out><![CDATA[20:29:35.124 [IPC Server handler 3 on default port 15057] ERROR OMAudit - user=runner | ip=127.0.0.1 | op=GET_FILE_STATUS {volume=volume62736, bucket=bucket10134, key=root/file1, dataSize=0, replicationConfig=null} | ret=FAILURE
org.apache.hadoop.ozone.om.exceptions.OMException: Unable to get file status: volume: volume62736 bucket: bucket10134 key: root/file1
	at org.apache.hadoop.ozone.om.KeyManagerImpl.getOzoneFileStatus(KeyManagerImpl.java:1195) ~[ozone-manager-1.4.0-SNAPSHOT.jar:?]
	at org.apache.hadoop.ozone.om.KeyManagerImpl.getFileStatus(KeyManagerImpl.java:1113) ~[ozone-manager-1.4.0-SNAPSHOT.jar:?]
	at org.apache.hadoop.ozone.om.OmMetadataReader.getFileStatus(OmMetadataReader.java:262) ~[ozone-manager-1.4.0-SNAPSHOT.jar:?]
	at org.apache.hadoop.ozone.om.OzoneManager.getFileStatus(OzoneManager.java:3530) ~[ozone-manager-1.4.0-SNAPSHOT.jar:?]
	at org.apache.hadoop.ozone.protocolPB.OzoneManagerRequestHandler.getOzoneFileStatus(OzoneManagerRequestHandler.java:971) ~[ozone-manager-1.4.0-SNAPSHOT.jar:?]
	at org.apache.hadoop.ozone.protocolPB.OzoneManagerRequestHandler.handleReadRequest(OzoneManagerRequestHandler.java:250) ~[ozone-manager-1.4.0-SNAPSHOT.jar:?]
	at org.apache.hadoop.ozone.protocolPB.OzoneManagerProtocolServerSideTranslatorPB.submitRequestDirectlyToOM(OzoneManagerProtocolServerSideTranslatorPB.java:274) ~[ozone-manager-1.4.0-SNAPSHOT.jar:?]
	at org.apache.hadoop.ozone.protocolPB.OzoneManagerProtocolServerSideTranslatorPB.processRequest(OzoneManagerProtocolServerSideTranslatorPB.java:175) ~[ozone-manager-1.4.0-SNAPSHOT.jar:?]
	at org.apache.hadoop.hdds.server.OzoneProtocolMessageDispatcher.processRequest(OzoneProtocolMessageDispatcher.java:87) [hdds-server-framework-1.4.0-SNAPSHOT.jar:?]
	at org.apache.hadoop.ozone.protocolPB.OzoneManagerProtocolServerSideTranslatorPB.submitRequest(OzoneManagerProtocolServerSideTranslatorPB.java:148) [ozone-manager-1.4.0-SNAPSHOT.jar:?]
	at org.apache.hadoop.ozone.protocol.proto.OzoneManagerProtocolProtos$OzoneManagerService$2.callBlockingMethod(OzoneManagerProtocolProtos.java) [ozone-interface-client-1.4.0-SNAPSHOT.jar:?]
	at org.apache.hadoop.ipc.ProtobufRpcEngine$Server.processCall(ProtobufRpcEngine.java:484) [hadoop-common-3.3.6.jar:?]
	at org.apache.hadoop.ipc.ProtobufRpcEngine2$Server$ProtoBufRpcInvoker.call(ProtobufRpcEngine2.java:595) [hadoop-common-3.3.6.jar:?]
	at org.apache.hadoop.ipc.ProtobufRpcEngine2$Server$ProtoBufRpcInvoker.call(ProtobufRpcEngine2.java:573) [hadoop-common-3.3.6.jar:?]
	at org.apache.hadoop.ipc.RPC$Server.call(RPC.java:1227) [hadoop-common-3.3.6.jar:?]
	at org.apache.hadoop.ipc.Server$RpcCall.run(Server.java:1094) [hadoop-common-3.3.6.jar:?]
	at org.apache.hadoop.ipc.Server$RpcCall.run(Server.java:1017) [hadoop-common-3.3.6.jar:?]
	at java.security.AccessController.doPrivileged(Native Method) ~[?:1.8.0_382]
	at javax.security.auth.Subject.doAs(Subject.java:422) [?:1.8.0_382]
	at org.apache.hadoop.security.UserGroupInformation.doAs(UserGroupInformation.java:1899) [hadoop-common-3.3.6.jar:?]
	at org.apache.hadoop.ipc.Server$Handler.run(Server.java:3048) [hadoop-common-3.3.6.jar:?]
]]></system-out>
  </testcase>
  <testcase name="testRenameFile" classname="TestOzoneFileSystem" time="0.046">
    <system-out><![CDATA[20:31:00.833 [IPC Server handler 1 on default port 15110] ERROR OMAudit - user=runner | ip=127.0.0.1 | op=GET_FILE_STATUS {volume=volume50105, bucket=bucket55116, key=root/file1, dataSize=0, replicationConfig=null} | ret=FAILURE
org.apache.hadoop.ozone.om.exceptions.OMException: Unable to get file status: volume: volume50105 bucket: bucket55116 key: root/file1
	at org.apache.hadoop.ozone.om.KeyManagerImpl.getOzoneFileStatus(KeyManagerImpl.java:1195) ~[ozone-manager-1.4.0-SNAPSHOT.jar:?]
	at org.apache.hadoop.ozone.om.KeyManagerImpl.getFileStatus(KeyManagerImpl.java:1113) ~[ozone-manager-1.4.0-SNAPSHOT.jar:?]
	at org.apache.hadoop.ozone.om.OmMetadataReader.getFileStatus(OmMetadataReader.java:262) ~[ozone-manager-1.4.0-SNAPSHOT.jar:?]
	at org.apache.hadoop.ozone.om.OzoneManager.getFileStatus(OzoneManager.java:3530) ~[ozone-manager-1.4.0-SNAPSHOT.jar:?]
	at org.apache.hadoop.ozone.protocolPB.OzoneManagerRequestHandler.getOzoneFileStatus(OzoneManagerRequestHandler.java:971) ~[ozone-manager-1.4.0-SNAPSHOT.jar:?]
	at org.apache.hadoop.ozone.protocolPB.OzoneManagerRequestHandler.handleReadRequest(OzoneManagerRequestHandler.java:250) ~[ozone-manager-1.4.0-SNAPSHOT.jar:?]
	at org.apache.hadoop.ozone.protocolPB.OzoneManagerProtocolServerSideTranslatorPB.submitReadRequestToOM(OzoneManagerProtocolServerSideTranslatorPB.java:225) ~[ozone-manager-1.4.0-SNAPSHOT.jar:?]
	at org.apache.hadoop.ozone.protocolPB.OzoneManagerProtocolServerSideTranslatorPB.processRequest(OzoneManagerProtocolServerSideTranslatorPB.java:179) ~[ozone-manager-1.4.0-SNAPSHOT.jar:?]
	at org.apache.hadoop.hdds.server.OzoneProtocolMessageDispatcher.processRequest(OzoneProtocolMessageDispatcher.java:87) [hdds-server-framework-1.4.0-SNAPSHOT.jar:?]
	at org.apache.hadoop.ozone.protocolPB.OzoneManagerProtocolServerSideTranslatorPB.submitRequest(OzoneManagerProtocolServerSideTranslatorPB.java:148) [ozone-manager-1.4.0-SNAPSHOT.jar:?]
	at org.apache.hadoop.ozone.protocol.proto.OzoneManagerProtocolProtos$OzoneManagerService$2.callBlockingMethod(OzoneManagerProtocolProtos.java) [ozone-interface-client-1.4.0-SNAPSHOT.jar:?]
	at org.apache.hadoop.ipc.ProtobufRpcEngine$Server.processCall(ProtobufRpcEngine.java:484) [hadoop-common-3.3.6.jar:?]
	at org.apache.hadoop.ipc.ProtobufRpcEngine2$Server$ProtoBufRpcInvoker.call(ProtobufRpcEngine2.java:595) [hadoop-common-3.3.6.jar:?]
	at org.apache.hadoop.ipc.ProtobufRpcEngine2$Server$ProtoBufRpcInvoker.call(ProtobufRpcEngine2.java:573) [hadoop-common-3.3.6.jar:?]
	at org.apache.hadoop.ipc.RPC$Server.call(RPC.java:1227) [hadoop-common-3.3.6.jar:?]
	at org.apache.hadoop.ipc.Server$RpcCall.run(Server.java:1094) [hadoop-common-3.3.6.jar:?]
	at org.apache.hadoop.ipc.Server$RpcCall.run(Server.java:1017) [hadoop-common-3.3.6.jar:?]
	at java.security.AccessController.doPrivileged(Native Method) ~[?:1.8.0_382]
	at javax.security.auth.Subject.doAs(Subject.java:422) [?:1.8.0_382]
	at org.apache.hadoop.security.UserGroupInformation.doAs(UserGroupInformation.java:1899) [hadoop-common-3.3.6.jar:?]
	at org.apache.hadoop.ipc.Server$Handler.run(Server.java:3048) [hadoop-common-3.3.6.jar:?]
]]></system-out>
  </testcase>
  <testcase name="testRenameFile" classname="TestOzoneFileSystem" time="0.04">
    <system-out><![CDATA[20:32:39.631 [IPC Server handler 3 on default port 15163] ERROR OMAudit - user=runner | ip=127.0.0.1 | op=GET_FILE_STATUS {volume=volume10577, bucket=bucket68495, key=root/file1, dataSize=0, replicationConfig=null} | ret=FAILURE
org.apache.hadoop.ozone.om.exceptions.OMException: Unable to get file status: volume: volume10577 bucket: bucket68495 key: root/file1
	at org.apache.hadoop.ozone.om.KeyManagerImpl.getOzoneFileStatus(KeyManagerImpl.java:1195) ~[ozone-manager-1.4.0-SNAPSHOT.jar:?]
	at org.apache.hadoop.ozone.om.KeyManagerImpl.getFileStatus(KeyManagerImpl.java:1113) ~[ozone-manager-1.4.0-SNAPSHOT.jar:?]
	at org.apache.hadoop.ozone.om.OmMetadataReader.getFileStatus(OmMetadataReader.java:262) ~[ozone-manager-1.4.0-SNAPSHOT.jar:?]
	at org.apache.hadoop.ozone.om.OzoneManager.getFileStatus(OzoneManager.java:3530) ~[ozone-manager-1.4.0-SNAPSHOT.jar:?]
	at org.apache.hadoop.ozone.protocolPB.OzoneManagerRequestHandler.getOzoneFileStatus(OzoneManagerRequestHandler.java:971) ~[ozone-manager-1.4.0-SNAPSHOT.jar:?]
	at org.apache.hadoop.ozone.protocolPB.OzoneManagerRequestHandler.handleReadRequest(OzoneManagerRequestHandler.java:250) ~[ozone-manager-1.4.0-SNAPSHOT.jar:?]
	at org.apache.hadoop.ozone.protocolPB.OzoneManagerProtocolServerSideTranslatorPB.submitRequestDirectlyToOM(OzoneManagerProtocolServerSideTranslatorPB.java:274) ~[ozone-manager-1.4.0-SNAPSHOT.jar:?]
	at org.apache.hadoop.ozone.protocolPB.OzoneManagerProtocolServerSideTranslatorPB.processRequest(OzoneManagerProtocolServerSideTranslatorPB.java:175) ~[ozone-manager-1.4.0-SNAPSHOT.jar:?]
	at org.apache.hadoop.hdds.server.OzoneProtocolMessageDispatcher.processRequest(OzoneProtocolMessageDispatcher.java:87) [hdds-server-framework-1.4.0-SNAPSHOT.jar:?]
	at org.apache.hadoop.ozone.protocolPB.OzoneManagerProtocolServerSideTranslatorPB.submitRequest(OzoneManagerProtocolServerSideTranslatorPB.java:148) [ozone-manager-1.4.0-SNAPSHOT.jar:?]
	at org.apache.hadoop.ozone.protocol.proto.OzoneManagerProtocolProtos$OzoneManagerService$2.callBlockingMethod(OzoneManagerProtocolProtos.java) [ozone-interface-client-1.4.0-SNAPSHOT.jar:?]
	at org.apache.hadoop.ipc.ProtobufRpcEngine$Server.processCall(ProtobufRpcEngine.java:484) [hadoop-common-3.3.6.jar:?]
	at org.apache.hadoop.ipc.ProtobufRpcEngine2$Server$ProtoBufRpcInvoker.call(ProtobufRpcEngine2.java:595) [hadoop-common-3.3.6.jar:?]
	at org.apache.hadoop.ipc.ProtobufRpcEngine2$Server$ProtoBufRpcInvoker.call(ProtobufRpcEngine2.java:573) [hadoop-common-3.3.6.jar:?]
	at org.apache.hadoop.ipc.RPC$Server.call(RPC.java:1227) [hadoop-common-3.3.6.jar:?]
	at org.apache.hadoop.ipc.Server$RpcCall.run(Server.java:1094) [hadoop-common-3.3.6.jar:?]
	at org.apache.hadoop.ipc.Server$RpcCall.run(Server.java:1017) [hadoop-common-3.3.6.jar:?]
	at java.security.AccessController.doPrivileged(Native Method) ~[?:1.8.0_382]
	at javax.security.auth.Subject.doAs(Subject.java:422) [?:1.8.0_382]
	at org.apache.hadoop.security.UserGroupInformation.doAs(UserGroupInformation.java:1899) [hadoop-common-3.3.6.jar:?]
	at org.apache.hadoop.ipc.Server$Handler.run(Server.java:3048) [hadoop-common-3.3.6.jar:?]
]]></system-out>
  </testcase>
  <testcase name="testRenameDir" classname="TestOzoneFileSystem" time="0.105">
    <system-out><![CDATA[2023-09-07 20:27:37,545 [Time-limited test] INFO  ozone.TestOzoneFileSystem (TestOzoneFileSystem.java:testRenameDir(1438)) - Created dir o3fs://bucket90991.volume63798/root_dir/dir1/sub_dir1
2023-09-07 20:27:37,545 [Time-limited test] INFO  ozone.TestOzoneFileSystem (TestOzoneFileSystem.java:testRenameDir(1439)) - Will move o3fs://bucket90991.volume63798/root_dir/dir1 to o3fs://bucket90991.volume63798/root_dir/dir1.renamed
20:27:37.555 [IPC Server handler 14 on default port 15004] ERROR OMAudit - user=runner | ip=127.0.0.1 | op=GET_FILE_STATUS {volume=volume63798, bucket=bucket90991, key=root_dir/dir1.renamed, dataSize=0, replicationConfig=null} | ret=FAILURE
org.apache.hadoop.ozone.om.exceptions.OMException: Unable to get file status: volume: volume63798 bucket: bucket90991 key: root_dir/dir1.renamed
	at org.apache.hadoop.ozone.om.KeyManagerImpl.getOzoneFileStatus(KeyManagerImpl.java:1195) ~[ozone-manager-1.4.0-SNAPSHOT.jar:?]
	at org.apache.hadoop.ozone.om.KeyManagerImpl.getFileStatus(KeyManagerImpl.java:1113) ~[ozone-manager-1.4.0-SNAPSHOT.jar:?]
	at org.apache.hadoop.ozone.om.OmMetadataReader.getFileStatus(OmMetadataReader.java:262) ~[ozone-manager-1.4.0-SNAPSHOT.jar:?]
	at org.apache.hadoop.ozone.om.OzoneManager.getFileStatus(OzoneManager.java:3530) ~[ozone-manager-1.4.0-SNAPSHOT.jar:?]
	at org.apache.hadoop.ozone.protocolPB.OzoneManagerRequestHandler.getOzoneFileStatus(OzoneManagerRequestHandler.java:971) ~[ozone-manager-1.4.0-SNAPSHOT.jar:?]
	at org.apache.hadoop.ozone.protocolPB.OzoneManagerRequestHandler.handleReadRequest(OzoneManagerRequestHandler.java:250) ~[ozone-manager-1.4.0-SNAPSHOT.jar:?]
	at org.apache.hadoop.ozone.protocolPB.OzoneManagerProtocolServerSideTranslatorPB.submitReadRequestToOM(OzoneManagerProtocolServerSideTranslatorPB.java:225) ~[ozone-manager-1.4.0-SNAPSHOT.jar:?]
	at org.apache.hadoop.ozone.protocolPB.OzoneManagerProtocolServerSideTranslatorPB.processRequest(OzoneManagerProtocolServerSideTranslatorPB.java:179) ~[ozone-manager-1.4.0-SNAPSHOT.jar:?]
	at org.apache.hadoop.hdds.server.OzoneProtocolMessageDispatcher.processRequest(OzoneProtocolMessageDispatcher.java:87) [hdds-server-framework-1.4.0-SNAPSHOT.jar:?]
	at org.apache.hadoop.ozone.protocolPB.OzoneManagerProtocolServerSideTranslatorPB.submitRequest(OzoneManagerProtocolServerSideTranslatorPB.java:148) [ozone-manager-1.4.0-SNAPSHOT.jar:?]
	at org.apache.hadoop.ozone.protocol.proto.OzoneManagerProtocolProtos$OzoneManagerService$2.callBlockingMethod(OzoneManagerProtocolProtos.java) [ozone-interface-client-1.4.0-SNAPSHOT.jar:?]
	at org.apache.hadoop.ipc.ProtobufRpcEngine$Server.processCall(ProtobufRpcEngine.java:484) [hadoop-common-3.3.6.jar:?]
	at org.apache.hadoop.ipc.ProtobufRpcEngine2$Server$ProtoBufRpcInvoker.call(ProtobufRpcEngine2.java:595) [hadoop-common-3.3.6.jar:?]
	at org.apache.hadoop.ipc.ProtobufRpcEngine2$Server$ProtoBufRpcInvoker.call(ProtobufRpcEngine2.java:573) [hadoop-common-3.3.6.jar:?]
	at org.apache.hadoop.ipc.RPC$Server.call(RPC.java:1227) [hadoop-common-3.3.6.jar:?]
	at org.apache.hadoop.ipc.Server$RpcCall.run(Server.java:1094) [hadoop-common-3.3.6.jar:?]
	at org.apache.hadoop.ipc.Server$RpcCall.run(Server.java:1017) [hadoop-common-3.3.6.jar:?]
	at java.security.AccessController.doPrivileged(Native Method) ~[?:1.8.0_382]
	at javax.security.auth.Subject.doAs(Subject.java:422) [?:1.8.0_382]
	at org.apache.hadoop.security.UserGroupInformation.doAs(UserGroupInformation.java:1899) [hadoop-common-3.3.6.jar:?]
	at org.apache.hadoop.ipc.Server$Handler.run(Server.java:3048) [hadoop-common-3.3.6.jar:?]
]]></system-out>
  </testcase>
  <testcase name="testRenameDir" classname="TestOzoneFileSystem" time="0.033">
    <system-out><![CDATA[2023-09-07 20:29:35,166 [Time-limited test] INFO  ozone.TestOzoneFileSystem (TestOzoneFileSystem.java:testRenameDir(1438)) - Created dir o3fs://bucket10134.volume62736/root_dir/dir1/sub_dir1
2023-09-07 20:29:35,166 [Time-limited test] INFO  ozone.TestOzoneFileSystem (TestOzoneFileSystem.java:testRenameDir(1439)) - Will move o3fs://bucket10134.volume62736/root_dir/dir1 to o3fs://bucket10134.volume62736/root_dir/dir1.renamed
20:29:35.172 [IPC Server handler 9 on default port 15057] ERROR OMAudit - user=runner | ip=127.0.0.1 | op=GET_FILE_STATUS {volume=volume62736, bucket=bucket10134, key=root_dir/dir1.renamed, dataSize=0, replicationConfig=null} | ret=FAILURE
org.apache.hadoop.ozone.om.exceptions.OMException: Unable to get file status: volume: volume62736 bucket: bucket10134 key: root_dir/dir1.renamed
	at org.apache.hadoop.ozone.om.KeyManagerImpl.getOzoneFileStatus(KeyManagerImpl.java:1195) ~[ozone-manager-1.4.0-SNAPSHOT.jar:?]
	at org.apache.hadoop.ozone.om.KeyManagerImpl.getFileStatus(KeyManagerImpl.java:1113) ~[ozone-manager-1.4.0-SNAPSHOT.jar:?]
	at org.apache.hadoop.ozone.om.OmMetadataReader.getFileStatus(OmMetadataReader.java:262) ~[ozone-manager-1.4.0-SNAPSHOT.jar:?]
	at org.apache.hadoop.ozone.om.OzoneManager.getFileStatus(OzoneManager.java:3530) ~[ozone-manager-1.4.0-SNAPSHOT.jar:?]
	at org.apache.hadoop.ozone.protocolPB.OzoneManagerRequestHandler.getOzoneFileStatus(OzoneManagerRequestHandler.java:971) ~[ozone-manager-1.4.0-SNAPSHOT.jar:?]
	at org.apache.hadoop.ozone.protocolPB.OzoneManagerRequestHandler.handleReadRequest(OzoneManagerRequestHandler.java:250) ~[ozone-manager-1.4.0-SNAPSHOT.jar:?]
	at org.apache.hadoop.ozone.protocolPB.OzoneManagerProtocolServerSideTranslatorPB.submitRequestDirectlyToOM(OzoneManagerProtocolServerSideTranslatorPB.java:274) ~[ozone-manager-1.4.0-SNAPSHOT.jar:?]
	at org.apache.hadoop.ozone.protocolPB.OzoneManagerProtocolServerSideTranslatorPB.processRequest(OzoneManagerProtocolServerSideTranslatorPB.java:175) ~[ozone-manager-1.4.0-SNAPSHOT.jar:?]
	at org.apache.hadoop.hdds.server.OzoneProtocolMessageDispatcher.processRequest(OzoneProtocolMessageDispatcher.java:87) [hdds-server-framework-1.4.0-SNAPSHOT.jar:?]
	at org.apache.hadoop.ozone.protocolPB.OzoneManagerProtocolServerSideTranslatorPB.submitRequest(OzoneManagerProtocolServerSideTranslatorPB.java:148) [ozone-manager-1.4.0-SNAPSHOT.jar:?]
	at org.apache.hadoop.ozone.protocol.proto.OzoneManagerProtocolProtos$OzoneManagerService$2.callBlockingMethod(OzoneManagerProtocolProtos.java) [ozone-interface-client-1.4.0-SNAPSHOT.jar:?]
	at org.apache.hadoop.ipc.ProtobufRpcEngine$Server.processCall(ProtobufRpcEngine.java:484) [hadoop-common-3.3.6.jar:?]
	at org.apache.hadoop.ipc.ProtobufRpcEngine2$Server$ProtoBufRpcInvoker.call(ProtobufRpcEngine2.java:595) [hadoop-common-3.3.6.jar:?]
	at org.apache.hadoop.ipc.ProtobufRpcEngine2$Server$ProtoBufRpcInvoker.call(ProtobufRpcEngine2.java:573) [hadoop-common-3.3.6.jar:?]
	at org.apache.hadoop.ipc.RPC$Server.call(RPC.java:1227) [hadoop-common-3.3.6.jar:?]
	at org.apache.hadoop.ipc.Server$RpcCall.run(Server.java:1094) [hadoop-common-3.3.6.jar:?]
	at org.apache.hadoop.ipc.Server$RpcCall.run(Server.java:1017) [hadoop-common-3.3.6.jar:?]
	at java.security.AccessController.doPrivileged(Native Method) ~[?:1.8.0_382]
	at javax.security.auth.Subject.doAs(Subject.java:422) [?:1.8.0_382]
	at org.apache.hadoop.security.UserGroupInformation.doAs(UserGroupInformation.java:1899) [hadoop-common-3.3.6.jar:?]
	at org.apache.hadoop.ipc.Server$Handler.run(Server.java:3048) [hadoop-common-3.3.6.jar:?]
]]></system-out>
  </testcase>
  <testcase name="testRenameDir" classname="TestOzoneFileSystem" time="0.03">
    <system-out><![CDATA[2023-09-07 20:31:00,866 [Time-limited test] INFO  ozone.TestOzoneFileSystem (TestOzoneFileSystem.java:testRenameDir(1438)) - Created dir o3fs://bucket55116.volume50105/root_dir/dir1/sub_dir1
2023-09-07 20:31:00,866 [Time-limited test] INFO  ozone.TestOzoneFileSystem (TestOzoneFileSystem.java:testRenameDir(1439)) - Will move o3fs://bucket55116.volume50105/root_dir/dir1 to o3fs://bucket55116.volume50105/root_dir/dir1.renamed
20:31:00.868 [IPC Server handler 3 on default port 15110] ERROR OMAudit - user=runner | ip=127.0.0.1 | op=GET_FILE_STATUS {volume=volume50105, bucket=bucket55116, key=root_dir/dir1.renamed, dataSize=0, replicationConfig=null} | ret=FAILURE
org.apache.hadoop.ozone.om.exceptions.OMException: Unable to get file status: volume: volume50105 bucket: bucket55116 key: root_dir/dir1.renamed
	at org.apache.hadoop.ozone.om.KeyManagerImpl.getOzoneFileStatus(KeyManagerImpl.java:1195) ~[ozone-manager-1.4.0-SNAPSHOT.jar:?]
	at org.apache.hadoop.ozone.om.KeyManagerImpl.getFileStatus(KeyManagerImpl.java:1113) ~[ozone-manager-1.4.0-SNAPSHOT.jar:?]
	at org.apache.hadoop.ozone.om.OmMetadataReader.getFileStatus(OmMetadataReader.java:262) ~[ozone-manager-1.4.0-SNAPSHOT.jar:?]
	at org.apache.hadoop.ozone.om.OzoneManager.getFileStatus(OzoneManager.java:3530) ~[ozone-manager-1.4.0-SNAPSHOT.jar:?]
	at org.apache.hadoop.ozone.protocolPB.OzoneManagerRequestHandler.getOzoneFileStatus(OzoneManagerRequestHandler.java:971) ~[ozone-manager-1.4.0-SNAPSHOT.jar:?]
	at org.apache.hadoop.ozone.protocolPB.OzoneManagerRequestHandler.handleReadRequest(OzoneManagerRequestHandler.java:250) ~[ozone-manager-1.4.0-SNAPSHOT.jar:?]
	at org.apache.hadoop.ozone.protocolPB.OzoneManagerProtocolServerSideTranslatorPB.submitReadRequestToOM(OzoneManagerProtocolServerSideTranslatorPB.java:225) ~[ozone-manager-1.4.0-SNAPSHOT.jar:?]
	at org.apache.hadoop.ozone.protocolPB.OzoneManagerProtocolServerSideTranslatorPB.processRequest(OzoneManagerProtocolServerSideTranslatorPB.java:179) ~[ozone-manager-1.4.0-SNAPSHOT.jar:?]
	at org.apache.hadoop.hdds.server.OzoneProtocolMessageDispatcher.processRequest(OzoneProtocolMessageDispatcher.java:87) [hdds-server-framework-1.4.0-SNAPSHOT.jar:?]
	at org.apache.hadoop.ozone.protocolPB.OzoneManagerProtocolServerSideTranslatorPB.submitRequest(OzoneManagerProtocolServerSideTranslatorPB.java:148) [ozone-manager-1.4.0-SNAPSHOT.jar:?]
	at org.apache.hadoop.ozone.protocol.proto.OzoneManagerProtocolProtos$OzoneManagerService$2.callBlockingMethod(OzoneManagerProtocolProtos.java) [ozone-interface-client-1.4.0-SNAPSHOT.jar:?]
	at org.apache.hadoop.ipc.ProtobufRpcEngine$Server.processCall(ProtobufRpcEngine.java:484) [hadoop-common-3.3.6.jar:?]
	at org.apache.hadoop.ipc.ProtobufRpcEngine2$Server$ProtoBufRpcInvoker.call(ProtobufRpcEngine2.java:595) [hadoop-common-3.3.6.jar:?]
	at org.apache.hadoop.ipc.ProtobufRpcEngine2$Server$ProtoBufRpcInvoker.call(ProtobufRpcEngine2.java:573) [hadoop-common-3.3.6.jar:?]
	at org.apache.hadoop.ipc.RPC$Server.call(RPC.java:1227) [hadoop-common-3.3.6.jar:?]
	at org.apache.hadoop.ipc.Server$RpcCall.run(Server.java:1094) [hadoop-common-3.3.6.jar:?]
	at org.apache.hadoop.ipc.Server$RpcCall.run(Server.java:1017) [hadoop-common-3.3.6.jar:?]
	at java.security.AccessController.doPrivileged(Native Method) ~[?:1.8.0_382]
	at javax.security.auth.Subject.doAs(Subject.java:422) [?:1.8.0_382]
	at org.apache.hadoop.security.UserGroupInformation.doAs(UserGroupInformation.java:1899) [hadoop-common-3.3.6.jar:?]
	at org.apache.hadoop.ipc.Server$Handler.run(Server.java:3048) [hadoop-common-3.3.6.jar:?]
]]></system-out>
  </testcase>
  <testcase name="testRenameDir" classname="TestOzoneFileSystem" time="0.021">
    <system-out><![CDATA[2023-09-07 20:32:39,658 [Time-limited test] INFO  ozone.TestOzoneFileSystem (TestOzoneFileSystem.java:testRenameDir(1438)) - Created dir o3fs://bucket68495.volume10577/root_dir/dir1/sub_dir1
2023-09-07 20:32:39,659 [Time-limited test] INFO  ozone.TestOzoneFileSystem (TestOzoneFileSystem.java:testRenameDir(1439)) - Will move o3fs://bucket68495.volume10577/root_dir/dir1 to o3fs://bucket68495.volume10577/root_dir/dir1.renamed
20:32:39.660 [IPC Server handler 10 on default port 15163] ERROR OMAudit - user=runner | ip=127.0.0.1 | op=GET_FILE_STATUS {volume=volume10577, bucket=bucket68495, key=root_dir/dir1.renamed, dataSize=0, replicationConfig=null} | ret=FAILURE
org.apache.hadoop.ozone.om.exceptions.OMException: Unable to get file status: volume: volume10577 bucket: bucket68495 key: root_dir/dir1.renamed
	at org.apache.hadoop.ozone.om.KeyManagerImpl.getOzoneFileStatus(KeyManagerImpl.java:1195) ~[ozone-manager-1.4.0-SNAPSHOT.jar:?]
	at org.apache.hadoop.ozone.om.KeyManagerImpl.getFileStatus(KeyManagerImpl.java:1113) ~[ozone-manager-1.4.0-SNAPSHOT.jar:?]
	at org.apache.hadoop.ozone.om.OmMetadataReader.getFileStatus(OmMetadataReader.java:262) ~[ozone-manager-1.4.0-SNAPSHOT.jar:?]
	at org.apache.hadoop.ozone.om.OzoneManager.getFileStatus(OzoneManager.java:3530) ~[ozone-manager-1.4.0-SNAPSHOT.jar:?]
	at org.apache.hadoop.ozone.protocolPB.OzoneManagerRequestHandler.getOzoneFileStatus(OzoneManagerRequestHandler.java:971) ~[ozone-manager-1.4.0-SNAPSHOT.jar:?]
	at org.apache.hadoop.ozone.protocolPB.OzoneManagerRequestHandler.handleReadRequest(OzoneManagerRequestHandler.java:250) ~[ozone-manager-1.4.0-SNAPSHOT.jar:?]
	at org.apache.hadoop.ozone.protocolPB.OzoneManagerProtocolServerSideTranslatorPB.submitRequestDirectlyToOM(OzoneManagerProtocolServerSideTranslatorPB.java:274) ~[ozone-manager-1.4.0-SNAPSHOT.jar:?]
	at org.apache.hadoop.ozone.protocolPB.OzoneManagerProtocolServerSideTranslatorPB.processRequest(OzoneManagerProtocolServerSideTranslatorPB.java:175) ~[ozone-manager-1.4.0-SNAPSHOT.jar:?]
	at org.apache.hadoop.hdds.server.OzoneProtocolMessageDispatcher.processRequest(OzoneProtocolMessageDispatcher.java:87) [hdds-server-framework-1.4.0-SNAPSHOT.jar:?]
	at org.apache.hadoop.ozone.protocolPB.OzoneManagerProtocolServerSideTranslatorPB.submitRequest(OzoneManagerProtocolServerSideTranslatorPB.java:148) [ozone-manager-1.4.0-SNAPSHOT.jar:?]
	at org.apache.hadoop.ozone.protocol.proto.OzoneManagerProtocolProtos$OzoneManagerService$2.callBlockingMethod(OzoneManagerProtocolProtos.java) [ozone-interface-client-1.4.0-SNAPSHOT.jar:?]
	at org.apache.hadoop.ipc.ProtobufRpcEngine$Server.processCall(ProtobufRpcEngine.java:484) [hadoop-common-3.3.6.jar:?]
	at org.apache.hadoop.ipc.ProtobufRpcEngine2$Server$ProtoBufRpcInvoker.call(ProtobufRpcEngine2.java:595) [hadoop-common-3.3.6.jar:?]
	at org.apache.hadoop.ipc.ProtobufRpcEngine2$Server$ProtoBufRpcInvoker.call(ProtobufRpcEngine2.java:573) [hadoop-common-3.3.6.jar:?]
	at org.apache.hadoop.ipc.RPC$Server.call(RPC.java:1227) [hadoop-common-3.3.6.jar:?]
	at org.apache.hadoop.ipc.Server$RpcCall.run(Server.java:1094) [hadoop-common-3.3.6.jar:?]
	at org.apache.hadoop.ipc.Server$RpcCall.run(Server.java:1017) [hadoop-common-3.3.6.jar:?]
	at java.security.AccessController.doPrivileged(Native Method) ~[?:1.8.0_382]
	at javax.security.auth.Subject.doAs(Subject.java:422) [?:1.8.0_382]
	at org.apache.hadoop.security.UserGroupInformation.doAs(UserGroupInformation.java:1899) [hadoop-common-3.3.6.jar:?]
	at org.apache.hadoop.ipc.Server$Handler.run(Server.java:3048) [hadoop-common-3.3.6.jar:?]
]]></system-out>
  </testcase>
  <testcase name="testListStatusIteratorOnSubDirs" classname="TestOzoneFileSystem" time="0.151"/>
  <testcase name="testListStatusIteratorOnSubDirs" classname="TestOzoneFileSystem" time="0.031"/>
  <testcase name="testListStatusIteratorOnSubDirs" classname="TestOzoneFileSystem" time="0.036"/>
  <testcase name="testListStatusIteratorOnSubDirs" classname="TestOzoneFileSystem" time="0.024"/>
  <testcase name="testAllocateMoreThanOneBlock" classname="TestOzoneFileSystem" time="0.682">
    <system-out><![CDATA[2023-09-07 20:27:38,426 [IPC Server handler 12 on default port 15001] WARN  node.SCMNodeManager (SCMNodeManager.java:getNodesByAddress(1373)) - Cannot find node for address 127.0.0.1
]]></system-out>
  </testcase>
  <testcase name="testAllocateMoreThanOneBlock" classname="TestOzoneFileSystem" time="0.57">
    <system-out><![CDATA[2023-09-07 20:29:35,308 [e6d6ce9d-4fd0-4987-92e7-1065424d9f29@group-2E97BE5E65B8-FollowerState] INFO  impl.FollowerState (FollowerState.java:run(143)) - e6d6ce9d-4fd0-4987-92e7-1065424d9f29@group-2E97BE5E65B8-FollowerState: change to CANDIDATE, lastRpcElapsedTime:5187233478ns, electionTimeout:5185ms
2023-09-07 20:29:35,309 [e6d6ce9d-4fd0-4987-92e7-1065424d9f29@group-2E97BE5E65B8-FollowerState] INFO  impl.RoleInfo (RoleInfo.java:shutdownFollowerState(110)) - e6d6ce9d-4fd0-4987-92e7-1065424d9f29: shutdown e6d6ce9d-4fd0-4987-92e7-1065424d9f29@group-2E97BE5E65B8-FollowerState
2023-09-07 20:29:35,309 [e6d6ce9d-4fd0-4987-92e7-1065424d9f29@group-2E97BE5E65B8-FollowerState] INFO  server.RaftServer$Division (RaftServerImpl.java:setRole(329)) - e6d6ce9d-4fd0-4987-92e7-1065424d9f29@group-2E97BE5E65B8: changes role from  FOLLOWER to CANDIDATE at term 0 for changeToCandidate
2023-09-07 20:29:35,309 [e6d6ce9d-4fd0-4987-92e7-1065424d9f29@group-2E97BE5E65B8-FollowerState] INFO  server.RaftServerConfigKeys (ConfUtils.java:logGet(46)) - raft.server.leaderelection.pre-vote = true (default)
2023-09-07 20:29:35,309 [e6d6ce9d-4fd0-4987-92e7-1065424d9f29@group-2E97BE5E65B8-FollowerState] INFO  impl.RoleInfo (RoleInfo.java:updateAndGet(139)) - e6d6ce9d-4fd0-4987-92e7-1065424d9f29: start e6d6ce9d-4fd0-4987-92e7-1065424d9f29@group-2E97BE5E65B8-LeaderElection18
2023-09-07 20:29:35,347 [e6d6ce9d-4fd0-4987-92e7-1065424d9f29@group-2E97BE5E65B8-LeaderElection18] INFO  impl.LeaderElection (LeaderElection.java:askForVotes(321)) - e6d6ce9d-4fd0-4987-92e7-1065424d9f29@group-2E97BE5E65B8-LeaderElection18 PRE_VOTE round 0: submit vote requests at term 0 for -1: peers:[e6d6ce9d-4fd0-4987-92e7-1065424d9f29|rpc:10.1.0.11:15085|admin:10.1.0.11:15084|client:10.1.0.11:15083|dataStream:10.1.0.11:15086|priority:1|startupRole:FOLLOWER]|listeners:[], old=null
2023-09-07 20:29:35,347 [e6d6ce9d-4fd0-4987-92e7-1065424d9f29@group-2E97BE5E65B8-LeaderElection18] INFO  impl.LeaderElection (LeaderElection.java:askForVotes(323)) - e6d6ce9d-4fd0-4987-92e7-1065424d9f29@group-2E97BE5E65B8-LeaderElection18 PRE_VOTE round 0: result PASSED (term=0)
2023-09-07 20:29:35,355 [e6d6ce9d-4fd0-4987-92e7-1065424d9f29@group-2E97BE5E65B8-LeaderElection18] INFO  impl.LeaderElection (LeaderElection.java:askForVotes(321)) - e6d6ce9d-4fd0-4987-92e7-1065424d9f29@group-2E97BE5E65B8-LeaderElection18 ELECTION round 0: submit vote requests at term 1 for -1: peers:[e6d6ce9d-4fd0-4987-92e7-1065424d9f29|rpc:10.1.0.11:15085|admin:10.1.0.11:15084|client:10.1.0.11:15083|dataStream:10.1.0.11:15086|priority:1|startupRole:FOLLOWER]|listeners:[], old=null
2023-09-07 20:29:35,356 [e6d6ce9d-4fd0-4987-92e7-1065424d9f29@group-2E97BE5E65B8-LeaderElection18] INFO  impl.LeaderElection (LeaderElection.java:askForVotes(323)) - e6d6ce9d-4fd0-4987-92e7-1065424d9f29@group-2E97BE5E65B8-LeaderElection18 ELECTION round 0: result PASSED (term=1)
2023-09-07 20:29:35,356 [e6d6ce9d-4fd0-4987-92e7-1065424d9f29@group-2E97BE5E65B8-LeaderElection18] INFO  impl.RoleInfo (RoleInfo.java:shutdownLeaderElection(130)) - e6d6ce9d-4fd0-4987-92e7-1065424d9f29: shutdown e6d6ce9d-4fd0-4987-92e7-1065424d9f29@group-2E97BE5E65B8-LeaderElection18
2023-09-07 20:29:35,356 [e6d6ce9d-4fd0-4987-92e7-1065424d9f29@group-2E97BE5E65B8-LeaderElection18] INFO  server.RaftServer$Division (RaftServerImpl.java:setRole(329)) - e6d6ce9d-4fd0-4987-92e7-1065424d9f29@group-2E97BE5E65B8: changes role from CANDIDATE to LEADER at term 1 for changeToLeader
2023-09-07 20:29:35,356 [e6d6ce9d-4fd0-4987-92e7-1065424d9f29@group-2E97BE5E65B8-LeaderElection18] INFO  ratis.XceiverServerRatis (XceiverServerRatis.java:handleLeaderChangedNotification(902)) - Leader change notification received for group: group-2E97BE5E65B8 with new leaderId: e6d6ce9d-4fd0-4987-92e7-1065424d9f29
2023-09-07 20:29:35,374 [e6d6ce9d-4fd0-4987-92e7-1065424d9f29@group-2E97BE5E65B8-LeaderElection18] INFO  server.RaftServer$Division (ServerState.java:setLeader(317)) - e6d6ce9d-4fd0-4987-92e7-1065424d9f29@group-2E97BE5E65B8: change Leader from null to e6d6ce9d-4fd0-4987-92e7-1065424d9f29 at term 1 for becomeLeader, leader elected after 5255ms
2023-09-07 20:29:35,374 [e6d6ce9d-4fd0-4987-92e7-1065424d9f29@group-2E97BE5E65B8-LeaderElection18] INFO  server.RaftServerConfigKeys (ConfUtils.java:logGet(46)) - raft.server.staging.catchup.gap = 1000 (default)
2023-09-07 20:29:35,375 [e6d6ce9d-4fd0-4987-92e7-1065424d9f29@group-2E97BE5E65B8-LeaderElection18] INFO  server.RaftServerConfigKeys (ConfUtils.java:logGet(46)) - raft.server.write.element-limit = 1024 (custom)
2023-09-07 20:29:35,375 [e6d6ce9d-4fd0-4987-92e7-1065424d9f29@group-2E97BE5E65B8-LeaderElection18] INFO  server.RaftServerConfigKeys (ConfUtils.java:logGet(46)) - raft.server.write.byte-limit = 1024 M (=1073741824) (custom)
2023-09-07 20:29:35,375 [e6d6ce9d-4fd0-4987-92e7-1065424d9f29@group-2E97BE5E65B8-LeaderElection18] INFO  server.RaftServerConfigKeys (ConfUtils.java:logGet(46)) - raft.server.watch.timeout = 180s (custom)
2023-09-07 20:29:35,375 [e6d6ce9d-4fd0-4987-92e7-1065424d9f29@group-2E97BE5E65B8-LeaderElection18] INFO  server.RaftServerConfigKeys (ConfUtils.java:logGet(46)) - raft.server.watch.timeout.denomination = 1s (default)
2023-09-07 20:29:35,375 [e6d6ce9d-4fd0-4987-92e7-1065424d9f29@group-2E97BE5E65B8-LeaderElection18] INFO  server.RaftServerConfigKeys (ConfUtils.java:logGet(46)) - raft.server.watch.element-limit = 65536 (default)
2023-09-07 20:29:35,375 [e6d6ce9d-4fd0-4987-92e7-1065424d9f29@group-2E97BE5E65B8-LeaderElection18] INFO  server.RaftServerConfigKeys (ConfUtils.java:logGet(46)) - raft.server.write.element-limit = 1024 (custom)
2023-09-07 20:29:35,375 [e6d6ce9d-4fd0-4987-92e7-1065424d9f29@group-2E97BE5E65B8-LeaderElection18] INFO  server.RaftServerConfigKeys (ConfUtils.java:logGet(46)) - raft.server.write.follower.gap.ratio.max = -1.0 (default)
2023-09-07 20:29:35,375 [e6d6ce9d-4fd0-4987-92e7-1065424d9f29@group-2E97BE5E65B8-LeaderElection18] INFO  impl.RoleInfo (RoleInfo.java:updateAndGet(139)) - e6d6ce9d-4fd0-4987-92e7-1065424d9f29: start e6d6ce9d-4fd0-4987-92e7-1065424d9f29@group-2E97BE5E65B8-LeaderStateImpl
2023-09-07 20:29:35,376 [e6d6ce9d-4fd0-4987-92e7-1065424d9f29@group-2E97BE5E65B8-LeaderElection18] INFO  segmented.SegmentedRaftLogWorker (SegmentedRaftLogWorker.java:startLogSegment(447)) - e6d6ce9d-4fd0-4987-92e7-1065424d9f29@group-2E97BE5E65B8-SegmentedRaftLogWorker: Starting segment from index:0
2023-09-07 20:29:35,378 [e6d6ce9d-4fd0-4987-92e7-1065424d9f29@group-2E97BE5E65B8-SegmentedRaftLogWorker] INFO  segmented.SegmentedRaftLogWorker (SegmentedRaftLogWorker.java:execute(651)) - e6d6ce9d-4fd0-4987-92e7-1065424d9f29@group-2E97BE5E65B8-SegmentedRaftLogWorker: created new log segment /home/runner/work/ozone/ozone/hadoop-ozone/integration-test/target/test-dir/MiniOzoneClusterImpl-6e39530a-abb5-4f3a-bb3c-e5f572b2b70f/datanode-2/data/ratis/1548aea4-bc36-4ac5-a4f6-2e97be5e65b8/current/log_inprogress_0
2023-09-07 20:29:35,380 [e6d6ce9d-4fd0-4987-92e7-1065424d9f29@group-2E97BE5E65B8-LeaderElection18] INFO  server.RaftServer$Division (ServerState.java:setRaftConf(434)) - e6d6ce9d-4fd0-4987-92e7-1065424d9f29@group-2E97BE5E65B8: set configuration 0: peers:[e6d6ce9d-4fd0-4987-92e7-1065424d9f29|rpc:10.1.0.11:15085|admin:10.1.0.11:15084|client:10.1.0.11:15083|dataStream:10.1.0.11:15086|priority:1|startupRole:FOLLOWER]|listeners:[], old=null
2023-09-07 20:29:35,682 [e6894f1b-35d2-469c-bf31-69833cd25437@group-831BAAD5BAB2-FollowerState] INFO  impl.FollowerState (FollowerState.java:run(143)) - e6894f1b-35d2-469c-bf31-69833cd25437@group-831BAAD5BAB2-FollowerState: change to CANDIDATE, lastRpcElapsedTime:5140166322ns, electionTimeout:5136ms
2023-09-07 20:29:35,682 [e6894f1b-35d2-469c-bf31-69833cd25437@group-831BAAD5BAB2-FollowerState] INFO  impl.RoleInfo (RoleInfo.java:shutdownFollowerState(110)) - e6894f1b-35d2-469c-bf31-69833cd25437: shutdown e6894f1b-35d2-469c-bf31-69833cd25437@group-831BAAD5BAB2-FollowerState
2023-09-07 20:29:35,682 [e6894f1b-35d2-469c-bf31-69833cd25437@group-831BAAD5BAB2-FollowerState] INFO  server.RaftServer$Division (RaftServerImpl.java:setRole(329)) - e6894f1b-35d2-469c-bf31-69833cd25437@group-831BAAD5BAB2: changes role from  FOLLOWER to CANDIDATE at term 0 for changeToCandidate
2023-09-07 20:29:35,682 [e6894f1b-35d2-469c-bf31-69833cd25437@group-831BAAD5BAB2-FollowerState] INFO  server.RaftServerConfigKeys (ConfUtils.java:logGet(46)) - raft.server.leaderelection.pre-vote = true (default)
2023-09-07 20:29:35,683 [e6894f1b-35d2-469c-bf31-69833cd25437@group-831BAAD5BAB2-FollowerState] INFO  impl.RoleInfo (RoleInfo.java:updateAndGet(139)) - e6894f1b-35d2-469c-bf31-69833cd25437: start e6894f1b-35d2-469c-bf31-69833cd25437@group-831BAAD5BAB2-LeaderElection19
2023-09-07 20:29:35,699 [e6894f1b-35d2-469c-bf31-69833cd25437@group-831BAAD5BAB2-LeaderElection19] INFO  impl.LeaderElection (LeaderElection.java:askForVotes(321)) - e6894f1b-35d2-469c-bf31-69833cd25437@group-831BAAD5BAB2-LeaderElection19 PRE_VOTE round 0: submit vote requests at term 0 for -1: peers:[e6894f1b-35d2-469c-bf31-69833cd25437|rpc:10.1.0.11:15094|admin:10.1.0.11:15093|client:10.1.0.11:15092|dataStream:10.1.0.11:15095|priority:1|startupRole:FOLLOWER]|listeners:[], old=null
2023-09-07 20:29:35,700 [e6894f1b-35d2-469c-bf31-69833cd25437@group-831BAAD5BAB2-LeaderElection19] INFO  impl.LeaderElection (LeaderElection.java:askForVotes(323)) - e6894f1b-35d2-469c-bf31-69833cd25437@group-831BAAD5BAB2-LeaderElection19 PRE_VOTE round 0: result PASSED (term=0)
2023-09-07 20:29:35,702 [e6894f1b-35d2-469c-bf31-69833cd25437@group-831BAAD5BAB2-LeaderElection19] INFO  impl.LeaderElection (LeaderElection.java:askForVotes(321)) - e6894f1b-35d2-469c-bf31-69833cd25437@group-831BAAD5BAB2-LeaderElection19 ELECTION round 0: submit vote requests at term 1 for -1: peers:[e6894f1b-35d2-469c-bf31-69833cd25437|rpc:10.1.0.11:15094|admin:10.1.0.11:15093|client:10.1.0.11:15092|dataStream:10.1.0.11:15095|priority:1|startupRole:FOLLOWER]|listeners:[], old=null
2023-09-07 20:29:35,703 [e6894f1b-35d2-469c-bf31-69833cd25437@group-831BAAD5BAB2-LeaderElection19] INFO  impl.LeaderElection (LeaderElection.java:askForVotes(323)) - e6894f1b-35d2-469c-bf31-69833cd25437@group-831BAAD5BAB2-LeaderElection19 ELECTION round 0: result PASSED (term=1)
2023-09-07 20:29:35,703 [e6894f1b-35d2-469c-bf31-69833cd25437@group-831BAAD5BAB2-LeaderElection19] INFO  impl.RoleInfo (RoleInfo.java:shutdownLeaderElection(130)) - e6894f1b-35d2-469c-bf31-69833cd25437: shutdown e6894f1b-35d2-469c-bf31-69833cd25437@group-831BAAD5BAB2-LeaderElection19
2023-09-07 20:29:35,703 [e6894f1b-35d2-469c-bf31-69833cd25437@group-831BAAD5BAB2-LeaderElection19] INFO  server.RaftServer$Division (RaftServerImpl.java:setRole(329)) - e6894f1b-35d2-469c-bf31-69833cd25437@group-831BAAD5BAB2: changes role from CANDIDATE to LEADER at term 1 for changeToLeader
2023-09-07 20:29:35,703 [e6894f1b-35d2-469c-bf31-69833cd25437@group-831BAAD5BAB2-LeaderElection19] INFO  ratis.XceiverServerRatis (XceiverServerRatis.java:handleLeaderChangedNotification(902)) - Leader change notification received for group: group-831BAAD5BAB2 with new leaderId: e6894f1b-35d2-469c-bf31-69833cd25437
2023-09-07 20:29:35,703 [e6894f1b-35d2-469c-bf31-69833cd25437@group-831BAAD5BAB2-LeaderElection19] INFO  server.RaftServer$Division (ServerState.java:setLeader(317)) - e6894f1b-35d2-469c-bf31-69833cd25437@group-831BAAD5BAB2: change Leader from null to e6894f1b-35d2-469c-bf31-69833cd25437 at term 1 for becomeLeader, leader elected after 5197ms
2023-09-07 20:29:35,703 [e6894f1b-35d2-469c-bf31-69833cd25437@group-831BAAD5BAB2-LeaderElection19] INFO  server.RaftServerConfigKeys (ConfUtils.java:logGet(46)) - raft.server.staging.catchup.gap = 1000 (default)
2023-09-07 20:29:35,703 [e6894f1b-35d2-469c-bf31-69833cd25437@group-831BAAD5BAB2-LeaderElection19] INFO  server.RaftServerConfigKeys (ConfUtils.java:logGet(46)) - raft.server.write.element-limit = 1024 (custom)
2023-09-07 20:29:35,704 [e6894f1b-35d2-469c-bf31-69833cd25437@group-831BAAD5BAB2-LeaderElection19] INFO  server.RaftServerConfigKeys (ConfUtils.java:logGet(46)) - raft.server.write.byte-limit = 1024 M (=1073741824) (custom)
2023-09-07 20:29:35,704 [e6894f1b-35d2-469c-bf31-69833cd25437@group-831BAAD5BAB2-LeaderElection19] INFO  server.RaftServerConfigKeys (ConfUtils.java:logGet(46)) - raft.server.watch.timeout = 180s (custom)
2023-09-07 20:29:35,704 [e6894f1b-35d2-469c-bf31-69833cd25437@group-831BAAD5BAB2-LeaderElection19] INFO  server.RaftServerConfigKeys (ConfUtils.java:logGet(46)) - raft.server.watch.timeout.denomination = 1s (default)
2023-09-07 20:29:35,704 [e6894f1b-35d2-469c-bf31-69833cd25437@group-831BAAD5BAB2-LeaderElection19] INFO  server.RaftServerConfigKeys (ConfUtils.java:logGet(46)) - raft.server.watch.element-limit = 65536 (default)
2023-09-07 20:29:35,704 [e6894f1b-35d2-469c-bf31-69833cd25437@group-831BAAD5BAB2-LeaderElection19] INFO  server.RaftServerConfigKeys (ConfUtils.java:logGet(46)) - raft.server.write.element-limit = 1024 (custom)
2023-09-07 20:29:35,704 [e6894f1b-35d2-469c-bf31-69833cd25437@group-831BAAD5BAB2-LeaderElection19] INFO  server.RaftServerConfigKeys (ConfUtils.java:logGet(46)) - raft.server.write.follower.gap.ratio.max = -1.0 (default)
2023-09-07 20:29:35,704 [e6894f1b-35d2-469c-bf31-69833cd25437@group-831BAAD5BAB2-LeaderElection19] INFO  impl.RoleInfo (RoleInfo.java:updateAndGet(139)) - e6894f1b-35d2-469c-bf31-69833cd25437: start e6894f1b-35d2-469c-bf31-69833cd25437@group-831BAAD5BAB2-LeaderStateImpl
2023-09-07 20:29:35,704 [e6894f1b-35d2-469c-bf31-69833cd25437@group-831BAAD5BAB2-LeaderElection19] INFO  segmented.SegmentedRaftLogWorker (SegmentedRaftLogWorker.java:startLogSegment(447)) - e6894f1b-35d2-469c-bf31-69833cd25437@group-831BAAD5BAB2-SegmentedRaftLogWorker: Starting segment from index:0
2023-09-07 20:29:35,707 [e6894f1b-35d2-469c-bf31-69833cd25437@group-831BAAD5BAB2-SegmentedRaftLogWorker] INFO  segmented.SegmentedRaftLogWorker (SegmentedRaftLogWorker.java:execute(651)) - e6894f1b-35d2-469c-bf31-69833cd25437@group-831BAAD5BAB2-SegmentedRaftLogWorker: created new log segment /home/runner/work/ozone/ozone/hadoop-ozone/integration-test/target/test-dir/MiniOzoneClusterImpl-6e39530a-abb5-4f3a-bb3c-e5f572b2b70f/datanode-3/data/ratis/3c40a320-3a1a-46e8-9f30-831baad5bab2/current/log_inprogress_0
2023-09-07 20:29:35,707 [e6894f1b-35d2-469c-bf31-69833cd25437@group-831BAAD5BAB2-LeaderElection19] INFO  server.RaftServer$Division (ServerState.java:setRaftConf(434)) - e6894f1b-35d2-469c-bf31-69833cd25437@group-831BAAD5BAB2: set configuration 0: peers:[e6894f1b-35d2-469c-bf31-69833cd25437|rpc:10.1.0.11:15094|admin:10.1.0.11:15093|client:10.1.0.11:15092|dataStream:10.1.0.11:15095|priority:1|startupRole:FOLLOWER]|listeners:[], old=null
2023-09-07 20:29:35,781 [IPC Server handler 19 on default port 15054] WARN  node.SCMNodeManager (SCMNodeManager.java:getNodesByAddress(1373)) - Cannot find node for address 127.0.0.1
]]></system-out>
  </testcase>
  <testcase name="testAllocateMoreThanOneBlock" classname="TestOzoneFileSystem" time="0.434">
    <system-out><![CDATA[2023-09-07 20:31:01,334 [030e9783-811e-46a4-8bf6-f2375cfbdf83@group-BA6B8BD27B8B-FollowerState] INFO  impl.FollowerState (FollowerState.java:run(143)) - 030e9783-811e-46a4-8bf6-f2375cfbdf83@group-BA6B8BD27B8B-FollowerState: change to CANDIDATE, lastRpcElapsedTime:5148443264ns, electionTimeout:5141ms
2023-09-07 20:31:01,334 [030e9783-811e-46a4-8bf6-f2375cfbdf83@group-BA6B8BD27B8B-FollowerState] INFO  impl.RoleInfo (RoleInfo.java:shutdownFollowerState(110)) - 030e9783-811e-46a4-8bf6-f2375cfbdf83: shutdown 030e9783-811e-46a4-8bf6-f2375cfbdf83@group-BA6B8BD27B8B-FollowerState
2023-09-07 20:31:01,335 [030e9783-811e-46a4-8bf6-f2375cfbdf83@group-BA6B8BD27B8B-FollowerState] INFO  server.RaftServer$Division (RaftServerImpl.java:setRole(329)) - 030e9783-811e-46a4-8bf6-f2375cfbdf83@group-BA6B8BD27B8B: changes role from  FOLLOWER to CANDIDATE at term 0 for changeToCandidate
2023-09-07 20:31:01,335 [030e9783-811e-46a4-8bf6-f2375cfbdf83@group-BA6B8BD27B8B-FollowerState] INFO  server.RaftServerConfigKeys (ConfUtils.java:logGet(46)) - raft.server.leaderelection.pre-vote = true (default)
2023-09-07 20:31:01,335 [030e9783-811e-46a4-8bf6-f2375cfbdf83@group-BA6B8BD27B8B-FollowerState] INFO  impl.RoleInfo (RoleInfo.java:updateAndGet(139)) - 030e9783-811e-46a4-8bf6-f2375cfbdf83: start 030e9783-811e-46a4-8bf6-f2375cfbdf83@group-BA6B8BD27B8B-LeaderElection29
2023-09-07 20:31:01,338 [IPC Server handler 0 on default port 15107] WARN  node.SCMNodeManager (SCMNodeManager.java:getNodesByAddress(1373)) - Cannot find node for address 127.0.0.1
2023-09-07 20:31:01,341 [030e9783-811e-46a4-8bf6-f2375cfbdf83@group-BA6B8BD27B8B-LeaderElection29] INFO  impl.LeaderElection (LeaderElection.java:askForVotes(321)) - 030e9783-811e-46a4-8bf6-f2375cfbdf83@group-BA6B8BD27B8B-LeaderElection29 PRE_VOTE round 0: submit vote requests at term 0 for -1: peers:[030e9783-811e-46a4-8bf6-f2375cfbdf83|rpc:10.1.0.11:15147|admin:10.1.0.11:15146|client:10.1.0.11:15145|dataStream:10.1.0.11:15148|priority:1|startupRole:FOLLOWER]|listeners:[], old=null
2023-09-07 20:31:01,341 [030e9783-811e-46a4-8bf6-f2375cfbdf83@group-BA6B8BD27B8B-LeaderElection29] INFO  impl.LeaderElection (LeaderElection.java:askForVotes(323)) - 030e9783-811e-46a4-8bf6-f2375cfbdf83@group-BA6B8BD27B8B-LeaderElection29 PRE_VOTE round 0: result PASSED (term=0)
2023-09-07 20:31:01,343 [030e9783-811e-46a4-8bf6-f2375cfbdf83@group-BA6B8BD27B8B-LeaderElection29] INFO  impl.LeaderElection (LeaderElection.java:askForVotes(321)) - 030e9783-811e-46a4-8bf6-f2375cfbdf83@group-BA6B8BD27B8B-LeaderElection29 ELECTION round 0: submit vote requests at term 1 for -1: peers:[030e9783-811e-46a4-8bf6-f2375cfbdf83|rpc:10.1.0.11:15147|admin:10.1.0.11:15146|client:10.1.0.11:15145|dataStream:10.1.0.11:15148|priority:1|startupRole:FOLLOWER]|listeners:[], old=null
2023-09-07 20:31:01,343 [030e9783-811e-46a4-8bf6-f2375cfbdf83@group-BA6B8BD27B8B-LeaderElection29] INFO  impl.LeaderElection (LeaderElection.java:askForVotes(323)) - 030e9783-811e-46a4-8bf6-f2375cfbdf83@group-BA6B8BD27B8B-LeaderElection29 ELECTION round 0: result PASSED (term=1)
2023-09-07 20:31:01,343 [030e9783-811e-46a4-8bf6-f2375cfbdf83@group-BA6B8BD27B8B-LeaderElection29] INFO  impl.RoleInfo (RoleInfo.java:shutdownLeaderElection(130)) - 030e9783-811e-46a4-8bf6-f2375cfbdf83: shutdown 030e9783-811e-46a4-8bf6-f2375cfbdf83@group-BA6B8BD27B8B-LeaderElection29
2023-09-07 20:31:01,343 [030e9783-811e-46a4-8bf6-f2375cfbdf83@group-BA6B8BD27B8B-LeaderElection29] INFO  server.RaftServer$Division (RaftServerImpl.java:setRole(329)) - 030e9783-811e-46a4-8bf6-f2375cfbdf83@group-BA6B8BD27B8B: changes role from CANDIDATE to LEADER at term 1 for changeToLeader
2023-09-07 20:31:01,343 [030e9783-811e-46a4-8bf6-f2375cfbdf83@group-BA6B8BD27B8B-LeaderElection29] INFO  ratis.XceiverServerRatis (XceiverServerRatis.java:handleLeaderChangedNotification(902)) - Leader change notification received for group: group-BA6B8BD27B8B with new leaderId: 030e9783-811e-46a4-8bf6-f2375cfbdf83
2023-09-07 20:31:01,345 [030e9783-811e-46a4-8bf6-f2375cfbdf83@group-BA6B8BD27B8B-LeaderElection29] INFO  server.RaftServer$Division (ServerState.java:setLeader(317)) - 030e9783-811e-46a4-8bf6-f2375cfbdf83@group-BA6B8BD27B8B: change Leader from null to 030e9783-811e-46a4-8bf6-f2375cfbdf83 at term 1 for becomeLeader, leader elected after 5265ms
2023-09-07 20:31:01,345 [030e9783-811e-46a4-8bf6-f2375cfbdf83@group-BA6B8BD27B8B-LeaderElection29] INFO  server.RaftServerConfigKeys (ConfUtils.java:logGet(46)) - raft.server.staging.catchup.gap = 1000 (default)
2023-09-07 20:31:01,346 [030e9783-811e-46a4-8bf6-f2375cfbdf83@group-BA6B8BD27B8B-LeaderElection29] INFO  server.RaftServerConfigKeys (ConfUtils.java:logGet(46)) - raft.server.write.element-limit = 1024 (custom)
2023-09-07 20:31:01,346 [030e9783-811e-46a4-8bf6-f2375cfbdf83@group-BA6B8BD27B8B-LeaderElection29] INFO  server.RaftServerConfigKeys (ConfUtils.java:logGet(46)) - raft.server.write.byte-limit = 1024 M (=1073741824) (custom)
2023-09-07 20:31:01,355 [030e9783-811e-46a4-8bf6-f2375cfbdf83@group-BA6B8BD27B8B-LeaderElection29] INFO  server.RaftServerConfigKeys (ConfUtils.java:logGet(46)) - raft.server.watch.timeout = 180s (custom)
2023-09-07 20:31:01,356 [030e9783-811e-46a4-8bf6-f2375cfbdf83@group-BA6B8BD27B8B-LeaderElection29] INFO  server.RaftServerConfigKeys (ConfUtils.java:logGet(46)) - raft.server.watch.timeout.denomination = 1s (default)
2023-09-07 20:31:01,356 [030e9783-811e-46a4-8bf6-f2375cfbdf83@group-BA6B8BD27B8B-LeaderElection29] INFO  server.RaftServerConfigKeys (ConfUtils.java:logGet(46)) - raft.server.watch.element-limit = 65536 (default)
2023-09-07 20:31:01,356 [030e9783-811e-46a4-8bf6-f2375cfbdf83@group-BA6B8BD27B8B-LeaderElection29] INFO  server.RaftServerConfigKeys (ConfUtils.java:logGet(46)) - raft.server.write.element-limit = 1024 (custom)
2023-09-07 20:31:01,356 [030e9783-811e-46a4-8bf6-f2375cfbdf83@group-BA6B8BD27B8B-LeaderElection29] INFO  server.RaftServerConfigKeys (ConfUtils.java:logGet(46)) - raft.server.write.follower.gap.ratio.max = -1.0 (default)
2023-09-07 20:31:01,356 [030e9783-811e-46a4-8bf6-f2375cfbdf83@group-BA6B8BD27B8B-LeaderElection29] INFO  impl.RoleInfo (RoleInfo.java:updateAndGet(139)) - 030e9783-811e-46a4-8bf6-f2375cfbdf83: start 030e9783-811e-46a4-8bf6-f2375cfbdf83@group-BA6B8BD27B8B-LeaderStateImpl
2023-09-07 20:31:01,359 [030e9783-811e-46a4-8bf6-f2375cfbdf83@group-BA6B8BD27B8B-LeaderElection29] INFO  segmented.SegmentedRaftLogWorker (SegmentedRaftLogWorker.java:startLogSegment(447)) - 030e9783-811e-46a4-8bf6-f2375cfbdf83@group-BA6B8BD27B8B-SegmentedRaftLogWorker: Starting segment from index:0
2023-09-07 20:31:01,363 [030e9783-811e-46a4-8bf6-f2375cfbdf83@group-BA6B8BD27B8B-SegmentedRaftLogWorker] INFO  segmented.SegmentedRaftLogWorker (SegmentedRaftLogWorker.java:execute(651)) - 030e9783-811e-46a4-8bf6-f2375cfbdf83@group-BA6B8BD27B8B-SegmentedRaftLogWorker: created new log segment /home/runner/work/ozone/ozone/hadoop-ozone/integration-test/target/test-dir/MiniOzoneClusterImpl-7c3c5bdb-9f31-4157-923c-74528274ab7c/datanode-3/data/ratis/6fb40b8b-e41c-44ac-8a44-ba6b8bd27b8b/current/log_inprogress_0
]]></system-out>
  </testcase>
  <testcase name="testAllocateMoreThanOneBlock" classname="TestOzoneFileSystem" time="0.368">
    <system-out><![CDATA[2023-09-07 20:32:39,753 [0f4389f5-8f89-483a-970a-d84001bccdfd@group-7CE3656EAF71-FollowerState] INFO  impl.FollowerState (FollowerState.java:run(143)) - 0f4389f5-8f89-483a-970a-d84001bccdfd@group-7CE3656EAF71-FollowerState: change to CANDIDATE, lastRpcElapsedTime:5061558311ns, electionTimeout:5061ms
2023-09-07 20:32:39,753 [0f4389f5-8f89-483a-970a-d84001bccdfd@group-7CE3656EAF71-FollowerState] INFO  impl.RoleInfo (RoleInfo.java:shutdownFollowerState(110)) - 0f4389f5-8f89-483a-970a-d84001bccdfd: shutdown 0f4389f5-8f89-483a-970a-d84001bccdfd@group-7CE3656EAF71-FollowerState
2023-09-07 20:32:39,754 [0f4389f5-8f89-483a-970a-d84001bccdfd@group-7CE3656EAF71-FollowerState] INFO  server.RaftServer$Division (RaftServerImpl.java:setRole(329)) - 0f4389f5-8f89-483a-970a-d84001bccdfd@group-7CE3656EAF71: changes role from  FOLLOWER to CANDIDATE at term 0 for changeToCandidate
2023-09-07 20:32:39,754 [0f4389f5-8f89-483a-970a-d84001bccdfd@group-7CE3656EAF71-FollowerState] INFO  server.RaftServerConfigKeys (ConfUtils.java:logGet(46)) - raft.server.leaderelection.pre-vote = true (default)
2023-09-07 20:32:39,754 [0f4389f5-8f89-483a-970a-d84001bccdfd@group-7CE3656EAF71-FollowerState] INFO  impl.RoleInfo (RoleInfo.java:updateAndGet(139)) - 0f4389f5-8f89-483a-970a-d84001bccdfd: start 0f4389f5-8f89-483a-970a-d84001bccdfd@group-7CE3656EAF71-LeaderElection37
2023-09-07 20:32:39,788 [0f4389f5-8f89-483a-970a-d84001bccdfd@group-7CE3656EAF71-LeaderElection37] INFO  impl.LeaderElection (LeaderElection.java:askForVotes(321)) - 0f4389f5-8f89-483a-970a-d84001bccdfd@group-7CE3656EAF71-LeaderElection37 PRE_VOTE round 0: submit vote requests at term 0 for -1: peers:[0f4389f5-8f89-483a-970a-d84001bccdfd|rpc:10.1.0.11:15191|admin:10.1.0.11:15190|client:10.1.0.11:15189|dataStream:10.1.0.11:15192|priority:1|startupRole:FOLLOWER]|listeners:[], old=null
2023-09-07 20:32:39,789 [0f4389f5-8f89-483a-970a-d84001bccdfd@group-7CE3656EAF71-LeaderElection37] INFO  impl.LeaderElection (LeaderElection.java:askForVotes(323)) - 0f4389f5-8f89-483a-970a-d84001bccdfd@group-7CE3656EAF71-LeaderElection37 PRE_VOTE round 0: result PASSED (term=0)
2023-09-07 20:32:39,791 [0f4389f5-8f89-483a-970a-d84001bccdfd@group-7CE3656EAF71-LeaderElection37] INFO  impl.LeaderElection (LeaderElection.java:askForVotes(321)) - 0f4389f5-8f89-483a-970a-d84001bccdfd@group-7CE3656EAF71-LeaderElection37 ELECTION round 0: submit vote requests at term 1 for -1: peers:[0f4389f5-8f89-483a-970a-d84001bccdfd|rpc:10.1.0.11:15191|admin:10.1.0.11:15190|client:10.1.0.11:15189|dataStream:10.1.0.11:15192|priority:1|startupRole:FOLLOWER]|listeners:[], old=null
2023-09-07 20:32:39,791 [0f4389f5-8f89-483a-970a-d84001bccdfd@group-7CE3656EAF71-LeaderElection37] INFO  impl.LeaderElection (LeaderElection.java:askForVotes(323)) - 0f4389f5-8f89-483a-970a-d84001bccdfd@group-7CE3656EAF71-LeaderElection37 ELECTION round 0: result PASSED (term=1)
2023-09-07 20:32:39,791 [0f4389f5-8f89-483a-970a-d84001bccdfd@group-7CE3656EAF71-LeaderElection37] INFO  impl.RoleInfo (RoleInfo.java:shutdownLeaderElection(130)) - 0f4389f5-8f89-483a-970a-d84001bccdfd: shutdown 0f4389f5-8f89-483a-970a-d84001bccdfd@group-7CE3656EAF71-LeaderElection37
2023-09-07 20:32:39,791 [0f4389f5-8f89-483a-970a-d84001bccdfd@group-7CE3656EAF71-LeaderElection37] INFO  server.RaftServer$Division (RaftServerImpl.java:setRole(329)) - 0f4389f5-8f89-483a-970a-d84001bccdfd@group-7CE3656EAF71: changes role from CANDIDATE to LEADER at term 1 for changeToLeader
2023-09-07 20:32:39,791 [0f4389f5-8f89-483a-970a-d84001bccdfd@group-7CE3656EAF71-LeaderElection37] INFO  ratis.XceiverServerRatis (XceiverServerRatis.java:handleLeaderChangedNotification(902)) - Leader change notification received for group: group-7CE3656EAF71 with new leaderId: 0f4389f5-8f89-483a-970a-d84001bccdfd
2023-09-07 20:32:39,791 [0f4389f5-8f89-483a-970a-d84001bccdfd@group-7CE3656EAF71-LeaderElection37] INFO  server.RaftServer$Division (ServerState.java:setLeader(317)) - 0f4389f5-8f89-483a-970a-d84001bccdfd@group-7CE3656EAF71: change Leader from null to 0f4389f5-8f89-483a-970a-d84001bccdfd at term 1 for becomeLeader, leader elected after 5124ms
2023-09-07 20:32:39,791 [0f4389f5-8f89-483a-970a-d84001bccdfd@group-7CE3656EAF71-LeaderElection37] INFO  server.RaftServerConfigKeys (ConfUtils.java:logGet(46)) - raft.server.staging.catchup.gap = 1000 (default)
2023-09-07 20:32:39,791 [0f4389f5-8f89-483a-970a-d84001bccdfd@group-7CE3656EAF71-LeaderElection37] INFO  server.RaftServerConfigKeys (ConfUtils.java:logGet(46)) - raft.server.write.element-limit = 1024 (custom)
2023-09-07 20:32:39,792 [0f4389f5-8f89-483a-970a-d84001bccdfd@group-7CE3656EAF71-LeaderElection37] INFO  server.RaftServerConfigKeys (ConfUtils.java:logGet(46)) - raft.server.write.byte-limit = 1024 M (=1073741824) (custom)
2023-09-07 20:32:39,792 [0f4389f5-8f89-483a-970a-d84001bccdfd@group-7CE3656EAF71-LeaderElection37] INFO  server.RaftServerConfigKeys (ConfUtils.java:logGet(46)) - raft.server.watch.timeout = 180s (custom)
2023-09-07 20:32:39,792 [0f4389f5-8f89-483a-970a-d84001bccdfd@group-7CE3656EAF71-LeaderElection37] INFO  server.RaftServerConfigKeys (ConfUtils.java:logGet(46)) - raft.server.watch.timeout.denomination = 1s (default)
2023-09-07 20:32:39,792 [0f4389f5-8f89-483a-970a-d84001bccdfd@group-7CE3656EAF71-LeaderElection37] INFO  server.RaftServerConfigKeys (ConfUtils.java:logGet(46)) - raft.server.watch.element-limit = 65536 (default)
2023-09-07 20:32:39,792 [0f4389f5-8f89-483a-970a-d84001bccdfd@group-7CE3656EAF71-LeaderElection37] INFO  server.RaftServerConfigKeys (ConfUtils.java:logGet(46)) - raft.server.write.element-limit = 1024 (custom)
2023-09-07 20:32:39,792 [0f4389f5-8f89-483a-970a-d84001bccdfd@group-7CE3656EAF71-LeaderElection37] INFO  server.RaftServerConfigKeys (ConfUtils.java:logGet(46)) - raft.server.write.follower.gap.ratio.max = -1.0 (default)
2023-09-07 20:32:39,792 [0f4389f5-8f89-483a-970a-d84001bccdfd@group-7CE3656EAF71-LeaderElection37] INFO  impl.RoleInfo (RoleInfo.java:updateAndGet(139)) - 0f4389f5-8f89-483a-970a-d84001bccdfd: start 0f4389f5-8f89-483a-970a-d84001bccdfd@group-7CE3656EAF71-LeaderStateImpl
2023-09-07 20:32:39,792 [0f4389f5-8f89-483a-970a-d84001bccdfd@group-7CE3656EAF71-LeaderElection37] INFO  segmented.SegmentedRaftLogWorker (SegmentedRaftLogWorker.java:startLogSegment(447)) - 0f4389f5-8f89-483a-970a-d84001bccdfd@group-7CE3656EAF71-SegmentedRaftLogWorker: Starting segment from index:0
2023-09-07 20:32:39,810 [0f4389f5-8f89-483a-970a-d84001bccdfd@group-7CE3656EAF71-LeaderElection37] INFO  server.RaftServer$Division (ServerState.java:setRaftConf(434)) - 0f4389f5-8f89-483a-970a-d84001bccdfd@group-7CE3656EAF71: set configuration 0: peers:[0f4389f5-8f89-483a-970a-d84001bccdfd|rpc:10.1.0.11:15191|admin:10.1.0.11:15190|client:10.1.0.11:15189|dataStream:10.1.0.11:15192|priority:1|startupRole:FOLLOWER]|listeners:[], old=null
2023-09-07 20:32:39,817 [0f4389f5-8f89-483a-970a-d84001bccdfd@group-7CE3656EAF71-SegmentedRaftLogWorker] INFO  segmented.SegmentedRaftLogWorker (SegmentedRaftLogWorker.java:execute(651)) - 0f4389f5-8f89-483a-970a-d84001bccdfd@group-7CE3656EAF71-SegmentedRaftLogWorker: created new log segment /home/runner/work/ozone/ozone/hadoop-ozone/integration-test/target/test-dir/MiniOzoneClusterImpl-5752d0ac-6059-42ff-b166-1d3c6b9f978d/datanode-2/data/ratis/2aac5c77-ee1c-456f-9b86-7ce3656eaf71/current/log_inprogress_0
2023-09-07 20:32:40,053 [IPC Server handler 7 on default port 15160] WARN  node.SCMNodeManager (SCMNodeManager.java:getNodesByAddress(1373)) - Cannot find node for address 127.0.0.1
]]></system-out>
  </testcase>
  <testcase name="testRenameToExistingDir" classname="TestOzoneFileSystem" time="0.104">
    <system-out><![CDATA[20:27:38.501 [IPC Server handler 2 on default port 15004] ERROR OMAudit - user=runner | ip=127.0.0.1 | op=LIST_STATUS {volume=volume63798, bucket=bucket90991, key=b/a, dataSize=0, replicationConfig=null} | ret=FAILURE
org.apache.hadoop.ozone.om.exceptions.OMException: Unable to get file status: volume: volume63798 bucket: bucket90991 key: b/a
	at org.apache.hadoop.ozone.om.KeyManagerImpl.getOzoneFileStatus(KeyManagerImpl.java:1195) ~[ozone-manager-1.4.0-SNAPSHOT.jar:?]
	at org.apache.hadoop.ozone.om.KeyManagerImpl.getFileStatus(KeyManagerImpl.java:1113) ~[ozone-manager-1.4.0-SNAPSHOT.jar:?]
	at org.apache.hadoop.ozone.om.KeyManagerImpl.listStatus(KeyManagerImpl.java:1505) ~[ozone-manager-1.4.0-SNAPSHOT.jar:?]
	at org.apache.hadoop.ozone.om.OmMetadataReader.listStatus(OmMetadataReader.java:235) ~[ozone-manager-1.4.0-SNAPSHOT.jar:?]
	at org.apache.hadoop.ozone.om.OzoneManager.listStatus(OzoneManager.java:3560) ~[ozone-manager-1.4.0-SNAPSHOT.jar:?]
	at org.apache.hadoop.ozone.protocolPB.OzoneManagerRequestHandler.listStatus(OzoneManagerRequestHandler.java:1143) ~[ozone-manager-1.4.0-SNAPSHOT.jar:?]
	at org.apache.hadoop.ozone.protocolPB.OzoneManagerRequestHandler.handleReadRequest(OzoneManagerRequestHandler.java:261) ~[ozone-manager-1.4.0-SNAPSHOT.jar:?]
	at org.apache.hadoop.ozone.protocolPB.OzoneManagerProtocolServerSideTranslatorPB.submitReadRequestToOM(OzoneManagerProtocolServerSideTranslatorPB.java:225) ~[ozone-manager-1.4.0-SNAPSHOT.jar:?]
	at org.apache.hadoop.ozone.protocolPB.OzoneManagerProtocolServerSideTranslatorPB.processRequest(OzoneManagerProtocolServerSideTranslatorPB.java:179) ~[ozone-manager-1.4.0-SNAPSHOT.jar:?]
	at org.apache.hadoop.hdds.server.OzoneProtocolMessageDispatcher.processRequest(OzoneProtocolMessageDispatcher.java:87) [hdds-server-framework-1.4.0-SNAPSHOT.jar:?]
	at org.apache.hadoop.ozone.protocolPB.OzoneManagerProtocolServerSideTranslatorPB.submitRequest(OzoneManagerProtocolServerSideTranslatorPB.java:148) [ozone-manager-1.4.0-SNAPSHOT.jar:?]
	at org.apache.hadoop.ozone.protocol.proto.OzoneManagerProtocolProtos$OzoneManagerService$2.callBlockingMethod(OzoneManagerProtocolProtos.java) [ozone-interface-client-1.4.0-SNAPSHOT.jar:?]
	at org.apache.hadoop.ipc.ProtobufRpcEngine$Server.processCall(ProtobufRpcEngine.java:484) [hadoop-common-3.3.6.jar:?]
	at org.apache.hadoop.ipc.ProtobufRpcEngine2$Server$ProtoBufRpcInvoker.call(ProtobufRpcEngine2.java:595) [hadoop-common-3.3.6.jar:?]
	at org.apache.hadoop.ipc.ProtobufRpcEngine2$Server$ProtoBufRpcInvoker.call(ProtobufRpcEngine2.java:573) [hadoop-common-3.3.6.jar:?]
	at org.apache.hadoop.ipc.RPC$Server.call(RPC.java:1227) [hadoop-common-3.3.6.jar:?]
	at org.apache.hadoop.ipc.Server$RpcCall.run(Server.java:1094) [hadoop-common-3.3.6.jar:?]
	at org.apache.hadoop.ipc.Server$RpcCall.run(Server.java:1017) [hadoop-common-3.3.6.jar:?]
	at java.security.AccessController.doPrivileged(Native Method) ~[?:1.8.0_382]
	at javax.security.auth.Subject.doAs(Subject.java:422) [?:1.8.0_382]
	at org.apache.hadoop.security.UserGroupInformation.doAs(UserGroupInformation.java:1899) [hadoop-common-3.3.6.jar:?]
	at org.apache.hadoop.ipc.Server$Handler.run(Server.java:3048) [hadoop-common-3.3.6.jar:?]
]]></system-out>
  </testcase>
  <testcase name="testRenameToExistingDir" classname="TestOzoneFileSystem" time="0.031">
    <system-out><![CDATA[20:29:35.808 [IPC Server handler 2 on default port 15057] ERROR OMAudit - user=runner | ip=127.0.0.1 | op=LIST_STATUS {volume=volume62736, bucket=bucket10134, key=b/a, dataSize=0, replicationConfig=null} | ret=FAILURE
org.apache.hadoop.ozone.om.exceptions.OMException: Unable to get file status: volume: volume62736 bucket: bucket10134 key: b/a
	at org.apache.hadoop.ozone.om.KeyManagerImpl.getOzoneFileStatus(KeyManagerImpl.java:1195) ~[ozone-manager-1.4.0-SNAPSHOT.jar:?]
	at org.apache.hadoop.ozone.om.KeyManagerImpl.getFileStatus(KeyManagerImpl.java:1113) ~[ozone-manager-1.4.0-SNAPSHOT.jar:?]
	at org.apache.hadoop.ozone.om.KeyManagerImpl.listStatus(KeyManagerImpl.java:1505) ~[ozone-manager-1.4.0-SNAPSHOT.jar:?]
	at org.apache.hadoop.ozone.om.OmMetadataReader.listStatus(OmMetadataReader.java:235) ~[ozone-manager-1.4.0-SNAPSHOT.jar:?]
	at org.apache.hadoop.ozone.om.OzoneManager.listStatus(OzoneManager.java:3560) ~[ozone-manager-1.4.0-SNAPSHOT.jar:?]
	at org.apache.hadoop.ozone.protocolPB.OzoneManagerRequestHandler.listStatus(OzoneManagerRequestHandler.java:1143) ~[ozone-manager-1.4.0-SNAPSHOT.jar:?]
	at org.apache.hadoop.ozone.protocolPB.OzoneManagerRequestHandler.handleReadRequest(OzoneManagerRequestHandler.java:261) ~[ozone-manager-1.4.0-SNAPSHOT.jar:?]
	at org.apache.hadoop.ozone.protocolPB.OzoneManagerProtocolServerSideTranslatorPB.submitRequestDirectlyToOM(OzoneManagerProtocolServerSideTranslatorPB.java:274) ~[ozone-manager-1.4.0-SNAPSHOT.jar:?]
	at org.apache.hadoop.ozone.protocolPB.OzoneManagerProtocolServerSideTranslatorPB.processRequest(OzoneManagerProtocolServerSideTranslatorPB.java:175) ~[ozone-manager-1.4.0-SNAPSHOT.jar:?]
	at org.apache.hadoop.hdds.server.OzoneProtocolMessageDispatcher.processRequest(OzoneProtocolMessageDispatcher.java:87) [hdds-server-framework-1.4.0-SNAPSHOT.jar:?]
	at org.apache.hadoop.ozone.protocolPB.OzoneManagerProtocolServerSideTranslatorPB.submitRequest(OzoneManagerProtocolServerSideTranslatorPB.java:148) [ozone-manager-1.4.0-SNAPSHOT.jar:?]
	at org.apache.hadoop.ozone.protocol.proto.OzoneManagerProtocolProtos$OzoneManagerService$2.callBlockingMethod(OzoneManagerProtocolProtos.java) [ozone-interface-client-1.4.0-SNAPSHOT.jar:?]
	at org.apache.hadoop.ipc.ProtobufRpcEngine$Server.processCall(ProtobufRpcEngine.java:484) [hadoop-common-3.3.6.jar:?]
	at org.apache.hadoop.ipc.ProtobufRpcEngine2$Server$ProtoBufRpcInvoker.call(ProtobufRpcEngine2.java:595) [hadoop-common-3.3.6.jar:?]
	at org.apache.hadoop.ipc.ProtobufRpcEngine2$Server$ProtoBufRpcInvoker.call(ProtobufRpcEngine2.java:573) [hadoop-common-3.3.6.jar:?]
	at org.apache.hadoop.ipc.RPC$Server.call(RPC.java:1227) [hadoop-common-3.3.6.jar:?]
	at org.apache.hadoop.ipc.Server$RpcCall.run(Server.java:1094) [hadoop-common-3.3.6.jar:?]
	at org.apache.hadoop.ipc.Server$RpcCall.run(Server.java:1017) [hadoop-common-3.3.6.jar:?]
	at java.security.AccessController.doPrivileged(Native Method) ~[?:1.8.0_382]
	at javax.security.auth.Subject.doAs(Subject.java:422) [?:1.8.0_382]
	at org.apache.hadoop.security.UserGroupInformation.doAs(UserGroupInformation.java:1899) [hadoop-common-3.3.6.jar:?]
	at org.apache.hadoop.ipc.Server$Handler.run(Server.java:3048) [hadoop-common-3.3.6.jar:?]
]]></system-out>
  </testcase>
  <testcase name="testRenameToExistingDir" classname="TestOzoneFileSystem" time="0.029">
    <system-out><![CDATA[2023-09-07 20:31:01,369 [030e9783-811e-46a4-8bf6-f2375cfbdf83@group-BA6B8BD27B8B-LeaderElection29] INFO  server.RaftServer$Division (ServerState.java:setRaftConf(434)) - 030e9783-811e-46a4-8bf6-f2375cfbdf83@group-BA6B8BD27B8B: set configuration 0: peers:[030e9783-811e-46a4-8bf6-f2375cfbdf83|rpc:10.1.0.11:15147|admin:10.1.0.11:15146|client:10.1.0.11:15145|dataStream:10.1.0.11:15148|priority:1|startupRole:FOLLOWER]|listeners:[], old=null
20:31:01.377 [IPC Server handler 16 on default port 15110] ERROR OMAudit - user=runner | ip=127.0.0.1 | op=LIST_STATUS {volume=volume50105, bucket=bucket55116, key=b/a, dataSize=0, replicationConfig=null} | ret=FAILURE
org.apache.hadoop.ozone.om.exceptions.OMException: Unable to get file status: volume: volume50105 bucket: bucket55116 key: b/a
	at org.apache.hadoop.ozone.om.KeyManagerImpl.getOzoneFileStatus(KeyManagerImpl.java:1195) ~[ozone-manager-1.4.0-SNAPSHOT.jar:?]
	at org.apache.hadoop.ozone.om.KeyManagerImpl.getFileStatus(KeyManagerImpl.java:1113) ~[ozone-manager-1.4.0-SNAPSHOT.jar:?]
	at org.apache.hadoop.ozone.om.KeyManagerImpl.listStatus(KeyManagerImpl.java:1505) ~[ozone-manager-1.4.0-SNAPSHOT.jar:?]
	at org.apache.hadoop.ozone.om.OmMetadataReader.listStatus(OmMetadataReader.java:235) ~[ozone-manager-1.4.0-SNAPSHOT.jar:?]
	at org.apache.hadoop.ozone.om.OzoneManager.listStatus(OzoneManager.java:3560) ~[ozone-manager-1.4.0-SNAPSHOT.jar:?]
	at org.apache.hadoop.ozone.protocolPB.OzoneManagerRequestHandler.listStatus(OzoneManagerRequestHandler.java:1143) ~[ozone-manager-1.4.0-SNAPSHOT.jar:?]
	at org.apache.hadoop.ozone.protocolPB.OzoneManagerRequestHandler.handleReadRequest(OzoneManagerRequestHandler.java:261) ~[ozone-manager-1.4.0-SNAPSHOT.jar:?]
	at org.apache.hadoop.ozone.protocolPB.OzoneManagerProtocolServerSideTranslatorPB.submitReadRequestToOM(OzoneManagerProtocolServerSideTranslatorPB.java:225) ~[ozone-manager-1.4.0-SNAPSHOT.jar:?]
	at org.apache.hadoop.ozone.protocolPB.OzoneManagerProtocolServerSideTranslatorPB.processRequest(OzoneManagerProtocolServerSideTranslatorPB.java:179) ~[ozone-manager-1.4.0-SNAPSHOT.jar:?]
	at org.apache.hadoop.hdds.server.OzoneProtocolMessageDispatcher.processRequest(OzoneProtocolMessageDispatcher.java:87) [hdds-server-framework-1.4.0-SNAPSHOT.jar:?]
	at org.apache.hadoop.ozone.protocolPB.OzoneManagerProtocolServerSideTranslatorPB.submitRequest(OzoneManagerProtocolServerSideTranslatorPB.java:148) [ozone-manager-1.4.0-SNAPSHOT.jar:?]
	at org.apache.hadoop.ozone.protocol.proto.OzoneManagerProtocolProtos$OzoneManagerService$2.callBlockingMethod(OzoneManagerProtocolProtos.java) [ozone-interface-client-1.4.0-SNAPSHOT.jar:?]
	at org.apache.hadoop.ipc.ProtobufRpcEngine$Server.processCall(ProtobufRpcEngine.java:484) [hadoop-common-3.3.6.jar:?]
	at org.apache.hadoop.ipc.ProtobufRpcEngine2$Server$ProtoBufRpcInvoker.call(ProtobufRpcEngine2.java:595) [hadoop-common-3.3.6.jar:?]
	at org.apache.hadoop.ipc.ProtobufRpcEngine2$Server$ProtoBufRpcInvoker.call(ProtobufRpcEngine2.java:573) [hadoop-common-3.3.6.jar:?]
	at org.apache.hadoop.ipc.RPC$Server.call(RPC.java:1227) [hadoop-common-3.3.6.jar:?]
	at org.apache.hadoop.ipc.Server$RpcCall.run(Server.java:1094) [hadoop-common-3.3.6.jar:?]
	at org.apache.hadoop.ipc.Server$RpcCall.run(Server.java:1017) [hadoop-common-3.3.6.jar:?]
	at java.security.AccessController.doPrivileged(Native Method) ~[?:1.8.0_382]
	at javax.security.auth.Subject.doAs(Subject.java:422) [?:1.8.0_382]
	at org.apache.hadoop.security.UserGroupInformation.doAs(UserGroupInformation.java:1899) [hadoop-common-3.3.6.jar:?]
	at org.apache.hadoop.ipc.Server$Handler.run(Server.java:3048) [hadoop-common-3.3.6.jar:?]
]]></system-out>
  </testcase>
  <testcase name="testRenameToExistingDir" classname="TestOzoneFileSystem" time="0.026">
    <system-out><![CDATA[20:32:40.080 [IPC Server handler 18 on default port 15163] ERROR OMAudit - user=runner | ip=127.0.0.1 | op=LIST_STATUS {volume=volume10577, bucket=bucket68495, key=b/a, dataSize=0, replicationConfig=null} | ret=FAILURE
org.apache.hadoop.ozone.om.exceptions.OMException: Unable to get file status: volume: volume10577 bucket: bucket68495 key: b/a
	at org.apache.hadoop.ozone.om.KeyManagerImpl.getOzoneFileStatus(KeyManagerImpl.java:1195) ~[ozone-manager-1.4.0-SNAPSHOT.jar:?]
	at org.apache.hadoop.ozone.om.KeyManagerImpl.getFileStatus(KeyManagerImpl.java:1113) ~[ozone-manager-1.4.0-SNAPSHOT.jar:?]
	at org.apache.hadoop.ozone.om.KeyManagerImpl.listStatus(KeyManagerImpl.java:1505) ~[ozone-manager-1.4.0-SNAPSHOT.jar:?]
	at org.apache.hadoop.ozone.om.OmMetadataReader.listStatus(OmMetadataReader.java:235) ~[ozone-manager-1.4.0-SNAPSHOT.jar:?]
	at org.apache.hadoop.ozone.om.OzoneManager.listStatus(OzoneManager.java:3560) ~[ozone-manager-1.4.0-SNAPSHOT.jar:?]
	at org.apache.hadoop.ozone.protocolPB.OzoneManagerRequestHandler.listStatus(OzoneManagerRequestHandler.java:1143) ~[ozone-manager-1.4.0-SNAPSHOT.jar:?]
	at org.apache.hadoop.ozone.protocolPB.OzoneManagerRequestHandler.handleReadRequest(OzoneManagerRequestHandler.java:261) ~[ozone-manager-1.4.0-SNAPSHOT.jar:?]
	at org.apache.hadoop.ozone.protocolPB.OzoneManagerProtocolServerSideTranslatorPB.submitRequestDirectlyToOM(OzoneManagerProtocolServerSideTranslatorPB.java:274) ~[ozone-manager-1.4.0-SNAPSHOT.jar:?]
	at org.apache.hadoop.ozone.protocolPB.OzoneManagerProtocolServerSideTranslatorPB.processRequest(OzoneManagerProtocolServerSideTranslatorPB.java:175) ~[ozone-manager-1.4.0-SNAPSHOT.jar:?]
	at org.apache.hadoop.hdds.server.OzoneProtocolMessageDispatcher.processRequest(OzoneProtocolMessageDispatcher.java:87) [hdds-server-framework-1.4.0-SNAPSHOT.jar:?]
	at org.apache.hadoop.ozone.protocolPB.OzoneManagerProtocolServerSideTranslatorPB.submitRequest(OzoneManagerProtocolServerSideTranslatorPB.java:148) [ozone-manager-1.4.0-SNAPSHOT.jar:?]
	at org.apache.hadoop.ozone.protocol.proto.OzoneManagerProtocolProtos$OzoneManagerService$2.callBlockingMethod(OzoneManagerProtocolProtos.java) [ozone-interface-client-1.4.0-SNAPSHOT.jar:?]
	at org.apache.hadoop.ipc.ProtobufRpcEngine$Server.processCall(ProtobufRpcEngine.java:484) [hadoop-common-3.3.6.jar:?]
	at org.apache.hadoop.ipc.ProtobufRpcEngine2$Server$ProtoBufRpcInvoker.call(ProtobufRpcEngine2.java:595) [hadoop-common-3.3.6.jar:?]
	at org.apache.hadoop.ipc.ProtobufRpcEngine2$Server$ProtoBufRpcInvoker.call(ProtobufRpcEngine2.java:573) [hadoop-common-3.3.6.jar:?]
	at org.apache.hadoop.ipc.RPC$Server.call(RPC.java:1227) [hadoop-common-3.3.6.jar:?]
	at org.apache.hadoop.ipc.Server$RpcCall.run(Server.java:1094) [hadoop-common-3.3.6.jar:?]
	at org.apache.hadoop.ipc.Server$RpcCall.run(Server.java:1017) [hadoop-common-3.3.6.jar:?]
	at java.security.AccessController.doPrivileged(Native Method) ~[?:1.8.0_382]
	at javax.security.auth.Subject.doAs(Subject.java:422) [?:1.8.0_382]
	at org.apache.hadoop.security.UserGroupInformation.doAs(UserGroupInformation.java:1899) [hadoop-common-3.3.6.jar:?]
	at org.apache.hadoop.ipc.Server$Handler.run(Server.java:3048) [hadoop-common-3.3.6.jar:?]
]]></system-out>
  </testcase>
  <testcase name="testRenameDirToItsOwnSubDir" classname="TestOzoneFileSystem" time="0.044">
    <system-out><![CDATA[2023-09-07 20:27:38,589 [Time-limited test] INFO  ozone.TestOzoneFileSystem (TestOzoneFileSystem.java:testRenameDirToItsOwnSubDir(1177)) - Created dir1 o3fs://bucket90991.volume63798/root/dir1/sub_dir1
2023-09-07 20:27:38,589 [Time-limited test] INFO  ozone.TestOzoneFileSystem (TestOzoneFileSystem.java:testRenameDirToItsOwnSubDir(1180)) - Rename op-> source:o3fs://bucket90991.volume63798/root to destin:o3fs://bucket90991.volume63798/root/dir1/sub_dir1
]]></system-out>
  </testcase>
  <testcase name="testRenameDirToItsOwnSubDir" classname="TestOzoneFileSystem" time="0.016">
    <system-out><![CDATA[2023-09-07 20:29:35,831 [Time-limited test] INFO  ozone.TestOzoneFileSystem (TestOzoneFileSystem.java:testRenameDirToItsOwnSubDir(1177)) - Created dir1 o3fs://bucket10134.volume62736/root/dir1/sub_dir1
2023-09-07 20:29:35,831 [Time-limited test] INFO  ozone.TestOzoneFileSystem (TestOzoneFileSystem.java:testRenameDirToItsOwnSubDir(1180)) - Rename op-> source:o3fs://bucket10134.volume62736/root to destin:o3fs://bucket10134.volume62736/root/dir1/sub_dir1
]]></system-out>
  </testcase>
  <testcase name="testRenameDirToItsOwnSubDir" classname="TestOzoneFileSystem" time="0.014">
    <system-out><![CDATA[2023-09-07 20:31:01,398 [Time-limited test] INFO  ozone.TestOzoneFileSystem (TestOzoneFileSystem.java:testRenameDirToItsOwnSubDir(1177)) - Created dir1 o3fs://bucket55116.volume50105/root/dir1/sub_dir1
2023-09-07 20:31:01,398 [Time-limited test] INFO  ozone.TestOzoneFileSystem (TestOzoneFileSystem.java:testRenameDirToItsOwnSubDir(1180)) - Rename op-> source:o3fs://bucket55116.volume50105/root to destin:o3fs://bucket55116.volume50105/root/dir1/sub_dir1
]]></system-out>
  </testcase>
  <testcase name="testRenameDirToItsOwnSubDir" classname="TestOzoneFileSystem" time="0.015">
    <system-out><![CDATA[2023-09-07 20:32:40,101 [Time-limited test] INFO  ozone.TestOzoneFileSystem (TestOzoneFileSystem.java:testRenameDirToItsOwnSubDir(1177)) - Created dir1 o3fs://bucket68495.volume10577/root/dir1/sub_dir1
2023-09-07 20:32:40,101 [Time-limited test] INFO  ozone.TestOzoneFileSystem (TestOzoneFileSystem.java:testRenameDirToItsOwnSubDir(1180)) - Rename op-> source:o3fs://bucket68495.volume10577/root to destin:o3fs://bucket68495.volume10577/root/dir1/sub_dir1
]]></system-out>
  </testcase>
  <testcase name="testGetDirectoryModificationTime" classname="TestOzoneFileSystem" time="0.22"/>
  <testcase name="testGetDirectoryModificationTime" classname="TestOzoneFileSystem" time="0.141">
    <system-out><![CDATA[2023-09-07 20:29:35,920 [942f2b0f-4d82-489c-b29f-3fa1e69d5237@group-4817348DA986-FollowerState] INFO  impl.FollowerState (FollowerState.java:run(143)) - 942f2b0f-4d82-489c-b29f-3fa1e69d5237@group-4817348DA986-FollowerState: change to CANDIDATE, lastRpcElapsedTime:5076355290ns, electionTimeout:5071ms
2023-09-07 20:29:35,920 [942f2b0f-4d82-489c-b29f-3fa1e69d5237@group-4817348DA986-FollowerState] INFO  impl.RoleInfo (RoleInfo.java:shutdownFollowerState(110)) - 942f2b0f-4d82-489c-b29f-3fa1e69d5237: shutdown 942f2b0f-4d82-489c-b29f-3fa1e69d5237@group-4817348DA986-FollowerState
2023-09-07 20:29:35,920 [942f2b0f-4d82-489c-b29f-3fa1e69d5237@group-4817348DA986-FollowerState] INFO  server.RaftServer$Division (RaftServerImpl.java:setRole(329)) - 942f2b0f-4d82-489c-b29f-3fa1e69d5237@group-4817348DA986: changes role from  FOLLOWER to CANDIDATE at term 0 for changeToCandidate
2023-09-07 20:29:35,920 [942f2b0f-4d82-489c-b29f-3fa1e69d5237@group-4817348DA986-FollowerState] INFO  server.RaftServerConfigKeys (ConfUtils.java:logGet(46)) - raft.server.leaderelection.pre-vote = true (default)
2023-09-07 20:29:35,920 [942f2b0f-4d82-489c-b29f-3fa1e69d5237@group-4817348DA986-FollowerState] INFO  impl.RoleInfo (RoleInfo.java:updateAndGet(139)) - 942f2b0f-4d82-489c-b29f-3fa1e69d5237: start 942f2b0f-4d82-489c-b29f-3fa1e69d5237@group-4817348DA986-LeaderElection20
2023-09-07 20:29:35,923 [942f2b0f-4d82-489c-b29f-3fa1e69d5237@group-4817348DA986-LeaderElection20] INFO  impl.LeaderElection (LeaderElection.java:askForVotes(321)) - 942f2b0f-4d82-489c-b29f-3fa1e69d5237@group-4817348DA986-LeaderElection20 PRE_VOTE round 0: submit vote requests at term 0 for -1: peers:[942f2b0f-4d82-489c-b29f-3fa1e69d5237|rpc:10.1.0.11:15103|admin:10.1.0.11:15102|client:10.1.0.11:15101|dataStream:10.1.0.11:15104|priority:1|startupRole:FOLLOWER]|listeners:[], old=null
2023-09-07 20:29:35,923 [942f2b0f-4d82-489c-b29f-3fa1e69d5237@group-4817348DA986-LeaderElection20] INFO  impl.LeaderElection (LeaderElection.java:askForVotes(323)) - 942f2b0f-4d82-489c-b29f-3fa1e69d5237@group-4817348DA986-LeaderElection20 PRE_VOTE round 0: result PASSED (term=0)
2023-09-07 20:29:35,926 [942f2b0f-4d82-489c-b29f-3fa1e69d5237@group-4817348DA986-LeaderElection20] INFO  impl.LeaderElection (LeaderElection.java:askForVotes(321)) - 942f2b0f-4d82-489c-b29f-3fa1e69d5237@group-4817348DA986-LeaderElection20 ELECTION round 0: submit vote requests at term 1 for -1: peers:[942f2b0f-4d82-489c-b29f-3fa1e69d5237|rpc:10.1.0.11:15103|admin:10.1.0.11:15102|client:10.1.0.11:15101|dataStream:10.1.0.11:15104|priority:1|startupRole:FOLLOWER]|listeners:[], old=null
2023-09-07 20:29:35,926 [942f2b0f-4d82-489c-b29f-3fa1e69d5237@group-4817348DA986-LeaderElection20] INFO  impl.LeaderElection (LeaderElection.java:askForVotes(323)) - 942f2b0f-4d82-489c-b29f-3fa1e69d5237@group-4817348DA986-LeaderElection20 ELECTION round 0: result PASSED (term=1)
2023-09-07 20:29:35,926 [942f2b0f-4d82-489c-b29f-3fa1e69d5237@group-4817348DA986-LeaderElection20] INFO  impl.RoleInfo (RoleInfo.java:shutdownLeaderElection(130)) - 942f2b0f-4d82-489c-b29f-3fa1e69d5237: shutdown 942f2b0f-4d82-489c-b29f-3fa1e69d5237@group-4817348DA986-LeaderElection20
2023-09-07 20:29:35,926 [942f2b0f-4d82-489c-b29f-3fa1e69d5237@group-4817348DA986-LeaderElection20] INFO  server.RaftServer$Division (RaftServerImpl.java:setRole(329)) - 942f2b0f-4d82-489c-b29f-3fa1e69d5237@group-4817348DA986: changes role from CANDIDATE to LEADER at term 1 for changeToLeader
2023-09-07 20:29:35,926 [942f2b0f-4d82-489c-b29f-3fa1e69d5237@group-4817348DA986-LeaderElection20] INFO  ratis.XceiverServerRatis (XceiverServerRatis.java:handleLeaderChangedNotification(902)) - Leader change notification received for group: group-4817348DA986 with new leaderId: 942f2b0f-4d82-489c-b29f-3fa1e69d5237
2023-09-07 20:29:35,926 [942f2b0f-4d82-489c-b29f-3fa1e69d5237@group-4817348DA986-LeaderElection20] INFO  server.RaftServer$Division (ServerState.java:setLeader(317)) - 942f2b0f-4d82-489c-b29f-3fa1e69d5237@group-4817348DA986: change Leader from null to 942f2b0f-4d82-489c-b29f-3fa1e69d5237 at term 1 for becomeLeader, leader elected after 5106ms
2023-09-07 20:29:35,927 [942f2b0f-4d82-489c-b29f-3fa1e69d5237@group-4817348DA986-LeaderElection20] INFO  server.RaftServerConfigKeys (ConfUtils.java:logGet(46)) - raft.server.staging.catchup.gap = 1000 (default)
2023-09-07 20:29:35,927 [942f2b0f-4d82-489c-b29f-3fa1e69d5237@group-4817348DA986-LeaderElection20] INFO  server.RaftServerConfigKeys (ConfUtils.java:logGet(46)) - raft.server.write.element-limit = 1024 (custom)
2023-09-07 20:29:35,928 [942f2b0f-4d82-489c-b29f-3fa1e69d5237@group-4817348DA986-LeaderElection20] INFO  server.RaftServerConfigKeys (ConfUtils.java:logGet(46)) - raft.server.write.byte-limit = 1024 M (=1073741824) (custom)
2023-09-07 20:29:35,928 [942f2b0f-4d82-489c-b29f-3fa1e69d5237@group-4817348DA986-LeaderElection20] INFO  server.RaftServerConfigKeys (ConfUtils.java:logGet(46)) - raft.server.watch.timeout = 180s (custom)
2023-09-07 20:29:35,928 [942f2b0f-4d82-489c-b29f-3fa1e69d5237@group-4817348DA986-LeaderElection20] INFO  server.RaftServerConfigKeys (ConfUtils.java:logGet(46)) - raft.server.watch.timeout.denomination = 1s (default)
2023-09-07 20:29:35,928 [942f2b0f-4d82-489c-b29f-3fa1e69d5237@group-4817348DA986-LeaderElection20] INFO  server.RaftServerConfigKeys (ConfUtils.java:logGet(46)) - raft.server.watch.element-limit = 65536 (default)
2023-09-07 20:29:35,928 [942f2b0f-4d82-489c-b29f-3fa1e69d5237@group-4817348DA986-LeaderElection20] INFO  server.RaftServerConfigKeys (ConfUtils.java:logGet(46)) - raft.server.write.element-limit = 1024 (custom)
2023-09-07 20:29:35,928 [942f2b0f-4d82-489c-b29f-3fa1e69d5237@group-4817348DA986-LeaderElection20] INFO  server.RaftServerConfigKeys (ConfUtils.java:logGet(46)) - raft.server.write.follower.gap.ratio.max = -1.0 (default)
2023-09-07 20:29:35,928 [942f2b0f-4d82-489c-b29f-3fa1e69d5237@group-4817348DA986-LeaderElection20] INFO  impl.RoleInfo (RoleInfo.java:updateAndGet(139)) - 942f2b0f-4d82-489c-b29f-3fa1e69d5237: start 942f2b0f-4d82-489c-b29f-3fa1e69d5237@group-4817348DA986-LeaderStateImpl
2023-09-07 20:29:35,929 [942f2b0f-4d82-489c-b29f-3fa1e69d5237@group-4817348DA986-LeaderElection20] INFO  segmented.SegmentedRaftLogWorker (SegmentedRaftLogWorker.java:startLogSegment(447)) - 942f2b0f-4d82-489c-b29f-3fa1e69d5237@group-4817348DA986-SegmentedRaftLogWorker: Starting segment from index:0
2023-09-07 20:29:35,929 [942f2b0f-4d82-489c-b29f-3fa1e69d5237@group-4817348DA986-LeaderElection20] INFO  server.RaftServer$Division (ServerState.java:setRaftConf(434)) - 942f2b0f-4d82-489c-b29f-3fa1e69d5237@group-4817348DA986: set configuration 0: peers:[942f2b0f-4d82-489c-b29f-3fa1e69d5237|rpc:10.1.0.11:15103|admin:10.1.0.11:15102|client:10.1.0.11:15101|dataStream:10.1.0.11:15104|priority:1|startupRole:FOLLOWER]|listeners:[], old=null
2023-09-07 20:29:35,931 [942f2b0f-4d82-489c-b29f-3fa1e69d5237@group-4817348DA986-SegmentedRaftLogWorker] INFO  segmented.SegmentedRaftLogWorker (SegmentedRaftLogWorker.java:execute(651)) - 942f2b0f-4d82-489c-b29f-3fa1e69d5237@group-4817348DA986-SegmentedRaftLogWorker: created new log segment /home/runner/work/ozone/ozone/hadoop-ozone/integration-test/target/test-dir/MiniOzoneClusterImpl-6e39530a-abb5-4f3a-bb3c-e5f572b2b70f/datanode-4/data/ratis/f9cead23-0120-47be-ad44-4817348da986/current/log_inprogress_0
]]></system-out>
  </testcase>
  <testcase name="testGetDirectoryModificationTime" classname="TestOzoneFileSystem" time="0.149"/>
  <testcase name="testGetDirectoryModificationTime" classname="TestOzoneFileSystem" time="0.131">
    <system-out><![CDATA[2023-09-07 20:32:40,182 [0345af92-ee10-4252-b2db-9c35c6cf1855@group-C8A4E56400B6-FollowerState] INFO  impl.FollowerState (FollowerState.java:run(143)) - 0345af92-ee10-4252-b2db-9c35c6cf1855@group-C8A4E56400B6-FollowerState: change to CANDIDATE, lastRpcElapsedTime:5070555977ns, electionTimeout:5069ms
2023-09-07 20:32:40,183 [0345af92-ee10-4252-b2db-9c35c6cf1855@group-C8A4E56400B6-FollowerState] INFO  impl.RoleInfo (RoleInfo.java:shutdownFollowerState(110)) - 0345af92-ee10-4252-b2db-9c35c6cf1855: shutdown 0345af92-ee10-4252-b2db-9c35c6cf1855@group-C8A4E56400B6-FollowerState
2023-09-07 20:32:40,183 [0345af92-ee10-4252-b2db-9c35c6cf1855@group-C8A4E56400B6-FollowerState] INFO  server.RaftServer$Division (RaftServerImpl.java:setRole(329)) - 0345af92-ee10-4252-b2db-9c35c6cf1855@group-C8A4E56400B6: changes role from  FOLLOWER to CANDIDATE at term 0 for changeToCandidate
2023-09-07 20:32:40,183 [0345af92-ee10-4252-b2db-9c35c6cf1855@group-C8A4E56400B6-FollowerState] INFO  server.RaftServerConfigKeys (ConfUtils.java:logGet(46)) - raft.server.leaderelection.pre-vote = true (default)
2023-09-07 20:32:40,183 [0345af92-ee10-4252-b2db-9c35c6cf1855@group-C8A4E56400B6-FollowerState] INFO  impl.RoleInfo (RoleInfo.java:updateAndGet(139)) - 0345af92-ee10-4252-b2db-9c35c6cf1855: start 0345af92-ee10-4252-b2db-9c35c6cf1855@group-C8A4E56400B6-LeaderElection38
2023-09-07 20:32:40,186 [0345af92-ee10-4252-b2db-9c35c6cf1855@group-C8A4E56400B6-LeaderElection38] INFO  impl.LeaderElection (LeaderElection.java:askForVotes(321)) - 0345af92-ee10-4252-b2db-9c35c6cf1855@group-C8A4E56400B6-LeaderElection38 PRE_VOTE round 0: submit vote requests at term 0 for -1: peers:[0345af92-ee10-4252-b2db-9c35c6cf1855|rpc:10.1.0.11:15200|admin:10.1.0.11:15199|client:10.1.0.11:15198|dataStream:10.1.0.11:15201|priority:1|startupRole:FOLLOWER]|listeners:[], old=null
2023-09-07 20:32:40,186 [0345af92-ee10-4252-b2db-9c35c6cf1855@group-C8A4E56400B6-LeaderElection38] INFO  impl.LeaderElection (LeaderElection.java:askForVotes(323)) - 0345af92-ee10-4252-b2db-9c35c6cf1855@group-C8A4E56400B6-LeaderElection38 PRE_VOTE round 0: result PASSED (term=0)
2023-09-07 20:32:40,191 [0345af92-ee10-4252-b2db-9c35c6cf1855@group-C8A4E56400B6-LeaderElection38] INFO  impl.LeaderElection (LeaderElection.java:askForVotes(321)) - 0345af92-ee10-4252-b2db-9c35c6cf1855@group-C8A4E56400B6-LeaderElection38 ELECTION round 0: submit vote requests at term 1 for -1: peers:[0345af92-ee10-4252-b2db-9c35c6cf1855|rpc:10.1.0.11:15200|admin:10.1.0.11:15199|client:10.1.0.11:15198|dataStream:10.1.0.11:15201|priority:1|startupRole:FOLLOWER]|listeners:[], old=null
2023-09-07 20:32:40,191 [0345af92-ee10-4252-b2db-9c35c6cf1855@group-C8A4E56400B6-LeaderElection38] INFO  impl.LeaderElection (LeaderElection.java:askForVotes(323)) - 0345af92-ee10-4252-b2db-9c35c6cf1855@group-C8A4E56400B6-LeaderElection38 ELECTION round 0: result PASSED (term=1)
2023-09-07 20:32:40,191 [0345af92-ee10-4252-b2db-9c35c6cf1855@group-C8A4E56400B6-LeaderElection38] INFO  impl.RoleInfo (RoleInfo.java:shutdownLeaderElection(130)) - 0345af92-ee10-4252-b2db-9c35c6cf1855: shutdown 0345af92-ee10-4252-b2db-9c35c6cf1855@group-C8A4E56400B6-LeaderElection38
2023-09-07 20:32:40,191 [0345af92-ee10-4252-b2db-9c35c6cf1855@group-C8A4E56400B6-LeaderElection38] INFO  server.RaftServer$Division (RaftServerImpl.java:setRole(329)) - 0345af92-ee10-4252-b2db-9c35c6cf1855@group-C8A4E56400B6: changes role from CANDIDATE to LEADER at term 1 for changeToLeader
2023-09-07 20:32:40,191 [0345af92-ee10-4252-b2db-9c35c6cf1855@group-C8A4E56400B6-LeaderElection38] INFO  ratis.XceiverServerRatis (XceiverServerRatis.java:handleLeaderChangedNotification(902)) - Leader change notification received for group: group-C8A4E56400B6 with new leaderId: 0345af92-ee10-4252-b2db-9c35c6cf1855
2023-09-07 20:32:40,191 [0345af92-ee10-4252-b2db-9c35c6cf1855@group-C8A4E56400B6-LeaderElection38] INFO  server.RaftServer$Division (ServerState.java:setLeader(317)) - 0345af92-ee10-4252-b2db-9c35c6cf1855@group-C8A4E56400B6: change Leader from null to 0345af92-ee10-4252-b2db-9c35c6cf1855 at term 1 for becomeLeader, leader elected after 5158ms
2023-09-07 20:32:40,191 [0345af92-ee10-4252-b2db-9c35c6cf1855@group-C8A4E56400B6-LeaderElection38] INFO  server.RaftServerConfigKeys (ConfUtils.java:logGet(46)) - raft.server.staging.catchup.gap = 1000 (default)
2023-09-07 20:32:40,192 [0345af92-ee10-4252-b2db-9c35c6cf1855@group-C8A4E56400B6-LeaderElection38] INFO  server.RaftServerConfigKeys (ConfUtils.java:logGet(46)) - raft.server.write.element-limit = 1024 (custom)
2023-09-07 20:32:40,192 [0345af92-ee10-4252-b2db-9c35c6cf1855@group-C8A4E56400B6-LeaderElection38] INFO  server.RaftServerConfigKeys (ConfUtils.java:logGet(46)) - raft.server.write.byte-limit = 1024 M (=1073741824) (custom)
2023-09-07 20:32:40,192 [0345af92-ee10-4252-b2db-9c35c6cf1855@group-C8A4E56400B6-LeaderElection38] INFO  server.RaftServerConfigKeys (ConfUtils.java:logGet(46)) - raft.server.watch.timeout = 180s (custom)
2023-09-07 20:32:40,192 [0345af92-ee10-4252-b2db-9c35c6cf1855@group-C8A4E56400B6-LeaderElection38] INFO  server.RaftServerConfigKeys (ConfUtils.java:logGet(46)) - raft.server.watch.timeout.denomination = 1s (default)
2023-09-07 20:32:40,192 [0345af92-ee10-4252-b2db-9c35c6cf1855@group-C8A4E56400B6-LeaderElection38] INFO  server.RaftServerConfigKeys (ConfUtils.java:logGet(46)) - raft.server.watch.element-limit = 65536 (default)
2023-09-07 20:32:40,193 [0345af92-ee10-4252-b2db-9c35c6cf1855@group-C8A4E56400B6-LeaderElection38] INFO  server.RaftServerConfigKeys (ConfUtils.java:logGet(46)) - raft.server.write.element-limit = 1024 (custom)
2023-09-07 20:32:40,193 [0345af92-ee10-4252-b2db-9c35c6cf1855@group-C8A4E56400B6-LeaderElection38] INFO  server.RaftServerConfigKeys (ConfUtils.java:logGet(46)) - raft.server.write.follower.gap.ratio.max = -1.0 (default)
2023-09-07 20:32:40,193 [0345af92-ee10-4252-b2db-9c35c6cf1855@group-C8A4E56400B6-LeaderElection38] INFO  impl.RoleInfo (RoleInfo.java:updateAndGet(139)) - 0345af92-ee10-4252-b2db-9c35c6cf1855: start 0345af92-ee10-4252-b2db-9c35c6cf1855@group-C8A4E56400B6-LeaderStateImpl
2023-09-07 20:32:40,193 [0345af92-ee10-4252-b2db-9c35c6cf1855@group-C8A4E56400B6-LeaderElection38] INFO  segmented.SegmentedRaftLogWorker (SegmentedRaftLogWorker.java:startLogSegment(447)) - 0345af92-ee10-4252-b2db-9c35c6cf1855@group-C8A4E56400B6-SegmentedRaftLogWorker: Starting segment from index:0
2023-09-07 20:32:40,193 [0345af92-ee10-4252-b2db-9c35c6cf1855@group-C8A4E56400B6-LeaderElection38] INFO  server.RaftServer$Division (ServerState.java:setRaftConf(434)) - 0345af92-ee10-4252-b2db-9c35c6cf1855@group-C8A4E56400B6: set configuration 0: peers:[0345af92-ee10-4252-b2db-9c35c6cf1855|rpc:10.1.0.11:15200|admin:10.1.0.11:15199|client:10.1.0.11:15198|dataStream:10.1.0.11:15201|priority:1|startupRole:FOLLOWER]|listeners:[], old=null
2023-09-07 20:32:40,195 [0345af92-ee10-4252-b2db-9c35c6cf1855@group-C8A4E56400B6-SegmentedRaftLogWorker] INFO  segmented.SegmentedRaftLogWorker (SegmentedRaftLogWorker.java:execute(651)) - 0345af92-ee10-4252-b2db-9c35c6cf1855@group-C8A4E56400B6-SegmentedRaftLogWorker: created new log segment /home/runner/work/ozone/ozone/hadoop-ozone/integration-test/target/test-dir/MiniOzoneClusterImpl-5752d0ac-6059-42ff-b166-1d3c6b9f978d/datanode-3/data/ratis/5b20ffa4-7f2d-43fd-9dd5-c8a4e56400b6/current/log_inprogress_0
]]></system-out>
  </testcase>
  <testcase name="testOzoneFsServiceLoader" classname="TestOzoneFileSystem" time="0.01"/>
  <testcase name="testOzoneFsServiceLoader" classname="TestOzoneFileSystem" time="0.003"/>
  <testcase name="testOzoneFsServiceLoader" classname="TestOzoneFileSystem" time="0.006"/>
  <testcase name="testOzoneFsServiceLoader" classname="TestOzoneFileSystem" time="0.001"/>
  <testcase name="testTrash" classname="TestOzoneFileSystem" time="3.238">
    <system-out><![CDATA[20:27:38.883 [IPC Server handler 15 on default port 15004] ERROR OMAudit - user=runner | ip=127.0.0.1 | op=GET_FILE_STATUS {volume=volume63798, bucket=bucket90991, key=.Trash/runner, dataSize=0, replicationConfig=null} | ret=FAILURE
org.apache.hadoop.ozone.om.exceptions.OMException: Unable to get file status: volume: volume63798 bucket: bucket90991 key: .Trash/runner
	at org.apache.hadoop.ozone.om.KeyManagerImpl.getOzoneFileStatus(KeyManagerImpl.java:1195) ~[ozone-manager-1.4.0-SNAPSHOT.jar:?]
	at org.apache.hadoop.ozone.om.KeyManagerImpl.getFileStatus(KeyManagerImpl.java:1113) ~[ozone-manager-1.4.0-SNAPSHOT.jar:?]
	at org.apache.hadoop.ozone.om.OmMetadataReader.getFileStatus(OmMetadataReader.java:262) ~[ozone-manager-1.4.0-SNAPSHOT.jar:?]
	at org.apache.hadoop.ozone.om.OzoneManager.getFileStatus(OzoneManager.java:3530) ~[ozone-manager-1.4.0-SNAPSHOT.jar:?]
	at org.apache.hadoop.ozone.protocolPB.OzoneManagerRequestHandler.getOzoneFileStatus(OzoneManagerRequestHandler.java:971) ~[ozone-manager-1.4.0-SNAPSHOT.jar:?]
	at org.apache.hadoop.ozone.protocolPB.OzoneManagerRequestHandler.handleReadRequest(OzoneManagerRequestHandler.java:250) ~[ozone-manager-1.4.0-SNAPSHOT.jar:?]
	at org.apache.hadoop.ozone.protocolPB.OzoneManagerProtocolServerSideTranslatorPB.submitReadRequestToOM(OzoneManagerProtocolServerSideTranslatorPB.java:225) ~[ozone-manager-1.4.0-SNAPSHOT.jar:?]
	at org.apache.hadoop.ozone.protocolPB.OzoneManagerProtocolServerSideTranslatorPB.processRequest(OzoneManagerProtocolServerSideTranslatorPB.java:179) ~[ozone-manager-1.4.0-SNAPSHOT.jar:?]
	at org.apache.hadoop.hdds.server.OzoneProtocolMessageDispatcher.processRequest(OzoneProtocolMessageDispatcher.java:87) [hdds-server-framework-1.4.0-SNAPSHOT.jar:?]
	at org.apache.hadoop.ozone.protocolPB.OzoneManagerProtocolServerSideTranslatorPB.submitRequest(OzoneManagerProtocolServerSideTranslatorPB.java:148) [ozone-manager-1.4.0-SNAPSHOT.jar:?]
	at org.apache.hadoop.ozone.protocol.proto.OzoneManagerProtocolProtos$OzoneManagerService$2.callBlockingMethod(OzoneManagerProtocolProtos.java) [ozone-interface-client-1.4.0-SNAPSHOT.jar:?]
	at org.apache.hadoop.ipc.ProtobufRpcEngine$Server.processCall(ProtobufRpcEngine.java:484) [hadoop-common-3.3.6.jar:?]
	at org.apache.hadoop.ipc.ProtobufRpcEngine2$Server$ProtoBufRpcInvoker.call(ProtobufRpcEngine2.java:595) [hadoop-common-3.3.6.jar:?]
	at org.apache.hadoop.ipc.ProtobufRpcEngine2$Server$ProtoBufRpcInvoker.call(ProtobufRpcEngine2.java:573) [hadoop-common-3.3.6.jar:?]
	at org.apache.hadoop.ipc.RPC$Server.call(RPC.java:1227) [hadoop-common-3.3.6.jar:?]
	at org.apache.hadoop.ipc.Server$RpcCall.run(Server.java:1094) [hadoop-common-3.3.6.jar:?]
	at org.apache.hadoop.ipc.Server$RpcCall.run(Server.java:1017) [hadoop-common-3.3.6.jar:?]
	at java.security.AccessController.doPrivileged(Native Method) ~[?:1.8.0_382]
	at javax.security.auth.Subject.doAs(Subject.java:422) [?:1.8.0_382]
	at org.apache.hadoop.security.UserGroupInformation.doAs(UserGroupInformation.java:1899) [hadoop-common-3.3.6.jar:?]
	at org.apache.hadoop.ipc.Server$Handler.run(Server.java:3048) [hadoop-common-3.3.6.jar:?]
20:27:38.898 [IPC Server handler 14 on default port 15004] ERROR OMAudit - user=runner | ip=127.0.0.1 | op=GET_FILE_STATUS {volume=volume63798, bucket=bucket90991, key=.Trash/runner/Current/testKey2, dataSize=0, replicationConfig=null} | ret=FAILURE
org.apache.hadoop.ozone.om.exceptions.OMException: Unable to get file status: volume: volume63798 bucket: bucket90991 key: .Trash/runner/Current/testKey2
	at org.apache.hadoop.ozone.om.KeyManagerImpl.getOzoneFileStatus(KeyManagerImpl.java:1195) ~[ozone-manager-1.4.0-SNAPSHOT.jar:?]
	at org.apache.hadoop.ozone.om.KeyManagerImpl.getFileStatus(KeyManagerImpl.java:1113) ~[ozone-manager-1.4.0-SNAPSHOT.jar:?]
	at org.apache.hadoop.ozone.om.OmMetadataReader.getFileStatus(OmMetadataReader.java:262) ~[ozone-manager-1.4.0-SNAPSHOT.jar:?]
	at org.apache.hadoop.ozone.om.OzoneManager.getFileStatus(OzoneManager.java:3530) ~[ozone-manager-1.4.0-SNAPSHOT.jar:?]
	at org.apache.hadoop.ozone.protocolPB.OzoneManagerRequestHandler.getOzoneFileStatus(OzoneManagerRequestHandler.java:971) ~[ozone-manager-1.4.0-SNAPSHOT.jar:?]
	at org.apache.hadoop.ozone.protocolPB.OzoneManagerRequestHandler.handleReadRequest(OzoneManagerRequestHandler.java:250) ~[ozone-manager-1.4.0-SNAPSHOT.jar:?]
	at org.apache.hadoop.ozone.protocolPB.OzoneManagerProtocolServerSideTranslatorPB.submitReadRequestToOM(OzoneManagerProtocolServerSideTranslatorPB.java:225) ~[ozone-manager-1.4.0-SNAPSHOT.jar:?]
	at org.apache.hadoop.ozone.protocolPB.OzoneManagerProtocolServerSideTranslatorPB.processRequest(OzoneManagerProtocolServerSideTranslatorPB.java:179) ~[ozone-manager-1.4.0-SNAPSHOT.jar:?]
	at org.apache.hadoop.hdds.server.OzoneProtocolMessageDispatcher.processRequest(OzoneProtocolMessageDispatcher.java:87) [hdds-server-framework-1.4.0-SNAPSHOT.jar:?]
	at org.apache.hadoop.ozone.protocolPB.OzoneManagerProtocolServerSideTranslatorPB.submitRequest(OzoneManagerProtocolServerSideTranslatorPB.java:148) [ozone-manager-1.4.0-SNAPSHOT.jar:?]
	at org.apache.hadoop.ozone.protocol.proto.OzoneManagerProtocolProtos$OzoneManagerService$2.callBlockingMethod(OzoneManagerProtocolProtos.java) [ozone-interface-client-1.4.0-SNAPSHOT.jar:?]
	at org.apache.hadoop.ipc.ProtobufRpcEngine$Server.processCall(ProtobufRpcEngine.java:484) [hadoop-common-3.3.6.jar:?]
	at org.apache.hadoop.ipc.ProtobufRpcEngine2$Server$ProtoBufRpcInvoker.call(ProtobufRpcEngine2.java:595) [hadoop-common-3.3.6.jar:?]
	at org.apache.hadoop.ipc.ProtobufRpcEngine2$Server$ProtoBufRpcInvoker.call(ProtobufRpcEngine2.java:573) [hadoop-common-3.3.6.jar:?]
	at org.apache.hadoop.ipc.RPC$Server.call(RPC.java:1227) [hadoop-common-3.3.6.jar:?]
	at org.apache.hadoop.ipc.Server$RpcCall.run(Server.java:1094) [hadoop-common-3.3.6.jar:?]
	at org.apache.hadoop.ipc.Server$RpcCall.run(Server.java:1017) [hadoop-common-3.3.6.jar:?]
	at java.security.AccessController.doPrivileged(Native Method) ~[?:1.8.0_382]
	at javax.security.auth.Subject.doAs(Subject.java:422) [?:1.8.0_382]
	at org.apache.hadoop.security.UserGroupInformation.doAs(UserGroupInformation.java:1899) [hadoop-common-3.3.6.jar:?]
	at org.apache.hadoop.ipc.Server$Handler.run(Server.java:3048) [hadoop-common-3.3.6.jar:?]
20:27:38.903 [IPC Server handler 13 on default port 15004] ERROR OMAudit - user=runner | ip=127.0.0.1 | op=GET_FILE_STATUS {volume=volume63798, bucket=bucket90991, key=.Trash/runner/Current/testKey2, dataSize=0, replicationConfig=null} | ret=FAILURE
org.apache.hadoop.ozone.om.exceptions.OMException: Unable to get file status: volume: volume63798 bucket: bucket90991 key: .Trash/runner/Current/testKey2
	at org.apache.hadoop.ozone.om.KeyManagerImpl.getOzoneFileStatus(KeyManagerImpl.java:1195) ~[ozone-manager-1.4.0-SNAPSHOT.jar:?]
	at org.apache.hadoop.ozone.om.KeyManagerImpl.getFileStatus(KeyManagerImpl.java:1113) ~[ozone-manager-1.4.0-SNAPSHOT.jar:?]
	at org.apache.hadoop.ozone.om.OmMetadataReader.getFileStatus(OmMetadataReader.java:262) ~[ozone-manager-1.4.0-SNAPSHOT.jar:?]
	at org.apache.hadoop.ozone.om.OzoneManager.getFileStatus(OzoneManager.java:3530) ~[ozone-manager-1.4.0-SNAPSHOT.jar:?]
	at org.apache.hadoop.ozone.protocolPB.OzoneManagerRequestHandler.getOzoneFileStatus(OzoneManagerRequestHandler.java:971) ~[ozone-manager-1.4.0-SNAPSHOT.jar:?]
	at org.apache.hadoop.ozone.protocolPB.OzoneManagerRequestHandler.handleReadRequest(OzoneManagerRequestHandler.java:250) ~[ozone-manager-1.4.0-SNAPSHOT.jar:?]
	at org.apache.hadoop.ozone.protocolPB.OzoneManagerProtocolServerSideTranslatorPB.submitReadRequestToOM(OzoneManagerProtocolServerSideTranslatorPB.java:225) ~[ozone-manager-1.4.0-SNAPSHOT.jar:?]
	at org.apache.hadoop.ozone.protocolPB.OzoneManagerProtocolServerSideTranslatorPB.processRequest(OzoneManagerProtocolServerSideTranslatorPB.java:179) ~[ozone-manager-1.4.0-SNAPSHOT.jar:?]
	at org.apache.hadoop.hdds.server.OzoneProtocolMessageDispatcher.processRequest(OzoneProtocolMessageDispatcher.java:87) [hdds-server-framework-1.4.0-SNAPSHOT.jar:?]
	at org.apache.hadoop.ozone.protocolPB.OzoneManagerProtocolServerSideTranslatorPB.submitRequest(OzoneManagerProtocolServerSideTranslatorPB.java:148) [ozone-manager-1.4.0-SNAPSHOT.jar:?]
	at org.apache.hadoop.ozone.protocol.proto.OzoneManagerProtocolProtos$OzoneManagerService$2.callBlockingMethod(OzoneManagerProtocolProtos.java) [ozone-interface-client-1.4.0-SNAPSHOT.jar:?]
	at org.apache.hadoop.ipc.ProtobufRpcEngine$Server.processCall(ProtobufRpcEngine.java:484) [hadoop-common-3.3.6.jar:?]
	at org.apache.hadoop.ipc.ProtobufRpcEngine2$Server$ProtoBufRpcInvoker.call(ProtobufRpcEngine2.java:595) [hadoop-common-3.3.6.jar:?]
	at org.apache.hadoop.ipc.ProtobufRpcEngine2$Server$ProtoBufRpcInvoker.call(ProtobufRpcEngine2.java:573) [hadoop-common-3.3.6.jar:?]
	at org.apache.hadoop.ipc.RPC$Server.call(RPC.java:1227) [hadoop-common-3.3.6.jar:?]
	at org.apache.hadoop.ipc.Server$RpcCall.run(Server.java:1094) [hadoop-common-3.3.6.jar:?]
	at org.apache.hadoop.ipc.Server$RpcCall.run(Server.java:1017) [hadoop-common-3.3.6.jar:?]
	at java.security.AccessController.doPrivileged(Native Method) ~[?:1.8.0_382]
	at javax.security.auth.Subject.doAs(Subject.java:422) [?:1.8.0_382]
	at org.apache.hadoop.security.UserGroupInformation.doAs(UserGroupInformation.java:1899) [hadoop-common-3.3.6.jar:?]
	at org.apache.hadoop.ipc.Server$Handler.run(Server.java:3048) [hadoop-common-3.3.6.jar:?]
2023-09-07 20:27:38,920 [Time-limited test] INFO  om.TrashPolicyOzone (TrashPolicyOzone.java:moveToTrash(209)) - Moved: '/testKey2' to trash at: o3fs://bucket90991.volume63798/.Trash/runner/Current/testKey2
20:27:39.032 [IPC Server handler 9 on default port 15004] ERROR OMAudit - user=runner | ip=127.0.0.1 | op=GET_FILE_STATUS {volume=volume63798, bucket=bucket90991, key=.Trash/runner/Current/testKey2, dataSize=0, replicationConfig=null} | ret=FAILURE
org.apache.hadoop.ozone.om.exceptions.OMException: Unable to get file status: volume: volume63798 bucket: bucket90991 key: .Trash/runner/Current/testKey2
	at org.apache.hadoop.ozone.om.KeyManagerImpl.getOzoneFileStatus(KeyManagerImpl.java:1195) ~[ozone-manager-1.4.0-SNAPSHOT.jar:?]
	at org.apache.hadoop.ozone.om.KeyManagerImpl.getFileStatus(KeyManagerImpl.java:1113) ~[ozone-manager-1.4.0-SNAPSHOT.jar:?]
	at org.apache.hadoop.ozone.om.OmMetadataReader.getFileStatus(OmMetadataReader.java:262) ~[ozone-manager-1.4.0-SNAPSHOT.jar:?]
	at org.apache.hadoop.ozone.om.OzoneManager.getFileStatus(OzoneManager.java:3530) ~[ozone-manager-1.4.0-SNAPSHOT.jar:?]
	at org.apache.hadoop.ozone.protocolPB.OzoneManagerRequestHandler.getOzoneFileStatus(OzoneManagerRequestHandler.java:971) ~[ozone-manager-1.4.0-SNAPSHOT.jar:?]
	at org.apache.hadoop.ozone.protocolPB.OzoneManagerRequestHandler.handleReadRequest(OzoneManagerRequestHandler.java:250) ~[ozone-manager-1.4.0-SNAPSHOT.jar:?]
	at org.apache.hadoop.ozone.protocolPB.OzoneManagerProtocolServerSideTranslatorPB.submitReadRequestToOM(OzoneManagerProtocolServerSideTranslatorPB.java:225) ~[ozone-manager-1.4.0-SNAPSHOT.jar:?]
	at org.apache.hadoop.ozone.protocolPB.OzoneManagerProtocolServerSideTranslatorPB.processRequest(OzoneManagerProtocolServerSideTranslatorPB.java:179) ~[ozone-manager-1.4.0-SNAPSHOT.jar:?]
	at org.apache.hadoop.hdds.server.OzoneProtocolMessageDispatcher.processRequest(OzoneProtocolMessageDispatcher.java:87) [hdds-server-framework-1.4.0-SNAPSHOT.jar:?]
	at org.apache.hadoop.ozone.protocolPB.OzoneManagerProtocolServerSideTranslatorPB.submitRequest(OzoneManagerProtocolServerSideTranslatorPB.java:148) [ozone-manager-1.4.0-SNAPSHOT.jar:?]
	at org.apache.hadoop.ozone.protocol.proto.OzoneManagerProtocolProtos$OzoneManagerService$2.callBlockingMethod(OzoneManagerProtocolProtos.java) [ozone-interface-client-1.4.0-SNAPSHOT.jar:?]
	at org.apache.hadoop.ipc.ProtobufRpcEngine$Server.processCall(ProtobufRpcEngine.java:484) [hadoop-common-3.3.6.jar:?]
	at org.apache.hadoop.ipc.ProtobufRpcEngine2$Server$ProtoBufRpcInvoker.call(ProtobufRpcEngine2.java:595) [hadoop-common-3.3.6.jar:?]
	at org.apache.hadoop.ipc.ProtobufRpcEngine2$Server$ProtoBufRpcInvoker.call(ProtobufRpcEngine2.java:573) [hadoop-common-3.3.6.jar:?]
	at org.apache.hadoop.ipc.RPC$Server.call(RPC.java:1227) [hadoop-common-3.3.6.jar:?]
	at org.apache.hadoop.ipc.Server$RpcCall.run(Server.java:1094) [hadoop-common-3.3.6.jar:?]
	at org.apache.hadoop.ipc.Server$RpcCall.run(Server.java:1017) [hadoop-common-3.3.6.jar:?]
	at java.security.AccessController.doPrivileged(Native Method) ~[?:1.8.0_382]
	at javax.security.auth.Subject.doAs(Subject.java:422) [?:1.8.0_382]
	at org.apache.hadoop.security.UserGroupInformation.doAs(UserGroupInformation.java:1899) [hadoop-common-3.3.6.jar:?]
	at org.apache.hadoop.ipc.Server$Handler.run(Server.java:3048) [hadoop-common-3.3.6.jar:?]
2023-09-07 20:27:40,435 [22c736ca-ae96-41a9-953f-e3c60311c10c@group-88721368E654-FollowerState] INFO  impl.FollowerState (FollowerState.java:run(143)) - 22c736ca-ae96-41a9-953f-e3c60311c10c@group-88721368E654-FollowerState: change to CANDIDATE, lastRpcElapsedTime:10349743327ns, electionTimeout:5016ms
2023-09-07 20:27:40,435 [22c736ca-ae96-41a9-953f-e3c60311c10c@group-88721368E654-FollowerState] INFO  impl.RoleInfo (RoleInfo.java:shutdownFollowerState(110)) - 22c736ca-ae96-41a9-953f-e3c60311c10c: shutdown 22c736ca-ae96-41a9-953f-e3c60311c10c@group-88721368E654-FollowerState
2023-09-07 20:27:40,435 [22c736ca-ae96-41a9-953f-e3c60311c10c@group-88721368E654-FollowerState] INFO  server.RaftServer$Division (RaftServerImpl.java:setRole(329)) - 22c736ca-ae96-41a9-953f-e3c60311c10c@group-88721368E654: changes role from  FOLLOWER to CANDIDATE at term 0 for changeToCandidate
2023-09-07 20:27:40,435 [22c736ca-ae96-41a9-953f-e3c60311c10c@group-88721368E654-FollowerState] INFO  server.RaftServerConfigKeys (ConfUtils.java:logGet(46)) - raft.server.leaderelection.pre-vote = true (default)
2023-09-07 20:27:40,435 [22c736ca-ae96-41a9-953f-e3c60311c10c@group-88721368E654-FollowerState] INFO  impl.RoleInfo (RoleInfo.java:updateAndGet(139)) - 22c736ca-ae96-41a9-953f-e3c60311c10c: start 22c736ca-ae96-41a9-953f-e3c60311c10c@group-88721368E654-LeaderElection9
2023-09-07 20:27:40,441 [22c736ca-ae96-41a9-953f-e3c60311c10c@group-88721368E654-LeaderElection9] INFO  impl.LeaderElection (LeaderElection.java:askForVotes(321)) - 22c736ca-ae96-41a9-953f-e3c60311c10c@group-88721368E654-LeaderElection9 PRE_VOTE round 0: submit vote requests at term 0 for -1: peers:[22c736ca-ae96-41a9-953f-e3c60311c10c|rpc:10.1.0.11:15023|admin:10.1.0.11:15022|client:10.1.0.11:15021|dataStream:10.1.0.11:15024|priority:1|startupRole:FOLLOWER, d960e1ec-e2de-43a1-b7f8-937811771cc3|rpc:10.1.0.11:15032|admin:10.1.0.11:15031|client:10.1.0.11:15030|dataStream:10.1.0.11:15033|priority:0|startupRole:FOLLOWER, 4c0a5098-e377-4fbc-882f-38eb7693a6cf|rpc:10.1.0.11:15014|admin:10.1.0.11:15013|client:10.1.0.11:15012|dataStream:10.1.0.11:15015|priority:0|startupRole:FOLLOWER]|listeners:[], old=null
2023-09-07 20:27:40,441 [22c736ca-ae96-41a9-953f-e3c60311c10c@group-88721368E654-LeaderElection9] INFO  server.RaftServerConfigKeys (ConfUtils.java:logFallback(53)) - raft.server.rpc.first-election.timeout.min = 5s (fallback to raft.server.rpc.timeout.min)
2023-09-07 20:27:40,441 [22c736ca-ae96-41a9-953f-e3c60311c10c@group-88721368E654-LeaderElection9-1] INFO  server.GrpcServerProtocolClient (GrpcServerProtocolClient.java:<init>(65)) - Build channel for d960e1ec-e2de-43a1-b7f8-937811771cc3
2023-09-07 20:27:40,441 [22c736ca-ae96-41a9-953f-e3c60311c10c@group-88721368E654-LeaderElection9] INFO  server.RaftServerConfigKeys (ConfUtils.java:logFallback(53)) - raft.server.rpc.first-election.timeout.max = 5200ms (fallback to raft.server.rpc.timeout.max)
2023-09-07 20:27:40,442 [22c736ca-ae96-41a9-953f-e3c60311c10c@group-88721368E654-LeaderElection9-2] INFO  server.GrpcServerProtocolClient (GrpcServerProtocolClient.java:<init>(65)) - Build channel for 4c0a5098-e377-4fbc-882f-38eb7693a6cf
2023-09-07 20:27:40,470 [grpc-default-executor-2] INFO  server.RaftServer$Division (RaftServerImpl.java:requestVote(1302)) - 4c0a5098-e377-4fbc-882f-38eb7693a6cf@group-88721368E654: receive requestVote(PRE_VOTE, 22c736ca-ae96-41a9-953f-e3c60311c10c, group-88721368E654, 0, (t:0, i:0))
2023-09-07 20:27:40,471 [grpc-default-executor-2] INFO  impl.VoteContext (VoteContext.java:log(49)) - 4c0a5098-e377-4fbc-882f-38eb7693a6cf@group-88721368E654-FOLLOWER: accept PRE_VOTE from 22c736ca-ae96-41a9-953f-e3c60311c10c: our priority 0 <= candidate's priority 1
2023-09-07 20:27:40,471 [grpc-default-executor-2] INFO  server.RaftServer$Division (RaftServerImpl.java:requestVote(1335)) - 4c0a5098-e377-4fbc-882f-38eb7693a6cf@group-88721368E654 replies to PRE_VOTE vote request: 22c736ca-ae96-41a9-953f-e3c60311c10c<-4c0a5098-e377-4fbc-882f-38eb7693a6cf#0:OK-t0. Peer's state: 4c0a5098-e377-4fbc-882f-38eb7693a6cf@group-88721368E654:t0, leader=null, voted=, raftlog=Memoized:4c0a5098-e377-4fbc-882f-38eb7693a6cf@group-88721368E654-SegmentedRaftLog:OPENED:c-1, conf=-1: peers:[22c736ca-ae96-41a9-953f-e3c60311c10c|rpc:10.1.0.11:15023|admin:10.1.0.11:15022|client:10.1.0.11:15021|dataStream:10.1.0.11:15024|priority:1|startupRole:FOLLOWER, d960e1ec-e2de-43a1-b7f8-937811771cc3|rpc:10.1.0.11:15032|admin:10.1.0.11:15031|client:10.1.0.11:15030|dataStream:10.1.0.11:15033|priority:0|startupRole:FOLLOWER, 4c0a5098-e377-4fbc-882f-38eb7693a6cf|rpc:10.1.0.11:15014|admin:10.1.0.11:15013|client:10.1.0.11:15012|dataStream:10.1.0.11:15015|priority:0|startupRole:FOLLOWER]|listeners:[], old=null
2023-09-07 20:27:40,484 [22c736ca-ae96-41a9-953f-e3c60311c10c@group-88721368E654-LeaderElection9] INFO  impl.LeaderElection (LeaderElection.java:logAndReturn(90)) - 22c736ca-ae96-41a9-953f-e3c60311c10c@group-88721368E654-LeaderElection9: PRE_VOTE PASSED received 1 response(s) and 0 exception(s):
2023-09-07 20:27:40,485 [22c736ca-ae96-41a9-953f-e3c60311c10c@group-88721368E654-LeaderElection9] INFO  impl.LeaderElection (LeaderElection.java:logAndReturn(94)) -   Response 0: 22c736ca-ae96-41a9-953f-e3c60311c10c<-4c0a5098-e377-4fbc-882f-38eb7693a6cf#0:OK-t0
2023-09-07 20:27:40,485 [22c736ca-ae96-41a9-953f-e3c60311c10c@group-88721368E654-LeaderElection9] INFO  impl.LeaderElection (LeaderElection.java:askForVotes(323)) - 22c736ca-ae96-41a9-953f-e3c60311c10c@group-88721368E654-LeaderElection9 PRE_VOTE round 0: result PASSED
2023-09-07 20:27:40,488 [grpc-default-executor-2] INFO  server.RaftServer$Division (RaftServerImpl.java:requestVote(1302)) - d960e1ec-e2de-43a1-b7f8-937811771cc3@group-88721368E654: receive requestVote(PRE_VOTE, 22c736ca-ae96-41a9-953f-e3c60311c10c, group-88721368E654, 0, (t:0, i:0))
2023-09-07 20:27:40,488 [22c736ca-ae96-41a9-953f-e3c60311c10c@group-88721368E654-LeaderElection9] INFO  impl.LeaderElection (LeaderElection.java:askForVotes(321)) - 22c736ca-ae96-41a9-953f-e3c60311c10c@group-88721368E654-LeaderElection9 ELECTION round 0: submit vote requests at term 1 for -1: peers:[22c736ca-ae96-41a9-953f-e3c60311c10c|rpc:10.1.0.11:15023|admin:10.1.0.11:15022|client:10.1.0.11:15021|dataStream:10.1.0.11:15024|priority:1|startupRole:FOLLOWER, d960e1ec-e2de-43a1-b7f8-937811771cc3|rpc:10.1.0.11:15032|admin:10.1.0.11:15031|client:10.1.0.11:15030|dataStream:10.1.0.11:15033|priority:0|startupRole:FOLLOWER, 4c0a5098-e377-4fbc-882f-38eb7693a6cf|rpc:10.1.0.11:15014|admin:10.1.0.11:15013|client:10.1.0.11:15012|dataStream:10.1.0.11:15015|priority:0|startupRole:FOLLOWER]|listeners:[], old=null
2023-09-07 20:27:40,489 [grpc-default-executor-2] INFO  impl.VoteContext (VoteContext.java:log(49)) - d960e1ec-e2de-43a1-b7f8-937811771cc3@group-88721368E654-FOLLOWER: accept PRE_VOTE from 22c736ca-ae96-41a9-953f-e3c60311c10c: our priority 0 <= candidate's priority 1
2023-09-07 20:27:40,489 [grpc-default-executor-2] INFO  server.RaftServer$Division (RaftServerImpl.java:requestVote(1335)) - d960e1ec-e2de-43a1-b7f8-937811771cc3@group-88721368E654 replies to PRE_VOTE vote request: 22c736ca-ae96-41a9-953f-e3c60311c10c<-d960e1ec-e2de-43a1-b7f8-937811771cc3#0:OK-t0. Peer's state: d960e1ec-e2de-43a1-b7f8-937811771cc3@group-88721368E654:t0, leader=null, voted=, raftlog=Memoized:d960e1ec-e2de-43a1-b7f8-937811771cc3@group-88721368E654-SegmentedRaftLog:OPENED:c-1, conf=-1: peers:[22c736ca-ae96-41a9-953f-e3c60311c10c|rpc:10.1.0.11:15023|admin:10.1.0.11:15022|client:10.1.0.11:15021|dataStream:10.1.0.11:15024|priority:1|startupRole:FOLLOWER, d960e1ec-e2de-43a1-b7f8-937811771cc3|rpc:10.1.0.11:15032|admin:10.1.0.11:15031|client:10.1.0.11:15030|dataStream:10.1.0.11:15033|priority:0|startupRole:FOLLOWER, 4c0a5098-e377-4fbc-882f-38eb7693a6cf|rpc:10.1.0.11:15014|admin:10.1.0.11:15013|client:10.1.0.11:15012|dataStream:10.1.0.11:15015|priority:0|startupRole:FOLLOWER]|listeners:[], old=null
2023-09-07 20:27:40,492 [22c736ca-ae96-41a9-953f-e3c60311c10c@group-88721368E654-LeaderElection9] INFO  server.RaftServerConfigKeys (ConfUtils.java:logFallback(53)) - raft.server.rpc.first-election.timeout.min = 5s (fallback to raft.server.rpc.timeout.min)
2023-09-07 20:27:40,492 [22c736ca-ae96-41a9-953f-e3c60311c10c@group-88721368E654-LeaderElection9] INFO  server.RaftServerConfigKeys (ConfUtils.java:logFallback(53)) - raft.server.rpc.first-election.timeout.max = 5200ms (fallback to raft.server.rpc.timeout.max)
2023-09-07 20:27:40,498 [grpc-default-executor-1] INFO  server.RaftServer$Division (RaftServerImpl.java:requestVote(1302)) - d960e1ec-e2de-43a1-b7f8-937811771cc3@group-88721368E654: receive requestVote(ELECTION, 22c736ca-ae96-41a9-953f-e3c60311c10c, group-88721368E654, 1, (t:0, i:0))
2023-09-07 20:27:40,498 [grpc-default-executor-2] INFO  server.RaftServer$Division (RaftServerImpl.java:requestVote(1302)) - 4c0a5098-e377-4fbc-882f-38eb7693a6cf@group-88721368E654: receive requestVote(ELECTION, 22c736ca-ae96-41a9-953f-e3c60311c10c, group-88721368E654, 1, (t:0, i:0))
2023-09-07 20:27:40,499 [grpc-default-executor-1] INFO  impl.VoteContext (VoteContext.java:log(49)) - d960e1ec-e2de-43a1-b7f8-937811771cc3@group-88721368E654-FOLLOWER: accept ELECTION from 22c736ca-ae96-41a9-953f-e3c60311c10c: our priority 0 <= candidate's priority 1
2023-09-07 20:27:40,499 [grpc-default-executor-2] INFO  impl.VoteContext (VoteContext.java:log(49)) - 4c0a5098-e377-4fbc-882f-38eb7693a6cf@group-88721368E654-FOLLOWER: accept ELECTION from 22c736ca-ae96-41a9-953f-e3c60311c10c: our priority 0 <= candidate's priority 1
2023-09-07 20:27:40,499 [grpc-default-executor-2] INFO  server.RaftServer$Division (RaftServerImpl.java:setRole(329)) - 4c0a5098-e377-4fbc-882f-38eb7693a6cf@group-88721368E654: changes role from  FOLLOWER to FOLLOWER at term 1 for candidate:22c736ca-ae96-41a9-953f-e3c60311c10c
2023-09-07 20:27:40,499 [grpc-default-executor-1] INFO  server.RaftServer$Division (RaftServerImpl.java:setRole(329)) - d960e1ec-e2de-43a1-b7f8-937811771cc3@group-88721368E654: changes role from  FOLLOWER to FOLLOWER at term 1 for candidate:22c736ca-ae96-41a9-953f-e3c60311c10c
2023-09-07 20:27:40,499 [grpc-default-executor-2] INFO  impl.RoleInfo (RoleInfo.java:shutdownFollowerState(110)) - 4c0a5098-e377-4fbc-882f-38eb7693a6cf: shutdown 4c0a5098-e377-4fbc-882f-38eb7693a6cf@group-88721368E654-FollowerState
2023-09-07 20:27:40,499 [grpc-default-executor-1] INFO  impl.RoleInfo (RoleInfo.java:shutdownFollowerState(110)) - d960e1ec-e2de-43a1-b7f8-937811771cc3: shutdown d960e1ec-e2de-43a1-b7f8-937811771cc3@group-88721368E654-FollowerState
2023-09-07 20:27:40,499 [grpc-default-executor-2] INFO  impl.RoleInfo (RoleInfo.java:updateAndGet(139)) - 4c0a5098-e377-4fbc-882f-38eb7693a6cf: start 4c0a5098-e377-4fbc-882f-38eb7693a6cf@group-88721368E654-FollowerState
2023-09-07 20:27:40,499 [grpc-default-executor-1] INFO  impl.RoleInfo (RoleInfo.java:updateAndGet(139)) - d960e1ec-e2de-43a1-b7f8-937811771cc3: start d960e1ec-e2de-43a1-b7f8-937811771cc3@group-88721368E654-FollowerState
2023-09-07 20:27:40,499 [4c0a5098-e377-4fbc-882f-38eb7693a6cf@group-88721368E654-FollowerState] INFO  impl.FollowerState (FollowerState.java:run(152)) - 4c0a5098-e377-4fbc-882f-38eb7693a6cf@group-88721368E654-FollowerState was interrupted
2023-09-07 20:27:40,499 [d960e1ec-e2de-43a1-b7f8-937811771cc3@group-88721368E654-FollowerState] INFO  impl.FollowerState (FollowerState.java:run(152)) - d960e1ec-e2de-43a1-b7f8-937811771cc3@group-88721368E654-FollowerState was interrupted
2023-09-07 20:27:40,509 [grpc-default-executor-1] INFO  server.RaftServer$Division (RaftServerImpl.java:requestVote(1335)) - d960e1ec-e2de-43a1-b7f8-937811771cc3@group-88721368E654 replies to ELECTION vote request: 22c736ca-ae96-41a9-953f-e3c60311c10c<-d960e1ec-e2de-43a1-b7f8-937811771cc3#0:OK-t1. Peer's state: d960e1ec-e2de-43a1-b7f8-937811771cc3@group-88721368E654:t1, leader=null, voted=22c736ca-ae96-41a9-953f-e3c60311c10c, raftlog=Memoized:d960e1ec-e2de-43a1-b7f8-937811771cc3@group-88721368E654-SegmentedRaftLog:OPENED:c-1, conf=-1: peers:[22c736ca-ae96-41a9-953f-e3c60311c10c|rpc:10.1.0.11:15023|admin:10.1.0.11:15022|client:10.1.0.11:15021|dataStream:10.1.0.11:15024|priority:1|startupRole:FOLLOWER, d960e1ec-e2de-43a1-b7f8-937811771cc3|rpc:10.1.0.11:15032|admin:10.1.0.11:15031|client:10.1.0.11:15030|dataStream:10.1.0.11:15033|priority:0|startupRole:FOLLOWER, 4c0a5098-e377-4fbc-882f-38eb7693a6cf|rpc:10.1.0.11:15014|admin:10.1.0.11:15013|client:10.1.0.11:15012|dataStream:10.1.0.11:15015|priority:0|startupRole:FOLLOWER]|listeners:[], old=null
2023-09-07 20:27:40,512 [grpc-default-executor-2] INFO  server.RaftServer$Division (RaftServerImpl.java:requestVote(1335)) - 4c0a5098-e377-4fbc-882f-38eb7693a6cf@group-88721368E654 replies to ELECTION vote request: 22c736ca-ae96-41a9-953f-e3c60311c10c<-4c0a5098-e377-4fbc-882f-38eb7693a6cf#0:OK-t1. Peer's state: 4c0a5098-e377-4fbc-882f-38eb7693a6cf@group-88721368E654:t1, leader=null, voted=22c736ca-ae96-41a9-953f-e3c60311c10c, raftlog=Memoized:4c0a5098-e377-4fbc-882f-38eb7693a6cf@group-88721368E654-SegmentedRaftLog:OPENED:c-1, conf=-1: peers:[22c736ca-ae96-41a9-953f-e3c60311c10c|rpc:10.1.0.11:15023|admin:10.1.0.11:15022|client:10.1.0.11:15021|dataStream:10.1.0.11:15024|priority:1|startupRole:FOLLOWER, d960e1ec-e2de-43a1-b7f8-937811771cc3|rpc:10.1.0.11:15032|admin:10.1.0.11:15031|client:10.1.0.11:15030|dataStream:10.1.0.11:15033|priority:0|startupRole:FOLLOWER, 4c0a5098-e377-4fbc-882f-38eb7693a6cf|rpc:10.1.0.11:15014|admin:10.1.0.11:15013|client:10.1.0.11:15012|dataStream:10.1.0.11:15015|priority:0|startupRole:FOLLOWER]|listeners:[], old=null
2023-09-07 20:27:40,514 [22c736ca-ae96-41a9-953f-e3c60311c10c@group-88721368E654-LeaderElection9] INFO  impl.LeaderElection (LeaderElection.java:logAndReturn(90)) - 22c736ca-ae96-41a9-953f-e3c60311c10c@group-88721368E654-LeaderElection9: ELECTION PASSED received 1 response(s) and 0 exception(s):
2023-09-07 20:27:40,514 [22c736ca-ae96-41a9-953f-e3c60311c10c@group-88721368E654-LeaderElection9] INFO  impl.LeaderElection (LeaderElection.java:logAndReturn(94)) -   Response 0: 22c736ca-ae96-41a9-953f-e3c60311c10c<-d960e1ec-e2de-43a1-b7f8-937811771cc3#0:OK-t1
2023-09-07 20:27:40,514 [22c736ca-ae96-41a9-953f-e3c60311c10c@group-88721368E654-LeaderElection9] INFO  impl.LeaderElection (LeaderElection.java:askForVotes(323)) - 22c736ca-ae96-41a9-953f-e3c60311c10c@group-88721368E654-LeaderElection9 ELECTION round 0: result PASSED
2023-09-07 20:27:40,515 [22c736ca-ae96-41a9-953f-e3c60311c10c@group-88721368E654-LeaderElection9] INFO  impl.RoleInfo (RoleInfo.java:shutdownLeaderElection(130)) - 22c736ca-ae96-41a9-953f-e3c60311c10c: shutdown 22c736ca-ae96-41a9-953f-e3c60311c10c@group-88721368E654-LeaderElection9
2023-09-07 20:27:40,515 [22c736ca-ae96-41a9-953f-e3c60311c10c@group-88721368E654-LeaderElection9] INFO  server.RaftServer$Division (RaftServerImpl.java:setRole(329)) - 22c736ca-ae96-41a9-953f-e3c60311c10c@group-88721368E654: changes role from CANDIDATE to LEADER at term 1 for changeToLeader
2023-09-07 20:27:40,515 [22c736ca-ae96-41a9-953f-e3c60311c10c@group-88721368E654-LeaderElection9] INFO  ratis.XceiverServerRatis (XceiverServerRatis.java:handleLeaderChangedNotification(902)) - Leader change notification received for group: group-88721368E654 with new leaderId: 22c736ca-ae96-41a9-953f-e3c60311c10c
2023-09-07 20:27:40,515 [22c736ca-ae96-41a9-953f-e3c60311c10c@group-88721368E654-LeaderElection9] INFO  server.RaftServer$Division (ServerState.java:setLeader(317)) - 22c736ca-ae96-41a9-953f-e3c60311c10c@group-88721368E654: change Leader from null to 22c736ca-ae96-41a9-953f-e3c60311c10c at term 1 for becomeLeader, leader elected after 10495ms
2023-09-07 20:27:40,515 [22c736ca-ae96-41a9-953f-e3c60311c10c@group-88721368E654-LeaderElection9] INFO  server.RaftServerConfigKeys (ConfUtils.java:logGet(46)) - raft.server.staging.catchup.gap = 1000 (default)
2023-09-07 20:27:40,515 [22c736ca-ae96-41a9-953f-e3c60311c10c@group-88721368E654-LeaderElection9] INFO  server.RaftServerConfigKeys (ConfUtils.java:logGet(46)) - raft.server.write.element-limit = 1024 (custom)
2023-09-07 20:27:40,516 [22c736ca-ae96-41a9-953f-e3c60311c10c@group-88721368E654-LeaderElection9] INFO  server.RaftServerConfigKeys (ConfUtils.java:logGet(46)) - raft.server.write.byte-limit = 1024 M (=1073741824) (custom)
2023-09-07 20:27:40,516 [22c736ca-ae96-41a9-953f-e3c60311c10c@group-88721368E654-LeaderElection9] INFO  server.RaftServerConfigKeys (ConfUtils.java:logGet(46)) - raft.server.watch.timeout = 180s (custom)
2023-09-07 20:27:40,516 [22c736ca-ae96-41a9-953f-e3c60311c10c@group-88721368E654-LeaderElection9] INFO  server.RaftServerConfigKeys (ConfUtils.java:logGet(46)) - raft.server.watch.timeout.denomination = 1s (default)
2023-09-07 20:27:40,516 [22c736ca-ae96-41a9-953f-e3c60311c10c@group-88721368E654-LeaderElection9] INFO  server.RaftServerConfigKeys (ConfUtils.java:logGet(46)) - raft.server.watch.element-limit = 65536 (default)
2023-09-07 20:27:40,516 [22c736ca-ae96-41a9-953f-e3c60311c10c@group-88721368E654-LeaderElection9] INFO  server.RaftServerConfigKeys (ConfUtils.java:logGet(46)) - raft.server.write.element-limit = 1024 (custom)
2023-09-07 20:27:40,516 [22c736ca-ae96-41a9-953f-e3c60311c10c@group-88721368E654-LeaderElection9] INFO  server.RaftServerConfigKeys (ConfUtils.java:logGet(46)) - raft.server.write.follower.gap.ratio.max = -1.0 (default)
2023-09-07 20:27:40,517 [22c736ca-ae96-41a9-953f-e3c60311c10c@group-88721368E654-LeaderElection9] INFO  server.RaftServerConfigKeys (ConfUtils.java:logGet(46)) - raft.server.log.appender.snapshot.chunk.size.max = 16MB (=16777216) (default)
2023-09-07 20:27:40,517 [22c736ca-ae96-41a9-953f-e3c60311c10c@group-88721368E654-LeaderElection9] INFO  server.RaftServerConfigKeys (ConfUtils.java:logGet(46)) - raft.server.log.appender.buffer.byte-limit = 33554432 (custom)
2023-09-07 20:27:40,517 [22c736ca-ae96-41a9-953f-e3c60311c10c@group-88721368E654-LeaderElection9] INFO  server.RaftServerConfigKeys (ConfUtils.java:logGet(46)) - raft.server.log.appender.buffer.element-limit = 1 (custom)
2023-09-07 20:27:40,517 [22c736ca-ae96-41a9-953f-e3c60311c10c@group-88721368E654-LeaderElection9] INFO  server.RaftServerConfigKeys (ConfUtils.java:logGet(46)) - raft.server.log.appender.wait-time.min = 10ms (default)
2023-09-07 20:27:40,517 [22c736ca-ae96-41a9-953f-e3c60311c10c@group-88721368E654-LeaderElection9] INFO  grpc.GrpcConfigKeys (ConfUtils.java:logGet(46)) - raft.grpc.server.leader.outstanding.appends.max = 128 (default)
2023-09-07 20:27:40,528 [22c736ca-ae96-41a9-953f-e3c60311c10c@group-88721368E654-LeaderElection9] INFO  server.RaftServerConfigKeys (ConfUtils.java:logGet(46)) - raft.server.rpc.request.timeout = 60s (custom)
2023-09-07 20:27:40,528 [22c736ca-ae96-41a9-953f-e3c60311c10c@group-88721368E654-LeaderElection9] INFO  grpc.GrpcConfigKeys (ConfUtils.java:logGet(46)) - raft.grpc.server.install_snapshot.request.element-limit = 8 (default)
2023-09-07 20:27:40,528 [22c736ca-ae96-41a9-953f-e3c60311c10c@group-88721368E654-LeaderElection9] INFO  grpc.GrpcConfigKeys (ConfUtils.java:logGet(46)) - raft.grpc.server.install_snapshot.request.timeout = 3000ms (default)
2023-09-07 20:27:40,528 [22c736ca-ae96-41a9-953f-e3c60311c10c@group-88721368E654-LeaderElection9] INFO  server.RaftServerConfigKeys (ConfUtils.java:logGet(46)) - raft.server.log.appender.install.snapshot.enabled = false (custom)
2023-09-07 20:27:40,528 [22c736ca-ae96-41a9-953f-e3c60311c10c@group-88721368E654-LeaderElection9] INFO  grpc.GrpcConfigKeys (ConfUtils.java:logGet(46)) - raft.grpc.server.heartbeat.channel = true (default)
2023-09-07 20:27:40,530 [EventQueue-PipelineReportForPipelineReportHandler] INFO  pipeline.PipelineReportHandler (PipelineReportHandler.java:processPipelineReport(136)) - Opened pipeline PipelineID=629ce196-bdb8-4d17-9b5f-88721368e654
2023-09-07 20:27:40,531 [22c736ca-ae96-41a9-953f-e3c60311c10c@group-88721368E654-LeaderElection9] INFO  server.RaftServerConfigKeys (ConfUtils.java:logGet(46)) - raft.server.log.appender.snapshot.chunk.size.max = 16MB (=16777216) (default)
2023-09-07 20:27:40,531 [22c736ca-ae96-41a9-953f-e3c60311c10c@group-88721368E654-LeaderElection9] INFO  server.RaftServerConfigKeys (ConfUtils.java:logGet(46)) - raft.server.log.appender.buffer.byte-limit = 33554432 (custom)
2023-09-07 20:27:40,532 [22c736ca-ae96-41a9-953f-e3c60311c10c@group-88721368E654-LeaderElection9] INFO  server.RaftServerConfigKeys (ConfUtils.java:logGet(46)) - raft.server.log.appender.buffer.element-limit = 1 (custom)
2023-09-07 20:27:40,532 [22c736ca-ae96-41a9-953f-e3c60311c10c@group-88721368E654-LeaderElection9] INFO  server.RaftServerConfigKeys (ConfUtils.java:logGet(46)) - raft.server.log.appender.wait-time.min = 10ms (default)
2023-09-07 20:27:40,532 [22c736ca-ae96-41a9-953f-e3c60311c10c@group-88721368E654-LeaderElection9] INFO  grpc.GrpcConfigKeys (ConfUtils.java:logGet(46)) - raft.grpc.server.leader.outstanding.appends.max = 128 (default)
2023-09-07 20:27:40,532 [22c736ca-ae96-41a9-953f-e3c60311c10c@group-88721368E654-LeaderElection9] INFO  server.RaftServerConfigKeys (ConfUtils.java:logGet(46)) - raft.server.rpc.request.timeout = 60s (custom)
2023-09-07 20:27:40,532 [22c736ca-ae96-41a9-953f-e3c60311c10c@group-88721368E654-LeaderElection9] INFO  grpc.GrpcConfigKeys (ConfUtils.java:logGet(46)) - raft.grpc.server.install_snapshot.request.element-limit = 8 (default)
2023-09-07 20:27:40,532 [22c736ca-ae96-41a9-953f-e3c60311c10c@group-88721368E654-LeaderElection9] INFO  grpc.GrpcConfigKeys (ConfUtils.java:logGet(46)) - raft.grpc.server.install_snapshot.request.timeout = 3000ms (default)
2023-09-07 20:27:40,532 [22c736ca-ae96-41a9-953f-e3c60311c10c@group-88721368E654-LeaderElection9] INFO  server.RaftServerConfigKeys (ConfUtils.java:logGet(46)) - raft.server.log.appender.install.snapshot.enabled = false (custom)
2023-09-07 20:27:40,532 [22c736ca-ae96-41a9-953f-e3c60311c10c@group-88721368E654-LeaderElection9] INFO  grpc.GrpcConfigKeys (ConfUtils.java:logGet(46)) - raft.grpc.server.heartbeat.channel = true (default)
2023-09-07 20:27:40,532 [22c736ca-ae96-41a9-953f-e3c60311c10c@group-88721368E654-LeaderElection9] INFO  impl.RoleInfo (RoleInfo.java:updateAndGet(139)) - 22c736ca-ae96-41a9-953f-e3c60311c10c: start 22c736ca-ae96-41a9-953f-e3c60311c10c@group-88721368E654-LeaderStateImpl
2023-09-07 20:27:40,533 [22c736ca-ae96-41a9-953f-e3c60311c10c@group-88721368E654-LeaderElection9] INFO  segmented.SegmentedRaftLogWorker (SegmentedRaftLogWorker.java:startLogSegment(447)) - 22c736ca-ae96-41a9-953f-e3c60311c10c@group-88721368E654-SegmentedRaftLogWorker: Starting segment from index:0
2023-09-07 20:27:40,535 [22c736ca-ae96-41a9-953f-e3c60311c10c@group-88721368E654-SegmentedRaftLogWorker] INFO  segmented.SegmentedRaftLogWorker (SegmentedRaftLogWorker.java:execute(651)) - 22c736ca-ae96-41a9-953f-e3c60311c10c@group-88721368E654-SegmentedRaftLogWorker: created new log segment /home/runner/work/ozone/ozone/hadoop-ozone/integration-test/target/test-dir/MiniOzoneClusterImpl-4ce661d8-ac2f-48de-9281-714c9e7643bd/datanode-1/data/ratis/629ce196-bdb8-4d17-9b5f-88721368e654/current/log_inprogress_0
2023-09-07 20:27:40,545 [22c736ca-ae96-41a9-953f-e3c60311c10c@group-88721368E654-LeaderElection9] INFO  server.RaftServer$Division (ServerState.java:setRaftConf(434)) - 22c736ca-ae96-41a9-953f-e3c60311c10c@group-88721368E654: set configuration 0: peers:[22c736ca-ae96-41a9-953f-e3c60311c10c|rpc:10.1.0.11:15023|admin:10.1.0.11:15022|client:10.1.0.11:15021|dataStream:10.1.0.11:15024|priority:1|startupRole:FOLLOWER, d960e1ec-e2de-43a1-b7f8-937811771cc3|rpc:10.1.0.11:15032|admin:10.1.0.11:15031|client:10.1.0.11:15030|dataStream:10.1.0.11:15033|priority:0|startupRole:FOLLOWER, 4c0a5098-e377-4fbc-882f-38eb7693a6cf|rpc:10.1.0.11:15014|admin:10.1.0.11:15013|client:10.1.0.11:15012|dataStream:10.1.0.11:15015|priority:0|startupRole:FOLLOWER]|listeners:[], old=null
2023-09-07 20:27:40,569 [4c0a5098-e377-4fbc-882f-38eb7693a6cf-server-thread1] INFO  ratis.XceiverServerRatis (XceiverServerRatis.java:handleLeaderChangedNotification(902)) - Leader change notification received for group: group-88721368E654 with new leaderId: 22c736ca-ae96-41a9-953f-e3c60311c10c
2023-09-07 20:27:40,569 [4c0a5098-e377-4fbc-882f-38eb7693a6cf-server-thread1] INFO  server.RaftServer$Division (ServerState.java:setLeader(317)) - 4c0a5098-e377-4fbc-882f-38eb7693a6cf@group-88721368E654: change Leader from null to 22c736ca-ae96-41a9-953f-e3c60311c10c at term 1 for appendEntries, leader elected after 10395ms
2023-09-07 20:27:40,572 [d960e1ec-e2de-43a1-b7f8-937811771cc3-server-thread2] INFO  ratis.XceiverServerRatis (XceiverServerRatis.java:handleLeaderChangedNotification(902)) - Leader change notification received for group: group-88721368E654 with new leaderId: 22c736ca-ae96-41a9-953f-e3c60311c10c
2023-09-07 20:27:40,572 [d960e1ec-e2de-43a1-b7f8-937811771cc3-server-thread2] INFO  server.RaftServer$Division (ServerState.java:setLeader(317)) - d960e1ec-e2de-43a1-b7f8-937811771cc3@group-88721368E654: change Leader from null to 22c736ca-ae96-41a9-953f-e3c60311c10c at term 1 for appendEntries, leader elected after 10543ms
2023-09-07 20:27:40,577 [4c0a5098-e377-4fbc-882f-38eb7693a6cf-server-thread1] INFO  server.RaftServer$Division (ServerState.java:setRaftConf(434)) - 4c0a5098-e377-4fbc-882f-38eb7693a6cf@group-88721368E654: set configuration 0: peers:[22c736ca-ae96-41a9-953f-e3c60311c10c|rpc:10.1.0.11:15023|admin:10.1.0.11:15022|client:10.1.0.11:15021|dataStream:10.1.0.11:15024|priority:1|startupRole:FOLLOWER, d960e1ec-e2de-43a1-b7f8-937811771cc3|rpc:10.1.0.11:15032|admin:10.1.0.11:15031|client:10.1.0.11:15030|dataStream:10.1.0.11:15033|priority:0|startupRole:FOLLOWER, 4c0a5098-e377-4fbc-882f-38eb7693a6cf|rpc:10.1.0.11:15014|admin:10.1.0.11:15013|client:10.1.0.11:15012|dataStream:10.1.0.11:15015|priority:0|startupRole:FOLLOWER]|listeners:[], old=null
2023-09-07 20:27:40,578 [4c0a5098-e377-4fbc-882f-38eb7693a6cf-server-thread1] INFO  segmented.SegmentedRaftLogWorker (SegmentedRaftLogWorker.java:startLogSegment(447)) - 4c0a5098-e377-4fbc-882f-38eb7693a6cf@group-88721368E654-SegmentedRaftLogWorker: Starting segment from index:0
2023-09-07 20:27:40,579 [d960e1ec-e2de-43a1-b7f8-937811771cc3-server-thread2] INFO  server.RaftServer$Division (ServerState.java:setRaftConf(434)) - d960e1ec-e2de-43a1-b7f8-937811771cc3@group-88721368E654: set configuration 0: peers:[22c736ca-ae96-41a9-953f-e3c60311c10c|rpc:10.1.0.11:15023|admin:10.1.0.11:15022|client:10.1.0.11:15021|dataStream:10.1.0.11:15024|priority:1|startupRole:FOLLOWER, d960e1ec-e2de-43a1-b7f8-937811771cc3|rpc:10.1.0.11:15032|admin:10.1.0.11:15031|client:10.1.0.11:15030|dataStream:10.1.0.11:15033|priority:0|startupRole:FOLLOWER, 4c0a5098-e377-4fbc-882f-38eb7693a6cf|rpc:10.1.0.11:15014|admin:10.1.0.11:15013|client:10.1.0.11:15012|dataStream:10.1.0.11:15015|priority:0|startupRole:FOLLOWER]|listeners:[], old=null
2023-09-07 20:27:40,579 [d960e1ec-e2de-43a1-b7f8-937811771cc3-server-thread2] INFO  segmented.SegmentedRaftLogWorker (SegmentedRaftLogWorker.java:startLogSegment(447)) - d960e1ec-e2de-43a1-b7f8-937811771cc3@group-88721368E654-SegmentedRaftLogWorker: Starting segment from index:0
2023-09-07 20:27:40,595 [4c0a5098-e377-4fbc-882f-38eb7693a6cf@group-88721368E654-SegmentedRaftLogWorker] INFO  segmented.SegmentedRaftLogWorker (SegmentedRaftLogWorker.java:execute(651)) - 4c0a5098-e377-4fbc-882f-38eb7693a6cf@group-88721368E654-SegmentedRaftLogWorker: created new log segment /home/runner/work/ozone/ozone/hadoop-ozone/integration-test/target/test-dir/MiniOzoneClusterImpl-4ce661d8-ac2f-48de-9281-714c9e7643bd/datanode-0/data/ratis/629ce196-bdb8-4d17-9b5f-88721368e654/current/log_inprogress_0
2023-09-07 20:27:40,596 [d960e1ec-e2de-43a1-b7f8-937811771cc3@group-88721368E654-SegmentedRaftLogWorker] INFO  segmented.SegmentedRaftLogWorker (SegmentedRaftLogWorker.java:execute(651)) - d960e1ec-e2de-43a1-b7f8-937811771cc3@group-88721368E654-SegmentedRaftLogWorker: created new log segment /home/runner/work/ozone/ozone/hadoop-ozone/integration-test/target/test-dir/MiniOzoneClusterImpl-4ce661d8-ac2f-48de-9281-714c9e7643bd/datanode-2/data/ratis/629ce196-bdb8-4d17-9b5f-88721368e654/current/log_inprogress_0
2023-09-07 20:27:40,622 [d960e1ec-e2de-43a1-b7f8-937811771cc3@group-9412DF98349B-FollowerState] INFO  impl.FollowerState (FollowerState.java:run(143)) - d960e1ec-e2de-43a1-b7f8-937811771cc3@group-9412DF98349B-FollowerState: change to CANDIDATE, lastRpcElapsedTime:10661108956ns, electionTimeout:5198ms
2023-09-07 20:27:40,622 [d960e1ec-e2de-43a1-b7f8-937811771cc3@group-9412DF98349B-FollowerState] INFO  impl.RoleInfo (RoleInfo.java:shutdownFollowerState(110)) - d960e1ec-e2de-43a1-b7f8-937811771cc3: shutdown d960e1ec-e2de-43a1-b7f8-937811771cc3@group-9412DF98349B-FollowerState
2023-09-07 20:27:40,623 [d960e1ec-e2de-43a1-b7f8-937811771cc3@group-9412DF98349B-FollowerState] INFO  server.RaftServer$Division (RaftServerImpl.java:setRole(329)) - d960e1ec-e2de-43a1-b7f8-937811771cc3@group-9412DF98349B: changes role from  FOLLOWER to CANDIDATE at term 0 for changeToCandidate
2023-09-07 20:27:40,623 [d960e1ec-e2de-43a1-b7f8-937811771cc3@group-9412DF98349B-FollowerState] INFO  server.RaftServerConfigKeys (ConfUtils.java:logGet(46)) - raft.server.leaderelection.pre-vote = true (default)
2023-09-07 20:27:40,623 [d960e1ec-e2de-43a1-b7f8-937811771cc3@group-9412DF98349B-FollowerState] INFO  impl.RoleInfo (RoleInfo.java:updateAndGet(139)) - d960e1ec-e2de-43a1-b7f8-937811771cc3: start d960e1ec-e2de-43a1-b7f8-937811771cc3@group-9412DF98349B-LeaderElection10
2023-09-07 20:27:40,625 [d960e1ec-e2de-43a1-b7f8-937811771cc3@group-9412DF98349B-LeaderElection10] INFO  impl.LeaderElection (LeaderElection.java:askForVotes(321)) - d960e1ec-e2de-43a1-b7f8-937811771cc3@group-9412DF98349B-LeaderElection10 PRE_VOTE round 0: submit vote requests at term 0 for -1: peers:[d960e1ec-e2de-43a1-b7f8-937811771cc3|rpc:10.1.0.11:15032|admin:10.1.0.11:15031|client:10.1.0.11:15030|dataStream:10.1.0.11:15033|priority:1|startupRole:FOLLOWER]|listeners:[], old=null
2023-09-07 20:27:40,626 [d960e1ec-e2de-43a1-b7f8-937811771cc3@group-9412DF98349B-LeaderElection10] INFO  impl.LeaderElection (LeaderElection.java:askForVotes(323)) - d960e1ec-e2de-43a1-b7f8-937811771cc3@group-9412DF98349B-LeaderElection10 PRE_VOTE round 0: result PASSED (term=0)
2023-09-07 20:27:40,629 [d960e1ec-e2de-43a1-b7f8-937811771cc3@group-9412DF98349B-LeaderElection10] INFO  impl.LeaderElection (LeaderElection.java:askForVotes(321)) - d960e1ec-e2de-43a1-b7f8-937811771cc3@group-9412DF98349B-LeaderElection10 ELECTION round 0: submit vote requests at term 1 for -1: peers:[d960e1ec-e2de-43a1-b7f8-937811771cc3|rpc:10.1.0.11:15032|admin:10.1.0.11:15031|client:10.1.0.11:15030|dataStream:10.1.0.11:15033|priority:1|startupRole:FOLLOWER]|listeners:[], old=null
2023-09-07 20:27:40,629 [d960e1ec-e2de-43a1-b7f8-937811771cc3@group-9412DF98349B-LeaderElection10] INFO  impl.LeaderElection (LeaderElection.java:askForVotes(323)) - d960e1ec-e2de-43a1-b7f8-937811771cc3@group-9412DF98349B-LeaderElection10 ELECTION round 0: result PASSED (term=1)
2023-09-07 20:27:40,630 [d960e1ec-e2de-43a1-b7f8-937811771cc3@group-9412DF98349B-LeaderElection10] INFO  impl.RoleInfo (RoleInfo.java:shutdownLeaderElection(130)) - d960e1ec-e2de-43a1-b7f8-937811771cc3: shutdown d960e1ec-e2de-43a1-b7f8-937811771cc3@group-9412DF98349B-LeaderElection10
2023-09-07 20:27:40,630 [d960e1ec-e2de-43a1-b7f8-937811771cc3@group-9412DF98349B-LeaderElection10] INFO  server.RaftServer$Division (RaftServerImpl.java:setRole(329)) - d960e1ec-e2de-43a1-b7f8-937811771cc3@group-9412DF98349B: changes role from CANDIDATE to LEADER at term 1 for changeToLeader
2023-09-07 20:27:40,630 [d960e1ec-e2de-43a1-b7f8-937811771cc3@group-9412DF98349B-LeaderElection10] INFO  ratis.XceiverServerRatis (XceiverServerRatis.java:handleLeaderChangedNotification(902)) - Leader change notification received for group: group-9412DF98349B with new leaderId: d960e1ec-e2de-43a1-b7f8-937811771cc3
2023-09-07 20:27:40,632 [d960e1ec-e2de-43a1-b7f8-937811771cc3@group-9412DF98349B-LeaderElection10] INFO  server.RaftServer$Division (ServerState.java:setLeader(317)) - d960e1ec-e2de-43a1-b7f8-937811771cc3@group-9412DF98349B: change Leader from null to d960e1ec-e2de-43a1-b7f8-937811771cc3 at term 1 for becomeLeader, leader elected after 11040ms
2023-09-07 20:27:40,632 [d960e1ec-e2de-43a1-b7f8-937811771cc3@group-9412DF98349B-LeaderElection10] INFO  server.RaftServerConfigKeys (ConfUtils.java:logGet(46)) - raft.server.staging.catchup.gap = 1000 (default)
2023-09-07 20:27:40,632 [d960e1ec-e2de-43a1-b7f8-937811771cc3@group-9412DF98349B-LeaderElection10] INFO  server.RaftServerConfigKeys (ConfUtils.java:logGet(46)) - raft.server.write.element-limit = 1024 (custom)
2023-09-07 20:27:40,632 [d960e1ec-e2de-43a1-b7f8-937811771cc3@group-9412DF98349B-LeaderElection10] INFO  server.RaftServerConfigKeys (ConfUtils.java:logGet(46)) - raft.server.write.byte-limit = 1024 M (=1073741824) (custom)
2023-09-07 20:27:40,633 [d960e1ec-e2de-43a1-b7f8-937811771cc3@group-9412DF98349B-LeaderElection10] INFO  server.RaftServerConfigKeys (ConfUtils.java:logGet(46)) - raft.server.watch.timeout = 180s (custom)
2023-09-07 20:27:40,633 [d960e1ec-e2de-43a1-b7f8-937811771cc3@group-9412DF98349B-LeaderElection10] INFO  server.RaftServerConfigKeys (ConfUtils.java:logGet(46)) - raft.server.watch.timeout.denomination = 1s (default)
2023-09-07 20:27:40,634 [d960e1ec-e2de-43a1-b7f8-937811771cc3@group-9412DF98349B-LeaderElection10] INFO  server.RaftServerConfigKeys (ConfUtils.java:logGet(46)) - raft.server.watch.element-limit = 65536 (default)
2023-09-07 20:27:40,634 [d960e1ec-e2de-43a1-b7f8-937811771cc3@group-9412DF98349B-LeaderElection10] INFO  server.RaftServerConfigKeys (ConfUtils.java:logGet(46)) - raft.server.write.element-limit = 1024 (custom)
2023-09-07 20:27:40,634 [d960e1ec-e2de-43a1-b7f8-937811771cc3@group-9412DF98349B-LeaderElection10] INFO  server.RaftServerConfigKeys (ConfUtils.java:logGet(46)) - raft.server.write.follower.gap.ratio.max = -1.0 (default)
2023-09-07 20:27:40,634 [d960e1ec-e2de-43a1-b7f8-937811771cc3@group-9412DF98349B-LeaderElection10] INFO  impl.RoleInfo (RoleInfo.java:updateAndGet(139)) - d960e1ec-e2de-43a1-b7f8-937811771cc3: start d960e1ec-e2de-43a1-b7f8-937811771cc3@group-9412DF98349B-LeaderStateImpl
2023-09-07 20:27:40,634 [d960e1ec-e2de-43a1-b7f8-937811771cc3@group-9412DF98349B-LeaderElection10] INFO  segmented.SegmentedRaftLogWorker (SegmentedRaftLogWorker.java:startLogSegment(447)) - d960e1ec-e2de-43a1-b7f8-937811771cc3@group-9412DF98349B-SegmentedRaftLogWorker: Starting segment from index:0
2023-09-07 20:27:40,640 [d960e1ec-e2de-43a1-b7f8-937811771cc3@group-9412DF98349B-LeaderElection10] INFO  server.RaftServer$Division (ServerState.java:setRaftConf(434)) - d960e1ec-e2de-43a1-b7f8-937811771cc3@group-9412DF98349B: set configuration 0: peers:[d960e1ec-e2de-43a1-b7f8-937811771cc3|rpc:10.1.0.11:15032|admin:10.1.0.11:15031|client:10.1.0.11:15030|dataStream:10.1.0.11:15033|priority:1|startupRole:FOLLOWER]|listeners:[], old=null
2023-09-07 20:27:40,642 [d960e1ec-e2de-43a1-b7f8-937811771cc3@group-9412DF98349B-SegmentedRaftLogWorker] INFO  segmented.SegmentedRaftLogWorker (SegmentedRaftLogWorker.java:execute(651)) - d960e1ec-e2de-43a1-b7f8-937811771cc3@group-9412DF98349B-SegmentedRaftLogWorker: created new log segment /home/runner/work/ozone/ozone/hadoop-ozone/integration-test/target/test-dir/MiniOzoneClusterImpl-4ce661d8-ac2f-48de-9281-714c9e7643bd/datanode-2/data/ratis/f6cf3f63-126f-4108-a2d1-9412df98349b/current/log_inprogress_0
]]></system-out>
  </testcase>
  <testcase name="testTrash" classname="TestOzoneFileSystem" time="4.573">
    <system-out><![CDATA[20:29:35.993 [IPC Server handler 17 on default port 15057] ERROR OMAudit - user=runner | ip=127.0.0.1 | op=GET_FILE_STATUS {volume=volume62736, bucket=bucket10134, key=.Trash/runner, dataSize=0, replicationConfig=null} | ret=FAILURE
org.apache.hadoop.ozone.om.exceptions.OMException: Unable to get file status: volume: volume62736 bucket: bucket10134 key: .Trash/runner
	at org.apache.hadoop.ozone.om.KeyManagerImpl.getOzoneFileStatus(KeyManagerImpl.java:1195) ~[ozone-manager-1.4.0-SNAPSHOT.jar:?]
	at org.apache.hadoop.ozone.om.KeyManagerImpl.getFileStatus(KeyManagerImpl.java:1113) ~[ozone-manager-1.4.0-SNAPSHOT.jar:?]
	at org.apache.hadoop.ozone.om.OmMetadataReader.getFileStatus(OmMetadataReader.java:262) ~[ozone-manager-1.4.0-SNAPSHOT.jar:?]
	at org.apache.hadoop.ozone.om.OzoneManager.getFileStatus(OzoneManager.java:3530) ~[ozone-manager-1.4.0-SNAPSHOT.jar:?]
	at org.apache.hadoop.ozone.protocolPB.OzoneManagerRequestHandler.getOzoneFileStatus(OzoneManagerRequestHandler.java:971) ~[ozone-manager-1.4.0-SNAPSHOT.jar:?]
	at org.apache.hadoop.ozone.protocolPB.OzoneManagerRequestHandler.handleReadRequest(OzoneManagerRequestHandler.java:250) ~[ozone-manager-1.4.0-SNAPSHOT.jar:?]
	at org.apache.hadoop.ozone.protocolPB.OzoneManagerProtocolServerSideTranslatorPB.submitRequestDirectlyToOM(OzoneManagerProtocolServerSideTranslatorPB.java:274) ~[ozone-manager-1.4.0-SNAPSHOT.jar:?]
	at org.apache.hadoop.ozone.protocolPB.OzoneManagerProtocolServerSideTranslatorPB.processRequest(OzoneManagerProtocolServerSideTranslatorPB.java:175) ~[ozone-manager-1.4.0-SNAPSHOT.jar:?]
	at org.apache.hadoop.hdds.server.OzoneProtocolMessageDispatcher.processRequest(OzoneProtocolMessageDispatcher.java:87) [hdds-server-framework-1.4.0-SNAPSHOT.jar:?]
	at org.apache.hadoop.ozone.protocolPB.OzoneManagerProtocolServerSideTranslatorPB.submitRequest(OzoneManagerProtocolServerSideTranslatorPB.java:148) [ozone-manager-1.4.0-SNAPSHOT.jar:?]
	at org.apache.hadoop.ozone.protocol.proto.OzoneManagerProtocolProtos$OzoneManagerService$2.callBlockingMethod(OzoneManagerProtocolProtos.java) [ozone-interface-client-1.4.0-SNAPSHOT.jar:?]
	at org.apache.hadoop.ipc.ProtobufRpcEngine$Server.processCall(ProtobufRpcEngine.java:484) [hadoop-common-3.3.6.jar:?]
	at org.apache.hadoop.ipc.ProtobufRpcEngine2$Server$ProtoBufRpcInvoker.call(ProtobufRpcEngine2.java:595) [hadoop-common-3.3.6.jar:?]
	at org.apache.hadoop.ipc.ProtobufRpcEngine2$Server$ProtoBufRpcInvoker.call(ProtobufRpcEngine2.java:573) [hadoop-common-3.3.6.jar:?]
	at org.apache.hadoop.ipc.RPC$Server.call(RPC.java:1227) [hadoop-common-3.3.6.jar:?]
	at org.apache.hadoop.ipc.Server$RpcCall.run(Server.java:1094) [hadoop-common-3.3.6.jar:?]
	at org.apache.hadoop.ipc.Server$RpcCall.run(Server.java:1017) [hadoop-common-3.3.6.jar:?]
	at java.security.AccessController.doPrivileged(Native Method) ~[?:1.8.0_382]
	at javax.security.auth.Subject.doAs(Subject.java:422) [?:1.8.0_382]
	at org.apache.hadoop.security.UserGroupInformation.doAs(UserGroupInformation.java:1899) [hadoop-common-3.3.6.jar:?]
	at org.apache.hadoop.ipc.Server$Handler.run(Server.java:3048) [hadoop-common-3.3.6.jar:?]
20:29:35.997 [IPC Server handler 9 on default port 15057] ERROR OMAudit - user=runner | ip=127.0.0.1 | op=GET_FILE_STATUS {volume=volume62736, bucket=bucket10134, key=.Trash/runner/Current/testKey2, dataSize=0, replicationConfig=null} | ret=FAILURE
org.apache.hadoop.ozone.om.exceptions.OMException: Unable to get file status: volume: volume62736 bucket: bucket10134 key: .Trash/runner/Current/testKey2
	at org.apache.hadoop.ozone.om.KeyManagerImpl.getOzoneFileStatus(KeyManagerImpl.java:1195) ~[ozone-manager-1.4.0-SNAPSHOT.jar:?]
	at org.apache.hadoop.ozone.om.KeyManagerImpl.getFileStatus(KeyManagerImpl.java:1113) ~[ozone-manager-1.4.0-SNAPSHOT.jar:?]
	at org.apache.hadoop.ozone.om.OmMetadataReader.getFileStatus(OmMetadataReader.java:262) ~[ozone-manager-1.4.0-SNAPSHOT.jar:?]
	at org.apache.hadoop.ozone.om.OzoneManager.getFileStatus(OzoneManager.java:3530) ~[ozone-manager-1.4.0-SNAPSHOT.jar:?]
	at org.apache.hadoop.ozone.protocolPB.OzoneManagerRequestHandler.getOzoneFileStatus(OzoneManagerRequestHandler.java:971) ~[ozone-manager-1.4.0-SNAPSHOT.jar:?]
	at org.apache.hadoop.ozone.protocolPB.OzoneManagerRequestHandler.handleReadRequest(OzoneManagerRequestHandler.java:250) ~[ozone-manager-1.4.0-SNAPSHOT.jar:?]
	at org.apache.hadoop.ozone.protocolPB.OzoneManagerProtocolServerSideTranslatorPB.submitRequestDirectlyToOM(OzoneManagerProtocolServerSideTranslatorPB.java:274) ~[ozone-manager-1.4.0-SNAPSHOT.jar:?]
	at org.apache.hadoop.ozone.protocolPB.OzoneManagerProtocolServerSideTranslatorPB.processRequest(OzoneManagerProtocolServerSideTranslatorPB.java:175) ~[ozone-manager-1.4.0-SNAPSHOT.jar:?]
	at org.apache.hadoop.hdds.server.OzoneProtocolMessageDispatcher.processRequest(OzoneProtocolMessageDispatcher.java:87) [hdds-server-framework-1.4.0-SNAPSHOT.jar:?]
	at org.apache.hadoop.ozone.protocolPB.OzoneManagerProtocolServerSideTranslatorPB.submitRequest(OzoneManagerProtocolServerSideTranslatorPB.java:148) [ozone-manager-1.4.0-SNAPSHOT.jar:?]
	at org.apache.hadoop.ozone.protocol.proto.OzoneManagerProtocolProtos$OzoneManagerService$2.callBlockingMethod(OzoneManagerProtocolProtos.java) [ozone-interface-client-1.4.0-SNAPSHOT.jar:?]
	at org.apache.hadoop.ipc.ProtobufRpcEngine$Server.processCall(ProtobufRpcEngine.java:484) [hadoop-common-3.3.6.jar:?]
	at org.apache.hadoop.ipc.ProtobufRpcEngine2$Server$ProtoBufRpcInvoker.call(ProtobufRpcEngine2.java:595) [hadoop-common-3.3.6.jar:?]
	at org.apache.hadoop.ipc.ProtobufRpcEngine2$Server$ProtoBufRpcInvoker.call(ProtobufRpcEngine2.java:573) [hadoop-common-3.3.6.jar:?]
	at org.apache.hadoop.ipc.RPC$Server.call(RPC.java:1227) [hadoop-common-3.3.6.jar:?]
	at org.apache.hadoop.ipc.Server$RpcCall.run(Server.java:1094) [hadoop-common-3.3.6.jar:?]
	at org.apache.hadoop.ipc.Server$RpcCall.run(Server.java:1017) [hadoop-common-3.3.6.jar:?]
	at java.security.AccessController.doPrivileged(Native Method) ~[?:1.8.0_382]
	at javax.security.auth.Subject.doAs(Subject.java:422) [?:1.8.0_382]
	at org.apache.hadoop.security.UserGroupInformation.doAs(UserGroupInformation.java:1899) [hadoop-common-3.3.6.jar:?]
	at org.apache.hadoop.ipc.Server$Handler.run(Server.java:3048) [hadoop-common-3.3.6.jar:?]
20:29:36.000 [IPC Server handler 7 on default port 15057] ERROR OMAudit - user=runner | ip=127.0.0.1 | op=GET_FILE_STATUS {volume=volume62736, bucket=bucket10134, key=.Trash/runner/Current/testKey2, dataSize=0, replicationConfig=null} | ret=FAILURE
org.apache.hadoop.ozone.om.exceptions.OMException: Unable to get file status: volume: volume62736 bucket: bucket10134 key: .Trash/runner/Current/testKey2
	at org.apache.hadoop.ozone.om.KeyManagerImpl.getOzoneFileStatus(KeyManagerImpl.java:1195) ~[ozone-manager-1.4.0-SNAPSHOT.jar:?]
	at org.apache.hadoop.ozone.om.KeyManagerImpl.getFileStatus(KeyManagerImpl.java:1113) ~[ozone-manager-1.4.0-SNAPSHOT.jar:?]
	at org.apache.hadoop.ozone.om.OmMetadataReader.getFileStatus(OmMetadataReader.java:262) ~[ozone-manager-1.4.0-SNAPSHOT.jar:?]
	at org.apache.hadoop.ozone.om.OzoneManager.getFileStatus(OzoneManager.java:3530) ~[ozone-manager-1.4.0-SNAPSHOT.jar:?]
	at org.apache.hadoop.ozone.protocolPB.OzoneManagerRequestHandler.getOzoneFileStatus(OzoneManagerRequestHandler.java:971) ~[ozone-manager-1.4.0-SNAPSHOT.jar:?]
	at org.apache.hadoop.ozone.protocolPB.OzoneManagerRequestHandler.handleReadRequest(OzoneManagerRequestHandler.java:250) ~[ozone-manager-1.4.0-SNAPSHOT.jar:?]
	at org.apache.hadoop.ozone.protocolPB.OzoneManagerProtocolServerSideTranslatorPB.submitRequestDirectlyToOM(OzoneManagerProtocolServerSideTranslatorPB.java:274) ~[ozone-manager-1.4.0-SNAPSHOT.jar:?]
	at org.apache.hadoop.ozone.protocolPB.OzoneManagerProtocolServerSideTranslatorPB.processRequest(OzoneManagerProtocolServerSideTranslatorPB.java:175) ~[ozone-manager-1.4.0-SNAPSHOT.jar:?]
	at org.apache.hadoop.hdds.server.OzoneProtocolMessageDispatcher.processRequest(OzoneProtocolMessageDispatcher.java:87) [hdds-server-framework-1.4.0-SNAPSHOT.jar:?]
	at org.apache.hadoop.ozone.protocolPB.OzoneManagerProtocolServerSideTranslatorPB.submitRequest(OzoneManagerProtocolServerSideTranslatorPB.java:148) [ozone-manager-1.4.0-SNAPSHOT.jar:?]
	at org.apache.hadoop.ozone.protocol.proto.OzoneManagerProtocolProtos$OzoneManagerService$2.callBlockingMethod(OzoneManagerProtocolProtos.java) [ozone-interface-client-1.4.0-SNAPSHOT.jar:?]
	at org.apache.hadoop.ipc.ProtobufRpcEngine$Server.processCall(ProtobufRpcEngine.java:484) [hadoop-common-3.3.6.jar:?]
	at org.apache.hadoop.ipc.ProtobufRpcEngine2$Server$ProtoBufRpcInvoker.call(ProtobufRpcEngine2.java:595) [hadoop-common-3.3.6.jar:?]
	at org.apache.hadoop.ipc.ProtobufRpcEngine2$Server$ProtoBufRpcInvoker.call(ProtobufRpcEngine2.java:573) [hadoop-common-3.3.6.jar:?]
	at org.apache.hadoop.ipc.RPC$Server.call(RPC.java:1227) [hadoop-common-3.3.6.jar:?]
	at org.apache.hadoop.ipc.Server$RpcCall.run(Server.java:1094) [hadoop-common-3.3.6.jar:?]
	at org.apache.hadoop.ipc.Server$RpcCall.run(Server.java:1017) [hadoop-common-3.3.6.jar:?]
	at java.security.AccessController.doPrivileged(Native Method) ~[?:1.8.0_382]
	at javax.security.auth.Subject.doAs(Subject.java:422) [?:1.8.0_382]
	at org.apache.hadoop.security.UserGroupInformation.doAs(UserGroupInformation.java:1899) [hadoop-common-3.3.6.jar:?]
	at org.apache.hadoop.ipc.Server$Handler.run(Server.java:3048) [hadoop-common-3.3.6.jar:?]
2023-09-07 20:29:36,010 [Time-limited test] INFO  om.TrashPolicyOzone (TrashPolicyOzone.java:moveToTrash(209)) - Moved: '/testKey2' to trash at: o3fs://bucket10134.volume62736/.Trash/runner/Current/testKey2
20:29:37.539 [IPC Server handler 19 on default port 15057] ERROR OMAudit - user=runner | ip=127.0.0.1 | op=GET_FILE_STATUS {volume=volume62736, bucket=bucket10134, key=.Trash/runner/Current/testKey2, dataSize=0, replicationConfig=null} | ret=FAILURE
org.apache.hadoop.ozone.om.exceptions.OMException: Unable to get file status: volume: volume62736 bucket: bucket10134 key: .Trash/runner/Current/testKey2
	at org.apache.hadoop.ozone.om.KeyManagerImpl.getOzoneFileStatus(KeyManagerImpl.java:1195) ~[ozone-manager-1.4.0-SNAPSHOT.jar:?]
	at org.apache.hadoop.ozone.om.KeyManagerImpl.getFileStatus(KeyManagerImpl.java:1113) ~[ozone-manager-1.4.0-SNAPSHOT.jar:?]
	at org.apache.hadoop.ozone.om.OmMetadataReader.getFileStatus(OmMetadataReader.java:262) ~[ozone-manager-1.4.0-SNAPSHOT.jar:?]
	at org.apache.hadoop.ozone.om.OzoneManager.getFileStatus(OzoneManager.java:3530) ~[ozone-manager-1.4.0-SNAPSHOT.jar:?]
	at org.apache.hadoop.ozone.protocolPB.OzoneManagerRequestHandler.getOzoneFileStatus(OzoneManagerRequestHandler.java:971) ~[ozone-manager-1.4.0-SNAPSHOT.jar:?]
	at org.apache.hadoop.ozone.protocolPB.OzoneManagerRequestHandler.handleReadRequest(OzoneManagerRequestHandler.java:250) ~[ozone-manager-1.4.0-SNAPSHOT.jar:?]
	at org.apache.hadoop.ozone.protocolPB.OzoneManagerProtocolServerSideTranslatorPB.submitRequestDirectlyToOM(OzoneManagerProtocolServerSideTranslatorPB.java:274) ~[ozone-manager-1.4.0-SNAPSHOT.jar:?]
	at org.apache.hadoop.ozone.protocolPB.OzoneManagerProtocolServerSideTranslatorPB.processRequest(OzoneManagerProtocolServerSideTranslatorPB.java:175) ~[ozone-manager-1.4.0-SNAPSHOT.jar:?]
	at org.apache.hadoop.hdds.server.OzoneProtocolMessageDispatcher.processRequest(OzoneProtocolMessageDispatcher.java:87) [hdds-server-framework-1.4.0-SNAPSHOT.jar:?]
	at org.apache.hadoop.ozone.protocolPB.OzoneManagerProtocolServerSideTranslatorPB.submitRequest(OzoneManagerProtocolServerSideTranslatorPB.java:148) [ozone-manager-1.4.0-SNAPSHOT.jar:?]
	at org.apache.hadoop.ozone.protocol.proto.OzoneManagerProtocolProtos$OzoneManagerService$2.callBlockingMethod(OzoneManagerProtocolProtos.java) [ozone-interface-client-1.4.0-SNAPSHOT.jar:?]
	at org.apache.hadoop.ipc.ProtobufRpcEngine$Server.processCall(ProtobufRpcEngine.java:484) [hadoop-common-3.3.6.jar:?]
	at org.apache.hadoop.ipc.ProtobufRpcEngine2$Server$ProtoBufRpcInvoker.call(ProtobufRpcEngine2.java:595) [hadoop-common-3.3.6.jar:?]
	at org.apache.hadoop.ipc.ProtobufRpcEngine2$Server$ProtoBufRpcInvoker.call(ProtobufRpcEngine2.java:573) [hadoop-common-3.3.6.jar:?]
	at org.apache.hadoop.ipc.RPC$Server.call(RPC.java:1227) [hadoop-common-3.3.6.jar:?]
	at org.apache.hadoop.ipc.Server$RpcCall.run(Server.java:1094) [hadoop-common-3.3.6.jar:?]
	at org.apache.hadoop.ipc.Server$RpcCall.run(Server.java:1017) [hadoop-common-3.3.6.jar:?]
	at java.security.AccessController.doPrivileged(Native Method) ~[?:1.8.0_382]
	at javax.security.auth.Subject.doAs(Subject.java:422) [?:1.8.0_382]
	at org.apache.hadoop.security.UserGroupInformation.doAs(UserGroupInformation.java:1899) [hadoop-common-3.3.6.jar:?]
	at org.apache.hadoop.ipc.Server$Handler.run(Server.java:3048) [hadoop-common-3.3.6.jar:?]
]]></system-out>
  </testcase>
  <testcase name="testTrash" classname="TestOzoneFileSystem" time="4.494">
    <system-out><![CDATA[20:31:01.578 [IPC Server handler 12 on default port 15110] ERROR OMAudit - user=runner | ip=127.0.0.1 | op=GET_FILE_STATUS {volume=volume50105, bucket=bucket55116, key=.Trash/runner, dataSize=0, replicationConfig=null} | ret=FAILURE
org.apache.hadoop.ozone.om.exceptions.OMException: Unable to get file status: volume: volume50105 bucket: bucket55116 key: .Trash/runner
	at org.apache.hadoop.ozone.om.KeyManagerImpl.getOzoneFileStatus(KeyManagerImpl.java:1195) ~[ozone-manager-1.4.0-SNAPSHOT.jar:?]
	at org.apache.hadoop.ozone.om.KeyManagerImpl.getFileStatus(KeyManagerImpl.java:1113) ~[ozone-manager-1.4.0-SNAPSHOT.jar:?]
	at org.apache.hadoop.ozone.om.OmMetadataReader.getFileStatus(OmMetadataReader.java:262) ~[ozone-manager-1.4.0-SNAPSHOT.jar:?]
	at org.apache.hadoop.ozone.om.OzoneManager.getFileStatus(OzoneManager.java:3530) ~[ozone-manager-1.4.0-SNAPSHOT.jar:?]
	at org.apache.hadoop.ozone.protocolPB.OzoneManagerRequestHandler.getOzoneFileStatus(OzoneManagerRequestHandler.java:971) ~[ozone-manager-1.4.0-SNAPSHOT.jar:?]
	at org.apache.hadoop.ozone.protocolPB.OzoneManagerRequestHandler.handleReadRequest(OzoneManagerRequestHandler.java:250) ~[ozone-manager-1.4.0-SNAPSHOT.jar:?]
	at org.apache.hadoop.ozone.protocolPB.OzoneManagerProtocolServerSideTranslatorPB.submitReadRequestToOM(OzoneManagerProtocolServerSideTranslatorPB.java:225) ~[ozone-manager-1.4.0-SNAPSHOT.jar:?]
	at org.apache.hadoop.ozone.protocolPB.OzoneManagerProtocolServerSideTranslatorPB.processRequest(OzoneManagerProtocolServerSideTranslatorPB.java:179) ~[ozone-manager-1.4.0-SNAPSHOT.jar:?]
	at org.apache.hadoop.hdds.server.OzoneProtocolMessageDispatcher.processRequest(OzoneProtocolMessageDispatcher.java:87) [hdds-server-framework-1.4.0-SNAPSHOT.jar:?]
	at org.apache.hadoop.ozone.protocolPB.OzoneManagerProtocolServerSideTranslatorPB.submitRequest(OzoneManagerProtocolServerSideTranslatorPB.java:148) [ozone-manager-1.4.0-SNAPSHOT.jar:?]
	at org.apache.hadoop.ozone.protocol.proto.OzoneManagerProtocolProtos$OzoneManagerService$2.callBlockingMethod(OzoneManagerProtocolProtos.java) [ozone-interface-client-1.4.0-SNAPSHOT.jar:?]
	at org.apache.hadoop.ipc.ProtobufRpcEngine$Server.processCall(ProtobufRpcEngine.java:484) [hadoop-common-3.3.6.jar:?]
	at org.apache.hadoop.ipc.ProtobufRpcEngine2$Server$ProtoBufRpcInvoker.call(ProtobufRpcEngine2.java:595) [hadoop-common-3.3.6.jar:?]
	at org.apache.hadoop.ipc.ProtobufRpcEngine2$Server$ProtoBufRpcInvoker.call(ProtobufRpcEngine2.java:573) [hadoop-common-3.3.6.jar:?]
	at org.apache.hadoop.ipc.RPC$Server.call(RPC.java:1227) [hadoop-common-3.3.6.jar:?]
	at org.apache.hadoop.ipc.Server$RpcCall.run(Server.java:1094) [hadoop-common-3.3.6.jar:?]
	at org.apache.hadoop.ipc.Server$RpcCall.run(Server.java:1017) [hadoop-common-3.3.6.jar:?]
	at java.security.AccessController.doPrivileged(Native Method) ~[?:1.8.0_382]
	at javax.security.auth.Subject.doAs(Subject.java:422) [?:1.8.0_382]
	at org.apache.hadoop.security.UserGroupInformation.doAs(UserGroupInformation.java:1899) [hadoop-common-3.3.6.jar:?]
	at org.apache.hadoop.ipc.Server$Handler.run(Server.java:3048) [hadoop-common-3.3.6.jar:?]
20:31:01.584 [IPC Server handler 3 on default port 15110] ERROR OMAudit - user=runner | ip=127.0.0.1 | op=GET_FILE_STATUS {volume=volume50105, bucket=bucket55116, key=.Trash/runner/Current/testKey2, dataSize=0, replicationConfig=null} | ret=FAILURE
org.apache.hadoop.ozone.om.exceptions.OMException: Unable to get file status: volume: volume50105 bucket: bucket55116 key: .Trash/runner/Current/testKey2
	at org.apache.hadoop.ozone.om.KeyManagerImpl.getOzoneFileStatus(KeyManagerImpl.java:1195) ~[ozone-manager-1.4.0-SNAPSHOT.jar:?]
	at org.apache.hadoop.ozone.om.KeyManagerImpl.getFileStatus(KeyManagerImpl.java:1113) ~[ozone-manager-1.4.0-SNAPSHOT.jar:?]
	at org.apache.hadoop.ozone.om.OmMetadataReader.getFileStatus(OmMetadataReader.java:262) ~[ozone-manager-1.4.0-SNAPSHOT.jar:?]
	at org.apache.hadoop.ozone.om.OzoneManager.getFileStatus(OzoneManager.java:3530) ~[ozone-manager-1.4.0-SNAPSHOT.jar:?]
	at org.apache.hadoop.ozone.protocolPB.OzoneManagerRequestHandler.getOzoneFileStatus(OzoneManagerRequestHandler.java:971) ~[ozone-manager-1.4.0-SNAPSHOT.jar:?]
	at org.apache.hadoop.ozone.protocolPB.OzoneManagerRequestHandler.handleReadRequest(OzoneManagerRequestHandler.java:250) ~[ozone-manager-1.4.0-SNAPSHOT.jar:?]
	at org.apache.hadoop.ozone.protocolPB.OzoneManagerProtocolServerSideTranslatorPB.submitReadRequestToOM(OzoneManagerProtocolServerSideTranslatorPB.java:225) ~[ozone-manager-1.4.0-SNAPSHOT.jar:?]
	at org.apache.hadoop.ozone.protocolPB.OzoneManagerProtocolServerSideTranslatorPB.processRequest(OzoneManagerProtocolServerSideTranslatorPB.java:179) ~[ozone-manager-1.4.0-SNAPSHOT.jar:?]
	at org.apache.hadoop.hdds.server.OzoneProtocolMessageDispatcher.processRequest(OzoneProtocolMessageDispatcher.java:87) [hdds-server-framework-1.4.0-SNAPSHOT.jar:?]
	at org.apache.hadoop.ozone.protocolPB.OzoneManagerProtocolServerSideTranslatorPB.submitRequest(OzoneManagerProtocolServerSideTranslatorPB.java:148) [ozone-manager-1.4.0-SNAPSHOT.jar:?]
	at org.apache.hadoop.ozone.protocol.proto.OzoneManagerProtocolProtos$OzoneManagerService$2.callBlockingMethod(OzoneManagerProtocolProtos.java) [ozone-interface-client-1.4.0-SNAPSHOT.jar:?]
	at org.apache.hadoop.ipc.ProtobufRpcEngine$Server.processCall(ProtobufRpcEngine.java:484) [hadoop-common-3.3.6.jar:?]
	at org.apache.hadoop.ipc.ProtobufRpcEngine2$Server$ProtoBufRpcInvoker.call(ProtobufRpcEngine2.java:595) [hadoop-common-3.3.6.jar:?]
	at org.apache.hadoop.ipc.ProtobufRpcEngine2$Server$ProtoBufRpcInvoker.call(ProtobufRpcEngine2.java:573) [hadoop-common-3.3.6.jar:?]
	at org.apache.hadoop.ipc.RPC$Server.call(RPC.java:1227) [hadoop-common-3.3.6.jar:?]
	at org.apache.hadoop.ipc.Server$RpcCall.run(Server.java:1094) [hadoop-common-3.3.6.jar:?]
	at org.apache.hadoop.ipc.Server$RpcCall.run(Server.java:1017) [hadoop-common-3.3.6.jar:?]
	at java.security.AccessController.doPrivileged(Native Method) ~[?:1.8.0_382]
	at javax.security.auth.Subject.doAs(Subject.java:422) [?:1.8.0_382]
	at org.apache.hadoop.security.UserGroupInformation.doAs(UserGroupInformation.java:1899) [hadoop-common-3.3.6.jar:?]
	at org.apache.hadoop.ipc.Server$Handler.run(Server.java:3048) [hadoop-common-3.3.6.jar:?]
20:31:01.586 [IPC Server handler 5 on default port 15110] ERROR OMAudit - user=runner | ip=127.0.0.1 | op=GET_FILE_STATUS {volume=volume50105, bucket=bucket55116, key=.Trash/runner/Current/testKey2, dataSize=0, replicationConfig=null} | ret=FAILURE
org.apache.hadoop.ozone.om.exceptions.OMException: Unable to get file status: volume: volume50105 bucket: bucket55116 key: .Trash/runner/Current/testKey2
	at org.apache.hadoop.ozone.om.KeyManagerImpl.getOzoneFileStatus(KeyManagerImpl.java:1195) ~[ozone-manager-1.4.0-SNAPSHOT.jar:?]
	at org.apache.hadoop.ozone.om.KeyManagerImpl.getFileStatus(KeyManagerImpl.java:1113) ~[ozone-manager-1.4.0-SNAPSHOT.jar:?]
	at org.apache.hadoop.ozone.om.OmMetadataReader.getFileStatus(OmMetadataReader.java:262) ~[ozone-manager-1.4.0-SNAPSHOT.jar:?]
	at org.apache.hadoop.ozone.om.OzoneManager.getFileStatus(OzoneManager.java:3530) ~[ozone-manager-1.4.0-SNAPSHOT.jar:?]
	at org.apache.hadoop.ozone.protocolPB.OzoneManagerRequestHandler.getOzoneFileStatus(OzoneManagerRequestHandler.java:971) ~[ozone-manager-1.4.0-SNAPSHOT.jar:?]
	at org.apache.hadoop.ozone.protocolPB.OzoneManagerRequestHandler.handleReadRequest(OzoneManagerRequestHandler.java:250) ~[ozone-manager-1.4.0-SNAPSHOT.jar:?]
	at org.apache.hadoop.ozone.protocolPB.OzoneManagerProtocolServerSideTranslatorPB.submitReadRequestToOM(OzoneManagerProtocolServerSideTranslatorPB.java:225) ~[ozone-manager-1.4.0-SNAPSHOT.jar:?]
	at org.apache.hadoop.ozone.protocolPB.OzoneManagerProtocolServerSideTranslatorPB.processRequest(OzoneManagerProtocolServerSideTranslatorPB.java:179) ~[ozone-manager-1.4.0-SNAPSHOT.jar:?]
	at org.apache.hadoop.hdds.server.OzoneProtocolMessageDispatcher.processRequest(OzoneProtocolMessageDispatcher.java:87) [hdds-server-framework-1.4.0-SNAPSHOT.jar:?]
	at org.apache.hadoop.ozone.protocolPB.OzoneManagerProtocolServerSideTranslatorPB.submitRequest(OzoneManagerProtocolServerSideTranslatorPB.java:148) [ozone-manager-1.4.0-SNAPSHOT.jar:?]
	at org.apache.hadoop.ozone.protocol.proto.OzoneManagerProtocolProtos$OzoneManagerService$2.callBlockingMethod(OzoneManagerProtocolProtos.java) [ozone-interface-client-1.4.0-SNAPSHOT.jar:?]
	at org.apache.hadoop.ipc.ProtobufRpcEngine$Server.processCall(ProtobufRpcEngine.java:484) [hadoop-common-3.3.6.jar:?]
	at org.apache.hadoop.ipc.ProtobufRpcEngine2$Server$ProtoBufRpcInvoker.call(ProtobufRpcEngine2.java:595) [hadoop-common-3.3.6.jar:?]
	at org.apache.hadoop.ipc.ProtobufRpcEngine2$Server$ProtoBufRpcInvoker.call(ProtobufRpcEngine2.java:573) [hadoop-common-3.3.6.jar:?]
	at org.apache.hadoop.ipc.RPC$Server.call(RPC.java:1227) [hadoop-common-3.3.6.jar:?]
	at org.apache.hadoop.ipc.Server$RpcCall.run(Server.java:1094) [hadoop-common-3.3.6.jar:?]
	at org.apache.hadoop.ipc.Server$RpcCall.run(Server.java:1017) [hadoop-common-3.3.6.jar:?]
	at java.security.AccessController.doPrivileged(Native Method) ~[?:1.8.0_382]
	at javax.security.auth.Subject.doAs(Subject.java:422) [?:1.8.0_382]
	at org.apache.hadoop.security.UserGroupInformation.doAs(UserGroupInformation.java:1899) [hadoop-common-3.3.6.jar:?]
	at org.apache.hadoop.ipc.Server$Handler.run(Server.java:3048) [hadoop-common-3.3.6.jar:?]
2023-09-07 20:31:01,592 [Time-limited test] INFO  om.TrashPolicyOzone (TrashPolicyOzone.java:moveToTrash(209)) - Moved: '/testKey2' to trash at: o3fs://bucket55116.volume50105/.Trash/runner/Current/testKey2
2023-09-07 20:31:01,611 [29027832-24ec-44d8-841f-3a3b218b56da@group-2BFB7C9CA018-FollowerState] INFO  impl.FollowerState (FollowerState.java:run(143)) - 29027832-24ec-44d8-841f-3a3b218b56da@group-2BFB7C9CA018-FollowerState: change to CANDIDATE, lastRpcElapsedTime:5145679816ns, electionTimeout:5140ms
2023-09-07 20:31:01,611 [29027832-24ec-44d8-841f-3a3b218b56da@group-2BFB7C9CA018-FollowerState] INFO  impl.RoleInfo (RoleInfo.java:shutdownFollowerState(110)) - 29027832-24ec-44d8-841f-3a3b218b56da: shutdown 29027832-24ec-44d8-841f-3a3b218b56da@group-2BFB7C9CA018-FollowerState
2023-09-07 20:31:01,611 [29027832-24ec-44d8-841f-3a3b218b56da@group-2BFB7C9CA018-FollowerState] INFO  server.RaftServer$Division (RaftServerImpl.java:setRole(329)) - 29027832-24ec-44d8-841f-3a3b218b56da@group-2BFB7C9CA018: changes role from  FOLLOWER to CANDIDATE at term 0 for changeToCandidate
2023-09-07 20:31:01,611 [29027832-24ec-44d8-841f-3a3b218b56da@group-2BFB7C9CA018-FollowerState] INFO  server.RaftServerConfigKeys (ConfUtils.java:logGet(46)) - raft.server.leaderelection.pre-vote = true (default)
2023-09-07 20:31:01,611 [29027832-24ec-44d8-841f-3a3b218b56da@group-2BFB7C9CA018-FollowerState] INFO  impl.RoleInfo (RoleInfo.java:updateAndGet(139)) - 29027832-24ec-44d8-841f-3a3b218b56da: start 29027832-24ec-44d8-841f-3a3b218b56da@group-2BFB7C9CA018-LeaderElection30
2023-09-07 20:31:01,614 [29027832-24ec-44d8-841f-3a3b218b56da@group-2BFB7C9CA018-LeaderElection30] INFO  impl.LeaderElection (LeaderElection.java:askForVotes(321)) - 29027832-24ec-44d8-841f-3a3b218b56da@group-2BFB7C9CA018-LeaderElection30 PRE_VOTE round 0: submit vote requests at term 0 for -1: peers:[29027832-24ec-44d8-841f-3a3b218b56da|rpc:10.1.0.11:15156|admin:10.1.0.11:15155|client:10.1.0.11:15154|dataStream:10.1.0.11:15157|priority:1|startupRole:FOLLOWER]|listeners:[], old=null
2023-09-07 20:31:01,614 [29027832-24ec-44d8-841f-3a3b218b56da@group-2BFB7C9CA018-LeaderElection30] INFO  impl.LeaderElection (LeaderElection.java:askForVotes(323)) - 29027832-24ec-44d8-841f-3a3b218b56da@group-2BFB7C9CA018-LeaderElection30 PRE_VOTE round 0: result PASSED (term=0)
2023-09-07 20:31:01,616 [29027832-24ec-44d8-841f-3a3b218b56da@group-2BFB7C9CA018-LeaderElection30] INFO  impl.LeaderElection (LeaderElection.java:askForVotes(321)) - 29027832-24ec-44d8-841f-3a3b218b56da@group-2BFB7C9CA018-LeaderElection30 ELECTION round 0: submit vote requests at term 1 for -1: peers:[29027832-24ec-44d8-841f-3a3b218b56da|rpc:10.1.0.11:15156|admin:10.1.0.11:15155|client:10.1.0.11:15154|dataStream:10.1.0.11:15157|priority:1|startupRole:FOLLOWER]|listeners:[], old=null
2023-09-07 20:31:01,616 [29027832-24ec-44d8-841f-3a3b218b56da@group-2BFB7C9CA018-LeaderElection30] INFO  impl.LeaderElection (LeaderElection.java:askForVotes(323)) - 29027832-24ec-44d8-841f-3a3b218b56da@group-2BFB7C9CA018-LeaderElection30 ELECTION round 0: result PASSED (term=1)
2023-09-07 20:31:01,616 [29027832-24ec-44d8-841f-3a3b218b56da@group-2BFB7C9CA018-LeaderElection30] INFO  impl.RoleInfo (RoleInfo.java:shutdownLeaderElection(130)) - 29027832-24ec-44d8-841f-3a3b218b56da: shutdown 29027832-24ec-44d8-841f-3a3b218b56da@group-2BFB7C9CA018-LeaderElection30
2023-09-07 20:31:01,617 [29027832-24ec-44d8-841f-3a3b218b56da@group-2BFB7C9CA018-LeaderElection30] INFO  server.RaftServer$Division (RaftServerImpl.java:setRole(329)) - 29027832-24ec-44d8-841f-3a3b218b56da@group-2BFB7C9CA018: changes role from CANDIDATE to LEADER at term 1 for changeToLeader
2023-09-07 20:31:01,617 [29027832-24ec-44d8-841f-3a3b218b56da@group-2BFB7C9CA018-LeaderElection30] INFO  ratis.XceiverServerRatis (XceiverServerRatis.java:handleLeaderChangedNotification(902)) - Leader change notification received for group: group-2BFB7C9CA018 with new leaderId: 29027832-24ec-44d8-841f-3a3b218b56da
2023-09-07 20:31:01,617 [29027832-24ec-44d8-841f-3a3b218b56da@group-2BFB7C9CA018-LeaderElection30] INFO  server.RaftServer$Division (ServerState.java:setLeader(317)) - 29027832-24ec-44d8-841f-3a3b218b56da@group-2BFB7C9CA018: change Leader from null to 29027832-24ec-44d8-841f-3a3b218b56da at term 1 for becomeLeader, leader elected after 5174ms
2023-09-07 20:31:01,617 [29027832-24ec-44d8-841f-3a3b218b56da@group-2BFB7C9CA018-LeaderElection30] INFO  server.RaftServerConfigKeys (ConfUtils.java:logGet(46)) - raft.server.staging.catchup.gap = 1000 (default)
2023-09-07 20:31:01,617 [29027832-24ec-44d8-841f-3a3b218b56da@group-2BFB7C9CA018-LeaderElection30] INFO  server.RaftServerConfigKeys (ConfUtils.java:logGet(46)) - raft.server.write.element-limit = 1024 (custom)
2023-09-07 20:31:01,617 [29027832-24ec-44d8-841f-3a3b218b56da@group-2BFB7C9CA018-LeaderElection30] INFO  server.RaftServerConfigKeys (ConfUtils.java:logGet(46)) - raft.server.write.byte-limit = 1024 M (=1073741824) (custom)
2023-09-07 20:31:01,618 [29027832-24ec-44d8-841f-3a3b218b56da@group-2BFB7C9CA018-LeaderElection30] INFO  server.RaftServerConfigKeys (ConfUtils.java:logGet(46)) - raft.server.watch.timeout = 180s (custom)
2023-09-07 20:31:01,618 [29027832-24ec-44d8-841f-3a3b218b56da@group-2BFB7C9CA018-LeaderElection30] INFO  server.RaftServerConfigKeys (ConfUtils.java:logGet(46)) - raft.server.watch.timeout.denomination = 1s (default)
2023-09-07 20:31:01,618 [29027832-24ec-44d8-841f-3a3b218b56da@group-2BFB7C9CA018-LeaderElection30] INFO  server.RaftServerConfigKeys (ConfUtils.java:logGet(46)) - raft.server.watch.element-limit = 65536 (default)
2023-09-07 20:31:01,618 [29027832-24ec-44d8-841f-3a3b218b56da@group-2BFB7C9CA018-LeaderElection30] INFO  server.RaftServerConfigKeys (ConfUtils.java:logGet(46)) - raft.server.write.element-limit = 1024 (custom)
2023-09-07 20:31:01,618 [29027832-24ec-44d8-841f-3a3b218b56da@group-2BFB7C9CA018-LeaderElection30] INFO  server.RaftServerConfigKeys (ConfUtils.java:logGet(46)) - raft.server.write.follower.gap.ratio.max = -1.0 (default)
2023-09-07 20:31:01,618 [29027832-24ec-44d8-841f-3a3b218b56da@group-2BFB7C9CA018-LeaderElection30] INFO  impl.RoleInfo (RoleInfo.java:updateAndGet(139)) - 29027832-24ec-44d8-841f-3a3b218b56da: start 29027832-24ec-44d8-841f-3a3b218b56da@group-2BFB7C9CA018-LeaderStateImpl
2023-09-07 20:31:01,618 [29027832-24ec-44d8-841f-3a3b218b56da@group-2BFB7C9CA018-LeaderElection30] INFO  segmented.SegmentedRaftLogWorker (SegmentedRaftLogWorker.java:startLogSegment(447)) - 29027832-24ec-44d8-841f-3a3b218b56da@group-2BFB7C9CA018-SegmentedRaftLogWorker: Starting segment from index:0
2023-09-07 20:31:01,620 [29027832-24ec-44d8-841f-3a3b218b56da@group-2BFB7C9CA018-LeaderElection30] INFO  server.RaftServer$Division (ServerState.java:setRaftConf(434)) - 29027832-24ec-44d8-841f-3a3b218b56da@group-2BFB7C9CA018: set configuration 0: peers:[29027832-24ec-44d8-841f-3a3b218b56da|rpc:10.1.0.11:15156|admin:10.1.0.11:15155|client:10.1.0.11:15154|dataStream:10.1.0.11:15157|priority:1|startupRole:FOLLOWER]|listeners:[], old=null
2023-09-07 20:31:01,620 [29027832-24ec-44d8-841f-3a3b218b56da@group-2BFB7C9CA018-SegmentedRaftLogWorker] INFO  segmented.SegmentedRaftLogWorker (SegmentedRaftLogWorker.java:execute(651)) - 29027832-24ec-44d8-841f-3a3b218b56da@group-2BFB7C9CA018-SegmentedRaftLogWorker: created new log segment /home/runner/work/ozone/ozone/hadoop-ozone/integration-test/target/test-dir/MiniOzoneClusterImpl-7c3c5bdb-9f31-4157-923c-74528274ab7c/datanode-4/data/ratis/28f9708f-c77f-405d-a6f5-2bfb7c9ca018/current/log_inprogress_0
20:31:03.036 [IPC Server handler 1 on default port 15110] ERROR OMAudit - user=runner | ip=127.0.0.1 | op=GET_FILE_STATUS {volume=volume50105, bucket=bucket55116, key=.Trash/runner/Current/testKey2, dataSize=0, replicationConfig=null} | ret=FAILURE
org.apache.hadoop.ozone.om.exceptions.OMException: Unable to get file status: volume: volume50105 bucket: bucket55116 key: .Trash/runner/Current/testKey2
	at org.apache.hadoop.ozone.om.KeyManagerImpl.getOzoneFileStatus(KeyManagerImpl.java:1195) ~[ozone-manager-1.4.0-SNAPSHOT.jar:?]
	at org.apache.hadoop.ozone.om.KeyManagerImpl.getFileStatus(KeyManagerImpl.java:1113) ~[ozone-manager-1.4.0-SNAPSHOT.jar:?]
	at org.apache.hadoop.ozone.om.OmMetadataReader.getFileStatus(OmMetadataReader.java:262) ~[ozone-manager-1.4.0-SNAPSHOT.jar:?]
	at org.apache.hadoop.ozone.om.OzoneManager.getFileStatus(OzoneManager.java:3530) ~[ozone-manager-1.4.0-SNAPSHOT.jar:?]
	at org.apache.hadoop.ozone.protocolPB.OzoneManagerRequestHandler.getOzoneFileStatus(OzoneManagerRequestHandler.java:971) ~[ozone-manager-1.4.0-SNAPSHOT.jar:?]
	at org.apache.hadoop.ozone.protocolPB.OzoneManagerRequestHandler.handleReadRequest(OzoneManagerRequestHandler.java:250) ~[ozone-manager-1.4.0-SNAPSHOT.jar:?]
	at org.apache.hadoop.ozone.protocolPB.OzoneManagerProtocolServerSideTranslatorPB.submitReadRequestToOM(OzoneManagerProtocolServerSideTranslatorPB.java:225) ~[ozone-manager-1.4.0-SNAPSHOT.jar:?]
	at org.apache.hadoop.ozone.protocolPB.OzoneManagerProtocolServerSideTranslatorPB.processRequest(OzoneManagerProtocolServerSideTranslatorPB.java:179) ~[ozone-manager-1.4.0-SNAPSHOT.jar:?]
	at org.apache.hadoop.hdds.server.OzoneProtocolMessageDispatcher.processRequest(OzoneProtocolMessageDispatcher.java:87) [hdds-server-framework-1.4.0-SNAPSHOT.jar:?]
	at org.apache.hadoop.ozone.protocolPB.OzoneManagerProtocolServerSideTranslatorPB.submitRequest(OzoneManagerProtocolServerSideTranslatorPB.java:148) [ozone-manager-1.4.0-SNAPSHOT.jar:?]
	at org.apache.hadoop.ozone.protocol.proto.OzoneManagerProtocolProtos$OzoneManagerService$2.callBlockingMethod(OzoneManagerProtocolProtos.java) [ozone-interface-client-1.4.0-SNAPSHOT.jar:?]
	at org.apache.hadoop.ipc.ProtobufRpcEngine$Server.processCall(ProtobufRpcEngine.java:484) [hadoop-common-3.3.6.jar:?]
	at org.apache.hadoop.ipc.ProtobufRpcEngine2$Server$ProtoBufRpcInvoker.call(ProtobufRpcEngine2.java:595) [hadoop-common-3.3.6.jar:?]
	at org.apache.hadoop.ipc.ProtobufRpcEngine2$Server$ProtoBufRpcInvoker.call(ProtobufRpcEngine2.java:573) [hadoop-common-3.3.6.jar:?]
	at org.apache.hadoop.ipc.RPC$Server.call(RPC.java:1227) [hadoop-common-3.3.6.jar:?]
	at org.apache.hadoop.ipc.Server$RpcCall.run(Server.java:1094) [hadoop-common-3.3.6.jar:?]
	at org.apache.hadoop.ipc.Server$RpcCall.run(Server.java:1017) [hadoop-common-3.3.6.jar:?]
	at java.security.AccessController.doPrivileged(Native Method) ~[?:1.8.0_382]
	at javax.security.auth.Subject.doAs(Subject.java:422) [?:1.8.0_382]
	at org.apache.hadoop.security.UserGroupInformation.doAs(UserGroupInformation.java:1899) [hadoop-common-3.3.6.jar:?]
	at org.apache.hadoop.ipc.Server$Handler.run(Server.java:3048) [hadoop-common-3.3.6.jar:?]
]]></system-out>
  </testcase>
  <testcase name="testTrash" classname="TestOzoneFileSystem" time="3.34">
    <system-out><![CDATA[20:32:40.253 [IPC Server handler 7 on default port 15163] ERROR OMAudit - user=runner | ip=127.0.0.1 | op=GET_FILE_STATUS {volume=volume10577, bucket=bucket68495, key=.Trash/runner, dataSize=0, replicationConfig=null} | ret=FAILURE
org.apache.hadoop.ozone.om.exceptions.OMException: Unable to get file status: volume: volume10577 bucket: bucket68495 key: .Trash/runner
	at org.apache.hadoop.ozone.om.KeyManagerImpl.getOzoneFileStatus(KeyManagerImpl.java:1195) ~[ozone-manager-1.4.0-SNAPSHOT.jar:?]
	at org.apache.hadoop.ozone.om.KeyManagerImpl.getFileStatus(KeyManagerImpl.java:1113) ~[ozone-manager-1.4.0-SNAPSHOT.jar:?]
	at org.apache.hadoop.ozone.om.OmMetadataReader.getFileStatus(OmMetadataReader.java:262) ~[ozone-manager-1.4.0-SNAPSHOT.jar:?]
	at org.apache.hadoop.ozone.om.OzoneManager.getFileStatus(OzoneManager.java:3530) ~[ozone-manager-1.4.0-SNAPSHOT.jar:?]
	at org.apache.hadoop.ozone.protocolPB.OzoneManagerRequestHandler.getOzoneFileStatus(OzoneManagerRequestHandler.java:971) ~[ozone-manager-1.4.0-SNAPSHOT.jar:?]
	at org.apache.hadoop.ozone.protocolPB.OzoneManagerRequestHandler.handleReadRequest(OzoneManagerRequestHandler.java:250) ~[ozone-manager-1.4.0-SNAPSHOT.jar:?]
	at org.apache.hadoop.ozone.protocolPB.OzoneManagerProtocolServerSideTranslatorPB.submitRequestDirectlyToOM(OzoneManagerProtocolServerSideTranslatorPB.java:274) ~[ozone-manager-1.4.0-SNAPSHOT.jar:?]
	at org.apache.hadoop.ozone.protocolPB.OzoneManagerProtocolServerSideTranslatorPB.processRequest(OzoneManagerProtocolServerSideTranslatorPB.java:175) ~[ozone-manager-1.4.0-SNAPSHOT.jar:?]
	at org.apache.hadoop.hdds.server.OzoneProtocolMessageDispatcher.processRequest(OzoneProtocolMessageDispatcher.java:87) [hdds-server-framework-1.4.0-SNAPSHOT.jar:?]
	at org.apache.hadoop.ozone.protocolPB.OzoneManagerProtocolServerSideTranslatorPB.submitRequest(OzoneManagerProtocolServerSideTranslatorPB.java:148) [ozone-manager-1.4.0-SNAPSHOT.jar:?]
	at org.apache.hadoop.ozone.protocol.proto.OzoneManagerProtocolProtos$OzoneManagerService$2.callBlockingMethod(OzoneManagerProtocolProtos.java) [ozone-interface-client-1.4.0-SNAPSHOT.jar:?]
	at org.apache.hadoop.ipc.ProtobufRpcEngine$Server.processCall(ProtobufRpcEngine.java:484) [hadoop-common-3.3.6.jar:?]
	at org.apache.hadoop.ipc.ProtobufRpcEngine2$Server$ProtoBufRpcInvoker.call(ProtobufRpcEngine2.java:595) [hadoop-common-3.3.6.jar:?]
	at org.apache.hadoop.ipc.ProtobufRpcEngine2$Server$ProtoBufRpcInvoker.call(ProtobufRpcEngine2.java:573) [hadoop-common-3.3.6.jar:?]
	at org.apache.hadoop.ipc.RPC$Server.call(RPC.java:1227) [hadoop-common-3.3.6.jar:?]
	at org.apache.hadoop.ipc.Server$RpcCall.run(Server.java:1094) [hadoop-common-3.3.6.jar:?]
	at org.apache.hadoop.ipc.Server$RpcCall.run(Server.java:1017) [hadoop-common-3.3.6.jar:?]
	at java.security.AccessController.doPrivileged(Native Method) ~[?:1.8.0_382]
	at javax.security.auth.Subject.doAs(Subject.java:422) [?:1.8.0_382]
	at org.apache.hadoop.security.UserGroupInformation.doAs(UserGroupInformation.java:1899) [hadoop-common-3.3.6.jar:?]
	at org.apache.hadoop.ipc.Server$Handler.run(Server.java:3048) [hadoop-common-3.3.6.jar:?]
20:32:40.257 [IPC Server handler 10 on default port 15163] ERROR OMAudit - user=runner | ip=127.0.0.1 | op=GET_FILE_STATUS {volume=volume10577, bucket=bucket68495, key=.Trash/runner/Current/testKey2, dataSize=0, replicationConfig=null} | ret=FAILURE
org.apache.hadoop.ozone.om.exceptions.OMException: Unable to get file status: volume: volume10577 bucket: bucket68495 key: .Trash/runner/Current/testKey2
	at org.apache.hadoop.ozone.om.KeyManagerImpl.getOzoneFileStatus(KeyManagerImpl.java:1195) ~[ozone-manager-1.4.0-SNAPSHOT.jar:?]
	at org.apache.hadoop.ozone.om.KeyManagerImpl.getFileStatus(KeyManagerImpl.java:1113) ~[ozone-manager-1.4.0-SNAPSHOT.jar:?]
	at org.apache.hadoop.ozone.om.OmMetadataReader.getFileStatus(OmMetadataReader.java:262) ~[ozone-manager-1.4.0-SNAPSHOT.jar:?]
	at org.apache.hadoop.ozone.om.OzoneManager.getFileStatus(OzoneManager.java:3530) ~[ozone-manager-1.4.0-SNAPSHOT.jar:?]
	at org.apache.hadoop.ozone.protocolPB.OzoneManagerRequestHandler.getOzoneFileStatus(OzoneManagerRequestHandler.java:971) ~[ozone-manager-1.4.0-SNAPSHOT.jar:?]
	at org.apache.hadoop.ozone.protocolPB.OzoneManagerRequestHandler.handleReadRequest(OzoneManagerRequestHandler.java:250) ~[ozone-manager-1.4.0-SNAPSHOT.jar:?]
	at org.apache.hadoop.ozone.protocolPB.OzoneManagerProtocolServerSideTranslatorPB.submitRequestDirectlyToOM(OzoneManagerProtocolServerSideTranslatorPB.java:274) ~[ozone-manager-1.4.0-SNAPSHOT.jar:?]
	at org.apache.hadoop.ozone.protocolPB.OzoneManagerProtocolServerSideTranslatorPB.processRequest(OzoneManagerProtocolServerSideTranslatorPB.java:175) ~[ozone-manager-1.4.0-SNAPSHOT.jar:?]
	at org.apache.hadoop.hdds.server.OzoneProtocolMessageDispatcher.processRequest(OzoneProtocolMessageDispatcher.java:87) [hdds-server-framework-1.4.0-SNAPSHOT.jar:?]
	at org.apache.hadoop.ozone.protocolPB.OzoneManagerProtocolServerSideTranslatorPB.submitRequest(OzoneManagerProtocolServerSideTranslatorPB.java:148) [ozone-manager-1.4.0-SNAPSHOT.jar:?]
	at org.apache.hadoop.ozone.protocol.proto.OzoneManagerProtocolProtos$OzoneManagerService$2.callBlockingMethod(OzoneManagerProtocolProtos.java) [ozone-interface-client-1.4.0-SNAPSHOT.jar:?]
	at org.apache.hadoop.ipc.ProtobufRpcEngine$Server.processCall(ProtobufRpcEngine.java:484) [hadoop-common-3.3.6.jar:?]
	at org.apache.hadoop.ipc.ProtobufRpcEngine2$Server$ProtoBufRpcInvoker.call(ProtobufRpcEngine2.java:595) [hadoop-common-3.3.6.jar:?]
	at org.apache.hadoop.ipc.ProtobufRpcEngine2$Server$ProtoBufRpcInvoker.call(ProtobufRpcEngine2.java:573) [hadoop-common-3.3.6.jar:?]
	at org.apache.hadoop.ipc.RPC$Server.call(RPC.java:1227) [hadoop-common-3.3.6.jar:?]
	at org.apache.hadoop.ipc.Server$RpcCall.run(Server.java:1094) [hadoop-common-3.3.6.jar:?]
	at org.apache.hadoop.ipc.Server$RpcCall.run(Server.java:1017) [hadoop-common-3.3.6.jar:?]
	at java.security.AccessController.doPrivileged(Native Method) ~[?:1.8.0_382]
	at javax.security.auth.Subject.doAs(Subject.java:422) [?:1.8.0_382]
	at org.apache.hadoop.security.UserGroupInformation.doAs(UserGroupInformation.java:1899) [hadoop-common-3.3.6.jar:?]
	at org.apache.hadoop.ipc.Server$Handler.run(Server.java:3048) [hadoop-common-3.3.6.jar:?]
20:32:40.259 [IPC Server handler 12 on default port 15163] ERROR OMAudit - user=runner | ip=127.0.0.1 | op=GET_FILE_STATUS {volume=volume10577, bucket=bucket68495, key=.Trash/runner/Current/testKey2, dataSize=0, replicationConfig=null} | ret=FAILURE
org.apache.hadoop.ozone.om.exceptions.OMException: Unable to get file status: volume: volume10577 bucket: bucket68495 key: .Trash/runner/Current/testKey2
	at org.apache.hadoop.ozone.om.KeyManagerImpl.getOzoneFileStatus(KeyManagerImpl.java:1195) ~[ozone-manager-1.4.0-SNAPSHOT.jar:?]
	at org.apache.hadoop.ozone.om.KeyManagerImpl.getFileStatus(KeyManagerImpl.java:1113) ~[ozone-manager-1.4.0-SNAPSHOT.jar:?]
	at org.apache.hadoop.ozone.om.OmMetadataReader.getFileStatus(OmMetadataReader.java:262) ~[ozone-manager-1.4.0-SNAPSHOT.jar:?]
	at org.apache.hadoop.ozone.om.OzoneManager.getFileStatus(OzoneManager.java:3530) ~[ozone-manager-1.4.0-SNAPSHOT.jar:?]
	at org.apache.hadoop.ozone.protocolPB.OzoneManagerRequestHandler.getOzoneFileStatus(OzoneManagerRequestHandler.java:971) ~[ozone-manager-1.4.0-SNAPSHOT.jar:?]
	at org.apache.hadoop.ozone.protocolPB.OzoneManagerRequestHandler.handleReadRequest(OzoneManagerRequestHandler.java:250) ~[ozone-manager-1.4.0-SNAPSHOT.jar:?]
	at org.apache.hadoop.ozone.protocolPB.OzoneManagerProtocolServerSideTranslatorPB.submitRequestDirectlyToOM(OzoneManagerProtocolServerSideTranslatorPB.java:274) ~[ozone-manager-1.4.0-SNAPSHOT.jar:?]
	at org.apache.hadoop.ozone.protocolPB.OzoneManagerProtocolServerSideTranslatorPB.processRequest(OzoneManagerProtocolServerSideTranslatorPB.java:175) ~[ozone-manager-1.4.0-SNAPSHOT.jar:?]
	at org.apache.hadoop.hdds.server.OzoneProtocolMessageDispatcher.processRequest(OzoneProtocolMessageDispatcher.java:87) [hdds-server-framework-1.4.0-SNAPSHOT.jar:?]
	at org.apache.hadoop.ozone.protocolPB.OzoneManagerProtocolServerSideTranslatorPB.submitRequest(OzoneManagerProtocolServerSideTranslatorPB.java:148) [ozone-manager-1.4.0-SNAPSHOT.jar:?]
	at org.apache.hadoop.ozone.protocol.proto.OzoneManagerProtocolProtos$OzoneManagerService$2.callBlockingMethod(OzoneManagerProtocolProtos.java) [ozone-interface-client-1.4.0-SNAPSHOT.jar:?]
	at org.apache.hadoop.ipc.ProtobufRpcEngine$Server.processCall(ProtobufRpcEngine.java:484) [hadoop-common-3.3.6.jar:?]
	at org.apache.hadoop.ipc.ProtobufRpcEngine2$Server$ProtoBufRpcInvoker.call(ProtobufRpcEngine2.java:595) [hadoop-common-3.3.6.jar:?]
	at org.apache.hadoop.ipc.ProtobufRpcEngine2$Server$ProtoBufRpcInvoker.call(ProtobufRpcEngine2.java:573) [hadoop-common-3.3.6.jar:?]
	at org.apache.hadoop.ipc.RPC$Server.call(RPC.java:1227) [hadoop-common-3.3.6.jar:?]
	at org.apache.hadoop.ipc.Server$RpcCall.run(Server.java:1094) [hadoop-common-3.3.6.jar:?]
	at org.apache.hadoop.ipc.Server$RpcCall.run(Server.java:1017) [hadoop-common-3.3.6.jar:?]
	at java.security.AccessController.doPrivileged(Native Method) ~[?:1.8.0_382]
	at javax.security.auth.Subject.doAs(Subject.java:422) [?:1.8.0_382]
	at org.apache.hadoop.security.UserGroupInformation.doAs(UserGroupInformation.java:1899) [hadoop-common-3.3.6.jar:?]
	at org.apache.hadoop.ipc.Server$Handler.run(Server.java:3048) [hadoop-common-3.3.6.jar:?]
2023-09-07 20:32:40,263 [Time-limited test] INFO  om.TrashPolicyOzone (TrashPolicyOzone.java:moveToTrash(209)) - Moved: '/testKey2' to trash at: o3fs://bucket68495.volume10577/.Trash/runner/Current/testKey2
20:32:40.569 [IPC Server handler 1 on default port 15163] ERROR OMAudit - user=runner | ip=127.0.0.1 | op=GET_FILE_STATUS {volume=volume10577, bucket=bucket68495, key=.Trash/runner/Current/testKey2, dataSize=0, replicationConfig=null} | ret=FAILURE
org.apache.hadoop.ozone.om.exceptions.OMException: Unable to get file status: volume: volume10577 bucket: bucket68495 key: .Trash/runner/Current/testKey2
	at org.apache.hadoop.ozone.om.KeyManagerImpl.getOzoneFileStatus(KeyManagerImpl.java:1195) ~[ozone-manager-1.4.0-SNAPSHOT.jar:?]
	at org.apache.hadoop.ozone.om.KeyManagerImpl.getFileStatus(KeyManagerImpl.java:1113) ~[ozone-manager-1.4.0-SNAPSHOT.jar:?]
	at org.apache.hadoop.ozone.om.OmMetadataReader.getFileStatus(OmMetadataReader.java:262) ~[ozone-manager-1.4.0-SNAPSHOT.jar:?]
	at org.apache.hadoop.ozone.om.OzoneManager.getFileStatus(OzoneManager.java:3530) ~[ozone-manager-1.4.0-SNAPSHOT.jar:?]
	at org.apache.hadoop.ozone.protocolPB.OzoneManagerRequestHandler.getOzoneFileStatus(OzoneManagerRequestHandler.java:971) ~[ozone-manager-1.4.0-SNAPSHOT.jar:?]
	at org.apache.hadoop.ozone.protocolPB.OzoneManagerRequestHandler.handleReadRequest(OzoneManagerRequestHandler.java:250) ~[ozone-manager-1.4.0-SNAPSHOT.jar:?]
	at org.apache.hadoop.ozone.protocolPB.OzoneManagerProtocolServerSideTranslatorPB.submitRequestDirectlyToOM(OzoneManagerProtocolServerSideTranslatorPB.java:274) ~[ozone-manager-1.4.0-SNAPSHOT.jar:?]
	at org.apache.hadoop.ozone.protocolPB.OzoneManagerProtocolServerSideTranslatorPB.processRequest(OzoneManagerProtocolServerSideTranslatorPB.java:175) ~[ozone-manager-1.4.0-SNAPSHOT.jar:?]
	at org.apache.hadoop.hdds.server.OzoneProtocolMessageDispatcher.processRequest(OzoneProtocolMessageDispatcher.java:87) [hdds-server-framework-1.4.0-SNAPSHOT.jar:?]
	at org.apache.hadoop.ozone.protocolPB.OzoneManagerProtocolServerSideTranslatorPB.submitRequest(OzoneManagerProtocolServerSideTranslatorPB.java:148) [ozone-manager-1.4.0-SNAPSHOT.jar:?]
	at org.apache.hadoop.ozone.protocol.proto.OzoneManagerProtocolProtos$OzoneManagerService$2.callBlockingMethod(OzoneManagerProtocolProtos.java) [ozone-interface-client-1.4.0-SNAPSHOT.jar:?]
	at org.apache.hadoop.ipc.ProtobufRpcEngine$Server.processCall(ProtobufRpcEngine.java:484) [hadoop-common-3.3.6.jar:?]
	at org.apache.hadoop.ipc.ProtobufRpcEngine2$Server$ProtoBufRpcInvoker.call(ProtobufRpcEngine2.java:595) [hadoop-common-3.3.6.jar:?]
	at org.apache.hadoop.ipc.ProtobufRpcEngine2$Server$ProtoBufRpcInvoker.call(ProtobufRpcEngine2.java:573) [hadoop-common-3.3.6.jar:?]
	at org.apache.hadoop.ipc.RPC$Server.call(RPC.java:1227) [hadoop-common-3.3.6.jar:?]
	at org.apache.hadoop.ipc.Server$RpcCall.run(Server.java:1094) [hadoop-common-3.3.6.jar:?]
	at org.apache.hadoop.ipc.Server$RpcCall.run(Server.java:1017) [hadoop-common-3.3.6.jar:?]
	at java.security.AccessController.doPrivileged(Native Method) ~[?:1.8.0_382]
	at javax.security.auth.Subject.doAs(Subject.java:422) [?:1.8.0_382]
	at org.apache.hadoop.security.UserGroupInformation.doAs(UserGroupInformation.java:1899) [hadoop-common-3.3.6.jar:?]
	at org.apache.hadoop.ipc.Server$Handler.run(Server.java:3048) [hadoop-common-3.3.6.jar:?]
2023-09-07 20:32:40,576 [07825d29-2aa2-46d6-9af1-6f352e44c8c5@group-8A5DE9A545A6-FollowerState] INFO  impl.FollowerState (FollowerState.java:run(143)) - 07825d29-2aa2-46d6-9af1-6f352e44c8c5@group-8A5DE9A545A6-FollowerState: change to CANDIDATE, lastRpcElapsedTime:5120555579ns, electionTimeout:5119ms
2023-09-07 20:32:40,576 [07825d29-2aa2-46d6-9af1-6f352e44c8c5@group-8A5DE9A545A6-FollowerState] INFO  impl.RoleInfo (RoleInfo.java:shutdownFollowerState(110)) - 07825d29-2aa2-46d6-9af1-6f352e44c8c5: shutdown 07825d29-2aa2-46d6-9af1-6f352e44c8c5@group-8A5DE9A545A6-FollowerState
2023-09-07 20:32:40,576 [07825d29-2aa2-46d6-9af1-6f352e44c8c5@group-8A5DE9A545A6-FollowerState] INFO  server.RaftServer$Division (RaftServerImpl.java:setRole(329)) - 07825d29-2aa2-46d6-9af1-6f352e44c8c5@group-8A5DE9A545A6: changes role from  FOLLOWER to CANDIDATE at term 0 for changeToCandidate
2023-09-07 20:32:40,576 [07825d29-2aa2-46d6-9af1-6f352e44c8c5@group-8A5DE9A545A6-FollowerState] INFO  server.RaftServerConfigKeys (ConfUtils.java:logGet(46)) - raft.server.leaderelection.pre-vote = true (default)
2023-09-07 20:32:40,576 [07825d29-2aa2-46d6-9af1-6f352e44c8c5@group-8A5DE9A545A6-FollowerState] INFO  impl.RoleInfo (RoleInfo.java:updateAndGet(139)) - 07825d29-2aa2-46d6-9af1-6f352e44c8c5: start 07825d29-2aa2-46d6-9af1-6f352e44c8c5@group-8A5DE9A545A6-LeaderElection39
2023-09-07 20:32:40,579 [07825d29-2aa2-46d6-9af1-6f352e44c8c5@group-8A5DE9A545A6-LeaderElection39] INFO  impl.LeaderElection (LeaderElection.java:askForVotes(321)) - 07825d29-2aa2-46d6-9af1-6f352e44c8c5@group-8A5DE9A545A6-LeaderElection39 PRE_VOTE round 0: submit vote requests at term 0 for -1: peers:[07825d29-2aa2-46d6-9af1-6f352e44c8c5|rpc:10.1.0.11:15209|admin:10.1.0.11:15208|client:10.1.0.11:15207|dataStream:10.1.0.11:15210|priority:1|startupRole:FOLLOWER]|listeners:[], old=null
2023-09-07 20:32:40,579 [07825d29-2aa2-46d6-9af1-6f352e44c8c5@group-8A5DE9A545A6-LeaderElection39] INFO  impl.LeaderElection (LeaderElection.java:askForVotes(323)) - 07825d29-2aa2-46d6-9af1-6f352e44c8c5@group-8A5DE9A545A6-LeaderElection39 PRE_VOTE round 0: result PASSED (term=0)
2023-09-07 20:32:40,581 [07825d29-2aa2-46d6-9af1-6f352e44c8c5@group-8A5DE9A545A6-LeaderElection39] INFO  impl.LeaderElection (LeaderElection.java:askForVotes(321)) - 07825d29-2aa2-46d6-9af1-6f352e44c8c5@group-8A5DE9A545A6-LeaderElection39 ELECTION round 0: submit vote requests at term 1 for -1: peers:[07825d29-2aa2-46d6-9af1-6f352e44c8c5|rpc:10.1.0.11:15209|admin:10.1.0.11:15208|client:10.1.0.11:15207|dataStream:10.1.0.11:15210|priority:1|startupRole:FOLLOWER]|listeners:[], old=null
2023-09-07 20:32:40,581 [07825d29-2aa2-46d6-9af1-6f352e44c8c5@group-8A5DE9A545A6-LeaderElection39] INFO  impl.LeaderElection (LeaderElection.java:askForVotes(323)) - 07825d29-2aa2-46d6-9af1-6f352e44c8c5@group-8A5DE9A545A6-LeaderElection39 ELECTION round 0: result PASSED (term=1)
2023-09-07 20:32:40,581 [07825d29-2aa2-46d6-9af1-6f352e44c8c5@group-8A5DE9A545A6-LeaderElection39] INFO  impl.RoleInfo (RoleInfo.java:shutdownLeaderElection(130)) - 07825d29-2aa2-46d6-9af1-6f352e44c8c5: shutdown 07825d29-2aa2-46d6-9af1-6f352e44c8c5@group-8A5DE9A545A6-LeaderElection39
2023-09-07 20:32:40,581 [07825d29-2aa2-46d6-9af1-6f352e44c8c5@group-8A5DE9A545A6-LeaderElection39] INFO  server.RaftServer$Division (RaftServerImpl.java:setRole(329)) - 07825d29-2aa2-46d6-9af1-6f352e44c8c5@group-8A5DE9A545A6: changes role from CANDIDATE to LEADER at term 1 for changeToLeader
2023-09-07 20:32:40,581 [07825d29-2aa2-46d6-9af1-6f352e44c8c5@group-8A5DE9A545A6-LeaderElection39] INFO  ratis.XceiverServerRatis (XceiverServerRatis.java:handleLeaderChangedNotification(902)) - Leader change notification received for group: group-8A5DE9A545A6 with new leaderId: 07825d29-2aa2-46d6-9af1-6f352e44c8c5
2023-09-07 20:32:40,582 [07825d29-2aa2-46d6-9af1-6f352e44c8c5@group-8A5DE9A545A6-LeaderElection39] INFO  server.RaftServer$Division (ServerState.java:setLeader(317)) - 07825d29-2aa2-46d6-9af1-6f352e44c8c5@group-8A5DE9A545A6: change Leader from null to 07825d29-2aa2-46d6-9af1-6f352e44c8c5 at term 1 for becomeLeader, leader elected after 5170ms
2023-09-07 20:32:40,582 [07825d29-2aa2-46d6-9af1-6f352e44c8c5@group-8A5DE9A545A6-LeaderElection39] INFO  server.RaftServerConfigKeys (ConfUtils.java:logGet(46)) - raft.server.staging.catchup.gap = 1000 (default)
2023-09-07 20:32:40,582 [07825d29-2aa2-46d6-9af1-6f352e44c8c5@group-8A5DE9A545A6-LeaderElection39] INFO  server.RaftServerConfigKeys (ConfUtils.java:logGet(46)) - raft.server.write.element-limit = 1024 (custom)
2023-09-07 20:32:40,582 [07825d29-2aa2-46d6-9af1-6f352e44c8c5@group-8A5DE9A545A6-LeaderElection39] INFO  server.RaftServerConfigKeys (ConfUtils.java:logGet(46)) - raft.server.write.byte-limit = 1024 M (=1073741824) (custom)
2023-09-07 20:32:40,582 [07825d29-2aa2-46d6-9af1-6f352e44c8c5@group-8A5DE9A545A6-LeaderElection39] INFO  server.RaftServerConfigKeys (ConfUtils.java:logGet(46)) - raft.server.watch.timeout = 180s (custom)
2023-09-07 20:32:40,582 [07825d29-2aa2-46d6-9af1-6f352e44c8c5@group-8A5DE9A545A6-LeaderElection39] INFO  server.RaftServerConfigKeys (ConfUtils.java:logGet(46)) - raft.server.watch.timeout.denomination = 1s (default)
2023-09-07 20:32:40,582 [07825d29-2aa2-46d6-9af1-6f352e44c8c5@group-8A5DE9A545A6-LeaderElection39] INFO  server.RaftServerConfigKeys (ConfUtils.java:logGet(46)) - raft.server.watch.element-limit = 65536 (default)
2023-09-07 20:32:40,583 [07825d29-2aa2-46d6-9af1-6f352e44c8c5@group-8A5DE9A545A6-LeaderElection39] INFO  server.RaftServerConfigKeys (ConfUtils.java:logGet(46)) - raft.server.write.element-limit = 1024 (custom)
2023-09-07 20:32:40,583 [07825d29-2aa2-46d6-9af1-6f352e44c8c5@group-8A5DE9A545A6-LeaderElection39] INFO  server.RaftServerConfigKeys (ConfUtils.java:logGet(46)) - raft.server.write.follower.gap.ratio.max = -1.0 (default)
2023-09-07 20:32:40,583 [07825d29-2aa2-46d6-9af1-6f352e44c8c5@group-8A5DE9A545A6-LeaderElection39] INFO  impl.RoleInfo (RoleInfo.java:updateAndGet(139)) - 07825d29-2aa2-46d6-9af1-6f352e44c8c5: start 07825d29-2aa2-46d6-9af1-6f352e44c8c5@group-8A5DE9A545A6-LeaderStateImpl
2023-09-07 20:32:40,583 [07825d29-2aa2-46d6-9af1-6f352e44c8c5@group-8A5DE9A545A6-LeaderElection39] INFO  segmented.SegmentedRaftLogWorker (SegmentedRaftLogWorker.java:startLogSegment(447)) - 07825d29-2aa2-46d6-9af1-6f352e44c8c5@group-8A5DE9A545A6-SegmentedRaftLogWorker: Starting segment from index:0
2023-09-07 20:32:40,584 [07825d29-2aa2-46d6-9af1-6f352e44c8c5@group-8A5DE9A545A6-LeaderElection39] INFO  server.RaftServer$Division (ServerState.java:setRaftConf(434)) - 07825d29-2aa2-46d6-9af1-6f352e44c8c5@group-8A5DE9A545A6: set configuration 0: peers:[07825d29-2aa2-46d6-9af1-6f352e44c8c5|rpc:10.1.0.11:15209|admin:10.1.0.11:15208|client:10.1.0.11:15207|dataStream:10.1.0.11:15210|priority:1|startupRole:FOLLOWER]|listeners:[], old=null
2023-09-07 20:32:40,585 [07825d29-2aa2-46d6-9af1-6f352e44c8c5@group-8A5DE9A545A6-SegmentedRaftLogWorker] INFO  segmented.SegmentedRaftLogWorker (SegmentedRaftLogWorker.java:execute(651)) - 07825d29-2aa2-46d6-9af1-6f352e44c8c5@group-8A5DE9A545A6-SegmentedRaftLogWorker: created new log segment /home/runner/work/ozone/ozone/hadoop-ozone/integration-test/target/test-dir/MiniOzoneClusterImpl-5752d0ac-6059-42ff-b166-1d3c6b9f978d/datanode-4/data/ratis/7b317df7-e041-4a3b-8844-8a5de9a545a6/current/log_inprogress_0
]]></system-out>
  </testcase>
  <testcase name="testRenameDestinationParentDoesntExist" classname="TestOzoneFileSystem" time="0.079">
    <system-out><![CDATA[20:27:42.104 [IPC Server handler 12 on default port 15004] ERROR OMAudit - user=runner | ip=127.0.0.1 | op=GET_FILE_STATUS {volume=volume63798, bucket=bucket90991, key=root_dir/b/c, dataSize=0, replicationConfig=null} | ret=FAILURE
org.apache.hadoop.ozone.om.exceptions.OMException: Unable to get file status: volume: volume63798 bucket: bucket90991 key: root_dir/b/c
	at org.apache.hadoop.ozone.om.KeyManagerImpl.getOzoneFileStatus(KeyManagerImpl.java:1195) ~[ozone-manager-1.4.0-SNAPSHOT.jar:?]
	at org.apache.hadoop.ozone.om.KeyManagerImpl.getFileStatus(KeyManagerImpl.java:1113) ~[ozone-manager-1.4.0-SNAPSHOT.jar:?]
	at org.apache.hadoop.ozone.om.OmMetadataReader.getFileStatus(OmMetadataReader.java:262) ~[ozone-manager-1.4.0-SNAPSHOT.jar:?]
	at org.apache.hadoop.ozone.om.OzoneManager.getFileStatus(OzoneManager.java:3530) ~[ozone-manager-1.4.0-SNAPSHOT.jar:?]
	at org.apache.hadoop.ozone.protocolPB.OzoneManagerRequestHandler.getOzoneFileStatus(OzoneManagerRequestHandler.java:971) ~[ozone-manager-1.4.0-SNAPSHOT.jar:?]
	at org.apache.hadoop.ozone.protocolPB.OzoneManagerRequestHandler.handleReadRequest(OzoneManagerRequestHandler.java:250) ~[ozone-manager-1.4.0-SNAPSHOT.jar:?]
	at org.apache.hadoop.ozone.protocolPB.OzoneManagerProtocolServerSideTranslatorPB.submitReadRequestToOM(OzoneManagerProtocolServerSideTranslatorPB.java:225) ~[ozone-manager-1.4.0-SNAPSHOT.jar:?]
	at org.apache.hadoop.ozone.protocolPB.OzoneManagerProtocolServerSideTranslatorPB.processRequest(OzoneManagerProtocolServerSideTranslatorPB.java:179) ~[ozone-manager-1.4.0-SNAPSHOT.jar:?]
	at org.apache.hadoop.hdds.server.OzoneProtocolMessageDispatcher.processRequest(OzoneProtocolMessageDispatcher.java:87) [hdds-server-framework-1.4.0-SNAPSHOT.jar:?]
	at org.apache.hadoop.ozone.protocolPB.OzoneManagerProtocolServerSideTranslatorPB.submitRequest(OzoneManagerProtocolServerSideTranslatorPB.java:148) [ozone-manager-1.4.0-SNAPSHOT.jar:?]
	at org.apache.hadoop.ozone.protocol.proto.OzoneManagerProtocolProtos$OzoneManagerService$2.callBlockingMethod(OzoneManagerProtocolProtos.java) [ozone-interface-client-1.4.0-SNAPSHOT.jar:?]
	at org.apache.hadoop.ipc.ProtobufRpcEngine$Server.processCall(ProtobufRpcEngine.java:484) [hadoop-common-3.3.6.jar:?]
	at org.apache.hadoop.ipc.ProtobufRpcEngine2$Server$ProtoBufRpcInvoker.call(ProtobufRpcEngine2.java:595) [hadoop-common-3.3.6.jar:?]
	at org.apache.hadoop.ipc.ProtobufRpcEngine2$Server$ProtoBufRpcInvoker.call(ProtobufRpcEngine2.java:573) [hadoop-common-3.3.6.jar:?]
	at org.apache.hadoop.ipc.RPC$Server.call(RPC.java:1227) [hadoop-common-3.3.6.jar:?]
	at org.apache.hadoop.ipc.Server$RpcCall.run(Server.java:1094) [hadoop-common-3.3.6.jar:?]
	at org.apache.hadoop.ipc.Server$RpcCall.run(Server.java:1017) [hadoop-common-3.3.6.jar:?]
	at java.security.AccessController.doPrivileged(Native Method) ~[?:1.8.0_382]
	at javax.security.auth.Subject.doAs(Subject.java:422) [?:1.8.0_382]
	at org.apache.hadoop.security.UserGroupInformation.doAs(UserGroupInformation.java:1899) [hadoop-common-3.3.6.jar:?]
	at org.apache.hadoop.ipc.Server$Handler.run(Server.java:3048) [hadoop-common-3.3.6.jar:?]
20:27:42.106 [IPC Server handler 11 on default port 15004] ERROR OMAudit - user=runner | ip=127.0.0.1 | op=GET_FILE_STATUS {volume=volume63798, bucket=bucket90991, key=root_dir/b, dataSize=0, replicationConfig=null} | ret=FAILURE
org.apache.hadoop.ozone.om.exceptions.OMException: Unable to get file status: volume: volume63798 bucket: bucket90991 key: root_dir/b
	at org.apache.hadoop.ozone.om.KeyManagerImpl.getOzoneFileStatus(KeyManagerImpl.java:1195) ~[ozone-manager-1.4.0-SNAPSHOT.jar:?]
	at org.apache.hadoop.ozone.om.KeyManagerImpl.getFileStatus(KeyManagerImpl.java:1113) ~[ozone-manager-1.4.0-SNAPSHOT.jar:?]
	at org.apache.hadoop.ozone.om.OmMetadataReader.getFileStatus(OmMetadataReader.java:262) ~[ozone-manager-1.4.0-SNAPSHOT.jar:?]
	at org.apache.hadoop.ozone.om.OzoneManager.getFileStatus(OzoneManager.java:3530) ~[ozone-manager-1.4.0-SNAPSHOT.jar:?]
	at org.apache.hadoop.ozone.protocolPB.OzoneManagerRequestHandler.getOzoneFileStatus(OzoneManagerRequestHandler.java:971) ~[ozone-manager-1.4.0-SNAPSHOT.jar:?]
	at org.apache.hadoop.ozone.protocolPB.OzoneManagerRequestHandler.handleReadRequest(OzoneManagerRequestHandler.java:250) ~[ozone-manager-1.4.0-SNAPSHOT.jar:?]
	at org.apache.hadoop.ozone.protocolPB.OzoneManagerProtocolServerSideTranslatorPB.submitReadRequestToOM(OzoneManagerProtocolServerSideTranslatorPB.java:225) ~[ozone-manager-1.4.0-SNAPSHOT.jar:?]
	at org.apache.hadoop.ozone.protocolPB.OzoneManagerProtocolServerSideTranslatorPB.processRequest(OzoneManagerProtocolServerSideTranslatorPB.java:179) ~[ozone-manager-1.4.0-SNAPSHOT.jar:?]
	at org.apache.hadoop.hdds.server.OzoneProtocolMessageDispatcher.processRequest(OzoneProtocolMessageDispatcher.java:87) [hdds-server-framework-1.4.0-SNAPSHOT.jar:?]
	at org.apache.hadoop.ozone.protocolPB.OzoneManagerProtocolServerSideTranslatorPB.submitRequest(OzoneManagerProtocolServerSideTranslatorPB.java:148) [ozone-manager-1.4.0-SNAPSHOT.jar:?]
	at org.apache.hadoop.ozone.protocol.proto.OzoneManagerProtocolProtos$OzoneManagerService$2.callBlockingMethod(OzoneManagerProtocolProtos.java) [ozone-interface-client-1.4.0-SNAPSHOT.jar:?]
	at org.apache.hadoop.ipc.ProtobufRpcEngine$Server.processCall(ProtobufRpcEngine.java:484) [hadoop-common-3.3.6.jar:?]
	at org.apache.hadoop.ipc.ProtobufRpcEngine2$Server$ProtoBufRpcInvoker.call(ProtobufRpcEngine2.java:595) [hadoop-common-3.3.6.jar:?]
	at org.apache.hadoop.ipc.ProtobufRpcEngine2$Server$ProtoBufRpcInvoker.call(ProtobufRpcEngine2.java:573) [hadoop-common-3.3.6.jar:?]
	at org.apache.hadoop.ipc.RPC$Server.call(RPC.java:1227) [hadoop-common-3.3.6.jar:?]
	at org.apache.hadoop.ipc.Server$RpcCall.run(Server.java:1094) [hadoop-common-3.3.6.jar:?]
	at org.apache.hadoop.ipc.Server$RpcCall.run(Server.java:1017) [hadoop-common-3.3.6.jar:?]
	at java.security.AccessController.doPrivileged(Native Method) ~[?:1.8.0_382]
	at javax.security.auth.Subject.doAs(Subject.java:422) [?:1.8.0_382]
	at org.apache.hadoop.security.UserGroupInformation.doAs(UserGroupInformation.java:1899) [hadoop-common-3.3.6.jar:?]
	at org.apache.hadoop.ipc.Server$Handler.run(Server.java:3048) [hadoop-common-3.3.6.jar:?]
20:27:42.135 [IPC Server handler 9 on default port 15004] ERROR OMAudit - user=runner | ip=127.0.0.1 | op=GET_FILE_STATUS {volume=volume63798, bucket=bucket90991, key=root_dir/file1/c, dataSize=0, replicationConfig=null} | ret=FAILURE
org.apache.hadoop.ozone.om.exceptions.OMException: Unable to get file status: volume: volume63798 bucket: bucket90991 key: root_dir/file1/c
	at org.apache.hadoop.ozone.om.KeyManagerImpl.getOzoneFileStatus(KeyManagerImpl.java:1195) ~[ozone-manager-1.4.0-SNAPSHOT.jar:?]
	at org.apache.hadoop.ozone.om.KeyManagerImpl.getFileStatus(KeyManagerImpl.java:1113) ~[ozone-manager-1.4.0-SNAPSHOT.jar:?]
	at org.apache.hadoop.ozone.om.OmMetadataReader.getFileStatus(OmMetadataReader.java:262) ~[ozone-manager-1.4.0-SNAPSHOT.jar:?]
	at org.apache.hadoop.ozone.om.OzoneManager.getFileStatus(OzoneManager.java:3530) ~[ozone-manager-1.4.0-SNAPSHOT.jar:?]
	at org.apache.hadoop.ozone.protocolPB.OzoneManagerRequestHandler.getOzoneFileStatus(OzoneManagerRequestHandler.java:971) ~[ozone-manager-1.4.0-SNAPSHOT.jar:?]
	at org.apache.hadoop.ozone.protocolPB.OzoneManagerRequestHandler.handleReadRequest(OzoneManagerRequestHandler.java:250) ~[ozone-manager-1.4.0-SNAPSHOT.jar:?]
	at org.apache.hadoop.ozone.protocolPB.OzoneManagerProtocolServerSideTranslatorPB.submitReadRequestToOM(OzoneManagerProtocolServerSideTranslatorPB.java:225) ~[ozone-manager-1.4.0-SNAPSHOT.jar:?]
	at org.apache.hadoop.ozone.protocolPB.OzoneManagerProtocolServerSideTranslatorPB.processRequest(OzoneManagerProtocolServerSideTranslatorPB.java:179) ~[ozone-manager-1.4.0-SNAPSHOT.jar:?]
	at org.apache.hadoop.hdds.server.OzoneProtocolMessageDispatcher.processRequest(OzoneProtocolMessageDispatcher.java:87) [hdds-server-framework-1.4.0-SNAPSHOT.jar:?]
	at org.apache.hadoop.ozone.protocolPB.OzoneManagerProtocolServerSideTranslatorPB.submitRequest(OzoneManagerProtocolServerSideTranslatorPB.java:148) [ozone-manager-1.4.0-SNAPSHOT.jar:?]
	at org.apache.hadoop.ozone.protocol.proto.OzoneManagerProtocolProtos$OzoneManagerService$2.callBlockingMethod(OzoneManagerProtocolProtos.java) [ozone-interface-client-1.4.0-SNAPSHOT.jar:?]
	at org.apache.hadoop.ipc.ProtobufRpcEngine$Server.processCall(ProtobufRpcEngine.java:484) [hadoop-common-3.3.6.jar:?]
	at org.apache.hadoop.ipc.ProtobufRpcEngine2$Server$ProtoBufRpcInvoker.call(ProtobufRpcEngine2.java:595) [hadoop-common-3.3.6.jar:?]
	at org.apache.hadoop.ipc.ProtobufRpcEngine2$Server$ProtoBufRpcInvoker.call(ProtobufRpcEngine2.java:573) [hadoop-common-3.3.6.jar:?]
	at org.apache.hadoop.ipc.RPC$Server.call(RPC.java:1227) [hadoop-common-3.3.6.jar:?]
	at org.apache.hadoop.ipc.Server$RpcCall.run(Server.java:1094) [hadoop-common-3.3.6.jar:?]
	at org.apache.hadoop.ipc.Server$RpcCall.run(Server.java:1017) [hadoop-common-3.3.6.jar:?]
	at java.security.AccessController.doPrivileged(Native Method) ~[?:1.8.0_382]
	at javax.security.auth.Subject.doAs(Subject.java:422) [?:1.8.0_382]
	at org.apache.hadoop.security.UserGroupInformation.doAs(UserGroupInformation.java:1899) [hadoop-common-3.3.6.jar:?]
	at org.apache.hadoop.ipc.Server$Handler.run(Server.java:3048) [hadoop-common-3.3.6.jar:?]
]]></system-out>
  </testcase>
  <testcase name="testRenameDestinationParentDoesntExist" classname="TestOzoneFileSystem" time="0.028">
    <system-out><![CDATA[20:29:40.564 [IPC Server handler 14 on default port 15057] ERROR OMAudit - user=runner | ip=127.0.0.1 | op=GET_FILE_STATUS {volume=volume62736, bucket=bucket10134, key=root_dir/b/c, dataSize=0, replicationConfig=null} | ret=FAILURE
org.apache.hadoop.ozone.om.exceptions.OMException: Unable to get file status: volume: volume62736 bucket: bucket10134 key: root_dir/b/c
	at org.apache.hadoop.ozone.om.KeyManagerImpl.getOzoneFileStatus(KeyManagerImpl.java:1195) ~[ozone-manager-1.4.0-SNAPSHOT.jar:?]
	at org.apache.hadoop.ozone.om.KeyManagerImpl.getFileStatus(KeyManagerImpl.java:1113) ~[ozone-manager-1.4.0-SNAPSHOT.jar:?]
	at org.apache.hadoop.ozone.om.OmMetadataReader.getFileStatus(OmMetadataReader.java:262) ~[ozone-manager-1.4.0-SNAPSHOT.jar:?]
	at org.apache.hadoop.ozone.om.OzoneManager.getFileStatus(OzoneManager.java:3530) ~[ozone-manager-1.4.0-SNAPSHOT.jar:?]
	at org.apache.hadoop.ozone.protocolPB.OzoneManagerRequestHandler.getOzoneFileStatus(OzoneManagerRequestHandler.java:971) ~[ozone-manager-1.4.0-SNAPSHOT.jar:?]
	at org.apache.hadoop.ozone.protocolPB.OzoneManagerRequestHandler.handleReadRequest(OzoneManagerRequestHandler.java:250) ~[ozone-manager-1.4.0-SNAPSHOT.jar:?]
	at org.apache.hadoop.ozone.protocolPB.OzoneManagerProtocolServerSideTranslatorPB.submitRequestDirectlyToOM(OzoneManagerProtocolServerSideTranslatorPB.java:274) ~[ozone-manager-1.4.0-SNAPSHOT.jar:?]
	at org.apache.hadoop.ozone.protocolPB.OzoneManagerProtocolServerSideTranslatorPB.processRequest(OzoneManagerProtocolServerSideTranslatorPB.java:175) ~[ozone-manager-1.4.0-SNAPSHOT.jar:?]
	at org.apache.hadoop.hdds.server.OzoneProtocolMessageDispatcher.processRequest(OzoneProtocolMessageDispatcher.java:87) [hdds-server-framework-1.4.0-SNAPSHOT.jar:?]
	at org.apache.hadoop.ozone.protocolPB.OzoneManagerProtocolServerSideTranslatorPB.submitRequest(OzoneManagerProtocolServerSideTranslatorPB.java:148) [ozone-manager-1.4.0-SNAPSHOT.jar:?]
	at org.apache.hadoop.ozone.protocol.proto.OzoneManagerProtocolProtos$OzoneManagerService$2.callBlockingMethod(OzoneManagerProtocolProtos.java) [ozone-interface-client-1.4.0-SNAPSHOT.jar:?]
	at org.apache.hadoop.ipc.ProtobufRpcEngine$Server.processCall(ProtobufRpcEngine.java:484) [hadoop-common-3.3.6.jar:?]
	at org.apache.hadoop.ipc.ProtobufRpcEngine2$Server$ProtoBufRpcInvoker.call(ProtobufRpcEngine2.java:595) [hadoop-common-3.3.6.jar:?]
	at org.apache.hadoop.ipc.ProtobufRpcEngine2$Server$ProtoBufRpcInvoker.call(ProtobufRpcEngine2.java:573) [hadoop-common-3.3.6.jar:?]
	at org.apache.hadoop.ipc.RPC$Server.call(RPC.java:1227) [hadoop-common-3.3.6.jar:?]
	at org.apache.hadoop.ipc.Server$RpcCall.run(Server.java:1094) [hadoop-common-3.3.6.jar:?]
	at org.apache.hadoop.ipc.Server$RpcCall.run(Server.java:1017) [hadoop-common-3.3.6.jar:?]
	at java.security.AccessController.doPrivileged(Native Method) ~[?:1.8.0_382]
	at javax.security.auth.Subject.doAs(Subject.java:422) [?:1.8.0_382]
	at org.apache.hadoop.security.UserGroupInformation.doAs(UserGroupInformation.java:1899) [hadoop-common-3.3.6.jar:?]
	at org.apache.hadoop.ipc.Server$Handler.run(Server.java:3048) [hadoop-common-3.3.6.jar:?]
20:29:40.565 [IPC Server handler 1 on default port 15057] ERROR OMAudit - user=runner | ip=127.0.0.1 | op=GET_FILE_STATUS {volume=volume62736, bucket=bucket10134, key=root_dir/b, dataSize=0, replicationConfig=null} | ret=FAILURE
org.apache.hadoop.ozone.om.exceptions.OMException: Unable to get file status: volume: volume62736 bucket: bucket10134 key: root_dir/b
	at org.apache.hadoop.ozone.om.KeyManagerImpl.getOzoneFileStatus(KeyManagerImpl.java:1195) ~[ozone-manager-1.4.0-SNAPSHOT.jar:?]
	at org.apache.hadoop.ozone.om.KeyManagerImpl.getFileStatus(KeyManagerImpl.java:1113) ~[ozone-manager-1.4.0-SNAPSHOT.jar:?]
	at org.apache.hadoop.ozone.om.OmMetadataReader.getFileStatus(OmMetadataReader.java:262) ~[ozone-manager-1.4.0-SNAPSHOT.jar:?]
	at org.apache.hadoop.ozone.om.OzoneManager.getFileStatus(OzoneManager.java:3530) ~[ozone-manager-1.4.0-SNAPSHOT.jar:?]
	at org.apache.hadoop.ozone.protocolPB.OzoneManagerRequestHandler.getOzoneFileStatus(OzoneManagerRequestHandler.java:971) ~[ozone-manager-1.4.0-SNAPSHOT.jar:?]
	at org.apache.hadoop.ozone.protocolPB.OzoneManagerRequestHandler.handleReadRequest(OzoneManagerRequestHandler.java:250) ~[ozone-manager-1.4.0-SNAPSHOT.jar:?]
	at org.apache.hadoop.ozone.protocolPB.OzoneManagerProtocolServerSideTranslatorPB.submitRequestDirectlyToOM(OzoneManagerProtocolServerSideTranslatorPB.java:274) ~[ozone-manager-1.4.0-SNAPSHOT.jar:?]
	at org.apache.hadoop.ozone.protocolPB.OzoneManagerProtocolServerSideTranslatorPB.processRequest(OzoneManagerProtocolServerSideTranslatorPB.java:175) ~[ozone-manager-1.4.0-SNAPSHOT.jar:?]
	at org.apache.hadoop.hdds.server.OzoneProtocolMessageDispatcher.processRequest(OzoneProtocolMessageDispatcher.java:87) [hdds-server-framework-1.4.0-SNAPSHOT.jar:?]
	at org.apache.hadoop.ozone.protocolPB.OzoneManagerProtocolServerSideTranslatorPB.submitRequest(OzoneManagerProtocolServerSideTranslatorPB.java:148) [ozone-manager-1.4.0-SNAPSHOT.jar:?]
	at org.apache.hadoop.ozone.protocol.proto.OzoneManagerProtocolProtos$OzoneManagerService$2.callBlockingMethod(OzoneManagerProtocolProtos.java) [ozone-interface-client-1.4.0-SNAPSHOT.jar:?]
	at org.apache.hadoop.ipc.ProtobufRpcEngine$Server.processCall(ProtobufRpcEngine.java:484) [hadoop-common-3.3.6.jar:?]
	at org.apache.hadoop.ipc.ProtobufRpcEngine2$Server$ProtoBufRpcInvoker.call(ProtobufRpcEngine2.java:595) [hadoop-common-3.3.6.jar:?]
	at org.apache.hadoop.ipc.ProtobufRpcEngine2$Server$ProtoBufRpcInvoker.call(ProtobufRpcEngine2.java:573) [hadoop-common-3.3.6.jar:?]
	at org.apache.hadoop.ipc.RPC$Server.call(RPC.java:1227) [hadoop-common-3.3.6.jar:?]
	at org.apache.hadoop.ipc.Server$RpcCall.run(Server.java:1094) [hadoop-common-3.3.6.jar:?]
	at org.apache.hadoop.ipc.Server$RpcCall.run(Server.java:1017) [hadoop-common-3.3.6.jar:?]
	at java.security.AccessController.doPrivileged(Native Method) ~[?:1.8.0_382]
	at javax.security.auth.Subject.doAs(Subject.java:422) [?:1.8.0_382]
	at org.apache.hadoop.security.UserGroupInformation.doAs(UserGroupInformation.java:1899) [hadoop-common-3.3.6.jar:?]
	at org.apache.hadoop.ipc.Server$Handler.run(Server.java:3048) [hadoop-common-3.3.6.jar:?]
20:29:40.577 [IPC Server handler 19 on default port 15057] ERROR OMAudit - user=runner | ip=127.0.0.1 | op=GET_FILE_STATUS {volume=volume62736, bucket=bucket10134, key=root_dir/file1/c, dataSize=0, replicationConfig=null} | ret=FAILURE
org.apache.hadoop.ozone.om.exceptions.OMException: Unable to get file status: volume: volume62736 bucket: bucket10134 key: root_dir/file1/c
	at org.apache.hadoop.ozone.om.KeyManagerImpl.getOzoneFileStatus(KeyManagerImpl.java:1195) ~[ozone-manager-1.4.0-SNAPSHOT.jar:?]
	at org.apache.hadoop.ozone.om.KeyManagerImpl.getFileStatus(KeyManagerImpl.java:1113) ~[ozone-manager-1.4.0-SNAPSHOT.jar:?]
	at org.apache.hadoop.ozone.om.OmMetadataReader.getFileStatus(OmMetadataReader.java:262) ~[ozone-manager-1.4.0-SNAPSHOT.jar:?]
	at org.apache.hadoop.ozone.om.OzoneManager.getFileStatus(OzoneManager.java:3530) ~[ozone-manager-1.4.0-SNAPSHOT.jar:?]
	at org.apache.hadoop.ozone.protocolPB.OzoneManagerRequestHandler.getOzoneFileStatus(OzoneManagerRequestHandler.java:971) ~[ozone-manager-1.4.0-SNAPSHOT.jar:?]
	at org.apache.hadoop.ozone.protocolPB.OzoneManagerRequestHandler.handleReadRequest(OzoneManagerRequestHandler.java:250) ~[ozone-manager-1.4.0-SNAPSHOT.jar:?]
	at org.apache.hadoop.ozone.protocolPB.OzoneManagerProtocolServerSideTranslatorPB.submitRequestDirectlyToOM(OzoneManagerProtocolServerSideTranslatorPB.java:274) ~[ozone-manager-1.4.0-SNAPSHOT.jar:?]
	at org.apache.hadoop.ozone.protocolPB.OzoneManagerProtocolServerSideTranslatorPB.processRequest(OzoneManagerProtocolServerSideTranslatorPB.java:175) ~[ozone-manager-1.4.0-SNAPSHOT.jar:?]
	at org.apache.hadoop.hdds.server.OzoneProtocolMessageDispatcher.processRequest(OzoneProtocolMessageDispatcher.java:87) [hdds-server-framework-1.4.0-SNAPSHOT.jar:?]
	at org.apache.hadoop.ozone.protocolPB.OzoneManagerProtocolServerSideTranslatorPB.submitRequest(OzoneManagerProtocolServerSideTranslatorPB.java:148) [ozone-manager-1.4.0-SNAPSHOT.jar:?]
	at org.apache.hadoop.ozone.protocol.proto.OzoneManagerProtocolProtos$OzoneManagerService$2.callBlockingMethod(OzoneManagerProtocolProtos.java) [ozone-interface-client-1.4.0-SNAPSHOT.jar:?]
	at org.apache.hadoop.ipc.ProtobufRpcEngine$Server.processCall(ProtobufRpcEngine.java:484) [hadoop-common-3.3.6.jar:?]
	at org.apache.hadoop.ipc.ProtobufRpcEngine2$Server$ProtoBufRpcInvoker.call(ProtobufRpcEngine2.java:595) [hadoop-common-3.3.6.jar:?]
	at org.apache.hadoop.ipc.ProtobufRpcEngine2$Server$ProtoBufRpcInvoker.call(ProtobufRpcEngine2.java:573) [hadoop-common-3.3.6.jar:?]
	at org.apache.hadoop.ipc.RPC$Server.call(RPC.java:1227) [hadoop-common-3.3.6.jar:?]
	at org.apache.hadoop.ipc.Server$RpcCall.run(Server.java:1094) [hadoop-common-3.3.6.jar:?]
	at org.apache.hadoop.ipc.Server$RpcCall.run(Server.java:1017) [hadoop-common-3.3.6.jar:?]
	at java.security.AccessController.doPrivileged(Native Method) ~[?:1.8.0_382]
	at javax.security.auth.Subject.doAs(Subject.java:422) [?:1.8.0_382]
	at org.apache.hadoop.security.UserGroupInformation.doAs(UserGroupInformation.java:1899) [hadoop-common-3.3.6.jar:?]
	at org.apache.hadoop.ipc.Server$Handler.run(Server.java:3048) [hadoop-common-3.3.6.jar:?]
]]></system-out>
  </testcase>
  <testcase name="testRenameDestinationParentDoesntExist" classname="TestOzoneFileSystem" time="0.034">
    <system-out><![CDATA[20:31:06.063 [IPC Server handler 16 on default port 15110] ERROR OMAudit - user=runner | ip=127.0.0.1 | op=GET_FILE_STATUS {volume=volume50105, bucket=bucket55116, key=root_dir/b/c, dataSize=0, replicationConfig=null} | ret=FAILURE
org.apache.hadoop.ozone.om.exceptions.OMException: Unable to get file status: volume: volume50105 bucket: bucket55116 key: root_dir/b/c
	at org.apache.hadoop.ozone.om.KeyManagerImpl.getOzoneFileStatus(KeyManagerImpl.java:1195) ~[ozone-manager-1.4.0-SNAPSHOT.jar:?]
	at org.apache.hadoop.ozone.om.KeyManagerImpl.getFileStatus(KeyManagerImpl.java:1113) ~[ozone-manager-1.4.0-SNAPSHOT.jar:?]
	at org.apache.hadoop.ozone.om.OmMetadataReader.getFileStatus(OmMetadataReader.java:262) ~[ozone-manager-1.4.0-SNAPSHOT.jar:?]
	at org.apache.hadoop.ozone.om.OzoneManager.getFileStatus(OzoneManager.java:3530) ~[ozone-manager-1.4.0-SNAPSHOT.jar:?]
	at org.apache.hadoop.ozone.protocolPB.OzoneManagerRequestHandler.getOzoneFileStatus(OzoneManagerRequestHandler.java:971) ~[ozone-manager-1.4.0-SNAPSHOT.jar:?]
	at org.apache.hadoop.ozone.protocolPB.OzoneManagerRequestHandler.handleReadRequest(OzoneManagerRequestHandler.java:250) ~[ozone-manager-1.4.0-SNAPSHOT.jar:?]
	at org.apache.hadoop.ozone.protocolPB.OzoneManagerProtocolServerSideTranslatorPB.submitReadRequestToOM(OzoneManagerProtocolServerSideTranslatorPB.java:225) ~[ozone-manager-1.4.0-SNAPSHOT.jar:?]
	at org.apache.hadoop.ozone.protocolPB.OzoneManagerProtocolServerSideTranslatorPB.processRequest(OzoneManagerProtocolServerSideTranslatorPB.java:179) ~[ozone-manager-1.4.0-SNAPSHOT.jar:?]
	at org.apache.hadoop.hdds.server.OzoneProtocolMessageDispatcher.processRequest(OzoneProtocolMessageDispatcher.java:87) [hdds-server-framework-1.4.0-SNAPSHOT.jar:?]
	at org.apache.hadoop.ozone.protocolPB.OzoneManagerProtocolServerSideTranslatorPB.submitRequest(OzoneManagerProtocolServerSideTranslatorPB.java:148) [ozone-manager-1.4.0-SNAPSHOT.jar:?]
	at org.apache.hadoop.ozone.protocol.proto.OzoneManagerProtocolProtos$OzoneManagerService$2.callBlockingMethod(OzoneManagerProtocolProtos.java) [ozone-interface-client-1.4.0-SNAPSHOT.jar:?]
	at org.apache.hadoop.ipc.ProtobufRpcEngine$Server.processCall(ProtobufRpcEngine.java:484) [hadoop-common-3.3.6.jar:?]
	at org.apache.hadoop.ipc.ProtobufRpcEngine2$Server$ProtoBufRpcInvoker.call(ProtobufRpcEngine2.java:595) [hadoop-common-3.3.6.jar:?]
	at org.apache.hadoop.ipc.ProtobufRpcEngine2$Server$ProtoBufRpcInvoker.call(ProtobufRpcEngine2.java:573) [hadoop-common-3.3.6.jar:?]
	at org.apache.hadoop.ipc.RPC$Server.call(RPC.java:1227) [hadoop-common-3.3.6.jar:?]
	at org.apache.hadoop.ipc.Server$RpcCall.run(Server.java:1094) [hadoop-common-3.3.6.jar:?]
	at org.apache.hadoop.ipc.Server$RpcCall.run(Server.java:1017) [hadoop-common-3.3.6.jar:?]
	at java.security.AccessController.doPrivileged(Native Method) ~[?:1.8.0_382]
	at javax.security.auth.Subject.doAs(Subject.java:422) [?:1.8.0_382]
	at org.apache.hadoop.security.UserGroupInformation.doAs(UserGroupInformation.java:1899) [hadoop-common-3.3.6.jar:?]
	at org.apache.hadoop.ipc.Server$Handler.run(Server.java:3048) [hadoop-common-3.3.6.jar:?]
20:31:06.065 [IPC Server handler 19 on default port 15110] ERROR OMAudit - user=runner | ip=127.0.0.1 | op=GET_FILE_STATUS {volume=volume50105, bucket=bucket55116, key=root_dir/b, dataSize=0, replicationConfig=null} | ret=FAILURE
org.apache.hadoop.ozone.om.exceptions.OMException: Unable to get file status: volume: volume50105 bucket: bucket55116 key: root_dir/b
	at org.apache.hadoop.ozone.om.KeyManagerImpl.getOzoneFileStatus(KeyManagerImpl.java:1195) ~[ozone-manager-1.4.0-SNAPSHOT.jar:?]
	at org.apache.hadoop.ozone.om.KeyManagerImpl.getFileStatus(KeyManagerImpl.java:1113) ~[ozone-manager-1.4.0-SNAPSHOT.jar:?]
	at org.apache.hadoop.ozone.om.OmMetadataReader.getFileStatus(OmMetadataReader.java:262) ~[ozone-manager-1.4.0-SNAPSHOT.jar:?]
	at org.apache.hadoop.ozone.om.OzoneManager.getFileStatus(OzoneManager.java:3530) ~[ozone-manager-1.4.0-SNAPSHOT.jar:?]
	at org.apache.hadoop.ozone.protocolPB.OzoneManagerRequestHandler.getOzoneFileStatus(OzoneManagerRequestHandler.java:971) ~[ozone-manager-1.4.0-SNAPSHOT.jar:?]
	at org.apache.hadoop.ozone.protocolPB.OzoneManagerRequestHandler.handleReadRequest(OzoneManagerRequestHandler.java:250) ~[ozone-manager-1.4.0-SNAPSHOT.jar:?]
	at org.apache.hadoop.ozone.protocolPB.OzoneManagerProtocolServerSideTranslatorPB.submitReadRequestToOM(OzoneManagerProtocolServerSideTranslatorPB.java:225) ~[ozone-manager-1.4.0-SNAPSHOT.jar:?]
	at org.apache.hadoop.ozone.protocolPB.OzoneManagerProtocolServerSideTranslatorPB.processRequest(OzoneManagerProtocolServerSideTranslatorPB.java:179) ~[ozone-manager-1.4.0-SNAPSHOT.jar:?]
	at org.apache.hadoop.hdds.server.OzoneProtocolMessageDispatcher.processRequest(OzoneProtocolMessageDispatcher.java:87) [hdds-server-framework-1.4.0-SNAPSHOT.jar:?]
	at org.apache.hadoop.ozone.protocolPB.OzoneManagerProtocolServerSideTranslatorPB.submitRequest(OzoneManagerProtocolServerSideTranslatorPB.java:148) [ozone-manager-1.4.0-SNAPSHOT.jar:?]
	at org.apache.hadoop.ozone.protocol.proto.OzoneManagerProtocolProtos$OzoneManagerService$2.callBlockingMethod(OzoneManagerProtocolProtos.java) [ozone-interface-client-1.4.0-SNAPSHOT.jar:?]
	at org.apache.hadoop.ipc.ProtobufRpcEngine$Server.processCall(ProtobufRpcEngine.java:484) [hadoop-common-3.3.6.jar:?]
	at org.apache.hadoop.ipc.ProtobufRpcEngine2$Server$ProtoBufRpcInvoker.call(ProtobufRpcEngine2.java:595) [hadoop-common-3.3.6.jar:?]
	at org.apache.hadoop.ipc.ProtobufRpcEngine2$Server$ProtoBufRpcInvoker.call(ProtobufRpcEngine2.java:573) [hadoop-common-3.3.6.jar:?]
	at org.apache.hadoop.ipc.RPC$Server.call(RPC.java:1227) [hadoop-common-3.3.6.jar:?]
	at org.apache.hadoop.ipc.Server$RpcCall.run(Server.java:1094) [hadoop-common-3.3.6.jar:?]
	at org.apache.hadoop.ipc.Server$RpcCall.run(Server.java:1017) [hadoop-common-3.3.6.jar:?]
	at java.security.AccessController.doPrivileged(Native Method) ~[?:1.8.0_382]
	at javax.security.auth.Subject.doAs(Subject.java:422) [?:1.8.0_382]
	at org.apache.hadoop.security.UserGroupInformation.doAs(UserGroupInformation.java:1899) [hadoop-common-3.3.6.jar:?]
	at org.apache.hadoop.ipc.Server$Handler.run(Server.java:3048) [hadoop-common-3.3.6.jar:?]
20:31:06.082 [IPC Server handler 1 on default port 15110] ERROR OMAudit - user=runner | ip=127.0.0.1 | op=GET_FILE_STATUS {volume=volume50105, bucket=bucket55116, key=root_dir/file1/c, dataSize=0, replicationConfig=null} | ret=FAILURE
org.apache.hadoop.ozone.om.exceptions.OMException: Unable to get file status: volume: volume50105 bucket: bucket55116 key: root_dir/file1/c
	at org.apache.hadoop.ozone.om.KeyManagerImpl.getOzoneFileStatus(KeyManagerImpl.java:1195) ~[ozone-manager-1.4.0-SNAPSHOT.jar:?]
	at org.apache.hadoop.ozone.om.KeyManagerImpl.getFileStatus(KeyManagerImpl.java:1113) ~[ozone-manager-1.4.0-SNAPSHOT.jar:?]
	at org.apache.hadoop.ozone.om.OmMetadataReader.getFileStatus(OmMetadataReader.java:262) ~[ozone-manager-1.4.0-SNAPSHOT.jar:?]
	at org.apache.hadoop.ozone.om.OzoneManager.getFileStatus(OzoneManager.java:3530) ~[ozone-manager-1.4.0-SNAPSHOT.jar:?]
	at org.apache.hadoop.ozone.protocolPB.OzoneManagerRequestHandler.getOzoneFileStatus(OzoneManagerRequestHandler.java:971) ~[ozone-manager-1.4.0-SNAPSHOT.jar:?]
	at org.apache.hadoop.ozone.protocolPB.OzoneManagerRequestHandler.handleReadRequest(OzoneManagerRequestHandler.java:250) ~[ozone-manager-1.4.0-SNAPSHOT.jar:?]
	at org.apache.hadoop.ozone.protocolPB.OzoneManagerProtocolServerSideTranslatorPB.submitReadRequestToOM(OzoneManagerProtocolServerSideTranslatorPB.java:225) ~[ozone-manager-1.4.0-SNAPSHOT.jar:?]
	at org.apache.hadoop.ozone.protocolPB.OzoneManagerProtocolServerSideTranslatorPB.processRequest(OzoneManagerProtocolServerSideTranslatorPB.java:179) ~[ozone-manager-1.4.0-SNAPSHOT.jar:?]
	at org.apache.hadoop.hdds.server.OzoneProtocolMessageDispatcher.processRequest(OzoneProtocolMessageDispatcher.java:87) [hdds-server-framework-1.4.0-SNAPSHOT.jar:?]
	at org.apache.hadoop.ozone.protocolPB.OzoneManagerProtocolServerSideTranslatorPB.submitRequest(OzoneManagerProtocolServerSideTranslatorPB.java:148) [ozone-manager-1.4.0-SNAPSHOT.jar:?]
	at org.apache.hadoop.ozone.protocol.proto.OzoneManagerProtocolProtos$OzoneManagerService$2.callBlockingMethod(OzoneManagerProtocolProtos.java) [ozone-interface-client-1.4.0-SNAPSHOT.jar:?]
	at org.apache.hadoop.ipc.ProtobufRpcEngine$Server.processCall(ProtobufRpcEngine.java:484) [hadoop-common-3.3.6.jar:?]
	at org.apache.hadoop.ipc.ProtobufRpcEngine2$Server$ProtoBufRpcInvoker.call(ProtobufRpcEngine2.java:595) [hadoop-common-3.3.6.jar:?]
	at org.apache.hadoop.ipc.ProtobufRpcEngine2$Server$ProtoBufRpcInvoker.call(ProtobufRpcEngine2.java:573) [hadoop-common-3.3.6.jar:?]
	at org.apache.hadoop.ipc.RPC$Server.call(RPC.java:1227) [hadoop-common-3.3.6.jar:?]
	at org.apache.hadoop.ipc.Server$RpcCall.run(Server.java:1094) [hadoop-common-3.3.6.jar:?]
	at org.apache.hadoop.ipc.Server$RpcCall.run(Server.java:1017) [hadoop-common-3.3.6.jar:?]
	at java.security.AccessController.doPrivileged(Native Method) ~[?:1.8.0_382]
	at javax.security.auth.Subject.doAs(Subject.java:422) [?:1.8.0_382]
	at org.apache.hadoop.security.UserGroupInformation.doAs(UserGroupInformation.java:1899) [hadoop-common-3.3.6.jar:?]
	at org.apache.hadoop.ipc.Server$Handler.run(Server.java:3048) [hadoop-common-3.3.6.jar:?]
]]></system-out>
  </testcase>
  <testcase name="testRenameDestinationParentDoesntExist" classname="TestOzoneFileSystem" time="0.021">
    <system-out><![CDATA[20:32:43.590 [IPC Server handler 15 on default port 15163] ERROR OMAudit - user=runner | ip=127.0.0.1 | op=GET_FILE_STATUS {volume=volume10577, bucket=bucket68495, key=root_dir/b/c, dataSize=0, replicationConfig=null} | ret=FAILURE
org.apache.hadoop.ozone.om.exceptions.OMException: Unable to get file status: volume: volume10577 bucket: bucket68495 key: root_dir/b/c
	at org.apache.hadoop.ozone.om.KeyManagerImpl.getOzoneFileStatus(KeyManagerImpl.java:1195) ~[ozone-manager-1.4.0-SNAPSHOT.jar:?]
	at org.apache.hadoop.ozone.om.KeyManagerImpl.getFileStatus(KeyManagerImpl.java:1113) ~[ozone-manager-1.4.0-SNAPSHOT.jar:?]
	at org.apache.hadoop.ozone.om.OmMetadataReader.getFileStatus(OmMetadataReader.java:262) ~[ozone-manager-1.4.0-SNAPSHOT.jar:?]
	at org.apache.hadoop.ozone.om.OzoneManager.getFileStatus(OzoneManager.java:3530) ~[ozone-manager-1.4.0-SNAPSHOT.jar:?]
	at org.apache.hadoop.ozone.protocolPB.OzoneManagerRequestHandler.getOzoneFileStatus(OzoneManagerRequestHandler.java:971) ~[ozone-manager-1.4.0-SNAPSHOT.jar:?]
	at org.apache.hadoop.ozone.protocolPB.OzoneManagerRequestHandler.handleReadRequest(OzoneManagerRequestHandler.java:250) ~[ozone-manager-1.4.0-SNAPSHOT.jar:?]
	at org.apache.hadoop.ozone.protocolPB.OzoneManagerProtocolServerSideTranslatorPB.submitRequestDirectlyToOM(OzoneManagerProtocolServerSideTranslatorPB.java:274) ~[ozone-manager-1.4.0-SNAPSHOT.jar:?]
	at org.apache.hadoop.ozone.protocolPB.OzoneManagerProtocolServerSideTranslatorPB.processRequest(OzoneManagerProtocolServerSideTranslatorPB.java:175) ~[ozone-manager-1.4.0-SNAPSHOT.jar:?]
	at org.apache.hadoop.hdds.server.OzoneProtocolMessageDispatcher.processRequest(OzoneProtocolMessageDispatcher.java:87) [hdds-server-framework-1.4.0-SNAPSHOT.jar:?]
	at org.apache.hadoop.ozone.protocolPB.OzoneManagerProtocolServerSideTranslatorPB.submitRequest(OzoneManagerProtocolServerSideTranslatorPB.java:148) [ozone-manager-1.4.0-SNAPSHOT.jar:?]
	at org.apache.hadoop.ozone.protocol.proto.OzoneManagerProtocolProtos$OzoneManagerService$2.callBlockingMethod(OzoneManagerProtocolProtos.java) [ozone-interface-client-1.4.0-SNAPSHOT.jar:?]
	at org.apache.hadoop.ipc.ProtobufRpcEngine$Server.processCall(ProtobufRpcEngine.java:484) [hadoop-common-3.3.6.jar:?]
	at org.apache.hadoop.ipc.ProtobufRpcEngine2$Server$ProtoBufRpcInvoker.call(ProtobufRpcEngine2.java:595) [hadoop-common-3.3.6.jar:?]
	at org.apache.hadoop.ipc.ProtobufRpcEngine2$Server$ProtoBufRpcInvoker.call(ProtobufRpcEngine2.java:573) [hadoop-common-3.3.6.jar:?]
	at org.apache.hadoop.ipc.RPC$Server.call(RPC.java:1227) [hadoop-common-3.3.6.jar:?]
	at org.apache.hadoop.ipc.Server$RpcCall.run(Server.java:1094) [hadoop-common-3.3.6.jar:?]
	at org.apache.hadoop.ipc.Server$RpcCall.run(Server.java:1017) [hadoop-common-3.3.6.jar:?]
	at java.security.AccessController.doPrivileged(Native Method) ~[?:1.8.0_382]
	at javax.security.auth.Subject.doAs(Subject.java:422) [?:1.8.0_382]
	at org.apache.hadoop.security.UserGroupInformation.doAs(UserGroupInformation.java:1899) [hadoop-common-3.3.6.jar:?]
	at org.apache.hadoop.ipc.Server$Handler.run(Server.java:3048) [hadoop-common-3.3.6.jar:?]
20:32:43.592 [IPC Server handler 13 on default port 15163] ERROR OMAudit - user=runner | ip=127.0.0.1 | op=GET_FILE_STATUS {volume=volume10577, bucket=bucket68495, key=root_dir/b, dataSize=0, replicationConfig=null} | ret=FAILURE
org.apache.hadoop.ozone.om.exceptions.OMException: Unable to get file status: volume: volume10577 bucket: bucket68495 key: root_dir/b
	at org.apache.hadoop.ozone.om.KeyManagerImpl.getOzoneFileStatus(KeyManagerImpl.java:1195) ~[ozone-manager-1.4.0-SNAPSHOT.jar:?]
	at org.apache.hadoop.ozone.om.KeyManagerImpl.getFileStatus(KeyManagerImpl.java:1113) ~[ozone-manager-1.4.0-SNAPSHOT.jar:?]
	at org.apache.hadoop.ozone.om.OmMetadataReader.getFileStatus(OmMetadataReader.java:262) ~[ozone-manager-1.4.0-SNAPSHOT.jar:?]
	at org.apache.hadoop.ozone.om.OzoneManager.getFileStatus(OzoneManager.java:3530) ~[ozone-manager-1.4.0-SNAPSHOT.jar:?]
	at org.apache.hadoop.ozone.protocolPB.OzoneManagerRequestHandler.getOzoneFileStatus(OzoneManagerRequestHandler.java:971) ~[ozone-manager-1.4.0-SNAPSHOT.jar:?]
	at org.apache.hadoop.ozone.protocolPB.OzoneManagerRequestHandler.handleReadRequest(OzoneManagerRequestHandler.java:250) ~[ozone-manager-1.4.0-SNAPSHOT.jar:?]
	at org.apache.hadoop.ozone.protocolPB.OzoneManagerProtocolServerSideTranslatorPB.submitRequestDirectlyToOM(OzoneManagerProtocolServerSideTranslatorPB.java:274) ~[ozone-manager-1.4.0-SNAPSHOT.jar:?]
	at org.apache.hadoop.ozone.protocolPB.OzoneManagerProtocolServerSideTranslatorPB.processRequest(OzoneManagerProtocolServerSideTranslatorPB.java:175) ~[ozone-manager-1.4.0-SNAPSHOT.jar:?]
	at org.apache.hadoop.hdds.server.OzoneProtocolMessageDispatcher.processRequest(OzoneProtocolMessageDispatcher.java:87) [hdds-server-framework-1.4.0-SNAPSHOT.jar:?]
	at org.apache.hadoop.ozone.protocolPB.OzoneManagerProtocolServerSideTranslatorPB.submitRequest(OzoneManagerProtocolServerSideTranslatorPB.java:148) [ozone-manager-1.4.0-SNAPSHOT.jar:?]
	at org.apache.hadoop.ozone.protocol.proto.OzoneManagerProtocolProtos$OzoneManagerService$2.callBlockingMethod(OzoneManagerProtocolProtos.java) [ozone-interface-client-1.4.0-SNAPSHOT.jar:?]
	at org.apache.hadoop.ipc.ProtobufRpcEngine$Server.processCall(ProtobufRpcEngine.java:484) [hadoop-common-3.3.6.jar:?]
	at org.apache.hadoop.ipc.ProtobufRpcEngine2$Server$ProtoBufRpcInvoker.call(ProtobufRpcEngine2.java:595) [hadoop-common-3.3.6.jar:?]
	at org.apache.hadoop.ipc.ProtobufRpcEngine2$Server$ProtoBufRpcInvoker.call(ProtobufRpcEngine2.java:573) [hadoop-common-3.3.6.jar:?]
	at org.apache.hadoop.ipc.RPC$Server.call(RPC.java:1227) [hadoop-common-3.3.6.jar:?]
	at org.apache.hadoop.ipc.Server$RpcCall.run(Server.java:1094) [hadoop-common-3.3.6.jar:?]
	at org.apache.hadoop.ipc.Server$RpcCall.run(Server.java:1017) [hadoop-common-3.3.6.jar:?]
	at java.security.AccessController.doPrivileged(Native Method) ~[?:1.8.0_382]
	at javax.security.auth.Subject.doAs(Subject.java:422) [?:1.8.0_382]
	at org.apache.hadoop.security.UserGroupInformation.doAs(UserGroupInformation.java:1899) [hadoop-common-3.3.6.jar:?]
	at org.apache.hadoop.ipc.Server$Handler.run(Server.java:3048) [hadoop-common-3.3.6.jar:?]
20:32:43.599 [IPC Server handler 1 on default port 15163] ERROR OMAudit - user=runner | ip=127.0.0.1 | op=GET_FILE_STATUS {volume=volume10577, bucket=bucket68495, key=root_dir/file1/c, dataSize=0, replicationConfig=null} | ret=FAILURE
org.apache.hadoop.ozone.om.exceptions.OMException: Unable to get file status: volume: volume10577 bucket: bucket68495 key: root_dir/file1/c
	at org.apache.hadoop.ozone.om.KeyManagerImpl.getOzoneFileStatus(KeyManagerImpl.java:1195) ~[ozone-manager-1.4.0-SNAPSHOT.jar:?]
	at org.apache.hadoop.ozone.om.KeyManagerImpl.getFileStatus(KeyManagerImpl.java:1113) ~[ozone-manager-1.4.0-SNAPSHOT.jar:?]
	at org.apache.hadoop.ozone.om.OmMetadataReader.getFileStatus(OmMetadataReader.java:262) ~[ozone-manager-1.4.0-SNAPSHOT.jar:?]
	at org.apache.hadoop.ozone.om.OzoneManager.getFileStatus(OzoneManager.java:3530) ~[ozone-manager-1.4.0-SNAPSHOT.jar:?]
	at org.apache.hadoop.ozone.protocolPB.OzoneManagerRequestHandler.getOzoneFileStatus(OzoneManagerRequestHandler.java:971) ~[ozone-manager-1.4.0-SNAPSHOT.jar:?]
	at org.apache.hadoop.ozone.protocolPB.OzoneManagerRequestHandler.handleReadRequest(OzoneManagerRequestHandler.java:250) ~[ozone-manager-1.4.0-SNAPSHOT.jar:?]
	at org.apache.hadoop.ozone.protocolPB.OzoneManagerProtocolServerSideTranslatorPB.submitRequestDirectlyToOM(OzoneManagerProtocolServerSideTranslatorPB.java:274) ~[ozone-manager-1.4.0-SNAPSHOT.jar:?]
	at org.apache.hadoop.ozone.protocolPB.OzoneManagerProtocolServerSideTranslatorPB.processRequest(OzoneManagerProtocolServerSideTranslatorPB.java:175) ~[ozone-manager-1.4.0-SNAPSHOT.jar:?]
	at org.apache.hadoop.hdds.server.OzoneProtocolMessageDispatcher.processRequest(OzoneProtocolMessageDispatcher.java:87) [hdds-server-framework-1.4.0-SNAPSHOT.jar:?]
	at org.apache.hadoop.ozone.protocolPB.OzoneManagerProtocolServerSideTranslatorPB.submitRequest(OzoneManagerProtocolServerSideTranslatorPB.java:148) [ozone-manager-1.4.0-SNAPSHOT.jar:?]
	at org.apache.hadoop.ozone.protocol.proto.OzoneManagerProtocolProtos$OzoneManagerService$2.callBlockingMethod(OzoneManagerProtocolProtos.java) [ozone-interface-client-1.4.0-SNAPSHOT.jar:?]
	at org.apache.hadoop.ipc.ProtobufRpcEngine$Server.processCall(ProtobufRpcEngine.java:484) [hadoop-common-3.3.6.jar:?]
	at org.apache.hadoop.ipc.ProtobufRpcEngine2$Server$ProtoBufRpcInvoker.call(ProtobufRpcEngine2.java:595) [hadoop-common-3.3.6.jar:?]
	at org.apache.hadoop.ipc.ProtobufRpcEngine2$Server$ProtoBufRpcInvoker.call(ProtobufRpcEngine2.java:573) [hadoop-common-3.3.6.jar:?]
	at org.apache.hadoop.ipc.RPC$Server.call(RPC.java:1227) [hadoop-common-3.3.6.jar:?]
	at org.apache.hadoop.ipc.Server$RpcCall.run(Server.java:1094) [hadoop-common-3.3.6.jar:?]
	at org.apache.hadoop.ipc.Server$RpcCall.run(Server.java:1017) [hadoop-common-3.3.6.jar:?]
	at java.security.AccessController.doPrivileged(Native Method) ~[?:1.8.0_382]
	at javax.security.auth.Subject.doAs(Subject.java:422) [?:1.8.0_382]
	at org.apache.hadoop.security.UserGroupInformation.doAs(UserGroupInformation.java:1899) [hadoop-common-3.3.6.jar:?]
	at org.apache.hadoop.ipc.Server$Handler.run(Server.java:3048) [hadoop-common-3.3.6.jar:?]
]]></system-out>
  </testcase>
  <testcase name="testCreateWithInvalidPaths" classname="TestOzoneFileSystem" time="0.007"/>
  <testcase name="testCreateWithInvalidPaths" classname="TestOzoneFileSystem" time="0.004"/>
  <testcase name="testCreateWithInvalidPaths" classname="TestOzoneFileSystem" time="0.005"/>
  <testcase name="testCreateWithInvalidPaths" classname="TestOzoneFileSystem" time="0.002"/>
  <testcase name="testListStatusOnRoot" classname="TestOzoneFileSystem" time="0.073"/>
  <testcase name="testListStatusOnRoot" classname="TestOzoneFileSystem" time="0.023"/>
  <testcase name="testListStatusOnRoot" classname="TestOzoneFileSystem" time="0.028"/>
  <testcase name="testListStatusOnRoot" classname="TestOzoneFileSystem" time="0.02"/>
  <testcase name="testRenameWithNonExistentSource" classname="TestOzoneFileSystem" time="0.042">
    <system-out><![CDATA[2023-09-07 20:27:42,261 [Time-limited test] INFO  ozone.TestOzoneFileSystem (TestOzoneFileSystem.java:testRenameWithNonExistentSource(1159)) - Created destin dir: o3fs://bucket90991.volume63798/root/dir2
2023-09-07 20:27:42,262 [Time-limited test] INFO  ozone.TestOzoneFileSystem (TestOzoneFileSystem.java:testRenameWithNonExistentSource(1161)) - Rename op-> source:o3fs://bucket90991.volume63798/root/dir1 to destin:o3fs://bucket90991.volume63798/root/dir2}
20:27:42.265 [IPC Server handler 15 on default port 15004] ERROR OMAudit - user=runner | ip=127.0.0.1 | op=GET_FILE_STATUS {volume=volume63798, bucket=bucket90991, key=root/dir1, dataSize=0, replicationConfig=null} | ret=FAILURE
org.apache.hadoop.ozone.om.exceptions.OMException: Unable to get file status: volume: volume63798 bucket: bucket90991 key: root/dir1
	at org.apache.hadoop.ozone.om.KeyManagerImpl.getOzoneFileStatus(KeyManagerImpl.java:1195) ~[ozone-manager-1.4.0-SNAPSHOT.jar:?]
	at org.apache.hadoop.ozone.om.KeyManagerImpl.getFileStatus(KeyManagerImpl.java:1113) ~[ozone-manager-1.4.0-SNAPSHOT.jar:?]
	at org.apache.hadoop.ozone.om.OmMetadataReader.getFileStatus(OmMetadataReader.java:262) ~[ozone-manager-1.4.0-SNAPSHOT.jar:?]
	at org.apache.hadoop.ozone.om.OzoneManager.getFileStatus(OzoneManager.java:3530) ~[ozone-manager-1.4.0-SNAPSHOT.jar:?]
	at org.apache.hadoop.ozone.protocolPB.OzoneManagerRequestHandler.getOzoneFileStatus(OzoneManagerRequestHandler.java:971) ~[ozone-manager-1.4.0-SNAPSHOT.jar:?]
	at org.apache.hadoop.ozone.protocolPB.OzoneManagerRequestHandler.handleReadRequest(OzoneManagerRequestHandler.java:250) ~[ozone-manager-1.4.0-SNAPSHOT.jar:?]
	at org.apache.hadoop.ozone.protocolPB.OzoneManagerProtocolServerSideTranslatorPB.submitReadRequestToOM(OzoneManagerProtocolServerSideTranslatorPB.java:225) ~[ozone-manager-1.4.0-SNAPSHOT.jar:?]
	at org.apache.hadoop.ozone.protocolPB.OzoneManagerProtocolServerSideTranslatorPB.processRequest(OzoneManagerProtocolServerSideTranslatorPB.java:179) ~[ozone-manager-1.4.0-SNAPSHOT.jar:?]
	at org.apache.hadoop.hdds.server.OzoneProtocolMessageDispatcher.processRequest(OzoneProtocolMessageDispatcher.java:87) [hdds-server-framework-1.4.0-SNAPSHOT.jar:?]
	at org.apache.hadoop.ozone.protocolPB.OzoneManagerProtocolServerSideTranslatorPB.submitRequest(OzoneManagerProtocolServerSideTranslatorPB.java:148) [ozone-manager-1.4.0-SNAPSHOT.jar:?]
	at org.apache.hadoop.ozone.protocol.proto.OzoneManagerProtocolProtos$OzoneManagerService$2.callBlockingMethod(OzoneManagerProtocolProtos.java) [ozone-interface-client-1.4.0-SNAPSHOT.jar:?]
	at org.apache.hadoop.ipc.ProtobufRpcEngine$Server.processCall(ProtobufRpcEngine.java:484) [hadoop-common-3.3.6.jar:?]
	at org.apache.hadoop.ipc.ProtobufRpcEngine2$Server$ProtoBufRpcInvoker.call(ProtobufRpcEngine2.java:595) [hadoop-common-3.3.6.jar:?]
	at org.apache.hadoop.ipc.ProtobufRpcEngine2$Server$ProtoBufRpcInvoker.call(ProtobufRpcEngine2.java:573) [hadoop-common-3.3.6.jar:?]
	at org.apache.hadoop.ipc.RPC$Server.call(RPC.java:1227) [hadoop-common-3.3.6.jar:?]
	at org.apache.hadoop.ipc.Server$RpcCall.run(Server.java:1094) [hadoop-common-3.3.6.jar:?]
	at org.apache.hadoop.ipc.Server$RpcCall.run(Server.java:1017) [hadoop-common-3.3.6.jar:?]
	at java.security.AccessController.doPrivileged(Native Method) ~[?:1.8.0_382]
	at javax.security.auth.Subject.doAs(Subject.java:422) [?:1.8.0_382]
	at org.apache.hadoop.security.UserGroupInformation.doAs(UserGroupInformation.java:1899) [hadoop-common-3.3.6.jar:?]
	at org.apache.hadoop.ipc.Server$Handler.run(Server.java:3048) [hadoop-common-3.3.6.jar:?]
]]></system-out>
  </testcase>
  <testcase name="testRenameWithNonExistentSource" classname="TestOzoneFileSystem" time="0.014">
    <system-out><![CDATA[2023-09-07 20:29:40,618 [Time-limited test] INFO  ozone.TestOzoneFileSystem (TestOzoneFileSystem.java:testRenameWithNonExistentSource(1159)) - Created destin dir: o3fs://bucket10134.volume62736/root/dir2
2023-09-07 20:29:40,618 [Time-limited test] INFO  ozone.TestOzoneFileSystem (TestOzoneFileSystem.java:testRenameWithNonExistentSource(1161)) - Rename op-> source:o3fs://bucket10134.volume62736/root/dir1 to destin:o3fs://bucket10134.volume62736/root/dir2}
20:29:40.620 [IPC Server handler 7 on default port 15057] ERROR OMAudit - user=runner | ip=127.0.0.1 | op=GET_FILE_STATUS {volume=volume62736, bucket=bucket10134, key=root/dir1, dataSize=0, replicationConfig=null} | ret=FAILURE
org.apache.hadoop.ozone.om.exceptions.OMException: Unable to get file status: volume: volume62736 bucket: bucket10134 key: root/dir1
	at org.apache.hadoop.ozone.om.KeyManagerImpl.getOzoneFileStatus(KeyManagerImpl.java:1195) ~[ozone-manager-1.4.0-SNAPSHOT.jar:?]
	at org.apache.hadoop.ozone.om.KeyManagerImpl.getFileStatus(KeyManagerImpl.java:1113) ~[ozone-manager-1.4.0-SNAPSHOT.jar:?]
	at org.apache.hadoop.ozone.om.OmMetadataReader.getFileStatus(OmMetadataReader.java:262) ~[ozone-manager-1.4.0-SNAPSHOT.jar:?]
	at org.apache.hadoop.ozone.om.OzoneManager.getFileStatus(OzoneManager.java:3530) ~[ozone-manager-1.4.0-SNAPSHOT.jar:?]
	at org.apache.hadoop.ozone.protocolPB.OzoneManagerRequestHandler.getOzoneFileStatus(OzoneManagerRequestHandler.java:971) ~[ozone-manager-1.4.0-SNAPSHOT.jar:?]
	at org.apache.hadoop.ozone.protocolPB.OzoneManagerRequestHandler.handleReadRequest(OzoneManagerRequestHandler.java:250) ~[ozone-manager-1.4.0-SNAPSHOT.jar:?]
	at org.apache.hadoop.ozone.protocolPB.OzoneManagerProtocolServerSideTranslatorPB.submitRequestDirectlyToOM(OzoneManagerProtocolServerSideTranslatorPB.java:274) ~[ozone-manager-1.4.0-SNAPSHOT.jar:?]
	at org.apache.hadoop.ozone.protocolPB.OzoneManagerProtocolServerSideTranslatorPB.processRequest(OzoneManagerProtocolServerSideTranslatorPB.java:175) ~[ozone-manager-1.4.0-SNAPSHOT.jar:?]
	at org.apache.hadoop.hdds.server.OzoneProtocolMessageDispatcher.processRequest(OzoneProtocolMessageDispatcher.java:87) [hdds-server-framework-1.4.0-SNAPSHOT.jar:?]
	at org.apache.hadoop.ozone.protocolPB.OzoneManagerProtocolServerSideTranslatorPB.submitRequest(OzoneManagerProtocolServerSideTranslatorPB.java:148) [ozone-manager-1.4.0-SNAPSHOT.jar:?]
	at org.apache.hadoop.ozone.protocol.proto.OzoneManagerProtocolProtos$OzoneManagerService$2.callBlockingMethod(OzoneManagerProtocolProtos.java) [ozone-interface-client-1.4.0-SNAPSHOT.jar:?]
	at org.apache.hadoop.ipc.ProtobufRpcEngine$Server.processCall(ProtobufRpcEngine.java:484) [hadoop-common-3.3.6.jar:?]
	at org.apache.hadoop.ipc.ProtobufRpcEngine2$Server$ProtoBufRpcInvoker.call(ProtobufRpcEngine2.java:595) [hadoop-common-3.3.6.jar:?]
	at org.apache.hadoop.ipc.ProtobufRpcEngine2$Server$ProtoBufRpcInvoker.call(ProtobufRpcEngine2.java:573) [hadoop-common-3.3.6.jar:?]
	at org.apache.hadoop.ipc.RPC$Server.call(RPC.java:1227) [hadoop-common-3.3.6.jar:?]
	at org.apache.hadoop.ipc.Server$RpcCall.run(Server.java:1094) [hadoop-common-3.3.6.jar:?]
	at org.apache.hadoop.ipc.Server$RpcCall.run(Server.java:1017) [hadoop-common-3.3.6.jar:?]
	at java.security.AccessController.doPrivileged(Native Method) ~[?:1.8.0_382]
	at javax.security.auth.Subject.doAs(Subject.java:422) [?:1.8.0_382]
	at org.apache.hadoop.security.UserGroupInformation.doAs(UserGroupInformation.java:1899) [hadoop-common-3.3.6.jar:?]
	at org.apache.hadoop.ipc.Server$Handler.run(Server.java:3048) [hadoop-common-3.3.6.jar:?]
]]></system-out>
  </testcase>
  <testcase name="testRenameWithNonExistentSource" classname="TestOzoneFileSystem" time="0.012">
    <system-out><![CDATA[2023-09-07 20:31:06,128 [Time-limited test] INFO  ozone.TestOzoneFileSystem (TestOzoneFileSystem.java:testRenameWithNonExistentSource(1159)) - Created destin dir: o3fs://bucket55116.volume50105/root/dir2
2023-09-07 20:31:06,128 [Time-limited test] INFO  ozone.TestOzoneFileSystem (TestOzoneFileSystem.java:testRenameWithNonExistentSource(1161)) - Rename op-> source:o3fs://bucket55116.volume50105/root/dir1 to destin:o3fs://bucket55116.volume50105/root/dir2}
20:31:06.129 [IPC Server handler 6 on default port 15110] ERROR OMAudit - user=runner | ip=127.0.0.1 | op=GET_FILE_STATUS {volume=volume50105, bucket=bucket55116, key=root/dir1, dataSize=0, replicationConfig=null} | ret=FAILURE
org.apache.hadoop.ozone.om.exceptions.OMException: Unable to get file status: volume: volume50105 bucket: bucket55116 key: root/dir1
	at org.apache.hadoop.ozone.om.KeyManagerImpl.getOzoneFileStatus(KeyManagerImpl.java:1195) ~[ozone-manager-1.4.0-SNAPSHOT.jar:?]
	at org.apache.hadoop.ozone.om.KeyManagerImpl.getFileStatus(KeyManagerImpl.java:1113) ~[ozone-manager-1.4.0-SNAPSHOT.jar:?]
	at org.apache.hadoop.ozone.om.OmMetadataReader.getFileStatus(OmMetadataReader.java:262) ~[ozone-manager-1.4.0-SNAPSHOT.jar:?]
	at org.apache.hadoop.ozone.om.OzoneManager.getFileStatus(OzoneManager.java:3530) ~[ozone-manager-1.4.0-SNAPSHOT.jar:?]
	at org.apache.hadoop.ozone.protocolPB.OzoneManagerRequestHandler.getOzoneFileStatus(OzoneManagerRequestHandler.java:971) ~[ozone-manager-1.4.0-SNAPSHOT.jar:?]
	at org.apache.hadoop.ozone.protocolPB.OzoneManagerRequestHandler.handleReadRequest(OzoneManagerRequestHandler.java:250) ~[ozone-manager-1.4.0-SNAPSHOT.jar:?]
	at org.apache.hadoop.ozone.protocolPB.OzoneManagerProtocolServerSideTranslatorPB.submitReadRequestToOM(OzoneManagerProtocolServerSideTranslatorPB.java:225) ~[ozone-manager-1.4.0-SNAPSHOT.jar:?]
	at org.apache.hadoop.ozone.protocolPB.OzoneManagerProtocolServerSideTranslatorPB.processRequest(OzoneManagerProtocolServerSideTranslatorPB.java:179) ~[ozone-manager-1.4.0-SNAPSHOT.jar:?]
	at org.apache.hadoop.hdds.server.OzoneProtocolMessageDispatcher.processRequest(OzoneProtocolMessageDispatcher.java:87) [hdds-server-framework-1.4.0-SNAPSHOT.jar:?]
	at org.apache.hadoop.ozone.protocolPB.OzoneManagerProtocolServerSideTranslatorPB.submitRequest(OzoneManagerProtocolServerSideTranslatorPB.java:148) [ozone-manager-1.4.0-SNAPSHOT.jar:?]
	at org.apache.hadoop.ozone.protocol.proto.OzoneManagerProtocolProtos$OzoneManagerService$2.callBlockingMethod(OzoneManagerProtocolProtos.java) [ozone-interface-client-1.4.0-SNAPSHOT.jar:?]
	at org.apache.hadoop.ipc.ProtobufRpcEngine$Server.processCall(ProtobufRpcEngine.java:484) [hadoop-common-3.3.6.jar:?]
	at org.apache.hadoop.ipc.ProtobufRpcEngine2$Server$ProtoBufRpcInvoker.call(ProtobufRpcEngine2.java:595) [hadoop-common-3.3.6.jar:?]
	at org.apache.hadoop.ipc.ProtobufRpcEngine2$Server$ProtoBufRpcInvoker.call(ProtobufRpcEngine2.java:573) [hadoop-common-3.3.6.jar:?]
	at org.apache.hadoop.ipc.RPC$Server.call(RPC.java:1227) [hadoop-common-3.3.6.jar:?]
	at org.apache.hadoop.ipc.Server$RpcCall.run(Server.java:1094) [hadoop-common-3.3.6.jar:?]
	at org.apache.hadoop.ipc.Server$RpcCall.run(Server.java:1017) [hadoop-common-3.3.6.jar:?]
	at java.security.AccessController.doPrivileged(Native Method) ~[?:1.8.0_382]
	at javax.security.auth.Subject.doAs(Subject.java:422) [?:1.8.0_382]
	at org.apache.hadoop.security.UserGroupInformation.doAs(UserGroupInformation.java:1899) [hadoop-common-3.3.6.jar:?]
	at org.apache.hadoop.ipc.Server$Handler.run(Server.java:3048) [hadoop-common-3.3.6.jar:?]
]]></system-out>
  </testcase>
  <testcase name="testRenameWithNonExistentSource" classname="TestOzoneFileSystem" time="0.018">
    <system-out><![CDATA[2023-09-07 20:32:43,633 [Time-limited test] INFO  ozone.TestOzoneFileSystem (TestOzoneFileSystem.java:testRenameWithNonExistentSource(1159)) - Created destin dir: o3fs://bucket68495.volume10577/root/dir2
2023-09-07 20:32:43,633 [Time-limited test] INFO  ozone.TestOzoneFileSystem (TestOzoneFileSystem.java:testRenameWithNonExistentSource(1161)) - Rename op-> source:o3fs://bucket68495.volume10577/root/dir1 to destin:o3fs://bucket68495.volume10577/root/dir2}
20:32:43.634 [IPC Server handler 8 on default port 15163] ERROR OMAudit - user=runner | ip=127.0.0.1 | op=GET_FILE_STATUS {volume=volume10577, bucket=bucket68495, key=root/dir1, dataSize=0, replicationConfig=null} | ret=FAILURE
org.apache.hadoop.ozone.om.exceptions.OMException: Unable to get file status: volume: volume10577 bucket: bucket68495 key: root/dir1
	at org.apache.hadoop.ozone.om.KeyManagerImpl.getOzoneFileStatus(KeyManagerImpl.java:1195) ~[ozone-manager-1.4.0-SNAPSHOT.jar:?]
	at org.apache.hadoop.ozone.om.KeyManagerImpl.getFileStatus(KeyManagerImpl.java:1113) ~[ozone-manager-1.4.0-SNAPSHOT.jar:?]
	at org.apache.hadoop.ozone.om.OmMetadataReader.getFileStatus(OmMetadataReader.java:262) ~[ozone-manager-1.4.0-SNAPSHOT.jar:?]
	at org.apache.hadoop.ozone.om.OzoneManager.getFileStatus(OzoneManager.java:3530) ~[ozone-manager-1.4.0-SNAPSHOT.jar:?]
	at org.apache.hadoop.ozone.protocolPB.OzoneManagerRequestHandler.getOzoneFileStatus(OzoneManagerRequestHandler.java:971) ~[ozone-manager-1.4.0-SNAPSHOT.jar:?]
	at org.apache.hadoop.ozone.protocolPB.OzoneManagerRequestHandler.handleReadRequest(OzoneManagerRequestHandler.java:250) ~[ozone-manager-1.4.0-SNAPSHOT.jar:?]
	at org.apache.hadoop.ozone.protocolPB.OzoneManagerProtocolServerSideTranslatorPB.submitRequestDirectlyToOM(OzoneManagerProtocolServerSideTranslatorPB.java:274) ~[ozone-manager-1.4.0-SNAPSHOT.jar:?]
	at org.apache.hadoop.ozone.protocolPB.OzoneManagerProtocolServerSideTranslatorPB.processRequest(OzoneManagerProtocolServerSideTranslatorPB.java:175) ~[ozone-manager-1.4.0-SNAPSHOT.jar:?]
	at org.apache.hadoop.hdds.server.OzoneProtocolMessageDispatcher.processRequest(OzoneProtocolMessageDispatcher.java:87) [hdds-server-framework-1.4.0-SNAPSHOT.jar:?]
	at org.apache.hadoop.ozone.protocolPB.OzoneManagerProtocolServerSideTranslatorPB.submitRequest(OzoneManagerProtocolServerSideTranslatorPB.java:148) [ozone-manager-1.4.0-SNAPSHOT.jar:?]
	at org.apache.hadoop.ozone.protocol.proto.OzoneManagerProtocolProtos$OzoneManagerService$2.callBlockingMethod(OzoneManagerProtocolProtos.java) [ozone-interface-client-1.4.0-SNAPSHOT.jar:?]
	at org.apache.hadoop.ipc.ProtobufRpcEngine$Server.processCall(ProtobufRpcEngine.java:484) [hadoop-common-3.3.6.jar:?]
	at org.apache.hadoop.ipc.ProtobufRpcEngine2$Server$ProtoBufRpcInvoker.call(ProtobufRpcEngine2.java:595) [hadoop-common-3.3.6.jar:?]
	at org.apache.hadoop.ipc.ProtobufRpcEngine2$Server$ProtoBufRpcInvoker.call(ProtobufRpcEngine2.java:573) [hadoop-common-3.3.6.jar:?]
	at org.apache.hadoop.ipc.RPC$Server.call(RPC.java:1227) [hadoop-common-3.3.6.jar:?]
	at org.apache.hadoop.ipc.Server$RpcCall.run(Server.java:1094) [hadoop-common-3.3.6.jar:?]
	at org.apache.hadoop.ipc.Server$RpcCall.run(Server.java:1017) [hadoop-common-3.3.6.jar:?]
	at java.security.AccessController.doPrivileged(Native Method) ~[?:1.8.0_382]
	at javax.security.auth.Subject.doAs(Subject.java:422) [?:1.8.0_382]
	at org.apache.hadoop.security.UserGroupInformation.doAs(UserGroupInformation.java:1899) [hadoop-common-3.3.6.jar:?]
	at org.apache.hadoop.ipc.Server$Handler.run(Server.java:3048) [hadoop-common-3.3.6.jar:?]
]]></system-out>
  </testcase>
  <testcase name="testRenameToParentDir" classname="TestOzoneFileSystem" time="0.152">
    <system-out><![CDATA[20:27:42.367 [IPC Server handler 9 on default port 15004] ERROR OMAudit - user=runner | ip=127.0.0.1 | op=LIST_STATUS {volume=volume63798, bucket=bucket90991, key=root_dir/dir2, dataSize=0, replicationConfig=null} | ret=FAILURE
org.apache.hadoop.ozone.om.exceptions.OMException: Unable to get file status: volume: volume63798 bucket: bucket90991 key: root_dir/dir2
	at org.apache.hadoop.ozone.om.KeyManagerImpl.getOzoneFileStatus(KeyManagerImpl.java:1195) ~[ozone-manager-1.4.0-SNAPSHOT.jar:?]
	at org.apache.hadoop.ozone.om.KeyManagerImpl.getFileStatus(KeyManagerImpl.java:1113) ~[ozone-manager-1.4.0-SNAPSHOT.jar:?]
	at org.apache.hadoop.ozone.om.KeyManagerImpl.listStatus(KeyManagerImpl.java:1505) ~[ozone-manager-1.4.0-SNAPSHOT.jar:?]
	at org.apache.hadoop.ozone.om.OmMetadataReader.listStatus(OmMetadataReader.java:235) ~[ozone-manager-1.4.0-SNAPSHOT.jar:?]
	at org.apache.hadoop.ozone.om.OzoneManager.listStatus(OzoneManager.java:3560) ~[ozone-manager-1.4.0-SNAPSHOT.jar:?]
	at org.apache.hadoop.ozone.protocolPB.OzoneManagerRequestHandler.listStatus(OzoneManagerRequestHandler.java:1143) ~[ozone-manager-1.4.0-SNAPSHOT.jar:?]
	at org.apache.hadoop.ozone.protocolPB.OzoneManagerRequestHandler.handleReadRequest(OzoneManagerRequestHandler.java:261) ~[ozone-manager-1.4.0-SNAPSHOT.jar:?]
	at org.apache.hadoop.ozone.protocolPB.OzoneManagerProtocolServerSideTranslatorPB.submitReadRequestToOM(OzoneManagerProtocolServerSideTranslatorPB.java:225) ~[ozone-manager-1.4.0-SNAPSHOT.jar:?]
	at org.apache.hadoop.ozone.protocolPB.OzoneManagerProtocolServerSideTranslatorPB.processRequest(OzoneManagerProtocolServerSideTranslatorPB.java:179) ~[ozone-manager-1.4.0-SNAPSHOT.jar:?]
	at org.apache.hadoop.hdds.server.OzoneProtocolMessageDispatcher.processRequest(OzoneProtocolMessageDispatcher.java:87) [hdds-server-framework-1.4.0-SNAPSHOT.jar:?]
	at org.apache.hadoop.ozone.protocolPB.OzoneManagerProtocolServerSideTranslatorPB.submitRequest(OzoneManagerProtocolServerSideTranslatorPB.java:148) [ozone-manager-1.4.0-SNAPSHOT.jar:?]
	at org.apache.hadoop.ozone.protocol.proto.OzoneManagerProtocolProtos$OzoneManagerService$2.callBlockingMethod(OzoneManagerProtocolProtos.java) [ozone-interface-client-1.4.0-SNAPSHOT.jar:?]
	at org.apache.hadoop.ipc.ProtobufRpcEngine$Server.processCall(ProtobufRpcEngine.java:484) [hadoop-common-3.3.6.jar:?]
	at org.apache.hadoop.ipc.ProtobufRpcEngine2$Server$ProtoBufRpcInvoker.call(ProtobufRpcEngine2.java:595) [hadoop-common-3.3.6.jar:?]
	at org.apache.hadoop.ipc.ProtobufRpcEngine2$Server$ProtoBufRpcInvoker.call(ProtobufRpcEngine2.java:573) [hadoop-common-3.3.6.jar:?]
	at org.apache.hadoop.ipc.RPC$Server.call(RPC.java:1227) [hadoop-common-3.3.6.jar:?]
	at org.apache.hadoop.ipc.Server$RpcCall.run(Server.java:1094) [hadoop-common-3.3.6.jar:?]
	at org.apache.hadoop.ipc.Server$RpcCall.run(Server.java:1017) [hadoop-common-3.3.6.jar:?]
	at java.security.AccessController.doPrivileged(Native Method) ~[?:1.8.0_382]
	at javax.security.auth.Subject.doAs(Subject.java:422) [?:1.8.0_382]
	at org.apache.hadoop.security.UserGroupInformation.doAs(UserGroupInformation.java:1899) [hadoop-common-3.3.6.jar:?]
	at org.apache.hadoop.ipc.Server$Handler.run(Server.java:3048) [hadoop-common-3.3.6.jar:?]
20:27:42.391 [IPC Server handler 17 on default port 15004] ERROR OMAudit - user=runner | ip=127.0.0.1 | op=LIST_STATUS {volume=volume63798, bucket=bucket90991, key=root_dir/file2, dataSize=0, replicationConfig=null} | ret=FAILURE
org.apache.hadoop.ozone.om.exceptions.OMException: Unable to get file status: volume: volume63798 bucket: bucket90991 key: root_dir/file2
	at org.apache.hadoop.ozone.om.KeyManagerImpl.getOzoneFileStatus(KeyManagerImpl.java:1195) ~[ozone-manager-1.4.0-SNAPSHOT.jar:?]
	at org.apache.hadoop.ozone.om.KeyManagerImpl.getFileStatus(KeyManagerImpl.java:1113) ~[ozone-manager-1.4.0-SNAPSHOT.jar:?]
	at org.apache.hadoop.ozone.om.KeyManagerImpl.listStatus(KeyManagerImpl.java:1505) ~[ozone-manager-1.4.0-SNAPSHOT.jar:?]
	at org.apache.hadoop.ozone.om.OmMetadataReader.listStatus(OmMetadataReader.java:235) ~[ozone-manager-1.4.0-SNAPSHOT.jar:?]
	at org.apache.hadoop.ozone.om.OzoneManager.listStatus(OzoneManager.java:3560) ~[ozone-manager-1.4.0-SNAPSHOT.jar:?]
	at org.apache.hadoop.ozone.protocolPB.OzoneManagerRequestHandler.listStatus(OzoneManagerRequestHandler.java:1143) ~[ozone-manager-1.4.0-SNAPSHOT.jar:?]
	at org.apache.hadoop.ozone.protocolPB.OzoneManagerRequestHandler.handleReadRequest(OzoneManagerRequestHandler.java:261) ~[ozone-manager-1.4.0-SNAPSHOT.jar:?]
	at org.apache.hadoop.ozone.protocolPB.OzoneManagerProtocolServerSideTranslatorPB.submitReadRequestToOM(OzoneManagerProtocolServerSideTranslatorPB.java:225) ~[ozone-manager-1.4.0-SNAPSHOT.jar:?]
	at org.apache.hadoop.ozone.protocolPB.OzoneManagerProtocolServerSideTranslatorPB.processRequest(OzoneManagerProtocolServerSideTranslatorPB.java:179) ~[ozone-manager-1.4.0-SNAPSHOT.jar:?]
	at org.apache.hadoop.hdds.server.OzoneProtocolMessageDispatcher.processRequest(OzoneProtocolMessageDispatcher.java:87) [hdds-server-framework-1.4.0-SNAPSHOT.jar:?]
	at org.apache.hadoop.ozone.protocolPB.OzoneManagerProtocolServerSideTranslatorPB.submitRequest(OzoneManagerProtocolServerSideTranslatorPB.java:148) [ozone-manager-1.4.0-SNAPSHOT.jar:?]
	at org.apache.hadoop.ozone.protocol.proto.OzoneManagerProtocolProtos$OzoneManagerService$2.callBlockingMethod(OzoneManagerProtocolProtos.java) [ozone-interface-client-1.4.0-SNAPSHOT.jar:?]
	at org.apache.hadoop.ipc.ProtobufRpcEngine$Server.processCall(ProtobufRpcEngine.java:484) [hadoop-common-3.3.6.jar:?]
	at org.apache.hadoop.ipc.ProtobufRpcEngine2$Server$ProtoBufRpcInvoker.call(ProtobufRpcEngine2.java:595) [hadoop-common-3.3.6.jar:?]
	at org.apache.hadoop.ipc.ProtobufRpcEngine2$Server$ProtoBufRpcInvoker.call(ProtobufRpcEngine2.java:573) [hadoop-common-3.3.6.jar:?]
	at org.apache.hadoop.ipc.RPC$Server.call(RPC.java:1227) [hadoop-common-3.3.6.jar:?]
	at org.apache.hadoop.ipc.Server$RpcCall.run(Server.java:1094) [hadoop-common-3.3.6.jar:?]
	at org.apache.hadoop.ipc.Server$RpcCall.run(Server.java:1017) [hadoop-common-3.3.6.jar:?]
	at java.security.AccessController.doPrivileged(Native Method) ~[?:1.8.0_382]
	at javax.security.auth.Subject.doAs(Subject.java:422) [?:1.8.0_382]
	at org.apache.hadoop.security.UserGroupInformation.doAs(UserGroupInformation.java:1899) [hadoop-common-3.3.6.jar:?]
	at org.apache.hadoop.ipc.Server$Handler.run(Server.java:3048) [hadoop-common-3.3.6.jar:?]
]]></system-out>
  </testcase>
  <testcase name="testRenameToParentDir" classname="TestOzoneFileSystem" time="0.044">
    <system-out><![CDATA[20:29:40.642 [IPC Server handler 19 on default port 15057] ERROR OMAudit - user=runner | ip=127.0.0.1 | op=LIST_STATUS {volume=volume62736, bucket=bucket10134, key=root_dir/dir2, dataSize=0, replicationConfig=null} | ret=FAILURE
org.apache.hadoop.ozone.om.exceptions.OMException: Unable to get file status: volume: volume62736 bucket: bucket10134 key: root_dir/dir2
	at org.apache.hadoop.ozone.om.KeyManagerImpl.getOzoneFileStatus(KeyManagerImpl.java:1195) ~[ozone-manager-1.4.0-SNAPSHOT.jar:?]
	at org.apache.hadoop.ozone.om.KeyManagerImpl.getFileStatus(KeyManagerImpl.java:1113) ~[ozone-manager-1.4.0-SNAPSHOT.jar:?]
	at org.apache.hadoop.ozone.om.KeyManagerImpl.listStatus(KeyManagerImpl.java:1505) ~[ozone-manager-1.4.0-SNAPSHOT.jar:?]
	at org.apache.hadoop.ozone.om.OmMetadataReader.listStatus(OmMetadataReader.java:235) ~[ozone-manager-1.4.0-SNAPSHOT.jar:?]
	at org.apache.hadoop.ozone.om.OzoneManager.listStatus(OzoneManager.java:3560) ~[ozone-manager-1.4.0-SNAPSHOT.jar:?]
	at org.apache.hadoop.ozone.protocolPB.OzoneManagerRequestHandler.listStatus(OzoneManagerRequestHandler.java:1143) ~[ozone-manager-1.4.0-SNAPSHOT.jar:?]
	at org.apache.hadoop.ozone.protocolPB.OzoneManagerRequestHandler.handleReadRequest(OzoneManagerRequestHandler.java:261) ~[ozone-manager-1.4.0-SNAPSHOT.jar:?]
	at org.apache.hadoop.ozone.protocolPB.OzoneManagerProtocolServerSideTranslatorPB.submitRequestDirectlyToOM(OzoneManagerProtocolServerSideTranslatorPB.java:274) ~[ozone-manager-1.4.0-SNAPSHOT.jar:?]
	at org.apache.hadoop.ozone.protocolPB.OzoneManagerProtocolServerSideTranslatorPB.processRequest(OzoneManagerProtocolServerSideTranslatorPB.java:175) ~[ozone-manager-1.4.0-SNAPSHOT.jar:?]
	at org.apache.hadoop.hdds.server.OzoneProtocolMessageDispatcher.processRequest(OzoneProtocolMessageDispatcher.java:87) [hdds-server-framework-1.4.0-SNAPSHOT.jar:?]
	at org.apache.hadoop.ozone.protocolPB.OzoneManagerProtocolServerSideTranslatorPB.submitRequest(OzoneManagerProtocolServerSideTranslatorPB.java:148) [ozone-manager-1.4.0-SNAPSHOT.jar:?]
	at org.apache.hadoop.ozone.protocol.proto.OzoneManagerProtocolProtos$OzoneManagerService$2.callBlockingMethod(OzoneManagerProtocolProtos.java) [ozone-interface-client-1.4.0-SNAPSHOT.jar:?]
	at org.apache.hadoop.ipc.ProtobufRpcEngine$Server.processCall(ProtobufRpcEngine.java:484) [hadoop-common-3.3.6.jar:?]
	at org.apache.hadoop.ipc.ProtobufRpcEngine2$Server$ProtoBufRpcInvoker.call(ProtobufRpcEngine2.java:595) [hadoop-common-3.3.6.jar:?]
	at org.apache.hadoop.ipc.ProtobufRpcEngine2$Server$ProtoBufRpcInvoker.call(ProtobufRpcEngine2.java:573) [hadoop-common-3.3.6.jar:?]
	at org.apache.hadoop.ipc.RPC$Server.call(RPC.java:1227) [hadoop-common-3.3.6.jar:?]
	at org.apache.hadoop.ipc.Server$RpcCall.run(Server.java:1094) [hadoop-common-3.3.6.jar:?]
	at org.apache.hadoop.ipc.Server$RpcCall.run(Server.java:1017) [hadoop-common-3.3.6.jar:?]
	at java.security.AccessController.doPrivileged(Native Method) ~[?:1.8.0_382]
	at javax.security.auth.Subject.doAs(Subject.java:422) [?:1.8.0_382]
	at org.apache.hadoop.security.UserGroupInformation.doAs(UserGroupInformation.java:1899) [hadoop-common-3.3.6.jar:?]
	at org.apache.hadoop.ipc.Server$Handler.run(Server.java:3048) [hadoop-common-3.3.6.jar:?]
20:29:40.657 [IPC Server handler 13 on default port 15057] ERROR OMAudit - user=runner | ip=127.0.0.1 | op=LIST_STATUS {volume=volume62736, bucket=bucket10134, key=root_dir/file2, dataSize=0, replicationConfig=null} | ret=FAILURE
org.apache.hadoop.ozone.om.exceptions.OMException: Unable to get file status: volume: volume62736 bucket: bucket10134 key: root_dir/file2
	at org.apache.hadoop.ozone.om.KeyManagerImpl.getOzoneFileStatus(KeyManagerImpl.java:1195) ~[ozone-manager-1.4.0-SNAPSHOT.jar:?]
	at org.apache.hadoop.ozone.om.KeyManagerImpl.getFileStatus(KeyManagerImpl.java:1113) ~[ozone-manager-1.4.0-SNAPSHOT.jar:?]
	at org.apache.hadoop.ozone.om.KeyManagerImpl.listStatus(KeyManagerImpl.java:1505) ~[ozone-manager-1.4.0-SNAPSHOT.jar:?]
	at org.apache.hadoop.ozone.om.OmMetadataReader.listStatus(OmMetadataReader.java:235) ~[ozone-manager-1.4.0-SNAPSHOT.jar:?]
	at org.apache.hadoop.ozone.om.OzoneManager.listStatus(OzoneManager.java:3560) ~[ozone-manager-1.4.0-SNAPSHOT.jar:?]
	at org.apache.hadoop.ozone.protocolPB.OzoneManagerRequestHandler.listStatus(OzoneManagerRequestHandler.java:1143) ~[ozone-manager-1.4.0-SNAPSHOT.jar:?]
	at org.apache.hadoop.ozone.protocolPB.OzoneManagerRequestHandler.handleReadRequest(OzoneManagerRequestHandler.java:261) ~[ozone-manager-1.4.0-SNAPSHOT.jar:?]
	at org.apache.hadoop.ozone.protocolPB.OzoneManagerProtocolServerSideTranslatorPB.submitRequestDirectlyToOM(OzoneManagerProtocolServerSideTranslatorPB.java:274) ~[ozone-manager-1.4.0-SNAPSHOT.jar:?]
	at org.apache.hadoop.ozone.protocolPB.OzoneManagerProtocolServerSideTranslatorPB.processRequest(OzoneManagerProtocolServerSideTranslatorPB.java:175) ~[ozone-manager-1.4.0-SNAPSHOT.jar:?]
	at org.apache.hadoop.hdds.server.OzoneProtocolMessageDispatcher.processRequest(OzoneProtocolMessageDispatcher.java:87) [hdds-server-framework-1.4.0-SNAPSHOT.jar:?]
	at org.apache.hadoop.ozone.protocolPB.OzoneManagerProtocolServerSideTranslatorPB.submitRequest(OzoneManagerProtocolServerSideTranslatorPB.java:148) [ozone-manager-1.4.0-SNAPSHOT.jar:?]
	at org.apache.hadoop.ozone.protocol.proto.OzoneManagerProtocolProtos$OzoneManagerService$2.callBlockingMethod(OzoneManagerProtocolProtos.java) [ozone-interface-client-1.4.0-SNAPSHOT.jar:?]
	at org.apache.hadoop.ipc.ProtobufRpcEngine$Server.processCall(ProtobufRpcEngine.java:484) [hadoop-common-3.3.6.jar:?]
	at org.apache.hadoop.ipc.ProtobufRpcEngine2$Server$ProtoBufRpcInvoker.call(ProtobufRpcEngine2.java:595) [hadoop-common-3.3.6.jar:?]
	at org.apache.hadoop.ipc.ProtobufRpcEngine2$Server$ProtoBufRpcInvoker.call(ProtobufRpcEngine2.java:573) [hadoop-common-3.3.6.jar:?]
	at org.apache.hadoop.ipc.RPC$Server.call(RPC.java:1227) [hadoop-common-3.3.6.jar:?]
	at org.apache.hadoop.ipc.Server$RpcCall.run(Server.java:1094) [hadoop-common-3.3.6.jar:?]
	at org.apache.hadoop.ipc.Server$RpcCall.run(Server.java:1017) [hadoop-common-3.3.6.jar:?]
	at java.security.AccessController.doPrivileged(Native Method) ~[?:1.8.0_382]
	at javax.security.auth.Subject.doAs(Subject.java:422) [?:1.8.0_382]
	at org.apache.hadoop.security.UserGroupInformation.doAs(UserGroupInformation.java:1899) [hadoop-common-3.3.6.jar:?]
	at org.apache.hadoop.ipc.Server$Handler.run(Server.java:3048) [hadoop-common-3.3.6.jar:?]
]]></system-out>
  </testcase>
  <testcase name="testRenameToParentDir" classname="TestOzoneFileSystem" time="0.052">
    <system-out><![CDATA[20:31:06.151 [IPC Server handler 1 on default port 15110] ERROR OMAudit - user=runner | ip=127.0.0.1 | op=LIST_STATUS {volume=volume50105, bucket=bucket55116, key=root_dir/dir2, dataSize=0, replicationConfig=null} | ret=FAILURE
org.apache.hadoop.ozone.om.exceptions.OMException: Unable to get file status: volume: volume50105 bucket: bucket55116 key: root_dir/dir2
	at org.apache.hadoop.ozone.om.KeyManagerImpl.getOzoneFileStatus(KeyManagerImpl.java:1195) ~[ozone-manager-1.4.0-SNAPSHOT.jar:?]
	at org.apache.hadoop.ozone.om.KeyManagerImpl.getFileStatus(KeyManagerImpl.java:1113) ~[ozone-manager-1.4.0-SNAPSHOT.jar:?]
	at org.apache.hadoop.ozone.om.KeyManagerImpl.listStatus(KeyManagerImpl.java:1505) ~[ozone-manager-1.4.0-SNAPSHOT.jar:?]
	at org.apache.hadoop.ozone.om.OmMetadataReader.listStatus(OmMetadataReader.java:235) ~[ozone-manager-1.4.0-SNAPSHOT.jar:?]
	at org.apache.hadoop.ozone.om.OzoneManager.listStatus(OzoneManager.java:3560) ~[ozone-manager-1.4.0-SNAPSHOT.jar:?]
	at org.apache.hadoop.ozone.protocolPB.OzoneManagerRequestHandler.listStatus(OzoneManagerRequestHandler.java:1143) ~[ozone-manager-1.4.0-SNAPSHOT.jar:?]
	at org.apache.hadoop.ozone.protocolPB.OzoneManagerRequestHandler.handleReadRequest(OzoneManagerRequestHandler.java:261) ~[ozone-manager-1.4.0-SNAPSHOT.jar:?]
	at org.apache.hadoop.ozone.protocolPB.OzoneManagerProtocolServerSideTranslatorPB.submitReadRequestToOM(OzoneManagerProtocolServerSideTranslatorPB.java:225) ~[ozone-manager-1.4.0-SNAPSHOT.jar:?]
	at org.apache.hadoop.ozone.protocolPB.OzoneManagerProtocolServerSideTranslatorPB.processRequest(OzoneManagerProtocolServerSideTranslatorPB.java:179) ~[ozone-manager-1.4.0-SNAPSHOT.jar:?]
	at org.apache.hadoop.hdds.server.OzoneProtocolMessageDispatcher.processRequest(OzoneProtocolMessageDispatcher.java:87) [hdds-server-framework-1.4.0-SNAPSHOT.jar:?]
	at org.apache.hadoop.ozone.protocolPB.OzoneManagerProtocolServerSideTranslatorPB.submitRequest(OzoneManagerProtocolServerSideTranslatorPB.java:148) [ozone-manager-1.4.0-SNAPSHOT.jar:?]
	at org.apache.hadoop.ozone.protocol.proto.OzoneManagerProtocolProtos$OzoneManagerService$2.callBlockingMethod(OzoneManagerProtocolProtos.java) [ozone-interface-client-1.4.0-SNAPSHOT.jar:?]
	at org.apache.hadoop.ipc.ProtobufRpcEngine$Server.processCall(ProtobufRpcEngine.java:484) [hadoop-common-3.3.6.jar:?]
	at org.apache.hadoop.ipc.ProtobufRpcEngine2$Server$ProtoBufRpcInvoker.call(ProtobufRpcEngine2.java:595) [hadoop-common-3.3.6.jar:?]
	at org.apache.hadoop.ipc.ProtobufRpcEngine2$Server$ProtoBufRpcInvoker.call(ProtobufRpcEngine2.java:573) [hadoop-common-3.3.6.jar:?]
	at org.apache.hadoop.ipc.RPC$Server.call(RPC.java:1227) [hadoop-common-3.3.6.jar:?]
	at org.apache.hadoop.ipc.Server$RpcCall.run(Server.java:1094) [hadoop-common-3.3.6.jar:?]
	at org.apache.hadoop.ipc.Server$RpcCall.run(Server.java:1017) [hadoop-common-3.3.6.jar:?]
	at java.security.AccessController.doPrivileged(Native Method) ~[?:1.8.0_382]
	at javax.security.auth.Subject.doAs(Subject.java:422) [?:1.8.0_382]
	at org.apache.hadoop.security.UserGroupInformation.doAs(UserGroupInformation.java:1899) [hadoop-common-3.3.6.jar:?]
	at org.apache.hadoop.ipc.Server$Handler.run(Server.java:3048) [hadoop-common-3.3.6.jar:?]
20:31:06.172 [IPC Server handler 10 on default port 15110] ERROR OMAudit - user=runner | ip=127.0.0.1 | op=LIST_STATUS {volume=volume50105, bucket=bucket55116, key=root_dir/file2, dataSize=0, replicationConfig=null} | ret=FAILURE
org.apache.hadoop.ozone.om.exceptions.OMException: Unable to get file status: volume: volume50105 bucket: bucket55116 key: root_dir/file2
	at org.apache.hadoop.ozone.om.KeyManagerImpl.getOzoneFileStatus(KeyManagerImpl.java:1195) ~[ozone-manager-1.4.0-SNAPSHOT.jar:?]
	at org.apache.hadoop.ozone.om.KeyManagerImpl.getFileStatus(KeyManagerImpl.java:1113) ~[ozone-manager-1.4.0-SNAPSHOT.jar:?]
	at org.apache.hadoop.ozone.om.KeyManagerImpl.listStatus(KeyManagerImpl.java:1505) ~[ozone-manager-1.4.0-SNAPSHOT.jar:?]
	at org.apache.hadoop.ozone.om.OmMetadataReader.listStatus(OmMetadataReader.java:235) ~[ozone-manager-1.4.0-SNAPSHOT.jar:?]
	at org.apache.hadoop.ozone.om.OzoneManager.listStatus(OzoneManager.java:3560) ~[ozone-manager-1.4.0-SNAPSHOT.jar:?]
	at org.apache.hadoop.ozone.protocolPB.OzoneManagerRequestHandler.listStatus(OzoneManagerRequestHandler.java:1143) ~[ozone-manager-1.4.0-SNAPSHOT.jar:?]
	at org.apache.hadoop.ozone.protocolPB.OzoneManagerRequestHandler.handleReadRequest(OzoneManagerRequestHandler.java:261) ~[ozone-manager-1.4.0-SNAPSHOT.jar:?]
	at org.apache.hadoop.ozone.protocolPB.OzoneManagerProtocolServerSideTranslatorPB.submitReadRequestToOM(OzoneManagerProtocolServerSideTranslatorPB.java:225) ~[ozone-manager-1.4.0-SNAPSHOT.jar:?]
	at org.apache.hadoop.ozone.protocolPB.OzoneManagerProtocolServerSideTranslatorPB.processRequest(OzoneManagerProtocolServerSideTranslatorPB.java:179) ~[ozone-manager-1.4.0-SNAPSHOT.jar:?]
	at org.apache.hadoop.hdds.server.OzoneProtocolMessageDispatcher.processRequest(OzoneProtocolMessageDispatcher.java:87) [hdds-server-framework-1.4.0-SNAPSHOT.jar:?]
	at org.apache.hadoop.ozone.protocolPB.OzoneManagerProtocolServerSideTranslatorPB.submitRequest(OzoneManagerProtocolServerSideTranslatorPB.java:148) [ozone-manager-1.4.0-SNAPSHOT.jar:?]
	at org.apache.hadoop.ozone.protocol.proto.OzoneManagerProtocolProtos$OzoneManagerService$2.callBlockingMethod(OzoneManagerProtocolProtos.java) [ozone-interface-client-1.4.0-SNAPSHOT.jar:?]
	at org.apache.hadoop.ipc.ProtobufRpcEngine$Server.processCall(ProtobufRpcEngine.java:484) [hadoop-common-3.3.6.jar:?]
	at org.apache.hadoop.ipc.ProtobufRpcEngine2$Server$ProtoBufRpcInvoker.call(ProtobufRpcEngine2.java:595) [hadoop-common-3.3.6.jar:?]
	at org.apache.hadoop.ipc.ProtobufRpcEngine2$Server$ProtoBufRpcInvoker.call(ProtobufRpcEngine2.java:573) [hadoop-common-3.3.6.jar:?]
	at org.apache.hadoop.ipc.RPC$Server.call(RPC.java:1227) [hadoop-common-3.3.6.jar:?]
	at org.apache.hadoop.ipc.Server$RpcCall.run(Server.java:1094) [hadoop-common-3.3.6.jar:?]
	at org.apache.hadoop.ipc.Server$RpcCall.run(Server.java:1017) [hadoop-common-3.3.6.jar:?]
	at java.security.AccessController.doPrivileged(Native Method) ~[?:1.8.0_382]
	at javax.security.auth.Subject.doAs(Subject.java:422) [?:1.8.0_382]
	at org.apache.hadoop.security.UserGroupInformation.doAs(UserGroupInformation.java:1899) [hadoop-common-3.3.6.jar:?]
	at org.apache.hadoop.ipc.Server$Handler.run(Server.java:3048) [hadoop-common-3.3.6.jar:?]
]]></system-out>
  </testcase>
  <testcase name="testRenameToParentDir" classname="TestOzoneFileSystem" time="0.042">
    <system-out><![CDATA[20:32:43.668 [IPC Server handler 1 on default port 15163] ERROR OMAudit - user=runner | ip=127.0.0.1 | op=LIST_STATUS {volume=volume10577, bucket=bucket68495, key=root_dir/dir2, dataSize=0, replicationConfig=null} | ret=FAILURE
org.apache.hadoop.ozone.om.exceptions.OMException: Unable to get file status: volume: volume10577 bucket: bucket68495 key: root_dir/dir2
	at org.apache.hadoop.ozone.om.KeyManagerImpl.getOzoneFileStatus(KeyManagerImpl.java:1195) ~[ozone-manager-1.4.0-SNAPSHOT.jar:?]
	at org.apache.hadoop.ozone.om.KeyManagerImpl.getFileStatus(KeyManagerImpl.java:1113) ~[ozone-manager-1.4.0-SNAPSHOT.jar:?]
	at org.apache.hadoop.ozone.om.KeyManagerImpl.listStatus(KeyManagerImpl.java:1505) ~[ozone-manager-1.4.0-SNAPSHOT.jar:?]
	at org.apache.hadoop.ozone.om.OmMetadataReader.listStatus(OmMetadataReader.java:235) ~[ozone-manager-1.4.0-SNAPSHOT.jar:?]
	at org.apache.hadoop.ozone.om.OzoneManager.listStatus(OzoneManager.java:3560) ~[ozone-manager-1.4.0-SNAPSHOT.jar:?]
	at org.apache.hadoop.ozone.protocolPB.OzoneManagerRequestHandler.listStatus(OzoneManagerRequestHandler.java:1143) ~[ozone-manager-1.4.0-SNAPSHOT.jar:?]
	at org.apache.hadoop.ozone.protocolPB.OzoneManagerRequestHandler.handleReadRequest(OzoneManagerRequestHandler.java:261) ~[ozone-manager-1.4.0-SNAPSHOT.jar:?]
	at org.apache.hadoop.ozone.protocolPB.OzoneManagerProtocolServerSideTranslatorPB.submitRequestDirectlyToOM(OzoneManagerProtocolServerSideTranslatorPB.java:274) ~[ozone-manager-1.4.0-SNAPSHOT.jar:?]
	at org.apache.hadoop.ozone.protocolPB.OzoneManagerProtocolServerSideTranslatorPB.processRequest(OzoneManagerProtocolServerSideTranslatorPB.java:175) ~[ozone-manager-1.4.0-SNAPSHOT.jar:?]
	at org.apache.hadoop.hdds.server.OzoneProtocolMessageDispatcher.processRequest(OzoneProtocolMessageDispatcher.java:87) [hdds-server-framework-1.4.0-SNAPSHOT.jar:?]
	at org.apache.hadoop.ozone.protocolPB.OzoneManagerProtocolServerSideTranslatorPB.submitRequest(OzoneManagerProtocolServerSideTranslatorPB.java:148) [ozone-manager-1.4.0-SNAPSHOT.jar:?]
	at org.apache.hadoop.ozone.protocol.proto.OzoneManagerProtocolProtos$OzoneManagerService$2.callBlockingMethod(OzoneManagerProtocolProtos.java) [ozone-interface-client-1.4.0-SNAPSHOT.jar:?]
	at org.apache.hadoop.ipc.ProtobufRpcEngine$Server.processCall(ProtobufRpcEngine.java:484) [hadoop-common-3.3.6.jar:?]
	at org.apache.hadoop.ipc.ProtobufRpcEngine2$Server$ProtoBufRpcInvoker.call(ProtobufRpcEngine2.java:595) [hadoop-common-3.3.6.jar:?]
	at org.apache.hadoop.ipc.ProtobufRpcEngine2$Server$ProtoBufRpcInvoker.call(ProtobufRpcEngine2.java:573) [hadoop-common-3.3.6.jar:?]
	at org.apache.hadoop.ipc.RPC$Server.call(RPC.java:1227) [hadoop-common-3.3.6.jar:?]
	at org.apache.hadoop.ipc.Server$RpcCall.run(Server.java:1094) [hadoop-common-3.3.6.jar:?]
	at org.apache.hadoop.ipc.Server$RpcCall.run(Server.java:1017) [hadoop-common-3.3.6.jar:?]
	at java.security.AccessController.doPrivileged(Native Method) ~[?:1.8.0_382]
	at javax.security.auth.Subject.doAs(Subject.java:422) [?:1.8.0_382]
	at org.apache.hadoop.security.UserGroupInformation.doAs(UserGroupInformation.java:1899) [hadoop-common-3.3.6.jar:?]
	at org.apache.hadoop.ipc.Server$Handler.run(Server.java:3048) [hadoop-common-3.3.6.jar:?]
20:32:43.677 [IPC Server handler 9 on default port 15163] ERROR OMAudit - user=runner | ip=127.0.0.1 | op=LIST_STATUS {volume=volume10577, bucket=bucket68495, key=root_dir/file2, dataSize=0, replicationConfig=null} | ret=FAILURE
org.apache.hadoop.ozone.om.exceptions.OMException: Unable to get file status: volume: volume10577 bucket: bucket68495 key: root_dir/file2
	at org.apache.hadoop.ozone.om.KeyManagerImpl.getOzoneFileStatus(KeyManagerImpl.java:1195) ~[ozone-manager-1.4.0-SNAPSHOT.jar:?]
	at org.apache.hadoop.ozone.om.KeyManagerImpl.getFileStatus(KeyManagerImpl.java:1113) ~[ozone-manager-1.4.0-SNAPSHOT.jar:?]
	at org.apache.hadoop.ozone.om.KeyManagerImpl.listStatus(KeyManagerImpl.java:1505) ~[ozone-manager-1.4.0-SNAPSHOT.jar:?]
	at org.apache.hadoop.ozone.om.OmMetadataReader.listStatus(OmMetadataReader.java:235) ~[ozone-manager-1.4.0-SNAPSHOT.jar:?]
	at org.apache.hadoop.ozone.om.OzoneManager.listStatus(OzoneManager.java:3560) ~[ozone-manager-1.4.0-SNAPSHOT.jar:?]
	at org.apache.hadoop.ozone.protocolPB.OzoneManagerRequestHandler.listStatus(OzoneManagerRequestHandler.java:1143) ~[ozone-manager-1.4.0-SNAPSHOT.jar:?]
	at org.apache.hadoop.ozone.protocolPB.OzoneManagerRequestHandler.handleReadRequest(OzoneManagerRequestHandler.java:261) ~[ozone-manager-1.4.0-SNAPSHOT.jar:?]
	at org.apache.hadoop.ozone.protocolPB.OzoneManagerProtocolServerSideTranslatorPB.submitRequestDirectlyToOM(OzoneManagerProtocolServerSideTranslatorPB.java:274) ~[ozone-manager-1.4.0-SNAPSHOT.jar:?]
	at org.apache.hadoop.ozone.protocolPB.OzoneManagerProtocolServerSideTranslatorPB.processRequest(OzoneManagerProtocolServerSideTranslatorPB.java:175) ~[ozone-manager-1.4.0-SNAPSHOT.jar:?]
	at org.apache.hadoop.hdds.server.OzoneProtocolMessageDispatcher.processRequest(OzoneProtocolMessageDispatcher.java:87) [hdds-server-framework-1.4.0-SNAPSHOT.jar:?]
	at org.apache.hadoop.ozone.protocolPB.OzoneManagerProtocolServerSideTranslatorPB.submitRequest(OzoneManagerProtocolServerSideTranslatorPB.java:148) [ozone-manager-1.4.0-SNAPSHOT.jar:?]
	at org.apache.hadoop.ozone.protocol.proto.OzoneManagerProtocolProtos$OzoneManagerService$2.callBlockingMethod(OzoneManagerProtocolProtos.java) [ozone-interface-client-1.4.0-SNAPSHOT.jar:?]
	at org.apache.hadoop.ipc.ProtobufRpcEngine$Server.processCall(ProtobufRpcEngine.java:484) [hadoop-common-3.3.6.jar:?]
	at org.apache.hadoop.ipc.ProtobufRpcEngine2$Server$ProtoBufRpcInvoker.call(ProtobufRpcEngine2.java:595) [hadoop-common-3.3.6.jar:?]
	at org.apache.hadoop.ipc.ProtobufRpcEngine2$Server$ProtoBufRpcInvoker.call(ProtobufRpcEngine2.java:573) [hadoop-common-3.3.6.jar:?]
	at org.apache.hadoop.ipc.RPC$Server.call(RPC.java:1227) [hadoop-common-3.3.6.jar:?]
	at org.apache.hadoop.ipc.Server$RpcCall.run(Server.java:1094) [hadoop-common-3.3.6.jar:?]
	at org.apache.hadoop.ipc.Server$RpcCall.run(Server.java:1017) [hadoop-common-3.3.6.jar:?]
	at java.security.AccessController.doPrivileged(Native Method) ~[?:1.8.0_382]
	at javax.security.auth.Subject.doAs(Subject.java:422) [?:1.8.0_382]
	at org.apache.hadoop.security.UserGroupInformation.doAs(UserGroupInformation.java:1899) [hadoop-common-3.3.6.jar:?]
	at org.apache.hadoop.ipc.Server$Handler.run(Server.java:3048) [hadoop-common-3.3.6.jar:?]
]]></system-out>
  </testcase>
  <testcase name="testListStatusOnSubDirs" classname="TestOzoneFileSystem" time="0.107"/>
  <testcase name="testListStatusOnSubDirs" classname="TestOzoneFileSystem" time="0.031"/>
  <testcase name="testListStatusOnSubDirs" classname="TestOzoneFileSystem" time="0.032"/>
  <testcase name="testListStatusOnSubDirs" classname="TestOzoneFileSystem" time="0.025"/>
  <testcase name="testListStatus" classname="TestOzoneFileSystem" time="0.108"/>
  <testcase name="testListStatus" classname="TestOzoneFileSystem" time="0.073"/>
  <testcase name="testListStatus" classname="TestOzoneFileSystem" time="0.079"/>
  <testcase name="testListStatus" classname="TestOzoneFileSystem" time="0.041"/>
  <testcase name="testRecursiveDelete" classname="TestOzoneFileSystem" time="0.69">
    <system-out><![CDATA[20:27:42.965 [IPC Server handler 7 on default port 15004] ERROR OMAudit - user=runner | ip=127.0.0.1 | op=GET_FILE_STATUS {volume=volume63798, bucket=bucket90991, key=gdir1, dataSize=0, replicationConfig=null} | ret=FAILURE
org.apache.hadoop.ozone.om.exceptions.OMException: Unable to get file status: volume: volume63798 bucket: bucket90991 key: gdir1
	at org.apache.hadoop.ozone.om.KeyManagerImpl.getOzoneFileStatus(KeyManagerImpl.java:1195) ~[ozone-manager-1.4.0-SNAPSHOT.jar:?]
	at org.apache.hadoop.ozone.om.KeyManagerImpl.getFileStatus(KeyManagerImpl.java:1113) ~[ozone-manager-1.4.0-SNAPSHOT.jar:?]
	at org.apache.hadoop.ozone.om.OmMetadataReader.getFileStatus(OmMetadataReader.java:262) ~[ozone-manager-1.4.0-SNAPSHOT.jar:?]
	at org.apache.hadoop.ozone.om.OzoneManager.getFileStatus(OzoneManager.java:3530) ~[ozone-manager-1.4.0-SNAPSHOT.jar:?]
	at org.apache.hadoop.ozone.protocolPB.OzoneManagerRequestHandler.getOzoneFileStatus(OzoneManagerRequestHandler.java:971) ~[ozone-manager-1.4.0-SNAPSHOT.jar:?]
	at org.apache.hadoop.ozone.protocolPB.OzoneManagerRequestHandler.handleReadRequest(OzoneManagerRequestHandler.java:250) ~[ozone-manager-1.4.0-SNAPSHOT.jar:?]
	at org.apache.hadoop.ozone.protocolPB.OzoneManagerProtocolServerSideTranslatorPB.submitReadRequestToOM(OzoneManagerProtocolServerSideTranslatorPB.java:225) ~[ozone-manager-1.4.0-SNAPSHOT.jar:?]
	at org.apache.hadoop.ozone.protocolPB.OzoneManagerProtocolServerSideTranslatorPB.processRequest(OzoneManagerProtocolServerSideTranslatorPB.java:179) ~[ozone-manager-1.4.0-SNAPSHOT.jar:?]
	at org.apache.hadoop.hdds.server.OzoneProtocolMessageDispatcher.processRequest(OzoneProtocolMessageDispatcher.java:87) [hdds-server-framework-1.4.0-SNAPSHOT.jar:?]
	at org.apache.hadoop.ozone.protocolPB.OzoneManagerProtocolServerSideTranslatorPB.submitRequest(OzoneManagerProtocolServerSideTranslatorPB.java:148) [ozone-manager-1.4.0-SNAPSHOT.jar:?]
	at org.apache.hadoop.ozone.protocol.proto.OzoneManagerProtocolProtos$OzoneManagerService$2.callBlockingMethod(OzoneManagerProtocolProtos.java) [ozone-interface-client-1.4.0-SNAPSHOT.jar:?]
	at org.apache.hadoop.ipc.ProtobufRpcEngine$Server.processCall(ProtobufRpcEngine.java:484) [hadoop-common-3.3.6.jar:?]
	at org.apache.hadoop.ipc.ProtobufRpcEngine2$Server$ProtoBufRpcInvoker.call(ProtobufRpcEngine2.java:595) [hadoop-common-3.3.6.jar:?]
	at org.apache.hadoop.ipc.ProtobufRpcEngine2$Server$ProtoBufRpcInvoker.call(ProtobufRpcEngine2.java:573) [hadoop-common-3.3.6.jar:?]
	at org.apache.hadoop.ipc.RPC$Server.call(RPC.java:1227) [hadoop-common-3.3.6.jar:?]
	at org.apache.hadoop.ipc.Server$RpcCall.run(Server.java:1094) [hadoop-common-3.3.6.jar:?]
	at org.apache.hadoop.ipc.Server$RpcCall.run(Server.java:1017) [hadoop-common-3.3.6.jar:?]
	at java.security.AccessController.doPrivileged(Native Method) ~[?:1.8.0_382]
	at javax.security.auth.Subject.doAs(Subject.java:422) [?:1.8.0_382]
	at org.apache.hadoop.security.UserGroupInformation.doAs(UserGroupInformation.java:1899) [hadoop-common-3.3.6.jar:?]
	at org.apache.hadoop.ipc.Server$Handler.run(Server.java:3048) [hadoop-common-3.3.6.jar:?]
20:27:42.967 [IPC Server handler 2 on default port 15004] ERROR OMAudit - user=runner | ip=127.0.0.1 | op=GET_FILE_STATUS {volume=volume63798, bucket=bucket90991, key=gdir1/dir1, dataSize=0, replicationConfig=null} | ret=FAILURE
org.apache.hadoop.ozone.om.exceptions.OMException: Unable to get file status: volume: volume63798 bucket: bucket90991 key: gdir1/dir1
	at org.apache.hadoop.ozone.om.KeyManagerImpl.getOzoneFileStatus(KeyManagerImpl.java:1195) ~[ozone-manager-1.4.0-SNAPSHOT.jar:?]
	at org.apache.hadoop.ozone.om.KeyManagerImpl.getFileStatus(KeyManagerImpl.java:1113) ~[ozone-manager-1.4.0-SNAPSHOT.jar:?]
	at org.apache.hadoop.ozone.om.OmMetadataReader.getFileStatus(OmMetadataReader.java:262) ~[ozone-manager-1.4.0-SNAPSHOT.jar:?]
	at org.apache.hadoop.ozone.om.OzoneManager.getFileStatus(OzoneManager.java:3530) ~[ozone-manager-1.4.0-SNAPSHOT.jar:?]
	at org.apache.hadoop.ozone.protocolPB.OzoneManagerRequestHandler.getOzoneFileStatus(OzoneManagerRequestHandler.java:971) ~[ozone-manager-1.4.0-SNAPSHOT.jar:?]
	at org.apache.hadoop.ozone.protocolPB.OzoneManagerRequestHandler.handleReadRequest(OzoneManagerRequestHandler.java:250) ~[ozone-manager-1.4.0-SNAPSHOT.jar:?]
	at org.apache.hadoop.ozone.protocolPB.OzoneManagerProtocolServerSideTranslatorPB.submitReadRequestToOM(OzoneManagerProtocolServerSideTranslatorPB.java:225) ~[ozone-manager-1.4.0-SNAPSHOT.jar:?]
	at org.apache.hadoop.ozone.protocolPB.OzoneManagerProtocolServerSideTranslatorPB.processRequest(OzoneManagerProtocolServerSideTranslatorPB.java:179) ~[ozone-manager-1.4.0-SNAPSHOT.jar:?]
	at org.apache.hadoop.hdds.server.OzoneProtocolMessageDispatcher.processRequest(OzoneProtocolMessageDispatcher.java:87) [hdds-server-framework-1.4.0-SNAPSHOT.jar:?]
	at org.apache.hadoop.ozone.protocolPB.OzoneManagerProtocolServerSideTranslatorPB.submitRequest(OzoneManagerProtocolServerSideTranslatorPB.java:148) [ozone-manager-1.4.0-SNAPSHOT.jar:?]
	at org.apache.hadoop.ozone.protocol.proto.OzoneManagerProtocolProtos$OzoneManagerService$2.callBlockingMethod(OzoneManagerProtocolProtos.java) [ozone-interface-client-1.4.0-SNAPSHOT.jar:?]
	at org.apache.hadoop.ipc.ProtobufRpcEngine$Server.processCall(ProtobufRpcEngine.java:484) [hadoop-common-3.3.6.jar:?]
	at org.apache.hadoop.ipc.ProtobufRpcEngine2$Server$ProtoBufRpcInvoker.call(ProtobufRpcEngine2.java:595) [hadoop-common-3.3.6.jar:?]
	at org.apache.hadoop.ipc.ProtobufRpcEngine2$Server$ProtoBufRpcInvoker.call(ProtobufRpcEngine2.java:573) [hadoop-common-3.3.6.jar:?]
	at org.apache.hadoop.ipc.RPC$Server.call(RPC.java:1227) [hadoop-common-3.3.6.jar:?]
	at org.apache.hadoop.ipc.Server$RpcCall.run(Server.java:1094) [hadoop-common-3.3.6.jar:?]
	at org.apache.hadoop.ipc.Server$RpcCall.run(Server.java:1017) [hadoop-common-3.3.6.jar:?]
	at java.security.AccessController.doPrivileged(Native Method) ~[?:1.8.0_382]
	at javax.security.auth.Subject.doAs(Subject.java:422) [?:1.8.0_382]
	at org.apache.hadoop.security.UserGroupInformation.doAs(UserGroupInformation.java:1899) [hadoop-common-3.3.6.jar:?]
	at org.apache.hadoop.ipc.Server$Handler.run(Server.java:3048) [hadoop-common-3.3.6.jar:?]
20:27:42.970 [IPC Server handler 9 on default port 15004] ERROR OMAudit - user=runner | ip=127.0.0.1 | op=GET_FILE_STATUS {volume=volume63798, bucket=bucket90991, key=gdir1/dir1/child, dataSize=0, replicationConfig=null} | ret=FAILURE
org.apache.hadoop.ozone.om.exceptions.OMException: Unable to get file status: volume: volume63798 bucket: bucket90991 key: gdir1/dir1/child
	at org.apache.hadoop.ozone.om.KeyManagerImpl.getOzoneFileStatus(KeyManagerImpl.java:1195) ~[ozone-manager-1.4.0-SNAPSHOT.jar:?]
	at org.apache.hadoop.ozone.om.KeyManagerImpl.getFileStatus(KeyManagerImpl.java:1113) ~[ozone-manager-1.4.0-SNAPSHOT.jar:?]
	at org.apache.hadoop.ozone.om.OmMetadataReader.getFileStatus(OmMetadataReader.java:262) ~[ozone-manager-1.4.0-SNAPSHOT.jar:?]
	at org.apache.hadoop.ozone.om.OzoneManager.getFileStatus(OzoneManager.java:3530) ~[ozone-manager-1.4.0-SNAPSHOT.jar:?]
	at org.apache.hadoop.ozone.protocolPB.OzoneManagerRequestHandler.getOzoneFileStatus(OzoneManagerRequestHandler.java:971) ~[ozone-manager-1.4.0-SNAPSHOT.jar:?]
	at org.apache.hadoop.ozone.protocolPB.OzoneManagerRequestHandler.handleReadRequest(OzoneManagerRequestHandler.java:250) ~[ozone-manager-1.4.0-SNAPSHOT.jar:?]
	at org.apache.hadoop.ozone.protocolPB.OzoneManagerProtocolServerSideTranslatorPB.submitReadRequestToOM(OzoneManagerProtocolServerSideTranslatorPB.java:225) ~[ozone-manager-1.4.0-SNAPSHOT.jar:?]
	at org.apache.hadoop.ozone.protocolPB.OzoneManagerProtocolServerSideTranslatorPB.processRequest(OzoneManagerProtocolServerSideTranslatorPB.java:179) ~[ozone-manager-1.4.0-SNAPSHOT.jar:?]
	at org.apache.hadoop.hdds.server.OzoneProtocolMessageDispatcher.processRequest(OzoneProtocolMessageDispatcher.java:87) [hdds-server-framework-1.4.0-SNAPSHOT.jar:?]
	at org.apache.hadoop.ozone.protocolPB.OzoneManagerProtocolServerSideTranslatorPB.submitRequest(OzoneManagerProtocolServerSideTranslatorPB.java:148) [ozone-manager-1.4.0-SNAPSHOT.jar:?]
	at org.apache.hadoop.ozone.protocol.proto.OzoneManagerProtocolProtos$OzoneManagerService$2.callBlockingMethod(OzoneManagerProtocolProtos.java) [ozone-interface-client-1.4.0-SNAPSHOT.jar:?]
	at org.apache.hadoop.ipc.ProtobufRpcEngine$Server.processCall(ProtobufRpcEngine.java:484) [hadoop-common-3.3.6.jar:?]
	at org.apache.hadoop.ipc.ProtobufRpcEngine2$Server$ProtoBufRpcInvoker.call(ProtobufRpcEngine2.java:595) [hadoop-common-3.3.6.jar:?]
	at org.apache.hadoop.ipc.ProtobufRpcEngine2$Server$ProtoBufRpcInvoker.call(ProtobufRpcEngine2.java:573) [hadoop-common-3.3.6.jar:?]
	at org.apache.hadoop.ipc.RPC$Server.call(RPC.java:1227) [hadoop-common-3.3.6.jar:?]
	at org.apache.hadoop.ipc.Server$RpcCall.run(Server.java:1094) [hadoop-common-3.3.6.jar:?]
	at org.apache.hadoop.ipc.Server$RpcCall.run(Server.java:1017) [hadoop-common-3.3.6.jar:?]
	at java.security.AccessController.doPrivileged(Native Method) ~[?:1.8.0_382]
	at javax.security.auth.Subject.doAs(Subject.java:422) [?:1.8.0_382]
	at org.apache.hadoop.security.UserGroupInformation.doAs(UserGroupInformation.java:1899) [hadoop-common-3.3.6.jar:?]
	at org.apache.hadoop.ipc.Server$Handler.run(Server.java:3048) [hadoop-common-3.3.6.jar:?]
20:27:42.972 [IPC Server handler 3 on default port 15004] ERROR OMAudit - user=runner | ip=127.0.0.1 | op=GET_FILE_STATUS {volume=volume63798, bucket=bucket90991, key=gdir1/dir2, dataSize=0, replicationConfig=null} | ret=FAILURE
org.apache.hadoop.ozone.om.exceptions.OMException: Unable to get file status: volume: volume63798 bucket: bucket90991 key: gdir1/dir2
	at org.apache.hadoop.ozone.om.KeyManagerImpl.getOzoneFileStatus(KeyManagerImpl.java:1195) ~[ozone-manager-1.4.0-SNAPSHOT.jar:?]
	at org.apache.hadoop.ozone.om.KeyManagerImpl.getFileStatus(KeyManagerImpl.java:1113) ~[ozone-manager-1.4.0-SNAPSHOT.jar:?]
	at org.apache.hadoop.ozone.om.OmMetadataReader.getFileStatus(OmMetadataReader.java:262) ~[ozone-manager-1.4.0-SNAPSHOT.jar:?]
	at org.apache.hadoop.ozone.om.OzoneManager.getFileStatus(OzoneManager.java:3530) ~[ozone-manager-1.4.0-SNAPSHOT.jar:?]
	at org.apache.hadoop.ozone.protocolPB.OzoneManagerRequestHandler.getOzoneFileStatus(OzoneManagerRequestHandler.java:971) ~[ozone-manager-1.4.0-SNAPSHOT.jar:?]
	at org.apache.hadoop.ozone.protocolPB.OzoneManagerRequestHandler.handleReadRequest(OzoneManagerRequestHandler.java:250) ~[ozone-manager-1.4.0-SNAPSHOT.jar:?]
	at org.apache.hadoop.ozone.protocolPB.OzoneManagerProtocolServerSideTranslatorPB.submitReadRequestToOM(OzoneManagerProtocolServerSideTranslatorPB.java:225) ~[ozone-manager-1.4.0-SNAPSHOT.jar:?]
	at org.apache.hadoop.ozone.protocolPB.OzoneManagerProtocolServerSideTranslatorPB.processRequest(OzoneManagerProtocolServerSideTranslatorPB.java:179) ~[ozone-manager-1.4.0-SNAPSHOT.jar:?]
	at org.apache.hadoop.hdds.server.OzoneProtocolMessageDispatcher.processRequest(OzoneProtocolMessageDispatcher.java:87) [hdds-server-framework-1.4.0-SNAPSHOT.jar:?]
	at org.apache.hadoop.ozone.protocolPB.OzoneManagerProtocolServerSideTranslatorPB.submitRequest(OzoneManagerProtocolServerSideTranslatorPB.java:148) [ozone-manager-1.4.0-SNAPSHOT.jar:?]
	at org.apache.hadoop.ozone.protocol.proto.OzoneManagerProtocolProtos$OzoneManagerService$2.callBlockingMethod(OzoneManagerProtocolProtos.java) [ozone-interface-client-1.4.0-SNAPSHOT.jar:?]
	at org.apache.hadoop.ipc.ProtobufRpcEngine$Server.processCall(ProtobufRpcEngine.java:484) [hadoop-common-3.3.6.jar:?]
	at org.apache.hadoop.ipc.ProtobufRpcEngine2$Server$ProtoBufRpcInvoker.call(ProtobufRpcEngine2.java:595) [hadoop-common-3.3.6.jar:?]
	at org.apache.hadoop.ipc.ProtobufRpcEngine2$Server$ProtoBufRpcInvoker.call(ProtobufRpcEngine2.java:573) [hadoop-common-3.3.6.jar:?]
	at org.apache.hadoop.ipc.RPC$Server.call(RPC.java:1227) [hadoop-common-3.3.6.jar:?]
	at org.apache.hadoop.ipc.Server$RpcCall.run(Server.java:1094) [hadoop-common-3.3.6.jar:?]
	at org.apache.hadoop.ipc.Server$RpcCall.run(Server.java:1017) [hadoop-common-3.3.6.jar:?]
	at java.security.AccessController.doPrivileged(Native Method) ~[?:1.8.0_382]
	at javax.security.auth.Subject.doAs(Subject.java:422) [?:1.8.0_382]
	at org.apache.hadoop.security.UserGroupInformation.doAs(UserGroupInformation.java:1899) [hadoop-common-3.3.6.jar:?]
	at org.apache.hadoop.ipc.Server$Handler.run(Server.java:3048) [hadoop-common-3.3.6.jar:?]
20:27:42.975 [IPC Server handler 1 on default port 15004] ERROR OMAudit - user=runner | ip=127.0.0.1 | op=GET_FILE_STATUS {volume=volume63798, bucket=bucket90991, key=gdir1/dir2/child, dataSize=0, replicationConfig=null} | ret=FAILURE
org.apache.hadoop.ozone.om.exceptions.OMException: Unable to get file status: volume: volume63798 bucket: bucket90991 key: gdir1/dir2/child
	at org.apache.hadoop.ozone.om.KeyManagerImpl.getOzoneFileStatus(KeyManagerImpl.java:1195) ~[ozone-manager-1.4.0-SNAPSHOT.jar:?]
	at org.apache.hadoop.ozone.om.KeyManagerImpl.getFileStatus(KeyManagerImpl.java:1113) ~[ozone-manager-1.4.0-SNAPSHOT.jar:?]
	at org.apache.hadoop.ozone.om.OmMetadataReader.getFileStatus(OmMetadataReader.java:262) ~[ozone-manager-1.4.0-SNAPSHOT.jar:?]
	at org.apache.hadoop.ozone.om.OzoneManager.getFileStatus(OzoneManager.java:3530) ~[ozone-manager-1.4.0-SNAPSHOT.jar:?]
	at org.apache.hadoop.ozone.protocolPB.OzoneManagerRequestHandler.getOzoneFileStatus(OzoneManagerRequestHandler.java:971) ~[ozone-manager-1.4.0-SNAPSHOT.jar:?]
	at org.apache.hadoop.ozone.protocolPB.OzoneManagerRequestHandler.handleReadRequest(OzoneManagerRequestHandler.java:250) ~[ozone-manager-1.4.0-SNAPSHOT.jar:?]
	at org.apache.hadoop.ozone.protocolPB.OzoneManagerProtocolServerSideTranslatorPB.submitReadRequestToOM(OzoneManagerProtocolServerSideTranslatorPB.java:225) ~[ozone-manager-1.4.0-SNAPSHOT.jar:?]
	at org.apache.hadoop.ozone.protocolPB.OzoneManagerProtocolServerSideTranslatorPB.processRequest(OzoneManagerProtocolServerSideTranslatorPB.java:179) ~[ozone-manager-1.4.0-SNAPSHOT.jar:?]
	at org.apache.hadoop.hdds.server.OzoneProtocolMessageDispatcher.processRequest(OzoneProtocolMessageDispatcher.java:87) [hdds-server-framework-1.4.0-SNAPSHOT.jar:?]
	at org.apache.hadoop.ozone.protocolPB.OzoneManagerProtocolServerSideTranslatorPB.submitRequest(OzoneManagerProtocolServerSideTranslatorPB.java:148) [ozone-manager-1.4.0-SNAPSHOT.jar:?]
	at org.apache.hadoop.ozone.protocol.proto.OzoneManagerProtocolProtos$OzoneManagerService$2.callBlockingMethod(OzoneManagerProtocolProtos.java) [ozone-interface-client-1.4.0-SNAPSHOT.jar:?]
	at org.apache.hadoop.ipc.ProtobufRpcEngine$Server.processCall(ProtobufRpcEngine.java:484) [hadoop-common-3.3.6.jar:?]
	at org.apache.hadoop.ipc.ProtobufRpcEngine2$Server$ProtoBufRpcInvoker.call(ProtobufRpcEngine2.java:595) [hadoop-common-3.3.6.jar:?]
	at org.apache.hadoop.ipc.ProtobufRpcEngine2$Server$ProtoBufRpcInvoker.call(ProtobufRpcEngine2.java:573) [hadoop-common-3.3.6.jar:?]
	at org.apache.hadoop.ipc.RPC$Server.call(RPC.java:1227) [hadoop-common-3.3.6.jar:?]
	at org.apache.hadoop.ipc.Server$RpcCall.run(Server.java:1094) [hadoop-common-3.3.6.jar:?]
	at org.apache.hadoop.ipc.Server$RpcCall.run(Server.java:1017) [hadoop-common-3.3.6.jar:?]
	at java.security.AccessController.doPrivileged(Native Method) ~[?:1.8.0_382]
	at javax.security.auth.Subject.doAs(Subject.java:422) [?:1.8.0_382]
	at org.apache.hadoop.security.UserGroupInformation.doAs(UserGroupInformation.java:1899) [hadoop-common-3.3.6.jar:?]
	at org.apache.hadoop.ipc.Server$Handler.run(Server.java:3048) [hadoop-common-3.3.6.jar:?]
20:27:42.977 [IPC Server handler 5 on default port 15004] ERROR OMAudit - user=runner | ip=127.0.0.1 | op=GET_FILE_STATUS {volume=volume63798, bucket=bucket90991, key=gdir1/dir3, dataSize=0, replicationConfig=null} | ret=FAILURE
org.apache.hadoop.ozone.om.exceptions.OMException: Unable to get file status: volume: volume63798 bucket: bucket90991 key: gdir1/dir3
	at org.apache.hadoop.ozone.om.KeyManagerImpl.getOzoneFileStatus(KeyManagerImpl.java:1195) ~[ozone-manager-1.4.0-SNAPSHOT.jar:?]
	at org.apache.hadoop.ozone.om.KeyManagerImpl.getFileStatus(KeyManagerImpl.java:1113) ~[ozone-manager-1.4.0-SNAPSHOT.jar:?]
	at org.apache.hadoop.ozone.om.OmMetadataReader.getFileStatus(OmMetadataReader.java:262) ~[ozone-manager-1.4.0-SNAPSHOT.jar:?]
	at org.apache.hadoop.ozone.om.OzoneManager.getFileStatus(OzoneManager.java:3530) ~[ozone-manager-1.4.0-SNAPSHOT.jar:?]
	at org.apache.hadoop.ozone.protocolPB.OzoneManagerRequestHandler.getOzoneFileStatus(OzoneManagerRequestHandler.java:971) ~[ozone-manager-1.4.0-SNAPSHOT.jar:?]
	at org.apache.hadoop.ozone.protocolPB.OzoneManagerRequestHandler.handleReadRequest(OzoneManagerRequestHandler.java:250) ~[ozone-manager-1.4.0-SNAPSHOT.jar:?]
	at org.apache.hadoop.ozone.protocolPB.OzoneManagerProtocolServerSideTranslatorPB.submitReadRequestToOM(OzoneManagerProtocolServerSideTranslatorPB.java:225) ~[ozone-manager-1.4.0-SNAPSHOT.jar:?]
	at org.apache.hadoop.ozone.protocolPB.OzoneManagerProtocolServerSideTranslatorPB.processRequest(OzoneManagerProtocolServerSideTranslatorPB.java:179) ~[ozone-manager-1.4.0-SNAPSHOT.jar:?]
	at org.apache.hadoop.hdds.server.OzoneProtocolMessageDispatcher.processRequest(OzoneProtocolMessageDispatcher.java:87) [hdds-server-framework-1.4.0-SNAPSHOT.jar:?]
	at org.apache.hadoop.ozone.protocolPB.OzoneManagerProtocolServerSideTranslatorPB.submitRequest(OzoneManagerProtocolServerSideTranslatorPB.java:148) [ozone-manager-1.4.0-SNAPSHOT.jar:?]
	at org.apache.hadoop.ozone.protocol.proto.OzoneManagerProtocolProtos$OzoneManagerService$2.callBlockingMethod(OzoneManagerProtocolProtos.java) [ozone-interface-client-1.4.0-SNAPSHOT.jar:?]
	at org.apache.hadoop.ipc.ProtobufRpcEngine$Server.processCall(ProtobufRpcEngine.java:484) [hadoop-common-3.3.6.jar:?]
	at org.apache.hadoop.ipc.ProtobufRpcEngine2$Server$ProtoBufRpcInvoker.call(ProtobufRpcEngine2.java:595) [hadoop-common-3.3.6.jar:?]
	at org.apache.hadoop.ipc.ProtobufRpcEngine2$Server$ProtoBufRpcInvoker.call(ProtobufRpcEngine2.java:573) [hadoop-common-3.3.6.jar:?]
	at org.apache.hadoop.ipc.RPC$Server.call(RPC.java:1227) [hadoop-common-3.3.6.jar:?]
	at org.apache.hadoop.ipc.Server$RpcCall.run(Server.java:1094) [hadoop-common-3.3.6.jar:?]
	at org.apache.hadoop.ipc.Server$RpcCall.run(Server.java:1017) [hadoop-common-3.3.6.jar:?]
	at java.security.AccessController.doPrivileged(Native Method) ~[?:1.8.0_382]
	at javax.security.auth.Subject.doAs(Subject.java:422) [?:1.8.0_382]
	at org.apache.hadoop.security.UserGroupInformation.doAs(UserGroupInformation.java:1899) [hadoop-common-3.3.6.jar:?]
	at org.apache.hadoop.ipc.Server$Handler.run(Server.java:3048) [hadoop-common-3.3.6.jar:?]
20:27:42.979 [IPC Server handler 4 on default port 15004] ERROR OMAudit - user=runner | ip=127.0.0.1 | op=GET_FILE_STATUS {volume=volume63798, bucket=bucket90991, key=gdir1/dir3/child, dataSize=0, replicationConfig=null} | ret=FAILURE
org.apache.hadoop.ozone.om.exceptions.OMException: Unable to get file status: volume: volume63798 bucket: bucket90991 key: gdir1/dir3/child
	at org.apache.hadoop.ozone.om.KeyManagerImpl.getOzoneFileStatus(KeyManagerImpl.java:1195) ~[ozone-manager-1.4.0-SNAPSHOT.jar:?]
	at org.apache.hadoop.ozone.om.KeyManagerImpl.getFileStatus(KeyManagerImpl.java:1113) ~[ozone-manager-1.4.0-SNAPSHOT.jar:?]
	at org.apache.hadoop.ozone.om.OmMetadataReader.getFileStatus(OmMetadataReader.java:262) ~[ozone-manager-1.4.0-SNAPSHOT.jar:?]
	at org.apache.hadoop.ozone.om.OzoneManager.getFileStatus(OzoneManager.java:3530) ~[ozone-manager-1.4.0-SNAPSHOT.jar:?]
	at org.apache.hadoop.ozone.protocolPB.OzoneManagerRequestHandler.getOzoneFileStatus(OzoneManagerRequestHandler.java:971) ~[ozone-manager-1.4.0-SNAPSHOT.jar:?]
	at org.apache.hadoop.ozone.protocolPB.OzoneManagerRequestHandler.handleReadRequest(OzoneManagerRequestHandler.java:250) ~[ozone-manager-1.4.0-SNAPSHOT.jar:?]
	at org.apache.hadoop.ozone.protocolPB.OzoneManagerProtocolServerSideTranslatorPB.submitReadRequestToOM(OzoneManagerProtocolServerSideTranslatorPB.java:225) ~[ozone-manager-1.4.0-SNAPSHOT.jar:?]
	at org.apache.hadoop.ozone.protocolPB.OzoneManagerProtocolServerSideTranslatorPB.processRequest(OzoneManagerProtocolServerSideTranslatorPB.java:179) ~[ozone-manager-1.4.0-SNAPSHOT.jar:?]
	at org.apache.hadoop.hdds.server.OzoneProtocolMessageDispatcher.processRequest(OzoneProtocolMessageDispatcher.java:87) [hdds-server-framework-1.4.0-SNAPSHOT.jar:?]
	at org.apache.hadoop.ozone.protocolPB.OzoneManagerProtocolServerSideTranslatorPB.submitRequest(OzoneManagerProtocolServerSideTranslatorPB.java:148) [ozone-manager-1.4.0-SNAPSHOT.jar:?]
	at org.apache.hadoop.ozone.protocol.proto.OzoneManagerProtocolProtos$OzoneManagerService$2.callBlockingMethod(OzoneManagerProtocolProtos.java) [ozone-interface-client-1.4.0-SNAPSHOT.jar:?]
	at org.apache.hadoop.ipc.ProtobufRpcEngine$Server.processCall(ProtobufRpcEngine.java:484) [hadoop-common-3.3.6.jar:?]
	at org.apache.hadoop.ipc.ProtobufRpcEngine2$Server$ProtoBufRpcInvoker.call(ProtobufRpcEngine2.java:595) [hadoop-common-3.3.6.jar:?]
	at org.apache.hadoop.ipc.ProtobufRpcEngine2$Server$ProtoBufRpcInvoker.call(ProtobufRpcEngine2.java:573) [hadoop-common-3.3.6.jar:?]
	at org.apache.hadoop.ipc.RPC$Server.call(RPC.java:1227) [hadoop-common-3.3.6.jar:?]
	at org.apache.hadoop.ipc.Server$RpcCall.run(Server.java:1094) [hadoop-common-3.3.6.jar:?]
	at org.apache.hadoop.ipc.Server$RpcCall.run(Server.java:1017) [hadoop-common-3.3.6.jar:?]
	at java.security.AccessController.doPrivileged(Native Method) ~[?:1.8.0_382]
	at javax.security.auth.Subject.doAs(Subject.java:422) [?:1.8.0_382]
	at org.apache.hadoop.security.UserGroupInformation.doAs(UserGroupInformation.java:1899) [hadoop-common-3.3.6.jar:?]
	at org.apache.hadoop.ipc.Server$Handler.run(Server.java:3048) [hadoop-common-3.3.6.jar:?]
20:27:42.981 [IPC Server handler 0 on default port 15004] ERROR OMAudit - user=runner | ip=127.0.0.1 | op=GET_FILE_STATUS {volume=volume63798, bucket=bucket90991, key=gdir1/dir4, dataSize=0, replicationConfig=null} | ret=FAILURE
org.apache.hadoop.ozone.om.exceptions.OMException: Unable to get file status: volume: volume63798 bucket: bucket90991 key: gdir1/dir4
	at org.apache.hadoop.ozone.om.KeyManagerImpl.getOzoneFileStatus(KeyManagerImpl.java:1195) ~[ozone-manager-1.4.0-SNAPSHOT.jar:?]
	at org.apache.hadoop.ozone.om.KeyManagerImpl.getFileStatus(KeyManagerImpl.java:1113) ~[ozone-manager-1.4.0-SNAPSHOT.jar:?]
	at org.apache.hadoop.ozone.om.OmMetadataReader.getFileStatus(OmMetadataReader.java:262) ~[ozone-manager-1.4.0-SNAPSHOT.jar:?]
	at org.apache.hadoop.ozone.om.OzoneManager.getFileStatus(OzoneManager.java:3530) ~[ozone-manager-1.4.0-SNAPSHOT.jar:?]
	at org.apache.hadoop.ozone.protocolPB.OzoneManagerRequestHandler.getOzoneFileStatus(OzoneManagerRequestHandler.java:971) ~[ozone-manager-1.4.0-SNAPSHOT.jar:?]
	at org.apache.hadoop.ozone.protocolPB.OzoneManagerRequestHandler.handleReadRequest(OzoneManagerRequestHandler.java:250) ~[ozone-manager-1.4.0-SNAPSHOT.jar:?]
	at org.apache.hadoop.ozone.protocolPB.OzoneManagerProtocolServerSideTranslatorPB.submitReadRequestToOM(OzoneManagerProtocolServerSideTranslatorPB.java:225) ~[ozone-manager-1.4.0-SNAPSHOT.jar:?]
	at org.apache.hadoop.ozone.protocolPB.OzoneManagerProtocolServerSideTranslatorPB.processRequest(OzoneManagerProtocolServerSideTranslatorPB.java:179) ~[ozone-manager-1.4.0-SNAPSHOT.jar:?]
	at org.apache.hadoop.hdds.server.OzoneProtocolMessageDispatcher.processRequest(OzoneProtocolMessageDispatcher.java:87) [hdds-server-framework-1.4.0-SNAPSHOT.jar:?]
	at org.apache.hadoop.ozone.protocolPB.OzoneManagerProtocolServerSideTranslatorPB.submitRequest(OzoneManagerProtocolServerSideTranslatorPB.java:148) [ozone-manager-1.4.0-SNAPSHOT.jar:?]
	at org.apache.hadoop.ozone.protocol.proto.OzoneManagerProtocolProtos$OzoneManagerService$2.callBlockingMethod(OzoneManagerProtocolProtos.java) [ozone-interface-client-1.4.0-SNAPSHOT.jar:?]
	at org.apache.hadoop.ipc.ProtobufRpcEngine$Server.processCall(ProtobufRpcEngine.java:484) [hadoop-common-3.3.6.jar:?]
	at org.apache.hadoop.ipc.ProtobufRpcEngine2$Server$ProtoBufRpcInvoker.call(ProtobufRpcEngine2.java:595) [hadoop-common-3.3.6.jar:?]
	at org.apache.hadoop.ipc.ProtobufRpcEngine2$Server$ProtoBufRpcInvoker.call(ProtobufRpcEngine2.java:573) [hadoop-common-3.3.6.jar:?]
	at org.apache.hadoop.ipc.RPC$Server.call(RPC.java:1227) [hadoop-common-3.3.6.jar:?]
	at org.apache.hadoop.ipc.Server$RpcCall.run(Server.java:1094) [hadoop-common-3.3.6.jar:?]
	at org.apache.hadoop.ipc.Server$RpcCall.run(Server.java:1017) [hadoop-common-3.3.6.jar:?]
	at java.security.AccessController.doPrivileged(Native Method) ~[?:1.8.0_382]
	at javax.security.auth.Subject.doAs(Subject.java:422) [?:1.8.0_382]
	at org.apache.hadoop.security.UserGroupInformation.doAs(UserGroupInformation.java:1899) [hadoop-common-3.3.6.jar:?]
	at org.apache.hadoop.ipc.Server$Handler.run(Server.java:3048) [hadoop-common-3.3.6.jar:?]
20:27:42.983 [IPC Server handler 19 on default port 15004] ERROR OMAudit - user=runner | ip=127.0.0.1 | op=GET_FILE_STATUS {volume=volume63798, bucket=bucket90991, key=gdir1/dir4/child, dataSize=0, replicationConfig=null} | ret=FAILURE
org.apache.hadoop.ozone.om.exceptions.OMException: Unable to get file status: volume: volume63798 bucket: bucket90991 key: gdir1/dir4/child
	at org.apache.hadoop.ozone.om.KeyManagerImpl.getOzoneFileStatus(KeyManagerImpl.java:1195) ~[ozone-manager-1.4.0-SNAPSHOT.jar:?]
	at org.apache.hadoop.ozone.om.KeyManagerImpl.getFileStatus(KeyManagerImpl.java:1113) ~[ozone-manager-1.4.0-SNAPSHOT.jar:?]
	at org.apache.hadoop.ozone.om.OmMetadataReader.getFileStatus(OmMetadataReader.java:262) ~[ozone-manager-1.4.0-SNAPSHOT.jar:?]
	at org.apache.hadoop.ozone.om.OzoneManager.getFileStatus(OzoneManager.java:3530) ~[ozone-manager-1.4.0-SNAPSHOT.jar:?]
	at org.apache.hadoop.ozone.protocolPB.OzoneManagerRequestHandler.getOzoneFileStatus(OzoneManagerRequestHandler.java:971) ~[ozone-manager-1.4.0-SNAPSHOT.jar:?]
	at org.apache.hadoop.ozone.protocolPB.OzoneManagerRequestHandler.handleReadRequest(OzoneManagerRequestHandler.java:250) ~[ozone-manager-1.4.0-SNAPSHOT.jar:?]
	at org.apache.hadoop.ozone.protocolPB.OzoneManagerProtocolServerSideTranslatorPB.submitReadRequestToOM(OzoneManagerProtocolServerSideTranslatorPB.java:225) ~[ozone-manager-1.4.0-SNAPSHOT.jar:?]
	at org.apache.hadoop.ozone.protocolPB.OzoneManagerProtocolServerSideTranslatorPB.processRequest(OzoneManagerProtocolServerSideTranslatorPB.java:179) ~[ozone-manager-1.4.0-SNAPSHOT.jar:?]
	at org.apache.hadoop.hdds.server.OzoneProtocolMessageDispatcher.processRequest(OzoneProtocolMessageDispatcher.java:87) [hdds-server-framework-1.4.0-SNAPSHOT.jar:?]
	at org.apache.hadoop.ozone.protocolPB.OzoneManagerProtocolServerSideTranslatorPB.submitRequest(OzoneManagerProtocolServerSideTranslatorPB.java:148) [ozone-manager-1.4.0-SNAPSHOT.jar:?]
	at org.apache.hadoop.ozone.protocol.proto.OzoneManagerProtocolProtos$OzoneManagerService$2.callBlockingMethod(OzoneManagerProtocolProtos.java) [ozone-interface-client-1.4.0-SNAPSHOT.jar:?]
	at org.apache.hadoop.ipc.ProtobufRpcEngine$Server.processCall(ProtobufRpcEngine.java:484) [hadoop-common-3.3.6.jar:?]
	at org.apache.hadoop.ipc.ProtobufRpcEngine2$Server$ProtoBufRpcInvoker.call(ProtobufRpcEngine2.java:595) [hadoop-common-3.3.6.jar:?]
	at org.apache.hadoop.ipc.ProtobufRpcEngine2$Server$ProtoBufRpcInvoker.call(ProtobufRpcEngine2.java:573) [hadoop-common-3.3.6.jar:?]
	at org.apache.hadoop.ipc.RPC$Server.call(RPC.java:1227) [hadoop-common-3.3.6.jar:?]
	at org.apache.hadoop.ipc.Server$RpcCall.run(Server.java:1094) [hadoop-common-3.3.6.jar:?]
	at org.apache.hadoop.ipc.Server$RpcCall.run(Server.java:1017) [hadoop-common-3.3.6.jar:?]
	at java.security.AccessController.doPrivileged(Native Method) ~[?:1.8.0_382]
	at javax.security.auth.Subject.doAs(Subject.java:422) [?:1.8.0_382]
	at org.apache.hadoop.security.UserGroupInformation.doAs(UserGroupInformation.java:1899) [hadoop-common-3.3.6.jar:?]
	at org.apache.hadoop.ipc.Server$Handler.run(Server.java:3048) [hadoop-common-3.3.6.jar:?]
20:27:42.985 [IPC Server handler 15 on default port 15004] ERROR OMAudit - user=runner | ip=127.0.0.1 | op=GET_FILE_STATUS {volume=volume63798, bucket=bucket90991, key=gdir1/dir5, dataSize=0, replicationConfig=null} | ret=FAILURE
org.apache.hadoop.ozone.om.exceptions.OMException: Unable to get file status: volume: volume63798 bucket: bucket90991 key: gdir1/dir5
	at org.apache.hadoop.ozone.om.KeyManagerImpl.getOzoneFileStatus(KeyManagerImpl.java:1195) ~[ozone-manager-1.4.0-SNAPSHOT.jar:?]
	at org.apache.hadoop.ozone.om.KeyManagerImpl.getFileStatus(KeyManagerImpl.java:1113) ~[ozone-manager-1.4.0-SNAPSHOT.jar:?]
	at org.apache.hadoop.ozone.om.OmMetadataReader.getFileStatus(OmMetadataReader.java:262) ~[ozone-manager-1.4.0-SNAPSHOT.jar:?]
	at org.apache.hadoop.ozone.om.OzoneManager.getFileStatus(OzoneManager.java:3530) ~[ozone-manager-1.4.0-SNAPSHOT.jar:?]
	at org.apache.hadoop.ozone.protocolPB.OzoneManagerRequestHandler.getOzoneFileStatus(OzoneManagerRequestHandler.java:971) ~[ozone-manager-1.4.0-SNAPSHOT.jar:?]
	at org.apache.hadoop.ozone.protocolPB.OzoneManagerRequestHandler.handleReadRequest(OzoneManagerRequestHandler.java:250) ~[ozone-manager-1.4.0-SNAPSHOT.jar:?]
	at org.apache.hadoop.ozone.protocolPB.OzoneManagerProtocolServerSideTranslatorPB.submitReadRequestToOM(OzoneManagerProtocolServerSideTranslatorPB.java:225) ~[ozone-manager-1.4.0-SNAPSHOT.jar:?]
	at org.apache.hadoop.ozone.protocolPB.OzoneManagerProtocolServerSideTranslatorPB.processRequest(OzoneManagerProtocolServerSideTranslatorPB.java:179) ~[ozone-manager-1.4.0-SNAPSHOT.jar:?]
	at org.apache.hadoop.hdds.server.OzoneProtocolMessageDispatcher.processRequest(OzoneProtocolMessageDispatcher.java:87) [hdds-server-framework-1.4.0-SNAPSHOT.jar:?]
	at org.apache.hadoop.ozone.protocolPB.OzoneManagerProtocolServerSideTranslatorPB.submitRequest(OzoneManagerProtocolServerSideTranslatorPB.java:148) [ozone-manager-1.4.0-SNAPSHOT.jar:?]
	at org.apache.hadoop.ozone.protocol.proto.OzoneManagerProtocolProtos$OzoneManagerService$2.callBlockingMethod(OzoneManagerProtocolProtos.java) [ozone-interface-client-1.4.0-SNAPSHOT.jar:?]
	at org.apache.hadoop.ipc.ProtobufRpcEngine$Server.processCall(ProtobufRpcEngine.java:484) [hadoop-common-3.3.6.jar:?]
	at org.apache.hadoop.ipc.ProtobufRpcEngine2$Server$ProtoBufRpcInvoker.call(ProtobufRpcEngine2.java:595) [hadoop-common-3.3.6.jar:?]
	at org.apache.hadoop.ipc.ProtobufRpcEngine2$Server$ProtoBufRpcInvoker.call(ProtobufRpcEngine2.java:573) [hadoop-common-3.3.6.jar:?]
	at org.apache.hadoop.ipc.RPC$Server.call(RPC.java:1227) [hadoop-common-3.3.6.jar:?]
	at org.apache.hadoop.ipc.Server$RpcCall.run(Server.java:1094) [hadoop-common-3.3.6.jar:?]
	at org.apache.hadoop.ipc.Server$RpcCall.run(Server.java:1017) [hadoop-common-3.3.6.jar:?]
	at java.security.AccessController.doPrivileged(Native Method) ~[?:1.8.0_382]
	at javax.security.auth.Subject.doAs(Subject.java:422) [?:1.8.0_382]
	at org.apache.hadoop.security.UserGroupInformation.doAs(UserGroupInformation.java:1899) [hadoop-common-3.3.6.jar:?]
	at org.apache.hadoop.ipc.Server$Handler.run(Server.java:3048) [hadoop-common-3.3.6.jar:?]
20:27:42.988 [IPC Server handler 16 on default port 15004] ERROR OMAudit - user=runner | ip=127.0.0.1 | op=GET_FILE_STATUS {volume=volume63798, bucket=bucket90991, key=gdir1/dir5/child, dataSize=0, replicationConfig=null} | ret=FAILURE
org.apache.hadoop.ozone.om.exceptions.OMException: Unable to get file status: volume: volume63798 bucket: bucket90991 key: gdir1/dir5/child
	at org.apache.hadoop.ozone.om.KeyManagerImpl.getOzoneFileStatus(KeyManagerImpl.java:1195) ~[ozone-manager-1.4.0-SNAPSHOT.jar:?]
	at org.apache.hadoop.ozone.om.KeyManagerImpl.getFileStatus(KeyManagerImpl.java:1113) ~[ozone-manager-1.4.0-SNAPSHOT.jar:?]
	at org.apache.hadoop.ozone.om.OmMetadataReader.getFileStatus(OmMetadataReader.java:262) ~[ozone-manager-1.4.0-SNAPSHOT.jar:?]
	at org.apache.hadoop.ozone.om.OzoneManager.getFileStatus(OzoneManager.java:3530) ~[ozone-manager-1.4.0-SNAPSHOT.jar:?]
	at org.apache.hadoop.ozone.protocolPB.OzoneManagerRequestHandler.getOzoneFileStatus(OzoneManagerRequestHandler.java:971) ~[ozone-manager-1.4.0-SNAPSHOT.jar:?]
	at org.apache.hadoop.ozone.protocolPB.OzoneManagerRequestHandler.handleReadRequest(OzoneManagerRequestHandler.java:250) ~[ozone-manager-1.4.0-SNAPSHOT.jar:?]
	at org.apache.hadoop.ozone.protocolPB.OzoneManagerProtocolServerSideTranslatorPB.submitReadRequestToOM(OzoneManagerProtocolServerSideTranslatorPB.java:225) ~[ozone-manager-1.4.0-SNAPSHOT.jar:?]
	at org.apache.hadoop.ozone.protocolPB.OzoneManagerProtocolServerSideTranslatorPB.processRequest(OzoneManagerProtocolServerSideTranslatorPB.java:179) ~[ozone-manager-1.4.0-SNAPSHOT.jar:?]
	at org.apache.hadoop.hdds.server.OzoneProtocolMessageDispatcher.processRequest(OzoneProtocolMessageDispatcher.java:87) [hdds-server-framework-1.4.0-SNAPSHOT.jar:?]
	at org.apache.hadoop.ozone.protocolPB.OzoneManagerProtocolServerSideTranslatorPB.submitRequest(OzoneManagerProtocolServerSideTranslatorPB.java:148) [ozone-manager-1.4.0-SNAPSHOT.jar:?]
	at org.apache.hadoop.ozone.protocol.proto.OzoneManagerProtocolProtos$OzoneManagerService$2.callBlockingMethod(OzoneManagerProtocolProtos.java) [ozone-interface-client-1.4.0-SNAPSHOT.jar:?]
	at org.apache.hadoop.ipc.ProtobufRpcEngine$Server.processCall(ProtobufRpcEngine.java:484) [hadoop-common-3.3.6.jar:?]
	at org.apache.hadoop.ipc.ProtobufRpcEngine2$Server$ProtoBufRpcInvoker.call(ProtobufRpcEngine2.java:595) [hadoop-common-3.3.6.jar:?]
	at org.apache.hadoop.ipc.ProtobufRpcEngine2$Server$ProtoBufRpcInvoker.call(ProtobufRpcEngine2.java:573) [hadoop-common-3.3.6.jar:?]
	at org.apache.hadoop.ipc.RPC$Server.call(RPC.java:1227) [hadoop-common-3.3.6.jar:?]
	at org.apache.hadoop.ipc.Server$RpcCall.run(Server.java:1094) [hadoop-common-3.3.6.jar:?]
	at org.apache.hadoop.ipc.Server$RpcCall.run(Server.java:1017) [hadoop-common-3.3.6.jar:?]
	at java.security.AccessController.doPrivileged(Native Method) ~[?:1.8.0_382]
	at javax.security.auth.Subject.doAs(Subject.java:422) [?:1.8.0_382]
	at org.apache.hadoop.security.UserGroupInformation.doAs(UserGroupInformation.java:1899) [hadoop-common-3.3.6.jar:?]
	at org.apache.hadoop.ipc.Server$Handler.run(Server.java:3048) [hadoop-common-3.3.6.jar:?]
20:27:42.990 [IPC Server handler 17 on default port 15004] ERROR OMAudit - user=runner | ip=127.0.0.1 | op=GET_FILE_STATUS {volume=volume63798, bucket=bucket90991, key=gdir1/dir6, dataSize=0, replicationConfig=null} | ret=FAILURE
org.apache.hadoop.ozone.om.exceptions.OMException: Unable to get file status: volume: volume63798 bucket: bucket90991 key: gdir1/dir6
	at org.apache.hadoop.ozone.om.KeyManagerImpl.getOzoneFileStatus(KeyManagerImpl.java:1195) ~[ozone-manager-1.4.0-SNAPSHOT.jar:?]
	at org.apache.hadoop.ozone.om.KeyManagerImpl.getFileStatus(KeyManagerImpl.java:1113) ~[ozone-manager-1.4.0-SNAPSHOT.jar:?]
	at org.apache.hadoop.ozone.om.OmMetadataReader.getFileStatus(OmMetadataReader.java:262) ~[ozone-manager-1.4.0-SNAPSHOT.jar:?]
	at org.apache.hadoop.ozone.om.OzoneManager.getFileStatus(OzoneManager.java:3530) ~[ozone-manager-1.4.0-SNAPSHOT.jar:?]
	at org.apache.hadoop.ozone.protocolPB.OzoneManagerRequestHandler.getOzoneFileStatus(OzoneManagerRequestHandler.java:971) ~[ozone-manager-1.4.0-SNAPSHOT.jar:?]
	at org.apache.hadoop.ozone.protocolPB.OzoneManagerRequestHandler.handleReadRequest(OzoneManagerRequestHandler.java:250) ~[ozone-manager-1.4.0-SNAPSHOT.jar:?]
	at org.apache.hadoop.ozone.protocolPB.OzoneManagerProtocolServerSideTranslatorPB.submitReadRequestToOM(OzoneManagerProtocolServerSideTranslatorPB.java:225) ~[ozone-manager-1.4.0-SNAPSHOT.jar:?]
	at org.apache.hadoop.ozone.protocolPB.OzoneManagerProtocolServerSideTranslatorPB.processRequest(OzoneManagerProtocolServerSideTranslatorPB.java:179) ~[ozone-manager-1.4.0-SNAPSHOT.jar:?]
	at org.apache.hadoop.hdds.server.OzoneProtocolMessageDispatcher.processRequest(OzoneProtocolMessageDispatcher.java:87) [hdds-server-framework-1.4.0-SNAPSHOT.jar:?]
	at org.apache.hadoop.ozone.protocolPB.OzoneManagerProtocolServerSideTranslatorPB.submitRequest(OzoneManagerProtocolServerSideTranslatorPB.java:148) [ozone-manager-1.4.0-SNAPSHOT.jar:?]
	at org.apache.hadoop.ozone.protocol.proto.OzoneManagerProtocolProtos$OzoneManagerService$2.callBlockingMethod(OzoneManagerProtocolProtos.java) [ozone-interface-client-1.4.0-SNAPSHOT.jar:?]
	at org.apache.hadoop.ipc.ProtobufRpcEngine$Server.processCall(ProtobufRpcEngine.java:484) [hadoop-common-3.3.6.jar:?]
	at org.apache.hadoop.ipc.ProtobufRpcEngine2$Server$ProtoBufRpcInvoker.call(ProtobufRpcEngine2.java:595) [hadoop-common-3.3.6.jar:?]
	at org.apache.hadoop.ipc.ProtobufRpcEngine2$Server$ProtoBufRpcInvoker.call(ProtobufRpcEngine2.java:573) [hadoop-common-3.3.6.jar:?]
	at org.apache.hadoop.ipc.RPC$Server.call(RPC.java:1227) [hadoop-common-3.3.6.jar:?]
	at org.apache.hadoop.ipc.Server$RpcCall.run(Server.java:1094) [hadoop-common-3.3.6.jar:?]
	at org.apache.hadoop.ipc.Server$RpcCall.run(Server.java:1017) [hadoop-common-3.3.6.jar:?]
	at java.security.AccessController.doPrivileged(Native Method) ~[?:1.8.0_382]
	at javax.security.auth.Subject.doAs(Subject.java:422) [?:1.8.0_382]
	at org.apache.hadoop.security.UserGroupInformation.doAs(UserGroupInformation.java:1899) [hadoop-common-3.3.6.jar:?]
	at org.apache.hadoop.ipc.Server$Handler.run(Server.java:3048) [hadoop-common-3.3.6.jar:?]
20:27:42.992 [IPC Server handler 14 on default port 15004] ERROR OMAudit - user=runner | ip=127.0.0.1 | op=GET_FILE_STATUS {volume=volume63798, bucket=bucket90991, key=gdir1/dir6/child, dataSize=0, replicationConfig=null} | ret=FAILURE
org.apache.hadoop.ozone.om.exceptions.OMException: Unable to get file status: volume: volume63798 bucket: bucket90991 key: gdir1/dir6/child
	at org.apache.hadoop.ozone.om.KeyManagerImpl.getOzoneFileStatus(KeyManagerImpl.java:1195) ~[ozone-manager-1.4.0-SNAPSHOT.jar:?]
	at org.apache.hadoop.ozone.om.KeyManagerImpl.getFileStatus(KeyManagerImpl.java:1113) ~[ozone-manager-1.4.0-SNAPSHOT.jar:?]
	at org.apache.hadoop.ozone.om.OmMetadataReader.getFileStatus(OmMetadataReader.java:262) ~[ozone-manager-1.4.0-SNAPSHOT.jar:?]
	at org.apache.hadoop.ozone.om.OzoneManager.getFileStatus(OzoneManager.java:3530) ~[ozone-manager-1.4.0-SNAPSHOT.jar:?]
	at org.apache.hadoop.ozone.protocolPB.OzoneManagerRequestHandler.getOzoneFileStatus(OzoneManagerRequestHandler.java:971) ~[ozone-manager-1.4.0-SNAPSHOT.jar:?]
	at org.apache.hadoop.ozone.protocolPB.OzoneManagerRequestHandler.handleReadRequest(OzoneManagerRequestHandler.java:250) ~[ozone-manager-1.4.0-SNAPSHOT.jar:?]
	at org.apache.hadoop.ozone.protocolPB.OzoneManagerProtocolServerSideTranslatorPB.submitReadRequestToOM(OzoneManagerProtocolServerSideTranslatorPB.java:225) ~[ozone-manager-1.4.0-SNAPSHOT.jar:?]
	at org.apache.hadoop.ozone.protocolPB.OzoneManagerProtocolServerSideTranslatorPB.processRequest(OzoneManagerProtocolServerSideTranslatorPB.java:179) ~[ozone-manager-1.4.0-SNAPSHOT.jar:?]
	at org.apache.hadoop.hdds.server.OzoneProtocolMessageDispatcher.processRequest(OzoneProtocolMessageDispatcher.java:87) [hdds-server-framework-1.4.0-SNAPSHOT.jar:?]
	at org.apache.hadoop.ozone.protocolPB.OzoneManagerProtocolServerSideTranslatorPB.submitRequest(OzoneManagerProtocolServerSideTranslatorPB.java:148) [ozone-manager-1.4.0-SNAPSHOT.jar:?]
	at org.apache.hadoop.ozone.protocol.proto.OzoneManagerProtocolProtos$OzoneManagerService$2.callBlockingMethod(OzoneManagerProtocolProtos.java) [ozone-interface-client-1.4.0-SNAPSHOT.jar:?]
	at org.apache.hadoop.ipc.ProtobufRpcEngine$Server.processCall(ProtobufRpcEngine.java:484) [hadoop-common-3.3.6.jar:?]
	at org.apache.hadoop.ipc.ProtobufRpcEngine2$Server$ProtoBufRpcInvoker.call(ProtobufRpcEngine2.java:595) [hadoop-common-3.3.6.jar:?]
	at org.apache.hadoop.ipc.ProtobufRpcEngine2$Server$ProtoBufRpcInvoker.call(ProtobufRpcEngine2.java:573) [hadoop-common-3.3.6.jar:?]
	at org.apache.hadoop.ipc.RPC$Server.call(RPC.java:1227) [hadoop-common-3.3.6.jar:?]
	at org.apache.hadoop.ipc.Server$RpcCall.run(Server.java:1094) [hadoop-common-3.3.6.jar:?]
	at org.apache.hadoop.ipc.Server$RpcCall.run(Server.java:1017) [hadoop-common-3.3.6.jar:?]
	at java.security.AccessController.doPrivileged(Native Method) ~[?:1.8.0_382]
	at javax.security.auth.Subject.doAs(Subject.java:422) [?:1.8.0_382]
	at org.apache.hadoop.security.UserGroupInformation.doAs(UserGroupInformation.java:1899) [hadoop-common-3.3.6.jar:?]
	at org.apache.hadoop.ipc.Server$Handler.run(Server.java:3048) [hadoop-common-3.3.6.jar:?]
20:27:42.994 [IPC Server handler 8 on default port 15004] ERROR OMAudit - user=runner | ip=127.0.0.1 | op=GET_FILE_STATUS {volume=volume63798, bucket=bucket90991, key=gdir1/dir7, dataSize=0, replicationConfig=null} | ret=FAILURE
org.apache.hadoop.ozone.om.exceptions.OMException: Unable to get file status: volume: volume63798 bucket: bucket90991 key: gdir1/dir7
	at org.apache.hadoop.ozone.om.KeyManagerImpl.getOzoneFileStatus(KeyManagerImpl.java:1195) ~[ozone-manager-1.4.0-SNAPSHOT.jar:?]
	at org.apache.hadoop.ozone.om.KeyManagerImpl.getFileStatus(KeyManagerImpl.java:1113) ~[ozone-manager-1.4.0-SNAPSHOT.jar:?]
	at org.apache.hadoop.ozone.om.OmMetadataReader.getFileStatus(OmMetadataReader.java:262) ~[ozone-manager-1.4.0-SNAPSHOT.jar:?]
	at org.apache.hadoop.ozone.om.OzoneManager.getFileStatus(OzoneManager.java:3530) ~[ozone-manager-1.4.0-SNAPSHOT.jar:?]
	at org.apache.hadoop.ozone.protocolPB.OzoneManagerRequestHandler.getOzoneFileStatus(OzoneManagerRequestHandler.java:971) ~[ozone-manager-1.4.0-SNAPSHOT.jar:?]
	at org.apache.hadoop.ozone.protocolPB.OzoneManagerRequestHandler.handleReadRequest(OzoneManagerRequestHandler.java:250) ~[ozone-manager-1.4.0-SNAPSHOT.jar:?]
	at org.apache.hadoop.ozone.protocolPB.OzoneManagerProtocolServerSideTranslatorPB.submitReadRequestToOM(OzoneManagerProtocolServerSideTranslatorPB.java:225) ~[ozone-manager-1.4.0-SNAPSHOT.jar:?]
	at org.apache.hadoop.ozone.protocolPB.OzoneManagerProtocolServerSideTranslatorPB.processRequest(OzoneManagerProtocolServerSideTranslatorPB.java:179) ~[ozone-manager-1.4.0-SNAPSHOT.jar:?]
	at org.apache.hadoop.hdds.server.OzoneProtocolMessageDispatcher.processRequest(OzoneProtocolMessageDispatcher.java:87) [hdds-server-framework-1.4.0-SNAPSHOT.jar:?]
	at org.apache.hadoop.ozone.protocolPB.OzoneManagerProtocolServerSideTranslatorPB.submitRequest(OzoneManagerProtocolServerSideTranslatorPB.java:148) [ozone-manager-1.4.0-SNAPSHOT.jar:?]
	at org.apache.hadoop.ozone.protocol.proto.OzoneManagerProtocolProtos$OzoneManagerService$2.callBlockingMethod(OzoneManagerProtocolProtos.java) [ozone-interface-client-1.4.0-SNAPSHOT.jar:?]
	at org.apache.hadoop.ipc.ProtobufRpcEngine$Server.processCall(ProtobufRpcEngine.java:484) [hadoop-common-3.3.6.jar:?]
	at org.apache.hadoop.ipc.ProtobufRpcEngine2$Server$ProtoBufRpcInvoker.call(ProtobufRpcEngine2.java:595) [hadoop-common-3.3.6.jar:?]
	at org.apache.hadoop.ipc.ProtobufRpcEngine2$Server$ProtoBufRpcInvoker.call(ProtobufRpcEngine2.java:573) [hadoop-common-3.3.6.jar:?]
	at org.apache.hadoop.ipc.RPC$Server.call(RPC.java:1227) [hadoop-common-3.3.6.jar:?]
	at org.apache.hadoop.ipc.Server$RpcCall.run(Server.java:1094) [hadoop-common-3.3.6.jar:?]
	at org.apache.hadoop.ipc.Server$RpcCall.run(Server.java:1017) [hadoop-common-3.3.6.jar:?]
	at java.security.AccessController.doPrivileged(Native Method) ~[?:1.8.0_382]
	at javax.security.auth.Subject.doAs(Subject.java:422) [?:1.8.0_382]
	at org.apache.hadoop.security.UserGroupInformation.doAs(UserGroupInformation.java:1899) [hadoop-common-3.3.6.jar:?]
	at org.apache.hadoop.ipc.Server$Handler.run(Server.java:3048) [hadoop-common-3.3.6.jar:?]
20:27:42.997 [IPC Server handler 13 on default port 15004] ERROR OMAudit - user=runner | ip=127.0.0.1 | op=GET_FILE_STATUS {volume=volume63798, bucket=bucket90991, key=gdir1/dir7/child, dataSize=0, replicationConfig=null} | ret=FAILURE
org.apache.hadoop.ozone.om.exceptions.OMException: Unable to get file status: volume: volume63798 bucket: bucket90991 key: gdir1/dir7/child
	at org.apache.hadoop.ozone.om.KeyManagerImpl.getOzoneFileStatus(KeyManagerImpl.java:1195) ~[ozone-manager-1.4.0-SNAPSHOT.jar:?]
	at org.apache.hadoop.ozone.om.KeyManagerImpl.getFileStatus(KeyManagerImpl.java:1113) ~[ozone-manager-1.4.0-SNAPSHOT.jar:?]
	at org.apache.hadoop.ozone.om.OmMetadataReader.getFileStatus(OmMetadataReader.java:262) ~[ozone-manager-1.4.0-SNAPSHOT.jar:?]
	at org.apache.hadoop.ozone.om.OzoneManager.getFileStatus(OzoneManager.java:3530) ~[ozone-manager-1.4.0-SNAPSHOT.jar:?]
	at org.apache.hadoop.ozone.protocolPB.OzoneManagerRequestHandler.getOzoneFileStatus(OzoneManagerRequestHandler.java:971) ~[ozone-manager-1.4.0-SNAPSHOT.jar:?]
	at org.apache.hadoop.ozone.protocolPB.OzoneManagerRequestHandler.handleReadRequest(OzoneManagerRequestHandler.java:250) ~[ozone-manager-1.4.0-SNAPSHOT.jar:?]
	at org.apache.hadoop.ozone.protocolPB.OzoneManagerProtocolServerSideTranslatorPB.submitReadRequestToOM(OzoneManagerProtocolServerSideTranslatorPB.java:225) ~[ozone-manager-1.4.0-SNAPSHOT.jar:?]
	at org.apache.hadoop.ozone.protocolPB.OzoneManagerProtocolServerSideTranslatorPB.processRequest(OzoneManagerProtocolServerSideTranslatorPB.java:179) ~[ozone-manager-1.4.0-SNAPSHOT.jar:?]
	at org.apache.hadoop.hdds.server.OzoneProtocolMessageDispatcher.processRequest(OzoneProtocolMessageDispatcher.java:87) [hdds-server-framework-1.4.0-SNAPSHOT.jar:?]
	at org.apache.hadoop.ozone.protocolPB.OzoneManagerProtocolServerSideTranslatorPB.submitRequest(OzoneManagerProtocolServerSideTranslatorPB.java:148) [ozone-manager-1.4.0-SNAPSHOT.jar:?]
	at org.apache.hadoop.ozone.protocol.proto.OzoneManagerProtocolProtos$OzoneManagerService$2.callBlockingMethod(OzoneManagerProtocolProtos.java) [ozone-interface-client-1.4.0-SNAPSHOT.jar:?]
	at org.apache.hadoop.ipc.ProtobufRpcEngine$Server.processCall(ProtobufRpcEngine.java:484) [hadoop-common-3.3.6.jar:?]
	at org.apache.hadoop.ipc.ProtobufRpcEngine2$Server$ProtoBufRpcInvoker.call(ProtobufRpcEngine2.java:595) [hadoop-common-3.3.6.jar:?]
	at org.apache.hadoop.ipc.ProtobufRpcEngine2$Server$ProtoBufRpcInvoker.call(ProtobufRpcEngine2.java:573) [hadoop-common-3.3.6.jar:?]
	at org.apache.hadoop.ipc.RPC$Server.call(RPC.java:1227) [hadoop-common-3.3.6.jar:?]
	at org.apache.hadoop.ipc.Server$RpcCall.run(Server.java:1094) [hadoop-common-3.3.6.jar:?]
	at org.apache.hadoop.ipc.Server$RpcCall.run(Server.java:1017) [hadoop-common-3.3.6.jar:?]
	at java.security.AccessController.doPrivileged(Native Method) ~[?:1.8.0_382]
	at javax.security.auth.Subject.doAs(Subject.java:422) [?:1.8.0_382]
	at org.apache.hadoop.security.UserGroupInformation.doAs(UserGroupInformation.java:1899) [hadoop-common-3.3.6.jar:?]
	at org.apache.hadoop.ipc.Server$Handler.run(Server.java:3048) [hadoop-common-3.3.6.jar:?]
20:27:42.999 [IPC Server handler 18 on default port 15004] ERROR OMAudit - user=runner | ip=127.0.0.1 | op=GET_FILE_STATUS {volume=volume63798, bucket=bucket90991, key=gdir1/dir8, dataSize=0, replicationConfig=null} | ret=FAILURE
org.apache.hadoop.ozone.om.exceptions.OMException: Unable to get file status: volume: volume63798 bucket: bucket90991 key: gdir1/dir8
	at org.apache.hadoop.ozone.om.KeyManagerImpl.getOzoneFileStatus(KeyManagerImpl.java:1195) ~[ozone-manager-1.4.0-SNAPSHOT.jar:?]
	at org.apache.hadoop.ozone.om.KeyManagerImpl.getFileStatus(KeyManagerImpl.java:1113) ~[ozone-manager-1.4.0-SNAPSHOT.jar:?]
	at org.apache.hadoop.ozone.om.OmMetadataReader.getFileStatus(OmMetadataReader.java:262) ~[ozone-manager-1.4.0-SNAPSHOT.jar:?]
	at org.apache.hadoop.ozone.om.OzoneManager.getFileStatus(OzoneManager.java:3530) ~[ozone-manager-1.4.0-SNAPSHOT.jar:?]
	at org.apache.hadoop.ozone.protocolPB.OzoneManagerRequestHandler.getOzoneFileStatus(OzoneManagerRequestHandler.java:971) ~[ozone-manager-1.4.0-SNAPSHOT.jar:?]
	at org.apache.hadoop.ozone.protocolPB.OzoneManagerRequestHandler.handleReadRequest(OzoneManagerRequestHandler.java:250) ~[ozone-manager-1.4.0-SNAPSHOT.jar:?]
	at org.apache.hadoop.ozone.protocolPB.OzoneManagerProtocolServerSideTranslatorPB.submitReadRequestToOM(OzoneManagerProtocolServerSideTranslatorPB.java:225) ~[ozone-manager-1.4.0-SNAPSHOT.jar:?]
	at org.apache.hadoop.ozone.protocolPB.OzoneManagerProtocolServerSideTranslatorPB.processRequest(OzoneManagerProtocolServerSideTranslatorPB.java:179) ~[ozone-manager-1.4.0-SNAPSHOT.jar:?]
	at org.apache.hadoop.hdds.server.OzoneProtocolMessageDispatcher.processRequest(OzoneProtocolMessageDispatcher.java:87) [hdds-server-framework-1.4.0-SNAPSHOT.jar:?]
	at org.apache.hadoop.ozone.protocolPB.OzoneManagerProtocolServerSideTranslatorPB.submitRequest(OzoneManagerProtocolServerSideTranslatorPB.java:148) [ozone-manager-1.4.0-SNAPSHOT.jar:?]
	at org.apache.hadoop.ozone.protocol.proto.OzoneManagerProtocolProtos$OzoneManagerService$2.callBlockingMethod(OzoneManagerProtocolProtos.java) [ozone-interface-client-1.4.0-SNAPSHOT.jar:?]
	at org.apache.hadoop.ipc.ProtobufRpcEngine$Server.processCall(ProtobufRpcEngine.java:484) [hadoop-common-3.3.6.jar:?]
	at org.apache.hadoop.ipc.ProtobufRpcEngine2$Server$ProtoBufRpcInvoker.call(ProtobufRpcEngine2.java:595) [hadoop-common-3.3.6.jar:?]
	at org.apache.hadoop.ipc.ProtobufRpcEngine2$Server$ProtoBufRpcInvoker.call(ProtobufRpcEngine2.java:573) [hadoop-common-3.3.6.jar:?]
	at org.apache.hadoop.ipc.RPC$Server.call(RPC.java:1227) [hadoop-common-3.3.6.jar:?]
	at org.apache.hadoop.ipc.Server$RpcCall.run(Server.java:1094) [hadoop-common-3.3.6.jar:?]
	at org.apache.hadoop.ipc.Server$RpcCall.run(Server.java:1017) [hadoop-common-3.3.6.jar:?]
	at java.security.AccessController.doPrivileged(Native Method) ~[?:1.8.0_382]
	at javax.security.auth.Subject.doAs(Subject.java:422) [?:1.8.0_382]
	at org.apache.hadoop.security.UserGroupInformation.doAs(UserGroupInformation.java:1899) [hadoop-common-3.3.6.jar:?]
	at org.apache.hadoop.ipc.Server$Handler.run(Server.java:3048) [hadoop-common-3.3.6.jar:?]
20:27:43.003 [IPC Server handler 10 on default port 15004] ERROR OMAudit - user=runner | ip=127.0.0.1 | op=GET_FILE_STATUS {volume=volume63798, bucket=bucket90991, key=gdir1/dir8/child, dataSize=0, replicationConfig=null} | ret=FAILURE
org.apache.hadoop.ozone.om.exceptions.OMException: Unable to get file status: volume: volume63798 bucket: bucket90991 key: gdir1/dir8/child
	at org.apache.hadoop.ozone.om.KeyManagerImpl.getOzoneFileStatus(KeyManagerImpl.java:1195) ~[ozone-manager-1.4.0-SNAPSHOT.jar:?]
	at org.apache.hadoop.ozone.om.KeyManagerImpl.getFileStatus(KeyManagerImpl.java:1113) ~[ozone-manager-1.4.0-SNAPSHOT.jar:?]
	at org.apache.hadoop.ozone.om.OmMetadataReader.getFileStatus(OmMetadataReader.java:262) ~[ozone-manager-1.4.0-SNAPSHOT.jar:?]
	at org.apache.hadoop.ozone.om.OzoneManager.getFileStatus(OzoneManager.java:3530) ~[ozone-manager-1.4.0-SNAPSHOT.jar:?]
	at org.apache.hadoop.ozone.protocolPB.OzoneManagerRequestHandler.getOzoneFileStatus(OzoneManagerRequestHandler.java:971) ~[ozone-manager-1.4.0-SNAPSHOT.jar:?]
	at org.apache.hadoop.ozone.protocolPB.OzoneManagerRequestHandler.handleReadRequest(OzoneManagerRequestHandler.java:250) ~[ozone-manager-1.4.0-SNAPSHOT.jar:?]
	at org.apache.hadoop.ozone.protocolPB.OzoneManagerProtocolServerSideTranslatorPB.submitReadRequestToOM(OzoneManagerProtocolServerSideTranslatorPB.java:225) ~[ozone-manager-1.4.0-SNAPSHOT.jar:?]
	at org.apache.hadoop.ozone.protocolPB.OzoneManagerProtocolServerSideTranslatorPB.processRequest(OzoneManagerProtocolServerSideTranslatorPB.java:179) ~[ozone-manager-1.4.0-SNAPSHOT.jar:?]
	at org.apache.hadoop.hdds.server.OzoneProtocolMessageDispatcher.processRequest(OzoneProtocolMessageDispatcher.java:87) [hdds-server-framework-1.4.0-SNAPSHOT.jar:?]
	at org.apache.hadoop.ozone.protocolPB.OzoneManagerProtocolServerSideTranslatorPB.submitRequest(OzoneManagerProtocolServerSideTranslatorPB.java:148) [ozone-manager-1.4.0-SNAPSHOT.jar:?]
	at org.apache.hadoop.ozone.protocol.proto.OzoneManagerProtocolProtos$OzoneManagerService$2.callBlockingMethod(OzoneManagerProtocolProtos.java) [ozone-interface-client-1.4.0-SNAPSHOT.jar:?]
	at org.apache.hadoop.ipc.ProtobufRpcEngine$Server.processCall(ProtobufRpcEngine.java:484) [hadoop-common-3.3.6.jar:?]
	at org.apache.hadoop.ipc.ProtobufRpcEngine2$Server$ProtoBufRpcInvoker.call(ProtobufRpcEngine2.java:595) [hadoop-common-3.3.6.jar:?]
	at org.apache.hadoop.ipc.ProtobufRpcEngine2$Server$ProtoBufRpcInvoker.call(ProtobufRpcEngine2.java:573) [hadoop-common-3.3.6.jar:?]
	at org.apache.hadoop.ipc.RPC$Server.call(RPC.java:1227) [hadoop-common-3.3.6.jar:?]
	at org.apache.hadoop.ipc.Server$RpcCall.run(Server.java:1094) [hadoop-common-3.3.6.jar:?]
	at org.apache.hadoop.ipc.Server$RpcCall.run(Server.java:1017) [hadoop-common-3.3.6.jar:?]
	at java.security.AccessController.doPrivileged(Native Method) ~[?:1.8.0_382]
	at javax.security.auth.Subject.doAs(Subject.java:422) [?:1.8.0_382]
	at org.apache.hadoop.security.UserGroupInformation.doAs(UserGroupInformation.java:1899) [hadoop-common-3.3.6.jar:?]
	at org.apache.hadoop.ipc.Server$Handler.run(Server.java:3048) [hadoop-common-3.3.6.jar:?]
20:27:43.006 [IPC Server handler 12 on default port 15004] ERROR OMAudit - user=runner | ip=127.0.0.1 | op=GET_FILE_STATUS {volume=volume63798, bucket=bucket90991, key=gdir1/dir9, dataSize=0, replicationConfig=null} | ret=FAILURE
org.apache.hadoop.ozone.om.exceptions.OMException: Unable to get file status: volume: volume63798 bucket: bucket90991 key: gdir1/dir9
	at org.apache.hadoop.ozone.om.KeyManagerImpl.getOzoneFileStatus(KeyManagerImpl.java:1195) ~[ozone-manager-1.4.0-SNAPSHOT.jar:?]
	at org.apache.hadoop.ozone.om.KeyManagerImpl.getFileStatus(KeyManagerImpl.java:1113) ~[ozone-manager-1.4.0-SNAPSHOT.jar:?]
	at org.apache.hadoop.ozone.om.OmMetadataReader.getFileStatus(OmMetadataReader.java:262) ~[ozone-manager-1.4.0-SNAPSHOT.jar:?]
	at org.apache.hadoop.ozone.om.OzoneManager.getFileStatus(OzoneManager.java:3530) ~[ozone-manager-1.4.0-SNAPSHOT.jar:?]
	at org.apache.hadoop.ozone.protocolPB.OzoneManagerRequestHandler.getOzoneFileStatus(OzoneManagerRequestHandler.java:971) ~[ozone-manager-1.4.0-SNAPSHOT.jar:?]
	at org.apache.hadoop.ozone.protocolPB.OzoneManagerRequestHandler.handleReadRequest(OzoneManagerRequestHandler.java:250) ~[ozone-manager-1.4.0-SNAPSHOT.jar:?]
	at org.apache.hadoop.ozone.protocolPB.OzoneManagerProtocolServerSideTranslatorPB.submitReadRequestToOM(OzoneManagerProtocolServerSideTranslatorPB.java:225) ~[ozone-manager-1.4.0-SNAPSHOT.jar:?]
	at org.apache.hadoop.ozone.protocolPB.OzoneManagerProtocolServerSideTranslatorPB.processRequest(OzoneManagerProtocolServerSideTranslatorPB.java:179) ~[ozone-manager-1.4.0-SNAPSHOT.jar:?]
	at org.apache.hadoop.hdds.server.OzoneProtocolMessageDispatcher.processRequest(OzoneProtocolMessageDispatcher.java:87) [hdds-server-framework-1.4.0-SNAPSHOT.jar:?]
	at org.apache.hadoop.ozone.protocolPB.OzoneManagerProtocolServerSideTranslatorPB.submitRequest(OzoneManagerProtocolServerSideTranslatorPB.java:148) [ozone-manager-1.4.0-SNAPSHOT.jar:?]
	at org.apache.hadoop.ozone.protocol.proto.OzoneManagerProtocolProtos$OzoneManagerService$2.callBlockingMethod(OzoneManagerProtocolProtos.java) [ozone-interface-client-1.4.0-SNAPSHOT.jar:?]
	at org.apache.hadoop.ipc.ProtobufRpcEngine$Server.processCall(ProtobufRpcEngine.java:484) [hadoop-common-3.3.6.jar:?]
	at org.apache.hadoop.ipc.ProtobufRpcEngine2$Server$ProtoBufRpcInvoker.call(ProtobufRpcEngine2.java:595) [hadoop-common-3.3.6.jar:?]
	at org.apache.hadoop.ipc.ProtobufRpcEngine2$Server$ProtoBufRpcInvoker.call(ProtobufRpcEngine2.java:573) [hadoop-common-3.3.6.jar:?]
	at org.apache.hadoop.ipc.RPC$Server.call(RPC.java:1227) [hadoop-common-3.3.6.jar:?]
	at org.apache.hadoop.ipc.Server$RpcCall.run(Server.java:1094) [hadoop-common-3.3.6.jar:?]
	at org.apache.hadoop.ipc.Server$RpcCall.run(Server.java:1017) [hadoop-common-3.3.6.jar:?]
	at java.security.AccessController.doPrivileged(Native Method) ~[?:1.8.0_382]
	at javax.security.auth.Subject.doAs(Subject.java:422) [?:1.8.0_382]
	at org.apache.hadoop.security.UserGroupInformation.doAs(UserGroupInformation.java:1899) [hadoop-common-3.3.6.jar:?]
	at org.apache.hadoop.ipc.Server$Handler.run(Server.java:3048) [hadoop-common-3.3.6.jar:?]
20:27:43.008 [IPC Server handler 11 on default port 15004] ERROR OMAudit - user=runner | ip=127.0.0.1 | op=GET_FILE_STATUS {volume=volume63798, bucket=bucket90991, key=gdir1/dir9/child, dataSize=0, replicationConfig=null} | ret=FAILURE
org.apache.hadoop.ozone.om.exceptions.OMException: Unable to get file status: volume: volume63798 bucket: bucket90991 key: gdir1/dir9/child
	at org.apache.hadoop.ozone.om.KeyManagerImpl.getOzoneFileStatus(KeyManagerImpl.java:1195) ~[ozone-manager-1.4.0-SNAPSHOT.jar:?]
	at org.apache.hadoop.ozone.om.KeyManagerImpl.getFileStatus(KeyManagerImpl.java:1113) ~[ozone-manager-1.4.0-SNAPSHOT.jar:?]
	at org.apache.hadoop.ozone.om.OmMetadataReader.getFileStatus(OmMetadataReader.java:262) ~[ozone-manager-1.4.0-SNAPSHOT.jar:?]
	at org.apache.hadoop.ozone.om.OzoneManager.getFileStatus(OzoneManager.java:3530) ~[ozone-manager-1.4.0-SNAPSHOT.jar:?]
	at org.apache.hadoop.ozone.protocolPB.OzoneManagerRequestHandler.getOzoneFileStatus(OzoneManagerRequestHandler.java:971) ~[ozone-manager-1.4.0-SNAPSHOT.jar:?]
	at org.apache.hadoop.ozone.protocolPB.OzoneManagerRequestHandler.handleReadRequest(OzoneManagerRequestHandler.java:250) ~[ozone-manager-1.4.0-SNAPSHOT.jar:?]
	at org.apache.hadoop.ozone.protocolPB.OzoneManagerProtocolServerSideTranslatorPB.submitReadRequestToOM(OzoneManagerProtocolServerSideTranslatorPB.java:225) ~[ozone-manager-1.4.0-SNAPSHOT.jar:?]
	at org.apache.hadoop.ozone.protocolPB.OzoneManagerProtocolServerSideTranslatorPB.processRequest(OzoneManagerProtocolServerSideTranslatorPB.java:179) ~[ozone-manager-1.4.0-SNAPSHOT.jar:?]
	at org.apache.hadoop.hdds.server.OzoneProtocolMessageDispatcher.processRequest(OzoneProtocolMessageDispatcher.java:87) [hdds-server-framework-1.4.0-SNAPSHOT.jar:?]
	at org.apache.hadoop.ozone.protocolPB.OzoneManagerProtocolServerSideTranslatorPB.submitRequest(OzoneManagerProtocolServerSideTranslatorPB.java:148) [ozone-manager-1.4.0-SNAPSHOT.jar:?]
	at org.apache.hadoop.ozone.protocol.proto.OzoneManagerProtocolProtos$OzoneManagerService$2.callBlockingMethod(OzoneManagerProtocolProtos.java) [ozone-interface-client-1.4.0-SNAPSHOT.jar:?]
	at org.apache.hadoop.ipc.ProtobufRpcEngine$Server.processCall(ProtobufRpcEngine.java:484) [hadoop-common-3.3.6.jar:?]
	at org.apache.hadoop.ipc.ProtobufRpcEngine2$Server$ProtoBufRpcInvoker.call(ProtobufRpcEngine2.java:595) [hadoop-common-3.3.6.jar:?]
	at org.apache.hadoop.ipc.ProtobufRpcEngine2$Server$ProtoBufRpcInvoker.call(ProtobufRpcEngine2.java:573) [hadoop-common-3.3.6.jar:?]
	at org.apache.hadoop.ipc.RPC$Server.call(RPC.java:1227) [hadoop-common-3.3.6.jar:?]
	at org.apache.hadoop.ipc.Server$RpcCall.run(Server.java:1094) [hadoop-common-3.3.6.jar:?]
	at org.apache.hadoop.ipc.Server$RpcCall.run(Server.java:1017) [hadoop-common-3.3.6.jar:?]
	at java.security.AccessController.doPrivileged(Native Method) ~[?:1.8.0_382]
	at javax.security.auth.Subject.doAs(Subject.java:422) [?:1.8.0_382]
	at org.apache.hadoop.security.UserGroupInformation.doAs(UserGroupInformation.java:1899) [hadoop-common-3.3.6.jar:?]
	at org.apache.hadoop.ipc.Server$Handler.run(Server.java:3048) [hadoop-common-3.3.6.jar:?]
20:27:43.011 [IPC Server handler 6 on default port 15004] ERROR OMAudit - user=runner | ip=127.0.0.1 | op=GET_FILE_STATUS {volume=volume63798, bucket=bucket90991, key=gdir1/dir10, dataSize=0, replicationConfig=null} | ret=FAILURE
org.apache.hadoop.ozone.om.exceptions.OMException: Unable to get file status: volume: volume63798 bucket: bucket90991 key: gdir1/dir10
	at org.apache.hadoop.ozone.om.KeyManagerImpl.getOzoneFileStatus(KeyManagerImpl.java:1195) ~[ozone-manager-1.4.0-SNAPSHOT.jar:?]
	at org.apache.hadoop.ozone.om.KeyManagerImpl.getFileStatus(KeyManagerImpl.java:1113) ~[ozone-manager-1.4.0-SNAPSHOT.jar:?]
	at org.apache.hadoop.ozone.om.OmMetadataReader.getFileStatus(OmMetadataReader.java:262) ~[ozone-manager-1.4.0-SNAPSHOT.jar:?]
	at org.apache.hadoop.ozone.om.OzoneManager.getFileStatus(OzoneManager.java:3530) ~[ozone-manager-1.4.0-SNAPSHOT.jar:?]
	at org.apache.hadoop.ozone.protocolPB.OzoneManagerRequestHandler.getOzoneFileStatus(OzoneManagerRequestHandler.java:971) ~[ozone-manager-1.4.0-SNAPSHOT.jar:?]
	at org.apache.hadoop.ozone.protocolPB.OzoneManagerRequestHandler.handleReadRequest(OzoneManagerRequestHandler.java:250) ~[ozone-manager-1.4.0-SNAPSHOT.jar:?]
	at org.apache.hadoop.ozone.protocolPB.OzoneManagerProtocolServerSideTranslatorPB.submitReadRequestToOM(OzoneManagerProtocolServerSideTranslatorPB.java:225) ~[ozone-manager-1.4.0-SNAPSHOT.jar:?]
	at org.apache.hadoop.ozone.protocolPB.OzoneManagerProtocolServerSideTranslatorPB.processRequest(OzoneManagerProtocolServerSideTranslatorPB.java:179) ~[ozone-manager-1.4.0-SNAPSHOT.jar:?]
	at org.apache.hadoop.hdds.server.OzoneProtocolMessageDispatcher.processRequest(OzoneProtocolMessageDispatcher.java:87) [hdds-server-framework-1.4.0-SNAPSHOT.jar:?]
	at org.apache.hadoop.ozone.protocolPB.OzoneManagerProtocolServerSideTranslatorPB.submitRequest(OzoneManagerProtocolServerSideTranslatorPB.java:148) [ozone-manager-1.4.0-SNAPSHOT.jar:?]
	at org.apache.hadoop.ozone.protocol.proto.OzoneManagerProtocolProtos$OzoneManagerService$2.callBlockingMethod(OzoneManagerProtocolProtos.java) [ozone-interface-client-1.4.0-SNAPSHOT.jar:?]
	at org.apache.hadoop.ipc.ProtobufRpcEngine$Server.processCall(ProtobufRpcEngine.java:484) [hadoop-common-3.3.6.jar:?]
	at org.apache.hadoop.ipc.ProtobufRpcEngine2$Server$ProtoBufRpcInvoker.call(ProtobufRpcEngine2.java:595) [hadoop-common-3.3.6.jar:?]
	at org.apache.hadoop.ipc.ProtobufRpcEngine2$Server$ProtoBufRpcInvoker.call(ProtobufRpcEngine2.java:573) [hadoop-common-3.3.6.jar:?]
	at org.apache.hadoop.ipc.RPC$Server.call(RPC.java:1227) [hadoop-common-3.3.6.jar:?]
	at org.apache.hadoop.ipc.Server$RpcCall.run(Server.java:1094) [hadoop-common-3.3.6.jar:?]
	at org.apache.hadoop.ipc.Server$RpcCall.run(Server.java:1017) [hadoop-common-3.3.6.jar:?]
	at java.security.AccessController.doPrivileged(Native Method) ~[?:1.8.0_382]
	at javax.security.auth.Subject.doAs(Subject.java:422) [?:1.8.0_382]
	at org.apache.hadoop.security.UserGroupInformation.doAs(UserGroupInformation.java:1899) [hadoop-common-3.3.6.jar:?]
	at org.apache.hadoop.ipc.Server$Handler.run(Server.java:3048) [hadoop-common-3.3.6.jar:?]
20:27:43.013 [IPC Server handler 7 on default port 15004] ERROR OMAudit - user=runner | ip=127.0.0.1 | op=GET_FILE_STATUS {volume=volume63798, bucket=bucket90991, key=gdir1/dir10/child, dataSize=0, replicationConfig=null} | ret=FAILURE
org.apache.hadoop.ozone.om.exceptions.OMException: Unable to get file status: volume: volume63798 bucket: bucket90991 key: gdir1/dir10/child
	at org.apache.hadoop.ozone.om.KeyManagerImpl.getOzoneFileStatus(KeyManagerImpl.java:1195) ~[ozone-manager-1.4.0-SNAPSHOT.jar:?]
	at org.apache.hadoop.ozone.om.KeyManagerImpl.getFileStatus(KeyManagerImpl.java:1113) ~[ozone-manager-1.4.0-SNAPSHOT.jar:?]
	at org.apache.hadoop.ozone.om.OmMetadataReader.getFileStatus(OmMetadataReader.java:262) ~[ozone-manager-1.4.0-SNAPSHOT.jar:?]
	at org.apache.hadoop.ozone.om.OzoneManager.getFileStatus(OzoneManager.java:3530) ~[ozone-manager-1.4.0-SNAPSHOT.jar:?]
	at org.apache.hadoop.ozone.protocolPB.OzoneManagerRequestHandler.getOzoneFileStatus(OzoneManagerRequestHandler.java:971) ~[ozone-manager-1.4.0-SNAPSHOT.jar:?]
	at org.apache.hadoop.ozone.protocolPB.OzoneManagerRequestHandler.handleReadRequest(OzoneManagerRequestHandler.java:250) ~[ozone-manager-1.4.0-SNAPSHOT.jar:?]
	at org.apache.hadoop.ozone.protocolPB.OzoneManagerProtocolServerSideTranslatorPB.submitReadRequestToOM(OzoneManagerProtocolServerSideTranslatorPB.java:225) ~[ozone-manager-1.4.0-SNAPSHOT.jar:?]
	at org.apache.hadoop.ozone.protocolPB.OzoneManagerProtocolServerSideTranslatorPB.processRequest(OzoneManagerProtocolServerSideTranslatorPB.java:179) ~[ozone-manager-1.4.0-SNAPSHOT.jar:?]
	at org.apache.hadoop.hdds.server.OzoneProtocolMessageDispatcher.processRequest(OzoneProtocolMessageDispatcher.java:87) [hdds-server-framework-1.4.0-SNAPSHOT.jar:?]
	at org.apache.hadoop.ozone.protocolPB.OzoneManagerProtocolServerSideTranslatorPB.submitRequest(OzoneManagerProtocolServerSideTranslatorPB.java:148) [ozone-manager-1.4.0-SNAPSHOT.jar:?]
	at org.apache.hadoop.ozone.protocol.proto.OzoneManagerProtocolProtos$OzoneManagerService$2.callBlockingMethod(OzoneManagerProtocolProtos.java) [ozone-interface-client-1.4.0-SNAPSHOT.jar:?]
	at org.apache.hadoop.ipc.ProtobufRpcEngine$Server.processCall(ProtobufRpcEngine.java:484) [hadoop-common-3.3.6.jar:?]
	at org.apache.hadoop.ipc.ProtobufRpcEngine2$Server$ProtoBufRpcInvoker.call(ProtobufRpcEngine2.java:595) [hadoop-common-3.3.6.jar:?]
	at org.apache.hadoop.ipc.ProtobufRpcEngine2$Server$ProtoBufRpcInvoker.call(ProtobufRpcEngine2.java:573) [hadoop-common-3.3.6.jar:?]
	at org.apache.hadoop.ipc.RPC$Server.call(RPC.java:1227) [hadoop-common-3.3.6.jar:?]
	at org.apache.hadoop.ipc.Server$RpcCall.run(Server.java:1094) [hadoop-common-3.3.6.jar:?]
	at org.apache.hadoop.ipc.Server$RpcCall.run(Server.java:1017) [hadoop-common-3.3.6.jar:?]
	at java.security.AccessController.doPrivileged(Native Method) ~[?:1.8.0_382]
	at javax.security.auth.Subject.doAs(Subject.java:422) [?:1.8.0_382]
	at org.apache.hadoop.security.UserGroupInformation.doAs(UserGroupInformation.java:1899) [hadoop-common-3.3.6.jar:?]
	at org.apache.hadoop.ipc.Server$Handler.run(Server.java:3048) [hadoop-common-3.3.6.jar:?]
20:27:43.302 [IPC Server handler 13 on default port 15004] ERROR OMAudit - user=runner | ip=127.0.0.1 | op=GET_FILE_STATUS {volume=volume63798, bucket=bucket90991, key=level0, dataSize=0, replicationConfig=null} | ret=FAILURE
org.apache.hadoop.ozone.om.exceptions.OMException: Unable to get file status: volume: volume63798 bucket: bucket90991 key: level0
	at org.apache.hadoop.ozone.om.KeyManagerImpl.getOzoneFileStatus(KeyManagerImpl.java:1195) ~[ozone-manager-1.4.0-SNAPSHOT.jar:?]
	at org.apache.hadoop.ozone.om.KeyManagerImpl.getFileStatus(KeyManagerImpl.java:1113) ~[ozone-manager-1.4.0-SNAPSHOT.jar:?]
	at org.apache.hadoop.ozone.om.OmMetadataReader.getFileStatus(OmMetadataReader.java:262) ~[ozone-manager-1.4.0-SNAPSHOT.jar:?]
	at org.apache.hadoop.ozone.om.OzoneManager.getFileStatus(OzoneManager.java:3530) ~[ozone-manager-1.4.0-SNAPSHOT.jar:?]
	at org.apache.hadoop.ozone.protocolPB.OzoneManagerRequestHandler.getOzoneFileStatus(OzoneManagerRequestHandler.java:971) ~[ozone-manager-1.4.0-SNAPSHOT.jar:?]
	at org.apache.hadoop.ozone.protocolPB.OzoneManagerRequestHandler.handleReadRequest(OzoneManagerRequestHandler.java:250) ~[ozone-manager-1.4.0-SNAPSHOT.jar:?]
	at org.apache.hadoop.ozone.protocolPB.OzoneManagerProtocolServerSideTranslatorPB.submitReadRequestToOM(OzoneManagerProtocolServerSideTranslatorPB.java:225) ~[ozone-manager-1.4.0-SNAPSHOT.jar:?]
	at org.apache.hadoop.ozone.protocolPB.OzoneManagerProtocolServerSideTranslatorPB.processRequest(OzoneManagerProtocolServerSideTranslatorPB.java:179) ~[ozone-manager-1.4.0-SNAPSHOT.jar:?]
	at org.apache.hadoop.hdds.server.OzoneProtocolMessageDispatcher.processRequest(OzoneProtocolMessageDispatcher.java:87) [hdds-server-framework-1.4.0-SNAPSHOT.jar:?]
	at org.apache.hadoop.ozone.protocolPB.OzoneManagerProtocolServerSideTranslatorPB.submitRequest(OzoneManagerProtocolServerSideTranslatorPB.java:148) [ozone-manager-1.4.0-SNAPSHOT.jar:?]
	at org.apache.hadoop.ozone.protocol.proto.OzoneManagerProtocolProtos$OzoneManagerService$2.callBlockingMethod(OzoneManagerProtocolProtos.java) [ozone-interface-client-1.4.0-SNAPSHOT.jar:?]
	at org.apache.hadoop.ipc.ProtobufRpcEngine$Server.processCall(ProtobufRpcEngine.java:484) [hadoop-common-3.3.6.jar:?]
	at org.apache.hadoop.ipc.ProtobufRpcEngine2$Server$ProtoBufRpcInvoker.call(ProtobufRpcEngine2.java:595) [hadoop-common-3.3.6.jar:?]
	at org.apache.hadoop.ipc.ProtobufRpcEngine2$Server$ProtoBufRpcInvoker.call(ProtobufRpcEngine2.java:573) [hadoop-common-3.3.6.jar:?]
	at org.apache.hadoop.ipc.RPC$Server.call(RPC.java:1227) [hadoop-common-3.3.6.jar:?]
	at org.apache.hadoop.ipc.Server$RpcCall.run(Server.java:1094) [hadoop-common-3.3.6.jar:?]
	at org.apache.hadoop.ipc.Server$RpcCall.run(Server.java:1017) [hadoop-common-3.3.6.jar:?]
	at java.security.AccessController.doPrivileged(Native Method) ~[?:1.8.0_382]
	at javax.security.auth.Subject.doAs(Subject.java:422) [?:1.8.0_382]
	at org.apache.hadoop.security.UserGroupInformation.doAs(UserGroupInformation.java:1899) [hadoop-common-3.3.6.jar:?]
	at org.apache.hadoop.ipc.Server$Handler.run(Server.java:3048) [hadoop-common-3.3.6.jar:?]
20:27:43.307 [IPC Server handler 18 on default port 15004] ERROR OMAudit - user=runner | ip=127.0.0.1 | op=GET_FILE_STATUS {volume=volume63798, bucket=bucket90991, key=level0/level1, dataSize=0, replicationConfig=null} | ret=FAILURE
org.apache.hadoop.ozone.om.exceptions.OMException: Unable to get file status: volume: volume63798 bucket: bucket90991 key: level0/level1
	at org.apache.hadoop.ozone.om.KeyManagerImpl.getOzoneFileStatus(KeyManagerImpl.java:1195) ~[ozone-manager-1.4.0-SNAPSHOT.jar:?]
	at org.apache.hadoop.ozone.om.KeyManagerImpl.getFileStatus(KeyManagerImpl.java:1113) ~[ozone-manager-1.4.0-SNAPSHOT.jar:?]
	at org.apache.hadoop.ozone.om.OmMetadataReader.getFileStatus(OmMetadataReader.java:262) ~[ozone-manager-1.4.0-SNAPSHOT.jar:?]
	at org.apache.hadoop.ozone.om.OzoneManager.getFileStatus(OzoneManager.java:3530) ~[ozone-manager-1.4.0-SNAPSHOT.jar:?]
	at org.apache.hadoop.ozone.protocolPB.OzoneManagerRequestHandler.getOzoneFileStatus(OzoneManagerRequestHandler.java:971) ~[ozone-manager-1.4.0-SNAPSHOT.jar:?]
	at org.apache.hadoop.ozone.protocolPB.OzoneManagerRequestHandler.handleReadRequest(OzoneManagerRequestHandler.java:250) ~[ozone-manager-1.4.0-SNAPSHOT.jar:?]
	at org.apache.hadoop.ozone.protocolPB.OzoneManagerProtocolServerSideTranslatorPB.submitReadRequestToOM(OzoneManagerProtocolServerSideTranslatorPB.java:225) ~[ozone-manager-1.4.0-SNAPSHOT.jar:?]
	at org.apache.hadoop.ozone.protocolPB.OzoneManagerProtocolServerSideTranslatorPB.processRequest(OzoneManagerProtocolServerSideTranslatorPB.java:179) ~[ozone-manager-1.4.0-SNAPSHOT.jar:?]
	at org.apache.hadoop.hdds.server.OzoneProtocolMessageDispatcher.processRequest(OzoneProtocolMessageDispatcher.java:87) [hdds-server-framework-1.4.0-SNAPSHOT.jar:?]
	at org.apache.hadoop.ozone.protocolPB.OzoneManagerProtocolServerSideTranslatorPB.submitRequest(OzoneManagerProtocolServerSideTranslatorPB.java:148) [ozone-manager-1.4.0-SNAPSHOT.jar:?]
	at org.apache.hadoop.ozone.protocol.proto.OzoneManagerProtocolProtos$OzoneManagerService$2.callBlockingMethod(OzoneManagerProtocolProtos.java) [ozone-interface-client-1.4.0-SNAPSHOT.jar:?]
	at org.apache.hadoop.ipc.ProtobufRpcEngine$Server.processCall(ProtobufRpcEngine.java:484) [hadoop-common-3.3.6.jar:?]
	at org.apache.hadoop.ipc.ProtobufRpcEngine2$Server$ProtoBufRpcInvoker.call(ProtobufRpcEngine2.java:595) [hadoop-common-3.3.6.jar:?]
	at org.apache.hadoop.ipc.ProtobufRpcEngine2$Server$ProtoBufRpcInvoker.call(ProtobufRpcEngine2.java:573) [hadoop-common-3.3.6.jar:?]
	at org.apache.hadoop.ipc.RPC$Server.call(RPC.java:1227) [hadoop-common-3.3.6.jar:?]
	at org.apache.hadoop.ipc.Server$RpcCall.run(Server.java:1094) [hadoop-common-3.3.6.jar:?]
	at org.apache.hadoop.ipc.Server$RpcCall.run(Server.java:1017) [hadoop-common-3.3.6.jar:?]
	at java.security.AccessController.doPrivileged(Native Method) ~[?:1.8.0_382]
	at javax.security.auth.Subject.doAs(Subject.java:422) [?:1.8.0_382]
	at org.apache.hadoop.security.UserGroupInformation.doAs(UserGroupInformation.java:1899) [hadoop-common-3.3.6.jar:?]
	at org.apache.hadoop.ipc.Server$Handler.run(Server.java:3048) [hadoop-common-3.3.6.jar:?]
20:27:43.310 [IPC Server handler 10 on default port 15004] ERROR OMAudit - user=runner | ip=127.0.0.1 | op=GET_FILE_STATUS {volume=volume63798, bucket=bucket90991, key=level0/level1/level1, dataSize=0, replicationConfig=null} | ret=FAILURE
org.apache.hadoop.ozone.om.exceptions.OMException: Unable to get file status: volume: volume63798 bucket: bucket90991 key: level0/level1/level1
	at org.apache.hadoop.ozone.om.KeyManagerImpl.getOzoneFileStatus(KeyManagerImpl.java:1195) ~[ozone-manager-1.4.0-SNAPSHOT.jar:?]
	at org.apache.hadoop.ozone.om.KeyManagerImpl.getFileStatus(KeyManagerImpl.java:1113) ~[ozone-manager-1.4.0-SNAPSHOT.jar:?]
	at org.apache.hadoop.ozone.om.OmMetadataReader.getFileStatus(OmMetadataReader.java:262) ~[ozone-manager-1.4.0-SNAPSHOT.jar:?]
	at org.apache.hadoop.ozone.om.OzoneManager.getFileStatus(OzoneManager.java:3530) ~[ozone-manager-1.4.0-SNAPSHOT.jar:?]
	at org.apache.hadoop.ozone.protocolPB.OzoneManagerRequestHandler.getOzoneFileStatus(OzoneManagerRequestHandler.java:971) ~[ozone-manager-1.4.0-SNAPSHOT.jar:?]
	at org.apache.hadoop.ozone.protocolPB.OzoneManagerRequestHandler.handleReadRequest(OzoneManagerRequestHandler.java:250) ~[ozone-manager-1.4.0-SNAPSHOT.jar:?]
	at org.apache.hadoop.ozone.protocolPB.OzoneManagerProtocolServerSideTranslatorPB.submitReadRequestToOM(OzoneManagerProtocolServerSideTranslatorPB.java:225) ~[ozone-manager-1.4.0-SNAPSHOT.jar:?]
	at org.apache.hadoop.ozone.protocolPB.OzoneManagerProtocolServerSideTranslatorPB.processRequest(OzoneManagerProtocolServerSideTranslatorPB.java:179) ~[ozone-manager-1.4.0-SNAPSHOT.jar:?]
	at org.apache.hadoop.hdds.server.OzoneProtocolMessageDispatcher.processRequest(OzoneProtocolMessageDispatcher.java:87) [hdds-server-framework-1.4.0-SNAPSHOT.jar:?]
	at org.apache.hadoop.ozone.protocolPB.OzoneManagerProtocolServerSideTranslatorPB.submitRequest(OzoneManagerProtocolServerSideTranslatorPB.java:148) [ozone-manager-1.4.0-SNAPSHOT.jar:?]
	at org.apache.hadoop.ozone.protocol.proto.OzoneManagerProtocolProtos$OzoneManagerService$2.callBlockingMethod(OzoneManagerProtocolProtos.java) [ozone-interface-client-1.4.0-SNAPSHOT.jar:?]
	at org.apache.hadoop.ipc.ProtobufRpcEngine$Server.processCall(ProtobufRpcEngine.java:484) [hadoop-common-3.3.6.jar:?]
	at org.apache.hadoop.ipc.ProtobufRpcEngine2$Server$ProtoBufRpcInvoker.call(ProtobufRpcEngine2.java:595) [hadoop-common-3.3.6.jar:?]
	at org.apache.hadoop.ipc.ProtobufRpcEngine2$Server$ProtoBufRpcInvoker.call(ProtobufRpcEngine2.java:573) [hadoop-common-3.3.6.jar:?]
	at org.apache.hadoop.ipc.RPC$Server.call(RPC.java:1227) [hadoop-common-3.3.6.jar:?]
	at org.apache.hadoop.ipc.Server$RpcCall.run(Server.java:1094) [hadoop-common-3.3.6.jar:?]
	at org.apache.hadoop.ipc.Server$RpcCall.run(Server.java:1017) [hadoop-common-3.3.6.jar:?]
	at java.security.AccessController.doPrivileged(Native Method) ~[?:1.8.0_382]
	at javax.security.auth.Subject.doAs(Subject.java:422) [?:1.8.0_382]
	at org.apache.hadoop.security.UserGroupInformation.doAs(UserGroupInformation.java:1899) [hadoop-common-3.3.6.jar:?]
	at org.apache.hadoop.ipc.Server$Handler.run(Server.java:3048) [hadoop-common-3.3.6.jar:?]
20:27:43.312 [IPC Server handler 12 on default port 15004] ERROR OMAudit - user=runner | ip=127.0.0.1 | op=GET_FILE_STATUS {volume=volume63798, bucket=bucket90991, key=level0/level1/file1, dataSize=0, replicationConfig=null} | ret=FAILURE
org.apache.hadoop.ozone.om.exceptions.OMException: Unable to get file status: volume: volume63798 bucket: bucket90991 key: level0/level1/file1
	at org.apache.hadoop.ozone.om.KeyManagerImpl.getOzoneFileStatus(KeyManagerImpl.java:1195) ~[ozone-manager-1.4.0-SNAPSHOT.jar:?]
	at org.apache.hadoop.ozone.om.KeyManagerImpl.getFileStatus(KeyManagerImpl.java:1113) ~[ozone-manager-1.4.0-SNAPSHOT.jar:?]
	at org.apache.hadoop.ozone.om.OmMetadataReader.getFileStatus(OmMetadataReader.java:262) ~[ozone-manager-1.4.0-SNAPSHOT.jar:?]
	at org.apache.hadoop.ozone.om.OzoneManager.getFileStatus(OzoneManager.java:3530) ~[ozone-manager-1.4.0-SNAPSHOT.jar:?]
	at org.apache.hadoop.ozone.protocolPB.OzoneManagerRequestHandler.getOzoneFileStatus(OzoneManagerRequestHandler.java:971) ~[ozone-manager-1.4.0-SNAPSHOT.jar:?]
	at org.apache.hadoop.ozone.protocolPB.OzoneManagerRequestHandler.handleReadRequest(OzoneManagerRequestHandler.java:250) ~[ozone-manager-1.4.0-SNAPSHOT.jar:?]
	at org.apache.hadoop.ozone.protocolPB.OzoneManagerProtocolServerSideTranslatorPB.submitReadRequestToOM(OzoneManagerProtocolServerSideTranslatorPB.java:225) ~[ozone-manager-1.4.0-SNAPSHOT.jar:?]
	at org.apache.hadoop.ozone.protocolPB.OzoneManagerProtocolServerSideTranslatorPB.processRequest(OzoneManagerProtocolServerSideTranslatorPB.java:179) ~[ozone-manager-1.4.0-SNAPSHOT.jar:?]
	at org.apache.hadoop.hdds.server.OzoneProtocolMessageDispatcher.processRequest(OzoneProtocolMessageDispatcher.java:87) [hdds-server-framework-1.4.0-SNAPSHOT.jar:?]
	at org.apache.hadoop.ozone.protocolPB.OzoneManagerProtocolServerSideTranslatorPB.submitRequest(OzoneManagerProtocolServerSideTranslatorPB.java:148) [ozone-manager-1.4.0-SNAPSHOT.jar:?]
	at org.apache.hadoop.ozone.protocol.proto.OzoneManagerProtocolProtos$OzoneManagerService$2.callBlockingMethod(OzoneManagerProtocolProtos.java) [ozone-interface-client-1.4.0-SNAPSHOT.jar:?]
	at org.apache.hadoop.ipc.ProtobufRpcEngine$Server.processCall(ProtobufRpcEngine.java:484) [hadoop-common-3.3.6.jar:?]
	at org.apache.hadoop.ipc.ProtobufRpcEngine2$Server$ProtoBufRpcInvoker.call(ProtobufRpcEngine2.java:595) [hadoop-common-3.3.6.jar:?]
	at org.apache.hadoop.ipc.ProtobufRpcEngine2$Server$ProtoBufRpcInvoker.call(ProtobufRpcEngine2.java:573) [hadoop-common-3.3.6.jar:?]
	at org.apache.hadoop.ipc.RPC$Server.call(RPC.java:1227) [hadoop-common-3.3.6.jar:?]
	at org.apache.hadoop.ipc.Server$RpcCall.run(Server.java:1094) [hadoop-common-3.3.6.jar:?]
	at org.apache.hadoop.ipc.Server$RpcCall.run(Server.java:1017) [hadoop-common-3.3.6.jar:?]
	at java.security.AccessController.doPrivileged(Native Method) ~[?:1.8.0_382]
	at javax.security.auth.Subject.doAs(Subject.java:422) [?:1.8.0_382]
	at org.apache.hadoop.security.UserGroupInformation.doAs(UserGroupInformation.java:1899) [hadoop-common-3.3.6.jar:?]
	at org.apache.hadoop.ipc.Server$Handler.run(Server.java:3048) [hadoop-common-3.3.6.jar:?]
20:27:43.315 [IPC Server handler 11 on default port 15004] ERROR OMAudit - user=runner | ip=127.0.0.1 | op=GET_FILE_STATUS {volume=volume63798, bucket=bucket90991, key=level0/level1/level1/file1, dataSize=0, replicationConfig=null} | ret=FAILURE
org.apache.hadoop.ozone.om.exceptions.OMException: Unable to get file status: volume: volume63798 bucket: bucket90991 key: level0/level1/level1/file1
	at org.apache.hadoop.ozone.om.KeyManagerImpl.getOzoneFileStatus(KeyManagerImpl.java:1195) ~[ozone-manager-1.4.0-SNAPSHOT.jar:?]
	at org.apache.hadoop.ozone.om.KeyManagerImpl.getFileStatus(KeyManagerImpl.java:1113) ~[ozone-manager-1.4.0-SNAPSHOT.jar:?]
	at org.apache.hadoop.ozone.om.OmMetadataReader.getFileStatus(OmMetadataReader.java:262) ~[ozone-manager-1.4.0-SNAPSHOT.jar:?]
	at org.apache.hadoop.ozone.om.OzoneManager.getFileStatus(OzoneManager.java:3530) ~[ozone-manager-1.4.0-SNAPSHOT.jar:?]
	at org.apache.hadoop.ozone.protocolPB.OzoneManagerRequestHandler.getOzoneFileStatus(OzoneManagerRequestHandler.java:971) ~[ozone-manager-1.4.0-SNAPSHOT.jar:?]
	at org.apache.hadoop.ozone.protocolPB.OzoneManagerRequestHandler.handleReadRequest(OzoneManagerRequestHandler.java:250) ~[ozone-manager-1.4.0-SNAPSHOT.jar:?]
	at org.apache.hadoop.ozone.protocolPB.OzoneManagerProtocolServerSideTranslatorPB.submitReadRequestToOM(OzoneManagerProtocolServerSideTranslatorPB.java:225) ~[ozone-manager-1.4.0-SNAPSHOT.jar:?]
	at org.apache.hadoop.ozone.protocolPB.OzoneManagerProtocolServerSideTranslatorPB.processRequest(OzoneManagerProtocolServerSideTranslatorPB.java:179) ~[ozone-manager-1.4.0-SNAPSHOT.jar:?]
	at org.apache.hadoop.hdds.server.OzoneProtocolMessageDispatcher.processRequest(OzoneProtocolMessageDispatcher.java:87) [hdds-server-framework-1.4.0-SNAPSHOT.jar:?]
	at org.apache.hadoop.ozone.protocolPB.OzoneManagerProtocolServerSideTranslatorPB.submitRequest(OzoneManagerProtocolServerSideTranslatorPB.java:148) [ozone-manager-1.4.0-SNAPSHOT.jar:?]
	at org.apache.hadoop.ozone.protocol.proto.OzoneManagerProtocolProtos$OzoneManagerService$2.callBlockingMethod(OzoneManagerProtocolProtos.java) [ozone-interface-client-1.4.0-SNAPSHOT.jar:?]
	at org.apache.hadoop.ipc.ProtobufRpcEngine$Server.processCall(ProtobufRpcEngine.java:484) [hadoop-common-3.3.6.jar:?]
	at org.apache.hadoop.ipc.ProtobufRpcEngine2$Server$ProtoBufRpcInvoker.call(ProtobufRpcEngine2.java:595) [hadoop-common-3.3.6.jar:?]
	at org.apache.hadoop.ipc.ProtobufRpcEngine2$Server$ProtoBufRpcInvoker.call(ProtobufRpcEngine2.java:573) [hadoop-common-3.3.6.jar:?]
	at org.apache.hadoop.ipc.RPC$Server.call(RPC.java:1227) [hadoop-common-3.3.6.jar:?]
	at org.apache.hadoop.ipc.Server$RpcCall.run(Server.java:1094) [hadoop-common-3.3.6.jar:?]
	at org.apache.hadoop.ipc.Server$RpcCall.run(Server.java:1017) [hadoop-common-3.3.6.jar:?]
	at java.security.AccessController.doPrivileged(Native Method) ~[?:1.8.0_382]
	at javax.security.auth.Subject.doAs(Subject.java:422) [?:1.8.0_382]
	at org.apache.hadoop.security.UserGroupInformation.doAs(UserGroupInformation.java:1899) [hadoop-common-3.3.6.jar:?]
	at org.apache.hadoop.ipc.Server$Handler.run(Server.java:3048) [hadoop-common-3.3.6.jar:?]
20:27:43.317 [IPC Server handler 6 on default port 15004] ERROR OMAudit - user=runner | ip=127.0.0.1 | op=GET_FILE_STATUS {volume=volume63798, bucket=bucket90991, key=level0/level2, dataSize=0, replicationConfig=null} | ret=FAILURE
org.apache.hadoop.ozone.om.exceptions.OMException: Unable to get file status: volume: volume63798 bucket: bucket90991 key: level0/level2
	at org.apache.hadoop.ozone.om.KeyManagerImpl.getOzoneFileStatus(KeyManagerImpl.java:1195) ~[ozone-manager-1.4.0-SNAPSHOT.jar:?]
	at org.apache.hadoop.ozone.om.KeyManagerImpl.getFileStatus(KeyManagerImpl.java:1113) ~[ozone-manager-1.4.0-SNAPSHOT.jar:?]
	at org.apache.hadoop.ozone.om.OmMetadataReader.getFileStatus(OmMetadataReader.java:262) ~[ozone-manager-1.4.0-SNAPSHOT.jar:?]
	at org.apache.hadoop.ozone.om.OzoneManager.getFileStatus(OzoneManager.java:3530) ~[ozone-manager-1.4.0-SNAPSHOT.jar:?]
	at org.apache.hadoop.ozone.protocolPB.OzoneManagerRequestHandler.getOzoneFileStatus(OzoneManagerRequestHandler.java:971) ~[ozone-manager-1.4.0-SNAPSHOT.jar:?]
	at org.apache.hadoop.ozone.protocolPB.OzoneManagerRequestHandler.handleReadRequest(OzoneManagerRequestHandler.java:250) ~[ozone-manager-1.4.0-SNAPSHOT.jar:?]
	at org.apache.hadoop.ozone.protocolPB.OzoneManagerProtocolServerSideTranslatorPB.submitReadRequestToOM(OzoneManagerProtocolServerSideTranslatorPB.java:225) ~[ozone-manager-1.4.0-SNAPSHOT.jar:?]
	at org.apache.hadoop.ozone.protocolPB.OzoneManagerProtocolServerSideTranslatorPB.processRequest(OzoneManagerProtocolServerSideTranslatorPB.java:179) ~[ozone-manager-1.4.0-SNAPSHOT.jar:?]
	at org.apache.hadoop.hdds.server.OzoneProtocolMessageDispatcher.processRequest(OzoneProtocolMessageDispatcher.java:87) [hdds-server-framework-1.4.0-SNAPSHOT.jar:?]
	at org.apache.hadoop.ozone.protocolPB.OzoneManagerProtocolServerSideTranslatorPB.submitRequest(OzoneManagerProtocolServerSideTranslatorPB.java:148) [ozone-manager-1.4.0-SNAPSHOT.jar:?]
	at org.apache.hadoop.ozone.protocol.proto.OzoneManagerProtocolProtos$OzoneManagerService$2.callBlockingMethod(OzoneManagerProtocolProtos.java) [ozone-interface-client-1.4.0-SNAPSHOT.jar:?]
	at org.apache.hadoop.ipc.ProtobufRpcEngine$Server.processCall(ProtobufRpcEngine.java:484) [hadoop-common-3.3.6.jar:?]
	at org.apache.hadoop.ipc.ProtobufRpcEngine2$Server$ProtoBufRpcInvoker.call(ProtobufRpcEngine2.java:595) [hadoop-common-3.3.6.jar:?]
	at org.apache.hadoop.ipc.ProtobufRpcEngine2$Server$ProtoBufRpcInvoker.call(ProtobufRpcEngine2.java:573) [hadoop-common-3.3.6.jar:?]
	at org.apache.hadoop.ipc.RPC$Server.call(RPC.java:1227) [hadoop-common-3.3.6.jar:?]
	at org.apache.hadoop.ipc.Server$RpcCall.run(Server.java:1094) [hadoop-common-3.3.6.jar:?]
	at org.apache.hadoop.ipc.Server$RpcCall.run(Server.java:1017) [hadoop-common-3.3.6.jar:?]
	at java.security.AccessController.doPrivileged(Native Method) ~[?:1.8.0_382]
	at javax.security.auth.Subject.doAs(Subject.java:422) [?:1.8.0_382]
	at org.apache.hadoop.security.UserGroupInformation.doAs(UserGroupInformation.java:1899) [hadoop-common-3.3.6.jar:?]
	at org.apache.hadoop.ipc.Server$Handler.run(Server.java:3048) [hadoop-common-3.3.6.jar:?]
20:27:43.320 [IPC Server handler 2 on default port 15004] ERROR OMAudit - user=runner | ip=127.0.0.1 | op=GET_FILE_STATUS {volume=volume63798, bucket=bucket90991, key=level0/level2/level2, dataSize=0, replicationConfig=null} | ret=FAILURE
org.apache.hadoop.ozone.om.exceptions.OMException: Unable to get file status: volume: volume63798 bucket: bucket90991 key: level0/level2/level2
	at org.apache.hadoop.ozone.om.KeyManagerImpl.getOzoneFileStatus(KeyManagerImpl.java:1195) ~[ozone-manager-1.4.0-SNAPSHOT.jar:?]
	at org.apache.hadoop.ozone.om.KeyManagerImpl.getFileStatus(KeyManagerImpl.java:1113) ~[ozone-manager-1.4.0-SNAPSHOT.jar:?]
	at org.apache.hadoop.ozone.om.OmMetadataReader.getFileStatus(OmMetadataReader.java:262) ~[ozone-manager-1.4.0-SNAPSHOT.jar:?]
	at org.apache.hadoop.ozone.om.OzoneManager.getFileStatus(OzoneManager.java:3530) ~[ozone-manager-1.4.0-SNAPSHOT.jar:?]
	at org.apache.hadoop.ozone.protocolPB.OzoneManagerRequestHandler.getOzoneFileStatus(OzoneManagerRequestHandler.java:971) ~[ozone-manager-1.4.0-SNAPSHOT.jar:?]
	at org.apache.hadoop.ozone.protocolPB.OzoneManagerRequestHandler.handleReadRequest(OzoneManagerRequestHandler.java:250) ~[ozone-manager-1.4.0-SNAPSHOT.jar:?]
	at org.apache.hadoop.ozone.protocolPB.OzoneManagerProtocolServerSideTranslatorPB.submitReadRequestToOM(OzoneManagerProtocolServerSideTranslatorPB.java:225) ~[ozone-manager-1.4.0-SNAPSHOT.jar:?]
	at org.apache.hadoop.ozone.protocolPB.OzoneManagerProtocolServerSideTranslatorPB.processRequest(OzoneManagerProtocolServerSideTranslatorPB.java:179) ~[ozone-manager-1.4.0-SNAPSHOT.jar:?]
	at org.apache.hadoop.hdds.server.OzoneProtocolMessageDispatcher.processRequest(OzoneProtocolMessageDispatcher.java:87) [hdds-server-framework-1.4.0-SNAPSHOT.jar:?]
	at org.apache.hadoop.ozone.protocolPB.OzoneManagerProtocolServerSideTranslatorPB.submitRequest(OzoneManagerProtocolServerSideTranslatorPB.java:148) [ozone-manager-1.4.0-SNAPSHOT.jar:?]
	at org.apache.hadoop.ozone.protocol.proto.OzoneManagerProtocolProtos$OzoneManagerService$2.callBlockingMethod(OzoneManagerProtocolProtos.java) [ozone-interface-client-1.4.0-SNAPSHOT.jar:?]
	at org.apache.hadoop.ipc.ProtobufRpcEngine$Server.processCall(ProtobufRpcEngine.java:484) [hadoop-common-3.3.6.jar:?]
	at org.apache.hadoop.ipc.ProtobufRpcEngine2$Server$ProtoBufRpcInvoker.call(ProtobufRpcEngine2.java:595) [hadoop-common-3.3.6.jar:?]
	at org.apache.hadoop.ipc.ProtobufRpcEngine2$Server$ProtoBufRpcInvoker.call(ProtobufRpcEngine2.java:573) [hadoop-common-3.3.6.jar:?]
	at org.apache.hadoop.ipc.RPC$Server.call(RPC.java:1227) [hadoop-common-3.3.6.jar:?]
	at org.apache.hadoop.ipc.Server$RpcCall.run(Server.java:1094) [hadoop-common-3.3.6.jar:?]
	at org.apache.hadoop.ipc.Server$RpcCall.run(Server.java:1017) [hadoop-common-3.3.6.jar:?]
	at java.security.AccessController.doPrivileged(Native Method) ~[?:1.8.0_382]
	at javax.security.auth.Subject.doAs(Subject.java:422) [?:1.8.0_382]
	at org.apache.hadoop.security.UserGroupInformation.doAs(UserGroupInformation.java:1899) [hadoop-common-3.3.6.jar:?]
	at org.apache.hadoop.ipc.Server$Handler.run(Server.java:3048) [hadoop-common-3.3.6.jar:?]
20:27:43.332 [IPC Server handler 7 on default port 15004] ERROR OMAudit - user=runner | ip=127.0.0.1 | op=GET_FILE_STATUS {volume=volume63798, bucket=bucket90991, key=level0/level2/file1, dataSize=0, replicationConfig=null} | ret=FAILURE
org.apache.hadoop.ozone.om.exceptions.OMException: Unable to get file status: volume: volume63798 bucket: bucket90991 key: level0/level2/file1
	at org.apache.hadoop.ozone.om.KeyManagerImpl.getOzoneFileStatus(KeyManagerImpl.java:1195) ~[ozone-manager-1.4.0-SNAPSHOT.jar:?]
	at org.apache.hadoop.ozone.om.KeyManagerImpl.getFileStatus(KeyManagerImpl.java:1113) ~[ozone-manager-1.4.0-SNAPSHOT.jar:?]
	at org.apache.hadoop.ozone.om.OmMetadataReader.getFileStatus(OmMetadataReader.java:262) ~[ozone-manager-1.4.0-SNAPSHOT.jar:?]
	at org.apache.hadoop.ozone.om.OzoneManager.getFileStatus(OzoneManager.java:3530) ~[ozone-manager-1.4.0-SNAPSHOT.jar:?]
	at org.apache.hadoop.ozone.protocolPB.OzoneManagerRequestHandler.getOzoneFileStatus(OzoneManagerRequestHandler.java:971) ~[ozone-manager-1.4.0-SNAPSHOT.jar:?]
	at org.apache.hadoop.ozone.protocolPB.OzoneManagerRequestHandler.handleReadRequest(OzoneManagerRequestHandler.java:250) ~[ozone-manager-1.4.0-SNAPSHOT.jar:?]
	at org.apache.hadoop.ozone.protocolPB.OzoneManagerProtocolServerSideTranslatorPB.submitReadRequestToOM(OzoneManagerProtocolServerSideTranslatorPB.java:225) ~[ozone-manager-1.4.0-SNAPSHOT.jar:?]
	at org.apache.hadoop.ozone.protocolPB.OzoneManagerProtocolServerSideTranslatorPB.processRequest(OzoneManagerProtocolServerSideTranslatorPB.java:179) ~[ozone-manager-1.4.0-SNAPSHOT.jar:?]
	at org.apache.hadoop.hdds.server.OzoneProtocolMessageDispatcher.processRequest(OzoneProtocolMessageDispatcher.java:87) [hdds-server-framework-1.4.0-SNAPSHOT.jar:?]
	at org.apache.hadoop.ozone.protocolPB.OzoneManagerProtocolServerSideTranslatorPB.submitRequest(OzoneManagerProtocolServerSideTranslatorPB.java:148) [ozone-manager-1.4.0-SNAPSHOT.jar:?]
	at org.apache.hadoop.ozone.protocol.proto.OzoneManagerProtocolProtos$OzoneManagerService$2.callBlockingMethod(OzoneManagerProtocolProtos.java) [ozone-interface-client-1.4.0-SNAPSHOT.jar:?]
	at org.apache.hadoop.ipc.ProtobufRpcEngine$Server.processCall(ProtobufRpcEngine.java:484) [hadoop-common-3.3.6.jar:?]
	at org.apache.hadoop.ipc.ProtobufRpcEngine2$Server$ProtoBufRpcInvoker.call(ProtobufRpcEngine2.java:595) [hadoop-common-3.3.6.jar:?]
	at org.apache.hadoop.ipc.ProtobufRpcEngine2$Server$ProtoBufRpcInvoker.call(ProtobufRpcEngine2.java:573) [hadoop-common-3.3.6.jar:?]
	at org.apache.hadoop.ipc.RPC$Server.call(RPC.java:1227) [hadoop-common-3.3.6.jar:?]
	at org.apache.hadoop.ipc.Server$RpcCall.run(Server.java:1094) [hadoop-common-3.3.6.jar:?]
	at org.apache.hadoop.ipc.Server$RpcCall.run(Server.java:1017) [hadoop-common-3.3.6.jar:?]
	at java.security.AccessController.doPrivileged(Native Method) ~[?:1.8.0_382]
	at javax.security.auth.Subject.doAs(Subject.java:422) [?:1.8.0_382]
	at org.apache.hadoop.security.UserGroupInformation.doAs(UserGroupInformation.java:1899) [hadoop-common-3.3.6.jar:?]
	at org.apache.hadoop.ipc.Server$Handler.run(Server.java:3048) [hadoop-common-3.3.6.jar:?]
20:27:43.335 [IPC Server handler 9 on default port 15004] ERROR OMAudit - user=runner | ip=127.0.0.1 | op=GET_FILE_STATUS {volume=volume63798, bucket=bucket90991, key=level0/level2/level2/file1, dataSize=0, replicationConfig=null} | ret=FAILURE
org.apache.hadoop.ozone.om.exceptions.OMException: Unable to get file status: volume: volume63798 bucket: bucket90991 key: level0/level2/level2/file1
	at org.apache.hadoop.ozone.om.KeyManagerImpl.getOzoneFileStatus(KeyManagerImpl.java:1195) ~[ozone-manager-1.4.0-SNAPSHOT.jar:?]
	at org.apache.hadoop.ozone.om.KeyManagerImpl.getFileStatus(KeyManagerImpl.java:1113) ~[ozone-manager-1.4.0-SNAPSHOT.jar:?]
	at org.apache.hadoop.ozone.om.OmMetadataReader.getFileStatus(OmMetadataReader.java:262) ~[ozone-manager-1.4.0-SNAPSHOT.jar:?]
	at org.apache.hadoop.ozone.om.OzoneManager.getFileStatus(OzoneManager.java:3530) ~[ozone-manager-1.4.0-SNAPSHOT.jar:?]
	at org.apache.hadoop.ozone.protocolPB.OzoneManagerRequestHandler.getOzoneFileStatus(OzoneManagerRequestHandler.java:971) ~[ozone-manager-1.4.0-SNAPSHOT.jar:?]
	at org.apache.hadoop.ozone.protocolPB.OzoneManagerRequestHandler.handleReadRequest(OzoneManagerRequestHandler.java:250) ~[ozone-manager-1.4.0-SNAPSHOT.jar:?]
	at org.apache.hadoop.ozone.protocolPB.OzoneManagerProtocolServerSideTranslatorPB.submitReadRequestToOM(OzoneManagerProtocolServerSideTranslatorPB.java:225) ~[ozone-manager-1.4.0-SNAPSHOT.jar:?]
	at org.apache.hadoop.ozone.protocolPB.OzoneManagerProtocolServerSideTranslatorPB.processRequest(OzoneManagerProtocolServerSideTranslatorPB.java:179) ~[ozone-manager-1.4.0-SNAPSHOT.jar:?]
	at org.apache.hadoop.hdds.server.OzoneProtocolMessageDispatcher.processRequest(OzoneProtocolMessageDispatcher.java:87) [hdds-server-framework-1.4.0-SNAPSHOT.jar:?]
	at org.apache.hadoop.ozone.protocolPB.OzoneManagerProtocolServerSideTranslatorPB.submitRequest(OzoneManagerProtocolServerSideTranslatorPB.java:148) [ozone-manager-1.4.0-SNAPSHOT.jar:?]
	at org.apache.hadoop.ozone.protocol.proto.OzoneManagerProtocolProtos$OzoneManagerService$2.callBlockingMethod(OzoneManagerProtocolProtos.java) [ozone-interface-client-1.4.0-SNAPSHOT.jar:?]
	at org.apache.hadoop.ipc.ProtobufRpcEngine$Server.processCall(ProtobufRpcEngine.java:484) [hadoop-common-3.3.6.jar:?]
	at org.apache.hadoop.ipc.ProtobufRpcEngine2$Server$ProtoBufRpcInvoker.call(ProtobufRpcEngine2.java:595) [hadoop-common-3.3.6.jar:?]
	at org.apache.hadoop.ipc.ProtobufRpcEngine2$Server$ProtoBufRpcInvoker.call(ProtobufRpcEngine2.java:573) [hadoop-common-3.3.6.jar:?]
	at org.apache.hadoop.ipc.RPC$Server.call(RPC.java:1227) [hadoop-common-3.3.6.jar:?]
	at org.apache.hadoop.ipc.Server$RpcCall.run(Server.java:1094) [hadoop-common-3.3.6.jar:?]
	at org.apache.hadoop.ipc.Server$RpcCall.run(Server.java:1017) [hadoop-common-3.3.6.jar:?]
	at java.security.AccessController.doPrivileged(Native Method) ~[?:1.8.0_382]
	at javax.security.auth.Subject.doAs(Subject.java:422) [?:1.8.0_382]
	at org.apache.hadoop.security.UserGroupInformation.doAs(UserGroupInformation.java:1899) [hadoop-common-3.3.6.jar:?]
	at org.apache.hadoop.ipc.Server$Handler.run(Server.java:3048) [hadoop-common-3.3.6.jar:?]
20:27:43.337 [IPC Server handler 3 on default port 15004] ERROR OMAudit - user=runner | ip=127.0.0.1 | op=GET_FILE_STATUS {volume=volume63798, bucket=bucket90991, key=level0/level3, dataSize=0, replicationConfig=null} | ret=FAILURE
org.apache.hadoop.ozone.om.exceptions.OMException: Unable to get file status: volume: volume63798 bucket: bucket90991 key: level0/level3
	at org.apache.hadoop.ozone.om.KeyManagerImpl.getOzoneFileStatus(KeyManagerImpl.java:1195) ~[ozone-manager-1.4.0-SNAPSHOT.jar:?]
	at org.apache.hadoop.ozone.om.KeyManagerImpl.getFileStatus(KeyManagerImpl.java:1113) ~[ozone-manager-1.4.0-SNAPSHOT.jar:?]
	at org.apache.hadoop.ozone.om.OmMetadataReader.getFileStatus(OmMetadataReader.java:262) ~[ozone-manager-1.4.0-SNAPSHOT.jar:?]
	at org.apache.hadoop.ozone.om.OzoneManager.getFileStatus(OzoneManager.java:3530) ~[ozone-manager-1.4.0-SNAPSHOT.jar:?]
	at org.apache.hadoop.ozone.protocolPB.OzoneManagerRequestHandler.getOzoneFileStatus(OzoneManagerRequestHandler.java:971) ~[ozone-manager-1.4.0-SNAPSHOT.jar:?]
	at org.apache.hadoop.ozone.protocolPB.OzoneManagerRequestHandler.handleReadRequest(OzoneManagerRequestHandler.java:250) ~[ozone-manager-1.4.0-SNAPSHOT.jar:?]
	at org.apache.hadoop.ozone.protocolPB.OzoneManagerProtocolServerSideTranslatorPB.submitReadRequestToOM(OzoneManagerProtocolServerSideTranslatorPB.java:225) ~[ozone-manager-1.4.0-SNAPSHOT.jar:?]
	at org.apache.hadoop.ozone.protocolPB.OzoneManagerProtocolServerSideTranslatorPB.processRequest(OzoneManagerProtocolServerSideTranslatorPB.java:179) ~[ozone-manager-1.4.0-SNAPSHOT.jar:?]
	at org.apache.hadoop.hdds.server.OzoneProtocolMessageDispatcher.processRequest(OzoneProtocolMessageDispatcher.java:87) [hdds-server-framework-1.4.0-SNAPSHOT.jar:?]
	at org.apache.hadoop.ozone.protocolPB.OzoneManagerProtocolServerSideTranslatorPB.submitRequest(OzoneManagerProtocolServerSideTranslatorPB.java:148) [ozone-manager-1.4.0-SNAPSHOT.jar:?]
	at org.apache.hadoop.ozone.protocol.proto.OzoneManagerProtocolProtos$OzoneManagerService$2.callBlockingMethod(OzoneManagerProtocolProtos.java) [ozone-interface-client-1.4.0-SNAPSHOT.jar:?]
	at org.apache.hadoop.ipc.ProtobufRpcEngine$Server.processCall(ProtobufRpcEngine.java:484) [hadoop-common-3.3.6.jar:?]
	at org.apache.hadoop.ipc.ProtobufRpcEngine2$Server$ProtoBufRpcInvoker.call(ProtobufRpcEngine2.java:595) [hadoop-common-3.3.6.jar:?]
	at org.apache.hadoop.ipc.ProtobufRpcEngine2$Server$ProtoBufRpcInvoker.call(ProtobufRpcEngine2.java:573) [hadoop-common-3.3.6.jar:?]
	at org.apache.hadoop.ipc.RPC$Server.call(RPC.java:1227) [hadoop-common-3.3.6.jar:?]
	at org.apache.hadoop.ipc.Server$RpcCall.run(Server.java:1094) [hadoop-common-3.3.6.jar:?]
	at org.apache.hadoop.ipc.Server$RpcCall.run(Server.java:1017) [hadoop-common-3.3.6.jar:?]
	at java.security.AccessController.doPrivileged(Native Method) ~[?:1.8.0_382]
	at javax.security.auth.Subject.doAs(Subject.java:422) [?:1.8.0_382]
	at org.apache.hadoop.security.UserGroupInformation.doAs(UserGroupInformation.java:1899) [hadoop-common-3.3.6.jar:?]
	at org.apache.hadoop.ipc.Server$Handler.run(Server.java:3048) [hadoop-common-3.3.6.jar:?]
20:27:43.340 [IPC Server handler 1 on default port 15004] ERROR OMAudit - user=runner | ip=127.0.0.1 | op=GET_FILE_STATUS {volume=volume63798, bucket=bucket90991, key=level0/level3/level3, dataSize=0, replicationConfig=null} | ret=FAILURE
org.apache.hadoop.ozone.om.exceptions.OMException: Unable to get file status: volume: volume63798 bucket: bucket90991 key: level0/level3/level3
	at org.apache.hadoop.ozone.om.KeyManagerImpl.getOzoneFileStatus(KeyManagerImpl.java:1195) ~[ozone-manager-1.4.0-SNAPSHOT.jar:?]
	at org.apache.hadoop.ozone.om.KeyManagerImpl.getFileStatus(KeyManagerImpl.java:1113) ~[ozone-manager-1.4.0-SNAPSHOT.jar:?]
	at org.apache.hadoop.ozone.om.OmMetadataReader.getFileStatus(OmMetadataReader.java:262) ~[ozone-manager-1.4.0-SNAPSHOT.jar:?]
	at org.apache.hadoop.ozone.om.OzoneManager.getFileStatus(OzoneManager.java:3530) ~[ozone-manager-1.4.0-SNAPSHOT.jar:?]
	at org.apache.hadoop.ozone.protocolPB.OzoneManagerRequestHandler.getOzoneFileStatus(OzoneManagerRequestHandler.java:971) ~[ozone-manager-1.4.0-SNAPSHOT.jar:?]
	at org.apache.hadoop.ozone.protocolPB.OzoneManagerRequestHandler.handleReadRequest(OzoneManagerRequestHandler.java:250) ~[ozone-manager-1.4.0-SNAPSHOT.jar:?]
	at org.apache.hadoop.ozone.protocolPB.OzoneManagerProtocolServerSideTranslatorPB.submitReadRequestToOM(OzoneManagerProtocolServerSideTranslatorPB.java:225) ~[ozone-manager-1.4.0-SNAPSHOT.jar:?]
	at org.apache.hadoop.ozone.protocolPB.OzoneManagerProtocolServerSideTranslatorPB.processRequest(OzoneManagerProtocolServerSideTranslatorPB.java:179) ~[ozone-manager-1.4.0-SNAPSHOT.jar:?]
	at org.apache.hadoop.hdds.server.OzoneProtocolMessageDispatcher.processRequest(OzoneProtocolMessageDispatcher.java:87) [hdds-server-framework-1.4.0-SNAPSHOT.jar:?]
	at org.apache.hadoop.ozone.protocolPB.OzoneManagerProtocolServerSideTranslatorPB.submitRequest(OzoneManagerProtocolServerSideTranslatorPB.java:148) [ozone-manager-1.4.0-SNAPSHOT.jar:?]
	at org.apache.hadoop.ozone.protocol.proto.OzoneManagerProtocolProtos$OzoneManagerService$2.callBlockingMethod(OzoneManagerProtocolProtos.java) [ozone-interface-client-1.4.0-SNAPSHOT.jar:?]
	at org.apache.hadoop.ipc.ProtobufRpcEngine$Server.processCall(ProtobufRpcEngine.java:484) [hadoop-common-3.3.6.jar:?]
	at org.apache.hadoop.ipc.ProtobufRpcEngine2$Server$ProtoBufRpcInvoker.call(ProtobufRpcEngine2.java:595) [hadoop-common-3.3.6.jar:?]
	at org.apache.hadoop.ipc.ProtobufRpcEngine2$Server$ProtoBufRpcInvoker.call(ProtobufRpcEngine2.java:573) [hadoop-common-3.3.6.jar:?]
	at org.apache.hadoop.ipc.RPC$Server.call(RPC.java:1227) [hadoop-common-3.3.6.jar:?]
	at org.apache.hadoop.ipc.Server$RpcCall.run(Server.java:1094) [hadoop-common-3.3.6.jar:?]
	at org.apache.hadoop.ipc.Server$RpcCall.run(Server.java:1017) [hadoop-common-3.3.6.jar:?]
	at java.security.AccessController.doPrivileged(Native Method) ~[?:1.8.0_382]
	at javax.security.auth.Subject.doAs(Subject.java:422) [?:1.8.0_382]
	at org.apache.hadoop.security.UserGroupInformation.doAs(UserGroupInformation.java:1899) [hadoop-common-3.3.6.jar:?]
	at org.apache.hadoop.ipc.Server$Handler.run(Server.java:3048) [hadoop-common-3.3.6.jar:?]
20:27:43.343 [IPC Server handler 5 on default port 15004] ERROR OMAudit - user=runner | ip=127.0.0.1 | op=GET_FILE_STATUS {volume=volume63798, bucket=bucket90991, key=level0/level3/file1, dataSize=0, replicationConfig=null} | ret=FAILURE
org.apache.hadoop.ozone.om.exceptions.OMException: Unable to get file status: volume: volume63798 bucket: bucket90991 key: level0/level3/file1
	at org.apache.hadoop.ozone.om.KeyManagerImpl.getOzoneFileStatus(KeyManagerImpl.java:1195) ~[ozone-manager-1.4.0-SNAPSHOT.jar:?]
	at org.apache.hadoop.ozone.om.KeyManagerImpl.getFileStatus(KeyManagerImpl.java:1113) ~[ozone-manager-1.4.0-SNAPSHOT.jar:?]
	at org.apache.hadoop.ozone.om.OmMetadataReader.getFileStatus(OmMetadataReader.java:262) ~[ozone-manager-1.4.0-SNAPSHOT.jar:?]
	at org.apache.hadoop.ozone.om.OzoneManager.getFileStatus(OzoneManager.java:3530) ~[ozone-manager-1.4.0-SNAPSHOT.jar:?]
	at org.apache.hadoop.ozone.protocolPB.OzoneManagerRequestHandler.getOzoneFileStatus(OzoneManagerRequestHandler.java:971) ~[ozone-manager-1.4.0-SNAPSHOT.jar:?]
	at org.apache.hadoop.ozone.protocolPB.OzoneManagerRequestHandler.handleReadRequest(OzoneManagerRequestHandler.java:250) ~[ozone-manager-1.4.0-SNAPSHOT.jar:?]
	at org.apache.hadoop.ozone.protocolPB.OzoneManagerProtocolServerSideTranslatorPB.submitReadRequestToOM(OzoneManagerProtocolServerSideTranslatorPB.java:225) ~[ozone-manager-1.4.0-SNAPSHOT.jar:?]
	at org.apache.hadoop.ozone.protocolPB.OzoneManagerProtocolServerSideTranslatorPB.processRequest(OzoneManagerProtocolServerSideTranslatorPB.java:179) ~[ozone-manager-1.4.0-SNAPSHOT.jar:?]
	at org.apache.hadoop.hdds.server.OzoneProtocolMessageDispatcher.processRequest(OzoneProtocolMessageDispatcher.java:87) [hdds-server-framework-1.4.0-SNAPSHOT.jar:?]
	at org.apache.hadoop.ozone.protocolPB.OzoneManagerProtocolServerSideTranslatorPB.submitRequest(OzoneManagerProtocolServerSideTranslatorPB.java:148) [ozone-manager-1.4.0-SNAPSHOT.jar:?]
	at org.apache.hadoop.ozone.protocol.proto.OzoneManagerProtocolProtos$OzoneManagerService$2.callBlockingMethod(OzoneManagerProtocolProtos.java) [ozone-interface-client-1.4.0-SNAPSHOT.jar:?]
	at org.apache.hadoop.ipc.ProtobufRpcEngine$Server.processCall(ProtobufRpcEngine.java:484) [hadoop-common-3.3.6.jar:?]
	at org.apache.hadoop.ipc.ProtobufRpcEngine2$Server$ProtoBufRpcInvoker.call(ProtobufRpcEngine2.java:595) [hadoop-common-3.3.6.jar:?]
	at org.apache.hadoop.ipc.ProtobufRpcEngine2$Server$ProtoBufRpcInvoker.call(ProtobufRpcEngine2.java:573) [hadoop-common-3.3.6.jar:?]
	at org.apache.hadoop.ipc.RPC$Server.call(RPC.java:1227) [hadoop-common-3.3.6.jar:?]
	at org.apache.hadoop.ipc.Server$RpcCall.run(Server.java:1094) [hadoop-common-3.3.6.jar:?]
	at org.apache.hadoop.ipc.Server$RpcCall.run(Server.java:1017) [hadoop-common-3.3.6.jar:?]
	at java.security.AccessController.doPrivileged(Native Method) ~[?:1.8.0_382]
	at javax.security.auth.Subject.doAs(Subject.java:422) [?:1.8.0_382]
	at org.apache.hadoop.security.UserGroupInformation.doAs(UserGroupInformation.java:1899) [hadoop-common-3.3.6.jar:?]
	at org.apache.hadoop.ipc.Server$Handler.run(Server.java:3048) [hadoop-common-3.3.6.jar:?]
20:27:43.345 [IPC Server handler 4 on default port 15004] ERROR OMAudit - user=runner | ip=127.0.0.1 | op=GET_FILE_STATUS {volume=volume63798, bucket=bucket90991, key=level0/level3/level3/file1, dataSize=0, replicationConfig=null} | ret=FAILURE
org.apache.hadoop.ozone.om.exceptions.OMException: Unable to get file status: volume: volume63798 bucket: bucket90991 key: level0/level3/level3/file1
	at org.apache.hadoop.ozone.om.KeyManagerImpl.getOzoneFileStatus(KeyManagerImpl.java:1195) ~[ozone-manager-1.4.0-SNAPSHOT.jar:?]
	at org.apache.hadoop.ozone.om.KeyManagerImpl.getFileStatus(KeyManagerImpl.java:1113) ~[ozone-manager-1.4.0-SNAPSHOT.jar:?]
	at org.apache.hadoop.ozone.om.OmMetadataReader.getFileStatus(OmMetadataReader.java:262) ~[ozone-manager-1.4.0-SNAPSHOT.jar:?]
	at org.apache.hadoop.ozone.om.OzoneManager.getFileStatus(OzoneManager.java:3530) ~[ozone-manager-1.4.0-SNAPSHOT.jar:?]
	at org.apache.hadoop.ozone.protocolPB.OzoneManagerRequestHandler.getOzoneFileStatus(OzoneManagerRequestHandler.java:971) ~[ozone-manager-1.4.0-SNAPSHOT.jar:?]
	at org.apache.hadoop.ozone.protocolPB.OzoneManagerRequestHandler.handleReadRequest(OzoneManagerRequestHandler.java:250) ~[ozone-manager-1.4.0-SNAPSHOT.jar:?]
	at org.apache.hadoop.ozone.protocolPB.OzoneManagerProtocolServerSideTranslatorPB.submitReadRequestToOM(OzoneManagerProtocolServerSideTranslatorPB.java:225) ~[ozone-manager-1.4.0-SNAPSHOT.jar:?]
	at org.apache.hadoop.ozone.protocolPB.OzoneManagerProtocolServerSideTranslatorPB.processRequest(OzoneManagerProtocolServerSideTranslatorPB.java:179) ~[ozone-manager-1.4.0-SNAPSHOT.jar:?]
	at org.apache.hadoop.hdds.server.OzoneProtocolMessageDispatcher.processRequest(OzoneProtocolMessageDispatcher.java:87) [hdds-server-framework-1.4.0-SNAPSHOT.jar:?]
	at org.apache.hadoop.ozone.protocolPB.OzoneManagerProtocolServerSideTranslatorPB.submitRequest(OzoneManagerProtocolServerSideTranslatorPB.java:148) [ozone-manager-1.4.0-SNAPSHOT.jar:?]
	at org.apache.hadoop.ozone.protocol.proto.OzoneManagerProtocolProtos$OzoneManagerService$2.callBlockingMethod(OzoneManagerProtocolProtos.java) [ozone-interface-client-1.4.0-SNAPSHOT.jar:?]
	at org.apache.hadoop.ipc.ProtobufRpcEngine$Server.processCall(ProtobufRpcEngine.java:484) [hadoop-common-3.3.6.jar:?]
	at org.apache.hadoop.ipc.ProtobufRpcEngine2$Server$ProtoBufRpcInvoker.call(ProtobufRpcEngine2.java:595) [hadoop-common-3.3.6.jar:?]
	at org.apache.hadoop.ipc.ProtobufRpcEngine2$Server$ProtoBufRpcInvoker.call(ProtobufRpcEngine2.java:573) [hadoop-common-3.3.6.jar:?]
	at org.apache.hadoop.ipc.RPC$Server.call(RPC.java:1227) [hadoop-common-3.3.6.jar:?]
	at org.apache.hadoop.ipc.Server$RpcCall.run(Server.java:1094) [hadoop-common-3.3.6.jar:?]
	at org.apache.hadoop.ipc.Server$RpcCall.run(Server.java:1017) [hadoop-common-3.3.6.jar:?]
	at java.security.AccessController.doPrivileged(Native Method) ~[?:1.8.0_382]
	at javax.security.auth.Subject.doAs(Subject.java:422) [?:1.8.0_382]
	at org.apache.hadoop.security.UserGroupInformation.doAs(UserGroupInformation.java:1899) [hadoop-common-3.3.6.jar:?]
	at org.apache.hadoop.ipc.Server$Handler.run(Server.java:3048) [hadoop-common-3.3.6.jar:?]
]]></system-out>
  </testcase>
  <testcase name="testRecursiveDelete" classname="TestOzoneFileSystem" time="0.248">
    <system-out><![CDATA[20:29:40.881 [IPC Server handler 4 on default port 15057] ERROR OMAudit - user=runner | ip=127.0.0.1 | op=GET_FILE_STATUS {volume=volume62736, bucket=bucket10134, key=gdir1, dataSize=0, replicationConfig=null} | ret=FAILURE
org.apache.hadoop.ozone.om.exceptions.OMException: Unable to get file status: volume: volume62736 bucket: bucket10134 key: gdir1
	at org.apache.hadoop.ozone.om.KeyManagerImpl.getOzoneFileStatus(KeyManagerImpl.java:1195) ~[ozone-manager-1.4.0-SNAPSHOT.jar:?]
	at org.apache.hadoop.ozone.om.KeyManagerImpl.getFileStatus(KeyManagerImpl.java:1113) ~[ozone-manager-1.4.0-SNAPSHOT.jar:?]
	at org.apache.hadoop.ozone.om.OmMetadataReader.getFileStatus(OmMetadataReader.java:262) ~[ozone-manager-1.4.0-SNAPSHOT.jar:?]
	at org.apache.hadoop.ozone.om.OzoneManager.getFileStatus(OzoneManager.java:3530) ~[ozone-manager-1.4.0-SNAPSHOT.jar:?]
	at org.apache.hadoop.ozone.protocolPB.OzoneManagerRequestHandler.getOzoneFileStatus(OzoneManagerRequestHandler.java:971) ~[ozone-manager-1.4.0-SNAPSHOT.jar:?]
	at org.apache.hadoop.ozone.protocolPB.OzoneManagerRequestHandler.handleReadRequest(OzoneManagerRequestHandler.java:250) ~[ozone-manager-1.4.0-SNAPSHOT.jar:?]
	at org.apache.hadoop.ozone.protocolPB.OzoneManagerProtocolServerSideTranslatorPB.submitRequestDirectlyToOM(OzoneManagerProtocolServerSideTranslatorPB.java:274) ~[ozone-manager-1.4.0-SNAPSHOT.jar:?]
	at org.apache.hadoop.ozone.protocolPB.OzoneManagerProtocolServerSideTranslatorPB.processRequest(OzoneManagerProtocolServerSideTranslatorPB.java:175) ~[ozone-manager-1.4.0-SNAPSHOT.jar:?]
	at org.apache.hadoop.hdds.server.OzoneProtocolMessageDispatcher.processRequest(OzoneProtocolMessageDispatcher.java:87) [hdds-server-framework-1.4.0-SNAPSHOT.jar:?]
	at org.apache.hadoop.ozone.protocolPB.OzoneManagerProtocolServerSideTranslatorPB.submitRequest(OzoneManagerProtocolServerSideTranslatorPB.java:148) [ozone-manager-1.4.0-SNAPSHOT.jar:?]
	at org.apache.hadoop.ozone.protocol.proto.OzoneManagerProtocolProtos$OzoneManagerService$2.callBlockingMethod(OzoneManagerProtocolProtos.java) [ozone-interface-client-1.4.0-SNAPSHOT.jar:?]
	at org.apache.hadoop.ipc.ProtobufRpcEngine$Server.processCall(ProtobufRpcEngine.java:484) [hadoop-common-3.3.6.jar:?]
	at org.apache.hadoop.ipc.ProtobufRpcEngine2$Server$ProtoBufRpcInvoker.call(ProtobufRpcEngine2.java:595) [hadoop-common-3.3.6.jar:?]
	at org.apache.hadoop.ipc.ProtobufRpcEngine2$Server$ProtoBufRpcInvoker.call(ProtobufRpcEngine2.java:573) [hadoop-common-3.3.6.jar:?]
	at org.apache.hadoop.ipc.RPC$Server.call(RPC.java:1227) [hadoop-common-3.3.6.jar:?]
	at org.apache.hadoop.ipc.Server$RpcCall.run(Server.java:1094) [hadoop-common-3.3.6.jar:?]
	at org.apache.hadoop.ipc.Server$RpcCall.run(Server.java:1017) [hadoop-common-3.3.6.jar:?]
	at java.security.AccessController.doPrivileged(Native Method) ~[?:1.8.0_382]
	at javax.security.auth.Subject.doAs(Subject.java:422) [?:1.8.0_382]
	at org.apache.hadoop.security.UserGroupInformation.doAs(UserGroupInformation.java:1899) [hadoop-common-3.3.6.jar:?]
	at org.apache.hadoop.ipc.Server$Handler.run(Server.java:3048) [hadoop-common-3.3.6.jar:?]
20:29:40.882 [IPC Server handler 3 on default port 15057] ERROR OMAudit - user=runner | ip=127.0.0.1 | op=GET_FILE_STATUS {volume=volume62736, bucket=bucket10134, key=gdir1/dir1, dataSize=0, replicationConfig=null} | ret=FAILURE
org.apache.hadoop.ozone.om.exceptions.OMException: Unable to get file status: volume: volume62736 bucket: bucket10134 key: gdir1/dir1
	at org.apache.hadoop.ozone.om.KeyManagerImpl.getOzoneFileStatus(KeyManagerImpl.java:1195) ~[ozone-manager-1.4.0-SNAPSHOT.jar:?]
	at org.apache.hadoop.ozone.om.KeyManagerImpl.getFileStatus(KeyManagerImpl.java:1113) ~[ozone-manager-1.4.0-SNAPSHOT.jar:?]
	at org.apache.hadoop.ozone.om.OmMetadataReader.getFileStatus(OmMetadataReader.java:262) ~[ozone-manager-1.4.0-SNAPSHOT.jar:?]
	at org.apache.hadoop.ozone.om.OzoneManager.getFileStatus(OzoneManager.java:3530) ~[ozone-manager-1.4.0-SNAPSHOT.jar:?]
	at org.apache.hadoop.ozone.protocolPB.OzoneManagerRequestHandler.getOzoneFileStatus(OzoneManagerRequestHandler.java:971) ~[ozone-manager-1.4.0-SNAPSHOT.jar:?]
	at org.apache.hadoop.ozone.protocolPB.OzoneManagerRequestHandler.handleReadRequest(OzoneManagerRequestHandler.java:250) ~[ozone-manager-1.4.0-SNAPSHOT.jar:?]
	at org.apache.hadoop.ozone.protocolPB.OzoneManagerProtocolServerSideTranslatorPB.submitRequestDirectlyToOM(OzoneManagerProtocolServerSideTranslatorPB.java:274) ~[ozone-manager-1.4.0-SNAPSHOT.jar:?]
	at org.apache.hadoop.ozone.protocolPB.OzoneManagerProtocolServerSideTranslatorPB.processRequest(OzoneManagerProtocolServerSideTranslatorPB.java:175) ~[ozone-manager-1.4.0-SNAPSHOT.jar:?]
	at org.apache.hadoop.hdds.server.OzoneProtocolMessageDispatcher.processRequest(OzoneProtocolMessageDispatcher.java:87) [hdds-server-framework-1.4.0-SNAPSHOT.jar:?]
	at org.apache.hadoop.ozone.protocolPB.OzoneManagerProtocolServerSideTranslatorPB.submitRequest(OzoneManagerProtocolServerSideTranslatorPB.java:148) [ozone-manager-1.4.0-SNAPSHOT.jar:?]
	at org.apache.hadoop.ozone.protocol.proto.OzoneManagerProtocolProtos$OzoneManagerService$2.callBlockingMethod(OzoneManagerProtocolProtos.java) [ozone-interface-client-1.4.0-SNAPSHOT.jar:?]
	at org.apache.hadoop.ipc.ProtobufRpcEngine$Server.processCall(ProtobufRpcEngine.java:484) [hadoop-common-3.3.6.jar:?]
	at org.apache.hadoop.ipc.ProtobufRpcEngine2$Server$ProtoBufRpcInvoker.call(ProtobufRpcEngine2.java:595) [hadoop-common-3.3.6.jar:?]
	at org.apache.hadoop.ipc.ProtobufRpcEngine2$Server$ProtoBufRpcInvoker.call(ProtobufRpcEngine2.java:573) [hadoop-common-3.3.6.jar:?]
	at org.apache.hadoop.ipc.RPC$Server.call(RPC.java:1227) [hadoop-common-3.3.6.jar:?]
	at org.apache.hadoop.ipc.Server$RpcCall.run(Server.java:1094) [hadoop-common-3.3.6.jar:?]
	at org.apache.hadoop.ipc.Server$RpcCall.run(Server.java:1017) [hadoop-common-3.3.6.jar:?]
	at java.security.AccessController.doPrivileged(Native Method) ~[?:1.8.0_382]
	at javax.security.auth.Subject.doAs(Subject.java:422) [?:1.8.0_382]
	at org.apache.hadoop.security.UserGroupInformation.doAs(UserGroupInformation.java:1899) [hadoop-common-3.3.6.jar:?]
	at org.apache.hadoop.ipc.Server$Handler.run(Server.java:3048) [hadoop-common-3.3.6.jar:?]
20:29:40.884 [IPC Server handler 19 on default port 15057] ERROR OMAudit - user=runner | ip=127.0.0.1 | op=GET_FILE_STATUS {volume=volume62736, bucket=bucket10134, key=gdir1/dir1/child, dataSize=0, replicationConfig=null} | ret=FAILURE
org.apache.hadoop.ozone.om.exceptions.OMException: Unable to get file status: volume: volume62736 bucket: bucket10134 key: gdir1/dir1/child
	at org.apache.hadoop.ozone.om.KeyManagerImpl.getOzoneFileStatus(KeyManagerImpl.java:1195) ~[ozone-manager-1.4.0-SNAPSHOT.jar:?]
	at org.apache.hadoop.ozone.om.KeyManagerImpl.getFileStatus(KeyManagerImpl.java:1113) ~[ozone-manager-1.4.0-SNAPSHOT.jar:?]
	at org.apache.hadoop.ozone.om.OmMetadataReader.getFileStatus(OmMetadataReader.java:262) ~[ozone-manager-1.4.0-SNAPSHOT.jar:?]
	at org.apache.hadoop.ozone.om.OzoneManager.getFileStatus(OzoneManager.java:3530) ~[ozone-manager-1.4.0-SNAPSHOT.jar:?]
	at org.apache.hadoop.ozone.protocolPB.OzoneManagerRequestHandler.getOzoneFileStatus(OzoneManagerRequestHandler.java:971) ~[ozone-manager-1.4.0-SNAPSHOT.jar:?]
	at org.apache.hadoop.ozone.protocolPB.OzoneManagerRequestHandler.handleReadRequest(OzoneManagerRequestHandler.java:250) ~[ozone-manager-1.4.0-SNAPSHOT.jar:?]
	at org.apache.hadoop.ozone.protocolPB.OzoneManagerProtocolServerSideTranslatorPB.submitRequestDirectlyToOM(OzoneManagerProtocolServerSideTranslatorPB.java:274) ~[ozone-manager-1.4.0-SNAPSHOT.jar:?]
	at org.apache.hadoop.ozone.protocolPB.OzoneManagerProtocolServerSideTranslatorPB.processRequest(OzoneManagerProtocolServerSideTranslatorPB.java:175) ~[ozone-manager-1.4.0-SNAPSHOT.jar:?]
	at org.apache.hadoop.hdds.server.OzoneProtocolMessageDispatcher.processRequest(OzoneProtocolMessageDispatcher.java:87) [hdds-server-framework-1.4.0-SNAPSHOT.jar:?]
	at org.apache.hadoop.ozone.protocolPB.OzoneManagerProtocolServerSideTranslatorPB.submitRequest(OzoneManagerProtocolServerSideTranslatorPB.java:148) [ozone-manager-1.4.0-SNAPSHOT.jar:?]
	at org.apache.hadoop.ozone.protocol.proto.OzoneManagerProtocolProtos$OzoneManagerService$2.callBlockingMethod(OzoneManagerProtocolProtos.java) [ozone-interface-client-1.4.0-SNAPSHOT.jar:?]
	at org.apache.hadoop.ipc.ProtobufRpcEngine$Server.processCall(ProtobufRpcEngine.java:484) [hadoop-common-3.3.6.jar:?]
	at org.apache.hadoop.ipc.ProtobufRpcEngine2$Server$ProtoBufRpcInvoker.call(ProtobufRpcEngine2.java:595) [hadoop-common-3.3.6.jar:?]
	at org.apache.hadoop.ipc.ProtobufRpcEngine2$Server$ProtoBufRpcInvoker.call(ProtobufRpcEngine2.java:573) [hadoop-common-3.3.6.jar:?]
	at org.apache.hadoop.ipc.RPC$Server.call(RPC.java:1227) [hadoop-common-3.3.6.jar:?]
	at org.apache.hadoop.ipc.Server$RpcCall.run(Server.java:1094) [hadoop-common-3.3.6.jar:?]
	at org.apache.hadoop.ipc.Server$RpcCall.run(Server.java:1017) [hadoop-common-3.3.6.jar:?]
	at java.security.AccessController.doPrivileged(Native Method) ~[?:1.8.0_382]
	at javax.security.auth.Subject.doAs(Subject.java:422) [?:1.8.0_382]
	at org.apache.hadoop.security.UserGroupInformation.doAs(UserGroupInformation.java:1899) [hadoop-common-3.3.6.jar:?]
	at org.apache.hadoop.ipc.Server$Handler.run(Server.java:3048) [hadoop-common-3.3.6.jar:?]
20:29:40.885 [IPC Server handler 18 on default port 15057] ERROR OMAudit - user=runner | ip=127.0.0.1 | op=GET_FILE_STATUS {volume=volume62736, bucket=bucket10134, key=gdir1/dir2, dataSize=0, replicationConfig=null} | ret=FAILURE
org.apache.hadoop.ozone.om.exceptions.OMException: Unable to get file status: volume: volume62736 bucket: bucket10134 key: gdir1/dir2
	at org.apache.hadoop.ozone.om.KeyManagerImpl.getOzoneFileStatus(KeyManagerImpl.java:1195) ~[ozone-manager-1.4.0-SNAPSHOT.jar:?]
	at org.apache.hadoop.ozone.om.KeyManagerImpl.getFileStatus(KeyManagerImpl.java:1113) ~[ozone-manager-1.4.0-SNAPSHOT.jar:?]
	at org.apache.hadoop.ozone.om.OmMetadataReader.getFileStatus(OmMetadataReader.java:262) ~[ozone-manager-1.4.0-SNAPSHOT.jar:?]
	at org.apache.hadoop.ozone.om.OzoneManager.getFileStatus(OzoneManager.java:3530) ~[ozone-manager-1.4.0-SNAPSHOT.jar:?]
	at org.apache.hadoop.ozone.protocolPB.OzoneManagerRequestHandler.getOzoneFileStatus(OzoneManagerRequestHandler.java:971) ~[ozone-manager-1.4.0-SNAPSHOT.jar:?]
	at org.apache.hadoop.ozone.protocolPB.OzoneManagerRequestHandler.handleReadRequest(OzoneManagerRequestHandler.java:250) ~[ozone-manager-1.4.0-SNAPSHOT.jar:?]
	at org.apache.hadoop.ozone.protocolPB.OzoneManagerProtocolServerSideTranslatorPB.submitRequestDirectlyToOM(OzoneManagerProtocolServerSideTranslatorPB.java:274) ~[ozone-manager-1.4.0-SNAPSHOT.jar:?]
	at org.apache.hadoop.ozone.protocolPB.OzoneManagerProtocolServerSideTranslatorPB.processRequest(OzoneManagerProtocolServerSideTranslatorPB.java:175) ~[ozone-manager-1.4.0-SNAPSHOT.jar:?]
	at org.apache.hadoop.hdds.server.OzoneProtocolMessageDispatcher.processRequest(OzoneProtocolMessageDispatcher.java:87) [hdds-server-framework-1.4.0-SNAPSHOT.jar:?]
	at org.apache.hadoop.ozone.protocolPB.OzoneManagerProtocolServerSideTranslatorPB.submitRequest(OzoneManagerProtocolServerSideTranslatorPB.java:148) [ozone-manager-1.4.0-SNAPSHOT.jar:?]
	at org.apache.hadoop.ozone.protocol.proto.OzoneManagerProtocolProtos$OzoneManagerService$2.callBlockingMethod(OzoneManagerProtocolProtos.java) [ozone-interface-client-1.4.0-SNAPSHOT.jar:?]
	at org.apache.hadoop.ipc.ProtobufRpcEngine$Server.processCall(ProtobufRpcEngine.java:484) [hadoop-common-3.3.6.jar:?]
	at org.apache.hadoop.ipc.ProtobufRpcEngine2$Server$ProtoBufRpcInvoker.call(ProtobufRpcEngine2.java:595) [hadoop-common-3.3.6.jar:?]
	at org.apache.hadoop.ipc.ProtobufRpcEngine2$Server$ProtoBufRpcInvoker.call(ProtobufRpcEngine2.java:573) [hadoop-common-3.3.6.jar:?]
	at org.apache.hadoop.ipc.RPC$Server.call(RPC.java:1227) [hadoop-common-3.3.6.jar:?]
	at org.apache.hadoop.ipc.Server$RpcCall.run(Server.java:1094) [hadoop-common-3.3.6.jar:?]
	at org.apache.hadoop.ipc.Server$RpcCall.run(Server.java:1017) [hadoop-common-3.3.6.jar:?]
	at java.security.AccessController.doPrivileged(Native Method) ~[?:1.8.0_382]
	at javax.security.auth.Subject.doAs(Subject.java:422) [?:1.8.0_382]
	at org.apache.hadoop.security.UserGroupInformation.doAs(UserGroupInformation.java:1899) [hadoop-common-3.3.6.jar:?]
	at org.apache.hadoop.ipc.Server$Handler.run(Server.java:3048) [hadoop-common-3.3.6.jar:?]
20:29:40.886 [IPC Server handler 17 on default port 15057] ERROR OMAudit - user=runner | ip=127.0.0.1 | op=GET_FILE_STATUS {volume=volume62736, bucket=bucket10134, key=gdir1/dir2/child, dataSize=0, replicationConfig=null} | ret=FAILURE
org.apache.hadoop.ozone.om.exceptions.OMException: Unable to get file status: volume: volume62736 bucket: bucket10134 key: gdir1/dir2/child
	at org.apache.hadoop.ozone.om.KeyManagerImpl.getOzoneFileStatus(KeyManagerImpl.java:1195) ~[ozone-manager-1.4.0-SNAPSHOT.jar:?]
	at org.apache.hadoop.ozone.om.KeyManagerImpl.getFileStatus(KeyManagerImpl.java:1113) ~[ozone-manager-1.4.0-SNAPSHOT.jar:?]
	at org.apache.hadoop.ozone.om.OmMetadataReader.getFileStatus(OmMetadataReader.java:262) ~[ozone-manager-1.4.0-SNAPSHOT.jar:?]
	at org.apache.hadoop.ozone.om.OzoneManager.getFileStatus(OzoneManager.java:3530) ~[ozone-manager-1.4.0-SNAPSHOT.jar:?]
	at org.apache.hadoop.ozone.protocolPB.OzoneManagerRequestHandler.getOzoneFileStatus(OzoneManagerRequestHandler.java:971) ~[ozone-manager-1.4.0-SNAPSHOT.jar:?]
	at org.apache.hadoop.ozone.protocolPB.OzoneManagerRequestHandler.handleReadRequest(OzoneManagerRequestHandler.java:250) ~[ozone-manager-1.4.0-SNAPSHOT.jar:?]
	at org.apache.hadoop.ozone.protocolPB.OzoneManagerProtocolServerSideTranslatorPB.submitRequestDirectlyToOM(OzoneManagerProtocolServerSideTranslatorPB.java:274) ~[ozone-manager-1.4.0-SNAPSHOT.jar:?]
	at org.apache.hadoop.ozone.protocolPB.OzoneManagerProtocolServerSideTranslatorPB.processRequest(OzoneManagerProtocolServerSideTranslatorPB.java:175) ~[ozone-manager-1.4.0-SNAPSHOT.jar:?]
	at org.apache.hadoop.hdds.server.OzoneProtocolMessageDispatcher.processRequest(OzoneProtocolMessageDispatcher.java:87) [hdds-server-framework-1.4.0-SNAPSHOT.jar:?]
	at org.apache.hadoop.ozone.protocolPB.OzoneManagerProtocolServerSideTranslatorPB.submitRequest(OzoneManagerProtocolServerSideTranslatorPB.java:148) [ozone-manager-1.4.0-SNAPSHOT.jar:?]
	at org.apache.hadoop.ozone.protocol.proto.OzoneManagerProtocolProtos$OzoneManagerService$2.callBlockingMethod(OzoneManagerProtocolProtos.java) [ozone-interface-client-1.4.0-SNAPSHOT.jar:?]
	at org.apache.hadoop.ipc.ProtobufRpcEngine$Server.processCall(ProtobufRpcEngine.java:484) [hadoop-common-3.3.6.jar:?]
	at org.apache.hadoop.ipc.ProtobufRpcEngine2$Server$ProtoBufRpcInvoker.call(ProtobufRpcEngine2.java:595) [hadoop-common-3.3.6.jar:?]
	at org.apache.hadoop.ipc.ProtobufRpcEngine2$Server$ProtoBufRpcInvoker.call(ProtobufRpcEngine2.java:573) [hadoop-common-3.3.6.jar:?]
	at org.apache.hadoop.ipc.RPC$Server.call(RPC.java:1227) [hadoop-common-3.3.6.jar:?]
	at org.apache.hadoop.ipc.Server$RpcCall.run(Server.java:1094) [hadoop-common-3.3.6.jar:?]
	at org.apache.hadoop.ipc.Server$RpcCall.run(Server.java:1017) [hadoop-common-3.3.6.jar:?]
	at java.security.AccessController.doPrivileged(Native Method) ~[?:1.8.0_382]
	at javax.security.auth.Subject.doAs(Subject.java:422) [?:1.8.0_382]
	at org.apache.hadoop.security.UserGroupInformation.doAs(UserGroupInformation.java:1899) [hadoop-common-3.3.6.jar:?]
	at org.apache.hadoop.ipc.Server$Handler.run(Server.java:3048) [hadoop-common-3.3.6.jar:?]
20:29:40.888 [IPC Server handler 15 on default port 15057] ERROR OMAudit - user=runner | ip=127.0.0.1 | op=GET_FILE_STATUS {volume=volume62736, bucket=bucket10134, key=gdir1/dir3, dataSize=0, replicationConfig=null} | ret=FAILURE
org.apache.hadoop.ozone.om.exceptions.OMException: Unable to get file status: volume: volume62736 bucket: bucket10134 key: gdir1/dir3
	at org.apache.hadoop.ozone.om.KeyManagerImpl.getOzoneFileStatus(KeyManagerImpl.java:1195) ~[ozone-manager-1.4.0-SNAPSHOT.jar:?]
	at org.apache.hadoop.ozone.om.KeyManagerImpl.getFileStatus(KeyManagerImpl.java:1113) ~[ozone-manager-1.4.0-SNAPSHOT.jar:?]
	at org.apache.hadoop.ozone.om.OmMetadataReader.getFileStatus(OmMetadataReader.java:262) ~[ozone-manager-1.4.0-SNAPSHOT.jar:?]
	at org.apache.hadoop.ozone.om.OzoneManager.getFileStatus(OzoneManager.java:3530) ~[ozone-manager-1.4.0-SNAPSHOT.jar:?]
	at org.apache.hadoop.ozone.protocolPB.OzoneManagerRequestHandler.getOzoneFileStatus(OzoneManagerRequestHandler.java:971) ~[ozone-manager-1.4.0-SNAPSHOT.jar:?]
	at org.apache.hadoop.ozone.protocolPB.OzoneManagerRequestHandler.handleReadRequest(OzoneManagerRequestHandler.java:250) ~[ozone-manager-1.4.0-SNAPSHOT.jar:?]
	at org.apache.hadoop.ozone.protocolPB.OzoneManagerProtocolServerSideTranslatorPB.submitRequestDirectlyToOM(OzoneManagerProtocolServerSideTranslatorPB.java:274) ~[ozone-manager-1.4.0-SNAPSHOT.jar:?]
	at org.apache.hadoop.ozone.protocolPB.OzoneManagerProtocolServerSideTranslatorPB.processRequest(OzoneManagerProtocolServerSideTranslatorPB.java:175) ~[ozone-manager-1.4.0-SNAPSHOT.jar:?]
	at org.apache.hadoop.hdds.server.OzoneProtocolMessageDispatcher.processRequest(OzoneProtocolMessageDispatcher.java:87) [hdds-server-framework-1.4.0-SNAPSHOT.jar:?]
	at org.apache.hadoop.ozone.protocolPB.OzoneManagerProtocolServerSideTranslatorPB.submitRequest(OzoneManagerProtocolServerSideTranslatorPB.java:148) [ozone-manager-1.4.0-SNAPSHOT.jar:?]
	at org.apache.hadoop.ozone.protocol.proto.OzoneManagerProtocolProtos$OzoneManagerService$2.callBlockingMethod(OzoneManagerProtocolProtos.java) [ozone-interface-client-1.4.0-SNAPSHOT.jar:?]
	at org.apache.hadoop.ipc.ProtobufRpcEngine$Server.processCall(ProtobufRpcEngine.java:484) [hadoop-common-3.3.6.jar:?]
	at org.apache.hadoop.ipc.ProtobufRpcEngine2$Server$ProtoBufRpcInvoker.call(ProtobufRpcEngine2.java:595) [hadoop-common-3.3.6.jar:?]
	at org.apache.hadoop.ipc.ProtobufRpcEngine2$Server$ProtoBufRpcInvoker.call(ProtobufRpcEngine2.java:573) [hadoop-common-3.3.6.jar:?]
	at org.apache.hadoop.ipc.RPC$Server.call(RPC.java:1227) [hadoop-common-3.3.6.jar:?]
	at org.apache.hadoop.ipc.Server$RpcCall.run(Server.java:1094) [hadoop-common-3.3.6.jar:?]
	at org.apache.hadoop.ipc.Server$RpcCall.run(Server.java:1017) [hadoop-common-3.3.6.jar:?]
	at java.security.AccessController.doPrivileged(Native Method) ~[?:1.8.0_382]
	at javax.security.auth.Subject.doAs(Subject.java:422) [?:1.8.0_382]
	at org.apache.hadoop.security.UserGroupInformation.doAs(UserGroupInformation.java:1899) [hadoop-common-3.3.6.jar:?]
	at org.apache.hadoop.ipc.Server$Handler.run(Server.java:3048) [hadoop-common-3.3.6.jar:?]
20:29:40.889 [IPC Server handler 16 on default port 15057] ERROR OMAudit - user=runner | ip=127.0.0.1 | op=GET_FILE_STATUS {volume=volume62736, bucket=bucket10134, key=gdir1/dir3/child, dataSize=0, replicationConfig=null} | ret=FAILURE
org.apache.hadoop.ozone.om.exceptions.OMException: Unable to get file status: volume: volume62736 bucket: bucket10134 key: gdir1/dir3/child
	at org.apache.hadoop.ozone.om.KeyManagerImpl.getOzoneFileStatus(KeyManagerImpl.java:1195) ~[ozone-manager-1.4.0-SNAPSHOT.jar:?]
	at org.apache.hadoop.ozone.om.KeyManagerImpl.getFileStatus(KeyManagerImpl.java:1113) ~[ozone-manager-1.4.0-SNAPSHOT.jar:?]
	at org.apache.hadoop.ozone.om.OmMetadataReader.getFileStatus(OmMetadataReader.java:262) ~[ozone-manager-1.4.0-SNAPSHOT.jar:?]
	at org.apache.hadoop.ozone.om.OzoneManager.getFileStatus(OzoneManager.java:3530) ~[ozone-manager-1.4.0-SNAPSHOT.jar:?]
	at org.apache.hadoop.ozone.protocolPB.OzoneManagerRequestHandler.getOzoneFileStatus(OzoneManagerRequestHandler.java:971) ~[ozone-manager-1.4.0-SNAPSHOT.jar:?]
	at org.apache.hadoop.ozone.protocolPB.OzoneManagerRequestHandler.handleReadRequest(OzoneManagerRequestHandler.java:250) ~[ozone-manager-1.4.0-SNAPSHOT.jar:?]
	at org.apache.hadoop.ozone.protocolPB.OzoneManagerProtocolServerSideTranslatorPB.submitRequestDirectlyToOM(OzoneManagerProtocolServerSideTranslatorPB.java:274) ~[ozone-manager-1.4.0-SNAPSHOT.jar:?]
	at org.apache.hadoop.ozone.protocolPB.OzoneManagerProtocolServerSideTranslatorPB.processRequest(OzoneManagerProtocolServerSideTranslatorPB.java:175) ~[ozone-manager-1.4.0-SNAPSHOT.jar:?]
	at org.apache.hadoop.hdds.server.OzoneProtocolMessageDispatcher.processRequest(OzoneProtocolMessageDispatcher.java:87) [hdds-server-framework-1.4.0-SNAPSHOT.jar:?]
	at org.apache.hadoop.ozone.protocolPB.OzoneManagerProtocolServerSideTranslatorPB.submitRequest(OzoneManagerProtocolServerSideTranslatorPB.java:148) [ozone-manager-1.4.0-SNAPSHOT.jar:?]
	at org.apache.hadoop.ozone.protocol.proto.OzoneManagerProtocolProtos$OzoneManagerService$2.callBlockingMethod(OzoneManagerProtocolProtos.java) [ozone-interface-client-1.4.0-SNAPSHOT.jar:?]
	at org.apache.hadoop.ipc.ProtobufRpcEngine$Server.processCall(ProtobufRpcEngine.java:484) [hadoop-common-3.3.6.jar:?]
	at org.apache.hadoop.ipc.ProtobufRpcEngine2$Server$ProtoBufRpcInvoker.call(ProtobufRpcEngine2.java:595) [hadoop-common-3.3.6.jar:?]
	at org.apache.hadoop.ipc.ProtobufRpcEngine2$Server$ProtoBufRpcInvoker.call(ProtobufRpcEngine2.java:573) [hadoop-common-3.3.6.jar:?]
	at org.apache.hadoop.ipc.RPC$Server.call(RPC.java:1227) [hadoop-common-3.3.6.jar:?]
	at org.apache.hadoop.ipc.Server$RpcCall.run(Server.java:1094) [hadoop-common-3.3.6.jar:?]
	at org.apache.hadoop.ipc.Server$RpcCall.run(Server.java:1017) [hadoop-common-3.3.6.jar:?]
	at java.security.AccessController.doPrivileged(Native Method) ~[?:1.8.0_382]
	at javax.security.auth.Subject.doAs(Subject.java:422) [?:1.8.0_382]
	at org.apache.hadoop.security.UserGroupInformation.doAs(UserGroupInformation.java:1899) [hadoop-common-3.3.6.jar:?]
	at org.apache.hadoop.ipc.Server$Handler.run(Server.java:3048) [hadoop-common-3.3.6.jar:?]
20:29:40.890 [IPC Server handler 9 on default port 15057] ERROR OMAudit - user=runner | ip=127.0.0.1 | op=GET_FILE_STATUS {volume=volume62736, bucket=bucket10134, key=gdir1/dir4, dataSize=0, replicationConfig=null} | ret=FAILURE
org.apache.hadoop.ozone.om.exceptions.OMException: Unable to get file status: volume: volume62736 bucket: bucket10134 key: gdir1/dir4
	at org.apache.hadoop.ozone.om.KeyManagerImpl.getOzoneFileStatus(KeyManagerImpl.java:1195) ~[ozone-manager-1.4.0-SNAPSHOT.jar:?]
	at org.apache.hadoop.ozone.om.KeyManagerImpl.getFileStatus(KeyManagerImpl.java:1113) ~[ozone-manager-1.4.0-SNAPSHOT.jar:?]
	at org.apache.hadoop.ozone.om.OmMetadataReader.getFileStatus(OmMetadataReader.java:262) ~[ozone-manager-1.4.0-SNAPSHOT.jar:?]
	at org.apache.hadoop.ozone.om.OzoneManager.getFileStatus(OzoneManager.java:3530) ~[ozone-manager-1.4.0-SNAPSHOT.jar:?]
	at org.apache.hadoop.ozone.protocolPB.OzoneManagerRequestHandler.getOzoneFileStatus(OzoneManagerRequestHandler.java:971) ~[ozone-manager-1.4.0-SNAPSHOT.jar:?]
	at org.apache.hadoop.ozone.protocolPB.OzoneManagerRequestHandler.handleReadRequest(OzoneManagerRequestHandler.java:250) ~[ozone-manager-1.4.0-SNAPSHOT.jar:?]
	at org.apache.hadoop.ozone.protocolPB.OzoneManagerProtocolServerSideTranslatorPB.submitRequestDirectlyToOM(OzoneManagerProtocolServerSideTranslatorPB.java:274) ~[ozone-manager-1.4.0-SNAPSHOT.jar:?]
	at org.apache.hadoop.ozone.protocolPB.OzoneManagerProtocolServerSideTranslatorPB.processRequest(OzoneManagerProtocolServerSideTranslatorPB.java:175) ~[ozone-manager-1.4.0-SNAPSHOT.jar:?]
	at org.apache.hadoop.hdds.server.OzoneProtocolMessageDispatcher.processRequest(OzoneProtocolMessageDispatcher.java:87) [hdds-server-framework-1.4.0-SNAPSHOT.jar:?]
	at org.apache.hadoop.ozone.protocolPB.OzoneManagerProtocolServerSideTranslatorPB.submitRequest(OzoneManagerProtocolServerSideTranslatorPB.java:148) [ozone-manager-1.4.0-SNAPSHOT.jar:?]
	at org.apache.hadoop.ozone.protocol.proto.OzoneManagerProtocolProtos$OzoneManagerService$2.callBlockingMethod(OzoneManagerProtocolProtos.java) [ozone-interface-client-1.4.0-SNAPSHOT.jar:?]
	at org.apache.hadoop.ipc.ProtobufRpcEngine$Server.processCall(ProtobufRpcEngine.java:484) [hadoop-common-3.3.6.jar:?]
	at org.apache.hadoop.ipc.ProtobufRpcEngine2$Server$ProtoBufRpcInvoker.call(ProtobufRpcEngine2.java:595) [hadoop-common-3.3.6.jar:?]
	at org.apache.hadoop.ipc.ProtobufRpcEngine2$Server$ProtoBufRpcInvoker.call(ProtobufRpcEngine2.java:573) [hadoop-common-3.3.6.jar:?]
	at org.apache.hadoop.ipc.RPC$Server.call(RPC.java:1227) [hadoop-common-3.3.6.jar:?]
	at org.apache.hadoop.ipc.Server$RpcCall.run(Server.java:1094) [hadoop-common-3.3.6.jar:?]
	at org.apache.hadoop.ipc.Server$RpcCall.run(Server.java:1017) [hadoop-common-3.3.6.jar:?]
	at java.security.AccessController.doPrivileged(Native Method) ~[?:1.8.0_382]
	at javax.security.auth.Subject.doAs(Subject.java:422) [?:1.8.0_382]
	at org.apache.hadoop.security.UserGroupInformation.doAs(UserGroupInformation.java:1899) [hadoop-common-3.3.6.jar:?]
	at org.apache.hadoop.ipc.Server$Handler.run(Server.java:3048) [hadoop-common-3.3.6.jar:?]
20:29:40.892 [IPC Server handler 12 on default port 15057] ERROR OMAudit - user=runner | ip=127.0.0.1 | op=GET_FILE_STATUS {volume=volume62736, bucket=bucket10134, key=gdir1/dir4/child, dataSize=0, replicationConfig=null} | ret=FAILURE
org.apache.hadoop.ozone.om.exceptions.OMException: Unable to get file status: volume: volume62736 bucket: bucket10134 key: gdir1/dir4/child
	at org.apache.hadoop.ozone.om.KeyManagerImpl.getOzoneFileStatus(KeyManagerImpl.java:1195) ~[ozone-manager-1.4.0-SNAPSHOT.jar:?]
	at org.apache.hadoop.ozone.om.KeyManagerImpl.getFileStatus(KeyManagerImpl.java:1113) ~[ozone-manager-1.4.0-SNAPSHOT.jar:?]
	at org.apache.hadoop.ozone.om.OmMetadataReader.getFileStatus(OmMetadataReader.java:262) ~[ozone-manager-1.4.0-SNAPSHOT.jar:?]
	at org.apache.hadoop.ozone.om.OzoneManager.getFileStatus(OzoneManager.java:3530) ~[ozone-manager-1.4.0-SNAPSHOT.jar:?]
	at org.apache.hadoop.ozone.protocolPB.OzoneManagerRequestHandler.getOzoneFileStatus(OzoneManagerRequestHandler.java:971) ~[ozone-manager-1.4.0-SNAPSHOT.jar:?]
	at org.apache.hadoop.ozone.protocolPB.OzoneManagerRequestHandler.handleReadRequest(OzoneManagerRequestHandler.java:250) ~[ozone-manager-1.4.0-SNAPSHOT.jar:?]
	at org.apache.hadoop.ozone.protocolPB.OzoneManagerProtocolServerSideTranslatorPB.submitRequestDirectlyToOM(OzoneManagerProtocolServerSideTranslatorPB.java:274) ~[ozone-manager-1.4.0-SNAPSHOT.jar:?]
	at org.apache.hadoop.ozone.protocolPB.OzoneManagerProtocolServerSideTranslatorPB.processRequest(OzoneManagerProtocolServerSideTranslatorPB.java:175) ~[ozone-manager-1.4.0-SNAPSHOT.jar:?]
	at org.apache.hadoop.hdds.server.OzoneProtocolMessageDispatcher.processRequest(OzoneProtocolMessageDispatcher.java:87) [hdds-server-framework-1.4.0-SNAPSHOT.jar:?]
	at org.apache.hadoop.ozone.protocolPB.OzoneManagerProtocolServerSideTranslatorPB.submitRequest(OzoneManagerProtocolServerSideTranslatorPB.java:148) [ozone-manager-1.4.0-SNAPSHOT.jar:?]
	at org.apache.hadoop.ozone.protocol.proto.OzoneManagerProtocolProtos$OzoneManagerService$2.callBlockingMethod(OzoneManagerProtocolProtos.java) [ozone-interface-client-1.4.0-SNAPSHOT.jar:?]
	at org.apache.hadoop.ipc.ProtobufRpcEngine$Server.processCall(ProtobufRpcEngine.java:484) [hadoop-common-3.3.6.jar:?]
	at org.apache.hadoop.ipc.ProtobufRpcEngine2$Server$ProtoBufRpcInvoker.call(ProtobufRpcEngine2.java:595) [hadoop-common-3.3.6.jar:?]
	at org.apache.hadoop.ipc.ProtobufRpcEngine2$Server$ProtoBufRpcInvoker.call(ProtobufRpcEngine2.java:573) [hadoop-common-3.3.6.jar:?]
	at org.apache.hadoop.ipc.RPC$Server.call(RPC.java:1227) [hadoop-common-3.3.6.jar:?]
	at org.apache.hadoop.ipc.Server$RpcCall.run(Server.java:1094) [hadoop-common-3.3.6.jar:?]
	at org.apache.hadoop.ipc.Server$RpcCall.run(Server.java:1017) [hadoop-common-3.3.6.jar:?]
	at java.security.AccessController.doPrivileged(Native Method) ~[?:1.8.0_382]
	at javax.security.auth.Subject.doAs(Subject.java:422) [?:1.8.0_382]
	at org.apache.hadoop.security.UserGroupInformation.doAs(UserGroupInformation.java:1899) [hadoop-common-3.3.6.jar:?]
	at org.apache.hadoop.ipc.Server$Handler.run(Server.java:3048) [hadoop-common-3.3.6.jar:?]
20:29:40.893 [IPC Server handler 7 on default port 15057] ERROR OMAudit - user=runner | ip=127.0.0.1 | op=GET_FILE_STATUS {volume=volume62736, bucket=bucket10134, key=gdir1/dir5, dataSize=0, replicationConfig=null} | ret=FAILURE
org.apache.hadoop.ozone.om.exceptions.OMException: Unable to get file status: volume: volume62736 bucket: bucket10134 key: gdir1/dir5
	at org.apache.hadoop.ozone.om.KeyManagerImpl.getOzoneFileStatus(KeyManagerImpl.java:1195) ~[ozone-manager-1.4.0-SNAPSHOT.jar:?]
	at org.apache.hadoop.ozone.om.KeyManagerImpl.getFileStatus(KeyManagerImpl.java:1113) ~[ozone-manager-1.4.0-SNAPSHOT.jar:?]
	at org.apache.hadoop.ozone.om.OmMetadataReader.getFileStatus(OmMetadataReader.java:262) ~[ozone-manager-1.4.0-SNAPSHOT.jar:?]
	at org.apache.hadoop.ozone.om.OzoneManager.getFileStatus(OzoneManager.java:3530) ~[ozone-manager-1.4.0-SNAPSHOT.jar:?]
	at org.apache.hadoop.ozone.protocolPB.OzoneManagerRequestHandler.getOzoneFileStatus(OzoneManagerRequestHandler.java:971) ~[ozone-manager-1.4.0-SNAPSHOT.jar:?]
	at org.apache.hadoop.ozone.protocolPB.OzoneManagerRequestHandler.handleReadRequest(OzoneManagerRequestHandler.java:250) ~[ozone-manager-1.4.0-SNAPSHOT.jar:?]
	at org.apache.hadoop.ozone.protocolPB.OzoneManagerProtocolServerSideTranslatorPB.submitRequestDirectlyToOM(OzoneManagerProtocolServerSideTranslatorPB.java:274) ~[ozone-manager-1.4.0-SNAPSHOT.jar:?]
	at org.apache.hadoop.ozone.protocolPB.OzoneManagerProtocolServerSideTranslatorPB.processRequest(OzoneManagerProtocolServerSideTranslatorPB.java:175) ~[ozone-manager-1.4.0-SNAPSHOT.jar:?]
	at org.apache.hadoop.hdds.server.OzoneProtocolMessageDispatcher.processRequest(OzoneProtocolMessageDispatcher.java:87) [hdds-server-framework-1.4.0-SNAPSHOT.jar:?]
	at org.apache.hadoop.ozone.protocolPB.OzoneManagerProtocolServerSideTranslatorPB.submitRequest(OzoneManagerProtocolServerSideTranslatorPB.java:148) [ozone-manager-1.4.0-SNAPSHOT.jar:?]
	at org.apache.hadoop.ozone.protocol.proto.OzoneManagerProtocolProtos$OzoneManagerService$2.callBlockingMethod(OzoneManagerProtocolProtos.java) [ozone-interface-client-1.4.0-SNAPSHOT.jar:?]
	at org.apache.hadoop.ipc.ProtobufRpcEngine$Server.processCall(ProtobufRpcEngine.java:484) [hadoop-common-3.3.6.jar:?]
	at org.apache.hadoop.ipc.ProtobufRpcEngine2$Server$ProtoBufRpcInvoker.call(ProtobufRpcEngine2.java:595) [hadoop-common-3.3.6.jar:?]
	at org.apache.hadoop.ipc.ProtobufRpcEngine2$Server$ProtoBufRpcInvoker.call(ProtobufRpcEngine2.java:573) [hadoop-common-3.3.6.jar:?]
	at org.apache.hadoop.ipc.RPC$Server.call(RPC.java:1227) [hadoop-common-3.3.6.jar:?]
	at org.apache.hadoop.ipc.Server$RpcCall.run(Server.java:1094) [hadoop-common-3.3.6.jar:?]
	at org.apache.hadoop.ipc.Server$RpcCall.run(Server.java:1017) [hadoop-common-3.3.6.jar:?]
	at java.security.AccessController.doPrivileged(Native Method) ~[?:1.8.0_382]
	at javax.security.auth.Subject.doAs(Subject.java:422) [?:1.8.0_382]
	at org.apache.hadoop.security.UserGroupInformation.doAs(UserGroupInformation.java:1899) [hadoop-common-3.3.6.jar:?]
	at org.apache.hadoop.ipc.Server$Handler.run(Server.java:3048) [hadoop-common-3.3.6.jar:?]
20:29:40.894 [IPC Server handler 5 on default port 15057] ERROR OMAudit - user=runner | ip=127.0.0.1 | op=GET_FILE_STATUS {volume=volume62736, bucket=bucket10134, key=gdir1/dir5/child, dataSize=0, replicationConfig=null} | ret=FAILURE
org.apache.hadoop.ozone.om.exceptions.OMException: Unable to get file status: volume: volume62736 bucket: bucket10134 key: gdir1/dir5/child
	at org.apache.hadoop.ozone.om.KeyManagerImpl.getOzoneFileStatus(KeyManagerImpl.java:1195) ~[ozone-manager-1.4.0-SNAPSHOT.jar:?]
	at org.apache.hadoop.ozone.om.KeyManagerImpl.getFileStatus(KeyManagerImpl.java:1113) ~[ozone-manager-1.4.0-SNAPSHOT.jar:?]
	at org.apache.hadoop.ozone.om.OmMetadataReader.getFileStatus(OmMetadataReader.java:262) ~[ozone-manager-1.4.0-SNAPSHOT.jar:?]
	at org.apache.hadoop.ozone.om.OzoneManager.getFileStatus(OzoneManager.java:3530) ~[ozone-manager-1.4.0-SNAPSHOT.jar:?]
	at org.apache.hadoop.ozone.protocolPB.OzoneManagerRequestHandler.getOzoneFileStatus(OzoneManagerRequestHandler.java:971) ~[ozone-manager-1.4.0-SNAPSHOT.jar:?]
	at org.apache.hadoop.ozone.protocolPB.OzoneManagerRequestHandler.handleReadRequest(OzoneManagerRequestHandler.java:250) ~[ozone-manager-1.4.0-SNAPSHOT.jar:?]
	at org.apache.hadoop.ozone.protocolPB.OzoneManagerProtocolServerSideTranslatorPB.submitRequestDirectlyToOM(OzoneManagerProtocolServerSideTranslatorPB.java:274) ~[ozone-manager-1.4.0-SNAPSHOT.jar:?]
	at org.apache.hadoop.ozone.protocolPB.OzoneManagerProtocolServerSideTranslatorPB.processRequest(OzoneManagerProtocolServerSideTranslatorPB.java:175) ~[ozone-manager-1.4.0-SNAPSHOT.jar:?]
	at org.apache.hadoop.hdds.server.OzoneProtocolMessageDispatcher.processRequest(OzoneProtocolMessageDispatcher.java:87) [hdds-server-framework-1.4.0-SNAPSHOT.jar:?]
	at org.apache.hadoop.ozone.protocolPB.OzoneManagerProtocolServerSideTranslatorPB.submitRequest(OzoneManagerProtocolServerSideTranslatorPB.java:148) [ozone-manager-1.4.0-SNAPSHOT.jar:?]
	at org.apache.hadoop.ozone.protocol.proto.OzoneManagerProtocolProtos$OzoneManagerService$2.callBlockingMethod(OzoneManagerProtocolProtos.java) [ozone-interface-client-1.4.0-SNAPSHOT.jar:?]
	at org.apache.hadoop.ipc.ProtobufRpcEngine$Server.processCall(ProtobufRpcEngine.java:484) [hadoop-common-3.3.6.jar:?]
	at org.apache.hadoop.ipc.ProtobufRpcEngine2$Server$ProtoBufRpcInvoker.call(ProtobufRpcEngine2.java:595) [hadoop-common-3.3.6.jar:?]
	at org.apache.hadoop.ipc.ProtobufRpcEngine2$Server$ProtoBufRpcInvoker.call(ProtobufRpcEngine2.java:573) [hadoop-common-3.3.6.jar:?]
	at org.apache.hadoop.ipc.RPC$Server.call(RPC.java:1227) [hadoop-common-3.3.6.jar:?]
	at org.apache.hadoop.ipc.Server$RpcCall.run(Server.java:1094) [hadoop-common-3.3.6.jar:?]
	at org.apache.hadoop.ipc.Server$RpcCall.run(Server.java:1017) [hadoop-common-3.3.6.jar:?]
	at java.security.AccessController.doPrivileged(Native Method) ~[?:1.8.0_382]
	at javax.security.auth.Subject.doAs(Subject.java:422) [?:1.8.0_382]
	at org.apache.hadoop.security.UserGroupInformation.doAs(UserGroupInformation.java:1899) [hadoop-common-3.3.6.jar:?]
	at org.apache.hadoop.ipc.Server$Handler.run(Server.java:3048) [hadoop-common-3.3.6.jar:?]
20:29:40.896 [IPC Server handler 13 on default port 15057] ERROR OMAudit - user=runner | ip=127.0.0.1 | op=GET_FILE_STATUS {volume=volume62736, bucket=bucket10134, key=gdir1/dir6, dataSize=0, replicationConfig=null} | ret=FAILURE
org.apache.hadoop.ozone.om.exceptions.OMException: Unable to get file status: volume: volume62736 bucket: bucket10134 key: gdir1/dir6
	at org.apache.hadoop.ozone.om.KeyManagerImpl.getOzoneFileStatus(KeyManagerImpl.java:1195) ~[ozone-manager-1.4.0-SNAPSHOT.jar:?]
	at org.apache.hadoop.ozone.om.KeyManagerImpl.getFileStatus(KeyManagerImpl.java:1113) ~[ozone-manager-1.4.0-SNAPSHOT.jar:?]
	at org.apache.hadoop.ozone.om.OmMetadataReader.getFileStatus(OmMetadataReader.java:262) ~[ozone-manager-1.4.0-SNAPSHOT.jar:?]
	at org.apache.hadoop.ozone.om.OzoneManager.getFileStatus(OzoneManager.java:3530) ~[ozone-manager-1.4.0-SNAPSHOT.jar:?]
	at org.apache.hadoop.ozone.protocolPB.OzoneManagerRequestHandler.getOzoneFileStatus(OzoneManagerRequestHandler.java:971) ~[ozone-manager-1.4.0-SNAPSHOT.jar:?]
	at org.apache.hadoop.ozone.protocolPB.OzoneManagerRequestHandler.handleReadRequest(OzoneManagerRequestHandler.java:250) ~[ozone-manager-1.4.0-SNAPSHOT.jar:?]
	at org.apache.hadoop.ozone.protocolPB.OzoneManagerProtocolServerSideTranslatorPB.submitRequestDirectlyToOM(OzoneManagerProtocolServerSideTranslatorPB.java:274) ~[ozone-manager-1.4.0-SNAPSHOT.jar:?]
	at org.apache.hadoop.ozone.protocolPB.OzoneManagerProtocolServerSideTranslatorPB.processRequest(OzoneManagerProtocolServerSideTranslatorPB.java:175) ~[ozone-manager-1.4.0-SNAPSHOT.jar:?]
	at org.apache.hadoop.hdds.server.OzoneProtocolMessageDispatcher.processRequest(OzoneProtocolMessageDispatcher.java:87) [hdds-server-framework-1.4.0-SNAPSHOT.jar:?]
	at org.apache.hadoop.ozone.protocolPB.OzoneManagerProtocolServerSideTranslatorPB.submitRequest(OzoneManagerProtocolServerSideTranslatorPB.java:148) [ozone-manager-1.4.0-SNAPSHOT.jar:?]
	at org.apache.hadoop.ozone.protocol.proto.OzoneManagerProtocolProtos$OzoneManagerService$2.callBlockingMethod(OzoneManagerProtocolProtos.java) [ozone-interface-client-1.4.0-SNAPSHOT.jar:?]
	at org.apache.hadoop.ipc.ProtobufRpcEngine$Server.processCall(ProtobufRpcEngine.java:484) [hadoop-common-3.3.6.jar:?]
	at org.apache.hadoop.ipc.ProtobufRpcEngine2$Server$ProtoBufRpcInvoker.call(ProtobufRpcEngine2.java:595) [hadoop-common-3.3.6.jar:?]
	at org.apache.hadoop.ipc.ProtobufRpcEngine2$Server$ProtoBufRpcInvoker.call(ProtobufRpcEngine2.java:573) [hadoop-common-3.3.6.jar:?]
	at org.apache.hadoop.ipc.RPC$Server.call(RPC.java:1227) [hadoop-common-3.3.6.jar:?]
	at org.apache.hadoop.ipc.Server$RpcCall.run(Server.java:1094) [hadoop-common-3.3.6.jar:?]
	at org.apache.hadoop.ipc.Server$RpcCall.run(Server.java:1017) [hadoop-common-3.3.6.jar:?]
	at java.security.AccessController.doPrivileged(Native Method) ~[?:1.8.0_382]
	at javax.security.auth.Subject.doAs(Subject.java:422) [?:1.8.0_382]
	at org.apache.hadoop.security.UserGroupInformation.doAs(UserGroupInformation.java:1899) [hadoop-common-3.3.6.jar:?]
	at org.apache.hadoop.ipc.Server$Handler.run(Server.java:3048) [hadoop-common-3.3.6.jar:?]
20:29:40.897 [IPC Server handler 11 on default port 15057] ERROR OMAudit - user=runner | ip=127.0.0.1 | op=GET_FILE_STATUS {volume=volume62736, bucket=bucket10134, key=gdir1/dir6/child, dataSize=0, replicationConfig=null} | ret=FAILURE
org.apache.hadoop.ozone.om.exceptions.OMException: Unable to get file status: volume: volume62736 bucket: bucket10134 key: gdir1/dir6/child
	at org.apache.hadoop.ozone.om.KeyManagerImpl.getOzoneFileStatus(KeyManagerImpl.java:1195) ~[ozone-manager-1.4.0-SNAPSHOT.jar:?]
	at org.apache.hadoop.ozone.om.KeyManagerImpl.getFileStatus(KeyManagerImpl.java:1113) ~[ozone-manager-1.4.0-SNAPSHOT.jar:?]
	at org.apache.hadoop.ozone.om.OmMetadataReader.getFileStatus(OmMetadataReader.java:262) ~[ozone-manager-1.4.0-SNAPSHOT.jar:?]
	at org.apache.hadoop.ozone.om.OzoneManager.getFileStatus(OzoneManager.java:3530) ~[ozone-manager-1.4.0-SNAPSHOT.jar:?]
	at org.apache.hadoop.ozone.protocolPB.OzoneManagerRequestHandler.getOzoneFileStatus(OzoneManagerRequestHandler.java:971) ~[ozone-manager-1.4.0-SNAPSHOT.jar:?]
	at org.apache.hadoop.ozone.protocolPB.OzoneManagerRequestHandler.handleReadRequest(OzoneManagerRequestHandler.java:250) ~[ozone-manager-1.4.0-SNAPSHOT.jar:?]
	at org.apache.hadoop.ozone.protocolPB.OzoneManagerProtocolServerSideTranslatorPB.submitRequestDirectlyToOM(OzoneManagerProtocolServerSideTranslatorPB.java:274) ~[ozone-manager-1.4.0-SNAPSHOT.jar:?]
	at org.apache.hadoop.ozone.protocolPB.OzoneManagerProtocolServerSideTranslatorPB.processRequest(OzoneManagerProtocolServerSideTranslatorPB.java:175) ~[ozone-manager-1.4.0-SNAPSHOT.jar:?]
	at org.apache.hadoop.hdds.server.OzoneProtocolMessageDispatcher.processRequest(OzoneProtocolMessageDispatcher.java:87) [hdds-server-framework-1.4.0-SNAPSHOT.jar:?]
	at org.apache.hadoop.ozone.protocolPB.OzoneManagerProtocolServerSideTranslatorPB.submitRequest(OzoneManagerProtocolServerSideTranslatorPB.java:148) [ozone-manager-1.4.0-SNAPSHOT.jar:?]
	at org.apache.hadoop.ozone.protocol.proto.OzoneManagerProtocolProtos$OzoneManagerService$2.callBlockingMethod(OzoneManagerProtocolProtos.java) [ozone-interface-client-1.4.0-SNAPSHOT.jar:?]
	at org.apache.hadoop.ipc.ProtobufRpcEngine$Server.processCall(ProtobufRpcEngine.java:484) [hadoop-common-3.3.6.jar:?]
	at org.apache.hadoop.ipc.ProtobufRpcEngine2$Server$ProtoBufRpcInvoker.call(ProtobufRpcEngine2.java:595) [hadoop-common-3.3.6.jar:?]
	at org.apache.hadoop.ipc.ProtobufRpcEngine2$Server$ProtoBufRpcInvoker.call(ProtobufRpcEngine2.java:573) [hadoop-common-3.3.6.jar:?]
	at org.apache.hadoop.ipc.RPC$Server.call(RPC.java:1227) [hadoop-common-3.3.6.jar:?]
	at org.apache.hadoop.ipc.Server$RpcCall.run(Server.java:1094) [hadoop-common-3.3.6.jar:?]
	at org.apache.hadoop.ipc.Server$RpcCall.run(Server.java:1017) [hadoop-common-3.3.6.jar:?]
	at java.security.AccessController.doPrivileged(Native Method) ~[?:1.8.0_382]
	at javax.security.auth.Subject.doAs(Subject.java:422) [?:1.8.0_382]
	at org.apache.hadoop.security.UserGroupInformation.doAs(UserGroupInformation.java:1899) [hadoop-common-3.3.6.jar:?]
	at org.apache.hadoop.ipc.Server$Handler.run(Server.java:3048) [hadoop-common-3.3.6.jar:?]
20:29:40.898 [IPC Server handler 8 on default port 15057] ERROR OMAudit - user=runner | ip=127.0.0.1 | op=GET_FILE_STATUS {volume=volume62736, bucket=bucket10134, key=gdir1/dir7, dataSize=0, replicationConfig=null} | ret=FAILURE
org.apache.hadoop.ozone.om.exceptions.OMException: Unable to get file status: volume: volume62736 bucket: bucket10134 key: gdir1/dir7
	at org.apache.hadoop.ozone.om.KeyManagerImpl.getOzoneFileStatus(KeyManagerImpl.java:1195) ~[ozone-manager-1.4.0-SNAPSHOT.jar:?]
	at org.apache.hadoop.ozone.om.KeyManagerImpl.getFileStatus(KeyManagerImpl.java:1113) ~[ozone-manager-1.4.0-SNAPSHOT.jar:?]
	at org.apache.hadoop.ozone.om.OmMetadataReader.getFileStatus(OmMetadataReader.java:262) ~[ozone-manager-1.4.0-SNAPSHOT.jar:?]
	at org.apache.hadoop.ozone.om.OzoneManager.getFileStatus(OzoneManager.java:3530) ~[ozone-manager-1.4.0-SNAPSHOT.jar:?]
	at org.apache.hadoop.ozone.protocolPB.OzoneManagerRequestHandler.getOzoneFileStatus(OzoneManagerRequestHandler.java:971) ~[ozone-manager-1.4.0-SNAPSHOT.jar:?]
	at org.apache.hadoop.ozone.protocolPB.OzoneManagerRequestHandler.handleReadRequest(OzoneManagerRequestHandler.java:250) ~[ozone-manager-1.4.0-SNAPSHOT.jar:?]
	at org.apache.hadoop.ozone.protocolPB.OzoneManagerProtocolServerSideTranslatorPB.submitRequestDirectlyToOM(OzoneManagerProtocolServerSideTranslatorPB.java:274) ~[ozone-manager-1.4.0-SNAPSHOT.jar:?]
	at org.apache.hadoop.ozone.protocolPB.OzoneManagerProtocolServerSideTranslatorPB.processRequest(OzoneManagerProtocolServerSideTranslatorPB.java:175) ~[ozone-manager-1.4.0-SNAPSHOT.jar:?]
	at org.apache.hadoop.hdds.server.OzoneProtocolMessageDispatcher.processRequest(OzoneProtocolMessageDispatcher.java:87) [hdds-server-framework-1.4.0-SNAPSHOT.jar:?]
	at org.apache.hadoop.ozone.protocolPB.OzoneManagerProtocolServerSideTranslatorPB.submitRequest(OzoneManagerProtocolServerSideTranslatorPB.java:148) [ozone-manager-1.4.0-SNAPSHOT.jar:?]
	at org.apache.hadoop.ozone.protocol.proto.OzoneManagerProtocolProtos$OzoneManagerService$2.callBlockingMethod(OzoneManagerProtocolProtos.java) [ozone-interface-client-1.4.0-SNAPSHOT.jar:?]
	at org.apache.hadoop.ipc.ProtobufRpcEngine$Server.processCall(ProtobufRpcEngine.java:484) [hadoop-common-3.3.6.jar:?]
	at org.apache.hadoop.ipc.ProtobufRpcEngine2$Server$ProtoBufRpcInvoker.call(ProtobufRpcEngine2.java:595) [hadoop-common-3.3.6.jar:?]
	at org.apache.hadoop.ipc.ProtobufRpcEngine2$Server$ProtoBufRpcInvoker.call(ProtobufRpcEngine2.java:573) [hadoop-common-3.3.6.jar:?]
	at org.apache.hadoop.ipc.RPC$Server.call(RPC.java:1227) [hadoop-common-3.3.6.jar:?]
	at org.apache.hadoop.ipc.Server$RpcCall.run(Server.java:1094) [hadoop-common-3.3.6.jar:?]
	at org.apache.hadoop.ipc.Server$RpcCall.run(Server.java:1017) [hadoop-common-3.3.6.jar:?]
	at java.security.AccessController.doPrivileged(Native Method) ~[?:1.8.0_382]
	at javax.security.auth.Subject.doAs(Subject.java:422) [?:1.8.0_382]
	at org.apache.hadoop.security.UserGroupInformation.doAs(UserGroupInformation.java:1899) [hadoop-common-3.3.6.jar:?]
	at org.apache.hadoop.ipc.Server$Handler.run(Server.java:3048) [hadoop-common-3.3.6.jar:?]
20:29:40.899 [IPC Server handler 10 on default port 15057] ERROR OMAudit - user=runner | ip=127.0.0.1 | op=GET_FILE_STATUS {volume=volume62736, bucket=bucket10134, key=gdir1/dir7/child, dataSize=0, replicationConfig=null} | ret=FAILURE
org.apache.hadoop.ozone.om.exceptions.OMException: Unable to get file status: volume: volume62736 bucket: bucket10134 key: gdir1/dir7/child
	at org.apache.hadoop.ozone.om.KeyManagerImpl.getOzoneFileStatus(KeyManagerImpl.java:1195) ~[ozone-manager-1.4.0-SNAPSHOT.jar:?]
	at org.apache.hadoop.ozone.om.KeyManagerImpl.getFileStatus(KeyManagerImpl.java:1113) ~[ozone-manager-1.4.0-SNAPSHOT.jar:?]
	at org.apache.hadoop.ozone.om.OmMetadataReader.getFileStatus(OmMetadataReader.java:262) ~[ozone-manager-1.4.0-SNAPSHOT.jar:?]
	at org.apache.hadoop.ozone.om.OzoneManager.getFileStatus(OzoneManager.java:3530) ~[ozone-manager-1.4.0-SNAPSHOT.jar:?]
	at org.apache.hadoop.ozone.protocolPB.OzoneManagerRequestHandler.getOzoneFileStatus(OzoneManagerRequestHandler.java:971) ~[ozone-manager-1.4.0-SNAPSHOT.jar:?]
	at org.apache.hadoop.ozone.protocolPB.OzoneManagerRequestHandler.handleReadRequest(OzoneManagerRequestHandler.java:250) ~[ozone-manager-1.4.0-SNAPSHOT.jar:?]
	at org.apache.hadoop.ozone.protocolPB.OzoneManagerProtocolServerSideTranslatorPB.submitRequestDirectlyToOM(OzoneManagerProtocolServerSideTranslatorPB.java:274) ~[ozone-manager-1.4.0-SNAPSHOT.jar:?]
	at org.apache.hadoop.ozone.protocolPB.OzoneManagerProtocolServerSideTranslatorPB.processRequest(OzoneManagerProtocolServerSideTranslatorPB.java:175) ~[ozone-manager-1.4.0-SNAPSHOT.jar:?]
	at org.apache.hadoop.hdds.server.OzoneProtocolMessageDispatcher.processRequest(OzoneProtocolMessageDispatcher.java:87) [hdds-server-framework-1.4.0-SNAPSHOT.jar:?]
	at org.apache.hadoop.ozone.protocolPB.OzoneManagerProtocolServerSideTranslatorPB.submitRequest(OzoneManagerProtocolServerSideTranslatorPB.java:148) [ozone-manager-1.4.0-SNAPSHOT.jar:?]
	at org.apache.hadoop.ozone.protocol.proto.OzoneManagerProtocolProtos$OzoneManagerService$2.callBlockingMethod(OzoneManagerProtocolProtos.java) [ozone-interface-client-1.4.0-SNAPSHOT.jar:?]
	at org.apache.hadoop.ipc.ProtobufRpcEngine$Server.processCall(ProtobufRpcEngine.java:484) [hadoop-common-3.3.6.jar:?]
	at org.apache.hadoop.ipc.ProtobufRpcEngine2$Server$ProtoBufRpcInvoker.call(ProtobufRpcEngine2.java:595) [hadoop-common-3.3.6.jar:?]
	at org.apache.hadoop.ipc.ProtobufRpcEngine2$Server$ProtoBufRpcInvoker.call(ProtobufRpcEngine2.java:573) [hadoop-common-3.3.6.jar:?]
	at org.apache.hadoop.ipc.RPC$Server.call(RPC.java:1227) [hadoop-common-3.3.6.jar:?]
	at org.apache.hadoop.ipc.Server$RpcCall.run(Server.java:1094) [hadoop-common-3.3.6.jar:?]
	at org.apache.hadoop.ipc.Server$RpcCall.run(Server.java:1017) [hadoop-common-3.3.6.jar:?]
	at java.security.AccessController.doPrivileged(Native Method) ~[?:1.8.0_382]
	at javax.security.auth.Subject.doAs(Subject.java:422) [?:1.8.0_382]
	at org.apache.hadoop.security.UserGroupInformation.doAs(UserGroupInformation.java:1899) [hadoop-common-3.3.6.jar:?]
	at org.apache.hadoop.ipc.Server$Handler.run(Server.java:3048) [hadoop-common-3.3.6.jar:?]
20:29:40.901 [IPC Server handler 6 on default port 15057] ERROR OMAudit - user=runner | ip=127.0.0.1 | op=GET_FILE_STATUS {volume=volume62736, bucket=bucket10134, key=gdir1/dir8, dataSize=0, replicationConfig=null} | ret=FAILURE
org.apache.hadoop.ozone.om.exceptions.OMException: Unable to get file status: volume: volume62736 bucket: bucket10134 key: gdir1/dir8
	at org.apache.hadoop.ozone.om.KeyManagerImpl.getOzoneFileStatus(KeyManagerImpl.java:1195) ~[ozone-manager-1.4.0-SNAPSHOT.jar:?]
	at org.apache.hadoop.ozone.om.KeyManagerImpl.getFileStatus(KeyManagerImpl.java:1113) ~[ozone-manager-1.4.0-SNAPSHOT.jar:?]
	at org.apache.hadoop.ozone.om.OmMetadataReader.getFileStatus(OmMetadataReader.java:262) ~[ozone-manager-1.4.0-SNAPSHOT.jar:?]
	at org.apache.hadoop.ozone.om.OzoneManager.getFileStatus(OzoneManager.java:3530) ~[ozone-manager-1.4.0-SNAPSHOT.jar:?]
	at org.apache.hadoop.ozone.protocolPB.OzoneManagerRequestHandler.getOzoneFileStatus(OzoneManagerRequestHandler.java:971) ~[ozone-manager-1.4.0-SNAPSHOT.jar:?]
	at org.apache.hadoop.ozone.protocolPB.OzoneManagerRequestHandler.handleReadRequest(OzoneManagerRequestHandler.java:250) ~[ozone-manager-1.4.0-SNAPSHOT.jar:?]
	at org.apache.hadoop.ozone.protocolPB.OzoneManagerProtocolServerSideTranslatorPB.submitRequestDirectlyToOM(OzoneManagerProtocolServerSideTranslatorPB.java:274) ~[ozone-manager-1.4.0-SNAPSHOT.jar:?]
	at org.apache.hadoop.ozone.protocolPB.OzoneManagerProtocolServerSideTranslatorPB.processRequest(OzoneManagerProtocolServerSideTranslatorPB.java:175) ~[ozone-manager-1.4.0-SNAPSHOT.jar:?]
	at org.apache.hadoop.hdds.server.OzoneProtocolMessageDispatcher.processRequest(OzoneProtocolMessageDispatcher.java:87) [hdds-server-framework-1.4.0-SNAPSHOT.jar:?]
	at org.apache.hadoop.ozone.protocolPB.OzoneManagerProtocolServerSideTranslatorPB.submitRequest(OzoneManagerProtocolServerSideTranslatorPB.java:148) [ozone-manager-1.4.0-SNAPSHOT.jar:?]
	at org.apache.hadoop.ozone.protocol.proto.OzoneManagerProtocolProtos$OzoneManagerService$2.callBlockingMethod(OzoneManagerProtocolProtos.java) [ozone-interface-client-1.4.0-SNAPSHOT.jar:?]
	at org.apache.hadoop.ipc.ProtobufRpcEngine$Server.processCall(ProtobufRpcEngine.java:484) [hadoop-common-3.3.6.jar:?]
	at org.apache.hadoop.ipc.ProtobufRpcEngine2$Server$ProtoBufRpcInvoker.call(ProtobufRpcEngine2.java:595) [hadoop-common-3.3.6.jar:?]
	at org.apache.hadoop.ipc.ProtobufRpcEngine2$Server$ProtoBufRpcInvoker.call(ProtobufRpcEngine2.java:573) [hadoop-common-3.3.6.jar:?]
	at org.apache.hadoop.ipc.RPC$Server.call(RPC.java:1227) [hadoop-common-3.3.6.jar:?]
	at org.apache.hadoop.ipc.Server$RpcCall.run(Server.java:1094) [hadoop-common-3.3.6.jar:?]
	at org.apache.hadoop.ipc.Server$RpcCall.run(Server.java:1017) [hadoop-common-3.3.6.jar:?]
	at java.security.AccessController.doPrivileged(Native Method) ~[?:1.8.0_382]
	at javax.security.auth.Subject.doAs(Subject.java:422) [?:1.8.0_382]
	at org.apache.hadoop.security.UserGroupInformation.doAs(UserGroupInformation.java:1899) [hadoop-common-3.3.6.jar:?]
	at org.apache.hadoop.ipc.Server$Handler.run(Server.java:3048) [hadoop-common-3.3.6.jar:?]
20:29:40.904 [IPC Server handler 2 on default port 15057] ERROR OMAudit - user=runner | ip=127.0.0.1 | op=GET_FILE_STATUS {volume=volume62736, bucket=bucket10134, key=gdir1/dir8/child, dataSize=0, replicationConfig=null} | ret=FAILURE
org.apache.hadoop.ozone.om.exceptions.OMException: Unable to get file status: volume: volume62736 bucket: bucket10134 key: gdir1/dir8/child
	at org.apache.hadoop.ozone.om.KeyManagerImpl.getOzoneFileStatus(KeyManagerImpl.java:1195) ~[ozone-manager-1.4.0-SNAPSHOT.jar:?]
	at org.apache.hadoop.ozone.om.KeyManagerImpl.getFileStatus(KeyManagerImpl.java:1113) ~[ozone-manager-1.4.0-SNAPSHOT.jar:?]
	at org.apache.hadoop.ozone.om.OmMetadataReader.getFileStatus(OmMetadataReader.java:262) ~[ozone-manager-1.4.0-SNAPSHOT.jar:?]
	at org.apache.hadoop.ozone.om.OzoneManager.getFileStatus(OzoneManager.java:3530) ~[ozone-manager-1.4.0-SNAPSHOT.jar:?]
	at org.apache.hadoop.ozone.protocolPB.OzoneManagerRequestHandler.getOzoneFileStatus(OzoneManagerRequestHandler.java:971) ~[ozone-manager-1.4.0-SNAPSHOT.jar:?]
	at org.apache.hadoop.ozone.protocolPB.OzoneManagerRequestHandler.handleReadRequest(OzoneManagerRequestHandler.java:250) ~[ozone-manager-1.4.0-SNAPSHOT.jar:?]
	at org.apache.hadoop.ozone.protocolPB.OzoneManagerProtocolServerSideTranslatorPB.submitRequestDirectlyToOM(OzoneManagerProtocolServerSideTranslatorPB.java:274) ~[ozone-manager-1.4.0-SNAPSHOT.jar:?]
	at org.apache.hadoop.ozone.protocolPB.OzoneManagerProtocolServerSideTranslatorPB.processRequest(OzoneManagerProtocolServerSideTranslatorPB.java:175) ~[ozone-manager-1.4.0-SNAPSHOT.jar:?]
	at org.apache.hadoop.hdds.server.OzoneProtocolMessageDispatcher.processRequest(OzoneProtocolMessageDispatcher.java:87) [hdds-server-framework-1.4.0-SNAPSHOT.jar:?]
	at org.apache.hadoop.ozone.protocolPB.OzoneManagerProtocolServerSideTranslatorPB.submitRequest(OzoneManagerProtocolServerSideTranslatorPB.java:148) [ozone-manager-1.4.0-SNAPSHOT.jar:?]
	at org.apache.hadoop.ozone.protocol.proto.OzoneManagerProtocolProtos$OzoneManagerService$2.callBlockingMethod(OzoneManagerProtocolProtos.java) [ozone-interface-client-1.4.0-SNAPSHOT.jar:?]
	at org.apache.hadoop.ipc.ProtobufRpcEngine$Server.processCall(ProtobufRpcEngine.java:484) [hadoop-common-3.3.6.jar:?]
	at org.apache.hadoop.ipc.ProtobufRpcEngine2$Server$ProtoBufRpcInvoker.call(ProtobufRpcEngine2.java:595) [hadoop-common-3.3.6.jar:?]
	at org.apache.hadoop.ipc.ProtobufRpcEngine2$Server$ProtoBufRpcInvoker.call(ProtobufRpcEngine2.java:573) [hadoop-common-3.3.6.jar:?]
	at org.apache.hadoop.ipc.RPC$Server.call(RPC.java:1227) [hadoop-common-3.3.6.jar:?]
	at org.apache.hadoop.ipc.Server$RpcCall.run(Server.java:1094) [hadoop-common-3.3.6.jar:?]
	at org.apache.hadoop.ipc.Server$RpcCall.run(Server.java:1017) [hadoop-common-3.3.6.jar:?]
	at java.security.AccessController.doPrivileged(Native Method) ~[?:1.8.0_382]
	at javax.security.auth.Subject.doAs(Subject.java:422) [?:1.8.0_382]
	at org.apache.hadoop.security.UserGroupInformation.doAs(UserGroupInformation.java:1899) [hadoop-common-3.3.6.jar:?]
	at org.apache.hadoop.ipc.Server$Handler.run(Server.java:3048) [hadoop-common-3.3.6.jar:?]
20:29:40.905 [IPC Server handler 14 on default port 15057] ERROR OMAudit - user=runner | ip=127.0.0.1 | op=GET_FILE_STATUS {volume=volume62736, bucket=bucket10134, key=gdir1/dir9, dataSize=0, replicationConfig=null} | ret=FAILURE
org.apache.hadoop.ozone.om.exceptions.OMException: Unable to get file status: volume: volume62736 bucket: bucket10134 key: gdir1/dir9
	at org.apache.hadoop.ozone.om.KeyManagerImpl.getOzoneFileStatus(KeyManagerImpl.java:1195) ~[ozone-manager-1.4.0-SNAPSHOT.jar:?]
	at org.apache.hadoop.ozone.om.KeyManagerImpl.getFileStatus(KeyManagerImpl.java:1113) ~[ozone-manager-1.4.0-SNAPSHOT.jar:?]
	at org.apache.hadoop.ozone.om.OmMetadataReader.getFileStatus(OmMetadataReader.java:262) ~[ozone-manager-1.4.0-SNAPSHOT.jar:?]
	at org.apache.hadoop.ozone.om.OzoneManager.getFileStatus(OzoneManager.java:3530) ~[ozone-manager-1.4.0-SNAPSHOT.jar:?]
	at org.apache.hadoop.ozone.protocolPB.OzoneManagerRequestHandler.getOzoneFileStatus(OzoneManagerRequestHandler.java:971) ~[ozone-manager-1.4.0-SNAPSHOT.jar:?]
	at org.apache.hadoop.ozone.protocolPB.OzoneManagerRequestHandler.handleReadRequest(OzoneManagerRequestHandler.java:250) ~[ozone-manager-1.4.0-SNAPSHOT.jar:?]
	at org.apache.hadoop.ozone.protocolPB.OzoneManagerProtocolServerSideTranslatorPB.submitRequestDirectlyToOM(OzoneManagerProtocolServerSideTranslatorPB.java:274) ~[ozone-manager-1.4.0-SNAPSHOT.jar:?]
	at org.apache.hadoop.ozone.protocolPB.OzoneManagerProtocolServerSideTranslatorPB.processRequest(OzoneManagerProtocolServerSideTranslatorPB.java:175) ~[ozone-manager-1.4.0-SNAPSHOT.jar:?]
	at org.apache.hadoop.hdds.server.OzoneProtocolMessageDispatcher.processRequest(OzoneProtocolMessageDispatcher.java:87) [hdds-server-framework-1.4.0-SNAPSHOT.jar:?]
	at org.apache.hadoop.ozone.protocolPB.OzoneManagerProtocolServerSideTranslatorPB.submitRequest(OzoneManagerProtocolServerSideTranslatorPB.java:148) [ozone-manager-1.4.0-SNAPSHOT.jar:?]
	at org.apache.hadoop.ozone.protocol.proto.OzoneManagerProtocolProtos$OzoneManagerService$2.callBlockingMethod(OzoneManagerProtocolProtos.java) [ozone-interface-client-1.4.0-SNAPSHOT.jar:?]
	at org.apache.hadoop.ipc.ProtobufRpcEngine$Server.processCall(ProtobufRpcEngine.java:484) [hadoop-common-3.3.6.jar:?]
	at org.apache.hadoop.ipc.ProtobufRpcEngine2$Server$ProtoBufRpcInvoker.call(ProtobufRpcEngine2.java:595) [hadoop-common-3.3.6.jar:?]
	at org.apache.hadoop.ipc.ProtobufRpcEngine2$Server$ProtoBufRpcInvoker.call(ProtobufRpcEngine2.java:573) [hadoop-common-3.3.6.jar:?]
	at org.apache.hadoop.ipc.RPC$Server.call(RPC.java:1227) [hadoop-common-3.3.6.jar:?]
	at org.apache.hadoop.ipc.Server$RpcCall.run(Server.java:1094) [hadoop-common-3.3.6.jar:?]
	at org.apache.hadoop.ipc.Server$RpcCall.run(Server.java:1017) [hadoop-common-3.3.6.jar:?]
	at java.security.AccessController.doPrivileged(Native Method) ~[?:1.8.0_382]
	at javax.security.auth.Subject.doAs(Subject.java:422) [?:1.8.0_382]
	at org.apache.hadoop.security.UserGroupInformation.doAs(UserGroupInformation.java:1899) [hadoop-common-3.3.6.jar:?]
	at org.apache.hadoop.ipc.Server$Handler.run(Server.java:3048) [hadoop-common-3.3.6.jar:?]
20:29:40.907 [IPC Server handler 1 on default port 15057] ERROR OMAudit - user=runner | ip=127.0.0.1 | op=GET_FILE_STATUS {volume=volume62736, bucket=bucket10134, key=gdir1/dir9/child, dataSize=0, replicationConfig=null} | ret=FAILURE
org.apache.hadoop.ozone.om.exceptions.OMException: Unable to get file status: volume: volume62736 bucket: bucket10134 key: gdir1/dir9/child
	at org.apache.hadoop.ozone.om.KeyManagerImpl.getOzoneFileStatus(KeyManagerImpl.java:1195) ~[ozone-manager-1.4.0-SNAPSHOT.jar:?]
	at org.apache.hadoop.ozone.om.KeyManagerImpl.getFileStatus(KeyManagerImpl.java:1113) ~[ozone-manager-1.4.0-SNAPSHOT.jar:?]
	at org.apache.hadoop.ozone.om.OmMetadataReader.getFileStatus(OmMetadataReader.java:262) ~[ozone-manager-1.4.0-SNAPSHOT.jar:?]
	at org.apache.hadoop.ozone.om.OzoneManager.getFileStatus(OzoneManager.java:3530) ~[ozone-manager-1.4.0-SNAPSHOT.jar:?]
	at org.apache.hadoop.ozone.protocolPB.OzoneManagerRequestHandler.getOzoneFileStatus(OzoneManagerRequestHandler.java:971) ~[ozone-manager-1.4.0-SNAPSHOT.jar:?]
	at org.apache.hadoop.ozone.protocolPB.OzoneManagerRequestHandler.handleReadRequest(OzoneManagerRequestHandler.java:250) ~[ozone-manager-1.4.0-SNAPSHOT.jar:?]
	at org.apache.hadoop.ozone.protocolPB.OzoneManagerProtocolServerSideTranslatorPB.submitRequestDirectlyToOM(OzoneManagerProtocolServerSideTranslatorPB.java:274) ~[ozone-manager-1.4.0-SNAPSHOT.jar:?]
	at org.apache.hadoop.ozone.protocolPB.OzoneManagerProtocolServerSideTranslatorPB.processRequest(OzoneManagerProtocolServerSideTranslatorPB.java:175) ~[ozone-manager-1.4.0-SNAPSHOT.jar:?]
	at org.apache.hadoop.hdds.server.OzoneProtocolMessageDispatcher.processRequest(OzoneProtocolMessageDispatcher.java:87) [hdds-server-framework-1.4.0-SNAPSHOT.jar:?]
	at org.apache.hadoop.ozone.protocolPB.OzoneManagerProtocolServerSideTranslatorPB.submitRequest(OzoneManagerProtocolServerSideTranslatorPB.java:148) [ozone-manager-1.4.0-SNAPSHOT.jar:?]
	at org.apache.hadoop.ozone.protocol.proto.OzoneManagerProtocolProtos$OzoneManagerService$2.callBlockingMethod(OzoneManagerProtocolProtos.java) [ozone-interface-client-1.4.0-SNAPSHOT.jar:?]
	at org.apache.hadoop.ipc.ProtobufRpcEngine$Server.processCall(ProtobufRpcEngine.java:484) [hadoop-common-3.3.6.jar:?]
	at org.apache.hadoop.ipc.ProtobufRpcEngine2$Server$ProtoBufRpcInvoker.call(ProtobufRpcEngine2.java:595) [hadoop-common-3.3.6.jar:?]
	at org.apache.hadoop.ipc.ProtobufRpcEngine2$Server$ProtoBufRpcInvoker.call(ProtobufRpcEngine2.java:573) [hadoop-common-3.3.6.jar:?]
	at org.apache.hadoop.ipc.RPC$Server.call(RPC.java:1227) [hadoop-common-3.3.6.jar:?]
	at org.apache.hadoop.ipc.Server$RpcCall.run(Server.java:1094) [hadoop-common-3.3.6.jar:?]
	at org.apache.hadoop.ipc.Server$RpcCall.run(Server.java:1017) [hadoop-common-3.3.6.jar:?]
	at java.security.AccessController.doPrivileged(Native Method) ~[?:1.8.0_382]
	at javax.security.auth.Subject.doAs(Subject.java:422) [?:1.8.0_382]
	at org.apache.hadoop.security.UserGroupInformation.doAs(UserGroupInformation.java:1899) [hadoop-common-3.3.6.jar:?]
	at org.apache.hadoop.ipc.Server$Handler.run(Server.java:3048) [hadoop-common-3.3.6.jar:?]
20:29:40.908 [IPC Server handler 0 on default port 15057] ERROR OMAudit - user=runner | ip=127.0.0.1 | op=GET_FILE_STATUS {volume=volume62736, bucket=bucket10134, key=gdir1/dir10, dataSize=0, replicationConfig=null} | ret=FAILURE
org.apache.hadoop.ozone.om.exceptions.OMException: Unable to get file status: volume: volume62736 bucket: bucket10134 key: gdir1/dir10
	at org.apache.hadoop.ozone.om.KeyManagerImpl.getOzoneFileStatus(KeyManagerImpl.java:1195) ~[ozone-manager-1.4.0-SNAPSHOT.jar:?]
	at org.apache.hadoop.ozone.om.KeyManagerImpl.getFileStatus(KeyManagerImpl.java:1113) ~[ozone-manager-1.4.0-SNAPSHOT.jar:?]
	at org.apache.hadoop.ozone.om.OmMetadataReader.getFileStatus(OmMetadataReader.java:262) ~[ozone-manager-1.4.0-SNAPSHOT.jar:?]
	at org.apache.hadoop.ozone.om.OzoneManager.getFileStatus(OzoneManager.java:3530) ~[ozone-manager-1.4.0-SNAPSHOT.jar:?]
	at org.apache.hadoop.ozone.protocolPB.OzoneManagerRequestHandler.getOzoneFileStatus(OzoneManagerRequestHandler.java:971) ~[ozone-manager-1.4.0-SNAPSHOT.jar:?]
	at org.apache.hadoop.ozone.protocolPB.OzoneManagerRequestHandler.handleReadRequest(OzoneManagerRequestHandler.java:250) ~[ozone-manager-1.4.0-SNAPSHOT.jar:?]
	at org.apache.hadoop.ozone.protocolPB.OzoneManagerProtocolServerSideTranslatorPB.submitRequestDirectlyToOM(OzoneManagerProtocolServerSideTranslatorPB.java:274) ~[ozone-manager-1.4.0-SNAPSHOT.jar:?]
	at org.apache.hadoop.ozone.protocolPB.OzoneManagerProtocolServerSideTranslatorPB.processRequest(OzoneManagerProtocolServerSideTranslatorPB.java:175) ~[ozone-manager-1.4.0-SNAPSHOT.jar:?]
	at org.apache.hadoop.hdds.server.OzoneProtocolMessageDispatcher.processRequest(OzoneProtocolMessageDispatcher.java:87) [hdds-server-framework-1.4.0-SNAPSHOT.jar:?]
	at org.apache.hadoop.ozone.protocolPB.OzoneManagerProtocolServerSideTranslatorPB.submitRequest(OzoneManagerProtocolServerSideTranslatorPB.java:148) [ozone-manager-1.4.0-SNAPSHOT.jar:?]
	at org.apache.hadoop.ozone.protocol.proto.OzoneManagerProtocolProtos$OzoneManagerService$2.callBlockingMethod(OzoneManagerProtocolProtos.java) [ozone-interface-client-1.4.0-SNAPSHOT.jar:?]
	at org.apache.hadoop.ipc.ProtobufRpcEngine$Server.processCall(ProtobufRpcEngine.java:484) [hadoop-common-3.3.6.jar:?]
	at org.apache.hadoop.ipc.ProtobufRpcEngine2$Server$ProtoBufRpcInvoker.call(ProtobufRpcEngine2.java:595) [hadoop-common-3.3.6.jar:?]
	at org.apache.hadoop.ipc.ProtobufRpcEngine2$Server$ProtoBufRpcInvoker.call(ProtobufRpcEngine2.java:573) [hadoop-common-3.3.6.jar:?]
	at org.apache.hadoop.ipc.RPC$Server.call(RPC.java:1227) [hadoop-common-3.3.6.jar:?]
	at org.apache.hadoop.ipc.Server$RpcCall.run(Server.java:1094) [hadoop-common-3.3.6.jar:?]
	at org.apache.hadoop.ipc.Server$RpcCall.run(Server.java:1017) [hadoop-common-3.3.6.jar:?]
	at java.security.AccessController.doPrivileged(Native Method) ~[?:1.8.0_382]
	at javax.security.auth.Subject.doAs(Subject.java:422) [?:1.8.0_382]
	at org.apache.hadoop.security.UserGroupInformation.doAs(UserGroupInformation.java:1899) [hadoop-common-3.3.6.jar:?]
	at org.apache.hadoop.ipc.Server$Handler.run(Server.java:3048) [hadoop-common-3.3.6.jar:?]
20:29:40.909 [IPC Server handler 4 on default port 15057] ERROR OMAudit - user=runner | ip=127.0.0.1 | op=GET_FILE_STATUS {volume=volume62736, bucket=bucket10134, key=gdir1/dir10/child, dataSize=0, replicationConfig=null} | ret=FAILURE
org.apache.hadoop.ozone.om.exceptions.OMException: Unable to get file status: volume: volume62736 bucket: bucket10134 key: gdir1/dir10/child
	at org.apache.hadoop.ozone.om.KeyManagerImpl.getOzoneFileStatus(KeyManagerImpl.java:1195) ~[ozone-manager-1.4.0-SNAPSHOT.jar:?]
	at org.apache.hadoop.ozone.om.KeyManagerImpl.getFileStatus(KeyManagerImpl.java:1113) ~[ozone-manager-1.4.0-SNAPSHOT.jar:?]
	at org.apache.hadoop.ozone.om.OmMetadataReader.getFileStatus(OmMetadataReader.java:262) ~[ozone-manager-1.4.0-SNAPSHOT.jar:?]
	at org.apache.hadoop.ozone.om.OzoneManager.getFileStatus(OzoneManager.java:3530) ~[ozone-manager-1.4.0-SNAPSHOT.jar:?]
	at org.apache.hadoop.ozone.protocolPB.OzoneManagerRequestHandler.getOzoneFileStatus(OzoneManagerRequestHandler.java:971) ~[ozone-manager-1.4.0-SNAPSHOT.jar:?]
	at org.apache.hadoop.ozone.protocolPB.OzoneManagerRequestHandler.handleReadRequest(OzoneManagerRequestHandler.java:250) ~[ozone-manager-1.4.0-SNAPSHOT.jar:?]
	at org.apache.hadoop.ozone.protocolPB.OzoneManagerProtocolServerSideTranslatorPB.submitRequestDirectlyToOM(OzoneManagerProtocolServerSideTranslatorPB.java:274) ~[ozone-manager-1.4.0-SNAPSHOT.jar:?]
	at org.apache.hadoop.ozone.protocolPB.OzoneManagerProtocolServerSideTranslatorPB.processRequest(OzoneManagerProtocolServerSideTranslatorPB.java:175) ~[ozone-manager-1.4.0-SNAPSHOT.jar:?]
	at org.apache.hadoop.hdds.server.OzoneProtocolMessageDispatcher.processRequest(OzoneProtocolMessageDispatcher.java:87) [hdds-server-framework-1.4.0-SNAPSHOT.jar:?]
	at org.apache.hadoop.ozone.protocolPB.OzoneManagerProtocolServerSideTranslatorPB.submitRequest(OzoneManagerProtocolServerSideTranslatorPB.java:148) [ozone-manager-1.4.0-SNAPSHOT.jar:?]
	at org.apache.hadoop.ozone.protocol.proto.OzoneManagerProtocolProtos$OzoneManagerService$2.callBlockingMethod(OzoneManagerProtocolProtos.java) [ozone-interface-client-1.4.0-SNAPSHOT.jar:?]
	at org.apache.hadoop.ipc.ProtobufRpcEngine$Server.processCall(ProtobufRpcEngine.java:484) [hadoop-common-3.3.6.jar:?]
	at org.apache.hadoop.ipc.ProtobufRpcEngine2$Server$ProtoBufRpcInvoker.call(ProtobufRpcEngine2.java:595) [hadoop-common-3.3.6.jar:?]
	at org.apache.hadoop.ipc.ProtobufRpcEngine2$Server$ProtoBufRpcInvoker.call(ProtobufRpcEngine2.java:573) [hadoop-common-3.3.6.jar:?]
	at org.apache.hadoop.ipc.RPC$Server.call(RPC.java:1227) [hadoop-common-3.3.6.jar:?]
	at org.apache.hadoop.ipc.Server$RpcCall.run(Server.java:1094) [hadoop-common-3.3.6.jar:?]
	at org.apache.hadoop.ipc.Server$RpcCall.run(Server.java:1017) [hadoop-common-3.3.6.jar:?]
	at java.security.AccessController.doPrivileged(Native Method) ~[?:1.8.0_382]
	at javax.security.auth.Subject.doAs(Subject.java:422) [?:1.8.0_382]
	at org.apache.hadoop.security.UserGroupInformation.doAs(UserGroupInformation.java:1899) [hadoop-common-3.3.6.jar:?]
	at org.apache.hadoop.ipc.Server$Handler.run(Server.java:3048) [hadoop-common-3.3.6.jar:?]
20:29:41.002 [IPC Server handler 10 on default port 15057] ERROR OMAudit - user=runner | ip=127.0.0.1 | op=GET_FILE_STATUS {volume=volume62736, bucket=bucket10134, key=level0, dataSize=0, replicationConfig=null} | ret=FAILURE
org.apache.hadoop.ozone.om.exceptions.OMException: Unable to get file status: volume: volume62736 bucket: bucket10134 key: level0
	at org.apache.hadoop.ozone.om.KeyManagerImpl.getOzoneFileStatus(KeyManagerImpl.java:1195) ~[ozone-manager-1.4.0-SNAPSHOT.jar:?]
	at org.apache.hadoop.ozone.om.KeyManagerImpl.getFileStatus(KeyManagerImpl.java:1113) ~[ozone-manager-1.4.0-SNAPSHOT.jar:?]
	at org.apache.hadoop.ozone.om.OmMetadataReader.getFileStatus(OmMetadataReader.java:262) ~[ozone-manager-1.4.0-SNAPSHOT.jar:?]
	at org.apache.hadoop.ozone.om.OzoneManager.getFileStatus(OzoneManager.java:3530) ~[ozone-manager-1.4.0-SNAPSHOT.jar:?]
	at org.apache.hadoop.ozone.protocolPB.OzoneManagerRequestHandler.getOzoneFileStatus(OzoneManagerRequestHandler.java:971) ~[ozone-manager-1.4.0-SNAPSHOT.jar:?]
	at org.apache.hadoop.ozone.protocolPB.OzoneManagerRequestHandler.handleReadRequest(OzoneManagerRequestHandler.java:250) ~[ozone-manager-1.4.0-SNAPSHOT.jar:?]
	at org.apache.hadoop.ozone.protocolPB.OzoneManagerProtocolServerSideTranslatorPB.submitRequestDirectlyToOM(OzoneManagerProtocolServerSideTranslatorPB.java:274) ~[ozone-manager-1.4.0-SNAPSHOT.jar:?]
	at org.apache.hadoop.ozone.protocolPB.OzoneManagerProtocolServerSideTranslatorPB.processRequest(OzoneManagerProtocolServerSideTranslatorPB.java:175) ~[ozone-manager-1.4.0-SNAPSHOT.jar:?]
	at org.apache.hadoop.hdds.server.OzoneProtocolMessageDispatcher.processRequest(OzoneProtocolMessageDispatcher.java:87) [hdds-server-framework-1.4.0-SNAPSHOT.jar:?]
	at org.apache.hadoop.ozone.protocolPB.OzoneManagerProtocolServerSideTranslatorPB.submitRequest(OzoneManagerProtocolServerSideTranslatorPB.java:148) [ozone-manager-1.4.0-SNAPSHOT.jar:?]
	at org.apache.hadoop.ozone.protocol.proto.OzoneManagerProtocolProtos$OzoneManagerService$2.callBlockingMethod(OzoneManagerProtocolProtos.java) [ozone-interface-client-1.4.0-SNAPSHOT.jar:?]
	at org.apache.hadoop.ipc.ProtobufRpcEngine$Server.processCall(ProtobufRpcEngine.java:484) [hadoop-common-3.3.6.jar:?]
	at org.apache.hadoop.ipc.ProtobufRpcEngine2$Server$ProtoBufRpcInvoker.call(ProtobufRpcEngine2.java:595) [hadoop-common-3.3.6.jar:?]
	at org.apache.hadoop.ipc.ProtobufRpcEngine2$Server$ProtoBufRpcInvoker.call(ProtobufRpcEngine2.java:573) [hadoop-common-3.3.6.jar:?]
	at org.apache.hadoop.ipc.RPC$Server.call(RPC.java:1227) [hadoop-common-3.3.6.jar:?]
	at org.apache.hadoop.ipc.Server$RpcCall.run(Server.java:1094) [hadoop-common-3.3.6.jar:?]
	at org.apache.hadoop.ipc.Server$RpcCall.run(Server.java:1017) [hadoop-common-3.3.6.jar:?]
	at java.security.AccessController.doPrivileged(Native Method) ~[?:1.8.0_382]
	at javax.security.auth.Subject.doAs(Subject.java:422) [?:1.8.0_382]
	at org.apache.hadoop.security.UserGroupInformation.doAs(UserGroupInformation.java:1899) [hadoop-common-3.3.6.jar:?]
	at org.apache.hadoop.ipc.Server$Handler.run(Server.java:3048) [hadoop-common-3.3.6.jar:?]
20:29:41.004 [IPC Server handler 6 on default port 15057] ERROR OMAudit - user=runner | ip=127.0.0.1 | op=GET_FILE_STATUS {volume=volume62736, bucket=bucket10134, key=level0/level1, dataSize=0, replicationConfig=null} | ret=FAILURE
org.apache.hadoop.ozone.om.exceptions.OMException: Unable to get file status: volume: volume62736 bucket: bucket10134 key: level0/level1
	at org.apache.hadoop.ozone.om.KeyManagerImpl.getOzoneFileStatus(KeyManagerImpl.java:1195) ~[ozone-manager-1.4.0-SNAPSHOT.jar:?]
	at org.apache.hadoop.ozone.om.KeyManagerImpl.getFileStatus(KeyManagerImpl.java:1113) ~[ozone-manager-1.4.0-SNAPSHOT.jar:?]
	at org.apache.hadoop.ozone.om.OmMetadataReader.getFileStatus(OmMetadataReader.java:262) ~[ozone-manager-1.4.0-SNAPSHOT.jar:?]
	at org.apache.hadoop.ozone.om.OzoneManager.getFileStatus(OzoneManager.java:3530) ~[ozone-manager-1.4.0-SNAPSHOT.jar:?]
	at org.apache.hadoop.ozone.protocolPB.OzoneManagerRequestHandler.getOzoneFileStatus(OzoneManagerRequestHandler.java:971) ~[ozone-manager-1.4.0-SNAPSHOT.jar:?]
	at org.apache.hadoop.ozone.protocolPB.OzoneManagerRequestHandler.handleReadRequest(OzoneManagerRequestHandler.java:250) ~[ozone-manager-1.4.0-SNAPSHOT.jar:?]
	at org.apache.hadoop.ozone.protocolPB.OzoneManagerProtocolServerSideTranslatorPB.submitRequestDirectlyToOM(OzoneManagerProtocolServerSideTranslatorPB.java:274) ~[ozone-manager-1.4.0-SNAPSHOT.jar:?]
	at org.apache.hadoop.ozone.protocolPB.OzoneManagerProtocolServerSideTranslatorPB.processRequest(OzoneManagerProtocolServerSideTranslatorPB.java:175) ~[ozone-manager-1.4.0-SNAPSHOT.jar:?]
	at org.apache.hadoop.hdds.server.OzoneProtocolMessageDispatcher.processRequest(OzoneProtocolMessageDispatcher.java:87) [hdds-server-framework-1.4.0-SNAPSHOT.jar:?]
	at org.apache.hadoop.ozone.protocolPB.OzoneManagerProtocolServerSideTranslatorPB.submitRequest(OzoneManagerProtocolServerSideTranslatorPB.java:148) [ozone-manager-1.4.0-SNAPSHOT.jar:?]
	at org.apache.hadoop.ozone.protocol.proto.OzoneManagerProtocolProtos$OzoneManagerService$2.callBlockingMethod(OzoneManagerProtocolProtos.java) [ozone-interface-client-1.4.0-SNAPSHOT.jar:?]
	at org.apache.hadoop.ipc.ProtobufRpcEngine$Server.processCall(ProtobufRpcEngine.java:484) [hadoop-common-3.3.6.jar:?]
	at org.apache.hadoop.ipc.ProtobufRpcEngine2$Server$ProtoBufRpcInvoker.call(ProtobufRpcEngine2.java:595) [hadoop-common-3.3.6.jar:?]
	at org.apache.hadoop.ipc.ProtobufRpcEngine2$Server$ProtoBufRpcInvoker.call(ProtobufRpcEngine2.java:573) [hadoop-common-3.3.6.jar:?]
	at org.apache.hadoop.ipc.RPC$Server.call(RPC.java:1227) [hadoop-common-3.3.6.jar:?]
	at org.apache.hadoop.ipc.Server$RpcCall.run(Server.java:1094) [hadoop-common-3.3.6.jar:?]
	at org.apache.hadoop.ipc.Server$RpcCall.run(Server.java:1017) [hadoop-common-3.3.6.jar:?]
	at java.security.AccessController.doPrivileged(Native Method) ~[?:1.8.0_382]
	at javax.security.auth.Subject.doAs(Subject.java:422) [?:1.8.0_382]
	at org.apache.hadoop.security.UserGroupInformation.doAs(UserGroupInformation.java:1899) [hadoop-common-3.3.6.jar:?]
	at org.apache.hadoop.ipc.Server$Handler.run(Server.java:3048) [hadoop-common-3.3.6.jar:?]
20:29:41.005 [IPC Server handler 2 on default port 15057] ERROR OMAudit - user=runner | ip=127.0.0.1 | op=GET_FILE_STATUS {volume=volume62736, bucket=bucket10134, key=level0/level1/level1, dataSize=0, replicationConfig=null} | ret=FAILURE
org.apache.hadoop.ozone.om.exceptions.OMException: Unable to get file status: volume: volume62736 bucket: bucket10134 key: level0/level1/level1
	at org.apache.hadoop.ozone.om.KeyManagerImpl.getOzoneFileStatus(KeyManagerImpl.java:1195) ~[ozone-manager-1.4.0-SNAPSHOT.jar:?]
	at org.apache.hadoop.ozone.om.KeyManagerImpl.getFileStatus(KeyManagerImpl.java:1113) ~[ozone-manager-1.4.0-SNAPSHOT.jar:?]
	at org.apache.hadoop.ozone.om.OmMetadataReader.getFileStatus(OmMetadataReader.java:262) ~[ozone-manager-1.4.0-SNAPSHOT.jar:?]
	at org.apache.hadoop.ozone.om.OzoneManager.getFileStatus(OzoneManager.java:3530) ~[ozone-manager-1.4.0-SNAPSHOT.jar:?]
	at org.apache.hadoop.ozone.protocolPB.OzoneManagerRequestHandler.getOzoneFileStatus(OzoneManagerRequestHandler.java:971) ~[ozone-manager-1.4.0-SNAPSHOT.jar:?]
	at org.apache.hadoop.ozone.protocolPB.OzoneManagerRequestHandler.handleReadRequest(OzoneManagerRequestHandler.java:250) ~[ozone-manager-1.4.0-SNAPSHOT.jar:?]
	at org.apache.hadoop.ozone.protocolPB.OzoneManagerProtocolServerSideTranslatorPB.submitRequestDirectlyToOM(OzoneManagerProtocolServerSideTranslatorPB.java:274) ~[ozone-manager-1.4.0-SNAPSHOT.jar:?]
	at org.apache.hadoop.ozone.protocolPB.OzoneManagerProtocolServerSideTranslatorPB.processRequest(OzoneManagerProtocolServerSideTranslatorPB.java:175) ~[ozone-manager-1.4.0-SNAPSHOT.jar:?]
	at org.apache.hadoop.hdds.server.OzoneProtocolMessageDispatcher.processRequest(OzoneProtocolMessageDispatcher.java:87) [hdds-server-framework-1.4.0-SNAPSHOT.jar:?]
	at org.apache.hadoop.ozone.protocolPB.OzoneManagerProtocolServerSideTranslatorPB.submitRequest(OzoneManagerProtocolServerSideTranslatorPB.java:148) [ozone-manager-1.4.0-SNAPSHOT.jar:?]
	at org.apache.hadoop.ozone.protocol.proto.OzoneManagerProtocolProtos$OzoneManagerService$2.callBlockingMethod(OzoneManagerProtocolProtos.java) [ozone-interface-client-1.4.0-SNAPSHOT.jar:?]
	at org.apache.hadoop.ipc.ProtobufRpcEngine$Server.processCall(ProtobufRpcEngine.java:484) [hadoop-common-3.3.6.jar:?]
	at org.apache.hadoop.ipc.ProtobufRpcEngine2$Server$ProtoBufRpcInvoker.call(ProtobufRpcEngine2.java:595) [hadoop-common-3.3.6.jar:?]
	at org.apache.hadoop.ipc.ProtobufRpcEngine2$Server$ProtoBufRpcInvoker.call(ProtobufRpcEngine2.java:573) [hadoop-common-3.3.6.jar:?]
	at org.apache.hadoop.ipc.RPC$Server.call(RPC.java:1227) [hadoop-common-3.3.6.jar:?]
	at org.apache.hadoop.ipc.Server$RpcCall.run(Server.java:1094) [hadoop-common-3.3.6.jar:?]
	at org.apache.hadoop.ipc.Server$RpcCall.run(Server.java:1017) [hadoop-common-3.3.6.jar:?]
	at java.security.AccessController.doPrivileged(Native Method) ~[?:1.8.0_382]
	at javax.security.auth.Subject.doAs(Subject.java:422) [?:1.8.0_382]
	at org.apache.hadoop.security.UserGroupInformation.doAs(UserGroupInformation.java:1899) [hadoop-common-3.3.6.jar:?]
	at org.apache.hadoop.ipc.Server$Handler.run(Server.java:3048) [hadoop-common-3.3.6.jar:?]
20:29:41.006 [IPC Server handler 14 on default port 15057] ERROR OMAudit - user=runner | ip=127.0.0.1 | op=GET_FILE_STATUS {volume=volume62736, bucket=bucket10134, key=level0/level1/file1, dataSize=0, replicationConfig=null} | ret=FAILURE
org.apache.hadoop.ozone.om.exceptions.OMException: Unable to get file status: volume: volume62736 bucket: bucket10134 key: level0/level1/file1
	at org.apache.hadoop.ozone.om.KeyManagerImpl.getOzoneFileStatus(KeyManagerImpl.java:1195) ~[ozone-manager-1.4.0-SNAPSHOT.jar:?]
	at org.apache.hadoop.ozone.om.KeyManagerImpl.getFileStatus(KeyManagerImpl.java:1113) ~[ozone-manager-1.4.0-SNAPSHOT.jar:?]
	at org.apache.hadoop.ozone.om.OmMetadataReader.getFileStatus(OmMetadataReader.java:262) ~[ozone-manager-1.4.0-SNAPSHOT.jar:?]
	at org.apache.hadoop.ozone.om.OzoneManager.getFileStatus(OzoneManager.java:3530) ~[ozone-manager-1.4.0-SNAPSHOT.jar:?]
	at org.apache.hadoop.ozone.protocolPB.OzoneManagerRequestHandler.getOzoneFileStatus(OzoneManagerRequestHandler.java:971) ~[ozone-manager-1.4.0-SNAPSHOT.jar:?]
	at org.apache.hadoop.ozone.protocolPB.OzoneManagerRequestHandler.handleReadRequest(OzoneManagerRequestHandler.java:250) ~[ozone-manager-1.4.0-SNAPSHOT.jar:?]
	at org.apache.hadoop.ozone.protocolPB.OzoneManagerProtocolServerSideTranslatorPB.submitRequestDirectlyToOM(OzoneManagerProtocolServerSideTranslatorPB.java:274) ~[ozone-manager-1.4.0-SNAPSHOT.jar:?]
	at org.apache.hadoop.ozone.protocolPB.OzoneManagerProtocolServerSideTranslatorPB.processRequest(OzoneManagerProtocolServerSideTranslatorPB.java:175) ~[ozone-manager-1.4.0-SNAPSHOT.jar:?]
	at org.apache.hadoop.hdds.server.OzoneProtocolMessageDispatcher.processRequest(OzoneProtocolMessageDispatcher.java:87) [hdds-server-framework-1.4.0-SNAPSHOT.jar:?]
	at org.apache.hadoop.ozone.protocolPB.OzoneManagerProtocolServerSideTranslatorPB.submitRequest(OzoneManagerProtocolServerSideTranslatorPB.java:148) [ozone-manager-1.4.0-SNAPSHOT.jar:?]
	at org.apache.hadoop.ozone.protocol.proto.OzoneManagerProtocolProtos$OzoneManagerService$2.callBlockingMethod(OzoneManagerProtocolProtos.java) [ozone-interface-client-1.4.0-SNAPSHOT.jar:?]
	at org.apache.hadoop.ipc.ProtobufRpcEngine$Server.processCall(ProtobufRpcEngine.java:484) [hadoop-common-3.3.6.jar:?]
	at org.apache.hadoop.ipc.ProtobufRpcEngine2$Server$ProtoBufRpcInvoker.call(ProtobufRpcEngine2.java:595) [hadoop-common-3.3.6.jar:?]
	at org.apache.hadoop.ipc.ProtobufRpcEngine2$Server$ProtoBufRpcInvoker.call(ProtobufRpcEngine2.java:573) [hadoop-common-3.3.6.jar:?]
	at org.apache.hadoop.ipc.RPC$Server.call(RPC.java:1227) [hadoop-common-3.3.6.jar:?]
	at org.apache.hadoop.ipc.Server$RpcCall.run(Server.java:1094) [hadoop-common-3.3.6.jar:?]
	at org.apache.hadoop.ipc.Server$RpcCall.run(Server.java:1017) [hadoop-common-3.3.6.jar:?]
	at java.security.AccessController.doPrivileged(Native Method) ~[?:1.8.0_382]
	at javax.security.auth.Subject.doAs(Subject.java:422) [?:1.8.0_382]
	at org.apache.hadoop.security.UserGroupInformation.doAs(UserGroupInformation.java:1899) [hadoop-common-3.3.6.jar:?]
	at org.apache.hadoop.ipc.Server$Handler.run(Server.java:3048) [hadoop-common-3.3.6.jar:?]
20:29:41.007 [IPC Server handler 1 on default port 15057] ERROR OMAudit - user=runner | ip=127.0.0.1 | op=GET_FILE_STATUS {volume=volume62736, bucket=bucket10134, key=level0/level1/level1/file1, dataSize=0, replicationConfig=null} | ret=FAILURE
org.apache.hadoop.ozone.om.exceptions.OMException: Unable to get file status: volume: volume62736 bucket: bucket10134 key: level0/level1/level1/file1
	at org.apache.hadoop.ozone.om.KeyManagerImpl.getOzoneFileStatus(KeyManagerImpl.java:1195) ~[ozone-manager-1.4.0-SNAPSHOT.jar:?]
	at org.apache.hadoop.ozone.om.KeyManagerImpl.getFileStatus(KeyManagerImpl.java:1113) ~[ozone-manager-1.4.0-SNAPSHOT.jar:?]
	at org.apache.hadoop.ozone.om.OmMetadataReader.getFileStatus(OmMetadataReader.java:262) ~[ozone-manager-1.4.0-SNAPSHOT.jar:?]
	at org.apache.hadoop.ozone.om.OzoneManager.getFileStatus(OzoneManager.java:3530) ~[ozone-manager-1.4.0-SNAPSHOT.jar:?]
	at org.apache.hadoop.ozone.protocolPB.OzoneManagerRequestHandler.getOzoneFileStatus(OzoneManagerRequestHandler.java:971) ~[ozone-manager-1.4.0-SNAPSHOT.jar:?]
	at org.apache.hadoop.ozone.protocolPB.OzoneManagerRequestHandler.handleReadRequest(OzoneManagerRequestHandler.java:250) ~[ozone-manager-1.4.0-SNAPSHOT.jar:?]
	at org.apache.hadoop.ozone.protocolPB.OzoneManagerProtocolServerSideTranslatorPB.submitRequestDirectlyToOM(OzoneManagerProtocolServerSideTranslatorPB.java:274) ~[ozone-manager-1.4.0-SNAPSHOT.jar:?]
	at org.apache.hadoop.ozone.protocolPB.OzoneManagerProtocolServerSideTranslatorPB.processRequest(OzoneManagerProtocolServerSideTranslatorPB.java:175) ~[ozone-manager-1.4.0-SNAPSHOT.jar:?]
	at org.apache.hadoop.hdds.server.OzoneProtocolMessageDispatcher.processRequest(OzoneProtocolMessageDispatcher.java:87) [hdds-server-framework-1.4.0-SNAPSHOT.jar:?]
	at org.apache.hadoop.ozone.protocolPB.OzoneManagerProtocolServerSideTranslatorPB.submitRequest(OzoneManagerProtocolServerSideTranslatorPB.java:148) [ozone-manager-1.4.0-SNAPSHOT.jar:?]
	at org.apache.hadoop.ozone.protocol.proto.OzoneManagerProtocolProtos$OzoneManagerService$2.callBlockingMethod(OzoneManagerProtocolProtos.java) [ozone-interface-client-1.4.0-SNAPSHOT.jar:?]
	at org.apache.hadoop.ipc.ProtobufRpcEngine$Server.processCall(ProtobufRpcEngine.java:484) [hadoop-common-3.3.6.jar:?]
	at org.apache.hadoop.ipc.ProtobufRpcEngine2$Server$ProtoBufRpcInvoker.call(ProtobufRpcEngine2.java:595) [hadoop-common-3.3.6.jar:?]
	at org.apache.hadoop.ipc.ProtobufRpcEngine2$Server$ProtoBufRpcInvoker.call(ProtobufRpcEngine2.java:573) [hadoop-common-3.3.6.jar:?]
	at org.apache.hadoop.ipc.RPC$Server.call(RPC.java:1227) [hadoop-common-3.3.6.jar:?]
	at org.apache.hadoop.ipc.Server$RpcCall.run(Server.java:1094) [hadoop-common-3.3.6.jar:?]
	at org.apache.hadoop.ipc.Server$RpcCall.run(Server.java:1017) [hadoop-common-3.3.6.jar:?]
	at java.security.AccessController.doPrivileged(Native Method) ~[?:1.8.0_382]
	at javax.security.auth.Subject.doAs(Subject.java:422) [?:1.8.0_382]
	at org.apache.hadoop.security.UserGroupInformation.doAs(UserGroupInformation.java:1899) [hadoop-common-3.3.6.jar:?]
	at org.apache.hadoop.ipc.Server$Handler.run(Server.java:3048) [hadoop-common-3.3.6.jar:?]
20:29:41.009 [IPC Server handler 0 on default port 15057] ERROR OMAudit - user=runner | ip=127.0.0.1 | op=GET_FILE_STATUS {volume=volume62736, bucket=bucket10134, key=level0/level2, dataSize=0, replicationConfig=null} | ret=FAILURE
org.apache.hadoop.ozone.om.exceptions.OMException: Unable to get file status: volume: volume62736 bucket: bucket10134 key: level0/level2
	at org.apache.hadoop.ozone.om.KeyManagerImpl.getOzoneFileStatus(KeyManagerImpl.java:1195) ~[ozone-manager-1.4.0-SNAPSHOT.jar:?]
	at org.apache.hadoop.ozone.om.KeyManagerImpl.getFileStatus(KeyManagerImpl.java:1113) ~[ozone-manager-1.4.0-SNAPSHOT.jar:?]
	at org.apache.hadoop.ozone.om.OmMetadataReader.getFileStatus(OmMetadataReader.java:262) ~[ozone-manager-1.4.0-SNAPSHOT.jar:?]
	at org.apache.hadoop.ozone.om.OzoneManager.getFileStatus(OzoneManager.java:3530) ~[ozone-manager-1.4.0-SNAPSHOT.jar:?]
	at org.apache.hadoop.ozone.protocolPB.OzoneManagerRequestHandler.getOzoneFileStatus(OzoneManagerRequestHandler.java:971) ~[ozone-manager-1.4.0-SNAPSHOT.jar:?]
	at org.apache.hadoop.ozone.protocolPB.OzoneManagerRequestHandler.handleReadRequest(OzoneManagerRequestHandler.java:250) ~[ozone-manager-1.4.0-SNAPSHOT.jar:?]
	at org.apache.hadoop.ozone.protocolPB.OzoneManagerProtocolServerSideTranslatorPB.submitRequestDirectlyToOM(OzoneManagerProtocolServerSideTranslatorPB.java:274) ~[ozone-manager-1.4.0-SNAPSHOT.jar:?]
	at org.apache.hadoop.ozone.protocolPB.OzoneManagerProtocolServerSideTranslatorPB.processRequest(OzoneManagerProtocolServerSideTranslatorPB.java:175) ~[ozone-manager-1.4.0-SNAPSHOT.jar:?]
	at org.apache.hadoop.hdds.server.OzoneProtocolMessageDispatcher.processRequest(OzoneProtocolMessageDispatcher.java:87) [hdds-server-framework-1.4.0-SNAPSHOT.jar:?]
	at org.apache.hadoop.ozone.protocolPB.OzoneManagerProtocolServerSideTranslatorPB.submitRequest(OzoneManagerProtocolServerSideTranslatorPB.java:148) [ozone-manager-1.4.0-SNAPSHOT.jar:?]
	at org.apache.hadoop.ozone.protocol.proto.OzoneManagerProtocolProtos$OzoneManagerService$2.callBlockingMethod(OzoneManagerProtocolProtos.java) [ozone-interface-client-1.4.0-SNAPSHOT.jar:?]
	at org.apache.hadoop.ipc.ProtobufRpcEngine$Server.processCall(ProtobufRpcEngine.java:484) [hadoop-common-3.3.6.jar:?]
	at org.apache.hadoop.ipc.ProtobufRpcEngine2$Server$ProtoBufRpcInvoker.call(ProtobufRpcEngine2.java:595) [hadoop-common-3.3.6.jar:?]
	at org.apache.hadoop.ipc.ProtobufRpcEngine2$Server$ProtoBufRpcInvoker.call(ProtobufRpcEngine2.java:573) [hadoop-common-3.3.6.jar:?]
	at org.apache.hadoop.ipc.RPC$Server.call(RPC.java:1227) [hadoop-common-3.3.6.jar:?]
	at org.apache.hadoop.ipc.Server$RpcCall.run(Server.java:1094) [hadoop-common-3.3.6.jar:?]
	at org.apache.hadoop.ipc.Server$RpcCall.run(Server.java:1017) [hadoop-common-3.3.6.jar:?]
	at java.security.AccessController.doPrivileged(Native Method) ~[?:1.8.0_382]
	at javax.security.auth.Subject.doAs(Subject.java:422) [?:1.8.0_382]
	at org.apache.hadoop.security.UserGroupInformation.doAs(UserGroupInformation.java:1899) [hadoop-common-3.3.6.jar:?]
	at org.apache.hadoop.ipc.Server$Handler.run(Server.java:3048) [hadoop-common-3.3.6.jar:?]
20:29:41.010 [IPC Server handler 4 on default port 15057] ERROR OMAudit - user=runner | ip=127.0.0.1 | op=GET_FILE_STATUS {volume=volume62736, bucket=bucket10134, key=level0/level2/level2, dataSize=0, replicationConfig=null} | ret=FAILURE
org.apache.hadoop.ozone.om.exceptions.OMException: Unable to get file status: volume: volume62736 bucket: bucket10134 key: level0/level2/level2
	at org.apache.hadoop.ozone.om.KeyManagerImpl.getOzoneFileStatus(KeyManagerImpl.java:1195) ~[ozone-manager-1.4.0-SNAPSHOT.jar:?]
	at org.apache.hadoop.ozone.om.KeyManagerImpl.getFileStatus(KeyManagerImpl.java:1113) ~[ozone-manager-1.4.0-SNAPSHOT.jar:?]
	at org.apache.hadoop.ozone.om.OmMetadataReader.getFileStatus(OmMetadataReader.java:262) ~[ozone-manager-1.4.0-SNAPSHOT.jar:?]
	at org.apache.hadoop.ozone.om.OzoneManager.getFileStatus(OzoneManager.java:3530) ~[ozone-manager-1.4.0-SNAPSHOT.jar:?]
	at org.apache.hadoop.ozone.protocolPB.OzoneManagerRequestHandler.getOzoneFileStatus(OzoneManagerRequestHandler.java:971) ~[ozone-manager-1.4.0-SNAPSHOT.jar:?]
	at org.apache.hadoop.ozone.protocolPB.OzoneManagerRequestHandler.handleReadRequest(OzoneManagerRequestHandler.java:250) ~[ozone-manager-1.4.0-SNAPSHOT.jar:?]
	at org.apache.hadoop.ozone.protocolPB.OzoneManagerProtocolServerSideTranslatorPB.submitRequestDirectlyToOM(OzoneManagerProtocolServerSideTranslatorPB.java:274) ~[ozone-manager-1.4.0-SNAPSHOT.jar:?]
	at org.apache.hadoop.ozone.protocolPB.OzoneManagerProtocolServerSideTranslatorPB.processRequest(OzoneManagerProtocolServerSideTranslatorPB.java:175) ~[ozone-manager-1.4.0-SNAPSHOT.jar:?]
	at org.apache.hadoop.hdds.server.OzoneProtocolMessageDispatcher.processRequest(OzoneProtocolMessageDispatcher.java:87) [hdds-server-framework-1.4.0-SNAPSHOT.jar:?]
	at org.apache.hadoop.ozone.protocolPB.OzoneManagerProtocolServerSideTranslatorPB.submitRequest(OzoneManagerProtocolServerSideTranslatorPB.java:148) [ozone-manager-1.4.0-SNAPSHOT.jar:?]
	at org.apache.hadoop.ozone.protocol.proto.OzoneManagerProtocolProtos$OzoneManagerService$2.callBlockingMethod(OzoneManagerProtocolProtos.java) [ozone-interface-client-1.4.0-SNAPSHOT.jar:?]
	at org.apache.hadoop.ipc.ProtobufRpcEngine$Server.processCall(ProtobufRpcEngine.java:484) [hadoop-common-3.3.6.jar:?]
	at org.apache.hadoop.ipc.ProtobufRpcEngine2$Server$ProtoBufRpcInvoker.call(ProtobufRpcEngine2.java:595) [hadoop-common-3.3.6.jar:?]
	at org.apache.hadoop.ipc.ProtobufRpcEngine2$Server$ProtoBufRpcInvoker.call(ProtobufRpcEngine2.java:573) [hadoop-common-3.3.6.jar:?]
	at org.apache.hadoop.ipc.RPC$Server.call(RPC.java:1227) [hadoop-common-3.3.6.jar:?]
	at org.apache.hadoop.ipc.Server$RpcCall.run(Server.java:1094) [hadoop-common-3.3.6.jar:?]
	at org.apache.hadoop.ipc.Server$RpcCall.run(Server.java:1017) [hadoop-common-3.3.6.jar:?]
	at java.security.AccessController.doPrivileged(Native Method) ~[?:1.8.0_382]
	at javax.security.auth.Subject.doAs(Subject.java:422) [?:1.8.0_382]
	at org.apache.hadoop.security.UserGroupInformation.doAs(UserGroupInformation.java:1899) [hadoop-common-3.3.6.jar:?]
	at org.apache.hadoop.ipc.Server$Handler.run(Server.java:3048) [hadoop-common-3.3.6.jar:?]
20:29:41.011 [IPC Server handler 3 on default port 15057] ERROR OMAudit - user=runner | ip=127.0.0.1 | op=GET_FILE_STATUS {volume=volume62736, bucket=bucket10134, key=level0/level2/file1, dataSize=0, replicationConfig=null} | ret=FAILURE
org.apache.hadoop.ozone.om.exceptions.OMException: Unable to get file status: volume: volume62736 bucket: bucket10134 key: level0/level2/file1
	at org.apache.hadoop.ozone.om.KeyManagerImpl.getOzoneFileStatus(KeyManagerImpl.java:1195) ~[ozone-manager-1.4.0-SNAPSHOT.jar:?]
	at org.apache.hadoop.ozone.om.KeyManagerImpl.getFileStatus(KeyManagerImpl.java:1113) ~[ozone-manager-1.4.0-SNAPSHOT.jar:?]
	at org.apache.hadoop.ozone.om.OmMetadataReader.getFileStatus(OmMetadataReader.java:262) ~[ozone-manager-1.4.0-SNAPSHOT.jar:?]
	at org.apache.hadoop.ozone.om.OzoneManager.getFileStatus(OzoneManager.java:3530) ~[ozone-manager-1.4.0-SNAPSHOT.jar:?]
	at org.apache.hadoop.ozone.protocolPB.OzoneManagerRequestHandler.getOzoneFileStatus(OzoneManagerRequestHandler.java:971) ~[ozone-manager-1.4.0-SNAPSHOT.jar:?]
	at org.apache.hadoop.ozone.protocolPB.OzoneManagerRequestHandler.handleReadRequest(OzoneManagerRequestHandler.java:250) ~[ozone-manager-1.4.0-SNAPSHOT.jar:?]
	at org.apache.hadoop.ozone.protocolPB.OzoneManagerProtocolServerSideTranslatorPB.submitRequestDirectlyToOM(OzoneManagerProtocolServerSideTranslatorPB.java:274) ~[ozone-manager-1.4.0-SNAPSHOT.jar:?]
	at org.apache.hadoop.ozone.protocolPB.OzoneManagerProtocolServerSideTranslatorPB.processRequest(OzoneManagerProtocolServerSideTranslatorPB.java:175) ~[ozone-manager-1.4.0-SNAPSHOT.jar:?]
	at org.apache.hadoop.hdds.server.OzoneProtocolMessageDispatcher.processRequest(OzoneProtocolMessageDispatcher.java:87) [hdds-server-framework-1.4.0-SNAPSHOT.jar:?]
	at org.apache.hadoop.ozone.protocolPB.OzoneManagerProtocolServerSideTranslatorPB.submitRequest(OzoneManagerProtocolServerSideTranslatorPB.java:148) [ozone-manager-1.4.0-SNAPSHOT.jar:?]
	at org.apache.hadoop.ozone.protocol.proto.OzoneManagerProtocolProtos$OzoneManagerService$2.callBlockingMethod(OzoneManagerProtocolProtos.java) [ozone-interface-client-1.4.0-SNAPSHOT.jar:?]
	at org.apache.hadoop.ipc.ProtobufRpcEngine$Server.processCall(ProtobufRpcEngine.java:484) [hadoop-common-3.3.6.jar:?]
	at org.apache.hadoop.ipc.ProtobufRpcEngine2$Server$ProtoBufRpcInvoker.call(ProtobufRpcEngine2.java:595) [hadoop-common-3.3.6.jar:?]
	at org.apache.hadoop.ipc.ProtobufRpcEngine2$Server$ProtoBufRpcInvoker.call(ProtobufRpcEngine2.java:573) [hadoop-common-3.3.6.jar:?]
	at org.apache.hadoop.ipc.RPC$Server.call(RPC.java:1227) [hadoop-common-3.3.6.jar:?]
	at org.apache.hadoop.ipc.Server$RpcCall.run(Server.java:1094) [hadoop-common-3.3.6.jar:?]
	at org.apache.hadoop.ipc.Server$RpcCall.run(Server.java:1017) [hadoop-common-3.3.6.jar:?]
	at java.security.AccessController.doPrivileged(Native Method) ~[?:1.8.0_382]
	at javax.security.auth.Subject.doAs(Subject.java:422) [?:1.8.0_382]
	at org.apache.hadoop.security.UserGroupInformation.doAs(UserGroupInformation.java:1899) [hadoop-common-3.3.6.jar:?]
	at org.apache.hadoop.ipc.Server$Handler.run(Server.java:3048) [hadoop-common-3.3.6.jar:?]
20:29:41.013 [IPC Server handler 19 on default port 15057] ERROR OMAudit - user=runner | ip=127.0.0.1 | op=GET_FILE_STATUS {volume=volume62736, bucket=bucket10134, key=level0/level2/level2/file1, dataSize=0, replicationConfig=null} | ret=FAILURE
org.apache.hadoop.ozone.om.exceptions.OMException: Unable to get file status: volume: volume62736 bucket: bucket10134 key: level0/level2/level2/file1
	at org.apache.hadoop.ozone.om.KeyManagerImpl.getOzoneFileStatus(KeyManagerImpl.java:1195) ~[ozone-manager-1.4.0-SNAPSHOT.jar:?]
	at org.apache.hadoop.ozone.om.KeyManagerImpl.getFileStatus(KeyManagerImpl.java:1113) ~[ozone-manager-1.4.0-SNAPSHOT.jar:?]
	at org.apache.hadoop.ozone.om.OmMetadataReader.getFileStatus(OmMetadataReader.java:262) ~[ozone-manager-1.4.0-SNAPSHOT.jar:?]
	at org.apache.hadoop.ozone.om.OzoneManager.getFileStatus(OzoneManager.java:3530) ~[ozone-manager-1.4.0-SNAPSHOT.jar:?]
	at org.apache.hadoop.ozone.protocolPB.OzoneManagerRequestHandler.getOzoneFileStatus(OzoneManagerRequestHandler.java:971) ~[ozone-manager-1.4.0-SNAPSHOT.jar:?]
	at org.apache.hadoop.ozone.protocolPB.OzoneManagerRequestHandler.handleReadRequest(OzoneManagerRequestHandler.java:250) ~[ozone-manager-1.4.0-SNAPSHOT.jar:?]
	at org.apache.hadoop.ozone.protocolPB.OzoneManagerProtocolServerSideTranslatorPB.submitRequestDirectlyToOM(OzoneManagerProtocolServerSideTranslatorPB.java:274) ~[ozone-manager-1.4.0-SNAPSHOT.jar:?]
	at org.apache.hadoop.ozone.protocolPB.OzoneManagerProtocolServerSideTranslatorPB.processRequest(OzoneManagerProtocolServerSideTranslatorPB.java:175) ~[ozone-manager-1.4.0-SNAPSHOT.jar:?]
	at org.apache.hadoop.hdds.server.OzoneProtocolMessageDispatcher.processRequest(OzoneProtocolMessageDispatcher.java:87) [hdds-server-framework-1.4.0-SNAPSHOT.jar:?]
	at org.apache.hadoop.ozone.protocolPB.OzoneManagerProtocolServerSideTranslatorPB.submitRequest(OzoneManagerProtocolServerSideTranslatorPB.java:148) [ozone-manager-1.4.0-SNAPSHOT.jar:?]
	at org.apache.hadoop.ozone.protocol.proto.OzoneManagerProtocolProtos$OzoneManagerService$2.callBlockingMethod(OzoneManagerProtocolProtos.java) [ozone-interface-client-1.4.0-SNAPSHOT.jar:?]
	at org.apache.hadoop.ipc.ProtobufRpcEngine$Server.processCall(ProtobufRpcEngine.java:484) [hadoop-common-3.3.6.jar:?]
	at org.apache.hadoop.ipc.ProtobufRpcEngine2$Server$ProtoBufRpcInvoker.call(ProtobufRpcEngine2.java:595) [hadoop-common-3.3.6.jar:?]
	at org.apache.hadoop.ipc.ProtobufRpcEngine2$Server$ProtoBufRpcInvoker.call(ProtobufRpcEngine2.java:573) [hadoop-common-3.3.6.jar:?]
	at org.apache.hadoop.ipc.RPC$Server.call(RPC.java:1227) [hadoop-common-3.3.6.jar:?]
	at org.apache.hadoop.ipc.Server$RpcCall.run(Server.java:1094) [hadoop-common-3.3.6.jar:?]
	at org.apache.hadoop.ipc.Server$RpcCall.run(Server.java:1017) [hadoop-common-3.3.6.jar:?]
	at java.security.AccessController.doPrivileged(Native Method) ~[?:1.8.0_382]
	at javax.security.auth.Subject.doAs(Subject.java:422) [?:1.8.0_382]
	at org.apache.hadoop.security.UserGroupInformation.doAs(UserGroupInformation.java:1899) [hadoop-common-3.3.6.jar:?]
	at org.apache.hadoop.ipc.Server$Handler.run(Server.java:3048) [hadoop-common-3.3.6.jar:?]
20:29:41.014 [IPC Server handler 18 on default port 15057] ERROR OMAudit - user=runner | ip=127.0.0.1 | op=GET_FILE_STATUS {volume=volume62736, bucket=bucket10134, key=level0/level3, dataSize=0, replicationConfig=null} | ret=FAILURE
org.apache.hadoop.ozone.om.exceptions.OMException: Unable to get file status: volume: volume62736 bucket: bucket10134 key: level0/level3
	at org.apache.hadoop.ozone.om.KeyManagerImpl.getOzoneFileStatus(KeyManagerImpl.java:1195) ~[ozone-manager-1.4.0-SNAPSHOT.jar:?]
	at org.apache.hadoop.ozone.om.KeyManagerImpl.getFileStatus(KeyManagerImpl.java:1113) ~[ozone-manager-1.4.0-SNAPSHOT.jar:?]
	at org.apache.hadoop.ozone.om.OmMetadataReader.getFileStatus(OmMetadataReader.java:262) ~[ozone-manager-1.4.0-SNAPSHOT.jar:?]
	at org.apache.hadoop.ozone.om.OzoneManager.getFileStatus(OzoneManager.java:3530) ~[ozone-manager-1.4.0-SNAPSHOT.jar:?]
	at org.apache.hadoop.ozone.protocolPB.OzoneManagerRequestHandler.getOzoneFileStatus(OzoneManagerRequestHandler.java:971) ~[ozone-manager-1.4.0-SNAPSHOT.jar:?]
	at org.apache.hadoop.ozone.protocolPB.OzoneManagerRequestHandler.handleReadRequest(OzoneManagerRequestHandler.java:250) ~[ozone-manager-1.4.0-SNAPSHOT.jar:?]
	at org.apache.hadoop.ozone.protocolPB.OzoneManagerProtocolServerSideTranslatorPB.submitRequestDirectlyToOM(OzoneManagerProtocolServerSideTranslatorPB.java:274) ~[ozone-manager-1.4.0-SNAPSHOT.jar:?]
	at org.apache.hadoop.ozone.protocolPB.OzoneManagerProtocolServerSideTranslatorPB.processRequest(OzoneManagerProtocolServerSideTranslatorPB.java:175) ~[ozone-manager-1.4.0-SNAPSHOT.jar:?]
	at org.apache.hadoop.hdds.server.OzoneProtocolMessageDispatcher.processRequest(OzoneProtocolMessageDispatcher.java:87) [hdds-server-framework-1.4.0-SNAPSHOT.jar:?]
	at org.apache.hadoop.ozone.protocolPB.OzoneManagerProtocolServerSideTranslatorPB.submitRequest(OzoneManagerProtocolServerSideTranslatorPB.java:148) [ozone-manager-1.4.0-SNAPSHOT.jar:?]
	at org.apache.hadoop.ozone.protocol.proto.OzoneManagerProtocolProtos$OzoneManagerService$2.callBlockingMethod(OzoneManagerProtocolProtos.java) [ozone-interface-client-1.4.0-SNAPSHOT.jar:?]
	at org.apache.hadoop.ipc.ProtobufRpcEngine$Server.processCall(ProtobufRpcEngine.java:484) [hadoop-common-3.3.6.jar:?]
	at org.apache.hadoop.ipc.ProtobufRpcEngine2$Server$ProtoBufRpcInvoker.call(ProtobufRpcEngine2.java:595) [hadoop-common-3.3.6.jar:?]
	at org.apache.hadoop.ipc.ProtobufRpcEngine2$Server$ProtoBufRpcInvoker.call(ProtobufRpcEngine2.java:573) [hadoop-common-3.3.6.jar:?]
	at org.apache.hadoop.ipc.RPC$Server.call(RPC.java:1227) [hadoop-common-3.3.6.jar:?]
	at org.apache.hadoop.ipc.Server$RpcCall.run(Server.java:1094) [hadoop-common-3.3.6.jar:?]
	at org.apache.hadoop.ipc.Server$RpcCall.run(Server.java:1017) [hadoop-common-3.3.6.jar:?]
	at java.security.AccessController.doPrivileged(Native Method) ~[?:1.8.0_382]
	at javax.security.auth.Subject.doAs(Subject.java:422) [?:1.8.0_382]
	at org.apache.hadoop.security.UserGroupInformation.doAs(UserGroupInformation.java:1899) [hadoop-common-3.3.6.jar:?]
	at org.apache.hadoop.ipc.Server$Handler.run(Server.java:3048) [hadoop-common-3.3.6.jar:?]
20:29:41.017 [IPC Server handler 17 on default port 15057] ERROR OMAudit - user=runner | ip=127.0.0.1 | op=GET_FILE_STATUS {volume=volume62736, bucket=bucket10134, key=level0/level3/level3, dataSize=0, replicationConfig=null} | ret=FAILURE
org.apache.hadoop.ozone.om.exceptions.OMException: Unable to get file status: volume: volume62736 bucket: bucket10134 key: level0/level3/level3
	at org.apache.hadoop.ozone.om.KeyManagerImpl.getOzoneFileStatus(KeyManagerImpl.java:1195) ~[ozone-manager-1.4.0-SNAPSHOT.jar:?]
	at org.apache.hadoop.ozone.om.KeyManagerImpl.getFileStatus(KeyManagerImpl.java:1113) ~[ozone-manager-1.4.0-SNAPSHOT.jar:?]
	at org.apache.hadoop.ozone.om.OmMetadataReader.getFileStatus(OmMetadataReader.java:262) ~[ozone-manager-1.4.0-SNAPSHOT.jar:?]
	at org.apache.hadoop.ozone.om.OzoneManager.getFileStatus(OzoneManager.java:3530) ~[ozone-manager-1.4.0-SNAPSHOT.jar:?]
	at org.apache.hadoop.ozone.protocolPB.OzoneManagerRequestHandler.getOzoneFileStatus(OzoneManagerRequestHandler.java:971) ~[ozone-manager-1.4.0-SNAPSHOT.jar:?]
	at org.apache.hadoop.ozone.protocolPB.OzoneManagerRequestHandler.handleReadRequest(OzoneManagerRequestHandler.java:250) ~[ozone-manager-1.4.0-SNAPSHOT.jar:?]
	at org.apache.hadoop.ozone.protocolPB.OzoneManagerProtocolServerSideTranslatorPB.submitRequestDirectlyToOM(OzoneManagerProtocolServerSideTranslatorPB.java:274) ~[ozone-manager-1.4.0-SNAPSHOT.jar:?]
	at org.apache.hadoop.ozone.protocolPB.OzoneManagerProtocolServerSideTranslatorPB.processRequest(OzoneManagerProtocolServerSideTranslatorPB.java:175) ~[ozone-manager-1.4.0-SNAPSHOT.jar:?]
	at org.apache.hadoop.hdds.server.OzoneProtocolMessageDispatcher.processRequest(OzoneProtocolMessageDispatcher.java:87) [hdds-server-framework-1.4.0-SNAPSHOT.jar:?]
	at org.apache.hadoop.ozone.protocolPB.OzoneManagerProtocolServerSideTranslatorPB.submitRequest(OzoneManagerProtocolServerSideTranslatorPB.java:148) [ozone-manager-1.4.0-SNAPSHOT.jar:?]
	at org.apache.hadoop.ozone.protocol.proto.OzoneManagerProtocolProtos$OzoneManagerService$2.callBlockingMethod(OzoneManagerProtocolProtos.java) [ozone-interface-client-1.4.0-SNAPSHOT.jar:?]
	at org.apache.hadoop.ipc.ProtobufRpcEngine$Server.processCall(ProtobufRpcEngine.java:484) [hadoop-common-3.3.6.jar:?]
	at org.apache.hadoop.ipc.ProtobufRpcEngine2$Server$ProtoBufRpcInvoker.call(ProtobufRpcEngine2.java:595) [hadoop-common-3.3.6.jar:?]
	at org.apache.hadoop.ipc.ProtobufRpcEngine2$Server$ProtoBufRpcInvoker.call(ProtobufRpcEngine2.java:573) [hadoop-common-3.3.6.jar:?]
	at org.apache.hadoop.ipc.RPC$Server.call(RPC.java:1227) [hadoop-common-3.3.6.jar:?]
	at org.apache.hadoop.ipc.Server$RpcCall.run(Server.java:1094) [hadoop-common-3.3.6.jar:?]
	at org.apache.hadoop.ipc.Server$RpcCall.run(Server.java:1017) [hadoop-common-3.3.6.jar:?]
	at java.security.AccessController.doPrivileged(Native Method) ~[?:1.8.0_382]
	at javax.security.auth.Subject.doAs(Subject.java:422) [?:1.8.0_382]
	at org.apache.hadoop.security.UserGroupInformation.doAs(UserGroupInformation.java:1899) [hadoop-common-3.3.6.jar:?]
	at org.apache.hadoop.ipc.Server$Handler.run(Server.java:3048) [hadoop-common-3.3.6.jar:?]
20:29:41.018 [IPC Server handler 15 on default port 15057] ERROR OMAudit - user=runner | ip=127.0.0.1 | op=GET_FILE_STATUS {volume=volume62736, bucket=bucket10134, key=level0/level3/file1, dataSize=0, replicationConfig=null} | ret=FAILURE
org.apache.hadoop.ozone.om.exceptions.OMException: Unable to get file status: volume: volume62736 bucket: bucket10134 key: level0/level3/file1
	at org.apache.hadoop.ozone.om.KeyManagerImpl.getOzoneFileStatus(KeyManagerImpl.java:1195) ~[ozone-manager-1.4.0-SNAPSHOT.jar:?]
	at org.apache.hadoop.ozone.om.KeyManagerImpl.getFileStatus(KeyManagerImpl.java:1113) ~[ozone-manager-1.4.0-SNAPSHOT.jar:?]
	at org.apache.hadoop.ozone.om.OmMetadataReader.getFileStatus(OmMetadataReader.java:262) ~[ozone-manager-1.4.0-SNAPSHOT.jar:?]
	at org.apache.hadoop.ozone.om.OzoneManager.getFileStatus(OzoneManager.java:3530) ~[ozone-manager-1.4.0-SNAPSHOT.jar:?]
	at org.apache.hadoop.ozone.protocolPB.OzoneManagerRequestHandler.getOzoneFileStatus(OzoneManagerRequestHandler.java:971) ~[ozone-manager-1.4.0-SNAPSHOT.jar:?]
	at org.apache.hadoop.ozone.protocolPB.OzoneManagerRequestHandler.handleReadRequest(OzoneManagerRequestHandler.java:250) ~[ozone-manager-1.4.0-SNAPSHOT.jar:?]
	at org.apache.hadoop.ozone.protocolPB.OzoneManagerProtocolServerSideTranslatorPB.submitRequestDirectlyToOM(OzoneManagerProtocolServerSideTranslatorPB.java:274) ~[ozone-manager-1.4.0-SNAPSHOT.jar:?]
	at org.apache.hadoop.ozone.protocolPB.OzoneManagerProtocolServerSideTranslatorPB.processRequest(OzoneManagerProtocolServerSideTranslatorPB.java:175) ~[ozone-manager-1.4.0-SNAPSHOT.jar:?]
	at org.apache.hadoop.hdds.server.OzoneProtocolMessageDispatcher.processRequest(OzoneProtocolMessageDispatcher.java:87) [hdds-server-framework-1.4.0-SNAPSHOT.jar:?]
	at org.apache.hadoop.ozone.protocolPB.OzoneManagerProtocolServerSideTranslatorPB.submitRequest(OzoneManagerProtocolServerSideTranslatorPB.java:148) [ozone-manager-1.4.0-SNAPSHOT.jar:?]
	at org.apache.hadoop.ozone.protocol.proto.OzoneManagerProtocolProtos$OzoneManagerService$2.callBlockingMethod(OzoneManagerProtocolProtos.java) [ozone-interface-client-1.4.0-SNAPSHOT.jar:?]
	at org.apache.hadoop.ipc.ProtobufRpcEngine$Server.processCall(ProtobufRpcEngine.java:484) [hadoop-common-3.3.6.jar:?]
	at org.apache.hadoop.ipc.ProtobufRpcEngine2$Server$ProtoBufRpcInvoker.call(ProtobufRpcEngine2.java:595) [hadoop-common-3.3.6.jar:?]
	at org.apache.hadoop.ipc.ProtobufRpcEngine2$Server$ProtoBufRpcInvoker.call(ProtobufRpcEngine2.java:573) [hadoop-common-3.3.6.jar:?]
	at org.apache.hadoop.ipc.RPC$Server.call(RPC.java:1227) [hadoop-common-3.3.6.jar:?]
	at org.apache.hadoop.ipc.Server$RpcCall.run(Server.java:1094) [hadoop-common-3.3.6.jar:?]
	at org.apache.hadoop.ipc.Server$RpcCall.run(Server.java:1017) [hadoop-common-3.3.6.jar:?]
	at java.security.AccessController.doPrivileged(Native Method) ~[?:1.8.0_382]
	at javax.security.auth.Subject.doAs(Subject.java:422) [?:1.8.0_382]
	at org.apache.hadoop.security.UserGroupInformation.doAs(UserGroupInformation.java:1899) [hadoop-common-3.3.6.jar:?]
	at org.apache.hadoop.ipc.Server$Handler.run(Server.java:3048) [hadoop-common-3.3.6.jar:?]
20:29:41.021 [IPC Server handler 16 on default port 15057] ERROR OMAudit - user=runner | ip=127.0.0.1 | op=GET_FILE_STATUS {volume=volume62736, bucket=bucket10134, key=level0/level3/level3/file1, dataSize=0, replicationConfig=null} | ret=FAILURE
org.apache.hadoop.ozone.om.exceptions.OMException: Unable to get file status: volume: volume62736 bucket: bucket10134 key: level0/level3/level3/file1
	at org.apache.hadoop.ozone.om.KeyManagerImpl.getOzoneFileStatus(KeyManagerImpl.java:1195) ~[ozone-manager-1.4.0-SNAPSHOT.jar:?]
	at org.apache.hadoop.ozone.om.KeyManagerImpl.getFileStatus(KeyManagerImpl.java:1113) ~[ozone-manager-1.4.0-SNAPSHOT.jar:?]
	at org.apache.hadoop.ozone.om.OmMetadataReader.getFileStatus(OmMetadataReader.java:262) ~[ozone-manager-1.4.0-SNAPSHOT.jar:?]
	at org.apache.hadoop.ozone.om.OzoneManager.getFileStatus(OzoneManager.java:3530) ~[ozone-manager-1.4.0-SNAPSHOT.jar:?]
	at org.apache.hadoop.ozone.protocolPB.OzoneManagerRequestHandler.getOzoneFileStatus(OzoneManagerRequestHandler.java:971) ~[ozone-manager-1.4.0-SNAPSHOT.jar:?]
	at org.apache.hadoop.ozone.protocolPB.OzoneManagerRequestHandler.handleReadRequest(OzoneManagerRequestHandler.java:250) ~[ozone-manager-1.4.0-SNAPSHOT.jar:?]
	at org.apache.hadoop.ozone.protocolPB.OzoneManagerProtocolServerSideTranslatorPB.submitRequestDirectlyToOM(OzoneManagerProtocolServerSideTranslatorPB.java:274) ~[ozone-manager-1.4.0-SNAPSHOT.jar:?]
	at org.apache.hadoop.ozone.protocolPB.OzoneManagerProtocolServerSideTranslatorPB.processRequest(OzoneManagerProtocolServerSideTranslatorPB.java:175) ~[ozone-manager-1.4.0-SNAPSHOT.jar:?]
	at org.apache.hadoop.hdds.server.OzoneProtocolMessageDispatcher.processRequest(OzoneProtocolMessageDispatcher.java:87) [hdds-server-framework-1.4.0-SNAPSHOT.jar:?]
	at org.apache.hadoop.ozone.protocolPB.OzoneManagerProtocolServerSideTranslatorPB.submitRequest(OzoneManagerProtocolServerSideTranslatorPB.java:148) [ozone-manager-1.4.0-SNAPSHOT.jar:?]
	at org.apache.hadoop.ozone.protocol.proto.OzoneManagerProtocolProtos$OzoneManagerService$2.callBlockingMethod(OzoneManagerProtocolProtos.java) [ozone-interface-client-1.4.0-SNAPSHOT.jar:?]
	at org.apache.hadoop.ipc.ProtobufRpcEngine$Server.processCall(ProtobufRpcEngine.java:484) [hadoop-common-3.3.6.jar:?]
	at org.apache.hadoop.ipc.ProtobufRpcEngine2$Server$ProtoBufRpcInvoker.call(ProtobufRpcEngine2.java:595) [hadoop-common-3.3.6.jar:?]
	at org.apache.hadoop.ipc.ProtobufRpcEngine2$Server$ProtoBufRpcInvoker.call(ProtobufRpcEngine2.java:573) [hadoop-common-3.3.6.jar:?]
	at org.apache.hadoop.ipc.RPC$Server.call(RPC.java:1227) [hadoop-common-3.3.6.jar:?]
	at org.apache.hadoop.ipc.Server$RpcCall.run(Server.java:1094) [hadoop-common-3.3.6.jar:?]
	at org.apache.hadoop.ipc.Server$RpcCall.run(Server.java:1017) [hadoop-common-3.3.6.jar:?]
	at java.security.AccessController.doPrivileged(Native Method) ~[?:1.8.0_382]
	at javax.security.auth.Subject.doAs(Subject.java:422) [?:1.8.0_382]
	at org.apache.hadoop.security.UserGroupInformation.doAs(UserGroupInformation.java:1899) [hadoop-common-3.3.6.jar:?]
	at org.apache.hadoop.ipc.Server$Handler.run(Server.java:3048) [hadoop-common-3.3.6.jar:?]
]]></system-out>
  </testcase>
  <testcase name="testRecursiveDelete" classname="TestOzoneFileSystem" time="0.254">
    <system-out><![CDATA[20:31:06.407 [IPC Server handler 2 on default port 15110] ERROR OMAudit - user=runner | ip=127.0.0.1 | op=GET_FILE_STATUS {volume=volume50105, bucket=bucket55116, key=gdir1, dataSize=0, replicationConfig=null} | ret=FAILURE
org.apache.hadoop.ozone.om.exceptions.OMException: Unable to get file status: volume: volume50105 bucket: bucket55116 key: gdir1
	at org.apache.hadoop.ozone.om.KeyManagerImpl.getOzoneFileStatus(KeyManagerImpl.java:1195) ~[ozone-manager-1.4.0-SNAPSHOT.jar:?]
	at org.apache.hadoop.ozone.om.KeyManagerImpl.getFileStatus(KeyManagerImpl.java:1113) ~[ozone-manager-1.4.0-SNAPSHOT.jar:?]
	at org.apache.hadoop.ozone.om.OmMetadataReader.getFileStatus(OmMetadataReader.java:262) ~[ozone-manager-1.4.0-SNAPSHOT.jar:?]
	at org.apache.hadoop.ozone.om.OzoneManager.getFileStatus(OzoneManager.java:3530) ~[ozone-manager-1.4.0-SNAPSHOT.jar:?]
	at org.apache.hadoop.ozone.protocolPB.OzoneManagerRequestHandler.getOzoneFileStatus(OzoneManagerRequestHandler.java:971) ~[ozone-manager-1.4.0-SNAPSHOT.jar:?]
	at org.apache.hadoop.ozone.protocolPB.OzoneManagerRequestHandler.handleReadRequest(OzoneManagerRequestHandler.java:250) ~[ozone-manager-1.4.0-SNAPSHOT.jar:?]
	at org.apache.hadoop.ozone.protocolPB.OzoneManagerProtocolServerSideTranslatorPB.submitReadRequestToOM(OzoneManagerProtocolServerSideTranslatorPB.java:225) ~[ozone-manager-1.4.0-SNAPSHOT.jar:?]
	at org.apache.hadoop.ozone.protocolPB.OzoneManagerProtocolServerSideTranslatorPB.processRequest(OzoneManagerProtocolServerSideTranslatorPB.java:179) ~[ozone-manager-1.4.0-SNAPSHOT.jar:?]
	at org.apache.hadoop.hdds.server.OzoneProtocolMessageDispatcher.processRequest(OzoneProtocolMessageDispatcher.java:87) [hdds-server-framework-1.4.0-SNAPSHOT.jar:?]
	at org.apache.hadoop.ozone.protocolPB.OzoneManagerProtocolServerSideTranslatorPB.submitRequest(OzoneManagerProtocolServerSideTranslatorPB.java:148) [ozone-manager-1.4.0-SNAPSHOT.jar:?]
	at org.apache.hadoop.ozone.protocol.proto.OzoneManagerProtocolProtos$OzoneManagerService$2.callBlockingMethod(OzoneManagerProtocolProtos.java) [ozone-interface-client-1.4.0-SNAPSHOT.jar:?]
	at org.apache.hadoop.ipc.ProtobufRpcEngine$Server.processCall(ProtobufRpcEngine.java:484) [hadoop-common-3.3.6.jar:?]
	at org.apache.hadoop.ipc.ProtobufRpcEngine2$Server$ProtoBufRpcInvoker.call(ProtobufRpcEngine2.java:595) [hadoop-common-3.3.6.jar:?]
	at org.apache.hadoop.ipc.ProtobufRpcEngine2$Server$ProtoBufRpcInvoker.call(ProtobufRpcEngine2.java:573) [hadoop-common-3.3.6.jar:?]
	at org.apache.hadoop.ipc.RPC$Server.call(RPC.java:1227) [hadoop-common-3.3.6.jar:?]
	at org.apache.hadoop.ipc.Server$RpcCall.run(Server.java:1094) [hadoop-common-3.3.6.jar:?]
	at org.apache.hadoop.ipc.Server$RpcCall.run(Server.java:1017) [hadoop-common-3.3.6.jar:?]
	at java.security.AccessController.doPrivileged(Native Method) ~[?:1.8.0_382]
	at javax.security.auth.Subject.doAs(Subject.java:422) [?:1.8.0_382]
	at org.apache.hadoop.security.UserGroupInformation.doAs(UserGroupInformation.java:1899) [hadoop-common-3.3.6.jar:?]
	at org.apache.hadoop.ipc.Server$Handler.run(Server.java:3048) [hadoop-common-3.3.6.jar:?]
20:31:06.409 [IPC Server handler 4 on default port 15110] ERROR OMAudit - user=runner | ip=127.0.0.1 | op=GET_FILE_STATUS {volume=volume50105, bucket=bucket55116, key=gdir1/dir1, dataSize=0, replicationConfig=null} | ret=FAILURE
org.apache.hadoop.ozone.om.exceptions.OMException: Unable to get file status: volume: volume50105 bucket: bucket55116 key: gdir1/dir1
	at org.apache.hadoop.ozone.om.KeyManagerImpl.getOzoneFileStatus(KeyManagerImpl.java:1195) ~[ozone-manager-1.4.0-SNAPSHOT.jar:?]
	at org.apache.hadoop.ozone.om.KeyManagerImpl.getFileStatus(KeyManagerImpl.java:1113) ~[ozone-manager-1.4.0-SNAPSHOT.jar:?]
	at org.apache.hadoop.ozone.om.OmMetadataReader.getFileStatus(OmMetadataReader.java:262) ~[ozone-manager-1.4.0-SNAPSHOT.jar:?]
	at org.apache.hadoop.ozone.om.OzoneManager.getFileStatus(OzoneManager.java:3530) ~[ozone-manager-1.4.0-SNAPSHOT.jar:?]
	at org.apache.hadoop.ozone.protocolPB.OzoneManagerRequestHandler.getOzoneFileStatus(OzoneManagerRequestHandler.java:971) ~[ozone-manager-1.4.0-SNAPSHOT.jar:?]
	at org.apache.hadoop.ozone.protocolPB.OzoneManagerRequestHandler.handleReadRequest(OzoneManagerRequestHandler.java:250) ~[ozone-manager-1.4.0-SNAPSHOT.jar:?]
	at org.apache.hadoop.ozone.protocolPB.OzoneManagerProtocolServerSideTranslatorPB.submitReadRequestToOM(OzoneManagerProtocolServerSideTranslatorPB.java:225) ~[ozone-manager-1.4.0-SNAPSHOT.jar:?]
	at org.apache.hadoop.ozone.protocolPB.OzoneManagerProtocolServerSideTranslatorPB.processRequest(OzoneManagerProtocolServerSideTranslatorPB.java:179) ~[ozone-manager-1.4.0-SNAPSHOT.jar:?]
	at org.apache.hadoop.hdds.server.OzoneProtocolMessageDispatcher.processRequest(OzoneProtocolMessageDispatcher.java:87) [hdds-server-framework-1.4.0-SNAPSHOT.jar:?]
	at org.apache.hadoop.ozone.protocolPB.OzoneManagerProtocolServerSideTranslatorPB.submitRequest(OzoneManagerProtocolServerSideTranslatorPB.java:148) [ozone-manager-1.4.0-SNAPSHOT.jar:?]
	at org.apache.hadoop.ozone.protocol.proto.OzoneManagerProtocolProtos$OzoneManagerService$2.callBlockingMethod(OzoneManagerProtocolProtos.java) [ozone-interface-client-1.4.0-SNAPSHOT.jar:?]
	at org.apache.hadoop.ipc.ProtobufRpcEngine$Server.processCall(ProtobufRpcEngine.java:484) [hadoop-common-3.3.6.jar:?]
	at org.apache.hadoop.ipc.ProtobufRpcEngine2$Server$ProtoBufRpcInvoker.call(ProtobufRpcEngine2.java:595) [hadoop-common-3.3.6.jar:?]
	at org.apache.hadoop.ipc.ProtobufRpcEngine2$Server$ProtoBufRpcInvoker.call(ProtobufRpcEngine2.java:573) [hadoop-common-3.3.6.jar:?]
	at org.apache.hadoop.ipc.RPC$Server.call(RPC.java:1227) [hadoop-common-3.3.6.jar:?]
	at org.apache.hadoop.ipc.Server$RpcCall.run(Server.java:1094) [hadoop-common-3.3.6.jar:?]
	at org.apache.hadoop.ipc.Server$RpcCall.run(Server.java:1017) [hadoop-common-3.3.6.jar:?]
	at java.security.AccessController.doPrivileged(Native Method) ~[?:1.8.0_382]
	at javax.security.auth.Subject.doAs(Subject.java:422) [?:1.8.0_382]
	at org.apache.hadoop.security.UserGroupInformation.doAs(UserGroupInformation.java:1899) [hadoop-common-3.3.6.jar:?]
	at org.apache.hadoop.ipc.Server$Handler.run(Server.java:3048) [hadoop-common-3.3.6.jar:?]
20:31:06.410 [IPC Server handler 1 on default port 15110] ERROR OMAudit - user=runner | ip=127.0.0.1 | op=GET_FILE_STATUS {volume=volume50105, bucket=bucket55116, key=gdir1/dir1/child, dataSize=0, replicationConfig=null} | ret=FAILURE
org.apache.hadoop.ozone.om.exceptions.OMException: Unable to get file status: volume: volume50105 bucket: bucket55116 key: gdir1/dir1/child
	at org.apache.hadoop.ozone.om.KeyManagerImpl.getOzoneFileStatus(KeyManagerImpl.java:1195) ~[ozone-manager-1.4.0-SNAPSHOT.jar:?]
	at org.apache.hadoop.ozone.om.KeyManagerImpl.getFileStatus(KeyManagerImpl.java:1113) ~[ozone-manager-1.4.0-SNAPSHOT.jar:?]
	at org.apache.hadoop.ozone.om.OmMetadataReader.getFileStatus(OmMetadataReader.java:262) ~[ozone-manager-1.4.0-SNAPSHOT.jar:?]
	at org.apache.hadoop.ozone.om.OzoneManager.getFileStatus(OzoneManager.java:3530) ~[ozone-manager-1.4.0-SNAPSHOT.jar:?]
	at org.apache.hadoop.ozone.protocolPB.OzoneManagerRequestHandler.getOzoneFileStatus(OzoneManagerRequestHandler.java:971) ~[ozone-manager-1.4.0-SNAPSHOT.jar:?]
	at org.apache.hadoop.ozone.protocolPB.OzoneManagerRequestHandler.handleReadRequest(OzoneManagerRequestHandler.java:250) ~[ozone-manager-1.4.0-SNAPSHOT.jar:?]
	at org.apache.hadoop.ozone.protocolPB.OzoneManagerProtocolServerSideTranslatorPB.submitReadRequestToOM(OzoneManagerProtocolServerSideTranslatorPB.java:225) ~[ozone-manager-1.4.0-SNAPSHOT.jar:?]
	at org.apache.hadoop.ozone.protocolPB.OzoneManagerProtocolServerSideTranslatorPB.processRequest(OzoneManagerProtocolServerSideTranslatorPB.java:179) ~[ozone-manager-1.4.0-SNAPSHOT.jar:?]
	at org.apache.hadoop.hdds.server.OzoneProtocolMessageDispatcher.processRequest(OzoneProtocolMessageDispatcher.java:87) [hdds-server-framework-1.4.0-SNAPSHOT.jar:?]
	at org.apache.hadoop.ozone.protocolPB.OzoneManagerProtocolServerSideTranslatorPB.submitRequest(OzoneManagerProtocolServerSideTranslatorPB.java:148) [ozone-manager-1.4.0-SNAPSHOT.jar:?]
	at org.apache.hadoop.ozone.protocol.proto.OzoneManagerProtocolProtos$OzoneManagerService$2.callBlockingMethod(OzoneManagerProtocolProtos.java) [ozone-interface-client-1.4.0-SNAPSHOT.jar:?]
	at org.apache.hadoop.ipc.ProtobufRpcEngine$Server.processCall(ProtobufRpcEngine.java:484) [hadoop-common-3.3.6.jar:?]
	at org.apache.hadoop.ipc.ProtobufRpcEngine2$Server$ProtoBufRpcInvoker.call(ProtobufRpcEngine2.java:595) [hadoop-common-3.3.6.jar:?]
	at org.apache.hadoop.ipc.ProtobufRpcEngine2$Server$ProtoBufRpcInvoker.call(ProtobufRpcEngine2.java:573) [hadoop-common-3.3.6.jar:?]
	at org.apache.hadoop.ipc.RPC$Server.call(RPC.java:1227) [hadoop-common-3.3.6.jar:?]
	at org.apache.hadoop.ipc.Server$RpcCall.run(Server.java:1094) [hadoop-common-3.3.6.jar:?]
	at org.apache.hadoop.ipc.Server$RpcCall.run(Server.java:1017) [hadoop-common-3.3.6.jar:?]
	at java.security.AccessController.doPrivileged(Native Method) ~[?:1.8.0_382]
	at javax.security.auth.Subject.doAs(Subject.java:422) [?:1.8.0_382]
	at org.apache.hadoop.security.UserGroupInformation.doAs(UserGroupInformation.java:1899) [hadoop-common-3.3.6.jar:?]
	at org.apache.hadoop.ipc.Server$Handler.run(Server.java:3048) [hadoop-common-3.3.6.jar:?]
20:31:06.411 [IPC Server handler 7 on default port 15110] ERROR OMAudit - user=runner | ip=127.0.0.1 | op=GET_FILE_STATUS {volume=volume50105, bucket=bucket55116, key=gdir1/dir2, dataSize=0, replicationConfig=null} | ret=FAILURE
org.apache.hadoop.ozone.om.exceptions.OMException: Unable to get file status: volume: volume50105 bucket: bucket55116 key: gdir1/dir2
	at org.apache.hadoop.ozone.om.KeyManagerImpl.getOzoneFileStatus(KeyManagerImpl.java:1195) ~[ozone-manager-1.4.0-SNAPSHOT.jar:?]
	at org.apache.hadoop.ozone.om.KeyManagerImpl.getFileStatus(KeyManagerImpl.java:1113) ~[ozone-manager-1.4.0-SNAPSHOT.jar:?]
	at org.apache.hadoop.ozone.om.OmMetadataReader.getFileStatus(OmMetadataReader.java:262) ~[ozone-manager-1.4.0-SNAPSHOT.jar:?]
	at org.apache.hadoop.ozone.om.OzoneManager.getFileStatus(OzoneManager.java:3530) ~[ozone-manager-1.4.0-SNAPSHOT.jar:?]
	at org.apache.hadoop.ozone.protocolPB.OzoneManagerRequestHandler.getOzoneFileStatus(OzoneManagerRequestHandler.java:971) ~[ozone-manager-1.4.0-SNAPSHOT.jar:?]
	at org.apache.hadoop.ozone.protocolPB.OzoneManagerRequestHandler.handleReadRequest(OzoneManagerRequestHandler.java:250) ~[ozone-manager-1.4.0-SNAPSHOT.jar:?]
	at org.apache.hadoop.ozone.protocolPB.OzoneManagerProtocolServerSideTranslatorPB.submitReadRequestToOM(OzoneManagerProtocolServerSideTranslatorPB.java:225) ~[ozone-manager-1.4.0-SNAPSHOT.jar:?]
	at org.apache.hadoop.ozone.protocolPB.OzoneManagerProtocolServerSideTranslatorPB.processRequest(OzoneManagerProtocolServerSideTranslatorPB.java:179) ~[ozone-manager-1.4.0-SNAPSHOT.jar:?]
	at org.apache.hadoop.hdds.server.OzoneProtocolMessageDispatcher.processRequest(OzoneProtocolMessageDispatcher.java:87) [hdds-server-framework-1.4.0-SNAPSHOT.jar:?]
	at org.apache.hadoop.ozone.protocolPB.OzoneManagerProtocolServerSideTranslatorPB.submitRequest(OzoneManagerProtocolServerSideTranslatorPB.java:148) [ozone-manager-1.4.0-SNAPSHOT.jar:?]
	at org.apache.hadoop.ozone.protocol.proto.OzoneManagerProtocolProtos$OzoneManagerService$2.callBlockingMethod(OzoneManagerProtocolProtos.java) [ozone-interface-client-1.4.0-SNAPSHOT.jar:?]
	at org.apache.hadoop.ipc.ProtobufRpcEngine$Server.processCall(ProtobufRpcEngine.java:484) [hadoop-common-3.3.6.jar:?]
	at org.apache.hadoop.ipc.ProtobufRpcEngine2$Server$ProtoBufRpcInvoker.call(ProtobufRpcEngine2.java:595) [hadoop-common-3.3.6.jar:?]
	at org.apache.hadoop.ipc.ProtobufRpcEngine2$Server$ProtoBufRpcInvoker.call(ProtobufRpcEngine2.java:573) [hadoop-common-3.3.6.jar:?]
	at org.apache.hadoop.ipc.RPC$Server.call(RPC.java:1227) [hadoop-common-3.3.6.jar:?]
	at org.apache.hadoop.ipc.Server$RpcCall.run(Server.java:1094) [hadoop-common-3.3.6.jar:?]
	at org.apache.hadoop.ipc.Server$RpcCall.run(Server.java:1017) [hadoop-common-3.3.6.jar:?]
	at java.security.AccessController.doPrivileged(Native Method) ~[?:1.8.0_382]
	at javax.security.auth.Subject.doAs(Subject.java:422) [?:1.8.0_382]
	at org.apache.hadoop.security.UserGroupInformation.doAs(UserGroupInformation.java:1899) [hadoop-common-3.3.6.jar:?]
	at org.apache.hadoop.ipc.Server$Handler.run(Server.java:3048) [hadoop-common-3.3.6.jar:?]
20:31:06.412 [IPC Server handler 8 on default port 15110] ERROR OMAudit - user=runner | ip=127.0.0.1 | op=GET_FILE_STATUS {volume=volume50105, bucket=bucket55116, key=gdir1/dir2/child, dataSize=0, replicationConfig=null} | ret=FAILURE
org.apache.hadoop.ozone.om.exceptions.OMException: Unable to get file status: volume: volume50105 bucket: bucket55116 key: gdir1/dir2/child
	at org.apache.hadoop.ozone.om.KeyManagerImpl.getOzoneFileStatus(KeyManagerImpl.java:1195) ~[ozone-manager-1.4.0-SNAPSHOT.jar:?]
	at org.apache.hadoop.ozone.om.KeyManagerImpl.getFileStatus(KeyManagerImpl.java:1113) ~[ozone-manager-1.4.0-SNAPSHOT.jar:?]
	at org.apache.hadoop.ozone.om.OmMetadataReader.getFileStatus(OmMetadataReader.java:262) ~[ozone-manager-1.4.0-SNAPSHOT.jar:?]
	at org.apache.hadoop.ozone.om.OzoneManager.getFileStatus(OzoneManager.java:3530) ~[ozone-manager-1.4.0-SNAPSHOT.jar:?]
	at org.apache.hadoop.ozone.protocolPB.OzoneManagerRequestHandler.getOzoneFileStatus(OzoneManagerRequestHandler.java:971) ~[ozone-manager-1.4.0-SNAPSHOT.jar:?]
	at org.apache.hadoop.ozone.protocolPB.OzoneManagerRequestHandler.handleReadRequest(OzoneManagerRequestHandler.java:250) ~[ozone-manager-1.4.0-SNAPSHOT.jar:?]
	at org.apache.hadoop.ozone.protocolPB.OzoneManagerProtocolServerSideTranslatorPB.submitReadRequestToOM(OzoneManagerProtocolServerSideTranslatorPB.java:225) ~[ozone-manager-1.4.0-SNAPSHOT.jar:?]
	at org.apache.hadoop.ozone.protocolPB.OzoneManagerProtocolServerSideTranslatorPB.processRequest(OzoneManagerProtocolServerSideTranslatorPB.java:179) ~[ozone-manager-1.4.0-SNAPSHOT.jar:?]
	at org.apache.hadoop.hdds.server.OzoneProtocolMessageDispatcher.processRequest(OzoneProtocolMessageDispatcher.java:87) [hdds-server-framework-1.4.0-SNAPSHOT.jar:?]
	at org.apache.hadoop.ozone.protocolPB.OzoneManagerProtocolServerSideTranslatorPB.submitRequest(OzoneManagerProtocolServerSideTranslatorPB.java:148) [ozone-manager-1.4.0-SNAPSHOT.jar:?]
	at org.apache.hadoop.ozone.protocol.proto.OzoneManagerProtocolProtos$OzoneManagerService$2.callBlockingMethod(OzoneManagerProtocolProtos.java) [ozone-interface-client-1.4.0-SNAPSHOT.jar:?]
	at org.apache.hadoop.ipc.ProtobufRpcEngine$Server.processCall(ProtobufRpcEngine.java:484) [hadoop-common-3.3.6.jar:?]
	at org.apache.hadoop.ipc.ProtobufRpcEngine2$Server$ProtoBufRpcInvoker.call(ProtobufRpcEngine2.java:595) [hadoop-common-3.3.6.jar:?]
	at org.apache.hadoop.ipc.ProtobufRpcEngine2$Server$ProtoBufRpcInvoker.call(ProtobufRpcEngine2.java:573) [hadoop-common-3.3.6.jar:?]
	at org.apache.hadoop.ipc.RPC$Server.call(RPC.java:1227) [hadoop-common-3.3.6.jar:?]
	at org.apache.hadoop.ipc.Server$RpcCall.run(Server.java:1094) [hadoop-common-3.3.6.jar:?]
	at org.apache.hadoop.ipc.Server$RpcCall.run(Server.java:1017) [hadoop-common-3.3.6.jar:?]
	at java.security.AccessController.doPrivileged(Native Method) ~[?:1.8.0_382]
	at javax.security.auth.Subject.doAs(Subject.java:422) [?:1.8.0_382]
	at org.apache.hadoop.security.UserGroupInformation.doAs(UserGroupInformation.java:1899) [hadoop-common-3.3.6.jar:?]
	at org.apache.hadoop.ipc.Server$Handler.run(Server.java:3048) [hadoop-common-3.3.6.jar:?]
20:31:06.413 [IPC Server handler 12 on default port 15110] ERROR OMAudit - user=runner | ip=127.0.0.1 | op=GET_FILE_STATUS {volume=volume50105, bucket=bucket55116, key=gdir1/dir3, dataSize=0, replicationConfig=null} | ret=FAILURE
org.apache.hadoop.ozone.om.exceptions.OMException: Unable to get file status: volume: volume50105 bucket: bucket55116 key: gdir1/dir3
	at org.apache.hadoop.ozone.om.KeyManagerImpl.getOzoneFileStatus(KeyManagerImpl.java:1195) ~[ozone-manager-1.4.0-SNAPSHOT.jar:?]
	at org.apache.hadoop.ozone.om.KeyManagerImpl.getFileStatus(KeyManagerImpl.java:1113) ~[ozone-manager-1.4.0-SNAPSHOT.jar:?]
	at org.apache.hadoop.ozone.om.OmMetadataReader.getFileStatus(OmMetadataReader.java:262) ~[ozone-manager-1.4.0-SNAPSHOT.jar:?]
	at org.apache.hadoop.ozone.om.OzoneManager.getFileStatus(OzoneManager.java:3530) ~[ozone-manager-1.4.0-SNAPSHOT.jar:?]
	at org.apache.hadoop.ozone.protocolPB.OzoneManagerRequestHandler.getOzoneFileStatus(OzoneManagerRequestHandler.java:971) ~[ozone-manager-1.4.0-SNAPSHOT.jar:?]
	at org.apache.hadoop.ozone.protocolPB.OzoneManagerRequestHandler.handleReadRequest(OzoneManagerRequestHandler.java:250) ~[ozone-manager-1.4.0-SNAPSHOT.jar:?]
	at org.apache.hadoop.ozone.protocolPB.OzoneManagerProtocolServerSideTranslatorPB.submitReadRequestToOM(OzoneManagerProtocolServerSideTranslatorPB.java:225) ~[ozone-manager-1.4.0-SNAPSHOT.jar:?]
	at org.apache.hadoop.ozone.protocolPB.OzoneManagerProtocolServerSideTranslatorPB.processRequest(OzoneManagerProtocolServerSideTranslatorPB.java:179) ~[ozone-manager-1.4.0-SNAPSHOT.jar:?]
	at org.apache.hadoop.hdds.server.OzoneProtocolMessageDispatcher.processRequest(OzoneProtocolMessageDispatcher.java:87) [hdds-server-framework-1.4.0-SNAPSHOT.jar:?]
	at org.apache.hadoop.ozone.protocolPB.OzoneManagerProtocolServerSideTranslatorPB.submitRequest(OzoneManagerProtocolServerSideTranslatorPB.java:148) [ozone-manager-1.4.0-SNAPSHOT.jar:?]
	at org.apache.hadoop.ozone.protocol.proto.OzoneManagerProtocolProtos$OzoneManagerService$2.callBlockingMethod(OzoneManagerProtocolProtos.java) [ozone-interface-client-1.4.0-SNAPSHOT.jar:?]
	at org.apache.hadoop.ipc.ProtobufRpcEngine$Server.processCall(ProtobufRpcEngine.java:484) [hadoop-common-3.3.6.jar:?]
	at org.apache.hadoop.ipc.ProtobufRpcEngine2$Server$ProtoBufRpcInvoker.call(ProtobufRpcEngine2.java:595) [hadoop-common-3.3.6.jar:?]
	at org.apache.hadoop.ipc.ProtobufRpcEngine2$Server$ProtoBufRpcInvoker.call(ProtobufRpcEngine2.java:573) [hadoop-common-3.3.6.jar:?]
	at org.apache.hadoop.ipc.RPC$Server.call(RPC.java:1227) [hadoop-common-3.3.6.jar:?]
	at org.apache.hadoop.ipc.Server$RpcCall.run(Server.java:1094) [hadoop-common-3.3.6.jar:?]
	at org.apache.hadoop.ipc.Server$RpcCall.run(Server.java:1017) [hadoop-common-3.3.6.jar:?]
	at java.security.AccessController.doPrivileged(Native Method) ~[?:1.8.0_382]
	at javax.security.auth.Subject.doAs(Subject.java:422) [?:1.8.0_382]
	at org.apache.hadoop.security.UserGroupInformation.doAs(UserGroupInformation.java:1899) [hadoop-common-3.3.6.jar:?]
	at org.apache.hadoop.ipc.Server$Handler.run(Server.java:3048) [hadoop-common-3.3.6.jar:?]
20:31:06.414 [IPC Server handler 11 on default port 15110] ERROR OMAudit - user=runner | ip=127.0.0.1 | op=GET_FILE_STATUS {volume=volume50105, bucket=bucket55116, key=gdir1/dir3/child, dataSize=0, replicationConfig=null} | ret=FAILURE
org.apache.hadoop.ozone.om.exceptions.OMException: Unable to get file status: volume: volume50105 bucket: bucket55116 key: gdir1/dir3/child
	at org.apache.hadoop.ozone.om.KeyManagerImpl.getOzoneFileStatus(KeyManagerImpl.java:1195) ~[ozone-manager-1.4.0-SNAPSHOT.jar:?]
	at org.apache.hadoop.ozone.om.KeyManagerImpl.getFileStatus(KeyManagerImpl.java:1113) ~[ozone-manager-1.4.0-SNAPSHOT.jar:?]
	at org.apache.hadoop.ozone.om.OmMetadataReader.getFileStatus(OmMetadataReader.java:262) ~[ozone-manager-1.4.0-SNAPSHOT.jar:?]
	at org.apache.hadoop.ozone.om.OzoneManager.getFileStatus(OzoneManager.java:3530) ~[ozone-manager-1.4.0-SNAPSHOT.jar:?]
	at org.apache.hadoop.ozone.protocolPB.OzoneManagerRequestHandler.getOzoneFileStatus(OzoneManagerRequestHandler.java:971) ~[ozone-manager-1.4.0-SNAPSHOT.jar:?]
	at org.apache.hadoop.ozone.protocolPB.OzoneManagerRequestHandler.handleReadRequest(OzoneManagerRequestHandler.java:250) ~[ozone-manager-1.4.0-SNAPSHOT.jar:?]
	at org.apache.hadoop.ozone.protocolPB.OzoneManagerProtocolServerSideTranslatorPB.submitReadRequestToOM(OzoneManagerProtocolServerSideTranslatorPB.java:225) ~[ozone-manager-1.4.0-SNAPSHOT.jar:?]
	at org.apache.hadoop.ozone.protocolPB.OzoneManagerProtocolServerSideTranslatorPB.processRequest(OzoneManagerProtocolServerSideTranslatorPB.java:179) ~[ozone-manager-1.4.0-SNAPSHOT.jar:?]
	at org.apache.hadoop.hdds.server.OzoneProtocolMessageDispatcher.processRequest(OzoneProtocolMessageDispatcher.java:87) [hdds-server-framework-1.4.0-SNAPSHOT.jar:?]
	at org.apache.hadoop.ozone.protocolPB.OzoneManagerProtocolServerSideTranslatorPB.submitRequest(OzoneManagerProtocolServerSideTranslatorPB.java:148) [ozone-manager-1.4.0-SNAPSHOT.jar:?]
	at org.apache.hadoop.ozone.protocol.proto.OzoneManagerProtocolProtos$OzoneManagerService$2.callBlockingMethod(OzoneManagerProtocolProtos.java) [ozone-interface-client-1.4.0-SNAPSHOT.jar:?]
	at org.apache.hadoop.ipc.ProtobufRpcEngine$Server.processCall(ProtobufRpcEngine.java:484) [hadoop-common-3.3.6.jar:?]
	at org.apache.hadoop.ipc.ProtobufRpcEngine2$Server$ProtoBufRpcInvoker.call(ProtobufRpcEngine2.java:595) [hadoop-common-3.3.6.jar:?]
	at org.apache.hadoop.ipc.ProtobufRpcEngine2$Server$ProtoBufRpcInvoker.call(ProtobufRpcEngine2.java:573) [hadoop-common-3.3.6.jar:?]
	at org.apache.hadoop.ipc.RPC$Server.call(RPC.java:1227) [hadoop-common-3.3.6.jar:?]
	at org.apache.hadoop.ipc.Server$RpcCall.run(Server.java:1094) [hadoop-common-3.3.6.jar:?]
	at org.apache.hadoop.ipc.Server$RpcCall.run(Server.java:1017) [hadoop-common-3.3.6.jar:?]
	at java.security.AccessController.doPrivileged(Native Method) ~[?:1.8.0_382]
	at javax.security.auth.Subject.doAs(Subject.java:422) [?:1.8.0_382]
	at org.apache.hadoop.security.UserGroupInformation.doAs(UserGroupInformation.java:1899) [hadoop-common-3.3.6.jar:?]
	at org.apache.hadoop.ipc.Server$Handler.run(Server.java:3048) [hadoop-common-3.3.6.jar:?]
20:31:06.415 [IPC Server handler 14 on default port 15110] ERROR OMAudit - user=runner | ip=127.0.0.1 | op=GET_FILE_STATUS {volume=volume50105, bucket=bucket55116, key=gdir1/dir4, dataSize=0, replicationConfig=null} | ret=FAILURE
org.apache.hadoop.ozone.om.exceptions.OMException: Unable to get file status: volume: volume50105 bucket: bucket55116 key: gdir1/dir4
	at org.apache.hadoop.ozone.om.KeyManagerImpl.getOzoneFileStatus(KeyManagerImpl.java:1195) ~[ozone-manager-1.4.0-SNAPSHOT.jar:?]
	at org.apache.hadoop.ozone.om.KeyManagerImpl.getFileStatus(KeyManagerImpl.java:1113) ~[ozone-manager-1.4.0-SNAPSHOT.jar:?]
	at org.apache.hadoop.ozone.om.OmMetadataReader.getFileStatus(OmMetadataReader.java:262) ~[ozone-manager-1.4.0-SNAPSHOT.jar:?]
	at org.apache.hadoop.ozone.om.OzoneManager.getFileStatus(OzoneManager.java:3530) ~[ozone-manager-1.4.0-SNAPSHOT.jar:?]
	at org.apache.hadoop.ozone.protocolPB.OzoneManagerRequestHandler.getOzoneFileStatus(OzoneManagerRequestHandler.java:971) ~[ozone-manager-1.4.0-SNAPSHOT.jar:?]
	at org.apache.hadoop.ozone.protocolPB.OzoneManagerRequestHandler.handleReadRequest(OzoneManagerRequestHandler.java:250) ~[ozone-manager-1.4.0-SNAPSHOT.jar:?]
	at org.apache.hadoop.ozone.protocolPB.OzoneManagerProtocolServerSideTranslatorPB.submitReadRequestToOM(OzoneManagerProtocolServerSideTranslatorPB.java:225) ~[ozone-manager-1.4.0-SNAPSHOT.jar:?]
	at org.apache.hadoop.ozone.protocolPB.OzoneManagerProtocolServerSideTranslatorPB.processRequest(OzoneManagerProtocolServerSideTranslatorPB.java:179) ~[ozone-manager-1.4.0-SNAPSHOT.jar:?]
	at org.apache.hadoop.hdds.server.OzoneProtocolMessageDispatcher.processRequest(OzoneProtocolMessageDispatcher.java:87) [hdds-server-framework-1.4.0-SNAPSHOT.jar:?]
	at org.apache.hadoop.ozone.protocolPB.OzoneManagerProtocolServerSideTranslatorPB.submitRequest(OzoneManagerProtocolServerSideTranslatorPB.java:148) [ozone-manager-1.4.0-SNAPSHOT.jar:?]
	at org.apache.hadoop.ozone.protocol.proto.OzoneManagerProtocolProtos$OzoneManagerService$2.callBlockingMethod(OzoneManagerProtocolProtos.java) [ozone-interface-client-1.4.0-SNAPSHOT.jar:?]
	at org.apache.hadoop.ipc.ProtobufRpcEngine$Server.processCall(ProtobufRpcEngine.java:484) [hadoop-common-3.3.6.jar:?]
	at org.apache.hadoop.ipc.ProtobufRpcEngine2$Server$ProtoBufRpcInvoker.call(ProtobufRpcEngine2.java:595) [hadoop-common-3.3.6.jar:?]
	at org.apache.hadoop.ipc.ProtobufRpcEngine2$Server$ProtoBufRpcInvoker.call(ProtobufRpcEngine2.java:573) [hadoop-common-3.3.6.jar:?]
	at org.apache.hadoop.ipc.RPC$Server.call(RPC.java:1227) [hadoop-common-3.3.6.jar:?]
	at org.apache.hadoop.ipc.Server$RpcCall.run(Server.java:1094) [hadoop-common-3.3.6.jar:?]
	at org.apache.hadoop.ipc.Server$RpcCall.run(Server.java:1017) [hadoop-common-3.3.6.jar:?]
	at java.security.AccessController.doPrivileged(Native Method) ~[?:1.8.0_382]
	at javax.security.auth.Subject.doAs(Subject.java:422) [?:1.8.0_382]
	at org.apache.hadoop.security.UserGroupInformation.doAs(UserGroupInformation.java:1899) [hadoop-common-3.3.6.jar:?]
	at org.apache.hadoop.ipc.Server$Handler.run(Server.java:3048) [hadoop-common-3.3.6.jar:?]
20:31:06.416 [IPC Server handler 3 on default port 15110] ERROR OMAudit - user=runner | ip=127.0.0.1 | op=GET_FILE_STATUS {volume=volume50105, bucket=bucket55116, key=gdir1/dir4/child, dataSize=0, replicationConfig=null} | ret=FAILURE
org.apache.hadoop.ozone.om.exceptions.OMException: Unable to get file status: volume: volume50105 bucket: bucket55116 key: gdir1/dir4/child
	at org.apache.hadoop.ozone.om.KeyManagerImpl.getOzoneFileStatus(KeyManagerImpl.java:1195) ~[ozone-manager-1.4.0-SNAPSHOT.jar:?]
	at org.apache.hadoop.ozone.om.KeyManagerImpl.getFileStatus(KeyManagerImpl.java:1113) ~[ozone-manager-1.4.0-SNAPSHOT.jar:?]
	at org.apache.hadoop.ozone.om.OmMetadataReader.getFileStatus(OmMetadataReader.java:262) ~[ozone-manager-1.4.0-SNAPSHOT.jar:?]
	at org.apache.hadoop.ozone.om.OzoneManager.getFileStatus(OzoneManager.java:3530) ~[ozone-manager-1.4.0-SNAPSHOT.jar:?]
	at org.apache.hadoop.ozone.protocolPB.OzoneManagerRequestHandler.getOzoneFileStatus(OzoneManagerRequestHandler.java:971) ~[ozone-manager-1.4.0-SNAPSHOT.jar:?]
	at org.apache.hadoop.ozone.protocolPB.OzoneManagerRequestHandler.handleReadRequest(OzoneManagerRequestHandler.java:250) ~[ozone-manager-1.4.0-SNAPSHOT.jar:?]
	at org.apache.hadoop.ozone.protocolPB.OzoneManagerProtocolServerSideTranslatorPB.submitReadRequestToOM(OzoneManagerProtocolServerSideTranslatorPB.java:225) ~[ozone-manager-1.4.0-SNAPSHOT.jar:?]
	at org.apache.hadoop.ozone.protocolPB.OzoneManagerProtocolServerSideTranslatorPB.processRequest(OzoneManagerProtocolServerSideTranslatorPB.java:179) ~[ozone-manager-1.4.0-SNAPSHOT.jar:?]
	at org.apache.hadoop.hdds.server.OzoneProtocolMessageDispatcher.processRequest(OzoneProtocolMessageDispatcher.java:87) [hdds-server-framework-1.4.0-SNAPSHOT.jar:?]
	at org.apache.hadoop.ozone.protocolPB.OzoneManagerProtocolServerSideTranslatorPB.submitRequest(OzoneManagerProtocolServerSideTranslatorPB.java:148) [ozone-manager-1.4.0-SNAPSHOT.jar:?]
	at org.apache.hadoop.ozone.protocol.proto.OzoneManagerProtocolProtos$OzoneManagerService$2.callBlockingMethod(OzoneManagerProtocolProtos.java) [ozone-interface-client-1.4.0-SNAPSHOT.jar:?]
	at org.apache.hadoop.ipc.ProtobufRpcEngine$Server.processCall(ProtobufRpcEngine.java:484) [hadoop-common-3.3.6.jar:?]
	at org.apache.hadoop.ipc.ProtobufRpcEngine2$Server$ProtoBufRpcInvoker.call(ProtobufRpcEngine2.java:595) [hadoop-common-3.3.6.jar:?]
	at org.apache.hadoop.ipc.ProtobufRpcEngine2$Server$ProtoBufRpcInvoker.call(ProtobufRpcEngine2.java:573) [hadoop-common-3.3.6.jar:?]
	at org.apache.hadoop.ipc.RPC$Server.call(RPC.java:1227) [hadoop-common-3.3.6.jar:?]
	at org.apache.hadoop.ipc.Server$RpcCall.run(Server.java:1094) [hadoop-common-3.3.6.jar:?]
	at org.apache.hadoop.ipc.Server$RpcCall.run(Server.java:1017) [hadoop-common-3.3.6.jar:?]
	at java.security.AccessController.doPrivileged(Native Method) ~[?:1.8.0_382]
	at javax.security.auth.Subject.doAs(Subject.java:422) [?:1.8.0_382]
	at org.apache.hadoop.security.UserGroupInformation.doAs(UserGroupInformation.java:1899) [hadoop-common-3.3.6.jar:?]
	at org.apache.hadoop.ipc.Server$Handler.run(Server.java:3048) [hadoop-common-3.3.6.jar:?]
20:31:06.417 [IPC Server handler 6 on default port 15110] ERROR OMAudit - user=runner | ip=127.0.0.1 | op=GET_FILE_STATUS {volume=volume50105, bucket=bucket55116, key=gdir1/dir5, dataSize=0, replicationConfig=null} | ret=FAILURE
org.apache.hadoop.ozone.om.exceptions.OMException: Unable to get file status: volume: volume50105 bucket: bucket55116 key: gdir1/dir5
	at org.apache.hadoop.ozone.om.KeyManagerImpl.getOzoneFileStatus(KeyManagerImpl.java:1195) ~[ozone-manager-1.4.0-SNAPSHOT.jar:?]
	at org.apache.hadoop.ozone.om.KeyManagerImpl.getFileStatus(KeyManagerImpl.java:1113) ~[ozone-manager-1.4.0-SNAPSHOT.jar:?]
	at org.apache.hadoop.ozone.om.OmMetadataReader.getFileStatus(OmMetadataReader.java:262) ~[ozone-manager-1.4.0-SNAPSHOT.jar:?]
	at org.apache.hadoop.ozone.om.OzoneManager.getFileStatus(OzoneManager.java:3530) ~[ozone-manager-1.4.0-SNAPSHOT.jar:?]
	at org.apache.hadoop.ozone.protocolPB.OzoneManagerRequestHandler.getOzoneFileStatus(OzoneManagerRequestHandler.java:971) ~[ozone-manager-1.4.0-SNAPSHOT.jar:?]
	at org.apache.hadoop.ozone.protocolPB.OzoneManagerRequestHandler.handleReadRequest(OzoneManagerRequestHandler.java:250) ~[ozone-manager-1.4.0-SNAPSHOT.jar:?]
	at org.apache.hadoop.ozone.protocolPB.OzoneManagerProtocolServerSideTranslatorPB.submitReadRequestToOM(OzoneManagerProtocolServerSideTranslatorPB.java:225) ~[ozone-manager-1.4.0-SNAPSHOT.jar:?]
	at org.apache.hadoop.ozone.protocolPB.OzoneManagerProtocolServerSideTranslatorPB.processRequest(OzoneManagerProtocolServerSideTranslatorPB.java:179) ~[ozone-manager-1.4.0-SNAPSHOT.jar:?]
	at org.apache.hadoop.hdds.server.OzoneProtocolMessageDispatcher.processRequest(OzoneProtocolMessageDispatcher.java:87) [hdds-server-framework-1.4.0-SNAPSHOT.jar:?]
	at org.apache.hadoop.ozone.protocolPB.OzoneManagerProtocolServerSideTranslatorPB.submitRequest(OzoneManagerProtocolServerSideTranslatorPB.java:148) [ozone-manager-1.4.0-SNAPSHOT.jar:?]
	at org.apache.hadoop.ozone.protocol.proto.OzoneManagerProtocolProtos$OzoneManagerService$2.callBlockingMethod(OzoneManagerProtocolProtos.java) [ozone-interface-client-1.4.0-SNAPSHOT.jar:?]
	at org.apache.hadoop.ipc.ProtobufRpcEngine$Server.processCall(ProtobufRpcEngine.java:484) [hadoop-common-3.3.6.jar:?]
	at org.apache.hadoop.ipc.ProtobufRpcEngine2$Server$ProtoBufRpcInvoker.call(ProtobufRpcEngine2.java:595) [hadoop-common-3.3.6.jar:?]
	at org.apache.hadoop.ipc.ProtobufRpcEngine2$Server$ProtoBufRpcInvoker.call(ProtobufRpcEngine2.java:573) [hadoop-common-3.3.6.jar:?]
	at org.apache.hadoop.ipc.RPC$Server.call(RPC.java:1227) [hadoop-common-3.3.6.jar:?]
	at org.apache.hadoop.ipc.Server$RpcCall.run(Server.java:1094) [hadoop-common-3.3.6.jar:?]
	at org.apache.hadoop.ipc.Server$RpcCall.run(Server.java:1017) [hadoop-common-3.3.6.jar:?]
	at java.security.AccessController.doPrivileged(Native Method) ~[?:1.8.0_382]
	at javax.security.auth.Subject.doAs(Subject.java:422) [?:1.8.0_382]
	at org.apache.hadoop.security.UserGroupInformation.doAs(UserGroupInformation.java:1899) [hadoop-common-3.3.6.jar:?]
	at org.apache.hadoop.ipc.Server$Handler.run(Server.java:3048) [hadoop-common-3.3.6.jar:?]
20:31:06.418 [IPC Server handler 5 on default port 15110] ERROR OMAudit - user=runner | ip=127.0.0.1 | op=GET_FILE_STATUS {volume=volume50105, bucket=bucket55116, key=gdir1/dir5/child, dataSize=0, replicationConfig=null} | ret=FAILURE
org.apache.hadoop.ozone.om.exceptions.OMException: Unable to get file status: volume: volume50105 bucket: bucket55116 key: gdir1/dir5/child
	at org.apache.hadoop.ozone.om.KeyManagerImpl.getOzoneFileStatus(KeyManagerImpl.java:1195) ~[ozone-manager-1.4.0-SNAPSHOT.jar:?]
	at org.apache.hadoop.ozone.om.KeyManagerImpl.getFileStatus(KeyManagerImpl.java:1113) ~[ozone-manager-1.4.0-SNAPSHOT.jar:?]
	at org.apache.hadoop.ozone.om.OmMetadataReader.getFileStatus(OmMetadataReader.java:262) ~[ozone-manager-1.4.0-SNAPSHOT.jar:?]
	at org.apache.hadoop.ozone.om.OzoneManager.getFileStatus(OzoneManager.java:3530) ~[ozone-manager-1.4.0-SNAPSHOT.jar:?]
	at org.apache.hadoop.ozone.protocolPB.OzoneManagerRequestHandler.getOzoneFileStatus(OzoneManagerRequestHandler.java:971) ~[ozone-manager-1.4.0-SNAPSHOT.jar:?]
	at org.apache.hadoop.ozone.protocolPB.OzoneManagerRequestHandler.handleReadRequest(OzoneManagerRequestHandler.java:250) ~[ozone-manager-1.4.0-SNAPSHOT.jar:?]
	at org.apache.hadoop.ozone.protocolPB.OzoneManagerProtocolServerSideTranslatorPB.submitReadRequestToOM(OzoneManagerProtocolServerSideTranslatorPB.java:225) ~[ozone-manager-1.4.0-SNAPSHOT.jar:?]
	at org.apache.hadoop.ozone.protocolPB.OzoneManagerProtocolServerSideTranslatorPB.processRequest(OzoneManagerProtocolServerSideTranslatorPB.java:179) ~[ozone-manager-1.4.0-SNAPSHOT.jar:?]
	at org.apache.hadoop.hdds.server.OzoneProtocolMessageDispatcher.processRequest(OzoneProtocolMessageDispatcher.java:87) [hdds-server-framework-1.4.0-SNAPSHOT.jar:?]
	at org.apache.hadoop.ozone.protocolPB.OzoneManagerProtocolServerSideTranslatorPB.submitRequest(OzoneManagerProtocolServerSideTranslatorPB.java:148) [ozone-manager-1.4.0-SNAPSHOT.jar:?]
	at org.apache.hadoop.ozone.protocol.proto.OzoneManagerProtocolProtos$OzoneManagerService$2.callBlockingMethod(OzoneManagerProtocolProtos.java) [ozone-interface-client-1.4.0-SNAPSHOT.jar:?]
	at org.apache.hadoop.ipc.ProtobufRpcEngine$Server.processCall(ProtobufRpcEngine.java:484) [hadoop-common-3.3.6.jar:?]
	at org.apache.hadoop.ipc.ProtobufRpcEngine2$Server$ProtoBufRpcInvoker.call(ProtobufRpcEngine2.java:595) [hadoop-common-3.3.6.jar:?]
	at org.apache.hadoop.ipc.ProtobufRpcEngine2$Server$ProtoBufRpcInvoker.call(ProtobufRpcEngine2.java:573) [hadoop-common-3.3.6.jar:?]
	at org.apache.hadoop.ipc.RPC$Server.call(RPC.java:1227) [hadoop-common-3.3.6.jar:?]
	at org.apache.hadoop.ipc.Server$RpcCall.run(Server.java:1094) [hadoop-common-3.3.6.jar:?]
	at org.apache.hadoop.ipc.Server$RpcCall.run(Server.java:1017) [hadoop-common-3.3.6.jar:?]
	at java.security.AccessController.doPrivileged(Native Method) ~[?:1.8.0_382]
	at javax.security.auth.Subject.doAs(Subject.java:422) [?:1.8.0_382]
	at org.apache.hadoop.security.UserGroupInformation.doAs(UserGroupInformation.java:1899) [hadoop-common-3.3.6.jar:?]
	at org.apache.hadoop.ipc.Server$Handler.run(Server.java:3048) [hadoop-common-3.3.6.jar:?]
20:31:06.421 [IPC Server handler 10 on default port 15110] ERROR OMAudit - user=runner | ip=127.0.0.1 | op=GET_FILE_STATUS {volume=volume50105, bucket=bucket55116, key=gdir1/dir6, dataSize=0, replicationConfig=null} | ret=FAILURE
org.apache.hadoop.ozone.om.exceptions.OMException: Unable to get file status: volume: volume50105 bucket: bucket55116 key: gdir1/dir6
	at org.apache.hadoop.ozone.om.KeyManagerImpl.getOzoneFileStatus(KeyManagerImpl.java:1195) ~[ozone-manager-1.4.0-SNAPSHOT.jar:?]
	at org.apache.hadoop.ozone.om.KeyManagerImpl.getFileStatus(KeyManagerImpl.java:1113) ~[ozone-manager-1.4.0-SNAPSHOT.jar:?]
	at org.apache.hadoop.ozone.om.OmMetadataReader.getFileStatus(OmMetadataReader.java:262) ~[ozone-manager-1.4.0-SNAPSHOT.jar:?]
	at org.apache.hadoop.ozone.om.OzoneManager.getFileStatus(OzoneManager.java:3530) ~[ozone-manager-1.4.0-SNAPSHOT.jar:?]
	at org.apache.hadoop.ozone.protocolPB.OzoneManagerRequestHandler.getOzoneFileStatus(OzoneManagerRequestHandler.java:971) ~[ozone-manager-1.4.0-SNAPSHOT.jar:?]
	at org.apache.hadoop.ozone.protocolPB.OzoneManagerRequestHandler.handleReadRequest(OzoneManagerRequestHandler.java:250) ~[ozone-manager-1.4.0-SNAPSHOT.jar:?]
	at org.apache.hadoop.ozone.protocolPB.OzoneManagerProtocolServerSideTranslatorPB.submitReadRequestToOM(OzoneManagerProtocolServerSideTranslatorPB.java:225) ~[ozone-manager-1.4.0-SNAPSHOT.jar:?]
	at org.apache.hadoop.ozone.protocolPB.OzoneManagerProtocolServerSideTranslatorPB.processRequest(OzoneManagerProtocolServerSideTranslatorPB.java:179) ~[ozone-manager-1.4.0-SNAPSHOT.jar:?]
	at org.apache.hadoop.hdds.server.OzoneProtocolMessageDispatcher.processRequest(OzoneProtocolMessageDispatcher.java:87) [hdds-server-framework-1.4.0-SNAPSHOT.jar:?]
	at org.apache.hadoop.ozone.protocolPB.OzoneManagerProtocolServerSideTranslatorPB.submitRequest(OzoneManagerProtocolServerSideTranslatorPB.java:148) [ozone-manager-1.4.0-SNAPSHOT.jar:?]
	at org.apache.hadoop.ozone.protocol.proto.OzoneManagerProtocolProtos$OzoneManagerService$2.callBlockingMethod(OzoneManagerProtocolProtos.java) [ozone-interface-client-1.4.0-SNAPSHOT.jar:?]
	at org.apache.hadoop.ipc.ProtobufRpcEngine$Server.processCall(ProtobufRpcEngine.java:484) [hadoop-common-3.3.6.jar:?]
	at org.apache.hadoop.ipc.ProtobufRpcEngine2$Server$ProtoBufRpcInvoker.call(ProtobufRpcEngine2.java:595) [hadoop-common-3.3.6.jar:?]
	at org.apache.hadoop.ipc.ProtobufRpcEngine2$Server$ProtoBufRpcInvoker.call(ProtobufRpcEngine2.java:573) [hadoop-common-3.3.6.jar:?]
	at org.apache.hadoop.ipc.RPC$Server.call(RPC.java:1227) [hadoop-common-3.3.6.jar:?]
	at org.apache.hadoop.ipc.Server$RpcCall.run(Server.java:1094) [hadoop-common-3.3.6.jar:?]
	at org.apache.hadoop.ipc.Server$RpcCall.run(Server.java:1017) [hadoop-common-3.3.6.jar:?]
	at java.security.AccessController.doPrivileged(Native Method) ~[?:1.8.0_382]
	at javax.security.auth.Subject.doAs(Subject.java:422) [?:1.8.0_382]
	at org.apache.hadoop.security.UserGroupInformation.doAs(UserGroupInformation.java:1899) [hadoop-common-3.3.6.jar:?]
	at org.apache.hadoop.ipc.Server$Handler.run(Server.java:3048) [hadoop-common-3.3.6.jar:?]
20:31:06.422 [IPC Server handler 9 on default port 15110] ERROR OMAudit - user=runner | ip=127.0.0.1 | op=GET_FILE_STATUS {volume=volume50105, bucket=bucket55116, key=gdir1/dir6/child, dataSize=0, replicationConfig=null} | ret=FAILURE
org.apache.hadoop.ozone.om.exceptions.OMException: Unable to get file status: volume: volume50105 bucket: bucket55116 key: gdir1/dir6/child
	at org.apache.hadoop.ozone.om.KeyManagerImpl.getOzoneFileStatus(KeyManagerImpl.java:1195) ~[ozone-manager-1.4.0-SNAPSHOT.jar:?]
	at org.apache.hadoop.ozone.om.KeyManagerImpl.getFileStatus(KeyManagerImpl.java:1113) ~[ozone-manager-1.4.0-SNAPSHOT.jar:?]
	at org.apache.hadoop.ozone.om.OmMetadataReader.getFileStatus(OmMetadataReader.java:262) ~[ozone-manager-1.4.0-SNAPSHOT.jar:?]
	at org.apache.hadoop.ozone.om.OzoneManager.getFileStatus(OzoneManager.java:3530) ~[ozone-manager-1.4.0-SNAPSHOT.jar:?]
	at org.apache.hadoop.ozone.protocolPB.OzoneManagerRequestHandler.getOzoneFileStatus(OzoneManagerRequestHandler.java:971) ~[ozone-manager-1.4.0-SNAPSHOT.jar:?]
	at org.apache.hadoop.ozone.protocolPB.OzoneManagerRequestHandler.handleReadRequest(OzoneManagerRequestHandler.java:250) ~[ozone-manager-1.4.0-SNAPSHOT.jar:?]
	at org.apache.hadoop.ozone.protocolPB.OzoneManagerProtocolServerSideTranslatorPB.submitReadRequestToOM(OzoneManagerProtocolServerSideTranslatorPB.java:225) ~[ozone-manager-1.4.0-SNAPSHOT.jar:?]
	at org.apache.hadoop.ozone.protocolPB.OzoneManagerProtocolServerSideTranslatorPB.processRequest(OzoneManagerProtocolServerSideTranslatorPB.java:179) ~[ozone-manager-1.4.0-SNAPSHOT.jar:?]
	at org.apache.hadoop.hdds.server.OzoneProtocolMessageDispatcher.processRequest(OzoneProtocolMessageDispatcher.java:87) [hdds-server-framework-1.4.0-SNAPSHOT.jar:?]
	at org.apache.hadoop.ozone.protocolPB.OzoneManagerProtocolServerSideTranslatorPB.submitRequest(OzoneManagerProtocolServerSideTranslatorPB.java:148) [ozone-manager-1.4.0-SNAPSHOT.jar:?]
	at org.apache.hadoop.ozone.protocol.proto.OzoneManagerProtocolProtos$OzoneManagerService$2.callBlockingMethod(OzoneManagerProtocolProtos.java) [ozone-interface-client-1.4.0-SNAPSHOT.jar:?]
	at org.apache.hadoop.ipc.ProtobufRpcEngine$Server.processCall(ProtobufRpcEngine.java:484) [hadoop-common-3.3.6.jar:?]
	at org.apache.hadoop.ipc.ProtobufRpcEngine2$Server$ProtoBufRpcInvoker.call(ProtobufRpcEngine2.java:595) [hadoop-common-3.3.6.jar:?]
	at org.apache.hadoop.ipc.ProtobufRpcEngine2$Server$ProtoBufRpcInvoker.call(ProtobufRpcEngine2.java:573) [hadoop-common-3.3.6.jar:?]
	at org.apache.hadoop.ipc.RPC$Server.call(RPC.java:1227) [hadoop-common-3.3.6.jar:?]
	at org.apache.hadoop.ipc.Server$RpcCall.run(Server.java:1094) [hadoop-common-3.3.6.jar:?]
	at org.apache.hadoop.ipc.Server$RpcCall.run(Server.java:1017) [hadoop-common-3.3.6.jar:?]
	at java.security.AccessController.doPrivileged(Native Method) ~[?:1.8.0_382]
	at javax.security.auth.Subject.doAs(Subject.java:422) [?:1.8.0_382]
	at org.apache.hadoop.security.UserGroupInformation.doAs(UserGroupInformation.java:1899) [hadoop-common-3.3.6.jar:?]
	at org.apache.hadoop.ipc.Server$Handler.run(Server.java:3048) [hadoop-common-3.3.6.jar:?]
20:31:06.423 [IPC Server handler 13 on default port 15110] ERROR OMAudit - user=runner | ip=127.0.0.1 | op=GET_FILE_STATUS {volume=volume50105, bucket=bucket55116, key=gdir1/dir7, dataSize=0, replicationConfig=null} | ret=FAILURE
org.apache.hadoop.ozone.om.exceptions.OMException: Unable to get file status: volume: volume50105 bucket: bucket55116 key: gdir1/dir7
	at org.apache.hadoop.ozone.om.KeyManagerImpl.getOzoneFileStatus(KeyManagerImpl.java:1195) ~[ozone-manager-1.4.0-SNAPSHOT.jar:?]
	at org.apache.hadoop.ozone.om.KeyManagerImpl.getFileStatus(KeyManagerImpl.java:1113) ~[ozone-manager-1.4.0-SNAPSHOT.jar:?]
	at org.apache.hadoop.ozone.om.OmMetadataReader.getFileStatus(OmMetadataReader.java:262) ~[ozone-manager-1.4.0-SNAPSHOT.jar:?]
	at org.apache.hadoop.ozone.om.OzoneManager.getFileStatus(OzoneManager.java:3530) ~[ozone-manager-1.4.0-SNAPSHOT.jar:?]
	at org.apache.hadoop.ozone.protocolPB.OzoneManagerRequestHandler.getOzoneFileStatus(OzoneManagerRequestHandler.java:971) ~[ozone-manager-1.4.0-SNAPSHOT.jar:?]
	at org.apache.hadoop.ozone.protocolPB.OzoneManagerRequestHandler.handleReadRequest(OzoneManagerRequestHandler.java:250) ~[ozone-manager-1.4.0-SNAPSHOT.jar:?]
	at org.apache.hadoop.ozone.protocolPB.OzoneManagerProtocolServerSideTranslatorPB.submitReadRequestToOM(OzoneManagerProtocolServerSideTranslatorPB.java:225) ~[ozone-manager-1.4.0-SNAPSHOT.jar:?]
	at org.apache.hadoop.ozone.protocolPB.OzoneManagerProtocolServerSideTranslatorPB.processRequest(OzoneManagerProtocolServerSideTranslatorPB.java:179) ~[ozone-manager-1.4.0-SNAPSHOT.jar:?]
	at org.apache.hadoop.hdds.server.OzoneProtocolMessageDispatcher.processRequest(OzoneProtocolMessageDispatcher.java:87) [hdds-server-framework-1.4.0-SNAPSHOT.jar:?]
	at org.apache.hadoop.ozone.protocolPB.OzoneManagerProtocolServerSideTranslatorPB.submitRequest(OzoneManagerProtocolServerSideTranslatorPB.java:148) [ozone-manager-1.4.0-SNAPSHOT.jar:?]
	at org.apache.hadoop.ozone.protocol.proto.OzoneManagerProtocolProtos$OzoneManagerService$2.callBlockingMethod(OzoneManagerProtocolProtos.java) [ozone-interface-client-1.4.0-SNAPSHOT.jar:?]
	at org.apache.hadoop.ipc.ProtobufRpcEngine$Server.processCall(ProtobufRpcEngine.java:484) [hadoop-common-3.3.6.jar:?]
	at org.apache.hadoop.ipc.ProtobufRpcEngine2$Server$ProtoBufRpcInvoker.call(ProtobufRpcEngine2.java:595) [hadoop-common-3.3.6.jar:?]
	at org.apache.hadoop.ipc.ProtobufRpcEngine2$Server$ProtoBufRpcInvoker.call(ProtobufRpcEngine2.java:573) [hadoop-common-3.3.6.jar:?]
	at org.apache.hadoop.ipc.RPC$Server.call(RPC.java:1227) [hadoop-common-3.3.6.jar:?]
	at org.apache.hadoop.ipc.Server$RpcCall.run(Server.java:1094) [hadoop-common-3.3.6.jar:?]
	at org.apache.hadoop.ipc.Server$RpcCall.run(Server.java:1017) [hadoop-common-3.3.6.jar:?]
	at java.security.AccessController.doPrivileged(Native Method) ~[?:1.8.0_382]
	at javax.security.auth.Subject.doAs(Subject.java:422) [?:1.8.0_382]
	at org.apache.hadoop.security.UserGroupInformation.doAs(UserGroupInformation.java:1899) [hadoop-common-3.3.6.jar:?]
	at org.apache.hadoop.ipc.Server$Handler.run(Server.java:3048) [hadoop-common-3.3.6.jar:?]
20:31:06.424 [IPC Server handler 15 on default port 15110] ERROR OMAudit - user=runner | ip=127.0.0.1 | op=GET_FILE_STATUS {volume=volume50105, bucket=bucket55116, key=gdir1/dir7/child, dataSize=0, replicationConfig=null} | ret=FAILURE
org.apache.hadoop.ozone.om.exceptions.OMException: Unable to get file status: volume: volume50105 bucket: bucket55116 key: gdir1/dir7/child
	at org.apache.hadoop.ozone.om.KeyManagerImpl.getOzoneFileStatus(KeyManagerImpl.java:1195) ~[ozone-manager-1.4.0-SNAPSHOT.jar:?]
	at org.apache.hadoop.ozone.om.KeyManagerImpl.getFileStatus(KeyManagerImpl.java:1113) ~[ozone-manager-1.4.0-SNAPSHOT.jar:?]
	at org.apache.hadoop.ozone.om.OmMetadataReader.getFileStatus(OmMetadataReader.java:262) ~[ozone-manager-1.4.0-SNAPSHOT.jar:?]
	at org.apache.hadoop.ozone.om.OzoneManager.getFileStatus(OzoneManager.java:3530) ~[ozone-manager-1.4.0-SNAPSHOT.jar:?]
	at org.apache.hadoop.ozone.protocolPB.OzoneManagerRequestHandler.getOzoneFileStatus(OzoneManagerRequestHandler.java:971) ~[ozone-manager-1.4.0-SNAPSHOT.jar:?]
	at org.apache.hadoop.ozone.protocolPB.OzoneManagerRequestHandler.handleReadRequest(OzoneManagerRequestHandler.java:250) ~[ozone-manager-1.4.0-SNAPSHOT.jar:?]
	at org.apache.hadoop.ozone.protocolPB.OzoneManagerProtocolServerSideTranslatorPB.submitReadRequestToOM(OzoneManagerProtocolServerSideTranslatorPB.java:225) ~[ozone-manager-1.4.0-SNAPSHOT.jar:?]
	at org.apache.hadoop.ozone.protocolPB.OzoneManagerProtocolServerSideTranslatorPB.processRequest(OzoneManagerProtocolServerSideTranslatorPB.java:179) ~[ozone-manager-1.4.0-SNAPSHOT.jar:?]
	at org.apache.hadoop.hdds.server.OzoneProtocolMessageDispatcher.processRequest(OzoneProtocolMessageDispatcher.java:87) [hdds-server-framework-1.4.0-SNAPSHOT.jar:?]
	at org.apache.hadoop.ozone.protocolPB.OzoneManagerProtocolServerSideTranslatorPB.submitRequest(OzoneManagerProtocolServerSideTranslatorPB.java:148) [ozone-manager-1.4.0-SNAPSHOT.jar:?]
	at org.apache.hadoop.ozone.protocol.proto.OzoneManagerProtocolProtos$OzoneManagerService$2.callBlockingMethod(OzoneManagerProtocolProtos.java) [ozone-interface-client-1.4.0-SNAPSHOT.jar:?]
	at org.apache.hadoop.ipc.ProtobufRpcEngine$Server.processCall(ProtobufRpcEngine.java:484) [hadoop-common-3.3.6.jar:?]
	at org.apache.hadoop.ipc.ProtobufRpcEngine2$Server$ProtoBufRpcInvoker.call(ProtobufRpcEngine2.java:595) [hadoop-common-3.3.6.jar:?]
	at org.apache.hadoop.ipc.ProtobufRpcEngine2$Server$ProtoBufRpcInvoker.call(ProtobufRpcEngine2.java:573) [hadoop-common-3.3.6.jar:?]
	at org.apache.hadoop.ipc.RPC$Server.call(RPC.java:1227) [hadoop-common-3.3.6.jar:?]
	at org.apache.hadoop.ipc.Server$RpcCall.run(Server.java:1094) [hadoop-common-3.3.6.jar:?]
	at org.apache.hadoop.ipc.Server$RpcCall.run(Server.java:1017) [hadoop-common-3.3.6.jar:?]
	at java.security.AccessController.doPrivileged(Native Method) ~[?:1.8.0_382]
	at javax.security.auth.Subject.doAs(Subject.java:422) [?:1.8.0_382]
	at org.apache.hadoop.security.UserGroupInformation.doAs(UserGroupInformation.java:1899) [hadoop-common-3.3.6.jar:?]
	at org.apache.hadoop.ipc.Server$Handler.run(Server.java:3048) [hadoop-common-3.3.6.jar:?]
20:31:06.425 [IPC Server handler 17 on default port 15110] ERROR OMAudit - user=runner | ip=127.0.0.1 | op=GET_FILE_STATUS {volume=volume50105, bucket=bucket55116, key=gdir1/dir8, dataSize=0, replicationConfig=null} | ret=FAILURE
org.apache.hadoop.ozone.om.exceptions.OMException: Unable to get file status: volume: volume50105 bucket: bucket55116 key: gdir1/dir8
	at org.apache.hadoop.ozone.om.KeyManagerImpl.getOzoneFileStatus(KeyManagerImpl.java:1195) ~[ozone-manager-1.4.0-SNAPSHOT.jar:?]
	at org.apache.hadoop.ozone.om.KeyManagerImpl.getFileStatus(KeyManagerImpl.java:1113) ~[ozone-manager-1.4.0-SNAPSHOT.jar:?]
	at org.apache.hadoop.ozone.om.OmMetadataReader.getFileStatus(OmMetadataReader.java:262) ~[ozone-manager-1.4.0-SNAPSHOT.jar:?]
	at org.apache.hadoop.ozone.om.OzoneManager.getFileStatus(OzoneManager.java:3530) ~[ozone-manager-1.4.0-SNAPSHOT.jar:?]
	at org.apache.hadoop.ozone.protocolPB.OzoneManagerRequestHandler.getOzoneFileStatus(OzoneManagerRequestHandler.java:971) ~[ozone-manager-1.4.0-SNAPSHOT.jar:?]
	at org.apache.hadoop.ozone.protocolPB.OzoneManagerRequestHandler.handleReadRequest(OzoneManagerRequestHandler.java:250) ~[ozone-manager-1.4.0-SNAPSHOT.jar:?]
	at org.apache.hadoop.ozone.protocolPB.OzoneManagerProtocolServerSideTranslatorPB.submitReadRequestToOM(OzoneManagerProtocolServerSideTranslatorPB.java:225) ~[ozone-manager-1.4.0-SNAPSHOT.jar:?]
	at org.apache.hadoop.ozone.protocolPB.OzoneManagerProtocolServerSideTranslatorPB.processRequest(OzoneManagerProtocolServerSideTranslatorPB.java:179) ~[ozone-manager-1.4.0-SNAPSHOT.jar:?]
	at org.apache.hadoop.hdds.server.OzoneProtocolMessageDispatcher.processRequest(OzoneProtocolMessageDispatcher.java:87) [hdds-server-framework-1.4.0-SNAPSHOT.jar:?]
	at org.apache.hadoop.ozone.protocolPB.OzoneManagerProtocolServerSideTranslatorPB.submitRequest(OzoneManagerProtocolServerSideTranslatorPB.java:148) [ozone-manager-1.4.0-SNAPSHOT.jar:?]
	at org.apache.hadoop.ozone.protocol.proto.OzoneManagerProtocolProtos$OzoneManagerService$2.callBlockingMethod(OzoneManagerProtocolProtos.java) [ozone-interface-client-1.4.0-SNAPSHOT.jar:?]
	at org.apache.hadoop.ipc.ProtobufRpcEngine$Server.processCall(ProtobufRpcEngine.java:484) [hadoop-common-3.3.6.jar:?]
	at org.apache.hadoop.ipc.ProtobufRpcEngine2$Server$ProtoBufRpcInvoker.call(ProtobufRpcEngine2.java:595) [hadoop-common-3.3.6.jar:?]
	at org.apache.hadoop.ipc.ProtobufRpcEngine2$Server$ProtoBufRpcInvoker.call(ProtobufRpcEngine2.java:573) [hadoop-common-3.3.6.jar:?]
	at org.apache.hadoop.ipc.RPC$Server.call(RPC.java:1227) [hadoop-common-3.3.6.jar:?]
	at org.apache.hadoop.ipc.Server$RpcCall.run(Server.java:1094) [hadoop-common-3.3.6.jar:?]
	at org.apache.hadoop.ipc.Server$RpcCall.run(Server.java:1017) [hadoop-common-3.3.6.jar:?]
	at java.security.AccessController.doPrivileged(Native Method) ~[?:1.8.0_382]
	at javax.security.auth.Subject.doAs(Subject.java:422) [?:1.8.0_382]
	at org.apache.hadoop.security.UserGroupInformation.doAs(UserGroupInformation.java:1899) [hadoop-common-3.3.6.jar:?]
	at org.apache.hadoop.ipc.Server$Handler.run(Server.java:3048) [hadoop-common-3.3.6.jar:?]
20:31:06.429 [IPC Server handler 18 on default port 15110] ERROR OMAudit - user=runner | ip=127.0.0.1 | op=GET_FILE_STATUS {volume=volume50105, bucket=bucket55116, key=gdir1/dir8/child, dataSize=0, replicationConfig=null} | ret=FAILURE
org.apache.hadoop.ozone.om.exceptions.OMException: Unable to get file status: volume: volume50105 bucket: bucket55116 key: gdir1/dir8/child
	at org.apache.hadoop.ozone.om.KeyManagerImpl.getOzoneFileStatus(KeyManagerImpl.java:1195) ~[ozone-manager-1.4.0-SNAPSHOT.jar:?]
	at org.apache.hadoop.ozone.om.KeyManagerImpl.getFileStatus(KeyManagerImpl.java:1113) ~[ozone-manager-1.4.0-SNAPSHOT.jar:?]
	at org.apache.hadoop.ozone.om.OmMetadataReader.getFileStatus(OmMetadataReader.java:262) ~[ozone-manager-1.4.0-SNAPSHOT.jar:?]
	at org.apache.hadoop.ozone.om.OzoneManager.getFileStatus(OzoneManager.java:3530) ~[ozone-manager-1.4.0-SNAPSHOT.jar:?]
	at org.apache.hadoop.ozone.protocolPB.OzoneManagerRequestHandler.getOzoneFileStatus(OzoneManagerRequestHandler.java:971) ~[ozone-manager-1.4.0-SNAPSHOT.jar:?]
	at org.apache.hadoop.ozone.protocolPB.OzoneManagerRequestHandler.handleReadRequest(OzoneManagerRequestHandler.java:250) ~[ozone-manager-1.4.0-SNAPSHOT.jar:?]
	at org.apache.hadoop.ozone.protocolPB.OzoneManagerProtocolServerSideTranslatorPB.submitReadRequestToOM(OzoneManagerProtocolServerSideTranslatorPB.java:225) ~[ozone-manager-1.4.0-SNAPSHOT.jar:?]
	at org.apache.hadoop.ozone.protocolPB.OzoneManagerProtocolServerSideTranslatorPB.processRequest(OzoneManagerProtocolServerSideTranslatorPB.java:179) ~[ozone-manager-1.4.0-SNAPSHOT.jar:?]
	at org.apache.hadoop.hdds.server.OzoneProtocolMessageDispatcher.processRequest(OzoneProtocolMessageDispatcher.java:87) [hdds-server-framework-1.4.0-SNAPSHOT.jar:?]
	at org.apache.hadoop.ozone.protocolPB.OzoneManagerProtocolServerSideTranslatorPB.submitRequest(OzoneManagerProtocolServerSideTranslatorPB.java:148) [ozone-manager-1.4.0-SNAPSHOT.jar:?]
	at org.apache.hadoop.ozone.protocol.proto.OzoneManagerProtocolProtos$OzoneManagerService$2.callBlockingMethod(OzoneManagerProtocolProtos.java) [ozone-interface-client-1.4.0-SNAPSHOT.jar:?]
	at org.apache.hadoop.ipc.ProtobufRpcEngine$Server.processCall(ProtobufRpcEngine.java:484) [hadoop-common-3.3.6.jar:?]
	at org.apache.hadoop.ipc.ProtobufRpcEngine2$Server$ProtoBufRpcInvoker.call(ProtobufRpcEngine2.java:595) [hadoop-common-3.3.6.jar:?]
	at org.apache.hadoop.ipc.ProtobufRpcEngine2$Server$ProtoBufRpcInvoker.call(ProtobufRpcEngine2.java:573) [hadoop-common-3.3.6.jar:?]
	at org.apache.hadoop.ipc.RPC$Server.call(RPC.java:1227) [hadoop-common-3.3.6.jar:?]
	at org.apache.hadoop.ipc.Server$RpcCall.run(Server.java:1094) [hadoop-common-3.3.6.jar:?]
	at org.apache.hadoop.ipc.Server$RpcCall.run(Server.java:1017) [hadoop-common-3.3.6.jar:?]
	at java.security.AccessController.doPrivileged(Native Method) ~[?:1.8.0_382]
	at javax.security.auth.Subject.doAs(Subject.java:422) [?:1.8.0_382]
	at org.apache.hadoop.security.UserGroupInformation.doAs(UserGroupInformation.java:1899) [hadoop-common-3.3.6.jar:?]
	at org.apache.hadoop.ipc.Server$Handler.run(Server.java:3048) [hadoop-common-3.3.6.jar:?]
20:31:06.431 [IPC Server handler 16 on default port 15110] ERROR OMAudit - user=runner | ip=127.0.0.1 | op=GET_FILE_STATUS {volume=volume50105, bucket=bucket55116, key=gdir1/dir9, dataSize=0, replicationConfig=null} | ret=FAILURE
org.apache.hadoop.ozone.om.exceptions.OMException: Unable to get file status: volume: volume50105 bucket: bucket55116 key: gdir1/dir9
	at org.apache.hadoop.ozone.om.KeyManagerImpl.getOzoneFileStatus(KeyManagerImpl.java:1195) ~[ozone-manager-1.4.0-SNAPSHOT.jar:?]
	at org.apache.hadoop.ozone.om.KeyManagerImpl.getFileStatus(KeyManagerImpl.java:1113) ~[ozone-manager-1.4.0-SNAPSHOT.jar:?]
	at org.apache.hadoop.ozone.om.OmMetadataReader.getFileStatus(OmMetadataReader.java:262) ~[ozone-manager-1.4.0-SNAPSHOT.jar:?]
	at org.apache.hadoop.ozone.om.OzoneManager.getFileStatus(OzoneManager.java:3530) ~[ozone-manager-1.4.0-SNAPSHOT.jar:?]
	at org.apache.hadoop.ozone.protocolPB.OzoneManagerRequestHandler.getOzoneFileStatus(OzoneManagerRequestHandler.java:971) ~[ozone-manager-1.4.0-SNAPSHOT.jar:?]
	at org.apache.hadoop.ozone.protocolPB.OzoneManagerRequestHandler.handleReadRequest(OzoneManagerRequestHandler.java:250) ~[ozone-manager-1.4.0-SNAPSHOT.jar:?]
	at org.apache.hadoop.ozone.protocolPB.OzoneManagerProtocolServerSideTranslatorPB.submitReadRequestToOM(OzoneManagerProtocolServerSideTranslatorPB.java:225) ~[ozone-manager-1.4.0-SNAPSHOT.jar:?]
	at org.apache.hadoop.ozone.protocolPB.OzoneManagerProtocolServerSideTranslatorPB.processRequest(OzoneManagerProtocolServerSideTranslatorPB.java:179) ~[ozone-manager-1.4.0-SNAPSHOT.jar:?]
	at org.apache.hadoop.hdds.server.OzoneProtocolMessageDispatcher.processRequest(OzoneProtocolMessageDispatcher.java:87) [hdds-server-framework-1.4.0-SNAPSHOT.jar:?]
	at org.apache.hadoop.ozone.protocolPB.OzoneManagerProtocolServerSideTranslatorPB.submitRequest(OzoneManagerProtocolServerSideTranslatorPB.java:148) [ozone-manager-1.4.0-SNAPSHOT.jar:?]
	at org.apache.hadoop.ozone.protocol.proto.OzoneManagerProtocolProtos$OzoneManagerService$2.callBlockingMethod(OzoneManagerProtocolProtos.java) [ozone-interface-client-1.4.0-SNAPSHOT.jar:?]
	at org.apache.hadoop.ipc.ProtobufRpcEngine$Server.processCall(ProtobufRpcEngine.java:484) [hadoop-common-3.3.6.jar:?]
	at org.apache.hadoop.ipc.ProtobufRpcEngine2$Server$ProtoBufRpcInvoker.call(ProtobufRpcEngine2.java:595) [hadoop-common-3.3.6.jar:?]
	at org.apache.hadoop.ipc.ProtobufRpcEngine2$Server$ProtoBufRpcInvoker.call(ProtobufRpcEngine2.java:573) [hadoop-common-3.3.6.jar:?]
	at org.apache.hadoop.ipc.RPC$Server.call(RPC.java:1227) [hadoop-common-3.3.6.jar:?]
	at org.apache.hadoop.ipc.Server$RpcCall.run(Server.java:1094) [hadoop-common-3.3.6.jar:?]
	at org.apache.hadoop.ipc.Server$RpcCall.run(Server.java:1017) [hadoop-common-3.3.6.jar:?]
	at java.security.AccessController.doPrivileged(Native Method) ~[?:1.8.0_382]
	at javax.security.auth.Subject.doAs(Subject.java:422) [?:1.8.0_382]
	at org.apache.hadoop.security.UserGroupInformation.doAs(UserGroupInformation.java:1899) [hadoop-common-3.3.6.jar:?]
	at org.apache.hadoop.ipc.Server$Handler.run(Server.java:3048) [hadoop-common-3.3.6.jar:?]
20:31:06.432 [IPC Server handler 19 on default port 15110] ERROR OMAudit - user=runner | ip=127.0.0.1 | op=GET_FILE_STATUS {volume=volume50105, bucket=bucket55116, key=gdir1/dir9/child, dataSize=0, replicationConfig=null} | ret=FAILURE
org.apache.hadoop.ozone.om.exceptions.OMException: Unable to get file status: volume: volume50105 bucket: bucket55116 key: gdir1/dir9/child
	at org.apache.hadoop.ozone.om.KeyManagerImpl.getOzoneFileStatus(KeyManagerImpl.java:1195) ~[ozone-manager-1.4.0-SNAPSHOT.jar:?]
	at org.apache.hadoop.ozone.om.KeyManagerImpl.getFileStatus(KeyManagerImpl.java:1113) ~[ozone-manager-1.4.0-SNAPSHOT.jar:?]
	at org.apache.hadoop.ozone.om.OmMetadataReader.getFileStatus(OmMetadataReader.java:262) ~[ozone-manager-1.4.0-SNAPSHOT.jar:?]
	at org.apache.hadoop.ozone.om.OzoneManager.getFileStatus(OzoneManager.java:3530) ~[ozone-manager-1.4.0-SNAPSHOT.jar:?]
	at org.apache.hadoop.ozone.protocolPB.OzoneManagerRequestHandler.getOzoneFileStatus(OzoneManagerRequestHandler.java:971) ~[ozone-manager-1.4.0-SNAPSHOT.jar:?]
	at org.apache.hadoop.ozone.protocolPB.OzoneManagerRequestHandler.handleReadRequest(OzoneManagerRequestHandler.java:250) ~[ozone-manager-1.4.0-SNAPSHOT.jar:?]
	at org.apache.hadoop.ozone.protocolPB.OzoneManagerProtocolServerSideTranslatorPB.submitReadRequestToOM(OzoneManagerProtocolServerSideTranslatorPB.java:225) ~[ozone-manager-1.4.0-SNAPSHOT.jar:?]
	at org.apache.hadoop.ozone.protocolPB.OzoneManagerProtocolServerSideTranslatorPB.processRequest(OzoneManagerProtocolServerSideTranslatorPB.java:179) ~[ozone-manager-1.4.0-SNAPSHOT.jar:?]
	at org.apache.hadoop.hdds.server.OzoneProtocolMessageDispatcher.processRequest(OzoneProtocolMessageDispatcher.java:87) [hdds-server-framework-1.4.0-SNAPSHOT.jar:?]
	at org.apache.hadoop.ozone.protocolPB.OzoneManagerProtocolServerSideTranslatorPB.submitRequest(OzoneManagerProtocolServerSideTranslatorPB.java:148) [ozone-manager-1.4.0-SNAPSHOT.jar:?]
	at org.apache.hadoop.ozone.protocol.proto.OzoneManagerProtocolProtos$OzoneManagerService$2.callBlockingMethod(OzoneManagerProtocolProtos.java) [ozone-interface-client-1.4.0-SNAPSHOT.jar:?]
	at org.apache.hadoop.ipc.ProtobufRpcEngine$Server.processCall(ProtobufRpcEngine.java:484) [hadoop-common-3.3.6.jar:?]
	at org.apache.hadoop.ipc.ProtobufRpcEngine2$Server$ProtoBufRpcInvoker.call(ProtobufRpcEngine2.java:595) [hadoop-common-3.3.6.jar:?]
	at org.apache.hadoop.ipc.ProtobufRpcEngine2$Server$ProtoBufRpcInvoker.call(ProtobufRpcEngine2.java:573) [hadoop-common-3.3.6.jar:?]
	at org.apache.hadoop.ipc.RPC$Server.call(RPC.java:1227) [hadoop-common-3.3.6.jar:?]
	at org.apache.hadoop.ipc.Server$RpcCall.run(Server.java:1094) [hadoop-common-3.3.6.jar:?]
	at org.apache.hadoop.ipc.Server$RpcCall.run(Server.java:1017) [hadoop-common-3.3.6.jar:?]
	at java.security.AccessController.doPrivileged(Native Method) ~[?:1.8.0_382]
	at javax.security.auth.Subject.doAs(Subject.java:422) [?:1.8.0_382]
	at org.apache.hadoop.security.UserGroupInformation.doAs(UserGroupInformation.java:1899) [hadoop-common-3.3.6.jar:?]
	at org.apache.hadoop.ipc.Server$Handler.run(Server.java:3048) [hadoop-common-3.3.6.jar:?]
20:31:06.433 [IPC Server handler 0 on default port 15110] ERROR OMAudit - user=runner | ip=127.0.0.1 | op=GET_FILE_STATUS {volume=volume50105, bucket=bucket55116, key=gdir1/dir10, dataSize=0, replicationConfig=null} | ret=FAILURE
org.apache.hadoop.ozone.om.exceptions.OMException: Unable to get file status: volume: volume50105 bucket: bucket55116 key: gdir1/dir10
	at org.apache.hadoop.ozone.om.KeyManagerImpl.getOzoneFileStatus(KeyManagerImpl.java:1195) ~[ozone-manager-1.4.0-SNAPSHOT.jar:?]
	at org.apache.hadoop.ozone.om.KeyManagerImpl.getFileStatus(KeyManagerImpl.java:1113) ~[ozone-manager-1.4.0-SNAPSHOT.jar:?]
	at org.apache.hadoop.ozone.om.OmMetadataReader.getFileStatus(OmMetadataReader.java:262) ~[ozone-manager-1.4.0-SNAPSHOT.jar:?]
	at org.apache.hadoop.ozone.om.OzoneManager.getFileStatus(OzoneManager.java:3530) ~[ozone-manager-1.4.0-SNAPSHOT.jar:?]
	at org.apache.hadoop.ozone.protocolPB.OzoneManagerRequestHandler.getOzoneFileStatus(OzoneManagerRequestHandler.java:971) ~[ozone-manager-1.4.0-SNAPSHOT.jar:?]
	at org.apache.hadoop.ozone.protocolPB.OzoneManagerRequestHandler.handleReadRequest(OzoneManagerRequestHandler.java:250) ~[ozone-manager-1.4.0-SNAPSHOT.jar:?]
	at org.apache.hadoop.ozone.protocolPB.OzoneManagerProtocolServerSideTranslatorPB.submitReadRequestToOM(OzoneManagerProtocolServerSideTranslatorPB.java:225) ~[ozone-manager-1.4.0-SNAPSHOT.jar:?]
	at org.apache.hadoop.ozone.protocolPB.OzoneManagerProtocolServerSideTranslatorPB.processRequest(OzoneManagerProtocolServerSideTranslatorPB.java:179) ~[ozone-manager-1.4.0-SNAPSHOT.jar:?]
	at org.apache.hadoop.hdds.server.OzoneProtocolMessageDispatcher.processRequest(OzoneProtocolMessageDispatcher.java:87) [hdds-server-framework-1.4.0-SNAPSHOT.jar:?]
	at org.apache.hadoop.ozone.protocolPB.OzoneManagerProtocolServerSideTranslatorPB.submitRequest(OzoneManagerProtocolServerSideTranslatorPB.java:148) [ozone-manager-1.4.0-SNAPSHOT.jar:?]
	at org.apache.hadoop.ozone.protocol.proto.OzoneManagerProtocolProtos$OzoneManagerService$2.callBlockingMethod(OzoneManagerProtocolProtos.java) [ozone-interface-client-1.4.0-SNAPSHOT.jar:?]
	at org.apache.hadoop.ipc.ProtobufRpcEngine$Server.processCall(ProtobufRpcEngine.java:484) [hadoop-common-3.3.6.jar:?]
	at org.apache.hadoop.ipc.ProtobufRpcEngine2$Server$ProtoBufRpcInvoker.call(ProtobufRpcEngine2.java:595) [hadoop-common-3.3.6.jar:?]
	at org.apache.hadoop.ipc.ProtobufRpcEngine2$Server$ProtoBufRpcInvoker.call(ProtobufRpcEngine2.java:573) [hadoop-common-3.3.6.jar:?]
	at org.apache.hadoop.ipc.RPC$Server.call(RPC.java:1227) [hadoop-common-3.3.6.jar:?]
	at org.apache.hadoop.ipc.Server$RpcCall.run(Server.java:1094) [hadoop-common-3.3.6.jar:?]
	at org.apache.hadoop.ipc.Server$RpcCall.run(Server.java:1017) [hadoop-common-3.3.6.jar:?]
	at java.security.AccessController.doPrivileged(Native Method) ~[?:1.8.0_382]
	at javax.security.auth.Subject.doAs(Subject.java:422) [?:1.8.0_382]
	at org.apache.hadoop.security.UserGroupInformation.doAs(UserGroupInformation.java:1899) [hadoop-common-3.3.6.jar:?]
	at org.apache.hadoop.ipc.Server$Handler.run(Server.java:3048) [hadoop-common-3.3.6.jar:?]
20:31:06.434 [IPC Server handler 2 on default port 15110] ERROR OMAudit - user=runner | ip=127.0.0.1 | op=GET_FILE_STATUS {volume=volume50105, bucket=bucket55116, key=gdir1/dir10/child, dataSize=0, replicationConfig=null} | ret=FAILURE
org.apache.hadoop.ozone.om.exceptions.OMException: Unable to get file status: volume: volume50105 bucket: bucket55116 key: gdir1/dir10/child
	at org.apache.hadoop.ozone.om.KeyManagerImpl.getOzoneFileStatus(KeyManagerImpl.java:1195) ~[ozone-manager-1.4.0-SNAPSHOT.jar:?]
	at org.apache.hadoop.ozone.om.KeyManagerImpl.getFileStatus(KeyManagerImpl.java:1113) ~[ozone-manager-1.4.0-SNAPSHOT.jar:?]
	at org.apache.hadoop.ozone.om.OmMetadataReader.getFileStatus(OmMetadataReader.java:262) ~[ozone-manager-1.4.0-SNAPSHOT.jar:?]
	at org.apache.hadoop.ozone.om.OzoneManager.getFileStatus(OzoneManager.java:3530) ~[ozone-manager-1.4.0-SNAPSHOT.jar:?]
	at org.apache.hadoop.ozone.protocolPB.OzoneManagerRequestHandler.getOzoneFileStatus(OzoneManagerRequestHandler.java:971) ~[ozone-manager-1.4.0-SNAPSHOT.jar:?]
	at org.apache.hadoop.ozone.protocolPB.OzoneManagerRequestHandler.handleReadRequest(OzoneManagerRequestHandler.java:250) ~[ozone-manager-1.4.0-SNAPSHOT.jar:?]
	at org.apache.hadoop.ozone.protocolPB.OzoneManagerProtocolServerSideTranslatorPB.submitReadRequestToOM(OzoneManagerProtocolServerSideTranslatorPB.java:225) ~[ozone-manager-1.4.0-SNAPSHOT.jar:?]
	at org.apache.hadoop.ozone.protocolPB.OzoneManagerProtocolServerSideTranslatorPB.processRequest(OzoneManagerProtocolServerSideTranslatorPB.java:179) ~[ozone-manager-1.4.0-SNAPSHOT.jar:?]
	at org.apache.hadoop.hdds.server.OzoneProtocolMessageDispatcher.processRequest(OzoneProtocolMessageDispatcher.java:87) [hdds-server-framework-1.4.0-SNAPSHOT.jar:?]
	at org.apache.hadoop.ozone.protocolPB.OzoneManagerProtocolServerSideTranslatorPB.submitRequest(OzoneManagerProtocolServerSideTranslatorPB.java:148) [ozone-manager-1.4.0-SNAPSHOT.jar:?]
	at org.apache.hadoop.ozone.protocol.proto.OzoneManagerProtocolProtos$OzoneManagerService$2.callBlockingMethod(OzoneManagerProtocolProtos.java) [ozone-interface-client-1.4.0-SNAPSHOT.jar:?]
	at org.apache.hadoop.ipc.ProtobufRpcEngine$Server.processCall(ProtobufRpcEngine.java:484) [hadoop-common-3.3.6.jar:?]
	at org.apache.hadoop.ipc.ProtobufRpcEngine2$Server$ProtoBufRpcInvoker.call(ProtobufRpcEngine2.java:595) [hadoop-common-3.3.6.jar:?]
	at org.apache.hadoop.ipc.ProtobufRpcEngine2$Server$ProtoBufRpcInvoker.call(ProtobufRpcEngine2.java:573) [hadoop-common-3.3.6.jar:?]
	at org.apache.hadoop.ipc.RPC$Server.call(RPC.java:1227) [hadoop-common-3.3.6.jar:?]
	at org.apache.hadoop.ipc.Server$RpcCall.run(Server.java:1094) [hadoop-common-3.3.6.jar:?]
	at org.apache.hadoop.ipc.Server$RpcCall.run(Server.java:1017) [hadoop-common-3.3.6.jar:?]
	at java.security.AccessController.doPrivileged(Native Method) ~[?:1.8.0_382]
	at javax.security.auth.Subject.doAs(Subject.java:422) [?:1.8.0_382]
	at org.apache.hadoop.security.UserGroupInformation.doAs(UserGroupInformation.java:1899) [hadoop-common-3.3.6.jar:?]
	at org.apache.hadoop.ipc.Server$Handler.run(Server.java:3048) [hadoop-common-3.3.6.jar:?]
20:31:06.535 [IPC Server handler 15 on default port 15110] ERROR OMAudit - user=runner | ip=127.0.0.1 | op=GET_FILE_STATUS {volume=volume50105, bucket=bucket55116, key=level0, dataSize=0, replicationConfig=null} | ret=FAILURE
org.apache.hadoop.ozone.om.exceptions.OMException: Unable to get file status: volume: volume50105 bucket: bucket55116 key: level0
	at org.apache.hadoop.ozone.om.KeyManagerImpl.getOzoneFileStatus(KeyManagerImpl.java:1195) ~[ozone-manager-1.4.0-SNAPSHOT.jar:?]
	at org.apache.hadoop.ozone.om.KeyManagerImpl.getFileStatus(KeyManagerImpl.java:1113) ~[ozone-manager-1.4.0-SNAPSHOT.jar:?]
	at org.apache.hadoop.ozone.om.OmMetadataReader.getFileStatus(OmMetadataReader.java:262) ~[ozone-manager-1.4.0-SNAPSHOT.jar:?]
	at org.apache.hadoop.ozone.om.OzoneManager.getFileStatus(OzoneManager.java:3530) ~[ozone-manager-1.4.0-SNAPSHOT.jar:?]
	at org.apache.hadoop.ozone.protocolPB.OzoneManagerRequestHandler.getOzoneFileStatus(OzoneManagerRequestHandler.java:971) ~[ozone-manager-1.4.0-SNAPSHOT.jar:?]
	at org.apache.hadoop.ozone.protocolPB.OzoneManagerRequestHandler.handleReadRequest(OzoneManagerRequestHandler.java:250) ~[ozone-manager-1.4.0-SNAPSHOT.jar:?]
	at org.apache.hadoop.ozone.protocolPB.OzoneManagerProtocolServerSideTranslatorPB.submitReadRequestToOM(OzoneManagerProtocolServerSideTranslatorPB.java:225) ~[ozone-manager-1.4.0-SNAPSHOT.jar:?]
	at org.apache.hadoop.ozone.protocolPB.OzoneManagerProtocolServerSideTranslatorPB.processRequest(OzoneManagerProtocolServerSideTranslatorPB.java:179) ~[ozone-manager-1.4.0-SNAPSHOT.jar:?]
	at org.apache.hadoop.hdds.server.OzoneProtocolMessageDispatcher.processRequest(OzoneProtocolMessageDispatcher.java:87) [hdds-server-framework-1.4.0-SNAPSHOT.jar:?]
	at org.apache.hadoop.ozone.protocolPB.OzoneManagerProtocolServerSideTranslatorPB.submitRequest(OzoneManagerProtocolServerSideTranslatorPB.java:148) [ozone-manager-1.4.0-SNAPSHOT.jar:?]
	at org.apache.hadoop.ozone.protocol.proto.OzoneManagerProtocolProtos$OzoneManagerService$2.callBlockingMethod(OzoneManagerProtocolProtos.java) [ozone-interface-client-1.4.0-SNAPSHOT.jar:?]
	at org.apache.hadoop.ipc.ProtobufRpcEngine$Server.processCall(ProtobufRpcEngine.java:484) [hadoop-common-3.3.6.jar:?]
	at org.apache.hadoop.ipc.ProtobufRpcEngine2$Server$ProtoBufRpcInvoker.call(ProtobufRpcEngine2.java:595) [hadoop-common-3.3.6.jar:?]
	at org.apache.hadoop.ipc.ProtobufRpcEngine2$Server$ProtoBufRpcInvoker.call(ProtobufRpcEngine2.java:573) [hadoop-common-3.3.6.jar:?]
	at org.apache.hadoop.ipc.RPC$Server.call(RPC.java:1227) [hadoop-common-3.3.6.jar:?]
	at org.apache.hadoop.ipc.Server$RpcCall.run(Server.java:1094) [hadoop-common-3.3.6.jar:?]
	at org.apache.hadoop.ipc.Server$RpcCall.run(Server.java:1017) [hadoop-common-3.3.6.jar:?]
	at java.security.AccessController.doPrivileged(Native Method) ~[?:1.8.0_382]
	at javax.security.auth.Subject.doAs(Subject.java:422) [?:1.8.0_382]
	at org.apache.hadoop.security.UserGroupInformation.doAs(UserGroupInformation.java:1899) [hadoop-common-3.3.6.jar:?]
	at org.apache.hadoop.ipc.Server$Handler.run(Server.java:3048) [hadoop-common-3.3.6.jar:?]
20:31:06.536 [IPC Server handler 17 on default port 15110] ERROR OMAudit - user=runner | ip=127.0.0.1 | op=GET_FILE_STATUS {volume=volume50105, bucket=bucket55116, key=level0/level1, dataSize=0, replicationConfig=null} | ret=FAILURE
org.apache.hadoop.ozone.om.exceptions.OMException: Unable to get file status: volume: volume50105 bucket: bucket55116 key: level0/level1
	at org.apache.hadoop.ozone.om.KeyManagerImpl.getOzoneFileStatus(KeyManagerImpl.java:1195) ~[ozone-manager-1.4.0-SNAPSHOT.jar:?]
	at org.apache.hadoop.ozone.om.KeyManagerImpl.getFileStatus(KeyManagerImpl.java:1113) ~[ozone-manager-1.4.0-SNAPSHOT.jar:?]
	at org.apache.hadoop.ozone.om.OmMetadataReader.getFileStatus(OmMetadataReader.java:262) ~[ozone-manager-1.4.0-SNAPSHOT.jar:?]
	at org.apache.hadoop.ozone.om.OzoneManager.getFileStatus(OzoneManager.java:3530) ~[ozone-manager-1.4.0-SNAPSHOT.jar:?]
	at org.apache.hadoop.ozone.protocolPB.OzoneManagerRequestHandler.getOzoneFileStatus(OzoneManagerRequestHandler.java:971) ~[ozone-manager-1.4.0-SNAPSHOT.jar:?]
	at org.apache.hadoop.ozone.protocolPB.OzoneManagerRequestHandler.handleReadRequest(OzoneManagerRequestHandler.java:250) ~[ozone-manager-1.4.0-SNAPSHOT.jar:?]
	at org.apache.hadoop.ozone.protocolPB.OzoneManagerProtocolServerSideTranslatorPB.submitReadRequestToOM(OzoneManagerProtocolServerSideTranslatorPB.java:225) ~[ozone-manager-1.4.0-SNAPSHOT.jar:?]
	at org.apache.hadoop.ozone.protocolPB.OzoneManagerProtocolServerSideTranslatorPB.processRequest(OzoneManagerProtocolServerSideTranslatorPB.java:179) ~[ozone-manager-1.4.0-SNAPSHOT.jar:?]
	at org.apache.hadoop.hdds.server.OzoneProtocolMessageDispatcher.processRequest(OzoneProtocolMessageDispatcher.java:87) [hdds-server-framework-1.4.0-SNAPSHOT.jar:?]
	at org.apache.hadoop.ozone.protocolPB.OzoneManagerProtocolServerSideTranslatorPB.submitRequest(OzoneManagerProtocolServerSideTranslatorPB.java:148) [ozone-manager-1.4.0-SNAPSHOT.jar:?]
	at org.apache.hadoop.ozone.protocol.proto.OzoneManagerProtocolProtos$OzoneManagerService$2.callBlockingMethod(OzoneManagerProtocolProtos.java) [ozone-interface-client-1.4.0-SNAPSHOT.jar:?]
	at org.apache.hadoop.ipc.ProtobufRpcEngine$Server.processCall(ProtobufRpcEngine.java:484) [hadoop-common-3.3.6.jar:?]
	at org.apache.hadoop.ipc.ProtobufRpcEngine2$Server$ProtoBufRpcInvoker.call(ProtobufRpcEngine2.java:595) [hadoop-common-3.3.6.jar:?]
	at org.apache.hadoop.ipc.ProtobufRpcEngine2$Server$ProtoBufRpcInvoker.call(ProtobufRpcEngine2.java:573) [hadoop-common-3.3.6.jar:?]
	at org.apache.hadoop.ipc.RPC$Server.call(RPC.java:1227) [hadoop-common-3.3.6.jar:?]
	at org.apache.hadoop.ipc.Server$RpcCall.run(Server.java:1094) [hadoop-common-3.3.6.jar:?]
	at org.apache.hadoop.ipc.Server$RpcCall.run(Server.java:1017) [hadoop-common-3.3.6.jar:?]
	at java.security.AccessController.doPrivileged(Native Method) ~[?:1.8.0_382]
	at javax.security.auth.Subject.doAs(Subject.java:422) [?:1.8.0_382]
	at org.apache.hadoop.security.UserGroupInformation.doAs(UserGroupInformation.java:1899) [hadoop-common-3.3.6.jar:?]
	at org.apache.hadoop.ipc.Server$Handler.run(Server.java:3048) [hadoop-common-3.3.6.jar:?]
20:31:06.538 [IPC Server handler 18 on default port 15110] ERROR OMAudit - user=runner | ip=127.0.0.1 | op=GET_FILE_STATUS {volume=volume50105, bucket=bucket55116, key=level0/level1/level1, dataSize=0, replicationConfig=null} | ret=FAILURE
org.apache.hadoop.ozone.om.exceptions.OMException: Unable to get file status: volume: volume50105 bucket: bucket55116 key: level0/level1/level1
	at org.apache.hadoop.ozone.om.KeyManagerImpl.getOzoneFileStatus(KeyManagerImpl.java:1195) ~[ozone-manager-1.4.0-SNAPSHOT.jar:?]
	at org.apache.hadoop.ozone.om.KeyManagerImpl.getFileStatus(KeyManagerImpl.java:1113) ~[ozone-manager-1.4.0-SNAPSHOT.jar:?]
	at org.apache.hadoop.ozone.om.OmMetadataReader.getFileStatus(OmMetadataReader.java:262) ~[ozone-manager-1.4.0-SNAPSHOT.jar:?]
	at org.apache.hadoop.ozone.om.OzoneManager.getFileStatus(OzoneManager.java:3530) ~[ozone-manager-1.4.0-SNAPSHOT.jar:?]
	at org.apache.hadoop.ozone.protocolPB.OzoneManagerRequestHandler.getOzoneFileStatus(OzoneManagerRequestHandler.java:971) ~[ozone-manager-1.4.0-SNAPSHOT.jar:?]
	at org.apache.hadoop.ozone.protocolPB.OzoneManagerRequestHandler.handleReadRequest(OzoneManagerRequestHandler.java:250) ~[ozone-manager-1.4.0-SNAPSHOT.jar:?]
	at org.apache.hadoop.ozone.protocolPB.OzoneManagerProtocolServerSideTranslatorPB.submitReadRequestToOM(OzoneManagerProtocolServerSideTranslatorPB.java:225) ~[ozone-manager-1.4.0-SNAPSHOT.jar:?]
	at org.apache.hadoop.ozone.protocolPB.OzoneManagerProtocolServerSideTranslatorPB.processRequest(OzoneManagerProtocolServerSideTranslatorPB.java:179) ~[ozone-manager-1.4.0-SNAPSHOT.jar:?]
	at org.apache.hadoop.hdds.server.OzoneProtocolMessageDispatcher.processRequest(OzoneProtocolMessageDispatcher.java:87) [hdds-server-framework-1.4.0-SNAPSHOT.jar:?]
	at org.apache.hadoop.ozone.protocolPB.OzoneManagerProtocolServerSideTranslatorPB.submitRequest(OzoneManagerProtocolServerSideTranslatorPB.java:148) [ozone-manager-1.4.0-SNAPSHOT.jar:?]
	at org.apache.hadoop.ozone.protocol.proto.OzoneManagerProtocolProtos$OzoneManagerService$2.callBlockingMethod(OzoneManagerProtocolProtos.java) [ozone-interface-client-1.4.0-SNAPSHOT.jar:?]
	at org.apache.hadoop.ipc.ProtobufRpcEngine$Server.processCall(ProtobufRpcEngine.java:484) [hadoop-common-3.3.6.jar:?]
	at org.apache.hadoop.ipc.ProtobufRpcEngine2$Server$ProtoBufRpcInvoker.call(ProtobufRpcEngine2.java:595) [hadoop-common-3.3.6.jar:?]
	at org.apache.hadoop.ipc.ProtobufRpcEngine2$Server$ProtoBufRpcInvoker.call(ProtobufRpcEngine2.java:573) [hadoop-common-3.3.6.jar:?]
	at org.apache.hadoop.ipc.RPC$Server.call(RPC.java:1227) [hadoop-common-3.3.6.jar:?]
	at org.apache.hadoop.ipc.Server$RpcCall.run(Server.java:1094) [hadoop-common-3.3.6.jar:?]
	at org.apache.hadoop.ipc.Server$RpcCall.run(Server.java:1017) [hadoop-common-3.3.6.jar:?]
	at java.security.AccessController.doPrivileged(Native Method) ~[?:1.8.0_382]
	at javax.security.auth.Subject.doAs(Subject.java:422) [?:1.8.0_382]
	at org.apache.hadoop.security.UserGroupInformation.doAs(UserGroupInformation.java:1899) [hadoop-common-3.3.6.jar:?]
	at org.apache.hadoop.ipc.Server$Handler.run(Server.java:3048) [hadoop-common-3.3.6.jar:?]
20:31:06.539 [IPC Server handler 16 on default port 15110] ERROR OMAudit - user=runner | ip=127.0.0.1 | op=GET_FILE_STATUS {volume=volume50105, bucket=bucket55116, key=level0/level1/file1, dataSize=0, replicationConfig=null} | ret=FAILURE
org.apache.hadoop.ozone.om.exceptions.OMException: Unable to get file status: volume: volume50105 bucket: bucket55116 key: level0/level1/file1
	at org.apache.hadoop.ozone.om.KeyManagerImpl.getOzoneFileStatus(KeyManagerImpl.java:1195) ~[ozone-manager-1.4.0-SNAPSHOT.jar:?]
	at org.apache.hadoop.ozone.om.KeyManagerImpl.getFileStatus(KeyManagerImpl.java:1113) ~[ozone-manager-1.4.0-SNAPSHOT.jar:?]
	at org.apache.hadoop.ozone.om.OmMetadataReader.getFileStatus(OmMetadataReader.java:262) ~[ozone-manager-1.4.0-SNAPSHOT.jar:?]
	at org.apache.hadoop.ozone.om.OzoneManager.getFileStatus(OzoneManager.java:3530) ~[ozone-manager-1.4.0-SNAPSHOT.jar:?]
	at org.apache.hadoop.ozone.protocolPB.OzoneManagerRequestHandler.getOzoneFileStatus(OzoneManagerRequestHandler.java:971) ~[ozone-manager-1.4.0-SNAPSHOT.jar:?]
	at org.apache.hadoop.ozone.protocolPB.OzoneManagerRequestHandler.handleReadRequest(OzoneManagerRequestHandler.java:250) ~[ozone-manager-1.4.0-SNAPSHOT.jar:?]
	at org.apache.hadoop.ozone.protocolPB.OzoneManagerProtocolServerSideTranslatorPB.submitReadRequestToOM(OzoneManagerProtocolServerSideTranslatorPB.java:225) ~[ozone-manager-1.4.0-SNAPSHOT.jar:?]
	at org.apache.hadoop.ozone.protocolPB.OzoneManagerProtocolServerSideTranslatorPB.processRequest(OzoneManagerProtocolServerSideTranslatorPB.java:179) ~[ozone-manager-1.4.0-SNAPSHOT.jar:?]
	at org.apache.hadoop.hdds.server.OzoneProtocolMessageDispatcher.processRequest(OzoneProtocolMessageDispatcher.java:87) [hdds-server-framework-1.4.0-SNAPSHOT.jar:?]
	at org.apache.hadoop.ozone.protocolPB.OzoneManagerProtocolServerSideTranslatorPB.submitRequest(OzoneManagerProtocolServerSideTranslatorPB.java:148) [ozone-manager-1.4.0-SNAPSHOT.jar:?]
	at org.apache.hadoop.ozone.protocol.proto.OzoneManagerProtocolProtos$OzoneManagerService$2.callBlockingMethod(OzoneManagerProtocolProtos.java) [ozone-interface-client-1.4.0-SNAPSHOT.jar:?]
	at org.apache.hadoop.ipc.ProtobufRpcEngine$Server.processCall(ProtobufRpcEngine.java:484) [hadoop-common-3.3.6.jar:?]
	at org.apache.hadoop.ipc.ProtobufRpcEngine2$Server$ProtoBufRpcInvoker.call(ProtobufRpcEngine2.java:595) [hadoop-common-3.3.6.jar:?]
	at org.apache.hadoop.ipc.ProtobufRpcEngine2$Server$ProtoBufRpcInvoker.call(ProtobufRpcEngine2.java:573) [hadoop-common-3.3.6.jar:?]
	at org.apache.hadoop.ipc.RPC$Server.call(RPC.java:1227) [hadoop-common-3.3.6.jar:?]
	at org.apache.hadoop.ipc.Server$RpcCall.run(Server.java:1094) [hadoop-common-3.3.6.jar:?]
	at org.apache.hadoop.ipc.Server$RpcCall.run(Server.java:1017) [hadoop-common-3.3.6.jar:?]
	at java.security.AccessController.doPrivileged(Native Method) ~[?:1.8.0_382]
	at javax.security.auth.Subject.doAs(Subject.java:422) [?:1.8.0_382]
	at org.apache.hadoop.security.UserGroupInformation.doAs(UserGroupInformation.java:1899) [hadoop-common-3.3.6.jar:?]
	at org.apache.hadoop.ipc.Server$Handler.run(Server.java:3048) [hadoop-common-3.3.6.jar:?]
20:31:06.540 [IPC Server handler 19 on default port 15110] ERROR OMAudit - user=runner | ip=127.0.0.1 | op=GET_FILE_STATUS {volume=volume50105, bucket=bucket55116, key=level0/level1/level1/file1, dataSize=0, replicationConfig=null} | ret=FAILURE
org.apache.hadoop.ozone.om.exceptions.OMException: Unable to get file status: volume: volume50105 bucket: bucket55116 key: level0/level1/level1/file1
	at org.apache.hadoop.ozone.om.KeyManagerImpl.getOzoneFileStatus(KeyManagerImpl.java:1195) ~[ozone-manager-1.4.0-SNAPSHOT.jar:?]
	at org.apache.hadoop.ozone.om.KeyManagerImpl.getFileStatus(KeyManagerImpl.java:1113) ~[ozone-manager-1.4.0-SNAPSHOT.jar:?]
	at org.apache.hadoop.ozone.om.OmMetadataReader.getFileStatus(OmMetadataReader.java:262) ~[ozone-manager-1.4.0-SNAPSHOT.jar:?]
	at org.apache.hadoop.ozone.om.OzoneManager.getFileStatus(OzoneManager.java:3530) ~[ozone-manager-1.4.0-SNAPSHOT.jar:?]
	at org.apache.hadoop.ozone.protocolPB.OzoneManagerRequestHandler.getOzoneFileStatus(OzoneManagerRequestHandler.java:971) ~[ozone-manager-1.4.0-SNAPSHOT.jar:?]
	at org.apache.hadoop.ozone.protocolPB.OzoneManagerRequestHandler.handleReadRequest(OzoneManagerRequestHandler.java:250) ~[ozone-manager-1.4.0-SNAPSHOT.jar:?]
	at org.apache.hadoop.ozone.protocolPB.OzoneManagerProtocolServerSideTranslatorPB.submitReadRequestToOM(OzoneManagerProtocolServerSideTranslatorPB.java:225) ~[ozone-manager-1.4.0-SNAPSHOT.jar:?]
	at org.apache.hadoop.ozone.protocolPB.OzoneManagerProtocolServerSideTranslatorPB.processRequest(OzoneManagerProtocolServerSideTranslatorPB.java:179) ~[ozone-manager-1.4.0-SNAPSHOT.jar:?]
	at org.apache.hadoop.hdds.server.OzoneProtocolMessageDispatcher.processRequest(OzoneProtocolMessageDispatcher.java:87) [hdds-server-framework-1.4.0-SNAPSHOT.jar:?]
	at org.apache.hadoop.ozone.protocolPB.OzoneManagerProtocolServerSideTranslatorPB.submitRequest(OzoneManagerProtocolServerSideTranslatorPB.java:148) [ozone-manager-1.4.0-SNAPSHOT.jar:?]
	at org.apache.hadoop.ozone.protocol.proto.OzoneManagerProtocolProtos$OzoneManagerService$2.callBlockingMethod(OzoneManagerProtocolProtos.java) [ozone-interface-client-1.4.0-SNAPSHOT.jar:?]
	at org.apache.hadoop.ipc.ProtobufRpcEngine$Server.processCall(ProtobufRpcEngine.java:484) [hadoop-common-3.3.6.jar:?]
	at org.apache.hadoop.ipc.ProtobufRpcEngine2$Server$ProtoBufRpcInvoker.call(ProtobufRpcEngine2.java:595) [hadoop-common-3.3.6.jar:?]
	at org.apache.hadoop.ipc.ProtobufRpcEngine2$Server$ProtoBufRpcInvoker.call(ProtobufRpcEngine2.java:573) [hadoop-common-3.3.6.jar:?]
	at org.apache.hadoop.ipc.RPC$Server.call(RPC.java:1227) [hadoop-common-3.3.6.jar:?]
	at org.apache.hadoop.ipc.Server$RpcCall.run(Server.java:1094) [hadoop-common-3.3.6.jar:?]
	at org.apache.hadoop.ipc.Server$RpcCall.run(Server.java:1017) [hadoop-common-3.3.6.jar:?]
	at java.security.AccessController.doPrivileged(Native Method) ~[?:1.8.0_382]
	at javax.security.auth.Subject.doAs(Subject.java:422) [?:1.8.0_382]
	at org.apache.hadoop.security.UserGroupInformation.doAs(UserGroupInformation.java:1899) [hadoop-common-3.3.6.jar:?]
	at org.apache.hadoop.ipc.Server$Handler.run(Server.java:3048) [hadoop-common-3.3.6.jar:?]
20:31:06.542 [IPC Server handler 0 on default port 15110] ERROR OMAudit - user=runner | ip=127.0.0.1 | op=GET_FILE_STATUS {volume=volume50105, bucket=bucket55116, key=level0/level2, dataSize=0, replicationConfig=null} | ret=FAILURE
org.apache.hadoop.ozone.om.exceptions.OMException: Unable to get file status: volume: volume50105 bucket: bucket55116 key: level0/level2
	at org.apache.hadoop.ozone.om.KeyManagerImpl.getOzoneFileStatus(KeyManagerImpl.java:1195) ~[ozone-manager-1.4.0-SNAPSHOT.jar:?]
	at org.apache.hadoop.ozone.om.KeyManagerImpl.getFileStatus(KeyManagerImpl.java:1113) ~[ozone-manager-1.4.0-SNAPSHOT.jar:?]
	at org.apache.hadoop.ozone.om.OmMetadataReader.getFileStatus(OmMetadataReader.java:262) ~[ozone-manager-1.4.0-SNAPSHOT.jar:?]
	at org.apache.hadoop.ozone.om.OzoneManager.getFileStatus(OzoneManager.java:3530) ~[ozone-manager-1.4.0-SNAPSHOT.jar:?]
	at org.apache.hadoop.ozone.protocolPB.OzoneManagerRequestHandler.getOzoneFileStatus(OzoneManagerRequestHandler.java:971) ~[ozone-manager-1.4.0-SNAPSHOT.jar:?]
	at org.apache.hadoop.ozone.protocolPB.OzoneManagerRequestHandler.handleReadRequest(OzoneManagerRequestHandler.java:250) ~[ozone-manager-1.4.0-SNAPSHOT.jar:?]
	at org.apache.hadoop.ozone.protocolPB.OzoneManagerProtocolServerSideTranslatorPB.submitReadRequestToOM(OzoneManagerProtocolServerSideTranslatorPB.java:225) ~[ozone-manager-1.4.0-SNAPSHOT.jar:?]
	at org.apache.hadoop.ozone.protocolPB.OzoneManagerProtocolServerSideTranslatorPB.processRequest(OzoneManagerProtocolServerSideTranslatorPB.java:179) ~[ozone-manager-1.4.0-SNAPSHOT.jar:?]
	at org.apache.hadoop.hdds.server.OzoneProtocolMessageDispatcher.processRequest(OzoneProtocolMessageDispatcher.java:87) [hdds-server-framework-1.4.0-SNAPSHOT.jar:?]
	at org.apache.hadoop.ozone.protocolPB.OzoneManagerProtocolServerSideTranslatorPB.submitRequest(OzoneManagerProtocolServerSideTranslatorPB.java:148) [ozone-manager-1.4.0-SNAPSHOT.jar:?]
	at org.apache.hadoop.ozone.protocol.proto.OzoneManagerProtocolProtos$OzoneManagerService$2.callBlockingMethod(OzoneManagerProtocolProtos.java) [ozone-interface-client-1.4.0-SNAPSHOT.jar:?]
	at org.apache.hadoop.ipc.ProtobufRpcEngine$Server.processCall(ProtobufRpcEngine.java:484) [hadoop-common-3.3.6.jar:?]
	at org.apache.hadoop.ipc.ProtobufRpcEngine2$Server$ProtoBufRpcInvoker.call(ProtobufRpcEngine2.java:595) [hadoop-common-3.3.6.jar:?]
	at org.apache.hadoop.ipc.ProtobufRpcEngine2$Server$ProtoBufRpcInvoker.call(ProtobufRpcEngine2.java:573) [hadoop-common-3.3.6.jar:?]
	at org.apache.hadoop.ipc.RPC$Server.call(RPC.java:1227) [hadoop-common-3.3.6.jar:?]
	at org.apache.hadoop.ipc.Server$RpcCall.run(Server.java:1094) [hadoop-common-3.3.6.jar:?]
	at org.apache.hadoop.ipc.Server$RpcCall.run(Server.java:1017) [hadoop-common-3.3.6.jar:?]
	at java.security.AccessController.doPrivileged(Native Method) ~[?:1.8.0_382]
	at javax.security.auth.Subject.doAs(Subject.java:422) [?:1.8.0_382]
	at org.apache.hadoop.security.UserGroupInformation.doAs(UserGroupInformation.java:1899) [hadoop-common-3.3.6.jar:?]
	at org.apache.hadoop.ipc.Server$Handler.run(Server.java:3048) [hadoop-common-3.3.6.jar:?]
20:31:06.543 [IPC Server handler 2 on default port 15110] ERROR OMAudit - user=runner | ip=127.0.0.1 | op=GET_FILE_STATUS {volume=volume50105, bucket=bucket55116, key=level0/level2/level2, dataSize=0, replicationConfig=null} | ret=FAILURE
org.apache.hadoop.ozone.om.exceptions.OMException: Unable to get file status: volume: volume50105 bucket: bucket55116 key: level0/level2/level2
	at org.apache.hadoop.ozone.om.KeyManagerImpl.getOzoneFileStatus(KeyManagerImpl.java:1195) ~[ozone-manager-1.4.0-SNAPSHOT.jar:?]
	at org.apache.hadoop.ozone.om.KeyManagerImpl.getFileStatus(KeyManagerImpl.java:1113) ~[ozone-manager-1.4.0-SNAPSHOT.jar:?]
	at org.apache.hadoop.ozone.om.OmMetadataReader.getFileStatus(OmMetadataReader.java:262) ~[ozone-manager-1.4.0-SNAPSHOT.jar:?]
	at org.apache.hadoop.ozone.om.OzoneManager.getFileStatus(OzoneManager.java:3530) ~[ozone-manager-1.4.0-SNAPSHOT.jar:?]
	at org.apache.hadoop.ozone.protocolPB.OzoneManagerRequestHandler.getOzoneFileStatus(OzoneManagerRequestHandler.java:971) ~[ozone-manager-1.4.0-SNAPSHOT.jar:?]
	at org.apache.hadoop.ozone.protocolPB.OzoneManagerRequestHandler.handleReadRequest(OzoneManagerRequestHandler.java:250) ~[ozone-manager-1.4.0-SNAPSHOT.jar:?]
	at org.apache.hadoop.ozone.protocolPB.OzoneManagerProtocolServerSideTranslatorPB.submitReadRequestToOM(OzoneManagerProtocolServerSideTranslatorPB.java:225) ~[ozone-manager-1.4.0-SNAPSHOT.jar:?]
	at org.apache.hadoop.ozone.protocolPB.OzoneManagerProtocolServerSideTranslatorPB.processRequest(OzoneManagerProtocolServerSideTranslatorPB.java:179) ~[ozone-manager-1.4.0-SNAPSHOT.jar:?]
	at org.apache.hadoop.hdds.server.OzoneProtocolMessageDispatcher.processRequest(OzoneProtocolMessageDispatcher.java:87) [hdds-server-framework-1.4.0-SNAPSHOT.jar:?]
	at org.apache.hadoop.ozone.protocolPB.OzoneManagerProtocolServerSideTranslatorPB.submitRequest(OzoneManagerProtocolServerSideTranslatorPB.java:148) [ozone-manager-1.4.0-SNAPSHOT.jar:?]
	at org.apache.hadoop.ozone.protocol.proto.OzoneManagerProtocolProtos$OzoneManagerService$2.callBlockingMethod(OzoneManagerProtocolProtos.java) [ozone-interface-client-1.4.0-SNAPSHOT.jar:?]
	at org.apache.hadoop.ipc.ProtobufRpcEngine$Server.processCall(ProtobufRpcEngine.java:484) [hadoop-common-3.3.6.jar:?]
	at org.apache.hadoop.ipc.ProtobufRpcEngine2$Server$ProtoBufRpcInvoker.call(ProtobufRpcEngine2.java:595) [hadoop-common-3.3.6.jar:?]
	at org.apache.hadoop.ipc.ProtobufRpcEngine2$Server$ProtoBufRpcInvoker.call(ProtobufRpcEngine2.java:573) [hadoop-common-3.3.6.jar:?]
	at org.apache.hadoop.ipc.RPC$Server.call(RPC.java:1227) [hadoop-common-3.3.6.jar:?]
	at org.apache.hadoop.ipc.Server$RpcCall.run(Server.java:1094) [hadoop-common-3.3.6.jar:?]
	at org.apache.hadoop.ipc.Server$RpcCall.run(Server.java:1017) [hadoop-common-3.3.6.jar:?]
	at java.security.AccessController.doPrivileged(Native Method) ~[?:1.8.0_382]
	at javax.security.auth.Subject.doAs(Subject.java:422) [?:1.8.0_382]
	at org.apache.hadoop.security.UserGroupInformation.doAs(UserGroupInformation.java:1899) [hadoop-common-3.3.6.jar:?]
	at org.apache.hadoop.ipc.Server$Handler.run(Server.java:3048) [hadoop-common-3.3.6.jar:?]
20:31:06.544 [IPC Server handler 4 on default port 15110] ERROR OMAudit - user=runner | ip=127.0.0.1 | op=GET_FILE_STATUS {volume=volume50105, bucket=bucket55116, key=level0/level2/file1, dataSize=0, replicationConfig=null} | ret=FAILURE
org.apache.hadoop.ozone.om.exceptions.OMException: Unable to get file status: volume: volume50105 bucket: bucket55116 key: level0/level2/file1
	at org.apache.hadoop.ozone.om.KeyManagerImpl.getOzoneFileStatus(KeyManagerImpl.java:1195) ~[ozone-manager-1.4.0-SNAPSHOT.jar:?]
	at org.apache.hadoop.ozone.om.KeyManagerImpl.getFileStatus(KeyManagerImpl.java:1113) ~[ozone-manager-1.4.0-SNAPSHOT.jar:?]
	at org.apache.hadoop.ozone.om.OmMetadataReader.getFileStatus(OmMetadataReader.java:262) ~[ozone-manager-1.4.0-SNAPSHOT.jar:?]
	at org.apache.hadoop.ozone.om.OzoneManager.getFileStatus(OzoneManager.java:3530) ~[ozone-manager-1.4.0-SNAPSHOT.jar:?]
	at org.apache.hadoop.ozone.protocolPB.OzoneManagerRequestHandler.getOzoneFileStatus(OzoneManagerRequestHandler.java:971) ~[ozone-manager-1.4.0-SNAPSHOT.jar:?]
	at org.apache.hadoop.ozone.protocolPB.OzoneManagerRequestHandler.handleReadRequest(OzoneManagerRequestHandler.java:250) ~[ozone-manager-1.4.0-SNAPSHOT.jar:?]
	at org.apache.hadoop.ozone.protocolPB.OzoneManagerProtocolServerSideTranslatorPB.submitReadRequestToOM(OzoneManagerProtocolServerSideTranslatorPB.java:225) ~[ozone-manager-1.4.0-SNAPSHOT.jar:?]
	at org.apache.hadoop.ozone.protocolPB.OzoneManagerProtocolServerSideTranslatorPB.processRequest(OzoneManagerProtocolServerSideTranslatorPB.java:179) ~[ozone-manager-1.4.0-SNAPSHOT.jar:?]
	at org.apache.hadoop.hdds.server.OzoneProtocolMessageDispatcher.processRequest(OzoneProtocolMessageDispatcher.java:87) [hdds-server-framework-1.4.0-SNAPSHOT.jar:?]
	at org.apache.hadoop.ozone.protocolPB.OzoneManagerProtocolServerSideTranslatorPB.submitRequest(OzoneManagerProtocolServerSideTranslatorPB.java:148) [ozone-manager-1.4.0-SNAPSHOT.jar:?]
	at org.apache.hadoop.ozone.protocol.proto.OzoneManagerProtocolProtos$OzoneManagerService$2.callBlockingMethod(OzoneManagerProtocolProtos.java) [ozone-interface-client-1.4.0-SNAPSHOT.jar:?]
	at org.apache.hadoop.ipc.ProtobufRpcEngine$Server.processCall(ProtobufRpcEngine.java:484) [hadoop-common-3.3.6.jar:?]
	at org.apache.hadoop.ipc.ProtobufRpcEngine2$Server$ProtoBufRpcInvoker.call(ProtobufRpcEngine2.java:595) [hadoop-common-3.3.6.jar:?]
	at org.apache.hadoop.ipc.ProtobufRpcEngine2$Server$ProtoBufRpcInvoker.call(ProtobufRpcEngine2.java:573) [hadoop-common-3.3.6.jar:?]
	at org.apache.hadoop.ipc.RPC$Server.call(RPC.java:1227) [hadoop-common-3.3.6.jar:?]
	at org.apache.hadoop.ipc.Server$RpcCall.run(Server.java:1094) [hadoop-common-3.3.6.jar:?]
	at org.apache.hadoop.ipc.Server$RpcCall.run(Server.java:1017) [hadoop-common-3.3.6.jar:?]
	at java.security.AccessController.doPrivileged(Native Method) ~[?:1.8.0_382]
	at javax.security.auth.Subject.doAs(Subject.java:422) [?:1.8.0_382]
	at org.apache.hadoop.security.UserGroupInformation.doAs(UserGroupInformation.java:1899) [hadoop-common-3.3.6.jar:?]
	at org.apache.hadoop.ipc.Server$Handler.run(Server.java:3048) [hadoop-common-3.3.6.jar:?]
20:31:06.546 [IPC Server handler 1 on default port 15110] ERROR OMAudit - user=runner | ip=127.0.0.1 | op=GET_FILE_STATUS {volume=volume50105, bucket=bucket55116, key=level0/level2/level2/file1, dataSize=0, replicationConfig=null} | ret=FAILURE
org.apache.hadoop.ozone.om.exceptions.OMException: Unable to get file status: volume: volume50105 bucket: bucket55116 key: level0/level2/level2/file1
	at org.apache.hadoop.ozone.om.KeyManagerImpl.getOzoneFileStatus(KeyManagerImpl.java:1195) ~[ozone-manager-1.4.0-SNAPSHOT.jar:?]
	at org.apache.hadoop.ozone.om.KeyManagerImpl.getFileStatus(KeyManagerImpl.java:1113) ~[ozone-manager-1.4.0-SNAPSHOT.jar:?]
	at org.apache.hadoop.ozone.om.OmMetadataReader.getFileStatus(OmMetadataReader.java:262) ~[ozone-manager-1.4.0-SNAPSHOT.jar:?]
	at org.apache.hadoop.ozone.om.OzoneManager.getFileStatus(OzoneManager.java:3530) ~[ozone-manager-1.4.0-SNAPSHOT.jar:?]
	at org.apache.hadoop.ozone.protocolPB.OzoneManagerRequestHandler.getOzoneFileStatus(OzoneManagerRequestHandler.java:971) ~[ozone-manager-1.4.0-SNAPSHOT.jar:?]
	at org.apache.hadoop.ozone.protocolPB.OzoneManagerRequestHandler.handleReadRequest(OzoneManagerRequestHandler.java:250) ~[ozone-manager-1.4.0-SNAPSHOT.jar:?]
	at org.apache.hadoop.ozone.protocolPB.OzoneManagerProtocolServerSideTranslatorPB.submitReadRequestToOM(OzoneManagerProtocolServerSideTranslatorPB.java:225) ~[ozone-manager-1.4.0-SNAPSHOT.jar:?]
	at org.apache.hadoop.ozone.protocolPB.OzoneManagerProtocolServerSideTranslatorPB.processRequest(OzoneManagerProtocolServerSideTranslatorPB.java:179) ~[ozone-manager-1.4.0-SNAPSHOT.jar:?]
	at org.apache.hadoop.hdds.server.OzoneProtocolMessageDispatcher.processRequest(OzoneProtocolMessageDispatcher.java:87) [hdds-server-framework-1.4.0-SNAPSHOT.jar:?]
	at org.apache.hadoop.ozone.protocolPB.OzoneManagerProtocolServerSideTranslatorPB.submitRequest(OzoneManagerProtocolServerSideTranslatorPB.java:148) [ozone-manager-1.4.0-SNAPSHOT.jar:?]
	at org.apache.hadoop.ozone.protocol.proto.OzoneManagerProtocolProtos$OzoneManagerService$2.callBlockingMethod(OzoneManagerProtocolProtos.java) [ozone-interface-client-1.4.0-SNAPSHOT.jar:?]
	at org.apache.hadoop.ipc.ProtobufRpcEngine$Server.processCall(ProtobufRpcEngine.java:484) [hadoop-common-3.3.6.jar:?]
	at org.apache.hadoop.ipc.ProtobufRpcEngine2$Server$ProtoBufRpcInvoker.call(ProtobufRpcEngine2.java:595) [hadoop-common-3.3.6.jar:?]
	at org.apache.hadoop.ipc.ProtobufRpcEngine2$Server$ProtoBufRpcInvoker.call(ProtobufRpcEngine2.java:573) [hadoop-common-3.3.6.jar:?]
	at org.apache.hadoop.ipc.RPC$Server.call(RPC.java:1227) [hadoop-common-3.3.6.jar:?]
	at org.apache.hadoop.ipc.Server$RpcCall.run(Server.java:1094) [hadoop-common-3.3.6.jar:?]
	at org.apache.hadoop.ipc.Server$RpcCall.run(Server.java:1017) [hadoop-common-3.3.6.jar:?]
	at java.security.AccessController.doPrivileged(Native Method) ~[?:1.8.0_382]
	at javax.security.auth.Subject.doAs(Subject.java:422) [?:1.8.0_382]
	at org.apache.hadoop.security.UserGroupInformation.doAs(UserGroupInformation.java:1899) [hadoop-common-3.3.6.jar:?]
	at org.apache.hadoop.ipc.Server$Handler.run(Server.java:3048) [hadoop-common-3.3.6.jar:?]
20:31:06.547 [IPC Server handler 7 on default port 15110] ERROR OMAudit - user=runner | ip=127.0.0.1 | op=GET_FILE_STATUS {volume=volume50105, bucket=bucket55116, key=level0/level3, dataSize=0, replicationConfig=null} | ret=FAILURE
org.apache.hadoop.ozone.om.exceptions.OMException: Unable to get file status: volume: volume50105 bucket: bucket55116 key: level0/level3
	at org.apache.hadoop.ozone.om.KeyManagerImpl.getOzoneFileStatus(KeyManagerImpl.java:1195) ~[ozone-manager-1.4.0-SNAPSHOT.jar:?]
	at org.apache.hadoop.ozone.om.KeyManagerImpl.getFileStatus(KeyManagerImpl.java:1113) ~[ozone-manager-1.4.0-SNAPSHOT.jar:?]
	at org.apache.hadoop.ozone.om.OmMetadataReader.getFileStatus(OmMetadataReader.java:262) ~[ozone-manager-1.4.0-SNAPSHOT.jar:?]
	at org.apache.hadoop.ozone.om.OzoneManager.getFileStatus(OzoneManager.java:3530) ~[ozone-manager-1.4.0-SNAPSHOT.jar:?]
	at org.apache.hadoop.ozone.protocolPB.OzoneManagerRequestHandler.getOzoneFileStatus(OzoneManagerRequestHandler.java:971) ~[ozone-manager-1.4.0-SNAPSHOT.jar:?]
	at org.apache.hadoop.ozone.protocolPB.OzoneManagerRequestHandler.handleReadRequest(OzoneManagerRequestHandler.java:250) ~[ozone-manager-1.4.0-SNAPSHOT.jar:?]
	at org.apache.hadoop.ozone.protocolPB.OzoneManagerProtocolServerSideTranslatorPB.submitReadRequestToOM(OzoneManagerProtocolServerSideTranslatorPB.java:225) ~[ozone-manager-1.4.0-SNAPSHOT.jar:?]
	at org.apache.hadoop.ozone.protocolPB.OzoneManagerProtocolServerSideTranslatorPB.processRequest(OzoneManagerProtocolServerSideTranslatorPB.java:179) ~[ozone-manager-1.4.0-SNAPSHOT.jar:?]
	at org.apache.hadoop.hdds.server.OzoneProtocolMessageDispatcher.processRequest(OzoneProtocolMessageDispatcher.java:87) [hdds-server-framework-1.4.0-SNAPSHOT.jar:?]
	at org.apache.hadoop.ozone.protocolPB.OzoneManagerProtocolServerSideTranslatorPB.submitRequest(OzoneManagerProtocolServerSideTranslatorPB.java:148) [ozone-manager-1.4.0-SNAPSHOT.jar:?]
	at org.apache.hadoop.ozone.protocol.proto.OzoneManagerProtocolProtos$OzoneManagerService$2.callBlockingMethod(OzoneManagerProtocolProtos.java) [ozone-interface-client-1.4.0-SNAPSHOT.jar:?]
	at org.apache.hadoop.ipc.ProtobufRpcEngine$Server.processCall(ProtobufRpcEngine.java:484) [hadoop-common-3.3.6.jar:?]
	at org.apache.hadoop.ipc.ProtobufRpcEngine2$Server$ProtoBufRpcInvoker.call(ProtobufRpcEngine2.java:595) [hadoop-common-3.3.6.jar:?]
	at org.apache.hadoop.ipc.ProtobufRpcEngine2$Server$ProtoBufRpcInvoker.call(ProtobufRpcEngine2.java:573) [hadoop-common-3.3.6.jar:?]
	at org.apache.hadoop.ipc.RPC$Server.call(RPC.java:1227) [hadoop-common-3.3.6.jar:?]
	at org.apache.hadoop.ipc.Server$RpcCall.run(Server.java:1094) [hadoop-common-3.3.6.jar:?]
	at org.apache.hadoop.ipc.Server$RpcCall.run(Server.java:1017) [hadoop-common-3.3.6.jar:?]
	at java.security.AccessController.doPrivileged(Native Method) ~[?:1.8.0_382]
	at javax.security.auth.Subject.doAs(Subject.java:422) [?:1.8.0_382]
	at org.apache.hadoop.security.UserGroupInformation.doAs(UserGroupInformation.java:1899) [hadoop-common-3.3.6.jar:?]
	at org.apache.hadoop.ipc.Server$Handler.run(Server.java:3048) [hadoop-common-3.3.6.jar:?]
20:31:06.549 [IPC Server handler 8 on default port 15110] ERROR OMAudit - user=runner | ip=127.0.0.1 | op=GET_FILE_STATUS {volume=volume50105, bucket=bucket55116, key=level0/level3/level3, dataSize=0, replicationConfig=null} | ret=FAILURE
org.apache.hadoop.ozone.om.exceptions.OMException: Unable to get file status: volume: volume50105 bucket: bucket55116 key: level0/level3/level3
	at org.apache.hadoop.ozone.om.KeyManagerImpl.getOzoneFileStatus(KeyManagerImpl.java:1195) ~[ozone-manager-1.4.0-SNAPSHOT.jar:?]
	at org.apache.hadoop.ozone.om.KeyManagerImpl.getFileStatus(KeyManagerImpl.java:1113) ~[ozone-manager-1.4.0-SNAPSHOT.jar:?]
	at org.apache.hadoop.ozone.om.OmMetadataReader.getFileStatus(OmMetadataReader.java:262) ~[ozone-manager-1.4.0-SNAPSHOT.jar:?]
	at org.apache.hadoop.ozone.om.OzoneManager.getFileStatus(OzoneManager.java:3530) ~[ozone-manager-1.4.0-SNAPSHOT.jar:?]
	at org.apache.hadoop.ozone.protocolPB.OzoneManagerRequestHandler.getOzoneFileStatus(OzoneManagerRequestHandler.java:971) ~[ozone-manager-1.4.0-SNAPSHOT.jar:?]
	at org.apache.hadoop.ozone.protocolPB.OzoneManagerRequestHandler.handleReadRequest(OzoneManagerRequestHandler.java:250) ~[ozone-manager-1.4.0-SNAPSHOT.jar:?]
	at org.apache.hadoop.ozone.protocolPB.OzoneManagerProtocolServerSideTranslatorPB.submitReadRequestToOM(OzoneManagerProtocolServerSideTranslatorPB.java:225) ~[ozone-manager-1.4.0-SNAPSHOT.jar:?]
	at org.apache.hadoop.ozone.protocolPB.OzoneManagerProtocolServerSideTranslatorPB.processRequest(OzoneManagerProtocolServerSideTranslatorPB.java:179) ~[ozone-manager-1.4.0-SNAPSHOT.jar:?]
	at org.apache.hadoop.hdds.server.OzoneProtocolMessageDispatcher.processRequest(OzoneProtocolMessageDispatcher.java:87) [hdds-server-framework-1.4.0-SNAPSHOT.jar:?]
	at org.apache.hadoop.ozone.protocolPB.OzoneManagerProtocolServerSideTranslatorPB.submitRequest(OzoneManagerProtocolServerSideTranslatorPB.java:148) [ozone-manager-1.4.0-SNAPSHOT.jar:?]
	at org.apache.hadoop.ozone.protocol.proto.OzoneManagerProtocolProtos$OzoneManagerService$2.callBlockingMethod(OzoneManagerProtocolProtos.java) [ozone-interface-client-1.4.0-SNAPSHOT.jar:?]
	at org.apache.hadoop.ipc.ProtobufRpcEngine$Server.processCall(ProtobufRpcEngine.java:484) [hadoop-common-3.3.6.jar:?]
	at org.apache.hadoop.ipc.ProtobufRpcEngine2$Server$ProtoBufRpcInvoker.call(ProtobufRpcEngine2.java:595) [hadoop-common-3.3.6.jar:?]
	at org.apache.hadoop.ipc.ProtobufRpcEngine2$Server$ProtoBufRpcInvoker.call(ProtobufRpcEngine2.java:573) [hadoop-common-3.3.6.jar:?]
	at org.apache.hadoop.ipc.RPC$Server.call(RPC.java:1227) [hadoop-common-3.3.6.jar:?]
	at org.apache.hadoop.ipc.Server$RpcCall.run(Server.java:1094) [hadoop-common-3.3.6.jar:?]
	at org.apache.hadoop.ipc.Server$RpcCall.run(Server.java:1017) [hadoop-common-3.3.6.jar:?]
	at java.security.AccessController.doPrivileged(Native Method) ~[?:1.8.0_382]
	at javax.security.auth.Subject.doAs(Subject.java:422) [?:1.8.0_382]
	at org.apache.hadoop.security.UserGroupInformation.doAs(UserGroupInformation.java:1899) [hadoop-common-3.3.6.jar:?]
	at org.apache.hadoop.ipc.Server$Handler.run(Server.java:3048) [hadoop-common-3.3.6.jar:?]
20:31:06.550 [IPC Server handler 12 on default port 15110] ERROR OMAudit - user=runner | ip=127.0.0.1 | op=GET_FILE_STATUS {volume=volume50105, bucket=bucket55116, key=level0/level3/file1, dataSize=0, replicationConfig=null} | ret=FAILURE
org.apache.hadoop.ozone.om.exceptions.OMException: Unable to get file status: volume: volume50105 bucket: bucket55116 key: level0/level3/file1
	at org.apache.hadoop.ozone.om.KeyManagerImpl.getOzoneFileStatus(KeyManagerImpl.java:1195) ~[ozone-manager-1.4.0-SNAPSHOT.jar:?]
	at org.apache.hadoop.ozone.om.KeyManagerImpl.getFileStatus(KeyManagerImpl.java:1113) ~[ozone-manager-1.4.0-SNAPSHOT.jar:?]
	at org.apache.hadoop.ozone.om.OmMetadataReader.getFileStatus(OmMetadataReader.java:262) ~[ozone-manager-1.4.0-SNAPSHOT.jar:?]
	at org.apache.hadoop.ozone.om.OzoneManager.getFileStatus(OzoneManager.java:3530) ~[ozone-manager-1.4.0-SNAPSHOT.jar:?]
	at org.apache.hadoop.ozone.protocolPB.OzoneManagerRequestHandler.getOzoneFileStatus(OzoneManagerRequestHandler.java:971) ~[ozone-manager-1.4.0-SNAPSHOT.jar:?]
	at org.apache.hadoop.ozone.protocolPB.OzoneManagerRequestHandler.handleReadRequest(OzoneManagerRequestHandler.java:250) ~[ozone-manager-1.4.0-SNAPSHOT.jar:?]
	at org.apache.hadoop.ozone.protocolPB.OzoneManagerProtocolServerSideTranslatorPB.submitReadRequestToOM(OzoneManagerProtocolServerSideTranslatorPB.java:225) ~[ozone-manager-1.4.0-SNAPSHOT.jar:?]
	at org.apache.hadoop.ozone.protocolPB.OzoneManagerProtocolServerSideTranslatorPB.processRequest(OzoneManagerProtocolServerSideTranslatorPB.java:179) ~[ozone-manager-1.4.0-SNAPSHOT.jar:?]
	at org.apache.hadoop.hdds.server.OzoneProtocolMessageDispatcher.processRequest(OzoneProtocolMessageDispatcher.java:87) [hdds-server-framework-1.4.0-SNAPSHOT.jar:?]
	at org.apache.hadoop.ozone.protocolPB.OzoneManagerProtocolServerSideTranslatorPB.submitRequest(OzoneManagerProtocolServerSideTranslatorPB.java:148) [ozone-manager-1.4.0-SNAPSHOT.jar:?]
	at org.apache.hadoop.ozone.protocol.proto.OzoneManagerProtocolProtos$OzoneManagerService$2.callBlockingMethod(OzoneManagerProtocolProtos.java) [ozone-interface-client-1.4.0-SNAPSHOT.jar:?]
	at org.apache.hadoop.ipc.ProtobufRpcEngine$Server.processCall(ProtobufRpcEngine.java:484) [hadoop-common-3.3.6.jar:?]
	at org.apache.hadoop.ipc.ProtobufRpcEngine2$Server$ProtoBufRpcInvoker.call(ProtobufRpcEngine2.java:595) [hadoop-common-3.3.6.jar:?]
	at org.apache.hadoop.ipc.ProtobufRpcEngine2$Server$ProtoBufRpcInvoker.call(ProtobufRpcEngine2.java:573) [hadoop-common-3.3.6.jar:?]
	at org.apache.hadoop.ipc.RPC$Server.call(RPC.java:1227) [hadoop-common-3.3.6.jar:?]
	at org.apache.hadoop.ipc.Server$RpcCall.run(Server.java:1094) [hadoop-common-3.3.6.jar:?]
	at org.apache.hadoop.ipc.Server$RpcCall.run(Server.java:1017) [hadoop-common-3.3.6.jar:?]
	at java.security.AccessController.doPrivileged(Native Method) ~[?:1.8.0_382]
	at javax.security.auth.Subject.doAs(Subject.java:422) [?:1.8.0_382]
	at org.apache.hadoop.security.UserGroupInformation.doAs(UserGroupInformation.java:1899) [hadoop-common-3.3.6.jar:?]
	at org.apache.hadoop.ipc.Server$Handler.run(Server.java:3048) [hadoop-common-3.3.6.jar:?]
20:31:06.553 [IPC Server handler 11 on default port 15110] ERROR OMAudit - user=runner | ip=127.0.0.1 | op=GET_FILE_STATUS {volume=volume50105, bucket=bucket55116, key=level0/level3/level3/file1, dataSize=0, replicationConfig=null} | ret=FAILURE
org.apache.hadoop.ozone.om.exceptions.OMException: Unable to get file status: volume: volume50105 bucket: bucket55116 key: level0/level3/level3/file1
	at org.apache.hadoop.ozone.om.KeyManagerImpl.getOzoneFileStatus(KeyManagerImpl.java:1195) ~[ozone-manager-1.4.0-SNAPSHOT.jar:?]
	at org.apache.hadoop.ozone.om.KeyManagerImpl.getFileStatus(KeyManagerImpl.java:1113) ~[ozone-manager-1.4.0-SNAPSHOT.jar:?]
	at org.apache.hadoop.ozone.om.OmMetadataReader.getFileStatus(OmMetadataReader.java:262) ~[ozone-manager-1.4.0-SNAPSHOT.jar:?]
	at org.apache.hadoop.ozone.om.OzoneManager.getFileStatus(OzoneManager.java:3530) ~[ozone-manager-1.4.0-SNAPSHOT.jar:?]
	at org.apache.hadoop.ozone.protocolPB.OzoneManagerRequestHandler.getOzoneFileStatus(OzoneManagerRequestHandler.java:971) ~[ozone-manager-1.4.0-SNAPSHOT.jar:?]
	at org.apache.hadoop.ozone.protocolPB.OzoneManagerRequestHandler.handleReadRequest(OzoneManagerRequestHandler.java:250) ~[ozone-manager-1.4.0-SNAPSHOT.jar:?]
	at org.apache.hadoop.ozone.protocolPB.OzoneManagerProtocolServerSideTranslatorPB.submitReadRequestToOM(OzoneManagerProtocolServerSideTranslatorPB.java:225) ~[ozone-manager-1.4.0-SNAPSHOT.jar:?]
	at org.apache.hadoop.ozone.protocolPB.OzoneManagerProtocolServerSideTranslatorPB.processRequest(OzoneManagerProtocolServerSideTranslatorPB.java:179) ~[ozone-manager-1.4.0-SNAPSHOT.jar:?]
	at org.apache.hadoop.hdds.server.OzoneProtocolMessageDispatcher.processRequest(OzoneProtocolMessageDispatcher.java:87) [hdds-server-framework-1.4.0-SNAPSHOT.jar:?]
	at org.apache.hadoop.ozone.protocolPB.OzoneManagerProtocolServerSideTranslatorPB.submitRequest(OzoneManagerProtocolServerSideTranslatorPB.java:148) [ozone-manager-1.4.0-SNAPSHOT.jar:?]
	at org.apache.hadoop.ozone.protocol.proto.OzoneManagerProtocolProtos$OzoneManagerService$2.callBlockingMethod(OzoneManagerProtocolProtos.java) [ozone-interface-client-1.4.0-SNAPSHOT.jar:?]
	at org.apache.hadoop.ipc.ProtobufRpcEngine$Server.processCall(ProtobufRpcEngine.java:484) [hadoop-common-3.3.6.jar:?]
	at org.apache.hadoop.ipc.ProtobufRpcEngine2$Server$ProtoBufRpcInvoker.call(ProtobufRpcEngine2.java:595) [hadoop-common-3.3.6.jar:?]
	at org.apache.hadoop.ipc.ProtobufRpcEngine2$Server$ProtoBufRpcInvoker.call(ProtobufRpcEngine2.java:573) [hadoop-common-3.3.6.jar:?]
	at org.apache.hadoop.ipc.RPC$Server.call(RPC.java:1227) [hadoop-common-3.3.6.jar:?]
	at org.apache.hadoop.ipc.Server$RpcCall.run(Server.java:1094) [hadoop-common-3.3.6.jar:?]
	at org.apache.hadoop.ipc.Server$RpcCall.run(Server.java:1017) [hadoop-common-3.3.6.jar:?]
	at java.security.AccessController.doPrivileged(Native Method) ~[?:1.8.0_382]
	at javax.security.auth.Subject.doAs(Subject.java:422) [?:1.8.0_382]
	at org.apache.hadoop.security.UserGroupInformation.doAs(UserGroupInformation.java:1899) [hadoop-common-3.3.6.jar:?]
	at org.apache.hadoop.ipc.Server$Handler.run(Server.java:3048) [hadoop-common-3.3.6.jar:?]
]]></system-out>
  </testcase>
  <testcase name="testRecursiveDelete" classname="TestOzoneFileSystem" time="0.196">
    <system-out><![CDATA[20:32:43.841 [IPC Server handler 14 on default port 15163] ERROR OMAudit - user=runner | ip=127.0.0.1 | op=GET_FILE_STATUS {volume=volume10577, bucket=bucket68495, key=gdir1, dataSize=0, replicationConfig=null} | ret=FAILURE
org.apache.hadoop.ozone.om.exceptions.OMException: Unable to get file status: volume: volume10577 bucket: bucket68495 key: gdir1
	at org.apache.hadoop.ozone.om.KeyManagerImpl.getOzoneFileStatus(KeyManagerImpl.java:1195) ~[ozone-manager-1.4.0-SNAPSHOT.jar:?]
	at org.apache.hadoop.ozone.om.KeyManagerImpl.getFileStatus(KeyManagerImpl.java:1113) ~[ozone-manager-1.4.0-SNAPSHOT.jar:?]
	at org.apache.hadoop.ozone.om.OmMetadataReader.getFileStatus(OmMetadataReader.java:262) ~[ozone-manager-1.4.0-SNAPSHOT.jar:?]
	at org.apache.hadoop.ozone.om.OzoneManager.getFileStatus(OzoneManager.java:3530) ~[ozone-manager-1.4.0-SNAPSHOT.jar:?]
	at org.apache.hadoop.ozone.protocolPB.OzoneManagerRequestHandler.getOzoneFileStatus(OzoneManagerRequestHandler.java:971) ~[ozone-manager-1.4.0-SNAPSHOT.jar:?]
	at org.apache.hadoop.ozone.protocolPB.OzoneManagerRequestHandler.handleReadRequest(OzoneManagerRequestHandler.java:250) ~[ozone-manager-1.4.0-SNAPSHOT.jar:?]
	at org.apache.hadoop.ozone.protocolPB.OzoneManagerProtocolServerSideTranslatorPB.submitRequestDirectlyToOM(OzoneManagerProtocolServerSideTranslatorPB.java:274) ~[ozone-manager-1.4.0-SNAPSHOT.jar:?]
	at org.apache.hadoop.ozone.protocolPB.OzoneManagerProtocolServerSideTranslatorPB.processRequest(OzoneManagerProtocolServerSideTranslatorPB.java:175) ~[ozone-manager-1.4.0-SNAPSHOT.jar:?]
	at org.apache.hadoop.hdds.server.OzoneProtocolMessageDispatcher.processRequest(OzoneProtocolMessageDispatcher.java:87) [hdds-server-framework-1.4.0-SNAPSHOT.jar:?]
	at org.apache.hadoop.ozone.protocolPB.OzoneManagerProtocolServerSideTranslatorPB.submitRequest(OzoneManagerProtocolServerSideTranslatorPB.java:148) [ozone-manager-1.4.0-SNAPSHOT.jar:?]
	at org.apache.hadoop.ozone.protocol.proto.OzoneManagerProtocolProtos$OzoneManagerService$2.callBlockingMethod(OzoneManagerProtocolProtos.java) [ozone-interface-client-1.4.0-SNAPSHOT.jar:?]
	at org.apache.hadoop.ipc.ProtobufRpcEngine$Server.processCall(ProtobufRpcEngine.java:484) [hadoop-common-3.3.6.jar:?]
	at org.apache.hadoop.ipc.ProtobufRpcEngine2$Server$ProtoBufRpcInvoker.call(ProtobufRpcEngine2.java:595) [hadoop-common-3.3.6.jar:?]
	at org.apache.hadoop.ipc.ProtobufRpcEngine2$Server$ProtoBufRpcInvoker.call(ProtobufRpcEngine2.java:573) [hadoop-common-3.3.6.jar:?]
	at org.apache.hadoop.ipc.RPC$Server.call(RPC.java:1227) [hadoop-common-3.3.6.jar:?]
	at org.apache.hadoop.ipc.Server$RpcCall.run(Server.java:1094) [hadoop-common-3.3.6.jar:?]
	at org.apache.hadoop.ipc.Server$RpcCall.run(Server.java:1017) [hadoop-common-3.3.6.jar:?]
	at java.security.AccessController.doPrivileged(Native Method) ~[?:1.8.0_382]
	at javax.security.auth.Subject.doAs(Subject.java:422) [?:1.8.0_382]
	at org.apache.hadoop.security.UserGroupInformation.doAs(UserGroupInformation.java:1899) [hadoop-common-3.3.6.jar:?]
	at org.apache.hadoop.ipc.Server$Handler.run(Server.java:3048) [hadoop-common-3.3.6.jar:?]
20:32:43.842 [IPC Server handler 2 on default port 15163] ERROR OMAudit - user=runner | ip=127.0.0.1 | op=GET_FILE_STATUS {volume=volume10577, bucket=bucket68495, key=gdir1/dir1, dataSize=0, replicationConfig=null} | ret=FAILURE
org.apache.hadoop.ozone.om.exceptions.OMException: Unable to get file status: volume: volume10577 bucket: bucket68495 key: gdir1/dir1
	at org.apache.hadoop.ozone.om.KeyManagerImpl.getOzoneFileStatus(KeyManagerImpl.java:1195) ~[ozone-manager-1.4.0-SNAPSHOT.jar:?]
	at org.apache.hadoop.ozone.om.KeyManagerImpl.getFileStatus(KeyManagerImpl.java:1113) ~[ozone-manager-1.4.0-SNAPSHOT.jar:?]
	at org.apache.hadoop.ozone.om.OmMetadataReader.getFileStatus(OmMetadataReader.java:262) ~[ozone-manager-1.4.0-SNAPSHOT.jar:?]
	at org.apache.hadoop.ozone.om.OzoneManager.getFileStatus(OzoneManager.java:3530) ~[ozone-manager-1.4.0-SNAPSHOT.jar:?]
	at org.apache.hadoop.ozone.protocolPB.OzoneManagerRequestHandler.getOzoneFileStatus(OzoneManagerRequestHandler.java:971) ~[ozone-manager-1.4.0-SNAPSHOT.jar:?]
	at org.apache.hadoop.ozone.protocolPB.OzoneManagerRequestHandler.handleReadRequest(OzoneManagerRequestHandler.java:250) ~[ozone-manager-1.4.0-SNAPSHOT.jar:?]
	at org.apache.hadoop.ozone.protocolPB.OzoneManagerProtocolServerSideTranslatorPB.submitRequestDirectlyToOM(OzoneManagerProtocolServerSideTranslatorPB.java:274) ~[ozone-manager-1.4.0-SNAPSHOT.jar:?]
	at org.apache.hadoop.ozone.protocolPB.OzoneManagerProtocolServerSideTranslatorPB.processRequest(OzoneManagerProtocolServerSideTranslatorPB.java:175) ~[ozone-manager-1.4.0-SNAPSHOT.jar:?]
	at org.apache.hadoop.hdds.server.OzoneProtocolMessageDispatcher.processRequest(OzoneProtocolMessageDispatcher.java:87) [hdds-server-framework-1.4.0-SNAPSHOT.jar:?]
	at org.apache.hadoop.ozone.protocolPB.OzoneManagerProtocolServerSideTranslatorPB.submitRequest(OzoneManagerProtocolServerSideTranslatorPB.java:148) [ozone-manager-1.4.0-SNAPSHOT.jar:?]
	at org.apache.hadoop.ozone.protocol.proto.OzoneManagerProtocolProtos$OzoneManagerService$2.callBlockingMethod(OzoneManagerProtocolProtos.java) [ozone-interface-client-1.4.0-SNAPSHOT.jar:?]
	at org.apache.hadoop.ipc.ProtobufRpcEngine$Server.processCall(ProtobufRpcEngine.java:484) [hadoop-common-3.3.6.jar:?]
	at org.apache.hadoop.ipc.ProtobufRpcEngine2$Server$ProtoBufRpcInvoker.call(ProtobufRpcEngine2.java:595) [hadoop-common-3.3.6.jar:?]
	at org.apache.hadoop.ipc.ProtobufRpcEngine2$Server$ProtoBufRpcInvoker.call(ProtobufRpcEngine2.java:573) [hadoop-common-3.3.6.jar:?]
	at org.apache.hadoop.ipc.RPC$Server.call(RPC.java:1227) [hadoop-common-3.3.6.jar:?]
	at org.apache.hadoop.ipc.Server$RpcCall.run(Server.java:1094) [hadoop-common-3.3.6.jar:?]
	at org.apache.hadoop.ipc.Server$RpcCall.run(Server.java:1017) [hadoop-common-3.3.6.jar:?]
	at java.security.AccessController.doPrivileged(Native Method) ~[?:1.8.0_382]
	at javax.security.auth.Subject.doAs(Subject.java:422) [?:1.8.0_382]
	at org.apache.hadoop.security.UserGroupInformation.doAs(UserGroupInformation.java:1899) [hadoop-common-3.3.6.jar:?]
	at org.apache.hadoop.ipc.Server$Handler.run(Server.java:3048) [hadoop-common-3.3.6.jar:?]
20:32:43.843 [IPC Server handler 1 on default port 15163] ERROR OMAudit - user=runner | ip=127.0.0.1 | op=GET_FILE_STATUS {volume=volume10577, bucket=bucket68495, key=gdir1/dir1/child, dataSize=0, replicationConfig=null} | ret=FAILURE
org.apache.hadoop.ozone.om.exceptions.OMException: Unable to get file status: volume: volume10577 bucket: bucket68495 key: gdir1/dir1/child
	at org.apache.hadoop.ozone.om.KeyManagerImpl.getOzoneFileStatus(KeyManagerImpl.java:1195) ~[ozone-manager-1.4.0-SNAPSHOT.jar:?]
	at org.apache.hadoop.ozone.om.KeyManagerImpl.getFileStatus(KeyManagerImpl.java:1113) ~[ozone-manager-1.4.0-SNAPSHOT.jar:?]
	at org.apache.hadoop.ozone.om.OmMetadataReader.getFileStatus(OmMetadataReader.java:262) ~[ozone-manager-1.4.0-SNAPSHOT.jar:?]
	at org.apache.hadoop.ozone.om.OzoneManager.getFileStatus(OzoneManager.java:3530) ~[ozone-manager-1.4.0-SNAPSHOT.jar:?]
	at org.apache.hadoop.ozone.protocolPB.OzoneManagerRequestHandler.getOzoneFileStatus(OzoneManagerRequestHandler.java:971) ~[ozone-manager-1.4.0-SNAPSHOT.jar:?]
	at org.apache.hadoop.ozone.protocolPB.OzoneManagerRequestHandler.handleReadRequest(OzoneManagerRequestHandler.java:250) ~[ozone-manager-1.4.0-SNAPSHOT.jar:?]
	at org.apache.hadoop.ozone.protocolPB.OzoneManagerProtocolServerSideTranslatorPB.submitRequestDirectlyToOM(OzoneManagerProtocolServerSideTranslatorPB.java:274) ~[ozone-manager-1.4.0-SNAPSHOT.jar:?]
	at org.apache.hadoop.ozone.protocolPB.OzoneManagerProtocolServerSideTranslatorPB.processRequest(OzoneManagerProtocolServerSideTranslatorPB.java:175) ~[ozone-manager-1.4.0-SNAPSHOT.jar:?]
	at org.apache.hadoop.hdds.server.OzoneProtocolMessageDispatcher.processRequest(OzoneProtocolMessageDispatcher.java:87) [hdds-server-framework-1.4.0-SNAPSHOT.jar:?]
	at org.apache.hadoop.ozone.protocolPB.OzoneManagerProtocolServerSideTranslatorPB.submitRequest(OzoneManagerProtocolServerSideTranslatorPB.java:148) [ozone-manager-1.4.0-SNAPSHOT.jar:?]
	at org.apache.hadoop.ozone.protocol.proto.OzoneManagerProtocolProtos$OzoneManagerService$2.callBlockingMethod(OzoneManagerProtocolProtos.java) [ozone-interface-client-1.4.0-SNAPSHOT.jar:?]
	at org.apache.hadoop.ipc.ProtobufRpcEngine$Server.processCall(ProtobufRpcEngine.java:484) [hadoop-common-3.3.6.jar:?]
	at org.apache.hadoop.ipc.ProtobufRpcEngine2$Server$ProtoBufRpcInvoker.call(ProtobufRpcEngine2.java:595) [hadoop-common-3.3.6.jar:?]
	at org.apache.hadoop.ipc.ProtobufRpcEngine2$Server$ProtoBufRpcInvoker.call(ProtobufRpcEngine2.java:573) [hadoop-common-3.3.6.jar:?]
	at org.apache.hadoop.ipc.RPC$Server.call(RPC.java:1227) [hadoop-common-3.3.6.jar:?]
	at org.apache.hadoop.ipc.Server$RpcCall.run(Server.java:1094) [hadoop-common-3.3.6.jar:?]
	at org.apache.hadoop.ipc.Server$RpcCall.run(Server.java:1017) [hadoop-common-3.3.6.jar:?]
	at java.security.AccessController.doPrivileged(Native Method) ~[?:1.8.0_382]
	at javax.security.auth.Subject.doAs(Subject.java:422) [?:1.8.0_382]
	at org.apache.hadoop.security.UserGroupInformation.doAs(UserGroupInformation.java:1899) [hadoop-common-3.3.6.jar:?]
	at org.apache.hadoop.ipc.Server$Handler.run(Server.java:3048) [hadoop-common-3.3.6.jar:?]
20:32:43.844 [IPC Server handler 0 on default port 15163] ERROR OMAudit - user=runner | ip=127.0.0.1 | op=GET_FILE_STATUS {volume=volume10577, bucket=bucket68495, key=gdir1/dir2, dataSize=0, replicationConfig=null} | ret=FAILURE
org.apache.hadoop.ozone.om.exceptions.OMException: Unable to get file status: volume: volume10577 bucket: bucket68495 key: gdir1/dir2
	at org.apache.hadoop.ozone.om.KeyManagerImpl.getOzoneFileStatus(KeyManagerImpl.java:1195) ~[ozone-manager-1.4.0-SNAPSHOT.jar:?]
	at org.apache.hadoop.ozone.om.KeyManagerImpl.getFileStatus(KeyManagerImpl.java:1113) ~[ozone-manager-1.4.0-SNAPSHOT.jar:?]
	at org.apache.hadoop.ozone.om.OmMetadataReader.getFileStatus(OmMetadataReader.java:262) ~[ozone-manager-1.4.0-SNAPSHOT.jar:?]
	at org.apache.hadoop.ozone.om.OzoneManager.getFileStatus(OzoneManager.java:3530) ~[ozone-manager-1.4.0-SNAPSHOT.jar:?]
	at org.apache.hadoop.ozone.protocolPB.OzoneManagerRequestHandler.getOzoneFileStatus(OzoneManagerRequestHandler.java:971) ~[ozone-manager-1.4.0-SNAPSHOT.jar:?]
	at org.apache.hadoop.ozone.protocolPB.OzoneManagerRequestHandler.handleReadRequest(OzoneManagerRequestHandler.java:250) ~[ozone-manager-1.4.0-SNAPSHOT.jar:?]
	at org.apache.hadoop.ozone.protocolPB.OzoneManagerProtocolServerSideTranslatorPB.submitRequestDirectlyToOM(OzoneManagerProtocolServerSideTranslatorPB.java:274) ~[ozone-manager-1.4.0-SNAPSHOT.jar:?]
	at org.apache.hadoop.ozone.protocolPB.OzoneManagerProtocolServerSideTranslatorPB.processRequest(OzoneManagerProtocolServerSideTranslatorPB.java:175) ~[ozone-manager-1.4.0-SNAPSHOT.jar:?]
	at org.apache.hadoop.hdds.server.OzoneProtocolMessageDispatcher.processRequest(OzoneProtocolMessageDispatcher.java:87) [hdds-server-framework-1.4.0-SNAPSHOT.jar:?]
	at org.apache.hadoop.ozone.protocolPB.OzoneManagerProtocolServerSideTranslatorPB.submitRequest(OzoneManagerProtocolServerSideTranslatorPB.java:148) [ozone-manager-1.4.0-SNAPSHOT.jar:?]
	at org.apache.hadoop.ozone.protocol.proto.OzoneManagerProtocolProtos$OzoneManagerService$2.callBlockingMethod(OzoneManagerProtocolProtos.java) [ozone-interface-client-1.4.0-SNAPSHOT.jar:?]
	at org.apache.hadoop.ipc.ProtobufRpcEngine$Server.processCall(ProtobufRpcEngine.java:484) [hadoop-common-3.3.6.jar:?]
	at org.apache.hadoop.ipc.ProtobufRpcEngine2$Server$ProtoBufRpcInvoker.call(ProtobufRpcEngine2.java:595) [hadoop-common-3.3.6.jar:?]
	at org.apache.hadoop.ipc.ProtobufRpcEngine2$Server$ProtoBufRpcInvoker.call(ProtobufRpcEngine2.java:573) [hadoop-common-3.3.6.jar:?]
	at org.apache.hadoop.ipc.RPC$Server.call(RPC.java:1227) [hadoop-common-3.3.6.jar:?]
	at org.apache.hadoop.ipc.Server$RpcCall.run(Server.java:1094) [hadoop-common-3.3.6.jar:?]
	at org.apache.hadoop.ipc.Server$RpcCall.run(Server.java:1017) [hadoop-common-3.3.6.jar:?]
	at java.security.AccessController.doPrivileged(Native Method) ~[?:1.8.0_382]
	at javax.security.auth.Subject.doAs(Subject.java:422) [?:1.8.0_382]
	at org.apache.hadoop.security.UserGroupInformation.doAs(UserGroupInformation.java:1899) [hadoop-common-3.3.6.jar:?]
	at org.apache.hadoop.ipc.Server$Handler.run(Server.java:3048) [hadoop-common-3.3.6.jar:?]
20:32:43.845 [IPC Server handler 3 on default port 15163] ERROR OMAudit - user=runner | ip=127.0.0.1 | op=GET_FILE_STATUS {volume=volume10577, bucket=bucket68495, key=gdir1/dir2/child, dataSize=0, replicationConfig=null} | ret=FAILURE
org.apache.hadoop.ozone.om.exceptions.OMException: Unable to get file status: volume: volume10577 bucket: bucket68495 key: gdir1/dir2/child
	at org.apache.hadoop.ozone.om.KeyManagerImpl.getOzoneFileStatus(KeyManagerImpl.java:1195) ~[ozone-manager-1.4.0-SNAPSHOT.jar:?]
	at org.apache.hadoop.ozone.om.KeyManagerImpl.getFileStatus(KeyManagerImpl.java:1113) ~[ozone-manager-1.4.0-SNAPSHOT.jar:?]
	at org.apache.hadoop.ozone.om.OmMetadataReader.getFileStatus(OmMetadataReader.java:262) ~[ozone-manager-1.4.0-SNAPSHOT.jar:?]
	at org.apache.hadoop.ozone.om.OzoneManager.getFileStatus(OzoneManager.java:3530) ~[ozone-manager-1.4.0-SNAPSHOT.jar:?]
	at org.apache.hadoop.ozone.protocolPB.OzoneManagerRequestHandler.getOzoneFileStatus(OzoneManagerRequestHandler.java:971) ~[ozone-manager-1.4.0-SNAPSHOT.jar:?]
	at org.apache.hadoop.ozone.protocolPB.OzoneManagerRequestHandler.handleReadRequest(OzoneManagerRequestHandler.java:250) ~[ozone-manager-1.4.0-SNAPSHOT.jar:?]
	at org.apache.hadoop.ozone.protocolPB.OzoneManagerProtocolServerSideTranslatorPB.submitRequestDirectlyToOM(OzoneManagerProtocolServerSideTranslatorPB.java:274) ~[ozone-manager-1.4.0-SNAPSHOT.jar:?]
	at org.apache.hadoop.ozone.protocolPB.OzoneManagerProtocolServerSideTranslatorPB.processRequest(OzoneManagerProtocolServerSideTranslatorPB.java:175) ~[ozone-manager-1.4.0-SNAPSHOT.jar:?]
	at org.apache.hadoop.hdds.server.OzoneProtocolMessageDispatcher.processRequest(OzoneProtocolMessageDispatcher.java:87) [hdds-server-framework-1.4.0-SNAPSHOT.jar:?]
	at org.apache.hadoop.ozone.protocolPB.OzoneManagerProtocolServerSideTranslatorPB.submitRequest(OzoneManagerProtocolServerSideTranslatorPB.java:148) [ozone-manager-1.4.0-SNAPSHOT.jar:?]
	at org.apache.hadoop.ozone.protocol.proto.OzoneManagerProtocolProtos$OzoneManagerService$2.callBlockingMethod(OzoneManagerProtocolProtos.java) [ozone-interface-client-1.4.0-SNAPSHOT.jar:?]
	at org.apache.hadoop.ipc.ProtobufRpcEngine$Server.processCall(ProtobufRpcEngine.java:484) [hadoop-common-3.3.6.jar:?]
	at org.apache.hadoop.ipc.ProtobufRpcEngine2$Server$ProtoBufRpcInvoker.call(ProtobufRpcEngine2.java:595) [hadoop-common-3.3.6.jar:?]
	at org.apache.hadoop.ipc.ProtobufRpcEngine2$Server$ProtoBufRpcInvoker.call(ProtobufRpcEngine2.java:573) [hadoop-common-3.3.6.jar:?]
	at org.apache.hadoop.ipc.RPC$Server.call(RPC.java:1227) [hadoop-common-3.3.6.jar:?]
	at org.apache.hadoop.ipc.Server$RpcCall.run(Server.java:1094) [hadoop-common-3.3.6.jar:?]
	at org.apache.hadoop.ipc.Server$RpcCall.run(Server.java:1017) [hadoop-common-3.3.6.jar:?]
	at java.security.AccessController.doPrivileged(Native Method) ~[?:1.8.0_382]
	at javax.security.auth.Subject.doAs(Subject.java:422) [?:1.8.0_382]
	at org.apache.hadoop.security.UserGroupInformation.doAs(UserGroupInformation.java:1899) [hadoop-common-3.3.6.jar:?]
	at org.apache.hadoop.ipc.Server$Handler.run(Server.java:3048) [hadoop-common-3.3.6.jar:?]
20:32:43.847 [IPC Server handler 4 on default port 15163] ERROR OMAudit - user=runner | ip=127.0.0.1 | op=GET_FILE_STATUS {volume=volume10577, bucket=bucket68495, key=gdir1/dir3, dataSize=0, replicationConfig=null} | ret=FAILURE
org.apache.hadoop.ozone.om.exceptions.OMException: Unable to get file status: volume: volume10577 bucket: bucket68495 key: gdir1/dir3
	at org.apache.hadoop.ozone.om.KeyManagerImpl.getOzoneFileStatus(KeyManagerImpl.java:1195) ~[ozone-manager-1.4.0-SNAPSHOT.jar:?]
	at org.apache.hadoop.ozone.om.KeyManagerImpl.getFileStatus(KeyManagerImpl.java:1113) ~[ozone-manager-1.4.0-SNAPSHOT.jar:?]
	at org.apache.hadoop.ozone.om.OmMetadataReader.getFileStatus(OmMetadataReader.java:262) ~[ozone-manager-1.4.0-SNAPSHOT.jar:?]
	at org.apache.hadoop.ozone.om.OzoneManager.getFileStatus(OzoneManager.java:3530) ~[ozone-manager-1.4.0-SNAPSHOT.jar:?]
	at org.apache.hadoop.ozone.protocolPB.OzoneManagerRequestHandler.getOzoneFileStatus(OzoneManagerRequestHandler.java:971) ~[ozone-manager-1.4.0-SNAPSHOT.jar:?]
	at org.apache.hadoop.ozone.protocolPB.OzoneManagerRequestHandler.handleReadRequest(OzoneManagerRequestHandler.java:250) ~[ozone-manager-1.4.0-SNAPSHOT.jar:?]
	at org.apache.hadoop.ozone.protocolPB.OzoneManagerProtocolServerSideTranslatorPB.submitRequestDirectlyToOM(OzoneManagerProtocolServerSideTranslatorPB.java:274) ~[ozone-manager-1.4.0-SNAPSHOT.jar:?]
	at org.apache.hadoop.ozone.protocolPB.OzoneManagerProtocolServerSideTranslatorPB.processRequest(OzoneManagerProtocolServerSideTranslatorPB.java:175) ~[ozone-manager-1.4.0-SNAPSHOT.jar:?]
	at org.apache.hadoop.hdds.server.OzoneProtocolMessageDispatcher.processRequest(OzoneProtocolMessageDispatcher.java:87) [hdds-server-framework-1.4.0-SNAPSHOT.jar:?]
	at org.apache.hadoop.ozone.protocolPB.OzoneManagerProtocolServerSideTranslatorPB.submitRequest(OzoneManagerProtocolServerSideTranslatorPB.java:148) [ozone-manager-1.4.0-SNAPSHOT.jar:?]
	at org.apache.hadoop.ozone.protocol.proto.OzoneManagerProtocolProtos$OzoneManagerService$2.callBlockingMethod(OzoneManagerProtocolProtos.java) [ozone-interface-client-1.4.0-SNAPSHOT.jar:?]
	at org.apache.hadoop.ipc.ProtobufRpcEngine$Server.processCall(ProtobufRpcEngine.java:484) [hadoop-common-3.3.6.jar:?]
	at org.apache.hadoop.ipc.ProtobufRpcEngine2$Server$ProtoBufRpcInvoker.call(ProtobufRpcEngine2.java:595) [hadoop-common-3.3.6.jar:?]
	at org.apache.hadoop.ipc.ProtobufRpcEngine2$Server$ProtoBufRpcInvoker.call(ProtobufRpcEngine2.java:573) [hadoop-common-3.3.6.jar:?]
	at org.apache.hadoop.ipc.RPC$Server.call(RPC.java:1227) [hadoop-common-3.3.6.jar:?]
	at org.apache.hadoop.ipc.Server$RpcCall.run(Server.java:1094) [hadoop-common-3.3.6.jar:?]
	at org.apache.hadoop.ipc.Server$RpcCall.run(Server.java:1017) [hadoop-common-3.3.6.jar:?]
	at java.security.AccessController.doPrivileged(Native Method) ~[?:1.8.0_382]
	at javax.security.auth.Subject.doAs(Subject.java:422) [?:1.8.0_382]
	at org.apache.hadoop.security.UserGroupInformation.doAs(UserGroupInformation.java:1899) [hadoop-common-3.3.6.jar:?]
	at org.apache.hadoop.ipc.Server$Handler.run(Server.java:3048) [hadoop-common-3.3.6.jar:?]
20:32:43.848 [IPC Server handler 5 on default port 15163] ERROR OMAudit - user=runner | ip=127.0.0.1 | op=GET_FILE_STATUS {volume=volume10577, bucket=bucket68495, key=gdir1/dir3/child, dataSize=0, replicationConfig=null} | ret=FAILURE
org.apache.hadoop.ozone.om.exceptions.OMException: Unable to get file status: volume: volume10577 bucket: bucket68495 key: gdir1/dir3/child
	at org.apache.hadoop.ozone.om.KeyManagerImpl.getOzoneFileStatus(KeyManagerImpl.java:1195) ~[ozone-manager-1.4.0-SNAPSHOT.jar:?]
	at org.apache.hadoop.ozone.om.KeyManagerImpl.getFileStatus(KeyManagerImpl.java:1113) ~[ozone-manager-1.4.0-SNAPSHOT.jar:?]
	at org.apache.hadoop.ozone.om.OmMetadataReader.getFileStatus(OmMetadataReader.java:262) ~[ozone-manager-1.4.0-SNAPSHOT.jar:?]
	at org.apache.hadoop.ozone.om.OzoneManager.getFileStatus(OzoneManager.java:3530) ~[ozone-manager-1.4.0-SNAPSHOT.jar:?]
	at org.apache.hadoop.ozone.protocolPB.OzoneManagerRequestHandler.getOzoneFileStatus(OzoneManagerRequestHandler.java:971) ~[ozone-manager-1.4.0-SNAPSHOT.jar:?]
	at org.apache.hadoop.ozone.protocolPB.OzoneManagerRequestHandler.handleReadRequest(OzoneManagerRequestHandler.java:250) ~[ozone-manager-1.4.0-SNAPSHOT.jar:?]
	at org.apache.hadoop.ozone.protocolPB.OzoneManagerProtocolServerSideTranslatorPB.submitRequestDirectlyToOM(OzoneManagerProtocolServerSideTranslatorPB.java:274) ~[ozone-manager-1.4.0-SNAPSHOT.jar:?]
	at org.apache.hadoop.ozone.protocolPB.OzoneManagerProtocolServerSideTranslatorPB.processRequest(OzoneManagerProtocolServerSideTranslatorPB.java:175) ~[ozone-manager-1.4.0-SNAPSHOT.jar:?]
	at org.apache.hadoop.hdds.server.OzoneProtocolMessageDispatcher.processRequest(OzoneProtocolMessageDispatcher.java:87) [hdds-server-framework-1.4.0-SNAPSHOT.jar:?]
	at org.apache.hadoop.ozone.protocolPB.OzoneManagerProtocolServerSideTranslatorPB.submitRequest(OzoneManagerProtocolServerSideTranslatorPB.java:148) [ozone-manager-1.4.0-SNAPSHOT.jar:?]
	at org.apache.hadoop.ozone.protocol.proto.OzoneManagerProtocolProtos$OzoneManagerService$2.callBlockingMethod(OzoneManagerProtocolProtos.java) [ozone-interface-client-1.4.0-SNAPSHOT.jar:?]
	at org.apache.hadoop.ipc.ProtobufRpcEngine$Server.processCall(ProtobufRpcEngine.java:484) [hadoop-common-3.3.6.jar:?]
	at org.apache.hadoop.ipc.ProtobufRpcEngine2$Server$ProtoBufRpcInvoker.call(ProtobufRpcEngine2.java:595) [hadoop-common-3.3.6.jar:?]
	at org.apache.hadoop.ipc.ProtobufRpcEngine2$Server$ProtoBufRpcInvoker.call(ProtobufRpcEngine2.java:573) [hadoop-common-3.3.6.jar:?]
	at org.apache.hadoop.ipc.RPC$Server.call(RPC.java:1227) [hadoop-common-3.3.6.jar:?]
	at org.apache.hadoop.ipc.Server$RpcCall.run(Server.java:1094) [hadoop-common-3.3.6.jar:?]
	at org.apache.hadoop.ipc.Server$RpcCall.run(Server.java:1017) [hadoop-common-3.3.6.jar:?]
	at java.security.AccessController.doPrivileged(Native Method) ~[?:1.8.0_382]
	at javax.security.auth.Subject.doAs(Subject.java:422) [?:1.8.0_382]
	at org.apache.hadoop.security.UserGroupInformation.doAs(UserGroupInformation.java:1899) [hadoop-common-3.3.6.jar:?]
	at org.apache.hadoop.ipc.Server$Handler.run(Server.java:3048) [hadoop-common-3.3.6.jar:?]
20:32:43.849 [IPC Server handler 7 on default port 15163] ERROR OMAudit - user=runner | ip=127.0.0.1 | op=GET_FILE_STATUS {volume=volume10577, bucket=bucket68495, key=gdir1/dir4, dataSize=0, replicationConfig=null} | ret=FAILURE
org.apache.hadoop.ozone.om.exceptions.OMException: Unable to get file status: volume: volume10577 bucket: bucket68495 key: gdir1/dir4
	at org.apache.hadoop.ozone.om.KeyManagerImpl.getOzoneFileStatus(KeyManagerImpl.java:1195) ~[ozone-manager-1.4.0-SNAPSHOT.jar:?]
	at org.apache.hadoop.ozone.om.KeyManagerImpl.getFileStatus(KeyManagerImpl.java:1113) ~[ozone-manager-1.4.0-SNAPSHOT.jar:?]
	at org.apache.hadoop.ozone.om.OmMetadataReader.getFileStatus(OmMetadataReader.java:262) ~[ozone-manager-1.4.0-SNAPSHOT.jar:?]
	at org.apache.hadoop.ozone.om.OzoneManager.getFileStatus(OzoneManager.java:3530) ~[ozone-manager-1.4.0-SNAPSHOT.jar:?]
	at org.apache.hadoop.ozone.protocolPB.OzoneManagerRequestHandler.getOzoneFileStatus(OzoneManagerRequestHandler.java:971) ~[ozone-manager-1.4.0-SNAPSHOT.jar:?]
	at org.apache.hadoop.ozone.protocolPB.OzoneManagerRequestHandler.handleReadRequest(OzoneManagerRequestHandler.java:250) ~[ozone-manager-1.4.0-SNAPSHOT.jar:?]
	at org.apache.hadoop.ozone.protocolPB.OzoneManagerProtocolServerSideTranslatorPB.submitRequestDirectlyToOM(OzoneManagerProtocolServerSideTranslatorPB.java:274) ~[ozone-manager-1.4.0-SNAPSHOT.jar:?]
	at org.apache.hadoop.ozone.protocolPB.OzoneManagerProtocolServerSideTranslatorPB.processRequest(OzoneManagerProtocolServerSideTranslatorPB.java:175) ~[ozone-manager-1.4.0-SNAPSHOT.jar:?]
	at org.apache.hadoop.hdds.server.OzoneProtocolMessageDispatcher.processRequest(OzoneProtocolMessageDispatcher.java:87) [hdds-server-framework-1.4.0-SNAPSHOT.jar:?]
	at org.apache.hadoop.ozone.protocolPB.OzoneManagerProtocolServerSideTranslatorPB.submitRequest(OzoneManagerProtocolServerSideTranslatorPB.java:148) [ozone-manager-1.4.0-SNAPSHOT.jar:?]
	at org.apache.hadoop.ozone.protocol.proto.OzoneManagerProtocolProtos$OzoneManagerService$2.callBlockingMethod(OzoneManagerProtocolProtos.java) [ozone-interface-client-1.4.0-SNAPSHOT.jar:?]
	at org.apache.hadoop.ipc.ProtobufRpcEngine$Server.processCall(ProtobufRpcEngine.java:484) [hadoop-common-3.3.6.jar:?]
	at org.apache.hadoop.ipc.ProtobufRpcEngine2$Server$ProtoBufRpcInvoker.call(ProtobufRpcEngine2.java:595) [hadoop-common-3.3.6.jar:?]
	at org.apache.hadoop.ipc.ProtobufRpcEngine2$Server$ProtoBufRpcInvoker.call(ProtobufRpcEngine2.java:573) [hadoop-common-3.3.6.jar:?]
	at org.apache.hadoop.ipc.RPC$Server.call(RPC.java:1227) [hadoop-common-3.3.6.jar:?]
	at org.apache.hadoop.ipc.Server$RpcCall.run(Server.java:1094) [hadoop-common-3.3.6.jar:?]
	at org.apache.hadoop.ipc.Server$RpcCall.run(Server.java:1017) [hadoop-common-3.3.6.jar:?]
	at java.security.AccessController.doPrivileged(Native Method) ~[?:1.8.0_382]
	at javax.security.auth.Subject.doAs(Subject.java:422) [?:1.8.0_382]
	at org.apache.hadoop.security.UserGroupInformation.doAs(UserGroupInformation.java:1899) [hadoop-common-3.3.6.jar:?]
	at org.apache.hadoop.ipc.Server$Handler.run(Server.java:3048) [hadoop-common-3.3.6.jar:?]
20:32:43.850 [IPC Server handler 6 on default port 15163] ERROR OMAudit - user=runner | ip=127.0.0.1 | op=GET_FILE_STATUS {volume=volume10577, bucket=bucket68495, key=gdir1/dir4/child, dataSize=0, replicationConfig=null} | ret=FAILURE
org.apache.hadoop.ozone.om.exceptions.OMException: Unable to get file status: volume: volume10577 bucket: bucket68495 key: gdir1/dir4/child
	at org.apache.hadoop.ozone.om.KeyManagerImpl.getOzoneFileStatus(KeyManagerImpl.java:1195) ~[ozone-manager-1.4.0-SNAPSHOT.jar:?]
	at org.apache.hadoop.ozone.om.KeyManagerImpl.getFileStatus(KeyManagerImpl.java:1113) ~[ozone-manager-1.4.0-SNAPSHOT.jar:?]
	at org.apache.hadoop.ozone.om.OmMetadataReader.getFileStatus(OmMetadataReader.java:262) ~[ozone-manager-1.4.0-SNAPSHOT.jar:?]
	at org.apache.hadoop.ozone.om.OzoneManager.getFileStatus(OzoneManager.java:3530) ~[ozone-manager-1.4.0-SNAPSHOT.jar:?]
	at org.apache.hadoop.ozone.protocolPB.OzoneManagerRequestHandler.getOzoneFileStatus(OzoneManagerRequestHandler.java:971) ~[ozone-manager-1.4.0-SNAPSHOT.jar:?]
	at org.apache.hadoop.ozone.protocolPB.OzoneManagerRequestHandler.handleReadRequest(OzoneManagerRequestHandler.java:250) ~[ozone-manager-1.4.0-SNAPSHOT.jar:?]
	at org.apache.hadoop.ozone.protocolPB.OzoneManagerProtocolServerSideTranslatorPB.submitRequestDirectlyToOM(OzoneManagerProtocolServerSideTranslatorPB.java:274) ~[ozone-manager-1.4.0-SNAPSHOT.jar:?]
	at org.apache.hadoop.ozone.protocolPB.OzoneManagerProtocolServerSideTranslatorPB.processRequest(OzoneManagerProtocolServerSideTranslatorPB.java:175) ~[ozone-manager-1.4.0-SNAPSHOT.jar:?]
	at org.apache.hadoop.hdds.server.OzoneProtocolMessageDispatcher.processRequest(OzoneProtocolMessageDispatcher.java:87) [hdds-server-framework-1.4.0-SNAPSHOT.jar:?]
	at org.apache.hadoop.ozone.protocolPB.OzoneManagerProtocolServerSideTranslatorPB.submitRequest(OzoneManagerProtocolServerSideTranslatorPB.java:148) [ozone-manager-1.4.0-SNAPSHOT.jar:?]
	at org.apache.hadoop.ozone.protocol.proto.OzoneManagerProtocolProtos$OzoneManagerService$2.callBlockingMethod(OzoneManagerProtocolProtos.java) [ozone-interface-client-1.4.0-SNAPSHOT.jar:?]
	at org.apache.hadoop.ipc.ProtobufRpcEngine$Server.processCall(ProtobufRpcEngine.java:484) [hadoop-common-3.3.6.jar:?]
	at org.apache.hadoop.ipc.ProtobufRpcEngine2$Server$ProtoBufRpcInvoker.call(ProtobufRpcEngine2.java:595) [hadoop-common-3.3.6.jar:?]
	at org.apache.hadoop.ipc.ProtobufRpcEngine2$Server$ProtoBufRpcInvoker.call(ProtobufRpcEngine2.java:573) [hadoop-common-3.3.6.jar:?]
	at org.apache.hadoop.ipc.RPC$Server.call(RPC.java:1227) [hadoop-common-3.3.6.jar:?]
	at org.apache.hadoop.ipc.Server$RpcCall.run(Server.java:1094) [hadoop-common-3.3.6.jar:?]
	at org.apache.hadoop.ipc.Server$RpcCall.run(Server.java:1017) [hadoop-common-3.3.6.jar:?]
	at java.security.AccessController.doPrivileged(Native Method) ~[?:1.8.0_382]
	at javax.security.auth.Subject.doAs(Subject.java:422) [?:1.8.0_382]
	at org.apache.hadoop.security.UserGroupInformation.doAs(UserGroupInformation.java:1899) [hadoop-common-3.3.6.jar:?]
	at org.apache.hadoop.ipc.Server$Handler.run(Server.java:3048) [hadoop-common-3.3.6.jar:?]
20:32:43.851 [IPC Server handler 8 on default port 15163] ERROR OMAudit - user=runner | ip=127.0.0.1 | op=GET_FILE_STATUS {volume=volume10577, bucket=bucket68495, key=gdir1/dir5, dataSize=0, replicationConfig=null} | ret=FAILURE
org.apache.hadoop.ozone.om.exceptions.OMException: Unable to get file status: volume: volume10577 bucket: bucket68495 key: gdir1/dir5
	at org.apache.hadoop.ozone.om.KeyManagerImpl.getOzoneFileStatus(KeyManagerImpl.java:1195) ~[ozone-manager-1.4.0-SNAPSHOT.jar:?]
	at org.apache.hadoop.ozone.om.KeyManagerImpl.getFileStatus(KeyManagerImpl.java:1113) ~[ozone-manager-1.4.0-SNAPSHOT.jar:?]
	at org.apache.hadoop.ozone.om.OmMetadataReader.getFileStatus(OmMetadataReader.java:262) ~[ozone-manager-1.4.0-SNAPSHOT.jar:?]
	at org.apache.hadoop.ozone.om.OzoneManager.getFileStatus(OzoneManager.java:3530) ~[ozone-manager-1.4.0-SNAPSHOT.jar:?]
	at org.apache.hadoop.ozone.protocolPB.OzoneManagerRequestHandler.getOzoneFileStatus(OzoneManagerRequestHandler.java:971) ~[ozone-manager-1.4.0-SNAPSHOT.jar:?]
	at org.apache.hadoop.ozone.protocolPB.OzoneManagerRequestHandler.handleReadRequest(OzoneManagerRequestHandler.java:250) ~[ozone-manager-1.4.0-SNAPSHOT.jar:?]
	at org.apache.hadoop.ozone.protocolPB.OzoneManagerProtocolServerSideTranslatorPB.submitRequestDirectlyToOM(OzoneManagerProtocolServerSideTranslatorPB.java:274) ~[ozone-manager-1.4.0-SNAPSHOT.jar:?]
	at org.apache.hadoop.ozone.protocolPB.OzoneManagerProtocolServerSideTranslatorPB.processRequest(OzoneManagerProtocolServerSideTranslatorPB.java:175) ~[ozone-manager-1.4.0-SNAPSHOT.jar:?]
	at org.apache.hadoop.hdds.server.OzoneProtocolMessageDispatcher.processRequest(OzoneProtocolMessageDispatcher.java:87) [hdds-server-framework-1.4.0-SNAPSHOT.jar:?]
	at org.apache.hadoop.ozone.protocolPB.OzoneManagerProtocolServerSideTranslatorPB.submitRequest(OzoneManagerProtocolServerSideTranslatorPB.java:148) [ozone-manager-1.4.0-SNAPSHOT.jar:?]
	at org.apache.hadoop.ozone.protocol.proto.OzoneManagerProtocolProtos$OzoneManagerService$2.callBlockingMethod(OzoneManagerProtocolProtos.java) [ozone-interface-client-1.4.0-SNAPSHOT.jar:?]
	at org.apache.hadoop.ipc.ProtobufRpcEngine$Server.processCall(ProtobufRpcEngine.java:484) [hadoop-common-3.3.6.jar:?]
	at org.apache.hadoop.ipc.ProtobufRpcEngine2$Server$ProtoBufRpcInvoker.call(ProtobufRpcEngine2.java:595) [hadoop-common-3.3.6.jar:?]
	at org.apache.hadoop.ipc.ProtobufRpcEngine2$Server$ProtoBufRpcInvoker.call(ProtobufRpcEngine2.java:573) [hadoop-common-3.3.6.jar:?]
	at org.apache.hadoop.ipc.RPC$Server.call(RPC.java:1227) [hadoop-common-3.3.6.jar:?]
	at org.apache.hadoop.ipc.Server$RpcCall.run(Server.java:1094) [hadoop-common-3.3.6.jar:?]
	at org.apache.hadoop.ipc.Server$RpcCall.run(Server.java:1017) [hadoop-common-3.3.6.jar:?]
	at java.security.AccessController.doPrivileged(Native Method) ~[?:1.8.0_382]
	at javax.security.auth.Subject.doAs(Subject.java:422) [?:1.8.0_382]
	at org.apache.hadoop.security.UserGroupInformation.doAs(UserGroupInformation.java:1899) [hadoop-common-3.3.6.jar:?]
	at org.apache.hadoop.ipc.Server$Handler.run(Server.java:3048) [hadoop-common-3.3.6.jar:?]
20:32:43.852 [IPC Server handler 10 on default port 15163] ERROR OMAudit - user=runner | ip=127.0.0.1 | op=GET_FILE_STATUS {volume=volume10577, bucket=bucket68495, key=gdir1/dir5/child, dataSize=0, replicationConfig=null} | ret=FAILURE
org.apache.hadoop.ozone.om.exceptions.OMException: Unable to get file status: volume: volume10577 bucket: bucket68495 key: gdir1/dir5/child
	at org.apache.hadoop.ozone.om.KeyManagerImpl.getOzoneFileStatus(KeyManagerImpl.java:1195) ~[ozone-manager-1.4.0-SNAPSHOT.jar:?]
	at org.apache.hadoop.ozone.om.KeyManagerImpl.getFileStatus(KeyManagerImpl.java:1113) ~[ozone-manager-1.4.0-SNAPSHOT.jar:?]
	at org.apache.hadoop.ozone.om.OmMetadataReader.getFileStatus(OmMetadataReader.java:262) ~[ozone-manager-1.4.0-SNAPSHOT.jar:?]
	at org.apache.hadoop.ozone.om.OzoneManager.getFileStatus(OzoneManager.java:3530) ~[ozone-manager-1.4.0-SNAPSHOT.jar:?]
	at org.apache.hadoop.ozone.protocolPB.OzoneManagerRequestHandler.getOzoneFileStatus(OzoneManagerRequestHandler.java:971) ~[ozone-manager-1.4.0-SNAPSHOT.jar:?]
	at org.apache.hadoop.ozone.protocolPB.OzoneManagerRequestHandler.handleReadRequest(OzoneManagerRequestHandler.java:250) ~[ozone-manager-1.4.0-SNAPSHOT.jar:?]
	at org.apache.hadoop.ozone.protocolPB.OzoneManagerProtocolServerSideTranslatorPB.submitRequestDirectlyToOM(OzoneManagerProtocolServerSideTranslatorPB.java:274) ~[ozone-manager-1.4.0-SNAPSHOT.jar:?]
	at org.apache.hadoop.ozone.protocolPB.OzoneManagerProtocolServerSideTranslatorPB.processRequest(OzoneManagerProtocolServerSideTranslatorPB.java:175) ~[ozone-manager-1.4.0-SNAPSHOT.jar:?]
	at org.apache.hadoop.hdds.server.OzoneProtocolMessageDispatcher.processRequest(OzoneProtocolMessageDispatcher.java:87) [hdds-server-framework-1.4.0-SNAPSHOT.jar:?]
	at org.apache.hadoop.ozone.protocolPB.OzoneManagerProtocolServerSideTranslatorPB.submitRequest(OzoneManagerProtocolServerSideTranslatorPB.java:148) [ozone-manager-1.4.0-SNAPSHOT.jar:?]
	at org.apache.hadoop.ozone.protocol.proto.OzoneManagerProtocolProtos$OzoneManagerService$2.callBlockingMethod(OzoneManagerProtocolProtos.java) [ozone-interface-client-1.4.0-SNAPSHOT.jar:?]
	at org.apache.hadoop.ipc.ProtobufRpcEngine$Server.processCall(ProtobufRpcEngine.java:484) [hadoop-common-3.3.6.jar:?]
	at org.apache.hadoop.ipc.ProtobufRpcEngine2$Server$ProtoBufRpcInvoker.call(ProtobufRpcEngine2.java:595) [hadoop-common-3.3.6.jar:?]
	at org.apache.hadoop.ipc.ProtobufRpcEngine2$Server$ProtoBufRpcInvoker.call(ProtobufRpcEngine2.java:573) [hadoop-common-3.3.6.jar:?]
	at org.apache.hadoop.ipc.RPC$Server.call(RPC.java:1227) [hadoop-common-3.3.6.jar:?]
	at org.apache.hadoop.ipc.Server$RpcCall.run(Server.java:1094) [hadoop-common-3.3.6.jar:?]
	at org.apache.hadoop.ipc.Server$RpcCall.run(Server.java:1017) [hadoop-common-3.3.6.jar:?]
	at java.security.AccessController.doPrivileged(Native Method) ~[?:1.8.0_382]
	at javax.security.auth.Subject.doAs(Subject.java:422) [?:1.8.0_382]
	at org.apache.hadoop.security.UserGroupInformation.doAs(UserGroupInformation.java:1899) [hadoop-common-3.3.6.jar:?]
	at org.apache.hadoop.ipc.Server$Handler.run(Server.java:3048) [hadoop-common-3.3.6.jar:?]
20:32:43.853 [IPC Server handler 9 on default port 15163] ERROR OMAudit - user=runner | ip=127.0.0.1 | op=GET_FILE_STATUS {volume=volume10577, bucket=bucket68495, key=gdir1/dir6, dataSize=0, replicationConfig=null} | ret=FAILURE
org.apache.hadoop.ozone.om.exceptions.OMException: Unable to get file status: volume: volume10577 bucket: bucket68495 key: gdir1/dir6
	at org.apache.hadoop.ozone.om.KeyManagerImpl.getOzoneFileStatus(KeyManagerImpl.java:1195) ~[ozone-manager-1.4.0-SNAPSHOT.jar:?]
	at org.apache.hadoop.ozone.om.KeyManagerImpl.getFileStatus(KeyManagerImpl.java:1113) ~[ozone-manager-1.4.0-SNAPSHOT.jar:?]
	at org.apache.hadoop.ozone.om.OmMetadataReader.getFileStatus(OmMetadataReader.java:262) ~[ozone-manager-1.4.0-SNAPSHOT.jar:?]
	at org.apache.hadoop.ozone.om.OzoneManager.getFileStatus(OzoneManager.java:3530) ~[ozone-manager-1.4.0-SNAPSHOT.jar:?]
	at org.apache.hadoop.ozone.protocolPB.OzoneManagerRequestHandler.getOzoneFileStatus(OzoneManagerRequestHandler.java:971) ~[ozone-manager-1.4.0-SNAPSHOT.jar:?]
	at org.apache.hadoop.ozone.protocolPB.OzoneManagerRequestHandler.handleReadRequest(OzoneManagerRequestHandler.java:250) ~[ozone-manager-1.4.0-SNAPSHOT.jar:?]
	at org.apache.hadoop.ozone.protocolPB.OzoneManagerProtocolServerSideTranslatorPB.submitRequestDirectlyToOM(OzoneManagerProtocolServerSideTranslatorPB.java:274) ~[ozone-manager-1.4.0-SNAPSHOT.jar:?]
	at org.apache.hadoop.ozone.protocolPB.OzoneManagerProtocolServerSideTranslatorPB.processRequest(OzoneManagerProtocolServerSideTranslatorPB.java:175) ~[ozone-manager-1.4.0-SNAPSHOT.jar:?]
	at org.apache.hadoop.hdds.server.OzoneProtocolMessageDispatcher.processRequest(OzoneProtocolMessageDispatcher.java:87) [hdds-server-framework-1.4.0-SNAPSHOT.jar:?]
	at org.apache.hadoop.ozone.protocolPB.OzoneManagerProtocolServerSideTranslatorPB.submitRequest(OzoneManagerProtocolServerSideTranslatorPB.java:148) [ozone-manager-1.4.0-SNAPSHOT.jar:?]
	at org.apache.hadoop.ozone.protocol.proto.OzoneManagerProtocolProtos$OzoneManagerService$2.callBlockingMethod(OzoneManagerProtocolProtos.java) [ozone-interface-client-1.4.0-SNAPSHOT.jar:?]
	at org.apache.hadoop.ipc.ProtobufRpcEngine$Server.processCall(ProtobufRpcEngine.java:484) [hadoop-common-3.3.6.jar:?]
	at org.apache.hadoop.ipc.ProtobufRpcEngine2$Server$ProtoBufRpcInvoker.call(ProtobufRpcEngine2.java:595) [hadoop-common-3.3.6.jar:?]
	at org.apache.hadoop.ipc.ProtobufRpcEngine2$Server$ProtoBufRpcInvoker.call(ProtobufRpcEngine2.java:573) [hadoop-common-3.3.6.jar:?]
	at org.apache.hadoop.ipc.RPC$Server.call(RPC.java:1227) [hadoop-common-3.3.6.jar:?]
	at org.apache.hadoop.ipc.Server$RpcCall.run(Server.java:1094) [hadoop-common-3.3.6.jar:?]
	at org.apache.hadoop.ipc.Server$RpcCall.run(Server.java:1017) [hadoop-common-3.3.6.jar:?]
	at java.security.AccessController.doPrivileged(Native Method) ~[?:1.8.0_382]
	at javax.security.auth.Subject.doAs(Subject.java:422) [?:1.8.0_382]
	at org.apache.hadoop.security.UserGroupInformation.doAs(UserGroupInformation.java:1899) [hadoop-common-3.3.6.jar:?]
	at org.apache.hadoop.ipc.Server$Handler.run(Server.java:3048) [hadoop-common-3.3.6.jar:?]
20:32:43.854 [IPC Server handler 12 on default port 15163] ERROR OMAudit - user=runner | ip=127.0.0.1 | op=GET_FILE_STATUS {volume=volume10577, bucket=bucket68495, key=gdir1/dir6/child, dataSize=0, replicationConfig=null} | ret=FAILURE
org.apache.hadoop.ozone.om.exceptions.OMException: Unable to get file status: volume: volume10577 bucket: bucket68495 key: gdir1/dir6/child
	at org.apache.hadoop.ozone.om.KeyManagerImpl.getOzoneFileStatus(KeyManagerImpl.java:1195) ~[ozone-manager-1.4.0-SNAPSHOT.jar:?]
	at org.apache.hadoop.ozone.om.KeyManagerImpl.getFileStatus(KeyManagerImpl.java:1113) ~[ozone-manager-1.4.0-SNAPSHOT.jar:?]
	at org.apache.hadoop.ozone.om.OmMetadataReader.getFileStatus(OmMetadataReader.java:262) ~[ozone-manager-1.4.0-SNAPSHOT.jar:?]
	at org.apache.hadoop.ozone.om.OzoneManager.getFileStatus(OzoneManager.java:3530) ~[ozone-manager-1.4.0-SNAPSHOT.jar:?]
	at org.apache.hadoop.ozone.protocolPB.OzoneManagerRequestHandler.getOzoneFileStatus(OzoneManagerRequestHandler.java:971) ~[ozone-manager-1.4.0-SNAPSHOT.jar:?]
	at org.apache.hadoop.ozone.protocolPB.OzoneManagerRequestHandler.handleReadRequest(OzoneManagerRequestHandler.java:250) ~[ozone-manager-1.4.0-SNAPSHOT.jar:?]
	at org.apache.hadoop.ozone.protocolPB.OzoneManagerProtocolServerSideTranslatorPB.submitRequestDirectlyToOM(OzoneManagerProtocolServerSideTranslatorPB.java:274) ~[ozone-manager-1.4.0-SNAPSHOT.jar:?]
	at org.apache.hadoop.ozone.protocolPB.OzoneManagerProtocolServerSideTranslatorPB.processRequest(OzoneManagerProtocolServerSideTranslatorPB.java:175) ~[ozone-manager-1.4.0-SNAPSHOT.jar:?]
	at org.apache.hadoop.hdds.server.OzoneProtocolMessageDispatcher.processRequest(OzoneProtocolMessageDispatcher.java:87) [hdds-server-framework-1.4.0-SNAPSHOT.jar:?]
	at org.apache.hadoop.ozone.protocolPB.OzoneManagerProtocolServerSideTranslatorPB.submitRequest(OzoneManagerProtocolServerSideTranslatorPB.java:148) [ozone-manager-1.4.0-SNAPSHOT.jar:?]
	at org.apache.hadoop.ozone.protocol.proto.OzoneManagerProtocolProtos$OzoneManagerService$2.callBlockingMethod(OzoneManagerProtocolProtos.java) [ozone-interface-client-1.4.0-SNAPSHOT.jar:?]
	at org.apache.hadoop.ipc.ProtobufRpcEngine$Server.processCall(ProtobufRpcEngine.java:484) [hadoop-common-3.3.6.jar:?]
	at org.apache.hadoop.ipc.ProtobufRpcEngine2$Server$ProtoBufRpcInvoker.call(ProtobufRpcEngine2.java:595) [hadoop-common-3.3.6.jar:?]
	at org.apache.hadoop.ipc.ProtobufRpcEngine2$Server$ProtoBufRpcInvoker.call(ProtobufRpcEngine2.java:573) [hadoop-common-3.3.6.jar:?]
	at org.apache.hadoop.ipc.RPC$Server.call(RPC.java:1227) [hadoop-common-3.3.6.jar:?]
	at org.apache.hadoop.ipc.Server$RpcCall.run(Server.java:1094) [hadoop-common-3.3.6.jar:?]
	at org.apache.hadoop.ipc.Server$RpcCall.run(Server.java:1017) [hadoop-common-3.3.6.jar:?]
	at java.security.AccessController.doPrivileged(Native Method) ~[?:1.8.0_382]
	at javax.security.auth.Subject.doAs(Subject.java:422) [?:1.8.0_382]
	at org.apache.hadoop.security.UserGroupInformation.doAs(UserGroupInformation.java:1899) [hadoop-common-3.3.6.jar:?]
	at org.apache.hadoop.ipc.Server$Handler.run(Server.java:3048) [hadoop-common-3.3.6.jar:?]
20:32:43.855 [IPC Server handler 11 on default port 15163] ERROR OMAudit - user=runner | ip=127.0.0.1 | op=GET_FILE_STATUS {volume=volume10577, bucket=bucket68495, key=gdir1/dir7, dataSize=0, replicationConfig=null} | ret=FAILURE
org.apache.hadoop.ozone.om.exceptions.OMException: Unable to get file status: volume: volume10577 bucket: bucket68495 key: gdir1/dir7
	at org.apache.hadoop.ozone.om.KeyManagerImpl.getOzoneFileStatus(KeyManagerImpl.java:1195) ~[ozone-manager-1.4.0-SNAPSHOT.jar:?]
	at org.apache.hadoop.ozone.om.KeyManagerImpl.getFileStatus(KeyManagerImpl.java:1113) ~[ozone-manager-1.4.0-SNAPSHOT.jar:?]
	at org.apache.hadoop.ozone.om.OmMetadataReader.getFileStatus(OmMetadataReader.java:262) ~[ozone-manager-1.4.0-SNAPSHOT.jar:?]
	at org.apache.hadoop.ozone.om.OzoneManager.getFileStatus(OzoneManager.java:3530) ~[ozone-manager-1.4.0-SNAPSHOT.jar:?]
	at org.apache.hadoop.ozone.protocolPB.OzoneManagerRequestHandler.getOzoneFileStatus(OzoneManagerRequestHandler.java:971) ~[ozone-manager-1.4.0-SNAPSHOT.jar:?]
	at org.apache.hadoop.ozone.protocolPB.OzoneManagerRequestHandler.handleReadRequest(OzoneManagerRequestHandler.java:250) ~[ozone-manager-1.4.0-SNAPSHOT.jar:?]
	at org.apache.hadoop.ozone.protocolPB.OzoneManagerProtocolServerSideTranslatorPB.submitRequestDirectlyToOM(OzoneManagerProtocolServerSideTranslatorPB.java:274) ~[ozone-manager-1.4.0-SNAPSHOT.jar:?]
	at org.apache.hadoop.ozone.protocolPB.OzoneManagerProtocolServerSideTranslatorPB.processRequest(OzoneManagerProtocolServerSideTranslatorPB.java:175) ~[ozone-manager-1.4.0-SNAPSHOT.jar:?]
	at org.apache.hadoop.hdds.server.OzoneProtocolMessageDispatcher.processRequest(OzoneProtocolMessageDispatcher.java:87) [hdds-server-framework-1.4.0-SNAPSHOT.jar:?]
	at org.apache.hadoop.ozone.protocolPB.OzoneManagerProtocolServerSideTranslatorPB.submitRequest(OzoneManagerProtocolServerSideTranslatorPB.java:148) [ozone-manager-1.4.0-SNAPSHOT.jar:?]
	at org.apache.hadoop.ozone.protocol.proto.OzoneManagerProtocolProtos$OzoneManagerService$2.callBlockingMethod(OzoneManagerProtocolProtos.java) [ozone-interface-client-1.4.0-SNAPSHOT.jar:?]
	at org.apache.hadoop.ipc.ProtobufRpcEngine$Server.processCall(ProtobufRpcEngine.java:484) [hadoop-common-3.3.6.jar:?]
	at org.apache.hadoop.ipc.ProtobufRpcEngine2$Server$ProtoBufRpcInvoker.call(ProtobufRpcEngine2.java:595) [hadoop-common-3.3.6.jar:?]
	at org.apache.hadoop.ipc.ProtobufRpcEngine2$Server$ProtoBufRpcInvoker.call(ProtobufRpcEngine2.java:573) [hadoop-common-3.3.6.jar:?]
	at org.apache.hadoop.ipc.RPC$Server.call(RPC.java:1227) [hadoop-common-3.3.6.jar:?]
	at org.apache.hadoop.ipc.Server$RpcCall.run(Server.java:1094) [hadoop-common-3.3.6.jar:?]
	at org.apache.hadoop.ipc.Server$RpcCall.run(Server.java:1017) [hadoop-common-3.3.6.jar:?]
	at java.security.AccessController.doPrivileged(Native Method) ~[?:1.8.0_382]
	at javax.security.auth.Subject.doAs(Subject.java:422) [?:1.8.0_382]
	at org.apache.hadoop.security.UserGroupInformation.doAs(UserGroupInformation.java:1899) [hadoop-common-3.3.6.jar:?]
	at org.apache.hadoop.ipc.Server$Handler.run(Server.java:3048) [hadoop-common-3.3.6.jar:?]
20:32:43.856 [IPC Server handler 16 on default port 15163] ERROR OMAudit - user=runner | ip=127.0.0.1 | op=GET_FILE_STATUS {volume=volume10577, bucket=bucket68495, key=gdir1/dir7/child, dataSize=0, replicationConfig=null} | ret=FAILURE
org.apache.hadoop.ozone.om.exceptions.OMException: Unable to get file status: volume: volume10577 bucket: bucket68495 key: gdir1/dir7/child
	at org.apache.hadoop.ozone.om.KeyManagerImpl.getOzoneFileStatus(KeyManagerImpl.java:1195) ~[ozone-manager-1.4.0-SNAPSHOT.jar:?]
	at org.apache.hadoop.ozone.om.KeyManagerImpl.getFileStatus(KeyManagerImpl.java:1113) ~[ozone-manager-1.4.0-SNAPSHOT.jar:?]
	at org.apache.hadoop.ozone.om.OmMetadataReader.getFileStatus(OmMetadataReader.java:262) ~[ozone-manager-1.4.0-SNAPSHOT.jar:?]
	at org.apache.hadoop.ozone.om.OzoneManager.getFileStatus(OzoneManager.java:3530) ~[ozone-manager-1.4.0-SNAPSHOT.jar:?]
	at org.apache.hadoop.ozone.protocolPB.OzoneManagerRequestHandler.getOzoneFileStatus(OzoneManagerRequestHandler.java:971) ~[ozone-manager-1.4.0-SNAPSHOT.jar:?]
	at org.apache.hadoop.ozone.protocolPB.OzoneManagerRequestHandler.handleReadRequest(OzoneManagerRequestHandler.java:250) ~[ozone-manager-1.4.0-SNAPSHOT.jar:?]
	at org.apache.hadoop.ozone.protocolPB.OzoneManagerProtocolServerSideTranslatorPB.submitRequestDirectlyToOM(OzoneManagerProtocolServerSideTranslatorPB.java:274) ~[ozone-manager-1.4.0-SNAPSHOT.jar:?]
	at org.apache.hadoop.ozone.protocolPB.OzoneManagerProtocolServerSideTranslatorPB.processRequest(OzoneManagerProtocolServerSideTranslatorPB.java:175) ~[ozone-manager-1.4.0-SNAPSHOT.jar:?]
	at org.apache.hadoop.hdds.server.OzoneProtocolMessageDispatcher.processRequest(OzoneProtocolMessageDispatcher.java:87) [hdds-server-framework-1.4.0-SNAPSHOT.jar:?]
	at org.apache.hadoop.ozone.protocolPB.OzoneManagerProtocolServerSideTranslatorPB.submitRequest(OzoneManagerProtocolServerSideTranslatorPB.java:148) [ozone-manager-1.4.0-SNAPSHOT.jar:?]
	at org.apache.hadoop.ozone.protocol.proto.OzoneManagerProtocolProtos$OzoneManagerService$2.callBlockingMethod(OzoneManagerProtocolProtos.java) [ozone-interface-client-1.4.0-SNAPSHOT.jar:?]
	at org.apache.hadoop.ipc.ProtobufRpcEngine$Server.processCall(ProtobufRpcEngine.java:484) [hadoop-common-3.3.6.jar:?]
	at org.apache.hadoop.ipc.ProtobufRpcEngine2$Server$ProtoBufRpcInvoker.call(ProtobufRpcEngine2.java:595) [hadoop-common-3.3.6.jar:?]
	at org.apache.hadoop.ipc.ProtobufRpcEngine2$Server$ProtoBufRpcInvoker.call(ProtobufRpcEngine2.java:573) [hadoop-common-3.3.6.jar:?]
	at org.apache.hadoop.ipc.RPC$Server.call(RPC.java:1227) [hadoop-common-3.3.6.jar:?]
	at org.apache.hadoop.ipc.Server$RpcCall.run(Server.java:1094) [hadoop-common-3.3.6.jar:?]
	at org.apache.hadoop.ipc.Server$RpcCall.run(Server.java:1017) [hadoop-common-3.3.6.jar:?]
	at java.security.AccessController.doPrivileged(Native Method) ~[?:1.8.0_382]
	at javax.security.auth.Subject.doAs(Subject.java:422) [?:1.8.0_382]
	at org.apache.hadoop.security.UserGroupInformation.doAs(UserGroupInformation.java:1899) [hadoop-common-3.3.6.jar:?]
	at org.apache.hadoop.ipc.Server$Handler.run(Server.java:3048) [hadoop-common-3.3.6.jar:?]
20:32:43.858 [IPC Server handler 17 on default port 15163] ERROR OMAudit - user=runner | ip=127.0.0.1 | op=GET_FILE_STATUS {volume=volume10577, bucket=bucket68495, key=gdir1/dir8, dataSize=0, replicationConfig=null} | ret=FAILURE
org.apache.hadoop.ozone.om.exceptions.OMException: Unable to get file status: volume: volume10577 bucket: bucket68495 key: gdir1/dir8
	at org.apache.hadoop.ozone.om.KeyManagerImpl.getOzoneFileStatus(KeyManagerImpl.java:1195) ~[ozone-manager-1.4.0-SNAPSHOT.jar:?]
	at org.apache.hadoop.ozone.om.KeyManagerImpl.getFileStatus(KeyManagerImpl.java:1113) ~[ozone-manager-1.4.0-SNAPSHOT.jar:?]
	at org.apache.hadoop.ozone.om.OmMetadataReader.getFileStatus(OmMetadataReader.java:262) ~[ozone-manager-1.4.0-SNAPSHOT.jar:?]
	at org.apache.hadoop.ozone.om.OzoneManager.getFileStatus(OzoneManager.java:3530) ~[ozone-manager-1.4.0-SNAPSHOT.jar:?]
	at org.apache.hadoop.ozone.protocolPB.OzoneManagerRequestHandler.getOzoneFileStatus(OzoneManagerRequestHandler.java:971) ~[ozone-manager-1.4.0-SNAPSHOT.jar:?]
	at org.apache.hadoop.ozone.protocolPB.OzoneManagerRequestHandler.handleReadRequest(OzoneManagerRequestHandler.java:250) ~[ozone-manager-1.4.0-SNAPSHOT.jar:?]
	at org.apache.hadoop.ozone.protocolPB.OzoneManagerProtocolServerSideTranslatorPB.submitRequestDirectlyToOM(OzoneManagerProtocolServerSideTranslatorPB.java:274) ~[ozone-manager-1.4.0-SNAPSHOT.jar:?]
	at org.apache.hadoop.ozone.protocolPB.OzoneManagerProtocolServerSideTranslatorPB.processRequest(OzoneManagerProtocolServerSideTranslatorPB.java:175) ~[ozone-manager-1.4.0-SNAPSHOT.jar:?]
	at org.apache.hadoop.hdds.server.OzoneProtocolMessageDispatcher.processRequest(OzoneProtocolMessageDispatcher.java:87) [hdds-server-framework-1.4.0-SNAPSHOT.jar:?]
	at org.apache.hadoop.ozone.protocolPB.OzoneManagerProtocolServerSideTranslatorPB.submitRequest(OzoneManagerProtocolServerSideTranslatorPB.java:148) [ozone-manager-1.4.0-SNAPSHOT.jar:?]
	at org.apache.hadoop.ozone.protocol.proto.OzoneManagerProtocolProtos$OzoneManagerService$2.callBlockingMethod(OzoneManagerProtocolProtos.java) [ozone-interface-client-1.4.0-SNAPSHOT.jar:?]
	at org.apache.hadoop.ipc.ProtobufRpcEngine$Server.processCall(ProtobufRpcEngine.java:484) [hadoop-common-3.3.6.jar:?]
	at org.apache.hadoop.ipc.ProtobufRpcEngine2$Server$ProtoBufRpcInvoker.call(ProtobufRpcEngine2.java:595) [hadoop-common-3.3.6.jar:?]
	at org.apache.hadoop.ipc.ProtobufRpcEngine2$Server$ProtoBufRpcInvoker.call(ProtobufRpcEngine2.java:573) [hadoop-common-3.3.6.jar:?]
	at org.apache.hadoop.ipc.RPC$Server.call(RPC.java:1227) [hadoop-common-3.3.6.jar:?]
	at org.apache.hadoop.ipc.Server$RpcCall.run(Server.java:1094) [hadoop-common-3.3.6.jar:?]
	at org.apache.hadoop.ipc.Server$RpcCall.run(Server.java:1017) [hadoop-common-3.3.6.jar:?]
	at java.security.AccessController.doPrivileged(Native Method) ~[?:1.8.0_382]
	at javax.security.auth.Subject.doAs(Subject.java:422) [?:1.8.0_382]
	at org.apache.hadoop.security.UserGroupInformation.doAs(UserGroupInformation.java:1899) [hadoop-common-3.3.6.jar:?]
	at org.apache.hadoop.ipc.Server$Handler.run(Server.java:3048) [hadoop-common-3.3.6.jar:?]
20:32:43.860 [IPC Server handler 19 on default port 15163] ERROR OMAudit - user=runner | ip=127.0.0.1 | op=GET_FILE_STATUS {volume=volume10577, bucket=bucket68495, key=gdir1/dir8/child, dataSize=0, replicationConfig=null} | ret=FAILURE
org.apache.hadoop.ozone.om.exceptions.OMException: Unable to get file status: volume: volume10577 bucket: bucket68495 key: gdir1/dir8/child
	at org.apache.hadoop.ozone.om.KeyManagerImpl.getOzoneFileStatus(KeyManagerImpl.java:1195) ~[ozone-manager-1.4.0-SNAPSHOT.jar:?]
	at org.apache.hadoop.ozone.om.KeyManagerImpl.getFileStatus(KeyManagerImpl.java:1113) ~[ozone-manager-1.4.0-SNAPSHOT.jar:?]
	at org.apache.hadoop.ozone.om.OmMetadataReader.getFileStatus(OmMetadataReader.java:262) ~[ozone-manager-1.4.0-SNAPSHOT.jar:?]
	at org.apache.hadoop.ozone.om.OzoneManager.getFileStatus(OzoneManager.java:3530) ~[ozone-manager-1.4.0-SNAPSHOT.jar:?]
	at org.apache.hadoop.ozone.protocolPB.OzoneManagerRequestHandler.getOzoneFileStatus(OzoneManagerRequestHandler.java:971) ~[ozone-manager-1.4.0-SNAPSHOT.jar:?]
	at org.apache.hadoop.ozone.protocolPB.OzoneManagerRequestHandler.handleReadRequest(OzoneManagerRequestHandler.java:250) ~[ozone-manager-1.4.0-SNAPSHOT.jar:?]
	at org.apache.hadoop.ozone.protocolPB.OzoneManagerProtocolServerSideTranslatorPB.submitRequestDirectlyToOM(OzoneManagerProtocolServerSideTranslatorPB.java:274) ~[ozone-manager-1.4.0-SNAPSHOT.jar:?]
	at org.apache.hadoop.ozone.protocolPB.OzoneManagerProtocolServerSideTranslatorPB.processRequest(OzoneManagerProtocolServerSideTranslatorPB.java:175) ~[ozone-manager-1.4.0-SNAPSHOT.jar:?]
	at org.apache.hadoop.hdds.server.OzoneProtocolMessageDispatcher.processRequest(OzoneProtocolMessageDispatcher.java:87) [hdds-server-framework-1.4.0-SNAPSHOT.jar:?]
	at org.apache.hadoop.ozone.protocolPB.OzoneManagerProtocolServerSideTranslatorPB.submitRequest(OzoneManagerProtocolServerSideTranslatorPB.java:148) [ozone-manager-1.4.0-SNAPSHOT.jar:?]
	at org.apache.hadoop.ozone.protocol.proto.OzoneManagerProtocolProtos$OzoneManagerService$2.callBlockingMethod(OzoneManagerProtocolProtos.java) [ozone-interface-client-1.4.0-SNAPSHOT.jar:?]
	at org.apache.hadoop.ipc.ProtobufRpcEngine$Server.processCall(ProtobufRpcEngine.java:484) [hadoop-common-3.3.6.jar:?]
	at org.apache.hadoop.ipc.ProtobufRpcEngine2$Server$ProtoBufRpcInvoker.call(ProtobufRpcEngine2.java:595) [hadoop-common-3.3.6.jar:?]
	at org.apache.hadoop.ipc.ProtobufRpcEngine2$Server$ProtoBufRpcInvoker.call(ProtobufRpcEngine2.java:573) [hadoop-common-3.3.6.jar:?]
	at org.apache.hadoop.ipc.RPC$Server.call(RPC.java:1227) [hadoop-common-3.3.6.jar:?]
	at org.apache.hadoop.ipc.Server$RpcCall.run(Server.java:1094) [hadoop-common-3.3.6.jar:?]
	at org.apache.hadoop.ipc.Server$RpcCall.run(Server.java:1017) [hadoop-common-3.3.6.jar:?]
	at java.security.AccessController.doPrivileged(Native Method) ~[?:1.8.0_382]
	at javax.security.auth.Subject.doAs(Subject.java:422) [?:1.8.0_382]
	at org.apache.hadoop.security.UserGroupInformation.doAs(UserGroupInformation.java:1899) [hadoop-common-3.3.6.jar:?]
	at org.apache.hadoop.ipc.Server$Handler.run(Server.java:3048) [hadoop-common-3.3.6.jar:?]
20:32:43.861 [IPC Server handler 15 on default port 15163] ERROR OMAudit - user=runner | ip=127.0.0.1 | op=GET_FILE_STATUS {volume=volume10577, bucket=bucket68495, key=gdir1/dir9, dataSize=0, replicationConfig=null} | ret=FAILURE
org.apache.hadoop.ozone.om.exceptions.OMException: Unable to get file status: volume: volume10577 bucket: bucket68495 key: gdir1/dir9
	at org.apache.hadoop.ozone.om.KeyManagerImpl.getOzoneFileStatus(KeyManagerImpl.java:1195) ~[ozone-manager-1.4.0-SNAPSHOT.jar:?]
	at org.apache.hadoop.ozone.om.KeyManagerImpl.getFileStatus(KeyManagerImpl.java:1113) ~[ozone-manager-1.4.0-SNAPSHOT.jar:?]
	at org.apache.hadoop.ozone.om.OmMetadataReader.getFileStatus(OmMetadataReader.java:262) ~[ozone-manager-1.4.0-SNAPSHOT.jar:?]
	at org.apache.hadoop.ozone.om.OzoneManager.getFileStatus(OzoneManager.java:3530) ~[ozone-manager-1.4.0-SNAPSHOT.jar:?]
	at org.apache.hadoop.ozone.protocolPB.OzoneManagerRequestHandler.getOzoneFileStatus(OzoneManagerRequestHandler.java:971) ~[ozone-manager-1.4.0-SNAPSHOT.jar:?]
	at org.apache.hadoop.ozone.protocolPB.OzoneManagerRequestHandler.handleReadRequest(OzoneManagerRequestHandler.java:250) ~[ozone-manager-1.4.0-SNAPSHOT.jar:?]
	at org.apache.hadoop.ozone.protocolPB.OzoneManagerProtocolServerSideTranslatorPB.submitRequestDirectlyToOM(OzoneManagerProtocolServerSideTranslatorPB.java:274) ~[ozone-manager-1.4.0-SNAPSHOT.jar:?]
	at org.apache.hadoop.ozone.protocolPB.OzoneManagerProtocolServerSideTranslatorPB.processRequest(OzoneManagerProtocolServerSideTranslatorPB.java:175) ~[ozone-manager-1.4.0-SNAPSHOT.jar:?]
	at org.apache.hadoop.hdds.server.OzoneProtocolMessageDispatcher.processRequest(OzoneProtocolMessageDispatcher.java:87) [hdds-server-framework-1.4.0-SNAPSHOT.jar:?]
	at org.apache.hadoop.ozone.protocolPB.OzoneManagerProtocolServerSideTranslatorPB.submitRequest(OzoneManagerProtocolServerSideTranslatorPB.java:148) [ozone-manager-1.4.0-SNAPSHOT.jar:?]
	at org.apache.hadoop.ozone.protocol.proto.OzoneManagerProtocolProtos$OzoneManagerService$2.callBlockingMethod(OzoneManagerProtocolProtos.java) [ozone-interface-client-1.4.0-SNAPSHOT.jar:?]
	at org.apache.hadoop.ipc.ProtobufRpcEngine$Server.processCall(ProtobufRpcEngine.java:484) [hadoop-common-3.3.6.jar:?]
	at org.apache.hadoop.ipc.ProtobufRpcEngine2$Server$ProtoBufRpcInvoker.call(ProtobufRpcEngine2.java:595) [hadoop-common-3.3.6.jar:?]
	at org.apache.hadoop.ipc.ProtobufRpcEngine2$Server$ProtoBufRpcInvoker.call(ProtobufRpcEngine2.java:573) [hadoop-common-3.3.6.jar:?]
	at org.apache.hadoop.ipc.RPC$Server.call(RPC.java:1227) [hadoop-common-3.3.6.jar:?]
	at org.apache.hadoop.ipc.Server$RpcCall.run(Server.java:1094) [hadoop-common-3.3.6.jar:?]
	at org.apache.hadoop.ipc.Server$RpcCall.run(Server.java:1017) [hadoop-common-3.3.6.jar:?]
	at java.security.AccessController.doPrivileged(Native Method) ~[?:1.8.0_382]
	at javax.security.auth.Subject.doAs(Subject.java:422) [?:1.8.0_382]
	at org.apache.hadoop.security.UserGroupInformation.doAs(UserGroupInformation.java:1899) [hadoop-common-3.3.6.jar:?]
	at org.apache.hadoop.ipc.Server$Handler.run(Server.java:3048) [hadoop-common-3.3.6.jar:?]
20:32:43.863 [IPC Server handler 13 on default port 15163] ERROR OMAudit - user=runner | ip=127.0.0.1 | op=GET_FILE_STATUS {volume=volume10577, bucket=bucket68495, key=gdir1/dir9/child, dataSize=0, replicationConfig=null} | ret=FAILURE
org.apache.hadoop.ozone.om.exceptions.OMException: Unable to get file status: volume: volume10577 bucket: bucket68495 key: gdir1/dir9/child
	at org.apache.hadoop.ozone.om.KeyManagerImpl.getOzoneFileStatus(KeyManagerImpl.java:1195) ~[ozone-manager-1.4.0-SNAPSHOT.jar:?]
	at org.apache.hadoop.ozone.om.KeyManagerImpl.getFileStatus(KeyManagerImpl.java:1113) ~[ozone-manager-1.4.0-SNAPSHOT.jar:?]
	at org.apache.hadoop.ozone.om.OmMetadataReader.getFileStatus(OmMetadataReader.java:262) ~[ozone-manager-1.4.0-SNAPSHOT.jar:?]
	at org.apache.hadoop.ozone.om.OzoneManager.getFileStatus(OzoneManager.java:3530) ~[ozone-manager-1.4.0-SNAPSHOT.jar:?]
	at org.apache.hadoop.ozone.protocolPB.OzoneManagerRequestHandler.getOzoneFileStatus(OzoneManagerRequestHandler.java:971) ~[ozone-manager-1.4.0-SNAPSHOT.jar:?]
	at org.apache.hadoop.ozone.protocolPB.OzoneManagerRequestHandler.handleReadRequest(OzoneManagerRequestHandler.java:250) ~[ozone-manager-1.4.0-SNAPSHOT.jar:?]
	at org.apache.hadoop.ozone.protocolPB.OzoneManagerProtocolServerSideTranslatorPB.submitRequestDirectlyToOM(OzoneManagerProtocolServerSideTranslatorPB.java:274) ~[ozone-manager-1.4.0-SNAPSHOT.jar:?]
	at org.apache.hadoop.ozone.protocolPB.OzoneManagerProtocolServerSideTranslatorPB.processRequest(OzoneManagerProtocolServerSideTranslatorPB.java:175) ~[ozone-manager-1.4.0-SNAPSHOT.jar:?]
	at org.apache.hadoop.hdds.server.OzoneProtocolMessageDispatcher.processRequest(OzoneProtocolMessageDispatcher.java:87) [hdds-server-framework-1.4.0-SNAPSHOT.jar:?]
	at org.apache.hadoop.ozone.protocolPB.OzoneManagerProtocolServerSideTranslatorPB.submitRequest(OzoneManagerProtocolServerSideTranslatorPB.java:148) [ozone-manager-1.4.0-SNAPSHOT.jar:?]
	at org.apache.hadoop.ozone.protocol.proto.OzoneManagerProtocolProtos$OzoneManagerService$2.callBlockingMethod(OzoneManagerProtocolProtos.java) [ozone-interface-client-1.4.0-SNAPSHOT.jar:?]
	at org.apache.hadoop.ipc.ProtobufRpcEngine$Server.processCall(ProtobufRpcEngine.java:484) [hadoop-common-3.3.6.jar:?]
	at org.apache.hadoop.ipc.ProtobufRpcEngine2$Server$ProtoBufRpcInvoker.call(ProtobufRpcEngine2.java:595) [hadoop-common-3.3.6.jar:?]
	at org.apache.hadoop.ipc.ProtobufRpcEngine2$Server$ProtoBufRpcInvoker.call(ProtobufRpcEngine2.java:573) [hadoop-common-3.3.6.jar:?]
	at org.apache.hadoop.ipc.RPC$Server.call(RPC.java:1227) [hadoop-common-3.3.6.jar:?]
	at org.apache.hadoop.ipc.Server$RpcCall.run(Server.java:1094) [hadoop-common-3.3.6.jar:?]
	at org.apache.hadoop.ipc.Server$RpcCall.run(Server.java:1017) [hadoop-common-3.3.6.jar:?]
	at java.security.AccessController.doPrivileged(Native Method) ~[?:1.8.0_382]
	at javax.security.auth.Subject.doAs(Subject.java:422) [?:1.8.0_382]
	at org.apache.hadoop.security.UserGroupInformation.doAs(UserGroupInformation.java:1899) [hadoop-common-3.3.6.jar:?]
	at org.apache.hadoop.ipc.Server$Handler.run(Server.java:3048) [hadoop-common-3.3.6.jar:?]
20:32:43.864 [IPC Server handler 18 on default port 15163] ERROR OMAudit - user=runner | ip=127.0.0.1 | op=GET_FILE_STATUS {volume=volume10577, bucket=bucket68495, key=gdir1/dir10, dataSize=0, replicationConfig=null} | ret=FAILURE
org.apache.hadoop.ozone.om.exceptions.OMException: Unable to get file status: volume: volume10577 bucket: bucket68495 key: gdir1/dir10
	at org.apache.hadoop.ozone.om.KeyManagerImpl.getOzoneFileStatus(KeyManagerImpl.java:1195) ~[ozone-manager-1.4.0-SNAPSHOT.jar:?]
	at org.apache.hadoop.ozone.om.KeyManagerImpl.getFileStatus(KeyManagerImpl.java:1113) ~[ozone-manager-1.4.0-SNAPSHOT.jar:?]
	at org.apache.hadoop.ozone.om.OmMetadataReader.getFileStatus(OmMetadataReader.java:262) ~[ozone-manager-1.4.0-SNAPSHOT.jar:?]
	at org.apache.hadoop.ozone.om.OzoneManager.getFileStatus(OzoneManager.java:3530) ~[ozone-manager-1.4.0-SNAPSHOT.jar:?]
	at org.apache.hadoop.ozone.protocolPB.OzoneManagerRequestHandler.getOzoneFileStatus(OzoneManagerRequestHandler.java:971) ~[ozone-manager-1.4.0-SNAPSHOT.jar:?]
	at org.apache.hadoop.ozone.protocolPB.OzoneManagerRequestHandler.handleReadRequest(OzoneManagerRequestHandler.java:250) ~[ozone-manager-1.4.0-SNAPSHOT.jar:?]
	at org.apache.hadoop.ozone.protocolPB.OzoneManagerProtocolServerSideTranslatorPB.submitRequestDirectlyToOM(OzoneManagerProtocolServerSideTranslatorPB.java:274) ~[ozone-manager-1.4.0-SNAPSHOT.jar:?]
	at org.apache.hadoop.ozone.protocolPB.OzoneManagerProtocolServerSideTranslatorPB.processRequest(OzoneManagerProtocolServerSideTranslatorPB.java:175) ~[ozone-manager-1.4.0-SNAPSHOT.jar:?]
	at org.apache.hadoop.hdds.server.OzoneProtocolMessageDispatcher.processRequest(OzoneProtocolMessageDispatcher.java:87) [hdds-server-framework-1.4.0-SNAPSHOT.jar:?]
	at org.apache.hadoop.ozone.protocolPB.OzoneManagerProtocolServerSideTranslatorPB.submitRequest(OzoneManagerProtocolServerSideTranslatorPB.java:148) [ozone-manager-1.4.0-SNAPSHOT.jar:?]
	at org.apache.hadoop.ozone.protocol.proto.OzoneManagerProtocolProtos$OzoneManagerService$2.callBlockingMethod(OzoneManagerProtocolProtos.java) [ozone-interface-client-1.4.0-SNAPSHOT.jar:?]
	at org.apache.hadoop.ipc.ProtobufRpcEngine$Server.processCall(ProtobufRpcEngine.java:484) [hadoop-common-3.3.6.jar:?]
	at org.apache.hadoop.ipc.ProtobufRpcEngine2$Server$ProtoBufRpcInvoker.call(ProtobufRpcEngine2.java:595) [hadoop-common-3.3.6.jar:?]
	at org.apache.hadoop.ipc.ProtobufRpcEngine2$Server$ProtoBufRpcInvoker.call(ProtobufRpcEngine2.java:573) [hadoop-common-3.3.6.jar:?]
	at org.apache.hadoop.ipc.RPC$Server.call(RPC.java:1227) [hadoop-common-3.3.6.jar:?]
	at org.apache.hadoop.ipc.Server$RpcCall.run(Server.java:1094) [hadoop-common-3.3.6.jar:?]
	at org.apache.hadoop.ipc.Server$RpcCall.run(Server.java:1017) [hadoop-common-3.3.6.jar:?]
	at java.security.AccessController.doPrivileged(Native Method) ~[?:1.8.0_382]
	at javax.security.auth.Subject.doAs(Subject.java:422) [?:1.8.0_382]
	at org.apache.hadoop.security.UserGroupInformation.doAs(UserGroupInformation.java:1899) [hadoop-common-3.3.6.jar:?]
	at org.apache.hadoop.ipc.Server$Handler.run(Server.java:3048) [hadoop-common-3.3.6.jar:?]
20:32:43.865 [IPC Server handler 14 on default port 15163] ERROR OMAudit - user=runner | ip=127.0.0.1 | op=GET_FILE_STATUS {volume=volume10577, bucket=bucket68495, key=gdir1/dir10/child, dataSize=0, replicationConfig=null} | ret=FAILURE
org.apache.hadoop.ozone.om.exceptions.OMException: Unable to get file status: volume: volume10577 bucket: bucket68495 key: gdir1/dir10/child
	at org.apache.hadoop.ozone.om.KeyManagerImpl.getOzoneFileStatus(KeyManagerImpl.java:1195) ~[ozone-manager-1.4.0-SNAPSHOT.jar:?]
	at org.apache.hadoop.ozone.om.KeyManagerImpl.getFileStatus(KeyManagerImpl.java:1113) ~[ozone-manager-1.4.0-SNAPSHOT.jar:?]
	at org.apache.hadoop.ozone.om.OmMetadataReader.getFileStatus(OmMetadataReader.java:262) ~[ozone-manager-1.4.0-SNAPSHOT.jar:?]
	at org.apache.hadoop.ozone.om.OzoneManager.getFileStatus(OzoneManager.java:3530) ~[ozone-manager-1.4.0-SNAPSHOT.jar:?]
	at org.apache.hadoop.ozone.protocolPB.OzoneManagerRequestHandler.getOzoneFileStatus(OzoneManagerRequestHandler.java:971) ~[ozone-manager-1.4.0-SNAPSHOT.jar:?]
	at org.apache.hadoop.ozone.protocolPB.OzoneManagerRequestHandler.handleReadRequest(OzoneManagerRequestHandler.java:250) ~[ozone-manager-1.4.0-SNAPSHOT.jar:?]
	at org.apache.hadoop.ozone.protocolPB.OzoneManagerProtocolServerSideTranslatorPB.submitRequestDirectlyToOM(OzoneManagerProtocolServerSideTranslatorPB.java:274) ~[ozone-manager-1.4.0-SNAPSHOT.jar:?]
	at org.apache.hadoop.ozone.protocolPB.OzoneManagerProtocolServerSideTranslatorPB.processRequest(OzoneManagerProtocolServerSideTranslatorPB.java:175) ~[ozone-manager-1.4.0-SNAPSHOT.jar:?]
	at org.apache.hadoop.hdds.server.OzoneProtocolMessageDispatcher.processRequest(OzoneProtocolMessageDispatcher.java:87) [hdds-server-framework-1.4.0-SNAPSHOT.jar:?]
	at org.apache.hadoop.ozone.protocolPB.OzoneManagerProtocolServerSideTranslatorPB.submitRequest(OzoneManagerProtocolServerSideTranslatorPB.java:148) [ozone-manager-1.4.0-SNAPSHOT.jar:?]
	at org.apache.hadoop.ozone.protocol.proto.OzoneManagerProtocolProtos$OzoneManagerService$2.callBlockingMethod(OzoneManagerProtocolProtos.java) [ozone-interface-client-1.4.0-SNAPSHOT.jar:?]
	at org.apache.hadoop.ipc.ProtobufRpcEngine$Server.processCall(ProtobufRpcEngine.java:484) [hadoop-common-3.3.6.jar:?]
	at org.apache.hadoop.ipc.ProtobufRpcEngine2$Server$ProtoBufRpcInvoker.call(ProtobufRpcEngine2.java:595) [hadoop-common-3.3.6.jar:?]
	at org.apache.hadoop.ipc.ProtobufRpcEngine2$Server$ProtoBufRpcInvoker.call(ProtobufRpcEngine2.java:573) [hadoop-common-3.3.6.jar:?]
	at org.apache.hadoop.ipc.RPC$Server.call(RPC.java:1227) [hadoop-common-3.3.6.jar:?]
	at org.apache.hadoop.ipc.Server$RpcCall.run(Server.java:1094) [hadoop-common-3.3.6.jar:?]
	at org.apache.hadoop.ipc.Server$RpcCall.run(Server.java:1017) [hadoop-common-3.3.6.jar:?]
	at java.security.AccessController.doPrivileged(Native Method) ~[?:1.8.0_382]
	at javax.security.auth.Subject.doAs(Subject.java:422) [?:1.8.0_382]
	at org.apache.hadoop.security.UserGroupInformation.doAs(UserGroupInformation.java:1899) [hadoop-common-3.3.6.jar:?]
	at org.apache.hadoop.ipc.Server$Handler.run(Server.java:3048) [hadoop-common-3.3.6.jar:?]
20:32:43.935 [IPC Server handler 16 on default port 15163] ERROR OMAudit - user=runner | ip=127.0.0.1 | op=GET_FILE_STATUS {volume=volume10577, bucket=bucket68495, key=level0, dataSize=0, replicationConfig=null} | ret=FAILURE
org.apache.hadoop.ozone.om.exceptions.OMException: Unable to get file status: volume: volume10577 bucket: bucket68495 key: level0
	at org.apache.hadoop.ozone.om.KeyManagerImpl.getOzoneFileStatus(KeyManagerImpl.java:1195) ~[ozone-manager-1.4.0-SNAPSHOT.jar:?]
	at org.apache.hadoop.ozone.om.KeyManagerImpl.getFileStatus(KeyManagerImpl.java:1113) ~[ozone-manager-1.4.0-SNAPSHOT.jar:?]
	at org.apache.hadoop.ozone.om.OmMetadataReader.getFileStatus(OmMetadataReader.java:262) ~[ozone-manager-1.4.0-SNAPSHOT.jar:?]
	at org.apache.hadoop.ozone.om.OzoneManager.getFileStatus(OzoneManager.java:3530) ~[ozone-manager-1.4.0-SNAPSHOT.jar:?]
	at org.apache.hadoop.ozone.protocolPB.OzoneManagerRequestHandler.getOzoneFileStatus(OzoneManagerRequestHandler.java:971) ~[ozone-manager-1.4.0-SNAPSHOT.jar:?]
	at org.apache.hadoop.ozone.protocolPB.OzoneManagerRequestHandler.handleReadRequest(OzoneManagerRequestHandler.java:250) ~[ozone-manager-1.4.0-SNAPSHOT.jar:?]
	at org.apache.hadoop.ozone.protocolPB.OzoneManagerProtocolServerSideTranslatorPB.submitRequestDirectlyToOM(OzoneManagerProtocolServerSideTranslatorPB.java:274) ~[ozone-manager-1.4.0-SNAPSHOT.jar:?]
	at org.apache.hadoop.ozone.protocolPB.OzoneManagerProtocolServerSideTranslatorPB.processRequest(OzoneManagerProtocolServerSideTranslatorPB.java:175) ~[ozone-manager-1.4.0-SNAPSHOT.jar:?]
	at org.apache.hadoop.hdds.server.OzoneProtocolMessageDispatcher.processRequest(OzoneProtocolMessageDispatcher.java:87) [hdds-server-framework-1.4.0-SNAPSHOT.jar:?]
	at org.apache.hadoop.ozone.protocolPB.OzoneManagerProtocolServerSideTranslatorPB.submitRequest(OzoneManagerProtocolServerSideTranslatorPB.java:148) [ozone-manager-1.4.0-SNAPSHOT.jar:?]
	at org.apache.hadoop.ozone.protocol.proto.OzoneManagerProtocolProtos$OzoneManagerService$2.callBlockingMethod(OzoneManagerProtocolProtos.java) [ozone-interface-client-1.4.0-SNAPSHOT.jar:?]
	at org.apache.hadoop.ipc.ProtobufRpcEngine$Server.processCall(ProtobufRpcEngine.java:484) [hadoop-common-3.3.6.jar:?]
	at org.apache.hadoop.ipc.ProtobufRpcEngine2$Server$ProtoBufRpcInvoker.call(ProtobufRpcEngine2.java:595) [hadoop-common-3.3.6.jar:?]
	at org.apache.hadoop.ipc.ProtobufRpcEngine2$Server$ProtoBufRpcInvoker.call(ProtobufRpcEngine2.java:573) [hadoop-common-3.3.6.jar:?]
	at org.apache.hadoop.ipc.RPC$Server.call(RPC.java:1227) [hadoop-common-3.3.6.jar:?]
	at org.apache.hadoop.ipc.Server$RpcCall.run(Server.java:1094) [hadoop-common-3.3.6.jar:?]
	at org.apache.hadoop.ipc.Server$RpcCall.run(Server.java:1017) [hadoop-common-3.3.6.jar:?]
	at java.security.AccessController.doPrivileged(Native Method) ~[?:1.8.0_382]
	at javax.security.auth.Subject.doAs(Subject.java:422) [?:1.8.0_382]
	at org.apache.hadoop.security.UserGroupInformation.doAs(UserGroupInformation.java:1899) [hadoop-common-3.3.6.jar:?]
	at org.apache.hadoop.ipc.Server$Handler.run(Server.java:3048) [hadoop-common-3.3.6.jar:?]
20:32:43.936 [IPC Server handler 17 on default port 15163] ERROR OMAudit - user=runner | ip=127.0.0.1 | op=GET_FILE_STATUS {volume=volume10577, bucket=bucket68495, key=level0/level1, dataSize=0, replicationConfig=null} | ret=FAILURE
org.apache.hadoop.ozone.om.exceptions.OMException: Unable to get file status: volume: volume10577 bucket: bucket68495 key: level0/level1
	at org.apache.hadoop.ozone.om.KeyManagerImpl.getOzoneFileStatus(KeyManagerImpl.java:1195) ~[ozone-manager-1.4.0-SNAPSHOT.jar:?]
	at org.apache.hadoop.ozone.om.KeyManagerImpl.getFileStatus(KeyManagerImpl.java:1113) ~[ozone-manager-1.4.0-SNAPSHOT.jar:?]
	at org.apache.hadoop.ozone.om.OmMetadataReader.getFileStatus(OmMetadataReader.java:262) ~[ozone-manager-1.4.0-SNAPSHOT.jar:?]
	at org.apache.hadoop.ozone.om.OzoneManager.getFileStatus(OzoneManager.java:3530) ~[ozone-manager-1.4.0-SNAPSHOT.jar:?]
	at org.apache.hadoop.ozone.protocolPB.OzoneManagerRequestHandler.getOzoneFileStatus(OzoneManagerRequestHandler.java:971) ~[ozone-manager-1.4.0-SNAPSHOT.jar:?]
	at org.apache.hadoop.ozone.protocolPB.OzoneManagerRequestHandler.handleReadRequest(OzoneManagerRequestHandler.java:250) ~[ozone-manager-1.4.0-SNAPSHOT.jar:?]
	at org.apache.hadoop.ozone.protocolPB.OzoneManagerProtocolServerSideTranslatorPB.submitRequestDirectlyToOM(OzoneManagerProtocolServerSideTranslatorPB.java:274) ~[ozone-manager-1.4.0-SNAPSHOT.jar:?]
	at org.apache.hadoop.ozone.protocolPB.OzoneManagerProtocolServerSideTranslatorPB.processRequest(OzoneManagerProtocolServerSideTranslatorPB.java:175) ~[ozone-manager-1.4.0-SNAPSHOT.jar:?]
	at org.apache.hadoop.hdds.server.OzoneProtocolMessageDispatcher.processRequest(OzoneProtocolMessageDispatcher.java:87) [hdds-server-framework-1.4.0-SNAPSHOT.jar:?]
	at org.apache.hadoop.ozone.protocolPB.OzoneManagerProtocolServerSideTranslatorPB.submitRequest(OzoneManagerProtocolServerSideTranslatorPB.java:148) [ozone-manager-1.4.0-SNAPSHOT.jar:?]
	at org.apache.hadoop.ozone.protocol.proto.OzoneManagerProtocolProtos$OzoneManagerService$2.callBlockingMethod(OzoneManagerProtocolProtos.java) [ozone-interface-client-1.4.0-SNAPSHOT.jar:?]
	at org.apache.hadoop.ipc.ProtobufRpcEngine$Server.processCall(ProtobufRpcEngine.java:484) [hadoop-common-3.3.6.jar:?]
	at org.apache.hadoop.ipc.ProtobufRpcEngine2$Server$ProtoBufRpcInvoker.call(ProtobufRpcEngine2.java:595) [hadoop-common-3.3.6.jar:?]
	at org.apache.hadoop.ipc.ProtobufRpcEngine2$Server$ProtoBufRpcInvoker.call(ProtobufRpcEngine2.java:573) [hadoop-common-3.3.6.jar:?]
	at org.apache.hadoop.ipc.RPC$Server.call(RPC.java:1227) [hadoop-common-3.3.6.jar:?]
	at org.apache.hadoop.ipc.Server$RpcCall.run(Server.java:1094) [hadoop-common-3.3.6.jar:?]
	at org.apache.hadoop.ipc.Server$RpcCall.run(Server.java:1017) [hadoop-common-3.3.6.jar:?]
	at java.security.AccessController.doPrivileged(Native Method) ~[?:1.8.0_382]
	at javax.security.auth.Subject.doAs(Subject.java:422) [?:1.8.0_382]
	at org.apache.hadoop.security.UserGroupInformation.doAs(UserGroupInformation.java:1899) [hadoop-common-3.3.6.jar:?]
	at org.apache.hadoop.ipc.Server$Handler.run(Server.java:3048) [hadoop-common-3.3.6.jar:?]
20:32:43.937 [IPC Server handler 19 on default port 15163] ERROR OMAudit - user=runner | ip=127.0.0.1 | op=GET_FILE_STATUS {volume=volume10577, bucket=bucket68495, key=level0/level1/level1, dataSize=0, replicationConfig=null} | ret=FAILURE
org.apache.hadoop.ozone.om.exceptions.OMException: Unable to get file status: volume: volume10577 bucket: bucket68495 key: level0/level1/level1
	at org.apache.hadoop.ozone.om.KeyManagerImpl.getOzoneFileStatus(KeyManagerImpl.java:1195) ~[ozone-manager-1.4.0-SNAPSHOT.jar:?]
	at org.apache.hadoop.ozone.om.KeyManagerImpl.getFileStatus(KeyManagerImpl.java:1113) ~[ozone-manager-1.4.0-SNAPSHOT.jar:?]
	at org.apache.hadoop.ozone.om.OmMetadataReader.getFileStatus(OmMetadataReader.java:262) ~[ozone-manager-1.4.0-SNAPSHOT.jar:?]
	at org.apache.hadoop.ozone.om.OzoneManager.getFileStatus(OzoneManager.java:3530) ~[ozone-manager-1.4.0-SNAPSHOT.jar:?]
	at org.apache.hadoop.ozone.protocolPB.OzoneManagerRequestHandler.getOzoneFileStatus(OzoneManagerRequestHandler.java:971) ~[ozone-manager-1.4.0-SNAPSHOT.jar:?]
	at org.apache.hadoop.ozone.protocolPB.OzoneManagerRequestHandler.handleReadRequest(OzoneManagerRequestHandler.java:250) ~[ozone-manager-1.4.0-SNAPSHOT.jar:?]
	at org.apache.hadoop.ozone.protocolPB.OzoneManagerProtocolServerSideTranslatorPB.submitRequestDirectlyToOM(OzoneManagerProtocolServerSideTranslatorPB.java:274) ~[ozone-manager-1.4.0-SNAPSHOT.jar:?]
	at org.apache.hadoop.ozone.protocolPB.OzoneManagerProtocolServerSideTranslatorPB.processRequest(OzoneManagerProtocolServerSideTranslatorPB.java:175) ~[ozone-manager-1.4.0-SNAPSHOT.jar:?]
	at org.apache.hadoop.hdds.server.OzoneProtocolMessageDispatcher.processRequest(OzoneProtocolMessageDispatcher.java:87) [hdds-server-framework-1.4.0-SNAPSHOT.jar:?]
	at org.apache.hadoop.ozone.protocolPB.OzoneManagerProtocolServerSideTranslatorPB.submitRequest(OzoneManagerProtocolServerSideTranslatorPB.java:148) [ozone-manager-1.4.0-SNAPSHOT.jar:?]
	at org.apache.hadoop.ozone.protocol.proto.OzoneManagerProtocolProtos$OzoneManagerService$2.callBlockingMethod(OzoneManagerProtocolProtos.java) [ozone-interface-client-1.4.0-SNAPSHOT.jar:?]
	at org.apache.hadoop.ipc.ProtobufRpcEngine$Server.processCall(ProtobufRpcEngine.java:484) [hadoop-common-3.3.6.jar:?]
	at org.apache.hadoop.ipc.ProtobufRpcEngine2$Server$ProtoBufRpcInvoker.call(ProtobufRpcEngine2.java:595) [hadoop-common-3.3.6.jar:?]
	at org.apache.hadoop.ipc.ProtobufRpcEngine2$Server$ProtoBufRpcInvoker.call(ProtobufRpcEngine2.java:573) [hadoop-common-3.3.6.jar:?]
	at org.apache.hadoop.ipc.RPC$Server.call(RPC.java:1227) [hadoop-common-3.3.6.jar:?]
	at org.apache.hadoop.ipc.Server$RpcCall.run(Server.java:1094) [hadoop-common-3.3.6.jar:?]
	at org.apache.hadoop.ipc.Server$RpcCall.run(Server.java:1017) [hadoop-common-3.3.6.jar:?]
	at java.security.AccessController.doPrivileged(Native Method) ~[?:1.8.0_382]
	at javax.security.auth.Subject.doAs(Subject.java:422) [?:1.8.0_382]
	at org.apache.hadoop.security.UserGroupInformation.doAs(UserGroupInformation.java:1899) [hadoop-common-3.3.6.jar:?]
	at org.apache.hadoop.ipc.Server$Handler.run(Server.java:3048) [hadoop-common-3.3.6.jar:?]
20:32:43.938 [IPC Server handler 15 on default port 15163] ERROR OMAudit - user=runner | ip=127.0.0.1 | op=GET_FILE_STATUS {volume=volume10577, bucket=bucket68495, key=level0/level1/file1, dataSize=0, replicationConfig=null} | ret=FAILURE
org.apache.hadoop.ozone.om.exceptions.OMException: Unable to get file status: volume: volume10577 bucket: bucket68495 key: level0/level1/file1
	at org.apache.hadoop.ozone.om.KeyManagerImpl.getOzoneFileStatus(KeyManagerImpl.java:1195) ~[ozone-manager-1.4.0-SNAPSHOT.jar:?]
	at org.apache.hadoop.ozone.om.KeyManagerImpl.getFileStatus(KeyManagerImpl.java:1113) ~[ozone-manager-1.4.0-SNAPSHOT.jar:?]
	at org.apache.hadoop.ozone.om.OmMetadataReader.getFileStatus(OmMetadataReader.java:262) ~[ozone-manager-1.4.0-SNAPSHOT.jar:?]
	at org.apache.hadoop.ozone.om.OzoneManager.getFileStatus(OzoneManager.java:3530) ~[ozone-manager-1.4.0-SNAPSHOT.jar:?]
	at org.apache.hadoop.ozone.protocolPB.OzoneManagerRequestHandler.getOzoneFileStatus(OzoneManagerRequestHandler.java:971) ~[ozone-manager-1.4.0-SNAPSHOT.jar:?]
	at org.apache.hadoop.ozone.protocolPB.OzoneManagerRequestHandler.handleReadRequest(OzoneManagerRequestHandler.java:250) ~[ozone-manager-1.4.0-SNAPSHOT.jar:?]
	at org.apache.hadoop.ozone.protocolPB.OzoneManagerProtocolServerSideTranslatorPB.submitRequestDirectlyToOM(OzoneManagerProtocolServerSideTranslatorPB.java:274) ~[ozone-manager-1.4.0-SNAPSHOT.jar:?]
	at org.apache.hadoop.ozone.protocolPB.OzoneManagerProtocolServerSideTranslatorPB.processRequest(OzoneManagerProtocolServerSideTranslatorPB.java:175) ~[ozone-manager-1.4.0-SNAPSHOT.jar:?]
	at org.apache.hadoop.hdds.server.OzoneProtocolMessageDispatcher.processRequest(OzoneProtocolMessageDispatcher.java:87) [hdds-server-framework-1.4.0-SNAPSHOT.jar:?]
	at org.apache.hadoop.ozone.protocolPB.OzoneManagerProtocolServerSideTranslatorPB.submitRequest(OzoneManagerProtocolServerSideTranslatorPB.java:148) [ozone-manager-1.4.0-SNAPSHOT.jar:?]
	at org.apache.hadoop.ozone.protocol.proto.OzoneManagerProtocolProtos$OzoneManagerService$2.callBlockingMethod(OzoneManagerProtocolProtos.java) [ozone-interface-client-1.4.0-SNAPSHOT.jar:?]
	at org.apache.hadoop.ipc.ProtobufRpcEngine$Server.processCall(ProtobufRpcEngine.java:484) [hadoop-common-3.3.6.jar:?]
	at org.apache.hadoop.ipc.ProtobufRpcEngine2$Server$ProtoBufRpcInvoker.call(ProtobufRpcEngine2.java:595) [hadoop-common-3.3.6.jar:?]
	at org.apache.hadoop.ipc.ProtobufRpcEngine2$Server$ProtoBufRpcInvoker.call(ProtobufRpcEngine2.java:573) [hadoop-common-3.3.6.jar:?]
	at org.apache.hadoop.ipc.RPC$Server.call(RPC.java:1227) [hadoop-common-3.3.6.jar:?]
	at org.apache.hadoop.ipc.Server$RpcCall.run(Server.java:1094) [hadoop-common-3.3.6.jar:?]
	at org.apache.hadoop.ipc.Server$RpcCall.run(Server.java:1017) [hadoop-common-3.3.6.jar:?]
	at java.security.AccessController.doPrivileged(Native Method) ~[?:1.8.0_382]
	at javax.security.auth.Subject.doAs(Subject.java:422) [?:1.8.0_382]
	at org.apache.hadoop.security.UserGroupInformation.doAs(UserGroupInformation.java:1899) [hadoop-common-3.3.6.jar:?]
	at org.apache.hadoop.ipc.Server$Handler.run(Server.java:3048) [hadoop-common-3.3.6.jar:?]
20:32:43.939 [IPC Server handler 13 on default port 15163] ERROR OMAudit - user=runner | ip=127.0.0.1 | op=GET_FILE_STATUS {volume=volume10577, bucket=bucket68495, key=level0/level1/level1/file1, dataSize=0, replicationConfig=null} | ret=FAILURE
org.apache.hadoop.ozone.om.exceptions.OMException: Unable to get file status: volume: volume10577 bucket: bucket68495 key: level0/level1/level1/file1
	at org.apache.hadoop.ozone.om.KeyManagerImpl.getOzoneFileStatus(KeyManagerImpl.java:1195) ~[ozone-manager-1.4.0-SNAPSHOT.jar:?]
	at org.apache.hadoop.ozone.om.KeyManagerImpl.getFileStatus(KeyManagerImpl.java:1113) ~[ozone-manager-1.4.0-SNAPSHOT.jar:?]
	at org.apache.hadoop.ozone.om.OmMetadataReader.getFileStatus(OmMetadataReader.java:262) ~[ozone-manager-1.4.0-SNAPSHOT.jar:?]
	at org.apache.hadoop.ozone.om.OzoneManager.getFileStatus(OzoneManager.java:3530) ~[ozone-manager-1.4.0-SNAPSHOT.jar:?]
	at org.apache.hadoop.ozone.protocolPB.OzoneManagerRequestHandler.getOzoneFileStatus(OzoneManagerRequestHandler.java:971) ~[ozone-manager-1.4.0-SNAPSHOT.jar:?]
	at org.apache.hadoop.ozone.protocolPB.OzoneManagerRequestHandler.handleReadRequest(OzoneManagerRequestHandler.java:250) ~[ozone-manager-1.4.0-SNAPSHOT.jar:?]
	at org.apache.hadoop.ozone.protocolPB.OzoneManagerProtocolServerSideTranslatorPB.submitRequestDirectlyToOM(OzoneManagerProtocolServerSideTranslatorPB.java:274) ~[ozone-manager-1.4.0-SNAPSHOT.jar:?]
	at org.apache.hadoop.ozone.protocolPB.OzoneManagerProtocolServerSideTranslatorPB.processRequest(OzoneManagerProtocolServerSideTranslatorPB.java:175) ~[ozone-manager-1.4.0-SNAPSHOT.jar:?]
	at org.apache.hadoop.hdds.server.OzoneProtocolMessageDispatcher.processRequest(OzoneProtocolMessageDispatcher.java:87) [hdds-server-framework-1.4.0-SNAPSHOT.jar:?]
	at org.apache.hadoop.ozone.protocolPB.OzoneManagerProtocolServerSideTranslatorPB.submitRequest(OzoneManagerProtocolServerSideTranslatorPB.java:148) [ozone-manager-1.4.0-SNAPSHOT.jar:?]
	at org.apache.hadoop.ozone.protocol.proto.OzoneManagerProtocolProtos$OzoneManagerService$2.callBlockingMethod(OzoneManagerProtocolProtos.java) [ozone-interface-client-1.4.0-SNAPSHOT.jar:?]
	at org.apache.hadoop.ipc.ProtobufRpcEngine$Server.processCall(ProtobufRpcEngine.java:484) [hadoop-common-3.3.6.jar:?]
	at org.apache.hadoop.ipc.ProtobufRpcEngine2$Server$ProtoBufRpcInvoker.call(ProtobufRpcEngine2.java:595) [hadoop-common-3.3.6.jar:?]
	at org.apache.hadoop.ipc.ProtobufRpcEngine2$Server$ProtoBufRpcInvoker.call(ProtobufRpcEngine2.java:573) [hadoop-common-3.3.6.jar:?]
	at org.apache.hadoop.ipc.RPC$Server.call(RPC.java:1227) [hadoop-common-3.3.6.jar:?]
	at org.apache.hadoop.ipc.Server$RpcCall.run(Server.java:1094) [hadoop-common-3.3.6.jar:?]
	at org.apache.hadoop.ipc.Server$RpcCall.run(Server.java:1017) [hadoop-common-3.3.6.jar:?]
	at java.security.AccessController.doPrivileged(Native Method) ~[?:1.8.0_382]
	at javax.security.auth.Subject.doAs(Subject.java:422) [?:1.8.0_382]
	at org.apache.hadoop.security.UserGroupInformation.doAs(UserGroupInformation.java:1899) [hadoop-common-3.3.6.jar:?]
	at org.apache.hadoop.ipc.Server$Handler.run(Server.java:3048) [hadoop-common-3.3.6.jar:?]
20:32:43.940 [IPC Server handler 18 on default port 15163] ERROR OMAudit - user=runner | ip=127.0.0.1 | op=GET_FILE_STATUS {volume=volume10577, bucket=bucket68495, key=level0/level2, dataSize=0, replicationConfig=null} | ret=FAILURE
org.apache.hadoop.ozone.om.exceptions.OMException: Unable to get file status: volume: volume10577 bucket: bucket68495 key: level0/level2
	at org.apache.hadoop.ozone.om.KeyManagerImpl.getOzoneFileStatus(KeyManagerImpl.java:1195) ~[ozone-manager-1.4.0-SNAPSHOT.jar:?]
	at org.apache.hadoop.ozone.om.KeyManagerImpl.getFileStatus(KeyManagerImpl.java:1113) ~[ozone-manager-1.4.0-SNAPSHOT.jar:?]
	at org.apache.hadoop.ozone.om.OmMetadataReader.getFileStatus(OmMetadataReader.java:262) ~[ozone-manager-1.4.0-SNAPSHOT.jar:?]
	at org.apache.hadoop.ozone.om.OzoneManager.getFileStatus(OzoneManager.java:3530) ~[ozone-manager-1.4.0-SNAPSHOT.jar:?]
	at org.apache.hadoop.ozone.protocolPB.OzoneManagerRequestHandler.getOzoneFileStatus(OzoneManagerRequestHandler.java:971) ~[ozone-manager-1.4.0-SNAPSHOT.jar:?]
	at org.apache.hadoop.ozone.protocolPB.OzoneManagerRequestHandler.handleReadRequest(OzoneManagerRequestHandler.java:250) ~[ozone-manager-1.4.0-SNAPSHOT.jar:?]
	at org.apache.hadoop.ozone.protocolPB.OzoneManagerProtocolServerSideTranslatorPB.submitRequestDirectlyToOM(OzoneManagerProtocolServerSideTranslatorPB.java:274) ~[ozone-manager-1.4.0-SNAPSHOT.jar:?]
	at org.apache.hadoop.ozone.protocolPB.OzoneManagerProtocolServerSideTranslatorPB.processRequest(OzoneManagerProtocolServerSideTranslatorPB.java:175) ~[ozone-manager-1.4.0-SNAPSHOT.jar:?]
	at org.apache.hadoop.hdds.server.OzoneProtocolMessageDispatcher.processRequest(OzoneProtocolMessageDispatcher.java:87) [hdds-server-framework-1.4.0-SNAPSHOT.jar:?]
	at org.apache.hadoop.ozone.protocolPB.OzoneManagerProtocolServerSideTranslatorPB.submitRequest(OzoneManagerProtocolServerSideTranslatorPB.java:148) [ozone-manager-1.4.0-SNAPSHOT.jar:?]
	at org.apache.hadoop.ozone.protocol.proto.OzoneManagerProtocolProtos$OzoneManagerService$2.callBlockingMethod(OzoneManagerProtocolProtos.java) [ozone-interface-client-1.4.0-SNAPSHOT.jar:?]
	at org.apache.hadoop.ipc.ProtobufRpcEngine$Server.processCall(ProtobufRpcEngine.java:484) [hadoop-common-3.3.6.jar:?]
	at org.apache.hadoop.ipc.ProtobufRpcEngine2$Server$ProtoBufRpcInvoker.call(ProtobufRpcEngine2.java:595) [hadoop-common-3.3.6.jar:?]
	at org.apache.hadoop.ipc.ProtobufRpcEngine2$Server$ProtoBufRpcInvoker.call(ProtobufRpcEngine2.java:573) [hadoop-common-3.3.6.jar:?]
	at org.apache.hadoop.ipc.RPC$Server.call(RPC.java:1227) [hadoop-common-3.3.6.jar:?]
	at org.apache.hadoop.ipc.Server$RpcCall.run(Server.java:1094) [hadoop-common-3.3.6.jar:?]
	at org.apache.hadoop.ipc.Server$RpcCall.run(Server.java:1017) [hadoop-common-3.3.6.jar:?]
	at java.security.AccessController.doPrivileged(Native Method) ~[?:1.8.0_382]
	at javax.security.auth.Subject.doAs(Subject.java:422) [?:1.8.0_382]
	at org.apache.hadoop.security.UserGroupInformation.doAs(UserGroupInformation.java:1899) [hadoop-common-3.3.6.jar:?]
	at org.apache.hadoop.ipc.Server$Handler.run(Server.java:3048) [hadoop-common-3.3.6.jar:?]
20:32:43.941 [IPC Server handler 14 on default port 15163] ERROR OMAudit - user=runner | ip=127.0.0.1 | op=GET_FILE_STATUS {volume=volume10577, bucket=bucket68495, key=level0/level2/level2, dataSize=0, replicationConfig=null} | ret=FAILURE
org.apache.hadoop.ozone.om.exceptions.OMException: Unable to get file status: volume: volume10577 bucket: bucket68495 key: level0/level2/level2
	at org.apache.hadoop.ozone.om.KeyManagerImpl.getOzoneFileStatus(KeyManagerImpl.java:1195) ~[ozone-manager-1.4.0-SNAPSHOT.jar:?]
	at org.apache.hadoop.ozone.om.KeyManagerImpl.getFileStatus(KeyManagerImpl.java:1113) ~[ozone-manager-1.4.0-SNAPSHOT.jar:?]
	at org.apache.hadoop.ozone.om.OmMetadataReader.getFileStatus(OmMetadataReader.java:262) ~[ozone-manager-1.4.0-SNAPSHOT.jar:?]
	at org.apache.hadoop.ozone.om.OzoneManager.getFileStatus(OzoneManager.java:3530) ~[ozone-manager-1.4.0-SNAPSHOT.jar:?]
	at org.apache.hadoop.ozone.protocolPB.OzoneManagerRequestHandler.getOzoneFileStatus(OzoneManagerRequestHandler.java:971) ~[ozone-manager-1.4.0-SNAPSHOT.jar:?]
	at org.apache.hadoop.ozone.protocolPB.OzoneManagerRequestHandler.handleReadRequest(OzoneManagerRequestHandler.java:250) ~[ozone-manager-1.4.0-SNAPSHOT.jar:?]
	at org.apache.hadoop.ozone.protocolPB.OzoneManagerProtocolServerSideTranslatorPB.submitRequestDirectlyToOM(OzoneManagerProtocolServerSideTranslatorPB.java:274) ~[ozone-manager-1.4.0-SNAPSHOT.jar:?]
	at org.apache.hadoop.ozone.protocolPB.OzoneManagerProtocolServerSideTranslatorPB.processRequest(OzoneManagerProtocolServerSideTranslatorPB.java:175) ~[ozone-manager-1.4.0-SNAPSHOT.jar:?]
	at org.apache.hadoop.hdds.server.OzoneProtocolMessageDispatcher.processRequest(OzoneProtocolMessageDispatcher.java:87) [hdds-server-framework-1.4.0-SNAPSHOT.jar:?]
	at org.apache.hadoop.ozone.protocolPB.OzoneManagerProtocolServerSideTranslatorPB.submitRequest(OzoneManagerProtocolServerSideTranslatorPB.java:148) [ozone-manager-1.4.0-SNAPSHOT.jar:?]
	at org.apache.hadoop.ozone.protocol.proto.OzoneManagerProtocolProtos$OzoneManagerService$2.callBlockingMethod(OzoneManagerProtocolProtos.java) [ozone-interface-client-1.4.0-SNAPSHOT.jar:?]
	at org.apache.hadoop.ipc.ProtobufRpcEngine$Server.processCall(ProtobufRpcEngine.java:484) [hadoop-common-3.3.6.jar:?]
	at org.apache.hadoop.ipc.ProtobufRpcEngine2$Server$ProtoBufRpcInvoker.call(ProtobufRpcEngine2.java:595) [hadoop-common-3.3.6.jar:?]
	at org.apache.hadoop.ipc.ProtobufRpcEngine2$Server$ProtoBufRpcInvoker.call(ProtobufRpcEngine2.java:573) [hadoop-common-3.3.6.jar:?]
	at org.apache.hadoop.ipc.RPC$Server.call(RPC.java:1227) [hadoop-common-3.3.6.jar:?]
	at org.apache.hadoop.ipc.Server$RpcCall.run(Server.java:1094) [hadoop-common-3.3.6.jar:?]
	at org.apache.hadoop.ipc.Server$RpcCall.run(Server.java:1017) [hadoop-common-3.3.6.jar:?]
	at java.security.AccessController.doPrivileged(Native Method) ~[?:1.8.0_382]
	at javax.security.auth.Subject.doAs(Subject.java:422) [?:1.8.0_382]
	at org.apache.hadoop.security.UserGroupInformation.doAs(UserGroupInformation.java:1899) [hadoop-common-3.3.6.jar:?]
	at org.apache.hadoop.ipc.Server$Handler.run(Server.java:3048) [hadoop-common-3.3.6.jar:?]
20:32:43.944 [IPC Server handler 2 on default port 15163] ERROR OMAudit - user=runner | ip=127.0.0.1 | op=GET_FILE_STATUS {volume=volume10577, bucket=bucket68495, key=level0/level2/file1, dataSize=0, replicationConfig=null} | ret=FAILURE
org.apache.hadoop.ozone.om.exceptions.OMException: Unable to get file status: volume: volume10577 bucket: bucket68495 key: level0/level2/file1
	at org.apache.hadoop.ozone.om.KeyManagerImpl.getOzoneFileStatus(KeyManagerImpl.java:1195) ~[ozone-manager-1.4.0-SNAPSHOT.jar:?]
	at org.apache.hadoop.ozone.om.KeyManagerImpl.getFileStatus(KeyManagerImpl.java:1113) ~[ozone-manager-1.4.0-SNAPSHOT.jar:?]
	at org.apache.hadoop.ozone.om.OmMetadataReader.getFileStatus(OmMetadataReader.java:262) ~[ozone-manager-1.4.0-SNAPSHOT.jar:?]
	at org.apache.hadoop.ozone.om.OzoneManager.getFileStatus(OzoneManager.java:3530) ~[ozone-manager-1.4.0-SNAPSHOT.jar:?]
	at org.apache.hadoop.ozone.protocolPB.OzoneManagerRequestHandler.getOzoneFileStatus(OzoneManagerRequestHandler.java:971) ~[ozone-manager-1.4.0-SNAPSHOT.jar:?]
	at org.apache.hadoop.ozone.protocolPB.OzoneManagerRequestHandler.handleReadRequest(OzoneManagerRequestHandler.java:250) ~[ozone-manager-1.4.0-SNAPSHOT.jar:?]
	at org.apache.hadoop.ozone.protocolPB.OzoneManagerProtocolServerSideTranslatorPB.submitRequestDirectlyToOM(OzoneManagerProtocolServerSideTranslatorPB.java:274) ~[ozone-manager-1.4.0-SNAPSHOT.jar:?]
	at org.apache.hadoop.ozone.protocolPB.OzoneManagerProtocolServerSideTranslatorPB.processRequest(OzoneManagerProtocolServerSideTranslatorPB.java:175) ~[ozone-manager-1.4.0-SNAPSHOT.jar:?]
	at org.apache.hadoop.hdds.server.OzoneProtocolMessageDispatcher.processRequest(OzoneProtocolMessageDispatcher.java:87) [hdds-server-framework-1.4.0-SNAPSHOT.jar:?]
	at org.apache.hadoop.ozone.protocolPB.OzoneManagerProtocolServerSideTranslatorPB.submitRequest(OzoneManagerProtocolServerSideTranslatorPB.java:148) [ozone-manager-1.4.0-SNAPSHOT.jar:?]
	at org.apache.hadoop.ozone.protocol.proto.OzoneManagerProtocolProtos$OzoneManagerService$2.callBlockingMethod(OzoneManagerProtocolProtos.java) [ozone-interface-client-1.4.0-SNAPSHOT.jar:?]
	at org.apache.hadoop.ipc.ProtobufRpcEngine$Server.processCall(ProtobufRpcEngine.java:484) [hadoop-common-3.3.6.jar:?]
	at org.apache.hadoop.ipc.ProtobufRpcEngine2$Server$ProtoBufRpcInvoker.call(ProtobufRpcEngine2.java:595) [hadoop-common-3.3.6.jar:?]
	at org.apache.hadoop.ipc.ProtobufRpcEngine2$Server$ProtoBufRpcInvoker.call(ProtobufRpcEngine2.java:573) [hadoop-common-3.3.6.jar:?]
	at org.apache.hadoop.ipc.RPC$Server.call(RPC.java:1227) [hadoop-common-3.3.6.jar:?]
	at org.apache.hadoop.ipc.Server$RpcCall.run(Server.java:1094) [hadoop-common-3.3.6.jar:?]
	at org.apache.hadoop.ipc.Server$RpcCall.run(Server.java:1017) [hadoop-common-3.3.6.jar:?]
	at java.security.AccessController.doPrivileged(Native Method) ~[?:1.8.0_382]
	at javax.security.auth.Subject.doAs(Subject.java:422) [?:1.8.0_382]
	at org.apache.hadoop.security.UserGroupInformation.doAs(UserGroupInformation.java:1899) [hadoop-common-3.3.6.jar:?]
	at org.apache.hadoop.ipc.Server$Handler.run(Server.java:3048) [hadoop-common-3.3.6.jar:?]
20:32:43.945 [IPC Server handler 1 on default port 15163] ERROR OMAudit - user=runner | ip=127.0.0.1 | op=GET_FILE_STATUS {volume=volume10577, bucket=bucket68495, key=level0/level2/level2/file1, dataSize=0, replicationConfig=null} | ret=FAILURE
org.apache.hadoop.ozone.om.exceptions.OMException: Unable to get file status: volume: volume10577 bucket: bucket68495 key: level0/level2/level2/file1
	at org.apache.hadoop.ozone.om.KeyManagerImpl.getOzoneFileStatus(KeyManagerImpl.java:1195) ~[ozone-manager-1.4.0-SNAPSHOT.jar:?]
	at org.apache.hadoop.ozone.om.KeyManagerImpl.getFileStatus(KeyManagerImpl.java:1113) ~[ozone-manager-1.4.0-SNAPSHOT.jar:?]
	at org.apache.hadoop.ozone.om.OmMetadataReader.getFileStatus(OmMetadataReader.java:262) ~[ozone-manager-1.4.0-SNAPSHOT.jar:?]
	at org.apache.hadoop.ozone.om.OzoneManager.getFileStatus(OzoneManager.java:3530) ~[ozone-manager-1.4.0-SNAPSHOT.jar:?]
	at org.apache.hadoop.ozone.protocolPB.OzoneManagerRequestHandler.getOzoneFileStatus(OzoneManagerRequestHandler.java:971) ~[ozone-manager-1.4.0-SNAPSHOT.jar:?]
	at org.apache.hadoop.ozone.protocolPB.OzoneManagerRequestHandler.handleReadRequest(OzoneManagerRequestHandler.java:250) ~[ozone-manager-1.4.0-SNAPSHOT.jar:?]
	at org.apache.hadoop.ozone.protocolPB.OzoneManagerProtocolServerSideTranslatorPB.submitRequestDirectlyToOM(OzoneManagerProtocolServerSideTranslatorPB.java:274) ~[ozone-manager-1.4.0-SNAPSHOT.jar:?]
	at org.apache.hadoop.ozone.protocolPB.OzoneManagerProtocolServerSideTranslatorPB.processRequest(OzoneManagerProtocolServerSideTranslatorPB.java:175) ~[ozone-manager-1.4.0-SNAPSHOT.jar:?]
	at org.apache.hadoop.hdds.server.OzoneProtocolMessageDispatcher.processRequest(OzoneProtocolMessageDispatcher.java:87) [hdds-server-framework-1.4.0-SNAPSHOT.jar:?]
	at org.apache.hadoop.ozone.protocolPB.OzoneManagerProtocolServerSideTranslatorPB.submitRequest(OzoneManagerProtocolServerSideTranslatorPB.java:148) [ozone-manager-1.4.0-SNAPSHOT.jar:?]
	at org.apache.hadoop.ozone.protocol.proto.OzoneManagerProtocolProtos$OzoneManagerService$2.callBlockingMethod(OzoneManagerProtocolProtos.java) [ozone-interface-client-1.4.0-SNAPSHOT.jar:?]
	at org.apache.hadoop.ipc.ProtobufRpcEngine$Server.processCall(ProtobufRpcEngine.java:484) [hadoop-common-3.3.6.jar:?]
	at org.apache.hadoop.ipc.ProtobufRpcEngine2$Server$ProtoBufRpcInvoker.call(ProtobufRpcEngine2.java:595) [hadoop-common-3.3.6.jar:?]
	at org.apache.hadoop.ipc.ProtobufRpcEngine2$Server$ProtoBufRpcInvoker.call(ProtobufRpcEngine2.java:573) [hadoop-common-3.3.6.jar:?]
	at org.apache.hadoop.ipc.RPC$Server.call(RPC.java:1227) [hadoop-common-3.3.6.jar:?]
	at org.apache.hadoop.ipc.Server$RpcCall.run(Server.java:1094) [hadoop-common-3.3.6.jar:?]
	at org.apache.hadoop.ipc.Server$RpcCall.run(Server.java:1017) [hadoop-common-3.3.6.jar:?]
	at java.security.AccessController.doPrivileged(Native Method) ~[?:1.8.0_382]
	at javax.security.auth.Subject.doAs(Subject.java:422) [?:1.8.0_382]
	at org.apache.hadoop.security.UserGroupInformation.doAs(UserGroupInformation.java:1899) [hadoop-common-3.3.6.jar:?]
	at org.apache.hadoop.ipc.Server$Handler.run(Server.java:3048) [hadoop-common-3.3.6.jar:?]
20:32:43.946 [IPC Server handler 0 on default port 15163] ERROR OMAudit - user=runner | ip=127.0.0.1 | op=GET_FILE_STATUS {volume=volume10577, bucket=bucket68495, key=level0/level3, dataSize=0, replicationConfig=null} | ret=FAILURE
org.apache.hadoop.ozone.om.exceptions.OMException: Unable to get file status: volume: volume10577 bucket: bucket68495 key: level0/level3
	at org.apache.hadoop.ozone.om.KeyManagerImpl.getOzoneFileStatus(KeyManagerImpl.java:1195) ~[ozone-manager-1.4.0-SNAPSHOT.jar:?]
	at org.apache.hadoop.ozone.om.KeyManagerImpl.getFileStatus(KeyManagerImpl.java:1113) ~[ozone-manager-1.4.0-SNAPSHOT.jar:?]
	at org.apache.hadoop.ozone.om.OmMetadataReader.getFileStatus(OmMetadataReader.java:262) ~[ozone-manager-1.4.0-SNAPSHOT.jar:?]
	at org.apache.hadoop.ozone.om.OzoneManager.getFileStatus(OzoneManager.java:3530) ~[ozone-manager-1.4.0-SNAPSHOT.jar:?]
	at org.apache.hadoop.ozone.protocolPB.OzoneManagerRequestHandler.getOzoneFileStatus(OzoneManagerRequestHandler.java:971) ~[ozone-manager-1.4.0-SNAPSHOT.jar:?]
	at org.apache.hadoop.ozone.protocolPB.OzoneManagerRequestHandler.handleReadRequest(OzoneManagerRequestHandler.java:250) ~[ozone-manager-1.4.0-SNAPSHOT.jar:?]
	at org.apache.hadoop.ozone.protocolPB.OzoneManagerProtocolServerSideTranslatorPB.submitRequestDirectlyToOM(OzoneManagerProtocolServerSideTranslatorPB.java:274) ~[ozone-manager-1.4.0-SNAPSHOT.jar:?]
	at org.apache.hadoop.ozone.protocolPB.OzoneManagerProtocolServerSideTranslatorPB.processRequest(OzoneManagerProtocolServerSideTranslatorPB.java:175) ~[ozone-manager-1.4.0-SNAPSHOT.jar:?]
	at org.apache.hadoop.hdds.server.OzoneProtocolMessageDispatcher.processRequest(OzoneProtocolMessageDispatcher.java:87) [hdds-server-framework-1.4.0-SNAPSHOT.jar:?]
	at org.apache.hadoop.ozone.protocolPB.OzoneManagerProtocolServerSideTranslatorPB.submitRequest(OzoneManagerProtocolServerSideTranslatorPB.java:148) [ozone-manager-1.4.0-SNAPSHOT.jar:?]
	at org.apache.hadoop.ozone.protocol.proto.OzoneManagerProtocolProtos$OzoneManagerService$2.callBlockingMethod(OzoneManagerProtocolProtos.java) [ozone-interface-client-1.4.0-SNAPSHOT.jar:?]
	at org.apache.hadoop.ipc.ProtobufRpcEngine$Server.processCall(ProtobufRpcEngine.java:484) [hadoop-common-3.3.6.jar:?]
	at org.apache.hadoop.ipc.ProtobufRpcEngine2$Server$ProtoBufRpcInvoker.call(ProtobufRpcEngine2.java:595) [hadoop-common-3.3.6.jar:?]
	at org.apache.hadoop.ipc.ProtobufRpcEngine2$Server$ProtoBufRpcInvoker.call(ProtobufRpcEngine2.java:573) [hadoop-common-3.3.6.jar:?]
	at org.apache.hadoop.ipc.RPC$Server.call(RPC.java:1227) [hadoop-common-3.3.6.jar:?]
	at org.apache.hadoop.ipc.Server$RpcCall.run(Server.java:1094) [hadoop-common-3.3.6.jar:?]
	at org.apache.hadoop.ipc.Server$RpcCall.run(Server.java:1017) [hadoop-common-3.3.6.jar:?]
	at java.security.AccessController.doPrivileged(Native Method) ~[?:1.8.0_382]
	at javax.security.auth.Subject.doAs(Subject.java:422) [?:1.8.0_382]
	at org.apache.hadoop.security.UserGroupInformation.doAs(UserGroupInformation.java:1899) [hadoop-common-3.3.6.jar:?]
	at org.apache.hadoop.ipc.Server$Handler.run(Server.java:3048) [hadoop-common-3.3.6.jar:?]
20:32:43.949 [IPC Server handler 3 on default port 15163] ERROR OMAudit - user=runner | ip=127.0.0.1 | op=GET_FILE_STATUS {volume=volume10577, bucket=bucket68495, key=level0/level3/level3, dataSize=0, replicationConfig=null} | ret=FAILURE
org.apache.hadoop.ozone.om.exceptions.OMException: Unable to get file status: volume: volume10577 bucket: bucket68495 key: level0/level3/level3
	at org.apache.hadoop.ozone.om.KeyManagerImpl.getOzoneFileStatus(KeyManagerImpl.java:1195) ~[ozone-manager-1.4.0-SNAPSHOT.jar:?]
	at org.apache.hadoop.ozone.om.KeyManagerImpl.getFileStatus(KeyManagerImpl.java:1113) ~[ozone-manager-1.4.0-SNAPSHOT.jar:?]
	at org.apache.hadoop.ozone.om.OmMetadataReader.getFileStatus(OmMetadataReader.java:262) ~[ozone-manager-1.4.0-SNAPSHOT.jar:?]
	at org.apache.hadoop.ozone.om.OzoneManager.getFileStatus(OzoneManager.java:3530) ~[ozone-manager-1.4.0-SNAPSHOT.jar:?]
	at org.apache.hadoop.ozone.protocolPB.OzoneManagerRequestHandler.getOzoneFileStatus(OzoneManagerRequestHandler.java:971) ~[ozone-manager-1.4.0-SNAPSHOT.jar:?]
	at org.apache.hadoop.ozone.protocolPB.OzoneManagerRequestHandler.handleReadRequest(OzoneManagerRequestHandler.java:250) ~[ozone-manager-1.4.0-SNAPSHOT.jar:?]
	at org.apache.hadoop.ozone.protocolPB.OzoneManagerProtocolServerSideTranslatorPB.submitRequestDirectlyToOM(OzoneManagerProtocolServerSideTranslatorPB.java:274) ~[ozone-manager-1.4.0-SNAPSHOT.jar:?]
	at org.apache.hadoop.ozone.protocolPB.OzoneManagerProtocolServerSideTranslatorPB.processRequest(OzoneManagerProtocolServerSideTranslatorPB.java:175) ~[ozone-manager-1.4.0-SNAPSHOT.jar:?]
	at org.apache.hadoop.hdds.server.OzoneProtocolMessageDispatcher.processRequest(OzoneProtocolMessageDispatcher.java:87) [hdds-server-framework-1.4.0-SNAPSHOT.jar:?]
	at org.apache.hadoop.ozone.protocolPB.OzoneManagerProtocolServerSideTranslatorPB.submitRequest(OzoneManagerProtocolServerSideTranslatorPB.java:148) [ozone-manager-1.4.0-SNAPSHOT.jar:?]
	at org.apache.hadoop.ozone.protocol.proto.OzoneManagerProtocolProtos$OzoneManagerService$2.callBlockingMethod(OzoneManagerProtocolProtos.java) [ozone-interface-client-1.4.0-SNAPSHOT.jar:?]
	at org.apache.hadoop.ipc.ProtobufRpcEngine$Server.processCall(ProtobufRpcEngine.java:484) [hadoop-common-3.3.6.jar:?]
	at org.apache.hadoop.ipc.ProtobufRpcEngine2$Server$ProtoBufRpcInvoker.call(ProtobufRpcEngine2.java:595) [hadoop-common-3.3.6.jar:?]
	at org.apache.hadoop.ipc.ProtobufRpcEngine2$Server$ProtoBufRpcInvoker.call(ProtobufRpcEngine2.java:573) [hadoop-common-3.3.6.jar:?]
	at org.apache.hadoop.ipc.RPC$Server.call(RPC.java:1227) [hadoop-common-3.3.6.jar:?]
	at org.apache.hadoop.ipc.Server$RpcCall.run(Server.java:1094) [hadoop-common-3.3.6.jar:?]
	at org.apache.hadoop.ipc.Server$RpcCall.run(Server.java:1017) [hadoop-common-3.3.6.jar:?]
	at java.security.AccessController.doPrivileged(Native Method) ~[?:1.8.0_382]
	at javax.security.auth.Subject.doAs(Subject.java:422) [?:1.8.0_382]
	at org.apache.hadoop.security.UserGroupInformation.doAs(UserGroupInformation.java:1899) [hadoop-common-3.3.6.jar:?]
	at org.apache.hadoop.ipc.Server$Handler.run(Server.java:3048) [hadoop-common-3.3.6.jar:?]
20:32:43.950 [IPC Server handler 4 on default port 15163] ERROR OMAudit - user=runner | ip=127.0.0.1 | op=GET_FILE_STATUS {volume=volume10577, bucket=bucket68495, key=level0/level3/file1, dataSize=0, replicationConfig=null} | ret=FAILURE
org.apache.hadoop.ozone.om.exceptions.OMException: Unable to get file status: volume: volume10577 bucket: bucket68495 key: level0/level3/file1
	at org.apache.hadoop.ozone.om.KeyManagerImpl.getOzoneFileStatus(KeyManagerImpl.java:1195) ~[ozone-manager-1.4.0-SNAPSHOT.jar:?]
	at org.apache.hadoop.ozone.om.KeyManagerImpl.getFileStatus(KeyManagerImpl.java:1113) ~[ozone-manager-1.4.0-SNAPSHOT.jar:?]
	at org.apache.hadoop.ozone.om.OmMetadataReader.getFileStatus(OmMetadataReader.java:262) ~[ozone-manager-1.4.0-SNAPSHOT.jar:?]
	at org.apache.hadoop.ozone.om.OzoneManager.getFileStatus(OzoneManager.java:3530) ~[ozone-manager-1.4.0-SNAPSHOT.jar:?]
	at org.apache.hadoop.ozone.protocolPB.OzoneManagerRequestHandler.getOzoneFileStatus(OzoneManagerRequestHandler.java:971) ~[ozone-manager-1.4.0-SNAPSHOT.jar:?]
	at org.apache.hadoop.ozone.protocolPB.OzoneManagerRequestHandler.handleReadRequest(OzoneManagerRequestHandler.java:250) ~[ozone-manager-1.4.0-SNAPSHOT.jar:?]
	at org.apache.hadoop.ozone.protocolPB.OzoneManagerProtocolServerSideTranslatorPB.submitRequestDirectlyToOM(OzoneManagerProtocolServerSideTranslatorPB.java:274) ~[ozone-manager-1.4.0-SNAPSHOT.jar:?]
	at org.apache.hadoop.ozone.protocolPB.OzoneManagerProtocolServerSideTranslatorPB.processRequest(OzoneManagerProtocolServerSideTranslatorPB.java:175) ~[ozone-manager-1.4.0-SNAPSHOT.jar:?]
	at org.apache.hadoop.hdds.server.OzoneProtocolMessageDispatcher.processRequest(OzoneProtocolMessageDispatcher.java:87) [hdds-server-framework-1.4.0-SNAPSHOT.jar:?]
	at org.apache.hadoop.ozone.protocolPB.OzoneManagerProtocolServerSideTranslatorPB.submitRequest(OzoneManagerProtocolServerSideTranslatorPB.java:148) [ozone-manager-1.4.0-SNAPSHOT.jar:?]
	at org.apache.hadoop.ozone.protocol.proto.OzoneManagerProtocolProtos$OzoneManagerService$2.callBlockingMethod(OzoneManagerProtocolProtos.java) [ozone-interface-client-1.4.0-SNAPSHOT.jar:?]
	at org.apache.hadoop.ipc.ProtobufRpcEngine$Server.processCall(ProtobufRpcEngine.java:484) [hadoop-common-3.3.6.jar:?]
	at org.apache.hadoop.ipc.ProtobufRpcEngine2$Server$ProtoBufRpcInvoker.call(ProtobufRpcEngine2.java:595) [hadoop-common-3.3.6.jar:?]
	at org.apache.hadoop.ipc.ProtobufRpcEngine2$Server$ProtoBufRpcInvoker.call(ProtobufRpcEngine2.java:573) [hadoop-common-3.3.6.jar:?]
	at org.apache.hadoop.ipc.RPC$Server.call(RPC.java:1227) [hadoop-common-3.3.6.jar:?]
	at org.apache.hadoop.ipc.Server$RpcCall.run(Server.java:1094) [hadoop-common-3.3.6.jar:?]
	at org.apache.hadoop.ipc.Server$RpcCall.run(Server.java:1017) [hadoop-common-3.3.6.jar:?]
	at java.security.AccessController.doPrivileged(Native Method) ~[?:1.8.0_382]
	at javax.security.auth.Subject.doAs(Subject.java:422) [?:1.8.0_382]
	at org.apache.hadoop.security.UserGroupInformation.doAs(UserGroupInformation.java:1899) [hadoop-common-3.3.6.jar:?]
	at org.apache.hadoop.ipc.Server$Handler.run(Server.java:3048) [hadoop-common-3.3.6.jar:?]
20:32:43.951 [IPC Server handler 5 on default port 15163] ERROR OMAudit - user=runner | ip=127.0.0.1 | op=GET_FILE_STATUS {volume=volume10577, bucket=bucket68495, key=level0/level3/level3/file1, dataSize=0, replicationConfig=null} | ret=FAILURE
org.apache.hadoop.ozone.om.exceptions.OMException: Unable to get file status: volume: volume10577 bucket: bucket68495 key: level0/level3/level3/file1
	at org.apache.hadoop.ozone.om.KeyManagerImpl.getOzoneFileStatus(KeyManagerImpl.java:1195) ~[ozone-manager-1.4.0-SNAPSHOT.jar:?]
	at org.apache.hadoop.ozone.om.KeyManagerImpl.getFileStatus(KeyManagerImpl.java:1113) ~[ozone-manager-1.4.0-SNAPSHOT.jar:?]
	at org.apache.hadoop.ozone.om.OmMetadataReader.getFileStatus(OmMetadataReader.java:262) ~[ozone-manager-1.4.0-SNAPSHOT.jar:?]
	at org.apache.hadoop.ozone.om.OzoneManager.getFileStatus(OzoneManager.java:3530) ~[ozone-manager-1.4.0-SNAPSHOT.jar:?]
	at org.apache.hadoop.ozone.protocolPB.OzoneManagerRequestHandler.getOzoneFileStatus(OzoneManagerRequestHandler.java:971) ~[ozone-manager-1.4.0-SNAPSHOT.jar:?]
	at org.apache.hadoop.ozone.protocolPB.OzoneManagerRequestHandler.handleReadRequest(OzoneManagerRequestHandler.java:250) ~[ozone-manager-1.4.0-SNAPSHOT.jar:?]
	at org.apache.hadoop.ozone.protocolPB.OzoneManagerProtocolServerSideTranslatorPB.submitRequestDirectlyToOM(OzoneManagerProtocolServerSideTranslatorPB.java:274) ~[ozone-manager-1.4.0-SNAPSHOT.jar:?]
	at org.apache.hadoop.ozone.protocolPB.OzoneManagerProtocolServerSideTranslatorPB.processRequest(OzoneManagerProtocolServerSideTranslatorPB.java:175) ~[ozone-manager-1.4.0-SNAPSHOT.jar:?]
	at org.apache.hadoop.hdds.server.OzoneProtocolMessageDispatcher.processRequest(OzoneProtocolMessageDispatcher.java:87) [hdds-server-framework-1.4.0-SNAPSHOT.jar:?]
	at org.apache.hadoop.ozone.protocolPB.OzoneManagerProtocolServerSideTranslatorPB.submitRequest(OzoneManagerProtocolServerSideTranslatorPB.java:148) [ozone-manager-1.4.0-SNAPSHOT.jar:?]
	at org.apache.hadoop.ozone.protocol.proto.OzoneManagerProtocolProtos$OzoneManagerService$2.callBlockingMethod(OzoneManagerProtocolProtos.java) [ozone-interface-client-1.4.0-SNAPSHOT.jar:?]
	at org.apache.hadoop.ipc.ProtobufRpcEngine$Server.processCall(ProtobufRpcEngine.java:484) [hadoop-common-3.3.6.jar:?]
	at org.apache.hadoop.ipc.ProtobufRpcEngine2$Server$ProtoBufRpcInvoker.call(ProtobufRpcEngine2.java:595) [hadoop-common-3.3.6.jar:?]
	at org.apache.hadoop.ipc.ProtobufRpcEngine2$Server$ProtoBufRpcInvoker.call(ProtobufRpcEngine2.java:573) [hadoop-common-3.3.6.jar:?]
	at org.apache.hadoop.ipc.RPC$Server.call(RPC.java:1227) [hadoop-common-3.3.6.jar:?]
	at org.apache.hadoop.ipc.Server$RpcCall.run(Server.java:1094) [hadoop-common-3.3.6.jar:?]
	at org.apache.hadoop.ipc.Server$RpcCall.run(Server.java:1017) [hadoop-common-3.3.6.jar:?]
	at java.security.AccessController.doPrivileged(Native Method) ~[?:1.8.0_382]
	at javax.security.auth.Subject.doAs(Subject.java:422) [?:1.8.0_382]
	at org.apache.hadoop.security.UserGroupInformation.doAs(UserGroupInformation.java:1899) [hadoop-common-3.3.6.jar:?]
	at org.apache.hadoop.ipc.Server$Handler.run(Server.java:3048) [hadoop-common-3.3.6.jar:?]
]]></system-out>
  </testcase>
  <testcase name="testGetTrashRoots" classname="TestOzoneFileSystem" time="0.124">
    <system-out><![CDATA[20:27:43.353 [IPC Server handler 15 on default port 15004] ERROR OMAudit - user=runner | ip=127.0.0.1 | op=GET_FILE_STATUS {volume=volume63798, bucket=bucket90991, key=.Trash/runner, dataSize=0, replicationConfig=null} | ret=FAILURE
org.apache.hadoop.ozone.om.exceptions.OMException: Unable to get file status: volume: volume63798 bucket: bucket90991 key: .Trash/runner
	at org.apache.hadoop.ozone.om.KeyManagerImpl.getOzoneFileStatus(KeyManagerImpl.java:1195) ~[ozone-manager-1.4.0-SNAPSHOT.jar:?]
	at org.apache.hadoop.ozone.om.KeyManagerImpl.getFileStatus(KeyManagerImpl.java:1113) ~[ozone-manager-1.4.0-SNAPSHOT.jar:?]
	at org.apache.hadoop.ozone.om.OmMetadataReader.getFileStatus(OmMetadataReader.java:262) ~[ozone-manager-1.4.0-SNAPSHOT.jar:?]
	at org.apache.hadoop.ozone.om.OzoneManager.getFileStatus(OzoneManager.java:3530) ~[ozone-manager-1.4.0-SNAPSHOT.jar:?]
	at org.apache.hadoop.ozone.protocolPB.OzoneManagerRequestHandler.getOzoneFileStatus(OzoneManagerRequestHandler.java:971) ~[ozone-manager-1.4.0-SNAPSHOT.jar:?]
	at org.apache.hadoop.ozone.protocolPB.OzoneManagerRequestHandler.handleReadRequest(OzoneManagerRequestHandler.java:250) ~[ozone-manager-1.4.0-SNAPSHOT.jar:?]
	at org.apache.hadoop.ozone.protocolPB.OzoneManagerProtocolServerSideTranslatorPB.submitReadRequestToOM(OzoneManagerProtocolServerSideTranslatorPB.java:225) ~[ozone-manager-1.4.0-SNAPSHOT.jar:?]
	at org.apache.hadoop.ozone.protocolPB.OzoneManagerProtocolServerSideTranslatorPB.processRequest(OzoneManagerProtocolServerSideTranslatorPB.java:179) ~[ozone-manager-1.4.0-SNAPSHOT.jar:?]
	at org.apache.hadoop.hdds.server.OzoneProtocolMessageDispatcher.processRequest(OzoneProtocolMessageDispatcher.java:87) [hdds-server-framework-1.4.0-SNAPSHOT.jar:?]
	at org.apache.hadoop.ozone.protocolPB.OzoneManagerProtocolServerSideTranslatorPB.submitRequest(OzoneManagerProtocolServerSideTranslatorPB.java:148) [ozone-manager-1.4.0-SNAPSHOT.jar:?]
	at org.apache.hadoop.ozone.protocol.proto.OzoneManagerProtocolProtos$OzoneManagerService$2.callBlockingMethod(OzoneManagerProtocolProtos.java) [ozone-interface-client-1.4.0-SNAPSHOT.jar:?]
	at org.apache.hadoop.ipc.ProtobufRpcEngine$Server.processCall(ProtobufRpcEngine.java:484) [hadoop-common-3.3.6.jar:?]
	at org.apache.hadoop.ipc.ProtobufRpcEngine2$Server$ProtoBufRpcInvoker.call(ProtobufRpcEngine2.java:595) [hadoop-common-3.3.6.jar:?]
	at org.apache.hadoop.ipc.ProtobufRpcEngine2$Server$ProtoBufRpcInvoker.call(ProtobufRpcEngine2.java:573) [hadoop-common-3.3.6.jar:?]
	at org.apache.hadoop.ipc.RPC$Server.call(RPC.java:1227) [hadoop-common-3.3.6.jar:?]
	at org.apache.hadoop.ipc.Server$RpcCall.run(Server.java:1094) [hadoop-common-3.3.6.jar:?]
	at org.apache.hadoop.ipc.Server$RpcCall.run(Server.java:1017) [hadoop-common-3.3.6.jar:?]
	at java.security.AccessController.doPrivileged(Native Method) ~[?:1.8.0_382]
	at javax.security.auth.Subject.doAs(Subject.java:422) [?:1.8.0_382]
	at org.apache.hadoop.security.UserGroupInformation.doAs(UserGroupInformation.java:1899) [hadoop-common-3.3.6.jar:?]
	at org.apache.hadoop.ipc.Server$Handler.run(Server.java:3048) [hadoop-common-3.3.6.jar:?]
]]></system-out>
  </testcase>
  <testcase name="testGetTrashRoots" classname="TestOzoneFileSystem" time="0.043">
    <system-out><![CDATA[20:29:41.032 [IPC Server handler 7 on default port 15057] ERROR OMAudit - user=runner | ip=127.0.0.1 | op=GET_FILE_STATUS {volume=volume62736, bucket=bucket10134, key=.Trash/runner, dataSize=0, replicationConfig=null} | ret=FAILURE
org.apache.hadoop.ozone.om.exceptions.OMException: Unable to get file status: volume: volume62736 bucket: bucket10134 key: .Trash/runner
	at org.apache.hadoop.ozone.om.KeyManagerImpl.getOzoneFileStatus(KeyManagerImpl.java:1195) ~[ozone-manager-1.4.0-SNAPSHOT.jar:?]
	at org.apache.hadoop.ozone.om.KeyManagerImpl.getFileStatus(KeyManagerImpl.java:1113) ~[ozone-manager-1.4.0-SNAPSHOT.jar:?]
	at org.apache.hadoop.ozone.om.OmMetadataReader.getFileStatus(OmMetadataReader.java:262) ~[ozone-manager-1.4.0-SNAPSHOT.jar:?]
	at org.apache.hadoop.ozone.om.OzoneManager.getFileStatus(OzoneManager.java:3530) ~[ozone-manager-1.4.0-SNAPSHOT.jar:?]
	at org.apache.hadoop.ozone.protocolPB.OzoneManagerRequestHandler.getOzoneFileStatus(OzoneManagerRequestHandler.java:971) ~[ozone-manager-1.4.0-SNAPSHOT.jar:?]
	at org.apache.hadoop.ozone.protocolPB.OzoneManagerRequestHandler.handleReadRequest(OzoneManagerRequestHandler.java:250) ~[ozone-manager-1.4.0-SNAPSHOT.jar:?]
	at org.apache.hadoop.ozone.protocolPB.OzoneManagerProtocolServerSideTranslatorPB.submitRequestDirectlyToOM(OzoneManagerProtocolServerSideTranslatorPB.java:274) ~[ozone-manager-1.4.0-SNAPSHOT.jar:?]
	at org.apache.hadoop.ozone.protocolPB.OzoneManagerProtocolServerSideTranslatorPB.processRequest(OzoneManagerProtocolServerSideTranslatorPB.java:175) ~[ozone-manager-1.4.0-SNAPSHOT.jar:?]
	at org.apache.hadoop.hdds.server.OzoneProtocolMessageDispatcher.processRequest(OzoneProtocolMessageDispatcher.java:87) [hdds-server-framework-1.4.0-SNAPSHOT.jar:?]
	at org.apache.hadoop.ozone.protocolPB.OzoneManagerProtocolServerSideTranslatorPB.submitRequest(OzoneManagerProtocolServerSideTranslatorPB.java:148) [ozone-manager-1.4.0-SNAPSHOT.jar:?]
	at org.apache.hadoop.ozone.protocol.proto.OzoneManagerProtocolProtos$OzoneManagerService$2.callBlockingMethod(OzoneManagerProtocolProtos.java) [ozone-interface-client-1.4.0-SNAPSHOT.jar:?]
	at org.apache.hadoop.ipc.ProtobufRpcEngine$Server.processCall(ProtobufRpcEngine.java:484) [hadoop-common-3.3.6.jar:?]
	at org.apache.hadoop.ipc.ProtobufRpcEngine2$Server$ProtoBufRpcInvoker.call(ProtobufRpcEngine2.java:595) [hadoop-common-3.3.6.jar:?]
	at org.apache.hadoop.ipc.ProtobufRpcEngine2$Server$ProtoBufRpcInvoker.call(ProtobufRpcEngine2.java:573) [hadoop-common-3.3.6.jar:?]
	at org.apache.hadoop.ipc.RPC$Server.call(RPC.java:1227) [hadoop-common-3.3.6.jar:?]
	at org.apache.hadoop.ipc.Server$RpcCall.run(Server.java:1094) [hadoop-common-3.3.6.jar:?]
	at org.apache.hadoop.ipc.Server$RpcCall.run(Server.java:1017) [hadoop-common-3.3.6.jar:?]
	at java.security.AccessController.doPrivileged(Native Method) ~[?:1.8.0_382]
	at javax.security.auth.Subject.doAs(Subject.java:422) [?:1.8.0_382]
	at org.apache.hadoop.security.UserGroupInformation.doAs(UserGroupInformation.java:1899) [hadoop-common-3.3.6.jar:?]
	at org.apache.hadoop.ipc.Server$Handler.run(Server.java:3048) [hadoop-common-3.3.6.jar:?]
]]></system-out>
  </testcase>
  <testcase name="testGetTrashRoots" classname="TestOzoneFileSystem" time="0.039">
    <system-out><![CDATA[20:31:06.557 [IPC Server handler 6 on default port 15110] ERROR OMAudit - user=runner | ip=127.0.0.1 | op=GET_FILE_STATUS {volume=volume50105, bucket=bucket55116, key=.Trash/runner, dataSize=0, replicationConfig=null} | ret=FAILURE
org.apache.hadoop.ozone.om.exceptions.OMException: Unable to get file status: volume: volume50105 bucket: bucket55116 key: .Trash/runner
	at org.apache.hadoop.ozone.om.KeyManagerImpl.getOzoneFileStatus(KeyManagerImpl.java:1195) ~[ozone-manager-1.4.0-SNAPSHOT.jar:?]
	at org.apache.hadoop.ozone.om.KeyManagerImpl.getFileStatus(KeyManagerImpl.java:1113) ~[ozone-manager-1.4.0-SNAPSHOT.jar:?]
	at org.apache.hadoop.ozone.om.OmMetadataReader.getFileStatus(OmMetadataReader.java:262) ~[ozone-manager-1.4.0-SNAPSHOT.jar:?]
	at org.apache.hadoop.ozone.om.OzoneManager.getFileStatus(OzoneManager.java:3530) ~[ozone-manager-1.4.0-SNAPSHOT.jar:?]
	at org.apache.hadoop.ozone.protocolPB.OzoneManagerRequestHandler.getOzoneFileStatus(OzoneManagerRequestHandler.java:971) ~[ozone-manager-1.4.0-SNAPSHOT.jar:?]
	at org.apache.hadoop.ozone.protocolPB.OzoneManagerRequestHandler.handleReadRequest(OzoneManagerRequestHandler.java:250) ~[ozone-manager-1.4.0-SNAPSHOT.jar:?]
	at org.apache.hadoop.ozone.protocolPB.OzoneManagerProtocolServerSideTranslatorPB.submitReadRequestToOM(OzoneManagerProtocolServerSideTranslatorPB.java:225) ~[ozone-manager-1.4.0-SNAPSHOT.jar:?]
	at org.apache.hadoop.ozone.protocolPB.OzoneManagerProtocolServerSideTranslatorPB.processRequest(OzoneManagerProtocolServerSideTranslatorPB.java:179) ~[ozone-manager-1.4.0-SNAPSHOT.jar:?]
	at org.apache.hadoop.hdds.server.OzoneProtocolMessageDispatcher.processRequest(OzoneProtocolMessageDispatcher.java:87) [hdds-server-framework-1.4.0-SNAPSHOT.jar:?]
	at org.apache.hadoop.ozone.protocolPB.OzoneManagerProtocolServerSideTranslatorPB.submitRequest(OzoneManagerProtocolServerSideTranslatorPB.java:148) [ozone-manager-1.4.0-SNAPSHOT.jar:?]
	at org.apache.hadoop.ozone.protocol.proto.OzoneManagerProtocolProtos$OzoneManagerService$2.callBlockingMethod(OzoneManagerProtocolProtos.java) [ozone-interface-client-1.4.0-SNAPSHOT.jar:?]
	at org.apache.hadoop.ipc.ProtobufRpcEngine$Server.processCall(ProtobufRpcEngine.java:484) [hadoop-common-3.3.6.jar:?]
	at org.apache.hadoop.ipc.ProtobufRpcEngine2$Server$ProtoBufRpcInvoker.call(ProtobufRpcEngine2.java:595) [hadoop-common-3.3.6.jar:?]
	at org.apache.hadoop.ipc.ProtobufRpcEngine2$Server$ProtoBufRpcInvoker.call(ProtobufRpcEngine2.java:573) [hadoop-common-3.3.6.jar:?]
	at org.apache.hadoop.ipc.RPC$Server.call(RPC.java:1227) [hadoop-common-3.3.6.jar:?]
	at org.apache.hadoop.ipc.Server$RpcCall.run(Server.java:1094) [hadoop-common-3.3.6.jar:?]
	at org.apache.hadoop.ipc.Server$RpcCall.run(Server.java:1017) [hadoop-common-3.3.6.jar:?]
	at java.security.AccessController.doPrivileged(Native Method) ~[?:1.8.0_382]
	at javax.security.auth.Subject.doAs(Subject.java:422) [?:1.8.0_382]
	at org.apache.hadoop.security.UserGroupInformation.doAs(UserGroupInformation.java:1899) [hadoop-common-3.3.6.jar:?]
	at org.apache.hadoop.ipc.Server$Handler.run(Server.java:3048) [hadoop-common-3.3.6.jar:?]
]]></system-out>
  </testcase>
  <testcase name="testGetTrashRoots" classname="TestOzoneFileSystem" time="0.032">
    <system-out><![CDATA[20:32:43.955 [IPC Server handler 8 on default port 15163] ERROR OMAudit - user=runner | ip=127.0.0.1 | op=GET_FILE_STATUS {volume=volume10577, bucket=bucket68495, key=.Trash/runner, dataSize=0, replicationConfig=null} | ret=FAILURE
org.apache.hadoop.ozone.om.exceptions.OMException: Unable to get file status: volume: volume10577 bucket: bucket68495 key: .Trash/runner
	at org.apache.hadoop.ozone.om.KeyManagerImpl.getOzoneFileStatus(KeyManagerImpl.java:1195) ~[ozone-manager-1.4.0-SNAPSHOT.jar:?]
	at org.apache.hadoop.ozone.om.KeyManagerImpl.getFileStatus(KeyManagerImpl.java:1113) ~[ozone-manager-1.4.0-SNAPSHOT.jar:?]
	at org.apache.hadoop.ozone.om.OmMetadataReader.getFileStatus(OmMetadataReader.java:262) ~[ozone-manager-1.4.0-SNAPSHOT.jar:?]
	at org.apache.hadoop.ozone.om.OzoneManager.getFileStatus(OzoneManager.java:3530) ~[ozone-manager-1.4.0-SNAPSHOT.jar:?]
	at org.apache.hadoop.ozone.protocolPB.OzoneManagerRequestHandler.getOzoneFileStatus(OzoneManagerRequestHandler.java:971) ~[ozone-manager-1.4.0-SNAPSHOT.jar:?]
	at org.apache.hadoop.ozone.protocolPB.OzoneManagerRequestHandler.handleReadRequest(OzoneManagerRequestHandler.java:250) ~[ozone-manager-1.4.0-SNAPSHOT.jar:?]
	at org.apache.hadoop.ozone.protocolPB.OzoneManagerProtocolServerSideTranslatorPB.submitRequestDirectlyToOM(OzoneManagerProtocolServerSideTranslatorPB.java:274) ~[ozone-manager-1.4.0-SNAPSHOT.jar:?]
	at org.apache.hadoop.ozone.protocolPB.OzoneManagerProtocolServerSideTranslatorPB.processRequest(OzoneManagerProtocolServerSideTranslatorPB.java:175) ~[ozone-manager-1.4.0-SNAPSHOT.jar:?]
	at org.apache.hadoop.hdds.server.OzoneProtocolMessageDispatcher.processRequest(OzoneProtocolMessageDispatcher.java:87) [hdds-server-framework-1.4.0-SNAPSHOT.jar:?]
	at org.apache.hadoop.ozone.protocolPB.OzoneManagerProtocolServerSideTranslatorPB.submitRequest(OzoneManagerProtocolServerSideTranslatorPB.java:148) [ozone-manager-1.4.0-SNAPSHOT.jar:?]
	at org.apache.hadoop.ozone.protocol.proto.OzoneManagerProtocolProtos$OzoneManagerService$2.callBlockingMethod(OzoneManagerProtocolProtos.java) [ozone-interface-client-1.4.0-SNAPSHOT.jar:?]
	at org.apache.hadoop.ipc.ProtobufRpcEngine$Server.processCall(ProtobufRpcEngine.java:484) [hadoop-common-3.3.6.jar:?]
	at org.apache.hadoop.ipc.ProtobufRpcEngine2$Server$ProtoBufRpcInvoker.call(ProtobufRpcEngine2.java:595) [hadoop-common-3.3.6.jar:?]
	at org.apache.hadoop.ipc.ProtobufRpcEngine2$Server$ProtoBufRpcInvoker.call(ProtobufRpcEngine2.java:573) [hadoop-common-3.3.6.jar:?]
	at org.apache.hadoop.ipc.RPC$Server.call(RPC.java:1227) [hadoop-common-3.3.6.jar:?]
	at org.apache.hadoop.ipc.Server$RpcCall.run(Server.java:1094) [hadoop-common-3.3.6.jar:?]
	at org.apache.hadoop.ipc.Server$RpcCall.run(Server.java:1017) [hadoop-common-3.3.6.jar:?]
	at java.security.AccessController.doPrivileged(Native Method) ~[?:1.8.0_382]
	at javax.security.auth.Subject.doAs(Subject.java:422) [?:1.8.0_382]
	at org.apache.hadoop.security.UserGroupInformation.doAs(UserGroupInformation.java:1899) [hadoop-common-3.3.6.jar:?]
	at org.apache.hadoop.ipc.Server$Handler.run(Server.java:3048) [hadoop-common-3.3.6.jar:?]
]]></system-out>
  </testcase>
  <testcase name="testCreateDoesNotAddParentDirKeys" classname="TestOzoneFileSystem" time="0.072">
    <system-out><![CDATA[20:27:43.515 [IPC Server handler 9 on default port 15004] ERROR OMAudit - user=runner | ip=127.0.0.1 | op=READ_KEY {volume=volume63798, bucket=bucket90991, key=testCreateDoesNotAddParentDirKeys/parent/, dataSize=0, replicationConfig=null} | ret=FAILURE
org.apache.hadoop.ozone.om.exceptions.OMException: Key:testCreateDoesNotAddParentDirKeys/parent not found
	at org.apache.hadoop.ozone.om.KeyManagerImpl.readKeyInfo(KeyManagerImpl.java:427) ~[ozone-manager-1.4.0-SNAPSHOT.jar:?]
	at org.apache.hadoop.ozone.om.KeyManagerImpl.lambda$9(KeyManagerImpl.java:1931) ~[ozone-manager-1.4.0-SNAPSHOT.jar:?]
	at org.apache.hadoop.util.MetricUtil.captureLatencyNs(MetricUtil.java:39) ~[hdds-common-1.4.0-SNAPSHOT.jar:?]
	at org.apache.hadoop.ozone.om.KeyManagerImpl.getKeyInfo(KeyManagerImpl.java:1929) ~[ozone-manager-1.4.0-SNAPSHOT.jar:?]
	at org.apache.hadoop.ozone.om.OmMetadataReader.getKeyInfo(OmMetadataReader.java:185) ~[ozone-manager-1.4.0-SNAPSHOT.jar:?]
	at org.apache.hadoop.ozone.om.OzoneManager.getKeyInfo(OzoneManager.java:2827) ~[ozone-manager-1.4.0-SNAPSHOT.jar:?]
	at org.apache.hadoop.ozone.protocolPB.OzoneManagerRequestHandler.getKeyInfo(OzoneManagerRequestHandler.java:585) ~[ozone-manager-1.4.0-SNAPSHOT.jar:?]
	at org.apache.hadoop.ozone.protocolPB.OzoneManagerRequestHandler.handleReadRequest(OzoneManagerRequestHandler.java:304) ~[ozone-manager-1.4.0-SNAPSHOT.jar:?]
	at org.apache.hadoop.ozone.protocolPB.OzoneManagerProtocolServerSideTranslatorPB.submitReadRequestToOM(OzoneManagerProtocolServerSideTranslatorPB.java:225) ~[ozone-manager-1.4.0-SNAPSHOT.jar:?]
	at org.apache.hadoop.ozone.protocolPB.OzoneManagerProtocolServerSideTranslatorPB.processRequest(OzoneManagerProtocolServerSideTranslatorPB.java:179) ~[ozone-manager-1.4.0-SNAPSHOT.jar:?]
	at org.apache.hadoop.hdds.server.OzoneProtocolMessageDispatcher.processRequest(OzoneProtocolMessageDispatcher.java:87) [hdds-server-framework-1.4.0-SNAPSHOT.jar:?]
	at org.apache.hadoop.ozone.protocolPB.OzoneManagerProtocolServerSideTranslatorPB.submitRequest(OzoneManagerProtocolServerSideTranslatorPB.java:148) [ozone-manager-1.4.0-SNAPSHOT.jar:?]
	at org.apache.hadoop.ozone.protocol.proto.OzoneManagerProtocolProtos$OzoneManagerService$2.callBlockingMethod(OzoneManagerProtocolProtos.java) [ozone-interface-client-1.4.0-SNAPSHOT.jar:?]
	at org.apache.hadoop.ipc.ProtobufRpcEngine$Server.processCall(ProtobufRpcEngine.java:484) [hadoop-common-3.3.6.jar:?]
	at org.apache.hadoop.ipc.ProtobufRpcEngine2$Server$ProtoBufRpcInvoker.call(ProtobufRpcEngine2.java:595) [hadoop-common-3.3.6.jar:?]
	at org.apache.hadoop.ipc.ProtobufRpcEngine2$Server$ProtoBufRpcInvoker.call(ProtobufRpcEngine2.java:573) [hadoop-common-3.3.6.jar:?]
	at org.apache.hadoop.ipc.RPC$Server.call(RPC.java:1227) [hadoop-common-3.3.6.jar:?]
	at org.apache.hadoop.ipc.Server$RpcCall.run(Server.java:1094) [hadoop-common-3.3.6.jar:?]
	at org.apache.hadoop.ipc.Server$RpcCall.run(Server.java:1017) [hadoop-common-3.3.6.jar:?]
	at java.security.AccessController.doPrivileged(Native Method) ~[?:1.8.0_382]
	at javax.security.auth.Subject.doAs(Subject.java:422) [?:1.8.0_382]
	at org.apache.hadoop.security.UserGroupInformation.doAs(UserGroupInformation.java:1899) [hadoop-common-3.3.6.jar:?]
	at org.apache.hadoop.ipc.Server$Handler.run(Server.java:3048) [hadoop-common-3.3.6.jar:?]
]]></system-out>
  </testcase>
  <testcase name="testCreateDoesNotAddParentDirKeys" classname="TestOzoneFileSystem" time="0.03">
    <system-out><![CDATA[20:29:41.089 [IPC Server handler 19 on default port 15057] ERROR OMAudit - user=runner | ip=127.0.0.1 | op=READ_KEY {volume=volume62736, bucket=bucket10134, key=testCreateDoesNotAddParentDirKeys/parent/, dataSize=0, replicationConfig=null} | ret=FAILURE
org.apache.hadoop.ozone.om.exceptions.OMException: Key:testCreateDoesNotAddParentDirKeys/parent not found
	at org.apache.hadoop.ozone.om.KeyManagerImpl.readKeyInfo(KeyManagerImpl.java:427) ~[ozone-manager-1.4.0-SNAPSHOT.jar:?]
	at org.apache.hadoop.ozone.om.KeyManagerImpl.lambda$9(KeyManagerImpl.java:1931) ~[ozone-manager-1.4.0-SNAPSHOT.jar:?]
	at org.apache.hadoop.util.MetricUtil.captureLatencyNs(MetricUtil.java:39) ~[hdds-common-1.4.0-SNAPSHOT.jar:?]
	at org.apache.hadoop.ozone.om.KeyManagerImpl.getKeyInfo(KeyManagerImpl.java:1929) ~[ozone-manager-1.4.0-SNAPSHOT.jar:?]
	at org.apache.hadoop.ozone.om.OmMetadataReader.getKeyInfo(OmMetadataReader.java:185) ~[ozone-manager-1.4.0-SNAPSHOT.jar:?]
	at org.apache.hadoop.ozone.om.OzoneManager.getKeyInfo(OzoneManager.java:2827) ~[ozone-manager-1.4.0-SNAPSHOT.jar:?]
	at org.apache.hadoop.ozone.protocolPB.OzoneManagerRequestHandler.getKeyInfo(OzoneManagerRequestHandler.java:585) ~[ozone-manager-1.4.0-SNAPSHOT.jar:?]
	at org.apache.hadoop.ozone.protocolPB.OzoneManagerRequestHandler.handleReadRequest(OzoneManagerRequestHandler.java:304) ~[ozone-manager-1.4.0-SNAPSHOT.jar:?]
	at org.apache.hadoop.ozone.protocolPB.OzoneManagerProtocolServerSideTranslatorPB.submitRequestDirectlyToOM(OzoneManagerProtocolServerSideTranslatorPB.java:274) ~[ozone-manager-1.4.0-SNAPSHOT.jar:?]
	at org.apache.hadoop.ozone.protocolPB.OzoneManagerProtocolServerSideTranslatorPB.processRequest(OzoneManagerProtocolServerSideTranslatorPB.java:175) ~[ozone-manager-1.4.0-SNAPSHOT.jar:?]
	at org.apache.hadoop.hdds.server.OzoneProtocolMessageDispatcher.processRequest(OzoneProtocolMessageDispatcher.java:87) [hdds-server-framework-1.4.0-SNAPSHOT.jar:?]
	at org.apache.hadoop.ozone.protocolPB.OzoneManagerProtocolServerSideTranslatorPB.submitRequest(OzoneManagerProtocolServerSideTranslatorPB.java:148) [ozone-manager-1.4.0-SNAPSHOT.jar:?]
	at org.apache.hadoop.ozone.protocol.proto.OzoneManagerProtocolProtos$OzoneManagerService$2.callBlockingMethod(OzoneManagerProtocolProtos.java) [ozone-interface-client-1.4.0-SNAPSHOT.jar:?]
	at org.apache.hadoop.ipc.ProtobufRpcEngine$Server.processCall(ProtobufRpcEngine.java:484) [hadoop-common-3.3.6.jar:?]
	at org.apache.hadoop.ipc.ProtobufRpcEngine2$Server$ProtoBufRpcInvoker.call(ProtobufRpcEngine2.java:595) [hadoop-common-3.3.6.jar:?]
	at org.apache.hadoop.ipc.ProtobufRpcEngine2$Server$ProtoBufRpcInvoker.call(ProtobufRpcEngine2.java:573) [hadoop-common-3.3.6.jar:?]
	at org.apache.hadoop.ipc.RPC$Server.call(RPC.java:1227) [hadoop-common-3.3.6.jar:?]
	at org.apache.hadoop.ipc.Server$RpcCall.run(Server.java:1094) [hadoop-common-3.3.6.jar:?]
	at org.apache.hadoop.ipc.Server$RpcCall.run(Server.java:1017) [hadoop-common-3.3.6.jar:?]
	at java.security.AccessController.doPrivileged(Native Method) ~[?:1.8.0_382]
	at javax.security.auth.Subject.doAs(Subject.java:422) [?:1.8.0_382]
	at org.apache.hadoop.security.UserGroupInformation.doAs(UserGroupInformation.java:1899) [hadoop-common-3.3.6.jar:?]
	at org.apache.hadoop.ipc.Server$Handler.run(Server.java:3048) [hadoop-common-3.3.6.jar:?]
]]></system-out>
  </testcase>
  <testcase name="testCreateDoesNotAddParentDirKeys" classname="TestOzoneFileSystem" time="0.031"/>
  <testcase name="testCreateDoesNotAddParentDirKeys" classname="TestOzoneFileSystem" time="0.023"/>
  <testcase name="testDeleteRootWithTrash" classname="TestOzoneFileSystem" time="0.017"/>
  <testcase name="testDeleteRootWithTrash" classname="TestOzoneFileSystem" time="0.007"/>
  <testcase name="testDeleteRootWithTrash" classname="TestOzoneFileSystem" time="0.005"/>
  <testcase name="testDeleteRootWithTrash" classname="TestOzoneFileSystem" time="0.003"/>
  <testcase name="testDeleteCreatesFakeParentDir" classname="TestOzoneFileSystem" time="0.055">
    <system-out><![CDATA[20:27:43.585 [IPC Server handler 6 on default port 15004] ERROR OMAudit - user=runner | ip=127.0.0.1 | op=READ_KEY {volume=volume63798, bucket=bucket90991, key=testDeleteCreatesFakeParentDir/parent/, dataSize=0, replicationConfig=null} | ret=FAILURE
org.apache.hadoop.ozone.om.exceptions.OMException: Key:testDeleteCreatesFakeParentDir/parent not found
	at org.apache.hadoop.ozone.om.KeyManagerImpl.readKeyInfo(KeyManagerImpl.java:427) ~[ozone-manager-1.4.0-SNAPSHOT.jar:?]
	at org.apache.hadoop.ozone.om.KeyManagerImpl.lambda$9(KeyManagerImpl.java:1931) ~[ozone-manager-1.4.0-SNAPSHOT.jar:?]
	at org.apache.hadoop.util.MetricUtil.captureLatencyNs(MetricUtil.java:39) ~[hdds-common-1.4.0-SNAPSHOT.jar:?]
	at org.apache.hadoop.ozone.om.KeyManagerImpl.getKeyInfo(KeyManagerImpl.java:1929) ~[ozone-manager-1.4.0-SNAPSHOT.jar:?]
	at org.apache.hadoop.ozone.om.OmMetadataReader.getKeyInfo(OmMetadataReader.java:185) ~[ozone-manager-1.4.0-SNAPSHOT.jar:?]
	at org.apache.hadoop.ozone.om.OzoneManager.getKeyInfo(OzoneManager.java:2827) ~[ozone-manager-1.4.0-SNAPSHOT.jar:?]
	at org.apache.hadoop.ozone.protocolPB.OzoneManagerRequestHandler.getKeyInfo(OzoneManagerRequestHandler.java:585) ~[ozone-manager-1.4.0-SNAPSHOT.jar:?]
	at org.apache.hadoop.ozone.protocolPB.OzoneManagerRequestHandler.handleReadRequest(OzoneManagerRequestHandler.java:304) ~[ozone-manager-1.4.0-SNAPSHOT.jar:?]
	at org.apache.hadoop.ozone.protocolPB.OzoneManagerProtocolServerSideTranslatorPB.submitReadRequestToOM(OzoneManagerProtocolServerSideTranslatorPB.java:225) ~[ozone-manager-1.4.0-SNAPSHOT.jar:?]
	at org.apache.hadoop.ozone.protocolPB.OzoneManagerProtocolServerSideTranslatorPB.processRequest(OzoneManagerProtocolServerSideTranslatorPB.java:179) ~[ozone-manager-1.4.0-SNAPSHOT.jar:?]
	at org.apache.hadoop.hdds.server.OzoneProtocolMessageDispatcher.processRequest(OzoneProtocolMessageDispatcher.java:87) [hdds-server-framework-1.4.0-SNAPSHOT.jar:?]
	at org.apache.hadoop.ozone.protocolPB.OzoneManagerProtocolServerSideTranslatorPB.submitRequest(OzoneManagerProtocolServerSideTranslatorPB.java:148) [ozone-manager-1.4.0-SNAPSHOT.jar:?]
	at org.apache.hadoop.ozone.protocol.proto.OzoneManagerProtocolProtos$OzoneManagerService$2.callBlockingMethod(OzoneManagerProtocolProtos.java) [ozone-interface-client-1.4.0-SNAPSHOT.jar:?]
	at org.apache.hadoop.ipc.ProtobufRpcEngine$Server.processCall(ProtobufRpcEngine.java:484) [hadoop-common-3.3.6.jar:?]
	at org.apache.hadoop.ipc.ProtobufRpcEngine2$Server$ProtoBufRpcInvoker.call(ProtobufRpcEngine2.java:595) [hadoop-common-3.3.6.jar:?]
	at org.apache.hadoop.ipc.ProtobufRpcEngine2$Server$ProtoBufRpcInvoker.call(ProtobufRpcEngine2.java:573) [hadoop-common-3.3.6.jar:?]
	at org.apache.hadoop.ipc.RPC$Server.call(RPC.java:1227) [hadoop-common-3.3.6.jar:?]
	at org.apache.hadoop.ipc.Server$RpcCall.run(Server.java:1094) [hadoop-common-3.3.6.jar:?]
	at org.apache.hadoop.ipc.Server$RpcCall.run(Server.java:1017) [hadoop-common-3.3.6.jar:?]
	at java.security.AccessController.doPrivileged(Native Method) ~[?:1.8.0_382]
	at javax.security.auth.Subject.doAs(Subject.java:422) [?:1.8.0_382]
	at org.apache.hadoop.security.UserGroupInformation.doAs(UserGroupInformation.java:1899) [hadoop-common-3.3.6.jar:?]
	at org.apache.hadoop.ipc.Server$Handler.run(Server.java:3048) [hadoop-common-3.3.6.jar:?]
]]></system-out>
  </testcase>
  <testcase name="testDeleteCreatesFakeParentDir" classname="TestOzoneFileSystem" time="0.026">
    <system-out><![CDATA[20:29:41.121 [IPC Server handler 0 on default port 15057] ERROR OMAudit - user=runner | ip=127.0.0.1 | op=READ_KEY {volume=volume62736, bucket=bucket10134, key=testDeleteCreatesFakeParentDir/parent/, dataSize=0, replicationConfig=null} | ret=FAILURE
org.apache.hadoop.ozone.om.exceptions.OMException: Key:testDeleteCreatesFakeParentDir/parent not found
	at org.apache.hadoop.ozone.om.KeyManagerImpl.readKeyInfo(KeyManagerImpl.java:427) ~[ozone-manager-1.4.0-SNAPSHOT.jar:?]
	at org.apache.hadoop.ozone.om.KeyManagerImpl.lambda$9(KeyManagerImpl.java:1931) ~[ozone-manager-1.4.0-SNAPSHOT.jar:?]
	at org.apache.hadoop.util.MetricUtil.captureLatencyNs(MetricUtil.java:39) ~[hdds-common-1.4.0-SNAPSHOT.jar:?]
	at org.apache.hadoop.ozone.om.KeyManagerImpl.getKeyInfo(KeyManagerImpl.java:1929) ~[ozone-manager-1.4.0-SNAPSHOT.jar:?]
	at org.apache.hadoop.ozone.om.OmMetadataReader.getKeyInfo(OmMetadataReader.java:185) ~[ozone-manager-1.4.0-SNAPSHOT.jar:?]
	at org.apache.hadoop.ozone.om.OzoneManager.getKeyInfo(OzoneManager.java:2827) ~[ozone-manager-1.4.0-SNAPSHOT.jar:?]
	at org.apache.hadoop.ozone.protocolPB.OzoneManagerRequestHandler.getKeyInfo(OzoneManagerRequestHandler.java:585) ~[ozone-manager-1.4.0-SNAPSHOT.jar:?]
	at org.apache.hadoop.ozone.protocolPB.OzoneManagerRequestHandler.handleReadRequest(OzoneManagerRequestHandler.java:304) ~[ozone-manager-1.4.0-SNAPSHOT.jar:?]
	at org.apache.hadoop.ozone.protocolPB.OzoneManagerProtocolServerSideTranslatorPB.submitRequestDirectlyToOM(OzoneManagerProtocolServerSideTranslatorPB.java:274) ~[ozone-manager-1.4.0-SNAPSHOT.jar:?]
	at org.apache.hadoop.ozone.protocolPB.OzoneManagerProtocolServerSideTranslatorPB.processRequest(OzoneManagerProtocolServerSideTranslatorPB.java:175) ~[ozone-manager-1.4.0-SNAPSHOT.jar:?]
	at org.apache.hadoop.hdds.server.OzoneProtocolMessageDispatcher.processRequest(OzoneProtocolMessageDispatcher.java:87) [hdds-server-framework-1.4.0-SNAPSHOT.jar:?]
	at org.apache.hadoop.ozone.protocolPB.OzoneManagerProtocolServerSideTranslatorPB.submitRequest(OzoneManagerProtocolServerSideTranslatorPB.java:148) [ozone-manager-1.4.0-SNAPSHOT.jar:?]
	at org.apache.hadoop.ozone.protocol.proto.OzoneManagerProtocolProtos$OzoneManagerService$2.callBlockingMethod(OzoneManagerProtocolProtos.java) [ozone-interface-client-1.4.0-SNAPSHOT.jar:?]
	at org.apache.hadoop.ipc.ProtobufRpcEngine$Server.processCall(ProtobufRpcEngine.java:484) [hadoop-common-3.3.6.jar:?]
	at org.apache.hadoop.ipc.ProtobufRpcEngine2$Server$ProtoBufRpcInvoker.call(ProtobufRpcEngine2.java:595) [hadoop-common-3.3.6.jar:?]
	at org.apache.hadoop.ipc.ProtobufRpcEngine2$Server$ProtoBufRpcInvoker.call(ProtobufRpcEngine2.java:573) [hadoop-common-3.3.6.jar:?]
	at org.apache.hadoop.ipc.RPC$Server.call(RPC.java:1227) [hadoop-common-3.3.6.jar:?]
	at org.apache.hadoop.ipc.Server$RpcCall.run(Server.java:1094) [hadoop-common-3.3.6.jar:?]
	at org.apache.hadoop.ipc.Server$RpcCall.run(Server.java:1017) [hadoop-common-3.3.6.jar:?]
	at java.security.AccessController.doPrivileged(Native Method) ~[?:1.8.0_382]
	at javax.security.auth.Subject.doAs(Subject.java:422) [?:1.8.0_382]
	at org.apache.hadoop.security.UserGroupInformation.doAs(UserGroupInformation.java:1899) [hadoop-common-3.3.6.jar:?]
	at org.apache.hadoop.ipc.Server$Handler.run(Server.java:3048) [hadoop-common-3.3.6.jar:?]
]]></system-out>
  </testcase>
  <testcase name="testDeleteCreatesFakeParentDir" classname="TestOzoneFileSystem" time="0.026"/>
  <testcase name="testDeleteCreatesFakeParentDir" classname="TestOzoneFileSystem" time="0.021"/>
  <testcase name="testListStatusOnKeyNameContainDelimiter" classname="TestOzoneFileSystem" time="0.068"/>
  <testcase name="testListStatusOnKeyNameContainDelimiter" classname="TestOzoneFileSystem" time="0.023"/>
  <testcase name="testListStatusOnKeyNameContainDelimiter" classname="TestOzoneFileSystem" time="0.037"/>
  <testcase name="testListStatusOnKeyNameContainDelimiter" classname="TestOzoneFileSystem" time="0.019"/>
  <testcase name="testNonExplicitlyCreatedPathExistsAfterItsLeafsWereRemoved" classname="TestOzoneFileSystem" time="0.07">
    <system-out><![CDATA[20:27:43.704 [IPC Server handler 0 on default port 15004] ERROR OMAudit - user=runner | ip=127.0.0.1 | op=GET_FILE_STATUS {volume=volume63798, bucket=bucket90991, key=target/leaf, dataSize=0, replicationConfig=null} | ret=FAILURE
org.apache.hadoop.ozone.om.exceptions.OMException: Unable to get file status: volume: volume63798 bucket: bucket90991 key: target/leaf
	at org.apache.hadoop.ozone.om.KeyManagerImpl.getOzoneFileStatus(KeyManagerImpl.java:1195) ~[ozone-manager-1.4.0-SNAPSHOT.jar:?]
	at org.apache.hadoop.ozone.om.KeyManagerImpl.getFileStatus(KeyManagerImpl.java:1113) ~[ozone-manager-1.4.0-SNAPSHOT.jar:?]
	at org.apache.hadoop.ozone.om.OmMetadataReader.getFileStatus(OmMetadataReader.java:262) ~[ozone-manager-1.4.0-SNAPSHOT.jar:?]
	at org.apache.hadoop.ozone.om.OzoneManager.getFileStatus(OzoneManager.java:3530) ~[ozone-manager-1.4.0-SNAPSHOT.jar:?]
	at org.apache.hadoop.ozone.protocolPB.OzoneManagerRequestHandler.getOzoneFileStatus(OzoneManagerRequestHandler.java:971) ~[ozone-manager-1.4.0-SNAPSHOT.jar:?]
	at org.apache.hadoop.ozone.protocolPB.OzoneManagerRequestHandler.handleReadRequest(OzoneManagerRequestHandler.java:250) ~[ozone-manager-1.4.0-SNAPSHOT.jar:?]
	at org.apache.hadoop.ozone.protocolPB.OzoneManagerProtocolServerSideTranslatorPB.submitReadRequestToOM(OzoneManagerProtocolServerSideTranslatorPB.java:225) ~[ozone-manager-1.4.0-SNAPSHOT.jar:?]
	at org.apache.hadoop.ozone.protocolPB.OzoneManagerProtocolServerSideTranslatorPB.processRequest(OzoneManagerProtocolServerSideTranslatorPB.java:179) ~[ozone-manager-1.4.0-SNAPSHOT.jar:?]
	at org.apache.hadoop.hdds.server.OzoneProtocolMessageDispatcher.processRequest(OzoneProtocolMessageDispatcher.java:87) [hdds-server-framework-1.4.0-SNAPSHOT.jar:?]
	at org.apache.hadoop.ozone.protocolPB.OzoneManagerProtocolServerSideTranslatorPB.submitRequest(OzoneManagerProtocolServerSideTranslatorPB.java:148) [ozone-manager-1.4.0-SNAPSHOT.jar:?]
	at org.apache.hadoop.ozone.protocol.proto.OzoneManagerProtocolProtos$OzoneManagerService$2.callBlockingMethod(OzoneManagerProtocolProtos.java) [ozone-interface-client-1.4.0-SNAPSHOT.jar:?]
	at org.apache.hadoop.ipc.ProtobufRpcEngine$Server.processCall(ProtobufRpcEngine.java:484) [hadoop-common-3.3.6.jar:?]
	at org.apache.hadoop.ipc.ProtobufRpcEngine2$Server$ProtoBufRpcInvoker.call(ProtobufRpcEngine2.java:595) [hadoop-common-3.3.6.jar:?]
	at org.apache.hadoop.ipc.ProtobufRpcEngine2$Server$ProtoBufRpcInvoker.call(ProtobufRpcEngine2.java:573) [hadoop-common-3.3.6.jar:?]
	at org.apache.hadoop.ipc.RPC$Server.call(RPC.java:1227) [hadoop-common-3.3.6.jar:?]
	at org.apache.hadoop.ipc.Server$RpcCall.run(Server.java:1094) [hadoop-common-3.3.6.jar:?]
	at org.apache.hadoop.ipc.Server$RpcCall.run(Server.java:1017) [hadoop-common-3.3.6.jar:?]
	at java.security.AccessController.doPrivileged(Native Method) ~[?:1.8.0_382]
	at javax.security.auth.Subject.doAs(Subject.java:422) [?:1.8.0_382]
	at org.apache.hadoop.security.UserGroupInformation.doAs(UserGroupInformation.java:1899) [hadoop-common-3.3.6.jar:?]
	at org.apache.hadoop.ipc.Server$Handler.run(Server.java:3048) [hadoop-common-3.3.6.jar:?]
]]></system-out>
  </testcase>
  <testcase name="testNonExplicitlyCreatedPathExistsAfterItsLeafsWereRemoved" classname="TestOzoneFileSystem" time="0.04">
    <system-out><![CDATA[20:29:41.169 [IPC Server handler 9 on default port 15057] ERROR OMAudit - user=runner | ip=127.0.0.1 | op=GET_FILE_STATUS {volume=volume62736, bucket=bucket10134, key=target/leaf, dataSize=0, replicationConfig=null} | ret=FAILURE
org.apache.hadoop.ozone.om.exceptions.OMException: Unable to get file status: volume: volume62736 bucket: bucket10134 key: target/leaf
	at org.apache.hadoop.ozone.om.KeyManagerImpl.getOzoneFileStatus(KeyManagerImpl.java:1195) ~[ozone-manager-1.4.0-SNAPSHOT.jar:?]
	at org.apache.hadoop.ozone.om.KeyManagerImpl.getFileStatus(KeyManagerImpl.java:1113) ~[ozone-manager-1.4.0-SNAPSHOT.jar:?]
	at org.apache.hadoop.ozone.om.OmMetadataReader.getFileStatus(OmMetadataReader.java:262) ~[ozone-manager-1.4.0-SNAPSHOT.jar:?]
	at org.apache.hadoop.ozone.om.OzoneManager.getFileStatus(OzoneManager.java:3530) ~[ozone-manager-1.4.0-SNAPSHOT.jar:?]
	at org.apache.hadoop.ozone.protocolPB.OzoneManagerRequestHandler.getOzoneFileStatus(OzoneManagerRequestHandler.java:971) ~[ozone-manager-1.4.0-SNAPSHOT.jar:?]
	at org.apache.hadoop.ozone.protocolPB.OzoneManagerRequestHandler.handleReadRequest(OzoneManagerRequestHandler.java:250) ~[ozone-manager-1.4.0-SNAPSHOT.jar:?]
	at org.apache.hadoop.ozone.protocolPB.OzoneManagerProtocolServerSideTranslatorPB.submitRequestDirectlyToOM(OzoneManagerProtocolServerSideTranslatorPB.java:274) ~[ozone-manager-1.4.0-SNAPSHOT.jar:?]
	at org.apache.hadoop.ozone.protocolPB.OzoneManagerProtocolServerSideTranslatorPB.processRequest(OzoneManagerProtocolServerSideTranslatorPB.java:175) ~[ozone-manager-1.4.0-SNAPSHOT.jar:?]
	at org.apache.hadoop.hdds.server.OzoneProtocolMessageDispatcher.processRequest(OzoneProtocolMessageDispatcher.java:87) [hdds-server-framework-1.4.0-SNAPSHOT.jar:?]
	at org.apache.hadoop.ozone.protocolPB.OzoneManagerProtocolServerSideTranslatorPB.submitRequest(OzoneManagerProtocolServerSideTranslatorPB.java:148) [ozone-manager-1.4.0-SNAPSHOT.jar:?]
	at org.apache.hadoop.ozone.protocol.proto.OzoneManagerProtocolProtos$OzoneManagerService$2.callBlockingMethod(OzoneManagerProtocolProtos.java) [ozone-interface-client-1.4.0-SNAPSHOT.jar:?]
	at org.apache.hadoop.ipc.ProtobufRpcEngine$Server.processCall(ProtobufRpcEngine.java:484) [hadoop-common-3.3.6.jar:?]
	at org.apache.hadoop.ipc.ProtobufRpcEngine2$Server$ProtoBufRpcInvoker.call(ProtobufRpcEngine2.java:595) [hadoop-common-3.3.6.jar:?]
	at org.apache.hadoop.ipc.ProtobufRpcEngine2$Server$ProtoBufRpcInvoker.call(ProtobufRpcEngine2.java:573) [hadoop-common-3.3.6.jar:?]
	at org.apache.hadoop.ipc.RPC$Server.call(RPC.java:1227) [hadoop-common-3.3.6.jar:?]
	at org.apache.hadoop.ipc.Server$RpcCall.run(Server.java:1094) [hadoop-common-3.3.6.jar:?]
	at org.apache.hadoop.ipc.Server$RpcCall.run(Server.java:1017) [hadoop-common-3.3.6.jar:?]
	at java.security.AccessController.doPrivileged(Native Method) ~[?:1.8.0_382]
	at javax.security.auth.Subject.doAs(Subject.java:422) [?:1.8.0_382]
	at org.apache.hadoop.security.UserGroupInformation.doAs(UserGroupInformation.java:1899) [hadoop-common-3.3.6.jar:?]
	at org.apache.hadoop.ipc.Server$Handler.run(Server.java:3048) [hadoop-common-3.3.6.jar:?]
]]></system-out>
  </testcase>
  <testcase name="testNonExplicitlyCreatedPathExistsAfterItsLeafsWereRemoved" classname="TestOzoneFileSystem" time="0.039">
    <system-out><![CDATA[20:31:06.706 [IPC Server handler 14 on default port 15110] ERROR OMAudit - user=runner | ip=127.0.0.1 | op=GET_FILE_STATUS {volume=volume50105, bucket=bucket55116, key=target/leaf, dataSize=0, replicationConfig=null} | ret=FAILURE
org.apache.hadoop.ozone.om.exceptions.OMException: Unable to get file status: volume: volume50105 bucket: bucket55116 key: target/leaf
	at org.apache.hadoop.ozone.om.KeyManagerImpl.getOzoneFileStatus(KeyManagerImpl.java:1195) ~[ozone-manager-1.4.0-SNAPSHOT.jar:?]
	at org.apache.hadoop.ozone.om.KeyManagerImpl.getFileStatus(KeyManagerImpl.java:1113) ~[ozone-manager-1.4.0-SNAPSHOT.jar:?]
	at org.apache.hadoop.ozone.om.OmMetadataReader.getFileStatus(OmMetadataReader.java:262) ~[ozone-manager-1.4.0-SNAPSHOT.jar:?]
	at org.apache.hadoop.ozone.om.OzoneManager.getFileStatus(OzoneManager.java:3530) ~[ozone-manager-1.4.0-SNAPSHOT.jar:?]
	at org.apache.hadoop.ozone.protocolPB.OzoneManagerRequestHandler.getOzoneFileStatus(OzoneManagerRequestHandler.java:971) ~[ozone-manager-1.4.0-SNAPSHOT.jar:?]
	at org.apache.hadoop.ozone.protocolPB.OzoneManagerRequestHandler.handleReadRequest(OzoneManagerRequestHandler.java:250) ~[ozone-manager-1.4.0-SNAPSHOT.jar:?]
	at org.apache.hadoop.ozone.protocolPB.OzoneManagerProtocolServerSideTranslatorPB.submitReadRequestToOM(OzoneManagerProtocolServerSideTranslatorPB.java:225) ~[ozone-manager-1.4.0-SNAPSHOT.jar:?]
	at org.apache.hadoop.ozone.protocolPB.OzoneManagerProtocolServerSideTranslatorPB.processRequest(OzoneManagerProtocolServerSideTranslatorPB.java:179) ~[ozone-manager-1.4.0-SNAPSHOT.jar:?]
	at org.apache.hadoop.hdds.server.OzoneProtocolMessageDispatcher.processRequest(OzoneProtocolMessageDispatcher.java:87) [hdds-server-framework-1.4.0-SNAPSHOT.jar:?]
	at org.apache.hadoop.ozone.protocolPB.OzoneManagerProtocolServerSideTranslatorPB.submitRequest(OzoneManagerProtocolServerSideTranslatorPB.java:148) [ozone-manager-1.4.0-SNAPSHOT.jar:?]
	at org.apache.hadoop.ozone.protocol.proto.OzoneManagerProtocolProtos$OzoneManagerService$2.callBlockingMethod(OzoneManagerProtocolProtos.java) [ozone-interface-client-1.4.0-SNAPSHOT.jar:?]
	at org.apache.hadoop.ipc.ProtobufRpcEngine$Server.processCall(ProtobufRpcEngine.java:484) [hadoop-common-3.3.6.jar:?]
	at org.apache.hadoop.ipc.ProtobufRpcEngine2$Server$ProtoBufRpcInvoker.call(ProtobufRpcEngine2.java:595) [hadoop-common-3.3.6.jar:?]
	at org.apache.hadoop.ipc.ProtobufRpcEngine2$Server$ProtoBufRpcInvoker.call(ProtobufRpcEngine2.java:573) [hadoop-common-3.3.6.jar:?]
	at org.apache.hadoop.ipc.RPC$Server.call(RPC.java:1227) [hadoop-common-3.3.6.jar:?]
	at org.apache.hadoop.ipc.Server$RpcCall.run(Server.java:1094) [hadoop-common-3.3.6.jar:?]
	at org.apache.hadoop.ipc.Server$RpcCall.run(Server.java:1017) [hadoop-common-3.3.6.jar:?]
	at java.security.AccessController.doPrivileged(Native Method) ~[?:1.8.0_382]
	at javax.security.auth.Subject.doAs(Subject.java:422) [?:1.8.0_382]
	at org.apache.hadoop.security.UserGroupInformation.doAs(UserGroupInformation.java:1899) [hadoop-common-3.3.6.jar:?]
	at org.apache.hadoop.ipc.Server$Handler.run(Server.java:3048) [hadoop-common-3.3.6.jar:?]
]]></system-out>
  </testcase>
  <testcase name="testNonExplicitlyCreatedPathExistsAfterItsLeafsWereRemoved" classname="TestOzoneFileSystem" time="0.03">
    <system-out><![CDATA[20:32:44.061 [IPC Server handler 7 on default port 15163] ERROR OMAudit - user=runner | ip=127.0.0.1 | op=GET_FILE_STATUS {volume=volume10577, bucket=bucket68495, key=target/leaf, dataSize=0, replicationConfig=null} | ret=FAILURE
org.apache.hadoop.ozone.om.exceptions.OMException: Unable to get file status: volume: volume10577 bucket: bucket68495 key: target/leaf
	at org.apache.hadoop.ozone.om.KeyManagerImpl.getOzoneFileStatus(KeyManagerImpl.java:1195) ~[ozone-manager-1.4.0-SNAPSHOT.jar:?]
	at org.apache.hadoop.ozone.om.KeyManagerImpl.getFileStatus(KeyManagerImpl.java:1113) ~[ozone-manager-1.4.0-SNAPSHOT.jar:?]
	at org.apache.hadoop.ozone.om.OmMetadataReader.getFileStatus(OmMetadataReader.java:262) ~[ozone-manager-1.4.0-SNAPSHOT.jar:?]
	at org.apache.hadoop.ozone.om.OzoneManager.getFileStatus(OzoneManager.java:3530) ~[ozone-manager-1.4.0-SNAPSHOT.jar:?]
	at org.apache.hadoop.ozone.protocolPB.OzoneManagerRequestHandler.getOzoneFileStatus(OzoneManagerRequestHandler.java:971) ~[ozone-manager-1.4.0-SNAPSHOT.jar:?]
	at org.apache.hadoop.ozone.protocolPB.OzoneManagerRequestHandler.handleReadRequest(OzoneManagerRequestHandler.java:250) ~[ozone-manager-1.4.0-SNAPSHOT.jar:?]
	at org.apache.hadoop.ozone.protocolPB.OzoneManagerProtocolServerSideTranslatorPB.submitRequestDirectlyToOM(OzoneManagerProtocolServerSideTranslatorPB.java:274) ~[ozone-manager-1.4.0-SNAPSHOT.jar:?]
	at org.apache.hadoop.ozone.protocolPB.OzoneManagerProtocolServerSideTranslatorPB.processRequest(OzoneManagerProtocolServerSideTranslatorPB.java:175) ~[ozone-manager-1.4.0-SNAPSHOT.jar:?]
	at org.apache.hadoop.hdds.server.OzoneProtocolMessageDispatcher.processRequest(OzoneProtocolMessageDispatcher.java:87) [hdds-server-framework-1.4.0-SNAPSHOT.jar:?]
	at org.apache.hadoop.ozone.protocolPB.OzoneManagerProtocolServerSideTranslatorPB.submitRequest(OzoneManagerProtocolServerSideTranslatorPB.java:148) [ozone-manager-1.4.0-SNAPSHOT.jar:?]
	at org.apache.hadoop.ozone.protocol.proto.OzoneManagerProtocolProtos$OzoneManagerService$2.callBlockingMethod(OzoneManagerProtocolProtos.java) [ozone-interface-client-1.4.0-SNAPSHOT.jar:?]
	at org.apache.hadoop.ipc.ProtobufRpcEngine$Server.processCall(ProtobufRpcEngine.java:484) [hadoop-common-3.3.6.jar:?]
	at org.apache.hadoop.ipc.ProtobufRpcEngine2$Server$ProtoBufRpcInvoker.call(ProtobufRpcEngine2.java:595) [hadoop-common-3.3.6.jar:?]
	at org.apache.hadoop.ipc.ProtobufRpcEngine2$Server$ProtoBufRpcInvoker.call(ProtobufRpcEngine2.java:573) [hadoop-common-3.3.6.jar:?]
	at org.apache.hadoop.ipc.RPC$Server.call(RPC.java:1227) [hadoop-common-3.3.6.jar:?]
	at org.apache.hadoop.ipc.Server$RpcCall.run(Server.java:1094) [hadoop-common-3.3.6.jar:?]
	at org.apache.hadoop.ipc.Server$RpcCall.run(Server.java:1017) [hadoop-common-3.3.6.jar:?]
	at java.security.AccessController.doPrivileged(Native Method) ~[?:1.8.0_382]
	at javax.security.auth.Subject.doAs(Subject.java:422) [?:1.8.0_382]
	at org.apache.hadoop.security.UserGroupInformation.doAs(UserGroupInformation.java:1899) [hadoop-common-3.3.6.jar:?]
	at org.apache.hadoop.ipc.Server$Handler.run(Server.java:3048) [hadoop-common-3.3.6.jar:?]
]]></system-out>
  </testcase>
  <testcase name="testCreateFileShouldCheckExistenceOfDirWithSameName" classname="TestOzoneFileSystem" time="0.119">
    <system-out><![CDATA[20:27:43.797 [OM StateMachine ApplyTransaction Thread - 0] ERROR OMAudit - user=runner | ip=127.0.0.1 | op=CREATE_FILE {volume=volume63798, bucket=bucket90991, key=d1/d2/d3/d4/key2, dataSize=4194304, replicationType=RATIS, replicationFactor=THREE} | ret=FAILURE
org.apache.hadoop.ozone.om.exceptions.OMException: Can not write to directory: d1/d2/d3/d4/key2
	at org.apache.hadoop.ozone.om.request.file.OMFileCreateRequest.checkDirectoryResult(OMFileCreateRequest.java:363) ~[ozone-manager-1.4.0-SNAPSHOT.jar:?]
	at org.apache.hadoop.ozone.om.request.file.OMFileCreateRequest.validateAndUpdateCache(OMFileCreateRequest.java:237) ~[ozone-manager-1.4.0-SNAPSHOT.jar:?]
	at org.apache.hadoop.ozone.protocolPB.OzoneManagerRequestHandler.handleWriteRequest(OzoneManagerRequestHandler.java:373) ~[ozone-manager-1.4.0-SNAPSHOT.jar:?]
	at org.apache.hadoop.ozone.om.ratis.OzoneManagerStateMachine.runCommand(OzoneManagerStateMachine.java:568) ~[ozone-manager-1.4.0-SNAPSHOT.jar:?]
	at org.apache.hadoop.ozone.om.ratis.OzoneManagerStateMachine.lambda$1(OzoneManagerStateMachine.java:359) ~[ozone-manager-1.4.0-SNAPSHOT.jar:?]
	at java.util.concurrent.CompletableFuture$AsyncSupply.run(CompletableFuture.java:1604) [?:1.8.0_382]
	at java.util.concurrent.ThreadPoolExecutor.runWorker(ThreadPoolExecutor.java:1149) [?:1.8.0_382]
	at java.util.concurrent.ThreadPoolExecutor$Worker.run(ThreadPoolExecutor.java:624) [?:1.8.0_382]
	at java.lang.Thread.run(Thread.java:750) [?:1.8.0_382]
2023-09-07 20:27:43,798 [OM StateMachine ApplyTransaction Thread - 0] ERROR file.OMFileCreateRequest (OMFileCreateRequest.java:validateAndUpdateCache(336)) - File create failed. Volume:volume63798, Bucket:bucket90991, Keyd1/d2/d3/d4/key2.
NOT_A_FILE org.apache.hadoop.ozone.om.exceptions.OMException: Can not write to directory: d1/d2/d3/d4/key2
	at org.apache.hadoop.ozone.om.request.file.OMFileCreateRequest.checkDirectoryResult(OMFileCreateRequest.java:363)
	at org.apache.hadoop.ozone.om.request.file.OMFileCreateRequest.validateAndUpdateCache(OMFileCreateRequest.java:237)
	at org.apache.hadoop.ozone.protocolPB.OzoneManagerRequestHandler.handleWriteRequest(OzoneManagerRequestHandler.java:373)
	at org.apache.hadoop.ozone.om.ratis.OzoneManagerStateMachine.runCommand(OzoneManagerStateMachine.java:568)
	at org.apache.hadoop.ozone.om.ratis.OzoneManagerStateMachine.lambda$1(OzoneManagerStateMachine.java:359)
	at java.util.concurrent.CompletableFuture$AsyncSupply.run(CompletableFuture.java:1604)
	at java.util.concurrent.ThreadPoolExecutor.runWorker(ThreadPoolExecutor.java:1149)
	at java.util.concurrent.ThreadPoolExecutor$Worker.run(ThreadPoolExecutor.java:624)
	at java.lang.Thread.run(Thread.java:750)
20:27:43.826 [OM StateMachine ApplyTransaction Thread - 0] ERROR OMAudit - user=runner | ip=127.0.0.1 | op=CREATE_DIRECTORY {volume=volume63798, bucket=bucket90991, key=d1/d2/d3/d4/key3, dataSize=0, replicationType=NONE, replicationFactor=ZERO} | ret=FAILURE
org.apache.hadoop.ozone.om.exceptions.OMException: Unable to create directory: d1/d2/d3/d4/key3 in volume/bucket: volume63798/bucket90991
	at org.apache.hadoop.ozone.om.request.file.OMDirectoryCreateRequest.validateAndUpdateCache(OMDirectoryCreateRequest.java:194) ~[ozone-manager-1.4.0-SNAPSHOT.jar:?]
	at org.apache.hadoop.ozone.protocolPB.OzoneManagerRequestHandler.handleWriteRequest(OzoneManagerRequestHandler.java:373) ~[ozone-manager-1.4.0-SNAPSHOT.jar:?]
	at org.apache.hadoop.ozone.om.ratis.OzoneManagerStateMachine.runCommand(OzoneManagerStateMachine.java:568) ~[ozone-manager-1.4.0-SNAPSHOT.jar:?]
	at org.apache.hadoop.ozone.om.ratis.OzoneManagerStateMachine.lambda$1(OzoneManagerStateMachine.java:359) ~[ozone-manager-1.4.0-SNAPSHOT.jar:?]
	at java.util.concurrent.CompletableFuture$AsyncSupply.run(CompletableFuture.java:1604) [?:1.8.0_382]
	at java.util.concurrent.ThreadPoolExecutor.runWorker(ThreadPoolExecutor.java:1149) [?:1.8.0_382]
	at java.util.concurrent.ThreadPoolExecutor$Worker.run(ThreadPoolExecutor.java:624) [?:1.8.0_382]
	at java.lang.Thread.run(Thread.java:750) [?:1.8.0_382]
2023-09-07 20:27:43,827 [OM StateMachine ApplyTransaction Thread - 0] ERROR file.OMDirectoryCreateRequest (OMDirectoryCreateRequest.java:logResult(334)) - Directory creation failed. Volume:volume63798, Bucket:bucket90991, Keyd1/d2/d3/d4/key3. Exception:{}
FILE_ALREADY_EXISTS org.apache.hadoop.ozone.om.exceptions.OMException: Unable to create directory: d1/d2/d3/d4/key3 in volume/bucket: volume63798/bucket90991
	at org.apache.hadoop.ozone.om.request.file.OMDirectoryCreateRequest.validateAndUpdateCache(OMDirectoryCreateRequest.java:194)
	at org.apache.hadoop.ozone.protocolPB.OzoneManagerRequestHandler.handleWriteRequest(OzoneManagerRequestHandler.java:373)
	at org.apache.hadoop.ozone.om.ratis.OzoneManagerStateMachine.runCommand(OzoneManagerStateMachine.java:568)
	at org.apache.hadoop.ozone.om.ratis.OzoneManagerStateMachine.lambda$1(OzoneManagerStateMachine.java:359)
	at java.util.concurrent.CompletableFuture$AsyncSupply.run(CompletableFuture.java:1604)
	at java.util.concurrent.ThreadPoolExecutor.runWorker(ThreadPoolExecutor.java:1149)
	at java.util.concurrent.ThreadPoolExecutor$Worker.run(ThreadPoolExecutor.java:624)
	at java.lang.Thread.run(Thread.java:750)
20:27:43.834 [OM StateMachine ApplyTransaction Thread - 0] ERROR OMAudit - user=runner | ip=127.0.0.1 | op=CREATE_FILE {volume=volume63798, bucket=bucket90991, key=d1/d2/d3, dataSize=4194304, replicationType=RATIS, replicationFactor=THREE} | ret=FAILURE
org.apache.hadoop.ozone.om.exceptions.OMException: Can not write to directory: d1/d2/d3
	at org.apache.hadoop.ozone.om.request.file.OMFileCreateRequest.checkDirectoryResult(OMFileCreateRequest.java:363) ~[ozone-manager-1.4.0-SNAPSHOT.jar:?]
	at org.apache.hadoop.ozone.om.request.file.OMFileCreateRequest.validateAndUpdateCache(OMFileCreateRequest.java:237) ~[ozone-manager-1.4.0-SNAPSHOT.jar:?]
	at org.apache.hadoop.ozone.protocolPB.OzoneManagerRequestHandler.handleWriteRequest(OzoneManagerRequestHandler.java:373) ~[ozone-manager-1.4.0-SNAPSHOT.jar:?]
	at org.apache.hadoop.ozone.om.ratis.OzoneManagerStateMachine.runCommand(OzoneManagerStateMachine.java:568) ~[ozone-manager-1.4.0-SNAPSHOT.jar:?]
	at org.apache.hadoop.ozone.om.ratis.OzoneManagerStateMachine.lambda$1(OzoneManagerStateMachine.java:359) ~[ozone-manager-1.4.0-SNAPSHOT.jar:?]
	at java.util.concurrent.CompletableFuture$AsyncSupply.run(CompletableFuture.java:1604) [?:1.8.0_382]
	at java.util.concurrent.ThreadPoolExecutor.runWorker(ThreadPoolExecutor.java:1149) [?:1.8.0_382]
	at java.util.concurrent.ThreadPoolExecutor$Worker.run(ThreadPoolExecutor.java:624) [?:1.8.0_382]
	at java.lang.Thread.run(Thread.java:750) [?:1.8.0_382]
2023-09-07 20:27:43,835 [OM StateMachine ApplyTransaction Thread - 0] ERROR file.OMFileCreateRequest (OMFileCreateRequest.java:validateAndUpdateCache(336)) - File create failed. Volume:volume63798, Bucket:bucket90991, Keyd1/d2/d3.
NOT_A_FILE org.apache.hadoop.ozone.om.exceptions.OMException: Can not write to directory: d1/d2/d3
	at org.apache.hadoop.ozone.om.request.file.OMFileCreateRequest.checkDirectoryResult(OMFileCreateRequest.java:363)
	at org.apache.hadoop.ozone.om.request.file.OMFileCreateRequest.validateAndUpdateCache(OMFileCreateRequest.java:237)
	at org.apache.hadoop.ozone.protocolPB.OzoneManagerRequestHandler.handleWriteRequest(OzoneManagerRequestHandler.java:373)
	at org.apache.hadoop.ozone.om.ratis.OzoneManagerStateMachine.runCommand(OzoneManagerStateMachine.java:568)
	at org.apache.hadoop.ozone.om.ratis.OzoneManagerStateMachine.lambda$1(OzoneManagerStateMachine.java:359)
	at java.util.concurrent.CompletableFuture$AsyncSupply.run(CompletableFuture.java:1604)
	at java.util.concurrent.ThreadPoolExecutor.runWorker(ThreadPoolExecutor.java:1149)
	at java.util.concurrent.ThreadPoolExecutor$Worker.run(ThreadPoolExecutor.java:624)
	at java.lang.Thread.run(Thread.java:750)
20:27:43.839 [IPC Server handler 12 on default port 15004] ERROR OMAudit - user=runner | ip=127.0.0.1 | op=GET_FILE_STATUS {volume=volume63798, bucket=bucket90991, key=d1/d2/d3/d4/key3/invalid, dataSize=0, replicationConfig=null} | ret=FAILURE
org.apache.hadoop.ozone.om.exceptions.OMException: Unable to get file status: volume: volume63798 bucket: bucket90991 key: d1/d2/d3/d4/key3/invalid
	at org.apache.hadoop.ozone.om.KeyManagerImpl.getOzoneFileStatus(KeyManagerImpl.java:1195) ~[ozone-manager-1.4.0-SNAPSHOT.jar:?]
	at org.apache.hadoop.ozone.om.KeyManagerImpl.getFileStatus(KeyManagerImpl.java:1113) ~[ozone-manager-1.4.0-SNAPSHOT.jar:?]
	at org.apache.hadoop.ozone.om.OmMetadataReader.getFileStatus(OmMetadataReader.java:262) ~[ozone-manager-1.4.0-SNAPSHOT.jar:?]
	at org.apache.hadoop.ozone.om.OzoneManager.getFileStatus(OzoneManager.java:3530) ~[ozone-manager-1.4.0-SNAPSHOT.jar:?]
	at org.apache.hadoop.ozone.protocolPB.OzoneManagerRequestHandler.getOzoneFileStatus(OzoneManagerRequestHandler.java:971) ~[ozone-manager-1.4.0-SNAPSHOT.jar:?]
	at org.apache.hadoop.ozone.protocolPB.OzoneManagerRequestHandler.handleReadRequest(OzoneManagerRequestHandler.java:250) ~[ozone-manager-1.4.0-SNAPSHOT.jar:?]
	at org.apache.hadoop.ozone.protocolPB.OzoneManagerProtocolServerSideTranslatorPB.submitReadRequestToOM(OzoneManagerProtocolServerSideTranslatorPB.java:225) ~[ozone-manager-1.4.0-SNAPSHOT.jar:?]
	at org.apache.hadoop.ozone.protocolPB.OzoneManagerProtocolServerSideTranslatorPB.processRequest(OzoneManagerProtocolServerSideTranslatorPB.java:179) ~[ozone-manager-1.4.0-SNAPSHOT.jar:?]
	at org.apache.hadoop.hdds.server.OzoneProtocolMessageDispatcher.processRequest(OzoneProtocolMessageDispatcher.java:87) [hdds-server-framework-1.4.0-SNAPSHOT.jar:?]
	at org.apache.hadoop.ozone.protocolPB.OzoneManagerProtocolServerSideTranslatorPB.submitRequest(OzoneManagerProtocolServerSideTranslatorPB.java:148) [ozone-manager-1.4.0-SNAPSHOT.jar:?]
	at org.apache.hadoop.ozone.protocol.proto.OzoneManagerProtocolProtos$OzoneManagerService$2.callBlockingMethod(OzoneManagerProtocolProtos.java) [ozone-interface-client-1.4.0-SNAPSHOT.jar:?]
	at org.apache.hadoop.ipc.ProtobufRpcEngine$Server.processCall(ProtobufRpcEngine.java:484) [hadoop-common-3.3.6.jar:?]
	at org.apache.hadoop.ipc.ProtobufRpcEngine2$Server$ProtoBufRpcInvoker.call(ProtobufRpcEngine2.java:595) [hadoop-common-3.3.6.jar:?]
	at org.apache.hadoop.ipc.ProtobufRpcEngine2$Server$ProtoBufRpcInvoker.call(ProtobufRpcEngine2.java:573) [hadoop-common-3.3.6.jar:?]
	at org.apache.hadoop.ipc.RPC$Server.call(RPC.java:1227) [hadoop-common-3.3.6.jar:?]
	at org.apache.hadoop.ipc.Server$RpcCall.run(Server.java:1094) [hadoop-common-3.3.6.jar:?]
	at org.apache.hadoop.ipc.Server$RpcCall.run(Server.java:1017) [hadoop-common-3.3.6.jar:?]
	at java.security.AccessController.doPrivileged(Native Method) ~[?:1.8.0_382]
	at javax.security.auth.Subject.doAs(Subject.java:422) [?:1.8.0_382]
	at org.apache.hadoop.security.UserGroupInformation.doAs(UserGroupInformation.java:1899) [hadoop-common-3.3.6.jar:?]
	at org.apache.hadoop.ipc.Server$Handler.run(Server.java:3048) [hadoop-common-3.3.6.jar:?]
20:27:43.844 [IPC Server handler 11 on default port 15004] ERROR OMAudit - user=runner | ip=127.0.0.1 | op=GET_FILE_STATUS {volume=volume63798, bucket=bucket90991, key=d1/d2/d3/d4/invalidkey, dataSize=0, replicationConfig=null} | ret=FAILURE
org.apache.hadoop.ozone.om.exceptions.OMException: Unable to get file status: volume: volume63798 bucket: bucket90991 key: d1/d2/d3/d4/invalidkey
	at org.apache.hadoop.ozone.om.KeyManagerImpl.getOzoneFileStatus(KeyManagerImpl.java:1195) ~[ozone-manager-1.4.0-SNAPSHOT.jar:?]
	at org.apache.hadoop.ozone.om.KeyManagerImpl.getFileStatus(KeyManagerImpl.java:1113) ~[ozone-manager-1.4.0-SNAPSHOT.jar:?]
	at org.apache.hadoop.ozone.om.OmMetadataReader.getFileStatus(OmMetadataReader.java:262) ~[ozone-manager-1.4.0-SNAPSHOT.jar:?]
	at org.apache.hadoop.ozone.om.OzoneManager.getFileStatus(OzoneManager.java:3530) ~[ozone-manager-1.4.0-SNAPSHOT.jar:?]
	at org.apache.hadoop.ozone.protocolPB.OzoneManagerRequestHandler.getOzoneFileStatus(OzoneManagerRequestHandler.java:971) ~[ozone-manager-1.4.0-SNAPSHOT.jar:?]
	at org.apache.hadoop.ozone.protocolPB.OzoneManagerRequestHandler.handleReadRequest(OzoneManagerRequestHandler.java:250) ~[ozone-manager-1.4.0-SNAPSHOT.jar:?]
	at org.apache.hadoop.ozone.protocolPB.OzoneManagerProtocolServerSideTranslatorPB.submitReadRequestToOM(OzoneManagerProtocolServerSideTranslatorPB.java:225) ~[ozone-manager-1.4.0-SNAPSHOT.jar:?]
	at org.apache.hadoop.ozone.protocolPB.OzoneManagerProtocolServerSideTranslatorPB.processRequest(OzoneManagerProtocolServerSideTranslatorPB.java:179) ~[ozone-manager-1.4.0-SNAPSHOT.jar:?]
	at org.apache.hadoop.hdds.server.OzoneProtocolMessageDispatcher.processRequest(OzoneProtocolMessageDispatcher.java:87) [hdds-server-framework-1.4.0-SNAPSHOT.jar:?]
	at org.apache.hadoop.ozone.protocolPB.OzoneManagerProtocolServerSideTranslatorPB.submitRequest(OzoneManagerProtocolServerSideTranslatorPB.java:148) [ozone-manager-1.4.0-SNAPSHOT.jar:?]
	at org.apache.hadoop.ozone.protocol.proto.OzoneManagerProtocolProtos$OzoneManagerService$2.callBlockingMethod(OzoneManagerProtocolProtos.java) [ozone-interface-client-1.4.0-SNAPSHOT.jar:?]
	at org.apache.hadoop.ipc.ProtobufRpcEngine$Server.processCall(ProtobufRpcEngine.java:484) [hadoop-common-3.3.6.jar:?]
	at org.apache.hadoop.ipc.ProtobufRpcEngine2$Server$ProtoBufRpcInvoker.call(ProtobufRpcEngine2.java:595) [hadoop-common-3.3.6.jar:?]
	at org.apache.hadoop.ipc.ProtobufRpcEngine2$Server$ProtoBufRpcInvoker.call(ProtobufRpcEngine2.java:573) [hadoop-common-3.3.6.jar:?]
	at org.apache.hadoop.ipc.RPC$Server.call(RPC.java:1227) [hadoop-common-3.3.6.jar:?]
	at org.apache.hadoop.ipc.Server$RpcCall.run(Server.java:1094) [hadoop-common-3.3.6.jar:?]
	at org.apache.hadoop.ipc.Server$RpcCall.run(Server.java:1017) [hadoop-common-3.3.6.jar:?]
	at java.security.AccessController.doPrivileged(Native Method) ~[?:1.8.0_382]
	at javax.security.auth.Subject.doAs(Subject.java:422) [?:1.8.0_382]
	at org.apache.hadoop.security.UserGroupInformation.doAs(UserGroupInformation.java:1899) [hadoop-common-3.3.6.jar:?]
	at org.apache.hadoop.ipc.Server$Handler.run(Server.java:3048) [hadoop-common-3.3.6.jar:?]
]]></system-out>
  </testcase>
  <testcase name="testCreateFileShouldCheckExistenceOfDirWithSameName" classname="TestOzoneFileSystem" time="0.074">
    <system-out><![CDATA[20:29:41.237 [IPC Server handler 13 on default port 15057] ERROR OMAudit - user=runner | ip=127.0.0.1 | op=CREATE_FILE {volume=volume62736, bucket=bucket10134, key=d1/d2/d3/d4/key2, dataSize=4194304, replicationType=RATIS, replicationFactor=THREE} | ret=FAILURE
org.apache.hadoop.ozone.om.exceptions.OMException: Can not write to directory: d1/d2/d3/d4/key2
	at org.apache.hadoop.ozone.om.request.file.OMFileCreateRequest.checkDirectoryResult(OMFileCreateRequest.java:363) ~[ozone-manager-1.4.0-SNAPSHOT.jar:?]
	at org.apache.hadoop.ozone.om.request.file.OMFileCreateRequest.validateAndUpdateCache(OMFileCreateRequest.java:237) ~[ozone-manager-1.4.0-SNAPSHOT.jar:?]
	at org.apache.hadoop.ozone.protocolPB.OzoneManagerRequestHandler.handleWriteRequest(OzoneManagerRequestHandler.java:373) ~[ozone-manager-1.4.0-SNAPSHOT.jar:?]
	at org.apache.hadoop.ozone.protocolPB.OzoneManagerProtocolServerSideTranslatorPB.submitRequestDirectlyToOM(OzoneManagerProtocolServerSideTranslatorPB.java:280) ~[ozone-manager-1.4.0-SNAPSHOT.jar:?]
	at org.apache.hadoop.ozone.protocolPB.OzoneManagerProtocolServerSideTranslatorPB.processRequest(OzoneManagerProtocolServerSideTranslatorPB.java:175) ~[ozone-manager-1.4.0-SNAPSHOT.jar:?]
	at org.apache.hadoop.hdds.server.OzoneProtocolMessageDispatcher.processRequest(OzoneProtocolMessageDispatcher.java:87) [hdds-server-framework-1.4.0-SNAPSHOT.jar:?]
	at org.apache.hadoop.ozone.protocolPB.OzoneManagerProtocolServerSideTranslatorPB.submitRequest(OzoneManagerProtocolServerSideTranslatorPB.java:148) [ozone-manager-1.4.0-SNAPSHOT.jar:?]
	at org.apache.hadoop.ozone.protocol.proto.OzoneManagerProtocolProtos$OzoneManagerService$2.callBlockingMethod(OzoneManagerProtocolProtos.java) [ozone-interface-client-1.4.0-SNAPSHOT.jar:?]
	at org.apache.hadoop.ipc.ProtobufRpcEngine$Server.processCall(ProtobufRpcEngine.java:484) [hadoop-common-3.3.6.jar:?]
	at org.apache.hadoop.ipc.ProtobufRpcEngine2$Server$ProtoBufRpcInvoker.call(ProtobufRpcEngine2.java:595) [hadoop-common-3.3.6.jar:?]
	at org.apache.hadoop.ipc.ProtobufRpcEngine2$Server$ProtoBufRpcInvoker.call(ProtobufRpcEngine2.java:573) [hadoop-common-3.3.6.jar:?]
	at org.apache.hadoop.ipc.RPC$Server.call(RPC.java:1227) [hadoop-common-3.3.6.jar:?]
	at org.apache.hadoop.ipc.Server$RpcCall.run(Server.java:1094) [hadoop-common-3.3.6.jar:?]
	at org.apache.hadoop.ipc.Server$RpcCall.run(Server.java:1017) [hadoop-common-3.3.6.jar:?]
	at java.security.AccessController.doPrivileged(Native Method) ~[?:1.8.0_382]
	at javax.security.auth.Subject.doAs(Subject.java:422) [?:1.8.0_382]
	at org.apache.hadoop.security.UserGroupInformation.doAs(UserGroupInformation.java:1899) [hadoop-common-3.3.6.jar:?]
	at org.apache.hadoop.ipc.Server$Handler.run(Server.java:3048) [hadoop-common-3.3.6.jar:?]
2023-09-07 20:29:41,237 [IPC Server handler 13 on default port 15057] ERROR file.OMFileCreateRequest (OMFileCreateRequest.java:validateAndUpdateCache(336)) - File create failed. Volume:volume62736, Bucket:bucket10134, Keyd1/d2/d3/d4/key2.
NOT_A_FILE org.apache.hadoop.ozone.om.exceptions.OMException: Can not write to directory: d1/d2/d3/d4/key2
	at org.apache.hadoop.ozone.om.request.file.OMFileCreateRequest.checkDirectoryResult(OMFileCreateRequest.java:363)
	at org.apache.hadoop.ozone.om.request.file.OMFileCreateRequest.validateAndUpdateCache(OMFileCreateRequest.java:237)
	at org.apache.hadoop.ozone.protocolPB.OzoneManagerRequestHandler.handleWriteRequest(OzoneManagerRequestHandler.java:373)
	at org.apache.hadoop.ozone.protocolPB.OzoneManagerProtocolServerSideTranslatorPB.submitRequestDirectlyToOM(OzoneManagerProtocolServerSideTranslatorPB.java:280)
	at org.apache.hadoop.ozone.protocolPB.OzoneManagerProtocolServerSideTranslatorPB.processRequest(OzoneManagerProtocolServerSideTranslatorPB.java:175)
	at org.apache.hadoop.hdds.server.OzoneProtocolMessageDispatcher.processRequest(OzoneProtocolMessageDispatcher.java:87)
	at org.apache.hadoop.ozone.protocolPB.OzoneManagerProtocolServerSideTranslatorPB.submitRequest(OzoneManagerProtocolServerSideTranslatorPB.java:148)
	at org.apache.hadoop.ozone.protocol.proto.OzoneManagerProtocolProtos$OzoneManagerService$2.callBlockingMethod(OzoneManagerProtocolProtos.java)
	at org.apache.hadoop.ipc.ProtobufRpcEngine$Server.processCall(ProtobufRpcEngine.java:484)
	at org.apache.hadoop.ipc.ProtobufRpcEngine2$Server$ProtoBufRpcInvoker.call(ProtobufRpcEngine2.java:595)
	at org.apache.hadoop.ipc.ProtobufRpcEngine2$Server$ProtoBufRpcInvoker.call(ProtobufRpcEngine2.java:573)
	at org.apache.hadoop.ipc.RPC$Server.call(RPC.java:1227)
	at org.apache.hadoop.ipc.Server$RpcCall.run(Server.java:1094)
	at org.apache.hadoop.ipc.Server$RpcCall.run(Server.java:1017)
	at java.security.AccessController.doPrivileged(Native Method)
	at javax.security.auth.Subject.doAs(Subject.java:422)
	at org.apache.hadoop.security.UserGroupInformation.doAs(UserGroupInformation.java:1899)
	at org.apache.hadoop.ipc.Server$Handler.run(Server.java:3048)
20:29:41.245 [IPC Server handler 10 on default port 15057] ERROR OMAudit - user=runner | ip=127.0.0.1 | op=CREATE_DIRECTORY {volume=volume62736, bucket=bucket10134, key=d1/d2/d3/d4/key3, dataSize=0, replicationType=NONE, replicationFactor=ZERO} | ret=FAILURE
org.apache.hadoop.ozone.om.exceptions.OMException: Unable to create directory: d1/d2/d3/d4/key3 in volume/bucket: volume62736/bucket10134
	at org.apache.hadoop.ozone.om.request.file.OMDirectoryCreateRequest.validateAndUpdateCache(OMDirectoryCreateRequest.java:194) ~[ozone-manager-1.4.0-SNAPSHOT.jar:?]
	at org.apache.hadoop.ozone.protocolPB.OzoneManagerRequestHandler.handleWriteRequest(OzoneManagerRequestHandler.java:373) ~[ozone-manager-1.4.0-SNAPSHOT.jar:?]
	at org.apache.hadoop.ozone.protocolPB.OzoneManagerProtocolServerSideTranslatorPB.submitRequestDirectlyToOM(OzoneManagerProtocolServerSideTranslatorPB.java:280) ~[ozone-manager-1.4.0-SNAPSHOT.jar:?]
	at org.apache.hadoop.ozone.protocolPB.OzoneManagerProtocolServerSideTranslatorPB.processRequest(OzoneManagerProtocolServerSideTranslatorPB.java:175) ~[ozone-manager-1.4.0-SNAPSHOT.jar:?]
	at org.apache.hadoop.hdds.server.OzoneProtocolMessageDispatcher.processRequest(OzoneProtocolMessageDispatcher.java:87) [hdds-server-framework-1.4.0-SNAPSHOT.jar:?]
	at org.apache.hadoop.ozone.protocolPB.OzoneManagerProtocolServerSideTranslatorPB.submitRequest(OzoneManagerProtocolServerSideTranslatorPB.java:148) [ozone-manager-1.4.0-SNAPSHOT.jar:?]
	at org.apache.hadoop.ozone.protocol.proto.OzoneManagerProtocolProtos$OzoneManagerService$2.callBlockingMethod(OzoneManagerProtocolProtos.java) [ozone-interface-client-1.4.0-SNAPSHOT.jar:?]
	at org.apache.hadoop.ipc.ProtobufRpcEngine$Server.processCall(ProtobufRpcEngine.java:484) [hadoop-common-3.3.6.jar:?]
	at org.apache.hadoop.ipc.ProtobufRpcEngine2$Server$ProtoBufRpcInvoker.call(ProtobufRpcEngine2.java:595) [hadoop-common-3.3.6.jar:?]
	at org.apache.hadoop.ipc.ProtobufRpcEngine2$Server$ProtoBufRpcInvoker.call(ProtobufRpcEngine2.java:573) [hadoop-common-3.3.6.jar:?]
	at org.apache.hadoop.ipc.RPC$Server.call(RPC.java:1227) [hadoop-common-3.3.6.jar:?]
	at org.apache.hadoop.ipc.Server$RpcCall.run(Server.java:1094) [hadoop-common-3.3.6.jar:?]
	at org.apache.hadoop.ipc.Server$RpcCall.run(Server.java:1017) [hadoop-common-3.3.6.jar:?]
	at java.security.AccessController.doPrivileged(Native Method) ~[?:1.8.0_382]
	at javax.security.auth.Subject.doAs(Subject.java:422) [?:1.8.0_382]
	at org.apache.hadoop.security.UserGroupInformation.doAs(UserGroupInformation.java:1899) [hadoop-common-3.3.6.jar:?]
	at org.apache.hadoop.ipc.Server$Handler.run(Server.java:3048) [hadoop-common-3.3.6.jar:?]
2023-09-07 20:29:41,245 [IPC Server handler 10 on default port 15057] ERROR file.OMDirectoryCreateRequest (OMDirectoryCreateRequest.java:logResult(334)) - Directory creation failed. Volume:volume62736, Bucket:bucket10134, Keyd1/d2/d3/d4/key3. Exception:{}
FILE_ALREADY_EXISTS org.apache.hadoop.ozone.om.exceptions.OMException: Unable to create directory: d1/d2/d3/d4/key3 in volume/bucket: volume62736/bucket10134
	at org.apache.hadoop.ozone.om.request.file.OMDirectoryCreateRequest.validateAndUpdateCache(OMDirectoryCreateRequest.java:194)
	at org.apache.hadoop.ozone.protocolPB.OzoneManagerRequestHandler.handleWriteRequest(OzoneManagerRequestHandler.java:373)
	at org.apache.hadoop.ozone.protocolPB.OzoneManagerProtocolServerSideTranslatorPB.submitRequestDirectlyToOM(OzoneManagerProtocolServerSideTranslatorPB.java:280)
	at org.apache.hadoop.ozone.protocolPB.OzoneManagerProtocolServerSideTranslatorPB.processRequest(OzoneManagerProtocolServerSideTranslatorPB.java:175)
	at org.apache.hadoop.hdds.server.OzoneProtocolMessageDispatcher.processRequest(OzoneProtocolMessageDispatcher.java:87)
	at org.apache.hadoop.ozone.protocolPB.OzoneManagerProtocolServerSideTranslatorPB.submitRequest(OzoneManagerProtocolServerSideTranslatorPB.java:148)
	at org.apache.hadoop.ozone.protocol.proto.OzoneManagerProtocolProtos$OzoneManagerService$2.callBlockingMethod(OzoneManagerProtocolProtos.java)
	at org.apache.hadoop.ipc.ProtobufRpcEngine$Server.processCall(ProtobufRpcEngine.java:484)
	at org.apache.hadoop.ipc.ProtobufRpcEngine2$Server$ProtoBufRpcInvoker.call(ProtobufRpcEngine2.java:595)
	at org.apache.hadoop.ipc.ProtobufRpcEngine2$Server$ProtoBufRpcInvoker.call(ProtobufRpcEngine2.java:573)
	at org.apache.hadoop.ipc.RPC$Server.call(RPC.java:1227)
	at org.apache.hadoop.ipc.Server$RpcCall.run(Server.java:1094)
	at org.apache.hadoop.ipc.Server$RpcCall.run(Server.java:1017)
	at java.security.AccessController.doPrivileged(Native Method)
	at javax.security.auth.Subject.doAs(Subject.java:422)
	at org.apache.hadoop.security.UserGroupInformation.doAs(UserGroupInformation.java:1899)
	at org.apache.hadoop.ipc.Server$Handler.run(Server.java:3048)
20:29:41.251 [IPC Server handler 6 on default port 15057] ERROR OMAudit - user=runner | ip=127.0.0.1 | op=CREATE_FILE {volume=volume62736, bucket=bucket10134, key=d1/d2/d3, dataSize=4194304, replicationType=RATIS, replicationFactor=THREE} | ret=FAILURE
org.apache.hadoop.ozone.om.exceptions.OMException: Can not write to directory: d1/d2/d3
	at org.apache.hadoop.ozone.om.request.file.OMFileCreateRequest.checkDirectoryResult(OMFileCreateRequest.java:363) ~[ozone-manager-1.4.0-SNAPSHOT.jar:?]
	at org.apache.hadoop.ozone.om.request.file.OMFileCreateRequest.validateAndUpdateCache(OMFileCreateRequest.java:237) ~[ozone-manager-1.4.0-SNAPSHOT.jar:?]
	at org.apache.hadoop.ozone.protocolPB.OzoneManagerRequestHandler.handleWriteRequest(OzoneManagerRequestHandler.java:373) ~[ozone-manager-1.4.0-SNAPSHOT.jar:?]
	at org.apache.hadoop.ozone.protocolPB.OzoneManagerProtocolServerSideTranslatorPB.submitRequestDirectlyToOM(OzoneManagerProtocolServerSideTranslatorPB.java:280) ~[ozone-manager-1.4.0-SNAPSHOT.jar:?]
	at org.apache.hadoop.ozone.protocolPB.OzoneManagerProtocolServerSideTranslatorPB.processRequest(OzoneManagerProtocolServerSideTranslatorPB.java:175) ~[ozone-manager-1.4.0-SNAPSHOT.jar:?]
	at org.apache.hadoop.hdds.server.OzoneProtocolMessageDispatcher.processRequest(OzoneProtocolMessageDispatcher.java:87) [hdds-server-framework-1.4.0-SNAPSHOT.jar:?]
	at org.apache.hadoop.ozone.protocolPB.OzoneManagerProtocolServerSideTranslatorPB.submitRequest(OzoneManagerProtocolServerSideTranslatorPB.java:148) [ozone-manager-1.4.0-SNAPSHOT.jar:?]
	at org.apache.hadoop.ozone.protocol.proto.OzoneManagerProtocolProtos$OzoneManagerService$2.callBlockingMethod(OzoneManagerProtocolProtos.java) [ozone-interface-client-1.4.0-SNAPSHOT.jar:?]
	at org.apache.hadoop.ipc.ProtobufRpcEngine$Server.processCall(ProtobufRpcEngine.java:484) [hadoop-common-3.3.6.jar:?]
	at org.apache.hadoop.ipc.ProtobufRpcEngine2$Server$ProtoBufRpcInvoker.call(ProtobufRpcEngine2.java:595) [hadoop-common-3.3.6.jar:?]
	at org.apache.hadoop.ipc.ProtobufRpcEngine2$Server$ProtoBufRpcInvoker.call(ProtobufRpcEngine2.java:573) [hadoop-common-3.3.6.jar:?]
	at org.apache.hadoop.ipc.RPC$Server.call(RPC.java:1227) [hadoop-common-3.3.6.jar:?]
	at org.apache.hadoop.ipc.Server$RpcCall.run(Server.java:1094) [hadoop-common-3.3.6.jar:?]
	at org.apache.hadoop.ipc.Server$RpcCall.run(Server.java:1017) [hadoop-common-3.3.6.jar:?]
	at java.security.AccessController.doPrivileged(Native Method) ~[?:1.8.0_382]
	at javax.security.auth.Subject.doAs(Subject.java:422) [?:1.8.0_382]
	at org.apache.hadoop.security.UserGroupInformation.doAs(UserGroupInformation.java:1899) [hadoop-common-3.3.6.jar:?]
	at org.apache.hadoop.ipc.Server$Handler.run(Server.java:3048) [hadoop-common-3.3.6.jar:?]
2023-09-07 20:29:41,251 [IPC Server handler 6 on default port 15057] ERROR file.OMFileCreateRequest (OMFileCreateRequest.java:validateAndUpdateCache(336)) - File create failed. Volume:volume62736, Bucket:bucket10134, Keyd1/d2/d3.
NOT_A_FILE org.apache.hadoop.ozone.om.exceptions.OMException: Can not write to directory: d1/d2/d3
	at org.apache.hadoop.ozone.om.request.file.OMFileCreateRequest.checkDirectoryResult(OMFileCreateRequest.java:363)
	at org.apache.hadoop.ozone.om.request.file.OMFileCreateRequest.validateAndUpdateCache(OMFileCreateRequest.java:237)
	at org.apache.hadoop.ozone.protocolPB.OzoneManagerRequestHandler.handleWriteRequest(OzoneManagerRequestHandler.java:373)
	at org.apache.hadoop.ozone.protocolPB.OzoneManagerProtocolServerSideTranslatorPB.submitRequestDirectlyToOM(OzoneManagerProtocolServerSideTranslatorPB.java:280)
	at org.apache.hadoop.ozone.protocolPB.OzoneManagerProtocolServerSideTranslatorPB.processRequest(OzoneManagerProtocolServerSideTranslatorPB.java:175)
	at org.apache.hadoop.hdds.server.OzoneProtocolMessageDispatcher.processRequest(OzoneProtocolMessageDispatcher.java:87)
	at org.apache.hadoop.ozone.protocolPB.OzoneManagerProtocolServerSideTranslatorPB.submitRequest(OzoneManagerProtocolServerSideTranslatorPB.java:148)
	at org.apache.hadoop.ozone.protocol.proto.OzoneManagerProtocolProtos$OzoneManagerService$2.callBlockingMethod(OzoneManagerProtocolProtos.java)
	at org.apache.hadoop.ipc.ProtobufRpcEngine$Server.processCall(ProtobufRpcEngine.java:484)
	at org.apache.hadoop.ipc.ProtobufRpcEngine2$Server$ProtoBufRpcInvoker.call(ProtobufRpcEngine2.java:595)
	at org.apache.hadoop.ipc.ProtobufRpcEngine2$Server$ProtoBufRpcInvoker.call(ProtobufRpcEngine2.java:573)
	at org.apache.hadoop.ipc.RPC$Server.call(RPC.java:1227)
	at org.apache.hadoop.ipc.Server$RpcCall.run(Server.java:1094)
	at org.apache.hadoop.ipc.Server$RpcCall.run(Server.java:1017)
	at java.security.AccessController.doPrivileged(Native Method)
	at javax.security.auth.Subject.doAs(Subject.java:422)
	at org.apache.hadoop.security.UserGroupInformation.doAs(UserGroupInformation.java:1899)
	at org.apache.hadoop.ipc.Server$Handler.run(Server.java:3048)
20:29:41.257 [IPC Server handler 14 on default port 15057] ERROR OMAudit - user=runner | ip=127.0.0.1 | op=GET_FILE_STATUS {volume=volume62736, bucket=bucket10134, key=d1/d2/d3/d4/key3/invalid, dataSize=0, replicationConfig=null} | ret=FAILURE
org.apache.hadoop.ozone.om.exceptions.OMException: Unable to get file status: volume: volume62736 bucket: bucket10134 key: d1/d2/d3/d4/key3/invalid
	at org.apache.hadoop.ozone.om.KeyManagerImpl.getOzoneFileStatus(KeyManagerImpl.java:1195) ~[ozone-manager-1.4.0-SNAPSHOT.jar:?]
	at org.apache.hadoop.ozone.om.KeyManagerImpl.getFileStatus(KeyManagerImpl.java:1113) ~[ozone-manager-1.4.0-SNAPSHOT.jar:?]
	at org.apache.hadoop.ozone.om.OmMetadataReader.getFileStatus(OmMetadataReader.java:262) ~[ozone-manager-1.4.0-SNAPSHOT.jar:?]
	at org.apache.hadoop.ozone.om.OzoneManager.getFileStatus(OzoneManager.java:3530) ~[ozone-manager-1.4.0-SNAPSHOT.jar:?]
	at org.apache.hadoop.ozone.protocolPB.OzoneManagerRequestHandler.getOzoneFileStatus(OzoneManagerRequestHandler.java:971) ~[ozone-manager-1.4.0-SNAPSHOT.jar:?]
	at org.apache.hadoop.ozone.protocolPB.OzoneManagerRequestHandler.handleReadRequest(OzoneManagerRequestHandler.java:250) ~[ozone-manager-1.4.0-SNAPSHOT.jar:?]
	at org.apache.hadoop.ozone.protocolPB.OzoneManagerProtocolServerSideTranslatorPB.submitRequestDirectlyToOM(OzoneManagerProtocolServerSideTranslatorPB.java:274) ~[ozone-manager-1.4.0-SNAPSHOT.jar:?]
	at org.apache.hadoop.ozone.protocolPB.OzoneManagerProtocolServerSideTranslatorPB.processRequest(OzoneManagerProtocolServerSideTranslatorPB.java:175) ~[ozone-manager-1.4.0-SNAPSHOT.jar:?]
	at org.apache.hadoop.hdds.server.OzoneProtocolMessageDispatcher.processRequest(OzoneProtocolMessageDispatcher.java:87) [hdds-server-framework-1.4.0-SNAPSHOT.jar:?]
	at org.apache.hadoop.ozone.protocolPB.OzoneManagerProtocolServerSideTranslatorPB.submitRequest(OzoneManagerProtocolServerSideTranslatorPB.java:148) [ozone-manager-1.4.0-SNAPSHOT.jar:?]
	at org.apache.hadoop.ozone.protocol.proto.OzoneManagerProtocolProtos$OzoneManagerService$2.callBlockingMethod(OzoneManagerProtocolProtos.java) [ozone-interface-client-1.4.0-SNAPSHOT.jar:?]
	at org.apache.hadoop.ipc.ProtobufRpcEngine$Server.processCall(ProtobufRpcEngine.java:484) [hadoop-common-3.3.6.jar:?]
	at org.apache.hadoop.ipc.ProtobufRpcEngine2$Server$ProtoBufRpcInvoker.call(ProtobufRpcEngine2.java:595) [hadoop-common-3.3.6.jar:?]
	at org.apache.hadoop.ipc.ProtobufRpcEngine2$Server$ProtoBufRpcInvoker.call(ProtobufRpcEngine2.java:573) [hadoop-common-3.3.6.jar:?]
	at org.apache.hadoop.ipc.RPC$Server.call(RPC.java:1227) [hadoop-common-3.3.6.jar:?]
	at org.apache.hadoop.ipc.Server$RpcCall.run(Server.java:1094) [hadoop-common-3.3.6.jar:?]
	at org.apache.hadoop.ipc.Server$RpcCall.run(Server.java:1017) [hadoop-common-3.3.6.jar:?]
	at java.security.AccessController.doPrivileged(Native Method) ~[?:1.8.0_382]
	at javax.security.auth.Subject.doAs(Subject.java:422) [?:1.8.0_382]
	at org.apache.hadoop.security.UserGroupInformation.doAs(UserGroupInformation.java:1899) [hadoop-common-3.3.6.jar:?]
	at org.apache.hadoop.ipc.Server$Handler.run(Server.java:3048) [hadoop-common-3.3.6.jar:?]
20:29:41.259 [IPC Server handler 1 on default port 15057] ERROR OMAudit - user=runner | ip=127.0.0.1 | op=GET_FILE_STATUS {volume=volume62736, bucket=bucket10134, key=d1/d2/d3/d4/invalidkey, dataSize=0, replicationConfig=null} | ret=FAILURE
org.apache.hadoop.ozone.om.exceptions.OMException: Unable to get file status: volume: volume62736 bucket: bucket10134 key: d1/d2/d3/d4/invalidkey
	at org.apache.hadoop.ozone.om.KeyManagerImpl.getOzoneFileStatus(KeyManagerImpl.java:1195) ~[ozone-manager-1.4.0-SNAPSHOT.jar:?]
	at org.apache.hadoop.ozone.om.KeyManagerImpl.getFileStatus(KeyManagerImpl.java:1113) ~[ozone-manager-1.4.0-SNAPSHOT.jar:?]
	at org.apache.hadoop.ozone.om.OmMetadataReader.getFileStatus(OmMetadataReader.java:262) ~[ozone-manager-1.4.0-SNAPSHOT.jar:?]
	at org.apache.hadoop.ozone.om.OzoneManager.getFileStatus(OzoneManager.java:3530) ~[ozone-manager-1.4.0-SNAPSHOT.jar:?]
	at org.apache.hadoop.ozone.protocolPB.OzoneManagerRequestHandler.getOzoneFileStatus(OzoneManagerRequestHandler.java:971) ~[ozone-manager-1.4.0-SNAPSHOT.jar:?]
	at org.apache.hadoop.ozone.protocolPB.OzoneManagerRequestHandler.handleReadRequest(OzoneManagerRequestHandler.java:250) ~[ozone-manager-1.4.0-SNAPSHOT.jar:?]
	at org.apache.hadoop.ozone.protocolPB.OzoneManagerProtocolServerSideTranslatorPB.submitRequestDirectlyToOM(OzoneManagerProtocolServerSideTranslatorPB.java:274) ~[ozone-manager-1.4.0-SNAPSHOT.jar:?]
	at org.apache.hadoop.ozone.protocolPB.OzoneManagerProtocolServerSideTranslatorPB.processRequest(OzoneManagerProtocolServerSideTranslatorPB.java:175) ~[ozone-manager-1.4.0-SNAPSHOT.jar:?]
	at org.apache.hadoop.hdds.server.OzoneProtocolMessageDispatcher.processRequest(OzoneProtocolMessageDispatcher.java:87) [hdds-server-framework-1.4.0-SNAPSHOT.jar:?]
	at org.apache.hadoop.ozone.protocolPB.OzoneManagerProtocolServerSideTranslatorPB.submitRequest(OzoneManagerProtocolServerSideTranslatorPB.java:148) [ozone-manager-1.4.0-SNAPSHOT.jar:?]
	at org.apache.hadoop.ozone.protocol.proto.OzoneManagerProtocolProtos$OzoneManagerService$2.callBlockingMethod(OzoneManagerProtocolProtos.java) [ozone-interface-client-1.4.0-SNAPSHOT.jar:?]
	at org.apache.hadoop.ipc.ProtobufRpcEngine$Server.processCall(ProtobufRpcEngine.java:484) [hadoop-common-3.3.6.jar:?]
	at org.apache.hadoop.ipc.ProtobufRpcEngine2$Server$ProtoBufRpcInvoker.call(ProtobufRpcEngine2.java:595) [hadoop-common-3.3.6.jar:?]
	at org.apache.hadoop.ipc.ProtobufRpcEngine2$Server$ProtoBufRpcInvoker.call(ProtobufRpcEngine2.java:573) [hadoop-common-3.3.6.jar:?]
	at org.apache.hadoop.ipc.RPC$Server.call(RPC.java:1227) [hadoop-common-3.3.6.jar:?]
	at org.apache.hadoop.ipc.Server$RpcCall.run(Server.java:1094) [hadoop-common-3.3.6.jar:?]
	at org.apache.hadoop.ipc.Server$RpcCall.run(Server.java:1017) [hadoop-common-3.3.6.jar:?]
	at java.security.AccessController.doPrivileged(Native Method) ~[?:1.8.0_382]
	at javax.security.auth.Subject.doAs(Subject.java:422) [?:1.8.0_382]
	at org.apache.hadoop.security.UserGroupInformation.doAs(UserGroupInformation.java:1899) [hadoop-common-3.3.6.jar:?]
	at org.apache.hadoop.ipc.Server$Handler.run(Server.java:3048) [hadoop-common-3.3.6.jar:?]
]]></system-out>
  </testcase>
  <testcase name="testCreateFileShouldCheckExistenceOfDirWithSameName" classname="TestOzoneFileSystem" time="0.059">
    <system-out><![CDATA[20:31:06.755 [OM StateMachine ApplyTransaction Thread - 0] ERROR OMAudit - user=runner | ip=127.0.0.1 | op=CREATE_FILE {volume=volume50105, bucket=bucket55116, key=d1/d2/d3/d4/key2, dataSize=4194304, replicationType=RATIS, replicationFactor=THREE} | ret=FAILURE
org.apache.hadoop.ozone.om.exceptions.OMException: Can not write to directory: d1/d2/d3/d4/key2
	at org.apache.hadoop.ozone.om.request.file.OMFileCreateRequest.checkDirectoryResult(OMFileCreateRequest.java:363) ~[ozone-manager-1.4.0-SNAPSHOT.jar:?]
	at org.apache.hadoop.ozone.om.request.file.OMFileCreateRequest.validateAndUpdateCache(OMFileCreateRequest.java:237) ~[ozone-manager-1.4.0-SNAPSHOT.jar:?]
	at org.apache.hadoop.ozone.protocolPB.OzoneManagerRequestHandler.handleWriteRequest(OzoneManagerRequestHandler.java:373) ~[ozone-manager-1.4.0-SNAPSHOT.jar:?]
	at org.apache.hadoop.ozone.om.ratis.OzoneManagerStateMachine.runCommand(OzoneManagerStateMachine.java:568) ~[ozone-manager-1.4.0-SNAPSHOT.jar:?]
	at org.apache.hadoop.ozone.om.ratis.OzoneManagerStateMachine.lambda$1(OzoneManagerStateMachine.java:359) ~[ozone-manager-1.4.0-SNAPSHOT.jar:?]
	at java.util.concurrent.CompletableFuture$AsyncSupply.run(CompletableFuture.java:1604) [?:1.8.0_382]
	at java.util.concurrent.ThreadPoolExecutor.runWorker(ThreadPoolExecutor.java:1149) [?:1.8.0_382]
	at java.util.concurrent.ThreadPoolExecutor$Worker.run(ThreadPoolExecutor.java:624) [?:1.8.0_382]
	at java.lang.Thread.run(Thread.java:750) [?:1.8.0_382]
2023-09-07 20:31:06,755 [OM StateMachine ApplyTransaction Thread - 0] ERROR file.OMFileCreateRequest (OMFileCreateRequest.java:validateAndUpdateCache(336)) - File create failed. Volume:volume50105, Bucket:bucket55116, Keyd1/d2/d3/d4/key2.
NOT_A_FILE org.apache.hadoop.ozone.om.exceptions.OMException: Can not write to directory: d1/d2/d3/d4/key2
	at org.apache.hadoop.ozone.om.request.file.OMFileCreateRequest.checkDirectoryResult(OMFileCreateRequest.java:363)
	at org.apache.hadoop.ozone.om.request.file.OMFileCreateRequest.validateAndUpdateCache(OMFileCreateRequest.java:237)
	at org.apache.hadoop.ozone.protocolPB.OzoneManagerRequestHandler.handleWriteRequest(OzoneManagerRequestHandler.java:373)
	at org.apache.hadoop.ozone.om.ratis.OzoneManagerStateMachine.runCommand(OzoneManagerStateMachine.java:568)
	at org.apache.hadoop.ozone.om.ratis.OzoneManagerStateMachine.lambda$1(OzoneManagerStateMachine.java:359)
	at java.util.concurrent.CompletableFuture$AsyncSupply.run(CompletableFuture.java:1604)
	at java.util.concurrent.ThreadPoolExecutor.runWorker(ThreadPoolExecutor.java:1149)
	at java.util.concurrent.ThreadPoolExecutor$Worker.run(ThreadPoolExecutor.java:624)
	at java.lang.Thread.run(Thread.java:750)
20:31:06.769 [OM StateMachine ApplyTransaction Thread - 0] ERROR OMAudit - user=runner | ip=127.0.0.1 | op=CREATE_DIRECTORY {volume=volume50105, bucket=bucket55116, key=d1/d2/d3/d4/key3, dataSize=0, replicationType=NONE, replicationFactor=ZERO} | ret=FAILURE
org.apache.hadoop.ozone.om.exceptions.OMException: Unable to create directory: d1/d2/d3/d4/key3 in volume/bucket: volume50105/bucket55116
	at org.apache.hadoop.ozone.om.request.file.OMDirectoryCreateRequest.validateAndUpdateCache(OMDirectoryCreateRequest.java:194) ~[ozone-manager-1.4.0-SNAPSHOT.jar:?]
	at org.apache.hadoop.ozone.protocolPB.OzoneManagerRequestHandler.handleWriteRequest(OzoneManagerRequestHandler.java:373) ~[ozone-manager-1.4.0-SNAPSHOT.jar:?]
	at org.apache.hadoop.ozone.om.ratis.OzoneManagerStateMachine.runCommand(OzoneManagerStateMachine.java:568) ~[ozone-manager-1.4.0-SNAPSHOT.jar:?]
	at org.apache.hadoop.ozone.om.ratis.OzoneManagerStateMachine.lambda$1(OzoneManagerStateMachine.java:359) ~[ozone-manager-1.4.0-SNAPSHOT.jar:?]
	at java.util.concurrent.CompletableFuture$AsyncSupply.run(CompletableFuture.java:1604) [?:1.8.0_382]
	at java.util.concurrent.ThreadPoolExecutor.runWorker(ThreadPoolExecutor.java:1149) [?:1.8.0_382]
	at java.util.concurrent.ThreadPoolExecutor$Worker.run(ThreadPoolExecutor.java:624) [?:1.8.0_382]
	at java.lang.Thread.run(Thread.java:750) [?:1.8.0_382]
2023-09-07 20:31:06,769 [OM StateMachine ApplyTransaction Thread - 0] ERROR file.OMDirectoryCreateRequest (OMDirectoryCreateRequest.java:logResult(334)) - Directory creation failed. Volume:volume50105, Bucket:bucket55116, Keyd1/d2/d3/d4/key3. Exception:{}
FILE_ALREADY_EXISTS org.apache.hadoop.ozone.om.exceptions.OMException: Unable to create directory: d1/d2/d3/d4/key3 in volume/bucket: volume50105/bucket55116
	at org.apache.hadoop.ozone.om.request.file.OMDirectoryCreateRequest.validateAndUpdateCache(OMDirectoryCreateRequest.java:194)
	at org.apache.hadoop.ozone.protocolPB.OzoneManagerRequestHandler.handleWriteRequest(OzoneManagerRequestHandler.java:373)
	at org.apache.hadoop.ozone.om.ratis.OzoneManagerStateMachine.runCommand(OzoneManagerStateMachine.java:568)
	at org.apache.hadoop.ozone.om.ratis.OzoneManagerStateMachine.lambda$1(OzoneManagerStateMachine.java:359)
	at java.util.concurrent.CompletableFuture$AsyncSupply.run(CompletableFuture.java:1604)
	at java.util.concurrent.ThreadPoolExecutor.runWorker(ThreadPoolExecutor.java:1149)
	at java.util.concurrent.ThreadPoolExecutor$Worker.run(ThreadPoolExecutor.java:624)
	at java.lang.Thread.run(Thread.java:750)
20:31:06.776 [OM StateMachine ApplyTransaction Thread - 0] ERROR OMAudit - user=runner | ip=127.0.0.1 | op=CREATE_FILE {volume=volume50105, bucket=bucket55116, key=d1/d2/d3, dataSize=4194304, replicationType=RATIS, replicationFactor=THREE} | ret=FAILURE
org.apache.hadoop.ozone.om.exceptions.OMException: Can not write to directory: d1/d2/d3
	at org.apache.hadoop.ozone.om.request.file.OMFileCreateRequest.checkDirectoryResult(OMFileCreateRequest.java:363) ~[ozone-manager-1.4.0-SNAPSHOT.jar:?]
	at org.apache.hadoop.ozone.om.request.file.OMFileCreateRequest.validateAndUpdateCache(OMFileCreateRequest.java:237) ~[ozone-manager-1.4.0-SNAPSHOT.jar:?]
	at org.apache.hadoop.ozone.protocolPB.OzoneManagerRequestHandler.handleWriteRequest(OzoneManagerRequestHandler.java:373) ~[ozone-manager-1.4.0-SNAPSHOT.jar:?]
	at org.apache.hadoop.ozone.om.ratis.OzoneManagerStateMachine.runCommand(OzoneManagerStateMachine.java:568) ~[ozone-manager-1.4.0-SNAPSHOT.jar:?]
	at org.apache.hadoop.ozone.om.ratis.OzoneManagerStateMachine.lambda$1(OzoneManagerStateMachine.java:359) ~[ozone-manager-1.4.0-SNAPSHOT.jar:?]
	at java.util.concurrent.CompletableFuture$AsyncSupply.run(CompletableFuture.java:1604) [?:1.8.0_382]
	at java.util.concurrent.ThreadPoolExecutor.runWorker(ThreadPoolExecutor.java:1149) [?:1.8.0_382]
	at java.util.concurrent.ThreadPoolExecutor$Worker.run(ThreadPoolExecutor.java:624) [?:1.8.0_382]
	at java.lang.Thread.run(Thread.java:750) [?:1.8.0_382]
2023-09-07 20:31:06,776 [OM StateMachine ApplyTransaction Thread - 0] ERROR file.OMFileCreateRequest (OMFileCreateRequest.java:validateAndUpdateCache(336)) - File create failed. Volume:volume50105, Bucket:bucket55116, Keyd1/d2/d3.
NOT_A_FILE org.apache.hadoop.ozone.om.exceptions.OMException: Can not write to directory: d1/d2/d3
	at org.apache.hadoop.ozone.om.request.file.OMFileCreateRequest.checkDirectoryResult(OMFileCreateRequest.java:363)
	at org.apache.hadoop.ozone.om.request.file.OMFileCreateRequest.validateAndUpdateCache(OMFileCreateRequest.java:237)
	at org.apache.hadoop.ozone.protocolPB.OzoneManagerRequestHandler.handleWriteRequest(OzoneManagerRequestHandler.java:373)
	at org.apache.hadoop.ozone.om.ratis.OzoneManagerStateMachine.runCommand(OzoneManagerStateMachine.java:568)
	at org.apache.hadoop.ozone.om.ratis.OzoneManagerStateMachine.lambda$1(OzoneManagerStateMachine.java:359)
	at java.util.concurrent.CompletableFuture$AsyncSupply.run(CompletableFuture.java:1604)
	at java.util.concurrent.ThreadPoolExecutor.runWorker(ThreadPoolExecutor.java:1149)
	at java.util.concurrent.ThreadPoolExecutor$Worker.run(ThreadPoolExecutor.java:624)
	at java.lang.Thread.run(Thread.java:750)
20:31:06.779 [IPC Server handler 16 on default port 15110] ERROR OMAudit - user=runner | ip=127.0.0.1 | op=GET_FILE_STATUS {volume=volume50105, bucket=bucket55116, key=d1/d2/d3/d4/key3/invalid, dataSize=0, replicationConfig=null} | ret=FAILURE
org.apache.hadoop.ozone.om.exceptions.OMException: Unable to get file status: volume: volume50105 bucket: bucket55116 key: d1/d2/d3/d4/key3/invalid
	at org.apache.hadoop.ozone.om.KeyManagerImpl.getOzoneFileStatus(KeyManagerImpl.java:1195) ~[ozone-manager-1.4.0-SNAPSHOT.jar:?]
	at org.apache.hadoop.ozone.om.KeyManagerImpl.getFileStatus(KeyManagerImpl.java:1113) ~[ozone-manager-1.4.0-SNAPSHOT.jar:?]
	at org.apache.hadoop.ozone.om.OmMetadataReader.getFileStatus(OmMetadataReader.java:262) ~[ozone-manager-1.4.0-SNAPSHOT.jar:?]
	at org.apache.hadoop.ozone.om.OzoneManager.getFileStatus(OzoneManager.java:3530) ~[ozone-manager-1.4.0-SNAPSHOT.jar:?]
	at org.apache.hadoop.ozone.protocolPB.OzoneManagerRequestHandler.getOzoneFileStatus(OzoneManagerRequestHandler.java:971) ~[ozone-manager-1.4.0-SNAPSHOT.jar:?]
	at org.apache.hadoop.ozone.protocolPB.OzoneManagerRequestHandler.handleReadRequest(OzoneManagerRequestHandler.java:250) ~[ozone-manager-1.4.0-SNAPSHOT.jar:?]
	at org.apache.hadoop.ozone.protocolPB.OzoneManagerProtocolServerSideTranslatorPB.submitReadRequestToOM(OzoneManagerProtocolServerSideTranslatorPB.java:225) ~[ozone-manager-1.4.0-SNAPSHOT.jar:?]
	at org.apache.hadoop.ozone.protocolPB.OzoneManagerProtocolServerSideTranslatorPB.processRequest(OzoneManagerProtocolServerSideTranslatorPB.java:179) ~[ozone-manager-1.4.0-SNAPSHOT.jar:?]
	at org.apache.hadoop.hdds.server.OzoneProtocolMessageDispatcher.processRequest(OzoneProtocolMessageDispatcher.java:87) [hdds-server-framework-1.4.0-SNAPSHOT.jar:?]
	at org.apache.hadoop.ozone.protocolPB.OzoneManagerProtocolServerSideTranslatorPB.submitRequest(OzoneManagerProtocolServerSideTranslatorPB.java:148) [ozone-manager-1.4.0-SNAPSHOT.jar:?]
	at org.apache.hadoop.ozone.protocol.proto.OzoneManagerProtocolProtos$OzoneManagerService$2.callBlockingMethod(OzoneManagerProtocolProtos.java) [ozone-interface-client-1.4.0-SNAPSHOT.jar:?]
	at org.apache.hadoop.ipc.ProtobufRpcEngine$Server.processCall(ProtobufRpcEngine.java:484) [hadoop-common-3.3.6.jar:?]
	at org.apache.hadoop.ipc.ProtobufRpcEngine2$Server$ProtoBufRpcInvoker.call(ProtobufRpcEngine2.java:595) [hadoop-common-3.3.6.jar:?]
	at org.apache.hadoop.ipc.ProtobufRpcEngine2$Server$ProtoBufRpcInvoker.call(ProtobufRpcEngine2.java:573) [hadoop-common-3.3.6.jar:?]
	at org.apache.hadoop.ipc.RPC$Server.call(RPC.java:1227) [hadoop-common-3.3.6.jar:?]
	at org.apache.hadoop.ipc.Server$RpcCall.run(Server.java:1094) [hadoop-common-3.3.6.jar:?]
	at org.apache.hadoop.ipc.Server$RpcCall.run(Server.java:1017) [hadoop-common-3.3.6.jar:?]
	at java.security.AccessController.doPrivileged(Native Method) ~[?:1.8.0_382]
	at javax.security.auth.Subject.doAs(Subject.java:422) [?:1.8.0_382]
	at org.apache.hadoop.security.UserGroupInformation.doAs(UserGroupInformation.java:1899) [hadoop-common-3.3.6.jar:?]
	at org.apache.hadoop.ipc.Server$Handler.run(Server.java:3048) [hadoop-common-3.3.6.jar:?]
20:31:06.781 [IPC Server handler 19 on default port 15110] ERROR OMAudit - user=runner | ip=127.0.0.1 | op=GET_FILE_STATUS {volume=volume50105, bucket=bucket55116, key=d1/d2/d3/d4/invalidkey, dataSize=0, replicationConfig=null} | ret=FAILURE
org.apache.hadoop.ozone.om.exceptions.OMException: Unable to get file status: volume: volume50105 bucket: bucket55116 key: d1/d2/d3/d4/invalidkey
	at org.apache.hadoop.ozone.om.KeyManagerImpl.getOzoneFileStatus(KeyManagerImpl.java:1195) ~[ozone-manager-1.4.0-SNAPSHOT.jar:?]
	at org.apache.hadoop.ozone.om.KeyManagerImpl.getFileStatus(KeyManagerImpl.java:1113) ~[ozone-manager-1.4.0-SNAPSHOT.jar:?]
	at org.apache.hadoop.ozone.om.OmMetadataReader.getFileStatus(OmMetadataReader.java:262) ~[ozone-manager-1.4.0-SNAPSHOT.jar:?]
	at org.apache.hadoop.ozone.om.OzoneManager.getFileStatus(OzoneManager.java:3530) ~[ozone-manager-1.4.0-SNAPSHOT.jar:?]
	at org.apache.hadoop.ozone.protocolPB.OzoneManagerRequestHandler.getOzoneFileStatus(OzoneManagerRequestHandler.java:971) ~[ozone-manager-1.4.0-SNAPSHOT.jar:?]
	at org.apache.hadoop.ozone.protocolPB.OzoneManagerRequestHandler.handleReadRequest(OzoneManagerRequestHandler.java:250) ~[ozone-manager-1.4.0-SNAPSHOT.jar:?]
	at org.apache.hadoop.ozone.protocolPB.OzoneManagerProtocolServerSideTranslatorPB.submitReadRequestToOM(OzoneManagerProtocolServerSideTranslatorPB.java:225) ~[ozone-manager-1.4.0-SNAPSHOT.jar:?]
	at org.apache.hadoop.ozone.protocolPB.OzoneManagerProtocolServerSideTranslatorPB.processRequest(OzoneManagerProtocolServerSideTranslatorPB.java:179) ~[ozone-manager-1.4.0-SNAPSHOT.jar:?]
	at org.apache.hadoop.hdds.server.OzoneProtocolMessageDispatcher.processRequest(OzoneProtocolMessageDispatcher.java:87) [hdds-server-framework-1.4.0-SNAPSHOT.jar:?]
	at org.apache.hadoop.ozone.protocolPB.OzoneManagerProtocolServerSideTranslatorPB.submitRequest(OzoneManagerProtocolServerSideTranslatorPB.java:148) [ozone-manager-1.4.0-SNAPSHOT.jar:?]
	at org.apache.hadoop.ozone.protocol.proto.OzoneManagerProtocolProtos$OzoneManagerService$2.callBlockingMethod(OzoneManagerProtocolProtos.java) [ozone-interface-client-1.4.0-SNAPSHOT.jar:?]
	at org.apache.hadoop.ipc.ProtobufRpcEngine$Server.processCall(ProtobufRpcEngine.java:484) [hadoop-common-3.3.6.jar:?]
	at org.apache.hadoop.ipc.ProtobufRpcEngine2$Server$ProtoBufRpcInvoker.call(ProtobufRpcEngine2.java:595) [hadoop-common-3.3.6.jar:?]
	at org.apache.hadoop.ipc.ProtobufRpcEngine2$Server$ProtoBufRpcInvoker.call(ProtobufRpcEngine2.java:573) [hadoop-common-3.3.6.jar:?]
	at org.apache.hadoop.ipc.RPC$Server.call(RPC.java:1227) [hadoop-common-3.3.6.jar:?]
	at org.apache.hadoop.ipc.Server$RpcCall.run(Server.java:1094) [hadoop-common-3.3.6.jar:?]
	at org.apache.hadoop.ipc.Server$RpcCall.run(Server.java:1017) [hadoop-common-3.3.6.jar:?]
	at java.security.AccessController.doPrivileged(Native Method) ~[?:1.8.0_382]
	at javax.security.auth.Subject.doAs(Subject.java:422) [?:1.8.0_382]
	at org.apache.hadoop.security.UserGroupInformation.doAs(UserGroupInformation.java:1899) [hadoop-common-3.3.6.jar:?]
	at org.apache.hadoop.ipc.Server$Handler.run(Server.java:3048) [hadoop-common-3.3.6.jar:?]
]]></system-out>
  </testcase>
  <testcase name="testCreateFileShouldCheckExistenceOfDirWithSameName" classname="TestOzoneFileSystem" time="0.039">
    <system-out><![CDATA[20:32:44.099 [IPC Server handler 9 on default port 15163] ERROR OMAudit - user=runner | ip=127.0.0.1 | op=CREATE_FILE {volume=volume10577, bucket=bucket68495, key=d1/d2/d3/d4/key2, dataSize=4194304, replicationType=RATIS, replicationFactor=THREE} | ret=FAILURE
org.apache.hadoop.ozone.om.exceptions.OMException: Can not write to directory: d1/d2/d3/d4/key2
	at org.apache.hadoop.ozone.om.request.file.OMFileCreateRequest.checkDirectoryResult(OMFileCreateRequest.java:363) ~[ozone-manager-1.4.0-SNAPSHOT.jar:?]
	at org.apache.hadoop.ozone.om.request.file.OMFileCreateRequest.validateAndUpdateCache(OMFileCreateRequest.java:237) ~[ozone-manager-1.4.0-SNAPSHOT.jar:?]
	at org.apache.hadoop.ozone.protocolPB.OzoneManagerRequestHandler.handleWriteRequest(OzoneManagerRequestHandler.java:373) ~[ozone-manager-1.4.0-SNAPSHOT.jar:?]
	at org.apache.hadoop.ozone.protocolPB.OzoneManagerProtocolServerSideTranslatorPB.submitRequestDirectlyToOM(OzoneManagerProtocolServerSideTranslatorPB.java:280) ~[ozone-manager-1.4.0-SNAPSHOT.jar:?]
	at org.apache.hadoop.ozone.protocolPB.OzoneManagerProtocolServerSideTranslatorPB.processRequest(OzoneManagerProtocolServerSideTranslatorPB.java:175) ~[ozone-manager-1.4.0-SNAPSHOT.jar:?]
	at org.apache.hadoop.hdds.server.OzoneProtocolMessageDispatcher.processRequest(OzoneProtocolMessageDispatcher.java:87) [hdds-server-framework-1.4.0-SNAPSHOT.jar:?]
	at org.apache.hadoop.ozone.protocolPB.OzoneManagerProtocolServerSideTranslatorPB.submitRequest(OzoneManagerProtocolServerSideTranslatorPB.java:148) [ozone-manager-1.4.0-SNAPSHOT.jar:?]
	at org.apache.hadoop.ozone.protocol.proto.OzoneManagerProtocolProtos$OzoneManagerService$2.callBlockingMethod(OzoneManagerProtocolProtos.java) [ozone-interface-client-1.4.0-SNAPSHOT.jar:?]
	at org.apache.hadoop.ipc.ProtobufRpcEngine$Server.processCall(ProtobufRpcEngine.java:484) [hadoop-common-3.3.6.jar:?]
	at org.apache.hadoop.ipc.ProtobufRpcEngine2$Server$ProtoBufRpcInvoker.call(ProtobufRpcEngine2.java:595) [hadoop-common-3.3.6.jar:?]
	at org.apache.hadoop.ipc.ProtobufRpcEngine2$Server$ProtoBufRpcInvoker.call(ProtobufRpcEngine2.java:573) [hadoop-common-3.3.6.jar:?]
	at org.apache.hadoop.ipc.RPC$Server.call(RPC.java:1227) [hadoop-common-3.3.6.jar:?]
	at org.apache.hadoop.ipc.Server$RpcCall.run(Server.java:1094) [hadoop-common-3.3.6.jar:?]
	at org.apache.hadoop.ipc.Server$RpcCall.run(Server.java:1017) [hadoop-common-3.3.6.jar:?]
	at java.security.AccessController.doPrivileged(Native Method) ~[?:1.8.0_382]
	at javax.security.auth.Subject.doAs(Subject.java:422) [?:1.8.0_382]
	at org.apache.hadoop.security.UserGroupInformation.doAs(UserGroupInformation.java:1899) [hadoop-common-3.3.6.jar:?]
	at org.apache.hadoop.ipc.Server$Handler.run(Server.java:3048) [hadoop-common-3.3.6.jar:?]
2023-09-07 20:32:44,099 [IPC Server handler 9 on default port 15163] ERROR file.OMFileCreateRequest (OMFileCreateRequest.java:validateAndUpdateCache(336)) - File create failed. Volume:volume10577, Bucket:bucket68495, Keyd1/d2/d3/d4/key2.
NOT_A_FILE org.apache.hadoop.ozone.om.exceptions.OMException: Can not write to directory: d1/d2/d3/d4/key2
	at org.apache.hadoop.ozone.om.request.file.OMFileCreateRequest.checkDirectoryResult(OMFileCreateRequest.java:363)
	at org.apache.hadoop.ozone.om.request.file.OMFileCreateRequest.validateAndUpdateCache(OMFileCreateRequest.java:237)
	at org.apache.hadoop.ozone.protocolPB.OzoneManagerRequestHandler.handleWriteRequest(OzoneManagerRequestHandler.java:373)
	at org.apache.hadoop.ozone.protocolPB.OzoneManagerProtocolServerSideTranslatorPB.submitRequestDirectlyToOM(OzoneManagerProtocolServerSideTranslatorPB.java:280)
	at org.apache.hadoop.ozone.protocolPB.OzoneManagerProtocolServerSideTranslatorPB.processRequest(OzoneManagerProtocolServerSideTranslatorPB.java:175)
	at org.apache.hadoop.hdds.server.OzoneProtocolMessageDispatcher.processRequest(OzoneProtocolMessageDispatcher.java:87)
	at org.apache.hadoop.ozone.protocolPB.OzoneManagerProtocolServerSideTranslatorPB.submitRequest(OzoneManagerProtocolServerSideTranslatorPB.java:148)
	at org.apache.hadoop.ozone.protocol.proto.OzoneManagerProtocolProtos$OzoneManagerService$2.callBlockingMethod(OzoneManagerProtocolProtos.java)
	at org.apache.hadoop.ipc.ProtobufRpcEngine$Server.processCall(ProtobufRpcEngine.java:484)
	at org.apache.hadoop.ipc.ProtobufRpcEngine2$Server$ProtoBufRpcInvoker.call(ProtobufRpcEngine2.java:595)
	at org.apache.hadoop.ipc.ProtobufRpcEngine2$Server$ProtoBufRpcInvoker.call(ProtobufRpcEngine2.java:573)
	at org.apache.hadoop.ipc.RPC$Server.call(RPC.java:1227)
	at org.apache.hadoop.ipc.Server$RpcCall.run(Server.java:1094)
	at org.apache.hadoop.ipc.Server$RpcCall.run(Server.java:1017)
	at java.security.AccessController.doPrivileged(Native Method)
	at javax.security.auth.Subject.doAs(Subject.java:422)
	at org.apache.hadoop.security.UserGroupInformation.doAs(UserGroupInformation.java:1899)
	at org.apache.hadoop.ipc.Server$Handler.run(Server.java:3048)
20:32:44.106 [IPC Server handler 16 on default port 15163] ERROR OMAudit - user=runner | ip=127.0.0.1 | op=CREATE_DIRECTORY {volume=volume10577, bucket=bucket68495, key=d1/d2/d3/d4/key3, dataSize=0, replicationType=NONE, replicationFactor=ZERO} | ret=FAILURE
org.apache.hadoop.ozone.om.exceptions.OMException: Unable to create directory: d1/d2/d3/d4/key3 in volume/bucket: volume10577/bucket68495
	at org.apache.hadoop.ozone.om.request.file.OMDirectoryCreateRequest.validateAndUpdateCache(OMDirectoryCreateRequest.java:194) ~[ozone-manager-1.4.0-SNAPSHOT.jar:?]
	at org.apache.hadoop.ozone.protocolPB.OzoneManagerRequestHandler.handleWriteRequest(OzoneManagerRequestHandler.java:373) ~[ozone-manager-1.4.0-SNAPSHOT.jar:?]
	at org.apache.hadoop.ozone.protocolPB.OzoneManagerProtocolServerSideTranslatorPB.submitRequestDirectlyToOM(OzoneManagerProtocolServerSideTranslatorPB.java:280) ~[ozone-manager-1.4.0-SNAPSHOT.jar:?]
	at org.apache.hadoop.ozone.protocolPB.OzoneManagerProtocolServerSideTranslatorPB.processRequest(OzoneManagerProtocolServerSideTranslatorPB.java:175) ~[ozone-manager-1.4.0-SNAPSHOT.jar:?]
	at org.apache.hadoop.hdds.server.OzoneProtocolMessageDispatcher.processRequest(OzoneProtocolMessageDispatcher.java:87) [hdds-server-framework-1.4.0-SNAPSHOT.jar:?]
	at org.apache.hadoop.ozone.protocolPB.OzoneManagerProtocolServerSideTranslatorPB.submitRequest(OzoneManagerProtocolServerSideTranslatorPB.java:148) [ozone-manager-1.4.0-SNAPSHOT.jar:?]
	at org.apache.hadoop.ozone.protocol.proto.OzoneManagerProtocolProtos$OzoneManagerService$2.callBlockingMethod(OzoneManagerProtocolProtos.java) [ozone-interface-client-1.4.0-SNAPSHOT.jar:?]
	at org.apache.hadoop.ipc.ProtobufRpcEngine$Server.processCall(ProtobufRpcEngine.java:484) [hadoop-common-3.3.6.jar:?]
	at org.apache.hadoop.ipc.ProtobufRpcEngine2$Server$ProtoBufRpcInvoker.call(ProtobufRpcEngine2.java:595) [hadoop-common-3.3.6.jar:?]
	at org.apache.hadoop.ipc.ProtobufRpcEngine2$Server$ProtoBufRpcInvoker.call(ProtobufRpcEngine2.java:573) [hadoop-common-3.3.6.jar:?]
	at org.apache.hadoop.ipc.RPC$Server.call(RPC.java:1227) [hadoop-common-3.3.6.jar:?]
	at org.apache.hadoop.ipc.Server$RpcCall.run(Server.java:1094) [hadoop-common-3.3.6.jar:?]
	at org.apache.hadoop.ipc.Server$RpcCall.run(Server.java:1017) [hadoop-common-3.3.6.jar:?]
	at java.security.AccessController.doPrivileged(Native Method) ~[?:1.8.0_382]
	at javax.security.auth.Subject.doAs(Subject.java:422) [?:1.8.0_382]
	at org.apache.hadoop.security.UserGroupInformation.doAs(UserGroupInformation.java:1899) [hadoop-common-3.3.6.jar:?]
	at org.apache.hadoop.ipc.Server$Handler.run(Server.java:3048) [hadoop-common-3.3.6.jar:?]
2023-09-07 20:32:44,106 [IPC Server handler 16 on default port 15163] ERROR file.OMDirectoryCreateRequest (OMDirectoryCreateRequest.java:logResult(334)) - Directory creation failed. Volume:volume10577, Bucket:bucket68495, Keyd1/d2/d3/d4/key3. Exception:{}
FILE_ALREADY_EXISTS org.apache.hadoop.ozone.om.exceptions.OMException: Unable to create directory: d1/d2/d3/d4/key3 in volume/bucket: volume10577/bucket68495
	at org.apache.hadoop.ozone.om.request.file.OMDirectoryCreateRequest.validateAndUpdateCache(OMDirectoryCreateRequest.java:194)
	at org.apache.hadoop.ozone.protocolPB.OzoneManagerRequestHandler.handleWriteRequest(OzoneManagerRequestHandler.java:373)
	at org.apache.hadoop.ozone.protocolPB.OzoneManagerProtocolServerSideTranslatorPB.submitRequestDirectlyToOM(OzoneManagerProtocolServerSideTranslatorPB.java:280)
	at org.apache.hadoop.ozone.protocolPB.OzoneManagerProtocolServerSideTranslatorPB.processRequest(OzoneManagerProtocolServerSideTranslatorPB.java:175)
	at org.apache.hadoop.hdds.server.OzoneProtocolMessageDispatcher.processRequest(OzoneProtocolMessageDispatcher.java:87)
	at org.apache.hadoop.ozone.protocolPB.OzoneManagerProtocolServerSideTranslatorPB.submitRequest(OzoneManagerProtocolServerSideTranslatorPB.java:148)
	at org.apache.hadoop.ozone.protocol.proto.OzoneManagerProtocolProtos$OzoneManagerService$2.callBlockingMethod(OzoneManagerProtocolProtos.java)
	at org.apache.hadoop.ipc.ProtobufRpcEngine$Server.processCall(ProtobufRpcEngine.java:484)
	at org.apache.hadoop.ipc.ProtobufRpcEngine2$Server$ProtoBufRpcInvoker.call(ProtobufRpcEngine2.java:595)
	at org.apache.hadoop.ipc.ProtobufRpcEngine2$Server$ProtoBufRpcInvoker.call(ProtobufRpcEngine2.java:573)
	at org.apache.hadoop.ipc.RPC$Server.call(RPC.java:1227)
	at org.apache.hadoop.ipc.Server$RpcCall.run(Server.java:1094)
	at org.apache.hadoop.ipc.Server$RpcCall.run(Server.java:1017)
	at java.security.AccessController.doPrivileged(Native Method)
	at javax.security.auth.Subject.doAs(Subject.java:422)
	at org.apache.hadoop.security.UserGroupInformation.doAs(UserGroupInformation.java:1899)
	at org.apache.hadoop.ipc.Server$Handler.run(Server.java:3048)
20:32:44.109 [IPC Server handler 17 on default port 15163] ERROR OMAudit - user=runner | ip=127.0.0.1 | op=CREATE_FILE {volume=volume10577, bucket=bucket68495, key=d1/d2/d3, dataSize=4194304, replicationType=RATIS, replicationFactor=THREE} | ret=FAILURE
org.apache.hadoop.ozone.om.exceptions.OMException: Can not write to directory: d1/d2/d3
	at org.apache.hadoop.ozone.om.request.file.OMFileCreateRequest.checkDirectoryResult(OMFileCreateRequest.java:363) ~[ozone-manager-1.4.0-SNAPSHOT.jar:?]
	at org.apache.hadoop.ozone.om.request.file.OMFileCreateRequest.validateAndUpdateCache(OMFileCreateRequest.java:237) ~[ozone-manager-1.4.0-SNAPSHOT.jar:?]
	at org.apache.hadoop.ozone.protocolPB.OzoneManagerRequestHandler.handleWriteRequest(OzoneManagerRequestHandler.java:373) ~[ozone-manager-1.4.0-SNAPSHOT.jar:?]
	at org.apache.hadoop.ozone.protocolPB.OzoneManagerProtocolServerSideTranslatorPB.submitRequestDirectlyToOM(OzoneManagerProtocolServerSideTranslatorPB.java:280) ~[ozone-manager-1.4.0-SNAPSHOT.jar:?]
	at org.apache.hadoop.ozone.protocolPB.OzoneManagerProtocolServerSideTranslatorPB.processRequest(OzoneManagerProtocolServerSideTranslatorPB.java:175) ~[ozone-manager-1.4.0-SNAPSHOT.jar:?]
	at org.apache.hadoop.hdds.server.OzoneProtocolMessageDispatcher.processRequest(OzoneProtocolMessageDispatcher.java:87) [hdds-server-framework-1.4.0-SNAPSHOT.jar:?]
	at org.apache.hadoop.ozone.protocolPB.OzoneManagerProtocolServerSideTranslatorPB.submitRequest(OzoneManagerProtocolServerSideTranslatorPB.java:148) [ozone-manager-1.4.0-SNAPSHOT.jar:?]
	at org.apache.hadoop.ozone.protocol.proto.OzoneManagerProtocolProtos$OzoneManagerService$2.callBlockingMethod(OzoneManagerProtocolProtos.java) [ozone-interface-client-1.4.0-SNAPSHOT.jar:?]
	at org.apache.hadoop.ipc.ProtobufRpcEngine$Server.processCall(ProtobufRpcEngine.java:484) [hadoop-common-3.3.6.jar:?]
	at org.apache.hadoop.ipc.ProtobufRpcEngine2$Server$ProtoBufRpcInvoker.call(ProtobufRpcEngine2.java:595) [hadoop-common-3.3.6.jar:?]
	at org.apache.hadoop.ipc.ProtobufRpcEngine2$Server$ProtoBufRpcInvoker.call(ProtobufRpcEngine2.java:573) [hadoop-common-3.3.6.jar:?]
	at org.apache.hadoop.ipc.RPC$Server.call(RPC.java:1227) [hadoop-common-3.3.6.jar:?]
	at org.apache.hadoop.ipc.Server$RpcCall.run(Server.java:1094) [hadoop-common-3.3.6.jar:?]
	at org.apache.hadoop.ipc.Server$RpcCall.run(Server.java:1017) [hadoop-common-3.3.6.jar:?]
	at java.security.AccessController.doPrivileged(Native Method) ~[?:1.8.0_382]
	at javax.security.auth.Subject.doAs(Subject.java:422) [?:1.8.0_382]
	at org.apache.hadoop.security.UserGroupInformation.doAs(UserGroupInformation.java:1899) [hadoop-common-3.3.6.jar:?]
	at org.apache.hadoop.ipc.Server$Handler.run(Server.java:3048) [hadoop-common-3.3.6.jar:?]
2023-09-07 20:32:44,109 [IPC Server handler 17 on default port 15163] ERROR file.OMFileCreateRequest (OMFileCreateRequest.java:validateAndUpdateCache(336)) - File create failed. Volume:volume10577, Bucket:bucket68495, Keyd1/d2/d3.
NOT_A_FILE org.apache.hadoop.ozone.om.exceptions.OMException: Can not write to directory: d1/d2/d3
	at org.apache.hadoop.ozone.om.request.file.OMFileCreateRequest.checkDirectoryResult(OMFileCreateRequest.java:363)
	at org.apache.hadoop.ozone.om.request.file.OMFileCreateRequest.validateAndUpdateCache(OMFileCreateRequest.java:237)
	at org.apache.hadoop.ozone.protocolPB.OzoneManagerRequestHandler.handleWriteRequest(OzoneManagerRequestHandler.java:373)
	at org.apache.hadoop.ozone.protocolPB.OzoneManagerProtocolServerSideTranslatorPB.submitRequestDirectlyToOM(OzoneManagerProtocolServerSideTranslatorPB.java:280)
	at org.apache.hadoop.ozone.protocolPB.OzoneManagerProtocolServerSideTranslatorPB.processRequest(OzoneManagerProtocolServerSideTranslatorPB.java:175)
	at org.apache.hadoop.hdds.server.OzoneProtocolMessageDispatcher.processRequest(OzoneProtocolMessageDispatcher.java:87)
	at org.apache.hadoop.ozone.protocolPB.OzoneManagerProtocolServerSideTranslatorPB.submitRequest(OzoneManagerProtocolServerSideTranslatorPB.java:148)
	at org.apache.hadoop.ozone.protocol.proto.OzoneManagerProtocolProtos$OzoneManagerService$2.callBlockingMethod(OzoneManagerProtocolProtos.java)
	at org.apache.hadoop.ipc.ProtobufRpcEngine$Server.processCall(ProtobufRpcEngine.java:484)
	at org.apache.hadoop.ipc.ProtobufRpcEngine2$Server$ProtoBufRpcInvoker.call(ProtobufRpcEngine2.java:595)
	at org.apache.hadoop.ipc.ProtobufRpcEngine2$Server$ProtoBufRpcInvoker.call(ProtobufRpcEngine2.java:573)
	at org.apache.hadoop.ipc.RPC$Server.call(RPC.java:1227)
	at org.apache.hadoop.ipc.Server$RpcCall.run(Server.java:1094)
	at org.apache.hadoop.ipc.Server$RpcCall.run(Server.java:1017)
	at java.security.AccessController.doPrivileged(Native Method)
	at javax.security.auth.Subject.doAs(Subject.java:422)
	at org.apache.hadoop.security.UserGroupInformation.doAs(UserGroupInformation.java:1899)
	at org.apache.hadoop.ipc.Server$Handler.run(Server.java:3048)
20:32:44.111 [IPC Server handler 15 on default port 15163] ERROR OMAudit - user=runner | ip=127.0.0.1 | op=GET_FILE_STATUS {volume=volume10577, bucket=bucket68495, key=d1/d2/d3/d4/key3/invalid, dataSize=0, replicationConfig=null} | ret=FAILURE
org.apache.hadoop.ozone.om.exceptions.OMException: Unable to get file status: volume: volume10577 bucket: bucket68495 key: d1/d2/d3/d4/key3/invalid
	at org.apache.hadoop.ozone.om.KeyManagerImpl.getOzoneFileStatus(KeyManagerImpl.java:1195) ~[ozone-manager-1.4.0-SNAPSHOT.jar:?]
	at org.apache.hadoop.ozone.om.KeyManagerImpl.getFileStatus(KeyManagerImpl.java:1113) ~[ozone-manager-1.4.0-SNAPSHOT.jar:?]
	at org.apache.hadoop.ozone.om.OmMetadataReader.getFileStatus(OmMetadataReader.java:262) ~[ozone-manager-1.4.0-SNAPSHOT.jar:?]
	at org.apache.hadoop.ozone.om.OzoneManager.getFileStatus(OzoneManager.java:3530) ~[ozone-manager-1.4.0-SNAPSHOT.jar:?]
	at org.apache.hadoop.ozone.protocolPB.OzoneManagerRequestHandler.getOzoneFileStatus(OzoneManagerRequestHandler.java:971) ~[ozone-manager-1.4.0-SNAPSHOT.jar:?]
	at org.apache.hadoop.ozone.protocolPB.OzoneManagerRequestHandler.handleReadRequest(OzoneManagerRequestHandler.java:250) ~[ozone-manager-1.4.0-SNAPSHOT.jar:?]
	at org.apache.hadoop.ozone.protocolPB.OzoneManagerProtocolServerSideTranslatorPB.submitRequestDirectlyToOM(OzoneManagerProtocolServerSideTranslatorPB.java:274) ~[ozone-manager-1.4.0-SNAPSHOT.jar:?]
	at org.apache.hadoop.ozone.protocolPB.OzoneManagerProtocolServerSideTranslatorPB.processRequest(OzoneManagerProtocolServerSideTranslatorPB.java:175) ~[ozone-manager-1.4.0-SNAPSHOT.jar:?]
	at org.apache.hadoop.hdds.server.OzoneProtocolMessageDispatcher.processRequest(OzoneProtocolMessageDispatcher.java:87) [hdds-server-framework-1.4.0-SNAPSHOT.jar:?]
	at org.apache.hadoop.ozone.protocolPB.OzoneManagerProtocolServerSideTranslatorPB.submitRequest(OzoneManagerProtocolServerSideTranslatorPB.java:148) [ozone-manager-1.4.0-SNAPSHOT.jar:?]
	at org.apache.hadoop.ozone.protocol.proto.OzoneManagerProtocolProtos$OzoneManagerService$2.callBlockingMethod(OzoneManagerProtocolProtos.java) [ozone-interface-client-1.4.0-SNAPSHOT.jar:?]
	at org.apache.hadoop.ipc.ProtobufRpcEngine$Server.processCall(ProtobufRpcEngine.java:484) [hadoop-common-3.3.6.jar:?]
	at org.apache.hadoop.ipc.ProtobufRpcEngine2$Server$ProtoBufRpcInvoker.call(ProtobufRpcEngine2.java:595) [hadoop-common-3.3.6.jar:?]
	at org.apache.hadoop.ipc.ProtobufRpcEngine2$Server$ProtoBufRpcInvoker.call(ProtobufRpcEngine2.java:573) [hadoop-common-3.3.6.jar:?]
	at org.apache.hadoop.ipc.RPC$Server.call(RPC.java:1227) [hadoop-common-3.3.6.jar:?]
	at org.apache.hadoop.ipc.Server$RpcCall.run(Server.java:1094) [hadoop-common-3.3.6.jar:?]
	at org.apache.hadoop.ipc.Server$RpcCall.run(Server.java:1017) [hadoop-common-3.3.6.jar:?]
	at java.security.AccessController.doPrivileged(Native Method) ~[?:1.8.0_382]
	at javax.security.auth.Subject.doAs(Subject.java:422) [?:1.8.0_382]
	at org.apache.hadoop.security.UserGroupInformation.doAs(UserGroupInformation.java:1899) [hadoop-common-3.3.6.jar:?]
	at org.apache.hadoop.ipc.Server$Handler.run(Server.java:3048) [hadoop-common-3.3.6.jar:?]
20:32:44.112 [IPC Server handler 13 on default port 15163] ERROR OMAudit - user=runner | ip=127.0.0.1 | op=GET_FILE_STATUS {volume=volume10577, bucket=bucket68495, key=d1/d2/d3/d4/invalidkey, dataSize=0, replicationConfig=null} | ret=FAILURE
org.apache.hadoop.ozone.om.exceptions.OMException: Unable to get file status: volume: volume10577 bucket: bucket68495 key: d1/d2/d3/d4/invalidkey
	at org.apache.hadoop.ozone.om.KeyManagerImpl.getOzoneFileStatus(KeyManagerImpl.java:1195) ~[ozone-manager-1.4.0-SNAPSHOT.jar:?]
	at org.apache.hadoop.ozone.om.KeyManagerImpl.getFileStatus(KeyManagerImpl.java:1113) ~[ozone-manager-1.4.0-SNAPSHOT.jar:?]
	at org.apache.hadoop.ozone.om.OmMetadataReader.getFileStatus(OmMetadataReader.java:262) ~[ozone-manager-1.4.0-SNAPSHOT.jar:?]
	at org.apache.hadoop.ozone.om.OzoneManager.getFileStatus(OzoneManager.java:3530) ~[ozone-manager-1.4.0-SNAPSHOT.jar:?]
	at org.apache.hadoop.ozone.protocolPB.OzoneManagerRequestHandler.getOzoneFileStatus(OzoneManagerRequestHandler.java:971) ~[ozone-manager-1.4.0-SNAPSHOT.jar:?]
	at org.apache.hadoop.ozone.protocolPB.OzoneManagerRequestHandler.handleReadRequest(OzoneManagerRequestHandler.java:250) ~[ozone-manager-1.4.0-SNAPSHOT.jar:?]
	at org.apache.hadoop.ozone.protocolPB.OzoneManagerProtocolServerSideTranslatorPB.submitRequestDirectlyToOM(OzoneManagerProtocolServerSideTranslatorPB.java:274) ~[ozone-manager-1.4.0-SNAPSHOT.jar:?]
	at org.apache.hadoop.ozone.protocolPB.OzoneManagerProtocolServerSideTranslatorPB.processRequest(OzoneManagerProtocolServerSideTranslatorPB.java:175) ~[ozone-manager-1.4.0-SNAPSHOT.jar:?]
	at org.apache.hadoop.hdds.server.OzoneProtocolMessageDispatcher.processRequest(OzoneProtocolMessageDispatcher.java:87) [hdds-server-framework-1.4.0-SNAPSHOT.jar:?]
	at org.apache.hadoop.ozone.protocolPB.OzoneManagerProtocolServerSideTranslatorPB.submitRequest(OzoneManagerProtocolServerSideTranslatorPB.java:148) [ozone-manager-1.4.0-SNAPSHOT.jar:?]
	at org.apache.hadoop.ozone.protocol.proto.OzoneManagerProtocolProtos$OzoneManagerService$2.callBlockingMethod(OzoneManagerProtocolProtos.java) [ozone-interface-client-1.4.0-SNAPSHOT.jar:?]
	at org.apache.hadoop.ipc.ProtobufRpcEngine$Server.processCall(ProtobufRpcEngine.java:484) [hadoop-common-3.3.6.jar:?]
	at org.apache.hadoop.ipc.ProtobufRpcEngine2$Server$ProtoBufRpcInvoker.call(ProtobufRpcEngine2.java:595) [hadoop-common-3.3.6.jar:?]
	at org.apache.hadoop.ipc.ProtobufRpcEngine2$Server$ProtoBufRpcInvoker.call(ProtobufRpcEngine2.java:573) [hadoop-common-3.3.6.jar:?]
	at org.apache.hadoop.ipc.RPC$Server.call(RPC.java:1227) [hadoop-common-3.3.6.jar:?]
	at org.apache.hadoop.ipc.Server$RpcCall.run(Server.java:1094) [hadoop-common-3.3.6.jar:?]
	at org.apache.hadoop.ipc.Server$RpcCall.run(Server.java:1017) [hadoop-common-3.3.6.jar:?]
	at java.security.AccessController.doPrivileged(Native Method) ~[?:1.8.0_382]
	at javax.security.auth.Subject.doAs(Subject.java:422) [?:1.8.0_382]
	at org.apache.hadoop.security.UserGroupInformation.doAs(UserGroupInformation.java:1899) [hadoop-common-3.3.6.jar:?]
	at org.apache.hadoop.ipc.Server$Handler.run(Server.java:3048) [hadoop-common-3.3.6.jar:?]
]]></system-out>
  </testcase>
  <testcase name="testRenameContainDelimiterFile" classname="TestOzoneFileSystem" time="0.074">
    <system-out><![CDATA[20:27:43.898 [IPC Server handler 16 on default port 15004] ERROR OMAudit - user=runner | ip=127.0.0.1 | op=GET_FILE_STATUS {volume=volume63798, bucket=bucket90991, key=dir1/dir2/key2, dataSize=0, replicationConfig=null} | ret=FAILURE
org.apache.hadoop.ozone.om.exceptions.OMException: Unable to get file status: volume: volume63798 bucket: bucket90991 key: dir1/dir2/key2
	at org.apache.hadoop.ozone.om.KeyManagerImpl.getOzoneFileStatus(KeyManagerImpl.java:1195) ~[ozone-manager-1.4.0-SNAPSHOT.jar:?]
	at org.apache.hadoop.ozone.om.KeyManagerImpl.getFileStatus(KeyManagerImpl.java:1113) ~[ozone-manager-1.4.0-SNAPSHOT.jar:?]
	at org.apache.hadoop.ozone.om.OmMetadataReader.getFileStatus(OmMetadataReader.java:262) ~[ozone-manager-1.4.0-SNAPSHOT.jar:?]
	at org.apache.hadoop.ozone.om.OzoneManager.getFileStatus(OzoneManager.java:3530) ~[ozone-manager-1.4.0-SNAPSHOT.jar:?]
	at org.apache.hadoop.ozone.protocolPB.OzoneManagerRequestHandler.getOzoneFileStatus(OzoneManagerRequestHandler.java:971) ~[ozone-manager-1.4.0-SNAPSHOT.jar:?]
	at org.apache.hadoop.ozone.protocolPB.OzoneManagerRequestHandler.handleReadRequest(OzoneManagerRequestHandler.java:250) ~[ozone-manager-1.4.0-SNAPSHOT.jar:?]
	at org.apache.hadoop.ozone.protocolPB.OzoneManagerProtocolServerSideTranslatorPB.submitReadRequestToOM(OzoneManagerProtocolServerSideTranslatorPB.java:225) ~[ozone-manager-1.4.0-SNAPSHOT.jar:?]
	at org.apache.hadoop.ozone.protocolPB.OzoneManagerProtocolServerSideTranslatorPB.processRequest(OzoneManagerProtocolServerSideTranslatorPB.java:179) ~[ozone-manager-1.4.0-SNAPSHOT.jar:?]
	at org.apache.hadoop.hdds.server.OzoneProtocolMessageDispatcher.processRequest(OzoneProtocolMessageDispatcher.java:87) [hdds-server-framework-1.4.0-SNAPSHOT.jar:?]
	at org.apache.hadoop.ozone.protocolPB.OzoneManagerProtocolServerSideTranslatorPB.submitRequest(OzoneManagerProtocolServerSideTranslatorPB.java:148) [ozone-manager-1.4.0-SNAPSHOT.jar:?]
	at org.apache.hadoop.ozone.protocol.proto.OzoneManagerProtocolProtos$OzoneManagerService$2.callBlockingMethod(OzoneManagerProtocolProtos.java) [ozone-interface-client-1.4.0-SNAPSHOT.jar:?]
	at org.apache.hadoop.ipc.ProtobufRpcEngine$Server.processCall(ProtobufRpcEngine.java:484) [hadoop-common-3.3.6.jar:?]
	at org.apache.hadoop.ipc.ProtobufRpcEngine2$Server$ProtoBufRpcInvoker.call(ProtobufRpcEngine2.java:595) [hadoop-common-3.3.6.jar:?]
	at org.apache.hadoop.ipc.ProtobufRpcEngine2$Server$ProtoBufRpcInvoker.call(ProtobufRpcEngine2.java:573) [hadoop-common-3.3.6.jar:?]
	at org.apache.hadoop.ipc.RPC$Server.call(RPC.java:1227) [hadoop-common-3.3.6.jar:?]
	at org.apache.hadoop.ipc.Server$RpcCall.run(Server.java:1094) [hadoop-common-3.3.6.jar:?]
	at org.apache.hadoop.ipc.Server$RpcCall.run(Server.java:1017) [hadoop-common-3.3.6.jar:?]
	at java.security.AccessController.doPrivileged(Native Method) ~[?:1.8.0_382]
	at javax.security.auth.Subject.doAs(Subject.java:422) [?:1.8.0_382]
	at org.apache.hadoop.security.UserGroupInformation.doAs(UserGroupInformation.java:1899) [hadoop-common-3.3.6.jar:?]
	at org.apache.hadoop.ipc.Server$Handler.run(Server.java:3048) [hadoop-common-3.3.6.jar:?]
20:27:43.927 [IPC Server handler 10 on default port 15004] ERROR OMAudit - user=runner | ip=127.0.0.1 | op=GET_FILE_STATUS {volume=volume63798, bucket=bucket90991, key=dir1/dir2/key1, dataSize=0, replicationConfig=null} | ret=FAILURE
org.apache.hadoop.ozone.om.exceptions.OMException: Unable to get file status: volume: volume63798 bucket: bucket90991 key: dir1/dir2/key1
	at org.apache.hadoop.ozone.om.KeyManagerImpl.getOzoneFileStatus(KeyManagerImpl.java:1195) ~[ozone-manager-1.4.0-SNAPSHOT.jar:?]
	at org.apache.hadoop.ozone.om.KeyManagerImpl.getFileStatus(KeyManagerImpl.java:1113) ~[ozone-manager-1.4.0-SNAPSHOT.jar:?]
	at org.apache.hadoop.ozone.om.OmMetadataReader.getFileStatus(OmMetadataReader.java:262) ~[ozone-manager-1.4.0-SNAPSHOT.jar:?]
	at org.apache.hadoop.ozone.om.OzoneManager.getFileStatus(OzoneManager.java:3530) ~[ozone-manager-1.4.0-SNAPSHOT.jar:?]
	at org.apache.hadoop.ozone.protocolPB.OzoneManagerRequestHandler.getOzoneFileStatus(OzoneManagerRequestHandler.java:971) ~[ozone-manager-1.4.0-SNAPSHOT.jar:?]
	at org.apache.hadoop.ozone.protocolPB.OzoneManagerRequestHandler.handleReadRequest(OzoneManagerRequestHandler.java:250) ~[ozone-manager-1.4.0-SNAPSHOT.jar:?]
	at org.apache.hadoop.ozone.protocolPB.OzoneManagerProtocolServerSideTranslatorPB.submitReadRequestToOM(OzoneManagerProtocolServerSideTranslatorPB.java:225) ~[ozone-manager-1.4.0-SNAPSHOT.jar:?]
	at org.apache.hadoop.ozone.protocolPB.OzoneManagerProtocolServerSideTranslatorPB.processRequest(OzoneManagerProtocolServerSideTranslatorPB.java:179) ~[ozone-manager-1.4.0-SNAPSHOT.jar:?]
	at org.apache.hadoop.hdds.server.OzoneProtocolMessageDispatcher.processRequest(OzoneProtocolMessageDispatcher.java:87) [hdds-server-framework-1.4.0-SNAPSHOT.jar:?]
	at org.apache.hadoop.ozone.protocolPB.OzoneManagerProtocolServerSideTranslatorPB.submitRequest(OzoneManagerProtocolServerSideTranslatorPB.java:148) [ozone-manager-1.4.0-SNAPSHOT.jar:?]
	at org.apache.hadoop.ozone.protocol.proto.OzoneManagerProtocolProtos$OzoneManagerService$2.callBlockingMethod(OzoneManagerProtocolProtos.java) [ozone-interface-client-1.4.0-SNAPSHOT.jar:?]
	at org.apache.hadoop.ipc.ProtobufRpcEngine$Server.processCall(ProtobufRpcEngine.java:484) [hadoop-common-3.3.6.jar:?]
	at org.apache.hadoop.ipc.ProtobufRpcEngine2$Server$ProtoBufRpcInvoker.call(ProtobufRpcEngine2.java:595) [hadoop-common-3.3.6.jar:?]
	at org.apache.hadoop.ipc.ProtobufRpcEngine2$Server$ProtoBufRpcInvoker.call(ProtobufRpcEngine2.java:573) [hadoop-common-3.3.6.jar:?]
	at org.apache.hadoop.ipc.RPC$Server.call(RPC.java:1227) [hadoop-common-3.3.6.jar:?]
	at org.apache.hadoop.ipc.Server$RpcCall.run(Server.java:1094) [hadoop-common-3.3.6.jar:?]
	at org.apache.hadoop.ipc.Server$RpcCall.run(Server.java:1017) [hadoop-common-3.3.6.jar:?]
	at java.security.AccessController.doPrivileged(Native Method) ~[?:1.8.0_382]
	at javax.security.auth.Subject.doAs(Subject.java:422) [?:1.8.0_382]
	at org.apache.hadoop.security.UserGroupInformation.doAs(UserGroupInformation.java:1899) [hadoop-common-3.3.6.jar:?]
	at org.apache.hadoop.ipc.Server$Handler.run(Server.java:3048) [hadoop-common-3.3.6.jar:?]
20:27:43.930 [IPC Server handler 11 on default port 15004] ERROR OMAudit - user=runner | ip=127.0.0.1 | op=GET_FILE_STATUS {volume=volume63798, bucket=bucket90991, key=user/runner/dir1, dataSize=0, replicationConfig=null} | ret=FAILURE
org.apache.hadoop.ozone.om.exceptions.OMException: Unable to get file status: volume: volume63798 bucket: bucket90991 key: user/runner/dir1
	at org.apache.hadoop.ozone.om.KeyManagerImpl.getOzoneFileStatus(KeyManagerImpl.java:1195) ~[ozone-manager-1.4.0-SNAPSHOT.jar:?]
	at org.apache.hadoop.ozone.om.KeyManagerImpl.getFileStatus(KeyManagerImpl.java:1113) ~[ozone-manager-1.4.0-SNAPSHOT.jar:?]
	at org.apache.hadoop.ozone.om.OmMetadataReader.getFileStatus(OmMetadataReader.java:262) ~[ozone-manager-1.4.0-SNAPSHOT.jar:?]
	at org.apache.hadoop.ozone.om.OzoneManager.getFileStatus(OzoneManager.java:3530) ~[ozone-manager-1.4.0-SNAPSHOT.jar:?]
	at org.apache.hadoop.ozone.protocolPB.OzoneManagerRequestHandler.getOzoneFileStatus(OzoneManagerRequestHandler.java:971) ~[ozone-manager-1.4.0-SNAPSHOT.jar:?]
	at org.apache.hadoop.ozone.protocolPB.OzoneManagerRequestHandler.handleReadRequest(OzoneManagerRequestHandler.java:250) ~[ozone-manager-1.4.0-SNAPSHOT.jar:?]
	at org.apache.hadoop.ozone.protocolPB.OzoneManagerProtocolServerSideTranslatorPB.submitReadRequestToOM(OzoneManagerProtocolServerSideTranslatorPB.java:225) ~[ozone-manager-1.4.0-SNAPSHOT.jar:?]
	at org.apache.hadoop.ozone.protocolPB.OzoneManagerProtocolServerSideTranslatorPB.processRequest(OzoneManagerProtocolServerSideTranslatorPB.java:179) ~[ozone-manager-1.4.0-SNAPSHOT.jar:?]
	at org.apache.hadoop.hdds.server.OzoneProtocolMessageDispatcher.processRequest(OzoneProtocolMessageDispatcher.java:87) [hdds-server-framework-1.4.0-SNAPSHOT.jar:?]
	at org.apache.hadoop.ozone.protocolPB.OzoneManagerProtocolServerSideTranslatorPB.submitRequest(OzoneManagerProtocolServerSideTranslatorPB.java:148) [ozone-manager-1.4.0-SNAPSHOT.jar:?]
	at org.apache.hadoop.ozone.protocol.proto.OzoneManagerProtocolProtos$OzoneManagerService$2.callBlockingMethod(OzoneManagerProtocolProtos.java) [ozone-interface-client-1.4.0-SNAPSHOT.jar:?]
	at org.apache.hadoop.ipc.ProtobufRpcEngine$Server.processCall(ProtobufRpcEngine.java:484) [hadoop-common-3.3.6.jar:?]
	at org.apache.hadoop.ipc.ProtobufRpcEngine2$Server$ProtoBufRpcInvoker.call(ProtobufRpcEngine2.java:595) [hadoop-common-3.3.6.jar:?]
	at org.apache.hadoop.ipc.ProtobufRpcEngine2$Server$ProtoBufRpcInvoker.call(ProtobufRpcEngine2.java:573) [hadoop-common-3.3.6.jar:?]
	at org.apache.hadoop.ipc.RPC$Server.call(RPC.java:1227) [hadoop-common-3.3.6.jar:?]
	at org.apache.hadoop.ipc.Server$RpcCall.run(Server.java:1094) [hadoop-common-3.3.6.jar:?]
	at org.apache.hadoop.ipc.Server$RpcCall.run(Server.java:1017) [hadoop-common-3.3.6.jar:?]
	at java.security.AccessController.doPrivileged(Native Method) ~[?:1.8.0_382]
	at javax.security.auth.Subject.doAs(Subject.java:422) [?:1.8.0_382]
	at org.apache.hadoop.security.UserGroupInformation.doAs(UserGroupInformation.java:1899) [hadoop-common-3.3.6.jar:?]
	at org.apache.hadoop.ipc.Server$Handler.run(Server.java:3048) [hadoop-common-3.3.6.jar:?]
20:27:43.932 [IPC Server handler 6 on default port 15004] ERROR OMAudit - user=runner | ip=127.0.0.1 | op=GET_FILE_STATUS {volume=volume63798, bucket=bucket90991, key=user/runner/dir1/dir2, dataSize=0, replicationConfig=null} | ret=FAILURE
org.apache.hadoop.ozone.om.exceptions.OMException: Unable to get file status: volume: volume63798 bucket: bucket90991 key: user/runner/dir1/dir2
	at org.apache.hadoop.ozone.om.KeyManagerImpl.getOzoneFileStatus(KeyManagerImpl.java:1195) ~[ozone-manager-1.4.0-SNAPSHOT.jar:?]
	at org.apache.hadoop.ozone.om.KeyManagerImpl.getFileStatus(KeyManagerImpl.java:1113) ~[ozone-manager-1.4.0-SNAPSHOT.jar:?]
	at org.apache.hadoop.ozone.om.OmMetadataReader.getFileStatus(OmMetadataReader.java:262) ~[ozone-manager-1.4.0-SNAPSHOT.jar:?]
	at org.apache.hadoop.ozone.om.OzoneManager.getFileStatus(OzoneManager.java:3530) ~[ozone-manager-1.4.0-SNAPSHOT.jar:?]
	at org.apache.hadoop.ozone.protocolPB.OzoneManagerRequestHandler.getOzoneFileStatus(OzoneManagerRequestHandler.java:971) ~[ozone-manager-1.4.0-SNAPSHOT.jar:?]
	at org.apache.hadoop.ozone.protocolPB.OzoneManagerRequestHandler.handleReadRequest(OzoneManagerRequestHandler.java:250) ~[ozone-manager-1.4.0-SNAPSHOT.jar:?]
	at org.apache.hadoop.ozone.protocolPB.OzoneManagerProtocolServerSideTranslatorPB.submitReadRequestToOM(OzoneManagerProtocolServerSideTranslatorPB.java:225) ~[ozone-manager-1.4.0-SNAPSHOT.jar:?]
	at org.apache.hadoop.ozone.protocolPB.OzoneManagerProtocolServerSideTranslatorPB.processRequest(OzoneManagerProtocolServerSideTranslatorPB.java:179) ~[ozone-manager-1.4.0-SNAPSHOT.jar:?]
	at org.apache.hadoop.hdds.server.OzoneProtocolMessageDispatcher.processRequest(OzoneProtocolMessageDispatcher.java:87) [hdds-server-framework-1.4.0-SNAPSHOT.jar:?]
	at org.apache.hadoop.ozone.protocolPB.OzoneManagerProtocolServerSideTranslatorPB.submitRequest(OzoneManagerProtocolServerSideTranslatorPB.java:148) [ozone-manager-1.4.0-SNAPSHOT.jar:?]
	at org.apache.hadoop.ozone.protocol.proto.OzoneManagerProtocolProtos$OzoneManagerService$2.callBlockingMethod(OzoneManagerProtocolProtos.java) [ozone-interface-client-1.4.0-SNAPSHOT.jar:?]
	at org.apache.hadoop.ipc.ProtobufRpcEngine$Server.processCall(ProtobufRpcEngine.java:484) [hadoop-common-3.3.6.jar:?]
	at org.apache.hadoop.ipc.ProtobufRpcEngine2$Server$ProtoBufRpcInvoker.call(ProtobufRpcEngine2.java:595) [hadoop-common-3.3.6.jar:?]
	at org.apache.hadoop.ipc.ProtobufRpcEngine2$Server$ProtoBufRpcInvoker.call(ProtobufRpcEngine2.java:573) [hadoop-common-3.3.6.jar:?]
	at org.apache.hadoop.ipc.RPC$Server.call(RPC.java:1227) [hadoop-common-3.3.6.jar:?]
	at org.apache.hadoop.ipc.Server$RpcCall.run(Server.java:1094) [hadoop-common-3.3.6.jar:?]
	at org.apache.hadoop.ipc.Server$RpcCall.run(Server.java:1017) [hadoop-common-3.3.6.jar:?]
	at java.security.AccessController.doPrivileged(Native Method) ~[?:1.8.0_382]
	at javax.security.auth.Subject.doAs(Subject.java:422) [?:1.8.0_382]
	at org.apache.hadoop.security.UserGroupInformation.doAs(UserGroupInformation.java:1899) [hadoop-common-3.3.6.jar:?]
	at org.apache.hadoop.ipc.Server$Handler.run(Server.java:3048) [hadoop-common-3.3.6.jar:?]
]]></system-out>
  </testcase>
  <testcase name="testRenameContainDelimiterFile" classname="TestOzoneFileSystem" time="0.033">
    <system-out><![CDATA[20:29:41.283 [IPC Server handler 5 on default port 15057] ERROR OMAudit - user=runner | ip=127.0.0.1 | op=GET_FILE_STATUS {volume=volume62736, bucket=bucket10134, key=dir1/dir2/key2, dataSize=0, replicationConfig=null} | ret=FAILURE
org.apache.hadoop.ozone.om.exceptions.OMException: Unable to get file status: volume: volume62736 bucket: bucket10134 key: dir1/dir2/key2
	at org.apache.hadoop.ozone.om.KeyManagerImpl.getOzoneFileStatus(KeyManagerImpl.java:1195) ~[ozone-manager-1.4.0-SNAPSHOT.jar:?]
	at org.apache.hadoop.ozone.om.KeyManagerImpl.getFileStatus(KeyManagerImpl.java:1113) ~[ozone-manager-1.4.0-SNAPSHOT.jar:?]
	at org.apache.hadoop.ozone.om.OmMetadataReader.getFileStatus(OmMetadataReader.java:262) ~[ozone-manager-1.4.0-SNAPSHOT.jar:?]
	at org.apache.hadoop.ozone.om.OzoneManager.getFileStatus(OzoneManager.java:3530) ~[ozone-manager-1.4.0-SNAPSHOT.jar:?]
	at org.apache.hadoop.ozone.protocolPB.OzoneManagerRequestHandler.getOzoneFileStatus(OzoneManagerRequestHandler.java:971) ~[ozone-manager-1.4.0-SNAPSHOT.jar:?]
	at org.apache.hadoop.ozone.protocolPB.OzoneManagerRequestHandler.handleReadRequest(OzoneManagerRequestHandler.java:250) ~[ozone-manager-1.4.0-SNAPSHOT.jar:?]
	at org.apache.hadoop.ozone.protocolPB.OzoneManagerProtocolServerSideTranslatorPB.submitRequestDirectlyToOM(OzoneManagerProtocolServerSideTranslatorPB.java:274) ~[ozone-manager-1.4.0-SNAPSHOT.jar:?]
	at org.apache.hadoop.ozone.protocolPB.OzoneManagerProtocolServerSideTranslatorPB.processRequest(OzoneManagerProtocolServerSideTranslatorPB.java:175) ~[ozone-manager-1.4.0-SNAPSHOT.jar:?]
	at org.apache.hadoop.hdds.server.OzoneProtocolMessageDispatcher.processRequest(OzoneProtocolMessageDispatcher.java:87) [hdds-server-framework-1.4.0-SNAPSHOT.jar:?]
	at org.apache.hadoop.ozone.protocolPB.OzoneManagerProtocolServerSideTranslatorPB.submitRequest(OzoneManagerProtocolServerSideTranslatorPB.java:148) [ozone-manager-1.4.0-SNAPSHOT.jar:?]
	at org.apache.hadoop.ozone.protocol.proto.OzoneManagerProtocolProtos$OzoneManagerService$2.callBlockingMethod(OzoneManagerProtocolProtos.java) [ozone-interface-client-1.4.0-SNAPSHOT.jar:?]
	at org.apache.hadoop.ipc.ProtobufRpcEngine$Server.processCall(ProtobufRpcEngine.java:484) [hadoop-common-3.3.6.jar:?]
	at org.apache.hadoop.ipc.ProtobufRpcEngine2$Server$ProtoBufRpcInvoker.call(ProtobufRpcEngine2.java:595) [hadoop-common-3.3.6.jar:?]
	at org.apache.hadoop.ipc.ProtobufRpcEngine2$Server$ProtoBufRpcInvoker.call(ProtobufRpcEngine2.java:573) [hadoop-common-3.3.6.jar:?]
	at org.apache.hadoop.ipc.RPC$Server.call(RPC.java:1227) [hadoop-common-3.3.6.jar:?]
	at org.apache.hadoop.ipc.Server$RpcCall.run(Server.java:1094) [hadoop-common-3.3.6.jar:?]
	at org.apache.hadoop.ipc.Server$RpcCall.run(Server.java:1017) [hadoop-common-3.3.6.jar:?]
	at java.security.AccessController.doPrivileged(Native Method) ~[?:1.8.0_382]
	at javax.security.auth.Subject.doAs(Subject.java:422) [?:1.8.0_382]
	at org.apache.hadoop.security.UserGroupInformation.doAs(UserGroupInformation.java:1899) [hadoop-common-3.3.6.jar:?]
	at org.apache.hadoop.ipc.Server$Handler.run(Server.java:3048) [hadoop-common-3.3.6.jar:?]
20:29:41.290 [IPC Server handler 2 on default port 15057] ERROR OMAudit - user=runner | ip=127.0.0.1 | op=GET_FILE_STATUS {volume=volume62736, bucket=bucket10134, key=dir1/dir2/key1, dataSize=0, replicationConfig=null} | ret=FAILURE
org.apache.hadoop.ozone.om.exceptions.OMException: Unable to get file status: volume: volume62736 bucket: bucket10134 key: dir1/dir2/key1
	at org.apache.hadoop.ozone.om.KeyManagerImpl.getOzoneFileStatus(KeyManagerImpl.java:1195) ~[ozone-manager-1.4.0-SNAPSHOT.jar:?]
	at org.apache.hadoop.ozone.om.KeyManagerImpl.getFileStatus(KeyManagerImpl.java:1113) ~[ozone-manager-1.4.0-SNAPSHOT.jar:?]
	at org.apache.hadoop.ozone.om.OmMetadataReader.getFileStatus(OmMetadataReader.java:262) ~[ozone-manager-1.4.0-SNAPSHOT.jar:?]
	at org.apache.hadoop.ozone.om.OzoneManager.getFileStatus(OzoneManager.java:3530) ~[ozone-manager-1.4.0-SNAPSHOT.jar:?]
	at org.apache.hadoop.ozone.protocolPB.OzoneManagerRequestHandler.getOzoneFileStatus(OzoneManagerRequestHandler.java:971) ~[ozone-manager-1.4.0-SNAPSHOT.jar:?]
	at org.apache.hadoop.ozone.protocolPB.OzoneManagerRequestHandler.handleReadRequest(OzoneManagerRequestHandler.java:250) ~[ozone-manager-1.4.0-SNAPSHOT.jar:?]
	at org.apache.hadoop.ozone.protocolPB.OzoneManagerProtocolServerSideTranslatorPB.submitRequestDirectlyToOM(OzoneManagerProtocolServerSideTranslatorPB.java:274) ~[ozone-manager-1.4.0-SNAPSHOT.jar:?]
	at org.apache.hadoop.ozone.protocolPB.OzoneManagerProtocolServerSideTranslatorPB.processRequest(OzoneManagerProtocolServerSideTranslatorPB.java:175) ~[ozone-manager-1.4.0-SNAPSHOT.jar:?]
	at org.apache.hadoop.hdds.server.OzoneProtocolMessageDispatcher.processRequest(OzoneProtocolMessageDispatcher.java:87) [hdds-server-framework-1.4.0-SNAPSHOT.jar:?]
	at org.apache.hadoop.ozone.protocolPB.OzoneManagerProtocolServerSideTranslatorPB.submitRequest(OzoneManagerProtocolServerSideTranslatorPB.java:148) [ozone-manager-1.4.0-SNAPSHOT.jar:?]
	at org.apache.hadoop.ozone.protocol.proto.OzoneManagerProtocolProtos$OzoneManagerService$2.callBlockingMethod(OzoneManagerProtocolProtos.java) [ozone-interface-client-1.4.0-SNAPSHOT.jar:?]
	at org.apache.hadoop.ipc.ProtobufRpcEngine$Server.processCall(ProtobufRpcEngine.java:484) [hadoop-common-3.3.6.jar:?]
	at org.apache.hadoop.ipc.ProtobufRpcEngine2$Server$ProtoBufRpcInvoker.call(ProtobufRpcEngine2.java:595) [hadoop-common-3.3.6.jar:?]
	at org.apache.hadoop.ipc.ProtobufRpcEngine2$Server$ProtoBufRpcInvoker.call(ProtobufRpcEngine2.java:573) [hadoop-common-3.3.6.jar:?]
	at org.apache.hadoop.ipc.RPC$Server.call(RPC.java:1227) [hadoop-common-3.3.6.jar:?]
	at org.apache.hadoop.ipc.Server$RpcCall.run(Server.java:1094) [hadoop-common-3.3.6.jar:?]
	at org.apache.hadoop.ipc.Server$RpcCall.run(Server.java:1017) [hadoop-common-3.3.6.jar:?]
	at java.security.AccessController.doPrivileged(Native Method) ~[?:1.8.0_382]
	at javax.security.auth.Subject.doAs(Subject.java:422) [?:1.8.0_382]
	at org.apache.hadoop.security.UserGroupInformation.doAs(UserGroupInformation.java:1899) [hadoop-common-3.3.6.jar:?]
	at org.apache.hadoop.ipc.Server$Handler.run(Server.java:3048) [hadoop-common-3.3.6.jar:?]
20:29:41.294 [IPC Server handler 1 on default port 15057] ERROR OMAudit - user=runner | ip=127.0.0.1 | op=GET_FILE_STATUS {volume=volume62736, bucket=bucket10134, key=user/runner/dir1, dataSize=0, replicationConfig=null} | ret=FAILURE
org.apache.hadoop.ozone.om.exceptions.OMException: Unable to get file status: volume: volume62736 bucket: bucket10134 key: user/runner/dir1
	at org.apache.hadoop.ozone.om.KeyManagerImpl.getOzoneFileStatus(KeyManagerImpl.java:1195) ~[ozone-manager-1.4.0-SNAPSHOT.jar:?]
	at org.apache.hadoop.ozone.om.KeyManagerImpl.getFileStatus(KeyManagerImpl.java:1113) ~[ozone-manager-1.4.0-SNAPSHOT.jar:?]
	at org.apache.hadoop.ozone.om.OmMetadataReader.getFileStatus(OmMetadataReader.java:262) ~[ozone-manager-1.4.0-SNAPSHOT.jar:?]
	at org.apache.hadoop.ozone.om.OzoneManager.getFileStatus(OzoneManager.java:3530) ~[ozone-manager-1.4.0-SNAPSHOT.jar:?]
	at org.apache.hadoop.ozone.protocolPB.OzoneManagerRequestHandler.getOzoneFileStatus(OzoneManagerRequestHandler.java:971) ~[ozone-manager-1.4.0-SNAPSHOT.jar:?]
	at org.apache.hadoop.ozone.protocolPB.OzoneManagerRequestHandler.handleReadRequest(OzoneManagerRequestHandler.java:250) ~[ozone-manager-1.4.0-SNAPSHOT.jar:?]
	at org.apache.hadoop.ozone.protocolPB.OzoneManagerProtocolServerSideTranslatorPB.submitRequestDirectlyToOM(OzoneManagerProtocolServerSideTranslatorPB.java:274) ~[ozone-manager-1.4.0-SNAPSHOT.jar:?]
	at org.apache.hadoop.ozone.protocolPB.OzoneManagerProtocolServerSideTranslatorPB.processRequest(OzoneManagerProtocolServerSideTranslatorPB.java:175) ~[ozone-manager-1.4.0-SNAPSHOT.jar:?]
	at org.apache.hadoop.hdds.server.OzoneProtocolMessageDispatcher.processRequest(OzoneProtocolMessageDispatcher.java:87) [hdds-server-framework-1.4.0-SNAPSHOT.jar:?]
	at org.apache.hadoop.ozone.protocolPB.OzoneManagerProtocolServerSideTranslatorPB.submitRequest(OzoneManagerProtocolServerSideTranslatorPB.java:148) [ozone-manager-1.4.0-SNAPSHOT.jar:?]
	at org.apache.hadoop.ozone.protocol.proto.OzoneManagerProtocolProtos$OzoneManagerService$2.callBlockingMethod(OzoneManagerProtocolProtos.java) [ozone-interface-client-1.4.0-SNAPSHOT.jar:?]
	at org.apache.hadoop.ipc.ProtobufRpcEngine$Server.processCall(ProtobufRpcEngine.java:484) [hadoop-common-3.3.6.jar:?]
	at org.apache.hadoop.ipc.ProtobufRpcEngine2$Server$ProtoBufRpcInvoker.call(ProtobufRpcEngine2.java:595) [hadoop-common-3.3.6.jar:?]
	at org.apache.hadoop.ipc.ProtobufRpcEngine2$Server$ProtoBufRpcInvoker.call(ProtobufRpcEngine2.java:573) [hadoop-common-3.3.6.jar:?]
	at org.apache.hadoop.ipc.RPC$Server.call(RPC.java:1227) [hadoop-common-3.3.6.jar:?]
	at org.apache.hadoop.ipc.Server$RpcCall.run(Server.java:1094) [hadoop-common-3.3.6.jar:?]
	at org.apache.hadoop.ipc.Server$RpcCall.run(Server.java:1017) [hadoop-common-3.3.6.jar:?]
	at java.security.AccessController.doPrivileged(Native Method) ~[?:1.8.0_382]
	at javax.security.auth.Subject.doAs(Subject.java:422) [?:1.8.0_382]
	at org.apache.hadoop.security.UserGroupInformation.doAs(UserGroupInformation.java:1899) [hadoop-common-3.3.6.jar:?]
	at org.apache.hadoop.ipc.Server$Handler.run(Server.java:3048) [hadoop-common-3.3.6.jar:?]
20:29:41.295 [IPC Server handler 0 on default port 15057] ERROR OMAudit - user=runner | ip=127.0.0.1 | op=GET_FILE_STATUS {volume=volume62736, bucket=bucket10134, key=user/runner/dir1/dir2, dataSize=0, replicationConfig=null} | ret=FAILURE
org.apache.hadoop.ozone.om.exceptions.OMException: Unable to get file status: volume: volume62736 bucket: bucket10134 key: user/runner/dir1/dir2
	at org.apache.hadoop.ozone.om.KeyManagerImpl.getOzoneFileStatus(KeyManagerImpl.java:1195) ~[ozone-manager-1.4.0-SNAPSHOT.jar:?]
	at org.apache.hadoop.ozone.om.KeyManagerImpl.getFileStatus(KeyManagerImpl.java:1113) ~[ozone-manager-1.4.0-SNAPSHOT.jar:?]
	at org.apache.hadoop.ozone.om.OmMetadataReader.getFileStatus(OmMetadataReader.java:262) ~[ozone-manager-1.4.0-SNAPSHOT.jar:?]
	at org.apache.hadoop.ozone.om.OzoneManager.getFileStatus(OzoneManager.java:3530) ~[ozone-manager-1.4.0-SNAPSHOT.jar:?]
	at org.apache.hadoop.ozone.protocolPB.OzoneManagerRequestHandler.getOzoneFileStatus(OzoneManagerRequestHandler.java:971) ~[ozone-manager-1.4.0-SNAPSHOT.jar:?]
	at org.apache.hadoop.ozone.protocolPB.OzoneManagerRequestHandler.handleReadRequest(OzoneManagerRequestHandler.java:250) ~[ozone-manager-1.4.0-SNAPSHOT.jar:?]
	at org.apache.hadoop.ozone.protocolPB.OzoneManagerProtocolServerSideTranslatorPB.submitRequestDirectlyToOM(OzoneManagerProtocolServerSideTranslatorPB.java:274) ~[ozone-manager-1.4.0-SNAPSHOT.jar:?]
	at org.apache.hadoop.ozone.protocolPB.OzoneManagerProtocolServerSideTranslatorPB.processRequest(OzoneManagerProtocolServerSideTranslatorPB.java:175) ~[ozone-manager-1.4.0-SNAPSHOT.jar:?]
	at org.apache.hadoop.hdds.server.OzoneProtocolMessageDispatcher.processRequest(OzoneProtocolMessageDispatcher.java:87) [hdds-server-framework-1.4.0-SNAPSHOT.jar:?]
	at org.apache.hadoop.ozone.protocolPB.OzoneManagerProtocolServerSideTranslatorPB.submitRequest(OzoneManagerProtocolServerSideTranslatorPB.java:148) [ozone-manager-1.4.0-SNAPSHOT.jar:?]
	at org.apache.hadoop.ozone.protocol.proto.OzoneManagerProtocolProtos$OzoneManagerService$2.callBlockingMethod(OzoneManagerProtocolProtos.java) [ozone-interface-client-1.4.0-SNAPSHOT.jar:?]
	at org.apache.hadoop.ipc.ProtobufRpcEngine$Server.processCall(ProtobufRpcEngine.java:484) [hadoop-common-3.3.6.jar:?]
	at org.apache.hadoop.ipc.ProtobufRpcEngine2$Server$ProtoBufRpcInvoker.call(ProtobufRpcEngine2.java:595) [hadoop-common-3.3.6.jar:?]
	at org.apache.hadoop.ipc.ProtobufRpcEngine2$Server$ProtoBufRpcInvoker.call(ProtobufRpcEngine2.java:573) [hadoop-common-3.3.6.jar:?]
	at org.apache.hadoop.ipc.RPC$Server.call(RPC.java:1227) [hadoop-common-3.3.6.jar:?]
	at org.apache.hadoop.ipc.Server$RpcCall.run(Server.java:1094) [hadoop-common-3.3.6.jar:?]
	at org.apache.hadoop.ipc.Server$RpcCall.run(Server.java:1017) [hadoop-common-3.3.6.jar:?]
	at java.security.AccessController.doPrivileged(Native Method) ~[?:1.8.0_382]
	at javax.security.auth.Subject.doAs(Subject.java:422) [?:1.8.0_382]
	at org.apache.hadoop.security.UserGroupInformation.doAs(UserGroupInformation.java:1899) [hadoop-common-3.3.6.jar:?]
	at org.apache.hadoop.ipc.Server$Handler.run(Server.java:3048) [hadoop-common-3.3.6.jar:?]
]]></system-out>
  </testcase>
  <testcase name="testRenameContainDelimiterFile" classname="TestOzoneFileSystem" time="0.043">
    <system-out><![CDATA[20:31:06.812 [IPC Server handler 5 on default port 15110] ERROR OMAudit - user=runner | ip=127.0.0.1 | op=GET_FILE_STATUS {volume=volume50105, bucket=bucket55116, key=dir1/dir2/key2, dataSize=0, replicationConfig=null} | ret=FAILURE
org.apache.hadoop.ozone.om.exceptions.OMException: Unable to get file status: volume: volume50105 bucket: bucket55116 key: dir1/dir2/key2
	at org.apache.hadoop.ozone.om.KeyManagerImpl.getOzoneFileStatus(KeyManagerImpl.java:1195) ~[ozone-manager-1.4.0-SNAPSHOT.jar:?]
	at org.apache.hadoop.ozone.om.KeyManagerImpl.getFileStatus(KeyManagerImpl.java:1113) ~[ozone-manager-1.4.0-SNAPSHOT.jar:?]
	at org.apache.hadoop.ozone.om.OmMetadataReader.getFileStatus(OmMetadataReader.java:262) ~[ozone-manager-1.4.0-SNAPSHOT.jar:?]
	at org.apache.hadoop.ozone.om.OzoneManager.getFileStatus(OzoneManager.java:3530) ~[ozone-manager-1.4.0-SNAPSHOT.jar:?]
	at org.apache.hadoop.ozone.protocolPB.OzoneManagerRequestHandler.getOzoneFileStatus(OzoneManagerRequestHandler.java:971) ~[ozone-manager-1.4.0-SNAPSHOT.jar:?]
	at org.apache.hadoop.ozone.protocolPB.OzoneManagerRequestHandler.handleReadRequest(OzoneManagerRequestHandler.java:250) ~[ozone-manager-1.4.0-SNAPSHOT.jar:?]
	at org.apache.hadoop.ozone.protocolPB.OzoneManagerProtocolServerSideTranslatorPB.submitReadRequestToOM(OzoneManagerProtocolServerSideTranslatorPB.java:225) ~[ozone-manager-1.4.0-SNAPSHOT.jar:?]
	at org.apache.hadoop.ozone.protocolPB.OzoneManagerProtocolServerSideTranslatorPB.processRequest(OzoneManagerProtocolServerSideTranslatorPB.java:179) ~[ozone-manager-1.4.0-SNAPSHOT.jar:?]
	at org.apache.hadoop.hdds.server.OzoneProtocolMessageDispatcher.processRequest(OzoneProtocolMessageDispatcher.java:87) [hdds-server-framework-1.4.0-SNAPSHOT.jar:?]
	at org.apache.hadoop.ozone.protocolPB.OzoneManagerProtocolServerSideTranslatorPB.submitRequest(OzoneManagerProtocolServerSideTranslatorPB.java:148) [ozone-manager-1.4.0-SNAPSHOT.jar:?]
	at org.apache.hadoop.ozone.protocol.proto.OzoneManagerProtocolProtos$OzoneManagerService$2.callBlockingMethod(OzoneManagerProtocolProtos.java) [ozone-interface-client-1.4.0-SNAPSHOT.jar:?]
	at org.apache.hadoop.ipc.ProtobufRpcEngine$Server.processCall(ProtobufRpcEngine.java:484) [hadoop-common-3.3.6.jar:?]
	at org.apache.hadoop.ipc.ProtobufRpcEngine2$Server$ProtoBufRpcInvoker.call(ProtobufRpcEngine2.java:595) [hadoop-common-3.3.6.jar:?]
	at org.apache.hadoop.ipc.ProtobufRpcEngine2$Server$ProtoBufRpcInvoker.call(ProtobufRpcEngine2.java:573) [hadoop-common-3.3.6.jar:?]
	at org.apache.hadoop.ipc.RPC$Server.call(RPC.java:1227) [hadoop-common-3.3.6.jar:?]
	at org.apache.hadoop.ipc.Server$RpcCall.run(Server.java:1094) [hadoop-common-3.3.6.jar:?]
	at org.apache.hadoop.ipc.Server$RpcCall.run(Server.java:1017) [hadoop-common-3.3.6.jar:?]
	at java.security.AccessController.doPrivileged(Native Method) ~[?:1.8.0_382]
	at javax.security.auth.Subject.doAs(Subject.java:422) [?:1.8.0_382]
	at org.apache.hadoop.security.UserGroupInformation.doAs(UserGroupInformation.java:1899) [hadoop-common-3.3.6.jar:?]
	at org.apache.hadoop.ipc.Server$Handler.run(Server.java:3048) [hadoop-common-3.3.6.jar:?]
20:31:06.824 [IPC Server handler 18 on default port 15110] ERROR OMAudit - user=runner | ip=127.0.0.1 | op=GET_FILE_STATUS {volume=volume50105, bucket=bucket55116, key=dir1/dir2/key1, dataSize=0, replicationConfig=null} | ret=FAILURE
org.apache.hadoop.ozone.om.exceptions.OMException: Unable to get file status: volume: volume50105 bucket: bucket55116 key: dir1/dir2/key1
	at org.apache.hadoop.ozone.om.KeyManagerImpl.getOzoneFileStatus(KeyManagerImpl.java:1195) ~[ozone-manager-1.4.0-SNAPSHOT.jar:?]
	at org.apache.hadoop.ozone.om.KeyManagerImpl.getFileStatus(KeyManagerImpl.java:1113) ~[ozone-manager-1.4.0-SNAPSHOT.jar:?]
	at org.apache.hadoop.ozone.om.OmMetadataReader.getFileStatus(OmMetadataReader.java:262) ~[ozone-manager-1.4.0-SNAPSHOT.jar:?]
	at org.apache.hadoop.ozone.om.OzoneManager.getFileStatus(OzoneManager.java:3530) ~[ozone-manager-1.4.0-SNAPSHOT.jar:?]
	at org.apache.hadoop.ozone.protocolPB.OzoneManagerRequestHandler.getOzoneFileStatus(OzoneManagerRequestHandler.java:971) ~[ozone-manager-1.4.0-SNAPSHOT.jar:?]
	at org.apache.hadoop.ozone.protocolPB.OzoneManagerRequestHandler.handleReadRequest(OzoneManagerRequestHandler.java:250) ~[ozone-manager-1.4.0-SNAPSHOT.jar:?]
	at org.apache.hadoop.ozone.protocolPB.OzoneManagerProtocolServerSideTranslatorPB.submitReadRequestToOM(OzoneManagerProtocolServerSideTranslatorPB.java:225) ~[ozone-manager-1.4.0-SNAPSHOT.jar:?]
	at org.apache.hadoop.ozone.protocolPB.OzoneManagerProtocolServerSideTranslatorPB.processRequest(OzoneManagerProtocolServerSideTranslatorPB.java:179) ~[ozone-manager-1.4.0-SNAPSHOT.jar:?]
	at org.apache.hadoop.hdds.server.OzoneProtocolMessageDispatcher.processRequest(OzoneProtocolMessageDispatcher.java:87) [hdds-server-framework-1.4.0-SNAPSHOT.jar:?]
	at org.apache.hadoop.ozone.protocolPB.OzoneManagerProtocolServerSideTranslatorPB.submitRequest(OzoneManagerProtocolServerSideTranslatorPB.java:148) [ozone-manager-1.4.0-SNAPSHOT.jar:?]
	at org.apache.hadoop.ozone.protocol.proto.OzoneManagerProtocolProtos$OzoneManagerService$2.callBlockingMethod(OzoneManagerProtocolProtos.java) [ozone-interface-client-1.4.0-SNAPSHOT.jar:?]
	at org.apache.hadoop.ipc.ProtobufRpcEngine$Server.processCall(ProtobufRpcEngine.java:484) [hadoop-common-3.3.6.jar:?]
	at org.apache.hadoop.ipc.ProtobufRpcEngine2$Server$ProtoBufRpcInvoker.call(ProtobufRpcEngine2.java:595) [hadoop-common-3.3.6.jar:?]
	at org.apache.hadoop.ipc.ProtobufRpcEngine2$Server$ProtoBufRpcInvoker.call(ProtobufRpcEngine2.java:573) [hadoop-common-3.3.6.jar:?]
	at org.apache.hadoop.ipc.RPC$Server.call(RPC.java:1227) [hadoop-common-3.3.6.jar:?]
	at org.apache.hadoop.ipc.Server$RpcCall.run(Server.java:1094) [hadoop-common-3.3.6.jar:?]
	at org.apache.hadoop.ipc.Server$RpcCall.run(Server.java:1017) [hadoop-common-3.3.6.jar:?]
	at java.security.AccessController.doPrivileged(Native Method) ~[?:1.8.0_382]
	at javax.security.auth.Subject.doAs(Subject.java:422) [?:1.8.0_382]
	at org.apache.hadoop.security.UserGroupInformation.doAs(UserGroupInformation.java:1899) [hadoop-common-3.3.6.jar:?]
	at org.apache.hadoop.ipc.Server$Handler.run(Server.java:3048) [hadoop-common-3.3.6.jar:?]
20:31:06.826 [IPC Server handler 19 on default port 15110] ERROR OMAudit - user=runner | ip=127.0.0.1 | op=GET_FILE_STATUS {volume=volume50105, bucket=bucket55116, key=user/runner/dir1, dataSize=0, replicationConfig=null} | ret=FAILURE
org.apache.hadoop.ozone.om.exceptions.OMException: Unable to get file status: volume: volume50105 bucket: bucket55116 key: user/runner/dir1
	at org.apache.hadoop.ozone.om.KeyManagerImpl.getOzoneFileStatus(KeyManagerImpl.java:1195) ~[ozone-manager-1.4.0-SNAPSHOT.jar:?]
	at org.apache.hadoop.ozone.om.KeyManagerImpl.getFileStatus(KeyManagerImpl.java:1113) ~[ozone-manager-1.4.0-SNAPSHOT.jar:?]
	at org.apache.hadoop.ozone.om.OmMetadataReader.getFileStatus(OmMetadataReader.java:262) ~[ozone-manager-1.4.0-SNAPSHOT.jar:?]
	at org.apache.hadoop.ozone.om.OzoneManager.getFileStatus(OzoneManager.java:3530) ~[ozone-manager-1.4.0-SNAPSHOT.jar:?]
	at org.apache.hadoop.ozone.protocolPB.OzoneManagerRequestHandler.getOzoneFileStatus(OzoneManagerRequestHandler.java:971) ~[ozone-manager-1.4.0-SNAPSHOT.jar:?]
	at org.apache.hadoop.ozone.protocolPB.OzoneManagerRequestHandler.handleReadRequest(OzoneManagerRequestHandler.java:250) ~[ozone-manager-1.4.0-SNAPSHOT.jar:?]
	at org.apache.hadoop.ozone.protocolPB.OzoneManagerProtocolServerSideTranslatorPB.submitReadRequestToOM(OzoneManagerProtocolServerSideTranslatorPB.java:225) ~[ozone-manager-1.4.0-SNAPSHOT.jar:?]
	at org.apache.hadoop.ozone.protocolPB.OzoneManagerProtocolServerSideTranslatorPB.processRequest(OzoneManagerProtocolServerSideTranslatorPB.java:179) ~[ozone-manager-1.4.0-SNAPSHOT.jar:?]
	at org.apache.hadoop.hdds.server.OzoneProtocolMessageDispatcher.processRequest(OzoneProtocolMessageDispatcher.java:87) [hdds-server-framework-1.4.0-SNAPSHOT.jar:?]
	at org.apache.hadoop.ozone.protocolPB.OzoneManagerProtocolServerSideTranslatorPB.submitRequest(OzoneManagerProtocolServerSideTranslatorPB.java:148) [ozone-manager-1.4.0-SNAPSHOT.jar:?]
	at org.apache.hadoop.ozone.protocol.proto.OzoneManagerProtocolProtos$OzoneManagerService$2.callBlockingMethod(OzoneManagerProtocolProtos.java) [ozone-interface-client-1.4.0-SNAPSHOT.jar:?]
	at org.apache.hadoop.ipc.ProtobufRpcEngine$Server.processCall(ProtobufRpcEngine.java:484) [hadoop-common-3.3.6.jar:?]
	at org.apache.hadoop.ipc.ProtobufRpcEngine2$Server$ProtoBufRpcInvoker.call(ProtobufRpcEngine2.java:595) [hadoop-common-3.3.6.jar:?]
	at org.apache.hadoop.ipc.ProtobufRpcEngine2$Server$ProtoBufRpcInvoker.call(ProtobufRpcEngine2.java:573) [hadoop-common-3.3.6.jar:?]
	at org.apache.hadoop.ipc.RPC$Server.call(RPC.java:1227) [hadoop-common-3.3.6.jar:?]
	at org.apache.hadoop.ipc.Server$RpcCall.run(Server.java:1094) [hadoop-common-3.3.6.jar:?]
	at org.apache.hadoop.ipc.Server$RpcCall.run(Server.java:1017) [hadoop-common-3.3.6.jar:?]
	at java.security.AccessController.doPrivileged(Native Method) ~[?:1.8.0_382]
	at javax.security.auth.Subject.doAs(Subject.java:422) [?:1.8.0_382]
	at org.apache.hadoop.security.UserGroupInformation.doAs(UserGroupInformation.java:1899) [hadoop-common-3.3.6.jar:?]
	at org.apache.hadoop.ipc.Server$Handler.run(Server.java:3048) [hadoop-common-3.3.6.jar:?]
20:31:06.827 [IPC Server handler 0 on default port 15110] ERROR OMAudit - user=runner | ip=127.0.0.1 | op=GET_FILE_STATUS {volume=volume50105, bucket=bucket55116, key=user/runner/dir1/dir2, dataSize=0, replicationConfig=null} | ret=FAILURE
org.apache.hadoop.ozone.om.exceptions.OMException: Unable to get file status: volume: volume50105 bucket: bucket55116 key: user/runner/dir1/dir2
	at org.apache.hadoop.ozone.om.KeyManagerImpl.getOzoneFileStatus(KeyManagerImpl.java:1195) ~[ozone-manager-1.4.0-SNAPSHOT.jar:?]
	at org.apache.hadoop.ozone.om.KeyManagerImpl.getFileStatus(KeyManagerImpl.java:1113) ~[ozone-manager-1.4.0-SNAPSHOT.jar:?]
	at org.apache.hadoop.ozone.om.OmMetadataReader.getFileStatus(OmMetadataReader.java:262) ~[ozone-manager-1.4.0-SNAPSHOT.jar:?]
	at org.apache.hadoop.ozone.om.OzoneManager.getFileStatus(OzoneManager.java:3530) ~[ozone-manager-1.4.0-SNAPSHOT.jar:?]
	at org.apache.hadoop.ozone.protocolPB.OzoneManagerRequestHandler.getOzoneFileStatus(OzoneManagerRequestHandler.java:971) ~[ozone-manager-1.4.0-SNAPSHOT.jar:?]
	at org.apache.hadoop.ozone.protocolPB.OzoneManagerRequestHandler.handleReadRequest(OzoneManagerRequestHandler.java:250) ~[ozone-manager-1.4.0-SNAPSHOT.jar:?]
	at org.apache.hadoop.ozone.protocolPB.OzoneManagerProtocolServerSideTranslatorPB.submitReadRequestToOM(OzoneManagerProtocolServerSideTranslatorPB.java:225) ~[ozone-manager-1.4.0-SNAPSHOT.jar:?]
	at org.apache.hadoop.ozone.protocolPB.OzoneManagerProtocolServerSideTranslatorPB.processRequest(OzoneManagerProtocolServerSideTranslatorPB.java:179) ~[ozone-manager-1.4.0-SNAPSHOT.jar:?]
	at org.apache.hadoop.hdds.server.OzoneProtocolMessageDispatcher.processRequest(OzoneProtocolMessageDispatcher.java:87) [hdds-server-framework-1.4.0-SNAPSHOT.jar:?]
	at org.apache.hadoop.ozone.protocolPB.OzoneManagerProtocolServerSideTranslatorPB.submitRequest(OzoneManagerProtocolServerSideTranslatorPB.java:148) [ozone-manager-1.4.0-SNAPSHOT.jar:?]
	at org.apache.hadoop.ozone.protocol.proto.OzoneManagerProtocolProtos$OzoneManagerService$2.callBlockingMethod(OzoneManagerProtocolProtos.java) [ozone-interface-client-1.4.0-SNAPSHOT.jar:?]
	at org.apache.hadoop.ipc.ProtobufRpcEngine$Server.processCall(ProtobufRpcEngine.java:484) [hadoop-common-3.3.6.jar:?]
	at org.apache.hadoop.ipc.ProtobufRpcEngine2$Server$ProtoBufRpcInvoker.call(ProtobufRpcEngine2.java:595) [hadoop-common-3.3.6.jar:?]
	at org.apache.hadoop.ipc.ProtobufRpcEngine2$Server$ProtoBufRpcInvoker.call(ProtobufRpcEngine2.java:573) [hadoop-common-3.3.6.jar:?]
	at org.apache.hadoop.ipc.RPC$Server.call(RPC.java:1227) [hadoop-common-3.3.6.jar:?]
	at org.apache.hadoop.ipc.Server$RpcCall.run(Server.java:1094) [hadoop-common-3.3.6.jar:?]
	at org.apache.hadoop.ipc.Server$RpcCall.run(Server.java:1017) [hadoop-common-3.3.6.jar:?]
	at java.security.AccessController.doPrivileged(Native Method) ~[?:1.8.0_382]
	at javax.security.auth.Subject.doAs(Subject.java:422) [?:1.8.0_382]
	at org.apache.hadoop.security.UserGroupInformation.doAs(UserGroupInformation.java:1899) [hadoop-common-3.3.6.jar:?]
	at org.apache.hadoop.ipc.Server$Handler.run(Server.java:3048) [hadoop-common-3.3.6.jar:?]
]]></system-out>
  </testcase>
  <testcase name="testRenameContainDelimiterFile" classname="TestOzoneFileSystem" time="0.023">
    <system-out><![CDATA[20:32:44.128 [IPC Server handler 10 on default port 15163] ERROR OMAudit - user=runner | ip=127.0.0.1 | op=GET_FILE_STATUS {volume=volume10577, bucket=bucket68495, key=dir1/dir2/key2, dataSize=0, replicationConfig=null} | ret=FAILURE
org.apache.hadoop.ozone.om.exceptions.OMException: Unable to get file status: volume: volume10577 bucket: bucket68495 key: dir1/dir2/key2
	at org.apache.hadoop.ozone.om.KeyManagerImpl.getOzoneFileStatus(KeyManagerImpl.java:1195) ~[ozone-manager-1.4.0-SNAPSHOT.jar:?]
	at org.apache.hadoop.ozone.om.KeyManagerImpl.getFileStatus(KeyManagerImpl.java:1113) ~[ozone-manager-1.4.0-SNAPSHOT.jar:?]
	at org.apache.hadoop.ozone.om.OmMetadataReader.getFileStatus(OmMetadataReader.java:262) ~[ozone-manager-1.4.0-SNAPSHOT.jar:?]
	at org.apache.hadoop.ozone.om.OzoneManager.getFileStatus(OzoneManager.java:3530) ~[ozone-manager-1.4.0-SNAPSHOT.jar:?]
	at org.apache.hadoop.ozone.protocolPB.OzoneManagerRequestHandler.getOzoneFileStatus(OzoneManagerRequestHandler.java:971) ~[ozone-manager-1.4.0-SNAPSHOT.jar:?]
	at org.apache.hadoop.ozone.protocolPB.OzoneManagerRequestHandler.handleReadRequest(OzoneManagerRequestHandler.java:250) ~[ozone-manager-1.4.0-SNAPSHOT.jar:?]
	at org.apache.hadoop.ozone.protocolPB.OzoneManagerProtocolServerSideTranslatorPB.submitRequestDirectlyToOM(OzoneManagerProtocolServerSideTranslatorPB.java:274) ~[ozone-manager-1.4.0-SNAPSHOT.jar:?]
	at org.apache.hadoop.ozone.protocolPB.OzoneManagerProtocolServerSideTranslatorPB.processRequest(OzoneManagerProtocolServerSideTranslatorPB.java:175) ~[ozone-manager-1.4.0-SNAPSHOT.jar:?]
	at org.apache.hadoop.hdds.server.OzoneProtocolMessageDispatcher.processRequest(OzoneProtocolMessageDispatcher.java:87) [hdds-server-framework-1.4.0-SNAPSHOT.jar:?]
	at org.apache.hadoop.ozone.protocolPB.OzoneManagerProtocolServerSideTranslatorPB.submitRequest(OzoneManagerProtocolServerSideTranslatorPB.java:148) [ozone-manager-1.4.0-SNAPSHOT.jar:?]
	at org.apache.hadoop.ozone.protocol.proto.OzoneManagerProtocolProtos$OzoneManagerService$2.callBlockingMethod(OzoneManagerProtocolProtos.java) [ozone-interface-client-1.4.0-SNAPSHOT.jar:?]
	at org.apache.hadoop.ipc.ProtobufRpcEngine$Server.processCall(ProtobufRpcEngine.java:484) [hadoop-common-3.3.6.jar:?]
	at org.apache.hadoop.ipc.ProtobufRpcEngine2$Server$ProtoBufRpcInvoker.call(ProtobufRpcEngine2.java:595) [hadoop-common-3.3.6.jar:?]
	at org.apache.hadoop.ipc.ProtobufRpcEngine2$Server$ProtoBufRpcInvoker.call(ProtobufRpcEngine2.java:573) [hadoop-common-3.3.6.jar:?]
	at org.apache.hadoop.ipc.RPC$Server.call(RPC.java:1227) [hadoop-common-3.3.6.jar:?]
	at org.apache.hadoop.ipc.Server$RpcCall.run(Server.java:1094) [hadoop-common-3.3.6.jar:?]
	at org.apache.hadoop.ipc.Server$RpcCall.run(Server.java:1017) [hadoop-common-3.3.6.jar:?]
	at java.security.AccessController.doPrivileged(Native Method) ~[?:1.8.0_382]
	at javax.security.auth.Subject.doAs(Subject.java:422) [?:1.8.0_382]
	at org.apache.hadoop.security.UserGroupInformation.doAs(UserGroupInformation.java:1899) [hadoop-common-3.3.6.jar:?]
	at org.apache.hadoop.ipc.Server$Handler.run(Server.java:3048) [hadoop-common-3.3.6.jar:?]
20:32:44.134 [IPC Server handler 19 on default port 15163] ERROR OMAudit - user=runner | ip=127.0.0.1 | op=GET_FILE_STATUS {volume=volume10577, bucket=bucket68495, key=dir1/dir2/key1, dataSize=0, replicationConfig=null} | ret=FAILURE
org.apache.hadoop.ozone.om.exceptions.OMException: Unable to get file status: volume: volume10577 bucket: bucket68495 key: dir1/dir2/key1
	at org.apache.hadoop.ozone.om.KeyManagerImpl.getOzoneFileStatus(KeyManagerImpl.java:1195) ~[ozone-manager-1.4.0-SNAPSHOT.jar:?]
	at org.apache.hadoop.ozone.om.KeyManagerImpl.getFileStatus(KeyManagerImpl.java:1113) ~[ozone-manager-1.4.0-SNAPSHOT.jar:?]
	at org.apache.hadoop.ozone.om.OmMetadataReader.getFileStatus(OmMetadataReader.java:262) ~[ozone-manager-1.4.0-SNAPSHOT.jar:?]
	at org.apache.hadoop.ozone.om.OzoneManager.getFileStatus(OzoneManager.java:3530) ~[ozone-manager-1.4.0-SNAPSHOT.jar:?]
	at org.apache.hadoop.ozone.protocolPB.OzoneManagerRequestHandler.getOzoneFileStatus(OzoneManagerRequestHandler.java:971) ~[ozone-manager-1.4.0-SNAPSHOT.jar:?]
	at org.apache.hadoop.ozone.protocolPB.OzoneManagerRequestHandler.handleReadRequest(OzoneManagerRequestHandler.java:250) ~[ozone-manager-1.4.0-SNAPSHOT.jar:?]
	at org.apache.hadoop.ozone.protocolPB.OzoneManagerProtocolServerSideTranslatorPB.submitRequestDirectlyToOM(OzoneManagerProtocolServerSideTranslatorPB.java:274) ~[ozone-manager-1.4.0-SNAPSHOT.jar:?]
	at org.apache.hadoop.ozone.protocolPB.OzoneManagerProtocolServerSideTranslatorPB.processRequest(OzoneManagerProtocolServerSideTranslatorPB.java:175) ~[ozone-manager-1.4.0-SNAPSHOT.jar:?]
	at org.apache.hadoop.hdds.server.OzoneProtocolMessageDispatcher.processRequest(OzoneProtocolMessageDispatcher.java:87) [hdds-server-framework-1.4.0-SNAPSHOT.jar:?]
	at org.apache.hadoop.ozone.protocolPB.OzoneManagerProtocolServerSideTranslatorPB.submitRequest(OzoneManagerProtocolServerSideTranslatorPB.java:148) [ozone-manager-1.4.0-SNAPSHOT.jar:?]
	at org.apache.hadoop.ozone.protocol.proto.OzoneManagerProtocolProtos$OzoneManagerService$2.callBlockingMethod(OzoneManagerProtocolProtos.java) [ozone-interface-client-1.4.0-SNAPSHOT.jar:?]
	at org.apache.hadoop.ipc.ProtobufRpcEngine$Server.processCall(ProtobufRpcEngine.java:484) [hadoop-common-3.3.6.jar:?]
	at org.apache.hadoop.ipc.ProtobufRpcEngine2$Server$ProtoBufRpcInvoker.call(ProtobufRpcEngine2.java:595) [hadoop-common-3.3.6.jar:?]
	at org.apache.hadoop.ipc.ProtobufRpcEngine2$Server$ProtoBufRpcInvoker.call(ProtobufRpcEngine2.java:573) [hadoop-common-3.3.6.jar:?]
	at org.apache.hadoop.ipc.RPC$Server.call(RPC.java:1227) [hadoop-common-3.3.6.jar:?]
	at org.apache.hadoop.ipc.Server$RpcCall.run(Server.java:1094) [hadoop-common-3.3.6.jar:?]
	at org.apache.hadoop.ipc.Server$RpcCall.run(Server.java:1017) [hadoop-common-3.3.6.jar:?]
	at java.security.AccessController.doPrivileged(Native Method) ~[?:1.8.0_382]
	at javax.security.auth.Subject.doAs(Subject.java:422) [?:1.8.0_382]
	at org.apache.hadoop.security.UserGroupInformation.doAs(UserGroupInformation.java:1899) [hadoop-common-3.3.6.jar:?]
	at org.apache.hadoop.ipc.Server$Handler.run(Server.java:3048) [hadoop-common-3.3.6.jar:?]
20:32:44.136 [IPC Server handler 13 on default port 15163] ERROR OMAudit - user=runner | ip=127.0.0.1 | op=GET_FILE_STATUS {volume=volume10577, bucket=bucket68495, key=user/runner/dir1, dataSize=0, replicationConfig=null} | ret=FAILURE
org.apache.hadoop.ozone.om.exceptions.OMException: Unable to get file status: volume: volume10577 bucket: bucket68495 key: user/runner/dir1
	at org.apache.hadoop.ozone.om.KeyManagerImpl.getOzoneFileStatus(KeyManagerImpl.java:1195) ~[ozone-manager-1.4.0-SNAPSHOT.jar:?]
	at org.apache.hadoop.ozone.om.KeyManagerImpl.getFileStatus(KeyManagerImpl.java:1113) ~[ozone-manager-1.4.0-SNAPSHOT.jar:?]
	at org.apache.hadoop.ozone.om.OmMetadataReader.getFileStatus(OmMetadataReader.java:262) ~[ozone-manager-1.4.0-SNAPSHOT.jar:?]
	at org.apache.hadoop.ozone.om.OzoneManager.getFileStatus(OzoneManager.java:3530) ~[ozone-manager-1.4.0-SNAPSHOT.jar:?]
	at org.apache.hadoop.ozone.protocolPB.OzoneManagerRequestHandler.getOzoneFileStatus(OzoneManagerRequestHandler.java:971) ~[ozone-manager-1.4.0-SNAPSHOT.jar:?]
	at org.apache.hadoop.ozone.protocolPB.OzoneManagerRequestHandler.handleReadRequest(OzoneManagerRequestHandler.java:250) ~[ozone-manager-1.4.0-SNAPSHOT.jar:?]
	at org.apache.hadoop.ozone.protocolPB.OzoneManagerProtocolServerSideTranslatorPB.submitRequestDirectlyToOM(OzoneManagerProtocolServerSideTranslatorPB.java:274) ~[ozone-manager-1.4.0-SNAPSHOT.jar:?]
	at org.apache.hadoop.ozone.protocolPB.OzoneManagerProtocolServerSideTranslatorPB.processRequest(OzoneManagerProtocolServerSideTranslatorPB.java:175) ~[ozone-manager-1.4.0-SNAPSHOT.jar:?]
	at org.apache.hadoop.hdds.server.OzoneProtocolMessageDispatcher.processRequest(OzoneProtocolMessageDispatcher.java:87) [hdds-server-framework-1.4.0-SNAPSHOT.jar:?]
	at org.apache.hadoop.ozone.protocolPB.OzoneManagerProtocolServerSideTranslatorPB.submitRequest(OzoneManagerProtocolServerSideTranslatorPB.java:148) [ozone-manager-1.4.0-SNAPSHOT.jar:?]
	at org.apache.hadoop.ozone.protocol.proto.OzoneManagerProtocolProtos$OzoneManagerService$2.callBlockingMethod(OzoneManagerProtocolProtos.java) [ozone-interface-client-1.4.0-SNAPSHOT.jar:?]
	at org.apache.hadoop.ipc.ProtobufRpcEngine$Server.processCall(ProtobufRpcEngine.java:484) [hadoop-common-3.3.6.jar:?]
	at org.apache.hadoop.ipc.ProtobufRpcEngine2$Server$ProtoBufRpcInvoker.call(ProtobufRpcEngine2.java:595) [hadoop-common-3.3.6.jar:?]
	at org.apache.hadoop.ipc.ProtobufRpcEngine2$Server$ProtoBufRpcInvoker.call(ProtobufRpcEngine2.java:573) [hadoop-common-3.3.6.jar:?]
	at org.apache.hadoop.ipc.RPC$Server.call(RPC.java:1227) [hadoop-common-3.3.6.jar:?]
	at org.apache.hadoop.ipc.Server$RpcCall.run(Server.java:1094) [hadoop-common-3.3.6.jar:?]
	at org.apache.hadoop.ipc.Server$RpcCall.run(Server.java:1017) [hadoop-common-3.3.6.jar:?]
	at java.security.AccessController.doPrivileged(Native Method) ~[?:1.8.0_382]
	at javax.security.auth.Subject.doAs(Subject.java:422) [?:1.8.0_382]
	at org.apache.hadoop.security.UserGroupInformation.doAs(UserGroupInformation.java:1899) [hadoop-common-3.3.6.jar:?]
	at org.apache.hadoop.ipc.Server$Handler.run(Server.java:3048) [hadoop-common-3.3.6.jar:?]
20:32:44.138 [IPC Server handler 18 on default port 15163] ERROR OMAudit - user=runner | ip=127.0.0.1 | op=GET_FILE_STATUS {volume=volume10577, bucket=bucket68495, key=user/runner/dir1/dir2, dataSize=0, replicationConfig=null} | ret=FAILURE
org.apache.hadoop.ozone.om.exceptions.OMException: Unable to get file status: volume: volume10577 bucket: bucket68495 key: user/runner/dir1/dir2
	at org.apache.hadoop.ozone.om.KeyManagerImpl.getOzoneFileStatus(KeyManagerImpl.java:1195) ~[ozone-manager-1.4.0-SNAPSHOT.jar:?]
	at org.apache.hadoop.ozone.om.KeyManagerImpl.getFileStatus(KeyManagerImpl.java:1113) ~[ozone-manager-1.4.0-SNAPSHOT.jar:?]
	at org.apache.hadoop.ozone.om.OmMetadataReader.getFileStatus(OmMetadataReader.java:262) ~[ozone-manager-1.4.0-SNAPSHOT.jar:?]
	at org.apache.hadoop.ozone.om.OzoneManager.getFileStatus(OzoneManager.java:3530) ~[ozone-manager-1.4.0-SNAPSHOT.jar:?]
	at org.apache.hadoop.ozone.protocolPB.OzoneManagerRequestHandler.getOzoneFileStatus(OzoneManagerRequestHandler.java:971) ~[ozone-manager-1.4.0-SNAPSHOT.jar:?]
	at org.apache.hadoop.ozone.protocolPB.OzoneManagerRequestHandler.handleReadRequest(OzoneManagerRequestHandler.java:250) ~[ozone-manager-1.4.0-SNAPSHOT.jar:?]
	at org.apache.hadoop.ozone.protocolPB.OzoneManagerProtocolServerSideTranslatorPB.submitRequestDirectlyToOM(OzoneManagerProtocolServerSideTranslatorPB.java:274) ~[ozone-manager-1.4.0-SNAPSHOT.jar:?]
	at org.apache.hadoop.ozone.protocolPB.OzoneManagerProtocolServerSideTranslatorPB.processRequest(OzoneManagerProtocolServerSideTranslatorPB.java:175) ~[ozone-manager-1.4.0-SNAPSHOT.jar:?]
	at org.apache.hadoop.hdds.server.OzoneProtocolMessageDispatcher.processRequest(OzoneProtocolMessageDispatcher.java:87) [hdds-server-framework-1.4.0-SNAPSHOT.jar:?]
	at org.apache.hadoop.ozone.protocolPB.OzoneManagerProtocolServerSideTranslatorPB.submitRequest(OzoneManagerProtocolServerSideTranslatorPB.java:148) [ozone-manager-1.4.0-SNAPSHOT.jar:?]
	at org.apache.hadoop.ozone.protocol.proto.OzoneManagerProtocolProtos$OzoneManagerService$2.callBlockingMethod(OzoneManagerProtocolProtos.java) [ozone-interface-client-1.4.0-SNAPSHOT.jar:?]
	at org.apache.hadoop.ipc.ProtobufRpcEngine$Server.processCall(ProtobufRpcEngine.java:484) [hadoop-common-3.3.6.jar:?]
	at org.apache.hadoop.ipc.ProtobufRpcEngine2$Server$ProtoBufRpcInvoker.call(ProtobufRpcEngine2.java:595) [hadoop-common-3.3.6.jar:?]
	at org.apache.hadoop.ipc.ProtobufRpcEngine2$Server$ProtoBufRpcInvoker.call(ProtobufRpcEngine2.java:573) [hadoop-common-3.3.6.jar:?]
	at org.apache.hadoop.ipc.RPC$Server.call(RPC.java:1227) [hadoop-common-3.3.6.jar:?]
	at org.apache.hadoop.ipc.Server$RpcCall.run(Server.java:1094) [hadoop-common-3.3.6.jar:?]
	at org.apache.hadoop.ipc.Server$RpcCall.run(Server.java:1017) [hadoop-common-3.3.6.jar:?]
	at java.security.AccessController.doPrivileged(Native Method) ~[?:1.8.0_382]
	at javax.security.auth.Subject.doAs(Subject.java:422) [?:1.8.0_382]
	at org.apache.hadoop.security.UserGroupInformation.doAs(UserGroupInformation.java:1899) [hadoop-common-3.3.6.jar:?]
	at org.apache.hadoop.ipc.Server$Handler.run(Server.java:3048) [hadoop-common-3.3.6.jar:?]
]]></system-out>
  </testcase>
  <testcase name="testMakeDirsWithAnFakeDirectory" classname="TestOzoneFileSystem" time="0.077">
    <system-out><![CDATA[20:27:43.976 [IPC Server handler 15 on default port 15004] ERROR OMAudit - user=runner | ip=127.0.0.1 | op=GET_FILE_STATUS {volume=volume63798, bucket=bucket90991, key=user/runner/dir1/dir2, dataSize=0, replicationConfig=null} | ret=FAILURE
org.apache.hadoop.ozone.om.exceptions.OMException: Unable to get file status: volume: volume63798 bucket: bucket90991 key: user/runner/dir1/dir2
	at org.apache.hadoop.ozone.om.KeyManagerImpl.getOzoneFileStatus(KeyManagerImpl.java:1195) ~[ozone-manager-1.4.0-SNAPSHOT.jar:?]
	at org.apache.hadoop.ozone.om.KeyManagerImpl.getFileStatus(KeyManagerImpl.java:1113) ~[ozone-manager-1.4.0-SNAPSHOT.jar:?]
	at org.apache.hadoop.ozone.om.OmMetadataReader.getFileStatus(OmMetadataReader.java:262) ~[ozone-manager-1.4.0-SNAPSHOT.jar:?]
	at org.apache.hadoop.ozone.om.OzoneManager.getFileStatus(OzoneManager.java:3530) ~[ozone-manager-1.4.0-SNAPSHOT.jar:?]
	at org.apache.hadoop.ozone.protocolPB.OzoneManagerRequestHandler.getOzoneFileStatus(OzoneManagerRequestHandler.java:971) ~[ozone-manager-1.4.0-SNAPSHOT.jar:?]
	at org.apache.hadoop.ozone.protocolPB.OzoneManagerRequestHandler.handleReadRequest(OzoneManagerRequestHandler.java:250) ~[ozone-manager-1.4.0-SNAPSHOT.jar:?]
	at org.apache.hadoop.ozone.protocolPB.OzoneManagerProtocolServerSideTranslatorPB.submitReadRequestToOM(OzoneManagerProtocolServerSideTranslatorPB.java:225) ~[ozone-manager-1.4.0-SNAPSHOT.jar:?]
	at org.apache.hadoop.ozone.protocolPB.OzoneManagerProtocolServerSideTranslatorPB.processRequest(OzoneManagerProtocolServerSideTranslatorPB.java:179) ~[ozone-manager-1.4.0-SNAPSHOT.jar:?]
	at org.apache.hadoop.hdds.server.OzoneProtocolMessageDispatcher.processRequest(OzoneProtocolMessageDispatcher.java:87) [hdds-server-framework-1.4.0-SNAPSHOT.jar:?]
	at org.apache.hadoop.ozone.protocolPB.OzoneManagerProtocolServerSideTranslatorPB.submitRequest(OzoneManagerProtocolServerSideTranslatorPB.java:148) [ozone-manager-1.4.0-SNAPSHOT.jar:?]
	at org.apache.hadoop.ozone.protocol.proto.OzoneManagerProtocolProtos$OzoneManagerService$2.callBlockingMethod(OzoneManagerProtocolProtos.java) [ozone-interface-client-1.4.0-SNAPSHOT.jar:?]
	at org.apache.hadoop.ipc.ProtobufRpcEngine$Server.processCall(ProtobufRpcEngine.java:484) [hadoop-common-3.3.6.jar:?]
	at org.apache.hadoop.ipc.ProtobufRpcEngine2$Server$ProtoBufRpcInvoker.call(ProtobufRpcEngine2.java:595) [hadoop-common-3.3.6.jar:?]
	at org.apache.hadoop.ipc.ProtobufRpcEngine2$Server$ProtoBufRpcInvoker.call(ProtobufRpcEngine2.java:573) [hadoop-common-3.3.6.jar:?]
	at org.apache.hadoop.ipc.RPC$Server.call(RPC.java:1227) [hadoop-common-3.3.6.jar:?]
	at org.apache.hadoop.ipc.Server$RpcCall.run(Server.java:1094) [hadoop-common-3.3.6.jar:?]
	at org.apache.hadoop.ipc.Server$RpcCall.run(Server.java:1017) [hadoop-common-3.3.6.jar:?]
	at java.security.AccessController.doPrivileged(Native Method) ~[?:1.8.0_382]
	at javax.security.auth.Subject.doAs(Subject.java:422) [?:1.8.0_382]
	at org.apache.hadoop.security.UserGroupInformation.doAs(UserGroupInformation.java:1899) [hadoop-common-3.3.6.jar:?]
	at org.apache.hadoop.ipc.Server$Handler.run(Server.java:3048) [hadoop-common-3.3.6.jar:?]
]]></system-out>
  </testcase>
  <testcase name="testMakeDirsWithAnFakeDirectory" classname="TestOzoneFileSystem" time="0.036">
    <system-out><![CDATA[20:29:41.317 [IPC Server handler 7 on default port 15057] ERROR OMAudit - user=runner | ip=127.0.0.1 | op=GET_FILE_STATUS {volume=volume62736, bucket=bucket10134, key=user/runner/dir1/dir2, dataSize=0, replicationConfig=null} | ret=FAILURE
org.apache.hadoop.ozone.om.exceptions.OMException: Unable to get file status: volume: volume62736 bucket: bucket10134 key: user/runner/dir1/dir2
	at org.apache.hadoop.ozone.om.KeyManagerImpl.getOzoneFileStatus(KeyManagerImpl.java:1195) ~[ozone-manager-1.4.0-SNAPSHOT.jar:?]
	at org.apache.hadoop.ozone.om.KeyManagerImpl.getFileStatus(KeyManagerImpl.java:1113) ~[ozone-manager-1.4.0-SNAPSHOT.jar:?]
	at org.apache.hadoop.ozone.om.OmMetadataReader.getFileStatus(OmMetadataReader.java:262) ~[ozone-manager-1.4.0-SNAPSHOT.jar:?]
	at org.apache.hadoop.ozone.om.OzoneManager.getFileStatus(OzoneManager.java:3530) ~[ozone-manager-1.4.0-SNAPSHOT.jar:?]
	at org.apache.hadoop.ozone.protocolPB.OzoneManagerRequestHandler.getOzoneFileStatus(OzoneManagerRequestHandler.java:971) ~[ozone-manager-1.4.0-SNAPSHOT.jar:?]
	at org.apache.hadoop.ozone.protocolPB.OzoneManagerRequestHandler.handleReadRequest(OzoneManagerRequestHandler.java:250) ~[ozone-manager-1.4.0-SNAPSHOT.jar:?]
	at org.apache.hadoop.ozone.protocolPB.OzoneManagerProtocolServerSideTranslatorPB.submitRequestDirectlyToOM(OzoneManagerProtocolServerSideTranslatorPB.java:274) ~[ozone-manager-1.4.0-SNAPSHOT.jar:?]
	at org.apache.hadoop.ozone.protocolPB.OzoneManagerProtocolServerSideTranslatorPB.processRequest(OzoneManagerProtocolServerSideTranslatorPB.java:175) ~[ozone-manager-1.4.0-SNAPSHOT.jar:?]
	at org.apache.hadoop.hdds.server.OzoneProtocolMessageDispatcher.processRequest(OzoneProtocolMessageDispatcher.java:87) [hdds-server-framework-1.4.0-SNAPSHOT.jar:?]
	at org.apache.hadoop.ozone.protocolPB.OzoneManagerProtocolServerSideTranslatorPB.submitRequest(OzoneManagerProtocolServerSideTranslatorPB.java:148) [ozone-manager-1.4.0-SNAPSHOT.jar:?]
	at org.apache.hadoop.ozone.protocol.proto.OzoneManagerProtocolProtos$OzoneManagerService$2.callBlockingMethod(OzoneManagerProtocolProtos.java) [ozone-interface-client-1.4.0-SNAPSHOT.jar:?]
	at org.apache.hadoop.ipc.ProtobufRpcEngine$Server.processCall(ProtobufRpcEngine.java:484) [hadoop-common-3.3.6.jar:?]
	at org.apache.hadoop.ipc.ProtobufRpcEngine2$Server$ProtoBufRpcInvoker.call(ProtobufRpcEngine2.java:595) [hadoop-common-3.3.6.jar:?]
	at org.apache.hadoop.ipc.ProtobufRpcEngine2$Server$ProtoBufRpcInvoker.call(ProtobufRpcEngine2.java:573) [hadoop-common-3.3.6.jar:?]
	at org.apache.hadoop.ipc.RPC$Server.call(RPC.java:1227) [hadoop-common-3.3.6.jar:?]
	at org.apache.hadoop.ipc.Server$RpcCall.run(Server.java:1094) [hadoop-common-3.3.6.jar:?]
	at org.apache.hadoop.ipc.Server$RpcCall.run(Server.java:1017) [hadoop-common-3.3.6.jar:?]
	at java.security.AccessController.doPrivileged(Native Method) ~[?:1.8.0_382]
	at javax.security.auth.Subject.doAs(Subject.java:422) [?:1.8.0_382]
	at org.apache.hadoop.security.UserGroupInformation.doAs(UserGroupInformation.java:1899) [hadoop-common-3.3.6.jar:?]
	at org.apache.hadoop.ipc.Server$Handler.run(Server.java:3048) [hadoop-common-3.3.6.jar:?]
]]></system-out>
  </testcase>
  <testcase name="testMakeDirsWithAnFakeDirectory" classname="TestOzoneFileSystem" time="0.032">
    <system-out><![CDATA[20:31:06.852 [IPC Server handler 6 on default port 15110] ERROR OMAudit - user=runner | ip=127.0.0.1 | op=GET_FILE_STATUS {volume=volume50105, bucket=bucket55116, key=user/runner/dir1/dir2, dataSize=0, replicationConfig=null} | ret=FAILURE
org.apache.hadoop.ozone.om.exceptions.OMException: Unable to get file status: volume: volume50105 bucket: bucket55116 key: user/runner/dir1/dir2
	at org.apache.hadoop.ozone.om.KeyManagerImpl.getOzoneFileStatus(KeyManagerImpl.java:1195) ~[ozone-manager-1.4.0-SNAPSHOT.jar:?]
	at org.apache.hadoop.ozone.om.KeyManagerImpl.getFileStatus(KeyManagerImpl.java:1113) ~[ozone-manager-1.4.0-SNAPSHOT.jar:?]
	at org.apache.hadoop.ozone.om.OmMetadataReader.getFileStatus(OmMetadataReader.java:262) ~[ozone-manager-1.4.0-SNAPSHOT.jar:?]
	at org.apache.hadoop.ozone.om.OzoneManager.getFileStatus(OzoneManager.java:3530) ~[ozone-manager-1.4.0-SNAPSHOT.jar:?]
	at org.apache.hadoop.ozone.protocolPB.OzoneManagerRequestHandler.getOzoneFileStatus(OzoneManagerRequestHandler.java:971) ~[ozone-manager-1.4.0-SNAPSHOT.jar:?]
	at org.apache.hadoop.ozone.protocolPB.OzoneManagerRequestHandler.handleReadRequest(OzoneManagerRequestHandler.java:250) ~[ozone-manager-1.4.0-SNAPSHOT.jar:?]
	at org.apache.hadoop.ozone.protocolPB.OzoneManagerProtocolServerSideTranslatorPB.submitReadRequestToOM(OzoneManagerProtocolServerSideTranslatorPB.java:225) ~[ozone-manager-1.4.0-SNAPSHOT.jar:?]
	at org.apache.hadoop.ozone.protocolPB.OzoneManagerProtocolServerSideTranslatorPB.processRequest(OzoneManagerProtocolServerSideTranslatorPB.java:179) ~[ozone-manager-1.4.0-SNAPSHOT.jar:?]
	at org.apache.hadoop.hdds.server.OzoneProtocolMessageDispatcher.processRequest(OzoneProtocolMessageDispatcher.java:87) [hdds-server-framework-1.4.0-SNAPSHOT.jar:?]
	at org.apache.hadoop.ozone.protocolPB.OzoneManagerProtocolServerSideTranslatorPB.submitRequest(OzoneManagerProtocolServerSideTranslatorPB.java:148) [ozone-manager-1.4.0-SNAPSHOT.jar:?]
	at org.apache.hadoop.ozone.protocol.proto.OzoneManagerProtocolProtos$OzoneManagerService$2.callBlockingMethod(OzoneManagerProtocolProtos.java) [ozone-interface-client-1.4.0-SNAPSHOT.jar:?]
	at org.apache.hadoop.ipc.ProtobufRpcEngine$Server.processCall(ProtobufRpcEngine.java:484) [hadoop-common-3.3.6.jar:?]
	at org.apache.hadoop.ipc.ProtobufRpcEngine2$Server$ProtoBufRpcInvoker.call(ProtobufRpcEngine2.java:595) [hadoop-common-3.3.6.jar:?]
	at org.apache.hadoop.ipc.ProtobufRpcEngine2$Server$ProtoBufRpcInvoker.call(ProtobufRpcEngine2.java:573) [hadoop-common-3.3.6.jar:?]
	at org.apache.hadoop.ipc.RPC$Server.call(RPC.java:1227) [hadoop-common-3.3.6.jar:?]
	at org.apache.hadoop.ipc.Server$RpcCall.run(Server.java:1094) [hadoop-common-3.3.6.jar:?]
	at org.apache.hadoop.ipc.Server$RpcCall.run(Server.java:1017) [hadoop-common-3.3.6.jar:?]
	at java.security.AccessController.doPrivileged(Native Method) ~[?:1.8.0_382]
	at javax.security.auth.Subject.doAs(Subject.java:422) [?:1.8.0_382]
	at org.apache.hadoop.security.UserGroupInformation.doAs(UserGroupInformation.java:1899) [hadoop-common-3.3.6.jar:?]
	at org.apache.hadoop.ipc.Server$Handler.run(Server.java:3048) [hadoop-common-3.3.6.jar:?]
]]></system-out>
  </testcase>
  <testcase name="testMakeDirsWithAnFakeDirectory" classname="TestOzoneFileSystem" time="0.024">
    <system-out><![CDATA[20:32:44.152 [IPC Server handler 8 on default port 15163] ERROR OMAudit - user=runner | ip=127.0.0.1 | op=GET_FILE_STATUS {volume=volume10577, bucket=bucket68495, key=user/runner/dir1/dir2, dataSize=0, replicationConfig=null} | ret=FAILURE
org.apache.hadoop.ozone.om.exceptions.OMException: Unable to get file status: volume: volume10577 bucket: bucket68495 key: user/runner/dir1/dir2
	at org.apache.hadoop.ozone.om.KeyManagerImpl.getOzoneFileStatus(KeyManagerImpl.java:1195) ~[ozone-manager-1.4.0-SNAPSHOT.jar:?]
	at org.apache.hadoop.ozone.om.KeyManagerImpl.getFileStatus(KeyManagerImpl.java:1113) ~[ozone-manager-1.4.0-SNAPSHOT.jar:?]
	at org.apache.hadoop.ozone.om.OmMetadataReader.getFileStatus(OmMetadataReader.java:262) ~[ozone-manager-1.4.0-SNAPSHOT.jar:?]
	at org.apache.hadoop.ozone.om.OzoneManager.getFileStatus(OzoneManager.java:3530) ~[ozone-manager-1.4.0-SNAPSHOT.jar:?]
	at org.apache.hadoop.ozone.protocolPB.OzoneManagerRequestHandler.getOzoneFileStatus(OzoneManagerRequestHandler.java:971) ~[ozone-manager-1.4.0-SNAPSHOT.jar:?]
	at org.apache.hadoop.ozone.protocolPB.OzoneManagerRequestHandler.handleReadRequest(OzoneManagerRequestHandler.java:250) ~[ozone-manager-1.4.0-SNAPSHOT.jar:?]
	at org.apache.hadoop.ozone.protocolPB.OzoneManagerProtocolServerSideTranslatorPB.submitRequestDirectlyToOM(OzoneManagerProtocolServerSideTranslatorPB.java:274) ~[ozone-manager-1.4.0-SNAPSHOT.jar:?]
	at org.apache.hadoop.ozone.protocolPB.OzoneManagerProtocolServerSideTranslatorPB.processRequest(OzoneManagerProtocolServerSideTranslatorPB.java:175) ~[ozone-manager-1.4.0-SNAPSHOT.jar:?]
	at org.apache.hadoop.hdds.server.OzoneProtocolMessageDispatcher.processRequest(OzoneProtocolMessageDispatcher.java:87) [hdds-server-framework-1.4.0-SNAPSHOT.jar:?]
	at org.apache.hadoop.ozone.protocolPB.OzoneManagerProtocolServerSideTranslatorPB.submitRequest(OzoneManagerProtocolServerSideTranslatorPB.java:148) [ozone-manager-1.4.0-SNAPSHOT.jar:?]
	at org.apache.hadoop.ozone.protocol.proto.OzoneManagerProtocolProtos$OzoneManagerService$2.callBlockingMethod(OzoneManagerProtocolProtos.java) [ozone-interface-client-1.4.0-SNAPSHOT.jar:?]
	at org.apache.hadoop.ipc.ProtobufRpcEngine$Server.processCall(ProtobufRpcEngine.java:484) [hadoop-common-3.3.6.jar:?]
	at org.apache.hadoop.ipc.ProtobufRpcEngine2$Server$ProtoBufRpcInvoker.call(ProtobufRpcEngine2.java:595) [hadoop-common-3.3.6.jar:?]
	at org.apache.hadoop.ipc.ProtobufRpcEngine2$Server$ProtoBufRpcInvoker.call(ProtobufRpcEngine2.java:573) [hadoop-common-3.3.6.jar:?]
	at org.apache.hadoop.ipc.RPC$Server.call(RPC.java:1227) [hadoop-common-3.3.6.jar:?]
	at org.apache.hadoop.ipc.Server$RpcCall.run(Server.java:1094) [hadoop-common-3.3.6.jar:?]
	at org.apache.hadoop.ipc.Server$RpcCall.run(Server.java:1017) [hadoop-common-3.3.6.jar:?]
	at java.security.AccessController.doPrivileged(Native Method) ~[?:1.8.0_382]
	at javax.security.auth.Subject.doAs(Subject.java:422) [?:1.8.0_382]
	at org.apache.hadoop.security.UserGroupInformation.doAs(UserGroupInformation.java:1899) [hadoop-common-3.3.6.jar:?]
	at org.apache.hadoop.ipc.Server$Handler.run(Server.java:3048) [hadoop-common-3.3.6.jar:?]
]]></system-out>
  </testcase>
  <testcase name="testFileDelete" classname="TestOzoneFileSystem" time="0.402">
    <system-out><![CDATA[20:27:44.389 [IPC Server handler 19 on default port 15004] ERROR OMAudit - user=runner | ip=127.0.0.1 | op=GET_FILE_STATUS {volume=volume63798, bucket=bucket90991, key=testBatchDelete, dataSize=0, replicationConfig=null} | ret=FAILURE
org.apache.hadoop.ozone.om.exceptions.OMException: Unable to get file status: volume: volume63798 bucket: bucket90991 key: testBatchDelete
	at org.apache.hadoop.ozone.om.KeyManagerImpl.getOzoneFileStatus(KeyManagerImpl.java:1195) ~[ozone-manager-1.4.0-SNAPSHOT.jar:?]
	at org.apache.hadoop.ozone.om.KeyManagerImpl.getFileStatus(KeyManagerImpl.java:1113) ~[ozone-manager-1.4.0-SNAPSHOT.jar:?]
	at org.apache.hadoop.ozone.om.OmMetadataReader.getFileStatus(OmMetadataReader.java:262) ~[ozone-manager-1.4.0-SNAPSHOT.jar:?]
	at org.apache.hadoop.ozone.om.OzoneManager.getFileStatus(OzoneManager.java:3530) ~[ozone-manager-1.4.0-SNAPSHOT.jar:?]
	at org.apache.hadoop.ozone.protocolPB.OzoneManagerRequestHandler.getOzoneFileStatus(OzoneManagerRequestHandler.java:971) ~[ozone-manager-1.4.0-SNAPSHOT.jar:?]
	at org.apache.hadoop.ozone.protocolPB.OzoneManagerRequestHandler.handleReadRequest(OzoneManagerRequestHandler.java:250) ~[ozone-manager-1.4.0-SNAPSHOT.jar:?]
	at org.apache.hadoop.ozone.protocolPB.OzoneManagerProtocolServerSideTranslatorPB.submitReadRequestToOM(OzoneManagerProtocolServerSideTranslatorPB.java:225) ~[ozone-manager-1.4.0-SNAPSHOT.jar:?]
	at org.apache.hadoop.ozone.protocolPB.OzoneManagerProtocolServerSideTranslatorPB.processRequest(OzoneManagerProtocolServerSideTranslatorPB.java:179) ~[ozone-manager-1.4.0-SNAPSHOT.jar:?]
	at org.apache.hadoop.hdds.server.OzoneProtocolMessageDispatcher.processRequest(OzoneProtocolMessageDispatcher.java:87) [hdds-server-framework-1.4.0-SNAPSHOT.jar:?]
	at org.apache.hadoop.ozone.protocolPB.OzoneManagerProtocolServerSideTranslatorPB.submitRequest(OzoneManagerProtocolServerSideTranslatorPB.java:148) [ozone-manager-1.4.0-SNAPSHOT.jar:?]
	at org.apache.hadoop.ozone.protocol.proto.OzoneManagerProtocolProtos$OzoneManagerService$2.callBlockingMethod(OzoneManagerProtocolProtos.java) [ozone-interface-client-1.4.0-SNAPSHOT.jar:?]
	at org.apache.hadoop.ipc.ProtobufRpcEngine$Server.processCall(ProtobufRpcEngine.java:484) [hadoop-common-3.3.6.jar:?]
	at org.apache.hadoop.ipc.ProtobufRpcEngine2$Server$ProtoBufRpcInvoker.call(ProtobufRpcEngine2.java:595) [hadoop-common-3.3.6.jar:?]
	at org.apache.hadoop.ipc.ProtobufRpcEngine2$Server$ProtoBufRpcInvoker.call(ProtobufRpcEngine2.java:573) [hadoop-common-3.3.6.jar:?]
	at org.apache.hadoop.ipc.RPC$Server.call(RPC.java:1227) [hadoop-common-3.3.6.jar:?]
	at org.apache.hadoop.ipc.Server$RpcCall.run(Server.java:1094) [hadoop-common-3.3.6.jar:?]
	at org.apache.hadoop.ipc.Server$RpcCall.run(Server.java:1017) [hadoop-common-3.3.6.jar:?]
	at java.security.AccessController.doPrivileged(Native Method) ~[?:1.8.0_382]
	at javax.security.auth.Subject.doAs(Subject.java:422) [?:1.8.0_382]
	at org.apache.hadoop.security.UserGroupInformation.doAs(UserGroupInformation.java:1899) [hadoop-common-3.3.6.jar:?]
	at org.apache.hadoop.ipc.Server$Handler.run(Server.java:3048) [hadoop-common-3.3.6.jar:?]
20:27:44.392 [IPC Server handler 15 on default port 15004] ERROR OMAudit - user=runner | ip=127.0.0.1 | op=GET_FILE_STATUS {volume=volume63798, bucket=bucket90991, key=testBatchDelete/parent/child0, dataSize=0, replicationConfig=null} | ret=FAILURE
org.apache.hadoop.ozone.om.exceptions.OMException: Unable to get file status: volume: volume63798 bucket: bucket90991 key: testBatchDelete/parent/child0
	at org.apache.hadoop.ozone.om.KeyManagerImpl.getOzoneFileStatus(KeyManagerImpl.java:1195) ~[ozone-manager-1.4.0-SNAPSHOT.jar:?]
	at org.apache.hadoop.ozone.om.KeyManagerImpl.getFileStatus(KeyManagerImpl.java:1113) ~[ozone-manager-1.4.0-SNAPSHOT.jar:?]
	at org.apache.hadoop.ozone.om.OmMetadataReader.getFileStatus(OmMetadataReader.java:262) ~[ozone-manager-1.4.0-SNAPSHOT.jar:?]
	at org.apache.hadoop.ozone.om.OzoneManager.getFileStatus(OzoneManager.java:3530) ~[ozone-manager-1.4.0-SNAPSHOT.jar:?]
	at org.apache.hadoop.ozone.protocolPB.OzoneManagerRequestHandler.getOzoneFileStatus(OzoneManagerRequestHandler.java:971) ~[ozone-manager-1.4.0-SNAPSHOT.jar:?]
	at org.apache.hadoop.ozone.protocolPB.OzoneManagerRequestHandler.handleReadRequest(OzoneManagerRequestHandler.java:250) ~[ozone-manager-1.4.0-SNAPSHOT.jar:?]
	at org.apache.hadoop.ozone.protocolPB.OzoneManagerProtocolServerSideTranslatorPB.submitReadRequestToOM(OzoneManagerProtocolServerSideTranslatorPB.java:225) ~[ozone-manager-1.4.0-SNAPSHOT.jar:?]
	at org.apache.hadoop.ozone.protocolPB.OzoneManagerProtocolServerSideTranslatorPB.processRequest(OzoneManagerProtocolServerSideTranslatorPB.java:179) ~[ozone-manager-1.4.0-SNAPSHOT.jar:?]
	at org.apache.hadoop.hdds.server.OzoneProtocolMessageDispatcher.processRequest(OzoneProtocolMessageDispatcher.java:87) [hdds-server-framework-1.4.0-SNAPSHOT.jar:?]
	at org.apache.hadoop.ozone.protocolPB.OzoneManagerProtocolServerSideTranslatorPB.submitRequest(OzoneManagerProtocolServerSideTranslatorPB.java:148) [ozone-manager-1.4.0-SNAPSHOT.jar:?]
	at org.apache.hadoop.ozone.protocol.proto.OzoneManagerProtocolProtos$OzoneManagerService$2.callBlockingMethod(OzoneManagerProtocolProtos.java) [ozone-interface-client-1.4.0-SNAPSHOT.jar:?]
	at org.apache.hadoop.ipc.ProtobufRpcEngine$Server.processCall(ProtobufRpcEngine.java:484) [hadoop-common-3.3.6.jar:?]
	at org.apache.hadoop.ipc.ProtobufRpcEngine2$Server$ProtoBufRpcInvoker.call(ProtobufRpcEngine2.java:595) [hadoop-common-3.3.6.jar:?]
	at org.apache.hadoop.ipc.ProtobufRpcEngine2$Server$ProtoBufRpcInvoker.call(ProtobufRpcEngine2.java:573) [hadoop-common-3.3.6.jar:?]
	at org.apache.hadoop.ipc.RPC$Server.call(RPC.java:1227) [hadoop-common-3.3.6.jar:?]
	at org.apache.hadoop.ipc.Server$RpcCall.run(Server.java:1094) [hadoop-common-3.3.6.jar:?]
	at org.apache.hadoop.ipc.Server$RpcCall.run(Server.java:1017) [hadoop-common-3.3.6.jar:?]
	at java.security.AccessController.doPrivileged(Native Method) ~[?:1.8.0_382]
	at javax.security.auth.Subject.doAs(Subject.java:422) [?:1.8.0_382]
	at org.apache.hadoop.security.UserGroupInformation.doAs(UserGroupInformation.java:1899) [hadoop-common-3.3.6.jar:?]
	at org.apache.hadoop.ipc.Server$Handler.run(Server.java:3048) [hadoop-common-3.3.6.jar:?]
20:27:44.394 [IPC Server handler 16 on default port 15004] ERROR OMAudit - user=runner | ip=127.0.0.1 | op=GET_FILE_STATUS {volume=volume63798, bucket=bucket90991, key=testBatchDelete/parent/childFolder/child0, dataSize=0, replicationConfig=null} | ret=FAILURE
org.apache.hadoop.ozone.om.exceptions.OMException: Unable to get file status: volume: volume63798 bucket: bucket90991 key: testBatchDelete/parent/childFolder/child0
	at org.apache.hadoop.ozone.om.KeyManagerImpl.getOzoneFileStatus(KeyManagerImpl.java:1195) ~[ozone-manager-1.4.0-SNAPSHOT.jar:?]
	at org.apache.hadoop.ozone.om.KeyManagerImpl.getFileStatus(KeyManagerImpl.java:1113) ~[ozone-manager-1.4.0-SNAPSHOT.jar:?]
	at org.apache.hadoop.ozone.om.OmMetadataReader.getFileStatus(OmMetadataReader.java:262) ~[ozone-manager-1.4.0-SNAPSHOT.jar:?]
	at org.apache.hadoop.ozone.om.OzoneManager.getFileStatus(OzoneManager.java:3530) ~[ozone-manager-1.4.0-SNAPSHOT.jar:?]
	at org.apache.hadoop.ozone.protocolPB.OzoneManagerRequestHandler.getOzoneFileStatus(OzoneManagerRequestHandler.java:971) ~[ozone-manager-1.4.0-SNAPSHOT.jar:?]
	at org.apache.hadoop.ozone.protocolPB.OzoneManagerRequestHandler.handleReadRequest(OzoneManagerRequestHandler.java:250) ~[ozone-manager-1.4.0-SNAPSHOT.jar:?]
	at org.apache.hadoop.ozone.protocolPB.OzoneManagerProtocolServerSideTranslatorPB.submitReadRequestToOM(OzoneManagerProtocolServerSideTranslatorPB.java:225) ~[ozone-manager-1.4.0-SNAPSHOT.jar:?]
	at org.apache.hadoop.ozone.protocolPB.OzoneManagerProtocolServerSideTranslatorPB.processRequest(OzoneManagerProtocolServerSideTranslatorPB.java:179) ~[ozone-manager-1.4.0-SNAPSHOT.jar:?]
	at org.apache.hadoop.hdds.server.OzoneProtocolMessageDispatcher.processRequest(OzoneProtocolMessageDispatcher.java:87) [hdds-server-framework-1.4.0-SNAPSHOT.jar:?]
	at org.apache.hadoop.ozone.protocolPB.OzoneManagerProtocolServerSideTranslatorPB.submitRequest(OzoneManagerProtocolServerSideTranslatorPB.java:148) [ozone-manager-1.4.0-SNAPSHOT.jar:?]
	at org.apache.hadoop.ozone.protocol.proto.OzoneManagerProtocolProtos$OzoneManagerService$2.callBlockingMethod(OzoneManagerProtocolProtos.java) [ozone-interface-client-1.4.0-SNAPSHOT.jar:?]
	at org.apache.hadoop.ipc.ProtobufRpcEngine$Server.processCall(ProtobufRpcEngine.java:484) [hadoop-common-3.3.6.jar:?]
	at org.apache.hadoop.ipc.ProtobufRpcEngine2$Server$ProtoBufRpcInvoker.call(ProtobufRpcEngine2.java:595) [hadoop-common-3.3.6.jar:?]
	at org.apache.hadoop.ipc.ProtobufRpcEngine2$Server$ProtoBufRpcInvoker.call(ProtobufRpcEngine2.java:573) [hadoop-common-3.3.6.jar:?]
	at org.apache.hadoop.ipc.RPC$Server.call(RPC.java:1227) [hadoop-common-3.3.6.jar:?]
	at org.apache.hadoop.ipc.Server$RpcCall.run(Server.java:1094) [hadoop-common-3.3.6.jar:?]
	at org.apache.hadoop.ipc.Server$RpcCall.run(Server.java:1017) [hadoop-common-3.3.6.jar:?]
	at java.security.AccessController.doPrivileged(Native Method) ~[?:1.8.0_382]
	at javax.security.auth.Subject.doAs(Subject.java:422) [?:1.8.0_382]
	at org.apache.hadoop.security.UserGroupInformation.doAs(UserGroupInformation.java:1899) [hadoop-common-3.3.6.jar:?]
	at org.apache.hadoop.ipc.Server$Handler.run(Server.java:3048) [hadoop-common-3.3.6.jar:?]
20:27:44.396 [IPC Server handler 17 on default port 15004] ERROR OMAudit - user=runner | ip=127.0.0.1 | op=GET_FILE_STATUS {volume=volume63798, bucket=bucket90991, key=testBatchDelete/parent/child1, dataSize=0, replicationConfig=null} | ret=FAILURE
org.apache.hadoop.ozone.om.exceptions.OMException: Unable to get file status: volume: volume63798 bucket: bucket90991 key: testBatchDelete/parent/child1
	at org.apache.hadoop.ozone.om.KeyManagerImpl.getOzoneFileStatus(KeyManagerImpl.java:1195) ~[ozone-manager-1.4.0-SNAPSHOT.jar:?]
	at org.apache.hadoop.ozone.om.KeyManagerImpl.getFileStatus(KeyManagerImpl.java:1113) ~[ozone-manager-1.4.0-SNAPSHOT.jar:?]
	at org.apache.hadoop.ozone.om.OmMetadataReader.getFileStatus(OmMetadataReader.java:262) ~[ozone-manager-1.4.0-SNAPSHOT.jar:?]
	at org.apache.hadoop.ozone.om.OzoneManager.getFileStatus(OzoneManager.java:3530) ~[ozone-manager-1.4.0-SNAPSHOT.jar:?]
	at org.apache.hadoop.ozone.protocolPB.OzoneManagerRequestHandler.getOzoneFileStatus(OzoneManagerRequestHandler.java:971) ~[ozone-manager-1.4.0-SNAPSHOT.jar:?]
	at org.apache.hadoop.ozone.protocolPB.OzoneManagerRequestHandler.handleReadRequest(OzoneManagerRequestHandler.java:250) ~[ozone-manager-1.4.0-SNAPSHOT.jar:?]
	at org.apache.hadoop.ozone.protocolPB.OzoneManagerProtocolServerSideTranslatorPB.submitReadRequestToOM(OzoneManagerProtocolServerSideTranslatorPB.java:225) ~[ozone-manager-1.4.0-SNAPSHOT.jar:?]
	at org.apache.hadoop.ozone.protocolPB.OzoneManagerProtocolServerSideTranslatorPB.processRequest(OzoneManagerProtocolServerSideTranslatorPB.java:179) ~[ozone-manager-1.4.0-SNAPSHOT.jar:?]
	at org.apache.hadoop.hdds.server.OzoneProtocolMessageDispatcher.processRequest(OzoneProtocolMessageDispatcher.java:87) [hdds-server-framework-1.4.0-SNAPSHOT.jar:?]
	at org.apache.hadoop.ozone.protocolPB.OzoneManagerProtocolServerSideTranslatorPB.submitRequest(OzoneManagerProtocolServerSideTranslatorPB.java:148) [ozone-manager-1.4.0-SNAPSHOT.jar:?]
	at org.apache.hadoop.ozone.protocol.proto.OzoneManagerProtocolProtos$OzoneManagerService$2.callBlockingMethod(OzoneManagerProtocolProtos.java) [ozone-interface-client-1.4.0-SNAPSHOT.jar:?]
	at org.apache.hadoop.ipc.ProtobufRpcEngine$Server.processCall(ProtobufRpcEngine.java:484) [hadoop-common-3.3.6.jar:?]
	at org.apache.hadoop.ipc.ProtobufRpcEngine2$Server$ProtoBufRpcInvoker.call(ProtobufRpcEngine2.java:595) [hadoop-common-3.3.6.jar:?]
	at org.apache.hadoop.ipc.ProtobufRpcEngine2$Server$ProtoBufRpcInvoker.call(ProtobufRpcEngine2.java:573) [hadoop-common-3.3.6.jar:?]
	at org.apache.hadoop.ipc.RPC$Server.call(RPC.java:1227) [hadoop-common-3.3.6.jar:?]
	at org.apache.hadoop.ipc.Server$RpcCall.run(Server.java:1094) [hadoop-common-3.3.6.jar:?]
	at org.apache.hadoop.ipc.Server$RpcCall.run(Server.java:1017) [hadoop-common-3.3.6.jar:?]
	at java.security.AccessController.doPrivileged(Native Method) ~[?:1.8.0_382]
	at javax.security.auth.Subject.doAs(Subject.java:422) [?:1.8.0_382]
	at org.apache.hadoop.security.UserGroupInformation.doAs(UserGroupInformation.java:1899) [hadoop-common-3.3.6.jar:?]
	at org.apache.hadoop.ipc.Server$Handler.run(Server.java:3048) [hadoop-common-3.3.6.jar:?]
20:27:44.397 [IPC Server handler 14 on default port 15004] ERROR OMAudit - user=runner | ip=127.0.0.1 | op=GET_FILE_STATUS {volume=volume63798, bucket=bucket90991, key=testBatchDelete/parent/childFolder/child1, dataSize=0, replicationConfig=null} | ret=FAILURE
org.apache.hadoop.ozone.om.exceptions.OMException: Unable to get file status: volume: volume63798 bucket: bucket90991 key: testBatchDelete/parent/childFolder/child1
	at org.apache.hadoop.ozone.om.KeyManagerImpl.getOzoneFileStatus(KeyManagerImpl.java:1195) ~[ozone-manager-1.4.0-SNAPSHOT.jar:?]
	at org.apache.hadoop.ozone.om.KeyManagerImpl.getFileStatus(KeyManagerImpl.java:1113) ~[ozone-manager-1.4.0-SNAPSHOT.jar:?]
	at org.apache.hadoop.ozone.om.OmMetadataReader.getFileStatus(OmMetadataReader.java:262) ~[ozone-manager-1.4.0-SNAPSHOT.jar:?]
	at org.apache.hadoop.ozone.om.OzoneManager.getFileStatus(OzoneManager.java:3530) ~[ozone-manager-1.4.0-SNAPSHOT.jar:?]
	at org.apache.hadoop.ozone.protocolPB.OzoneManagerRequestHandler.getOzoneFileStatus(OzoneManagerRequestHandler.java:971) ~[ozone-manager-1.4.0-SNAPSHOT.jar:?]
	at org.apache.hadoop.ozone.protocolPB.OzoneManagerRequestHandler.handleReadRequest(OzoneManagerRequestHandler.java:250) ~[ozone-manager-1.4.0-SNAPSHOT.jar:?]
	at org.apache.hadoop.ozone.protocolPB.OzoneManagerProtocolServerSideTranslatorPB.submitReadRequestToOM(OzoneManagerProtocolServerSideTranslatorPB.java:225) ~[ozone-manager-1.4.0-SNAPSHOT.jar:?]
	at org.apache.hadoop.ozone.protocolPB.OzoneManagerProtocolServerSideTranslatorPB.processRequest(OzoneManagerProtocolServerSideTranslatorPB.java:179) ~[ozone-manager-1.4.0-SNAPSHOT.jar:?]
	at org.apache.hadoop.hdds.server.OzoneProtocolMessageDispatcher.processRequest(OzoneProtocolMessageDispatcher.java:87) [hdds-server-framework-1.4.0-SNAPSHOT.jar:?]
	at org.apache.hadoop.ozone.protocolPB.OzoneManagerProtocolServerSideTranslatorPB.submitRequest(OzoneManagerProtocolServerSideTranslatorPB.java:148) [ozone-manager-1.4.0-SNAPSHOT.jar:?]
	at org.apache.hadoop.ozone.protocol.proto.OzoneManagerProtocolProtos$OzoneManagerService$2.callBlockingMethod(OzoneManagerProtocolProtos.java) [ozone-interface-client-1.4.0-SNAPSHOT.jar:?]
	at org.apache.hadoop.ipc.ProtobufRpcEngine$Server.processCall(ProtobufRpcEngine.java:484) [hadoop-common-3.3.6.jar:?]
	at org.apache.hadoop.ipc.ProtobufRpcEngine2$Server$ProtoBufRpcInvoker.call(ProtobufRpcEngine2.java:595) [hadoop-common-3.3.6.jar:?]
	at org.apache.hadoop.ipc.ProtobufRpcEngine2$Server$ProtoBufRpcInvoker.call(ProtobufRpcEngine2.java:573) [hadoop-common-3.3.6.jar:?]
	at org.apache.hadoop.ipc.RPC$Server.call(RPC.java:1227) [hadoop-common-3.3.6.jar:?]
	at org.apache.hadoop.ipc.Server$RpcCall.run(Server.java:1094) [hadoop-common-3.3.6.jar:?]
	at org.apache.hadoop.ipc.Server$RpcCall.run(Server.java:1017) [hadoop-common-3.3.6.jar:?]
	at java.security.AccessController.doPrivileged(Native Method) ~[?:1.8.0_382]
	at javax.security.auth.Subject.doAs(Subject.java:422) [?:1.8.0_382]
	at org.apache.hadoop.security.UserGroupInformation.doAs(UserGroupInformation.java:1899) [hadoop-common-3.3.6.jar:?]
	at org.apache.hadoop.ipc.Server$Handler.run(Server.java:3048) [hadoop-common-3.3.6.jar:?]
20:27:44.399 [IPC Server handler 8 on default port 15004] ERROR OMAudit - user=runner | ip=127.0.0.1 | op=GET_FILE_STATUS {volume=volume63798, bucket=bucket90991, key=testBatchDelete/parent/child2, dataSize=0, replicationConfig=null} | ret=FAILURE
org.apache.hadoop.ozone.om.exceptions.OMException: Unable to get file status: volume: volume63798 bucket: bucket90991 key: testBatchDelete/parent/child2
	at org.apache.hadoop.ozone.om.KeyManagerImpl.getOzoneFileStatus(KeyManagerImpl.java:1195) ~[ozone-manager-1.4.0-SNAPSHOT.jar:?]
	at org.apache.hadoop.ozone.om.KeyManagerImpl.getFileStatus(KeyManagerImpl.java:1113) ~[ozone-manager-1.4.0-SNAPSHOT.jar:?]
	at org.apache.hadoop.ozone.om.OmMetadataReader.getFileStatus(OmMetadataReader.java:262) ~[ozone-manager-1.4.0-SNAPSHOT.jar:?]
	at org.apache.hadoop.ozone.om.OzoneManager.getFileStatus(OzoneManager.java:3530) ~[ozone-manager-1.4.0-SNAPSHOT.jar:?]
	at org.apache.hadoop.ozone.protocolPB.OzoneManagerRequestHandler.getOzoneFileStatus(OzoneManagerRequestHandler.java:971) ~[ozone-manager-1.4.0-SNAPSHOT.jar:?]
	at org.apache.hadoop.ozone.protocolPB.OzoneManagerRequestHandler.handleReadRequest(OzoneManagerRequestHandler.java:250) ~[ozone-manager-1.4.0-SNAPSHOT.jar:?]
	at org.apache.hadoop.ozone.protocolPB.OzoneManagerProtocolServerSideTranslatorPB.submitReadRequestToOM(OzoneManagerProtocolServerSideTranslatorPB.java:225) ~[ozone-manager-1.4.0-SNAPSHOT.jar:?]
	at org.apache.hadoop.ozone.protocolPB.OzoneManagerProtocolServerSideTranslatorPB.processRequest(OzoneManagerProtocolServerSideTranslatorPB.java:179) ~[ozone-manager-1.4.0-SNAPSHOT.jar:?]
	at org.apache.hadoop.hdds.server.OzoneProtocolMessageDispatcher.processRequest(OzoneProtocolMessageDispatcher.java:87) [hdds-server-framework-1.4.0-SNAPSHOT.jar:?]
	at org.apache.hadoop.ozone.protocolPB.OzoneManagerProtocolServerSideTranslatorPB.submitRequest(OzoneManagerProtocolServerSideTranslatorPB.java:148) [ozone-manager-1.4.0-SNAPSHOT.jar:?]
	at org.apache.hadoop.ozone.protocol.proto.OzoneManagerProtocolProtos$OzoneManagerService$2.callBlockingMethod(OzoneManagerProtocolProtos.java) [ozone-interface-client-1.4.0-SNAPSHOT.jar:?]
	at org.apache.hadoop.ipc.ProtobufRpcEngine$Server.processCall(ProtobufRpcEngine.java:484) [hadoop-common-3.3.6.jar:?]
	at org.apache.hadoop.ipc.ProtobufRpcEngine2$Server$ProtoBufRpcInvoker.call(ProtobufRpcEngine2.java:595) [hadoop-common-3.3.6.jar:?]
	at org.apache.hadoop.ipc.ProtobufRpcEngine2$Server$ProtoBufRpcInvoker.call(ProtobufRpcEngine2.java:573) [hadoop-common-3.3.6.jar:?]
	at org.apache.hadoop.ipc.RPC$Server.call(RPC.java:1227) [hadoop-common-3.3.6.jar:?]
	at org.apache.hadoop.ipc.Server$RpcCall.run(Server.java:1094) [hadoop-common-3.3.6.jar:?]
	at org.apache.hadoop.ipc.Server$RpcCall.run(Server.java:1017) [hadoop-common-3.3.6.jar:?]
	at java.security.AccessController.doPrivileged(Native Method) ~[?:1.8.0_382]
	at javax.security.auth.Subject.doAs(Subject.java:422) [?:1.8.0_382]
	at org.apache.hadoop.security.UserGroupInformation.doAs(UserGroupInformation.java:1899) [hadoop-common-3.3.6.jar:?]
	at org.apache.hadoop.ipc.Server$Handler.run(Server.java:3048) [hadoop-common-3.3.6.jar:?]
20:27:44.402 [IPC Server handler 13 on default port 15004] ERROR OMAudit - user=runner | ip=127.0.0.1 | op=GET_FILE_STATUS {volume=volume63798, bucket=bucket90991, key=testBatchDelete/parent/childFolder/child2, dataSize=0, replicationConfig=null} | ret=FAILURE
org.apache.hadoop.ozone.om.exceptions.OMException: Unable to get file status: volume: volume63798 bucket: bucket90991 key: testBatchDelete/parent/childFolder/child2
	at org.apache.hadoop.ozone.om.KeyManagerImpl.getOzoneFileStatus(KeyManagerImpl.java:1195) ~[ozone-manager-1.4.0-SNAPSHOT.jar:?]
	at org.apache.hadoop.ozone.om.KeyManagerImpl.getFileStatus(KeyManagerImpl.java:1113) ~[ozone-manager-1.4.0-SNAPSHOT.jar:?]
	at org.apache.hadoop.ozone.om.OmMetadataReader.getFileStatus(OmMetadataReader.java:262) ~[ozone-manager-1.4.0-SNAPSHOT.jar:?]
	at org.apache.hadoop.ozone.om.OzoneManager.getFileStatus(OzoneManager.java:3530) ~[ozone-manager-1.4.0-SNAPSHOT.jar:?]
	at org.apache.hadoop.ozone.protocolPB.OzoneManagerRequestHandler.getOzoneFileStatus(OzoneManagerRequestHandler.java:971) ~[ozone-manager-1.4.0-SNAPSHOT.jar:?]
	at org.apache.hadoop.ozone.protocolPB.OzoneManagerRequestHandler.handleReadRequest(OzoneManagerRequestHandler.java:250) ~[ozone-manager-1.4.0-SNAPSHOT.jar:?]
	at org.apache.hadoop.ozone.protocolPB.OzoneManagerProtocolServerSideTranslatorPB.submitReadRequestToOM(OzoneManagerProtocolServerSideTranslatorPB.java:225) ~[ozone-manager-1.4.0-SNAPSHOT.jar:?]
	at org.apache.hadoop.ozone.protocolPB.OzoneManagerProtocolServerSideTranslatorPB.processRequest(OzoneManagerProtocolServerSideTranslatorPB.java:179) ~[ozone-manager-1.4.0-SNAPSHOT.jar:?]
	at org.apache.hadoop.hdds.server.OzoneProtocolMessageDispatcher.processRequest(OzoneProtocolMessageDispatcher.java:87) [hdds-server-framework-1.4.0-SNAPSHOT.jar:?]
	at org.apache.hadoop.ozone.protocolPB.OzoneManagerProtocolServerSideTranslatorPB.submitRequest(OzoneManagerProtocolServerSideTranslatorPB.java:148) [ozone-manager-1.4.0-SNAPSHOT.jar:?]
	at org.apache.hadoop.ozone.protocol.proto.OzoneManagerProtocolProtos$OzoneManagerService$2.callBlockingMethod(OzoneManagerProtocolProtos.java) [ozone-interface-client-1.4.0-SNAPSHOT.jar:?]
	at org.apache.hadoop.ipc.ProtobufRpcEngine$Server.processCall(ProtobufRpcEngine.java:484) [hadoop-common-3.3.6.jar:?]
	at org.apache.hadoop.ipc.ProtobufRpcEngine2$Server$ProtoBufRpcInvoker.call(ProtobufRpcEngine2.java:595) [hadoop-common-3.3.6.jar:?]
	at org.apache.hadoop.ipc.ProtobufRpcEngine2$Server$ProtoBufRpcInvoker.call(ProtobufRpcEngine2.java:573) [hadoop-common-3.3.6.jar:?]
	at org.apache.hadoop.ipc.RPC$Server.call(RPC.java:1227) [hadoop-common-3.3.6.jar:?]
	at org.apache.hadoop.ipc.Server$RpcCall.run(Server.java:1094) [hadoop-common-3.3.6.jar:?]
	at org.apache.hadoop.ipc.Server$RpcCall.run(Server.java:1017) [hadoop-common-3.3.6.jar:?]
	at java.security.AccessController.doPrivileged(Native Method) ~[?:1.8.0_382]
	at javax.security.auth.Subject.doAs(Subject.java:422) [?:1.8.0_382]
	at org.apache.hadoop.security.UserGroupInformation.doAs(UserGroupInformation.java:1899) [hadoop-common-3.3.6.jar:?]
	at org.apache.hadoop.ipc.Server$Handler.run(Server.java:3048) [hadoop-common-3.3.6.jar:?]
20:27:44.404 [IPC Server handler 18 on default port 15004] ERROR OMAudit - user=runner | ip=127.0.0.1 | op=GET_FILE_STATUS {volume=volume63798, bucket=bucket90991, key=testBatchDelete/parent/child3, dataSize=0, replicationConfig=null} | ret=FAILURE
org.apache.hadoop.ozone.om.exceptions.OMException: Unable to get file status: volume: volume63798 bucket: bucket90991 key: testBatchDelete/parent/child3
	at org.apache.hadoop.ozone.om.KeyManagerImpl.getOzoneFileStatus(KeyManagerImpl.java:1195) ~[ozone-manager-1.4.0-SNAPSHOT.jar:?]
	at org.apache.hadoop.ozone.om.KeyManagerImpl.getFileStatus(KeyManagerImpl.java:1113) ~[ozone-manager-1.4.0-SNAPSHOT.jar:?]
	at org.apache.hadoop.ozone.om.OmMetadataReader.getFileStatus(OmMetadataReader.java:262) ~[ozone-manager-1.4.0-SNAPSHOT.jar:?]
	at org.apache.hadoop.ozone.om.OzoneManager.getFileStatus(OzoneManager.java:3530) ~[ozone-manager-1.4.0-SNAPSHOT.jar:?]
	at org.apache.hadoop.ozone.protocolPB.OzoneManagerRequestHandler.getOzoneFileStatus(OzoneManagerRequestHandler.java:971) ~[ozone-manager-1.4.0-SNAPSHOT.jar:?]
	at org.apache.hadoop.ozone.protocolPB.OzoneManagerRequestHandler.handleReadRequest(OzoneManagerRequestHandler.java:250) ~[ozone-manager-1.4.0-SNAPSHOT.jar:?]
	at org.apache.hadoop.ozone.protocolPB.OzoneManagerProtocolServerSideTranslatorPB.submitReadRequestToOM(OzoneManagerProtocolServerSideTranslatorPB.java:225) ~[ozone-manager-1.4.0-SNAPSHOT.jar:?]
	at org.apache.hadoop.ozone.protocolPB.OzoneManagerProtocolServerSideTranslatorPB.processRequest(OzoneManagerProtocolServerSideTranslatorPB.java:179) ~[ozone-manager-1.4.0-SNAPSHOT.jar:?]
	at org.apache.hadoop.hdds.server.OzoneProtocolMessageDispatcher.processRequest(OzoneProtocolMessageDispatcher.java:87) [hdds-server-framework-1.4.0-SNAPSHOT.jar:?]
	at org.apache.hadoop.ozone.protocolPB.OzoneManagerProtocolServerSideTranslatorPB.submitRequest(OzoneManagerProtocolServerSideTranslatorPB.java:148) [ozone-manager-1.4.0-SNAPSHOT.jar:?]
	at org.apache.hadoop.ozone.protocol.proto.OzoneManagerProtocolProtos$OzoneManagerService$2.callBlockingMethod(OzoneManagerProtocolProtos.java) [ozone-interface-client-1.4.0-SNAPSHOT.jar:?]
	at org.apache.hadoop.ipc.ProtobufRpcEngine$Server.processCall(ProtobufRpcEngine.java:484) [hadoop-common-3.3.6.jar:?]
	at org.apache.hadoop.ipc.ProtobufRpcEngine2$Server$ProtoBufRpcInvoker.call(ProtobufRpcEngine2.java:595) [hadoop-common-3.3.6.jar:?]
	at org.apache.hadoop.ipc.ProtobufRpcEngine2$Server$ProtoBufRpcInvoker.call(ProtobufRpcEngine2.java:573) [hadoop-common-3.3.6.jar:?]
	at org.apache.hadoop.ipc.RPC$Server.call(RPC.java:1227) [hadoop-common-3.3.6.jar:?]
	at org.apache.hadoop.ipc.Server$RpcCall.run(Server.java:1094) [hadoop-common-3.3.6.jar:?]
	at org.apache.hadoop.ipc.Server$RpcCall.run(Server.java:1017) [hadoop-common-3.3.6.jar:?]
	at java.security.AccessController.doPrivileged(Native Method) ~[?:1.8.0_382]
	at javax.security.auth.Subject.doAs(Subject.java:422) [?:1.8.0_382]
	at org.apache.hadoop.security.UserGroupInformation.doAs(UserGroupInformation.java:1899) [hadoop-common-3.3.6.jar:?]
	at org.apache.hadoop.ipc.Server$Handler.run(Server.java:3048) [hadoop-common-3.3.6.jar:?]
20:27:44.407 [IPC Server handler 10 on default port 15004] ERROR OMAudit - user=runner | ip=127.0.0.1 | op=GET_FILE_STATUS {volume=volume63798, bucket=bucket90991, key=testBatchDelete/parent/childFolder/child3, dataSize=0, replicationConfig=null} | ret=FAILURE
org.apache.hadoop.ozone.om.exceptions.OMException: Unable to get file status: volume: volume63798 bucket: bucket90991 key: testBatchDelete/parent/childFolder/child3
	at org.apache.hadoop.ozone.om.KeyManagerImpl.getOzoneFileStatus(KeyManagerImpl.java:1195) ~[ozone-manager-1.4.0-SNAPSHOT.jar:?]
	at org.apache.hadoop.ozone.om.KeyManagerImpl.getFileStatus(KeyManagerImpl.java:1113) ~[ozone-manager-1.4.0-SNAPSHOT.jar:?]
	at org.apache.hadoop.ozone.om.OmMetadataReader.getFileStatus(OmMetadataReader.java:262) ~[ozone-manager-1.4.0-SNAPSHOT.jar:?]
	at org.apache.hadoop.ozone.om.OzoneManager.getFileStatus(OzoneManager.java:3530) ~[ozone-manager-1.4.0-SNAPSHOT.jar:?]
	at org.apache.hadoop.ozone.protocolPB.OzoneManagerRequestHandler.getOzoneFileStatus(OzoneManagerRequestHandler.java:971) ~[ozone-manager-1.4.0-SNAPSHOT.jar:?]
	at org.apache.hadoop.ozone.protocolPB.OzoneManagerRequestHandler.handleReadRequest(OzoneManagerRequestHandler.java:250) ~[ozone-manager-1.4.0-SNAPSHOT.jar:?]
	at org.apache.hadoop.ozone.protocolPB.OzoneManagerProtocolServerSideTranslatorPB.submitReadRequestToOM(OzoneManagerProtocolServerSideTranslatorPB.java:225) ~[ozone-manager-1.4.0-SNAPSHOT.jar:?]
	at org.apache.hadoop.ozone.protocolPB.OzoneManagerProtocolServerSideTranslatorPB.processRequest(OzoneManagerProtocolServerSideTranslatorPB.java:179) ~[ozone-manager-1.4.0-SNAPSHOT.jar:?]
	at org.apache.hadoop.hdds.server.OzoneProtocolMessageDispatcher.processRequest(OzoneProtocolMessageDispatcher.java:87) [hdds-server-framework-1.4.0-SNAPSHOT.jar:?]
	at org.apache.hadoop.ozone.protocolPB.OzoneManagerProtocolServerSideTranslatorPB.submitRequest(OzoneManagerProtocolServerSideTranslatorPB.java:148) [ozone-manager-1.4.0-SNAPSHOT.jar:?]
	at org.apache.hadoop.ozone.protocol.proto.OzoneManagerProtocolProtos$OzoneManagerService$2.callBlockingMethod(OzoneManagerProtocolProtos.java) [ozone-interface-client-1.4.0-SNAPSHOT.jar:?]
	at org.apache.hadoop.ipc.ProtobufRpcEngine$Server.processCall(ProtobufRpcEngine.java:484) [hadoop-common-3.3.6.jar:?]
	at org.apache.hadoop.ipc.ProtobufRpcEngine2$Server$ProtoBufRpcInvoker.call(ProtobufRpcEngine2.java:595) [hadoop-common-3.3.6.jar:?]
	at org.apache.hadoop.ipc.ProtobufRpcEngine2$Server$ProtoBufRpcInvoker.call(ProtobufRpcEngine2.java:573) [hadoop-common-3.3.6.jar:?]
	at org.apache.hadoop.ipc.RPC$Server.call(RPC.java:1227) [hadoop-common-3.3.6.jar:?]
	at org.apache.hadoop.ipc.Server$RpcCall.run(Server.java:1094) [hadoop-common-3.3.6.jar:?]
	at org.apache.hadoop.ipc.Server$RpcCall.run(Server.java:1017) [hadoop-common-3.3.6.jar:?]
	at java.security.AccessController.doPrivileged(Native Method) ~[?:1.8.0_382]
	at javax.security.auth.Subject.doAs(Subject.java:422) [?:1.8.0_382]
	at org.apache.hadoop.security.UserGroupInformation.doAs(UserGroupInformation.java:1899) [hadoop-common-3.3.6.jar:?]
	at org.apache.hadoop.ipc.Server$Handler.run(Server.java:3048) [hadoop-common-3.3.6.jar:?]
20:27:44.409 [IPC Server handler 12 on default port 15004] ERROR OMAudit - user=runner | ip=127.0.0.1 | op=GET_FILE_STATUS {volume=volume63798, bucket=bucket90991, key=testBatchDelete/parent/child4, dataSize=0, replicationConfig=null} | ret=FAILURE
org.apache.hadoop.ozone.om.exceptions.OMException: Unable to get file status: volume: volume63798 bucket: bucket90991 key: testBatchDelete/parent/child4
	at org.apache.hadoop.ozone.om.KeyManagerImpl.getOzoneFileStatus(KeyManagerImpl.java:1195) ~[ozone-manager-1.4.0-SNAPSHOT.jar:?]
	at org.apache.hadoop.ozone.om.KeyManagerImpl.getFileStatus(KeyManagerImpl.java:1113) ~[ozone-manager-1.4.0-SNAPSHOT.jar:?]
	at org.apache.hadoop.ozone.om.OmMetadataReader.getFileStatus(OmMetadataReader.java:262) ~[ozone-manager-1.4.0-SNAPSHOT.jar:?]
	at org.apache.hadoop.ozone.om.OzoneManager.getFileStatus(OzoneManager.java:3530) ~[ozone-manager-1.4.0-SNAPSHOT.jar:?]
	at org.apache.hadoop.ozone.protocolPB.OzoneManagerRequestHandler.getOzoneFileStatus(OzoneManagerRequestHandler.java:971) ~[ozone-manager-1.4.0-SNAPSHOT.jar:?]
	at org.apache.hadoop.ozone.protocolPB.OzoneManagerRequestHandler.handleReadRequest(OzoneManagerRequestHandler.java:250) ~[ozone-manager-1.4.0-SNAPSHOT.jar:?]
	at org.apache.hadoop.ozone.protocolPB.OzoneManagerProtocolServerSideTranslatorPB.submitReadRequestToOM(OzoneManagerProtocolServerSideTranslatorPB.java:225) ~[ozone-manager-1.4.0-SNAPSHOT.jar:?]
	at org.apache.hadoop.ozone.protocolPB.OzoneManagerProtocolServerSideTranslatorPB.processRequest(OzoneManagerProtocolServerSideTranslatorPB.java:179) ~[ozone-manager-1.4.0-SNAPSHOT.jar:?]
	at org.apache.hadoop.hdds.server.OzoneProtocolMessageDispatcher.processRequest(OzoneProtocolMessageDispatcher.java:87) [hdds-server-framework-1.4.0-SNAPSHOT.jar:?]
	at org.apache.hadoop.ozone.protocolPB.OzoneManagerProtocolServerSideTranslatorPB.submitRequest(OzoneManagerProtocolServerSideTranslatorPB.java:148) [ozone-manager-1.4.0-SNAPSHOT.jar:?]
	at org.apache.hadoop.ozone.protocol.proto.OzoneManagerProtocolProtos$OzoneManagerService$2.callBlockingMethod(OzoneManagerProtocolProtos.java) [ozone-interface-client-1.4.0-SNAPSHOT.jar:?]
	at org.apache.hadoop.ipc.ProtobufRpcEngine$Server.processCall(ProtobufRpcEngine.java:484) [hadoop-common-3.3.6.jar:?]
	at org.apache.hadoop.ipc.ProtobufRpcEngine2$Server$ProtoBufRpcInvoker.call(ProtobufRpcEngine2.java:595) [hadoop-common-3.3.6.jar:?]
	at org.apache.hadoop.ipc.ProtobufRpcEngine2$Server$ProtoBufRpcInvoker.call(ProtobufRpcEngine2.java:573) [hadoop-common-3.3.6.jar:?]
	at org.apache.hadoop.ipc.RPC$Server.call(RPC.java:1227) [hadoop-common-3.3.6.jar:?]
	at org.apache.hadoop.ipc.Server$RpcCall.run(Server.java:1094) [hadoop-common-3.3.6.jar:?]
	at org.apache.hadoop.ipc.Server$RpcCall.run(Server.java:1017) [hadoop-common-3.3.6.jar:?]
	at java.security.AccessController.doPrivileged(Native Method) ~[?:1.8.0_382]
	at javax.security.auth.Subject.doAs(Subject.java:422) [?:1.8.0_382]
	at org.apache.hadoop.security.UserGroupInformation.doAs(UserGroupInformation.java:1899) [hadoop-common-3.3.6.jar:?]
	at org.apache.hadoop.ipc.Server$Handler.run(Server.java:3048) [hadoop-common-3.3.6.jar:?]
20:27:44.410 [IPC Server handler 11 on default port 15004] ERROR OMAudit - user=runner | ip=127.0.0.1 | op=GET_FILE_STATUS {volume=volume63798, bucket=bucket90991, key=testBatchDelete/parent/childFolder/child4, dataSize=0, replicationConfig=null} | ret=FAILURE
org.apache.hadoop.ozone.om.exceptions.OMException: Unable to get file status: volume: volume63798 bucket: bucket90991 key: testBatchDelete/parent/childFolder/child4
	at org.apache.hadoop.ozone.om.KeyManagerImpl.getOzoneFileStatus(KeyManagerImpl.java:1195) ~[ozone-manager-1.4.0-SNAPSHOT.jar:?]
	at org.apache.hadoop.ozone.om.KeyManagerImpl.getFileStatus(KeyManagerImpl.java:1113) ~[ozone-manager-1.4.0-SNAPSHOT.jar:?]
	at org.apache.hadoop.ozone.om.OmMetadataReader.getFileStatus(OmMetadataReader.java:262) ~[ozone-manager-1.4.0-SNAPSHOT.jar:?]
	at org.apache.hadoop.ozone.om.OzoneManager.getFileStatus(OzoneManager.java:3530) ~[ozone-manager-1.4.0-SNAPSHOT.jar:?]
	at org.apache.hadoop.ozone.protocolPB.OzoneManagerRequestHandler.getOzoneFileStatus(OzoneManagerRequestHandler.java:971) ~[ozone-manager-1.4.0-SNAPSHOT.jar:?]
	at org.apache.hadoop.ozone.protocolPB.OzoneManagerRequestHandler.handleReadRequest(OzoneManagerRequestHandler.java:250) ~[ozone-manager-1.4.0-SNAPSHOT.jar:?]
	at org.apache.hadoop.ozone.protocolPB.OzoneManagerProtocolServerSideTranslatorPB.submitReadRequestToOM(OzoneManagerProtocolServerSideTranslatorPB.java:225) ~[ozone-manager-1.4.0-SNAPSHOT.jar:?]
	at org.apache.hadoop.ozone.protocolPB.OzoneManagerProtocolServerSideTranslatorPB.processRequest(OzoneManagerProtocolServerSideTranslatorPB.java:179) ~[ozone-manager-1.4.0-SNAPSHOT.jar:?]
	at org.apache.hadoop.hdds.server.OzoneProtocolMessageDispatcher.processRequest(OzoneProtocolMessageDispatcher.java:87) [hdds-server-framework-1.4.0-SNAPSHOT.jar:?]
	at org.apache.hadoop.ozone.protocolPB.OzoneManagerProtocolServerSideTranslatorPB.submitRequest(OzoneManagerProtocolServerSideTranslatorPB.java:148) [ozone-manager-1.4.0-SNAPSHOT.jar:?]
	at org.apache.hadoop.ozone.protocol.proto.OzoneManagerProtocolProtos$OzoneManagerService$2.callBlockingMethod(OzoneManagerProtocolProtos.java) [ozone-interface-client-1.4.0-SNAPSHOT.jar:?]
	at org.apache.hadoop.ipc.ProtobufRpcEngine$Server.processCall(ProtobufRpcEngine.java:484) [hadoop-common-3.3.6.jar:?]
	at org.apache.hadoop.ipc.ProtobufRpcEngine2$Server$ProtoBufRpcInvoker.call(ProtobufRpcEngine2.java:595) [hadoop-common-3.3.6.jar:?]
	at org.apache.hadoop.ipc.ProtobufRpcEngine2$Server$ProtoBufRpcInvoker.call(ProtobufRpcEngine2.java:573) [hadoop-common-3.3.6.jar:?]
	at org.apache.hadoop.ipc.RPC$Server.call(RPC.java:1227) [hadoop-common-3.3.6.jar:?]
	at org.apache.hadoop.ipc.Server$RpcCall.run(Server.java:1094) [hadoop-common-3.3.6.jar:?]
	at org.apache.hadoop.ipc.Server$RpcCall.run(Server.java:1017) [hadoop-common-3.3.6.jar:?]
	at java.security.AccessController.doPrivileged(Native Method) ~[?:1.8.0_382]
	at javax.security.auth.Subject.doAs(Subject.java:422) [?:1.8.0_382]
	at org.apache.hadoop.security.UserGroupInformation.doAs(UserGroupInformation.java:1899) [hadoop-common-3.3.6.jar:?]
	at org.apache.hadoop.ipc.Server$Handler.run(Server.java:3048) [hadoop-common-3.3.6.jar:?]
20:27:44.413 [IPC Server handler 6 on default port 15004] ERROR OMAudit - user=runner | ip=127.0.0.1 | op=GET_FILE_STATUS {volume=volume63798, bucket=bucket90991, key=testBatchDelete/parent/child5, dataSize=0, replicationConfig=null} | ret=FAILURE
org.apache.hadoop.ozone.om.exceptions.OMException: Unable to get file status: volume: volume63798 bucket: bucket90991 key: testBatchDelete/parent/child5
	at org.apache.hadoop.ozone.om.KeyManagerImpl.getOzoneFileStatus(KeyManagerImpl.java:1195) ~[ozone-manager-1.4.0-SNAPSHOT.jar:?]
	at org.apache.hadoop.ozone.om.KeyManagerImpl.getFileStatus(KeyManagerImpl.java:1113) ~[ozone-manager-1.4.0-SNAPSHOT.jar:?]
	at org.apache.hadoop.ozone.om.OmMetadataReader.getFileStatus(OmMetadataReader.java:262) ~[ozone-manager-1.4.0-SNAPSHOT.jar:?]
	at org.apache.hadoop.ozone.om.OzoneManager.getFileStatus(OzoneManager.java:3530) ~[ozone-manager-1.4.0-SNAPSHOT.jar:?]
	at org.apache.hadoop.ozone.protocolPB.OzoneManagerRequestHandler.getOzoneFileStatus(OzoneManagerRequestHandler.java:971) ~[ozone-manager-1.4.0-SNAPSHOT.jar:?]
	at org.apache.hadoop.ozone.protocolPB.OzoneManagerRequestHandler.handleReadRequest(OzoneManagerRequestHandler.java:250) ~[ozone-manager-1.4.0-SNAPSHOT.jar:?]
	at org.apache.hadoop.ozone.protocolPB.OzoneManagerProtocolServerSideTranslatorPB.submitReadRequestToOM(OzoneManagerProtocolServerSideTranslatorPB.java:225) ~[ozone-manager-1.4.0-SNAPSHOT.jar:?]
	at org.apache.hadoop.ozone.protocolPB.OzoneManagerProtocolServerSideTranslatorPB.processRequest(OzoneManagerProtocolServerSideTranslatorPB.java:179) ~[ozone-manager-1.4.0-SNAPSHOT.jar:?]
	at org.apache.hadoop.hdds.server.OzoneProtocolMessageDispatcher.processRequest(OzoneProtocolMessageDispatcher.java:87) [hdds-server-framework-1.4.0-SNAPSHOT.jar:?]
	at org.apache.hadoop.ozone.protocolPB.OzoneManagerProtocolServerSideTranslatorPB.submitRequest(OzoneManagerProtocolServerSideTranslatorPB.java:148) [ozone-manager-1.4.0-SNAPSHOT.jar:?]
	at org.apache.hadoop.ozone.protocol.proto.OzoneManagerProtocolProtos$OzoneManagerService$2.callBlockingMethod(OzoneManagerProtocolProtos.java) [ozone-interface-client-1.4.0-SNAPSHOT.jar:?]
	at org.apache.hadoop.ipc.ProtobufRpcEngine$Server.processCall(ProtobufRpcEngine.java:484) [hadoop-common-3.3.6.jar:?]
	at org.apache.hadoop.ipc.ProtobufRpcEngine2$Server$ProtoBufRpcInvoker.call(ProtobufRpcEngine2.java:595) [hadoop-common-3.3.6.jar:?]
	at org.apache.hadoop.ipc.ProtobufRpcEngine2$Server$ProtoBufRpcInvoker.call(ProtobufRpcEngine2.java:573) [hadoop-common-3.3.6.jar:?]
	at org.apache.hadoop.ipc.RPC$Server.call(RPC.java:1227) [hadoop-common-3.3.6.jar:?]
	at org.apache.hadoop.ipc.Server$RpcCall.run(Server.java:1094) [hadoop-common-3.3.6.jar:?]
	at org.apache.hadoop.ipc.Server$RpcCall.run(Server.java:1017) [hadoop-common-3.3.6.jar:?]
	at java.security.AccessController.doPrivileged(Native Method) ~[?:1.8.0_382]
	at javax.security.auth.Subject.doAs(Subject.java:422) [?:1.8.0_382]
	at org.apache.hadoop.security.UserGroupInformation.doAs(UserGroupInformation.java:1899) [hadoop-common-3.3.6.jar:?]
	at org.apache.hadoop.ipc.Server$Handler.run(Server.java:3048) [hadoop-common-3.3.6.jar:?]
20:27:44.414 [IPC Server handler 2 on default port 15004] ERROR OMAudit - user=runner | ip=127.0.0.1 | op=GET_FILE_STATUS {volume=volume63798, bucket=bucket90991, key=testBatchDelete/parent/childFolder/child5, dataSize=0, replicationConfig=null} | ret=FAILURE
org.apache.hadoop.ozone.om.exceptions.OMException: Unable to get file status: volume: volume63798 bucket: bucket90991 key: testBatchDelete/parent/childFolder/child5
	at org.apache.hadoop.ozone.om.KeyManagerImpl.getOzoneFileStatus(KeyManagerImpl.java:1195) ~[ozone-manager-1.4.0-SNAPSHOT.jar:?]
	at org.apache.hadoop.ozone.om.KeyManagerImpl.getFileStatus(KeyManagerImpl.java:1113) ~[ozone-manager-1.4.0-SNAPSHOT.jar:?]
	at org.apache.hadoop.ozone.om.OmMetadataReader.getFileStatus(OmMetadataReader.java:262) ~[ozone-manager-1.4.0-SNAPSHOT.jar:?]
	at org.apache.hadoop.ozone.om.OzoneManager.getFileStatus(OzoneManager.java:3530) ~[ozone-manager-1.4.0-SNAPSHOT.jar:?]
	at org.apache.hadoop.ozone.protocolPB.OzoneManagerRequestHandler.getOzoneFileStatus(OzoneManagerRequestHandler.java:971) ~[ozone-manager-1.4.0-SNAPSHOT.jar:?]
	at org.apache.hadoop.ozone.protocolPB.OzoneManagerRequestHandler.handleReadRequest(OzoneManagerRequestHandler.java:250) ~[ozone-manager-1.4.0-SNAPSHOT.jar:?]
	at org.apache.hadoop.ozone.protocolPB.OzoneManagerProtocolServerSideTranslatorPB.submitReadRequestToOM(OzoneManagerProtocolServerSideTranslatorPB.java:225) ~[ozone-manager-1.4.0-SNAPSHOT.jar:?]
	at org.apache.hadoop.ozone.protocolPB.OzoneManagerProtocolServerSideTranslatorPB.processRequest(OzoneManagerProtocolServerSideTranslatorPB.java:179) ~[ozone-manager-1.4.0-SNAPSHOT.jar:?]
	at org.apache.hadoop.hdds.server.OzoneProtocolMessageDispatcher.processRequest(OzoneProtocolMessageDispatcher.java:87) [hdds-server-framework-1.4.0-SNAPSHOT.jar:?]
	at org.apache.hadoop.ozone.protocolPB.OzoneManagerProtocolServerSideTranslatorPB.submitRequest(OzoneManagerProtocolServerSideTranslatorPB.java:148) [ozone-manager-1.4.0-SNAPSHOT.jar:?]
	at org.apache.hadoop.ozone.protocol.proto.OzoneManagerProtocolProtos$OzoneManagerService$2.callBlockingMethod(OzoneManagerProtocolProtos.java) [ozone-interface-client-1.4.0-SNAPSHOT.jar:?]
	at org.apache.hadoop.ipc.ProtobufRpcEngine$Server.processCall(ProtobufRpcEngine.java:484) [hadoop-common-3.3.6.jar:?]
	at org.apache.hadoop.ipc.ProtobufRpcEngine2$Server$ProtoBufRpcInvoker.call(ProtobufRpcEngine2.java:595) [hadoop-common-3.3.6.jar:?]
	at org.apache.hadoop.ipc.ProtobufRpcEngine2$Server$ProtoBufRpcInvoker.call(ProtobufRpcEngine2.java:573) [hadoop-common-3.3.6.jar:?]
	at org.apache.hadoop.ipc.RPC$Server.call(RPC.java:1227) [hadoop-common-3.3.6.jar:?]
	at org.apache.hadoop.ipc.Server$RpcCall.run(Server.java:1094) [hadoop-common-3.3.6.jar:?]
	at org.apache.hadoop.ipc.Server$RpcCall.run(Server.java:1017) [hadoop-common-3.3.6.jar:?]
	at java.security.AccessController.doPrivileged(Native Method) ~[?:1.8.0_382]
	at javax.security.auth.Subject.doAs(Subject.java:422) [?:1.8.0_382]
	at org.apache.hadoop.security.UserGroupInformation.doAs(UserGroupInformation.java:1899) [hadoop-common-3.3.6.jar:?]
	at org.apache.hadoop.ipc.Server$Handler.run(Server.java:3048) [hadoop-common-3.3.6.jar:?]
20:27:44.416 [IPC Server handler 7 on default port 15004] ERROR OMAudit - user=runner | ip=127.0.0.1 | op=GET_FILE_STATUS {volume=volume63798, bucket=bucket90991, key=testBatchDelete/parent/child6, dataSize=0, replicationConfig=null} | ret=FAILURE
org.apache.hadoop.ozone.om.exceptions.OMException: Unable to get file status: volume: volume63798 bucket: bucket90991 key: testBatchDelete/parent/child6
	at org.apache.hadoop.ozone.om.KeyManagerImpl.getOzoneFileStatus(KeyManagerImpl.java:1195) ~[ozone-manager-1.4.0-SNAPSHOT.jar:?]
	at org.apache.hadoop.ozone.om.KeyManagerImpl.getFileStatus(KeyManagerImpl.java:1113) ~[ozone-manager-1.4.0-SNAPSHOT.jar:?]
	at org.apache.hadoop.ozone.om.OmMetadataReader.getFileStatus(OmMetadataReader.java:262) ~[ozone-manager-1.4.0-SNAPSHOT.jar:?]
	at org.apache.hadoop.ozone.om.OzoneManager.getFileStatus(OzoneManager.java:3530) ~[ozone-manager-1.4.0-SNAPSHOT.jar:?]
	at org.apache.hadoop.ozone.protocolPB.OzoneManagerRequestHandler.getOzoneFileStatus(OzoneManagerRequestHandler.java:971) ~[ozone-manager-1.4.0-SNAPSHOT.jar:?]
	at org.apache.hadoop.ozone.protocolPB.OzoneManagerRequestHandler.handleReadRequest(OzoneManagerRequestHandler.java:250) ~[ozone-manager-1.4.0-SNAPSHOT.jar:?]
	at org.apache.hadoop.ozone.protocolPB.OzoneManagerProtocolServerSideTranslatorPB.submitReadRequestToOM(OzoneManagerProtocolServerSideTranslatorPB.java:225) ~[ozone-manager-1.4.0-SNAPSHOT.jar:?]
	at org.apache.hadoop.ozone.protocolPB.OzoneManagerProtocolServerSideTranslatorPB.processRequest(OzoneManagerProtocolServerSideTranslatorPB.java:179) ~[ozone-manager-1.4.0-SNAPSHOT.jar:?]
	at org.apache.hadoop.hdds.server.OzoneProtocolMessageDispatcher.processRequest(OzoneProtocolMessageDispatcher.java:87) [hdds-server-framework-1.4.0-SNAPSHOT.jar:?]
	at org.apache.hadoop.ozone.protocolPB.OzoneManagerProtocolServerSideTranslatorPB.submitRequest(OzoneManagerProtocolServerSideTranslatorPB.java:148) [ozone-manager-1.4.0-SNAPSHOT.jar:?]
	at org.apache.hadoop.ozone.protocol.proto.OzoneManagerProtocolProtos$OzoneManagerService$2.callBlockingMethod(OzoneManagerProtocolProtos.java) [ozone-interface-client-1.4.0-SNAPSHOT.jar:?]
	at org.apache.hadoop.ipc.ProtobufRpcEngine$Server.processCall(ProtobufRpcEngine.java:484) [hadoop-common-3.3.6.jar:?]
	at org.apache.hadoop.ipc.ProtobufRpcEngine2$Server$ProtoBufRpcInvoker.call(ProtobufRpcEngine2.java:595) [hadoop-common-3.3.6.jar:?]
	at org.apache.hadoop.ipc.ProtobufRpcEngine2$Server$ProtoBufRpcInvoker.call(ProtobufRpcEngine2.java:573) [hadoop-common-3.3.6.jar:?]
	at org.apache.hadoop.ipc.RPC$Server.call(RPC.java:1227) [hadoop-common-3.3.6.jar:?]
	at org.apache.hadoop.ipc.Server$RpcCall.run(Server.java:1094) [hadoop-common-3.3.6.jar:?]
	at org.apache.hadoop.ipc.Server$RpcCall.run(Server.java:1017) [hadoop-common-3.3.6.jar:?]
	at java.security.AccessController.doPrivileged(Native Method) ~[?:1.8.0_382]
	at javax.security.auth.Subject.doAs(Subject.java:422) [?:1.8.0_382]
	at org.apache.hadoop.security.UserGroupInformation.doAs(UserGroupInformation.java:1899) [hadoop-common-3.3.6.jar:?]
	at org.apache.hadoop.ipc.Server$Handler.run(Server.java:3048) [hadoop-common-3.3.6.jar:?]
20:27:44.418 [IPC Server handler 9 on default port 15004] ERROR OMAudit - user=runner | ip=127.0.0.1 | op=GET_FILE_STATUS {volume=volume63798, bucket=bucket90991, key=testBatchDelete/parent/childFolder/child6, dataSize=0, replicationConfig=null} | ret=FAILURE
org.apache.hadoop.ozone.om.exceptions.OMException: Unable to get file status: volume: volume63798 bucket: bucket90991 key: testBatchDelete/parent/childFolder/child6
	at org.apache.hadoop.ozone.om.KeyManagerImpl.getOzoneFileStatus(KeyManagerImpl.java:1195) ~[ozone-manager-1.4.0-SNAPSHOT.jar:?]
	at org.apache.hadoop.ozone.om.KeyManagerImpl.getFileStatus(KeyManagerImpl.java:1113) ~[ozone-manager-1.4.0-SNAPSHOT.jar:?]
	at org.apache.hadoop.ozone.om.OmMetadataReader.getFileStatus(OmMetadataReader.java:262) ~[ozone-manager-1.4.0-SNAPSHOT.jar:?]
	at org.apache.hadoop.ozone.om.OzoneManager.getFileStatus(OzoneManager.java:3530) ~[ozone-manager-1.4.0-SNAPSHOT.jar:?]
	at org.apache.hadoop.ozone.protocolPB.OzoneManagerRequestHandler.getOzoneFileStatus(OzoneManagerRequestHandler.java:971) ~[ozone-manager-1.4.0-SNAPSHOT.jar:?]
	at org.apache.hadoop.ozone.protocolPB.OzoneManagerRequestHandler.handleReadRequest(OzoneManagerRequestHandler.java:250) ~[ozone-manager-1.4.0-SNAPSHOT.jar:?]
	at org.apache.hadoop.ozone.protocolPB.OzoneManagerProtocolServerSideTranslatorPB.submitReadRequestToOM(OzoneManagerProtocolServerSideTranslatorPB.java:225) ~[ozone-manager-1.4.0-SNAPSHOT.jar:?]
	at org.apache.hadoop.ozone.protocolPB.OzoneManagerProtocolServerSideTranslatorPB.processRequest(OzoneManagerProtocolServerSideTranslatorPB.java:179) ~[ozone-manager-1.4.0-SNAPSHOT.jar:?]
	at org.apache.hadoop.hdds.server.OzoneProtocolMessageDispatcher.processRequest(OzoneProtocolMessageDispatcher.java:87) [hdds-server-framework-1.4.0-SNAPSHOT.jar:?]
	at org.apache.hadoop.ozone.protocolPB.OzoneManagerProtocolServerSideTranslatorPB.submitRequest(OzoneManagerProtocolServerSideTranslatorPB.java:148) [ozone-manager-1.4.0-SNAPSHOT.jar:?]
	at org.apache.hadoop.ozone.protocol.proto.OzoneManagerProtocolProtos$OzoneManagerService$2.callBlockingMethod(OzoneManagerProtocolProtos.java) [ozone-interface-client-1.4.0-SNAPSHOT.jar:?]
	at org.apache.hadoop.ipc.ProtobufRpcEngine$Server.processCall(ProtobufRpcEngine.java:484) [hadoop-common-3.3.6.jar:?]
	at org.apache.hadoop.ipc.ProtobufRpcEngine2$Server$ProtoBufRpcInvoker.call(ProtobufRpcEngine2.java:595) [hadoop-common-3.3.6.jar:?]
	at org.apache.hadoop.ipc.ProtobufRpcEngine2$Server$ProtoBufRpcInvoker.call(ProtobufRpcEngine2.java:573) [hadoop-common-3.3.6.jar:?]
	at org.apache.hadoop.ipc.RPC$Server.call(RPC.java:1227) [hadoop-common-3.3.6.jar:?]
	at org.apache.hadoop.ipc.Server$RpcCall.run(Server.java:1094) [hadoop-common-3.3.6.jar:?]
	at org.apache.hadoop.ipc.Server$RpcCall.run(Server.java:1017) [hadoop-common-3.3.6.jar:?]
	at java.security.AccessController.doPrivileged(Native Method) ~[?:1.8.0_382]
	at javax.security.auth.Subject.doAs(Subject.java:422) [?:1.8.0_382]
	at org.apache.hadoop.security.UserGroupInformation.doAs(UserGroupInformation.java:1899) [hadoop-common-3.3.6.jar:?]
	at org.apache.hadoop.ipc.Server$Handler.run(Server.java:3048) [hadoop-common-3.3.6.jar:?]
20:27:44.420 [IPC Server handler 3 on default port 15004] ERROR OMAudit - user=runner | ip=127.0.0.1 | op=GET_FILE_STATUS {volume=volume63798, bucket=bucket90991, key=testBatchDelete/parent/child7, dataSize=0, replicationConfig=null} | ret=FAILURE
org.apache.hadoop.ozone.om.exceptions.OMException: Unable to get file status: volume: volume63798 bucket: bucket90991 key: testBatchDelete/parent/child7
	at org.apache.hadoop.ozone.om.KeyManagerImpl.getOzoneFileStatus(KeyManagerImpl.java:1195) ~[ozone-manager-1.4.0-SNAPSHOT.jar:?]
	at org.apache.hadoop.ozone.om.KeyManagerImpl.getFileStatus(KeyManagerImpl.java:1113) ~[ozone-manager-1.4.0-SNAPSHOT.jar:?]
	at org.apache.hadoop.ozone.om.OmMetadataReader.getFileStatus(OmMetadataReader.java:262) ~[ozone-manager-1.4.0-SNAPSHOT.jar:?]
	at org.apache.hadoop.ozone.om.OzoneManager.getFileStatus(OzoneManager.java:3530) ~[ozone-manager-1.4.0-SNAPSHOT.jar:?]
	at org.apache.hadoop.ozone.protocolPB.OzoneManagerRequestHandler.getOzoneFileStatus(OzoneManagerRequestHandler.java:971) ~[ozone-manager-1.4.0-SNAPSHOT.jar:?]
	at org.apache.hadoop.ozone.protocolPB.OzoneManagerRequestHandler.handleReadRequest(OzoneManagerRequestHandler.java:250) ~[ozone-manager-1.4.0-SNAPSHOT.jar:?]
	at org.apache.hadoop.ozone.protocolPB.OzoneManagerProtocolServerSideTranslatorPB.submitReadRequestToOM(OzoneManagerProtocolServerSideTranslatorPB.java:225) ~[ozone-manager-1.4.0-SNAPSHOT.jar:?]
	at org.apache.hadoop.ozone.protocolPB.OzoneManagerProtocolServerSideTranslatorPB.processRequest(OzoneManagerProtocolServerSideTranslatorPB.java:179) ~[ozone-manager-1.4.0-SNAPSHOT.jar:?]
	at org.apache.hadoop.hdds.server.OzoneProtocolMessageDispatcher.processRequest(OzoneProtocolMessageDispatcher.java:87) [hdds-server-framework-1.4.0-SNAPSHOT.jar:?]
	at org.apache.hadoop.ozone.protocolPB.OzoneManagerProtocolServerSideTranslatorPB.submitRequest(OzoneManagerProtocolServerSideTranslatorPB.java:148) [ozone-manager-1.4.0-SNAPSHOT.jar:?]
	at org.apache.hadoop.ozone.protocol.proto.OzoneManagerProtocolProtos$OzoneManagerService$2.callBlockingMethod(OzoneManagerProtocolProtos.java) [ozone-interface-client-1.4.0-SNAPSHOT.jar:?]
	at org.apache.hadoop.ipc.ProtobufRpcEngine$Server.processCall(ProtobufRpcEngine.java:484) [hadoop-common-3.3.6.jar:?]
	at org.apache.hadoop.ipc.ProtobufRpcEngine2$Server$ProtoBufRpcInvoker.call(ProtobufRpcEngine2.java:595) [hadoop-common-3.3.6.jar:?]
	at org.apache.hadoop.ipc.ProtobufRpcEngine2$Server$ProtoBufRpcInvoker.call(ProtobufRpcEngine2.java:573) [hadoop-common-3.3.6.jar:?]
	at org.apache.hadoop.ipc.RPC$Server.call(RPC.java:1227) [hadoop-common-3.3.6.jar:?]
	at org.apache.hadoop.ipc.Server$RpcCall.run(Server.java:1094) [hadoop-common-3.3.6.jar:?]
	at org.apache.hadoop.ipc.Server$RpcCall.run(Server.java:1017) [hadoop-common-3.3.6.jar:?]
	at java.security.AccessController.doPrivileged(Native Method) ~[?:1.8.0_382]
	at javax.security.auth.Subject.doAs(Subject.java:422) [?:1.8.0_382]
	at org.apache.hadoop.security.UserGroupInformation.doAs(UserGroupInformation.java:1899) [hadoop-common-3.3.6.jar:?]
	at org.apache.hadoop.ipc.Server$Handler.run(Server.java:3048) [hadoop-common-3.3.6.jar:?]
20:27:44.424 [IPC Server handler 1 on default port 15004] ERROR OMAudit - user=runner | ip=127.0.0.1 | op=GET_FILE_STATUS {volume=volume63798, bucket=bucket90991, key=testBatchDelete/parent/childFolder/child7, dataSize=0, replicationConfig=null} | ret=FAILURE
org.apache.hadoop.ozone.om.exceptions.OMException: Unable to get file status: volume: volume63798 bucket: bucket90991 key: testBatchDelete/parent/childFolder/child7
	at org.apache.hadoop.ozone.om.KeyManagerImpl.getOzoneFileStatus(KeyManagerImpl.java:1195) ~[ozone-manager-1.4.0-SNAPSHOT.jar:?]
	at org.apache.hadoop.ozone.om.KeyManagerImpl.getFileStatus(KeyManagerImpl.java:1113) ~[ozone-manager-1.4.0-SNAPSHOT.jar:?]
	at org.apache.hadoop.ozone.om.OmMetadataReader.getFileStatus(OmMetadataReader.java:262) ~[ozone-manager-1.4.0-SNAPSHOT.jar:?]
	at org.apache.hadoop.ozone.om.OzoneManager.getFileStatus(OzoneManager.java:3530) ~[ozone-manager-1.4.0-SNAPSHOT.jar:?]
	at org.apache.hadoop.ozone.protocolPB.OzoneManagerRequestHandler.getOzoneFileStatus(OzoneManagerRequestHandler.java:971) ~[ozone-manager-1.4.0-SNAPSHOT.jar:?]
	at org.apache.hadoop.ozone.protocolPB.OzoneManagerRequestHandler.handleReadRequest(OzoneManagerRequestHandler.java:250) ~[ozone-manager-1.4.0-SNAPSHOT.jar:?]
	at org.apache.hadoop.ozone.protocolPB.OzoneManagerProtocolServerSideTranslatorPB.submitReadRequestToOM(OzoneManagerProtocolServerSideTranslatorPB.java:225) ~[ozone-manager-1.4.0-SNAPSHOT.jar:?]
	at org.apache.hadoop.ozone.protocolPB.OzoneManagerProtocolServerSideTranslatorPB.processRequest(OzoneManagerProtocolServerSideTranslatorPB.java:179) ~[ozone-manager-1.4.0-SNAPSHOT.jar:?]
	at org.apache.hadoop.hdds.server.OzoneProtocolMessageDispatcher.processRequest(OzoneProtocolMessageDispatcher.java:87) [hdds-server-framework-1.4.0-SNAPSHOT.jar:?]
	at org.apache.hadoop.ozone.protocolPB.OzoneManagerProtocolServerSideTranslatorPB.submitRequest(OzoneManagerProtocolServerSideTranslatorPB.java:148) [ozone-manager-1.4.0-SNAPSHOT.jar:?]
	at org.apache.hadoop.ozone.protocol.proto.OzoneManagerProtocolProtos$OzoneManagerService$2.callBlockingMethod(OzoneManagerProtocolProtos.java) [ozone-interface-client-1.4.0-SNAPSHOT.jar:?]
	at org.apache.hadoop.ipc.ProtobufRpcEngine$Server.processCall(ProtobufRpcEngine.java:484) [hadoop-common-3.3.6.jar:?]
	at org.apache.hadoop.ipc.ProtobufRpcEngine2$Server$ProtoBufRpcInvoker.call(ProtobufRpcEngine2.java:595) [hadoop-common-3.3.6.jar:?]
	at org.apache.hadoop.ipc.ProtobufRpcEngine2$Server$ProtoBufRpcInvoker.call(ProtobufRpcEngine2.java:573) [hadoop-common-3.3.6.jar:?]
	at org.apache.hadoop.ipc.RPC$Server.call(RPC.java:1227) [hadoop-common-3.3.6.jar:?]
	at org.apache.hadoop.ipc.Server$RpcCall.run(Server.java:1094) [hadoop-common-3.3.6.jar:?]
	at org.apache.hadoop.ipc.Server$RpcCall.run(Server.java:1017) [hadoop-common-3.3.6.jar:?]
	at java.security.AccessController.doPrivileged(Native Method) ~[?:1.8.0_382]
	at javax.security.auth.Subject.doAs(Subject.java:422) [?:1.8.0_382]
	at org.apache.hadoop.security.UserGroupInformation.doAs(UserGroupInformation.java:1899) [hadoop-common-3.3.6.jar:?]
	at org.apache.hadoop.ipc.Server$Handler.run(Server.java:3048) [hadoop-common-3.3.6.jar:?]
20:27:44.425 [IPC Server handler 5 on default port 15004] ERROR OMAudit - user=runner | ip=127.0.0.1 | op=GET_FILE_STATUS {volume=volume63798, bucket=bucket90991, key=testBatchDelete/parent, dataSize=0, replicationConfig=null} | ret=FAILURE
org.apache.hadoop.ozone.om.exceptions.OMException: Unable to get file status: volume: volume63798 bucket: bucket90991 key: testBatchDelete/parent
	at org.apache.hadoop.ozone.om.KeyManagerImpl.getOzoneFileStatus(KeyManagerImpl.java:1195) ~[ozone-manager-1.4.0-SNAPSHOT.jar:?]
	at org.apache.hadoop.ozone.om.KeyManagerImpl.getFileStatus(KeyManagerImpl.java:1113) ~[ozone-manager-1.4.0-SNAPSHOT.jar:?]
	at org.apache.hadoop.ozone.om.OmMetadataReader.getFileStatus(OmMetadataReader.java:262) ~[ozone-manager-1.4.0-SNAPSHOT.jar:?]
	at org.apache.hadoop.ozone.om.OzoneManager.getFileStatus(OzoneManager.java:3530) ~[ozone-manager-1.4.0-SNAPSHOT.jar:?]
	at org.apache.hadoop.ozone.protocolPB.OzoneManagerRequestHandler.getOzoneFileStatus(OzoneManagerRequestHandler.java:971) ~[ozone-manager-1.4.0-SNAPSHOT.jar:?]
	at org.apache.hadoop.ozone.protocolPB.OzoneManagerRequestHandler.handleReadRequest(OzoneManagerRequestHandler.java:250) ~[ozone-manager-1.4.0-SNAPSHOT.jar:?]
	at org.apache.hadoop.ozone.protocolPB.OzoneManagerProtocolServerSideTranslatorPB.submitReadRequestToOM(OzoneManagerProtocolServerSideTranslatorPB.java:225) ~[ozone-manager-1.4.0-SNAPSHOT.jar:?]
	at org.apache.hadoop.ozone.protocolPB.OzoneManagerProtocolServerSideTranslatorPB.processRequest(OzoneManagerProtocolServerSideTranslatorPB.java:179) ~[ozone-manager-1.4.0-SNAPSHOT.jar:?]
	at org.apache.hadoop.hdds.server.OzoneProtocolMessageDispatcher.processRequest(OzoneProtocolMessageDispatcher.java:87) [hdds-server-framework-1.4.0-SNAPSHOT.jar:?]
	at org.apache.hadoop.ozone.protocolPB.OzoneManagerProtocolServerSideTranslatorPB.submitRequest(OzoneManagerProtocolServerSideTranslatorPB.java:148) [ozone-manager-1.4.0-SNAPSHOT.jar:?]
	at org.apache.hadoop.ozone.protocol.proto.OzoneManagerProtocolProtos$OzoneManagerService$2.callBlockingMethod(OzoneManagerProtocolProtos.java) [ozone-interface-client-1.4.0-SNAPSHOT.jar:?]
	at org.apache.hadoop.ipc.ProtobufRpcEngine$Server.processCall(ProtobufRpcEngine.java:484) [hadoop-common-3.3.6.jar:?]
	at org.apache.hadoop.ipc.ProtobufRpcEngine2$Server$ProtoBufRpcInvoker.call(ProtobufRpcEngine2.java:595) [hadoop-common-3.3.6.jar:?]
	at org.apache.hadoop.ipc.ProtobufRpcEngine2$Server$ProtoBufRpcInvoker.call(ProtobufRpcEngine2.java:573) [hadoop-common-3.3.6.jar:?]
	at org.apache.hadoop.ipc.RPC$Server.call(RPC.java:1227) [hadoop-common-3.3.6.jar:?]
	at org.apache.hadoop.ipc.Server$RpcCall.run(Server.java:1094) [hadoop-common-3.3.6.jar:?]
	at org.apache.hadoop.ipc.Server$RpcCall.run(Server.java:1017) [hadoop-common-3.3.6.jar:?]
	at java.security.AccessController.doPrivileged(Native Method) ~[?:1.8.0_382]
	at javax.security.auth.Subject.doAs(Subject.java:422) [?:1.8.0_382]
	at org.apache.hadoop.security.UserGroupInformation.doAs(UserGroupInformation.java:1899) [hadoop-common-3.3.6.jar:?]
	at org.apache.hadoop.ipc.Server$Handler.run(Server.java:3048) [hadoop-common-3.3.6.jar:?]
2023-09-07 20:27:44,426 [Time-limited test] WARN  ozone.BasicOzoneFileSystem (BasicOzoneFileSystem.java:delete(595)) - delete: Path does not exist: /testBatchDelete/parent
]]></system-out>
  </testcase>
  <testcase name="testFileDelete" classname="TestOzoneFileSystem" time="0.169">
    <system-out><![CDATA[20:29:41.486 [IPC Server handler 12 on default port 15057] ERROR OMAudit - user=runner | ip=127.0.0.1 | op=GET_FILE_STATUS {volume=volume62736, bucket=bucket10134, key=testBatchDelete, dataSize=0, replicationConfig=null} | ret=FAILURE
org.apache.hadoop.ozone.om.exceptions.OMException: Unable to get file status: volume: volume62736 bucket: bucket10134 key: testBatchDelete
	at org.apache.hadoop.ozone.om.KeyManagerImpl.getOzoneFileStatus(KeyManagerImpl.java:1195) ~[ozone-manager-1.4.0-SNAPSHOT.jar:?]
	at org.apache.hadoop.ozone.om.KeyManagerImpl.getFileStatus(KeyManagerImpl.java:1113) ~[ozone-manager-1.4.0-SNAPSHOT.jar:?]
	at org.apache.hadoop.ozone.om.OmMetadataReader.getFileStatus(OmMetadataReader.java:262) ~[ozone-manager-1.4.0-SNAPSHOT.jar:?]
	at org.apache.hadoop.ozone.om.OzoneManager.getFileStatus(OzoneManager.java:3530) ~[ozone-manager-1.4.0-SNAPSHOT.jar:?]
	at org.apache.hadoop.ozone.protocolPB.OzoneManagerRequestHandler.getOzoneFileStatus(OzoneManagerRequestHandler.java:971) ~[ozone-manager-1.4.0-SNAPSHOT.jar:?]
	at org.apache.hadoop.ozone.protocolPB.OzoneManagerRequestHandler.handleReadRequest(OzoneManagerRequestHandler.java:250) ~[ozone-manager-1.4.0-SNAPSHOT.jar:?]
	at org.apache.hadoop.ozone.protocolPB.OzoneManagerProtocolServerSideTranslatorPB.submitRequestDirectlyToOM(OzoneManagerProtocolServerSideTranslatorPB.java:274) ~[ozone-manager-1.4.0-SNAPSHOT.jar:?]
	at org.apache.hadoop.ozone.protocolPB.OzoneManagerProtocolServerSideTranslatorPB.processRequest(OzoneManagerProtocolServerSideTranslatorPB.java:175) ~[ozone-manager-1.4.0-SNAPSHOT.jar:?]
	at org.apache.hadoop.hdds.server.OzoneProtocolMessageDispatcher.processRequest(OzoneProtocolMessageDispatcher.java:87) [hdds-server-framework-1.4.0-SNAPSHOT.jar:?]
	at org.apache.hadoop.ozone.protocolPB.OzoneManagerProtocolServerSideTranslatorPB.submitRequest(OzoneManagerProtocolServerSideTranslatorPB.java:148) [ozone-manager-1.4.0-SNAPSHOT.jar:?]
	at org.apache.hadoop.ozone.protocol.proto.OzoneManagerProtocolProtos$OzoneManagerService$2.callBlockingMethod(OzoneManagerProtocolProtos.java) [ozone-interface-client-1.4.0-SNAPSHOT.jar:?]
	at org.apache.hadoop.ipc.ProtobufRpcEngine$Server.processCall(ProtobufRpcEngine.java:484) [hadoop-common-3.3.6.jar:?]
	at org.apache.hadoop.ipc.ProtobufRpcEngine2$Server$ProtoBufRpcInvoker.call(ProtobufRpcEngine2.java:595) [hadoop-common-3.3.6.jar:?]
	at org.apache.hadoop.ipc.ProtobufRpcEngine2$Server$ProtoBufRpcInvoker.call(ProtobufRpcEngine2.java:573) [hadoop-common-3.3.6.jar:?]
	at org.apache.hadoop.ipc.RPC$Server.call(RPC.java:1227) [hadoop-common-3.3.6.jar:?]
	at org.apache.hadoop.ipc.Server$RpcCall.run(Server.java:1094) [hadoop-common-3.3.6.jar:?]
	at org.apache.hadoop.ipc.Server$RpcCall.run(Server.java:1017) [hadoop-common-3.3.6.jar:?]
	at java.security.AccessController.doPrivileged(Native Method) ~[?:1.8.0_382]
	at javax.security.auth.Subject.doAs(Subject.java:422) [?:1.8.0_382]
	at org.apache.hadoop.security.UserGroupInformation.doAs(UserGroupInformation.java:1899) [hadoop-common-3.3.6.jar:?]
	at org.apache.hadoop.ipc.Server$Handler.run(Server.java:3048) [hadoop-common-3.3.6.jar:?]
20:29:41.487 [IPC Server handler 7 on default port 15057] ERROR OMAudit - user=runner | ip=127.0.0.1 | op=GET_FILE_STATUS {volume=volume62736, bucket=bucket10134, key=testBatchDelete/parent/child0, dataSize=0, replicationConfig=null} | ret=FAILURE
org.apache.hadoop.ozone.om.exceptions.OMException: Unable to get file status: volume: volume62736 bucket: bucket10134 key: testBatchDelete/parent/child0
	at org.apache.hadoop.ozone.om.KeyManagerImpl.getOzoneFileStatus(KeyManagerImpl.java:1195) ~[ozone-manager-1.4.0-SNAPSHOT.jar:?]
	at org.apache.hadoop.ozone.om.KeyManagerImpl.getFileStatus(KeyManagerImpl.java:1113) ~[ozone-manager-1.4.0-SNAPSHOT.jar:?]
	at org.apache.hadoop.ozone.om.OmMetadataReader.getFileStatus(OmMetadataReader.java:262) ~[ozone-manager-1.4.0-SNAPSHOT.jar:?]
	at org.apache.hadoop.ozone.om.OzoneManager.getFileStatus(OzoneManager.java:3530) ~[ozone-manager-1.4.0-SNAPSHOT.jar:?]
	at org.apache.hadoop.ozone.protocolPB.OzoneManagerRequestHandler.getOzoneFileStatus(OzoneManagerRequestHandler.java:971) ~[ozone-manager-1.4.0-SNAPSHOT.jar:?]
	at org.apache.hadoop.ozone.protocolPB.OzoneManagerRequestHandler.handleReadRequest(OzoneManagerRequestHandler.java:250) ~[ozone-manager-1.4.0-SNAPSHOT.jar:?]
	at org.apache.hadoop.ozone.protocolPB.OzoneManagerProtocolServerSideTranslatorPB.submitRequestDirectlyToOM(OzoneManagerProtocolServerSideTranslatorPB.java:274) ~[ozone-manager-1.4.0-SNAPSHOT.jar:?]
	at org.apache.hadoop.ozone.protocolPB.OzoneManagerProtocolServerSideTranslatorPB.processRequest(OzoneManagerProtocolServerSideTranslatorPB.java:175) ~[ozone-manager-1.4.0-SNAPSHOT.jar:?]
	at org.apache.hadoop.hdds.server.OzoneProtocolMessageDispatcher.processRequest(OzoneProtocolMessageDispatcher.java:87) [hdds-server-framework-1.4.0-SNAPSHOT.jar:?]
	at org.apache.hadoop.ozone.protocolPB.OzoneManagerProtocolServerSideTranslatorPB.submitRequest(OzoneManagerProtocolServerSideTranslatorPB.java:148) [ozone-manager-1.4.0-SNAPSHOT.jar:?]
	at org.apache.hadoop.ozone.protocol.proto.OzoneManagerProtocolProtos$OzoneManagerService$2.callBlockingMethod(OzoneManagerProtocolProtos.java) [ozone-interface-client-1.4.0-SNAPSHOT.jar:?]
	at org.apache.hadoop.ipc.ProtobufRpcEngine$Server.processCall(ProtobufRpcEngine.java:484) [hadoop-common-3.3.6.jar:?]
	at org.apache.hadoop.ipc.ProtobufRpcEngine2$Server$ProtoBufRpcInvoker.call(ProtobufRpcEngine2.java:595) [hadoop-common-3.3.6.jar:?]
	at org.apache.hadoop.ipc.ProtobufRpcEngine2$Server$ProtoBufRpcInvoker.call(ProtobufRpcEngine2.java:573) [hadoop-common-3.3.6.jar:?]
	at org.apache.hadoop.ipc.RPC$Server.call(RPC.java:1227) [hadoop-common-3.3.6.jar:?]
	at org.apache.hadoop.ipc.Server$RpcCall.run(Server.java:1094) [hadoop-common-3.3.6.jar:?]
	at org.apache.hadoop.ipc.Server$RpcCall.run(Server.java:1017) [hadoop-common-3.3.6.jar:?]
	at java.security.AccessController.doPrivileged(Native Method) ~[?:1.8.0_382]
	at javax.security.auth.Subject.doAs(Subject.java:422) [?:1.8.0_382]
	at org.apache.hadoop.security.UserGroupInformation.doAs(UserGroupInformation.java:1899) [hadoop-common-3.3.6.jar:?]
	at org.apache.hadoop.ipc.Server$Handler.run(Server.java:3048) [hadoop-common-3.3.6.jar:?]
20:29:41.489 [IPC Server handler 5 on default port 15057] ERROR OMAudit - user=runner | ip=127.0.0.1 | op=GET_FILE_STATUS {volume=volume62736, bucket=bucket10134, key=testBatchDelete/parent/childFolder/child0, dataSize=0, replicationConfig=null} | ret=FAILURE
org.apache.hadoop.ozone.om.exceptions.OMException: Unable to get file status: volume: volume62736 bucket: bucket10134 key: testBatchDelete/parent/childFolder/child0
	at org.apache.hadoop.ozone.om.KeyManagerImpl.getOzoneFileStatus(KeyManagerImpl.java:1195) ~[ozone-manager-1.4.0-SNAPSHOT.jar:?]
	at org.apache.hadoop.ozone.om.KeyManagerImpl.getFileStatus(KeyManagerImpl.java:1113) ~[ozone-manager-1.4.0-SNAPSHOT.jar:?]
	at org.apache.hadoop.ozone.om.OmMetadataReader.getFileStatus(OmMetadataReader.java:262) ~[ozone-manager-1.4.0-SNAPSHOT.jar:?]
	at org.apache.hadoop.ozone.om.OzoneManager.getFileStatus(OzoneManager.java:3530) ~[ozone-manager-1.4.0-SNAPSHOT.jar:?]
	at org.apache.hadoop.ozone.protocolPB.OzoneManagerRequestHandler.getOzoneFileStatus(OzoneManagerRequestHandler.java:971) ~[ozone-manager-1.4.0-SNAPSHOT.jar:?]
	at org.apache.hadoop.ozone.protocolPB.OzoneManagerRequestHandler.handleReadRequest(OzoneManagerRequestHandler.java:250) ~[ozone-manager-1.4.0-SNAPSHOT.jar:?]
	at org.apache.hadoop.ozone.protocolPB.OzoneManagerProtocolServerSideTranslatorPB.submitRequestDirectlyToOM(OzoneManagerProtocolServerSideTranslatorPB.java:274) ~[ozone-manager-1.4.0-SNAPSHOT.jar:?]
	at org.apache.hadoop.ozone.protocolPB.OzoneManagerProtocolServerSideTranslatorPB.processRequest(OzoneManagerProtocolServerSideTranslatorPB.java:175) ~[ozone-manager-1.4.0-SNAPSHOT.jar:?]
	at org.apache.hadoop.hdds.server.OzoneProtocolMessageDispatcher.processRequest(OzoneProtocolMessageDispatcher.java:87) [hdds-server-framework-1.4.0-SNAPSHOT.jar:?]
	at org.apache.hadoop.ozone.protocolPB.OzoneManagerProtocolServerSideTranslatorPB.submitRequest(OzoneManagerProtocolServerSideTranslatorPB.java:148) [ozone-manager-1.4.0-SNAPSHOT.jar:?]
	at org.apache.hadoop.ozone.protocol.proto.OzoneManagerProtocolProtos$OzoneManagerService$2.callBlockingMethod(OzoneManagerProtocolProtos.java) [ozone-interface-client-1.4.0-SNAPSHOT.jar:?]
	at org.apache.hadoop.ipc.ProtobufRpcEngine$Server.processCall(ProtobufRpcEngine.java:484) [hadoop-common-3.3.6.jar:?]
	at org.apache.hadoop.ipc.ProtobufRpcEngine2$Server$ProtoBufRpcInvoker.call(ProtobufRpcEngine2.java:595) [hadoop-common-3.3.6.jar:?]
	at org.apache.hadoop.ipc.ProtobufRpcEngine2$Server$ProtoBufRpcInvoker.call(ProtobufRpcEngine2.java:573) [hadoop-common-3.3.6.jar:?]
	at org.apache.hadoop.ipc.RPC$Server.call(RPC.java:1227) [hadoop-common-3.3.6.jar:?]
	at org.apache.hadoop.ipc.Server$RpcCall.run(Server.java:1094) [hadoop-common-3.3.6.jar:?]
	at org.apache.hadoop.ipc.Server$RpcCall.run(Server.java:1017) [hadoop-common-3.3.6.jar:?]
	at java.security.AccessController.doPrivileged(Native Method) ~[?:1.8.0_382]
	at javax.security.auth.Subject.doAs(Subject.java:422) [?:1.8.0_382]
	at org.apache.hadoop.security.UserGroupInformation.doAs(UserGroupInformation.java:1899) [hadoop-common-3.3.6.jar:?]
	at org.apache.hadoop.ipc.Server$Handler.run(Server.java:3048) [hadoop-common-3.3.6.jar:?]
20:29:41.490 [IPC Server handler 13 on default port 15057] ERROR OMAudit - user=runner | ip=127.0.0.1 | op=GET_FILE_STATUS {volume=volume62736, bucket=bucket10134, key=testBatchDelete/parent/child1, dataSize=0, replicationConfig=null} | ret=FAILURE
org.apache.hadoop.ozone.om.exceptions.OMException: Unable to get file status: volume: volume62736 bucket: bucket10134 key: testBatchDelete/parent/child1
	at org.apache.hadoop.ozone.om.KeyManagerImpl.getOzoneFileStatus(KeyManagerImpl.java:1195) ~[ozone-manager-1.4.0-SNAPSHOT.jar:?]
	at org.apache.hadoop.ozone.om.KeyManagerImpl.getFileStatus(KeyManagerImpl.java:1113) ~[ozone-manager-1.4.0-SNAPSHOT.jar:?]
	at org.apache.hadoop.ozone.om.OmMetadataReader.getFileStatus(OmMetadataReader.java:262) ~[ozone-manager-1.4.0-SNAPSHOT.jar:?]
	at org.apache.hadoop.ozone.om.OzoneManager.getFileStatus(OzoneManager.java:3530) ~[ozone-manager-1.4.0-SNAPSHOT.jar:?]
	at org.apache.hadoop.ozone.protocolPB.OzoneManagerRequestHandler.getOzoneFileStatus(OzoneManagerRequestHandler.java:971) ~[ozone-manager-1.4.0-SNAPSHOT.jar:?]
	at org.apache.hadoop.ozone.protocolPB.OzoneManagerRequestHandler.handleReadRequest(OzoneManagerRequestHandler.java:250) ~[ozone-manager-1.4.0-SNAPSHOT.jar:?]
	at org.apache.hadoop.ozone.protocolPB.OzoneManagerProtocolServerSideTranslatorPB.submitRequestDirectlyToOM(OzoneManagerProtocolServerSideTranslatorPB.java:274) ~[ozone-manager-1.4.0-SNAPSHOT.jar:?]
	at org.apache.hadoop.ozone.protocolPB.OzoneManagerProtocolServerSideTranslatorPB.processRequest(OzoneManagerProtocolServerSideTranslatorPB.java:175) ~[ozone-manager-1.4.0-SNAPSHOT.jar:?]
	at org.apache.hadoop.hdds.server.OzoneProtocolMessageDispatcher.processRequest(OzoneProtocolMessageDispatcher.java:87) [hdds-server-framework-1.4.0-SNAPSHOT.jar:?]
	at org.apache.hadoop.ozone.protocolPB.OzoneManagerProtocolServerSideTranslatorPB.submitRequest(OzoneManagerProtocolServerSideTranslatorPB.java:148) [ozone-manager-1.4.0-SNAPSHOT.jar:?]
	at org.apache.hadoop.ozone.protocol.proto.OzoneManagerProtocolProtos$OzoneManagerService$2.callBlockingMethod(OzoneManagerProtocolProtos.java) [ozone-interface-client-1.4.0-SNAPSHOT.jar:?]
	at org.apache.hadoop.ipc.ProtobufRpcEngine$Server.processCall(ProtobufRpcEngine.java:484) [hadoop-common-3.3.6.jar:?]
	at org.apache.hadoop.ipc.ProtobufRpcEngine2$Server$ProtoBufRpcInvoker.call(ProtobufRpcEngine2.java:595) [hadoop-common-3.3.6.jar:?]
	at org.apache.hadoop.ipc.ProtobufRpcEngine2$Server$ProtoBufRpcInvoker.call(ProtobufRpcEngine2.java:573) [hadoop-common-3.3.6.jar:?]
	at org.apache.hadoop.ipc.RPC$Server.call(RPC.java:1227) [hadoop-common-3.3.6.jar:?]
	at org.apache.hadoop.ipc.Server$RpcCall.run(Server.java:1094) [hadoop-common-3.3.6.jar:?]
	at org.apache.hadoop.ipc.Server$RpcCall.run(Server.java:1017) [hadoop-common-3.3.6.jar:?]
	at java.security.AccessController.doPrivileged(Native Method) ~[?:1.8.0_382]
	at javax.security.auth.Subject.doAs(Subject.java:422) [?:1.8.0_382]
	at org.apache.hadoop.security.UserGroupInformation.doAs(UserGroupInformation.java:1899) [hadoop-common-3.3.6.jar:?]
	at org.apache.hadoop.ipc.Server$Handler.run(Server.java:3048) [hadoop-common-3.3.6.jar:?]
20:29:41.491 [IPC Server handler 11 on default port 15057] ERROR OMAudit - user=runner | ip=127.0.0.1 | op=GET_FILE_STATUS {volume=volume62736, bucket=bucket10134, key=testBatchDelete/parent/childFolder/child1, dataSize=0, replicationConfig=null} | ret=FAILURE
org.apache.hadoop.ozone.om.exceptions.OMException: Unable to get file status: volume: volume62736 bucket: bucket10134 key: testBatchDelete/parent/childFolder/child1
	at org.apache.hadoop.ozone.om.KeyManagerImpl.getOzoneFileStatus(KeyManagerImpl.java:1195) ~[ozone-manager-1.4.0-SNAPSHOT.jar:?]
	at org.apache.hadoop.ozone.om.KeyManagerImpl.getFileStatus(KeyManagerImpl.java:1113) ~[ozone-manager-1.4.0-SNAPSHOT.jar:?]
	at org.apache.hadoop.ozone.om.OmMetadataReader.getFileStatus(OmMetadataReader.java:262) ~[ozone-manager-1.4.0-SNAPSHOT.jar:?]
	at org.apache.hadoop.ozone.om.OzoneManager.getFileStatus(OzoneManager.java:3530) ~[ozone-manager-1.4.0-SNAPSHOT.jar:?]
	at org.apache.hadoop.ozone.protocolPB.OzoneManagerRequestHandler.getOzoneFileStatus(OzoneManagerRequestHandler.java:971) ~[ozone-manager-1.4.0-SNAPSHOT.jar:?]
	at org.apache.hadoop.ozone.protocolPB.OzoneManagerRequestHandler.handleReadRequest(OzoneManagerRequestHandler.java:250) ~[ozone-manager-1.4.0-SNAPSHOT.jar:?]
	at org.apache.hadoop.ozone.protocolPB.OzoneManagerProtocolServerSideTranslatorPB.submitRequestDirectlyToOM(OzoneManagerProtocolServerSideTranslatorPB.java:274) ~[ozone-manager-1.4.0-SNAPSHOT.jar:?]
	at org.apache.hadoop.ozone.protocolPB.OzoneManagerProtocolServerSideTranslatorPB.processRequest(OzoneManagerProtocolServerSideTranslatorPB.java:175) ~[ozone-manager-1.4.0-SNAPSHOT.jar:?]
	at org.apache.hadoop.hdds.server.OzoneProtocolMessageDispatcher.processRequest(OzoneProtocolMessageDispatcher.java:87) [hdds-server-framework-1.4.0-SNAPSHOT.jar:?]
	at org.apache.hadoop.ozone.protocolPB.OzoneManagerProtocolServerSideTranslatorPB.submitRequest(OzoneManagerProtocolServerSideTranslatorPB.java:148) [ozone-manager-1.4.0-SNAPSHOT.jar:?]
	at org.apache.hadoop.ozone.protocol.proto.OzoneManagerProtocolProtos$OzoneManagerService$2.callBlockingMethod(OzoneManagerProtocolProtos.java) [ozone-interface-client-1.4.0-SNAPSHOT.jar:?]
	at org.apache.hadoop.ipc.ProtobufRpcEngine$Server.processCall(ProtobufRpcEngine.java:484) [hadoop-common-3.3.6.jar:?]
	at org.apache.hadoop.ipc.ProtobufRpcEngine2$Server$ProtoBufRpcInvoker.call(ProtobufRpcEngine2.java:595) [hadoop-common-3.3.6.jar:?]
	at org.apache.hadoop.ipc.ProtobufRpcEngine2$Server$ProtoBufRpcInvoker.call(ProtobufRpcEngine2.java:573) [hadoop-common-3.3.6.jar:?]
	at org.apache.hadoop.ipc.RPC$Server.call(RPC.java:1227) [hadoop-common-3.3.6.jar:?]
	at org.apache.hadoop.ipc.Server$RpcCall.run(Server.java:1094) [hadoop-common-3.3.6.jar:?]
	at org.apache.hadoop.ipc.Server$RpcCall.run(Server.java:1017) [hadoop-common-3.3.6.jar:?]
	at java.security.AccessController.doPrivileged(Native Method) ~[?:1.8.0_382]
	at javax.security.auth.Subject.doAs(Subject.java:422) [?:1.8.0_382]
	at org.apache.hadoop.security.UserGroupInformation.doAs(UserGroupInformation.java:1899) [hadoop-common-3.3.6.jar:?]
	at org.apache.hadoop.ipc.Server$Handler.run(Server.java:3048) [hadoop-common-3.3.6.jar:?]
20:29:41.492 [IPC Server handler 8 on default port 15057] ERROR OMAudit - user=runner | ip=127.0.0.1 | op=GET_FILE_STATUS {volume=volume62736, bucket=bucket10134, key=testBatchDelete/parent/child2, dataSize=0, replicationConfig=null} | ret=FAILURE
org.apache.hadoop.ozone.om.exceptions.OMException: Unable to get file status: volume: volume62736 bucket: bucket10134 key: testBatchDelete/parent/child2
	at org.apache.hadoop.ozone.om.KeyManagerImpl.getOzoneFileStatus(KeyManagerImpl.java:1195) ~[ozone-manager-1.4.0-SNAPSHOT.jar:?]
	at org.apache.hadoop.ozone.om.KeyManagerImpl.getFileStatus(KeyManagerImpl.java:1113) ~[ozone-manager-1.4.0-SNAPSHOT.jar:?]
	at org.apache.hadoop.ozone.om.OmMetadataReader.getFileStatus(OmMetadataReader.java:262) ~[ozone-manager-1.4.0-SNAPSHOT.jar:?]
	at org.apache.hadoop.ozone.om.OzoneManager.getFileStatus(OzoneManager.java:3530) ~[ozone-manager-1.4.0-SNAPSHOT.jar:?]
	at org.apache.hadoop.ozone.protocolPB.OzoneManagerRequestHandler.getOzoneFileStatus(OzoneManagerRequestHandler.java:971) ~[ozone-manager-1.4.0-SNAPSHOT.jar:?]
	at org.apache.hadoop.ozone.protocolPB.OzoneManagerRequestHandler.handleReadRequest(OzoneManagerRequestHandler.java:250) ~[ozone-manager-1.4.0-SNAPSHOT.jar:?]
	at org.apache.hadoop.ozone.protocolPB.OzoneManagerProtocolServerSideTranslatorPB.submitRequestDirectlyToOM(OzoneManagerProtocolServerSideTranslatorPB.java:274) ~[ozone-manager-1.4.0-SNAPSHOT.jar:?]
	at org.apache.hadoop.ozone.protocolPB.OzoneManagerProtocolServerSideTranslatorPB.processRequest(OzoneManagerProtocolServerSideTranslatorPB.java:175) ~[ozone-manager-1.4.0-SNAPSHOT.jar:?]
	at org.apache.hadoop.hdds.server.OzoneProtocolMessageDispatcher.processRequest(OzoneProtocolMessageDispatcher.java:87) [hdds-server-framework-1.4.0-SNAPSHOT.jar:?]
	at org.apache.hadoop.ozone.protocolPB.OzoneManagerProtocolServerSideTranslatorPB.submitRequest(OzoneManagerProtocolServerSideTranslatorPB.java:148) [ozone-manager-1.4.0-SNAPSHOT.jar:?]
	at org.apache.hadoop.ozone.protocol.proto.OzoneManagerProtocolProtos$OzoneManagerService$2.callBlockingMethod(OzoneManagerProtocolProtos.java) [ozone-interface-client-1.4.0-SNAPSHOT.jar:?]
	at org.apache.hadoop.ipc.ProtobufRpcEngine$Server.processCall(ProtobufRpcEngine.java:484) [hadoop-common-3.3.6.jar:?]
	at org.apache.hadoop.ipc.ProtobufRpcEngine2$Server$ProtoBufRpcInvoker.call(ProtobufRpcEngine2.java:595) [hadoop-common-3.3.6.jar:?]
	at org.apache.hadoop.ipc.ProtobufRpcEngine2$Server$ProtoBufRpcInvoker.call(ProtobufRpcEngine2.java:573) [hadoop-common-3.3.6.jar:?]
	at org.apache.hadoop.ipc.RPC$Server.call(RPC.java:1227) [hadoop-common-3.3.6.jar:?]
	at org.apache.hadoop.ipc.Server$RpcCall.run(Server.java:1094) [hadoop-common-3.3.6.jar:?]
	at org.apache.hadoop.ipc.Server$RpcCall.run(Server.java:1017) [hadoop-common-3.3.6.jar:?]
	at java.security.AccessController.doPrivileged(Native Method) ~[?:1.8.0_382]
	at javax.security.auth.Subject.doAs(Subject.java:422) [?:1.8.0_382]
	at org.apache.hadoop.security.UserGroupInformation.doAs(UserGroupInformation.java:1899) [hadoop-common-3.3.6.jar:?]
	at org.apache.hadoop.ipc.Server$Handler.run(Server.java:3048) [hadoop-common-3.3.6.jar:?]
20:29:41.493 [IPC Server handler 10 on default port 15057] ERROR OMAudit - user=runner | ip=127.0.0.1 | op=GET_FILE_STATUS {volume=volume62736, bucket=bucket10134, key=testBatchDelete/parent/childFolder/child2, dataSize=0, replicationConfig=null} | ret=FAILURE
org.apache.hadoop.ozone.om.exceptions.OMException: Unable to get file status: volume: volume62736 bucket: bucket10134 key: testBatchDelete/parent/childFolder/child2
	at org.apache.hadoop.ozone.om.KeyManagerImpl.getOzoneFileStatus(KeyManagerImpl.java:1195) ~[ozone-manager-1.4.0-SNAPSHOT.jar:?]
	at org.apache.hadoop.ozone.om.KeyManagerImpl.getFileStatus(KeyManagerImpl.java:1113) ~[ozone-manager-1.4.0-SNAPSHOT.jar:?]
	at org.apache.hadoop.ozone.om.OmMetadataReader.getFileStatus(OmMetadataReader.java:262) ~[ozone-manager-1.4.0-SNAPSHOT.jar:?]
	at org.apache.hadoop.ozone.om.OzoneManager.getFileStatus(OzoneManager.java:3530) ~[ozone-manager-1.4.0-SNAPSHOT.jar:?]
	at org.apache.hadoop.ozone.protocolPB.OzoneManagerRequestHandler.getOzoneFileStatus(OzoneManagerRequestHandler.java:971) ~[ozone-manager-1.4.0-SNAPSHOT.jar:?]
	at org.apache.hadoop.ozone.protocolPB.OzoneManagerRequestHandler.handleReadRequest(OzoneManagerRequestHandler.java:250) ~[ozone-manager-1.4.0-SNAPSHOT.jar:?]
	at org.apache.hadoop.ozone.protocolPB.OzoneManagerProtocolServerSideTranslatorPB.submitRequestDirectlyToOM(OzoneManagerProtocolServerSideTranslatorPB.java:274) ~[ozone-manager-1.4.0-SNAPSHOT.jar:?]
	at org.apache.hadoop.ozone.protocolPB.OzoneManagerProtocolServerSideTranslatorPB.processRequest(OzoneManagerProtocolServerSideTranslatorPB.java:175) ~[ozone-manager-1.4.0-SNAPSHOT.jar:?]
	at org.apache.hadoop.hdds.server.OzoneProtocolMessageDispatcher.processRequest(OzoneProtocolMessageDispatcher.java:87) [hdds-server-framework-1.4.0-SNAPSHOT.jar:?]
	at org.apache.hadoop.ozone.protocolPB.OzoneManagerProtocolServerSideTranslatorPB.submitRequest(OzoneManagerProtocolServerSideTranslatorPB.java:148) [ozone-manager-1.4.0-SNAPSHOT.jar:?]
	at org.apache.hadoop.ozone.protocol.proto.OzoneManagerProtocolProtos$OzoneManagerService$2.callBlockingMethod(OzoneManagerProtocolProtos.java) [ozone-interface-client-1.4.0-SNAPSHOT.jar:?]
	at org.apache.hadoop.ipc.ProtobufRpcEngine$Server.processCall(ProtobufRpcEngine.java:484) [hadoop-common-3.3.6.jar:?]
	at org.apache.hadoop.ipc.ProtobufRpcEngine2$Server$ProtoBufRpcInvoker.call(ProtobufRpcEngine2.java:595) [hadoop-common-3.3.6.jar:?]
	at org.apache.hadoop.ipc.ProtobufRpcEngine2$Server$ProtoBufRpcInvoker.call(ProtobufRpcEngine2.java:573) [hadoop-common-3.3.6.jar:?]
	at org.apache.hadoop.ipc.RPC$Server.call(RPC.java:1227) [hadoop-common-3.3.6.jar:?]
	at org.apache.hadoop.ipc.Server$RpcCall.run(Server.java:1094) [hadoop-common-3.3.6.jar:?]
	at org.apache.hadoop.ipc.Server$RpcCall.run(Server.java:1017) [hadoop-common-3.3.6.jar:?]
	at java.security.AccessController.doPrivileged(Native Method) ~[?:1.8.0_382]
	at javax.security.auth.Subject.doAs(Subject.java:422) [?:1.8.0_382]
	at org.apache.hadoop.security.UserGroupInformation.doAs(UserGroupInformation.java:1899) [hadoop-common-3.3.6.jar:?]
	at org.apache.hadoop.ipc.Server$Handler.run(Server.java:3048) [hadoop-common-3.3.6.jar:?]
20:29:41.495 [IPC Server handler 6 on default port 15057] ERROR OMAudit - user=runner | ip=127.0.0.1 | op=GET_FILE_STATUS {volume=volume62736, bucket=bucket10134, key=testBatchDelete/parent/child3, dataSize=0, replicationConfig=null} | ret=FAILURE
org.apache.hadoop.ozone.om.exceptions.OMException: Unable to get file status: volume: volume62736 bucket: bucket10134 key: testBatchDelete/parent/child3
	at org.apache.hadoop.ozone.om.KeyManagerImpl.getOzoneFileStatus(KeyManagerImpl.java:1195) ~[ozone-manager-1.4.0-SNAPSHOT.jar:?]
	at org.apache.hadoop.ozone.om.KeyManagerImpl.getFileStatus(KeyManagerImpl.java:1113) ~[ozone-manager-1.4.0-SNAPSHOT.jar:?]
	at org.apache.hadoop.ozone.om.OmMetadataReader.getFileStatus(OmMetadataReader.java:262) ~[ozone-manager-1.4.0-SNAPSHOT.jar:?]
	at org.apache.hadoop.ozone.om.OzoneManager.getFileStatus(OzoneManager.java:3530) ~[ozone-manager-1.4.0-SNAPSHOT.jar:?]
	at org.apache.hadoop.ozone.protocolPB.OzoneManagerRequestHandler.getOzoneFileStatus(OzoneManagerRequestHandler.java:971) ~[ozone-manager-1.4.0-SNAPSHOT.jar:?]
	at org.apache.hadoop.ozone.protocolPB.OzoneManagerRequestHandler.handleReadRequest(OzoneManagerRequestHandler.java:250) ~[ozone-manager-1.4.0-SNAPSHOT.jar:?]
	at org.apache.hadoop.ozone.protocolPB.OzoneManagerProtocolServerSideTranslatorPB.submitRequestDirectlyToOM(OzoneManagerProtocolServerSideTranslatorPB.java:274) ~[ozone-manager-1.4.0-SNAPSHOT.jar:?]
	at org.apache.hadoop.ozone.protocolPB.OzoneManagerProtocolServerSideTranslatorPB.processRequest(OzoneManagerProtocolServerSideTranslatorPB.java:175) ~[ozone-manager-1.4.0-SNAPSHOT.jar:?]
	at org.apache.hadoop.hdds.server.OzoneProtocolMessageDispatcher.processRequest(OzoneProtocolMessageDispatcher.java:87) [hdds-server-framework-1.4.0-SNAPSHOT.jar:?]
	at org.apache.hadoop.ozone.protocolPB.OzoneManagerProtocolServerSideTranslatorPB.submitRequest(OzoneManagerProtocolServerSideTranslatorPB.java:148) [ozone-manager-1.4.0-SNAPSHOT.jar:?]
	at org.apache.hadoop.ozone.protocol.proto.OzoneManagerProtocolProtos$OzoneManagerService$2.callBlockingMethod(OzoneManagerProtocolProtos.java) [ozone-interface-client-1.4.0-SNAPSHOT.jar:?]
	at org.apache.hadoop.ipc.ProtobufRpcEngine$Server.processCall(ProtobufRpcEngine.java:484) [hadoop-common-3.3.6.jar:?]
	at org.apache.hadoop.ipc.ProtobufRpcEngine2$Server$ProtoBufRpcInvoker.call(ProtobufRpcEngine2.java:595) [hadoop-common-3.3.6.jar:?]
	at org.apache.hadoop.ipc.ProtobufRpcEngine2$Server$ProtoBufRpcInvoker.call(ProtobufRpcEngine2.java:573) [hadoop-common-3.3.6.jar:?]
	at org.apache.hadoop.ipc.RPC$Server.call(RPC.java:1227) [hadoop-common-3.3.6.jar:?]
	at org.apache.hadoop.ipc.Server$RpcCall.run(Server.java:1094) [hadoop-common-3.3.6.jar:?]
	at org.apache.hadoop.ipc.Server$RpcCall.run(Server.java:1017) [hadoop-common-3.3.6.jar:?]
	at java.security.AccessController.doPrivileged(Native Method) ~[?:1.8.0_382]
	at javax.security.auth.Subject.doAs(Subject.java:422) [?:1.8.0_382]
	at org.apache.hadoop.security.UserGroupInformation.doAs(UserGroupInformation.java:1899) [hadoop-common-3.3.6.jar:?]
	at org.apache.hadoop.ipc.Server$Handler.run(Server.java:3048) [hadoop-common-3.3.6.jar:?]
20:29:41.496 [IPC Server handler 2 on default port 15057] ERROR OMAudit - user=runner | ip=127.0.0.1 | op=GET_FILE_STATUS {volume=volume62736, bucket=bucket10134, key=testBatchDelete/parent/childFolder/child3, dataSize=0, replicationConfig=null} | ret=FAILURE
org.apache.hadoop.ozone.om.exceptions.OMException: Unable to get file status: volume: volume62736 bucket: bucket10134 key: testBatchDelete/parent/childFolder/child3
	at org.apache.hadoop.ozone.om.KeyManagerImpl.getOzoneFileStatus(KeyManagerImpl.java:1195) ~[ozone-manager-1.4.0-SNAPSHOT.jar:?]
	at org.apache.hadoop.ozone.om.KeyManagerImpl.getFileStatus(KeyManagerImpl.java:1113) ~[ozone-manager-1.4.0-SNAPSHOT.jar:?]
	at org.apache.hadoop.ozone.om.OmMetadataReader.getFileStatus(OmMetadataReader.java:262) ~[ozone-manager-1.4.0-SNAPSHOT.jar:?]
	at org.apache.hadoop.ozone.om.OzoneManager.getFileStatus(OzoneManager.java:3530) ~[ozone-manager-1.4.0-SNAPSHOT.jar:?]
	at org.apache.hadoop.ozone.protocolPB.OzoneManagerRequestHandler.getOzoneFileStatus(OzoneManagerRequestHandler.java:971) ~[ozone-manager-1.4.0-SNAPSHOT.jar:?]
	at org.apache.hadoop.ozone.protocolPB.OzoneManagerRequestHandler.handleReadRequest(OzoneManagerRequestHandler.java:250) ~[ozone-manager-1.4.0-SNAPSHOT.jar:?]
	at org.apache.hadoop.ozone.protocolPB.OzoneManagerProtocolServerSideTranslatorPB.submitRequestDirectlyToOM(OzoneManagerProtocolServerSideTranslatorPB.java:274) ~[ozone-manager-1.4.0-SNAPSHOT.jar:?]
	at org.apache.hadoop.ozone.protocolPB.OzoneManagerProtocolServerSideTranslatorPB.processRequest(OzoneManagerProtocolServerSideTranslatorPB.java:175) ~[ozone-manager-1.4.0-SNAPSHOT.jar:?]
	at org.apache.hadoop.hdds.server.OzoneProtocolMessageDispatcher.processRequest(OzoneProtocolMessageDispatcher.java:87) [hdds-server-framework-1.4.0-SNAPSHOT.jar:?]
	at org.apache.hadoop.ozone.protocolPB.OzoneManagerProtocolServerSideTranslatorPB.submitRequest(OzoneManagerProtocolServerSideTranslatorPB.java:148) [ozone-manager-1.4.0-SNAPSHOT.jar:?]
	at org.apache.hadoop.ozone.protocol.proto.OzoneManagerProtocolProtos$OzoneManagerService$2.callBlockingMethod(OzoneManagerProtocolProtos.java) [ozone-interface-client-1.4.0-SNAPSHOT.jar:?]
	at org.apache.hadoop.ipc.ProtobufRpcEngine$Server.processCall(ProtobufRpcEngine.java:484) [hadoop-common-3.3.6.jar:?]
	at org.apache.hadoop.ipc.ProtobufRpcEngine2$Server$ProtoBufRpcInvoker.call(ProtobufRpcEngine2.java:595) [hadoop-common-3.3.6.jar:?]
	at org.apache.hadoop.ipc.ProtobufRpcEngine2$Server$ProtoBufRpcInvoker.call(ProtobufRpcEngine2.java:573) [hadoop-common-3.3.6.jar:?]
	at org.apache.hadoop.ipc.RPC$Server.call(RPC.java:1227) [hadoop-common-3.3.6.jar:?]
	at org.apache.hadoop.ipc.Server$RpcCall.run(Server.java:1094) [hadoop-common-3.3.6.jar:?]
	at org.apache.hadoop.ipc.Server$RpcCall.run(Server.java:1017) [hadoop-common-3.3.6.jar:?]
	at java.security.AccessController.doPrivileged(Native Method) ~[?:1.8.0_382]
	at javax.security.auth.Subject.doAs(Subject.java:422) [?:1.8.0_382]
	at org.apache.hadoop.security.UserGroupInformation.doAs(UserGroupInformation.java:1899) [hadoop-common-3.3.6.jar:?]
	at org.apache.hadoop.ipc.Server$Handler.run(Server.java:3048) [hadoop-common-3.3.6.jar:?]
20:29:41.497 [IPC Server handler 14 on default port 15057] ERROR OMAudit - user=runner | ip=127.0.0.1 | op=GET_FILE_STATUS {volume=volume62736, bucket=bucket10134, key=testBatchDelete/parent/child4, dataSize=0, replicationConfig=null} | ret=FAILURE
org.apache.hadoop.ozone.om.exceptions.OMException: Unable to get file status: volume: volume62736 bucket: bucket10134 key: testBatchDelete/parent/child4
	at org.apache.hadoop.ozone.om.KeyManagerImpl.getOzoneFileStatus(KeyManagerImpl.java:1195) ~[ozone-manager-1.4.0-SNAPSHOT.jar:?]
	at org.apache.hadoop.ozone.om.KeyManagerImpl.getFileStatus(KeyManagerImpl.java:1113) ~[ozone-manager-1.4.0-SNAPSHOT.jar:?]
	at org.apache.hadoop.ozone.om.OmMetadataReader.getFileStatus(OmMetadataReader.java:262) ~[ozone-manager-1.4.0-SNAPSHOT.jar:?]
	at org.apache.hadoop.ozone.om.OzoneManager.getFileStatus(OzoneManager.java:3530) ~[ozone-manager-1.4.0-SNAPSHOT.jar:?]
	at org.apache.hadoop.ozone.protocolPB.OzoneManagerRequestHandler.getOzoneFileStatus(OzoneManagerRequestHandler.java:971) ~[ozone-manager-1.4.0-SNAPSHOT.jar:?]
	at org.apache.hadoop.ozone.protocolPB.OzoneManagerRequestHandler.handleReadRequest(OzoneManagerRequestHandler.java:250) ~[ozone-manager-1.4.0-SNAPSHOT.jar:?]
	at org.apache.hadoop.ozone.protocolPB.OzoneManagerProtocolServerSideTranslatorPB.submitRequestDirectlyToOM(OzoneManagerProtocolServerSideTranslatorPB.java:274) ~[ozone-manager-1.4.0-SNAPSHOT.jar:?]
	at org.apache.hadoop.ozone.protocolPB.OzoneManagerProtocolServerSideTranslatorPB.processRequest(OzoneManagerProtocolServerSideTranslatorPB.java:175) ~[ozone-manager-1.4.0-SNAPSHOT.jar:?]
	at org.apache.hadoop.hdds.server.OzoneProtocolMessageDispatcher.processRequest(OzoneProtocolMessageDispatcher.java:87) [hdds-server-framework-1.4.0-SNAPSHOT.jar:?]
	at org.apache.hadoop.ozone.protocolPB.OzoneManagerProtocolServerSideTranslatorPB.submitRequest(OzoneManagerProtocolServerSideTranslatorPB.java:148) [ozone-manager-1.4.0-SNAPSHOT.jar:?]
	at org.apache.hadoop.ozone.protocol.proto.OzoneManagerProtocolProtos$OzoneManagerService$2.callBlockingMethod(OzoneManagerProtocolProtos.java) [ozone-interface-client-1.4.0-SNAPSHOT.jar:?]
	at org.apache.hadoop.ipc.ProtobufRpcEngine$Server.processCall(ProtobufRpcEngine.java:484) [hadoop-common-3.3.6.jar:?]
	at org.apache.hadoop.ipc.ProtobufRpcEngine2$Server$ProtoBufRpcInvoker.call(ProtobufRpcEngine2.java:595) [hadoop-common-3.3.6.jar:?]
	at org.apache.hadoop.ipc.ProtobufRpcEngine2$Server$ProtoBufRpcInvoker.call(ProtobufRpcEngine2.java:573) [hadoop-common-3.3.6.jar:?]
	at org.apache.hadoop.ipc.RPC$Server.call(RPC.java:1227) [hadoop-common-3.3.6.jar:?]
	at org.apache.hadoop.ipc.Server$RpcCall.run(Server.java:1094) [hadoop-common-3.3.6.jar:?]
	at org.apache.hadoop.ipc.Server$RpcCall.run(Server.java:1017) [hadoop-common-3.3.6.jar:?]
	at java.security.AccessController.doPrivileged(Native Method) ~[?:1.8.0_382]
	at javax.security.auth.Subject.doAs(Subject.java:422) [?:1.8.0_382]
	at org.apache.hadoop.security.UserGroupInformation.doAs(UserGroupInformation.java:1899) [hadoop-common-3.3.6.jar:?]
	at org.apache.hadoop.ipc.Server$Handler.run(Server.java:3048) [hadoop-common-3.3.6.jar:?]
20:29:41.498 [IPC Server handler 1 on default port 15057] ERROR OMAudit - user=runner | ip=127.0.0.1 | op=GET_FILE_STATUS {volume=volume62736, bucket=bucket10134, key=testBatchDelete/parent/childFolder/child4, dataSize=0, replicationConfig=null} | ret=FAILURE
org.apache.hadoop.ozone.om.exceptions.OMException: Unable to get file status: volume: volume62736 bucket: bucket10134 key: testBatchDelete/parent/childFolder/child4
	at org.apache.hadoop.ozone.om.KeyManagerImpl.getOzoneFileStatus(KeyManagerImpl.java:1195) ~[ozone-manager-1.4.0-SNAPSHOT.jar:?]
	at org.apache.hadoop.ozone.om.KeyManagerImpl.getFileStatus(KeyManagerImpl.java:1113) ~[ozone-manager-1.4.0-SNAPSHOT.jar:?]
	at org.apache.hadoop.ozone.om.OmMetadataReader.getFileStatus(OmMetadataReader.java:262) ~[ozone-manager-1.4.0-SNAPSHOT.jar:?]
	at org.apache.hadoop.ozone.om.OzoneManager.getFileStatus(OzoneManager.java:3530) ~[ozone-manager-1.4.0-SNAPSHOT.jar:?]
	at org.apache.hadoop.ozone.protocolPB.OzoneManagerRequestHandler.getOzoneFileStatus(OzoneManagerRequestHandler.java:971) ~[ozone-manager-1.4.0-SNAPSHOT.jar:?]
	at org.apache.hadoop.ozone.protocolPB.OzoneManagerRequestHandler.handleReadRequest(OzoneManagerRequestHandler.java:250) ~[ozone-manager-1.4.0-SNAPSHOT.jar:?]
	at org.apache.hadoop.ozone.protocolPB.OzoneManagerProtocolServerSideTranslatorPB.submitRequestDirectlyToOM(OzoneManagerProtocolServerSideTranslatorPB.java:274) ~[ozone-manager-1.4.0-SNAPSHOT.jar:?]
	at org.apache.hadoop.ozone.protocolPB.OzoneManagerProtocolServerSideTranslatorPB.processRequest(OzoneManagerProtocolServerSideTranslatorPB.java:175) ~[ozone-manager-1.4.0-SNAPSHOT.jar:?]
	at org.apache.hadoop.hdds.server.OzoneProtocolMessageDispatcher.processRequest(OzoneProtocolMessageDispatcher.java:87) [hdds-server-framework-1.4.0-SNAPSHOT.jar:?]
	at org.apache.hadoop.ozone.protocolPB.OzoneManagerProtocolServerSideTranslatorPB.submitRequest(OzoneManagerProtocolServerSideTranslatorPB.java:148) [ozone-manager-1.4.0-SNAPSHOT.jar:?]
	at org.apache.hadoop.ozone.protocol.proto.OzoneManagerProtocolProtos$OzoneManagerService$2.callBlockingMethod(OzoneManagerProtocolProtos.java) [ozone-interface-client-1.4.0-SNAPSHOT.jar:?]
	at org.apache.hadoop.ipc.ProtobufRpcEngine$Server.processCall(ProtobufRpcEngine.java:484) [hadoop-common-3.3.6.jar:?]
	at org.apache.hadoop.ipc.ProtobufRpcEngine2$Server$ProtoBufRpcInvoker.call(ProtobufRpcEngine2.java:595) [hadoop-common-3.3.6.jar:?]
	at org.apache.hadoop.ipc.ProtobufRpcEngine2$Server$ProtoBufRpcInvoker.call(ProtobufRpcEngine2.java:573) [hadoop-common-3.3.6.jar:?]
	at org.apache.hadoop.ipc.RPC$Server.call(RPC.java:1227) [hadoop-common-3.3.6.jar:?]
	at org.apache.hadoop.ipc.Server$RpcCall.run(Server.java:1094) [hadoop-common-3.3.6.jar:?]
	at org.apache.hadoop.ipc.Server$RpcCall.run(Server.java:1017) [hadoop-common-3.3.6.jar:?]
	at java.security.AccessController.doPrivileged(Native Method) ~[?:1.8.0_382]
	at javax.security.auth.Subject.doAs(Subject.java:422) [?:1.8.0_382]
	at org.apache.hadoop.security.UserGroupInformation.doAs(UserGroupInformation.java:1899) [hadoop-common-3.3.6.jar:?]
	at org.apache.hadoop.ipc.Server$Handler.run(Server.java:3048) [hadoop-common-3.3.6.jar:?]
20:29:41.500 [IPC Server handler 0 on default port 15057] ERROR OMAudit - user=runner | ip=127.0.0.1 | op=GET_FILE_STATUS {volume=volume62736, bucket=bucket10134, key=testBatchDelete/parent/child5, dataSize=0, replicationConfig=null} | ret=FAILURE
org.apache.hadoop.ozone.om.exceptions.OMException: Unable to get file status: volume: volume62736 bucket: bucket10134 key: testBatchDelete/parent/child5
	at org.apache.hadoop.ozone.om.KeyManagerImpl.getOzoneFileStatus(KeyManagerImpl.java:1195) ~[ozone-manager-1.4.0-SNAPSHOT.jar:?]
	at org.apache.hadoop.ozone.om.KeyManagerImpl.getFileStatus(KeyManagerImpl.java:1113) ~[ozone-manager-1.4.0-SNAPSHOT.jar:?]
	at org.apache.hadoop.ozone.om.OmMetadataReader.getFileStatus(OmMetadataReader.java:262) ~[ozone-manager-1.4.0-SNAPSHOT.jar:?]
	at org.apache.hadoop.ozone.om.OzoneManager.getFileStatus(OzoneManager.java:3530) ~[ozone-manager-1.4.0-SNAPSHOT.jar:?]
	at org.apache.hadoop.ozone.protocolPB.OzoneManagerRequestHandler.getOzoneFileStatus(OzoneManagerRequestHandler.java:971) ~[ozone-manager-1.4.0-SNAPSHOT.jar:?]
	at org.apache.hadoop.ozone.protocolPB.OzoneManagerRequestHandler.handleReadRequest(OzoneManagerRequestHandler.java:250) ~[ozone-manager-1.4.0-SNAPSHOT.jar:?]
	at org.apache.hadoop.ozone.protocolPB.OzoneManagerProtocolServerSideTranslatorPB.submitRequestDirectlyToOM(OzoneManagerProtocolServerSideTranslatorPB.java:274) ~[ozone-manager-1.4.0-SNAPSHOT.jar:?]
	at org.apache.hadoop.ozone.protocolPB.OzoneManagerProtocolServerSideTranslatorPB.processRequest(OzoneManagerProtocolServerSideTranslatorPB.java:175) ~[ozone-manager-1.4.0-SNAPSHOT.jar:?]
	at org.apache.hadoop.hdds.server.OzoneProtocolMessageDispatcher.processRequest(OzoneProtocolMessageDispatcher.java:87) [hdds-server-framework-1.4.0-SNAPSHOT.jar:?]
	at org.apache.hadoop.ozone.protocolPB.OzoneManagerProtocolServerSideTranslatorPB.submitRequest(OzoneManagerProtocolServerSideTranslatorPB.java:148) [ozone-manager-1.4.0-SNAPSHOT.jar:?]
	at org.apache.hadoop.ozone.protocol.proto.OzoneManagerProtocolProtos$OzoneManagerService$2.callBlockingMethod(OzoneManagerProtocolProtos.java) [ozone-interface-client-1.4.0-SNAPSHOT.jar:?]
	at org.apache.hadoop.ipc.ProtobufRpcEngine$Server.processCall(ProtobufRpcEngine.java:484) [hadoop-common-3.3.6.jar:?]
	at org.apache.hadoop.ipc.ProtobufRpcEngine2$Server$ProtoBufRpcInvoker.call(ProtobufRpcEngine2.java:595) [hadoop-common-3.3.6.jar:?]
	at org.apache.hadoop.ipc.ProtobufRpcEngine2$Server$ProtoBufRpcInvoker.call(ProtobufRpcEngine2.java:573) [hadoop-common-3.3.6.jar:?]
	at org.apache.hadoop.ipc.RPC$Server.call(RPC.java:1227) [hadoop-common-3.3.6.jar:?]
	at org.apache.hadoop.ipc.Server$RpcCall.run(Server.java:1094) [hadoop-common-3.3.6.jar:?]
	at org.apache.hadoop.ipc.Server$RpcCall.run(Server.java:1017) [hadoop-common-3.3.6.jar:?]
	at java.security.AccessController.doPrivileged(Native Method) ~[?:1.8.0_382]
	at javax.security.auth.Subject.doAs(Subject.java:422) [?:1.8.0_382]
	at org.apache.hadoop.security.UserGroupInformation.doAs(UserGroupInformation.java:1899) [hadoop-common-3.3.6.jar:?]
	at org.apache.hadoop.ipc.Server$Handler.run(Server.java:3048) [hadoop-common-3.3.6.jar:?]
20:29:41.501 [IPC Server handler 4 on default port 15057] ERROR OMAudit - user=runner | ip=127.0.0.1 | op=GET_FILE_STATUS {volume=volume62736, bucket=bucket10134, key=testBatchDelete/parent/childFolder/child5, dataSize=0, replicationConfig=null} | ret=FAILURE
org.apache.hadoop.ozone.om.exceptions.OMException: Unable to get file status: volume: volume62736 bucket: bucket10134 key: testBatchDelete/parent/childFolder/child5
	at org.apache.hadoop.ozone.om.KeyManagerImpl.getOzoneFileStatus(KeyManagerImpl.java:1195) ~[ozone-manager-1.4.0-SNAPSHOT.jar:?]
	at org.apache.hadoop.ozone.om.KeyManagerImpl.getFileStatus(KeyManagerImpl.java:1113) ~[ozone-manager-1.4.0-SNAPSHOT.jar:?]
	at org.apache.hadoop.ozone.om.OmMetadataReader.getFileStatus(OmMetadataReader.java:262) ~[ozone-manager-1.4.0-SNAPSHOT.jar:?]
	at org.apache.hadoop.ozone.om.OzoneManager.getFileStatus(OzoneManager.java:3530) ~[ozone-manager-1.4.0-SNAPSHOT.jar:?]
	at org.apache.hadoop.ozone.protocolPB.OzoneManagerRequestHandler.getOzoneFileStatus(OzoneManagerRequestHandler.java:971) ~[ozone-manager-1.4.0-SNAPSHOT.jar:?]
	at org.apache.hadoop.ozone.protocolPB.OzoneManagerRequestHandler.handleReadRequest(OzoneManagerRequestHandler.java:250) ~[ozone-manager-1.4.0-SNAPSHOT.jar:?]
	at org.apache.hadoop.ozone.protocolPB.OzoneManagerProtocolServerSideTranslatorPB.submitRequestDirectlyToOM(OzoneManagerProtocolServerSideTranslatorPB.java:274) ~[ozone-manager-1.4.0-SNAPSHOT.jar:?]
	at org.apache.hadoop.ozone.protocolPB.OzoneManagerProtocolServerSideTranslatorPB.processRequest(OzoneManagerProtocolServerSideTranslatorPB.java:175) ~[ozone-manager-1.4.0-SNAPSHOT.jar:?]
	at org.apache.hadoop.hdds.server.OzoneProtocolMessageDispatcher.processRequest(OzoneProtocolMessageDispatcher.java:87) [hdds-server-framework-1.4.0-SNAPSHOT.jar:?]
	at org.apache.hadoop.ozone.protocolPB.OzoneManagerProtocolServerSideTranslatorPB.submitRequest(OzoneManagerProtocolServerSideTranslatorPB.java:148) [ozone-manager-1.4.0-SNAPSHOT.jar:?]
	at org.apache.hadoop.ozone.protocol.proto.OzoneManagerProtocolProtos$OzoneManagerService$2.callBlockingMethod(OzoneManagerProtocolProtos.java) [ozone-interface-client-1.4.0-SNAPSHOT.jar:?]
	at org.apache.hadoop.ipc.ProtobufRpcEngine$Server.processCall(ProtobufRpcEngine.java:484) [hadoop-common-3.3.6.jar:?]
	at org.apache.hadoop.ipc.ProtobufRpcEngine2$Server$ProtoBufRpcInvoker.call(ProtobufRpcEngine2.java:595) [hadoop-common-3.3.6.jar:?]
	at org.apache.hadoop.ipc.ProtobufRpcEngine2$Server$ProtoBufRpcInvoker.call(ProtobufRpcEngine2.java:573) [hadoop-common-3.3.6.jar:?]
	at org.apache.hadoop.ipc.RPC$Server.call(RPC.java:1227) [hadoop-common-3.3.6.jar:?]
	at org.apache.hadoop.ipc.Server$RpcCall.run(Server.java:1094) [hadoop-common-3.3.6.jar:?]
	at org.apache.hadoop.ipc.Server$RpcCall.run(Server.java:1017) [hadoop-common-3.3.6.jar:?]
	at java.security.AccessController.doPrivileged(Native Method) ~[?:1.8.0_382]
	at javax.security.auth.Subject.doAs(Subject.java:422) [?:1.8.0_382]
	at org.apache.hadoop.security.UserGroupInformation.doAs(UserGroupInformation.java:1899) [hadoop-common-3.3.6.jar:?]
	at org.apache.hadoop.ipc.Server$Handler.run(Server.java:3048) [hadoop-common-3.3.6.jar:?]
20:29:41.502 [IPC Server handler 3 on default port 15057] ERROR OMAudit - user=runner | ip=127.0.0.1 | op=GET_FILE_STATUS {volume=volume62736, bucket=bucket10134, key=testBatchDelete/parent/child6, dataSize=0, replicationConfig=null} | ret=FAILURE
org.apache.hadoop.ozone.om.exceptions.OMException: Unable to get file status: volume: volume62736 bucket: bucket10134 key: testBatchDelete/parent/child6
	at org.apache.hadoop.ozone.om.KeyManagerImpl.getOzoneFileStatus(KeyManagerImpl.java:1195) ~[ozone-manager-1.4.0-SNAPSHOT.jar:?]
	at org.apache.hadoop.ozone.om.KeyManagerImpl.getFileStatus(KeyManagerImpl.java:1113) ~[ozone-manager-1.4.0-SNAPSHOT.jar:?]
	at org.apache.hadoop.ozone.om.OmMetadataReader.getFileStatus(OmMetadataReader.java:262) ~[ozone-manager-1.4.0-SNAPSHOT.jar:?]
	at org.apache.hadoop.ozone.om.OzoneManager.getFileStatus(OzoneManager.java:3530) ~[ozone-manager-1.4.0-SNAPSHOT.jar:?]
	at org.apache.hadoop.ozone.protocolPB.OzoneManagerRequestHandler.getOzoneFileStatus(OzoneManagerRequestHandler.java:971) ~[ozone-manager-1.4.0-SNAPSHOT.jar:?]
	at org.apache.hadoop.ozone.protocolPB.OzoneManagerRequestHandler.handleReadRequest(OzoneManagerRequestHandler.java:250) ~[ozone-manager-1.4.0-SNAPSHOT.jar:?]
	at org.apache.hadoop.ozone.protocolPB.OzoneManagerProtocolServerSideTranslatorPB.submitRequestDirectlyToOM(OzoneManagerProtocolServerSideTranslatorPB.java:274) ~[ozone-manager-1.4.0-SNAPSHOT.jar:?]
	at org.apache.hadoop.ozone.protocolPB.OzoneManagerProtocolServerSideTranslatorPB.processRequest(OzoneManagerProtocolServerSideTranslatorPB.java:175) ~[ozone-manager-1.4.0-SNAPSHOT.jar:?]
	at org.apache.hadoop.hdds.server.OzoneProtocolMessageDispatcher.processRequest(OzoneProtocolMessageDispatcher.java:87) [hdds-server-framework-1.4.0-SNAPSHOT.jar:?]
	at org.apache.hadoop.ozone.protocolPB.OzoneManagerProtocolServerSideTranslatorPB.submitRequest(OzoneManagerProtocolServerSideTranslatorPB.java:148) [ozone-manager-1.4.0-SNAPSHOT.jar:?]
	at org.apache.hadoop.ozone.protocol.proto.OzoneManagerProtocolProtos$OzoneManagerService$2.callBlockingMethod(OzoneManagerProtocolProtos.java) [ozone-interface-client-1.4.0-SNAPSHOT.jar:?]
	at org.apache.hadoop.ipc.ProtobufRpcEngine$Server.processCall(ProtobufRpcEngine.java:484) [hadoop-common-3.3.6.jar:?]
	at org.apache.hadoop.ipc.ProtobufRpcEngine2$Server$ProtoBufRpcInvoker.call(ProtobufRpcEngine2.java:595) [hadoop-common-3.3.6.jar:?]
	at org.apache.hadoop.ipc.ProtobufRpcEngine2$Server$ProtoBufRpcInvoker.call(ProtobufRpcEngine2.java:573) [hadoop-common-3.3.6.jar:?]
	at org.apache.hadoop.ipc.RPC$Server.call(RPC.java:1227) [hadoop-common-3.3.6.jar:?]
	at org.apache.hadoop.ipc.Server$RpcCall.run(Server.java:1094) [hadoop-common-3.3.6.jar:?]
	at org.apache.hadoop.ipc.Server$RpcCall.run(Server.java:1017) [hadoop-common-3.3.6.jar:?]
	at java.security.AccessController.doPrivileged(Native Method) ~[?:1.8.0_382]
	at javax.security.auth.Subject.doAs(Subject.java:422) [?:1.8.0_382]
	at org.apache.hadoop.security.UserGroupInformation.doAs(UserGroupInformation.java:1899) [hadoop-common-3.3.6.jar:?]
	at org.apache.hadoop.ipc.Server$Handler.run(Server.java:3048) [hadoop-common-3.3.6.jar:?]
20:29:41.503 [IPC Server handler 19 on default port 15057] ERROR OMAudit - user=runner | ip=127.0.0.1 | op=GET_FILE_STATUS {volume=volume62736, bucket=bucket10134, key=testBatchDelete/parent/childFolder/child6, dataSize=0, replicationConfig=null} | ret=FAILURE
org.apache.hadoop.ozone.om.exceptions.OMException: Unable to get file status: volume: volume62736 bucket: bucket10134 key: testBatchDelete/parent/childFolder/child6
	at org.apache.hadoop.ozone.om.KeyManagerImpl.getOzoneFileStatus(KeyManagerImpl.java:1195) ~[ozone-manager-1.4.0-SNAPSHOT.jar:?]
	at org.apache.hadoop.ozone.om.KeyManagerImpl.getFileStatus(KeyManagerImpl.java:1113) ~[ozone-manager-1.4.0-SNAPSHOT.jar:?]
	at org.apache.hadoop.ozone.om.OmMetadataReader.getFileStatus(OmMetadataReader.java:262) ~[ozone-manager-1.4.0-SNAPSHOT.jar:?]
	at org.apache.hadoop.ozone.om.OzoneManager.getFileStatus(OzoneManager.java:3530) ~[ozone-manager-1.4.0-SNAPSHOT.jar:?]
	at org.apache.hadoop.ozone.protocolPB.OzoneManagerRequestHandler.getOzoneFileStatus(OzoneManagerRequestHandler.java:971) ~[ozone-manager-1.4.0-SNAPSHOT.jar:?]
	at org.apache.hadoop.ozone.protocolPB.OzoneManagerRequestHandler.handleReadRequest(OzoneManagerRequestHandler.java:250) ~[ozone-manager-1.4.0-SNAPSHOT.jar:?]
	at org.apache.hadoop.ozone.protocolPB.OzoneManagerProtocolServerSideTranslatorPB.submitRequestDirectlyToOM(OzoneManagerProtocolServerSideTranslatorPB.java:274) ~[ozone-manager-1.4.0-SNAPSHOT.jar:?]
	at org.apache.hadoop.ozone.protocolPB.OzoneManagerProtocolServerSideTranslatorPB.processRequest(OzoneManagerProtocolServerSideTranslatorPB.java:175) ~[ozone-manager-1.4.0-SNAPSHOT.jar:?]
	at org.apache.hadoop.hdds.server.OzoneProtocolMessageDispatcher.processRequest(OzoneProtocolMessageDispatcher.java:87) [hdds-server-framework-1.4.0-SNAPSHOT.jar:?]
	at org.apache.hadoop.ozone.protocolPB.OzoneManagerProtocolServerSideTranslatorPB.submitRequest(OzoneManagerProtocolServerSideTranslatorPB.java:148) [ozone-manager-1.4.0-SNAPSHOT.jar:?]
	at org.apache.hadoop.ozone.protocol.proto.OzoneManagerProtocolProtos$OzoneManagerService$2.callBlockingMethod(OzoneManagerProtocolProtos.java) [ozone-interface-client-1.4.0-SNAPSHOT.jar:?]
	at org.apache.hadoop.ipc.ProtobufRpcEngine$Server.processCall(ProtobufRpcEngine.java:484) [hadoop-common-3.3.6.jar:?]
	at org.apache.hadoop.ipc.ProtobufRpcEngine2$Server$ProtoBufRpcInvoker.call(ProtobufRpcEngine2.java:595) [hadoop-common-3.3.6.jar:?]
	at org.apache.hadoop.ipc.ProtobufRpcEngine2$Server$ProtoBufRpcInvoker.call(ProtobufRpcEngine2.java:573) [hadoop-common-3.3.6.jar:?]
	at org.apache.hadoop.ipc.RPC$Server.call(RPC.java:1227) [hadoop-common-3.3.6.jar:?]
	at org.apache.hadoop.ipc.Server$RpcCall.run(Server.java:1094) [hadoop-common-3.3.6.jar:?]
	at org.apache.hadoop.ipc.Server$RpcCall.run(Server.java:1017) [hadoop-common-3.3.6.jar:?]
	at java.security.AccessController.doPrivileged(Native Method) ~[?:1.8.0_382]
	at javax.security.auth.Subject.doAs(Subject.java:422) [?:1.8.0_382]
	at org.apache.hadoop.security.UserGroupInformation.doAs(UserGroupInformation.java:1899) [hadoop-common-3.3.6.jar:?]
	at org.apache.hadoop.ipc.Server$Handler.run(Server.java:3048) [hadoop-common-3.3.6.jar:?]
20:29:41.504 [IPC Server handler 18 on default port 15057] ERROR OMAudit - user=runner | ip=127.0.0.1 | op=GET_FILE_STATUS {volume=volume62736, bucket=bucket10134, key=testBatchDelete/parent/child7, dataSize=0, replicationConfig=null} | ret=FAILURE
org.apache.hadoop.ozone.om.exceptions.OMException: Unable to get file status: volume: volume62736 bucket: bucket10134 key: testBatchDelete/parent/child7
	at org.apache.hadoop.ozone.om.KeyManagerImpl.getOzoneFileStatus(KeyManagerImpl.java:1195) ~[ozone-manager-1.4.0-SNAPSHOT.jar:?]
	at org.apache.hadoop.ozone.om.KeyManagerImpl.getFileStatus(KeyManagerImpl.java:1113) ~[ozone-manager-1.4.0-SNAPSHOT.jar:?]
	at org.apache.hadoop.ozone.om.OmMetadataReader.getFileStatus(OmMetadataReader.java:262) ~[ozone-manager-1.4.0-SNAPSHOT.jar:?]
	at org.apache.hadoop.ozone.om.OzoneManager.getFileStatus(OzoneManager.java:3530) ~[ozone-manager-1.4.0-SNAPSHOT.jar:?]
	at org.apache.hadoop.ozone.protocolPB.OzoneManagerRequestHandler.getOzoneFileStatus(OzoneManagerRequestHandler.java:971) ~[ozone-manager-1.4.0-SNAPSHOT.jar:?]
	at org.apache.hadoop.ozone.protocolPB.OzoneManagerRequestHandler.handleReadRequest(OzoneManagerRequestHandler.java:250) ~[ozone-manager-1.4.0-SNAPSHOT.jar:?]
	at org.apache.hadoop.ozone.protocolPB.OzoneManagerProtocolServerSideTranslatorPB.submitRequestDirectlyToOM(OzoneManagerProtocolServerSideTranslatorPB.java:274) ~[ozone-manager-1.4.0-SNAPSHOT.jar:?]
	at org.apache.hadoop.ozone.protocolPB.OzoneManagerProtocolServerSideTranslatorPB.processRequest(OzoneManagerProtocolServerSideTranslatorPB.java:175) ~[ozone-manager-1.4.0-SNAPSHOT.jar:?]
	at org.apache.hadoop.hdds.server.OzoneProtocolMessageDispatcher.processRequest(OzoneProtocolMessageDispatcher.java:87) [hdds-server-framework-1.4.0-SNAPSHOT.jar:?]
	at org.apache.hadoop.ozone.protocolPB.OzoneManagerProtocolServerSideTranslatorPB.submitRequest(OzoneManagerProtocolServerSideTranslatorPB.java:148) [ozone-manager-1.4.0-SNAPSHOT.jar:?]
	at org.apache.hadoop.ozone.protocol.proto.OzoneManagerProtocolProtos$OzoneManagerService$2.callBlockingMethod(OzoneManagerProtocolProtos.java) [ozone-interface-client-1.4.0-SNAPSHOT.jar:?]
	at org.apache.hadoop.ipc.ProtobufRpcEngine$Server.processCall(ProtobufRpcEngine.java:484) [hadoop-common-3.3.6.jar:?]
	at org.apache.hadoop.ipc.ProtobufRpcEngine2$Server$ProtoBufRpcInvoker.call(ProtobufRpcEngine2.java:595) [hadoop-common-3.3.6.jar:?]
	at org.apache.hadoop.ipc.ProtobufRpcEngine2$Server$ProtoBufRpcInvoker.call(ProtobufRpcEngine2.java:573) [hadoop-common-3.3.6.jar:?]
	at org.apache.hadoop.ipc.RPC$Server.call(RPC.java:1227) [hadoop-common-3.3.6.jar:?]
	at org.apache.hadoop.ipc.Server$RpcCall.run(Server.java:1094) [hadoop-common-3.3.6.jar:?]
	at org.apache.hadoop.ipc.Server$RpcCall.run(Server.java:1017) [hadoop-common-3.3.6.jar:?]
	at java.security.AccessController.doPrivileged(Native Method) ~[?:1.8.0_382]
	at javax.security.auth.Subject.doAs(Subject.java:422) [?:1.8.0_382]
	at org.apache.hadoop.security.UserGroupInformation.doAs(UserGroupInformation.java:1899) [hadoop-common-3.3.6.jar:?]
	at org.apache.hadoop.ipc.Server$Handler.run(Server.java:3048) [hadoop-common-3.3.6.jar:?]
20:29:41.506 [IPC Server handler 17 on default port 15057] ERROR OMAudit - user=runner | ip=127.0.0.1 | op=GET_FILE_STATUS {volume=volume62736, bucket=bucket10134, key=testBatchDelete/parent/childFolder/child7, dataSize=0, replicationConfig=null} | ret=FAILURE
org.apache.hadoop.ozone.om.exceptions.OMException: Unable to get file status: volume: volume62736 bucket: bucket10134 key: testBatchDelete/parent/childFolder/child7
	at org.apache.hadoop.ozone.om.KeyManagerImpl.getOzoneFileStatus(KeyManagerImpl.java:1195) ~[ozone-manager-1.4.0-SNAPSHOT.jar:?]
	at org.apache.hadoop.ozone.om.KeyManagerImpl.getFileStatus(KeyManagerImpl.java:1113) ~[ozone-manager-1.4.0-SNAPSHOT.jar:?]
	at org.apache.hadoop.ozone.om.OmMetadataReader.getFileStatus(OmMetadataReader.java:262) ~[ozone-manager-1.4.0-SNAPSHOT.jar:?]
	at org.apache.hadoop.ozone.om.OzoneManager.getFileStatus(OzoneManager.java:3530) ~[ozone-manager-1.4.0-SNAPSHOT.jar:?]
	at org.apache.hadoop.ozone.protocolPB.OzoneManagerRequestHandler.getOzoneFileStatus(OzoneManagerRequestHandler.java:971) ~[ozone-manager-1.4.0-SNAPSHOT.jar:?]
	at org.apache.hadoop.ozone.protocolPB.OzoneManagerRequestHandler.handleReadRequest(OzoneManagerRequestHandler.java:250) ~[ozone-manager-1.4.0-SNAPSHOT.jar:?]
	at org.apache.hadoop.ozone.protocolPB.OzoneManagerProtocolServerSideTranslatorPB.submitRequestDirectlyToOM(OzoneManagerProtocolServerSideTranslatorPB.java:274) ~[ozone-manager-1.4.0-SNAPSHOT.jar:?]
	at org.apache.hadoop.ozone.protocolPB.OzoneManagerProtocolServerSideTranslatorPB.processRequest(OzoneManagerProtocolServerSideTranslatorPB.java:175) ~[ozone-manager-1.4.0-SNAPSHOT.jar:?]
	at org.apache.hadoop.hdds.server.OzoneProtocolMessageDispatcher.processRequest(OzoneProtocolMessageDispatcher.java:87) [hdds-server-framework-1.4.0-SNAPSHOT.jar:?]
	at org.apache.hadoop.ozone.protocolPB.OzoneManagerProtocolServerSideTranslatorPB.submitRequest(OzoneManagerProtocolServerSideTranslatorPB.java:148) [ozone-manager-1.4.0-SNAPSHOT.jar:?]
	at org.apache.hadoop.ozone.protocol.proto.OzoneManagerProtocolProtos$OzoneManagerService$2.callBlockingMethod(OzoneManagerProtocolProtos.java) [ozone-interface-client-1.4.0-SNAPSHOT.jar:?]
	at org.apache.hadoop.ipc.ProtobufRpcEngine$Server.processCall(ProtobufRpcEngine.java:484) [hadoop-common-3.3.6.jar:?]
	at org.apache.hadoop.ipc.ProtobufRpcEngine2$Server$ProtoBufRpcInvoker.call(ProtobufRpcEngine2.java:595) [hadoop-common-3.3.6.jar:?]
	at org.apache.hadoop.ipc.ProtobufRpcEngine2$Server$ProtoBufRpcInvoker.call(ProtobufRpcEngine2.java:573) [hadoop-common-3.3.6.jar:?]
	at org.apache.hadoop.ipc.RPC$Server.call(RPC.java:1227) [hadoop-common-3.3.6.jar:?]
	at org.apache.hadoop.ipc.Server$RpcCall.run(Server.java:1094) [hadoop-common-3.3.6.jar:?]
	at org.apache.hadoop.ipc.Server$RpcCall.run(Server.java:1017) [hadoop-common-3.3.6.jar:?]
	at java.security.AccessController.doPrivileged(Native Method) ~[?:1.8.0_382]
	at javax.security.auth.Subject.doAs(Subject.java:422) [?:1.8.0_382]
	at org.apache.hadoop.security.UserGroupInformation.doAs(UserGroupInformation.java:1899) [hadoop-common-3.3.6.jar:?]
	at org.apache.hadoop.ipc.Server$Handler.run(Server.java:3048) [hadoop-common-3.3.6.jar:?]
20:29:41.507 [IPC Server handler 15 on default port 15057] ERROR OMAudit - user=runner | ip=127.0.0.1 | op=GET_FILE_STATUS {volume=volume62736, bucket=bucket10134, key=testBatchDelete/parent, dataSize=0, replicationConfig=null} | ret=FAILURE
org.apache.hadoop.ozone.om.exceptions.OMException: Unable to get file status: volume: volume62736 bucket: bucket10134 key: testBatchDelete/parent
	at org.apache.hadoop.ozone.om.KeyManagerImpl.getOzoneFileStatus(KeyManagerImpl.java:1195) ~[ozone-manager-1.4.0-SNAPSHOT.jar:?]
	at org.apache.hadoop.ozone.om.KeyManagerImpl.getFileStatus(KeyManagerImpl.java:1113) ~[ozone-manager-1.4.0-SNAPSHOT.jar:?]
	at org.apache.hadoop.ozone.om.OmMetadataReader.getFileStatus(OmMetadataReader.java:262) ~[ozone-manager-1.4.0-SNAPSHOT.jar:?]
	at org.apache.hadoop.ozone.om.OzoneManager.getFileStatus(OzoneManager.java:3530) ~[ozone-manager-1.4.0-SNAPSHOT.jar:?]
	at org.apache.hadoop.ozone.protocolPB.OzoneManagerRequestHandler.getOzoneFileStatus(OzoneManagerRequestHandler.java:971) ~[ozone-manager-1.4.0-SNAPSHOT.jar:?]
	at org.apache.hadoop.ozone.protocolPB.OzoneManagerRequestHandler.handleReadRequest(OzoneManagerRequestHandler.java:250) ~[ozone-manager-1.4.0-SNAPSHOT.jar:?]
	at org.apache.hadoop.ozone.protocolPB.OzoneManagerProtocolServerSideTranslatorPB.submitRequestDirectlyToOM(OzoneManagerProtocolServerSideTranslatorPB.java:274) ~[ozone-manager-1.4.0-SNAPSHOT.jar:?]
	at org.apache.hadoop.ozone.protocolPB.OzoneManagerProtocolServerSideTranslatorPB.processRequest(OzoneManagerProtocolServerSideTranslatorPB.java:175) ~[ozone-manager-1.4.0-SNAPSHOT.jar:?]
	at org.apache.hadoop.hdds.server.OzoneProtocolMessageDispatcher.processRequest(OzoneProtocolMessageDispatcher.java:87) [hdds-server-framework-1.4.0-SNAPSHOT.jar:?]
	at org.apache.hadoop.ozone.protocolPB.OzoneManagerProtocolServerSideTranslatorPB.submitRequest(OzoneManagerProtocolServerSideTranslatorPB.java:148) [ozone-manager-1.4.0-SNAPSHOT.jar:?]
	at org.apache.hadoop.ozone.protocol.proto.OzoneManagerProtocolProtos$OzoneManagerService$2.callBlockingMethod(OzoneManagerProtocolProtos.java) [ozone-interface-client-1.4.0-SNAPSHOT.jar:?]
	at org.apache.hadoop.ipc.ProtobufRpcEngine$Server.processCall(ProtobufRpcEngine.java:484) [hadoop-common-3.3.6.jar:?]
	at org.apache.hadoop.ipc.ProtobufRpcEngine2$Server$ProtoBufRpcInvoker.call(ProtobufRpcEngine2.java:595) [hadoop-common-3.3.6.jar:?]
	at org.apache.hadoop.ipc.ProtobufRpcEngine2$Server$ProtoBufRpcInvoker.call(ProtobufRpcEngine2.java:573) [hadoop-common-3.3.6.jar:?]
	at org.apache.hadoop.ipc.RPC$Server.call(RPC.java:1227) [hadoop-common-3.3.6.jar:?]
	at org.apache.hadoop.ipc.Server$RpcCall.run(Server.java:1094) [hadoop-common-3.3.6.jar:?]
	at org.apache.hadoop.ipc.Server$RpcCall.run(Server.java:1017) [hadoop-common-3.3.6.jar:?]
	at java.security.AccessController.doPrivileged(Native Method) ~[?:1.8.0_382]
	at javax.security.auth.Subject.doAs(Subject.java:422) [?:1.8.0_382]
	at org.apache.hadoop.security.UserGroupInformation.doAs(UserGroupInformation.java:1899) [hadoop-common-3.3.6.jar:?]
	at org.apache.hadoop.ipc.Server$Handler.run(Server.java:3048) [hadoop-common-3.3.6.jar:?]
2023-09-07 20:29:41,507 [Time-limited test] WARN  ozone.BasicOzoneFileSystem (BasicOzoneFileSystem.java:delete(595)) - delete: Path does not exist: /testBatchDelete/parent
]]></system-out>
  </testcase>
  <testcase name="testFileDelete" classname="TestOzoneFileSystem" time="0.171">
    <system-out><![CDATA[20:31:07.021 [IPC Server handler 3 on default port 15110] ERROR OMAudit - user=runner | ip=127.0.0.1 | op=GET_FILE_STATUS {volume=volume50105, bucket=bucket55116, key=testBatchDelete, dataSize=0, replicationConfig=null} | ret=FAILURE
org.apache.hadoop.ozone.om.exceptions.OMException: Unable to get file status: volume: volume50105 bucket: bucket55116 key: testBatchDelete
	at org.apache.hadoop.ozone.om.KeyManagerImpl.getOzoneFileStatus(KeyManagerImpl.java:1195) ~[ozone-manager-1.4.0-SNAPSHOT.jar:?]
	at org.apache.hadoop.ozone.om.KeyManagerImpl.getFileStatus(KeyManagerImpl.java:1113) ~[ozone-manager-1.4.0-SNAPSHOT.jar:?]
	at org.apache.hadoop.ozone.om.OmMetadataReader.getFileStatus(OmMetadataReader.java:262) ~[ozone-manager-1.4.0-SNAPSHOT.jar:?]
	at org.apache.hadoop.ozone.om.OzoneManager.getFileStatus(OzoneManager.java:3530) ~[ozone-manager-1.4.0-SNAPSHOT.jar:?]
	at org.apache.hadoop.ozone.protocolPB.OzoneManagerRequestHandler.getOzoneFileStatus(OzoneManagerRequestHandler.java:971) ~[ozone-manager-1.4.0-SNAPSHOT.jar:?]
	at org.apache.hadoop.ozone.protocolPB.OzoneManagerRequestHandler.handleReadRequest(OzoneManagerRequestHandler.java:250) ~[ozone-manager-1.4.0-SNAPSHOT.jar:?]
	at org.apache.hadoop.ozone.protocolPB.OzoneManagerProtocolServerSideTranslatorPB.submitReadRequestToOM(OzoneManagerProtocolServerSideTranslatorPB.java:225) ~[ozone-manager-1.4.0-SNAPSHOT.jar:?]
	at org.apache.hadoop.ozone.protocolPB.OzoneManagerProtocolServerSideTranslatorPB.processRequest(OzoneManagerProtocolServerSideTranslatorPB.java:179) ~[ozone-manager-1.4.0-SNAPSHOT.jar:?]
	at org.apache.hadoop.hdds.server.OzoneProtocolMessageDispatcher.processRequest(OzoneProtocolMessageDispatcher.java:87) [hdds-server-framework-1.4.0-SNAPSHOT.jar:?]
	at org.apache.hadoop.ozone.protocolPB.OzoneManagerProtocolServerSideTranslatorPB.submitRequest(OzoneManagerProtocolServerSideTranslatorPB.java:148) [ozone-manager-1.4.0-SNAPSHOT.jar:?]
	at org.apache.hadoop.ozone.protocol.proto.OzoneManagerProtocolProtos$OzoneManagerService$2.callBlockingMethod(OzoneManagerProtocolProtos.java) [ozone-interface-client-1.4.0-SNAPSHOT.jar:?]
	at org.apache.hadoop.ipc.ProtobufRpcEngine$Server.processCall(ProtobufRpcEngine.java:484) [hadoop-common-3.3.6.jar:?]
	at org.apache.hadoop.ipc.ProtobufRpcEngine2$Server$ProtoBufRpcInvoker.call(ProtobufRpcEngine2.java:595) [hadoop-common-3.3.6.jar:?]
	at org.apache.hadoop.ipc.ProtobufRpcEngine2$Server$ProtoBufRpcInvoker.call(ProtobufRpcEngine2.java:573) [hadoop-common-3.3.6.jar:?]
	at org.apache.hadoop.ipc.RPC$Server.call(RPC.java:1227) [hadoop-common-3.3.6.jar:?]
	at org.apache.hadoop.ipc.Server$RpcCall.run(Server.java:1094) [hadoop-common-3.3.6.jar:?]
	at org.apache.hadoop.ipc.Server$RpcCall.run(Server.java:1017) [hadoop-common-3.3.6.jar:?]
	at java.security.AccessController.doPrivileged(Native Method) ~[?:1.8.0_382]
	at javax.security.auth.Subject.doAs(Subject.java:422) [?:1.8.0_382]
	at org.apache.hadoop.security.UserGroupInformation.doAs(UserGroupInformation.java:1899) [hadoop-common-3.3.6.jar:?]
	at org.apache.hadoop.ipc.Server$Handler.run(Server.java:3048) [hadoop-common-3.3.6.jar:?]
20:31:07.022 [IPC Server handler 6 on default port 15110] ERROR OMAudit - user=runner | ip=127.0.0.1 | op=GET_FILE_STATUS {volume=volume50105, bucket=bucket55116, key=testBatchDelete/parent/child0, dataSize=0, replicationConfig=null} | ret=FAILURE
org.apache.hadoop.ozone.om.exceptions.OMException: Unable to get file status: volume: volume50105 bucket: bucket55116 key: testBatchDelete/parent/child0
	at org.apache.hadoop.ozone.om.KeyManagerImpl.getOzoneFileStatus(KeyManagerImpl.java:1195) ~[ozone-manager-1.4.0-SNAPSHOT.jar:?]
	at org.apache.hadoop.ozone.om.KeyManagerImpl.getFileStatus(KeyManagerImpl.java:1113) ~[ozone-manager-1.4.0-SNAPSHOT.jar:?]
	at org.apache.hadoop.ozone.om.OmMetadataReader.getFileStatus(OmMetadataReader.java:262) ~[ozone-manager-1.4.0-SNAPSHOT.jar:?]
	at org.apache.hadoop.ozone.om.OzoneManager.getFileStatus(OzoneManager.java:3530) ~[ozone-manager-1.4.0-SNAPSHOT.jar:?]
	at org.apache.hadoop.ozone.protocolPB.OzoneManagerRequestHandler.getOzoneFileStatus(OzoneManagerRequestHandler.java:971) ~[ozone-manager-1.4.0-SNAPSHOT.jar:?]
	at org.apache.hadoop.ozone.protocolPB.OzoneManagerRequestHandler.handleReadRequest(OzoneManagerRequestHandler.java:250) ~[ozone-manager-1.4.0-SNAPSHOT.jar:?]
	at org.apache.hadoop.ozone.protocolPB.OzoneManagerProtocolServerSideTranslatorPB.submitReadRequestToOM(OzoneManagerProtocolServerSideTranslatorPB.java:225) ~[ozone-manager-1.4.0-SNAPSHOT.jar:?]
	at org.apache.hadoop.ozone.protocolPB.OzoneManagerProtocolServerSideTranslatorPB.processRequest(OzoneManagerProtocolServerSideTranslatorPB.java:179) ~[ozone-manager-1.4.0-SNAPSHOT.jar:?]
	at org.apache.hadoop.hdds.server.OzoneProtocolMessageDispatcher.processRequest(OzoneProtocolMessageDispatcher.java:87) [hdds-server-framework-1.4.0-SNAPSHOT.jar:?]
	at org.apache.hadoop.ozone.protocolPB.OzoneManagerProtocolServerSideTranslatorPB.submitRequest(OzoneManagerProtocolServerSideTranslatorPB.java:148) [ozone-manager-1.4.0-SNAPSHOT.jar:?]
	at org.apache.hadoop.ozone.protocol.proto.OzoneManagerProtocolProtos$OzoneManagerService$2.callBlockingMethod(OzoneManagerProtocolProtos.java) [ozone-interface-client-1.4.0-SNAPSHOT.jar:?]
	at org.apache.hadoop.ipc.ProtobufRpcEngine$Server.processCall(ProtobufRpcEngine.java:484) [hadoop-common-3.3.6.jar:?]
	at org.apache.hadoop.ipc.ProtobufRpcEngine2$Server$ProtoBufRpcInvoker.call(ProtobufRpcEngine2.java:595) [hadoop-common-3.3.6.jar:?]
	at org.apache.hadoop.ipc.ProtobufRpcEngine2$Server$ProtoBufRpcInvoker.call(ProtobufRpcEngine2.java:573) [hadoop-common-3.3.6.jar:?]
	at org.apache.hadoop.ipc.RPC$Server.call(RPC.java:1227) [hadoop-common-3.3.6.jar:?]
	at org.apache.hadoop.ipc.Server$RpcCall.run(Server.java:1094) [hadoop-common-3.3.6.jar:?]
	at org.apache.hadoop.ipc.Server$RpcCall.run(Server.java:1017) [hadoop-common-3.3.6.jar:?]
	at java.security.AccessController.doPrivileged(Native Method) ~[?:1.8.0_382]
	at javax.security.auth.Subject.doAs(Subject.java:422) [?:1.8.0_382]
	at org.apache.hadoop.security.UserGroupInformation.doAs(UserGroupInformation.java:1899) [hadoop-common-3.3.6.jar:?]
	at org.apache.hadoop.ipc.Server$Handler.run(Server.java:3048) [hadoop-common-3.3.6.jar:?]
20:31:07.023 [IPC Server handler 5 on default port 15110] ERROR OMAudit - user=runner | ip=127.0.0.1 | op=GET_FILE_STATUS {volume=volume50105, bucket=bucket55116, key=testBatchDelete/parent/childFolder/child0, dataSize=0, replicationConfig=null} | ret=FAILURE
org.apache.hadoop.ozone.om.exceptions.OMException: Unable to get file status: volume: volume50105 bucket: bucket55116 key: testBatchDelete/parent/childFolder/child0
	at org.apache.hadoop.ozone.om.KeyManagerImpl.getOzoneFileStatus(KeyManagerImpl.java:1195) ~[ozone-manager-1.4.0-SNAPSHOT.jar:?]
	at org.apache.hadoop.ozone.om.KeyManagerImpl.getFileStatus(KeyManagerImpl.java:1113) ~[ozone-manager-1.4.0-SNAPSHOT.jar:?]
	at org.apache.hadoop.ozone.om.OmMetadataReader.getFileStatus(OmMetadataReader.java:262) ~[ozone-manager-1.4.0-SNAPSHOT.jar:?]
	at org.apache.hadoop.ozone.om.OzoneManager.getFileStatus(OzoneManager.java:3530) ~[ozone-manager-1.4.0-SNAPSHOT.jar:?]
	at org.apache.hadoop.ozone.protocolPB.OzoneManagerRequestHandler.getOzoneFileStatus(OzoneManagerRequestHandler.java:971) ~[ozone-manager-1.4.0-SNAPSHOT.jar:?]
	at org.apache.hadoop.ozone.protocolPB.OzoneManagerRequestHandler.handleReadRequest(OzoneManagerRequestHandler.java:250) ~[ozone-manager-1.4.0-SNAPSHOT.jar:?]
	at org.apache.hadoop.ozone.protocolPB.OzoneManagerProtocolServerSideTranslatorPB.submitReadRequestToOM(OzoneManagerProtocolServerSideTranslatorPB.java:225) ~[ozone-manager-1.4.0-SNAPSHOT.jar:?]
	at org.apache.hadoop.ozone.protocolPB.OzoneManagerProtocolServerSideTranslatorPB.processRequest(OzoneManagerProtocolServerSideTranslatorPB.java:179) ~[ozone-manager-1.4.0-SNAPSHOT.jar:?]
	at org.apache.hadoop.hdds.server.OzoneProtocolMessageDispatcher.processRequest(OzoneProtocolMessageDispatcher.java:87) [hdds-server-framework-1.4.0-SNAPSHOT.jar:?]
	at org.apache.hadoop.ozone.protocolPB.OzoneManagerProtocolServerSideTranslatorPB.submitRequest(OzoneManagerProtocolServerSideTranslatorPB.java:148) [ozone-manager-1.4.0-SNAPSHOT.jar:?]
	at org.apache.hadoop.ozone.protocol.proto.OzoneManagerProtocolProtos$OzoneManagerService$2.callBlockingMethod(OzoneManagerProtocolProtos.java) [ozone-interface-client-1.4.0-SNAPSHOT.jar:?]
	at org.apache.hadoop.ipc.ProtobufRpcEngine$Server.processCall(ProtobufRpcEngine.java:484) [hadoop-common-3.3.6.jar:?]
	at org.apache.hadoop.ipc.ProtobufRpcEngine2$Server$ProtoBufRpcInvoker.call(ProtobufRpcEngine2.java:595) [hadoop-common-3.3.6.jar:?]
	at org.apache.hadoop.ipc.ProtobufRpcEngine2$Server$ProtoBufRpcInvoker.call(ProtobufRpcEngine2.java:573) [hadoop-common-3.3.6.jar:?]
	at org.apache.hadoop.ipc.RPC$Server.call(RPC.java:1227) [hadoop-common-3.3.6.jar:?]
	at org.apache.hadoop.ipc.Server$RpcCall.run(Server.java:1094) [hadoop-common-3.3.6.jar:?]
	at org.apache.hadoop.ipc.Server$RpcCall.run(Server.java:1017) [hadoop-common-3.3.6.jar:?]
	at java.security.AccessController.doPrivileged(Native Method) ~[?:1.8.0_382]
	at javax.security.auth.Subject.doAs(Subject.java:422) [?:1.8.0_382]
	at org.apache.hadoop.security.UserGroupInformation.doAs(UserGroupInformation.java:1899) [hadoop-common-3.3.6.jar:?]
	at org.apache.hadoop.ipc.Server$Handler.run(Server.java:3048) [hadoop-common-3.3.6.jar:?]
20:31:07.024 [IPC Server handler 10 on default port 15110] ERROR OMAudit - user=runner | ip=127.0.0.1 | op=GET_FILE_STATUS {volume=volume50105, bucket=bucket55116, key=testBatchDelete/parent/child1, dataSize=0, replicationConfig=null} | ret=FAILURE
org.apache.hadoop.ozone.om.exceptions.OMException: Unable to get file status: volume: volume50105 bucket: bucket55116 key: testBatchDelete/parent/child1
	at org.apache.hadoop.ozone.om.KeyManagerImpl.getOzoneFileStatus(KeyManagerImpl.java:1195) ~[ozone-manager-1.4.0-SNAPSHOT.jar:?]
	at org.apache.hadoop.ozone.om.KeyManagerImpl.getFileStatus(KeyManagerImpl.java:1113) ~[ozone-manager-1.4.0-SNAPSHOT.jar:?]
	at org.apache.hadoop.ozone.om.OmMetadataReader.getFileStatus(OmMetadataReader.java:262) ~[ozone-manager-1.4.0-SNAPSHOT.jar:?]
	at org.apache.hadoop.ozone.om.OzoneManager.getFileStatus(OzoneManager.java:3530) ~[ozone-manager-1.4.0-SNAPSHOT.jar:?]
	at org.apache.hadoop.ozone.protocolPB.OzoneManagerRequestHandler.getOzoneFileStatus(OzoneManagerRequestHandler.java:971) ~[ozone-manager-1.4.0-SNAPSHOT.jar:?]
	at org.apache.hadoop.ozone.protocolPB.OzoneManagerRequestHandler.handleReadRequest(OzoneManagerRequestHandler.java:250) ~[ozone-manager-1.4.0-SNAPSHOT.jar:?]
	at org.apache.hadoop.ozone.protocolPB.OzoneManagerProtocolServerSideTranslatorPB.submitReadRequestToOM(OzoneManagerProtocolServerSideTranslatorPB.java:225) ~[ozone-manager-1.4.0-SNAPSHOT.jar:?]
	at org.apache.hadoop.ozone.protocolPB.OzoneManagerProtocolServerSideTranslatorPB.processRequest(OzoneManagerProtocolServerSideTranslatorPB.java:179) ~[ozone-manager-1.4.0-SNAPSHOT.jar:?]
	at org.apache.hadoop.hdds.server.OzoneProtocolMessageDispatcher.processRequest(OzoneProtocolMessageDispatcher.java:87) [hdds-server-framework-1.4.0-SNAPSHOT.jar:?]
	at org.apache.hadoop.ozone.protocolPB.OzoneManagerProtocolServerSideTranslatorPB.submitRequest(OzoneManagerProtocolServerSideTranslatorPB.java:148) [ozone-manager-1.4.0-SNAPSHOT.jar:?]
	at org.apache.hadoop.ozone.protocol.proto.OzoneManagerProtocolProtos$OzoneManagerService$2.callBlockingMethod(OzoneManagerProtocolProtos.java) [ozone-interface-client-1.4.0-SNAPSHOT.jar:?]
	at org.apache.hadoop.ipc.ProtobufRpcEngine$Server.processCall(ProtobufRpcEngine.java:484) [hadoop-common-3.3.6.jar:?]
	at org.apache.hadoop.ipc.ProtobufRpcEngine2$Server$ProtoBufRpcInvoker.call(ProtobufRpcEngine2.java:595) [hadoop-common-3.3.6.jar:?]
	at org.apache.hadoop.ipc.ProtobufRpcEngine2$Server$ProtoBufRpcInvoker.call(ProtobufRpcEngine2.java:573) [hadoop-common-3.3.6.jar:?]
	at org.apache.hadoop.ipc.RPC$Server.call(RPC.java:1227) [hadoop-common-3.3.6.jar:?]
	at org.apache.hadoop.ipc.Server$RpcCall.run(Server.java:1094) [hadoop-common-3.3.6.jar:?]
	at org.apache.hadoop.ipc.Server$RpcCall.run(Server.java:1017) [hadoop-common-3.3.6.jar:?]
	at java.security.AccessController.doPrivileged(Native Method) ~[?:1.8.0_382]
	at javax.security.auth.Subject.doAs(Subject.java:422) [?:1.8.0_382]
	at org.apache.hadoop.security.UserGroupInformation.doAs(UserGroupInformation.java:1899) [hadoop-common-3.3.6.jar:?]
	at org.apache.hadoop.ipc.Server$Handler.run(Server.java:3048) [hadoop-common-3.3.6.jar:?]
20:31:07.025 [IPC Server handler 9 on default port 15110] ERROR OMAudit - user=runner | ip=127.0.0.1 | op=GET_FILE_STATUS {volume=volume50105, bucket=bucket55116, key=testBatchDelete/parent/childFolder/child1, dataSize=0, replicationConfig=null} | ret=FAILURE
org.apache.hadoop.ozone.om.exceptions.OMException: Unable to get file status: volume: volume50105 bucket: bucket55116 key: testBatchDelete/parent/childFolder/child1
	at org.apache.hadoop.ozone.om.KeyManagerImpl.getOzoneFileStatus(KeyManagerImpl.java:1195) ~[ozone-manager-1.4.0-SNAPSHOT.jar:?]
	at org.apache.hadoop.ozone.om.KeyManagerImpl.getFileStatus(KeyManagerImpl.java:1113) ~[ozone-manager-1.4.0-SNAPSHOT.jar:?]
	at org.apache.hadoop.ozone.om.OmMetadataReader.getFileStatus(OmMetadataReader.java:262) ~[ozone-manager-1.4.0-SNAPSHOT.jar:?]
	at org.apache.hadoop.ozone.om.OzoneManager.getFileStatus(OzoneManager.java:3530) ~[ozone-manager-1.4.0-SNAPSHOT.jar:?]
	at org.apache.hadoop.ozone.protocolPB.OzoneManagerRequestHandler.getOzoneFileStatus(OzoneManagerRequestHandler.java:971) ~[ozone-manager-1.4.0-SNAPSHOT.jar:?]
	at org.apache.hadoop.ozone.protocolPB.OzoneManagerRequestHandler.handleReadRequest(OzoneManagerRequestHandler.java:250) ~[ozone-manager-1.4.0-SNAPSHOT.jar:?]
	at org.apache.hadoop.ozone.protocolPB.OzoneManagerProtocolServerSideTranslatorPB.submitReadRequestToOM(OzoneManagerProtocolServerSideTranslatorPB.java:225) ~[ozone-manager-1.4.0-SNAPSHOT.jar:?]
	at org.apache.hadoop.ozone.protocolPB.OzoneManagerProtocolServerSideTranslatorPB.processRequest(OzoneManagerProtocolServerSideTranslatorPB.java:179) ~[ozone-manager-1.4.0-SNAPSHOT.jar:?]
	at org.apache.hadoop.hdds.server.OzoneProtocolMessageDispatcher.processRequest(OzoneProtocolMessageDispatcher.java:87) [hdds-server-framework-1.4.0-SNAPSHOT.jar:?]
	at org.apache.hadoop.ozone.protocolPB.OzoneManagerProtocolServerSideTranslatorPB.submitRequest(OzoneManagerProtocolServerSideTranslatorPB.java:148) [ozone-manager-1.4.0-SNAPSHOT.jar:?]
	at org.apache.hadoop.ozone.protocol.proto.OzoneManagerProtocolProtos$OzoneManagerService$2.callBlockingMethod(OzoneManagerProtocolProtos.java) [ozone-interface-client-1.4.0-SNAPSHOT.jar:?]
	at org.apache.hadoop.ipc.ProtobufRpcEngine$Server.processCall(ProtobufRpcEngine.java:484) [hadoop-common-3.3.6.jar:?]
	at org.apache.hadoop.ipc.ProtobufRpcEngine2$Server$ProtoBufRpcInvoker.call(ProtobufRpcEngine2.java:595) [hadoop-common-3.3.6.jar:?]
	at org.apache.hadoop.ipc.ProtobufRpcEngine2$Server$ProtoBufRpcInvoker.call(ProtobufRpcEngine2.java:573) [hadoop-common-3.3.6.jar:?]
	at org.apache.hadoop.ipc.RPC$Server.call(RPC.java:1227) [hadoop-common-3.3.6.jar:?]
	at org.apache.hadoop.ipc.Server$RpcCall.run(Server.java:1094) [hadoop-common-3.3.6.jar:?]
	at org.apache.hadoop.ipc.Server$RpcCall.run(Server.java:1017) [hadoop-common-3.3.6.jar:?]
	at java.security.AccessController.doPrivileged(Native Method) ~[?:1.8.0_382]
	at javax.security.auth.Subject.doAs(Subject.java:422) [?:1.8.0_382]
	at org.apache.hadoop.security.UserGroupInformation.doAs(UserGroupInformation.java:1899) [hadoop-common-3.3.6.jar:?]
	at org.apache.hadoop.ipc.Server$Handler.run(Server.java:3048) [hadoop-common-3.3.6.jar:?]
20:31:07.026 [IPC Server handler 13 on default port 15110] ERROR OMAudit - user=runner | ip=127.0.0.1 | op=GET_FILE_STATUS {volume=volume50105, bucket=bucket55116, key=testBatchDelete/parent/child2, dataSize=0, replicationConfig=null} | ret=FAILURE
org.apache.hadoop.ozone.om.exceptions.OMException: Unable to get file status: volume: volume50105 bucket: bucket55116 key: testBatchDelete/parent/child2
	at org.apache.hadoop.ozone.om.KeyManagerImpl.getOzoneFileStatus(KeyManagerImpl.java:1195) ~[ozone-manager-1.4.0-SNAPSHOT.jar:?]
	at org.apache.hadoop.ozone.om.KeyManagerImpl.getFileStatus(KeyManagerImpl.java:1113) ~[ozone-manager-1.4.0-SNAPSHOT.jar:?]
	at org.apache.hadoop.ozone.om.OmMetadataReader.getFileStatus(OmMetadataReader.java:262) ~[ozone-manager-1.4.0-SNAPSHOT.jar:?]
	at org.apache.hadoop.ozone.om.OzoneManager.getFileStatus(OzoneManager.java:3530) ~[ozone-manager-1.4.0-SNAPSHOT.jar:?]
	at org.apache.hadoop.ozone.protocolPB.OzoneManagerRequestHandler.getOzoneFileStatus(OzoneManagerRequestHandler.java:971) ~[ozone-manager-1.4.0-SNAPSHOT.jar:?]
	at org.apache.hadoop.ozone.protocolPB.OzoneManagerRequestHandler.handleReadRequest(OzoneManagerRequestHandler.java:250) ~[ozone-manager-1.4.0-SNAPSHOT.jar:?]
	at org.apache.hadoop.ozone.protocolPB.OzoneManagerProtocolServerSideTranslatorPB.submitReadRequestToOM(OzoneManagerProtocolServerSideTranslatorPB.java:225) ~[ozone-manager-1.4.0-SNAPSHOT.jar:?]
	at org.apache.hadoop.ozone.protocolPB.OzoneManagerProtocolServerSideTranslatorPB.processRequest(OzoneManagerProtocolServerSideTranslatorPB.java:179) ~[ozone-manager-1.4.0-SNAPSHOT.jar:?]
	at org.apache.hadoop.hdds.server.OzoneProtocolMessageDispatcher.processRequest(OzoneProtocolMessageDispatcher.java:87) [hdds-server-framework-1.4.0-SNAPSHOT.jar:?]
	at org.apache.hadoop.ozone.protocolPB.OzoneManagerProtocolServerSideTranslatorPB.submitRequest(OzoneManagerProtocolServerSideTranslatorPB.java:148) [ozone-manager-1.4.0-SNAPSHOT.jar:?]
	at org.apache.hadoop.ozone.protocol.proto.OzoneManagerProtocolProtos$OzoneManagerService$2.callBlockingMethod(OzoneManagerProtocolProtos.java) [ozone-interface-client-1.4.0-SNAPSHOT.jar:?]
	at org.apache.hadoop.ipc.ProtobufRpcEngine$Server.processCall(ProtobufRpcEngine.java:484) [hadoop-common-3.3.6.jar:?]
	at org.apache.hadoop.ipc.ProtobufRpcEngine2$Server$ProtoBufRpcInvoker.call(ProtobufRpcEngine2.java:595) [hadoop-common-3.3.6.jar:?]
	at org.apache.hadoop.ipc.ProtobufRpcEngine2$Server$ProtoBufRpcInvoker.call(ProtobufRpcEngine2.java:573) [hadoop-common-3.3.6.jar:?]
	at org.apache.hadoop.ipc.RPC$Server.call(RPC.java:1227) [hadoop-common-3.3.6.jar:?]
	at org.apache.hadoop.ipc.Server$RpcCall.run(Server.java:1094) [hadoop-common-3.3.6.jar:?]
	at org.apache.hadoop.ipc.Server$RpcCall.run(Server.java:1017) [hadoop-common-3.3.6.jar:?]
	at java.security.AccessController.doPrivileged(Native Method) ~[?:1.8.0_382]
	at javax.security.auth.Subject.doAs(Subject.java:422) [?:1.8.0_382]
	at org.apache.hadoop.security.UserGroupInformation.doAs(UserGroupInformation.java:1899) [hadoop-common-3.3.6.jar:?]
	at org.apache.hadoop.ipc.Server$Handler.run(Server.java:3048) [hadoop-common-3.3.6.jar:?]
20:31:07.027 [IPC Server handler 15 on default port 15110] ERROR OMAudit - user=runner | ip=127.0.0.1 | op=GET_FILE_STATUS {volume=volume50105, bucket=bucket55116, key=testBatchDelete/parent/childFolder/child2, dataSize=0, replicationConfig=null} | ret=FAILURE
org.apache.hadoop.ozone.om.exceptions.OMException: Unable to get file status: volume: volume50105 bucket: bucket55116 key: testBatchDelete/parent/childFolder/child2
	at org.apache.hadoop.ozone.om.KeyManagerImpl.getOzoneFileStatus(KeyManagerImpl.java:1195) ~[ozone-manager-1.4.0-SNAPSHOT.jar:?]
	at org.apache.hadoop.ozone.om.KeyManagerImpl.getFileStatus(KeyManagerImpl.java:1113) ~[ozone-manager-1.4.0-SNAPSHOT.jar:?]
	at org.apache.hadoop.ozone.om.OmMetadataReader.getFileStatus(OmMetadataReader.java:262) ~[ozone-manager-1.4.0-SNAPSHOT.jar:?]
	at org.apache.hadoop.ozone.om.OzoneManager.getFileStatus(OzoneManager.java:3530) ~[ozone-manager-1.4.0-SNAPSHOT.jar:?]
	at org.apache.hadoop.ozone.protocolPB.OzoneManagerRequestHandler.getOzoneFileStatus(OzoneManagerRequestHandler.java:971) ~[ozone-manager-1.4.0-SNAPSHOT.jar:?]
	at org.apache.hadoop.ozone.protocolPB.OzoneManagerRequestHandler.handleReadRequest(OzoneManagerRequestHandler.java:250) ~[ozone-manager-1.4.0-SNAPSHOT.jar:?]
	at org.apache.hadoop.ozone.protocolPB.OzoneManagerProtocolServerSideTranslatorPB.submitReadRequestToOM(OzoneManagerProtocolServerSideTranslatorPB.java:225) ~[ozone-manager-1.4.0-SNAPSHOT.jar:?]
	at org.apache.hadoop.ozone.protocolPB.OzoneManagerProtocolServerSideTranslatorPB.processRequest(OzoneManagerProtocolServerSideTranslatorPB.java:179) ~[ozone-manager-1.4.0-SNAPSHOT.jar:?]
	at org.apache.hadoop.hdds.server.OzoneProtocolMessageDispatcher.processRequest(OzoneProtocolMessageDispatcher.java:87) [hdds-server-framework-1.4.0-SNAPSHOT.jar:?]
	at org.apache.hadoop.ozone.protocolPB.OzoneManagerProtocolServerSideTranslatorPB.submitRequest(OzoneManagerProtocolServerSideTranslatorPB.java:148) [ozone-manager-1.4.0-SNAPSHOT.jar:?]
	at org.apache.hadoop.ozone.protocol.proto.OzoneManagerProtocolProtos$OzoneManagerService$2.callBlockingMethod(OzoneManagerProtocolProtos.java) [ozone-interface-client-1.4.0-SNAPSHOT.jar:?]
	at org.apache.hadoop.ipc.ProtobufRpcEngine$Server.processCall(ProtobufRpcEngine.java:484) [hadoop-common-3.3.6.jar:?]
	at org.apache.hadoop.ipc.ProtobufRpcEngine2$Server$ProtoBufRpcInvoker.call(ProtobufRpcEngine2.java:595) [hadoop-common-3.3.6.jar:?]
	at org.apache.hadoop.ipc.ProtobufRpcEngine2$Server$ProtoBufRpcInvoker.call(ProtobufRpcEngine2.java:573) [hadoop-common-3.3.6.jar:?]
	at org.apache.hadoop.ipc.RPC$Server.call(RPC.java:1227) [hadoop-common-3.3.6.jar:?]
	at org.apache.hadoop.ipc.Server$RpcCall.run(Server.java:1094) [hadoop-common-3.3.6.jar:?]
	at org.apache.hadoop.ipc.Server$RpcCall.run(Server.java:1017) [hadoop-common-3.3.6.jar:?]
	at java.security.AccessController.doPrivileged(Native Method) ~[?:1.8.0_382]
	at javax.security.auth.Subject.doAs(Subject.java:422) [?:1.8.0_382]
	at org.apache.hadoop.security.UserGroupInformation.doAs(UserGroupInformation.java:1899) [hadoop-common-3.3.6.jar:?]
	at org.apache.hadoop.ipc.Server$Handler.run(Server.java:3048) [hadoop-common-3.3.6.jar:?]
20:31:07.028 [IPC Server handler 17 on default port 15110] ERROR OMAudit - user=runner | ip=127.0.0.1 | op=GET_FILE_STATUS {volume=volume50105, bucket=bucket55116, key=testBatchDelete/parent/child3, dataSize=0, replicationConfig=null} | ret=FAILURE
org.apache.hadoop.ozone.om.exceptions.OMException: Unable to get file status: volume: volume50105 bucket: bucket55116 key: testBatchDelete/parent/child3
	at org.apache.hadoop.ozone.om.KeyManagerImpl.getOzoneFileStatus(KeyManagerImpl.java:1195) ~[ozone-manager-1.4.0-SNAPSHOT.jar:?]
	at org.apache.hadoop.ozone.om.KeyManagerImpl.getFileStatus(KeyManagerImpl.java:1113) ~[ozone-manager-1.4.0-SNAPSHOT.jar:?]
	at org.apache.hadoop.ozone.om.OmMetadataReader.getFileStatus(OmMetadataReader.java:262) ~[ozone-manager-1.4.0-SNAPSHOT.jar:?]
	at org.apache.hadoop.ozone.om.OzoneManager.getFileStatus(OzoneManager.java:3530) ~[ozone-manager-1.4.0-SNAPSHOT.jar:?]
	at org.apache.hadoop.ozone.protocolPB.OzoneManagerRequestHandler.getOzoneFileStatus(OzoneManagerRequestHandler.java:971) ~[ozone-manager-1.4.0-SNAPSHOT.jar:?]
	at org.apache.hadoop.ozone.protocolPB.OzoneManagerRequestHandler.handleReadRequest(OzoneManagerRequestHandler.java:250) ~[ozone-manager-1.4.0-SNAPSHOT.jar:?]
	at org.apache.hadoop.ozone.protocolPB.OzoneManagerProtocolServerSideTranslatorPB.submitReadRequestToOM(OzoneManagerProtocolServerSideTranslatorPB.java:225) ~[ozone-manager-1.4.0-SNAPSHOT.jar:?]
	at org.apache.hadoop.ozone.protocolPB.OzoneManagerProtocolServerSideTranslatorPB.processRequest(OzoneManagerProtocolServerSideTranslatorPB.java:179) ~[ozone-manager-1.4.0-SNAPSHOT.jar:?]
	at org.apache.hadoop.hdds.server.OzoneProtocolMessageDispatcher.processRequest(OzoneProtocolMessageDispatcher.java:87) [hdds-server-framework-1.4.0-SNAPSHOT.jar:?]
	at org.apache.hadoop.ozone.protocolPB.OzoneManagerProtocolServerSideTranslatorPB.submitRequest(OzoneManagerProtocolServerSideTranslatorPB.java:148) [ozone-manager-1.4.0-SNAPSHOT.jar:?]
	at org.apache.hadoop.ozone.protocol.proto.OzoneManagerProtocolProtos$OzoneManagerService$2.callBlockingMethod(OzoneManagerProtocolProtos.java) [ozone-interface-client-1.4.0-SNAPSHOT.jar:?]
	at org.apache.hadoop.ipc.ProtobufRpcEngine$Server.processCall(ProtobufRpcEngine.java:484) [hadoop-common-3.3.6.jar:?]
	at org.apache.hadoop.ipc.ProtobufRpcEngine2$Server$ProtoBufRpcInvoker.call(ProtobufRpcEngine2.java:595) [hadoop-common-3.3.6.jar:?]
	at org.apache.hadoop.ipc.ProtobufRpcEngine2$Server$ProtoBufRpcInvoker.call(ProtobufRpcEngine2.java:573) [hadoop-common-3.3.6.jar:?]
	at org.apache.hadoop.ipc.RPC$Server.call(RPC.java:1227) [hadoop-common-3.3.6.jar:?]
	at org.apache.hadoop.ipc.Server$RpcCall.run(Server.java:1094) [hadoop-common-3.3.6.jar:?]
	at org.apache.hadoop.ipc.Server$RpcCall.run(Server.java:1017) [hadoop-common-3.3.6.jar:?]
	at java.security.AccessController.doPrivileged(Native Method) ~[?:1.8.0_382]
	at javax.security.auth.Subject.doAs(Subject.java:422) [?:1.8.0_382]
	at org.apache.hadoop.security.UserGroupInformation.doAs(UserGroupInformation.java:1899) [hadoop-common-3.3.6.jar:?]
	at org.apache.hadoop.ipc.Server$Handler.run(Server.java:3048) [hadoop-common-3.3.6.jar:?]
20:31:07.029 [IPC Server handler 18 on default port 15110] ERROR OMAudit - user=runner | ip=127.0.0.1 | op=GET_FILE_STATUS {volume=volume50105, bucket=bucket55116, key=testBatchDelete/parent/childFolder/child3, dataSize=0, replicationConfig=null} | ret=FAILURE
org.apache.hadoop.ozone.om.exceptions.OMException: Unable to get file status: volume: volume50105 bucket: bucket55116 key: testBatchDelete/parent/childFolder/child3
	at org.apache.hadoop.ozone.om.KeyManagerImpl.getOzoneFileStatus(KeyManagerImpl.java:1195) ~[ozone-manager-1.4.0-SNAPSHOT.jar:?]
	at org.apache.hadoop.ozone.om.KeyManagerImpl.getFileStatus(KeyManagerImpl.java:1113) ~[ozone-manager-1.4.0-SNAPSHOT.jar:?]
	at org.apache.hadoop.ozone.om.OmMetadataReader.getFileStatus(OmMetadataReader.java:262) ~[ozone-manager-1.4.0-SNAPSHOT.jar:?]
	at org.apache.hadoop.ozone.om.OzoneManager.getFileStatus(OzoneManager.java:3530) ~[ozone-manager-1.4.0-SNAPSHOT.jar:?]
	at org.apache.hadoop.ozone.protocolPB.OzoneManagerRequestHandler.getOzoneFileStatus(OzoneManagerRequestHandler.java:971) ~[ozone-manager-1.4.0-SNAPSHOT.jar:?]
	at org.apache.hadoop.ozone.protocolPB.OzoneManagerRequestHandler.handleReadRequest(OzoneManagerRequestHandler.java:250) ~[ozone-manager-1.4.0-SNAPSHOT.jar:?]
	at org.apache.hadoop.ozone.protocolPB.OzoneManagerProtocolServerSideTranslatorPB.submitReadRequestToOM(OzoneManagerProtocolServerSideTranslatorPB.java:225) ~[ozone-manager-1.4.0-SNAPSHOT.jar:?]
	at org.apache.hadoop.ozone.protocolPB.OzoneManagerProtocolServerSideTranslatorPB.processRequest(OzoneManagerProtocolServerSideTranslatorPB.java:179) ~[ozone-manager-1.4.0-SNAPSHOT.jar:?]
	at org.apache.hadoop.hdds.server.OzoneProtocolMessageDispatcher.processRequest(OzoneProtocolMessageDispatcher.java:87) [hdds-server-framework-1.4.0-SNAPSHOT.jar:?]
	at org.apache.hadoop.ozone.protocolPB.OzoneManagerProtocolServerSideTranslatorPB.submitRequest(OzoneManagerProtocolServerSideTranslatorPB.java:148) [ozone-manager-1.4.0-SNAPSHOT.jar:?]
	at org.apache.hadoop.ozone.protocol.proto.OzoneManagerProtocolProtos$OzoneManagerService$2.callBlockingMethod(OzoneManagerProtocolProtos.java) [ozone-interface-client-1.4.0-SNAPSHOT.jar:?]
	at org.apache.hadoop.ipc.ProtobufRpcEngine$Server.processCall(ProtobufRpcEngine.java:484) [hadoop-common-3.3.6.jar:?]
	at org.apache.hadoop.ipc.ProtobufRpcEngine2$Server$ProtoBufRpcInvoker.call(ProtobufRpcEngine2.java:595) [hadoop-common-3.3.6.jar:?]
	at org.apache.hadoop.ipc.ProtobufRpcEngine2$Server$ProtoBufRpcInvoker.call(ProtobufRpcEngine2.java:573) [hadoop-common-3.3.6.jar:?]
	at org.apache.hadoop.ipc.RPC$Server.call(RPC.java:1227) [hadoop-common-3.3.6.jar:?]
	at org.apache.hadoop.ipc.Server$RpcCall.run(Server.java:1094) [hadoop-common-3.3.6.jar:?]
	at org.apache.hadoop.ipc.Server$RpcCall.run(Server.java:1017) [hadoop-common-3.3.6.jar:?]
	at java.security.AccessController.doPrivileged(Native Method) ~[?:1.8.0_382]
	at javax.security.auth.Subject.doAs(Subject.java:422) [?:1.8.0_382]
	at org.apache.hadoop.security.UserGroupInformation.doAs(UserGroupInformation.java:1899) [hadoop-common-3.3.6.jar:?]
	at org.apache.hadoop.ipc.Server$Handler.run(Server.java:3048) [hadoop-common-3.3.6.jar:?]
20:31:07.030 [IPC Server handler 16 on default port 15110] ERROR OMAudit - user=runner | ip=127.0.0.1 | op=GET_FILE_STATUS {volume=volume50105, bucket=bucket55116, key=testBatchDelete/parent/child4, dataSize=0, replicationConfig=null} | ret=FAILURE
org.apache.hadoop.ozone.om.exceptions.OMException: Unable to get file status: volume: volume50105 bucket: bucket55116 key: testBatchDelete/parent/child4
	at org.apache.hadoop.ozone.om.KeyManagerImpl.getOzoneFileStatus(KeyManagerImpl.java:1195) ~[ozone-manager-1.4.0-SNAPSHOT.jar:?]
	at org.apache.hadoop.ozone.om.KeyManagerImpl.getFileStatus(KeyManagerImpl.java:1113) ~[ozone-manager-1.4.0-SNAPSHOT.jar:?]
	at org.apache.hadoop.ozone.om.OmMetadataReader.getFileStatus(OmMetadataReader.java:262) ~[ozone-manager-1.4.0-SNAPSHOT.jar:?]
	at org.apache.hadoop.ozone.om.OzoneManager.getFileStatus(OzoneManager.java:3530) ~[ozone-manager-1.4.0-SNAPSHOT.jar:?]
	at org.apache.hadoop.ozone.protocolPB.OzoneManagerRequestHandler.getOzoneFileStatus(OzoneManagerRequestHandler.java:971) ~[ozone-manager-1.4.0-SNAPSHOT.jar:?]
	at org.apache.hadoop.ozone.protocolPB.OzoneManagerRequestHandler.handleReadRequest(OzoneManagerRequestHandler.java:250) ~[ozone-manager-1.4.0-SNAPSHOT.jar:?]
	at org.apache.hadoop.ozone.protocolPB.OzoneManagerProtocolServerSideTranslatorPB.submitReadRequestToOM(OzoneManagerProtocolServerSideTranslatorPB.java:225) ~[ozone-manager-1.4.0-SNAPSHOT.jar:?]
	at org.apache.hadoop.ozone.protocolPB.OzoneManagerProtocolServerSideTranslatorPB.processRequest(OzoneManagerProtocolServerSideTranslatorPB.java:179) ~[ozone-manager-1.4.0-SNAPSHOT.jar:?]
	at org.apache.hadoop.hdds.server.OzoneProtocolMessageDispatcher.processRequest(OzoneProtocolMessageDispatcher.java:87) [hdds-server-framework-1.4.0-SNAPSHOT.jar:?]
	at org.apache.hadoop.ozone.protocolPB.OzoneManagerProtocolServerSideTranslatorPB.submitRequest(OzoneManagerProtocolServerSideTranslatorPB.java:148) [ozone-manager-1.4.0-SNAPSHOT.jar:?]
	at org.apache.hadoop.ozone.protocol.proto.OzoneManagerProtocolProtos$OzoneManagerService$2.callBlockingMethod(OzoneManagerProtocolProtos.java) [ozone-interface-client-1.4.0-SNAPSHOT.jar:?]
	at org.apache.hadoop.ipc.ProtobufRpcEngine$Server.processCall(ProtobufRpcEngine.java:484) [hadoop-common-3.3.6.jar:?]
	at org.apache.hadoop.ipc.ProtobufRpcEngine2$Server$ProtoBufRpcInvoker.call(ProtobufRpcEngine2.java:595) [hadoop-common-3.3.6.jar:?]
	at org.apache.hadoop.ipc.ProtobufRpcEngine2$Server$ProtoBufRpcInvoker.call(ProtobufRpcEngine2.java:573) [hadoop-common-3.3.6.jar:?]
	at org.apache.hadoop.ipc.RPC$Server.call(RPC.java:1227) [hadoop-common-3.3.6.jar:?]
	at org.apache.hadoop.ipc.Server$RpcCall.run(Server.java:1094) [hadoop-common-3.3.6.jar:?]
	at org.apache.hadoop.ipc.Server$RpcCall.run(Server.java:1017) [hadoop-common-3.3.6.jar:?]
	at java.security.AccessController.doPrivileged(Native Method) ~[?:1.8.0_382]
	at javax.security.auth.Subject.doAs(Subject.java:422) [?:1.8.0_382]
	at org.apache.hadoop.security.UserGroupInformation.doAs(UserGroupInformation.java:1899) [hadoop-common-3.3.6.jar:?]
	at org.apache.hadoop.ipc.Server$Handler.run(Server.java:3048) [hadoop-common-3.3.6.jar:?]
20:31:07.031 [IPC Server handler 19 on default port 15110] ERROR OMAudit - user=runner | ip=127.0.0.1 | op=GET_FILE_STATUS {volume=volume50105, bucket=bucket55116, key=testBatchDelete/parent/childFolder/child4, dataSize=0, replicationConfig=null} | ret=FAILURE
org.apache.hadoop.ozone.om.exceptions.OMException: Unable to get file status: volume: volume50105 bucket: bucket55116 key: testBatchDelete/parent/childFolder/child4
	at org.apache.hadoop.ozone.om.KeyManagerImpl.getOzoneFileStatus(KeyManagerImpl.java:1195) ~[ozone-manager-1.4.0-SNAPSHOT.jar:?]
	at org.apache.hadoop.ozone.om.KeyManagerImpl.getFileStatus(KeyManagerImpl.java:1113) ~[ozone-manager-1.4.0-SNAPSHOT.jar:?]
	at org.apache.hadoop.ozone.om.OmMetadataReader.getFileStatus(OmMetadataReader.java:262) ~[ozone-manager-1.4.0-SNAPSHOT.jar:?]
	at org.apache.hadoop.ozone.om.OzoneManager.getFileStatus(OzoneManager.java:3530) ~[ozone-manager-1.4.0-SNAPSHOT.jar:?]
	at org.apache.hadoop.ozone.protocolPB.OzoneManagerRequestHandler.getOzoneFileStatus(OzoneManagerRequestHandler.java:971) ~[ozone-manager-1.4.0-SNAPSHOT.jar:?]
	at org.apache.hadoop.ozone.protocolPB.OzoneManagerRequestHandler.handleReadRequest(OzoneManagerRequestHandler.java:250) ~[ozone-manager-1.4.0-SNAPSHOT.jar:?]
	at org.apache.hadoop.ozone.protocolPB.OzoneManagerProtocolServerSideTranslatorPB.submitReadRequestToOM(OzoneManagerProtocolServerSideTranslatorPB.java:225) ~[ozone-manager-1.4.0-SNAPSHOT.jar:?]
	at org.apache.hadoop.ozone.protocolPB.OzoneManagerProtocolServerSideTranslatorPB.processRequest(OzoneManagerProtocolServerSideTranslatorPB.java:179) ~[ozone-manager-1.4.0-SNAPSHOT.jar:?]
	at org.apache.hadoop.hdds.server.OzoneProtocolMessageDispatcher.processRequest(OzoneProtocolMessageDispatcher.java:87) [hdds-server-framework-1.4.0-SNAPSHOT.jar:?]
	at org.apache.hadoop.ozone.protocolPB.OzoneManagerProtocolServerSideTranslatorPB.submitRequest(OzoneManagerProtocolServerSideTranslatorPB.java:148) [ozone-manager-1.4.0-SNAPSHOT.jar:?]
	at org.apache.hadoop.ozone.protocol.proto.OzoneManagerProtocolProtos$OzoneManagerService$2.callBlockingMethod(OzoneManagerProtocolProtos.java) [ozone-interface-client-1.4.0-SNAPSHOT.jar:?]
	at org.apache.hadoop.ipc.ProtobufRpcEngine$Server.processCall(ProtobufRpcEngine.java:484) [hadoop-common-3.3.6.jar:?]
	at org.apache.hadoop.ipc.ProtobufRpcEngine2$Server$ProtoBufRpcInvoker.call(ProtobufRpcEngine2.java:595) [hadoop-common-3.3.6.jar:?]
	at org.apache.hadoop.ipc.ProtobufRpcEngine2$Server$ProtoBufRpcInvoker.call(ProtobufRpcEngine2.java:573) [hadoop-common-3.3.6.jar:?]
	at org.apache.hadoop.ipc.RPC$Server.call(RPC.java:1227) [hadoop-common-3.3.6.jar:?]
	at org.apache.hadoop.ipc.Server$RpcCall.run(Server.java:1094) [hadoop-common-3.3.6.jar:?]
	at org.apache.hadoop.ipc.Server$RpcCall.run(Server.java:1017) [hadoop-common-3.3.6.jar:?]
	at java.security.AccessController.doPrivileged(Native Method) ~[?:1.8.0_382]
	at javax.security.auth.Subject.doAs(Subject.java:422) [?:1.8.0_382]
	at org.apache.hadoop.security.UserGroupInformation.doAs(UserGroupInformation.java:1899) [hadoop-common-3.3.6.jar:?]
	at org.apache.hadoop.ipc.Server$Handler.run(Server.java:3048) [hadoop-common-3.3.6.jar:?]
20:31:07.032 [IPC Server handler 0 on default port 15110] ERROR OMAudit - user=runner | ip=127.0.0.1 | op=GET_FILE_STATUS {volume=volume50105, bucket=bucket55116, key=testBatchDelete/parent/child5, dataSize=0, replicationConfig=null} | ret=FAILURE
org.apache.hadoop.ozone.om.exceptions.OMException: Unable to get file status: volume: volume50105 bucket: bucket55116 key: testBatchDelete/parent/child5
	at org.apache.hadoop.ozone.om.KeyManagerImpl.getOzoneFileStatus(KeyManagerImpl.java:1195) ~[ozone-manager-1.4.0-SNAPSHOT.jar:?]
	at org.apache.hadoop.ozone.om.KeyManagerImpl.getFileStatus(KeyManagerImpl.java:1113) ~[ozone-manager-1.4.0-SNAPSHOT.jar:?]
	at org.apache.hadoop.ozone.om.OmMetadataReader.getFileStatus(OmMetadataReader.java:262) ~[ozone-manager-1.4.0-SNAPSHOT.jar:?]
	at org.apache.hadoop.ozone.om.OzoneManager.getFileStatus(OzoneManager.java:3530) ~[ozone-manager-1.4.0-SNAPSHOT.jar:?]
	at org.apache.hadoop.ozone.protocolPB.OzoneManagerRequestHandler.getOzoneFileStatus(OzoneManagerRequestHandler.java:971) ~[ozone-manager-1.4.0-SNAPSHOT.jar:?]
	at org.apache.hadoop.ozone.protocolPB.OzoneManagerRequestHandler.handleReadRequest(OzoneManagerRequestHandler.java:250) ~[ozone-manager-1.4.0-SNAPSHOT.jar:?]
	at org.apache.hadoop.ozone.protocolPB.OzoneManagerProtocolServerSideTranslatorPB.submitReadRequestToOM(OzoneManagerProtocolServerSideTranslatorPB.java:225) ~[ozone-manager-1.4.0-SNAPSHOT.jar:?]
	at org.apache.hadoop.ozone.protocolPB.OzoneManagerProtocolServerSideTranslatorPB.processRequest(OzoneManagerProtocolServerSideTranslatorPB.java:179) ~[ozone-manager-1.4.0-SNAPSHOT.jar:?]
	at org.apache.hadoop.hdds.server.OzoneProtocolMessageDispatcher.processRequest(OzoneProtocolMessageDispatcher.java:87) [hdds-server-framework-1.4.0-SNAPSHOT.jar:?]
	at org.apache.hadoop.ozone.protocolPB.OzoneManagerProtocolServerSideTranslatorPB.submitRequest(OzoneManagerProtocolServerSideTranslatorPB.java:148) [ozone-manager-1.4.0-SNAPSHOT.jar:?]
	at org.apache.hadoop.ozone.protocol.proto.OzoneManagerProtocolProtos$OzoneManagerService$2.callBlockingMethod(OzoneManagerProtocolProtos.java) [ozone-interface-client-1.4.0-SNAPSHOT.jar:?]
	at org.apache.hadoop.ipc.ProtobufRpcEngine$Server.processCall(ProtobufRpcEngine.java:484) [hadoop-common-3.3.6.jar:?]
	at org.apache.hadoop.ipc.ProtobufRpcEngine2$Server$ProtoBufRpcInvoker.call(ProtobufRpcEngine2.java:595) [hadoop-common-3.3.6.jar:?]
	at org.apache.hadoop.ipc.ProtobufRpcEngine2$Server$ProtoBufRpcInvoker.call(ProtobufRpcEngine2.java:573) [hadoop-common-3.3.6.jar:?]
	at org.apache.hadoop.ipc.RPC$Server.call(RPC.java:1227) [hadoop-common-3.3.6.jar:?]
	at org.apache.hadoop.ipc.Server$RpcCall.run(Server.java:1094) [hadoop-common-3.3.6.jar:?]
	at org.apache.hadoop.ipc.Server$RpcCall.run(Server.java:1017) [hadoop-common-3.3.6.jar:?]
	at java.security.AccessController.doPrivileged(Native Method) ~[?:1.8.0_382]
	at javax.security.auth.Subject.doAs(Subject.java:422) [?:1.8.0_382]
	at org.apache.hadoop.security.UserGroupInformation.doAs(UserGroupInformation.java:1899) [hadoop-common-3.3.6.jar:?]
	at org.apache.hadoop.ipc.Server$Handler.run(Server.java:3048) [hadoop-common-3.3.6.jar:?]
20:31:07.033 [IPC Server handler 2 on default port 15110] ERROR OMAudit - user=runner | ip=127.0.0.1 | op=GET_FILE_STATUS {volume=volume50105, bucket=bucket55116, key=testBatchDelete/parent/childFolder/child5, dataSize=0, replicationConfig=null} | ret=FAILURE
org.apache.hadoop.ozone.om.exceptions.OMException: Unable to get file status: volume: volume50105 bucket: bucket55116 key: testBatchDelete/parent/childFolder/child5
	at org.apache.hadoop.ozone.om.KeyManagerImpl.getOzoneFileStatus(KeyManagerImpl.java:1195) ~[ozone-manager-1.4.0-SNAPSHOT.jar:?]
	at org.apache.hadoop.ozone.om.KeyManagerImpl.getFileStatus(KeyManagerImpl.java:1113) ~[ozone-manager-1.4.0-SNAPSHOT.jar:?]
	at org.apache.hadoop.ozone.om.OmMetadataReader.getFileStatus(OmMetadataReader.java:262) ~[ozone-manager-1.4.0-SNAPSHOT.jar:?]
	at org.apache.hadoop.ozone.om.OzoneManager.getFileStatus(OzoneManager.java:3530) ~[ozone-manager-1.4.0-SNAPSHOT.jar:?]
	at org.apache.hadoop.ozone.protocolPB.OzoneManagerRequestHandler.getOzoneFileStatus(OzoneManagerRequestHandler.java:971) ~[ozone-manager-1.4.0-SNAPSHOT.jar:?]
	at org.apache.hadoop.ozone.protocolPB.OzoneManagerRequestHandler.handleReadRequest(OzoneManagerRequestHandler.java:250) ~[ozone-manager-1.4.0-SNAPSHOT.jar:?]
	at org.apache.hadoop.ozone.protocolPB.OzoneManagerProtocolServerSideTranslatorPB.submitReadRequestToOM(OzoneManagerProtocolServerSideTranslatorPB.java:225) ~[ozone-manager-1.4.0-SNAPSHOT.jar:?]
	at org.apache.hadoop.ozone.protocolPB.OzoneManagerProtocolServerSideTranslatorPB.processRequest(OzoneManagerProtocolServerSideTranslatorPB.java:179) ~[ozone-manager-1.4.0-SNAPSHOT.jar:?]
	at org.apache.hadoop.hdds.server.OzoneProtocolMessageDispatcher.processRequest(OzoneProtocolMessageDispatcher.java:87) [hdds-server-framework-1.4.0-SNAPSHOT.jar:?]
	at org.apache.hadoop.ozone.protocolPB.OzoneManagerProtocolServerSideTranslatorPB.submitRequest(OzoneManagerProtocolServerSideTranslatorPB.java:148) [ozone-manager-1.4.0-SNAPSHOT.jar:?]
	at org.apache.hadoop.ozone.protocol.proto.OzoneManagerProtocolProtos$OzoneManagerService$2.callBlockingMethod(OzoneManagerProtocolProtos.java) [ozone-interface-client-1.4.0-SNAPSHOT.jar:?]
	at org.apache.hadoop.ipc.ProtobufRpcEngine$Server.processCall(ProtobufRpcEngine.java:484) [hadoop-common-3.3.6.jar:?]
	at org.apache.hadoop.ipc.ProtobufRpcEngine2$Server$ProtoBufRpcInvoker.call(ProtobufRpcEngine2.java:595) [hadoop-common-3.3.6.jar:?]
	at org.apache.hadoop.ipc.ProtobufRpcEngine2$Server$ProtoBufRpcInvoker.call(ProtobufRpcEngine2.java:573) [hadoop-common-3.3.6.jar:?]
	at org.apache.hadoop.ipc.RPC$Server.call(RPC.java:1227) [hadoop-common-3.3.6.jar:?]
	at org.apache.hadoop.ipc.Server$RpcCall.run(Server.java:1094) [hadoop-common-3.3.6.jar:?]
	at org.apache.hadoop.ipc.Server$RpcCall.run(Server.java:1017) [hadoop-common-3.3.6.jar:?]
	at java.security.AccessController.doPrivileged(Native Method) ~[?:1.8.0_382]
	at javax.security.auth.Subject.doAs(Subject.java:422) [?:1.8.0_382]
	at org.apache.hadoop.security.UserGroupInformation.doAs(UserGroupInformation.java:1899) [hadoop-common-3.3.6.jar:?]
	at org.apache.hadoop.ipc.Server$Handler.run(Server.java:3048) [hadoop-common-3.3.6.jar:?]
20:31:07.035 [IPC Server handler 4 on default port 15110] ERROR OMAudit - user=runner | ip=127.0.0.1 | op=GET_FILE_STATUS {volume=volume50105, bucket=bucket55116, key=testBatchDelete/parent/child6, dataSize=0, replicationConfig=null} | ret=FAILURE
org.apache.hadoop.ozone.om.exceptions.OMException: Unable to get file status: volume: volume50105 bucket: bucket55116 key: testBatchDelete/parent/child6
	at org.apache.hadoop.ozone.om.KeyManagerImpl.getOzoneFileStatus(KeyManagerImpl.java:1195) ~[ozone-manager-1.4.0-SNAPSHOT.jar:?]
	at org.apache.hadoop.ozone.om.KeyManagerImpl.getFileStatus(KeyManagerImpl.java:1113) ~[ozone-manager-1.4.0-SNAPSHOT.jar:?]
	at org.apache.hadoop.ozone.om.OmMetadataReader.getFileStatus(OmMetadataReader.java:262) ~[ozone-manager-1.4.0-SNAPSHOT.jar:?]
	at org.apache.hadoop.ozone.om.OzoneManager.getFileStatus(OzoneManager.java:3530) ~[ozone-manager-1.4.0-SNAPSHOT.jar:?]
	at org.apache.hadoop.ozone.protocolPB.OzoneManagerRequestHandler.getOzoneFileStatus(OzoneManagerRequestHandler.java:971) ~[ozone-manager-1.4.0-SNAPSHOT.jar:?]
	at org.apache.hadoop.ozone.protocolPB.OzoneManagerRequestHandler.handleReadRequest(OzoneManagerRequestHandler.java:250) ~[ozone-manager-1.4.0-SNAPSHOT.jar:?]
	at org.apache.hadoop.ozone.protocolPB.OzoneManagerProtocolServerSideTranslatorPB.submitReadRequestToOM(OzoneManagerProtocolServerSideTranslatorPB.java:225) ~[ozone-manager-1.4.0-SNAPSHOT.jar:?]
	at org.apache.hadoop.ozone.protocolPB.OzoneManagerProtocolServerSideTranslatorPB.processRequest(OzoneManagerProtocolServerSideTranslatorPB.java:179) ~[ozone-manager-1.4.0-SNAPSHOT.jar:?]
	at org.apache.hadoop.hdds.server.OzoneProtocolMessageDispatcher.processRequest(OzoneProtocolMessageDispatcher.java:87) [hdds-server-framework-1.4.0-SNAPSHOT.jar:?]
	at org.apache.hadoop.ozone.protocolPB.OzoneManagerProtocolServerSideTranslatorPB.submitRequest(OzoneManagerProtocolServerSideTranslatorPB.java:148) [ozone-manager-1.4.0-SNAPSHOT.jar:?]
	at org.apache.hadoop.ozone.protocol.proto.OzoneManagerProtocolProtos$OzoneManagerService$2.callBlockingMethod(OzoneManagerProtocolProtos.java) [ozone-interface-client-1.4.0-SNAPSHOT.jar:?]
	at org.apache.hadoop.ipc.ProtobufRpcEngine$Server.processCall(ProtobufRpcEngine.java:484) [hadoop-common-3.3.6.jar:?]
	at org.apache.hadoop.ipc.ProtobufRpcEngine2$Server$ProtoBufRpcInvoker.call(ProtobufRpcEngine2.java:595) [hadoop-common-3.3.6.jar:?]
	at org.apache.hadoop.ipc.ProtobufRpcEngine2$Server$ProtoBufRpcInvoker.call(ProtobufRpcEngine2.java:573) [hadoop-common-3.3.6.jar:?]
	at org.apache.hadoop.ipc.RPC$Server.call(RPC.java:1227) [hadoop-common-3.3.6.jar:?]
	at org.apache.hadoop.ipc.Server$RpcCall.run(Server.java:1094) [hadoop-common-3.3.6.jar:?]
	at org.apache.hadoop.ipc.Server$RpcCall.run(Server.java:1017) [hadoop-common-3.3.6.jar:?]
	at java.security.AccessController.doPrivileged(Native Method) ~[?:1.8.0_382]
	at javax.security.auth.Subject.doAs(Subject.java:422) [?:1.8.0_382]
	at org.apache.hadoop.security.UserGroupInformation.doAs(UserGroupInformation.java:1899) [hadoop-common-3.3.6.jar:?]
	at org.apache.hadoop.ipc.Server$Handler.run(Server.java:3048) [hadoop-common-3.3.6.jar:?]
20:31:07.036 [IPC Server handler 1 on default port 15110] ERROR OMAudit - user=runner | ip=127.0.0.1 | op=GET_FILE_STATUS {volume=volume50105, bucket=bucket55116, key=testBatchDelete/parent/childFolder/child6, dataSize=0, replicationConfig=null} | ret=FAILURE
org.apache.hadoop.ozone.om.exceptions.OMException: Unable to get file status: volume: volume50105 bucket: bucket55116 key: testBatchDelete/parent/childFolder/child6
	at org.apache.hadoop.ozone.om.KeyManagerImpl.getOzoneFileStatus(KeyManagerImpl.java:1195) ~[ozone-manager-1.4.0-SNAPSHOT.jar:?]
	at org.apache.hadoop.ozone.om.KeyManagerImpl.getFileStatus(KeyManagerImpl.java:1113) ~[ozone-manager-1.4.0-SNAPSHOT.jar:?]
	at org.apache.hadoop.ozone.om.OmMetadataReader.getFileStatus(OmMetadataReader.java:262) ~[ozone-manager-1.4.0-SNAPSHOT.jar:?]
	at org.apache.hadoop.ozone.om.OzoneManager.getFileStatus(OzoneManager.java:3530) ~[ozone-manager-1.4.0-SNAPSHOT.jar:?]
	at org.apache.hadoop.ozone.protocolPB.OzoneManagerRequestHandler.getOzoneFileStatus(OzoneManagerRequestHandler.java:971) ~[ozone-manager-1.4.0-SNAPSHOT.jar:?]
	at org.apache.hadoop.ozone.protocolPB.OzoneManagerRequestHandler.handleReadRequest(OzoneManagerRequestHandler.java:250) ~[ozone-manager-1.4.0-SNAPSHOT.jar:?]
	at org.apache.hadoop.ozone.protocolPB.OzoneManagerProtocolServerSideTranslatorPB.submitReadRequestToOM(OzoneManagerProtocolServerSideTranslatorPB.java:225) ~[ozone-manager-1.4.0-SNAPSHOT.jar:?]
	at org.apache.hadoop.ozone.protocolPB.OzoneManagerProtocolServerSideTranslatorPB.processRequest(OzoneManagerProtocolServerSideTranslatorPB.java:179) ~[ozone-manager-1.4.0-SNAPSHOT.jar:?]
	at org.apache.hadoop.hdds.server.OzoneProtocolMessageDispatcher.processRequest(OzoneProtocolMessageDispatcher.java:87) [hdds-server-framework-1.4.0-SNAPSHOT.jar:?]
	at org.apache.hadoop.ozone.protocolPB.OzoneManagerProtocolServerSideTranslatorPB.submitRequest(OzoneManagerProtocolServerSideTranslatorPB.java:148) [ozone-manager-1.4.0-SNAPSHOT.jar:?]
	at org.apache.hadoop.ozone.protocol.proto.OzoneManagerProtocolProtos$OzoneManagerService$2.callBlockingMethod(OzoneManagerProtocolProtos.java) [ozone-interface-client-1.4.0-SNAPSHOT.jar:?]
	at org.apache.hadoop.ipc.ProtobufRpcEngine$Server.processCall(ProtobufRpcEngine.java:484) [hadoop-common-3.3.6.jar:?]
	at org.apache.hadoop.ipc.ProtobufRpcEngine2$Server$ProtoBufRpcInvoker.call(ProtobufRpcEngine2.java:595) [hadoop-common-3.3.6.jar:?]
	at org.apache.hadoop.ipc.ProtobufRpcEngine2$Server$ProtoBufRpcInvoker.call(ProtobufRpcEngine2.java:573) [hadoop-common-3.3.6.jar:?]
	at org.apache.hadoop.ipc.RPC$Server.call(RPC.java:1227) [hadoop-common-3.3.6.jar:?]
	at org.apache.hadoop.ipc.Server$RpcCall.run(Server.java:1094) [hadoop-common-3.3.6.jar:?]
	at org.apache.hadoop.ipc.Server$RpcCall.run(Server.java:1017) [hadoop-common-3.3.6.jar:?]
	at java.security.AccessController.doPrivileged(Native Method) ~[?:1.8.0_382]
	at javax.security.auth.Subject.doAs(Subject.java:422) [?:1.8.0_382]
	at org.apache.hadoop.security.UserGroupInformation.doAs(UserGroupInformation.java:1899) [hadoop-common-3.3.6.jar:?]
	at org.apache.hadoop.ipc.Server$Handler.run(Server.java:3048) [hadoop-common-3.3.6.jar:?]
20:31:07.037 [IPC Server handler 8 on default port 15110] ERROR OMAudit - user=runner | ip=127.0.0.1 | op=GET_FILE_STATUS {volume=volume50105, bucket=bucket55116, key=testBatchDelete/parent/child7, dataSize=0, replicationConfig=null} | ret=FAILURE
org.apache.hadoop.ozone.om.exceptions.OMException: Unable to get file status: volume: volume50105 bucket: bucket55116 key: testBatchDelete/parent/child7
	at org.apache.hadoop.ozone.om.KeyManagerImpl.getOzoneFileStatus(KeyManagerImpl.java:1195) ~[ozone-manager-1.4.0-SNAPSHOT.jar:?]
	at org.apache.hadoop.ozone.om.KeyManagerImpl.getFileStatus(KeyManagerImpl.java:1113) ~[ozone-manager-1.4.0-SNAPSHOT.jar:?]
	at org.apache.hadoop.ozone.om.OmMetadataReader.getFileStatus(OmMetadataReader.java:262) ~[ozone-manager-1.4.0-SNAPSHOT.jar:?]
	at org.apache.hadoop.ozone.om.OzoneManager.getFileStatus(OzoneManager.java:3530) ~[ozone-manager-1.4.0-SNAPSHOT.jar:?]
	at org.apache.hadoop.ozone.protocolPB.OzoneManagerRequestHandler.getOzoneFileStatus(OzoneManagerRequestHandler.java:971) ~[ozone-manager-1.4.0-SNAPSHOT.jar:?]
	at org.apache.hadoop.ozone.protocolPB.OzoneManagerRequestHandler.handleReadRequest(OzoneManagerRequestHandler.java:250) ~[ozone-manager-1.4.0-SNAPSHOT.jar:?]
	at org.apache.hadoop.ozone.protocolPB.OzoneManagerProtocolServerSideTranslatorPB.submitReadRequestToOM(OzoneManagerProtocolServerSideTranslatorPB.java:225) ~[ozone-manager-1.4.0-SNAPSHOT.jar:?]
	at org.apache.hadoop.ozone.protocolPB.OzoneManagerProtocolServerSideTranslatorPB.processRequest(OzoneManagerProtocolServerSideTranslatorPB.java:179) ~[ozone-manager-1.4.0-SNAPSHOT.jar:?]
	at org.apache.hadoop.hdds.server.OzoneProtocolMessageDispatcher.processRequest(OzoneProtocolMessageDispatcher.java:87) [hdds-server-framework-1.4.0-SNAPSHOT.jar:?]
	at org.apache.hadoop.ozone.protocolPB.OzoneManagerProtocolServerSideTranslatorPB.submitRequest(OzoneManagerProtocolServerSideTranslatorPB.java:148) [ozone-manager-1.4.0-SNAPSHOT.jar:?]
	at org.apache.hadoop.ozone.protocol.proto.OzoneManagerProtocolProtos$OzoneManagerService$2.callBlockingMethod(OzoneManagerProtocolProtos.java) [ozone-interface-client-1.4.0-SNAPSHOT.jar:?]
	at org.apache.hadoop.ipc.ProtobufRpcEngine$Server.processCall(ProtobufRpcEngine.java:484) [hadoop-common-3.3.6.jar:?]
	at org.apache.hadoop.ipc.ProtobufRpcEngine2$Server$ProtoBufRpcInvoker.call(ProtobufRpcEngine2.java:595) [hadoop-common-3.3.6.jar:?]
	at org.apache.hadoop.ipc.ProtobufRpcEngine2$Server$ProtoBufRpcInvoker.call(ProtobufRpcEngine2.java:573) [hadoop-common-3.3.6.jar:?]
	at org.apache.hadoop.ipc.RPC$Server.call(RPC.java:1227) [hadoop-common-3.3.6.jar:?]
	at org.apache.hadoop.ipc.Server$RpcCall.run(Server.java:1094) [hadoop-common-3.3.6.jar:?]
	at org.apache.hadoop.ipc.Server$RpcCall.run(Server.java:1017) [hadoop-common-3.3.6.jar:?]
	at java.security.AccessController.doPrivileged(Native Method) ~[?:1.8.0_382]
	at javax.security.auth.Subject.doAs(Subject.java:422) [?:1.8.0_382]
	at org.apache.hadoop.security.UserGroupInformation.doAs(UserGroupInformation.java:1899) [hadoop-common-3.3.6.jar:?]
	at org.apache.hadoop.ipc.Server$Handler.run(Server.java:3048) [hadoop-common-3.3.6.jar:?]
20:31:07.038 [IPC Server handler 12 on default port 15110] ERROR OMAudit - user=runner | ip=127.0.0.1 | op=GET_FILE_STATUS {volume=volume50105, bucket=bucket55116, key=testBatchDelete/parent/childFolder/child7, dataSize=0, replicationConfig=null} | ret=FAILURE
org.apache.hadoop.ozone.om.exceptions.OMException: Unable to get file status: volume: volume50105 bucket: bucket55116 key: testBatchDelete/parent/childFolder/child7
	at org.apache.hadoop.ozone.om.KeyManagerImpl.getOzoneFileStatus(KeyManagerImpl.java:1195) ~[ozone-manager-1.4.0-SNAPSHOT.jar:?]
	at org.apache.hadoop.ozone.om.KeyManagerImpl.getFileStatus(KeyManagerImpl.java:1113) ~[ozone-manager-1.4.0-SNAPSHOT.jar:?]
	at org.apache.hadoop.ozone.om.OmMetadataReader.getFileStatus(OmMetadataReader.java:262) ~[ozone-manager-1.4.0-SNAPSHOT.jar:?]
	at org.apache.hadoop.ozone.om.OzoneManager.getFileStatus(OzoneManager.java:3530) ~[ozone-manager-1.4.0-SNAPSHOT.jar:?]
	at org.apache.hadoop.ozone.protocolPB.OzoneManagerRequestHandler.getOzoneFileStatus(OzoneManagerRequestHandler.java:971) ~[ozone-manager-1.4.0-SNAPSHOT.jar:?]
	at org.apache.hadoop.ozone.protocolPB.OzoneManagerRequestHandler.handleReadRequest(OzoneManagerRequestHandler.java:250) ~[ozone-manager-1.4.0-SNAPSHOT.jar:?]
	at org.apache.hadoop.ozone.protocolPB.OzoneManagerProtocolServerSideTranslatorPB.submitReadRequestToOM(OzoneManagerProtocolServerSideTranslatorPB.java:225) ~[ozone-manager-1.4.0-SNAPSHOT.jar:?]
	at org.apache.hadoop.ozone.protocolPB.OzoneManagerProtocolServerSideTranslatorPB.processRequest(OzoneManagerProtocolServerSideTranslatorPB.java:179) ~[ozone-manager-1.4.0-SNAPSHOT.jar:?]
	at org.apache.hadoop.hdds.server.OzoneProtocolMessageDispatcher.processRequest(OzoneProtocolMessageDispatcher.java:87) [hdds-server-framework-1.4.0-SNAPSHOT.jar:?]
	at org.apache.hadoop.ozone.protocolPB.OzoneManagerProtocolServerSideTranslatorPB.submitRequest(OzoneManagerProtocolServerSideTranslatorPB.java:148) [ozone-manager-1.4.0-SNAPSHOT.jar:?]
	at org.apache.hadoop.ozone.protocol.proto.OzoneManagerProtocolProtos$OzoneManagerService$2.callBlockingMethod(OzoneManagerProtocolProtos.java) [ozone-interface-client-1.4.0-SNAPSHOT.jar:?]
	at org.apache.hadoop.ipc.ProtobufRpcEngine$Server.processCall(ProtobufRpcEngine.java:484) [hadoop-common-3.3.6.jar:?]
	at org.apache.hadoop.ipc.ProtobufRpcEngine2$Server$ProtoBufRpcInvoker.call(ProtobufRpcEngine2.java:595) [hadoop-common-3.3.6.jar:?]
	at org.apache.hadoop.ipc.ProtobufRpcEngine2$Server$ProtoBufRpcInvoker.call(ProtobufRpcEngine2.java:573) [hadoop-common-3.3.6.jar:?]
	at org.apache.hadoop.ipc.RPC$Server.call(RPC.java:1227) [hadoop-common-3.3.6.jar:?]
	at org.apache.hadoop.ipc.Server$RpcCall.run(Server.java:1094) [hadoop-common-3.3.6.jar:?]
	at org.apache.hadoop.ipc.Server$RpcCall.run(Server.java:1017) [hadoop-common-3.3.6.jar:?]
	at java.security.AccessController.doPrivileged(Native Method) ~[?:1.8.0_382]
	at javax.security.auth.Subject.doAs(Subject.java:422) [?:1.8.0_382]
	at org.apache.hadoop.security.UserGroupInformation.doAs(UserGroupInformation.java:1899) [hadoop-common-3.3.6.jar:?]
	at org.apache.hadoop.ipc.Server$Handler.run(Server.java:3048) [hadoop-common-3.3.6.jar:?]
20:31:07.039 [IPC Server handler 7 on default port 15110] ERROR OMAudit - user=runner | ip=127.0.0.1 | op=GET_FILE_STATUS {volume=volume50105, bucket=bucket55116, key=testBatchDelete/parent, dataSize=0, replicationConfig=null} | ret=FAILURE
org.apache.hadoop.ozone.om.exceptions.OMException: Unable to get file status: volume: volume50105 bucket: bucket55116 key: testBatchDelete/parent
	at org.apache.hadoop.ozone.om.KeyManagerImpl.getOzoneFileStatus(KeyManagerImpl.java:1195) ~[ozone-manager-1.4.0-SNAPSHOT.jar:?]
	at org.apache.hadoop.ozone.om.KeyManagerImpl.getFileStatus(KeyManagerImpl.java:1113) ~[ozone-manager-1.4.0-SNAPSHOT.jar:?]
	at org.apache.hadoop.ozone.om.OmMetadataReader.getFileStatus(OmMetadataReader.java:262) ~[ozone-manager-1.4.0-SNAPSHOT.jar:?]
	at org.apache.hadoop.ozone.om.OzoneManager.getFileStatus(OzoneManager.java:3530) ~[ozone-manager-1.4.0-SNAPSHOT.jar:?]
	at org.apache.hadoop.ozone.protocolPB.OzoneManagerRequestHandler.getOzoneFileStatus(OzoneManagerRequestHandler.java:971) ~[ozone-manager-1.4.0-SNAPSHOT.jar:?]
	at org.apache.hadoop.ozone.protocolPB.OzoneManagerRequestHandler.handleReadRequest(OzoneManagerRequestHandler.java:250) ~[ozone-manager-1.4.0-SNAPSHOT.jar:?]
	at org.apache.hadoop.ozone.protocolPB.OzoneManagerProtocolServerSideTranslatorPB.submitReadRequestToOM(OzoneManagerProtocolServerSideTranslatorPB.java:225) ~[ozone-manager-1.4.0-SNAPSHOT.jar:?]
	at org.apache.hadoop.ozone.protocolPB.OzoneManagerProtocolServerSideTranslatorPB.processRequest(OzoneManagerProtocolServerSideTranslatorPB.java:179) ~[ozone-manager-1.4.0-SNAPSHOT.jar:?]
	at org.apache.hadoop.hdds.server.OzoneProtocolMessageDispatcher.processRequest(OzoneProtocolMessageDispatcher.java:87) [hdds-server-framework-1.4.0-SNAPSHOT.jar:?]
	at org.apache.hadoop.ozone.protocolPB.OzoneManagerProtocolServerSideTranslatorPB.submitRequest(OzoneManagerProtocolServerSideTranslatorPB.java:148) [ozone-manager-1.4.0-SNAPSHOT.jar:?]
	at org.apache.hadoop.ozone.protocol.proto.OzoneManagerProtocolProtos$OzoneManagerService$2.callBlockingMethod(OzoneManagerProtocolProtos.java) [ozone-interface-client-1.4.0-SNAPSHOT.jar:?]
	at org.apache.hadoop.ipc.ProtobufRpcEngine$Server.processCall(ProtobufRpcEngine.java:484) [hadoop-common-3.3.6.jar:?]
	at org.apache.hadoop.ipc.ProtobufRpcEngine2$Server$ProtoBufRpcInvoker.call(ProtobufRpcEngine2.java:595) [hadoop-common-3.3.6.jar:?]
	at org.apache.hadoop.ipc.ProtobufRpcEngine2$Server$ProtoBufRpcInvoker.call(ProtobufRpcEngine2.java:573) [hadoop-common-3.3.6.jar:?]
	at org.apache.hadoop.ipc.RPC$Server.call(RPC.java:1227) [hadoop-common-3.3.6.jar:?]
	at org.apache.hadoop.ipc.Server$RpcCall.run(Server.java:1094) [hadoop-common-3.3.6.jar:?]
	at org.apache.hadoop.ipc.Server$RpcCall.run(Server.java:1017) [hadoop-common-3.3.6.jar:?]
	at java.security.AccessController.doPrivileged(Native Method) ~[?:1.8.0_382]
	at javax.security.auth.Subject.doAs(Subject.java:422) [?:1.8.0_382]
	at org.apache.hadoop.security.UserGroupInformation.doAs(UserGroupInformation.java:1899) [hadoop-common-3.3.6.jar:?]
	at org.apache.hadoop.ipc.Server$Handler.run(Server.java:3048) [hadoop-common-3.3.6.jar:?]
2023-09-07 20:31:07,040 [Time-limited test] WARN  ozone.BasicOzoneFileSystem (BasicOzoneFileSystem.java:delete(595)) - delete: Path does not exist: /testBatchDelete/parent
]]></system-out>
  </testcase>
  <testcase name="testFileDelete" classname="TestOzoneFileSystem" time="0.14">
    <system-out><![CDATA[20:32:44.274 [IPC Server handler 6 on default port 15163] ERROR OMAudit - user=runner | ip=127.0.0.1 | op=GET_FILE_STATUS {volume=volume10577, bucket=bucket68495, key=testBatchDelete, dataSize=0, replicationConfig=null} | ret=FAILURE
org.apache.hadoop.ozone.om.exceptions.OMException: Unable to get file status: volume: volume10577 bucket: bucket68495 key: testBatchDelete
	at org.apache.hadoop.ozone.om.KeyManagerImpl.getOzoneFileStatus(KeyManagerImpl.java:1195) ~[ozone-manager-1.4.0-SNAPSHOT.jar:?]
	at org.apache.hadoop.ozone.om.KeyManagerImpl.getFileStatus(KeyManagerImpl.java:1113) ~[ozone-manager-1.4.0-SNAPSHOT.jar:?]
	at org.apache.hadoop.ozone.om.OmMetadataReader.getFileStatus(OmMetadataReader.java:262) ~[ozone-manager-1.4.0-SNAPSHOT.jar:?]
	at org.apache.hadoop.ozone.om.OzoneManager.getFileStatus(OzoneManager.java:3530) ~[ozone-manager-1.4.0-SNAPSHOT.jar:?]
	at org.apache.hadoop.ozone.protocolPB.OzoneManagerRequestHandler.getOzoneFileStatus(OzoneManagerRequestHandler.java:971) ~[ozone-manager-1.4.0-SNAPSHOT.jar:?]
	at org.apache.hadoop.ozone.protocolPB.OzoneManagerRequestHandler.handleReadRequest(OzoneManagerRequestHandler.java:250) ~[ozone-manager-1.4.0-SNAPSHOT.jar:?]
	at org.apache.hadoop.ozone.protocolPB.OzoneManagerProtocolServerSideTranslatorPB.submitRequestDirectlyToOM(OzoneManagerProtocolServerSideTranslatorPB.java:274) ~[ozone-manager-1.4.0-SNAPSHOT.jar:?]
	at org.apache.hadoop.ozone.protocolPB.OzoneManagerProtocolServerSideTranslatorPB.processRequest(OzoneManagerProtocolServerSideTranslatorPB.java:175) ~[ozone-manager-1.4.0-SNAPSHOT.jar:?]
	at org.apache.hadoop.hdds.server.OzoneProtocolMessageDispatcher.processRequest(OzoneProtocolMessageDispatcher.java:87) [hdds-server-framework-1.4.0-SNAPSHOT.jar:?]
	at org.apache.hadoop.ozone.protocolPB.OzoneManagerProtocolServerSideTranslatorPB.submitRequest(OzoneManagerProtocolServerSideTranslatorPB.java:148) [ozone-manager-1.4.0-SNAPSHOT.jar:?]
	at org.apache.hadoop.ozone.protocol.proto.OzoneManagerProtocolProtos$OzoneManagerService$2.callBlockingMethod(OzoneManagerProtocolProtos.java) [ozone-interface-client-1.4.0-SNAPSHOT.jar:?]
	at org.apache.hadoop.ipc.ProtobufRpcEngine$Server.processCall(ProtobufRpcEngine.java:484) [hadoop-common-3.3.6.jar:?]
	at org.apache.hadoop.ipc.ProtobufRpcEngine2$Server$ProtoBufRpcInvoker.call(ProtobufRpcEngine2.java:595) [hadoop-common-3.3.6.jar:?]
	at org.apache.hadoop.ipc.ProtobufRpcEngine2$Server$ProtoBufRpcInvoker.call(ProtobufRpcEngine2.java:573) [hadoop-common-3.3.6.jar:?]
	at org.apache.hadoop.ipc.RPC$Server.call(RPC.java:1227) [hadoop-common-3.3.6.jar:?]
	at org.apache.hadoop.ipc.Server$RpcCall.run(Server.java:1094) [hadoop-common-3.3.6.jar:?]
	at org.apache.hadoop.ipc.Server$RpcCall.run(Server.java:1017) [hadoop-common-3.3.6.jar:?]
	at java.security.AccessController.doPrivileged(Native Method) ~[?:1.8.0_382]
	at javax.security.auth.Subject.doAs(Subject.java:422) [?:1.8.0_382]
	at org.apache.hadoop.security.UserGroupInformation.doAs(UserGroupInformation.java:1899) [hadoop-common-3.3.6.jar:?]
	at org.apache.hadoop.ipc.Server$Handler.run(Server.java:3048) [hadoop-common-3.3.6.jar:?]
20:32:44.275 [IPC Server handler 8 on default port 15163] ERROR OMAudit - user=runner | ip=127.0.0.1 | op=GET_FILE_STATUS {volume=volume10577, bucket=bucket68495, key=testBatchDelete/parent/child0, dataSize=0, replicationConfig=null} | ret=FAILURE
org.apache.hadoop.ozone.om.exceptions.OMException: Unable to get file status: volume: volume10577 bucket: bucket68495 key: testBatchDelete/parent/child0
	at org.apache.hadoop.ozone.om.KeyManagerImpl.getOzoneFileStatus(KeyManagerImpl.java:1195) ~[ozone-manager-1.4.0-SNAPSHOT.jar:?]
	at org.apache.hadoop.ozone.om.KeyManagerImpl.getFileStatus(KeyManagerImpl.java:1113) ~[ozone-manager-1.4.0-SNAPSHOT.jar:?]
	at org.apache.hadoop.ozone.om.OmMetadataReader.getFileStatus(OmMetadataReader.java:262) ~[ozone-manager-1.4.0-SNAPSHOT.jar:?]
	at org.apache.hadoop.ozone.om.OzoneManager.getFileStatus(OzoneManager.java:3530) ~[ozone-manager-1.4.0-SNAPSHOT.jar:?]
	at org.apache.hadoop.ozone.protocolPB.OzoneManagerRequestHandler.getOzoneFileStatus(OzoneManagerRequestHandler.java:971) ~[ozone-manager-1.4.0-SNAPSHOT.jar:?]
	at org.apache.hadoop.ozone.protocolPB.OzoneManagerRequestHandler.handleReadRequest(OzoneManagerRequestHandler.java:250) ~[ozone-manager-1.4.0-SNAPSHOT.jar:?]
	at org.apache.hadoop.ozone.protocolPB.OzoneManagerProtocolServerSideTranslatorPB.submitRequestDirectlyToOM(OzoneManagerProtocolServerSideTranslatorPB.java:274) ~[ozone-manager-1.4.0-SNAPSHOT.jar:?]
	at org.apache.hadoop.ozone.protocolPB.OzoneManagerProtocolServerSideTranslatorPB.processRequest(OzoneManagerProtocolServerSideTranslatorPB.java:175) ~[ozone-manager-1.4.0-SNAPSHOT.jar:?]
	at org.apache.hadoop.hdds.server.OzoneProtocolMessageDispatcher.processRequest(OzoneProtocolMessageDispatcher.java:87) [hdds-server-framework-1.4.0-SNAPSHOT.jar:?]
	at org.apache.hadoop.ozone.protocolPB.OzoneManagerProtocolServerSideTranslatorPB.submitRequest(OzoneManagerProtocolServerSideTranslatorPB.java:148) [ozone-manager-1.4.0-SNAPSHOT.jar:?]
	at org.apache.hadoop.ozone.protocol.proto.OzoneManagerProtocolProtos$OzoneManagerService$2.callBlockingMethod(OzoneManagerProtocolProtos.java) [ozone-interface-client-1.4.0-SNAPSHOT.jar:?]
	at org.apache.hadoop.ipc.ProtobufRpcEngine$Server.processCall(ProtobufRpcEngine.java:484) [hadoop-common-3.3.6.jar:?]
	at org.apache.hadoop.ipc.ProtobufRpcEngine2$Server$ProtoBufRpcInvoker.call(ProtobufRpcEngine2.java:595) [hadoop-common-3.3.6.jar:?]
	at org.apache.hadoop.ipc.ProtobufRpcEngine2$Server$ProtoBufRpcInvoker.call(ProtobufRpcEngine2.java:573) [hadoop-common-3.3.6.jar:?]
	at org.apache.hadoop.ipc.RPC$Server.call(RPC.java:1227) [hadoop-common-3.3.6.jar:?]
	at org.apache.hadoop.ipc.Server$RpcCall.run(Server.java:1094) [hadoop-common-3.3.6.jar:?]
	at org.apache.hadoop.ipc.Server$RpcCall.run(Server.java:1017) [hadoop-common-3.3.6.jar:?]
	at java.security.AccessController.doPrivileged(Native Method) ~[?:1.8.0_382]
	at javax.security.auth.Subject.doAs(Subject.java:422) [?:1.8.0_382]
	at org.apache.hadoop.security.UserGroupInformation.doAs(UserGroupInformation.java:1899) [hadoop-common-3.3.6.jar:?]
	at org.apache.hadoop.ipc.Server$Handler.run(Server.java:3048) [hadoop-common-3.3.6.jar:?]
20:32:44.279 [IPC Server handler 10 on default port 15163] ERROR OMAudit - user=runner | ip=127.0.0.1 | op=GET_FILE_STATUS {volume=volume10577, bucket=bucket68495, key=testBatchDelete/parent/childFolder/child0, dataSize=0, replicationConfig=null} | ret=FAILURE
org.apache.hadoop.ozone.om.exceptions.OMException: Unable to get file status: volume: volume10577 bucket: bucket68495 key: testBatchDelete/parent/childFolder/child0
	at org.apache.hadoop.ozone.om.KeyManagerImpl.getOzoneFileStatus(KeyManagerImpl.java:1195) ~[ozone-manager-1.4.0-SNAPSHOT.jar:?]
	at org.apache.hadoop.ozone.om.KeyManagerImpl.getFileStatus(KeyManagerImpl.java:1113) ~[ozone-manager-1.4.0-SNAPSHOT.jar:?]
	at org.apache.hadoop.ozone.om.OmMetadataReader.getFileStatus(OmMetadataReader.java:262) ~[ozone-manager-1.4.0-SNAPSHOT.jar:?]
	at org.apache.hadoop.ozone.om.OzoneManager.getFileStatus(OzoneManager.java:3530) ~[ozone-manager-1.4.0-SNAPSHOT.jar:?]
	at org.apache.hadoop.ozone.protocolPB.OzoneManagerRequestHandler.getOzoneFileStatus(OzoneManagerRequestHandler.java:971) ~[ozone-manager-1.4.0-SNAPSHOT.jar:?]
	at org.apache.hadoop.ozone.protocolPB.OzoneManagerRequestHandler.handleReadRequest(OzoneManagerRequestHandler.java:250) ~[ozone-manager-1.4.0-SNAPSHOT.jar:?]
	at org.apache.hadoop.ozone.protocolPB.OzoneManagerProtocolServerSideTranslatorPB.submitRequestDirectlyToOM(OzoneManagerProtocolServerSideTranslatorPB.java:274) ~[ozone-manager-1.4.0-SNAPSHOT.jar:?]
	at org.apache.hadoop.ozone.protocolPB.OzoneManagerProtocolServerSideTranslatorPB.processRequest(OzoneManagerProtocolServerSideTranslatorPB.java:175) ~[ozone-manager-1.4.0-SNAPSHOT.jar:?]
	at org.apache.hadoop.hdds.server.OzoneProtocolMessageDispatcher.processRequest(OzoneProtocolMessageDispatcher.java:87) [hdds-server-framework-1.4.0-SNAPSHOT.jar:?]
	at org.apache.hadoop.ozone.protocolPB.OzoneManagerProtocolServerSideTranslatorPB.submitRequest(OzoneManagerProtocolServerSideTranslatorPB.java:148) [ozone-manager-1.4.0-SNAPSHOT.jar:?]
	at org.apache.hadoop.ozone.protocol.proto.OzoneManagerProtocolProtos$OzoneManagerService$2.callBlockingMethod(OzoneManagerProtocolProtos.java) [ozone-interface-client-1.4.0-SNAPSHOT.jar:?]
	at org.apache.hadoop.ipc.ProtobufRpcEngine$Server.processCall(ProtobufRpcEngine.java:484) [hadoop-common-3.3.6.jar:?]
	at org.apache.hadoop.ipc.ProtobufRpcEngine2$Server$ProtoBufRpcInvoker.call(ProtobufRpcEngine2.java:595) [hadoop-common-3.3.6.jar:?]
	at org.apache.hadoop.ipc.ProtobufRpcEngine2$Server$ProtoBufRpcInvoker.call(ProtobufRpcEngine2.java:573) [hadoop-common-3.3.6.jar:?]
	at org.apache.hadoop.ipc.RPC$Server.call(RPC.java:1227) [hadoop-common-3.3.6.jar:?]
	at org.apache.hadoop.ipc.Server$RpcCall.run(Server.java:1094) [hadoop-common-3.3.6.jar:?]
	at org.apache.hadoop.ipc.Server$RpcCall.run(Server.java:1017) [hadoop-common-3.3.6.jar:?]
	at java.security.AccessController.doPrivileged(Native Method) ~[?:1.8.0_382]
	at javax.security.auth.Subject.doAs(Subject.java:422) [?:1.8.0_382]
	at org.apache.hadoop.security.UserGroupInformation.doAs(UserGroupInformation.java:1899) [hadoop-common-3.3.6.jar:?]
	at org.apache.hadoop.ipc.Server$Handler.run(Server.java:3048) [hadoop-common-3.3.6.jar:?]
20:32:44.280 [IPC Server handler 9 on default port 15163] ERROR OMAudit - user=runner | ip=127.0.0.1 | op=GET_FILE_STATUS {volume=volume10577, bucket=bucket68495, key=testBatchDelete/parent/child1, dataSize=0, replicationConfig=null} | ret=FAILURE
org.apache.hadoop.ozone.om.exceptions.OMException: Unable to get file status: volume: volume10577 bucket: bucket68495 key: testBatchDelete/parent/child1
	at org.apache.hadoop.ozone.om.KeyManagerImpl.getOzoneFileStatus(KeyManagerImpl.java:1195) ~[ozone-manager-1.4.0-SNAPSHOT.jar:?]
	at org.apache.hadoop.ozone.om.KeyManagerImpl.getFileStatus(KeyManagerImpl.java:1113) ~[ozone-manager-1.4.0-SNAPSHOT.jar:?]
	at org.apache.hadoop.ozone.om.OmMetadataReader.getFileStatus(OmMetadataReader.java:262) ~[ozone-manager-1.4.0-SNAPSHOT.jar:?]
	at org.apache.hadoop.ozone.om.OzoneManager.getFileStatus(OzoneManager.java:3530) ~[ozone-manager-1.4.0-SNAPSHOT.jar:?]
	at org.apache.hadoop.ozone.protocolPB.OzoneManagerRequestHandler.getOzoneFileStatus(OzoneManagerRequestHandler.java:971) ~[ozone-manager-1.4.0-SNAPSHOT.jar:?]
	at org.apache.hadoop.ozone.protocolPB.OzoneManagerRequestHandler.handleReadRequest(OzoneManagerRequestHandler.java:250) ~[ozone-manager-1.4.0-SNAPSHOT.jar:?]
	at org.apache.hadoop.ozone.protocolPB.OzoneManagerProtocolServerSideTranslatorPB.submitRequestDirectlyToOM(OzoneManagerProtocolServerSideTranslatorPB.java:274) ~[ozone-manager-1.4.0-SNAPSHOT.jar:?]
	at org.apache.hadoop.ozone.protocolPB.OzoneManagerProtocolServerSideTranslatorPB.processRequest(OzoneManagerProtocolServerSideTranslatorPB.java:175) ~[ozone-manager-1.4.0-SNAPSHOT.jar:?]
	at org.apache.hadoop.hdds.server.OzoneProtocolMessageDispatcher.processRequest(OzoneProtocolMessageDispatcher.java:87) [hdds-server-framework-1.4.0-SNAPSHOT.jar:?]
	at org.apache.hadoop.ozone.protocolPB.OzoneManagerProtocolServerSideTranslatorPB.submitRequest(OzoneManagerProtocolServerSideTranslatorPB.java:148) [ozone-manager-1.4.0-SNAPSHOT.jar:?]
	at org.apache.hadoop.ozone.protocol.proto.OzoneManagerProtocolProtos$OzoneManagerService$2.callBlockingMethod(OzoneManagerProtocolProtos.java) [ozone-interface-client-1.4.0-SNAPSHOT.jar:?]
	at org.apache.hadoop.ipc.ProtobufRpcEngine$Server.processCall(ProtobufRpcEngine.java:484) [hadoop-common-3.3.6.jar:?]
	at org.apache.hadoop.ipc.ProtobufRpcEngine2$Server$ProtoBufRpcInvoker.call(ProtobufRpcEngine2.java:595) [hadoop-common-3.3.6.jar:?]
	at org.apache.hadoop.ipc.ProtobufRpcEngine2$Server$ProtoBufRpcInvoker.call(ProtobufRpcEngine2.java:573) [hadoop-common-3.3.6.jar:?]
	at org.apache.hadoop.ipc.RPC$Server.call(RPC.java:1227) [hadoop-common-3.3.6.jar:?]
	at org.apache.hadoop.ipc.Server$RpcCall.run(Server.java:1094) [hadoop-common-3.3.6.jar:?]
	at org.apache.hadoop.ipc.Server$RpcCall.run(Server.java:1017) [hadoop-common-3.3.6.jar:?]
	at java.security.AccessController.doPrivileged(Native Method) ~[?:1.8.0_382]
	at javax.security.auth.Subject.doAs(Subject.java:422) [?:1.8.0_382]
	at org.apache.hadoop.security.UserGroupInformation.doAs(UserGroupInformation.java:1899) [hadoop-common-3.3.6.jar:?]
	at org.apache.hadoop.ipc.Server$Handler.run(Server.java:3048) [hadoop-common-3.3.6.jar:?]
20:32:44.281 [IPC Server handler 12 on default port 15163] ERROR OMAudit - user=runner | ip=127.0.0.1 | op=GET_FILE_STATUS {volume=volume10577, bucket=bucket68495, key=testBatchDelete/parent/childFolder/child1, dataSize=0, replicationConfig=null} | ret=FAILURE
org.apache.hadoop.ozone.om.exceptions.OMException: Unable to get file status: volume: volume10577 bucket: bucket68495 key: testBatchDelete/parent/childFolder/child1
	at org.apache.hadoop.ozone.om.KeyManagerImpl.getOzoneFileStatus(KeyManagerImpl.java:1195) ~[ozone-manager-1.4.0-SNAPSHOT.jar:?]
	at org.apache.hadoop.ozone.om.KeyManagerImpl.getFileStatus(KeyManagerImpl.java:1113) ~[ozone-manager-1.4.0-SNAPSHOT.jar:?]
	at org.apache.hadoop.ozone.om.OmMetadataReader.getFileStatus(OmMetadataReader.java:262) ~[ozone-manager-1.4.0-SNAPSHOT.jar:?]
	at org.apache.hadoop.ozone.om.OzoneManager.getFileStatus(OzoneManager.java:3530) ~[ozone-manager-1.4.0-SNAPSHOT.jar:?]
	at org.apache.hadoop.ozone.protocolPB.OzoneManagerRequestHandler.getOzoneFileStatus(OzoneManagerRequestHandler.java:971) ~[ozone-manager-1.4.0-SNAPSHOT.jar:?]
	at org.apache.hadoop.ozone.protocolPB.OzoneManagerRequestHandler.handleReadRequest(OzoneManagerRequestHandler.java:250) ~[ozone-manager-1.4.0-SNAPSHOT.jar:?]
	at org.apache.hadoop.ozone.protocolPB.OzoneManagerProtocolServerSideTranslatorPB.submitRequestDirectlyToOM(OzoneManagerProtocolServerSideTranslatorPB.java:274) ~[ozone-manager-1.4.0-SNAPSHOT.jar:?]
	at org.apache.hadoop.ozone.protocolPB.OzoneManagerProtocolServerSideTranslatorPB.processRequest(OzoneManagerProtocolServerSideTranslatorPB.java:175) ~[ozone-manager-1.4.0-SNAPSHOT.jar:?]
	at org.apache.hadoop.hdds.server.OzoneProtocolMessageDispatcher.processRequest(OzoneProtocolMessageDispatcher.java:87) [hdds-server-framework-1.4.0-SNAPSHOT.jar:?]
	at org.apache.hadoop.ozone.protocolPB.OzoneManagerProtocolServerSideTranslatorPB.submitRequest(OzoneManagerProtocolServerSideTranslatorPB.java:148) [ozone-manager-1.4.0-SNAPSHOT.jar:?]
	at org.apache.hadoop.ozone.protocol.proto.OzoneManagerProtocolProtos$OzoneManagerService$2.callBlockingMethod(OzoneManagerProtocolProtos.java) [ozone-interface-client-1.4.0-SNAPSHOT.jar:?]
	at org.apache.hadoop.ipc.ProtobufRpcEngine$Server.processCall(ProtobufRpcEngine.java:484) [hadoop-common-3.3.6.jar:?]
	at org.apache.hadoop.ipc.ProtobufRpcEngine2$Server$ProtoBufRpcInvoker.call(ProtobufRpcEngine2.java:595) [hadoop-common-3.3.6.jar:?]
	at org.apache.hadoop.ipc.ProtobufRpcEngine2$Server$ProtoBufRpcInvoker.call(ProtobufRpcEngine2.java:573) [hadoop-common-3.3.6.jar:?]
	at org.apache.hadoop.ipc.RPC$Server.call(RPC.java:1227) [hadoop-common-3.3.6.jar:?]
	at org.apache.hadoop.ipc.Server$RpcCall.run(Server.java:1094) [hadoop-common-3.3.6.jar:?]
	at org.apache.hadoop.ipc.Server$RpcCall.run(Server.java:1017) [hadoop-common-3.3.6.jar:?]
	at java.security.AccessController.doPrivileged(Native Method) ~[?:1.8.0_382]
	at javax.security.auth.Subject.doAs(Subject.java:422) [?:1.8.0_382]
	at org.apache.hadoop.security.UserGroupInformation.doAs(UserGroupInformation.java:1899) [hadoop-common-3.3.6.jar:?]
	at org.apache.hadoop.ipc.Server$Handler.run(Server.java:3048) [hadoop-common-3.3.6.jar:?]
20:32:44.284 [IPC Server handler 11 on default port 15163] ERROR OMAudit - user=runner | ip=127.0.0.1 | op=GET_FILE_STATUS {volume=volume10577, bucket=bucket68495, key=testBatchDelete/parent/child2, dataSize=0, replicationConfig=null} | ret=FAILURE
org.apache.hadoop.ozone.om.exceptions.OMException: Unable to get file status: volume: volume10577 bucket: bucket68495 key: testBatchDelete/parent/child2
	at org.apache.hadoop.ozone.om.KeyManagerImpl.getOzoneFileStatus(KeyManagerImpl.java:1195) ~[ozone-manager-1.4.0-SNAPSHOT.jar:?]
	at org.apache.hadoop.ozone.om.KeyManagerImpl.getFileStatus(KeyManagerImpl.java:1113) ~[ozone-manager-1.4.0-SNAPSHOT.jar:?]
	at org.apache.hadoop.ozone.om.OmMetadataReader.getFileStatus(OmMetadataReader.java:262) ~[ozone-manager-1.4.0-SNAPSHOT.jar:?]
	at org.apache.hadoop.ozone.om.OzoneManager.getFileStatus(OzoneManager.java:3530) ~[ozone-manager-1.4.0-SNAPSHOT.jar:?]
	at org.apache.hadoop.ozone.protocolPB.OzoneManagerRequestHandler.getOzoneFileStatus(OzoneManagerRequestHandler.java:971) ~[ozone-manager-1.4.0-SNAPSHOT.jar:?]
	at org.apache.hadoop.ozone.protocolPB.OzoneManagerRequestHandler.handleReadRequest(OzoneManagerRequestHandler.java:250) ~[ozone-manager-1.4.0-SNAPSHOT.jar:?]
	at org.apache.hadoop.ozone.protocolPB.OzoneManagerProtocolServerSideTranslatorPB.submitRequestDirectlyToOM(OzoneManagerProtocolServerSideTranslatorPB.java:274) ~[ozone-manager-1.4.0-SNAPSHOT.jar:?]
	at org.apache.hadoop.ozone.protocolPB.OzoneManagerProtocolServerSideTranslatorPB.processRequest(OzoneManagerProtocolServerSideTranslatorPB.java:175) ~[ozone-manager-1.4.0-SNAPSHOT.jar:?]
	at org.apache.hadoop.hdds.server.OzoneProtocolMessageDispatcher.processRequest(OzoneProtocolMessageDispatcher.java:87) [hdds-server-framework-1.4.0-SNAPSHOT.jar:?]
	at org.apache.hadoop.ozone.protocolPB.OzoneManagerProtocolServerSideTranslatorPB.submitRequest(OzoneManagerProtocolServerSideTranslatorPB.java:148) [ozone-manager-1.4.0-SNAPSHOT.jar:?]
	at org.apache.hadoop.ozone.protocol.proto.OzoneManagerProtocolProtos$OzoneManagerService$2.callBlockingMethod(OzoneManagerProtocolProtos.java) [ozone-interface-client-1.4.0-SNAPSHOT.jar:?]
	at org.apache.hadoop.ipc.ProtobufRpcEngine$Server.processCall(ProtobufRpcEngine.java:484) [hadoop-common-3.3.6.jar:?]
	at org.apache.hadoop.ipc.ProtobufRpcEngine2$Server$ProtoBufRpcInvoker.call(ProtobufRpcEngine2.java:595) [hadoop-common-3.3.6.jar:?]
	at org.apache.hadoop.ipc.ProtobufRpcEngine2$Server$ProtoBufRpcInvoker.call(ProtobufRpcEngine2.java:573) [hadoop-common-3.3.6.jar:?]
	at org.apache.hadoop.ipc.RPC$Server.call(RPC.java:1227) [hadoop-common-3.3.6.jar:?]
	at org.apache.hadoop.ipc.Server$RpcCall.run(Server.java:1094) [hadoop-common-3.3.6.jar:?]
	at org.apache.hadoop.ipc.Server$RpcCall.run(Server.java:1017) [hadoop-common-3.3.6.jar:?]
	at java.security.AccessController.doPrivileged(Native Method) ~[?:1.8.0_382]
	at javax.security.auth.Subject.doAs(Subject.java:422) [?:1.8.0_382]
	at org.apache.hadoop.security.UserGroupInformation.doAs(UserGroupInformation.java:1899) [hadoop-common-3.3.6.jar:?]
	at org.apache.hadoop.ipc.Server$Handler.run(Server.java:3048) [hadoop-common-3.3.6.jar:?]
20:32:44.285 [IPC Server handler 16 on default port 15163] ERROR OMAudit - user=runner | ip=127.0.0.1 | op=GET_FILE_STATUS {volume=volume10577, bucket=bucket68495, key=testBatchDelete/parent/childFolder/child2, dataSize=0, replicationConfig=null} | ret=FAILURE
org.apache.hadoop.ozone.om.exceptions.OMException: Unable to get file status: volume: volume10577 bucket: bucket68495 key: testBatchDelete/parent/childFolder/child2
	at org.apache.hadoop.ozone.om.KeyManagerImpl.getOzoneFileStatus(KeyManagerImpl.java:1195) ~[ozone-manager-1.4.0-SNAPSHOT.jar:?]
	at org.apache.hadoop.ozone.om.KeyManagerImpl.getFileStatus(KeyManagerImpl.java:1113) ~[ozone-manager-1.4.0-SNAPSHOT.jar:?]
	at org.apache.hadoop.ozone.om.OmMetadataReader.getFileStatus(OmMetadataReader.java:262) ~[ozone-manager-1.4.0-SNAPSHOT.jar:?]
	at org.apache.hadoop.ozone.om.OzoneManager.getFileStatus(OzoneManager.java:3530) ~[ozone-manager-1.4.0-SNAPSHOT.jar:?]
	at org.apache.hadoop.ozone.protocolPB.OzoneManagerRequestHandler.getOzoneFileStatus(OzoneManagerRequestHandler.java:971) ~[ozone-manager-1.4.0-SNAPSHOT.jar:?]
	at org.apache.hadoop.ozone.protocolPB.OzoneManagerRequestHandler.handleReadRequest(OzoneManagerRequestHandler.java:250) ~[ozone-manager-1.4.0-SNAPSHOT.jar:?]
	at org.apache.hadoop.ozone.protocolPB.OzoneManagerProtocolServerSideTranslatorPB.submitRequestDirectlyToOM(OzoneManagerProtocolServerSideTranslatorPB.java:274) ~[ozone-manager-1.4.0-SNAPSHOT.jar:?]
	at org.apache.hadoop.ozone.protocolPB.OzoneManagerProtocolServerSideTranslatorPB.processRequest(OzoneManagerProtocolServerSideTranslatorPB.java:175) ~[ozone-manager-1.4.0-SNAPSHOT.jar:?]
	at org.apache.hadoop.hdds.server.OzoneProtocolMessageDispatcher.processRequest(OzoneProtocolMessageDispatcher.java:87) [hdds-server-framework-1.4.0-SNAPSHOT.jar:?]
	at org.apache.hadoop.ozone.protocolPB.OzoneManagerProtocolServerSideTranslatorPB.submitRequest(OzoneManagerProtocolServerSideTranslatorPB.java:148) [ozone-manager-1.4.0-SNAPSHOT.jar:?]
	at org.apache.hadoop.ozone.protocol.proto.OzoneManagerProtocolProtos$OzoneManagerService$2.callBlockingMethod(OzoneManagerProtocolProtos.java) [ozone-interface-client-1.4.0-SNAPSHOT.jar:?]
	at org.apache.hadoop.ipc.ProtobufRpcEngine$Server.processCall(ProtobufRpcEngine.java:484) [hadoop-common-3.3.6.jar:?]
	at org.apache.hadoop.ipc.ProtobufRpcEngine2$Server$ProtoBufRpcInvoker.call(ProtobufRpcEngine2.java:595) [hadoop-common-3.3.6.jar:?]
	at org.apache.hadoop.ipc.ProtobufRpcEngine2$Server$ProtoBufRpcInvoker.call(ProtobufRpcEngine2.java:573) [hadoop-common-3.3.6.jar:?]
	at org.apache.hadoop.ipc.RPC$Server.call(RPC.java:1227) [hadoop-common-3.3.6.jar:?]
	at org.apache.hadoop.ipc.Server$RpcCall.run(Server.java:1094) [hadoop-common-3.3.6.jar:?]
	at org.apache.hadoop.ipc.Server$RpcCall.run(Server.java:1017) [hadoop-common-3.3.6.jar:?]
	at java.security.AccessController.doPrivileged(Native Method) ~[?:1.8.0_382]
	at javax.security.auth.Subject.doAs(Subject.java:422) [?:1.8.0_382]
	at org.apache.hadoop.security.UserGroupInformation.doAs(UserGroupInformation.java:1899) [hadoop-common-3.3.6.jar:?]
	at org.apache.hadoop.ipc.Server$Handler.run(Server.java:3048) [hadoop-common-3.3.6.jar:?]
20:32:44.286 [IPC Server handler 17 on default port 15163] ERROR OMAudit - user=runner | ip=127.0.0.1 | op=GET_FILE_STATUS {volume=volume10577, bucket=bucket68495, key=testBatchDelete/parent/child3, dataSize=0, replicationConfig=null} | ret=FAILURE
org.apache.hadoop.ozone.om.exceptions.OMException: Unable to get file status: volume: volume10577 bucket: bucket68495 key: testBatchDelete/parent/child3
	at org.apache.hadoop.ozone.om.KeyManagerImpl.getOzoneFileStatus(KeyManagerImpl.java:1195) ~[ozone-manager-1.4.0-SNAPSHOT.jar:?]
	at org.apache.hadoop.ozone.om.KeyManagerImpl.getFileStatus(KeyManagerImpl.java:1113) ~[ozone-manager-1.4.0-SNAPSHOT.jar:?]
	at org.apache.hadoop.ozone.om.OmMetadataReader.getFileStatus(OmMetadataReader.java:262) ~[ozone-manager-1.4.0-SNAPSHOT.jar:?]
	at org.apache.hadoop.ozone.om.OzoneManager.getFileStatus(OzoneManager.java:3530) ~[ozone-manager-1.4.0-SNAPSHOT.jar:?]
	at org.apache.hadoop.ozone.protocolPB.OzoneManagerRequestHandler.getOzoneFileStatus(OzoneManagerRequestHandler.java:971) ~[ozone-manager-1.4.0-SNAPSHOT.jar:?]
	at org.apache.hadoop.ozone.protocolPB.OzoneManagerRequestHandler.handleReadRequest(OzoneManagerRequestHandler.java:250) ~[ozone-manager-1.4.0-SNAPSHOT.jar:?]
	at org.apache.hadoop.ozone.protocolPB.OzoneManagerProtocolServerSideTranslatorPB.submitRequestDirectlyToOM(OzoneManagerProtocolServerSideTranslatorPB.java:274) ~[ozone-manager-1.4.0-SNAPSHOT.jar:?]
	at org.apache.hadoop.ozone.protocolPB.OzoneManagerProtocolServerSideTranslatorPB.processRequest(OzoneManagerProtocolServerSideTranslatorPB.java:175) ~[ozone-manager-1.4.0-SNAPSHOT.jar:?]
	at org.apache.hadoop.hdds.server.OzoneProtocolMessageDispatcher.processRequest(OzoneProtocolMessageDispatcher.java:87) [hdds-server-framework-1.4.0-SNAPSHOT.jar:?]
	at org.apache.hadoop.ozone.protocolPB.OzoneManagerProtocolServerSideTranslatorPB.submitRequest(OzoneManagerProtocolServerSideTranslatorPB.java:148) [ozone-manager-1.4.0-SNAPSHOT.jar:?]
	at org.apache.hadoop.ozone.protocol.proto.OzoneManagerProtocolProtos$OzoneManagerService$2.callBlockingMethod(OzoneManagerProtocolProtos.java) [ozone-interface-client-1.4.0-SNAPSHOT.jar:?]
	at org.apache.hadoop.ipc.ProtobufRpcEngine$Server.processCall(ProtobufRpcEngine.java:484) [hadoop-common-3.3.6.jar:?]
	at org.apache.hadoop.ipc.ProtobufRpcEngine2$Server$ProtoBufRpcInvoker.call(ProtobufRpcEngine2.java:595) [hadoop-common-3.3.6.jar:?]
	at org.apache.hadoop.ipc.ProtobufRpcEngine2$Server$ProtoBufRpcInvoker.call(ProtobufRpcEngine2.java:573) [hadoop-common-3.3.6.jar:?]
	at org.apache.hadoop.ipc.RPC$Server.call(RPC.java:1227) [hadoop-common-3.3.6.jar:?]
	at org.apache.hadoop.ipc.Server$RpcCall.run(Server.java:1094) [hadoop-common-3.3.6.jar:?]
	at org.apache.hadoop.ipc.Server$RpcCall.run(Server.java:1017) [hadoop-common-3.3.6.jar:?]
	at java.security.AccessController.doPrivileged(Native Method) ~[?:1.8.0_382]
	at javax.security.auth.Subject.doAs(Subject.java:422) [?:1.8.0_382]
	at org.apache.hadoop.security.UserGroupInformation.doAs(UserGroupInformation.java:1899) [hadoop-common-3.3.6.jar:?]
	at org.apache.hadoop.ipc.Server$Handler.run(Server.java:3048) [hadoop-common-3.3.6.jar:?]
20:32:44.292 [IPC Server handler 19 on default port 15163] ERROR OMAudit - user=runner | ip=127.0.0.1 | op=GET_FILE_STATUS {volume=volume10577, bucket=bucket68495, key=testBatchDelete/parent/childFolder/child3, dataSize=0, replicationConfig=null} | ret=FAILURE
org.apache.hadoop.ozone.om.exceptions.OMException: Unable to get file status: volume: volume10577 bucket: bucket68495 key: testBatchDelete/parent/childFolder/child3
	at org.apache.hadoop.ozone.om.KeyManagerImpl.getOzoneFileStatus(KeyManagerImpl.java:1195) ~[ozone-manager-1.4.0-SNAPSHOT.jar:?]
	at org.apache.hadoop.ozone.om.KeyManagerImpl.getFileStatus(KeyManagerImpl.java:1113) ~[ozone-manager-1.4.0-SNAPSHOT.jar:?]
	at org.apache.hadoop.ozone.om.OmMetadataReader.getFileStatus(OmMetadataReader.java:262) ~[ozone-manager-1.4.0-SNAPSHOT.jar:?]
	at org.apache.hadoop.ozone.om.OzoneManager.getFileStatus(OzoneManager.java:3530) ~[ozone-manager-1.4.0-SNAPSHOT.jar:?]
	at org.apache.hadoop.ozone.protocolPB.OzoneManagerRequestHandler.getOzoneFileStatus(OzoneManagerRequestHandler.java:971) ~[ozone-manager-1.4.0-SNAPSHOT.jar:?]
	at org.apache.hadoop.ozone.protocolPB.OzoneManagerRequestHandler.handleReadRequest(OzoneManagerRequestHandler.java:250) ~[ozone-manager-1.4.0-SNAPSHOT.jar:?]
	at org.apache.hadoop.ozone.protocolPB.OzoneManagerProtocolServerSideTranslatorPB.submitRequestDirectlyToOM(OzoneManagerProtocolServerSideTranslatorPB.java:274) ~[ozone-manager-1.4.0-SNAPSHOT.jar:?]
	at org.apache.hadoop.ozone.protocolPB.OzoneManagerProtocolServerSideTranslatorPB.processRequest(OzoneManagerProtocolServerSideTranslatorPB.java:175) ~[ozone-manager-1.4.0-SNAPSHOT.jar:?]
	at org.apache.hadoop.hdds.server.OzoneProtocolMessageDispatcher.processRequest(OzoneProtocolMessageDispatcher.java:87) [hdds-server-framework-1.4.0-SNAPSHOT.jar:?]
	at org.apache.hadoop.ozone.protocolPB.OzoneManagerProtocolServerSideTranslatorPB.submitRequest(OzoneManagerProtocolServerSideTranslatorPB.java:148) [ozone-manager-1.4.0-SNAPSHOT.jar:?]
	at org.apache.hadoop.ozone.protocol.proto.OzoneManagerProtocolProtos$OzoneManagerService$2.callBlockingMethod(OzoneManagerProtocolProtos.java) [ozone-interface-client-1.4.0-SNAPSHOT.jar:?]
	at org.apache.hadoop.ipc.ProtobufRpcEngine$Server.processCall(ProtobufRpcEngine.java:484) [hadoop-common-3.3.6.jar:?]
	at org.apache.hadoop.ipc.ProtobufRpcEngine2$Server$ProtoBufRpcInvoker.call(ProtobufRpcEngine2.java:595) [hadoop-common-3.3.6.jar:?]
	at org.apache.hadoop.ipc.ProtobufRpcEngine2$Server$ProtoBufRpcInvoker.call(ProtobufRpcEngine2.java:573) [hadoop-common-3.3.6.jar:?]
	at org.apache.hadoop.ipc.RPC$Server.call(RPC.java:1227) [hadoop-common-3.3.6.jar:?]
	at org.apache.hadoop.ipc.Server$RpcCall.run(Server.java:1094) [hadoop-common-3.3.6.jar:?]
	at org.apache.hadoop.ipc.Server$RpcCall.run(Server.java:1017) [hadoop-common-3.3.6.jar:?]
	at java.security.AccessController.doPrivileged(Native Method) ~[?:1.8.0_382]
	at javax.security.auth.Subject.doAs(Subject.java:422) [?:1.8.0_382]
	at org.apache.hadoop.security.UserGroupInformation.doAs(UserGroupInformation.java:1899) [hadoop-common-3.3.6.jar:?]
	at org.apache.hadoop.ipc.Server$Handler.run(Server.java:3048) [hadoop-common-3.3.6.jar:?]
20:32:44.293 [IPC Server handler 15 on default port 15163] ERROR OMAudit - user=runner | ip=127.0.0.1 | op=GET_FILE_STATUS {volume=volume10577, bucket=bucket68495, key=testBatchDelete/parent/child4, dataSize=0, replicationConfig=null} | ret=FAILURE
org.apache.hadoop.ozone.om.exceptions.OMException: Unable to get file status: volume: volume10577 bucket: bucket68495 key: testBatchDelete/parent/child4
	at org.apache.hadoop.ozone.om.KeyManagerImpl.getOzoneFileStatus(KeyManagerImpl.java:1195) ~[ozone-manager-1.4.0-SNAPSHOT.jar:?]
	at org.apache.hadoop.ozone.om.KeyManagerImpl.getFileStatus(KeyManagerImpl.java:1113) ~[ozone-manager-1.4.0-SNAPSHOT.jar:?]
	at org.apache.hadoop.ozone.om.OmMetadataReader.getFileStatus(OmMetadataReader.java:262) ~[ozone-manager-1.4.0-SNAPSHOT.jar:?]
	at org.apache.hadoop.ozone.om.OzoneManager.getFileStatus(OzoneManager.java:3530) ~[ozone-manager-1.4.0-SNAPSHOT.jar:?]
	at org.apache.hadoop.ozone.protocolPB.OzoneManagerRequestHandler.getOzoneFileStatus(OzoneManagerRequestHandler.java:971) ~[ozone-manager-1.4.0-SNAPSHOT.jar:?]
	at org.apache.hadoop.ozone.protocolPB.OzoneManagerRequestHandler.handleReadRequest(OzoneManagerRequestHandler.java:250) ~[ozone-manager-1.4.0-SNAPSHOT.jar:?]
	at org.apache.hadoop.ozone.protocolPB.OzoneManagerProtocolServerSideTranslatorPB.submitRequestDirectlyToOM(OzoneManagerProtocolServerSideTranslatorPB.java:274) ~[ozone-manager-1.4.0-SNAPSHOT.jar:?]
	at org.apache.hadoop.ozone.protocolPB.OzoneManagerProtocolServerSideTranslatorPB.processRequest(OzoneManagerProtocolServerSideTranslatorPB.java:175) ~[ozone-manager-1.4.0-SNAPSHOT.jar:?]
	at org.apache.hadoop.hdds.server.OzoneProtocolMessageDispatcher.processRequest(OzoneProtocolMessageDispatcher.java:87) [hdds-server-framework-1.4.0-SNAPSHOT.jar:?]
	at org.apache.hadoop.ozone.protocolPB.OzoneManagerProtocolServerSideTranslatorPB.submitRequest(OzoneManagerProtocolServerSideTranslatorPB.java:148) [ozone-manager-1.4.0-SNAPSHOT.jar:?]
	at org.apache.hadoop.ozone.protocol.proto.OzoneManagerProtocolProtos$OzoneManagerService$2.callBlockingMethod(OzoneManagerProtocolProtos.java) [ozone-interface-client-1.4.0-SNAPSHOT.jar:?]
	at org.apache.hadoop.ipc.ProtobufRpcEngine$Server.processCall(ProtobufRpcEngine.java:484) [hadoop-common-3.3.6.jar:?]
	at org.apache.hadoop.ipc.ProtobufRpcEngine2$Server$ProtoBufRpcInvoker.call(ProtobufRpcEngine2.java:595) [hadoop-common-3.3.6.jar:?]
	at org.apache.hadoop.ipc.ProtobufRpcEngine2$Server$ProtoBufRpcInvoker.call(ProtobufRpcEngine2.java:573) [hadoop-common-3.3.6.jar:?]
	at org.apache.hadoop.ipc.RPC$Server.call(RPC.java:1227) [hadoop-common-3.3.6.jar:?]
	at org.apache.hadoop.ipc.Server$RpcCall.run(Server.java:1094) [hadoop-common-3.3.6.jar:?]
	at org.apache.hadoop.ipc.Server$RpcCall.run(Server.java:1017) [hadoop-common-3.3.6.jar:?]
	at java.security.AccessController.doPrivileged(Native Method) ~[?:1.8.0_382]
	at javax.security.auth.Subject.doAs(Subject.java:422) [?:1.8.0_382]
	at org.apache.hadoop.security.UserGroupInformation.doAs(UserGroupInformation.java:1899) [hadoop-common-3.3.6.jar:?]
	at org.apache.hadoop.ipc.Server$Handler.run(Server.java:3048) [hadoop-common-3.3.6.jar:?]
20:32:44.294 [IPC Server handler 13 on default port 15163] ERROR OMAudit - user=runner | ip=127.0.0.1 | op=GET_FILE_STATUS {volume=volume10577, bucket=bucket68495, key=testBatchDelete/parent/childFolder/child4, dataSize=0, replicationConfig=null} | ret=FAILURE
org.apache.hadoop.ozone.om.exceptions.OMException: Unable to get file status: volume: volume10577 bucket: bucket68495 key: testBatchDelete/parent/childFolder/child4
	at org.apache.hadoop.ozone.om.KeyManagerImpl.getOzoneFileStatus(KeyManagerImpl.java:1195) ~[ozone-manager-1.4.0-SNAPSHOT.jar:?]
	at org.apache.hadoop.ozone.om.KeyManagerImpl.getFileStatus(KeyManagerImpl.java:1113) ~[ozone-manager-1.4.0-SNAPSHOT.jar:?]
	at org.apache.hadoop.ozone.om.OmMetadataReader.getFileStatus(OmMetadataReader.java:262) ~[ozone-manager-1.4.0-SNAPSHOT.jar:?]
	at org.apache.hadoop.ozone.om.OzoneManager.getFileStatus(OzoneManager.java:3530) ~[ozone-manager-1.4.0-SNAPSHOT.jar:?]
	at org.apache.hadoop.ozone.protocolPB.OzoneManagerRequestHandler.getOzoneFileStatus(OzoneManagerRequestHandler.java:971) ~[ozone-manager-1.4.0-SNAPSHOT.jar:?]
	at org.apache.hadoop.ozone.protocolPB.OzoneManagerRequestHandler.handleReadRequest(OzoneManagerRequestHandler.java:250) ~[ozone-manager-1.4.0-SNAPSHOT.jar:?]
	at org.apache.hadoop.ozone.protocolPB.OzoneManagerProtocolServerSideTranslatorPB.submitRequestDirectlyToOM(OzoneManagerProtocolServerSideTranslatorPB.java:274) ~[ozone-manager-1.4.0-SNAPSHOT.jar:?]
	at org.apache.hadoop.ozone.protocolPB.OzoneManagerProtocolServerSideTranslatorPB.processRequest(OzoneManagerProtocolServerSideTranslatorPB.java:175) ~[ozone-manager-1.4.0-SNAPSHOT.jar:?]
	at org.apache.hadoop.hdds.server.OzoneProtocolMessageDispatcher.processRequest(OzoneProtocolMessageDispatcher.java:87) [hdds-server-framework-1.4.0-SNAPSHOT.jar:?]
	at org.apache.hadoop.ozone.protocolPB.OzoneManagerProtocolServerSideTranslatorPB.submitRequest(OzoneManagerProtocolServerSideTranslatorPB.java:148) [ozone-manager-1.4.0-SNAPSHOT.jar:?]
	at org.apache.hadoop.ozone.protocol.proto.OzoneManagerProtocolProtos$OzoneManagerService$2.callBlockingMethod(OzoneManagerProtocolProtos.java) [ozone-interface-client-1.4.0-SNAPSHOT.jar:?]
	at org.apache.hadoop.ipc.ProtobufRpcEngine$Server.processCall(ProtobufRpcEngine.java:484) [hadoop-common-3.3.6.jar:?]
	at org.apache.hadoop.ipc.ProtobufRpcEngine2$Server$ProtoBufRpcInvoker.call(ProtobufRpcEngine2.java:595) [hadoop-common-3.3.6.jar:?]
	at org.apache.hadoop.ipc.ProtobufRpcEngine2$Server$ProtoBufRpcInvoker.call(ProtobufRpcEngine2.java:573) [hadoop-common-3.3.6.jar:?]
	at org.apache.hadoop.ipc.RPC$Server.call(RPC.java:1227) [hadoop-common-3.3.6.jar:?]
	at org.apache.hadoop.ipc.Server$RpcCall.run(Server.java:1094) [hadoop-common-3.3.6.jar:?]
	at org.apache.hadoop.ipc.Server$RpcCall.run(Server.java:1017) [hadoop-common-3.3.6.jar:?]
	at java.security.AccessController.doPrivileged(Native Method) ~[?:1.8.0_382]
	at javax.security.auth.Subject.doAs(Subject.java:422) [?:1.8.0_382]
	at org.apache.hadoop.security.UserGroupInformation.doAs(UserGroupInformation.java:1899) [hadoop-common-3.3.6.jar:?]
	at org.apache.hadoop.ipc.Server$Handler.run(Server.java:3048) [hadoop-common-3.3.6.jar:?]
20:32:44.296 [IPC Server handler 18 on default port 15163] ERROR OMAudit - user=runner | ip=127.0.0.1 | op=GET_FILE_STATUS {volume=volume10577, bucket=bucket68495, key=testBatchDelete/parent/child5, dataSize=0, replicationConfig=null} | ret=FAILURE
org.apache.hadoop.ozone.om.exceptions.OMException: Unable to get file status: volume: volume10577 bucket: bucket68495 key: testBatchDelete/parent/child5
	at org.apache.hadoop.ozone.om.KeyManagerImpl.getOzoneFileStatus(KeyManagerImpl.java:1195) ~[ozone-manager-1.4.0-SNAPSHOT.jar:?]
	at org.apache.hadoop.ozone.om.KeyManagerImpl.getFileStatus(KeyManagerImpl.java:1113) ~[ozone-manager-1.4.0-SNAPSHOT.jar:?]
	at org.apache.hadoop.ozone.om.OmMetadataReader.getFileStatus(OmMetadataReader.java:262) ~[ozone-manager-1.4.0-SNAPSHOT.jar:?]
	at org.apache.hadoop.ozone.om.OzoneManager.getFileStatus(OzoneManager.java:3530) ~[ozone-manager-1.4.0-SNAPSHOT.jar:?]
	at org.apache.hadoop.ozone.protocolPB.OzoneManagerRequestHandler.getOzoneFileStatus(OzoneManagerRequestHandler.java:971) ~[ozone-manager-1.4.0-SNAPSHOT.jar:?]
	at org.apache.hadoop.ozone.protocolPB.OzoneManagerRequestHandler.handleReadRequest(OzoneManagerRequestHandler.java:250) ~[ozone-manager-1.4.0-SNAPSHOT.jar:?]
	at org.apache.hadoop.ozone.protocolPB.OzoneManagerProtocolServerSideTranslatorPB.submitRequestDirectlyToOM(OzoneManagerProtocolServerSideTranslatorPB.java:274) ~[ozone-manager-1.4.0-SNAPSHOT.jar:?]
	at org.apache.hadoop.ozone.protocolPB.OzoneManagerProtocolServerSideTranslatorPB.processRequest(OzoneManagerProtocolServerSideTranslatorPB.java:175) ~[ozone-manager-1.4.0-SNAPSHOT.jar:?]
	at org.apache.hadoop.hdds.server.OzoneProtocolMessageDispatcher.processRequest(OzoneProtocolMessageDispatcher.java:87) [hdds-server-framework-1.4.0-SNAPSHOT.jar:?]
	at org.apache.hadoop.ozone.protocolPB.OzoneManagerProtocolServerSideTranslatorPB.submitRequest(OzoneManagerProtocolServerSideTranslatorPB.java:148) [ozone-manager-1.4.0-SNAPSHOT.jar:?]
	at org.apache.hadoop.ozone.protocol.proto.OzoneManagerProtocolProtos$OzoneManagerService$2.callBlockingMethod(OzoneManagerProtocolProtos.java) [ozone-interface-client-1.4.0-SNAPSHOT.jar:?]
	at org.apache.hadoop.ipc.ProtobufRpcEngine$Server.processCall(ProtobufRpcEngine.java:484) [hadoop-common-3.3.6.jar:?]
	at org.apache.hadoop.ipc.ProtobufRpcEngine2$Server$ProtoBufRpcInvoker.call(ProtobufRpcEngine2.java:595) [hadoop-common-3.3.6.jar:?]
	at org.apache.hadoop.ipc.ProtobufRpcEngine2$Server$ProtoBufRpcInvoker.call(ProtobufRpcEngine2.java:573) [hadoop-common-3.3.6.jar:?]
	at org.apache.hadoop.ipc.RPC$Server.call(RPC.java:1227) [hadoop-common-3.3.6.jar:?]
	at org.apache.hadoop.ipc.Server$RpcCall.run(Server.java:1094) [hadoop-common-3.3.6.jar:?]
	at org.apache.hadoop.ipc.Server$RpcCall.run(Server.java:1017) [hadoop-common-3.3.6.jar:?]
	at java.security.AccessController.doPrivileged(Native Method) ~[?:1.8.0_382]
	at javax.security.auth.Subject.doAs(Subject.java:422) [?:1.8.0_382]
	at org.apache.hadoop.security.UserGroupInformation.doAs(UserGroupInformation.java:1899) [hadoop-common-3.3.6.jar:?]
	at org.apache.hadoop.ipc.Server$Handler.run(Server.java:3048) [hadoop-common-3.3.6.jar:?]
20:32:44.297 [IPC Server handler 14 on default port 15163] ERROR OMAudit - user=runner | ip=127.0.0.1 | op=GET_FILE_STATUS {volume=volume10577, bucket=bucket68495, key=testBatchDelete/parent/childFolder/child5, dataSize=0, replicationConfig=null} | ret=FAILURE
org.apache.hadoop.ozone.om.exceptions.OMException: Unable to get file status: volume: volume10577 bucket: bucket68495 key: testBatchDelete/parent/childFolder/child5
	at org.apache.hadoop.ozone.om.KeyManagerImpl.getOzoneFileStatus(KeyManagerImpl.java:1195) ~[ozone-manager-1.4.0-SNAPSHOT.jar:?]
	at org.apache.hadoop.ozone.om.KeyManagerImpl.getFileStatus(KeyManagerImpl.java:1113) ~[ozone-manager-1.4.0-SNAPSHOT.jar:?]
	at org.apache.hadoop.ozone.om.OmMetadataReader.getFileStatus(OmMetadataReader.java:262) ~[ozone-manager-1.4.0-SNAPSHOT.jar:?]
	at org.apache.hadoop.ozone.om.OzoneManager.getFileStatus(OzoneManager.java:3530) ~[ozone-manager-1.4.0-SNAPSHOT.jar:?]
	at org.apache.hadoop.ozone.protocolPB.OzoneManagerRequestHandler.getOzoneFileStatus(OzoneManagerRequestHandler.java:971) ~[ozone-manager-1.4.0-SNAPSHOT.jar:?]
	at org.apache.hadoop.ozone.protocolPB.OzoneManagerRequestHandler.handleReadRequest(OzoneManagerRequestHandler.java:250) ~[ozone-manager-1.4.0-SNAPSHOT.jar:?]
	at org.apache.hadoop.ozone.protocolPB.OzoneManagerProtocolServerSideTranslatorPB.submitRequestDirectlyToOM(OzoneManagerProtocolServerSideTranslatorPB.java:274) ~[ozone-manager-1.4.0-SNAPSHOT.jar:?]
	at org.apache.hadoop.ozone.protocolPB.OzoneManagerProtocolServerSideTranslatorPB.processRequest(OzoneManagerProtocolServerSideTranslatorPB.java:175) ~[ozone-manager-1.4.0-SNAPSHOT.jar:?]
	at org.apache.hadoop.hdds.server.OzoneProtocolMessageDispatcher.processRequest(OzoneProtocolMessageDispatcher.java:87) [hdds-server-framework-1.4.0-SNAPSHOT.jar:?]
	at org.apache.hadoop.ozone.protocolPB.OzoneManagerProtocolServerSideTranslatorPB.submitRequest(OzoneManagerProtocolServerSideTranslatorPB.java:148) [ozone-manager-1.4.0-SNAPSHOT.jar:?]
	at org.apache.hadoop.ozone.protocol.proto.OzoneManagerProtocolProtos$OzoneManagerService$2.callBlockingMethod(OzoneManagerProtocolProtos.java) [ozone-interface-client-1.4.0-SNAPSHOT.jar:?]
	at org.apache.hadoop.ipc.ProtobufRpcEngine$Server.processCall(ProtobufRpcEngine.java:484) [hadoop-common-3.3.6.jar:?]
	at org.apache.hadoop.ipc.ProtobufRpcEngine2$Server$ProtoBufRpcInvoker.call(ProtobufRpcEngine2.java:595) [hadoop-common-3.3.6.jar:?]
	at org.apache.hadoop.ipc.ProtobufRpcEngine2$Server$ProtoBufRpcInvoker.call(ProtobufRpcEngine2.java:573) [hadoop-common-3.3.6.jar:?]
	at org.apache.hadoop.ipc.RPC$Server.call(RPC.java:1227) [hadoop-common-3.3.6.jar:?]
	at org.apache.hadoop.ipc.Server$RpcCall.run(Server.java:1094) [hadoop-common-3.3.6.jar:?]
	at org.apache.hadoop.ipc.Server$RpcCall.run(Server.java:1017) [hadoop-common-3.3.6.jar:?]
	at java.security.AccessController.doPrivileged(Native Method) ~[?:1.8.0_382]
	at javax.security.auth.Subject.doAs(Subject.java:422) [?:1.8.0_382]
	at org.apache.hadoop.security.UserGroupInformation.doAs(UserGroupInformation.java:1899) [hadoop-common-3.3.6.jar:?]
	at org.apache.hadoop.ipc.Server$Handler.run(Server.java:3048) [hadoop-common-3.3.6.jar:?]
20:32:44.298 [IPC Server handler 2 on default port 15163] ERROR OMAudit - user=runner | ip=127.0.0.1 | op=GET_FILE_STATUS {volume=volume10577, bucket=bucket68495, key=testBatchDelete/parent/child6, dataSize=0, replicationConfig=null} | ret=FAILURE
org.apache.hadoop.ozone.om.exceptions.OMException: Unable to get file status: volume: volume10577 bucket: bucket68495 key: testBatchDelete/parent/child6
	at org.apache.hadoop.ozone.om.KeyManagerImpl.getOzoneFileStatus(KeyManagerImpl.java:1195) ~[ozone-manager-1.4.0-SNAPSHOT.jar:?]
	at org.apache.hadoop.ozone.om.KeyManagerImpl.getFileStatus(KeyManagerImpl.java:1113) ~[ozone-manager-1.4.0-SNAPSHOT.jar:?]
	at org.apache.hadoop.ozone.om.OmMetadataReader.getFileStatus(OmMetadataReader.java:262) ~[ozone-manager-1.4.0-SNAPSHOT.jar:?]
	at org.apache.hadoop.ozone.om.OzoneManager.getFileStatus(OzoneManager.java:3530) ~[ozone-manager-1.4.0-SNAPSHOT.jar:?]
	at org.apache.hadoop.ozone.protocolPB.OzoneManagerRequestHandler.getOzoneFileStatus(OzoneManagerRequestHandler.java:971) ~[ozone-manager-1.4.0-SNAPSHOT.jar:?]
	at org.apache.hadoop.ozone.protocolPB.OzoneManagerRequestHandler.handleReadRequest(OzoneManagerRequestHandler.java:250) ~[ozone-manager-1.4.0-SNAPSHOT.jar:?]
	at org.apache.hadoop.ozone.protocolPB.OzoneManagerProtocolServerSideTranslatorPB.submitRequestDirectlyToOM(OzoneManagerProtocolServerSideTranslatorPB.java:274) ~[ozone-manager-1.4.0-SNAPSHOT.jar:?]
	at org.apache.hadoop.ozone.protocolPB.OzoneManagerProtocolServerSideTranslatorPB.processRequest(OzoneManagerProtocolServerSideTranslatorPB.java:175) ~[ozone-manager-1.4.0-SNAPSHOT.jar:?]
	at org.apache.hadoop.hdds.server.OzoneProtocolMessageDispatcher.processRequest(OzoneProtocolMessageDispatcher.java:87) [hdds-server-framework-1.4.0-SNAPSHOT.jar:?]
	at org.apache.hadoop.ozone.protocolPB.OzoneManagerProtocolServerSideTranslatorPB.submitRequest(OzoneManagerProtocolServerSideTranslatorPB.java:148) [ozone-manager-1.4.0-SNAPSHOT.jar:?]
	at org.apache.hadoop.ozone.protocol.proto.OzoneManagerProtocolProtos$OzoneManagerService$2.callBlockingMethod(OzoneManagerProtocolProtos.java) [ozone-interface-client-1.4.0-SNAPSHOT.jar:?]
	at org.apache.hadoop.ipc.ProtobufRpcEngine$Server.processCall(ProtobufRpcEngine.java:484) [hadoop-common-3.3.6.jar:?]
	at org.apache.hadoop.ipc.ProtobufRpcEngine2$Server$ProtoBufRpcInvoker.call(ProtobufRpcEngine2.java:595) [hadoop-common-3.3.6.jar:?]
	at org.apache.hadoop.ipc.ProtobufRpcEngine2$Server$ProtoBufRpcInvoker.call(ProtobufRpcEngine2.java:573) [hadoop-common-3.3.6.jar:?]
	at org.apache.hadoop.ipc.RPC$Server.call(RPC.java:1227) [hadoop-common-3.3.6.jar:?]
	at org.apache.hadoop.ipc.Server$RpcCall.run(Server.java:1094) [hadoop-common-3.3.6.jar:?]
	at org.apache.hadoop.ipc.Server$RpcCall.run(Server.java:1017) [hadoop-common-3.3.6.jar:?]
	at java.security.AccessController.doPrivileged(Native Method) ~[?:1.8.0_382]
	at javax.security.auth.Subject.doAs(Subject.java:422) [?:1.8.0_382]
	at org.apache.hadoop.security.UserGroupInformation.doAs(UserGroupInformation.java:1899) [hadoop-common-3.3.6.jar:?]
	at org.apache.hadoop.ipc.Server$Handler.run(Server.java:3048) [hadoop-common-3.3.6.jar:?]
20:32:44.299 [IPC Server handler 1 on default port 15163] ERROR OMAudit - user=runner | ip=127.0.0.1 | op=GET_FILE_STATUS {volume=volume10577, bucket=bucket68495, key=testBatchDelete/parent/childFolder/child6, dataSize=0, replicationConfig=null} | ret=FAILURE
org.apache.hadoop.ozone.om.exceptions.OMException: Unable to get file status: volume: volume10577 bucket: bucket68495 key: testBatchDelete/parent/childFolder/child6
	at org.apache.hadoop.ozone.om.KeyManagerImpl.getOzoneFileStatus(KeyManagerImpl.java:1195) ~[ozone-manager-1.4.0-SNAPSHOT.jar:?]
	at org.apache.hadoop.ozone.om.KeyManagerImpl.getFileStatus(KeyManagerImpl.java:1113) ~[ozone-manager-1.4.0-SNAPSHOT.jar:?]
	at org.apache.hadoop.ozone.om.OmMetadataReader.getFileStatus(OmMetadataReader.java:262) ~[ozone-manager-1.4.0-SNAPSHOT.jar:?]
	at org.apache.hadoop.ozone.om.OzoneManager.getFileStatus(OzoneManager.java:3530) ~[ozone-manager-1.4.0-SNAPSHOT.jar:?]
	at org.apache.hadoop.ozone.protocolPB.OzoneManagerRequestHandler.getOzoneFileStatus(OzoneManagerRequestHandler.java:971) ~[ozone-manager-1.4.0-SNAPSHOT.jar:?]
	at org.apache.hadoop.ozone.protocolPB.OzoneManagerRequestHandler.handleReadRequest(OzoneManagerRequestHandler.java:250) ~[ozone-manager-1.4.0-SNAPSHOT.jar:?]
	at org.apache.hadoop.ozone.protocolPB.OzoneManagerProtocolServerSideTranslatorPB.submitRequestDirectlyToOM(OzoneManagerProtocolServerSideTranslatorPB.java:274) ~[ozone-manager-1.4.0-SNAPSHOT.jar:?]
	at org.apache.hadoop.ozone.protocolPB.OzoneManagerProtocolServerSideTranslatorPB.processRequest(OzoneManagerProtocolServerSideTranslatorPB.java:175) ~[ozone-manager-1.4.0-SNAPSHOT.jar:?]
	at org.apache.hadoop.hdds.server.OzoneProtocolMessageDispatcher.processRequest(OzoneProtocolMessageDispatcher.java:87) [hdds-server-framework-1.4.0-SNAPSHOT.jar:?]
	at org.apache.hadoop.ozone.protocolPB.OzoneManagerProtocolServerSideTranslatorPB.submitRequest(OzoneManagerProtocolServerSideTranslatorPB.java:148) [ozone-manager-1.4.0-SNAPSHOT.jar:?]
	at org.apache.hadoop.ozone.protocol.proto.OzoneManagerProtocolProtos$OzoneManagerService$2.callBlockingMethod(OzoneManagerProtocolProtos.java) [ozone-interface-client-1.4.0-SNAPSHOT.jar:?]
	at org.apache.hadoop.ipc.ProtobufRpcEngine$Server.processCall(ProtobufRpcEngine.java:484) [hadoop-common-3.3.6.jar:?]
	at org.apache.hadoop.ipc.ProtobufRpcEngine2$Server$ProtoBufRpcInvoker.call(ProtobufRpcEngine2.java:595) [hadoop-common-3.3.6.jar:?]
	at org.apache.hadoop.ipc.ProtobufRpcEngine2$Server$ProtoBufRpcInvoker.call(ProtobufRpcEngine2.java:573) [hadoop-common-3.3.6.jar:?]
	at org.apache.hadoop.ipc.RPC$Server.call(RPC.java:1227) [hadoop-common-3.3.6.jar:?]
	at org.apache.hadoop.ipc.Server$RpcCall.run(Server.java:1094) [hadoop-common-3.3.6.jar:?]
	at org.apache.hadoop.ipc.Server$RpcCall.run(Server.java:1017) [hadoop-common-3.3.6.jar:?]
	at java.security.AccessController.doPrivileged(Native Method) ~[?:1.8.0_382]
	at javax.security.auth.Subject.doAs(Subject.java:422) [?:1.8.0_382]
	at org.apache.hadoop.security.UserGroupInformation.doAs(UserGroupInformation.java:1899) [hadoop-common-3.3.6.jar:?]
	at org.apache.hadoop.ipc.Server$Handler.run(Server.java:3048) [hadoop-common-3.3.6.jar:?]
20:32:44.300 [IPC Server handler 0 on default port 15163] ERROR OMAudit - user=runner | ip=127.0.0.1 | op=GET_FILE_STATUS {volume=volume10577, bucket=bucket68495, key=testBatchDelete/parent/child7, dataSize=0, replicationConfig=null} | ret=FAILURE
org.apache.hadoop.ozone.om.exceptions.OMException: Unable to get file status: volume: volume10577 bucket: bucket68495 key: testBatchDelete/parent/child7
	at org.apache.hadoop.ozone.om.KeyManagerImpl.getOzoneFileStatus(KeyManagerImpl.java:1195) ~[ozone-manager-1.4.0-SNAPSHOT.jar:?]
	at org.apache.hadoop.ozone.om.KeyManagerImpl.getFileStatus(KeyManagerImpl.java:1113) ~[ozone-manager-1.4.0-SNAPSHOT.jar:?]
	at org.apache.hadoop.ozone.om.OmMetadataReader.getFileStatus(OmMetadataReader.java:262) ~[ozone-manager-1.4.0-SNAPSHOT.jar:?]
	at org.apache.hadoop.ozone.om.OzoneManager.getFileStatus(OzoneManager.java:3530) ~[ozone-manager-1.4.0-SNAPSHOT.jar:?]
	at org.apache.hadoop.ozone.protocolPB.OzoneManagerRequestHandler.getOzoneFileStatus(OzoneManagerRequestHandler.java:971) ~[ozone-manager-1.4.0-SNAPSHOT.jar:?]
	at org.apache.hadoop.ozone.protocolPB.OzoneManagerRequestHandler.handleReadRequest(OzoneManagerRequestHandler.java:250) ~[ozone-manager-1.4.0-SNAPSHOT.jar:?]
	at org.apache.hadoop.ozone.protocolPB.OzoneManagerProtocolServerSideTranslatorPB.submitRequestDirectlyToOM(OzoneManagerProtocolServerSideTranslatorPB.java:274) ~[ozone-manager-1.4.0-SNAPSHOT.jar:?]
	at org.apache.hadoop.ozone.protocolPB.OzoneManagerProtocolServerSideTranslatorPB.processRequest(OzoneManagerProtocolServerSideTranslatorPB.java:175) ~[ozone-manager-1.4.0-SNAPSHOT.jar:?]
	at org.apache.hadoop.hdds.server.OzoneProtocolMessageDispatcher.processRequest(OzoneProtocolMessageDispatcher.java:87) [hdds-server-framework-1.4.0-SNAPSHOT.jar:?]
	at org.apache.hadoop.ozone.protocolPB.OzoneManagerProtocolServerSideTranslatorPB.submitRequest(OzoneManagerProtocolServerSideTranslatorPB.java:148) [ozone-manager-1.4.0-SNAPSHOT.jar:?]
	at org.apache.hadoop.ozone.protocol.proto.OzoneManagerProtocolProtos$OzoneManagerService$2.callBlockingMethod(OzoneManagerProtocolProtos.java) [ozone-interface-client-1.4.0-SNAPSHOT.jar:?]
	at org.apache.hadoop.ipc.ProtobufRpcEngine$Server.processCall(ProtobufRpcEngine.java:484) [hadoop-common-3.3.6.jar:?]
	at org.apache.hadoop.ipc.ProtobufRpcEngine2$Server$ProtoBufRpcInvoker.call(ProtobufRpcEngine2.java:595) [hadoop-common-3.3.6.jar:?]
	at org.apache.hadoop.ipc.ProtobufRpcEngine2$Server$ProtoBufRpcInvoker.call(ProtobufRpcEngine2.java:573) [hadoop-common-3.3.6.jar:?]
	at org.apache.hadoop.ipc.RPC$Server.call(RPC.java:1227) [hadoop-common-3.3.6.jar:?]
	at org.apache.hadoop.ipc.Server$RpcCall.run(Server.java:1094) [hadoop-common-3.3.6.jar:?]
	at org.apache.hadoop.ipc.Server$RpcCall.run(Server.java:1017) [hadoop-common-3.3.6.jar:?]
	at java.security.AccessController.doPrivileged(Native Method) ~[?:1.8.0_382]
	at javax.security.auth.Subject.doAs(Subject.java:422) [?:1.8.0_382]
	at org.apache.hadoop.security.UserGroupInformation.doAs(UserGroupInformation.java:1899) [hadoop-common-3.3.6.jar:?]
	at org.apache.hadoop.ipc.Server$Handler.run(Server.java:3048) [hadoop-common-3.3.6.jar:?]
20:32:44.303 [IPC Server handler 3 on default port 15163] ERROR OMAudit - user=runner | ip=127.0.0.1 | op=GET_FILE_STATUS {volume=volume10577, bucket=bucket68495, key=testBatchDelete/parent/childFolder/child7, dataSize=0, replicationConfig=null} | ret=FAILURE
org.apache.hadoop.ozone.om.exceptions.OMException: Unable to get file status: volume: volume10577 bucket: bucket68495 key: testBatchDelete/parent/childFolder/child7
	at org.apache.hadoop.ozone.om.KeyManagerImpl.getOzoneFileStatus(KeyManagerImpl.java:1195) ~[ozone-manager-1.4.0-SNAPSHOT.jar:?]
	at org.apache.hadoop.ozone.om.KeyManagerImpl.getFileStatus(KeyManagerImpl.java:1113) ~[ozone-manager-1.4.0-SNAPSHOT.jar:?]
	at org.apache.hadoop.ozone.om.OmMetadataReader.getFileStatus(OmMetadataReader.java:262) ~[ozone-manager-1.4.0-SNAPSHOT.jar:?]
	at org.apache.hadoop.ozone.om.OzoneManager.getFileStatus(OzoneManager.java:3530) ~[ozone-manager-1.4.0-SNAPSHOT.jar:?]
	at org.apache.hadoop.ozone.protocolPB.OzoneManagerRequestHandler.getOzoneFileStatus(OzoneManagerRequestHandler.java:971) ~[ozone-manager-1.4.0-SNAPSHOT.jar:?]
	at org.apache.hadoop.ozone.protocolPB.OzoneManagerRequestHandler.handleReadRequest(OzoneManagerRequestHandler.java:250) ~[ozone-manager-1.4.0-SNAPSHOT.jar:?]
	at org.apache.hadoop.ozone.protocolPB.OzoneManagerProtocolServerSideTranslatorPB.submitRequestDirectlyToOM(OzoneManagerProtocolServerSideTranslatorPB.java:274) ~[ozone-manager-1.4.0-SNAPSHOT.jar:?]
	at org.apache.hadoop.ozone.protocolPB.OzoneManagerProtocolServerSideTranslatorPB.processRequest(OzoneManagerProtocolServerSideTranslatorPB.java:175) ~[ozone-manager-1.4.0-SNAPSHOT.jar:?]
	at org.apache.hadoop.hdds.server.OzoneProtocolMessageDispatcher.processRequest(OzoneProtocolMessageDispatcher.java:87) [hdds-server-framework-1.4.0-SNAPSHOT.jar:?]
	at org.apache.hadoop.ozone.protocolPB.OzoneManagerProtocolServerSideTranslatorPB.submitRequest(OzoneManagerProtocolServerSideTranslatorPB.java:148) [ozone-manager-1.4.0-SNAPSHOT.jar:?]
	at org.apache.hadoop.ozone.protocol.proto.OzoneManagerProtocolProtos$OzoneManagerService$2.callBlockingMethod(OzoneManagerProtocolProtos.java) [ozone-interface-client-1.4.0-SNAPSHOT.jar:?]
	at org.apache.hadoop.ipc.ProtobufRpcEngine$Server.processCall(ProtobufRpcEngine.java:484) [hadoop-common-3.3.6.jar:?]
	at org.apache.hadoop.ipc.ProtobufRpcEngine2$Server$ProtoBufRpcInvoker.call(ProtobufRpcEngine2.java:595) [hadoop-common-3.3.6.jar:?]
	at org.apache.hadoop.ipc.ProtobufRpcEngine2$Server$ProtoBufRpcInvoker.call(ProtobufRpcEngine2.java:573) [hadoop-common-3.3.6.jar:?]
	at org.apache.hadoop.ipc.RPC$Server.call(RPC.java:1227) [hadoop-common-3.3.6.jar:?]
	at org.apache.hadoop.ipc.Server$RpcCall.run(Server.java:1094) [hadoop-common-3.3.6.jar:?]
	at org.apache.hadoop.ipc.Server$RpcCall.run(Server.java:1017) [hadoop-common-3.3.6.jar:?]
	at java.security.AccessController.doPrivileged(Native Method) ~[?:1.8.0_382]
	at javax.security.auth.Subject.doAs(Subject.java:422) [?:1.8.0_382]
	at org.apache.hadoop.security.UserGroupInformation.doAs(UserGroupInformation.java:1899) [hadoop-common-3.3.6.jar:?]
	at org.apache.hadoop.ipc.Server$Handler.run(Server.java:3048) [hadoop-common-3.3.6.jar:?]
20:32:44.307 [IPC Server handler 4 on default port 15163] ERROR OMAudit - user=runner | ip=127.0.0.1 | op=GET_FILE_STATUS {volume=volume10577, bucket=bucket68495, key=testBatchDelete/parent, dataSize=0, replicationConfig=null} | ret=FAILURE
org.apache.hadoop.ozone.om.exceptions.OMException: Unable to get file status: volume: volume10577 bucket: bucket68495 key: testBatchDelete/parent
	at org.apache.hadoop.ozone.om.KeyManagerImpl.getOzoneFileStatus(KeyManagerImpl.java:1195) ~[ozone-manager-1.4.0-SNAPSHOT.jar:?]
	at org.apache.hadoop.ozone.om.KeyManagerImpl.getFileStatus(KeyManagerImpl.java:1113) ~[ozone-manager-1.4.0-SNAPSHOT.jar:?]
	at org.apache.hadoop.ozone.om.OmMetadataReader.getFileStatus(OmMetadataReader.java:262) ~[ozone-manager-1.4.0-SNAPSHOT.jar:?]
	at org.apache.hadoop.ozone.om.OzoneManager.getFileStatus(OzoneManager.java:3530) ~[ozone-manager-1.4.0-SNAPSHOT.jar:?]
	at org.apache.hadoop.ozone.protocolPB.OzoneManagerRequestHandler.getOzoneFileStatus(OzoneManagerRequestHandler.java:971) ~[ozone-manager-1.4.0-SNAPSHOT.jar:?]
	at org.apache.hadoop.ozone.protocolPB.OzoneManagerRequestHandler.handleReadRequest(OzoneManagerRequestHandler.java:250) ~[ozone-manager-1.4.0-SNAPSHOT.jar:?]
	at org.apache.hadoop.ozone.protocolPB.OzoneManagerProtocolServerSideTranslatorPB.submitRequestDirectlyToOM(OzoneManagerProtocolServerSideTranslatorPB.java:274) ~[ozone-manager-1.4.0-SNAPSHOT.jar:?]
	at org.apache.hadoop.ozone.protocolPB.OzoneManagerProtocolServerSideTranslatorPB.processRequest(OzoneManagerProtocolServerSideTranslatorPB.java:175) ~[ozone-manager-1.4.0-SNAPSHOT.jar:?]
	at org.apache.hadoop.hdds.server.OzoneProtocolMessageDispatcher.processRequest(OzoneProtocolMessageDispatcher.java:87) [hdds-server-framework-1.4.0-SNAPSHOT.jar:?]
	at org.apache.hadoop.ozone.protocolPB.OzoneManagerProtocolServerSideTranslatorPB.submitRequest(OzoneManagerProtocolServerSideTranslatorPB.java:148) [ozone-manager-1.4.0-SNAPSHOT.jar:?]
	at org.apache.hadoop.ozone.protocol.proto.OzoneManagerProtocolProtos$OzoneManagerService$2.callBlockingMethod(OzoneManagerProtocolProtos.java) [ozone-interface-client-1.4.0-SNAPSHOT.jar:?]
	at org.apache.hadoop.ipc.ProtobufRpcEngine$Server.processCall(ProtobufRpcEngine.java:484) [hadoop-common-3.3.6.jar:?]
	at org.apache.hadoop.ipc.ProtobufRpcEngine2$Server$ProtoBufRpcInvoker.call(ProtobufRpcEngine2.java:595) [hadoop-common-3.3.6.jar:?]
	at org.apache.hadoop.ipc.ProtobufRpcEngine2$Server$ProtoBufRpcInvoker.call(ProtobufRpcEngine2.java:573) [hadoop-common-3.3.6.jar:?]
	at org.apache.hadoop.ipc.RPC$Server.call(RPC.java:1227) [hadoop-common-3.3.6.jar:?]
	at org.apache.hadoop.ipc.Server$RpcCall.run(Server.java:1094) [hadoop-common-3.3.6.jar:?]
	at org.apache.hadoop.ipc.Server$RpcCall.run(Server.java:1017) [hadoop-common-3.3.6.jar:?]
	at java.security.AccessController.doPrivileged(Native Method) ~[?:1.8.0_382]
	at javax.security.auth.Subject.doAs(Subject.java:422) [?:1.8.0_382]
	at org.apache.hadoop.security.UserGroupInformation.doAs(UserGroupInformation.java:1899) [hadoop-common-3.3.6.jar:?]
	at org.apache.hadoop.ipc.Server$Handler.run(Server.java:3048) [hadoop-common-3.3.6.jar:?]
2023-09-07 20:32:44,307 [Time-limited test] WARN  ozone.BasicOzoneFileSystem (BasicOzoneFileSystem.java:delete(595)) - delete: Path does not exist: /testBatchDelete/parent
]]></system-out>
  </testcase>
  <testcase name="testListStatusIteratorOnPageSize" classname="TestOzoneFileSystem" time="71.914">
    <system-out><![CDATA[2023-09-07 20:28:03,086 [JvmPauseMonitor6] WARN  util.JvmPauseMonitor (JvmPauseMonitor.java:detectPause(124)) - JvmPauseMonitor-4928b7b2-b158-4302-bddf-2efad1d6a915: Detected pause in JVM or host machine approximately 0.152s with 0.158s GC time.
GC pool 'PS Scavenge' had collection(s): count=1 time=158ms
2023-09-07 20:28:03,087 [JvmPauseMonitor5] WARN  util.JvmPauseMonitor (JvmPauseMonitor.java:detectPause(124)) - JvmPauseMonitor-5f055d78-845e-4650-aea7-51f979d0aed9: Detected pause in JVM or host machine approximately 0.152s with 0.158s GC time.
GC pool 'PS Scavenge' had collection(s): count=1 time=158ms
2023-09-07 20:28:03,087 [JvmPauseMonitor4] WARN  util.JvmPauseMonitor (JvmPauseMonitor.java:detectPause(124)) - JvmPauseMonitor-d960e1ec-e2de-43a1-b7f8-937811771cc3: Detected pause in JVM or host machine approximately 0.150s with 0.158s GC time.
GC pool 'PS Scavenge' had collection(s): count=1 time=158ms
2023-09-07 20:28:20,153 [IPC Server handler 16 on default port 15001] INFO  ha.SequenceIdGenerator (SequenceIdGenerator.java:getNextId(140)) - Allocate a batch for delTxnId, change lastId from 0 to 1000.
2023-09-07 20:28:23,886 [BlockDeletingService#0] INFO  interfaces.ContainerDeletionChoosingPolicyTemplate (ContainerDeletionChoosingPolicyTemplate.java:chooseContainerForBlockDeletion(85)) - Chosen 0/5000 blocks from 0 candidate containers.
2023-09-07 20:28:24,256 [BlockDeletingService#0] INFO  interfaces.ContainerDeletionChoosingPolicyTemplate (ContainerDeletionChoosingPolicyTemplate.java:chooseContainerForBlockDeletion(85)) - Chosen 0/5000 blocks from 0 candidate containers.
2023-09-07 20:28:24,640 [BlockDeletingService#0] INFO  interfaces.ContainerDeletionChoosingPolicyTemplate (ContainerDeletionChoosingPolicyTemplate.java:chooseContainerForBlockDeletion(85)) - Chosen 0/5000 blocks from 0 candidate containers.
2023-09-07 20:28:25,106 [BlockDeletingService#0] INFO  interfaces.ContainerDeletionChoosingPolicyTemplate (ContainerDeletionChoosingPolicyTemplate.java:chooseContainerForBlockDeletion(85)) - Chosen 0/5000 blocks from 0 candidate containers.
2023-09-07 20:28:25,521 [BlockDeletingService#0] INFO  interfaces.ContainerDeletionChoosingPolicyTemplate (ContainerDeletionChoosingPolicyTemplate.java:chooseContainerForBlockDeletion(85)) - Chosen 0/5000 blocks from 0 candidate containers.
2023-09-07 20:28:33,813 [JvmPauseMonitor6] WARN  util.JvmPauseMonitor (JvmPauseMonitor.java:detectPause(124)) - JvmPauseMonitor-4928b7b2-b158-4302-bddf-2efad1d6a915: Detected pause in JVM or host machine approximately 0.132s with 0.134s GC time.
GC pool 'PS Scavenge' had collection(s): count=1 time=134ms
2023-09-07 20:28:33,813 [JvmPauseMonitor0] WARN  util.JvmPauseMonitor (JvmPauseMonitor.java:detectPause(124)) - JvmPauseMonitor-3d8f6fb2-87c8-466e-a584-a5be4f8d737f: Detected pause in JVM or host machine approximately 0.132s with 0.134s GC time.
GC pool 'PS Scavenge' had collection(s): count=1 time=134ms
2023-09-07 20:28:33,813 [JvmPauseMonitor3] WARN  util.JvmPauseMonitor (JvmPauseMonitor.java:detectPause(124)) - JvmPauseMonitor-22c736ca-ae96-41a9-953f-e3c60311c10c: Detected pause in JVM or host machine approximately 0.132s with 0.134s GC time.
GC pool 'PS Scavenge' had collection(s): count=1 time=134ms
2023-09-07 20:28:33,813 [JvmPauseMonitor2] WARN  util.JvmPauseMonitor (JvmPauseMonitor.java:detectPause(124)) - JvmPauseMonitor-4c0a5098-e377-4fbc-882f-38eb7693a6cf: Detected pause in JVM or host machine approximately 0.132s with 0.134s GC time.
GC pool 'PS Scavenge' had collection(s): count=1 time=134ms
2023-09-07 20:28:33,813 [JvmPauseMonitor1] WARN  util.JvmPauseMonitor (JvmPauseMonitor.java:detectPause(124)) - JvmPauseMonitor-om1: Detected pause in JVM or host machine approximately 0.132s with 0.134s GC time.
GC pool 'PS Scavenge' had collection(s): count=1 time=134ms
2023-09-07 20:28:33,813 [JvmPauseMonitor4] WARN  util.JvmPauseMonitor (JvmPauseMonitor.java:detectPause(124)) - JvmPauseMonitor-d960e1ec-e2de-43a1-b7f8-937811771cc3: Detected pause in JVM or host machine approximately 0.135s with 0.134s GC time.
GC pool 'PS Scavenge' had collection(s): count=1 time=134ms
2023-09-07 20:28:33,814 [JvmPauseMonitor5] WARN  util.JvmPauseMonitor (JvmPauseMonitor.java:detectPause(124)) - JvmPauseMonitor-5f055d78-845e-4650-aea7-51f979d0aed9: Detected pause in JVM or host machine approximately 0.135s with 0.134s GC time.
GC pool 'PS Scavenge' had collection(s): count=1 time=134ms
]]></system-out>
  </testcase>
  <testcase name="testListStatusIteratorOnPageSize" classname="TestOzoneFileSystem" time="46.445">
    <system-out><![CDATA[2023-09-07 20:29:43,488 [JvmPauseMonitor7] WARN  util.JvmPauseMonitor (JvmPauseMonitor.java:detectPause(124)) - JvmPauseMonitor-2c1fc050-23c8-48a8-9331-275cd9c9a7dd: Detected pause in JVM or host machine approximately 0.362s with 0.849s GC time.
GC pool 'PS MarkSweep' had collection(s): count=1 time=524ms
GC pool 'PS Scavenge' had collection(s): count=1 time=325ms
2023-09-07 20:29:43,488 [JvmPauseMonitor12] WARN  util.JvmPauseMonitor (JvmPauseMonitor.java:detectPause(124)) - JvmPauseMonitor-e6894f1b-35d2-469c-bf31-69833cd25437: Detected pause in JVM or host machine approximately 0.439s with 0.849s GC time.
GC pool 'PS MarkSweep' had collection(s): count=1 time=524ms
GC pool 'PS Scavenge' had collection(s): count=1 time=325ms
2023-09-07 20:29:43,489 [JvmPauseMonitor13] WARN  util.JvmPauseMonitor (JvmPauseMonitor.java:detectPause(124)) - JvmPauseMonitor-942f2b0f-4d82-489c-b29f-3fa1e69d5237: Detected pause in JVM or host machine approximately 0.596s with 0.849s GC time.
GC pool 'PS MarkSweep' had collection(s): count=1 time=524ms
GC pool 'PS Scavenge' had collection(s): count=1 time=325ms
2023-09-07 20:29:43,489 [JvmPauseMonitor9] WARN  util.JvmPauseMonitor (JvmPauseMonitor.java:detectPause(124)) - JvmPauseMonitor-8788027e-81d1-4d47-afe3-241385989a54: Detected pause in JVM or host machine approximately 0.638s with 0.849s GC time.
GC pool 'PS MarkSweep' had collection(s): count=1 time=524ms
GC pool 'PS Scavenge' had collection(s): count=1 time=325ms
2023-09-07 20:29:43,491 [JvmPauseMonitor10] WARN  util.JvmPauseMonitor (JvmPauseMonitor.java:detectPause(124)) - JvmPauseMonitor-2f0e8030-05aa-4e91-b2c6-437482cdb37f: Detected pause in JVM or host machine approximately 0.686s with 0.849s GC time.
GC pool 'PS MarkSweep' had collection(s): count=1 time=524ms
GC pool 'PS Scavenge' had collection(s): count=1 time=325ms
2023-09-07 20:29:43,491 [JvmPauseMonitor8] WARN  util.JvmPauseMonitor (JvmPauseMonitor.java:detectPause(124)) - JvmPauseMonitor-027c011a-ad20-462a-9575-57fe288d25fe: Detected pause in JVM or host machine approximately 0.698s with 0.849s GC time.
GC pool 'PS MarkSweep' had collection(s): count=1 time=524ms
GC pool 'PS Scavenge' had collection(s): count=1 time=325ms
2023-09-07 20:29:43,492 [JvmPauseMonitor11] WARN  util.JvmPauseMonitor (JvmPauseMonitor.java:detectPause(124)) - JvmPauseMonitor-e6d6ce9d-4fd0-4987-92e7-1065424d9f29: Detected pause in JVM or host machine approximately 0.794s with 0.849s GC time.
GC pool 'PS MarkSweep' had collection(s): count=1 time=524ms
GC pool 'PS Scavenge' had collection(s): count=1 time=325ms
2023-09-07 20:30:21,761 [IPC Server handler 14 on default port 15054] INFO  ha.SequenceIdGenerator (SequenceIdGenerator.java:getNextId(140)) - Allocate a batch for delTxnId, change lastId from 0 to 1000.
2023-09-07 20:30:24,219 [JvmPauseMonitor10] WARN  util.JvmPauseMonitor (JvmPauseMonitor.java:detectPause(124)) - JvmPauseMonitor-2f0e8030-05aa-4e91-b2c6-437482cdb37f: Detected pause in JVM or host machine approximately 0.133s with 0.128s GC time.
GC pool 'PS Scavenge' had collection(s): count=1 time=128ms
2023-09-07 20:30:24,220 [JvmPauseMonitor11] WARN  util.JvmPauseMonitor (JvmPauseMonitor.java:detectPause(124)) - JvmPauseMonitor-e6d6ce9d-4fd0-4987-92e7-1065424d9f29: Detected pause in JVM or host machine approximately 0.133s with 0.128s GC time.
GC pool 'PS Scavenge' had collection(s): count=1 time=128ms
2023-09-07 20:30:24,326 [BlockDeletingService#0] INFO  interfaces.ContainerDeletionChoosingPolicyTemplate (ContainerDeletionChoosingPolicyTemplate.java:chooseContainerForBlockDeletion(85)) - Chosen 0/5000 blocks from 0 candidate containers.
2023-09-07 20:30:24,808 [BlockDeletingService#0] INFO  interfaces.ContainerDeletionChoosingPolicyTemplate (ContainerDeletionChoosingPolicyTemplate.java:chooseContainerForBlockDeletion(85)) - Chosen 0/5000 blocks from 0 candidate containers.
2023-09-07 20:30:25,169 [BlockDeletingService#0] INFO  interfaces.ContainerDeletionChoosingPolicyTemplate (ContainerDeletionChoosingPolicyTemplate.java:chooseContainerForBlockDeletion(85)) - Chosen 0/5000 blocks from 0 candidate containers.
2023-09-07 20:30:25,533 [BlockDeletingService#0] INFO  interfaces.ContainerDeletionChoosingPolicyTemplate (ContainerDeletionChoosingPolicyTemplate.java:chooseContainerForBlockDeletion(85)) - Chosen 0/5000 blocks from 0 candidate containers.
2023-09-07 20:30:25,891 [BlockDeletingService#0] INFO  interfaces.ContainerDeletionChoosingPolicyTemplate (ContainerDeletionChoosingPolicyTemplate.java:chooseContainerForBlockDeletion(85)) - Chosen 0/5000 blocks from 0 candidate containers.
]]></system-out>
  </testcase>
  <testcase name="testListStatusIteratorOnPageSize" classname="TestOzoneFileSystem" time="56.951">
    <system-out><![CDATA[2023-09-07 20:31:20,019 [JvmPauseMonitor15] WARN  util.JvmPauseMonitor (JvmPauseMonitor.java:detectPause(124)) - JvmPauseMonitor-om1: Detected pause in JVM or host machine approximately 0.140s with 0.186s GC time.
GC pool 'PS Scavenge' had collection(s): count=1 time=186ms
2023-09-07 20:31:20,019 [JvmPauseMonitor17] WARN  util.JvmPauseMonitor (JvmPauseMonitor.java:detectPause(124)) - JvmPauseMonitor-a0cd6e17-3b90-4804-ab26-c3914b9665e9: Detected pause in JVM or host machine approximately 0.148s with 0.186s GC time.
GC pool 'PS Scavenge' had collection(s): count=1 time=186ms
2023-09-07 20:31:47,400 [IPC Server handler 2 on default port 15107] INFO  ha.SequenceIdGenerator (SequenceIdGenerator.java:getNextId(140)) - Allocate a batch for delTxnId, change lastId from 0 to 1000.
2023-09-07 20:31:49,924 [BlockDeletingService#0] INFO  interfaces.ContainerDeletionChoosingPolicyTemplate (ContainerDeletionChoosingPolicyTemplate.java:chooseContainerForBlockDeletion(85)) - Chosen 0/5000 blocks from 0 candidate containers.
2023-09-07 20:31:50,354 [BlockDeletingService#0] INFO  interfaces.ContainerDeletionChoosingPolicyTemplate (ContainerDeletionChoosingPolicyTemplate.java:chooseContainerForBlockDeletion(85)) - Chosen 0/5000 blocks from 0 candidate containers.
2023-09-07 20:31:50,744 [BlockDeletingService#0] INFO  interfaces.ContainerDeletionChoosingPolicyTemplate (ContainerDeletionChoosingPolicyTemplate.java:chooseContainerForBlockDeletion(85)) - Chosen 0/5000 blocks from 0 candidate containers.
2023-09-07 20:31:52,065 [BlockDeletingService#0] INFO  interfaces.ContainerDeletionChoosingPolicyTemplate (ContainerDeletionChoosingPolicyTemplate.java:chooseContainerForBlockDeletion(85)) - Chosen 0/5000 blocks from 0 candidate containers.
2023-09-07 20:31:52,067 [a0cd6e17-3b90-4804-ab26-c3914b9665e9@group-7300A7E366F1-FollowerState] WARN  impl.FollowerState (FollowerState.java:run(130)) - Unexpected long sleep: sleep 5055ms but took extra 663278433ns (> threshold = 300ms)
2023-09-07 20:31:52,072 [JvmPauseMonitor18] WARN  util.JvmPauseMonitor (JvmPauseMonitor.java:detectPause(124)) - JvmPauseMonitor-114a9516-507d-4df3-bbf0-358fc4f720dd: Detected pause in JVM or host machine approximately 0.679s with 1.094s GC time.
GC pool 'PS MarkSweep' had collection(s): count=1 time=694ms
GC pool 'PS Scavenge' had collection(s): count=1 time=400ms
2023-09-07 20:31:52,072 [JvmPauseMonitor19] WARN  util.JvmPauseMonitor (JvmPauseMonitor.java:detectPause(124)) - JvmPauseMonitor-030e9783-811e-46a4-8bf6-f2375cfbdf83: Detected pause in JVM or host machine approximately 0.679s with 1.094s GC time.
GC pool 'PS MarkSweep' had collection(s): count=1 time=694ms
GC pool 'PS Scavenge' had collection(s): count=1 time=400ms
2023-09-07 20:31:52,072 [JvmPauseMonitor14] WARN  util.JvmPauseMonitor (JvmPauseMonitor.java:detectPause(124)) - JvmPauseMonitor-1003fca2-dc5e-444c-8c1a-d72f47972caf: Detected pause in JVM or host machine approximately 0.679s with 1.094s GC time.
GC pool 'PS MarkSweep' had collection(s): count=1 time=694ms
GC pool 'PS Scavenge' had collection(s): count=1 time=400ms
2023-09-07 20:31:52,076 [130456cf-e1b1-4e27-8a77-52f3e2c34494@group-7300A7E366F1-FollowerState] WARN  impl.FollowerState (FollowerState.java:run(130)) - Unexpected long sleep: sleep 5004ms but took extra 760734804ns (> threshold = 300ms)
2023-09-07 20:31:52,078 [130456cf-e1b1-4e27-8a77-52f3e2c34494@group-BBA626DA395F-FollowerState] WARN  impl.FollowerState (FollowerState.java:run(130)) - Unexpected long sleep: sleep 5058ms but took extra 921279149ns (> threshold = 300ms)
2023-09-07 20:31:52,078 [BlockDeletingService#0] INFO  interfaces.ContainerDeletionChoosingPolicyTemplate (ContainerDeletionChoosingPolicyTemplate.java:chooseContainerForBlockDeletion(85)) - Chosen 0/5000 blocks from 0 candidate containers.
2023-09-07 20:31:52,082 [JvmPauseMonitor15] WARN  util.JvmPauseMonitor (JvmPauseMonitor.java:detectPause(124)) - JvmPauseMonitor-om1: Detected pause in JVM or host machine approximately 1.039s with 1.094s GC time.
GC pool 'PS MarkSweep' had collection(s): count=1 time=694ms
GC pool 'PS Scavenge' had collection(s): count=1 time=400ms
2023-09-07 20:31:52,082 [JvmPauseMonitor16] WARN  util.JvmPauseMonitor (JvmPauseMonitor.java:detectPause(124)) - JvmPauseMonitor-130456cf-e1b1-4e27-8a77-52f3e2c34494: Detected pause in JVM or host machine approximately 1.041s with 1.094s GC time.
GC pool 'PS MarkSweep' had collection(s): count=1 time=694ms
GC pool 'PS Scavenge' had collection(s): count=1 time=400ms
2023-09-07 20:31:52,083 [JvmPauseMonitor17] WARN  util.JvmPauseMonitor (JvmPauseMonitor.java:detectPause(124)) - JvmPauseMonitor-a0cd6e17-3b90-4804-ab26-c3914b9665e9: Detected pause in JVM or host machine approximately 1.046s with 1.094s GC time.
GC pool 'PS MarkSweep' had collection(s): count=1 time=694ms
GC pool 'PS Scavenge' had collection(s): count=1 time=400ms
2023-09-07 20:31:52,083 [JvmPauseMonitor20] WARN  util.JvmPauseMonitor (JvmPauseMonitor.java:detectPause(124)) - JvmPauseMonitor-29027832-24ec-44d8-841f-3a3b218b56da: Detected pause in JVM or host machine approximately 1.046s with 1.094s GC time.
GC pool 'PS MarkSweep' had collection(s): count=1 time=694ms
GC pool 'PS Scavenge' had collection(s): count=1 time=400ms
2023-09-07 20:31:52,083 [114a9516-507d-4df3-bbf0-358fc4f720dd@group-BBA626DA395F-FollowerState] WARN  impl.FollowerState (FollowerState.java:run(130)) - Unexpected long sleep: sleep 5010ms but took extra 1050421992ns (> threshold = 300ms)
]]></system-out>
  </testcase>
  <testcase name="testListStatusIteratorOnPageSize" classname="TestOzoneFileSystem" time="45.231">
    <system-out><![CDATA[2023-09-07 20:32:46,519 [JvmPauseMonitor24] WARN  util.JvmPauseMonitor (JvmPauseMonitor.java:detectPause(124)) - JvmPauseMonitor-18956b72-3f9a-4d33-a14d-cbde511355b4: Detected pause in JVM or host machine approximately 0.161s with 0.625s GC time.
GC pool 'PS MarkSweep' had collection(s): count=1 time=532ms
GC pool 'PS Scavenge' had collection(s): count=1 time=93ms
2023-09-07 20:32:46,520 [JvmPauseMonitor21] WARN  util.JvmPauseMonitor (JvmPauseMonitor.java:detectPause(124)) - JvmPauseMonitor-82373029-d685-4cf2-ba93-8709b9e25643: Detected pause in JVM or host machine approximately 0.265s with 0.625s GC time.
GC pool 'PS MarkSweep' had collection(s): count=1 time=532ms
GC pool 'PS Scavenge' had collection(s): count=1 time=93ms
2023-09-07 20:32:46,520 [JvmPauseMonitor25] WARN  util.JvmPauseMonitor (JvmPauseMonitor.java:detectPause(124)) - JvmPauseMonitor-0f4389f5-8f89-483a-970a-d84001bccdfd: Detected pause in JVM or host machine approximately 0.277s with 0.625s GC time.
GC pool 'PS MarkSweep' had collection(s): count=1 time=532ms
GC pool 'PS Scavenge' had collection(s): count=1 time=93ms
2023-09-07 20:32:46,522 [JvmPauseMonitor26] WARN  util.JvmPauseMonitor (JvmPauseMonitor.java:detectPause(124)) - JvmPauseMonitor-0345af92-ee10-4252-b2db-9c35c6cf1855: Detected pause in JVM or host machine approximately 0.392s with 0.625s GC time.
GC pool 'PS MarkSweep' had collection(s): count=1 time=532ms
GC pool 'PS Scavenge' had collection(s): count=1 time=93ms
2023-09-07 20:32:46,523 [JvmPauseMonitor27] WARN  util.JvmPauseMonitor (JvmPauseMonitor.java:detectPause(124)) - JvmPauseMonitor-07825d29-2aa2-46d6-9af1-6f352e44c8c5: Detected pause in JVM or host machine approximately 0.490s with 0.625s GC time.
GC pool 'PS MarkSweep' had collection(s): count=1 time=532ms
GC pool 'PS Scavenge' had collection(s): count=1 time=93ms
2023-09-07 20:32:46,523 [JvmPauseMonitor23] WARN  util.JvmPauseMonitor (JvmPauseMonitor.java:detectPause(124)) - JvmPauseMonitor-614edf31-22be-48a8-af09-2d4dd5301ee2: Detected pause in JVM or host machine approximately 0.587s with 0.625s GC time.
GC pool 'PS MarkSweep' had collection(s): count=1 time=532ms
GC pool 'PS Scavenge' had collection(s): count=1 time=93ms
2023-09-07 20:32:46,524 [JvmPauseMonitor22] WARN  util.JvmPauseMonitor (JvmPauseMonitor.java:detectPause(124)) - JvmPauseMonitor-110d99f0-14ec-47ee-9198-eb728b7cdf35: Detected pause in JVM or host machine approximately 0.623s with 0.625s GC time.
GC pool 'PS MarkSweep' had collection(s): count=1 time=532ms
GC pool 'PS Scavenge' had collection(s): count=1 time=93ms
2023-09-07 20:33:26,387 [IPC Server handler 15 on default port 15160] INFO  ha.SequenceIdGenerator (SequenceIdGenerator.java:getNextId(140)) - Allocate a batch for delTxnId, change lastId from 0 to 1000.
2023-09-07 20:33:28,945 [BlockDeletingService#0] INFO  interfaces.ContainerDeletionChoosingPolicyTemplate (ContainerDeletionChoosingPolicyTemplate.java:chooseContainerForBlockDeletion(85)) - Chosen 0/5000 blocks from 0 candidate containers.
2023-09-07 20:33:29,353 [BlockDeletingService#0] INFO  interfaces.ContainerDeletionChoosingPolicyTemplate (ContainerDeletionChoosingPolicyTemplate.java:chooseContainerForBlockDeletion(85)) - Chosen 0/5000 blocks from 0 candidate containers.
]]></system-out>
  </testcase>
  <testcase name="testListStatusWithIntermediateDir" classname="TestOzoneFileSystem" time="0.077">
    <system-out><![CDATA[2023-09-07 20:28:56,386 [OM StateMachine ApplyTransaction Thread - 0] WARN  helpers.QuotaUtil (QuotaUtil.java:getReplicatedSize(63)) - Unknown replication type 'STAND_ALONE'. Returning original data size.
2023-09-07 20:28:56,393 [Time-limited test] WARN  helpers.QuotaUtil (QuotaUtil.java:getReplicatedSize(63)) - Unknown replication type 'STAND_ALONE'. Returning original data size.
2023-09-07 20:28:56,405 [Time-limited test] WARN  helpers.QuotaUtil (QuotaUtil.java:getReplicatedSize(63)) - Unknown replication type 'STAND_ALONE'. Returning original data size.
2023-09-07 20:28:56,406 [Time-limited test] WARN  helpers.QuotaUtil (QuotaUtil.java:getReplicatedSize(63)) - Unknown replication type 'STAND_ALONE'. Returning original data size.
2023-09-07 20:28:56,407 [Time-limited test] WARN  helpers.QuotaUtil (QuotaUtil.java:getReplicatedSize(63)) - Unknown replication type 'STAND_ALONE'. Returning original data size.
]]></system-out>
  </testcase>
  <testcase name="testListStatusWithIntermediateDir" classname="TestOzoneFileSystem" time="0.063">
    <system-out><![CDATA[2023-09-07 20:30:27,990 [IPC Server handler 18 on default port 15057] WARN  helpers.QuotaUtil (QuotaUtil.java:getReplicatedSize(63)) - Unknown replication type 'STAND_ALONE'. Returning original data size.
2023-09-07 20:30:27,996 [Time-limited test] WARN  helpers.QuotaUtil (QuotaUtil.java:getReplicatedSize(63)) - Unknown replication type 'STAND_ALONE'. Returning original data size.
2023-09-07 20:30:28,003 [Time-limited test] WARN  helpers.QuotaUtil (QuotaUtil.java:getReplicatedSize(63)) - Unknown replication type 'STAND_ALONE'. Returning original data size.
2023-09-07 20:30:28,004 [Time-limited test] WARN  helpers.QuotaUtil (QuotaUtil.java:getReplicatedSize(63)) - Unknown replication type 'STAND_ALONE'. Returning original data size.
2023-09-07 20:30:28,005 [Time-limited test] WARN  helpers.QuotaUtil (QuotaUtil.java:getReplicatedSize(63)) - Unknown replication type 'STAND_ALONE'. Returning original data size.
]]></system-out>
  </testcase>
  <testcase name="testListStatusWithIntermediateDir" classname="TestOzoneFileSystem" time="0.058">
    <system-out><![CDATA[2023-09-07 20:32:04,024 [OM StateMachine ApplyTransaction Thread - 0] WARN  helpers.QuotaUtil (QuotaUtil.java:getReplicatedSize(63)) - Unknown replication type 'STAND_ALONE'. Returning original data size.
2023-09-07 20:32:04,033 [Time-limited test] WARN  helpers.QuotaUtil (QuotaUtil.java:getReplicatedSize(63)) - Unknown replication type 'STAND_ALONE'. Returning original data size.
2023-09-07 20:32:04,039 [Time-limited test] WARN  helpers.QuotaUtil (QuotaUtil.java:getReplicatedSize(63)) - Unknown replication type 'STAND_ALONE'. Returning original data size.
]]></system-out>
  </testcase>
  <testcase name="testListStatusWithIntermediateDir" classname="TestOzoneFileSystem" time="0.058">
    <system-out><![CDATA[2023-09-07 20:33:29,569 [IPC Server handler 7 on default port 15163] WARN  helpers.QuotaUtil (QuotaUtil.java:getReplicatedSize(63)) - Unknown replication type 'STAND_ALONE'. Returning original data size.
2023-09-07 20:33:29,579 [Time-limited test] WARN  helpers.QuotaUtil (QuotaUtil.java:getReplicatedSize(63)) - Unknown replication type 'STAND_ALONE'. Returning original data size.
2023-09-07 20:33:29,585 [Time-limited test] WARN  helpers.QuotaUtil (QuotaUtil.java:getReplicatedSize(63)) - Unknown replication type 'STAND_ALONE'. Returning original data size.
]]></system-out>
  </testcase>
  <testcase name="testRenameSourceAndDestinAreSame" classname="TestOzoneFileSystem" time="0.047"/>
  <testcase name="testRenameSourceAndDestinAreSame" classname="TestOzoneFileSystem" time="0.039"/>
  <testcase name="testRenameSourceAndDestinAreSame" classname="TestOzoneFileSystem" time="0.044"/>
  <testcase name="testRenameSourceAndDestinAreSame" classname="TestOzoneFileSystem" time="0.032"/>
  <testcase name="testListStatusIteratorWithDir" classname="TestOzoneFileSystem" time="0.084"/>
  <testcase name="testListStatusIteratorWithDir" classname="TestOzoneFileSystem" time="0.074"/>
  <testcase name="testListStatusIteratorWithDir" classname="TestOzoneFileSystem" time="0.079"/>
  <testcase name="testListStatusIteratorWithDir" classname="TestOzoneFileSystem" time="0.07"/>
  <testcase name="testListStatusOnLargeDirectory" classname="TestOzoneFileSystem" time="11.705">
    <system-out><![CDATA[2023-09-07 20:28:57,935 [JvmPauseMonitor5] WARN  util.JvmPauseMonitor (JvmPauseMonitor.java:detectPause(124)) - JvmPauseMonitor-5f055d78-845e-4650-aea7-51f979d0aed9: Detected pause in JVM or host machine approximately 0.101s with 0.262s GC time.
GC pool 'PS Scavenge' had collection(s): count=1 time=262ms
2023-09-07 20:28:57,936 [JvmPauseMonitor3] WARN  util.JvmPauseMonitor (JvmPauseMonitor.java:detectPause(124)) - JvmPauseMonitor-22c736ca-ae96-41a9-953f-e3c60311c10c: Detected pause in JVM or host machine approximately 0.111s with 0.262s GC time.
GC pool 'PS Scavenge' had collection(s): count=1 time=262ms
2023-09-07 20:28:57,936 [JvmPauseMonitor0] WARN  util.JvmPauseMonitor (JvmPauseMonitor.java:detectPause(124)) - JvmPauseMonitor-3d8f6fb2-87c8-466e-a584-a5be4f8d737f: Detected pause in JVM or host machine approximately 0.111s with 0.262s GC time.
GC pool 'PS Scavenge' had collection(s): count=1 time=262ms
2023-09-07 20:28:57,936 [JvmPauseMonitor2] WARN  util.JvmPauseMonitor (JvmPauseMonitor.java:detectPause(124)) - JvmPauseMonitor-4c0a5098-e377-4fbc-882f-38eb7693a6cf: Detected pause in JVM or host machine approximately 0.112s with 0.262s GC time.
GC pool 'PS Scavenge' had collection(s): count=1 time=262ms
2023-09-07 20:28:57,936 [JvmPauseMonitor1] WARN  util.JvmPauseMonitor (JvmPauseMonitor.java:detectPause(124)) - JvmPauseMonitor-om1: Detected pause in JVM or host machine approximately 0.112s with 0.262s GC time.
GC pool 'PS Scavenge' had collection(s): count=1 time=262ms
2023-09-07 20:28:57,936 [JvmPauseMonitor6] WARN  util.JvmPauseMonitor (JvmPauseMonitor.java:detectPause(124)) - JvmPauseMonitor-4928b7b2-b158-4302-bddf-2efad1d6a915: Detected pause in JVM or host machine approximately 0.112s with 0.262s GC time.
GC pool 'PS Scavenge' had collection(s): count=1 time=262ms
]]></system-out>
  </testcase>
  <testcase name="testListStatusOnLargeDirectory" classname="TestOzoneFileSystem" time="10.069"/>
  <testcase name="testListStatusOnLargeDirectory" classname="TestOzoneFileSystem" time="11.149"/>
  <testcase name="testListStatusOnLargeDirectory" classname="TestOzoneFileSystem" time="9.905">
    <system-out><![CDATA[2023-09-07 20:33:29,736 [BlockDeletingService#0] INFO  interfaces.ContainerDeletionChoosingPolicyTemplate (ContainerDeletionChoosingPolicyTemplate.java:chooseContainerForBlockDeletion(85)) - Chosen 0/5000 blocks from 0 candidate containers.
2023-09-07 20:33:30,129 [BlockDeletingService#0] INFO  interfaces.ContainerDeletionChoosingPolicyTemplate (ContainerDeletionChoosingPolicyTemplate.java:chooseContainerForBlockDeletion(85)) - Chosen 0/5000 blocks from 0 candidate containers.
2023-09-07 20:33:30,527 [BlockDeletingService#0] INFO  interfaces.ContainerDeletionChoosingPolicyTemplate (ContainerDeletionChoosingPolicyTemplate.java:chooseContainerForBlockDeletion(85)) - Chosen 0/5000 blocks from 0 candidate containers.
]]></system-out>
  </testcase>
  <testcase name="testFileSystemDeclaresCapability" classname="TestOzoneFileSystem" time="0.02"/>
  <testcase name="testFileSystemDeclaresCapability" classname="TestOzoneFileSystem" time="0.014"/>
  <testcase name="testFileSystemDeclaresCapability" classname="TestOzoneFileSystem" time="0.014"/>
  <testcase name="testFileSystemDeclaresCapability" classname="TestOzoneFileSystem" time="0.017"/>
  <testcase name="testCreateKeyShouldUseRefreshedBucketReplicationConfig" classname="TestOzoneFileSystem" time="0.482">
    <system-out><![CDATA[2023-09-07 20:29:08,295 [Time-limited test] INFO  rpc.RpcClient (RpcClient.java:createVolume(461)) - Creating Volume: volume81872, with user05728 as owner and space quota set to -1 bytes, counts quota set to -1
2023-09-07 20:29:08,317 [OM StateMachine ApplyTransaction Thread - 0] INFO  volume.OMVolumeCreateRequest (OMVolumeCreateRequest.java:validateAndUpdateCache(196)) - created volume:volume81872 for user:user05728
2023-09-07 20:29:08,322 [Time-limited test] INFO  rpc.RpcClient (RpcClient.java:createBucket(688)) - Creating Bucket: volume81872/bucket19887, with bucket layout LEGACY, runner as owner, Versioning false, Storage Type set to DISK and Encryption set to false, Replication Type set to server-side default replication type, Namespace Quota set to -1, Space Quota set to -1 
2023-09-07 20:29:08,324 [OM StateMachine ApplyTransaction Thread - 0] INFO  bucket.OMBucketCreateRequest (OMBucketCreateRequest.java:validateAndUpdateCache(270)) - created bucket: bucket19887 of layout LEGACY in volume: volume81872
2023-09-07 20:29:08,451 [IPC Server handler 10 on default port 15001] INFO  algorithms.SCMContainerPlacementRackScatter (SCMContainerPlacementRackScatter.java:chooseDatanodesInternal(370)) - Chosen nodes: [22c736ca-ae96-41a9-953f-e3c60311c10c(fv-az259-394.nxnqhby4qkoexpon2s1bx5vqxg.dx.internal.cloudapp.net/10.1.0.11), d960e1ec-e2de-43a1-b7f8-937811771cc3(fv-az259-394.nxnqhby4qkoexpon2s1bx5vqxg.dx.internal.cloudapp.net/10.1.0.11), 4c0a5098-e377-4fbc-882f-38eb7693a6cf(fv-az259-394.nxnqhby4qkoexpon2s1bx5vqxg.dx.internal.cloudapp.net/10.1.0.11), 5f055d78-845e-4650-aea7-51f979d0aed9(fv-az259-394.nxnqhby4qkoexpon2s1bx5vqxg.dx.internal.cloudapp.net/10.1.0.11), 4928b7b2-b158-4302-bddf-2efad1d6a915(fv-az259-394.nxnqhby4qkoexpon2s1bx5vqxg.dx.internal.cloudapp.net/10.1.0.11)]. isPolicySatisfied: true.
2023-09-07 20:29:08,454 [IPC Server handler 10 on default port 15001] INFO  pipeline.WritableECContainerProvider (WritableECContainerProvider.java:allocateContainer(211)) - Created and opened new pipeline Pipeline[ Id: 5d8bb93e-476a-4aa1-8c5a-983a36e81edb, Nodes: 22c736ca-ae96-41a9-953f-e3c60311c10c(fv-az259-394.nxnqhby4qkoexpon2s1bx5vqxg.dx.internal.cloudapp.net/10.1.0.11)d960e1ec-e2de-43a1-b7f8-937811771cc3(fv-az259-394.nxnqhby4qkoexpon2s1bx5vqxg.dx.internal.cloudapp.net/10.1.0.11)4c0a5098-e377-4fbc-882f-38eb7693a6cf(fv-az259-394.nxnqhby4qkoexpon2s1bx5vqxg.dx.internal.cloudapp.net/10.1.0.11)5f055d78-845e-4650-aea7-51f979d0aed9(fv-az259-394.nxnqhby4qkoexpon2s1bx5vqxg.dx.internal.cloudapp.net/10.1.0.11)4928b7b2-b158-4302-bddf-2efad1d6a915(fv-az259-394.nxnqhby4qkoexpon2s1bx5vqxg.dx.internal.cloudapp.net/10.1.0.11), ReplicationConfig: EC{rs-3-2-1024k}, State:ALLOCATED, leaderId:, CreationTimestamp2023-09-07T20:29:08.452Z[Etc/UTC]]
2023-09-07 20:29:08,547 [Time-limited test] WARN  erasurecode.ErasureCodeNative (ErasureCodeNative.java:<clinit>(55)) - ISA-L support is not available in your platform... using builtin-java codec where applicable
2023-09-07 20:29:08,686 [IPC Server handler 13 on default port 15001] INFO  algorithms.SCMContainerPlacementRackScatter (SCMContainerPlacementRackScatter.java:chooseDatanodesInternal(370)) - Chosen nodes: [d960e1ec-e2de-43a1-b7f8-937811771cc3(fv-az259-394.nxnqhby4qkoexpon2s1bx5vqxg.dx.internal.cloudapp.net/10.1.0.11), 4c0a5098-e377-4fbc-882f-38eb7693a6cf(fv-az259-394.nxnqhby4qkoexpon2s1bx5vqxg.dx.internal.cloudapp.net/10.1.0.11), 4928b7b2-b158-4302-bddf-2efad1d6a915(fv-az259-394.nxnqhby4qkoexpon2s1bx5vqxg.dx.internal.cloudapp.net/10.1.0.11), 5f055d78-845e-4650-aea7-51f979d0aed9(fv-az259-394.nxnqhby4qkoexpon2s1bx5vqxg.dx.internal.cloudapp.net/10.1.0.11), 22c736ca-ae96-41a9-953f-e3c60311c10c(fv-az259-394.nxnqhby4qkoexpon2s1bx5vqxg.dx.internal.cloudapp.net/10.1.0.11)]. isPolicySatisfied: true.
2023-09-07 20:29:08,689 [IPC Server handler 13 on default port 15001] INFO  pipeline.WritableECContainerProvider (WritableECContainerProvider.java:allocateContainer(211)) - Created and opened new pipeline Pipeline[ Id: e4045329-fe6a-4ca7-ad8f-932e7597932a, Nodes: d960e1ec-e2de-43a1-b7f8-937811771cc3(fv-az259-394.nxnqhby4qkoexpon2s1bx5vqxg.dx.internal.cloudapp.net/10.1.0.11)4c0a5098-e377-4fbc-882f-38eb7693a6cf(fv-az259-394.nxnqhby4qkoexpon2s1bx5vqxg.dx.internal.cloudapp.net/10.1.0.11)4928b7b2-b158-4302-bddf-2efad1d6a915(fv-az259-394.nxnqhby4qkoexpon2s1bx5vqxg.dx.internal.cloudapp.net/10.1.0.11)5f055d78-845e-4650-aea7-51f979d0aed9(fv-az259-394.nxnqhby4qkoexpon2s1bx5vqxg.dx.internal.cloudapp.net/10.1.0.11)22c736ca-ae96-41a9-953f-e3c60311c10c(fv-az259-394.nxnqhby4qkoexpon2s1bx5vqxg.dx.internal.cloudapp.net/10.1.0.11), ReplicationConfig: EC{rs-3-2-1024k}, State:ALLOCATED, leaderId:, CreationTimestamp2023-09-07T20:29:08.686Z[Etc/UTC]]
]]></system-out>
  </testcase>
  <testcase name="testCreateKeyShouldUseRefreshedBucketReplicationConfig" classname="TestOzoneFileSystem" time="0.245">
    <system-out><![CDATA[2023-09-07 20:30:38,239 [Time-limited test] INFO  rpc.RpcClient (RpcClient.java:createVolume(461)) - Creating Volume: volume58272, with user80388 as owner and space quota set to -1 bytes, counts quota set to -1
2023-09-07 20:30:38,246 [IPC Server handler 15 on default port 15057] INFO  volume.OMVolumeCreateRequest (OMVolumeCreateRequest.java:validateAndUpdateCache(196)) - created volume:volume58272 for user:user80388
2023-09-07 20:30:38,249 [Time-limited test] INFO  rpc.RpcClient (RpcClient.java:createBucket(688)) - Creating Bucket: volume58272/bucket65621, with bucket layout LEGACY, runner as owner, Versioning false, Storage Type set to DISK and Encryption set to false, Replication Type set to server-side default replication type, Namespace Quota set to -1, Space Quota set to -1 
2023-09-07 20:30:38,250 [IPC Server handler 10 on default port 15057] INFO  bucket.OMBucketCreateRequest (OMBucketCreateRequest.java:validateAndUpdateCache(270)) - created bucket: bucket65621 of layout LEGACY in volume: volume58272
2023-09-07 20:30:38,335 [IPC Server handler 5 on default port 15054] INFO  algorithms.SCMContainerPlacementRackScatter (SCMContainerPlacementRackScatter.java:chooseDatanodesInternal(370)) - Chosen nodes: [8788027e-81d1-4d47-afe3-241385989a54(fv-az259-394.nxnqhby4qkoexpon2s1bx5vqxg.dx.internal.cloudapp.net/10.1.0.11), e6d6ce9d-4fd0-4987-92e7-1065424d9f29(fv-az259-394.nxnqhby4qkoexpon2s1bx5vqxg.dx.internal.cloudapp.net/10.1.0.11), e6894f1b-35d2-469c-bf31-69833cd25437(fv-az259-394.nxnqhby4qkoexpon2s1bx5vqxg.dx.internal.cloudapp.net/10.1.0.11), 942f2b0f-4d82-489c-b29f-3fa1e69d5237(fv-az259-394.nxnqhby4qkoexpon2s1bx5vqxg.dx.internal.cloudapp.net/10.1.0.11), 2f0e8030-05aa-4e91-b2c6-437482cdb37f(fv-az259-394.nxnqhby4qkoexpon2s1bx5vqxg.dx.internal.cloudapp.net/10.1.0.11)]. isPolicySatisfied: true.
2023-09-07 20:30:38,339 [IPC Server handler 5 on default port 15054] INFO  pipeline.WritableECContainerProvider (WritableECContainerProvider.java:allocateContainer(211)) - Created and opened new pipeline Pipeline[ Id: 1d668ae4-ac0d-4310-a98f-8716f8625132, Nodes: 8788027e-81d1-4d47-afe3-241385989a54(fv-az259-394.nxnqhby4qkoexpon2s1bx5vqxg.dx.internal.cloudapp.net/10.1.0.11)e6d6ce9d-4fd0-4987-92e7-1065424d9f29(fv-az259-394.nxnqhby4qkoexpon2s1bx5vqxg.dx.internal.cloudapp.net/10.1.0.11)e6894f1b-35d2-469c-bf31-69833cd25437(fv-az259-394.nxnqhby4qkoexpon2s1bx5vqxg.dx.internal.cloudapp.net/10.1.0.11)942f2b0f-4d82-489c-b29f-3fa1e69d5237(fv-az259-394.nxnqhby4qkoexpon2s1bx5vqxg.dx.internal.cloudapp.net/10.1.0.11)2f0e8030-05aa-4e91-b2c6-437482cdb37f(fv-az259-394.nxnqhby4qkoexpon2s1bx5vqxg.dx.internal.cloudapp.net/10.1.0.11), ReplicationConfig: EC{rs-3-2-1024k}, State:ALLOCATED, leaderId:, CreationTimestamp2023-09-07T20:30:38.337Z[Etc/UTC]]
2023-09-07 20:30:38,394 [IPC Server handler 19 on default port 15054] INFO  algorithms.SCMContainerPlacementRackScatter (SCMContainerPlacementRackScatter.java:chooseDatanodesInternal(370)) - Chosen nodes: [942f2b0f-4d82-489c-b29f-3fa1e69d5237(fv-az259-394.nxnqhby4qkoexpon2s1bx5vqxg.dx.internal.cloudapp.net/10.1.0.11), e6d6ce9d-4fd0-4987-92e7-1065424d9f29(fv-az259-394.nxnqhby4qkoexpon2s1bx5vqxg.dx.internal.cloudapp.net/10.1.0.11), 8788027e-81d1-4d47-afe3-241385989a54(fv-az259-394.nxnqhby4qkoexpon2s1bx5vqxg.dx.internal.cloudapp.net/10.1.0.11), e6894f1b-35d2-469c-bf31-69833cd25437(fv-az259-394.nxnqhby4qkoexpon2s1bx5vqxg.dx.internal.cloudapp.net/10.1.0.11), 2f0e8030-05aa-4e91-b2c6-437482cdb37f(fv-az259-394.nxnqhby4qkoexpon2s1bx5vqxg.dx.internal.cloudapp.net/10.1.0.11)]. isPolicySatisfied: true.
2023-09-07 20:30:38,397 [IPC Server handler 19 on default port 15054] INFO  pipeline.WritableECContainerProvider (WritableECContainerProvider.java:allocateContainer(211)) - Created and opened new pipeline Pipeline[ Id: 9189225d-16fb-4673-b4c3-e35634153ab1, Nodes: 942f2b0f-4d82-489c-b29f-3fa1e69d5237(fv-az259-394.nxnqhby4qkoexpon2s1bx5vqxg.dx.internal.cloudapp.net/10.1.0.11)e6d6ce9d-4fd0-4987-92e7-1065424d9f29(fv-az259-394.nxnqhby4qkoexpon2s1bx5vqxg.dx.internal.cloudapp.net/10.1.0.11)8788027e-81d1-4d47-afe3-241385989a54(fv-az259-394.nxnqhby4qkoexpon2s1bx5vqxg.dx.internal.cloudapp.net/10.1.0.11)e6894f1b-35d2-469c-bf31-69833cd25437(fv-az259-394.nxnqhby4qkoexpon2s1bx5vqxg.dx.internal.cloudapp.net/10.1.0.11)2f0e8030-05aa-4e91-b2c6-437482cdb37f(fv-az259-394.nxnqhby4qkoexpon2s1bx5vqxg.dx.internal.cloudapp.net/10.1.0.11), ReplicationConfig: EC{rs-3-2-1024k}, State:ALLOCATED, leaderId:, CreationTimestamp2023-09-07T20:30:38.394Z[Etc/UTC]]
]]></system-out>
  </testcase>
  <testcase name="testCreateKeyShouldUseRefreshedBucketReplicationConfig" classname="TestOzoneFileSystem" time="0.177">
    <system-out><![CDATA[2023-09-07 20:32:15,361 [Time-limited test] INFO  rpc.RpcClient (RpcClient.java:createVolume(461)) - Creating Volume: volume38607, with user52135 as owner and space quota set to -1 bytes, counts quota set to -1
2023-09-07 20:32:15,366 [OM StateMachine ApplyTransaction Thread - 0] INFO  volume.OMVolumeCreateRequest (OMVolumeCreateRequest.java:validateAndUpdateCache(196)) - created volume:volume38607 for user:user52135
2023-09-07 20:32:15,369 [Time-limited test] INFO  rpc.RpcClient (RpcClient.java:createBucket(688)) - Creating Bucket: volume38607/bucket40683, with bucket layout LEGACY, runner as owner, Versioning false, Storage Type set to DISK and Encryption set to false, Replication Type set to server-side default replication type, Namespace Quota set to -1, Space Quota set to -1 
2023-09-07 20:32:15,372 [OM StateMachine ApplyTransaction Thread - 0] INFO  bucket.OMBucketCreateRequest (OMBucketCreateRequest.java:validateAndUpdateCache(270)) - created bucket: bucket40683 of layout LEGACY in volume: volume38607
2023-09-07 20:32:15,417 [IPC Server handler 10 on default port 15107] INFO  algorithms.SCMContainerPlacementRackScatter (SCMContainerPlacementRackScatter.java:chooseDatanodesInternal(370)) - Chosen nodes: [29027832-24ec-44d8-841f-3a3b218b56da(fv-az259-394.nxnqhby4qkoexpon2s1bx5vqxg.dx.internal.cloudapp.net/10.1.0.11), 114a9516-507d-4df3-bbf0-358fc4f720dd(fv-az259-394.nxnqhby4qkoexpon2s1bx5vqxg.dx.internal.cloudapp.net/10.1.0.11), 030e9783-811e-46a4-8bf6-f2375cfbdf83(fv-az259-394.nxnqhby4qkoexpon2s1bx5vqxg.dx.internal.cloudapp.net/10.1.0.11), 130456cf-e1b1-4e27-8a77-52f3e2c34494(fv-az259-394.nxnqhby4qkoexpon2s1bx5vqxg.dx.internal.cloudapp.net/10.1.0.11), a0cd6e17-3b90-4804-ab26-c3914b9665e9(fv-az259-394.nxnqhby4qkoexpon2s1bx5vqxg.dx.internal.cloudapp.net/10.1.0.11)]. isPolicySatisfied: true.
2023-09-07 20:32:15,420 [IPC Server handler 10 on default port 15107] INFO  pipeline.WritableECContainerProvider (WritableECContainerProvider.java:allocateContainer(211)) - Created and opened new pipeline Pipeline[ Id: 38447b37-45de-436f-9f9a-227a2cc081e7, Nodes: 29027832-24ec-44d8-841f-3a3b218b56da(fv-az259-394.nxnqhby4qkoexpon2s1bx5vqxg.dx.internal.cloudapp.net/10.1.0.11)114a9516-507d-4df3-bbf0-358fc4f720dd(fv-az259-394.nxnqhby4qkoexpon2s1bx5vqxg.dx.internal.cloudapp.net/10.1.0.11)030e9783-811e-46a4-8bf6-f2375cfbdf83(fv-az259-394.nxnqhby4qkoexpon2s1bx5vqxg.dx.internal.cloudapp.net/10.1.0.11)130456cf-e1b1-4e27-8a77-52f3e2c34494(fv-az259-394.nxnqhby4qkoexpon2s1bx5vqxg.dx.internal.cloudapp.net/10.1.0.11)a0cd6e17-3b90-4804-ab26-c3914b9665e9(fv-az259-394.nxnqhby4qkoexpon2s1bx5vqxg.dx.internal.cloudapp.net/10.1.0.11), ReplicationConfig: EC{rs-3-2-1024k}, State:ALLOCATED, leaderId:, CreationTimestamp2023-09-07T20:32:15.418Z[Etc/UTC]]
2023-09-07 20:32:15,461 [IPC Server handler 4 on default port 15107] INFO  algorithms.SCMContainerPlacementRackScatter (SCMContainerPlacementRackScatter.java:chooseDatanodesInternal(370)) - Chosen nodes: [a0cd6e17-3b90-4804-ab26-c3914b9665e9(fv-az259-394.nxnqhby4qkoexpon2s1bx5vqxg.dx.internal.cloudapp.net/10.1.0.11), 130456cf-e1b1-4e27-8a77-52f3e2c34494(fv-az259-394.nxnqhby4qkoexpon2s1bx5vqxg.dx.internal.cloudapp.net/10.1.0.11), 29027832-24ec-44d8-841f-3a3b218b56da(fv-az259-394.nxnqhby4qkoexpon2s1bx5vqxg.dx.internal.cloudapp.net/10.1.0.11), 030e9783-811e-46a4-8bf6-f2375cfbdf83(fv-az259-394.nxnqhby4qkoexpon2s1bx5vqxg.dx.internal.cloudapp.net/10.1.0.11), 114a9516-507d-4df3-bbf0-358fc4f720dd(fv-az259-394.nxnqhby4qkoexpon2s1bx5vqxg.dx.internal.cloudapp.net/10.1.0.11)]. isPolicySatisfied: true.
2023-09-07 20:32:15,463 [IPC Server handler 4 on default port 15107] INFO  pipeline.WritableECContainerProvider (WritableECContainerProvider.java:allocateContainer(211)) - Created and opened new pipeline Pipeline[ Id: 058339ec-99b5-48a8-a311-af98c28dcecc, Nodes: a0cd6e17-3b90-4804-ab26-c3914b9665e9(fv-az259-394.nxnqhby4qkoexpon2s1bx5vqxg.dx.internal.cloudapp.net/10.1.0.11)130456cf-e1b1-4e27-8a77-52f3e2c34494(fv-az259-394.nxnqhby4qkoexpon2s1bx5vqxg.dx.internal.cloudapp.net/10.1.0.11)29027832-24ec-44d8-841f-3a3b218b56da(fv-az259-394.nxnqhby4qkoexpon2s1bx5vqxg.dx.internal.cloudapp.net/10.1.0.11)030e9783-811e-46a4-8bf6-f2375cfbdf83(fv-az259-394.nxnqhby4qkoexpon2s1bx5vqxg.dx.internal.cloudapp.net/10.1.0.11)114a9516-507d-4df3-bbf0-358fc4f720dd(fv-az259-394.nxnqhby4qkoexpon2s1bx5vqxg.dx.internal.cloudapp.net/10.1.0.11), ReplicationConfig: EC{rs-3-2-1024k}, State:ALLOCATED, leaderId:, CreationTimestamp2023-09-07T20:32:15.461Z[Etc/UTC]]
]]></system-out>
  </testcase>
  <testcase name="testCreateKeyShouldUseRefreshedBucketReplicationConfig" classname="TestOzoneFileSystem" time="0.173">
    <system-out><![CDATA[2023-09-07 20:33:39,643 [Time-limited test] INFO  rpc.RpcClient (RpcClient.java:createVolume(461)) - Creating Volume: volume05023, with user25442 as owner and space quota set to -1 bytes, counts quota set to -1
2023-09-07 20:33:39,655 [IPC Server handler 8 on default port 15163] INFO  volume.OMVolumeCreateRequest (OMVolumeCreateRequest.java:validateAndUpdateCache(196)) - created volume:volume05023 for user:user25442
2023-09-07 20:33:39,657 [Time-limited test] INFO  rpc.RpcClient (RpcClient.java:createBucket(688)) - Creating Bucket: volume05023/bucket52119, with bucket layout LEGACY, runner as owner, Versioning false, Storage Type set to DISK and Encryption set to false, Replication Type set to server-side default replication type, Namespace Quota set to -1, Space Quota set to -1 
2023-09-07 20:33:39,658 [IPC Server handler 9 on default port 15163] INFO  bucket.OMBucketCreateRequest (OMBucketCreateRequest.java:validateAndUpdateCache(270)) - created bucket: bucket52119 of layout LEGACY in volume: volume05023
2023-09-07 20:33:39,704 [IPC Server handler 19 on default port 15160] INFO  algorithms.SCMContainerPlacementRackScatter (SCMContainerPlacementRackScatter.java:chooseDatanodesInternal(370)) - Chosen nodes: [0f4389f5-8f89-483a-970a-d84001bccdfd(fv-az259-394.nxnqhby4qkoexpon2s1bx5vqxg.dx.internal.cloudapp.net/10.1.0.11), 07825d29-2aa2-46d6-9af1-6f352e44c8c5(fv-az259-394.nxnqhby4qkoexpon2s1bx5vqxg.dx.internal.cloudapp.net/10.1.0.11), 0345af92-ee10-4252-b2db-9c35c6cf1855(fv-az259-394.nxnqhby4qkoexpon2s1bx5vqxg.dx.internal.cloudapp.net/10.1.0.11), 18956b72-3f9a-4d33-a14d-cbde511355b4(fv-az259-394.nxnqhby4qkoexpon2s1bx5vqxg.dx.internal.cloudapp.net/10.1.0.11), 614edf31-22be-48a8-af09-2d4dd5301ee2(fv-az259-394.nxnqhby4qkoexpon2s1bx5vqxg.dx.internal.cloudapp.net/10.1.0.11)]. isPolicySatisfied: true.
2023-09-07 20:33:39,707 [IPC Server handler 19 on default port 15160] INFO  pipeline.WritableECContainerProvider (WritableECContainerProvider.java:allocateContainer(211)) - Created and opened new pipeline Pipeline[ Id: 67bd99ce-966b-46df-bacf-5854fe9db092, Nodes: 0f4389f5-8f89-483a-970a-d84001bccdfd(fv-az259-394.nxnqhby4qkoexpon2s1bx5vqxg.dx.internal.cloudapp.net/10.1.0.11)07825d29-2aa2-46d6-9af1-6f352e44c8c5(fv-az259-394.nxnqhby4qkoexpon2s1bx5vqxg.dx.internal.cloudapp.net/10.1.0.11)0345af92-ee10-4252-b2db-9c35c6cf1855(fv-az259-394.nxnqhby4qkoexpon2s1bx5vqxg.dx.internal.cloudapp.net/10.1.0.11)18956b72-3f9a-4d33-a14d-cbde511355b4(fv-az259-394.nxnqhby4qkoexpon2s1bx5vqxg.dx.internal.cloudapp.net/10.1.0.11)614edf31-22be-48a8-af09-2d4dd5301ee2(fv-az259-394.nxnqhby4qkoexpon2s1bx5vqxg.dx.internal.cloudapp.net/10.1.0.11), ReplicationConfig: EC{rs-3-2-1024k}, State:ALLOCATED, leaderId:, CreationTimestamp2023-09-07T20:33:39.705Z[Etc/UTC]]
2023-09-07 20:33:39,749 [IPC Server handler 4 on default port 15160] INFO  algorithms.SCMContainerPlacementRackScatter (SCMContainerPlacementRackScatter.java:chooseDatanodesInternal(370)) - Chosen nodes: [18956b72-3f9a-4d33-a14d-cbde511355b4(fv-az259-394.nxnqhby4qkoexpon2s1bx5vqxg.dx.internal.cloudapp.net/10.1.0.11), 07825d29-2aa2-46d6-9af1-6f352e44c8c5(fv-az259-394.nxnqhby4qkoexpon2s1bx5vqxg.dx.internal.cloudapp.net/10.1.0.11), 614edf31-22be-48a8-af09-2d4dd5301ee2(fv-az259-394.nxnqhby4qkoexpon2s1bx5vqxg.dx.internal.cloudapp.net/10.1.0.11), 0f4389f5-8f89-483a-970a-d84001bccdfd(fv-az259-394.nxnqhby4qkoexpon2s1bx5vqxg.dx.internal.cloudapp.net/10.1.0.11), 0345af92-ee10-4252-b2db-9c35c6cf1855(fv-az259-394.nxnqhby4qkoexpon2s1bx5vqxg.dx.internal.cloudapp.net/10.1.0.11)]. isPolicySatisfied: true.
2023-09-07 20:33:39,751 [IPC Server handler 4 on default port 15160] INFO  pipeline.WritableECContainerProvider (WritableECContainerProvider.java:allocateContainer(211)) - Created and opened new pipeline Pipeline[ Id: 336859b3-3b4e-41c6-9f03-4f35238f7828, Nodes: 18956b72-3f9a-4d33-a14d-cbde511355b4(fv-az259-394.nxnqhby4qkoexpon2s1bx5vqxg.dx.internal.cloudapp.net/10.1.0.11)07825d29-2aa2-46d6-9af1-6f352e44c8c5(fv-az259-394.nxnqhby4qkoexpon2s1bx5vqxg.dx.internal.cloudapp.net/10.1.0.11)614edf31-22be-48a8-af09-2d4dd5301ee2(fv-az259-394.nxnqhby4qkoexpon2s1bx5vqxg.dx.internal.cloudapp.net/10.1.0.11)0f4389f5-8f89-483a-970a-d84001bccdfd(fv-az259-394.nxnqhby4qkoexpon2s1bx5vqxg.dx.internal.cloudapp.net/10.1.0.11)0345af92-ee10-4252-b2db-9c35c6cf1855(fv-az259-394.nxnqhby4qkoexpon2s1bx5vqxg.dx.internal.cloudapp.net/10.1.0.11), ReplicationConfig: EC{rs-3-2-1024k}, State:ALLOCATED, leaderId:, CreationTimestamp2023-09-07T20:33:39.749Z[Etc/UTC]]
]]></system-out>
  </testcase>
  <testcase name="testListStatusIteratorOnRoot" classname="TestOzoneFileSystem" time="0.057"/>
  <testcase name="testListStatusIteratorOnRoot" classname="TestOzoneFileSystem" time="0.039"/>
  <testcase name="testListStatusIteratorOnRoot" classname="TestOzoneFileSystem" time="0.038"/>
  <testcase name="testListStatusIteratorOnRoot" classname="TestOzoneFileSystem" time="0.063"/>
  <testcase name="testRenameDirToFile" classname="TestOzoneFileSystem" time="0.056">
    <system-out><![CDATA[2023-09-07 20:29:08,844 [Time-limited test] WARN  ozone.BasicOzoneFileSystem (BasicOzoneFileSystem.java:rename(459)) - Failed to rename o3fs://bucket90991.volume63798/a/b/c to o3fs://bucket90991.volume63798/root/file1, file already exists!
]]></system-out>
  </testcase>
  <testcase name="testRenameDirToFile" classname="TestOzoneFileSystem" time="0.034">
    <system-out><![CDATA[2023-09-07 20:30:38,511 [Time-limited test] WARN  ozone.BasicOzoneFileSystem (BasicOzoneFileSystem.java:rename(459)) - Failed to rename o3fs://bucket10134.volume62736/a/b/c to o3fs://bucket10134.volume62736/root/file1, file already exists!
]]></system-out>
  </testcase>
  <testcase name="testRenameDirToFile" classname="TestOzoneFileSystem" time="0.045">
    <system-out><![CDATA[2023-09-07 20:32:15,573 [Time-limited test] WARN  ozone.BasicOzoneFileSystem (BasicOzoneFileSystem.java:rename(459)) - Failed to rename o3fs://bucket55116.volume50105/a/b/c to o3fs://bucket55116.volume50105/root/file1, file already exists!
]]></system-out>
  </testcase>
  <testcase name="testRenameDirToFile" classname="TestOzoneFileSystem" time="0.036">
    <system-out><![CDATA[2023-09-07 20:33:39,872 [Time-limited test] WARN  ozone.BasicOzoneFileSystem (BasicOzoneFileSystem.java:rename(459)) - Failed to rename o3fs://bucket68495.volume10577/a/b/c to o3fs://bucket68495.volume10577/root/file1, file already exists!
]]></system-out>
  </testcase>
  <testcase name="testRenameToNewSubDirShouldNotExist" classname="TestOzoneFileSystem" time="0.081">
    <system-out><![CDATA[2023-09-07 20:29:08,898 [Time-limited test] WARN  ozone.BasicOzoneFileSystem (BasicOzoneFileSystem.java:rename(453)) - Failed to rename o3fs://bucket90991.volume63798/a to o3fs://bucket90991.volume63798/b/a, file already exists or not empty!
2023-09-07 20:29:08,922 [Time-limited test] WARN  ozone.BasicOzoneFileSystem (BasicOzoneFileSystem.java:rename(453)) - Failed to rename o3fs://bucket90991.volume63798/file1 to o3fs://bucket90991.volume63798/a/file1, file already exists or not empty!
]]></system-out>
  </testcase>
  <testcase name="testRenameToNewSubDirShouldNotExist" classname="TestOzoneFileSystem" time="0.062">
    <system-out><![CDATA[2023-09-07 20:30:38,546 [Time-limited test] WARN  ozone.BasicOzoneFileSystem (BasicOzoneFileSystem.java:rename(453)) - Failed to rename o3fs://bucket10134.volume62736/a to o3fs://bucket10134.volume62736/b/a, file already exists or not empty!
2023-09-07 20:30:38,563 [Time-limited test] WARN  ozone.BasicOzoneFileSystem (BasicOzoneFileSystem.java:rename(453)) - Failed to rename o3fs://bucket10134.volume62736/file1 to o3fs://bucket10134.volume62736/a/file1, file already exists or not empty!
]]></system-out>
  </testcase>
  <testcase name="testRenameToNewSubDirShouldNotExist" classname="TestOzoneFileSystem" time="0.065">
    <system-out><![CDATA[2023-09-07 20:32:15,618 [Time-limited test] WARN  ozone.BasicOzoneFileSystem (BasicOzoneFileSystem.java:rename(453)) - Failed to rename o3fs://bucket55116.volume50105/a to o3fs://bucket55116.volume50105/b/a, file already exists or not empty!
2023-09-07 20:32:15,639 [Time-limited test] WARN  ozone.BasicOzoneFileSystem (BasicOzoneFileSystem.java:rename(453)) - Failed to rename o3fs://bucket55116.volume50105/file1 to o3fs://bucket55116.volume50105/a/file1, file already exists or not empty!
]]></system-out>
  </testcase>
  <testcase name="testRenameToNewSubDirShouldNotExist" classname="TestOzoneFileSystem" time="0.06">
    <system-out><![CDATA[2023-09-07 20:33:39,908 [Time-limited test] WARN  ozone.BasicOzoneFileSystem (BasicOzoneFileSystem.java:rename(453)) - Failed to rename o3fs://bucket68495.volume10577/a to o3fs://bucket68495.volume10577/b/a, file already exists or not empty!
2023-09-07 20:33:39,930 [Time-limited test] WARN  ozone.BasicOzoneFileSystem (BasicOzoneFileSystem.java:rename(453)) - Failed to rename o3fs://bucket68495.volume10577/file1 to o3fs://bucket68495.volume10577/a/file1, file already exists or not empty!
]]></system-out>
  </testcase>
  <testcase name="testListStatusOnLargeDirectoryForACLCheck" classname="TestOzoneFileSystem" time="6.379">
    <system-out><![CDATA[2023-09-07 20:29:14,739 [JvmPauseMonitor0] WARN  util.JvmPauseMonitor (JvmPauseMonitor.java:detectPause(124)) - JvmPauseMonitor-3d8f6fb2-87c8-466e-a584-a5be4f8d737f: Detected pause in JVM or host machine approximately 0.284s with 0.282s GC time.
GC pool 'PS Scavenge' had collection(s): count=1 time=282ms
2023-09-07 20:29:15,158 [om1-client-thread1] INFO  segmented.SegmentedRaftLogWorker (SegmentedRaftLogWorker.java:rollLogSegment(452)) - om1@group-C5BA1605619E-SegmentedRaftLogWorker: Rolling segment log-0_36872 to index:36872
2023-09-07 20:29:15,160 [om1@group-C5BA1605619E-SegmentedRaftLogWorker] INFO  segmented.SegmentedRaftLogWorker (SegmentedRaftLogWorker.java:execute(608)) - om1@group-C5BA1605619E-SegmentedRaftLogWorker: Rolled log segment from /home/runner/work/ozone/ozone/hadoop-ozone/integration-test/target/test-dir/MiniOzoneClusterImpl-4ce661d8-ac2f-48de-9281-714c9e7643bd/ozone-meta/ratis/bf265839-605b-3f16-9796-c5ba1605619e/current/log_inprogress_0 to /home/runner/work/ozone/ozone/hadoop-ozone/integration-test/target/test-dir/MiniOzoneClusterImpl-4ce661d8-ac2f-48de-9281-714c9e7643bd/ozone-meta/ratis/bf265839-605b-3f16-9796-c5ba1605619e/current/log_0-36872
2023-09-07 20:29:15,172 [om1@group-C5BA1605619E-SegmentedRaftLogWorker] INFO  segmented.SegmentedRaftLogWorker (SegmentedRaftLogWorker.java:execute(651)) - om1@group-C5BA1605619E-SegmentedRaftLogWorker: created new log segment /home/runner/work/ozone/ozone/hadoop-ozone/integration-test/target/test-dir/MiniOzoneClusterImpl-4ce661d8-ac2f-48de-9281-714c9e7643bd/ozone-meta/ratis/bf265839-605b-3f16-9796-c5ba1605619e/current/log_inprogress_36873
]]></system-out>
  </testcase>
  <testcase name="testListStatusOnLargeDirectoryForACLCheck" classname="TestOzoneFileSystem" time="3.829"/>
  <testcase name="testListStatusOnLargeDirectoryForACLCheck" classname="TestOzoneFileSystem" time="4.784">
    <system-out><![CDATA[2023-09-07 20:32:20,305 [om1-client-thread1] INFO  segmented.SegmentedRaftLogWorker (SegmentedRaftLogWorker.java:rollLogSegment(452)) - om1@group-C5BA1605619E-SegmentedRaftLogWorker: Rolling segment log-0_36846 to index:36846
2023-09-07 20:32:20,306 [om1@group-C5BA1605619E-SegmentedRaftLogWorker] INFO  segmented.SegmentedRaftLogWorker (SegmentedRaftLogWorker.java:execute(608)) - om1@group-C5BA1605619E-SegmentedRaftLogWorker: Rolled log segment from /home/runner/work/ozone/ozone/hadoop-ozone/integration-test/target/test-dir/MiniOzoneClusterImpl-7c3c5bdb-9f31-4157-923c-74528274ab7c/ozone-meta/ratis/bf265839-605b-3f16-9796-c5ba1605619e/current/log_inprogress_0 to /home/runner/work/ozone/ozone/hadoop-ozone/integration-test/target/test-dir/MiniOzoneClusterImpl-7c3c5bdb-9f31-4157-923c-74528274ab7c/ozone-meta/ratis/bf265839-605b-3f16-9796-c5ba1605619e/current/log_0-36846
2023-09-07 20:32:20,326 [om1@group-C5BA1605619E-SegmentedRaftLogWorker] INFO  segmented.SegmentedRaftLogWorker (SegmentedRaftLogWorker.java:execute(651)) - om1@group-C5BA1605619E-SegmentedRaftLogWorker: created new log segment /home/runner/work/ozone/ozone/hadoop-ozone/integration-test/target/test-dir/MiniOzoneClusterImpl-7c3c5bdb-9f31-4157-923c-74528274ab7c/ozone-meta/ratis/bf265839-605b-3f16-9796-c5ba1605619e/current/log_inprogress_36847
]]></system-out>
  </testcase>
  <testcase name="testListStatusOnLargeDirectoryForACLCheck" classname="TestOzoneFileSystem" time="4.022"/>
  <testcase name="testRenameFileToDir" classname="TestOzoneFileSystem" time="0.084">
    <system-out><![CDATA[20:29:15.366 [IPC Server handler 7 on default port 15004] ERROR OMAudit - user=runner | ip=127.0.0.1 | op=LIST_STATUS {volume=volume63798, bucket=bucket90991, key=a/b/c/file1, dataSize=0, replicationConfig=null} | ret=FAILURE
org.apache.hadoop.ozone.om.exceptions.OMException: Unable to get file status: volume: volume63798 bucket: bucket90991 key: a/b/c/file1
	at org.apache.hadoop.ozone.om.KeyManagerImpl.getOzoneFileStatus(KeyManagerImpl.java:1195) ~[ozone-manager-1.4.0-SNAPSHOT.jar:?]
	at org.apache.hadoop.ozone.om.KeyManagerImpl.getFileStatus(KeyManagerImpl.java:1113) ~[ozone-manager-1.4.0-SNAPSHOT.jar:?]
	at org.apache.hadoop.ozone.om.KeyManagerImpl.listStatus(KeyManagerImpl.java:1505) ~[ozone-manager-1.4.0-SNAPSHOT.jar:?]
	at org.apache.hadoop.ozone.om.OmMetadataReader.listStatus(OmMetadataReader.java:235) ~[ozone-manager-1.4.0-SNAPSHOT.jar:?]
	at org.apache.hadoop.ozone.om.OzoneManager.listStatus(OzoneManager.java:3560) ~[ozone-manager-1.4.0-SNAPSHOT.jar:?]
	at org.apache.hadoop.ozone.protocolPB.OzoneManagerRequestHandler.listStatus(OzoneManagerRequestHandler.java:1143) ~[ozone-manager-1.4.0-SNAPSHOT.jar:?]
	at org.apache.hadoop.ozone.protocolPB.OzoneManagerRequestHandler.handleReadRequest(OzoneManagerRequestHandler.java:261) ~[ozone-manager-1.4.0-SNAPSHOT.jar:?]
	at org.apache.hadoop.ozone.protocolPB.OzoneManagerProtocolServerSideTranslatorPB.submitReadRequestToOM(OzoneManagerProtocolServerSideTranslatorPB.java:225) ~[ozone-manager-1.4.0-SNAPSHOT.jar:?]
	at org.apache.hadoop.ozone.protocolPB.OzoneManagerProtocolServerSideTranslatorPB.processRequest(OzoneManagerProtocolServerSideTranslatorPB.java:179) ~[ozone-manager-1.4.0-SNAPSHOT.jar:?]
	at org.apache.hadoop.hdds.server.OzoneProtocolMessageDispatcher.processRequest(OzoneProtocolMessageDispatcher.java:87) [hdds-server-framework-1.4.0-SNAPSHOT.jar:?]
	at org.apache.hadoop.ozone.protocolPB.OzoneManagerProtocolServerSideTranslatorPB.submitRequest(OzoneManagerProtocolServerSideTranslatorPB.java:148) [ozone-manager-1.4.0-SNAPSHOT.jar:?]
	at org.apache.hadoop.ozone.protocol.proto.OzoneManagerProtocolProtos$OzoneManagerService$2.callBlockingMethod(OzoneManagerProtocolProtos.java) [ozone-interface-client-1.4.0-SNAPSHOT.jar:?]
	at org.apache.hadoop.ipc.ProtobufRpcEngine$Server.processCall(ProtobufRpcEngine.java:484) [hadoop-common-3.3.6.jar:?]
	at org.apache.hadoop.ipc.ProtobufRpcEngine2$Server$ProtoBufRpcInvoker.call(ProtobufRpcEngine2.java:595) [hadoop-common-3.3.6.jar:?]
	at org.apache.hadoop.ipc.ProtobufRpcEngine2$Server$ProtoBufRpcInvoker.call(ProtobufRpcEngine2.java:573) [hadoop-common-3.3.6.jar:?]
	at org.apache.hadoop.ipc.RPC$Server.call(RPC.java:1227) [hadoop-common-3.3.6.jar:?]
	at org.apache.hadoop.ipc.Server$RpcCall.run(Server.java:1094) [hadoop-common-3.3.6.jar:?]
	at org.apache.hadoop.ipc.Server$RpcCall.run(Server.java:1017) [hadoop-common-3.3.6.jar:?]
	at java.security.AccessController.doPrivileged(Native Method) ~[?:1.8.0_382]
	at javax.security.auth.Subject.doAs(Subject.java:422) [?:1.8.0_382]
	at org.apache.hadoop.security.UserGroupInformation.doAs(UserGroupInformation.java:1899) [hadoop-common-3.3.6.jar:?]
	at org.apache.hadoop.ipc.Server$Handler.run(Server.java:3048) [hadoop-common-3.3.6.jar:?]
]]></system-out>
  </testcase>
  <testcase name="testRenameFileToDir" classname="TestOzoneFileSystem" time="0.058">
    <system-out><![CDATA[20:30:42.444 [IPC Server handler 9 on default port 15057] ERROR OMAudit - user=runner | ip=127.0.0.1 | op=LIST_STATUS {volume=volume62736, bucket=bucket10134, key=a/b/c/file1, dataSize=0, replicationConfig=null} | ret=FAILURE
org.apache.hadoop.ozone.om.exceptions.OMException: Unable to get file status: volume: volume62736 bucket: bucket10134 key: a/b/c/file1
	at org.apache.hadoop.ozone.om.KeyManagerImpl.getOzoneFileStatus(KeyManagerImpl.java:1195) ~[ozone-manager-1.4.0-SNAPSHOT.jar:?]
	at org.apache.hadoop.ozone.om.KeyManagerImpl.getFileStatus(KeyManagerImpl.java:1113) ~[ozone-manager-1.4.0-SNAPSHOT.jar:?]
	at org.apache.hadoop.ozone.om.KeyManagerImpl.listStatus(KeyManagerImpl.java:1505) ~[ozone-manager-1.4.0-SNAPSHOT.jar:?]
	at org.apache.hadoop.ozone.om.OmMetadataReader.listStatus(OmMetadataReader.java:235) ~[ozone-manager-1.4.0-SNAPSHOT.jar:?]
	at org.apache.hadoop.ozone.om.OzoneManager.listStatus(OzoneManager.java:3560) ~[ozone-manager-1.4.0-SNAPSHOT.jar:?]
	at org.apache.hadoop.ozone.protocolPB.OzoneManagerRequestHandler.listStatus(OzoneManagerRequestHandler.java:1143) ~[ozone-manager-1.4.0-SNAPSHOT.jar:?]
	at org.apache.hadoop.ozone.protocolPB.OzoneManagerRequestHandler.handleReadRequest(OzoneManagerRequestHandler.java:261) ~[ozone-manager-1.4.0-SNAPSHOT.jar:?]
	at org.apache.hadoop.ozone.protocolPB.OzoneManagerProtocolServerSideTranslatorPB.submitRequestDirectlyToOM(OzoneManagerProtocolServerSideTranslatorPB.java:274) ~[ozone-manager-1.4.0-SNAPSHOT.jar:?]
	at org.apache.hadoop.ozone.protocolPB.OzoneManagerProtocolServerSideTranslatorPB.processRequest(OzoneManagerProtocolServerSideTranslatorPB.java:175) ~[ozone-manager-1.4.0-SNAPSHOT.jar:?]
	at org.apache.hadoop.hdds.server.OzoneProtocolMessageDispatcher.processRequest(OzoneProtocolMessageDispatcher.java:87) [hdds-server-framework-1.4.0-SNAPSHOT.jar:?]
	at org.apache.hadoop.ozone.protocolPB.OzoneManagerProtocolServerSideTranslatorPB.submitRequest(OzoneManagerProtocolServerSideTranslatorPB.java:148) [ozone-manager-1.4.0-SNAPSHOT.jar:?]
	at org.apache.hadoop.ozone.protocol.proto.OzoneManagerProtocolProtos$OzoneManagerService$2.callBlockingMethod(OzoneManagerProtocolProtos.java) [ozone-interface-client-1.4.0-SNAPSHOT.jar:?]
	at org.apache.hadoop.ipc.ProtobufRpcEngine$Server.processCall(ProtobufRpcEngine.java:484) [hadoop-common-3.3.6.jar:?]
	at org.apache.hadoop.ipc.ProtobufRpcEngine2$Server$ProtoBufRpcInvoker.call(ProtobufRpcEngine2.java:595) [hadoop-common-3.3.6.jar:?]
	at org.apache.hadoop.ipc.ProtobufRpcEngine2$Server$ProtoBufRpcInvoker.call(ProtobufRpcEngine2.java:573) [hadoop-common-3.3.6.jar:?]
	at org.apache.hadoop.ipc.RPC$Server.call(RPC.java:1227) [hadoop-common-3.3.6.jar:?]
	at org.apache.hadoop.ipc.Server$RpcCall.run(Server.java:1094) [hadoop-common-3.3.6.jar:?]
	at org.apache.hadoop.ipc.Server$RpcCall.run(Server.java:1017) [hadoop-common-3.3.6.jar:?]
	at java.security.AccessController.doPrivileged(Native Method) ~[?:1.8.0_382]
	at javax.security.auth.Subject.doAs(Subject.java:422) [?:1.8.0_382]
	at org.apache.hadoop.security.UserGroupInformation.doAs(UserGroupInformation.java:1899) [hadoop-common-3.3.6.jar:?]
	at org.apache.hadoop.ipc.Server$Handler.run(Server.java:3048) [hadoop-common-3.3.6.jar:?]
]]></system-out>
  </testcase>
  <testcase name="testRenameFileToDir" classname="TestOzoneFileSystem" time="0.062">
    <system-out><![CDATA[20:32:20.469 [IPC Server handler 4 on default port 15110] ERROR OMAudit - user=runner | ip=127.0.0.1 | op=LIST_STATUS {volume=volume50105, bucket=bucket55116, key=a/b/c/file1, dataSize=0, replicationConfig=null} | ret=FAILURE
org.apache.hadoop.ozone.om.exceptions.OMException: Unable to get file status: volume: volume50105 bucket: bucket55116 key: a/b/c/file1
	at org.apache.hadoop.ozone.om.KeyManagerImpl.getOzoneFileStatus(KeyManagerImpl.java:1195) ~[ozone-manager-1.4.0-SNAPSHOT.jar:?]
	at org.apache.hadoop.ozone.om.KeyManagerImpl.getFileStatus(KeyManagerImpl.java:1113) ~[ozone-manager-1.4.0-SNAPSHOT.jar:?]
	at org.apache.hadoop.ozone.om.KeyManagerImpl.listStatus(KeyManagerImpl.java:1505) ~[ozone-manager-1.4.0-SNAPSHOT.jar:?]
	at org.apache.hadoop.ozone.om.OmMetadataReader.listStatus(OmMetadataReader.java:235) ~[ozone-manager-1.4.0-SNAPSHOT.jar:?]
	at org.apache.hadoop.ozone.om.OzoneManager.listStatus(OzoneManager.java:3560) ~[ozone-manager-1.4.0-SNAPSHOT.jar:?]
	at org.apache.hadoop.ozone.protocolPB.OzoneManagerRequestHandler.listStatus(OzoneManagerRequestHandler.java:1143) ~[ozone-manager-1.4.0-SNAPSHOT.jar:?]
	at org.apache.hadoop.ozone.protocolPB.OzoneManagerRequestHandler.handleReadRequest(OzoneManagerRequestHandler.java:261) ~[ozone-manager-1.4.0-SNAPSHOT.jar:?]
	at org.apache.hadoop.ozone.protocolPB.OzoneManagerProtocolServerSideTranslatorPB.submitReadRequestToOM(OzoneManagerProtocolServerSideTranslatorPB.java:225) ~[ozone-manager-1.4.0-SNAPSHOT.jar:?]
	at org.apache.hadoop.ozone.protocolPB.OzoneManagerProtocolServerSideTranslatorPB.processRequest(OzoneManagerProtocolServerSideTranslatorPB.java:179) ~[ozone-manager-1.4.0-SNAPSHOT.jar:?]
	at org.apache.hadoop.hdds.server.OzoneProtocolMessageDispatcher.processRequest(OzoneProtocolMessageDispatcher.java:87) [hdds-server-framework-1.4.0-SNAPSHOT.jar:?]
	at org.apache.hadoop.ozone.protocolPB.OzoneManagerProtocolServerSideTranslatorPB.submitRequest(OzoneManagerProtocolServerSideTranslatorPB.java:148) [ozone-manager-1.4.0-SNAPSHOT.jar:?]
	at org.apache.hadoop.ozone.protocol.proto.OzoneManagerProtocolProtos$OzoneManagerService$2.callBlockingMethod(OzoneManagerProtocolProtos.java) [ozone-interface-client-1.4.0-SNAPSHOT.jar:?]
	at org.apache.hadoop.ipc.ProtobufRpcEngine$Server.processCall(ProtobufRpcEngine.java:484) [hadoop-common-3.3.6.jar:?]
	at org.apache.hadoop.ipc.ProtobufRpcEngine2$Server$ProtoBufRpcInvoker.call(ProtobufRpcEngine2.java:595) [hadoop-common-3.3.6.jar:?]
	at org.apache.hadoop.ipc.ProtobufRpcEngine2$Server$ProtoBufRpcInvoker.call(ProtobufRpcEngine2.java:573) [hadoop-common-3.3.6.jar:?]
	at org.apache.hadoop.ipc.RPC$Server.call(RPC.java:1227) [hadoop-common-3.3.6.jar:?]
	at org.apache.hadoop.ipc.Server$RpcCall.run(Server.java:1094) [hadoop-common-3.3.6.jar:?]
	at org.apache.hadoop.ipc.Server$RpcCall.run(Server.java:1017) [hadoop-common-3.3.6.jar:?]
	at java.security.AccessController.doPrivileged(Native Method) ~[?:1.8.0_382]
	at javax.security.auth.Subject.doAs(Subject.java:422) [?:1.8.0_382]
	at org.apache.hadoop.security.UserGroupInformation.doAs(UserGroupInformation.java:1899) [hadoop-common-3.3.6.jar:?]
	at org.apache.hadoop.ipc.Server$Handler.run(Server.java:3048) [hadoop-common-3.3.6.jar:?]
]]></system-out>
  </testcase>
  <testcase name="testRenameFileToDir" classname="TestOzoneFileSystem" time="0.06">
    <system-out><![CDATA[20:33:43.994 [IPC Server handler 17 on default port 15163] ERROR OMAudit - user=runner | ip=127.0.0.1 | op=LIST_STATUS {volume=volume10577, bucket=bucket68495, key=a/b/c/file1, dataSize=0, replicationConfig=null} | ret=FAILURE
org.apache.hadoop.ozone.om.exceptions.OMException: Unable to get file status: volume: volume10577 bucket: bucket68495 key: a/b/c/file1
	at org.apache.hadoop.ozone.om.KeyManagerImpl.getOzoneFileStatus(KeyManagerImpl.java:1195) ~[ozone-manager-1.4.0-SNAPSHOT.jar:?]
	at org.apache.hadoop.ozone.om.KeyManagerImpl.getFileStatus(KeyManagerImpl.java:1113) ~[ozone-manager-1.4.0-SNAPSHOT.jar:?]
	at org.apache.hadoop.ozone.om.KeyManagerImpl.listStatus(KeyManagerImpl.java:1505) ~[ozone-manager-1.4.0-SNAPSHOT.jar:?]
	at org.apache.hadoop.ozone.om.OmMetadataReader.listStatus(OmMetadataReader.java:235) ~[ozone-manager-1.4.0-SNAPSHOT.jar:?]
	at org.apache.hadoop.ozone.om.OzoneManager.listStatus(OzoneManager.java:3560) ~[ozone-manager-1.4.0-SNAPSHOT.jar:?]
	at org.apache.hadoop.ozone.protocolPB.OzoneManagerRequestHandler.listStatus(OzoneManagerRequestHandler.java:1143) ~[ozone-manager-1.4.0-SNAPSHOT.jar:?]
	at org.apache.hadoop.ozone.protocolPB.OzoneManagerRequestHandler.handleReadRequest(OzoneManagerRequestHandler.java:261) ~[ozone-manager-1.4.0-SNAPSHOT.jar:?]
	at org.apache.hadoop.ozone.protocolPB.OzoneManagerProtocolServerSideTranslatorPB.submitRequestDirectlyToOM(OzoneManagerProtocolServerSideTranslatorPB.java:274) ~[ozone-manager-1.4.0-SNAPSHOT.jar:?]
	at org.apache.hadoop.ozone.protocolPB.OzoneManagerProtocolServerSideTranslatorPB.processRequest(OzoneManagerProtocolServerSideTranslatorPB.java:175) ~[ozone-manager-1.4.0-SNAPSHOT.jar:?]
	at org.apache.hadoop.hdds.server.OzoneProtocolMessageDispatcher.processRequest(OzoneProtocolMessageDispatcher.java:87) [hdds-server-framework-1.4.0-SNAPSHOT.jar:?]
	at org.apache.hadoop.ozone.protocolPB.OzoneManagerProtocolServerSideTranslatorPB.submitRequest(OzoneManagerProtocolServerSideTranslatorPB.java:148) [ozone-manager-1.4.0-SNAPSHOT.jar:?]
	at org.apache.hadoop.ozone.protocol.proto.OzoneManagerProtocolProtos$OzoneManagerService$2.callBlockingMethod(OzoneManagerProtocolProtos.java) [ozone-interface-client-1.4.0-SNAPSHOT.jar:?]
	at org.apache.hadoop.ipc.ProtobufRpcEngine$Server.processCall(ProtobufRpcEngine.java:484) [hadoop-common-3.3.6.jar:?]
	at org.apache.hadoop.ipc.ProtobufRpcEngine2$Server$ProtoBufRpcInvoker.call(ProtobufRpcEngine2.java:595) [hadoop-common-3.3.6.jar:?]
	at org.apache.hadoop.ipc.ProtobufRpcEngine2$Server$ProtoBufRpcInvoker.call(ProtobufRpcEngine2.java:573) [hadoop-common-3.3.6.jar:?]
	at org.apache.hadoop.ipc.RPC$Server.call(RPC.java:1227) [hadoop-common-3.3.6.jar:?]
	at org.apache.hadoop.ipc.Server$RpcCall.run(Server.java:1094) [hadoop-common-3.3.6.jar:?]
	at org.apache.hadoop.ipc.Server$RpcCall.run(Server.java:1017) [hadoop-common-3.3.6.jar:?]
	at java.security.AccessController.doPrivileged(Native Method) ~[?:1.8.0_382]
	at javax.security.auth.Subject.doAs(Subject.java:422) [?:1.8.0_382]
	at org.apache.hadoop.security.UserGroupInformation.doAs(UserGroupInformation.java:1899) [hadoop-common-3.3.6.jar:?]
	at org.apache.hadoop.ipc.Server$Handler.run(Server.java:3048) [hadoop-common-3.3.6.jar:?]
]]></system-out>
  </testcase>
  <testcase name="testListStatusWithIntermediateDirWithECEnabled" classname="TestOzoneFileSystem" time="0.058">
    <system-out><![CDATA[2023-09-07 20:29:15,426 [IPC Server handler 6 on default port 15001] INFO  algorithms.SCMContainerPlacementRackScatter (SCMContainerPlacementRackScatter.java:chooseDatanodesInternal(370)) - Chosen nodes: [d960e1ec-e2de-43a1-b7f8-937811771cc3(fv-az259-394.nxnqhby4qkoexpon2s1bx5vqxg.dx.internal.cloudapp.net/10.1.0.11), 4928b7b2-b158-4302-bddf-2efad1d6a915(fv-az259-394.nxnqhby4qkoexpon2s1bx5vqxg.dx.internal.cloudapp.net/10.1.0.11), 22c736ca-ae96-41a9-953f-e3c60311c10c(fv-az259-394.nxnqhby4qkoexpon2s1bx5vqxg.dx.internal.cloudapp.net/10.1.0.11), 5f055d78-845e-4650-aea7-51f979d0aed9(fv-az259-394.nxnqhby4qkoexpon2s1bx5vqxg.dx.internal.cloudapp.net/10.1.0.11), 4c0a5098-e377-4fbc-882f-38eb7693a6cf(fv-az259-394.nxnqhby4qkoexpon2s1bx5vqxg.dx.internal.cloudapp.net/10.1.0.11)]. isPolicySatisfied: true.
2023-09-07 20:29:15,429 [IPC Server handler 6 on default port 15001] INFO  pipeline.WritableECContainerProvider (WritableECContainerProvider.java:allocateContainer(211)) - Created and opened new pipeline Pipeline[ Id: c1b52b87-4f54-4892-b7bb-75dae993cb68, Nodes: d960e1ec-e2de-43a1-b7f8-937811771cc3(fv-az259-394.nxnqhby4qkoexpon2s1bx5vqxg.dx.internal.cloudapp.net/10.1.0.11)4928b7b2-b158-4302-bddf-2efad1d6a915(fv-az259-394.nxnqhby4qkoexpon2s1bx5vqxg.dx.internal.cloudapp.net/10.1.0.11)22c736ca-ae96-41a9-953f-e3c60311c10c(fv-az259-394.nxnqhby4qkoexpon2s1bx5vqxg.dx.internal.cloudapp.net/10.1.0.11)5f055d78-845e-4650-aea7-51f979d0aed9(fv-az259-394.nxnqhby4qkoexpon2s1bx5vqxg.dx.internal.cloudapp.net/10.1.0.11)4c0a5098-e377-4fbc-882f-38eb7693a6cf(fv-az259-394.nxnqhby4qkoexpon2s1bx5vqxg.dx.internal.cloudapp.net/10.1.0.11), ReplicationConfig: EC{rs-3-2-1024k}, State:ALLOCATED, leaderId:, CreationTimestamp2023-09-07T20:29:15.427Z[Etc/UTC]]
]]></system-out>
  </testcase>
  <testcase name="testListStatusWithIntermediateDirWithECEnabled" classname="TestOzoneFileSystem" time="0.036">
    <system-out><![CDATA[2023-09-07 20:30:42,487 [IPC Server handler 3 on default port 15054] INFO  algorithms.SCMContainerPlacementRackScatter (SCMContainerPlacementRackScatter.java:chooseDatanodesInternal(370)) - Chosen nodes: [8788027e-81d1-4d47-afe3-241385989a54(fv-az259-394.nxnqhby4qkoexpon2s1bx5vqxg.dx.internal.cloudapp.net/10.1.0.11), e6894f1b-35d2-469c-bf31-69833cd25437(fv-az259-394.nxnqhby4qkoexpon2s1bx5vqxg.dx.internal.cloudapp.net/10.1.0.11), 2f0e8030-05aa-4e91-b2c6-437482cdb37f(fv-az259-394.nxnqhby4qkoexpon2s1bx5vqxg.dx.internal.cloudapp.net/10.1.0.11), 942f2b0f-4d82-489c-b29f-3fa1e69d5237(fv-az259-394.nxnqhby4qkoexpon2s1bx5vqxg.dx.internal.cloudapp.net/10.1.0.11), e6d6ce9d-4fd0-4987-92e7-1065424d9f29(fv-az259-394.nxnqhby4qkoexpon2s1bx5vqxg.dx.internal.cloudapp.net/10.1.0.11)]. isPolicySatisfied: true.
2023-09-07 20:30:42,489 [IPC Server handler 3 on default port 15054] INFO  pipeline.WritableECContainerProvider (WritableECContainerProvider.java:allocateContainer(211)) - Created and opened new pipeline Pipeline[ Id: 5f22cdd5-276e-4f5c-88d1-8672f3881243, Nodes: 8788027e-81d1-4d47-afe3-241385989a54(fv-az259-394.nxnqhby4qkoexpon2s1bx5vqxg.dx.internal.cloudapp.net/10.1.0.11)e6894f1b-35d2-469c-bf31-69833cd25437(fv-az259-394.nxnqhby4qkoexpon2s1bx5vqxg.dx.internal.cloudapp.net/10.1.0.11)2f0e8030-05aa-4e91-b2c6-437482cdb37f(fv-az259-394.nxnqhby4qkoexpon2s1bx5vqxg.dx.internal.cloudapp.net/10.1.0.11)942f2b0f-4d82-489c-b29f-3fa1e69d5237(fv-az259-394.nxnqhby4qkoexpon2s1bx5vqxg.dx.internal.cloudapp.net/10.1.0.11)e6d6ce9d-4fd0-4987-92e7-1065424d9f29(fv-az259-394.nxnqhby4qkoexpon2s1bx5vqxg.dx.internal.cloudapp.net/10.1.0.11), ReplicationConfig: EC{rs-3-2-1024k}, State:ALLOCATED, leaderId:, CreationTimestamp2023-09-07T20:30:42.488Z[Etc/UTC]]
]]></system-out>
  </testcase>
  <testcase name="testListStatusWithIntermediateDirWithECEnabled" classname="TestOzoneFileSystem" time="0.04">
    <system-out><![CDATA[2023-09-07 20:32:20,515 [IPC Server handler 17 on default port 15107] INFO  algorithms.SCMContainerPlacementRackScatter (SCMContainerPlacementRackScatter.java:chooseDatanodesInternal(370)) - Chosen nodes: [130456cf-e1b1-4e27-8a77-52f3e2c34494(fv-az259-394.nxnqhby4qkoexpon2s1bx5vqxg.dx.internal.cloudapp.net/10.1.0.11), a0cd6e17-3b90-4804-ab26-c3914b9665e9(fv-az259-394.nxnqhby4qkoexpon2s1bx5vqxg.dx.internal.cloudapp.net/10.1.0.11), 114a9516-507d-4df3-bbf0-358fc4f720dd(fv-az259-394.nxnqhby4qkoexpon2s1bx5vqxg.dx.internal.cloudapp.net/10.1.0.11), 29027832-24ec-44d8-841f-3a3b218b56da(fv-az259-394.nxnqhby4qkoexpon2s1bx5vqxg.dx.internal.cloudapp.net/10.1.0.11), 030e9783-811e-46a4-8bf6-f2375cfbdf83(fv-az259-394.nxnqhby4qkoexpon2s1bx5vqxg.dx.internal.cloudapp.net/10.1.0.11)]. isPolicySatisfied: true.
2023-09-07 20:32:20,517 [IPC Server handler 17 on default port 15107] INFO  pipeline.WritableECContainerProvider (WritableECContainerProvider.java:allocateContainer(211)) - Created and opened new pipeline Pipeline[ Id: 7f4b4828-4549-4d4f-8ab3-bb8a3cadca01, Nodes: 130456cf-e1b1-4e27-8a77-52f3e2c34494(fv-az259-394.nxnqhby4qkoexpon2s1bx5vqxg.dx.internal.cloudapp.net/10.1.0.11)a0cd6e17-3b90-4804-ab26-c3914b9665e9(fv-az259-394.nxnqhby4qkoexpon2s1bx5vqxg.dx.internal.cloudapp.net/10.1.0.11)114a9516-507d-4df3-bbf0-358fc4f720dd(fv-az259-394.nxnqhby4qkoexpon2s1bx5vqxg.dx.internal.cloudapp.net/10.1.0.11)29027832-24ec-44d8-841f-3a3b218b56da(fv-az259-394.nxnqhby4qkoexpon2s1bx5vqxg.dx.internal.cloudapp.net/10.1.0.11)030e9783-811e-46a4-8bf6-f2375cfbdf83(fv-az259-394.nxnqhby4qkoexpon2s1bx5vqxg.dx.internal.cloudapp.net/10.1.0.11), ReplicationConfig: EC{rs-3-2-1024k}, State:ALLOCATED, leaderId:, CreationTimestamp2023-09-07T20:32:20.515Z[Etc/UTC]]
]]></system-out>
  </testcase>
  <testcase name="testListStatusWithIntermediateDirWithECEnabled" classname="TestOzoneFileSystem" time="0.037">
    <system-out><![CDATA[2023-09-07 20:33:44,044 [IPC Server handler 2 on default port 15160] INFO  algorithms.SCMContainerPlacementRackScatter (SCMContainerPlacementRackScatter.java:chooseDatanodesInternal(370)) - Chosen nodes: [07825d29-2aa2-46d6-9af1-6f352e44c8c5(fv-az259-394.nxnqhby4qkoexpon2s1bx5vqxg.dx.internal.cloudapp.net/10.1.0.11), 0345af92-ee10-4252-b2db-9c35c6cf1855(fv-az259-394.nxnqhby4qkoexpon2s1bx5vqxg.dx.internal.cloudapp.net/10.1.0.11), 18956b72-3f9a-4d33-a14d-cbde511355b4(fv-az259-394.nxnqhby4qkoexpon2s1bx5vqxg.dx.internal.cloudapp.net/10.1.0.11), 0f4389f5-8f89-483a-970a-d84001bccdfd(fv-az259-394.nxnqhby4qkoexpon2s1bx5vqxg.dx.internal.cloudapp.net/10.1.0.11), 614edf31-22be-48a8-af09-2d4dd5301ee2(fv-az259-394.nxnqhby4qkoexpon2s1bx5vqxg.dx.internal.cloudapp.net/10.1.0.11)]. isPolicySatisfied: true.
2023-09-07 20:33:44,046 [IPC Server handler 2 on default port 15160] INFO  pipeline.WritableECContainerProvider (WritableECContainerProvider.java:allocateContainer(211)) - Created and opened new pipeline Pipeline[ Id: c5140855-5c89-4fe3-9caa-ca4d4bf91b6f, Nodes: 07825d29-2aa2-46d6-9af1-6f352e44c8c5(fv-az259-394.nxnqhby4qkoexpon2s1bx5vqxg.dx.internal.cloudapp.net/10.1.0.11)0345af92-ee10-4252-b2db-9c35c6cf1855(fv-az259-394.nxnqhby4qkoexpon2s1bx5vqxg.dx.internal.cloudapp.net/10.1.0.11)18956b72-3f9a-4d33-a14d-cbde511355b4(fv-az259-394.nxnqhby4qkoexpon2s1bx5vqxg.dx.internal.cloudapp.net/10.1.0.11)0f4389f5-8f89-483a-970a-d84001bccdfd(fv-az259-394.nxnqhby4qkoexpon2s1bx5vqxg.dx.internal.cloudapp.net/10.1.0.11)614edf31-22be-48a8-af09-2d4dd5301ee2(fv-az259-394.nxnqhby4qkoexpon2s1bx5vqxg.dx.internal.cloudapp.net/10.1.0.11), ReplicationConfig: EC{rs-3-2-1024k}, State:ALLOCATED, leaderId:, CreationTimestamp2023-09-07T20:33:44.045Z[Etc/UTC]]
]]></system-out>
  </testcase>
  <testcase name="testMakeDirsWithAnExistingDirectoryPath" classname="TestOzoneFileSystem" time="0.051"/>
  <testcase name="testMakeDirsWithAnExistingDirectoryPath" classname="TestOzoneFileSystem" time="0.028"/>
  <testcase name="testMakeDirsWithAnExistingDirectoryPath" classname="TestOzoneFileSystem" time="0.047"/>
  <testcase name="testMakeDirsWithAnExistingDirectoryPath" classname="TestOzoneFileSystem" time="0.028"/>
  <testcase name="testSetTimes" classname="TestOzoneFileSystem" time="0.217"/>
  <testcase name="testSetTimes" classname="TestOzoneFileSystem" time="0.177"/>
  <testcase name="testSetTimes" classname="TestOzoneFileSystem" time="0.201">
    <failure type="java.lang.AssertionError"><![CDATA[java.lang.AssertionError: Delete root failed! expected:<0> but was:<1>
	at org.junit.Assert.fail(Assert.java:89)
	at org.junit.Assert.failNotEquals(Assert.java:835)
	at org.junit.Assert.assertEquals(Assert.java:647)
	at org.apache.hadoop.fs.ozone.TestOzoneFileSystem.deleteRootDir(TestOzoneFileSystem.java:811)
	at org.apache.hadoop.fs.ozone.TestOzoneFileSystem.cleanup(TestOzoneFileSystem.java:231)
	at sun.reflect.GeneratedMethodAccessor47.invoke(Unknown Source)
	at sun.reflect.DelegatingMethodAccessorImpl.invoke(DelegatingMethodAccessorImpl.java:43)
	at java.lang.reflect.Method.invoke(Method.java:498)
	at org.junit.runners.model.FrameworkMethod$1.runReflectiveCall(FrameworkMethod.java:59)
	at org.junit.internal.runners.model.ReflectiveCallable.run(ReflectiveCallable.java:12)
	at org.junit.runners.model.FrameworkMethod.invokeExplosively(FrameworkMethod.java:56)
	at org.junit.internal.runners.statements.RunAfters.invokeMethod(RunAfters.java:46)
	at org.junit.internal.runners.statements.RunAfters.evaluate(RunAfters.java:33)
	at org.junit.internal.runners.statements.FailOnTimeout$CallableStatement.call(FailOnTimeout.java:288)
	at org.junit.internal.runners.statements.FailOnTimeout$CallableStatement.call(FailOnTimeout.java:282)
	at java.util.concurrent.FutureTask.run(FutureTask.java:266)
	at java.lang.Thread.run(Thread.java:750)
]]></failure>
    <system-out><![CDATA[2023-09-07 20:32:20,796 [Time-limited test] ERROR ozone.TestOzoneFileSystem (TestOzoneFileSystem.java:deleteRootDir(809)) - Unexpected file, should have been deleted: LocatedFileStatus{path=o3fs://bucket55116.volume50105/testKey1; isDirectory=false; length=1; replication=3; blocksize=4194304; modification_time=1000; access_time=1000; owner=runner; group=runner; permission=rw-rw-rw-; isSymlink=false; hasAcl=false; isEncrypted=false; isErasureCoded=false}
]]></system-out>
  </testcase>
  <testcase name="testSetTimes" classname="TestOzoneFileSystem" time="0.175"/>
</testsuite>