<?xml version="1.0" encoding="UTF-8"?>
<testsuite xmlns:xsi="http://www.w3.org/2001/XMLSchema-instance" xsi:noNamespaceSchemaLocation="https://maven.apache.org/surefire/maven-surefire-plugin/xsd/surefire-test-report.xsd" version="3.0.2" name="org.apache.hadoop.ozone.recon.tasks.TestNSSummaryUnifiedControl" time="1.931" tests="10" errors="0" skipped="0" failures="1">
  <properties>
    <property name="java.specification.version" value="21"/>
    <property name="sun.jnu.encoding" value="UTF-8"/>
    <property name="java.class.path" value="/home/runner/work/ozone/ozone/hadoop-ozone/recon/target/test-classes:/home/runner/work/ozone/ozone/hadoop-ozone/recon/target/classes:/home/runner/.m2/repository/aopalliance/aopalliance/1.0/aopalliance-1.0.jar:/home/runner/.m2/repository/com/fasterxml/jackson/core/jackson-annotations/2.16.2/jackson-annotations-2.16.2.jar:/home/runner/.m2/repository/com/fasterxml/jackson/core/jackson-databind/2.16.2/jackson-databind-2.16.2.jar:/home/runner/.m2/repository/com/fasterxml/jackson/core/jackson-core/2.16.2/jackson-core-2.16.2.jar:/home/runner/.m2/repository/com/google/guava/guava/33.4.8-jre/guava-33.4.8-jre.jar:/home/runner/.m2/repository/com/google/guava/failureaccess/1.0.3/failureaccess-1.0.3.jar:/home/runner/.m2/repository/com/google/guava/listenablefuture/9999.0-empty-to-avoid-conflict-with-guava/listenablefuture-9999.0-empty-to-avoid-conflict-with-guava.jar:/home/runner/.m2/repository/org/jspecify/jspecify/1.0.0/jspecify-1.0.0.jar:/home/runner/.m2/repository/com/google/errorprone/error_prone_annotations/2.29.2/error_prone_annotations-2.29.2.jar:/home/runner/.m2/repository/com/google/j2objc/j2objc-annotations/3.0.0/j2objc-annotations-3.0.0.jar:/home/runner/.m2/repository/com/google/inject/guice/6.0.0/guice-6.0.0.jar:/home/runner/.m2/repository/jakarta/inject/jakarta.inject-api/2.0.1/jakarta.inject-api-2.0.1.jar:/home/runner/.m2/repository/com/google/inject/extensions/guice-servlet/6.0.0/guice-servlet-6.0.0.jar:/home/runner/.m2/repository/com/google/protobuf/protobuf-java/2.5.0/protobuf-java-2.5.0.jar:/home/runner/.m2/repository/com/jolbox/bonecp/0.8.0.RELEASE/bonecp-0.8.0.RELEASE.jar:/home/runner/.m2/repository/commons-io/commons-io/2.18.0/commons-io-2.18.0.jar:/home/runner/.m2/repository/info/picocli/picocli/4.7.7/picocli-4.7.7.jar:/home/runner/.m2/repository/jakarta/annotation/jakarta.annotation-api/2.1.1/jakarta.annotation-api-2.1.1.jar:/home/runner/.m2/repository/jakarta/validation/jakarta.validation-api/2.0.2/jakarta.validation-api-2.0.2.jar:/home/runner/.m2/repository/jakarta/ws/rs/jakarta.ws.rs-api/2.1.6/jakarta.ws.rs-api-2.1.6.jar:/home/runner/.m2/repository/jakarta/xml/bind/jakarta.xml.bind-api/2.3.3/jakarta.xml.bind-api-2.3.3.jar:/home/runner/.m2/repository/jakarta/activation/jakarta.activation-api/1.2.2/jakarta.activation-api-1.2.2.jar:/home/runner/.m2/repository/javax/annotation/javax.annotation-api/1.3.2/javax.annotation-api-1.3.2.jar:/home/runner/.m2/repository/javax/inject/javax.inject/1/javax.inject-1.jar:/home/runner/.m2/repository/javax/servlet/javax.servlet-api/3.1.0/javax.servlet-api-3.1.0.jar:/home/runner/.m2/repository/org/apache/commons/commons-collections4/4.4/commons-collections4-4.4.jar:/home/runner/.m2/repository/org/apache/commons/commons-compress/1.27.1/commons-compress-1.27.1.jar:/home/runner/.m2/repository/commons-codec/commons-codec/1.18.0/commons-codec-1.18.0.jar:/home/runner/.m2/repository/org/apache/commons/commons-lang3/3.18.0/commons-lang3-3.18.0.jar:/home/runner/.m2/repository/org/apache/derby/derby/10.14.2.0/derby-10.14.2.0.jar:/home/runner/.m2/repository/org/apache/hadoop/hadoop-auth/3.4.1/hadoop-auth-3.4.1.jar:/home/runner/.m2/repository/org/apache/httpcomponents/httpclient/4.5.14/httpclient-4.5.14.jar:/home/runner/.m2/repository/com/nimbusds/nimbus-jose-jwt/10.4/nimbus-jose-jwt-10.4.jar:/home/runner/.m2/repository/io/dropwizard/metrics/metrics-core/3.2.6/metrics-core-3.2.6.jar:/home/runner/.m2/repository/org/apache/kerby/kerb-core/1.0.1/kerb-core-1.0.1.jar:/home/runner/.m2/repository/org/apache/kerby/kerby-pkix/1.0.1/kerby-pkix-1.0.1.jar:/home/runner/.m2/repository/org/apache/kerby/kerby-asn1/1.0.1/kerby-asn1-1.0.1.jar:/home/runner/.m2/repository/org/apache/kerby/kerb-util/1.0.1/kerb-util-1.0.1.jar:/home/runner/.m2/repository/org/apache/kerby/kerby-config/1.0.1/kerby-config-1.0.1.jar:/home/runner/.m2/repository/org/apache/kerby/kerb-crypto/1.0.1/kerb-crypto-1.0.1.jar:/home/runner/.m2/repository/org/apache/hadoop/thirdparty/hadoop-shaded-guava/1.3.0/hadoop-shaded-guava-1.3.0.jar:/home/runner/.m2/repository/org/apache/hadoop/hadoop-common/3.4.1/hadoop-common-3.4.1.jar:/home/runner/.m2/repository/org/apache/hadoop/thirdparty/hadoop-shaded-protobuf_3_25/1.4.0/hadoop-shaded-protobuf_3_25-1.4.0.jar:/home/runner/.m2/repository/org/apache/hadoop/hadoop-annotations/3.4.1/hadoop-annotations-3.4.1.jar:/home/runner/.m2/repository/commons-cli/commons-cli/1.8.0/commons-cli-1.8.0.jar:/home/runner/.m2/repository/commons-net/commons-net/3.11.1/commons-net-3.11.1.jar:/home/runner/.m2/repository/commons-collections/commons-collections/3.2.2/commons-collections-3.2.2.jar:/home/runner/.m2/repository/org/eclipse/jetty/jetty-server/9.4.58.v20250814/jetty-server-9.4.58.v20250814.jar:/home/runner/.m2/repository/org/eclipse/jetty/jetty-io/9.4.58.v20250814/jetty-io-9.4.58.v20250814.jar:/home/runner/.m2/repository/org/eclipse/jetty/jetty-util/9.4.58.v20250814/jetty-util-9.4.58.v20250814.jar:/home/runner/.m2/repository/org/eclipse/jetty/jetty-webapp/9.4.58.v20250814/jetty-webapp-9.4.58.v20250814.jar:/home/runner/.m2/repository/org/eclipse/jetty/jetty-xml/9.4.58.v20250814/jetty-xml-9.4.58.v20250814.jar:/home/runner/.m2/repository/javax/servlet/jsp/jsp-api/2.1/jsp-api-2.1.jar:/home/runner/.m2/repository/org/codehaus/jettison/jettison/1.5.4/jettison-1.5.4.jar:/home/runner/.m2/repository/commons-beanutils/commons-beanutils/1.11.0/commons-beanutils-1.11.0.jar:/home/runner/.m2/repository/org/apache/commons/commons-configuration2/2.12.0/commons-configuration2-2.12.0.jar:/home/runner/.m2/repository/org/apache/commons/commons-text/1.13.1/commons-text-1.13.1.jar:/home/runner/.m2/repository/com/google/re2j/re2j/1.7/re2j-1.7.jar:/home/runner/.m2/repository/com/google/code/gson/gson/2.13.1/gson-2.13.1.jar:/home/runner/.m2/repository/com/jcraft/jsch/0.1.55/jsch-0.1.55.jar:/home/runner/.m2/repository/io/netty/netty-handler/4.1.119.Final/netty-handler-4.1.119.Final.jar:/home/runner/.m2/repository/io/netty/netty-resolver/4.1.119.Final/netty-resolver-4.1.119.Final.jar:/home/runner/.m2/repository/io/netty/netty-transport-native-unix-common/4.1.119.Final/netty-transport-native-unix-common-4.1.119.Final.jar:/home/runner/.m2/repository/io/netty/netty-transport-native-epoll/4.1.119.Final/netty-transport-native-epoll-4.1.119.Final.jar:/home/runner/.m2/repository/io/netty/netty-transport-classes-epoll/4.1.119.Final/netty-transport-classes-epoll-4.1.119.Final.jar:/home/runner/.m2/repository/org/bouncycastle/bcprov-jdk18on/1.81/bcprov-jdk18on-1.81.jar:/home/runner/.m2/repository/org/codehaus/woodstox/stax2-api/4.2.1/stax2-api-4.2.1.jar:/home/runner/.m2/repository/com/fasterxml/woodstox/woodstox-core/5.4.0/woodstox-core-5.4.0.jar:/home/runner/.m2/repository/dnsjava/dnsjava/3.6.1/dnsjava-3.6.1.jar:/home/runner/.m2/repository/org/apache/hadoop/hadoop-hdfs-client/3.4.1/hadoop-hdfs-client-3.4.1.jar:/home/runner/.m2/repository/org/apache/httpcomponents/httpcore/4.4.16/httpcore-4.4.16.jar:/home/runner/work/ozone/ozone/hadoop-hdds/common/target/hdds-common-2.1.0-SNAPSHOT.jar:/home/runner/.m2/repository/com/fasterxml/jackson/datatype/jackson-datatype-jsr310/2.16.2/jackson-datatype-jsr310-2.16.2.jar:/home/runner/.m2/repository/com/github/stephenc/jcip/jcip-annotations/1.0-1/jcip-annotations-1.0-1.jar:/home/runner/.m2/repository/commons-validator/commons-validator/1.6/commons-validator-1.6.jar:/home/runner/.m2/repository/commons-digester/commons-digester/1.8.1/commons-digester-1.8.1.jar:/home/runner/.m2/repository/io/jaegertracing/jaeger-core/1.8.1/jaeger-core-1.8.1.jar:/home/runner/.m2/repository/io/opentracing/opentracing-api/0.33.0/opentracing-api-0.33.0.jar:/home/runner/.m2/repository/io/opentracing/opentracing-util/0.33.0/opentracing-util-0.33.0.jar:/home/runner/.m2/repository/io/opentracing/opentracing-noop/0.33.0/opentracing-noop-0.33.0.jar:/home/runner/work/ozone/ozone/hadoop-hdds/interface-admin/target/hdds-interface-admin-2.1.0-SNAPSHOT.jar:/home/runner/.m2/repository/org/apache/ratis/ratis-client/3.2.0/ratis-client-3.2.0.jar:/home/runner/.m2/repository/org/apache/ratis/ratis-grpc/3.2.0/ratis-grpc-3.2.0.jar:/home/runner/.m2/repository/org/apache/ratis/ratis-netty/3.2.0/ratis-netty-3.2.0.jar:/home/runner/.m2/repository/org/apache/ratis/ratis-server-api/3.2.0/ratis-server-api-3.2.0.jar:/home/runner/.m2/repository/org/apache/ratis/ratis-thirdparty-misc/1.0.9/ratis-thirdparty-misc-1.0.9.jar:/home/runner/.m2/repository/org/bouncycastle/bcpkix-jdk18on/1.81/bcpkix-jdk18on-1.81.jar:/home/runner/.m2/repository/org/bouncycastle/bcutil-jdk18on/1.81/bcutil-jdk18on-1.81.jar:/home/runner/.m2/repository/org/yaml/snakeyaml/2.0/snakeyaml-2.0.jar:/home/runner/.m2/repository/io/jaegertracing/jaeger-client/1.8.1/jaeger-client-1.8.1.jar:/home/runner/.m2/repository/io/jaegertracing/jaeger-thrift/1.8.1/jaeger-thrift-1.8.1.jar:/home/runner/.m2/repository/org/apache/thrift/libthrift/0.15.0/libthrift-0.15.0.jar:/home/runner/.m2/repository/com/squareup/okhttp3/okhttp/4.12.0/okhttp-4.12.0.jar:/home/runner/.m2/repository/com/squareup/okio/okio/3.6.0/okio-3.6.0.jar:/home/runner/.m2/repository/com/squareup/okio/okio-jvm/3.6.0/okio-jvm-3.6.0.jar:/home/runner/.m2/repository/org/jetbrains/kotlin/kotlin-stdlib-common/1.9.25/kotlin-stdlib-common-1.9.25.jar:/home/runner/.m2/repository/org/jetbrains/kotlin/kotlin-stdlib-jdk8/1.9.25/kotlin-stdlib-jdk8-1.9.25.jar:/home/runner/.m2/repository/org/jetbrains/kotlin/kotlin-stdlib/1.9.25/kotlin-stdlib-1.9.25.jar:/home/runner/.m2/repository/org/jetbrains/annotations/13.0/annotations-13.0.jar:/home/runner/.m2/repository/org/jetbrains/kotlin/kotlin-stdlib-jdk7/1.9.25/kotlin-stdlib-jdk7-1.9.25.jar:/home/runner/.m2/repository/io/jaegertracing/jaeger-tracerresolver/1.8.1/jaeger-tracerresolver-1.8.1.jar:/home/runner/.m2/repository/io/opentracing/contrib/opentracing-tracerresolver/0.1.8/opentracing-tracerresolver-0.1.8.jar:/home/runner/.m2/repository/org/apache/ratis/ratis-metrics-dropwizard3/3.2.0/ratis-metrics-dropwizard3-3.2.0.jar:/home/runner/.m2/repository/org/slf4j/jcl-over-slf4j/2.0.17/jcl-over-slf4j-2.0.17.jar:/home/runner/.m2/repository/org/slf4j/slf4j-reload4j/2.0.17/slf4j-reload4j-2.0.17.jar:/home/runner/work/ozone/ozone/hadoop-hdds/config/target/hdds-config-2.1.0-SNAPSHOT.jar:/home/runner/work/ozone/ozone/hadoop-hdds/container-service/target/hdds-container-service-2.1.0-SNAPSHOT.jar:/home/runner/.m2/repository/io/netty/netty-buffer/4.1.119.Final/netty-buffer-4.1.119.Final.jar:/home/runner/.m2/repository/io/netty/netty-codec/4.1.119.Final/netty-codec-4.1.119.Final.jar:/home/runner/.m2/repository/io/netty/netty-common/4.1.119.Final/netty-common-4.1.119.Final.jar:/home/runner/.m2/repository/io/netty/netty-transport/4.1.119.Final/netty-transport-4.1.119.Final.jar:/home/runner/.m2/repository/org/apache/hadoop/hadoop-hdfs/3.4.1/hadoop-hdfs-3.4.1.jar:/home/runner/.m2/repository/commons-daemon/commons-daemon/1.4.0/commons-daemon-1.4.0.jar:/home/runner/.m2/repository/org/apache/logging/log4j/log4j-api/2.25.0/log4j-api-2.25.0.jar:/home/runner/work/ozone/ozone/hadoop-hdds/client/target/hdds-client-2.1.0-SNAPSHOT.jar:/home/runner/work/ozone/ozone/hadoop-hdds/erasurecode/target/hdds-erasurecode-2.1.0-SNAPSHOT.jar:/home/runner/.m2/repository/org/apache/ratis/ratis-server/3.2.0/ratis-server-3.2.0.jar:/home/runner/.m2/repository/com/github/luben/zstd-jni/1.5.7-4/zstd-jni-1.5.7-4.jar:/home/runner/.m2/repository/log4j/apache-log4j-extras/1.2.17/apache-log4j-extras-1.2.17.jar:/home/runner/.m2/repository/org/glassfish/jaxb/jaxb-runtime/2.3.9/jaxb-runtime-2.3.9.jar:/home/runner/.m2/repository/org/glassfish/jaxb/txw2/2.3.9/txw2-2.3.9.jar:/home/runner/.m2/repository/com/sun/istack/istack-commons-runtime/3.0.12/istack-commons-runtime-3.0.12.jar:/home/runner/.m2/repository/com/sun/activation/jakarta.activation/1.2.2/jakarta.activation-1.2.2.jar:/home/runner/work/ozone/ozone/hadoop-hdds/interface-client/target/hdds-interface-client-2.1.0-SNAPSHOT.jar:/home/runner/work/ozone/ozone/hadoop-hdds/interface-server/target/hdds-interface-server-2.1.0-SNAPSHOT.jar:/home/runner/work/ozone/ozone/hadoop-hdds/managed-rocksdb/target/hdds-managed-rocksdb-2.1.0-SNAPSHOT.jar:/home/runner/work/ozone/ozone/hadoop-hdds/framework/target/hdds-server-framework-2.1.0-SNAPSHOT.jar:/home/runner/.m2/repository/ch/qos/reload4j/reload4j/1.2.26/reload4j-1.2.26.jar:/home/runner/.m2/repository/com/github/jnr/jnr-constants/0.10.4/jnr-constants-0.10.4.jar:/home/runner/.m2/repository/com/github/jnr/jnr-posix/3.1.20/jnr-posix-3.1.20.jar:/home/runner/.m2/repository/com/github/jnr/jnr-ffi/2.2.17/jnr-ffi-2.2.17.jar:/home/runner/.m2/repository/com/github/jnr/jffi/1.3.13/jffi-1.3.13.jar:/home/runner/.m2/repository/com/github/jnr/jffi/1.3.13/jffi-1.3.13-native.jar:/home/runner/.m2/repository/org/ow2/asm/asm/9.7.1/asm-9.7.1.jar:/home/runner/.m2/repository/org/ow2/asm/asm-commons/9.7.1/asm-commons-9.7.1.jar:/home/runner/.m2/repository/org/ow2/asm/asm-analysis/9.7.1/asm-analysis-9.7.1.jar:/home/runner/.m2/repository/org/ow2/asm/asm-tree/9.7.1/asm-tree-9.7.1.jar:/home/runner/.m2/repository/org/ow2/asm/asm-util/9.7.1/asm-util-9.7.1.jar:/home/runner/.m2/repository/com/github/jnr/jnr-a64asm/1.0.0/jnr-a64asm-1.0.0.jar:/home/runner/.m2/repository/com/github/jnr/jnr-x86asm/1.0.2/jnr-x86asm-1.0.2.jar:/home/runner/.m2/repository/commons-fileupload/commons-fileupload/1.6.0/commons-fileupload-1.6.0.jar:/home/runner/.m2/repository/io/grpc/grpc-api/1.71.0/grpc-api-1.71.0.jar:/home/runner/.m2/repository/io/prometheus/simpleclient/0.16.0/simpleclient-0.16.0.jar:/home/runner/.m2/repository/io/prometheus/simpleclient_common/0.16.0/simpleclient_common-0.16.0.jar:/home/runner/.m2/repository/io/prometheus/simpleclient_dropwizard/0.16.0/simpleclient_dropwizard-0.16.0.jar:/home/runner/work/ozone/ozone/hadoop-hdds/rocksdb-checkpoint-differ/target/rocksdb-checkpoint-differ-2.1.0-SNAPSHOT.jar:/home/runner/.m2/repository/org/apache/ratis/ratis-metrics-api/3.2.0/ratis-metrics-api-3.2.0.jar:/home/runner/.m2/repository/org/eclipse/jetty/jetty-http/9.4.58.v20250814/jetty-http-9.4.58.v20250814.jar:/home/runner/.m2/repository/com/lmax/disruptor/3.4.4/disruptor-3.4.4.jar:/home/runner/.m2/repository/org/apache/logging/log4j/log4j-core/2.25.0/log4j-core-2.25.0.jar:/home/runner/.m2/repository/org/xerial/snappy/snappy-java/1.1.10.8/snappy-java-1.1.10.8.jar:/home/runner/work/ozone/ozone/hadoop-hdds/server-scm/target/hdds-server-scm-2.1.0-SNAPSHOT.jar:/home/runner/work/ozone/ozone/hadoop-ozone/cli-admin/target/ozone-cli-admin-2.1.0-SNAPSHOT.jar:/home/runner/work/ozone/ozone/hadoop-ozone/common/target/ozone-common-2.1.0-SNAPSHOT.jar:/home/runner/.m2/repository/io/grpc/grpc-netty/1.71.0/grpc-netty-1.71.0.jar:/home/runner/.m2/repository/org/codehaus/mojo/animal-sniffer-annotations/1.24/animal-sniffer-annotations-1.24.jar:/home/runner/.m2/repository/io/grpc/grpc-core/1.71.0/grpc-core-1.71.0.jar:/home/runner/.m2/repository/com/google/android/annotations/4.1.1.4/annotations-4.1.1.4.jar:/home/runner/.m2/repository/io/grpc/grpc-context/1.71.0/grpc-context-1.71.0.jar:/home/runner/.m2/repository/io/perfmark/perfmark-api/0.27.0/perfmark-api-0.27.0.jar:/home/runner/.m2/repository/io/grpc/grpc-util/1.71.0/grpc-util-1.71.0.jar:/home/runner/.m2/repository/io/netty/netty-codec-http2/4.1.119.Final/netty-codec-http2-4.1.119.Final.jar:/home/runner/.m2/repository/io/netty/netty-codec-http/4.1.119.Final/netty-codec-http-4.1.119.Final.jar:/home/runner/.m2/repository/io/netty/netty-handler-proxy/4.1.119.Final/netty-handler-proxy-4.1.119.Final.jar:/home/runner/.m2/repository/io/netty/netty-codec-socks/4.1.119.Final/netty-codec-socks-4.1.119.Final.jar:/home/runner/.m2/repository/io/netty/netty-tcnative-boringssl-static/2.0.70.Final/netty-tcnative-boringssl-static-2.0.70.Final.jar:/home/runner/.m2/repository/io/netty/netty-tcnative-classes/2.0.70.Final/netty-tcnative-classes-2.0.70.Final.jar:/home/runner/.m2/repository/io/netty/netty-tcnative-boringssl-static/2.0.70.Final/netty-tcnative-boringssl-static-2.0.70.Final-linux-x86_64.jar:/home/runner/.m2/repository/io/netty/netty-tcnative-boringssl-static/2.0.70.Final/netty-tcnative-boringssl-static-2.0.70.Final-linux-aarch_64.jar:/home/runner/.m2/repository/io/netty/netty-tcnative-boringssl-static/2.0.70.Final/netty-tcnative-boringssl-static-2.0.70.Final-osx-x86_64.jar:/home/runner/.m2/repository/io/netty/netty-tcnative-boringssl-static/2.0.70.Final/netty-tcnative-boringssl-static-2.0.70.Final-osx-aarch_64.jar:/home/runner/.m2/repository/io/netty/netty-tcnative-boringssl-static/2.0.70.Final/netty-tcnative-boringssl-static-2.0.70.Final-windows-x86_64.jar:/home/runner/work/ozone/ozone/hadoop-ozone/interface-client/target/ozone-interface-client-2.1.0-SNAPSHOT.jar:/home/runner/.m2/repository/io/grpc/grpc-protobuf/1.71.0/grpc-protobuf-1.71.0.jar:/home/runner/.m2/repository/com/google/api/grpc/proto-google-common-protos/2.51.0/proto-google-common-protos-2.51.0.jar:/home/runner/.m2/repository/io/grpc/grpc-protobuf-lite/1.71.0/grpc-protobuf-lite-1.71.0.jar:/home/runner/.m2/repository/io/grpc/grpc-stub/1.71.0/grpc-stub-1.71.0.jar:/home/runner/work/ozone/ozone/hadoop-ozone/interface-storage/target/ozone-interface-storage-2.1.0-SNAPSHOT.jar:/home/runner/work/ozone/ozone/hadoop-ozone/ozone-manager/target/ozone-manager-2.1.0-SNAPSHOT.jar:/home/runner/.m2/repository/org/apache/kerby/kerby-util/1.0.1/kerby-util-1.0.1.jar:/home/runner/work/ozone/ozone/hadoop-hdds/rocks-native/target/hdds-rocks-native-2.1.0-SNAPSHOT.jar:/home/runner/.m2/repository/org/apache/ranger/ranger-intg/2.6.0/ranger-intg-2.6.0.jar:/home/runner/.m2/repository/org/apache/ranger/ranger-plugins-common/2.6.0/ranger-plugins-common-2.6.0.jar:/home/runner/.m2/repository/com/fasterxml/jackson/jaxrs/jackson-jaxrs-base/2.16.2/jackson-jaxrs-base-2.16.2.jar:/home/runner/.m2/repository/com/fasterxml/jackson/jaxrs/jackson-jaxrs-json-provider/2.16.2/jackson-jaxrs-json-provider-2.16.2.jar:/home/runner/.m2/repository/com/kstruct/gethostname4j/1.0.0/gethostname4j-1.0.0.jar:/home/runner/.m2/repository/commons-lang/commons-lang/2.6/commons-lang-2.6.jar:/home/runner/.m2/repository/net/java/dev/jna/jna/5.2.0/jna-5.2.0.jar:/home/runner/.m2/repository/net/java/dev/jna/jna-platform/5.2.0/jna-platform-5.2.0.jar:/home/runner/.m2/repository/org/apache/ranger/ranger-plugin-classloader/2.6.0/ranger-plugin-classloader-2.6.0.jar:/home/runner/.m2/repository/org/apache/ranger/ranger-plugins-audit/2.6.0/ranger-plugins-audit-2.6.0.jar:/home/runner/.m2/repository/com/amazonaws/aws-java-sdk-logs/1.12.765/aws-java-sdk-logs-1.12.765.jar:/home/runner/.m2/repository/com/amazonaws/aws-java-sdk-core/1.12.788/aws-java-sdk-core-1.12.788.jar:/home/runner/.m2/repository/com/fasterxml/jackson/dataformat/jackson-dataformat-cbor/2.16.2/jackson-dataformat-cbor-2.16.2.jar:/home/runner/.m2/repository/com/amazonaws/jmespath-java/1.12.765/jmespath-java-1.12.765.jar:/home/runner/.m2/repository/com/carrotsearch/hppc/0.8.0/hppc-0.8.0.jar:/home/runner/.m2/repository/io/airlift/aircompressor/0.27/aircompressor-0.27.jar:/home/runner/.m2/repository/joda-time/joda-time/2.12.7/joda-time-2.12.7.jar:/home/runner/.m2/repository/org/apache/httpcomponents/httpasyncclient/4.1.4/httpasyncclient-4.1.4.jar:/home/runner/.m2/repository/org/apache/httpcomponents/httpcore-nio/4.4.16/httpcore-nio-4.4.16.jar:/home/runner/.m2/repository/org/apache/httpcomponents/httpmime/4.5.13/httpmime-4.5.13.jar:/home/runner/.m2/repository/org/apache/orc/orc-core/1.5.8/orc-core-1.5.8.jar:/home/runner/.m2/repository/org/apache/orc/orc-shims/1.5.8/orc-shims-1.5.8.jar:/home/runner/.m2/repository/org/eclipse/jetty/jetty-client/9.4.58.v20250814/jetty-client-9.4.58.v20250814.jar:/home/runner/.m2/repository/org/apache/ranger/ranger-plugins-cred/2.6.0/ranger-plugins-cred-2.6.0.jar:/home/runner/.m2/repository/org/aspectj/aspectjrt/1.9.7/aspectjrt-1.9.7.jar:/home/runner/work/ozone/ozone/hadoop-ozone/recon-codegen/target/ozone-reconcodegen-2.1.0-SNAPSHOT.jar:/home/runner/.m2/repository/org/jooq/jooq-codegen/3.11.10/jooq-codegen-3.11.10.jar:/home/runner/.m2/repository/org/jooq/jooq-meta/3.11.10/jooq-meta-3.11.10.jar:/home/runner/.m2/repository/org/apache/ratis/ratis-common/3.2.0/ratis-common-3.2.0.jar:/home/runner/.m2/repository/org/apache/ratis/ratis-proto/3.2.0/ratis-proto-3.2.0.jar:/home/runner/.m2/repository/org/eclipse/jetty/jetty-servlet/9.4.58.v20250814/jetty-servlet-9.4.58.v20250814.jar:/home/runner/.m2/repository/org/eclipse/jetty/jetty-security/9.4.58.v20250814/jetty-security-9.4.58.v20250814.jar:/home/runner/.m2/repository/org/eclipse/jetty/jetty-util-ajax/9.4.58.v20250814/jetty-util-ajax-9.4.58.v20250814.jar:/home/runner/.m2/repository/org/glassfish/hk2/guice-bridge/2.6.1/guice-bridge-2.6.1.jar:/home/runner/.m2/repository/org/glassfish/hk2/hk2-api/2.6.1/hk2-api-2.6.1.jar:/home/runner/.m2/repository/org/glassfish/hk2/hk2-utils/2.6.1/hk2-utils-2.6.1.jar:/home/runner/.m2/repository/org/glassfish/hk2/external/aopalliance-repackaged/2.6.1/aopalliance-repackaged-2.6.1.jar:/home/runner/.m2/repository/org/glassfish/jersey/containers/jersey-container-servlet-core/2.47/jersey-container-servlet-core-2.47.jar:/home/runner/.m2/repository/org/glassfish/jersey/core/jersey-common/2.47/jersey-common-2.47.jar:/home/runner/.m2/repository/org/glassfish/hk2/osgi-resource-locator/1.0.3/osgi-resource-locator-1.0.3.jar:/home/runner/.m2/repository/org/glassfish/jersey/core/jersey-server/2.47/jersey-server-2.47.jar:/home/runner/.m2/repository/org/glassfish/jersey/core/jersey-client/2.47/jersey-client-2.47.jar:/home/runner/.m2/repository/org/jooq/jooq/3.11.10/jooq-3.11.10.jar:/home/runner/.m2/repository/org/reflections/reflections/0.10.2/reflections-0.10.2.jar:/home/runner/.m2/repository/org/javassist/javassist/3.30.2-GA/javassist-3.30.2-GA.jar:/home/runner/.m2/repository/org/rocksdb/rocksdbjni/7.7.3/rocksdbjni-7.7.3.jar:/home/runner/.m2/repository/org/slf4j/slf4j-api/2.0.17/slf4j-api-2.0.17.jar:/home/runner/.m2/repository/org/springframework/spring-core/5.3.39/spring-core-5.3.39.jar:/home/runner/.m2/repository/org/springframework/spring-jdbc/5.3.39/spring-jdbc-5.3.39.jar:/home/runner/.m2/repository/org/springframework/spring-beans/5.3.39/spring-beans-5.3.39.jar:/home/runner/.m2/repository/org/springframework/spring-tx/5.3.39/spring-tx-5.3.39.jar:/home/runner/.m2/repository/org/xerial/sqlite-jdbc/3.50.3.0/sqlite-jdbc-3.50.3.0.jar:/home/runner/.m2/repository/com/google/inject/extensions/guice-assistedinject/6.0.0/guice-assistedinject-6.0.0.jar:/home/runner/.m2/repository/org/glassfish/hk2/external/jakarta.inject/2.6.1/jakarta.inject-2.6.1.jar:/home/runner/.m2/repository/org/glassfish/jersey/inject/jersey-hk2/2.47/jersey-hk2-2.47.jar:/home/runner/.m2/repository/org/glassfish/hk2/hk2-locator/2.6.1/hk2-locator-2.6.1.jar:/home/runner/.m2/repository/org/glassfish/jersey/media/jersey-media-jaxb/2.47/jersey-media-jaxb-2.47.jar:/home/runner/.m2/repository/org/glassfish/jersey/media/jersey-media-json-jackson/2.47/jersey-media-json-jackson-2.47.jar:/home/runner/.m2/repository/org/glassfish/jersey/ext/jersey-entity-filtering/2.47/jersey-entity-filtering-2.47.jar:/home/runner/.m2/repository/com/fasterxml/jackson/module/jackson-module-jaxb-annotations/2.16.2/jackson-module-jaxb-annotations-2.16.2.jar:/home/runner/work/ozone/ozone/hadoop-hdds/common/target/hdds-common-2.1.0-SNAPSHOT-tests.jar:/home/runner/work/ozone/ozone/hadoop-hdds/test-utils/target/hdds-test-utils-2.1.0-SNAPSHOT-tests.jar:/home/runner/.m2/repository/org/assertj/assertj-core/3.27.4/assertj-core-3.27.4.jar:/home/runner/.m2/repository/net/bytebuddy/byte-buddy/1.15.11/byte-buddy-1.15.11.jar:/home/runner/.m2/repository/org/junit/jupiter/junit-jupiter-api/5.13.4/junit-jupiter-api-5.13.4.jar:/home/runner/.m2/repository/org/opentest4j/opentest4j/1.3.0/opentest4j-1.3.0.jar:/home/runner/.m2/repository/org/junit/platform/junit-platform-commons/1.13.4/junit-platform-commons-1.13.4.jar:/home/runner/.m2/repository/org/apiguardian/apiguardian-api/1.1.2/apiguardian-api-1.1.2.jar:/home/runner/.m2/repository/org/junit/jupiter/junit-jupiter-params/5.13.4/junit-jupiter-params-5.13.4.jar:/home/runner/.m2/repository/org/mockito/mockito-core/4.11.0/mockito-core-4.11.0.jar:/home/runner/.m2/repository/net/bytebuddy/byte-buddy-agent/1.12.19/byte-buddy-agent-1.12.19.jar:/home/runner/.m2/repository/org/objenesis/objenesis/3.3/objenesis-3.3.jar:/home/runner/.m2/repository/org/mockito/mockito-inline/4.11.0/mockito-inline-4.11.0.jar:/home/runner/.m2/repository/org/mockito/mockito-junit-jupiter/4.11.0/mockito-junit-jupiter-4.11.0.jar:/home/runner/work/ozone/ozone/hadoop-ozone/recon/target/gradle-enterprise/test-listeners.jar:"/>
    <property name="java.vm.vendor" value="Eclipse Adoptium"/>
    <property name="sun.arch.data.model" value="64"/>
    <property name="test.build.dir" value="/home/runner/work/ozone/ozone/hadoop-ozone/recon/target/test-dir"/>
    <property name="test.cache.data" value=""/>
    <property name="java.vendor.url" value="https://adoptium.net/"/>
    <property name="user.timezone" value="Etc/UTC"/>
    <property name="maven-surefire-plugin.argLineAccessArgs" value=" --add-opens java.management/com.sun.jmx.mbeanserver=ALL-UNNAMED --add-exports java.management/com.sun.jmx.mbeanserver=ALL-UNNAMED --add-opens java.base/java.nio=ALL-UNNAMED --add-opens java.base/java.lang=ALL-UNNAMED --add-opens java.base/java.lang.reflect=ALL-UNNAMED"/>
    <property name="os.name" value="Linux"/>
    <property name="java.vm.specification.version" value="21"/>
    <property name="test.build.data" value="/home/runner/work/ozone/ozone/hadoop-ozone/recon/target/test-dir"/>
    <property name="sun.java.launcher" value="SUN_STANDARD"/>
    <property name="sun.boot.library.path" value="/usr/lib/jvm/temurin-21-jdk-amd64/lib"/>
    <property name="sun.java.command" value="/home/runner/work/ozone/ozone/hadoop-ozone/recon/target/surefire/surefirebooter-20250905053336529_106.jar /home/runner/work/ozone/ozone/hadoop-ozone/recon/target/surefire 2025-09-05T05-30-31_092-jvmRun1 surefire-20250905053336529_104tmp surefire_12-20250905053336529_105tmp"/>
    <property name="jdk.debug" value="release"/>
    <property name="native.lib.tmp.dir" value="/tmp"/>
    <property name="surefire.test.class.path" value="/home/runner/work/ozone/ozone/hadoop-ozone/recon/target/test-classes:/home/runner/work/ozone/ozone/hadoop-ozone/recon/target/classes:/home/runner/.m2/repository/aopalliance/aopalliance/1.0/aopalliance-1.0.jar:/home/runner/.m2/repository/com/fasterxml/jackson/core/jackson-annotations/2.16.2/jackson-annotations-2.16.2.jar:/home/runner/.m2/repository/com/fasterxml/jackson/core/jackson-databind/2.16.2/jackson-databind-2.16.2.jar:/home/runner/.m2/repository/com/fasterxml/jackson/core/jackson-core/2.16.2/jackson-core-2.16.2.jar:/home/runner/.m2/repository/com/google/guava/guava/33.4.8-jre/guava-33.4.8-jre.jar:/home/runner/.m2/repository/com/google/guava/failureaccess/1.0.3/failureaccess-1.0.3.jar:/home/runner/.m2/repository/com/google/guava/listenablefuture/9999.0-empty-to-avoid-conflict-with-guava/listenablefuture-9999.0-empty-to-avoid-conflict-with-guava.jar:/home/runner/.m2/repository/org/jspecify/jspecify/1.0.0/jspecify-1.0.0.jar:/home/runner/.m2/repository/com/google/errorprone/error_prone_annotations/2.29.2/error_prone_annotations-2.29.2.jar:/home/runner/.m2/repository/com/google/j2objc/j2objc-annotations/3.0.0/j2objc-annotations-3.0.0.jar:/home/runner/.m2/repository/com/google/inject/guice/6.0.0/guice-6.0.0.jar:/home/runner/.m2/repository/jakarta/inject/jakarta.inject-api/2.0.1/jakarta.inject-api-2.0.1.jar:/home/runner/.m2/repository/com/google/inject/extensions/guice-servlet/6.0.0/guice-servlet-6.0.0.jar:/home/runner/.m2/repository/com/google/protobuf/protobuf-java/2.5.0/protobuf-java-2.5.0.jar:/home/runner/.m2/repository/com/jolbox/bonecp/0.8.0.RELEASE/bonecp-0.8.0.RELEASE.jar:/home/runner/.m2/repository/commons-io/commons-io/2.18.0/commons-io-2.18.0.jar:/home/runner/.m2/repository/info/picocli/picocli/4.7.7/picocli-4.7.7.jar:/home/runner/.m2/repository/jakarta/annotation/jakarta.annotation-api/2.1.1/jakarta.annotation-api-2.1.1.jar:/home/runner/.m2/repository/jakarta/validation/jakarta.validation-api/2.0.2/jakarta.validation-api-2.0.2.jar:/home/runner/.m2/repository/jakarta/ws/rs/jakarta.ws.rs-api/2.1.6/jakarta.ws.rs-api-2.1.6.jar:/home/runner/.m2/repository/jakarta/xml/bind/jakarta.xml.bind-api/2.3.3/jakarta.xml.bind-api-2.3.3.jar:/home/runner/.m2/repository/jakarta/activation/jakarta.activation-api/1.2.2/jakarta.activation-api-1.2.2.jar:/home/runner/.m2/repository/javax/annotation/javax.annotation-api/1.3.2/javax.annotation-api-1.3.2.jar:/home/runner/.m2/repository/javax/inject/javax.inject/1/javax.inject-1.jar:/home/runner/.m2/repository/javax/servlet/javax.servlet-api/3.1.0/javax.servlet-api-3.1.0.jar:/home/runner/.m2/repository/org/apache/commons/commons-collections4/4.4/commons-collections4-4.4.jar:/home/runner/.m2/repository/org/apache/commons/commons-compress/1.27.1/commons-compress-1.27.1.jar:/home/runner/.m2/repository/commons-codec/commons-codec/1.18.0/commons-codec-1.18.0.jar:/home/runner/.m2/repository/org/apache/commons/commons-lang3/3.18.0/commons-lang3-3.18.0.jar:/home/runner/.m2/repository/org/apache/derby/derby/10.14.2.0/derby-10.14.2.0.jar:/home/runner/.m2/repository/org/apache/hadoop/hadoop-auth/3.4.1/hadoop-auth-3.4.1.jar:/home/runner/.m2/repository/org/apache/httpcomponents/httpclient/4.5.14/httpclient-4.5.14.jar:/home/runner/.m2/repository/com/nimbusds/nimbus-jose-jwt/10.4/nimbus-jose-jwt-10.4.jar:/home/runner/.m2/repository/io/dropwizard/metrics/metrics-core/3.2.6/metrics-core-3.2.6.jar:/home/runner/.m2/repository/org/apache/kerby/kerb-core/1.0.1/kerb-core-1.0.1.jar:/home/runner/.m2/repository/org/apache/kerby/kerby-pkix/1.0.1/kerby-pkix-1.0.1.jar:/home/runner/.m2/repository/org/apache/kerby/kerby-asn1/1.0.1/kerby-asn1-1.0.1.jar:/home/runner/.m2/repository/org/apache/kerby/kerb-util/1.0.1/kerb-util-1.0.1.jar:/home/runner/.m2/repository/org/apache/kerby/kerby-config/1.0.1/kerby-config-1.0.1.jar:/home/runner/.m2/repository/org/apache/kerby/kerb-crypto/1.0.1/kerb-crypto-1.0.1.jar:/home/runner/.m2/repository/org/apache/hadoop/thirdparty/hadoop-shaded-guava/1.3.0/hadoop-shaded-guava-1.3.0.jar:/home/runner/.m2/repository/org/apache/hadoop/hadoop-common/3.4.1/hadoop-common-3.4.1.jar:/home/runner/.m2/repository/org/apache/hadoop/thirdparty/hadoop-shaded-protobuf_3_25/1.4.0/hadoop-shaded-protobuf_3_25-1.4.0.jar:/home/runner/.m2/repository/org/apache/hadoop/hadoop-annotations/3.4.1/hadoop-annotations-3.4.1.jar:/home/runner/.m2/repository/commons-cli/commons-cli/1.8.0/commons-cli-1.8.0.jar:/home/runner/.m2/repository/commons-net/commons-net/3.11.1/commons-net-3.11.1.jar:/home/runner/.m2/repository/commons-collections/commons-collections/3.2.2/commons-collections-3.2.2.jar:/home/runner/.m2/repository/org/eclipse/jetty/jetty-server/9.4.58.v20250814/jetty-server-9.4.58.v20250814.jar:/home/runner/.m2/repository/org/eclipse/jetty/jetty-io/9.4.58.v20250814/jetty-io-9.4.58.v20250814.jar:/home/runner/.m2/repository/org/eclipse/jetty/jetty-util/9.4.58.v20250814/jetty-util-9.4.58.v20250814.jar:/home/runner/.m2/repository/org/eclipse/jetty/jetty-webapp/9.4.58.v20250814/jetty-webapp-9.4.58.v20250814.jar:/home/runner/.m2/repository/org/eclipse/jetty/jetty-xml/9.4.58.v20250814/jetty-xml-9.4.58.v20250814.jar:/home/runner/.m2/repository/javax/servlet/jsp/jsp-api/2.1/jsp-api-2.1.jar:/home/runner/.m2/repository/org/codehaus/jettison/jettison/1.5.4/jettison-1.5.4.jar:/home/runner/.m2/repository/commons-beanutils/commons-beanutils/1.11.0/commons-beanutils-1.11.0.jar:/home/runner/.m2/repository/org/apache/commons/commons-configuration2/2.12.0/commons-configuration2-2.12.0.jar:/home/runner/.m2/repository/org/apache/commons/commons-text/1.13.1/commons-text-1.13.1.jar:/home/runner/.m2/repository/com/google/re2j/re2j/1.7/re2j-1.7.jar:/home/runner/.m2/repository/com/google/code/gson/gson/2.13.1/gson-2.13.1.jar:/home/runner/.m2/repository/com/jcraft/jsch/0.1.55/jsch-0.1.55.jar:/home/runner/.m2/repository/io/netty/netty-handler/4.1.119.Final/netty-handler-4.1.119.Final.jar:/home/runner/.m2/repository/io/netty/netty-resolver/4.1.119.Final/netty-resolver-4.1.119.Final.jar:/home/runner/.m2/repository/io/netty/netty-transport-native-unix-common/4.1.119.Final/netty-transport-native-unix-common-4.1.119.Final.jar:/home/runner/.m2/repository/io/netty/netty-transport-native-epoll/4.1.119.Final/netty-transport-native-epoll-4.1.119.Final.jar:/home/runner/.m2/repository/io/netty/netty-transport-classes-epoll/4.1.119.Final/netty-transport-classes-epoll-4.1.119.Final.jar:/home/runner/.m2/repository/org/bouncycastle/bcprov-jdk18on/1.81/bcprov-jdk18on-1.81.jar:/home/runner/.m2/repository/org/codehaus/woodstox/stax2-api/4.2.1/stax2-api-4.2.1.jar:/home/runner/.m2/repository/com/fasterxml/woodstox/woodstox-core/5.4.0/woodstox-core-5.4.0.jar:/home/runner/.m2/repository/dnsjava/dnsjava/3.6.1/dnsjava-3.6.1.jar:/home/runner/.m2/repository/org/apache/hadoop/hadoop-hdfs-client/3.4.1/hadoop-hdfs-client-3.4.1.jar:/home/runner/.m2/repository/org/apache/httpcomponents/httpcore/4.4.16/httpcore-4.4.16.jar:/home/runner/work/ozone/ozone/hadoop-hdds/common/target/hdds-common-2.1.0-SNAPSHOT.jar:/home/runner/.m2/repository/com/fasterxml/jackson/datatype/jackson-datatype-jsr310/2.16.2/jackson-datatype-jsr310-2.16.2.jar:/home/runner/.m2/repository/com/github/stephenc/jcip/jcip-annotations/1.0-1/jcip-annotations-1.0-1.jar:/home/runner/.m2/repository/commons-validator/commons-validator/1.6/commons-validator-1.6.jar:/home/runner/.m2/repository/commons-digester/commons-digester/1.8.1/commons-digester-1.8.1.jar:/home/runner/.m2/repository/io/jaegertracing/jaeger-core/1.8.1/jaeger-core-1.8.1.jar:/home/runner/.m2/repository/io/opentracing/opentracing-api/0.33.0/opentracing-api-0.33.0.jar:/home/runner/.m2/repository/io/opentracing/opentracing-util/0.33.0/opentracing-util-0.33.0.jar:/home/runner/.m2/repository/io/opentracing/opentracing-noop/0.33.0/opentracing-noop-0.33.0.jar:/home/runner/work/ozone/ozone/hadoop-hdds/interface-admin/target/hdds-interface-admin-2.1.0-SNAPSHOT.jar:/home/runner/.m2/repository/org/apache/ratis/ratis-client/3.2.0/ratis-client-3.2.0.jar:/home/runner/.m2/repository/org/apache/ratis/ratis-grpc/3.2.0/ratis-grpc-3.2.0.jar:/home/runner/.m2/repository/org/apache/ratis/ratis-netty/3.2.0/ratis-netty-3.2.0.jar:/home/runner/.m2/repository/org/apache/ratis/ratis-server-api/3.2.0/ratis-server-api-3.2.0.jar:/home/runner/.m2/repository/org/apache/ratis/ratis-thirdparty-misc/1.0.9/ratis-thirdparty-misc-1.0.9.jar:/home/runner/.m2/repository/org/bouncycastle/bcpkix-jdk18on/1.81/bcpkix-jdk18on-1.81.jar:/home/runner/.m2/repository/org/bouncycastle/bcutil-jdk18on/1.81/bcutil-jdk18on-1.81.jar:/home/runner/.m2/repository/org/yaml/snakeyaml/2.0/snakeyaml-2.0.jar:/home/runner/.m2/repository/io/jaegertracing/jaeger-client/1.8.1/jaeger-client-1.8.1.jar:/home/runner/.m2/repository/io/jaegertracing/jaeger-thrift/1.8.1/jaeger-thrift-1.8.1.jar:/home/runner/.m2/repository/org/apache/thrift/libthrift/0.15.0/libthrift-0.15.0.jar:/home/runner/.m2/repository/com/squareup/okhttp3/okhttp/4.12.0/okhttp-4.12.0.jar:/home/runner/.m2/repository/com/squareup/okio/okio/3.6.0/okio-3.6.0.jar:/home/runner/.m2/repository/com/squareup/okio/okio-jvm/3.6.0/okio-jvm-3.6.0.jar:/home/runner/.m2/repository/org/jetbrains/kotlin/kotlin-stdlib-common/1.9.25/kotlin-stdlib-common-1.9.25.jar:/home/runner/.m2/repository/org/jetbrains/kotlin/kotlin-stdlib-jdk8/1.9.25/kotlin-stdlib-jdk8-1.9.25.jar:/home/runner/.m2/repository/org/jetbrains/kotlin/kotlin-stdlib/1.9.25/kotlin-stdlib-1.9.25.jar:/home/runner/.m2/repository/org/jetbrains/annotations/13.0/annotations-13.0.jar:/home/runner/.m2/repository/org/jetbrains/kotlin/kotlin-stdlib-jdk7/1.9.25/kotlin-stdlib-jdk7-1.9.25.jar:/home/runner/.m2/repository/io/jaegertracing/jaeger-tracerresolver/1.8.1/jaeger-tracerresolver-1.8.1.jar:/home/runner/.m2/repository/io/opentracing/contrib/opentracing-tracerresolver/0.1.8/opentracing-tracerresolver-0.1.8.jar:/home/runner/.m2/repository/org/apache/ratis/ratis-metrics-dropwizard3/3.2.0/ratis-metrics-dropwizard3-3.2.0.jar:/home/runner/.m2/repository/org/slf4j/jcl-over-slf4j/2.0.17/jcl-over-slf4j-2.0.17.jar:/home/runner/.m2/repository/org/slf4j/slf4j-reload4j/2.0.17/slf4j-reload4j-2.0.17.jar:/home/runner/work/ozone/ozone/hadoop-hdds/config/target/hdds-config-2.1.0-SNAPSHOT.jar:/home/runner/work/ozone/ozone/hadoop-hdds/container-service/target/hdds-container-service-2.1.0-SNAPSHOT.jar:/home/runner/.m2/repository/io/netty/netty-buffer/4.1.119.Final/netty-buffer-4.1.119.Final.jar:/home/runner/.m2/repository/io/netty/netty-codec/4.1.119.Final/netty-codec-4.1.119.Final.jar:/home/runner/.m2/repository/io/netty/netty-common/4.1.119.Final/netty-common-4.1.119.Final.jar:/home/runner/.m2/repository/io/netty/netty-transport/4.1.119.Final/netty-transport-4.1.119.Final.jar:/home/runner/.m2/repository/org/apache/hadoop/hadoop-hdfs/3.4.1/hadoop-hdfs-3.4.1.jar:/home/runner/.m2/repository/commons-daemon/commons-daemon/1.4.0/commons-daemon-1.4.0.jar:/home/runner/.m2/repository/org/apache/logging/log4j/log4j-api/2.25.0/log4j-api-2.25.0.jar:/home/runner/work/ozone/ozone/hadoop-hdds/client/target/hdds-client-2.1.0-SNAPSHOT.jar:/home/runner/work/ozone/ozone/hadoop-hdds/erasurecode/target/hdds-erasurecode-2.1.0-SNAPSHOT.jar:/home/runner/.m2/repository/org/apache/ratis/ratis-server/3.2.0/ratis-server-3.2.0.jar:/home/runner/.m2/repository/com/github/luben/zstd-jni/1.5.7-4/zstd-jni-1.5.7-4.jar:/home/runner/.m2/repository/log4j/apache-log4j-extras/1.2.17/apache-log4j-extras-1.2.17.jar:/home/runner/.m2/repository/org/glassfish/jaxb/jaxb-runtime/2.3.9/jaxb-runtime-2.3.9.jar:/home/runner/.m2/repository/org/glassfish/jaxb/txw2/2.3.9/txw2-2.3.9.jar:/home/runner/.m2/repository/com/sun/istack/istack-commons-runtime/3.0.12/istack-commons-runtime-3.0.12.jar:/home/runner/.m2/repository/com/sun/activation/jakarta.activation/1.2.2/jakarta.activation-1.2.2.jar:/home/runner/work/ozone/ozone/hadoop-hdds/interface-client/target/hdds-interface-client-2.1.0-SNAPSHOT.jar:/home/runner/work/ozone/ozone/hadoop-hdds/interface-server/target/hdds-interface-server-2.1.0-SNAPSHOT.jar:/home/runner/work/ozone/ozone/hadoop-hdds/managed-rocksdb/target/hdds-managed-rocksdb-2.1.0-SNAPSHOT.jar:/home/runner/work/ozone/ozone/hadoop-hdds/framework/target/hdds-server-framework-2.1.0-SNAPSHOT.jar:/home/runner/.m2/repository/ch/qos/reload4j/reload4j/1.2.26/reload4j-1.2.26.jar:/home/runner/.m2/repository/com/github/jnr/jnr-constants/0.10.4/jnr-constants-0.10.4.jar:/home/runner/.m2/repository/com/github/jnr/jnr-posix/3.1.20/jnr-posix-3.1.20.jar:/home/runner/.m2/repository/com/github/jnr/jnr-ffi/2.2.17/jnr-ffi-2.2.17.jar:/home/runner/.m2/repository/com/github/jnr/jffi/1.3.13/jffi-1.3.13.jar:/home/runner/.m2/repository/com/github/jnr/jffi/1.3.13/jffi-1.3.13-native.jar:/home/runner/.m2/repository/org/ow2/asm/asm/9.7.1/asm-9.7.1.jar:/home/runner/.m2/repository/org/ow2/asm/asm-commons/9.7.1/asm-commons-9.7.1.jar:/home/runner/.m2/repository/org/ow2/asm/asm-analysis/9.7.1/asm-analysis-9.7.1.jar:/home/runner/.m2/repository/org/ow2/asm/asm-tree/9.7.1/asm-tree-9.7.1.jar:/home/runner/.m2/repository/org/ow2/asm/asm-util/9.7.1/asm-util-9.7.1.jar:/home/runner/.m2/repository/com/github/jnr/jnr-a64asm/1.0.0/jnr-a64asm-1.0.0.jar:/home/runner/.m2/repository/com/github/jnr/jnr-x86asm/1.0.2/jnr-x86asm-1.0.2.jar:/home/runner/.m2/repository/commons-fileupload/commons-fileupload/1.6.0/commons-fileupload-1.6.0.jar:/home/runner/.m2/repository/io/grpc/grpc-api/1.71.0/grpc-api-1.71.0.jar:/home/runner/.m2/repository/io/prometheus/simpleclient/0.16.0/simpleclient-0.16.0.jar:/home/runner/.m2/repository/io/prometheus/simpleclient_common/0.16.0/simpleclient_common-0.16.0.jar:/home/runner/.m2/repository/io/prometheus/simpleclient_dropwizard/0.16.0/simpleclient_dropwizard-0.16.0.jar:/home/runner/work/ozone/ozone/hadoop-hdds/rocksdb-checkpoint-differ/target/rocksdb-checkpoint-differ-2.1.0-SNAPSHOT.jar:/home/runner/.m2/repository/org/apache/ratis/ratis-metrics-api/3.2.0/ratis-metrics-api-3.2.0.jar:/home/runner/.m2/repository/org/eclipse/jetty/jetty-http/9.4.58.v20250814/jetty-http-9.4.58.v20250814.jar:/home/runner/.m2/repository/com/lmax/disruptor/3.4.4/disruptor-3.4.4.jar:/home/runner/.m2/repository/org/apache/logging/log4j/log4j-core/2.25.0/log4j-core-2.25.0.jar:/home/runner/.m2/repository/org/xerial/snappy/snappy-java/1.1.10.8/snappy-java-1.1.10.8.jar:/home/runner/work/ozone/ozone/hadoop-hdds/server-scm/target/hdds-server-scm-2.1.0-SNAPSHOT.jar:/home/runner/work/ozone/ozone/hadoop-ozone/cli-admin/target/ozone-cli-admin-2.1.0-SNAPSHOT.jar:/home/runner/work/ozone/ozone/hadoop-ozone/common/target/ozone-common-2.1.0-SNAPSHOT.jar:/home/runner/.m2/repository/io/grpc/grpc-netty/1.71.0/grpc-netty-1.71.0.jar:/home/runner/.m2/repository/org/codehaus/mojo/animal-sniffer-annotations/1.24/animal-sniffer-annotations-1.24.jar:/home/runner/.m2/repository/io/grpc/grpc-core/1.71.0/grpc-core-1.71.0.jar:/home/runner/.m2/repository/com/google/android/annotations/4.1.1.4/annotations-4.1.1.4.jar:/home/runner/.m2/repository/io/grpc/grpc-context/1.71.0/grpc-context-1.71.0.jar:/home/runner/.m2/repository/io/perfmark/perfmark-api/0.27.0/perfmark-api-0.27.0.jar:/home/runner/.m2/repository/io/grpc/grpc-util/1.71.0/grpc-util-1.71.0.jar:/home/runner/.m2/repository/io/netty/netty-codec-http2/4.1.119.Final/netty-codec-http2-4.1.119.Final.jar:/home/runner/.m2/repository/io/netty/netty-codec-http/4.1.119.Final/netty-codec-http-4.1.119.Final.jar:/home/runner/.m2/repository/io/netty/netty-handler-proxy/4.1.119.Final/netty-handler-proxy-4.1.119.Final.jar:/home/runner/.m2/repository/io/netty/netty-codec-socks/4.1.119.Final/netty-codec-socks-4.1.119.Final.jar:/home/runner/.m2/repository/io/netty/netty-tcnative-boringssl-static/2.0.70.Final/netty-tcnative-boringssl-static-2.0.70.Final.jar:/home/runner/.m2/repository/io/netty/netty-tcnative-classes/2.0.70.Final/netty-tcnative-classes-2.0.70.Final.jar:/home/runner/.m2/repository/io/netty/netty-tcnative-boringssl-static/2.0.70.Final/netty-tcnative-boringssl-static-2.0.70.Final-linux-x86_64.jar:/home/runner/.m2/repository/io/netty/netty-tcnative-boringssl-static/2.0.70.Final/netty-tcnative-boringssl-static-2.0.70.Final-linux-aarch_64.jar:/home/runner/.m2/repository/io/netty/netty-tcnative-boringssl-static/2.0.70.Final/netty-tcnative-boringssl-static-2.0.70.Final-osx-x86_64.jar:/home/runner/.m2/repository/io/netty/netty-tcnative-boringssl-static/2.0.70.Final/netty-tcnative-boringssl-static-2.0.70.Final-osx-aarch_64.jar:/home/runner/.m2/repository/io/netty/netty-tcnative-boringssl-static/2.0.70.Final/netty-tcnative-boringssl-static-2.0.70.Final-windows-x86_64.jar:/home/runner/work/ozone/ozone/hadoop-ozone/interface-client/target/ozone-interface-client-2.1.0-SNAPSHOT.jar:/home/runner/.m2/repository/io/grpc/grpc-protobuf/1.71.0/grpc-protobuf-1.71.0.jar:/home/runner/.m2/repository/com/google/api/grpc/proto-google-common-protos/2.51.0/proto-google-common-protos-2.51.0.jar:/home/runner/.m2/repository/io/grpc/grpc-protobuf-lite/1.71.0/grpc-protobuf-lite-1.71.0.jar:/home/runner/.m2/repository/io/grpc/grpc-stub/1.71.0/grpc-stub-1.71.0.jar:/home/runner/work/ozone/ozone/hadoop-ozone/interface-storage/target/ozone-interface-storage-2.1.0-SNAPSHOT.jar:/home/runner/work/ozone/ozone/hadoop-ozone/ozone-manager/target/ozone-manager-2.1.0-SNAPSHOT.jar:/home/runner/.m2/repository/org/apache/kerby/kerby-util/1.0.1/kerby-util-1.0.1.jar:/home/runner/work/ozone/ozone/hadoop-hdds/rocks-native/target/hdds-rocks-native-2.1.0-SNAPSHOT.jar:/home/runner/.m2/repository/org/apache/ranger/ranger-intg/2.6.0/ranger-intg-2.6.0.jar:/home/runner/.m2/repository/org/apache/ranger/ranger-plugins-common/2.6.0/ranger-plugins-common-2.6.0.jar:/home/runner/.m2/repository/com/fasterxml/jackson/jaxrs/jackson-jaxrs-base/2.16.2/jackson-jaxrs-base-2.16.2.jar:/home/runner/.m2/repository/com/fasterxml/jackson/jaxrs/jackson-jaxrs-json-provider/2.16.2/jackson-jaxrs-json-provider-2.16.2.jar:/home/runner/.m2/repository/com/kstruct/gethostname4j/1.0.0/gethostname4j-1.0.0.jar:/home/runner/.m2/repository/commons-lang/commons-lang/2.6/commons-lang-2.6.jar:/home/runner/.m2/repository/net/java/dev/jna/jna/5.2.0/jna-5.2.0.jar:/home/runner/.m2/repository/net/java/dev/jna/jna-platform/5.2.0/jna-platform-5.2.0.jar:/home/runner/.m2/repository/org/apache/ranger/ranger-plugin-classloader/2.6.0/ranger-plugin-classloader-2.6.0.jar:/home/runner/.m2/repository/org/apache/ranger/ranger-plugins-audit/2.6.0/ranger-plugins-audit-2.6.0.jar:/home/runner/.m2/repository/com/amazonaws/aws-java-sdk-logs/1.12.765/aws-java-sdk-logs-1.12.765.jar:/home/runner/.m2/repository/com/amazonaws/aws-java-sdk-core/1.12.788/aws-java-sdk-core-1.12.788.jar:/home/runner/.m2/repository/com/fasterxml/jackson/dataformat/jackson-dataformat-cbor/2.16.2/jackson-dataformat-cbor-2.16.2.jar:/home/runner/.m2/repository/com/amazonaws/jmespath-java/1.12.765/jmespath-java-1.12.765.jar:/home/runner/.m2/repository/com/carrotsearch/hppc/0.8.0/hppc-0.8.0.jar:/home/runner/.m2/repository/io/airlift/aircompressor/0.27/aircompressor-0.27.jar:/home/runner/.m2/repository/joda-time/joda-time/2.12.7/joda-time-2.12.7.jar:/home/runner/.m2/repository/org/apache/httpcomponents/httpasyncclient/4.1.4/httpasyncclient-4.1.4.jar:/home/runner/.m2/repository/org/apache/httpcomponents/httpcore-nio/4.4.16/httpcore-nio-4.4.16.jar:/home/runner/.m2/repository/org/apache/httpcomponents/httpmime/4.5.13/httpmime-4.5.13.jar:/home/runner/.m2/repository/org/apache/orc/orc-core/1.5.8/orc-core-1.5.8.jar:/home/runner/.m2/repository/org/apache/orc/orc-shims/1.5.8/orc-shims-1.5.8.jar:/home/runner/.m2/repository/org/eclipse/jetty/jetty-client/9.4.58.v20250814/jetty-client-9.4.58.v20250814.jar:/home/runner/.m2/repository/org/apache/ranger/ranger-plugins-cred/2.6.0/ranger-plugins-cred-2.6.0.jar:/home/runner/.m2/repository/org/aspectj/aspectjrt/1.9.7/aspectjrt-1.9.7.jar:/home/runner/work/ozone/ozone/hadoop-ozone/recon-codegen/target/ozone-reconcodegen-2.1.0-SNAPSHOT.jar:/home/runner/.m2/repository/org/jooq/jooq-codegen/3.11.10/jooq-codegen-3.11.10.jar:/home/runner/.m2/repository/org/jooq/jooq-meta/3.11.10/jooq-meta-3.11.10.jar:/home/runner/.m2/repository/org/apache/ratis/ratis-common/3.2.0/ratis-common-3.2.0.jar:/home/runner/.m2/repository/org/apache/ratis/ratis-proto/3.2.0/ratis-proto-3.2.0.jar:/home/runner/.m2/repository/org/eclipse/jetty/jetty-servlet/9.4.58.v20250814/jetty-servlet-9.4.58.v20250814.jar:/home/runner/.m2/repository/org/eclipse/jetty/jetty-security/9.4.58.v20250814/jetty-security-9.4.58.v20250814.jar:/home/runner/.m2/repository/org/eclipse/jetty/jetty-util-ajax/9.4.58.v20250814/jetty-util-ajax-9.4.58.v20250814.jar:/home/runner/.m2/repository/org/glassfish/hk2/guice-bridge/2.6.1/guice-bridge-2.6.1.jar:/home/runner/.m2/repository/org/glassfish/hk2/hk2-api/2.6.1/hk2-api-2.6.1.jar:/home/runner/.m2/repository/org/glassfish/hk2/hk2-utils/2.6.1/hk2-utils-2.6.1.jar:/home/runner/.m2/repository/org/glassfish/hk2/external/aopalliance-repackaged/2.6.1/aopalliance-repackaged-2.6.1.jar:/home/runner/.m2/repository/org/glassfish/jersey/containers/jersey-container-servlet-core/2.47/jersey-container-servlet-core-2.47.jar:/home/runner/.m2/repository/org/glassfish/jersey/core/jersey-common/2.47/jersey-common-2.47.jar:/home/runner/.m2/repository/org/glassfish/hk2/osgi-resource-locator/1.0.3/osgi-resource-locator-1.0.3.jar:/home/runner/.m2/repository/org/glassfish/jersey/core/jersey-server/2.47/jersey-server-2.47.jar:/home/runner/.m2/repository/org/glassfish/jersey/core/jersey-client/2.47/jersey-client-2.47.jar:/home/runner/.m2/repository/org/jooq/jooq/3.11.10/jooq-3.11.10.jar:/home/runner/.m2/repository/org/reflections/reflections/0.10.2/reflections-0.10.2.jar:/home/runner/.m2/repository/org/javassist/javassist/3.30.2-GA/javassist-3.30.2-GA.jar:/home/runner/.m2/repository/org/rocksdb/rocksdbjni/7.7.3/rocksdbjni-7.7.3.jar:/home/runner/.m2/repository/org/slf4j/slf4j-api/2.0.17/slf4j-api-2.0.17.jar:/home/runner/.m2/repository/org/springframework/spring-core/5.3.39/spring-core-5.3.39.jar:/home/runner/.m2/repository/org/springframework/spring-jdbc/5.3.39/spring-jdbc-5.3.39.jar:/home/runner/.m2/repository/org/springframework/spring-beans/5.3.39/spring-beans-5.3.39.jar:/home/runner/.m2/repository/org/springframework/spring-tx/5.3.39/spring-tx-5.3.39.jar:/home/runner/.m2/repository/org/xerial/sqlite-jdbc/3.50.3.0/sqlite-jdbc-3.50.3.0.jar:/home/runner/.m2/repository/com/google/inject/extensions/guice-assistedinject/6.0.0/guice-assistedinject-6.0.0.jar:/home/runner/.m2/repository/org/glassfish/hk2/external/jakarta.inject/2.6.1/jakarta.inject-2.6.1.jar:/home/runner/.m2/repository/org/glassfish/jersey/inject/jersey-hk2/2.47/jersey-hk2-2.47.jar:/home/runner/.m2/repository/org/glassfish/hk2/hk2-locator/2.6.1/hk2-locator-2.6.1.jar:/home/runner/.m2/repository/org/glassfish/jersey/media/jersey-media-jaxb/2.47/jersey-media-jaxb-2.47.jar:/home/runner/.m2/repository/org/glassfish/jersey/media/jersey-media-json-jackson/2.47/jersey-media-json-jackson-2.47.jar:/home/runner/.m2/repository/org/glassfish/jersey/ext/jersey-entity-filtering/2.47/jersey-entity-filtering-2.47.jar:/home/runner/.m2/repository/com/fasterxml/jackson/module/jackson-module-jaxb-annotations/2.16.2/jackson-module-jaxb-annotations-2.16.2.jar:/home/runner/work/ozone/ozone/hadoop-hdds/common/target/hdds-common-2.1.0-SNAPSHOT-tests.jar:/home/runner/work/ozone/ozone/hadoop-hdds/test-utils/target/hdds-test-utils-2.1.0-SNAPSHOT-tests.jar:/home/runner/.m2/repository/org/assertj/assertj-core/3.27.4/assertj-core-3.27.4.jar:/home/runner/.m2/repository/net/bytebuddy/byte-buddy/1.15.11/byte-buddy-1.15.11.jar:/home/runner/.m2/repository/org/junit/jupiter/junit-jupiter-api/5.13.4/junit-jupiter-api-5.13.4.jar:/home/runner/.m2/repository/org/opentest4j/opentest4j/1.3.0/opentest4j-1.3.0.jar:/home/runner/.m2/repository/org/junit/platform/junit-platform-commons/1.13.4/junit-platform-commons-1.13.4.jar:/home/runner/.m2/repository/org/apiguardian/apiguardian-api/1.1.2/apiguardian-api-1.1.2.jar:/home/runner/.m2/repository/org/junit/jupiter/junit-jupiter-params/5.13.4/junit-jupiter-params-5.13.4.jar:/home/runner/.m2/repository/org/mockito/mockito-core/4.11.0/mockito-core-4.11.0.jar:/home/runner/.m2/repository/net/bytebuddy/byte-buddy-agent/1.12.19/byte-buddy-agent-1.12.19.jar:/home/runner/.m2/repository/org/objenesis/objenesis/3.3/objenesis-3.3.jar:/home/runner/.m2/repository/org/mockito/mockito-inline/4.11.0/mockito-inline-4.11.0.jar:/home/runner/.m2/repository/org/mockito/mockito-junit-jupiter/4.11.0/mockito-junit-jupiter-4.11.0.jar:/home/runner/work/ozone/ozone/hadoop-ozone/recon/target/gradle-enterprise/test-listeners.jar:"/>
    <property name="sun.cpu.endian" value="little"/>
    <property name="user.home" value="/home/runner"/>
    <property name="user.language" value="en"/>
    <property name="java.specification.vendor" value="Oracle Corporation"/>
    <property name="skipRecon" value="true"/>
    <property name="java.version.date" value="2025-07-15"/>
    <property name="java.home" value="/usr/lib/jvm/temurin-21-jdk-amd64"/>
    <property name="java.security.krb5.conf" value="/home/runner/work/ozone/ozone/hadoop-ozone/recon/target/test-classes/krb5.conf"/>
    <property name="file.separator" value="/"/>
    <property name="basedir" value="/home/runner/work/ozone/ozone/hadoop-ozone/recon"/>
    <property name="java.vm.compressedOopsMode" value="Zero based"/>
    <property name="line.separator" value="&#10;"/>
    <property name="java.vm.specification.vendor" value="Oracle Corporation"/>
    <property name="java.specification.name" value="Java Platform API Specification"/>
    <property name="surefire.real.class.path" value="/home/runner/work/ozone/ozone/hadoop-ozone/recon/target/surefire/surefirebooter-20250905053336529_106.jar"/>
    <property name="hadoop.log.dir" value="/home/runner/work/ozone/ozone/hadoop-ozone/recon/target/log"/>
    <property name="sun.management.compiler" value="HotSpot 64-Bit Tiered Compilers"/>
    <property name="skipShade" value="true"/>
    <property name="java.runtime.version" value="21.0.8+9-LTS"/>
    <property name="user.name" value="runner"/>
    <property name="java.net.preferIPv4Stack" value="true"/>
    <property name="stdout.encoding" value="UTF-8"/>
    <property name="path.separator" value=":"/>
    <property name="java.security.egd" value="file:///dev/urandom"/>
    <property name="os.version" value="6.11.0-1018-azure"/>
    <property name="java.runtime.name" value="OpenJDK Runtime Environment"/>
    <property name="com.gradle.maven.scan.extension.test.listener.junitplatform.NestedExecutionSafeDelegatingTestExecutionListener" value="1cf6d1be"/>
    <property name="file.encoding" value="UTF-8"/>
    <property name="java.vm.name" value="OpenJDK 64-Bit Server VM"/>
    <property name="rocks_tools_native" value="true"/>
    <property name="java.vendor.version" value="Temurin-21.0.8+9"/>
    <property name="test.build.webapps" value=""/>
    <property name="develocity.listener.surefire.forkId" value="1"/>
    <property name="localRepository" value="/home/runner/.m2/repository"/>
    <property name="java.vendor.url.bug" value="https://github.com/adoptium/adoptium-support/issues"/>
    <property name="java.io.tmpdir" value="/tmp"/>
    <property name="require.test.libhadoop" value=""/>
    <property name="java.version" value="21.0.8"/>
    <property name="user.dir" value="/home/runner/work/ozone/ozone/hadoop-ozone/recon"/>
    <property name="os.arch" value="amd64"/>
    <property name="java.vm.specification.name" value="Java Virtual Machine Specification"/>
    <property name="test.build.classes" value="/home/runner/work/ozone/ozone/hadoop-ozone/recon/target/test-classes"/>
    <property name="native.encoding" value="UTF-8"/>
    <property name="hadoop.tmp.dir" value="/home/runner/work/ozone/ozone/hadoop-ozone/recon/target/tmp"/>
    <property name="java.library.path" value="/usr/java/packages/lib:/usr/lib64:/lib64:/lib:/usr/lib"/>
    <property name="java.vm.info" value="mixed mode, sharing"/>
    <property name="stderr.encoding" value="UTF-8"/>
    <property name="java.vendor" value="Eclipse Adoptium"/>
    <property name="java.vm.version" value="21.0.8+9-LTS"/>
    <property name="sun.io.unicode.encoding" value="UnicodeLittle"/>
    <property name="develocity.listener.port" value="37423"/>
    <property name="java.class.version" value="65.0"/>
  </properties>
  <testcase name="testSingleSuccessfulRebuild" classname="org.apache.hadoop.ozone.recon.tasks.TestNSSummaryUnifiedControl" time="1.532">
    <system-out><![CDATA[2025-09-05 05:34:51,164 [main] INFO  tasks.NSSummaryTask (NSSummaryTask.java:reprocess(214)) - Starting NSSummary tree reprocess with unified control...
2025-09-05 05:34:51,174 [main] INFO  tasks.TestNSSummaryUnifiedControl (TestNSSummaryUnifiedControl.java:executeReprocess(161)) - Test NSSummary reprocess execution time: 6 milliseconds
2025-09-05 05:34:51,175 [main] INFO  tasks.TestNSSummaryUnifiedControl (TestNSSummaryUnifiedControl.java:executeReprocess(166)) - Test NSSummary tree reprocess completed successfully with unified control.
]]></system-out>
    <system-err><![CDATA[WARNING: A Java agent has been loaded dynamically (/home/runner/.m2/repository/net/bytebuddy/byte-buddy-agent/1.12.19/byte-buddy-agent-1.12.19.jar)
WARNING: If a serviceability tool is in use, please run with -XX:+EnableDynamicAgentLoading to hide this warning
WARNING: If a serviceability tool is not in use, please run with -Djdk.instrument.traceUsage for more information
WARNING: Dynamic loading of agents will be disallowed by default in a future release
]]></system-err>
  </testcase>
  <testcase name="testRebuildFailure" classname="org.apache.hadoop.ozone.recon.tasks.TestNSSummaryUnifiedControl" time="0.054">
    <system-out><![CDATA[2025-09-05 05:34:51,245 [main] INFO  tasks.NSSummaryTask (NSSummaryTask.java:reprocess(214)) - Starting NSSummary tree reprocess with unified control...
2025-09-05 05:34:51,247 [main] ERROR tasks.TestNSSummaryUnifiedControl (TestNSSummaryUnifiedControl.java:executeReprocess(123)) - Unable to clear NSSummary table in Recon DB. 
java.io.IOException: Test failure
	at org.apache.hadoop.ozone.recon.tasks.TestNSSummaryUnifiedControl$1.executeReprocess(TestNSSummaryUnifiedControl.java:121)
	at org.apache.hadoop.ozone.recon.tasks.NSSummaryTask.reprocess(NSSummaryTask.java:218)
	at org.apache.hadoop.ozone.recon.tasks.TestNSSummaryUnifiedControl.testRebuildFailure(TestNSSummaryUnifiedControl.java:214)
	at java.base/jdk.internal.reflect.DirectMethodHandleAccessor.invoke(DirectMethodHandleAccessor.java:103)
	at java.base/java.lang.reflect.Method.invoke(Method.java:580)
	at org.junit.platform.commons.util.ReflectionUtils.invokeMethod(ReflectionUtils.java:787)
	at org.junit.platform.commons.support.ReflectionSupport.invokeMethod(ReflectionSupport.java:478)
	at org.junit.jupiter.engine.execution.MethodInvocation.proceed(MethodInvocation.java:60)
	at org.junit.jupiter.engine.execution.InvocationInterceptorChain$ValidatingInvocation.proceed(InvocationInterceptorChain.java:131)
	at org.junit.jupiter.engine.extension.SameThreadTimeoutInvocation.proceed(SameThreadTimeoutInvocation.java:49)
	at org.junit.jupiter.engine.extension.TimeoutExtension.intercept(TimeoutExtension.java:161)
	at org.junit.jupiter.engine.extension.TimeoutExtension.interceptTestableMethod(TimeoutExtension.java:152)
	at org.junit.jupiter.engine.extension.TimeoutExtension.interceptTestMethod(TimeoutExtension.java:91)
	at org.junit.jupiter.engine.execution.InterceptingExecutableInvoker$ReflectiveInterceptorCall.lambda$ofVoidMethod$0(InterceptingExecutableInvoker.java:112)
	at org.junit.jupiter.engine.execution.InterceptingExecutableInvoker.lambda$invoke$0(InterceptingExecutableInvoker.java:94)
	at org.junit.jupiter.engine.execution.InvocationInterceptorChain$InterceptedInvocation.proceed(InvocationInterceptorChain.java:106)
	at org.junit.jupiter.engine.execution.InvocationInterceptorChain.proceed(InvocationInterceptorChain.java:64)
	at org.junit.jupiter.engine.execution.InvocationInterceptorChain.chainAndInvoke(InvocationInterceptorChain.java:45)
	at org.junit.jupiter.engine.execution.InvocationInterceptorChain.invoke(InvocationInterceptorChain.java:37)
	at org.junit.jupiter.engine.execution.InterceptingExecutableInvoker.invoke(InterceptingExecutableInvoker.java:93)
	at org.junit.jupiter.engine.execution.InterceptingExecutableInvoker.invoke(InterceptingExecutableInvoker.java:87)
	at org.junit.jupiter.engine.descriptor.TestMethodTestDescriptor.lambda$invokeTestMethod$4(TestMethodTestDescriptor.java:221)
	at org.junit.platform.engine.support.hierarchical.ThrowableCollector.execute(ThrowableCollector.java:73)
	at org.junit.jupiter.engine.descriptor.TestMethodTestDescriptor.invokeTestMethod(TestMethodTestDescriptor.java:217)
	at org.junit.jupiter.engine.descriptor.TestMethodTestDescriptor.execute(TestMethodTestDescriptor.java:159)
	at org.junit.jupiter.engine.descriptor.TestMethodTestDescriptor.execute(TestMethodTestDescriptor.java:70)
	at org.junit.platform.engine.support.hierarchical.NodeTestTask.lambda$executeRecursively$6(NodeTestTask.java:157)
	at org.junit.platform.engine.support.hierarchical.ThrowableCollector.execute(ThrowableCollector.java:73)
	at org.junit.platform.engine.support.hierarchical.NodeTestTask.lambda$executeRecursively$8(NodeTestTask.java:147)
	at org.junit.platform.engine.support.hierarchical.Node.around(Node.java:137)
	at org.junit.platform.engine.support.hierarchical.NodeTestTask.lambda$executeRecursively$9(NodeTestTask.java:145)
	at org.junit.platform.engine.support.hierarchical.ThrowableCollector.execute(ThrowableCollector.java:73)
	at org.junit.platform.engine.support.hierarchical.NodeTestTask.executeRecursively(NodeTestTask.java:144)
	at org.junit.platform.engine.support.hierarchical.NodeTestTask.execute(NodeTestTask.java:101)
	at java.base/java.util.ArrayList.forEach(ArrayList.java:1596)
	at org.junit.platform.engine.support.hierarchical.SameThreadHierarchicalTestExecutorService.invokeAll(SameThreadHierarchicalTestExecutorService.java:41)
	at org.junit.platform.engine.support.hierarchical.NodeTestTask.lambda$executeRecursively$6(NodeTestTask.java:161)
	at org.junit.platform.engine.support.hierarchical.ThrowableCollector.execute(ThrowableCollector.java:73)
	at org.junit.platform.engine.support.hierarchical.NodeTestTask.lambda$executeRecursively$8(NodeTestTask.java:147)
	at org.junit.platform.engine.support.hierarchical.Node.around(Node.java:137)
	at org.junit.platform.engine.support.hierarchical.NodeTestTask.lambda$executeRecursively$9(NodeTestTask.java:145)
	at org.junit.platform.engine.support.hierarchical.ThrowableCollector.execute(ThrowableCollector.java:73)
	at org.junit.platform.engine.support.hierarchical.NodeTestTask.executeRecursively(NodeTestTask.java:144)
	at org.junit.platform.engine.support.hierarchical.NodeTestTask.execute(NodeTestTask.java:101)
	at java.base/java.util.ArrayList.forEach(ArrayList.java:1596)
	at org.junit.platform.engine.support.hierarchical.SameThreadHierarchicalTestExecutorService.invokeAll(SameThreadHierarchicalTestExecutorService.java:41)
	at org.junit.platform.engine.support.hierarchical.NodeTestTask.lambda$executeRecursively$6(NodeTestTask.java:161)
	at org.junit.platform.engine.support.hierarchical.ThrowableCollector.execute(ThrowableCollector.java:73)
	at org.junit.platform.engine.support.hierarchical.NodeTestTask.lambda$executeRecursively$8(NodeTestTask.java:147)
	at org.junit.platform.engine.support.hierarchical.Node.around(Node.java:137)
	at org.junit.platform.engine.support.hierarchical.NodeTestTask.lambda$executeRecursively$9(NodeTestTask.java:145)
	at org.junit.platform.engine.support.hierarchical.ThrowableCollector.execute(ThrowableCollector.java:73)
	at org.junit.platform.engine.support.hierarchical.NodeTestTask.executeRecursively(NodeTestTask.java:144)
	at org.junit.platform.engine.support.hierarchical.NodeTestTask.execute(NodeTestTask.java:101)
	at org.junit.platform.engine.support.hierarchical.SameThreadHierarchicalTestExecutorService.submit(SameThreadHierarchicalTestExecutorService.java:35)
	at org.junit.platform.engine.support.hierarchical.HierarchicalTestExecutor.execute(HierarchicalTestExecutor.java:57)
	at org.junit.platform.engine.support.hierarchical.HierarchicalTestEngine.execute(HierarchicalTestEngine.java:54)
	at org.junit.platform.launcher.core.EngineExecutionOrchestrator.executeEngine(EngineExecutionOrchestrator.java:230)
	at org.junit.platform.launcher.core.EngineExecutionOrchestrator.failOrExecuteEngine(EngineExecutionOrchestrator.java:204)
	at org.junit.platform.launcher.core.EngineExecutionOrchestrator.execute(EngineExecutionOrchestrator.java:172)
	at org.junit.platform.launcher.core.EngineExecutionOrchestrator.execute(EngineExecutionOrchestrator.java:101)
	at org.junit.platform.launcher.core.EngineExecutionOrchestrator.lambda$execute$0(EngineExecutionOrchestrator.java:64)
	at org.junit.platform.launcher.core.EngineExecutionOrchestrator.withInterceptedStreams(EngineExecutionOrchestrator.java:150)
	at org.junit.platform.launcher.core.EngineExecutionOrchestrator.execute(EngineExecutionOrchestrator.java:63)
	at org.junit.platform.launcher.core.DefaultLauncher.execute(DefaultLauncher.java:109)
	at org.junit.platform.launcher.core.DefaultLauncher.execute(DefaultLauncher.java:91)
	at org.junit.platform.launcher.core.DelegatingLauncher.execute(DelegatingLauncher.java:47)
	at org.junit.platform.launcher.core.InterceptingLauncher.lambda$execute$1(InterceptingLauncher.java:39)
	at org.junit.platform.launcher.core.ClasspathAlignmentCheckingLauncherInterceptor.intercept(ClasspathAlignmentCheckingLauncherInterceptor.java:25)
	at org.junit.platform.launcher.core.InterceptingLauncher.execute(InterceptingLauncher.java:38)
	at org.junit.platform.launcher.core.DelegatingLauncher.execute(DelegatingLauncher.java:47)
	at org.apache.maven.surefire.junitplatform.LazyLauncher.execute(LazyLauncher.java:56)
	at org.apache.maven.surefire.junitplatform.JUnitPlatformProvider.execute(JUnitPlatformProvider.java:184)
	at org.apache.maven.surefire.junitplatform.JUnitPlatformProvider.invokeAllTests(JUnitPlatformProvider.java:148)
	at org.apache.maven.surefire.junitplatform.JUnitPlatformProvider.invoke(JUnitPlatformProvider.java:120)
	at org.apache.maven.surefire.booter.ForkedBooter.runSuitesInProcess(ForkedBooter.java:385)
	at org.apache.maven.surefire.booter.ForkedBooter.execute(ForkedBooter.java:162)
	at org.apache.maven.surefire.booter.ForkedBooter.run(ForkedBooter.java:507)
	at org.apache.maven.surefire.booter.ForkedBooter.main(ForkedBooter.java:495)
]]></system-out>
  </testcase>
  <testcase name="testConcurrentRebuildPrevention" classname="org.apache.hadoop.ozone.recon.tasks.TestNSSummaryUnifiedControl" time="0.044">
    <system-out><![CDATA[2025-09-05 05:34:51,299 [pool-3-thread-1] INFO  tasks.TestNSSummaryUnifiedControl (TestNSSummaryUnifiedControl.java:lambda$testConcurrentRebuildPrevention$1(249)) - Starting first rebuild
2025-09-05 05:34:51,300 [pool-3-thread-1] INFO  tasks.NSSummaryTask (NSSummaryTask.java:reprocess(214)) - Starting NSSummary tree reprocess with unified control...
2025-09-05 05:34:51,302 [pool-3-thread-2] INFO  tasks.TestNSSummaryUnifiedControl (TestNSSummaryUnifiedControl.java:lambda$testConcurrentRebuildPrevention$2(262)) - Attempting second rebuild
2025-09-05 05:34:51,302 [pool-3-thread-2] INFO  tasks.NSSummaryTask (NSSummaryTask.java:reprocess(205)) - NSSummary tree rebuild is already in progress, skipping duplicate request.
2025-09-05 05:34:51,303 [pool-3-thread-1] INFO  tasks.TestNSSummaryUnifiedControl (TestNSSummaryUnifiedControl.java:executeReprocess(161)) - Test NSSummary reprocess execution time: 2 milliseconds
2025-09-05 05:34:51,303 [pool-3-thread-1] INFO  tasks.TestNSSummaryUnifiedControl (TestNSSummaryUnifiedControl.java:executeReprocess(166)) - Test NSSummary tree reprocess completed successfully with unified control.
]]></system-out>
  </testcase>
  <testcase name="testRebuildAfterFailure" classname="org.apache.hadoop.ozone.recon.tasks.TestNSSummaryUnifiedControl" time="0.037">
    <system-out><![CDATA[2025-09-05 05:34:51,336 [main] INFO  tasks.NSSummaryTask (NSSummaryTask.java:reprocess(214)) - Starting NSSummary tree reprocess with unified control...
2025-09-05 05:34:51,336 [main] ERROR tasks.TestNSSummaryUnifiedControl (TestNSSummaryUnifiedControl.java:executeReprocess(123)) - Unable to clear NSSummary table in Recon DB. 
java.io.IOException: Test failure
	at org.apache.hadoop.ozone.recon.tasks.TestNSSummaryUnifiedControl$1.executeReprocess(TestNSSummaryUnifiedControl.java:121)
	at org.apache.hadoop.ozone.recon.tasks.NSSummaryTask.reprocess(NSSummaryTask.java:218)
	at org.apache.hadoop.ozone.recon.tasks.TestNSSummaryUnifiedControl.testRebuildAfterFailure(TestNSSummaryUnifiedControl.java:298)
	at java.base/jdk.internal.reflect.DirectMethodHandleAccessor.invoke(DirectMethodHandleAccessor.java:103)
	at java.base/java.lang.reflect.Method.invoke(Method.java:580)
	at org.junit.platform.commons.util.ReflectionUtils.invokeMethod(ReflectionUtils.java:787)
	at org.junit.platform.commons.support.ReflectionSupport.invokeMethod(ReflectionSupport.java:478)
	at org.junit.jupiter.engine.execution.MethodInvocation.proceed(MethodInvocation.java:60)
	at org.junit.jupiter.engine.execution.InvocationInterceptorChain$ValidatingInvocation.proceed(InvocationInterceptorChain.java:131)
	at org.junit.jupiter.engine.extension.SameThreadTimeoutInvocation.proceed(SameThreadTimeoutInvocation.java:49)
	at org.junit.jupiter.engine.extension.TimeoutExtension.intercept(TimeoutExtension.java:161)
	at org.junit.jupiter.engine.extension.TimeoutExtension.interceptTestableMethod(TimeoutExtension.java:152)
	at org.junit.jupiter.engine.extension.TimeoutExtension.interceptTestMethod(TimeoutExtension.java:91)
	at org.junit.jupiter.engine.execution.InterceptingExecutableInvoker$ReflectiveInterceptorCall.lambda$ofVoidMethod$0(InterceptingExecutableInvoker.java:112)
	at org.junit.jupiter.engine.execution.InterceptingExecutableInvoker.lambda$invoke$0(InterceptingExecutableInvoker.java:94)
	at org.junit.jupiter.engine.execution.InvocationInterceptorChain$InterceptedInvocation.proceed(InvocationInterceptorChain.java:106)
	at org.junit.jupiter.engine.execution.InvocationInterceptorChain.proceed(InvocationInterceptorChain.java:64)
	at org.junit.jupiter.engine.execution.InvocationInterceptorChain.chainAndInvoke(InvocationInterceptorChain.java:45)
	at org.junit.jupiter.engine.execution.InvocationInterceptorChain.invoke(InvocationInterceptorChain.java:37)
	at org.junit.jupiter.engine.execution.InterceptingExecutableInvoker.invoke(InterceptingExecutableInvoker.java:93)
	at org.junit.jupiter.engine.execution.InterceptingExecutableInvoker.invoke(InterceptingExecutableInvoker.java:87)
	at org.junit.jupiter.engine.descriptor.TestMethodTestDescriptor.lambda$invokeTestMethod$4(TestMethodTestDescriptor.java:221)
	at org.junit.platform.engine.support.hierarchical.ThrowableCollector.execute(ThrowableCollector.java:73)
	at org.junit.jupiter.engine.descriptor.TestMethodTestDescriptor.invokeTestMethod(TestMethodTestDescriptor.java:217)
	at org.junit.jupiter.engine.descriptor.TestMethodTestDescriptor.execute(TestMethodTestDescriptor.java:159)
	at org.junit.jupiter.engine.descriptor.TestMethodTestDescriptor.execute(TestMethodTestDescriptor.java:70)
	at org.junit.platform.engine.support.hierarchical.NodeTestTask.lambda$executeRecursively$6(NodeTestTask.java:157)
	at org.junit.platform.engine.support.hierarchical.ThrowableCollector.execute(ThrowableCollector.java:73)
	at org.junit.platform.engine.support.hierarchical.NodeTestTask.lambda$executeRecursively$8(NodeTestTask.java:147)
	at org.junit.platform.engine.support.hierarchical.Node.around(Node.java:137)
	at org.junit.platform.engine.support.hierarchical.NodeTestTask.lambda$executeRecursively$9(NodeTestTask.java:145)
	at org.junit.platform.engine.support.hierarchical.ThrowableCollector.execute(ThrowableCollector.java:73)
	at org.junit.platform.engine.support.hierarchical.NodeTestTask.executeRecursively(NodeTestTask.java:144)
	at org.junit.platform.engine.support.hierarchical.NodeTestTask.execute(NodeTestTask.java:101)
	at java.base/java.util.ArrayList.forEach(ArrayList.java:1596)
	at org.junit.platform.engine.support.hierarchical.SameThreadHierarchicalTestExecutorService.invokeAll(SameThreadHierarchicalTestExecutorService.java:41)
	at org.junit.platform.engine.support.hierarchical.NodeTestTask.lambda$executeRecursively$6(NodeTestTask.java:161)
	at org.junit.platform.engine.support.hierarchical.ThrowableCollector.execute(ThrowableCollector.java:73)
	at org.junit.platform.engine.support.hierarchical.NodeTestTask.lambda$executeRecursively$8(NodeTestTask.java:147)
	at org.junit.platform.engine.support.hierarchical.Node.around(Node.java:137)
	at org.junit.platform.engine.support.hierarchical.NodeTestTask.lambda$executeRecursively$9(NodeTestTask.java:145)
	at org.junit.platform.engine.support.hierarchical.ThrowableCollector.execute(ThrowableCollector.java:73)
	at org.junit.platform.engine.support.hierarchical.NodeTestTask.executeRecursively(NodeTestTask.java:144)
	at org.junit.platform.engine.support.hierarchical.NodeTestTask.execute(NodeTestTask.java:101)
	at java.base/java.util.ArrayList.forEach(ArrayList.java:1596)
	at org.junit.platform.engine.support.hierarchical.SameThreadHierarchicalTestExecutorService.invokeAll(SameThreadHierarchicalTestExecutorService.java:41)
	at org.junit.platform.engine.support.hierarchical.NodeTestTask.lambda$executeRecursively$6(NodeTestTask.java:161)
	at org.junit.platform.engine.support.hierarchical.ThrowableCollector.execute(ThrowableCollector.java:73)
	at org.junit.platform.engine.support.hierarchical.NodeTestTask.lambda$executeRecursively$8(NodeTestTask.java:147)
	at org.junit.platform.engine.support.hierarchical.Node.around(Node.java:137)
	at org.junit.platform.engine.support.hierarchical.NodeTestTask.lambda$executeRecursively$9(NodeTestTask.java:145)
	at org.junit.platform.engine.support.hierarchical.ThrowableCollector.execute(ThrowableCollector.java:73)
	at org.junit.platform.engine.support.hierarchical.NodeTestTask.executeRecursively(NodeTestTask.java:144)
	at org.junit.platform.engine.support.hierarchical.NodeTestTask.execute(NodeTestTask.java:101)
	at org.junit.platform.engine.support.hierarchical.SameThreadHierarchicalTestExecutorService.submit(SameThreadHierarchicalTestExecutorService.java:35)
	at org.junit.platform.engine.support.hierarchical.HierarchicalTestExecutor.execute(HierarchicalTestExecutor.java:57)
	at org.junit.platform.engine.support.hierarchical.HierarchicalTestEngine.execute(HierarchicalTestEngine.java:54)
	at org.junit.platform.launcher.core.EngineExecutionOrchestrator.executeEngine(EngineExecutionOrchestrator.java:230)
	at org.junit.platform.launcher.core.EngineExecutionOrchestrator.failOrExecuteEngine(EngineExecutionOrchestrator.java:204)
	at org.junit.platform.launcher.core.EngineExecutionOrchestrator.execute(EngineExecutionOrchestrator.java:172)
	at org.junit.platform.launcher.core.EngineExecutionOrchestrator.execute(EngineExecutionOrchestrator.java:101)
	at org.junit.platform.launcher.core.EngineExecutionOrchestrator.lambda$execute$0(EngineExecutionOrchestrator.java:64)
	at org.junit.platform.launcher.core.EngineExecutionOrchestrator.withInterceptedStreams(EngineExecutionOrchestrator.java:150)
	at org.junit.platform.launcher.core.EngineExecutionOrchestrator.execute(EngineExecutionOrchestrator.java:63)
	at org.junit.platform.launcher.core.DefaultLauncher.execute(DefaultLauncher.java:109)
	at org.junit.platform.launcher.core.DefaultLauncher.execute(DefaultLauncher.java:91)
	at org.junit.platform.launcher.core.DelegatingLauncher.execute(DelegatingLauncher.java:47)
	at org.junit.platform.launcher.core.InterceptingLauncher.lambda$execute$1(InterceptingLauncher.java:39)
	at org.junit.platform.launcher.core.ClasspathAlignmentCheckingLauncherInterceptor.intercept(ClasspathAlignmentCheckingLauncherInterceptor.java:25)
	at org.junit.platform.launcher.core.InterceptingLauncher.execute(InterceptingLauncher.java:38)
	at org.junit.platform.launcher.core.DelegatingLauncher.execute(DelegatingLauncher.java:47)
	at org.apache.maven.surefire.junitplatform.LazyLauncher.execute(LazyLauncher.java:56)
	at org.apache.maven.surefire.junitplatform.JUnitPlatformProvider.execute(JUnitPlatformProvider.java:184)
	at org.apache.maven.surefire.junitplatform.JUnitPlatformProvider.invokeAllTests(JUnitPlatformProvider.java:148)
	at org.apache.maven.surefire.junitplatform.JUnitPlatformProvider.invoke(JUnitPlatformProvider.java:120)
	at org.apache.maven.surefire.booter.ForkedBooter.runSuitesInProcess(ForkedBooter.java:385)
	at org.apache.maven.surefire.booter.ForkedBooter.execute(ForkedBooter.java:162)
	at org.apache.maven.surefire.booter.ForkedBooter.run(ForkedBooter.java:507)
	at org.apache.maven.surefire.booter.ForkedBooter.main(ForkedBooter.java:495)
2025-09-05 05:34:51,340 [main] INFO  tasks.NSSummaryTask (NSSummaryTask.java:reprocess(214)) - Starting NSSummary tree reprocess with unified control...
2025-09-05 05:34:51,342 [main] INFO  tasks.TestNSSummaryUnifiedControl (TestNSSummaryUnifiedControl.java:executeReprocess(161)) - Test NSSummary reprocess execution time: 0 milliseconds
2025-09-05 05:34:51,342 [main] INFO  tasks.TestNSSummaryUnifiedControl (TestNSSummaryUnifiedControl.java:executeReprocess(166)) - Test NSSummary tree reprocess completed successfully with unified control.
]]></system-out>
  </testcase>
  <testcase name="testInterruptedThreadHandling" classname="org.apache.hadoop.ozone.recon.tasks.TestNSSummaryUnifiedControl" time="0.025">
    <system-out><![CDATA[2025-09-05 05:34:51,366 [Thread-4] INFO  tasks.NSSummaryTask (NSSummaryTask.java:reprocess(214)) - Starting NSSummary tree reprocess with unified control...
2025-09-05 05:34:51,367 [Thread-4] ERROR tasks.NSSummaryTask (NSSummaryTask.java:reprocess(220)) - NSSummary reprocess failed with exception.
java.lang.RuntimeException: Interrupted
	at org.apache.hadoop.ozone.recon.tasks.TestNSSummaryUnifiedControl.lambda$testInterruptedThreadHandling$9(TestNSSummaryUnifiedControl.java:525)
	at org.mockito.internal.stubbing.StubbedInvocationMatcher.answer(StubbedInvocationMatcher.java:42)
	at org.mockito.internal.handler.MockHandlerImpl.handle(MockHandlerImpl.java:103)
	at org.mockito.internal.handler.NullResultGuardian.handle(NullResultGuardian.java:29)
	at org.mockito.internal.handler.InvocationNotifierHandler.handle(InvocationNotifierHandler.java:34)
	at org.mockito.internal.creation.bytebuddy.MockMethodInterceptor.doIntercept(MockMethodInterceptor.java:82)
	at org.mockito.internal.creation.bytebuddy.MockMethodInterceptor.doIntercept(MockMethodInterceptor.java:56)
	at org.mockito.internal.creation.bytebuddy.MockMethodInterceptor$DispatcherDefaultingToRealMethod.interceptAbstract(MockMethodInterceptor.java:161)
	at org.apache.hadoop.ozone.recon.spi.ReconNamespaceSummaryManager$MockitoMock$tqYJTnOQ.clearNSSummaryTable(Unknown Source)
	at org.apache.hadoop.ozone.recon.tasks.TestNSSummaryUnifiedControl$1.executeReprocess(TestNSSummaryUnifiedControl.java:121)
	at org.apache.hadoop.ozone.recon.tasks.NSSummaryTask.reprocess(NSSummaryTask.java:218)
	at org.apache.hadoop.ozone.recon.tasks.TestNSSummaryUnifiedControl.lambda$testInterruptedThreadHandling$10(TestNSSummaryUnifiedControl.java:532)
	at java.base/java.lang.Thread.run(Thread.java:1583)
Caused by: java.lang.InterruptedException: sleep interrupted
	at java.base/java.lang.Thread.sleep0(Native Method)
	at java.base/java.lang.Thread.sleep(Thread.java:509)
	at org.apache.hadoop.ozone.recon.tasks.TestNSSummaryUnifiedControl.lambda$testInterruptedThreadHandling$9(TestNSSummaryUnifiedControl.java:522)
	... 12 more
]]></system-out>
  </testcase>
  <testcase name="testInitialState" classname="org.apache.hadoop.ozone.recon.tasks.TestNSSummaryUnifiedControl" time="0.021"/>
  <testcase name="testStateTransitionsDuringExceptions" classname="org.apache.hadoop.ozone.recon.tasks.TestNSSummaryUnifiedControl" time="0.025">
    <system-out><![CDATA[2025-09-05 05:34:51,412 [main] INFO  tasks.NSSummaryTask (NSSummaryTask.java:reprocess(214)) - Starting NSSummary tree reprocess with unified control...
2025-09-05 05:34:51,413 [main] ERROR tasks.NSSummaryTask (NSSummaryTask.java:reprocess(220)) - NSSummary reprocess failed with exception.
java.lang.RuntimeException: Unexpected error
	at org.apache.hadoop.ozone.recon.tasks.TestNSSummaryUnifiedControl$1.executeReprocess(TestNSSummaryUnifiedControl.java:121)
	at org.apache.hadoop.ozone.recon.tasks.NSSummaryTask.reprocess(NSSummaryTask.java:218)
	at org.apache.hadoop.ozone.recon.tasks.TestNSSummaryUnifiedControl.testStateTransitionsDuringExceptions(TestNSSummaryUnifiedControl.java:494)
	at java.base/jdk.internal.reflect.DirectMethodHandleAccessor.invoke(DirectMethodHandleAccessor.java:103)
	at java.base/java.lang.reflect.Method.invoke(Method.java:580)
	at org.junit.platform.commons.util.ReflectionUtils.invokeMethod(ReflectionUtils.java:787)
	at org.junit.platform.commons.support.ReflectionSupport.invokeMethod(ReflectionSupport.java:478)
	at org.junit.jupiter.engine.execution.MethodInvocation.proceed(MethodInvocation.java:60)
	at org.junit.jupiter.engine.execution.InvocationInterceptorChain$ValidatingInvocation.proceed(InvocationInterceptorChain.java:131)
	at org.junit.jupiter.engine.extension.SameThreadTimeoutInvocation.proceed(SameThreadTimeoutInvocation.java:49)
	at org.junit.jupiter.engine.extension.TimeoutExtension.intercept(TimeoutExtension.java:161)
	at org.junit.jupiter.engine.extension.TimeoutExtension.interceptTestableMethod(TimeoutExtension.java:152)
	at org.junit.jupiter.engine.extension.TimeoutExtension.interceptTestMethod(TimeoutExtension.java:91)
	at org.junit.jupiter.engine.execution.InterceptingExecutableInvoker$ReflectiveInterceptorCall.lambda$ofVoidMethod$0(InterceptingExecutableInvoker.java:112)
	at org.junit.jupiter.engine.execution.InterceptingExecutableInvoker.lambda$invoke$0(InterceptingExecutableInvoker.java:94)
	at org.junit.jupiter.engine.execution.InvocationInterceptorChain$InterceptedInvocation.proceed(InvocationInterceptorChain.java:106)
	at org.junit.jupiter.engine.execution.InvocationInterceptorChain.proceed(InvocationInterceptorChain.java:64)
	at org.junit.jupiter.engine.execution.InvocationInterceptorChain.chainAndInvoke(InvocationInterceptorChain.java:45)
	at org.junit.jupiter.engine.execution.InvocationInterceptorChain.invoke(InvocationInterceptorChain.java:37)
	at org.junit.jupiter.engine.execution.InterceptingExecutableInvoker.invoke(InterceptingExecutableInvoker.java:93)
	at org.junit.jupiter.engine.execution.InterceptingExecutableInvoker.invoke(InterceptingExecutableInvoker.java:87)
	at org.junit.jupiter.engine.descriptor.TestMethodTestDescriptor.lambda$invokeTestMethod$4(TestMethodTestDescriptor.java:221)
	at org.junit.platform.engine.support.hierarchical.ThrowableCollector.execute(ThrowableCollector.java:73)
	at org.junit.jupiter.engine.descriptor.TestMethodTestDescriptor.invokeTestMethod(TestMethodTestDescriptor.java:217)
	at org.junit.jupiter.engine.descriptor.TestMethodTestDescriptor.execute(TestMethodTestDescriptor.java:159)
	at org.junit.jupiter.engine.descriptor.TestMethodTestDescriptor.execute(TestMethodTestDescriptor.java:70)
	at org.junit.platform.engine.support.hierarchical.NodeTestTask.lambda$executeRecursively$6(NodeTestTask.java:157)
	at org.junit.platform.engine.support.hierarchical.ThrowableCollector.execute(ThrowableCollector.java:73)
	at org.junit.platform.engine.support.hierarchical.NodeTestTask.lambda$executeRecursively$8(NodeTestTask.java:147)
	at org.junit.platform.engine.support.hierarchical.Node.around(Node.java:137)
	at org.junit.platform.engine.support.hierarchical.NodeTestTask.lambda$executeRecursively$9(NodeTestTask.java:145)
	at org.junit.platform.engine.support.hierarchical.ThrowableCollector.execute(ThrowableCollector.java:73)
	at org.junit.platform.engine.support.hierarchical.NodeTestTask.executeRecursively(NodeTestTask.java:144)
	at org.junit.platform.engine.support.hierarchical.NodeTestTask.execute(NodeTestTask.java:101)
	at java.base/java.util.ArrayList.forEach(ArrayList.java:1596)
	at org.junit.platform.engine.support.hierarchical.SameThreadHierarchicalTestExecutorService.invokeAll(SameThreadHierarchicalTestExecutorService.java:41)
	at org.junit.platform.engine.support.hierarchical.NodeTestTask.lambda$executeRecursively$6(NodeTestTask.java:161)
	at org.junit.platform.engine.support.hierarchical.ThrowableCollector.execute(ThrowableCollector.java:73)
	at org.junit.platform.engine.support.hierarchical.NodeTestTask.lambda$executeRecursively$8(NodeTestTask.java:147)
	at org.junit.platform.engine.support.hierarchical.Node.around(Node.java:137)
	at org.junit.platform.engine.support.hierarchical.NodeTestTask.lambda$executeRecursively$9(NodeTestTask.java:145)
	at org.junit.platform.engine.support.hierarchical.ThrowableCollector.execute(ThrowableCollector.java:73)
	at org.junit.platform.engine.support.hierarchical.NodeTestTask.executeRecursively(NodeTestTask.java:144)
	at org.junit.platform.engine.support.hierarchical.NodeTestTask.execute(NodeTestTask.java:101)
	at java.base/java.util.ArrayList.forEach(ArrayList.java:1596)
	at org.junit.platform.engine.support.hierarchical.SameThreadHierarchicalTestExecutorService.invokeAll(SameThreadHierarchicalTestExecutorService.java:41)
	at org.junit.platform.engine.support.hierarchical.NodeTestTask.lambda$executeRecursively$6(NodeTestTask.java:161)
	at org.junit.platform.engine.support.hierarchical.ThrowableCollector.execute(ThrowableCollector.java:73)
	at org.junit.platform.engine.support.hierarchical.NodeTestTask.lambda$executeRecursively$8(NodeTestTask.java:147)
	at org.junit.platform.engine.support.hierarchical.Node.around(Node.java:137)
	at org.junit.platform.engine.support.hierarchical.NodeTestTask.lambda$executeRecursively$9(NodeTestTask.java:145)
	at org.junit.platform.engine.support.hierarchical.ThrowableCollector.execute(ThrowableCollector.java:73)
	at org.junit.platform.engine.support.hierarchical.NodeTestTask.executeRecursively(NodeTestTask.java:144)
	at org.junit.platform.engine.support.hierarchical.NodeTestTask.execute(NodeTestTask.java:101)
	at org.junit.platform.engine.support.hierarchical.SameThreadHierarchicalTestExecutorService.submit(SameThreadHierarchicalTestExecutorService.java:35)
	at org.junit.platform.engine.support.hierarchical.HierarchicalTestExecutor.execute(HierarchicalTestExecutor.java:57)
	at org.junit.platform.engine.support.hierarchical.HierarchicalTestEngine.execute(HierarchicalTestEngine.java:54)
	at org.junit.platform.launcher.core.EngineExecutionOrchestrator.executeEngine(EngineExecutionOrchestrator.java:230)
	at org.junit.platform.launcher.core.EngineExecutionOrchestrator.failOrExecuteEngine(EngineExecutionOrchestrator.java:204)
	at org.junit.platform.launcher.core.EngineExecutionOrchestrator.execute(EngineExecutionOrchestrator.java:172)
	at org.junit.platform.launcher.core.EngineExecutionOrchestrator.execute(EngineExecutionOrchestrator.java:101)
	at org.junit.platform.launcher.core.EngineExecutionOrchestrator.lambda$execute$0(EngineExecutionOrchestrator.java:64)
	at org.junit.platform.launcher.core.EngineExecutionOrchestrator.withInterceptedStreams(EngineExecutionOrchestrator.java:150)
	at org.junit.platform.launcher.core.EngineExecutionOrchestrator.execute(EngineExecutionOrchestrator.java:63)
	at org.junit.platform.launcher.core.DefaultLauncher.execute(DefaultLauncher.java:109)
	at org.junit.platform.launcher.core.DefaultLauncher.execute(DefaultLauncher.java:91)
	at org.junit.platform.launcher.core.DelegatingLauncher.execute(DelegatingLauncher.java:47)
	at org.junit.platform.launcher.core.InterceptingLauncher.lambda$execute$1(InterceptingLauncher.java:39)
	at org.junit.platform.launcher.core.ClasspathAlignmentCheckingLauncherInterceptor.intercept(ClasspathAlignmentCheckingLauncherInterceptor.java:25)
	at org.junit.platform.launcher.core.InterceptingLauncher.execute(InterceptingLauncher.java:38)
	at org.junit.platform.launcher.core.DelegatingLauncher.execute(DelegatingLauncher.java:47)
	at org.apache.maven.surefire.junitplatform.LazyLauncher.execute(LazyLauncher.java:56)
	at org.apache.maven.surefire.junitplatform.JUnitPlatformProvider.execute(JUnitPlatformProvider.java:184)
	at org.apache.maven.surefire.junitplatform.JUnitPlatformProvider.invokeAllTests(JUnitPlatformProvider.java:148)
	at org.apache.maven.surefire.junitplatform.JUnitPlatformProvider.invoke(JUnitPlatformProvider.java:120)
	at org.apache.maven.surefire.booter.ForkedBooter.runSuitesInProcess(ForkedBooter.java:385)
	at org.apache.maven.surefire.booter.ForkedBooter.execute(ForkedBooter.java:162)
	at org.apache.maven.surefire.booter.ForkedBooter.run(ForkedBooter.java:507)
	at org.apache.maven.surefire.booter.ForkedBooter.main(ForkedBooter.java:495)
2025-09-05 05:34:51,415 [main] INFO  tasks.NSSummaryTask (NSSummaryTask.java:reprocess(214)) - Starting NSSummary tree reprocess with unified control...
2025-09-05 05:34:51,417 [main] INFO  tasks.TestNSSummaryUnifiedControl (TestNSSummaryUnifiedControl.java:executeReprocess(161)) - Test NSSummary reprocess execution time: 1 milliseconds
2025-09-05 05:34:51,417 [main] INFO  tasks.TestNSSummaryUnifiedControl (TestNSSummaryUnifiedControl.java:executeReprocess(166)) - Test NSSummary tree reprocess completed successfully with unified control.
]]></system-out>
  </testcase>
  <testcase name="testMultipleConcurrentAttempts" classname="org.apache.hadoop.ozone.recon.tasks.TestNSSummaryUnifiedControl" time="0.039">
    <failure message="clearNSSummaryTable should only be called once due to unified control ==&gt; expected: &lt;1&gt; but was: &lt;2&gt;" type="org.opentest4j.AssertionFailedError"><![CDATA[org.opentest4j.AssertionFailedError: clearNSSummaryTable should only be called once due to unified control ==> expected: <1> but was: <2>
	at org.junit.jupiter.api.AssertionFailureBuilder.build(AssertionFailureBuilder.java:151)
	at org.junit.jupiter.api.AssertionFailureBuilder.buildAndThrow(AssertionFailureBuilder.java:132)
	at org.junit.jupiter.api.AssertEquals.failNotEqual(AssertEquals.java:197)
	at org.junit.jupiter.api.AssertEquals.assertEquals(AssertEquals.java:150)
	at org.junit.jupiter.api.Assertions.assertEquals(Assertions.java:563)
	at org.apache.hadoop.ozone.recon.tasks.TestNSSummaryUnifiedControl.testMultipleConcurrentAttempts(TestNSSummaryUnifiedControl.java:380)
	at java.base/java.lang.reflect.Method.invoke(Method.java:580)
	at java.base/java.util.ArrayList.forEach(ArrayList.java:1596)
	at java.base/java.util.ArrayList.forEach(ArrayList.java:1596)
]]></failure>
    <system-out><![CDATA[2025-09-05 05:34:51,440 [pool-7-thread-1] INFO  tasks.TestNSSummaryUnifiedControl (TestNSSummaryUnifiedControl.java:lambda$testMultipleConcurrentAttempts$4(353)) - Thread 0 attempting rebuild, current state: IDLE
2025-09-05 05:34:51,440 [pool-7-thread-1] INFO  tasks.NSSummaryTask (NSSummaryTask.java:reprocess(214)) - Starting NSSummary tree reprocess with unified control...
2025-09-05 05:34:51,441 [pool-7-thread-1] INFO  tasks.TestNSSummaryUnifiedControl (TestNSSummaryUnifiedControl.java:lambda$testMultipleConcurrentAttempts$3(333)) - clearNSSummaryTable called #1, current state: RUNNING
2025-09-05 05:34:51,441 [pool-7-thread-3] INFO  tasks.TestNSSummaryUnifiedControl (TestNSSummaryUnifiedControl.java:lambda$testMultipleConcurrentAttempts$4(353)) - Thread 2 attempting rebuild, current state: RUNNING
2025-09-05 05:34:51,442 [pool-7-thread-3] INFO  tasks.NSSummaryTask (NSSummaryTask.java:reprocess(205)) - NSSummary tree rebuild is already in progress, skipping duplicate request.
2025-09-05 05:34:51,442 [pool-7-thread-3] INFO  tasks.TestNSSummaryUnifiedControl (TestNSSummaryUnifiedControl.java:lambda$testMultipleConcurrentAttempts$4(360)) - Thread 2 rebuild rejected (rejection #1)
2025-09-05 05:34:51,442 [pool-7-thread-4] INFO  tasks.TestNSSummaryUnifiedControl (TestNSSummaryUnifiedControl.java:lambda$testMultipleConcurrentAttempts$4(353)) - Thread 3 attempting rebuild, current state: RUNNING
2025-09-05 05:34:51,442 [pool-7-thread-4] INFO  tasks.NSSummaryTask (NSSummaryTask.java:reprocess(205)) - NSSummary tree rebuild is already in progress, skipping duplicate request.
2025-09-05 05:34:51,442 [pool-7-thread-4] INFO  tasks.TestNSSummaryUnifiedControl (TestNSSummaryUnifiedControl.java:lambda$testMultipleConcurrentAttempts$4(360)) - Thread 3 rebuild rejected (rejection #2)
2025-09-05 05:34:51,443 [pool-7-thread-5] INFO  tasks.TestNSSummaryUnifiedControl (TestNSSummaryUnifiedControl.java:lambda$testMultipleConcurrentAttempts$4(353)) - Thread 4 attempting rebuild, current state: RUNNING
2025-09-05 05:34:51,443 [pool-7-thread-5] INFO  tasks.NSSummaryTask (NSSummaryTask.java:reprocess(205)) - NSSummary tree rebuild is already in progress, skipping duplicate request.
2025-09-05 05:34:51,443 [pool-7-thread-5] INFO  tasks.TestNSSummaryUnifiedControl (TestNSSummaryUnifiedControl.java:lambda$testMultipleConcurrentAttempts$4(360)) - Thread 4 rebuild rejected (rejection #3)
2025-09-05 05:34:51,444 [pool-7-thread-1] INFO  tasks.TestNSSummaryUnifiedControl (TestNSSummaryUnifiedControl.java:executeReprocess(161)) - Test NSSummary reprocess execution time: 3 milliseconds
2025-09-05 05:34:51,444 [pool-7-thread-1] INFO  tasks.TestNSSummaryUnifiedControl (TestNSSummaryUnifiedControl.java:executeReprocess(166)) - Test NSSummary tree reprocess completed successfully with unified control.
2025-09-05 05:34:51,444 [pool-7-thread-1] INFO  tasks.TestNSSummaryUnifiedControl (TestNSSummaryUnifiedControl.java:lambda$testMultipleConcurrentAttempts$4(357)) - Thread 0 rebuild succeeded (success #1)
2025-09-05 05:34:51,442 [pool-7-thread-2] INFO  tasks.TestNSSummaryUnifiedControl (TestNSSummaryUnifiedControl.java:lambda$testMultipleConcurrentAttempts$4(353)) - Thread 1 attempting rebuild, current state: RUNNING
2025-09-05 05:34:51,446 [pool-7-thread-2] INFO  tasks.NSSummaryTask (NSSummaryTask.java:reprocess(214)) - Starting NSSummary tree reprocess with unified control...
2025-09-05 05:34:51,447 [pool-7-thread-2] INFO  tasks.TestNSSummaryUnifiedControl (TestNSSummaryUnifiedControl.java:lambda$testMultipleConcurrentAttempts$3(333)) - clearNSSummaryTable called #2, current state: RUNNING
2025-09-05 05:34:51,448 [pool-7-thread-2] INFO  tasks.TestNSSummaryUnifiedControl (TestNSSummaryUnifiedControl.java:executeReprocess(161)) - Test NSSummary reprocess execution time: 1 milliseconds
2025-09-05 05:34:51,449 [pool-7-thread-2] INFO  tasks.TestNSSummaryUnifiedControl (TestNSSummaryUnifiedControl.java:executeReprocess(166)) - Test NSSummary tree reprocess completed successfully with unified control.
2025-09-05 05:34:51,449 [pool-7-thread-2] INFO  tasks.TestNSSummaryUnifiedControl (TestNSSummaryUnifiedControl.java:lambda$testMultipleConcurrentAttempts$4(357)) - Thread 1 rebuild succeeded (success #2)
2025-09-05 05:34:51,450 [main] INFO  tasks.TestNSSummaryUnifiedControl (TestNSSummaryUnifiedControl.java:testMultipleConcurrentAttempts(376)) - Final counts - Success: 2, Rejected: 3, ClearTable calls: 2, Final state: IDLE
]]></system-out>
  </testcase>
  <testcase name="testReconUtilsRespectsUnifiedControl" classname="org.apache.hadoop.ozone.recon.tasks.TestNSSummaryUnifiedControl" time="0.039">
    <system-out><![CDATA[2025-09-05 05:34:51,488 [ForkJoinPool.commonPool-worker-1] INFO  tasks.NSSummaryTask (NSSummaryTask.java:reprocess(214)) - Starting NSSummary tree reprocess with unified control...
2025-09-05 05:34:51,501 [RebuildNSSummaryThread] INFO  recon.ReconUtils (ReconUtils.java:lambda$triggerAsyncNSSummaryRebuild$1(140)) - Async NSSummary tree rebuild completed successfully.
2025-09-05 05:34:51,502 [ForkJoinPool.commonPool-worker-1] INFO  tasks.TestNSSummaryUnifiedControl (TestNSSummaryUnifiedControl.java:executeReprocess(161)) - Test NSSummary reprocess execution time: 13 milliseconds
2025-09-05 05:34:51,503 [ForkJoinPool.commonPool-worker-1] INFO  tasks.TestNSSummaryUnifiedControl (TestNSSummaryUnifiedControl.java:executeReprocess(166)) - Test NSSummary tree reprocess completed successfully with unified control.
]]></system-out>
  </testcase>
  <testcase name="testReconUtilsIntegration" classname="org.apache.hadoop.ozone.recon.tasks.TestNSSummaryUnifiedControl" time="0.018">
    <system-out><![CDATA[2025-09-05 05:34:51,523 [ForkJoinPool.commonPool-worker-1] INFO  tasks.NSSummaryTask (NSSummaryTask.java:reprocess(214)) - Starting NSSummary tree reprocess with unified control...
2025-09-05 05:34:51,524 [ForkJoinPool.commonPool-worker-1] INFO  tasks.TestNSSummaryUnifiedControl (TestNSSummaryUnifiedControl.java:executeReprocess(161)) - Test NSSummary reprocess execution time: 1 milliseconds
2025-09-05 05:34:51,524 [ForkJoinPool.commonPool-worker-1] INFO  tasks.TestNSSummaryUnifiedControl (TestNSSummaryUnifiedControl.java:executeReprocess(166)) - Test NSSummary tree reprocess completed successfully with unified control.
]]></system-out>
  </testcase>
</testsuite>